<?xml version="1.0" encoding="UTF-8"?>
<testsuites name="broadcast" time="1236" tests="94" failures="2" errors="0">
   <testsuite name="broadcast" tests="94" failures="2" errors="0" time="1236" timestamp="2019-04-25 09:55:30" hostname="cloudkibo - 10.0.2.15" id="Test Suites/broadcast">
      <properties>
         <property name="deviceName" value=""/>
         <property name="devicePlatform" value=""/>
         <property name="logFolder" value="C:\\Users\\cloudkibo\\Desktop\\KiboPush_Automated_Testing\\KiboPush Katalon\\Reports\\broadcast\\20190425_094940"/>
         <property name="logFiles" value="C:\\Users\\cloudkibo\\Desktop\\KiboPush_Automated_Testing\\KiboPush Katalon\\Reports\\broadcast\\20190425_094940\\execution0.log"/>
         <property name="attachments" value="C:\\Users\\cloudkibo\\Desktop\\KiboPush_Automated_Testing\\KiboPush Katalon\\Reports\\broadcast\\20190425_094940\\1556169147229.png"/>
         <property name="hostName" value="cloudkibo - 10.0.2.15"/>
         <property name="os" value="Windows 10 64bit"/>
         <property name="katalonVersion" value="5.6.0.1"/>
         <property name="browser" value="Chrome 73.0.3683.103"/>
         <property name="hostAddress" value="10.0.2.15"/>
         <property name="sessionId" value="5417ead05141e38bb74cc1ca0dc70164"/>
         <property name="seleniumVersion" value="3.7.1"/>
         <property name="proxyInformation" value="ProxyInformation{proxyOption=NO_PROXY, proxyServerType=HTTP, password=, proxyServerAddress=, proxyServerPort=0}"/>
         <property name="platform" value="Windows 10"/>
      </properties>
      <testcase name="Test Cases/s-sidebar_navigation/individualAccount/arveen_production_login_kiboengage" classname="Test Cases/s-sidebar_navigation/individualAccount/arveen_production_login_kiboengage" status="PASSED">
         <system-out><![CDATA[2019-04-25 09:55:31 - [TEST_CASE][PASSED] - Test Cases/s-sidebar_navigation/individualAccount/arveen_production_login_kiboengage: Test Cases/s-sidebar_navigation/individualAccount/arveen_production_login_kiboengage

2019-04-25 09:55:32 - [TEST_STEP][PASSED] - openBrowser: Browser is opened with url: ''

2019-04-25 09:55:38 - [MESSAGE][PASSED] - Browser is opened with url: ''

2019-04-25 09:55:38 - [TEST_STEP][PASSED] - maximizeWindow: Current window maximized

2019-04-25 09:55:39 - [MESSAGE][PASSED] - Current window maximized

2019-04-25 09:55:39 - [TEST_STEP][PASSED] - navigateToUrl: Navigate to 'https://kiboengage.cloudkibo.com/' successfully

2019-04-25 09:55:59 - [MESSAGE][PASSED] - Navigate to 'https://kiboengage.cloudkibo.com/' successfully

2019-04-25 09:55:59 - [TEST_STEP][PASSED] - navigateToUrl: Navigate to 'https://accounts.cloudkibo.com/?continue=https://kiboengage.cloudkibo.com' successfully

2019-04-25 09:56:00 - [MESSAGE][PASSED] - Navigate to 'https://accounts.cloudkibo.com/?continue=https://kiboengage.cloudkibo.com' successfully

2019-04-25 09:56:00 - [TEST_STEP][PASSED] - click: Object: 'Object Repository/Page_CloudKibo/a_Login (2) (1) (1)' is clicked on

2019-04-25 09:56:01 - [MESSAGE][PASSED] - Object: 'Object Repository/Page_CloudKibo/a_Login (2) (1) (1)' is clicked on

2019-04-25 09:56:01 - [TEST_STEP][PASSED] - setText: Text 'individual@cloudkibo.com' is set on object 'Object Repository/Page_KiboPush/input_email (10) (1) (1)'

2019-04-25 09:56:01 - [MESSAGE][PASSED] - Text 'individual@cloudkibo.com' is set on object 'Object Repository/Page_KiboPush/input_email (10) (1) (1)'

2019-04-25 09:56:01 - [TEST_STEP][PASSED] - setEncryptedText: Text ****** has been set on object 'Object Repository/Page_CloudKibo/input_Sign In_password (7)'

2019-04-25 09:56:02 - [MESSAGE][PASSED] - Text ****** has been set on object 'Object Repository/Page_CloudKibo/input_Sign In_password (7)'

2019-04-25 09:56:02 - [TEST_STEP][PASSED] - click: Object: 'Object Repository/Page_KiboPush/button_Sign In (10) (1) (2)' is clicked on

2019-04-25 09:56:02 - [MESSAGE][PASSED] - Object: 'Object Repository/Page_KiboPush/button_Sign In (10) (1) (2)' is clicked on

2019-04-25 09:56:02 - [TEST_STEP][PASSED] - click: Object: 'Object Repository/Page_KiboPush  Dashboard/h3_Dashboard (57)' is clicked on

2019-04-25 09:56:41 - [MESSAGE][PASSED] - Object: 'Object Repository/Page_KiboPush  Dashboard/h3_Dashboard (57)' is clicked on

2019-04-25 09:56:41 - [TEST_STEP][PASSED] - delay: Delayed 3 second(s)

2019-04-25 09:56:45 - [MESSAGE][PASSED] - Delayed 3 second(s)

2019-04-25 09:56:45 - [TEST_STEP][PASSED] - click: Object: 'Object Repository/Page_KiboEngage  Dashboard/a_SMS (2) (1) (1) (1) (3)' is clicked on

2019-04-25 09:56:45 - [MESSAGE][PASSED] - Object: 'Object Repository/Page_KiboEngage  Dashboard/a_SMS (2) (1) (1) (1) (3)' is clicked on

2019-04-25 09:56:45 - [TEST_STEP][PASSED] - delay: Delayed 2 second(s)

2019-04-25 09:56:47 - [MESSAGE][PASSED] - Delayed 2 second(s)

2019-04-25 09:56:47 - [TEST_STEP][PASSED] - click: Object: 'Object Repository/Page_KiboEngage  Dashboard/span_Messenger (1) (1) (1) (3)' is clicked on

2019-04-25 09:56:47 - [MESSAGE][PASSED] - Object: 'Object Repository/Page_KiboEngage  Dashboard/span_Messenger (1) (1) (1) (3)' is clicked on

2019-04-25 09:56:47 - [TEST_STEP][PASSED] - delay: Delayed 2 second(s)

2019-04-25 09:56:49 - [MESSAGE][PASSED] - Delayed 2 second(s)]]></system-out>
         <system-err><![CDATA[]]></system-err>
      </testcase>
      <testcase name="Test Cases/Broadcasts/open_broadcast" classname="Test Cases/Broadcasts/open_broadcast" status="PASSED">
         <system-out><![CDATA[2019-04-25 09:56:49 - [TEST_CASE][PASSED] - Test Cases/Broadcasts/open_broadcast: Test Cases/Broadcasts/open_broadcast

2019-04-25 09:56:49 - [TEST_STEP][PASSED] - click: Object: 'Object Repository/Page_KiboPush  Dashboard/span_Broadcasting' is clicked on

2019-04-25 09:56:50 - [MESSAGE][PASSED] - Object: 'Object Repository/Page_KiboPush  Dashboard/span_Broadcasting' is clicked on

2019-04-25 09:56:50 - [TEST_STEP][PASSED] - delay: Delayed 2 second(s)

2019-04-25 09:56:52 - [MESSAGE][PASSED] - Delayed 2 second(s)]]></system-out>
         <system-err><![CDATA[]]></system-err>
      </testcase>
      <testcase name="Test Cases/Broadcasts/TC0106" classname="Test Cases/Broadcasts/TC0106" status="PASSED">
         <system-out><![CDATA[2019-04-25 09:56:52 - [TEST_CASE][PASSED] - Test Cases/Broadcasts/TC0106: Test Cases/Broadcasts/TC0106

2019-04-25 09:56:52 - [TEST_STEP][PASSED] - callTestCase: Call Test Case 'Test Cases/s-sidebar_navigation/TeamAccount/Broadcasts' successfully

2019-04-25 09:56:52 - [TEST_CASE][PASSED] - Test Cases/s-sidebar_navigation/TeamAccount/Broadcasts: Test Cases/s-sidebar_navigation/TeamAccount/Broadcasts

2019-04-25 09:56:52 - [TEST_STEP][PASSED] - callTestCase: Call Test Case 'Test Cases/s-sidebar_navigation/individualAccount/broadcast' successfully

2019-04-25 09:56:52 - [TEST_CASE][PASSED] - Test Cases/s-sidebar_navigation/individualAccount/broadcast: Test Cases/s-sidebar_navigation/individualAccount/broadcast

2019-04-25 09:56:53 - [TEST_STEP][PASSED] - click: Object: 'Object Repository/Page_KiboPush  Dashboard/span_Polls' is clicked on

2019-04-25 09:56:53 - [MESSAGE][PASSED] - Object: 'Object Repository/Page_KiboPush  Dashboard/span_Polls' is clicked on

2019-04-25 09:56:53 - [TEST_STEP][PASSED] - delay: Delayed 1 second(s)

2019-04-25 09:56:54 - [MESSAGE][PASSED] - Delayed 1 second(s)

2019-04-25 09:56:54 - [TEST_STEP][PASSED] - click: Object: 'Object Repository/Page_KiboPush  Dashboard/span_Broadcasts' is clicked on

2019-04-25 09:56:55 - [MESSAGE][PASSED] - Object: 'Object Repository/Page_KiboPush  Dashboard/span_Broadcasts' is clicked on

2019-04-25 09:56:55 - [TEST_STEP][PASSED] - delay: Delayed 1 second(s)

2019-04-25 09:56:56 - [MESSAGE][PASSED] - Delayed 1 second(s)

2019-04-25 09:56:56 - [TEST_STEP][PASSED] - scrollToPosition: Browser is scrolled to position x = 0, y = 0

2019-04-25 09:56:56 - [MESSAGE][PASSED] - Browser is scrolled to position x = 0, y = 0

2019-04-25 09:56:56 - [TEST_STEP][PASSED] - click: Object: 'Object Repository/Page_KiboPush  Broadcast/h3_Manage Broadcasts' is clicked on

2019-04-25 09:56:56 - [MESSAGE][PASSED] - Object: 'Object Repository/Page_KiboPush  Broadcast/h3_Manage Broadcasts' is clicked on

2019-04-25 09:56:56 - [MESSAGE][PASSED] - Call Test Case 'Test Cases/s-sidebar_navigation/individualAccount/broadcast' successfully

2019-04-25 09:56:56 - [MESSAGE][PASSED] - Call Test Case 'Test Cases/s-sidebar_navigation/TeamAccount/Broadcasts' successfully

2019-04-25 09:56:56 - [TEST_STEP][PASSED] - click: Object: 'Object Repository/Page_KiboPush  Broadcast/a_documentation' is clicked on

2019-04-25 09:56:56 - [MESSAGE][PASSED] - Object: 'Object Repository/Page_KiboPush  Broadcast/a_documentation' is clicked on]]></system-out>
         <system-err><![CDATA[]]></system-err>
      </testcase>
      <testcase name="Test Cases/Broadcasts/TC0107" classname="Test Cases/Broadcasts/TC0107" status="PASSED">
         <system-out><![CDATA[2019-04-25 09:56:56 - [TEST_CASE][PASSED] - Test Cases/Broadcasts/TC0107: Test Cases/Broadcasts/TC0107

2019-04-25 09:56:57 - [TEST_STEP][PASSED] - callTestCase: Call Test Case 'Test Cases/s-sidebar_navigation/TeamAccount/Broadcasts' successfully

2019-04-25 09:56:57 - [TEST_CASE][PASSED] - Test Cases/s-sidebar_navigation/TeamAccount/Broadcasts: Test Cases/s-sidebar_navigation/TeamAccount/Broadcasts

2019-04-25 09:56:57 - [TEST_STEP][PASSED] - callTestCase: Call Test Case 'Test Cases/s-sidebar_navigation/individualAccount/broadcast' successfully

2019-04-25 09:56:57 - [TEST_CASE][PASSED] - Test Cases/s-sidebar_navigation/individualAccount/broadcast: Test Cases/s-sidebar_navigation/individualAccount/broadcast

2019-04-25 09:56:57 - [TEST_STEP][PASSED] - click: Object: 'Object Repository/Page_KiboPush  Dashboard/span_Polls' is clicked on

2019-04-25 09:56:58 - [MESSAGE][PASSED] - Object: 'Object Repository/Page_KiboPush  Dashboard/span_Polls' is clicked on

2019-04-25 09:56:58 - [TEST_STEP][PASSED] - delay: Delayed 1 second(s)

2019-04-25 09:56:59 - [MESSAGE][PASSED] - Delayed 1 second(s)

2019-04-25 09:56:59 - [TEST_STEP][PASSED] - click: Object: 'Object Repository/Page_KiboPush  Dashboard/span_Broadcasts' is clicked on

2019-04-25 09:57:01 - [MESSAGE][PASSED] - Object: 'Object Repository/Page_KiboPush  Dashboard/span_Broadcasts' is clicked on

2019-04-25 09:57:01 - [TEST_STEP][PASSED] - delay: Delayed 1 second(s)

2019-04-25 09:57:02 - [MESSAGE][PASSED] - Delayed 1 second(s)

2019-04-25 09:57:02 - [TEST_STEP][PASSED] - scrollToPosition: Browser is scrolled to position x = 0, y = 0

2019-04-25 09:57:03 - [MESSAGE][PASSED] - Browser is scrolled to position x = 0, y = 0

2019-04-25 09:57:03 - [TEST_STEP][PASSED] - click: Object: 'Object Repository/Page_KiboPush  Broadcast/h3_Manage Broadcasts' is clicked on

2019-04-25 09:57:06 - [MESSAGE][PASSED] - Object: 'Object Repository/Page_KiboPush  Broadcast/h3_Manage Broadcasts' is clicked on

2019-04-25 09:57:06 - [MESSAGE][PASSED] - Call Test Case 'Test Cases/s-sidebar_navigation/individualAccount/broadcast' successfully

2019-04-25 09:57:06 - [MESSAGE][PASSED] - Call Test Case 'Test Cases/s-sidebar_navigation/TeamAccount/Broadcasts' successfully

2019-04-25 09:57:06 - [TEST_STEP][PASSED] - click: Object: 'Object Repository/Page_KiboPush  Broadcast/a_video tutorial (1)' is clicked on

2019-04-25 09:57:07 - [MESSAGE][PASSED] - Object: 'Object Repository/Page_KiboPush  Broadcast/a_video tutorial (1)' is clicked on]]></system-out>
         <system-err><![CDATA[]]></system-err>
      </testcase>
      <testcase name="Test Cases/Broadcasts/TC0108" classname="Test Cases/Broadcasts/TC0108" status="PASSED">
         <system-out><![CDATA[2019-04-25 09:57:07 - [TEST_CASE][PASSED] - Test Cases/Broadcasts/TC0108: Test Cases/Broadcasts/TC0108

2019-04-25 09:57:08 - [TEST_STEP][PASSED] - callTestCase: Call Test Case 'Test Cases/s-sidebar_navigation/TeamAccount/Broadcasts' successfully

2019-04-25 09:57:08 - [TEST_CASE][PASSED] - Test Cases/s-sidebar_navigation/TeamAccount/Broadcasts: Test Cases/s-sidebar_navigation/TeamAccount/Broadcasts

2019-04-25 09:57:08 - [TEST_STEP][PASSED] - callTestCase: Call Test Case 'Test Cases/s-sidebar_navigation/individualAccount/broadcast' successfully

2019-04-25 09:57:08 - [TEST_CASE][PASSED] - Test Cases/s-sidebar_navigation/individualAccount/broadcast: Test Cases/s-sidebar_navigation/individualAccount/broadcast

2019-04-25 09:57:08 - [TEST_STEP][PASSED] - click: Object: 'Object Repository/Page_KiboPush  Dashboard/span_Polls' is clicked on

2019-04-25 09:57:09 - [MESSAGE][PASSED] - Object: 'Object Repository/Page_KiboPush  Dashboard/span_Polls' is clicked on

2019-04-25 09:57:09 - [TEST_STEP][PASSED] - delay: Delayed 1 second(s)

2019-04-25 09:57:10 - [MESSAGE][PASSED] - Delayed 1 second(s)

2019-04-25 09:57:10 - [TEST_STEP][PASSED] - click: Object: 'Object Repository/Page_KiboPush  Dashboard/span_Broadcasts' is clicked on

2019-04-25 09:57:12 - [MESSAGE][PASSED] - Object: 'Object Repository/Page_KiboPush  Dashboard/span_Broadcasts' is clicked on

2019-04-25 09:57:12 - [TEST_STEP][PASSED] - delay: Delayed 1 second(s)

2019-04-25 09:57:13 - [MESSAGE][PASSED] - Delayed 1 second(s)

2019-04-25 09:57:13 - [TEST_STEP][PASSED] - scrollToPosition: Browser is scrolled to position x = 0, y = 0

2019-04-25 09:57:13 - [MESSAGE][PASSED] - Browser is scrolled to position x = 0, y = 0

2019-04-25 09:57:13 - [TEST_STEP][PASSED] - click: Object: 'Object Repository/Page_KiboPush  Broadcast/h3_Manage Broadcasts' is clicked on

2019-04-25 09:57:14 - [MESSAGE][PASSED] - Object: 'Object Repository/Page_KiboPush  Broadcast/h3_Manage Broadcasts' is clicked on

2019-04-25 09:57:14 - [MESSAGE][PASSED] - Call Test Case 'Test Cases/s-sidebar_navigation/individualAccount/broadcast' successfully

2019-04-25 09:57:14 - [MESSAGE][PASSED] - Call Test Case 'Test Cases/s-sidebar_navigation/TeamAccount/Broadcasts' successfully

2019-04-25 09:57:14 - [TEST_STEP][PASSED] - delay: Delayed 1 second(s)

2019-04-25 09:57:15 - [MESSAGE][PASSED] - Delayed 1 second(s)

2019-04-25 09:57:15 - [TEST_STEP][PASSED] - Statement - driver = com.kms.katalon.core.webui.driver.DriverFactory.getWebDriver(): null

2019-04-25 09:57:15 - [TEST_STEP][PASSED] - Statement - Table = driver.findElement(org.openqa.selenium.By.xpath("//table/tbody")): null

2019-04-25 09:57:15 - [TEST_STEP][PASSED] - Statement - rows_table = Table.findElements(org.openqa.selenium.By.tagName("tr")): null

2019-04-25 09:57:15 - [TEST_STEP][PASSED] - Statement - rows_count = rows_table.size(): null

2019-04-25 09:57:15 - [TEST_STEP][PASSED] - verifyGreaterThanOrEqual: Actual number '10' is greater than or equal to expected number '1'

2019-04-25 09:57:15 - [MESSAGE][PASSED] - Actual number '10' is greater than or equal to expected number '1']]></system-out>
         <system-err><![CDATA[]]></system-err>
      </testcase>
      <testcase name="Test Cases/Broadcasts/TC0109" classname="Test Cases/Broadcasts/TC0109" status="PASSED">
         <system-out><![CDATA[2019-04-25 09:57:15 - [TEST_CASE][PASSED] - Test Cases/Broadcasts/TC0109: Test Cases/Broadcasts/TC0109

2019-04-25 09:57:16 - [TEST_STEP][PASSED] - callTestCase: Call Test Case 'Test Cases/s-sidebar_navigation/TeamAccount/Broadcasts' successfully

2019-04-25 09:57:16 - [TEST_CASE][PASSED] - Test Cases/s-sidebar_navigation/TeamAccount/Broadcasts: Test Cases/s-sidebar_navigation/TeamAccount/Broadcasts

2019-04-25 09:57:16 - [TEST_STEP][PASSED] - callTestCase: Call Test Case 'Test Cases/s-sidebar_navigation/individualAccount/broadcast' successfully

2019-04-25 09:57:16 - [TEST_CASE][PASSED] - Test Cases/s-sidebar_navigation/individualAccount/broadcast: Test Cases/s-sidebar_navigation/individualAccount/broadcast

2019-04-25 09:57:16 - [TEST_STEP][PASSED] - click: Object: 'Object Repository/Page_KiboPush  Dashboard/span_Polls' is clicked on

2019-04-25 09:57:16 - [MESSAGE][PASSED] - Object: 'Object Repository/Page_KiboPush  Dashboard/span_Polls' is clicked on

2019-04-25 09:57:16 - [TEST_STEP][PASSED] - delay: Delayed 1 second(s)

2019-04-25 09:57:17 - [MESSAGE][PASSED] - Delayed 1 second(s)

2019-04-25 09:57:17 - [TEST_STEP][PASSED] - click: Object: 'Object Repository/Page_KiboPush  Dashboard/span_Broadcasts' is clicked on

2019-04-25 09:57:17 - [MESSAGE][PASSED] - Object: 'Object Repository/Page_KiboPush  Dashboard/span_Broadcasts' is clicked on

2019-04-25 09:57:17 - [TEST_STEP][PASSED] - delay: Delayed 1 second(s)

2019-04-25 09:57:18 - [MESSAGE][PASSED] - Delayed 1 second(s)

2019-04-25 09:57:18 - [TEST_STEP][PASSED] - scrollToPosition: Browser is scrolled to position x = 0, y = 0

2019-04-25 09:57:18 - [MESSAGE][PASSED] - Browser is scrolled to position x = 0, y = 0

2019-04-25 09:57:18 - [TEST_STEP][PASSED] - click: Object: 'Object Repository/Page_KiboPush  Broadcast/h3_Manage Broadcasts' is clicked on

2019-04-25 09:57:18 - [MESSAGE][PASSED] - Object: 'Object Repository/Page_KiboPush  Broadcast/h3_Manage Broadcasts' is clicked on

2019-04-25 09:57:18 - [MESSAGE][PASSED] - Call Test Case 'Test Cases/s-sidebar_navigation/individualAccount/broadcast' successfully

2019-04-25 09:57:18 - [MESSAGE][PASSED] - Call Test Case 'Test Cases/s-sidebar_navigation/TeamAccount/Broadcasts' successfully

2019-04-25 09:57:18 - [TEST_STEP][PASSED] - delay: Delayed 1 second(s)

2019-04-25 09:57:19 - [MESSAGE][PASSED] - Delayed 1 second(s)

2019-04-25 09:57:19 - [TEST_STEP][PASSED] - setText: Text 'TitleX' is set on object 'Object Repository/Page_KiboPush  Broadcast/input_form-control'

2019-04-25 09:57:20 - [MESSAGE][PASSED] - Text 'TitleX' is set on object 'Object Repository/Page_KiboPush  Broadcast/input_form-control'

2019-04-25 09:57:20 - [TEST_STEP][PASSED] - click: Object: 'Object Repository/Page_KiboPush  Broadcast/span_TitleX' is clicked on

2019-04-25 09:57:20 - [MESSAGE][PASSED] - Object: 'Object Repository/Page_KiboPush  Broadcast/span_TitleX' is clicked on]]></system-out>
         <system-err><![CDATA[]]></system-err>
      </testcase>
      <testcase name="Test Cases/Broadcasts/TC0110" classname="Test Cases/Broadcasts/TC0110" status="PASSED">
         <system-out><![CDATA[2019-04-25 09:57:20 - [TEST_CASE][PASSED] - Test Cases/Broadcasts/TC0110: Test Cases/Broadcasts/TC0110

2019-04-25 09:57:20 - [TEST_STEP][PASSED] - callTestCase: Call Test Case 'Test Cases/s-sidebar_navigation/TeamAccount/Broadcasts' successfully

2019-04-25 09:57:20 - [TEST_CASE][PASSED] - Test Cases/s-sidebar_navigation/TeamAccount/Broadcasts: Test Cases/s-sidebar_navigation/TeamAccount/Broadcasts

2019-04-25 09:57:20 - [TEST_STEP][PASSED] - callTestCase: Call Test Case 'Test Cases/s-sidebar_navigation/individualAccount/broadcast' successfully

2019-04-25 09:57:20 - [TEST_CASE][PASSED] - Test Cases/s-sidebar_navigation/individualAccount/broadcast: Test Cases/s-sidebar_navigation/individualAccount/broadcast

2019-04-25 09:57:20 - [TEST_STEP][PASSED] - click: Object: 'Object Repository/Page_KiboPush  Dashboard/span_Polls' is clicked on

2019-04-25 09:57:21 - [MESSAGE][PASSED] - Object: 'Object Repository/Page_KiboPush  Dashboard/span_Polls' is clicked on

2019-04-25 09:57:21 - [TEST_STEP][PASSED] - delay: Delayed 1 second(s)

2019-04-25 09:57:22 - [MESSAGE][PASSED] - Delayed 1 second(s)

2019-04-25 09:57:22 - [TEST_STEP][PASSED] - click: Object: 'Object Repository/Page_KiboPush  Dashboard/span_Broadcasts' is clicked on

2019-04-25 09:57:22 - [MESSAGE][PASSED] - Object: 'Object Repository/Page_KiboPush  Dashboard/span_Broadcasts' is clicked on

2019-04-25 09:57:22 - [TEST_STEP][PASSED] - delay: Delayed 1 second(s)

2019-04-25 09:57:23 - [MESSAGE][PASSED] - Delayed 1 second(s)

2019-04-25 09:57:23 - [TEST_STEP][PASSED] - scrollToPosition: Browser is scrolled to position x = 0, y = 0

2019-04-25 09:57:23 - [MESSAGE][PASSED] - Browser is scrolled to position x = 0, y = 0

2019-04-25 09:57:23 - [TEST_STEP][PASSED] - click: Object: 'Object Repository/Page_KiboPush  Broadcast/h3_Manage Broadcasts' is clicked on

2019-04-25 09:57:23 - [MESSAGE][PASSED] - Object: 'Object Repository/Page_KiboPush  Broadcast/h3_Manage Broadcasts' is clicked on

2019-04-25 09:57:23 - [MESSAGE][PASSED] - Call Test Case 'Test Cases/s-sidebar_navigation/individualAccount/broadcast' successfully

2019-04-25 09:57:23 - [MESSAGE][PASSED] - Call Test Case 'Test Cases/s-sidebar_navigation/TeamAccount/Broadcasts' successfully

2019-04-25 09:57:23 - [TEST_STEP][PASSED] - selectOptionByValue: All options with value 'image' are selected in object 'Object Repository/Page_KiboPush  Broadcast/select_Filter by type...textim'  using regular expression

2019-04-25 09:57:24 - [MESSAGE][PASSED] - All options with value 'image' are selected in object 'Object Repository/Page_KiboPush  Broadcast/select_Filter by type...textim'  using regular expression

2019-04-25 09:57:24 - [TEST_STEP][PASSED] - delay: Delayed 1 second(s)

2019-04-25 09:57:25 - [MESSAGE][PASSED] - Delayed 1 second(s)

2019-04-25 09:57:25 - [TEST_STEP][PASSED] - click: Object: 'Object Repository/Page_KiboPush  Broadcast/span_image' is clicked on

2019-04-25 09:57:25 - [MESSAGE][PASSED] - Object: 'Object Repository/Page_KiboPush  Broadcast/span_image' is clicked on]]></system-out>
         <system-err><![CDATA[]]></system-err>
      </testcase>
      <testcase name="Test Cases/Broadcasts/TC0111" classname="Test Cases/Broadcasts/TC0111" status="PASSED">
         <system-out><![CDATA[2019-04-25 09:57:25 - [TEST_CASE][PASSED] - Test Cases/Broadcasts/TC0111: Test Cases/Broadcasts/TC0111

2019-04-25 09:57:26 - [TEST_STEP][PASSED] - callTestCase: Call Test Case 'Test Cases/s-sidebar_navigation/TeamAccount/Broadcasts' successfully

2019-04-25 09:57:26 - [TEST_CASE][PASSED] - Test Cases/s-sidebar_navigation/TeamAccount/Broadcasts: Test Cases/s-sidebar_navigation/TeamAccount/Broadcasts

2019-04-25 09:57:26 - [TEST_STEP][PASSED] - callTestCase: Call Test Case 'Test Cases/s-sidebar_navigation/individualAccount/broadcast' successfully

2019-04-25 09:57:26 - [TEST_CASE][PASSED] - Test Cases/s-sidebar_navigation/individualAccount/broadcast: Test Cases/s-sidebar_navigation/individualAccount/broadcast

2019-04-25 09:57:26 - [TEST_STEP][PASSED] - click: Object: 'Object Repository/Page_KiboPush  Dashboard/span_Polls' is clicked on

2019-04-25 09:57:26 - [MESSAGE][PASSED] - Object: 'Object Repository/Page_KiboPush  Dashboard/span_Polls' is clicked on

2019-04-25 09:57:26 - [TEST_STEP][PASSED] - delay: Delayed 1 second(s)

2019-04-25 09:57:27 - [MESSAGE][PASSED] - Delayed 1 second(s)

2019-04-25 09:57:27 - [TEST_STEP][PASSED] - click: Object: 'Object Repository/Page_KiboPush  Dashboard/span_Broadcasts' is clicked on

2019-04-25 09:57:27 - [MESSAGE][PASSED] - Object: 'Object Repository/Page_KiboPush  Dashboard/span_Broadcasts' is clicked on

2019-04-25 09:57:27 - [TEST_STEP][PASSED] - delay: Delayed 1 second(s)

2019-04-25 09:57:28 - [MESSAGE][PASSED] - Delayed 1 second(s)

2019-04-25 09:57:28 - [TEST_STEP][PASSED] - scrollToPosition: Browser is scrolled to position x = 0, y = 0

2019-04-25 09:57:29 - [MESSAGE][PASSED] - Browser is scrolled to position x = 0, y = 0

2019-04-25 09:57:29 - [TEST_STEP][PASSED] - click: Object: 'Object Repository/Page_KiboPush  Broadcast/h3_Manage Broadcasts' is clicked on

2019-04-25 09:57:29 - [MESSAGE][PASSED] - Object: 'Object Repository/Page_KiboPush  Broadcast/h3_Manage Broadcasts' is clicked on

2019-04-25 09:57:29 - [MESSAGE][PASSED] - Call Test Case 'Test Cases/s-sidebar_navigation/individualAccount/broadcast' successfully

2019-04-25 09:57:29 - [MESSAGE][PASSED] - Call Test Case 'Test Cases/s-sidebar_navigation/TeamAccount/Broadcasts' successfully

2019-04-25 09:57:29 - [TEST_STEP][PASSED] - selectOptionByValue: All options with value 'text' are selected in object 'Object Repository/Page_KiboPush  Broadcast/select_Filter by type...textim'  using regular expression

2019-04-25 09:57:30 - [MESSAGE][PASSED] - All options with value 'text' are selected in object 'Object Repository/Page_KiboPush  Broadcast/select_Filter by type...textim'  using regular expression

2019-04-25 09:57:30 - [TEST_STEP][PASSED] - click: Object: 'Object Repository/Page_KiboPush  Broadcast/span_text' is clicked on

2019-04-25 09:57:30 - [MESSAGE][PASSED] - Object: 'Object Repository/Page_KiboPush  Broadcast/span_text' is clicked on]]></system-out>
         <system-err><![CDATA[]]></system-err>
      </testcase>
      <testcase name="Test Cases/Broadcasts/TC0112" classname="Test Cases/Broadcasts/TC0112" status="PASSED">
         <system-out><![CDATA[2019-04-25 09:57:30 - [TEST_CASE][PASSED] - Test Cases/Broadcasts/TC0112: Test Cases/Broadcasts/TC0112

2019-04-25 09:57:30 - [TEST_STEP][PASSED] - callTestCase: Call Test Case 'Test Cases/s-sidebar_navigation/TeamAccount/Broadcasts' successfully

2019-04-25 09:57:30 - [TEST_CASE][PASSED] - Test Cases/s-sidebar_navigation/TeamAccount/Broadcasts: Test Cases/s-sidebar_navigation/TeamAccount/Broadcasts

2019-04-25 09:57:30 - [TEST_STEP][PASSED] - callTestCase: Call Test Case 'Test Cases/s-sidebar_navigation/individualAccount/broadcast' successfully

2019-04-25 09:57:30 - [TEST_CASE][PASSED] - Test Cases/s-sidebar_navigation/individualAccount/broadcast: Test Cases/s-sidebar_navigation/individualAccount/broadcast

2019-04-25 09:57:30 - [TEST_STEP][PASSED] - click: Object: 'Object Repository/Page_KiboPush  Dashboard/span_Polls' is clicked on

2019-04-25 09:57:31 - [MESSAGE][PASSED] - Object: 'Object Repository/Page_KiboPush  Dashboard/span_Polls' is clicked on

2019-04-25 09:57:31 - [TEST_STEP][PASSED] - delay: Delayed 1 second(s)

2019-04-25 09:57:32 - [MESSAGE][PASSED] - Delayed 1 second(s)

2019-04-25 09:57:32 - [TEST_STEP][PASSED] - click: Object: 'Object Repository/Page_KiboPush  Dashboard/span_Broadcasts' is clicked on

2019-04-25 09:57:33 - [MESSAGE][PASSED] - Object: 'Object Repository/Page_KiboPush  Dashboard/span_Broadcasts' is clicked on

2019-04-25 09:57:33 - [TEST_STEP][PASSED] - delay: Delayed 1 second(s)

2019-04-25 09:57:34 - [MESSAGE][PASSED] - Delayed 1 second(s)

2019-04-25 09:57:34 - [TEST_STEP][PASSED] - scrollToPosition: Browser is scrolled to position x = 0, y = 0

2019-04-25 09:57:34 - [MESSAGE][PASSED] - Browser is scrolled to position x = 0, y = 0

2019-04-25 09:57:34 - [TEST_STEP][PASSED] - click: Object: 'Object Repository/Page_KiboPush  Broadcast/h3_Manage Broadcasts' is clicked on

2019-04-25 09:57:34 - [MESSAGE][PASSED] - Object: 'Object Repository/Page_KiboPush  Broadcast/h3_Manage Broadcasts' is clicked on

2019-04-25 09:57:34 - [MESSAGE][PASSED] - Call Test Case 'Test Cases/s-sidebar_navigation/individualAccount/broadcast' successfully

2019-04-25 09:57:34 - [MESSAGE][PASSED] - Call Test Case 'Test Cases/s-sidebar_navigation/TeamAccount/Broadcasts' successfully

2019-04-25 09:57:34 - [TEST_STEP][PASSED] - selectOptionByValue: All options with value 'card' are selected in object 'Object Repository/Page_KiboPush  Broadcast/select_Filter by type...textim'  using regular expression

2019-04-25 09:57:34 - [MESSAGE][PASSED] - All options with value 'card' are selected in object 'Object Repository/Page_KiboPush  Broadcast/select_Filter by type...textim'  using regular expression

2019-04-25 09:57:34 - [TEST_STEP][PASSED] - delay: Delayed 1 second(s)

2019-04-25 09:57:35 - [MESSAGE][PASSED] - Delayed 1 second(s)

2019-04-25 09:57:35 - [TEST_STEP][PASSED] - click: Object: 'Object Repository/Page_KiboPush  Broadcast/span_card' is clicked on

2019-04-25 09:57:36 - [MESSAGE][PASSED] - Object: 'Object Repository/Page_KiboPush  Broadcast/span_card' is clicked on]]></system-out>
         <system-err><![CDATA[]]></system-err>
      </testcase>
      <testcase name="Test Cases/Broadcasts/TC0113" classname="Test Cases/Broadcasts/TC0113" status="PASSED">
         <system-out><![CDATA[2019-04-25 09:57:36 - [TEST_CASE][PASSED] - Test Cases/Broadcasts/TC0113: Test Cases/Broadcasts/TC0113

2019-04-25 09:57:36 - [TEST_STEP][PASSED] - callTestCase: Call Test Case 'Test Cases/s-sidebar_navigation/TeamAccount/Broadcasts' successfully

2019-04-25 09:57:36 - [TEST_CASE][PASSED] - Test Cases/s-sidebar_navigation/TeamAccount/Broadcasts: Test Cases/s-sidebar_navigation/TeamAccount/Broadcasts

2019-04-25 09:57:36 - [TEST_STEP][PASSED] - callTestCase: Call Test Case 'Test Cases/s-sidebar_navigation/individualAccount/broadcast' successfully

2019-04-25 09:57:36 - [TEST_CASE][PASSED] - Test Cases/s-sidebar_navigation/individualAccount/broadcast: Test Cases/s-sidebar_navigation/individualAccount/broadcast

2019-04-25 09:57:36 - [TEST_STEP][PASSED] - click: Object: 'Object Repository/Page_KiboPush  Dashboard/span_Polls' is clicked on

2019-04-25 09:57:36 - [MESSAGE][PASSED] - Object: 'Object Repository/Page_KiboPush  Dashboard/span_Polls' is clicked on

2019-04-25 09:57:36 - [TEST_STEP][PASSED] - delay: Delayed 1 second(s)

2019-04-25 09:57:37 - [MESSAGE][PASSED] - Delayed 1 second(s)

2019-04-25 09:57:37 - [TEST_STEP][PASSED] - click: Object: 'Object Repository/Page_KiboPush  Dashboard/span_Broadcasts' is clicked on

2019-04-25 09:57:37 - [MESSAGE][PASSED] - Object: 'Object Repository/Page_KiboPush  Dashboard/span_Broadcasts' is clicked on

2019-04-25 09:57:37 - [TEST_STEP][PASSED] - delay: Delayed 1 second(s)

2019-04-25 09:57:38 - [MESSAGE][PASSED] - Delayed 1 second(s)

2019-04-25 09:57:38 - [TEST_STEP][PASSED] - scrollToPosition: Browser is scrolled to position x = 0, y = 0

2019-04-25 09:57:38 - [MESSAGE][PASSED] - Browser is scrolled to position x = 0, y = 0

2019-04-25 09:57:38 - [TEST_STEP][PASSED] - click: Object: 'Object Repository/Page_KiboPush  Broadcast/h3_Manage Broadcasts' is clicked on

2019-04-25 09:57:39 - [MESSAGE][PASSED] - Object: 'Object Repository/Page_KiboPush  Broadcast/h3_Manage Broadcasts' is clicked on

2019-04-25 09:57:39 - [MESSAGE][PASSED] - Call Test Case 'Test Cases/s-sidebar_navigation/individualAccount/broadcast' successfully

2019-04-25 09:57:39 - [MESSAGE][PASSED] - Call Test Case 'Test Cases/s-sidebar_navigation/TeamAccount/Broadcasts' successfully

2019-04-25 09:57:39 - [TEST_STEP][PASSED] - selectOptionByValue: All options with value 'gallery' are selected in object 'Object Repository/Page_KiboPush  Broadcast/select_Filter by type...textim (4)'  using regular expression

2019-04-25 09:57:42 - [MESSAGE][PASSED] - All options with value 'gallery' are selected in object 'Object Repository/Page_KiboPush  Broadcast/select_Filter by type...textim (4)'  using regular expression

2019-04-25 09:57:42 - [TEST_STEP][PASSED] - click: Object: 'Object Repository/Page_KiboPush  Broadcast/span_gallery' is clicked on

2019-04-25 09:57:42 - [MESSAGE][PASSED] - Object: 'Object Repository/Page_KiboPush  Broadcast/span_gallery' is clicked on]]></system-out>
         <system-err><![CDATA[]]></system-err>
      </testcase>
      <testcase name="Test Cases/Broadcasts/TC0114" classname="Test Cases/Broadcasts/TC0114" status="PASSED">
         <system-out><![CDATA[2019-04-25 09:57:42 - [TEST_CASE][PASSED] - Test Cases/Broadcasts/TC0114: Test Cases/Broadcasts/TC0114

2019-04-25 09:57:42 - [TEST_STEP][PASSED] - callTestCase: Call Test Case 'Test Cases/s-sidebar_navigation/TeamAccount/Broadcasts' successfully

2019-04-25 09:57:42 - [TEST_CASE][PASSED] - Test Cases/s-sidebar_navigation/TeamAccount/Broadcasts: Test Cases/s-sidebar_navigation/TeamAccount/Broadcasts

2019-04-25 09:57:42 - [TEST_STEP][PASSED] - callTestCase: Call Test Case 'Test Cases/s-sidebar_navigation/individualAccount/broadcast' successfully

2019-04-25 09:57:42 - [TEST_CASE][PASSED] - Test Cases/s-sidebar_navigation/individualAccount/broadcast: Test Cases/s-sidebar_navigation/individualAccount/broadcast

2019-04-25 09:57:42 - [TEST_STEP][PASSED] - click: Object: 'Object Repository/Page_KiboPush  Dashboard/span_Polls' is clicked on

2019-04-25 09:57:42 - [MESSAGE][PASSED] - Object: 'Object Repository/Page_KiboPush  Dashboard/span_Polls' is clicked on

2019-04-25 09:57:42 - [TEST_STEP][PASSED] - delay: Delayed 1 second(s)

2019-04-25 09:57:43 - [MESSAGE][PASSED] - Delayed 1 second(s)

2019-04-25 09:57:43 - [TEST_STEP][PASSED] - click: Object: 'Object Repository/Page_KiboPush  Dashboard/span_Broadcasts' is clicked on

2019-04-25 09:57:44 - [MESSAGE][PASSED] - Object: 'Object Repository/Page_KiboPush  Dashboard/span_Broadcasts' is clicked on

2019-04-25 09:57:44 - [TEST_STEP][PASSED] - delay: Delayed 1 second(s)

2019-04-25 09:57:45 - [MESSAGE][PASSED] - Delayed 1 second(s)

2019-04-25 09:57:45 - [TEST_STEP][PASSED] - scrollToPosition: Browser is scrolled to position x = 0, y = 0

2019-04-25 09:57:45 - [MESSAGE][PASSED] - Browser is scrolled to position x = 0, y = 0

2019-04-25 09:57:45 - [TEST_STEP][PASSED] - click: Object: 'Object Repository/Page_KiboPush  Broadcast/h3_Manage Broadcasts' is clicked on

2019-04-25 09:57:45 - [MESSAGE][PASSED] - Object: 'Object Repository/Page_KiboPush  Broadcast/h3_Manage Broadcasts' is clicked on

2019-04-25 09:57:45 - [MESSAGE][PASSED] - Call Test Case 'Test Cases/s-sidebar_navigation/individualAccount/broadcast' successfully

2019-04-25 09:57:45 - [MESSAGE][PASSED] - Call Test Case 'Test Cases/s-sidebar_navigation/TeamAccount/Broadcasts' successfully

2019-04-25 09:57:45 - [TEST_STEP][PASSED] - selectOptionByValue: All options with value 'audio' are selected in object 'Object Repository/Page_KiboPush  Broadcast/select_Filter by type...textim'  using regular expression

2019-04-25 09:57:45 - [MESSAGE][PASSED] - All options with value 'audio' are selected in object 'Object Repository/Page_KiboPush  Broadcast/select_Filter by type...textim'  using regular expression

2019-04-25 09:57:45 - [TEST_STEP][PASSED] - click: Object: 'Object Repository/Page_KiboPush  Broadcast/span_audio' is clicked on

2019-04-25 09:57:45 - [MESSAGE][PASSED] - Object: 'Object Repository/Page_KiboPush  Broadcast/span_audio' is clicked on]]></system-out>
         <system-err><![CDATA[]]></system-err>
      </testcase>
      <testcase name="Test Cases/Broadcasts/TC0115" classname="Test Cases/Broadcasts/TC0115" status="PASSED">
         <system-out><![CDATA[2019-04-25 09:57:45 - [TEST_CASE][PASSED] - Test Cases/Broadcasts/TC0115: Test Cases/Broadcasts/TC0115

2019-04-25 09:57:46 - [TEST_STEP][PASSED] - callTestCase: Call Test Case 'Test Cases/s-sidebar_navigation/TeamAccount/Broadcasts' successfully

2019-04-25 09:57:46 - [TEST_CASE][PASSED] - Test Cases/s-sidebar_navigation/TeamAccount/Broadcasts: Test Cases/s-sidebar_navigation/TeamAccount/Broadcasts

2019-04-25 09:57:46 - [TEST_STEP][PASSED] - callTestCase: Call Test Case 'Test Cases/s-sidebar_navigation/individualAccount/broadcast' successfully

2019-04-25 09:57:46 - [TEST_CASE][PASSED] - Test Cases/s-sidebar_navigation/individualAccount/broadcast: Test Cases/s-sidebar_navigation/individualAccount/broadcast

2019-04-25 09:57:46 - [TEST_STEP][PASSED] - click: Object: 'Object Repository/Page_KiboPush  Dashboard/span_Polls' is clicked on

2019-04-25 09:57:46 - [MESSAGE][PASSED] - Object: 'Object Repository/Page_KiboPush  Dashboard/span_Polls' is clicked on

2019-04-25 09:57:46 - [TEST_STEP][PASSED] - delay: Delayed 1 second(s)

2019-04-25 09:57:47 - [MESSAGE][PASSED] - Delayed 1 second(s)

2019-04-25 09:57:47 - [TEST_STEP][PASSED] - click: Object: 'Object Repository/Page_KiboPush  Dashboard/span_Broadcasts' is clicked on

2019-04-25 09:57:47 - [MESSAGE][PASSED] - Object: 'Object Repository/Page_KiboPush  Dashboard/span_Broadcasts' is clicked on

2019-04-25 09:57:47 - [TEST_STEP][PASSED] - delay: Delayed 1 second(s)

2019-04-25 09:57:48 - [MESSAGE][PASSED] - Delayed 1 second(s)

2019-04-25 09:57:48 - [TEST_STEP][PASSED] - scrollToPosition: Browser is scrolled to position x = 0, y = 0

2019-04-25 09:57:49 - [MESSAGE][PASSED] - Browser is scrolled to position x = 0, y = 0

2019-04-25 09:57:49 - [TEST_STEP][PASSED] - click: Object: 'Object Repository/Page_KiboPush  Broadcast/h3_Manage Broadcasts' is clicked on

2019-04-25 09:57:51 - [MESSAGE][PASSED] - Object: 'Object Repository/Page_KiboPush  Broadcast/h3_Manage Broadcasts' is clicked on

2019-04-25 09:57:51 - [MESSAGE][PASSED] - Call Test Case 'Test Cases/s-sidebar_navigation/individualAccount/broadcast' successfully

2019-04-25 09:57:51 - [MESSAGE][PASSED] - Call Test Case 'Test Cases/s-sidebar_navigation/TeamAccount/Broadcasts' successfully

2019-04-25 09:57:51 - [TEST_STEP][PASSED] - selectOptionByValue: All options with value 'video' are selected in object 'Object Repository/Page_KiboPush  Broadcast/select_Filter by type...textim (1)'  using regular expression

2019-04-25 09:57:51 - [MESSAGE][PASSED] - All options with value 'video' are selected in object 'Object Repository/Page_KiboPush  Broadcast/select_Filter by type...textim (1)'  using regular expression

2019-04-25 09:57:51 - [TEST_STEP][PASSED] - click: Object: 'Object Repository/Page_KiboPush  Broadcast/span_video' is clicked on

2019-04-25 09:57:53 - [MESSAGE][PASSED] - Object: 'Object Repository/Page_KiboPush  Broadcast/span_video' is clicked on]]></system-out>
         <system-err><![CDATA[]]></system-err>
      </testcase>
      <testcase name="Test Cases/Broadcasts/TC0116" classname="Test Cases/Broadcasts/TC0116" status="PASSED">
         <system-out><![CDATA[2019-04-25 09:57:53 - [TEST_CASE][PASSED] - Test Cases/Broadcasts/TC0116: Test Cases/Broadcasts/TC0116

2019-04-25 09:57:53 - [TEST_STEP][PASSED] - callTestCase: Call Test Case 'Test Cases/s-sidebar_navigation/TeamAccount/Broadcasts' successfully

2019-04-25 09:57:53 - [TEST_CASE][PASSED] - Test Cases/s-sidebar_navigation/TeamAccount/Broadcasts: Test Cases/s-sidebar_navigation/TeamAccount/Broadcasts

2019-04-25 09:57:53 - [TEST_STEP][PASSED] - callTestCase: Call Test Case 'Test Cases/s-sidebar_navigation/individualAccount/broadcast' successfully

2019-04-25 09:57:53 - [TEST_CASE][PASSED] - Test Cases/s-sidebar_navigation/individualAccount/broadcast: Test Cases/s-sidebar_navigation/individualAccount/broadcast

2019-04-25 09:57:53 - [TEST_STEP][PASSED] - click: Object: 'Object Repository/Page_KiboPush  Dashboard/span_Polls' is clicked on

2019-04-25 09:57:53 - [MESSAGE][PASSED] - Object: 'Object Repository/Page_KiboPush  Dashboard/span_Polls' is clicked on

2019-04-25 09:57:53 - [TEST_STEP][PASSED] - delay: Delayed 1 second(s)

2019-04-25 09:57:54 - [MESSAGE][PASSED] - Delayed 1 second(s)

2019-04-25 09:57:54 - [TEST_STEP][PASSED] - click: Object: 'Object Repository/Page_KiboPush  Dashboard/span_Broadcasts' is clicked on

2019-04-25 09:57:55 - [MESSAGE][PASSED] - Object: 'Object Repository/Page_KiboPush  Dashboard/span_Broadcasts' is clicked on

2019-04-25 09:57:55 - [TEST_STEP][PASSED] - delay: Delayed 1 second(s)

2019-04-25 09:57:56 - [MESSAGE][PASSED] - Delayed 1 second(s)

2019-04-25 09:57:56 - [TEST_STEP][PASSED] - scrollToPosition: Browser is scrolled to position x = 0, y = 0

2019-04-25 09:57:56 - [MESSAGE][PASSED] - Browser is scrolled to position x = 0, y = 0

2019-04-25 09:57:56 - [TEST_STEP][PASSED] - click: Object: 'Object Repository/Page_KiboPush  Broadcast/h3_Manage Broadcasts' is clicked on

2019-04-25 09:57:56 - [MESSAGE][PASSED] - Object: 'Object Repository/Page_KiboPush  Broadcast/h3_Manage Broadcasts' is clicked on

2019-04-25 09:57:56 - [MESSAGE][PASSED] - Call Test Case 'Test Cases/s-sidebar_navigation/individualAccount/broadcast' successfully

2019-04-25 09:57:56 - [MESSAGE][PASSED] - Call Test Case 'Test Cases/s-sidebar_navigation/TeamAccount/Broadcasts' successfully

2019-04-25 09:57:56 - [TEST_STEP][PASSED] - selectOptionByValue: All options with value 'file' are selected in object 'Object Repository/Page_KiboPush  Broadcast/select_Filter by type...textim (5)'  using regular expression

2019-04-25 09:57:56 - [MESSAGE][PASSED] - All options with value 'file' are selected in object 'Object Repository/Page_KiboPush  Broadcast/select_Filter by type...textim (5)'  using regular expression

2019-04-25 09:57:56 - [TEST_STEP][PASSED] - click: Object: 'Object Repository/Page_KiboPush  Broadcast/span_file' is clicked on

2019-04-25 09:57:57 - [MESSAGE][PASSED] - Object: 'Object Repository/Page_KiboPush  Broadcast/span_file' is clicked on]]></system-out>
         <system-err><![CDATA[]]></system-err>
      </testcase>
      <testcase name="Test Cases/Broadcasts/TC0117" classname="Test Cases/Broadcasts/TC0117" status="PASSED">
         <system-out><![CDATA[2019-04-25 09:57:57 - [TEST_CASE][PASSED] - Test Cases/Broadcasts/TC0117: Test Cases/Broadcasts/TC0117

2019-04-25 09:57:57 - [TEST_STEP][PASSED] - callTestCase: Call Test Case 'Test Cases/s-sidebar_navigation/TeamAccount/Broadcasts' successfully

2019-04-25 09:57:58 - [TEST_CASE][PASSED] - Test Cases/s-sidebar_navigation/TeamAccount/Broadcasts: Test Cases/s-sidebar_navigation/TeamAccount/Broadcasts

2019-04-25 09:57:58 - [TEST_STEP][PASSED] - callTestCase: Call Test Case 'Test Cases/s-sidebar_navigation/individualAccount/broadcast' successfully

2019-04-25 09:57:58 - [TEST_CASE][PASSED] - Test Cases/s-sidebar_navigation/individualAccount/broadcast: Test Cases/s-sidebar_navigation/individualAccount/broadcast

2019-04-25 09:57:58 - [TEST_STEP][PASSED] - click: Object: 'Object Repository/Page_KiboPush  Dashboard/span_Polls' is clicked on

2019-04-25 09:57:58 - [MESSAGE][PASSED] - Object: 'Object Repository/Page_KiboPush  Dashboard/span_Polls' is clicked on

2019-04-25 09:57:58 - [TEST_STEP][PASSED] - delay: Delayed 1 second(s)

2019-04-25 09:57:59 - [MESSAGE][PASSED] - Delayed 1 second(s)

2019-04-25 09:57:59 - [TEST_STEP][PASSED] - click: Object: 'Object Repository/Page_KiboPush  Dashboard/span_Broadcasts' is clicked on

2019-04-25 09:57:59 - [MESSAGE][PASSED] - Object: 'Object Repository/Page_KiboPush  Dashboard/span_Broadcasts' is clicked on

2019-04-25 09:57:59 - [TEST_STEP][PASSED] - delay: Delayed 1 second(s)

2019-04-25 09:58:00 - [MESSAGE][PASSED] - Delayed 1 second(s)

2019-04-25 09:58:00 - [TEST_STEP][PASSED] - scrollToPosition: Browser is scrolled to position x = 0, y = 0

2019-04-25 09:58:00 - [MESSAGE][PASSED] - Browser is scrolled to position x = 0, y = 0

2019-04-25 09:58:00 - [TEST_STEP][PASSED] - click: Object: 'Object Repository/Page_KiboPush  Broadcast/h3_Manage Broadcasts' is clicked on

2019-04-25 09:58:00 - [MESSAGE][PASSED] - Object: 'Object Repository/Page_KiboPush  Broadcast/h3_Manage Broadcasts' is clicked on

2019-04-25 09:58:00 - [MESSAGE][PASSED] - Call Test Case 'Test Cases/s-sidebar_navigation/individualAccount/broadcast' successfully

2019-04-25 09:58:00 - [MESSAGE][PASSED] - Call Test Case 'Test Cases/s-sidebar_navigation/TeamAccount/Broadcasts' successfully

2019-04-25 09:58:00 - [TEST_STEP][PASSED] - selectOptionByValue: All options with value 'list' are selected in object 'Object Repository/Page_KiboPush  Broadcast/select_Filter by type...textim (6)'  using regular expression

2019-04-25 09:58:01 - [MESSAGE][PASSED] - All options with value 'list' are selected in object 'Object Repository/Page_KiboPush  Broadcast/select_Filter by type...textim (6)'  using regular expression

2019-04-25 09:58:01 - [TEST_STEP][PASSED] - click: Object: 'Object Repository/Page_KiboPush  Broadcast/span_list' is clicked on

2019-04-25 09:58:02 - [MESSAGE][PASSED] - Object: 'Object Repository/Page_KiboPush  Broadcast/span_list' is clicked on]]></system-out>
         <system-err><![CDATA[]]></system-err>
      </testcase>
      <testcase name="Test Cases/Broadcasts/TC0119" classname="Test Cases/Broadcasts/TC0119" status="PASSED">
         <system-out><![CDATA[2019-04-25 09:58:02 - [TEST_CASE][PASSED] - Test Cases/Broadcasts/TC0119: Test Cases/Broadcasts/TC0119

2019-04-25 09:58:03 - [TEST_STEP][PASSED] - callTestCase: Call Test Case 'Test Cases/s-sidebar_navigation/TeamAccount/Broadcasts' successfully

2019-04-25 09:58:03 - [TEST_CASE][PASSED] - Test Cases/s-sidebar_navigation/TeamAccount/Broadcasts: Test Cases/s-sidebar_navigation/TeamAccount/Broadcasts

2019-04-25 09:58:03 - [TEST_STEP][PASSED] - callTestCase: Call Test Case 'Test Cases/s-sidebar_navigation/individualAccount/broadcast' successfully

2019-04-25 09:58:03 - [TEST_CASE][PASSED] - Test Cases/s-sidebar_navigation/individualAccount/broadcast: Test Cases/s-sidebar_navigation/individualAccount/broadcast

2019-04-25 09:58:03 - [TEST_STEP][PASSED] - click: Object: 'Object Repository/Page_KiboPush  Dashboard/span_Polls' is clicked on

2019-04-25 09:58:03 - [MESSAGE][PASSED] - Object: 'Object Repository/Page_KiboPush  Dashboard/span_Polls' is clicked on

2019-04-25 09:58:03 - [TEST_STEP][PASSED] - delay: Delayed 1 second(s)

2019-04-25 09:58:04 - [MESSAGE][PASSED] - Delayed 1 second(s)

2019-04-25 09:58:04 - [TEST_STEP][PASSED] - click: Object: 'Object Repository/Page_KiboPush  Dashboard/span_Broadcasts' is clicked on

2019-04-25 09:58:05 - [MESSAGE][PASSED] - Object: 'Object Repository/Page_KiboPush  Dashboard/span_Broadcasts' is clicked on

2019-04-25 09:58:05 - [TEST_STEP][PASSED] - delay: Delayed 1 second(s)

2019-04-25 09:58:06 - [MESSAGE][PASSED] - Delayed 1 second(s)

2019-04-25 09:58:06 - [TEST_STEP][PASSED] - scrollToPosition: Browser is scrolled to position x = 0, y = 0

2019-04-25 09:58:10 - [MESSAGE][PASSED] - Browser is scrolled to position x = 0, y = 0

2019-04-25 09:58:10 - [TEST_STEP][PASSED] - click: Object: 'Object Repository/Page_KiboPush  Broadcast/h3_Manage Broadcasts' is clicked on

2019-04-25 09:58:10 - [MESSAGE][PASSED] - Object: 'Object Repository/Page_KiboPush  Broadcast/h3_Manage Broadcasts' is clicked on

2019-04-25 09:58:10 - [MESSAGE][PASSED] - Call Test Case 'Test Cases/s-sidebar_navigation/individualAccount/broadcast' successfully

2019-04-25 09:58:10 - [MESSAGE][PASSED] - Call Test Case 'Test Cases/s-sidebar_navigation/TeamAccount/Broadcasts' successfully

2019-04-25 09:58:10 - [TEST_STEP][PASSED] - selectOptionByValue: All options with value 'miscellaneous' are selected in object 'Object Repository/Page_KiboPush  Broadcast/select_Filter by type...textim'  using regular expression

2019-04-25 09:58:12 - [MESSAGE][PASSED] - All options with value 'miscellaneous' are selected in object 'Object Repository/Page_KiboPush  Broadcast/select_Filter by type...textim'  using regular expression

2019-04-25 09:58:12 - [TEST_STEP][PASSED] - click: Object: 'Object Repository/Page_KiboPush  Broadcast/span_Miscellaneous' is clicked on

2019-04-25 09:58:13 - [MESSAGE][PASSED] - Object: 'Object Repository/Page_KiboPush  Broadcast/span_Miscellaneous' is clicked on]]></system-out>
         <system-err><![CDATA[]]></system-err>
      </testcase>
      <testcase name="Test Cases/Broadcasts/TC0120" classname="Test Cases/Broadcasts/TC0120" status="PASSED">
         <system-out><![CDATA[2019-04-25 09:58:13 - [TEST_CASE][PASSED] - Test Cases/Broadcasts/TC0120: Test Cases/Broadcasts/TC0120

2019-04-25 09:58:14 - [TEST_STEP][PASSED] - callTestCase: Call Test Case 'Test Cases/s-sidebar_navigation/TeamAccount/Broadcasts' successfully

2019-04-25 09:58:14 - [TEST_CASE][PASSED] - Test Cases/s-sidebar_navigation/TeamAccount/Broadcasts: Test Cases/s-sidebar_navigation/TeamAccount/Broadcasts

2019-04-25 09:58:14 - [TEST_STEP][PASSED] - callTestCase: Call Test Case 'Test Cases/s-sidebar_navigation/individualAccount/broadcast' successfully

2019-04-25 09:58:14 - [TEST_CASE][PASSED] - Test Cases/s-sidebar_navigation/individualAccount/broadcast: Test Cases/s-sidebar_navigation/individualAccount/broadcast

2019-04-25 09:58:14 - [TEST_STEP][PASSED] - click: Object: 'Object Repository/Page_KiboPush  Dashboard/span_Polls' is clicked on

2019-04-25 09:58:14 - [MESSAGE][PASSED] - Object: 'Object Repository/Page_KiboPush  Dashboard/span_Polls' is clicked on

2019-04-25 09:58:14 - [TEST_STEP][PASSED] - delay: Delayed 1 second(s)

2019-04-25 09:58:15 - [MESSAGE][PASSED] - Delayed 1 second(s)

2019-04-25 09:58:15 - [TEST_STEP][PASSED] - click: Object: 'Object Repository/Page_KiboPush  Dashboard/span_Broadcasts' is clicked on

2019-04-25 09:58:15 - [MESSAGE][PASSED] - Object: 'Object Repository/Page_KiboPush  Dashboard/span_Broadcasts' is clicked on

2019-04-25 09:58:15 - [TEST_STEP][PASSED] - delay: Delayed 1 second(s)

2019-04-25 09:58:16 - [MESSAGE][PASSED] - Delayed 1 second(s)

2019-04-25 09:58:16 - [TEST_STEP][PASSED] - scrollToPosition: Browser is scrolled to position x = 0, y = 0

2019-04-25 09:58:17 - [MESSAGE][PASSED] - Browser is scrolled to position x = 0, y = 0

2019-04-25 09:58:17 - [TEST_STEP][PASSED] - click: Object: 'Object Repository/Page_KiboPush  Broadcast/h3_Manage Broadcasts' is clicked on

2019-04-25 09:58:17 - [MESSAGE][PASSED] - Object: 'Object Repository/Page_KiboPush  Broadcast/h3_Manage Broadcasts' is clicked on

2019-04-25 09:58:17 - [MESSAGE][PASSED] - Call Test Case 'Test Cases/s-sidebar_navigation/individualAccount/broadcast' successfully

2019-04-25 09:58:17 - [MESSAGE][PASSED] - Call Test Case 'Test Cases/s-sidebar_navigation/TeamAccount/Broadcasts' successfully

2019-04-25 09:58:17 - [TEST_STEP][PASSED] - selectOptionByValue: All options with value 'all' are selected in object 'Object Repository/Page_KiboPush  Broadcast/select_Filter by type...textim'  using regular expression

2019-04-25 09:58:18 - [MESSAGE][PASSED] - All options with value 'all' are selected in object 'Object Repository/Page_KiboPush  Broadcast/select_Filter by type...textim'  using regular expression]]></system-out>
         <system-err><![CDATA[]]></system-err>
      </testcase>
      <testcase name="Test Cases/Broadcasts/TC0121" classname="Test Cases/Broadcasts/TC0121" status="PASSED">
         <system-out><![CDATA[2019-04-25 09:58:18 - [TEST_CASE][PASSED] - Test Cases/Broadcasts/TC0121: Test Cases/Broadcasts/TC0121

2019-04-25 09:58:19 - [TEST_STEP][PASSED] - callTestCase: Call Test Case 'Test Cases/s-sidebar_navigation/TeamAccount/Broadcasts' successfully

2019-04-25 09:58:19 - [TEST_CASE][PASSED] - Test Cases/s-sidebar_navigation/TeamAccount/Broadcasts: Test Cases/s-sidebar_navigation/TeamAccount/Broadcasts

2019-04-25 09:58:19 - [TEST_STEP][PASSED] - callTestCase: Call Test Case 'Test Cases/s-sidebar_navigation/individualAccount/broadcast' successfully

2019-04-25 09:58:19 - [TEST_CASE][PASSED] - Test Cases/s-sidebar_navigation/individualAccount/broadcast: Test Cases/s-sidebar_navigation/individualAccount/broadcast

2019-04-25 09:58:19 - [TEST_STEP][PASSED] - click: Object: 'Object Repository/Page_KiboPush  Dashboard/span_Polls' is clicked on

2019-04-25 09:58:19 - [MESSAGE][PASSED] - Object: 'Object Repository/Page_KiboPush  Dashboard/span_Polls' is clicked on

2019-04-25 09:58:19 - [TEST_STEP][PASSED] - delay: Delayed 1 second(s)

2019-04-25 09:58:20 - [MESSAGE][PASSED] - Delayed 1 second(s)

2019-04-25 09:58:20 - [TEST_STEP][PASSED] - click: Object: 'Object Repository/Page_KiboPush  Dashboard/span_Broadcasts' is clicked on

2019-04-25 09:58:20 - [MESSAGE][PASSED] - Object: 'Object Repository/Page_KiboPush  Dashboard/span_Broadcasts' is clicked on

2019-04-25 09:58:20 - [TEST_STEP][PASSED] - delay: Delayed 1 second(s)

2019-04-25 09:58:21 - [MESSAGE][PASSED] - Delayed 1 second(s)

2019-04-25 09:58:21 - [TEST_STEP][PASSED] - scrollToPosition: Browser is scrolled to position x = 0, y = 0

2019-04-25 09:58:21 - [MESSAGE][PASSED] - Browser is scrolled to position x = 0, y = 0

2019-04-25 09:58:21 - [TEST_STEP][PASSED] - click: Object: 'Object Repository/Page_KiboPush  Broadcast/h3_Manage Broadcasts' is clicked on

2019-04-25 09:58:22 - [MESSAGE][PASSED] - Object: 'Object Repository/Page_KiboPush  Broadcast/h3_Manage Broadcasts' is clicked on

2019-04-25 09:58:22 - [MESSAGE][PASSED] - Call Test Case 'Test Cases/s-sidebar_navigation/individualAccount/broadcast' successfully

2019-04-25 09:58:22 - [MESSAGE][PASSED] - Call Test Case 'Test Cases/s-sidebar_navigation/TeamAccount/Broadcasts' successfully

2019-04-25 09:58:22 - [TEST_STEP][PASSED] - selectOptionByValue: All options with value 'video' are selected in object 'Object Repository/Page_KiboPush  Broadcast/select_Filter by type...textim (3)'  using regular expression

2019-04-25 09:58:22 - [MESSAGE][PASSED] - All options with value 'video' are selected in object 'Object Repository/Page_KiboPush  Broadcast/select_Filter by type...textim (3)'  using regular expression

2019-04-25 09:58:22 - [TEST_STEP][PASSED] - click: Object: 'Object Repository/Page_KiboPush  Broadcast/span_video (1)' is clicked on

2019-04-25 09:58:24 - [MESSAGE][PASSED] - Object: 'Object Repository/Page_KiboPush  Broadcast/span_video (1)' is clicked on]]></system-out>
         <system-err><![CDATA[]]></system-err>
      </testcase>
      <testcase name="Test Cases/Broadcasts/TC0122" classname="Test Cases/Broadcasts/TC0122" status="PASSED">
         <system-out><![CDATA[2019-04-25 09:58:24 - [TEST_CASE][PASSED] - Test Cases/Broadcasts/TC0122: Test Cases/Broadcasts/TC0122

2019-04-25 09:58:24 - [TEST_STEP][PASSED] - callTestCase: Call Test Case 'Test Cases/s-sidebar_navigation/TeamAccount/Broadcasts' successfully

2019-04-25 09:58:24 - [TEST_CASE][PASSED] - Test Cases/s-sidebar_navigation/TeamAccount/Broadcasts: Test Cases/s-sidebar_navigation/TeamAccount/Broadcasts

2019-04-25 09:58:24 - [TEST_STEP][PASSED] - callTestCase: Call Test Case 'Test Cases/s-sidebar_navigation/individualAccount/broadcast' successfully

2019-04-25 09:58:24 - [TEST_CASE][PASSED] - Test Cases/s-sidebar_navigation/individualAccount/broadcast: Test Cases/s-sidebar_navigation/individualAccount/broadcast

2019-04-25 09:58:24 - [TEST_STEP][PASSED] - click: Object: 'Object Repository/Page_KiboPush  Dashboard/span_Polls' is clicked on

2019-04-25 09:58:25 - [MESSAGE][PASSED] - Object: 'Object Repository/Page_KiboPush  Dashboard/span_Polls' is clicked on

2019-04-25 09:58:25 - [TEST_STEP][PASSED] - delay: Delayed 1 second(s)

2019-04-25 09:58:26 - [MESSAGE][PASSED] - Delayed 1 second(s)

2019-04-25 09:58:26 - [TEST_STEP][PASSED] - click: Object: 'Object Repository/Page_KiboPush  Dashboard/span_Broadcasts' is clicked on

2019-04-25 09:58:26 - [MESSAGE][PASSED] - Object: 'Object Repository/Page_KiboPush  Dashboard/span_Broadcasts' is clicked on

2019-04-25 09:58:26 - [TEST_STEP][PASSED] - delay: Delayed 1 second(s)

2019-04-25 09:58:27 - [MESSAGE][PASSED] - Delayed 1 second(s)

2019-04-25 09:58:27 - [TEST_STEP][PASSED] - scrollToPosition: Browser is scrolled to position x = 0, y = 0

2019-04-25 09:58:28 - [MESSAGE][PASSED] - Browser is scrolled to position x = 0, y = 0

2019-04-25 09:58:28 - [TEST_STEP][PASSED] - click: Object: 'Object Repository/Page_KiboPush  Broadcast/h3_Manage Broadcasts' is clicked on

2019-04-25 09:58:28 - [MESSAGE][PASSED] - Object: 'Object Repository/Page_KiboPush  Broadcast/h3_Manage Broadcasts' is clicked on

2019-04-25 09:58:28 - [MESSAGE][PASSED] - Call Test Case 'Test Cases/s-sidebar_navigation/individualAccount/broadcast' successfully

2019-04-25 09:58:28 - [MESSAGE][PASSED] - Call Test Case 'Test Cases/s-sidebar_navigation/TeamAccount/Broadcasts' successfully

2019-04-25 09:58:28 - [TEST_STEP][PASSED] - delay: Delayed 2 second(s)

2019-04-25 09:58:30 - [MESSAGE][PASSED] - Delayed 2 second(s)

2019-04-25 09:58:30 - [TEST_STEP][PASSED] - Statement - driver = com.kms.katalon.core.webui.driver.DriverFactory.getWebDriver(): null

2019-04-25 09:58:30 - [TEST_STEP][PASSED] - Statement - Table = driver.findElement(org.openqa.selenium.By.xpath("//table/tbody")): null

2019-04-25 09:58:32 - [TEST_STEP][PASSED] - Statement - rows_table = Table.findElements(org.openqa.selenium.By.tagName("tr")): null

2019-04-25 09:58:32 - [TEST_STEP][PASSED] - Statement - rows_count_before = rows_table.size(): null

2019-04-25 09:58:32 - [TEST_STEP][PASSED] - setText: Text '7' is set on object 'Object Repository/Page_KiboPush  Broadcast/input_example-text-input'

2019-04-25 09:58:39 - [MESSAGE][PASSED] - Text '7' is set on object 'Object Repository/Page_KiboPush  Broadcast/input_example-text-input'

2019-04-25 09:58:39 - [TEST_STEP][PASSED] - delay: Delayed 2 second(s)

2019-04-25 09:58:41 - [MESSAGE][PASSED] - Delayed 2 second(s)

2019-04-25 09:58:41 - [TEST_STEP][PASSED] - Statement - Table = driver.findElement(org.openqa.selenium.By.xpath("//table/tbody")): null

2019-04-25 09:58:41 - [TEST_STEP][PASSED] - Statement - rows_table = Table.findElements(org.openqa.selenium.By.tagName("tr")): null

2019-04-25 09:58:41 - [TEST_STEP][PASSED] - Statement - rows_count_after = rows_table.size(): null

2019-04-25 09:58:41 - [TEST_STEP][PASSED] - verifyNotMatch: Actual text '10' and expected text '1' are not matched 

2019-04-25 09:58:41 - [MESSAGE][PASSED] - Actual text '10' and expected text '1' are not matched 

2019-04-25 09:58:41 - [TEST_STEP][PASSED] - Statement - lastDateStr = Table.findElement(org.openqa.selenium.By.xpath("./tr[" + rows_count_after + "]/td[3]")).getText(): null

2019-04-25 09:58:41 - [TEST_STEP][PASSED] - Statement - dateFormat = new java.text.SimpleDateFormat(EEE MMM dd yyyy hh:mm aaa, java.util.Locale.ENGLISH): null

2019-04-25 09:58:41 - [TEST_STEP][PASSED] - Statement - lastDate = dateFormat.parse(lastDateStr): null

2019-04-25 09:58:42 - [TEST_STEP][PASSED] - Statement - currentDate = new java.util.Date(): null

2019-04-25 09:58:42 - [TEST_STEP][PASSED] - Statement - ltime = currentDate.getTime() - 7 * 24 * 60 * 60 * 1000: null

2019-04-25 09:58:42 - [TEST_STEP][PASSED] - Statement - currentDate = new java.util.Date(ltime): null

2019-04-25 09:58:42 - [TEST_STEP][PASSED] - Statement - println(lastDate): null

2019-04-25 09:58:42 - [TEST_STEP][PASSED] - Statement - println(currentDate): null

2019-04-25 09:58:42 - [TEST_STEP][PASSED] - Statement - If (currentDate.compareTo(lastDate).toString() == "-1"): Actual text '-1' and expected text '-1' are matched 

2019-04-25 09:58:42 - [TEST_STEP][PASSED] - verifyMatch: Actual text '-1' and expected text '-1' are matched 

2019-04-25 09:58:42 - [MESSAGE][PASSED] - Actual text '-1' and expected text '-1' are matched]]></system-out>
         <system-err><![CDATA[]]></system-err>
      </testcase>
      <testcase name="Test Cases/Broadcasts/TC0123" classname="Test Cases/Broadcasts/TC0123" status="PASSED">
         <system-out><![CDATA[2019-04-25 09:58:42 - [TEST_CASE][PASSED] - Test Cases/Broadcasts/TC0123: Test Cases/Broadcasts/TC0123

2019-04-25 09:58:42 - [TEST_STEP][PASSED] - callTestCase: Call Test Case 'Test Cases/s-sidebar_navigation/TeamAccount/Broadcasts' successfully

2019-04-25 09:58:42 - [TEST_CASE][PASSED] - Test Cases/s-sidebar_navigation/TeamAccount/Broadcasts: Test Cases/s-sidebar_navigation/TeamAccount/Broadcasts

2019-04-25 09:58:42 - [TEST_STEP][PASSED] - callTestCase: Call Test Case 'Test Cases/s-sidebar_navigation/individualAccount/broadcast' successfully

2019-04-25 09:58:42 - [TEST_CASE][PASSED] - Test Cases/s-sidebar_navigation/individualAccount/broadcast: Test Cases/s-sidebar_navigation/individualAccount/broadcast

2019-04-25 09:58:42 - [TEST_STEP][PASSED] - click: Object: 'Object Repository/Page_KiboPush  Dashboard/span_Polls' is clicked on

2019-04-25 09:58:43 - [MESSAGE][PASSED] - Object: 'Object Repository/Page_KiboPush  Dashboard/span_Polls' is clicked on

2019-04-25 09:58:43 - [TEST_STEP][PASSED] - delay: Delayed 1 second(s)

2019-04-25 09:58:44 - [MESSAGE][PASSED] - Delayed 1 second(s)

2019-04-25 09:58:44 - [TEST_STEP][PASSED] - click: Object: 'Object Repository/Page_KiboPush  Dashboard/span_Broadcasts' is clicked on

2019-04-25 09:58:44 - [MESSAGE][PASSED] - Object: 'Object Repository/Page_KiboPush  Dashboard/span_Broadcasts' is clicked on

2019-04-25 09:58:44 - [TEST_STEP][PASSED] - delay: Delayed 1 second(s)

2019-04-25 09:58:45 - [MESSAGE][PASSED] - Delayed 1 second(s)

2019-04-25 09:58:45 - [TEST_STEP][PASSED] - scrollToPosition: Browser is scrolled to position x = 0, y = 0

2019-04-25 09:58:45 - [MESSAGE][PASSED] - Browser is scrolled to position x = 0, y = 0

2019-04-25 09:58:45 - [TEST_STEP][PASSED] - click: Object: 'Object Repository/Page_KiboPush  Broadcast/h3_Manage Broadcasts' is clicked on

2019-04-25 09:58:45 - [MESSAGE][PASSED] - Object: 'Object Repository/Page_KiboPush  Broadcast/h3_Manage Broadcasts' is clicked on

2019-04-25 09:58:45 - [MESSAGE][PASSED] - Call Test Case 'Test Cases/s-sidebar_navigation/individualAccount/broadcast' successfully

2019-04-25 09:58:45 - [MESSAGE][PASSED] - Call Test Case 'Test Cases/s-sidebar_navigation/TeamAccount/Broadcasts' successfully

2019-04-25 09:58:45 - [TEST_STEP][PASSED] - delay: Delayed 2 second(s)

2019-04-25 09:58:47 - [MESSAGE][PASSED] - Delayed 2 second(s)

2019-04-25 09:58:47 - [TEST_STEP][PASSED] - Statement - date_page1 = getFirstRowDate(): null

2019-04-25 09:58:47 - [TEST_STEP][PASSED] - Statement - driver = com.kms.katalon.core.webui.driver.DriverFactory.getWebDriver(): null

2019-04-25 09:58:47 - [TEST_STEP][PASSED] - Statement - Try: null

2019-04-25 09:58:47 - [TEST_STEP][PASSED] - Statement - Table = driver.findElement(org.openqa.selenium.By.xpath("//table/tbody")): null

2019-04-25 09:58:47 - [TEST_STEP][PASSED] - Statement - rows_table = Table.findElements(org.openqa.selenium.By.tagName("tr")): null

2019-04-25 09:58:47 - [TEST_STEP][PASSED] - Statement - dates = new java.util.ArrayList(): null

2019-04-25 09:58:47 - [TEST_STEP][PASSED] - Statement - date = rows_table.get(0).findElement(org.openqa.selenium.By.xpath(".//td[@data-field="datetime"]")).getText(): null

2019-04-25 09:58:47 - [TEST_STEP][PASSED] - Statement - return date: null

2019-04-25 09:58:47 - [TEST_STEP][PASSED] - click: Object: 'Object Repository/Page_KiboPush  Broadcast/a_next (1)' is clicked on

2019-04-25 09:58:47 - [MESSAGE][PASSED] - Object: 'Object Repository/Page_KiboPush  Broadcast/a_next (1)' is clicked on

2019-04-25 09:58:47 - [TEST_STEP][PASSED] - delay: Delayed 2 second(s)

2019-04-25 09:58:49 - [MESSAGE][PASSED] - Delayed 2 second(s)

2019-04-25 09:58:49 - [TEST_STEP][PASSED] - Statement - date_page2 = getFirstRowDate(): null

2019-04-25 09:58:49 - [TEST_STEP][PASSED] - Statement - driver = com.kms.katalon.core.webui.driver.DriverFactory.getWebDriver(): null

2019-04-25 09:58:49 - [TEST_STEP][PASSED] - Statement - Try: null

2019-04-25 09:58:49 - [TEST_STEP][PASSED] - Statement - Table = driver.findElement(org.openqa.selenium.By.xpath("//table/tbody")): null

2019-04-25 09:58:49 - [TEST_STEP][PASSED] - Statement - rows_table = Table.findElements(org.openqa.selenium.By.tagName("tr")): null

2019-04-25 09:58:49 - [TEST_STEP][PASSED] - Statement - dates = new java.util.ArrayList(): null

2019-04-25 09:58:49 - [TEST_STEP][PASSED] - Statement - date = rows_table.get(0).findElement(org.openqa.selenium.By.xpath(".//td[@data-field="datetime"]")).getText(): null

2019-04-25 09:58:50 - [TEST_STEP][PASSED] - Statement - return date: null

2019-04-25 09:58:50 - [TEST_STEP][PASSED] - click: Object: 'Object Repository/Page_KiboPush  Broadcast/a_next (1)' is clicked on

2019-04-25 09:58:50 - [MESSAGE][PASSED] - Object: 'Object Repository/Page_KiboPush  Broadcast/a_next (1)' is clicked on

2019-04-25 09:58:50 - [TEST_STEP][PASSED] - delay: Delayed 2 second(s)

2019-04-25 09:58:52 - [MESSAGE][PASSED] - Delayed 2 second(s)

2019-04-25 09:58:52 - [TEST_STEP][PASSED] - Statement - date_page3 = getFirstRowDate(): null

2019-04-25 09:58:52 - [TEST_STEP][PASSED] - Statement - driver = com.kms.katalon.core.webui.driver.DriverFactory.getWebDriver(): null

2019-04-25 09:58:52 - [TEST_STEP][PASSED] - Statement - Try: null

2019-04-25 09:58:52 - [TEST_STEP][PASSED] - Statement - Table = driver.findElement(org.openqa.selenium.By.xpath("//table/tbody")): null

2019-04-25 09:58:52 - [TEST_STEP][PASSED] - Statement - rows_table = Table.findElements(org.openqa.selenium.By.tagName("tr")): null

2019-04-25 09:58:52 - [TEST_STEP][PASSED] - Statement - dates = new java.util.ArrayList(): null

2019-04-25 09:58:52 - [TEST_STEP][PASSED] - Statement - date = rows_table.get(0).findElement(org.openqa.selenium.By.xpath(".//td[@data-field="datetime"]")).getText(): null

2019-04-25 09:58:52 - [TEST_STEP][PASSED] - Statement - return date: null

2019-04-25 09:58:52 - [TEST_STEP][PASSED] - verifyNotMatch: Actual text 'Wed Apr 24 2019 2:04 PM' and expected text 'Mon Mar 11 2019 1:58 PM' are not matched 

2019-04-25 09:58:52 - [MESSAGE][PASSED] - Actual text 'Wed Apr 24 2019 2:04 PM' and expected text 'Mon Mar 11 2019 1:58 PM' are not matched 

2019-04-25 09:58:52 - [TEST_STEP][PASSED] - verifyNotMatch: Actual text 'Wed Apr 24 2019 2:04 PM' and expected text 'Thu Mar 07 2019 2:15 PM' are not matched 

2019-04-25 09:58:52 - [MESSAGE][PASSED] - Actual text 'Wed Apr 24 2019 2:04 PM' and expected text 'Thu Mar 07 2019 2:15 PM' are not matched 

2019-04-25 09:58:52 - [TEST_STEP][PASSED] - verifyNotMatch: Actual text 'Mon Mar 11 2019 1:58 PM' and expected text 'Thu Mar 07 2019 2:15 PM' are not matched 

2019-04-25 09:58:52 - [MESSAGE][PASSED] - Actual text 'Mon Mar 11 2019 1:58 PM' and expected text 'Thu Mar 07 2019 2:15 PM' are not matched 

2019-04-25 09:58:52 - [TEST_STEP][PASSED] - Statement - dateFormat = new java.text.SimpleDateFormat(EEE MMM dd yyyy hh:mm aaa, java.util.Locale.ENGLISH): null

2019-04-25 09:58:52 - [TEST_STEP][PASSED] - Statement - date1 = dateFormat.parse(date_page1): null

2019-04-25 09:58:52 - [TEST_STEP][PASSED] - Statement - date2 = dateFormat.parse(date_page2): null

2019-04-25 09:58:52 - [TEST_STEP][PASSED] - Statement - date3 = dateFormat.parse(date_page3): null

2019-04-25 09:58:52 - [TEST_STEP][PASSED] - Statement - println(date1): null

2019-04-25 09:58:52 - [TEST_STEP][PASSED] - Statement - println(date2): null

2019-04-25 09:58:52 - [TEST_STEP][PASSED] - Statement - println(date3): null

2019-04-25 09:58:52 - [TEST_STEP][PASSED] - Statement - If (!(date1.after(date2) && date2.after(date3))): null]]></system-out>
         <system-err><![CDATA[]]></system-err>
      </testcase>
      <testcase name="Test Cases/Broadcasts/TC0124" classname="Test Cases/Broadcasts/TC0124" status="FAILED">
         <failure type="FAILED" message="ERROR: No Table Present"/>
         <system-out><![CDATA[2019-04-25 09:58:52 - [TEST_CASE][FAILED] - Test Cases/Broadcasts/TC0124: Test Cases/Broadcasts/TC0124 FAILED because (of) ERROR: No Table Present

2019-04-25 09:58:52 - [TEST_STEP][PASSED] - callTestCase: Call Test Case 'Test Cases/s-sidebar_navigation/TeamAccount/Broadcasts' successfully

2019-04-25 09:58:52 - [TEST_CASE][PASSED] - Test Cases/s-sidebar_navigation/TeamAccount/Broadcasts: Test Cases/s-sidebar_navigation/TeamAccount/Broadcasts

2019-04-25 09:58:53 - [TEST_STEP][PASSED] - callTestCase: Call Test Case 'Test Cases/s-sidebar_navigation/individualAccount/broadcast' successfully

2019-04-25 09:58:53 - [TEST_CASE][PASSED] - Test Cases/s-sidebar_navigation/individualAccount/broadcast: Test Cases/s-sidebar_navigation/individualAccount/broadcast

2019-04-25 09:58:53 - [TEST_STEP][PASSED] - click: Object: 'Object Repository/Page_KiboPush  Dashboard/span_Polls' is clicked on

2019-04-25 09:58:53 - [MESSAGE][PASSED] - Object: 'Object Repository/Page_KiboPush  Dashboard/span_Polls' is clicked on

2019-04-25 09:58:53 - [TEST_STEP][PASSED] - delay: Delayed 1 second(s)

2019-04-25 09:58:54 - [MESSAGE][PASSED] - Delayed 1 second(s)

2019-04-25 09:58:54 - [TEST_STEP][PASSED] - click: Object: 'Object Repository/Page_KiboPush  Dashboard/span_Broadcasts' is clicked on

2019-04-25 09:58:55 - [MESSAGE][PASSED] - Object: 'Object Repository/Page_KiboPush  Dashboard/span_Broadcasts' is clicked on

2019-04-25 09:58:55 - [TEST_STEP][PASSED] - delay: Delayed 1 second(s)

2019-04-25 09:58:56 - [MESSAGE][PASSED] - Delayed 1 second(s)

2019-04-25 09:58:56 - [TEST_STEP][PASSED] - scrollToPosition: Browser is scrolled to position x = 0, y = 0

2019-04-25 09:58:56 - [MESSAGE][PASSED] - Browser is scrolled to position x = 0, y = 0

2019-04-25 09:58:56 - [TEST_STEP][PASSED] - click: Object: 'Object Repository/Page_KiboPush  Broadcast/h3_Manage Broadcasts' is clicked on

2019-04-25 09:58:56 - [MESSAGE][PASSED] - Object: 'Object Repository/Page_KiboPush  Broadcast/h3_Manage Broadcasts' is clicked on

2019-04-25 09:58:56 - [MESSAGE][PASSED] - Call Test Case 'Test Cases/s-sidebar_navigation/individualAccount/broadcast' successfully

2019-04-25 09:58:56 - [MESSAGE][PASSED] - Call Test Case 'Test Cases/s-sidebar_navigation/TeamAccount/Broadcasts' successfully

2019-04-25 09:58:56 - [TEST_STEP][PASSED] - delay: Delayed 2 second(s)

2019-04-25 09:58:58 - [MESSAGE][PASSED] - Delayed 2 second(s)

2019-04-25 09:58:58 - [TEST_STEP][PASSED] - click: Object: 'Object Repository/Page_KiboPush  Broadcast/a_4' is clicked on

2019-04-25 09:58:58 - [MESSAGE][PASSED] - Object: 'Object Repository/Page_KiboPush  Broadcast/a_4' is clicked on

2019-04-25 09:58:58 - [TEST_STEP][PASSED] - delay: Delayed 2 second(s)

2019-04-25 09:59:00 - [MESSAGE][PASSED] - Delayed 2 second(s)

2019-04-25 09:59:00 - [TEST_STEP][PASSED] - Statement - date_page4 = getFirstRowDate(): null

2019-04-25 09:59:00 - [TEST_STEP][PASSED] - Statement - driver = com.kms.katalon.core.webui.driver.DriverFactory.getWebDriver(): null

2019-04-25 09:59:00 - [TEST_STEP][PASSED] - Statement - Try: null

2019-04-25 09:59:00 - [TEST_STEP][PASSED] - Statement - Table = driver.findElement(org.openqa.selenium.By.xpath("//table/tbody")): null

2019-04-25 09:59:02 - [TEST_STEP][PASSED] - Statement - Catch (Exception e): null

2019-04-25 09:59:02 - [TEST_STEP][PASSED] - Statement - com.kms.katalon.core.util.KeywordUtil.markFailed("ERROR: No Table Present"): null

2019-04-25 09:59:02 - [TEST_STEP][PASSED] - click: Object: 'Object Repository/Page_KiboPush  Broadcast/a_previous' is clicked on

2019-04-25 09:59:02 - [MESSAGE][PASSED] - Object: 'Object Repository/Page_KiboPush  Broadcast/a_previous' is clicked on

2019-04-25 09:59:02 - [TEST_STEP][PASSED] - delay: Delayed 2 second(s)

2019-04-25 09:59:04 - [MESSAGE][PASSED] - Delayed 2 second(s)

2019-04-25 09:59:04 - [TEST_STEP][PASSED] - Statement - date_page3 = getFirstRowDate(): null

2019-04-25 09:59:04 - [TEST_STEP][PASSED] - Statement - driver = com.kms.katalon.core.webui.driver.DriverFactory.getWebDriver(): null

2019-04-25 09:59:04 - [TEST_STEP][PASSED] - Statement - Try: null

2019-04-25 09:59:04 - [TEST_STEP][PASSED] - Statement - Table = driver.findElement(org.openqa.selenium.By.xpath("//table/tbody")): null

2019-04-25 09:59:04 - [TEST_STEP][PASSED] - Statement - rows_table = Table.findElements(org.openqa.selenium.By.tagName("tr")): null

2019-04-25 09:59:04 - [TEST_STEP][PASSED] - Statement - dates = new java.util.ArrayList(): null

2019-04-25 09:59:04 - [TEST_STEP][PASSED] - Statement - date = rows_table.get(0).findElement(org.openqa.selenium.By.xpath(".//td[@data-field="datetime"]")).getText(): null

2019-04-25 09:59:05 - [TEST_STEP][PASSED] - Statement - return date: null

2019-04-25 09:59:05 - [TEST_STEP][PASSED] - click: Object: 'Object Repository/Page_KiboPush  Broadcast/a_previous' is clicked on

2019-04-25 09:59:05 - [MESSAGE][PASSED] - Object: 'Object Repository/Page_KiboPush  Broadcast/a_previous' is clicked on

2019-04-25 09:59:05 - [TEST_STEP][PASSED] - delay: Delayed 3 second(s)

2019-04-25 09:59:08 - [MESSAGE][PASSED] - Delayed 3 second(s)

2019-04-25 09:59:08 - [TEST_STEP][PASSED] - Statement - date_page2 = getFirstRowDate(): null

2019-04-25 09:59:08 - [TEST_STEP][PASSED] - Statement - driver = com.kms.katalon.core.webui.driver.DriverFactory.getWebDriver(): null

2019-04-25 09:59:08 - [TEST_STEP][PASSED] - Statement - Try: null

2019-04-25 09:59:08 - [TEST_STEP][PASSED] - Statement - Table = driver.findElement(org.openqa.selenium.By.xpath("//table/tbody")): null

2019-04-25 09:59:08 - [TEST_STEP][PASSED] - Statement - rows_table = Table.findElements(org.openqa.selenium.By.tagName("tr")): null

2019-04-25 09:59:08 - [TEST_STEP][PASSED] - Statement - dates = new java.util.ArrayList(): null

2019-04-25 09:59:08 - [TEST_STEP][PASSED] - Statement - date = rows_table.get(0).findElement(org.openqa.selenium.By.xpath(".//td[@data-field="datetime"]")).getText(): null

2019-04-25 09:59:08 - [TEST_STEP][PASSED] - Statement - return date: null

2019-04-25 09:59:08 - [TEST_STEP][PASSED] - verifyNotMatch: Actual text 'null' and expected text 'Thu Mar 07 2019 2:15 PM' are not matched 

2019-04-25 09:59:08 - [MESSAGE][PASSED] - Actual text 'null' and expected text 'Thu Mar 07 2019 2:15 PM' are not matched 

2019-04-25 09:59:08 - [TEST_STEP][PASSED] - verifyNotMatch: Actual text 'null' and expected text 'Mon Mar 11 2019 1:58 PM' are not matched 

2019-04-25 09:59:08 - [MESSAGE][PASSED] - Actual text 'null' and expected text 'Mon Mar 11 2019 1:58 PM' are not matched 

2019-04-25 09:59:08 - [TEST_STEP][PASSED] - verifyNotMatch: Actual text 'Thu Mar 07 2019 2:15 PM' and expected text 'Mon Mar 11 2019 1:58 PM' are not matched 

2019-04-25 09:59:08 - [MESSAGE][PASSED] - Actual text 'Thu Mar 07 2019 2:15 PM' and expected text 'Mon Mar 11 2019 1:58 PM' are not matched 

2019-04-25 09:59:08 - [TEST_STEP][PASSED] - Statement - dateFormat = new java.text.SimpleDateFormat(EEE MMM dd yyyy hh:mm aaa, java.util.Locale.ENGLISH): null

2019-04-25 09:59:08 - [TEST_STEP][PASSED] - Statement - date4 = dateFormat.parse(date_page4): null]]></system-out>
         <system-err><![CDATA[2019-04-25 09:58:52 - [TEST_CASE][FAILED] - Test Cases/Broadcasts/TC0124: Test Cases/Broadcasts/TC0124 FAILED because (of) ERROR: No Table Present]]></system-err>
      </testcase>
      <testcase name="Test Cases/Broadcasts/TC0125" classname="Test Cases/Broadcasts/TC0125" status="PASSED">
         <system-out><![CDATA[2019-04-25 09:59:08 - [TEST_CASE][PASSED] - Test Cases/Broadcasts/TC0125: Test Cases/Broadcasts/TC0125

2019-04-25 09:59:08 - [TEST_STEP][PASSED] - callTestCase: Call Test Case 'Test Cases/s-sidebar_navigation/TeamAccount/Broadcasts' successfully

2019-04-25 09:59:09 - [TEST_CASE][PASSED] - Test Cases/s-sidebar_navigation/TeamAccount/Broadcasts: Test Cases/s-sidebar_navigation/TeamAccount/Broadcasts

2019-04-25 09:59:09 - [TEST_STEP][PASSED] - callTestCase: Call Test Case 'Test Cases/s-sidebar_navigation/individualAccount/broadcast' successfully

2019-04-25 09:59:09 - [TEST_CASE][PASSED] - Test Cases/s-sidebar_navigation/individualAccount/broadcast: Test Cases/s-sidebar_navigation/individualAccount/broadcast

2019-04-25 09:59:09 - [TEST_STEP][PASSED] - click: Object: 'Object Repository/Page_KiboPush  Dashboard/span_Polls' is clicked on

2019-04-25 09:59:09 - [MESSAGE][PASSED] - Object: 'Object Repository/Page_KiboPush  Dashboard/span_Polls' is clicked on

2019-04-25 09:59:09 - [TEST_STEP][PASSED] - delay: Delayed 1 second(s)

2019-04-25 09:59:10 - [MESSAGE][PASSED] - Delayed 1 second(s)

2019-04-25 09:59:10 - [TEST_STEP][PASSED] - click: Object: 'Object Repository/Page_KiboPush  Dashboard/span_Broadcasts' is clicked on

2019-04-25 09:59:10 - [MESSAGE][PASSED] - Object: 'Object Repository/Page_KiboPush  Dashboard/span_Broadcasts' is clicked on

2019-04-25 09:59:10 - [TEST_STEP][PASSED] - delay: Delayed 1 second(s)

2019-04-25 09:59:11 - [MESSAGE][PASSED] - Delayed 1 second(s)

2019-04-25 09:59:11 - [TEST_STEP][PASSED] - scrollToPosition: Browser is scrolled to position x = 0, y = 0

2019-04-25 09:59:11 - [MESSAGE][PASSED] - Browser is scrolled to position x = 0, y = 0

2019-04-25 09:59:11 - [TEST_STEP][PASSED] - click: Object: 'Object Repository/Page_KiboPush  Broadcast/h3_Manage Broadcasts' is clicked on

2019-04-25 09:59:11 - [MESSAGE][PASSED] - Object: 'Object Repository/Page_KiboPush  Broadcast/h3_Manage Broadcasts' is clicked on

2019-04-25 09:59:11 - [MESSAGE][PASSED] - Call Test Case 'Test Cases/s-sidebar_navigation/individualAccount/broadcast' successfully

2019-04-25 09:59:11 - [MESSAGE][PASSED] - Call Test Case 'Test Cases/s-sidebar_navigation/TeamAccount/Broadcasts' successfully

2019-04-25 09:59:11 - [TEST_STEP][PASSED] - delay: Delayed 1 second(s)

2019-04-25 09:59:12 - [MESSAGE][PASSED] - Delayed 1 second(s)

2019-04-25 09:59:12 - [TEST_STEP][PASSED] - Statement - date_page1 = getFirstRowDate(): null

2019-04-25 09:59:12 - [TEST_STEP][PASSED] - Statement - driver = com.kms.katalon.core.webui.driver.DriverFactory.getWebDriver(): null

2019-04-25 09:59:12 - [TEST_STEP][PASSED] - Statement - Try: null

2019-04-25 09:59:12 - [TEST_STEP][PASSED] - Statement - Table = driver.findElement(org.openqa.selenium.By.xpath("//table/tbody")): null

2019-04-25 09:59:12 - [TEST_STEP][PASSED] - Statement - rows_table = Table.findElements(org.openqa.selenium.By.tagName("tr")): null

2019-04-25 09:59:12 - [TEST_STEP][PASSED] - Statement - dates = new java.util.ArrayList(): null

2019-04-25 09:59:12 - [TEST_STEP][PASSED] - Statement - date = rows_table.get(0).findElement(org.openqa.selenium.By.xpath(".//td[@data-field="datetime"]")).getText(): null

2019-04-25 09:59:13 - [TEST_STEP][PASSED] - Statement - return date: null

2019-04-25 09:59:13 - [TEST_STEP][PASSED] - click: Object: 'Object Repository/Page_KiboPush  Broadcast/a_2' is clicked on

2019-04-25 09:59:13 - [MESSAGE][PASSED] - Object: 'Object Repository/Page_KiboPush  Broadcast/a_2' is clicked on

2019-04-25 09:59:13 - [TEST_STEP][PASSED] - delay: Delayed 1 second(s)

2019-04-25 09:59:14 - [MESSAGE][PASSED] - Delayed 1 second(s)

2019-04-25 09:59:14 - [TEST_STEP][PASSED] - Statement - date_page2 = getFirstRowDate(): null

2019-04-25 09:59:14 - [TEST_STEP][PASSED] - Statement - driver = com.kms.katalon.core.webui.driver.DriverFactory.getWebDriver(): null

2019-04-25 09:59:14 - [TEST_STEP][PASSED] - Statement - Try: null

2019-04-25 09:59:14 - [TEST_STEP][PASSED] - Statement - Table = driver.findElement(org.openqa.selenium.By.xpath("//table/tbody")): null

2019-04-25 09:59:14 - [TEST_STEP][PASSED] - Statement - rows_table = Table.findElements(org.openqa.selenium.By.tagName("tr")): null

2019-04-25 09:59:14 - [TEST_STEP][PASSED] - Statement - dates = new java.util.ArrayList(): null

2019-04-25 09:59:14 - [TEST_STEP][PASSED] - Statement - date = rows_table.get(0).findElement(org.openqa.selenium.By.xpath(".//td[@data-field="datetime"]")).getText(): null

2019-04-25 09:59:14 - [TEST_STEP][PASSED] - Statement - return date: null

2019-04-25 09:59:14 - [TEST_STEP][PASSED] - click: Object: 'Object Repository/Page_KiboPush  Broadcast/a_4' is clicked on

2019-04-25 09:59:14 - [MESSAGE][PASSED] - Object: 'Object Repository/Page_KiboPush  Broadcast/a_4' is clicked on

2019-04-25 09:59:14 - [TEST_STEP][PASSED] - delay: Delayed 2 second(s)

2019-04-25 09:59:16 - [MESSAGE][PASSED] - Delayed 2 second(s)

2019-04-25 09:59:16 - [TEST_STEP][PASSED] - Statement - date_page4 = getFirstRowDate(): null

2019-04-25 09:59:16 - [TEST_STEP][PASSED] - Statement - driver = com.kms.katalon.core.webui.driver.DriverFactory.getWebDriver(): null

2019-04-25 09:59:16 - [TEST_STEP][PASSED] - Statement - Try: null

2019-04-25 09:59:16 - [TEST_STEP][PASSED] - Statement - Table = driver.findElement(org.openqa.selenium.By.xpath("//table/tbody")): null

2019-04-25 09:59:16 - [TEST_STEP][PASSED] - Statement - rows_table = Table.findElements(org.openqa.selenium.By.tagName("tr")): null

2019-04-25 09:59:16 - [TEST_STEP][PASSED] - Statement - dates = new java.util.ArrayList(): null

2019-04-25 09:59:16 - [TEST_STEP][PASSED] - Statement - date = rows_table.get(0).findElement(org.openqa.selenium.By.xpath(".//td[@data-field="datetime"]")).getText(): null

2019-04-25 09:59:16 - [TEST_STEP][PASSED] - Statement - return date: null

2019-04-25 09:59:16 - [TEST_STEP][PASSED] - Statement - println("Testing next pages"): null

2019-04-25 09:59:16 - [TEST_STEP][PASSED] - verifyNotMatch: Actual text 'Wed Apr 24 2019 2:04 PM' and expected text 'Mon Mar 11 2019 1:58 PM' are not matched 

2019-04-25 09:59:16 - [MESSAGE][PASSED] - Actual text 'Wed Apr 24 2019 2:04 PM' and expected text 'Mon Mar 11 2019 1:58 PM' are not matched 

2019-04-25 09:59:16 - [TEST_STEP][PASSED] - verifyNotMatch: Actual text 'Wed Apr 24 2019 2:04 PM' and expected text 'Thu Mar 07 2019 1:52 PM' are not matched 

2019-04-25 09:59:16 - [MESSAGE][PASSED] - Actual text 'Wed Apr 24 2019 2:04 PM' and expected text 'Thu Mar 07 2019 1:52 PM' are not matched 

2019-04-25 09:59:16 - [TEST_STEP][PASSED] - verifyNotMatch: Actual text 'Mon Mar 11 2019 1:58 PM' and expected text 'Thu Mar 07 2019 1:52 PM' are not matched 

2019-04-25 09:59:16 - [MESSAGE][PASSED] - Actual text 'Mon Mar 11 2019 1:58 PM' and expected text 'Thu Mar 07 2019 1:52 PM' are not matched 

2019-04-25 09:59:16 - [TEST_STEP][PASSED] - click: Object: 'Object Repository/Page_KiboPush  Broadcast/a_3' is clicked on

2019-04-25 09:59:16 - [MESSAGE][PASSED] - Object: 'Object Repository/Page_KiboPush  Broadcast/a_3' is clicked on

2019-04-25 09:59:16 - [TEST_STEP][PASSED] - delay: Delayed 2 second(s)

2019-04-25 09:59:18 - [MESSAGE][PASSED] - Delayed 2 second(s)

2019-04-25 09:59:18 - [TEST_STEP][PASSED] - Statement - date_page3 = getFirstRowDate(): null

2019-04-25 09:59:18 - [TEST_STEP][PASSED] - Statement - driver = com.kms.katalon.core.webui.driver.DriverFactory.getWebDriver(): null

2019-04-25 09:59:18 - [TEST_STEP][PASSED] - Statement - Try: null

2019-04-25 09:59:18 - [TEST_STEP][PASSED] - Statement - Table = driver.findElement(org.openqa.selenium.By.xpath("//table/tbody")): null

2019-04-25 09:59:18 - [TEST_STEP][PASSED] - Statement - rows_table = Table.findElements(org.openqa.selenium.By.tagName("tr")): null

2019-04-25 09:59:18 - [TEST_STEP][PASSED] - Statement - dates = new java.util.ArrayList(): null

2019-04-25 09:59:18 - [TEST_STEP][PASSED] - Statement - date = rows_table.get(0).findElement(org.openqa.selenium.By.xpath(".//td[@data-field="datetime"]")).getText(): null

2019-04-25 09:59:18 - [TEST_STEP][PASSED] - Statement - return date: null

2019-04-25 09:59:18 - [TEST_STEP][PASSED] - click: Object: 'Object Repository/Page_KiboPush  Broadcast/a_1' is clicked on

2019-04-25 09:59:19 - [MESSAGE][PASSED] - Object: 'Object Repository/Page_KiboPush  Broadcast/a_1' is clicked on

2019-04-25 09:59:19 - [TEST_STEP][PASSED] - delay: Delayed 2 second(s)

2019-04-25 09:59:21 - [MESSAGE][PASSED] - Delayed 2 second(s)

2019-04-25 09:59:21 - [TEST_STEP][PASSED] - Statement - date_page1 = getFirstRowDate(): null

2019-04-25 09:59:21 - [TEST_STEP][PASSED] - Statement - driver = com.kms.katalon.core.webui.driver.DriverFactory.getWebDriver(): null

2019-04-25 09:59:21 - [TEST_STEP][PASSED] - Statement - Try: null

2019-04-25 09:59:21 - [TEST_STEP][PASSED] - Statement - Table = driver.findElement(org.openqa.selenium.By.xpath("//table/tbody")): null

2019-04-25 09:59:21 - [TEST_STEP][PASSED] - Statement - rows_table = Table.findElements(org.openqa.selenium.By.tagName("tr")): null

2019-04-25 09:59:21 - [TEST_STEP][PASSED] - Statement - dates = new java.util.ArrayList(): null

2019-04-25 09:59:21 - [TEST_STEP][PASSED] - Statement - date = rows_table.get(0).findElement(org.openqa.selenium.By.xpath(".//td[@data-field="datetime"]")).getText(): null

2019-04-25 09:59:21 - [TEST_STEP][PASSED] - Statement - return date: null

2019-04-25 09:59:21 - [TEST_STEP][PASSED] - Statement - println("Testing previous pages"): null

2019-04-25 09:59:21 - [TEST_STEP][PASSED] - verifyNotMatch: Actual text 'Thu Mar 07 2019 1:52 PM' and expected text 'Thu Mar 07 2019 2:15 PM' are not matched 

2019-04-25 09:59:21 - [MESSAGE][PASSED] - Actual text 'Thu Mar 07 2019 1:52 PM' and expected text 'Thu Mar 07 2019 2:15 PM' are not matched 

2019-04-25 09:59:21 - [TEST_STEP][PASSED] - verifyNotMatch: Actual text 'Thu Mar 07 2019 1:52 PM' and expected text 'Wed Apr 24 2019 2:04 PM' are not matched 

2019-04-25 09:59:21 - [MESSAGE][PASSED] - Actual text 'Thu Mar 07 2019 1:52 PM' and expected text 'Wed Apr 24 2019 2:04 PM' are not matched 

2019-04-25 09:59:21 - [TEST_STEP][PASSED] - verifyNotMatch: Actual text 'Thu Mar 07 2019 2:15 PM' and expected text 'Wed Apr 24 2019 2:04 PM' are not matched 

2019-04-25 09:59:21 - [MESSAGE][PASSED] - Actual text 'Thu Mar 07 2019 2:15 PM' and expected text 'Wed Apr 24 2019 2:04 PM' are not matched 

2019-04-25 09:59:21 - [TEST_STEP][PASSED] - Statement - dateFormat = new java.text.SimpleDateFormat(EEE MMM dd yyyy hh:mm aaa, java.util.Locale.ENGLISH): null

2019-04-25 09:59:21 - [TEST_STEP][PASSED] - Statement - date4 = dateFormat.parse(date_page4): null

2019-04-25 09:59:21 - [TEST_STEP][PASSED] - Statement - date3 = dateFormat.parse(date_page3): null

2019-04-25 09:59:21 - [TEST_STEP][PASSED] - Statement - date1 = dateFormat.parse(date_page1): null

2019-04-25 09:59:21 - [TEST_STEP][PASSED] - Statement - If (!(date1.after(date3) && date3.after(date4))): null]]></system-out>
         <system-err><![CDATA[]]></system-err>
      </testcase>
      <testcase name="Test Cases/Broadcasts/TC0126" classname="Test Cases/Broadcasts/TC0126" status="PASSED">
         <system-out><![CDATA[2019-04-25 09:59:21 - [TEST_CASE][PASSED] - Test Cases/Broadcasts/TC0126: Test Cases/Broadcasts/TC0126

2019-04-25 09:59:21 - [TEST_STEP][PASSED] - callTestCase: Call Test Case 'Test Cases/s-sidebar_navigation/TeamAccount/Broadcasts' successfully

2019-04-25 09:59:21 - [TEST_CASE][PASSED] - Test Cases/s-sidebar_navigation/TeamAccount/Broadcasts: Test Cases/s-sidebar_navigation/TeamAccount/Broadcasts

2019-04-25 09:59:21 - [TEST_STEP][PASSED] - callTestCase: Call Test Case 'Test Cases/s-sidebar_navigation/individualAccount/broadcast' successfully

2019-04-25 09:59:21 - [TEST_CASE][PASSED] - Test Cases/s-sidebar_navigation/individualAccount/broadcast: Test Cases/s-sidebar_navigation/individualAccount/broadcast

2019-04-25 09:59:21 - [TEST_STEP][PASSED] - click: Object: 'Object Repository/Page_KiboPush  Dashboard/span_Polls' is clicked on

2019-04-25 09:59:21 - [MESSAGE][PASSED] - Object: 'Object Repository/Page_KiboPush  Dashboard/span_Polls' is clicked on

2019-04-25 09:59:21 - [TEST_STEP][PASSED] - delay: Delayed 1 second(s)

2019-04-25 09:59:22 - [MESSAGE][PASSED] - Delayed 1 second(s)

2019-04-25 09:59:22 - [TEST_STEP][PASSED] - click: Object: 'Object Repository/Page_KiboPush  Dashboard/span_Broadcasts' is clicked on

2019-04-25 09:59:22 - [MESSAGE][PASSED] - Object: 'Object Repository/Page_KiboPush  Dashboard/span_Broadcasts' is clicked on

2019-04-25 09:59:22 - [TEST_STEP][PASSED] - delay: Delayed 1 second(s)

2019-04-25 09:59:23 - [MESSAGE][PASSED] - Delayed 1 second(s)

2019-04-25 09:59:23 - [TEST_STEP][PASSED] - scrollToPosition: Browser is scrolled to position x = 0, y = 0

2019-04-25 09:59:23 - [MESSAGE][PASSED] - Browser is scrolled to position x = 0, y = 0

2019-04-25 09:59:23 - [TEST_STEP][PASSED] - click: Object: 'Object Repository/Page_KiboPush  Broadcast/h3_Manage Broadcasts' is clicked on

2019-04-25 09:59:24 - [MESSAGE][PASSED] - Object: 'Object Repository/Page_KiboPush  Broadcast/h3_Manage Broadcasts' is clicked on

2019-04-25 09:59:24 - [MESSAGE][PASSED] - Call Test Case 'Test Cases/s-sidebar_navigation/individualAccount/broadcast' successfully

2019-04-25 09:59:24 - [MESSAGE][PASSED] - Call Test Case 'Test Cases/s-sidebar_navigation/TeamAccount/Broadcasts' successfully

2019-04-25 09:59:24 - [TEST_STEP][PASSED] - click: Object: 'Object Repository/Page_KiboPush  Broadcast/span_Create New Broadcast' is clicked on

2019-04-25 09:59:24 - [MESSAGE][PASSED] - Object: 'Object Repository/Page_KiboPush  Broadcast/span_Create New Broadcast' is clicked on

2019-04-25 09:59:24 - [TEST_STEP][PASSED] - click: Object: 'Object Repository/Page_KiboPush  Broadcast/h3_Create Broadcast (1) (1)' is clicked on

2019-04-25 09:59:25 - [MESSAGE][PASSED] - Object: 'Object Repository/Page_KiboPush  Broadcast/h3_Create Broadcast (1) (1)' is clicked on

2019-04-25 09:59:25 - [TEST_STEP][PASSED] - click: Object: 'Object Repository/Page_KiboPush  Broadcast/p_To create a new broadcast fr (1)' is clicked on

2019-04-25 09:59:25 - [MESSAGE][PASSED] - Object: 'Object Repository/Page_KiboPush  Broadcast/p_To create a new broadcast fr (1)' is clicked on

2019-04-25 09:59:25 - [TEST_STEP][PASSED] - click: Object: 'Object Repository/Page_KiboPush  Broadcast/a_Create New Broadcast' is clicked on

2019-04-25 09:59:25 - [MESSAGE][PASSED] - Object: 'Object Repository/Page_KiboPush  Broadcast/a_Create New Broadcast' is clicked on]]></system-out>
         <system-err><![CDATA[]]></system-err>
      </testcase>
      <testcase name="Test Cases/Broadcasts/TC0127" classname="Test Cases/Broadcasts/TC0127" status="PASSED">
         <system-out><![CDATA[2019-04-25 09:59:25 - [TEST_CASE][PASSED] - Test Cases/Broadcasts/TC0127: Test Cases/Broadcasts/TC0127

2019-04-25 09:59:26 - [TEST_STEP][PASSED] - callTestCase: Call Test Case 'Test Cases/s-sidebar_navigation/TeamAccount/Broadcasts' successfully

2019-04-25 09:59:26 - [TEST_CASE][PASSED] - Test Cases/s-sidebar_navigation/TeamAccount/Broadcasts: Test Cases/s-sidebar_navigation/TeamAccount/Broadcasts

2019-04-25 09:59:26 - [TEST_STEP][PASSED] - callTestCase: Call Test Case 'Test Cases/s-sidebar_navigation/individualAccount/broadcast' successfully

2019-04-25 09:59:26 - [TEST_CASE][PASSED] - Test Cases/s-sidebar_navigation/individualAccount/broadcast: Test Cases/s-sidebar_navigation/individualAccount/broadcast

2019-04-25 09:59:26 - [TEST_STEP][PASSED] - click: Object: 'Object Repository/Page_KiboPush  Dashboard/span_Polls' is clicked on

2019-04-25 09:59:26 - [MESSAGE][PASSED] - Object: 'Object Repository/Page_KiboPush  Dashboard/span_Polls' is clicked on

2019-04-25 09:59:26 - [TEST_STEP][PASSED] - delay: Delayed 1 second(s)

2019-04-25 09:59:27 - [MESSAGE][PASSED] - Delayed 1 second(s)

2019-04-25 09:59:27 - [TEST_STEP][PASSED] - click: Object: 'Object Repository/Page_KiboPush  Dashboard/span_Broadcasts' is clicked on

2019-04-25 09:59:28 - [MESSAGE][PASSED] - Object: 'Object Repository/Page_KiboPush  Dashboard/span_Broadcasts' is clicked on

2019-04-25 09:59:28 - [TEST_STEP][PASSED] - delay: Delayed 1 second(s)

2019-04-25 09:59:29 - [MESSAGE][PASSED] - Delayed 1 second(s)

2019-04-25 09:59:29 - [TEST_STEP][PASSED] - scrollToPosition: Browser is scrolled to position x = 0, y = 0

2019-04-25 09:59:29 - [MESSAGE][PASSED] - Browser is scrolled to position x = 0, y = 0

2019-04-25 09:59:29 - [TEST_STEP][PASSED] - click: Object: 'Object Repository/Page_KiboPush  Broadcast/h3_Manage Broadcasts' is clicked on

2019-04-25 09:59:29 - [MESSAGE][PASSED] - Object: 'Object Repository/Page_KiboPush  Broadcast/h3_Manage Broadcasts' is clicked on

2019-04-25 09:59:29 - [MESSAGE][PASSED] - Call Test Case 'Test Cases/s-sidebar_navigation/individualAccount/broadcast' successfully

2019-04-25 09:59:29 - [MESSAGE][PASSED] - Call Test Case 'Test Cases/s-sidebar_navigation/TeamAccount/Broadcasts' successfully

2019-04-25 09:59:29 - [TEST_STEP][PASSED] - click: Object: 'Object Repository/Page_KiboPush  Broadcast/span_Create New Broadcast' is clicked on

2019-04-25 09:59:29 - [MESSAGE][PASSED] - Object: 'Object Repository/Page_KiboPush  Broadcast/span_Create New Broadcast' is clicked on

2019-04-25 09:59:29 - [TEST_STEP][PASSED] - click: Object: 'Object Repository/Page_KiboPush  Broadcast/a_Use Template' is clicked on

2019-04-25 09:59:29 - [MESSAGE][PASSED] - Object: 'Object Repository/Page_KiboPush  Broadcast/a_Use Template' is clicked on

2019-04-25 09:59:29 - [TEST_STEP][PASSED] - custom.newKeyword.clickUsingJS: custom.newKeyword.clickUsingJS is PASSED

2019-04-25 09:59:30 - [MESSAGE][PASSED] - custom.newKeyword.clickUsingJS is PASSED]]></system-out>
         <system-err><![CDATA[]]></system-err>
      </testcase>
      <testcase name="Test Cases/Broadcasts/TC0128" classname="Test Cases/Broadcasts/TC0128" status="PASSED">
         <system-out><![CDATA[2019-04-25 09:59:30 - [TEST_CASE][PASSED] - Test Cases/Broadcasts/TC0128: Test Cases/Broadcasts/TC0128

2019-04-25 09:59:30 - [TEST_STEP][PASSED] - callTestCase: Call Test Case 'Test Cases/s-sidebar_navigation/TeamAccount/Broadcasts' successfully

2019-04-25 09:59:30 - [TEST_CASE][PASSED] - Test Cases/s-sidebar_navigation/TeamAccount/Broadcasts: Test Cases/s-sidebar_navigation/TeamAccount/Broadcasts

2019-04-25 09:59:30 - [TEST_STEP][PASSED] - callTestCase: Call Test Case 'Test Cases/s-sidebar_navigation/individualAccount/broadcast' successfully

2019-04-25 09:59:30 - [TEST_CASE][PASSED] - Test Cases/s-sidebar_navigation/individualAccount/broadcast: Test Cases/s-sidebar_navigation/individualAccount/broadcast

2019-04-25 09:59:30 - [TEST_STEP][PASSED] - click: Object: 'Object Repository/Page_KiboPush  Dashboard/span_Polls' is clicked on

2019-04-25 09:59:32 - [MESSAGE][PASSED] - Object: 'Object Repository/Page_KiboPush  Dashboard/span_Polls' is clicked on

2019-04-25 09:59:32 - [TEST_STEP][PASSED] - delay: Delayed 1 second(s)

2019-04-25 09:59:33 - [MESSAGE][PASSED] - Delayed 1 second(s)

2019-04-25 09:59:33 - [TEST_STEP][PASSED] - click: Object: 'Object Repository/Page_KiboPush  Dashboard/span_Broadcasts' is clicked on

2019-04-25 09:59:33 - [MESSAGE][PASSED] - Object: 'Object Repository/Page_KiboPush  Dashboard/span_Broadcasts' is clicked on

2019-04-25 09:59:33 - [TEST_STEP][PASSED] - delay: Delayed 1 second(s)

2019-04-25 09:59:34 - [MESSAGE][PASSED] - Delayed 1 second(s)

2019-04-25 09:59:34 - [TEST_STEP][PASSED] - scrollToPosition: Browser is scrolled to position x = 0, y = 0

2019-04-25 09:59:34 - [MESSAGE][PASSED] - Browser is scrolled to position x = 0, y = 0

2019-04-25 09:59:34 - [TEST_STEP][PASSED] - click: Object: 'Object Repository/Page_KiboPush  Broadcast/h3_Manage Broadcasts' is clicked on

2019-04-25 09:59:34 - [MESSAGE][PASSED] - Object: 'Object Repository/Page_KiboPush  Broadcast/h3_Manage Broadcasts' is clicked on

2019-04-25 09:59:34 - [MESSAGE][PASSED] - Call Test Case 'Test Cases/s-sidebar_navigation/individualAccount/broadcast' successfully

2019-04-25 09:59:34 - [MESSAGE][PASSED] - Call Test Case 'Test Cases/s-sidebar_navigation/TeamAccount/Broadcasts' successfully

2019-04-25 09:59:34 - [TEST_STEP][PASSED] - click: Object: 'Object Repository/Page_KiboPush  Broadcast/span_Create New Broadcast' is clicked on

2019-04-25 09:59:34 - [MESSAGE][PASSED] - Object: 'Object Repository/Page_KiboPush  Broadcast/span_Create New Broadcast' is clicked on

2019-04-25 09:59:34 - [TEST_STEP][PASSED] - click: Object: 'Object Repository/Page_KiboPush  Broadcast/a_Use Template' is clicked on

2019-04-25 09:59:34 - [MESSAGE][PASSED] - Object: 'Object Repository/Page_KiboPush  Broadcast/a_Use Template' is clicked on

2019-04-25 09:59:34 - [TEST_STEP][PASSED] - delay: Delayed 2 second(s)

2019-04-25 09:59:36 - [MESSAGE][PASSED] - Delayed 2 second(s)

2019-04-25 09:59:36 - [TEST_STEP][PASSED] - Statement - driver = com.kms.katalon.core.webui.driver.DriverFactory.getWebDriver(): null

2019-04-25 09:59:36 - [TEST_STEP][PASSED] - Statement - templates = driver.findElements(org.openqa.selenium.By.className("m-widget4__item")): null

2019-04-25 09:59:36 - [TEST_STEP][PASSED] - Statement - println(templates.size()): null

2019-04-25 09:59:36 - [TEST_STEP][PASSED] - Statement - If (templates.size() < 10): null]]></system-out>
         <system-err><![CDATA[]]></system-err>
      </testcase>
      <testcase name="Test Cases/Broadcasts/TC0129" classname="Test Cases/Broadcasts/TC0129" status="PASSED">
         <system-out><![CDATA[2019-04-25 09:59:36 - [TEST_CASE][PASSED] - Test Cases/Broadcasts/TC0129: Test Cases/Broadcasts/TC0129

2019-04-25 09:59:37 - [TEST_STEP][PASSED] - callTestCase: Call Test Case 'Test Cases/s-sidebar_navigation/TeamAccount/Broadcasts' successfully

2019-04-25 09:59:37 - [TEST_CASE][PASSED] - Test Cases/s-sidebar_navigation/TeamAccount/Broadcasts: Test Cases/s-sidebar_navigation/TeamAccount/Broadcasts

2019-04-25 09:59:37 - [TEST_STEP][PASSED] - callTestCase: Call Test Case 'Test Cases/s-sidebar_navigation/individualAccount/broadcast' successfully

2019-04-25 09:59:37 - [TEST_CASE][PASSED] - Test Cases/s-sidebar_navigation/individualAccount/broadcast: Test Cases/s-sidebar_navigation/individualAccount/broadcast

2019-04-25 09:59:37 - [TEST_STEP][PASSED] - click: Object: 'Object Repository/Page_KiboPush  Dashboard/span_Polls' is clicked on

2019-04-25 09:59:37 - [MESSAGE][PASSED] - Object: 'Object Repository/Page_KiboPush  Dashboard/span_Polls' is clicked on

2019-04-25 09:59:37 - [TEST_STEP][PASSED] - delay: Delayed 1 second(s)

2019-04-25 09:59:38 - [MESSAGE][PASSED] - Delayed 1 second(s)

2019-04-25 09:59:38 - [TEST_STEP][PASSED] - click: Object: 'Object Repository/Page_KiboPush  Dashboard/span_Broadcasts' is clicked on

2019-04-25 09:59:39 - [MESSAGE][PASSED] - Object: 'Object Repository/Page_KiboPush  Dashboard/span_Broadcasts' is clicked on

2019-04-25 09:59:39 - [TEST_STEP][PASSED] - delay: Delayed 1 second(s)

2019-04-25 09:59:40 - [MESSAGE][PASSED] - Delayed 1 second(s)

2019-04-25 09:59:40 - [TEST_STEP][PASSED] - scrollToPosition: Browser is scrolled to position x = 0, y = 0

2019-04-25 09:59:40 - [MESSAGE][PASSED] - Browser is scrolled to position x = 0, y = 0

2019-04-25 09:59:40 - [TEST_STEP][PASSED] - click: Object: 'Object Repository/Page_KiboPush  Broadcast/h3_Manage Broadcasts' is clicked on

2019-04-25 09:59:40 - [MESSAGE][PASSED] - Object: 'Object Repository/Page_KiboPush  Broadcast/h3_Manage Broadcasts' is clicked on

2019-04-25 09:59:40 - [MESSAGE][PASSED] - Call Test Case 'Test Cases/s-sidebar_navigation/individualAccount/broadcast' successfully

2019-04-25 09:59:40 - [MESSAGE][PASSED] - Call Test Case 'Test Cases/s-sidebar_navigation/TeamAccount/Broadcasts' successfully

2019-04-25 09:59:40 - [TEST_STEP][PASSED] - click: Object: 'Object Repository/Page_KiboPush  Broadcast/span_Create New Broadcast' is clicked on

2019-04-25 09:59:40 - [MESSAGE][PASSED] - Object: 'Object Repository/Page_KiboPush  Broadcast/span_Create New Broadcast' is clicked on

2019-04-25 09:59:40 - [TEST_STEP][PASSED] - click: Object: 'Object Repository/Page_KiboPush  Broadcast/a_Use Template' is clicked on

2019-04-25 09:59:41 - [MESSAGE][PASSED] - Object: 'Object Repository/Page_KiboPush  Broadcast/a_Use Template' is clicked on

2019-04-25 09:59:41 - [TEST_STEP][PASSED] - selectOptionByValue: All options with value 'Customer Behavior' are selected in object 'Object Repository/Page_KiboPush  Broadcast/select_Filter by Category...Al'  using regular expression

2019-04-25 09:59:43 - [MESSAGE][PASSED] - All options with value 'Customer Behavior' are selected in object 'Object Repository/Page_KiboPush  Broadcast/select_Filter by Category...Al'  using regular expression

2019-04-25 09:59:43 - [TEST_STEP][PASSED] - click: Object: 'Object Repository/Page_KiboPush  Broadcast/span_Category Customer Behavio' is clicked on

2019-04-25 09:59:43 - [MESSAGE][PASSED] - Object: 'Object Repository/Page_KiboPush  Broadcast/span_Category Customer Behavio' is clicked on]]></system-out>
         <system-err><![CDATA[]]></system-err>
      </testcase>
      <testcase name="Test Cases/Broadcasts/TC0130" classname="Test Cases/Broadcasts/TC0130" status="PASSED">
         <system-out><![CDATA[2019-04-25 09:59:43 - [TEST_CASE][PASSED] - Test Cases/Broadcasts/TC0130: Test Cases/Broadcasts/TC0130

2019-04-25 09:59:44 - [TEST_STEP][PASSED] - callTestCase: Call Test Case 'Test Cases/s-sidebar_navigation/TeamAccount/Broadcasts' successfully

2019-04-25 09:59:44 - [TEST_CASE][PASSED] - Test Cases/s-sidebar_navigation/TeamAccount/Broadcasts: Test Cases/s-sidebar_navigation/TeamAccount/Broadcasts

2019-04-25 09:59:44 - [TEST_STEP][PASSED] - callTestCase: Call Test Case 'Test Cases/s-sidebar_navigation/individualAccount/broadcast' successfully

2019-04-25 09:59:44 - [TEST_CASE][PASSED] - Test Cases/s-sidebar_navigation/individualAccount/broadcast: Test Cases/s-sidebar_navigation/individualAccount/broadcast

2019-04-25 09:59:44 - [TEST_STEP][PASSED] - click: Object: 'Object Repository/Page_KiboPush  Dashboard/span_Polls' is clicked on

2019-04-25 09:59:45 - [MESSAGE][PASSED] - Object: 'Object Repository/Page_KiboPush  Dashboard/span_Polls' is clicked on

2019-04-25 09:59:45 - [TEST_STEP][PASSED] - delay: Delayed 1 second(s)

2019-04-25 09:59:46 - [MESSAGE][PASSED] - Delayed 1 second(s)

2019-04-25 09:59:46 - [TEST_STEP][PASSED] - click: Object: 'Object Repository/Page_KiboPush  Dashboard/span_Broadcasts' is clicked on

2019-04-25 09:59:46 - [MESSAGE][PASSED] - Object: 'Object Repository/Page_KiboPush  Dashboard/span_Broadcasts' is clicked on

2019-04-25 09:59:46 - [TEST_STEP][PASSED] - delay: Delayed 1 second(s)

2019-04-25 09:59:47 - [MESSAGE][PASSED] - Delayed 1 second(s)

2019-04-25 09:59:47 - [TEST_STEP][PASSED] - scrollToPosition: Browser is scrolled to position x = 0, y = 0

2019-04-25 09:59:47 - [MESSAGE][PASSED] - Browser is scrolled to position x = 0, y = 0

2019-04-25 09:59:47 - [TEST_STEP][PASSED] - click: Object: 'Object Repository/Page_KiboPush  Broadcast/h3_Manage Broadcasts' is clicked on

2019-04-25 09:59:47 - [MESSAGE][PASSED] - Object: 'Object Repository/Page_KiboPush  Broadcast/h3_Manage Broadcasts' is clicked on

2019-04-25 09:59:47 - [MESSAGE][PASSED] - Call Test Case 'Test Cases/s-sidebar_navigation/individualAccount/broadcast' successfully

2019-04-25 09:59:47 - [MESSAGE][PASSED] - Call Test Case 'Test Cases/s-sidebar_navigation/TeamAccount/Broadcasts' successfully

2019-04-25 09:59:47 - [TEST_STEP][PASSED] - click: Object: 'Object Repository/Page_KiboPush  Broadcast/span_Create New Broadcast (4)' is clicked on

2019-04-25 09:59:49 - [MESSAGE][PASSED] - Object: 'Object Repository/Page_KiboPush  Broadcast/span_Create New Broadcast (4)' is clicked on

2019-04-25 09:59:49 - [TEST_STEP][PASSED] - click: Object: 'Object Repository/Page_KiboPush  Broadcast/a_Use Template (3)' is clicked on

2019-04-25 09:59:49 - [MESSAGE][PASSED] - Object: 'Object Repository/Page_KiboPush  Broadcast/a_Use Template (3)' is clicked on

2019-04-25 09:59:49 - [TEST_STEP][PASSED] - delay: Delayed 2 second(s)

2019-04-25 09:59:51 - [MESSAGE][PASSED] - Delayed 2 second(s)

2019-04-25 09:59:51 - [TEST_STEP][PASSED] - click: Object: 'Object Repository/Page_KiboPush  Broadcast/a_Edit Template (1)' is clicked on

2019-04-25 09:59:52 - [MESSAGE][PASSED] - Object: 'Object Repository/Page_KiboPush  Broadcast/a_Edit Template (1)' is clicked on

2019-04-25 09:59:52 - [TEST_STEP][PASSED] - delay: Delayed 1 second(s)

2019-04-25 09:59:53 - [MESSAGE][PASSED] - Delayed 1 second(s)

2019-04-25 09:59:53 - [TEST_STEP][PASSED] - scrollToPosition: Browser is scrolled to position x = 0, y = 0

2019-04-25 09:59:54 - [MESSAGE][PASSED] - Browser is scrolled to position x = 0, y = 0]]></system-out>
         <system-err><![CDATA[]]></system-err>
      </testcase>
      <testcase name="Test Cases/Broadcasts/TC0131" classname="Test Cases/Broadcasts/TC0131" status="PASSED">
         <system-out><![CDATA[2019-04-25 09:59:54 - [TEST_CASE][PASSED] - Test Cases/Broadcasts/TC0131: Test Cases/Broadcasts/TC0131

2019-04-25 09:59:54 - [TEST_STEP][PASSED] - callTestCase: Call Test Case 'Test Cases/s-sidebar_navigation/TeamAccount/Broadcasts' successfully

2019-04-25 09:59:54 - [TEST_CASE][PASSED] - Test Cases/s-sidebar_navigation/TeamAccount/Broadcasts: Test Cases/s-sidebar_navigation/TeamAccount/Broadcasts

2019-04-25 09:59:54 - [TEST_STEP][PASSED] - callTestCase: Call Test Case 'Test Cases/s-sidebar_navigation/individualAccount/broadcast' successfully

2019-04-25 09:59:54 - [TEST_CASE][PASSED] - Test Cases/s-sidebar_navigation/individualAccount/broadcast: Test Cases/s-sidebar_navigation/individualAccount/broadcast

2019-04-25 09:59:54 - [TEST_STEP][PASSED] - click: Object: 'Object Repository/Page_KiboPush  Dashboard/span_Polls' is clicked on

2019-04-25 09:59:55 - [MESSAGE][PASSED] - Object: 'Object Repository/Page_KiboPush  Dashboard/span_Polls' is clicked on

2019-04-25 09:59:55 - [TEST_STEP][PASSED] - delay: Delayed 1 second(s)

2019-04-25 09:59:56 - [MESSAGE][PASSED] - Delayed 1 second(s)

2019-04-25 09:59:56 - [TEST_STEP][PASSED] - click: Object: 'Object Repository/Page_KiboPush  Dashboard/span_Broadcasts' is clicked on

2019-04-25 09:59:56 - [MESSAGE][PASSED] - Object: 'Object Repository/Page_KiboPush  Dashboard/span_Broadcasts' is clicked on

2019-04-25 09:59:56 - [TEST_STEP][PASSED] - delay: Delayed 1 second(s)

2019-04-25 09:59:57 - [MESSAGE][PASSED] - Delayed 1 second(s)

2019-04-25 09:59:57 - [TEST_STEP][PASSED] - scrollToPosition: Browser is scrolled to position x = 0, y = 0

2019-04-25 09:59:57 - [MESSAGE][PASSED] - Browser is scrolled to position x = 0, y = 0

2019-04-25 09:59:57 - [TEST_STEP][PASSED] - click: Object: 'Object Repository/Page_KiboPush  Broadcast/h3_Manage Broadcasts' is clicked on

2019-04-25 09:59:57 - [MESSAGE][PASSED] - Object: 'Object Repository/Page_KiboPush  Broadcast/h3_Manage Broadcasts' is clicked on

2019-04-25 09:59:57 - [MESSAGE][PASSED] - Call Test Case 'Test Cases/s-sidebar_navigation/individualAccount/broadcast' successfully

2019-04-25 09:59:57 - [MESSAGE][PASSED] - Call Test Case 'Test Cases/s-sidebar_navigation/TeamAccount/Broadcasts' successfully

2019-04-25 09:59:57 - [TEST_STEP][PASSED] - click: Object: 'Object Repository/Page_KiboPush  Broadcast/span_Create New Broadcast' is clicked on

2019-04-25 09:59:58 - [MESSAGE][PASSED] - Object: 'Object Repository/Page_KiboPush  Broadcast/span_Create New Broadcast' is clicked on

2019-04-25 09:59:58 - [TEST_STEP][PASSED] - click: Object: 'Object Repository/Page_KiboPush  Broadcast/a_Create New Broadcast' is clicked on

2019-04-25 09:59:58 - [MESSAGE][PASSED] - Object: 'Object Repository/Page_KiboPush  Broadcast/a_Create New Broadcast' is clicked on

2019-04-25 09:59:58 - [TEST_STEP][PASSED] - delay: Delayed 1 second(s)

2019-04-25 09:59:59 - [MESSAGE][PASSED] - Delayed 1 second(s)

2019-04-25 09:59:59 - [TEST_STEP][PASSED] - click: Object: 'Object Repository/Page_KiboPush  Create Broadcast/div_Text_1' is clicked on

2019-04-25 10:00:00 - [MESSAGE][PASSED] - Object: 'Object Repository/Page_KiboPush  Create Broadcast/div_Text_1' is clicked on]]></system-out>
         <system-err><![CDATA[]]></system-err>
      </testcase>
      <testcase name="Test Cases/Broadcasts/TC0132" classname="Test Cases/Broadcasts/TC0132" status="PASSED">
         <system-out><![CDATA[2019-04-25 10:00:00 - [TEST_CASE][PASSED] - Test Cases/Broadcasts/TC0132: Test Cases/Broadcasts/TC0132

2019-04-25 10:00:01 - [TEST_STEP][PASSED] - callTestCase: Call Test Case 'Test Cases/s-sidebar_navigation/TeamAccount/Broadcasts' successfully

2019-04-25 10:00:01 - [TEST_CASE][PASSED] - Test Cases/s-sidebar_navigation/TeamAccount/Broadcasts: Test Cases/s-sidebar_navigation/TeamAccount/Broadcasts

2019-04-25 10:00:01 - [TEST_STEP][PASSED] - callTestCase: Call Test Case 'Test Cases/s-sidebar_navigation/individualAccount/broadcast' successfully

2019-04-25 10:00:01 - [TEST_CASE][PASSED] - Test Cases/s-sidebar_navigation/individualAccount/broadcast: Test Cases/s-sidebar_navigation/individualAccount/broadcast

2019-04-25 10:00:01 - [TEST_STEP][PASSED] - click: Object: 'Object Repository/Page_KiboPush  Dashboard/span_Polls' is clicked on

2019-04-25 10:00:01 - [MESSAGE][PASSED] - Object: 'Object Repository/Page_KiboPush  Dashboard/span_Polls' is clicked on

2019-04-25 10:00:01 - [TEST_STEP][PASSED] - delay: Delayed 1 second(s)

2019-04-25 10:00:02 - [MESSAGE][PASSED] - Delayed 1 second(s)

2019-04-25 10:00:02 - [TEST_STEP][PASSED] - click: Object: 'Object Repository/Page_KiboPush  Dashboard/span_Broadcasts' is clicked on

2019-04-25 10:00:03 - [MESSAGE][PASSED] - Object: 'Object Repository/Page_KiboPush  Dashboard/span_Broadcasts' is clicked on

2019-04-25 10:00:03 - [TEST_STEP][PASSED] - delay: Delayed 1 second(s)

2019-04-25 10:00:04 - [MESSAGE][PASSED] - Delayed 1 second(s)

2019-04-25 10:00:04 - [TEST_STEP][PASSED] - scrollToPosition: Browser is scrolled to position x = 0, y = 0

2019-04-25 10:00:04 - [MESSAGE][PASSED] - Browser is scrolled to position x = 0, y = 0

2019-04-25 10:00:04 - [TEST_STEP][PASSED] - click: Object: 'Object Repository/Page_KiboPush  Broadcast/h3_Manage Broadcasts' is clicked on

2019-04-25 10:00:04 - [MESSAGE][PASSED] - Object: 'Object Repository/Page_KiboPush  Broadcast/h3_Manage Broadcasts' is clicked on

2019-04-25 10:00:04 - [MESSAGE][PASSED] - Call Test Case 'Test Cases/s-sidebar_navigation/individualAccount/broadcast' successfully

2019-04-25 10:00:04 - [MESSAGE][PASSED] - Call Test Case 'Test Cases/s-sidebar_navigation/TeamAccount/Broadcasts' successfully

2019-04-25 10:00:04 - [TEST_STEP][PASSED] - click: Object: 'Object Repository/Page_KiboPush  Broadcast/span_Create New Broadcast' is clicked on

2019-04-25 10:00:05 - [MESSAGE][PASSED] - Object: 'Object Repository/Page_KiboPush  Broadcast/span_Create New Broadcast' is clicked on

2019-04-25 10:00:05 - [TEST_STEP][PASSED] - click: Object: 'Object Repository/Page_KiboPush  Broadcast/a_Create New Broadcast' is clicked on

2019-04-25 10:00:07 - [MESSAGE][PASSED] - Object: 'Object Repository/Page_KiboPush  Broadcast/a_Create New Broadcast' is clicked on

2019-04-25 10:00:07 - [TEST_STEP][PASSED] - delay: Delayed 1 second(s)

2019-04-25 10:00:08 - [MESSAGE][PASSED] - Delayed 1 second(s)

2019-04-25 10:00:08 - [TEST_STEP][PASSED] - click: Object: 'Object Repository/Page_KiboPush  Create Broadcast/div_Text_1' is clicked on

2019-04-25 10:00:08 - [MESSAGE][PASSED] - Object: 'Object Repository/Page_KiboPush  Create Broadcast/div_Text_1' is clicked on

2019-04-25 10:00:08 - [TEST_STEP][PASSED] - scrollToPosition: Browser is scrolled to position x = 0, y = 0

2019-04-25 10:00:08 - [MESSAGE][PASSED] - Browser is scrolled to position x = 0, y = 0

2019-04-25 10:00:08 - [TEST_STEP][PASSED] - delay: Delayed 3 second(s)

2019-04-25 10:00:11 - [MESSAGE][PASSED] - Delayed 3 second(s)

2019-04-25 10:00:11 - [TEST_STEP][PASSED] - click: Object: 'Object Repository/Page_KiboPush  Create Broadcast/button_Next' is clicked on

2019-04-25 10:00:12 - [MESSAGE][PASSED] - Object: 'Object Repository/Page_KiboPush  Create Broadcast/button_Next' is clicked on

2019-04-25 10:00:12 - [TEST_STEP][PASSED] - delay: Delayed 3 second(s)

2019-04-25 10:00:15 - [MESSAGE][PASSED] - Delayed 3 second(s)

2019-04-25 10:00:15 - [TEST_STEP][PASSED] - click: Object: 'Object Repository/Page_KiboPush  Create Broadcast/div_Text cannot be empty' is clicked on

2019-04-25 10:00:15 - [MESSAGE][PASSED] - Object: 'Object Repository/Page_KiboPush  Create Broadcast/div_Text cannot be empty' is clicked on]]></system-out>
         <system-err><![CDATA[]]></system-err>
      </testcase>
      <testcase name="Test Cases/Broadcasts/TC0133" classname="Test Cases/Broadcasts/TC0133" status="PASSED">
         <system-out><![CDATA[2019-04-25 10:00:15 - [TEST_CASE][PASSED] - Test Cases/Broadcasts/TC0133: Test Cases/Broadcasts/TC0133

2019-04-25 10:00:15 - [TEST_STEP][PASSED] - callTestCase: Call Test Case 'Test Cases/s-sidebar_navigation/TeamAccount/Broadcasts' successfully

2019-04-25 10:00:15 - [TEST_CASE][PASSED] - Test Cases/s-sidebar_navigation/TeamAccount/Broadcasts: Test Cases/s-sidebar_navigation/TeamAccount/Broadcasts

2019-04-25 10:00:15 - [TEST_STEP][PASSED] - callTestCase: Call Test Case 'Test Cases/s-sidebar_navigation/individualAccount/broadcast' successfully

2019-04-25 10:00:15 - [TEST_CASE][PASSED] - Test Cases/s-sidebar_navigation/individualAccount/broadcast: Test Cases/s-sidebar_navigation/individualAccount/broadcast

2019-04-25 10:00:15 - [TEST_STEP][PASSED] - click: Object: 'Object Repository/Page_KiboPush  Dashboard/span_Polls' is clicked on

2019-04-25 10:00:16 - [MESSAGE][PASSED] - Object: 'Object Repository/Page_KiboPush  Dashboard/span_Polls' is clicked on

2019-04-25 10:00:16 - [TEST_STEP][PASSED] - delay: Delayed 1 second(s)

2019-04-25 10:00:17 - [MESSAGE][PASSED] - Delayed 1 second(s)

2019-04-25 10:00:17 - [TEST_STEP][PASSED] - click: Object: 'Object Repository/Page_KiboPush  Dashboard/span_Broadcasts' is clicked on

2019-04-25 10:00:17 - [MESSAGE][PASSED] - Object: 'Object Repository/Page_KiboPush  Dashboard/span_Broadcasts' is clicked on

2019-04-25 10:00:17 - [TEST_STEP][PASSED] - delay: Delayed 1 second(s)

2019-04-25 10:00:18 - [MESSAGE][PASSED] - Delayed 1 second(s)

2019-04-25 10:00:18 - [TEST_STEP][PASSED] - scrollToPosition: Browser is scrolled to position x = 0, y = 0

2019-04-25 10:00:18 - [MESSAGE][PASSED] - Browser is scrolled to position x = 0, y = 0

2019-04-25 10:00:18 - [TEST_STEP][PASSED] - click: Object: 'Object Repository/Page_KiboPush  Broadcast/h3_Manage Broadcasts' is clicked on

2019-04-25 10:00:18 - [MESSAGE][PASSED] - Object: 'Object Repository/Page_KiboPush  Broadcast/h3_Manage Broadcasts' is clicked on

2019-04-25 10:00:18 - [MESSAGE][PASSED] - Call Test Case 'Test Cases/s-sidebar_navigation/individualAccount/broadcast' successfully

2019-04-25 10:00:18 - [MESSAGE][PASSED] - Call Test Case 'Test Cases/s-sidebar_navigation/TeamAccount/Broadcasts' successfully

2019-04-25 10:00:18 - [TEST_STEP][PASSED] - click: Object: 'Object Repository/Page_KiboPush  Broadcast/span_Create New Broadcast' is clicked on

2019-04-25 10:00:19 - [MESSAGE][PASSED] - Object: 'Object Repository/Page_KiboPush  Broadcast/span_Create New Broadcast' is clicked on

2019-04-25 10:00:19 - [TEST_STEP][PASSED] - click: Object: 'Object Repository/Page_KiboPush  Broadcast/a_Create New Broadcast' is clicked on

2019-04-25 10:00:20 - [MESSAGE][PASSED] - Object: 'Object Repository/Page_KiboPush  Broadcast/a_Create New Broadcast' is clicked on

2019-04-25 10:00:20 - [TEST_STEP][PASSED] - delay: Delayed 1 second(s)

2019-04-25 10:00:21 - [MESSAGE][PASSED] - Delayed 1 second(s)

2019-04-25 10:00:21 - [TEST_STEP][PASSED] - click: Object: 'Object Repository/Page_KiboPush  Create Broadcast/div_Text' is clicked on

2019-04-25 10:00:21 - [MESSAGE][PASSED] - Object: 'Object Repository/Page_KiboPush  Create Broadcast/div_Text' is clicked on

2019-04-25 10:00:21 - [TEST_STEP][PASSED] - click: Object: 'Object Repository/Page_KiboPush  Create Broadcast/div_ Add Button' is clicked on

2019-04-25 10:00:22 - [MESSAGE][PASSED] - Object: 'Object Repository/Page_KiboPush  Create Broadcast/div_ Add Button' is clicked on

2019-04-25 10:00:22 - [TEST_STEP][PASSED] - setText: Text 'KiboPush' is set on object 'Object Repository/Page_KiboPush  Create Broadcast/input_form-control (9)'

2019-04-25 10:00:22 - [MESSAGE][PASSED] - Text 'KiboPush' is set on object 'Object Repository/Page_KiboPush  Create Broadcast/input_form-control (9)'

2019-04-25 10:00:22 - [TEST_STEP][PASSED] - click: Object: 'Object Repository/Page_KiboPush  Create Broadcast/div_Open a website (5)' is clicked on

2019-04-25 10:00:22 - [MESSAGE][PASSED] - Object: 'Object Repository/Page_KiboPush  Create Broadcast/div_Open a website (5)' is clicked on

2019-04-25 10:00:22 - [TEST_STEP][PASSED] - setText: Text 'kibopush.com' is set on object 'Object Repository/Page_KiboPush  Create Broadcast/input_form-control_1 (5)'

2019-04-25 10:00:23 - [MESSAGE][PASSED] - Text 'kibopush.com' is set on object 'Object Repository/Page_KiboPush  Create Broadcast/input_form-control_1 (5)'

2019-04-25 10:00:23 - [TEST_STEP][PASSED] - click: Object: 'Object Repository/Page_KiboPush  Create Broadcast/button_Done (5)' is clicked on

2019-04-25 10:00:23 - [MESSAGE][PASSED] - Object: 'Object Repository/Page_KiboPush  Create Broadcast/button_Done (5)' is clicked on]]></system-out>
         <system-err><![CDATA[]]></system-err>
      </testcase>
      <testcase name="Test Cases/Broadcasts/TC0137" classname="Test Cases/Broadcasts/TC0137" status="PASSED">
         <system-out><![CDATA[2019-04-25 10:00:23 - [TEST_CASE][PASSED] - Test Cases/Broadcasts/TC0137: Test Cases/Broadcasts/TC0137

2019-04-25 10:00:24 - [TEST_STEP][PASSED] - callTestCase: Call Test Case 'Test Cases/s-sidebar_navigation/TeamAccount/Broadcasts' successfully

2019-04-25 10:00:24 - [TEST_CASE][PASSED] - Test Cases/s-sidebar_navigation/TeamAccount/Broadcasts: Test Cases/s-sidebar_navigation/TeamAccount/Broadcasts

2019-04-25 10:00:24 - [TEST_STEP][PASSED] - callTestCase: Call Test Case 'Test Cases/s-sidebar_navigation/individualAccount/broadcast' successfully

2019-04-25 10:00:24 - [TEST_CASE][PASSED] - Test Cases/s-sidebar_navigation/individualAccount/broadcast: Test Cases/s-sidebar_navigation/individualAccount/broadcast

2019-04-25 10:00:24 - [TEST_STEP][PASSED] - click: Object: 'Object Repository/Page_KiboPush  Dashboard/span_Polls' is clicked on

2019-04-25 10:00:24 - [MESSAGE][PASSED] - Object: 'Object Repository/Page_KiboPush  Dashboard/span_Polls' is clicked on

2019-04-25 10:00:24 - [TEST_STEP][PASSED] - delay: Delayed 1 second(s)

2019-04-25 10:00:25 - [MESSAGE][PASSED] - Delayed 1 second(s)

2019-04-25 10:00:25 - [TEST_STEP][PASSED] - click: Object: 'Object Repository/Page_KiboPush  Dashboard/span_Broadcasts' is clicked on

2019-04-25 10:00:25 - [MESSAGE][PASSED] - Object: 'Object Repository/Page_KiboPush  Dashboard/span_Broadcasts' is clicked on

2019-04-25 10:00:25 - [TEST_STEP][PASSED] - delay: Delayed 1 second(s)

2019-04-25 10:00:26 - [MESSAGE][PASSED] - Delayed 1 second(s)

2019-04-25 10:00:26 - [TEST_STEP][PASSED] - scrollToPosition: Browser is scrolled to position x = 0, y = 0

2019-04-25 10:00:26 - [MESSAGE][PASSED] - Browser is scrolled to position x = 0, y = 0

2019-04-25 10:00:26 - [TEST_STEP][PASSED] - click: Object: 'Object Repository/Page_KiboPush  Broadcast/h3_Manage Broadcasts' is clicked on

2019-04-25 10:00:27 - [MESSAGE][PASSED] - Object: 'Object Repository/Page_KiboPush  Broadcast/h3_Manage Broadcasts' is clicked on

2019-04-25 10:00:27 - [MESSAGE][PASSED] - Call Test Case 'Test Cases/s-sidebar_navigation/individualAccount/broadcast' successfully

2019-04-25 10:00:27 - [MESSAGE][PASSED] - Call Test Case 'Test Cases/s-sidebar_navigation/TeamAccount/Broadcasts' successfully

2019-04-25 10:00:27 - [TEST_STEP][PASSED] - click: Object: 'Object Repository/Page_KiboPush  Broadcast/span_Create New Broadcast' is clicked on

2019-04-25 10:00:27 - [MESSAGE][PASSED] - Object: 'Object Repository/Page_KiboPush  Broadcast/span_Create New Broadcast' is clicked on

2019-04-25 10:00:27 - [TEST_STEP][PASSED] - click: Object: 'Object Repository/Page_KiboPush  Broadcast/a_Create New Broadcast' is clicked on

2019-04-25 10:00:27 - [MESSAGE][PASSED] - Object: 'Object Repository/Page_KiboPush  Broadcast/a_Create New Broadcast' is clicked on

2019-04-25 10:00:27 - [TEST_STEP][PASSED] - delay: Delayed 1 second(s)

2019-04-25 10:00:28 - [MESSAGE][PASSED] - Delayed 1 second(s)

2019-04-25 10:00:28 - [TEST_STEP][PASSED] - click: Object: 'Object Repository/Page_KiboPush  Create Broadcast/div_Image (2)' is clicked on

2019-04-25 10:00:29 - [MESSAGE][PASSED] - Object: 'Object Repository/Page_KiboPush  Create Broadcast/div_Image (2)' is clicked on

2019-04-25 10:00:29 - [TEST_STEP][PASSED] - delay: Delayed 1 second(s)

2019-04-25 10:00:30 - [MESSAGE][PASSED] - Delayed 1 second(s)]]></system-out>
         <system-err><![CDATA[]]></system-err>
      </testcase>
      <testcase name="Test Cases/Broadcasts/TC0138" classname="Test Cases/Broadcasts/TC0138" status="PASSED">
         <system-out><![CDATA[2019-04-25 10:00:30 - [TEST_CASE][PASSED] - Test Cases/Broadcasts/TC0138: Test Cases/Broadcasts/TC0138

2019-04-25 10:00:30 - [TEST_STEP][PASSED] - callTestCase: Call Test Case 'Test Cases/s-sidebar_navigation/TeamAccount/Broadcasts' successfully

2019-04-25 10:00:30 - [TEST_CASE][PASSED] - Test Cases/s-sidebar_navigation/TeamAccount/Broadcasts: Test Cases/s-sidebar_navigation/TeamAccount/Broadcasts

2019-04-25 10:00:30 - [TEST_STEP][PASSED] - callTestCase: Call Test Case 'Test Cases/s-sidebar_navigation/individualAccount/broadcast' successfully

2019-04-25 10:00:30 - [TEST_CASE][PASSED] - Test Cases/s-sidebar_navigation/individualAccount/broadcast: Test Cases/s-sidebar_navigation/individualAccount/broadcast

2019-04-25 10:00:30 - [TEST_STEP][PASSED] - click: Object: 'Object Repository/Page_KiboPush  Dashboard/span_Polls' is clicked on

2019-04-25 10:00:31 - [MESSAGE][PASSED] - Object: 'Object Repository/Page_KiboPush  Dashboard/span_Polls' is clicked on

2019-04-25 10:00:31 - [TEST_STEP][PASSED] - delay: Delayed 1 second(s)

2019-04-25 10:00:32 - [MESSAGE][PASSED] - Delayed 1 second(s)

2019-04-25 10:00:32 - [TEST_STEP][PASSED] - click: Object: 'Object Repository/Page_KiboPush  Dashboard/span_Broadcasts' is clicked on

2019-04-25 10:00:32 - [MESSAGE][PASSED] - Object: 'Object Repository/Page_KiboPush  Dashboard/span_Broadcasts' is clicked on

2019-04-25 10:00:32 - [TEST_STEP][PASSED] - delay: Delayed 1 second(s)

2019-04-25 10:00:33 - [MESSAGE][PASSED] - Delayed 1 second(s)

2019-04-25 10:00:33 - [TEST_STEP][PASSED] - scrollToPosition: Browser is scrolled to position x = 0, y = 0

2019-04-25 10:00:33 - [MESSAGE][PASSED] - Browser is scrolled to position x = 0, y = 0

2019-04-25 10:00:33 - [TEST_STEP][PASSED] - click: Object: 'Object Repository/Page_KiboPush  Broadcast/h3_Manage Broadcasts' is clicked on

2019-04-25 10:00:34 - [MESSAGE][PASSED] - Object: 'Object Repository/Page_KiboPush  Broadcast/h3_Manage Broadcasts' is clicked on

2019-04-25 10:00:34 - [MESSAGE][PASSED] - Call Test Case 'Test Cases/s-sidebar_navigation/individualAccount/broadcast' successfully

2019-04-25 10:00:34 - [MESSAGE][PASSED] - Call Test Case 'Test Cases/s-sidebar_navigation/TeamAccount/Broadcasts' successfully

2019-04-25 10:00:34 - [TEST_STEP][PASSED] - click: Object: 'Object Repository/Page_KiboPush  Broadcast/span_Create New Broadcast (5)' is clicked on

2019-04-25 10:00:34 - [MESSAGE][PASSED] - Object: 'Object Repository/Page_KiboPush  Broadcast/span_Create New Broadcast (5)' is clicked on

2019-04-25 10:00:34 - [TEST_STEP][PASSED] - click: Object: 'Object Repository/Page_KiboPush  Broadcast/a_Create New Broadcast (3)' is clicked on

2019-04-25 10:00:34 - [MESSAGE][PASSED] - Object: 'Object Repository/Page_KiboPush  Broadcast/a_Create New Broadcast (3)' is clicked on

2019-04-25 10:00:34 - [TEST_STEP][PASSED] - delay: Delayed 1 second(s)

2019-04-25 10:00:35 - [MESSAGE][PASSED] - Delayed 1 second(s)

2019-04-25 10:00:35 - [TEST_STEP][PASSED] - click: Object: 'Object Repository/Page_KiboPush  Create Broadcast/div_Image (3) (1)' is clicked on

2019-04-25 10:00:36 - [MESSAGE][PASSED] - Object: 'Object Repository/Page_KiboPush  Create Broadcast/div_Image (3) (1)' is clicked on

2019-04-25 10:00:36 - [TEST_STEP][PASSED] - delay: Delayed 3 second(s)

2019-04-25 10:00:39 - [MESSAGE][PASSED] - Delayed 3 second(s)

2019-04-25 10:00:39 - [TEST_STEP][PASSED] - click: Object: 'Object Repository/Page_KiboPush  Create Broadcast/button_Next (1) (1)' is clicked on

2019-04-25 10:00:39 - [MESSAGE][PASSED] - Object: 'Object Repository/Page_KiboPush  Create Broadcast/button_Next (1) (1)' is clicked on

2019-04-25 10:00:39 - [TEST_STEP][PASSED] - delay: Delayed 3 second(s)

2019-04-25 10:00:42 - [MESSAGE][PASSED] - Delayed 3 second(s)

2019-04-25 10:00:42 - [TEST_STEP][PASSED] - click: Object: 'Object Repository/Page_KiboEngage  Create Broadcast/div_Select a valid image' is clicked on

2019-04-25 10:00:42 - [MESSAGE][PASSED] - Object: 'Object Repository/Page_KiboEngage  Create Broadcast/div_Select a valid image' is clicked on]]></system-out>
         <system-err><![CDATA[]]></system-err>
      </testcase>
      <testcase name="Test Cases/Broadcasts/TC0139" classname="Test Cases/Broadcasts/TC0139" status="PASSED">
         <system-out><![CDATA[2019-04-25 10:00:42 - [TEST_CASE][PASSED] - Test Cases/Broadcasts/TC0139: Test Cases/Broadcasts/TC0139

2019-04-25 10:00:42 - [TEST_STEP][PASSED] - callTestCase: Call Test Case 'Test Cases/s-sidebar_navigation/TeamAccount/Broadcasts' successfully

2019-04-25 10:00:43 - [TEST_CASE][PASSED] - Test Cases/s-sidebar_navigation/TeamAccount/Broadcasts: Test Cases/s-sidebar_navigation/TeamAccount/Broadcasts

2019-04-25 10:00:43 - [TEST_STEP][PASSED] - callTestCase: Call Test Case 'Test Cases/s-sidebar_navigation/individualAccount/broadcast' successfully

2019-04-25 10:00:43 - [TEST_CASE][PASSED] - Test Cases/s-sidebar_navigation/individualAccount/broadcast: Test Cases/s-sidebar_navigation/individualAccount/broadcast

2019-04-25 10:00:43 - [TEST_STEP][PASSED] - click: Object: 'Object Repository/Page_KiboPush  Dashboard/span_Polls' is clicked on

2019-04-25 10:00:43 - [MESSAGE][PASSED] - Object: 'Object Repository/Page_KiboPush  Dashboard/span_Polls' is clicked on

2019-04-25 10:00:43 - [TEST_STEP][PASSED] - delay: Delayed 1 second(s)

2019-04-25 10:00:44 - [MESSAGE][PASSED] - Delayed 1 second(s)

2019-04-25 10:00:44 - [TEST_STEP][PASSED] - click: Object: 'Object Repository/Page_KiboPush  Dashboard/span_Broadcasts' is clicked on

2019-04-25 10:00:45 - [MESSAGE][PASSED] - Object: 'Object Repository/Page_KiboPush  Dashboard/span_Broadcasts' is clicked on

2019-04-25 10:00:45 - [TEST_STEP][PASSED] - delay: Delayed 1 second(s)

2019-04-25 10:00:46 - [MESSAGE][PASSED] - Delayed 1 second(s)

2019-04-25 10:00:46 - [TEST_STEP][PASSED] - scrollToPosition: Browser is scrolled to position x = 0, y = 0

2019-04-25 10:00:46 - [MESSAGE][PASSED] - Browser is scrolled to position x = 0, y = 0

2019-04-25 10:00:46 - [TEST_STEP][PASSED] - click: Object: 'Object Repository/Page_KiboPush  Broadcast/h3_Manage Broadcasts' is clicked on

2019-04-25 10:00:46 - [MESSAGE][PASSED] - Object: 'Object Repository/Page_KiboPush  Broadcast/h3_Manage Broadcasts' is clicked on

2019-04-25 10:00:46 - [MESSAGE][PASSED] - Call Test Case 'Test Cases/s-sidebar_navigation/individualAccount/broadcast' successfully

2019-04-25 10:00:46 - [MESSAGE][PASSED] - Call Test Case 'Test Cases/s-sidebar_navigation/TeamAccount/Broadcasts' successfully

2019-04-25 10:00:46 - [TEST_STEP][PASSED] - click: Object: 'Object Repository/Page_KiboPush  Broadcast/span_Create New Broadcast' is clicked on

2019-04-25 10:00:47 - [MESSAGE][PASSED] - Object: 'Object Repository/Page_KiboPush  Broadcast/span_Create New Broadcast' is clicked on

2019-04-25 10:00:47 - [TEST_STEP][PASSED] - click: Object: 'Object Repository/Page_KiboPush  Broadcast/a_Create New Broadcast' is clicked on

2019-04-25 10:00:47 - [MESSAGE][PASSED] - Object: 'Object Repository/Page_KiboPush  Broadcast/a_Create New Broadcast' is clicked on

2019-04-25 10:00:47 - [TEST_STEP][PASSED] - delay: Delayed 1 second(s)

2019-04-25 10:00:48 - [MESSAGE][PASSED] - Delayed 1 second(s)

2019-04-25 10:00:48 - [TEST_STEP][PASSED] - click: Object: 'Object Repository/Page_KiboPush  Create Broadcast/div_Image (1)' is clicked on

2019-04-25 10:00:50 - [MESSAGE][PASSED] - Object: 'Object Repository/Page_KiboPush  Create Broadcast/div_Image (1)' is clicked on

2019-04-25 10:00:50 - [TEST_STEP][PASSED] - delay: Delayed 1 second(s)

2019-04-25 10:00:51 - [MESSAGE][PASSED] - Delayed 1 second(s)

2019-04-25 10:00:51 - [TEST_STEP][PASSED] - Statement - driver = com.kms.katalon.core.webui.driver.DriverFactory.getWebDriver(): null

2019-04-25 10:00:51 - [TEST_STEP][PASSED] - Statement - upload = driver.findElement(org.openqa.selenium.By.xpath("//input[@type='file']")): null

2019-04-25 10:00:51 - [TEST_STEP][PASSED] - Statement - img = com.kms.katalon.core.configuration.RunConfiguration.getProjectDir() + "/sample.jpg": null

2019-04-25 10:00:51 - [TEST_STEP][PASSED] - Statement - upload.sendKeys(img): null

2019-04-25 10:00:51 - [TEST_STEP][PASSED] - delay: Delayed 5 second(s)

2019-04-25 10:00:56 - [MESSAGE][PASSED] - Delayed 5 second(s)]]></system-out>
         <system-err><![CDATA[]]></system-err>
      </testcase>
      <testcase name="Test Cases/Broadcasts/TC0141" classname="Test Cases/Broadcasts/TC0141" status="PASSED">
         <system-out><![CDATA[2019-04-25 10:00:56 - [TEST_CASE][PASSED] - Test Cases/Broadcasts/TC0141: Test Cases/Broadcasts/TC0141

2019-04-25 10:00:56 - [TEST_STEP][PASSED] - callTestCase: Call Test Case 'Test Cases/s-sidebar_navigation/TeamAccount/Broadcasts' successfully

2019-04-25 10:00:56 - [TEST_CASE][PASSED] - Test Cases/s-sidebar_navigation/TeamAccount/Broadcasts: Test Cases/s-sidebar_navigation/TeamAccount/Broadcasts

2019-04-25 10:00:56 - [TEST_STEP][PASSED] - callTestCase: Call Test Case 'Test Cases/s-sidebar_navigation/individualAccount/broadcast' successfully

2019-04-25 10:00:56 - [TEST_CASE][PASSED] - Test Cases/s-sidebar_navigation/individualAccount/broadcast: Test Cases/s-sidebar_navigation/individualAccount/broadcast

2019-04-25 10:00:56 - [TEST_STEP][PASSED] - click: Object: 'Object Repository/Page_KiboPush  Dashboard/span_Polls' is clicked on

2019-04-25 10:00:56 - [MESSAGE][PASSED] - Object: 'Object Repository/Page_KiboPush  Dashboard/span_Polls' is clicked on

2019-04-25 10:00:56 - [TEST_STEP][PASSED] - delay: Delayed 1 second(s)

2019-04-25 10:00:57 - [MESSAGE][PASSED] - Delayed 1 second(s)

2019-04-25 10:00:57 - [TEST_STEP][PASSED] - click: Object: 'Object Repository/Page_KiboPush  Dashboard/span_Broadcasts' is clicked on

2019-04-25 10:00:58 - [MESSAGE][PASSED] - Object: 'Object Repository/Page_KiboPush  Dashboard/span_Broadcasts' is clicked on

2019-04-25 10:00:58 - [TEST_STEP][PASSED] - delay: Delayed 1 second(s)

2019-04-25 10:00:59 - [MESSAGE][PASSED] - Delayed 1 second(s)

2019-04-25 10:00:59 - [TEST_STEP][PASSED] - scrollToPosition: Browser is scrolled to position x = 0, y = 0

2019-04-25 10:00:59 - [MESSAGE][PASSED] - Browser is scrolled to position x = 0, y = 0

2019-04-25 10:00:59 - [TEST_STEP][PASSED] - click: Object: 'Object Repository/Page_KiboPush  Broadcast/h3_Manage Broadcasts' is clicked on

2019-04-25 10:00:59 - [MESSAGE][PASSED] - Object: 'Object Repository/Page_KiboPush  Broadcast/h3_Manage Broadcasts' is clicked on

2019-04-25 10:00:59 - [MESSAGE][PASSED] - Call Test Case 'Test Cases/s-sidebar_navigation/individualAccount/broadcast' successfully

2019-04-25 10:00:59 - [MESSAGE][PASSED] - Call Test Case 'Test Cases/s-sidebar_navigation/TeamAccount/Broadcasts' successfully

2019-04-25 10:00:59 - [TEST_STEP][PASSED] - click: Object: 'Object Repository/Page_KiboPush  Broadcast/span_Create New Broadcast' is clicked on

2019-04-25 10:00:59 - [MESSAGE][PASSED] - Object: 'Object Repository/Page_KiboPush  Broadcast/span_Create New Broadcast' is clicked on

2019-04-25 10:00:59 - [TEST_STEP][PASSED] - click: Object: 'Object Repository/Page_KiboPush  Broadcast/a_Create New Broadcast' is clicked on

2019-04-25 10:00:59 - [MESSAGE][PASSED] - Object: 'Object Repository/Page_KiboPush  Broadcast/a_Create New Broadcast' is clicked on

2019-04-25 10:00:59 - [TEST_STEP][PASSED] - delay: Delayed 1 second(s)

2019-04-25 10:01:00 - [MESSAGE][PASSED] - Delayed 1 second(s)

2019-04-25 10:01:00 - [TEST_STEP][PASSED] - click: Object: 'Object Repository/Page_KiboPush  Create Broadcast/div_Card' is clicked on

2019-04-25 10:01:01 - [MESSAGE][PASSED] - Object: 'Object Repository/Page_KiboPush  Create Broadcast/div_Card' is clicked on]]></system-out>
         <system-err><![CDATA[]]></system-err>
      </testcase>
      <testcase name="Test Cases/Broadcasts/TC0142" classname="Test Cases/Broadcasts/TC0142" status="PASSED">
         <system-out><![CDATA[2019-04-25 10:01:01 - [TEST_CASE][PASSED] - Test Cases/Broadcasts/TC0142: Test Cases/Broadcasts/TC0142

2019-04-25 10:01:01 - [TEST_STEP][PASSED] - callTestCase: Call Test Case 'Test Cases/s-sidebar_navigation/TeamAccount/Broadcasts' successfully

2019-04-25 10:01:01 - [TEST_CASE][PASSED] - Test Cases/s-sidebar_navigation/TeamAccount/Broadcasts: Test Cases/s-sidebar_navigation/TeamAccount/Broadcasts

2019-04-25 10:01:01 - [TEST_STEP][PASSED] - callTestCase: Call Test Case 'Test Cases/s-sidebar_navigation/individualAccount/broadcast' successfully

2019-04-25 10:01:01 - [TEST_CASE][PASSED] - Test Cases/s-sidebar_navigation/individualAccount/broadcast: Test Cases/s-sidebar_navigation/individualAccount/broadcast

2019-04-25 10:01:01 - [TEST_STEP][PASSED] - click: Object: 'Object Repository/Page_KiboPush  Dashboard/span_Polls' is clicked on

2019-04-25 10:01:01 - [MESSAGE][PASSED] - Object: 'Object Repository/Page_KiboPush  Dashboard/span_Polls' is clicked on

2019-04-25 10:01:01 - [TEST_STEP][PASSED] - delay: Delayed 1 second(s)

2019-04-25 10:01:02 - [MESSAGE][PASSED] - Delayed 1 second(s)

2019-04-25 10:01:02 - [TEST_STEP][PASSED] - click: Object: 'Object Repository/Page_KiboPush  Dashboard/span_Broadcasts' is clicked on

2019-04-25 10:01:02 - [MESSAGE][PASSED] - Object: 'Object Repository/Page_KiboPush  Dashboard/span_Broadcasts' is clicked on

2019-04-25 10:01:02 - [TEST_STEP][PASSED] - delay: Delayed 1 second(s)

2019-04-25 10:01:03 - [MESSAGE][PASSED] - Delayed 1 second(s)

2019-04-25 10:01:03 - [TEST_STEP][PASSED] - scrollToPosition: Browser is scrolled to position x = 0, y = 0

2019-04-25 10:01:03 - [MESSAGE][PASSED] - Browser is scrolled to position x = 0, y = 0

2019-04-25 10:01:03 - [TEST_STEP][PASSED] - click: Object: 'Object Repository/Page_KiboPush  Broadcast/h3_Manage Broadcasts' is clicked on

2019-04-25 10:01:03 - [MESSAGE][PASSED] - Object: 'Object Repository/Page_KiboPush  Broadcast/h3_Manage Broadcasts' is clicked on

2019-04-25 10:01:03 - [MESSAGE][PASSED] - Call Test Case 'Test Cases/s-sidebar_navigation/individualAccount/broadcast' successfully

2019-04-25 10:01:03 - [MESSAGE][PASSED] - Call Test Case 'Test Cases/s-sidebar_navigation/TeamAccount/Broadcasts' successfully

2019-04-25 10:01:03 - [TEST_STEP][PASSED] - click: Object: 'Object Repository/Page_KiboPush  Broadcast/span_Create New Broadcast' is clicked on

2019-04-25 10:01:04 - [MESSAGE][PASSED] - Object: 'Object Repository/Page_KiboPush  Broadcast/span_Create New Broadcast' is clicked on

2019-04-25 10:01:04 - [TEST_STEP][PASSED] - click: Object: 'Object Repository/Page_KiboPush  Broadcast/a_Create New Broadcast' is clicked on

2019-04-25 10:01:04 - [MESSAGE][PASSED] - Object: 'Object Repository/Page_KiboPush  Broadcast/a_Create New Broadcast' is clicked on

2019-04-25 10:01:04 - [TEST_STEP][PASSED] - delay: Delayed 1 second(s)

2019-04-25 10:01:05 - [MESSAGE][PASSED] - Delayed 1 second(s)

2019-04-25 10:01:05 - [TEST_STEP][PASSED] - click: Object: 'Object Repository/Page_KiboPush  Create Broadcast/div_Card (1)' is clicked on

2019-04-25 10:01:05 - [MESSAGE][PASSED] - Object: 'Object Repository/Page_KiboPush  Create Broadcast/div_Card (1)' is clicked on

2019-04-25 10:01:05 - [TEST_STEP][PASSED] - setText: Text 'Card Title' is set on object 'Object Repository/Page_KiboPush  Create Broadcast/input_form-control (3)'

2019-04-25 10:01:06 - [MESSAGE][PASSED] - Text 'Card Title' is set on object 'Object Repository/Page_KiboPush  Create Broadcast/input_form-control (3)'

2019-04-25 10:01:06 - [TEST_STEP][PASSED] - setText: Text 'Card Subtitle' is set on object 'Object Repository/Page_KiboPush  Create Broadcast/textarea_form-control'

2019-04-25 10:01:07 - [MESSAGE][PASSED] - Text 'Card Subtitle' is set on object 'Object Repository/Page_KiboPush  Create Broadcast/textarea_form-control'

2019-04-25 10:01:07 - [TEST_STEP][PASSED] - scrollToPosition: Browser is scrolled to position x = 0, y = 0

2019-04-25 10:01:07 - [MESSAGE][PASSED] - Browser is scrolled to position x = 0, y = 0

2019-04-25 10:01:07 - [TEST_STEP][PASSED] - click: Object: 'Object Repository/Page_KiboPush  Create Broadcast/button_Next (2)' is clicked on

2019-04-25 10:01:07 - [MESSAGE][PASSED] - Object: 'Object Repository/Page_KiboPush  Create Broadcast/button_Next (2)' is clicked on

2019-04-25 10:01:07 - [TEST_STEP][PASSED] - delay: Delayed 1 second(s)

2019-04-25 10:01:08 - [MESSAGE][PASSED] - Delayed 1 second(s)

2019-04-25 10:01:08 - [TEST_STEP][PASSED] - verifyTextPresent: Text 'CARD MUST HAVE AN IMAGE' is present on page 

2019-04-25 10:01:08 - [MESSAGE][PASSED] - Text 'CARD MUST HAVE AN IMAGE' is present on page]]></system-out>
         <system-err><![CDATA[]]></system-err>
      </testcase>
      <testcase name="Test Cases/Broadcasts/TC0143" classname="Test Cases/Broadcasts/TC0143" status="PASSED">
         <system-out><![CDATA[2019-04-25 10:01:08 - [TEST_CASE][PASSED] - Test Cases/Broadcasts/TC0143: Test Cases/Broadcasts/TC0143

2019-04-25 10:01:08 - [TEST_STEP][PASSED] - callTestCase: Call Test Case 'Test Cases/s-sidebar_navigation/TeamAccount/Broadcasts' successfully

2019-04-25 10:01:08 - [TEST_CASE][PASSED] - Test Cases/s-sidebar_navigation/TeamAccount/Broadcasts: Test Cases/s-sidebar_navigation/TeamAccount/Broadcasts

2019-04-25 10:01:08 - [TEST_STEP][PASSED] - callTestCase: Call Test Case 'Test Cases/s-sidebar_navigation/individualAccount/broadcast' successfully

2019-04-25 10:01:09 - [TEST_CASE][PASSED] - Test Cases/s-sidebar_navigation/individualAccount/broadcast: Test Cases/s-sidebar_navigation/individualAccount/broadcast

2019-04-25 10:01:09 - [TEST_STEP][PASSED] - click: Object: 'Object Repository/Page_KiboPush  Dashboard/span_Polls' is clicked on

2019-04-25 10:01:09 - [MESSAGE][PASSED] - Object: 'Object Repository/Page_KiboPush  Dashboard/span_Polls' is clicked on

2019-04-25 10:01:09 - [TEST_STEP][PASSED] - delay: Delayed 1 second(s)

2019-04-25 10:01:10 - [MESSAGE][PASSED] - Delayed 1 second(s)

2019-04-25 10:01:10 - [TEST_STEP][PASSED] - click: Object: 'Object Repository/Page_KiboPush  Dashboard/span_Broadcasts' is clicked on

2019-04-25 10:01:10 - [MESSAGE][PASSED] - Object: 'Object Repository/Page_KiboPush  Dashboard/span_Broadcasts' is clicked on

2019-04-25 10:01:10 - [TEST_STEP][PASSED] - delay: Delayed 1 second(s)

2019-04-25 10:01:11 - [MESSAGE][PASSED] - Delayed 1 second(s)

2019-04-25 10:01:11 - [TEST_STEP][PASSED] - scrollToPosition: Browser is scrolled to position x = 0, y = 0

2019-04-25 10:01:11 - [MESSAGE][PASSED] - Browser is scrolled to position x = 0, y = 0

2019-04-25 10:01:11 - [TEST_STEP][PASSED] - click: Object: 'Object Repository/Page_KiboPush  Broadcast/h3_Manage Broadcasts' is clicked on

2019-04-25 10:01:11 - [MESSAGE][PASSED] - Object: 'Object Repository/Page_KiboPush  Broadcast/h3_Manage Broadcasts' is clicked on

2019-04-25 10:01:11 - [MESSAGE][PASSED] - Call Test Case 'Test Cases/s-sidebar_navigation/individualAccount/broadcast' successfully

2019-04-25 10:01:11 - [MESSAGE][PASSED] - Call Test Case 'Test Cases/s-sidebar_navigation/TeamAccount/Broadcasts' successfully

2019-04-25 10:01:11 - [TEST_STEP][PASSED] - click: Object: 'Object Repository/Page_KiboPush  Broadcast/span_Create New Broadcast' is clicked on

2019-04-25 10:01:12 - [MESSAGE][PASSED] - Object: 'Object Repository/Page_KiboPush  Broadcast/span_Create New Broadcast' is clicked on

2019-04-25 10:01:12 - [TEST_STEP][PASSED] - click: Object: 'Object Repository/Page_KiboPush  Broadcast/a_Create New Broadcast' is clicked on

2019-04-25 10:01:13 - [MESSAGE][PASSED] - Object: 'Object Repository/Page_KiboPush  Broadcast/a_Create New Broadcast' is clicked on

2019-04-25 10:01:13 - [TEST_STEP][PASSED] - delay: Delayed 1 second(s)

2019-04-25 10:01:14 - [MESSAGE][PASSED] - Delayed 1 second(s)

2019-04-25 10:01:14 - [TEST_STEP][PASSED] - click: Object: 'Object Repository/Page_KiboPush  Create Broadcast/div_Card' is clicked on

2019-04-25 10:01:14 - [MESSAGE][PASSED] - Object: 'Object Repository/Page_KiboPush  Create Broadcast/div_Card' is clicked on

2019-04-25 10:01:14 - [TEST_STEP][PASSED] - delay: Delayed 3 second(s)

2019-04-25 10:01:17 - [MESSAGE][PASSED] - Delayed 3 second(s)

2019-04-25 10:01:17 - [TEST_STEP][PASSED] - Statement - img = com.kms.katalon.core.configuration.RunConfiguration.getProjectDir() + "/sample.jpg": null

2019-04-25 10:01:17 - [TEST_STEP][PASSED] - uploadFile: File 'C:/Users/cloudkibo/Desktop/KiboPush_Automated_Testing/KiboPush Katalon/sample.jpg' sent to object: 'Object Repository/Page_KiboPush  Create Broadcast/input_file'

2019-04-25 10:01:18 - [MESSAGE][PASSED] - File 'C:/Users/cloudkibo/Desktop/KiboPush_Automated_Testing/KiboPush Katalon/sample.jpg' sent to object: 'Object Repository/Page_KiboPush  Create Broadcast/input_file'

2019-04-25 10:01:18 - [TEST_STEP][PASSED] - delay: Delayed 5 second(s)

2019-04-25 10:01:23 - [MESSAGE][PASSED] - Delayed 5 second(s)

2019-04-25 10:01:23 - [TEST_STEP][PASSED] - Statement - driver = com.kms.katalon.core.webui.driver.DriverFactory.getWebDriver(): null

2019-04-25 10:01:23 - [TEST_STEP][PASSED] - Statement - image_popup = driver.findElement(org.openqa.selenium.By.xpath("/html/body/div[5]/div/div[2]/div/a")): null

2019-04-25 10:01:23 - [TEST_STEP][PASSED] - Statement - image_popup.click(): null

2019-04-25 10:01:23 - [TEST_STEP][PASSED] - delay: Delayed 2 second(s)

2019-04-25 10:01:25 - [MESSAGE][PASSED] - Delayed 2 second(s)

2019-04-25 10:01:25 - [TEST_STEP][PASSED] - setText: Text 'Card Subtitle' is set on object 'Object Repository/Page_KiboPush  Create Broadcast/textarea_form-control'

2019-04-25 10:01:25 - [MESSAGE][PASSED] - Text 'Card Subtitle' is set on object 'Object Repository/Page_KiboPush  Create Broadcast/textarea_form-control'

2019-04-25 10:01:25 - [TEST_STEP][PASSED] - scrollToPosition: Browser is scrolled to position x = 0, y = 0

2019-04-25 10:01:25 - [MESSAGE][PASSED] - Browser is scrolled to position x = 0, y = 0

2019-04-25 10:01:25 - [TEST_STEP][PASSED] - click: Object: 'Object Repository/Page_KiboPush  Create Broadcast/button_Next (2)' is clicked on

2019-04-25 10:01:25 - [MESSAGE][PASSED] - Object: 'Object Repository/Page_KiboPush  Create Broadcast/button_Next (2)' is clicked on

2019-04-25 10:01:25 - [TEST_STEP][PASSED] - verifyTextPresent: Text 'CARD MUST HAVE A TITLE' is present on page 

2019-04-25 10:01:26 - [MESSAGE][PASSED] - Text 'CARD MUST HAVE A TITLE' is present on page]]></system-out>
         <system-err><![CDATA[]]></system-err>
      </testcase>
      <testcase name="Test Cases/Broadcasts/TC0144" classname="Test Cases/Broadcasts/TC0144" status="PASSED">
         <system-out><![CDATA[2019-04-25 10:01:26 - [TEST_CASE][PASSED] - Test Cases/Broadcasts/TC0144: Test Cases/Broadcasts/TC0144

2019-04-25 10:01:26 - [TEST_STEP][PASSED] - callTestCase: Call Test Case 'Test Cases/s-sidebar_navigation/TeamAccount/Broadcasts' successfully

2019-04-25 10:01:26 - [TEST_CASE][PASSED] - Test Cases/s-sidebar_navigation/TeamAccount/Broadcasts: Test Cases/s-sidebar_navigation/TeamAccount/Broadcasts

2019-04-25 10:01:26 - [TEST_STEP][PASSED] - callTestCase: Call Test Case 'Test Cases/s-sidebar_navigation/individualAccount/broadcast' successfully

2019-04-25 10:01:26 - [TEST_CASE][PASSED] - Test Cases/s-sidebar_navigation/individualAccount/broadcast: Test Cases/s-sidebar_navigation/individualAccount/broadcast

2019-04-25 10:01:26 - [TEST_STEP][PASSED] - click: Object: 'Object Repository/Page_KiboPush  Dashboard/span_Polls' is clicked on

2019-04-25 10:01:26 - [MESSAGE][PASSED] - Object: 'Object Repository/Page_KiboPush  Dashboard/span_Polls' is clicked on

2019-04-25 10:01:26 - [TEST_STEP][PASSED] - delay: Delayed 1 second(s)

2019-04-25 10:01:27 - [MESSAGE][PASSED] - Delayed 1 second(s)

2019-04-25 10:01:27 - [TEST_STEP][PASSED] - click: Object: 'Object Repository/Page_KiboPush  Dashboard/span_Broadcasts' is clicked on

2019-04-25 10:01:27 - [MESSAGE][PASSED] - Object: 'Object Repository/Page_KiboPush  Dashboard/span_Broadcasts' is clicked on

2019-04-25 10:01:27 - [TEST_STEP][PASSED] - delay: Delayed 1 second(s)

2019-04-25 10:01:28 - [MESSAGE][PASSED] - Delayed 1 second(s)

2019-04-25 10:01:28 - [TEST_STEP][PASSED] - scrollToPosition: Browser is scrolled to position x = 0, y = 0

2019-04-25 10:01:28 - [MESSAGE][PASSED] - Browser is scrolled to position x = 0, y = 0

2019-04-25 10:01:28 - [TEST_STEP][PASSED] - click: Object: 'Object Repository/Page_KiboPush  Broadcast/h3_Manage Broadcasts' is clicked on

2019-04-25 10:01:29 - [MESSAGE][PASSED] - Object: 'Object Repository/Page_KiboPush  Broadcast/h3_Manage Broadcasts' is clicked on

2019-04-25 10:01:29 - [MESSAGE][PASSED] - Call Test Case 'Test Cases/s-sidebar_navigation/individualAccount/broadcast' successfully

2019-04-25 10:01:29 - [MESSAGE][PASSED] - Call Test Case 'Test Cases/s-sidebar_navigation/TeamAccount/Broadcasts' successfully

2019-04-25 10:01:29 - [TEST_STEP][PASSED] - click: Object: 'Object Repository/Page_KiboPush  Broadcast/span_Create New Broadcast' is clicked on

2019-04-25 10:01:29 - [MESSAGE][PASSED] - Object: 'Object Repository/Page_KiboPush  Broadcast/span_Create New Broadcast' is clicked on

2019-04-25 10:01:29 - [TEST_STEP][PASSED] - click: Object: 'Object Repository/Page_KiboPush  Broadcast/a_Create New Broadcast' is clicked on

2019-04-25 10:01:30 - [MESSAGE][PASSED] - Object: 'Object Repository/Page_KiboPush  Broadcast/a_Create New Broadcast' is clicked on

2019-04-25 10:01:30 - [TEST_STEP][PASSED] - delay: Delayed 1 second(s)

2019-04-25 10:01:31 - [MESSAGE][PASSED] - Delayed 1 second(s)

2019-04-25 10:01:31 - [TEST_STEP][PASSED] - click: Object: 'Object Repository/Page_KiboPush  Create Broadcast/div_Card (3)' is clicked on

2019-04-25 10:01:31 - [MESSAGE][PASSED] - Object: 'Object Repository/Page_KiboPush  Create Broadcast/div_Card (3)' is clicked on

2019-04-25 10:01:31 - [TEST_STEP][PASSED] - delay: Delayed 1 second(s)

2019-04-25 10:01:32 - [MESSAGE][PASSED] - Delayed 1 second(s)

2019-04-25 10:01:32 - [TEST_STEP][PASSED] - Statement - img = com.kms.katalon.core.configuration.RunConfiguration.getProjectDir() + "/sample.jpg": null

2019-04-25 10:01:32 - [TEST_STEP][PASSED] - uploadFile: File 'C:/Users/cloudkibo/Desktop/KiboPush_Automated_Testing/KiboPush Katalon/sample.jpg' sent to object: 'Object Repository/Page_KiboPush  Create Broadcast/input_file'

2019-04-25 10:01:32 - [MESSAGE][PASSED] - File 'C:/Users/cloudkibo/Desktop/KiboPush_Automated_Testing/KiboPush Katalon/sample.jpg' sent to object: 'Object Repository/Page_KiboPush  Create Broadcast/input_file'

2019-04-25 10:01:32 - [TEST_STEP][PASSED] - delay: Delayed 5 second(s)

2019-04-25 10:01:37 - [MESSAGE][PASSED] - Delayed 5 second(s)

2019-04-25 10:01:37 - [TEST_STEP][PASSED] - Statement - driver = com.kms.katalon.core.webui.driver.DriverFactory.getWebDriver(): null

2019-04-25 10:01:37 - [TEST_STEP][PASSED] - Statement - image_popup = driver.findElement(org.openqa.selenium.By.xpath("/html/body/div[5]/div/div[2]/div/a")): null

2019-04-25 10:01:37 - [TEST_STEP][PASSED] - Statement - image_popup.click(): null

2019-04-25 10:01:37 - [TEST_STEP][PASSED] - delay: Delayed 2 second(s)

2019-04-25 10:01:39 - [MESSAGE][PASSED] - Delayed 2 second(s)

2019-04-25 10:01:39 - [TEST_STEP][PASSED] - setText: Text 'Card Title' is set on object 'Object Repository/Page_KiboPush  Create Broadcast/input_form-control (4)'

2019-04-25 10:01:40 - [MESSAGE][PASSED] - Text 'Card Title' is set on object 'Object Repository/Page_KiboPush  Create Broadcast/input_form-control (4)'

2019-04-25 10:01:40 - [TEST_STEP][PASSED] - scrollToPosition: Browser is scrolled to position x = 0, y = 0

2019-04-25 10:01:40 - [MESSAGE][PASSED] - Browser is scrolled to position x = 0, y = 0

2019-04-25 10:01:40 - [TEST_STEP][PASSED] - click: Object: 'Object Repository/Page_KiboPush  Create Broadcast/button_Next (4)' is clicked on

2019-04-25 10:01:40 - [MESSAGE][PASSED] - Object: 'Object Repository/Page_KiboPush  Create Broadcast/button_Next (4)' is clicked on

2019-04-25 10:01:40 - [TEST_STEP][PASSED] - delay: Delayed 1 second(s)

2019-04-25 10:01:41 - [MESSAGE][PASSED] - Delayed 1 second(s)

2019-04-25 10:01:41 - [TEST_STEP][PASSED] - verifyTextPresent: Text 'CARD MUST HAVE A SUBTITLE' is present on page 

2019-04-25 10:01:41 - [MESSAGE][PASSED] - Text 'CARD MUST HAVE A SUBTITLE' is present on page]]></system-out>
         <system-err><![CDATA[]]></system-err>
      </testcase>
      <testcase name="Test Cases/Broadcasts/TC0145" classname="Test Cases/Broadcasts/TC0145" status="PASSED">
         <system-out><![CDATA[2019-04-25 10:01:41 - [TEST_CASE][PASSED] - Test Cases/Broadcasts/TC0145: Test Cases/Broadcasts/TC0145

2019-04-25 10:01:42 - [TEST_STEP][PASSED] - callTestCase: Call Test Case 'Test Cases/s-sidebar_navigation/TeamAccount/Broadcasts' successfully

2019-04-25 10:01:42 - [TEST_CASE][PASSED] - Test Cases/s-sidebar_navigation/TeamAccount/Broadcasts: Test Cases/s-sidebar_navigation/TeamAccount/Broadcasts

2019-04-25 10:01:42 - [TEST_STEP][PASSED] - callTestCase: Call Test Case 'Test Cases/s-sidebar_navigation/individualAccount/broadcast' successfully

2019-04-25 10:01:42 - [TEST_CASE][PASSED] - Test Cases/s-sidebar_navigation/individualAccount/broadcast: Test Cases/s-sidebar_navigation/individualAccount/broadcast

2019-04-25 10:01:42 - [TEST_STEP][PASSED] - click: Object: 'Object Repository/Page_KiboPush  Dashboard/span_Polls' is clicked on

2019-04-25 10:01:42 - [MESSAGE][PASSED] - Object: 'Object Repository/Page_KiboPush  Dashboard/span_Polls' is clicked on

2019-04-25 10:01:42 - [TEST_STEP][PASSED] - delay: Delayed 1 second(s)

2019-04-25 10:01:43 - [MESSAGE][PASSED] - Delayed 1 second(s)

2019-04-25 10:01:43 - [TEST_STEP][PASSED] - click: Object: 'Object Repository/Page_KiboPush  Dashboard/span_Broadcasts' is clicked on

2019-04-25 10:01:43 - [MESSAGE][PASSED] - Object: 'Object Repository/Page_KiboPush  Dashboard/span_Broadcasts' is clicked on

2019-04-25 10:01:43 - [TEST_STEP][PASSED] - delay: Delayed 1 second(s)

2019-04-25 10:01:44 - [MESSAGE][PASSED] - Delayed 1 second(s)

2019-04-25 10:01:44 - [TEST_STEP][PASSED] - scrollToPosition: Browser is scrolled to position x = 0, y = 0

2019-04-25 10:01:44 - [MESSAGE][PASSED] - Browser is scrolled to position x = 0, y = 0

2019-04-25 10:01:44 - [TEST_STEP][PASSED] - click: Object: 'Object Repository/Page_KiboPush  Broadcast/h3_Manage Broadcasts' is clicked on

2019-04-25 10:01:44 - [MESSAGE][PASSED] - Object: 'Object Repository/Page_KiboPush  Broadcast/h3_Manage Broadcasts' is clicked on

2019-04-25 10:01:44 - [MESSAGE][PASSED] - Call Test Case 'Test Cases/s-sidebar_navigation/individualAccount/broadcast' successfully

2019-04-25 10:01:44 - [MESSAGE][PASSED] - Call Test Case 'Test Cases/s-sidebar_navigation/TeamAccount/Broadcasts' successfully

2019-04-25 10:01:44 - [TEST_STEP][PASSED] - click: Object: 'Object Repository/Page_KiboPush  Broadcast/span_Create New Broadcast' is clicked on

2019-04-25 10:01:45 - [MESSAGE][PASSED] - Object: 'Object Repository/Page_KiboPush  Broadcast/span_Create New Broadcast' is clicked on

2019-04-25 10:01:45 - [TEST_STEP][PASSED] - click: Object: 'Object Repository/Page_KiboPush  Broadcast/a_Create New Broadcast' is clicked on

2019-04-25 10:01:45 - [MESSAGE][PASSED] - Object: 'Object Repository/Page_KiboPush  Broadcast/a_Create New Broadcast' is clicked on

2019-04-25 10:01:45 - [TEST_STEP][PASSED] - delay: Delayed 1 second(s)

2019-04-25 10:01:46 - [MESSAGE][PASSED] - Delayed 1 second(s)

2019-04-25 10:01:46 - [TEST_STEP][PASSED] - click: Object: 'Object Repository/Page_KiboPush  Create Broadcast/div_Card (3) (1)' is clicked on

2019-04-25 10:01:46 - [MESSAGE][PASSED] - Object: 'Object Repository/Page_KiboPush  Create Broadcast/div_Card (3) (1)' is clicked on

2019-04-25 10:01:46 - [TEST_STEP][PASSED] - delay: Delayed 1 second(s)

2019-04-25 10:01:47 - [MESSAGE][PASSED] - Delayed 1 second(s)

2019-04-25 10:01:47 - [TEST_STEP][PASSED] - Statement - driver = com.kms.katalon.core.webui.driver.DriverFactory.getWebDriver(): null

2019-04-25 10:01:47 - [TEST_STEP][PASSED] - Statement - upload = driver.findElement(org.openqa.selenium.By.xpath("//input[@type='file']")): null

2019-04-25 10:01:47 - [TEST_STEP][PASSED] - Statement - img = com.kms.katalon.core.configuration.RunConfiguration.getProjectDir() + "/sample.jpg": null

2019-04-25 10:01:47 - [TEST_STEP][PASSED] - Statement - upload.sendKeys(img): null

2019-04-25 10:01:47 - [TEST_STEP][PASSED] - delay: Delayed 5 second(s)

2019-04-25 10:01:52 - [MESSAGE][PASSED] - Delayed 5 second(s)

2019-04-25 10:01:52 - [TEST_STEP][PASSED] - Statement - image_popup = driver.findElement(org.openqa.selenium.By.xpath("/html/body/div[5]/div/div[2]/div/a")): null

2019-04-25 10:01:52 - [TEST_STEP][PASSED] - Statement - image_popup.click(): null

2019-04-25 10:01:52 - [TEST_STEP][PASSED] - delay: Delayed 2 second(s)

2019-04-25 10:01:54 - [MESSAGE][PASSED] - Delayed 2 second(s)

2019-04-25 10:01:55 - [TEST_STEP][PASSED] - setText: Text 'Card Title' is set on object 'Object Repository/Page_KiboPush  Create Broadcast/input_form-control (4) (1)'

2019-04-25 10:01:55 - [MESSAGE][PASSED] - Text 'Card Title' is set on object 'Object Repository/Page_KiboPush  Create Broadcast/input_form-control (4) (1)'

2019-04-25 10:01:55 - [TEST_STEP][PASSED] - setText: Text 'Card Subtitle' is set on object 'Object Repository/Page_KiboPush  Create Broadcast/textarea_form-control'

2019-04-25 10:01:56 - [MESSAGE][PASSED] - Text 'Card Subtitle' is set on object 'Object Repository/Page_KiboPush  Create Broadcast/textarea_form-control'

2019-04-25 10:01:56 - [TEST_STEP][PASSED] - scrollToPosition: Browser is scrolled to position x = 0, y = 0

2019-04-25 10:01:56 - [MESSAGE][PASSED] - Browser is scrolled to position x = 0, y = 0

2019-04-25 10:01:56 - [TEST_STEP][PASSED] - click: Object: 'Object Repository/Page_KiboPush  Create Broadcast/button_Next (4) (1)' is clicked on

2019-04-25 10:01:56 - [MESSAGE][PASSED] - Object: 'Object Repository/Page_KiboPush  Create Broadcast/button_Next (4) (1)' is clicked on

2019-04-25 10:01:56 - [TEST_STEP][PASSED] - delay: Delayed 1 second(s)

2019-04-25 10:01:57 - [MESSAGE][PASSED] - Delayed 1 second(s)

2019-04-25 10:01:57 - [TEST_STEP][PASSED] - verifyTextPresent: Text 'CARD MUST HAVE AT LEAST ONE BUTTON.' is present on page 

2019-04-25 10:01:57 - [MESSAGE][PASSED] - Text 'CARD MUST HAVE AT LEAST ONE BUTTON.' is present on page]]></system-out>
         <system-err><![CDATA[]]></system-err>
      </testcase>
      <testcase name="Test Cases/Broadcasts/TC0146" classname="Test Cases/Broadcasts/TC0146" status="PASSED">
         <system-out><![CDATA[2019-04-25 10:01:57 - [TEST_CASE][PASSED] - Test Cases/Broadcasts/TC0146: Test Cases/Broadcasts/TC0146

2019-04-25 10:01:57 - [TEST_STEP][PASSED] - callTestCase: Call Test Case 'Test Cases/s-sidebar_navigation/TeamAccount/Broadcasts' successfully

2019-04-25 10:01:57 - [TEST_CASE][PASSED] - Test Cases/s-sidebar_navigation/TeamAccount/Broadcasts: Test Cases/s-sidebar_navigation/TeamAccount/Broadcasts

2019-04-25 10:01:57 - [TEST_STEP][PASSED] - callTestCase: Call Test Case 'Test Cases/s-sidebar_navigation/individualAccount/broadcast' successfully

2019-04-25 10:01:57 - [TEST_CASE][PASSED] - Test Cases/s-sidebar_navigation/individualAccount/broadcast: Test Cases/s-sidebar_navigation/individualAccount/broadcast

2019-04-25 10:01:57 - [TEST_STEP][PASSED] - click: Object: 'Object Repository/Page_KiboPush  Dashboard/span_Polls' is clicked on

2019-04-25 10:01:58 - [MESSAGE][PASSED] - Object: 'Object Repository/Page_KiboPush  Dashboard/span_Polls' is clicked on

2019-04-25 10:01:58 - [TEST_STEP][PASSED] - delay: Delayed 1 second(s)

2019-04-25 10:01:59 - [MESSAGE][PASSED] - Delayed 1 second(s)

2019-04-25 10:01:59 - [TEST_STEP][PASSED] - click: Object: 'Object Repository/Page_KiboPush  Dashboard/span_Broadcasts' is clicked on

2019-04-25 10:03:11 - [MESSAGE][PASSED] - Object: 'Object Repository/Page_KiboPush  Dashboard/span_Broadcasts' is clicked on

2019-04-25 10:03:11 - [TEST_STEP][PASSED] - delay: Delayed 1 second(s)

2019-04-25 10:03:12 - [MESSAGE][PASSED] - Delayed 1 second(s)

2019-04-25 10:03:12 - [TEST_STEP][PASSED] - scrollToPosition: Browser is scrolled to position x = 0, y = 0

2019-04-25 10:03:20 - [MESSAGE][PASSED] - Browser is scrolled to position x = 0, y = 0

2019-04-25 10:03:20 - [TEST_STEP][PASSED] - click: Object: 'Object Repository/Page_KiboPush  Broadcast/h3_Manage Broadcasts' is clicked on

2019-04-25 10:03:38 - [MESSAGE][PASSED] - Object: 'Object Repository/Page_KiboPush  Broadcast/h3_Manage Broadcasts' is clicked on

2019-04-25 10:03:38 - [MESSAGE][PASSED] - Call Test Case 'Test Cases/s-sidebar_navigation/individualAccount/broadcast' successfully

2019-04-25 10:03:38 - [MESSAGE][PASSED] - Call Test Case 'Test Cases/s-sidebar_navigation/TeamAccount/Broadcasts' successfully

2019-04-25 10:03:38 - [TEST_STEP][PASSED] - click: Object: 'Object Repository/Page_KiboPush  Broadcast/span_Create New Broadcast' is clicked on

2019-04-25 10:03:53 - [MESSAGE][PASSED] - Object: 'Object Repository/Page_KiboPush  Broadcast/span_Create New Broadcast' is clicked on

2019-04-25 10:03:53 - [TEST_STEP][PASSED] - click: Object: 'Object Repository/Page_KiboPush  Broadcast/a_Create New Broadcast' is clicked on

2019-04-25 10:03:54 - [MESSAGE][PASSED] - Object: 'Object Repository/Page_KiboPush  Broadcast/a_Create New Broadcast' is clicked on

2019-04-25 10:03:54 - [TEST_STEP][PASSED] - delay: Delayed 1 second(s)

2019-04-25 10:03:55 - [MESSAGE][PASSED] - Delayed 1 second(s)

2019-04-25 10:03:55 - [TEST_STEP][PASSED] - click: Object: 'Object Repository/Page_KiboPush  Create Broadcast/div_Card (3) (1)' is clicked on

2019-04-25 10:03:56 - [MESSAGE][PASSED] - Object: 'Object Repository/Page_KiboPush  Create Broadcast/div_Card (3) (1)' is clicked on

2019-04-25 10:03:56 - [TEST_STEP][PASSED] - delay: Delayed 1 second(s)

2019-04-25 10:03:57 - [MESSAGE][PASSED] - Delayed 1 second(s)

2019-04-25 10:03:57 - [TEST_STEP][PASSED] - Statement - img = com.kms.katalon.core.configuration.RunConfiguration.getProjectDir() + "/sample.jpg": null

2019-04-25 10:03:57 - [TEST_STEP][PASSED] - uploadFile: File 'C:/Users/cloudkibo/Desktop/KiboPush_Automated_Testing/KiboPush Katalon/sample.jpg' sent to object: 'Object Repository/Page_KiboPush  Create Broadcast/input_file'

2019-04-25 10:03:58 - [MESSAGE][PASSED] - File 'C:/Users/cloudkibo/Desktop/KiboPush_Automated_Testing/KiboPush Katalon/sample.jpg' sent to object: 'Object Repository/Page_KiboPush  Create Broadcast/input_file']]></system-out>
         <system-err><![CDATA[]]></system-err>
      </testcase>
      <testcase name="Test Cases/Broadcasts/TC0147" classname="Test Cases/Broadcasts/TC0147" status="PASSED">
         <system-out><![CDATA[2019-04-25 10:03:58 - [TEST_CASE][PASSED] - Test Cases/Broadcasts/TC0147: Test Cases/Broadcasts/TC0147

2019-04-25 10:03:58 - [TEST_STEP][PASSED] - callTestCase: Call Test Case 'Test Cases/s-sidebar_navigation/TeamAccount/Broadcasts' successfully

2019-04-25 10:03:58 - [TEST_CASE][PASSED] - Test Cases/s-sidebar_navigation/TeamAccount/Broadcasts: Test Cases/s-sidebar_navigation/TeamAccount/Broadcasts

2019-04-25 10:03:58 - [TEST_STEP][PASSED] - callTestCase: Call Test Case 'Test Cases/s-sidebar_navigation/individualAccount/broadcast' successfully

2019-04-25 10:03:58 - [TEST_CASE][PASSED] - Test Cases/s-sidebar_navigation/individualAccount/broadcast: Test Cases/s-sidebar_navigation/individualAccount/broadcast

2019-04-25 10:03:58 - [TEST_STEP][PASSED] - click: Object: 'Object Repository/Page_KiboPush  Dashboard/span_Polls' is clicked on

2019-04-25 10:03:59 - [MESSAGE][PASSED] - Object: 'Object Repository/Page_KiboPush  Dashboard/span_Polls' is clicked on

2019-04-25 10:03:59 - [TEST_STEP][PASSED] - delay: Delayed 1 second(s)

2019-04-25 10:04:00 - [MESSAGE][PASSED] - Delayed 1 second(s)

2019-04-25 10:04:00 - [TEST_STEP][PASSED] - click: Object: 'Object Repository/Page_KiboPush  Dashboard/span_Broadcasts' is clicked on

2019-04-25 10:04:01 - [MESSAGE][PASSED] - Object: 'Object Repository/Page_KiboPush  Dashboard/span_Broadcasts' is clicked on

2019-04-25 10:04:01 - [TEST_STEP][PASSED] - delay: Delayed 1 second(s)

2019-04-25 10:04:02 - [MESSAGE][PASSED] - Delayed 1 second(s)

2019-04-25 10:04:02 - [TEST_STEP][PASSED] - scrollToPosition: Browser is scrolled to position x = 0, y = 0

2019-04-25 10:04:02 - [MESSAGE][PASSED] - Browser is scrolled to position x = 0, y = 0

2019-04-25 10:04:02 - [TEST_STEP][PASSED] - click: Object: 'Object Repository/Page_KiboPush  Broadcast/h3_Manage Broadcasts' is clicked on

2019-04-25 10:04:02 - [MESSAGE][PASSED] - Object: 'Object Repository/Page_KiboPush  Broadcast/h3_Manage Broadcasts' is clicked on

2019-04-25 10:04:02 - [MESSAGE][PASSED] - Call Test Case 'Test Cases/s-sidebar_navigation/individualAccount/broadcast' successfully

2019-04-25 10:04:02 - [MESSAGE][PASSED] - Call Test Case 'Test Cases/s-sidebar_navigation/TeamAccount/Broadcasts' successfully

2019-04-25 10:04:02 - [TEST_STEP][PASSED] - click: Object: 'Object Repository/Page_KiboPush  Broadcast/span_Create New Broadcast' is clicked on

2019-04-25 10:04:03 - [MESSAGE][PASSED] - Object: 'Object Repository/Page_KiboPush  Broadcast/span_Create New Broadcast' is clicked on

2019-04-25 10:04:03 - [TEST_STEP][PASSED] - click: Object: 'Object Repository/Page_KiboPush  Broadcast/a_Create New Broadcast' is clicked on

2019-04-25 10:04:04 - [MESSAGE][PASSED] - Object: 'Object Repository/Page_KiboPush  Broadcast/a_Create New Broadcast' is clicked on

2019-04-25 10:04:04 - [TEST_STEP][PASSED] - delay: Delayed 1 second(s)

2019-04-25 10:04:05 - [MESSAGE][PASSED] - Delayed 1 second(s)

2019-04-25 10:04:05 - [TEST_STEP][PASSED] - click: Object: 'Object Repository/Page_KiboPush  Create Broadcast/div_Card' is clicked on

2019-04-25 10:04:06 - [MESSAGE][PASSED] - Object: 'Object Repository/Page_KiboPush  Create Broadcast/div_Card' is clicked on

2019-04-25 10:04:06 - [TEST_STEP][PASSED] - click: Object: 'Object Repository/Page_KiboPush  Create Broadcast/div_ Add Button' is clicked on

2019-04-25 10:04:07 - [MESSAGE][PASSED] - Object: 'Object Repository/Page_KiboPush  Create Broadcast/div_ Add Button' is clicked on

2019-04-25 10:04:07 - [TEST_STEP][PASSED] - setText: Text 'KiboPush' is set on object 'Object Repository/Page_KiboPush  Create Broadcast/input_form-control'

2019-04-25 10:04:08 - [MESSAGE][PASSED] - Text 'KiboPush' is set on object 'Object Repository/Page_KiboPush  Create Broadcast/input_form-control'

2019-04-25 10:04:08 - [TEST_STEP][PASSED] - click: Object: 'Object Repository/Page_KiboPush  Create Broadcast/div_Open a website' is clicked on

2019-04-25 10:04:08 - [MESSAGE][PASSED] - Object: 'Object Repository/Page_KiboPush  Create Broadcast/div_Open a website' is clicked on

2019-04-25 10:04:08 - [TEST_STEP][PASSED] - setText: Text 'kibopush.com' is set on object 'Object Repository/Page_KiboPush  Create Broadcast/input_form-control_1'

2019-04-25 10:04:09 - [MESSAGE][PASSED] - Text 'kibopush.com' is set on object 'Object Repository/Page_KiboPush  Create Broadcast/input_form-control_1'

2019-04-25 10:04:09 - [TEST_STEP][PASSED] - click: Object: 'Object Repository/Page_KiboPush  Create Broadcast/button_Done' is clicked on

2019-04-25 10:04:09 - [MESSAGE][PASSED] - Object: 'Object Repository/Page_KiboPush  Create Broadcast/button_Done' is clicked on]]></system-out>
         <system-err><![CDATA[]]></system-err>
      </testcase>
      <testcase name="Test Cases/Broadcasts/TC0150" classname="Test Cases/Broadcasts/TC0150" status="PASSED">
         <system-out><![CDATA[2019-04-25 10:04:09 - [TEST_CASE][PASSED] - Test Cases/Broadcasts/TC0150: Test Cases/Broadcasts/TC0150

2019-04-25 10:04:09 - [TEST_STEP][PASSED] - callTestCase: Call Test Case 'Test Cases/s-sidebar_navigation/TeamAccount/Broadcasts' successfully

2019-04-25 10:04:09 - [TEST_CASE][PASSED] - Test Cases/s-sidebar_navigation/TeamAccount/Broadcasts: Test Cases/s-sidebar_navigation/TeamAccount/Broadcasts

2019-04-25 10:04:09 - [TEST_STEP][PASSED] - callTestCase: Call Test Case 'Test Cases/s-sidebar_navigation/individualAccount/broadcast' successfully

2019-04-25 10:04:09 - [TEST_CASE][PASSED] - Test Cases/s-sidebar_navigation/individualAccount/broadcast: Test Cases/s-sidebar_navigation/individualAccount/broadcast

2019-04-25 10:04:09 - [TEST_STEP][PASSED] - click: Object: 'Object Repository/Page_KiboPush  Dashboard/span_Polls' is clicked on

2019-04-25 10:04:10 - [MESSAGE][PASSED] - Object: 'Object Repository/Page_KiboPush  Dashboard/span_Polls' is clicked on

2019-04-25 10:04:10 - [TEST_STEP][PASSED] - delay: Delayed 1 second(s)

2019-04-25 10:04:11 - [MESSAGE][PASSED] - Delayed 1 second(s)

2019-04-25 10:04:11 - [TEST_STEP][PASSED] - click: Object: 'Object Repository/Page_KiboPush  Dashboard/span_Broadcasts' is clicked on

2019-04-25 10:04:11 - [MESSAGE][PASSED] - Object: 'Object Repository/Page_KiboPush  Dashboard/span_Broadcasts' is clicked on

2019-04-25 10:04:11 - [TEST_STEP][PASSED] - delay: Delayed 1 second(s)

2019-04-25 10:04:13 - [MESSAGE][PASSED] - Delayed 1 second(s)

2019-04-25 10:04:13 - [TEST_STEP][PASSED] - scrollToPosition: Browser is scrolled to position x = 0, y = 0

2019-04-25 10:04:13 - [MESSAGE][PASSED] - Browser is scrolled to position x = 0, y = 0

2019-04-25 10:04:13 - [TEST_STEP][PASSED] - click: Object: 'Object Repository/Page_KiboPush  Broadcast/h3_Manage Broadcasts' is clicked on

2019-04-25 10:04:13 - [MESSAGE][PASSED] - Object: 'Object Repository/Page_KiboPush  Broadcast/h3_Manage Broadcasts' is clicked on

2019-04-25 10:04:13 - [MESSAGE][PASSED] - Call Test Case 'Test Cases/s-sidebar_navigation/individualAccount/broadcast' successfully

2019-04-25 10:04:13 - [MESSAGE][PASSED] - Call Test Case 'Test Cases/s-sidebar_navigation/TeamAccount/Broadcasts' successfully

2019-04-25 10:04:13 - [TEST_STEP][PASSED] - click: Object: 'Object Repository/Page_KiboPush  Broadcast/span_Create New Broadcast' is clicked on

2019-04-25 10:04:13 - [MESSAGE][PASSED] - Object: 'Object Repository/Page_KiboPush  Broadcast/span_Create New Broadcast' is clicked on

2019-04-25 10:04:13 - [TEST_STEP][PASSED] - click: Object: 'Object Repository/Page_KiboPush  Broadcast/a_Create New Broadcast' is clicked on

2019-04-25 10:04:15 - [MESSAGE][PASSED] - Object: 'Object Repository/Page_KiboPush  Broadcast/a_Create New Broadcast' is clicked on

2019-04-25 10:04:15 - [TEST_STEP][PASSED] - delay: Delayed 1 second(s)

2019-04-25 10:04:16 - [MESSAGE][PASSED] - Delayed 1 second(s)

2019-04-25 10:04:16 - [TEST_STEP][PASSED] - click: Object: 'Object Repository/Page_KiboPush  Create Broadcast/div_Gallery (1)' is clicked on

2019-04-25 10:04:16 - [MESSAGE][PASSED] - Object: 'Object Repository/Page_KiboPush  Create Broadcast/div_Gallery (1)' is clicked on

2019-04-25 10:04:16 - [TEST_STEP][PASSED] - delay: Delayed 2 second(s)

2019-04-25 10:04:19 - [MESSAGE][PASSED] - Delayed 2 second(s)]]></system-out>
         <system-err><![CDATA[]]></system-err>
      </testcase>
      <testcase name="Test Cases/Broadcasts/TC0151" classname="Test Cases/Broadcasts/TC0151" status="PASSED">
         <system-out><![CDATA[2019-04-25 10:04:19 - [TEST_CASE][PASSED] - Test Cases/Broadcasts/TC0151: Test Cases/Broadcasts/TC0151

2019-04-25 10:04:19 - [TEST_STEP][PASSED] - callTestCase: Call Test Case 'Test Cases/Broadcasts/TC0150' successfully

2019-04-25 10:04:19 - [TEST_CASE][PASSED] - Test Cases/Broadcasts/TC0150: Test Cases/Broadcasts/TC0150

2019-04-25 10:04:19 - [TEST_STEP][PASSED] - callTestCase: Call Test Case 'Test Cases/s-sidebar_navigation/TeamAccount/Broadcasts' successfully

2019-04-25 10:04:19 - [TEST_CASE][PASSED] - Test Cases/s-sidebar_navigation/TeamAccount/Broadcasts: Test Cases/s-sidebar_navigation/TeamAccount/Broadcasts

2019-04-25 10:04:19 - [TEST_STEP][PASSED] - callTestCase: Call Test Case 'Test Cases/s-sidebar_navigation/individualAccount/broadcast' successfully

2019-04-25 10:04:19 - [TEST_CASE][PASSED] - Test Cases/s-sidebar_navigation/individualAccount/broadcast: Test Cases/s-sidebar_navigation/individualAccount/broadcast

2019-04-25 10:04:19 - [TEST_STEP][PASSED] - click: Object: 'Object Repository/Page_KiboPush  Dashboard/span_Polls' is clicked on

2019-04-25 10:04:20 - [MESSAGE][PASSED] - Object: 'Object Repository/Page_KiboPush  Dashboard/span_Polls' is clicked on

2019-04-25 10:04:20 - [TEST_STEP][PASSED] - delay: Delayed 1 second(s)

2019-04-25 10:04:21 - [MESSAGE][PASSED] - Delayed 1 second(s)

2019-04-25 10:04:21 - [TEST_STEP][PASSED] - click: Object: 'Object Repository/Page_KiboPush  Dashboard/span_Broadcasts' is clicked on

2019-04-25 10:04:22 - [MESSAGE][PASSED] - Object: 'Object Repository/Page_KiboPush  Dashboard/span_Broadcasts' is clicked on

2019-04-25 10:04:22 - [TEST_STEP][PASSED] - delay: Delayed 1 second(s)

2019-04-25 10:04:23 - [MESSAGE][PASSED] - Delayed 1 second(s)

2019-04-25 10:04:23 - [TEST_STEP][PASSED] - scrollToPosition: Browser is scrolled to position x = 0, y = 0

2019-04-25 10:04:23 - [MESSAGE][PASSED] - Browser is scrolled to position x = 0, y = 0

2019-04-25 10:04:23 - [TEST_STEP][PASSED] - click: Object: 'Object Repository/Page_KiboPush  Broadcast/h3_Manage Broadcasts' is clicked on

2019-04-25 10:04:23 - [MESSAGE][PASSED] - Object: 'Object Repository/Page_KiboPush  Broadcast/h3_Manage Broadcasts' is clicked on

2019-04-25 10:04:23 - [MESSAGE][PASSED] - Call Test Case 'Test Cases/s-sidebar_navigation/individualAccount/broadcast' successfully

2019-04-25 10:04:23 - [MESSAGE][PASSED] - Call Test Case 'Test Cases/s-sidebar_navigation/TeamAccount/Broadcasts' successfully

2019-04-25 10:04:23 - [TEST_STEP][PASSED] - click: Object: 'Object Repository/Page_KiboPush  Broadcast/span_Create New Broadcast' is clicked on

2019-04-25 10:04:24 - [MESSAGE][PASSED] - Object: 'Object Repository/Page_KiboPush  Broadcast/span_Create New Broadcast' is clicked on

2019-04-25 10:04:24 - [TEST_STEP][PASSED] - click: Object: 'Object Repository/Page_KiboPush  Broadcast/a_Create New Broadcast' is clicked on

2019-04-25 10:04:25 - [MESSAGE][PASSED] - Object: 'Object Repository/Page_KiboPush  Broadcast/a_Create New Broadcast' is clicked on

2019-04-25 10:04:25 - [TEST_STEP][PASSED] - delay: Delayed 1 second(s)

2019-04-25 10:04:26 - [MESSAGE][PASSED] - Delayed 1 second(s)

2019-04-25 10:04:26 - [TEST_STEP][PASSED] - click: Object: 'Object Repository/Page_KiboPush  Create Broadcast/div_Gallery (1)' is clicked on

2019-04-25 10:04:26 - [MESSAGE][PASSED] - Object: 'Object Repository/Page_KiboPush  Create Broadcast/div_Gallery (1)' is clicked on

2019-04-25 10:04:26 - [TEST_STEP][PASSED] - delay: Delayed 2 second(s)

2019-04-25 10:04:28 - [MESSAGE][PASSED] - Delayed 2 second(s)

2019-04-25 10:04:28 - [MESSAGE][PASSED] - Call Test Case 'Test Cases/Broadcasts/TC0150' successfully]]></system-out>
         <system-err><![CDATA[]]></system-err>
      </testcase>
      <testcase name="Test Cases/Broadcasts/TC0152" classname="Test Cases/Broadcasts/TC0152" status="PASSED">
         <system-out><![CDATA[2019-04-25 10:04:28 - [TEST_CASE][PASSED] - Test Cases/Broadcasts/TC0152: Test Cases/Broadcasts/TC0152

2019-04-25 10:04:28 - [TEST_STEP][PASSED] - callTestCase: Call Test Case 'Test Cases/Broadcasts/TC0150' successfully

2019-04-25 10:04:29 - [TEST_CASE][PASSED] - Test Cases/Broadcasts/TC0150: Test Cases/Broadcasts/TC0150

2019-04-25 10:04:29 - [TEST_STEP][PASSED] - callTestCase: Call Test Case 'Test Cases/s-sidebar_navigation/TeamAccount/Broadcasts' successfully

2019-04-25 10:04:29 - [TEST_CASE][PASSED] - Test Cases/s-sidebar_navigation/TeamAccount/Broadcasts: Test Cases/s-sidebar_navigation/TeamAccount/Broadcasts

2019-04-25 10:04:29 - [TEST_STEP][PASSED] - callTestCase: Call Test Case 'Test Cases/s-sidebar_navigation/individualAccount/broadcast' successfully

2019-04-25 10:04:29 - [TEST_CASE][PASSED] - Test Cases/s-sidebar_navigation/individualAccount/broadcast: Test Cases/s-sidebar_navigation/individualAccount/broadcast

2019-04-25 10:04:29 - [TEST_STEP][PASSED] - click: Object: 'Object Repository/Page_KiboPush  Dashboard/span_Polls' is clicked on

2019-04-25 10:04:29 - [MESSAGE][PASSED] - Object: 'Object Repository/Page_KiboPush  Dashboard/span_Polls' is clicked on

2019-04-25 10:04:29 - [TEST_STEP][PASSED] - delay: Delayed 1 second(s)

2019-04-25 10:04:30 - [MESSAGE][PASSED] - Delayed 1 second(s)

2019-04-25 10:04:30 - [TEST_STEP][PASSED] - click: Object: 'Object Repository/Page_KiboPush  Dashboard/span_Broadcasts' is clicked on

2019-04-25 10:04:30 - [MESSAGE][PASSED] - Object: 'Object Repository/Page_KiboPush  Dashboard/span_Broadcasts' is clicked on

2019-04-25 10:04:30 - [TEST_STEP][PASSED] - delay: Delayed 1 second(s)

2019-04-25 10:04:31 - [MESSAGE][PASSED] - Delayed 1 second(s)

2019-04-25 10:04:31 - [TEST_STEP][PASSED] - scrollToPosition: Browser is scrolled to position x = 0, y = 0

2019-04-25 10:04:31 - [MESSAGE][PASSED] - Browser is scrolled to position x = 0, y = 0

2019-04-25 10:04:31 - [TEST_STEP][PASSED] - click: Object: 'Object Repository/Page_KiboPush  Broadcast/h3_Manage Broadcasts' is clicked on

2019-04-25 10:04:31 - [MESSAGE][PASSED] - Object: 'Object Repository/Page_KiboPush  Broadcast/h3_Manage Broadcasts' is clicked on

2019-04-25 10:04:31 - [MESSAGE][PASSED] - Call Test Case 'Test Cases/s-sidebar_navigation/individualAccount/broadcast' successfully

2019-04-25 10:04:31 - [MESSAGE][PASSED] - Call Test Case 'Test Cases/s-sidebar_navigation/TeamAccount/Broadcasts' successfully

2019-04-25 10:04:31 - [TEST_STEP][PASSED] - click: Object: 'Object Repository/Page_KiboPush  Broadcast/span_Create New Broadcast' is clicked on

2019-04-25 10:04:32 - [MESSAGE][PASSED] - Object: 'Object Repository/Page_KiboPush  Broadcast/span_Create New Broadcast' is clicked on

2019-04-25 10:04:32 - [TEST_STEP][PASSED] - click: Object: 'Object Repository/Page_KiboPush  Broadcast/a_Create New Broadcast' is clicked on

2019-04-25 10:04:33 - [MESSAGE][PASSED] - Object: 'Object Repository/Page_KiboPush  Broadcast/a_Create New Broadcast' is clicked on

2019-04-25 10:04:33 - [TEST_STEP][PASSED] - delay: Delayed 1 second(s)

2019-04-25 10:04:34 - [MESSAGE][PASSED] - Delayed 1 second(s)

2019-04-25 10:04:34 - [TEST_STEP][PASSED] - click: Object: 'Object Repository/Page_KiboPush  Create Broadcast/div_Gallery (1)' is clicked on

2019-04-25 10:04:34 - [MESSAGE][PASSED] - Object: 'Object Repository/Page_KiboPush  Create Broadcast/div_Gallery (1)' is clicked on

2019-04-25 10:04:34 - [TEST_STEP][PASSED] - delay: Delayed 2 second(s)

2019-04-25 10:04:36 - [MESSAGE][PASSED] - Delayed 2 second(s)

2019-04-25 10:04:36 - [MESSAGE][PASSED] - Call Test Case 'Test Cases/Broadcasts/TC0150' successfully

2019-04-25 10:04:36 - [TEST_STEP][PASSED] - setText: Text 'Title' is set on object 'Object Repository/Page_KiboPush  Create Broadcast/input_form-control (6)'

2019-04-25 10:04:37 - [MESSAGE][PASSED] - Text 'Title' is set on object 'Object Repository/Page_KiboPush  Create Broadcast/input_form-control (6)'

2019-04-25 10:04:37 - [TEST_STEP][PASSED] - setText: Text 'Subtitle' is set on object 'Object Repository/Page_KiboPush  Create Broadcast/textarea_form-control'

2019-04-25 10:04:37 - [MESSAGE][PASSED] - Text 'Subtitle' is set on object 'Object Repository/Page_KiboPush  Create Broadcast/textarea_form-control'

2019-04-25 10:04:37 - [TEST_STEP][PASSED] - click: Object: 'Object Repository/Page_KiboPush  Create Broadcast/h6_ Add Button (1)' is clicked on

2019-04-25 10:04:37 - [MESSAGE][PASSED] - Object: 'Object Repository/Page_KiboPush  Create Broadcast/h6_ Add Button (1)' is clicked on

2019-04-25 10:04:37 - [TEST_STEP][PASSED] - click: Object: 'Object Repository/Page_KiboPush  Create Broadcast/button_Cancel (1)' is clicked on

2019-04-25 10:04:37 - [MESSAGE][PASSED] - Object: 'Object Repository/Page_KiboPush  Create Broadcast/button_Cancel (1)' is clicked on

2019-04-25 10:04:37 - [TEST_STEP][PASSED] - click: Object: 'Object Repository/Page_KiboPush  Create Broadcast/div_ Add Button (3)' is clicked on

2019-04-25 10:04:37 - [MESSAGE][PASSED] - Object: 'Object Repository/Page_KiboPush  Create Broadcast/div_ Add Button (3)' is clicked on

2019-04-25 10:04:37 - [TEST_STEP][PASSED] - setText: Text 'KiboPush' is set on object 'Object Repository/Page_KiboPush  Create Broadcast/input_form-control_1 (2)'

2019-04-25 10:04:38 - [MESSAGE][PASSED] - Text 'KiboPush' is set on object 'Object Repository/Page_KiboPush  Create Broadcast/input_form-control_1 (2)'

2019-04-25 10:04:38 - [TEST_STEP][PASSED] - click: Object: 'Object Repository/Page_KiboPush  Create Broadcast/div_Open a website (2)' is clicked on

2019-04-25 10:04:38 - [MESSAGE][PASSED] - Object: 'Object Repository/Page_KiboPush  Create Broadcast/div_Open a website (2)' is clicked on

2019-04-25 10:04:38 - [TEST_STEP][PASSED] - setText: Text 'kibopush.com' is set on object 'Object Repository/Page_KiboPush  Create Broadcast/input_form-control_2'

2019-04-25 10:04:39 - [MESSAGE][PASSED] - Text 'kibopush.com' is set on object 'Object Repository/Page_KiboPush  Create Broadcast/input_form-control_2'

2019-04-25 10:04:39 - [TEST_STEP][PASSED] - click: Object: 'Object Repository/Page_KiboPush  Create Broadcast/button_Done (2)' is clicked on

2019-04-25 10:04:39 - [MESSAGE][PASSED] - Object: 'Object Repository/Page_KiboPush  Create Broadcast/button_Done (2)' is clicked on

2019-04-25 10:04:39 - [TEST_STEP][PASSED] - scrollToPosition: Browser is scrolled to position x = 0, y = 0

2019-04-25 10:04:39 - [MESSAGE][PASSED] - Browser is scrolled to position x = 0, y = 0

2019-04-25 10:04:39 - [TEST_STEP][PASSED] - delay: Delayed 2 second(s)

2019-04-25 10:04:41 - [MESSAGE][PASSED] - Delayed 2 second(s)

2019-04-25 10:04:41 - [TEST_STEP][PASSED] - click: Object: 'Object Repository/Page_KiboPush  Create Broadcast/button_Next (6)' is clicked on

2019-04-25 10:04:41 - [MESSAGE][PASSED] - Object: 'Object Repository/Page_KiboPush  Create Broadcast/button_Next (6)' is clicked on

2019-04-25 10:04:41 - [TEST_STEP][PASSED] - delay: Delayed 1 second(s)

2019-04-25 10:04:42 - [MESSAGE][PASSED] - Delayed 1 second(s)

2019-04-25 10:04:42 - [TEST_STEP][PASSED] - verifyTextPresent: Text 'IN GALLERY MUST HAVE AT LEAST TWO FILLED CARDS.' is present on page 

2019-04-25 10:04:42 - [MESSAGE][PASSED] - Text 'IN GALLERY MUST HAVE AT LEAST TWO FILLED CARDS.' is present on page]]></system-out>
         <system-err><![CDATA[]]></system-err>
      </testcase>
      <testcase name="Test Cases/Broadcasts/TC0153" classname="Test Cases/Broadcasts/TC0153" status="PASSED">
         <system-out><![CDATA[2019-04-25 10:04:42 - [TEST_CASE][PASSED] - Test Cases/Broadcasts/TC0153: Test Cases/Broadcasts/TC0153

2019-04-25 10:04:42 - [TEST_STEP][PASSED] - callTestCase: Call Test Case 'Test Cases/Broadcasts/TC0150' successfully

2019-04-25 10:04:42 - [TEST_CASE][PASSED] - Test Cases/Broadcasts/TC0150: Test Cases/Broadcasts/TC0150

2019-04-25 10:04:42 - [TEST_STEP][PASSED] - callTestCase: Call Test Case 'Test Cases/s-sidebar_navigation/TeamAccount/Broadcasts' successfully

2019-04-25 10:04:43 - [TEST_CASE][PASSED] - Test Cases/s-sidebar_navigation/TeamAccount/Broadcasts: Test Cases/s-sidebar_navigation/TeamAccount/Broadcasts

2019-04-25 10:04:43 - [TEST_STEP][PASSED] - callTestCase: Call Test Case 'Test Cases/s-sidebar_navigation/individualAccount/broadcast' successfully

2019-04-25 10:04:43 - [TEST_CASE][PASSED] - Test Cases/s-sidebar_navigation/individualAccount/broadcast: Test Cases/s-sidebar_navigation/individualAccount/broadcast

2019-04-25 10:04:43 - [TEST_STEP][PASSED] - click: Object: 'Object Repository/Page_KiboPush  Dashboard/span_Polls' is clicked on

2019-04-25 10:04:43 - [MESSAGE][PASSED] - Object: 'Object Repository/Page_KiboPush  Dashboard/span_Polls' is clicked on

2019-04-25 10:04:43 - [TEST_STEP][PASSED] - delay: Delayed 1 second(s)

2019-04-25 10:04:44 - [MESSAGE][PASSED] - Delayed 1 second(s)

2019-04-25 10:04:44 - [TEST_STEP][PASSED] - click: Object: 'Object Repository/Page_KiboPush  Dashboard/span_Broadcasts' is clicked on

2019-04-25 10:04:44 - [MESSAGE][PASSED] - Object: 'Object Repository/Page_KiboPush  Dashboard/span_Broadcasts' is clicked on

2019-04-25 10:04:44 - [TEST_STEP][PASSED] - delay: Delayed 1 second(s)

2019-04-25 10:04:45 - [MESSAGE][PASSED] - Delayed 1 second(s)

2019-04-25 10:04:45 - [TEST_STEP][PASSED] - scrollToPosition: Browser is scrolled to position x = 0, y = 0

2019-04-25 10:04:45 - [MESSAGE][PASSED] - Browser is scrolled to position x = 0, y = 0

2019-04-25 10:04:45 - [TEST_STEP][PASSED] - click: Object: 'Object Repository/Page_KiboPush  Broadcast/h3_Manage Broadcasts' is clicked on

2019-04-25 10:04:45 - [MESSAGE][PASSED] - Object: 'Object Repository/Page_KiboPush  Broadcast/h3_Manage Broadcasts' is clicked on

2019-04-25 10:04:45 - [MESSAGE][PASSED] - Call Test Case 'Test Cases/s-sidebar_navigation/individualAccount/broadcast' successfully

2019-04-25 10:04:45 - [MESSAGE][PASSED] - Call Test Case 'Test Cases/s-sidebar_navigation/TeamAccount/Broadcasts' successfully

2019-04-25 10:04:45 - [TEST_STEP][PASSED] - click: Object: 'Object Repository/Page_KiboPush  Broadcast/span_Create New Broadcast' is clicked on

2019-04-25 10:04:46 - [MESSAGE][PASSED] - Object: 'Object Repository/Page_KiboPush  Broadcast/span_Create New Broadcast' is clicked on

2019-04-25 10:04:46 - [TEST_STEP][PASSED] - click: Object: 'Object Repository/Page_KiboPush  Broadcast/a_Create New Broadcast' is clicked on

2019-04-25 10:04:46 - [MESSAGE][PASSED] - Object: 'Object Repository/Page_KiboPush  Broadcast/a_Create New Broadcast' is clicked on

2019-04-25 10:04:46 - [TEST_STEP][PASSED] - delay: Delayed 1 second(s)

2019-04-25 10:04:47 - [MESSAGE][PASSED] - Delayed 1 second(s)

2019-04-25 10:04:47 - [TEST_STEP][PASSED] - click: Object: 'Object Repository/Page_KiboPush  Create Broadcast/div_Gallery (1)' is clicked on

2019-04-25 10:04:47 - [MESSAGE][PASSED] - Object: 'Object Repository/Page_KiboPush  Create Broadcast/div_Gallery (1)' is clicked on

2019-04-25 10:04:47 - [TEST_STEP][PASSED] - delay: Delayed 2 second(s)

2019-04-25 10:04:49 - [MESSAGE][PASSED] - Delayed 2 second(s)

2019-04-25 10:04:49 - [MESSAGE][PASSED] - Call Test Case 'Test Cases/Broadcasts/TC0150' successfully

2019-04-25 10:04:49 - [TEST_STEP][PASSED] - setText: Text 'Subtitle' is set on object 'Object Repository/Page_KiboPush  Create Broadcast/textarea_S'

2019-04-25 10:04:50 - [MESSAGE][PASSED] - Text 'Subtitle' is set on object 'Object Repository/Page_KiboPush  Create Broadcast/textarea_S'

2019-04-25 10:04:50 - [TEST_STEP][PASSED] - click: Object: 'Object Repository/Page_KiboPush  Create Broadcast/div_ Add Button' is clicked on

2019-04-25 10:04:50 - [MESSAGE][PASSED] - Object: 'Object Repository/Page_KiboPush  Create Broadcast/div_ Add Button' is clicked on

2019-04-25 10:04:50 - [TEST_STEP][PASSED] - setText: Text 'KiboPush' is set on object 'Object Repository/Page_KiboPush  Create Broadcast/input_form-control'

2019-04-25 10:04:50 - [MESSAGE][PASSED] - Text 'KiboPush' is set on object 'Object Repository/Page_KiboPush  Create Broadcast/input_form-control'

2019-04-25 10:04:50 - [TEST_STEP][PASSED] - click: Object: 'Object Repository/Page_KiboPush  Create Broadcast/div_Open a website' is clicked on

2019-04-25 10:04:50 - [MESSAGE][PASSED] - Object: 'Object Repository/Page_KiboPush  Create Broadcast/div_Open a website' is clicked on

2019-04-25 10:04:50 - [TEST_STEP][PASSED] - setText: Text 'kibopush.com' is set on object 'Object Repository/Page_KiboPush  Create Broadcast/input_form-control_2'

2019-04-25 10:04:51 - [MESSAGE][PASSED] - Text 'kibopush.com' is set on object 'Object Repository/Page_KiboPush  Create Broadcast/input_form-control_2'

2019-04-25 10:04:51 - [TEST_STEP][PASSED] - click: Object: 'Object Repository/Page_KiboPush  Create Broadcast/button_Done' is clicked on

2019-04-25 10:04:51 - [MESSAGE][PASSED] - Object: 'Object Repository/Page_KiboPush  Create Broadcast/button_Done' is clicked on

2019-04-25 10:04:51 - [TEST_STEP][PASSED] - Statement - img = com.kms.katalon.core.configuration.RunConfiguration.getProjectDir() + "/sample.jpg": null

2019-04-25 10:04:51 - [TEST_STEP][PASSED] - uploadFile: File 'C:/Users/cloudkibo/Desktop/KiboPush_Automated_Testing/KiboPush Katalon/sample.jpg' sent to object: 'Object Repository/Page_KiboPush  Create Broadcast/input_file'

2019-04-25 10:04:51 - [MESSAGE][PASSED] - File 'C:/Users/cloudkibo/Desktop/KiboPush_Automated_Testing/KiboPush Katalon/sample.jpg' sent to object: 'Object Repository/Page_KiboPush  Create Broadcast/input_file'

2019-04-25 10:04:51 - [TEST_STEP][PASSED] - delay: Delayed 5 second(s)

2019-04-25 10:04:55 - [MESSAGE][PASSED] - Delayed 5 second(s)

2019-04-25 10:04:55 - [TEST_STEP][PASSED] - Statement - driver = com.kms.katalon.core.webui.driver.DriverFactory.getWebDriver(): null

2019-04-25 10:04:55 - [TEST_STEP][PASSED] - Statement - image_popup = driver.findElement(org.openqa.selenium.By.xpath("/html/body/div[5]/div/div[2]/div/a")): null

2019-04-25 10:04:55 - [TEST_STEP][PASSED] - Statement - image_popup.click(): null

2019-04-25 10:04:55 - [TEST_STEP][PASSED] - delay: Delayed 2 second(s)

2019-04-25 10:04:57 - [MESSAGE][PASSED] - Delayed 2 second(s)

2019-04-25 10:04:57 - [TEST_STEP][PASSED] - scrollToPosition: Browser is scrolled to position x = 0, y = 0

2019-04-25 10:04:57 - [MESSAGE][PASSED] - Browser is scrolled to position x = 0, y = 0

2019-04-25 10:04:57 - [TEST_STEP][PASSED] - click: Object: 'Object Repository/Page_KiboPush  Create Broadcast/button_Next' is clicked on

2019-04-25 10:04:57 - [MESSAGE][PASSED] - Object: 'Object Repository/Page_KiboPush  Create Broadcast/button_Next' is clicked on

2019-04-25 10:04:57 - [TEST_STEP][PASSED] - delay: Delayed 1 second(s)

2019-04-25 10:04:58 - [MESSAGE][PASSED] - Delayed 1 second(s)

2019-04-25 10:04:58 - [TEST_STEP][PASSED] - verifyTextPresent: Text 'IN GALLERY MUST HAVE AT LEAST TWO FILLED CARDS.' is present on page 

2019-04-25 10:04:58 - [MESSAGE][PASSED] - Text 'IN GALLERY MUST HAVE AT LEAST TWO FILLED CARDS.' is present on page]]></system-out>
         <system-err><![CDATA[]]></system-err>
      </testcase>
      <testcase name="Test Cases/Broadcasts/TC0154" classname="Test Cases/Broadcasts/TC0154" status="PASSED">
         <system-out><![CDATA[2019-04-25 10:04:58 - [TEST_CASE][PASSED] - Test Cases/Broadcasts/TC0154: Test Cases/Broadcasts/TC0154

2019-04-25 10:04:58 - [TEST_STEP][PASSED] - callTestCase: Call Test Case 'Test Cases/Broadcasts/TC0150' successfully

2019-04-25 10:04:58 - [TEST_CASE][PASSED] - Test Cases/Broadcasts/TC0150: Test Cases/Broadcasts/TC0150

2019-04-25 10:04:58 - [TEST_STEP][PASSED] - callTestCase: Call Test Case 'Test Cases/s-sidebar_navigation/TeamAccount/Broadcasts' successfully

2019-04-25 10:04:58 - [TEST_CASE][PASSED] - Test Cases/s-sidebar_navigation/TeamAccount/Broadcasts: Test Cases/s-sidebar_navigation/TeamAccount/Broadcasts

2019-04-25 10:04:58 - [TEST_STEP][PASSED] - callTestCase: Call Test Case 'Test Cases/s-sidebar_navigation/individualAccount/broadcast' successfully

2019-04-25 10:04:58 - [TEST_CASE][PASSED] - Test Cases/s-sidebar_navigation/individualAccount/broadcast: Test Cases/s-sidebar_navigation/individualAccount/broadcast

2019-04-25 10:04:58 - [TEST_STEP][PASSED] - click: Object: 'Object Repository/Page_KiboPush  Dashboard/span_Polls' is clicked on

2019-04-25 10:04:59 - [MESSAGE][PASSED] - Object: 'Object Repository/Page_KiboPush  Dashboard/span_Polls' is clicked on

2019-04-25 10:04:59 - [TEST_STEP][PASSED] - delay: Delayed 1 second(s)

2019-04-25 10:05:00 - [MESSAGE][PASSED] - Delayed 1 second(s)

2019-04-25 10:05:00 - [TEST_STEP][PASSED] - click: Object: 'Object Repository/Page_KiboPush  Dashboard/span_Broadcasts' is clicked on

2019-04-25 10:05:00 - [MESSAGE][PASSED] - Object: 'Object Repository/Page_KiboPush  Dashboard/span_Broadcasts' is clicked on

2019-04-25 10:05:00 - [TEST_STEP][PASSED] - delay: Delayed 1 second(s)

2019-04-25 10:05:01 - [MESSAGE][PASSED] - Delayed 1 second(s)

2019-04-25 10:05:01 - [TEST_STEP][PASSED] - scrollToPosition: Browser is scrolled to position x = 0, y = 0

2019-04-25 10:05:01 - [MESSAGE][PASSED] - Browser is scrolled to position x = 0, y = 0

2019-04-25 10:05:01 - [TEST_STEP][PASSED] - click: Object: 'Object Repository/Page_KiboPush  Broadcast/h3_Manage Broadcasts' is clicked on

2019-04-25 10:05:01 - [MESSAGE][PASSED] - Object: 'Object Repository/Page_KiboPush  Broadcast/h3_Manage Broadcasts' is clicked on

2019-04-25 10:05:01 - [MESSAGE][PASSED] - Call Test Case 'Test Cases/s-sidebar_navigation/individualAccount/broadcast' successfully

2019-04-25 10:05:01 - [MESSAGE][PASSED] - Call Test Case 'Test Cases/s-sidebar_navigation/TeamAccount/Broadcasts' successfully

2019-04-25 10:05:01 - [TEST_STEP][PASSED] - click: Object: 'Object Repository/Page_KiboPush  Broadcast/span_Create New Broadcast' is clicked on

2019-04-25 10:05:01 - [MESSAGE][PASSED] - Object: 'Object Repository/Page_KiboPush  Broadcast/span_Create New Broadcast' is clicked on

2019-04-25 10:05:01 - [TEST_STEP][PASSED] - click: Object: 'Object Repository/Page_KiboPush  Broadcast/a_Create New Broadcast' is clicked on

2019-04-25 10:05:02 - [MESSAGE][PASSED] - Object: 'Object Repository/Page_KiboPush  Broadcast/a_Create New Broadcast' is clicked on

2019-04-25 10:05:02 - [TEST_STEP][PASSED] - delay: Delayed 1 second(s)

2019-04-25 10:05:03 - [MESSAGE][PASSED] - Delayed 1 second(s)

2019-04-25 10:05:03 - [TEST_STEP][PASSED] - click: Object: 'Object Repository/Page_KiboPush  Create Broadcast/div_Gallery (1)' is clicked on

2019-04-25 10:05:03 - [MESSAGE][PASSED] - Object: 'Object Repository/Page_KiboPush  Create Broadcast/div_Gallery (1)' is clicked on

2019-04-25 10:05:03 - [TEST_STEP][PASSED] - delay: Delayed 2 second(s)

2019-04-25 10:05:05 - [MESSAGE][PASSED] - Delayed 2 second(s)

2019-04-25 10:05:05 - [MESSAGE][PASSED] - Call Test Case 'Test Cases/Broadcasts/TC0150' successfully

2019-04-25 10:05:05 - [TEST_STEP][PASSED] - setText: Text 'Title' is set on object 'Object Repository/Page_KiboPush  Create Broadcast/input_form-control_3'

2019-04-25 10:05:05 - [MESSAGE][PASSED] - Text 'Title' is set on object 'Object Repository/Page_KiboPush  Create Broadcast/input_form-control_3'

2019-04-25 10:05:05 - [TEST_STEP][PASSED] - click: Object: 'Object Repository/Page_KiboPush  Create Broadcast/div_ Add Button' is clicked on

2019-04-25 10:05:05 - [MESSAGE][PASSED] - Object: 'Object Repository/Page_KiboPush  Create Broadcast/div_ Add Button' is clicked on

2019-04-25 10:05:05 - [TEST_STEP][PASSED] - setText: Text 'KiboPush' is set on object 'Object Repository/Page_KiboPush  Create Broadcast/input_form-control (9)'

2019-04-25 10:05:06 - [MESSAGE][PASSED] - Text 'KiboPush' is set on object 'Object Repository/Page_KiboPush  Create Broadcast/input_form-control (9)'

2019-04-25 10:05:06 - [TEST_STEP][PASSED] - click: Object: 'Object Repository/Page_KiboPush  Create Broadcast/div_Open a website' is clicked on

2019-04-25 10:05:06 - [MESSAGE][PASSED] - Object: 'Object Repository/Page_KiboPush  Create Broadcast/div_Open a website' is clicked on

2019-04-25 10:05:06 - [TEST_STEP][PASSED] - setText: Text 'kibopush.com' is set on object 'Object Repository/Page_KiboPush  Create Broadcast/input_form-control_2'

2019-04-25 10:05:06 - [MESSAGE][PASSED] - Text 'kibopush.com' is set on object 'Object Repository/Page_KiboPush  Create Broadcast/input_form-control_2'

2019-04-25 10:05:06 - [TEST_STEP][PASSED] - click: Object: 'Object Repository/Page_KiboPush  Create Broadcast/button_Done' is clicked on

2019-04-25 10:05:07 - [MESSAGE][PASSED] - Object: 'Object Repository/Page_KiboPush  Create Broadcast/button_Done' is clicked on

2019-04-25 10:05:07 - [TEST_STEP][PASSED] - Statement - img = com.kms.katalon.core.configuration.RunConfiguration.getProjectDir() + "/sample.jpg": null

2019-04-25 10:05:07 - [TEST_STEP][PASSED] - uploadFile: File 'C:/Users/cloudkibo/Desktop/KiboPush_Automated_Testing/KiboPush Katalon/sample.jpg' sent to object: 'Object Repository/Page_KiboPush  Create Broadcast/input_file'

2019-04-25 10:05:07 - [MESSAGE][PASSED] - File 'C:/Users/cloudkibo/Desktop/KiboPush_Automated_Testing/KiboPush Katalon/sample.jpg' sent to object: 'Object Repository/Page_KiboPush  Create Broadcast/input_file'

2019-04-25 10:05:07 - [TEST_STEP][PASSED] - delay: Delayed 5 second(s)

2019-04-25 10:05:11 - [MESSAGE][PASSED] - Delayed 5 second(s)

2019-04-25 10:05:11 - [TEST_STEP][PASSED] - Statement - driver = com.kms.katalon.core.webui.driver.DriverFactory.getWebDriver(): null

2019-04-25 10:05:11 - [TEST_STEP][PASSED] - Statement - image_popup = driver.findElement(org.openqa.selenium.By.xpath("/html/body/div[5]/div/div[2]/div/a")): null

2019-04-25 10:05:11 - [TEST_STEP][PASSED] - Statement - image_popup.click(): null

2019-04-25 10:05:12 - [TEST_STEP][PASSED] - delay: Delayed 2 second(s)

2019-04-25 10:05:13 - [MESSAGE][PASSED] - Delayed 2 second(s)

2019-04-25 10:05:13 - [TEST_STEP][PASSED] - scrollToPosition: Browser is scrolled to position x = 0, y = 0

2019-04-25 10:05:14 - [MESSAGE][PASSED] - Browser is scrolled to position x = 0, y = 0

2019-04-25 10:05:14 - [TEST_STEP][PASSED] - click: Object: 'Object Repository/Page_KiboPush  Create Broadcast/button_Next' is clicked on

2019-04-25 10:05:14 - [MESSAGE][PASSED] - Object: 'Object Repository/Page_KiboPush  Create Broadcast/button_Next' is clicked on

2019-04-25 10:05:14 - [TEST_STEP][PASSED] - verifyTextPresent: Text 'IN GALLERY MUST HAVE AT LEAST TWO FILLED CARDS.' is present on page 

2019-04-25 10:05:14 - [MESSAGE][PASSED] - Text 'IN GALLERY MUST HAVE AT LEAST TWO FILLED CARDS.' is present on page]]></system-out>
         <system-err><![CDATA[]]></system-err>
      </testcase>
      <testcase name="Test Cases/Broadcasts/TC0155" classname="Test Cases/Broadcasts/TC0155" status="PASSED">
         <system-out><![CDATA[2019-04-25 10:05:14 - [TEST_CASE][PASSED] - Test Cases/Broadcasts/TC0155: Test Cases/Broadcasts/TC0155

2019-04-25 10:05:14 - [TEST_STEP][PASSED] - callTestCase: Call Test Case 'Test Cases/Broadcasts/TC0150' successfully

2019-04-25 10:05:14 - [TEST_CASE][PASSED] - Test Cases/Broadcasts/TC0150: Test Cases/Broadcasts/TC0150

2019-04-25 10:05:14 - [TEST_STEP][PASSED] - callTestCase: Call Test Case 'Test Cases/s-sidebar_navigation/TeamAccount/Broadcasts' successfully

2019-04-25 10:05:14 - [TEST_CASE][PASSED] - Test Cases/s-sidebar_navigation/TeamAccount/Broadcasts: Test Cases/s-sidebar_navigation/TeamAccount/Broadcasts

2019-04-25 10:05:14 - [TEST_STEP][PASSED] - callTestCase: Call Test Case 'Test Cases/s-sidebar_navigation/individualAccount/broadcast' successfully

2019-04-25 10:05:14 - [TEST_CASE][PASSED] - Test Cases/s-sidebar_navigation/individualAccount/broadcast: Test Cases/s-sidebar_navigation/individualAccount/broadcast

2019-04-25 10:05:14 - [TEST_STEP][PASSED] - click: Object: 'Object Repository/Page_KiboPush  Dashboard/span_Polls' is clicked on

2019-04-25 10:05:15 - [MESSAGE][PASSED] - Object: 'Object Repository/Page_KiboPush  Dashboard/span_Polls' is clicked on

2019-04-25 10:05:15 - [TEST_STEP][PASSED] - delay: Delayed 1 second(s)

2019-04-25 10:05:16 - [MESSAGE][PASSED] - Delayed 1 second(s)

2019-04-25 10:05:16 - [TEST_STEP][PASSED] - click: Object: 'Object Repository/Page_KiboPush  Dashboard/span_Broadcasts' is clicked on

2019-04-25 10:05:16 - [MESSAGE][PASSED] - Object: 'Object Repository/Page_KiboPush  Dashboard/span_Broadcasts' is clicked on

2019-04-25 10:05:16 - [TEST_STEP][PASSED] - delay: Delayed 1 second(s)

2019-04-25 10:05:17 - [MESSAGE][PASSED] - Delayed 1 second(s)

2019-04-25 10:05:17 - [TEST_STEP][PASSED] - scrollToPosition: Browser is scrolled to position x = 0, y = 0

2019-04-25 10:05:17 - [MESSAGE][PASSED] - Browser is scrolled to position x = 0, y = 0

2019-04-25 10:05:17 - [TEST_STEP][PASSED] - click: Object: 'Object Repository/Page_KiboPush  Broadcast/h3_Manage Broadcasts' is clicked on

2019-04-25 10:05:17 - [MESSAGE][PASSED] - Object: 'Object Repository/Page_KiboPush  Broadcast/h3_Manage Broadcasts' is clicked on

2019-04-25 10:05:17 - [MESSAGE][PASSED] - Call Test Case 'Test Cases/s-sidebar_navigation/individualAccount/broadcast' successfully

2019-04-25 10:05:17 - [MESSAGE][PASSED] - Call Test Case 'Test Cases/s-sidebar_navigation/TeamAccount/Broadcasts' successfully

2019-04-25 10:05:17 - [TEST_STEP][PASSED] - click: Object: 'Object Repository/Page_KiboPush  Broadcast/span_Create New Broadcast' is clicked on

2019-04-25 10:05:18 - [MESSAGE][PASSED] - Object: 'Object Repository/Page_KiboPush  Broadcast/span_Create New Broadcast' is clicked on

2019-04-25 10:05:18 - [TEST_STEP][PASSED] - click: Object: 'Object Repository/Page_KiboPush  Broadcast/a_Create New Broadcast' is clicked on

2019-04-25 10:05:19 - [MESSAGE][PASSED] - Object: 'Object Repository/Page_KiboPush  Broadcast/a_Create New Broadcast' is clicked on

2019-04-25 10:05:19 - [TEST_STEP][PASSED] - delay: Delayed 1 second(s)

2019-04-25 10:05:20 - [MESSAGE][PASSED] - Delayed 1 second(s)

2019-04-25 10:05:20 - [TEST_STEP][PASSED] - click: Object: 'Object Repository/Page_KiboPush  Create Broadcast/div_Gallery (1)' is clicked on

2019-04-25 10:05:20 - [MESSAGE][PASSED] - Object: 'Object Repository/Page_KiboPush  Create Broadcast/div_Gallery (1)' is clicked on

2019-04-25 10:05:20 - [TEST_STEP][PASSED] - delay: Delayed 2 second(s)

2019-04-25 10:05:22 - [MESSAGE][PASSED] - Delayed 2 second(s)

2019-04-25 10:05:22 - [MESSAGE][PASSED] - Call Test Case 'Test Cases/Broadcasts/TC0150' successfully

2019-04-25 10:05:22 - [TEST_STEP][PASSED] - setText: Text 'Title' is set on object 'Object Repository/Page_KiboPush  Create Broadcast/input_form-control_3'

2019-04-25 10:05:23 - [MESSAGE][PASSED] - Text 'Title' is set on object 'Object Repository/Page_KiboPush  Create Broadcast/input_form-control_3'

2019-04-25 10:05:23 - [TEST_STEP][PASSED] - setText: Text 'Subtitle' is set on object 'Object Repository/Page_KiboPush  Create Broadcast/textarea_form-control'

2019-04-25 10:05:23 - [MESSAGE][PASSED] - Text 'Subtitle' is set on object 'Object Repository/Page_KiboPush  Create Broadcast/textarea_form-control'

2019-04-25 10:05:23 - [TEST_STEP][PASSED] - Statement - img = com.kms.katalon.core.configuration.RunConfiguration.getProjectDir() + "/sample.jpg": null

2019-04-25 10:05:23 - [TEST_STEP][PASSED] - uploadFile: File 'C:/Users/cloudkibo/Desktop/KiboPush_Automated_Testing/KiboPush Katalon/sample.jpg' sent to object: 'Object Repository/Page_KiboPush  Create Broadcast/input_file'

2019-04-25 10:05:23 - [MESSAGE][PASSED] - File 'C:/Users/cloudkibo/Desktop/KiboPush_Automated_Testing/KiboPush Katalon/sample.jpg' sent to object: 'Object Repository/Page_KiboPush  Create Broadcast/input_file'

2019-04-25 10:05:23 - [TEST_STEP][PASSED] - delay: Delayed 5 second(s)

2019-04-25 10:05:29 - [MESSAGE][PASSED] - Delayed 5 second(s)

2019-04-25 10:05:29 - [TEST_STEP][PASSED] - Statement - driver = com.kms.katalon.core.webui.driver.DriverFactory.getWebDriver(): null

2019-04-25 10:05:29 - [TEST_STEP][PASSED] - Statement - image_popup = driver.findElement(org.openqa.selenium.By.xpath("/html/body/div[5]/div/div[2]/div/a")): null

2019-04-25 10:05:29 - [TEST_STEP][PASSED] - Statement - image_popup.click(): null

2019-04-25 10:05:29 - [TEST_STEP][PASSED] - delay: Delayed 2 second(s)

2019-04-25 10:05:31 - [MESSAGE][PASSED] - Delayed 2 second(s)

2019-04-25 10:05:31 - [TEST_STEP][PASSED] - scrollToPosition: Browser is scrolled to position x = 0, y = 0

2019-04-25 10:05:31 - [MESSAGE][PASSED] - Browser is scrolled to position x = 0, y = 0

2019-04-25 10:05:31 - [TEST_STEP][PASSED] - click: Object: 'Object Repository/Page_KiboPush  Create Broadcast/button_Next' is clicked on

2019-04-25 10:05:32 - [MESSAGE][PASSED] - Object: 'Object Repository/Page_KiboPush  Create Broadcast/button_Next' is clicked on

2019-04-25 10:05:32 - [TEST_STEP][PASSED] - verifyTextPresent: Text 'IN GALLERY MUST HAVE AT LEAST TWO FILLED CARDS.' is present on page 

2019-04-25 10:05:32 - [MESSAGE][PASSED] - Text 'IN GALLERY MUST HAVE AT LEAST TWO FILLED CARDS.' is present on page]]></system-out>
         <system-err><![CDATA[]]></system-err>
      </testcase>
      <testcase name="Test Cases/Broadcasts/TC0156" classname="Test Cases/Broadcasts/TC0156" status="PASSED">
         <system-out><![CDATA[2019-04-25 10:05:32 - [TEST_CASE][PASSED] - Test Cases/Broadcasts/TC0156: Test Cases/Broadcasts/TC0156

2019-04-25 10:05:32 - [TEST_STEP][PASSED] - callTestCase: Call Test Case 'Test Cases/Broadcasts/TC0150' successfully

2019-04-25 10:05:32 - [TEST_CASE][PASSED] - Test Cases/Broadcasts/TC0150: Test Cases/Broadcasts/TC0150

2019-04-25 10:05:32 - [TEST_STEP][PASSED] - callTestCase: Call Test Case 'Test Cases/s-sidebar_navigation/TeamAccount/Broadcasts' successfully

2019-04-25 10:05:32 - [TEST_CASE][PASSED] - Test Cases/s-sidebar_navigation/TeamAccount/Broadcasts: Test Cases/s-sidebar_navigation/TeamAccount/Broadcasts

2019-04-25 10:05:32 - [TEST_STEP][PASSED] - callTestCase: Call Test Case 'Test Cases/s-sidebar_navigation/individualAccount/broadcast' successfully

2019-04-25 10:05:32 - [TEST_CASE][PASSED] - Test Cases/s-sidebar_navigation/individualAccount/broadcast: Test Cases/s-sidebar_navigation/individualAccount/broadcast

2019-04-25 10:05:32 - [TEST_STEP][PASSED] - click: Object: 'Object Repository/Page_KiboPush  Dashboard/span_Polls' is clicked on

2019-04-25 10:05:33 - [MESSAGE][PASSED] - Object: 'Object Repository/Page_KiboPush  Dashboard/span_Polls' is clicked on

2019-04-25 10:05:33 - [TEST_STEP][PASSED] - delay: Delayed 1 second(s)

2019-04-25 10:05:34 - [MESSAGE][PASSED] - Delayed 1 second(s)

2019-04-25 10:05:34 - [TEST_STEP][PASSED] - click: Object: 'Object Repository/Page_KiboPush  Dashboard/span_Broadcasts' is clicked on

2019-04-25 10:05:34 - [MESSAGE][PASSED] - Object: 'Object Repository/Page_KiboPush  Dashboard/span_Broadcasts' is clicked on

2019-04-25 10:05:34 - [TEST_STEP][PASSED] - delay: Delayed 1 second(s)

2019-04-25 10:05:36 - [MESSAGE][PASSED] - Delayed 1 second(s)

2019-04-25 10:05:36 - [TEST_STEP][PASSED] - scrollToPosition: Browser is scrolled to position x = 0, y = 0

2019-04-25 10:05:36 - [MESSAGE][PASSED] - Browser is scrolled to position x = 0, y = 0

2019-04-25 10:05:36 - [TEST_STEP][PASSED] - click: Object: 'Object Repository/Page_KiboPush  Broadcast/h3_Manage Broadcasts' is clicked on

2019-04-25 10:05:36 - [MESSAGE][PASSED] - Object: 'Object Repository/Page_KiboPush  Broadcast/h3_Manage Broadcasts' is clicked on

2019-04-25 10:05:36 - [MESSAGE][PASSED] - Call Test Case 'Test Cases/s-sidebar_navigation/individualAccount/broadcast' successfully

2019-04-25 10:05:36 - [MESSAGE][PASSED] - Call Test Case 'Test Cases/s-sidebar_navigation/TeamAccount/Broadcasts' successfully

2019-04-25 10:05:36 - [TEST_STEP][PASSED] - click: Object: 'Object Repository/Page_KiboPush  Broadcast/span_Create New Broadcast' is clicked on

2019-04-25 10:05:37 - [MESSAGE][PASSED] - Object: 'Object Repository/Page_KiboPush  Broadcast/span_Create New Broadcast' is clicked on

2019-04-25 10:05:37 - [TEST_STEP][PASSED] - click: Object: 'Object Repository/Page_KiboPush  Broadcast/a_Create New Broadcast' is clicked on

2019-04-25 10:05:37 - [MESSAGE][PASSED] - Object: 'Object Repository/Page_KiboPush  Broadcast/a_Create New Broadcast' is clicked on

2019-04-25 10:05:37 - [TEST_STEP][PASSED] - delay: Delayed 1 second(s)

2019-04-25 10:05:39 - [MESSAGE][PASSED] - Delayed 1 second(s)

2019-04-25 10:05:39 - [TEST_STEP][PASSED] - click: Object: 'Object Repository/Page_KiboPush  Create Broadcast/div_Gallery (1)' is clicked on

2019-04-25 10:05:39 - [MESSAGE][PASSED] - Object: 'Object Repository/Page_KiboPush  Create Broadcast/div_Gallery (1)' is clicked on

2019-04-25 10:05:39 - [TEST_STEP][PASSED] - delay: Delayed 2 second(s)

2019-04-25 10:05:42 - [MESSAGE][PASSED] - Delayed 2 second(s)

2019-04-25 10:05:42 - [MESSAGE][PASSED] - Call Test Case 'Test Cases/Broadcasts/TC0150' successfully

2019-04-25 10:05:42 - [TEST_STEP][PASSED] - Statement - img = com.kms.katalon.core.configuration.RunConfiguration.getProjectDir() + "/sample.jpg": null

2019-04-25 10:05:42 - [TEST_STEP][PASSED] - uploadFile: File 'C:/Users/cloudkibo/Desktop/KiboPush_Automated_Testing/KiboPush Katalon/sample.jpg' sent to object: 'Object Repository/Page_KiboPush  Create Broadcast/input_file'

2019-04-25 10:05:42 - [MESSAGE][PASSED] - File 'C:/Users/cloudkibo/Desktop/KiboPush_Automated_Testing/KiboPush Katalon/sample.jpg' sent to object: 'Object Repository/Page_KiboPush  Create Broadcast/input_file']]></system-out>
         <system-err><![CDATA[]]></system-err>
      </testcase>
      <testcase name="Test Cases/Broadcasts/TC0157" classname="Test Cases/Broadcasts/TC0157" status="PASSED">
         <system-out><![CDATA[2019-04-25 10:05:42 - [TEST_CASE][PASSED] - Test Cases/Broadcasts/TC0157: Test Cases/Broadcasts/TC0157

2019-04-25 10:05:42 - [TEST_STEP][PASSED] - callTestCase: Call Test Case 'Test Cases/Broadcasts/TC0150' successfully

2019-04-25 10:05:42 - [TEST_CASE][PASSED] - Test Cases/Broadcasts/TC0150: Test Cases/Broadcasts/TC0150

2019-04-25 10:05:42 - [TEST_STEP][PASSED] - callTestCase: Call Test Case 'Test Cases/s-sidebar_navigation/TeamAccount/Broadcasts' successfully

2019-04-25 10:05:42 - [TEST_CASE][PASSED] - Test Cases/s-sidebar_navigation/TeamAccount/Broadcasts: Test Cases/s-sidebar_navigation/TeamAccount/Broadcasts

2019-04-25 10:05:42 - [TEST_STEP][PASSED] - callTestCase: Call Test Case 'Test Cases/s-sidebar_navigation/individualAccount/broadcast' successfully

2019-04-25 10:05:42 - [TEST_CASE][PASSED] - Test Cases/s-sidebar_navigation/individualAccount/broadcast: Test Cases/s-sidebar_navigation/individualAccount/broadcast

2019-04-25 10:05:42 - [TEST_STEP][PASSED] - click: Object: 'Object Repository/Page_KiboPush  Dashboard/span_Polls' is clicked on

2019-04-25 10:05:43 - [MESSAGE][PASSED] - Object: 'Object Repository/Page_KiboPush  Dashboard/span_Polls' is clicked on

2019-04-25 10:05:43 - [TEST_STEP][PASSED] - delay: Delayed 1 second(s)

2019-04-25 10:05:44 - [MESSAGE][PASSED] - Delayed 1 second(s)

2019-04-25 10:05:44 - [TEST_STEP][PASSED] - click: Object: 'Object Repository/Page_KiboPush  Dashboard/span_Broadcasts' is clicked on

2019-04-25 10:05:44 - [MESSAGE][PASSED] - Object: 'Object Repository/Page_KiboPush  Dashboard/span_Broadcasts' is clicked on

2019-04-25 10:05:44 - [TEST_STEP][PASSED] - delay: Delayed 1 second(s)

2019-04-25 10:05:46 - [MESSAGE][PASSED] - Delayed 1 second(s)

2019-04-25 10:05:46 - [TEST_STEP][PASSED] - scrollToPosition: Browser is scrolled to position x = 0, y = 0

2019-04-25 10:05:46 - [MESSAGE][PASSED] - Browser is scrolled to position x = 0, y = 0

2019-04-25 10:05:46 - [TEST_STEP][PASSED] - click: Object: 'Object Repository/Page_KiboPush  Broadcast/h3_Manage Broadcasts' is clicked on

2019-04-25 10:05:46 - [MESSAGE][PASSED] - Object: 'Object Repository/Page_KiboPush  Broadcast/h3_Manage Broadcasts' is clicked on

2019-04-25 10:05:46 - [MESSAGE][PASSED] - Call Test Case 'Test Cases/s-sidebar_navigation/individualAccount/broadcast' successfully

2019-04-25 10:05:46 - [MESSAGE][PASSED] - Call Test Case 'Test Cases/s-sidebar_navigation/TeamAccount/Broadcasts' successfully

2019-04-25 10:05:46 - [TEST_STEP][PASSED] - click: Object: 'Object Repository/Page_KiboPush  Broadcast/span_Create New Broadcast' is clicked on

2019-04-25 10:05:46 - [MESSAGE][PASSED] - Object: 'Object Repository/Page_KiboPush  Broadcast/span_Create New Broadcast' is clicked on

2019-04-25 10:05:46 - [TEST_STEP][PASSED] - click: Object: 'Object Repository/Page_KiboPush  Broadcast/a_Create New Broadcast' is clicked on

2019-04-25 10:05:47 - [MESSAGE][PASSED] - Object: 'Object Repository/Page_KiboPush  Broadcast/a_Create New Broadcast' is clicked on

2019-04-25 10:05:47 - [TEST_STEP][PASSED] - delay: Delayed 1 second(s)

2019-04-25 10:05:48 - [MESSAGE][PASSED] - Delayed 1 second(s)

2019-04-25 10:05:48 - [TEST_STEP][PASSED] - click: Object: 'Object Repository/Page_KiboPush  Create Broadcast/div_Gallery (1)' is clicked on

2019-04-25 10:05:49 - [MESSAGE][PASSED] - Object: 'Object Repository/Page_KiboPush  Create Broadcast/div_Gallery (1)' is clicked on

2019-04-25 10:05:49 - [TEST_STEP][PASSED] - delay: Delayed 2 second(s)

2019-04-25 10:05:51 - [MESSAGE][PASSED] - Delayed 2 second(s)

2019-04-25 10:05:51 - [MESSAGE][PASSED] - Call Test Case 'Test Cases/Broadcasts/TC0150' successfully

2019-04-25 10:05:51 - [TEST_STEP][PASSED] - delay: Delayed 1 second(s)

2019-04-25 10:05:52 - [MESSAGE][PASSED] - Delayed 1 second(s)

2019-04-25 10:05:52 - [TEST_STEP][PASSED] - click: Object: 'Object Repository/Page_KiboPush  Create Broadcast/div_ Add Button' is clicked on

2019-04-25 10:05:53 - [MESSAGE][PASSED] - Object: 'Object Repository/Page_KiboPush  Create Broadcast/div_ Add Button' is clicked on

2019-04-25 10:05:53 - [TEST_STEP][PASSED] - setText: Text 'KiboPush' is set on object 'Object Repository/Page_KiboPush  Create Broadcast/input_form-control'

2019-04-25 10:05:53 - [MESSAGE][PASSED] - Text 'KiboPush' is set on object 'Object Repository/Page_KiboPush  Create Broadcast/input_form-control'

2019-04-25 10:05:53 - [TEST_STEP][PASSED] - click: Object: 'Object Repository/Page_KiboPush  Create Broadcast/div_Open a website' is clicked on

2019-04-25 10:05:53 - [MESSAGE][PASSED] - Object: 'Object Repository/Page_KiboPush  Create Broadcast/div_Open a website' is clicked on

2019-04-25 10:05:53 - [TEST_STEP][PASSED] - setText: Text 'kibopush.com' is set on object 'Object Repository/Page_KiboPush  Create Broadcast/input_form-control_1'

2019-04-25 10:05:54 - [MESSAGE][PASSED] - Text 'kibopush.com' is set on object 'Object Repository/Page_KiboPush  Create Broadcast/input_form-control_1'

2019-04-25 10:05:54 - [TEST_STEP][PASSED] - click: Object: 'Object Repository/Page_KiboPush  Create Broadcast/button_Done' is clicked on

2019-04-25 10:05:54 - [MESSAGE][PASSED] - Object: 'Object Repository/Page_KiboPush  Create Broadcast/button_Done' is clicked on]]></system-out>
         <system-err><![CDATA[]]></system-err>
      </testcase>
      <testcase name="Test Cases/Broadcasts/TC0160" classname="Test Cases/Broadcasts/TC0160" status="PASSED">
         <system-out><![CDATA[2019-04-25 10:05:54 - [TEST_CASE][PASSED] - Test Cases/Broadcasts/TC0160: Test Cases/Broadcasts/TC0160

2019-04-25 10:05:55 - [TEST_STEP][PASSED] - callTestCase: Call Test Case 'Test Cases/Broadcasts/TC0150' successfully

2019-04-25 10:05:55 - [TEST_CASE][PASSED] - Test Cases/Broadcasts/TC0150: Test Cases/Broadcasts/TC0150

2019-04-25 10:05:55 - [TEST_STEP][PASSED] - callTestCase: Call Test Case 'Test Cases/s-sidebar_navigation/TeamAccount/Broadcasts' successfully

2019-04-25 10:05:55 - [TEST_CASE][PASSED] - Test Cases/s-sidebar_navigation/TeamAccount/Broadcasts: Test Cases/s-sidebar_navigation/TeamAccount/Broadcasts

2019-04-25 10:05:55 - [TEST_STEP][PASSED] - callTestCase: Call Test Case 'Test Cases/s-sidebar_navigation/individualAccount/broadcast' successfully

2019-04-25 10:05:55 - [TEST_CASE][PASSED] - Test Cases/s-sidebar_navigation/individualAccount/broadcast: Test Cases/s-sidebar_navigation/individualAccount/broadcast

2019-04-25 10:05:55 - [TEST_STEP][PASSED] - click: Object: 'Object Repository/Page_KiboPush  Dashboard/span_Polls' is clicked on

2019-04-25 10:05:55 - [MESSAGE][PASSED] - Object: 'Object Repository/Page_KiboPush  Dashboard/span_Polls' is clicked on

2019-04-25 10:05:55 - [TEST_STEP][PASSED] - delay: Delayed 1 second(s)

2019-04-25 10:05:56 - [MESSAGE][PASSED] - Delayed 1 second(s)

2019-04-25 10:05:56 - [TEST_STEP][PASSED] - click: Object: 'Object Repository/Page_KiboPush  Dashboard/span_Broadcasts' is clicked on

2019-04-25 10:05:57 - [MESSAGE][PASSED] - Object: 'Object Repository/Page_KiboPush  Dashboard/span_Broadcasts' is clicked on

2019-04-25 10:05:57 - [TEST_STEP][PASSED] - delay: Delayed 1 second(s)

2019-04-25 10:05:58 - [MESSAGE][PASSED] - Delayed 1 second(s)

2019-04-25 10:05:58 - [TEST_STEP][PASSED] - scrollToPosition: Browser is scrolled to position x = 0, y = 0

2019-04-25 10:05:58 - [MESSAGE][PASSED] - Browser is scrolled to position x = 0, y = 0

2019-04-25 10:05:58 - [TEST_STEP][PASSED] - click: Object: 'Object Repository/Page_KiboPush  Broadcast/h3_Manage Broadcasts' is clicked on

2019-04-25 10:05:58 - [MESSAGE][PASSED] - Object: 'Object Repository/Page_KiboPush  Broadcast/h3_Manage Broadcasts' is clicked on

2019-04-25 10:05:58 - [MESSAGE][PASSED] - Call Test Case 'Test Cases/s-sidebar_navigation/individualAccount/broadcast' successfully

2019-04-25 10:05:58 - [MESSAGE][PASSED] - Call Test Case 'Test Cases/s-sidebar_navigation/TeamAccount/Broadcasts' successfully

2019-04-25 10:05:58 - [TEST_STEP][PASSED] - click: Object: 'Object Repository/Page_KiboPush  Broadcast/span_Create New Broadcast' is clicked on

2019-04-25 10:05:58 - [MESSAGE][PASSED] - Object: 'Object Repository/Page_KiboPush  Broadcast/span_Create New Broadcast' is clicked on

2019-04-25 10:05:58 - [TEST_STEP][PASSED] - click: Object: 'Object Repository/Page_KiboPush  Broadcast/a_Create New Broadcast' is clicked on

2019-04-25 10:05:59 - [MESSAGE][PASSED] - Object: 'Object Repository/Page_KiboPush  Broadcast/a_Create New Broadcast' is clicked on

2019-04-25 10:05:59 - [TEST_STEP][PASSED] - delay: Delayed 1 second(s)

2019-04-25 10:06:00 - [MESSAGE][PASSED] - Delayed 1 second(s)

2019-04-25 10:06:00 - [TEST_STEP][PASSED] - click: Object: 'Object Repository/Page_KiboPush  Create Broadcast/div_Gallery (1)' is clicked on

2019-04-25 10:06:01 - [MESSAGE][PASSED] - Object: 'Object Repository/Page_KiboPush  Create Broadcast/div_Gallery (1)' is clicked on

2019-04-25 10:06:01 - [TEST_STEP][PASSED] - delay: Delayed 2 second(s)

2019-04-25 10:06:03 - [MESSAGE][PASSED] - Delayed 2 second(s)

2019-04-25 10:06:03 - [MESSAGE][PASSED] - Call Test Case 'Test Cases/Broadcasts/TC0150' successfully

2019-04-25 10:06:03 - [TEST_STEP][PASSED] - delay: Delayed 1 second(s)

2019-04-25 10:06:04 - [MESSAGE][PASSED] - Delayed 1 second(s)

2019-04-25 10:06:04 - [TEST_STEP][PASSED] - click: Object: 'Object Repository/Page_KiboPush  Create Broadcast/span_slick-arrow slick-next (3) (1)' is clicked on

2019-04-25 10:06:04 - [MESSAGE][PASSED] - Object: 'Object Repository/Page_KiboPush  Create Broadcast/span_slick-arrow slick-next (3) (1)' is clicked on

2019-04-25 10:06:04 - [TEST_STEP][PASSED] - click: Object: 'Object Repository/Page_KiboPush  Create Broadcast/span_Add' is clicked on

2019-04-25 10:06:04 - [MESSAGE][PASSED] - Object: 'Object Repository/Page_KiboPush  Create Broadcast/span_Add' is clicked on

2019-04-25 10:06:04 - [TEST_STEP][PASSED] - delay: Delayed 1 second(s)

2019-04-25 10:06:05 - [MESSAGE][PASSED] - Delayed 1 second(s)]]></system-out>
         <system-err><![CDATA[]]></system-err>
      </testcase>
      <testcase name="Test Cases/Broadcasts/TC0161" classname="Test Cases/Broadcasts/TC0161" status="PASSED">
         <system-out><![CDATA[2019-04-25 10:06:05 - [TEST_CASE][PASSED] - Test Cases/Broadcasts/TC0161: Test Cases/Broadcasts/TC0161

2019-04-25 10:06:06 - [TEST_STEP][PASSED] - callTestCase: Call Test Case 'Test Cases/s-sidebar_navigation/individualAccount/arveen_production_login_kiboengage' successfully

2019-04-25 10:06:06 - [TEST_CASE][PASSED] - Test Cases/s-sidebar_navigation/individualAccount/arveen_production_login_kiboengage: Test Cases/s-sidebar_navigation/individualAccount/arveen_production_login_kiboengage

2019-04-25 10:06:06 - [TEST_STEP][PASSED] - openBrowser: Browser is opened with url: ''

2019-04-25 10:06:06 - [MESSAGE][WARNING] - A browser is already opened. Closing browser and opening a new one

2019-04-25 10:06:10 - [MESSAGE][PASSED] - Browser is opened with url: ''

2019-04-25 10:06:10 - [TEST_STEP][PASSED] - maximizeWindow: Current window maximized

2019-04-25 10:06:11 - [MESSAGE][PASSED] - Current window maximized

2019-04-25 10:06:11 - [TEST_STEP][PASSED] - navigateToUrl: Navigate to 'https://kiboengage.cloudkibo.com/' successfully

2019-04-25 10:06:23 - [MESSAGE][PASSED] - Navigate to 'https://kiboengage.cloudkibo.com/' successfully

2019-04-25 10:06:23 - [TEST_STEP][PASSED] - navigateToUrl: Navigate to 'https://accounts.cloudkibo.com/?continue=https://kiboengage.cloudkibo.com' successfully

2019-04-25 10:06:24 - [MESSAGE][PASSED] - Navigate to 'https://accounts.cloudkibo.com/?continue=https://kiboengage.cloudkibo.com' successfully

2019-04-25 10:06:24 - [TEST_STEP][PASSED] - click: Object: 'Object Repository/Page_CloudKibo/a_Login (2) (1) (1)' is clicked on

2019-04-25 10:06:25 - [MESSAGE][PASSED] - Object: 'Object Repository/Page_CloudKibo/a_Login (2) (1) (1)' is clicked on

2019-04-25 10:06:25 - [TEST_STEP][PASSED] - setText: Text 'individual@cloudkibo.com' is set on object 'Object Repository/Page_KiboPush/input_email (10) (1) (1)'

2019-04-25 10:06:25 - [MESSAGE][PASSED] - Text 'individual@cloudkibo.com' is set on object 'Object Repository/Page_KiboPush/input_email (10) (1) (1)'

2019-04-25 10:06:25 - [TEST_STEP][PASSED] - setEncryptedText: Text ****** has been set on object 'Object Repository/Page_CloudKibo/input_Sign In_password (7)'

2019-04-25 10:06:25 - [MESSAGE][PASSED] - Text ****** has been set on object 'Object Repository/Page_CloudKibo/input_Sign In_password (7)'

2019-04-25 10:06:25 - [TEST_STEP][PASSED] - click: Object: 'Object Repository/Page_KiboPush/button_Sign In (10) (1) (2)' is clicked on

2019-04-25 10:06:25 - [MESSAGE][PASSED] - Object: 'Object Repository/Page_KiboPush/button_Sign In (10) (1) (2)' is clicked on

2019-04-25 10:06:25 - [TEST_STEP][PASSED] - click: Object: 'Object Repository/Page_KiboPush  Dashboard/h3_Dashboard (57)' is clicked on

2019-04-25 10:06:44 - [MESSAGE][PASSED] - Object: 'Object Repository/Page_KiboPush  Dashboard/h3_Dashboard (57)' is clicked on

2019-04-25 10:06:44 - [TEST_STEP][PASSED] - delay: Delayed 3 second(s)

2019-04-25 10:06:46 - [MESSAGE][PASSED] - Delayed 3 second(s)

2019-04-25 10:06:46 - [TEST_STEP][PASSED] - click: Object: 'Object Repository/Page_KiboEngage  Dashboard/a_SMS (2) (1) (1) (1) (3)' is clicked on

2019-04-25 10:06:47 - [MESSAGE][PASSED] - Object: 'Object Repository/Page_KiboEngage  Dashboard/a_SMS (2) (1) (1) (1) (3)' is clicked on

2019-04-25 10:06:47 - [TEST_STEP][PASSED] - delay: Delayed 2 second(s)

2019-04-25 10:06:49 - [MESSAGE][PASSED] - Delayed 2 second(s)

2019-04-25 10:06:49 - [TEST_STEP][PASSED] - click: Object: 'Object Repository/Page_KiboEngage  Dashboard/span_Messenger (1) (1) (1) (3)' is clicked on

2019-04-25 10:06:50 - [MESSAGE][PASSED] - Object: 'Object Repository/Page_KiboEngage  Dashboard/span_Messenger (1) (1) (1) (3)' is clicked on

2019-04-25 10:06:50 - [TEST_STEP][PASSED] - delay: Delayed 2 second(s)

2019-04-25 10:06:52 - [MESSAGE][PASSED] - Delayed 2 second(s)

2019-04-25 10:06:52 - [MESSAGE][PASSED] - Call Test Case 'Test Cases/s-sidebar_navigation/individualAccount/arveen_production_login_kiboengage' successfully

2019-04-25 10:06:52 - [TEST_STEP][PASSED] - callTestCase: Call Test Case 'Test Cases/Broadcasts/open_broadcast' successfully

2019-04-25 10:06:52 - [TEST_CASE][PASSED] - Test Cases/Broadcasts/open_broadcast: Test Cases/Broadcasts/open_broadcast

2019-04-25 10:06:52 - [TEST_STEP][PASSED] - click: Object: 'Object Repository/Page_KiboPush  Dashboard/span_Broadcasting' is clicked on

2019-04-25 10:06:52 - [MESSAGE][PASSED] - Object: 'Object Repository/Page_KiboPush  Dashboard/span_Broadcasting' is clicked on

2019-04-25 10:06:52 - [TEST_STEP][PASSED] - delay: Delayed 2 second(s)

2019-04-25 10:06:54 - [MESSAGE][PASSED] - Delayed 2 second(s)

2019-04-25 10:06:54 - [MESSAGE][PASSED] - Call Test Case 'Test Cases/Broadcasts/open_broadcast' successfully

2019-04-25 10:06:54 - [TEST_STEP][PASSED] - callTestCase: Call Test Case 'Test Cases/Broadcasts/TC0150' successfully

2019-04-25 10:06:54 - [TEST_CASE][PASSED] - Test Cases/Broadcasts/TC0150: Test Cases/Broadcasts/TC0150

2019-04-25 10:06:54 - [TEST_STEP][PASSED] - callTestCase: Call Test Case 'Test Cases/s-sidebar_navigation/TeamAccount/Broadcasts' successfully

2019-04-25 10:06:54 - [TEST_CASE][PASSED] - Test Cases/s-sidebar_navigation/TeamAccount/Broadcasts: Test Cases/s-sidebar_navigation/TeamAccount/Broadcasts

2019-04-25 10:06:54 - [TEST_STEP][PASSED] - callTestCase: Call Test Case 'Test Cases/s-sidebar_navigation/individualAccount/broadcast' successfully

2019-04-25 10:06:55 - [TEST_CASE][PASSED] - Test Cases/s-sidebar_navigation/individualAccount/broadcast: Test Cases/s-sidebar_navigation/individualAccount/broadcast

2019-04-25 10:06:55 - [TEST_STEP][PASSED] - click: Object: 'Object Repository/Page_KiboPush  Dashboard/span_Polls' is clicked on

2019-04-25 10:06:55 - [MESSAGE][PASSED] - Object: 'Object Repository/Page_KiboPush  Dashboard/span_Polls' is clicked on

2019-04-25 10:06:55 - [TEST_STEP][PASSED] - delay: Delayed 1 second(s)

2019-04-25 10:06:56 - [MESSAGE][PASSED] - Delayed 1 second(s)

2019-04-25 10:06:56 - [TEST_STEP][PASSED] - click: Object: 'Object Repository/Page_KiboPush  Dashboard/span_Broadcasts' is clicked on

2019-04-25 10:06:56 - [MESSAGE][PASSED] - Object: 'Object Repository/Page_KiboPush  Dashboard/span_Broadcasts' is clicked on

2019-04-25 10:06:56 - [TEST_STEP][PASSED] - delay: Delayed 1 second(s)

2019-04-25 10:06:57 - [MESSAGE][PASSED] - Delayed 1 second(s)

2019-04-25 10:06:57 - [TEST_STEP][PASSED] - scrollToPosition: Browser is scrolled to position x = 0, y = 0

2019-04-25 10:06:57 - [MESSAGE][PASSED] - Browser is scrolled to position x = 0, y = 0

2019-04-25 10:06:57 - [TEST_STEP][PASSED] - click: Object: 'Object Repository/Page_KiboPush  Broadcast/h3_Manage Broadcasts' is clicked on

2019-04-25 10:06:57 - [MESSAGE][PASSED] - Object: 'Object Repository/Page_KiboPush  Broadcast/h3_Manage Broadcasts' is clicked on

2019-04-25 10:06:57 - [MESSAGE][PASSED] - Call Test Case 'Test Cases/s-sidebar_navigation/individualAccount/broadcast' successfully

2019-04-25 10:06:57 - [MESSAGE][PASSED] - Call Test Case 'Test Cases/s-sidebar_navigation/TeamAccount/Broadcasts' successfully

2019-04-25 10:06:57 - [TEST_STEP][PASSED] - click: Object: 'Object Repository/Page_KiboPush  Broadcast/span_Create New Broadcast' is clicked on

2019-04-25 10:06:58 - [MESSAGE][PASSED] - Object: 'Object Repository/Page_KiboPush  Broadcast/span_Create New Broadcast' is clicked on

2019-04-25 10:06:58 - [TEST_STEP][PASSED] - click: Object: 'Object Repository/Page_KiboPush  Broadcast/a_Create New Broadcast' is clicked on

2019-04-25 10:06:59 - [MESSAGE][PASSED] - Object: 'Object Repository/Page_KiboPush  Broadcast/a_Create New Broadcast' is clicked on

2019-04-25 10:06:59 - [TEST_STEP][PASSED] - delay: Delayed 1 second(s)

2019-04-25 10:07:00 - [MESSAGE][PASSED] - Delayed 1 second(s)

2019-04-25 10:07:00 - [TEST_STEP][PASSED] - click: Object: 'Object Repository/Page_KiboPush  Create Broadcast/div_Gallery (1)' is clicked on

2019-04-25 10:07:00 - [MESSAGE][PASSED] - Object: 'Object Repository/Page_KiboPush  Create Broadcast/div_Gallery (1)' is clicked on

2019-04-25 10:07:00 - [TEST_STEP][PASSED] - delay: Delayed 2 second(s)

2019-04-25 10:07:03 - [MESSAGE][PASSED] - Delayed 2 second(s)

2019-04-25 10:07:03 - [MESSAGE][PASSED] - Call Test Case 'Test Cases/Broadcasts/TC0150' successfully

2019-04-25 10:07:03 - [TEST_STEP][PASSED] - delay: Delayed 1 second(s)

2019-04-25 10:07:04 - [MESSAGE][PASSED] - Delayed 1 second(s)]]></system-out>
         <system-err><![CDATA[]]></system-err>
      </testcase>
      <testcase name="Test Cases/Broadcasts/TC0163" classname="Test Cases/Broadcasts/TC0163" status="PASSED">
         <system-out><![CDATA[2019-04-25 10:07:04 - [TEST_CASE][PASSED] - Test Cases/Broadcasts/TC0163: Test Cases/Broadcasts/TC0163

2019-04-25 10:07:05 - [TEST_STEP][PASSED] - callTestCase: Call Test Case 'Test Cases/s-sidebar_navigation/TeamAccount/Broadcasts' successfully

2019-04-25 10:07:05 - [TEST_CASE][PASSED] - Test Cases/s-sidebar_navigation/TeamAccount/Broadcasts: Test Cases/s-sidebar_navigation/TeamAccount/Broadcasts

2019-04-25 10:07:05 - [TEST_STEP][PASSED] - callTestCase: Call Test Case 'Test Cases/s-sidebar_navigation/individualAccount/broadcast' successfully

2019-04-25 10:07:05 - [TEST_CASE][PASSED] - Test Cases/s-sidebar_navigation/individualAccount/broadcast: Test Cases/s-sidebar_navigation/individualAccount/broadcast

2019-04-25 10:07:05 - [TEST_STEP][PASSED] - click: Object: 'Object Repository/Page_KiboPush  Dashboard/span_Polls' is clicked on

2019-04-25 10:07:05 - [MESSAGE][PASSED] - Object: 'Object Repository/Page_KiboPush  Dashboard/span_Polls' is clicked on

2019-04-25 10:07:05 - [TEST_STEP][PASSED] - delay: Delayed 1 second(s)

2019-04-25 10:07:06 - [MESSAGE][PASSED] - Delayed 1 second(s)

2019-04-25 10:07:06 - [TEST_STEP][PASSED] - click: Object: 'Object Repository/Page_KiboPush  Dashboard/span_Broadcasts' is clicked on

2019-04-25 10:07:07 - [MESSAGE][PASSED] - Object: 'Object Repository/Page_KiboPush  Dashboard/span_Broadcasts' is clicked on

2019-04-25 10:07:07 - [TEST_STEP][PASSED] - delay: Delayed 1 second(s)

2019-04-25 10:07:08 - [MESSAGE][PASSED] - Delayed 1 second(s)

2019-04-25 10:07:08 - [TEST_STEP][PASSED] - scrollToPosition: Browser is scrolled to position x = 0, y = 0

2019-04-25 10:07:08 - [MESSAGE][PASSED] - Browser is scrolled to position x = 0, y = 0

2019-04-25 10:07:08 - [TEST_STEP][PASSED] - click: Object: 'Object Repository/Page_KiboPush  Broadcast/h3_Manage Broadcasts' is clicked on

2019-04-25 10:07:08 - [MESSAGE][PASSED] - Object: 'Object Repository/Page_KiboPush  Broadcast/h3_Manage Broadcasts' is clicked on

2019-04-25 10:07:08 - [MESSAGE][PASSED] - Call Test Case 'Test Cases/s-sidebar_navigation/individualAccount/broadcast' successfully

2019-04-25 10:07:08 - [MESSAGE][PASSED] - Call Test Case 'Test Cases/s-sidebar_navigation/TeamAccount/Broadcasts' successfully

2019-04-25 10:07:08 - [TEST_STEP][PASSED] - click: Object: 'Object Repository/Page_KiboPush  Broadcast/span_Create New Broadcast' is clicked on

2019-04-25 10:07:08 - [MESSAGE][PASSED] - Object: 'Object Repository/Page_KiboPush  Broadcast/span_Create New Broadcast' is clicked on

2019-04-25 10:07:08 - [TEST_STEP][PASSED] - click: Object: 'Object Repository/Page_KiboPush  Broadcast/a_Create New Broadcast' is clicked on

2019-04-25 10:07:09 - [MESSAGE][PASSED] - Object: 'Object Repository/Page_KiboPush  Broadcast/a_Create New Broadcast' is clicked on

2019-04-25 10:07:09 - [TEST_STEP][PASSED] - delay: Delayed 1 second(s)

2019-04-25 10:07:10 - [MESSAGE][PASSED] - Delayed 1 second(s)

2019-04-25 10:07:10 - [TEST_STEP][PASSED] - click: Object: 'Object Repository/Page_KiboPush  Create Broadcast/div_Audio' is clicked on

2019-04-25 10:07:11 - [MESSAGE][PASSED] - Object: 'Object Repository/Page_KiboPush  Create Broadcast/div_Audio' is clicked on

2019-04-25 10:07:11 - [TEST_STEP][PASSED] - verifyElementPresent: Object 'Object Repository/Page_KiboPush  Create Broadcast/h4_Audio' is present

2019-04-25 10:07:11 - [MESSAGE][PASSED] - Object 'Object Repository/Page_KiboPush  Create Broadcast/h4_Audio' is present]]></system-out>
         <system-err><![CDATA[]]></system-err>
      </testcase>
      <testcase name="Test Cases/Broadcasts/TC0164" classname="Test Cases/Broadcasts/TC0164" status="PASSED">
         <system-out><![CDATA[2019-04-25 10:07:11 - [TEST_CASE][PASSED] - Test Cases/Broadcasts/TC0164: Test Cases/Broadcasts/TC0164

2019-04-25 10:07:11 - [TEST_STEP][PASSED] - callTestCase: Call Test Case 'Test Cases/Broadcasts/TC0163' successfully

2019-04-25 10:07:11 - [TEST_CASE][PASSED] - Test Cases/Broadcasts/TC0163: Test Cases/Broadcasts/TC0163

2019-04-25 10:07:11 - [TEST_STEP][PASSED] - callTestCase: Call Test Case 'Test Cases/s-sidebar_navigation/TeamAccount/Broadcasts' successfully

2019-04-25 10:07:11 - [TEST_CASE][PASSED] - Test Cases/s-sidebar_navigation/TeamAccount/Broadcasts: Test Cases/s-sidebar_navigation/TeamAccount/Broadcasts

2019-04-25 10:07:11 - [TEST_STEP][PASSED] - callTestCase: Call Test Case 'Test Cases/s-sidebar_navigation/individualAccount/broadcast' successfully

2019-04-25 10:07:11 - [TEST_CASE][PASSED] - Test Cases/s-sidebar_navigation/individualAccount/broadcast: Test Cases/s-sidebar_navigation/individualAccount/broadcast

2019-04-25 10:07:11 - [TEST_STEP][PASSED] - click: Object: 'Object Repository/Page_KiboPush  Dashboard/span_Polls' is clicked on

2019-04-25 10:07:11 - [MESSAGE][PASSED] - Object: 'Object Repository/Page_KiboPush  Dashboard/span_Polls' is clicked on

2019-04-25 10:07:11 - [TEST_STEP][PASSED] - delay: Delayed 1 second(s)

2019-04-25 10:07:12 - [MESSAGE][PASSED] - Delayed 1 second(s)

2019-04-25 10:07:12 - [TEST_STEP][PASSED] - click: Object: 'Object Repository/Page_KiboPush  Dashboard/span_Broadcasts' is clicked on

2019-04-25 10:07:13 - [MESSAGE][PASSED] - Object: 'Object Repository/Page_KiboPush  Dashboard/span_Broadcasts' is clicked on

2019-04-25 10:07:13 - [TEST_STEP][PASSED] - delay: Delayed 1 second(s)

2019-04-25 10:07:14 - [MESSAGE][PASSED] - Delayed 1 second(s)

2019-04-25 10:07:14 - [TEST_STEP][PASSED] - scrollToPosition: Browser is scrolled to position x = 0, y = 0

2019-04-25 10:07:14 - [MESSAGE][PASSED] - Browser is scrolled to position x = 0, y = 0

2019-04-25 10:07:14 - [TEST_STEP][PASSED] - click: Object: 'Object Repository/Page_KiboPush  Broadcast/h3_Manage Broadcasts' is clicked on

2019-04-25 10:07:14 - [MESSAGE][PASSED] - Object: 'Object Repository/Page_KiboPush  Broadcast/h3_Manage Broadcasts' is clicked on

2019-04-25 10:07:14 - [MESSAGE][PASSED] - Call Test Case 'Test Cases/s-sidebar_navigation/individualAccount/broadcast' successfully

2019-04-25 10:07:14 - [MESSAGE][PASSED] - Call Test Case 'Test Cases/s-sidebar_navigation/TeamAccount/Broadcasts' successfully

2019-04-25 10:07:14 - [TEST_STEP][PASSED] - click: Object: 'Object Repository/Page_KiboPush  Broadcast/span_Create New Broadcast' is clicked on

2019-04-25 10:07:14 - [MESSAGE][PASSED] - Object: 'Object Repository/Page_KiboPush  Broadcast/span_Create New Broadcast' is clicked on

2019-04-25 10:07:14 - [TEST_STEP][PASSED] - click: Object: 'Object Repository/Page_KiboPush  Broadcast/a_Create New Broadcast' is clicked on

2019-04-25 10:07:15 - [MESSAGE][PASSED] - Object: 'Object Repository/Page_KiboPush  Broadcast/a_Create New Broadcast' is clicked on

2019-04-25 10:07:15 - [TEST_STEP][PASSED] - delay: Delayed 1 second(s)

2019-04-25 10:07:16 - [MESSAGE][PASSED] - Delayed 1 second(s)

2019-04-25 10:07:16 - [TEST_STEP][PASSED] - click: Object: 'Object Repository/Page_KiboPush  Create Broadcast/div_Audio' is clicked on

2019-04-25 10:07:16 - [MESSAGE][PASSED] - Object: 'Object Repository/Page_KiboPush  Create Broadcast/div_Audio' is clicked on

2019-04-25 10:07:16 - [TEST_STEP][PASSED] - verifyElementPresent: Object 'Object Repository/Page_KiboPush  Create Broadcast/h4_Audio' is present

2019-04-25 10:07:16 - [MESSAGE][PASSED] - Object 'Object Repository/Page_KiboPush  Create Broadcast/h4_Audio' is present

2019-04-25 10:07:16 - [MESSAGE][PASSED] - Call Test Case 'Test Cases/Broadcasts/TC0163' successfully

2019-04-25 10:07:16 - [TEST_STEP][PASSED] - delay: Delayed 2 second(s)

2019-04-25 10:07:18 - [MESSAGE][PASSED] - Delayed 2 second(s)

2019-04-25 10:07:18 - [TEST_STEP][PASSED] - click: Object: 'Object Repository/Page_KiboPush  Create Broadcast/button_Next (7)' is clicked on

2019-04-25 10:07:19 - [MESSAGE][PASSED] - Object: 'Object Repository/Page_KiboPush  Create Broadcast/button_Next (7)' is clicked on

2019-04-25 10:07:19 - [TEST_STEP][PASSED] - delay: Delayed 3 second(s)

2019-04-25 10:07:22 - [MESSAGE][PASSED] - Delayed 3 second(s)

2019-04-25 10:07:22 - [TEST_STEP][PASSED] - click: Object: 'Object Repository/Page_KiboPush  Create Broadcast/div_Select an audio file' is clicked on

2019-04-25 10:07:22 - [MESSAGE][PASSED] - Object: 'Object Repository/Page_KiboPush  Create Broadcast/div_Select an audio file' is clicked on]]></system-out>
         <system-err><![CDATA[]]></system-err>
      </testcase>
      <testcase name="Test Cases/Broadcasts/TC0165" classname="Test Cases/Broadcasts/TC0165" status="PASSED">
         <system-out><![CDATA[2019-04-25 10:07:22 - [TEST_CASE][PASSED] - Test Cases/Broadcasts/TC0165: Test Cases/Broadcasts/TC0165

2019-04-25 10:07:22 - [TEST_STEP][PASSED] - callTestCase: Call Test Case 'Test Cases/Broadcasts/TC0163' successfully

2019-04-25 10:07:22 - [TEST_CASE][PASSED] - Test Cases/Broadcasts/TC0163: Test Cases/Broadcasts/TC0163

2019-04-25 10:07:22 - [TEST_STEP][PASSED] - callTestCase: Call Test Case 'Test Cases/s-sidebar_navigation/TeamAccount/Broadcasts' successfully

2019-04-25 10:07:22 - [TEST_CASE][PASSED] - Test Cases/s-sidebar_navigation/TeamAccount/Broadcasts: Test Cases/s-sidebar_navigation/TeamAccount/Broadcasts

2019-04-25 10:07:22 - [TEST_STEP][PASSED] - callTestCase: Call Test Case 'Test Cases/s-sidebar_navigation/individualAccount/broadcast' successfully

2019-04-25 10:07:22 - [TEST_CASE][PASSED] - Test Cases/s-sidebar_navigation/individualAccount/broadcast: Test Cases/s-sidebar_navigation/individualAccount/broadcast

2019-04-25 10:07:22 - [TEST_STEP][PASSED] - click: Object: 'Object Repository/Page_KiboPush  Dashboard/span_Polls' is clicked on

2019-04-25 10:07:22 - [MESSAGE][PASSED] - Object: 'Object Repository/Page_KiboPush  Dashboard/span_Polls' is clicked on

2019-04-25 10:07:22 - [TEST_STEP][PASSED] - delay: Delayed 1 second(s)

2019-04-25 10:07:23 - [MESSAGE][PASSED] - Delayed 1 second(s)

2019-04-25 10:07:23 - [TEST_STEP][PASSED] - click: Object: 'Object Repository/Page_KiboPush  Dashboard/span_Broadcasts' is clicked on

2019-04-25 10:07:23 - [MESSAGE][PASSED] - Object: 'Object Repository/Page_KiboPush  Dashboard/span_Broadcasts' is clicked on

2019-04-25 10:07:23 - [TEST_STEP][PASSED] - delay: Delayed 1 second(s)

2019-04-25 10:07:24 - [MESSAGE][PASSED] - Delayed 1 second(s)

2019-04-25 10:07:24 - [TEST_STEP][PASSED] - scrollToPosition: Browser is scrolled to position x = 0, y = 0

2019-04-25 10:07:24 - [MESSAGE][PASSED] - Browser is scrolled to position x = 0, y = 0

2019-04-25 10:07:24 - [TEST_STEP][PASSED] - click: Object: 'Object Repository/Page_KiboPush  Broadcast/h3_Manage Broadcasts' is clicked on

2019-04-25 10:07:25 - [MESSAGE][PASSED] - Object: 'Object Repository/Page_KiboPush  Broadcast/h3_Manage Broadcasts' is clicked on

2019-04-25 10:07:25 - [MESSAGE][PASSED] - Call Test Case 'Test Cases/s-sidebar_navigation/individualAccount/broadcast' successfully

2019-04-25 10:07:25 - [MESSAGE][PASSED] - Call Test Case 'Test Cases/s-sidebar_navigation/TeamAccount/Broadcasts' successfully

2019-04-25 10:07:25 - [TEST_STEP][PASSED] - click: Object: 'Object Repository/Page_KiboPush  Broadcast/span_Create New Broadcast' is clicked on

2019-04-25 10:07:25 - [MESSAGE][PASSED] - Object: 'Object Repository/Page_KiboPush  Broadcast/span_Create New Broadcast' is clicked on

2019-04-25 10:07:25 - [TEST_STEP][PASSED] - click: Object: 'Object Repository/Page_KiboPush  Broadcast/a_Create New Broadcast' is clicked on

2019-04-25 10:07:26 - [MESSAGE][PASSED] - Object: 'Object Repository/Page_KiboPush  Broadcast/a_Create New Broadcast' is clicked on

2019-04-25 10:07:26 - [TEST_STEP][PASSED] - delay: Delayed 1 second(s)

2019-04-25 10:07:27 - [MESSAGE][PASSED] - Delayed 1 second(s)

2019-04-25 10:07:27 - [TEST_STEP][PASSED] - click: Object: 'Object Repository/Page_KiboPush  Create Broadcast/div_Audio' is clicked on

2019-04-25 10:07:27 - [MESSAGE][PASSED] - Object: 'Object Repository/Page_KiboPush  Create Broadcast/div_Audio' is clicked on

2019-04-25 10:07:27 - [TEST_STEP][PASSED] - verifyElementPresent: Object 'Object Repository/Page_KiboPush  Create Broadcast/h4_Audio' is present

2019-04-25 10:07:27 - [MESSAGE][PASSED] - Object 'Object Repository/Page_KiboPush  Create Broadcast/h4_Audio' is present

2019-04-25 10:07:27 - [MESSAGE][PASSED] - Call Test Case 'Test Cases/Broadcasts/TC0163' successfully

2019-04-25 10:07:27 - [TEST_STEP][PASSED] - Statement - audio = com.kms.katalon.core.configuration.RunConfiguration.getProjectDir() + "/audio.mp3": null

2019-04-25 10:07:27 - [TEST_STEP][PASSED] - uploadFile: File 'C:/Users/cloudkibo/Desktop/KiboPush_Automated_Testing/KiboPush Katalon/audio.mp3' sent to object: 'Object Repository/Page_KiboPush  Create Broadcast/input_file'

2019-04-25 10:07:27 - [MESSAGE][PASSED] - File 'C:/Users/cloudkibo/Desktop/KiboPush_Automated_Testing/KiboPush Katalon/audio.mp3' sent to object: 'Object Repository/Page_KiboPush  Create Broadcast/input_file']]></system-out>
         <system-err><![CDATA[]]></system-err>
      </testcase>
      <testcase name="Test Cases/Broadcasts/TC0167" classname="Test Cases/Broadcasts/TC0167" status="PASSED">
         <system-out><![CDATA[2019-04-25 10:07:27 - [TEST_CASE][PASSED] - Test Cases/Broadcasts/TC0167: Test Cases/Broadcasts/TC0167

2019-04-25 10:07:27 - [TEST_STEP][PASSED] - callTestCase: Call Test Case 'Test Cases/s-sidebar_navigation/TeamAccount/Broadcasts' successfully

2019-04-25 10:07:27 - [TEST_CASE][PASSED] - Test Cases/s-sidebar_navigation/TeamAccount/Broadcasts: Test Cases/s-sidebar_navigation/TeamAccount/Broadcasts

2019-04-25 10:07:27 - [TEST_STEP][PASSED] - callTestCase: Call Test Case 'Test Cases/s-sidebar_navigation/individualAccount/broadcast' successfully

2019-04-25 10:07:27 - [TEST_CASE][PASSED] - Test Cases/s-sidebar_navigation/individualAccount/broadcast: Test Cases/s-sidebar_navigation/individualAccount/broadcast

2019-04-25 10:07:27 - [TEST_STEP][PASSED] - click: Object: 'Object Repository/Page_KiboPush  Dashboard/span_Polls' is clicked on

2019-04-25 10:07:27 - [MESSAGE][PASSED] - Object: 'Object Repository/Page_KiboPush  Dashboard/span_Polls' is clicked on

2019-04-25 10:07:27 - [TEST_STEP][PASSED] - delay: Delayed 1 second(s)

2019-04-25 10:07:28 - [MESSAGE][PASSED] - Delayed 1 second(s)

2019-04-25 10:07:28 - [TEST_STEP][PASSED] - click: Object: 'Object Repository/Page_KiboPush  Dashboard/span_Broadcasts' is clicked on

2019-04-25 10:07:29 - [MESSAGE][PASSED] - Object: 'Object Repository/Page_KiboPush  Dashboard/span_Broadcasts' is clicked on

2019-04-25 10:07:29 - [TEST_STEP][PASSED] - delay: Delayed 1 second(s)

2019-04-25 10:07:30 - [MESSAGE][PASSED] - Delayed 1 second(s)

2019-04-25 10:07:30 - [TEST_STEP][PASSED] - scrollToPosition: Browser is scrolled to position x = 0, y = 0

2019-04-25 10:07:30 - [MESSAGE][PASSED] - Browser is scrolled to position x = 0, y = 0

2019-04-25 10:07:30 - [TEST_STEP][PASSED] - click: Object: 'Object Repository/Page_KiboPush  Broadcast/h3_Manage Broadcasts' is clicked on

2019-04-25 10:07:30 - [MESSAGE][PASSED] - Object: 'Object Repository/Page_KiboPush  Broadcast/h3_Manage Broadcasts' is clicked on

2019-04-25 10:07:30 - [MESSAGE][PASSED] - Call Test Case 'Test Cases/s-sidebar_navigation/individualAccount/broadcast' successfully

2019-04-25 10:07:30 - [MESSAGE][PASSED] - Call Test Case 'Test Cases/s-sidebar_navigation/TeamAccount/Broadcasts' successfully

2019-04-25 10:07:30 - [TEST_STEP][PASSED] - click: Object: 'Object Repository/Page_KiboPush  Broadcast/span_Create New Broadcast' is clicked on

2019-04-25 10:07:30 - [MESSAGE][PASSED] - Object: 'Object Repository/Page_KiboPush  Broadcast/span_Create New Broadcast' is clicked on

2019-04-25 10:07:30 - [TEST_STEP][PASSED] - click: Object: 'Object Repository/Page_KiboPush  Broadcast/a_Create New Broadcast' is clicked on

2019-04-25 10:07:30 - [MESSAGE][PASSED] - Object: 'Object Repository/Page_KiboPush  Broadcast/a_Create New Broadcast' is clicked on

2019-04-25 10:07:30 - [TEST_STEP][PASSED] - delay: Delayed 1 second(s)

2019-04-25 10:07:31 - [MESSAGE][PASSED] - Delayed 1 second(s)

2019-04-25 10:07:31 - [TEST_STEP][PASSED] - click: Object: 'Object Repository/Page_KiboPush  Create Broadcast/div_Video' is clicked on

2019-04-25 10:07:32 - [MESSAGE][PASSED] - Object: 'Object Repository/Page_KiboPush  Create Broadcast/div_Video' is clicked on

2019-04-25 10:07:32 - [TEST_STEP][PASSED] - verifyElementPresent: Object 'Object Repository/Page_KiboPush  Create Broadcast/h4_Video' is present

2019-04-25 10:07:32 - [MESSAGE][PASSED] - Object 'Object Repository/Page_KiboPush  Create Broadcast/h4_Video' is present

2019-04-25 10:07:32 - [TEST_STEP][PASSED] - delay: Delayed 3 second(s)

2019-04-25 10:07:34 - [MESSAGE][PASSED] - Delayed 3 second(s)]]></system-out>
         <system-err><![CDATA[]]></system-err>
      </testcase>
      <testcase name="Test Cases/Broadcasts/TC0168" classname="Test Cases/Broadcasts/TC0168" status="PASSED">
         <system-out><![CDATA[2019-04-25 10:07:34 - [TEST_CASE][PASSED] - Test Cases/Broadcasts/TC0168: Test Cases/Broadcasts/TC0168

2019-04-25 10:07:35 - [TEST_STEP][PASSED] - callTestCase: Call Test Case 'Test Cases/Broadcasts/TC0167' successfully

2019-04-25 10:07:35 - [TEST_CASE][PASSED] - Test Cases/Broadcasts/TC0167: Test Cases/Broadcasts/TC0167

2019-04-25 10:07:35 - [TEST_STEP][PASSED] - callTestCase: Call Test Case 'Test Cases/s-sidebar_navigation/TeamAccount/Broadcasts' successfully

2019-04-25 10:07:35 - [TEST_CASE][PASSED] - Test Cases/s-sidebar_navigation/TeamAccount/Broadcasts: Test Cases/s-sidebar_navigation/TeamAccount/Broadcasts

2019-04-25 10:07:35 - [TEST_STEP][PASSED] - callTestCase: Call Test Case 'Test Cases/s-sidebar_navigation/individualAccount/broadcast' successfully

2019-04-25 10:07:35 - [TEST_CASE][PASSED] - Test Cases/s-sidebar_navigation/individualAccount/broadcast: Test Cases/s-sidebar_navigation/individualAccount/broadcast

2019-04-25 10:07:35 - [TEST_STEP][PASSED] - click: Object: 'Object Repository/Page_KiboPush  Dashboard/span_Polls' is clicked on

2019-04-25 10:07:35 - [MESSAGE][PASSED] - Object: 'Object Repository/Page_KiboPush  Dashboard/span_Polls' is clicked on

2019-04-25 10:07:35 - [TEST_STEP][PASSED] - delay: Delayed 1 second(s)

2019-04-25 10:07:36 - [MESSAGE][PASSED] - Delayed 1 second(s)

2019-04-25 10:07:36 - [TEST_STEP][PASSED] - click: Object: 'Object Repository/Page_KiboPush  Dashboard/span_Broadcasts' is clicked on

2019-04-25 10:07:36 - [MESSAGE][PASSED] - Object: 'Object Repository/Page_KiboPush  Dashboard/span_Broadcasts' is clicked on

2019-04-25 10:07:36 - [TEST_STEP][PASSED] - delay: Delayed 1 second(s)

2019-04-25 10:07:37 - [MESSAGE][PASSED] - Delayed 1 second(s)

2019-04-25 10:07:37 - [TEST_STEP][PASSED] - scrollToPosition: Browser is scrolled to position x = 0, y = 0

2019-04-25 10:07:37 - [MESSAGE][PASSED] - Browser is scrolled to position x = 0, y = 0

2019-04-25 10:07:37 - [TEST_STEP][PASSED] - click: Object: 'Object Repository/Page_KiboPush  Broadcast/h3_Manage Broadcasts' is clicked on

2019-04-25 10:07:37 - [MESSAGE][PASSED] - Object: 'Object Repository/Page_KiboPush  Broadcast/h3_Manage Broadcasts' is clicked on

2019-04-25 10:07:37 - [MESSAGE][PASSED] - Call Test Case 'Test Cases/s-sidebar_navigation/individualAccount/broadcast' successfully

2019-04-25 10:07:37 - [MESSAGE][PASSED] - Call Test Case 'Test Cases/s-sidebar_navigation/TeamAccount/Broadcasts' successfully

2019-04-25 10:07:37 - [TEST_STEP][PASSED] - click: Object: 'Object Repository/Page_KiboPush  Broadcast/span_Create New Broadcast' is clicked on

2019-04-25 10:07:37 - [MESSAGE][PASSED] - Object: 'Object Repository/Page_KiboPush  Broadcast/span_Create New Broadcast' is clicked on

2019-04-25 10:07:37 - [TEST_STEP][PASSED] - click: Object: 'Object Repository/Page_KiboPush  Broadcast/a_Create New Broadcast' is clicked on

2019-04-25 10:07:38 - [MESSAGE][PASSED] - Object: 'Object Repository/Page_KiboPush  Broadcast/a_Create New Broadcast' is clicked on

2019-04-25 10:07:38 - [TEST_STEP][PASSED] - delay: Delayed 1 second(s)

2019-04-25 10:07:39 - [MESSAGE][PASSED] - Delayed 1 second(s)

2019-04-25 10:07:39 - [TEST_STEP][PASSED] - click: Object: 'Object Repository/Page_KiboPush  Create Broadcast/div_Video' is clicked on

2019-04-25 10:07:39 - [MESSAGE][PASSED] - Object: 'Object Repository/Page_KiboPush  Create Broadcast/div_Video' is clicked on

2019-04-25 10:07:39 - [TEST_STEP][PASSED] - verifyElementPresent: Object 'Object Repository/Page_KiboPush  Create Broadcast/h4_Video' is present

2019-04-25 10:07:39 - [MESSAGE][PASSED] - Object 'Object Repository/Page_KiboPush  Create Broadcast/h4_Video' is present

2019-04-25 10:07:39 - [TEST_STEP][PASSED] - delay: Delayed 3 second(s)

2019-04-25 10:07:42 - [MESSAGE][PASSED] - Delayed 3 second(s)

2019-04-25 10:07:42 - [MESSAGE][PASSED] - Call Test Case 'Test Cases/Broadcasts/TC0167' successfully

2019-04-25 10:07:42 - [TEST_STEP][PASSED] - click: Object: 'Object Repository/Page_KiboPush  Create Broadcast/button_Next (8)' is clicked on

2019-04-25 10:07:42 - [MESSAGE][PASSED] - Object: 'Object Repository/Page_KiboPush  Create Broadcast/button_Next (8)' is clicked on

2019-04-25 10:07:42 - [TEST_STEP][PASSED] - delay: Delayed 3 second(s)

2019-04-25 10:07:45 - [MESSAGE][PASSED] - Delayed 3 second(s)

2019-04-25 10:07:45 - [TEST_STEP][PASSED] - click: Object: 'Object Repository/Page_KiboPush  Create Broadcast/div_Select a video file' is clicked on

2019-04-25 10:07:45 - [MESSAGE][PASSED] - Object: 'Object Repository/Page_KiboPush  Create Broadcast/div_Select a video file' is clicked on]]></system-out>
         <system-err><![CDATA[]]></system-err>
      </testcase>
      <testcase name="Test Cases/Broadcasts/TC0169" classname="Test Cases/Broadcasts/TC0169" status="PASSED">
         <system-out><![CDATA[2019-04-25 10:07:45 - [TEST_CASE][PASSED] - Test Cases/Broadcasts/TC0169: Test Cases/Broadcasts/TC0169

2019-04-25 10:07:45 - [TEST_STEP][PASSED] - callTestCase: Call Test Case 'Test Cases/Broadcasts/TC0167' successfully

2019-04-25 10:07:46 - [TEST_CASE][PASSED] - Test Cases/Broadcasts/TC0167: Test Cases/Broadcasts/TC0167

2019-04-25 10:07:46 - [TEST_STEP][PASSED] - callTestCase: Call Test Case 'Test Cases/s-sidebar_navigation/TeamAccount/Broadcasts' successfully

2019-04-25 10:07:46 - [TEST_CASE][PASSED] - Test Cases/s-sidebar_navigation/TeamAccount/Broadcasts: Test Cases/s-sidebar_navigation/TeamAccount/Broadcasts

2019-04-25 10:07:46 - [TEST_STEP][PASSED] - callTestCase: Call Test Case 'Test Cases/s-sidebar_navigation/individualAccount/broadcast' successfully

2019-04-25 10:07:46 - [TEST_CASE][PASSED] - Test Cases/s-sidebar_navigation/individualAccount/broadcast: Test Cases/s-sidebar_navigation/individualAccount/broadcast

2019-04-25 10:07:46 - [TEST_STEP][PASSED] - click: Object: 'Object Repository/Page_KiboPush  Dashboard/span_Polls' is clicked on

2019-04-25 10:07:46 - [MESSAGE][PASSED] - Object: 'Object Repository/Page_KiboPush  Dashboard/span_Polls' is clicked on

2019-04-25 10:07:46 - [TEST_STEP][PASSED] - delay: Delayed 1 second(s)

2019-04-25 10:07:47 - [MESSAGE][PASSED] - Delayed 1 second(s)

2019-04-25 10:07:47 - [TEST_STEP][PASSED] - click: Object: 'Object Repository/Page_KiboPush  Dashboard/span_Broadcasts' is clicked on

2019-04-25 10:07:47 - [MESSAGE][PASSED] - Object: 'Object Repository/Page_KiboPush  Dashboard/span_Broadcasts' is clicked on

2019-04-25 10:07:47 - [TEST_STEP][PASSED] - delay: Delayed 1 second(s)

2019-04-25 10:07:48 - [MESSAGE][PASSED] - Delayed 1 second(s)

2019-04-25 10:07:48 - [TEST_STEP][PASSED] - scrollToPosition: Browser is scrolled to position x = 0, y = 0

2019-04-25 10:07:48 - [MESSAGE][PASSED] - Browser is scrolled to position x = 0, y = 0

2019-04-25 10:07:48 - [TEST_STEP][PASSED] - click: Object: 'Object Repository/Page_KiboPush  Broadcast/h3_Manage Broadcasts' is clicked on

2019-04-25 10:07:48 - [MESSAGE][PASSED] - Object: 'Object Repository/Page_KiboPush  Broadcast/h3_Manage Broadcasts' is clicked on

2019-04-25 10:07:48 - [MESSAGE][PASSED] - Call Test Case 'Test Cases/s-sidebar_navigation/individualAccount/broadcast' successfully

2019-04-25 10:07:48 - [MESSAGE][PASSED] - Call Test Case 'Test Cases/s-sidebar_navigation/TeamAccount/Broadcasts' successfully

2019-04-25 10:07:48 - [TEST_STEP][PASSED] - click: Object: 'Object Repository/Page_KiboPush  Broadcast/span_Create New Broadcast' is clicked on

2019-04-25 10:07:48 - [MESSAGE][PASSED] - Object: 'Object Repository/Page_KiboPush  Broadcast/span_Create New Broadcast' is clicked on

2019-04-25 10:07:48 - [TEST_STEP][PASSED] - click: Object: 'Object Repository/Page_KiboPush  Broadcast/a_Create New Broadcast' is clicked on

2019-04-25 10:07:49 - [MESSAGE][PASSED] - Object: 'Object Repository/Page_KiboPush  Broadcast/a_Create New Broadcast' is clicked on

2019-04-25 10:07:49 - [TEST_STEP][PASSED] - delay: Delayed 1 second(s)

2019-04-25 10:07:50 - [MESSAGE][PASSED] - Delayed 1 second(s)

2019-04-25 10:07:50 - [TEST_STEP][PASSED] - click: Object: 'Object Repository/Page_KiboPush  Create Broadcast/div_Video' is clicked on

2019-04-25 10:07:50 - [MESSAGE][PASSED] - Object: 'Object Repository/Page_KiboPush  Create Broadcast/div_Video' is clicked on

2019-04-25 10:07:50 - [TEST_STEP][PASSED] - verifyElementPresent: Object 'Object Repository/Page_KiboPush  Create Broadcast/h4_Video' is present

2019-04-25 10:07:50 - [MESSAGE][PASSED] - Object 'Object Repository/Page_KiboPush  Create Broadcast/h4_Video' is present

2019-04-25 10:07:50 - [TEST_STEP][PASSED] - delay: Delayed 3 second(s)

2019-04-25 10:07:53 - [MESSAGE][PASSED] - Delayed 3 second(s)

2019-04-25 10:07:53 - [MESSAGE][PASSED] - Call Test Case 'Test Cases/Broadcasts/TC0167' successfully

2019-04-25 10:07:53 - [TEST_STEP][PASSED] - Statement - video = com.kms.katalon.core.configuration.RunConfiguration.getProjectDir() + "/video.mp4": null

2019-04-25 10:07:53 - [TEST_STEP][PASSED] - uploadFile: File 'C:/Users/cloudkibo/Desktop/KiboPush_Automated_Testing/KiboPush Katalon/video.mp4' sent to object: 'Object Repository/Page_KiboPush  Create Broadcast/input_file'

2019-04-25 10:07:53 - [MESSAGE][PASSED] - File 'C:/Users/cloudkibo/Desktop/KiboPush_Automated_Testing/KiboPush Katalon/video.mp4' sent to object: 'Object Repository/Page_KiboPush  Create Broadcast/input_file']]></system-out>
         <system-err><![CDATA[]]></system-err>
      </testcase>
      <testcase name="Test Cases/Broadcasts/TC0171" classname="Test Cases/Broadcasts/TC0171" status="PASSED">
         <system-out><![CDATA[2019-04-25 10:07:53 - [TEST_CASE][PASSED] - Test Cases/Broadcasts/TC0171: Test Cases/Broadcasts/TC0171

2019-04-25 10:07:54 - [TEST_STEP][PASSED] - callTestCase: Call Test Case 'Test Cases/s-sidebar_navigation/TeamAccount/Broadcasts' successfully

2019-04-25 10:07:54 - [TEST_CASE][PASSED] - Test Cases/s-sidebar_navigation/TeamAccount/Broadcasts: Test Cases/s-sidebar_navigation/TeamAccount/Broadcasts

2019-04-25 10:07:54 - [TEST_STEP][PASSED] - callTestCase: Call Test Case 'Test Cases/s-sidebar_navigation/individualAccount/broadcast' successfully

2019-04-25 10:07:54 - [TEST_CASE][PASSED] - Test Cases/s-sidebar_navigation/individualAccount/broadcast: Test Cases/s-sidebar_navigation/individualAccount/broadcast

2019-04-25 10:07:54 - [TEST_STEP][PASSED] - click: Object: 'Object Repository/Page_KiboPush  Dashboard/span_Polls' is clicked on

2019-04-25 10:07:54 - [MESSAGE][PASSED] - Object: 'Object Repository/Page_KiboPush  Dashboard/span_Polls' is clicked on

2019-04-25 10:07:54 - [TEST_STEP][PASSED] - delay: Delayed 1 second(s)

2019-04-25 10:07:55 - [MESSAGE][PASSED] - Delayed 1 second(s)

2019-04-25 10:07:55 - [TEST_STEP][PASSED] - click: Object: 'Object Repository/Page_KiboPush  Dashboard/span_Broadcasts' is clicked on

2019-04-25 10:07:55 - [MESSAGE][PASSED] - Object: 'Object Repository/Page_KiboPush  Dashboard/span_Broadcasts' is clicked on

2019-04-25 10:07:55 - [TEST_STEP][PASSED] - delay: Delayed 1 second(s)

2019-04-25 10:07:56 - [MESSAGE][PASSED] - Delayed 1 second(s)

2019-04-25 10:07:56 - [TEST_STEP][PASSED] - scrollToPosition: Browser is scrolled to position x = 0, y = 0

2019-04-25 10:07:56 - [MESSAGE][PASSED] - Browser is scrolled to position x = 0, y = 0

2019-04-25 10:07:56 - [TEST_STEP][PASSED] - click: Object: 'Object Repository/Page_KiboPush  Broadcast/h3_Manage Broadcasts' is clicked on

2019-04-25 10:07:56 - [MESSAGE][PASSED] - Object: 'Object Repository/Page_KiboPush  Broadcast/h3_Manage Broadcasts' is clicked on

2019-04-25 10:07:56 - [MESSAGE][PASSED] - Call Test Case 'Test Cases/s-sidebar_navigation/individualAccount/broadcast' successfully

2019-04-25 10:07:56 - [MESSAGE][PASSED] - Call Test Case 'Test Cases/s-sidebar_navigation/TeamAccount/Broadcasts' successfully

2019-04-25 10:07:56 - [TEST_STEP][PASSED] - click: Object: 'Object Repository/Page_KiboPush  Broadcast/span_Create New Broadcast' is clicked on

2019-04-25 10:07:57 - [MESSAGE][PASSED] - Object: 'Object Repository/Page_KiboPush  Broadcast/span_Create New Broadcast' is clicked on

2019-04-25 10:07:57 - [TEST_STEP][PASSED] - click: Object: 'Object Repository/Page_KiboPush  Broadcast/a_Create New Broadcast' is clicked on

2019-04-25 10:07:57 - [MESSAGE][PASSED] - Object: 'Object Repository/Page_KiboPush  Broadcast/a_Create New Broadcast' is clicked on

2019-04-25 10:07:57 - [TEST_STEP][PASSED] - delay: Delayed 1 second(s)

2019-04-25 10:07:58 - [MESSAGE][PASSED] - Delayed 1 second(s)

2019-04-25 10:07:58 - [TEST_STEP][PASSED] - click: Object: 'Object Repository/Page_KiboPush  Create Broadcast/div_File' is clicked on

2019-04-25 10:07:59 - [MESSAGE][PASSED] - Object: 'Object Repository/Page_KiboPush  Create Broadcast/div_File' is clicked on

2019-04-25 10:07:59 - [TEST_STEP][PASSED] - verifyElementPresent: Object 'Object Repository/Page_KiboPush  Create Broadcast/h4_File' is present

2019-04-25 10:07:59 - [MESSAGE][PASSED] - Object 'Object Repository/Page_KiboPush  Create Broadcast/h4_File' is present

2019-04-25 10:07:59 - [TEST_STEP][PASSED] - delay: Delayed 3 second(s)

2019-04-25 10:08:02 - [MESSAGE][PASSED] - Delayed 3 second(s)]]></system-out>
         <system-err><![CDATA[]]></system-err>
      </testcase>
      <testcase name="Test Cases/Broadcasts/TC0172" classname="Test Cases/Broadcasts/TC0172" status="PASSED">
         <system-out><![CDATA[2019-04-25 10:08:02 - [TEST_CASE][PASSED] - Test Cases/Broadcasts/TC0172: Test Cases/Broadcasts/TC0172

2019-04-25 10:08:02 - [TEST_STEP][PASSED] - callTestCase: Call Test Case 'Test Cases/Broadcasts/TC0171' successfully

2019-04-25 10:08:03 - [TEST_CASE][PASSED] - Test Cases/Broadcasts/TC0171: Test Cases/Broadcasts/TC0171

2019-04-25 10:08:03 - [TEST_STEP][PASSED] - callTestCase: Call Test Case 'Test Cases/s-sidebar_navigation/TeamAccount/Broadcasts' successfully

2019-04-25 10:08:03 - [TEST_CASE][PASSED] - Test Cases/s-sidebar_navigation/TeamAccount/Broadcasts: Test Cases/s-sidebar_navigation/TeamAccount/Broadcasts

2019-04-25 10:08:03 - [TEST_STEP][PASSED] - callTestCase: Call Test Case 'Test Cases/s-sidebar_navigation/individualAccount/broadcast' successfully

2019-04-25 10:08:03 - [TEST_CASE][PASSED] - Test Cases/s-sidebar_navigation/individualAccount/broadcast: Test Cases/s-sidebar_navigation/individualAccount/broadcast

2019-04-25 10:08:03 - [TEST_STEP][PASSED] - click: Object: 'Object Repository/Page_KiboPush  Dashboard/span_Polls' is clicked on

2019-04-25 10:08:03 - [MESSAGE][PASSED] - Object: 'Object Repository/Page_KiboPush  Dashboard/span_Polls' is clicked on

2019-04-25 10:08:03 - [TEST_STEP][PASSED] - delay: Delayed 1 second(s)

2019-04-25 10:08:04 - [MESSAGE][PASSED] - Delayed 1 second(s)

2019-04-25 10:08:04 - [TEST_STEP][PASSED] - click: Object: 'Object Repository/Page_KiboPush  Dashboard/span_Broadcasts' is clicked on

2019-04-25 10:08:04 - [MESSAGE][PASSED] - Object: 'Object Repository/Page_KiboPush  Dashboard/span_Broadcasts' is clicked on

2019-04-25 10:08:04 - [TEST_STEP][PASSED] - delay: Delayed 1 second(s)

2019-04-25 10:08:05 - [MESSAGE][PASSED] - Delayed 1 second(s)

2019-04-25 10:08:05 - [TEST_STEP][PASSED] - scrollToPosition: Browser is scrolled to position x = 0, y = 0

2019-04-25 10:08:05 - [MESSAGE][PASSED] - Browser is scrolled to position x = 0, y = 0

2019-04-25 10:08:05 - [TEST_STEP][PASSED] - click: Object: 'Object Repository/Page_KiboPush  Broadcast/h3_Manage Broadcasts' is clicked on

2019-04-25 10:08:06 - [MESSAGE][PASSED] - Object: 'Object Repository/Page_KiboPush  Broadcast/h3_Manage Broadcasts' is clicked on

2019-04-25 10:08:06 - [MESSAGE][PASSED] - Call Test Case 'Test Cases/s-sidebar_navigation/individualAccount/broadcast' successfully

2019-04-25 10:08:06 - [MESSAGE][PASSED] - Call Test Case 'Test Cases/s-sidebar_navigation/TeamAccount/Broadcasts' successfully

2019-04-25 10:08:06 - [TEST_STEP][PASSED] - click: Object: 'Object Repository/Page_KiboPush  Broadcast/span_Create New Broadcast' is clicked on

2019-04-25 10:08:06 - [MESSAGE][PASSED] - Object: 'Object Repository/Page_KiboPush  Broadcast/span_Create New Broadcast' is clicked on

2019-04-25 10:08:06 - [TEST_STEP][PASSED] - click: Object: 'Object Repository/Page_KiboPush  Broadcast/a_Create New Broadcast' is clicked on

2019-04-25 10:08:07 - [MESSAGE][PASSED] - Object: 'Object Repository/Page_KiboPush  Broadcast/a_Create New Broadcast' is clicked on

2019-04-25 10:08:07 - [TEST_STEP][PASSED] - delay: Delayed 1 second(s)

2019-04-25 10:08:08 - [MESSAGE][PASSED] - Delayed 1 second(s)

2019-04-25 10:08:08 - [TEST_STEP][PASSED] - click: Object: 'Object Repository/Page_KiboPush  Create Broadcast/div_File' is clicked on

2019-04-25 10:08:08 - [MESSAGE][PASSED] - Object: 'Object Repository/Page_KiboPush  Create Broadcast/div_File' is clicked on

2019-04-25 10:08:08 - [TEST_STEP][PASSED] - verifyElementPresent: Object 'Object Repository/Page_KiboPush  Create Broadcast/h4_File' is present

2019-04-25 10:08:08 - [MESSAGE][PASSED] - Object 'Object Repository/Page_KiboPush  Create Broadcast/h4_File' is present

2019-04-25 10:08:08 - [TEST_STEP][PASSED] - delay: Delayed 3 second(s)

2019-04-25 10:08:11 - [MESSAGE][PASSED] - Delayed 3 second(s)

2019-04-25 10:08:11 - [MESSAGE][PASSED] - Call Test Case 'Test Cases/Broadcasts/TC0171' successfully

2019-04-25 10:08:11 - [TEST_STEP][PASSED] - click: Object: 'Object Repository/Page_KiboPush  Create Broadcast/button_Next (9)' is clicked on

2019-04-25 10:08:11 - [MESSAGE][PASSED] - Object: 'Object Repository/Page_KiboPush  Create Broadcast/button_Next (9)' is clicked on

2019-04-25 10:08:11 - [TEST_STEP][PASSED] - delay: Delayed 3 second(s)

2019-04-25 10:08:14 - [MESSAGE][PASSED] - Delayed 3 second(s)

2019-04-25 10:08:14 - [TEST_STEP][PASSED] - click: Object: 'Object Repository/Page_KiboPush  Create Broadcast/div_Select a valid file' is clicked on

2019-04-25 10:08:14 - [MESSAGE][PASSED] - Object: 'Object Repository/Page_KiboPush  Create Broadcast/div_Select a valid file' is clicked on]]></system-out>
         <system-err><![CDATA[]]></system-err>
      </testcase>
      <testcase name="Test Cases/Broadcasts/TC0173" classname="Test Cases/Broadcasts/TC0173" status="PASSED">
         <system-out><![CDATA[2019-04-25 10:08:14 - [TEST_CASE][PASSED] - Test Cases/Broadcasts/TC0173: Test Cases/Broadcasts/TC0173

2019-04-25 10:08:15 - [TEST_STEP][PASSED] - callTestCase: Call Test Case 'Test Cases/Broadcasts/TC0171' successfully

2019-04-25 10:08:15 - [TEST_CASE][PASSED] - Test Cases/Broadcasts/TC0171: Test Cases/Broadcasts/TC0171

2019-04-25 10:08:15 - [TEST_STEP][PASSED] - callTestCase: Call Test Case 'Test Cases/s-sidebar_navigation/TeamAccount/Broadcasts' successfully

2019-04-25 10:08:15 - [TEST_CASE][PASSED] - Test Cases/s-sidebar_navigation/TeamAccount/Broadcasts: Test Cases/s-sidebar_navigation/TeamAccount/Broadcasts

2019-04-25 10:08:15 - [TEST_STEP][PASSED] - callTestCase: Call Test Case 'Test Cases/s-sidebar_navigation/individualAccount/broadcast' successfully

2019-04-25 10:08:15 - [TEST_CASE][PASSED] - Test Cases/s-sidebar_navigation/individualAccount/broadcast: Test Cases/s-sidebar_navigation/individualAccount/broadcast

2019-04-25 10:08:15 - [TEST_STEP][PASSED] - click: Object: 'Object Repository/Page_KiboPush  Dashboard/span_Polls' is clicked on

2019-04-25 10:08:15 - [MESSAGE][PASSED] - Object: 'Object Repository/Page_KiboPush  Dashboard/span_Polls' is clicked on

2019-04-25 10:08:15 - [TEST_STEP][PASSED] - delay: Delayed 1 second(s)

2019-04-25 10:08:16 - [MESSAGE][PASSED] - Delayed 1 second(s)

2019-04-25 10:08:16 - [TEST_STEP][PASSED] - click: Object: 'Object Repository/Page_KiboPush  Dashboard/span_Broadcasts' is clicked on

2019-04-25 10:08:16 - [MESSAGE][PASSED] - Object: 'Object Repository/Page_KiboPush  Dashboard/span_Broadcasts' is clicked on

2019-04-25 10:08:16 - [TEST_STEP][PASSED] - delay: Delayed 1 second(s)

2019-04-25 10:08:17 - [MESSAGE][PASSED] - Delayed 1 second(s)

2019-04-25 10:08:17 - [TEST_STEP][PASSED] - scrollToPosition: Browser is scrolled to position x = 0, y = 0

2019-04-25 10:08:17 - [MESSAGE][PASSED] - Browser is scrolled to position x = 0, y = 0

2019-04-25 10:08:17 - [TEST_STEP][PASSED] - click: Object: 'Object Repository/Page_KiboPush  Broadcast/h3_Manage Broadcasts' is clicked on

2019-04-25 10:08:18 - [MESSAGE][PASSED] - Object: 'Object Repository/Page_KiboPush  Broadcast/h3_Manage Broadcasts' is clicked on

2019-04-25 10:08:18 - [MESSAGE][PASSED] - Call Test Case 'Test Cases/s-sidebar_navigation/individualAccount/broadcast' successfully

2019-04-25 10:08:18 - [MESSAGE][PASSED] - Call Test Case 'Test Cases/s-sidebar_navigation/TeamAccount/Broadcasts' successfully

2019-04-25 10:08:18 - [TEST_STEP][PASSED] - click: Object: 'Object Repository/Page_KiboPush  Broadcast/span_Create New Broadcast' is clicked on

2019-04-25 10:08:18 - [MESSAGE][PASSED] - Object: 'Object Repository/Page_KiboPush  Broadcast/span_Create New Broadcast' is clicked on

2019-04-25 10:08:18 - [TEST_STEP][PASSED] - click: Object: 'Object Repository/Page_KiboPush  Broadcast/a_Create New Broadcast' is clicked on

2019-04-25 10:08:18 - [MESSAGE][PASSED] - Object: 'Object Repository/Page_KiboPush  Broadcast/a_Create New Broadcast' is clicked on

2019-04-25 10:08:18 - [TEST_STEP][PASSED] - delay: Delayed 1 second(s)

2019-04-25 10:08:19 - [MESSAGE][PASSED] - Delayed 1 second(s)

2019-04-25 10:08:19 - [TEST_STEP][PASSED] - click: Object: 'Object Repository/Page_KiboPush  Create Broadcast/div_File' is clicked on

2019-04-25 10:08:20 - [MESSAGE][PASSED] - Object: 'Object Repository/Page_KiboPush  Create Broadcast/div_File' is clicked on

2019-04-25 10:08:20 - [TEST_STEP][PASSED] - verifyElementPresent: Object 'Object Repository/Page_KiboPush  Create Broadcast/h4_File' is present

2019-04-25 10:08:20 - [MESSAGE][PASSED] - Object 'Object Repository/Page_KiboPush  Create Broadcast/h4_File' is present

2019-04-25 10:08:20 - [TEST_STEP][PASSED] - delay: Delayed 3 second(s)

2019-04-25 10:08:23 - [MESSAGE][PASSED] - Delayed 3 second(s)

2019-04-25 10:08:23 - [MESSAGE][PASSED] - Call Test Case 'Test Cases/Broadcasts/TC0171' successfully

2019-04-25 10:08:23 - [TEST_STEP][PASSED] - Statement - file = com.kms.katalon.core.configuration.RunConfiguration.getProjectDir() + "/sampleFile.csv": null

2019-04-25 10:08:23 - [TEST_STEP][PASSED] - uploadFile: File 'C:/Users/cloudkibo/Desktop/KiboPush_Automated_Testing/KiboPush Katalon/sampleFile.csv' sent to object: 'Object Repository/Page_KiboPush  Create Broadcast/input_file'

2019-04-25 10:08:23 - [MESSAGE][PASSED] - File 'C:/Users/cloudkibo/Desktop/KiboPush_Automated_Testing/KiboPush Katalon/sampleFile.csv' sent to object: 'Object Repository/Page_KiboPush  Create Broadcast/input_file']]></system-out>
         <system-err><![CDATA[]]></system-err>
      </testcase>
      <testcase name="Test Cases/Broadcasts/TC0175" classname="Test Cases/Broadcasts/TC0175" status="PASSED">
         <system-out><![CDATA[2019-04-25 10:08:23 - [TEST_CASE][PASSED] - Test Cases/Broadcasts/TC0175: Test Cases/Broadcasts/TC0175

2019-04-25 10:08:23 - [TEST_STEP][PASSED] - callTestCase: Call Test Case 'Test Cases/s-sidebar_navigation/TeamAccount/Broadcasts' successfully

2019-04-25 10:08:23 - [TEST_CASE][PASSED] - Test Cases/s-sidebar_navigation/TeamAccount/Broadcasts: Test Cases/s-sidebar_navigation/TeamAccount/Broadcasts

2019-04-25 10:08:23 - [TEST_STEP][PASSED] - callTestCase: Call Test Case 'Test Cases/s-sidebar_navigation/individualAccount/broadcast' successfully

2019-04-25 10:08:23 - [TEST_CASE][PASSED] - Test Cases/s-sidebar_navigation/individualAccount/broadcast: Test Cases/s-sidebar_navigation/individualAccount/broadcast

2019-04-25 10:08:23 - [TEST_STEP][PASSED] - click: Object: 'Object Repository/Page_KiboPush  Dashboard/span_Polls' is clicked on

2019-04-25 10:08:24 - [MESSAGE][PASSED] - Object: 'Object Repository/Page_KiboPush  Dashboard/span_Polls' is clicked on

2019-04-25 10:08:24 - [TEST_STEP][PASSED] - delay: Delayed 1 second(s)

2019-04-25 10:08:25 - [MESSAGE][PASSED] - Delayed 1 second(s)

2019-04-25 10:08:25 - [TEST_STEP][PASSED] - click: Object: 'Object Repository/Page_KiboPush  Dashboard/span_Broadcasts' is clicked on

2019-04-25 10:08:25 - [MESSAGE][PASSED] - Object: 'Object Repository/Page_KiboPush  Dashboard/span_Broadcasts' is clicked on

2019-04-25 10:08:25 - [TEST_STEP][PASSED] - delay: Delayed 1 second(s)

2019-04-25 10:08:26 - [MESSAGE][PASSED] - Delayed 1 second(s)

2019-04-25 10:08:26 - [TEST_STEP][PASSED] - scrollToPosition: Browser is scrolled to position x = 0, y = 0

2019-04-25 10:08:26 - [MESSAGE][PASSED] - Browser is scrolled to position x = 0, y = 0

2019-04-25 10:08:26 - [TEST_STEP][PASSED] - click: Object: 'Object Repository/Page_KiboPush  Broadcast/h3_Manage Broadcasts' is clicked on

2019-04-25 10:08:26 - [MESSAGE][PASSED] - Object: 'Object Repository/Page_KiboPush  Broadcast/h3_Manage Broadcasts' is clicked on

2019-04-25 10:08:26 - [MESSAGE][PASSED] - Call Test Case 'Test Cases/s-sidebar_navigation/individualAccount/broadcast' successfully

2019-04-25 10:08:26 - [MESSAGE][PASSED] - Call Test Case 'Test Cases/s-sidebar_navigation/TeamAccount/Broadcasts' successfully

2019-04-25 10:08:26 - [TEST_STEP][PASSED] - click: Object: 'Object Repository/Page_KiboPush  Broadcast/span_Create New Broadcast' is clicked on

2019-04-25 10:08:26 - [MESSAGE][PASSED] - Object: 'Object Repository/Page_KiboPush  Broadcast/span_Create New Broadcast' is clicked on

2019-04-25 10:08:26 - [TEST_STEP][PASSED] - click: Object: 'Object Repository/Page_KiboPush  Broadcast/a_Create New Broadcast' is clicked on

2019-04-25 10:08:27 - [MESSAGE][PASSED] - Object: 'Object Repository/Page_KiboPush  Broadcast/a_Create New Broadcast' is clicked on

2019-04-25 10:08:27 - [TEST_STEP][PASSED] - delay: Delayed 1 second(s)

2019-04-25 10:08:28 - [MESSAGE][PASSED] - Delayed 1 second(s)

2019-04-25 10:08:28 - [TEST_STEP][PASSED] - click: Object: 'Object Repository/Page_KiboPush  Create Broadcast/div_Media' is clicked on

2019-04-25 10:08:28 - [MESSAGE][PASSED] - Object: 'Object Repository/Page_KiboPush  Create Broadcast/div_Media' is clicked on

2019-04-25 10:08:28 - [TEST_STEP][PASSED] - verifyElementPresent: Object 'Object Repository/Page_KiboPush  Create Broadcast/div_Media_1' is present

2019-04-25 10:08:28 - [MESSAGE][PASSED] - Object 'Object Repository/Page_KiboPush  Create Broadcast/div_Media_1' is present

2019-04-25 10:08:28 - [TEST_STEP][PASSED] - delay: Delayed 3 second(s)

2019-04-25 10:08:31 - [MESSAGE][PASSED] - Delayed 3 second(s)]]></system-out>
         <system-err><![CDATA[]]></system-err>
      </testcase>
      <testcase name="Test Cases/Broadcasts/TC0176" classname="Test Cases/Broadcasts/TC0176" status="PASSED">
         <system-out><![CDATA[2019-04-25 10:08:31 - [TEST_CASE][PASSED] - Test Cases/Broadcasts/TC0176: Test Cases/Broadcasts/TC0176

2019-04-25 10:08:31 - [TEST_STEP][PASSED] - callTestCase: Call Test Case 'Test Cases/Broadcasts/TC0175' successfully

2019-04-25 10:08:32 - [TEST_CASE][PASSED] - Test Cases/Broadcasts/TC0175: Test Cases/Broadcasts/TC0175

2019-04-25 10:08:32 - [TEST_STEP][PASSED] - callTestCase: Call Test Case 'Test Cases/s-sidebar_navigation/TeamAccount/Broadcasts' successfully

2019-04-25 10:08:32 - [TEST_CASE][PASSED] - Test Cases/s-sidebar_navigation/TeamAccount/Broadcasts: Test Cases/s-sidebar_navigation/TeamAccount/Broadcasts

2019-04-25 10:08:32 - [TEST_STEP][PASSED] - callTestCase: Call Test Case 'Test Cases/s-sidebar_navigation/individualAccount/broadcast' successfully

2019-04-25 10:08:32 - [TEST_CASE][PASSED] - Test Cases/s-sidebar_navigation/individualAccount/broadcast: Test Cases/s-sidebar_navigation/individualAccount/broadcast

2019-04-25 10:08:32 - [TEST_STEP][PASSED] - click: Object: 'Object Repository/Page_KiboPush  Dashboard/span_Polls' is clicked on

2019-04-25 10:08:32 - [MESSAGE][PASSED] - Object: 'Object Repository/Page_KiboPush  Dashboard/span_Polls' is clicked on

2019-04-25 10:08:32 - [TEST_STEP][PASSED] - delay: Delayed 1 second(s)

2019-04-25 10:08:33 - [MESSAGE][PASSED] - Delayed 1 second(s)

2019-04-25 10:08:33 - [TEST_STEP][PASSED] - click: Object: 'Object Repository/Page_KiboPush  Dashboard/span_Broadcasts' is clicked on

2019-04-25 10:08:33 - [MESSAGE][PASSED] - Object: 'Object Repository/Page_KiboPush  Dashboard/span_Broadcasts' is clicked on

2019-04-25 10:08:33 - [TEST_STEP][PASSED] - delay: Delayed 1 second(s)

2019-04-25 10:08:34 - [MESSAGE][PASSED] - Delayed 1 second(s)

2019-04-25 10:08:34 - [TEST_STEP][PASSED] - scrollToPosition: Browser is scrolled to position x = 0, y = 0

2019-04-25 10:08:34 - [MESSAGE][PASSED] - Browser is scrolled to position x = 0, y = 0

2019-04-25 10:08:34 - [TEST_STEP][PASSED] - click: Object: 'Object Repository/Page_KiboPush  Broadcast/h3_Manage Broadcasts' is clicked on

2019-04-25 10:08:34 - [MESSAGE][PASSED] - Object: 'Object Repository/Page_KiboPush  Broadcast/h3_Manage Broadcasts' is clicked on

2019-04-25 10:08:34 - [MESSAGE][PASSED] - Call Test Case 'Test Cases/s-sidebar_navigation/individualAccount/broadcast' successfully

2019-04-25 10:08:34 - [MESSAGE][PASSED] - Call Test Case 'Test Cases/s-sidebar_navigation/TeamAccount/Broadcasts' successfully

2019-04-25 10:08:34 - [TEST_STEP][PASSED] - click: Object: 'Object Repository/Page_KiboPush  Broadcast/span_Create New Broadcast' is clicked on

2019-04-25 10:08:35 - [MESSAGE][PASSED] - Object: 'Object Repository/Page_KiboPush  Broadcast/span_Create New Broadcast' is clicked on

2019-04-25 10:08:35 - [TEST_STEP][PASSED] - click: Object: 'Object Repository/Page_KiboPush  Broadcast/a_Create New Broadcast' is clicked on

2019-04-25 10:08:35 - [MESSAGE][PASSED] - Object: 'Object Repository/Page_KiboPush  Broadcast/a_Create New Broadcast' is clicked on

2019-04-25 10:08:35 - [TEST_STEP][PASSED] - delay: Delayed 1 second(s)

2019-04-25 10:08:36 - [MESSAGE][PASSED] - Delayed 1 second(s)

2019-04-25 10:08:36 - [TEST_STEP][PASSED] - click: Object: 'Object Repository/Page_KiboPush  Create Broadcast/div_Media' is clicked on

2019-04-25 10:08:37 - [MESSAGE][PASSED] - Object: 'Object Repository/Page_KiboPush  Create Broadcast/div_Media' is clicked on

2019-04-25 10:08:37 - [TEST_STEP][PASSED] - verifyElementPresent: Object 'Object Repository/Page_KiboPush  Create Broadcast/div_Media_1' is present

2019-04-25 10:08:37 - [MESSAGE][PASSED] - Object 'Object Repository/Page_KiboPush  Create Broadcast/div_Media_1' is present

2019-04-25 10:08:37 - [TEST_STEP][PASSED] - delay: Delayed 3 second(s)

2019-04-25 10:08:40 - [MESSAGE][PASSED] - Delayed 3 second(s)

2019-04-25 10:08:40 - [MESSAGE][PASSED] - Call Test Case 'Test Cases/Broadcasts/TC0175' successfully

2019-04-25 10:08:40 - [TEST_STEP][PASSED] - scrollToPosition: Browser is scrolled to position x = 0, y = 0

2019-04-25 10:08:40 - [MESSAGE][PASSED] - Browser is scrolled to position x = 0, y = 0

2019-04-25 10:08:40 - [TEST_STEP][PASSED] - click: Object: 'Object Repository/Page_KiboPush  Create Broadcast/button_Next (11) (1)' is clicked on

2019-04-25 10:08:40 - [MESSAGE][PASSED] - Object: 'Object Repository/Page_KiboPush  Create Broadcast/button_Next (11) (1)' is clicked on

2019-04-25 10:08:40 - [TEST_STEP][PASSED] - delay: Delayed 3 second(s)

2019-04-25 10:08:43 - [MESSAGE][PASSED] - Delayed 3 second(s)

2019-04-25 10:08:43 - [TEST_STEP][PASSED] - click: Object: 'Object Repository/Page_KiboPush  Create Broadcast/div_Select an image or video' is clicked on

2019-04-25 10:08:43 - [MESSAGE][PASSED] - Object: 'Object Repository/Page_KiboPush  Create Broadcast/div_Select an image or video' is clicked on]]></system-out>
         <system-err><![CDATA[]]></system-err>
      </testcase>
      <testcase name="Test Cases/Broadcasts/TC0177" classname="Test Cases/Broadcasts/TC0177" status="PASSED">
         <system-out><![CDATA[2019-04-25 10:08:43 - [TEST_CASE][PASSED] - Test Cases/Broadcasts/TC0177: Test Cases/Broadcasts/TC0177

2019-04-25 10:08:43 - [TEST_STEP][PASSED] - callTestCase: Call Test Case 'Test Cases/Broadcasts/TC0175' successfully

2019-04-25 10:08:43 - [TEST_CASE][PASSED] - Test Cases/Broadcasts/TC0175: Test Cases/Broadcasts/TC0175

2019-04-25 10:08:43 - [TEST_STEP][PASSED] - callTestCase: Call Test Case 'Test Cases/s-sidebar_navigation/TeamAccount/Broadcasts' successfully

2019-04-25 10:08:43 - [TEST_CASE][PASSED] - Test Cases/s-sidebar_navigation/TeamAccount/Broadcasts: Test Cases/s-sidebar_navigation/TeamAccount/Broadcasts

2019-04-25 10:08:43 - [TEST_STEP][PASSED] - callTestCase: Call Test Case 'Test Cases/s-sidebar_navigation/individualAccount/broadcast' successfully

2019-04-25 10:08:43 - [TEST_CASE][PASSED] - Test Cases/s-sidebar_navigation/individualAccount/broadcast: Test Cases/s-sidebar_navigation/individualAccount/broadcast

2019-04-25 10:08:43 - [TEST_STEP][PASSED] - click: Object: 'Object Repository/Page_KiboPush  Dashboard/span_Polls' is clicked on

2019-04-25 10:08:43 - [MESSAGE][PASSED] - Object: 'Object Repository/Page_KiboPush  Dashboard/span_Polls' is clicked on

2019-04-25 10:08:43 - [TEST_STEP][PASSED] - delay: Delayed 1 second(s)

2019-04-25 10:08:45 - [MESSAGE][PASSED] - Delayed 1 second(s)

2019-04-25 10:08:45 - [TEST_STEP][PASSED] - click: Object: 'Object Repository/Page_KiboPush  Dashboard/span_Broadcasts' is clicked on

2019-04-25 10:08:45 - [MESSAGE][PASSED] - Object: 'Object Repository/Page_KiboPush  Dashboard/span_Broadcasts' is clicked on

2019-04-25 10:08:45 - [TEST_STEP][PASSED] - delay: Delayed 1 second(s)

2019-04-25 10:08:46 - [MESSAGE][PASSED] - Delayed 1 second(s)

2019-04-25 10:08:46 - [TEST_STEP][PASSED] - scrollToPosition: Browser is scrolled to position x = 0, y = 0

2019-04-25 10:08:46 - [MESSAGE][PASSED] - Browser is scrolled to position x = 0, y = 0

2019-04-25 10:08:46 - [TEST_STEP][PASSED] - click: Object: 'Object Repository/Page_KiboPush  Broadcast/h3_Manage Broadcasts' is clicked on

2019-04-25 10:08:46 - [MESSAGE][PASSED] - Object: 'Object Repository/Page_KiboPush  Broadcast/h3_Manage Broadcasts' is clicked on

2019-04-25 10:08:46 - [MESSAGE][PASSED] - Call Test Case 'Test Cases/s-sidebar_navigation/individualAccount/broadcast' successfully

2019-04-25 10:08:46 - [MESSAGE][PASSED] - Call Test Case 'Test Cases/s-sidebar_navigation/TeamAccount/Broadcasts' successfully

2019-04-25 10:08:46 - [TEST_STEP][PASSED] - click: Object: 'Object Repository/Page_KiboPush  Broadcast/span_Create New Broadcast' is clicked on

2019-04-25 10:08:46 - [MESSAGE][PASSED] - Object: 'Object Repository/Page_KiboPush  Broadcast/span_Create New Broadcast' is clicked on

2019-04-25 10:08:46 - [TEST_STEP][PASSED] - click: Object: 'Object Repository/Page_KiboPush  Broadcast/a_Create New Broadcast' is clicked on

2019-04-25 10:08:47 - [MESSAGE][PASSED] - Object: 'Object Repository/Page_KiboPush  Broadcast/a_Create New Broadcast' is clicked on

2019-04-25 10:08:47 - [TEST_STEP][PASSED] - delay: Delayed 1 second(s)

2019-04-25 10:08:48 - [MESSAGE][PASSED] - Delayed 1 second(s)

2019-04-25 10:08:48 - [TEST_STEP][PASSED] - click: Object: 'Object Repository/Page_KiboPush  Create Broadcast/div_Media' is clicked on

2019-04-25 10:08:48 - [MESSAGE][PASSED] - Object: 'Object Repository/Page_KiboPush  Create Broadcast/div_Media' is clicked on

2019-04-25 10:08:48 - [TEST_STEP][PASSED] - verifyElementPresent: Object 'Object Repository/Page_KiboPush  Create Broadcast/div_Media_1' is present

2019-04-25 10:08:48 - [MESSAGE][PASSED] - Object 'Object Repository/Page_KiboPush  Create Broadcast/div_Media_1' is present

2019-04-25 10:08:48 - [TEST_STEP][PASSED] - delay: Delayed 3 second(s)

2019-04-25 10:08:51 - [MESSAGE][PASSED] - Delayed 3 second(s)

2019-04-25 10:08:51 - [MESSAGE][PASSED] - Call Test Case 'Test Cases/Broadcasts/TC0175' successfully

2019-04-25 10:08:51 - [TEST_STEP][PASSED] - click: Object: 'Object Repository/Page_KiboPush  Create Broadcast/div_ Add Button' is clicked on

2019-04-25 10:08:51 - [MESSAGE][PASSED] - Object: 'Object Repository/Page_KiboPush  Create Broadcast/div_ Add Button' is clicked on

2019-04-25 10:08:51 - [TEST_STEP][PASSED] - setText: Text 'KiboPush' is set on object 'Object Repository/Page_KiboPush  Create Broadcast/input_form-control'

2019-04-25 10:08:52 - [MESSAGE][PASSED] - Text 'KiboPush' is set on object 'Object Repository/Page_KiboPush  Create Broadcast/input_form-control'

2019-04-25 10:08:52 - [TEST_STEP][PASSED] - click: Object: 'Object Repository/Page_KiboPush  Create Broadcast/div_Open a website' is clicked on

2019-04-25 10:08:52 - [MESSAGE][PASSED] - Object: 'Object Repository/Page_KiboPush  Create Broadcast/div_Open a website' is clicked on

2019-04-25 10:08:52 - [TEST_STEP][PASSED] - setText: Text 'kibopush.com' is set on object 'Object Repository/Page_KiboPush  Create Broadcast/input_form-control_1'

2019-04-25 10:08:52 - [MESSAGE][PASSED] - Text 'kibopush.com' is set on object 'Object Repository/Page_KiboPush  Create Broadcast/input_form-control_1'

2019-04-25 10:08:52 - [TEST_STEP][PASSED] - click: Object: 'Object Repository/Page_KiboPush  Create Broadcast/button_Done' is clicked on

2019-04-25 10:08:52 - [MESSAGE][PASSED] - Object: 'Object Repository/Page_KiboPush  Create Broadcast/button_Done' is clicked on]]></system-out>
         <system-err><![CDATA[]]></system-err>
      </testcase>
      <testcase name="Test Cases/Broadcasts/TC0178" classname="Test Cases/Broadcasts/TC0178" status="PASSED">
         <system-out><![CDATA[2019-04-25 10:08:52 - [TEST_CASE][PASSED] - Test Cases/Broadcasts/TC0178: Test Cases/Broadcasts/TC0178

2019-04-25 10:08:52 - [TEST_STEP][PASSED] - callTestCase: Call Test Case 'Test Cases/Broadcasts/TC0175' successfully

2019-04-25 10:08:52 - [TEST_CASE][PASSED] - Test Cases/Broadcasts/TC0175: Test Cases/Broadcasts/TC0175

2019-04-25 10:08:52 - [TEST_STEP][PASSED] - callTestCase: Call Test Case 'Test Cases/s-sidebar_navigation/TeamAccount/Broadcasts' successfully

2019-04-25 10:08:53 - [TEST_CASE][PASSED] - Test Cases/s-sidebar_navigation/TeamAccount/Broadcasts: Test Cases/s-sidebar_navigation/TeamAccount/Broadcasts

2019-04-25 10:08:53 - [TEST_STEP][PASSED] - callTestCase: Call Test Case 'Test Cases/s-sidebar_navigation/individualAccount/broadcast' successfully

2019-04-25 10:08:53 - [TEST_CASE][PASSED] - Test Cases/s-sidebar_navigation/individualAccount/broadcast: Test Cases/s-sidebar_navigation/individualAccount/broadcast

2019-04-25 10:08:53 - [TEST_STEP][PASSED] - click: Object: 'Object Repository/Page_KiboPush  Dashboard/span_Polls' is clicked on

2019-04-25 10:08:53 - [MESSAGE][PASSED] - Object: 'Object Repository/Page_KiboPush  Dashboard/span_Polls' is clicked on

2019-04-25 10:08:53 - [TEST_STEP][PASSED] - delay: Delayed 1 second(s)

2019-04-25 10:08:54 - [MESSAGE][PASSED] - Delayed 1 second(s)

2019-04-25 10:08:54 - [TEST_STEP][PASSED] - click: Object: 'Object Repository/Page_KiboPush  Dashboard/span_Broadcasts' is clicked on

2019-04-25 10:08:54 - [MESSAGE][PASSED] - Object: 'Object Repository/Page_KiboPush  Dashboard/span_Broadcasts' is clicked on

2019-04-25 10:08:54 - [TEST_STEP][PASSED] - delay: Delayed 1 second(s)

2019-04-25 10:08:55 - [MESSAGE][PASSED] - Delayed 1 second(s)

2019-04-25 10:08:55 - [TEST_STEP][PASSED] - scrollToPosition: Browser is scrolled to position x = 0, y = 0

2019-04-25 10:08:55 - [MESSAGE][PASSED] - Browser is scrolled to position x = 0, y = 0

2019-04-25 10:08:55 - [TEST_STEP][PASSED] - click: Object: 'Object Repository/Page_KiboPush  Broadcast/h3_Manage Broadcasts' is clicked on

2019-04-25 10:08:55 - [MESSAGE][PASSED] - Object: 'Object Repository/Page_KiboPush  Broadcast/h3_Manage Broadcasts' is clicked on

2019-04-25 10:08:55 - [MESSAGE][PASSED] - Call Test Case 'Test Cases/s-sidebar_navigation/individualAccount/broadcast' successfully

2019-04-25 10:08:55 - [MESSAGE][PASSED] - Call Test Case 'Test Cases/s-sidebar_navigation/TeamAccount/Broadcasts' successfully

2019-04-25 10:08:55 - [TEST_STEP][PASSED] - click: Object: 'Object Repository/Page_KiboPush  Broadcast/span_Create New Broadcast' is clicked on

2019-04-25 10:08:56 - [MESSAGE][PASSED] - Object: 'Object Repository/Page_KiboPush  Broadcast/span_Create New Broadcast' is clicked on

2019-04-25 10:08:56 - [TEST_STEP][PASSED] - click: Object: 'Object Repository/Page_KiboPush  Broadcast/a_Create New Broadcast' is clicked on

2019-04-25 10:08:56 - [MESSAGE][PASSED] - Object: 'Object Repository/Page_KiboPush  Broadcast/a_Create New Broadcast' is clicked on

2019-04-25 10:08:56 - [TEST_STEP][PASSED] - delay: Delayed 1 second(s)

2019-04-25 10:08:57 - [MESSAGE][PASSED] - Delayed 1 second(s)

2019-04-25 10:08:57 - [TEST_STEP][PASSED] - click: Object: 'Object Repository/Page_KiboPush  Create Broadcast/div_Media' is clicked on

2019-04-25 10:08:57 - [MESSAGE][PASSED] - Object: 'Object Repository/Page_KiboPush  Create Broadcast/div_Media' is clicked on

2019-04-25 10:08:57 - [TEST_STEP][PASSED] - verifyElementPresent: Object 'Object Repository/Page_KiboPush  Create Broadcast/div_Media_1' is present

2019-04-25 10:08:57 - [MESSAGE][PASSED] - Object 'Object Repository/Page_KiboPush  Create Broadcast/div_Media_1' is present

2019-04-25 10:08:57 - [TEST_STEP][PASSED] - delay: Delayed 3 second(s)

2019-04-25 10:09:00 - [MESSAGE][PASSED] - Delayed 3 second(s)

2019-04-25 10:09:00 - [MESSAGE][PASSED] - Call Test Case 'Test Cases/Broadcasts/TC0175' successfully

2019-04-25 10:09:00 - [TEST_STEP][PASSED] - Statement - img = com.kms.katalon.core.configuration.RunConfiguration.getProjectDir() + "/sample.jpg": null

2019-04-25 10:09:00 - [TEST_STEP][PASSED] - uploadFile: File 'C:/Users/cloudkibo/Desktop/KiboPush_Automated_Testing/KiboPush Katalon/sample.jpg' sent to object: 'Object Repository/Page_KiboPush  Create Broadcast/input_file'

2019-04-25 10:09:00 - [MESSAGE][PASSED] - File 'C:/Users/cloudkibo/Desktop/KiboPush_Automated_Testing/KiboPush Katalon/sample.jpg' sent to object: 'Object Repository/Page_KiboPush  Create Broadcast/input_file']]></system-out>
         <system-err><![CDATA[]]></system-err>
      </testcase>
      <testcase name="Test Cases/Broadcasts/TC0182" classname="Test Cases/Broadcasts/TC0182" status="PASSED">
         <system-out><![CDATA[2019-04-25 10:09:00 - [TEST_CASE][PASSED] - Test Cases/Broadcasts/TC0182: Test Cases/Broadcasts/TC0182

2019-04-25 10:09:01 - [TEST_STEP][PASSED] - callTestCase: Call Test Case 'Test Cases/Broadcasts/TC0131' successfully

2019-04-25 10:09:01 - [TEST_CASE][PASSED] - Test Cases/Broadcasts/TC0131: Test Cases/Broadcasts/TC0131

2019-04-25 10:09:01 - [TEST_STEP][PASSED] - callTestCase: Call Test Case 'Test Cases/s-sidebar_navigation/TeamAccount/Broadcasts' successfully

2019-04-25 10:09:01 - [TEST_CASE][PASSED] - Test Cases/s-sidebar_navigation/TeamAccount/Broadcasts: Test Cases/s-sidebar_navigation/TeamAccount/Broadcasts

2019-04-25 10:09:01 - [TEST_STEP][PASSED] - callTestCase: Call Test Case 'Test Cases/s-sidebar_navigation/individualAccount/broadcast' successfully

2019-04-25 10:09:01 - [TEST_CASE][PASSED] - Test Cases/s-sidebar_navigation/individualAccount/broadcast: Test Cases/s-sidebar_navigation/individualAccount/broadcast

2019-04-25 10:09:01 - [TEST_STEP][PASSED] - click: Object: 'Object Repository/Page_KiboPush  Dashboard/span_Polls' is clicked on

2019-04-25 10:09:01 - [MESSAGE][PASSED] - Object: 'Object Repository/Page_KiboPush  Dashboard/span_Polls' is clicked on

2019-04-25 10:09:01 - [TEST_STEP][PASSED] - delay: Delayed 1 second(s)

2019-04-25 10:09:02 - [MESSAGE][PASSED] - Delayed 1 second(s)

2019-04-25 10:09:02 - [TEST_STEP][PASSED] - click: Object: 'Object Repository/Page_KiboPush  Dashboard/span_Broadcasts' is clicked on

2019-04-25 10:09:02 - [MESSAGE][PASSED] - Object: 'Object Repository/Page_KiboPush  Dashboard/span_Broadcasts' is clicked on

2019-04-25 10:09:02 - [TEST_STEP][PASSED] - delay: Delayed 1 second(s)

2019-04-25 10:09:03 - [MESSAGE][PASSED] - Delayed 1 second(s)

2019-04-25 10:09:03 - [TEST_STEP][PASSED] - scrollToPosition: Browser is scrolled to position x = 0, y = 0

2019-04-25 10:09:03 - [MESSAGE][PASSED] - Browser is scrolled to position x = 0, y = 0

2019-04-25 10:09:03 - [TEST_STEP][PASSED] - click: Object: 'Object Repository/Page_KiboPush  Broadcast/h3_Manage Broadcasts' is clicked on

2019-04-25 10:09:03 - [MESSAGE][PASSED] - Object: 'Object Repository/Page_KiboPush  Broadcast/h3_Manage Broadcasts' is clicked on

2019-04-25 10:09:03 - [MESSAGE][PASSED] - Call Test Case 'Test Cases/s-sidebar_navigation/individualAccount/broadcast' successfully

2019-04-25 10:09:03 - [MESSAGE][PASSED] - Call Test Case 'Test Cases/s-sidebar_navigation/TeamAccount/Broadcasts' successfully

2019-04-25 10:09:03 - [TEST_STEP][PASSED] - click: Object: 'Object Repository/Page_KiboPush  Broadcast/span_Create New Broadcast' is clicked on

2019-04-25 10:09:04 - [MESSAGE][PASSED] - Object: 'Object Repository/Page_KiboPush  Broadcast/span_Create New Broadcast' is clicked on

2019-04-25 10:09:04 - [TEST_STEP][PASSED] - click: Object: 'Object Repository/Page_KiboPush  Broadcast/a_Create New Broadcast' is clicked on

2019-04-25 10:09:04 - [MESSAGE][PASSED] - Object: 'Object Repository/Page_KiboPush  Broadcast/a_Create New Broadcast' is clicked on

2019-04-25 10:09:04 - [TEST_STEP][PASSED] - delay: Delayed 1 second(s)

2019-04-25 10:09:05 - [MESSAGE][PASSED] - Delayed 1 second(s)

2019-04-25 10:09:05 - [TEST_STEP][PASSED] - click: Object: 'Object Repository/Page_KiboPush  Create Broadcast/div_Text_1' is clicked on

2019-04-25 10:09:06 - [MESSAGE][PASSED] - Object: 'Object Repository/Page_KiboPush  Create Broadcast/div_Text_1' is clicked on

2019-04-25 10:09:06 - [MESSAGE][PASSED] - Call Test Case 'Test Cases/Broadcasts/TC0131' successfully

2019-04-25 10:09:06 - [TEST_STEP][PASSED] - delay: Delayed 1 second(s)

2019-04-25 10:09:07 - [MESSAGE][PASSED] - Delayed 1 second(s)

2019-04-25 10:09:07 - [TEST_STEP][PASSED] - click: Object: 'Object Repository/Page_KiboPush  Create Broadcast/i_fa fa-times fa-stack-2x' is clicked on

2019-04-25 10:09:07 - [MESSAGE][PASSED] - Object: 'Object Repository/Page_KiboPush  Create Broadcast/i_fa fa-times fa-stack-2x' is clicked on

2019-04-25 10:09:07 - [TEST_STEP][PASSED] - verifyElementNotPresent: Web element with id: 'Object Repository/Page_KiboPush  Create Broadcast/text_component' located by 'By.xpath: //*[@id="List1"]/div/div/div[2]/textarea' is not present after '5' second(s)

2019-04-25 10:09:07 - [MESSAGE][PASSED] - Web element with id: 'Object Repository/Page_KiboPush  Create Broadcast/text_component' located by 'By.xpath: //*[@id="List1"]/div/div/div[2]/textarea' is not present after '5' second(s)]]></system-out>
         <system-err><![CDATA[]]></system-err>
      </testcase>
      <testcase name="Test Cases/Broadcasts/TC0183" classname="Test Cases/Broadcasts/TC0183" status="PASSED">
         <system-out><![CDATA[2019-04-25 10:09:07 - [TEST_CASE][PASSED] - Test Cases/Broadcasts/TC0183: Test Cases/Broadcasts/TC0183

2019-04-25 10:09:07 - [TEST_STEP][PASSED] - callTestCase: Call Test Case 'Test Cases/Broadcasts/TC0137' successfully

2019-04-25 10:09:07 - [TEST_CASE][PASSED] - Test Cases/Broadcasts/TC0137: Test Cases/Broadcasts/TC0137

2019-04-25 10:09:07 - [TEST_STEP][PASSED] - callTestCase: Call Test Case 'Test Cases/s-sidebar_navigation/TeamAccount/Broadcasts' successfully

2019-04-25 10:09:07 - [TEST_CASE][PASSED] - Test Cases/s-sidebar_navigation/TeamAccount/Broadcasts: Test Cases/s-sidebar_navigation/TeamAccount/Broadcasts

2019-04-25 10:09:07 - [TEST_STEP][PASSED] - callTestCase: Call Test Case 'Test Cases/s-sidebar_navigation/individualAccount/broadcast' successfully

2019-04-25 10:09:07 - [TEST_CASE][PASSED] - Test Cases/s-sidebar_navigation/individualAccount/broadcast: Test Cases/s-sidebar_navigation/individualAccount/broadcast

2019-04-25 10:09:07 - [TEST_STEP][PASSED] - click: Object: 'Object Repository/Page_KiboPush  Dashboard/span_Polls' is clicked on

2019-04-25 10:09:08 - [MESSAGE][PASSED] - Object: 'Object Repository/Page_KiboPush  Dashboard/span_Polls' is clicked on

2019-04-25 10:09:08 - [TEST_STEP][PASSED] - delay: Delayed 1 second(s)

2019-04-25 10:09:09 - [MESSAGE][PASSED] - Delayed 1 second(s)

2019-04-25 10:09:09 - [TEST_STEP][PASSED] - click: Object: 'Object Repository/Page_KiboPush  Dashboard/span_Broadcasts' is clicked on

2019-04-25 10:09:09 - [MESSAGE][PASSED] - Object: 'Object Repository/Page_KiboPush  Dashboard/span_Broadcasts' is clicked on

2019-04-25 10:09:09 - [TEST_STEP][PASSED] - delay: Delayed 1 second(s)

2019-04-25 10:09:10 - [MESSAGE][PASSED] - Delayed 1 second(s)

2019-04-25 10:09:10 - [TEST_STEP][PASSED] - scrollToPosition: Browser is scrolled to position x = 0, y = 0

2019-04-25 10:09:10 - [MESSAGE][PASSED] - Browser is scrolled to position x = 0, y = 0

2019-04-25 10:09:10 - [TEST_STEP][PASSED] - click: Object: 'Object Repository/Page_KiboPush  Broadcast/h3_Manage Broadcasts' is clicked on

2019-04-25 10:09:10 - [MESSAGE][PASSED] - Object: 'Object Repository/Page_KiboPush  Broadcast/h3_Manage Broadcasts' is clicked on

2019-04-25 10:09:10 - [MESSAGE][PASSED] - Call Test Case 'Test Cases/s-sidebar_navigation/individualAccount/broadcast' successfully

2019-04-25 10:09:10 - [MESSAGE][PASSED] - Call Test Case 'Test Cases/s-sidebar_navigation/TeamAccount/Broadcasts' successfully

2019-04-25 10:09:10 - [TEST_STEP][PASSED] - click: Object: 'Object Repository/Page_KiboPush  Broadcast/span_Create New Broadcast' is clicked on

2019-04-25 10:09:10 - [MESSAGE][PASSED] - Object: 'Object Repository/Page_KiboPush  Broadcast/span_Create New Broadcast' is clicked on

2019-04-25 10:09:10 - [TEST_STEP][PASSED] - click: Object: 'Object Repository/Page_KiboPush  Broadcast/a_Create New Broadcast' is clicked on

2019-04-25 10:09:11 - [MESSAGE][PASSED] - Object: 'Object Repository/Page_KiboPush  Broadcast/a_Create New Broadcast' is clicked on

2019-04-25 10:09:11 - [TEST_STEP][PASSED] - delay: Delayed 1 second(s)

2019-04-25 10:09:12 - [MESSAGE][PASSED] - Delayed 1 second(s)

2019-04-25 10:09:12 - [TEST_STEP][PASSED] - click: Object: 'Object Repository/Page_KiboPush  Create Broadcast/div_Image (2)' is clicked on

2019-04-25 10:09:12 - [MESSAGE][PASSED] - Object: 'Object Repository/Page_KiboPush  Create Broadcast/div_Image (2)' is clicked on

2019-04-25 10:09:12 - [TEST_STEP][PASSED] - delay: Delayed 1 second(s)

2019-04-25 10:09:13 - [MESSAGE][PASSED] - Delayed 1 second(s)

2019-04-25 10:09:13 - [MESSAGE][PASSED] - Call Test Case 'Test Cases/Broadcasts/TC0137' successfully

2019-04-25 10:09:13 - [TEST_STEP][PASSED] - click: Object: 'Object Repository/Page_KiboPush  Create Broadcast/i_fa fa-times fa-stack-2x' is clicked on

2019-04-25 10:09:13 - [MESSAGE][PASSED] - Object: 'Object Repository/Page_KiboPush  Create Broadcast/i_fa fa-times fa-stack-2x' is clicked on

2019-04-25 10:09:13 - [TEST_STEP][PASSED] - verifyElementNotPresent: Web element with id: 'Object Repository/Page_KiboPush  Create Broadcast/div_Image_1' located by 'By.xpath: //div[(text() = ' Image ' or . = ' Image ')]' is not present after '5' second(s)

2019-04-25 10:09:14 - [MESSAGE][PASSED] - Web element with id: 'Object Repository/Page_KiboPush  Create Broadcast/div_Image_1' located by 'By.xpath: //div[(text() = ' Image ' or . = ' Image ')]' is not present after '5' second(s)]]></system-out>
         <system-err><![CDATA[]]></system-err>
      </testcase>
      <testcase name="Test Cases/Broadcasts/TC0184" classname="Test Cases/Broadcasts/TC0184" status="PASSED">
         <system-out><![CDATA[2019-04-25 10:09:14 - [TEST_CASE][PASSED] - Test Cases/Broadcasts/TC0184: Test Cases/Broadcasts/TC0184

2019-04-25 10:09:14 - [TEST_STEP][PASSED] - callTestCase: Call Test Case 'Test Cases/Broadcasts/TC0141' successfully

2019-04-25 10:09:14 - [TEST_CASE][PASSED] - Test Cases/Broadcasts/TC0141: Test Cases/Broadcasts/TC0141

2019-04-25 10:09:14 - [TEST_STEP][PASSED] - callTestCase: Call Test Case 'Test Cases/s-sidebar_navigation/TeamAccount/Broadcasts' successfully

2019-04-25 10:09:14 - [TEST_CASE][PASSED] - Test Cases/s-sidebar_navigation/TeamAccount/Broadcasts: Test Cases/s-sidebar_navigation/TeamAccount/Broadcasts

2019-04-25 10:09:14 - [TEST_STEP][PASSED] - callTestCase: Call Test Case 'Test Cases/s-sidebar_navigation/individualAccount/broadcast' successfully

2019-04-25 10:09:14 - [TEST_CASE][PASSED] - Test Cases/s-sidebar_navigation/individualAccount/broadcast: Test Cases/s-sidebar_navigation/individualAccount/broadcast

2019-04-25 10:09:14 - [TEST_STEP][PASSED] - click: Object: 'Object Repository/Page_KiboPush  Dashboard/span_Polls' is clicked on

2019-04-25 10:09:14 - [MESSAGE][PASSED] - Object: 'Object Repository/Page_KiboPush  Dashboard/span_Polls' is clicked on

2019-04-25 10:09:14 - [TEST_STEP][PASSED] - delay: Delayed 1 second(s)

2019-04-25 10:09:15 - [MESSAGE][PASSED] - Delayed 1 second(s)

2019-04-25 10:09:15 - [TEST_STEP][PASSED] - click: Object: 'Object Repository/Page_KiboPush  Dashboard/span_Broadcasts' is clicked on

2019-04-25 10:09:15 - [MESSAGE][PASSED] - Object: 'Object Repository/Page_KiboPush  Dashboard/span_Broadcasts' is clicked on

2019-04-25 10:09:15 - [TEST_STEP][PASSED] - delay: Delayed 1 second(s)

2019-04-25 10:09:16 - [MESSAGE][PASSED] - Delayed 1 second(s)

2019-04-25 10:09:16 - [TEST_STEP][PASSED] - scrollToPosition: Browser is scrolled to position x = 0, y = 0

2019-04-25 10:09:16 - [MESSAGE][PASSED] - Browser is scrolled to position x = 0, y = 0

2019-04-25 10:09:16 - [TEST_STEP][PASSED] - click: Object: 'Object Repository/Page_KiboPush  Broadcast/h3_Manage Broadcasts' is clicked on

2019-04-25 10:09:17 - [MESSAGE][PASSED] - Object: 'Object Repository/Page_KiboPush  Broadcast/h3_Manage Broadcasts' is clicked on

2019-04-25 10:09:17 - [MESSAGE][PASSED] - Call Test Case 'Test Cases/s-sidebar_navigation/individualAccount/broadcast' successfully

2019-04-25 10:09:17 - [MESSAGE][PASSED] - Call Test Case 'Test Cases/s-sidebar_navigation/TeamAccount/Broadcasts' successfully

2019-04-25 10:09:17 - [TEST_STEP][PASSED] - click: Object: 'Object Repository/Page_KiboPush  Broadcast/span_Create New Broadcast' is clicked on

2019-04-25 10:09:17 - [MESSAGE][PASSED] - Object: 'Object Repository/Page_KiboPush  Broadcast/span_Create New Broadcast' is clicked on

2019-04-25 10:09:17 - [TEST_STEP][PASSED] - click: Object: 'Object Repository/Page_KiboPush  Broadcast/a_Create New Broadcast' is clicked on

2019-04-25 10:09:18 - [MESSAGE][PASSED] - Object: 'Object Repository/Page_KiboPush  Broadcast/a_Create New Broadcast' is clicked on

2019-04-25 10:09:18 - [TEST_STEP][PASSED] - delay: Delayed 1 second(s)

2019-04-25 10:09:19 - [MESSAGE][PASSED] - Delayed 1 second(s)

2019-04-25 10:09:19 - [TEST_STEP][PASSED] - click: Object: 'Object Repository/Page_KiboPush  Create Broadcast/div_Card' is clicked on

2019-04-25 10:09:19 - [MESSAGE][PASSED] - Object: 'Object Repository/Page_KiboPush  Create Broadcast/div_Card' is clicked on

2019-04-25 10:09:19 - [MESSAGE][PASSED] - Call Test Case 'Test Cases/Broadcasts/TC0141' successfully

2019-04-25 10:09:19 - [TEST_STEP][PASSED] - click: Object: 'Object Repository/Page_KiboPush  Create Broadcast/i_fa fa-times fa-stack-2x' is clicked on

2019-04-25 10:09:19 - [MESSAGE][PASSED] - Object: 'Object Repository/Page_KiboPush  Create Broadcast/i_fa fa-times fa-stack-2x' is clicked on

2019-04-25 10:09:19 - [TEST_STEP][PASSED] - verifyElementNotPresent: Web element with id: 'Object Repository/Page_KiboPush  Create Broadcast/card_component' located by 'By.xpath: //*[@id="List1"]/div/div/div[3]/div[1]' is not present after '5' second(s)

2019-04-25 10:09:19 - [MESSAGE][PASSED] - Web element with id: 'Object Repository/Page_KiboPush  Create Broadcast/card_component' located by 'By.xpath: //*[@id="List1"]/div/div/div[3]/div[1]' is not present after '5' second(s)]]></system-out>
         <system-err><![CDATA[]]></system-err>
      </testcase>
      <testcase name="Test Cases/Broadcasts/TC0185" classname="Test Cases/Broadcasts/TC0185" status="PASSED">
         <system-out><![CDATA[2019-04-25 10:09:19 - [TEST_CASE][PASSED] - Test Cases/Broadcasts/TC0185: Test Cases/Broadcasts/TC0185

2019-04-25 10:09:19 - [TEST_STEP][PASSED] - callTestCase: Call Test Case 'Test Cases/Broadcasts/TC0150' successfully

2019-04-25 10:09:20 - [TEST_CASE][PASSED] - Test Cases/Broadcasts/TC0150: Test Cases/Broadcasts/TC0150

2019-04-25 10:09:20 - [TEST_STEP][PASSED] - callTestCase: Call Test Case 'Test Cases/s-sidebar_navigation/TeamAccount/Broadcasts' successfully

2019-04-25 10:09:20 - [TEST_CASE][PASSED] - Test Cases/s-sidebar_navigation/TeamAccount/Broadcasts: Test Cases/s-sidebar_navigation/TeamAccount/Broadcasts

2019-04-25 10:09:20 - [TEST_STEP][PASSED] - callTestCase: Call Test Case 'Test Cases/s-sidebar_navigation/individualAccount/broadcast' successfully

2019-04-25 10:09:20 - [TEST_CASE][PASSED] - Test Cases/s-sidebar_navigation/individualAccount/broadcast: Test Cases/s-sidebar_navigation/individualAccount/broadcast

2019-04-25 10:09:20 - [TEST_STEP][PASSED] - click: Object: 'Object Repository/Page_KiboPush  Dashboard/span_Polls' is clicked on

2019-04-25 10:09:20 - [MESSAGE][PASSED] - Object: 'Object Repository/Page_KiboPush  Dashboard/span_Polls' is clicked on

2019-04-25 10:09:20 - [TEST_STEP][PASSED] - delay: Delayed 1 second(s)

2019-04-25 10:09:21 - [MESSAGE][PASSED] - Delayed 1 second(s)

2019-04-25 10:09:21 - [TEST_STEP][PASSED] - click: Object: 'Object Repository/Page_KiboPush  Dashboard/span_Broadcasts' is clicked on

2019-04-25 10:09:21 - [MESSAGE][PASSED] - Object: 'Object Repository/Page_KiboPush  Dashboard/span_Broadcasts' is clicked on

2019-04-25 10:09:21 - [TEST_STEP][PASSED] - delay: Delayed 1 second(s)

2019-04-25 10:09:22 - [MESSAGE][PASSED] - Delayed 1 second(s)

2019-04-25 10:09:22 - [TEST_STEP][PASSED] - scrollToPosition: Browser is scrolled to position x = 0, y = 0

2019-04-25 10:09:22 - [MESSAGE][PASSED] - Browser is scrolled to position x = 0, y = 0

2019-04-25 10:09:22 - [TEST_STEP][PASSED] - click: Object: 'Object Repository/Page_KiboPush  Broadcast/h3_Manage Broadcasts' is clicked on

2019-04-25 10:09:22 - [MESSAGE][PASSED] - Object: 'Object Repository/Page_KiboPush  Broadcast/h3_Manage Broadcasts' is clicked on

2019-04-25 10:09:22 - [MESSAGE][PASSED] - Call Test Case 'Test Cases/s-sidebar_navigation/individualAccount/broadcast' successfully

2019-04-25 10:09:22 - [MESSAGE][PASSED] - Call Test Case 'Test Cases/s-sidebar_navigation/TeamAccount/Broadcasts' successfully

2019-04-25 10:09:22 - [TEST_STEP][PASSED] - click: Object: 'Object Repository/Page_KiboPush  Broadcast/span_Create New Broadcast' is clicked on

2019-04-25 10:09:23 - [MESSAGE][PASSED] - Object: 'Object Repository/Page_KiboPush  Broadcast/span_Create New Broadcast' is clicked on

2019-04-25 10:09:23 - [TEST_STEP][PASSED] - click: Object: 'Object Repository/Page_KiboPush  Broadcast/a_Create New Broadcast' is clicked on

2019-04-25 10:09:23 - [MESSAGE][PASSED] - Object: 'Object Repository/Page_KiboPush  Broadcast/a_Create New Broadcast' is clicked on

2019-04-25 10:09:23 - [TEST_STEP][PASSED] - delay: Delayed 1 second(s)

2019-04-25 10:09:24 - [MESSAGE][PASSED] - Delayed 1 second(s)

2019-04-25 10:09:24 - [TEST_STEP][PASSED] - click: Object: 'Object Repository/Page_KiboPush  Create Broadcast/div_Gallery (1)' is clicked on

2019-04-25 10:09:24 - [MESSAGE][PASSED] - Object: 'Object Repository/Page_KiboPush  Create Broadcast/div_Gallery (1)' is clicked on

2019-04-25 10:09:24 - [TEST_STEP][PASSED] - delay: Delayed 2 second(s)

2019-04-25 10:09:26 - [MESSAGE][PASSED] - Delayed 2 second(s)

2019-04-25 10:09:26 - [MESSAGE][PASSED] - Call Test Case 'Test Cases/Broadcasts/TC0150' successfully

2019-04-25 10:09:26 - [TEST_STEP][PASSED] - click: Object: 'Object Repository/Page_KiboPush  Create Broadcast/i_fa fa-times fa-stack-2x' is clicked on

2019-04-25 10:09:26 - [MESSAGE][PASSED] - Object: 'Object Repository/Page_KiboPush  Create Broadcast/i_fa fa-times fa-stack-2x' is clicked on

2019-04-25 10:09:26 - [TEST_STEP][PASSED] - delay: Delayed 2 second(s)

2019-04-25 10:09:28 - [MESSAGE][PASSED] - Delayed 2 second(s)

2019-04-25 10:09:28 - [TEST_STEP][PASSED] - verifyElementNotPresent: Web element with id: 'Object Repository/Page_KiboPush  Create Broadcast/gallery_component' located by 'By.xpath: //*[@id="List3"]/div/div/div[3]/div/div[2]/div/div[1]/div/div[2]/div[1]' is not present after '5' second(s)

2019-04-25 10:09:28 - [MESSAGE][PASSED] - Web element with id: 'Object Repository/Page_KiboPush  Create Broadcast/gallery_component' located by 'By.xpath: //*[@id="List3"]/div/div/div[3]/div/div[2]/div/div[1]/div/div[2]/div[1]' is not present after '5' second(s)]]></system-out>
         <system-err><![CDATA[]]></system-err>
      </testcase>
      <testcase name="Test Cases/Broadcasts/TC0186" classname="Test Cases/Broadcasts/TC0186" status="PASSED">
         <system-out><![CDATA[2019-04-25 10:09:29 - [TEST_CASE][PASSED] - Test Cases/Broadcasts/TC0186: Test Cases/Broadcasts/TC0186

2019-04-25 10:09:29 - [TEST_STEP][PASSED] - callTestCase: Call Test Case 'Test Cases/Broadcasts/TC0163' successfully

2019-04-25 10:09:29 - [TEST_CASE][PASSED] - Test Cases/Broadcasts/TC0163: Test Cases/Broadcasts/TC0163

2019-04-25 10:09:29 - [TEST_STEP][PASSED] - callTestCase: Call Test Case 'Test Cases/s-sidebar_navigation/TeamAccount/Broadcasts' successfully

2019-04-25 10:09:29 - [TEST_CASE][PASSED] - Test Cases/s-sidebar_navigation/TeamAccount/Broadcasts: Test Cases/s-sidebar_navigation/TeamAccount/Broadcasts

2019-04-25 10:09:29 - [TEST_STEP][PASSED] - callTestCase: Call Test Case 'Test Cases/s-sidebar_navigation/individualAccount/broadcast' successfully

2019-04-25 10:09:29 - [TEST_CASE][PASSED] - Test Cases/s-sidebar_navigation/individualAccount/broadcast: Test Cases/s-sidebar_navigation/individualAccount/broadcast

2019-04-25 10:09:29 - [TEST_STEP][PASSED] - click: Object: 'Object Repository/Page_KiboPush  Dashboard/span_Polls' is clicked on

2019-04-25 10:09:29 - [MESSAGE][PASSED] - Object: 'Object Repository/Page_KiboPush  Dashboard/span_Polls' is clicked on

2019-04-25 10:09:29 - [TEST_STEP][PASSED] - delay: Delayed 1 second(s)

2019-04-25 10:09:30 - [MESSAGE][PASSED] - Delayed 1 second(s)

2019-04-25 10:09:30 - [TEST_STEP][PASSED] - click: Object: 'Object Repository/Page_KiboPush  Dashboard/span_Broadcasts' is clicked on

2019-04-25 10:09:30 - [MESSAGE][PASSED] - Object: 'Object Repository/Page_KiboPush  Dashboard/span_Broadcasts' is clicked on

2019-04-25 10:09:30 - [TEST_STEP][PASSED] - delay: Delayed 1 second(s)

2019-04-25 10:09:31 - [MESSAGE][PASSED] - Delayed 1 second(s)

2019-04-25 10:09:31 - [TEST_STEP][PASSED] - scrollToPosition: Browser is scrolled to position x = 0, y = 0

2019-04-25 10:09:31 - [MESSAGE][PASSED] - Browser is scrolled to position x = 0, y = 0

2019-04-25 10:09:31 - [TEST_STEP][PASSED] - click: Object: 'Object Repository/Page_KiboPush  Broadcast/h3_Manage Broadcasts' is clicked on

2019-04-25 10:09:31 - [MESSAGE][PASSED] - Object: 'Object Repository/Page_KiboPush  Broadcast/h3_Manage Broadcasts' is clicked on

2019-04-25 10:09:31 - [MESSAGE][PASSED] - Call Test Case 'Test Cases/s-sidebar_navigation/individualAccount/broadcast' successfully

2019-04-25 10:09:31 - [MESSAGE][PASSED] - Call Test Case 'Test Cases/s-sidebar_navigation/TeamAccount/Broadcasts' successfully

2019-04-25 10:09:31 - [TEST_STEP][PASSED] - click: Object: 'Object Repository/Page_KiboPush  Broadcast/span_Create New Broadcast' is clicked on

2019-04-25 10:09:32 - [MESSAGE][PASSED] - Object: 'Object Repository/Page_KiboPush  Broadcast/span_Create New Broadcast' is clicked on

2019-04-25 10:09:32 - [TEST_STEP][PASSED] - click: Object: 'Object Repository/Page_KiboPush  Broadcast/a_Create New Broadcast' is clicked on

2019-04-25 10:09:32 - [MESSAGE][PASSED] - Object: 'Object Repository/Page_KiboPush  Broadcast/a_Create New Broadcast' is clicked on

2019-04-25 10:09:32 - [TEST_STEP][PASSED] - delay: Delayed 1 second(s)

2019-04-25 10:09:33 - [MESSAGE][PASSED] - Delayed 1 second(s)

2019-04-25 10:09:33 - [TEST_STEP][PASSED] - click: Object: 'Object Repository/Page_KiboPush  Create Broadcast/div_Audio' is clicked on

2019-04-25 10:09:33 - [MESSAGE][PASSED] - Object: 'Object Repository/Page_KiboPush  Create Broadcast/div_Audio' is clicked on

2019-04-25 10:09:33 - [TEST_STEP][PASSED] - verifyElementPresent: Object 'Object Repository/Page_KiboPush  Create Broadcast/h4_Audio' is present

2019-04-25 10:09:34 - [MESSAGE][PASSED] - Object 'Object Repository/Page_KiboPush  Create Broadcast/h4_Audio' is present

2019-04-25 10:09:34 - [MESSAGE][PASSED] - Call Test Case 'Test Cases/Broadcasts/TC0163' successfully

2019-04-25 10:09:34 - [TEST_STEP][PASSED] - click: Object: 'Object Repository/Page_KiboPush  Create Broadcast/i_fa fa-times fa-stack-2x' is clicked on

2019-04-25 10:09:34 - [MESSAGE][PASSED] - Object: 'Object Repository/Page_KiboPush  Create Broadcast/i_fa fa-times fa-stack-2x' is clicked on

2019-04-25 10:09:34 - [TEST_STEP][PASSED] - verifyElementNotPresent: Web element with id: 'Object Repository/Page_KiboPush  Create Broadcast/h4_Audio' located by 'By.xpath: //h4[(text() = 'Audio' or . = 'Audio')]' is not present after '30' second(s)

2019-04-25 10:09:34 - [MESSAGE][WARNING] - Timeout '0' is invalid. Using default page load timeout: '30'

2019-04-25 10:09:34 - [MESSAGE][PASSED] - Web element with id: 'Object Repository/Page_KiboPush  Create Broadcast/h4_Audio' located by 'By.xpath: //h4[(text() = 'Audio' or . = 'Audio')]' is not present after '30' second(s)]]></system-out>
         <system-err><![CDATA[]]></system-err>
      </testcase>
      <testcase name="Test Cases/Broadcasts/TC0187" classname="Test Cases/Broadcasts/TC0187" status="PASSED">
         <system-out><![CDATA[2019-04-25 10:09:34 - [TEST_CASE][PASSED] - Test Cases/Broadcasts/TC0187: Test Cases/Broadcasts/TC0187

2019-04-25 10:09:34 - [TEST_STEP][PASSED] - callTestCase: Call Test Case 'Test Cases/Broadcasts/TC0167' successfully

2019-04-25 10:09:34 - [TEST_CASE][PASSED] - Test Cases/Broadcasts/TC0167: Test Cases/Broadcasts/TC0167

2019-04-25 10:09:34 - [TEST_STEP][PASSED] - callTestCase: Call Test Case 'Test Cases/s-sidebar_navigation/TeamAccount/Broadcasts' successfully

2019-04-25 10:09:34 - [TEST_CASE][PASSED] - Test Cases/s-sidebar_navigation/TeamAccount/Broadcasts: Test Cases/s-sidebar_navigation/TeamAccount/Broadcasts

2019-04-25 10:09:34 - [TEST_STEP][PASSED] - callTestCase: Call Test Case 'Test Cases/s-sidebar_navigation/individualAccount/broadcast' successfully

2019-04-25 10:09:34 - [TEST_CASE][PASSED] - Test Cases/s-sidebar_navigation/individualAccount/broadcast: Test Cases/s-sidebar_navigation/individualAccount/broadcast

2019-04-25 10:09:34 - [TEST_STEP][PASSED] - click: Object: 'Object Repository/Page_KiboPush  Dashboard/span_Polls' is clicked on

2019-04-25 10:09:34 - [MESSAGE][PASSED] - Object: 'Object Repository/Page_KiboPush  Dashboard/span_Polls' is clicked on

2019-04-25 10:09:34 - [TEST_STEP][PASSED] - delay: Delayed 1 second(s)

2019-04-25 10:09:35 - [MESSAGE][PASSED] - Delayed 1 second(s)

2019-04-25 10:09:35 - [TEST_STEP][PASSED] - click: Object: 'Object Repository/Page_KiboPush  Dashboard/span_Broadcasts' is clicked on

2019-04-25 10:09:36 - [MESSAGE][PASSED] - Object: 'Object Repository/Page_KiboPush  Dashboard/span_Broadcasts' is clicked on

2019-04-25 10:09:36 - [TEST_STEP][PASSED] - delay: Delayed 1 second(s)

2019-04-25 10:09:37 - [MESSAGE][PASSED] - Delayed 1 second(s)

2019-04-25 10:09:37 - [TEST_STEP][PASSED] - scrollToPosition: Browser is scrolled to position x = 0, y = 0

2019-04-25 10:09:37 - [MESSAGE][PASSED] - Browser is scrolled to position x = 0, y = 0

2019-04-25 10:09:37 - [TEST_STEP][PASSED] - click: Object: 'Object Repository/Page_KiboPush  Broadcast/h3_Manage Broadcasts' is clicked on

2019-04-25 10:09:37 - [MESSAGE][PASSED] - Object: 'Object Repository/Page_KiboPush  Broadcast/h3_Manage Broadcasts' is clicked on

2019-04-25 10:09:37 - [MESSAGE][PASSED] - Call Test Case 'Test Cases/s-sidebar_navigation/individualAccount/broadcast' successfully

2019-04-25 10:09:37 - [MESSAGE][PASSED] - Call Test Case 'Test Cases/s-sidebar_navigation/TeamAccount/Broadcasts' successfully

2019-04-25 10:09:37 - [TEST_STEP][PASSED] - click: Object: 'Object Repository/Page_KiboPush  Broadcast/span_Create New Broadcast' is clicked on

2019-04-25 10:09:37 - [MESSAGE][PASSED] - Object: 'Object Repository/Page_KiboPush  Broadcast/span_Create New Broadcast' is clicked on

2019-04-25 10:09:37 - [TEST_STEP][PASSED] - click: Object: 'Object Repository/Page_KiboPush  Broadcast/a_Create New Broadcast' is clicked on

2019-04-25 10:09:37 - [MESSAGE][PASSED] - Object: 'Object Repository/Page_KiboPush  Broadcast/a_Create New Broadcast' is clicked on

2019-04-25 10:09:37 - [TEST_STEP][PASSED] - delay: Delayed 1 second(s)

2019-04-25 10:09:38 - [MESSAGE][PASSED] - Delayed 1 second(s)

2019-04-25 10:09:38 - [TEST_STEP][PASSED] - click: Object: 'Object Repository/Page_KiboPush  Create Broadcast/div_Video' is clicked on

2019-04-25 10:09:39 - [MESSAGE][PASSED] - Object: 'Object Repository/Page_KiboPush  Create Broadcast/div_Video' is clicked on

2019-04-25 10:09:39 - [TEST_STEP][PASSED] - verifyElementPresent: Object 'Object Repository/Page_KiboPush  Create Broadcast/h4_Video' is present

2019-04-25 10:09:39 - [MESSAGE][PASSED] - Object 'Object Repository/Page_KiboPush  Create Broadcast/h4_Video' is present

2019-04-25 10:09:39 - [TEST_STEP][PASSED] - delay: Delayed 3 second(s)

2019-04-25 10:09:42 - [MESSAGE][PASSED] - Delayed 3 second(s)

2019-04-25 10:09:42 - [MESSAGE][PASSED] - Call Test Case 'Test Cases/Broadcasts/TC0167' successfully

2019-04-25 10:09:42 - [TEST_STEP][PASSED] - click: Object: 'Object Repository/Page_KiboPush  Create Broadcast/i_fa fa-times fa-stack-2x' is clicked on

2019-04-25 10:09:42 - [MESSAGE][PASSED] - Object: 'Object Repository/Page_KiboPush  Create Broadcast/i_fa fa-times fa-stack-2x' is clicked on

2019-04-25 10:09:42 - [TEST_STEP][PASSED] - verifyElementNotPresent: Web element with id: 'Object Repository/Page_KiboPush  Create Broadcast/h4_Video' located by 'By.xpath: //h4[(text() = 'Video' or . = 'Video')]' is not present after '5' second(s)

2019-04-25 10:09:42 - [MESSAGE][PASSED] - Web element with id: 'Object Repository/Page_KiboPush  Create Broadcast/h4_Video' located by 'By.xpath: //h4[(text() = 'Video' or . = 'Video')]' is not present after '5' second(s)]]></system-out>
         <system-err><![CDATA[]]></system-err>
      </testcase>
      <testcase name="Test Cases/Broadcasts/TC0188" classname="Test Cases/Broadcasts/TC0188" status="PASSED">
         <system-out><![CDATA[2019-04-25 10:09:42 - [TEST_CASE][PASSED] - Test Cases/Broadcasts/TC0188: Test Cases/Broadcasts/TC0188

2019-04-25 10:09:42 - [TEST_STEP][PASSED] - callTestCase: Call Test Case 'Test Cases/Broadcasts/TC0171' successfully

2019-04-25 10:09:42 - [TEST_CASE][PASSED] - Test Cases/Broadcasts/TC0171: Test Cases/Broadcasts/TC0171

2019-04-25 10:09:42 - [TEST_STEP][PASSED] - callTestCase: Call Test Case 'Test Cases/s-sidebar_navigation/TeamAccount/Broadcasts' successfully

2019-04-25 10:09:42 - [TEST_CASE][PASSED] - Test Cases/s-sidebar_navigation/TeamAccount/Broadcasts: Test Cases/s-sidebar_navigation/TeamAccount/Broadcasts

2019-04-25 10:09:42 - [TEST_STEP][PASSED] - callTestCase: Call Test Case 'Test Cases/s-sidebar_navigation/individualAccount/broadcast' successfully

2019-04-25 10:09:42 - [TEST_CASE][PASSED] - Test Cases/s-sidebar_navigation/individualAccount/broadcast: Test Cases/s-sidebar_navigation/individualAccount/broadcast

2019-04-25 10:09:42 - [TEST_STEP][PASSED] - click: Object: 'Object Repository/Page_KiboPush  Dashboard/span_Polls' is clicked on

2019-04-25 10:09:42 - [MESSAGE][PASSED] - Object: 'Object Repository/Page_KiboPush  Dashboard/span_Polls' is clicked on

2019-04-25 10:09:42 - [TEST_STEP][PASSED] - delay: Delayed 1 second(s)

2019-04-25 10:09:43 - [MESSAGE][PASSED] - Delayed 1 second(s)

2019-04-25 10:09:43 - [TEST_STEP][PASSED] - click: Object: 'Object Repository/Page_KiboPush  Dashboard/span_Broadcasts' is clicked on

2019-04-25 10:09:43 - [MESSAGE][PASSED] - Object: 'Object Repository/Page_KiboPush  Dashboard/span_Broadcasts' is clicked on

2019-04-25 10:09:43 - [TEST_STEP][PASSED] - delay: Delayed 1 second(s)

2019-04-25 10:09:44 - [MESSAGE][PASSED] - Delayed 1 second(s)

2019-04-25 10:09:44 - [TEST_STEP][PASSED] - scrollToPosition: Browser is scrolled to position x = 0, y = 0

2019-04-25 10:09:44 - [MESSAGE][PASSED] - Browser is scrolled to position x = 0, y = 0

2019-04-25 10:09:44 - [TEST_STEP][PASSED] - click: Object: 'Object Repository/Page_KiboPush  Broadcast/h3_Manage Broadcasts' is clicked on

2019-04-25 10:09:45 - [MESSAGE][PASSED] - Object: 'Object Repository/Page_KiboPush  Broadcast/h3_Manage Broadcasts' is clicked on

2019-04-25 10:09:45 - [MESSAGE][PASSED] - Call Test Case 'Test Cases/s-sidebar_navigation/individualAccount/broadcast' successfully

2019-04-25 10:09:45 - [MESSAGE][PASSED] - Call Test Case 'Test Cases/s-sidebar_navigation/TeamAccount/Broadcasts' successfully

2019-04-25 10:09:45 - [TEST_STEP][PASSED] - click: Object: 'Object Repository/Page_KiboPush  Broadcast/span_Create New Broadcast' is clicked on

2019-04-25 10:09:45 - [MESSAGE][PASSED] - Object: 'Object Repository/Page_KiboPush  Broadcast/span_Create New Broadcast' is clicked on

2019-04-25 10:09:45 - [TEST_STEP][PASSED] - click: Object: 'Object Repository/Page_KiboPush  Broadcast/a_Create New Broadcast' is clicked on

2019-04-25 10:09:46 - [MESSAGE][PASSED] - Object: 'Object Repository/Page_KiboPush  Broadcast/a_Create New Broadcast' is clicked on

2019-04-25 10:09:46 - [TEST_STEP][PASSED] - delay: Delayed 1 second(s)

2019-04-25 10:09:47 - [MESSAGE][PASSED] - Delayed 1 second(s)

2019-04-25 10:09:47 - [TEST_STEP][PASSED] - click: Object: 'Object Repository/Page_KiboPush  Create Broadcast/div_File' is clicked on

2019-04-25 10:09:47 - [MESSAGE][PASSED] - Object: 'Object Repository/Page_KiboPush  Create Broadcast/div_File' is clicked on

2019-04-25 10:09:47 - [TEST_STEP][PASSED] - verifyElementPresent: Object 'Object Repository/Page_KiboPush  Create Broadcast/h4_File' is present

2019-04-25 10:09:47 - [MESSAGE][PASSED] - Object 'Object Repository/Page_KiboPush  Create Broadcast/h4_File' is present

2019-04-25 10:09:47 - [TEST_STEP][PASSED] - delay: Delayed 3 second(s)

2019-04-25 10:09:50 - [MESSAGE][PASSED] - Delayed 3 second(s)

2019-04-25 10:09:50 - [MESSAGE][PASSED] - Call Test Case 'Test Cases/Broadcasts/TC0171' successfully

2019-04-25 10:09:50 - [TEST_STEP][PASSED] - click: Object: 'Object Repository/Page_KiboPush  Create Broadcast/i_fa fa-times fa-stack-2x' is clicked on

2019-04-25 10:09:50 - [MESSAGE][PASSED] - Object: 'Object Repository/Page_KiboPush  Create Broadcast/i_fa fa-times fa-stack-2x' is clicked on

2019-04-25 10:09:50 - [TEST_STEP][PASSED] - verifyElementNotPresent: Web element with id: 'Object Repository/Page_KiboPush  Create Broadcast/h4_File' located by 'By.xpath: //h4[(text() = 'File' or . = 'File')]' is not present after '5' second(s)

2019-04-25 10:09:50 - [MESSAGE][PASSED] - Web element with id: 'Object Repository/Page_KiboPush  Create Broadcast/h4_File' located by 'By.xpath: //h4[(text() = 'File' or . = 'File')]' is not present after '5' second(s)]]></system-out>
         <system-err><![CDATA[]]></system-err>
      </testcase>
      <testcase name="Test Cases/Broadcasts/TC0189" classname="Test Cases/Broadcasts/TC0189" status="PASSED">
         <system-out><![CDATA[2019-04-25 10:09:50 - [TEST_CASE][PASSED] - Test Cases/Broadcasts/TC0189: Test Cases/Broadcasts/TC0189

2019-04-25 10:09:50 - [TEST_STEP][PASSED] - callTestCase: Call Test Case 'Test Cases/Broadcasts/TC0175' successfully

2019-04-25 10:09:50 - [TEST_CASE][PASSED] - Test Cases/Broadcasts/TC0175: Test Cases/Broadcasts/TC0175

2019-04-25 10:09:50 - [TEST_STEP][PASSED] - callTestCase: Call Test Case 'Test Cases/s-sidebar_navigation/TeamAccount/Broadcasts' successfully

2019-04-25 10:09:50 - [TEST_CASE][PASSED] - Test Cases/s-sidebar_navigation/TeamAccount/Broadcasts: Test Cases/s-sidebar_navigation/TeamAccount/Broadcasts

2019-04-25 10:09:50 - [TEST_STEP][PASSED] - callTestCase: Call Test Case 'Test Cases/s-sidebar_navigation/individualAccount/broadcast' successfully

2019-04-25 10:09:50 - [TEST_CASE][PASSED] - Test Cases/s-sidebar_navigation/individualAccount/broadcast: Test Cases/s-sidebar_navigation/individualAccount/broadcast

2019-04-25 10:09:50 - [TEST_STEP][PASSED] - click: Object: 'Object Repository/Page_KiboPush  Dashboard/span_Polls' is clicked on

2019-04-25 10:09:50 - [MESSAGE][PASSED] - Object: 'Object Repository/Page_KiboPush  Dashboard/span_Polls' is clicked on

2019-04-25 10:09:50 - [TEST_STEP][PASSED] - delay: Delayed 1 second(s)

2019-04-25 10:09:51 - [MESSAGE][PASSED] - Delayed 1 second(s)

2019-04-25 10:09:51 - [TEST_STEP][PASSED] - click: Object: 'Object Repository/Page_KiboPush  Dashboard/span_Broadcasts' is clicked on

2019-04-25 10:09:52 - [MESSAGE][PASSED] - Object: 'Object Repository/Page_KiboPush  Dashboard/span_Broadcasts' is clicked on

2019-04-25 10:09:52 - [TEST_STEP][PASSED] - delay: Delayed 1 second(s)

2019-04-25 10:09:53 - [MESSAGE][PASSED] - Delayed 1 second(s)

2019-04-25 10:09:53 - [TEST_STEP][PASSED] - scrollToPosition: Browser is scrolled to position x = 0, y = 0

2019-04-25 10:09:53 - [MESSAGE][PASSED] - Browser is scrolled to position x = 0, y = 0

2019-04-25 10:09:53 - [TEST_STEP][PASSED] - click: Object: 'Object Repository/Page_KiboPush  Broadcast/h3_Manage Broadcasts' is clicked on

2019-04-25 10:09:53 - [MESSAGE][PASSED] - Object: 'Object Repository/Page_KiboPush  Broadcast/h3_Manage Broadcasts' is clicked on

2019-04-25 10:09:53 - [MESSAGE][PASSED] - Call Test Case 'Test Cases/s-sidebar_navigation/individualAccount/broadcast' successfully

2019-04-25 10:09:53 - [MESSAGE][PASSED] - Call Test Case 'Test Cases/s-sidebar_navigation/TeamAccount/Broadcasts' successfully

2019-04-25 10:09:53 - [TEST_STEP][PASSED] - click: Object: 'Object Repository/Page_KiboPush  Broadcast/span_Create New Broadcast' is clicked on

2019-04-25 10:09:53 - [MESSAGE][PASSED] - Object: 'Object Repository/Page_KiboPush  Broadcast/span_Create New Broadcast' is clicked on

2019-04-25 10:09:53 - [TEST_STEP][PASSED] - click: Object: 'Object Repository/Page_KiboPush  Broadcast/a_Create New Broadcast' is clicked on

2019-04-25 10:09:53 - [MESSAGE][PASSED] - Object: 'Object Repository/Page_KiboPush  Broadcast/a_Create New Broadcast' is clicked on

2019-04-25 10:09:53 - [TEST_STEP][PASSED] - delay: Delayed 1 second(s)

2019-04-25 10:09:54 - [MESSAGE][PASSED] - Delayed 1 second(s)

2019-04-25 10:09:54 - [TEST_STEP][PASSED] - click: Object: 'Object Repository/Page_KiboPush  Create Broadcast/div_Media' is clicked on

2019-04-25 10:09:55 - [MESSAGE][PASSED] - Object: 'Object Repository/Page_KiboPush  Create Broadcast/div_Media' is clicked on

2019-04-25 10:09:55 - [TEST_STEP][PASSED] - verifyElementPresent: Object 'Object Repository/Page_KiboPush  Create Broadcast/div_Media_1' is present

2019-04-25 10:09:55 - [MESSAGE][PASSED] - Object 'Object Repository/Page_KiboPush  Create Broadcast/div_Media_1' is present

2019-04-25 10:09:55 - [TEST_STEP][PASSED] - delay: Delayed 3 second(s)

2019-04-25 10:09:58 - [MESSAGE][PASSED] - Delayed 3 second(s)

2019-04-25 10:09:58 - [MESSAGE][PASSED] - Call Test Case 'Test Cases/Broadcasts/TC0175' successfully

2019-04-25 10:09:58 - [TEST_STEP][PASSED] - click: Object: 'Object Repository/Page_KiboPush  Create Broadcast/i_fa fa-times fa-stack-2x' is clicked on

2019-04-25 10:09:58 - [MESSAGE][PASSED] - Object: 'Object Repository/Page_KiboPush  Create Broadcast/i_fa fa-times fa-stack-2x' is clicked on

2019-04-25 10:09:58 - [TEST_STEP][PASSED] - verifyElementNotPresent: Web element with id: 'Object Repository/Page_KiboPush  Create Broadcast/div_Media_1' located by 'By.xpath: //div[(text() = ' Media ' or . = ' Media ')]' is not present after '5' second(s)

2019-04-25 10:09:58 - [MESSAGE][PASSED] - Web element with id: 'Object Repository/Page_KiboPush  Create Broadcast/div_Media_1' located by 'By.xpath: //div[(text() = ' Media ' or . = ' Media ')]' is not present after '5' second(s)]]></system-out>
         <system-err><![CDATA[]]></system-err>
      </testcase>
      <testcase name="Test Cases/Broadcasts/TC0190" classname="Test Cases/Broadcasts/TC0190" status="PASSED">
         <system-out><![CDATA[2019-04-25 10:09:58 - [TEST_CASE][PASSED] - Test Cases/Broadcasts/TC0190: Test Cases/Broadcasts/TC0190

2019-04-25 10:09:58 - [TEST_STEP][PASSED] - callTestCase: Call Test Case 'Test Cases/s-sidebar_navigation/TeamAccount/Broadcasts' successfully

2019-04-25 10:09:58 - [TEST_CASE][PASSED] - Test Cases/s-sidebar_navigation/TeamAccount/Broadcasts: Test Cases/s-sidebar_navigation/TeamAccount/Broadcasts

2019-04-25 10:09:58 - [TEST_STEP][PASSED] - callTestCase: Call Test Case 'Test Cases/s-sidebar_navigation/individualAccount/broadcast' successfully

2019-04-25 10:09:58 - [TEST_CASE][PASSED] - Test Cases/s-sidebar_navigation/individualAccount/broadcast: Test Cases/s-sidebar_navigation/individualAccount/broadcast

2019-04-25 10:09:58 - [TEST_STEP][PASSED] - click: Object: 'Object Repository/Page_KiboPush  Dashboard/span_Polls' is clicked on

2019-04-25 10:09:59 - [MESSAGE][PASSED] - Object: 'Object Repository/Page_KiboPush  Dashboard/span_Polls' is clicked on

2019-04-25 10:09:59 - [TEST_STEP][PASSED] - delay: Delayed 1 second(s)

2019-04-25 10:10:00 - [MESSAGE][PASSED] - Delayed 1 second(s)

2019-04-25 10:10:00 - [TEST_STEP][PASSED] - click: Object: 'Object Repository/Page_KiboPush  Dashboard/span_Broadcasts' is clicked on

2019-04-25 10:10:00 - [MESSAGE][PASSED] - Object: 'Object Repository/Page_KiboPush  Dashboard/span_Broadcasts' is clicked on

2019-04-25 10:10:00 - [TEST_STEP][PASSED] - delay: Delayed 1 second(s)

2019-04-25 10:10:01 - [MESSAGE][PASSED] - Delayed 1 second(s)

2019-04-25 10:10:01 - [TEST_STEP][PASSED] - scrollToPosition: Browser is scrolled to position x = 0, y = 0

2019-04-25 10:10:01 - [MESSAGE][PASSED] - Browser is scrolled to position x = 0, y = 0

2019-04-25 10:10:01 - [TEST_STEP][PASSED] - click: Object: 'Object Repository/Page_KiboPush  Broadcast/h3_Manage Broadcasts' is clicked on

2019-04-25 10:10:01 - [MESSAGE][PASSED] - Object: 'Object Repository/Page_KiboPush  Broadcast/h3_Manage Broadcasts' is clicked on

2019-04-25 10:10:01 - [MESSAGE][PASSED] - Call Test Case 'Test Cases/s-sidebar_navigation/individualAccount/broadcast' successfully

2019-04-25 10:10:01 - [MESSAGE][PASSED] - Call Test Case 'Test Cases/s-sidebar_navigation/TeamAccount/Broadcasts' successfully

2019-04-25 10:10:01 - [TEST_STEP][PASSED] - click: Object: 'Object Repository/Page_KiboPush  Broadcast/span_Create New Broadcast' is clicked on

2019-04-25 10:10:01 - [MESSAGE][PASSED] - Object: 'Object Repository/Page_KiboPush  Broadcast/span_Create New Broadcast' is clicked on

2019-04-25 10:10:01 - [TEST_STEP][PASSED] - click: Object: 'Object Repository/Page_KiboPush  Broadcast/a_Create New Broadcast' is clicked on

2019-04-25 10:10:02 - [MESSAGE][PASSED] - Object: 'Object Repository/Page_KiboPush  Broadcast/a_Create New Broadcast' is clicked on

2019-04-25 10:10:02 - [TEST_STEP][PASSED] - delay: Delayed 1 second(s)

2019-04-25 10:10:03 - [MESSAGE][PASSED] - Delayed 1 second(s)

2019-04-25 10:10:03 - [TEST_STEP][PASSED] - click: Object: 'Object Repository/Page_KiboPush  Create Broadcast/i_convoTitle' is clicked on

2019-04-25 10:10:03 - [MESSAGE][PASSED] - Object: 'Object Repository/Page_KiboPush  Create Broadcast/i_convoTitle' is clicked on

2019-04-25 10:10:03 - [TEST_STEP][PASSED] - setText: Text 'TitleX' is set on object 'Object Repository/Page_KiboPush  Create Broadcast/input_form-control (10)'

2019-04-25 10:10:03 - [MESSAGE][PASSED] - Text 'TitleX' is set on object 'Object Repository/Page_KiboPush  Create Broadcast/input_form-control (10)'

2019-04-25 10:10:03 - [TEST_STEP][PASSED] - click: Object: 'Object Repository/Page_KiboPush  Create Broadcast/button_Save' is clicked on

2019-04-25 10:10:03 - [MESSAGE][PASSED] - Object: 'Object Repository/Page_KiboPush  Create Broadcast/button_Save' is clicked on

2019-04-25 10:10:03 - [TEST_STEP][PASSED] - delay: Delayed 1 second(s)

2019-04-25 10:10:04 - [MESSAGE][PASSED] - Delayed 1 second(s)

2019-04-25 10:10:04 - [TEST_STEP][PASSED] - click: Object: 'Object Repository/Page_KiboPush  Create Broadcast/h3_TitleX' is clicked on

2019-04-25 10:10:05 - [MESSAGE][PASSED] - Object: 'Object Repository/Page_KiboPush  Create Broadcast/h3_TitleX' is clicked on]]></system-out>
         <system-err><![CDATA[]]></system-err>
      </testcase>
      <testcase name="Test Cases/Broadcasts/TC0192" classname="Test Cases/Broadcasts/TC0192" status="PASSED">
         <system-out><![CDATA[2019-04-25 10:10:05 - [TEST_CASE][PASSED] - Test Cases/Broadcasts/TC0192: Test Cases/Broadcasts/TC0192

2019-04-25 10:10:05 - [TEST_STEP][PASSED] - callTestCase: Call Test Case 'Test Cases/Broadcasts/TC0131' successfully

2019-04-25 10:10:05 - [TEST_CASE][PASSED] - Test Cases/Broadcasts/TC0131: Test Cases/Broadcasts/TC0131

2019-04-25 10:10:05 - [TEST_STEP][PASSED] - callTestCase: Call Test Case 'Test Cases/s-sidebar_navigation/TeamAccount/Broadcasts' successfully

2019-04-25 10:10:05 - [TEST_CASE][PASSED] - Test Cases/s-sidebar_navigation/TeamAccount/Broadcasts: Test Cases/s-sidebar_navigation/TeamAccount/Broadcasts

2019-04-25 10:10:05 - [TEST_STEP][PASSED] - callTestCase: Call Test Case 'Test Cases/s-sidebar_navigation/individualAccount/broadcast' successfully

2019-04-25 10:10:05 - [TEST_CASE][PASSED] - Test Cases/s-sidebar_navigation/individualAccount/broadcast: Test Cases/s-sidebar_navigation/individualAccount/broadcast

2019-04-25 10:10:05 - [TEST_STEP][PASSED] - click: Object: 'Object Repository/Page_KiboPush  Dashboard/span_Polls' is clicked on

2019-04-25 10:10:05 - [MESSAGE][PASSED] - Object: 'Object Repository/Page_KiboPush  Dashboard/span_Polls' is clicked on

2019-04-25 10:10:05 - [TEST_STEP][PASSED] - delay: Delayed 1 second(s)

2019-04-25 10:10:06 - [MESSAGE][PASSED] - Delayed 1 second(s)

2019-04-25 10:10:06 - [TEST_STEP][PASSED] - click: Object: 'Object Repository/Page_KiboPush  Dashboard/span_Broadcasts' is clicked on

2019-04-25 10:10:06 - [MESSAGE][PASSED] - Object: 'Object Repository/Page_KiboPush  Dashboard/span_Broadcasts' is clicked on

2019-04-25 10:10:06 - [TEST_STEP][PASSED] - delay: Delayed 1 second(s)

2019-04-25 10:10:07 - [MESSAGE][PASSED] - Delayed 1 second(s)

2019-04-25 10:10:07 - [TEST_STEP][PASSED] - scrollToPosition: Browser is scrolled to position x = 0, y = 0

2019-04-25 10:10:07 - [MESSAGE][PASSED] - Browser is scrolled to position x = 0, y = 0

2019-04-25 10:10:07 - [TEST_STEP][PASSED] - click: Object: 'Object Repository/Page_KiboPush  Broadcast/h3_Manage Broadcasts' is clicked on

2019-04-25 10:10:07 - [MESSAGE][PASSED] - Object: 'Object Repository/Page_KiboPush  Broadcast/h3_Manage Broadcasts' is clicked on

2019-04-25 10:10:07 - [MESSAGE][PASSED] - Call Test Case 'Test Cases/s-sidebar_navigation/individualAccount/broadcast' successfully

2019-04-25 10:10:07 - [MESSAGE][PASSED] - Call Test Case 'Test Cases/s-sidebar_navigation/TeamAccount/Broadcasts' successfully

2019-04-25 10:10:07 - [TEST_STEP][PASSED] - click: Object: 'Object Repository/Page_KiboPush  Broadcast/span_Create New Broadcast' is clicked on

2019-04-25 10:10:08 - [MESSAGE][PASSED] - Object: 'Object Repository/Page_KiboPush  Broadcast/span_Create New Broadcast' is clicked on

2019-04-25 10:10:08 - [TEST_STEP][PASSED] - click: Object: 'Object Repository/Page_KiboPush  Broadcast/a_Create New Broadcast' is clicked on

2019-04-25 10:10:08 - [MESSAGE][PASSED] - Object: 'Object Repository/Page_KiboPush  Broadcast/a_Create New Broadcast' is clicked on

2019-04-25 10:10:08 - [TEST_STEP][PASSED] - delay: Delayed 1 second(s)

2019-04-25 10:10:09 - [MESSAGE][PASSED] - Delayed 1 second(s)

2019-04-25 10:10:09 - [TEST_STEP][PASSED] - click: Object: 'Object Repository/Page_KiboPush  Create Broadcast/div_Text_1' is clicked on

2019-04-25 10:10:09 - [MESSAGE][PASSED] - Object: 'Object Repository/Page_KiboPush  Create Broadcast/div_Text_1' is clicked on

2019-04-25 10:10:09 - [MESSAGE][PASSED] - Call Test Case 'Test Cases/Broadcasts/TC0131' successfully

2019-04-25 10:10:09 - [TEST_STEP][PASSED] - click: Object: 'Object Repository/Page_KiboPush  Create Broadcast/div_ Add Button' is clicked on

2019-04-25 10:10:09 - [MESSAGE][PASSED] - Object: 'Object Repository/Page_KiboPush  Create Broadcast/div_ Add Button' is clicked on

2019-04-25 10:10:09 - [TEST_STEP][PASSED] - setText: Text 'KiboPush' is set on object 'Object Repository/Page_KiboPush  Create Broadcast/input_form-control'

2019-04-25 10:10:10 - [MESSAGE][PASSED] - Text 'KiboPush' is set on object 'Object Repository/Page_KiboPush  Create Broadcast/input_form-control'

2019-04-25 10:10:10 - [TEST_STEP][PASSED] - verifyElementNotClickable: Object 'Object Repository/Page_KiboPush  Create Broadcast/button_Done' is NOT clickable

2019-04-25 10:10:10 - [MESSAGE][PASSED] - Object 'Object Repository/Page_KiboPush  Create Broadcast/button_Done' is NOT clickable]]></system-out>
         <system-err><![CDATA[]]></system-err>
      </testcase>
      <testcase name="Test Cases/Broadcasts/TC0193" classname="Test Cases/Broadcasts/TC0193" status="PASSED">
         <system-out><![CDATA[2019-04-25 10:10:10 - [TEST_CASE][PASSED] - Test Cases/Broadcasts/TC0193: Test Cases/Broadcasts/TC0193

2019-04-25 10:10:10 - [TEST_STEP][PASSED] - callTestCase: Call Test Case 'Test Cases/Broadcasts/TC0133' successfully

2019-04-25 10:10:10 - [TEST_CASE][PASSED] - Test Cases/Broadcasts/TC0133: Test Cases/Broadcasts/TC0133

2019-04-25 10:10:10 - [TEST_STEP][PASSED] - callTestCase: Call Test Case 'Test Cases/s-sidebar_navigation/TeamAccount/Broadcasts' successfully

2019-04-25 10:10:10 - [TEST_CASE][PASSED] - Test Cases/s-sidebar_navigation/TeamAccount/Broadcasts: Test Cases/s-sidebar_navigation/TeamAccount/Broadcasts

2019-04-25 10:10:10 - [TEST_STEP][PASSED] - callTestCase: Call Test Case 'Test Cases/s-sidebar_navigation/individualAccount/broadcast' successfully

2019-04-25 10:10:10 - [TEST_CASE][PASSED] - Test Cases/s-sidebar_navigation/individualAccount/broadcast: Test Cases/s-sidebar_navigation/individualAccount/broadcast

2019-04-25 10:10:10 - [TEST_STEP][PASSED] - click: Object: 'Object Repository/Page_KiboPush  Dashboard/span_Polls' is clicked on

2019-04-25 10:10:10 - [MESSAGE][PASSED] - Object: 'Object Repository/Page_KiboPush  Dashboard/span_Polls' is clicked on

2019-04-25 10:10:10 - [TEST_STEP][PASSED] - delay: Delayed 1 second(s)

2019-04-25 10:10:11 - [MESSAGE][PASSED] - Delayed 1 second(s)

2019-04-25 10:10:11 - [TEST_STEP][PASSED] - click: Object: 'Object Repository/Page_KiboPush  Dashboard/span_Broadcasts' is clicked on

2019-04-25 10:10:11 - [MESSAGE][PASSED] - Object: 'Object Repository/Page_KiboPush  Dashboard/span_Broadcasts' is clicked on

2019-04-25 10:10:11 - [TEST_STEP][PASSED] - delay: Delayed 1 second(s)

2019-04-25 10:10:12 - [MESSAGE][PASSED] - Delayed 1 second(s)

2019-04-25 10:10:12 - [TEST_STEP][PASSED] - scrollToPosition: Browser is scrolled to position x = 0, y = 0

2019-04-25 10:10:12 - [MESSAGE][PASSED] - Browser is scrolled to position x = 0, y = 0

2019-04-25 10:10:12 - [TEST_STEP][PASSED] - click: Object: 'Object Repository/Page_KiboPush  Broadcast/h3_Manage Broadcasts' is clicked on

2019-04-25 10:10:13 - [MESSAGE][PASSED] - Object: 'Object Repository/Page_KiboPush  Broadcast/h3_Manage Broadcasts' is clicked on

2019-04-25 10:10:13 - [MESSAGE][PASSED] - Call Test Case 'Test Cases/s-sidebar_navigation/individualAccount/broadcast' successfully

2019-04-25 10:10:13 - [MESSAGE][PASSED] - Call Test Case 'Test Cases/s-sidebar_navigation/TeamAccount/Broadcasts' successfully

2019-04-25 10:10:13 - [TEST_STEP][PASSED] - click: Object: 'Object Repository/Page_KiboPush  Broadcast/span_Create New Broadcast' is clicked on

2019-04-25 10:10:13 - [MESSAGE][PASSED] - Object: 'Object Repository/Page_KiboPush  Broadcast/span_Create New Broadcast' is clicked on

2019-04-25 10:10:13 - [TEST_STEP][PASSED] - click: Object: 'Object Repository/Page_KiboPush  Broadcast/a_Create New Broadcast' is clicked on

2019-04-25 10:10:13 - [MESSAGE][PASSED] - Object: 'Object Repository/Page_KiboPush  Broadcast/a_Create New Broadcast' is clicked on

2019-04-25 10:10:13 - [TEST_STEP][PASSED] - delay: Delayed 1 second(s)

2019-04-25 10:10:14 - [MESSAGE][PASSED] - Delayed 1 second(s)

2019-04-25 10:10:14 - [TEST_STEP][PASSED] - click: Object: 'Object Repository/Page_KiboPush  Create Broadcast/div_Text' is clicked on

2019-04-25 10:10:14 - [MESSAGE][PASSED] - Object: 'Object Repository/Page_KiboPush  Create Broadcast/div_Text' is clicked on

2019-04-25 10:10:14 - [TEST_STEP][PASSED] - click: Object: 'Object Repository/Page_KiboPush  Create Broadcast/div_ Add Button' is clicked on

2019-04-25 10:10:15 - [MESSAGE][PASSED] - Object: 'Object Repository/Page_KiboPush  Create Broadcast/div_ Add Button' is clicked on

2019-04-25 10:10:15 - [TEST_STEP][PASSED] - setText: Text 'KiboPush' is set on object 'Object Repository/Page_KiboPush  Create Broadcast/input_form-control (9)'

2019-04-25 10:10:15 - [MESSAGE][PASSED] - Text 'KiboPush' is set on object 'Object Repository/Page_KiboPush  Create Broadcast/input_form-control (9)'

2019-04-25 10:10:15 - [TEST_STEP][PASSED] - click: Object: 'Object Repository/Page_KiboPush  Create Broadcast/div_Open a website (5)' is clicked on

2019-04-25 10:10:15 - [MESSAGE][PASSED] - Object: 'Object Repository/Page_KiboPush  Create Broadcast/div_Open a website (5)' is clicked on

2019-04-25 10:10:15 - [TEST_STEP][PASSED] - setText: Text 'kibopush.com' is set on object 'Object Repository/Page_KiboPush  Create Broadcast/input_form-control_1 (5)'

2019-04-25 10:10:16 - [MESSAGE][PASSED] - Text 'kibopush.com' is set on object 'Object Repository/Page_KiboPush  Create Broadcast/input_form-control_1 (5)'

2019-04-25 10:10:16 - [TEST_STEP][PASSED] - click: Object: 'Object Repository/Page_KiboPush  Create Broadcast/button_Done (5)' is clicked on

2019-04-25 10:10:16 - [MESSAGE][PASSED] - Object: 'Object Repository/Page_KiboPush  Create Broadcast/button_Done (5)' is clicked on

2019-04-25 10:10:16 - [MESSAGE][PASSED] - Call Test Case 'Test Cases/Broadcasts/TC0133' successfully

2019-04-25 10:10:16 - [TEST_STEP][PASSED] - click: Object: 'Object Repository/Page_KiboPush  Create Broadcast/button_KiboPush (1)' is clicked on

2019-04-25 10:10:17 - [MESSAGE][PASSED] - Object: 'Object Repository/Page_KiboPush  Create Broadcast/button_KiboPush (1)' is clicked on

2019-04-25 10:10:17 - [TEST_STEP][PASSED] - doubleClick: Object: 'Object Repository/Page_KiboPush  Create Broadcast/input_form-control (11)' is double clicked on

2019-04-25 10:10:17 - [MESSAGE][PASSED] - Object: 'Object Repository/Page_KiboPush  Create Broadcast/input_form-control (11)' is double clicked on

2019-04-25 10:10:17 - [TEST_STEP][PASSED] - verifyElementAttributeValue: Object 'Object Repository/Page_KiboPush  Create Broadcast/input_form-control' has attribute 'value' with value 'KiboPush'

2019-04-25 10:10:17 - [MESSAGE][PASSED] - Object 'Object Repository/Page_KiboPush  Create Broadcast/input_form-control' has attribute 'value' with value 'KiboPush']]></system-out>
         <system-err><![CDATA[]]></system-err>
      </testcase>
      <testcase name="Test Cases/Broadcasts/TC0194" classname="Test Cases/Broadcasts/TC0194" status="PASSED">
         <system-out><![CDATA[2019-04-25 10:10:17 - [TEST_CASE][PASSED] - Test Cases/Broadcasts/TC0194: Test Cases/Broadcasts/TC0194

2019-04-25 10:10:17 - [TEST_STEP][PASSED] - callTestCase: Call Test Case 'Test Cases/Broadcasts/TC0131' successfully

2019-04-25 10:10:17 - [TEST_CASE][PASSED] - Test Cases/Broadcasts/TC0131: Test Cases/Broadcasts/TC0131

2019-04-25 10:10:17 - [TEST_STEP][PASSED] - callTestCase: Call Test Case 'Test Cases/s-sidebar_navigation/TeamAccount/Broadcasts' successfully

2019-04-25 10:10:17 - [TEST_CASE][PASSED] - Test Cases/s-sidebar_navigation/TeamAccount/Broadcasts: Test Cases/s-sidebar_navigation/TeamAccount/Broadcasts

2019-04-25 10:10:17 - [TEST_STEP][PASSED] - callTestCase: Call Test Case 'Test Cases/s-sidebar_navigation/individualAccount/broadcast' successfully

2019-04-25 10:10:17 - [TEST_CASE][PASSED] - Test Cases/s-sidebar_navigation/individualAccount/broadcast: Test Cases/s-sidebar_navigation/individualAccount/broadcast

2019-04-25 10:10:17 - [TEST_STEP][PASSED] - click: Object: 'Object Repository/Page_KiboPush  Dashboard/span_Polls' is clicked on

2019-04-25 10:10:18 - [MESSAGE][PASSED] - Object: 'Object Repository/Page_KiboPush  Dashboard/span_Polls' is clicked on

2019-04-25 10:10:18 - [TEST_STEP][PASSED] - delay: Delayed 1 second(s)

2019-04-25 10:10:19 - [MESSAGE][PASSED] - Delayed 1 second(s)

2019-04-25 10:10:19 - [TEST_STEP][PASSED] - click: Object: 'Object Repository/Page_KiboPush  Dashboard/span_Broadcasts' is clicked on

2019-04-25 10:10:19 - [MESSAGE][PASSED] - Object: 'Object Repository/Page_KiboPush  Dashboard/span_Broadcasts' is clicked on

2019-04-25 10:10:19 - [TEST_STEP][PASSED] - delay: Delayed 1 second(s)

2019-04-25 10:10:20 - [MESSAGE][PASSED] - Delayed 1 second(s)

2019-04-25 10:10:20 - [TEST_STEP][PASSED] - scrollToPosition: Browser is scrolled to position x = 0, y = 0

2019-04-25 10:10:20 - [MESSAGE][PASSED] - Browser is scrolled to position x = 0, y = 0

2019-04-25 10:10:20 - [TEST_STEP][PASSED] - click: Object: 'Object Repository/Page_KiboPush  Broadcast/h3_Manage Broadcasts' is clicked on

2019-04-25 10:10:20 - [MESSAGE][PASSED] - Object: 'Object Repository/Page_KiboPush  Broadcast/h3_Manage Broadcasts' is clicked on

2019-04-25 10:10:20 - [MESSAGE][PASSED] - Call Test Case 'Test Cases/s-sidebar_navigation/individualAccount/broadcast' successfully

2019-04-25 10:10:20 - [MESSAGE][PASSED] - Call Test Case 'Test Cases/s-sidebar_navigation/TeamAccount/Broadcasts' successfully

2019-04-25 10:10:20 - [TEST_STEP][PASSED] - click: Object: 'Object Repository/Page_KiboPush  Broadcast/span_Create New Broadcast' is clicked on

2019-04-25 10:10:20 - [MESSAGE][PASSED] - Object: 'Object Repository/Page_KiboPush  Broadcast/span_Create New Broadcast' is clicked on

2019-04-25 10:10:20 - [TEST_STEP][PASSED] - click: Object: 'Object Repository/Page_KiboPush  Broadcast/a_Create New Broadcast' is clicked on

2019-04-25 10:10:21 - [MESSAGE][PASSED] - Object: 'Object Repository/Page_KiboPush  Broadcast/a_Create New Broadcast' is clicked on

2019-04-25 10:10:21 - [TEST_STEP][PASSED] - delay: Delayed 1 second(s)

2019-04-25 10:10:22 - [MESSAGE][PASSED] - Delayed 1 second(s)

2019-04-25 10:10:22 - [TEST_STEP][PASSED] - click: Object: 'Object Repository/Page_KiboPush  Create Broadcast/div_Text_1' is clicked on

2019-04-25 10:10:22 - [MESSAGE][PASSED] - Object: 'Object Repository/Page_KiboPush  Create Broadcast/div_Text_1' is clicked on

2019-04-25 10:10:22 - [MESSAGE][PASSED] - Call Test Case 'Test Cases/Broadcasts/TC0131' successfully

2019-04-25 10:10:22 - [TEST_STEP][PASSED] - click: Object: 'Object Repository/Page_KiboPush  Create Broadcast/div_ Add Button' is clicked on

2019-04-25 10:10:22 - [MESSAGE][PASSED] - Object: 'Object Repository/Page_KiboPush  Create Broadcast/div_ Add Button' is clicked on

2019-04-25 10:10:22 - [TEST_STEP][PASSED] - verifyElementPresent: Object 'Object Repository/Page_KiboPush  Create Broadcast/strong_Add Button' is present

2019-04-25 10:10:22 - [MESSAGE][PASSED] - Object 'Object Repository/Page_KiboPush  Create Broadcast/strong_Add Button' is present

2019-04-25 10:10:22 - [TEST_STEP][PASSED] - click: Object: 'Object Repository/Page_KiboPush  Create Broadcast/button_Cancel' is clicked on

2019-04-25 10:10:22 - [MESSAGE][PASSED] - Object: 'Object Repository/Page_KiboPush  Create Broadcast/button_Cancel' is clicked on

2019-04-25 10:10:22 - [TEST_STEP][PASSED] - verifyElementNotPresent: Web element with id: 'Object Repository/Page_KiboPush  Create Broadcast/strong_Add Button' located by 'By.xpath: //strong[(text() = 'Add Button' or . = 'Add Button')]' is not present after '5' second(s)

2019-04-25 10:10:22 - [MESSAGE][PASSED] - Web element with id: 'Object Repository/Page_KiboPush  Create Broadcast/strong_Add Button' located by 'By.xpath: //strong[(text() = 'Add Button' or . = 'Add Button')]' is not present after '5' second(s)]]></system-out>
         <system-err><![CDATA[]]></system-err>
      </testcase>
      <testcase name="Test Cases/Broadcasts/TC0195" classname="Test Cases/Broadcasts/TC0195" status="PASSED">
         <system-out><![CDATA[2019-04-25 10:10:22 - [TEST_CASE][PASSED] - Test Cases/Broadcasts/TC0195: Test Cases/Broadcasts/TC0195

2019-04-25 10:10:22 - [TEST_STEP][PASSED] - callTestCase: Call Test Case 'Test Cases/Broadcasts/TC0133' successfully

2019-04-25 10:10:22 - [TEST_CASE][PASSED] - Test Cases/Broadcasts/TC0133: Test Cases/Broadcasts/TC0133

2019-04-25 10:10:22 - [TEST_STEP][PASSED] - callTestCase: Call Test Case 'Test Cases/s-sidebar_navigation/TeamAccount/Broadcasts' successfully

2019-04-25 10:10:22 - [TEST_CASE][PASSED] - Test Cases/s-sidebar_navigation/TeamAccount/Broadcasts: Test Cases/s-sidebar_navigation/TeamAccount/Broadcasts

2019-04-25 10:10:22 - [TEST_STEP][PASSED] - callTestCase: Call Test Case 'Test Cases/s-sidebar_navigation/individualAccount/broadcast' successfully

2019-04-25 10:10:22 - [TEST_CASE][PASSED] - Test Cases/s-sidebar_navigation/individualAccount/broadcast: Test Cases/s-sidebar_navigation/individualAccount/broadcast

2019-04-25 10:10:22 - [TEST_STEP][PASSED] - click: Object: 'Object Repository/Page_KiboPush  Dashboard/span_Polls' is clicked on

2019-04-25 10:10:23 - [MESSAGE][PASSED] - Object: 'Object Repository/Page_KiboPush  Dashboard/span_Polls' is clicked on

2019-04-25 10:10:23 - [TEST_STEP][PASSED] - delay: Delayed 1 second(s)

2019-04-25 10:10:24 - [MESSAGE][PASSED] - Delayed 1 second(s)

2019-04-25 10:10:24 - [TEST_STEP][PASSED] - click: Object: 'Object Repository/Page_KiboPush  Dashboard/span_Broadcasts' is clicked on

2019-04-25 10:10:24 - [MESSAGE][PASSED] - Object: 'Object Repository/Page_KiboPush  Dashboard/span_Broadcasts' is clicked on

2019-04-25 10:10:24 - [TEST_STEP][PASSED] - delay: Delayed 1 second(s)

2019-04-25 10:10:25 - [MESSAGE][PASSED] - Delayed 1 second(s)

2019-04-25 10:10:25 - [TEST_STEP][PASSED] - scrollToPosition: Browser is scrolled to position x = 0, y = 0

2019-04-25 10:10:25 - [MESSAGE][PASSED] - Browser is scrolled to position x = 0, y = 0

2019-04-25 10:10:25 - [TEST_STEP][PASSED] - click: Object: 'Object Repository/Page_KiboPush  Broadcast/h3_Manage Broadcasts' is clicked on

2019-04-25 10:10:25 - [MESSAGE][PASSED] - Object: 'Object Repository/Page_KiboPush  Broadcast/h3_Manage Broadcasts' is clicked on

2019-04-25 10:10:25 - [MESSAGE][PASSED] - Call Test Case 'Test Cases/s-sidebar_navigation/individualAccount/broadcast' successfully

2019-04-25 10:10:25 - [MESSAGE][PASSED] - Call Test Case 'Test Cases/s-sidebar_navigation/TeamAccount/Broadcasts' successfully

2019-04-25 10:10:25 - [TEST_STEP][PASSED] - click: Object: 'Object Repository/Page_KiboPush  Broadcast/span_Create New Broadcast' is clicked on

2019-04-25 10:10:25 - [MESSAGE][PASSED] - Object: 'Object Repository/Page_KiboPush  Broadcast/span_Create New Broadcast' is clicked on

2019-04-25 10:10:25 - [TEST_STEP][PASSED] - click: Object: 'Object Repository/Page_KiboPush  Broadcast/a_Create New Broadcast' is clicked on

2019-04-25 10:10:26 - [MESSAGE][PASSED] - Object: 'Object Repository/Page_KiboPush  Broadcast/a_Create New Broadcast' is clicked on

2019-04-25 10:10:26 - [TEST_STEP][PASSED] - delay: Delayed 1 second(s)

2019-04-25 10:10:27 - [MESSAGE][PASSED] - Delayed 1 second(s)

2019-04-25 10:10:27 - [TEST_STEP][PASSED] - click: Object: 'Object Repository/Page_KiboPush  Create Broadcast/div_Text' is clicked on

2019-04-25 10:10:27 - [MESSAGE][PASSED] - Object: 'Object Repository/Page_KiboPush  Create Broadcast/div_Text' is clicked on

2019-04-25 10:10:27 - [TEST_STEP][PASSED] - click: Object: 'Object Repository/Page_KiboPush  Create Broadcast/div_ Add Button' is clicked on

2019-04-25 10:10:27 - [MESSAGE][PASSED] - Object: 'Object Repository/Page_KiboPush  Create Broadcast/div_ Add Button' is clicked on

2019-04-25 10:10:27 - [TEST_STEP][PASSED] - setText: Text 'KiboPush' is set on object 'Object Repository/Page_KiboPush  Create Broadcast/input_form-control (9)'

2019-04-25 10:10:27 - [MESSAGE][PASSED] - Text 'KiboPush' is set on object 'Object Repository/Page_KiboPush  Create Broadcast/input_form-control (9)'

2019-04-25 10:10:27 - [TEST_STEP][PASSED] - click: Object: 'Object Repository/Page_KiboPush  Create Broadcast/div_Open a website (5)' is clicked on

2019-04-25 10:10:27 - [MESSAGE][PASSED] - Object: 'Object Repository/Page_KiboPush  Create Broadcast/div_Open a website (5)' is clicked on

2019-04-25 10:10:27 - [TEST_STEP][PASSED] - setText: Text 'kibopush.com' is set on object 'Object Repository/Page_KiboPush  Create Broadcast/input_form-control_1 (5)'

2019-04-25 10:10:28 - [MESSAGE][PASSED] - Text 'kibopush.com' is set on object 'Object Repository/Page_KiboPush  Create Broadcast/input_form-control_1 (5)'

2019-04-25 10:10:28 - [TEST_STEP][PASSED] - click: Object: 'Object Repository/Page_KiboPush  Create Broadcast/button_Done (5)' is clicked on

2019-04-25 10:10:28 - [MESSAGE][PASSED] - Object: 'Object Repository/Page_KiboPush  Create Broadcast/button_Done (5)' is clicked on

2019-04-25 10:10:28 - [MESSAGE][PASSED] - Call Test Case 'Test Cases/Broadcasts/TC0133' successfully

2019-04-25 10:10:28 - [TEST_STEP][PASSED] - verifyElementPresent: Object 'Object Repository/Page_KiboPush  Create Broadcast/button_KiboPush' is present

2019-04-25 10:10:29 - [MESSAGE][PASSED] - Object 'Object Repository/Page_KiboPush  Create Broadcast/button_KiboPush' is present

2019-04-25 10:10:29 - [TEST_STEP][PASSED] - click: Object: 'Object Repository/Page_KiboPush  Create Broadcast/button_KiboPush' is clicked on

2019-04-25 10:10:29 - [MESSAGE][PASSED] - Object: 'Object Repository/Page_KiboPush  Create Broadcast/button_KiboPush' is clicked on

2019-04-25 10:10:29 - [TEST_STEP][PASSED] - click: Object: 'Object Repository/Page_KiboPush  Create Broadcast/button_Remove' is clicked on

2019-04-25 10:10:29 - [MESSAGE][PASSED] - Object: 'Object Repository/Page_KiboPush  Create Broadcast/button_Remove' is clicked on

2019-04-25 10:10:29 - [TEST_STEP][PASSED] - verifyElementNotPresent: Web element with id: 'Object Repository/Page_KiboPush  Create Broadcast/button_KiboPush' located by 'By.xpath: //button[(text() = 'KiboPush' or . = 'KiboPush')]' is not present after '5' second(s)

2019-04-25 10:10:29 - [MESSAGE][PASSED] - Web element with id: 'Object Repository/Page_KiboPush  Create Broadcast/button_KiboPush' located by 'By.xpath: //button[(text() = 'KiboPush' or . = 'KiboPush')]' is not present after '5' second(s)]]></system-out>
         <system-err><![CDATA[]]></system-err>
      </testcase>
      <testcase name="Test Cases/Broadcasts/TC0196" classname="Test Cases/Broadcasts/TC0196" status="PASSED">
         <system-out><![CDATA[2019-04-25 10:10:29 - [TEST_CASE][PASSED] - Test Cases/Broadcasts/TC0196: Test Cases/Broadcasts/TC0196

2019-04-25 10:10:30 - [TEST_STEP][PASSED] - callTestCase: Call Test Case 'Test Cases/Broadcasts/TC0131' successfully

2019-04-25 10:10:30 - [TEST_CASE][PASSED] - Test Cases/Broadcasts/TC0131: Test Cases/Broadcasts/TC0131

2019-04-25 10:10:30 - [TEST_STEP][PASSED] - callTestCase: Call Test Case 'Test Cases/s-sidebar_navigation/TeamAccount/Broadcasts' successfully

2019-04-25 10:10:30 - [TEST_CASE][PASSED] - Test Cases/s-sidebar_navigation/TeamAccount/Broadcasts: Test Cases/s-sidebar_navigation/TeamAccount/Broadcasts

2019-04-25 10:10:30 - [TEST_STEP][PASSED] - callTestCase: Call Test Case 'Test Cases/s-sidebar_navigation/individualAccount/broadcast' successfully

2019-04-25 10:10:30 - [TEST_CASE][PASSED] - Test Cases/s-sidebar_navigation/individualAccount/broadcast: Test Cases/s-sidebar_navigation/individualAccount/broadcast

2019-04-25 10:10:30 - [TEST_STEP][PASSED] - click: Object: 'Object Repository/Page_KiboPush  Dashboard/span_Polls' is clicked on

2019-04-25 10:10:30 - [MESSAGE][PASSED] - Object: 'Object Repository/Page_KiboPush  Dashboard/span_Polls' is clicked on

2019-04-25 10:10:30 - [TEST_STEP][PASSED] - delay: Delayed 1 second(s)

2019-04-25 10:10:31 - [MESSAGE][PASSED] - Delayed 1 second(s)

2019-04-25 10:10:31 - [TEST_STEP][PASSED] - click: Object: 'Object Repository/Page_KiboPush  Dashboard/span_Broadcasts' is clicked on

2019-04-25 10:10:31 - [MESSAGE][PASSED] - Object: 'Object Repository/Page_KiboPush  Dashboard/span_Broadcasts' is clicked on

2019-04-25 10:10:31 - [TEST_STEP][PASSED] - delay: Delayed 1 second(s)

2019-04-25 10:10:32 - [MESSAGE][PASSED] - Delayed 1 second(s)

2019-04-25 10:10:32 - [TEST_STEP][PASSED] - scrollToPosition: Browser is scrolled to position x = 0, y = 0

2019-04-25 10:10:32 - [MESSAGE][PASSED] - Browser is scrolled to position x = 0, y = 0

2019-04-25 10:10:32 - [TEST_STEP][PASSED] - click: Object: 'Object Repository/Page_KiboPush  Broadcast/h3_Manage Broadcasts' is clicked on

2019-04-25 10:10:32 - [MESSAGE][PASSED] - Object: 'Object Repository/Page_KiboPush  Broadcast/h3_Manage Broadcasts' is clicked on

2019-04-25 10:10:32 - [MESSAGE][PASSED] - Call Test Case 'Test Cases/s-sidebar_navigation/individualAccount/broadcast' successfully

2019-04-25 10:10:32 - [MESSAGE][PASSED] - Call Test Case 'Test Cases/s-sidebar_navigation/TeamAccount/Broadcasts' successfully

2019-04-25 10:10:32 - [TEST_STEP][PASSED] - click: Object: 'Object Repository/Page_KiboPush  Broadcast/span_Create New Broadcast' is clicked on

2019-04-25 10:10:33 - [MESSAGE][PASSED] - Object: 'Object Repository/Page_KiboPush  Broadcast/span_Create New Broadcast' is clicked on

2019-04-25 10:10:33 - [TEST_STEP][PASSED] - click: Object: 'Object Repository/Page_KiboPush  Broadcast/a_Create New Broadcast' is clicked on

2019-04-25 10:10:33 - [MESSAGE][PASSED] - Object: 'Object Repository/Page_KiboPush  Broadcast/a_Create New Broadcast' is clicked on

2019-04-25 10:10:33 - [TEST_STEP][PASSED] - delay: Delayed 1 second(s)

2019-04-25 10:10:34 - [MESSAGE][PASSED] - Delayed 1 second(s)

2019-04-25 10:10:34 - [TEST_STEP][PASSED] - click: Object: 'Object Repository/Page_KiboPush  Create Broadcast/div_Text_1' is clicked on

2019-04-25 10:10:34 - [MESSAGE][PASSED] - Object: 'Object Repository/Page_KiboPush  Create Broadcast/div_Text_1' is clicked on

2019-04-25 10:10:34 - [MESSAGE][PASSED] - Call Test Case 'Test Cases/Broadcasts/TC0131' successfully

2019-04-25 10:10:34 - [TEST_STEP][PASSED] - click: Object: 'Object Repository/Page_KiboPush  Create Broadcast/div_Text' is clicked on

2019-04-25 10:10:35 - [MESSAGE][PASSED] - Object: 'Object Repository/Page_KiboPush  Create Broadcast/div_Text' is clicked on

2019-04-25 10:10:35 - [TEST_STEP][PASSED] - click: Object: 'Object Repository/Page_KiboPush  Create Broadcast/button_Reset (1)' is clicked on

2019-04-25 10:10:35 - [MESSAGE][PASSED] - Object: 'Object Repository/Page_KiboPush  Create Broadcast/button_Reset (1)' is clicked on

2019-04-25 10:10:35 - [TEST_STEP][PASSED] - click: Object: 'Object Repository/Page_KiboPush  Create Broadcast/button_Yes' is clicked on

2019-04-25 10:10:35 - [MESSAGE][PASSED] - Object: 'Object Repository/Page_KiboPush  Create Broadcast/button_Yes' is clicked on]]></system-out>
         <system-err><![CDATA[]]></system-err>
      </testcase>
      <testcase name="Test Cases/Broadcasts/TC0204" classname="Test Cases/Broadcasts/TC0204" status="PASSED">
         <system-out><![CDATA[2019-04-25 10:10:35 - [TEST_CASE][PASSED] - Test Cases/Broadcasts/TC0204: Test Cases/Broadcasts/TC0204

2019-04-25 10:10:35 - [TEST_STEP][PASSED] - callTestCase: Call Test Case 'Test Cases/s-sidebar_navigation/individualAccount/arveen_production_login_kiboengage' successfully

2019-04-25 10:10:35 - [TEST_CASE][PASSED] - Test Cases/s-sidebar_navigation/individualAccount/arveen_production_login_kiboengage: Test Cases/s-sidebar_navigation/individualAccount/arveen_production_login_kiboengage

2019-04-25 10:10:35 - [TEST_STEP][PASSED] - openBrowser: Browser is opened with url: ''

2019-04-25 10:10:35 - [MESSAGE][WARNING] - A browser is already opened. Closing browser and opening a new one

2019-04-25 10:10:39 - [MESSAGE][PASSED] - Browser is opened with url: ''

2019-04-25 10:10:39 - [TEST_STEP][PASSED] - maximizeWindow: Current window maximized

2019-04-25 10:10:40 - [MESSAGE][PASSED] - Current window maximized

2019-04-25 10:10:40 - [TEST_STEP][PASSED] - navigateToUrl: Navigate to 'https://kiboengage.cloudkibo.com/' successfully

2019-04-25 10:10:51 - [MESSAGE][PASSED] - Navigate to 'https://kiboengage.cloudkibo.com/' successfully

2019-04-25 10:10:51 - [TEST_STEP][PASSED] - navigateToUrl: Navigate to 'https://accounts.cloudkibo.com/?continue=https://kiboengage.cloudkibo.com' successfully

2019-04-25 10:10:52 - [MESSAGE][PASSED] - Navigate to 'https://accounts.cloudkibo.com/?continue=https://kiboengage.cloudkibo.com' successfully

2019-04-25 10:10:52 - [TEST_STEP][PASSED] - click: Object: 'Object Repository/Page_CloudKibo/a_Login (2) (1) (1)' is clicked on

2019-04-25 10:10:53 - [MESSAGE][PASSED] - Object: 'Object Repository/Page_CloudKibo/a_Login (2) (1) (1)' is clicked on

2019-04-25 10:10:53 - [TEST_STEP][PASSED] - setText: Text 'individual@cloudkibo.com' is set on object 'Object Repository/Page_KiboPush/input_email (10) (1) (1)'

2019-04-25 10:10:53 - [MESSAGE][PASSED] - Text 'individual@cloudkibo.com' is set on object 'Object Repository/Page_KiboPush/input_email (10) (1) (1)'

2019-04-25 10:10:53 - [TEST_STEP][PASSED] - setEncryptedText: Text ****** has been set on object 'Object Repository/Page_CloudKibo/input_Sign In_password (7)'

2019-04-25 10:10:53 - [MESSAGE][PASSED] - Text ****** has been set on object 'Object Repository/Page_CloudKibo/input_Sign In_password (7)'

2019-04-25 10:10:53 - [TEST_STEP][PASSED] - click: Object: 'Object Repository/Page_KiboPush/button_Sign In (10) (1) (2)' is clicked on

2019-04-25 10:10:53 - [MESSAGE][PASSED] - Object: 'Object Repository/Page_KiboPush/button_Sign In (10) (1) (2)' is clicked on

2019-04-25 10:10:53 - [TEST_STEP][PASSED] - click: Object: 'Object Repository/Page_KiboPush  Dashboard/h3_Dashboard (57)' is clicked on

2019-04-25 10:11:13 - [MESSAGE][PASSED] - Object: 'Object Repository/Page_KiboPush  Dashboard/h3_Dashboard (57)' is clicked on

2019-04-25 10:11:13 - [TEST_STEP][PASSED] - delay: Delayed 3 second(s)

2019-04-25 10:11:16 - [MESSAGE][PASSED] - Delayed 3 second(s)

2019-04-25 10:11:16 - [TEST_STEP][PASSED] - click: Object: 'Object Repository/Page_KiboEngage  Dashboard/a_SMS (2) (1) (1) (1) (3)' is clicked on

2019-04-25 10:11:16 - [MESSAGE][PASSED] - Object: 'Object Repository/Page_KiboEngage  Dashboard/a_SMS (2) (1) (1) (1) (3)' is clicked on

2019-04-25 10:11:16 - [TEST_STEP][PASSED] - delay: Delayed 2 second(s)

2019-04-25 10:11:18 - [MESSAGE][PASSED] - Delayed 2 second(s)

2019-04-25 10:11:18 - [TEST_STEP][PASSED] - click: Object: 'Object Repository/Page_KiboEngage  Dashboard/span_Messenger (1) (1) (1) (3)' is clicked on

2019-04-25 10:11:18 - [MESSAGE][PASSED] - Object: 'Object Repository/Page_KiboEngage  Dashboard/span_Messenger (1) (1) (1) (3)' is clicked on

2019-04-25 10:11:18 - [TEST_STEP][PASSED] - delay: Delayed 2 second(s)

2019-04-25 10:11:20 - [MESSAGE][PASSED] - Delayed 2 second(s)

2019-04-25 10:11:20 - [MESSAGE][PASSED] - Call Test Case 'Test Cases/s-sidebar_navigation/individualAccount/arveen_production_login_kiboengage' successfully

2019-04-25 10:11:20 - [TEST_STEP][PASSED] - callTestCase: Call Test Case 'Test Cases/Broadcasts/open_broadcast' successfully

2019-04-25 10:11:20 - [TEST_CASE][PASSED] - Test Cases/Broadcasts/open_broadcast: Test Cases/Broadcasts/open_broadcast

2019-04-25 10:11:20 - [TEST_STEP][PASSED] - click: Object: 'Object Repository/Page_KiboPush  Dashboard/span_Broadcasting' is clicked on

2019-04-25 10:11:20 - [MESSAGE][PASSED] - Object: 'Object Repository/Page_KiboPush  Dashboard/span_Broadcasting' is clicked on

2019-04-25 10:11:20 - [TEST_STEP][PASSED] - delay: Delayed 2 second(s)

2019-04-25 10:11:22 - [MESSAGE][PASSED] - Delayed 2 second(s)

2019-04-25 10:11:22 - [MESSAGE][PASSED] - Call Test Case 'Test Cases/Broadcasts/open_broadcast' successfully

2019-04-25 10:11:22 - [TEST_STEP][PASSED] - callTestCase: Call Test Case 'Test Cases/Broadcasts/TC0131' successfully

2019-04-25 10:11:22 - [TEST_CASE][PASSED] - Test Cases/Broadcasts/TC0131: Test Cases/Broadcasts/TC0131

2019-04-25 10:11:22 - [TEST_STEP][PASSED] - callTestCase: Call Test Case 'Test Cases/s-sidebar_navigation/TeamAccount/Broadcasts' successfully

2019-04-25 10:11:22 - [TEST_CASE][PASSED] - Test Cases/s-sidebar_navigation/TeamAccount/Broadcasts: Test Cases/s-sidebar_navigation/TeamAccount/Broadcasts

2019-04-25 10:11:22 - [TEST_STEP][PASSED] - callTestCase: Call Test Case 'Test Cases/s-sidebar_navigation/individualAccount/broadcast' successfully

2019-04-25 10:11:22 - [TEST_CASE][PASSED] - Test Cases/s-sidebar_navigation/individualAccount/broadcast: Test Cases/s-sidebar_navigation/individualAccount/broadcast

2019-04-25 10:11:22 - [TEST_STEP][PASSED] - click: Object: 'Object Repository/Page_KiboPush  Dashboard/span_Polls' is clicked on

2019-04-25 10:11:23 - [MESSAGE][PASSED] - Object: 'Object Repository/Page_KiboPush  Dashboard/span_Polls' is clicked on

2019-04-25 10:11:23 - [TEST_STEP][PASSED] - delay: Delayed 1 second(s)

2019-04-25 10:11:24 - [MESSAGE][PASSED] - Delayed 1 second(s)

2019-04-25 10:11:24 - [TEST_STEP][PASSED] - click: Object: 'Object Repository/Page_KiboPush  Dashboard/span_Broadcasts' is clicked on

2019-04-25 10:11:24 - [MESSAGE][PASSED] - Object: 'Object Repository/Page_KiboPush  Dashboard/span_Broadcasts' is clicked on

2019-04-25 10:11:24 - [TEST_STEP][PASSED] - delay: Delayed 1 second(s)

2019-04-25 10:11:25 - [MESSAGE][PASSED] - Delayed 1 second(s)

2019-04-25 10:11:25 - [TEST_STEP][PASSED] - scrollToPosition: Browser is scrolled to position x = 0, y = 0

2019-04-25 10:11:25 - [MESSAGE][PASSED] - Browser is scrolled to position x = 0, y = 0

2019-04-25 10:11:25 - [TEST_STEP][PASSED] - click: Object: 'Object Repository/Page_KiboPush  Broadcast/h3_Manage Broadcasts' is clicked on

2019-04-25 10:11:25 - [MESSAGE][PASSED] - Object: 'Object Repository/Page_KiboPush  Broadcast/h3_Manage Broadcasts' is clicked on

2019-04-25 10:11:25 - [MESSAGE][PASSED] - Call Test Case 'Test Cases/s-sidebar_navigation/individualAccount/broadcast' successfully

2019-04-25 10:11:25 - [MESSAGE][PASSED] - Call Test Case 'Test Cases/s-sidebar_navigation/TeamAccount/Broadcasts' successfully

2019-04-25 10:11:25 - [TEST_STEP][PASSED] - click: Object: 'Object Repository/Page_KiboPush  Broadcast/span_Create New Broadcast' is clicked on

2019-04-25 10:11:26 - [MESSAGE][PASSED] - Object: 'Object Repository/Page_KiboPush  Broadcast/span_Create New Broadcast' is clicked on

2019-04-25 10:11:26 - [TEST_STEP][PASSED] - click: Object: 'Object Repository/Page_KiboPush  Broadcast/a_Create New Broadcast' is clicked on

2019-04-25 10:11:26 - [MESSAGE][PASSED] - Object: 'Object Repository/Page_KiboPush  Broadcast/a_Create New Broadcast' is clicked on

2019-04-25 10:11:26 - [TEST_STEP][PASSED] - delay: Delayed 1 second(s)

2019-04-25 10:11:27 - [MESSAGE][PASSED] - Delayed 1 second(s)

2019-04-25 10:11:27 - [TEST_STEP][PASSED] - click: Object: 'Object Repository/Page_KiboPush  Create Broadcast/div_Text_1' is clicked on

2019-04-25 10:11:28 - [MESSAGE][PASSED] - Object: 'Object Repository/Page_KiboPush  Create Broadcast/div_Text_1' is clicked on

2019-04-25 10:11:28 - [MESSAGE][PASSED] - Call Test Case 'Test Cases/Broadcasts/TC0131' successfully

2019-04-25 10:11:28 - [TEST_STEP][PASSED] - click: Object: 'Object Repository/Page_KiboPush  Create Broadcast/div_Text' is clicked on

2019-04-25 10:11:28 - [MESSAGE][PASSED] - Object: 'Object Repository/Page_KiboPush  Create Broadcast/div_Text' is clicked on

2019-04-25 10:11:28 - [TEST_STEP][PASSED] - setText: Text 'X' is set on object 'Object Repository/Page_KiboPush  Create Broadcast/text_component'

2019-04-25 10:11:28 - [MESSAGE][PASSED] - Text 'X' is set on object 'Object Repository/Page_KiboPush  Create Broadcast/text_component'

2019-04-25 10:11:28 - [TEST_STEP][PASSED] - setText: Text 'XY' is set on object 'Object Repository/Page_KiboPush  Create Broadcast/textarea_X'

2019-04-25 10:11:28 - [MESSAGE][PASSED] - Text 'XY' is set on object 'Object Repository/Page_KiboPush  Create Broadcast/textarea_X'

2019-04-25 10:11:28 - [TEST_STEP][PASSED] - setText: Text 'XYZ' is set on object 'Object Repository/Page_KiboPush  Create Broadcast/textarea_XY'

2019-04-25 10:11:28 - [MESSAGE][PASSED] - Text 'XYZ' is set on object 'Object Repository/Page_KiboPush  Create Broadcast/textarea_XY']]></system-out>
         <system-err><![CDATA[]]></system-err>
      </testcase>
      <testcase name="Test Cases/Broadcasts/TC0684" classname="Test Cases/Broadcasts/TC0684" status="PASSED">
         <system-out><![CDATA[2019-04-25 10:11:28 - [TEST_CASE][PASSED] - Test Cases/Broadcasts/TC0684: Test Cases/Broadcasts/TC0684

2019-04-25 10:11:29 - [TEST_STEP][PASSED] - callTestCase: Call Test Case 'Test Cases/s-sidebar_navigation/TeamAccount/Broadcasts' successfully

2019-04-25 10:11:29 - [TEST_CASE][PASSED] - Test Cases/s-sidebar_navigation/TeamAccount/Broadcasts: Test Cases/s-sidebar_navigation/TeamAccount/Broadcasts

2019-04-25 10:11:29 - [TEST_STEP][PASSED] - callTestCase: Call Test Case 'Test Cases/s-sidebar_navigation/individualAccount/broadcast' successfully

2019-04-25 10:11:29 - [TEST_CASE][PASSED] - Test Cases/s-sidebar_navigation/individualAccount/broadcast: Test Cases/s-sidebar_navigation/individualAccount/broadcast

2019-04-25 10:11:29 - [TEST_STEP][PASSED] - click: Object: 'Object Repository/Page_KiboPush  Dashboard/span_Polls' is clicked on

2019-04-25 10:11:29 - [MESSAGE][PASSED] - Object: 'Object Repository/Page_KiboPush  Dashboard/span_Polls' is clicked on

2019-04-25 10:11:29 - [TEST_STEP][PASSED] - delay: Delayed 1 second(s)

2019-04-25 10:11:30 - [MESSAGE][PASSED] - Delayed 1 second(s)

2019-04-25 10:11:30 - [TEST_STEP][PASSED] - click: Object: 'Object Repository/Page_KiboPush  Dashboard/span_Broadcasts' is clicked on

2019-04-25 10:11:30 - [MESSAGE][PASSED] - Object: 'Object Repository/Page_KiboPush  Dashboard/span_Broadcasts' is clicked on

2019-04-25 10:11:30 - [TEST_STEP][PASSED] - delay: Delayed 1 second(s)

2019-04-25 10:11:31 - [MESSAGE][PASSED] - Delayed 1 second(s)

2019-04-25 10:11:31 - [TEST_STEP][PASSED] - scrollToPosition: Browser is scrolled to position x = 0, y = 0

2019-04-25 10:11:31 - [MESSAGE][PASSED] - Browser is scrolled to position x = 0, y = 0

2019-04-25 10:11:31 - [TEST_STEP][PASSED] - click: Object: 'Object Repository/Page_KiboPush  Broadcast/h3_Manage Broadcasts' is clicked on

2019-04-25 10:11:31 - [MESSAGE][PASSED] - Object: 'Object Repository/Page_KiboPush  Broadcast/h3_Manage Broadcasts' is clicked on

2019-04-25 10:11:31 - [MESSAGE][PASSED] - Call Test Case 'Test Cases/s-sidebar_navigation/individualAccount/broadcast' successfully

2019-04-25 10:11:31 - [MESSAGE][PASSED] - Call Test Case 'Test Cases/s-sidebar_navigation/TeamAccount/Broadcasts' successfully

2019-04-25 10:11:31 - [TEST_STEP][PASSED] - click: Object: 'Object Repository/Page_KiboPush  Broadcast/span_Create New Broadcast' is clicked on

2019-04-25 10:11:32 - [MESSAGE][PASSED] - Object: 'Object Repository/Page_KiboPush  Broadcast/span_Create New Broadcast' is clicked on

2019-04-25 10:11:32 - [TEST_STEP][PASSED] - click: Object: 'Object Repository/Page_KiboPush  Broadcast/a_Create New Broadcast' is clicked on

2019-04-25 10:11:32 - [MESSAGE][PASSED] - Object: 'Object Repository/Page_KiboPush  Broadcast/a_Create New Broadcast' is clicked on

2019-04-25 10:11:32 - [TEST_STEP][PASSED] - delay: Delayed 1 second(s)

2019-04-25 10:11:33 - [MESSAGE][PASSED] - Delayed 1 second(s)

2019-04-25 10:11:33 - [TEST_STEP][PASSED] - click: Object: 'Object Repository/Page_KiboPush  Create Broadcast/div_List' is clicked on

2019-04-25 10:11:34 - [MESSAGE][PASSED] - Object: 'Object Repository/Page_KiboPush  Create Broadcast/div_List' is clicked on

2019-04-25 10:11:34 - [TEST_STEP][PASSED] - delay: Delayed 1 second(s)

2019-04-25 10:11:35 - [MESSAGE][PASSED] - Delayed 1 second(s)

2019-04-25 10:11:35 - [TEST_STEP][PASSED] - click: Object: 'Object Repository/Page_KiboPush  Create Broadcast/div_ Add Button  Add Action' is clicked on

2019-04-25 10:11:35 - [MESSAGE][PASSED] - Object: 'Object Repository/Page_KiboPush  Create Broadcast/div_ Add Button  Add Action' is clicked on

2019-04-25 10:11:35 - [TEST_STEP][PASSED] - delay: Delayed 2 second(s)

2019-04-25 10:11:37 - [MESSAGE][PASSED] - Delayed 2 second(s)]]></system-out>
         <system-err><![CDATA[]]></system-err>
      </testcase>
      <testcase name="Test Cases/Broadcasts/TC0685" classname="Test Cases/Broadcasts/TC0685" status="PASSED">
         <system-out><![CDATA[2019-04-25 10:11:37 - [TEST_CASE][PASSED] - Test Cases/Broadcasts/TC0685: Test Cases/Broadcasts/TC0685

2019-04-25 10:11:37 - [TEST_STEP][PASSED] - callTestCase: Call Test Case 'Test Cases/Broadcasts/TC0684' successfully

2019-04-25 10:11:37 - [TEST_CASE][PASSED] - Test Cases/Broadcasts/TC0684: Test Cases/Broadcasts/TC0684

2019-04-25 10:11:37 - [TEST_STEP][PASSED] - callTestCase: Call Test Case 'Test Cases/s-sidebar_navigation/TeamAccount/Broadcasts' successfully

2019-04-25 10:11:37 - [TEST_CASE][PASSED] - Test Cases/s-sidebar_navigation/TeamAccount/Broadcasts: Test Cases/s-sidebar_navigation/TeamAccount/Broadcasts

2019-04-25 10:11:37 - [TEST_STEP][PASSED] - callTestCase: Call Test Case 'Test Cases/s-sidebar_navigation/individualAccount/broadcast' successfully

2019-04-25 10:11:37 - [TEST_CASE][PASSED] - Test Cases/s-sidebar_navigation/individualAccount/broadcast: Test Cases/s-sidebar_navigation/individualAccount/broadcast

2019-04-25 10:11:37 - [TEST_STEP][PASSED] - click: Object: 'Object Repository/Page_KiboPush  Dashboard/span_Polls' is clicked on

2019-04-25 10:11:37 - [MESSAGE][PASSED] - Object: 'Object Repository/Page_KiboPush  Dashboard/span_Polls' is clicked on

2019-04-25 10:11:37 - [TEST_STEP][PASSED] - delay: Delayed 1 second(s)

2019-04-25 10:11:38 - [MESSAGE][PASSED] - Delayed 1 second(s)

2019-04-25 10:11:38 - [TEST_STEP][PASSED] - click: Object: 'Object Repository/Page_KiboPush  Dashboard/span_Broadcasts' is clicked on

2019-04-25 10:11:39 - [MESSAGE][PASSED] - Object: 'Object Repository/Page_KiboPush  Dashboard/span_Broadcasts' is clicked on

2019-04-25 10:11:39 - [TEST_STEP][PASSED] - delay: Delayed 1 second(s)

2019-04-25 10:11:40 - [MESSAGE][PASSED] - Delayed 1 second(s)

2019-04-25 10:11:40 - [TEST_STEP][PASSED] - scrollToPosition: Browser is scrolled to position x = 0, y = 0

2019-04-25 10:11:40 - [MESSAGE][PASSED] - Browser is scrolled to position x = 0, y = 0

2019-04-25 10:11:40 - [TEST_STEP][PASSED] - click: Object: 'Object Repository/Page_KiboPush  Broadcast/h3_Manage Broadcasts' is clicked on

2019-04-25 10:11:40 - [MESSAGE][PASSED] - Object: 'Object Repository/Page_KiboPush  Broadcast/h3_Manage Broadcasts' is clicked on

2019-04-25 10:11:40 - [MESSAGE][PASSED] - Call Test Case 'Test Cases/s-sidebar_navigation/individualAccount/broadcast' successfully

2019-04-25 10:11:40 - [MESSAGE][PASSED] - Call Test Case 'Test Cases/s-sidebar_navigation/TeamAccount/Broadcasts' successfully

2019-04-25 10:11:40 - [TEST_STEP][PASSED] - click: Object: 'Object Repository/Page_KiboPush  Broadcast/span_Create New Broadcast' is clicked on

2019-04-25 10:11:40 - [MESSAGE][PASSED] - Object: 'Object Repository/Page_KiboPush  Broadcast/span_Create New Broadcast' is clicked on

2019-04-25 10:11:40 - [TEST_STEP][PASSED] - click: Object: 'Object Repository/Page_KiboPush  Broadcast/a_Create New Broadcast' is clicked on

2019-04-25 10:11:41 - [MESSAGE][PASSED] - Object: 'Object Repository/Page_KiboPush  Broadcast/a_Create New Broadcast' is clicked on

2019-04-25 10:11:41 - [TEST_STEP][PASSED] - delay: Delayed 1 second(s)

2019-04-25 10:11:42 - [MESSAGE][PASSED] - Delayed 1 second(s)

2019-04-25 10:11:42 - [TEST_STEP][PASSED] - click: Object: 'Object Repository/Page_KiboPush  Create Broadcast/div_List' is clicked on

2019-04-25 10:11:42 - [MESSAGE][PASSED] - Object: 'Object Repository/Page_KiboPush  Create Broadcast/div_List' is clicked on

2019-04-25 10:11:42 - [TEST_STEP][PASSED] - delay: Delayed 1 second(s)

2019-04-25 10:11:43 - [MESSAGE][PASSED] - Delayed 1 second(s)

2019-04-25 10:11:43 - [TEST_STEP][PASSED] - click: Object: 'Object Repository/Page_KiboPush  Create Broadcast/div_ Add Button  Add Action' is clicked on

2019-04-25 10:11:43 - [MESSAGE][PASSED] - Object: 'Object Repository/Page_KiboPush  Create Broadcast/div_ Add Button  Add Action' is clicked on

2019-04-25 10:11:43 - [TEST_STEP][PASSED] - delay: Delayed 2 second(s)

2019-04-25 10:11:45 - [MESSAGE][PASSED] - Delayed 2 second(s)

2019-04-25 10:11:45 - [MESSAGE][PASSED] - Call Test Case 'Test Cases/Broadcasts/TC0684' successfully

2019-04-25 10:11:45 - [TEST_STEP][PASSED] - click: Object: 'Object Repository/Page_KiboPush  Create Broadcast/i_fa fa-times fa-stack-2x' is clicked on

2019-04-25 10:11:45 - [MESSAGE][PASSED] - Object: 'Object Repository/Page_KiboPush  Create Broadcast/i_fa fa-times fa-stack-2x' is clicked on

2019-04-25 10:11:45 - [TEST_STEP][PASSED] - verifyElementNotPresent: Web element with id: 'Object Repository/Page_KiboPush  Create Broadcast/div_ Add Button  Add Action' located by 'By.xpath: //div[(text() = ' + Add Button  Add Action' or . = ' + Add Button  Add Action')]' is not present after '5' second(s)

2019-04-25 10:11:45 - [MESSAGE][PASSED] - Web element with id: 'Object Repository/Page_KiboPush  Create Broadcast/div_ Add Button  Add Action' located by 'By.xpath: //div[(text() = ' + Add Button  Add Action' or . = ' + Add Button  Add Action')]' is not present after '5' second(s)]]></system-out>
         <system-err><![CDATA[]]></system-err>
      </testcase>
      <testcase name="Test Cases/Broadcasts/TC0686" classname="Test Cases/Broadcasts/TC0686" status="FAILED">
         <failure type="FAILED" message="Unable to click on object 'Object Repository/Page_KiboPush  Create Broadcast/i_fa fa-times-circle-o (1)' (Root cause: org.openqa.selenium.InvalidSelectorException: invalid selector: Unable to locate an element with the xpath expression  because of the following error:
SyntaxError: Failed to execute 'evaluate' on 'Document': The string '' is not a valid XPath expression.
  (Session info: chrome=73.0.3683.103)
  (Driver info: chromedriver=2.35.528161 (5b82f2d2aae0ca24b877009200ced9065a772e73),platform=Windows NT 10.0.17134 x86_64) (WARNING: The server did not provide any stacktrace information)
Command duration or timeout: 0 milliseconds
For documentation on this error, please visit: http://seleniumhq.org/exceptions/invalid_selector_exception.html
Build info: version: '3.7.1', revision: '8a0099a', time: '2017-11-06T21:07:36.161Z'
System info: host: 'DESKTOP-4M6R1V0', ip: '10.0.2.15', os.name: 'Windows 10', os.arch: 'amd64', os.version: '10.0', java.version: '1.8.0_181'
Driver info: com.kms.katalon.selenium.driver.CChromeDriver
Capabilities {acceptInsecureCerts: false, acceptSslCerts: false, applicationCacheEnabled: false, browserConnectionEnabled: false, browserName: chrome, chrome: {chromedriverVersion: 2.35.528161 (5b82f2d2aae0ca..., userDataDir: C:\Users\CLOUDK~1\AppData\L...}, cssSelectorsEnabled: true, databaseEnabled: false, handlesAlerts: true, hasTouchScreen: false, javascriptEnabled: true, locationContextEnabled: true, mobileEmulationEnabled: false, nativeEvents: true, networkConnectionEnabled: false, pageLoadStrategy: normal, platform: XP, platformName: XP, rotatable: false, setWindowRect: true, takesHeapSnapshot: true, takesScreenshot: true, unexpectedAlertBehaviour: , unhandledPromptBehavior: , version: 73.0.3683.103, webStorageEnabled: true}
Session ID: 280eb5b00fc8e46d69ed1d67ea059d13
*** Element info: {Using=xpath, value=})"/>
         <system-out><![CDATA[2019-04-25 10:11:45 - [TEST_CASE][FAILED] - Test Cases/Broadcasts/TC0686: Test Cases/Broadcasts/TC0686 FAILED because (of) Unable to click on object 'Object Repository/Page_KiboPush  Create Broadcast/i_fa fa-times-circle-o (1)' (Root cause: org.openqa.selenium.InvalidSelectorException: invalid selector: Unable to locate an element with the xpath expression  because of the following error:
SyntaxError: Failed to execute 'evaluate' on 'Document': The string '' is not a valid XPath expression.
  (Session info: chrome=73.0.3683.103)
  (Driver info: chromedriver=2.35.528161 (5b82f2d2aae0ca24b877009200ced9065a772e73),platform=Windows NT 10.0.17134 x86_64) (WARNING: The server did not provide any stacktrace information)
Command duration or timeout: 0 milliseconds
For documentation on this error, please visit: http://seleniumhq.org/exceptions/invalid_selector_exception.html
Build info: version: '3.7.1', revision: '8a0099a', time: '2017-11-06T21:07:36.161Z'
System info: host: 'DESKTOP-4M6R1V0', ip: '10.0.2.15', os.name: 'Windows 10', os.arch: 'amd64', os.version: '10.0', java.version: '1.8.0_181'
Driver info: com.kms.katalon.selenium.driver.CChromeDriver
Capabilities {acceptInsecureCerts: false, acceptSslCerts: false, applicationCacheEnabled: false, browserConnectionEnabled: false, browserName: chrome, chrome: {chromedriverVersion: 2.35.528161 (5b82f2d2aae0ca..., userDataDir: C:\Users\CLOUDK~1\AppData\L...}, cssSelectorsEnabled: true, databaseEnabled: false, handlesAlerts: true, hasTouchScreen: false, javascriptEnabled: true, locationContextEnabled: true, mobileEmulationEnabled: false, nativeEvents: true, networkConnectionEnabled: false, pageLoadStrategy: normal, platform: XP, platformName: XP, rotatable: false, setWindowRect: true, takesHeapSnapshot: true, takesScreenshot: true, unexpectedAlertBehaviour: , unhandledPromptBehavior: , version: 73.0.3683.103, webStorageEnabled: true}
Session ID: 280eb5b00fc8e46d69ed1d67ea059d13
*** Element info: {Using=xpath, value=})

2019-04-25 10:11:45 - [TEST_STEP][PASSED] - callTestCase: Call Test Case 'Test Cases/Broadcasts/TC0684' successfully

2019-04-25 10:11:45 - [TEST_CASE][PASSED] - Test Cases/Broadcasts/TC0684: Test Cases/Broadcasts/TC0684

2019-04-25 10:11:45 - [TEST_STEP][PASSED] - callTestCase: Call Test Case 'Test Cases/s-sidebar_navigation/TeamAccount/Broadcasts' successfully

2019-04-25 10:11:45 - [TEST_CASE][PASSED] - Test Cases/s-sidebar_navigation/TeamAccount/Broadcasts: Test Cases/s-sidebar_navigation/TeamAccount/Broadcasts

2019-04-25 10:11:46 - [TEST_STEP][PASSED] - callTestCase: Call Test Case 'Test Cases/s-sidebar_navigation/individualAccount/broadcast' successfully

2019-04-25 10:11:46 - [TEST_CASE][PASSED] - Test Cases/s-sidebar_navigation/individualAccount/broadcast: Test Cases/s-sidebar_navigation/individualAccount/broadcast

2019-04-25 10:11:46 - [TEST_STEP][PASSED] - click: Object: 'Object Repository/Page_KiboPush  Dashboard/span_Polls' is clicked on

2019-04-25 10:11:46 - [MESSAGE][PASSED] - Object: 'Object Repository/Page_KiboPush  Dashboard/span_Polls' is clicked on

2019-04-25 10:11:46 - [TEST_STEP][PASSED] - delay: Delayed 1 second(s)

2019-04-25 10:11:47 - [MESSAGE][PASSED] - Delayed 1 second(s)

2019-04-25 10:11:47 - [TEST_STEP][PASSED] - click: Object: 'Object Repository/Page_KiboPush  Dashboard/span_Broadcasts' is clicked on

2019-04-25 10:11:47 - [MESSAGE][PASSED] - Object: 'Object Repository/Page_KiboPush  Dashboard/span_Broadcasts' is clicked on

2019-04-25 10:11:47 - [TEST_STEP][PASSED] - delay: Delayed 1 second(s)

2019-04-25 10:11:48 - [MESSAGE][PASSED] - Delayed 1 second(s)

2019-04-25 10:11:48 - [TEST_STEP][PASSED] - scrollToPosition: Browser is scrolled to position x = 0, y = 0

2019-04-25 10:11:48 - [MESSAGE][PASSED] - Browser is scrolled to position x = 0, y = 0

2019-04-25 10:11:48 - [TEST_STEP][PASSED] - click: Object: 'Object Repository/Page_KiboPush  Broadcast/h3_Manage Broadcasts' is clicked on

2019-04-25 10:11:48 - [MESSAGE][PASSED] - Object: 'Object Repository/Page_KiboPush  Broadcast/h3_Manage Broadcasts' is clicked on

2019-04-25 10:11:48 - [MESSAGE][PASSED] - Call Test Case 'Test Cases/s-sidebar_navigation/individualAccount/broadcast' successfully

2019-04-25 10:11:48 - [MESSAGE][PASSED] - Call Test Case 'Test Cases/s-sidebar_navigation/TeamAccount/Broadcasts' successfully

2019-04-25 10:11:48 - [TEST_STEP][PASSED] - click: Object: 'Object Repository/Page_KiboPush  Broadcast/span_Create New Broadcast' is clicked on

2019-04-25 10:11:48 - [MESSAGE][PASSED] - Object: 'Object Repository/Page_KiboPush  Broadcast/span_Create New Broadcast' is clicked on

2019-04-25 10:11:48 - [TEST_STEP][PASSED] - click: Object: 'Object Repository/Page_KiboPush  Broadcast/a_Create New Broadcast' is clicked on

2019-04-25 10:11:49 - [MESSAGE][PASSED] - Object: 'Object Repository/Page_KiboPush  Broadcast/a_Create New Broadcast' is clicked on

2019-04-25 10:11:49 - [TEST_STEP][PASSED] - delay: Delayed 1 second(s)

2019-04-25 10:11:50 - [MESSAGE][PASSED] - Delayed 1 second(s)

2019-04-25 10:11:50 - [TEST_STEP][PASSED] - click: Object: 'Object Repository/Page_KiboPush  Create Broadcast/div_List' is clicked on

2019-04-25 10:11:50 - [MESSAGE][PASSED] - Object: 'Object Repository/Page_KiboPush  Create Broadcast/div_List' is clicked on

2019-04-25 10:11:50 - [TEST_STEP][PASSED] - delay: Delayed 1 second(s)

2019-04-25 10:11:51 - [MESSAGE][PASSED] - Delayed 1 second(s)

2019-04-25 10:11:51 - [TEST_STEP][PASSED] - click: Object: 'Object Repository/Page_KiboPush  Create Broadcast/div_ Add Button  Add Action' is clicked on

2019-04-25 10:11:51 - [MESSAGE][PASSED] - Object: 'Object Repository/Page_KiboPush  Create Broadcast/div_ Add Button  Add Action' is clicked on

2019-04-25 10:11:51 - [TEST_STEP][PASSED] - delay: Delayed 2 second(s)

2019-04-25 10:11:53 - [MESSAGE][PASSED] - Delayed 2 second(s)

2019-04-25 10:11:53 - [MESSAGE][PASSED] - Call Test Case 'Test Cases/Broadcasts/TC0684' successfully

2019-04-25 10:11:53 - [TEST_STEP][PASSED] - delay: Delayed 2 second(s)

2019-04-25 10:11:55 - [MESSAGE][PASSED] - Delayed 2 second(s)

2019-04-25 10:11:55 - [TEST_STEP][PASSED] - scrollToPosition: Browser is scrolled to position x = 0, y = 0

2019-04-25 10:11:55 - [MESSAGE][PASSED] - Browser is scrolled to position x = 0, y = 0

2019-04-25 10:11:55 - [TEST_STEP][FAILED] - click: Unable to click on object 'Object Repository/Page_KiboPush  Create Broadcast/i_fa fa-times-circle-o (1)' (Root cause: org.openqa.selenium.InvalidSelectorException: invalid selector: Unable to locate an element with the xpath expression  because of the following error:
SyntaxError: Failed to execute 'evaluate' on 'Document': The string '' is not a valid XPath expression.
  (Session info: chrome=73.0.3683.103)
  (Driver info: chromedriver=2.35.528161 (5b82f2d2aae0ca24b877009200ced9065a772e73),platform=Windows NT 10.0.17134 x86_64) (WARNING: The server did not provide any stacktrace information)
Command duration or timeout: 0 milliseconds
For documentation on this error, please visit: http://seleniumhq.org/exceptions/invalid_selector_exception.html
Build info: version: '3.7.1', revision: '8a0099a', time: '2017-11-06T21:07:36.161Z'
System info: host: 'DESKTOP-4M6R1V0', ip: '10.0.2.15', os.name: 'Windows 10', os.arch: 'amd64', os.version: '10.0', java.version: '1.8.0_181'
Driver info: com.kms.katalon.selenium.driver.CChromeDriver
Capabilities {acceptInsecureCerts: false, acceptSslCerts: false, applicationCacheEnabled: false, browserConnectionEnabled: false, browserName: chrome, chrome: {chromedriverVersion: 2.35.528161 (5b82f2d2aae0ca..., userDataDir: C:\Users\CLOUDK~1\AppData\L...}, cssSelectorsEnabled: true, databaseEnabled: false, handlesAlerts: true, hasTouchScreen: false, javascriptEnabled: true, locationContextEnabled: true, mobileEmulationEnabled: false, nativeEvents: true, networkConnectionEnabled: false, pageLoadStrategy: normal, platform: XP, platformName: XP, rotatable: false, setWindowRect: true, takesHeapSnapshot: true, takesScreenshot: true, unexpectedAlertBehaviour: , unhandledPromptBehavior: , version: 73.0.3683.103, webStorageEnabled: true}
Session ID: 280eb5b00fc8e46d69ed1d67ea059d13
*** Element info: {Using=xpath, value=})

2019-04-25 10:12:27 - [MESSAGE][FAILED] - Unable to click on object 'Object Repository/Page_KiboPush  Create Broadcast/i_fa fa-times-circle-o (1)' (Root cause: org.openqa.selenium.InvalidSelectorException: invalid selector: Unable to locate an element with the xpath expression  because of the following error:
SyntaxError: Failed to execute 'evaluate' on 'Document': The string '' is not a valid XPath expression.
  (Session info: chrome=73.0.3683.103)
  (Driver info: chromedriver=2.35.528161 (5b82f2d2aae0ca24b877009200ced9065a772e73),platform=Windows NT 10.0.17134 x86_64) (WARNING: The server did not provide any stacktrace information)
Command duration or timeout: 0 milliseconds
For documentation on this error, please visit: http://seleniumhq.org/exceptions/invalid_selector_exception.html
Build info: version: '3.7.1', revision: '8a0099a', time: '2017-11-06T21:07:36.161Z'
System info: host: 'DESKTOP-4M6R1V0', ip: '10.0.2.15', os.name: 'Windows 10', os.arch: 'amd64', os.version: '10.0', java.version: '1.8.0_181'
Driver info: com.kms.katalon.selenium.driver.CChromeDriver
Capabilities {acceptInsecureCerts: false, acceptSslCerts: false, applicationCacheEnabled: false, browserConnectionEnabled: false, browserName: chrome, chrome: {chromedriverVersion: 2.35.528161 (5b82f2d2aae0ca..., userDataDir: C:\Users\CLOUDK~1\AppData\L...}, cssSelectorsEnabled: true, databaseEnabled: false, handlesAlerts: true, hasTouchScreen: false, javascriptEnabled: true, locationContextEnabled: true, mobileEmulationEnabled: false, nativeEvents: true, networkConnectionEnabled: false, pageLoadStrategy: normal, platform: XP, platformName: XP, rotatable: false, setWindowRect: true, takesHeapSnapshot: true, takesScreenshot: true, unexpectedAlertBehaviour: , unhandledPromptBehavior: , version: 73.0.3683.103, webStorageEnabled: true}
Session ID: 280eb5b00fc8e46d69ed1d67ea059d13
*** Element info: {Using=xpath, value=})
[[ATTACHMENT|C:\\Users\\cloudkibo\\Desktop\\KiboPush_Automated_Testing\\KiboPush Katalon\\Reports\\broadcast\\20190425_094940\\1556169147229.png]]]]></system-out>
         <system-err><![CDATA[2019-04-25 10:11:45 - [TEST_CASE][FAILED] - Test Cases/Broadcasts/TC0686: Test Cases/Broadcasts/TC0686 FAILED because (of) Unable to click on object 'Object Repository/Page_KiboPush  Create Broadcast/i_fa fa-times-circle-o (1)' (Root cause: org.openqa.selenium.InvalidSelectorException: invalid selector: Unable to locate an element with the xpath expression  because of the following error:
SyntaxError: Failed to execute 'evaluate' on 'Document': The string '' is not a valid XPath expression.
  (Session info: chrome=73.0.3683.103)
  (Driver info: chromedriver=2.35.528161 (5b82f2d2aae0ca24b877009200ced9065a772e73),platform=Windows NT 10.0.17134 x86_64) (WARNING: The server did not provide any stacktrace information)
Command duration or timeout: 0 milliseconds
For documentation on this error, please visit: http://seleniumhq.org/exceptions/invalid_selector_exception.html
Build info: version: '3.7.1', revision: '8a0099a', time: '2017-11-06T21:07:36.161Z'
System info: host: 'DESKTOP-4M6R1V0', ip: '10.0.2.15', os.name: 'Windows 10', os.arch: 'amd64', os.version: '10.0', java.version: '1.8.0_181'
Driver info: com.kms.katalon.selenium.driver.CChromeDriver
Capabilities {acceptInsecureCerts: false, acceptSslCerts: false, applicationCacheEnabled: false, browserConnectionEnabled: false, browserName: chrome, chrome: {chromedriverVersion: 2.35.528161 (5b82f2d2aae0ca..., userDataDir: C:\Users\CLOUDK~1\AppData\L...}, cssSelectorsEnabled: true, databaseEnabled: false, handlesAlerts: true, hasTouchScreen: false, javascriptEnabled: true, locationContextEnabled: true, mobileEmulationEnabled: false, nativeEvents: true, networkConnectionEnabled: false, pageLoadStrategy: normal, platform: XP, platformName: XP, rotatable: false, setWindowRect: true, takesHeapSnapshot: true, takesScreenshot: true, unexpectedAlertBehaviour: , unhandledPromptBehavior: , version: 73.0.3683.103, webStorageEnabled: true}
Session ID: 280eb5b00fc8e46d69ed1d67ea059d13
*** Element info: {Using=xpath, value=})]]></system-err>
      </testcase>
      <testcase name="Test Cases/Broadcasts/TC0687" classname="Test Cases/Broadcasts/TC0687" status="PASSED">
         <system-out><![CDATA[2019-04-25 10:12:27 - [TEST_CASE][PASSED] - Test Cases/Broadcasts/TC0687: Test Cases/Broadcasts/TC0687

2019-04-25 10:12:27 - [TEST_STEP][PASSED] - callTestCase: Call Test Case 'Test Cases/Broadcasts/TC0684' successfully

2019-04-25 10:12:27 - [TEST_CASE][PASSED] - Test Cases/Broadcasts/TC0684: Test Cases/Broadcasts/TC0684

2019-04-25 10:12:27 - [TEST_STEP][PASSED] - callTestCase: Call Test Case 'Test Cases/s-sidebar_navigation/TeamAccount/Broadcasts' successfully

2019-04-25 10:12:27 - [TEST_CASE][PASSED] - Test Cases/s-sidebar_navigation/TeamAccount/Broadcasts: Test Cases/s-sidebar_navigation/TeamAccount/Broadcasts

2019-04-25 10:12:27 - [TEST_STEP][PASSED] - callTestCase: Call Test Case 'Test Cases/s-sidebar_navigation/individualAccount/broadcast' successfully

2019-04-25 10:12:27 - [TEST_CASE][PASSED] - Test Cases/s-sidebar_navigation/individualAccount/broadcast: Test Cases/s-sidebar_navigation/individualAccount/broadcast

2019-04-25 10:12:27 - [TEST_STEP][PASSED] - click: Object: 'Object Repository/Page_KiboPush  Dashboard/span_Polls' is clicked on

2019-04-25 10:12:28 - [MESSAGE][PASSED] - Object: 'Object Repository/Page_KiboPush  Dashboard/span_Polls' is clicked on

2019-04-25 10:12:28 - [TEST_STEP][PASSED] - delay: Delayed 1 second(s)

2019-04-25 10:12:29 - [MESSAGE][PASSED] - Delayed 1 second(s)

2019-04-25 10:12:29 - [TEST_STEP][PASSED] - click: Object: 'Object Repository/Page_KiboPush  Dashboard/span_Broadcasts' is clicked on

2019-04-25 10:12:29 - [MESSAGE][PASSED] - Object: 'Object Repository/Page_KiboPush  Dashboard/span_Broadcasts' is clicked on

2019-04-25 10:12:29 - [TEST_STEP][PASSED] - delay: Delayed 1 second(s)

2019-04-25 10:12:30 - [MESSAGE][PASSED] - Delayed 1 second(s)

2019-04-25 10:12:30 - [TEST_STEP][PASSED] - scrollToPosition: Browser is scrolled to position x = 0, y = 0

2019-04-25 10:12:30 - [MESSAGE][PASSED] - Browser is scrolled to position x = 0, y = 0

2019-04-25 10:12:30 - [TEST_STEP][PASSED] - click: Object: 'Object Repository/Page_KiboPush  Broadcast/h3_Manage Broadcasts' is clicked on

2019-04-25 10:12:30 - [MESSAGE][PASSED] - Object: 'Object Repository/Page_KiboPush  Broadcast/h3_Manage Broadcasts' is clicked on

2019-04-25 10:12:30 - [MESSAGE][PASSED] - Call Test Case 'Test Cases/s-sidebar_navigation/individualAccount/broadcast' successfully

2019-04-25 10:12:30 - [MESSAGE][PASSED] - Call Test Case 'Test Cases/s-sidebar_navigation/TeamAccount/Broadcasts' successfully

2019-04-25 10:12:30 - [TEST_STEP][PASSED] - click: Object: 'Object Repository/Page_KiboPush  Broadcast/span_Create New Broadcast' is clicked on

2019-04-25 10:12:31 - [MESSAGE][PASSED] - Object: 'Object Repository/Page_KiboPush  Broadcast/span_Create New Broadcast' is clicked on

2019-04-25 10:12:31 - [TEST_STEP][PASSED] - click: Object: 'Object Repository/Page_KiboPush  Broadcast/a_Create New Broadcast' is clicked on

2019-04-25 10:12:31 - [MESSAGE][PASSED] - Object: 'Object Repository/Page_KiboPush  Broadcast/a_Create New Broadcast' is clicked on

2019-04-25 10:12:31 - [TEST_STEP][PASSED] - delay: Delayed 1 second(s)

2019-04-25 10:12:32 - [MESSAGE][PASSED] - Delayed 1 second(s)

2019-04-25 10:12:32 - [TEST_STEP][PASSED] - click: Object: 'Object Repository/Page_KiboPush  Create Broadcast/div_List' is clicked on

2019-04-25 10:12:33 - [MESSAGE][PASSED] - Object: 'Object Repository/Page_KiboPush  Create Broadcast/div_List' is clicked on

2019-04-25 10:12:33 - [TEST_STEP][PASSED] - delay: Delayed 1 second(s)

2019-04-25 10:12:34 - [MESSAGE][PASSED] - Delayed 1 second(s)

2019-04-25 10:12:34 - [TEST_STEP][PASSED] - click: Object: 'Object Repository/Page_KiboPush  Create Broadcast/div_ Add Button  Add Action' is clicked on

2019-04-25 10:12:34 - [MESSAGE][PASSED] - Object: 'Object Repository/Page_KiboPush  Create Broadcast/div_ Add Button  Add Action' is clicked on

2019-04-25 10:12:34 - [TEST_STEP][PASSED] - delay: Delayed 2 second(s)

2019-04-25 10:12:36 - [MESSAGE][PASSED] - Delayed 2 second(s)

2019-04-25 10:12:36 - [MESSAGE][PASSED] - Call Test Case 'Test Cases/Broadcasts/TC0684' successfully

2019-04-25 10:12:36 - [TEST_STEP][PASSED] - delay: Delayed 3 second(s)

2019-04-25 10:12:39 - [MESSAGE][PASSED] - Delayed 3 second(s)

2019-04-25 10:12:39 - [TEST_STEP][PASSED] - setText: Text 'Title1' is set on object 'Object Repository/Page_KiboPush  Create Broadcast/First_Card_List_Title'

2019-04-25 10:12:39 - [MESSAGE][PASSED] - Text 'Title1' is set on object 'Object Repository/Page_KiboPush  Create Broadcast/First_Card_List_Title']]></system-out>
         <system-err><![CDATA[]]></system-err>
      </testcase>
      <testcase name="Test Cases/Broadcasts/TC0688" classname="Test Cases/Broadcasts/TC0688" status="PASSED">
         <system-out><![CDATA[2019-04-25 10:12:39 - [TEST_CASE][PASSED] - Test Cases/Broadcasts/TC0688: Test Cases/Broadcasts/TC0688

2019-04-25 10:12:39 - [TEST_STEP][PASSED] - callTestCase: Call Test Case 'Test Cases/s-sidebar_navigation/individualAccount/arveen_production_login_kiboengage' successfully

2019-04-25 10:12:39 - [TEST_CASE][PASSED] - Test Cases/s-sidebar_navigation/individualAccount/arveen_production_login_kiboengage: Test Cases/s-sidebar_navigation/individualAccount/arveen_production_login_kiboengage

2019-04-25 10:12:39 - [TEST_STEP][PASSED] - openBrowser: Browser is opened with url: ''

2019-04-25 10:12:39 - [MESSAGE][WARNING] - A browser is already opened. Closing browser and opening a new one

2019-04-25 10:12:43 - [MESSAGE][PASSED] - Browser is opened with url: ''

2019-04-25 10:12:43 - [TEST_STEP][PASSED] - maximizeWindow: Current window maximized

2019-04-25 10:12:44 - [MESSAGE][PASSED] - Current window maximized

2019-04-25 10:12:44 - [TEST_STEP][PASSED] - navigateToUrl: Navigate to 'https://kiboengage.cloudkibo.com/' successfully

2019-04-25 10:12:54 - [MESSAGE][PASSED] - Navigate to 'https://kiboengage.cloudkibo.com/' successfully

2019-04-25 10:12:54 - [TEST_STEP][PASSED] - navigateToUrl: Navigate to 'https://accounts.cloudkibo.com/?continue=https://kiboengage.cloudkibo.com' successfully

2019-04-25 10:12:55 - [MESSAGE][PASSED] - Navigate to 'https://accounts.cloudkibo.com/?continue=https://kiboengage.cloudkibo.com' successfully

2019-04-25 10:12:55 - [TEST_STEP][PASSED] - click: Object: 'Object Repository/Page_CloudKibo/a_Login (2) (1) (1)' is clicked on

2019-04-25 10:12:55 - [MESSAGE][PASSED] - Object: 'Object Repository/Page_CloudKibo/a_Login (2) (1) (1)' is clicked on

2019-04-25 10:12:55 - [TEST_STEP][PASSED] - setText: Text 'individual@cloudkibo.com' is set on object 'Object Repository/Page_KiboPush/input_email (10) (1) (1)'

2019-04-25 10:12:56 - [MESSAGE][PASSED] - Text 'individual@cloudkibo.com' is set on object 'Object Repository/Page_KiboPush/input_email (10) (1) (1)'

2019-04-25 10:12:56 - [TEST_STEP][PASSED] - setEncryptedText: Text ****** has been set on object 'Object Repository/Page_CloudKibo/input_Sign In_password (7)'

2019-04-25 10:12:56 - [MESSAGE][PASSED] - Text ****** has been set on object 'Object Repository/Page_CloudKibo/input_Sign In_password (7)'

2019-04-25 10:12:56 - [TEST_STEP][PASSED] - click: Object: 'Object Repository/Page_KiboPush/button_Sign In (10) (1) (2)' is clicked on

2019-04-25 10:12:56 - [MESSAGE][PASSED] - Object: 'Object Repository/Page_KiboPush/button_Sign In (10) (1) (2)' is clicked on

2019-04-25 10:12:56 - [TEST_STEP][PASSED] - click: Object: 'Object Repository/Page_KiboPush  Dashboard/h3_Dashboard (57)' is clicked on

2019-04-25 10:13:21 - [MESSAGE][PASSED] - Object: 'Object Repository/Page_KiboPush  Dashboard/h3_Dashboard (57)' is clicked on

2019-04-25 10:13:21 - [TEST_STEP][PASSED] - delay: Delayed 3 second(s)

2019-04-25 10:13:24 - [MESSAGE][PASSED] - Delayed 3 second(s)

2019-04-25 10:13:24 - [TEST_STEP][PASSED] - click: Object: 'Object Repository/Page_KiboEngage  Dashboard/a_SMS (2) (1) (1) (1) (3)' is clicked on

2019-04-25 10:13:24 - [MESSAGE][PASSED] - Object: 'Object Repository/Page_KiboEngage  Dashboard/a_SMS (2) (1) (1) (1) (3)' is clicked on

2019-04-25 10:13:24 - [TEST_STEP][PASSED] - delay: Delayed 2 second(s)

2019-04-25 10:13:26 - [MESSAGE][PASSED] - Delayed 2 second(s)

2019-04-25 10:13:26 - [TEST_STEP][PASSED] - click: Object: 'Object Repository/Page_KiboEngage  Dashboard/span_Messenger (1) (1) (1) (3)' is clicked on

2019-04-25 10:13:26 - [MESSAGE][PASSED] - Object: 'Object Repository/Page_KiboEngage  Dashboard/span_Messenger (1) (1) (1) (3)' is clicked on

2019-04-25 10:13:26 - [TEST_STEP][PASSED] - delay: Delayed 2 second(s)

2019-04-25 10:13:28 - [MESSAGE][PASSED] - Delayed 2 second(s)

2019-04-25 10:13:28 - [MESSAGE][PASSED] - Call Test Case 'Test Cases/s-sidebar_navigation/individualAccount/arveen_production_login_kiboengage' successfully

2019-04-25 10:13:28 - [TEST_STEP][PASSED] - callTestCase: Call Test Case 'Test Cases/Broadcasts/open_broadcast' successfully

2019-04-25 10:13:28 - [TEST_CASE][PASSED] - Test Cases/Broadcasts/open_broadcast: Test Cases/Broadcasts/open_broadcast

2019-04-25 10:13:28 - [TEST_STEP][PASSED] - click: Object: 'Object Repository/Page_KiboPush  Dashboard/span_Broadcasting' is clicked on

2019-04-25 10:13:28 - [MESSAGE][PASSED] - Object: 'Object Repository/Page_KiboPush  Dashboard/span_Broadcasting' is clicked on

2019-04-25 10:13:28 - [TEST_STEP][PASSED] - delay: Delayed 2 second(s)

2019-04-25 10:13:30 - [MESSAGE][PASSED] - Delayed 2 second(s)

2019-04-25 10:13:30 - [MESSAGE][PASSED] - Call Test Case 'Test Cases/Broadcasts/open_broadcast' successfully

2019-04-25 10:13:30 - [TEST_STEP][PASSED] - callTestCase: Call Test Case 'Test Cases/Broadcasts/TC0684' successfully

2019-04-25 10:13:30 - [TEST_CASE][PASSED] - Test Cases/Broadcasts/TC0684: Test Cases/Broadcasts/TC0684

2019-04-25 10:13:30 - [TEST_STEP][PASSED] - callTestCase: Call Test Case 'Test Cases/s-sidebar_navigation/TeamAccount/Broadcasts' successfully

2019-04-25 10:13:30 - [TEST_CASE][PASSED] - Test Cases/s-sidebar_navigation/TeamAccount/Broadcasts: Test Cases/s-sidebar_navigation/TeamAccount/Broadcasts

2019-04-25 10:13:30 - [TEST_STEP][PASSED] - callTestCase: Call Test Case 'Test Cases/s-sidebar_navigation/individualAccount/broadcast' successfully

2019-04-25 10:13:30 - [TEST_CASE][PASSED] - Test Cases/s-sidebar_navigation/individualAccount/broadcast: Test Cases/s-sidebar_navigation/individualAccount/broadcast

2019-04-25 10:13:30 - [TEST_STEP][PASSED] - click: Object: 'Object Repository/Page_KiboPush  Dashboard/span_Polls' is clicked on

2019-04-25 10:13:31 - [MESSAGE][PASSED] - Object: 'Object Repository/Page_KiboPush  Dashboard/span_Polls' is clicked on

2019-04-25 10:13:31 - [TEST_STEP][PASSED] - delay: Delayed 1 second(s)

2019-04-25 10:13:32 - [MESSAGE][PASSED] - Delayed 1 second(s)

2019-04-25 10:13:32 - [TEST_STEP][PASSED] - click: Object: 'Object Repository/Page_KiboPush  Dashboard/span_Broadcasts' is clicked on

2019-04-25 10:13:32 - [MESSAGE][PASSED] - Object: 'Object Repository/Page_KiboPush  Dashboard/span_Broadcasts' is clicked on

2019-04-25 10:13:32 - [TEST_STEP][PASSED] - delay: Delayed 1 second(s)

2019-04-25 10:13:33 - [MESSAGE][PASSED] - Delayed 1 second(s)

2019-04-25 10:13:33 - [TEST_STEP][PASSED] - scrollToPosition: Browser is scrolled to position x = 0, y = 0

2019-04-25 10:13:33 - [MESSAGE][PASSED] - Browser is scrolled to position x = 0, y = 0

2019-04-25 10:13:33 - [TEST_STEP][PASSED] - click: Object: 'Object Repository/Page_KiboPush  Broadcast/h3_Manage Broadcasts' is clicked on

2019-04-25 10:13:33 - [MESSAGE][PASSED] - Object: 'Object Repository/Page_KiboPush  Broadcast/h3_Manage Broadcasts' is clicked on

2019-04-25 10:13:33 - [MESSAGE][PASSED] - Call Test Case 'Test Cases/s-sidebar_navigation/individualAccount/broadcast' successfully

2019-04-25 10:13:33 - [MESSAGE][PASSED] - Call Test Case 'Test Cases/s-sidebar_navigation/TeamAccount/Broadcasts' successfully

2019-04-25 10:13:33 - [TEST_STEP][PASSED] - click: Object: 'Object Repository/Page_KiboPush  Broadcast/span_Create New Broadcast' is clicked on

2019-04-25 10:13:33 - [MESSAGE][PASSED] - Object: 'Object Repository/Page_KiboPush  Broadcast/span_Create New Broadcast' is clicked on

2019-04-25 10:13:33 - [TEST_STEP][PASSED] - click: Object: 'Object Repository/Page_KiboPush  Broadcast/a_Create New Broadcast' is clicked on

2019-04-25 10:13:34 - [MESSAGE][PASSED] - Object: 'Object Repository/Page_KiboPush  Broadcast/a_Create New Broadcast' is clicked on

2019-04-25 10:13:34 - [TEST_STEP][PASSED] - delay: Delayed 1 second(s)

2019-04-25 10:13:35 - [MESSAGE][PASSED] - Delayed 1 second(s)

2019-04-25 10:13:35 - [TEST_STEP][PASSED] - click: Object: 'Object Repository/Page_KiboPush  Create Broadcast/div_List' is clicked on

2019-04-25 10:13:35 - [MESSAGE][PASSED] - Object: 'Object Repository/Page_KiboPush  Create Broadcast/div_List' is clicked on

2019-04-25 10:13:35 - [TEST_STEP][PASSED] - delay: Delayed 1 second(s)

2019-04-25 10:13:36 - [MESSAGE][PASSED] - Delayed 1 second(s)

2019-04-25 10:13:36 - [TEST_STEP][PASSED] - click: Object: 'Object Repository/Page_KiboPush  Create Broadcast/div_ Add Button  Add Action' is clicked on

2019-04-25 10:13:37 - [MESSAGE][PASSED] - Object: 'Object Repository/Page_KiboPush  Create Broadcast/div_ Add Button  Add Action' is clicked on

2019-04-25 10:13:37 - [TEST_STEP][PASSED] - delay: Delayed 2 second(s)

2019-04-25 10:13:39 - [MESSAGE][PASSED] - Delayed 2 second(s)

2019-04-25 10:13:39 - [MESSAGE][PASSED] - Call Test Case 'Test Cases/Broadcasts/TC0684' successfully

2019-04-25 10:13:39 - [TEST_STEP][PASSED] - setText: Text 'Title1' is set on object 'Object Repository/Page_KiboPush  Create Broadcast/First_Card_List_Title'

2019-04-25 10:13:39 - [MESSAGE][PASSED] - Text 'Title1' is set on object 'Object Repository/Page_KiboPush  Create Broadcast/First_Card_List_Title'

2019-04-25 10:13:39 - [TEST_STEP][PASSED] - setText: Text 'Title2' is set on object 'Object Repository/Page_KiboPush  Create Broadcast/Second_Card_List_Title'

2019-04-25 10:13:39 - [MESSAGE][PASSED] - Text 'Title2' is set on object 'Object Repository/Page_KiboPush  Create Broadcast/Second_Card_List_Title'

2019-04-25 10:13:39 - [TEST_STEP][PASSED] - scrollToPosition: Browser is scrolled to position x = 0, y = 0

2019-04-25 10:13:39 - [MESSAGE][PASSED] - Browser is scrolled to position x = 0, y = 0

2019-04-25 10:13:39 - [TEST_STEP][PASSED] - click: Object: 'Object Repository/Page_KiboPush  Create Broadcast/button_Next (12) (1)' is clicked on

2019-04-25 10:13:40 - [MESSAGE][PASSED] - Object: 'Object Repository/Page_KiboPush  Create Broadcast/button_Next (12) (1)' is clicked on

2019-04-25 10:13:40 - [TEST_STEP][PASSED] - delay: Delayed 3 second(s)

2019-04-25 10:13:43 - [MESSAGE][PASSED] - Delayed 3 second(s)

2019-04-25 10:13:43 - [TEST_STEP][PASSED] - click: Object: 'Object Repository/Page_KiboPush  Create Broadcast/div_Element in list must have (1)' is clicked on

2019-04-25 10:13:43 - [MESSAGE][PASSED] - Object: 'Object Repository/Page_KiboPush  Create Broadcast/div_Element in list must have (1)' is clicked on]]></system-out>
         <system-err><![CDATA[]]></system-err>
      </testcase>
      <testcase name="Test Cases/Broadcasts/TC0689" classname="Test Cases/Broadcasts/TC0689" status="PASSED">
         <system-out><![CDATA[2019-04-25 10:13:43 - [TEST_CASE][PASSED] - Test Cases/Broadcasts/TC0689: Test Cases/Broadcasts/TC0689

2019-04-25 10:13:43 - [TEST_STEP][PASSED] - callTestCase: Call Test Case 'Test Cases/Broadcasts/TC0684' successfully

2019-04-25 10:13:43 - [TEST_CASE][PASSED] - Test Cases/Broadcasts/TC0684: Test Cases/Broadcasts/TC0684

2019-04-25 10:13:43 - [TEST_STEP][PASSED] - callTestCase: Call Test Case 'Test Cases/s-sidebar_navigation/TeamAccount/Broadcasts' successfully

2019-04-25 10:13:43 - [TEST_CASE][PASSED] - Test Cases/s-sidebar_navigation/TeamAccount/Broadcasts: Test Cases/s-sidebar_navigation/TeamAccount/Broadcasts

2019-04-25 10:13:43 - [TEST_STEP][PASSED] - callTestCase: Call Test Case 'Test Cases/s-sidebar_navigation/individualAccount/broadcast' successfully

2019-04-25 10:13:43 - [TEST_CASE][PASSED] - Test Cases/s-sidebar_navigation/individualAccount/broadcast: Test Cases/s-sidebar_navigation/individualAccount/broadcast

2019-04-25 10:13:43 - [TEST_STEP][PASSED] - click: Object: 'Object Repository/Page_KiboPush  Dashboard/span_Polls' is clicked on

2019-04-25 10:13:43 - [MESSAGE][PASSED] - Object: 'Object Repository/Page_KiboPush  Dashboard/span_Polls' is clicked on

2019-04-25 10:13:43 - [TEST_STEP][PASSED] - delay: Delayed 1 second(s)

2019-04-25 10:13:44 - [MESSAGE][PASSED] - Delayed 1 second(s)

2019-04-25 10:13:44 - [TEST_STEP][PASSED] - click: Object: 'Object Repository/Page_KiboPush  Dashboard/span_Broadcasts' is clicked on

2019-04-25 10:13:44 - [MESSAGE][PASSED] - Object: 'Object Repository/Page_KiboPush  Dashboard/span_Broadcasts' is clicked on

2019-04-25 10:13:44 - [TEST_STEP][PASSED] - delay: Delayed 1 second(s)

2019-04-25 10:13:45 - [MESSAGE][PASSED] - Delayed 1 second(s)

2019-04-25 10:13:45 - [TEST_STEP][PASSED] - scrollToPosition: Browser is scrolled to position x = 0, y = 0

2019-04-25 10:13:45 - [MESSAGE][PASSED] - Browser is scrolled to position x = 0, y = 0

2019-04-25 10:13:45 - [TEST_STEP][PASSED] - click: Object: 'Object Repository/Page_KiboPush  Broadcast/h3_Manage Broadcasts' is clicked on

2019-04-25 10:13:46 - [MESSAGE][PASSED] - Object: 'Object Repository/Page_KiboPush  Broadcast/h3_Manage Broadcasts' is clicked on

2019-04-25 10:13:46 - [MESSAGE][PASSED] - Call Test Case 'Test Cases/s-sidebar_navigation/individualAccount/broadcast' successfully

2019-04-25 10:13:46 - [MESSAGE][PASSED] - Call Test Case 'Test Cases/s-sidebar_navigation/TeamAccount/Broadcasts' successfully

2019-04-25 10:13:46 - [TEST_STEP][PASSED] - click: Object: 'Object Repository/Page_KiboPush  Broadcast/span_Create New Broadcast' is clicked on

2019-04-25 10:13:46 - [MESSAGE][PASSED] - Object: 'Object Repository/Page_KiboPush  Broadcast/span_Create New Broadcast' is clicked on

2019-04-25 10:13:46 - [TEST_STEP][PASSED] - click: Object: 'Object Repository/Page_KiboPush  Broadcast/a_Create New Broadcast' is clicked on

2019-04-25 10:13:46 - [MESSAGE][PASSED] - Object: 'Object Repository/Page_KiboPush  Broadcast/a_Create New Broadcast' is clicked on

2019-04-25 10:13:46 - [TEST_STEP][PASSED] - delay: Delayed 1 second(s)

2019-04-25 10:13:47 - [MESSAGE][PASSED] - Delayed 1 second(s)

2019-04-25 10:13:47 - [TEST_STEP][PASSED] - click: Object: 'Object Repository/Page_KiboPush  Create Broadcast/div_List' is clicked on

2019-04-25 10:13:48 - [MESSAGE][PASSED] - Object: 'Object Repository/Page_KiboPush  Create Broadcast/div_List' is clicked on

2019-04-25 10:13:48 - [TEST_STEP][PASSED] - delay: Delayed 1 second(s)

2019-04-25 10:13:49 - [MESSAGE][PASSED] - Delayed 1 second(s)

2019-04-25 10:13:49 - [TEST_STEP][PASSED] - click: Object: 'Object Repository/Page_KiboPush  Create Broadcast/div_ Add Button  Add Action' is clicked on

2019-04-25 10:13:49 - [MESSAGE][PASSED] - Object: 'Object Repository/Page_KiboPush  Create Broadcast/div_ Add Button  Add Action' is clicked on

2019-04-25 10:13:49 - [TEST_STEP][PASSED] - delay: Delayed 2 second(s)

2019-04-25 10:13:51 - [MESSAGE][PASSED] - Delayed 2 second(s)

2019-04-25 10:13:51 - [MESSAGE][PASSED] - Call Test Case 'Test Cases/Broadcasts/TC0684' successfully

2019-04-25 10:13:51 - [TEST_STEP][PASSED] - scrollToPosition: Browser is scrolled to position x = 0, y = 0

2019-04-25 10:13:51 - [MESSAGE][PASSED] - Browser is scrolled to position x = 0, y = 0

2019-04-25 10:13:51 - [TEST_STEP][PASSED] - click: Object: 'Object Repository/Page_KiboPush  Create Broadcast/button_Next (12) (1) (1)' is clicked on

2019-04-25 10:13:51 - [MESSAGE][PASSED] - Object: 'Object Repository/Page_KiboPush  Create Broadcast/button_Next (12) (1) (1)' is clicked on

2019-04-25 10:13:51 - [TEST_STEP][PASSED] - delay: Delayed 2 second(s)

2019-04-25 10:13:53 - [MESSAGE][PASSED] - Delayed 2 second(s)

2019-04-25 10:13:53 - [TEST_STEP][PASSED] - verifyTextPresent: Text 'A LIST MUST HAVE AT LEAST 2 COMPLETE ELEMENTS' is present on page 

2019-04-25 10:13:53 - [MESSAGE][PASSED] - Text 'A LIST MUST HAVE AT LEAST 2 COMPLETE ELEMENTS' is present on page]]></system-out>
         <system-err><![CDATA[]]></system-err>
      </testcase>
      <testcase name="Test Cases/Broadcasts/TC0690" classname="Test Cases/Broadcasts/TC0690" status="PASSED">
         <system-out><![CDATA[2019-04-25 10:13:53 - [TEST_CASE][PASSED] - Test Cases/Broadcasts/TC0690: Test Cases/Broadcasts/TC0690

2019-04-25 10:13:53 - [TEST_STEP][PASSED] - callTestCase: Call Test Case 'Test Cases/Broadcasts/TC0684' successfully

2019-04-25 10:13:53 - [TEST_CASE][PASSED] - Test Cases/Broadcasts/TC0684: Test Cases/Broadcasts/TC0684

2019-04-25 10:13:53 - [TEST_STEP][PASSED] - callTestCase: Call Test Case 'Test Cases/s-sidebar_navigation/TeamAccount/Broadcasts' successfully

2019-04-25 10:13:54 - [TEST_CASE][PASSED] - Test Cases/s-sidebar_navigation/TeamAccount/Broadcasts: Test Cases/s-sidebar_navigation/TeamAccount/Broadcasts

2019-04-25 10:13:54 - [TEST_STEP][PASSED] - callTestCase: Call Test Case 'Test Cases/s-sidebar_navigation/individualAccount/broadcast' successfully

2019-04-25 10:13:54 - [TEST_CASE][PASSED] - Test Cases/s-sidebar_navigation/individualAccount/broadcast: Test Cases/s-sidebar_navigation/individualAccount/broadcast

2019-04-25 10:13:54 - [TEST_STEP][PASSED] - click: Object: 'Object Repository/Page_KiboPush  Dashboard/span_Polls' is clicked on

2019-04-25 10:13:54 - [MESSAGE][PASSED] - Object: 'Object Repository/Page_KiboPush  Dashboard/span_Polls' is clicked on

2019-04-25 10:13:54 - [TEST_STEP][PASSED] - delay: Delayed 1 second(s)

2019-04-25 10:13:55 - [MESSAGE][PASSED] - Delayed 1 second(s)

2019-04-25 10:13:55 - [TEST_STEP][PASSED] - click: Object: 'Object Repository/Page_KiboPush  Dashboard/span_Broadcasts' is clicked on

2019-04-25 10:13:55 - [MESSAGE][PASSED] - Object: 'Object Repository/Page_KiboPush  Dashboard/span_Broadcasts' is clicked on

2019-04-25 10:13:55 - [TEST_STEP][PASSED] - delay: Delayed 1 second(s)

2019-04-25 10:13:56 - [MESSAGE][PASSED] - Delayed 1 second(s)

2019-04-25 10:13:56 - [TEST_STEP][PASSED] - scrollToPosition: Browser is scrolled to position x = 0, y = 0

2019-04-25 10:13:56 - [MESSAGE][PASSED] - Browser is scrolled to position x = 0, y = 0

2019-04-25 10:13:56 - [TEST_STEP][PASSED] - click: Object: 'Object Repository/Page_KiboPush  Broadcast/h3_Manage Broadcasts' is clicked on

2019-04-25 10:13:56 - [MESSAGE][PASSED] - Object: 'Object Repository/Page_KiboPush  Broadcast/h3_Manage Broadcasts' is clicked on

2019-04-25 10:13:56 - [MESSAGE][PASSED] - Call Test Case 'Test Cases/s-sidebar_navigation/individualAccount/broadcast' successfully

2019-04-25 10:13:56 - [MESSAGE][PASSED] - Call Test Case 'Test Cases/s-sidebar_navigation/TeamAccount/Broadcasts' successfully

2019-04-25 10:13:56 - [TEST_STEP][PASSED] - click: Object: 'Object Repository/Page_KiboPush  Broadcast/span_Create New Broadcast' is clicked on

2019-04-25 10:13:56 - [MESSAGE][PASSED] - Object: 'Object Repository/Page_KiboPush  Broadcast/span_Create New Broadcast' is clicked on

2019-04-25 10:13:56 - [TEST_STEP][PASSED] - click: Object: 'Object Repository/Page_KiboPush  Broadcast/a_Create New Broadcast' is clicked on

2019-04-25 10:13:57 - [MESSAGE][PASSED] - Object: 'Object Repository/Page_KiboPush  Broadcast/a_Create New Broadcast' is clicked on

2019-04-25 10:13:57 - [TEST_STEP][PASSED] - delay: Delayed 1 second(s)

2019-04-25 10:13:58 - [MESSAGE][PASSED] - Delayed 1 second(s)

2019-04-25 10:13:58 - [TEST_STEP][PASSED] - click: Object: 'Object Repository/Page_KiboPush  Create Broadcast/div_List' is clicked on

2019-04-25 10:13:58 - [MESSAGE][PASSED] - Object: 'Object Repository/Page_KiboPush  Create Broadcast/div_List' is clicked on

2019-04-25 10:13:58 - [TEST_STEP][PASSED] - delay: Delayed 1 second(s)

2019-04-25 10:13:59 - [MESSAGE][PASSED] - Delayed 1 second(s)

2019-04-25 10:13:59 - [TEST_STEP][PASSED] - click: Object: 'Object Repository/Page_KiboPush  Create Broadcast/div_ Add Button  Add Action' is clicked on

2019-04-25 10:13:59 - [MESSAGE][PASSED] - Object: 'Object Repository/Page_KiboPush  Create Broadcast/div_ Add Button  Add Action' is clicked on

2019-04-25 10:13:59 - [TEST_STEP][PASSED] - delay: Delayed 2 second(s)

2019-04-25 10:14:01 - [MESSAGE][PASSED] - Delayed 2 second(s)

2019-04-25 10:14:01 - [MESSAGE][PASSED] - Call Test Case 'Test Cases/Broadcasts/TC0684' successfully

2019-04-25 10:14:01 - [TEST_STEP][PASSED] - setText: Text 'Subtitle1' is set on object 'Object Repository/Page_KiboPush  Create Broadcast/First_Card_Subtitle'

2019-04-25 10:14:02 - [MESSAGE][PASSED] - Text 'Subtitle1' is set on object 'Object Repository/Page_KiboPush  Create Broadcast/First_Card_Subtitle'

2019-04-25 10:14:02 - [TEST_STEP][PASSED] - setText: Text 'Subtitle2' is set on object 'Object Repository/Page_KiboPush  Create Broadcast/Second_Card_Subtitle'

2019-04-25 10:14:02 - [MESSAGE][PASSED] - Text 'Subtitle2' is set on object 'Object Repository/Page_KiboPush  Create Broadcast/Second_Card_Subtitle'

2019-04-25 10:14:02 - [TEST_STEP][PASSED] - scrollToPosition: Browser is scrolled to position x = 0, y = 0

2019-04-25 10:14:02 - [MESSAGE][PASSED] - Browser is scrolled to position x = 0, y = 0

2019-04-25 10:14:02 - [TEST_STEP][PASSED] - click: Object: 'Object Repository/Page_KiboPush  Create Broadcast/button_Next' is clicked on

2019-04-25 10:14:02 - [MESSAGE][PASSED] - Object: 'Object Repository/Page_KiboPush  Create Broadcast/button_Next' is clicked on

2019-04-25 10:14:02 - [TEST_STEP][PASSED] - delay: Delayed 1 second(s)

2019-04-25 10:14:03 - [MESSAGE][PASSED] - Delayed 1 second(s)

2019-04-25 10:14:03 - [TEST_STEP][PASSED] - verifyTextPresent: Text 'ELEMENT IN LIST MUST HAVE A TITLE.' is present on page 

2019-04-25 10:14:03 - [MESSAGE][PASSED] - Text 'ELEMENT IN LIST MUST HAVE A TITLE.' is present on page]]></system-out>
         <system-err><![CDATA[]]></system-err>
      </testcase>
      <testcase name="Test Cases/Broadcasts/TC0691" classname="Test Cases/Broadcasts/TC0691" status="PASSED">
         <system-out><![CDATA[2019-04-25 10:14:03 - [TEST_CASE][PASSED] - Test Cases/Broadcasts/TC0691: Test Cases/Broadcasts/TC0691

2019-04-25 10:14:03 - [TEST_STEP][PASSED] - callTestCase: Call Test Case 'Test Cases/Broadcasts/TC0684' successfully

2019-04-25 10:14:03 - [TEST_CASE][PASSED] - Test Cases/Broadcasts/TC0684: Test Cases/Broadcasts/TC0684

2019-04-25 10:14:03 - [TEST_STEP][PASSED] - callTestCase: Call Test Case 'Test Cases/s-sidebar_navigation/TeamAccount/Broadcasts' successfully

2019-04-25 10:14:04 - [TEST_CASE][PASSED] - Test Cases/s-sidebar_navigation/TeamAccount/Broadcasts: Test Cases/s-sidebar_navigation/TeamAccount/Broadcasts

2019-04-25 10:14:04 - [TEST_STEP][PASSED] - callTestCase: Call Test Case 'Test Cases/s-sidebar_navigation/individualAccount/broadcast' successfully

2019-04-25 10:14:04 - [TEST_CASE][PASSED] - Test Cases/s-sidebar_navigation/individualAccount/broadcast: Test Cases/s-sidebar_navigation/individualAccount/broadcast

2019-04-25 10:14:04 - [TEST_STEP][PASSED] - click: Object: 'Object Repository/Page_KiboPush  Dashboard/span_Polls' is clicked on

2019-04-25 10:14:04 - [MESSAGE][PASSED] - Object: 'Object Repository/Page_KiboPush  Dashboard/span_Polls' is clicked on

2019-04-25 10:14:04 - [TEST_STEP][PASSED] - delay: Delayed 1 second(s)

2019-04-25 10:14:05 - [MESSAGE][PASSED] - Delayed 1 second(s)

2019-04-25 10:14:05 - [TEST_STEP][PASSED] - click: Object: 'Object Repository/Page_KiboPush  Dashboard/span_Broadcasts' is clicked on

2019-04-25 10:14:05 - [MESSAGE][PASSED] - Object: 'Object Repository/Page_KiboPush  Dashboard/span_Broadcasts' is clicked on

2019-04-25 10:14:05 - [TEST_STEP][PASSED] - delay: Delayed 1 second(s)

2019-04-25 10:14:06 - [MESSAGE][PASSED] - Delayed 1 second(s)

2019-04-25 10:14:06 - [TEST_STEP][PASSED] - scrollToPosition: Browser is scrolled to position x = 0, y = 0

2019-04-25 10:14:06 - [MESSAGE][PASSED] - Browser is scrolled to position x = 0, y = 0

2019-04-25 10:14:06 - [TEST_STEP][PASSED] - click: Object: 'Object Repository/Page_KiboPush  Broadcast/h3_Manage Broadcasts' is clicked on

2019-04-25 10:14:06 - [MESSAGE][PASSED] - Object: 'Object Repository/Page_KiboPush  Broadcast/h3_Manage Broadcasts' is clicked on

2019-04-25 10:14:06 - [MESSAGE][PASSED] - Call Test Case 'Test Cases/s-sidebar_navigation/individualAccount/broadcast' successfully

2019-04-25 10:14:06 - [MESSAGE][PASSED] - Call Test Case 'Test Cases/s-sidebar_navigation/TeamAccount/Broadcasts' successfully

2019-04-25 10:14:06 - [TEST_STEP][PASSED] - click: Object: 'Object Repository/Page_KiboPush  Broadcast/span_Create New Broadcast' is clicked on

2019-04-25 10:14:06 - [MESSAGE][PASSED] - Object: 'Object Repository/Page_KiboPush  Broadcast/span_Create New Broadcast' is clicked on

2019-04-25 10:14:06 - [TEST_STEP][PASSED] - click: Object: 'Object Repository/Page_KiboPush  Broadcast/a_Create New Broadcast' is clicked on

2019-04-25 10:14:07 - [MESSAGE][PASSED] - Object: 'Object Repository/Page_KiboPush  Broadcast/a_Create New Broadcast' is clicked on

2019-04-25 10:14:07 - [TEST_STEP][PASSED] - delay: Delayed 1 second(s)

2019-04-25 10:14:08 - [MESSAGE][PASSED] - Delayed 1 second(s)

2019-04-25 10:14:08 - [TEST_STEP][PASSED] - click: Object: 'Object Repository/Page_KiboPush  Create Broadcast/div_List' is clicked on

2019-04-25 10:14:08 - [MESSAGE][PASSED] - Object: 'Object Repository/Page_KiboPush  Create Broadcast/div_List' is clicked on

2019-04-25 10:14:08 - [TEST_STEP][PASSED] - delay: Delayed 1 second(s)

2019-04-25 10:14:09 - [MESSAGE][PASSED] - Delayed 1 second(s)

2019-04-25 10:14:09 - [TEST_STEP][PASSED] - click: Object: 'Object Repository/Page_KiboPush  Create Broadcast/div_ Add Button  Add Action' is clicked on

2019-04-25 10:14:09 - [MESSAGE][PASSED] - Object: 'Object Repository/Page_KiboPush  Create Broadcast/div_ Add Button  Add Action' is clicked on

2019-04-25 10:14:09 - [TEST_STEP][PASSED] - delay: Delayed 2 second(s)

2019-04-25 10:14:11 - [MESSAGE][PASSED] - Delayed 2 second(s)

2019-04-25 10:14:11 - [MESSAGE][PASSED] - Call Test Case 'Test Cases/Broadcasts/TC0684' successfully

2019-04-25 10:14:11 - [TEST_STEP][PASSED] - delay: Delayed 2 second(s)

2019-04-25 10:14:13 - [MESSAGE][PASSED] - Delayed 2 second(s)

2019-04-25 10:14:13 - [TEST_STEP][PASSED] - setText: Text 'Title1' is set on object 'Object Repository/Page_KiboPush  Create Broadcast/First_Card_List_Title'

2019-04-25 10:14:14 - [MESSAGE][PASSED] - Text 'Title1' is set on object 'Object Repository/Page_KiboPush  Create Broadcast/First_Card_List_Title'

2019-04-25 10:14:14 - [TEST_STEP][PASSED] - setText: Text 'Subtitle1' is set on object 'Object Repository/Page_KiboPush  Create Broadcast/First_Card_Subtitle'

2019-04-25 10:14:14 - [MESSAGE][PASSED] - Text 'Subtitle1' is set on object 'Object Repository/Page_KiboPush  Create Broadcast/First_Card_Subtitle'

2019-04-25 10:14:14 - [TEST_STEP][PASSED] - scrollToPosition: Browser is scrolled to position x = 0, y = 0

2019-04-25 10:14:14 - [MESSAGE][PASSED] - Browser is scrolled to position x = 0, y = 0

2019-04-25 10:14:14 - [TEST_STEP][PASSED] - click: Object: 'Object Repository/Page_KiboPush  Create Broadcast/button_Next (13)' is clicked on

2019-04-25 10:14:14 - [MESSAGE][PASSED] - Object: 'Object Repository/Page_KiboPush  Create Broadcast/button_Next (13)' is clicked on

2019-04-25 10:14:14 - [TEST_STEP][PASSED] - delay: Delayed 2 second(s)

2019-04-25 10:14:16 - [MESSAGE][PASSED] - Delayed 2 second(s)

2019-04-25 10:14:16 - [TEST_STEP][PASSED] - verifyTextPresent: Text 'A LIST MUST HAVE AT LEAST 2 COMPLETE ELEMENTS' is present on page 

2019-04-25 10:14:17 - [MESSAGE][PASSED] - Text 'A LIST MUST HAVE AT LEAST 2 COMPLETE ELEMENTS' is present on page]]></system-out>
         <system-err><![CDATA[]]></system-err>
      </testcase>
      <testcase name="Test Cases/Broadcasts/TC0692" classname="Test Cases/Broadcasts/TC0692" status="PASSED">
         <system-out><![CDATA[2019-04-25 10:14:17 - [TEST_CASE][PASSED] - Test Cases/Broadcasts/TC0692: Test Cases/Broadcasts/TC0692

2019-04-25 10:14:17 - [TEST_STEP][PASSED] - callTestCase: Call Test Case 'Test Cases/Broadcasts/TC0684' successfully

2019-04-25 10:14:17 - [TEST_CASE][PASSED] - Test Cases/Broadcasts/TC0684: Test Cases/Broadcasts/TC0684

2019-04-25 10:14:17 - [TEST_STEP][PASSED] - callTestCase: Call Test Case 'Test Cases/s-sidebar_navigation/TeamAccount/Broadcasts' successfully

2019-04-25 10:14:17 - [TEST_CASE][PASSED] - Test Cases/s-sidebar_navigation/TeamAccount/Broadcasts: Test Cases/s-sidebar_navigation/TeamAccount/Broadcasts

2019-04-25 10:14:17 - [TEST_STEP][PASSED] - callTestCase: Call Test Case 'Test Cases/s-sidebar_navigation/individualAccount/broadcast' successfully

2019-04-25 10:14:17 - [TEST_CASE][PASSED] - Test Cases/s-sidebar_navigation/individualAccount/broadcast: Test Cases/s-sidebar_navigation/individualAccount/broadcast

2019-04-25 10:14:17 - [TEST_STEP][PASSED] - click: Object: 'Object Repository/Page_KiboPush  Dashboard/span_Polls' is clicked on

2019-04-25 10:14:17 - [MESSAGE][PASSED] - Object: 'Object Repository/Page_KiboPush  Dashboard/span_Polls' is clicked on

2019-04-25 10:14:17 - [TEST_STEP][PASSED] - delay: Delayed 1 second(s)

2019-04-25 10:14:18 - [MESSAGE][PASSED] - Delayed 1 second(s)

2019-04-25 10:14:18 - [TEST_STEP][PASSED] - click: Object: 'Object Repository/Page_KiboPush  Dashboard/span_Broadcasts' is clicked on

2019-04-25 10:14:18 - [MESSAGE][PASSED] - Object: 'Object Repository/Page_KiboPush  Dashboard/span_Broadcasts' is clicked on

2019-04-25 10:14:18 - [TEST_STEP][PASSED] - delay: Delayed 1 second(s)

2019-04-25 10:14:19 - [MESSAGE][PASSED] - Delayed 1 second(s)

2019-04-25 10:14:19 - [TEST_STEP][PASSED] - scrollToPosition: Browser is scrolled to position x = 0, y = 0

2019-04-25 10:14:19 - [MESSAGE][PASSED] - Browser is scrolled to position x = 0, y = 0

2019-04-25 10:14:19 - [TEST_STEP][PASSED] - click: Object: 'Object Repository/Page_KiboPush  Broadcast/h3_Manage Broadcasts' is clicked on

2019-04-25 10:14:19 - [MESSAGE][PASSED] - Object: 'Object Repository/Page_KiboPush  Broadcast/h3_Manage Broadcasts' is clicked on

2019-04-25 10:14:19 - [MESSAGE][PASSED] - Call Test Case 'Test Cases/s-sidebar_navigation/individualAccount/broadcast' successfully

2019-04-25 10:14:19 - [MESSAGE][PASSED] - Call Test Case 'Test Cases/s-sidebar_navigation/TeamAccount/Broadcasts' successfully

2019-04-25 10:14:19 - [TEST_STEP][PASSED] - click: Object: 'Object Repository/Page_KiboPush  Broadcast/span_Create New Broadcast' is clicked on

2019-04-25 10:14:19 - [MESSAGE][PASSED] - Object: 'Object Repository/Page_KiboPush  Broadcast/span_Create New Broadcast' is clicked on

2019-04-25 10:14:19 - [TEST_STEP][PASSED] - click: Object: 'Object Repository/Page_KiboPush  Broadcast/a_Create New Broadcast' is clicked on

2019-04-25 10:14:20 - [MESSAGE][PASSED] - Object: 'Object Repository/Page_KiboPush  Broadcast/a_Create New Broadcast' is clicked on

2019-04-25 10:14:20 - [TEST_STEP][PASSED] - delay: Delayed 1 second(s)

2019-04-25 10:14:21 - [MESSAGE][PASSED] - Delayed 1 second(s)

2019-04-25 10:14:21 - [TEST_STEP][PASSED] - click: Object: 'Object Repository/Page_KiboPush  Create Broadcast/div_List' is clicked on

2019-04-25 10:14:21 - [MESSAGE][PASSED] - Object: 'Object Repository/Page_KiboPush  Create Broadcast/div_List' is clicked on

2019-04-25 10:14:21 - [TEST_STEP][PASSED] - delay: Delayed 1 second(s)

2019-04-25 10:14:22 - [MESSAGE][PASSED] - Delayed 1 second(s)

2019-04-25 10:14:22 - [TEST_STEP][PASSED] - click: Object: 'Object Repository/Page_KiboPush  Create Broadcast/div_ Add Button  Add Action' is clicked on

2019-04-25 10:14:23 - [MESSAGE][PASSED] - Object: 'Object Repository/Page_KiboPush  Create Broadcast/div_ Add Button  Add Action' is clicked on

2019-04-25 10:14:23 - [TEST_STEP][PASSED] - delay: Delayed 2 second(s)

2019-04-25 10:14:25 - [MESSAGE][PASSED] - Delayed 2 second(s)

2019-04-25 10:14:25 - [MESSAGE][PASSED] - Call Test Case 'Test Cases/Broadcasts/TC0684' successfully

2019-04-25 10:14:25 - [TEST_STEP][PASSED] - delay: Delayed 2 second(s)

2019-04-25 10:14:27 - [MESSAGE][PASSED] - Delayed 2 second(s)

2019-04-25 10:14:27 - [TEST_STEP][PASSED] - setText: Text 'Title1' is set on object 'Object Repository/Page_KiboPush  Create Broadcast/First_Card_List_Title'

2019-04-25 10:14:27 - [MESSAGE][PASSED] - Text 'Title1' is set on object 'Object Repository/Page_KiboPush  Create Broadcast/First_Card_List_Title'

2019-04-25 10:14:27 - [TEST_STEP][PASSED] - setText: Text 'Subtitle1' is set on object 'Object Repository/Page_KiboPush  Create Broadcast/First_Card_Subtitle'

2019-04-25 10:14:27 - [MESSAGE][PASSED] - Text 'Subtitle1' is set on object 'Object Repository/Page_KiboPush  Create Broadcast/First_Card_Subtitle'

2019-04-25 10:14:27 - [TEST_STEP][PASSED] - setText: Text 'Title2' is set on object 'Object Repository/Page_KiboPush  Create Broadcast/Second_Card_List_Title'

2019-04-25 10:14:28 - [MESSAGE][PASSED] - Text 'Title2' is set on object 'Object Repository/Page_KiboPush  Create Broadcast/Second_Card_List_Title'

2019-04-25 10:14:28 - [TEST_STEP][PASSED] - setText: Text 'Subtitle2' is set on object 'Object Repository/Page_KiboPush  Create Broadcast/Second_Card_Subtitle'

2019-04-25 10:14:28 - [MESSAGE][PASSED] - Text 'Subtitle2' is set on object 'Object Repository/Page_KiboPush  Create Broadcast/Second_Card_Subtitle'

2019-04-25 10:14:28 - [TEST_STEP][PASSED] - scrollToPosition: Browser is scrolled to position x = 0, y = 0

2019-04-25 10:14:28 - [MESSAGE][PASSED] - Browser is scrolled to position x = 0, y = 0

2019-04-25 10:14:28 - [TEST_STEP][PASSED] - click: Object: 'Object Repository/Page_KiboPush  Create Broadcast/button_Next' is clicked on

2019-04-25 10:14:28 - [MESSAGE][PASSED] - Object: 'Object Repository/Page_KiboPush  Create Broadcast/button_Next' is clicked on

2019-04-25 10:14:28 - [TEST_STEP][PASSED] - click: Object: 'Object Repository/Page_KiboPush  Create Broadcast/label_Select Segmentation' is clicked on

2019-04-25 10:14:28 - [MESSAGE][PASSED] - Object: 'Object Repository/Page_KiboPush  Create Broadcast/label_Select Segmentation' is clicked on]]></system-out>
         <system-err><![CDATA[]]></system-err>
      </testcase>
      <testcase name="Test Cases/Broadcasts/TC0693" classname="Test Cases/Broadcasts/TC0693" status="PASSED">
         <system-out><![CDATA[2019-04-25 10:14:28 - [TEST_CASE][PASSED] - Test Cases/Broadcasts/TC0693: Test Cases/Broadcasts/TC0693

2019-04-25 10:14:28 - [TEST_STEP][PASSED] - callTestCase: Call Test Case 'Test Cases/Broadcasts/TC0684' successfully

2019-04-25 10:14:28 - [TEST_CASE][PASSED] - Test Cases/Broadcasts/TC0684: Test Cases/Broadcasts/TC0684

2019-04-25 10:14:28 - [TEST_STEP][PASSED] - callTestCase: Call Test Case 'Test Cases/s-sidebar_navigation/TeamAccount/Broadcasts' successfully

2019-04-25 10:14:28 - [TEST_CASE][PASSED] - Test Cases/s-sidebar_navigation/TeamAccount/Broadcasts: Test Cases/s-sidebar_navigation/TeamAccount/Broadcasts

2019-04-25 10:14:28 - [TEST_STEP][PASSED] - callTestCase: Call Test Case 'Test Cases/s-sidebar_navigation/individualAccount/broadcast' successfully

2019-04-25 10:14:28 - [TEST_CASE][PASSED] - Test Cases/s-sidebar_navigation/individualAccount/broadcast: Test Cases/s-sidebar_navigation/individualAccount/broadcast

2019-04-25 10:14:28 - [TEST_STEP][PASSED] - click: Object: 'Object Repository/Page_KiboPush  Dashboard/span_Polls' is clicked on

2019-04-25 10:14:29 - [MESSAGE][PASSED] - Object: 'Object Repository/Page_KiboPush  Dashboard/span_Polls' is clicked on

2019-04-25 10:14:29 - [TEST_STEP][PASSED] - delay: Delayed 1 second(s)

2019-04-25 10:14:30 - [MESSAGE][PASSED] - Delayed 1 second(s)

2019-04-25 10:14:30 - [TEST_STEP][PASSED] - click: Object: 'Object Repository/Page_KiboPush  Dashboard/span_Broadcasts' is clicked on

2019-04-25 10:14:30 - [MESSAGE][PASSED] - Object: 'Object Repository/Page_KiboPush  Dashboard/span_Broadcasts' is clicked on

2019-04-25 10:14:30 - [TEST_STEP][PASSED] - delay: Delayed 1 second(s)

2019-04-25 10:14:31 - [MESSAGE][PASSED] - Delayed 1 second(s)

2019-04-25 10:14:31 - [TEST_STEP][PASSED] - scrollToPosition: Browser is scrolled to position x = 0, y = 0

2019-04-25 10:14:31 - [MESSAGE][PASSED] - Browser is scrolled to position x = 0, y = 0

2019-04-25 10:14:31 - [TEST_STEP][PASSED] - click: Object: 'Object Repository/Page_KiboPush  Broadcast/h3_Manage Broadcasts' is clicked on

2019-04-25 10:14:31 - [MESSAGE][PASSED] - Object: 'Object Repository/Page_KiboPush  Broadcast/h3_Manage Broadcasts' is clicked on

2019-04-25 10:14:31 - [MESSAGE][PASSED] - Call Test Case 'Test Cases/s-sidebar_navigation/individualAccount/broadcast' successfully

2019-04-25 10:14:31 - [MESSAGE][PASSED] - Call Test Case 'Test Cases/s-sidebar_navigation/TeamAccount/Broadcasts' successfully

2019-04-25 10:14:31 - [TEST_STEP][PASSED] - click: Object: 'Object Repository/Page_KiboPush  Broadcast/span_Create New Broadcast' is clicked on

2019-04-25 10:14:31 - [MESSAGE][PASSED] - Object: 'Object Repository/Page_KiboPush  Broadcast/span_Create New Broadcast' is clicked on

2019-04-25 10:14:31 - [TEST_STEP][PASSED] - click: Object: 'Object Repository/Page_KiboPush  Broadcast/a_Create New Broadcast' is clicked on

2019-04-25 10:14:32 - [MESSAGE][PASSED] - Object: 'Object Repository/Page_KiboPush  Broadcast/a_Create New Broadcast' is clicked on

2019-04-25 10:14:32 - [TEST_STEP][PASSED] - delay: Delayed 1 second(s)

2019-04-25 10:14:33 - [MESSAGE][PASSED] - Delayed 1 second(s)

2019-04-25 10:14:33 - [TEST_STEP][PASSED] - click: Object: 'Object Repository/Page_KiboPush  Create Broadcast/div_List' is clicked on

2019-04-25 10:14:33 - [MESSAGE][PASSED] - Object: 'Object Repository/Page_KiboPush  Create Broadcast/div_List' is clicked on

2019-04-25 10:14:33 - [TEST_STEP][PASSED] - delay: Delayed 1 second(s)

2019-04-25 10:14:34 - [MESSAGE][PASSED] - Delayed 1 second(s)

2019-04-25 10:14:34 - [TEST_STEP][PASSED] - click: Object: 'Object Repository/Page_KiboPush  Create Broadcast/div_ Add Button  Add Action' is clicked on

2019-04-25 10:14:34 - [MESSAGE][PASSED] - Object: 'Object Repository/Page_KiboPush  Create Broadcast/div_ Add Button  Add Action' is clicked on

2019-04-25 10:14:34 - [TEST_STEP][PASSED] - delay: Delayed 2 second(s)

2019-04-25 10:14:36 - [MESSAGE][PASSED] - Delayed 2 second(s)

2019-04-25 10:14:36 - [MESSAGE][PASSED] - Call Test Case 'Test Cases/Broadcasts/TC0684' successfully

2019-04-25 10:14:36 - [TEST_STEP][PASSED] - delay: Delayed 2 second(s)

2019-04-25 10:14:38 - [MESSAGE][PASSED] - Delayed 2 second(s)

2019-04-25 10:14:38 - [TEST_STEP][PASSED] - setText: Text 'Title1' is set on object 'Object Repository/Page_KiboPush  Create Broadcast/First_Card_List_Title'

2019-04-25 10:14:41 - [MESSAGE][PASSED] - Text 'Title1' is set on object 'Object Repository/Page_KiboPush  Create Broadcast/First_Card_List_Title'

2019-04-25 10:14:41 - [TEST_STEP][PASSED] - setText: Text 'Subtitle1' is set on object 'Object Repository/Page_KiboPush  Create Broadcast/First_Card_Subtitle'

2019-04-25 10:14:42 - [MESSAGE][PASSED] - Text 'Subtitle1' is set on object 'Object Repository/Page_KiboPush  Create Broadcast/First_Card_Subtitle'

2019-04-25 10:14:42 - [TEST_STEP][PASSED] - setText: Text 'Title2' is set on object 'Object Repository/Page_KiboPush  Create Broadcast/Second_Card_List_Title'

2019-04-25 10:14:44 - [MESSAGE][PASSED] - Text 'Title2' is set on object 'Object Repository/Page_KiboPush  Create Broadcast/Second_Card_List_Title'

2019-04-25 10:14:44 - [TEST_STEP][PASSED] - setText: Text 'Subtitle2' is set on object 'Object Repository/Page_KiboPush  Create Broadcast/Second_Card_Subtitle'

2019-04-25 10:14:45 - [MESSAGE][PASSED] - Text 'Subtitle2' is set on object 'Object Repository/Page_KiboPush  Create Broadcast/Second_Card_Subtitle'

2019-04-25 10:14:45 - [TEST_STEP][PASSED] - scrollToPosition: Browser is scrolled to position x = 0, y = 0

2019-04-25 10:14:45 - [MESSAGE][PASSED] - Browser is scrolled to position x = 0, y = 0

2019-04-25 10:14:45 - [TEST_STEP][PASSED] - click: Object: 'Object Repository/Page_KiboPush  Create Broadcast/button_Next' is clicked on

2019-04-25 10:14:45 - [MESSAGE][PASSED] - Object: 'Object Repository/Page_KiboPush  Create Broadcast/button_Next' is clicked on

2019-04-25 10:14:45 - [TEST_STEP][PASSED] - click: Object: 'Object Repository/Page_KiboPush  Create Broadcast/label_Select Segmentation' is clicked on

2019-04-25 10:14:45 - [MESSAGE][PASSED] - Object: 'Object Repository/Page_KiboPush  Create Broadcast/label_Select Segmentation' is clicked on]]></system-out>
         <system-err><![CDATA[]]></system-err>
      </testcase>
      <testcase name="Test Cases/Broadcasts/TC0694" classname="Test Cases/Broadcasts/TC0694" status="PASSED">
         <system-out><![CDATA[2019-04-25 10:14:45 - [TEST_CASE][PASSED] - Test Cases/Broadcasts/TC0694: Test Cases/Broadcasts/TC0694

2019-04-25 10:14:45 - [TEST_STEP][PASSED] - callTestCase: Call Test Case 'Test Cases/Broadcasts/TC0684' successfully

2019-04-25 10:14:45 - [TEST_CASE][PASSED] - Test Cases/Broadcasts/TC0684: Test Cases/Broadcasts/TC0684

2019-04-25 10:14:45 - [TEST_STEP][PASSED] - callTestCase: Call Test Case 'Test Cases/s-sidebar_navigation/TeamAccount/Broadcasts' successfully

2019-04-25 10:14:45 - [TEST_CASE][PASSED] - Test Cases/s-sidebar_navigation/TeamAccount/Broadcasts: Test Cases/s-sidebar_navigation/TeamAccount/Broadcasts

2019-04-25 10:14:45 - [TEST_STEP][PASSED] - callTestCase: Call Test Case 'Test Cases/s-sidebar_navigation/individualAccount/broadcast' successfully

2019-04-25 10:14:45 - [TEST_CASE][PASSED] - Test Cases/s-sidebar_navigation/individualAccount/broadcast: Test Cases/s-sidebar_navigation/individualAccount/broadcast

2019-04-25 10:14:45 - [TEST_STEP][PASSED] - click: Object: 'Object Repository/Page_KiboPush  Dashboard/span_Polls' is clicked on

2019-04-25 10:14:46 - [MESSAGE][PASSED] - Object: 'Object Repository/Page_KiboPush  Dashboard/span_Polls' is clicked on

2019-04-25 10:14:46 - [TEST_STEP][PASSED] - delay: Delayed 1 second(s)

2019-04-25 10:14:47 - [MESSAGE][PASSED] - Delayed 1 second(s)

2019-04-25 10:14:47 - [TEST_STEP][PASSED] - click: Object: 'Object Repository/Page_KiboPush  Dashboard/span_Broadcasts' is clicked on

2019-04-25 10:14:47 - [MESSAGE][PASSED] - Object: 'Object Repository/Page_KiboPush  Dashboard/span_Broadcasts' is clicked on

2019-04-25 10:14:47 - [TEST_STEP][PASSED] - delay: Delayed 1 second(s)

2019-04-25 10:14:48 - [MESSAGE][PASSED] - Delayed 1 second(s)

2019-04-25 10:14:48 - [TEST_STEP][PASSED] - scrollToPosition: Browser is scrolled to position x = 0, y = 0

2019-04-25 10:14:48 - [MESSAGE][PASSED] - Browser is scrolled to position x = 0, y = 0

2019-04-25 10:14:48 - [TEST_STEP][PASSED] - click: Object: 'Object Repository/Page_KiboPush  Broadcast/h3_Manage Broadcasts' is clicked on

2019-04-25 10:14:48 - [MESSAGE][PASSED] - Object: 'Object Repository/Page_KiboPush  Broadcast/h3_Manage Broadcasts' is clicked on

2019-04-25 10:14:48 - [MESSAGE][PASSED] - Call Test Case 'Test Cases/s-sidebar_navigation/individualAccount/broadcast' successfully

2019-04-25 10:14:48 - [MESSAGE][PASSED] - Call Test Case 'Test Cases/s-sidebar_navigation/TeamAccount/Broadcasts' successfully

2019-04-25 10:14:48 - [TEST_STEP][PASSED] - click: Object: 'Object Repository/Page_KiboPush  Broadcast/span_Create New Broadcast' is clicked on

2019-04-25 10:14:48 - [MESSAGE][PASSED] - Object: 'Object Repository/Page_KiboPush  Broadcast/span_Create New Broadcast' is clicked on

2019-04-25 10:14:48 - [TEST_STEP][PASSED] - click: Object: 'Object Repository/Page_KiboPush  Broadcast/a_Create New Broadcast' is clicked on

2019-04-25 10:14:49 - [MESSAGE][PASSED] - Object: 'Object Repository/Page_KiboPush  Broadcast/a_Create New Broadcast' is clicked on

2019-04-25 10:14:49 - [TEST_STEP][PASSED] - delay: Delayed 1 second(s)

2019-04-25 10:14:50 - [MESSAGE][PASSED] - Delayed 1 second(s)

2019-04-25 10:14:50 - [TEST_STEP][PASSED] - click: Object: 'Object Repository/Page_KiboPush  Create Broadcast/div_List' is clicked on

2019-04-25 10:14:50 - [MESSAGE][PASSED] - Object: 'Object Repository/Page_KiboPush  Create Broadcast/div_List' is clicked on

2019-04-25 10:14:50 - [TEST_STEP][PASSED] - delay: Delayed 1 second(s)

2019-04-25 10:14:51 - [MESSAGE][PASSED] - Delayed 1 second(s)

2019-04-25 10:14:51 - [TEST_STEP][PASSED] - click: Object: 'Object Repository/Page_KiboPush  Create Broadcast/div_ Add Button  Add Action' is clicked on

2019-04-25 10:14:51 - [MESSAGE][PASSED] - Object: 'Object Repository/Page_KiboPush  Create Broadcast/div_ Add Button  Add Action' is clicked on

2019-04-25 10:14:51 - [TEST_STEP][PASSED] - delay: Delayed 2 second(s)

2019-04-25 10:14:53 - [MESSAGE][PASSED] - Delayed 2 second(s)

2019-04-25 10:14:53 - [MESSAGE][PASSED] - Call Test Case 'Test Cases/Broadcasts/TC0684' successfully

2019-04-25 10:14:53 - [TEST_STEP][PASSED] - delay: Delayed 2 second(s)

2019-04-25 10:14:55 - [MESSAGE][PASSED] - Delayed 2 second(s)

2019-04-25 10:14:55 - [TEST_STEP][PASSED] - Statement - img = com.kms.katalon.core.configuration.RunConfiguration.getProjectDir() + "/sample.jpg": null

2019-04-25 10:14:55 - [TEST_STEP][PASSED] - uploadFile: File 'C:/Users/cloudkibo/Desktop/KiboPush_Automated_Testing/KiboPush Katalon/sample.jpg' sent to object: 'Object Repository/Page_KiboPush  Create Broadcast/Upload_Image_List1'

2019-04-25 10:14:55 - [MESSAGE][PASSED] - File 'C:/Users/cloudkibo/Desktop/KiboPush_Automated_Testing/KiboPush Katalon/sample.jpg' sent to object: 'Object Repository/Page_KiboPush  Create Broadcast/Upload_Image_List1'

2019-04-25 10:14:55 - [TEST_STEP][PASSED] - uploadFile: File 'C:/Users/cloudkibo/Desktop/KiboPush_Automated_Testing/KiboPush Katalon/sample.jpg' sent to object: 'Object Repository/Page_KiboPush  Create Broadcast/Upload_Image_List2'

2019-04-25 10:14:55 - [MESSAGE][PASSED] - File 'C:/Users/cloudkibo/Desktop/KiboPush_Automated_Testing/KiboPush Katalon/sample.jpg' sent to object: 'Object Repository/Page_KiboPush  Create Broadcast/Upload_Image_List2'

2019-04-25 10:14:55 - [TEST_STEP][PASSED] - delay: Delayed 5 second(s)

2019-04-25 10:15:00 - [MESSAGE][PASSED] - Delayed 5 second(s)

2019-04-25 10:15:00 - [TEST_STEP][PASSED] - scrollToPosition: Browser is scrolled to position x = 0, y = 0

2019-04-25 10:15:00 - [MESSAGE][PASSED] - Browser is scrolled to position x = 0, y = 0

2019-04-25 10:15:00 - [TEST_STEP][PASSED] - click: Object: 'Object Repository/Page_KiboPush  Create Broadcast/button_Next' is clicked on

2019-04-25 10:15:00 - [MESSAGE][PASSED] - Object: 'Object Repository/Page_KiboPush  Create Broadcast/button_Next' is clicked on

2019-04-25 10:15:00 - [TEST_STEP][PASSED] - click: Object: 'Object Repository/Page_KiboPush  Create Broadcast/div_Element in list must have' is clicked on

2019-04-25 10:15:01 - [MESSAGE][PASSED] - Object: 'Object Repository/Page_KiboPush  Create Broadcast/div_Element in list must have' is clicked on]]></system-out>
         <system-err><![CDATA[]]></system-err>
      </testcase>
      <testcase name="Test Cases/Broadcasts/TC0695" classname="Test Cases/Broadcasts/TC0695" status="PASSED">
         <system-out><![CDATA[2019-04-25 10:15:01 - [TEST_CASE][PASSED] - Test Cases/Broadcasts/TC0695: Test Cases/Broadcasts/TC0695

2019-04-25 10:15:01 - [TEST_STEP][PASSED] - callTestCase: Call Test Case 'Test Cases/Broadcasts/TC0684' successfully

2019-04-25 10:15:01 - [TEST_CASE][PASSED] - Test Cases/Broadcasts/TC0684: Test Cases/Broadcasts/TC0684

2019-04-25 10:15:01 - [TEST_STEP][PASSED] - callTestCase: Call Test Case 'Test Cases/s-sidebar_navigation/TeamAccount/Broadcasts' successfully

2019-04-25 10:15:01 - [TEST_CASE][PASSED] - Test Cases/s-sidebar_navigation/TeamAccount/Broadcasts: Test Cases/s-sidebar_navigation/TeamAccount/Broadcasts

2019-04-25 10:15:01 - [TEST_STEP][PASSED] - callTestCase: Call Test Case 'Test Cases/s-sidebar_navigation/individualAccount/broadcast' successfully

2019-04-25 10:15:01 - [TEST_CASE][PASSED] - Test Cases/s-sidebar_navigation/individualAccount/broadcast: Test Cases/s-sidebar_navigation/individualAccount/broadcast

2019-04-25 10:15:01 - [TEST_STEP][PASSED] - click: Object: 'Object Repository/Page_KiboPush  Dashboard/span_Polls' is clicked on

2019-04-25 10:15:01 - [MESSAGE][PASSED] - Object: 'Object Repository/Page_KiboPush  Dashboard/span_Polls' is clicked on

2019-04-25 10:15:01 - [TEST_STEP][PASSED] - delay: Delayed 1 second(s)

2019-04-25 10:15:02 - [MESSAGE][PASSED] - Delayed 1 second(s)

2019-04-25 10:15:02 - [TEST_STEP][PASSED] - click: Object: 'Object Repository/Page_KiboPush  Dashboard/span_Broadcasts' is clicked on

2019-04-25 10:15:02 - [MESSAGE][PASSED] - Object: 'Object Repository/Page_KiboPush  Dashboard/span_Broadcasts' is clicked on

2019-04-25 10:15:02 - [TEST_STEP][PASSED] - delay: Delayed 1 second(s)

2019-04-25 10:15:03 - [MESSAGE][PASSED] - Delayed 1 second(s)

2019-04-25 10:15:03 - [TEST_STEP][PASSED] - scrollToPosition: Browser is scrolled to position x = 0, y = 0

2019-04-25 10:15:03 - [MESSAGE][PASSED] - Browser is scrolled to position x = 0, y = 0

2019-04-25 10:15:03 - [TEST_STEP][PASSED] - click: Object: 'Object Repository/Page_KiboPush  Broadcast/h3_Manage Broadcasts' is clicked on

2019-04-25 10:15:03 - [MESSAGE][PASSED] - Object: 'Object Repository/Page_KiboPush  Broadcast/h3_Manage Broadcasts' is clicked on

2019-04-25 10:15:03 - [MESSAGE][PASSED] - Call Test Case 'Test Cases/s-sidebar_navigation/individualAccount/broadcast' successfully

2019-04-25 10:15:03 - [MESSAGE][PASSED] - Call Test Case 'Test Cases/s-sidebar_navigation/TeamAccount/Broadcasts' successfully

2019-04-25 10:15:03 - [TEST_STEP][PASSED] - click: Object: 'Object Repository/Page_KiboPush  Broadcast/span_Create New Broadcast' is clicked on

2019-04-25 10:15:04 - [MESSAGE][PASSED] - Object: 'Object Repository/Page_KiboPush  Broadcast/span_Create New Broadcast' is clicked on

2019-04-25 10:15:04 - [TEST_STEP][PASSED] - click: Object: 'Object Repository/Page_KiboPush  Broadcast/a_Create New Broadcast' is clicked on

2019-04-25 10:15:04 - [MESSAGE][PASSED] - Object: 'Object Repository/Page_KiboPush  Broadcast/a_Create New Broadcast' is clicked on

2019-04-25 10:15:04 - [TEST_STEP][PASSED] - delay: Delayed 1 second(s)

2019-04-25 10:15:05 - [MESSAGE][PASSED] - Delayed 1 second(s)

2019-04-25 10:15:05 - [TEST_STEP][PASSED] - click: Object: 'Object Repository/Page_KiboPush  Create Broadcast/div_List' is clicked on

2019-04-25 10:15:05 - [MESSAGE][PASSED] - Object: 'Object Repository/Page_KiboPush  Create Broadcast/div_List' is clicked on

2019-04-25 10:15:05 - [TEST_STEP][PASSED] - delay: Delayed 1 second(s)

2019-04-25 10:15:06 - [MESSAGE][PASSED] - Delayed 1 second(s)

2019-04-25 10:15:06 - [TEST_STEP][PASSED] - click: Object: 'Object Repository/Page_KiboPush  Create Broadcast/div_ Add Button  Add Action' is clicked on

2019-04-25 10:15:07 - [MESSAGE][PASSED] - Object: 'Object Repository/Page_KiboPush  Create Broadcast/div_ Add Button  Add Action' is clicked on

2019-04-25 10:15:07 - [TEST_STEP][PASSED] - delay: Delayed 2 second(s)

2019-04-25 10:15:09 - [MESSAGE][PASSED] - Delayed 2 second(s)

2019-04-25 10:15:09 - [MESSAGE][PASSED] - Call Test Case 'Test Cases/Broadcasts/TC0684' successfully]]></system-out>
         <system-err><![CDATA[]]></system-err>
      </testcase>
      <testcase name="Test Cases/Broadcasts/TC0696" classname="Test Cases/Broadcasts/TC0696" status="PASSED">
         <system-out><![CDATA[2019-04-25 10:15:09 - [TEST_CASE][PASSED] - Test Cases/Broadcasts/TC0696: Test Cases/Broadcasts/TC0696

2019-04-25 10:15:09 - [TEST_STEP][PASSED] - callTestCase: Call Test Case 'Test Cases/Broadcasts/TC0684' successfully

2019-04-25 10:15:09 - [TEST_CASE][PASSED] - Test Cases/Broadcasts/TC0684: Test Cases/Broadcasts/TC0684

2019-04-25 10:15:09 - [TEST_STEP][PASSED] - callTestCase: Call Test Case 'Test Cases/s-sidebar_navigation/TeamAccount/Broadcasts' successfully

2019-04-25 10:15:09 - [TEST_CASE][PASSED] - Test Cases/s-sidebar_navigation/TeamAccount/Broadcasts: Test Cases/s-sidebar_navigation/TeamAccount/Broadcasts

2019-04-25 10:15:09 - [TEST_STEP][PASSED] - callTestCase: Call Test Case 'Test Cases/s-sidebar_navigation/individualAccount/broadcast' successfully

2019-04-25 10:15:09 - [TEST_CASE][PASSED] - Test Cases/s-sidebar_navigation/individualAccount/broadcast: Test Cases/s-sidebar_navigation/individualAccount/broadcast

2019-04-25 10:15:09 - [TEST_STEP][PASSED] - click: Object: 'Object Repository/Page_KiboPush  Dashboard/span_Polls' is clicked on

2019-04-25 10:15:09 - [MESSAGE][PASSED] - Object: 'Object Repository/Page_KiboPush  Dashboard/span_Polls' is clicked on

2019-04-25 10:15:09 - [TEST_STEP][PASSED] - delay: Delayed 1 second(s)

2019-04-25 10:15:10 - [MESSAGE][PASSED] - Delayed 1 second(s)

2019-04-25 10:15:10 - [TEST_STEP][PASSED] - click: Object: 'Object Repository/Page_KiboPush  Dashboard/span_Broadcasts' is clicked on

2019-04-25 10:15:10 - [MESSAGE][PASSED] - Object: 'Object Repository/Page_KiboPush  Dashboard/span_Broadcasts' is clicked on

2019-04-25 10:15:10 - [TEST_STEP][PASSED] - delay: Delayed 1 second(s)

2019-04-25 10:15:11 - [MESSAGE][PASSED] - Delayed 1 second(s)

2019-04-25 10:15:11 - [TEST_STEP][PASSED] - scrollToPosition: Browser is scrolled to position x = 0, y = 0

2019-04-25 10:15:11 - [MESSAGE][PASSED] - Browser is scrolled to position x = 0, y = 0

2019-04-25 10:15:11 - [TEST_STEP][PASSED] - click: Object: 'Object Repository/Page_KiboPush  Broadcast/h3_Manage Broadcasts' is clicked on

2019-04-25 10:15:11 - [MESSAGE][PASSED] - Object: 'Object Repository/Page_KiboPush  Broadcast/h3_Manage Broadcasts' is clicked on

2019-04-25 10:15:11 - [MESSAGE][PASSED] - Call Test Case 'Test Cases/s-sidebar_navigation/individualAccount/broadcast' successfully

2019-04-25 10:15:11 - [MESSAGE][PASSED] - Call Test Case 'Test Cases/s-sidebar_navigation/TeamAccount/Broadcasts' successfully

2019-04-25 10:15:11 - [TEST_STEP][PASSED] - click: Object: 'Object Repository/Page_KiboPush  Broadcast/span_Create New Broadcast' is clicked on

2019-04-25 10:15:12 - [MESSAGE][PASSED] - Object: 'Object Repository/Page_KiboPush  Broadcast/span_Create New Broadcast' is clicked on

2019-04-25 10:15:12 - [TEST_STEP][PASSED] - click: Object: 'Object Repository/Page_KiboPush  Broadcast/a_Create New Broadcast' is clicked on

2019-04-25 10:15:12 - [MESSAGE][PASSED] - Object: 'Object Repository/Page_KiboPush  Broadcast/a_Create New Broadcast' is clicked on

2019-04-25 10:15:12 - [TEST_STEP][PASSED] - delay: Delayed 1 second(s)

2019-04-25 10:15:13 - [MESSAGE][PASSED] - Delayed 1 second(s)

2019-04-25 10:15:13 - [TEST_STEP][PASSED] - click: Object: 'Object Repository/Page_KiboPush  Create Broadcast/div_List' is clicked on

2019-04-25 10:15:13 - [MESSAGE][PASSED] - Object: 'Object Repository/Page_KiboPush  Create Broadcast/div_List' is clicked on

2019-04-25 10:15:13 - [TEST_STEP][PASSED] - delay: Delayed 1 second(s)

2019-04-25 10:15:14 - [MESSAGE][PASSED] - Delayed 1 second(s)

2019-04-25 10:15:14 - [TEST_STEP][PASSED] - click: Object: 'Object Repository/Page_KiboPush  Create Broadcast/div_ Add Button  Add Action' is clicked on

2019-04-25 10:15:15 - [MESSAGE][PASSED] - Object: 'Object Repository/Page_KiboPush  Create Broadcast/div_ Add Button  Add Action' is clicked on

2019-04-25 10:15:15 - [TEST_STEP][PASSED] - delay: Delayed 2 second(s)

2019-04-25 10:15:17 - [MESSAGE][PASSED] - Delayed 2 second(s)

2019-04-25 10:15:17 - [MESSAGE][PASSED] - Call Test Case 'Test Cases/Broadcasts/TC0684' successfully]]></system-out>
         <system-err><![CDATA[]]></system-err>
      </testcase>
      <testcase name="Test Cases/Broadcasts/TC0697" classname="Test Cases/Broadcasts/TC0697" status="PASSED">
         <system-out><![CDATA[2019-04-25 10:15:17 - [TEST_CASE][PASSED] - Test Cases/Broadcasts/TC0697: Test Cases/Broadcasts/TC0697

2019-04-25 10:15:17 - [TEST_STEP][PASSED] - callTestCase: Call Test Case 'Test Cases/Broadcasts/TC0684' successfully

2019-04-25 10:15:17 - [TEST_CASE][PASSED] - Test Cases/Broadcasts/TC0684: Test Cases/Broadcasts/TC0684

2019-04-25 10:15:17 - [TEST_STEP][PASSED] - callTestCase: Call Test Case 'Test Cases/s-sidebar_navigation/TeamAccount/Broadcasts' successfully

2019-04-25 10:15:17 - [TEST_CASE][PASSED] - Test Cases/s-sidebar_navigation/TeamAccount/Broadcasts: Test Cases/s-sidebar_navigation/TeamAccount/Broadcasts

2019-04-25 10:15:17 - [TEST_STEP][PASSED] - callTestCase: Call Test Case 'Test Cases/s-sidebar_navigation/individualAccount/broadcast' successfully

2019-04-25 10:15:17 - [TEST_CASE][PASSED] - Test Cases/s-sidebar_navigation/individualAccount/broadcast: Test Cases/s-sidebar_navigation/individualAccount/broadcast

2019-04-25 10:15:17 - [TEST_STEP][PASSED] - click: Object: 'Object Repository/Page_KiboPush  Dashboard/span_Polls' is clicked on

2019-04-25 10:15:17 - [MESSAGE][PASSED] - Object: 'Object Repository/Page_KiboPush  Dashboard/span_Polls' is clicked on

2019-04-25 10:15:17 - [TEST_STEP][PASSED] - delay: Delayed 1 second(s)

2019-04-25 10:15:18 - [MESSAGE][PASSED] - Delayed 1 second(s)

2019-04-25 10:15:18 - [TEST_STEP][PASSED] - click: Object: 'Object Repository/Page_KiboPush  Dashboard/span_Broadcasts' is clicked on

2019-04-25 10:15:18 - [MESSAGE][PASSED] - Object: 'Object Repository/Page_KiboPush  Dashboard/span_Broadcasts' is clicked on

2019-04-25 10:15:18 - [TEST_STEP][PASSED] - delay: Delayed 1 second(s)

2019-04-25 10:15:19 - [MESSAGE][PASSED] - Delayed 1 second(s)

2019-04-25 10:15:19 - [TEST_STEP][PASSED] - scrollToPosition: Browser is scrolled to position x = 0, y = 0

2019-04-25 10:15:19 - [MESSAGE][PASSED] - Browser is scrolled to position x = 0, y = 0

2019-04-25 10:15:19 - [TEST_STEP][PASSED] - click: Object: 'Object Repository/Page_KiboPush  Broadcast/h3_Manage Broadcasts' is clicked on

2019-04-25 10:15:19 - [MESSAGE][PASSED] - Object: 'Object Repository/Page_KiboPush  Broadcast/h3_Manage Broadcasts' is clicked on

2019-04-25 10:15:19 - [MESSAGE][PASSED] - Call Test Case 'Test Cases/s-sidebar_navigation/individualAccount/broadcast' successfully

2019-04-25 10:15:19 - [MESSAGE][PASSED] - Call Test Case 'Test Cases/s-sidebar_navigation/TeamAccount/Broadcasts' successfully

2019-04-25 10:15:19 - [TEST_STEP][PASSED] - click: Object: 'Object Repository/Page_KiboPush  Broadcast/span_Create New Broadcast' is clicked on

2019-04-25 10:15:20 - [MESSAGE][PASSED] - Object: 'Object Repository/Page_KiboPush  Broadcast/span_Create New Broadcast' is clicked on

2019-04-25 10:15:20 - [TEST_STEP][PASSED] - click: Object: 'Object Repository/Page_KiboPush  Broadcast/a_Create New Broadcast' is clicked on

2019-04-25 10:15:20 - [MESSAGE][PASSED] - Object: 'Object Repository/Page_KiboPush  Broadcast/a_Create New Broadcast' is clicked on

2019-04-25 10:15:20 - [TEST_STEP][PASSED] - delay: Delayed 1 second(s)

2019-04-25 10:15:21 - [MESSAGE][PASSED] - Delayed 1 second(s)

2019-04-25 10:15:21 - [TEST_STEP][PASSED] - click: Object: 'Object Repository/Page_KiboPush  Create Broadcast/div_List' is clicked on

2019-04-25 10:15:21 - [MESSAGE][PASSED] - Object: 'Object Repository/Page_KiboPush  Create Broadcast/div_List' is clicked on

2019-04-25 10:15:21 - [TEST_STEP][PASSED] - delay: Delayed 1 second(s)

2019-04-25 10:15:22 - [MESSAGE][PASSED] - Delayed 1 second(s)

2019-04-25 10:15:22 - [TEST_STEP][PASSED] - click: Object: 'Object Repository/Page_KiboPush  Create Broadcast/div_ Add Button  Add Action' is clicked on

2019-04-25 10:15:22 - [MESSAGE][PASSED] - Object: 'Object Repository/Page_KiboPush  Create Broadcast/div_ Add Button  Add Action' is clicked on

2019-04-25 10:15:22 - [TEST_STEP][PASSED] - delay: Delayed 2 second(s)

2019-04-25 10:15:24 - [MESSAGE][PASSED] - Delayed 2 second(s)

2019-04-25 10:15:24 - [MESSAGE][PASSED] - Call Test Case 'Test Cases/Broadcasts/TC0684' successfully]]></system-out>
         <system-err><![CDATA[]]></system-err>
      </testcase>
      <testcase name="Test Cases/Broadcasts/TC0698" classname="Test Cases/Broadcasts/TC0698" status="PASSED">
         <system-out><![CDATA[2019-04-25 10:15:25 - [TEST_CASE][PASSED] - Test Cases/Broadcasts/TC0698: Test Cases/Broadcasts/TC0698

2019-04-25 10:15:25 - [TEST_STEP][PASSED] - callTestCase: Call Test Case 'Test Cases/Broadcasts/TC0684' successfully

2019-04-25 10:15:25 - [TEST_CASE][PASSED] - Test Cases/Broadcasts/TC0684: Test Cases/Broadcasts/TC0684

2019-04-25 10:15:25 - [TEST_STEP][PASSED] - callTestCase: Call Test Case 'Test Cases/s-sidebar_navigation/TeamAccount/Broadcasts' successfully

2019-04-25 10:15:25 - [TEST_CASE][PASSED] - Test Cases/s-sidebar_navigation/TeamAccount/Broadcasts: Test Cases/s-sidebar_navigation/TeamAccount/Broadcasts

2019-04-25 10:15:25 - [TEST_STEP][PASSED] - callTestCase: Call Test Case 'Test Cases/s-sidebar_navigation/individualAccount/broadcast' successfully

2019-04-25 10:15:25 - [TEST_CASE][PASSED] - Test Cases/s-sidebar_navigation/individualAccount/broadcast: Test Cases/s-sidebar_navigation/individualAccount/broadcast

2019-04-25 10:15:25 - [TEST_STEP][PASSED] - click: Object: 'Object Repository/Page_KiboPush  Dashboard/span_Polls' is clicked on

2019-04-25 10:15:25 - [MESSAGE][PASSED] - Object: 'Object Repository/Page_KiboPush  Dashboard/span_Polls' is clicked on

2019-04-25 10:15:25 - [TEST_STEP][PASSED] - delay: Delayed 1 second(s)

2019-04-25 10:15:26 - [MESSAGE][PASSED] - Delayed 1 second(s)

2019-04-25 10:15:26 - [TEST_STEP][PASSED] - click: Object: 'Object Repository/Page_KiboPush  Dashboard/span_Broadcasts' is clicked on

2019-04-25 10:15:26 - [MESSAGE][PASSED] - Object: 'Object Repository/Page_KiboPush  Dashboard/span_Broadcasts' is clicked on

2019-04-25 10:15:26 - [TEST_STEP][PASSED] - delay: Delayed 1 second(s)

2019-04-25 10:15:27 - [MESSAGE][PASSED] - Delayed 1 second(s)

2019-04-25 10:15:27 - [TEST_STEP][PASSED] - scrollToPosition: Browser is scrolled to position x = 0, y = 0

2019-04-25 10:15:27 - [MESSAGE][PASSED] - Browser is scrolled to position x = 0, y = 0

2019-04-25 10:15:27 - [TEST_STEP][PASSED] - click: Object: 'Object Repository/Page_KiboPush  Broadcast/h3_Manage Broadcasts' is clicked on

2019-04-25 10:15:27 - [MESSAGE][PASSED] - Object: 'Object Repository/Page_KiboPush  Broadcast/h3_Manage Broadcasts' is clicked on

2019-04-25 10:15:27 - [MESSAGE][PASSED] - Call Test Case 'Test Cases/s-sidebar_navigation/individualAccount/broadcast' successfully

2019-04-25 10:15:27 - [MESSAGE][PASSED] - Call Test Case 'Test Cases/s-sidebar_navigation/TeamAccount/Broadcasts' successfully

2019-04-25 10:15:27 - [TEST_STEP][PASSED] - click: Object: 'Object Repository/Page_KiboPush  Broadcast/span_Create New Broadcast' is clicked on

2019-04-25 10:15:28 - [MESSAGE][PASSED] - Object: 'Object Repository/Page_KiboPush  Broadcast/span_Create New Broadcast' is clicked on

2019-04-25 10:15:28 - [TEST_STEP][PASSED] - click: Object: 'Object Repository/Page_KiboPush  Broadcast/a_Create New Broadcast' is clicked on

2019-04-25 10:15:28 - [MESSAGE][PASSED] - Object: 'Object Repository/Page_KiboPush  Broadcast/a_Create New Broadcast' is clicked on

2019-04-25 10:15:28 - [TEST_STEP][PASSED] - delay: Delayed 1 second(s)

2019-04-25 10:15:29 - [MESSAGE][PASSED] - Delayed 1 second(s)

2019-04-25 10:15:29 - [TEST_STEP][PASSED] - click: Object: 'Object Repository/Page_KiboPush  Create Broadcast/div_List' is clicked on

2019-04-25 10:15:30 - [MESSAGE][PASSED] - Object: 'Object Repository/Page_KiboPush  Create Broadcast/div_List' is clicked on

2019-04-25 10:15:30 - [TEST_STEP][PASSED] - delay: Delayed 1 second(s)

2019-04-25 10:15:31 - [MESSAGE][PASSED] - Delayed 1 second(s)

2019-04-25 10:15:31 - [TEST_STEP][PASSED] - click: Object: 'Object Repository/Page_KiboPush  Create Broadcast/div_ Add Button  Add Action' is clicked on

2019-04-25 10:15:31 - [MESSAGE][PASSED] - Object: 'Object Repository/Page_KiboPush  Create Broadcast/div_ Add Button  Add Action' is clicked on

2019-04-25 10:15:31 - [TEST_STEP][PASSED] - delay: Delayed 2 second(s)

2019-04-25 10:15:33 - [MESSAGE][PASSED] - Delayed 2 second(s)

2019-04-25 10:15:33 - [MESSAGE][PASSED] - Call Test Case 'Test Cases/Broadcasts/TC0684' successfully]]></system-out>
         <system-err><![CDATA[]]></system-err>
      </testcase>
      <testcase name="Test Cases/Broadcasts/TC0699" classname="Test Cases/Broadcasts/TC0699" status="PASSED">
         <system-out><![CDATA[2019-04-25 10:15:33 - [TEST_CASE][PASSED] - Test Cases/Broadcasts/TC0699: Test Cases/Broadcasts/TC0699

2019-04-25 10:15:33 - [TEST_STEP][PASSED] - callTestCase: Call Test Case 'Test Cases/Broadcasts/TC0684' successfully

2019-04-25 10:15:33 - [TEST_CASE][PASSED] - Test Cases/Broadcasts/TC0684: Test Cases/Broadcasts/TC0684

2019-04-25 10:15:33 - [TEST_STEP][PASSED] - callTestCase: Call Test Case 'Test Cases/s-sidebar_navigation/TeamAccount/Broadcasts' successfully

2019-04-25 10:15:33 - [TEST_CASE][PASSED] - Test Cases/s-sidebar_navigation/TeamAccount/Broadcasts: Test Cases/s-sidebar_navigation/TeamAccount/Broadcasts

2019-04-25 10:15:33 - [TEST_STEP][PASSED] - callTestCase: Call Test Case 'Test Cases/s-sidebar_navigation/individualAccount/broadcast' successfully

2019-04-25 10:15:33 - [TEST_CASE][PASSED] - Test Cases/s-sidebar_navigation/individualAccount/broadcast: Test Cases/s-sidebar_navigation/individualAccount/broadcast

2019-04-25 10:15:33 - [TEST_STEP][PASSED] - click: Object: 'Object Repository/Page_KiboPush  Dashboard/span_Polls' is clicked on

2019-04-25 10:15:33 - [MESSAGE][PASSED] - Object: 'Object Repository/Page_KiboPush  Dashboard/span_Polls' is clicked on

2019-04-25 10:15:33 - [TEST_STEP][PASSED] - delay: Delayed 1 second(s)

2019-04-25 10:15:34 - [MESSAGE][PASSED] - Delayed 1 second(s)

2019-04-25 10:15:34 - [TEST_STEP][PASSED] - click: Object: 'Object Repository/Page_KiboPush  Dashboard/span_Broadcasts' is clicked on

2019-04-25 10:15:34 - [MESSAGE][PASSED] - Object: 'Object Repository/Page_KiboPush  Dashboard/span_Broadcasts' is clicked on

2019-04-25 10:15:34 - [TEST_STEP][PASSED] - delay: Delayed 1 second(s)

2019-04-25 10:15:35 - [MESSAGE][PASSED] - Delayed 1 second(s)

2019-04-25 10:15:35 - [TEST_STEP][PASSED] - scrollToPosition: Browser is scrolled to position x = 0, y = 0

2019-04-25 10:15:35 - [MESSAGE][PASSED] - Browser is scrolled to position x = 0, y = 0

2019-04-25 10:15:35 - [TEST_STEP][PASSED] - click: Object: 'Object Repository/Page_KiboPush  Broadcast/h3_Manage Broadcasts' is clicked on

2019-04-25 10:15:36 - [MESSAGE][PASSED] - Object: 'Object Repository/Page_KiboPush  Broadcast/h3_Manage Broadcasts' is clicked on

2019-04-25 10:15:36 - [MESSAGE][PASSED] - Call Test Case 'Test Cases/s-sidebar_navigation/individualAccount/broadcast' successfully

2019-04-25 10:15:36 - [MESSAGE][PASSED] - Call Test Case 'Test Cases/s-sidebar_navigation/TeamAccount/Broadcasts' successfully

2019-04-25 10:15:36 - [TEST_STEP][PASSED] - click: Object: 'Object Repository/Page_KiboPush  Broadcast/span_Create New Broadcast' is clicked on

2019-04-25 10:15:36 - [MESSAGE][PASSED] - Object: 'Object Repository/Page_KiboPush  Broadcast/span_Create New Broadcast' is clicked on

2019-04-25 10:15:36 - [TEST_STEP][PASSED] - click: Object: 'Object Repository/Page_KiboPush  Broadcast/a_Create New Broadcast' is clicked on

2019-04-25 10:15:37 - [MESSAGE][PASSED] - Object: 'Object Repository/Page_KiboPush  Broadcast/a_Create New Broadcast' is clicked on

2019-04-25 10:15:37 - [TEST_STEP][PASSED] - delay: Delayed 1 second(s)

2019-04-25 10:15:38 - [MESSAGE][PASSED] - Delayed 1 second(s)

2019-04-25 10:15:38 - [TEST_STEP][PASSED] - click: Object: 'Object Repository/Page_KiboPush  Create Broadcast/div_List' is clicked on

2019-04-25 10:15:38 - [MESSAGE][PASSED] - Object: 'Object Repository/Page_KiboPush  Create Broadcast/div_List' is clicked on

2019-04-25 10:15:38 - [TEST_STEP][PASSED] - delay: Delayed 1 second(s)

2019-04-25 10:15:39 - [MESSAGE][PASSED] - Delayed 1 second(s)

2019-04-25 10:15:39 - [TEST_STEP][PASSED] - click: Object: 'Object Repository/Page_KiboPush  Create Broadcast/div_ Add Button  Add Action' is clicked on

2019-04-25 10:15:39 - [MESSAGE][PASSED] - Object: 'Object Repository/Page_KiboPush  Create Broadcast/div_ Add Button  Add Action' is clicked on

2019-04-25 10:15:39 - [TEST_STEP][PASSED] - delay: Delayed 2 second(s)

2019-04-25 10:15:41 - [MESSAGE][PASSED] - Delayed 2 second(s)

2019-04-25 10:15:41 - [MESSAGE][PASSED] - Call Test Case 'Test Cases/Broadcasts/TC0684' successfully

2019-04-25 10:15:41 - [TEST_STEP][PASSED] - verifyElementNotPresent: Web element with id: 'Object Repository/Page_KiboPush  Create Broadcast/div_Open a website' located by 'By.xpath: //div[(text() = ' Open a website' or . = ' Open a website')]' is not present after '30' second(s)

2019-04-25 10:15:41 - [MESSAGE][WARNING] - Timeout '0' is invalid. Using default page load timeout: '30'

2019-04-25 10:15:41 - [MESSAGE][PASSED] - Web element with id: 'Object Repository/Page_KiboPush  Create Broadcast/div_Open a website' located by 'By.xpath: //div[(text() = ' Open a website' or . = ' Open a website')]' is not present after '30' second(s)]]></system-out>
         <system-err><![CDATA[]]></system-err>
      </testcase>
      <testcase name="Test Cases/Broadcasts/TC0700" classname="Test Cases/Broadcasts/TC0700" status="PASSED">
         <system-out><![CDATA[2019-04-25 10:15:41 - [TEST_CASE][PASSED] - Test Cases/Broadcasts/TC0700: Test Cases/Broadcasts/TC0700

2019-04-25 10:15:41 - [TEST_STEP][PASSED] - callTestCase: Call Test Case 'Test Cases/Broadcasts/TC0699' successfully

2019-04-25 10:15:41 - [TEST_CASE][PASSED] - Test Cases/Broadcasts/TC0699: Test Cases/Broadcasts/TC0699

2019-04-25 10:15:41 - [TEST_STEP][PASSED] - callTestCase: Call Test Case 'Test Cases/Broadcasts/TC0684' successfully

2019-04-25 10:15:41 - [TEST_CASE][PASSED] - Test Cases/Broadcasts/TC0684: Test Cases/Broadcasts/TC0684

2019-04-25 10:15:41 - [TEST_STEP][PASSED] - callTestCase: Call Test Case 'Test Cases/s-sidebar_navigation/TeamAccount/Broadcasts' successfully

2019-04-25 10:15:41 - [TEST_CASE][PASSED] - Test Cases/s-sidebar_navigation/TeamAccount/Broadcasts: Test Cases/s-sidebar_navigation/TeamAccount/Broadcasts

2019-04-25 10:15:41 - [TEST_STEP][PASSED] - callTestCase: Call Test Case 'Test Cases/s-sidebar_navigation/individualAccount/broadcast' successfully

2019-04-25 10:15:41 - [TEST_CASE][PASSED] - Test Cases/s-sidebar_navigation/individualAccount/broadcast: Test Cases/s-sidebar_navigation/individualAccount/broadcast

2019-04-25 10:15:42 - [TEST_STEP][PASSED] - click: Object: 'Object Repository/Page_KiboPush  Dashboard/span_Polls' is clicked on

2019-04-25 10:15:42 - [MESSAGE][PASSED] - Object: 'Object Repository/Page_KiboPush  Dashboard/span_Polls' is clicked on

2019-04-25 10:15:42 - [TEST_STEP][PASSED] - delay: Delayed 1 second(s)

2019-04-25 10:15:43 - [MESSAGE][PASSED] - Delayed 1 second(s)

2019-04-25 10:15:43 - [TEST_STEP][PASSED] - click: Object: 'Object Repository/Page_KiboPush  Dashboard/span_Broadcasts' is clicked on

2019-04-25 10:15:43 - [MESSAGE][PASSED] - Object: 'Object Repository/Page_KiboPush  Dashboard/span_Broadcasts' is clicked on

2019-04-25 10:15:43 - [TEST_STEP][PASSED] - delay: Delayed 1 second(s)

2019-04-25 10:15:44 - [MESSAGE][PASSED] - Delayed 1 second(s)

2019-04-25 10:15:44 - [TEST_STEP][PASSED] - scrollToPosition: Browser is scrolled to position x = 0, y = 0

2019-04-25 10:15:44 - [MESSAGE][PASSED] - Browser is scrolled to position x = 0, y = 0

2019-04-25 10:15:44 - [TEST_STEP][PASSED] - click: Object: 'Object Repository/Page_KiboPush  Broadcast/h3_Manage Broadcasts' is clicked on

2019-04-25 10:15:44 - [MESSAGE][PASSED] - Object: 'Object Repository/Page_KiboPush  Broadcast/h3_Manage Broadcasts' is clicked on

2019-04-25 10:15:44 - [MESSAGE][PASSED] - Call Test Case 'Test Cases/s-sidebar_navigation/individualAccount/broadcast' successfully

2019-04-25 10:15:44 - [MESSAGE][PASSED] - Call Test Case 'Test Cases/s-sidebar_navigation/TeamAccount/Broadcasts' successfully

2019-04-25 10:15:44 - [TEST_STEP][PASSED] - click: Object: 'Object Repository/Page_KiboPush  Broadcast/span_Create New Broadcast' is clicked on

2019-04-25 10:15:44 - [MESSAGE][PASSED] - Object: 'Object Repository/Page_KiboPush  Broadcast/span_Create New Broadcast' is clicked on

2019-04-25 10:15:44 - [TEST_STEP][PASSED] - click: Object: 'Object Repository/Page_KiboPush  Broadcast/a_Create New Broadcast' is clicked on

2019-04-25 10:15:45 - [MESSAGE][PASSED] - Object: 'Object Repository/Page_KiboPush  Broadcast/a_Create New Broadcast' is clicked on

2019-04-25 10:15:45 - [TEST_STEP][PASSED] - delay: Delayed 1 second(s)

2019-04-25 10:15:46 - [MESSAGE][PASSED] - Delayed 1 second(s)

2019-04-25 10:15:46 - [TEST_STEP][PASSED] - click: Object: 'Object Repository/Page_KiboPush  Create Broadcast/div_List' is clicked on

2019-04-25 10:15:46 - [MESSAGE][PASSED] - Object: 'Object Repository/Page_KiboPush  Create Broadcast/div_List' is clicked on

2019-04-25 10:15:46 - [TEST_STEP][PASSED] - delay: Delayed 1 second(s)

2019-04-25 10:15:47 - [MESSAGE][PASSED] - Delayed 1 second(s)

2019-04-25 10:15:47 - [TEST_STEP][PASSED] - click: Object: 'Object Repository/Page_KiboPush  Create Broadcast/div_ Add Button  Add Action' is clicked on

2019-04-25 10:15:47 - [MESSAGE][PASSED] - Object: 'Object Repository/Page_KiboPush  Create Broadcast/div_ Add Button  Add Action' is clicked on

2019-04-25 10:15:47 - [TEST_STEP][PASSED] - delay: Delayed 2 second(s)

2019-04-25 10:15:49 - [MESSAGE][PASSED] - Delayed 2 second(s)

2019-04-25 10:15:49 - [MESSAGE][PASSED] - Call Test Case 'Test Cases/Broadcasts/TC0684' successfully

2019-04-25 10:15:49 - [TEST_STEP][PASSED] - verifyElementNotPresent: Web element with id: 'Object Repository/Page_KiboPush  Create Broadcast/div_Open a website' located by 'By.xpath: //div[(text() = ' Open a website' or . = ' Open a website')]' is not present after '30' second(s)

2019-04-25 10:15:49 - [MESSAGE][WARNING] - Timeout '0' is invalid. Using default page load timeout: '30'

2019-04-25 10:15:49 - [MESSAGE][PASSED] - Web element with id: 'Object Repository/Page_KiboPush  Create Broadcast/div_Open a website' located by 'By.xpath: //div[(text() = ' Open a website' or . = ' Open a website')]' is not present after '30' second(s)

2019-04-25 10:15:49 - [MESSAGE][PASSED] - Call Test Case 'Test Cases/Broadcasts/TC0699' successfully]]></system-out>
         <system-err><![CDATA[]]></system-err>
      </testcase>
      <testcase name="Test Cases/Broadcasts/TC0701" classname="Test Cases/Broadcasts/TC0701" status="PASSED">
         <system-out><![CDATA[2019-04-25 10:15:49 - [TEST_CASE][PASSED] - Test Cases/Broadcasts/TC0701: Test Cases/Broadcasts/TC0701

2019-04-25 10:15:49 - [TEST_STEP][PASSED] - callTestCase: Call Test Case 'Test Cases/Broadcasts/TC0684' successfully

2019-04-25 10:15:49 - [TEST_CASE][PASSED] - Test Cases/Broadcasts/TC0684: Test Cases/Broadcasts/TC0684

2019-04-25 10:15:49 - [TEST_STEP][PASSED] - callTestCase: Call Test Case 'Test Cases/s-sidebar_navigation/TeamAccount/Broadcasts' successfully

2019-04-25 10:15:49 - [TEST_CASE][PASSED] - Test Cases/s-sidebar_navigation/TeamAccount/Broadcasts: Test Cases/s-sidebar_navigation/TeamAccount/Broadcasts

2019-04-25 10:15:49 - [TEST_STEP][PASSED] - callTestCase: Call Test Case 'Test Cases/s-sidebar_navigation/individualAccount/broadcast' successfully

2019-04-25 10:15:49 - [TEST_CASE][PASSED] - Test Cases/s-sidebar_navigation/individualAccount/broadcast: Test Cases/s-sidebar_navigation/individualAccount/broadcast

2019-04-25 10:15:49 - [TEST_STEP][PASSED] - click: Object: 'Object Repository/Page_KiboPush  Dashboard/span_Polls' is clicked on

2019-04-25 10:15:50 - [MESSAGE][PASSED] - Object: 'Object Repository/Page_KiboPush  Dashboard/span_Polls' is clicked on

2019-04-25 10:15:50 - [TEST_STEP][PASSED] - delay: Delayed 1 second(s)

2019-04-25 10:15:51 - [MESSAGE][PASSED] - Delayed 1 second(s)

2019-04-25 10:15:51 - [TEST_STEP][PASSED] - click: Object: 'Object Repository/Page_KiboPush  Dashboard/span_Broadcasts' is clicked on

2019-04-25 10:15:51 - [MESSAGE][PASSED] - Object: 'Object Repository/Page_KiboPush  Dashboard/span_Broadcasts' is clicked on

2019-04-25 10:15:51 - [TEST_STEP][PASSED] - delay: Delayed 1 second(s)

2019-04-25 10:15:52 - [MESSAGE][PASSED] - Delayed 1 second(s)

2019-04-25 10:15:52 - [TEST_STEP][PASSED] - scrollToPosition: Browser is scrolled to position x = 0, y = 0

2019-04-25 10:15:52 - [MESSAGE][PASSED] - Browser is scrolled to position x = 0, y = 0

2019-04-25 10:15:52 - [TEST_STEP][PASSED] - click: Object: 'Object Repository/Page_KiboPush  Broadcast/h3_Manage Broadcasts' is clicked on

2019-04-25 10:15:52 - [MESSAGE][PASSED] - Object: 'Object Repository/Page_KiboPush  Broadcast/h3_Manage Broadcasts' is clicked on

2019-04-25 10:15:52 - [MESSAGE][PASSED] - Call Test Case 'Test Cases/s-sidebar_navigation/individualAccount/broadcast' successfully

2019-04-25 10:15:52 - [MESSAGE][PASSED] - Call Test Case 'Test Cases/s-sidebar_navigation/TeamAccount/Broadcasts' successfully

2019-04-25 10:15:52 - [TEST_STEP][PASSED] - click: Object: 'Object Repository/Page_KiboPush  Broadcast/span_Create New Broadcast' is clicked on

2019-04-25 10:15:52 - [MESSAGE][PASSED] - Object: 'Object Repository/Page_KiboPush  Broadcast/span_Create New Broadcast' is clicked on

2019-04-25 10:15:52 - [TEST_STEP][PASSED] - click: Object: 'Object Repository/Page_KiboPush  Broadcast/a_Create New Broadcast' is clicked on

2019-04-25 10:15:53 - [MESSAGE][PASSED] - Object: 'Object Repository/Page_KiboPush  Broadcast/a_Create New Broadcast' is clicked on

2019-04-25 10:15:53 - [TEST_STEP][PASSED] - delay: Delayed 1 second(s)

2019-04-25 10:15:54 - [MESSAGE][PASSED] - Delayed 1 second(s)

2019-04-25 10:15:54 - [TEST_STEP][PASSED] - click: Object: 'Object Repository/Page_KiboPush  Create Broadcast/div_List' is clicked on

2019-04-25 10:15:54 - [MESSAGE][PASSED] - Object: 'Object Repository/Page_KiboPush  Create Broadcast/div_List' is clicked on

2019-04-25 10:15:54 - [TEST_STEP][PASSED] - delay: Delayed 1 second(s)

2019-04-25 10:15:55 - [MESSAGE][PASSED] - Delayed 1 second(s)

2019-04-25 10:15:55 - [TEST_STEP][PASSED] - click: Object: 'Object Repository/Page_KiboPush  Create Broadcast/div_ Add Button  Add Action' is clicked on

2019-04-25 10:15:55 - [MESSAGE][PASSED] - Object: 'Object Repository/Page_KiboPush  Create Broadcast/div_ Add Button  Add Action' is clicked on

2019-04-25 10:15:55 - [TEST_STEP][PASSED] - delay: Delayed 2 second(s)

2019-04-25 10:15:57 - [MESSAGE][PASSED] - Delayed 2 second(s)

2019-04-25 10:15:57 - [MESSAGE][PASSED] - Call Test Case 'Test Cases/Broadcasts/TC0684' successfully]]></system-out>
         <system-err><![CDATA[]]></system-err>
      </testcase>
      <testcase name="Test Cases/Broadcasts/TC0702" classname="Test Cases/Broadcasts/TC0702" status="PASSED">
         <system-out><![CDATA[2019-04-25 10:15:57 - [TEST_CASE][PASSED] - Test Cases/Broadcasts/TC0702: Test Cases/Broadcasts/TC0702

2019-04-25 10:15:57 - [TEST_STEP][PASSED] - callTestCase: Call Test Case 'Test Cases/Broadcasts/TC0684' successfully

2019-04-25 10:15:57 - [TEST_CASE][PASSED] - Test Cases/Broadcasts/TC0684: Test Cases/Broadcasts/TC0684

2019-04-25 10:15:57 - [TEST_STEP][PASSED] - callTestCase: Call Test Case 'Test Cases/s-sidebar_navigation/TeamAccount/Broadcasts' successfully

2019-04-25 10:15:58 - [TEST_CASE][PASSED] - Test Cases/s-sidebar_navigation/TeamAccount/Broadcasts: Test Cases/s-sidebar_navigation/TeamAccount/Broadcasts

2019-04-25 10:15:58 - [TEST_STEP][PASSED] - callTestCase: Call Test Case 'Test Cases/s-sidebar_navigation/individualAccount/broadcast' successfully

2019-04-25 10:15:58 - [TEST_CASE][PASSED] - Test Cases/s-sidebar_navigation/individualAccount/broadcast: Test Cases/s-sidebar_navigation/individualAccount/broadcast

2019-04-25 10:15:58 - [TEST_STEP][PASSED] - click: Object: 'Object Repository/Page_KiboPush  Dashboard/span_Polls' is clicked on

2019-04-25 10:15:58 - [MESSAGE][PASSED] - Object: 'Object Repository/Page_KiboPush  Dashboard/span_Polls' is clicked on

2019-04-25 10:15:58 - [TEST_STEP][PASSED] - delay: Delayed 1 second(s)

2019-04-25 10:15:59 - [MESSAGE][PASSED] - Delayed 1 second(s)

2019-04-25 10:15:59 - [TEST_STEP][PASSED] - click: Object: 'Object Repository/Page_KiboPush  Dashboard/span_Broadcasts' is clicked on

2019-04-25 10:15:59 - [MESSAGE][PASSED] - Object: 'Object Repository/Page_KiboPush  Dashboard/span_Broadcasts' is clicked on

2019-04-25 10:15:59 - [TEST_STEP][PASSED] - delay: Delayed 1 second(s)

2019-04-25 10:16:00 - [MESSAGE][PASSED] - Delayed 1 second(s)

2019-04-25 10:16:00 - [TEST_STEP][PASSED] - scrollToPosition: Browser is scrolled to position x = 0, y = 0

2019-04-25 10:16:00 - [MESSAGE][PASSED] - Browser is scrolled to position x = 0, y = 0

2019-04-25 10:16:00 - [TEST_STEP][PASSED] - click: Object: 'Object Repository/Page_KiboPush  Broadcast/h3_Manage Broadcasts' is clicked on

2019-04-25 10:16:00 - [MESSAGE][PASSED] - Object: 'Object Repository/Page_KiboPush  Broadcast/h3_Manage Broadcasts' is clicked on

2019-04-25 10:16:00 - [MESSAGE][PASSED] - Call Test Case 'Test Cases/s-sidebar_navigation/individualAccount/broadcast' successfully

2019-04-25 10:16:00 - [MESSAGE][PASSED] - Call Test Case 'Test Cases/s-sidebar_navigation/TeamAccount/Broadcasts' successfully

2019-04-25 10:16:00 - [TEST_STEP][PASSED] - click: Object: 'Object Repository/Page_KiboPush  Broadcast/span_Create New Broadcast' is clicked on

2019-04-25 10:16:01 - [MESSAGE][PASSED] - Object: 'Object Repository/Page_KiboPush  Broadcast/span_Create New Broadcast' is clicked on

2019-04-25 10:16:01 - [TEST_STEP][PASSED] - click: Object: 'Object Repository/Page_KiboPush  Broadcast/a_Create New Broadcast' is clicked on

2019-04-25 10:16:01 - [MESSAGE][PASSED] - Object: 'Object Repository/Page_KiboPush  Broadcast/a_Create New Broadcast' is clicked on

2019-04-25 10:16:01 - [TEST_STEP][PASSED] - delay: Delayed 1 second(s)

2019-04-25 10:16:02 - [MESSAGE][PASSED] - Delayed 1 second(s)

2019-04-25 10:16:02 - [TEST_STEP][PASSED] - click: Object: 'Object Repository/Page_KiboPush  Create Broadcast/div_List' is clicked on

2019-04-25 10:16:02 - [MESSAGE][PASSED] - Object: 'Object Repository/Page_KiboPush  Create Broadcast/div_List' is clicked on

2019-04-25 10:16:02 - [TEST_STEP][PASSED] - delay: Delayed 1 second(s)

2019-04-25 10:16:03 - [MESSAGE][PASSED] - Delayed 1 second(s)

2019-04-25 10:16:03 - [TEST_STEP][PASSED] - click: Object: 'Object Repository/Page_KiboPush  Create Broadcast/div_ Add Button  Add Action' is clicked on

2019-04-25 10:16:04 - [MESSAGE][PASSED] - Object: 'Object Repository/Page_KiboPush  Create Broadcast/div_ Add Button  Add Action' is clicked on

2019-04-25 10:16:04 - [TEST_STEP][PASSED] - delay: Delayed 2 second(s)

2019-04-25 10:16:06 - [MESSAGE][PASSED] - Delayed 2 second(s)

2019-04-25 10:16:06 - [MESSAGE][PASSED] - Call Test Case 'Test Cases/Broadcasts/TC0684' successfully

2019-04-25 10:16:06 - [TEST_STEP][PASSED] - click: Object: 'Object Repository/Page_KiboPush  Create Broadcast/div_ Add Element' is clicked on

2019-04-25 10:16:06 - [MESSAGE][PASSED] - Object: 'Object Repository/Page_KiboPush  Create Broadcast/div_ Add Element' is clicked on]]></system-out>
         <system-err><![CDATA[]]></system-err>
      </testcase>
      <system-out><![CDATA[2019-04-25 09:55:30 - [TEST_SUITE][FAILED] - broadcast: Test Cases/Broadcasts/TC0124 FAILED because (of) ERROR: No Table Present]]></system-out>
      <system-err><![CDATA[2019-04-25 09:55:30 - [TEST_SUITE][FAILED] - broadcast: Test Cases/Broadcasts/TC0124 FAILED because (of) ERROR: No Table Present]]></system-err>
   </testsuite>
</testsuites>
