<?xml version="1.0" encoding="UTF-8"?>
<testsuites name="operationalDashboard" time="80" tests="2" failures="0" errors="0">
   <testsuite name="operationalDashboard" tests="2" failures="0" errors="0" time="80" timestamp="2019-04-26 11:43:21" hostname="cloudkibo - 10.0.2.15" id="Test Suites/operationalDashboard">
      <properties>
         <property name="deviceName" value=""/>
         <property name="devicePlatform" value=""/>
         <property name="logFolder" value="C:\\Users\\cloudkibo\\Desktop\\KiboPush_Automated_Testing\\KiboPush Katalon\\Reports\\operationalDashboard\\20190426_114317"/>
         <property name="logFiles" value="C:\\Users\\cloudkibo\\Desktop\\KiboPush_Automated_Testing\\KiboPush Katalon\\Reports\\operationalDashboard\\20190426_114317\\execution0.log"/>
         <property name="attachments" value=""/>
         <property name="hostName" value="cloudkibo - 10.0.2.15"/>
         <property name="os" value="Windows 10 64bit"/>
         <property name="katalonVersion" value="5.6.0.1"/>
         <property name="browser" value="Chrome 73.0.3683.103"/>
         <property name="hostAddress" value="10.0.2.15"/>
         <property name="sessionId" value="78a1de5c83591a15d2c76ab97b117367"/>
         <property name="seleniumVersion" value="3.7.1"/>
         <property name="proxyInformation" value="ProxyInformation{proxyOption=NO_PROXY, proxyServerType=HTTP, password=, proxyServerAddress=, proxyServerPort=0}"/>
         <property name="platform" value="Windows 10"/>
      </properties>
      <testcase name="Test Cases/s-sidebar_navigation/individualAccount/arveen_production_login_kiboengage" classname="Test Cases/s-sidebar_navigation/individualAccount/arveen_production_login_kiboengage" status="PASSED">
         <system-out><![CDATA[2019-04-26 11:43:22 - [TEST_CASE][PASSED] - Test Cases/s-sidebar_navigation/individualAccount/arveen_production_login_kiboengage: Test Cases/s-sidebar_navigation/individualAccount/arveen_production_login_kiboengage

2019-04-26 11:43:24 - [TEST_STEP][PASSED] - openBrowser: Browser is opened with url: ''

2019-04-26 11:43:31 - [MESSAGE][PASSED] - Browser is opened with url: ''

2019-04-26 11:43:31 - [TEST_STEP][PASSED] - maximizeWindow: Current window maximized

2019-04-26 11:43:33 - [MESSAGE][PASSED] - Current window maximized

2019-04-26 11:43:33 - [TEST_STEP][PASSED] - navigateToUrl: Navigate to 'https://kiboengage.cloudkibo.com/' successfully

2019-04-26 11:43:48 - [MESSAGE][PASSED] - Navigate to 'https://kiboengage.cloudkibo.com/' successfully

2019-04-26 11:43:48 - [TEST_STEP][PASSED] - navigateToUrl: Navigate to 'https://accounts.cloudkibo.com/?continue=https://kiboengage.cloudkibo.com' successfully

2019-04-26 11:43:50 - [MESSAGE][PASSED] - Navigate to 'https://accounts.cloudkibo.com/?continue=https://kiboengage.cloudkibo.com' successfully

2019-04-26 11:43:51 - [TEST_STEP][PASSED] - click: Object: 'Object Repository/Page_CloudKibo/a_Login (2) (1) (1)' is clicked on

2019-04-26 11:43:52 - [MESSAGE][PASSED] - Object: 'Object Repository/Page_CloudKibo/a_Login (2) (1) (1)' is clicked on

2019-04-26 11:43:52 - [TEST_STEP][PASSED] - setText: Text 'individual@cloudkibo.com' is set on object 'Object Repository/Page_KiboPush/input_email (10) (1) (1)'

2019-04-26 11:43:53 - [MESSAGE][PASSED] - Text 'individual@cloudkibo.com' is set on object 'Object Repository/Page_KiboPush/input_email (10) (1) (1)'

2019-04-26 11:43:53 - [TEST_STEP][PASSED] - setEncryptedText: Text ****** has been set on object 'Object Repository/Page_CloudKibo/input_Sign In_password (7)'

2019-04-26 11:43:53 - [MESSAGE][PASSED] - Text ****** has been set on object 'Object Repository/Page_CloudKibo/input_Sign In_password (7)'

2019-04-26 11:43:53 - [TEST_STEP][PASSED] - click: Object: 'Object Repository/Page_KiboPush/button_Sign In (10) (1) (2)' is clicked on

2019-04-26 11:43:54 - [MESSAGE][PASSED] - Object: 'Object Repository/Page_KiboPush/button_Sign In (10) (1) (2)' is clicked on

2019-04-26 11:43:54 - [TEST_STEP][PASSED] - click: Object: 'Object Repository/Page_KiboPush  Dashboard/h3_Dashboard (57)' is clicked on

2019-04-26 11:44:18 - [MESSAGE][PASSED] - Object: 'Object Repository/Page_KiboPush  Dashboard/h3_Dashboard (57)' is clicked on

2019-04-26 11:44:18 - [TEST_STEP][PASSED] - delay: Delayed 3 second(s)

2019-04-26 11:44:22 - [MESSAGE][PASSED] - Delayed 3 second(s)

2019-04-26 11:44:22 - [TEST_STEP][PASSED] - click: Object: 'Object Repository/Page_KiboEngage  Dashboard/a_SMS (2) (1) (1) (1) (3)' is clicked on

2019-04-26 11:44:22 - [MESSAGE][PASSED] - Object: 'Object Repository/Page_KiboEngage  Dashboard/a_SMS (2) (1) (1) (1) (3)' is clicked on

2019-04-26 11:44:22 - [TEST_STEP][PASSED] - delay: Delayed 2 second(s)

2019-04-26 11:44:24 - [MESSAGE][PASSED] - Delayed 2 second(s)

2019-04-26 11:44:24 - [TEST_STEP][PASSED] - click: Object: 'Object Repository/Page_KiboEngage  Dashboard/span_Messenger (1) (1) (1) (3)' is clicked on

2019-04-26 11:44:24 - [MESSAGE][PASSED] - Object: 'Object Repository/Page_KiboEngage  Dashboard/span_Messenger (1) (1) (1) (3)' is clicked on

2019-04-26 11:44:24 - [TEST_STEP][PASSED] - delay: Delayed 2 second(s)

2019-04-26 11:44:27 - [MESSAGE][PASSED] - Delayed 2 second(s)]]></system-out>
         <system-err><![CDATA[]]></system-err>
      </testcase>
      <testcase name="Test Cases/Operational_Dashboard/115" classname="Test Cases/Operational_Dashboard/115" status="PASSED">
         <system-out><![CDATA[2019-04-26 11:44:27 - [TEST_CASE][PASSED] - Test Cases/Operational_Dashboard/115: Test Cases/Operational_Dashboard/115

2019-04-26 11:44:28 - [TEST_STEP][PASSED] - callTestCase: Call Test Case 'Test Cases/Operational_Dashboard/Login' successfully

2019-04-26 11:44:28 - [TEST_CASE][PASSED] - Test Cases/Operational_Dashboard/Login: Test Cases/Operational_Dashboard/Login

2019-04-26 11:44:28 - [TEST_STEP][PASSED] - callTestCase: Call Test Case 'Test Cases/s-sidebar_navigation/individualAccount/operationalDashboard' successfully

2019-04-26 11:44:28 - [TEST_CASE][PASSED] - Test Cases/s-sidebar_navigation/individualAccount/operationalDashboard: Test Cases/s-sidebar_navigation/individualAccount/operationalDashboard

2019-04-26 11:44:29 - [TEST_STEP][PASSED] - click: Object: 'Object Repository/Page_KiboEngage  Subscribers/span_Subscribers' is clicked on

2019-04-26 11:44:29 - [MESSAGE][PASSED] - Object: 'Object Repository/Page_KiboEngage  Subscribers/span_Subscribers' is clicked on

2019-04-26 11:44:29 - [TEST_STEP][PASSED] - click: Object: 'Object Repository/Page_KiboEngage  Subscribers/span_Operational Dashboard (1)' is clicked on

2019-04-26 11:44:30 - [MESSAGE][PASSED] - Object: 'Object Repository/Page_KiboEngage  Subscribers/span_Operational Dashboard (1)' is clicked on

2019-04-26 11:44:30 - [TEST_STEP][PASSED] - scrollToPosition: Browser is scrolled to position x = 0, y = 0

2019-04-26 11:44:30 - [MESSAGE][PASSED] - Browser is scrolled to position x = 0, y = 0

2019-04-26 11:44:30 - [TEST_STEP][PASSED] - delay: Delayed 2 second(s)

2019-04-26 11:44:32 - [MESSAGE][PASSED] - Delayed 2 second(s)

2019-04-26 11:44:32 - [TEST_STEP][PASSED] - click: Object: 'Object Repository/Page_KiboEngage  Operational Dashbo/h3_Pages Info (7)' is clicked on

2019-04-26 11:44:33 - [MESSAGE][PASSED] - Object: 'Object Repository/Page_KiboEngage  Operational Dashbo/h3_Pages Info (7)' is clicked on

2019-04-26 11:44:33 - [MESSAGE][PASSED] - Call Test Case 'Test Cases/s-sidebar_navigation/individualAccount/operationalDashboard' successfully

2019-04-26 11:44:33 - [MESSAGE][PASSED] - Call Test Case 'Test Cases/Operational_Dashboard/Login' successfully

2019-04-26 11:44:33 - [TEST_STEP][PASSED] - selectOptionByValue: All options with value '30' are selected in object 'Object Repository/Page_KiboEngage  Operational Dashbo/select_Filter by lastAll10 day'  using regular expression

2019-04-26 11:44:34 - [MESSAGE][PASSED] - All options with value '30' are selected in object 'Object Repository/Page_KiboEngage  Operational Dashbo/select_Filter by lastAll10 day'  using regular expression

2019-04-26 11:44:34 - [TEST_STEP][PASSED] - delay: Delayed 2 second(s)

2019-04-26 11:44:36 - [MESSAGE][PASSED] - Delayed 2 second(s)

2019-04-26 11:44:36 - [TEST_STEP][PASSED] - Statement - driver = com.kms.katalon.core.webui.driver.DriverFactory.getWebDriver(): null

2019-04-26 11:44:36 - [TEST_STEP][PASSED] - Statement - broadcast = driver.findElement(org.openqa.selenium.By.xpath("//*[@id="content"]/div/div/div/div[2]/div[3]/div[1]/div[2]/div[2]/div/div[2]/div[1]/div/div/div")): null

2019-04-26 11:44:36 - [TEST_STEP][PASSED] - Statement - broadcast_data_1 = java.lang.Integer.parseInt(text.split("
")[0].toString()): null

2019-04-26 11:44:36 - [TEST_STEP][PASSED] - Statement - println(broadcast_data_1): null

2019-04-26 11:44:36 - [TEST_STEP][PASSED] - Statement - poll = driver.findElement(org.openqa.selenium.By.xpath("//*[@id="content"]/div/div/div/div[2]/div[3]/div[1]/div[2]/div[2]/div/div[1]/div[3]/div/div/div")): null

2019-04-26 11:44:36 - [TEST_STEP][PASSED] - Statement - poll_data_1 = java.lang.Integer.parseInt(text.split("
")[0].toString()): null

2019-04-26 11:44:36 - [TEST_STEP][PASSED] - Statement - println(poll_data_1): null

2019-04-26 11:44:36 - [TEST_STEP][PASSED] - Statement - survey = driver.findElement(org.openqa.selenium.By.xpath("//*[@id="content"]/div/div/div/div[2]/div[3]/div[1]/div[2]/div[2]/div/div[2]/div[3]/div/div/div")): null

2019-04-26 11:44:36 - [TEST_STEP][PASSED] - Statement - survey_data_1 = java.lang.Integer.parseInt(text.split("
")[0].toString()): null

2019-04-26 11:44:36 - [TEST_STEP][PASSED] - Statement - println(survey_data_1): null

2019-04-26 11:44:36 - [TEST_STEP][PASSED] - selectOptionByValue: All options with value '10' are selected in object 'Object Repository/Page_KiboEngage  Operational Dashbo/select_Filter by lastAll10 day'  using regular expression

2019-04-26 11:44:37 - [MESSAGE][PASSED] - All options with value '10' are selected in object 'Object Repository/Page_KiboEngage  Operational Dashbo/select_Filter by lastAll10 day'  using regular expression

2019-04-26 11:44:37 - [TEST_STEP][PASSED] - delay: Delayed 3 second(s)

2019-04-26 11:44:40 - [MESSAGE][PASSED] - Delayed 3 second(s)

2019-04-26 11:44:40 - [TEST_STEP][PASSED] - Statement - broadcast = driver.findElement(org.openqa.selenium.By.xpath("//*[@id="content"]/div/div/div/div[2]/div[3]/div[1]/div[2]/div[2]/div/div[2]/div[1]/div/div/div")): null

2019-04-26 11:44:40 - [TEST_STEP][PASSED] - Statement - broadcast_data_2 = java.lang.Integer.parseInt(text.split("
")[0].toString()): null

2019-04-26 11:44:40 - [TEST_STEP][PASSED] - Statement - println(broadcast_data_2): null

2019-04-26 11:44:40 - [TEST_STEP][PASSED] - Statement - poll = driver.findElement(org.openqa.selenium.By.xpath("//*[@id="content"]/div/div/div/div[2]/div[3]/div[1]/div[2]/div[2]/div/div[1]/div[3]/div/div/div")): null

2019-04-26 11:44:40 - [TEST_STEP][PASSED] - Statement - poll_data_2 = java.lang.Integer.parseInt(text.split("
")[0].toString()): null

2019-04-26 11:44:40 - [TEST_STEP][PASSED] - Statement - println(poll_data_2): null

2019-04-26 11:44:40 - [TEST_STEP][PASSED] - Statement - survey = driver.findElement(org.openqa.selenium.By.xpath("//*[@id="content"]/div/div/div/div[2]/div[3]/div[1]/div[2]/div[2]/div/div[2]/div[3]/div/div/div")): null

2019-04-26 11:44:40 - [TEST_STEP][PASSED] - Statement - survey_data_2 = java.lang.Integer.parseInt(text.split("
")[0].toString()): null

2019-04-26 11:44:40 - [TEST_STEP][PASSED] - Statement - println(survey_data_2): null

2019-04-26 11:44:40 - [TEST_STEP][PASSED] - Statement - If (broadcast_data_1 > broadcast_data_2 && poll_data_1 > poll_data_2 && survey_data_1 > survey_data_2): Actual object '1' and expected object '1' are equal

2019-04-26 11:44:40 - [TEST_STEP][PASSED] - verifyEqual: Actual object '1' and expected object '1' are equal

2019-04-26 11:44:40 - [MESSAGE][PASSED] - Actual object '1' and expected object '1' are equal]]></system-out>
         <system-err><![CDATA[]]></system-err>
      </testcase>
      <system-out><![CDATA[2019-04-26 11:43:21 - [TEST_SUITE][PASSED] - operationalDashboard: Test Cases/Operational_Dashboard/115]]></system-out>
      <system-err><![CDATA[]]></system-err>
   </testsuite>
</testsuites>
