<?xml version="1.0" encoding="UTF-8"?>
<testsuites name="subscriber" time="351" tests="25" failures="0" errors="0">
   <testsuite name="subscriber" tests="25" failures="0" errors="0" time="351" timestamp="2019-04-25 14:34:48" hostname="cloudkibo - 10.0.2.15" id="Test Suites/subscriber">
      <properties>
         <property name="deviceName" value=""/>
         <property name="devicePlatform" value=""/>
         <property name="logFolder" value="C:\\Users\\cloudkibo\\Desktop\\KiboPush_Automated_Testing\\KiboPush Katalon\\Reports\\subscriber\\20190425_143443"/>
         <property name="logFiles" value="C:\\Users\\cloudkibo\\Desktop\\KiboPush_Automated_Testing\\KiboPush Katalon\\Reports\\subscriber\\20190425_143443\\execution0.log"/>
         <property name="attachments" value=""/>
         <property name="hostName" value="cloudkibo - 10.0.2.15"/>
         <property name="os" value="Windows 10 64bit"/>
         <property name="katalonVersion" value="5.6.0.1"/>
         <property name="browser" value="Chrome 73.0.3683.103"/>
         <property name="hostAddress" value="10.0.2.15"/>
         <property name="sessionId" value="7cd0ccc3246f12839e1767ae1482fe3a"/>
         <property name="seleniumVersion" value="3.7.1"/>
         <property name="proxyInformation" value="ProxyInformation{proxyOption=NO_PROXY, proxyServerType=HTTP, password=, proxyServerAddress=, proxyServerPort=0}"/>
         <property name="platform" value="Windows 10"/>
      </properties>
      <testcase name="Test Cases/s-sidebar_navigation/individualAccount/arveen_production_login_kiboengage" classname="Test Cases/s-sidebar_navigation/individualAccount/arveen_production_login_kiboengage" status="PASSED">
         <system-out><![CDATA[2019-04-25 14:34:49 - [TEST_CASE][PASSED] - Test Cases/s-sidebar_navigation/individualAccount/arveen_production_login_kiboengage: Test Cases/s-sidebar_navigation/individualAccount/arveen_production_login_kiboengage

2019-04-25 14:34:50 - [TEST_STEP][PASSED] - openBrowser: Browser is opened with url: ''

2019-04-25 14:34:58 - [MESSAGE][PASSED] - Browser is opened with url: ''

2019-04-25 14:34:58 - [TEST_STEP][PASSED] - maximizeWindow: Current window maximized

2019-04-25 14:34:59 - [MESSAGE][PASSED] - Current window maximized

2019-04-25 14:34:59 - [TEST_STEP][PASSED] - navigateToUrl: Navigate to 'https://kiboengage.cloudkibo.com/' successfully

2019-04-25 14:35:12 - [MESSAGE][PASSED] - Navigate to 'https://kiboengage.cloudkibo.com/' successfully

2019-04-25 14:35:12 - [TEST_STEP][PASSED] - navigateToUrl: Navigate to 'https://accounts.cloudkibo.com/?continue=https://kiboengage.cloudkibo.com' successfully

2019-04-25 14:35:13 - [MESSAGE][PASSED] - Navigate to 'https://accounts.cloudkibo.com/?continue=https://kiboengage.cloudkibo.com' successfully

2019-04-25 14:35:13 - [TEST_STEP][PASSED] - click: Object: 'Object Repository/Page_CloudKibo/a_Login (2) (1) (1)' is clicked on

2019-04-25 14:35:14 - [MESSAGE][PASSED] - Object: 'Object Repository/Page_CloudKibo/a_Login (2) (1) (1)' is clicked on

2019-04-25 14:35:14 - [TEST_STEP][PASSED] - setText: Text 'individual@cloudkibo.com' is set on object 'Object Repository/Page_KiboPush/input_email (10) (1) (1)'

2019-04-25 14:35:15 - [MESSAGE][PASSED] - Text 'individual@cloudkibo.com' is set on object 'Object Repository/Page_KiboPush/input_email (10) (1) (1)'

2019-04-25 14:35:15 - [TEST_STEP][PASSED] - setEncryptedText: Text ****** has been set on object 'Object Repository/Page_CloudKibo/input_Sign In_password (7)'

2019-04-25 14:35:15 - [MESSAGE][PASSED] - Text ****** has been set on object 'Object Repository/Page_CloudKibo/input_Sign In_password (7)'

2019-04-25 14:35:15 - [TEST_STEP][PASSED] - click: Object: 'Object Repository/Page_KiboPush/button_Sign In (10) (1) (2)' is clicked on

2019-04-25 14:35:15 - [MESSAGE][PASSED] - Object: 'Object Repository/Page_KiboPush/button_Sign In (10) (1) (2)' is clicked on

2019-04-25 14:35:15 - [TEST_STEP][PASSED] - click: Object: 'Object Repository/Page_KiboPush  Dashboard/h3_Dashboard (57)' is clicked on

2019-04-25 14:35:36 - [MESSAGE][PASSED] - Object: 'Object Repository/Page_KiboPush  Dashboard/h3_Dashboard (57)' is clicked on

2019-04-25 14:35:36 - [TEST_STEP][PASSED] - delay: Delayed 3 second(s)

2019-04-25 14:35:39 - [MESSAGE][PASSED] - Delayed 3 second(s)

2019-04-25 14:35:39 - [TEST_STEP][PASSED] - click: Object: 'Object Repository/Page_KiboEngage  Dashboard/a_SMS (2) (1) (1) (1) (3)' is clicked on

2019-04-25 14:35:40 - [MESSAGE][PASSED] - Object: 'Object Repository/Page_KiboEngage  Dashboard/a_SMS (2) (1) (1) (1) (3)' is clicked on

2019-04-25 14:35:40 - [TEST_STEP][PASSED] - delay: Delayed 2 second(s)

2019-04-25 14:35:41 - [MESSAGE][PASSED] - Delayed 2 second(s)

2019-04-25 14:35:41 - [TEST_STEP][PASSED] - click: Object: 'Object Repository/Page_KiboEngage  Dashboard/span_Messenger (1) (1) (1) (3)' is clicked on

2019-04-25 14:35:42 - [MESSAGE][PASSED] - Object: 'Object Repository/Page_KiboEngage  Dashboard/span_Messenger (1) (1) (1) (3)' is clicked on

2019-04-25 14:35:42 - [TEST_STEP][PASSED] - delay: Delayed 2 second(s)

2019-04-25 14:35:44 - [MESSAGE][PASSED] - Delayed 2 second(s)]]></system-out>
         <system-err><![CDATA[]]></system-err>
      </testcase>
      <testcase name="Test Cases/Subscriber TestCases/TC0649" classname="Test Cases/Subscriber TestCases/TC0649" status="PASSED">
         <system-out><![CDATA[2019-04-25 14:35:44 - [TEST_CASE][PASSED] - Test Cases/Subscriber TestCases/TC0649: Test Cases/Subscriber TestCases/TC0649

2019-04-25 14:35:44 - [TEST_STEP][PASSED] - callTestCase: Call Test Case 'Test Cases/s-sidebar_navigation/individualAccount/Subscriber' successfully

2019-04-25 14:35:44 - [TEST_CASE][PASSED] - Test Cases/s-sidebar_navigation/individualAccount/Subscriber: Test Cases/s-sidebar_navigation/individualAccount/Subscriber

2019-04-25 14:35:45 - [TEST_STEP][PASSED] - click: Object: 'Object Repository/Page_KiboPush  Dashboard/span_Dashboard' is clicked on

2019-04-25 14:35:45 - [MESSAGE][PASSED] - Object: 'Object Repository/Page_KiboPush  Dashboard/span_Dashboard' is clicked on

2019-04-25 14:35:45 - [TEST_STEP][PASSED] - delay: Delayed 2 second(s)

2019-04-25 14:35:47 - [MESSAGE][PASSED] - Delayed 2 second(s)

2019-04-25 14:35:47 - [TEST_STEP][PASSED] - click: Object: 'Object Repository/Page_KiboPush  Subscribers/span_Subscribers (5)' is clicked on

2019-04-25 14:35:48 - [MESSAGE][PASSED] - Object: 'Object Repository/Page_KiboPush  Subscribers/span_Subscribers (5)' is clicked on

2019-04-25 14:35:48 - [TEST_STEP][PASSED] - scrollToPosition: Browser is scrolled to position x = 0, y = 0

2019-04-25 14:35:48 - [MESSAGE][PASSED] - Browser is scrolled to position x = 0, y = 0

2019-04-25 14:35:48 - [TEST_STEP][PASSED] - click: Object: 'Object Repository/Page_KiboPush  Subscribers/h3_Manage Subscribers (1)' is clicked on

2019-04-25 14:35:48 - [MESSAGE][PASSED] - Object: 'Object Repository/Page_KiboPush  Subscribers/h3_Manage Subscribers (1)' is clicked on

2019-04-25 14:35:48 - [MESSAGE][PASSED] - Call Test Case 'Test Cases/s-sidebar_navigation/individualAccount/Subscriber' successfully

2019-04-25 14:35:48 - [TEST_STEP][PASSED] - delay: Delayed 2 second(s)

2019-04-25 14:35:50 - [MESSAGE][PASSED] - Delayed 2 second(s)

2019-04-25 14:35:50 - [TEST_STEP][PASSED] - click: Object: 'Object Repository/Page_KiboEngage  Subscribers/a_documentation' is clicked on

2019-04-25 14:35:51 - [MESSAGE][PASSED] - Object: 'Object Repository/Page_KiboEngage  Subscribers/a_documentation' is clicked on]]></system-out>
         <system-err><![CDATA[]]></system-err>
      </testcase>
      <testcase name="Test Cases/Subscriber TestCases/TC0650" classname="Test Cases/Subscriber TestCases/TC0650" status="PASSED">
         <system-out><![CDATA[2019-04-25 14:35:51 - [TEST_CASE][PASSED] - Test Cases/Subscriber TestCases/TC0650: Test Cases/Subscriber TestCases/TC0650

2019-04-25 14:35:51 - [TEST_STEP][PASSED] - callTestCase: Call Test Case 'Test Cases/s-sidebar_navigation/individualAccount/Subscriber' successfully

2019-04-25 14:35:51 - [TEST_CASE][PASSED] - Test Cases/s-sidebar_navigation/individualAccount/Subscriber: Test Cases/s-sidebar_navigation/individualAccount/Subscriber

2019-04-25 14:35:52 - [TEST_STEP][PASSED] - click: Object: 'Object Repository/Page_KiboPush  Dashboard/span_Dashboard' is clicked on

2019-04-25 14:35:52 - [MESSAGE][PASSED] - Object: 'Object Repository/Page_KiboPush  Dashboard/span_Dashboard' is clicked on

2019-04-25 14:35:52 - [TEST_STEP][PASSED] - delay: Delayed 2 second(s)

2019-04-25 14:35:54 - [MESSAGE][PASSED] - Delayed 2 second(s)

2019-04-25 14:35:54 - [TEST_STEP][PASSED] - click: Object: 'Object Repository/Page_KiboPush  Subscribers/span_Subscribers (5)' is clicked on

2019-04-25 14:35:56 - [MESSAGE][PASSED] - Object: 'Object Repository/Page_KiboPush  Subscribers/span_Subscribers (5)' is clicked on

2019-04-25 14:35:56 - [TEST_STEP][PASSED] - scrollToPosition: Browser is scrolled to position x = 0, y = 0

2019-04-25 14:36:02 - [MESSAGE][PASSED] - Browser is scrolled to position x = 0, y = 0

2019-04-25 14:36:02 - [TEST_STEP][PASSED] - click: Object: 'Object Repository/Page_KiboPush  Subscribers/h3_Manage Subscribers (1)' is clicked on

2019-04-25 14:36:03 - [MESSAGE][PASSED] - Object: 'Object Repository/Page_KiboPush  Subscribers/h3_Manage Subscribers (1)' is clicked on

2019-04-25 14:36:03 - [MESSAGE][PASSED] - Call Test Case 'Test Cases/s-sidebar_navigation/individualAccount/Subscriber' successfully

2019-04-25 14:36:03 - [TEST_STEP][PASSED] - delay: Delayed 5 second(s)

2019-04-25 14:36:08 - [MESSAGE][PASSED] - Delayed 5 second(s)

2019-04-25 14:36:09 - [TEST_STEP][PASSED] - Statement - driver = com.kms.katalon.core.webui.driver.DriverFactory.getWebDriver(): null

2019-04-25 14:36:09 - [TEST_STEP][PASSED] - Statement - Table = driver.findElement(org.openqa.selenium.By.xpath("//table/tbody")): null

2019-04-25 14:36:09 - [TEST_STEP][PASSED] - Statement - rows_table = Table.findElements(org.openqa.selenium.By.tagName("tr")): null

2019-04-25 14:36:09 - [TEST_STEP][PASSED] - Statement - size = rows_table.size(): null

2019-04-25 14:36:09 - [TEST_STEP][PASSED] - verifyGreaterThanOrEqual: Actual number '2' is greater than or equal to expected number '1'

2019-04-25 14:36:09 - [MESSAGE][PASSED] - Actual number '2' is greater than or equal to expected number '1']]></system-out>
         <system-err><![CDATA[]]></system-err>
      </testcase>
      <testcase name="Test Cases/Subscriber TestCases/TC0651" classname="Test Cases/Subscriber TestCases/TC0651" status="PASSED">
         <system-out><![CDATA[2019-04-25 14:36:09 - [TEST_CASE][PASSED] - Test Cases/Subscriber TestCases/TC0651: Test Cases/Subscriber TestCases/TC0651

2019-04-25 14:36:10 - [TEST_STEP][PASSED] - callTestCase: Call Test Case 'Test Cases/s-sidebar_navigation/individualAccount/Subscriber' successfully

2019-04-25 14:36:10 - [TEST_CASE][PASSED] - Test Cases/s-sidebar_navigation/individualAccount/Subscriber: Test Cases/s-sidebar_navigation/individualAccount/Subscriber

2019-04-25 14:36:10 - [TEST_STEP][PASSED] - click: Object: 'Object Repository/Page_KiboPush  Dashboard/span_Dashboard' is clicked on

2019-04-25 14:36:11 - [MESSAGE][PASSED] - Object: 'Object Repository/Page_KiboPush  Dashboard/span_Dashboard' is clicked on

2019-04-25 14:36:11 - [TEST_STEP][PASSED] - delay: Delayed 2 second(s)

2019-04-25 14:36:14 - [MESSAGE][PASSED] - Delayed 2 second(s)

2019-04-25 14:36:14 - [TEST_STEP][PASSED] - click: Object: 'Object Repository/Page_KiboPush  Subscribers/span_Subscribers (5)' is clicked on

2019-04-25 14:36:15 - [MESSAGE][PASSED] - Object: 'Object Repository/Page_KiboPush  Subscribers/span_Subscribers (5)' is clicked on

2019-04-25 14:36:15 - [TEST_STEP][PASSED] - scrollToPosition: Browser is scrolled to position x = 0, y = 0

2019-04-25 14:36:16 - [MESSAGE][PASSED] - Browser is scrolled to position x = 0, y = 0

2019-04-25 14:36:16 - [TEST_STEP][PASSED] - click: Object: 'Object Repository/Page_KiboPush  Subscribers/h3_Manage Subscribers (1)' is clicked on

2019-04-25 14:36:16 - [MESSAGE][PASSED] - Object: 'Object Repository/Page_KiboPush  Subscribers/h3_Manage Subscribers (1)' is clicked on

2019-04-25 14:36:16 - [MESSAGE][PASSED] - Call Test Case 'Test Cases/s-sidebar_navigation/individualAccount/Subscriber' successfully

2019-04-25 14:36:16 - [TEST_STEP][PASSED] - delay: Delayed 3 second(s)

2019-04-25 14:36:20 - [MESSAGE][PASSED] - Delayed 3 second(s)

2019-04-25 14:36:20 - [TEST_STEP][PASSED] - click: Object: 'Object Repository/Page_KiboEngage  Subscribers/a_next (1)' is clicked on

2019-04-25 14:36:21 - [MESSAGE][PASSED] - Object: 'Object Repository/Page_KiboEngage  Subscribers/a_next (1)' is clicked on

2019-04-25 14:36:21 - [TEST_STEP][PASSED] - delay: Delayed 5 second(s)

2019-04-25 14:36:28 - [MESSAGE][PASSED] - Delayed 5 second(s)

2019-04-25 14:36:28 - [TEST_STEP][PASSED] - Statement - driver = com.kms.katalon.core.webui.driver.DriverFactory.getWebDriver(): null

2019-04-25 14:36:28 - [TEST_STEP][PASSED] - Statement - rows_table = driver.findElements(org.openqa.selenium.By.xpath("//table/tbody/tr")): null

2019-04-25 14:36:28 - [TEST_STEP][PASSED] - Statement - println(rows_table.size()): null

2019-04-25 14:36:28 - [TEST_STEP][PASSED] - verifyGreaterThanOrEqual: Actual number '12' is greater than or equal to expected number '1'

2019-04-25 14:36:28 - [MESSAGE][PASSED] - Actual number '12' is greater than or equal to expected number '1']]></system-out>
         <system-err><![CDATA[]]></system-err>
      </testcase>
      <testcase name="Test Cases/Subscriber TestCases/TC0652" classname="Test Cases/Subscriber TestCases/TC0652" status="PASSED">
         <system-out><![CDATA[2019-04-25 14:36:28 - [TEST_CASE][PASSED] - Test Cases/Subscriber TestCases/TC0652: Test Cases/Subscriber TestCases/TC0652

2019-04-25 14:36:28 - [TEST_STEP][PASSED] - callTestCase: Call Test Case 'Test Cases/s-sidebar_navigation/individualAccount/Subscriber' successfully

2019-04-25 14:36:28 - [TEST_CASE][PASSED] - Test Cases/s-sidebar_navigation/individualAccount/Subscriber: Test Cases/s-sidebar_navigation/individualAccount/Subscriber

2019-04-25 14:36:28 - [TEST_STEP][PASSED] - click: Object: 'Object Repository/Page_KiboPush  Dashboard/span_Dashboard' is clicked on

2019-04-25 14:36:29 - [MESSAGE][PASSED] - Object: 'Object Repository/Page_KiboPush  Dashboard/span_Dashboard' is clicked on

2019-04-25 14:36:29 - [TEST_STEP][PASSED] - delay: Delayed 2 second(s)

2019-04-25 14:36:31 - [MESSAGE][PASSED] - Delayed 2 second(s)

2019-04-25 14:36:31 - [TEST_STEP][PASSED] - click: Object: 'Object Repository/Page_KiboPush  Subscribers/span_Subscribers (5)' is clicked on

2019-04-25 14:36:32 - [MESSAGE][PASSED] - Object: 'Object Repository/Page_KiboPush  Subscribers/span_Subscribers (5)' is clicked on

2019-04-25 14:36:32 - [TEST_STEP][PASSED] - scrollToPosition: Browser is scrolled to position x = 0, y = 0

2019-04-25 14:36:32 - [MESSAGE][PASSED] - Browser is scrolled to position x = 0, y = 0

2019-04-25 14:36:32 - [TEST_STEP][PASSED] - click: Object: 'Object Repository/Page_KiboPush  Subscribers/h3_Manage Subscribers (1)' is clicked on

2019-04-25 14:36:33 - [MESSAGE][PASSED] - Object: 'Object Repository/Page_KiboPush  Subscribers/h3_Manage Subscribers (1)' is clicked on

2019-04-25 14:36:33 - [MESSAGE][PASSED] - Call Test Case 'Test Cases/s-sidebar_navigation/individualAccount/Subscriber' successfully

2019-04-25 14:36:33 - [TEST_STEP][PASSED] - delay: Delayed 3 second(s)

2019-04-25 14:36:37 - [MESSAGE][PASSED] - Delayed 3 second(s)

2019-04-25 14:36:37 - [TEST_STEP][PASSED] - click: Object: 'Object Repository/Page_KiboEngage  Subscribers/a_next (1)' is clicked on

2019-04-25 14:36:37 - [MESSAGE][PASSED] - Object: 'Object Repository/Page_KiboEngage  Subscribers/a_next (1)' is clicked on

2019-04-25 14:36:37 - [TEST_STEP][PASSED] - click: Object: 'Object Repository/Page_KiboEngage  Subscribers/a_previous (1)' is clicked on

2019-04-25 14:36:37 - [MESSAGE][PASSED] - Object: 'Object Repository/Page_KiboEngage  Subscribers/a_previous (1)' is clicked on

2019-04-25 14:36:37 - [TEST_STEP][PASSED] - delay: Delayed 5 second(s)

2019-04-25 14:36:43 - [MESSAGE][PASSED] - Delayed 5 second(s)

2019-04-25 14:36:43 - [TEST_STEP][PASSED] - Statement - driver = com.kms.katalon.core.webui.driver.DriverFactory.getWebDriver(): null

2019-04-25 14:36:43 - [TEST_STEP][PASSED] - Statement - rows_table = driver.findElements(org.openqa.selenium.By.xpath("//table/tbody/tr")): null

2019-04-25 14:36:43 - [TEST_STEP][PASSED] - Statement - println(rows_table.size()): null

2019-04-25 14:36:43 - [TEST_STEP][PASSED] - verifyGreaterThanOrEqual: Actual number '12' is greater than or equal to expected number '1'

2019-04-25 14:36:43 - [MESSAGE][PASSED] - Actual number '12' is greater than or equal to expected number '1']]></system-out>
         <system-err><![CDATA[]]></system-err>
      </testcase>
      <testcase name="Test Cases/Subscriber TestCases/TC0653" classname="Test Cases/Subscriber TestCases/TC0653" status="PASSED">
         <system-out><![CDATA[2019-04-25 14:36:43 - [TEST_CASE][PASSED] - Test Cases/Subscriber TestCases/TC0653: Test Cases/Subscriber TestCases/TC0653

2019-04-25 14:36:45 - [TEST_STEP][PASSED] - callTestCase: Call Test Case 'Test Cases/s-sidebar_navigation/individualAccount/Subscriber' successfully

2019-04-25 14:36:45 - [TEST_CASE][PASSED] - Test Cases/s-sidebar_navigation/individualAccount/Subscriber: Test Cases/s-sidebar_navigation/individualAccount/Subscriber

2019-04-25 14:36:45 - [TEST_STEP][PASSED] - click: Object: 'Object Repository/Page_KiboPush  Dashboard/span_Dashboard' is clicked on

2019-04-25 14:36:45 - [MESSAGE][PASSED] - Object: 'Object Repository/Page_KiboPush  Dashboard/span_Dashboard' is clicked on

2019-04-25 14:36:45 - [TEST_STEP][PASSED] - delay: Delayed 2 second(s)

2019-04-25 14:36:48 - [MESSAGE][PASSED] - Delayed 2 second(s)

2019-04-25 14:36:48 - [TEST_STEP][PASSED] - click: Object: 'Object Repository/Page_KiboPush  Subscribers/span_Subscribers (5)' is clicked on

2019-04-25 14:36:48 - [MESSAGE][PASSED] - Object: 'Object Repository/Page_KiboPush  Subscribers/span_Subscribers (5)' is clicked on

2019-04-25 14:36:48 - [TEST_STEP][PASSED] - scrollToPosition: Browser is scrolled to position x = 0, y = 0

2019-04-25 14:36:48 - [MESSAGE][PASSED] - Browser is scrolled to position x = 0, y = 0

2019-04-25 14:36:48 - [TEST_STEP][PASSED] - click: Object: 'Object Repository/Page_KiboPush  Subscribers/h3_Manage Subscribers (1)' is clicked on

2019-04-25 14:36:48 - [MESSAGE][PASSED] - Object: 'Object Repository/Page_KiboPush  Subscribers/h3_Manage Subscribers (1)' is clicked on

2019-04-25 14:36:48 - [MESSAGE][PASSED] - Call Test Case 'Test Cases/s-sidebar_navigation/individualAccount/Subscriber' successfully

2019-04-25 14:36:48 - [TEST_STEP][PASSED] - delay: Delayed 3 second(s)

2019-04-25 14:36:52 - [MESSAGE][PASSED] - Delayed 3 second(s)

2019-04-25 14:36:52 - [TEST_STEP][PASSED] - click: Object: 'Object Repository/Page_KiboEngage  Subscribers/a_2' is clicked on

2019-04-25 14:36:52 - [MESSAGE][PASSED] - Object: 'Object Repository/Page_KiboEngage  Subscribers/a_2' is clicked on

2019-04-25 14:36:52 - [TEST_STEP][PASSED] - delay: Delayed 5 second(s)

2019-04-25 14:36:57 - [MESSAGE][PASSED] - Delayed 5 second(s)

2019-04-25 14:36:57 - [TEST_STEP][PASSED] - Statement - driver = com.kms.katalon.core.webui.driver.DriverFactory.getWebDriver(): null

2019-04-25 14:36:57 - [TEST_STEP][PASSED] - Statement - rows_table = driver.findElements(org.openqa.selenium.By.xpath("//table/tbody/tr")): null

2019-04-25 14:36:57 - [TEST_STEP][PASSED] - Statement - println(rows_table.size()): null

2019-04-25 14:36:57 - [TEST_STEP][PASSED] - verifyGreaterThanOrEqual: Actual number '12' is greater than or equal to expected number '1'

2019-04-25 14:36:57 - [MESSAGE][PASSED] - Actual number '12' is greater than or equal to expected number '1']]></system-out>
         <system-err><![CDATA[]]></system-err>
      </testcase>
      <testcase name="Test Cases/Subscriber TestCases/TC0654" classname="Test Cases/Subscriber TestCases/TC0654" status="PASSED">
         <system-out><![CDATA[2019-04-25 14:36:57 - [TEST_CASE][PASSED] - Test Cases/Subscriber TestCases/TC0654: Test Cases/Subscriber TestCases/TC0654

2019-04-25 14:36:57 - [TEST_STEP][PASSED] - callTestCase: Call Test Case 'Test Cases/s-sidebar_navigation/individualAccount/Subscriber' successfully

2019-04-25 14:36:58 - [TEST_CASE][PASSED] - Test Cases/s-sidebar_navigation/individualAccount/Subscriber: Test Cases/s-sidebar_navigation/individualAccount/Subscriber

2019-04-25 14:36:58 - [TEST_STEP][PASSED] - click: Object: 'Object Repository/Page_KiboPush  Dashboard/span_Dashboard' is clicked on

2019-04-25 14:36:58 - [MESSAGE][PASSED] - Object: 'Object Repository/Page_KiboPush  Dashboard/span_Dashboard' is clicked on

2019-04-25 14:36:58 - [TEST_STEP][PASSED] - delay: Delayed 2 second(s)

2019-04-25 14:37:00 - [MESSAGE][PASSED] - Delayed 2 second(s)

2019-04-25 14:37:00 - [TEST_STEP][PASSED] - click: Object: 'Object Repository/Page_KiboPush  Subscribers/span_Subscribers (5)' is clicked on

2019-04-25 14:37:01 - [MESSAGE][PASSED] - Object: 'Object Repository/Page_KiboPush  Subscribers/span_Subscribers (5)' is clicked on

2019-04-25 14:37:01 - [TEST_STEP][PASSED] - scrollToPosition: Browser is scrolled to position x = 0, y = 0

2019-04-25 14:37:01 - [MESSAGE][PASSED] - Browser is scrolled to position x = 0, y = 0

2019-04-25 14:37:01 - [TEST_STEP][PASSED] - click: Object: 'Object Repository/Page_KiboPush  Subscribers/h3_Manage Subscribers (1)' is clicked on

2019-04-25 14:37:01 - [MESSAGE][PASSED] - Object: 'Object Repository/Page_KiboPush  Subscribers/h3_Manage Subscribers (1)' is clicked on

2019-04-25 14:37:01 - [MESSAGE][PASSED] - Call Test Case 'Test Cases/s-sidebar_navigation/individualAccount/Subscriber' successfully

2019-04-25 14:37:01 - [TEST_STEP][PASSED] - selectOptionByValue: All options with value 'male' are selected in object 'Object Repository/Page_KiboPush  Subscribers/select_Filter by Gender...AllM'  using regular expression

2019-04-25 14:37:02 - [MESSAGE][PASSED] - All options with value 'male' are selected in object 'Object Repository/Page_KiboPush  Subscribers/select_Filter by Gender...AllM'  using regular expression

2019-04-25 14:37:02 - [TEST_STEP][PASSED] - delay: Delayed 5 second(s)

2019-04-25 14:37:07 - [MESSAGE][PASSED] - Delayed 5 second(s)

2019-04-25 14:37:07 - [TEST_STEP][PASSED] - Statement - driver = com.kms.katalon.core.webui.driver.DriverFactory.getWebDriver(): null

2019-04-25 14:37:07 - [TEST_STEP][PASSED] - Statement - Table = driver.findElement(org.openqa.selenium.By.xpath("//table/tbody")): null

2019-04-25 14:37:07 - [TEST_STEP][PASSED] - Statement - rows_table = Table.findElements(org.openqa.selenium.By.tagName("tr")): null

2019-04-25 14:37:07 - [TEST_STEP][PASSED] - Statement - size = rows_table.size(): null

2019-04-25 14:37:07 - [TEST_STEP][PASSED] - verifyGreaterThanOrEqual: Actual number '2' is greater than or equal to expected number '1'

2019-04-25 14:37:07 - [MESSAGE][PASSED] - Actual number '2' is greater than or equal to expected number '1']]></system-out>
         <system-err><![CDATA[]]></system-err>
      </testcase>
      <testcase name="Test Cases/Subscriber TestCases/TC0655" classname="Test Cases/Subscriber TestCases/TC0655" status="PASSED">
         <system-out><![CDATA[2019-04-25 14:37:07 - [TEST_CASE][PASSED] - Test Cases/Subscriber TestCases/TC0655: Test Cases/Subscriber TestCases/TC0655

2019-04-25 14:37:07 - [TEST_STEP][PASSED] - callTestCase: Call Test Case 'Test Cases/s-sidebar_navigation/individualAccount/Subscriber' successfully

2019-04-25 14:37:07 - [TEST_CASE][PASSED] - Test Cases/s-sidebar_navigation/individualAccount/Subscriber: Test Cases/s-sidebar_navigation/individualAccount/Subscriber

2019-04-25 14:37:07 - [TEST_STEP][PASSED] - click: Object: 'Object Repository/Page_KiboPush  Dashboard/span_Dashboard' is clicked on

2019-04-25 14:37:08 - [MESSAGE][PASSED] - Object: 'Object Repository/Page_KiboPush  Dashboard/span_Dashboard' is clicked on

2019-04-25 14:37:08 - [TEST_STEP][PASSED] - delay: Delayed 2 second(s)

2019-04-25 14:37:09 - [MESSAGE][PASSED] - Delayed 2 second(s)

2019-04-25 14:37:09 - [TEST_STEP][PASSED] - click: Object: 'Object Repository/Page_KiboPush  Subscribers/span_Subscribers (5)' is clicked on

2019-04-25 14:37:10 - [MESSAGE][PASSED] - Object: 'Object Repository/Page_KiboPush  Subscribers/span_Subscribers (5)' is clicked on

2019-04-25 14:37:10 - [TEST_STEP][PASSED] - scrollToPosition: Browser is scrolled to position x = 0, y = 0

2019-04-25 14:37:10 - [MESSAGE][PASSED] - Browser is scrolled to position x = 0, y = 0

2019-04-25 14:37:10 - [TEST_STEP][PASSED] - click: Object: 'Object Repository/Page_KiboPush  Subscribers/h3_Manage Subscribers (1)' is clicked on

2019-04-25 14:37:10 - [MESSAGE][PASSED] - Object: 'Object Repository/Page_KiboPush  Subscribers/h3_Manage Subscribers (1)' is clicked on

2019-04-25 14:37:10 - [MESSAGE][PASSED] - Call Test Case 'Test Cases/s-sidebar_navigation/individualAccount/Subscriber' successfully

2019-04-25 14:37:10 - [TEST_STEP][PASSED] - click: Object: 'Object Repository/Page_KiboEngage  Subscribers/h3_Manage Subscribers (3) (1)' is clicked on

2019-04-25 14:37:10 - [MESSAGE][PASSED] - Object: 'Object Repository/Page_KiboEngage  Subscribers/h3_Manage Subscribers (3) (1)' is clicked on

2019-04-25 14:37:10 - [TEST_STEP][PASSED] - delay: Delayed 3 second(s)

2019-04-25 14:37:13 - [MESSAGE][PASSED] - Delayed 3 second(s)

2019-04-25 14:37:13 - [TEST_STEP][PASSED] - Statement - driver = com.kms.katalon.core.webui.driver.DriverFactory.getWebDriver(): null

2019-04-25 14:37:13 - [TEST_STEP][PASSED] - Statement - rows_table1 = driver.findElements(org.openqa.selenium.By.xpath("//*[@id="content"]/div/div/div/div[2]/div[3]/div[3]/div[2]/div/div/div[2]/div/div[1]/div/div/div[1]/div[2]/div/div[2]/select/option")): null

2019-04-25 14:37:13 - [TEST_STEP][PASSED] - Statement - println(rows_table1.size()): null

2019-04-25 14:37:13 - [TEST_STEP][PASSED] - Statement - rows_table1[1].click(): null

2019-04-25 14:37:13 - [TEST_STEP][PASSED] - delay: Delayed 3 second(s)

2019-04-25 14:37:15 - [MESSAGE][PASSED] - Delayed 3 second(s)

2019-04-25 14:37:15 - [TEST_STEP][PASSED] - Statement - Table = driver.findElement(org.openqa.selenium.By.xpath("//table/tbody")): null

2019-04-25 14:37:15 - [TEST_STEP][PASSED] - Statement - rows_table = Table.findElements(org.openqa.selenium.By.tagName("tr")): null

2019-04-25 14:37:15 - [TEST_STEP][PASSED] - Statement - size = rows_table.size(): null

2019-04-25 14:37:15 - [TEST_STEP][PASSED] - verifyGreaterThanOrEqual: Actual number '2' is greater than or equal to expected number '1'

2019-04-25 14:37:15 - [MESSAGE][PASSED] - Actual number '2' is greater than or equal to expected number '1']]></system-out>
         <system-err><![CDATA[]]></system-err>
      </testcase>
      <testcase name="Test Cases/Subscriber TestCases/TC0656" classname="Test Cases/Subscriber TestCases/TC0656" status="PASSED">
         <system-out><![CDATA[2019-04-25 14:37:15 - [TEST_CASE][PASSED] - Test Cases/Subscriber TestCases/TC0656: Test Cases/Subscriber TestCases/TC0656

2019-04-25 14:37:16 - [TEST_STEP][PASSED] - click: Object: 'Object Repository/Page_KiboEngage  Subscribers/h3_Manage Subscribers (3) (1)' is clicked on

2019-04-25 14:37:16 - [MESSAGE][PASSED] - Object: 'Object Repository/Page_KiboEngage  Subscribers/h3_Manage Subscribers (3) (1)' is clicked on

2019-04-25 14:37:16 - [TEST_STEP][PASSED] - delay: Delayed 3 second(s)

2019-04-25 14:37:18 - [MESSAGE][PASSED] - Delayed 3 second(s)

2019-04-25 14:37:18 - [TEST_STEP][PASSED] - Statement - driver = com.kms.katalon.core.webui.driver.DriverFactory.getWebDriver(): null

2019-04-25 14:37:18 - [TEST_STEP][PASSED] - Statement - rows_table1 = driver.findElements(org.openqa.selenium.By.xpath("//*[@id="content"]/div/div/div/div[2]/div[3]/div[3]/div[2]/div/div/div[2]/div/div[1]/div/div/div[1]/div[2]/div/div[2]/select/option")): null

2019-04-25 14:37:18 - [TEST_STEP][PASSED] - Statement - println(rows_table1.size()): null

2019-04-25 14:37:18 - [TEST_STEP][PASSED] - Statement - rows_table1[2].click(): null

2019-04-25 14:37:18 - [TEST_STEP][PASSED] - delay: Delayed 3 second(s)

2019-04-25 14:37:21 - [MESSAGE][PASSED] - Delayed 3 second(s)

2019-04-25 14:37:21 - [TEST_STEP][PASSED] - Statement - Table = driver.findElement(org.openqa.selenium.By.xpath("//table/tbody")): null

2019-04-25 14:37:21 - [TEST_STEP][PASSED] - Statement - rows_table = Table.findElements(org.openqa.selenium.By.tagName("tr")): null

2019-04-25 14:37:21 - [TEST_STEP][PASSED] - Statement - size = rows_table.size(): null

2019-04-25 14:37:21 - [TEST_STEP][PASSED] - verifyGreaterThanOrEqual: Actual number '2' is greater than or equal to expected number '1'

2019-04-25 14:37:21 - [MESSAGE][PASSED] - Actual number '2' is greater than or equal to expected number '1']]></system-out>
         <system-err><![CDATA[]]></system-err>
      </testcase>
      <testcase name="Test Cases/Subscriber TestCases/TC0657" classname="Test Cases/Subscriber TestCases/TC0657" status="PASSED">
         <system-out><![CDATA[2019-04-25 14:37:21 - [TEST_CASE][PASSED] - Test Cases/Subscriber TestCases/TC0657: Test Cases/Subscriber TestCases/TC0657

2019-04-25 14:37:21 - [TEST_STEP][PASSED] - callTestCase: Call Test Case 'Test Cases/s-sidebar_navigation/individualAccount/Subscriber' successfully

2019-04-25 14:37:21 - [TEST_CASE][PASSED] - Test Cases/s-sidebar_navigation/individualAccount/Subscriber: Test Cases/s-sidebar_navigation/individualAccount/Subscriber

2019-04-25 14:37:21 - [TEST_STEP][PASSED] - click: Object: 'Object Repository/Page_KiboPush  Dashboard/span_Dashboard' is clicked on

2019-04-25 14:37:21 - [MESSAGE][PASSED] - Object: 'Object Repository/Page_KiboPush  Dashboard/span_Dashboard' is clicked on

2019-04-25 14:37:21 - [TEST_STEP][PASSED] - delay: Delayed 2 second(s)

2019-04-25 14:37:23 - [MESSAGE][PASSED] - Delayed 2 second(s)

2019-04-25 14:37:23 - [TEST_STEP][PASSED] - click: Object: 'Object Repository/Page_KiboPush  Subscribers/span_Subscribers (5)' is clicked on

2019-04-25 14:37:23 - [MESSAGE][PASSED] - Object: 'Object Repository/Page_KiboPush  Subscribers/span_Subscribers (5)' is clicked on

2019-04-25 14:37:23 - [TEST_STEP][PASSED] - scrollToPosition: Browser is scrolled to position x = 0, y = 0

2019-04-25 14:37:23 - [MESSAGE][PASSED] - Browser is scrolled to position x = 0, y = 0

2019-04-25 14:37:23 - [TEST_STEP][PASSED] - click: Object: 'Object Repository/Page_KiboPush  Subscribers/h3_Manage Subscribers (1)' is clicked on

2019-04-25 14:37:23 - [MESSAGE][PASSED] - Object: 'Object Repository/Page_KiboPush  Subscribers/h3_Manage Subscribers (1)' is clicked on

2019-04-25 14:37:23 - [MESSAGE][PASSED] - Call Test Case 'Test Cases/s-sidebar_navigation/individualAccount/Subscriber' successfully

2019-04-25 14:37:23 - [TEST_STEP][PASSED] - delay: Delayed 2 second(s)

2019-04-25 14:37:25 - [MESSAGE][PASSED] - Delayed 2 second(s)

2019-04-25 14:37:25 - [TEST_STEP][PASSED] - selectOptionByValue: All options with value 'all' are selected in object 'Object Repository/Page_KiboPush  Subscribers/select_Filter by Tags...ALLhel'  using regular expression

2019-04-25 14:37:25 - [MESSAGE][PASSED] - All options with value 'all' are selected in object 'Object Repository/Page_KiboPush  Subscribers/select_Filter by Tags...ALLhel'  using regular expression

2019-04-25 14:37:25 - [TEST_STEP][PASSED] - delay: Delayed 2 second(s)

2019-04-25 14:37:27 - [MESSAGE][PASSED] - Delayed 2 second(s)

2019-04-25 14:37:27 - [TEST_STEP][PASSED] - Statement - driver = com.kms.katalon.core.webui.driver.DriverFactory.getWebDriver(): null

2019-04-25 14:37:27 - [TEST_STEP][PASSED] - Statement - Table = driver.findElement(org.openqa.selenium.By.xpath("//table/tbody")): null

2019-04-25 14:37:27 - [TEST_STEP][PASSED] - Statement - rows_table = Table.findElements(org.openqa.selenium.By.tagName("tr")): null

2019-04-25 14:37:27 - [TEST_STEP][PASSED] - Statement - size = rows_table.size(): null

2019-04-25 14:37:27 - [TEST_STEP][PASSED] - verifyGreaterThanOrEqual: Actual number '2' is greater than or equal to expected number '1'

2019-04-25 14:37:27 - [MESSAGE][PASSED] - Actual number '2' is greater than or equal to expected number '1']]></system-out>
         <system-err><![CDATA[]]></system-err>
      </testcase>
      <testcase name="Test Cases/Subscriber TestCases/TC0658" classname="Test Cases/Subscriber TestCases/TC0658" status="PASSED">
         <system-out><![CDATA[2019-04-25 14:37:27 - [TEST_CASE][PASSED] - Test Cases/Subscriber TestCases/TC0658: Test Cases/Subscriber TestCases/TC0658

2019-04-25 14:37:27 - [TEST_STEP][PASSED] - callTestCase: Call Test Case 'Test Cases/s-sidebar_navigation/individualAccount/Subscriber' successfully

2019-04-25 14:37:27 - [TEST_CASE][PASSED] - Test Cases/s-sidebar_navigation/individualAccount/Subscriber: Test Cases/s-sidebar_navigation/individualAccount/Subscriber

2019-04-25 14:37:27 - [TEST_STEP][PASSED] - click: Object: 'Object Repository/Page_KiboPush  Dashboard/span_Dashboard' is clicked on

2019-04-25 14:37:28 - [MESSAGE][PASSED] - Object: 'Object Repository/Page_KiboPush  Dashboard/span_Dashboard' is clicked on

2019-04-25 14:37:28 - [TEST_STEP][PASSED] - delay: Delayed 2 second(s)

2019-04-25 14:37:29 - [MESSAGE][PASSED] - Delayed 2 second(s)

2019-04-25 14:37:29 - [TEST_STEP][PASSED] - click: Object: 'Object Repository/Page_KiboPush  Subscribers/span_Subscribers (5)' is clicked on

2019-04-25 14:37:29 - [MESSAGE][PASSED] - Object: 'Object Repository/Page_KiboPush  Subscribers/span_Subscribers (5)' is clicked on

2019-04-25 14:37:29 - [TEST_STEP][PASSED] - scrollToPosition: Browser is scrolled to position x = 0, y = 0

2019-04-25 14:37:29 - [MESSAGE][PASSED] - Browser is scrolled to position x = 0, y = 0

2019-04-25 14:37:29 - [TEST_STEP][PASSED] - click: Object: 'Object Repository/Page_KiboPush  Subscribers/h3_Manage Subscribers (1)' is clicked on

2019-04-25 14:37:29 - [MESSAGE][PASSED] - Object: 'Object Repository/Page_KiboPush  Subscribers/h3_Manage Subscribers (1)' is clicked on

2019-04-25 14:37:29 - [MESSAGE][PASSED] - Call Test Case 'Test Cases/s-sidebar_navigation/individualAccount/Subscriber' successfully

2019-04-25 14:37:29 - [TEST_STEP][PASSED] - selectOptionByValue: All options with value 'subscribed' are selected in object 'Object Repository/Page_KiboPush  Subscribers/select_Filter by Status...ALLS'  using regular expression

2019-04-25 14:37:30 - [MESSAGE][PASSED] - All options with value 'subscribed' are selected in object 'Object Repository/Page_KiboPush  Subscribers/select_Filter by Status...ALLS'  using regular expression

2019-04-25 14:37:30 - [TEST_STEP][PASSED] - delay: Delayed 2 second(s)

2019-04-25 14:37:32 - [MESSAGE][PASSED] - Delayed 2 second(s)

2019-04-25 14:37:32 - [TEST_STEP][PASSED] - Statement - driver = com.kms.katalon.core.webui.driver.DriverFactory.getWebDriver(): null

2019-04-25 14:37:32 - [TEST_STEP][PASSED] - Statement - Table = driver.findElement(org.openqa.selenium.By.xpath("//table/tbody")): null

2019-04-25 14:37:32 - [TEST_STEP][PASSED] - Statement - rows_table = Table.findElements(org.openqa.selenium.By.tagName("tr")): null

2019-04-25 14:37:32 - [TEST_STEP][PASSED] - Statement - size = rows_table.size(): null

2019-04-25 14:37:32 - [TEST_STEP][PASSED] - verifyGreaterThanOrEqual: Actual number '2' is greater than or equal to expected number '1'

2019-04-25 14:37:32 - [MESSAGE][PASSED] - Actual number '2' is greater than or equal to expected number '1']]></system-out>
         <system-err><![CDATA[]]></system-err>
      </testcase>
      <testcase name="Test Cases/Subscriber TestCases/TC0659" classname="Test Cases/Subscriber TestCases/TC0659" status="PASSED">
         <system-out><![CDATA[2019-04-25 14:37:32 - [TEST_CASE][PASSED] - Test Cases/Subscriber TestCases/TC0659: Test Cases/Subscriber TestCases/TC0659

2019-04-25 14:37:32 - [TEST_STEP][PASSED] - callTestCase: Call Test Case 'Test Cases/s-sidebar_navigation/individualAccount/Subscriber' successfully

2019-04-25 14:37:32 - [TEST_CASE][PASSED] - Test Cases/s-sidebar_navigation/individualAccount/Subscriber: Test Cases/s-sidebar_navigation/individualAccount/Subscriber

2019-04-25 14:37:32 - [TEST_STEP][PASSED] - click: Object: 'Object Repository/Page_KiboPush  Dashboard/span_Dashboard' is clicked on

2019-04-25 14:37:33 - [MESSAGE][PASSED] - Object: 'Object Repository/Page_KiboPush  Dashboard/span_Dashboard' is clicked on

2019-04-25 14:37:33 - [TEST_STEP][PASSED] - delay: Delayed 2 second(s)

2019-04-25 14:37:35 - [MESSAGE][PASSED] - Delayed 2 second(s)

2019-04-25 14:37:35 - [TEST_STEP][PASSED] - click: Object: 'Object Repository/Page_KiboPush  Subscribers/span_Subscribers (5)' is clicked on

2019-04-25 14:37:35 - [MESSAGE][PASSED] - Object: 'Object Repository/Page_KiboPush  Subscribers/span_Subscribers (5)' is clicked on

2019-04-25 14:37:35 - [TEST_STEP][PASSED] - scrollToPosition: Browser is scrolled to position x = 0, y = 0

2019-04-25 14:37:35 - [MESSAGE][PASSED] - Browser is scrolled to position x = 0, y = 0

2019-04-25 14:37:35 - [TEST_STEP][PASSED] - click: Object: 'Object Repository/Page_KiboPush  Subscribers/h3_Manage Subscribers (1)' is clicked on

2019-04-25 14:37:36 - [MESSAGE][PASSED] - Object: 'Object Repository/Page_KiboPush  Subscribers/h3_Manage Subscribers (1)' is clicked on

2019-04-25 14:37:36 - [MESSAGE][PASSED] - Call Test Case 'Test Cases/s-sidebar_navigation/individualAccount/Subscriber' successfully

2019-04-25 14:37:36 - [TEST_STEP][PASSED] - selectOptionByValue: All options with value 'male' are selected in object 'Object Repository/Page_KiboPush  Subscribers/select_Filter by Gender...AllM'  using regular expression

2019-04-25 14:37:37 - [MESSAGE][PASSED] - All options with value 'male' are selected in object 'Object Repository/Page_KiboPush  Subscribers/select_Filter by Gender...AllM'  using regular expression

2019-04-25 14:37:37 - [TEST_STEP][PASSED] - selectOptionByValue: All options with value 'subscribed' are selected in object 'Object Repository/Page_KiboPush  Subscribers/select_Filter by Status...ALLS'  using regular expression

2019-04-25 14:37:37 - [MESSAGE][PASSED] - All options with value 'subscribed' are selected in object 'Object Repository/Page_KiboPush  Subscribers/select_Filter by Status...ALLS'  using regular expression

2019-04-25 14:37:37 - [TEST_STEP][PASSED] - delay: Delayed 5 second(s)

2019-04-25 14:37:42 - [MESSAGE][PASSED] - Delayed 5 second(s)

2019-04-25 14:37:42 - [TEST_STEP][PASSED] - Statement - driver = com.kms.katalon.core.webui.driver.DriverFactory.getWebDriver(): null

2019-04-25 14:37:42 - [TEST_STEP][PASSED] - Statement - Table = driver.findElement(org.openqa.selenium.By.xpath("//table/tbody")): null

2019-04-25 14:37:42 - [TEST_STEP][PASSED] - Statement - rows_table = Table.findElements(org.openqa.selenium.By.tagName("tr")): null

2019-04-25 14:37:42 - [TEST_STEP][PASSED] - Statement - size = rows_table.size(): null

2019-04-25 14:37:42 - [TEST_STEP][PASSED] - verifyGreaterThanOrEqual: Actual number '2' is greater than or equal to expected number '1'

2019-04-25 14:37:42 - [MESSAGE][PASSED] - Actual number '2' is greater than or equal to expected number '1']]></system-out>
         <system-err><![CDATA[]]></system-err>
      </testcase>
      <testcase name="Test Cases/Subscriber TestCases/TC0660" classname="Test Cases/Subscriber TestCases/TC0660" status="PASSED">
         <system-out><![CDATA[2019-04-25 14:37:42 - [TEST_CASE][PASSED] - Test Cases/Subscriber TestCases/TC0660: Test Cases/Subscriber TestCases/TC0660

2019-04-25 14:37:43 - [TEST_STEP][PASSED] - callTestCase: Call Test Case 'Test Cases/s-sidebar_navigation/individualAccount/Subscriber' successfully

2019-04-25 14:37:43 - [TEST_CASE][PASSED] - Test Cases/s-sidebar_navigation/individualAccount/Subscriber: Test Cases/s-sidebar_navigation/individualAccount/Subscriber

2019-04-25 14:37:43 - [TEST_STEP][PASSED] - click: Object: 'Object Repository/Page_KiboPush  Dashboard/span_Dashboard' is clicked on

2019-04-25 14:37:43 - [MESSAGE][PASSED] - Object: 'Object Repository/Page_KiboPush  Dashboard/span_Dashboard' is clicked on

2019-04-25 14:37:43 - [TEST_STEP][PASSED] - delay: Delayed 2 second(s)

2019-04-25 14:37:45 - [MESSAGE][PASSED] - Delayed 2 second(s)

2019-04-25 14:37:45 - [TEST_STEP][PASSED] - click: Object: 'Object Repository/Page_KiboPush  Subscribers/span_Subscribers (5)' is clicked on

2019-04-25 14:37:46 - [MESSAGE][PASSED] - Object: 'Object Repository/Page_KiboPush  Subscribers/span_Subscribers (5)' is clicked on

2019-04-25 14:37:46 - [TEST_STEP][PASSED] - scrollToPosition: Browser is scrolled to position x = 0, y = 0

2019-04-25 14:37:46 - [MESSAGE][PASSED] - Browser is scrolled to position x = 0, y = 0

2019-04-25 14:37:46 - [TEST_STEP][PASSED] - click: Object: 'Object Repository/Page_KiboPush  Subscribers/h3_Manage Subscribers (1)' is clicked on

2019-04-25 14:37:46 - [MESSAGE][PASSED] - Object: 'Object Repository/Page_KiboPush  Subscribers/h3_Manage Subscribers (1)' is clicked on

2019-04-25 14:37:46 - [MESSAGE][PASSED] - Call Test Case 'Test Cases/s-sidebar_navigation/individualAccount/Subscriber' successfully

2019-04-25 14:37:46 - [TEST_STEP][PASSED] - delay: Delayed 3 second(s)

2019-04-25 14:37:49 - [MESSAGE][PASSED] - Delayed 3 second(s)

2019-04-25 14:37:49 - [TEST_STEP][PASSED] - Statement - driver = com.kms.katalon.core.webui.driver.DriverFactory.getWebDriver(): null

2019-04-25 14:37:49 - [TEST_STEP][PASSED] - Statement - rows_table1 = driver.findElements(org.openqa.selenium.By.xpath("//*[@id="content"]/div/div/div/div[2]/div[3]/div[3]/div[2]/div/div/div[2]/div/div[1]/div/div/div[1]/div[2]/div/div[2]/select/option")): null

2019-04-25 14:37:49 - [TEST_STEP][PASSED] - Statement - println(rows_table1.size()): null

2019-04-25 14:37:49 - [TEST_STEP][PASSED] - Statement - rows_table1[2].click(): null

2019-04-25 14:37:49 - [TEST_STEP][PASSED] - setText: Text 'Arveen' is set on object 'Object Repository/Page_KiboPush  Subscribers/input_generalSearch'

2019-04-25 14:37:50 - [MESSAGE][PASSED] - Text 'Arveen' is set on object 'Object Repository/Page_KiboPush  Subscribers/input_generalSearch'

2019-04-25 14:37:50 - [TEST_STEP][PASSED] - delay: Delayed 15 second(s)

2019-04-25 14:38:05 - [MESSAGE][PASSED] - Delayed 15 second(s)

2019-04-25 14:38:05 - [TEST_STEP][PASSED] - Statement - Table = driver.findElement(org.openqa.selenium.By.xpath("//table/tbody")): null

2019-04-25 14:38:05 - [TEST_STEP][PASSED] - Statement - rows_table = Table.findElements(org.openqa.selenium.By.tagName("tr")): null

2019-04-25 14:38:05 - [TEST_STEP][PASSED] - Statement - size = rows_table.size(): null

2019-04-25 14:38:05 - [TEST_STEP][PASSED] - verifyGreaterThanOrEqual: Actual number '2' is greater than or equal to expected number '1'

2019-04-25 14:38:05 - [MESSAGE][PASSED] - Actual number '2' is greater than or equal to expected number '1']]></system-out>
         <system-err><![CDATA[]]></system-err>
      </testcase>
      <testcase name="Test Cases/Subscriber TestCases/TC0666" classname="Test Cases/Subscriber TestCases/TC0666" status="PASSED">
         <system-out><![CDATA[2019-04-25 14:38:05 - [TEST_CASE][PASSED] - Test Cases/Subscriber TestCases/TC0666: Test Cases/Subscriber TestCases/TC0666

2019-04-25 14:38:05 - [TEST_STEP][PASSED] - callTestCase: Call Test Case 'Test Cases/s-sidebar_navigation/individualAccount/Subscriber' successfully

2019-04-25 14:38:05 - [TEST_CASE][PASSED] - Test Cases/s-sidebar_navigation/individualAccount/Subscriber: Test Cases/s-sidebar_navigation/individualAccount/Subscriber

2019-04-25 14:38:05 - [TEST_STEP][PASSED] - click: Object: 'Object Repository/Page_KiboPush  Dashboard/span_Dashboard' is clicked on

2019-04-25 14:38:06 - [MESSAGE][PASSED] - Object: 'Object Repository/Page_KiboPush  Dashboard/span_Dashboard' is clicked on

2019-04-25 14:38:06 - [TEST_STEP][PASSED] - delay: Delayed 2 second(s)

2019-04-25 14:38:08 - [MESSAGE][PASSED] - Delayed 2 second(s)

2019-04-25 14:38:08 - [TEST_STEP][PASSED] - click: Object: 'Object Repository/Page_KiboPush  Subscribers/span_Subscribers (5)' is clicked on

2019-04-25 14:38:08 - [MESSAGE][PASSED] - Object: 'Object Repository/Page_KiboPush  Subscribers/span_Subscribers (5)' is clicked on

2019-04-25 14:38:08 - [TEST_STEP][PASSED] - scrollToPosition: Browser is scrolled to position x = 0, y = 0

2019-04-25 14:38:08 - [MESSAGE][PASSED] - Browser is scrolled to position x = 0, y = 0

2019-04-25 14:38:08 - [TEST_STEP][PASSED] - click: Object: 'Object Repository/Page_KiboPush  Subscribers/h3_Manage Subscribers (1)' is clicked on

2019-04-25 14:38:08 - [MESSAGE][PASSED] - Object: 'Object Repository/Page_KiboPush  Subscribers/h3_Manage Subscribers (1)' is clicked on

2019-04-25 14:38:08 - [MESSAGE][PASSED] - Call Test Case 'Test Cases/s-sidebar_navigation/individualAccount/Subscriber' successfully

2019-04-25 14:38:08 - [TEST_STEP][PASSED] - delay: Delayed 2 second(s)

2019-04-25 14:38:10 - [MESSAGE][PASSED] - Delayed 2 second(s)

2019-04-25 14:38:10 - [TEST_STEP][PASSED] - click: Object: 'Object Repository/Page_KiboPush  Subscribers/a_Edit Tags (1)' is clicked on

2019-04-25 14:38:10 - [MESSAGE][PASSED] - Object: 'Object Repository/Page_KiboPush  Subscribers/a_Edit Tags (1)' is clicked on

2019-04-25 14:38:10 - [TEST_STEP][PASSED] - delay: Delayed 1 second(s)

2019-04-25 14:38:11 - [MESSAGE][PASSED] - Delayed 1 second(s)

2019-04-25 14:38:11 - [TEST_STEP][PASSED] - click: Object: 'Object Repository/Page_KiboPush  Subscribers/button_Edit' is clicked on

2019-04-25 14:38:12 - [MESSAGE][PASSED] - Object: 'Object Repository/Page_KiboPush  Subscribers/button_Edit' is clicked on

2019-04-25 14:38:12 - [TEST_STEP][PASSED] - delay: Delayed 2 second(s)

2019-04-25 14:38:14 - [MESSAGE][PASSED] - Delayed 2 second(s)

2019-04-25 14:38:14 - [TEST_STEP][PASSED] - Statement - driver = com.kms.katalon.core.webui.driver.DriverFactory.getWebDriver(): null

2019-04-25 14:38:14 - [TEST_STEP][PASSED] - Statement - tag = driver.findElement(org.openqa.selenium.By.xpath("//*[@id="tagName"]")): null

2019-04-25 14:38:14 - [TEST_STEP][PASSED] - Statement - tag.clear(): null

2019-04-25 14:38:14 - [TEST_STEP][PASSED] - Statement - tag.sendKeys("hello"): null

2019-04-25 14:38:14 - [TEST_STEP][PASSED] - click: Object: 'Object Repository/Page_KiboPush  Subscribers/button_Save (1)' is clicked on

2019-04-25 14:38:15 - [MESSAGE][PASSED] - Object: 'Object Repository/Page_KiboPush  Subscribers/button_Save (1)' is clicked on]]></system-out>
         <system-err><![CDATA[]]></system-err>
      </testcase>
      <testcase name="Test Cases/Subscriber TestCases/TC0667" classname="Test Cases/Subscriber TestCases/TC0667" status="PASSED">
         <system-out><![CDATA[2019-04-25 14:38:15 - [TEST_CASE][PASSED] - Test Cases/Subscriber TestCases/TC0667: Test Cases/Subscriber TestCases/TC0667

2019-04-25 14:38:15 - [TEST_STEP][PASSED] - callTestCase: Call Test Case 'Test Cases/s-sidebar_navigation/individualAccount/Subscriber' successfully

2019-04-25 14:38:15 - [TEST_CASE][PASSED] - Test Cases/s-sidebar_navigation/individualAccount/Subscriber: Test Cases/s-sidebar_navigation/individualAccount/Subscriber

2019-04-25 14:38:15 - [TEST_STEP][PASSED] - click: Object: 'Object Repository/Page_KiboPush  Dashboard/span_Dashboard' is clicked on

2019-04-25 14:38:16 - [MESSAGE][PASSED] - Object: 'Object Repository/Page_KiboPush  Dashboard/span_Dashboard' is clicked on

2019-04-25 14:38:16 - [TEST_STEP][PASSED] - delay: Delayed 2 second(s)

2019-04-25 14:38:18 - [MESSAGE][PASSED] - Delayed 2 second(s)

2019-04-25 14:38:18 - [TEST_STEP][PASSED] - click: Object: 'Object Repository/Page_KiboPush  Subscribers/span_Subscribers (5)' is clicked on

2019-04-25 14:38:18 - [MESSAGE][PASSED] - Object: 'Object Repository/Page_KiboPush  Subscribers/span_Subscribers (5)' is clicked on

2019-04-25 14:38:18 - [TEST_STEP][PASSED] - scrollToPosition: Browser is scrolled to position x = 0, y = 0

2019-04-25 14:38:18 - [MESSAGE][PASSED] - Browser is scrolled to position x = 0, y = 0

2019-04-25 14:38:18 - [TEST_STEP][PASSED] - click: Object: 'Object Repository/Page_KiboPush  Subscribers/h3_Manage Subscribers (1)' is clicked on

2019-04-25 14:38:18 - [MESSAGE][PASSED] - Object: 'Object Repository/Page_KiboPush  Subscribers/h3_Manage Subscribers (1)' is clicked on

2019-04-25 14:38:18 - [MESSAGE][PASSED] - Call Test Case 'Test Cases/s-sidebar_navigation/individualAccount/Subscriber' successfully

2019-04-25 14:38:18 - [TEST_STEP][PASSED] - click: Object: 'Object Repository/Page_KiboPush  Subscribers/a_Edit Tags (4)' is clicked on

2019-04-25 14:38:19 - [MESSAGE][PASSED] - Object: 'Object Repository/Page_KiboPush  Subscribers/a_Edit Tags (4)' is clicked on

2019-04-25 14:38:19 - [TEST_STEP][PASSED] - click: Object: 'Object Repository/Page_KiboPush  Subscribers/span_hello (2)' is clicked on

2019-04-25 14:38:19 - [MESSAGE][PASSED] - Object: 'Object Repository/Page_KiboPush  Subscribers/span_hello (2)' is clicked on

2019-04-25 14:38:19 - [TEST_STEP][PASSED] - click: Object: 'Object Repository/Page_KiboPush  Subscribers/button_Edit (1)' is clicked on

2019-04-25 14:38:19 - [MESSAGE][PASSED] - Object: 'Object Repository/Page_KiboPush  Subscribers/button_Edit (1)' is clicked on

2019-04-25 14:38:19 - [TEST_STEP][PASSED] - click: Object: 'Object Repository/Page_KiboEngage  Subscribers/button_Cancel' is clicked on

2019-04-25 14:38:20 - [MESSAGE][PASSED] - Object: 'Object Repository/Page_KiboEngage  Subscribers/button_Cancel' is clicked on

2019-04-25 14:38:20 - [TEST_STEP][PASSED] - click: Object: 'Object Repository/Page_KiboEngage  Subscribers/span_hello (1)' is clicked on

2019-04-25 14:38:20 - [MESSAGE][PASSED] - Object: 'Object Repository/Page_KiboEngage  Subscribers/span_hello (1)' is clicked on]]></system-out>
         <system-err><![CDATA[]]></system-err>
      </testcase>
      <testcase name="Test Cases/Subscriber TestCases/TC0668" classname="Test Cases/Subscriber TestCases/TC0668" status="PASSED">
         <system-out><![CDATA[2019-04-25 14:38:20 - [TEST_CASE][PASSED] - Test Cases/Subscriber TestCases/TC0668: Test Cases/Subscriber TestCases/TC0668

2019-04-25 14:38:21 - [TEST_STEP][PASSED] - callTestCase: Call Test Case 'Test Cases/s-sidebar_navigation/individualAccount/Subscriber' successfully

2019-04-25 14:38:21 - [TEST_CASE][PASSED] - Test Cases/s-sidebar_navigation/individualAccount/Subscriber: Test Cases/s-sidebar_navigation/individualAccount/Subscriber

2019-04-25 14:38:21 - [TEST_STEP][PASSED] - click: Object: 'Object Repository/Page_KiboPush  Dashboard/span_Dashboard' is clicked on

2019-04-25 14:38:21 - [MESSAGE][PASSED] - Object: 'Object Repository/Page_KiboPush  Dashboard/span_Dashboard' is clicked on

2019-04-25 14:38:21 - [TEST_STEP][PASSED] - delay: Delayed 2 second(s)

2019-04-25 14:38:23 - [MESSAGE][PASSED] - Delayed 2 second(s)

2019-04-25 14:38:23 - [TEST_STEP][PASSED] - click: Object: 'Object Repository/Page_KiboPush  Subscribers/span_Subscribers (5)' is clicked on

2019-04-25 14:38:24 - [MESSAGE][PASSED] - Object: 'Object Repository/Page_KiboPush  Subscribers/span_Subscribers (5)' is clicked on

2019-04-25 14:38:24 - [TEST_STEP][PASSED] - scrollToPosition: Browser is scrolled to position x = 0, y = 0

2019-04-25 14:38:24 - [MESSAGE][PASSED] - Browser is scrolled to position x = 0, y = 0

2019-04-25 14:38:24 - [TEST_STEP][PASSED] - click: Object: 'Object Repository/Page_KiboPush  Subscribers/h3_Manage Subscribers (1)' is clicked on

2019-04-25 14:38:25 - [MESSAGE][PASSED] - Object: 'Object Repository/Page_KiboPush  Subscribers/h3_Manage Subscribers (1)' is clicked on

2019-04-25 14:38:25 - [MESSAGE][PASSED] - Call Test Case 'Test Cases/s-sidebar_navigation/individualAccount/Subscriber' successfully

2019-04-25 14:38:25 - [TEST_STEP][PASSED] - click: Object: 'Object Repository/Page_KiboPush  Subscribers/a_Edit Tags (2)' is clicked on

2019-04-25 14:38:25 - [MESSAGE][PASSED] - Object: 'Object Repository/Page_KiboPush  Subscribers/a_Edit Tags (2)' is clicked on

2019-04-25 14:38:25 - [TEST_STEP][PASSED] - click: Object: 'Object Repository/Page_KiboPush  Subscribers/button_Delete (1)' is clicked on

2019-04-25 14:38:26 - [MESSAGE][PASSED] - Object: 'Object Repository/Page_KiboPush  Subscribers/button_Delete (1)' is clicked on]]></system-out>
         <system-err><![CDATA[]]></system-err>
      </testcase>
      <testcase name="Test Cases/Subscriber TestCases/TC0669" classname="Test Cases/Subscriber TestCases/TC0669" status="PASSED">
         <system-out><![CDATA[2019-04-25 14:38:26 - [TEST_CASE][PASSED] - Test Cases/Subscriber TestCases/TC0669: Test Cases/Subscriber TestCases/TC0669

2019-04-25 14:38:26 - [TEST_STEP][PASSED] - callTestCase: Call Test Case 'Test Cases/s-sidebar_navigation/individualAccount/Subscriber' successfully

2019-04-25 14:38:26 - [TEST_CASE][PASSED] - Test Cases/s-sidebar_navigation/individualAccount/Subscriber: Test Cases/s-sidebar_navigation/individualAccount/Subscriber

2019-04-25 14:38:26 - [TEST_STEP][PASSED] - click: Object: 'Object Repository/Page_KiboPush  Dashboard/span_Dashboard' is clicked on

2019-04-25 14:38:27 - [MESSAGE][PASSED] - Object: 'Object Repository/Page_KiboPush  Dashboard/span_Dashboard' is clicked on

2019-04-25 14:38:27 - [TEST_STEP][PASSED] - delay: Delayed 2 second(s)

2019-04-25 14:38:29 - [MESSAGE][PASSED] - Delayed 2 second(s)

2019-04-25 14:38:29 - [TEST_STEP][PASSED] - click: Object: 'Object Repository/Page_KiboPush  Subscribers/span_Subscribers (5)' is clicked on

2019-04-25 14:38:29 - [MESSAGE][PASSED] - Object: 'Object Repository/Page_KiboPush  Subscribers/span_Subscribers (5)' is clicked on

2019-04-25 14:38:29 - [TEST_STEP][PASSED] - scrollToPosition: Browser is scrolled to position x = 0, y = 0

2019-04-25 14:38:29 - [MESSAGE][PASSED] - Browser is scrolled to position x = 0, y = 0

2019-04-25 14:38:29 - [TEST_STEP][PASSED] - click: Object: 'Object Repository/Page_KiboPush  Subscribers/h3_Manage Subscribers (1)' is clicked on

2019-04-25 14:38:29 - [MESSAGE][PASSED] - Object: 'Object Repository/Page_KiboPush  Subscribers/h3_Manage Subscribers (1)' is clicked on

2019-04-25 14:38:29 - [MESSAGE][PASSED] - Call Test Case 'Test Cases/s-sidebar_navigation/individualAccount/Subscriber' successfully

2019-04-25 14:38:29 - [TEST_STEP][PASSED] - delay: Delayed 2 second(s)

2019-04-25 14:38:31 - [MESSAGE][PASSED] - Delayed 2 second(s)

2019-04-25 14:38:31 - [TEST_STEP][PASSED] - click: Object: 'Object Repository/Page_KiboPush  Subscribers/a_Edit Tags (3) (1)' is clicked on

2019-04-25 14:38:32 - [MESSAGE][PASSED] - Object: 'Object Repository/Page_KiboPush  Subscribers/a_Edit Tags (3) (1)' is clicked on

2019-04-25 14:38:32 - [TEST_STEP][PASSED] - click: Object: 'Object Repository/Page_KiboPush  Subscribers/span_hello (1) (1)' is clicked on

2019-04-25 14:38:32 - [MESSAGE][PASSED] - Object: 'Object Repository/Page_KiboPush  Subscribers/span_hello (1) (1)' is clicked on

2019-04-25 14:38:32 - [TEST_STEP][PASSED] - click: Object: 'Object Repository/Page_KiboPush  Subscribers/button_Delete (2) (1)' is clicked on

2019-04-25 14:38:32 - [MESSAGE][PASSED] - Object: 'Object Repository/Page_KiboPush  Subscribers/button_Delete (2) (1)' is clicked on

2019-04-25 14:38:32 - [TEST_STEP][PASSED] - delay: Delayed 3 second(s)

2019-04-25 14:38:35 - [MESSAGE][PASSED] - Delayed 3 second(s)

2019-04-25 14:38:35 - [TEST_STEP][PASSED] - click: Object: 'Object Repository/Page_KiboEngage  Subscribers/button_Cancel (1)' is clicked on

2019-04-25 14:38:35 - [MESSAGE][PASSED] - Object: 'Object Repository/Page_KiboEngage  Subscribers/button_Cancel (1)' is clicked on

2019-04-25 14:38:35 - [TEST_STEP][PASSED] - delay: Delayed 2 second(s)

2019-04-25 14:38:37 - [MESSAGE][PASSED] - Delayed 2 second(s)

2019-04-25 14:38:37 - [TEST_STEP][PASSED] - click: Object: 'Object Repository/Page_KiboEngage  Subscribers/span_hello' is clicked on

2019-04-25 14:38:38 - [MESSAGE][PASSED] - Object: 'Object Repository/Page_KiboEngage  Subscribers/span_hello' is clicked on]]></system-out>
         <system-err><![CDATA[]]></system-err>
      </testcase>
      <testcase name="Test Cases/Subscriber TestCases/TC0670" classname="Test Cases/Subscriber TestCases/TC0670" status="PASSED">
         <system-out><![CDATA[2019-04-25 14:38:38 - [TEST_CASE][PASSED] - Test Cases/Subscriber TestCases/TC0670: Test Cases/Subscriber TestCases/TC0670

2019-04-25 14:38:38 - [TEST_STEP][PASSED] - callTestCase: Call Test Case 'Test Cases/s-sidebar_navigation/individualAccount/Subscriber' successfully

2019-04-25 14:38:38 - [TEST_CASE][PASSED] - Test Cases/s-sidebar_navigation/individualAccount/Subscriber: Test Cases/s-sidebar_navigation/individualAccount/Subscriber

2019-04-25 14:38:38 - [TEST_STEP][PASSED] - click: Object: 'Object Repository/Page_KiboPush  Dashboard/span_Dashboard' is clicked on

2019-04-25 14:38:38 - [MESSAGE][PASSED] - Object: 'Object Repository/Page_KiboPush  Dashboard/span_Dashboard' is clicked on

2019-04-25 14:38:38 - [TEST_STEP][PASSED] - delay: Delayed 2 second(s)

2019-04-25 14:38:40 - [MESSAGE][PASSED] - Delayed 2 second(s)

2019-04-25 14:38:40 - [TEST_STEP][PASSED] - click: Object: 'Object Repository/Page_KiboPush  Subscribers/span_Subscribers (5)' is clicked on

2019-04-25 14:38:41 - [MESSAGE][PASSED] - Object: 'Object Repository/Page_KiboPush  Subscribers/span_Subscribers (5)' is clicked on

2019-04-25 14:38:41 - [TEST_STEP][PASSED] - scrollToPosition: Browser is scrolled to position x = 0, y = 0

2019-04-25 14:38:41 - [MESSAGE][PASSED] - Browser is scrolled to position x = 0, y = 0

2019-04-25 14:38:41 - [TEST_STEP][PASSED] - click: Object: 'Object Repository/Page_KiboPush  Subscribers/h3_Manage Subscribers (1)' is clicked on

2019-04-25 14:38:41 - [MESSAGE][PASSED] - Object: 'Object Repository/Page_KiboPush  Subscribers/h3_Manage Subscribers (1)' is clicked on

2019-04-25 14:38:41 - [MESSAGE][PASSED] - Call Test Case 'Test Cases/s-sidebar_navigation/individualAccount/Subscriber' successfully

2019-04-25 14:38:41 - [TEST_STEP][PASSED] - setText: Text 'Arveen' is set on object 'Object Repository/Page_KiboPush  Subscribers/input_generalSearch'

2019-04-25 14:38:42 - [MESSAGE][PASSED] - Text 'Arveen' is set on object 'Object Repository/Page_KiboPush  Subscribers/input_generalSearch'

2019-04-25 14:38:42 - [TEST_STEP][PASSED] - delay: Delayed 15 second(s)

2019-04-25 14:38:57 - [MESSAGE][PASSED] - Delayed 15 second(s)

2019-04-25 14:38:57 - [TEST_STEP][PASSED] - click: Object: 'Object Repository/Page_KiboPush  Subscribers/span_Arveen Maheshwari' is clicked on

2019-04-25 14:38:57 - [MESSAGE][PASSED] - Object: 'Object Repository/Page_KiboPush  Subscribers/span_Arveen Maheshwari' is clicked on

2019-04-25 14:38:57 - [TEST_STEP][PASSED] - delay: Delayed 3 second(s)

2019-04-25 14:39:00 - [MESSAGE][PASSED] - Delayed 3 second(s)

2019-04-25 14:39:00 - [TEST_STEP][PASSED] - click: Object: 'Object Repository/Page_KiboPush  Subscribers/span_Subscribed At' is clicked on

2019-04-25 14:39:00 - [MESSAGE][PASSED] - Object: 'Object Repository/Page_KiboPush  Subscribers/span_Subscribed At' is clicked on

2019-04-25 14:39:00 - [TEST_STEP][PASSED] - click: Object: 'Object Repository/Page_KiboPush  Subscribers/span_Facebook Page' is clicked on

2019-04-25 14:39:00 - [MESSAGE][PASSED] - Object: 'Object Repository/Page_KiboPush  Subscribers/span_Facebook Page' is clicked on

2019-04-25 14:39:00 - [TEST_STEP][PASSED] - click: Object: 'Object Repository/Page_KiboPush  Subscribers/span_Source' is clicked on

2019-04-25 14:39:01 - [MESSAGE][PASSED] - Object: 'Object Repository/Page_KiboPush  Subscribers/span_Source' is clicked on

2019-04-25 14:39:01 - [TEST_STEP][PASSED] - click: Object: 'Object Repository/Page_KiboPush  Subscribers/button_' is clicked on

2019-04-25 14:39:01 - [MESSAGE][PASSED] - Object: 'Object Repository/Page_KiboPush  Subscribers/button_' is clicked on

2019-04-25 14:39:01 - [TEST_STEP][PASSED] - delay: Delayed 3 second(s)

2019-04-25 14:39:04 - [MESSAGE][PASSED] - Delayed 3 second(s)]]></system-out>
         <system-err><![CDATA[]]></system-err>
      </testcase>
      <testcase name="Test Cases/Subscriber TestCases/TC0672" classname="Test Cases/Subscriber TestCases/TC0672" status="PASSED">
         <system-out><![CDATA[2019-04-25 14:39:04 - [TEST_CASE][PASSED] - Test Cases/Subscriber TestCases/TC0672: Test Cases/Subscriber TestCases/TC0672

2019-04-25 14:39:04 - [TEST_STEP][PASSED] - callTestCase: Call Test Case 'Test Cases/s-sidebar_navigation/individualAccount/Subscriber' successfully

2019-04-25 14:39:04 - [TEST_CASE][PASSED] - Test Cases/s-sidebar_navigation/individualAccount/Subscriber: Test Cases/s-sidebar_navigation/individualAccount/Subscriber

2019-04-25 14:39:04 - [TEST_STEP][PASSED] - click: Object: 'Object Repository/Page_KiboPush  Dashboard/span_Dashboard' is clicked on

2019-04-25 14:39:04 - [MESSAGE][PASSED] - Object: 'Object Repository/Page_KiboPush  Dashboard/span_Dashboard' is clicked on

2019-04-25 14:39:04 - [TEST_STEP][PASSED] - delay: Delayed 2 second(s)

2019-04-25 14:39:06 - [MESSAGE][PASSED] - Delayed 2 second(s)

2019-04-25 14:39:06 - [TEST_STEP][PASSED] - click: Object: 'Object Repository/Page_KiboPush  Subscribers/span_Subscribers (5)' is clicked on

2019-04-25 14:39:07 - [MESSAGE][PASSED] - Object: 'Object Repository/Page_KiboPush  Subscribers/span_Subscribers (5)' is clicked on

2019-04-25 14:39:07 - [TEST_STEP][PASSED] - scrollToPosition: Browser is scrolled to position x = 0, y = 0

2019-04-25 14:39:07 - [MESSAGE][PASSED] - Browser is scrolled to position x = 0, y = 0

2019-04-25 14:39:07 - [TEST_STEP][PASSED] - click: Object: 'Object Repository/Page_KiboPush  Subscribers/h3_Manage Subscribers (1)' is clicked on

2019-04-25 14:39:07 - [MESSAGE][PASSED] - Object: 'Object Repository/Page_KiboPush  Subscribers/h3_Manage Subscribers (1)' is clicked on

2019-04-25 14:39:07 - [MESSAGE][PASSED] - Call Test Case 'Test Cases/s-sidebar_navigation/individualAccount/Subscriber' successfully

2019-04-25 14:39:07 - [TEST_STEP][PASSED] - delay: Delayed 2 second(s)

2019-04-25 14:39:09 - [MESSAGE][PASSED] - Delayed 2 second(s)

2019-04-25 14:39:09 - [TEST_STEP][PASSED] - setText: Text 'Arveen' is set on object 'Object Repository/Page_KiboPush  Subscribers/input_generalSearch'

2019-04-25 14:39:10 - [MESSAGE][PASSED] - Text 'Arveen' is set on object 'Object Repository/Page_KiboPush  Subscribers/input_generalSearch'

2019-04-25 14:39:10 - [TEST_STEP][PASSED] - delay: Delayed 15 second(s)

2019-04-25 14:39:25 - [MESSAGE][PASSED] - Delayed 15 second(s)

2019-04-25 14:39:25 - [TEST_STEP][PASSED] - click: Object: 'Object Repository/Page_KiboPush  Subscribers/span_Arveen Maheshwari' is clicked on

2019-04-25 14:39:25 - [MESSAGE][PASSED] - Object: 'Object Repository/Page_KiboPush  Subscribers/span_Arveen Maheshwari' is clicked on

2019-04-25 14:39:25 - [TEST_STEP][PASSED] - delay: Delayed 3 second(s)

2019-04-25 14:39:28 - [MESSAGE][PASSED] - Delayed 3 second(s)

2019-04-25 14:39:28 - [TEST_STEP][PASSED] - click: Object: 'Object Repository/Page_KiboPush  Subscribers/a_Assign Tags' is clicked on

2019-04-25 14:39:29 - [MESSAGE][PASSED] - Object: 'Object Repository/Page_KiboPush  Subscribers/a_Assign Tags' is clicked on

2019-04-25 14:39:29 - [TEST_STEP][PASSED] - click: Object: 'Object Repository/Page_KiboPush  Subscribers/button_' is clicked on

2019-04-25 14:39:29 - [MESSAGE][PASSED] - Object: 'Object Repository/Page_KiboPush  Subscribers/button_' is clicked on]]></system-out>
         <system-err><![CDATA[]]></system-err>
      </testcase>
      <testcase name="Test Cases/Subscriber TestCases/TC0676" classname="Test Cases/Subscriber TestCases/TC0676" status="PASSED">
         <system-out><![CDATA[2019-04-25 14:39:29 - [TEST_CASE][PASSED] - Test Cases/Subscriber TestCases/TC0676: Test Cases/Subscriber TestCases/TC0676

2019-04-25 14:39:29 - [TEST_STEP][PASSED] - callTestCase: Call Test Case 'Test Cases/s-sidebar_navigation/individualAccount/Subscriber' successfully

2019-04-25 14:39:29 - [TEST_CASE][PASSED] - Test Cases/s-sidebar_navigation/individualAccount/Subscriber: Test Cases/s-sidebar_navigation/individualAccount/Subscriber

2019-04-25 14:39:29 - [TEST_STEP][PASSED] - click: Object: 'Object Repository/Page_KiboPush  Dashboard/span_Dashboard' is clicked on

2019-04-25 14:39:30 - [MESSAGE][PASSED] - Object: 'Object Repository/Page_KiboPush  Dashboard/span_Dashboard' is clicked on

2019-04-25 14:39:30 - [TEST_STEP][PASSED] - delay: Delayed 2 second(s)

2019-04-25 14:39:32 - [MESSAGE][PASSED] - Delayed 2 second(s)

2019-04-25 14:39:32 - [TEST_STEP][PASSED] - click: Object: 'Object Repository/Page_KiboPush  Subscribers/span_Subscribers (5)' is clicked on

2019-04-25 14:39:32 - [MESSAGE][PASSED] - Object: 'Object Repository/Page_KiboPush  Subscribers/span_Subscribers (5)' is clicked on

2019-04-25 14:39:32 - [TEST_STEP][PASSED] - scrollToPosition: Browser is scrolled to position x = 0, y = 0

2019-04-25 14:39:32 - [MESSAGE][PASSED] - Browser is scrolled to position x = 0, y = 0

2019-04-25 14:39:32 - [TEST_STEP][PASSED] - click: Object: 'Object Repository/Page_KiboPush  Subscribers/h3_Manage Subscribers (1)' is clicked on

2019-04-25 14:39:32 - [MESSAGE][PASSED] - Object: 'Object Repository/Page_KiboPush  Subscribers/h3_Manage Subscribers (1)' is clicked on

2019-04-25 14:39:32 - [MESSAGE][PASSED] - Call Test Case 'Test Cases/s-sidebar_navigation/individualAccount/Subscriber' successfully

2019-04-25 14:39:32 - [TEST_STEP][PASSED] - delay: Delayed 2 second(s)

2019-04-25 14:39:34 - [MESSAGE][PASSED] - Delayed 2 second(s)

2019-04-25 14:39:34 - [TEST_STEP][PASSED] - setText: Text 'Arveen' is set on object 'Object Repository/Page_KiboPush  Subscribers/input_generalSearch'

2019-04-25 14:39:35 - [MESSAGE][PASSED] - Text 'Arveen' is set on object 'Object Repository/Page_KiboPush  Subscribers/input_generalSearch'

2019-04-25 14:39:35 - [TEST_STEP][PASSED] - delay: Delayed 15 second(s)

2019-04-25 14:39:50 - [MESSAGE][PASSED] - Delayed 15 second(s)

2019-04-25 14:39:50 - [TEST_STEP][PASSED] - click: Object: 'Object Repository/Page_KiboPush  Subscribers/span_Arveen Maheshwari' is clicked on

2019-04-25 14:39:50 - [MESSAGE][PASSED] - Object: 'Object Repository/Page_KiboPush  Subscribers/span_Arveen Maheshwari' is clicked on

2019-04-25 14:39:50 - [TEST_STEP][PASSED] - delay: Delayed 3 second(s)

2019-04-25 14:39:53 - [MESSAGE][PASSED] - Delayed 3 second(s)

2019-04-25 14:39:53 - [TEST_STEP][PASSED] - click: Object: 'Object Repository/Page_KiboPush  Subscribers/button_' is clicked on

2019-04-25 14:39:54 - [MESSAGE][PASSED] - Object: 'Object Repository/Page_KiboPush  Subscribers/button_' is clicked on

2019-04-25 14:39:54 - [TEST_STEP][PASSED] - scrollToPosition: Browser is scrolled to position x = 0, y = 0

2019-04-25 14:39:54 - [MESSAGE][PASSED] - Browser is scrolled to position x = 0, y = 0

2019-04-25 14:39:54 - [TEST_STEP][PASSED] - delay: Delayed 2 second(s)

2019-04-25 14:39:56 - [MESSAGE][PASSED] - Delayed 2 second(s)

2019-04-25 14:39:56 - [TEST_STEP][PASSED] - click: Object: 'Object Repository/Page_KiboPush  Subscribers/h3_Manage Subscribers' is clicked on

2019-04-25 14:39:56 - [MESSAGE][PASSED] - Object: 'Object Repository/Page_KiboPush  Subscribers/h3_Manage Subscribers' is clicked on]]></system-out>
         <system-err><![CDATA[]]></system-err>
      </testcase>
      <testcase name="Test Cases/Subscriber TestCases/TC0678" classname="Test Cases/Subscriber TestCases/TC0678" status="PASSED">
         <system-out><![CDATA[2019-04-25 14:39:56 - [TEST_CASE][PASSED] - Test Cases/Subscriber TestCases/TC0678: Test Cases/Subscriber TestCases/TC0678

2019-04-25 14:39:56 - [TEST_STEP][PASSED] - callTestCase: Call Test Case 'Test Cases/s-sidebar_navigation/individualAccount/Subscriber' successfully

2019-04-25 14:39:56 - [TEST_CASE][PASSED] - Test Cases/s-sidebar_navigation/individualAccount/Subscriber: Test Cases/s-sidebar_navigation/individualAccount/Subscriber

2019-04-25 14:39:56 - [TEST_STEP][PASSED] - click: Object: 'Object Repository/Page_KiboPush  Dashboard/span_Dashboard' is clicked on

2019-04-25 14:39:56 - [MESSAGE][PASSED] - Object: 'Object Repository/Page_KiboPush  Dashboard/span_Dashboard' is clicked on

2019-04-25 14:39:56 - [TEST_STEP][PASSED] - delay: Delayed 2 second(s)

2019-04-25 14:39:58 - [MESSAGE][PASSED] - Delayed 2 second(s)

2019-04-25 14:39:58 - [TEST_STEP][PASSED] - click: Object: 'Object Repository/Page_KiboPush  Subscribers/span_Subscribers (5)' is clicked on

2019-04-25 14:39:59 - [MESSAGE][PASSED] - Object: 'Object Repository/Page_KiboPush  Subscribers/span_Subscribers (5)' is clicked on

2019-04-25 14:39:59 - [TEST_STEP][PASSED] - scrollToPosition: Browser is scrolled to position x = 0, y = 0

2019-04-25 14:39:59 - [MESSAGE][PASSED] - Browser is scrolled to position x = 0, y = 0

2019-04-25 14:39:59 - [TEST_STEP][PASSED] - click: Object: 'Object Repository/Page_KiboPush  Subscribers/h3_Manage Subscribers (1)' is clicked on

2019-04-25 14:39:59 - [MESSAGE][PASSED] - Object: 'Object Repository/Page_KiboPush  Subscribers/h3_Manage Subscribers (1)' is clicked on

2019-04-25 14:39:59 - [MESSAGE][PASSED] - Call Test Case 'Test Cases/s-sidebar_navigation/individualAccount/Subscriber' successfully

2019-04-25 14:39:59 - [TEST_STEP][PASSED] - click: Object: 'Object Repository/Page_KiboPush  Subscribers/button_Invite Subscribers' is clicked on

2019-04-25 14:40:00 - [MESSAGE][PASSED] - Object: 'Object Repository/Page_KiboPush  Subscribers/button_Invite Subscribers' is clicked on

2019-04-25 14:40:00 - [TEST_STEP][PASSED] - scrollToPosition: Browser is scrolled to position x = 0, y = 0

2019-04-25 14:40:00 - [MESSAGE][PASSED] - Browser is scrolled to position x = 0, y = 0

2019-04-25 14:40:00 - [TEST_STEP][PASSED] - click: Object: 'Object Repository/Page_KiboPush  Invite Subscribers/h3_Invite Subscribers' is clicked on

2019-04-25 14:40:00 - [MESSAGE][PASSED] - Object: 'Object Repository/Page_KiboPush  Invite Subscribers/h3_Invite Subscribers' is clicked on]]></system-out>
         <system-err><![CDATA[]]></system-err>
      </testcase>
      <testcase name="Test Cases/Subscriber TestCases/TC0679" classname="Test Cases/Subscriber TestCases/TC0679" status="PASSED">
         <system-out><![CDATA[2019-04-25 14:40:00 - [TEST_CASE][PASSED] - Test Cases/Subscriber TestCases/TC0679: Test Cases/Subscriber TestCases/TC0679

2019-04-25 14:40:00 - [TEST_STEP][PASSED] - callTestCase: Call Test Case 'Test Cases/Subscriber TestCases/TC0678' successfully

2019-04-25 14:40:00 - [TEST_CASE][PASSED] - Test Cases/Subscriber TestCases/TC0678: Test Cases/Subscriber TestCases/TC0678

2019-04-25 14:40:00 - [TEST_STEP][PASSED] - callTestCase: Call Test Case 'Test Cases/s-sidebar_navigation/individualAccount/Subscriber' successfully

2019-04-25 14:40:00 - [TEST_CASE][PASSED] - Test Cases/s-sidebar_navigation/individualAccount/Subscriber: Test Cases/s-sidebar_navigation/individualAccount/Subscriber

2019-04-25 14:40:00 - [TEST_STEP][PASSED] - click: Object: 'Object Repository/Page_KiboPush  Dashboard/span_Dashboard' is clicked on

2019-04-25 14:40:01 - [MESSAGE][PASSED] - Object: 'Object Repository/Page_KiboPush  Dashboard/span_Dashboard' is clicked on

2019-04-25 14:40:01 - [TEST_STEP][PASSED] - delay: Delayed 2 second(s)

2019-04-25 14:40:03 - [MESSAGE][PASSED] - Delayed 2 second(s)

2019-04-25 14:40:03 - [TEST_STEP][PASSED] - click: Object: 'Object Repository/Page_KiboPush  Subscribers/span_Subscribers (5)' is clicked on

2019-04-25 14:40:04 - [MESSAGE][PASSED] - Object: 'Object Repository/Page_KiboPush  Subscribers/span_Subscribers (5)' is clicked on

2019-04-25 14:40:04 - [TEST_STEP][PASSED] - scrollToPosition: Browser is scrolled to position x = 0, y = 0

2019-04-25 14:40:04 - [MESSAGE][PASSED] - Browser is scrolled to position x = 0, y = 0

2019-04-25 14:40:04 - [TEST_STEP][PASSED] - click: Object: 'Object Repository/Page_KiboPush  Subscribers/h3_Manage Subscribers (1)' is clicked on

2019-04-25 14:40:04 - [MESSAGE][PASSED] - Object: 'Object Repository/Page_KiboPush  Subscribers/h3_Manage Subscribers (1)' is clicked on

2019-04-25 14:40:04 - [MESSAGE][PASSED] - Call Test Case 'Test Cases/s-sidebar_navigation/individualAccount/Subscriber' successfully

2019-04-25 14:40:04 - [TEST_STEP][PASSED] - click: Object: 'Object Repository/Page_KiboPush  Subscribers/button_Invite Subscribers' is clicked on

2019-04-25 14:40:04 - [MESSAGE][PASSED] - Object: 'Object Repository/Page_KiboPush  Subscribers/button_Invite Subscribers' is clicked on

2019-04-25 14:40:04 - [TEST_STEP][PASSED] - scrollToPosition: Browser is scrolled to position x = 0, y = 0

2019-04-25 14:40:04 - [MESSAGE][PASSED] - Browser is scrolled to position x = 0, y = 0

2019-04-25 14:40:04 - [TEST_STEP][PASSED] - click: Object: 'Object Repository/Page_KiboPush  Invite Subscribers/h3_Invite Subscribers' is clicked on

2019-04-25 14:40:05 - [MESSAGE][PASSED] - Object: 'Object Repository/Page_KiboPush  Invite Subscribers/h3_Invite Subscribers' is clicked on

2019-04-25 14:40:05 - [MESSAGE][PASSED] - Call Test Case 'Test Cases/Subscriber TestCases/TC0678' successfully

2019-04-25 14:40:05 - [TEST_STEP][PASSED] - click: Object: 'Object Repository/Page_KiboPush  Invite Subscribers/a_Click Here' is clicked on

2019-04-25 14:40:05 - [MESSAGE][PASSED] - Object: 'Object Repository/Page_KiboPush  Invite Subscribers/a_Click Here' is clicked on]]></system-out>
         <system-err><![CDATA[]]></system-err>
      </testcase>
      <testcase name="Test Cases/Subscriber TestCases/TC0680" classname="Test Cases/Subscriber TestCases/TC0680" status="PASSED">
         <system-out><![CDATA[2019-04-25 14:40:05 - [TEST_CASE][PASSED] - Test Cases/Subscriber TestCases/TC0680: Test Cases/Subscriber TestCases/TC0680

2019-04-25 14:40:05 - [TEST_STEP][PASSED] - callTestCase: Call Test Case 'Test Cases/Subscriber TestCases/TC0678' successfully

2019-04-25 14:40:05 - [TEST_CASE][PASSED] - Test Cases/Subscriber TestCases/TC0678: Test Cases/Subscriber TestCases/TC0678

2019-04-25 14:40:05 - [TEST_STEP][PASSED] - callTestCase: Call Test Case 'Test Cases/s-sidebar_navigation/individualAccount/Subscriber' successfully

2019-04-25 14:40:05 - [TEST_CASE][PASSED] - Test Cases/s-sidebar_navigation/individualAccount/Subscriber: Test Cases/s-sidebar_navigation/individualAccount/Subscriber

2019-04-25 14:40:05 - [TEST_STEP][PASSED] - click: Object: 'Object Repository/Page_KiboPush  Dashboard/span_Dashboard' is clicked on

2019-04-25 14:40:06 - [MESSAGE][PASSED] - Object: 'Object Repository/Page_KiboPush  Dashboard/span_Dashboard' is clicked on

2019-04-25 14:40:06 - [TEST_STEP][PASSED] - delay: Delayed 2 second(s)

2019-04-25 14:40:08 - [MESSAGE][PASSED] - Delayed 2 second(s)

2019-04-25 14:40:08 - [TEST_STEP][PASSED] - click: Object: 'Object Repository/Page_KiboPush  Subscribers/span_Subscribers (5)' is clicked on

2019-04-25 14:40:14 - [MESSAGE][PASSED] - Object: 'Object Repository/Page_KiboPush  Subscribers/span_Subscribers (5)' is clicked on

2019-04-25 14:40:14 - [TEST_STEP][PASSED] - scrollToPosition: Browser is scrolled to position x = 0, y = 0

2019-04-25 14:40:15 - [MESSAGE][PASSED] - Browser is scrolled to position x = 0, y = 0

2019-04-25 14:40:15 - [TEST_STEP][PASSED] - click: Object: 'Object Repository/Page_KiboPush  Subscribers/h3_Manage Subscribers (1)' is clicked on

2019-04-25 14:40:15 - [MESSAGE][PASSED] - Object: 'Object Repository/Page_KiboPush  Subscribers/h3_Manage Subscribers (1)' is clicked on

2019-04-25 14:40:15 - [MESSAGE][PASSED] - Call Test Case 'Test Cases/s-sidebar_navigation/individualAccount/Subscriber' successfully

2019-04-25 14:40:15 - [TEST_STEP][PASSED] - click: Object: 'Object Repository/Page_KiboPush  Subscribers/button_Invite Subscribers' is clicked on

2019-04-25 14:40:15 - [MESSAGE][PASSED] - Object: 'Object Repository/Page_KiboPush  Subscribers/button_Invite Subscribers' is clicked on

2019-04-25 14:40:15 - [TEST_STEP][PASSED] - scrollToPosition: Browser is scrolled to position x = 0, y = 0

2019-04-25 14:40:16 - [MESSAGE][PASSED] - Browser is scrolled to position x = 0, y = 0

2019-04-25 14:40:16 - [TEST_STEP][PASSED] - click: Object: 'Object Repository/Page_KiboPush  Invite Subscribers/h3_Invite Subscribers' is clicked on

2019-04-25 14:40:16 - [MESSAGE][PASSED] - Object: 'Object Repository/Page_KiboPush  Invite Subscribers/h3_Invite Subscribers' is clicked on

2019-04-25 14:40:16 - [MESSAGE][PASSED] - Call Test Case 'Test Cases/Subscriber TestCases/TC0678' successfully

2019-04-25 14:40:16 - [TEST_STEP][PASSED] - click: Object: 'Object Repository/Page_KiboPush  Invite Subscribers/a_video tutorial' is clicked on

2019-04-25 14:40:16 - [MESSAGE][PASSED] - Object: 'Object Repository/Page_KiboPush  Invite Subscribers/a_video tutorial' is clicked on]]></system-out>
         <system-err><![CDATA[]]></system-err>
      </testcase>
      <testcase name="Test Cases/Subscriber TestCases/TC0681" classname="Test Cases/Subscriber TestCases/TC0681" status="PASSED">
         <system-out><![CDATA[2019-04-25 14:40:16 - [TEST_CASE][PASSED] - Test Cases/Subscriber TestCases/TC0681: Test Cases/Subscriber TestCases/TC0681

2019-04-25 14:40:17 - [TEST_STEP][PASSED] - callTestCase: Call Test Case 'Test Cases/Subscriber TestCases/TC0678' successfully

2019-04-25 14:40:17 - [TEST_CASE][PASSED] - Test Cases/Subscriber TestCases/TC0678: Test Cases/Subscriber TestCases/TC0678

2019-04-25 14:40:17 - [TEST_STEP][PASSED] - callTestCase: Call Test Case 'Test Cases/s-sidebar_navigation/individualAccount/Subscriber' successfully

2019-04-25 14:40:17 - [TEST_CASE][PASSED] - Test Cases/s-sidebar_navigation/individualAccount/Subscriber: Test Cases/s-sidebar_navigation/individualAccount/Subscriber

2019-04-25 14:40:17 - [TEST_STEP][PASSED] - click: Object: 'Object Repository/Page_KiboPush  Dashboard/span_Dashboard' is clicked on

2019-04-25 14:40:17 - [MESSAGE][PASSED] - Object: 'Object Repository/Page_KiboPush  Dashboard/span_Dashboard' is clicked on

2019-04-25 14:40:17 - [TEST_STEP][PASSED] - delay: Delayed 2 second(s)

2019-04-25 14:40:19 - [MESSAGE][PASSED] - Delayed 2 second(s)

2019-04-25 14:40:19 - [TEST_STEP][PASSED] - click: Object: 'Object Repository/Page_KiboPush  Subscribers/span_Subscribers (5)' is clicked on

2019-04-25 14:40:20 - [MESSAGE][PASSED] - Object: 'Object Repository/Page_KiboPush  Subscribers/span_Subscribers (5)' is clicked on

2019-04-25 14:40:20 - [TEST_STEP][PASSED] - scrollToPosition: Browser is scrolled to position x = 0, y = 0

2019-04-25 14:40:21 - [MESSAGE][PASSED] - Browser is scrolled to position x = 0, y = 0

2019-04-25 14:40:21 - [TEST_STEP][PASSED] - click: Object: 'Object Repository/Page_KiboPush  Subscribers/h3_Manage Subscribers (1)' is clicked on

2019-04-25 14:40:21 - [MESSAGE][PASSED] - Object: 'Object Repository/Page_KiboPush  Subscribers/h3_Manage Subscribers (1)' is clicked on

2019-04-25 14:40:21 - [MESSAGE][PASSED] - Call Test Case 'Test Cases/s-sidebar_navigation/individualAccount/Subscriber' successfully

2019-04-25 14:40:21 - [TEST_STEP][PASSED] - click: Object: 'Object Repository/Page_KiboPush  Subscribers/button_Invite Subscribers' is clicked on

2019-04-25 14:40:22 - [MESSAGE][PASSED] - Object: 'Object Repository/Page_KiboPush  Subscribers/button_Invite Subscribers' is clicked on

2019-04-25 14:40:22 - [TEST_STEP][PASSED] - scrollToPosition: Browser is scrolled to position x = 0, y = 0

2019-04-25 14:40:22 - [MESSAGE][PASSED] - Browser is scrolled to position x = 0, y = 0

2019-04-25 14:40:22 - [TEST_STEP][PASSED] - click: Object: 'Object Repository/Page_KiboPush  Invite Subscribers/h3_Invite Subscribers' is clicked on

2019-04-25 14:40:22 - [MESSAGE][PASSED] - Object: 'Object Repository/Page_KiboPush  Invite Subscribers/h3_Invite Subscribers' is clicked on

2019-04-25 14:40:22 - [MESSAGE][PASSED] - Call Test Case 'Test Cases/Subscriber TestCases/TC0678' successfully

2019-04-25 14:40:22 - [TEST_STEP][PASSED] - click: Object: 'Object Repository/Page_KiboPush  Invite Subscribers/h3_Invite Subscribers' is clicked on

2019-04-25 14:40:23 - [MESSAGE][PASSED] - Object: 'Object Repository/Page_KiboPush  Invite Subscribers/h3_Invite Subscribers' is clicked on

2019-04-25 14:40:23 - [TEST_STEP][PASSED] - click: Object: 'Object Repository/Page_KiboPush  Invite Subscribers/span_Share Page' is clicked on

2019-04-25 14:40:23 - [MESSAGE][PASSED] - Object: 'Object Repository/Page_KiboPush  Invite Subscribers/span_Share Page' is clicked on]]></system-out>
         <system-err><![CDATA[]]></system-err>
      </testcase>
      <testcase name="Test Cases/Subscriber TestCases/TC0682" classname="Test Cases/Subscriber TestCases/TC0682" status="PASSED">
         <system-out><![CDATA[2019-04-25 14:40:23 - [TEST_CASE][PASSED] - Test Cases/Subscriber TestCases/TC0682: Test Cases/Subscriber TestCases/TC0682

2019-04-25 14:40:23 - [TEST_STEP][PASSED] - callTestCase: Call Test Case 'Test Cases/Subscriber TestCases/TC0678' successfully

2019-04-25 14:40:23 - [TEST_CASE][PASSED] - Test Cases/Subscriber TestCases/TC0678: Test Cases/Subscriber TestCases/TC0678

2019-04-25 14:40:24 - [TEST_STEP][PASSED] - callTestCase: Call Test Case 'Test Cases/s-sidebar_navigation/individualAccount/Subscriber' successfully

2019-04-25 14:40:24 - [TEST_CASE][PASSED] - Test Cases/s-sidebar_navigation/individualAccount/Subscriber: Test Cases/s-sidebar_navigation/individualAccount/Subscriber

2019-04-25 14:40:24 - [TEST_STEP][PASSED] - click: Object: 'Object Repository/Page_KiboPush  Dashboard/span_Dashboard' is clicked on

2019-04-25 14:40:27 - [MESSAGE][PASSED] - Object: 'Object Repository/Page_KiboPush  Dashboard/span_Dashboard' is clicked on

2019-04-25 14:40:27 - [TEST_STEP][PASSED] - delay: Delayed 2 second(s)

2019-04-25 14:40:29 - [MESSAGE][PASSED] - Delayed 2 second(s)

2019-04-25 14:40:29 - [TEST_STEP][PASSED] - click: Object: 'Object Repository/Page_KiboPush  Subscribers/span_Subscribers (5)' is clicked on

2019-04-25 14:40:32 - [MESSAGE][PASSED] - Object: 'Object Repository/Page_KiboPush  Subscribers/span_Subscribers (5)' is clicked on

2019-04-25 14:40:32 - [TEST_STEP][PASSED] - scrollToPosition: Browser is scrolled to position x = 0, y = 0

2019-04-25 14:40:32 - [MESSAGE][PASSED] - Browser is scrolled to position x = 0, y = 0

2019-04-25 14:40:32 - [TEST_STEP][PASSED] - click: Object: 'Object Repository/Page_KiboPush  Subscribers/h3_Manage Subscribers (1)' is clicked on

2019-04-25 14:40:33 - [MESSAGE][PASSED] - Object: 'Object Repository/Page_KiboPush  Subscribers/h3_Manage Subscribers (1)' is clicked on

2019-04-25 14:40:33 - [MESSAGE][PASSED] - Call Test Case 'Test Cases/s-sidebar_navigation/individualAccount/Subscriber' successfully

2019-04-25 14:40:33 - [TEST_STEP][PASSED] - click: Object: 'Object Repository/Page_KiboPush  Subscribers/button_Invite Subscribers' is clicked on

2019-04-25 14:40:34 - [MESSAGE][PASSED] - Object: 'Object Repository/Page_KiboPush  Subscribers/button_Invite Subscribers' is clicked on

2019-04-25 14:40:34 - [TEST_STEP][PASSED] - scrollToPosition: Browser is scrolled to position x = 0, y = 0

2019-04-25 14:40:34 - [MESSAGE][PASSED] - Browser is scrolled to position x = 0, y = 0

2019-04-25 14:40:34 - [TEST_STEP][PASSED] - click: Object: 'Object Repository/Page_KiboPush  Invite Subscribers/h3_Invite Subscribers' is clicked on

2019-04-25 14:40:35 - [MESSAGE][PASSED] - Object: 'Object Repository/Page_KiboPush  Invite Subscribers/h3_Invite Subscribers' is clicked on

2019-04-25 14:40:35 - [MESSAGE][PASSED] - Call Test Case 'Test Cases/Subscriber TestCases/TC0678' successfully

2019-04-25 14:40:35 - [TEST_STEP][PASSED] - click: Object: 'Object Repository/Page_KiboPush  Invite Subscribers/h3_Invite Subscribers (2)' is clicked on

2019-04-25 14:40:35 - [MESSAGE][PASSED] - Object: 'Object Repository/Page_KiboPush  Invite Subscribers/h3_Invite Subscribers (2)' is clicked on

2019-04-25 14:40:35 - [TEST_STEP][PASSED] - click: Object: 'Object Repository/Page_KiboPush  Invite Subscribers/button_Copy Link (1)' is clicked on

2019-04-25 14:40:36 - [MESSAGE][PASSED] - Object: 'Object Repository/Page_KiboPush  Invite Subscribers/button_Copy Link (1)' is clicked on

2019-04-25 14:40:36 - [TEST_STEP][PASSED] - click: Object: 'Object Repository/Page_KiboPush  Invite Subscribers/div_Link Copied Successfully' is clicked on

2019-04-25 14:40:37 - [MESSAGE][PASSED] - Object: 'Object Repository/Page_KiboPush  Invite Subscribers/div_Link Copied Successfully' is clicked on]]></system-out>
         <system-err><![CDATA[]]></system-err>
      </testcase>
      <system-out><![CDATA[2019-04-25 14:34:48 - [TEST_SUITE][PASSED] - subscriber: Test Cases/Subscriber TestCases/TC0682]]></system-out>
      <system-err><![CDATA[]]></system-err>
   </testsuite>
</testsuites>
