<?xml version="1.0" encoding="UTF-8"?>
<testsuites name="operationalDashboard" time="963" tests="52" failures="14" errors="1">
   <testsuite name="operationalDashboard" tests="52" failures="14" errors="1" time="963" timestamp="2019-04-24 13:32:00" hostname="cloudkibo - 10.0.2.15" id="Test Suites/operationalDashboard">
      <properties>
         <property name="deviceName" value=""/>
         <property name="devicePlatform" value=""/>
         <property name="logFolder" value="C:\\Users\\cloudkibo\\Desktop\\KiboPush_Automated_Testing\\KiboPush Katalon\\Reports\\operationalDashboard\\20190424_124149"/>
         <property name="logFiles" value="C:\\Users\\cloudkibo\\Desktop\\KiboPush_Automated_Testing\\KiboPush Katalon\\Reports\\operationalDashboard\\20190424_124149\\execution0.log"/>
         <property name="attachments" value="C:\\Users\\cloudkibo\\Desktop\\KiboPush_Automated_Testing\\KiboPush Katalon\\Reports\\operationalDashboard\\20190424_124149\\1556095669486.png"/>
         <property name="hostName" value="cloudkibo - 10.0.2.15"/>
         <property name="os" value="Windows 10 64bit"/>
         <property name="katalonVersion" value="5.6.0.1"/>
         <property name="browser" value="Chrome 73.0.3683.103"/>
         <property name="hostAddress" value="10.0.2.15"/>
         <property name="sessionId" value="d6db3dec024b088b5e583f193e5b5039"/>
         <property name="seleniumVersion" value="3.7.1"/>
         <property name="proxyInformation" value="ProxyInformation{proxyOption=NO_PROXY, proxyServerType=HTTP, password=, proxyServerAddress=, proxyServerPort=0}"/>
         <property name="platform" value="Windows 10"/>
      </properties>
      <testcase name="Test Cases/s-sidebar_navigation/individualAccount/arveen_production_login_kiboengage" classname="Test Cases/s-sidebar_navigation/individualAccount/arveen_production_login_kiboengage" status="PASSED">
         <system-out><![CDATA[2019-04-24 13:32:02 - [TEST_CASE][PASSED] - Test Cases/s-sidebar_navigation/individualAccount/arveen_production_login_kiboengage: Test Cases/s-sidebar_navigation/individualAccount/arveen_production_login_kiboengage

2019-04-24 13:32:03 - [TEST_STEP][PASSED] - openBrowser: Browser is opened with url: ''

2019-04-24 13:32:10 - [MESSAGE][PASSED] - Browser is opened with url: ''

2019-04-24 13:32:10 - [TEST_STEP][PASSED] - maximizeWindow: Current window maximized

2019-04-24 13:32:11 - [MESSAGE][PASSED] - Current window maximized

2019-04-24 13:32:11 - [TEST_STEP][PASSED] - navigateToUrl: Navigate to 'https://kiboengage.cloudkibo.com/' successfully

2019-04-24 13:32:26 - [MESSAGE][PASSED] - Navigate to 'https://kiboengage.cloudkibo.com/' successfully

2019-04-24 13:32:26 - [TEST_STEP][PASSED] - navigateToUrl: Navigate to 'https://accounts.cloudkibo.com/?continue=https://kiboengage.cloudkibo.com' successfully

2019-04-24 13:32:27 - [MESSAGE][PASSED] - Navigate to 'https://accounts.cloudkibo.com/?continue=https://kiboengage.cloudkibo.com' successfully

2019-04-24 13:32:27 - [TEST_STEP][PASSED] - click: Object: 'Object Repository/Page_CloudKibo/a_Login (2) (1) (1)' is clicked on

2019-04-24 13:32:28 - [MESSAGE][PASSED] - Object: 'Object Repository/Page_CloudKibo/a_Login (2) (1) (1)' is clicked on

2019-04-24 13:32:28 - [TEST_STEP][PASSED] - setText: Text 'individual@cloudkibo.com' is set on object 'Object Repository/Page_KiboPush/input_email (10) (1) (1)'

2019-04-24 13:32:28 - [MESSAGE][PASSED] - Text 'individual@cloudkibo.com' is set on object 'Object Repository/Page_KiboPush/input_email (10) (1) (1)'

2019-04-24 13:32:28 - [TEST_STEP][PASSED] - setEncryptedText: Text ****** has been set on object 'Object Repository/Page_CloudKibo/input_Sign In_password (7)'

2019-04-24 13:32:28 - [MESSAGE][PASSED] - Text ****** has been set on object 'Object Repository/Page_CloudKibo/input_Sign In_password (7)'

2019-04-24 13:32:28 - [TEST_STEP][PASSED] - click: Object: 'Object Repository/Page_KiboPush/button_Sign In (10) (1) (2)' is clicked on

2019-04-24 13:32:29 - [MESSAGE][PASSED] - Object: 'Object Repository/Page_KiboPush/button_Sign In (10) (1) (2)' is clicked on

2019-04-24 13:32:29 - [TEST_STEP][PASSED] - click: Object: 'Object Repository/Page_KiboPush  Dashboard/h3_Dashboard (57)' is clicked on

2019-04-24 13:32:49 - [MESSAGE][PASSED] - Object: 'Object Repository/Page_KiboPush  Dashboard/h3_Dashboard (57)' is clicked on

2019-04-24 13:32:49 - [TEST_STEP][PASSED] - delay: Delayed 3 second(s)

2019-04-24 13:32:52 - [MESSAGE][PASSED] - Delayed 3 second(s)

2019-04-24 13:32:52 - [TEST_STEP][PASSED] - click: Object: 'Object Repository/Page_KiboEngage  Dashboard/a_SMS (2) (1) (1) (1) (3)' is clicked on

2019-04-24 13:32:53 - [MESSAGE][PASSED] - Object: 'Object Repository/Page_KiboEngage  Dashboard/a_SMS (2) (1) (1) (1) (3)' is clicked on

2019-04-24 13:32:53 - [TEST_STEP][PASSED] - delay: Delayed 2 second(s)

2019-04-24 13:32:55 - [MESSAGE][PASSED] - Delayed 2 second(s)

2019-04-24 13:32:55 - [TEST_STEP][PASSED] - click: Object: 'Object Repository/Page_KiboEngage  Dashboard/span_Messenger (1) (1) (1) (3)' is clicked on

2019-04-24 13:32:55 - [MESSAGE][PASSED] - Object: 'Object Repository/Page_KiboEngage  Dashboard/span_Messenger (1) (1) (1) (3)' is clicked on

2019-04-24 13:32:55 - [TEST_STEP][PASSED] - delay: Delayed 2 second(s)

2019-04-24 13:32:57 - [MESSAGE][PASSED] - Delayed 2 second(s)]]></system-out>
         <system-err><![CDATA[]]></system-err>
      </testcase>
      <testcase name="Test Cases/Operational_Dashboard/115" classname="Test Cases/Operational_Dashboard/115" status="PASSED">
         <system-out><![CDATA[2019-04-24 13:32:57 - [TEST_CASE][PASSED] - Test Cases/Operational_Dashboard/115: Test Cases/Operational_Dashboard/115

2019-04-24 13:32:58 - [TEST_STEP][PASSED] - callTestCase: Call Test Case 'Test Cases/Operational_Dashboard/Login' successfully

2019-04-24 13:32:58 - [TEST_CASE][PASSED] - Test Cases/Operational_Dashboard/Login: Test Cases/Operational_Dashboard/Login

2019-04-24 13:32:58 - [TEST_STEP][PASSED] - callTestCase: Call Test Case 'Test Cases/s-sidebar_navigation/individualAccount/operationalDashboard' successfully

2019-04-24 13:32:59 - [TEST_CASE][PASSED] - Test Cases/s-sidebar_navigation/individualAccount/operationalDashboard: Test Cases/s-sidebar_navigation/individualAccount/operationalDashboard

2019-04-24 13:32:59 - [TEST_STEP][PASSED] - click: Object: 'Object Repository/Page_KiboEngage  Subscribers/span_Subscribers' is clicked on

2019-04-24 13:32:59 - [MESSAGE][PASSED] - Object: 'Object Repository/Page_KiboEngage  Subscribers/span_Subscribers' is clicked on

2019-04-24 13:32:59 - [TEST_STEP][PASSED] - click: Object: 'Object Repository/Page_KiboEngage  Subscribers/span_Operational Dashboard (1)' is clicked on

2019-04-24 13:33:00 - [MESSAGE][PASSED] - Object: 'Object Repository/Page_KiboEngage  Subscribers/span_Operational Dashboard (1)' is clicked on

2019-04-24 13:33:00 - [TEST_STEP][PASSED] - scrollToPosition: Browser is scrolled to position x = 0, y = 0

2019-04-24 13:33:00 - [MESSAGE][PASSED] - Browser is scrolled to position x = 0, y = 0

2019-04-24 13:33:00 - [TEST_STEP][PASSED] - click: Object: 'Object Repository/Page_KiboEngage  Operational Dashbo/h3_Pages Info (4)' is clicked on

2019-04-24 13:33:01 - [MESSAGE][PASSED] - Object: 'Object Repository/Page_KiboEngage  Operational Dashbo/h3_Pages Info (4)' is clicked on

2019-04-24 13:33:01 - [MESSAGE][PASSED] - Call Test Case 'Test Cases/s-sidebar_navigation/individualAccount/operationalDashboard' successfully

2019-04-24 13:33:01 - [MESSAGE][PASSED] - Call Test Case 'Test Cases/Operational_Dashboard/Login' successfully

2019-04-24 13:33:01 - [TEST_STEP][PASSED] - selectOptionByValue: All options with value '30' are selected in object 'Object Repository/Page_KiboEngage  Operational Dashbo/select_Filter by lastAll10 day'  using regular expression

2019-04-24 13:33:02 - [MESSAGE][PASSED] - All options with value '30' are selected in object 'Object Repository/Page_KiboEngage  Operational Dashbo/select_Filter by lastAll10 day'  using regular expression

2019-04-24 13:33:02 - [TEST_STEP][PASSED] - delay: Delayed 2 second(s)

2019-04-24 13:33:04 - [MESSAGE][PASSED] - Delayed 2 second(s)

2019-04-24 13:33:04 - [TEST_STEP][PASSED] - Statement - driver = com.kms.katalon.core.webui.driver.DriverFactory.getWebDriver(): null

2019-04-24 13:33:04 - [TEST_STEP][PASSED] - Statement - broadcast = driver.findElement(org.openqa.selenium.By.xpath("//*[@id="content"]/div/div/div/div[2]/div[3]/div[1]/div[2]/div[2]/div/div[2]/div[1]/div/div/div")): null

2019-04-24 13:33:04 - [TEST_STEP][PASSED] - Statement - broadcast_data_1 = java.lang.Integer.parseInt(text.split("
")[0].toString()): null

2019-04-24 13:33:04 - [TEST_STEP][PASSED] - Statement - println(broadcast_data_1): null

2019-04-24 13:33:04 - [TEST_STEP][PASSED] - Statement - poll = driver.findElement(org.openqa.selenium.By.xpath("//*[@id="content"]/div/div/div/div[2]/div[3]/div[1]/div[2]/div[2]/div/div[1]/div[3]/div/div/div")): null

2019-04-24 13:33:04 - [TEST_STEP][PASSED] - Statement - poll_data_1 = java.lang.Integer.parseInt(text.split("
")[0].toString()): null

2019-04-24 13:33:04 - [TEST_STEP][PASSED] - Statement - println(poll_data_1): null

2019-04-24 13:33:04 - [TEST_STEP][PASSED] - Statement - survey = driver.findElement(org.openqa.selenium.By.xpath("//*[@id="content"]/div/div/div/div[2]/div[3]/div[1]/div[2]/div[2]/div/div[2]/div[3]/div/div/div")): null

2019-04-24 13:33:04 - [TEST_STEP][PASSED] - Statement - survey_data_1 = java.lang.Integer.parseInt(text.split("
")[0].toString()): null

2019-04-24 13:33:04 - [TEST_STEP][PASSED] - Statement - println(survey_data_1): null

2019-04-24 13:33:04 - [TEST_STEP][PASSED] - selectOptionByValue: All options with value '10' are selected in object 'Object Repository/Page_KiboEngage  Operational Dashbo/select_Filter by lastAll10 day'  using regular expression

2019-04-24 13:33:04 - [MESSAGE][PASSED] - All options with value '10' are selected in object 'Object Repository/Page_KiboEngage  Operational Dashbo/select_Filter by lastAll10 day'  using regular expression

2019-04-24 13:33:04 - [TEST_STEP][PASSED] - delay: Delayed 3 second(s)

2019-04-24 13:33:07 - [MESSAGE][PASSED] - Delayed 3 second(s)

2019-04-24 13:33:07 - [TEST_STEP][PASSED] - Statement - broadcast = driver.findElement(org.openqa.selenium.By.xpath("//*[@id="content"]/div/div/div/div[2]/div[3]/div[1]/div[2]/div[2]/div/div[2]/div[1]/div/div/div")): null

2019-04-24 13:33:07 - [TEST_STEP][PASSED] - Statement - broadcast_data_2 = java.lang.Integer.parseInt(text.split("
")[0].toString()): null

2019-04-24 13:33:07 - [TEST_STEP][PASSED] - Statement - println(broadcast_data_2): null

2019-04-24 13:33:07 - [TEST_STEP][PASSED] - Statement - poll = driver.findElement(org.openqa.selenium.By.xpath("//*[@id="content"]/div/div/div/div[2]/div[3]/div[1]/div[2]/div[2]/div/div[1]/div[3]/div/div/div")): null

2019-04-24 13:33:07 - [TEST_STEP][PASSED] - Statement - poll_data_2 = java.lang.Integer.parseInt(text.split("
")[0].toString()): null

2019-04-24 13:33:07 - [TEST_STEP][PASSED] - Statement - println(poll_data_2): null

2019-04-24 13:33:07 - [TEST_STEP][PASSED] - Statement - survey = driver.findElement(org.openqa.selenium.By.xpath("//*[@id="content"]/div/div/div/div[2]/div[3]/div[1]/div[2]/div[2]/div/div[2]/div[3]/div/div/div")): null

2019-04-24 13:33:08 - [TEST_STEP][PASSED] - Statement - survey_data_2 = java.lang.Integer.parseInt(text.split("
")[0].toString()): null

2019-04-24 13:33:08 - [TEST_STEP][PASSED] - Statement - println(survey_data_2): null

2019-04-24 13:33:08 - [TEST_STEP][PASSED] - Statement - If (broadcast_data_1 > broadcast_data_2 && poll_data_1 > poll_data_2 && survey_data_1 > survey_data_2): Actual object '1' and expected object '1' are equal

2019-04-24 13:33:08 - [TEST_STEP][PASSED] - verifyEqual: Actual object '1' and expected object '1' are equal

2019-04-24 13:33:08 - [MESSAGE][PASSED] - Actual object '1' and expected object '1' are equal]]></system-out>
         <system-err><![CDATA[]]></system-err>
      </testcase>
      <testcase name="Test Cases/Operational_Dashboard/116" classname="Test Cases/Operational_Dashboard/116" status="PASSED">
         <system-out><![CDATA[2019-04-24 13:33:08 - [TEST_CASE][PASSED] - Test Cases/Operational_Dashboard/116: Test Cases/Operational_Dashboard/116

2019-04-24 13:33:08 - [TEST_STEP][PASSED] - callTestCase: Call Test Case 'Test Cases/Operational_Dashboard/Login' successfully

2019-04-24 13:33:08 - [TEST_CASE][PASSED] - Test Cases/Operational_Dashboard/Login: Test Cases/Operational_Dashboard/Login

2019-04-24 13:33:08 - [TEST_STEP][PASSED] - callTestCase: Call Test Case 'Test Cases/s-sidebar_navigation/individualAccount/operationalDashboard' successfully

2019-04-24 13:33:09 - [TEST_CASE][PASSED] - Test Cases/s-sidebar_navigation/individualAccount/operationalDashboard: Test Cases/s-sidebar_navigation/individualAccount/operationalDashboard

2019-04-24 13:33:09 - [TEST_STEP][PASSED] - click: Object: 'Object Repository/Page_KiboEngage  Subscribers/span_Subscribers' is clicked on

2019-04-24 13:33:09 - [MESSAGE][PASSED] - Object: 'Object Repository/Page_KiboEngage  Subscribers/span_Subscribers' is clicked on

2019-04-24 13:33:09 - [TEST_STEP][PASSED] - click: Object: 'Object Repository/Page_KiboEngage  Subscribers/span_Operational Dashboard (1)' is clicked on

2019-04-24 13:33:09 - [MESSAGE][PASSED] - Object: 'Object Repository/Page_KiboEngage  Subscribers/span_Operational Dashboard (1)' is clicked on

2019-04-24 13:33:09 - [TEST_STEP][PASSED] - scrollToPosition: Browser is scrolled to position x = 0, y = 0

2019-04-24 13:33:09 - [MESSAGE][PASSED] - Browser is scrolled to position x = 0, y = 0

2019-04-24 13:33:09 - [TEST_STEP][PASSED] - click: Object: 'Object Repository/Page_KiboEngage  Operational Dashbo/h3_Pages Info (4)' is clicked on

2019-04-24 13:33:10 - [MESSAGE][PASSED] - Object: 'Object Repository/Page_KiboEngage  Operational Dashbo/h3_Pages Info (4)' is clicked on

2019-04-24 13:33:10 - [MESSAGE][PASSED] - Call Test Case 'Test Cases/s-sidebar_navigation/individualAccount/operationalDashboard' successfully

2019-04-24 13:33:10 - [MESSAGE][PASSED] - Call Test Case 'Test Cases/Operational_Dashboard/Login' successfully

2019-04-24 13:33:10 - [TEST_STEP][PASSED] - Statement - driver = com.kms.katalon.core.webui.driver.DriverFactory.getWebDriver(): null

2019-04-24 13:33:10 - [TEST_STEP][PASSED] - Statement - subscriber1 = driver.findElement(org.openqa.selenium.By.xpath("//*[@id="m_widget5_tab1_content"]/div/div[1]/div[1]/div/div[3]/span[1]")): null

2019-04-24 13:33:10 - [TEST_STEP][PASSED] - Statement - subscriber2 = driver.findElement(org.openqa.selenium.By.xpath("//*[@id="m_widget5_tab1_content"]/div/div[1]/div[2]/div/div[3]/span[1]")): null

2019-04-24 13:33:10 - [TEST_STEP][PASSED] - Statement - subscriber3 = driver.findElement(org.openqa.selenium.By.xpath("//*[@id="m_widget5_tab1_content"]/div/div[2]/div[1]/div/div[3]/span[1]")): null

2019-04-24 13:33:10 - [TEST_STEP][PASSED] - Statement - subscriber4 = driver.findElement(org.openqa.selenium.By.xpath("//*[@id="m_widget5_tab1_content"]/div/div[2]/div[2]/div/div[3]/span[1]")): null

2019-04-24 13:33:10 - [TEST_STEP][PASSED] - Statement - subscriber5 = driver.findElement(org.openqa.selenium.By.xpath("//*[@id="m_widget5_tab1_content"]/div/div[3]/div[1]/div/div[3]/span[1]")): null

2019-04-24 13:33:10 - [TEST_STEP][PASSED] - Statement - subscriber6 = driver.findElement(org.openqa.selenium.By.xpath("//*[@id="m_widget5_tab1_content"]/div/div[3]/div[2]/div/div[3]/span[1]")): null

2019-04-24 13:33:10 - [TEST_STEP][PASSED] - Statement - subscriber7 = driver.findElement(org.openqa.selenium.By.xpath("//*[@id="m_widget5_tab1_content"]/div/div[4]/div[1]/div/div[3]/span[1]")): null

2019-04-24 13:33:10 - [TEST_STEP][PASSED] - Statement - subscriber8 = driver.findElement(org.openqa.selenium.By.xpath("//*[@id="m_widget5_tab1_content"]/div/div[4]/div[2]/div/div[3]/span[1]")): null

2019-04-24 13:33:10 - [TEST_STEP][PASSED] - Statement - subscriber9 = driver.findElement(org.openqa.selenium.By.xpath("//*[@id="m_widget5_tab1_content"]/div/div[5]/div[1]/div/div[3]/span[1]")): null

2019-04-24 13:33:10 - [TEST_STEP][PASSED] - Statement - subscriber10 = driver.findElement(org.openqa.selenium.By.xpath("//*[@id="m_widget5_tab1_content"]/div/div[5]/div[2]/div/div[3]/span[1]")): null

2019-04-24 13:33:10 - [TEST_STEP][PASSED] - Statement - subscriber_count_1 = java.lang.Integer.parseInt(text): null

2019-04-24 13:33:10 - [TEST_STEP][PASSED] - Statement - subscriber_count_2 = java.lang.Integer.parseInt(text): null

2019-04-24 13:33:10 - [TEST_STEP][PASSED] - Statement - subscriber_count_3 = java.lang.Integer.parseInt(text): null

2019-04-24 13:33:10 - [TEST_STEP][PASSED] - Statement - subscriber_count_4 = java.lang.Integer.parseInt(text): null

2019-04-24 13:33:10 - [TEST_STEP][PASSED] - Statement - subscriber_count_5 = java.lang.Integer.parseInt(text): null

2019-04-24 13:33:10 - [TEST_STEP][PASSED] - Statement - subscriber_count_6 = java.lang.Integer.parseInt(text): null

2019-04-24 13:33:10 - [TEST_STEP][PASSED] - Statement - subscriber_count_7 = java.lang.Integer.parseInt(text): null

2019-04-24 13:33:11 - [TEST_STEP][PASSED] - Statement - subscriber_count_8 = java.lang.Integer.parseInt(text): null

2019-04-24 13:33:11 - [TEST_STEP][PASSED] - Statement - subscriber_count_9 = java.lang.Integer.parseInt(text): null

2019-04-24 13:33:11 - [TEST_STEP][PASSED] - Statement - subscriber_count_10 = java.lang.Integer.parseInt(text): null

2019-04-24 13:33:11 - [TEST_STEP][PASSED] - Statement - If (subscriber_count_1 > subscriber_count_2 && subscriber_count_2 > subscriber_count_3 && subscriber_count_3 > subscriber_count_4 && subscriber_count_4 > subscriber_count_5 && subscriber_count_5 > subscriber_count_6 && subscriber_count_6 > subscriber_count_7 && subscriber_count_7 > subscriber_count_8 && subscriber_count_8 > subscriber_count_9 && subscriber_count_9 > subscriber_count_10): Actual object '1' and expected object '1' are equal

2019-04-24 13:33:11 - [TEST_STEP][PASSED] - verifyEqual: Actual object '1' and expected object '1' are equal

2019-04-24 13:33:11 - [MESSAGE][PASSED] - Actual object '1' and expected object '1' are equal]]></system-out>
         <system-err><![CDATA[]]></system-err>
      </testcase>
      <testcase name="Test Cases/Operational_Dashboard/117" classname="Test Cases/Operational_Dashboard/117" status="PASSED">
         <system-out><![CDATA[2019-04-24 13:33:11 - [TEST_CASE][PASSED] - Test Cases/Operational_Dashboard/117: Test Cases/Operational_Dashboard/117

2019-04-24 13:33:12 - [TEST_STEP][PASSED] - callTestCase: Call Test Case 'Test Cases/Operational_Dashboard/Login' successfully

2019-04-24 13:33:12 - [TEST_CASE][PASSED] - Test Cases/Operational_Dashboard/Login: Test Cases/Operational_Dashboard/Login

2019-04-24 13:33:12 - [TEST_STEP][PASSED] - callTestCase: Call Test Case 'Test Cases/s-sidebar_navigation/individualAccount/operationalDashboard' successfully

2019-04-24 13:33:12 - [TEST_CASE][PASSED] - Test Cases/s-sidebar_navigation/individualAccount/operationalDashboard: Test Cases/s-sidebar_navigation/individualAccount/operationalDashboard

2019-04-24 13:33:12 - [TEST_STEP][PASSED] - click: Object: 'Object Repository/Page_KiboEngage  Subscribers/span_Subscribers' is clicked on

2019-04-24 13:33:12 - [MESSAGE][PASSED] - Object: 'Object Repository/Page_KiboEngage  Subscribers/span_Subscribers' is clicked on

2019-04-24 13:33:12 - [TEST_STEP][PASSED] - click: Object: 'Object Repository/Page_KiboEngage  Subscribers/span_Operational Dashboard (1)' is clicked on

2019-04-24 13:33:13 - [MESSAGE][PASSED] - Object: 'Object Repository/Page_KiboEngage  Subscribers/span_Operational Dashboard (1)' is clicked on

2019-04-24 13:33:13 - [TEST_STEP][PASSED] - scrollToPosition: Browser is scrolled to position x = 0, y = 0

2019-04-24 13:33:13 - [MESSAGE][PASSED] - Browser is scrolled to position x = 0, y = 0

2019-04-24 13:33:13 - [TEST_STEP][PASSED] - click: Object: 'Object Repository/Page_KiboEngage  Operational Dashbo/h3_Pages Info (4)' is clicked on

2019-04-24 13:33:13 - [MESSAGE][PASSED] - Object: 'Object Repository/Page_KiboEngage  Operational Dashbo/h3_Pages Info (4)' is clicked on

2019-04-24 13:33:13 - [MESSAGE][PASSED] - Call Test Case 'Test Cases/s-sidebar_navigation/individualAccount/operationalDashboard' successfully

2019-04-24 13:33:13 - [MESSAGE][PASSED] - Call Test Case 'Test Cases/Operational_Dashboard/Login' successfully

2019-04-24 13:33:13 - [TEST_STEP][PASSED] - Statement - driver = com.kms.katalon.core.webui.driver.DriverFactory.getWebDriver(): null

2019-04-24 13:33:13 - [TEST_STEP][PASSED] - Statement - subscriber = driver.findElement(org.openqa.selenium.By.xpath("//*[@id="m_widget5_tab1_content"]/div/div[1]/div[1]/div/div[4]/span/a")): null

2019-04-24 13:33:13 - [TEST_STEP][PASSED] - Statement - subscriber.click(): null

2019-04-24 13:33:14 - [TEST_STEP][PASSED] - scrollToPosition: Browser is scrolled to position x = 0, y = 0

2019-04-24 13:33:14 - [MESSAGE][PASSED] - Browser is scrolled to position x = 0, y = 0

2019-04-24 13:33:14 - [TEST_STEP][PASSED] - click: Object: 'Object Repository/Page_KiboEngage  Page Subscribers/h3_Subscribers' is clicked on

2019-04-24 13:33:14 - [MESSAGE][PASSED] - Object: 'Object Repository/Page_KiboEngage  Page Subscribers/h3_Subscribers' is clicked on

2019-04-24 13:33:14 - [TEST_STEP][PASSED] - delay: Delayed 5 second(s)

2019-04-24 13:33:19 - [MESSAGE][PASSED] - Delayed 5 second(s)

2019-04-24 13:33:19 - [TEST_STEP][PASSED] - Statement - Table = driver.findElement(org.openqa.selenium.By.xpath("//table/tbody")): null

2019-04-24 13:33:19 - [TEST_STEP][PASSED] - Statement - rows_table = Table.findElements(org.openqa.selenium.By.tagName("tr")): null

2019-04-24 13:33:19 - [TEST_STEP][PASSED] - Statement - rows_count = rows_table.size(): null

2019-04-24 13:33:19 - [TEST_STEP][PASSED] - verifyEqual: Actual object '10' and expected object '10' are equal

2019-04-24 13:33:19 - [MESSAGE][PASSED] - Actual object '10' and expected object '10' are equal]]></system-out>
         <system-err><![CDATA[]]></system-err>
      </testcase>
      <testcase name="Test Cases/Operational_Dashboard/118" classname="Test Cases/Operational_Dashboard/118" status="PASSED">
         <system-out><![CDATA[2019-04-24 13:33:19 - [TEST_CASE][PASSED] - Test Cases/Operational_Dashboard/118: Test Cases/Operational_Dashboard/118

2019-04-24 13:33:19 - [TEST_STEP][PASSED] - callTestCase: Call Test Case 'Test Cases/Operational_Dashboard/117' successfully

2019-04-24 13:33:19 - [TEST_CASE][PASSED] - Test Cases/Operational_Dashboard/117: Test Cases/Operational_Dashboard/117

2019-04-24 13:33:19 - [TEST_STEP][PASSED] - callTestCase: Call Test Case 'Test Cases/Operational_Dashboard/Login' successfully

2019-04-24 13:33:20 - [TEST_CASE][PASSED] - Test Cases/Operational_Dashboard/Login: Test Cases/Operational_Dashboard/Login

2019-04-24 13:33:20 - [TEST_STEP][PASSED] - callTestCase: Call Test Case 'Test Cases/s-sidebar_navigation/individualAccount/operationalDashboard' successfully

2019-04-24 13:33:20 - [TEST_CASE][PASSED] - Test Cases/s-sidebar_navigation/individualAccount/operationalDashboard: Test Cases/s-sidebar_navigation/individualAccount/operationalDashboard

2019-04-24 13:33:20 - [TEST_STEP][PASSED] - click: Object: 'Object Repository/Page_KiboEngage  Subscribers/span_Subscribers' is clicked on

2019-04-24 13:33:20 - [MESSAGE][PASSED] - Object: 'Object Repository/Page_KiboEngage  Subscribers/span_Subscribers' is clicked on

2019-04-24 13:33:20 - [TEST_STEP][PASSED] - click: Object: 'Object Repository/Page_KiboEngage  Subscribers/span_Operational Dashboard (1)' is clicked on

2019-04-24 13:33:20 - [MESSAGE][PASSED] - Object: 'Object Repository/Page_KiboEngage  Subscribers/span_Operational Dashboard (1)' is clicked on

2019-04-24 13:33:20 - [TEST_STEP][PASSED] - scrollToPosition: Browser is scrolled to position x = 0, y = 0

2019-04-24 13:33:20 - [MESSAGE][PASSED] - Browser is scrolled to position x = 0, y = 0

2019-04-24 13:33:20 - [TEST_STEP][PASSED] - click: Object: 'Object Repository/Page_KiboEngage  Operational Dashbo/h3_Pages Info (4)' is clicked on

2019-04-24 13:33:21 - [MESSAGE][PASSED] - Object: 'Object Repository/Page_KiboEngage  Operational Dashbo/h3_Pages Info (4)' is clicked on

2019-04-24 13:33:21 - [MESSAGE][PASSED] - Call Test Case 'Test Cases/s-sidebar_navigation/individualAccount/operationalDashboard' successfully

2019-04-24 13:33:21 - [MESSAGE][PASSED] - Call Test Case 'Test Cases/Operational_Dashboard/Login' successfully

2019-04-24 13:33:21 - [TEST_STEP][PASSED] - Statement - driver = com.kms.katalon.core.webui.driver.DriverFactory.getWebDriver(): null

2019-04-24 13:33:21 - [TEST_STEP][PASSED] - Statement - subscriber = driver.findElement(org.openqa.selenium.By.xpath("//*[@id="m_widget5_tab1_content"]/div/div[1]/div[1]/div/div[4]/span/a")): null

2019-04-24 13:33:21 - [TEST_STEP][PASSED] - Statement - subscriber.click(): null

2019-04-24 13:33:21 - [TEST_STEP][PASSED] - scrollToPosition: Browser is scrolled to position x = 0, y = 0

2019-04-24 13:33:21 - [MESSAGE][PASSED] - Browser is scrolled to position x = 0, y = 0

2019-04-24 13:33:21 - [TEST_STEP][PASSED] - click: Object: 'Object Repository/Page_KiboEngage  Page Subscribers/h3_Subscribers' is clicked on

2019-04-24 13:33:21 - [MESSAGE][PASSED] - Object: 'Object Repository/Page_KiboEngage  Page Subscribers/h3_Subscribers' is clicked on

2019-04-24 13:33:21 - [TEST_STEP][PASSED] - delay: Delayed 5 second(s)

2019-04-24 13:33:26 - [MESSAGE][PASSED] - Delayed 5 second(s)

2019-04-24 13:33:26 - [TEST_STEP][PASSED] - Statement - Table = driver.findElement(org.openqa.selenium.By.xpath("//table/tbody")): null

2019-04-24 13:33:26 - [TEST_STEP][PASSED] - Statement - rows_table = Table.findElements(org.openqa.selenium.By.tagName("tr")): null

2019-04-24 13:33:26 - [TEST_STEP][PASSED] - Statement - rows_count = rows_table.size(): null

2019-04-24 13:33:26 - [TEST_STEP][PASSED] - verifyEqual: Actual object '10' and expected object '10' are equal

2019-04-24 13:33:26 - [MESSAGE][PASSED] - Actual object '10' and expected object '10' are equal

2019-04-24 13:33:26 - [MESSAGE][PASSED] - Call Test Case 'Test Cases/Operational_Dashboard/117' successfully

2019-04-24 13:33:26 - [TEST_STEP][PASSED] - setText: Text 'Zain Majid' is set on object 'Object Repository/Page_KiboEngage  Page Subscribers/input_form-control m-input m-i'

2019-04-24 13:33:27 - [MESSAGE][PASSED] - Text 'Zain Majid' is set on object 'Object Repository/Page_KiboEngage  Page Subscribers/input_form-control m-input m-i'

2019-04-24 13:33:27 - [TEST_STEP][PASSED] - Statement - driver = com.kms.katalon.core.webui.driver.DriverFactory.getWebDriver(): null

2019-04-24 13:33:27 - [TEST_STEP][PASSED] - delay: Delayed 5 second(s)

2019-04-24 13:33:32 - [MESSAGE][PASSED] - Delayed 5 second(s)

2019-04-24 13:33:32 - [TEST_STEP][PASSED] - Statement - Table = driver.findElement(org.openqa.selenium.By.xpath("//table/tbody")): null

2019-04-24 13:33:32 - [TEST_STEP][PASSED] - Statement - rows_table = Table.findElements(org.openqa.selenium.By.tagName("tr")): null

2019-04-24 13:33:32 - [TEST_STEP][PASSED] - Statement - rows_count = rows_table.size(): null

2019-04-24 13:33:32 - [TEST_STEP][PASSED] - verifyEqual: Actual object '1' and expected object '1' are equal

2019-04-24 13:33:32 - [MESSAGE][PASSED] - Actual object '1' and expected object '1' are equal]]></system-out>
         <system-err><![CDATA[]]></system-err>
      </testcase>
      <testcase name="Test Cases/Operational_Dashboard/122" classname="Test Cases/Operational_Dashboard/122" status="ERROR">
         <error type="ERROR" message="Test Cases/Operational_Dashboard/122 FAILED because (of) org.openqa.selenium.NoSuchElementException: no such element: Unable to locate element: {&quot;method&quot;:&quot;xpath&quot;,&quot;selector&quot;:&quot;//table/tbody&quot;}
  (Session info: chrome=73.0.3683.103)
  (Driver info: chromedriver=2.35.528161 (5b82f2d2aae0ca24b877009200ced9065a772e73),platform=Windows NT 10.0.17134 x86_64) (WARNING: The server did not provide any stacktrace information)
Command duration or timeout: 0 milliseconds
For documentation on this error, please visit: http://seleniumhq.org/exceptions/no_such_element.html
Build info: version: '3.7.1', revision: '8a0099a', time: '2017-11-06T21:07:36.161Z'
System info: host: 'DESKTOP-4M6R1V0', ip: '10.0.2.15', os.name: 'Windows 10', os.arch: 'amd64', os.version: '10.0', java.version: '1.8.0_181'
Driver info: com.kms.katalon.selenium.driver.CChromeDriver
Capabilities {acceptInsecureCerts: false, acceptSslCerts: false, applicationCacheEnabled: false, browserConnectionEnabled: false, browserName: chrome, chrome: {chromedriverVersion: 2.35.528161 (5b82f2d2aae0ca..., userDataDir: C:\Users\CLOUDK~1\AppData\L...}, cssSelectorsEnabled: true, databaseEnabled: false, handlesAlerts: true, hasTouchScreen: false, javascriptEnabled: true, locationContextEnabled: true, mobileEmulationEnabled: false, nativeEvents: true, networkConnectionEnabled: false, pageLoadStrategy: normal, platform: XP, platformName: XP, rotatable: false, setWindowRect: true, takesHeapSnapshot: true, takesScreenshot: true, unexpectedAlertBehaviour: , unhandledPromptBehavior: , version: 73.0.3683.103, webStorageEnabled: true}
Session ID: d6db3dec024b088b5e583f193e5b5039
*** Element info: {Using=xpath, value=//table/tbody}"/>
         <system-out><![CDATA[2019-04-24 13:33:32 - [TEST_CASE][ERROR] - Test Cases/Operational_Dashboard/122: Test Cases/Operational_Dashboard/122 FAILED because (of) org.openqa.selenium.NoSuchElementException: no such element: Unable to locate element: {"method":"xpath","selector":"//table/tbody"}
  (Session info: chrome=73.0.3683.103)
  (Driver info: chromedriver=2.35.528161 (5b82f2d2aae0ca24b877009200ced9065a772e73),platform=Windows NT 10.0.17134 x86_64) (WARNING: The server did not provide any stacktrace information)
Command duration or timeout: 0 milliseconds
For documentation on this error, please visit: http://seleniumhq.org/exceptions/no_such_element.html
Build info: version: '3.7.1', revision: '8a0099a', time: '2017-11-06T21:07:36.161Z'
System info: host: 'DESKTOP-4M6R1V0', ip: '10.0.2.15', os.name: 'Windows 10', os.arch: 'amd64', os.version: '10.0', java.version: '1.8.0_181'
Driver info: com.kms.katalon.selenium.driver.CChromeDriver
Capabilities {acceptInsecureCerts: false, acceptSslCerts: false, applicationCacheEnabled: false, browserConnectionEnabled: false, browserName: chrome, chrome: {chromedriverVersion: 2.35.528161 (5b82f2d2aae0ca..., userDataDir: C:\Users\CLOUDK~1\AppData\L...}, cssSelectorsEnabled: true, databaseEnabled: false, handlesAlerts: true, hasTouchScreen: false, javascriptEnabled: true, locationContextEnabled: true, mobileEmulationEnabled: false, nativeEvents: true, networkConnectionEnabled: false, pageLoadStrategy: normal, platform: XP, platformName: XP, rotatable: false, setWindowRect: true, takesHeapSnapshot: true, takesScreenshot: true, unexpectedAlertBehaviour: , unhandledPromptBehavior: , version: 73.0.3683.103, webStorageEnabled: true}
Session ID: d6db3dec024b088b5e583f193e5b5039
*** Element info: {Using=xpath, value=//table/tbody}

2019-04-24 13:33:32 - [TEST_STEP][FAILED] - callTestCase: Unable to call Test Case with id 'Test Cases/Operational_Dashboard/117' (Root cause: Call Test Case 'Test Cases/Operational_Dashboard/117' failed because of error(s))

2019-04-24 13:33:32 - [TEST_CASE][ERROR] - Test Cases/Operational_Dashboard/117: Test Cases/Operational_Dashboard/117 FAILED because (of) org.openqa.selenium.NoSuchElementException: no such element: Unable to locate element: {"method":"xpath","selector":"//table/tbody"}
  (Session info: chrome=73.0.3683.103)
  (Driver info: chromedriver=2.35.528161 (5b82f2d2aae0ca24b877009200ced9065a772e73),platform=Windows NT 10.0.17134 x86_64) (WARNING: The server did not provide any stacktrace information)
Command duration or timeout: 0 milliseconds
For documentation on this error, please visit: http://seleniumhq.org/exceptions/no_such_element.html
Build info: version: '3.7.1', revision: '8a0099a', time: '2017-11-06T21:07:36.161Z'
System info: host: 'DESKTOP-4M6R1V0', ip: '10.0.2.15', os.name: 'Windows 10', os.arch: 'amd64', os.version: '10.0', java.version: '1.8.0_181'
Driver info: com.kms.katalon.selenium.driver.CChromeDriver
Capabilities {acceptInsecureCerts: false, acceptSslCerts: false, applicationCacheEnabled: false, browserConnectionEnabled: false, browserName: chrome, chrome: {chromedriverVersion: 2.35.528161 (5b82f2d2aae0ca..., userDataDir: C:\Users\CLOUDK~1\AppData\L...}, cssSelectorsEnabled: true, databaseEnabled: false, handlesAlerts: true, hasTouchScreen: false, javascriptEnabled: true, locationContextEnabled: true, mobileEmulationEnabled: false, nativeEvents: true, networkConnectionEnabled: false, pageLoadStrategy: normal, platform: XP, platformName: XP, rotatable: false, setWindowRect: true, takesHeapSnapshot: true, takesScreenshot: true, unexpectedAlertBehaviour: , unhandledPromptBehavior: , version: 73.0.3683.103, webStorageEnabled: true}
Session ID: d6db3dec024b088b5e583f193e5b5039
*** Element info: {Using=xpath, value=//table/tbody}

2019-04-24 13:33:32 - [TEST_STEP][PASSED] - callTestCase: Call Test Case 'Test Cases/Operational_Dashboard/Login' successfully

2019-04-24 13:33:32 - [TEST_CASE][PASSED] - Test Cases/Operational_Dashboard/Login: Test Cases/Operational_Dashboard/Login

2019-04-24 13:33:32 - [TEST_STEP][PASSED] - callTestCase: Call Test Case 'Test Cases/s-sidebar_navigation/individualAccount/operationalDashboard' successfully

2019-04-24 13:33:32 - [TEST_CASE][PASSED] - Test Cases/s-sidebar_navigation/individualAccount/operationalDashboard: Test Cases/s-sidebar_navigation/individualAccount/operationalDashboard

2019-04-24 13:33:33 - [TEST_STEP][PASSED] - click: Object: 'Object Repository/Page_KiboEngage  Subscribers/span_Subscribers' is clicked on

2019-04-24 13:33:33 - [MESSAGE][PASSED] - Object: 'Object Repository/Page_KiboEngage  Subscribers/span_Subscribers' is clicked on

2019-04-24 13:33:33 - [TEST_STEP][PASSED] - click: Object: 'Object Repository/Page_KiboEngage  Subscribers/span_Operational Dashboard (1)' is clicked on

2019-04-24 13:33:33 - [MESSAGE][PASSED] - Object: 'Object Repository/Page_KiboEngage  Subscribers/span_Operational Dashboard (1)' is clicked on

2019-04-24 13:33:33 - [TEST_STEP][PASSED] - scrollToPosition: Browser is scrolled to position x = 0, y = 0

2019-04-24 13:33:33 - [MESSAGE][PASSED] - Browser is scrolled to position x = 0, y = 0

2019-04-24 13:33:33 - [TEST_STEP][PASSED] - click: Object: 'Object Repository/Page_KiboEngage  Operational Dashbo/h3_Pages Info (4)' is clicked on

2019-04-24 13:33:33 - [MESSAGE][PASSED] - Object: 'Object Repository/Page_KiboEngage  Operational Dashbo/h3_Pages Info (4)' is clicked on

2019-04-24 13:33:33 - [MESSAGE][PASSED] - Call Test Case 'Test Cases/s-sidebar_navigation/individualAccount/operationalDashboard' successfully

2019-04-24 13:33:33 - [MESSAGE][PASSED] - Call Test Case 'Test Cases/Operational_Dashboard/Login' successfully

2019-04-24 13:33:33 - [TEST_STEP][PASSED] - Statement - driver = com.kms.katalon.core.webui.driver.DriverFactory.getWebDriver(): null

2019-04-24 13:33:33 - [TEST_STEP][PASSED] - Statement - subscriber = driver.findElement(org.openqa.selenium.By.xpath("//*[@id="m_widget5_tab1_content"]/div/div[1]/div[1]/div/div[4]/span/a")): null

2019-04-24 13:33:34 - [TEST_STEP][PASSED] - Statement - subscriber.click(): null

2019-04-24 13:33:34 - [TEST_STEP][PASSED] - scrollToPosition: Browser is scrolled to position x = 0, y = 0

2019-04-24 13:33:34 - [MESSAGE][PASSED] - Browser is scrolled to position x = 0, y = 0

2019-04-24 13:33:34 - [TEST_STEP][PASSED] - click: Object: 'Object Repository/Page_KiboEngage  Page Subscribers/h3_Subscribers' is clicked on

2019-04-24 13:33:34 - [MESSAGE][PASSED] - Object: 'Object Repository/Page_KiboEngage  Page Subscribers/h3_Subscribers' is clicked on

2019-04-24 13:33:34 - [TEST_STEP][PASSED] - delay: Delayed 5 second(s)

2019-04-24 13:33:39 - [MESSAGE][PASSED] - Delayed 5 second(s)

2019-04-24 13:33:39 - [TEST_STEP][PASSED] - Statement - Table = driver.findElement(org.openqa.selenium.By.xpath("//table/tbody")): null

2019-04-24 13:33:39 - [MESSAGE][FAILED] - Unable to call Test Case with id 'Test Cases/Operational_Dashboard/117' (Root cause: Call Test Case 'Test Cases/Operational_Dashboard/117' failed because of error(s))]]></system-out>
         <system-err><![CDATA[2019-04-24 13:33:32 - [TEST_CASE][ERROR] - Test Cases/Operational_Dashboard/122: Test Cases/Operational_Dashboard/122 FAILED because (of) org.openqa.selenium.NoSuchElementException: no such element: Unable to locate element: {"method":"xpath","selector":"//table/tbody"}
  (Session info: chrome=73.0.3683.103)
  (Driver info: chromedriver=2.35.528161 (5b82f2d2aae0ca24b877009200ced9065a772e73),platform=Windows NT 10.0.17134 x86_64) (WARNING: The server did not provide any stacktrace information)
Command duration or timeout: 0 milliseconds
For documentation on this error, please visit: http://seleniumhq.org/exceptions/no_such_element.html
Build info: version: '3.7.1', revision: '8a0099a', time: '2017-11-06T21:07:36.161Z'
System info: host: 'DESKTOP-4M6R1V0', ip: '10.0.2.15', os.name: 'Windows 10', os.arch: 'amd64', os.version: '10.0', java.version: '1.8.0_181'
Driver info: com.kms.katalon.selenium.driver.CChromeDriver
Capabilities {acceptInsecureCerts: false, acceptSslCerts: false, applicationCacheEnabled: false, browserConnectionEnabled: false, browserName: chrome, chrome: {chromedriverVersion: 2.35.528161 (5b82f2d2aae0ca..., userDataDir: C:\Users\CLOUDK~1\AppData\L...}, cssSelectorsEnabled: true, databaseEnabled: false, handlesAlerts: true, hasTouchScreen: false, javascriptEnabled: true, locationContextEnabled: true, mobileEmulationEnabled: false, nativeEvents: true, networkConnectionEnabled: false, pageLoadStrategy: normal, platform: XP, platformName: XP, rotatable: false, setWindowRect: true, takesHeapSnapshot: true, takesScreenshot: true, unexpectedAlertBehaviour: , unhandledPromptBehavior: , version: 73.0.3683.103, webStorageEnabled: true}
Session ID: d6db3dec024b088b5e583f193e5b5039
*** Element info: {Using=xpath, value=//table/tbody}]]></system-err>
      </testcase>
      <testcase name="Test Cases/Operational_Dashboard/123" classname="Test Cases/Operational_Dashboard/123" status="PASSED">
         <system-out><![CDATA[2019-04-24 13:33:39 - [TEST_CASE][PASSED] - Test Cases/Operational_Dashboard/123: Test Cases/Operational_Dashboard/123

2019-04-24 13:33:39 - [TEST_STEP][PASSED] - callTestCase: Call Test Case 'Test Cases/Operational_Dashboard/117' successfully

2019-04-24 13:33:39 - [TEST_CASE][PASSED] - Test Cases/Operational_Dashboard/117: Test Cases/Operational_Dashboard/117

2019-04-24 13:33:39 - [TEST_STEP][PASSED] - callTestCase: Call Test Case 'Test Cases/Operational_Dashboard/Login' successfully

2019-04-24 13:33:39 - [TEST_CASE][PASSED] - Test Cases/Operational_Dashboard/Login: Test Cases/Operational_Dashboard/Login

2019-04-24 13:33:40 - [TEST_STEP][PASSED] - callTestCase: Call Test Case 'Test Cases/s-sidebar_navigation/individualAccount/operationalDashboard' successfully

2019-04-24 13:33:40 - [TEST_CASE][PASSED] - Test Cases/s-sidebar_navigation/individualAccount/operationalDashboard: Test Cases/s-sidebar_navigation/individualAccount/operationalDashboard

2019-04-24 13:33:40 - [TEST_STEP][PASSED] - click: Object: 'Object Repository/Page_KiboEngage  Subscribers/span_Subscribers' is clicked on

2019-04-24 13:33:40 - [MESSAGE][PASSED] - Object: 'Object Repository/Page_KiboEngage  Subscribers/span_Subscribers' is clicked on

2019-04-24 13:33:40 - [TEST_STEP][PASSED] - click: Object: 'Object Repository/Page_KiboEngage  Subscribers/span_Operational Dashboard (1)' is clicked on

2019-04-24 13:33:41 - [MESSAGE][PASSED] - Object: 'Object Repository/Page_KiboEngage  Subscribers/span_Operational Dashboard (1)' is clicked on

2019-04-24 13:33:41 - [TEST_STEP][PASSED] - scrollToPosition: Browser is scrolled to position x = 0, y = 0

2019-04-24 13:33:41 - [MESSAGE][PASSED] - Browser is scrolled to position x = 0, y = 0

2019-04-24 13:33:41 - [TEST_STEP][PASSED] - click: Object: 'Object Repository/Page_KiboEngage  Operational Dashbo/h3_Pages Info (4)' is clicked on

2019-04-24 13:33:41 - [MESSAGE][PASSED] - Object: 'Object Repository/Page_KiboEngage  Operational Dashbo/h3_Pages Info (4)' is clicked on

2019-04-24 13:33:41 - [MESSAGE][PASSED] - Call Test Case 'Test Cases/s-sidebar_navigation/individualAccount/operationalDashboard' successfully

2019-04-24 13:33:41 - [MESSAGE][PASSED] - Call Test Case 'Test Cases/Operational_Dashboard/Login' successfully

2019-04-24 13:33:41 - [TEST_STEP][PASSED] - Statement - driver = com.kms.katalon.core.webui.driver.DriverFactory.getWebDriver(): null

2019-04-24 13:33:41 - [TEST_STEP][PASSED] - Statement - subscriber = driver.findElement(org.openqa.selenium.By.xpath("//*[@id="m_widget5_tab1_content"]/div/div[1]/div[1]/div/div[4]/span/a")): null

2019-04-24 13:33:41 - [TEST_STEP][PASSED] - Statement - subscriber.click(): null

2019-04-24 13:33:42 - [TEST_STEP][PASSED] - scrollToPosition: Browser is scrolled to position x = 0, y = 0

2019-04-24 13:33:42 - [MESSAGE][PASSED] - Browser is scrolled to position x = 0, y = 0

2019-04-24 13:33:42 - [TEST_STEP][PASSED] - click: Object: 'Object Repository/Page_KiboEngage  Page Subscribers/h3_Subscribers' is clicked on

2019-04-24 13:33:42 - [MESSAGE][PASSED] - Object: 'Object Repository/Page_KiboEngage  Page Subscribers/h3_Subscribers' is clicked on

2019-04-24 13:33:42 - [TEST_STEP][PASSED] - delay: Delayed 5 second(s)

2019-04-24 13:33:47 - [MESSAGE][PASSED] - Delayed 5 second(s)

2019-04-24 13:33:47 - [TEST_STEP][PASSED] - Statement - Table = driver.findElement(org.openqa.selenium.By.xpath("//table/tbody")): null

2019-04-24 13:33:47 - [TEST_STEP][PASSED] - Statement - rows_table = Table.findElements(org.openqa.selenium.By.tagName("tr")): null

2019-04-24 13:33:47 - [TEST_STEP][PASSED] - Statement - rows_count = rows_table.size(): null

2019-04-24 13:33:47 - [TEST_STEP][PASSED] - verifyEqual: Actual object '10' and expected object '10' are equal

2019-04-24 13:33:47 - [MESSAGE][PASSED] - Actual object '10' and expected object '10' are equal

2019-04-24 13:33:47 - [MESSAGE][PASSED] - Call Test Case 'Test Cases/Operational_Dashboard/117' successfully

2019-04-24 13:33:47 - [TEST_STEP][PASSED] - verifyTextPresent: Text 'Zain Majid' is present on page 

2019-04-24 13:33:47 - [MESSAGE][PASSED] - Text 'Zain Majid' is present on page 

2019-04-24 13:33:47 - [TEST_STEP][PASSED] - Statement - driver = com.kms.katalon.core.webui.driver.DriverFactory.getWebDriver(): null

2019-04-24 13:33:47 - [TEST_STEP][PASSED] - Statement - Next = driver.findElement(org.openqa.selenium.By.xpath("//*[@id="ajax_data"]/ul/li[9]/a")): null

2019-04-24 13:33:47 - [TEST_STEP][PASSED] - Statement - Next.click(): null

2019-04-24 13:33:47 - [TEST_STEP][PASSED] - scrollToPosition: Browser is scrolled to position x = 0, y = 0

2019-04-24 13:33:48 - [MESSAGE][PASSED] - Browser is scrolled to position x = 0, y = 0

2019-04-24 13:33:48 - [TEST_STEP][PASSED] - delay: Delayed 5 second(s)

2019-04-24 13:33:53 - [MESSAGE][PASSED] - Delayed 5 second(s)

2019-04-24 13:33:53 - [TEST_STEP][PASSED] - verifyTextPresent: Text 'Imran Bhatti' is present on page 

2019-04-24 13:33:53 - [MESSAGE][PASSED] - Text 'Imran Bhatti' is present on page 

2019-04-24 13:33:53 - [TEST_STEP][PASSED] - verifyTextNotPresent: Text 'Zain Majid' is not present on page

2019-04-24 13:33:53 - [MESSAGE][PASSED] - Text 'Zain Majid' is not present on page]]></system-out>
         <system-err><![CDATA[]]></system-err>
      </testcase>
      <testcase name="Test Cases/Operational_Dashboard/124" classname="Test Cases/Operational_Dashboard/124" status="PASSED">
         <system-out><![CDATA[2019-04-24 13:33:53 - [TEST_CASE][PASSED] - Test Cases/Operational_Dashboard/124: Test Cases/Operational_Dashboard/124

2019-04-24 13:33:54 - [TEST_STEP][PASSED] - callTestCase: Call Test Case 'Test Cases/Operational_Dashboard/123' successfully

2019-04-24 13:33:54 - [TEST_CASE][PASSED] - Test Cases/Operational_Dashboard/123: Test Cases/Operational_Dashboard/123

2019-04-24 13:33:54 - [TEST_STEP][PASSED] - callTestCase: Call Test Case 'Test Cases/Operational_Dashboard/117' successfully

2019-04-24 13:33:54 - [TEST_CASE][PASSED] - Test Cases/Operational_Dashboard/117: Test Cases/Operational_Dashboard/117

2019-04-24 13:33:54 - [TEST_STEP][PASSED] - callTestCase: Call Test Case 'Test Cases/Operational_Dashboard/Login' successfully

2019-04-24 13:33:54 - [TEST_CASE][PASSED] - Test Cases/Operational_Dashboard/Login: Test Cases/Operational_Dashboard/Login

2019-04-24 13:33:54 - [TEST_STEP][PASSED] - callTestCase: Call Test Case 'Test Cases/s-sidebar_navigation/individualAccount/operationalDashboard' successfully

2019-04-24 13:33:54 - [TEST_CASE][PASSED] - Test Cases/s-sidebar_navigation/individualAccount/operationalDashboard: Test Cases/s-sidebar_navigation/individualAccount/operationalDashboard

2019-04-24 13:33:54 - [TEST_STEP][PASSED] - click: Object: 'Object Repository/Page_KiboEngage  Subscribers/span_Subscribers' is clicked on

2019-04-24 13:33:54 - [MESSAGE][PASSED] - Object: 'Object Repository/Page_KiboEngage  Subscribers/span_Subscribers' is clicked on

2019-04-24 13:33:54 - [TEST_STEP][PASSED] - click: Object: 'Object Repository/Page_KiboEngage  Subscribers/span_Operational Dashboard (1)' is clicked on

2019-04-24 13:33:55 - [MESSAGE][PASSED] - Object: 'Object Repository/Page_KiboEngage  Subscribers/span_Operational Dashboard (1)' is clicked on

2019-04-24 13:33:55 - [TEST_STEP][PASSED] - scrollToPosition: Browser is scrolled to position x = 0, y = 0

2019-04-24 13:33:55 - [MESSAGE][PASSED] - Browser is scrolled to position x = 0, y = 0

2019-04-24 13:33:55 - [TEST_STEP][PASSED] - click: Object: 'Object Repository/Page_KiboEngage  Operational Dashbo/h3_Pages Info (4)' is clicked on

2019-04-24 13:33:55 - [MESSAGE][PASSED] - Object: 'Object Repository/Page_KiboEngage  Operational Dashbo/h3_Pages Info (4)' is clicked on

2019-04-24 13:33:55 - [MESSAGE][PASSED] - Call Test Case 'Test Cases/s-sidebar_navigation/individualAccount/operationalDashboard' successfully

2019-04-24 13:33:55 - [MESSAGE][PASSED] - Call Test Case 'Test Cases/Operational_Dashboard/Login' successfully

2019-04-24 13:33:55 - [TEST_STEP][PASSED] - Statement - driver = com.kms.katalon.core.webui.driver.DriverFactory.getWebDriver(): null

2019-04-24 13:33:55 - [TEST_STEP][PASSED] - Statement - subscriber = driver.findElement(org.openqa.selenium.By.xpath("//*[@id="m_widget5_tab1_content"]/div/div[1]/div[1]/div/div[4]/span/a")): null

2019-04-24 13:33:55 - [TEST_STEP][PASSED] - Statement - subscriber.click(): null

2019-04-24 13:33:55 - [TEST_STEP][PASSED] - scrollToPosition: Browser is scrolled to position x = 0, y = 0

2019-04-24 13:33:55 - [MESSAGE][PASSED] - Browser is scrolled to position x = 0, y = 0

2019-04-24 13:33:55 - [TEST_STEP][PASSED] - click: Object: 'Object Repository/Page_KiboEngage  Page Subscribers/h3_Subscribers' is clicked on

2019-04-24 13:33:56 - [MESSAGE][PASSED] - Object: 'Object Repository/Page_KiboEngage  Page Subscribers/h3_Subscribers' is clicked on

2019-04-24 13:33:56 - [TEST_STEP][PASSED] - delay: Delayed 5 second(s)

2019-04-24 13:34:01 - [MESSAGE][PASSED] - Delayed 5 second(s)

2019-04-24 13:34:01 - [TEST_STEP][PASSED] - Statement - Table = driver.findElement(org.openqa.selenium.By.xpath("//table/tbody")): null

2019-04-24 13:34:01 - [TEST_STEP][PASSED] - Statement - rows_table = Table.findElements(org.openqa.selenium.By.tagName("tr")): null

2019-04-24 13:34:01 - [TEST_STEP][PASSED] - Statement - rows_count = rows_table.size(): null

2019-04-24 13:34:01 - [TEST_STEP][PASSED] - verifyEqual: Actual object '10' and expected object '10' are equal

2019-04-24 13:34:01 - [MESSAGE][PASSED] - Actual object '10' and expected object '10' are equal

2019-04-24 13:34:01 - [MESSAGE][PASSED] - Call Test Case 'Test Cases/Operational_Dashboard/117' successfully

2019-04-24 13:34:01 - [TEST_STEP][PASSED] - verifyTextPresent: Text 'Zain Majid' is present on page 

2019-04-24 13:34:01 - [MESSAGE][PASSED] - Text 'Zain Majid' is present on page 

2019-04-24 13:34:01 - [TEST_STEP][PASSED] - Statement - driver = com.kms.katalon.core.webui.driver.DriverFactory.getWebDriver(): null

2019-04-24 13:34:01 - [TEST_STEP][PASSED] - Statement - Next = driver.findElement(org.openqa.selenium.By.xpath("//*[@id="ajax_data"]/ul/li[9]/a")): null

2019-04-24 13:34:01 - [TEST_STEP][PASSED] - Statement - Next.click(): null

2019-04-24 13:34:01 - [TEST_STEP][PASSED] - scrollToPosition: Browser is scrolled to position x = 0, y = 0

2019-04-24 13:34:01 - [MESSAGE][PASSED] - Browser is scrolled to position x = 0, y = 0

2019-04-24 13:34:01 - [TEST_STEP][PASSED] - delay: Delayed 5 second(s)

2019-04-24 13:34:06 - [MESSAGE][PASSED] - Delayed 5 second(s)

2019-04-24 13:34:06 - [TEST_STEP][PASSED] - verifyTextPresent: Text 'Imran Bhatti' is present on page 

2019-04-24 13:34:06 - [MESSAGE][PASSED] - Text 'Imran Bhatti' is present on page 

2019-04-24 13:34:06 - [TEST_STEP][PASSED] - verifyTextNotPresent: Text 'Zain Majid' is not present on page

2019-04-24 13:34:07 - [MESSAGE][PASSED] - Text 'Zain Majid' is not present on page

2019-04-24 13:34:07 - [MESSAGE][PASSED] - Call Test Case 'Test Cases/Operational_Dashboard/123' successfully

2019-04-24 13:34:07 - [TEST_STEP][PASSED] - Statement - driver = com.kms.katalon.core.webui.driver.DriverFactory.getWebDriver(): null

2019-04-24 13:34:07 - [TEST_STEP][PASSED] - Statement - previous = driver.findElement(org.openqa.selenium.By.xpath("//*[@id="ajax_data"]/ul/li[1]/a")): null

2019-04-24 13:34:07 - [TEST_STEP][PASSED] - Statement - previous.click(): null

2019-04-24 13:34:07 - [TEST_STEP][PASSED] - delay: Delayed 5 second(s)

2019-04-24 13:34:12 - [MESSAGE][PASSED] - Delayed 5 second(s)

2019-04-24 13:34:12 - [TEST_STEP][PASSED] - verifyTextPresent: Text 'Zain Majid' is present on page 

2019-04-24 13:34:12 - [MESSAGE][PASSED] - Text 'Zain Majid' is present on page 

2019-04-24 13:34:12 - [TEST_STEP][PASSED] - verifyTextNotPresent: Text 'Imran Bhatti' is not present on page

2019-04-24 13:34:12 - [MESSAGE][PASSED] - Text 'Imran Bhatti' is not present on page]]></system-out>
         <system-err><![CDATA[]]></system-err>
      </testcase>
      <testcase name="Test Cases/Operational_Dashboard/125" classname="Test Cases/Operational_Dashboard/125" status="PASSED">
         <system-out><![CDATA[2019-04-24 13:34:12 - [TEST_CASE][PASSED] - Test Cases/Operational_Dashboard/125: Test Cases/Operational_Dashboard/125

2019-04-24 13:34:12 - [TEST_STEP][PASSED] - callTestCase: Call Test Case 'Test Cases/Operational_Dashboard/117' successfully

2019-04-24 13:34:12 - [TEST_CASE][PASSED] - Test Cases/Operational_Dashboard/117: Test Cases/Operational_Dashboard/117

2019-04-24 13:34:13 - [TEST_STEP][PASSED] - callTestCase: Call Test Case 'Test Cases/Operational_Dashboard/Login' successfully

2019-04-24 13:34:13 - [TEST_CASE][PASSED] - Test Cases/Operational_Dashboard/Login: Test Cases/Operational_Dashboard/Login

2019-04-24 13:34:13 - [TEST_STEP][PASSED] - callTestCase: Call Test Case 'Test Cases/s-sidebar_navigation/individualAccount/operationalDashboard' successfully

2019-04-24 13:34:13 - [TEST_CASE][PASSED] - Test Cases/s-sidebar_navigation/individualAccount/operationalDashboard: Test Cases/s-sidebar_navigation/individualAccount/operationalDashboard

2019-04-24 13:34:13 - [TEST_STEP][PASSED] - click: Object: 'Object Repository/Page_KiboEngage  Subscribers/span_Subscribers' is clicked on

2019-04-24 13:34:13 - [MESSAGE][PASSED] - Object: 'Object Repository/Page_KiboEngage  Subscribers/span_Subscribers' is clicked on

2019-04-24 13:34:13 - [TEST_STEP][PASSED] - click: Object: 'Object Repository/Page_KiboEngage  Subscribers/span_Operational Dashboard (1)' is clicked on

2019-04-24 13:34:13 - [MESSAGE][PASSED] - Object: 'Object Repository/Page_KiboEngage  Subscribers/span_Operational Dashboard (1)' is clicked on

2019-04-24 13:34:13 - [TEST_STEP][PASSED] - scrollToPosition: Browser is scrolled to position x = 0, y = 0

2019-04-24 13:34:13 - [MESSAGE][PASSED] - Browser is scrolled to position x = 0, y = 0

2019-04-24 13:34:13 - [TEST_STEP][PASSED] - click: Object: 'Object Repository/Page_KiboEngage  Operational Dashbo/h3_Pages Info (4)' is clicked on

2019-04-24 13:34:14 - [MESSAGE][PASSED] - Object: 'Object Repository/Page_KiboEngage  Operational Dashbo/h3_Pages Info (4)' is clicked on

2019-04-24 13:34:14 - [MESSAGE][PASSED] - Call Test Case 'Test Cases/s-sidebar_navigation/individualAccount/operationalDashboard' successfully

2019-04-24 13:34:14 - [MESSAGE][PASSED] - Call Test Case 'Test Cases/Operational_Dashboard/Login' successfully

2019-04-24 13:34:14 - [TEST_STEP][PASSED] - Statement - driver = com.kms.katalon.core.webui.driver.DriverFactory.getWebDriver(): null

2019-04-24 13:34:14 - [TEST_STEP][PASSED] - Statement - subscriber = driver.findElement(org.openqa.selenium.By.xpath("//*[@id="m_widget5_tab1_content"]/div/div[1]/div[1]/div/div[4]/span/a")): null

2019-04-24 13:34:14 - [TEST_STEP][PASSED] - Statement - subscriber.click(): null

2019-04-24 13:34:14 - [TEST_STEP][PASSED] - scrollToPosition: Browser is scrolled to position x = 0, y = 0

2019-04-24 13:34:14 - [MESSAGE][PASSED] - Browser is scrolled to position x = 0, y = 0

2019-04-24 13:34:14 - [TEST_STEP][PASSED] - click: Object: 'Object Repository/Page_KiboEngage  Page Subscribers/h3_Subscribers' is clicked on

2019-04-24 13:34:15 - [MESSAGE][PASSED] - Object: 'Object Repository/Page_KiboEngage  Page Subscribers/h3_Subscribers' is clicked on

2019-04-24 13:34:15 - [TEST_STEP][PASSED] - delay: Delayed 5 second(s)

2019-04-24 13:34:20 - [MESSAGE][PASSED] - Delayed 5 second(s)

2019-04-24 13:34:20 - [TEST_STEP][PASSED] - Statement - Table = driver.findElement(org.openqa.selenium.By.xpath("//table/tbody")): null

2019-04-24 13:34:20 - [TEST_STEP][PASSED] - Statement - rows_table = Table.findElements(org.openqa.selenium.By.tagName("tr")): null

2019-04-24 13:34:20 - [TEST_STEP][PASSED] - Statement - rows_count = rows_table.size(): null

2019-04-24 13:34:20 - [TEST_STEP][PASSED] - verifyEqual: Actual object '10' and expected object '10' are equal

2019-04-24 13:34:20 - [MESSAGE][PASSED] - Actual object '10' and expected object '10' are equal

2019-04-24 13:34:20 - [MESSAGE][PASSED] - Call Test Case 'Test Cases/Operational_Dashboard/117' successfully

2019-04-24 13:34:20 - [TEST_STEP][PASSED] - verifyTextPresent: Text 'Zain Majid' is present on page 

2019-04-24 13:34:20 - [MESSAGE][PASSED] - Text 'Zain Majid' is present on page 

2019-04-24 13:34:20 - [TEST_STEP][PASSED] - Statement - driver = com.kms.katalon.core.webui.driver.DriverFactory.getWebDriver(): null

2019-04-24 13:34:20 - [TEST_STEP][PASSED] - Statement - Next = driver.findElement(org.openqa.selenium.By.xpath("//*[@id="ajax_data"]/ul/li[3]/a")): null

2019-04-24 13:34:20 - [TEST_STEP][PASSED] - Statement - Next.click(): null

2019-04-24 13:34:20 - [TEST_STEP][PASSED] - scrollToPosition: Browser is scrolled to position x = 0, y = 0

2019-04-24 13:34:20 - [MESSAGE][PASSED] - Browser is scrolled to position x = 0, y = 0

2019-04-24 13:34:20 - [TEST_STEP][PASSED] - delay: Delayed 5 second(s)

2019-04-24 13:34:25 - [MESSAGE][PASSED] - Delayed 5 second(s)

2019-04-24 13:34:25 - [TEST_STEP][PASSED] - verifyTextPresent: Text 'Imran Bhatti' is present on page 

2019-04-24 13:34:25 - [MESSAGE][PASSED] - Text 'Imran Bhatti' is present on page 

2019-04-24 13:34:25 - [TEST_STEP][PASSED] - verifyTextNotPresent: Text 'Zain Majid' is not present on page

2019-04-24 13:34:26 - [MESSAGE][PASSED] - Text 'Zain Majid' is not present on page]]></system-out>
         <system-err><![CDATA[]]></system-err>
      </testcase>
      <testcase name="Test Cases/Operational_Dashboard/126" classname="Test Cases/Operational_Dashboard/126" status="PASSED">
         <system-out><![CDATA[2019-04-24 13:34:26 - [TEST_CASE][PASSED] - Test Cases/Operational_Dashboard/126: Test Cases/Operational_Dashboard/126

2019-04-24 13:34:26 - [TEST_STEP][PASSED] - callTestCase: Call Test Case 'Test Cases/Operational_Dashboard/Login' successfully

2019-04-24 13:34:26 - [TEST_CASE][PASSED] - Test Cases/Operational_Dashboard/Login: Test Cases/Operational_Dashboard/Login

2019-04-24 13:34:26 - [TEST_STEP][PASSED] - callTestCase: Call Test Case 'Test Cases/s-sidebar_navigation/individualAccount/operationalDashboard' successfully

2019-04-24 13:34:26 - [TEST_CASE][PASSED] - Test Cases/s-sidebar_navigation/individualAccount/operationalDashboard: Test Cases/s-sidebar_navigation/individualAccount/operationalDashboard

2019-04-24 13:34:26 - [TEST_STEP][PASSED] - click: Object: 'Object Repository/Page_KiboEngage  Subscribers/span_Subscribers' is clicked on

2019-04-24 13:34:26 - [MESSAGE][PASSED] - Object: 'Object Repository/Page_KiboEngage  Subscribers/span_Subscribers' is clicked on

2019-04-24 13:34:26 - [TEST_STEP][PASSED] - click: Object: 'Object Repository/Page_KiboEngage  Subscribers/span_Operational Dashboard (1)' is clicked on

2019-04-24 13:34:27 - [MESSAGE][PASSED] - Object: 'Object Repository/Page_KiboEngage  Subscribers/span_Operational Dashboard (1)' is clicked on

2019-04-24 13:34:27 - [TEST_STEP][PASSED] - scrollToPosition: Browser is scrolled to position x = 0, y = 0

2019-04-24 13:34:27 - [MESSAGE][PASSED] - Browser is scrolled to position x = 0, y = 0

2019-04-24 13:34:27 - [TEST_STEP][PASSED] - click: Object: 'Object Repository/Page_KiboEngage  Operational Dashbo/h3_Pages Info (4)' is clicked on

2019-04-24 13:34:27 - [MESSAGE][PASSED] - Object: 'Object Repository/Page_KiboEngage  Operational Dashbo/h3_Pages Info (4)' is clicked on

2019-04-24 13:34:27 - [MESSAGE][PASSED] - Call Test Case 'Test Cases/s-sidebar_navigation/individualAccount/operationalDashboard' successfully

2019-04-24 13:34:27 - [MESSAGE][PASSED] - Call Test Case 'Test Cases/Operational_Dashboard/Login' successfully

2019-04-24 13:34:27 - [TEST_STEP][PASSED] - delay: Delayed 5 second(s)

2019-04-24 13:34:32 - [MESSAGE][PASSED] - Delayed 5 second(s)

2019-04-24 13:34:32 - [TEST_STEP][PASSED] - Statement - driver = com.kms.katalon.core.webui.driver.DriverFactory.getWebDriver(): null

2019-04-24 13:34:32 - [TEST_STEP][PASSED] - Statement - users = driver.findElements(org.openqa.selenium.By.xpath("//*[@id="content"]/div/div/div/div[2]/div[3]/div[4]/div[2]/div/div[2]/div/div/div/div/div/div/div/div/div")): null

2019-04-24 13:34:32 - [TEST_STEP][PASSED] - Statement - println(users.size()): null

2019-04-24 13:34:32 - [TEST_STEP][PASSED] - verifyEqual: Actual object '10' and expected object '10' are equal

2019-04-24 13:34:32 - [MESSAGE][PASSED] - Actual object '10' and expected object '10' are equal]]></system-out>
         <system-err><![CDATA[]]></system-err>
      </testcase>
      <testcase name="Test Cases/Operational_Dashboard/127" classname="Test Cases/Operational_Dashboard/127" status="FAILED">
         <failure type="FAILED" message="Unable to verify equal between actual object '1' and expected object '3' (Root cause: Actual object '1' and expected object '3' are not equal)"/>
         <system-out><![CDATA[2019-04-24 13:34:32 - [TEST_CASE][FAILED] - Test Cases/Operational_Dashboard/127: Test Cases/Operational_Dashboard/127 FAILED because (of) Unable to verify equal between actual object '1' and expected object '3' (Root cause: Actual object '1' and expected object '3' are not equal)

2019-04-24 13:34:32 - [TEST_STEP][PASSED] - callTestCase: Call Test Case 'Test Cases/Operational_Dashboard/Login' successfully

2019-04-24 13:34:32 - [TEST_CASE][PASSED] - Test Cases/Operational_Dashboard/Login: Test Cases/Operational_Dashboard/Login

2019-04-24 13:34:32 - [TEST_STEP][PASSED] - callTestCase: Call Test Case 'Test Cases/s-sidebar_navigation/individualAccount/operationalDashboard' successfully

2019-04-24 13:34:32 - [TEST_CASE][PASSED] - Test Cases/s-sidebar_navigation/individualAccount/operationalDashboard: Test Cases/s-sidebar_navigation/individualAccount/operationalDashboard

2019-04-24 13:34:32 - [TEST_STEP][PASSED] - click: Object: 'Object Repository/Page_KiboEngage  Subscribers/span_Subscribers' is clicked on

2019-04-24 13:34:33 - [MESSAGE][PASSED] - Object: 'Object Repository/Page_KiboEngage  Subscribers/span_Subscribers' is clicked on

2019-04-24 13:34:33 - [TEST_STEP][PASSED] - click: Object: 'Object Repository/Page_KiboEngage  Subscribers/span_Operational Dashboard (1)' is clicked on

2019-04-24 13:34:33 - [MESSAGE][PASSED] - Object: 'Object Repository/Page_KiboEngage  Subscribers/span_Operational Dashboard (1)' is clicked on

2019-04-24 13:34:33 - [TEST_STEP][PASSED] - scrollToPosition: Browser is scrolled to position x = 0, y = 0

2019-04-24 13:34:33 - [MESSAGE][PASSED] - Browser is scrolled to position x = 0, y = 0

2019-04-24 13:34:33 - [TEST_STEP][PASSED] - click: Object: 'Object Repository/Page_KiboEngage  Operational Dashbo/h3_Pages Info (4)' is clicked on

2019-04-24 13:34:33 - [MESSAGE][PASSED] - Object: 'Object Repository/Page_KiboEngage  Operational Dashbo/h3_Pages Info (4)' is clicked on

2019-04-24 13:34:33 - [MESSAGE][PASSED] - Call Test Case 'Test Cases/s-sidebar_navigation/individualAccount/operationalDashboard' successfully

2019-04-24 13:34:33 - [MESSAGE][PASSED] - Call Test Case 'Test Cases/Operational_Dashboard/Login' successfully

2019-04-24 13:34:33 - [TEST_STEP][PASSED] - delay: Delayed 5 second(s)

2019-04-24 13:34:38 - [MESSAGE][PASSED] - Delayed 5 second(s)

2019-04-24 13:34:38 - [TEST_STEP][PASSED] - setText: Text 'cloudkibo' is set on object 'Object Repository/Page_KiboEngage  Operational Dashbo/input_form-control m-input m-i'

2019-04-24 13:34:39 - [MESSAGE][PASSED] - Text 'cloudkibo' is set on object 'Object Repository/Page_KiboEngage  Operational Dashbo/input_form-control m-input m-i'

2019-04-24 13:34:39 - [TEST_STEP][PASSED] - delay: Delayed 5 second(s)

2019-04-24 13:34:44 - [MESSAGE][PASSED] - Delayed 5 second(s)

2019-04-24 13:34:44 - [TEST_STEP][PASSED] - Statement - driver = com.kms.katalon.core.webui.driver.DriverFactory.getWebDriver(): null

2019-04-24 13:34:44 - [TEST_STEP][PASSED] - Statement - users = driver.findElements(org.openqa.selenium.By.xpath("//*[@id="content"]/div/div/div/div[2]/div[3]/div[4]/div[2]/div/div[2]/div/div/div/div/div/div/div/div/div")): null

2019-04-24 13:34:44 - [TEST_STEP][PASSED] - Statement - println(users.size()): null

2019-04-24 13:34:44 - [TEST_STEP][FAILED] - verifyEqual: Unable to verify equal between actual object '1' and expected object '3' (Root cause: Actual object '1' and expected object '3' are not equal)

2019-04-24 13:34:44 - [MESSAGE][FAILED] - Unable to verify equal between actual object '1' and expected object '3' (Root cause: Actual object '1' and expected object '3' are not equal)]]></system-out>
         <system-err><![CDATA[2019-04-24 13:34:32 - [TEST_CASE][FAILED] - Test Cases/Operational_Dashboard/127: Test Cases/Operational_Dashboard/127 FAILED because (of) Unable to verify equal between actual object '1' and expected object '3' (Root cause: Actual object '1' and expected object '3' are not equal)]]></system-err>
      </testcase>
      <testcase name="Test Cases/Operational_Dashboard/128" classname="Test Cases/Operational_Dashboard/128" status="PASSED">
         <system-out><![CDATA[2019-04-24 13:34:44 - [TEST_CASE][PASSED] - Test Cases/Operational_Dashboard/128: Test Cases/Operational_Dashboard/128

2019-04-24 13:34:44 - [TEST_STEP][PASSED] - callTestCase: Call Test Case 'Test Cases/Operational_Dashboard/Login' successfully

2019-04-24 13:34:44 - [TEST_CASE][PASSED] - Test Cases/Operational_Dashboard/Login: Test Cases/Operational_Dashboard/Login

2019-04-24 13:34:44 - [TEST_STEP][PASSED] - callTestCase: Call Test Case 'Test Cases/s-sidebar_navigation/individualAccount/operationalDashboard' successfully

2019-04-24 13:34:44 - [TEST_CASE][PASSED] - Test Cases/s-sidebar_navigation/individualAccount/operationalDashboard: Test Cases/s-sidebar_navigation/individualAccount/operationalDashboard

2019-04-24 13:34:44 - [TEST_STEP][PASSED] - click: Object: 'Object Repository/Page_KiboEngage  Subscribers/span_Subscribers' is clicked on

2019-04-24 13:34:45 - [MESSAGE][PASSED] - Object: 'Object Repository/Page_KiboEngage  Subscribers/span_Subscribers' is clicked on

2019-04-24 13:34:45 - [TEST_STEP][PASSED] - click: Object: 'Object Repository/Page_KiboEngage  Subscribers/span_Operational Dashboard (1)' is clicked on

2019-04-24 13:34:45 - [MESSAGE][PASSED] - Object: 'Object Repository/Page_KiboEngage  Subscribers/span_Operational Dashboard (1)' is clicked on

2019-04-24 13:34:45 - [TEST_STEP][PASSED] - scrollToPosition: Browser is scrolled to position x = 0, y = 0

2019-04-24 13:34:45 - [MESSAGE][PASSED] - Browser is scrolled to position x = 0, y = 0

2019-04-24 13:34:45 - [TEST_STEP][PASSED] - click: Object: 'Object Repository/Page_KiboEngage  Operational Dashbo/h3_Pages Info (4)' is clicked on

2019-04-24 13:34:45 - [MESSAGE][PASSED] - Object: 'Object Repository/Page_KiboEngage  Operational Dashbo/h3_Pages Info (4)' is clicked on

2019-04-24 13:34:45 - [MESSAGE][PASSED] - Call Test Case 'Test Cases/s-sidebar_navigation/individualAccount/operationalDashboard' successfully

2019-04-24 13:34:45 - [MESSAGE][PASSED] - Call Test Case 'Test Cases/Operational_Dashboard/Login' successfully

2019-04-24 13:34:45 - [TEST_STEP][PASSED] - delay: Delayed 5 second(s)

2019-04-24 13:34:50 - [MESSAGE][PASSED] - Delayed 5 second(s)

2019-04-24 13:34:50 - [TEST_STEP][PASSED] - click: Object: 'Object Repository/Page_KiboEngage  Operational Dashbo/i_flaticon flaticon-more' is clicked on

2019-04-24 13:34:51 - [MESSAGE][PASSED] - Object: 'Object Repository/Page_KiboEngage  Operational Dashbo/i_flaticon flaticon-more' is clicked on

2019-04-24 13:34:51 - [TEST_STEP][PASSED] - selectOptionByValue: All options with value 'male' are selected in object 'Object Repository/Page_KiboEngage  Operational Dashbo/select_Filter by gender...AllM'  using regular expression

2019-04-24 13:34:51 - [MESSAGE][PASSED] - All options with value 'male' are selected in object 'Object Repository/Page_KiboEngage  Operational Dashbo/select_Filter by gender...AllM'  using regular expression

2019-04-24 13:34:51 - [TEST_STEP][PASSED] - delay: Delayed 5 second(s)

2019-04-24 13:34:56 - [MESSAGE][PASSED] - Delayed 5 second(s)

2019-04-24 13:34:56 - [TEST_STEP][PASSED] - verifyTextPresent: Text 'male' is present on page 

2019-04-24 13:34:57 - [MESSAGE][PASSED] - Text 'male' is present on page 

2019-04-24 13:34:57 - [TEST_STEP][PASSED] - verifyTextNotPresent: Text 'female' is not present on page

2019-04-24 13:34:57 - [MESSAGE][PASSED] - Text 'female' is not present on page]]></system-out>
         <system-err><![CDATA[]]></system-err>
      </testcase>
      <testcase name="Test Cases/Operational_Dashboard/129" classname="Test Cases/Operational_Dashboard/129" status="PASSED">
         <system-out><![CDATA[2019-04-24 13:34:57 - [TEST_CASE][PASSED] - Test Cases/Operational_Dashboard/129: Test Cases/Operational_Dashboard/129

2019-04-24 13:34:57 - [TEST_STEP][PASSED] - callTestCase: Call Test Case 'Test Cases/Operational_Dashboard/Login' successfully

2019-04-24 13:34:57 - [TEST_CASE][PASSED] - Test Cases/Operational_Dashboard/Login: Test Cases/Operational_Dashboard/Login

2019-04-24 13:34:57 - [TEST_STEP][PASSED] - callTestCase: Call Test Case 'Test Cases/s-sidebar_navigation/individualAccount/operationalDashboard' successfully

2019-04-24 13:34:58 - [TEST_CASE][PASSED] - Test Cases/s-sidebar_navigation/individualAccount/operationalDashboard: Test Cases/s-sidebar_navigation/individualAccount/operationalDashboard

2019-04-24 13:34:58 - [TEST_STEP][PASSED] - click: Object: 'Object Repository/Page_KiboEngage  Subscribers/span_Subscribers' is clicked on

2019-04-24 13:34:58 - [MESSAGE][PASSED] - Object: 'Object Repository/Page_KiboEngage  Subscribers/span_Subscribers' is clicked on

2019-04-24 13:34:58 - [TEST_STEP][PASSED] - click: Object: 'Object Repository/Page_KiboEngage  Subscribers/span_Operational Dashboard (1)' is clicked on

2019-04-24 13:34:58 - [MESSAGE][PASSED] - Object: 'Object Repository/Page_KiboEngage  Subscribers/span_Operational Dashboard (1)' is clicked on

2019-04-24 13:34:58 - [TEST_STEP][PASSED] - scrollToPosition: Browser is scrolled to position x = 0, y = 0

2019-04-24 13:34:58 - [MESSAGE][PASSED] - Browser is scrolled to position x = 0, y = 0

2019-04-24 13:34:58 - [TEST_STEP][PASSED] - click: Object: 'Object Repository/Page_KiboEngage  Operational Dashbo/h3_Pages Info (4)' is clicked on

2019-04-24 13:34:59 - [MESSAGE][PASSED] - Object: 'Object Repository/Page_KiboEngage  Operational Dashbo/h3_Pages Info (4)' is clicked on

2019-04-24 13:34:59 - [MESSAGE][PASSED] - Call Test Case 'Test Cases/s-sidebar_navigation/individualAccount/operationalDashboard' successfully

2019-04-24 13:34:59 - [MESSAGE][PASSED] - Call Test Case 'Test Cases/Operational_Dashboard/Login' successfully

2019-04-24 13:34:59 - [TEST_STEP][PASSED] - delay: Delayed 5 second(s)

2019-04-24 13:35:04 - [MESSAGE][PASSED] - Delayed 5 second(s)

2019-04-24 13:35:04 - [TEST_STEP][PASSED] - click: Object: 'Object Repository/Page_KiboEngage  Operational Dashbo/i_flaticon flaticon-more (1)' is clicked on

2019-04-24 13:35:04 - [MESSAGE][PASSED] - Object: 'Object Repository/Page_KiboEngage  Operational Dashbo/i_flaticon flaticon-more (1)' is clicked on

2019-04-24 13:35:04 - [TEST_STEP][PASSED] - selectOptionByValue: All options with value 'en_US' are selected in object 'Object Repository/Page_KiboEngage  Operational Dashbo/select_Filter by Locale...ALLe'  using regular expression

2019-04-24 13:35:04 - [MESSAGE][PASSED] - All options with value 'en_US' are selected in object 'Object Repository/Page_KiboEngage  Operational Dashbo/select_Filter by Locale...ALLe'  using regular expression

2019-04-24 13:35:04 - [TEST_STEP][PASSED] - delay: Delayed 5 second(s)

2019-04-24 13:35:09 - [MESSAGE][PASSED] - Delayed 5 second(s)

2019-04-24 13:35:09 - [TEST_STEP][PASSED] - verifyTextPresent: Text 'en_US' is present on page 

2019-04-24 13:35:10 - [MESSAGE][PASSED] - Text 'en_US' is present on page]]></system-out>
         <system-err><![CDATA[]]></system-err>
      </testcase>
      <testcase name="Test Cases/Operational_Dashboard/130" classname="Test Cases/Operational_Dashboard/130" status="FAILED">
         <failure type="FAILED" message="Unable to verify equal between actual object '1' and expected object '3' (Root cause: Actual object '1' and expected object '3' are not equal)"/>
         <system-out><![CDATA[2019-04-24 13:35:10 - [TEST_CASE][FAILED] - Test Cases/Operational_Dashboard/130: Test Cases/Operational_Dashboard/130 FAILED because (of) Unable to verify equal between actual object '1' and expected object '3' (Root cause: Actual object '1' and expected object '3' are not equal)

2019-04-24 13:35:10 - [TEST_STEP][FAILED] - callTestCase: Unable to call Test Case with id 'Test Cases/Operational_Dashboard/127' (Root cause: Call Test Case 'Test Cases/Operational_Dashboard/127' failed)

2019-04-24 13:35:10 - [TEST_CASE][FAILED] - Test Cases/Operational_Dashboard/127: Test Cases/Operational_Dashboard/127 FAILED because (of) Unable to verify equal between actual object '1' and expected object '3' (Root cause: Actual object '1' and expected object '3' are not equal)

2019-04-24 13:35:10 - [TEST_STEP][PASSED] - callTestCase: Call Test Case 'Test Cases/Operational_Dashboard/Login' successfully

2019-04-24 13:35:10 - [TEST_CASE][PASSED] - Test Cases/Operational_Dashboard/Login: Test Cases/Operational_Dashboard/Login

2019-04-24 13:35:10 - [TEST_STEP][PASSED] - callTestCase: Call Test Case 'Test Cases/s-sidebar_navigation/individualAccount/operationalDashboard' successfully

2019-04-24 13:35:10 - [TEST_CASE][PASSED] - Test Cases/s-sidebar_navigation/individualAccount/operationalDashboard: Test Cases/s-sidebar_navigation/individualAccount/operationalDashboard

2019-04-24 13:35:10 - [TEST_STEP][PASSED] - click: Object: 'Object Repository/Page_KiboEngage  Subscribers/span_Subscribers' is clicked on

2019-04-24 13:35:11 - [MESSAGE][PASSED] - Object: 'Object Repository/Page_KiboEngage  Subscribers/span_Subscribers' is clicked on

2019-04-24 13:35:11 - [TEST_STEP][PASSED] - click: Object: 'Object Repository/Page_KiboEngage  Subscribers/span_Operational Dashboard (1)' is clicked on

2019-04-24 13:35:11 - [MESSAGE][PASSED] - Object: 'Object Repository/Page_KiboEngage  Subscribers/span_Operational Dashboard (1)' is clicked on

2019-04-24 13:35:11 - [TEST_STEP][PASSED] - scrollToPosition: Browser is scrolled to position x = 0, y = 0

2019-04-24 13:35:11 - [MESSAGE][PASSED] - Browser is scrolled to position x = 0, y = 0

2019-04-24 13:35:11 - [TEST_STEP][PASSED] - click: Object: 'Object Repository/Page_KiboEngage  Operational Dashbo/h3_Pages Info (4)' is clicked on

2019-04-24 13:35:11 - [MESSAGE][PASSED] - Object: 'Object Repository/Page_KiboEngage  Operational Dashbo/h3_Pages Info (4)' is clicked on

2019-04-24 13:35:11 - [MESSAGE][PASSED] - Call Test Case 'Test Cases/s-sidebar_navigation/individualAccount/operationalDashboard' successfully

2019-04-24 13:35:11 - [MESSAGE][PASSED] - Call Test Case 'Test Cases/Operational_Dashboard/Login' successfully

2019-04-24 13:35:11 - [TEST_STEP][PASSED] - delay: Delayed 5 second(s)

2019-04-24 13:35:16 - [MESSAGE][PASSED] - Delayed 5 second(s)

2019-04-24 13:35:16 - [TEST_STEP][PASSED] - setText: Text 'cloudkibo' is set on object 'Object Repository/Page_KiboEngage  Operational Dashbo/input_form-control m-input m-i'

2019-04-24 13:35:17 - [MESSAGE][PASSED] - Text 'cloudkibo' is set on object 'Object Repository/Page_KiboEngage  Operational Dashbo/input_form-control m-input m-i'

2019-04-24 13:35:17 - [TEST_STEP][PASSED] - delay: Delayed 5 second(s)

2019-04-24 13:35:22 - [MESSAGE][PASSED] - Delayed 5 second(s)

2019-04-24 13:35:22 - [TEST_STEP][PASSED] - Statement - driver = com.kms.katalon.core.webui.driver.DriverFactory.getWebDriver(): null

2019-04-24 13:35:22 - [TEST_STEP][PASSED] - Statement - users = driver.findElements(org.openqa.selenium.By.xpath("//*[@id="content"]/div/div/div/div[2]/div[3]/div[4]/div[2]/div/div[2]/div/div/div/div/div/div/div/div/div")): null

2019-04-24 13:35:22 - [TEST_STEP][PASSED] - Statement - println(users.size()): null

2019-04-24 13:35:22 - [TEST_STEP][FAILED] - verifyEqual: Unable to verify equal between actual object '1' and expected object '3' (Root cause: Actual object '1' and expected object '3' are not equal)

2019-04-24 13:35:22 - [MESSAGE][FAILED] - Unable to verify equal between actual object '1' and expected object '3' (Root cause: Actual object '1' and expected object '3' are not equal)

2019-04-24 13:35:22 - [MESSAGE][FAILED] - Unable to call Test Case with id 'Test Cases/Operational_Dashboard/127' (Root cause: Call Test Case 'Test Cases/Operational_Dashboard/127' failed)]]></system-out>
         <system-err><![CDATA[2019-04-24 13:35:10 - [TEST_CASE][FAILED] - Test Cases/Operational_Dashboard/130: Test Cases/Operational_Dashboard/130 FAILED because (of) Unable to verify equal between actual object '1' and expected object '3' (Root cause: Actual object '1' and expected object '3' are not equal)]]></system-err>
      </testcase>
      <testcase name="Test Cases/Operational_Dashboard/133" classname="Test Cases/Operational_Dashboard/133" status="PASSED">
         <system-out><![CDATA[2019-04-24 13:35:22 - [TEST_CASE][PASSED] - Test Cases/Operational_Dashboard/133: Test Cases/Operational_Dashboard/133

2019-04-24 13:35:22 - [TEST_STEP][PASSED] - callTestCase: Call Test Case 'Test Cases/Operational_Dashboard/Login' successfully

2019-04-24 13:35:23 - [TEST_CASE][PASSED] - Test Cases/Operational_Dashboard/Login: Test Cases/Operational_Dashboard/Login

2019-04-24 13:35:23 - [TEST_STEP][PASSED] - callTestCase: Call Test Case 'Test Cases/s-sidebar_navigation/individualAccount/operationalDashboard' successfully

2019-04-24 13:35:23 - [TEST_CASE][PASSED] - Test Cases/s-sidebar_navigation/individualAccount/operationalDashboard: Test Cases/s-sidebar_navigation/individualAccount/operationalDashboard

2019-04-24 13:35:23 - [TEST_STEP][PASSED] - click: Object: 'Object Repository/Page_KiboEngage  Subscribers/span_Subscribers' is clicked on

2019-04-24 13:35:23 - [MESSAGE][PASSED] - Object: 'Object Repository/Page_KiboEngage  Subscribers/span_Subscribers' is clicked on

2019-04-24 13:35:23 - [TEST_STEP][PASSED] - click: Object: 'Object Repository/Page_KiboEngage  Subscribers/span_Operational Dashboard (1)' is clicked on

2019-04-24 13:35:24 - [MESSAGE][PASSED] - Object: 'Object Repository/Page_KiboEngage  Subscribers/span_Operational Dashboard (1)' is clicked on

2019-04-24 13:35:24 - [TEST_STEP][PASSED] - scrollToPosition: Browser is scrolled to position x = 0, y = 0

2019-04-24 13:35:24 - [MESSAGE][PASSED] - Browser is scrolled to position x = 0, y = 0

2019-04-24 13:35:24 - [TEST_STEP][PASSED] - click: Object: 'Object Repository/Page_KiboEngage  Operational Dashbo/h3_Pages Info (4)' is clicked on

2019-04-24 13:35:25 - [MESSAGE][PASSED] - Object: 'Object Repository/Page_KiboEngage  Operational Dashbo/h3_Pages Info (4)' is clicked on

2019-04-24 13:35:25 - [MESSAGE][PASSED] - Call Test Case 'Test Cases/s-sidebar_navigation/individualAccount/operationalDashboard' successfully

2019-04-24 13:35:25 - [MESSAGE][PASSED] - Call Test Case 'Test Cases/Operational_Dashboard/Login' successfully

2019-04-24 13:35:25 - [TEST_STEP][PASSED] - delay: Delayed 5 second(s)

2019-04-24 13:35:30 - [MESSAGE][PASSED] - Delayed 5 second(s)

2019-04-24 13:35:30 - [TEST_STEP][PASSED] - Statement - driver = com.kms.katalon.core.webui.driver.DriverFactory.getWebDriver(): null

2019-04-24 13:35:30 - [TEST_STEP][PASSED] - Statement - load_users = driver.findElement(org.openqa.selenium.By.xpath("//*[@id="assignTag"]")): null

2019-04-24 13:35:30 - [TEST_STEP][PASSED] - Statement - load_users.click(): null

2019-04-24 13:35:30 - [TEST_STEP][PASSED] - delay: Delayed 5 second(s)

2019-04-24 13:35:35 - [MESSAGE][PASSED] - Delayed 5 second(s)

2019-04-24 13:35:35 - [TEST_STEP][PASSED] - Statement - users = driver.findElements(org.openqa.selenium.By.xpath("//*[@id="content"]/div/div/div/div[2]/div[3]/div[4]/div[2]/div/div[2]/div/div/div/div/div/div/div/div/div")): null

2019-04-24 13:35:35 - [TEST_STEP][PASSED] - verifyGreaterThan: Actual number '20' is greater than expected number '10'

2019-04-24 13:35:35 - [MESSAGE][PASSED] - Actual number '20' is greater than expected number '10']]></system-out>
         <system-err><![CDATA[]]></system-err>
      </testcase>
      <testcase name="Test Cases/Operational_Dashboard/134" classname="Test Cases/Operational_Dashboard/134" status="PASSED">
         <system-out><![CDATA[2019-04-24 13:35:35 - [TEST_CASE][PASSED] - Test Cases/Operational_Dashboard/134: Test Cases/Operational_Dashboard/134

2019-04-24 13:35:35 - [TEST_STEP][PASSED] - callTestCase: Call Test Case 'Test Cases/Operational_Dashboard/Login' successfully

2019-04-24 13:35:35 - [TEST_CASE][PASSED] - Test Cases/Operational_Dashboard/Login: Test Cases/Operational_Dashboard/Login

2019-04-24 13:35:35 - [TEST_STEP][PASSED] - callTestCase: Call Test Case 'Test Cases/s-sidebar_navigation/individualAccount/operationalDashboard' successfully

2019-04-24 13:35:35 - [TEST_CASE][PASSED] - Test Cases/s-sidebar_navigation/individualAccount/operationalDashboard: Test Cases/s-sidebar_navigation/individualAccount/operationalDashboard

2019-04-24 13:35:35 - [TEST_STEP][PASSED] - click: Object: 'Object Repository/Page_KiboEngage  Subscribers/span_Subscribers' is clicked on

2019-04-24 13:35:36 - [MESSAGE][PASSED] - Object: 'Object Repository/Page_KiboEngage  Subscribers/span_Subscribers' is clicked on

2019-04-24 13:35:36 - [TEST_STEP][PASSED] - click: Object: 'Object Repository/Page_KiboEngage  Subscribers/span_Operational Dashboard (1)' is clicked on

2019-04-24 13:35:36 - [MESSAGE][PASSED] - Object: 'Object Repository/Page_KiboEngage  Subscribers/span_Operational Dashboard (1)' is clicked on

2019-04-24 13:35:36 - [TEST_STEP][PASSED] - scrollToPosition: Browser is scrolled to position x = 0, y = 0

2019-04-24 13:35:36 - [MESSAGE][PASSED] - Browser is scrolled to position x = 0, y = 0

2019-04-24 13:35:36 - [TEST_STEP][PASSED] - click: Object: 'Object Repository/Page_KiboEngage  Operational Dashbo/h3_Pages Info (4)' is clicked on

2019-04-24 13:35:36 - [MESSAGE][PASSED] - Object: 'Object Repository/Page_KiboEngage  Operational Dashbo/h3_Pages Info (4)' is clicked on

2019-04-24 13:35:36 - [MESSAGE][PASSED] - Call Test Case 'Test Cases/s-sidebar_navigation/individualAccount/operationalDashboard' successfully

2019-04-24 13:35:36 - [MESSAGE][PASSED] - Call Test Case 'Test Cases/Operational_Dashboard/Login' successfully

2019-04-24 13:35:36 - [TEST_STEP][PASSED] - delay: Delayed 5 second(s)

2019-04-24 13:35:41 - [MESSAGE][PASSED] - Delayed 5 second(s)

2019-04-24 13:35:41 - [TEST_STEP][PASSED] - click: Object: 'Object Repository/Page_KiboEngage  Operational Dashbo/button_See more' is clicked on

2019-04-24 13:35:42 - [MESSAGE][PASSED] - Object: 'Object Repository/Page_KiboEngage  Operational Dashbo/button_See more' is clicked on

2019-04-24 13:35:42 - [TEST_STEP][PASSED] - delay: Delayed 1 second(s)

2019-04-24 13:35:43 - [MESSAGE][PASSED] - Delayed 1 second(s)

2019-04-24 13:35:43 - [TEST_STEP][PASSED] - scrollToPosition: Browser is scrolled to position x = 0, y = 0

2019-04-24 13:35:43 - [MESSAGE][PASSED] - Browser is scrolled to position x = 0, y = 0

2019-04-24 13:35:43 - [TEST_STEP][PASSED] - verifyTextPresent: Text 'Pages' is present on page 

2019-04-24 13:35:43 - [MESSAGE][PASSED] - Text 'Pages' is present on page 

2019-04-24 13:35:43 - [TEST_STEP][PASSED] - verifyTextPresent: Text 'Broadcasts' is present on page 

2019-04-24 13:35:43 - [MESSAGE][PASSED] - Text 'Broadcasts' is present on page 

2019-04-24 13:35:43 - [TEST_STEP][PASSED] - verifyTextPresent: Text 'Surveys' is present on page 

2019-04-24 13:35:44 - [MESSAGE][PASSED] - Text 'Surveys' is present on page 

2019-04-24 13:35:44 - [TEST_STEP][PASSED] - verifyTextPresent: Text 'Polls' is present on page 

2019-04-24 13:35:44 - [MESSAGE][PASSED] - Text 'Polls' is present on page]]></system-out>
         <system-err><![CDATA[]]></system-err>
      </testcase>
      <testcase name="Test Cases/Operational_Dashboard/135" classname="Test Cases/Operational_Dashboard/135" status="PASSED">
         <system-out><![CDATA[2019-04-24 13:35:44 - [TEST_CASE][PASSED] - Test Cases/Operational_Dashboard/135: Test Cases/Operational_Dashboard/135

2019-04-24 13:35:44 - [TEST_STEP][PASSED] - callTestCase: Call Test Case 'Test Cases/Operational_Dashboard/Login' successfully

2019-04-24 13:35:44 - [TEST_CASE][PASSED] - Test Cases/Operational_Dashboard/Login: Test Cases/Operational_Dashboard/Login

2019-04-24 13:35:44 - [TEST_STEP][PASSED] - callTestCase: Call Test Case 'Test Cases/s-sidebar_navigation/individualAccount/operationalDashboard' successfully

2019-04-24 13:35:44 - [TEST_CASE][PASSED] - Test Cases/s-sidebar_navigation/individualAccount/operationalDashboard: Test Cases/s-sidebar_navigation/individualAccount/operationalDashboard

2019-04-24 13:35:44 - [TEST_STEP][PASSED] - click: Object: 'Object Repository/Page_KiboEngage  Subscribers/span_Subscribers' is clicked on

2019-04-24 13:35:44 - [MESSAGE][PASSED] - Object: 'Object Repository/Page_KiboEngage  Subscribers/span_Subscribers' is clicked on

2019-04-24 13:35:44 - [TEST_STEP][PASSED] - click: Object: 'Object Repository/Page_KiboEngage  Subscribers/span_Operational Dashboard (1)' is clicked on

2019-04-24 13:35:45 - [MESSAGE][PASSED] - Object: 'Object Repository/Page_KiboEngage  Subscribers/span_Operational Dashboard (1)' is clicked on

2019-04-24 13:35:45 - [TEST_STEP][PASSED] - scrollToPosition: Browser is scrolled to position x = 0, y = 0

2019-04-24 13:35:45 - [MESSAGE][PASSED] - Browser is scrolled to position x = 0, y = 0

2019-04-24 13:35:45 - [TEST_STEP][PASSED] - click: Object: 'Object Repository/Page_KiboEngage  Operational Dashbo/h3_Pages Info (4)' is clicked on

2019-04-24 13:35:45 - [MESSAGE][PASSED] - Object: 'Object Repository/Page_KiboEngage  Operational Dashbo/h3_Pages Info (4)' is clicked on

2019-04-24 13:35:45 - [MESSAGE][PASSED] - Call Test Case 'Test Cases/s-sidebar_navigation/individualAccount/operationalDashboard' successfully

2019-04-24 13:35:45 - [MESSAGE][PASSED] - Call Test Case 'Test Cases/Operational_Dashboard/Login' successfully

2019-04-24 13:35:45 - [TEST_STEP][PASSED] - delay: Delayed 2 second(s)

2019-04-24 13:35:47 - [MESSAGE][PASSED] - Delayed 2 second(s)

2019-04-24 13:35:47 - [TEST_STEP][PASSED] - setText: Text 'cloudkibo1' is set on object 'Object Repository/Page_KiboEngage  Operational Dashbo/input_form-control m-input m-i'

2019-04-24 13:35:48 - [MESSAGE][PASSED] - Text 'cloudkibo1' is set on object 'Object Repository/Page_KiboEngage  Operational Dashbo/input_form-control m-input m-i'

2019-04-24 13:35:48 - [TEST_STEP][PASSED] - delay: Delayed 5 second(s)

2019-04-24 13:35:53 - [MESSAGE][PASSED] - Delayed 5 second(s)

2019-04-24 13:35:53 - [TEST_STEP][PASSED] - click: Object: 'Object Repository/Page_KiboEngage  Operational Dashbo/button_See more' is clicked on

2019-04-24 13:35:53 - [MESSAGE][PASSED] - Object: 'Object Repository/Page_KiboEngage  Operational Dashbo/button_See more' is clicked on

2019-04-24 13:35:53 - [TEST_STEP][PASSED] - delay: Delayed 1 second(s)

2019-04-24 13:35:54 - [MESSAGE][PASSED] - Delayed 1 second(s)

2019-04-24 13:35:54 - [TEST_STEP][PASSED] - scrollToPosition: Browser is scrolled to position x = 0, y = 0

2019-04-24 13:35:54 - [MESSAGE][PASSED] - Browser is scrolled to position x = 0, y = 0

2019-04-24 13:35:54 - [TEST_STEP][PASSED] - delay: Delayed 5 second(s)

2019-04-24 13:35:59 - [MESSAGE][PASSED] - Delayed 5 second(s)

2019-04-24 13:35:59 - [TEST_STEP][PASSED] - Statement - driver = com.kms.katalon.core.webui.driver.DriverFactory.getWebDriver(): null

2019-04-24 13:35:59 - [TEST_STEP][PASSED] - Statement - Table = driver.findElement(org.openqa.selenium.By.xpath("//table/tbody")): null

2019-04-24 13:35:59 - [TEST_STEP][PASSED] - Statement - rows_table = Table.findElements(org.openqa.selenium.By.tagName("tr")): null

2019-04-24 13:35:59 - [TEST_STEP][PASSED] - Statement - rows_count = rows_table.size(): null

2019-04-24 13:35:59 - [TEST_STEP][PASSED] - verifyGreaterThanOrEqual: Actual number '10' is greater than or equal to expected number '1'

2019-04-24 13:35:59 - [MESSAGE][PASSED] - Actual number '10' is greater than or equal to expected number '1']]></system-out>
         <system-err><![CDATA[]]></system-err>
      </testcase>
      <testcase name="Test Cases/Operational_Dashboard/136" classname="Test Cases/Operational_Dashboard/136" status="PASSED">
         <system-out><![CDATA[2019-04-24 13:35:59 - [TEST_CASE][PASSED] - Test Cases/Operational_Dashboard/136: Test Cases/Operational_Dashboard/136

2019-04-24 13:36:00 - [TEST_STEP][PASSED] - callTestCase: Call Test Case 'Test Cases/Operational_Dashboard/135' successfully

2019-04-24 13:36:00 - [TEST_CASE][PASSED] - Test Cases/Operational_Dashboard/135: Test Cases/Operational_Dashboard/135

2019-04-24 13:36:00 - [TEST_STEP][PASSED] - callTestCase: Call Test Case 'Test Cases/Operational_Dashboard/Login' successfully

2019-04-24 13:36:00 - [TEST_CASE][PASSED] - Test Cases/Operational_Dashboard/Login: Test Cases/Operational_Dashboard/Login

2019-04-24 13:36:00 - [TEST_STEP][PASSED] - callTestCase: Call Test Case 'Test Cases/s-sidebar_navigation/individualAccount/operationalDashboard' successfully

2019-04-24 13:36:00 - [TEST_CASE][PASSED] - Test Cases/s-sidebar_navigation/individualAccount/operationalDashboard: Test Cases/s-sidebar_navigation/individualAccount/operationalDashboard

2019-04-24 13:36:00 - [TEST_STEP][PASSED] - click: Object: 'Object Repository/Page_KiboEngage  Subscribers/span_Subscribers' is clicked on

2019-04-24 13:36:00 - [MESSAGE][PASSED] - Object: 'Object Repository/Page_KiboEngage  Subscribers/span_Subscribers' is clicked on

2019-04-24 13:36:00 - [TEST_STEP][PASSED] - click: Object: 'Object Repository/Page_KiboEngage  Subscribers/span_Operational Dashboard (1)' is clicked on

2019-04-24 13:36:00 - [MESSAGE][PASSED] - Object: 'Object Repository/Page_KiboEngage  Subscribers/span_Operational Dashboard (1)' is clicked on

2019-04-24 13:36:00 - [TEST_STEP][PASSED] - scrollToPosition: Browser is scrolled to position x = 0, y = 0

2019-04-24 13:36:01 - [MESSAGE][PASSED] - Browser is scrolled to position x = 0, y = 0

2019-04-24 13:36:01 - [TEST_STEP][PASSED] - click: Object: 'Object Repository/Page_KiboEngage  Operational Dashbo/h3_Pages Info (4)' is clicked on

2019-04-24 13:36:01 - [MESSAGE][PASSED] - Object: 'Object Repository/Page_KiboEngage  Operational Dashbo/h3_Pages Info (4)' is clicked on

2019-04-24 13:36:01 - [MESSAGE][PASSED] - Call Test Case 'Test Cases/s-sidebar_navigation/individualAccount/operationalDashboard' successfully

2019-04-24 13:36:01 - [MESSAGE][PASSED] - Call Test Case 'Test Cases/Operational_Dashboard/Login' successfully

2019-04-24 13:36:01 - [TEST_STEP][PASSED] - delay: Delayed 2 second(s)

2019-04-24 13:36:03 - [MESSAGE][PASSED] - Delayed 2 second(s)

2019-04-24 13:36:03 - [TEST_STEP][PASSED] - setText: Text 'cloudkibo1' is set on object 'Object Repository/Page_KiboEngage  Operational Dashbo/input_form-control m-input m-i'

2019-04-24 13:36:03 - [MESSAGE][PASSED] - Text 'cloudkibo1' is set on object 'Object Repository/Page_KiboEngage  Operational Dashbo/input_form-control m-input m-i'

2019-04-24 13:36:03 - [TEST_STEP][PASSED] - delay: Delayed 5 second(s)

2019-04-24 13:36:08 - [MESSAGE][PASSED] - Delayed 5 second(s)

2019-04-24 13:36:08 - [TEST_STEP][PASSED] - click: Object: 'Object Repository/Page_KiboEngage  Operational Dashbo/button_See more' is clicked on

2019-04-24 13:36:09 - [MESSAGE][PASSED] - Object: 'Object Repository/Page_KiboEngage  Operational Dashbo/button_See more' is clicked on

2019-04-24 13:36:09 - [TEST_STEP][PASSED] - delay: Delayed 1 second(s)

2019-04-24 13:36:10 - [MESSAGE][PASSED] - Delayed 1 second(s)

2019-04-24 13:36:10 - [TEST_STEP][PASSED] - scrollToPosition: Browser is scrolled to position x = 0, y = 0

2019-04-24 13:36:10 - [MESSAGE][PASSED] - Browser is scrolled to position x = 0, y = 0

2019-04-24 13:36:10 - [TEST_STEP][PASSED] - delay: Delayed 5 second(s)

2019-04-24 13:36:15 - [MESSAGE][PASSED] - Delayed 5 second(s)

2019-04-24 13:36:15 - [TEST_STEP][PASSED] - Statement - driver = com.kms.katalon.core.webui.driver.DriverFactory.getWebDriver(): null

2019-04-24 13:36:15 - [TEST_STEP][PASSED] - Statement - Table = driver.findElement(org.openqa.selenium.By.xpath("//table/tbody")): null

2019-04-24 13:36:15 - [TEST_STEP][PASSED] - Statement - rows_table = Table.findElements(org.openqa.selenium.By.tagName("tr")): null

2019-04-24 13:36:15 - [TEST_STEP][PASSED] - Statement - rows_count = rows_table.size(): null

2019-04-24 13:36:15 - [TEST_STEP][PASSED] - verifyGreaterThanOrEqual: Actual number '10' is greater than or equal to expected number '1'

2019-04-24 13:36:15 - [MESSAGE][PASSED] - Actual number '10' is greater than or equal to expected number '1'

2019-04-24 13:36:15 - [MESSAGE][PASSED] - Call Test Case 'Test Cases/Operational_Dashboard/135' successfully

2019-04-24 13:36:15 - [TEST_STEP][PASSED] - Statement - driver = com.kms.katalon.core.webui.driver.DriverFactory.getWebDriver(): null

2019-04-24 13:36:15 - [TEST_STEP][PASSED] - Statement - next = driver.findElement(org.openqa.selenium.By.xpath("//*[@id="ajax_data"]/ul/li[3]/a")): null

2019-04-24 13:36:15 - [TEST_STEP][PASSED] - Statement - next.click(): null

2019-04-24 13:36:15 - [TEST_STEP][PASSED] - delay: Delayed 5 second(s)

2019-04-24 13:36:20 - [MESSAGE][PASSED] - Delayed 5 second(s)

2019-04-24 13:36:20 - [TEST_STEP][PASSED] - scrollToPosition: Browser is scrolled to position x = 0, y = 0

2019-04-24 13:36:20 - [MESSAGE][PASSED] - Browser is scrolled to position x = 0, y = 0

2019-04-24 13:36:20 - [TEST_STEP][PASSED] - Statement - Table = driver.findElement(org.openqa.selenium.By.xpath("//table/tbody")): null

2019-04-24 13:36:20 - [TEST_STEP][PASSED] - Statement - rows_table = Table.findElements(org.openqa.selenium.By.tagName("tr")): null

2019-04-24 13:36:20 - [TEST_STEP][PASSED] - Statement - rows_count = rows_table.size(): null

2019-04-24 13:36:20 - [TEST_STEP][PASSED] - verifyGreaterThanOrEqual: Actual number '10' is greater than or equal to expected number '1'

2019-04-24 13:36:20 - [MESSAGE][PASSED] - Actual number '10' is greater than or equal to expected number '1']]></system-out>
         <system-err><![CDATA[]]></system-err>
      </testcase>
      <testcase name="Test Cases/Operational_Dashboard/137" classname="Test Cases/Operational_Dashboard/137" status="PASSED">
         <system-out><![CDATA[2019-04-24 13:36:20 - [TEST_CASE][PASSED] - Test Cases/Operational_Dashboard/137: Test Cases/Operational_Dashboard/137

2019-04-24 13:36:20 - [TEST_STEP][PASSED] - callTestCase: Call Test Case 'Test Cases/Operational_Dashboard/136' successfully

2019-04-24 13:36:20 - [TEST_CASE][PASSED] - Test Cases/Operational_Dashboard/136: Test Cases/Operational_Dashboard/136

2019-04-24 13:36:20 - [TEST_STEP][PASSED] - callTestCase: Call Test Case 'Test Cases/Operational_Dashboard/135' successfully

2019-04-24 13:36:20 - [TEST_CASE][PASSED] - Test Cases/Operational_Dashboard/135: Test Cases/Operational_Dashboard/135

2019-04-24 13:36:21 - [TEST_STEP][PASSED] - callTestCase: Call Test Case 'Test Cases/Operational_Dashboard/Login' successfully

2019-04-24 13:36:21 - [TEST_CASE][PASSED] - Test Cases/Operational_Dashboard/Login: Test Cases/Operational_Dashboard/Login

2019-04-24 13:36:21 - [TEST_STEP][PASSED] - callTestCase: Call Test Case 'Test Cases/s-sidebar_navigation/individualAccount/operationalDashboard' successfully

2019-04-24 13:36:21 - [TEST_CASE][PASSED] - Test Cases/s-sidebar_navigation/individualAccount/operationalDashboard: Test Cases/s-sidebar_navigation/individualAccount/operationalDashboard

2019-04-24 13:36:21 - [TEST_STEP][PASSED] - click: Object: 'Object Repository/Page_KiboEngage  Subscribers/span_Subscribers' is clicked on

2019-04-24 13:36:21 - [MESSAGE][PASSED] - Object: 'Object Repository/Page_KiboEngage  Subscribers/span_Subscribers' is clicked on

2019-04-24 13:36:21 - [TEST_STEP][PASSED] - click: Object: 'Object Repository/Page_KiboEngage  Subscribers/span_Operational Dashboard (1)' is clicked on

2019-04-24 13:36:21 - [MESSAGE][PASSED] - Object: 'Object Repository/Page_KiboEngage  Subscribers/span_Operational Dashboard (1)' is clicked on

2019-04-24 13:36:21 - [TEST_STEP][PASSED] - scrollToPosition: Browser is scrolled to position x = 0, y = 0

2019-04-24 13:36:21 - [MESSAGE][PASSED] - Browser is scrolled to position x = 0, y = 0

2019-04-24 13:36:21 - [TEST_STEP][PASSED] - click: Object: 'Object Repository/Page_KiboEngage  Operational Dashbo/h3_Pages Info (4)' is clicked on

2019-04-24 13:36:22 - [MESSAGE][PASSED] - Object: 'Object Repository/Page_KiboEngage  Operational Dashbo/h3_Pages Info (4)' is clicked on

2019-04-24 13:36:22 - [MESSAGE][PASSED] - Call Test Case 'Test Cases/s-sidebar_navigation/individualAccount/operationalDashboard' successfully

2019-04-24 13:36:22 - [MESSAGE][PASSED] - Call Test Case 'Test Cases/Operational_Dashboard/Login' successfully

2019-04-24 13:36:22 - [TEST_STEP][PASSED] - delay: Delayed 2 second(s)

2019-04-24 13:36:24 - [MESSAGE][PASSED] - Delayed 2 second(s)

2019-04-24 13:36:24 - [TEST_STEP][PASSED] - setText: Text 'cloudkibo1' is set on object 'Object Repository/Page_KiboEngage  Operational Dashbo/input_form-control m-input m-i'

2019-04-24 13:36:24 - [MESSAGE][PASSED] - Text 'cloudkibo1' is set on object 'Object Repository/Page_KiboEngage  Operational Dashbo/input_form-control m-input m-i'

2019-04-24 13:36:24 - [TEST_STEP][PASSED] - delay: Delayed 5 second(s)

2019-04-24 13:36:29 - [MESSAGE][PASSED] - Delayed 5 second(s)

2019-04-24 13:36:29 - [TEST_STEP][PASSED] - click: Object: 'Object Repository/Page_KiboEngage  Operational Dashbo/button_See more' is clicked on

2019-04-24 13:36:30 - [MESSAGE][PASSED] - Object: 'Object Repository/Page_KiboEngage  Operational Dashbo/button_See more' is clicked on

2019-04-24 13:36:30 - [TEST_STEP][PASSED] - delay: Delayed 1 second(s)

2019-04-24 13:36:31 - [MESSAGE][PASSED] - Delayed 1 second(s)

2019-04-24 13:36:31 - [TEST_STEP][PASSED] - scrollToPosition: Browser is scrolled to position x = 0, y = 0

2019-04-24 13:36:31 - [MESSAGE][PASSED] - Browser is scrolled to position x = 0, y = 0

2019-04-24 13:36:31 - [TEST_STEP][PASSED] - delay: Delayed 5 second(s)

2019-04-24 13:36:36 - [MESSAGE][PASSED] - Delayed 5 second(s)

2019-04-24 13:36:36 - [TEST_STEP][PASSED] - Statement - driver = com.kms.katalon.core.webui.driver.DriverFactory.getWebDriver(): null

2019-04-24 13:36:36 - [TEST_STEP][PASSED] - Statement - Table = driver.findElement(org.openqa.selenium.By.xpath("//table/tbody")): null

2019-04-24 13:36:36 - [TEST_STEP][PASSED] - Statement - rows_table = Table.findElements(org.openqa.selenium.By.tagName("tr")): null

2019-04-24 13:36:36 - [TEST_STEP][PASSED] - Statement - rows_count = rows_table.size(): null

2019-04-24 13:36:36 - [TEST_STEP][PASSED] - verifyGreaterThanOrEqual: Actual number '10' is greater than or equal to expected number '1'

2019-04-24 13:36:36 - [MESSAGE][PASSED] - Actual number '10' is greater than or equal to expected number '1'

2019-04-24 13:36:36 - [MESSAGE][PASSED] - Call Test Case 'Test Cases/Operational_Dashboard/135' successfully

2019-04-24 13:36:36 - [TEST_STEP][PASSED] - Statement - driver = com.kms.katalon.core.webui.driver.DriverFactory.getWebDriver(): null

2019-04-24 13:36:36 - [TEST_STEP][PASSED] - Statement - next = driver.findElement(org.openqa.selenium.By.xpath("//*[@id="ajax_data"]/ul/li[3]/a")): null

2019-04-24 13:36:36 - [TEST_STEP][PASSED] - Statement - next.click(): null

2019-04-24 13:36:36 - [TEST_STEP][PASSED] - delay: Delayed 5 second(s)

2019-04-24 13:36:41 - [MESSAGE][PASSED] - Delayed 5 second(s)

2019-04-24 13:36:41 - [TEST_STEP][PASSED] - scrollToPosition: Browser is scrolled to position x = 0, y = 0

2019-04-24 13:36:41 - [MESSAGE][PASSED] - Browser is scrolled to position x = 0, y = 0

2019-04-24 13:36:41 - [TEST_STEP][PASSED] - Statement - Table = driver.findElement(org.openqa.selenium.By.xpath("//table/tbody")): null

2019-04-24 13:36:41 - [TEST_STEP][PASSED] - Statement - rows_table = Table.findElements(org.openqa.selenium.By.tagName("tr")): null

2019-04-24 13:36:41 - [TEST_STEP][PASSED] - Statement - rows_count = rows_table.size(): null

2019-04-24 13:36:41 - [TEST_STEP][PASSED] - verifyGreaterThanOrEqual: Actual number '10' is greater than or equal to expected number '1'

2019-04-24 13:36:41 - [MESSAGE][PASSED] - Actual number '10' is greater than or equal to expected number '1'

2019-04-24 13:36:41 - [MESSAGE][PASSED] - Call Test Case 'Test Cases/Operational_Dashboard/136' successfully

2019-04-24 13:36:41 - [TEST_STEP][PASSED] - Statement - driver = com.kms.katalon.core.webui.driver.DriverFactory.getWebDriver(): null

2019-04-24 13:36:41 - [TEST_STEP][PASSED] - Statement - previous = driver.findElement(org.openqa.selenium.By.xpath("//*[@id="ajax_data"]/ul/li[1]/a")): null

2019-04-24 13:36:41 - [TEST_STEP][PASSED] - Statement - previous.click(): null

2019-04-24 13:36:41 - [TEST_STEP][PASSED] - delay: Delayed 5 second(s)

2019-04-24 13:36:46 - [MESSAGE][PASSED] - Delayed 5 second(s)

2019-04-24 13:36:46 - [TEST_STEP][PASSED] - Statement - Table = driver.findElement(org.openqa.selenium.By.xpath("//table/tbody")): null

2019-04-24 13:36:46 - [TEST_STEP][PASSED] - Statement - rows_table = Table.findElements(org.openqa.selenium.By.tagName("tr")): null

2019-04-24 13:36:46 - [TEST_STEP][PASSED] - Statement - rows_count = rows_table.size(): null

2019-04-24 13:36:46 - [TEST_STEP][PASSED] - verifyEqual: Actual object '10' and expected object '10' are equal

2019-04-24 13:36:46 - [MESSAGE][PASSED] - Actual object '10' and expected object '10' are equal]]></system-out>
         <system-err><![CDATA[]]></system-err>
      </testcase>
      <testcase name="Test Cases/Operational_Dashboard/138" classname="Test Cases/Operational_Dashboard/138" status="PASSED">
         <system-out><![CDATA[2019-04-24 13:36:46 - [TEST_CASE][PASSED] - Test Cases/Operational_Dashboard/138: Test Cases/Operational_Dashboard/138

2019-04-24 13:36:47 - [TEST_STEP][PASSED] - callTestCase: Call Test Case 'Test Cases/Operational_Dashboard/135' successfully

2019-04-24 13:36:47 - [TEST_CASE][PASSED] - Test Cases/Operational_Dashboard/135: Test Cases/Operational_Dashboard/135

2019-04-24 13:36:47 - [TEST_STEP][PASSED] - callTestCase: Call Test Case 'Test Cases/Operational_Dashboard/Login' successfully

2019-04-24 13:36:47 - [TEST_CASE][PASSED] - Test Cases/Operational_Dashboard/Login: Test Cases/Operational_Dashboard/Login

2019-04-24 13:36:47 - [TEST_STEP][PASSED] - callTestCase: Call Test Case 'Test Cases/s-sidebar_navigation/individualAccount/operationalDashboard' successfully

2019-04-24 13:36:47 - [TEST_CASE][PASSED] - Test Cases/s-sidebar_navigation/individualAccount/operationalDashboard: Test Cases/s-sidebar_navigation/individualAccount/operationalDashboard

2019-04-24 13:36:47 - [TEST_STEP][PASSED] - click: Object: 'Object Repository/Page_KiboEngage  Subscribers/span_Subscribers' is clicked on

2019-04-24 13:36:47 - [MESSAGE][PASSED] - Object: 'Object Repository/Page_KiboEngage  Subscribers/span_Subscribers' is clicked on

2019-04-24 13:36:47 - [TEST_STEP][PASSED] - click: Object: 'Object Repository/Page_KiboEngage  Subscribers/span_Operational Dashboard (1)' is clicked on

2019-04-24 13:36:48 - [MESSAGE][PASSED] - Object: 'Object Repository/Page_KiboEngage  Subscribers/span_Operational Dashboard (1)' is clicked on

2019-04-24 13:36:48 - [TEST_STEP][PASSED] - scrollToPosition: Browser is scrolled to position x = 0, y = 0

2019-04-24 13:36:48 - [MESSAGE][PASSED] - Browser is scrolled to position x = 0, y = 0

2019-04-24 13:36:48 - [TEST_STEP][PASSED] - click: Object: 'Object Repository/Page_KiboEngage  Operational Dashbo/h3_Pages Info (4)' is clicked on

2019-04-24 13:36:48 - [MESSAGE][PASSED] - Object: 'Object Repository/Page_KiboEngage  Operational Dashbo/h3_Pages Info (4)' is clicked on

2019-04-24 13:36:48 - [MESSAGE][PASSED] - Call Test Case 'Test Cases/s-sidebar_navigation/individualAccount/operationalDashboard' successfully

2019-04-24 13:36:48 - [MESSAGE][PASSED] - Call Test Case 'Test Cases/Operational_Dashboard/Login' successfully

2019-04-24 13:36:48 - [TEST_STEP][PASSED] - delay: Delayed 2 second(s)

2019-04-24 13:36:50 - [MESSAGE][PASSED] - Delayed 2 second(s)

2019-04-24 13:36:50 - [TEST_STEP][PASSED] - setText: Text 'cloudkibo1' is set on object 'Object Repository/Page_KiboEngage  Operational Dashbo/input_form-control m-input m-i'

2019-04-24 13:36:51 - [MESSAGE][PASSED] - Text 'cloudkibo1' is set on object 'Object Repository/Page_KiboEngage  Operational Dashbo/input_form-control m-input m-i'

2019-04-24 13:36:51 - [TEST_STEP][PASSED] - delay: Delayed 5 second(s)

2019-04-24 13:36:56 - [MESSAGE][PASSED] - Delayed 5 second(s)

2019-04-24 13:36:56 - [TEST_STEP][PASSED] - click: Object: 'Object Repository/Page_KiboEngage  Operational Dashbo/button_See more' is clicked on

2019-04-24 13:36:56 - [MESSAGE][PASSED] - Object: 'Object Repository/Page_KiboEngage  Operational Dashbo/button_See more' is clicked on

2019-04-24 13:36:56 - [TEST_STEP][PASSED] - delay: Delayed 1 second(s)

2019-04-24 13:36:57 - [MESSAGE][PASSED] - Delayed 1 second(s)

2019-04-24 13:36:57 - [TEST_STEP][PASSED] - scrollToPosition: Browser is scrolled to position x = 0, y = 0

2019-04-24 13:36:57 - [MESSAGE][PASSED] - Browser is scrolled to position x = 0, y = 0

2019-04-24 13:36:57 - [TEST_STEP][PASSED] - delay: Delayed 5 second(s)

2019-04-24 13:37:02 - [MESSAGE][PASSED] - Delayed 5 second(s)

2019-04-24 13:37:02 - [TEST_STEP][PASSED] - Statement - driver = com.kms.katalon.core.webui.driver.DriverFactory.getWebDriver(): null

2019-04-24 13:37:02 - [TEST_STEP][PASSED] - Statement - Table = driver.findElement(org.openqa.selenium.By.xpath("//table/tbody")): null

2019-04-24 13:37:02 - [TEST_STEP][PASSED] - Statement - rows_table = Table.findElements(org.openqa.selenium.By.tagName("tr")): null

2019-04-24 13:37:02 - [TEST_STEP][PASSED] - Statement - rows_count = rows_table.size(): null

2019-04-24 13:37:02 - [TEST_STEP][PASSED] - verifyGreaterThanOrEqual: Actual number '10' is greater than or equal to expected number '1'

2019-04-24 13:37:02 - [MESSAGE][PASSED] - Actual number '10' is greater than or equal to expected number '1'

2019-04-24 13:37:02 - [MESSAGE][PASSED] - Call Test Case 'Test Cases/Operational_Dashboard/135' successfully

2019-04-24 13:37:02 - [TEST_STEP][PASSED] - Statement - driver = com.kms.katalon.core.webui.driver.DriverFactory.getWebDriver(): null

2019-04-24 13:37:02 - [TEST_STEP][PASSED] - Statement - next = driver.findElement(org.openqa.selenium.By.xpath("//*[@id="ajax_data"]/ul/li[3]/a")): null

2019-04-24 13:37:02 - [TEST_STEP][PASSED] - Statement - next.click(): null

2019-04-24 13:37:03 - [TEST_STEP][PASSED] - delay: Delayed 5 second(s)

2019-04-24 13:37:08 - [MESSAGE][PASSED] - Delayed 5 second(s)

2019-04-24 13:37:08 - [TEST_STEP][PASSED] - Statement - Table = driver.findElement(org.openqa.selenium.By.xpath("//table/tbody")): null

2019-04-24 13:37:08 - [TEST_STEP][PASSED] - Statement - rows_table = Table.findElements(org.openqa.selenium.By.tagName("tr")): null

2019-04-24 13:37:08 - [TEST_STEP][PASSED] - Statement - rows_count = rows_table.size(): null

2019-04-24 13:37:08 - [TEST_STEP][PASSED] - verifyGreaterThanOrEqual: Actual number '10' is greater than or equal to expected number '1'

2019-04-24 13:37:08 - [MESSAGE][PASSED] - Actual number '10' is greater than or equal to expected number '1']]></system-out>
         <system-err><![CDATA[]]></system-err>
      </testcase>
      <testcase name="Test Cases/Operational_Dashboard/139" classname="Test Cases/Operational_Dashboard/139" status="FAILED">
         <failure type="FAILED" message="Unable to verify equal between actual object '10' and expected object '1' (Root cause: Actual object '10' and expected object '1' are not equal)"/>
         <system-out><![CDATA[2019-04-24 13:37:08 - [TEST_CASE][FAILED] - Test Cases/Operational_Dashboard/139: Test Cases/Operational_Dashboard/139 FAILED because (of) Unable to verify equal between actual object '10' and expected object '1' (Root cause: Actual object '10' and expected object '1' are not equal)

2019-04-24 13:37:08 - [TEST_STEP][PASSED] - callTestCase: Call Test Case 'Test Cases/Operational_Dashboard/Login' successfully

2019-04-24 13:37:08 - [TEST_CASE][PASSED] - Test Cases/Operational_Dashboard/Login: Test Cases/Operational_Dashboard/Login

2019-04-24 13:37:08 - [TEST_STEP][PASSED] - callTestCase: Call Test Case 'Test Cases/s-sidebar_navigation/individualAccount/operationalDashboard' successfully

2019-04-24 13:37:08 - [TEST_CASE][PASSED] - Test Cases/s-sidebar_navigation/individualAccount/operationalDashboard: Test Cases/s-sidebar_navigation/individualAccount/operationalDashboard

2019-04-24 13:37:08 - [TEST_STEP][PASSED] - click: Object: 'Object Repository/Page_KiboEngage  Subscribers/span_Subscribers' is clicked on

2019-04-24 13:37:08 - [MESSAGE][PASSED] - Object: 'Object Repository/Page_KiboEngage  Subscribers/span_Subscribers' is clicked on

2019-04-24 13:37:08 - [TEST_STEP][PASSED] - click: Object: 'Object Repository/Page_KiboEngage  Subscribers/span_Operational Dashboard (1)' is clicked on

2019-04-24 13:37:09 - [MESSAGE][PASSED] - Object: 'Object Repository/Page_KiboEngage  Subscribers/span_Operational Dashboard (1)' is clicked on

2019-04-24 13:37:09 - [TEST_STEP][PASSED] - scrollToPosition: Browser is scrolled to position x = 0, y = 0

2019-04-24 13:37:09 - [MESSAGE][PASSED] - Browser is scrolled to position x = 0, y = 0

2019-04-24 13:37:09 - [TEST_STEP][PASSED] - click: Object: 'Object Repository/Page_KiboEngage  Operational Dashbo/h3_Pages Info (4)' is clicked on

2019-04-24 13:37:09 - [MESSAGE][PASSED] - Object: 'Object Repository/Page_KiboEngage  Operational Dashbo/h3_Pages Info (4)' is clicked on

2019-04-24 13:37:09 - [MESSAGE][PASSED] - Call Test Case 'Test Cases/s-sidebar_navigation/individualAccount/operationalDashboard' successfully

2019-04-24 13:37:09 - [MESSAGE][PASSED] - Call Test Case 'Test Cases/Operational_Dashboard/Login' successfully

2019-04-24 13:37:09 - [TEST_STEP][PASSED] - delay: Delayed 5 second(s)

2019-04-24 13:37:14 - [MESSAGE][PASSED] - Delayed 5 second(s)

2019-04-24 13:37:14 - [TEST_STEP][PASSED] - setText: Text 'cloudkibo1' is set on object 'Object Repository/Page_KiboEngage  Operational Dashbo/input_form-control m-input m-i'

2019-04-24 13:37:15 - [MESSAGE][PASSED] - Text 'cloudkibo1' is set on object 'Object Repository/Page_KiboEngage  Operational Dashbo/input_form-control m-input m-i'

2019-04-24 13:37:15 - [TEST_STEP][PASSED] - delay: Delayed 5 second(s)

2019-04-24 13:37:20 - [MESSAGE][PASSED] - Delayed 5 second(s)

2019-04-24 13:37:20 - [TEST_STEP][PASSED] - click: Object: 'Object Repository/Page_KiboEngage  Operational Dashbo/button_See more' is clicked on

2019-04-24 13:37:20 - [MESSAGE][PASSED] - Object: 'Object Repository/Page_KiboEngage  Operational Dashbo/button_See more' is clicked on

2019-04-24 13:37:20 - [TEST_STEP][PASSED] - delay: Delayed 1 second(s)

2019-04-24 13:37:21 - [MESSAGE][PASSED] - Delayed 1 second(s)

2019-04-24 13:37:21 - [TEST_STEP][PASSED] - scrollToPosition: Browser is scrolled to position x = 0, y = 0

2019-04-24 13:37:21 - [MESSAGE][PASSED] - Browser is scrolled to position x = 0, y = 0

2019-04-24 13:37:21 - [TEST_STEP][PASSED] - Statement - driver = com.kms.katalon.core.webui.driver.DriverFactory.getWebDriver(): null

2019-04-24 13:37:21 - [TEST_STEP][PASSED] - Statement - input_search_page = driver.findElement(org.openqa.selenium.By.xpath("//*[@id="content"]/div/div/div/div[2]/div[3]/div[1]/div/div/div[2]/div/div/div[1]/input")): null

2019-04-24 13:37:21 - [TEST_STEP][PASSED] - Statement - input_search_page.sendKeys("test2"): null

2019-04-24 13:37:21 - [TEST_STEP][PASSED] - delay: Delayed 5 second(s)

2019-04-24 13:37:26 - [MESSAGE][PASSED] - Delayed 5 second(s)

2019-04-24 13:37:26 - [TEST_STEP][PASSED] - Statement - Table = driver.findElement(org.openqa.selenium.By.xpath("//table/tbody")): null

2019-04-24 13:37:26 - [TEST_STEP][PASSED] - Statement - rows_table = Table.findElements(org.openqa.selenium.By.tagName("tr")): null

2019-04-24 13:37:26 - [TEST_STEP][PASSED] - Statement - rows_count = rows_table.size(): null

2019-04-24 13:37:26 - [TEST_STEP][FAILED] - verifyEqual: Unable to verify equal between actual object '10' and expected object '1' (Root cause: Actual object '10' and expected object '1' are not equal)

2019-04-24 13:37:26 - [MESSAGE][FAILED] - Unable to verify equal between actual object '10' and expected object '1' (Root cause: Actual object '10' and expected object '1' are not equal)]]></system-out>
         <system-err><![CDATA[2019-04-24 13:37:08 - [TEST_CASE][FAILED] - Test Cases/Operational_Dashboard/139: Test Cases/Operational_Dashboard/139 FAILED because (of) Unable to verify equal between actual object '10' and expected object '1' (Root cause: Actual object '10' and expected object '1' are not equal)]]></system-err>
      </testcase>
      <testcase name="Test Cases/Operational_Dashboard/141" classname="Test Cases/Operational_Dashboard/141" status="PASSED">
         <system-out><![CDATA[2019-04-24 13:37:26 - [TEST_CASE][PASSED] - Test Cases/Operational_Dashboard/141: Test Cases/Operational_Dashboard/141

2019-04-24 13:37:26 - [TEST_STEP][PASSED] - callTestCase: Call Test Case 'Test Cases/Operational_Dashboard/Login' successfully

2019-04-24 13:37:27 - [TEST_CASE][PASSED] - Test Cases/Operational_Dashboard/Login: Test Cases/Operational_Dashboard/Login

2019-04-24 13:37:27 - [TEST_STEP][PASSED] - callTestCase: Call Test Case 'Test Cases/s-sidebar_navigation/individualAccount/operationalDashboard' successfully

2019-04-24 13:37:27 - [TEST_CASE][PASSED] - Test Cases/s-sidebar_navigation/individualAccount/operationalDashboard: Test Cases/s-sidebar_navigation/individualAccount/operationalDashboard

2019-04-24 13:37:27 - [TEST_STEP][PASSED] - click: Object: 'Object Repository/Page_KiboEngage  Subscribers/span_Subscribers' is clicked on

2019-04-24 13:37:27 - [MESSAGE][PASSED] - Object: 'Object Repository/Page_KiboEngage  Subscribers/span_Subscribers' is clicked on

2019-04-24 13:37:27 - [TEST_STEP][PASSED] - click: Object: 'Object Repository/Page_KiboEngage  Subscribers/span_Operational Dashboard (1)' is clicked on

2019-04-24 13:37:27 - [MESSAGE][PASSED] - Object: 'Object Repository/Page_KiboEngage  Subscribers/span_Operational Dashboard (1)' is clicked on

2019-04-24 13:37:27 - [TEST_STEP][PASSED] - scrollToPosition: Browser is scrolled to position x = 0, y = 0

2019-04-24 13:37:27 - [MESSAGE][PASSED] - Browser is scrolled to position x = 0, y = 0

2019-04-24 13:37:27 - [TEST_STEP][PASSED] - click: Object: 'Object Repository/Page_KiboEngage  Operational Dashbo/h3_Pages Info (4)' is clicked on

2019-04-24 13:37:28 - [MESSAGE][PASSED] - Object: 'Object Repository/Page_KiboEngage  Operational Dashbo/h3_Pages Info (4)' is clicked on

2019-04-24 13:37:28 - [MESSAGE][PASSED] - Call Test Case 'Test Cases/s-sidebar_navigation/individualAccount/operationalDashboard' successfully

2019-04-24 13:37:28 - [MESSAGE][PASSED] - Call Test Case 'Test Cases/Operational_Dashboard/Login' successfully

2019-04-24 13:37:28 - [TEST_STEP][PASSED] - delay: Delayed 2 second(s)

2019-04-24 13:37:30 - [MESSAGE][PASSED] - Delayed 2 second(s)

2019-04-24 13:37:30 - [TEST_STEP][PASSED] - setText: Text 'cloudkibo1' is set on object 'Object Repository/Page_KiboEngage  Operational Dashbo/input_form-control m-input m-i'

2019-04-24 13:37:30 - [MESSAGE][PASSED] - Text 'cloudkibo1' is set on object 'Object Repository/Page_KiboEngage  Operational Dashbo/input_form-control m-input m-i'

2019-04-24 13:37:30 - [TEST_STEP][PASSED] - delay: Delayed 5 second(s)

2019-04-24 13:37:35 - [MESSAGE][PASSED] - Delayed 5 second(s)

2019-04-24 13:37:35 - [TEST_STEP][PASSED] - click: Object: 'Object Repository/Page_KiboEngage  Operational Dashbo/button_See more' is clicked on

2019-04-24 13:37:36 - [MESSAGE][PASSED] - Object: 'Object Repository/Page_KiboEngage  Operational Dashbo/button_See more' is clicked on

2019-04-24 13:37:36 - [TEST_STEP][PASSED] - delay: Delayed 1 second(s)

2019-04-24 13:37:37 - [MESSAGE][PASSED] - Delayed 1 second(s)

2019-04-24 13:37:37 - [TEST_STEP][PASSED] - scrollToPosition: Browser is scrolled to position x = 0, y = 0

2019-04-24 13:37:37 - [MESSAGE][PASSED] - Browser is scrolled to position x = 0, y = 0

2019-04-24 13:37:37 - [TEST_STEP][PASSED] - delay: Delayed 5 second(s)

2019-04-24 13:37:42 - [MESSAGE][PASSED] - Delayed 5 second(s)

2019-04-24 13:37:42 - [TEST_STEP][PASSED] - Statement - driver = com.kms.katalon.core.webui.driver.DriverFactory.getWebDriver(): null

2019-04-24 13:37:42 - [TEST_STEP][PASSED] - Statement - rows_table = driver.findElements(org.openqa.selenium.By.xpath("//*[@id="content"]/div/div/div/div[2]/div[3]/div[2]/div/div/div[2]/div/div/div[2]/table/tbody/tr")): null

2019-04-24 13:37:42 - [TEST_STEP][PASSED] - Statement - rows_count = rows_table.size(): null

2019-04-24 13:37:42 - [TEST_STEP][PASSED] - verifyGreaterThanOrEqual: Actual number '10' is greater than or equal to expected number '1'

2019-04-24 13:37:42 - [MESSAGE][PASSED] - Actual number '10' is greater than or equal to expected number '1']]></system-out>
         <system-err><![CDATA[]]></system-err>
      </testcase>
      <testcase name="Test Cases/Operational_Dashboard/142" classname="Test Cases/Operational_Dashboard/142" status="PASSED">
         <system-out><![CDATA[2019-04-24 13:37:42 - [TEST_CASE][PASSED] - Test Cases/Operational_Dashboard/142: Test Cases/Operational_Dashboard/142

2019-04-24 13:37:42 - [TEST_STEP][PASSED] - callTestCase: Call Test Case 'Test Cases/Operational_Dashboard/141' successfully

2019-04-24 13:37:42 - [TEST_CASE][PASSED] - Test Cases/Operational_Dashboard/141: Test Cases/Operational_Dashboard/141

2019-04-24 13:37:42 - [TEST_STEP][PASSED] - callTestCase: Call Test Case 'Test Cases/Operational_Dashboard/Login' successfully

2019-04-24 13:37:42 - [TEST_CASE][PASSED] - Test Cases/Operational_Dashboard/Login: Test Cases/Operational_Dashboard/Login

2019-04-24 13:37:42 - [TEST_STEP][PASSED] - callTestCase: Call Test Case 'Test Cases/s-sidebar_navigation/individualAccount/operationalDashboard' successfully

2019-04-24 13:37:42 - [TEST_CASE][PASSED] - Test Cases/s-sidebar_navigation/individualAccount/operationalDashboard: Test Cases/s-sidebar_navigation/individualAccount/operationalDashboard

2019-04-24 13:37:42 - [TEST_STEP][PASSED] - click: Object: 'Object Repository/Page_KiboEngage  Subscribers/span_Subscribers' is clicked on

2019-04-24 13:37:42 - [MESSAGE][PASSED] - Object: 'Object Repository/Page_KiboEngage  Subscribers/span_Subscribers' is clicked on

2019-04-24 13:37:42 - [TEST_STEP][PASSED] - click: Object: 'Object Repository/Page_KiboEngage  Subscribers/span_Operational Dashboard (1)' is clicked on

2019-04-24 13:37:43 - [MESSAGE][PASSED] - Object: 'Object Repository/Page_KiboEngage  Subscribers/span_Operational Dashboard (1)' is clicked on

2019-04-24 13:37:43 - [TEST_STEP][PASSED] - scrollToPosition: Browser is scrolled to position x = 0, y = 0

2019-04-24 13:37:43 - [MESSAGE][PASSED] - Browser is scrolled to position x = 0, y = 0

2019-04-24 13:37:43 - [TEST_STEP][PASSED] - click: Object: 'Object Repository/Page_KiboEngage  Operational Dashbo/h3_Pages Info (4)' is clicked on

2019-04-24 13:37:43 - [MESSAGE][PASSED] - Object: 'Object Repository/Page_KiboEngage  Operational Dashbo/h3_Pages Info (4)' is clicked on

2019-04-24 13:37:43 - [MESSAGE][PASSED] - Call Test Case 'Test Cases/s-sidebar_navigation/individualAccount/operationalDashboard' successfully

2019-04-24 13:37:43 - [MESSAGE][PASSED] - Call Test Case 'Test Cases/Operational_Dashboard/Login' successfully

2019-04-24 13:37:43 - [TEST_STEP][PASSED] - delay: Delayed 2 second(s)

2019-04-24 13:37:45 - [MESSAGE][PASSED] - Delayed 2 second(s)

2019-04-24 13:37:45 - [TEST_STEP][PASSED] - setText: Text 'cloudkibo1' is set on object 'Object Repository/Page_KiboEngage  Operational Dashbo/input_form-control m-input m-i'

2019-04-24 13:37:46 - [MESSAGE][PASSED] - Text 'cloudkibo1' is set on object 'Object Repository/Page_KiboEngage  Operational Dashbo/input_form-control m-input m-i'

2019-04-24 13:37:46 - [TEST_STEP][PASSED] - delay: Delayed 5 second(s)

2019-04-24 13:37:51 - [MESSAGE][PASSED] - Delayed 5 second(s)

2019-04-24 13:37:51 - [TEST_STEP][PASSED] - click: Object: 'Object Repository/Page_KiboEngage  Operational Dashbo/button_See more' is clicked on

2019-04-24 13:37:51 - [MESSAGE][PASSED] - Object: 'Object Repository/Page_KiboEngage  Operational Dashbo/button_See more' is clicked on

2019-04-24 13:37:51 - [TEST_STEP][PASSED] - delay: Delayed 1 second(s)

2019-04-24 13:37:52 - [MESSAGE][PASSED] - Delayed 1 second(s)

2019-04-24 13:37:52 - [TEST_STEP][PASSED] - scrollToPosition: Browser is scrolled to position x = 0, y = 0

2019-04-24 13:37:52 - [MESSAGE][PASSED] - Browser is scrolled to position x = 0, y = 0

2019-04-24 13:37:52 - [TEST_STEP][PASSED] - delay: Delayed 5 second(s)

2019-04-24 13:37:57 - [MESSAGE][PASSED] - Delayed 5 second(s)

2019-04-24 13:37:57 - [TEST_STEP][PASSED] - Statement - driver = com.kms.katalon.core.webui.driver.DriverFactory.getWebDriver(): null

2019-04-24 13:37:57 - [TEST_STEP][PASSED] - Statement - rows_table = driver.findElements(org.openqa.selenium.By.xpath("//*[@id="content"]/div/div/div/div[2]/div[3]/div[2]/div/div/div[2]/div/div/div[2]/table/tbody/tr")): null

2019-04-24 13:37:57 - [TEST_STEP][PASSED] - Statement - rows_count = rows_table.size(): null

2019-04-24 13:37:57 - [TEST_STEP][PASSED] - verifyGreaterThanOrEqual: Actual number '10' is greater than or equal to expected number '1'

2019-04-24 13:37:57 - [MESSAGE][PASSED] - Actual number '10' is greater than or equal to expected number '1'

2019-04-24 13:37:57 - [MESSAGE][PASSED] - Call Test Case 'Test Cases/Operational_Dashboard/141' successfully

2019-04-24 13:37:57 - [TEST_STEP][PASSED] - Statement - driver = com.kms.katalon.core.webui.driver.DriverFactory.getWebDriver(): null

2019-04-24 13:37:57 - [TEST_STEP][PASSED] - Statement - next = driver.findElement(org.openqa.selenium.By.xpath("//*[@id="content"]/div/div/div/div[2]/div[3]/div[2]/div/div/div[2]/div/div/div[2]/ul/li[3]/a")): null

2019-04-24 13:37:58 - [TEST_STEP][PASSED] - Statement - next.click(): null

2019-04-24 13:37:58 - [TEST_STEP][PASSED] - delay: Delayed 5 second(s)

2019-04-24 13:38:03 - [MESSAGE][PASSED] - Delayed 5 second(s)

2019-04-24 13:38:03 - [TEST_STEP][PASSED] - Statement - rows_table = driver.findElements(org.openqa.selenium.By.xpath("//*[@id="content"]/div/div/div/div[2]/div[3]/div[2]/div/div/div[2]/div/div/div[2]/table/tbody/tr")): null

2019-04-24 13:38:03 - [TEST_STEP][PASSED] - Statement - rows_count = rows_table.size(): null

2019-04-24 13:38:03 - [TEST_STEP][PASSED] - verifyGreaterThanOrEqual: Actual number '10' is greater than or equal to expected number '1'

2019-04-24 13:38:03 - [MESSAGE][PASSED] - Actual number '10' is greater than or equal to expected number '1']]></system-out>
         <system-err><![CDATA[]]></system-err>
      </testcase>
      <testcase name="Test Cases/Operational_Dashboard/143" classname="Test Cases/Operational_Dashboard/143" status="PASSED">
         <system-out><![CDATA[2019-04-24 13:38:03 - [TEST_CASE][PASSED] - Test Cases/Operational_Dashboard/143: Test Cases/Operational_Dashboard/143

2019-04-24 13:38:03 - [TEST_STEP][PASSED] - callTestCase: Call Test Case 'Test Cases/Operational_Dashboard/142' successfully

2019-04-24 13:38:03 - [TEST_CASE][PASSED] - Test Cases/Operational_Dashboard/142: Test Cases/Operational_Dashboard/142

2019-04-24 13:38:03 - [TEST_STEP][PASSED] - callTestCase: Call Test Case 'Test Cases/Operational_Dashboard/141' successfully

2019-04-24 13:38:03 - [TEST_CASE][PASSED] - Test Cases/Operational_Dashboard/141: Test Cases/Operational_Dashboard/141

2019-04-24 13:38:03 - [TEST_STEP][PASSED] - callTestCase: Call Test Case 'Test Cases/Operational_Dashboard/Login' successfully

2019-04-24 13:38:03 - [TEST_CASE][PASSED] - Test Cases/Operational_Dashboard/Login: Test Cases/Operational_Dashboard/Login

2019-04-24 13:38:03 - [TEST_STEP][PASSED] - callTestCase: Call Test Case 'Test Cases/s-sidebar_navigation/individualAccount/operationalDashboard' successfully

2019-04-24 13:38:03 - [TEST_CASE][PASSED] - Test Cases/s-sidebar_navigation/individualAccount/operationalDashboard: Test Cases/s-sidebar_navigation/individualAccount/operationalDashboard

2019-04-24 13:38:03 - [TEST_STEP][PASSED] - click: Object: 'Object Repository/Page_KiboEngage  Subscribers/span_Subscribers' is clicked on

2019-04-24 13:38:03 - [MESSAGE][PASSED] - Object: 'Object Repository/Page_KiboEngage  Subscribers/span_Subscribers' is clicked on

2019-04-24 13:38:03 - [TEST_STEP][PASSED] - click: Object: 'Object Repository/Page_KiboEngage  Subscribers/span_Operational Dashboard (1)' is clicked on

2019-04-24 13:38:04 - [MESSAGE][PASSED] - Object: 'Object Repository/Page_KiboEngage  Subscribers/span_Operational Dashboard (1)' is clicked on

2019-04-24 13:38:04 - [TEST_STEP][PASSED] - scrollToPosition: Browser is scrolled to position x = 0, y = 0

2019-04-24 13:38:04 - [MESSAGE][PASSED] - Browser is scrolled to position x = 0, y = 0

2019-04-24 13:38:04 - [TEST_STEP][PASSED] - click: Object: 'Object Repository/Page_KiboEngage  Operational Dashbo/h3_Pages Info (4)' is clicked on

2019-04-24 13:38:04 - [MESSAGE][PASSED] - Object: 'Object Repository/Page_KiboEngage  Operational Dashbo/h3_Pages Info (4)' is clicked on

2019-04-24 13:38:04 - [MESSAGE][PASSED] - Call Test Case 'Test Cases/s-sidebar_navigation/individualAccount/operationalDashboard' successfully

2019-04-24 13:38:04 - [MESSAGE][PASSED] - Call Test Case 'Test Cases/Operational_Dashboard/Login' successfully

2019-04-24 13:38:04 - [TEST_STEP][PASSED] - delay: Delayed 2 second(s)

2019-04-24 13:38:06 - [MESSAGE][PASSED] - Delayed 2 second(s)

2019-04-24 13:38:06 - [TEST_STEP][PASSED] - setText: Text 'cloudkibo1' is set on object 'Object Repository/Page_KiboEngage  Operational Dashbo/input_form-control m-input m-i'

2019-04-24 13:38:07 - [MESSAGE][PASSED] - Text 'cloudkibo1' is set on object 'Object Repository/Page_KiboEngage  Operational Dashbo/input_form-control m-input m-i'

2019-04-24 13:38:07 - [TEST_STEP][PASSED] - delay: Delayed 5 second(s)

2019-04-24 13:38:12 - [MESSAGE][PASSED] - Delayed 5 second(s)

2019-04-24 13:38:12 - [TEST_STEP][PASSED] - click: Object: 'Object Repository/Page_KiboEngage  Operational Dashbo/button_See more' is clicked on

2019-04-24 13:38:13 - [MESSAGE][PASSED] - Object: 'Object Repository/Page_KiboEngage  Operational Dashbo/button_See more' is clicked on

2019-04-24 13:38:13 - [TEST_STEP][PASSED] - delay: Delayed 1 second(s)

2019-04-24 13:38:14 - [MESSAGE][PASSED] - Delayed 1 second(s)

2019-04-24 13:38:14 - [TEST_STEP][PASSED] - scrollToPosition: Browser is scrolled to position x = 0, y = 0

2019-04-24 13:38:14 - [MESSAGE][PASSED] - Browser is scrolled to position x = 0, y = 0

2019-04-24 13:38:14 - [TEST_STEP][PASSED] - delay: Delayed 5 second(s)

2019-04-24 13:38:19 - [MESSAGE][PASSED] - Delayed 5 second(s)

2019-04-24 13:38:19 - [TEST_STEP][PASSED] - Statement - driver = com.kms.katalon.core.webui.driver.DriverFactory.getWebDriver(): null

2019-04-24 13:38:19 - [TEST_STEP][PASSED] - Statement - rows_table = driver.findElements(org.openqa.selenium.By.xpath("//*[@id="content"]/div/div/div/div[2]/div[3]/div[2]/div/div/div[2]/div/div/div[2]/table/tbody/tr")): null

2019-04-24 13:38:19 - [TEST_STEP][PASSED] - Statement - rows_count = rows_table.size(): null

2019-04-24 13:38:19 - [TEST_STEP][PASSED] - verifyGreaterThanOrEqual: Actual number '10' is greater than or equal to expected number '1'

2019-04-24 13:38:19 - [MESSAGE][PASSED] - Actual number '10' is greater than or equal to expected number '1'

2019-04-24 13:38:19 - [MESSAGE][PASSED] - Call Test Case 'Test Cases/Operational_Dashboard/141' successfully

2019-04-24 13:38:19 - [TEST_STEP][PASSED] - Statement - driver = com.kms.katalon.core.webui.driver.DriverFactory.getWebDriver(): null

2019-04-24 13:38:19 - [TEST_STEP][PASSED] - Statement - next = driver.findElement(org.openqa.selenium.By.xpath("//*[@id="content"]/div/div/div/div[2]/div[3]/div[2]/div/div/div[2]/div/div/div[2]/ul/li[3]/a")): null

2019-04-24 13:38:19 - [TEST_STEP][PASSED] - Statement - next.click(): null

2019-04-24 13:38:19 - [TEST_STEP][PASSED] - delay: Delayed 5 second(s)

2019-04-24 13:38:24 - [MESSAGE][PASSED] - Delayed 5 second(s)

2019-04-24 13:38:24 - [TEST_STEP][PASSED] - Statement - rows_table = driver.findElements(org.openqa.selenium.By.xpath("//*[@id="content"]/div/div/div/div[2]/div[3]/div[2]/div/div/div[2]/div/div/div[2]/table/tbody/tr")): null

2019-04-24 13:38:24 - [TEST_STEP][PASSED] - Statement - rows_count = rows_table.size(): null

2019-04-24 13:38:24 - [TEST_STEP][PASSED] - verifyGreaterThanOrEqual: Actual number '10' is greater than or equal to expected number '1'

2019-04-24 13:38:24 - [MESSAGE][PASSED] - Actual number '10' is greater than or equal to expected number '1'

2019-04-24 13:38:24 - [MESSAGE][PASSED] - Call Test Case 'Test Cases/Operational_Dashboard/142' successfully

2019-04-24 13:38:24 - [TEST_STEP][PASSED] - Statement - driver = com.kms.katalon.core.webui.driver.DriverFactory.getWebDriver(): null

2019-04-24 13:38:24 - [TEST_STEP][PASSED] - Statement - previous = driver.findElement(org.openqa.selenium.By.xpath("//*[@id="content"]/div/div/div/div[2]/div[3]/div[2]/div/div/div[2]/div/div/div[2]/ul/li[1]/a")): null

2019-04-24 13:38:24 - [TEST_STEP][PASSED] - Statement - previous.click(): null

2019-04-24 13:38:24 - [TEST_STEP][PASSED] - delay: Delayed 5 second(s)

2019-04-24 13:38:29 - [MESSAGE][PASSED] - Delayed 5 second(s)

2019-04-24 13:38:29 - [TEST_STEP][PASSED] - Statement - rows_table = driver.findElements(org.openqa.selenium.By.xpath("//*[@id="content"]/div/div/div/div[2]/div[3]/div[2]/div/div/div[2]/div/div/div[2]/table/tbody/tr")): null

2019-04-24 13:38:29 - [TEST_STEP][PASSED] - Statement - rows_count = rows_table.size(): null

2019-04-24 13:38:29 - [TEST_STEP][PASSED] - verifyEqual: Actual object '10' and expected object '10' are equal

2019-04-24 13:38:29 - [MESSAGE][PASSED] - Actual object '10' and expected object '10' are equal]]></system-out>
         <system-err><![CDATA[]]></system-err>
      </testcase>
      <testcase name="Test Cases/Operational_Dashboard/144" classname="Test Cases/Operational_Dashboard/144" status="PASSED">
         <system-out><![CDATA[2019-04-24 13:38:29 - [TEST_CASE][PASSED] - Test Cases/Operational_Dashboard/144: Test Cases/Operational_Dashboard/144

2019-04-24 13:38:29 - [TEST_STEP][PASSED] - callTestCase: Call Test Case 'Test Cases/Operational_Dashboard/141' successfully

2019-04-24 13:38:29 - [TEST_CASE][PASSED] - Test Cases/Operational_Dashboard/141: Test Cases/Operational_Dashboard/141

2019-04-24 13:38:29 - [TEST_STEP][PASSED] - callTestCase: Call Test Case 'Test Cases/Operational_Dashboard/Login' successfully

2019-04-24 13:38:30 - [TEST_CASE][PASSED] - Test Cases/Operational_Dashboard/Login: Test Cases/Operational_Dashboard/Login

2019-04-24 13:38:30 - [TEST_STEP][PASSED] - callTestCase: Call Test Case 'Test Cases/s-sidebar_navigation/individualAccount/operationalDashboard' successfully

2019-04-24 13:38:30 - [TEST_CASE][PASSED] - Test Cases/s-sidebar_navigation/individualAccount/operationalDashboard: Test Cases/s-sidebar_navigation/individualAccount/operationalDashboard

2019-04-24 13:38:30 - [TEST_STEP][PASSED] - click: Object: 'Object Repository/Page_KiboEngage  Subscribers/span_Subscribers' is clicked on

2019-04-24 13:38:30 - [MESSAGE][PASSED] - Object: 'Object Repository/Page_KiboEngage  Subscribers/span_Subscribers' is clicked on

2019-04-24 13:38:30 - [TEST_STEP][PASSED] - click: Object: 'Object Repository/Page_KiboEngage  Subscribers/span_Operational Dashboard (1)' is clicked on

2019-04-24 13:38:31 - [MESSAGE][PASSED] - Object: 'Object Repository/Page_KiboEngage  Subscribers/span_Operational Dashboard (1)' is clicked on

2019-04-24 13:38:31 - [TEST_STEP][PASSED] - scrollToPosition: Browser is scrolled to position x = 0, y = 0

2019-04-24 13:38:31 - [MESSAGE][PASSED] - Browser is scrolled to position x = 0, y = 0

2019-04-24 13:38:31 - [TEST_STEP][PASSED] - click: Object: 'Object Repository/Page_KiboEngage  Operational Dashbo/h3_Pages Info (4)' is clicked on

2019-04-24 13:38:31 - [MESSAGE][PASSED] - Object: 'Object Repository/Page_KiboEngage  Operational Dashbo/h3_Pages Info (4)' is clicked on

2019-04-24 13:38:31 - [MESSAGE][PASSED] - Call Test Case 'Test Cases/s-sidebar_navigation/individualAccount/operationalDashboard' successfully

2019-04-24 13:38:31 - [MESSAGE][PASSED] - Call Test Case 'Test Cases/Operational_Dashboard/Login' successfully

2019-04-24 13:38:31 - [TEST_STEP][PASSED] - delay: Delayed 2 second(s)

2019-04-24 13:38:33 - [MESSAGE][PASSED] - Delayed 2 second(s)

2019-04-24 13:38:33 - [TEST_STEP][PASSED] - setText: Text 'cloudkibo1' is set on object 'Object Repository/Page_KiboEngage  Operational Dashbo/input_form-control m-input m-i'

2019-04-24 13:38:34 - [MESSAGE][PASSED] - Text 'cloudkibo1' is set on object 'Object Repository/Page_KiboEngage  Operational Dashbo/input_form-control m-input m-i'

2019-04-24 13:38:34 - [TEST_STEP][PASSED] - delay: Delayed 5 second(s)

2019-04-24 13:38:39 - [MESSAGE][PASSED] - Delayed 5 second(s)

2019-04-24 13:38:39 - [TEST_STEP][PASSED] - click: Object: 'Object Repository/Page_KiboEngage  Operational Dashbo/button_See more' is clicked on

2019-04-24 13:38:39 - [MESSAGE][PASSED] - Object: 'Object Repository/Page_KiboEngage  Operational Dashbo/button_See more' is clicked on

2019-04-24 13:38:39 - [TEST_STEP][PASSED] - delay: Delayed 1 second(s)

2019-04-24 13:38:40 - [MESSAGE][PASSED] - Delayed 1 second(s)

2019-04-24 13:38:40 - [TEST_STEP][PASSED] - scrollToPosition: Browser is scrolled to position x = 0, y = 0

2019-04-24 13:38:40 - [MESSAGE][PASSED] - Browser is scrolled to position x = 0, y = 0

2019-04-24 13:38:40 - [TEST_STEP][PASSED] - delay: Delayed 5 second(s)

2019-04-24 13:38:45 - [MESSAGE][PASSED] - Delayed 5 second(s)

2019-04-24 13:38:45 - [TEST_STEP][PASSED] - Statement - driver = com.kms.katalon.core.webui.driver.DriverFactory.getWebDriver(): null

2019-04-24 13:38:45 - [TEST_STEP][PASSED] - Statement - rows_table = driver.findElements(org.openqa.selenium.By.xpath("//*[@id="content"]/div/div/div/div[2]/div[3]/div[2]/div/div/div[2]/div/div/div[2]/table/tbody/tr")): null

2019-04-24 13:38:45 - [TEST_STEP][PASSED] - Statement - rows_count = rows_table.size(): null

2019-04-24 13:38:45 - [TEST_STEP][PASSED] - verifyGreaterThanOrEqual: Actual number '10' is greater than or equal to expected number '1'

2019-04-24 13:38:45 - [MESSAGE][PASSED] - Actual number '10' is greater than or equal to expected number '1'

2019-04-24 13:38:45 - [MESSAGE][PASSED] - Call Test Case 'Test Cases/Operational_Dashboard/141' successfully

2019-04-24 13:38:45 - [TEST_STEP][PASSED] - Statement - driver = com.kms.katalon.core.webui.driver.DriverFactory.getWebDriver(): null

2019-04-24 13:38:45 - [TEST_STEP][PASSED] - Statement - next = driver.findElement(org.openqa.selenium.By.xpath("//*[@id="content"]/div/div/div/div[2]/div[3]/div[2]/div/div/div[2]/div/div/div[2]/ul/li[3]/a")): null

2019-04-24 13:38:45 - [TEST_STEP][PASSED] - Statement - next.click(): null

2019-04-24 13:38:45 - [TEST_STEP][PASSED] - delay: Delayed 5 second(s)

2019-04-24 13:38:50 - [MESSAGE][PASSED] - Delayed 5 second(s)

2019-04-24 13:38:50 - [TEST_STEP][PASSED] - Statement - rows_table = driver.findElements(org.openqa.selenium.By.xpath("//*[@id="content"]/div/div/div/div[2]/div[3]/div[2]/div/div/div[2]/div/div/div[2]/table/tbody/tr")): null

2019-04-24 13:38:50 - [TEST_STEP][PASSED] - Statement - rows_count = rows_table.size(): null

2019-04-24 13:38:50 - [TEST_STEP][PASSED] - verifyGreaterThanOrEqual: Actual number '10' is greater than or equal to expected number '1'

2019-04-24 13:38:50 - [MESSAGE][PASSED] - Actual number '10' is greater than or equal to expected number '1']]></system-out>
         <system-err><![CDATA[]]></system-err>
      </testcase>
      <testcase name="Test Cases/Operational_Dashboard/145" classname="Test Cases/Operational_Dashboard/145" status="PASSED">
         <system-out><![CDATA[2019-04-24 13:38:50 - [TEST_CASE][PASSED] - Test Cases/Operational_Dashboard/145: Test Cases/Operational_Dashboard/145

2019-04-24 13:38:50 - [TEST_STEP][PASSED] - callTestCase: Call Test Case 'Test Cases/Operational_Dashboard/141' successfully

2019-04-24 13:38:50 - [TEST_CASE][PASSED] - Test Cases/Operational_Dashboard/141: Test Cases/Operational_Dashboard/141

2019-04-24 13:38:50 - [TEST_STEP][PASSED] - callTestCase: Call Test Case 'Test Cases/Operational_Dashboard/Login' successfully

2019-04-24 13:38:50 - [TEST_CASE][PASSED] - Test Cases/Operational_Dashboard/Login: Test Cases/Operational_Dashboard/Login

2019-04-24 13:38:50 - [TEST_STEP][PASSED] - callTestCase: Call Test Case 'Test Cases/s-sidebar_navigation/individualAccount/operationalDashboard' successfully

2019-04-24 13:38:51 - [TEST_CASE][PASSED] - Test Cases/s-sidebar_navigation/individualAccount/operationalDashboard: Test Cases/s-sidebar_navigation/individualAccount/operationalDashboard

2019-04-24 13:38:51 - [TEST_STEP][PASSED] - click: Object: 'Object Repository/Page_KiboEngage  Subscribers/span_Subscribers' is clicked on

2019-04-24 13:38:51 - [MESSAGE][PASSED] - Object: 'Object Repository/Page_KiboEngage  Subscribers/span_Subscribers' is clicked on

2019-04-24 13:38:51 - [TEST_STEP][PASSED] - click: Object: 'Object Repository/Page_KiboEngage  Subscribers/span_Operational Dashboard (1)' is clicked on

2019-04-24 13:38:51 - [MESSAGE][PASSED] - Object: 'Object Repository/Page_KiboEngage  Subscribers/span_Operational Dashboard (1)' is clicked on

2019-04-24 13:38:51 - [TEST_STEP][PASSED] - scrollToPosition: Browser is scrolled to position x = 0, y = 0

2019-04-24 13:38:51 - [MESSAGE][PASSED] - Browser is scrolled to position x = 0, y = 0

2019-04-24 13:38:51 - [TEST_STEP][PASSED] - click: Object: 'Object Repository/Page_KiboEngage  Operational Dashbo/h3_Pages Info (4)' is clicked on

2019-04-24 13:38:51 - [MESSAGE][PASSED] - Object: 'Object Repository/Page_KiboEngage  Operational Dashbo/h3_Pages Info (4)' is clicked on

2019-04-24 13:38:51 - [MESSAGE][PASSED] - Call Test Case 'Test Cases/s-sidebar_navigation/individualAccount/operationalDashboard' successfully

2019-04-24 13:38:51 - [MESSAGE][PASSED] - Call Test Case 'Test Cases/Operational_Dashboard/Login' successfully

2019-04-24 13:38:51 - [TEST_STEP][PASSED] - delay: Delayed 2 second(s)

2019-04-24 13:38:53 - [MESSAGE][PASSED] - Delayed 2 second(s)

2019-04-24 13:38:53 - [TEST_STEP][PASSED] - setText: Text 'cloudkibo1' is set on object 'Object Repository/Page_KiboEngage  Operational Dashbo/input_form-control m-input m-i'

2019-04-24 13:38:54 - [MESSAGE][PASSED] - Text 'cloudkibo1' is set on object 'Object Repository/Page_KiboEngage  Operational Dashbo/input_form-control m-input m-i'

2019-04-24 13:38:54 - [TEST_STEP][PASSED] - delay: Delayed 5 second(s)

2019-04-24 13:38:59 - [MESSAGE][PASSED] - Delayed 5 second(s)

2019-04-24 13:38:59 - [TEST_STEP][PASSED] - click: Object: 'Object Repository/Page_KiboEngage  Operational Dashbo/button_See more' is clicked on

2019-04-24 13:38:59 - [MESSAGE][PASSED] - Object: 'Object Repository/Page_KiboEngage  Operational Dashbo/button_See more' is clicked on

2019-04-24 13:38:59 - [TEST_STEP][PASSED] - delay: Delayed 1 second(s)

2019-04-24 13:39:00 - [MESSAGE][PASSED] - Delayed 1 second(s)

2019-04-24 13:39:00 - [TEST_STEP][PASSED] - scrollToPosition: Browser is scrolled to position x = 0, y = 0

2019-04-24 13:39:01 - [MESSAGE][PASSED] - Browser is scrolled to position x = 0, y = 0

2019-04-24 13:39:01 - [TEST_STEP][PASSED] - delay: Delayed 5 second(s)

2019-04-24 13:39:06 - [MESSAGE][PASSED] - Delayed 5 second(s)

2019-04-24 13:39:06 - [TEST_STEP][PASSED] - Statement - driver = com.kms.katalon.core.webui.driver.DriverFactory.getWebDriver(): null

2019-04-24 13:39:06 - [TEST_STEP][PASSED] - Statement - rows_table = driver.findElements(org.openqa.selenium.By.xpath("//*[@id="content"]/div/div/div/div[2]/div[3]/div[2]/div/div/div[2]/div/div/div[2]/table/tbody/tr")): null

2019-04-24 13:39:06 - [TEST_STEP][PASSED] - Statement - rows_count = rows_table.size(): null

2019-04-24 13:39:06 - [TEST_STEP][PASSED] - verifyGreaterThanOrEqual: Actual number '10' is greater than or equal to expected number '1'

2019-04-24 13:39:06 - [MESSAGE][PASSED] - Actual number '10' is greater than or equal to expected number '1'

2019-04-24 13:39:06 - [MESSAGE][PASSED] - Call Test Case 'Test Cases/Operational_Dashboard/141' successfully

2019-04-24 13:39:06 - [TEST_STEP][PASSED] - Statement - driver = com.kms.katalon.core.webui.driver.DriverFactory.getWebDriver(): null

2019-04-24 13:39:06 - [TEST_STEP][PASSED] - Statement - input_search_page = driver.findElement(org.openqa.selenium.By.xpath("//*[@id="content"]/div/div/div/div[2]/div[3]/div[2]/div/div/div[2]/div/div/div[1]/div[1]/input")): null

2019-04-24 13:39:06 - [TEST_STEP][PASSED] - Statement - input_search_page.sendKeys("Broadcast Title"): null

2019-04-24 13:39:06 - [TEST_STEP][PASSED] - delay: Delayed 5 second(s)

2019-04-24 13:39:11 - [MESSAGE][PASSED] - Delayed 5 second(s)

2019-04-24 13:39:11 - [TEST_STEP][PASSED] - Statement - rows_table = driver.findElements(org.openqa.selenium.By.xpath("//*[@id="content"]/div/div/div/div[2]/div[3]/div[2]/div/div/div[2]/div/div/div[2]/table/tbody/tr")): null

2019-04-24 13:39:11 - [TEST_STEP][PASSED] - Statement - rows_count = rows_table.size(): null

2019-04-24 13:39:11 - [TEST_STEP][PASSED] - verifyGreaterThanOrEqual: Actual number '10' is greater than or equal to expected number '1'

2019-04-24 13:39:11 - [MESSAGE][PASSED] - Actual number '10' is greater than or equal to expected number '1']]></system-out>
         <system-err><![CDATA[]]></system-err>
      </testcase>
      <testcase name="Test Cases/Operational_Dashboard/148" classname="Test Cases/Operational_Dashboard/148" status="PASSED">
         <system-out><![CDATA[2019-04-24 13:39:11 - [TEST_CASE][PASSED] - Test Cases/Operational_Dashboard/148: Test Cases/Operational_Dashboard/148

2019-04-24 13:39:11 - [TEST_STEP][PASSED] - callTestCase: Call Test Case 'Test Cases/Operational_Dashboard/Login' successfully

2019-04-24 13:39:11 - [TEST_CASE][PASSED] - Test Cases/Operational_Dashboard/Login: Test Cases/Operational_Dashboard/Login

2019-04-24 13:39:11 - [TEST_STEP][PASSED] - callTestCase: Call Test Case 'Test Cases/s-sidebar_navigation/individualAccount/operationalDashboard' successfully

2019-04-24 13:39:11 - [TEST_CASE][PASSED] - Test Cases/s-sidebar_navigation/individualAccount/operationalDashboard: Test Cases/s-sidebar_navigation/individualAccount/operationalDashboard

2019-04-24 13:39:11 - [TEST_STEP][PASSED] - click: Object: 'Object Repository/Page_KiboEngage  Subscribers/span_Subscribers' is clicked on

2019-04-24 13:39:12 - [MESSAGE][PASSED] - Object: 'Object Repository/Page_KiboEngage  Subscribers/span_Subscribers' is clicked on

2019-04-24 13:39:12 - [TEST_STEP][PASSED] - click: Object: 'Object Repository/Page_KiboEngage  Subscribers/span_Operational Dashboard (1)' is clicked on

2019-04-24 13:39:12 - [MESSAGE][PASSED] - Object: 'Object Repository/Page_KiboEngage  Subscribers/span_Operational Dashboard (1)' is clicked on

2019-04-24 13:39:12 - [TEST_STEP][PASSED] - scrollToPosition: Browser is scrolled to position x = 0, y = 0

2019-04-24 13:39:13 - [MESSAGE][PASSED] - Browser is scrolled to position x = 0, y = 0

2019-04-24 13:39:13 - [TEST_STEP][PASSED] - click: Object: 'Object Repository/Page_KiboEngage  Operational Dashbo/h3_Pages Info (4)' is clicked on

2019-04-24 13:39:13 - [MESSAGE][PASSED] - Object: 'Object Repository/Page_KiboEngage  Operational Dashbo/h3_Pages Info (4)' is clicked on

2019-04-24 13:39:13 - [MESSAGE][PASSED] - Call Test Case 'Test Cases/s-sidebar_navigation/individualAccount/operationalDashboard' successfully

2019-04-24 13:39:13 - [MESSAGE][PASSED] - Call Test Case 'Test Cases/Operational_Dashboard/Login' successfully

2019-04-24 13:39:13 - [TEST_STEP][PASSED] - delay: Delayed 2 second(s)

2019-04-24 13:39:15 - [MESSAGE][PASSED] - Delayed 2 second(s)

2019-04-24 13:39:15 - [TEST_STEP][PASSED] - setText: Text 'cloudkibo1' is set on object 'Object Repository/Page_KiboEngage  Operational Dashbo/input_form-control m-input m-i'

2019-04-24 13:39:16 - [MESSAGE][PASSED] - Text 'cloudkibo1' is set on object 'Object Repository/Page_KiboEngage  Operational Dashbo/input_form-control m-input m-i'

2019-04-24 13:39:16 - [TEST_STEP][PASSED] - delay: Delayed 5 second(s)

2019-04-24 13:39:21 - [MESSAGE][PASSED] - Delayed 5 second(s)

2019-04-24 13:39:21 - [TEST_STEP][PASSED] - click: Object: 'Object Repository/Page_KiboEngage  Operational Dashbo/button_See more' is clicked on

2019-04-24 13:39:21 - [MESSAGE][PASSED] - Object: 'Object Repository/Page_KiboEngage  Operational Dashbo/button_See more' is clicked on

2019-04-24 13:39:21 - [TEST_STEP][PASSED] - delay: Delayed 1 second(s)

2019-04-24 13:39:22 - [MESSAGE][PASSED] - Delayed 1 second(s)

2019-04-24 13:39:22 - [TEST_STEP][PASSED] - scrollToPosition: Browser is scrolled to position x = 0, y = 0

2019-04-24 13:39:22 - [MESSAGE][PASSED] - Browser is scrolled to position x = 0, y = 0

2019-04-24 13:39:22 - [TEST_STEP][PASSED] - delay: Delayed 5 second(s)

2019-04-24 13:39:27 - [MESSAGE][PASSED] - Delayed 5 second(s)

2019-04-24 13:39:27 - [TEST_STEP][PASSED] - Statement - driver = com.kms.katalon.core.webui.driver.DriverFactory.getWebDriver(): null

2019-04-24 13:39:27 - [TEST_STEP][PASSED] - Statement - rows_table = driver.findElements(org.openqa.selenium.By.xpath("//*[@id="content"]/div/div/div/div[2]/div[3]/div[3]/div/div/div[2]/div/div/div[2]/table/tbody/tr")): null

2019-04-24 13:39:27 - [TEST_STEP][PASSED] - Statement - rows_count = rows_table.size(): null

2019-04-24 13:39:27 - [TEST_STEP][PASSED] - verifyGreaterThanOrEqual: Actual number '10' is greater than or equal to expected number '1'

2019-04-24 13:39:27 - [MESSAGE][PASSED] - Actual number '10' is greater than or equal to expected number '1']]></system-out>
         <system-err><![CDATA[]]></system-err>
      </testcase>
      <testcase name="Test Cases/Operational_Dashboard/149" classname="Test Cases/Operational_Dashboard/149" status="FAILED">
         <failure type="FAILED" message="Unable to verify actual number '0' greater than or equal with expected number '1' (Root cause: Actual number '0' is NOT greater than or equal to expected number '1')"/>
         <system-out><![CDATA[2019-04-24 13:39:27 - [TEST_CASE][FAILED] - Test Cases/Operational_Dashboard/149: Test Cases/Operational_Dashboard/149 FAILED because (of) Unable to verify actual number '0' greater than or equal with expected number '1' (Root cause: Actual number '0' is NOT greater than or equal to expected number '1')

2019-04-24 13:39:27 - [TEST_STEP][FAILED] - callTestCase: Unable to call Test Case with id 'Test Cases/Operational_Dashboard/148' (Root cause: Call Test Case 'Test Cases/Operational_Dashboard/148' failed)

2019-04-24 13:39:27 - [TEST_CASE][FAILED] - Test Cases/Operational_Dashboard/148: Test Cases/Operational_Dashboard/148 FAILED because (of) Unable to verify actual number '0' greater than or equal with expected number '1' (Root cause: Actual number '0' is NOT greater than or equal to expected number '1')

2019-04-24 13:39:27 - [TEST_STEP][PASSED] - callTestCase: Call Test Case 'Test Cases/Operational_Dashboard/Login' successfully

2019-04-24 13:39:28 - [TEST_CASE][PASSED] - Test Cases/Operational_Dashboard/Login: Test Cases/Operational_Dashboard/Login

2019-04-24 13:39:28 - [TEST_STEP][PASSED] - callTestCase: Call Test Case 'Test Cases/s-sidebar_navigation/individualAccount/operationalDashboard' successfully

2019-04-24 13:39:28 - [TEST_CASE][PASSED] - Test Cases/s-sidebar_navigation/individualAccount/operationalDashboard: Test Cases/s-sidebar_navigation/individualAccount/operationalDashboard

2019-04-24 13:39:28 - [TEST_STEP][PASSED] - click: Object: 'Object Repository/Page_KiboEngage  Subscribers/span_Subscribers' is clicked on

2019-04-24 13:39:28 - [MESSAGE][PASSED] - Object: 'Object Repository/Page_KiboEngage  Subscribers/span_Subscribers' is clicked on

2019-04-24 13:39:28 - [TEST_STEP][PASSED] - click: Object: 'Object Repository/Page_KiboEngage  Subscribers/span_Operational Dashboard (1)' is clicked on

2019-04-24 13:39:28 - [MESSAGE][PASSED] - Object: 'Object Repository/Page_KiboEngage  Subscribers/span_Operational Dashboard (1)' is clicked on

2019-04-24 13:39:28 - [TEST_STEP][PASSED] - scrollToPosition: Browser is scrolled to position x = 0, y = 0

2019-04-24 13:39:28 - [MESSAGE][PASSED] - Browser is scrolled to position x = 0, y = 0

2019-04-24 13:39:28 - [TEST_STEP][PASSED] - click: Object: 'Object Repository/Page_KiboEngage  Operational Dashbo/h3_Pages Info (4)' is clicked on

2019-04-24 13:39:28 - [MESSAGE][PASSED] - Object: 'Object Repository/Page_KiboEngage  Operational Dashbo/h3_Pages Info (4)' is clicked on

2019-04-24 13:39:28 - [MESSAGE][PASSED] - Call Test Case 'Test Cases/s-sidebar_navigation/individualAccount/operationalDashboard' successfully

2019-04-24 13:39:28 - [MESSAGE][PASSED] - Call Test Case 'Test Cases/Operational_Dashboard/Login' successfully

2019-04-24 13:39:28 - [TEST_STEP][PASSED] - delay: Delayed 2 second(s)

2019-04-24 13:39:30 - [MESSAGE][PASSED] - Delayed 2 second(s)

2019-04-24 13:39:30 - [TEST_STEP][PASSED] - setText: Text 'cloudkibo1' is set on object 'Object Repository/Page_KiboEngage  Operational Dashbo/input_form-control m-input m-i'

2019-04-24 13:39:31 - [MESSAGE][PASSED] - Text 'cloudkibo1' is set on object 'Object Repository/Page_KiboEngage  Operational Dashbo/input_form-control m-input m-i'

2019-04-24 13:39:31 - [TEST_STEP][PASSED] - delay: Delayed 5 second(s)

2019-04-24 13:39:36 - [MESSAGE][PASSED] - Delayed 5 second(s)

2019-04-24 13:39:36 - [TEST_STEP][PASSED] - click: Object: 'Object Repository/Page_KiboEngage  Operational Dashbo/button_See more' is clicked on

2019-04-24 13:39:37 - [MESSAGE][PASSED] - Object: 'Object Repository/Page_KiboEngage  Operational Dashbo/button_See more' is clicked on

2019-04-24 13:39:37 - [TEST_STEP][PASSED] - delay: Delayed 1 second(s)

2019-04-24 13:39:38 - [MESSAGE][PASSED] - Delayed 1 second(s)

2019-04-24 13:39:38 - [TEST_STEP][PASSED] - scrollToPosition: Browser is scrolled to position x = 0, y = 0

2019-04-24 13:39:38 - [MESSAGE][PASSED] - Browser is scrolled to position x = 0, y = 0

2019-04-24 13:39:38 - [TEST_STEP][PASSED] - delay: Delayed 5 second(s)

2019-04-24 13:39:42 - [MESSAGE][PASSED] - Delayed 5 second(s)

2019-04-24 13:39:42 - [TEST_STEP][PASSED] - Statement - driver = com.kms.katalon.core.webui.driver.DriverFactory.getWebDriver(): null

2019-04-24 13:39:42 - [TEST_STEP][PASSED] - Statement - rows_table = driver.findElements(org.openqa.selenium.By.xpath("//*[@id="content"]/div/div/div/div[2]/div[3]/div[3]/div/div/div[2]/div/div/div[2]/table/tbody/tr")): null

2019-04-24 13:39:42 - [TEST_STEP][PASSED] - Statement - rows_count = rows_table.size(): null

2019-04-24 13:39:42 - [TEST_STEP][FAILED] - verifyGreaterThanOrEqual: Unable to verify actual number '0' greater than or equal with expected number '1' (Root cause: Actual number '0' is NOT greater than or equal to expected number '1')

2019-04-24 13:39:42 - [MESSAGE][FAILED] - Unable to verify actual number '0' greater than or equal with expected number '1' (Root cause: Actual number '0' is NOT greater than or equal to expected number '1')

2019-04-24 13:39:42 - [MESSAGE][FAILED] - Unable to call Test Case with id 'Test Cases/Operational_Dashboard/148' (Root cause: Call Test Case 'Test Cases/Operational_Dashboard/148' failed)]]></system-out>
         <system-err><![CDATA[2019-04-24 13:39:27 - [TEST_CASE][FAILED] - Test Cases/Operational_Dashboard/149: Test Cases/Operational_Dashboard/149 FAILED because (of) Unable to verify actual number '0' greater than or equal with expected number '1' (Root cause: Actual number '0' is NOT greater than or equal to expected number '1')]]></system-err>
      </testcase>
      <testcase name="Test Cases/Operational_Dashboard/150" classname="Test Cases/Operational_Dashboard/150" status="PASSED">
         <system-out><![CDATA[2019-04-24 13:39:42 - [TEST_CASE][PASSED] - Test Cases/Operational_Dashboard/150: Test Cases/Operational_Dashboard/150

2019-04-24 13:39:42 - [TEST_STEP][PASSED] - callTestCase: Call Test Case 'Test Cases/Operational_Dashboard/149' successfully

2019-04-24 13:39:42 - [TEST_CASE][PASSED] - Test Cases/Operational_Dashboard/149: Test Cases/Operational_Dashboard/149

2019-04-24 13:39:42 - [TEST_STEP][PASSED] - callTestCase: Call Test Case 'Test Cases/Operational_Dashboard/148' successfully

2019-04-24 13:39:42 - [TEST_CASE][PASSED] - Test Cases/Operational_Dashboard/148: Test Cases/Operational_Dashboard/148

2019-04-24 13:39:42 - [TEST_STEP][PASSED] - callTestCase: Call Test Case 'Test Cases/Operational_Dashboard/Login' successfully

2019-04-24 13:39:43 - [TEST_CASE][PASSED] - Test Cases/Operational_Dashboard/Login: Test Cases/Operational_Dashboard/Login

2019-04-24 13:39:43 - [TEST_STEP][PASSED] - callTestCase: Call Test Case 'Test Cases/s-sidebar_navigation/individualAccount/operationalDashboard' successfully

2019-04-24 13:39:43 - [TEST_CASE][PASSED] - Test Cases/s-sidebar_navigation/individualAccount/operationalDashboard: Test Cases/s-sidebar_navigation/individualAccount/operationalDashboard

2019-04-24 13:39:43 - [TEST_STEP][PASSED] - click: Object: 'Object Repository/Page_KiboEngage  Subscribers/span_Subscribers' is clicked on

2019-04-24 13:39:43 - [MESSAGE][PASSED] - Object: 'Object Repository/Page_KiboEngage  Subscribers/span_Subscribers' is clicked on

2019-04-24 13:39:43 - [TEST_STEP][PASSED] - click: Object: 'Object Repository/Page_KiboEngage  Subscribers/span_Operational Dashboard (1)' is clicked on

2019-04-24 13:39:43 - [MESSAGE][PASSED] - Object: 'Object Repository/Page_KiboEngage  Subscribers/span_Operational Dashboard (1)' is clicked on

2019-04-24 13:39:43 - [TEST_STEP][PASSED] - scrollToPosition: Browser is scrolled to position x = 0, y = 0

2019-04-24 13:39:43 - [MESSAGE][PASSED] - Browser is scrolled to position x = 0, y = 0

2019-04-24 13:39:43 - [TEST_STEP][PASSED] - click: Object: 'Object Repository/Page_KiboEngage  Operational Dashbo/h3_Pages Info (4)' is clicked on

2019-04-24 13:39:44 - [MESSAGE][PASSED] - Object: 'Object Repository/Page_KiboEngage  Operational Dashbo/h3_Pages Info (4)' is clicked on

2019-04-24 13:39:44 - [MESSAGE][PASSED] - Call Test Case 'Test Cases/s-sidebar_navigation/individualAccount/operationalDashboard' successfully

2019-04-24 13:39:44 - [MESSAGE][PASSED] - Call Test Case 'Test Cases/Operational_Dashboard/Login' successfully

2019-04-24 13:39:44 - [TEST_STEP][PASSED] - delay: Delayed 2 second(s)

2019-04-24 13:39:46 - [MESSAGE][PASSED] - Delayed 2 second(s)

2019-04-24 13:39:46 - [TEST_STEP][PASSED] - setText: Text 'cloudkibo1' is set on object 'Object Repository/Page_KiboEngage  Operational Dashbo/input_form-control m-input m-i'

2019-04-24 13:39:46 - [MESSAGE][PASSED] - Text 'cloudkibo1' is set on object 'Object Repository/Page_KiboEngage  Operational Dashbo/input_form-control m-input m-i'

2019-04-24 13:39:46 - [TEST_STEP][PASSED] - delay: Delayed 5 second(s)

2019-04-24 13:39:51 - [MESSAGE][PASSED] - Delayed 5 second(s)

2019-04-24 13:39:51 - [TEST_STEP][PASSED] - click: Object: 'Object Repository/Page_KiboEngage  Operational Dashbo/button_See more' is clicked on

2019-04-24 13:39:52 - [MESSAGE][PASSED] - Object: 'Object Repository/Page_KiboEngage  Operational Dashbo/button_See more' is clicked on

2019-04-24 13:39:52 - [TEST_STEP][PASSED] - delay: Delayed 1 second(s)

2019-04-24 13:39:53 - [MESSAGE][PASSED] - Delayed 1 second(s)

2019-04-24 13:39:53 - [TEST_STEP][PASSED] - scrollToPosition: Browser is scrolled to position x = 0, y = 0

2019-04-24 13:39:53 - [MESSAGE][PASSED] - Browser is scrolled to position x = 0, y = 0

2019-04-24 13:39:53 - [TEST_STEP][PASSED] - delay: Delayed 5 second(s)

2019-04-24 13:39:58 - [MESSAGE][PASSED] - Delayed 5 second(s)

2019-04-24 13:39:58 - [TEST_STEP][PASSED] - Statement - driver = com.kms.katalon.core.webui.driver.DriverFactory.getWebDriver(): null

2019-04-24 13:39:58 - [TEST_STEP][PASSED] - Statement - rows_table = driver.findElements(org.openqa.selenium.By.xpath("//*[@id="content"]/div/div/div/div[2]/div[3]/div[3]/div/div/div[2]/div/div/div[2]/table/tbody/tr")): null

2019-04-24 13:39:58 - [TEST_STEP][PASSED] - Statement - rows_count = rows_table.size(): null

2019-04-24 13:39:58 - [TEST_STEP][PASSED] - verifyGreaterThanOrEqual: Actual number '10' is greater than or equal to expected number '1'

2019-04-24 13:39:58 - [MESSAGE][PASSED] - Actual number '10' is greater than or equal to expected number '1'

2019-04-24 13:39:58 - [MESSAGE][PASSED] - Call Test Case 'Test Cases/Operational_Dashboard/148' successfully

2019-04-24 13:39:58 - [TEST_STEP][PASSED] - Statement - driver = com.kms.katalon.core.webui.driver.DriverFactory.getWebDriver(): null

2019-04-24 13:39:58 - [TEST_STEP][PASSED] - Statement - next = driver.findElement(org.openqa.selenium.By.xpath("//*[@id="content"]/div/div/div/div[2]/div[3]/div[3]/div/div/div[2]/div/div/div[2]/ul/li[4]/a")): null

2019-04-24 13:39:58 - [TEST_STEP][PASSED] - Statement - next.click(): null

2019-04-24 13:39:58 - [TEST_STEP][PASSED] - delay: Delayed 5 second(s)

2019-04-24 13:40:03 - [MESSAGE][PASSED] - Delayed 5 second(s)

2019-04-24 13:40:03 - [TEST_STEP][PASSED] - Statement - rows_table = driver.findElements(org.openqa.selenium.By.xpath("//*[@id="content"]/div/div/div/div[2]/div[3]/div[3]/div/div/div[2]/div/div/div[2]/table/tbody/tr")): null

2019-04-24 13:40:03 - [TEST_STEP][PASSED] - Statement - rows_count = rows_table.size(): null

2019-04-24 13:40:03 - [TEST_STEP][PASSED] - verifyGreaterThanOrEqual: Actual number '2' is greater than or equal to expected number '1'

2019-04-24 13:40:03 - [MESSAGE][PASSED] - Actual number '2' is greater than or equal to expected number '1'

2019-04-24 13:40:03 - [MESSAGE][PASSED] - Call Test Case 'Test Cases/Operational_Dashboard/149' successfully

2019-04-24 13:40:03 - [TEST_STEP][PASSED] - scrollToPosition: Browser is scrolled to position x = 0, y = 0

2019-04-24 13:40:04 - [MESSAGE][PASSED] - Browser is scrolled to position x = 0, y = 0

2019-04-24 13:40:04 - [TEST_STEP][PASSED] - Statement - driver = com.kms.katalon.core.webui.driver.DriverFactory.getWebDriver(): null

2019-04-24 13:40:04 - [TEST_STEP][PASSED] - Statement - previous = driver.findElement(org.openqa.selenium.By.xpath("//*[@id="content"]/div/div/div/div[2]/div[3]/div[3]/div/div/div[2]/div/div/div[2]/ul/li[1]/a")): null

2019-04-24 13:40:04 - [TEST_STEP][PASSED] - Statement - previous.click(): null

2019-04-24 13:40:04 - [TEST_STEP][PASSED] - delay: Delayed 5 second(s)

2019-04-24 13:40:09 - [MESSAGE][PASSED] - Delayed 5 second(s)

2019-04-24 13:40:09 - [TEST_STEP][PASSED] - Statement - rows_table = driver.findElements(org.openqa.selenium.By.xpath("//*[@id="content"]/div/div/div/div[2]/div[3]/div[3]/div/div/div[2]/div/div/div[2]/table/tbody/tr")): null

2019-04-24 13:40:09 - [TEST_STEP][PASSED] - Statement - rows_count = rows_table.size(): null

2019-04-24 13:40:09 - [TEST_STEP][PASSED] - verifyEqual: Actual object '10' and expected object '10' are equal

2019-04-24 13:40:09 - [MESSAGE][PASSED] - Actual object '10' and expected object '10' are equal]]></system-out>
         <system-err><![CDATA[]]></system-err>
      </testcase>
      <testcase name="Test Cases/Operational_Dashboard/151" classname="Test Cases/Operational_Dashboard/151" status="PASSED">
         <system-out><![CDATA[2019-04-24 13:40:09 - [TEST_CASE][PASSED] - Test Cases/Operational_Dashboard/151: Test Cases/Operational_Dashboard/151

2019-04-24 13:40:09 - [TEST_STEP][PASSED] - callTestCase: Call Test Case 'Test Cases/Operational_Dashboard/148' successfully

2019-04-24 13:40:09 - [TEST_CASE][PASSED] - Test Cases/Operational_Dashboard/148: Test Cases/Operational_Dashboard/148

2019-04-24 13:40:09 - [TEST_STEP][PASSED] - callTestCase: Call Test Case 'Test Cases/Operational_Dashboard/Login' successfully

2019-04-24 13:40:09 - [TEST_CASE][PASSED] - Test Cases/Operational_Dashboard/Login: Test Cases/Operational_Dashboard/Login

2019-04-24 13:40:09 - [TEST_STEP][PASSED] - callTestCase: Call Test Case 'Test Cases/s-sidebar_navigation/individualAccount/operationalDashboard' successfully

2019-04-24 13:40:09 - [TEST_CASE][PASSED] - Test Cases/s-sidebar_navigation/individualAccount/operationalDashboard: Test Cases/s-sidebar_navigation/individualAccount/operationalDashboard

2019-04-24 13:40:09 - [TEST_STEP][PASSED] - click: Object: 'Object Repository/Page_KiboEngage  Subscribers/span_Subscribers' is clicked on

2019-04-24 13:40:10 - [MESSAGE][PASSED] - Object: 'Object Repository/Page_KiboEngage  Subscribers/span_Subscribers' is clicked on

2019-04-24 13:40:10 - [TEST_STEP][PASSED] - click: Object: 'Object Repository/Page_KiboEngage  Subscribers/span_Operational Dashboard (1)' is clicked on

2019-04-24 13:40:10 - [MESSAGE][PASSED] - Object: 'Object Repository/Page_KiboEngage  Subscribers/span_Operational Dashboard (1)' is clicked on

2019-04-24 13:40:10 - [TEST_STEP][PASSED] - scrollToPosition: Browser is scrolled to position x = 0, y = 0

2019-04-24 13:40:10 - [MESSAGE][PASSED] - Browser is scrolled to position x = 0, y = 0

2019-04-24 13:40:10 - [TEST_STEP][PASSED] - click: Object: 'Object Repository/Page_KiboEngage  Operational Dashbo/h3_Pages Info (4)' is clicked on

2019-04-24 13:40:10 - [MESSAGE][PASSED] - Object: 'Object Repository/Page_KiboEngage  Operational Dashbo/h3_Pages Info (4)' is clicked on

2019-04-24 13:40:10 - [MESSAGE][PASSED] - Call Test Case 'Test Cases/s-sidebar_navigation/individualAccount/operationalDashboard' successfully

2019-04-24 13:40:10 - [MESSAGE][PASSED] - Call Test Case 'Test Cases/Operational_Dashboard/Login' successfully

2019-04-24 13:40:10 - [TEST_STEP][PASSED] - delay: Delayed 2 second(s)

2019-04-24 13:40:12 - [MESSAGE][PASSED] - Delayed 2 second(s)

2019-04-24 13:40:12 - [TEST_STEP][PASSED] - setText: Text 'cloudkibo1' is set on object 'Object Repository/Page_KiboEngage  Operational Dashbo/input_form-control m-input m-i'

2019-04-24 13:40:13 - [MESSAGE][PASSED] - Text 'cloudkibo1' is set on object 'Object Repository/Page_KiboEngage  Operational Dashbo/input_form-control m-input m-i'

2019-04-24 13:40:13 - [TEST_STEP][PASSED] - delay: Delayed 5 second(s)

2019-04-24 13:40:18 - [MESSAGE][PASSED] - Delayed 5 second(s)

2019-04-24 13:40:18 - [TEST_STEP][PASSED] - click: Object: 'Object Repository/Page_KiboEngage  Operational Dashbo/button_See more' is clicked on

2019-04-24 13:40:18 - [MESSAGE][PASSED] - Object: 'Object Repository/Page_KiboEngage  Operational Dashbo/button_See more' is clicked on

2019-04-24 13:40:18 - [TEST_STEP][PASSED] - delay: Delayed 1 second(s)

2019-04-24 13:40:19 - [MESSAGE][PASSED] - Delayed 1 second(s)

2019-04-24 13:40:19 - [TEST_STEP][PASSED] - scrollToPosition: Browser is scrolled to position x = 0, y = 0

2019-04-24 13:40:19 - [MESSAGE][PASSED] - Browser is scrolled to position x = 0, y = 0

2019-04-24 13:40:20 - [TEST_STEP][PASSED] - delay: Delayed 5 second(s)

2019-04-24 13:40:25 - [MESSAGE][PASSED] - Delayed 5 second(s)

2019-04-24 13:40:25 - [TEST_STEP][PASSED] - Statement - driver = com.kms.katalon.core.webui.driver.DriverFactory.getWebDriver(): null

2019-04-24 13:40:25 - [TEST_STEP][PASSED] - Statement - rows_table = driver.findElements(org.openqa.selenium.By.xpath("//*[@id="content"]/div/div/div/div[2]/div[3]/div[3]/div/div/div[2]/div/div/div[2]/table/tbody/tr")): null

2019-04-24 13:40:25 - [TEST_STEP][PASSED] - Statement - rows_count = rows_table.size(): null

2019-04-24 13:40:25 - [TEST_STEP][PASSED] - verifyGreaterThanOrEqual: Actual number '10' is greater than or equal to expected number '1'

2019-04-24 13:40:25 - [MESSAGE][PASSED] - Actual number '10' is greater than or equal to expected number '1'

2019-04-24 13:40:25 - [MESSAGE][PASSED] - Call Test Case 'Test Cases/Operational_Dashboard/148' successfully

2019-04-24 13:40:25 - [TEST_STEP][PASSED] - Statement - driver = com.kms.katalon.core.webui.driver.DriverFactory.getWebDriver(): null

2019-04-24 13:40:25 - [TEST_STEP][PASSED] - Statement - next = driver.findElement(org.openqa.selenium.By.xpath("//*[@id="content"]/div/div/div/div[2]/div[3]/div[3]/div/div/div[2]/div/div/div[2]/ul/li[3]/a")): null

2019-04-24 13:40:25 - [TEST_STEP][PASSED] - Statement - next.click(): null

2019-04-24 13:40:25 - [TEST_STEP][PASSED] - delay: Delayed 5 second(s)

2019-04-24 13:40:30 - [MESSAGE][PASSED] - Delayed 5 second(s)

2019-04-24 13:40:30 - [TEST_STEP][PASSED] - Statement - rows_table = driver.findElements(org.openqa.selenium.By.xpath("//*[@id="content"]/div/div/div/div[2]/div[3]/div[3]/div/div/div[2]/div/div/div[2]/table/tbody/tr")): null

2019-04-24 13:40:30 - [TEST_STEP][PASSED] - Statement - rows_count = rows_table.size(): null

2019-04-24 13:40:30 - [TEST_STEP][PASSED] - verifyGreaterThanOrEqual: Actual number '2' is greater than or equal to expected number '1'

2019-04-24 13:40:30 - [MESSAGE][PASSED] - Actual number '2' is greater than or equal to expected number '1']]></system-out>
         <system-err><![CDATA[]]></system-err>
      </testcase>
      <testcase name="Test Cases/Operational_Dashboard/152" classname="Test Cases/Operational_Dashboard/152" status="PASSED">
         <system-out><![CDATA[2019-04-24 13:40:30 - [TEST_CASE][PASSED] - Test Cases/Operational_Dashboard/152: Test Cases/Operational_Dashboard/152

2019-04-24 13:40:30 - [TEST_STEP][PASSED] - callTestCase: Call Test Case 'Test Cases/Operational_Dashboard/148' successfully

2019-04-24 13:40:30 - [TEST_CASE][PASSED] - Test Cases/Operational_Dashboard/148: Test Cases/Operational_Dashboard/148

2019-04-24 13:40:30 - [TEST_STEP][PASSED] - callTestCase: Call Test Case 'Test Cases/Operational_Dashboard/Login' successfully

2019-04-24 13:40:30 - [TEST_CASE][PASSED] - Test Cases/Operational_Dashboard/Login: Test Cases/Operational_Dashboard/Login

2019-04-24 13:40:30 - [TEST_STEP][PASSED] - callTestCase: Call Test Case 'Test Cases/s-sidebar_navigation/individualAccount/operationalDashboard' successfully

2019-04-24 13:40:30 - [TEST_CASE][PASSED] - Test Cases/s-sidebar_navigation/individualAccount/operationalDashboard: Test Cases/s-sidebar_navigation/individualAccount/operationalDashboard

2019-04-24 13:40:30 - [TEST_STEP][PASSED] - click: Object: 'Object Repository/Page_KiboEngage  Subscribers/span_Subscribers' is clicked on

2019-04-24 13:40:30 - [MESSAGE][PASSED] - Object: 'Object Repository/Page_KiboEngage  Subscribers/span_Subscribers' is clicked on

2019-04-24 13:40:30 - [TEST_STEP][PASSED] - click: Object: 'Object Repository/Page_KiboEngage  Subscribers/span_Operational Dashboard (1)' is clicked on

2019-04-24 13:40:31 - [MESSAGE][PASSED] - Object: 'Object Repository/Page_KiboEngage  Subscribers/span_Operational Dashboard (1)' is clicked on

2019-04-24 13:40:31 - [TEST_STEP][PASSED] - scrollToPosition: Browser is scrolled to position x = 0, y = 0

2019-04-24 13:40:31 - [MESSAGE][PASSED] - Browser is scrolled to position x = 0, y = 0

2019-04-24 13:40:31 - [TEST_STEP][PASSED] - click: Object: 'Object Repository/Page_KiboEngage  Operational Dashbo/h3_Pages Info (4)' is clicked on

2019-04-24 13:40:31 - [MESSAGE][PASSED] - Object: 'Object Repository/Page_KiboEngage  Operational Dashbo/h3_Pages Info (4)' is clicked on

2019-04-24 13:40:31 - [MESSAGE][PASSED] - Call Test Case 'Test Cases/s-sidebar_navigation/individualAccount/operationalDashboard' successfully

2019-04-24 13:40:31 - [MESSAGE][PASSED] - Call Test Case 'Test Cases/Operational_Dashboard/Login' successfully

2019-04-24 13:40:31 - [TEST_STEP][PASSED] - delay: Delayed 2 second(s)

2019-04-24 13:40:33 - [MESSAGE][PASSED] - Delayed 2 second(s)

2019-04-24 13:40:33 - [TEST_STEP][PASSED] - setText: Text 'cloudkibo1' is set on object 'Object Repository/Page_KiboEngage  Operational Dashbo/input_form-control m-input m-i'

2019-04-24 13:40:34 - [MESSAGE][PASSED] - Text 'cloudkibo1' is set on object 'Object Repository/Page_KiboEngage  Operational Dashbo/input_form-control m-input m-i'

2019-04-24 13:40:34 - [TEST_STEP][PASSED] - delay: Delayed 5 second(s)

2019-04-24 13:40:39 - [MESSAGE][PASSED] - Delayed 5 second(s)

2019-04-24 13:40:39 - [TEST_STEP][PASSED] - click: Object: 'Object Repository/Page_KiboEngage  Operational Dashbo/button_See more' is clicked on

2019-04-24 13:40:39 - [MESSAGE][PASSED] - Object: 'Object Repository/Page_KiboEngage  Operational Dashbo/button_See more' is clicked on

2019-04-24 13:40:39 - [TEST_STEP][PASSED] - delay: Delayed 1 second(s)

2019-04-24 13:40:40 - [MESSAGE][PASSED] - Delayed 1 second(s)

2019-04-24 13:40:40 - [TEST_STEP][PASSED] - scrollToPosition: Browser is scrolled to position x = 0, y = 0

2019-04-24 13:40:40 - [MESSAGE][PASSED] - Browser is scrolled to position x = 0, y = 0

2019-04-24 13:40:40 - [TEST_STEP][PASSED] - delay: Delayed 5 second(s)

2019-04-24 13:40:45 - [MESSAGE][PASSED] - Delayed 5 second(s)

2019-04-24 13:40:45 - [TEST_STEP][PASSED] - Statement - driver = com.kms.katalon.core.webui.driver.DriverFactory.getWebDriver(): null

2019-04-24 13:40:45 - [TEST_STEP][PASSED] - Statement - rows_table = driver.findElements(org.openqa.selenium.By.xpath("//*[@id="content"]/div/div/div/div[2]/div[3]/div[3]/div/div/div[2]/div/div/div[2]/table/tbody/tr")): null

2019-04-24 13:40:45 - [TEST_STEP][PASSED] - Statement - rows_count = rows_table.size(): null

2019-04-24 13:40:45 - [TEST_STEP][PASSED] - verifyGreaterThanOrEqual: Actual number '10' is greater than or equal to expected number '1'

2019-04-24 13:40:45 - [MESSAGE][PASSED] - Actual number '10' is greater than or equal to expected number '1'

2019-04-24 13:40:45 - [MESSAGE][PASSED] - Call Test Case 'Test Cases/Operational_Dashboard/148' successfully

2019-04-24 13:40:45 - [TEST_STEP][PASSED] - Statement - driver = com.kms.katalon.core.webui.driver.DriverFactory.getWebDriver(): null

2019-04-24 13:40:45 - [TEST_STEP][PASSED] - Statement - input_search_page = driver.findElement(org.openqa.selenium.By.xpath("//*[@id="content"]/div/div/div/div[2]/div[3]/div[3]/div/div/div[2]/div/div/div[1]/div[1]/input")): null

2019-04-24 13:40:45 - [TEST_STEP][PASSED] - Statement - input_search_page.sendKeys("2"): null

2019-04-24 13:40:45 - [TEST_STEP][PASSED] - delay: Delayed 5 second(s)

2019-04-24 13:40:50 - [MESSAGE][PASSED] - Delayed 5 second(s)

2019-04-24 13:40:50 - [TEST_STEP][PASSED] - Statement - rows_table = driver.findElements(org.openqa.selenium.By.xpath("//*[@id="content"]/div/div/div/div[2]/div[3]/div[3]/div/div/div[2]/div/div/div[2]/table/tbody/tr")): null

2019-04-24 13:40:50 - [TEST_STEP][PASSED] - Statement - rows_count = rows_table.size(): null

2019-04-24 13:40:50 - [TEST_STEP][PASSED] - verifyGreaterThanOrEqual: Actual number '4' is greater than or equal to expected number '1'

2019-04-24 13:40:50 - [MESSAGE][PASSED] - Actual number '4' is greater than or equal to expected number '1']]></system-out>
         <system-err><![CDATA[]]></system-err>
      </testcase>
      <testcase name="Test Cases/Operational_Dashboard/157" classname="Test Cases/Operational_Dashboard/157" status="PASSED">
         <system-out><![CDATA[2019-04-24 13:40:50 - [TEST_CASE][PASSED] - Test Cases/Operational_Dashboard/157: Test Cases/Operational_Dashboard/157

2019-04-24 13:40:51 - [TEST_STEP][PASSED] - callTestCase: Call Test Case 'Test Cases/Operational_Dashboard/Login' successfully

2019-04-24 13:40:51 - [TEST_CASE][PASSED] - Test Cases/Operational_Dashboard/Login: Test Cases/Operational_Dashboard/Login

2019-04-24 13:40:51 - [TEST_STEP][PASSED] - callTestCase: Call Test Case 'Test Cases/s-sidebar_navigation/individualAccount/operationalDashboard' successfully

2019-04-24 13:40:51 - [TEST_CASE][PASSED] - Test Cases/s-sidebar_navigation/individualAccount/operationalDashboard: Test Cases/s-sidebar_navigation/individualAccount/operationalDashboard

2019-04-24 13:40:51 - [TEST_STEP][PASSED] - click: Object: 'Object Repository/Page_KiboEngage  Subscribers/span_Subscribers' is clicked on

2019-04-24 13:40:51 - [MESSAGE][PASSED] - Object: 'Object Repository/Page_KiboEngage  Subscribers/span_Subscribers' is clicked on

2019-04-24 13:40:51 - [TEST_STEP][PASSED] - click: Object: 'Object Repository/Page_KiboEngage  Subscribers/span_Operational Dashboard (1)' is clicked on

2019-04-24 13:40:51 - [MESSAGE][PASSED] - Object: 'Object Repository/Page_KiboEngage  Subscribers/span_Operational Dashboard (1)' is clicked on

2019-04-24 13:40:51 - [TEST_STEP][PASSED] - scrollToPosition: Browser is scrolled to position x = 0, y = 0

2019-04-24 13:40:51 - [MESSAGE][PASSED] - Browser is scrolled to position x = 0, y = 0

2019-04-24 13:40:51 - [TEST_STEP][PASSED] - click: Object: 'Object Repository/Page_KiboEngage  Operational Dashbo/h3_Pages Info (4)' is clicked on

2019-04-24 13:40:52 - [MESSAGE][PASSED] - Object: 'Object Repository/Page_KiboEngage  Operational Dashbo/h3_Pages Info (4)' is clicked on

2019-04-24 13:40:52 - [MESSAGE][PASSED] - Call Test Case 'Test Cases/s-sidebar_navigation/individualAccount/operationalDashboard' successfully

2019-04-24 13:40:52 - [MESSAGE][PASSED] - Call Test Case 'Test Cases/Operational_Dashboard/Login' successfully

2019-04-24 13:40:52 - [TEST_STEP][PASSED] - delay: Delayed 2 second(s)

2019-04-24 13:40:54 - [MESSAGE][PASSED] - Delayed 2 second(s)

2019-04-24 13:40:54 - [TEST_STEP][PASSED] - setText: Text 'cloudkibo1' is set on object 'Object Repository/Page_KiboEngage  Operational Dashbo/input_form-control m-input m-i'

2019-04-24 13:40:54 - [MESSAGE][PASSED] - Text 'cloudkibo1' is set on object 'Object Repository/Page_KiboEngage  Operational Dashbo/input_form-control m-input m-i'

2019-04-24 13:40:54 - [TEST_STEP][PASSED] - delay: Delayed 5 second(s)

2019-04-24 13:40:59 - [MESSAGE][PASSED] - Delayed 5 second(s)

2019-04-24 13:40:59 - [TEST_STEP][PASSED] - click: Object: 'Object Repository/Page_KiboEngage  Operational Dashbo/button_See more' is clicked on

2019-04-24 13:41:00 - [MESSAGE][PASSED] - Object: 'Object Repository/Page_KiboEngage  Operational Dashbo/button_See more' is clicked on

2019-04-24 13:41:00 - [TEST_STEP][PASSED] - delay: Delayed 1 second(s)

2019-04-24 13:41:01 - [MESSAGE][PASSED] - Delayed 1 second(s)

2019-04-24 13:41:01 - [TEST_STEP][PASSED] - scrollToPosition: Browser is scrolled to position x = 0, y = 0

2019-04-24 13:41:01 - [MESSAGE][PASSED] - Browser is scrolled to position x = 0, y = 0

2019-04-24 13:41:01 - [TEST_STEP][PASSED] - delay: Delayed 5 second(s)

2019-04-24 13:41:06 - [MESSAGE][PASSED] - Delayed 5 second(s)

2019-04-24 13:41:06 - [TEST_STEP][PASSED] - Statement - driver = com.kms.katalon.core.webui.driver.DriverFactory.getWebDriver(): null

2019-04-24 13:41:06 - [TEST_STEP][PASSED] - Statement - rows_table = driver.findElements(org.openqa.selenium.By.xpath("//*[@id="content"]/div/div/div/div[2]/div[3]/div[4]/div/div/div[2]/div/div/div[2]/table/tbody/tr")): null

2019-04-24 13:41:06 - [TEST_STEP][PASSED] - Statement - rows_count = rows_table.size(): null

2019-04-24 13:41:06 - [TEST_STEP][PASSED] - verifyGreaterThanOrEqual: Actual number '10' is greater than or equal to expected number '1'

2019-04-24 13:41:06 - [MESSAGE][PASSED] - Actual number '10' is greater than or equal to expected number '1']]></system-out>
         <system-err><![CDATA[]]></system-err>
      </testcase>
      <testcase name="Test Cases/Operational_Dashboard/158" classname="Test Cases/Operational_Dashboard/158" status="PASSED">
         <system-out><![CDATA[2019-04-24 13:41:06 - [TEST_CASE][PASSED] - Test Cases/Operational_Dashboard/158: Test Cases/Operational_Dashboard/158

2019-04-24 13:41:06 - [TEST_STEP][PASSED] - callTestCase: Call Test Case 'Test Cases/Operational_Dashboard/157' successfully

2019-04-24 13:41:06 - [TEST_CASE][PASSED] - Test Cases/Operational_Dashboard/157: Test Cases/Operational_Dashboard/157

2019-04-24 13:41:06 - [TEST_STEP][PASSED] - callTestCase: Call Test Case 'Test Cases/Operational_Dashboard/Login' successfully

2019-04-24 13:41:06 - [TEST_CASE][PASSED] - Test Cases/Operational_Dashboard/Login: Test Cases/Operational_Dashboard/Login

2019-04-24 13:41:06 - [TEST_STEP][PASSED] - callTestCase: Call Test Case 'Test Cases/s-sidebar_navigation/individualAccount/operationalDashboard' successfully

2019-04-24 13:41:06 - [TEST_CASE][PASSED] - Test Cases/s-sidebar_navigation/individualAccount/operationalDashboard: Test Cases/s-sidebar_navigation/individualAccount/operationalDashboard

2019-04-24 13:41:06 - [TEST_STEP][PASSED] - click: Object: 'Object Repository/Page_KiboEngage  Subscribers/span_Subscribers' is clicked on

2019-04-24 13:41:06 - [MESSAGE][PASSED] - Object: 'Object Repository/Page_KiboEngage  Subscribers/span_Subscribers' is clicked on

2019-04-24 13:41:06 - [TEST_STEP][PASSED] - click: Object: 'Object Repository/Page_KiboEngage  Subscribers/span_Operational Dashboard (1)' is clicked on

2019-04-24 13:41:07 - [MESSAGE][PASSED] - Object: 'Object Repository/Page_KiboEngage  Subscribers/span_Operational Dashboard (1)' is clicked on

2019-04-24 13:41:07 - [TEST_STEP][PASSED] - scrollToPosition: Browser is scrolled to position x = 0, y = 0

2019-04-24 13:41:07 - [MESSAGE][PASSED] - Browser is scrolled to position x = 0, y = 0

2019-04-24 13:41:07 - [TEST_STEP][PASSED] - click: Object: 'Object Repository/Page_KiboEngage  Operational Dashbo/h3_Pages Info (4)' is clicked on

2019-04-24 13:41:07 - [MESSAGE][PASSED] - Object: 'Object Repository/Page_KiboEngage  Operational Dashbo/h3_Pages Info (4)' is clicked on

2019-04-24 13:41:07 - [MESSAGE][PASSED] - Call Test Case 'Test Cases/s-sidebar_navigation/individualAccount/operationalDashboard' successfully

2019-04-24 13:41:07 - [MESSAGE][PASSED] - Call Test Case 'Test Cases/Operational_Dashboard/Login' successfully

2019-04-24 13:41:07 - [TEST_STEP][PASSED] - delay: Delayed 2 second(s)

2019-04-24 13:41:09 - [MESSAGE][PASSED] - Delayed 2 second(s)

2019-04-24 13:41:09 - [TEST_STEP][PASSED] - setText: Text 'cloudkibo1' is set on object 'Object Repository/Page_KiboEngage  Operational Dashbo/input_form-control m-input m-i'

2019-04-24 13:41:09 - [MESSAGE][PASSED] - Text 'cloudkibo1' is set on object 'Object Repository/Page_KiboEngage  Operational Dashbo/input_form-control m-input m-i'

2019-04-24 13:41:09 - [TEST_STEP][PASSED] - delay: Delayed 5 second(s)

2019-04-24 13:41:14 - [MESSAGE][PASSED] - Delayed 5 second(s)

2019-04-24 13:41:14 - [TEST_STEP][PASSED] - click: Object: 'Object Repository/Page_KiboEngage  Operational Dashbo/button_See more' is clicked on

2019-04-24 13:41:15 - [MESSAGE][PASSED] - Object: 'Object Repository/Page_KiboEngage  Operational Dashbo/button_See more' is clicked on

2019-04-24 13:41:15 - [TEST_STEP][PASSED] - delay: Delayed 1 second(s)

2019-04-24 13:41:16 - [MESSAGE][PASSED] - Delayed 1 second(s)

2019-04-24 13:41:16 - [TEST_STEP][PASSED] - scrollToPosition: Browser is scrolled to position x = 0, y = 0

2019-04-24 13:41:16 - [MESSAGE][PASSED] - Browser is scrolled to position x = 0, y = 0

2019-04-24 13:41:16 - [TEST_STEP][PASSED] - delay: Delayed 5 second(s)

2019-04-24 13:41:21 - [MESSAGE][PASSED] - Delayed 5 second(s)

2019-04-24 13:41:21 - [TEST_STEP][PASSED] - Statement - driver = com.kms.katalon.core.webui.driver.DriverFactory.getWebDriver(): null

2019-04-24 13:41:21 - [TEST_STEP][PASSED] - Statement - rows_table = driver.findElements(org.openqa.selenium.By.xpath("//*[@id="content"]/div/div/div/div[2]/div[3]/div[4]/div/div/div[2]/div/div/div[2]/table/tbody/tr")): null

2019-04-24 13:41:21 - [TEST_STEP][PASSED] - Statement - rows_count = rows_table.size(): null

2019-04-24 13:41:21 - [TEST_STEP][PASSED] - verifyGreaterThanOrEqual: Actual number '10' is greater than or equal to expected number '1'

2019-04-24 13:41:21 - [MESSAGE][PASSED] - Actual number '10' is greater than or equal to expected number '1'

2019-04-24 13:41:21 - [MESSAGE][PASSED] - Call Test Case 'Test Cases/Operational_Dashboard/157' successfully

2019-04-24 13:41:21 - [TEST_STEP][PASSED] - Statement - driver = com.kms.katalon.core.webui.driver.DriverFactory.getWebDriver(): null

2019-04-24 13:41:21 - [TEST_STEP][PASSED] - Statement - next = driver.findElement(org.openqa.selenium.By.xpath("//*[@id="content"]/div/div/div/div[2]/div[3]/div[4]/div/div/div[2]/div/div/div[2]/ul/li[4]/a")): null

2019-04-24 13:41:21 - [TEST_STEP][PASSED] - Statement - next.click(): null

2019-04-24 13:41:21 - [TEST_STEP][PASSED] - delay: Delayed 5 second(s)

2019-04-24 13:41:26 - [MESSAGE][PASSED] - Delayed 5 second(s)

2019-04-24 13:41:26 - [TEST_STEP][PASSED] - Statement - rows_table = driver.findElements(org.openqa.selenium.By.xpath("//*[@id="content"]/div/div/div/div[2]/div[3]/div[4]/div/div/div[2]/div/div/div[2]/table/tbody/tr")): null

2019-04-24 13:41:26 - [TEST_STEP][PASSED] - Statement - rows_count = rows_table.size(): null

2019-04-24 13:41:26 - [TEST_STEP][PASSED] - verifyGreaterThanOrEqual: Actual number '6' is greater than or equal to expected number '1'

2019-04-24 13:41:26 - [MESSAGE][PASSED] - Actual number '6' is greater than or equal to expected number '1']]></system-out>
         <system-err><![CDATA[]]></system-err>
      </testcase>
      <testcase name="Test Cases/Operational_Dashboard/159" classname="Test Cases/Operational_Dashboard/159" status="PASSED">
         <system-out><![CDATA[2019-04-24 13:41:26 - [TEST_CASE][PASSED] - Test Cases/Operational_Dashboard/159: Test Cases/Operational_Dashboard/159

2019-04-24 13:41:26 - [TEST_STEP][PASSED] - callTestCase: Call Test Case 'Test Cases/Operational_Dashboard/158' successfully

2019-04-24 13:41:26 - [TEST_CASE][PASSED] - Test Cases/Operational_Dashboard/158: Test Cases/Operational_Dashboard/158

2019-04-24 13:41:26 - [TEST_STEP][PASSED] - callTestCase: Call Test Case 'Test Cases/Operational_Dashboard/157' successfully

2019-04-24 13:41:26 - [TEST_CASE][PASSED] - Test Cases/Operational_Dashboard/157: Test Cases/Operational_Dashboard/157

2019-04-24 13:41:26 - [TEST_STEP][PASSED] - callTestCase: Call Test Case 'Test Cases/Operational_Dashboard/Login' successfully

2019-04-24 13:41:26 - [TEST_CASE][PASSED] - Test Cases/Operational_Dashboard/Login: Test Cases/Operational_Dashboard/Login

2019-04-24 13:41:26 - [TEST_STEP][PASSED] - callTestCase: Call Test Case 'Test Cases/s-sidebar_navigation/individualAccount/operationalDashboard' successfully

2019-04-24 13:41:26 - [TEST_CASE][PASSED] - Test Cases/s-sidebar_navigation/individualAccount/operationalDashboard: Test Cases/s-sidebar_navigation/individualAccount/operationalDashboard

2019-04-24 13:41:26 - [TEST_STEP][PASSED] - click: Object: 'Object Repository/Page_KiboEngage  Subscribers/span_Subscribers' is clicked on

2019-04-24 13:41:27 - [MESSAGE][PASSED] - Object: 'Object Repository/Page_KiboEngage  Subscribers/span_Subscribers' is clicked on

2019-04-24 13:41:27 - [TEST_STEP][PASSED] - click: Object: 'Object Repository/Page_KiboEngage  Subscribers/span_Operational Dashboard (1)' is clicked on

2019-04-24 13:41:27 - [MESSAGE][PASSED] - Object: 'Object Repository/Page_KiboEngage  Subscribers/span_Operational Dashboard (1)' is clicked on

2019-04-24 13:41:27 - [TEST_STEP][PASSED] - scrollToPosition: Browser is scrolled to position x = 0, y = 0

2019-04-24 13:41:27 - [MESSAGE][PASSED] - Browser is scrolled to position x = 0, y = 0

2019-04-24 13:41:27 - [TEST_STEP][PASSED] - click: Object: 'Object Repository/Page_KiboEngage  Operational Dashbo/h3_Pages Info (4)' is clicked on

2019-04-24 13:41:27 - [MESSAGE][PASSED] - Object: 'Object Repository/Page_KiboEngage  Operational Dashbo/h3_Pages Info (4)' is clicked on

2019-04-24 13:41:27 - [MESSAGE][PASSED] - Call Test Case 'Test Cases/s-sidebar_navigation/individualAccount/operationalDashboard' successfully

2019-04-24 13:41:27 - [MESSAGE][PASSED] - Call Test Case 'Test Cases/Operational_Dashboard/Login' successfully

2019-04-24 13:41:27 - [TEST_STEP][PASSED] - delay: Delayed 2 second(s)

2019-04-24 13:41:29 - [MESSAGE][PASSED] - Delayed 2 second(s)

2019-04-24 13:41:29 - [TEST_STEP][PASSED] - setText: Text 'cloudkibo1' is set on object 'Object Repository/Page_KiboEngage  Operational Dashbo/input_form-control m-input m-i'

2019-04-24 13:41:31 - [MESSAGE][PASSED] - Text 'cloudkibo1' is set on object 'Object Repository/Page_KiboEngage  Operational Dashbo/input_form-control m-input m-i'

2019-04-24 13:41:31 - [TEST_STEP][PASSED] - delay: Delayed 5 second(s)

2019-04-24 13:41:36 - [MESSAGE][PASSED] - Delayed 5 second(s)

2019-04-24 13:41:36 - [TEST_STEP][PASSED] - click: Object: 'Object Repository/Page_KiboEngage  Operational Dashbo/button_See more' is clicked on

2019-04-24 13:41:36 - [MESSAGE][PASSED] - Object: 'Object Repository/Page_KiboEngage  Operational Dashbo/button_See more' is clicked on

2019-04-24 13:41:36 - [TEST_STEP][PASSED] - delay: Delayed 1 second(s)

2019-04-24 13:41:37 - [MESSAGE][PASSED] - Delayed 1 second(s)

2019-04-24 13:41:37 - [TEST_STEP][PASSED] - scrollToPosition: Browser is scrolled to position x = 0, y = 0

2019-04-24 13:41:37 - [MESSAGE][PASSED] - Browser is scrolled to position x = 0, y = 0

2019-04-24 13:41:37 - [TEST_STEP][PASSED] - delay: Delayed 5 second(s)

2019-04-24 13:41:42 - [MESSAGE][PASSED] - Delayed 5 second(s)

2019-04-24 13:41:42 - [TEST_STEP][PASSED] - Statement - driver = com.kms.katalon.core.webui.driver.DriverFactory.getWebDriver(): null

2019-04-24 13:41:42 - [TEST_STEP][PASSED] - Statement - rows_table = driver.findElements(org.openqa.selenium.By.xpath("//*[@id="content"]/div/div/div/div[2]/div[3]/div[4]/div/div/div[2]/div/div/div[2]/table/tbody/tr")): null

2019-04-24 13:41:42 - [TEST_STEP][PASSED] - Statement - rows_count = rows_table.size(): null

2019-04-24 13:41:42 - [TEST_STEP][PASSED] - verifyGreaterThanOrEqual: Actual number '10' is greater than or equal to expected number '1'

2019-04-24 13:41:42 - [MESSAGE][PASSED] - Actual number '10' is greater than or equal to expected number '1'

2019-04-24 13:41:42 - [MESSAGE][PASSED] - Call Test Case 'Test Cases/Operational_Dashboard/157' successfully

2019-04-24 13:41:42 - [TEST_STEP][PASSED] - Statement - driver = com.kms.katalon.core.webui.driver.DriverFactory.getWebDriver(): null

2019-04-24 13:41:42 - [TEST_STEP][PASSED] - Statement - next = driver.findElement(org.openqa.selenium.By.xpath("//*[@id="content"]/div/div/div/div[2]/div[3]/div[4]/div/div/div[2]/div/div/div[2]/ul/li[4]/a")): null

2019-04-24 13:41:42 - [TEST_STEP][PASSED] - Statement - next.click(): null

2019-04-24 13:41:42 - [TEST_STEP][PASSED] - delay: Delayed 5 second(s)

2019-04-24 13:41:47 - [MESSAGE][PASSED] - Delayed 5 second(s)

2019-04-24 13:41:47 - [TEST_STEP][PASSED] - Statement - rows_table = driver.findElements(org.openqa.selenium.By.xpath("//*[@id="content"]/div/div/div/div[2]/div[3]/div[4]/div/div/div[2]/div/div/div[2]/table/tbody/tr")): null

2019-04-24 13:41:47 - [TEST_STEP][PASSED] - Statement - rows_count = rows_table.size(): null

2019-04-24 13:41:47 - [TEST_STEP][PASSED] - verifyGreaterThanOrEqual: Actual number '6' is greater than or equal to expected number '1'

2019-04-24 13:41:47 - [MESSAGE][PASSED] - Actual number '6' is greater than or equal to expected number '1'

2019-04-24 13:41:47 - [MESSAGE][PASSED] - Call Test Case 'Test Cases/Operational_Dashboard/158' successfully

2019-04-24 13:41:47 - [TEST_STEP][PASSED] - Statement - driver = com.kms.katalon.core.webui.driver.DriverFactory.getWebDriver(): null

2019-04-24 13:41:47 - [TEST_STEP][PASSED] - Statement - previous = driver.findElement(org.openqa.selenium.By.xpath("//*[@id="content"]/div/div/div/div[2]/div[3]/div[4]/div/div/div[2]/div/div/div[2]/ul/li[1]/a")): null

2019-04-24 13:41:47 - [TEST_STEP][PASSED] - Statement - previous.click(): null

2019-04-24 13:41:47 - [TEST_STEP][PASSED] - delay: Delayed 5 second(s)

2019-04-24 13:41:52 - [MESSAGE][PASSED] - Delayed 5 second(s)

2019-04-24 13:41:52 - [TEST_STEP][PASSED] - Statement - rows_table = driver.findElements(org.openqa.selenium.By.xpath("//*[@id="content"]/div/div/div/div[2]/div[3]/div[4]/div/div/div[2]/div/div/div[2]/table/tbody/tr")): null

2019-04-24 13:41:52 - [TEST_STEP][PASSED] - Statement - rows_count = rows_table.size(): null

2019-04-24 13:41:52 - [TEST_STEP][PASSED] - verifyEqual: Actual object '10' and expected object '10' are equal

2019-04-24 13:41:52 - [MESSAGE][PASSED] - Actual object '10' and expected object '10' are equal]]></system-out>
         <system-err><![CDATA[]]></system-err>
      </testcase>
      <testcase name="Test Cases/Operational_Dashboard/160" classname="Test Cases/Operational_Dashboard/160" status="PASSED">
         <system-out><![CDATA[2019-04-24 13:41:52 - [TEST_CASE][PASSED] - Test Cases/Operational_Dashboard/160: Test Cases/Operational_Dashboard/160

2019-04-24 13:41:52 - [TEST_STEP][PASSED] - callTestCase: Call Test Case 'Test Cases/Operational_Dashboard/157' successfully

2019-04-24 13:41:52 - [TEST_CASE][PASSED] - Test Cases/Operational_Dashboard/157: Test Cases/Operational_Dashboard/157

2019-04-24 13:41:53 - [TEST_STEP][PASSED] - callTestCase: Call Test Case 'Test Cases/Operational_Dashboard/Login' successfully

2019-04-24 13:41:53 - [TEST_CASE][PASSED] - Test Cases/Operational_Dashboard/Login: Test Cases/Operational_Dashboard/Login

2019-04-24 13:41:53 - [TEST_STEP][PASSED] - callTestCase: Call Test Case 'Test Cases/s-sidebar_navigation/individualAccount/operationalDashboard' successfully

2019-04-24 13:41:53 - [TEST_CASE][PASSED] - Test Cases/s-sidebar_navigation/individualAccount/operationalDashboard: Test Cases/s-sidebar_navigation/individualAccount/operationalDashboard

2019-04-24 13:41:53 - [TEST_STEP][PASSED] - click: Object: 'Object Repository/Page_KiboEngage  Subscribers/span_Subscribers' is clicked on

2019-04-24 13:41:53 - [MESSAGE][PASSED] - Object: 'Object Repository/Page_KiboEngage  Subscribers/span_Subscribers' is clicked on

2019-04-24 13:41:53 - [TEST_STEP][PASSED] - click: Object: 'Object Repository/Page_KiboEngage  Subscribers/span_Operational Dashboard (1)' is clicked on

2019-04-24 13:41:54 - [MESSAGE][PASSED] - Object: 'Object Repository/Page_KiboEngage  Subscribers/span_Operational Dashboard (1)' is clicked on

2019-04-24 13:41:54 - [TEST_STEP][PASSED] - scrollToPosition: Browser is scrolled to position x = 0, y = 0

2019-04-24 13:41:54 - [MESSAGE][PASSED] - Browser is scrolled to position x = 0, y = 0

2019-04-24 13:41:54 - [TEST_STEP][PASSED] - click: Object: 'Object Repository/Page_KiboEngage  Operational Dashbo/h3_Pages Info (4)' is clicked on

2019-04-24 13:41:54 - [MESSAGE][PASSED] - Object: 'Object Repository/Page_KiboEngage  Operational Dashbo/h3_Pages Info (4)' is clicked on

2019-04-24 13:41:54 - [MESSAGE][PASSED] - Call Test Case 'Test Cases/s-sidebar_navigation/individualAccount/operationalDashboard' successfully

2019-04-24 13:41:54 - [MESSAGE][PASSED] - Call Test Case 'Test Cases/Operational_Dashboard/Login' successfully

2019-04-24 13:41:54 - [TEST_STEP][PASSED] - delay: Delayed 2 second(s)

2019-04-24 13:41:56 - [MESSAGE][PASSED] - Delayed 2 second(s)

2019-04-24 13:41:56 - [TEST_STEP][PASSED] - setText: Text 'cloudkibo1' is set on object 'Object Repository/Page_KiboEngage  Operational Dashbo/input_form-control m-input m-i'

2019-04-24 13:41:56 - [MESSAGE][PASSED] - Text 'cloudkibo1' is set on object 'Object Repository/Page_KiboEngage  Operational Dashbo/input_form-control m-input m-i'

2019-04-24 13:41:56 - [TEST_STEP][PASSED] - delay: Delayed 5 second(s)

2019-04-24 13:42:01 - [MESSAGE][PASSED] - Delayed 5 second(s)

2019-04-24 13:42:01 - [TEST_STEP][PASSED] - click: Object: 'Object Repository/Page_KiboEngage  Operational Dashbo/button_See more' is clicked on

2019-04-24 13:42:02 - [MESSAGE][PASSED] - Object: 'Object Repository/Page_KiboEngage  Operational Dashbo/button_See more' is clicked on

2019-04-24 13:42:02 - [TEST_STEP][PASSED] - delay: Delayed 1 second(s)

2019-04-24 13:42:03 - [MESSAGE][PASSED] - Delayed 1 second(s)

2019-04-24 13:42:03 - [TEST_STEP][PASSED] - scrollToPosition: Browser is scrolled to position x = 0, y = 0

2019-04-24 13:42:03 - [MESSAGE][PASSED] - Browser is scrolled to position x = 0, y = 0

2019-04-24 13:42:03 - [TEST_STEP][PASSED] - delay: Delayed 5 second(s)

2019-04-24 13:42:08 - [MESSAGE][PASSED] - Delayed 5 second(s)

2019-04-24 13:42:08 - [TEST_STEP][PASSED] - Statement - driver = com.kms.katalon.core.webui.driver.DriverFactory.getWebDriver(): null

2019-04-24 13:42:08 - [TEST_STEP][PASSED] - Statement - rows_table = driver.findElements(org.openqa.selenium.By.xpath("//*[@id="content"]/div/div/div/div[2]/div[3]/div[4]/div/div/div[2]/div/div/div[2]/table/tbody/tr")): null

2019-04-24 13:42:08 - [TEST_STEP][PASSED] - Statement - rows_count = rows_table.size(): null

2019-04-24 13:42:08 - [TEST_STEP][PASSED] - verifyGreaterThanOrEqual: Actual number '10' is greater than or equal to expected number '1'

2019-04-24 13:42:08 - [MESSAGE][PASSED] - Actual number '10' is greater than or equal to expected number '1'

2019-04-24 13:42:08 - [MESSAGE][PASSED] - Call Test Case 'Test Cases/Operational_Dashboard/157' successfully

2019-04-24 13:42:08 - [TEST_STEP][PASSED] - Statement - driver = com.kms.katalon.core.webui.driver.DriverFactory.getWebDriver(): null

2019-04-24 13:42:08 - [TEST_STEP][PASSED] - Statement - next = driver.findElement(org.openqa.selenium.By.xpath("//*[@id="content"]/div/div/div/div[2]/div[3]/div[4]/div/div/div[2]/div/div/div[2]/ul/li[3]/a")): null

2019-04-24 13:42:08 - [TEST_STEP][PASSED] - Statement - next.click(): null

2019-04-24 13:42:08 - [TEST_STEP][PASSED] - delay: Delayed 5 second(s)

2019-04-24 13:42:13 - [MESSAGE][PASSED] - Delayed 5 second(s)

2019-04-24 13:42:13 - [TEST_STEP][PASSED] - Statement - rows_table = driver.findElements(org.openqa.selenium.By.xpath("//*[@id="content"]/div/div/div/div[2]/div[3]/div[4]/div/div/div[2]/div/div/div[2]/table/tbody/tr")): null

2019-04-24 13:42:13 - [TEST_STEP][PASSED] - Statement - rows_count = rows_table.size(): null

2019-04-24 13:42:13 - [TEST_STEP][PASSED] - verifyGreaterThanOrEqual: Actual number '6' is greater than or equal to expected number '1'

2019-04-24 13:42:13 - [MESSAGE][PASSED] - Actual number '6' is greater than or equal to expected number '1']]></system-out>
         <system-err><![CDATA[]]></system-err>
      </testcase>
      <testcase name="Test Cases/Operational_Dashboard/161" classname="Test Cases/Operational_Dashboard/161" status="PASSED">
         <system-out><![CDATA[2019-04-24 13:42:13 - [TEST_CASE][PASSED] - Test Cases/Operational_Dashboard/161: Test Cases/Operational_Dashboard/161

2019-04-24 13:42:13 - [TEST_STEP][PASSED] - callTestCase: Call Test Case 'Test Cases/Operational_Dashboard/157' successfully

2019-04-24 13:42:13 - [TEST_CASE][PASSED] - Test Cases/Operational_Dashboard/157: Test Cases/Operational_Dashboard/157

2019-04-24 13:42:13 - [TEST_STEP][PASSED] - callTestCase: Call Test Case 'Test Cases/Operational_Dashboard/Login' successfully

2019-04-24 13:42:13 - [TEST_CASE][PASSED] - Test Cases/Operational_Dashboard/Login: Test Cases/Operational_Dashboard/Login

2019-04-24 13:42:13 - [TEST_STEP][PASSED] - callTestCase: Call Test Case 'Test Cases/s-sidebar_navigation/individualAccount/operationalDashboard' successfully

2019-04-24 13:42:13 - [TEST_CASE][PASSED] - Test Cases/s-sidebar_navigation/individualAccount/operationalDashboard: Test Cases/s-sidebar_navigation/individualAccount/operationalDashboard

2019-04-24 13:42:13 - [TEST_STEP][PASSED] - click: Object: 'Object Repository/Page_KiboEngage  Subscribers/span_Subscribers' is clicked on

2019-04-24 13:42:14 - [MESSAGE][PASSED] - Object: 'Object Repository/Page_KiboEngage  Subscribers/span_Subscribers' is clicked on

2019-04-24 13:42:14 - [TEST_STEP][PASSED] - click: Object: 'Object Repository/Page_KiboEngage  Subscribers/span_Operational Dashboard (1)' is clicked on

2019-04-24 13:42:14 - [MESSAGE][PASSED] - Object: 'Object Repository/Page_KiboEngage  Subscribers/span_Operational Dashboard (1)' is clicked on

2019-04-24 13:42:14 - [TEST_STEP][PASSED] - scrollToPosition: Browser is scrolled to position x = 0, y = 0

2019-04-24 13:42:14 - [MESSAGE][PASSED] - Browser is scrolled to position x = 0, y = 0

2019-04-24 13:42:14 - [TEST_STEP][PASSED] - click: Object: 'Object Repository/Page_KiboEngage  Operational Dashbo/h3_Pages Info (4)' is clicked on

2019-04-24 13:42:15 - [MESSAGE][PASSED] - Object: 'Object Repository/Page_KiboEngage  Operational Dashbo/h3_Pages Info (4)' is clicked on

2019-04-24 13:42:15 - [MESSAGE][PASSED] - Call Test Case 'Test Cases/s-sidebar_navigation/individualAccount/operationalDashboard' successfully

2019-04-24 13:42:15 - [MESSAGE][PASSED] - Call Test Case 'Test Cases/Operational_Dashboard/Login' successfully

2019-04-24 13:42:15 - [TEST_STEP][PASSED] - delay: Delayed 2 second(s)

2019-04-24 13:42:17 - [MESSAGE][PASSED] - Delayed 2 second(s)

2019-04-24 13:42:17 - [TEST_STEP][PASSED] - setText: Text 'cloudkibo1' is set on object 'Object Repository/Page_KiboEngage  Operational Dashbo/input_form-control m-input m-i'

2019-04-24 13:42:17 - [MESSAGE][PASSED] - Text 'cloudkibo1' is set on object 'Object Repository/Page_KiboEngage  Operational Dashbo/input_form-control m-input m-i'

2019-04-24 13:42:17 - [TEST_STEP][PASSED] - delay: Delayed 5 second(s)

2019-04-24 13:42:22 - [MESSAGE][PASSED] - Delayed 5 second(s)

2019-04-24 13:42:22 - [TEST_STEP][PASSED] - click: Object: 'Object Repository/Page_KiboEngage  Operational Dashbo/button_See more' is clicked on

2019-04-24 13:42:23 - [MESSAGE][PASSED] - Object: 'Object Repository/Page_KiboEngage  Operational Dashbo/button_See more' is clicked on

2019-04-24 13:42:23 - [TEST_STEP][PASSED] - delay: Delayed 1 second(s)

2019-04-24 13:42:24 - [MESSAGE][PASSED] - Delayed 1 second(s)

2019-04-24 13:42:24 - [TEST_STEP][PASSED] - scrollToPosition: Browser is scrolled to position x = 0, y = 0

2019-04-24 13:42:24 - [MESSAGE][PASSED] - Browser is scrolled to position x = 0, y = 0

2019-04-24 13:42:24 - [TEST_STEP][PASSED] - delay: Delayed 5 second(s)

2019-04-24 13:42:29 - [MESSAGE][PASSED] - Delayed 5 second(s)

2019-04-24 13:42:29 - [TEST_STEP][PASSED] - Statement - driver = com.kms.katalon.core.webui.driver.DriverFactory.getWebDriver(): null

2019-04-24 13:42:29 - [TEST_STEP][PASSED] - Statement - rows_table = driver.findElements(org.openqa.selenium.By.xpath("//*[@id="content"]/div/div/div/div[2]/div[3]/div[4]/div/div/div[2]/div/div/div[2]/table/tbody/tr")): null

2019-04-24 13:42:29 - [TEST_STEP][PASSED] - Statement - rows_count = rows_table.size(): null

2019-04-24 13:42:29 - [TEST_STEP][PASSED] - verifyGreaterThanOrEqual: Actual number '10' is greater than or equal to expected number '1'

2019-04-24 13:42:29 - [MESSAGE][PASSED] - Actual number '10' is greater than or equal to expected number '1'

2019-04-24 13:42:29 - [MESSAGE][PASSED] - Call Test Case 'Test Cases/Operational_Dashboard/157' successfully

2019-04-24 13:42:29 - [TEST_STEP][PASSED] - Statement - driver = com.kms.katalon.core.webui.driver.DriverFactory.getWebDriver(): null

2019-04-24 13:42:29 - [TEST_STEP][PASSED] - Statement - input_search_page = driver.findElement(org.openqa.selenium.By.xpath("//*[@id="content"]/div/div/div/div[2]/div[3]/div[4]/div/div/div[2]/div/div/div[1]/div[1]/input")): null

2019-04-24 13:42:29 - [TEST_STEP][PASSED] - Statement - input_search_page.sendKeys("2"): null

2019-04-24 13:42:29 - [TEST_STEP][PASSED] - delay: Delayed 5 second(s)

2019-04-24 13:42:34 - [MESSAGE][PASSED] - Delayed 5 second(s)

2019-04-24 13:42:34 - [TEST_STEP][PASSED] - Statement - rows_table = driver.findElements(org.openqa.selenium.By.xpath("//*[@id="content"]/div/div/div/div[2]/div[3]/div[4]/div/div/div[2]/div/div/div[2]/table/tbody/tr")): null

2019-04-24 13:42:34 - [TEST_STEP][PASSED] - Statement - rows_count = rows_table.size(): null

2019-04-24 13:42:34 - [TEST_STEP][PASSED] - verifyGreaterThanOrEqual: Actual number '10' is greater than or equal to expected number '1'

2019-04-24 13:42:34 - [MESSAGE][PASSED] - Actual number '10' is greater than or equal to expected number '1']]></system-out>
         <system-err><![CDATA[]]></system-err>
      </testcase>
      <testcase name="Test Cases/Operational_Dashboard/166" classname="Test Cases/Operational_Dashboard/166" status="PASSED">
         <system-out><![CDATA[2019-04-24 13:42:34 - [TEST_CASE][PASSED] - Test Cases/Operational_Dashboard/166: Test Cases/Operational_Dashboard/166

2019-04-24 13:42:35 - [TEST_STEP][PASSED] - callTestCase: Call Test Case 'Test Cases/Operational_Dashboard/134' successfully

2019-04-24 13:42:35 - [TEST_CASE][PASSED] - Test Cases/Operational_Dashboard/134: Test Cases/Operational_Dashboard/134

2019-04-24 13:42:35 - [TEST_STEP][PASSED] - callTestCase: Call Test Case 'Test Cases/Operational_Dashboard/Login' successfully

2019-04-24 13:42:35 - [TEST_CASE][PASSED] - Test Cases/Operational_Dashboard/Login: Test Cases/Operational_Dashboard/Login

2019-04-24 13:42:35 - [TEST_STEP][PASSED] - callTestCase: Call Test Case 'Test Cases/s-sidebar_navigation/individualAccount/operationalDashboard' successfully

2019-04-24 13:42:35 - [TEST_CASE][PASSED] - Test Cases/s-sidebar_navigation/individualAccount/operationalDashboard: Test Cases/s-sidebar_navigation/individualAccount/operationalDashboard

2019-04-24 13:42:35 - [TEST_STEP][PASSED] - click: Object: 'Object Repository/Page_KiboEngage  Subscribers/span_Subscribers' is clicked on

2019-04-24 13:42:35 - [MESSAGE][PASSED] - Object: 'Object Repository/Page_KiboEngage  Subscribers/span_Subscribers' is clicked on

2019-04-24 13:42:35 - [TEST_STEP][PASSED] - click: Object: 'Object Repository/Page_KiboEngage  Subscribers/span_Operational Dashboard (1)' is clicked on

2019-04-24 13:42:36 - [MESSAGE][PASSED] - Object: 'Object Repository/Page_KiboEngage  Subscribers/span_Operational Dashboard (1)' is clicked on

2019-04-24 13:42:36 - [TEST_STEP][PASSED] - scrollToPosition: Browser is scrolled to position x = 0, y = 0

2019-04-24 13:42:36 - [MESSAGE][PASSED] - Browser is scrolled to position x = 0, y = 0

2019-04-24 13:42:36 - [TEST_STEP][PASSED] - click: Object: 'Object Repository/Page_KiboEngage  Operational Dashbo/h3_Pages Info (4)' is clicked on

2019-04-24 13:42:36 - [MESSAGE][PASSED] - Object: 'Object Repository/Page_KiboEngage  Operational Dashbo/h3_Pages Info (4)' is clicked on

2019-04-24 13:42:36 - [MESSAGE][PASSED] - Call Test Case 'Test Cases/s-sidebar_navigation/individualAccount/operationalDashboard' successfully

2019-04-24 13:42:36 - [MESSAGE][PASSED] - Call Test Case 'Test Cases/Operational_Dashboard/Login' successfully

2019-04-24 13:42:36 - [TEST_STEP][PASSED] - delay: Delayed 5 second(s)

2019-04-24 13:42:41 - [MESSAGE][PASSED] - Delayed 5 second(s)

2019-04-24 13:42:41 - [TEST_STEP][PASSED] - click: Object: 'Object Repository/Page_KiboEngage  Operational Dashbo/button_See more' is clicked on

2019-04-24 13:42:41 - [MESSAGE][PASSED] - Object: 'Object Repository/Page_KiboEngage  Operational Dashbo/button_See more' is clicked on

2019-04-24 13:42:41 - [TEST_STEP][PASSED] - delay: Delayed 1 second(s)

2019-04-24 13:42:42 - [MESSAGE][PASSED] - Delayed 1 second(s)

2019-04-24 13:42:42 - [TEST_STEP][PASSED] - scrollToPosition: Browser is scrolled to position x = 0, y = 0

2019-04-24 13:42:42 - [MESSAGE][PASSED] - Browser is scrolled to position x = 0, y = 0

2019-04-24 13:42:42 - [TEST_STEP][PASSED] - verifyTextPresent: Text 'Pages' is present on page 

2019-04-24 13:42:43 - [MESSAGE][PASSED] - Text 'Pages' is present on page 

2019-04-24 13:42:43 - [TEST_STEP][PASSED] - verifyTextPresent: Text 'Broadcasts' is present on page 

2019-04-24 13:42:44 - [MESSAGE][PASSED] - Text 'Broadcasts' is present on page 

2019-04-24 13:42:44 - [TEST_STEP][PASSED] - verifyTextPresent: Text 'Surveys' is present on page 

2019-04-24 13:42:44 - [MESSAGE][PASSED] - Text 'Surveys' is present on page 

2019-04-24 13:42:44 - [TEST_STEP][PASSED] - verifyTextPresent: Text 'Polls' is present on page 

2019-04-24 13:42:44 - [MESSAGE][PASSED] - Text 'Polls' is present on page 

2019-04-24 13:42:44 - [MESSAGE][PASSED] - Call Test Case 'Test Cases/Operational_Dashboard/134' successfully

2019-04-24 13:42:44 - [TEST_STEP][PASSED] - click: Object: 'Object Repository/Page_KiboEngage  User Details/a_Back' is clicked on

2019-04-24 13:42:45 - [MESSAGE][PASSED] - Object: 'Object Repository/Page_KiboEngage  User Details/a_Back' is clicked on

2019-04-24 13:42:45 - [TEST_STEP][PASSED] - scrollToPosition: Browser is scrolled to position x = 0, y = 0

2019-04-24 13:42:45 - [MESSAGE][PASSED] - Browser is scrolled to position x = 0, y = 0

2019-04-24 13:42:45 - [TEST_STEP][PASSED] - click: Object: 'Object Repository/Page_KiboEngage  Operational Dashbo/h3_Pages Info (5)' is clicked on

2019-04-24 13:42:46 - [MESSAGE][PASSED] - Object: 'Object Repository/Page_KiboEngage  Operational Dashbo/h3_Pages Info (5)' is clicked on]]></system-out>
         <system-err><![CDATA[]]></system-err>
      </testcase>
      <testcase name="Test Cases/Operational_Dashboard/167" classname="Test Cases/Operational_Dashboard/167" status="PASSED">
         <system-out><![CDATA[2019-04-24 13:42:46 - [TEST_CASE][PASSED] - Test Cases/Operational_Dashboard/167: Test Cases/Operational_Dashboard/167

2019-04-24 13:42:46 - [TEST_STEP][PASSED] - callTestCase: Call Test Case 'Test Cases/Operational_Dashboard/Login' successfully

2019-04-24 13:42:46 - [TEST_CASE][PASSED] - Test Cases/Operational_Dashboard/Login: Test Cases/Operational_Dashboard/Login

2019-04-24 13:42:46 - [TEST_STEP][PASSED] - callTestCase: Call Test Case 'Test Cases/s-sidebar_navigation/individualAccount/operationalDashboard' successfully

2019-04-24 13:42:46 - [TEST_CASE][PASSED] - Test Cases/s-sidebar_navigation/individualAccount/operationalDashboard: Test Cases/s-sidebar_navigation/individualAccount/operationalDashboard

2019-04-24 13:42:46 - [TEST_STEP][PASSED] - click: Object: 'Object Repository/Page_KiboEngage  Subscribers/span_Subscribers' is clicked on

2019-04-24 13:42:46 - [MESSAGE][PASSED] - Object: 'Object Repository/Page_KiboEngage  Subscribers/span_Subscribers' is clicked on

2019-04-24 13:42:46 - [TEST_STEP][PASSED] - click: Object: 'Object Repository/Page_KiboEngage  Subscribers/span_Operational Dashboard (1)' is clicked on

2019-04-24 13:42:47 - [MESSAGE][PASSED] - Object: 'Object Repository/Page_KiboEngage  Subscribers/span_Operational Dashboard (1)' is clicked on

2019-04-24 13:42:47 - [TEST_STEP][PASSED] - scrollToPosition: Browser is scrolled to position x = 0, y = 0

2019-04-24 13:42:47 - [MESSAGE][PASSED] - Browser is scrolled to position x = 0, y = 0

2019-04-24 13:42:47 - [TEST_STEP][PASSED] - click: Object: 'Object Repository/Page_KiboEngage  Operational Dashbo/h3_Pages Info (4)' is clicked on

2019-04-24 13:42:47 - [MESSAGE][PASSED] - Object: 'Object Repository/Page_KiboEngage  Operational Dashbo/h3_Pages Info (4)' is clicked on

2019-04-24 13:42:47 - [MESSAGE][PASSED] - Call Test Case 'Test Cases/s-sidebar_navigation/individualAccount/operationalDashboard' successfully

2019-04-24 13:42:47 - [MESSAGE][PASSED] - Call Test Case 'Test Cases/Operational_Dashboard/Login' successfully

2019-04-24 13:42:47 - [TEST_STEP][PASSED] - click: Object: 'Object Repository/Page_KiboEngage  Operational Dashbo/i_la la-angle-down' is clicked on

2019-04-24 13:42:48 - [MESSAGE][PASSED] - Object: 'Object Repository/Page_KiboEngage  Operational Dashbo/i_la la-angle-down' is clicked on

2019-04-24 13:42:48 - [TEST_STEP][PASSED] - delay: Delayed 5 second(s)

2019-04-24 13:42:53 - [MESSAGE][PASSED] - Delayed 5 second(s)

2019-04-24 13:42:53 - [TEST_STEP][PASSED] - Statement - driver = com.kms.katalon.core.webui.driver.DriverFactory.getWebDriver(): null

2019-04-24 13:42:53 - [TEST_STEP][PASSED] - Statement - rows_table = driver.findElements(org.openqa.selenium.By.xpath("//*[@id="content"]/div/div/div/div[2]/div[3]/div[5]/div/div/div[2]/div/div/div[2]/table/tbody/tr")): null

2019-04-24 13:42:53 - [TEST_STEP][PASSED] - Statement - rows_count = rows_table.size(): null

2019-04-24 13:42:53 - [TEST_STEP][PASSED] - verifyGreaterThanOrEqual: Actual number '10' is greater than or equal to expected number '1'

2019-04-24 13:42:53 - [MESSAGE][PASSED] - Actual number '10' is greater than or equal to expected number '1']]></system-out>
         <system-err><![CDATA[]]></system-err>
      </testcase>
      <testcase name="Test Cases/Operational_Dashboard/168" classname="Test Cases/Operational_Dashboard/168" status="PASSED">
         <system-out><![CDATA[2019-04-24 13:42:53 - [TEST_CASE][PASSED] - Test Cases/Operational_Dashboard/168: Test Cases/Operational_Dashboard/168

2019-04-24 13:42:53 - [TEST_STEP][PASSED] - callTestCase: Call Test Case 'Test Cases/Operational_Dashboard/167' successfully

2019-04-24 13:42:53 - [TEST_CASE][PASSED] - Test Cases/Operational_Dashboard/167: Test Cases/Operational_Dashboard/167

2019-04-24 13:42:53 - [TEST_STEP][PASSED] - callTestCase: Call Test Case 'Test Cases/Operational_Dashboard/Login' successfully

2019-04-24 13:42:53 - [TEST_CASE][PASSED] - Test Cases/Operational_Dashboard/Login: Test Cases/Operational_Dashboard/Login

2019-04-24 13:42:53 - [TEST_STEP][PASSED] - callTestCase: Call Test Case 'Test Cases/s-sidebar_navigation/individualAccount/operationalDashboard' successfully

2019-04-24 13:42:53 - [TEST_CASE][PASSED] - Test Cases/s-sidebar_navigation/individualAccount/operationalDashboard: Test Cases/s-sidebar_navigation/individualAccount/operationalDashboard

2019-04-24 13:42:53 - [TEST_STEP][PASSED] - click: Object: 'Object Repository/Page_KiboEngage  Subscribers/span_Subscribers' is clicked on

2019-04-24 13:42:53 - [MESSAGE][PASSED] - Object: 'Object Repository/Page_KiboEngage  Subscribers/span_Subscribers' is clicked on

2019-04-24 13:42:53 - [TEST_STEP][PASSED] - click: Object: 'Object Repository/Page_KiboEngage  Subscribers/span_Operational Dashboard (1)' is clicked on

2019-04-24 13:42:54 - [MESSAGE][PASSED] - Object: 'Object Repository/Page_KiboEngage  Subscribers/span_Operational Dashboard (1)' is clicked on

2019-04-24 13:42:54 - [TEST_STEP][PASSED] - scrollToPosition: Browser is scrolled to position x = 0, y = 0

2019-04-24 13:42:54 - [MESSAGE][PASSED] - Browser is scrolled to position x = 0, y = 0

2019-04-24 13:42:54 - [TEST_STEP][PASSED] - click: Object: 'Object Repository/Page_KiboEngage  Operational Dashbo/h3_Pages Info (4)' is clicked on

2019-04-24 13:42:54 - [MESSAGE][PASSED] - Object: 'Object Repository/Page_KiboEngage  Operational Dashbo/h3_Pages Info (4)' is clicked on

2019-04-24 13:42:54 - [MESSAGE][PASSED] - Call Test Case 'Test Cases/s-sidebar_navigation/individualAccount/operationalDashboard' successfully

2019-04-24 13:42:54 - [MESSAGE][PASSED] - Call Test Case 'Test Cases/Operational_Dashboard/Login' successfully

2019-04-24 13:42:54 - [TEST_STEP][PASSED] - click: Object: 'Object Repository/Page_KiboEngage  Operational Dashbo/i_la la-angle-down' is clicked on

2019-04-24 13:42:54 - [MESSAGE][PASSED] - Object: 'Object Repository/Page_KiboEngage  Operational Dashbo/i_la la-angle-down' is clicked on

2019-04-24 13:42:54 - [TEST_STEP][PASSED] - delay: Delayed 5 second(s)

2019-04-24 13:42:59 - [MESSAGE][PASSED] - Delayed 5 second(s)

2019-04-24 13:42:59 - [TEST_STEP][PASSED] - Statement - driver = com.kms.katalon.core.webui.driver.DriverFactory.getWebDriver(): null

2019-04-24 13:42:59 - [TEST_STEP][PASSED] - Statement - rows_table = driver.findElements(org.openqa.selenium.By.xpath("//*[@id="content"]/div/div/div/div[2]/div[3]/div[5]/div/div/div[2]/div/div/div[2]/table/tbody/tr")): null

2019-04-24 13:42:59 - [TEST_STEP][PASSED] - Statement - rows_count = rows_table.size(): null

2019-04-24 13:42:59 - [TEST_STEP][PASSED] - verifyGreaterThanOrEqual: Actual number '10' is greater than or equal to expected number '1'

2019-04-24 13:42:59 - [MESSAGE][PASSED] - Actual number '10' is greater than or equal to expected number '1'

2019-04-24 13:42:59 - [MESSAGE][PASSED] - Call Test Case 'Test Cases/Operational_Dashboard/167' successfully

2019-04-24 13:42:59 - [TEST_STEP][PASSED] - Statement - driver = com.kms.katalon.core.webui.driver.DriverFactory.getWebDriver(): null

2019-04-24 13:42:59 - [TEST_STEP][PASSED] - Statement - next = driver.findElement(org.openqa.selenium.By.xpath("//*[@id="content"]/div/div/div/div[2]/div[3]/div[5]/div/div/div[2]/div/div/div[2]/ul/li[8]/a")): null

2019-04-24 13:42:59 - [TEST_STEP][PASSED] - Statement - next.click(): null

2019-04-24 13:42:59 - [TEST_STEP][PASSED] - delay: Delayed 5 second(s)

2019-04-24 13:43:04 - [MESSAGE][PASSED] - Delayed 5 second(s)

2019-04-24 13:43:04 - [TEST_STEP][PASSED] - Statement - rows_table = driver.findElements(org.openqa.selenium.By.xpath("//*[@id="content"]/div/div/div/div[2]/div[3]/div[5]/div/div/div[2]/div/div/div[2]/table/tbody/tr")): null

2019-04-24 13:43:04 - [TEST_STEP][PASSED] - Statement - rows_count = rows_table.size(): null

2019-04-24 13:43:04 - [TEST_STEP][PASSED] - verifyGreaterThanOrEqual: Actual number '10' is greater than or equal to expected number '1'

2019-04-24 13:43:04 - [MESSAGE][PASSED] - Actual number '10' is greater than or equal to expected number '1']]></system-out>
         <system-err><![CDATA[]]></system-err>
      </testcase>
      <testcase name="Test Cases/Operational_Dashboard/169" classname="Test Cases/Operational_Dashboard/169" status="PASSED">
         <system-out><![CDATA[2019-04-24 13:43:04 - [TEST_CASE][PASSED] - Test Cases/Operational_Dashboard/169: Test Cases/Operational_Dashboard/169

2019-04-24 13:43:05 - [TEST_STEP][PASSED] - callTestCase: Call Test Case 'Test Cases/Operational_Dashboard/168' successfully

2019-04-24 13:43:05 - [TEST_CASE][PASSED] - Test Cases/Operational_Dashboard/168: Test Cases/Operational_Dashboard/168

2019-04-24 13:43:05 - [TEST_STEP][PASSED] - callTestCase: Call Test Case 'Test Cases/Operational_Dashboard/167' successfully

2019-04-24 13:43:05 - [TEST_CASE][PASSED] - Test Cases/Operational_Dashboard/167: Test Cases/Operational_Dashboard/167

2019-04-24 13:43:05 - [TEST_STEP][PASSED] - callTestCase: Call Test Case 'Test Cases/Operational_Dashboard/Login' successfully

2019-04-24 13:43:05 - [TEST_CASE][PASSED] - Test Cases/Operational_Dashboard/Login: Test Cases/Operational_Dashboard/Login

2019-04-24 13:43:05 - [TEST_STEP][PASSED] - callTestCase: Call Test Case 'Test Cases/s-sidebar_navigation/individualAccount/operationalDashboard' successfully

2019-04-24 13:43:05 - [TEST_CASE][PASSED] - Test Cases/s-sidebar_navigation/individualAccount/operationalDashboard: Test Cases/s-sidebar_navigation/individualAccount/operationalDashboard

2019-04-24 13:43:05 - [TEST_STEP][PASSED] - click: Object: 'Object Repository/Page_KiboEngage  Subscribers/span_Subscribers' is clicked on

2019-04-24 13:43:06 - [MESSAGE][PASSED] - Object: 'Object Repository/Page_KiboEngage  Subscribers/span_Subscribers' is clicked on

2019-04-24 13:43:06 - [TEST_STEP][PASSED] - click: Object: 'Object Repository/Page_KiboEngage  Subscribers/span_Operational Dashboard (1)' is clicked on

2019-04-24 13:43:06 - [MESSAGE][PASSED] - Object: 'Object Repository/Page_KiboEngage  Subscribers/span_Operational Dashboard (1)' is clicked on

2019-04-24 13:43:06 - [TEST_STEP][PASSED] - scrollToPosition: Browser is scrolled to position x = 0, y = 0

2019-04-24 13:43:06 - [MESSAGE][PASSED] - Browser is scrolled to position x = 0, y = 0

2019-04-24 13:43:06 - [TEST_STEP][PASSED] - click: Object: 'Object Repository/Page_KiboEngage  Operational Dashbo/h3_Pages Info (4)' is clicked on

2019-04-24 13:43:06 - [MESSAGE][PASSED] - Object: 'Object Repository/Page_KiboEngage  Operational Dashbo/h3_Pages Info (4)' is clicked on

2019-04-24 13:43:06 - [MESSAGE][PASSED] - Call Test Case 'Test Cases/s-sidebar_navigation/individualAccount/operationalDashboard' successfully

2019-04-24 13:43:06 - [MESSAGE][PASSED] - Call Test Case 'Test Cases/Operational_Dashboard/Login' successfully

2019-04-24 13:43:06 - [TEST_STEP][PASSED] - click: Object: 'Object Repository/Page_KiboEngage  Operational Dashbo/i_la la-angle-down' is clicked on

2019-04-24 13:43:06 - [MESSAGE][PASSED] - Object: 'Object Repository/Page_KiboEngage  Operational Dashbo/i_la la-angle-down' is clicked on

2019-04-24 13:43:06 - [TEST_STEP][PASSED] - delay: Delayed 5 second(s)

2019-04-24 13:43:11 - [MESSAGE][PASSED] - Delayed 5 second(s)

2019-04-24 13:43:11 - [TEST_STEP][PASSED] - Statement - driver = com.kms.katalon.core.webui.driver.DriverFactory.getWebDriver(): null

2019-04-24 13:43:11 - [TEST_STEP][PASSED] - Statement - rows_table = driver.findElements(org.openqa.selenium.By.xpath("//*[@id="content"]/div/div/div/div[2]/div[3]/div[5]/div/div/div[2]/div/div/div[2]/table/tbody/tr")): null

2019-04-24 13:43:11 - [TEST_STEP][PASSED] - Statement - rows_count = rows_table.size(): null

2019-04-24 13:43:11 - [TEST_STEP][PASSED] - verifyGreaterThanOrEqual: Actual number '10' is greater than or equal to expected number '1'

2019-04-24 13:43:11 - [MESSAGE][PASSED] - Actual number '10' is greater than or equal to expected number '1'

2019-04-24 13:43:11 - [MESSAGE][PASSED] - Call Test Case 'Test Cases/Operational_Dashboard/167' successfully

2019-04-24 13:43:11 - [TEST_STEP][PASSED] - Statement - driver = com.kms.katalon.core.webui.driver.DriverFactory.getWebDriver(): null

2019-04-24 13:43:11 - [TEST_STEP][PASSED] - Statement - next = driver.findElement(org.openqa.selenium.By.xpath("//*[@id="content"]/div/div/div/div[2]/div[3]/div[5]/div/div/div[2]/div/div/div[2]/ul/li[8]/a")): null

2019-04-24 13:43:11 - [TEST_STEP][PASSED] - Statement - next.click(): null

2019-04-24 13:43:12 - [TEST_STEP][PASSED] - delay: Delayed 5 second(s)

2019-04-24 13:43:17 - [MESSAGE][PASSED] - Delayed 5 second(s)

2019-04-24 13:43:17 - [TEST_STEP][PASSED] - Statement - rows_table = driver.findElements(org.openqa.selenium.By.xpath("//*[@id="content"]/div/div/div/div[2]/div[3]/div[5]/div/div/div[2]/div/div/div[2]/table/tbody/tr")): null

2019-04-24 13:43:17 - [TEST_STEP][PASSED] - Statement - rows_count = rows_table.size(): null

2019-04-24 13:43:17 - [TEST_STEP][PASSED] - verifyGreaterThanOrEqual: Actual number '10' is greater than or equal to expected number '1'

2019-04-24 13:43:17 - [MESSAGE][PASSED] - Actual number '10' is greater than or equal to expected number '1'

2019-04-24 13:43:17 - [MESSAGE][PASSED] - Call Test Case 'Test Cases/Operational_Dashboard/168' successfully

2019-04-24 13:43:17 - [TEST_STEP][PASSED] - Statement - driver = com.kms.katalon.core.webui.driver.DriverFactory.getWebDriver(): null

2019-04-24 13:43:17 - [TEST_STEP][PASSED] - Statement - PREVIOUS = driver.findElement(org.openqa.selenium.By.xpath("//*[@id="content"]/div/div/div/div[2]/div[3]/div[5]/div/div/div[2]/div/div/div[2]/ul/li[1]/a")): null

2019-04-24 13:43:17 - [TEST_STEP][PASSED] - Statement - PREVIOUS.click(): null

2019-04-24 13:43:17 - [TEST_STEP][PASSED] - delay: Delayed 5 second(s)

2019-04-24 13:43:22 - [MESSAGE][PASSED] - Delayed 5 second(s)

2019-04-24 13:43:22 - [TEST_STEP][PASSED] - Statement - rows_table = driver.findElements(org.openqa.selenium.By.xpath("//*[@id="content"]/div/div/div/div[2]/div[3]/div[5]/div/div/div[2]/div/div/div[2]/table/tbody/tr")): null

2019-04-24 13:43:22 - [TEST_STEP][PASSED] - Statement - rows_count = rows_table.size(): null

2019-04-24 13:43:22 - [TEST_STEP][PASSED] - verifyGreaterThanOrEqual: Actual number '10' is greater than or equal to expected number '1'

2019-04-24 13:43:22 - [MESSAGE][PASSED] - Actual number '10' is greater than or equal to expected number '1']]></system-out>
         <system-err><![CDATA[]]></system-err>
      </testcase>
      <testcase name="Test Cases/Operational_Dashboard/170" classname="Test Cases/Operational_Dashboard/170" status="FAILED">
         <failure type="FAILED" message="Unable to verify actual number '0' greater than or equal with expected number '1' (Root cause: Actual number '0' is NOT greater than or equal to expected number '1')"/>
         <system-out><![CDATA[2019-04-24 13:43:22 - [TEST_CASE][FAILED] - Test Cases/Operational_Dashboard/170: Test Cases/Operational_Dashboard/170 FAILED because (of) Unable to verify actual number '0' greater than or equal with expected number '1' (Root cause: Actual number '0' is NOT greater than or equal to expected number '1')

2019-04-24 13:43:22 - [TEST_STEP][FAILED] - callTestCase: Unable to call Test Case with id 'Test Cases/Operational_Dashboard/167' (Root cause: Call Test Case 'Test Cases/Operational_Dashboard/167' failed)

2019-04-24 13:43:22 - [TEST_CASE][FAILED] - Test Cases/Operational_Dashboard/167: Test Cases/Operational_Dashboard/167 FAILED because (of) Unable to verify actual number '0' greater than or equal with expected number '1' (Root cause: Actual number '0' is NOT greater than or equal to expected number '1')

2019-04-24 13:43:22 - [TEST_STEP][PASSED] - callTestCase: Call Test Case 'Test Cases/Operational_Dashboard/Login' successfully

2019-04-24 13:43:22 - [TEST_CASE][PASSED] - Test Cases/Operational_Dashboard/Login: Test Cases/Operational_Dashboard/Login

2019-04-24 13:43:22 - [TEST_STEP][PASSED] - callTestCase: Call Test Case 'Test Cases/s-sidebar_navigation/individualAccount/operationalDashboard' successfully

2019-04-24 13:43:22 - [TEST_CASE][PASSED] - Test Cases/s-sidebar_navigation/individualAccount/operationalDashboard: Test Cases/s-sidebar_navigation/individualAccount/operationalDashboard

2019-04-24 13:43:22 - [TEST_STEP][PASSED] - click: Object: 'Object Repository/Page_KiboEngage  Subscribers/span_Subscribers' is clicked on

2019-04-24 13:43:23 - [MESSAGE][PASSED] - Object: 'Object Repository/Page_KiboEngage  Subscribers/span_Subscribers' is clicked on

2019-04-24 13:43:23 - [TEST_STEP][PASSED] - click: Object: 'Object Repository/Page_KiboEngage  Subscribers/span_Operational Dashboard (1)' is clicked on

2019-04-24 13:43:23 - [MESSAGE][PASSED] - Object: 'Object Repository/Page_KiboEngage  Subscribers/span_Operational Dashboard (1)' is clicked on

2019-04-24 13:43:23 - [TEST_STEP][PASSED] - scrollToPosition: Browser is scrolled to position x = 0, y = 0

2019-04-24 13:43:23 - [MESSAGE][PASSED] - Browser is scrolled to position x = 0, y = 0

2019-04-24 13:43:23 - [TEST_STEP][PASSED] - click: Object: 'Object Repository/Page_KiboEngage  Operational Dashbo/h3_Pages Info (4)' is clicked on

2019-04-24 13:43:23 - [MESSAGE][PASSED] - Object: 'Object Repository/Page_KiboEngage  Operational Dashbo/h3_Pages Info (4)' is clicked on

2019-04-24 13:43:23 - [MESSAGE][PASSED] - Call Test Case 'Test Cases/s-sidebar_navigation/individualAccount/operationalDashboard' successfully

2019-04-24 13:43:23 - [MESSAGE][PASSED] - Call Test Case 'Test Cases/Operational_Dashboard/Login' successfully

2019-04-24 13:43:23 - [TEST_STEP][PASSED] - click: Object: 'Object Repository/Page_KiboEngage  Operational Dashbo/i_la la-angle-down' is clicked on

2019-04-24 13:43:23 - [MESSAGE][PASSED] - Object: 'Object Repository/Page_KiboEngage  Operational Dashbo/i_la la-angle-down' is clicked on

2019-04-24 13:43:23 - [TEST_STEP][PASSED] - delay: Delayed 5 second(s)

2019-04-24 13:43:28 - [MESSAGE][PASSED] - Delayed 5 second(s)

2019-04-24 13:43:28 - [TEST_STEP][PASSED] - Statement - driver = com.kms.katalon.core.webui.driver.DriverFactory.getWebDriver(): null

2019-04-24 13:43:28 - [TEST_STEP][PASSED] - Statement - rows_table = driver.findElements(org.openqa.selenium.By.xpath("//*[@id="content"]/div/div/div/div[2]/div[3]/div[5]/div/div/div[2]/div/div/div[2]/table/tbody/tr")): null

2019-04-24 13:43:28 - [TEST_STEP][PASSED] - Statement - rows_count = rows_table.size(): null

2019-04-24 13:43:28 - [TEST_STEP][FAILED] - verifyGreaterThanOrEqual: Unable to verify actual number '0' greater than or equal with expected number '1' (Root cause: Actual number '0' is NOT greater than or equal to expected number '1')

2019-04-24 13:43:28 - [MESSAGE][FAILED] - Unable to verify actual number '0' greater than or equal with expected number '1' (Root cause: Actual number '0' is NOT greater than or equal to expected number '1')

2019-04-24 13:43:28 - [MESSAGE][FAILED] - Unable to call Test Case with id 'Test Cases/Operational_Dashboard/167' (Root cause: Call Test Case 'Test Cases/Operational_Dashboard/167' failed)]]></system-out>
         <system-err><![CDATA[2019-04-24 13:43:22 - [TEST_CASE][FAILED] - Test Cases/Operational_Dashboard/170: Test Cases/Operational_Dashboard/170 FAILED because (of) Unable to verify actual number '0' greater than or equal with expected number '1' (Root cause: Actual number '0' is NOT greater than or equal to expected number '1')]]></system-err>
      </testcase>
      <testcase name="Test Cases/Operational_Dashboard/171" classname="Test Cases/Operational_Dashboard/171" status="FAILED">
         <failure type="FAILED" message="Unable to verify actual number '0' greater than or equal with expected number '1' (Root cause: Actual number '0' is NOT greater than or equal to expected number '1')"/>
         <system-out><![CDATA[2019-04-24 13:43:29 - [TEST_CASE][FAILED] - Test Cases/Operational_Dashboard/171: Test Cases/Operational_Dashboard/171 FAILED because (of) Unable to verify actual number '0' greater than or equal with expected number '1' (Root cause: Actual number '0' is NOT greater than or equal to expected number '1')

2019-04-24 13:43:29 - [TEST_STEP][FAILED] - callTestCase: Unable to call Test Case with id 'Test Cases/Operational_Dashboard/167' (Root cause: Call Test Case 'Test Cases/Operational_Dashboard/167' failed)

2019-04-24 13:43:29 - [TEST_CASE][FAILED] - Test Cases/Operational_Dashboard/167: Test Cases/Operational_Dashboard/167 FAILED because (of) Unable to verify actual number '0' greater than or equal with expected number '1' (Root cause: Actual number '0' is NOT greater than or equal to expected number '1')

2019-04-24 13:43:29 - [TEST_STEP][PASSED] - callTestCase: Call Test Case 'Test Cases/Operational_Dashboard/Login' successfully

2019-04-24 13:43:29 - [TEST_CASE][PASSED] - Test Cases/Operational_Dashboard/Login: Test Cases/Operational_Dashboard/Login

2019-04-24 13:43:29 - [TEST_STEP][PASSED] - callTestCase: Call Test Case 'Test Cases/s-sidebar_navigation/individualAccount/operationalDashboard' successfully

2019-04-24 13:43:29 - [TEST_CASE][PASSED] - Test Cases/s-sidebar_navigation/individualAccount/operationalDashboard: Test Cases/s-sidebar_navigation/individualAccount/operationalDashboard

2019-04-24 13:43:29 - [TEST_STEP][PASSED] - click: Object: 'Object Repository/Page_KiboEngage  Subscribers/span_Subscribers' is clicked on

2019-04-24 13:43:30 - [MESSAGE][PASSED] - Object: 'Object Repository/Page_KiboEngage  Subscribers/span_Subscribers' is clicked on

2019-04-24 13:43:30 - [TEST_STEP][PASSED] - click: Object: 'Object Repository/Page_KiboEngage  Subscribers/span_Operational Dashboard (1)' is clicked on

2019-04-24 13:43:30 - [MESSAGE][PASSED] - Object: 'Object Repository/Page_KiboEngage  Subscribers/span_Operational Dashboard (1)' is clicked on

2019-04-24 13:43:30 - [TEST_STEP][PASSED] - scrollToPosition: Browser is scrolled to position x = 0, y = 0

2019-04-24 13:43:30 - [MESSAGE][PASSED] - Browser is scrolled to position x = 0, y = 0

2019-04-24 13:43:30 - [TEST_STEP][PASSED] - click: Object: 'Object Repository/Page_KiboEngage  Operational Dashbo/h3_Pages Info (4)' is clicked on

2019-04-24 13:43:30 - [MESSAGE][PASSED] - Object: 'Object Repository/Page_KiboEngage  Operational Dashbo/h3_Pages Info (4)' is clicked on

2019-04-24 13:43:30 - [MESSAGE][PASSED] - Call Test Case 'Test Cases/s-sidebar_navigation/individualAccount/operationalDashboard' successfully

2019-04-24 13:43:30 - [MESSAGE][PASSED] - Call Test Case 'Test Cases/Operational_Dashboard/Login' successfully

2019-04-24 13:43:30 - [TEST_STEP][PASSED] - click: Object: 'Object Repository/Page_KiboEngage  Operational Dashbo/i_la la-angle-down' is clicked on

2019-04-24 13:43:30 - [MESSAGE][PASSED] - Object: 'Object Repository/Page_KiboEngage  Operational Dashbo/i_la la-angle-down' is clicked on

2019-04-24 13:43:30 - [TEST_STEP][PASSED] - delay: Delayed 5 second(s)

2019-04-24 13:43:35 - [MESSAGE][PASSED] - Delayed 5 second(s)

2019-04-24 13:43:35 - [TEST_STEP][PASSED] - Statement - driver = com.kms.katalon.core.webui.driver.DriverFactory.getWebDriver(): null

2019-04-24 13:43:35 - [TEST_STEP][PASSED] - Statement - rows_table = driver.findElements(org.openqa.selenium.By.xpath("//*[@id="content"]/div/div/div/div[2]/div[3]/div[5]/div/div/div[2]/div/div/div[2]/table/tbody/tr")): null

2019-04-24 13:43:35 - [TEST_STEP][PASSED] - Statement - rows_count = rows_table.size(): null

2019-04-24 13:43:35 - [TEST_STEP][FAILED] - verifyGreaterThanOrEqual: Unable to verify actual number '0' greater than or equal with expected number '1' (Root cause: Actual number '0' is NOT greater than or equal to expected number '1')

2019-04-24 13:43:35 - [MESSAGE][FAILED] - Unable to verify actual number '0' greater than or equal with expected number '1' (Root cause: Actual number '0' is NOT greater than or equal to expected number '1')

2019-04-24 13:43:35 - [MESSAGE][FAILED] - Unable to call Test Case with id 'Test Cases/Operational_Dashboard/167' (Root cause: Call Test Case 'Test Cases/Operational_Dashboard/167' failed)]]></system-out>
         <system-err><![CDATA[2019-04-24 13:43:29 - [TEST_CASE][FAILED] - Test Cases/Operational_Dashboard/171: Test Cases/Operational_Dashboard/171 FAILED because (of) Unable to verify actual number '0' greater than or equal with expected number '1' (Root cause: Actual number '0' is NOT greater than or equal to expected number '1')]]></system-err>
      </testcase>
      <testcase name="Test Cases/Operational_Dashboard/172" classname="Test Cases/Operational_Dashboard/172" status="PASSED">
         <system-out><![CDATA[2019-04-24 13:43:35 - [TEST_CASE][PASSED] - Test Cases/Operational_Dashboard/172: Test Cases/Operational_Dashboard/172

2019-04-24 13:43:36 - [TEST_STEP][PASSED] - callTestCase: Call Test Case 'Test Cases/Operational_Dashboard/167' successfully

2019-04-24 13:43:36 - [TEST_CASE][PASSED] - Test Cases/Operational_Dashboard/167: Test Cases/Operational_Dashboard/167

2019-04-24 13:43:36 - [TEST_STEP][PASSED] - callTestCase: Call Test Case 'Test Cases/Operational_Dashboard/Login' successfully

2019-04-24 13:43:36 - [TEST_CASE][PASSED] - Test Cases/Operational_Dashboard/Login: Test Cases/Operational_Dashboard/Login

2019-04-24 13:43:36 - [TEST_STEP][PASSED] - callTestCase: Call Test Case 'Test Cases/s-sidebar_navigation/individualAccount/operationalDashboard' successfully

2019-04-24 13:43:36 - [TEST_CASE][PASSED] - Test Cases/s-sidebar_navigation/individualAccount/operationalDashboard: Test Cases/s-sidebar_navigation/individualAccount/operationalDashboard

2019-04-24 13:43:36 - [TEST_STEP][PASSED] - click: Object: 'Object Repository/Page_KiboEngage  Subscribers/span_Subscribers' is clicked on

2019-04-24 13:43:36 - [MESSAGE][PASSED] - Object: 'Object Repository/Page_KiboEngage  Subscribers/span_Subscribers' is clicked on

2019-04-24 13:43:36 - [TEST_STEP][PASSED] - click: Object: 'Object Repository/Page_KiboEngage  Subscribers/span_Operational Dashboard (1)' is clicked on

2019-04-24 13:43:36 - [MESSAGE][PASSED] - Object: 'Object Repository/Page_KiboEngage  Subscribers/span_Operational Dashboard (1)' is clicked on

2019-04-24 13:43:36 - [TEST_STEP][PASSED] - scrollToPosition: Browser is scrolled to position x = 0, y = 0

2019-04-24 13:43:36 - [MESSAGE][PASSED] - Browser is scrolled to position x = 0, y = 0

2019-04-24 13:43:36 - [TEST_STEP][PASSED] - click: Object: 'Object Repository/Page_KiboEngage  Operational Dashbo/h3_Pages Info (4)' is clicked on

2019-04-24 13:43:37 - [MESSAGE][PASSED] - Object: 'Object Repository/Page_KiboEngage  Operational Dashbo/h3_Pages Info (4)' is clicked on

2019-04-24 13:43:37 - [MESSAGE][PASSED] - Call Test Case 'Test Cases/s-sidebar_navigation/individualAccount/operationalDashboard' successfully

2019-04-24 13:43:37 - [MESSAGE][PASSED] - Call Test Case 'Test Cases/Operational_Dashboard/Login' successfully

2019-04-24 13:43:37 - [TEST_STEP][PASSED] - click: Object: 'Object Repository/Page_KiboEngage  Operational Dashbo/i_la la-angle-down' is clicked on

2019-04-24 13:43:37 - [MESSAGE][PASSED] - Object: 'Object Repository/Page_KiboEngage  Operational Dashbo/i_la la-angle-down' is clicked on

2019-04-24 13:43:37 - [TEST_STEP][PASSED] - delay: Delayed 5 second(s)

2019-04-24 13:43:42 - [MESSAGE][PASSED] - Delayed 5 second(s)

2019-04-24 13:43:42 - [TEST_STEP][PASSED] - Statement - driver = com.kms.katalon.core.webui.driver.DriverFactory.getWebDriver(): null

2019-04-24 13:43:42 - [TEST_STEP][PASSED] - Statement - rows_table = driver.findElements(org.openqa.selenium.By.xpath("//*[@id="content"]/div/div/div/div[2]/div[3]/div[5]/div/div/div[2]/div/div/div[2]/table/tbody/tr")): null

2019-04-24 13:43:42 - [TEST_STEP][PASSED] - Statement - rows_count = rows_table.size(): null

2019-04-24 13:43:42 - [TEST_STEP][PASSED] - verifyGreaterThanOrEqual: Actual number '10' is greater than or equal to expected number '1'

2019-04-24 13:43:42 - [MESSAGE][PASSED] - Actual number '10' is greater than or equal to expected number '1'

2019-04-24 13:43:42 - [MESSAGE][PASSED] - Call Test Case 'Test Cases/Operational_Dashboard/167' successfully

2019-04-24 13:43:42 - [TEST_STEP][PASSED] - Statement - driver = com.kms.katalon.core.webui.driver.DriverFactory.getWebDriver(): null

2019-04-24 13:43:42 - [TEST_STEP][PASSED] - Statement - search_text = driver.findElement(org.openqa.selenium.By.xpath("//*[@id="example-text-input"]")): null

2019-04-24 13:43:42 - [TEST_STEP][PASSED] - Statement - search_text.clear(): null

2019-04-24 13:43:42 - [TEST_STEP][PASSED] - Statement - search_text.sendKeys("3"): null

2019-04-24 13:43:42 - [TEST_STEP][PASSED] - delay: Delayed 5 second(s)

2019-04-24 13:43:47 - [MESSAGE][PASSED] - Delayed 5 second(s)

2019-04-24 13:43:47 - [TEST_STEP][PASSED] - Statement - rows_table = driver.findElements(org.openqa.selenium.By.xpath("//*[@id="content"]/div/div/div/div[2]/div[3]/div[5]/div/div/div[2]/div/div/div[2]/table/tbody/tr")): null

2019-04-24 13:43:47 - [TEST_STEP][PASSED] - Statement - rows_count = rows_table.size(): null

2019-04-24 13:43:47 - [TEST_STEP][PASSED] - verifyGreaterThanOrEqual: Actual number '10' is greater than or equal to expected number '1'

2019-04-24 13:43:47 - [MESSAGE][PASSED] - Actual number '10' is greater than or equal to expected number '1']]></system-out>
         <system-err><![CDATA[]]></system-err>
      </testcase>
      <testcase name="Test Cases/Operational_Dashboard/173" classname="Test Cases/Operational_Dashboard/173" status="FAILED">
         <failure type="FAILED" message="Unable to verify actual number '0' greater than or equal with expected number '1' (Root cause: Actual number '0' is NOT greater than or equal to expected number '1')"/>
         <system-out><![CDATA[2019-04-24 13:43:47 - [TEST_CASE][FAILED] - Test Cases/Operational_Dashboard/173: Test Cases/Operational_Dashboard/173 FAILED because (of) Unable to verify actual number '0' greater than or equal with expected number '1' (Root cause: Actual number '0' is NOT greater than or equal to expected number '1')

2019-04-24 13:43:47 - [TEST_STEP][FAILED] - callTestCase: Unable to call Test Case with id 'Test Cases/Operational_Dashboard/167' (Root cause: Call Test Case 'Test Cases/Operational_Dashboard/167' failed)

2019-04-24 13:43:47 - [TEST_CASE][FAILED] - Test Cases/Operational_Dashboard/167: Test Cases/Operational_Dashboard/167 FAILED because (of) Unable to verify actual number '0' greater than or equal with expected number '1' (Root cause: Actual number '0' is NOT greater than or equal to expected number '1')

2019-04-24 13:43:47 - [TEST_STEP][PASSED] - callTestCase: Call Test Case 'Test Cases/Operational_Dashboard/Login' successfully

2019-04-24 13:43:47 - [TEST_CASE][PASSED] - Test Cases/Operational_Dashboard/Login: Test Cases/Operational_Dashboard/Login

2019-04-24 13:43:47 - [TEST_STEP][PASSED] - callTestCase: Call Test Case 'Test Cases/s-sidebar_navigation/individualAccount/operationalDashboard' successfully

2019-04-24 13:43:47 - [TEST_CASE][PASSED] - Test Cases/s-sidebar_navigation/individualAccount/operationalDashboard: Test Cases/s-sidebar_navigation/individualAccount/operationalDashboard

2019-04-24 13:43:47 - [TEST_STEP][PASSED] - click: Object: 'Object Repository/Page_KiboEngage  Subscribers/span_Subscribers' is clicked on

2019-04-24 13:43:48 - [MESSAGE][PASSED] - Object: 'Object Repository/Page_KiboEngage  Subscribers/span_Subscribers' is clicked on

2019-04-24 13:43:48 - [TEST_STEP][PASSED] - click: Object: 'Object Repository/Page_KiboEngage  Subscribers/span_Operational Dashboard (1)' is clicked on

2019-04-24 13:43:48 - [MESSAGE][PASSED] - Object: 'Object Repository/Page_KiboEngage  Subscribers/span_Operational Dashboard (1)' is clicked on

2019-04-24 13:43:48 - [TEST_STEP][PASSED] - scrollToPosition: Browser is scrolled to position x = 0, y = 0

2019-04-24 13:43:48 - [MESSAGE][PASSED] - Browser is scrolled to position x = 0, y = 0

2019-04-24 13:43:48 - [TEST_STEP][PASSED] - click: Object: 'Object Repository/Page_KiboEngage  Operational Dashbo/h3_Pages Info (4)' is clicked on

2019-04-24 13:43:48 - [MESSAGE][PASSED] - Object: 'Object Repository/Page_KiboEngage  Operational Dashbo/h3_Pages Info (4)' is clicked on

2019-04-24 13:43:48 - [MESSAGE][PASSED] - Call Test Case 'Test Cases/s-sidebar_navigation/individualAccount/operationalDashboard' successfully

2019-04-24 13:43:48 - [MESSAGE][PASSED] - Call Test Case 'Test Cases/Operational_Dashboard/Login' successfully

2019-04-24 13:43:48 - [TEST_STEP][PASSED] - click: Object: 'Object Repository/Page_KiboEngage  Operational Dashbo/i_la la-angle-down' is clicked on

2019-04-24 13:43:48 - [MESSAGE][PASSED] - Object: 'Object Repository/Page_KiboEngage  Operational Dashbo/i_la la-angle-down' is clicked on

2019-04-24 13:43:48 - [TEST_STEP][PASSED] - delay: Delayed 5 second(s)

2019-04-24 13:43:53 - [MESSAGE][PASSED] - Delayed 5 second(s)

2019-04-24 13:43:53 - [TEST_STEP][PASSED] - Statement - driver = com.kms.katalon.core.webui.driver.DriverFactory.getWebDriver(): null

2019-04-24 13:43:53 - [TEST_STEP][PASSED] - Statement - rows_table = driver.findElements(org.openqa.selenium.By.xpath("//*[@id="content"]/div/div/div/div[2]/div[3]/div[5]/div/div/div[2]/div/div/div[2]/table/tbody/tr")): null

2019-04-24 13:43:54 - [TEST_STEP][PASSED] - Statement - rows_count = rows_table.size(): null

2019-04-24 13:43:54 - [TEST_STEP][FAILED] - verifyGreaterThanOrEqual: Unable to verify actual number '0' greater than or equal with expected number '1' (Root cause: Actual number '0' is NOT greater than or equal to expected number '1')

2019-04-24 13:43:54 - [MESSAGE][FAILED] - Unable to verify actual number '0' greater than or equal with expected number '1' (Root cause: Actual number '0' is NOT greater than or equal to expected number '1')

2019-04-24 13:43:54 - [MESSAGE][FAILED] - Unable to call Test Case with id 'Test Cases/Operational_Dashboard/167' (Root cause: Call Test Case 'Test Cases/Operational_Dashboard/167' failed)]]></system-out>
         <system-err><![CDATA[2019-04-24 13:43:47 - [TEST_CASE][FAILED] - Test Cases/Operational_Dashboard/173: Test Cases/Operational_Dashboard/173 FAILED because (of) Unable to verify actual number '0' greater than or equal with expected number '1' (Root cause: Actual number '0' is NOT greater than or equal to expected number '1')]]></system-err>
      </testcase>
      <testcase name="Test Cases/Operational_Dashboard/174" classname="Test Cases/Operational_Dashboard/174" status="PASSED">
         <system-out><![CDATA[2019-04-24 13:43:54 - [TEST_CASE][PASSED] - Test Cases/Operational_Dashboard/174: Test Cases/Operational_Dashboard/174

2019-04-24 13:43:54 - [TEST_STEP][PASSED] - callTestCase: Call Test Case 'Test Cases/Operational_Dashboard/167' successfully

2019-04-24 13:43:54 - [TEST_CASE][PASSED] - Test Cases/Operational_Dashboard/167: Test Cases/Operational_Dashboard/167

2019-04-24 13:43:54 - [TEST_STEP][PASSED] - callTestCase: Call Test Case 'Test Cases/Operational_Dashboard/Login' successfully

2019-04-24 13:43:54 - [TEST_CASE][PASSED] - Test Cases/Operational_Dashboard/Login: Test Cases/Operational_Dashboard/Login

2019-04-24 13:43:54 - [TEST_STEP][PASSED] - callTestCase: Call Test Case 'Test Cases/s-sidebar_navigation/individualAccount/operationalDashboard' successfully

2019-04-24 13:43:54 - [TEST_CASE][PASSED] - Test Cases/s-sidebar_navigation/individualAccount/operationalDashboard: Test Cases/s-sidebar_navigation/individualAccount/operationalDashboard

2019-04-24 13:43:54 - [TEST_STEP][PASSED] - click: Object: 'Object Repository/Page_KiboEngage  Subscribers/span_Subscribers' is clicked on

2019-04-24 13:43:54 - [MESSAGE][PASSED] - Object: 'Object Repository/Page_KiboEngage  Subscribers/span_Subscribers' is clicked on

2019-04-24 13:43:54 - [TEST_STEP][PASSED] - click: Object: 'Object Repository/Page_KiboEngage  Subscribers/span_Operational Dashboard (1)' is clicked on

2019-04-24 13:43:55 - [MESSAGE][PASSED] - Object: 'Object Repository/Page_KiboEngage  Subscribers/span_Operational Dashboard (1)' is clicked on

2019-04-24 13:43:55 - [TEST_STEP][PASSED] - scrollToPosition: Browser is scrolled to position x = 0, y = 0

2019-04-24 13:43:55 - [MESSAGE][PASSED] - Browser is scrolled to position x = 0, y = 0

2019-04-24 13:43:55 - [TEST_STEP][PASSED] - click: Object: 'Object Repository/Page_KiboEngage  Operational Dashbo/h3_Pages Info (4)' is clicked on

2019-04-24 13:43:55 - [MESSAGE][PASSED] - Object: 'Object Repository/Page_KiboEngage  Operational Dashbo/h3_Pages Info (4)' is clicked on

2019-04-24 13:43:55 - [MESSAGE][PASSED] - Call Test Case 'Test Cases/s-sidebar_navigation/individualAccount/operationalDashboard' successfully

2019-04-24 13:43:55 - [MESSAGE][PASSED] - Call Test Case 'Test Cases/Operational_Dashboard/Login' successfully

2019-04-24 13:43:55 - [TEST_STEP][PASSED] - click: Object: 'Object Repository/Page_KiboEngage  Operational Dashbo/i_la la-angle-down' is clicked on

2019-04-24 13:43:55 - [MESSAGE][PASSED] - Object: 'Object Repository/Page_KiboEngage  Operational Dashbo/i_la la-angle-down' is clicked on

2019-04-24 13:43:55 - [TEST_STEP][PASSED] - delay: Delayed 5 second(s)

2019-04-24 13:44:00 - [MESSAGE][PASSED] - Delayed 5 second(s)

2019-04-24 13:44:00 - [TEST_STEP][PASSED] - Statement - driver = com.kms.katalon.core.webui.driver.DriverFactory.getWebDriver(): null

2019-04-24 13:44:00 - [TEST_STEP][PASSED] - Statement - rows_table = driver.findElements(org.openqa.selenium.By.xpath("//*[@id="content"]/div/div/div/div[2]/div[3]/div[5]/div/div/div[2]/div/div/div[2]/table/tbody/tr")): null

2019-04-24 13:44:00 - [TEST_STEP][PASSED] - Statement - rows_count = rows_table.size(): null

2019-04-24 13:44:00 - [TEST_STEP][PASSED] - verifyGreaterThanOrEqual: Actual number '10' is greater than or equal to expected number '1'

2019-04-24 13:44:00 - [MESSAGE][PASSED] - Actual number '10' is greater than or equal to expected number '1'

2019-04-24 13:44:00 - [MESSAGE][PASSED] - Call Test Case 'Test Cases/Operational_Dashboard/167' successfully

2019-04-24 13:44:00 - [TEST_STEP][PASSED] - click: Object: 'Object Repository/Page_KiboEngage  Operational Dashbo/button_View' is clicked on

2019-04-24 13:44:00 - [MESSAGE][PASSED] - Object: 'Object Repository/Page_KiboEngage  Operational Dashbo/button_View' is clicked on

2019-04-24 13:44:00 - [TEST_STEP][PASSED] - delay: Delayed 5 second(s)

2019-04-24 13:44:05 - [MESSAGE][PASSED] - Delayed 5 second(s)

2019-04-24 13:44:05 - [TEST_STEP][PASSED] - verifyTextPresent: Text 'Typically replies instantly' is present on page 

2019-04-24 13:44:06 - [MESSAGE][PASSED] - Text 'Typically replies instantly' is present on page]]></system-out>
         <system-err><![CDATA[]]></system-err>
      </testcase>
      <testcase name="Test Cases/Operational_Dashboard/175" classname="Test Cases/Operational_Dashboard/175" status="FAILED">
         <failure type="FAILED" message="Unable to verify actual number '0' greater than or equal with expected number '1' (Root cause: Actual number '0' is NOT greater than or equal to expected number '1')"/>
         <system-out><![CDATA[2019-04-24 13:44:06 - [TEST_CASE][FAILED] - Test Cases/Operational_Dashboard/175: Test Cases/Operational_Dashboard/175 FAILED because (of) Unable to verify actual number '0' greater than or equal with expected number '1' (Root cause: Actual number '0' is NOT greater than or equal to expected number '1')

2019-04-24 13:44:06 - [TEST_STEP][FAILED] - callTestCase: Unable to call Test Case with id 'Test Cases/Operational_Dashboard/167' (Root cause: Call Test Case 'Test Cases/Operational_Dashboard/167' failed)

2019-04-24 13:44:06 - [TEST_CASE][FAILED] - Test Cases/Operational_Dashboard/167: Test Cases/Operational_Dashboard/167 FAILED because (of) Unable to verify actual number '0' greater than or equal with expected number '1' (Root cause: Actual number '0' is NOT greater than or equal to expected number '1')

2019-04-24 13:44:06 - [TEST_STEP][PASSED] - callTestCase: Call Test Case 'Test Cases/Operational_Dashboard/Login' successfully

2019-04-24 13:44:06 - [TEST_CASE][PASSED] - Test Cases/Operational_Dashboard/Login: Test Cases/Operational_Dashboard/Login

2019-04-24 13:44:06 - [TEST_STEP][PASSED] - callTestCase: Call Test Case 'Test Cases/s-sidebar_navigation/individualAccount/operationalDashboard' successfully

2019-04-24 13:44:06 - [TEST_CASE][PASSED] - Test Cases/s-sidebar_navigation/individualAccount/operationalDashboard: Test Cases/s-sidebar_navigation/individualAccount/operationalDashboard

2019-04-24 13:44:06 - [TEST_STEP][PASSED] - click: Object: 'Object Repository/Page_KiboEngage  Subscribers/span_Subscribers' is clicked on

2019-04-24 13:44:06 - [MESSAGE][PASSED] - Object: 'Object Repository/Page_KiboEngage  Subscribers/span_Subscribers' is clicked on

2019-04-24 13:44:06 - [TEST_STEP][PASSED] - click: Object: 'Object Repository/Page_KiboEngage  Subscribers/span_Operational Dashboard (1)' is clicked on

2019-04-24 13:44:07 - [MESSAGE][PASSED] - Object: 'Object Repository/Page_KiboEngage  Subscribers/span_Operational Dashboard (1)' is clicked on

2019-04-24 13:44:07 - [TEST_STEP][PASSED] - scrollToPosition: Browser is scrolled to position x = 0, y = 0

2019-04-24 13:44:07 - [MESSAGE][PASSED] - Browser is scrolled to position x = 0, y = 0

2019-04-24 13:44:07 - [TEST_STEP][PASSED] - click: Object: 'Object Repository/Page_KiboEngage  Operational Dashbo/h3_Pages Info (4)' is clicked on

2019-04-24 13:44:07 - [MESSAGE][PASSED] - Object: 'Object Repository/Page_KiboEngage  Operational Dashbo/h3_Pages Info (4)' is clicked on

2019-04-24 13:44:07 - [MESSAGE][PASSED] - Call Test Case 'Test Cases/s-sidebar_navigation/individualAccount/operationalDashboard' successfully

2019-04-24 13:44:07 - [MESSAGE][PASSED] - Call Test Case 'Test Cases/Operational_Dashboard/Login' successfully

2019-04-24 13:44:07 - [TEST_STEP][PASSED] - click: Object: 'Object Repository/Page_KiboEngage  Operational Dashbo/i_la la-angle-down' is clicked on

2019-04-24 13:44:07 - [MESSAGE][PASSED] - Object: 'Object Repository/Page_KiboEngage  Operational Dashbo/i_la la-angle-down' is clicked on

2019-04-24 13:44:07 - [TEST_STEP][PASSED] - delay: Delayed 5 second(s)

2019-04-24 13:44:12 - [MESSAGE][PASSED] - Delayed 5 second(s)

2019-04-24 13:44:12 - [TEST_STEP][PASSED] - Statement - driver = com.kms.katalon.core.webui.driver.DriverFactory.getWebDriver(): null

2019-04-24 13:44:12 - [TEST_STEP][PASSED] - Statement - rows_table = driver.findElements(org.openqa.selenium.By.xpath("//*[@id="content"]/div/div/div/div[2]/div[3]/div[5]/div/div/div[2]/div/div/div[2]/table/tbody/tr")): null

2019-04-24 13:44:12 - [TEST_STEP][PASSED] - Statement - rows_count = rows_table.size(): null

2019-04-24 13:44:12 - [TEST_STEP][FAILED] - verifyGreaterThanOrEqual: Unable to verify actual number '0' greater than or equal with expected number '1' (Root cause: Actual number '0' is NOT greater than or equal to expected number '1')

2019-04-24 13:44:12 - [MESSAGE][FAILED] - Unable to verify actual number '0' greater than or equal with expected number '1' (Root cause: Actual number '0' is NOT greater than or equal to expected number '1')

2019-04-24 13:44:12 - [MESSAGE][FAILED] - Unable to call Test Case with id 'Test Cases/Operational_Dashboard/167' (Root cause: Call Test Case 'Test Cases/Operational_Dashboard/167' failed)]]></system-out>
         <system-err><![CDATA[2019-04-24 13:44:06 - [TEST_CASE][FAILED] - Test Cases/Operational_Dashboard/175: Test Cases/Operational_Dashboard/175 FAILED because (of) Unable to verify actual number '0' greater than or equal with expected number '1' (Root cause: Actual number '0' is NOT greater than or equal to expected number '1')]]></system-err>
      </testcase>
      <testcase name="Test Cases/Operational_Dashboard/176" classname="Test Cases/Operational_Dashboard/176" status="PASSED">
         <system-out><![CDATA[2019-04-24 13:44:12 - [TEST_CASE][PASSED] - Test Cases/Operational_Dashboard/176: Test Cases/Operational_Dashboard/176

2019-04-24 13:44:12 - [TEST_STEP][PASSED] - callTestCase: Call Test Case 'Test Cases/Operational_Dashboard/167' successfully

2019-04-24 13:44:12 - [TEST_CASE][PASSED] - Test Cases/Operational_Dashboard/167: Test Cases/Operational_Dashboard/167

2019-04-24 13:44:12 - [TEST_STEP][PASSED] - callTestCase: Call Test Case 'Test Cases/Operational_Dashboard/Login' successfully

2019-04-24 13:44:12 - [TEST_CASE][PASSED] - Test Cases/Operational_Dashboard/Login: Test Cases/Operational_Dashboard/Login

2019-04-24 13:44:12 - [TEST_STEP][PASSED] - callTestCase: Call Test Case 'Test Cases/s-sidebar_navigation/individualAccount/operationalDashboard' successfully

2019-04-24 13:44:12 - [TEST_CASE][PASSED] - Test Cases/s-sidebar_navigation/individualAccount/operationalDashboard: Test Cases/s-sidebar_navigation/individualAccount/operationalDashboard

2019-04-24 13:44:12 - [TEST_STEP][PASSED] - click: Object: 'Object Repository/Page_KiboEngage  Subscribers/span_Subscribers' is clicked on

2019-04-24 13:44:13 - [MESSAGE][PASSED] - Object: 'Object Repository/Page_KiboEngage  Subscribers/span_Subscribers' is clicked on

2019-04-24 13:44:13 - [TEST_STEP][PASSED] - click: Object: 'Object Repository/Page_KiboEngage  Subscribers/span_Operational Dashboard (1)' is clicked on

2019-04-24 13:44:13 - [MESSAGE][PASSED] - Object: 'Object Repository/Page_KiboEngage  Subscribers/span_Operational Dashboard (1)' is clicked on

2019-04-24 13:44:13 - [TEST_STEP][PASSED] - scrollToPosition: Browser is scrolled to position x = 0, y = 0

2019-04-24 13:44:13 - [MESSAGE][PASSED] - Browser is scrolled to position x = 0, y = 0

2019-04-24 13:44:13 - [TEST_STEP][PASSED] - click: Object: 'Object Repository/Page_KiboEngage  Operational Dashbo/h3_Pages Info (4)' is clicked on

2019-04-24 13:44:13 - [MESSAGE][PASSED] - Object: 'Object Repository/Page_KiboEngage  Operational Dashbo/h3_Pages Info (4)' is clicked on

2019-04-24 13:44:13 - [MESSAGE][PASSED] - Call Test Case 'Test Cases/s-sidebar_navigation/individualAccount/operationalDashboard' successfully

2019-04-24 13:44:13 - [MESSAGE][PASSED] - Call Test Case 'Test Cases/Operational_Dashboard/Login' successfully

2019-04-24 13:44:13 - [TEST_STEP][PASSED] - click: Object: 'Object Repository/Page_KiboEngage  Operational Dashbo/i_la la-angle-down' is clicked on

2019-04-24 13:44:13 - [MESSAGE][PASSED] - Object: 'Object Repository/Page_KiboEngage  Operational Dashbo/i_la la-angle-down' is clicked on

2019-04-24 13:44:13 - [TEST_STEP][PASSED] - delay: Delayed 5 second(s)

2019-04-24 13:44:18 - [MESSAGE][PASSED] - Delayed 5 second(s)

2019-04-24 13:44:18 - [TEST_STEP][PASSED] - Statement - driver = com.kms.katalon.core.webui.driver.DriverFactory.getWebDriver(): null

2019-04-24 13:44:18 - [TEST_STEP][PASSED] - Statement - rows_table = driver.findElements(org.openqa.selenium.By.xpath("//*[@id="content"]/div/div/div/div[2]/div[3]/div[5]/div/div/div[2]/div/div/div[2]/table/tbody/tr")): null

2019-04-24 13:44:19 - [TEST_STEP][PASSED] - Statement - rows_count = rows_table.size(): null

2019-04-24 13:44:19 - [TEST_STEP][PASSED] - verifyGreaterThanOrEqual: Actual number '10' is greater than or equal to expected number '1'

2019-04-24 13:44:19 - [MESSAGE][PASSED] - Actual number '10' is greater than or equal to expected number '1'

2019-04-24 13:44:19 - [MESSAGE][PASSED] - Call Test Case 'Test Cases/Operational_Dashboard/167' successfully

2019-04-24 13:44:19 - [TEST_STEP][PASSED] - click: Object: 'Object Repository/Page_KiboEngage  Operational Dashbo/i_la la-angle-up' is clicked on

2019-04-24 13:44:19 - [MESSAGE][PASSED] - Object: 'Object Repository/Page_KiboEngage  Operational Dashbo/i_la la-angle-up' is clicked on

2019-04-24 13:44:19 - [TEST_STEP][PASSED] - delay: Delayed 5 second(s)

2019-04-24 13:44:24 - [MESSAGE][PASSED] - Delayed 5 second(s)

2019-04-24 13:44:24 - [TEST_STEP][PASSED] - verifyTextNotPresent: Text 'Broadcast Title' is not present on page

2019-04-24 13:44:24 - [MESSAGE][PASSED] - Text 'Broadcast Title' is not present on page]]></system-out>
         <system-err><![CDATA[]]></system-err>
      </testcase>
      <testcase name="Test Cases/Operational_Dashboard/177" classname="Test Cases/Operational_Dashboard/177" status="FAILED">
         <failure type="FAILED" message="Unable to verify actual number '0' greater than or equal with expected number '1' (Root cause: Actual number '0' is NOT greater than or equal to expected number '1')"/>
         <system-out><![CDATA[2019-04-24 13:44:24 - [TEST_CASE][FAILED] - Test Cases/Operational_Dashboard/177: Test Cases/Operational_Dashboard/177 FAILED because (of) Unable to verify actual number '0' greater than or equal with expected number '1' (Root cause: Actual number '0' is NOT greater than or equal to expected number '1')

2019-04-24 13:44:24 - [TEST_STEP][PASSED] - callTestCase: Call Test Case 'Test Cases/Operational_Dashboard/Login' successfully

2019-04-24 13:44:24 - [TEST_CASE][PASSED] - Test Cases/Operational_Dashboard/Login: Test Cases/Operational_Dashboard/Login

2019-04-24 13:44:24 - [TEST_STEP][PASSED] - callTestCase: Call Test Case 'Test Cases/s-sidebar_navigation/individualAccount/operationalDashboard' successfully

2019-04-24 13:44:24 - [TEST_CASE][PASSED] - Test Cases/s-sidebar_navigation/individualAccount/operationalDashboard: Test Cases/s-sidebar_navigation/individualAccount/operationalDashboard

2019-04-24 13:44:24 - [TEST_STEP][PASSED] - click: Object: 'Object Repository/Page_KiboEngage  Subscribers/span_Subscribers' is clicked on

2019-04-24 13:44:25 - [MESSAGE][PASSED] - Object: 'Object Repository/Page_KiboEngage  Subscribers/span_Subscribers' is clicked on

2019-04-24 13:44:25 - [TEST_STEP][PASSED] - click: Object: 'Object Repository/Page_KiboEngage  Subscribers/span_Operational Dashboard (1)' is clicked on

2019-04-24 13:44:25 - [MESSAGE][PASSED] - Object: 'Object Repository/Page_KiboEngage  Subscribers/span_Operational Dashboard (1)' is clicked on

2019-04-24 13:44:25 - [TEST_STEP][PASSED] - scrollToPosition: Browser is scrolled to position x = 0, y = 0

2019-04-24 13:44:25 - [MESSAGE][PASSED] - Browser is scrolled to position x = 0, y = 0

2019-04-24 13:44:25 - [TEST_STEP][PASSED] - click: Object: 'Object Repository/Page_KiboEngage  Operational Dashbo/h3_Pages Info (4)' is clicked on

2019-04-24 13:44:25 - [MESSAGE][PASSED] - Object: 'Object Repository/Page_KiboEngage  Operational Dashbo/h3_Pages Info (4)' is clicked on

2019-04-24 13:44:25 - [MESSAGE][PASSED] - Call Test Case 'Test Cases/s-sidebar_navigation/individualAccount/operationalDashboard' successfully

2019-04-24 13:44:25 - [MESSAGE][PASSED] - Call Test Case 'Test Cases/Operational_Dashboard/Login' successfully

2019-04-24 13:44:25 - [TEST_STEP][PASSED] - Statement - driver = com.kms.katalon.core.webui.driver.DriverFactory.getWebDriver(): null

2019-04-24 13:44:25 - [TEST_STEP][PASSED] - Statement - popup_survey = driver.findElement(org.openqa.selenium.By.xpath("//*[@id="content"]/div/div/div/div[2]/div[3]/div[6]/div/div/div/div[2]/ul/li[3]")): null

2019-04-24 13:44:25 - [TEST_STEP][PASSED] - Statement - popup_survey.click(): null

2019-04-24 13:44:25 - [TEST_STEP][PASSED] - delay: Delayed 5 second(s)

2019-04-24 13:44:30 - [MESSAGE][PASSED] - Delayed 5 second(s)

2019-04-24 13:44:30 - [TEST_STEP][PASSED] - Statement - rows_table = driver.findElements(org.openqa.selenium.By.xpath("//*[@id="content"]/div/div/div/div[2]/div[3]/div[6]/div/div/div[2]/div/div/div[2]/table/tbody/tr")): null

2019-04-24 13:44:30 - [TEST_STEP][PASSED] - Statement - rows_count = rows_table.size(): null

2019-04-24 13:44:30 - [TEST_STEP][FAILED] - verifyGreaterThanOrEqual: Unable to verify actual number '0' greater than or equal with expected number '1' (Root cause: Actual number '0' is NOT greater than or equal to expected number '1')

2019-04-24 13:44:30 - [MESSAGE][FAILED] - Unable to verify actual number '0' greater than or equal with expected number '1' (Root cause: Actual number '0' is NOT greater than or equal to expected number '1')]]></system-out>
         <system-err><![CDATA[2019-04-24 13:44:24 - [TEST_CASE][FAILED] - Test Cases/Operational_Dashboard/177: Test Cases/Operational_Dashboard/177 FAILED because (of) Unable to verify actual number '0' greater than or equal with expected number '1' (Root cause: Actual number '0' is NOT greater than or equal to expected number '1')]]></system-err>
      </testcase>
      <testcase name="Test Cases/Operational_Dashboard/178" classname="Test Cases/Operational_Dashboard/178" status="PASSED">
         <system-out><![CDATA[2019-04-24 13:44:30 - [TEST_CASE][PASSED] - Test Cases/Operational_Dashboard/178: Test Cases/Operational_Dashboard/178

2019-04-24 13:44:30 - [TEST_STEP][PASSED] - callTestCase: Call Test Case 'Test Cases/Operational_Dashboard/177' successfully

2019-04-24 13:44:30 - [TEST_CASE][PASSED] - Test Cases/Operational_Dashboard/177: Test Cases/Operational_Dashboard/177

2019-04-24 13:44:30 - [TEST_STEP][PASSED] - callTestCase: Call Test Case 'Test Cases/Operational_Dashboard/Login' successfully

2019-04-24 13:44:30 - [TEST_CASE][PASSED] - Test Cases/Operational_Dashboard/Login: Test Cases/Operational_Dashboard/Login

2019-04-24 13:44:30 - [TEST_STEP][PASSED] - callTestCase: Call Test Case 'Test Cases/s-sidebar_navigation/individualAccount/operationalDashboard' successfully

2019-04-24 13:44:31 - [TEST_CASE][PASSED] - Test Cases/s-sidebar_navigation/individualAccount/operationalDashboard: Test Cases/s-sidebar_navigation/individualAccount/operationalDashboard

2019-04-24 13:44:31 - [TEST_STEP][PASSED] - click: Object: 'Object Repository/Page_KiboEngage  Subscribers/span_Subscribers' is clicked on

2019-04-24 13:44:31 - [MESSAGE][PASSED] - Object: 'Object Repository/Page_KiboEngage  Subscribers/span_Subscribers' is clicked on

2019-04-24 13:44:31 - [TEST_STEP][PASSED] - click: Object: 'Object Repository/Page_KiboEngage  Subscribers/span_Operational Dashboard (1)' is clicked on

2019-04-24 13:44:32 - [MESSAGE][PASSED] - Object: 'Object Repository/Page_KiboEngage  Subscribers/span_Operational Dashboard (1)' is clicked on

2019-04-24 13:44:32 - [TEST_STEP][PASSED] - scrollToPosition: Browser is scrolled to position x = 0, y = 0

2019-04-24 13:44:32 - [MESSAGE][PASSED] - Browser is scrolled to position x = 0, y = 0

2019-04-24 13:44:32 - [TEST_STEP][PASSED] - click: Object: 'Object Repository/Page_KiboEngage  Operational Dashbo/h3_Pages Info (4)' is clicked on

2019-04-24 13:44:32 - [MESSAGE][PASSED] - Object: 'Object Repository/Page_KiboEngage  Operational Dashbo/h3_Pages Info (4)' is clicked on

2019-04-24 13:44:32 - [MESSAGE][PASSED] - Call Test Case 'Test Cases/s-sidebar_navigation/individualAccount/operationalDashboard' successfully

2019-04-24 13:44:32 - [MESSAGE][PASSED] - Call Test Case 'Test Cases/Operational_Dashboard/Login' successfully

2019-04-24 13:44:32 - [TEST_STEP][PASSED] - Statement - driver = com.kms.katalon.core.webui.driver.DriverFactory.getWebDriver(): null

2019-04-24 13:44:32 - [TEST_STEP][PASSED] - Statement - popup_survey = driver.findElement(org.openqa.selenium.By.xpath("//*[@id="content"]/div/div/div/div[2]/div[3]/div[6]/div/div/div/div[2]/ul/li[3]")): null

2019-04-24 13:44:32 - [TEST_STEP][PASSED] - Statement - popup_survey.click(): null

2019-04-24 13:44:33 - [TEST_STEP][PASSED] - delay: Delayed 5 second(s)

2019-04-24 13:44:38 - [MESSAGE][PASSED] - Delayed 5 second(s)

2019-04-24 13:44:38 - [TEST_STEP][PASSED] - Statement - rows_table = driver.findElements(org.openqa.selenium.By.xpath("//*[@id="content"]/div/div/div/div[2]/div[3]/div[6]/div/div/div[2]/div/div/div[2]/table/tbody/tr")): null

2019-04-24 13:44:38 - [TEST_STEP][PASSED] - Statement - rows_count = rows_table.size(): null

2019-04-24 13:44:38 - [TEST_STEP][PASSED] - verifyGreaterThanOrEqual: Actual number '10' is greater than or equal to expected number '1'

2019-04-24 13:44:38 - [MESSAGE][PASSED] - Actual number '10' is greater than or equal to expected number '1'

2019-04-24 13:44:38 - [MESSAGE][PASSED] - Call Test Case 'Test Cases/Operational_Dashboard/177' successfully

2019-04-24 13:44:38 - [TEST_STEP][PASSED] - Statement - driver = com.kms.katalon.core.webui.driver.DriverFactory.getWebDriver(): null

2019-04-24 13:44:38 - [TEST_STEP][PASSED] - Statement - next = driver.findElement(org.openqa.selenium.By.xpath("//*[@id="content"]/div/div/div/div[2]/div[3]/div[6]/div/div/div[2]/div/div/div[2]/ul/li[4]/a")): null

2019-04-24 13:44:38 - [TEST_STEP][PASSED] - Statement - next.click(): null

2019-04-24 13:44:38 - [TEST_STEP][PASSED] - delay: Delayed 5 second(s)

2019-04-24 13:44:43 - [MESSAGE][PASSED] - Delayed 5 second(s)

2019-04-24 13:44:43 - [TEST_STEP][PASSED] - Statement - rows_table = driver.findElements(org.openqa.selenium.By.xpath("//*[@id="content"]/div/div/div/div[2]/div[3]/div[6]/div/div/div[2]/div/div/div[2]/table/tbody/tr")): null

2019-04-24 13:44:43 - [TEST_STEP][PASSED] - Statement - rows_count = rows_table.size(): null

2019-04-24 13:44:43 - [TEST_STEP][PASSED] - verifyGreaterThanOrEqual: Actual number '9' is greater than or equal to expected number '1'

2019-04-24 13:44:43 - [MESSAGE][PASSED] - Actual number '9' is greater than or equal to expected number '1']]></system-out>
         <system-err><![CDATA[]]></system-err>
      </testcase>
      <testcase name="Test Cases/Operational_Dashboard/179" classname="Test Cases/Operational_Dashboard/179" status="FAILED">
         <failure type="FAILED" message="Unable to verify actual number '0' greater than or equal with expected number '1' (Root cause: Actual number '0' is NOT greater than or equal to expected number '1')"/>
         <system-out><![CDATA[2019-04-24 13:44:43 - [TEST_CASE][FAILED] - Test Cases/Operational_Dashboard/179: Test Cases/Operational_Dashboard/179 FAILED because (of) Unable to verify actual number '0' greater than or equal with expected number '1' (Root cause: Actual number '0' is NOT greater than or equal to expected number '1')

2019-04-24 13:44:43 - [TEST_STEP][FAILED] - callTestCase: Unable to call Test Case with id 'Test Cases/Operational_Dashboard/178' (Root cause: Call Test Case 'Test Cases/Operational_Dashboard/178' failed)

2019-04-24 13:44:43 - [TEST_CASE][FAILED] - Test Cases/Operational_Dashboard/178: Test Cases/Operational_Dashboard/178 FAILED because (of) Unable to verify actual number '0' greater than or equal with expected number '1' (Root cause: Actual number '0' is NOT greater than or equal to expected number '1')

2019-04-24 13:44:43 - [TEST_STEP][FAILED] - callTestCase: Unable to call Test Case with id 'Test Cases/Operational_Dashboard/177' (Root cause: Call Test Case 'Test Cases/Operational_Dashboard/177' failed)

2019-04-24 13:44:43 - [TEST_CASE][FAILED] - Test Cases/Operational_Dashboard/177: Test Cases/Operational_Dashboard/177 FAILED because (of) Unable to verify actual number '0' greater than or equal with expected number '1' (Root cause: Actual number '0' is NOT greater than or equal to expected number '1')

2019-04-24 13:44:43 - [TEST_STEP][PASSED] - callTestCase: Call Test Case 'Test Cases/Operational_Dashboard/Login' successfully

2019-04-24 13:44:43 - [TEST_CASE][PASSED] - Test Cases/Operational_Dashboard/Login: Test Cases/Operational_Dashboard/Login

2019-04-24 13:44:43 - [TEST_STEP][PASSED] - callTestCase: Call Test Case 'Test Cases/s-sidebar_navigation/individualAccount/operationalDashboard' successfully

2019-04-24 13:44:43 - [TEST_CASE][PASSED] - Test Cases/s-sidebar_navigation/individualAccount/operationalDashboard: Test Cases/s-sidebar_navigation/individualAccount/operationalDashboard

2019-04-24 13:44:43 - [TEST_STEP][PASSED] - click: Object: 'Object Repository/Page_KiboEngage  Subscribers/span_Subscribers' is clicked on

2019-04-24 13:44:44 - [MESSAGE][PASSED] - Object: 'Object Repository/Page_KiboEngage  Subscribers/span_Subscribers' is clicked on

2019-04-24 13:44:44 - [TEST_STEP][PASSED] - click: Object: 'Object Repository/Page_KiboEngage  Subscribers/span_Operational Dashboard (1)' is clicked on

2019-04-24 13:44:44 - [MESSAGE][PASSED] - Object: 'Object Repository/Page_KiboEngage  Subscribers/span_Operational Dashboard (1)' is clicked on

2019-04-24 13:44:44 - [TEST_STEP][PASSED] - scrollToPosition: Browser is scrolled to position x = 0, y = 0

2019-04-24 13:44:44 - [MESSAGE][PASSED] - Browser is scrolled to position x = 0, y = 0

2019-04-24 13:44:44 - [TEST_STEP][PASSED] - click: Object: 'Object Repository/Page_KiboEngage  Operational Dashbo/h3_Pages Info (4)' is clicked on

2019-04-24 13:44:44 - [MESSAGE][PASSED] - Object: 'Object Repository/Page_KiboEngage  Operational Dashbo/h3_Pages Info (4)' is clicked on

2019-04-24 13:44:44 - [MESSAGE][PASSED] - Call Test Case 'Test Cases/s-sidebar_navigation/individualAccount/operationalDashboard' successfully

2019-04-24 13:44:44 - [MESSAGE][PASSED] - Call Test Case 'Test Cases/Operational_Dashboard/Login' successfully

2019-04-24 13:44:44 - [TEST_STEP][PASSED] - Statement - driver = com.kms.katalon.core.webui.driver.DriverFactory.getWebDriver(): null

2019-04-24 13:44:44 - [TEST_STEP][PASSED] - Statement - popup_survey = driver.findElement(org.openqa.selenium.By.xpath("//*[@id="content"]/div/div/div/div[2]/div[3]/div[6]/div/div/div/div[2]/ul/li[3]")): null

2019-04-24 13:44:44 - [TEST_STEP][PASSED] - Statement - popup_survey.click(): null

2019-04-24 13:44:44 - [TEST_STEP][PASSED] - delay: Delayed 5 second(s)

2019-04-24 13:44:49 - [MESSAGE][PASSED] - Delayed 5 second(s)

2019-04-24 13:44:49 - [TEST_STEP][PASSED] - Statement - rows_table = driver.findElements(org.openqa.selenium.By.xpath("//*[@id="content"]/div/div/div/div[2]/div[3]/div[6]/div/div/div[2]/div/div/div[2]/table/tbody/tr")): null

2019-04-24 13:44:49 - [TEST_STEP][PASSED] - Statement - rows_count = rows_table.size(): null

2019-04-24 13:44:49 - [TEST_STEP][FAILED] - verifyGreaterThanOrEqual: Unable to verify actual number '0' greater than or equal with expected number '1' (Root cause: Actual number '0' is NOT greater than or equal to expected number '1')

2019-04-24 13:44:49 - [MESSAGE][FAILED] - Unable to verify actual number '0' greater than or equal with expected number '1' (Root cause: Actual number '0' is NOT greater than or equal to expected number '1')

2019-04-24 13:44:49 - [MESSAGE][FAILED] - Unable to call Test Case with id 'Test Cases/Operational_Dashboard/177' (Root cause: Call Test Case 'Test Cases/Operational_Dashboard/177' failed)

2019-04-24 13:44:49 - [MESSAGE][FAILED] - Unable to call Test Case with id 'Test Cases/Operational_Dashboard/178' (Root cause: Call Test Case 'Test Cases/Operational_Dashboard/178' failed)]]></system-out>
         <system-err><![CDATA[2019-04-24 13:44:43 - [TEST_CASE][FAILED] - Test Cases/Operational_Dashboard/179: Test Cases/Operational_Dashboard/179 FAILED because (of) Unable to verify actual number '0' greater than or equal with expected number '1' (Root cause: Actual number '0' is NOT greater than or equal to expected number '1')]]></system-err>
      </testcase>
      <testcase name="Test Cases/Operational_Dashboard/180" classname="Test Cases/Operational_Dashboard/180" status="PASSED">
         <system-out><![CDATA[2019-04-24 13:44:49 - [TEST_CASE][PASSED] - Test Cases/Operational_Dashboard/180: Test Cases/Operational_Dashboard/180

2019-04-24 13:44:49 - [TEST_STEP][PASSED] - callTestCase: Call Test Case 'Test Cases/Operational_Dashboard/177' successfully

2019-04-24 13:44:50 - [TEST_CASE][PASSED] - Test Cases/Operational_Dashboard/177: Test Cases/Operational_Dashboard/177

2019-04-24 13:44:50 - [TEST_STEP][PASSED] - callTestCase: Call Test Case 'Test Cases/Operational_Dashboard/Login' successfully

2019-04-24 13:44:50 - [TEST_CASE][PASSED] - Test Cases/Operational_Dashboard/Login: Test Cases/Operational_Dashboard/Login

2019-04-24 13:44:50 - [TEST_STEP][PASSED] - callTestCase: Call Test Case 'Test Cases/s-sidebar_navigation/individualAccount/operationalDashboard' successfully

2019-04-24 13:44:50 - [TEST_CASE][PASSED] - Test Cases/s-sidebar_navigation/individualAccount/operationalDashboard: Test Cases/s-sidebar_navigation/individualAccount/operationalDashboard

2019-04-24 13:44:50 - [TEST_STEP][PASSED] - click: Object: 'Object Repository/Page_KiboEngage  Subscribers/span_Subscribers' is clicked on

2019-04-24 13:44:50 - [MESSAGE][PASSED] - Object: 'Object Repository/Page_KiboEngage  Subscribers/span_Subscribers' is clicked on

2019-04-24 13:44:50 - [TEST_STEP][PASSED] - click: Object: 'Object Repository/Page_KiboEngage  Subscribers/span_Operational Dashboard (1)' is clicked on

2019-04-24 13:44:50 - [MESSAGE][PASSED] - Object: 'Object Repository/Page_KiboEngage  Subscribers/span_Operational Dashboard (1)' is clicked on

2019-04-24 13:44:50 - [TEST_STEP][PASSED] - scrollToPosition: Browser is scrolled to position x = 0, y = 0

2019-04-24 13:44:50 - [MESSAGE][PASSED] - Browser is scrolled to position x = 0, y = 0

2019-04-24 13:44:50 - [TEST_STEP][PASSED] - click: Object: 'Object Repository/Page_KiboEngage  Operational Dashbo/h3_Pages Info (4)' is clicked on

2019-04-24 13:44:51 - [MESSAGE][PASSED] - Object: 'Object Repository/Page_KiboEngage  Operational Dashbo/h3_Pages Info (4)' is clicked on

2019-04-24 13:44:51 - [MESSAGE][PASSED] - Call Test Case 'Test Cases/s-sidebar_navigation/individualAccount/operationalDashboard' successfully

2019-04-24 13:44:51 - [MESSAGE][PASSED] - Call Test Case 'Test Cases/Operational_Dashboard/Login' successfully

2019-04-24 13:44:51 - [TEST_STEP][PASSED] - Statement - driver = com.kms.katalon.core.webui.driver.DriverFactory.getWebDriver(): null

2019-04-24 13:44:51 - [TEST_STEP][PASSED] - Statement - popup_survey = driver.findElement(org.openqa.selenium.By.xpath("//*[@id="content"]/div/div/div/div[2]/div[3]/div[6]/div/div/div/div[2]/ul/li[3]")): null

2019-04-24 13:44:51 - [TEST_STEP][PASSED] - Statement - popup_survey.click(): null

2019-04-24 13:44:51 - [TEST_STEP][PASSED] - delay: Delayed 5 second(s)

2019-04-24 13:44:56 - [MESSAGE][PASSED] - Delayed 5 second(s)

2019-04-24 13:44:56 - [TEST_STEP][PASSED] - Statement - rows_table = driver.findElements(org.openqa.selenium.By.xpath("//*[@id="content"]/div/div/div/div[2]/div[3]/div[6]/div/div/div[2]/div/div/div[2]/table/tbody/tr")): null

2019-04-24 13:44:56 - [TEST_STEP][PASSED] - Statement - rows_count = rows_table.size(): null

2019-04-24 13:44:56 - [TEST_STEP][PASSED] - verifyGreaterThanOrEqual: Actual number '10' is greater than or equal to expected number '1'

2019-04-24 13:44:56 - [MESSAGE][PASSED] - Actual number '10' is greater than or equal to expected number '1'

2019-04-24 13:44:56 - [MESSAGE][PASSED] - Call Test Case 'Test Cases/Operational_Dashboard/177' successfully

2019-04-24 13:44:56 - [TEST_STEP][PASSED] - Statement - driver = com.kms.katalon.core.webui.driver.DriverFactory.getWebDriver(): null

2019-04-24 13:44:56 - [TEST_STEP][PASSED] - Statement - next = driver.findElement(org.openqa.selenium.By.xpath("//*[@id="content"]/div/div/div/div[2]/div[3]/div[6]/div/div/div[2]/div/div/div[2]/ul/li[3]/a")): null

2019-04-24 13:44:57 - [TEST_STEP][PASSED] - Statement - next.click(): null

2019-04-24 13:44:57 - [TEST_STEP][PASSED] - delay: Delayed 5 second(s)

2019-04-24 13:45:02 - [MESSAGE][PASSED] - Delayed 5 second(s)

2019-04-24 13:45:02 - [TEST_STEP][PASSED] - Statement - rows_table = driver.findElements(org.openqa.selenium.By.xpath("//*[@id="content"]/div/div/div/div[2]/div[3]/div[6]/div/div/div[2]/div/div/div[2]/table/tbody/tr")): null

2019-04-24 13:45:02 - [TEST_STEP][PASSED] - Statement - rows_count = rows_table.size(): null

2019-04-24 13:45:02 - [TEST_STEP][PASSED] - verifyGreaterThanOrEqual: Actual number '10' is greater than or equal to expected number '1'

2019-04-24 13:45:02 - [MESSAGE][PASSED] - Actual number '10' is greater than or equal to expected number '1']]></system-out>
         <system-err><![CDATA[]]></system-err>
      </testcase>
      <testcase name="Test Cases/Operational_Dashboard/181" classname="Test Cases/Operational_Dashboard/181" status="PASSED">
         <system-out><![CDATA[2019-04-24 13:45:02 - [TEST_CASE][PASSED] - Test Cases/Operational_Dashboard/181: Test Cases/Operational_Dashboard/181

2019-04-24 13:45:02 - [TEST_STEP][PASSED] - callTestCase: Call Test Case 'Test Cases/Operational_Dashboard/177' successfully

2019-04-24 13:45:02 - [TEST_CASE][PASSED] - Test Cases/Operational_Dashboard/177: Test Cases/Operational_Dashboard/177

2019-04-24 13:45:02 - [TEST_STEP][PASSED] - callTestCase: Call Test Case 'Test Cases/Operational_Dashboard/Login' successfully

2019-04-24 13:45:02 - [TEST_CASE][PASSED] - Test Cases/Operational_Dashboard/Login: Test Cases/Operational_Dashboard/Login

2019-04-24 13:45:02 - [TEST_STEP][PASSED] - callTestCase: Call Test Case 'Test Cases/s-sidebar_navigation/individualAccount/operationalDashboard' successfully

2019-04-24 13:45:02 - [TEST_CASE][PASSED] - Test Cases/s-sidebar_navigation/individualAccount/operationalDashboard: Test Cases/s-sidebar_navigation/individualAccount/operationalDashboard

2019-04-24 13:45:02 - [TEST_STEP][PASSED] - click: Object: 'Object Repository/Page_KiboEngage  Subscribers/span_Subscribers' is clicked on

2019-04-24 13:45:02 - [MESSAGE][PASSED] - Object: 'Object Repository/Page_KiboEngage  Subscribers/span_Subscribers' is clicked on

2019-04-24 13:45:02 - [TEST_STEP][PASSED] - click: Object: 'Object Repository/Page_KiboEngage  Subscribers/span_Operational Dashboard (1)' is clicked on

2019-04-24 13:45:03 - [MESSAGE][PASSED] - Object: 'Object Repository/Page_KiboEngage  Subscribers/span_Operational Dashboard (1)' is clicked on

2019-04-24 13:45:03 - [TEST_STEP][PASSED] - scrollToPosition: Browser is scrolled to position x = 0, y = 0

2019-04-24 13:45:03 - [MESSAGE][PASSED] - Browser is scrolled to position x = 0, y = 0

2019-04-24 13:45:03 - [TEST_STEP][PASSED] - click: Object: 'Object Repository/Page_KiboEngage  Operational Dashbo/h3_Pages Info (4)' is clicked on

2019-04-24 13:45:03 - [MESSAGE][PASSED] - Object: 'Object Repository/Page_KiboEngage  Operational Dashbo/h3_Pages Info (4)' is clicked on

2019-04-24 13:45:03 - [MESSAGE][PASSED] - Call Test Case 'Test Cases/s-sidebar_navigation/individualAccount/operationalDashboard' successfully

2019-04-24 13:45:03 - [MESSAGE][PASSED] - Call Test Case 'Test Cases/Operational_Dashboard/Login' successfully

2019-04-24 13:45:03 - [TEST_STEP][PASSED] - Statement - driver = com.kms.katalon.core.webui.driver.DriverFactory.getWebDriver(): null

2019-04-24 13:45:03 - [TEST_STEP][PASSED] - Statement - popup_survey = driver.findElement(org.openqa.selenium.By.xpath("//*[@id="content"]/div/div/div/div[2]/div[3]/div[6]/div/div/div/div[2]/ul/li[3]")): null

2019-04-24 13:45:03 - [TEST_STEP][PASSED] - Statement - popup_survey.click(): null

2019-04-24 13:45:03 - [TEST_STEP][PASSED] - delay: Delayed 5 second(s)

2019-04-24 13:45:08 - [MESSAGE][PASSED] - Delayed 5 second(s)

2019-04-24 13:45:08 - [TEST_STEP][PASSED] - Statement - rows_table = driver.findElements(org.openqa.selenium.By.xpath("//*[@id="content"]/div/div/div/div[2]/div[3]/div[6]/div/div/div[2]/div/div/div[2]/table/tbody/tr")): null

2019-04-24 13:45:08 - [TEST_STEP][PASSED] - Statement - rows_count = rows_table.size(): null

2019-04-24 13:45:08 - [TEST_STEP][PASSED] - verifyGreaterThanOrEqual: Actual number '10' is greater than or equal to expected number '1'

2019-04-24 13:45:08 - [MESSAGE][PASSED] - Actual number '10' is greater than or equal to expected number '1'

2019-04-24 13:45:08 - [MESSAGE][PASSED] - Call Test Case 'Test Cases/Operational_Dashboard/177' successfully

2019-04-24 13:45:08 - [TEST_STEP][PASSED] - Statement - driver = com.kms.katalon.core.webui.driver.DriverFactory.getWebDriver(): null

2019-04-24 13:45:08 - [TEST_STEP][PASSED] - Statement - search_text = driver.findElement(org.openqa.selenium.By.xpath("//*[@id="content"]/div/div/div/div[2]/div[3]/div[6]/div/div/div[2]/div/div/div[1]/div[1]/input")): null

2019-04-24 13:45:08 - [TEST_STEP][PASSED] - Statement - search_text.clear(): null

2019-04-24 13:45:08 - [TEST_STEP][PASSED] - Statement - search_text.sendKeys("testing"): null

2019-04-24 13:45:08 - [TEST_STEP][PASSED] - delay: Delayed 5 second(s)

2019-04-24 13:45:13 - [MESSAGE][PASSED] - Delayed 5 second(s)

2019-04-24 13:45:13 - [TEST_STEP][PASSED] - Statement - rows_table = driver.findElements(org.openqa.selenium.By.xpath("//*[@id="content"]/div/div/div/div[2]/div[3]/div[6]/div/div/div[2]/div/div/div[2]/table/tbody/tr")): null

2019-04-24 13:45:13 - [TEST_STEP][PASSED] - Statement - rows_count = rows_table.size(): null

2019-04-24 13:45:13 - [TEST_STEP][PASSED] - verifyGreaterThanOrEqual: Actual number '1' is greater than or equal to expected number '1'

2019-04-24 13:45:13 - [MESSAGE][PASSED] - Actual number '1' is greater than or equal to expected number '1']]></system-out>
         <system-err><![CDATA[]]></system-err>
      </testcase>
      <testcase name="Test Cases/Operational_Dashboard/182" classname="Test Cases/Operational_Dashboard/182" status="PASSED">
         <system-out><![CDATA[2019-04-24 13:45:13 - [TEST_CASE][PASSED] - Test Cases/Operational_Dashboard/182: Test Cases/Operational_Dashboard/182

2019-04-24 13:45:13 - [TEST_STEP][PASSED] - callTestCase: Call Test Case 'Test Cases/Operational_Dashboard/177' successfully

2019-04-24 13:45:14 - [TEST_CASE][PASSED] - Test Cases/Operational_Dashboard/177: Test Cases/Operational_Dashboard/177

2019-04-24 13:45:14 - [TEST_STEP][PASSED] - callTestCase: Call Test Case 'Test Cases/Operational_Dashboard/Login' successfully

2019-04-24 13:45:14 - [TEST_CASE][PASSED] - Test Cases/Operational_Dashboard/Login: Test Cases/Operational_Dashboard/Login

2019-04-24 13:45:14 - [TEST_STEP][PASSED] - callTestCase: Call Test Case 'Test Cases/s-sidebar_navigation/individualAccount/operationalDashboard' successfully

2019-04-24 13:45:14 - [TEST_CASE][PASSED] - Test Cases/s-sidebar_navigation/individualAccount/operationalDashboard: Test Cases/s-sidebar_navigation/individualAccount/operationalDashboard

2019-04-24 13:45:14 - [TEST_STEP][PASSED] - click: Object: 'Object Repository/Page_KiboEngage  Subscribers/span_Subscribers' is clicked on

2019-04-24 13:45:14 - [MESSAGE][PASSED] - Object: 'Object Repository/Page_KiboEngage  Subscribers/span_Subscribers' is clicked on

2019-04-24 13:45:14 - [TEST_STEP][PASSED] - click: Object: 'Object Repository/Page_KiboEngage  Subscribers/span_Operational Dashboard (1)' is clicked on

2019-04-24 13:45:14 - [MESSAGE][PASSED] - Object: 'Object Repository/Page_KiboEngage  Subscribers/span_Operational Dashboard (1)' is clicked on

2019-04-24 13:45:14 - [TEST_STEP][PASSED] - scrollToPosition: Browser is scrolled to position x = 0, y = 0

2019-04-24 13:45:14 - [MESSAGE][PASSED] - Browser is scrolled to position x = 0, y = 0

2019-04-24 13:45:14 - [TEST_STEP][PASSED] - click: Object: 'Object Repository/Page_KiboEngage  Operational Dashbo/h3_Pages Info (4)' is clicked on

2019-04-24 13:45:15 - [MESSAGE][PASSED] - Object: 'Object Repository/Page_KiboEngage  Operational Dashbo/h3_Pages Info (4)' is clicked on

2019-04-24 13:45:15 - [MESSAGE][PASSED] - Call Test Case 'Test Cases/s-sidebar_navigation/individualAccount/operationalDashboard' successfully

2019-04-24 13:45:15 - [MESSAGE][PASSED] - Call Test Case 'Test Cases/Operational_Dashboard/Login' successfully

2019-04-24 13:45:15 - [TEST_STEP][PASSED] - Statement - driver = com.kms.katalon.core.webui.driver.DriverFactory.getWebDriver(): null

2019-04-24 13:45:15 - [TEST_STEP][PASSED] - Statement - popup_survey = driver.findElement(org.openqa.selenium.By.xpath("//*[@id="content"]/div/div/div/div[2]/div[3]/div[6]/div/div/div/div[2]/ul/li[3]")): null

2019-04-24 13:45:15 - [TEST_STEP][PASSED] - Statement - popup_survey.click(): null

2019-04-24 13:45:15 - [TEST_STEP][PASSED] - delay: Delayed 5 second(s)

2019-04-24 13:45:20 - [MESSAGE][PASSED] - Delayed 5 second(s)

2019-04-24 13:45:20 - [TEST_STEP][PASSED] - Statement - rows_table = driver.findElements(org.openqa.selenium.By.xpath("//*[@id="content"]/div/div/div/div[2]/div[3]/div[6]/div/div/div[2]/div/div/div[2]/table/tbody/tr")): null

2019-04-24 13:45:20 - [TEST_STEP][PASSED] - Statement - rows_count = rows_table.size(): null

2019-04-24 13:45:20 - [TEST_STEP][PASSED] - verifyGreaterThanOrEqual: Actual number '10' is greater than or equal to expected number '1'

2019-04-24 13:45:20 - [MESSAGE][PASSED] - Actual number '10' is greater than or equal to expected number '1'

2019-04-24 13:45:20 - [MESSAGE][PASSED] - Call Test Case 'Test Cases/Operational_Dashboard/177' successfully

2019-04-24 13:45:20 - [TEST_STEP][PASSED] - Statement - driver = com.kms.katalon.core.webui.driver.DriverFactory.getWebDriver(): null

2019-04-24 13:45:20 - [TEST_STEP][PASSED] - Statement - search_text = driver.findElement(org.openqa.selenium.By.xpath("//*[@id="content"]/div/div/div/div[2]/div[3]/div[6]/div/div/div[2]/div/div/div[1]/div[2]/div/input")): null

2019-04-24 13:45:20 - [TEST_STEP][PASSED] - Statement - search_text.clear(): null

2019-04-24 13:45:20 - [TEST_STEP][PASSED] - Statement - search_text.sendKeys("3"): null

2019-04-24 13:45:20 - [TEST_STEP][PASSED] - delay: Delayed 5 second(s)

2019-04-24 13:45:25 - [MESSAGE][PASSED] - Delayed 5 second(s)

2019-04-24 13:45:25 - [TEST_STEP][PASSED] - Statement - rows_table = driver.findElements(org.openqa.selenium.By.xpath("//*[@id="content"]/div/div/div/div[2]/div[3]/div[6]/div/div/div[2]/div/div/div[2]/table/tbody/tr")): null

2019-04-24 13:45:25 - [TEST_STEP][PASSED] - Statement - rows_count = rows_table.size(): null

2019-04-24 13:45:25 - [TEST_STEP][PASSED] - verifyGreaterThanOrEqual: Actual number '10' is greater than or equal to expected number '1'

2019-04-24 13:45:25 - [MESSAGE][PASSED] - Actual number '10' is greater than or equal to expected number '1']]></system-out>
         <system-err><![CDATA[]]></system-err>
      </testcase>
      <testcase name="Test Cases/Operational_Dashboard/183" classname="Test Cases/Operational_Dashboard/183" status="PASSED">
         <system-out><![CDATA[2019-04-24 13:45:25 - [TEST_CASE][PASSED] - Test Cases/Operational_Dashboard/183: Test Cases/Operational_Dashboard/183

2019-04-24 13:45:25 - [TEST_STEP][PASSED] - callTestCase: Call Test Case 'Test Cases/Operational_Dashboard/177' successfully

2019-04-24 13:45:25 - [TEST_CASE][PASSED] - Test Cases/Operational_Dashboard/177: Test Cases/Operational_Dashboard/177

2019-04-24 13:45:25 - [TEST_STEP][PASSED] - callTestCase: Call Test Case 'Test Cases/Operational_Dashboard/Login' successfully

2019-04-24 13:45:25 - [TEST_CASE][PASSED] - Test Cases/Operational_Dashboard/Login: Test Cases/Operational_Dashboard/Login

2019-04-24 13:45:25 - [TEST_STEP][PASSED] - callTestCase: Call Test Case 'Test Cases/s-sidebar_navigation/individualAccount/operationalDashboard' successfully

2019-04-24 13:45:25 - [TEST_CASE][PASSED] - Test Cases/s-sidebar_navigation/individualAccount/operationalDashboard: Test Cases/s-sidebar_navigation/individualAccount/operationalDashboard

2019-04-24 13:45:25 - [TEST_STEP][PASSED] - click: Object: 'Object Repository/Page_KiboEngage  Subscribers/span_Subscribers' is clicked on

2019-04-24 13:45:26 - [MESSAGE][PASSED] - Object: 'Object Repository/Page_KiboEngage  Subscribers/span_Subscribers' is clicked on

2019-04-24 13:45:26 - [TEST_STEP][PASSED] - click: Object: 'Object Repository/Page_KiboEngage  Subscribers/span_Operational Dashboard (1)' is clicked on

2019-04-24 13:45:27 - [MESSAGE][PASSED] - Object: 'Object Repository/Page_KiboEngage  Subscribers/span_Operational Dashboard (1)' is clicked on

2019-04-24 13:45:27 - [TEST_STEP][PASSED] - scrollToPosition: Browser is scrolled to position x = 0, y = 0

2019-04-24 13:45:27 - [MESSAGE][PASSED] - Browser is scrolled to position x = 0, y = 0

2019-04-24 13:45:27 - [TEST_STEP][PASSED] - click: Object: 'Object Repository/Page_KiboEngage  Operational Dashbo/h3_Pages Info (4)' is clicked on

2019-04-24 13:45:27 - [MESSAGE][PASSED] - Object: 'Object Repository/Page_KiboEngage  Operational Dashbo/h3_Pages Info (4)' is clicked on

2019-04-24 13:45:27 - [MESSAGE][PASSED] - Call Test Case 'Test Cases/s-sidebar_navigation/individualAccount/operationalDashboard' successfully

2019-04-24 13:45:27 - [MESSAGE][PASSED] - Call Test Case 'Test Cases/Operational_Dashboard/Login' successfully

2019-04-24 13:45:27 - [TEST_STEP][PASSED] - Statement - driver = com.kms.katalon.core.webui.driver.DriverFactory.getWebDriver(): null

2019-04-24 13:45:27 - [TEST_STEP][PASSED] - Statement - popup_survey = driver.findElement(org.openqa.selenium.By.xpath("//*[@id="content"]/div/div/div/div[2]/div[3]/div[6]/div/div/div/div[2]/ul/li[3]")): null

2019-04-24 13:45:27 - [TEST_STEP][PASSED] - Statement - popup_survey.click(): null

2019-04-24 13:45:27 - [TEST_STEP][PASSED] - delay: Delayed 5 second(s)

2019-04-24 13:45:32 - [MESSAGE][PASSED] - Delayed 5 second(s)

2019-04-24 13:45:32 - [TEST_STEP][PASSED] - Statement - rows_table = driver.findElements(org.openqa.selenium.By.xpath("//*[@id="content"]/div/div/div/div[2]/div[3]/div[6]/div/div/div[2]/div/div/div[2]/table/tbody/tr")): null

2019-04-24 13:45:33 - [TEST_STEP][PASSED] - Statement - rows_count = rows_table.size(): null

2019-04-24 13:45:33 - [TEST_STEP][PASSED] - verifyGreaterThanOrEqual: Actual number '10' is greater than or equal to expected number '1'

2019-04-24 13:45:33 - [MESSAGE][PASSED] - Actual number '10' is greater than or equal to expected number '1'

2019-04-24 13:45:33 - [MESSAGE][PASSED] - Call Test Case 'Test Cases/Operational_Dashboard/177' successfully

2019-04-24 13:45:33 - [TEST_STEP][PASSED] - Statement - driver = com.kms.katalon.core.webui.driver.DriverFactory.getWebDriver(): null

2019-04-24 13:45:33 - [TEST_STEP][PASSED] - Statement - search_text = driver.findElement(org.openqa.selenium.By.xpath("//*[@id="content"]/div/div/div/div[2]/div[3]/div[6]/div/div/div[2]/div/div/div[1]/div[1]/input")): null

2019-04-24 13:45:33 - [TEST_STEP][PASSED] - Statement - search_text.clear(): null

2019-04-24 13:45:33 - [TEST_STEP][PASSED] - Statement - search_text.sendKeys("testing"): null

2019-04-24 13:45:33 - [TEST_STEP][PASSED] - delay: Delayed 5 second(s)

2019-04-24 13:45:38 - [MESSAGE][PASSED] - Delayed 5 second(s)

2019-04-24 13:45:38 - [TEST_STEP][PASSED] - Statement - search = driver.findElement(org.openqa.selenium.By.xpath("//*[@id="content"]/div/div/div/div[2]/div[3]/div[6]/div/div/div[2]/div/div/div[1]/div[2]/div/input")): null

2019-04-24 13:45:38 - [TEST_STEP][PASSED] - Statement - search.clear(): null

2019-04-24 13:45:38 - [TEST_STEP][PASSED] - Statement - search.sendKeys("10"): null

2019-04-24 13:45:38 - [TEST_STEP][PASSED] - delay: Delayed 5 second(s)

2019-04-24 13:45:43 - [MESSAGE][PASSED] - Delayed 5 second(s)

2019-04-24 13:45:43 - [TEST_STEP][PASSED] - Statement - rows_table = driver.findElements(org.openqa.selenium.By.xpath("//*[@id="content"]/div/div/div/div[2]/div[3]/div[6]/div/div/div[2]/div/div/div[2]/table/tbody/tr")): null

2019-04-24 13:45:43 - [TEST_STEP][PASSED] - Statement - rows_count = rows_table.size(): null

2019-04-24 13:45:43 - [TEST_STEP][PASSED] - verifyGreaterThanOrEqual: Actual number '1' is greater than or equal to expected number '1'

2019-04-24 13:45:43 - [MESSAGE][PASSED] - Actual number '1' is greater than or equal to expected number '1']]></system-out>
         <system-err><![CDATA[]]></system-err>
      </testcase>
      <testcase name="Test Cases/Operational_Dashboard/184" classname="Test Cases/Operational_Dashboard/184" status="PASSED">
         <system-out><![CDATA[2019-04-24 13:45:43 - [TEST_CASE][PASSED] - Test Cases/Operational_Dashboard/184: Test Cases/Operational_Dashboard/184

2019-04-24 13:45:43 - [TEST_STEP][PASSED] - callTestCase: Call Test Case 'Test Cases/Operational_Dashboard/177' successfully

2019-04-24 13:45:43 - [TEST_CASE][PASSED] - Test Cases/Operational_Dashboard/177: Test Cases/Operational_Dashboard/177

2019-04-24 13:45:43 - [TEST_STEP][PASSED] - callTestCase: Call Test Case 'Test Cases/Operational_Dashboard/Login' successfully

2019-04-24 13:45:44 - [TEST_CASE][PASSED] - Test Cases/Operational_Dashboard/Login: Test Cases/Operational_Dashboard/Login

2019-04-24 13:45:44 - [TEST_STEP][PASSED] - callTestCase: Call Test Case 'Test Cases/s-sidebar_navigation/individualAccount/operationalDashboard' successfully

2019-04-24 13:45:44 - [TEST_CASE][PASSED] - Test Cases/s-sidebar_navigation/individualAccount/operationalDashboard: Test Cases/s-sidebar_navigation/individualAccount/operationalDashboard

2019-04-24 13:45:44 - [TEST_STEP][PASSED] - click: Object: 'Object Repository/Page_KiboEngage  Subscribers/span_Subscribers' is clicked on

2019-04-24 13:45:44 - [MESSAGE][PASSED] - Object: 'Object Repository/Page_KiboEngage  Subscribers/span_Subscribers' is clicked on

2019-04-24 13:45:44 - [TEST_STEP][PASSED] - click: Object: 'Object Repository/Page_KiboEngage  Subscribers/span_Operational Dashboard (1)' is clicked on

2019-04-24 13:45:44 - [MESSAGE][PASSED] - Object: 'Object Repository/Page_KiboEngage  Subscribers/span_Operational Dashboard (1)' is clicked on

2019-04-24 13:45:44 - [TEST_STEP][PASSED] - scrollToPosition: Browser is scrolled to position x = 0, y = 0

2019-04-24 13:45:44 - [MESSAGE][PASSED] - Browser is scrolled to position x = 0, y = 0

2019-04-24 13:45:44 - [TEST_STEP][PASSED] - click: Object: 'Object Repository/Page_KiboEngage  Operational Dashbo/h3_Pages Info (4)' is clicked on

2019-04-24 13:45:45 - [MESSAGE][PASSED] - Object: 'Object Repository/Page_KiboEngage  Operational Dashbo/h3_Pages Info (4)' is clicked on

2019-04-24 13:45:45 - [MESSAGE][PASSED] - Call Test Case 'Test Cases/s-sidebar_navigation/individualAccount/operationalDashboard' successfully

2019-04-24 13:45:45 - [MESSAGE][PASSED] - Call Test Case 'Test Cases/Operational_Dashboard/Login' successfully

2019-04-24 13:45:45 - [TEST_STEP][PASSED] - Statement - driver = com.kms.katalon.core.webui.driver.DriverFactory.getWebDriver(): null

2019-04-24 13:45:45 - [TEST_STEP][PASSED] - Statement - popup_survey = driver.findElement(org.openqa.selenium.By.xpath("//*[@id="content"]/div/div/div/div[2]/div[3]/div[6]/div/div/div/div[2]/ul/li[3]")): null

2019-04-24 13:45:45 - [TEST_STEP][PASSED] - Statement - popup_survey.click(): null

2019-04-24 13:45:45 - [TEST_STEP][PASSED] - delay: Delayed 5 second(s)

2019-04-24 13:45:50 - [MESSAGE][PASSED] - Delayed 5 second(s)

2019-04-24 13:45:50 - [TEST_STEP][PASSED] - Statement - rows_table = driver.findElements(org.openqa.selenium.By.xpath("//*[@id="content"]/div/div/div/div[2]/div[3]/div[6]/div/div/div[2]/div/div/div[2]/table/tbody/tr")): null

2019-04-24 13:45:50 - [TEST_STEP][PASSED] - Statement - rows_count = rows_table.size(): null

2019-04-24 13:45:50 - [TEST_STEP][PASSED] - verifyGreaterThanOrEqual: Actual number '10' is greater than or equal to expected number '1'

2019-04-24 13:45:50 - [MESSAGE][PASSED] - Actual number '10' is greater than or equal to expected number '1'

2019-04-24 13:45:50 - [MESSAGE][PASSED] - Call Test Case 'Test Cases/Operational_Dashboard/177' successfully

2019-04-24 13:45:50 - [TEST_STEP][PASSED] - click: Object: 'Object Repository/Page_KiboEngage  Operational Dashbo/button_View (4)' is clicked on

2019-04-24 13:45:50 - [MESSAGE][PASSED] - Object: 'Object Repository/Page_KiboEngage  Operational Dashbo/button_View (4)' is clicked on

2019-04-24 13:45:50 - [TEST_STEP][PASSED] - scrollToPosition: Browser is scrolled to position x = 0, y = 0

2019-04-24 13:45:50 - [MESSAGE][PASSED] - Browser is scrolled to position x = 0, y = 0

2019-04-24 13:45:50 - [TEST_STEP][PASSED] - click: Object: 'Object Repository/Page_KiboEngage  Survey Detail/h4_Survey Questions' is clicked on

2019-04-24 13:45:50 - [MESSAGE][PASSED] - Object: 'Object Repository/Page_KiboEngage  Survey Detail/h4_Survey Questions' is clicked on]]></system-out>
         <system-err><![CDATA[]]></system-err>
      </testcase>
      <testcase name="Test Cases/Operational_Dashboard/185" classname="Test Cases/Operational_Dashboard/185" status="PASSED">
         <system-out><![CDATA[2019-04-24 13:45:50 - [TEST_CASE][PASSED] - Test Cases/Operational_Dashboard/185: Test Cases/Operational_Dashboard/185

2019-04-24 13:45:51 - [TEST_STEP][PASSED] - callTestCase: Call Test Case 'Test Cases/Operational_Dashboard/184' successfully

2019-04-24 13:45:51 - [TEST_CASE][PASSED] - Test Cases/Operational_Dashboard/184: Test Cases/Operational_Dashboard/184

2019-04-24 13:45:51 - [TEST_STEP][PASSED] - callTestCase: Call Test Case 'Test Cases/Operational_Dashboard/177' successfully

2019-04-24 13:45:51 - [TEST_CASE][PASSED] - Test Cases/Operational_Dashboard/177: Test Cases/Operational_Dashboard/177

2019-04-24 13:45:51 - [TEST_STEP][PASSED] - callTestCase: Call Test Case 'Test Cases/Operational_Dashboard/Login' successfully

2019-04-24 13:45:51 - [TEST_CASE][PASSED] - Test Cases/Operational_Dashboard/Login: Test Cases/Operational_Dashboard/Login

2019-04-24 13:45:51 - [TEST_STEP][PASSED] - callTestCase: Call Test Case 'Test Cases/s-sidebar_navigation/individualAccount/operationalDashboard' successfully

2019-04-24 13:45:51 - [TEST_CASE][PASSED] - Test Cases/s-sidebar_navigation/individualAccount/operationalDashboard: Test Cases/s-sidebar_navigation/individualAccount/operationalDashboard

2019-04-24 13:45:51 - [TEST_STEP][PASSED] - click: Object: 'Object Repository/Page_KiboEngage  Subscribers/span_Subscribers' is clicked on

2019-04-24 13:45:51 - [MESSAGE][PASSED] - Object: 'Object Repository/Page_KiboEngage  Subscribers/span_Subscribers' is clicked on

2019-04-24 13:45:51 - [TEST_STEP][PASSED] - click: Object: 'Object Repository/Page_KiboEngage  Subscribers/span_Operational Dashboard (1)' is clicked on

2019-04-24 13:45:52 - [MESSAGE][PASSED] - Object: 'Object Repository/Page_KiboEngage  Subscribers/span_Operational Dashboard (1)' is clicked on

2019-04-24 13:45:52 - [TEST_STEP][PASSED] - scrollToPosition: Browser is scrolled to position x = 0, y = 0

2019-04-24 13:45:53 - [MESSAGE][PASSED] - Browser is scrolled to position x = 0, y = 0

2019-04-24 13:45:53 - [TEST_STEP][PASSED] - click: Object: 'Object Repository/Page_KiboEngage  Operational Dashbo/h3_Pages Info (4)' is clicked on

2019-04-24 13:45:53 - [MESSAGE][PASSED] - Object: 'Object Repository/Page_KiboEngage  Operational Dashbo/h3_Pages Info (4)' is clicked on

2019-04-24 13:45:53 - [MESSAGE][PASSED] - Call Test Case 'Test Cases/s-sidebar_navigation/individualAccount/operationalDashboard' successfully

2019-04-24 13:45:53 - [MESSAGE][PASSED] - Call Test Case 'Test Cases/Operational_Dashboard/Login' successfully

2019-04-24 13:45:53 - [TEST_STEP][PASSED] - Statement - driver = com.kms.katalon.core.webui.driver.DriverFactory.getWebDriver(): null

2019-04-24 13:45:53 - [TEST_STEP][PASSED] - Statement - popup_survey = driver.findElement(org.openqa.selenium.By.xpath("//*[@id="content"]/div/div/div/div[2]/div[3]/div[6]/div/div/div/div[2]/ul/li[3]")): null

2019-04-24 13:45:53 - [TEST_STEP][PASSED] - Statement - popup_survey.click(): null

2019-04-24 13:45:53 - [TEST_STEP][PASSED] - delay: Delayed 5 second(s)

2019-04-24 13:45:58 - [MESSAGE][PASSED] - Delayed 5 second(s)

2019-04-24 13:45:58 - [TEST_STEP][PASSED] - Statement - rows_table = driver.findElements(org.openqa.selenium.By.xpath("//*[@id="content"]/div/div/div/div[2]/div[3]/div[6]/div/div/div[2]/div/div/div[2]/table/tbody/tr")): null

2019-04-24 13:45:58 - [TEST_STEP][PASSED] - Statement - rows_count = rows_table.size(): null

2019-04-24 13:45:58 - [TEST_STEP][PASSED] - verifyGreaterThanOrEqual: Actual number '10' is greater than or equal to expected number '1'

2019-04-24 13:45:58 - [MESSAGE][PASSED] - Actual number '10' is greater than or equal to expected number '1'

2019-04-24 13:45:58 - [MESSAGE][PASSED] - Call Test Case 'Test Cases/Operational_Dashboard/177' successfully

2019-04-24 13:45:58 - [TEST_STEP][PASSED] - click: Object: 'Object Repository/Page_KiboEngage  Operational Dashbo/button_View (4)' is clicked on

2019-04-24 13:45:59 - [MESSAGE][PASSED] - Object: 'Object Repository/Page_KiboEngage  Operational Dashbo/button_View (4)' is clicked on

2019-04-24 13:45:59 - [TEST_STEP][PASSED] - scrollToPosition: Browser is scrolled to position x = 0, y = 0

2019-04-24 13:45:59 - [MESSAGE][PASSED] - Browser is scrolled to position x = 0, y = 0

2019-04-24 13:45:59 - [TEST_STEP][PASSED] - click: Object: 'Object Repository/Page_KiboEngage  Survey Detail/h4_Survey Questions' is clicked on

2019-04-24 13:45:59 - [MESSAGE][PASSED] - Object: 'Object Repository/Page_KiboEngage  Survey Detail/h4_Survey Questions' is clicked on

2019-04-24 13:45:59 - [MESSAGE][PASSED] - Call Test Case 'Test Cases/Operational_Dashboard/184' successfully

2019-04-24 13:45:59 - [TEST_STEP][PASSED] - click: Object: 'Object Repository/Page_KiboEngage  Survey Detail/button_Back' is clicked on

2019-04-24 13:46:00 - [MESSAGE][PASSED] - Object: 'Object Repository/Page_KiboEngage  Survey Detail/button_Back' is clicked on

2019-04-24 13:46:00 - [TEST_STEP][PASSED] - scrollToPosition: Browser is scrolled to position x = 0, y = 0

2019-04-24 13:46:00 - [MESSAGE][PASSED] - Browser is scrolled to position x = 0, y = 0

2019-04-24 13:46:00 - [TEST_STEP][PASSED] - click: Object: 'Object Repository/Page_KiboEngage  Operational Dashbo/h3_Pages Info (6)' is clicked on

2019-04-24 13:46:00 - [MESSAGE][PASSED] - Object: 'Object Repository/Page_KiboEngage  Operational Dashbo/h3_Pages Info (6)' is clicked on]]></system-out>
         <system-err><![CDATA[]]></system-err>
      </testcase>
      <testcase name="Test Cases/Operational_Dashboard/186" classname="Test Cases/Operational_Dashboard/186" status="PASSED">
         <system-out><![CDATA[2019-04-24 13:46:00 - [TEST_CASE][PASSED] - Test Cases/Operational_Dashboard/186: Test Cases/Operational_Dashboard/186

2019-04-24 13:46:00 - [TEST_STEP][PASSED] - callTestCase: Call Test Case 'Test Cases/Operational_Dashboard/177' successfully

2019-04-24 13:46:00 - [TEST_CASE][PASSED] - Test Cases/Operational_Dashboard/177: Test Cases/Operational_Dashboard/177

2019-04-24 13:46:00 - [TEST_STEP][PASSED] - callTestCase: Call Test Case 'Test Cases/Operational_Dashboard/Login' successfully

2019-04-24 13:46:00 - [TEST_CASE][PASSED] - Test Cases/Operational_Dashboard/Login: Test Cases/Operational_Dashboard/Login

2019-04-24 13:46:01 - [TEST_STEP][PASSED] - callTestCase: Call Test Case 'Test Cases/s-sidebar_navigation/individualAccount/operationalDashboard' successfully

2019-04-24 13:46:01 - [TEST_CASE][PASSED] - Test Cases/s-sidebar_navigation/individualAccount/operationalDashboard: Test Cases/s-sidebar_navigation/individualAccount/operationalDashboard

2019-04-24 13:46:01 - [TEST_STEP][PASSED] - click: Object: 'Object Repository/Page_KiboEngage  Subscribers/span_Subscribers' is clicked on

2019-04-24 13:46:01 - [MESSAGE][PASSED] - Object: 'Object Repository/Page_KiboEngage  Subscribers/span_Subscribers' is clicked on

2019-04-24 13:46:01 - [TEST_STEP][PASSED] - click: Object: 'Object Repository/Page_KiboEngage  Subscribers/span_Operational Dashboard (1)' is clicked on

2019-04-24 13:46:01 - [MESSAGE][PASSED] - Object: 'Object Repository/Page_KiboEngage  Subscribers/span_Operational Dashboard (1)' is clicked on

2019-04-24 13:46:01 - [TEST_STEP][PASSED] - scrollToPosition: Browser is scrolled to position x = 0, y = 0

2019-04-24 13:46:01 - [MESSAGE][PASSED] - Browser is scrolled to position x = 0, y = 0

2019-04-24 13:46:01 - [TEST_STEP][PASSED] - click: Object: 'Object Repository/Page_KiboEngage  Operational Dashbo/h3_Pages Info (4)' is clicked on

2019-04-24 13:46:02 - [MESSAGE][PASSED] - Object: 'Object Repository/Page_KiboEngage  Operational Dashbo/h3_Pages Info (4)' is clicked on

2019-04-24 13:46:02 - [MESSAGE][PASSED] - Call Test Case 'Test Cases/s-sidebar_navigation/individualAccount/operationalDashboard' successfully

2019-04-24 13:46:02 - [MESSAGE][PASSED] - Call Test Case 'Test Cases/Operational_Dashboard/Login' successfully

2019-04-24 13:46:02 - [TEST_STEP][PASSED] - Statement - driver = com.kms.katalon.core.webui.driver.DriverFactory.getWebDriver(): null

2019-04-24 13:46:02 - [TEST_STEP][PASSED] - Statement - popup_survey = driver.findElement(org.openqa.selenium.By.xpath("//*[@id="content"]/div/div/div/div[2]/div[3]/div[6]/div/div/div/div[2]/ul/li[3]")): null

2019-04-24 13:46:02 - [TEST_STEP][PASSED] - Statement - popup_survey.click(): null

2019-04-24 13:46:03 - [TEST_STEP][PASSED] - delay: Delayed 5 second(s)

2019-04-24 13:46:08 - [MESSAGE][PASSED] - Delayed 5 second(s)

2019-04-24 13:46:08 - [TEST_STEP][PASSED] - Statement - rows_table = driver.findElements(org.openqa.selenium.By.xpath("//*[@id="content"]/div/div/div/div[2]/div[3]/div[6]/div/div/div[2]/div/div/div[2]/table/tbody/tr")): null

2019-04-24 13:46:08 - [TEST_STEP][PASSED] - Statement - rows_count = rows_table.size(): null

2019-04-24 13:46:08 - [TEST_STEP][PASSED] - verifyGreaterThanOrEqual: Actual number '10' is greater than or equal to expected number '1'

2019-04-24 13:46:08 - [MESSAGE][PASSED] - Actual number '10' is greater than or equal to expected number '1'

2019-04-24 13:46:08 - [MESSAGE][PASSED] - Call Test Case 'Test Cases/Operational_Dashboard/177' successfully

2019-04-24 13:46:08 - [TEST_STEP][PASSED] - Statement - driver = com.kms.katalon.core.webui.driver.DriverFactory.getWebDriver(): null

2019-04-24 13:46:08 - [TEST_STEP][PASSED] - Statement - popDown_survey = driver.findElement(org.openqa.selenium.By.xpath("//*[@id="content"]/div/div/div/div[2]/div[3]/div[6]/div/div/div[1]/div[2]/ul/li[3]")): null

2019-04-24 13:46:08 - [TEST_STEP][PASSED] - Statement - popDown_survey.click(): null

2019-04-24 13:46:08 - [TEST_STEP][PASSED] - delay: Delayed 5 second(s)

2019-04-24 13:46:13 - [MESSAGE][PASSED] - Delayed 5 second(s)

2019-04-24 13:46:13 - [TEST_STEP][PASSED] - verifyTextNotPresent: Text 'Responded' is not present on page

2019-04-24 13:46:14 - [MESSAGE][PASSED] - Text 'Responded' is not present on page]]></system-out>
         <system-err><![CDATA[]]></system-err>
      </testcase>
      <testcase name="Test Cases/Operational_Dashboard/187" classname="Test Cases/Operational_Dashboard/187" status="PASSED">
         <system-out><![CDATA[2019-04-24 13:46:14 - [TEST_CASE][PASSED] - Test Cases/Operational_Dashboard/187: Test Cases/Operational_Dashboard/187

2019-04-24 13:46:14 - [TEST_STEP][PASSED] - callTestCase: Call Test Case 'Test Cases/Operational_Dashboard/Login' successfully

2019-04-24 13:46:14 - [TEST_CASE][PASSED] - Test Cases/Operational_Dashboard/Login: Test Cases/Operational_Dashboard/Login

2019-04-24 13:46:14 - [TEST_STEP][PASSED] - callTestCase: Call Test Case 'Test Cases/s-sidebar_navigation/individualAccount/operationalDashboard' successfully

2019-04-24 13:46:14 - [TEST_CASE][PASSED] - Test Cases/s-sidebar_navigation/individualAccount/operationalDashboard: Test Cases/s-sidebar_navigation/individualAccount/operationalDashboard

2019-04-24 13:46:14 - [TEST_STEP][PASSED] - click: Object: 'Object Repository/Page_KiboEngage  Subscribers/span_Subscribers' is clicked on

2019-04-24 13:46:15 - [MESSAGE][PASSED] - Object: 'Object Repository/Page_KiboEngage  Subscribers/span_Subscribers' is clicked on

2019-04-24 13:46:15 - [TEST_STEP][PASSED] - click: Object: 'Object Repository/Page_KiboEngage  Subscribers/span_Operational Dashboard (1)' is clicked on

2019-04-24 13:46:15 - [MESSAGE][PASSED] - Object: 'Object Repository/Page_KiboEngage  Subscribers/span_Operational Dashboard (1)' is clicked on

2019-04-24 13:46:15 - [TEST_STEP][PASSED] - scrollToPosition: Browser is scrolled to position x = 0, y = 0

2019-04-24 13:46:15 - [MESSAGE][PASSED] - Browser is scrolled to position x = 0, y = 0

2019-04-24 13:46:15 - [TEST_STEP][PASSED] - click: Object: 'Object Repository/Page_KiboEngage  Operational Dashbo/h3_Pages Info (4)' is clicked on

2019-04-24 13:46:16 - [MESSAGE][PASSED] - Object: 'Object Repository/Page_KiboEngage  Operational Dashbo/h3_Pages Info (4)' is clicked on

2019-04-24 13:46:16 - [MESSAGE][PASSED] - Call Test Case 'Test Cases/s-sidebar_navigation/individualAccount/operationalDashboard' successfully

2019-04-24 13:46:16 - [MESSAGE][PASSED] - Call Test Case 'Test Cases/Operational_Dashboard/Login' successfully

2019-04-24 13:46:16 - [TEST_STEP][PASSED] - Statement - driver = com.kms.katalon.core.webui.driver.DriverFactory.getWebDriver(): null

2019-04-24 13:46:16 - [TEST_STEP][PASSED] - Statement - popup_poll = driver.findElement(org.openqa.selenium.By.xpath("//*[@id="content"]/div/div/div/div[2]/div[3]/div[7]/div/div/div/div[2]/ul/li[3]")): null

2019-04-24 13:46:16 - [TEST_STEP][PASSED] - Statement - popup_poll.click(): null

2019-04-24 13:46:16 - [TEST_STEP][PASSED] - delay: Delayed 5 second(s)

2019-04-24 13:46:21 - [MESSAGE][PASSED] - Delayed 5 second(s)

2019-04-24 13:46:21 - [TEST_STEP][PASSED] - Statement - rows_table = driver.findElements(org.openqa.selenium.By.xpath("//*[@id="content"]/div/div/div/div[2]/div[3]/div[7]/div/div/div[2]/div/div/div[2]/table/tbody/tr")): null

2019-04-24 13:46:21 - [TEST_STEP][PASSED] - Statement - rows_count = rows_table.size(): null

2019-04-24 13:46:21 - [TEST_STEP][PASSED] - verifyGreaterThanOrEqual: Actual number '10' is greater than or equal to expected number '1'

2019-04-24 13:46:21 - [MESSAGE][PASSED] - Actual number '10' is greater than or equal to expected number '1']]></system-out>
         <system-err><![CDATA[]]></system-err>
      </testcase>
      <testcase name="Test Cases/Operational_Dashboard/188" classname="Test Cases/Operational_Dashboard/188" status="FAILED">
         <failure type="FAILED" message="Unable to verify actual number '0' greater than or equal with expected number '1' (Root cause: Actual number '0' is NOT greater than or equal to expected number '1')"/>
         <system-out><![CDATA[2019-04-24 13:46:21 - [TEST_CASE][FAILED] - Test Cases/Operational_Dashboard/188: Test Cases/Operational_Dashboard/188 FAILED because (of) Unable to verify actual number '0' greater than or equal with expected number '1' (Root cause: Actual number '0' is NOT greater than or equal to expected number '1')

2019-04-24 13:46:21 - [TEST_STEP][FAILED] - callTestCase: Unable to call Test Case with id 'Test Cases/Operational_Dashboard/187' (Root cause: Call Test Case 'Test Cases/Operational_Dashboard/187' failed)

2019-04-24 13:46:22 - [TEST_CASE][FAILED] - Test Cases/Operational_Dashboard/187: Test Cases/Operational_Dashboard/187 FAILED because (of) Unable to verify actual number '0' greater than or equal with expected number '1' (Root cause: Actual number '0' is NOT greater than or equal to expected number '1')

2019-04-24 13:46:22 - [TEST_STEP][PASSED] - callTestCase: Call Test Case 'Test Cases/Operational_Dashboard/Login' successfully

2019-04-24 13:46:22 - [TEST_CASE][PASSED] - Test Cases/Operational_Dashboard/Login: Test Cases/Operational_Dashboard/Login

2019-04-24 13:46:22 - [TEST_STEP][PASSED] - callTestCase: Call Test Case 'Test Cases/s-sidebar_navigation/individualAccount/operationalDashboard' successfully

2019-04-24 13:46:22 - [TEST_CASE][PASSED] - Test Cases/s-sidebar_navigation/individualAccount/operationalDashboard: Test Cases/s-sidebar_navigation/individualAccount/operationalDashboard

2019-04-24 13:46:22 - [TEST_STEP][PASSED] - click: Object: 'Object Repository/Page_KiboEngage  Subscribers/span_Subscribers' is clicked on

2019-04-24 13:46:22 - [MESSAGE][PASSED] - Object: 'Object Repository/Page_KiboEngage  Subscribers/span_Subscribers' is clicked on

2019-04-24 13:46:22 - [TEST_STEP][PASSED] - click: Object: 'Object Repository/Page_KiboEngage  Subscribers/span_Operational Dashboard (1)' is clicked on

2019-04-24 13:46:22 - [MESSAGE][PASSED] - Object: 'Object Repository/Page_KiboEngage  Subscribers/span_Operational Dashboard (1)' is clicked on

2019-04-24 13:46:22 - [TEST_STEP][PASSED] - scrollToPosition: Browser is scrolled to position x = 0, y = 0

2019-04-24 13:46:22 - [MESSAGE][PASSED] - Browser is scrolled to position x = 0, y = 0

2019-04-24 13:46:22 - [TEST_STEP][PASSED] - click: Object: 'Object Repository/Page_KiboEngage  Operational Dashbo/h3_Pages Info (4)' is clicked on

2019-04-24 13:46:23 - [MESSAGE][PASSED] - Object: 'Object Repository/Page_KiboEngage  Operational Dashbo/h3_Pages Info (4)' is clicked on

2019-04-24 13:46:23 - [MESSAGE][PASSED] - Call Test Case 'Test Cases/s-sidebar_navigation/individualAccount/operationalDashboard' successfully

2019-04-24 13:46:23 - [MESSAGE][PASSED] - Call Test Case 'Test Cases/Operational_Dashboard/Login' successfully

2019-04-24 13:46:23 - [TEST_STEP][PASSED] - Statement - driver = com.kms.katalon.core.webui.driver.DriverFactory.getWebDriver(): null

2019-04-24 13:46:23 - [TEST_STEP][PASSED] - Statement - popup_poll = driver.findElement(org.openqa.selenium.By.xpath("//*[@id="content"]/div/div/div/div[2]/div[3]/div[7]/div/div/div/div[2]/ul/li[3]")): null

2019-04-24 13:46:23 - [TEST_STEP][PASSED] - Statement - popup_poll.click(): null

2019-04-24 13:46:23 - [TEST_STEP][PASSED] - delay: Delayed 5 second(s)

2019-04-24 13:46:28 - [MESSAGE][PASSED] - Delayed 5 second(s)

2019-04-24 13:46:28 - [TEST_STEP][PASSED] - Statement - rows_table = driver.findElements(org.openqa.selenium.By.xpath("//*[@id="content"]/div/div/div/div[2]/div[3]/div[7]/div/div/div[2]/div/div/div[2]/table/tbody/tr")): null

2019-04-24 13:46:28 - [TEST_STEP][PASSED] - Statement - rows_count = rows_table.size(): null

2019-04-24 13:46:28 - [TEST_STEP][FAILED] - verifyGreaterThanOrEqual: Unable to verify actual number '0' greater than or equal with expected number '1' (Root cause: Actual number '0' is NOT greater than or equal to expected number '1')

2019-04-24 13:46:28 - [MESSAGE][FAILED] - Unable to verify actual number '0' greater than or equal with expected number '1' (Root cause: Actual number '0' is NOT greater than or equal to expected number '1')

2019-04-24 13:46:28 - [MESSAGE][FAILED] - Unable to call Test Case with id 'Test Cases/Operational_Dashboard/187' (Root cause: Call Test Case 'Test Cases/Operational_Dashboard/187' failed)]]></system-out>
         <system-err><![CDATA[2019-04-24 13:46:21 - [TEST_CASE][FAILED] - Test Cases/Operational_Dashboard/188: Test Cases/Operational_Dashboard/188 FAILED because (of) Unable to verify actual number '0' greater than or equal with expected number '1' (Root cause: Actual number '0' is NOT greater than or equal to expected number '1')]]></system-err>
      </testcase>
      <testcase name="Test Cases/Operational_Dashboard/189" classname="Test Cases/Operational_Dashboard/189" status="FAILED">
         <failure type="FAILED" message="Unable to verify actual number '0' greater than or equal with expected number '1' (Root cause: Actual number '0' is NOT greater than or equal to expected number '1')"/>
         <system-out><![CDATA[2019-04-24 13:46:28 - [TEST_CASE][FAILED] - Test Cases/Operational_Dashboard/189: Test Cases/Operational_Dashboard/189 FAILED because (of) Unable to verify actual number '0' greater than or equal with expected number '1' (Root cause: Actual number '0' is NOT greater than or equal to expected number '1')

2019-04-24 13:46:28 - [TEST_STEP][FAILED] - callTestCase: Unable to call Test Case with id 'Test Cases/Operational_Dashboard/188' (Root cause: Call Test Case 'Test Cases/Operational_Dashboard/188' failed)

2019-04-24 13:46:28 - [TEST_CASE][FAILED] - Test Cases/Operational_Dashboard/188: Test Cases/Operational_Dashboard/188 FAILED because (of) Unable to verify actual number '0' greater than or equal with expected number '1' (Root cause: Actual number '0' is NOT greater than or equal to expected number '1')

2019-04-24 13:46:28 - [TEST_STEP][PASSED] - callTestCase: Call Test Case 'Test Cases/Operational_Dashboard/187' successfully

2019-04-24 13:46:28 - [TEST_CASE][PASSED] - Test Cases/Operational_Dashboard/187: Test Cases/Operational_Dashboard/187

2019-04-24 13:46:29 - [TEST_STEP][PASSED] - callTestCase: Call Test Case 'Test Cases/Operational_Dashboard/Login' successfully

2019-04-24 13:46:29 - [TEST_CASE][PASSED] - Test Cases/Operational_Dashboard/Login: Test Cases/Operational_Dashboard/Login

2019-04-24 13:46:29 - [TEST_STEP][PASSED] - callTestCase: Call Test Case 'Test Cases/s-sidebar_navigation/individualAccount/operationalDashboard' successfully

2019-04-24 13:46:29 - [TEST_CASE][PASSED] - Test Cases/s-sidebar_navigation/individualAccount/operationalDashboard: Test Cases/s-sidebar_navigation/individualAccount/operationalDashboard

2019-04-24 13:46:29 - [TEST_STEP][PASSED] - click: Object: 'Object Repository/Page_KiboEngage  Subscribers/span_Subscribers' is clicked on

2019-04-24 13:46:29 - [MESSAGE][PASSED] - Object: 'Object Repository/Page_KiboEngage  Subscribers/span_Subscribers' is clicked on

2019-04-24 13:46:29 - [TEST_STEP][PASSED] - click: Object: 'Object Repository/Page_KiboEngage  Subscribers/span_Operational Dashboard (1)' is clicked on

2019-04-24 13:46:30 - [MESSAGE][PASSED] - Object: 'Object Repository/Page_KiboEngage  Subscribers/span_Operational Dashboard (1)' is clicked on

2019-04-24 13:46:30 - [TEST_STEP][PASSED] - scrollToPosition: Browser is scrolled to position x = 0, y = 0

2019-04-24 13:46:30 - [MESSAGE][PASSED] - Browser is scrolled to position x = 0, y = 0

2019-04-24 13:46:30 - [TEST_STEP][PASSED] - click: Object: 'Object Repository/Page_KiboEngage  Operational Dashbo/h3_Pages Info (4)' is clicked on

2019-04-24 13:46:30 - [MESSAGE][PASSED] - Object: 'Object Repository/Page_KiboEngage  Operational Dashbo/h3_Pages Info (4)' is clicked on

2019-04-24 13:46:30 - [MESSAGE][PASSED] - Call Test Case 'Test Cases/s-sidebar_navigation/individualAccount/operationalDashboard' successfully

2019-04-24 13:46:30 - [MESSAGE][PASSED] - Call Test Case 'Test Cases/Operational_Dashboard/Login' successfully

2019-04-24 13:46:30 - [TEST_STEP][PASSED] - Statement - driver = com.kms.katalon.core.webui.driver.DriverFactory.getWebDriver(): null

2019-04-24 13:46:30 - [TEST_STEP][PASSED] - Statement - popup_poll = driver.findElement(org.openqa.selenium.By.xpath("//*[@id="content"]/div/div/div/div[2]/div[3]/div[7]/div/div/div/div[2]/ul/li[3]")): null

2019-04-24 13:46:30 - [TEST_STEP][PASSED] - Statement - popup_poll.click(): null

2019-04-24 13:46:30 - [TEST_STEP][PASSED] - delay: Delayed 5 second(s)

2019-04-24 13:46:35 - [MESSAGE][PASSED] - Delayed 5 second(s)

2019-04-24 13:46:35 - [TEST_STEP][PASSED] - Statement - rows_table = driver.findElements(org.openqa.selenium.By.xpath("//*[@id="content"]/div/div/div/div[2]/div[3]/div[7]/div/div/div[2]/div/div/div[2]/table/tbody/tr")): null

2019-04-24 13:46:35 - [TEST_STEP][PASSED] - Statement - rows_count = rows_table.size(): null

2019-04-24 13:46:35 - [TEST_STEP][PASSED] - verifyGreaterThanOrEqual: Actual number '10' is greater than or equal to expected number '1'

2019-04-24 13:46:35 - [MESSAGE][PASSED] - Actual number '10' is greater than or equal to expected number '1'

2019-04-24 13:46:35 - [MESSAGE][PASSED] - Call Test Case 'Test Cases/Operational_Dashboard/187' successfully

2019-04-24 13:46:35 - [TEST_STEP][PASSED] - Statement - driver = com.kms.katalon.core.webui.driver.DriverFactory.getWebDriver(): null

2019-04-24 13:46:35 - [TEST_STEP][PASSED] - Statement - next = driver.findElement(org.openqa.selenium.By.xpath("//*[@id="content"]/div/div/div/div[2]/div[3]/div[7]/div/div/div[2]/div/div/div[2]/ul/li[5]/a")): null

2019-04-24 13:46:35 - [TEST_STEP][PASSED] - Statement - next.click(): null

2019-04-24 13:46:35 - [TEST_STEP][PASSED] - delay: Delayed 5 second(s)

2019-04-24 13:46:40 - [MESSAGE][PASSED] - Delayed 5 second(s)

2019-04-24 13:46:40 - [TEST_STEP][PASSED] - Statement - rows_table = driver.findElements(org.openqa.selenium.By.xpath("//*[@id="content"]/div/div/div/div[2]/div[3]/div[7]/div/div/div[2]/div/div/div[2]/table/tbody/tr")): null

2019-04-24 13:46:40 - [TEST_STEP][PASSED] - Statement - rows_count = rows_table.size(): null

2019-04-24 13:46:40 - [TEST_STEP][FAILED] - verifyGreaterThanOrEqual: Unable to verify actual number '0' greater than or equal with expected number '1' (Root cause: Actual number '0' is NOT greater than or equal to expected number '1')

2019-04-24 13:46:40 - [MESSAGE][FAILED] - Unable to verify actual number '0' greater than or equal with expected number '1' (Root cause: Actual number '0' is NOT greater than or equal to expected number '1')

2019-04-24 13:46:40 - [MESSAGE][FAILED] - Unable to call Test Case with id 'Test Cases/Operational_Dashboard/188' (Root cause: Call Test Case 'Test Cases/Operational_Dashboard/188' failed)]]></system-out>
         <system-err><![CDATA[2019-04-24 13:46:28 - [TEST_CASE][FAILED] - Test Cases/Operational_Dashboard/189: Test Cases/Operational_Dashboard/189 FAILED because (of) Unable to verify actual number '0' greater than or equal with expected number '1' (Root cause: Actual number '0' is NOT greater than or equal to expected number '1')]]></system-err>
      </testcase>
      <testcase name="Test Cases/Operational_Dashboard/190" classname="Test Cases/Operational_Dashboard/190" status="FAILED">
         <failure type="FAILED" message="Unable to verify actual number '0' greater than or equal with expected number '1' (Root cause: Actual number '0' is NOT greater than or equal to expected number '1')"/>
         <system-out><![CDATA[2019-04-24 13:46:40 - [TEST_CASE][FAILED] - Test Cases/Operational_Dashboard/190: Test Cases/Operational_Dashboard/190 FAILED because (of) Unable to verify actual number '0' greater than or equal with expected number '1' (Root cause: Actual number '0' is NOT greater than or equal to expected number '1')

2019-04-24 13:46:41 - [TEST_STEP][FAILED] - callTestCase: Unable to call Test Case with id 'Test Cases/Operational_Dashboard/187' (Root cause: Call Test Case 'Test Cases/Operational_Dashboard/187' failed)

2019-04-24 13:46:41 - [TEST_CASE][FAILED] - Test Cases/Operational_Dashboard/187: Test Cases/Operational_Dashboard/187 FAILED because (of) Unable to verify actual number '0' greater than or equal with expected number '1' (Root cause: Actual number '0' is NOT greater than or equal to expected number '1')

2019-04-24 13:46:41 - [TEST_STEP][PASSED] - callTestCase: Call Test Case 'Test Cases/Operational_Dashboard/Login' successfully

2019-04-24 13:46:41 - [TEST_CASE][PASSED] - Test Cases/Operational_Dashboard/Login: Test Cases/Operational_Dashboard/Login

2019-04-24 13:46:41 - [TEST_STEP][PASSED] - callTestCase: Call Test Case 'Test Cases/s-sidebar_navigation/individualAccount/operationalDashboard' successfully

2019-04-24 13:46:41 - [TEST_CASE][PASSED] - Test Cases/s-sidebar_navigation/individualAccount/operationalDashboard: Test Cases/s-sidebar_navigation/individualAccount/operationalDashboard

2019-04-24 13:46:41 - [TEST_STEP][PASSED] - click: Object: 'Object Repository/Page_KiboEngage  Subscribers/span_Subscribers' is clicked on

2019-04-24 13:46:41 - [MESSAGE][PASSED] - Object: 'Object Repository/Page_KiboEngage  Subscribers/span_Subscribers' is clicked on

2019-04-24 13:46:41 - [TEST_STEP][PASSED] - click: Object: 'Object Repository/Page_KiboEngage  Subscribers/span_Operational Dashboard (1)' is clicked on

2019-04-24 13:46:42 - [MESSAGE][PASSED] - Object: 'Object Repository/Page_KiboEngage  Subscribers/span_Operational Dashboard (1)' is clicked on

2019-04-24 13:46:42 - [TEST_STEP][PASSED] - scrollToPosition: Browser is scrolled to position x = 0, y = 0

2019-04-24 13:46:42 - [MESSAGE][PASSED] - Browser is scrolled to position x = 0, y = 0

2019-04-24 13:46:42 - [TEST_STEP][PASSED] - click: Object: 'Object Repository/Page_KiboEngage  Operational Dashbo/h3_Pages Info (4)' is clicked on

2019-04-24 13:46:42 - [MESSAGE][PASSED] - Object: 'Object Repository/Page_KiboEngage  Operational Dashbo/h3_Pages Info (4)' is clicked on

2019-04-24 13:46:42 - [MESSAGE][PASSED] - Call Test Case 'Test Cases/s-sidebar_navigation/individualAccount/operationalDashboard' successfully

2019-04-24 13:46:42 - [MESSAGE][PASSED] - Call Test Case 'Test Cases/Operational_Dashboard/Login' successfully

2019-04-24 13:46:42 - [TEST_STEP][PASSED] - Statement - driver = com.kms.katalon.core.webui.driver.DriverFactory.getWebDriver(): null

2019-04-24 13:46:42 - [TEST_STEP][PASSED] - Statement - popup_poll = driver.findElement(org.openqa.selenium.By.xpath("//*[@id="content"]/div/div/div/div[2]/div[3]/div[7]/div/div/div/div[2]/ul/li[3]")): null

2019-04-24 13:46:42 - [TEST_STEP][PASSED] - Statement - popup_poll.click(): null

2019-04-24 13:46:42 - [TEST_STEP][PASSED] - delay: Delayed 5 second(s)

2019-04-24 13:46:47 - [MESSAGE][PASSED] - Delayed 5 second(s)

2019-04-24 13:46:47 - [TEST_STEP][PASSED] - Statement - rows_table = driver.findElements(org.openqa.selenium.By.xpath("//*[@id="content"]/div/div/div/div[2]/div[3]/div[7]/div/div/div[2]/div/div/div[2]/table/tbody/tr")): null

2019-04-24 13:46:47 - [TEST_STEP][PASSED] - Statement - rows_count = rows_table.size(): null

2019-04-24 13:46:47 - [TEST_STEP][FAILED] - verifyGreaterThanOrEqual: Unable to verify actual number '0' greater than or equal with expected number '1' (Root cause: Actual number '0' is NOT greater than or equal to expected number '1')

2019-04-24 13:46:47 - [MESSAGE][FAILED] - Unable to verify actual number '0' greater than or equal with expected number '1' (Root cause: Actual number '0' is NOT greater than or equal to expected number '1')

2019-04-24 13:46:47 - [MESSAGE][FAILED] - Unable to call Test Case with id 'Test Cases/Operational_Dashboard/187' (Root cause: Call Test Case 'Test Cases/Operational_Dashboard/187' failed)]]></system-out>
         <system-err><![CDATA[2019-04-24 13:46:40 - [TEST_CASE][FAILED] - Test Cases/Operational_Dashboard/190: Test Cases/Operational_Dashboard/190 FAILED because (of) Unable to verify actual number '0' greater than or equal with expected number '1' (Root cause: Actual number '0' is NOT greater than or equal to expected number '1')]]></system-err>
      </testcase>
      <testcase name="Test Cases/Operational_Dashboard/191" classname="Test Cases/Operational_Dashboard/191" status="PASSED">
         <system-out><![CDATA[2019-04-24 13:46:47 - [TEST_CASE][PASSED] - Test Cases/Operational_Dashboard/191: Test Cases/Operational_Dashboard/191

2019-04-24 13:46:47 - [TEST_STEP][PASSED] - callTestCase: Call Test Case 'Test Cases/Operational_Dashboard/187' successfully

2019-04-24 13:46:47 - [TEST_CASE][PASSED] - Test Cases/Operational_Dashboard/187: Test Cases/Operational_Dashboard/187

2019-04-24 13:46:47 - [TEST_STEP][PASSED] - callTestCase: Call Test Case 'Test Cases/Operational_Dashboard/Login' successfully

2019-04-24 13:46:48 - [TEST_CASE][PASSED] - Test Cases/Operational_Dashboard/Login: Test Cases/Operational_Dashboard/Login

2019-04-24 13:46:48 - [TEST_STEP][PASSED] - callTestCase: Call Test Case 'Test Cases/s-sidebar_navigation/individualAccount/operationalDashboard' successfully

2019-04-24 13:46:48 - [TEST_CASE][PASSED] - Test Cases/s-sidebar_navigation/individualAccount/operationalDashboard: Test Cases/s-sidebar_navigation/individualAccount/operationalDashboard

2019-04-24 13:46:48 - [TEST_STEP][PASSED] - click: Object: 'Object Repository/Page_KiboEngage  Subscribers/span_Subscribers' is clicked on

2019-04-24 13:46:48 - [MESSAGE][PASSED] - Object: 'Object Repository/Page_KiboEngage  Subscribers/span_Subscribers' is clicked on

2019-04-24 13:46:48 - [TEST_STEP][PASSED] - click: Object: 'Object Repository/Page_KiboEngage  Subscribers/span_Operational Dashboard (1)' is clicked on

2019-04-24 13:46:49 - [MESSAGE][PASSED] - Object: 'Object Repository/Page_KiboEngage  Subscribers/span_Operational Dashboard (1)' is clicked on

2019-04-24 13:46:49 - [TEST_STEP][PASSED] - scrollToPosition: Browser is scrolled to position x = 0, y = 0

2019-04-24 13:46:49 - [MESSAGE][PASSED] - Browser is scrolled to position x = 0, y = 0

2019-04-24 13:46:49 - [TEST_STEP][PASSED] - click: Object: 'Object Repository/Page_KiboEngage  Operational Dashbo/h3_Pages Info (4)' is clicked on

2019-04-24 13:46:49 - [MESSAGE][PASSED] - Object: 'Object Repository/Page_KiboEngage  Operational Dashbo/h3_Pages Info (4)' is clicked on

2019-04-24 13:46:49 - [MESSAGE][PASSED] - Call Test Case 'Test Cases/s-sidebar_navigation/individualAccount/operationalDashboard' successfully

2019-04-24 13:46:49 - [MESSAGE][PASSED] - Call Test Case 'Test Cases/Operational_Dashboard/Login' successfully

2019-04-24 13:46:49 - [TEST_STEP][PASSED] - Statement - driver = com.kms.katalon.core.webui.driver.DriverFactory.getWebDriver(): null

2019-04-24 13:46:49 - [TEST_STEP][PASSED] - Statement - popup_poll = driver.findElement(org.openqa.selenium.By.xpath("//*[@id="content"]/div/div/div/div[2]/div[3]/div[7]/div/div/div/div[2]/ul/li[3]")): null

2019-04-24 13:46:49 - [TEST_STEP][PASSED] - Statement - popup_poll.click(): null

2019-04-24 13:46:49 - [TEST_STEP][PASSED] - delay: Delayed 5 second(s)

2019-04-24 13:46:54 - [MESSAGE][PASSED] - Delayed 5 second(s)

2019-04-24 13:46:54 - [TEST_STEP][PASSED] - Statement - rows_table = driver.findElements(org.openqa.selenium.By.xpath("//*[@id="content"]/div/div/div/div[2]/div[3]/div[7]/div/div/div[2]/div/div/div[2]/table/tbody/tr")): null

2019-04-24 13:46:54 - [TEST_STEP][PASSED] - Statement - rows_count = rows_table.size(): null

2019-04-24 13:46:54 - [TEST_STEP][PASSED] - verifyGreaterThanOrEqual: Actual number '10' is greater than or equal to expected number '1'

2019-04-24 13:46:54 - [MESSAGE][PASSED] - Actual number '10' is greater than or equal to expected number '1'

2019-04-24 13:46:54 - [MESSAGE][PASSED] - Call Test Case 'Test Cases/Operational_Dashboard/187' successfully

2019-04-24 13:46:54 - [TEST_STEP][PASSED] - Statement - driver = com.kms.katalon.core.webui.driver.DriverFactory.getWebDriver(): null

2019-04-24 13:46:54 - [TEST_STEP][PASSED] - Statement - search_text = driver.findElement(org.openqa.selenium.By.xpath("//*[@id="content"]/div/div/div/div[2]/div[3]/div[7]/div/div/div[2]/div/div/div[1]/div[1]/input")): null

2019-04-24 13:46:54 - [TEST_STEP][PASSED] - Statement - search_text.clear(): null

2019-04-24 13:46:54 - [TEST_STEP][PASSED] - Statement - search_text.sendKeys("1"): null

2019-04-24 13:46:54 - [TEST_STEP][PASSED] - delay: Delayed 5 second(s)

2019-04-24 13:46:59 - [MESSAGE][PASSED] - Delayed 5 second(s)

2019-04-24 13:46:59 - [TEST_STEP][PASSED] - Statement - rows_table = driver.findElements(org.openqa.selenium.By.xpath("//*[@id="content"]/div/div/div/div[2]/div[3]/div[7]/div/div/div[2]/div/div/div[2]/table/tbody/tr")): null

2019-04-24 13:46:59 - [TEST_STEP][PASSED] - Statement - rows_count = rows_table.size(): null

2019-04-24 13:46:59 - [TEST_STEP][PASSED] - verifyGreaterThanOrEqual: Actual number '10' is greater than or equal to expected number '1'

2019-04-24 13:46:59 - [MESSAGE][PASSED] - Actual number '10' is greater than or equal to expected number '1']]></system-out>
         <system-err><![CDATA[]]></system-err>
      </testcase>
      <testcase name="Test Cases/Operational_Dashboard/192" classname="Test Cases/Operational_Dashboard/192" status="PASSED">
         <system-out><![CDATA[2019-04-24 13:46:59 - [TEST_CASE][PASSED] - Test Cases/Operational_Dashboard/192: Test Cases/Operational_Dashboard/192

2019-04-24 13:47:00 - [TEST_STEP][PASSED] - callTestCase: Call Test Case 'Test Cases/Operational_Dashboard/187' successfully

2019-04-24 13:47:00 - [TEST_CASE][PASSED] - Test Cases/Operational_Dashboard/187: Test Cases/Operational_Dashboard/187

2019-04-24 13:47:00 - [TEST_STEP][PASSED] - callTestCase: Call Test Case 'Test Cases/Operational_Dashboard/Login' successfully

2019-04-24 13:47:00 - [TEST_CASE][PASSED] - Test Cases/Operational_Dashboard/Login: Test Cases/Operational_Dashboard/Login

2019-04-24 13:47:00 - [TEST_STEP][PASSED] - callTestCase: Call Test Case 'Test Cases/s-sidebar_navigation/individualAccount/operationalDashboard' successfully

2019-04-24 13:47:00 - [TEST_CASE][PASSED] - Test Cases/s-sidebar_navigation/individualAccount/operationalDashboard: Test Cases/s-sidebar_navigation/individualAccount/operationalDashboard

2019-04-24 13:47:00 - [TEST_STEP][PASSED] - click: Object: 'Object Repository/Page_KiboEngage  Subscribers/span_Subscribers' is clicked on

2019-04-24 13:47:00 - [MESSAGE][PASSED] - Object: 'Object Repository/Page_KiboEngage  Subscribers/span_Subscribers' is clicked on

2019-04-24 13:47:00 - [TEST_STEP][PASSED] - click: Object: 'Object Repository/Page_KiboEngage  Subscribers/span_Operational Dashboard (1)' is clicked on

2019-04-24 13:47:01 - [MESSAGE][PASSED] - Object: 'Object Repository/Page_KiboEngage  Subscribers/span_Operational Dashboard (1)' is clicked on

2019-04-24 13:47:01 - [TEST_STEP][PASSED] - scrollToPosition: Browser is scrolled to position x = 0, y = 0

2019-04-24 13:47:01 - [MESSAGE][PASSED] - Browser is scrolled to position x = 0, y = 0

2019-04-24 13:47:01 - [TEST_STEP][PASSED] - click: Object: 'Object Repository/Page_KiboEngage  Operational Dashbo/h3_Pages Info (4)' is clicked on

2019-04-24 13:47:01 - [MESSAGE][PASSED] - Object: 'Object Repository/Page_KiboEngage  Operational Dashbo/h3_Pages Info (4)' is clicked on

2019-04-24 13:47:01 - [MESSAGE][PASSED] - Call Test Case 'Test Cases/s-sidebar_navigation/individualAccount/operationalDashboard' successfully

2019-04-24 13:47:01 - [MESSAGE][PASSED] - Call Test Case 'Test Cases/Operational_Dashboard/Login' successfully

2019-04-24 13:47:01 - [TEST_STEP][PASSED] - Statement - driver = com.kms.katalon.core.webui.driver.DriverFactory.getWebDriver(): null

2019-04-24 13:47:01 - [TEST_STEP][PASSED] - Statement - popup_poll = driver.findElement(org.openqa.selenium.By.xpath("//*[@id="content"]/div/div/div/div[2]/div[3]/div[7]/div/div/div/div[2]/ul/li[3]")): null

2019-04-24 13:47:01 - [TEST_STEP][PASSED] - Statement - popup_poll.click(): null

2019-04-24 13:47:01 - [TEST_STEP][PASSED] - delay: Delayed 5 second(s)

2019-04-24 13:47:06 - [MESSAGE][PASSED] - Delayed 5 second(s)

2019-04-24 13:47:06 - [TEST_STEP][PASSED] - Statement - rows_table = driver.findElements(org.openqa.selenium.By.xpath("//*[@id="content"]/div/div/div/div[2]/div[3]/div[7]/div/div/div[2]/div/div/div[2]/table/tbody/tr")): null

2019-04-24 13:47:06 - [TEST_STEP][PASSED] - Statement - rows_count = rows_table.size(): null

2019-04-24 13:47:06 - [TEST_STEP][PASSED] - verifyGreaterThanOrEqual: Actual number '10' is greater than or equal to expected number '1'

2019-04-24 13:47:06 - [MESSAGE][PASSED] - Actual number '10' is greater than or equal to expected number '1'

2019-04-24 13:47:06 - [MESSAGE][PASSED] - Call Test Case 'Test Cases/Operational_Dashboard/187' successfully

2019-04-24 13:47:06 - [TEST_STEP][PASSED] - Statement - driver = com.kms.katalon.core.webui.driver.DriverFactory.getWebDriver(): null

2019-04-24 13:47:06 - [TEST_STEP][PASSED] - Statement - search_text = driver.findElement(org.openqa.selenium.By.xpath("//*[@id="content"]/div/div/div/div[2]/div[3]/div[7]/div/div/div[2]/div/div/div[1]/div[2]/div/input")): null

2019-04-24 13:47:06 - [TEST_STEP][PASSED] - Statement - search_text.clear(): null

2019-04-24 13:47:06 - [TEST_STEP][PASSED] - Statement - search_text.sendKeys("1"): null

2019-04-24 13:47:06 - [TEST_STEP][PASSED] - delay: Delayed 5 second(s)

2019-04-24 13:47:11 - [MESSAGE][PASSED] - Delayed 5 second(s)

2019-04-24 13:47:11 - [TEST_STEP][PASSED] - Statement - rows_table = driver.findElements(org.openqa.selenium.By.xpath("//*[@id="content"]/div/div/div/div[2]/div[3]/div[7]/div/div/div[2]/div/div/div[2]/table/tbody/tr")): null

2019-04-24 13:47:11 - [TEST_STEP][PASSED] - Statement - rows_count = rows_table.size(): null

2019-04-24 13:47:11 - [TEST_STEP][PASSED] - verifyGreaterThanOrEqual: Actual number '10' is greater than or equal to expected number '1'

2019-04-24 13:47:11 - [MESSAGE][PASSED] - Actual number '10' is greater than or equal to expected number '1']]></system-out>
         <system-err><![CDATA[]]></system-err>
      </testcase>
      <testcase name="Test Cases/Operational_Dashboard/193" classname="Test Cases/Operational_Dashboard/193" status="PASSED">
         <system-out><![CDATA[2019-04-24 13:47:11 - [TEST_CASE][PASSED] - Test Cases/Operational_Dashboard/193: Test Cases/Operational_Dashboard/193

2019-04-24 13:47:11 - [TEST_STEP][PASSED] - callTestCase: Call Test Case 'Test Cases/Operational_Dashboard/187' successfully

2019-04-24 13:47:11 - [TEST_CASE][PASSED] - Test Cases/Operational_Dashboard/187: Test Cases/Operational_Dashboard/187

2019-04-24 13:47:11 - [TEST_STEP][PASSED] - callTestCase: Call Test Case 'Test Cases/Operational_Dashboard/Login' successfully

2019-04-24 13:47:12 - [TEST_CASE][PASSED] - Test Cases/Operational_Dashboard/Login: Test Cases/Operational_Dashboard/Login

2019-04-24 13:47:12 - [TEST_STEP][PASSED] - callTestCase: Call Test Case 'Test Cases/s-sidebar_navigation/individualAccount/operationalDashboard' successfully

2019-04-24 13:47:12 - [TEST_CASE][PASSED] - Test Cases/s-sidebar_navigation/individualAccount/operationalDashboard: Test Cases/s-sidebar_navigation/individualAccount/operationalDashboard

2019-04-24 13:47:12 - [TEST_STEP][PASSED] - click: Object: 'Object Repository/Page_KiboEngage  Subscribers/span_Subscribers' is clicked on

2019-04-24 13:47:12 - [MESSAGE][PASSED] - Object: 'Object Repository/Page_KiboEngage  Subscribers/span_Subscribers' is clicked on

2019-04-24 13:47:12 - [TEST_STEP][PASSED] - click: Object: 'Object Repository/Page_KiboEngage  Subscribers/span_Operational Dashboard (1)' is clicked on

2019-04-24 13:47:12 - [MESSAGE][PASSED] - Object: 'Object Repository/Page_KiboEngage  Subscribers/span_Operational Dashboard (1)' is clicked on

2019-04-24 13:47:12 - [TEST_STEP][PASSED] - scrollToPosition: Browser is scrolled to position x = 0, y = 0

2019-04-24 13:47:13 - [MESSAGE][PASSED] - Browser is scrolled to position x = 0, y = 0

2019-04-24 13:47:13 - [TEST_STEP][PASSED] - click: Object: 'Object Repository/Page_KiboEngage  Operational Dashbo/h3_Pages Info (4)' is clicked on

2019-04-24 13:47:13 - [MESSAGE][PASSED] - Object: 'Object Repository/Page_KiboEngage  Operational Dashbo/h3_Pages Info (4)' is clicked on

2019-04-24 13:47:13 - [MESSAGE][PASSED] - Call Test Case 'Test Cases/s-sidebar_navigation/individualAccount/operationalDashboard' successfully

2019-04-24 13:47:13 - [MESSAGE][PASSED] - Call Test Case 'Test Cases/Operational_Dashboard/Login' successfully

2019-04-24 13:47:13 - [TEST_STEP][PASSED] - Statement - driver = com.kms.katalon.core.webui.driver.DriverFactory.getWebDriver(): null

2019-04-24 13:47:13 - [TEST_STEP][PASSED] - Statement - popup_poll = driver.findElement(org.openqa.selenium.By.xpath("//*[@id="content"]/div/div/div/div[2]/div[3]/div[7]/div/div/div/div[2]/ul/li[3]")): null

2019-04-24 13:47:13 - [TEST_STEP][PASSED] - Statement - popup_poll.click(): null

2019-04-24 13:47:13 - [TEST_STEP][PASSED] - delay: Delayed 5 second(s)

2019-04-24 13:47:18 - [MESSAGE][PASSED] - Delayed 5 second(s)

2019-04-24 13:47:18 - [TEST_STEP][PASSED] - Statement - rows_table = driver.findElements(org.openqa.selenium.By.xpath("//*[@id="content"]/div/div/div/div[2]/div[3]/div[7]/div/div/div[2]/div/div/div[2]/table/tbody/tr")): null

2019-04-24 13:47:18 - [TEST_STEP][PASSED] - Statement - rows_count = rows_table.size(): null

2019-04-24 13:47:18 - [TEST_STEP][PASSED] - verifyGreaterThanOrEqual: Actual number '10' is greater than or equal to expected number '1'

2019-04-24 13:47:18 - [MESSAGE][PASSED] - Actual number '10' is greater than or equal to expected number '1'

2019-04-24 13:47:18 - [MESSAGE][PASSED] - Call Test Case 'Test Cases/Operational_Dashboard/187' successfully

2019-04-24 13:47:18 - [TEST_STEP][PASSED] - Statement - driver = com.kms.katalon.core.webui.driver.DriverFactory.getWebDriver(): null

2019-04-24 13:47:18 - [TEST_STEP][PASSED] - Statement - search_text = driver.findElement(org.openqa.selenium.By.xpath("//*[@id="content"]/div/div/div/div[2]/div[3]/div[7]/div/div/div[2]/div/div/div[1]/div[1]/input")): null

2019-04-24 13:47:18 - [TEST_STEP][PASSED] - Statement - search_text.clear(): null

2019-04-24 13:47:18 - [TEST_STEP][PASSED] - Statement - search_text.sendKeys("1"): null

2019-04-24 13:47:18 - [TEST_STEP][PASSED] - delay: Delayed 5 second(s)

2019-04-24 13:47:23 - [MESSAGE][PASSED] - Delayed 5 second(s)

2019-04-24 13:47:23 - [TEST_STEP][PASSED] - Statement - search = driver.findElement(org.openqa.selenium.By.xpath("//*[@id="content"]/div/div/div/div[2]/div[3]/div[7]/div/div/div[2]/div/div/div[1]/div[2]/div/input")): null

2019-04-24 13:47:23 - [TEST_STEP][PASSED] - Statement - search.clear(): null

2019-04-24 13:47:23 - [TEST_STEP][PASSED] - Statement - search.sendKeys("10"): null

2019-04-24 13:47:23 - [TEST_STEP][PASSED] - delay: Delayed 5 second(s)

2019-04-24 13:47:28 - [MESSAGE][PASSED] - Delayed 5 second(s)

2019-04-24 13:47:28 - [TEST_STEP][PASSED] - Statement - rows_table = driver.findElements(org.openqa.selenium.By.xpath("//*[@id="content"]/div/div/div/div[2]/div[3]/div[7]/div/div/div[2]/div/div/div[2]/table/tbody/tr")): null

2019-04-24 13:47:28 - [TEST_STEP][PASSED] - Statement - rows_count = rows_table.size(): null

2019-04-24 13:47:28 - [TEST_STEP][PASSED] - verifyGreaterThanOrEqual: Actual number '10' is greater than or equal to expected number '1'

2019-04-24 13:47:28 - [MESSAGE][PASSED] - Actual number '10' is greater than or equal to expected number '1']]></system-out>
         <system-err><![CDATA[]]></system-err>
      </testcase>
      <testcase name="Test Cases/Operational_Dashboard/194" classname="Test Cases/Operational_Dashboard/194" status="PASSED">
         <system-out><![CDATA[2019-04-24 13:47:28 - [TEST_CASE][PASSED] - Test Cases/Operational_Dashboard/194: Test Cases/Operational_Dashboard/194

2019-04-24 13:47:29 - [TEST_STEP][PASSED] - callTestCase: Call Test Case 'Test Cases/Operational_Dashboard/187' successfully

2019-04-24 13:47:29 - [TEST_CASE][PASSED] - Test Cases/Operational_Dashboard/187: Test Cases/Operational_Dashboard/187

2019-04-24 13:47:29 - [TEST_STEP][PASSED] - callTestCase: Call Test Case 'Test Cases/Operational_Dashboard/Login' successfully

2019-04-24 13:47:29 - [TEST_CASE][PASSED] - Test Cases/Operational_Dashboard/Login: Test Cases/Operational_Dashboard/Login

2019-04-24 13:47:29 - [TEST_STEP][PASSED] - callTestCase: Call Test Case 'Test Cases/s-sidebar_navigation/individualAccount/operationalDashboard' successfully

2019-04-24 13:47:29 - [TEST_CASE][PASSED] - Test Cases/s-sidebar_navigation/individualAccount/operationalDashboard: Test Cases/s-sidebar_navigation/individualAccount/operationalDashboard

2019-04-24 13:47:29 - [TEST_STEP][PASSED] - click: Object: 'Object Repository/Page_KiboEngage  Subscribers/span_Subscribers' is clicked on

2019-04-24 13:47:29 - [MESSAGE][PASSED] - Object: 'Object Repository/Page_KiboEngage  Subscribers/span_Subscribers' is clicked on

2019-04-24 13:47:29 - [TEST_STEP][PASSED] - click: Object: 'Object Repository/Page_KiboEngage  Subscribers/span_Operational Dashboard (1)' is clicked on

2019-04-24 13:47:30 - [MESSAGE][PASSED] - Object: 'Object Repository/Page_KiboEngage  Subscribers/span_Operational Dashboard (1)' is clicked on

2019-04-24 13:47:30 - [TEST_STEP][PASSED] - scrollToPosition: Browser is scrolled to position x = 0, y = 0

2019-04-24 13:47:30 - [MESSAGE][PASSED] - Browser is scrolled to position x = 0, y = 0

2019-04-24 13:47:30 - [TEST_STEP][PASSED] - click: Object: 'Object Repository/Page_KiboEngage  Operational Dashbo/h3_Pages Info (4)' is clicked on

2019-04-24 13:47:30 - [MESSAGE][PASSED] - Object: 'Object Repository/Page_KiboEngage  Operational Dashbo/h3_Pages Info (4)' is clicked on

2019-04-24 13:47:30 - [MESSAGE][PASSED] - Call Test Case 'Test Cases/s-sidebar_navigation/individualAccount/operationalDashboard' successfully

2019-04-24 13:47:30 - [MESSAGE][PASSED] - Call Test Case 'Test Cases/Operational_Dashboard/Login' successfully

2019-04-24 13:47:30 - [TEST_STEP][PASSED] - Statement - driver = com.kms.katalon.core.webui.driver.DriverFactory.getWebDriver(): null

2019-04-24 13:47:30 - [TEST_STEP][PASSED] - Statement - popup_poll = driver.findElement(org.openqa.selenium.By.xpath("//*[@id="content"]/div/div/div/div[2]/div[3]/div[7]/div/div/div/div[2]/ul/li[3]")): null

2019-04-24 13:47:30 - [TEST_STEP][PASSED] - Statement - popup_poll.click(): null

2019-04-24 13:47:30 - [TEST_STEP][PASSED] - delay: Delayed 5 second(s)

2019-04-24 13:47:35 - [MESSAGE][PASSED] - Delayed 5 second(s)

2019-04-24 13:47:35 - [TEST_STEP][PASSED] - Statement - rows_table = driver.findElements(org.openqa.selenium.By.xpath("//*[@id="content"]/div/div/div/div[2]/div[3]/div[7]/div/div/div[2]/div/div/div[2]/table/tbody/tr")): null

2019-04-24 13:47:35 - [TEST_STEP][PASSED] - Statement - rows_count = rows_table.size(): null

2019-04-24 13:47:35 - [TEST_STEP][PASSED] - verifyGreaterThanOrEqual: Actual number '10' is greater than or equal to expected number '1'

2019-04-24 13:47:35 - [MESSAGE][PASSED] - Actual number '10' is greater than or equal to expected number '1'

2019-04-24 13:47:35 - [MESSAGE][PASSED] - Call Test Case 'Test Cases/Operational_Dashboard/187' successfully

2019-04-24 13:47:35 - [TEST_STEP][PASSED] - click: Object: 'Object Repository/Page_KiboEngage  Operational Dashbo/button_View (3)' is clicked on

2019-04-24 13:47:35 - [MESSAGE][PASSED] - Object: 'Object Repository/Page_KiboEngage  Operational Dashbo/button_View (3)' is clicked on

2019-04-24 13:47:35 - [TEST_STEP][PASSED] - delay: Delayed 2 second(s)

2019-04-24 13:47:37 - [MESSAGE][PASSED] - Delayed 2 second(s)

2019-04-24 13:47:37 - [TEST_STEP][PASSED] - scrollToPosition: Browser is scrolled to position x = 0, y = 0

2019-04-24 13:47:37 - [MESSAGE][PASSED] - Browser is scrolled to position x = 0, y = 0

2019-04-24 13:47:37 - [TEST_STEP][PASSED] - verifyTextPresent: Text 'Polls Sent So Far' is present on page 

2019-04-24 13:47:38 - [MESSAGE][PASSED] - Text 'Polls Sent So Far' is present on page 

2019-04-24 13:47:38 - [TEST_STEP][PASSED] - verifyTextPresent: Text 'Polls Respones' is present on page 

2019-04-24 13:47:38 - [MESSAGE][PASSED] - Text 'Polls Respones' is present on page 

2019-04-24 13:47:38 - [TEST_STEP][PASSED] - verifyTextPresent: Text 'Poll Response Chart' is present on page 

2019-04-24 13:47:38 - [MESSAGE][PASSED] - Text 'Poll Response Chart' is present on page]]></system-out>
         <system-err><![CDATA[]]></system-err>
      </testcase>
      <testcase name="Test Cases/Operational_Dashboard/195" classname="Test Cases/Operational_Dashboard/195" status="FAILED">
         <failure type="FAILED" message="Unable to click on object (Root cause: java.lang.IllegalArgumentException: Object is null)"/>
         <system-out><![CDATA[2019-04-24 13:47:38 - [TEST_CASE][FAILED] - Test Cases/Operational_Dashboard/195: Test Cases/Operational_Dashboard/195 FAILED because (of) Unable to click on object (Root cause: java.lang.IllegalArgumentException: Object is null)

2019-04-24 13:47:38 - [TEST_STEP][PASSED] - callTestCase: Call Test Case 'Test Cases/Operational_Dashboard/194' successfully

2019-04-24 13:47:38 - [TEST_CASE][PASSED] - Test Cases/Operational_Dashboard/194: Test Cases/Operational_Dashboard/194

2019-04-24 13:47:38 - [TEST_STEP][PASSED] - callTestCase: Call Test Case 'Test Cases/Operational_Dashboard/187' successfully

2019-04-24 13:47:39 - [TEST_CASE][PASSED] - Test Cases/Operational_Dashboard/187: Test Cases/Operational_Dashboard/187

2019-04-24 13:47:39 - [TEST_STEP][PASSED] - callTestCase: Call Test Case 'Test Cases/Operational_Dashboard/Login' successfully

2019-04-24 13:47:39 - [TEST_CASE][PASSED] - Test Cases/Operational_Dashboard/Login: Test Cases/Operational_Dashboard/Login

2019-04-24 13:47:39 - [TEST_STEP][PASSED] - callTestCase: Call Test Case 'Test Cases/s-sidebar_navigation/individualAccount/operationalDashboard' successfully

2019-04-24 13:47:39 - [TEST_CASE][PASSED] - Test Cases/s-sidebar_navigation/individualAccount/operationalDashboard: Test Cases/s-sidebar_navigation/individualAccount/operationalDashboard

2019-04-24 13:47:39 - [TEST_STEP][PASSED] - click: Object: 'Object Repository/Page_KiboEngage  Subscribers/span_Subscribers' is clicked on

2019-04-24 13:47:39 - [MESSAGE][PASSED] - Object: 'Object Repository/Page_KiboEngage  Subscribers/span_Subscribers' is clicked on

2019-04-24 13:47:39 - [TEST_STEP][PASSED] - click: Object: 'Object Repository/Page_KiboEngage  Subscribers/span_Operational Dashboard (1)' is clicked on

2019-04-24 13:47:40 - [MESSAGE][PASSED] - Object: 'Object Repository/Page_KiboEngage  Subscribers/span_Operational Dashboard (1)' is clicked on

2019-04-24 13:47:40 - [TEST_STEP][PASSED] - scrollToPosition: Browser is scrolled to position x = 0, y = 0

2019-04-24 13:47:40 - [MESSAGE][PASSED] - Browser is scrolled to position x = 0, y = 0

2019-04-24 13:47:40 - [TEST_STEP][PASSED] - click: Object: 'Object Repository/Page_KiboEngage  Operational Dashbo/h3_Pages Info (4)' is clicked on

2019-04-24 13:47:40 - [MESSAGE][PASSED] - Object: 'Object Repository/Page_KiboEngage  Operational Dashbo/h3_Pages Info (4)' is clicked on

2019-04-24 13:47:40 - [MESSAGE][PASSED] - Call Test Case 'Test Cases/s-sidebar_navigation/individualAccount/operationalDashboard' successfully

2019-04-24 13:47:40 - [MESSAGE][PASSED] - Call Test Case 'Test Cases/Operational_Dashboard/Login' successfully

2019-04-24 13:47:40 - [TEST_STEP][PASSED] - Statement - driver = com.kms.katalon.core.webui.driver.DriverFactory.getWebDriver(): null

2019-04-24 13:47:40 - [TEST_STEP][PASSED] - Statement - popup_poll = driver.findElement(org.openqa.selenium.By.xpath("//*[@id="content"]/div/div/div/div[2]/div[3]/div[7]/div/div/div/div[2]/ul/li[3]")): null

2019-04-24 13:47:40 - [TEST_STEP][PASSED] - Statement - popup_poll.click(): null

2019-04-24 13:47:41 - [TEST_STEP][PASSED] - delay: Delayed 5 second(s)

2019-04-24 13:47:46 - [MESSAGE][PASSED] - Delayed 5 second(s)

2019-04-24 13:47:46 - [TEST_STEP][PASSED] - Statement - rows_table = driver.findElements(org.openqa.selenium.By.xpath("//*[@id="content"]/div/div/div/div[2]/div[3]/div[7]/div/div/div[2]/div/div/div[2]/table/tbody/tr")): null

2019-04-24 13:47:46 - [TEST_STEP][PASSED] - Statement - rows_count = rows_table.size(): null

2019-04-24 13:47:46 - [TEST_STEP][PASSED] - verifyGreaterThanOrEqual: Actual number '10' is greater than or equal to expected number '1'

2019-04-24 13:47:46 - [MESSAGE][PASSED] - Actual number '10' is greater than or equal to expected number '1'

2019-04-24 13:47:46 - [MESSAGE][PASSED] - Call Test Case 'Test Cases/Operational_Dashboard/187' successfully

2019-04-24 13:47:46 - [TEST_STEP][PASSED] - click: Object: 'Object Repository/Page_KiboEngage  Operational Dashbo/button_View (3)' is clicked on

2019-04-24 13:47:46 - [MESSAGE][PASSED] - Object: 'Object Repository/Page_KiboEngage  Operational Dashbo/button_View (3)' is clicked on

2019-04-24 13:47:46 - [TEST_STEP][PASSED] - delay: Delayed 2 second(s)

2019-04-24 13:47:48 - [MESSAGE][PASSED] - Delayed 2 second(s)

2019-04-24 13:47:48 - [TEST_STEP][PASSED] - scrollToPosition: Browser is scrolled to position x = 0, y = 0

2019-04-24 13:47:48 - [MESSAGE][PASSED] - Browser is scrolled to position x = 0, y = 0

2019-04-24 13:47:48 - [TEST_STEP][PASSED] - verifyTextPresent: Text 'Polls Sent So Far' is present on page 

2019-04-24 13:47:49 - [MESSAGE][PASSED] - Text 'Polls Sent So Far' is present on page 

2019-04-24 13:47:49 - [TEST_STEP][PASSED] - verifyTextPresent: Text 'Polls Respones' is present on page 

2019-04-24 13:47:49 - [MESSAGE][PASSED] - Text 'Polls Respones' is present on page 

2019-04-24 13:47:49 - [TEST_STEP][PASSED] - verifyTextPresent: Text 'Poll Response Chart' is present on page 

2019-04-24 13:47:49 - [MESSAGE][PASSED] - Text 'Poll Response Chart' is present on page 

2019-04-24 13:47:49 - [MESSAGE][PASSED] - Call Test Case 'Test Cases/Operational_Dashboard/194' successfully

2019-04-24 13:47:49 - [TEST_STEP][FAILED] - click: Unable to click on object (Root cause: java.lang.IllegalArgumentException: Object is null)

2019-04-24 13:47:49 - [MESSAGE][WARNING] - Test object with id 'Object Repository/Page_KiboEngage  Poll Details/button_Back' does not exist

2019-04-24 13:47:49 - [MESSAGE][WARNING] - Test object with id 'Object Repository/' does not exist

2019-04-24 13:47:50 - [MESSAGE][FAILED] - Unable to click on object (Root cause: java.lang.IllegalArgumentException: Object is null)
[[ATTACHMENT|C:\\Users\\cloudkibo\\Desktop\\KiboPush_Automated_Testing\\KiboPush Katalon\\Reports\\operationalDashboard\\20190424_124149\\1556095669486.png]]]]></system-out>
         <system-err><![CDATA[2019-04-24 13:47:38 - [TEST_CASE][FAILED] - Test Cases/Operational_Dashboard/195: Test Cases/Operational_Dashboard/195 FAILED because (of) Unable to click on object (Root cause: java.lang.IllegalArgumentException: Object is null)]]></system-err>
      </testcase>
      <testcase name="Test Cases/Operational_Dashboard/196" classname="Test Cases/Operational_Dashboard/196" status="PASSED">
         <system-out><![CDATA[2019-04-24 13:47:50 - [TEST_CASE][PASSED] - Test Cases/Operational_Dashboard/196: Test Cases/Operational_Dashboard/196

2019-04-24 13:47:50 - [TEST_STEP][PASSED] - callTestCase: Call Test Case 'Test Cases/Operational_Dashboard/187' successfully

2019-04-24 13:47:50 - [TEST_CASE][PASSED] - Test Cases/Operational_Dashboard/187: Test Cases/Operational_Dashboard/187

2019-04-24 13:47:50 - [TEST_STEP][PASSED] - callTestCase: Call Test Case 'Test Cases/Operational_Dashboard/Login' successfully

2019-04-24 13:47:50 - [TEST_CASE][PASSED] - Test Cases/Operational_Dashboard/Login: Test Cases/Operational_Dashboard/Login

2019-04-24 13:47:50 - [TEST_STEP][PASSED] - callTestCase: Call Test Case 'Test Cases/s-sidebar_navigation/individualAccount/operationalDashboard' successfully

2019-04-24 13:47:50 - [TEST_CASE][PASSED] - Test Cases/s-sidebar_navigation/individualAccount/operationalDashboard: Test Cases/s-sidebar_navigation/individualAccount/operationalDashboard

2019-04-24 13:47:50 - [TEST_STEP][PASSED] - click: Object: 'Object Repository/Page_KiboEngage  Subscribers/span_Subscribers' is clicked on

2019-04-24 13:47:51 - [MESSAGE][PASSED] - Object: 'Object Repository/Page_KiboEngage  Subscribers/span_Subscribers' is clicked on

2019-04-24 13:47:51 - [TEST_STEP][PASSED] - click: Object: 'Object Repository/Page_KiboEngage  Subscribers/span_Operational Dashboard (1)' is clicked on

2019-04-24 13:47:51 - [MESSAGE][PASSED] - Object: 'Object Repository/Page_KiboEngage  Subscribers/span_Operational Dashboard (1)' is clicked on

2019-04-24 13:47:51 - [TEST_STEP][PASSED] - scrollToPosition: Browser is scrolled to position x = 0, y = 0

2019-04-24 13:47:51 - [MESSAGE][PASSED] - Browser is scrolled to position x = 0, y = 0

2019-04-24 13:47:51 - [TEST_STEP][PASSED] - click: Object: 'Object Repository/Page_KiboEngage  Operational Dashbo/h3_Pages Info (4)' is clicked on

2019-04-24 13:47:52 - [MESSAGE][PASSED] - Object: 'Object Repository/Page_KiboEngage  Operational Dashbo/h3_Pages Info (4)' is clicked on

2019-04-24 13:47:52 - [MESSAGE][PASSED] - Call Test Case 'Test Cases/s-sidebar_navigation/individualAccount/operationalDashboard' successfully

2019-04-24 13:47:52 - [MESSAGE][PASSED] - Call Test Case 'Test Cases/Operational_Dashboard/Login' successfully

2019-04-24 13:47:52 - [TEST_STEP][PASSED] - Statement - driver = com.kms.katalon.core.webui.driver.DriverFactory.getWebDriver(): null

2019-04-24 13:47:52 - [TEST_STEP][PASSED] - Statement - popup_poll = driver.findElement(org.openqa.selenium.By.xpath("//*[@id="content"]/div/div/div/div[2]/div[3]/div[7]/div/div/div/div[2]/ul/li[3]")): null

2019-04-24 13:47:52 - [TEST_STEP][PASSED] - Statement - popup_poll.click(): null

2019-04-24 13:47:52 - [TEST_STEP][PASSED] - delay: Delayed 5 second(s)

2019-04-24 13:47:57 - [MESSAGE][PASSED] - Delayed 5 second(s)

2019-04-24 13:47:57 - [TEST_STEP][PASSED] - Statement - rows_table = driver.findElements(org.openqa.selenium.By.xpath("//*[@id="content"]/div/div/div/div[2]/div[3]/div[7]/div/div/div[2]/div/div/div[2]/table/tbody/tr")): null

2019-04-24 13:47:57 - [TEST_STEP][PASSED] - Statement - rows_count = rows_table.size(): null

2019-04-24 13:47:57 - [TEST_STEP][PASSED] - verifyGreaterThanOrEqual: Actual number '10' is greater than or equal to expected number '1'

2019-04-24 13:47:57 - [MESSAGE][PASSED] - Actual number '10' is greater than or equal to expected number '1'

2019-04-24 13:47:57 - [MESSAGE][PASSED] - Call Test Case 'Test Cases/Operational_Dashboard/187' successfully

2019-04-24 13:47:57 - [TEST_STEP][PASSED] - Statement - driver = com.kms.katalon.core.webui.driver.DriverFactory.getWebDriver(): null

2019-04-24 13:47:57 - [TEST_STEP][PASSED] - Statement - popDown_survey = driver.findElement(org.openqa.selenium.By.xpath("//*[@id="content"]/div/div/div/div[2]/div[3]/div[7]/div/div/div[1]/div[2]/ul/li[3]")): null

2019-04-24 13:47:57 - [TEST_STEP][PASSED] - Statement - popDown_survey.click(): null

2019-04-24 13:47:57 - [TEST_STEP][PASSED] - delay: Delayed 5 second(s)

2019-04-24 13:48:02 - [MESSAGE][PASSED] - Delayed 5 second(s)

2019-04-24 13:48:02 - [TEST_STEP][PASSED] - verifyTextNotPresent: Text 'Responded' is not present on page

2019-04-24 13:48:03 - [MESSAGE][PASSED] - Text 'Responded' is not present on page]]></system-out>
         <system-err><![CDATA[]]></system-err>
      </testcase>
      <system-out><![CDATA[2019-04-24 13:32:00 - [TEST_SUITE][ERROR] - operationalDashboard: Test Cases/Operational_Dashboard/122 FAILED because (of) org.openqa.selenium.NoSuchElementException: no such element: Unable to locate element: {"method":"xpath","selector":"//table/tbody"}
  (Session info: chrome=73.0.3683.103)
  (Driver info: chromedriver=2.35.528161 (5b82f2d2aae0ca24b877009200ced9065a772e73),platform=Windows NT 10.0.17134 x86_64) (WARNING: The server did not provide any stacktrace information)
Command duration or timeout: 0 milliseconds
For documentation on this error, please visit: http://seleniumhq.org/exceptions/no_such_element.html
Build info: version: '3.7.1', revision: '8a0099a', time: '2017-11-06T21:07:36.161Z'
System info: host: 'DESKTOP-4M6R1V0', ip: '10.0.2.15', os.name: 'Windows 10', os.arch: 'amd64', os.version: '10.0', java.version: '1.8.0_181'
Driver info: com.kms.katalon.selenium.driver.CChromeDriver
Capabilities {acceptInsecureCerts: false, acceptSslCerts: false, applicationCacheEnabled: false, browserConnectionEnabled: false, browserName: chrome, chrome: {chromedriverVersion: 2.35.528161 (5b82f2d2aae0ca..., userDataDir: C:\Users\CLOUDK~1\AppData\L...}, cssSelectorsEnabled: true, databaseEnabled: false, handlesAlerts: true, hasTouchScreen: false, javascriptEnabled: true, locationContextEnabled: true, mobileEmulationEnabled: false, nativeEvents: true, networkConnectionEnabled: false, pageLoadStrategy: normal, platform: XP, platformName: XP, rotatable: false, setWindowRect: true, takesHeapSnapshot: true, takesScreenshot: true, unexpectedAlertBehaviour: , unhandledPromptBehavior: , version: 73.0.3683.103, webStorageEnabled: true}
Session ID: d6db3dec024b088b5e583f193e5b5039
*** Element info: {Using=xpath, value=//table/tbody}]]></system-out>
      <system-err><![CDATA[2019-04-24 13:32:00 - [TEST_SUITE][ERROR] - operationalDashboard: Test Cases/Operational_Dashboard/122 FAILED because (of) org.openqa.selenium.NoSuchElementException: no such element: Unable to locate element: {"method":"xpath","selector":"//table/tbody"}
  (Session info: chrome=73.0.3683.103)
  (Driver info: chromedriver=2.35.528161 (5b82f2d2aae0ca24b877009200ced9065a772e73),platform=Windows NT 10.0.17134 x86_64) (WARNING: The server did not provide any stacktrace information)
Command duration or timeout: 0 milliseconds
For documentation on this error, please visit: http://seleniumhq.org/exceptions/no_such_element.html
Build info: version: '3.7.1', revision: '8a0099a', time: '2017-11-06T21:07:36.161Z'
System info: host: 'DESKTOP-4M6R1V0', ip: '10.0.2.15', os.name: 'Windows 10', os.arch: 'amd64', os.version: '10.0', java.version: '1.8.0_181'
Driver info: com.kms.katalon.selenium.driver.CChromeDriver
Capabilities {acceptInsecureCerts: false, acceptSslCerts: false, applicationCacheEnabled: false, browserConnectionEnabled: false, browserName: chrome, chrome: {chromedriverVersion: 2.35.528161 (5b82f2d2aae0ca..., userDataDir: C:\Users\CLOUDK~1\AppData\L...}, cssSelectorsEnabled: true, databaseEnabled: false, handlesAlerts: true, hasTouchScreen: false, javascriptEnabled: true, locationContextEnabled: true, mobileEmulationEnabled: false, nativeEvents: true, networkConnectionEnabled: false, pageLoadStrategy: normal, platform: XP, platformName: XP, rotatable: false, setWindowRect: true, takesHeapSnapshot: true, takesScreenshot: true, unexpectedAlertBehaviour: , unhandledPromptBehavior: , version: 73.0.3683.103, webStorageEnabled: true}
Session ID: d6db3dec024b088b5e583f193e5b5039
*** Element info: {Using=xpath, value=//table/tbody}]]></system-err>
   </testsuite>
</testsuites>
