<?xml version="1.0" encoding="UTF-8"?>
<testsuites name="KiboPush Broadcasts" time="1584" tests="70" failures="1" errors="1">
   <testsuite name="KiboPush Broadcasts" tests="70" failures="1" errors="1" time="1584" timestamp="2018-08-10 14:06:14" hostname="baqarjafri - 192.168.8.107" id="Test Suites/KiboPush Broadcasts">
      <properties>
         <property name="deviceName" value=""/>
         <property name="devicePlatform" value=""/>
         <property name="logFolder" value="/Users/baqarjafri/Katalon Studio/KiboPush/Reports/KiboPush Broadcasts/20180810_140559"/>
         <property name="logFiles" value="/Users/baqarjafri/Katalon Studio/KiboPush/Reports/KiboPush Broadcasts/20180810_140559/execution0.log"/>
         <property name="attachments" value="/Users/baqarjafri/Katalon Studio/KiboPush/Reports/KiboPush Broadcasts/20180810_140559/1533893381089.png"/>
         <property name="hostName" value="baqarjafri - 192.168.8.107"/>
         <property name="os" value="Mac OS X 64bit"/>
         <property name="katalonVersion" value="5.6.0.1"/>
         <property name="browser" value="Chrome 68.0.3440.106"/>
         <property name="hostAddress" value="192.168.8.107"/>
         <property name="sessionId" value="3e83830059bac959f2d7a9bb2f2c3dcf"/>
         <property name="seleniumVersion" value="3.7.1"/>
         <property name="proxyInformation" value="ProxyInformation{proxyOption=NO_PROXY, proxyServerType=HTTP, password=, proxyServerAddress=, proxyServerPort=0}"/>
         <property name="platform" value="Mac OS X"/>
      </properties>
      <testcase name="Test Cases/TC0106" classname="Test Cases/TC0106" status="PASSED">
         <system-out><![CDATA[2018-08-10 14:06:15 - [TEST_CASE][PASSED] - Test Cases/TC0106: Test Cases/TC0106

2018-08-10 14:06:15 - [TEST_STEP][PASSED] - openBrowser: Browser is opened with url: ''

2018-08-10 14:06:18 - [MESSAGE][PASSED] - Browser is opened with url: ''

2018-08-10 14:06:18 - [TEST_STEP][PASSED] - navigateToUrl: Navigate to 'https://staging.kibopush.com/' successfully

2018-08-10 14:06:29 - [MESSAGE][PASSED] - Navigate to 'https://staging.kibopush.com/' successfully

2018-08-10 14:06:29 - [TEST_STEP][PASSED] - click: Object: 'Object Repository/Page_KiboPush  Sign In/a_Login' is clicked on

2018-08-10 14:06:29 - [MESSAGE][PASSED] - Object: 'Object Repository/Page_KiboPush  Sign In/a_Login' is clicked on

2018-08-10 14:06:29 - [TEST_STEP][PASSED] - click: Object: 'Object Repository/Page_KiboPush  Sign In/button_Team Account' is clicked on

2018-08-10 14:06:29 - [MESSAGE][PASSED] - Object: 'Object Repository/Page_KiboPush  Sign In/button_Team Account' is clicked on

2018-08-10 14:06:29 - [TEST_STEP][PASSED] - setText: Text 'kibopush.com' is set on object 'Object Repository/Page_KiboPush  Sign In/input_form-control m-input'

2018-08-10 14:06:30 - [MESSAGE][PASSED] - Text 'kibopush.com' is set on object 'Object Repository/Page_KiboPush  Sign In/input_form-control m-input'

2018-08-10 14:06:30 - [TEST_STEP][PASSED] - setText: Text 'bjafri5@gmail.com' is set on object 'Object Repository/Page_KiboPush  Sign In/input_form-control m-input_1'

2018-08-10 14:06:30 - [MESSAGE][PASSED] - Text 'bjafri5@gmail.com' is set on object 'Object Repository/Page_KiboPush  Sign In/input_form-control m-input_1'

2018-08-10 14:06:30 - [TEST_STEP][PASSED] - setEncryptedText: Text ****** has been set on object 'Object Repository/Page_KiboPush  Sign In/input_form-control m-input_2'

2018-08-10 14:06:30 - [MESSAGE][PASSED] - Text ****** has been set on object 'Object Repository/Page_KiboPush  Sign In/input_form-control m-input_2'

2018-08-10 14:06:30 - [TEST_STEP][PASSED] - click: Object: 'Object Repository/Page_KiboPush  Sign In/button_Sign In' is clicked on

2018-08-10 14:06:31 - [MESSAGE][PASSED] - Object: 'Object Repository/Page_KiboPush  Sign In/button_Sign In' is clicked on

2018-08-10 14:06:31 - [TEST_STEP][PASSED] - click: Object: 'Object Repository/Page_KiboPush  Dashboard/span_Broadcasts' is clicked on

2018-08-10 14:06:33 - [MESSAGE][PASSED] - Object: 'Object Repository/Page_KiboPush  Dashboard/span_Broadcasts' is clicked on

2018-08-10 14:06:33 - [TEST_STEP][PASSED] - click: Object: 'Object Repository/Page_KiboPush  Broadcast/a_documentation' is clicked on

2018-08-10 14:06:33 - [MESSAGE][PASSED] - Object: 'Object Repository/Page_KiboPush  Broadcast/a_documentation' is clicked on

2018-08-10 14:06:33 - [TEST_STEP][PASSED] - switchToWindowTitle: Switched to window with title: 'Broadcasts - KiboPush'

2018-08-10 14:06:40 - [MESSAGE][PASSED] - Switched to window with title: 'Broadcasts - KiboPush'

2018-08-10 14:06:40 - [TEST_STEP][PASSED] - switchToWindowTitle: Switched to window with title: 'KiboPush | Broadcast'

2018-08-10 14:06:40 - [MESSAGE][PASSED] - Switched to window with title: 'KiboPush | Broadcast']]></system-out>
         <system-err><![CDATA[]]></system-err>
      </testcase>
      <testcase name="Test Cases/TC0107" classname="Test Cases/TC0107" status="PASSED">
         <system-out><![CDATA[2018-08-10 14:06:40 - [TEST_CASE][PASSED] - Test Cases/TC0107: Test Cases/TC0107

2018-08-10 14:06:40 - [TEST_STEP][PASSED] - openBrowser: Browser is opened with url: ''

2018-08-10 14:06:40 - [MESSAGE][WARNING] - A browser is already opened. Closing browser and opening a new one

2018-08-10 14:06:42 - [MESSAGE][PASSED] - Browser is opened with url: ''

2018-08-10 14:06:42 - [TEST_STEP][PASSED] - navigateToUrl: Navigate to 'https://staging.kibopush.com/' successfully

2018-08-10 14:06:54 - [MESSAGE][PASSED] - Navigate to 'https://staging.kibopush.com/' successfully

2018-08-10 14:06:54 - [TEST_STEP][PASSED] - click: Object: 'Object Repository/Page_KiboPush  Sign In/a_Login' is clicked on

2018-08-10 14:06:54 - [MESSAGE][PASSED] - Object: 'Object Repository/Page_KiboPush  Sign In/a_Login' is clicked on

2018-08-10 14:06:54 - [TEST_STEP][PASSED] - click: Object: 'Object Repository/Page_KiboPush  Sign In/button_Team Account' is clicked on

2018-08-10 14:06:54 - [MESSAGE][PASSED] - Object: 'Object Repository/Page_KiboPush  Sign In/button_Team Account' is clicked on

2018-08-10 14:06:54 - [TEST_STEP][PASSED] - setText: Text 'kibopush.com' is set on object 'Object Repository/Page_KiboPush  Sign In/input_form-control m-input'

2018-08-10 14:06:54 - [MESSAGE][PASSED] - Text 'kibopush.com' is set on object 'Object Repository/Page_KiboPush  Sign In/input_form-control m-input'

2018-08-10 14:06:54 - [TEST_STEP][PASSED] - setText: Text 'bjafri5@gmail.com' is set on object 'Object Repository/Page_KiboPush  Sign In/input_form-control m-input_1'

2018-08-10 14:06:55 - [MESSAGE][PASSED] - Text 'bjafri5@gmail.com' is set on object 'Object Repository/Page_KiboPush  Sign In/input_form-control m-input_1'

2018-08-10 14:06:55 - [TEST_STEP][PASSED] - setEncryptedText: Text ****** has been set on object 'Object Repository/Page_KiboPush  Sign In/input_form-control m-input_2'

2018-08-10 14:06:55 - [MESSAGE][PASSED] - Text ****** has been set on object 'Object Repository/Page_KiboPush  Sign In/input_form-control m-input_2'

2018-08-10 14:06:55 - [TEST_STEP][PASSED] - click: Object: 'Object Repository/Page_KiboPush  Sign In/button_Sign In' is clicked on

2018-08-10 14:06:55 - [MESSAGE][PASSED] - Object: 'Object Repository/Page_KiboPush  Sign In/button_Sign In' is clicked on

2018-08-10 14:06:55 - [TEST_STEP][PASSED] - click: Object: 'Object Repository/Page_KiboPush  Dashboard/span_Broadcasts' is clicked on

2018-08-10 14:06:57 - [MESSAGE][PASSED] - Object: 'Object Repository/Page_KiboPush  Dashboard/span_Broadcasts' is clicked on

2018-08-10 14:06:57 - [TEST_STEP][PASSED] - click: Object: 'Object Repository/Page_KiboPush  Broadcast/a_video tutorial (1)' is clicked on

2018-08-10 14:06:57 - [MESSAGE][PASSED] - Object: 'Object Repository/Page_KiboPush  Broadcast/a_video tutorial (1)' is clicked on

2018-08-10 14:06:57 - [TEST_STEP][PASSED] - delay: Delayed 5 second(s)

2018-08-10 14:07:02 - [MESSAGE][PASSED] - Delayed 5 second(s)

2018-08-10 14:07:02 - [TEST_STEP][PASSED] - click: Object: 'Object Repository/Page_KiboPush  Broadcast/a_ytp-youtube-button ytp-butto' is clicked on

2018-08-10 14:07:06 - [MESSAGE][PASSED] - Object: 'Object Repository/Page_KiboPush  Broadcast/a_ytp-youtube-button ytp-butto' is clicked on

2018-08-10 14:07:06 - [TEST_STEP][PASSED] - switchToWindowTitle: Switched to window with title: 'Broadcasts - YouTube'

2018-08-10 14:07:11 - [MESSAGE][PASSED] - Switched to window with title: 'Broadcasts - YouTube'

2018-08-10 14:07:11 - [TEST_STEP][PASSED] - click: Object: 'Object Repository/Page_Broadcasts - YouTube/yt-formatted-string_Broadcasts' is clicked on

2018-08-10 14:07:12 - [MESSAGE][PASSED] - Object: 'Object Repository/Page_Broadcasts - YouTube/yt-formatted-string_Broadcasts' is clicked on]]></system-out>
         <system-err><![CDATA[]]></system-err>
      </testcase>
      <testcase name="Test Cases/TC0108" classname="Test Cases/TC0108" status="PASSED">
         <system-out><![CDATA[2018-08-10 14:07:12 - [TEST_CASE][PASSED] - Test Cases/TC0108: Test Cases/TC0108

2018-08-10 14:07:12 - [TEST_STEP][PASSED] - openBrowser: Browser is opened with url: ''

2018-08-10 14:07:12 - [MESSAGE][WARNING] - A browser is already opened. Closing browser and opening a new one

2018-08-10 14:07:13 - [MESSAGE][PASSED] - Browser is opened with url: ''

2018-08-10 14:07:13 - [TEST_STEP][PASSED] - navigateToUrl: Navigate to 'https://staging.kibopush.com/' successfully

2018-08-10 14:07:25 - [MESSAGE][PASSED] - Navigate to 'https://staging.kibopush.com/' successfully

2018-08-10 14:07:25 - [TEST_STEP][PASSED] - click: Object: 'Object Repository/Page_KiboPush  Sign In/a_Login' is clicked on

2018-08-10 14:07:25 - [MESSAGE][PASSED] - Object: 'Object Repository/Page_KiboPush  Sign In/a_Login' is clicked on

2018-08-10 14:07:25 - [TEST_STEP][PASSED] - click: Object: 'Object Repository/Page_KiboPush  Sign In/button_Team Account' is clicked on

2018-08-10 14:07:25 - [MESSAGE][PASSED] - Object: 'Object Repository/Page_KiboPush  Sign In/button_Team Account' is clicked on

2018-08-10 14:07:25 - [TEST_STEP][PASSED] - setText: Text 'kibopush.com' is set on object 'Object Repository/Page_KiboPush  Sign In/input_form-control m-input'

2018-08-10 14:07:25 - [MESSAGE][PASSED] - Text 'kibopush.com' is set on object 'Object Repository/Page_KiboPush  Sign In/input_form-control m-input'

2018-08-10 14:07:25 - [TEST_STEP][PASSED] - setText: Text 'bjafri5@gmail.com' is set on object 'Object Repository/Page_KiboPush  Sign In/input_form-control m-input_1'

2018-08-10 14:07:26 - [MESSAGE][PASSED] - Text 'bjafri5@gmail.com' is set on object 'Object Repository/Page_KiboPush  Sign In/input_form-control m-input_1'

2018-08-10 14:07:26 - [TEST_STEP][PASSED] - setEncryptedText: Text ****** has been set on object 'Object Repository/Page_KiboPush  Sign In/input_form-control m-input_2'

2018-08-10 14:07:26 - [MESSAGE][PASSED] - Text ****** has been set on object 'Object Repository/Page_KiboPush  Sign In/input_form-control m-input_2'

2018-08-10 14:07:26 - [TEST_STEP][PASSED] - click: Object: 'Object Repository/Page_KiboPush  Sign In/button_Sign In' is clicked on

2018-08-10 14:07:26 - [MESSAGE][PASSED] - Object: 'Object Repository/Page_KiboPush  Sign In/button_Sign In' is clicked on

2018-08-10 14:07:26 - [TEST_STEP][PASSED] - click: Object: 'Object Repository/Page_KiboPush  Dashboard/span_Broadcasts' is clicked on

2018-08-10 14:07:28 - [MESSAGE][PASSED] - Object: 'Object Repository/Page_KiboPush  Dashboard/span_Broadcasts' is clicked on

2018-08-10 14:07:28 - [TEST_STEP][PASSED] - delay: Delayed 1 second(s)

2018-08-10 14:07:29 - [MESSAGE][PASSED] - Delayed 1 second(s)

2018-08-10 14:07:29 - [TEST_STEP][PASSED] - Statement - driver = com.kms.katalon.core.webui.driver.DriverFactory.getWebDriver(): null

2018-08-10 14:07:29 - [TEST_STEP][PASSED] - Statement - Table = driver.findElement(org.openqa.selenium.By.xpath("//table/tbody")): null

2018-08-10 14:07:29 - [TEST_STEP][PASSED] - Statement - rows_table = Table.findElements(org.openqa.selenium.By.tagName("tr")): null

2018-08-10 14:07:29 - [TEST_STEP][PASSED] - Statement - rows_count = rows_table.size(): null

2018-08-10 14:07:29 - [TEST_STEP][PASSED] - verifyEqual: Actual object '10' and expected object '10' are equal

2018-08-10 14:07:29 - [MESSAGE][PASSED] - Actual object '10' and expected object '10' are equal

2018-08-10 14:07:29 - [TEST_STEP][PASSED] - closeBrowser: Browser is closed

2018-08-10 14:07:29 - [MESSAGE][PASSED] - Browser is closed]]></system-out>
         <system-err><![CDATA[]]></system-err>
      </testcase>
      <testcase name="Test Cases/TC0109" classname="Test Cases/TC0109" status="PASSED">
         <system-out><![CDATA[2018-08-10 14:07:29 - [TEST_CASE][PASSED] - Test Cases/TC0109: Test Cases/TC0109

2018-08-10 14:07:29 - [TEST_STEP][PASSED] - callTestCase: Call Test Case 'Test Cases/Login' successfully

2018-08-10 14:07:29 - [TEST_CASE][PASSED] - Test Cases/Login: Test Cases/Login

2018-08-10 14:07:29 - [TEST_STEP][PASSED] - openBrowser: Browser is opened with url: ''

2018-08-10 14:07:30 - [MESSAGE][PASSED] - Browser is opened with url: ''

2018-08-10 14:07:30 - [TEST_STEP][PASSED] - navigateToUrl: Navigate to 'https://staging.kibopush.com/' successfully

2018-08-10 14:07:42 - [MESSAGE][PASSED] - Navigate to 'https://staging.kibopush.com/' successfully

2018-08-10 14:07:42 - [TEST_STEP][PASSED] - click: Object: 'Object Repository/Page_KiboPush  Sign In/a_Login' is clicked on

2018-08-10 14:07:43 - [MESSAGE][PASSED] - Object: 'Object Repository/Page_KiboPush  Sign In/a_Login' is clicked on

2018-08-10 14:07:43 - [TEST_STEP][PASSED] - click: Object: 'Object Repository/Page_KiboPush  Sign In/button_Team Account' is clicked on

2018-08-10 14:07:43 - [MESSAGE][PASSED] - Object: 'Object Repository/Page_KiboPush  Sign In/button_Team Account' is clicked on

2018-08-10 14:07:43 - [TEST_STEP][PASSED] - setText: Text 'kibopush.com' is set on object 'Object Repository/Page_KiboPush  Sign In/input_form-control m-input'

2018-08-10 14:07:43 - [MESSAGE][PASSED] - Text 'kibopush.com' is set on object 'Object Repository/Page_KiboPush  Sign In/input_form-control m-input'

2018-08-10 14:07:43 - [TEST_STEP][PASSED] - setText: Text 'bjafri5@gmail.com' is set on object 'Object Repository/Page_KiboPush  Sign In/input_form-control m-input_1'

2018-08-10 14:07:43 - [MESSAGE][PASSED] - Text 'bjafri5@gmail.com' is set on object 'Object Repository/Page_KiboPush  Sign In/input_form-control m-input_1'

2018-08-10 14:07:43 - [TEST_STEP][PASSED] - setEncryptedText: Text ****** has been set on object 'Object Repository/Page_KiboPush  Sign In/input_form-control m-input_2'

2018-08-10 14:07:44 - [MESSAGE][PASSED] - Text ****** has been set on object 'Object Repository/Page_KiboPush  Sign In/input_form-control m-input_2'

2018-08-10 14:07:44 - [TEST_STEP][PASSED] - click: Object: 'Object Repository/Page_KiboPush  Sign In/button_Sign In' is clicked on

2018-08-10 14:07:44 - [MESSAGE][PASSED] - Object: 'Object Repository/Page_KiboPush  Sign In/button_Sign In' is clicked on

2018-08-10 14:07:44 - [MESSAGE][PASSED] - Call Test Case 'Test Cases/Login' successfully

2018-08-10 14:07:44 - [TEST_STEP][PASSED] - click: Object: 'Object Repository/Page_KiboPush  Dashboard/span_Broadcasts' is clicked on

2018-08-10 14:07:46 - [MESSAGE][PASSED] - Object: 'Object Repository/Page_KiboPush  Dashboard/span_Broadcasts' is clicked on

2018-08-10 14:07:46 - [TEST_STEP][PASSED] - setText: Text 'TitleX' is set on object 'Object Repository/Page_KiboPush  Broadcast/input_form-control'

2018-08-10 14:07:46 - [MESSAGE][PASSED] - Text 'TitleX' is set on object 'Object Repository/Page_KiboPush  Broadcast/input_form-control'

2018-08-10 14:07:46 - [TEST_STEP][PASSED] - click: Object: 'Object Repository/Page_KiboPush  Broadcast/span_TitleX' is clicked on

2018-08-10 14:07:46 - [MESSAGE][PASSED] - Object: 'Object Repository/Page_KiboPush  Broadcast/span_TitleX' is clicked on]]></system-out>
         <system-err><![CDATA[]]></system-err>
      </testcase>
      <testcase name="Test Cases/TC0110" classname="Test Cases/TC0110" status="PASSED">
         <system-out><![CDATA[2018-08-10 14:07:46 - [TEST_CASE][PASSED] - Test Cases/TC0110: Test Cases/TC0110

2018-08-10 14:07:47 - [TEST_STEP][PASSED] - openBrowser: Browser is opened with url: ''

2018-08-10 14:07:47 - [MESSAGE][WARNING] - A browser is already opened. Closing browser and opening a new one

2018-08-10 14:07:48 - [MESSAGE][PASSED] - Browser is opened with url: ''

2018-08-10 14:07:48 - [TEST_STEP][PASSED] - navigateToUrl: Navigate to 'https://staging.kibopush.com/' successfully

2018-08-10 14:07:58 - [MESSAGE][PASSED] - Navigate to 'https://staging.kibopush.com/' successfully

2018-08-10 14:07:58 - [TEST_STEP][PASSED] - click: Object: 'Object Repository/Page_KiboPush  Sign In/a_Login' is clicked on

2018-08-10 14:07:58 - [MESSAGE][PASSED] - Object: 'Object Repository/Page_KiboPush  Sign In/a_Login' is clicked on

2018-08-10 14:07:58 - [TEST_STEP][PASSED] - click: Object: 'Object Repository/Page_KiboPush  Sign In/button_Team Account' is clicked on

2018-08-10 14:07:58 - [MESSAGE][PASSED] - Object: 'Object Repository/Page_KiboPush  Sign In/button_Team Account' is clicked on

2018-08-10 14:07:58 - [TEST_STEP][PASSED] - setText: Text 'kibopush.com' is set on object 'Object Repository/Page_KiboPush  Sign In/input_form-control m-input'

2018-08-10 14:07:58 - [MESSAGE][PASSED] - Text 'kibopush.com' is set on object 'Object Repository/Page_KiboPush  Sign In/input_form-control m-input'

2018-08-10 14:07:58 - [TEST_STEP][PASSED] - setText: Text 'bjafri5@gmail.com' is set on object 'Object Repository/Page_KiboPush  Sign In/input_form-control m-input_1'

2018-08-10 14:07:58 - [MESSAGE][PASSED] - Text 'bjafri5@gmail.com' is set on object 'Object Repository/Page_KiboPush  Sign In/input_form-control m-input_1'

2018-08-10 14:07:58 - [TEST_STEP][PASSED] - setEncryptedText: Text ****** has been set on object 'Object Repository/Page_KiboPush  Sign In/input_form-control m-input_2'

2018-08-10 14:07:59 - [MESSAGE][PASSED] - Text ****** has been set on object 'Object Repository/Page_KiboPush  Sign In/input_form-control m-input_2'

2018-08-10 14:07:59 - [TEST_STEP][PASSED] - click: Object: 'Object Repository/Page_KiboPush  Sign In/button_Sign In' is clicked on

2018-08-10 14:07:59 - [MESSAGE][PASSED] - Object: 'Object Repository/Page_KiboPush  Sign In/button_Sign In' is clicked on

2018-08-10 14:07:59 - [TEST_STEP][PASSED] - click: Object: 'Object Repository/Page_KiboPush  Dashboard/span_Broadcasts' is clicked on

2018-08-10 14:08:01 - [MESSAGE][PASSED] - Object: 'Object Repository/Page_KiboPush  Dashboard/span_Broadcasts' is clicked on

2018-08-10 14:08:01 - [TEST_STEP][PASSED] - selectOptionByValue: All options with value 'image' are selected in object 'Object Repository/Page_KiboPush  Broadcast/select_Filter by type...textim'  using regular expression

2018-08-10 14:08:01 - [MESSAGE][PASSED] - All options with value 'image' are selected in object 'Object Repository/Page_KiboPush  Broadcast/select_Filter by type...textim'  using regular expression

2018-08-10 14:08:01 - [TEST_STEP][PASSED] - delay: Delayed 1 second(s)

2018-08-10 14:08:02 - [MESSAGE][PASSED] - Delayed 1 second(s)

2018-08-10 14:08:02 - [TEST_STEP][PASSED] - click: Object: 'Object Repository/Page_KiboPush  Broadcast/span_image' is clicked on

2018-08-10 14:08:02 - [MESSAGE][PASSED] - Object: 'Object Repository/Page_KiboPush  Broadcast/span_image' is clicked on]]></system-out>
         <system-err><![CDATA[]]></system-err>
      </testcase>
      <testcase name="Test Cases/TC0111" classname="Test Cases/TC0111" status="PASSED">
         <system-out><![CDATA[2018-08-10 14:08:02 - [TEST_CASE][PASSED] - Test Cases/TC0111: Test Cases/TC0111

2018-08-10 14:08:02 - [TEST_STEP][PASSED] - openBrowser: Browser is opened with url: ''

2018-08-10 14:08:02 - [MESSAGE][WARNING] - A browser is already opened. Closing browser and opening a new one

2018-08-10 14:08:03 - [MESSAGE][PASSED] - Browser is opened with url: ''

2018-08-10 14:08:03 - [TEST_STEP][PASSED] - navigateToUrl: Navigate to 'https://staging.kibopush.com/' successfully

2018-08-10 14:08:15 - [MESSAGE][PASSED] - Navigate to 'https://staging.kibopush.com/' successfully

2018-08-10 14:08:15 - [TEST_STEP][PASSED] - click: Object: 'Object Repository/Page_KiboPush  Sign In/a_Login' is clicked on

2018-08-10 14:08:15 - [MESSAGE][PASSED] - Object: 'Object Repository/Page_KiboPush  Sign In/a_Login' is clicked on

2018-08-10 14:08:15 - [TEST_STEP][PASSED] - click: Object: 'Object Repository/Page_KiboPush  Sign In/button_Team Account' is clicked on

2018-08-10 14:08:15 - [MESSAGE][PASSED] - Object: 'Object Repository/Page_KiboPush  Sign In/button_Team Account' is clicked on

2018-08-10 14:08:15 - [TEST_STEP][PASSED] - setText: Text 'kibopush.com' is set on object 'Object Repository/Page_KiboPush  Sign In/input_form-control m-input'

2018-08-10 14:08:16 - [MESSAGE][PASSED] - Text 'kibopush.com' is set on object 'Object Repository/Page_KiboPush  Sign In/input_form-control m-input'

2018-08-10 14:08:16 - [TEST_STEP][PASSED] - setText: Text 'bjafri5@gmail.com' is set on object 'Object Repository/Page_KiboPush  Sign In/input_form-control m-input_1'

2018-08-10 14:08:16 - [MESSAGE][PASSED] - Text 'bjafri5@gmail.com' is set on object 'Object Repository/Page_KiboPush  Sign In/input_form-control m-input_1'

2018-08-10 14:08:16 - [TEST_STEP][PASSED] - setEncryptedText: Text ****** has been set on object 'Object Repository/Page_KiboPush  Sign In/input_form-control m-input_2'

2018-08-10 14:08:16 - [MESSAGE][PASSED] - Text ****** has been set on object 'Object Repository/Page_KiboPush  Sign In/input_form-control m-input_2'

2018-08-10 14:08:16 - [TEST_STEP][PASSED] - click: Object: 'Object Repository/Page_KiboPush  Sign In/button_Sign In' is clicked on

2018-08-10 14:08:16 - [MESSAGE][PASSED] - Object: 'Object Repository/Page_KiboPush  Sign In/button_Sign In' is clicked on

2018-08-10 14:08:16 - [TEST_STEP][PASSED] - click: Object: 'Object Repository/Page_KiboPush  Dashboard/span_Broadcasts' is clicked on

2018-08-10 14:08:18 - [MESSAGE][PASSED] - Object: 'Object Repository/Page_KiboPush  Dashboard/span_Broadcasts' is clicked on

2018-08-10 14:08:18 - [TEST_STEP][PASSED] - selectOptionByValue: All options with value 'text' are selected in object 'Object Repository/Page_KiboPush  Broadcast/select_Filter by type...textim'  using regular expression

2018-08-10 14:08:19 - [MESSAGE][PASSED] - All options with value 'text' are selected in object 'Object Repository/Page_KiboPush  Broadcast/select_Filter by type...textim'  using regular expression

2018-08-10 14:08:19 - [TEST_STEP][PASSED] - click: Object: 'Object Repository/Page_KiboPush  Broadcast/span_text' is clicked on

2018-08-10 14:08:19 - [MESSAGE][PASSED] - Object: 'Object Repository/Page_KiboPush  Broadcast/span_text' is clicked on]]></system-out>
         <system-err><![CDATA[]]></system-err>
      </testcase>
      <testcase name="Test Cases/TC0112" classname="Test Cases/TC0112" status="PASSED">
         <system-out><![CDATA[2018-08-10 14:08:19 - [TEST_CASE][PASSED] - Test Cases/TC0112: Test Cases/TC0112

2018-08-10 14:08:19 - [TEST_STEP][PASSED] - openBrowser: Browser is opened with url: ''

2018-08-10 14:08:19 - [MESSAGE][WARNING] - A browser is already opened. Closing browser and opening a new one

2018-08-10 14:08:21 - [MESSAGE][PASSED] - Browser is opened with url: ''

2018-08-10 14:08:21 - [TEST_STEP][PASSED] - navigateToUrl: Navigate to 'https://staging.kibopush.com/' successfully

2018-08-10 14:08:29 - [MESSAGE][PASSED] - Navigate to 'https://staging.kibopush.com/' successfully

2018-08-10 14:08:29 - [TEST_STEP][PASSED] - click: Object: 'Object Repository/Page_KiboPush  Sign In/a_Login' is clicked on

2018-08-10 14:08:29 - [MESSAGE][PASSED] - Object: 'Object Repository/Page_KiboPush  Sign In/a_Login' is clicked on

2018-08-10 14:08:29 - [TEST_STEP][PASSED] - click: Object: 'Object Repository/Page_KiboPush  Sign In/button_Team Account' is clicked on

2018-08-10 14:08:29 - [MESSAGE][PASSED] - Object: 'Object Repository/Page_KiboPush  Sign In/button_Team Account' is clicked on

2018-08-10 14:08:29 - [TEST_STEP][PASSED] - setText: Text 'kibopush.com' is set on object 'Object Repository/Page_KiboPush  Sign In/input_form-control m-input'

2018-08-10 14:08:30 - [MESSAGE][PASSED] - Text 'kibopush.com' is set on object 'Object Repository/Page_KiboPush  Sign In/input_form-control m-input'

2018-08-10 14:08:30 - [TEST_STEP][PASSED] - setText: Text 'bjafri5@gmail.com' is set on object 'Object Repository/Page_KiboPush  Sign In/input_form-control m-input_1'

2018-08-10 14:08:30 - [MESSAGE][PASSED] - Text 'bjafri5@gmail.com' is set on object 'Object Repository/Page_KiboPush  Sign In/input_form-control m-input_1'

2018-08-10 14:08:30 - [TEST_STEP][PASSED] - setEncryptedText: Text ****** has been set on object 'Object Repository/Page_KiboPush  Sign In/input_form-control m-input_2'

2018-08-10 14:08:30 - [MESSAGE][PASSED] - Text ****** has been set on object 'Object Repository/Page_KiboPush  Sign In/input_form-control m-input_2'

2018-08-10 14:08:30 - [TEST_STEP][PASSED] - click: Object: 'Object Repository/Page_KiboPush  Sign In/button_Sign In' is clicked on

2018-08-10 14:08:30 - [MESSAGE][PASSED] - Object: 'Object Repository/Page_KiboPush  Sign In/button_Sign In' is clicked on

2018-08-10 14:08:30 - [TEST_STEP][PASSED] - click: Object: 'Object Repository/Page_KiboPush  Dashboard/span_Broadcasts' is clicked on

2018-08-10 14:08:32 - [MESSAGE][PASSED] - Object: 'Object Repository/Page_KiboPush  Dashboard/span_Broadcasts' is clicked on

2018-08-10 14:08:32 - [TEST_STEP][PASSED] - selectOptionByValue: All options with value 'card' are selected in object 'Object Repository/Page_KiboPush  Broadcast/select_Filter by type...textim'  using regular expression

2018-08-10 14:08:32 - [MESSAGE][PASSED] - All options with value 'card' are selected in object 'Object Repository/Page_KiboPush  Broadcast/select_Filter by type...textim'  using regular expression

2018-08-10 14:08:32 - [TEST_STEP][PASSED] - delay: Delayed 1 second(s)

2018-08-10 14:08:33 - [MESSAGE][PASSED] - Delayed 1 second(s)

2018-08-10 14:08:33 - [TEST_STEP][PASSED] - click: Object: 'Object Repository/Page_KiboPush  Broadcast/span_card' is clicked on

2018-08-10 14:08:33 - [MESSAGE][PASSED] - Object: 'Object Repository/Page_KiboPush  Broadcast/span_card' is clicked on]]></system-out>
         <system-err><![CDATA[]]></system-err>
      </testcase>
      <testcase name="Test Cases/TC0113" classname="Test Cases/TC0113" status="PASSED">
         <system-out><![CDATA[2018-08-10 14:08:33 - [TEST_CASE][PASSED] - Test Cases/TC0113: Test Cases/TC0113

2018-08-10 14:08:34 - [TEST_STEP][PASSED] - openBrowser: Browser is opened with url: ''

2018-08-10 14:08:34 - [MESSAGE][WARNING] - A browser is already opened. Closing browser and opening a new one

2018-08-10 14:08:35 - [MESSAGE][PASSED] - Browser is opened with url: ''

2018-08-10 14:08:35 - [TEST_STEP][PASSED] - navigateToUrl: Navigate to 'https://staging.kibopush.com/' successfully

2018-08-10 14:08:43 - [MESSAGE][PASSED] - Navigate to 'https://staging.kibopush.com/' successfully

2018-08-10 14:08:43 - [TEST_STEP][PASSED] - click: Object: 'Object Repository/Page_KiboPush  Sign In/a_Login' is clicked on

2018-08-10 14:08:43 - [MESSAGE][PASSED] - Object: 'Object Repository/Page_KiboPush  Sign In/a_Login' is clicked on

2018-08-10 14:08:43 - [TEST_STEP][PASSED] - click: Object: 'Object Repository/Page_KiboPush  Sign In/button_Team Account' is clicked on

2018-08-10 14:08:43 - [MESSAGE][PASSED] - Object: 'Object Repository/Page_KiboPush  Sign In/button_Team Account' is clicked on

2018-08-10 14:08:43 - [TEST_STEP][PASSED] - setText: Text 'kibopush.com' is set on object 'Object Repository/Page_KiboPush  Sign In/input_form-control m-input'

2018-08-10 14:08:43 - [MESSAGE][PASSED] - Text 'kibopush.com' is set on object 'Object Repository/Page_KiboPush  Sign In/input_form-control m-input'

2018-08-10 14:08:43 - [TEST_STEP][PASSED] - setText: Text 'bjafri5@gmail.com' is set on object 'Object Repository/Page_KiboPush  Sign In/input_form-control m-input_1'

2018-08-10 14:08:44 - [MESSAGE][PASSED] - Text 'bjafri5@gmail.com' is set on object 'Object Repository/Page_KiboPush  Sign In/input_form-control m-input_1'

2018-08-10 14:08:44 - [TEST_STEP][PASSED] - setEncryptedText: Text ****** has been set on object 'Object Repository/Page_KiboPush  Sign In/input_form-control m-input_2'

2018-08-10 14:08:44 - [MESSAGE][PASSED] - Text ****** has been set on object 'Object Repository/Page_KiboPush  Sign In/input_form-control m-input_2'

2018-08-10 14:08:44 - [TEST_STEP][PASSED] - click: Object: 'Object Repository/Page_KiboPush  Sign In/button_Sign In' is clicked on

2018-08-10 14:08:44 - [MESSAGE][PASSED] - Object: 'Object Repository/Page_KiboPush  Sign In/button_Sign In' is clicked on

2018-08-10 14:08:44 - [TEST_STEP][PASSED] - click: Object: 'Object Repository/Page_KiboPush  Dashboard/span_Broadcasts' is clicked on

2018-08-10 14:08:46 - [MESSAGE][PASSED] - Object: 'Object Repository/Page_KiboPush  Dashboard/span_Broadcasts' is clicked on

2018-08-10 14:08:46 - [TEST_STEP][PASSED] - selectOptionByValue: All options with value 'gallery' are selected in object 'Object Repository/Page_KiboPush  Broadcast/select_Filter by type...textim (4)'  using regular expression

2018-08-10 14:08:46 - [MESSAGE][PASSED] - All options with value 'gallery' are selected in object 'Object Repository/Page_KiboPush  Broadcast/select_Filter by type...textim (4)'  using regular expression

2018-08-10 14:08:46 - [TEST_STEP][PASSED] - click: Object: 'Object Repository/Page_KiboPush  Broadcast/span_gallery' is clicked on

2018-08-10 14:08:47 - [MESSAGE][PASSED] - Object: 'Object Repository/Page_KiboPush  Broadcast/span_gallery' is clicked on

2018-08-10 14:08:47 - [TEST_STEP][PASSED] - closeBrowser: Browser is closed

2018-08-10 14:08:47 - [MESSAGE][PASSED] - Browser is closed]]></system-out>
         <system-err><![CDATA[]]></system-err>
      </testcase>
      <testcase name="Test Cases/TC0114" classname="Test Cases/TC0114" status="PASSED">
         <system-out><![CDATA[2018-08-10 14:08:47 - [TEST_CASE][PASSED] - Test Cases/TC0114: Test Cases/TC0114

2018-08-10 14:08:47 - [TEST_STEP][PASSED] - callTestCase: Call Test Case 'Test Cases/Login' successfully

2018-08-10 14:08:47 - [TEST_CASE][PASSED] - Test Cases/Login: Test Cases/Login

2018-08-10 14:08:47 - [TEST_STEP][PASSED] - openBrowser: Browser is opened with url: ''

2018-08-10 14:08:48 - [MESSAGE][PASSED] - Browser is opened with url: ''

2018-08-10 14:08:48 - [TEST_STEP][PASSED] - navigateToUrl: Navigate to 'https://staging.kibopush.com/' successfully

2018-08-10 14:09:09 - [MESSAGE][PASSED] - Navigate to 'https://staging.kibopush.com/' successfully

2018-08-10 14:09:09 - [TEST_STEP][PASSED] - click: Object: 'Object Repository/Page_KiboPush  Sign In/a_Login' is clicked on

2018-08-10 14:09:09 - [MESSAGE][PASSED] - Object: 'Object Repository/Page_KiboPush  Sign In/a_Login' is clicked on

2018-08-10 14:09:09 - [TEST_STEP][PASSED] - click: Object: 'Object Repository/Page_KiboPush  Sign In/button_Team Account' is clicked on

2018-08-10 14:09:10 - [MESSAGE][PASSED] - Object: 'Object Repository/Page_KiboPush  Sign In/button_Team Account' is clicked on

2018-08-10 14:09:10 - [TEST_STEP][PASSED] - setText: Text 'kibopush.com' is set on object 'Object Repository/Page_KiboPush  Sign In/input_form-control m-input'

2018-08-10 14:09:10 - [MESSAGE][PASSED] - Text 'kibopush.com' is set on object 'Object Repository/Page_KiboPush  Sign In/input_form-control m-input'

2018-08-10 14:09:10 - [TEST_STEP][PASSED] - setText: Text 'bjafri5@gmail.com' is set on object 'Object Repository/Page_KiboPush  Sign In/input_form-control m-input_1'

2018-08-10 14:09:10 - [MESSAGE][PASSED] - Text 'bjafri5@gmail.com' is set on object 'Object Repository/Page_KiboPush  Sign In/input_form-control m-input_1'

2018-08-10 14:09:10 - [TEST_STEP][PASSED] - setEncryptedText: Text ****** has been set on object 'Object Repository/Page_KiboPush  Sign In/input_form-control m-input_2'

2018-08-10 14:09:10 - [MESSAGE][PASSED] - Text ****** has been set on object 'Object Repository/Page_KiboPush  Sign In/input_form-control m-input_2'

2018-08-10 14:09:10 - [TEST_STEP][PASSED] - click: Object: 'Object Repository/Page_KiboPush  Sign In/button_Sign In' is clicked on

2018-08-10 14:09:10 - [MESSAGE][PASSED] - Object: 'Object Repository/Page_KiboPush  Sign In/button_Sign In' is clicked on

2018-08-10 14:09:10 - [MESSAGE][PASSED] - Call Test Case 'Test Cases/Login' successfully

2018-08-10 14:09:10 - [TEST_STEP][PASSED] - click: Object: 'Object Repository/Page_KiboPush  Dashboard/span_Broadcasts' is clicked on

2018-08-10 14:09:12 - [MESSAGE][PASSED] - Object: 'Object Repository/Page_KiboPush  Dashboard/span_Broadcasts' is clicked on

2018-08-10 14:09:12 - [TEST_STEP][PASSED] - selectOptionByValue: All options with value 'audio' are selected in object 'Object Repository/Page_KiboPush  Broadcast/select_Filter by type...textim'  using regular expression

2018-08-10 14:09:13 - [MESSAGE][PASSED] - All options with value 'audio' are selected in object 'Object Repository/Page_KiboPush  Broadcast/select_Filter by type...textim'  using regular expression

2018-08-10 14:09:13 - [TEST_STEP][PASSED] - click: Object: 'Object Repository/Page_KiboPush  Broadcast/span_audio' is clicked on

2018-08-10 14:09:13 - [MESSAGE][PASSED] - Object: 'Object Repository/Page_KiboPush  Broadcast/span_audio' is clicked on]]></system-out>
         <system-err><![CDATA[]]></system-err>
      </testcase>
      <testcase name="Test Cases/TC0115" classname="Test Cases/TC0115" status="PASSED">
         <system-out><![CDATA[2018-08-10 14:09:13 - [TEST_CASE][PASSED] - Test Cases/TC0115: Test Cases/TC0115

2018-08-10 14:09:13 - [TEST_STEP][PASSED] - callTestCase: Call Test Case 'Test Cases/Login' successfully

2018-08-10 14:09:13 - [TEST_CASE][PASSED] - Test Cases/Login: Test Cases/Login

2018-08-10 14:09:13 - [TEST_STEP][PASSED] - openBrowser: Browser is opened with url: ''

2018-08-10 14:09:13 - [MESSAGE][WARNING] - A browser is already opened. Closing browser and opening a new one

2018-08-10 14:09:15 - [MESSAGE][PASSED] - Browser is opened with url: ''

2018-08-10 14:09:15 - [TEST_STEP][PASSED] - navigateToUrl: Navigate to 'https://staging.kibopush.com/' successfully

2018-08-10 14:09:22 - [MESSAGE][PASSED] - Navigate to 'https://staging.kibopush.com/' successfully

2018-08-10 14:09:22 - [TEST_STEP][PASSED] - click: Object: 'Object Repository/Page_KiboPush  Sign In/a_Login' is clicked on

2018-08-10 14:09:22 - [MESSAGE][PASSED] - Object: 'Object Repository/Page_KiboPush  Sign In/a_Login' is clicked on

2018-08-10 14:09:22 - [TEST_STEP][PASSED] - click: Object: 'Object Repository/Page_KiboPush  Sign In/button_Team Account' is clicked on

2018-08-10 14:09:22 - [MESSAGE][PASSED] - Object: 'Object Repository/Page_KiboPush  Sign In/button_Team Account' is clicked on

2018-08-10 14:09:23 - [TEST_STEP][PASSED] - setText: Text 'kibopush.com' is set on object 'Object Repository/Page_KiboPush  Sign In/input_form-control m-input'

2018-08-10 14:09:23 - [MESSAGE][PASSED] - Text 'kibopush.com' is set on object 'Object Repository/Page_KiboPush  Sign In/input_form-control m-input'

2018-08-10 14:09:23 - [TEST_STEP][PASSED] - setText: Text 'bjafri5@gmail.com' is set on object 'Object Repository/Page_KiboPush  Sign In/input_form-control m-input_1'

2018-08-10 14:09:23 - [MESSAGE][PASSED] - Text 'bjafri5@gmail.com' is set on object 'Object Repository/Page_KiboPush  Sign In/input_form-control m-input_1'

2018-08-10 14:09:23 - [TEST_STEP][PASSED] - setEncryptedText: Text ****** has been set on object 'Object Repository/Page_KiboPush  Sign In/input_form-control m-input_2'

2018-08-10 14:09:23 - [MESSAGE][PASSED] - Text ****** has been set on object 'Object Repository/Page_KiboPush  Sign In/input_form-control m-input_2'

2018-08-10 14:09:23 - [TEST_STEP][PASSED] - click: Object: 'Object Repository/Page_KiboPush  Sign In/button_Sign In' is clicked on

2018-08-10 14:09:23 - [MESSAGE][PASSED] - Object: 'Object Repository/Page_KiboPush  Sign In/button_Sign In' is clicked on

2018-08-10 14:09:23 - [MESSAGE][PASSED] - Call Test Case 'Test Cases/Login' successfully

2018-08-10 14:09:23 - [TEST_STEP][PASSED] - click: Object: 'Object Repository/Page_KiboPush  Dashboard/span_Broadcasts' is clicked on

2018-08-10 14:09:25 - [MESSAGE][PASSED] - Object: 'Object Repository/Page_KiboPush  Dashboard/span_Broadcasts' is clicked on

2018-08-10 14:09:25 - [TEST_STEP][PASSED] - selectOptionByValue: All options with value 'video' are selected in object 'Object Repository/Page_KiboPush  Broadcast/select_Filter by type...textim (1)'  using regular expression

2018-08-10 14:09:26 - [MESSAGE][PASSED] - All options with value 'video' are selected in object 'Object Repository/Page_KiboPush  Broadcast/select_Filter by type...textim (1)'  using regular expression

2018-08-10 14:09:26 - [TEST_STEP][PASSED] - click: Object: 'Object Repository/Page_KiboPush  Broadcast/span_video' is clicked on

2018-08-10 14:09:26 - [MESSAGE][PASSED] - Object: 'Object Repository/Page_KiboPush  Broadcast/span_video' is clicked on]]></system-out>
         <system-err><![CDATA[]]></system-err>
      </testcase>
      <testcase name="Test Cases/TC0119" classname="Test Cases/TC0119" status="PASSED">
         <system-out><![CDATA[2018-08-10 14:09:26 - [TEST_CASE][PASSED] - Test Cases/TC0119: Test Cases/TC0119

2018-08-10 14:09:26 - [TEST_STEP][PASSED] - openBrowser: Browser is opened with url: ''

2018-08-10 14:09:26 - [MESSAGE][WARNING] - A browser is already opened. Closing browser and opening a new one

2018-08-10 14:09:28 - [MESSAGE][PASSED] - Browser is opened with url: ''

2018-08-10 14:09:28 - [TEST_STEP][PASSED] - navigateToUrl: Navigate to 'https://staging.kibopush.com/' successfully

2018-08-10 14:09:35 - [MESSAGE][PASSED] - Navigate to 'https://staging.kibopush.com/' successfully

2018-08-10 14:09:35 - [TEST_STEP][PASSED] - click: Object: 'Object Repository/Page_KiboPush  Sign In/a_Login' is clicked on

2018-08-10 14:09:35 - [MESSAGE][PASSED] - Object: 'Object Repository/Page_KiboPush  Sign In/a_Login' is clicked on

2018-08-10 14:09:35 - [TEST_STEP][PASSED] - click: Object: 'Object Repository/Page_KiboPush  Sign In/button_Team Account' is clicked on

2018-08-10 14:09:35 - [MESSAGE][PASSED] - Object: 'Object Repository/Page_KiboPush  Sign In/button_Team Account' is clicked on

2018-08-10 14:09:35 - [TEST_STEP][PASSED] - setText: Text 'kibopush.com' is set on object 'Object Repository/Page_KiboPush  Sign In/input_form-control m-input'

2018-08-10 14:09:36 - [MESSAGE][PASSED] - Text 'kibopush.com' is set on object 'Object Repository/Page_KiboPush  Sign In/input_form-control m-input'

2018-08-10 14:09:36 - [TEST_STEP][PASSED] - setText: Text 'bjafri5@gmail.com' is set on object 'Object Repository/Page_KiboPush  Sign In/input_form-control m-input_1'

2018-08-10 14:09:36 - [MESSAGE][PASSED] - Text 'bjafri5@gmail.com' is set on object 'Object Repository/Page_KiboPush  Sign In/input_form-control m-input_1'

2018-08-10 14:09:36 - [TEST_STEP][PASSED] - setEncryptedText: Text ****** has been set on object 'Object Repository/Page_KiboPush  Sign In/input_form-control m-input_2'

2018-08-10 14:09:36 - [MESSAGE][PASSED] - Text ****** has been set on object 'Object Repository/Page_KiboPush  Sign In/input_form-control m-input_2'

2018-08-10 14:09:36 - [TEST_STEP][PASSED] - click: Object: 'Object Repository/Page_KiboPush  Sign In/button_Sign In' is clicked on

2018-08-10 14:09:36 - [MESSAGE][PASSED] - Object: 'Object Repository/Page_KiboPush  Sign In/button_Sign In' is clicked on

2018-08-10 14:09:36 - [TEST_STEP][PASSED] - click: Object: 'Object Repository/Page_KiboPush  Dashboard/span_Broadcasts' is clicked on

2018-08-10 14:09:38 - [MESSAGE][PASSED] - Object: 'Object Repository/Page_KiboPush  Dashboard/span_Broadcasts' is clicked on

2018-08-10 14:09:38 - [TEST_STEP][PASSED] - selectOptionByValue: All options with value 'miscellaneous' are selected in object 'Object Repository/Page_KiboPush  Broadcast/select_Filter by type...textim'  using regular expression

2018-08-10 14:09:39 - [MESSAGE][PASSED] - All options with value 'miscellaneous' are selected in object 'Object Repository/Page_KiboPush  Broadcast/select_Filter by type...textim'  using regular expression

2018-08-10 14:09:39 - [TEST_STEP][PASSED] - click: Object: 'Object Repository/Page_KiboPush  Broadcast/span_Miscellaneous' is clicked on

2018-08-10 14:09:39 - [MESSAGE][PASSED] - Object: 'Object Repository/Page_KiboPush  Broadcast/span_Miscellaneous' is clicked on]]></system-out>
         <system-err><![CDATA[]]></system-err>
      </testcase>
      <testcase name="Test Cases/TC0120" classname="Test Cases/TC0120" status="PASSED">
         <system-out><![CDATA[2018-08-10 14:09:39 - [TEST_CASE][PASSED] - Test Cases/TC0120: Test Cases/TC0120

2018-08-10 14:09:39 - [TEST_STEP][PASSED] - openBrowser: Browser is opened with url: ''

2018-08-10 14:09:39 - [MESSAGE][WARNING] - A browser is already opened. Closing browser and opening a new one

2018-08-10 14:09:41 - [MESSAGE][PASSED] - Browser is opened with url: ''

2018-08-10 14:09:41 - [TEST_STEP][PASSED] - navigateToUrl: Navigate to 'https://staging.kibopush.com/' successfully

2018-08-10 14:09:48 - [MESSAGE][PASSED] - Navigate to 'https://staging.kibopush.com/' successfully

2018-08-10 14:09:48 - [TEST_STEP][PASSED] - click: Object: 'Object Repository/Page_KiboPush  Sign In/a_Login' is clicked on

2018-08-10 14:09:49 - [MESSAGE][PASSED] - Object: 'Object Repository/Page_KiboPush  Sign In/a_Login' is clicked on

2018-08-10 14:09:49 - [TEST_STEP][PASSED] - click: Object: 'Object Repository/Page_KiboPush  Sign In/button_Team Account' is clicked on

2018-08-10 14:09:49 - [MESSAGE][PASSED] - Object: 'Object Repository/Page_KiboPush  Sign In/button_Team Account' is clicked on

2018-08-10 14:09:49 - [TEST_STEP][PASSED] - setText: Text 'kibopush.com' is set on object 'Object Repository/Page_KiboPush  Sign In/input_form-control m-input'

2018-08-10 14:09:49 - [MESSAGE][PASSED] - Text 'kibopush.com' is set on object 'Object Repository/Page_KiboPush  Sign In/input_form-control m-input'

2018-08-10 14:09:49 - [TEST_STEP][PASSED] - setText: Text 'bjafri5@gmail.com' is set on object 'Object Repository/Page_KiboPush  Sign In/input_form-control m-input_1'

2018-08-10 14:09:49 - [MESSAGE][PASSED] - Text 'bjafri5@gmail.com' is set on object 'Object Repository/Page_KiboPush  Sign In/input_form-control m-input_1'

2018-08-10 14:09:49 - [TEST_STEP][PASSED] - setEncryptedText: Text ****** has been set on object 'Object Repository/Page_KiboPush  Sign In/input_form-control m-input_2'

2018-08-10 14:09:49 - [MESSAGE][PASSED] - Text ****** has been set on object 'Object Repository/Page_KiboPush  Sign In/input_form-control m-input_2'

2018-08-10 14:09:49 - [TEST_STEP][PASSED] - click: Object: 'Object Repository/Page_KiboPush  Sign In/button_Sign In' is clicked on

2018-08-10 14:09:49 - [MESSAGE][PASSED] - Object: 'Object Repository/Page_KiboPush  Sign In/button_Sign In' is clicked on

2018-08-10 14:09:49 - [TEST_STEP][PASSED] - click: Object: 'Object Repository/Page_KiboPush  Dashboard/span_Broadcasts' is clicked on

2018-08-10 14:09:51 - [MESSAGE][PASSED] - Object: 'Object Repository/Page_KiboPush  Dashboard/span_Broadcasts' is clicked on

2018-08-10 14:09:51 - [TEST_STEP][PASSED] - selectOptionByValue: All options with value 'all' are selected in object 'Object Repository/Page_KiboPush  Broadcast/select_Filter by type...textim'  using regular expression

2018-08-10 14:09:52 - [MESSAGE][PASSED] - All options with value 'all' are selected in object 'Object Repository/Page_KiboPush  Broadcast/select_Filter by type...textim'  using regular expression

2018-08-10 14:09:52 - [TEST_STEP][PASSED] - closeBrowser: Browser is closed

2018-08-10 14:09:52 - [MESSAGE][PASSED] - Browser is closed]]></system-out>
         <system-err><![CDATA[]]></system-err>
      </testcase>
      <testcase name="Test Cases/TC0121" classname="Test Cases/TC0121" status="PASSED">
         <system-out><![CDATA[2018-08-10 14:09:52 - [TEST_CASE][PASSED] - Test Cases/TC0121: Test Cases/TC0121

2018-08-10 14:09:52 - [TEST_STEP][PASSED] - openBrowser: Browser is opened with url: ''

2018-08-10 14:09:53 - [MESSAGE][PASSED] - Browser is opened with url: ''

2018-08-10 14:09:53 - [TEST_STEP][PASSED] - navigateToUrl: Navigate to 'https://staging.kibopush.com/' successfully

2018-08-10 14:10:01 - [MESSAGE][PASSED] - Navigate to 'https://staging.kibopush.com/' successfully

2018-08-10 14:10:01 - [TEST_STEP][PASSED] - click: Object: 'Object Repository/Page_KiboPush  Sign In/a_Login' is clicked on

2018-08-10 14:10:02 - [MESSAGE][PASSED] - Object: 'Object Repository/Page_KiboPush  Sign In/a_Login' is clicked on

2018-08-10 14:10:02 - [TEST_STEP][PASSED] - click: Object: 'Object Repository/Page_KiboPush  Sign In/button_Team Account' is clicked on

2018-08-10 14:10:02 - [MESSAGE][PASSED] - Object: 'Object Repository/Page_KiboPush  Sign In/button_Team Account' is clicked on

2018-08-10 14:10:02 - [TEST_STEP][PASSED] - setText: Text 'kibopush.com' is set on object 'Object Repository/Page_KiboPush  Sign In/input_form-control m-input'

2018-08-10 14:10:02 - [MESSAGE][PASSED] - Text 'kibopush.com' is set on object 'Object Repository/Page_KiboPush  Sign In/input_form-control m-input'

2018-08-10 14:10:02 - [TEST_STEP][PASSED] - setText: Text 'bjafri5@gmail.com' is set on object 'Object Repository/Page_KiboPush  Sign In/input_form-control m-input_1'

2018-08-10 14:10:02 - [MESSAGE][PASSED] - Text 'bjafri5@gmail.com' is set on object 'Object Repository/Page_KiboPush  Sign In/input_form-control m-input_1'

2018-08-10 14:10:02 - [TEST_STEP][PASSED] - setEncryptedText: Text ****** has been set on object 'Object Repository/Page_KiboPush  Sign In/input_form-control m-input_2'

2018-08-10 14:10:03 - [MESSAGE][PASSED] - Text ****** has been set on object 'Object Repository/Page_KiboPush  Sign In/input_form-control m-input_2'

2018-08-10 14:10:03 - [TEST_STEP][PASSED] - click: Object: 'Object Repository/Page_KiboPush  Sign In/button_Sign In' is clicked on

2018-08-10 14:10:03 - [MESSAGE][PASSED] - Object: 'Object Repository/Page_KiboPush  Sign In/button_Sign In' is clicked on

2018-08-10 14:10:03 - [TEST_STEP][PASSED] - click: Object: 'Object Repository/Page_KiboPush  Dashboard/span_Broadcasts' is clicked on

2018-08-10 14:10:05 - [MESSAGE][PASSED] - Object: 'Object Repository/Page_KiboPush  Dashboard/span_Broadcasts' is clicked on

2018-08-10 14:10:05 - [TEST_STEP][PASSED] - selectOptionByValue: All options with value 'video' are selected in object 'Object Repository/Page_KiboPush  Broadcast/select_Filter by type...textim (3)'  using regular expression

2018-08-10 14:10:05 - [MESSAGE][PASSED] - All options with value 'video' are selected in object 'Object Repository/Page_KiboPush  Broadcast/select_Filter by type...textim (3)'  using regular expression

2018-08-10 14:10:05 - [TEST_STEP][PASSED] - click: Object: 'Object Repository/Page_KiboPush  Broadcast/span_video (1)' is clicked on

2018-08-10 14:10:06 - [MESSAGE][PASSED] - Object: 'Object Repository/Page_KiboPush  Broadcast/span_video (1)' is clicked on

2018-08-10 14:10:06 - [TEST_STEP][PASSED] - setText: Text 'SampleVideo' is set on object 'Object Repository/Page_KiboPush  Broadcast/input_form-control (1)'

2018-08-10 14:10:06 - [MESSAGE][PASSED] - Text 'SampleVideo' is set on object 'Object Repository/Page_KiboPush  Broadcast/input_form-control (1)'

2018-08-10 14:10:06 - [TEST_STEP][PASSED] - click: Object: 'Object Repository/Page_KiboPush  Broadcast/span_SampleVideo' is clicked on

2018-08-10 14:10:06 - [MESSAGE][PASSED] - Object: 'Object Repository/Page_KiboPush  Broadcast/span_SampleVideo' is clicked on

2018-08-10 14:10:06 - [TEST_STEP][PASSED] - closeBrowser: Browser is closed

2018-08-10 14:10:06 - [MESSAGE][PASSED] - Browser is closed]]></system-out>
         <system-err><![CDATA[]]></system-err>
      </testcase>
      <testcase name="Test Cases/TC0122" classname="Test Cases/TC0122" status="ERROR">
         <error type="ERROR" message="Test Cases/TC0122 FAILED because (of) org.openqa.selenium.NoSuchElementException: no such element: Unable to locate element: {&quot;method&quot;:&quot;xpath&quot;,&quot;selector&quot;:&quot;//table/tbody&quot;}
  (Session info: chrome=68.0.3440.106)
  (Driver info: chromedriver=2.35.528157 (4429ca2590d6988c0745c24c8858745aaaec01ef),platform=Mac OS X 10.13.1 x86_64) (WARNING: The server did not provide any stacktrace information)
Command duration or timeout: 0 milliseconds
For documentation on this error, please visit: http://seleniumhq.org/exceptions/no_such_element.html
Build info: version: '3.7.1', revision: '8a0099a', time: '2017-11-06T21:07:36.161Z'
System info: host: 'Baqars-MacBook-Pro.local', ip: 'fe80:0:0:0:86b:36f2:e832:f5d1%en0', os.name: 'Mac OS X', os.arch: 'x86_64', os.version: '10.13.1', java.version: '1.8.0_102'
Driver info: com.kms.katalon.selenium.driver.CChromeDriver
Capabilities {acceptInsecureCerts: false, acceptSslCerts: false, applicationCacheEnabled: false, browserConnectionEnabled: false, browserName: chrome, chrome: {chromedriverVersion: 2.35.528157 (4429ca2590d698..., userDataDir: /var/folders/d9/974yd97x407...}, cssSelectorsEnabled: true, databaseEnabled: false, handlesAlerts: true, hasTouchScreen: false, javascriptEnabled: true, locationContextEnabled: true, mobileEmulationEnabled: false, nativeEvents: true, networkConnectionEnabled: false, pageLoadStrategy: normal, platform: MAC, platformName: MAC, rotatable: false, setWindowRect: true, takesHeapSnapshot: true, takesScreenshot: true, unexpectedAlertBehaviour: , unhandledPromptBehavior: , version: 68.0.3440.106, webStorageEnabled: true}
Session ID: 026a0edb7cb9ee408dba689343f5dfba
*** Element info: {Using=xpath, value=//table/tbody}"/>
         <system-out><![CDATA[2018-08-10 14:10:06 - [TEST_CASE][ERROR] - Test Cases/TC0122: Test Cases/TC0122 FAILED because (of) org.openqa.selenium.NoSuchElementException: no such element: Unable to locate element: {"method":"xpath","selector":"//table/tbody"}
  (Session info: chrome=68.0.3440.106)
  (Driver info: chromedriver=2.35.528157 (4429ca2590d6988c0745c24c8858745aaaec01ef),platform=Mac OS X 10.13.1 x86_64) (WARNING: The server did not provide any stacktrace information)
Command duration or timeout: 0 milliseconds
For documentation on this error, please visit: http://seleniumhq.org/exceptions/no_such_element.html
Build info: version: '3.7.1', revision: '8a0099a', time: '2017-11-06T21:07:36.161Z'
System info: host: 'Baqars-MacBook-Pro.local', ip: 'fe80:0:0:0:86b:36f2:e832:f5d1%en0', os.name: 'Mac OS X', os.arch: 'x86_64', os.version: '10.13.1', java.version: '1.8.0_102'
Driver info: com.kms.katalon.selenium.driver.CChromeDriver
Capabilities {acceptInsecureCerts: false, acceptSslCerts: false, applicationCacheEnabled: false, browserConnectionEnabled: false, browserName: chrome, chrome: {chromedriverVersion: 2.35.528157 (4429ca2590d698..., userDataDir: /var/folders/d9/974yd97x407...}, cssSelectorsEnabled: true, databaseEnabled: false, handlesAlerts: true, hasTouchScreen: false, javascriptEnabled: true, locationContextEnabled: true, mobileEmulationEnabled: false, nativeEvents: true, networkConnectionEnabled: false, pageLoadStrategy: normal, platform: MAC, platformName: MAC, rotatable: false, setWindowRect: true, takesHeapSnapshot: true, takesScreenshot: true, unexpectedAlertBehaviour: , unhandledPromptBehavior: , version: 68.0.3440.106, webStorageEnabled: true}
Session ID: 026a0edb7cb9ee408dba689343f5dfba
*** Element info: {Using=xpath, value=//table/tbody}

2018-08-10 14:10:06 - [TEST_STEP][PASSED] - openBrowser: Browser is opened with url: ''

2018-08-10 14:10:07 - [MESSAGE][PASSED] - Browser is opened with url: ''

2018-08-10 14:10:07 - [TEST_STEP][PASSED] - navigateToUrl: Navigate to 'https://staging.kibopush.com/' successfully

2018-08-10 14:10:19 - [MESSAGE][PASSED] - Navigate to 'https://staging.kibopush.com/' successfully

2018-08-10 14:10:19 - [TEST_STEP][PASSED] - click: Object: 'Object Repository/Page_KiboPush  Sign In/a_Login' is clicked on

2018-08-10 14:10:20 - [MESSAGE][PASSED] - Object: 'Object Repository/Page_KiboPush  Sign In/a_Login' is clicked on

2018-08-10 14:10:20 - [TEST_STEP][PASSED] - click: Object: 'Object Repository/Page_KiboPush  Sign In/button_Team Account' is clicked on

2018-08-10 14:10:20 - [MESSAGE][PASSED] - Object: 'Object Repository/Page_KiboPush  Sign In/button_Team Account' is clicked on

2018-08-10 14:10:20 - [TEST_STEP][PASSED] - setText: Text 'kibopush.com' is set on object 'Object Repository/Page_KiboPush  Sign In/input_form-control m-input'

2018-08-10 14:10:20 - [MESSAGE][PASSED] - Text 'kibopush.com' is set on object 'Object Repository/Page_KiboPush  Sign In/input_form-control m-input'

2018-08-10 14:10:20 - [TEST_STEP][PASSED] - setText: Text 'bjafri5@gmail.com' is set on object 'Object Repository/Page_KiboPush  Sign In/input_form-control m-input_1'

2018-08-10 14:10:20 - [MESSAGE][PASSED] - Text 'bjafri5@gmail.com' is set on object 'Object Repository/Page_KiboPush  Sign In/input_form-control m-input_1'

2018-08-10 14:10:20 - [TEST_STEP][PASSED] - setEncryptedText: Text ****** has been set on object 'Object Repository/Page_KiboPush  Sign In/input_form-control m-input_2'

2018-08-10 14:10:20 - [MESSAGE][PASSED] - Text ****** has been set on object 'Object Repository/Page_KiboPush  Sign In/input_form-control m-input_2'

2018-08-10 14:10:20 - [TEST_STEP][PASSED] - click: Object: 'Object Repository/Page_KiboPush  Sign In/button_Sign In' is clicked on

2018-08-10 14:10:21 - [MESSAGE][PASSED] - Object: 'Object Repository/Page_KiboPush  Sign In/button_Sign In' is clicked on

2018-08-10 14:10:21 - [TEST_STEP][PASSED] - click: Object: 'Object Repository/Page_KiboPush  Dashboard/span_Broadcasts' is clicked on

2018-08-10 14:10:22 - [MESSAGE][PASSED] - Object: 'Object Repository/Page_KiboPush  Dashboard/span_Broadcasts' is clicked on

2018-08-10 14:10:22 - [TEST_STEP][PASSED] - delay: Delayed 1 second(s)

2018-08-10 14:10:23 - [MESSAGE][PASSED] - Delayed 1 second(s)

2018-08-10 14:10:23 - [TEST_STEP][PASSED] - Statement - driver = com.kms.katalon.core.webui.driver.DriverFactory.getWebDriver(): null

2018-08-10 14:10:23 - [TEST_STEP][PASSED] - Statement - Table = driver.findElement(org.openqa.selenium.By.xpath("//table/tbody")): null

2018-08-10 14:10:23 - [TEST_STEP][PASSED] - Statement - rows_table = Table.findElements(org.openqa.selenium.By.tagName("tr")): null

2018-08-10 14:10:23 - [TEST_STEP][PASSED] - Statement - rows_count_before = rows_table.size(): null

2018-08-10 14:10:23 - [TEST_STEP][PASSED] - setText: Text '1' is set on object 'Object Repository/Page_KiboPush  Broadcast/input_example-text-input'

2018-08-10 14:10:24 - [MESSAGE][PASSED] - Text '1' is set on object 'Object Repository/Page_KiboPush  Broadcast/input_example-text-input'

2018-08-10 14:10:24 - [TEST_STEP][PASSED] - delay: Delayed 1 second(s)

2018-08-10 14:10:25 - [MESSAGE][PASSED] - Delayed 1 second(s)

2018-08-10 14:10:25 - [TEST_STEP][PASSED] - Statement - Table = driver.findElement(org.openqa.selenium.By.xpath("//table/tbody")): null]]></system-out>
         <system-err><![CDATA[2018-08-10 14:10:06 - [TEST_CASE][ERROR] - Test Cases/TC0122: Test Cases/TC0122 FAILED because (of) org.openqa.selenium.NoSuchElementException: no such element: Unable to locate element: {"method":"xpath","selector":"//table/tbody"}
  (Session info: chrome=68.0.3440.106)
  (Driver info: chromedriver=2.35.528157 (4429ca2590d6988c0745c24c8858745aaaec01ef),platform=Mac OS X 10.13.1 x86_64) (WARNING: The server did not provide any stacktrace information)
Command duration or timeout: 0 milliseconds
For documentation on this error, please visit: http://seleniumhq.org/exceptions/no_such_element.html
Build info: version: '3.7.1', revision: '8a0099a', time: '2017-11-06T21:07:36.161Z'
System info: host: 'Baqars-MacBook-Pro.local', ip: 'fe80:0:0:0:86b:36f2:e832:f5d1%en0', os.name: 'Mac OS X', os.arch: 'x86_64', os.version: '10.13.1', java.version: '1.8.0_102'
Driver info: com.kms.katalon.selenium.driver.CChromeDriver
Capabilities {acceptInsecureCerts: false, acceptSslCerts: false, applicationCacheEnabled: false, browserConnectionEnabled: false, browserName: chrome, chrome: {chromedriverVersion: 2.35.528157 (4429ca2590d698..., userDataDir: /var/folders/d9/974yd97x407...}, cssSelectorsEnabled: true, databaseEnabled: false, handlesAlerts: true, hasTouchScreen: false, javascriptEnabled: true, locationContextEnabled: true, mobileEmulationEnabled: false, nativeEvents: true, networkConnectionEnabled: false, pageLoadStrategy: normal, platform: MAC, platformName: MAC, rotatable: false, setWindowRect: true, takesHeapSnapshot: true, takesScreenshot: true, unexpectedAlertBehaviour: , unhandledPromptBehavior: , version: 68.0.3440.106, webStorageEnabled: true}
Session ID: 026a0edb7cb9ee408dba689343f5dfba
*** Element info: {Using=xpath, value=//table/tbody}]]></system-err>
      </testcase>
      <testcase name="Test Cases/TC0123" classname="Test Cases/TC0123" status="PASSED">
         <system-out><![CDATA[2018-08-10 14:10:25 - [TEST_CASE][PASSED] - Test Cases/TC0123: Test Cases/TC0123

2018-08-10 14:10:25 - [TEST_STEP][PASSED] - openBrowser: Browser is opened with url: ''

2018-08-10 14:10:25 - [MESSAGE][WARNING] - A browser is already opened. Closing browser and opening a new one

2018-08-10 14:10:26 - [MESSAGE][PASSED] - Browser is opened with url: ''

2018-08-10 14:10:26 - [TEST_STEP][PASSED] - navigateToUrl: Navigate to 'https://staging.kibopush.com/' successfully

2018-08-10 14:10:34 - [MESSAGE][PASSED] - Navigate to 'https://staging.kibopush.com/' successfully

2018-08-10 14:10:34 - [TEST_STEP][PASSED] - click: Object: 'Object Repository/Page_KiboPush  Sign In/a_Login' is clicked on

2018-08-10 14:10:34 - [MESSAGE][PASSED] - Object: 'Object Repository/Page_KiboPush  Sign In/a_Login' is clicked on

2018-08-10 14:10:34 - [TEST_STEP][PASSED] - click: Object: 'Object Repository/Page_KiboPush  Sign In/button_Team Account' is clicked on

2018-08-10 14:10:35 - [MESSAGE][PASSED] - Object: 'Object Repository/Page_KiboPush  Sign In/button_Team Account' is clicked on

2018-08-10 14:10:35 - [TEST_STEP][PASSED] - setText: Text 'kibopush.com' is set on object 'Object Repository/Page_KiboPush  Sign In/input_form-control m-input'

2018-08-10 14:10:35 - [MESSAGE][PASSED] - Text 'kibopush.com' is set on object 'Object Repository/Page_KiboPush  Sign In/input_form-control m-input'

2018-08-10 14:10:35 - [TEST_STEP][PASSED] - setText: Text 'bjafri5@gmail.com' is set on object 'Object Repository/Page_KiboPush  Sign In/input_form-control m-input_1'

2018-08-10 14:10:35 - [MESSAGE][PASSED] - Text 'bjafri5@gmail.com' is set on object 'Object Repository/Page_KiboPush  Sign In/input_form-control m-input_1'

2018-08-10 14:10:35 - [TEST_STEP][PASSED] - setEncryptedText: Text ****** has been set on object 'Object Repository/Page_KiboPush  Sign In/input_form-control m-input_2'

2018-08-10 14:10:35 - [MESSAGE][PASSED] - Text ****** has been set on object 'Object Repository/Page_KiboPush  Sign In/input_form-control m-input_2'

2018-08-10 14:10:35 - [TEST_STEP][PASSED] - click: Object: 'Object Repository/Page_KiboPush  Sign In/button_Sign In' is clicked on

2018-08-10 14:10:35 - [MESSAGE][PASSED] - Object: 'Object Repository/Page_KiboPush  Sign In/button_Sign In' is clicked on

2018-08-10 14:10:35 - [TEST_STEP][PASSED] - click: Object: 'Object Repository/Page_KiboPush  Dashboard/span_Broadcasts' is clicked on

2018-08-10 14:10:37 - [MESSAGE][PASSED] - Object: 'Object Repository/Page_KiboPush  Dashboard/span_Broadcasts' is clicked on

2018-08-10 14:10:37 - [TEST_STEP][PASSED] - delay: Delayed 1 second(s)

2018-08-10 14:10:38 - [MESSAGE][PASSED] - Delayed 1 second(s)

2018-08-10 14:10:38 - [TEST_STEP][PASSED] - Statement - date_page1 = getFirstRowDate(): null

2018-08-10 14:10:38 - [TEST_STEP][PASSED] - Statement - driver = com.kms.katalon.core.webui.driver.DriverFactory.getWebDriver(): null

2018-08-10 14:10:38 - [TEST_STEP][PASSED] - Statement - Try: null

2018-08-10 14:10:38 - [TEST_STEP][PASSED] - Statement - Table = driver.findElement(org.openqa.selenium.By.xpath("//table/tbody")): null

2018-08-10 14:10:38 - [TEST_STEP][PASSED] - Statement - rows_table = Table.findElements(org.openqa.selenium.By.tagName("tr")): null

2018-08-10 14:10:38 - [TEST_STEP][PASSED] - Statement - dates = new java.util.ArrayList(): null

2018-08-10 14:10:38 - [TEST_STEP][PASSED] - Statement - date = rows_table.get(0).findElement(org.openqa.selenium.By.xpath(".//td[@data-field="datetime"]")).getText(): null

2018-08-10 14:10:38 - [TEST_STEP][PASSED] - Statement - return date: null

2018-08-10 14:10:38 - [TEST_STEP][PASSED] - click: Object: 'Object Repository/Page_KiboPush  Broadcast/a_next (1)' is clicked on

2018-08-10 14:10:39 - [MESSAGE][PASSED] - Object: 'Object Repository/Page_KiboPush  Broadcast/a_next (1)' is clicked on

2018-08-10 14:10:39 - [TEST_STEP][PASSED] - delay: Delayed 1 second(s)

2018-08-10 14:10:40 - [MESSAGE][PASSED] - Delayed 1 second(s)

2018-08-10 14:10:40 - [TEST_STEP][PASSED] - Statement - date_page2 = getFirstRowDate(): null

2018-08-10 14:10:40 - [TEST_STEP][PASSED] - Statement - driver = com.kms.katalon.core.webui.driver.DriverFactory.getWebDriver(): null

2018-08-10 14:10:40 - [TEST_STEP][PASSED] - Statement - Try: null

2018-08-10 14:10:40 - [TEST_STEP][PASSED] - Statement - Table = driver.findElement(org.openqa.selenium.By.xpath("//table/tbody")): null

2018-08-10 14:10:40 - [TEST_STEP][PASSED] - Statement - rows_table = Table.findElements(org.openqa.selenium.By.tagName("tr")): null

2018-08-10 14:10:40 - [TEST_STEP][PASSED] - Statement - dates = new java.util.ArrayList(): null

2018-08-10 14:10:40 - [TEST_STEP][PASSED] - Statement - date = rows_table.get(0).findElement(org.openqa.selenium.By.xpath(".//td[@data-field="datetime"]")).getText(): null

2018-08-10 14:10:40 - [TEST_STEP][PASSED] - Statement - return date: null

2018-08-10 14:10:40 - [TEST_STEP][PASSED] - click: Object: 'Object Repository/Page_KiboPush  Broadcast/a_next (1)' is clicked on

2018-08-10 14:10:40 - [MESSAGE][PASSED] - Object: 'Object Repository/Page_KiboPush  Broadcast/a_next (1)' is clicked on

2018-08-10 14:10:40 - [TEST_STEP][PASSED] - delay: Delayed 1 second(s)

2018-08-10 14:10:41 - [MESSAGE][PASSED] - Delayed 1 second(s)

2018-08-10 14:10:41 - [TEST_STEP][PASSED] - Statement - date_page3 = getFirstRowDate(): null

2018-08-10 14:10:41 - [TEST_STEP][PASSED] - Statement - driver = com.kms.katalon.core.webui.driver.DriverFactory.getWebDriver(): null

2018-08-10 14:10:41 - [TEST_STEP][PASSED] - Statement - Try: null

2018-08-10 14:10:41 - [TEST_STEP][PASSED] - Statement - Table = driver.findElement(org.openqa.selenium.By.xpath("//table/tbody")): null

2018-08-10 14:10:41 - [TEST_STEP][PASSED] - Statement - rows_table = Table.findElements(org.openqa.selenium.By.tagName("tr")): null

2018-08-10 14:10:41 - [TEST_STEP][PASSED] - Statement - dates = new java.util.ArrayList(): null

2018-08-10 14:10:41 - [TEST_STEP][PASSED] - Statement - date = rows_table.get(0).findElement(org.openqa.selenium.By.xpath(".//td[@data-field="datetime"]")).getText(): null

2018-08-10 14:10:41 - [TEST_STEP][PASSED] - Statement - return date: null

2018-08-10 14:10:41 - [TEST_STEP][PASSED] - verifyNotMatch: Actual text 'Wed Aug 08 2018 11:47 AM' and expected text 'Thu Jul 19 2018 8:25 AM' are not matched 

2018-08-10 14:10:41 - [MESSAGE][PASSED] - Actual text 'Wed Aug 08 2018 11:47 AM' and expected text 'Thu Jul 19 2018 8:25 AM' are not matched 

2018-08-10 14:10:41 - [TEST_STEP][PASSED] - verifyNotMatch: Actual text 'Wed Aug 08 2018 11:47 AM' and expected text 'Fri Jun 29 2018 6:51 AM' are not matched 

2018-08-10 14:10:41 - [MESSAGE][PASSED] - Actual text 'Wed Aug 08 2018 11:47 AM' and expected text 'Fri Jun 29 2018 6:51 AM' are not matched 

2018-08-10 14:10:41 - [TEST_STEP][PASSED] - verifyNotMatch: Actual text 'Thu Jul 19 2018 8:25 AM' and expected text 'Fri Jun 29 2018 6:51 AM' are not matched 

2018-08-10 14:10:41 - [MESSAGE][PASSED] - Actual text 'Thu Jul 19 2018 8:25 AM' and expected text 'Fri Jun 29 2018 6:51 AM' are not matched 

2018-08-10 14:10:41 - [TEST_STEP][PASSED] - closeBrowser: Browser is closed

2018-08-10 14:10:41 - [MESSAGE][PASSED] - Browser is closed]]></system-out>
         <system-err><![CDATA[]]></system-err>
      </testcase>
      <testcase name="Test Cases/TC0124" classname="Test Cases/TC0124" status="PASSED">
         <system-out><![CDATA[2018-08-10 14:10:41 - [TEST_CASE][PASSED] - Test Cases/TC0124: Test Cases/TC0124

2018-08-10 14:10:41 - [TEST_STEP][PASSED] - openBrowser: Browser is opened with url: ''

2018-08-10 14:10:42 - [MESSAGE][PASSED] - Browser is opened with url: ''

2018-08-10 14:10:42 - [TEST_STEP][PASSED] - navigateToUrl: Navigate to 'https://staging.kibopush.com/' successfully

2018-08-10 14:10:55 - [MESSAGE][PASSED] - Navigate to 'https://staging.kibopush.com/' successfully

2018-08-10 14:10:55 - [TEST_STEP][PASSED] - click: Object: 'Object Repository/Page_KiboPush  Sign In/a_Login' is clicked on

2018-08-10 14:10:55 - [MESSAGE][PASSED] - Object: 'Object Repository/Page_KiboPush  Sign In/a_Login' is clicked on

2018-08-10 14:10:55 - [TEST_STEP][PASSED] - click: Object: 'Object Repository/Page_KiboPush  Sign In/button_Team Account' is clicked on

2018-08-10 14:10:55 - [MESSAGE][PASSED] - Object: 'Object Repository/Page_KiboPush  Sign In/button_Team Account' is clicked on

2018-08-10 14:10:55 - [TEST_STEP][PASSED] - setText: Text 'kibopush.com' is set on object 'Object Repository/Page_KiboPush  Sign In/input_form-control m-input'

2018-08-10 14:10:56 - [MESSAGE][PASSED] - Text 'kibopush.com' is set on object 'Object Repository/Page_KiboPush  Sign In/input_form-control m-input'

2018-08-10 14:10:56 - [TEST_STEP][PASSED] - setText: Text 'bjafri5@gmail.com' is set on object 'Object Repository/Page_KiboPush  Sign In/input_form-control m-input_1'

2018-08-10 14:10:56 - [MESSAGE][PASSED] - Text 'bjafri5@gmail.com' is set on object 'Object Repository/Page_KiboPush  Sign In/input_form-control m-input_1'

2018-08-10 14:10:56 - [TEST_STEP][PASSED] - setEncryptedText: Text ****** has been set on object 'Object Repository/Page_KiboPush  Sign In/input_form-control m-input_2'

2018-08-10 14:10:56 - [MESSAGE][PASSED] - Text ****** has been set on object 'Object Repository/Page_KiboPush  Sign In/input_form-control m-input_2'

2018-08-10 14:10:56 - [TEST_STEP][PASSED] - click: Object: 'Object Repository/Page_KiboPush  Sign In/button_Sign In' is clicked on

2018-08-10 14:10:56 - [MESSAGE][PASSED] - Object: 'Object Repository/Page_KiboPush  Sign In/button_Sign In' is clicked on

2018-08-10 14:10:56 - [TEST_STEP][PASSED] - click: Object: 'Object Repository/Page_KiboPush  Dashboard/span_Broadcasts' is clicked on

2018-08-10 14:10:58 - [MESSAGE][PASSED] - Object: 'Object Repository/Page_KiboPush  Dashboard/span_Broadcasts' is clicked on

2018-08-10 14:10:58 - [TEST_STEP][PASSED] - delay: Delayed 2 second(s)

2018-08-10 14:11:00 - [MESSAGE][PASSED] - Delayed 2 second(s)

2018-08-10 14:11:00 - [TEST_STEP][PASSED] - click: Object: 'Object Repository/Page_KiboPush  Broadcast/a_4' is clicked on

2018-08-10 14:11:00 - [MESSAGE][PASSED] - Object: 'Object Repository/Page_KiboPush  Broadcast/a_4' is clicked on

2018-08-10 14:11:00 - [TEST_STEP][PASSED] - delay: Delayed 2 second(s)

2018-08-10 14:11:02 - [MESSAGE][PASSED] - Delayed 2 second(s)

2018-08-10 14:11:02 - [TEST_STEP][PASSED] - Statement - date_page4 = getFirstRowDate(): null

2018-08-10 14:11:02 - [TEST_STEP][PASSED] - Statement - driver = com.kms.katalon.core.webui.driver.DriverFactory.getWebDriver(): null

2018-08-10 14:11:02 - [TEST_STEP][PASSED] - Statement - Try: null

2018-08-10 14:11:02 - [TEST_STEP][PASSED] - Statement - Table = driver.findElement(org.openqa.selenium.By.xpath("//table/tbody")): null

2018-08-10 14:11:02 - [TEST_STEP][PASSED] - Statement - rows_table = Table.findElements(org.openqa.selenium.By.tagName("tr")): null

2018-08-10 14:11:02 - [TEST_STEP][PASSED] - Statement - dates = new java.util.ArrayList(): null

2018-08-10 14:11:02 - [TEST_STEP][PASSED] - Statement - date = rows_table.get(0).findElement(org.openqa.selenium.By.xpath(".//td[@data-field="datetime"]")).getText(): null

2018-08-10 14:11:02 - [TEST_STEP][PASSED] - Statement - return date: null

2018-08-10 14:11:02 - [TEST_STEP][PASSED] - click: Object: 'Object Repository/Page_KiboPush  Broadcast/a_previous' is clicked on

2018-08-10 14:11:02 - [MESSAGE][PASSED] - Object: 'Object Repository/Page_KiboPush  Broadcast/a_previous' is clicked on

2018-08-10 14:11:02 - [TEST_STEP][PASSED] - delay: Delayed 2 second(s)

2018-08-10 14:11:04 - [MESSAGE][PASSED] - Delayed 2 second(s)

2018-08-10 14:11:04 - [TEST_STEP][PASSED] - Statement - date_page3 = getFirstRowDate(): null

2018-08-10 14:11:04 - [TEST_STEP][PASSED] - Statement - driver = com.kms.katalon.core.webui.driver.DriverFactory.getWebDriver(): null

2018-08-10 14:11:04 - [TEST_STEP][PASSED] - Statement - Try: null

2018-08-10 14:11:04 - [TEST_STEP][PASSED] - Statement - Table = driver.findElement(org.openqa.selenium.By.xpath("//table/tbody")): null

2018-08-10 14:11:04 - [TEST_STEP][PASSED] - Statement - rows_table = Table.findElements(org.openqa.selenium.By.tagName("tr")): null

2018-08-10 14:11:04 - [TEST_STEP][PASSED] - Statement - dates = new java.util.ArrayList(): null

2018-08-10 14:11:04 - [TEST_STEP][PASSED] - Statement - date = rows_table.get(0).findElement(org.openqa.selenium.By.xpath(".//td[@data-field="datetime"]")).getText(): null

2018-08-10 14:11:04 - [TEST_STEP][PASSED] - Statement - return date: null

2018-08-10 14:11:04 - [TEST_STEP][PASSED] - click: Object: 'Object Repository/Page_KiboPush  Broadcast/a_previous' is clicked on

2018-08-10 14:11:05 - [MESSAGE][PASSED] - Object: 'Object Repository/Page_KiboPush  Broadcast/a_previous' is clicked on

2018-08-10 14:11:05 - [TEST_STEP][PASSED] - delay: Delayed 1 second(s)

2018-08-10 14:11:06 - [MESSAGE][PASSED] - Delayed 1 second(s)

2018-08-10 14:11:06 - [TEST_STEP][PASSED] - Statement - date_page2 = getFirstRowDate(): null

2018-08-10 14:11:06 - [TEST_STEP][PASSED] - Statement - driver = com.kms.katalon.core.webui.driver.DriverFactory.getWebDriver(): null

2018-08-10 14:11:06 - [TEST_STEP][PASSED] - Statement - Try: null

2018-08-10 14:11:06 - [TEST_STEP][PASSED] - Statement - Table = driver.findElement(org.openqa.selenium.By.xpath("//table/tbody")): null

2018-08-10 14:11:06 - [TEST_STEP][PASSED] - Statement - rows_table = Table.findElements(org.openqa.selenium.By.tagName("tr")): null

2018-08-10 14:11:06 - [TEST_STEP][PASSED] - Statement - dates = new java.util.ArrayList(): null

2018-08-10 14:11:06 - [TEST_STEP][PASSED] - Statement - date = rows_table.get(0).findElement(org.openqa.selenium.By.xpath(".//td[@data-field="datetime"]")).getText(): null

2018-08-10 14:11:06 - [TEST_STEP][PASSED] - Statement - return date: null

2018-08-10 14:11:06 - [TEST_STEP][PASSED] - verifyNotMatch: Actual text 'Fri Jun 29 2018 6:41 AM' and expected text 'Fri Jun 29 2018 6:51 AM' are not matched 

2018-08-10 14:11:06 - [MESSAGE][PASSED] - Actual text 'Fri Jun 29 2018 6:41 AM' and expected text 'Fri Jun 29 2018 6:51 AM' are not matched 

2018-08-10 14:11:06 - [TEST_STEP][PASSED] - verifyNotMatch: Actual text 'Fri Jun 29 2018 6:41 AM' and expected text 'Thu Jul 19 2018 8:25 AM' are not matched 

2018-08-10 14:11:06 - [MESSAGE][PASSED] - Actual text 'Fri Jun 29 2018 6:41 AM' and expected text 'Thu Jul 19 2018 8:25 AM' are not matched 

2018-08-10 14:11:06 - [TEST_STEP][PASSED] - verifyNotMatch: Actual text 'Fri Jun 29 2018 6:51 AM' and expected text 'Thu Jul 19 2018 8:25 AM' are not matched 

2018-08-10 14:11:06 - [MESSAGE][PASSED] - Actual text 'Fri Jun 29 2018 6:51 AM' and expected text 'Thu Jul 19 2018 8:25 AM' are not matched 

2018-08-10 14:11:06 - [TEST_STEP][PASSED] - closeBrowser: Browser is closed

2018-08-10 14:11:06 - [MESSAGE][PASSED] - Browser is closed]]></system-out>
         <system-err><![CDATA[]]></system-err>
      </testcase>
      <testcase name="Test Cases/TC0125" classname="Test Cases/TC0125" status="PASSED">
         <system-out><![CDATA[2018-08-10 14:11:06 - [TEST_CASE][PASSED] - Test Cases/TC0125: Test Cases/TC0125

2018-08-10 14:11:06 - [TEST_STEP][PASSED] - openBrowser: Browser is opened with url: ''

2018-08-10 14:11:07 - [MESSAGE][PASSED] - Browser is opened with url: ''

2018-08-10 14:11:07 - [TEST_STEP][PASSED] - navigateToUrl: Navigate to 'https://staging.kibopush.com/' successfully

2018-08-10 14:11:19 - [MESSAGE][PASSED] - Navigate to 'https://staging.kibopush.com/' successfully

2018-08-10 14:11:19 - [TEST_STEP][PASSED] - click: Object: 'Object Repository/Page_KiboPush  Sign In/a_Login' is clicked on

2018-08-10 14:11:19 - [MESSAGE][PASSED] - Object: 'Object Repository/Page_KiboPush  Sign In/a_Login' is clicked on

2018-08-10 14:11:19 - [TEST_STEP][PASSED] - click: Object: 'Object Repository/Page_KiboPush  Sign In/button_Team Account' is clicked on

2018-08-10 14:11:19 - [MESSAGE][PASSED] - Object: 'Object Repository/Page_KiboPush  Sign In/button_Team Account' is clicked on

2018-08-10 14:11:19 - [TEST_STEP][PASSED] - setText: Text 'kibopush.com' is set on object 'Object Repository/Page_KiboPush  Sign In/input_form-control m-input'

2018-08-10 14:11:19 - [MESSAGE][PASSED] - Text 'kibopush.com' is set on object 'Object Repository/Page_KiboPush  Sign In/input_form-control m-input'

2018-08-10 14:11:19 - [TEST_STEP][PASSED] - setText: Text 'bjafri5@gmail.com' is set on object 'Object Repository/Page_KiboPush  Sign In/input_form-control m-input_1'

2018-08-10 14:11:20 - [MESSAGE][PASSED] - Text 'bjafri5@gmail.com' is set on object 'Object Repository/Page_KiboPush  Sign In/input_form-control m-input_1'

2018-08-10 14:11:20 - [TEST_STEP][PASSED] - setEncryptedText: Text ****** has been set on object 'Object Repository/Page_KiboPush  Sign In/input_form-control m-input_2'

2018-08-10 14:11:20 - [MESSAGE][PASSED] - Text ****** has been set on object 'Object Repository/Page_KiboPush  Sign In/input_form-control m-input_2'

2018-08-10 14:11:20 - [TEST_STEP][PASSED] - click: Object: 'Object Repository/Page_KiboPush  Sign In/button_Sign In' is clicked on

2018-08-10 14:11:20 - [MESSAGE][PASSED] - Object: 'Object Repository/Page_KiboPush  Sign In/button_Sign In' is clicked on

2018-08-10 14:11:20 - [TEST_STEP][PASSED] - click: Object: 'Object Repository/Page_KiboPush  Dashboard/span_Broadcasts' is clicked on

2018-08-10 14:11:22 - [MESSAGE][PASSED] - Object: 'Object Repository/Page_KiboPush  Dashboard/span_Broadcasts' is clicked on

2018-08-10 14:11:22 - [TEST_STEP][PASSED] - delay: Delayed 1 second(s)

2018-08-10 14:11:23 - [MESSAGE][PASSED] - Delayed 1 second(s)

2018-08-10 14:11:23 - [TEST_STEP][PASSED] - Statement - date_page1 = getFirstRowDate(): null

2018-08-10 14:11:23 - [TEST_STEP][PASSED] - Statement - driver = com.kms.katalon.core.webui.driver.DriverFactory.getWebDriver(): null

2018-08-10 14:11:23 - [TEST_STEP][PASSED] - Statement - Try: null

2018-08-10 14:11:23 - [TEST_STEP][PASSED] - Statement - Table = driver.findElement(org.openqa.selenium.By.xpath("//table/tbody")): null

2018-08-10 14:11:23 - [TEST_STEP][PASSED] - Statement - rows_table = Table.findElements(org.openqa.selenium.By.tagName("tr")): null

2018-08-10 14:11:23 - [TEST_STEP][PASSED] - Statement - dates = new java.util.ArrayList(): null

2018-08-10 14:11:23 - [TEST_STEP][PASSED] - Statement - date = rows_table.get(0).findElement(org.openqa.selenium.By.xpath(".//td[@data-field="datetime"]")).getText(): null

2018-08-10 14:11:23 - [TEST_STEP][PASSED] - Statement - return date: null

2018-08-10 14:11:23 - [TEST_STEP][PASSED] - click: Object: 'Object Repository/Page_KiboPush  Broadcast/a_2' is clicked on

2018-08-10 14:11:23 - [MESSAGE][PASSED] - Object: 'Object Repository/Page_KiboPush  Broadcast/a_2' is clicked on

2018-08-10 14:11:23 - [TEST_STEP][PASSED] - delay: Delayed 1 second(s)

2018-08-10 14:11:24 - [MESSAGE][PASSED] - Delayed 1 second(s)

2018-08-10 14:11:24 - [TEST_STEP][PASSED] - Statement - date_page2 = getFirstRowDate(): null

2018-08-10 14:11:24 - [TEST_STEP][PASSED] - Statement - driver = com.kms.katalon.core.webui.driver.DriverFactory.getWebDriver(): null

2018-08-10 14:11:24 - [TEST_STEP][PASSED] - Statement - Try: null

2018-08-10 14:11:24 - [TEST_STEP][PASSED] - Statement - Table = driver.findElement(org.openqa.selenium.By.xpath("//table/tbody")): null

2018-08-10 14:11:24 - [TEST_STEP][PASSED] - Statement - rows_table = Table.findElements(org.openqa.selenium.By.tagName("tr")): null

2018-08-10 14:11:24 - [TEST_STEP][PASSED] - Statement - dates = new java.util.ArrayList(): null

2018-08-10 14:11:24 - [TEST_STEP][PASSED] - Statement - date = rows_table.get(0).findElement(org.openqa.selenium.By.xpath(".//td[@data-field="datetime"]")).getText(): null

2018-08-10 14:11:24 - [TEST_STEP][PASSED] - Statement - return date: null

2018-08-10 14:11:24 - [TEST_STEP][PASSED] - click: Object: 'Object Repository/Page_KiboPush  Broadcast/a_4' is clicked on

2018-08-10 14:11:25 - [MESSAGE][PASSED] - Object: 'Object Repository/Page_KiboPush  Broadcast/a_4' is clicked on

2018-08-10 14:11:25 - [TEST_STEP][PASSED] - delay: Delayed 2 second(s)

2018-08-10 14:11:27 - [MESSAGE][PASSED] - Delayed 2 second(s)

2018-08-10 14:11:27 - [TEST_STEP][PASSED] - Statement - date_page4 = getFirstRowDate(): null

2018-08-10 14:11:27 - [TEST_STEP][PASSED] - Statement - driver = com.kms.katalon.core.webui.driver.DriverFactory.getWebDriver(): null

2018-08-10 14:11:27 - [TEST_STEP][PASSED] - Statement - Try: null

2018-08-10 14:11:27 - [TEST_STEP][PASSED] - Statement - Table = driver.findElement(org.openqa.selenium.By.xpath("//table/tbody")): null

2018-08-10 14:11:27 - [TEST_STEP][PASSED] - Statement - rows_table = Table.findElements(org.openqa.selenium.By.tagName("tr")): null

2018-08-10 14:11:27 - [TEST_STEP][PASSED] - Statement - dates = new java.util.ArrayList(): null

2018-08-10 14:11:27 - [TEST_STEP][PASSED] - Statement - date = rows_table.get(0).findElement(org.openqa.selenium.By.xpath(".//td[@data-field="datetime"]")).getText(): null

2018-08-10 14:11:27 - [TEST_STEP][PASSED] - Statement - return date: null

2018-08-10 14:11:27 - [TEST_STEP][PASSED] - Statement - println("Testing next pages"): null

2018-08-10 14:11:27 - [TEST_STEP][PASSED] - verifyNotMatch: Actual text 'Wed Aug 08 2018 11:47 AM' and expected text 'Thu Jul 19 2018 8:25 AM' are not matched 

2018-08-10 14:11:27 - [MESSAGE][PASSED] - Actual text 'Wed Aug 08 2018 11:47 AM' and expected text 'Thu Jul 19 2018 8:25 AM' are not matched 

2018-08-10 14:11:27 - [TEST_STEP][PASSED] - verifyNotMatch: Actual text 'Wed Aug 08 2018 11:47 AM' and expected text 'Fri Jun 29 2018 6:41 AM' are not matched 

2018-08-10 14:11:27 - [MESSAGE][PASSED] - Actual text 'Wed Aug 08 2018 11:47 AM' and expected text 'Fri Jun 29 2018 6:41 AM' are not matched 

2018-08-10 14:11:27 - [TEST_STEP][PASSED] - verifyNotMatch: Actual text 'Thu Jul 19 2018 8:25 AM' and expected text 'Fri Jun 29 2018 6:41 AM' are not matched 

2018-08-10 14:11:27 - [MESSAGE][PASSED] - Actual text 'Thu Jul 19 2018 8:25 AM' and expected text 'Fri Jun 29 2018 6:41 AM' are not matched 

2018-08-10 14:11:27 - [TEST_STEP][PASSED] - click: Object: 'Object Repository/Page_KiboPush  Broadcast/a_3' is clicked on

2018-08-10 14:11:27 - [MESSAGE][PASSED] - Object: 'Object Repository/Page_KiboPush  Broadcast/a_3' is clicked on

2018-08-10 14:11:27 - [TEST_STEP][PASSED] - delay: Delayed 2 second(s)

2018-08-10 14:11:29 - [MESSAGE][PASSED] - Delayed 2 second(s)

2018-08-10 14:11:29 - [TEST_STEP][PASSED] - Statement - date_page3 = getFirstRowDate(): null

2018-08-10 14:11:29 - [TEST_STEP][PASSED] - Statement - driver = com.kms.katalon.core.webui.driver.DriverFactory.getWebDriver(): null

2018-08-10 14:11:29 - [TEST_STEP][PASSED] - Statement - Try: null

2018-08-10 14:11:29 - [TEST_STEP][PASSED] - Statement - Table = driver.findElement(org.openqa.selenium.By.xpath("//table/tbody")): null

2018-08-10 14:11:29 - [TEST_STEP][PASSED] - Statement - rows_table = Table.findElements(org.openqa.selenium.By.tagName("tr")): null

2018-08-10 14:11:29 - [TEST_STEP][PASSED] - Statement - dates = new java.util.ArrayList(): null

2018-08-10 14:11:29 - [TEST_STEP][PASSED] - Statement - date = rows_table.get(0).findElement(org.openqa.selenium.By.xpath(".//td[@data-field="datetime"]")).getText(): null

2018-08-10 14:11:29 - [TEST_STEP][PASSED] - Statement - return date: null

2018-08-10 14:11:29 - [TEST_STEP][PASSED] - click: Object: 'Object Repository/Page_KiboPush  Broadcast/a_1' is clicked on

2018-08-10 14:11:29 - [MESSAGE][PASSED] - Object: 'Object Repository/Page_KiboPush  Broadcast/a_1' is clicked on

2018-08-10 14:11:29 - [TEST_STEP][PASSED] - delay: Delayed 2 second(s)

2018-08-10 14:11:31 - [MESSAGE][PASSED] - Delayed 2 second(s)

2018-08-10 14:11:31 - [TEST_STEP][PASSED] - Statement - date_page1 = getFirstRowDate(): null

2018-08-10 14:11:31 - [TEST_STEP][PASSED] - Statement - driver = com.kms.katalon.core.webui.driver.DriverFactory.getWebDriver(): null

2018-08-10 14:11:31 - [TEST_STEP][PASSED] - Statement - Try: null

2018-08-10 14:11:31 - [TEST_STEP][PASSED] - Statement - Table = driver.findElement(org.openqa.selenium.By.xpath("//table/tbody")): null

2018-08-10 14:11:31 - [TEST_STEP][PASSED] - Statement - rows_table = Table.findElements(org.openqa.selenium.By.tagName("tr")): null

2018-08-10 14:11:31 - [TEST_STEP][PASSED] - Statement - dates = new java.util.ArrayList(): null

2018-08-10 14:11:31 - [TEST_STEP][PASSED] - Statement - date = rows_table.get(0).findElement(org.openqa.selenium.By.xpath(".//td[@data-field="datetime"]")).getText(): null

2018-08-10 14:11:31 - [TEST_STEP][PASSED] - Statement - return date: null

2018-08-10 14:11:31 - [TEST_STEP][PASSED] - Statement - println("Testing previous pages"): null

2018-08-10 14:11:31 - [TEST_STEP][PASSED] - verifyNotMatch: Actual text 'Fri Jun 29 2018 6:41 AM' and expected text 'Fri Jun 29 2018 6:51 AM' are not matched 

2018-08-10 14:11:31 - [MESSAGE][PASSED] - Actual text 'Fri Jun 29 2018 6:41 AM' and expected text 'Fri Jun 29 2018 6:51 AM' are not matched 

2018-08-10 14:11:31 - [TEST_STEP][PASSED] - verifyNotMatch: Actual text 'Fri Jun 29 2018 6:41 AM' and expected text 'Wed Aug 08 2018 11:47 AM' are not matched 

2018-08-10 14:11:31 - [MESSAGE][PASSED] - Actual text 'Fri Jun 29 2018 6:41 AM' and expected text 'Wed Aug 08 2018 11:47 AM' are not matched 

2018-08-10 14:11:31 - [TEST_STEP][PASSED] - verifyNotMatch: Actual text 'Fri Jun 29 2018 6:51 AM' and expected text 'Wed Aug 08 2018 11:47 AM' are not matched 

2018-08-10 14:11:31 - [MESSAGE][PASSED] - Actual text 'Fri Jun 29 2018 6:51 AM' and expected text 'Wed Aug 08 2018 11:47 AM' are not matched 

2018-08-10 14:11:31 - [TEST_STEP][PASSED] - closeBrowser: Browser is closed

2018-08-10 14:11:31 - [MESSAGE][PASSED] - Browser is closed]]></system-out>
         <system-err><![CDATA[]]></system-err>
      </testcase>
      <testcase name="Test Cases/TC0126" classname="Test Cases/TC0126" status="PASSED">
         <system-out><![CDATA[2018-08-10 14:11:31 - [TEST_CASE][PASSED] - Test Cases/TC0126: Test Cases/TC0126

2018-08-10 14:11:31 - [TEST_STEP][PASSED] - openBrowser: Browser is opened with url: ''

2018-08-10 14:11:32 - [MESSAGE][PASSED] - Browser is opened with url: ''

2018-08-10 14:11:32 - [TEST_STEP][PASSED] - navigateToUrl: Navigate to 'https://staging.kibopush.com/' successfully

2018-08-10 14:11:43 - [MESSAGE][PASSED] - Navigate to 'https://staging.kibopush.com/' successfully

2018-08-10 14:11:43 - [TEST_STEP][PASSED] - click: Object: 'Object Repository/Page_KiboPush  Sign In/a_Login' is clicked on

2018-08-10 14:11:43 - [MESSAGE][PASSED] - Object: 'Object Repository/Page_KiboPush  Sign In/a_Login' is clicked on

2018-08-10 14:11:43 - [TEST_STEP][PASSED] - click: Object: 'Object Repository/Page_KiboPush  Sign In/button_Team Account' is clicked on

2018-08-10 14:11:43 - [MESSAGE][PASSED] - Object: 'Object Repository/Page_KiboPush  Sign In/button_Team Account' is clicked on

2018-08-10 14:11:43 - [TEST_STEP][PASSED] - setText: Text 'kibopush.com' is set on object 'Object Repository/Page_KiboPush  Sign In/input_form-control m-input'

2018-08-10 14:11:44 - [MESSAGE][PASSED] - Text 'kibopush.com' is set on object 'Object Repository/Page_KiboPush  Sign In/input_form-control m-input'

2018-08-10 14:11:44 - [TEST_STEP][PASSED] - setText: Text 'bjafri5@gmail.com' is set on object 'Object Repository/Page_KiboPush  Sign In/input_form-control m-input_1'

2018-08-10 14:11:44 - [MESSAGE][PASSED] - Text 'bjafri5@gmail.com' is set on object 'Object Repository/Page_KiboPush  Sign In/input_form-control m-input_1'

2018-08-10 14:11:44 - [TEST_STEP][PASSED] - setEncryptedText: Text ****** has been set on object 'Object Repository/Page_KiboPush  Sign In/input_form-control m-input_2'

2018-08-10 14:11:44 - [MESSAGE][PASSED] - Text ****** has been set on object 'Object Repository/Page_KiboPush  Sign In/input_form-control m-input_2'

2018-08-10 14:11:44 - [TEST_STEP][PASSED] - click: Object: 'Object Repository/Page_KiboPush  Sign In/button_Sign In' is clicked on

2018-08-10 14:11:44 - [MESSAGE][PASSED] - Object: 'Object Repository/Page_KiboPush  Sign In/button_Sign In' is clicked on

2018-08-10 14:11:44 - [TEST_STEP][PASSED] - click: Object: 'Object Repository/Page_KiboPush  Dashboard/span_Broadcasts' is clicked on

2018-08-10 14:11:46 - [MESSAGE][PASSED] - Object: 'Object Repository/Page_KiboPush  Dashboard/span_Broadcasts' is clicked on

2018-08-10 14:11:46 - [TEST_STEP][PASSED] - click: Object: 'Object Repository/Page_KiboPush  Broadcast/span_Create New Broadcast (3) (1)' is clicked on

2018-08-10 14:11:46 - [MESSAGE][PASSED] - Object: 'Object Repository/Page_KiboPush  Broadcast/span_Create New Broadcast (3) (1)' is clicked on

2018-08-10 14:11:46 - [TEST_STEP][PASSED] - click: Object: 'Object Repository/Page_KiboPush  Broadcast/h3_Create Broadcast (1) (1)' is clicked on

2018-08-10 14:11:46 - [MESSAGE][PASSED] - Object: 'Object Repository/Page_KiboPush  Broadcast/h3_Create Broadcast (1) (1)' is clicked on

2018-08-10 14:11:46 - [TEST_STEP][PASSED] - click: Object: 'Object Repository/Page_KiboPush  Broadcast/p_To create a new broadcast fr (1)' is clicked on

2018-08-10 14:11:47 - [MESSAGE][PASSED] - Object: 'Object Repository/Page_KiboPush  Broadcast/p_To create a new broadcast fr (1)' is clicked on]]></system-out>
         <system-err><![CDATA[]]></system-err>
      </testcase>
      <testcase name="Test Cases/TC0127" classname="Test Cases/TC0127" status="PASSED">
         <system-out><![CDATA[2018-08-10 14:11:47 - [TEST_CASE][PASSED] - Test Cases/TC0127: Test Cases/TC0127

2018-08-10 14:11:47 - [TEST_STEP][PASSED] - openBrowser: Browser is opened with url: ''

2018-08-10 14:11:47 - [MESSAGE][WARNING] - A browser is already opened. Closing browser and opening a new one

2018-08-10 14:11:48 - [MESSAGE][PASSED] - Browser is opened with url: ''

2018-08-10 14:11:48 - [TEST_STEP][PASSED] - navigateToUrl: Navigate to 'https://staging.kibopush.com/' successfully

2018-08-10 14:11:56 - [MESSAGE][PASSED] - Navigate to 'https://staging.kibopush.com/' successfully

2018-08-10 14:11:56 - [TEST_STEP][PASSED] - click: Object: 'Object Repository/Page_KiboPush  Sign In/a_Login' is clicked on

2018-08-10 14:11:56 - [MESSAGE][PASSED] - Object: 'Object Repository/Page_KiboPush  Sign In/a_Login' is clicked on

2018-08-10 14:11:56 - [TEST_STEP][PASSED] - click: Object: 'Object Repository/Page_KiboPush  Sign In/button_Team Account' is clicked on

2018-08-10 14:11:56 - [MESSAGE][PASSED] - Object: 'Object Repository/Page_KiboPush  Sign In/button_Team Account' is clicked on

2018-08-10 14:11:56 - [TEST_STEP][PASSED] - setText: Text 'kibopush.com' is set on object 'Object Repository/Page_KiboPush  Sign In/input_form-control m-input'

2018-08-10 14:11:57 - [MESSAGE][PASSED] - Text 'kibopush.com' is set on object 'Object Repository/Page_KiboPush  Sign In/input_form-control m-input'

2018-08-10 14:11:57 - [TEST_STEP][PASSED] - setText: Text 'bjafri5@gmail.com' is set on object 'Object Repository/Page_KiboPush  Sign In/input_form-control m-input_1'

2018-08-10 14:11:57 - [MESSAGE][PASSED] - Text 'bjafri5@gmail.com' is set on object 'Object Repository/Page_KiboPush  Sign In/input_form-control m-input_1'

2018-08-10 14:11:57 - [TEST_STEP][PASSED] - setEncryptedText: Text ****** has been set on object 'Object Repository/Page_KiboPush  Sign In/input_form-control m-input_2'

2018-08-10 14:11:57 - [MESSAGE][PASSED] - Text ****** has been set on object 'Object Repository/Page_KiboPush  Sign In/input_form-control m-input_2'

2018-08-10 14:11:57 - [TEST_STEP][PASSED] - click: Object: 'Object Repository/Page_KiboPush  Sign In/button_Sign In' is clicked on

2018-08-10 14:11:57 - [MESSAGE][PASSED] - Object: 'Object Repository/Page_KiboPush  Sign In/button_Sign In' is clicked on

2018-08-10 14:11:57 - [TEST_STEP][PASSED] - click: Object: 'Object Repository/Page_KiboPush  Dashboard/span_Broadcasts' is clicked on

2018-08-10 14:11:59 - [MESSAGE][PASSED] - Object: 'Object Repository/Page_KiboPush  Dashboard/span_Broadcasts' is clicked on

2018-08-10 14:11:59 - [TEST_STEP][PASSED] - click: Object: 'Object Repository/Page_KiboPush  Broadcast/button_Create New Broadcast' is clicked on

2018-08-10 14:11:59 - [MESSAGE][PASSED] - Object: 'Object Repository/Page_KiboPush  Broadcast/button_Create New Broadcast' is clicked on

2018-08-10 14:11:59 - [TEST_STEP][PASSED] - click: Object: 'Object Repository/Page_KiboPush  Broadcast/a_Use Template' is clicked on

2018-08-10 14:12:00 - [MESSAGE][PASSED] - Object: 'Object Repository/Page_KiboPush  Broadcast/a_Use Template' is clicked on

2018-08-10 14:12:00 - [TEST_STEP][PASSED] - custom.newKeyword.clickUsingJS: custom.newKeyword.clickUsingJS is PASSED

2018-08-10 14:12:00 - [MESSAGE][PASSED] - custom.newKeyword.clickUsingJS is PASSED

2018-08-10 14:12:00 - [TEST_STEP][PASSED] - click: Object: 'Object Repository/Page_KiboPush  Create Broadcast/div_Broadcast TargetingTextIma' is clicked on

2018-08-10 14:12:00 - [MESSAGE][PASSED] - Object: 'Object Repository/Page_KiboPush  Create Broadcast/div_Broadcast TargetingTextIma' is clicked on

2018-08-10 14:12:00 - [TEST_STEP][PASSED] - closeBrowser: Browser is closed

2018-08-10 14:12:01 - [MESSAGE][PASSED] - Browser is closed]]></system-out>
         <system-err><![CDATA[]]></system-err>
      </testcase>
      <testcase name="Test Cases/TC0129" classname="Test Cases/TC0129" status="PASSED">
         <system-out><![CDATA[2018-08-10 14:12:01 - [TEST_CASE][PASSED] - Test Cases/TC0129: Test Cases/TC0129

2018-08-10 14:12:01 - [TEST_STEP][PASSED] - openBrowser: Browser is opened with url: ''

2018-08-10 14:12:02 - [MESSAGE][PASSED] - Browser is opened with url: ''

2018-08-10 14:12:02 - [TEST_STEP][PASSED] - navigateToUrl: Navigate to 'https://staging.kibopush.com/' successfully

2018-08-10 14:12:13 - [MESSAGE][PASSED] - Navigate to 'https://staging.kibopush.com/' successfully

2018-08-10 14:12:13 - [TEST_STEP][PASSED] - click: Object: 'Object Repository/Page_KiboPush  Sign In/a_Login' is clicked on

2018-08-10 14:12:14 - [MESSAGE][PASSED] - Object: 'Object Repository/Page_KiboPush  Sign In/a_Login' is clicked on

2018-08-10 14:12:14 - [TEST_STEP][PASSED] - click: Object: 'Object Repository/Page_KiboPush  Sign In/button_Team Account' is clicked on

2018-08-10 14:12:14 - [MESSAGE][PASSED] - Object: 'Object Repository/Page_KiboPush  Sign In/button_Team Account' is clicked on

2018-08-10 14:12:14 - [TEST_STEP][PASSED] - setText: Text 'kibopush.com' is set on object 'Object Repository/Page_KiboPush  Sign In/input_form-control m-input'

2018-08-10 14:12:14 - [MESSAGE][PASSED] - Text 'kibopush.com' is set on object 'Object Repository/Page_KiboPush  Sign In/input_form-control m-input'

2018-08-10 14:12:14 - [TEST_STEP][PASSED] - setText: Text 'bjafri5@gmail.com' is set on object 'Object Repository/Page_KiboPush  Sign In/input_form-control m-input_1'

2018-08-10 14:12:14 - [MESSAGE][PASSED] - Text 'bjafri5@gmail.com' is set on object 'Object Repository/Page_KiboPush  Sign In/input_form-control m-input_1'

2018-08-10 14:12:14 - [TEST_STEP][PASSED] - setEncryptedText: Text ****** has been set on object 'Object Repository/Page_KiboPush  Sign In/input_form-control m-input_2'

2018-08-10 14:12:15 - [MESSAGE][PASSED] - Text ****** has been set on object 'Object Repository/Page_KiboPush  Sign In/input_form-control m-input_2'

2018-08-10 14:12:15 - [TEST_STEP][PASSED] - click: Object: 'Object Repository/Page_KiboPush  Sign In/button_Sign In' is clicked on

2018-08-10 14:12:15 - [MESSAGE][PASSED] - Object: 'Object Repository/Page_KiboPush  Sign In/button_Sign In' is clicked on

2018-08-10 14:12:15 - [TEST_STEP][PASSED] - click: Object: 'Object Repository/Page_KiboPush  Dashboard/span_Broadcasts' is clicked on

2018-08-10 14:12:17 - [MESSAGE][PASSED] - Object: 'Object Repository/Page_KiboPush  Dashboard/span_Broadcasts' is clicked on

2018-08-10 14:12:17 - [TEST_STEP][PASSED] - click: Object: 'Object Repository/Page_KiboPush  Broadcast/span_Create New Broadcast (1)' is clicked on

2018-08-10 14:12:17 - [MESSAGE][PASSED] - Object: 'Object Repository/Page_KiboPush  Broadcast/span_Create New Broadcast (1)' is clicked on

2018-08-10 14:12:17 - [TEST_STEP][PASSED] - click: Object: 'Object Repository/Page_KiboPush  Broadcast/a_Use Template (1)' is clicked on

2018-08-10 14:12:17 - [MESSAGE][PASSED] - Object: 'Object Repository/Page_KiboPush  Broadcast/a_Use Template (1)' is clicked on

2018-08-10 14:12:17 - [TEST_STEP][PASSED] - selectOptionByValue: All options with value 'Customer Behavior' are selected in object 'Object Repository/Page_KiboPush  Broadcast/select_Filter by Category...Al'  using regular expression

2018-08-10 14:12:18 - [MESSAGE][PASSED] - All options with value 'Customer Behavior' are selected in object 'Object Repository/Page_KiboPush  Broadcast/select_Filter by Category...Al'  using regular expression

2018-08-10 14:12:18 - [TEST_STEP][PASSED] - click: Object: 'Object Repository/Page_KiboPush  Broadcast/span_Category Customer Behavio' is clicked on

2018-08-10 14:12:18 - [MESSAGE][PASSED] - Object: 'Object Repository/Page_KiboPush  Broadcast/span_Category Customer Behavio' is clicked on

2018-08-10 14:12:18 - [TEST_STEP][PASSED] - selectOptionByValue: All options with value 'Product Use' are selected in object 'Object Repository/Page_KiboPush  Broadcast/select_Filter by Category...Al'  using regular expression

2018-08-10 14:12:19 - [MESSAGE][PASSED] - All options with value 'Product Use' are selected in object 'Object Repository/Page_KiboPush  Broadcast/select_Filter by Category...Al'  using regular expression

2018-08-10 14:12:19 - [TEST_STEP][PASSED] - click: Object: 'Object Repository/Page_KiboPush  Broadcast/span_Category Product Use' is clicked on

2018-08-10 14:12:19 - [MESSAGE][PASSED] - Object: 'Object Repository/Page_KiboPush  Broadcast/span_Category Product Use' is clicked on

2018-08-10 14:12:19 - [TEST_STEP][PASSED] - selectOptionByValue: All options with value 'Entertain and Engage' are selected in object 'Object Repository/Page_KiboPush  Broadcast/select_Filter by Category...Al'  using regular expression

2018-08-10 14:12:19 - [MESSAGE][PASSED] - All options with value 'Entertain and Engage' are selected in object 'Object Repository/Page_KiboPush  Broadcast/select_Filter by Category...Al'  using regular expression

2018-08-10 14:12:19 - [TEST_STEP][PASSED] - click: Object: 'Object Repository/Page_KiboPush  Broadcast/span_Category Entertain and En' is clicked on

2018-08-10 14:12:19 - [MESSAGE][PASSED] - Object: 'Object Repository/Page_KiboPush  Broadcast/span_Category Entertain and En' is clicked on

2018-08-10 14:12:19 - [TEST_STEP][PASSED] - closeBrowser: Browser is closed

2018-08-10 14:12:20 - [MESSAGE][PASSED] - Browser is closed]]></system-out>
         <system-err><![CDATA[]]></system-err>
      </testcase>
      <testcase name="Test Cases/TC0130" classname="Test Cases/TC0130" status="PASSED">
         <system-out><![CDATA[2018-08-10 14:12:20 - [TEST_CASE][PASSED] - Test Cases/TC0130: Test Cases/TC0130

2018-08-10 14:12:20 - [TEST_STEP][PASSED] - callTestCase: Call Test Case 'Test Cases/Login' successfully

2018-08-10 14:12:20 - [TEST_CASE][PASSED] - Test Cases/Login: Test Cases/Login

2018-08-10 14:12:20 - [TEST_STEP][PASSED] - openBrowser: Browser is opened with url: ''

2018-08-10 14:12:21 - [MESSAGE][PASSED] - Browser is opened with url: ''

2018-08-10 14:12:21 - [TEST_STEP][PASSED] - navigateToUrl: Navigate to 'https://staging.kibopush.com/' successfully

2018-08-10 14:12:32 - [MESSAGE][PASSED] - Navigate to 'https://staging.kibopush.com/' successfully

2018-08-10 14:12:32 - [TEST_STEP][PASSED] - click: Object: 'Object Repository/Page_KiboPush  Sign In/a_Login' is clicked on

2018-08-10 14:12:32 - [MESSAGE][PASSED] - Object: 'Object Repository/Page_KiboPush  Sign In/a_Login' is clicked on

2018-08-10 14:12:32 - [TEST_STEP][PASSED] - click: Object: 'Object Repository/Page_KiboPush  Sign In/button_Team Account' is clicked on

2018-08-10 14:12:32 - [MESSAGE][PASSED] - Object: 'Object Repository/Page_KiboPush  Sign In/button_Team Account' is clicked on

2018-08-10 14:12:32 - [TEST_STEP][PASSED] - setText: Text 'kibopush.com' is set on object 'Object Repository/Page_KiboPush  Sign In/input_form-control m-input'

2018-08-10 14:12:32 - [MESSAGE][PASSED] - Text 'kibopush.com' is set on object 'Object Repository/Page_KiboPush  Sign In/input_form-control m-input'

2018-08-10 14:12:32 - [TEST_STEP][PASSED] - setText: Text 'bjafri5@gmail.com' is set on object 'Object Repository/Page_KiboPush  Sign In/input_form-control m-input_1'

2018-08-10 14:12:32 - [MESSAGE][PASSED] - Text 'bjafri5@gmail.com' is set on object 'Object Repository/Page_KiboPush  Sign In/input_form-control m-input_1'

2018-08-10 14:12:32 - [TEST_STEP][PASSED] - setEncryptedText: Text ****** has been set on object 'Object Repository/Page_KiboPush  Sign In/input_form-control m-input_2'

2018-08-10 14:12:33 - [MESSAGE][PASSED] - Text ****** has been set on object 'Object Repository/Page_KiboPush  Sign In/input_form-control m-input_2'

2018-08-10 14:12:33 - [TEST_STEP][PASSED] - click: Object: 'Object Repository/Page_KiboPush  Sign In/button_Sign In' is clicked on

2018-08-10 14:12:33 - [MESSAGE][PASSED] - Object: 'Object Repository/Page_KiboPush  Sign In/button_Sign In' is clicked on

2018-08-10 14:12:33 - [MESSAGE][PASSED] - Call Test Case 'Test Cases/Login' successfully

2018-08-10 14:12:33 - [TEST_STEP][PASSED] - click: Object: 'Object Repository/Page_KiboPush  Dashboard/span_Broadcasts' is clicked on

2018-08-10 14:12:35 - [MESSAGE][PASSED] - Object: 'Object Repository/Page_KiboPush  Dashboard/span_Broadcasts' is clicked on

2018-08-10 14:12:35 - [TEST_STEP][PASSED] - click: Object: 'Object Repository/Page_KiboPush  Broadcast/span_Create New Broadcast' is clicked on

2018-08-10 14:12:35 - [MESSAGE][PASSED] - Object: 'Object Repository/Page_KiboPush  Broadcast/span_Create New Broadcast' is clicked on

2018-08-10 14:12:35 - [TEST_STEP][PASSED] - click: Object: 'Object Repository/Page_KiboPush  Broadcast/a_Use Template' is clicked on

2018-08-10 14:12:35 - [MESSAGE][PASSED] - Object: 'Object Repository/Page_KiboPush  Broadcast/a_Use Template' is clicked on

2018-08-10 14:12:35 - [TEST_STEP][PASSED] - click: Object: 'Object Repository/Page_KiboPush  Broadcast/a_Edit Template' is clicked on

2018-08-10 14:12:36 - [MESSAGE][PASSED] - Object: 'Object Repository/Page_KiboPush  Broadcast/a_Edit Template' is clicked on

2018-08-10 14:12:36 - [TEST_STEP][PASSED] - delay: Delayed 1 second(s)

2018-08-10 14:12:37 - [MESSAGE][PASSED] - Delayed 1 second(s)

2018-08-10 14:12:37 - [TEST_STEP][PASSED] - verifyElementPresent: Object 'Object Repository/Page_KiboPush  Create Broadcast/broadcast_component' is present

2018-08-10 14:12:37 - [MESSAGE][PASSED] - Object 'Object Repository/Page_KiboPush  Create Broadcast/broadcast_component' is present]]></system-out>
         <system-err><![CDATA[]]></system-err>
      </testcase>
      <testcase name="Test Cases/TC0131" classname="Test Cases/TC0131" status="PASSED">
         <system-out><![CDATA[2018-08-10 14:12:37 - [TEST_CASE][PASSED] - Test Cases/TC0131: Test Cases/TC0131

2018-08-10 14:12:37 - [TEST_STEP][PASSED] - callTestCase: Call Test Case 'Test Cases/Login' successfully

2018-08-10 14:12:37 - [TEST_CASE][PASSED] - Test Cases/Login: Test Cases/Login

2018-08-10 14:12:37 - [TEST_STEP][PASSED] - openBrowser: Browser is opened with url: ''

2018-08-10 14:12:37 - [MESSAGE][WARNING] - A browser is already opened. Closing browser and opening a new one

2018-08-10 14:12:38 - [MESSAGE][PASSED] - Browser is opened with url: ''

2018-08-10 14:12:38 - [TEST_STEP][PASSED] - navigateToUrl: Navigate to 'https://staging.kibopush.com/' successfully

2018-08-10 14:12:53 - [MESSAGE][PASSED] - Navigate to 'https://staging.kibopush.com/' successfully

2018-08-10 14:12:53 - [TEST_STEP][PASSED] - click: Object: 'Object Repository/Page_KiboPush  Sign In/a_Login' is clicked on

2018-08-10 14:12:53 - [MESSAGE][PASSED] - Object: 'Object Repository/Page_KiboPush  Sign In/a_Login' is clicked on

2018-08-10 14:12:53 - [TEST_STEP][PASSED] - click: Object: 'Object Repository/Page_KiboPush  Sign In/button_Team Account' is clicked on

2018-08-10 14:12:53 - [MESSAGE][PASSED] - Object: 'Object Repository/Page_KiboPush  Sign In/button_Team Account' is clicked on

2018-08-10 14:12:53 - [TEST_STEP][PASSED] - setText: Text 'kibopush.com' is set on object 'Object Repository/Page_KiboPush  Sign In/input_form-control m-input'

2018-08-10 14:12:54 - [MESSAGE][PASSED] - Text 'kibopush.com' is set on object 'Object Repository/Page_KiboPush  Sign In/input_form-control m-input'

2018-08-10 14:12:54 - [TEST_STEP][PASSED] - setText: Text 'bjafri5@gmail.com' is set on object 'Object Repository/Page_KiboPush  Sign In/input_form-control m-input_1'

2018-08-10 14:12:54 - [MESSAGE][PASSED] - Text 'bjafri5@gmail.com' is set on object 'Object Repository/Page_KiboPush  Sign In/input_form-control m-input_1'

2018-08-10 14:12:54 - [TEST_STEP][PASSED] - setEncryptedText: Text ****** has been set on object 'Object Repository/Page_KiboPush  Sign In/input_form-control m-input_2'

2018-08-10 14:12:54 - [MESSAGE][PASSED] - Text ****** has been set on object 'Object Repository/Page_KiboPush  Sign In/input_form-control m-input_2'

2018-08-10 14:12:54 - [TEST_STEP][PASSED] - click: Object: 'Object Repository/Page_KiboPush  Sign In/button_Sign In' is clicked on

2018-08-10 14:12:54 - [MESSAGE][PASSED] - Object: 'Object Repository/Page_KiboPush  Sign In/button_Sign In' is clicked on

2018-08-10 14:12:54 - [MESSAGE][PASSED] - Call Test Case 'Test Cases/Login' successfully

2018-08-10 14:12:54 - [TEST_STEP][PASSED] - click: Object: 'Object Repository/Page_KiboPush  Dashboard/span_Broadcasts' is clicked on

2018-08-10 14:12:56 - [MESSAGE][PASSED] - Object: 'Object Repository/Page_KiboPush  Dashboard/span_Broadcasts' is clicked on

2018-08-10 14:12:56 - [TEST_STEP][PASSED] - click: Object: 'Object Repository/Page_KiboPush  Broadcast/span_Create New Broadcast' is clicked on

2018-08-10 14:12:56 - [MESSAGE][PASSED] - Object: 'Object Repository/Page_KiboPush  Broadcast/span_Create New Broadcast' is clicked on

2018-08-10 14:12:56 - [TEST_STEP][PASSED] - click: Object: 'Object Repository/Page_KiboPush  Broadcast/a_Create New Broadcast' is clicked on

2018-08-10 14:12:57 - [MESSAGE][PASSED] - Object: 'Object Repository/Page_KiboPush  Broadcast/a_Create New Broadcast' is clicked on

2018-08-10 14:12:57 - [TEST_STEP][PASSED] - delay: Delayed 1 second(s)

2018-08-10 14:12:58 - [MESSAGE][PASSED] - Delayed 1 second(s)

2018-08-10 14:12:58 - [TEST_STEP][PASSED] - click: Object: 'Object Repository/Page_KiboPush  Create Broadcast/div_Text_1' is clicked on

2018-08-10 14:12:58 - [MESSAGE][PASSED] - Object: 'Object Repository/Page_KiboPush  Create Broadcast/div_Text_1' is clicked on

2018-08-10 14:12:58 - [TEST_STEP][PASSED] - verifyElementPresent: Object 'Object Repository/Page_KiboPush  Create Broadcast/text_component' is present

2018-08-10 14:12:58 - [MESSAGE][PASSED] - Object 'Object Repository/Page_KiboPush  Create Broadcast/text_component' is present]]></system-out>
         <system-err><![CDATA[]]></system-err>
      </testcase>
      <testcase name="Test Cases/TC0132" classname="Test Cases/TC0132" status="PASSED">
         <system-out><![CDATA[2018-08-10 14:12:58 - [TEST_CASE][PASSED] - Test Cases/TC0132: Test Cases/TC0132

2018-08-10 14:12:58 - [TEST_STEP][PASSED] - callTestCase: Call Test Case 'Test Cases/Login' successfully

2018-08-10 14:12:58 - [TEST_CASE][PASSED] - Test Cases/Login: Test Cases/Login

2018-08-10 14:12:58 - [TEST_STEP][PASSED] - openBrowser: Browser is opened with url: ''

2018-08-10 14:12:58 - [MESSAGE][WARNING] - A browser is already opened. Closing browser and opening a new one

2018-08-10 14:12:59 - [MESSAGE][PASSED] - Browser is opened with url: ''

2018-08-10 14:12:59 - [TEST_STEP][PASSED] - navigateToUrl: Navigate to 'https://staging.kibopush.com/' successfully

2018-08-10 14:13:11 - [MESSAGE][PASSED] - Navigate to 'https://staging.kibopush.com/' successfully

2018-08-10 14:13:11 - [TEST_STEP][PASSED] - click: Object: 'Object Repository/Page_KiboPush  Sign In/a_Login' is clicked on

2018-08-10 14:13:11 - [MESSAGE][PASSED] - Object: 'Object Repository/Page_KiboPush  Sign In/a_Login' is clicked on

2018-08-10 14:13:11 - [TEST_STEP][PASSED] - click: Object: 'Object Repository/Page_KiboPush  Sign In/button_Team Account' is clicked on

2018-08-10 14:13:11 - [MESSAGE][PASSED] - Object: 'Object Repository/Page_KiboPush  Sign In/button_Team Account' is clicked on

2018-08-10 14:13:11 - [TEST_STEP][PASSED] - setText: Text 'kibopush.com' is set on object 'Object Repository/Page_KiboPush  Sign In/input_form-control m-input'

2018-08-10 14:13:12 - [MESSAGE][PASSED] - Text 'kibopush.com' is set on object 'Object Repository/Page_KiboPush  Sign In/input_form-control m-input'

2018-08-10 14:13:12 - [TEST_STEP][PASSED] - setText: Text 'bjafri5@gmail.com' is set on object 'Object Repository/Page_KiboPush  Sign In/input_form-control m-input_1'

2018-08-10 14:13:12 - [MESSAGE][PASSED] - Text 'bjafri5@gmail.com' is set on object 'Object Repository/Page_KiboPush  Sign In/input_form-control m-input_1'

2018-08-10 14:13:12 - [TEST_STEP][PASSED] - setEncryptedText: Text ****** has been set on object 'Object Repository/Page_KiboPush  Sign In/input_form-control m-input_2'

2018-08-10 14:13:12 - [MESSAGE][PASSED] - Text ****** has been set on object 'Object Repository/Page_KiboPush  Sign In/input_form-control m-input_2'

2018-08-10 14:13:12 - [TEST_STEP][PASSED] - click: Object: 'Object Repository/Page_KiboPush  Sign In/button_Sign In' is clicked on

2018-08-10 14:13:12 - [MESSAGE][PASSED] - Object: 'Object Repository/Page_KiboPush  Sign In/button_Sign In' is clicked on

2018-08-10 14:13:12 - [MESSAGE][PASSED] - Call Test Case 'Test Cases/Login' successfully

2018-08-10 14:13:12 - [TEST_STEP][PASSED] - click: Object: 'Object Repository/Page_KiboPush  Dashboard/span_Broadcasts' is clicked on

2018-08-10 14:13:14 - [MESSAGE][PASSED] - Object: 'Object Repository/Page_KiboPush  Dashboard/span_Broadcasts' is clicked on

2018-08-10 14:13:14 - [TEST_STEP][PASSED] - click: Object: 'Object Repository/Page_KiboPush  Broadcast/span_Create New Broadcast' is clicked on

2018-08-10 14:13:14 - [MESSAGE][PASSED] - Object: 'Object Repository/Page_KiboPush  Broadcast/span_Create New Broadcast' is clicked on

2018-08-10 14:13:14 - [TEST_STEP][PASSED] - click: Object: 'Object Repository/Page_KiboPush  Broadcast/a_Create New Broadcast' is clicked on

2018-08-10 14:13:15 - [MESSAGE][PASSED] - Object: 'Object Repository/Page_KiboPush  Broadcast/a_Create New Broadcast' is clicked on

2018-08-10 14:13:15 - [TEST_STEP][PASSED] - delay: Delayed 1 second(s)

2018-08-10 14:13:16 - [MESSAGE][PASSED] - Delayed 1 second(s)

2018-08-10 14:13:16 - [TEST_STEP][PASSED] - click: Object: 'Object Repository/Page_KiboPush  Create Broadcast/div_Text_1' is clicked on

2018-08-10 14:13:16 - [MESSAGE][PASSED] - Object: 'Object Repository/Page_KiboPush  Create Broadcast/div_Text_1' is clicked on

2018-08-10 14:13:16 - [TEST_STEP][PASSED] - scrollToPosition: Browser is scrolled to position x = 0, y = 0

2018-08-10 14:13:16 - [MESSAGE][PASSED] - Browser is scrolled to position x = 0, y = 0

2018-08-10 14:13:16 - [TEST_STEP][PASSED] - click: Object: 'Object Repository/Page_KiboPush  Create Broadcast/button_Next' is clicked on

2018-08-10 14:13:16 - [MESSAGE][PASSED] - Object: 'Object Repository/Page_KiboPush  Create Broadcast/button_Next' is clicked on

2018-08-10 14:13:16 - [TEST_STEP][PASSED] - click: Object: 'Object Repository/Page_KiboPush  Create Broadcast/div_Text cannot be empty' is clicked on

2018-08-10 14:13:16 - [MESSAGE][PASSED] - Object: 'Object Repository/Page_KiboPush  Create Broadcast/div_Text cannot be empty' is clicked on

2018-08-10 14:13:16 - [TEST_STEP][PASSED] - setText: Text 'X' is set on object 'Object Repository/Page_KiboPush  Create Broadcast/textarea_hoverbordersolid form (1)'

2018-08-10 14:13:16 - [MESSAGE][PASSED] - Text 'X' is set on object 'Object Repository/Page_KiboPush  Create Broadcast/textarea_hoverbordersolid form (1)'

2018-08-10 14:13:16 - [TEST_STEP][PASSED] - closeBrowser: Browser is closed

2018-08-10 14:13:17 - [MESSAGE][PASSED] - Browser is closed]]></system-out>
         <system-err><![CDATA[]]></system-err>
      </testcase>
      <testcase name="Test Cases/TC0133" classname="Test Cases/TC0133" status="PASSED">
         <system-out><![CDATA[2018-08-10 14:13:17 - [TEST_CASE][PASSED] - Test Cases/TC0133: Test Cases/TC0133

2018-08-10 14:13:17 - [TEST_STEP][PASSED] - callTestCase: Call Test Case 'Test Cases/Login' successfully

2018-08-10 14:13:17 - [TEST_CASE][PASSED] - Test Cases/Login: Test Cases/Login

2018-08-10 14:13:17 - [TEST_STEP][PASSED] - openBrowser: Browser is opened with url: ''

2018-08-10 14:13:18 - [MESSAGE][PASSED] - Browser is opened with url: ''

2018-08-10 14:13:18 - [TEST_STEP][PASSED] - navigateToUrl: Navigate to 'https://staging.kibopush.com/' successfully

2018-08-10 14:13:27 - [MESSAGE][PASSED] - Navigate to 'https://staging.kibopush.com/' successfully

2018-08-10 14:13:27 - [TEST_STEP][PASSED] - click: Object: 'Object Repository/Page_KiboPush  Sign In/a_Login' is clicked on

2018-08-10 14:13:28 - [MESSAGE][PASSED] - Object: 'Object Repository/Page_KiboPush  Sign In/a_Login' is clicked on

2018-08-10 14:13:28 - [TEST_STEP][PASSED] - click: Object: 'Object Repository/Page_KiboPush  Sign In/button_Team Account' is clicked on

2018-08-10 14:13:28 - [MESSAGE][PASSED] - Object: 'Object Repository/Page_KiboPush  Sign In/button_Team Account' is clicked on

2018-08-10 14:13:28 - [TEST_STEP][PASSED] - setText: Text 'kibopush.com' is set on object 'Object Repository/Page_KiboPush  Sign In/input_form-control m-input'

2018-08-10 14:13:28 - [MESSAGE][PASSED] - Text 'kibopush.com' is set on object 'Object Repository/Page_KiboPush  Sign In/input_form-control m-input'

2018-08-10 14:13:28 - [TEST_STEP][PASSED] - setText: Text 'bjafri5@gmail.com' is set on object 'Object Repository/Page_KiboPush  Sign In/input_form-control m-input_1'

2018-08-10 14:13:28 - [MESSAGE][PASSED] - Text 'bjafri5@gmail.com' is set on object 'Object Repository/Page_KiboPush  Sign In/input_form-control m-input_1'

2018-08-10 14:13:28 - [TEST_STEP][PASSED] - setEncryptedText: Text ****** has been set on object 'Object Repository/Page_KiboPush  Sign In/input_form-control m-input_2'

2018-08-10 14:13:28 - [MESSAGE][PASSED] - Text ****** has been set on object 'Object Repository/Page_KiboPush  Sign In/input_form-control m-input_2'

2018-08-10 14:13:28 - [TEST_STEP][PASSED] - click: Object: 'Object Repository/Page_KiboPush  Sign In/button_Sign In' is clicked on

2018-08-10 14:13:29 - [MESSAGE][PASSED] - Object: 'Object Repository/Page_KiboPush  Sign In/button_Sign In' is clicked on

2018-08-10 14:13:29 - [MESSAGE][PASSED] - Call Test Case 'Test Cases/Login' successfully

2018-08-10 14:13:29 - [TEST_STEP][PASSED] - click: Object: 'Object Repository/Page_KiboPush  Dashboard/span_Broadcasts' is clicked on

2018-08-10 14:13:31 - [MESSAGE][PASSED] - Object: 'Object Repository/Page_KiboPush  Dashboard/span_Broadcasts' is clicked on

2018-08-10 14:13:31 - [TEST_STEP][PASSED] - click: Object: 'Object Repository/Page_KiboPush  Broadcast/span_Create New Broadcast' is clicked on

2018-08-10 14:13:31 - [MESSAGE][PASSED] - Object: 'Object Repository/Page_KiboPush  Broadcast/span_Create New Broadcast' is clicked on

2018-08-10 14:13:31 - [TEST_STEP][PASSED] - click: Object: 'Object Repository/Page_KiboPush  Broadcast/a_Create New Broadcast' is clicked on

2018-08-10 14:13:31 - [MESSAGE][PASSED] - Object: 'Object Repository/Page_KiboPush  Broadcast/a_Create New Broadcast' is clicked on

2018-08-10 14:13:31 - [TEST_STEP][PASSED] - delay: Delayed 1 second(s)

2018-08-10 14:13:32 - [MESSAGE][PASSED] - Delayed 1 second(s)

2018-08-10 14:13:32 - [TEST_STEP][PASSED] - click: Object: 'Object Repository/Page_KiboPush  Create Broadcast/div_Text' is clicked on

2018-08-10 14:13:32 - [MESSAGE][PASSED] - Object: 'Object Repository/Page_KiboPush  Create Broadcast/div_Text' is clicked on

2018-08-10 14:13:32 - [TEST_STEP][PASSED] - click: Object: 'Object Repository/Page_KiboPush  Create Broadcast/div_ Add Button' is clicked on

2018-08-10 14:13:32 - [MESSAGE][PASSED] - Object: 'Object Repository/Page_KiboPush  Create Broadcast/div_ Add Button' is clicked on

2018-08-10 14:13:32 - [TEST_STEP][PASSED] - setText: Text 'KiboPush' is set on object 'Object Repository/Page_KiboPush  Create Broadcast/input_form-control (9)'

2018-08-10 14:13:33 - [MESSAGE][PASSED] - Text 'KiboPush' is set on object 'Object Repository/Page_KiboPush  Create Broadcast/input_form-control (9)'

2018-08-10 14:13:33 - [TEST_STEP][PASSED] - click: Object: 'Object Repository/Page_KiboPush  Create Broadcast/div_Open a website (5)' is clicked on

2018-08-10 14:13:33 - [MESSAGE][PASSED] - Object: 'Object Repository/Page_KiboPush  Create Broadcast/div_Open a website (5)' is clicked on

2018-08-10 14:13:33 - [TEST_STEP][PASSED] - setText: Text 'kibopush.com' is set on object 'Object Repository/Page_KiboPush  Create Broadcast/input_form-control_1 (5)'

2018-08-10 14:13:33 - [MESSAGE][PASSED] - Text 'kibopush.com' is set on object 'Object Repository/Page_KiboPush  Create Broadcast/input_form-control_1 (5)'

2018-08-10 14:13:33 - [TEST_STEP][PASSED] - click: Object: 'Object Repository/Page_KiboPush  Create Broadcast/button_Done (5)' is clicked on

2018-08-10 14:13:33 - [MESSAGE][PASSED] - Object: 'Object Repository/Page_KiboPush  Create Broadcast/button_Done (5)' is clicked on]]></system-out>
         <system-err><![CDATA[]]></system-err>
      </testcase>
      <testcase name="Test Cases/TC0137" classname="Test Cases/TC0137" status="PASSED">
         <system-out><![CDATA[2018-08-10 14:13:33 - [TEST_CASE][PASSED] - Test Cases/TC0137: Test Cases/TC0137

2018-08-10 14:13:33 - [TEST_STEP][PASSED] - callTestCase: Call Test Case 'Test Cases/Login' successfully

2018-08-10 14:13:33 - [TEST_CASE][PASSED] - Test Cases/Login: Test Cases/Login

2018-08-10 14:13:33 - [TEST_STEP][PASSED] - openBrowser: Browser is opened with url: ''

2018-08-10 14:13:33 - [MESSAGE][WARNING] - A browser is already opened. Closing browser and opening a new one

2018-08-10 14:13:35 - [MESSAGE][PASSED] - Browser is opened with url: ''

2018-08-10 14:13:35 - [TEST_STEP][PASSED] - navigateToUrl: Navigate to 'https://staging.kibopush.com/' successfully

2018-08-10 14:13:43 - [MESSAGE][PASSED] - Navigate to 'https://staging.kibopush.com/' successfully

2018-08-10 14:13:43 - [TEST_STEP][PASSED] - click: Object: 'Object Repository/Page_KiboPush  Sign In/a_Login' is clicked on

2018-08-10 14:13:43 - [MESSAGE][PASSED] - Object: 'Object Repository/Page_KiboPush  Sign In/a_Login' is clicked on

2018-08-10 14:13:43 - [TEST_STEP][PASSED] - click: Object: 'Object Repository/Page_KiboPush  Sign In/button_Team Account' is clicked on

2018-08-10 14:13:43 - [MESSAGE][PASSED] - Object: 'Object Repository/Page_KiboPush  Sign In/button_Team Account' is clicked on

2018-08-10 14:13:43 - [TEST_STEP][PASSED] - setText: Text 'kibopush.com' is set on object 'Object Repository/Page_KiboPush  Sign In/input_form-control m-input'

2018-08-10 14:13:43 - [MESSAGE][PASSED] - Text 'kibopush.com' is set on object 'Object Repository/Page_KiboPush  Sign In/input_form-control m-input'

2018-08-10 14:13:43 - [TEST_STEP][PASSED] - setText: Text 'bjafri5@gmail.com' is set on object 'Object Repository/Page_KiboPush  Sign In/input_form-control m-input_1'

2018-08-10 14:13:43 - [MESSAGE][PASSED] - Text 'bjafri5@gmail.com' is set on object 'Object Repository/Page_KiboPush  Sign In/input_form-control m-input_1'

2018-08-10 14:13:43 - [TEST_STEP][PASSED] - setEncryptedText: Text ****** has been set on object 'Object Repository/Page_KiboPush  Sign In/input_form-control m-input_2'

2018-08-10 14:13:43 - [MESSAGE][PASSED] - Text ****** has been set on object 'Object Repository/Page_KiboPush  Sign In/input_form-control m-input_2'

2018-08-10 14:13:43 - [TEST_STEP][PASSED] - click: Object: 'Object Repository/Page_KiboPush  Sign In/button_Sign In' is clicked on

2018-08-10 14:13:44 - [MESSAGE][PASSED] - Object: 'Object Repository/Page_KiboPush  Sign In/button_Sign In' is clicked on

2018-08-10 14:13:44 - [MESSAGE][PASSED] - Call Test Case 'Test Cases/Login' successfully

2018-08-10 14:13:44 - [TEST_STEP][PASSED] - click: Object: 'Object Repository/Page_KiboPush  Dashboard/span_Broadcasts' is clicked on

2018-08-10 14:13:46 - [MESSAGE][PASSED] - Object: 'Object Repository/Page_KiboPush  Dashboard/span_Broadcasts' is clicked on

2018-08-10 14:13:46 - [TEST_STEP][PASSED] - click: Object: 'Object Repository/Page_KiboPush  Broadcast/span_Create New Broadcast' is clicked on

2018-08-10 14:13:46 - [MESSAGE][PASSED] - Object: 'Object Repository/Page_KiboPush  Broadcast/span_Create New Broadcast' is clicked on

2018-08-10 14:13:46 - [TEST_STEP][PASSED] - click: Object: 'Object Repository/Page_KiboPush  Broadcast/a_Create New Broadcast' is clicked on

2018-08-10 14:13:47 - [MESSAGE][PASSED] - Object: 'Object Repository/Page_KiboPush  Broadcast/a_Create New Broadcast' is clicked on

2018-08-10 14:13:47 - [TEST_STEP][PASSED] - delay: Delayed 1 second(s)

2018-08-10 14:13:48 - [MESSAGE][PASSED] - Delayed 1 second(s)

2018-08-10 14:13:48 - [TEST_STEP][PASSED] - click: Object: 'Object Repository/Page_KiboPush  Create Broadcast/div_Image (2)' is clicked on

2018-08-10 14:13:48 - [MESSAGE][PASSED] - Object: 'Object Repository/Page_KiboPush  Create Broadcast/div_Image (2)' is clicked on

2018-08-10 14:13:48 - [TEST_STEP][PASSED] - delay: Delayed 1 second(s)

2018-08-10 14:13:49 - [MESSAGE][PASSED] - Delayed 1 second(s)

2018-08-10 14:13:49 - [TEST_STEP][PASSED] - verifyElementPresent: Object 'Object Repository/Page_KiboPush  Create Broadcast/div_Image_1' is present

2018-08-10 14:13:49 - [MESSAGE][PASSED] - Object 'Object Repository/Page_KiboPush  Create Broadcast/div_Image_1' is present]]></system-out>
         <system-err><![CDATA[]]></system-err>
      </testcase>
      <testcase name="Test Cases/TC0138" classname="Test Cases/TC0138" status="PASSED">
         <system-out><![CDATA[2018-08-10 14:13:49 - [TEST_CASE][PASSED] - Test Cases/TC0138: Test Cases/TC0138

2018-08-10 14:13:49 - [TEST_STEP][PASSED] - openBrowser: Browser is opened with url: ''

2018-08-10 14:13:49 - [MESSAGE][WARNING] - A browser is already opened. Closing browser and opening a new one

2018-08-10 14:13:50 - [MESSAGE][PASSED] - Browser is opened with url: ''

2018-08-10 14:13:50 - [TEST_STEP][PASSED] - navigateToUrl: Navigate to 'https://staging.kibopush.com/' successfully

2018-08-10 14:14:01 - [MESSAGE][PASSED] - Navigate to 'https://staging.kibopush.com/' successfully

2018-08-10 14:14:01 - [TEST_STEP][PASSED] - click: Object: 'Object Repository/Page_KiboPush  Sign In/a_Login' is clicked on

2018-08-10 14:14:01 - [MESSAGE][PASSED] - Object: 'Object Repository/Page_KiboPush  Sign In/a_Login' is clicked on

2018-08-10 14:14:01 - [TEST_STEP][PASSED] - click: Object: 'Object Repository/Page_KiboPush  Sign In/button_Team Account' is clicked on

2018-08-10 14:14:02 - [MESSAGE][PASSED] - Object: 'Object Repository/Page_KiboPush  Sign In/button_Team Account' is clicked on

2018-08-10 14:14:02 - [TEST_STEP][PASSED] - setText: Text 'kibopush.com' is set on object 'Object Repository/Page_KiboPush  Sign In/input_form-control m-input'

2018-08-10 14:14:02 - [MESSAGE][PASSED] - Text 'kibopush.com' is set on object 'Object Repository/Page_KiboPush  Sign In/input_form-control m-input'

2018-08-10 14:14:02 - [TEST_STEP][PASSED] - setText: Text 'bjafri5@gmail.com' is set on object 'Object Repository/Page_KiboPush  Sign In/input_form-control m-input_1'

2018-08-10 14:14:02 - [MESSAGE][PASSED] - Text 'bjafri5@gmail.com' is set on object 'Object Repository/Page_KiboPush  Sign In/input_form-control m-input_1'

2018-08-10 14:14:02 - [TEST_STEP][PASSED] - setEncryptedText: Text ****** has been set on object 'Object Repository/Page_KiboPush  Sign In/input_form-control m-input_2'

2018-08-10 14:14:03 - [MESSAGE][PASSED] - Text ****** has been set on object 'Object Repository/Page_KiboPush  Sign In/input_form-control m-input_2'

2018-08-10 14:14:03 - [TEST_STEP][PASSED] - click: Object: 'Object Repository/Page_KiboPush  Sign In/button_Sign In' is clicked on

2018-08-10 14:14:03 - [MESSAGE][PASSED] - Object: 'Object Repository/Page_KiboPush  Sign In/button_Sign In' is clicked on

2018-08-10 14:14:03 - [TEST_STEP][PASSED] - click: Object: 'Object Repository/Page_KiboPush  Dashboard/span_Broadcasts' is clicked on

2018-08-10 14:14:05 - [MESSAGE][PASSED] - Object: 'Object Repository/Page_KiboPush  Dashboard/span_Broadcasts' is clicked on

2018-08-10 14:14:05 - [TEST_STEP][PASSED] - click: Object: 'Object Repository/Page_KiboPush  Broadcast/button_Create New Broadcast' is clicked on

2018-08-10 14:14:05 - [MESSAGE][PASSED] - Object: 'Object Repository/Page_KiboPush  Broadcast/button_Create New Broadcast' is clicked on

2018-08-10 14:14:05 - [TEST_STEP][PASSED] - click: Object: 'Object Repository/Page_KiboPush  Broadcast/a_Create New Broadcast' is clicked on

2018-08-10 14:14:05 - [MESSAGE][PASSED] - Object: 'Object Repository/Page_KiboPush  Broadcast/a_Create New Broadcast' is clicked on

2018-08-10 14:14:05 - [TEST_STEP][PASSED] - delay: Delayed 1 second(s)

2018-08-10 14:14:06 - [MESSAGE][PASSED] - Delayed 1 second(s)

2018-08-10 14:14:06 - [TEST_STEP][PASSED] - click: Object: 'Object Repository/Page_KiboPush  Create Broadcast/div_Image (3)' is clicked on

2018-08-10 14:14:06 - [MESSAGE][PASSED] - Object: 'Object Repository/Page_KiboPush  Create Broadcast/div_Image (3)' is clicked on

2018-08-10 14:14:06 - [TEST_STEP][PASSED] - delay: Delayed 1 second(s)

2018-08-10 14:14:07 - [MESSAGE][PASSED] - Delayed 1 second(s)

2018-08-10 14:14:07 - [TEST_STEP][PASSED] - click: Object: 'Object Repository/Page_KiboPush  Create Broadcast/button_Next (1)' is clicked on

2018-08-10 14:14:07 - [MESSAGE][PASSED] - Object: 'Object Repository/Page_KiboPush  Create Broadcast/button_Next (1)' is clicked on

2018-08-10 14:14:07 - [TEST_STEP][PASSED] - click: Object: 'Object Repository/Page_KiboPush  Create Broadcast/div_Select a valid image' is clicked on

2018-08-10 14:14:07 - [MESSAGE][PASSED] - Object: 'Object Repository/Page_KiboPush  Create Broadcast/div_Select a valid image' is clicked on

2018-08-10 14:14:07 - [TEST_STEP][PASSED] - closeBrowser: Browser is closed

2018-08-10 14:14:08 - [MESSAGE][PASSED] - Browser is closed]]></system-out>
         <system-err><![CDATA[]]></system-err>
      </testcase>
      <testcase name="Test Cases/TC0139" classname="Test Cases/TC0139" status="PASSED">
         <system-out><![CDATA[2018-08-10 14:14:08 - [TEST_CASE][PASSED] - Test Cases/TC0139: Test Cases/TC0139

2018-08-10 14:14:08 - [TEST_STEP][PASSED] - openBrowser: Browser is opened with url: ''

2018-08-10 14:14:09 - [MESSAGE][PASSED] - Browser is opened with url: ''

2018-08-10 14:14:09 - [TEST_STEP][PASSED] - navigateToUrl: Navigate to 'https://staging.kibopush.com/' successfully

2018-08-10 14:14:23 - [MESSAGE][PASSED] - Navigate to 'https://staging.kibopush.com/' successfully

2018-08-10 14:14:23 - [TEST_STEP][PASSED] - click: Object: 'Object Repository/Page_KiboPush  Sign In/a_Login' is clicked on

2018-08-10 14:14:23 - [MESSAGE][PASSED] - Object: 'Object Repository/Page_KiboPush  Sign In/a_Login' is clicked on

2018-08-10 14:14:23 - [TEST_STEP][PASSED] - click: Object: 'Object Repository/Page_KiboPush  Sign In/button_Team Account' is clicked on

2018-08-10 14:14:23 - [MESSAGE][PASSED] - Object: 'Object Repository/Page_KiboPush  Sign In/button_Team Account' is clicked on

2018-08-10 14:14:23 - [TEST_STEP][PASSED] - setText: Text 'kibopush.com' is set on object 'Object Repository/Page_KiboPush  Sign In/input_form-control m-input'

2018-08-10 14:14:23 - [MESSAGE][PASSED] - Text 'kibopush.com' is set on object 'Object Repository/Page_KiboPush  Sign In/input_form-control m-input'

2018-08-10 14:14:23 - [TEST_STEP][PASSED] - setText: Text 'bjafri5@gmail.com' is set on object 'Object Repository/Page_KiboPush  Sign In/input_form-control m-input_1'

2018-08-10 14:14:24 - [MESSAGE][PASSED] - Text 'bjafri5@gmail.com' is set on object 'Object Repository/Page_KiboPush  Sign In/input_form-control m-input_1'

2018-08-10 14:14:24 - [TEST_STEP][PASSED] - setEncryptedText: Text ****** has been set on object 'Object Repository/Page_KiboPush  Sign In/input_form-control m-input_2'

2018-08-10 14:14:24 - [MESSAGE][PASSED] - Text ****** has been set on object 'Object Repository/Page_KiboPush  Sign In/input_form-control m-input_2'

2018-08-10 14:14:24 - [TEST_STEP][PASSED] - click: Object: 'Object Repository/Page_KiboPush  Sign In/button_Sign In' is clicked on

2018-08-10 14:14:24 - [MESSAGE][PASSED] - Object: 'Object Repository/Page_KiboPush  Sign In/button_Sign In' is clicked on

2018-08-10 14:14:24 - [TEST_STEP][PASSED] - click: Object: 'Object Repository/Page_KiboPush  Dashboard/span_Broadcasts' is clicked on

2018-08-10 14:14:26 - [MESSAGE][PASSED] - Object: 'Object Repository/Page_KiboPush  Dashboard/span_Broadcasts' is clicked on

2018-08-10 14:14:26 - [TEST_STEP][PASSED] - click: Object: 'Object Repository/Page_KiboPush  Broadcast/button_Create New Broadcast' is clicked on

2018-08-10 14:14:26 - [MESSAGE][PASSED] - Object: 'Object Repository/Page_KiboPush  Broadcast/button_Create New Broadcast' is clicked on

2018-08-10 14:14:26 - [TEST_STEP][PASSED] - click: Object: 'Object Repository/Page_KiboPush  Broadcast/a_Create New Broadcast' is clicked on

2018-08-10 14:14:26 - [MESSAGE][PASSED] - Object: 'Object Repository/Page_KiboPush  Broadcast/a_Create New Broadcast' is clicked on

2018-08-10 14:14:26 - [TEST_STEP][PASSED] - delay: Delayed 1 second(s)

2018-08-10 14:14:27 - [MESSAGE][PASSED] - Delayed 1 second(s)

2018-08-10 14:14:27 - [TEST_STEP][PASSED] - click: Object: 'Object Repository/Page_KiboPush  Create Broadcast/div_Image (1)' is clicked on

2018-08-10 14:14:28 - [MESSAGE][PASSED] - Object: 'Object Repository/Page_KiboPush  Create Broadcast/div_Image (1)' is clicked on

2018-08-10 14:14:28 - [TEST_STEP][PASSED] - delay: Delayed 1 second(s)

2018-08-10 14:14:29 - [MESSAGE][PASSED] - Delayed 1 second(s)

2018-08-10 14:14:29 - [TEST_STEP][PASSED] - Statement - driver = com.kms.katalon.core.webui.driver.DriverFactory.getWebDriver(): null

2018-08-10 14:14:29 - [TEST_STEP][PASSED] - Statement - upload = driver.findElement(org.openqa.selenium.By.xpath("//input[@type='file']")): null

2018-08-10 14:14:29 - [TEST_STEP][PASSED] - Statement - img = com.kms.katalon.core.configuration.RunConfiguration.getProjectDir() + "/sample.jpg": null

2018-08-10 14:14:29 - [TEST_STEP][PASSED] - Statement - upload.sendKeys(img): null

2018-08-10 14:14:29 - [TEST_STEP][PASSED] - delay: Delayed 5 second(s)

2018-08-10 14:14:34 - [MESSAGE][PASSED] - Delayed 5 second(s)

2018-08-10 14:14:34 - [TEST_STEP][PASSED] - verifyElementPresent: Object 'Object Repository/Page_KiboPush  Create Broadcast/img' is present

2018-08-10 14:14:34 - [MESSAGE][PASSED] - Object 'Object Repository/Page_KiboPush  Create Broadcast/img' is present

2018-08-10 14:14:34 - [TEST_STEP][PASSED] - closeBrowser: Browser is closed

2018-08-10 14:14:34 - [MESSAGE][PASSED] - Browser is closed]]></system-out>
         <system-err><![CDATA[]]></system-err>
      </testcase>
      <testcase name="Test Cases/TC0141" classname="Test Cases/TC0141" status="PASSED">
         <system-out><![CDATA[2018-08-10 14:14:34 - [TEST_CASE][PASSED] - Test Cases/TC0141: Test Cases/TC0141

2018-08-10 14:14:34 - [TEST_STEP][PASSED] - callTestCase: Call Test Case 'Test Cases/Login' successfully

2018-08-10 14:14:34 - [TEST_CASE][PASSED] - Test Cases/Login: Test Cases/Login

2018-08-10 14:14:34 - [TEST_STEP][PASSED] - openBrowser: Browser is opened with url: ''

2018-08-10 14:14:35 - [MESSAGE][PASSED] - Browser is opened with url: ''

2018-08-10 14:14:35 - [TEST_STEP][PASSED] - navigateToUrl: Navigate to 'https://staging.kibopush.com/' successfully

2018-08-10 14:14:46 - [MESSAGE][PASSED] - Navigate to 'https://staging.kibopush.com/' successfully

2018-08-10 14:14:46 - [TEST_STEP][PASSED] - click: Object: 'Object Repository/Page_KiboPush  Sign In/a_Login' is clicked on

2018-08-10 14:14:46 - [MESSAGE][PASSED] - Object: 'Object Repository/Page_KiboPush  Sign In/a_Login' is clicked on

2018-08-10 14:14:46 - [TEST_STEP][PASSED] - click: Object: 'Object Repository/Page_KiboPush  Sign In/button_Team Account' is clicked on

2018-08-10 14:14:46 - [MESSAGE][PASSED] - Object: 'Object Repository/Page_KiboPush  Sign In/button_Team Account' is clicked on

2018-08-10 14:14:46 - [TEST_STEP][PASSED] - setText: Text 'kibopush.com' is set on object 'Object Repository/Page_KiboPush  Sign In/input_form-control m-input'

2018-08-10 14:14:47 - [MESSAGE][PASSED] - Text 'kibopush.com' is set on object 'Object Repository/Page_KiboPush  Sign In/input_form-control m-input'

2018-08-10 14:14:47 - [TEST_STEP][PASSED] - setText: Text 'bjafri5@gmail.com' is set on object 'Object Repository/Page_KiboPush  Sign In/input_form-control m-input_1'

2018-08-10 14:14:47 - [MESSAGE][PASSED] - Text 'bjafri5@gmail.com' is set on object 'Object Repository/Page_KiboPush  Sign In/input_form-control m-input_1'

2018-08-10 14:14:47 - [TEST_STEP][PASSED] - setEncryptedText: Text ****** has been set on object 'Object Repository/Page_KiboPush  Sign In/input_form-control m-input_2'

2018-08-10 14:14:47 - [MESSAGE][PASSED] - Text ****** has been set on object 'Object Repository/Page_KiboPush  Sign In/input_form-control m-input_2'

2018-08-10 14:14:47 - [TEST_STEP][PASSED] - click: Object: 'Object Repository/Page_KiboPush  Sign In/button_Sign In' is clicked on

2018-08-10 14:14:47 - [MESSAGE][PASSED] - Object: 'Object Repository/Page_KiboPush  Sign In/button_Sign In' is clicked on

2018-08-10 14:14:47 - [MESSAGE][PASSED] - Call Test Case 'Test Cases/Login' successfully

2018-08-10 14:14:47 - [TEST_STEP][PASSED] - click: Object: 'Object Repository/Page_KiboPush  Dashboard/span_Broadcasts' is clicked on

2018-08-10 14:14:49 - [MESSAGE][PASSED] - Object: 'Object Repository/Page_KiboPush  Dashboard/span_Broadcasts' is clicked on

2018-08-10 14:14:49 - [TEST_STEP][PASSED] - click: Object: 'Object Repository/Page_KiboPush  Broadcast/span_Create New Broadcast' is clicked on

2018-08-10 14:14:49 - [MESSAGE][PASSED] - Object: 'Object Repository/Page_KiboPush  Broadcast/span_Create New Broadcast' is clicked on

2018-08-10 14:14:49 - [TEST_STEP][PASSED] - click: Object: 'Object Repository/Page_KiboPush  Broadcast/a_Create New Broadcast' is clicked on

2018-08-10 14:14:49 - [MESSAGE][PASSED] - Object: 'Object Repository/Page_KiboPush  Broadcast/a_Create New Broadcast' is clicked on

2018-08-10 14:14:49 - [TEST_STEP][PASSED] - delay: Delayed 1 second(s)

2018-08-10 14:14:50 - [MESSAGE][PASSED] - Delayed 1 second(s)

2018-08-10 14:14:50 - [TEST_STEP][PASSED] - click: Object: 'Object Repository/Page_KiboPush  Create Broadcast/div_Card' is clicked on

2018-08-10 14:14:51 - [MESSAGE][PASSED] - Object: 'Object Repository/Page_KiboPush  Create Broadcast/div_Card' is clicked on

2018-08-10 14:14:51 - [TEST_STEP][PASSED] - verifyElementPresent: Object 'Object Repository/Page_KiboPush  Create Broadcast/card_component' is present

2018-08-10 14:14:51 - [MESSAGE][PASSED] - Object 'Object Repository/Page_KiboPush  Create Broadcast/card_component' is present]]></system-out>
         <system-err><![CDATA[]]></system-err>
      </testcase>
      <testcase name="Test Cases/TC0142" classname="Test Cases/TC0142" status="PASSED">
         <system-out><![CDATA[2018-08-10 14:14:51 - [TEST_CASE][PASSED] - Test Cases/TC0142: Test Cases/TC0142

2018-08-10 14:14:51 - [TEST_STEP][PASSED] - openBrowser: Browser is opened with url: ''

2018-08-10 14:14:51 - [MESSAGE][WARNING] - A browser is already opened. Closing browser and opening a new one

2018-08-10 14:14:52 - [MESSAGE][PASSED] - Browser is opened with url: ''

2018-08-10 14:14:52 - [TEST_STEP][PASSED] - navigateToUrl: Navigate to 'https://staging.kibopush.com/' successfully

2018-08-10 14:15:00 - [MESSAGE][PASSED] - Navigate to 'https://staging.kibopush.com/' successfully

2018-08-10 14:15:00 - [TEST_STEP][PASSED] - click: Object: 'Object Repository/Page_KiboPush  Sign In/a_Login' is clicked on

2018-08-10 14:15:00 - [MESSAGE][PASSED] - Object: 'Object Repository/Page_KiboPush  Sign In/a_Login' is clicked on

2018-08-10 14:15:00 - [TEST_STEP][PASSED] - click: Object: 'Object Repository/Page_KiboPush  Sign In/button_Team Account' is clicked on

2018-08-10 14:15:00 - [MESSAGE][PASSED] - Object: 'Object Repository/Page_KiboPush  Sign In/button_Team Account' is clicked on

2018-08-10 14:15:00 - [TEST_STEP][PASSED] - setText: Text 'kibopush.com' is set on object 'Object Repository/Page_KiboPush  Sign In/input_form-control m-input'

2018-08-10 14:15:00 - [MESSAGE][PASSED] - Text 'kibopush.com' is set on object 'Object Repository/Page_KiboPush  Sign In/input_form-control m-input'

2018-08-10 14:15:00 - [TEST_STEP][PASSED] - setText: Text 'bjafri5@gmail.com' is set on object 'Object Repository/Page_KiboPush  Sign In/input_form-control m-input_1'

2018-08-10 14:15:01 - [MESSAGE][PASSED] - Text 'bjafri5@gmail.com' is set on object 'Object Repository/Page_KiboPush  Sign In/input_form-control m-input_1'

2018-08-10 14:15:01 - [TEST_STEP][PASSED] - setEncryptedText: Text ****** has been set on object 'Object Repository/Page_KiboPush  Sign In/input_form-control m-input_2'

2018-08-10 14:15:01 - [MESSAGE][PASSED] - Text ****** has been set on object 'Object Repository/Page_KiboPush  Sign In/input_form-control m-input_2'

2018-08-10 14:15:01 - [TEST_STEP][PASSED] - click: Object: 'Object Repository/Page_KiboPush  Sign In/button_Sign In' is clicked on

2018-08-10 14:15:01 - [MESSAGE][PASSED] - Object: 'Object Repository/Page_KiboPush  Sign In/button_Sign In' is clicked on

2018-08-10 14:15:01 - [TEST_STEP][PASSED] - click: Object: 'Object Repository/Page_KiboPush  Dashboard/span_Broadcasts' is clicked on

2018-08-10 14:15:03 - [MESSAGE][PASSED] - Object: 'Object Repository/Page_KiboPush  Dashboard/span_Broadcasts' is clicked on

2018-08-10 14:15:03 - [TEST_STEP][PASSED] - click: Object: 'Object Repository/Page_KiboPush  Broadcast/span_Create New Broadcast' is clicked on

2018-08-10 14:15:03 - [MESSAGE][PASSED] - Object: 'Object Repository/Page_KiboPush  Broadcast/span_Create New Broadcast' is clicked on

2018-08-10 14:15:03 - [TEST_STEP][PASSED] - click: Object: 'Object Repository/Page_KiboPush  Broadcast/a_Create New Broadcast' is clicked on

2018-08-10 14:15:03 - [MESSAGE][PASSED] - Object: 'Object Repository/Page_KiboPush  Broadcast/a_Create New Broadcast' is clicked on

2018-08-10 14:15:03 - [TEST_STEP][PASSED] - delay: Delayed 1 second(s)

2018-08-10 14:15:04 - [MESSAGE][PASSED] - Delayed 1 second(s)

2018-08-10 14:15:04 - [TEST_STEP][PASSED] - click: Object: 'Object Repository/Page_KiboPush  Create Broadcast/div_Card (1)' is clicked on

2018-08-10 14:15:05 - [MESSAGE][PASSED] - Object: 'Object Repository/Page_KiboPush  Create Broadcast/div_Card (1)' is clicked on

2018-08-10 14:15:05 - [TEST_STEP][PASSED] - setText: Text 'Card Title' is set on object 'Object Repository/Page_KiboPush  Create Broadcast/input_form-control (3)'

2018-08-10 14:15:05 - [MESSAGE][PASSED] - Text 'Card Title' is set on object 'Object Repository/Page_KiboPush  Create Broadcast/input_form-control (3)'

2018-08-10 14:15:05 - [TEST_STEP][PASSED] - setText: Text 'Card Subtitle' is set on object 'Object Repository/Page_KiboPush  Create Broadcast/textarea_form-control'

2018-08-10 14:15:05 - [MESSAGE][PASSED] - Text 'Card Subtitle' is set on object 'Object Repository/Page_KiboPush  Create Broadcast/textarea_form-control'

2018-08-10 14:15:05 - [TEST_STEP][PASSED] - scrollToPosition: Browser is scrolled to position x = 0, y = 0

2018-08-10 14:15:05 - [MESSAGE][PASSED] - Browser is scrolled to position x = 0, y = 0

2018-08-10 14:15:05 - [TEST_STEP][PASSED] - click: Object: 'Object Repository/Page_KiboPush  Create Broadcast/button_Next (2)' is clicked on

2018-08-10 14:15:05 - [MESSAGE][PASSED] - Object: 'Object Repository/Page_KiboPush  Create Broadcast/button_Next (2)' is clicked on

2018-08-10 14:15:05 - [TEST_STEP][PASSED] - click: Object: 'Object Repository/Page_KiboPush  Create Broadcast/div_Card must have an image' is clicked on

2018-08-10 14:15:06 - [MESSAGE][PASSED] - Object: 'Object Repository/Page_KiboPush  Create Broadcast/div_Card must have an image' is clicked on

2018-08-10 14:15:06 - [TEST_STEP][PASSED] - closeBrowser: Browser is closed

2018-08-10 14:15:06 - [MESSAGE][PASSED] - Browser is closed]]></system-out>
         <system-err><![CDATA[]]></system-err>
      </testcase>
      <testcase name="Test Cases/TC0143" classname="Test Cases/TC0143" status="PASSED">
         <system-out><![CDATA[2018-08-10 14:15:06 - [TEST_CASE][PASSED] - Test Cases/TC0143: Test Cases/TC0143

2018-08-10 14:15:06 - [TEST_STEP][PASSED] - callTestCase: Call Test Case 'Test Cases/Login' successfully

2018-08-10 14:15:06 - [TEST_CASE][PASSED] - Test Cases/Login: Test Cases/Login

2018-08-10 14:15:06 - [TEST_STEP][PASSED] - openBrowser: Browser is opened with url: ''

2018-08-10 14:15:07 - [MESSAGE][PASSED] - Browser is opened with url: ''

2018-08-10 14:15:07 - [TEST_STEP][PASSED] - navigateToUrl: Navigate to 'https://staging.kibopush.com/' successfully

2018-08-10 14:15:19 - [MESSAGE][PASSED] - Navigate to 'https://staging.kibopush.com/' successfully

2018-08-10 14:15:19 - [TEST_STEP][PASSED] - click: Object: 'Object Repository/Page_KiboPush  Sign In/a_Login' is clicked on

2018-08-10 14:15:19 - [MESSAGE][PASSED] - Object: 'Object Repository/Page_KiboPush  Sign In/a_Login' is clicked on

2018-08-10 14:15:19 - [TEST_STEP][PASSED] - click: Object: 'Object Repository/Page_KiboPush  Sign In/button_Team Account' is clicked on

2018-08-10 14:15:19 - [MESSAGE][PASSED] - Object: 'Object Repository/Page_KiboPush  Sign In/button_Team Account' is clicked on

2018-08-10 14:15:19 - [TEST_STEP][PASSED] - setText: Text 'kibopush.com' is set on object 'Object Repository/Page_KiboPush  Sign In/input_form-control m-input'

2018-08-10 14:15:19 - [MESSAGE][PASSED] - Text 'kibopush.com' is set on object 'Object Repository/Page_KiboPush  Sign In/input_form-control m-input'

2018-08-10 14:15:19 - [TEST_STEP][PASSED] - setText: Text 'bjafri5@gmail.com' is set on object 'Object Repository/Page_KiboPush  Sign In/input_form-control m-input_1'

2018-08-10 14:15:19 - [MESSAGE][PASSED] - Text 'bjafri5@gmail.com' is set on object 'Object Repository/Page_KiboPush  Sign In/input_form-control m-input_1'

2018-08-10 14:15:19 - [TEST_STEP][PASSED] - setEncryptedText: Text ****** has been set on object 'Object Repository/Page_KiboPush  Sign In/input_form-control m-input_2'

2018-08-10 14:15:20 - [MESSAGE][PASSED] - Text ****** has been set on object 'Object Repository/Page_KiboPush  Sign In/input_form-control m-input_2'

2018-08-10 14:15:20 - [TEST_STEP][PASSED] - click: Object: 'Object Repository/Page_KiboPush  Sign In/button_Sign In' is clicked on

2018-08-10 14:15:20 - [MESSAGE][PASSED] - Object: 'Object Repository/Page_KiboPush  Sign In/button_Sign In' is clicked on

2018-08-10 14:15:20 - [MESSAGE][PASSED] - Call Test Case 'Test Cases/Login' successfully

2018-08-10 14:15:20 - [TEST_STEP][PASSED] - click: Object: 'Object Repository/Page_KiboPush  Dashboard/span_Broadcasts' is clicked on

2018-08-10 14:15:21 - [MESSAGE][PASSED] - Object: 'Object Repository/Page_KiboPush  Dashboard/span_Broadcasts' is clicked on

2018-08-10 14:15:21 - [TEST_STEP][PASSED] - click: Object: 'Object Repository/Page_KiboPush  Broadcast/span_Create New Broadcast' is clicked on

2018-08-10 14:15:22 - [MESSAGE][PASSED] - Object: 'Object Repository/Page_KiboPush  Broadcast/span_Create New Broadcast' is clicked on

2018-08-10 14:15:22 - [TEST_STEP][PASSED] - click: Object: 'Object Repository/Page_KiboPush  Broadcast/a_Create New Broadcast' is clicked on

2018-08-10 14:15:22 - [MESSAGE][PASSED] - Object: 'Object Repository/Page_KiboPush  Broadcast/a_Create New Broadcast' is clicked on

2018-08-10 14:15:22 - [TEST_STEP][PASSED] - delay: Delayed 1 second(s)

2018-08-10 14:15:23 - [MESSAGE][PASSED] - Delayed 1 second(s)

2018-08-10 14:15:23 - [TEST_STEP][PASSED] - click: Object: 'Object Repository/Page_KiboPush  Create Broadcast/div_Card' is clicked on

2018-08-10 14:15:23 - [MESSAGE][PASSED] - Object: 'Object Repository/Page_KiboPush  Create Broadcast/div_Card' is clicked on

2018-08-10 14:15:23 - [TEST_STEP][PASSED] - delay: Delayed 1 second(s)

2018-08-10 14:15:24 - [MESSAGE][PASSED] - Delayed 1 second(s)

2018-08-10 14:15:24 - [TEST_STEP][PASSED] - Statement - img = com.kms.katalon.core.configuration.RunConfiguration.getProjectDir() + "/sample.jpg": null

2018-08-10 14:15:24 - [TEST_STEP][PASSED] - uploadFile: File '/Users/baqarjafri/Katalon Studio/KiboPush/sample.jpg' sent to object: 'Object Repository/Page_KiboPush  Create Broadcast/input_file'

2018-08-10 14:15:24 - [MESSAGE][PASSED] - File '/Users/baqarjafri/Katalon Studio/KiboPush/sample.jpg' sent to object: 'Object Repository/Page_KiboPush  Create Broadcast/input_file'

2018-08-10 14:15:24 - [TEST_STEP][PASSED] - verifyElementPresent: Object 'Object Repository/Page_KiboPush  Create Broadcast/img' is present

2018-08-10 14:15:25 - [MESSAGE][PASSED] - Object 'Object Repository/Page_KiboPush  Create Broadcast/img' is present

2018-08-10 14:15:25 - [TEST_STEP][PASSED] - setText: Text 'Card Subtitle' is set on object 'Object Repository/Page_KiboPush  Create Broadcast/textarea_form-control'

2018-08-10 14:15:26 - [MESSAGE][PASSED] - Text 'Card Subtitle' is set on object 'Object Repository/Page_KiboPush  Create Broadcast/textarea_form-control'

2018-08-10 14:15:26 - [TEST_STEP][PASSED] - scrollToPosition: Browser is scrolled to position x = 0, y = 0

2018-08-10 14:15:26 - [MESSAGE][PASSED] - Browser is scrolled to position x = 0, y = 0

2018-08-10 14:15:26 - [TEST_STEP][PASSED] - click: Object: 'Object Repository/Page_KiboPush  Create Broadcast/button_Next' is clicked on

2018-08-10 14:15:26 - [MESSAGE][PASSED] - Object: 'Object Repository/Page_KiboPush  Create Broadcast/button_Next' is clicked on

2018-08-10 14:15:26 - [TEST_STEP][PASSED] - click: Object: 'Object Repository/Page_KiboPush  Create Broadcast/div_Card must have a Title' is clicked on

2018-08-10 14:15:26 - [MESSAGE][PASSED] - Object: 'Object Repository/Page_KiboPush  Create Broadcast/div_Card must have a Title' is clicked on

2018-08-10 14:15:26 - [TEST_STEP][PASSED] - closeBrowser: Browser is closed

2018-08-10 14:15:26 - [MESSAGE][PASSED] - Browser is closed]]></system-out>
         <system-err><![CDATA[]]></system-err>
      </testcase>
      <testcase name="Test Cases/TC0144" classname="Test Cases/TC0144" status="PASSED">
         <system-out><![CDATA[2018-08-10 14:15:26 - [TEST_CASE][PASSED] - Test Cases/TC0144: Test Cases/TC0144

2018-08-10 14:15:26 - [TEST_STEP][PASSED] - callTestCase: Call Test Case 'Test Cases/Login' successfully

2018-08-10 14:15:26 - [TEST_CASE][PASSED] - Test Cases/Login: Test Cases/Login

2018-08-10 14:15:26 - [TEST_STEP][PASSED] - openBrowser: Browser is opened with url: ''

2018-08-10 14:15:27 - [MESSAGE][PASSED] - Browser is opened with url: ''

2018-08-10 14:15:27 - [TEST_STEP][PASSED] - navigateToUrl: Navigate to 'https://staging.kibopush.com/' successfully

2018-08-10 14:15:35 - [MESSAGE][PASSED] - Navigate to 'https://staging.kibopush.com/' successfully

2018-08-10 14:15:35 - [TEST_STEP][PASSED] - click: Object: 'Object Repository/Page_KiboPush  Sign In/a_Login' is clicked on

2018-08-10 14:15:35 - [MESSAGE][PASSED] - Object: 'Object Repository/Page_KiboPush  Sign In/a_Login' is clicked on

2018-08-10 14:15:35 - [TEST_STEP][PASSED] - click: Object: 'Object Repository/Page_KiboPush  Sign In/button_Team Account' is clicked on

2018-08-10 14:15:36 - [MESSAGE][PASSED] - Object: 'Object Repository/Page_KiboPush  Sign In/button_Team Account' is clicked on

2018-08-10 14:15:36 - [TEST_STEP][PASSED] - setText: Text 'kibopush.com' is set on object 'Object Repository/Page_KiboPush  Sign In/input_form-control m-input'

2018-08-10 14:15:36 - [MESSAGE][PASSED] - Text 'kibopush.com' is set on object 'Object Repository/Page_KiboPush  Sign In/input_form-control m-input'

2018-08-10 14:15:36 - [TEST_STEP][PASSED] - setText: Text 'bjafri5@gmail.com' is set on object 'Object Repository/Page_KiboPush  Sign In/input_form-control m-input_1'

2018-08-10 14:15:36 - [MESSAGE][PASSED] - Text 'bjafri5@gmail.com' is set on object 'Object Repository/Page_KiboPush  Sign In/input_form-control m-input_1'

2018-08-10 14:15:36 - [TEST_STEP][PASSED] - setEncryptedText: Text ****** has been set on object 'Object Repository/Page_KiboPush  Sign In/input_form-control m-input_2'

2018-08-10 14:15:36 - [MESSAGE][PASSED] - Text ****** has been set on object 'Object Repository/Page_KiboPush  Sign In/input_form-control m-input_2'

2018-08-10 14:15:36 - [TEST_STEP][PASSED] - click: Object: 'Object Repository/Page_KiboPush  Sign In/button_Sign In' is clicked on

2018-08-10 14:15:36 - [MESSAGE][PASSED] - Object: 'Object Repository/Page_KiboPush  Sign In/button_Sign In' is clicked on

2018-08-10 14:15:36 - [MESSAGE][PASSED] - Call Test Case 'Test Cases/Login' successfully

2018-08-10 14:15:36 - [TEST_STEP][PASSED] - click: Object: 'Object Repository/Page_KiboPush  Dashboard/span_Broadcasts' is clicked on

2018-08-10 14:15:38 - [MESSAGE][PASSED] - Object: 'Object Repository/Page_KiboPush  Dashboard/span_Broadcasts' is clicked on

2018-08-10 14:15:38 - [TEST_STEP][PASSED] - click: Object: 'Object Repository/Page_KiboPush  Broadcast/span_Create New Broadcast' is clicked on

2018-08-10 14:15:39 - [MESSAGE][PASSED] - Object: 'Object Repository/Page_KiboPush  Broadcast/span_Create New Broadcast' is clicked on

2018-08-10 14:15:39 - [TEST_STEP][PASSED] - click: Object: 'Object Repository/Page_KiboPush  Broadcast/a_Create New Broadcast' is clicked on

2018-08-10 14:15:39 - [MESSAGE][PASSED] - Object: 'Object Repository/Page_KiboPush  Broadcast/a_Create New Broadcast' is clicked on

2018-08-10 14:15:39 - [TEST_STEP][PASSED] - delay: Delayed 1 second(s)

2018-08-10 14:15:40 - [MESSAGE][PASSED] - Delayed 1 second(s)

2018-08-10 14:15:40 - [TEST_STEP][PASSED] - click: Object: 'Object Repository/Page_KiboPush  Create Broadcast/div_Card (3)' is clicked on

2018-08-10 14:15:40 - [MESSAGE][PASSED] - Object: 'Object Repository/Page_KiboPush  Create Broadcast/div_Card (3)' is clicked on

2018-08-10 14:15:40 - [TEST_STEP][PASSED] - delay: Delayed 1 second(s)

2018-08-10 14:15:41 - [MESSAGE][PASSED] - Delayed 1 second(s)

2018-08-10 14:15:41 - [TEST_STEP][PASSED] - Statement - img = com.kms.katalon.core.configuration.RunConfiguration.getProjectDir() + "/sample.jpg": null

2018-08-10 14:15:41 - [TEST_STEP][PASSED] - uploadFile: File '/Users/baqarjafri/Katalon Studio/KiboPush/sample.jpg' sent to object: 'Object Repository/Page_KiboPush  Create Broadcast/input_file'

2018-08-10 14:15:41 - [MESSAGE][PASSED] - File '/Users/baqarjafri/Katalon Studio/KiboPush/sample.jpg' sent to object: 'Object Repository/Page_KiboPush  Create Broadcast/input_file'

2018-08-10 14:15:41 - [TEST_STEP][PASSED] - verifyElementPresent: Object 'Object Repository/Page_KiboPush  Create Broadcast/img' is present

2018-08-10 14:15:42 - [MESSAGE][PASSED] - Object 'Object Repository/Page_KiboPush  Create Broadcast/img' is present

2018-08-10 14:15:42 - [TEST_STEP][PASSED] - setText: Text 'Card Title' is set on object 'Object Repository/Page_KiboPush  Create Broadcast/input_form-control (4)'

2018-08-10 14:15:43 - [MESSAGE][PASSED] - Text 'Card Title' is set on object 'Object Repository/Page_KiboPush  Create Broadcast/input_form-control (4)'

2018-08-10 14:15:43 - [TEST_STEP][PASSED] - scrollToPosition: Browser is scrolled to position x = 0, y = 0

2018-08-10 14:15:43 - [MESSAGE][PASSED] - Browser is scrolled to position x = 0, y = 0

2018-08-10 14:15:43 - [TEST_STEP][PASSED] - click: Object: 'Object Repository/Page_KiboPush  Create Broadcast/button_Next (4)' is clicked on

2018-08-10 14:15:43 - [MESSAGE][PASSED] - Object: 'Object Repository/Page_KiboPush  Create Broadcast/button_Next (4)' is clicked on

2018-08-10 14:15:43 - [TEST_STEP][PASSED] - click: Object: 'Object Repository/Page_KiboPush  Create Broadcast/div_Card must have a subtitle' is clicked on

2018-08-10 14:15:43 - [MESSAGE][PASSED] - Object: 'Object Repository/Page_KiboPush  Create Broadcast/div_Card must have a subtitle' is clicked on

2018-08-10 14:15:43 - [TEST_STEP][PASSED] - closeBrowser: Browser is closed

2018-08-10 14:15:43 - [MESSAGE][PASSED] - Browser is closed]]></system-out>
         <system-err><![CDATA[]]></system-err>
      </testcase>
      <testcase name="Test Cases/TC0145" classname="Test Cases/TC0145" status="PASSED">
         <system-out><![CDATA[2018-08-10 14:15:43 - [TEST_CASE][PASSED] - Test Cases/TC0145: Test Cases/TC0145

2018-08-10 14:15:43 - [TEST_STEP][PASSED] - openBrowser: Browser is opened with url: ''

2018-08-10 14:15:44 - [MESSAGE][PASSED] - Browser is opened with url: ''

2018-08-10 14:15:44 - [TEST_STEP][PASSED] - navigateToUrl: Navigate to 'https://staging.kibopush.com/' successfully

2018-08-10 14:15:52 - [MESSAGE][PASSED] - Navigate to 'https://staging.kibopush.com/' successfully

2018-08-10 14:15:52 - [TEST_STEP][PASSED] - click: Object: 'Object Repository/Page_KiboPush  Sign In/a_Login' is clicked on

2018-08-10 14:15:52 - [MESSAGE][PASSED] - Object: 'Object Repository/Page_KiboPush  Sign In/a_Login' is clicked on

2018-08-10 14:15:52 - [TEST_STEP][PASSED] - click: Object: 'Object Repository/Page_KiboPush  Sign In/button_Team Account' is clicked on

2018-08-10 14:15:52 - [MESSAGE][PASSED] - Object: 'Object Repository/Page_KiboPush  Sign In/button_Team Account' is clicked on

2018-08-10 14:15:52 - [TEST_STEP][PASSED] - setText: Text 'kibopush.com' is set on object 'Object Repository/Page_KiboPush  Sign In/input_form-control m-input'

2018-08-10 14:15:52 - [MESSAGE][PASSED] - Text 'kibopush.com' is set on object 'Object Repository/Page_KiboPush  Sign In/input_form-control m-input'

2018-08-10 14:15:52 - [TEST_STEP][PASSED] - setText: Text 'bjafri5@gmail.com' is set on object 'Object Repository/Page_KiboPush  Sign In/input_form-control m-input_1'

2018-08-10 14:15:53 - [MESSAGE][PASSED] - Text 'bjafri5@gmail.com' is set on object 'Object Repository/Page_KiboPush  Sign In/input_form-control m-input_1'

2018-08-10 14:15:53 - [TEST_STEP][PASSED] - setEncryptedText: Text ****** has been set on object 'Object Repository/Page_KiboPush  Sign In/input_form-control m-input_2'

2018-08-10 14:15:53 - [MESSAGE][PASSED] - Text ****** has been set on object 'Object Repository/Page_KiboPush  Sign In/input_form-control m-input_2'

2018-08-10 14:15:53 - [TEST_STEP][PASSED] - click: Object: 'Object Repository/Page_KiboPush  Sign In/button_Sign In' is clicked on

2018-08-10 14:15:53 - [MESSAGE][PASSED] - Object: 'Object Repository/Page_KiboPush  Sign In/button_Sign In' is clicked on

2018-08-10 14:15:53 - [TEST_STEP][PASSED] - click: Object: 'Object Repository/Page_KiboPush  Dashboard/span_Broadcasts' is clicked on

2018-08-10 14:15:55 - [MESSAGE][PASSED] - Object: 'Object Repository/Page_KiboPush  Dashboard/span_Broadcasts' is clicked on

2018-08-10 14:15:55 - [TEST_STEP][PASSED] - click: Object: 'Object Repository/Page_KiboPush  Broadcast/span_Create New Broadcast' is clicked on

2018-08-10 14:15:55 - [MESSAGE][PASSED] - Object: 'Object Repository/Page_KiboPush  Broadcast/span_Create New Broadcast' is clicked on

2018-08-10 14:15:55 - [TEST_STEP][PASSED] - click: Object: 'Object Repository/Page_KiboPush  Broadcast/a_Create New Broadcast' is clicked on

2018-08-10 14:15:55 - [MESSAGE][PASSED] - Object: 'Object Repository/Page_KiboPush  Broadcast/a_Create New Broadcast' is clicked on

2018-08-10 14:15:55 - [TEST_STEP][PASSED] - delay: Delayed 1 second(s)

2018-08-10 14:15:56 - [MESSAGE][PASSED] - Delayed 1 second(s)

2018-08-10 14:15:56 - [TEST_STEP][PASSED] - click: Object: 'Object Repository/Page_KiboPush  Create Broadcast/div_Card (3) (1)' is clicked on

2018-08-10 14:15:56 - [MESSAGE][PASSED] - Object: 'Object Repository/Page_KiboPush  Create Broadcast/div_Card (3) (1)' is clicked on

2018-08-10 14:15:56 - [TEST_STEP][PASSED] - delay: Delayed 1 second(s)

2018-08-10 14:15:57 - [MESSAGE][PASSED] - Delayed 1 second(s)

2018-08-10 14:15:57 - [TEST_STEP][PASSED] - Statement - driver = com.kms.katalon.core.webui.driver.DriverFactory.getWebDriver(): null

2018-08-10 14:15:57 - [TEST_STEP][PASSED] - Statement - upload = driver.findElement(org.openqa.selenium.By.xpath("//input[@type='file']")): null

2018-08-10 14:15:58 - [TEST_STEP][PASSED] - Statement - img = com.kms.katalon.core.configuration.RunConfiguration.getProjectDir() + "/sample.jpg": null

2018-08-10 14:15:58 - [TEST_STEP][PASSED] - Statement - upload.sendKeys(img): null

2018-08-10 14:15:58 - [TEST_STEP][PASSED] - delay: Delayed 5 second(s)

2018-08-10 14:16:03 - [MESSAGE][PASSED] - Delayed 5 second(s)

2018-08-10 14:16:03 - [TEST_STEP][PASSED] - setText: Text 'Card Title' is set on object 'Object Repository/Page_KiboPush  Create Broadcast/input_form-control (4) (1)'

2018-08-10 14:16:03 - [MESSAGE][PASSED] - Text 'Card Title' is set on object 'Object Repository/Page_KiboPush  Create Broadcast/input_form-control (4) (1)'

2018-08-10 14:16:03 - [TEST_STEP][PASSED] - setText: Text 'Card Subtitle' is set on object 'Object Repository/Page_KiboPush  Create Broadcast/textarea_form-control'

2018-08-10 14:16:03 - [MESSAGE][PASSED] - Text 'Card Subtitle' is set on object 'Object Repository/Page_KiboPush  Create Broadcast/textarea_form-control'

2018-08-10 14:16:03 - [TEST_STEP][PASSED] - scrollToPosition: Browser is scrolled to position x = 0, y = 0

2018-08-10 14:16:03 - [MESSAGE][PASSED] - Browser is scrolled to position x = 0, y = 0

2018-08-10 14:16:03 - [TEST_STEP][PASSED] - click: Object: 'Object Repository/Page_KiboPush  Create Broadcast/button_Next (4) (1)' is clicked on

2018-08-10 14:16:03 - [MESSAGE][PASSED] - Object: 'Object Repository/Page_KiboPush  Create Broadcast/button_Next (4) (1)' is clicked on

2018-08-10 14:16:03 - [TEST_STEP][PASSED] - click: Object: 'Object Repository/Page_KiboPush  Create Broadcast/div_Card must have at least on' is clicked on

2018-08-10 14:16:03 - [MESSAGE][PASSED] - Object: 'Object Repository/Page_KiboPush  Create Broadcast/div_Card must have at least on' is clicked on

2018-08-10 14:16:03 - [TEST_STEP][PASSED] - closeBrowser: Browser is closed

2018-08-10 14:16:04 - [MESSAGE][PASSED] - Browser is closed]]></system-out>
         <system-err><![CDATA[]]></system-err>
      </testcase>
      <testcase name="Test Cases/TC0146" classname="Test Cases/TC0146" status="PASSED">
         <system-out><![CDATA[2018-08-10 14:16:04 - [TEST_CASE][PASSED] - Test Cases/TC0146: Test Cases/TC0146

2018-08-10 14:16:04 - [TEST_STEP][PASSED] - openBrowser: Browser is opened with url: ''

2018-08-10 14:16:05 - [MESSAGE][PASSED] - Browser is opened with url: ''

2018-08-10 14:16:05 - [TEST_STEP][PASSED] - navigateToUrl: Navigate to 'https://staging.kibopush.com/' successfully

2018-08-10 14:16:14 - [MESSAGE][PASSED] - Navigate to 'https://staging.kibopush.com/' successfully

2018-08-10 14:16:14 - [TEST_STEP][PASSED] - click: Object: 'Object Repository/Page_KiboPush  Sign In/a_Login' is clicked on

2018-08-10 14:16:14 - [MESSAGE][PASSED] - Object: 'Object Repository/Page_KiboPush  Sign In/a_Login' is clicked on

2018-08-10 14:16:14 - [TEST_STEP][PASSED] - click: Object: 'Object Repository/Page_KiboPush  Sign In/button_Team Account' is clicked on

2018-08-10 14:16:14 - [MESSAGE][PASSED] - Object: 'Object Repository/Page_KiboPush  Sign In/button_Team Account' is clicked on

2018-08-10 14:16:14 - [TEST_STEP][PASSED] - setText: Text 'kibopush.com' is set on object 'Object Repository/Page_KiboPush  Sign In/input_form-control m-input'

2018-08-10 14:16:15 - [MESSAGE][PASSED] - Text 'kibopush.com' is set on object 'Object Repository/Page_KiboPush  Sign In/input_form-control m-input'

2018-08-10 14:16:15 - [TEST_STEP][PASSED] - setText: Text 'bjafri5@gmail.com' is set on object 'Object Repository/Page_KiboPush  Sign In/input_form-control m-input_1'

2018-08-10 14:16:15 - [MESSAGE][PASSED] - Text 'bjafri5@gmail.com' is set on object 'Object Repository/Page_KiboPush  Sign In/input_form-control m-input_1'

2018-08-10 14:16:15 - [TEST_STEP][PASSED] - setEncryptedText: Text ****** has been set on object 'Object Repository/Page_KiboPush  Sign In/input_form-control m-input_2'

2018-08-10 14:16:15 - [MESSAGE][PASSED] - Text ****** has been set on object 'Object Repository/Page_KiboPush  Sign In/input_form-control m-input_2'

2018-08-10 14:16:15 - [TEST_STEP][PASSED] - click: Object: 'Object Repository/Page_KiboPush  Sign In/button_Sign In' is clicked on

2018-08-10 14:16:15 - [MESSAGE][PASSED] - Object: 'Object Repository/Page_KiboPush  Sign In/button_Sign In' is clicked on

2018-08-10 14:16:15 - [TEST_STEP][PASSED] - click: Object: 'Object Repository/Page_KiboPush  Dashboard/span_Broadcasts' is clicked on

2018-08-10 14:16:17 - [MESSAGE][PASSED] - Object: 'Object Repository/Page_KiboPush  Dashboard/span_Broadcasts' is clicked on

2018-08-10 14:16:17 - [TEST_STEP][PASSED] - click: Object: 'Object Repository/Page_KiboPush  Broadcast/span_Create New Broadcast' is clicked on

2018-08-10 14:16:17 - [MESSAGE][PASSED] - Object: 'Object Repository/Page_KiboPush  Broadcast/span_Create New Broadcast' is clicked on

2018-08-10 14:16:17 - [TEST_STEP][PASSED] - click: Object: 'Object Repository/Page_KiboPush  Broadcast/a_Create New Broadcast' is clicked on

2018-08-10 14:16:18 - [MESSAGE][PASSED] - Object: 'Object Repository/Page_KiboPush  Broadcast/a_Create New Broadcast' is clicked on

2018-08-10 14:16:18 - [TEST_STEP][PASSED] - delay: Delayed 1 second(s)

2018-08-10 14:16:19 - [MESSAGE][PASSED] - Delayed 1 second(s)

2018-08-10 14:16:19 - [TEST_STEP][PASSED] - click: Object: 'Object Repository/Page_KiboPush  Create Broadcast/div_Card (3) (1)' is clicked on

2018-08-10 14:16:19 - [MESSAGE][PASSED] - Object: 'Object Repository/Page_KiboPush  Create Broadcast/div_Card (3) (1)' is clicked on

2018-08-10 14:16:19 - [TEST_STEP][PASSED] - delay: Delayed 1 second(s)

2018-08-10 14:16:20 - [MESSAGE][PASSED] - Delayed 1 second(s)

2018-08-10 14:16:20 - [TEST_STEP][PASSED] - Statement - img = com.kms.katalon.core.configuration.RunConfiguration.getProjectDir() + "/sample.jpg": null

2018-08-10 14:16:20 - [TEST_STEP][PASSED] - uploadFile: File '/Users/baqarjafri/Katalon Studio/KiboPush/sample.jpg' sent to object: 'Object Repository/Page_KiboPush  Create Broadcast/input_file'

2018-08-10 14:16:20 - [MESSAGE][PASSED] - File '/Users/baqarjafri/Katalon Studio/KiboPush/sample.jpg' sent to object: 'Object Repository/Page_KiboPush  Create Broadcast/input_file'

2018-08-10 14:16:20 - [TEST_STEP][PASSED] - verifyElementPresent: Object 'Object Repository/Page_KiboPush  Create Broadcast/img' is present

2018-08-10 14:16:21 - [MESSAGE][PASSED] - Object 'Object Repository/Page_KiboPush  Create Broadcast/img' is present

2018-08-10 14:16:21 - [TEST_STEP][PASSED] - closeBrowser: Browser is closed

2018-08-10 14:16:21 - [MESSAGE][PASSED] - Browser is closed]]></system-out>
         <system-err><![CDATA[]]></system-err>
      </testcase>
      <testcase name="Test Cases/TC0147" classname="Test Cases/TC0147" status="PASSED">
         <system-out><![CDATA[2018-08-10 14:16:21 - [TEST_CASE][PASSED] - Test Cases/TC0147: Test Cases/TC0147

2018-08-10 14:16:21 - [TEST_STEP][PASSED] - openBrowser: Browser is opened with url: ''

2018-08-10 14:16:22 - [MESSAGE][PASSED] - Browser is opened with url: ''

2018-08-10 14:16:22 - [TEST_STEP][PASSED] - navigateToUrl: Navigate to 'https://staging.kibopush.com/' successfully

2018-08-10 14:16:30 - [MESSAGE][PASSED] - Navigate to 'https://staging.kibopush.com/' successfully

2018-08-10 14:16:30 - [TEST_STEP][PASSED] - click: Object: 'Object Repository/Page_KiboPush  Sign In/a_Login' is clicked on

2018-08-10 14:16:30 - [MESSAGE][PASSED] - Object: 'Object Repository/Page_KiboPush  Sign In/a_Login' is clicked on

2018-08-10 14:16:30 - [TEST_STEP][PASSED] - click: Object: 'Object Repository/Page_KiboPush  Sign In/button_Team Account' is clicked on

2018-08-10 14:16:30 - [MESSAGE][PASSED] - Object: 'Object Repository/Page_KiboPush  Sign In/button_Team Account' is clicked on

2018-08-10 14:16:30 - [TEST_STEP][PASSED] - setText: Text 'kibopush.com' is set on object 'Object Repository/Page_KiboPush  Sign In/input_form-control m-input'

2018-08-10 14:16:30 - [MESSAGE][PASSED] - Text 'kibopush.com' is set on object 'Object Repository/Page_KiboPush  Sign In/input_form-control m-input'

2018-08-10 14:16:30 - [TEST_STEP][PASSED] - setText: Text 'bjafri5@gmail.com' is set on object 'Object Repository/Page_KiboPush  Sign In/input_form-control m-input_1'

2018-08-10 14:16:31 - [MESSAGE][PASSED] - Text 'bjafri5@gmail.com' is set on object 'Object Repository/Page_KiboPush  Sign In/input_form-control m-input_1'

2018-08-10 14:16:31 - [TEST_STEP][PASSED] - setEncryptedText: Text ****** has been set on object 'Object Repository/Page_KiboPush  Sign In/input_form-control m-input_2'

2018-08-10 14:16:31 - [MESSAGE][PASSED] - Text ****** has been set on object 'Object Repository/Page_KiboPush  Sign In/input_form-control m-input_2'

2018-08-10 14:16:31 - [TEST_STEP][PASSED] - click: Object: 'Object Repository/Page_KiboPush  Sign In/button_Sign In' is clicked on

2018-08-10 14:16:31 - [MESSAGE][PASSED] - Object: 'Object Repository/Page_KiboPush  Sign In/button_Sign In' is clicked on

2018-08-10 14:16:31 - [TEST_STEP][PASSED] - click: Object: 'Object Repository/Page_KiboPush  Dashboard/span_Broadcasts' is clicked on

2018-08-10 14:16:33 - [MESSAGE][PASSED] - Object: 'Object Repository/Page_KiboPush  Dashboard/span_Broadcasts' is clicked on

2018-08-10 14:16:33 - [TEST_STEP][PASSED] - click: Object: 'Object Repository/Page_KiboPush  Broadcast/span_Create New Broadcast' is clicked on

2018-08-10 14:16:33 - [MESSAGE][PASSED] - Object: 'Object Repository/Page_KiboPush  Broadcast/span_Create New Broadcast' is clicked on

2018-08-10 14:16:33 - [TEST_STEP][PASSED] - click: Object: 'Object Repository/Page_KiboPush  Broadcast/a_Create New Broadcast' is clicked on

2018-08-10 14:16:33 - [MESSAGE][PASSED] - Object: 'Object Repository/Page_KiboPush  Broadcast/a_Create New Broadcast' is clicked on

2018-08-10 14:16:33 - [TEST_STEP][PASSED] - delay: Delayed 1 second(s)

2018-08-10 14:16:34 - [MESSAGE][PASSED] - Delayed 1 second(s)

2018-08-10 14:16:34 - [TEST_STEP][PASSED] - click: Object: 'Object Repository/Page_KiboPush  Create Broadcast/div_Card' is clicked on

2018-08-10 14:16:34 - [MESSAGE][PASSED] - Object: 'Object Repository/Page_KiboPush  Create Broadcast/div_Card' is clicked on

2018-08-10 14:16:34 - [TEST_STEP][PASSED] - click: Object: 'Object Repository/Page_KiboPush  Create Broadcast/div_ Add Button' is clicked on

2018-08-10 14:16:35 - [MESSAGE][PASSED] - Object: 'Object Repository/Page_KiboPush  Create Broadcast/div_ Add Button' is clicked on

2018-08-10 14:16:35 - [TEST_STEP][PASSED] - setText: Text 'KiboPush' is set on object 'Object Repository/Page_KiboPush  Create Broadcast/input_form-control'

2018-08-10 14:16:35 - [MESSAGE][PASSED] - Text 'KiboPush' is set on object 'Object Repository/Page_KiboPush  Create Broadcast/input_form-control'

2018-08-10 14:16:35 - [TEST_STEP][PASSED] - click: Object: 'Object Repository/Page_KiboPush  Create Broadcast/div_Open a website' is clicked on

2018-08-10 14:16:35 - [MESSAGE][PASSED] - Object: 'Object Repository/Page_KiboPush  Create Broadcast/div_Open a website' is clicked on

2018-08-10 14:16:35 - [TEST_STEP][PASSED] - setText: Text 'kibopush.com' is set on object 'Object Repository/Page_KiboPush  Create Broadcast/input_form-control_1'

2018-08-10 14:16:35 - [MESSAGE][PASSED] - Text 'kibopush.com' is set on object 'Object Repository/Page_KiboPush  Create Broadcast/input_form-control_1'

2018-08-10 14:16:35 - [TEST_STEP][PASSED] - click: Object: 'Object Repository/Page_KiboPush  Create Broadcast/button_Done' is clicked on

2018-08-10 14:16:36 - [MESSAGE][PASSED] - Object: 'Object Repository/Page_KiboPush  Create Broadcast/button_Done' is clicked on]]></system-out>
         <system-err><![CDATA[]]></system-err>
      </testcase>
      <testcase name="Test Cases/TC0150" classname="Test Cases/TC0150" status="PASSED">
         <system-out><![CDATA[2018-08-10 14:16:36 - [TEST_CASE][PASSED] - Test Cases/TC0150: Test Cases/TC0150

2018-08-10 14:16:36 - [TEST_STEP][PASSED] - callTestCase: Call Test Case 'Test Cases/Login' successfully

2018-08-10 14:16:36 - [TEST_CASE][PASSED] - Test Cases/Login: Test Cases/Login

2018-08-10 14:16:36 - [TEST_STEP][PASSED] - openBrowser: Browser is opened with url: ''

2018-08-10 14:16:36 - [MESSAGE][WARNING] - A browser is already opened. Closing browser and opening a new one

2018-08-10 14:16:37 - [MESSAGE][PASSED] - Browser is opened with url: ''

2018-08-10 14:16:37 - [TEST_STEP][PASSED] - navigateToUrl: Navigate to 'https://staging.kibopush.com/' successfully

2018-08-10 14:16:52 - [MESSAGE][PASSED] - Navigate to 'https://staging.kibopush.com/' successfully

2018-08-10 14:16:52 - [TEST_STEP][PASSED] - click: Object: 'Object Repository/Page_KiboPush  Sign In/a_Login' is clicked on

2018-08-10 14:16:52 - [MESSAGE][PASSED] - Object: 'Object Repository/Page_KiboPush  Sign In/a_Login' is clicked on

2018-08-10 14:16:52 - [TEST_STEP][PASSED] - click: Object: 'Object Repository/Page_KiboPush  Sign In/button_Team Account' is clicked on

2018-08-10 14:16:52 - [MESSAGE][PASSED] - Object: 'Object Repository/Page_KiboPush  Sign In/button_Team Account' is clicked on

2018-08-10 14:16:52 - [TEST_STEP][PASSED] - setText: Text 'kibopush.com' is set on object 'Object Repository/Page_KiboPush  Sign In/input_form-control m-input'

2018-08-10 14:16:52 - [MESSAGE][PASSED] - Text 'kibopush.com' is set on object 'Object Repository/Page_KiboPush  Sign In/input_form-control m-input'

2018-08-10 14:16:52 - [TEST_STEP][PASSED] - setText: Text 'bjafri5@gmail.com' is set on object 'Object Repository/Page_KiboPush  Sign In/input_form-control m-input_1'

2018-08-10 14:16:53 - [MESSAGE][PASSED] - Text 'bjafri5@gmail.com' is set on object 'Object Repository/Page_KiboPush  Sign In/input_form-control m-input_1'

2018-08-10 14:16:53 - [TEST_STEP][PASSED] - setEncryptedText: Text ****** has been set on object 'Object Repository/Page_KiboPush  Sign In/input_form-control m-input_2'

2018-08-10 14:16:53 - [MESSAGE][PASSED] - Text ****** has been set on object 'Object Repository/Page_KiboPush  Sign In/input_form-control m-input_2'

2018-08-10 14:16:53 - [TEST_STEP][PASSED] - click: Object: 'Object Repository/Page_KiboPush  Sign In/button_Sign In' is clicked on

2018-08-10 14:16:53 - [MESSAGE][PASSED] - Object: 'Object Repository/Page_KiboPush  Sign In/button_Sign In' is clicked on

2018-08-10 14:16:53 - [MESSAGE][PASSED] - Call Test Case 'Test Cases/Login' successfully

2018-08-10 14:16:53 - [TEST_STEP][PASSED] - click: Object: 'Object Repository/Page_KiboPush  Dashboard/span_Broadcasts' is clicked on

2018-08-10 14:16:55 - [MESSAGE][PASSED] - Object: 'Object Repository/Page_KiboPush  Dashboard/span_Broadcasts' is clicked on

2018-08-10 14:16:55 - [TEST_STEP][PASSED] - click: Object: 'Object Repository/Page_KiboPush  Broadcast/span_Create New Broadcast' is clicked on

2018-08-10 14:16:55 - [MESSAGE][PASSED] - Object: 'Object Repository/Page_KiboPush  Broadcast/span_Create New Broadcast' is clicked on

2018-08-10 14:16:55 - [TEST_STEP][PASSED] - click: Object: 'Object Repository/Page_KiboPush  Broadcast/a_Create New Broadcast' is clicked on

2018-08-10 14:16:55 - [MESSAGE][PASSED] - Object: 'Object Repository/Page_KiboPush  Broadcast/a_Create New Broadcast' is clicked on

2018-08-10 14:16:55 - [TEST_STEP][PASSED] - delay: Delayed 1 second(s)

2018-08-10 14:16:56 - [MESSAGE][PASSED] - Delayed 1 second(s)

2018-08-10 14:16:56 - [TEST_STEP][PASSED] - click: Object: 'Object Repository/Page_KiboPush  Create Broadcast/div_Gallery (1)' is clicked on

2018-08-10 14:16:57 - [MESSAGE][PASSED] - Object: 'Object Repository/Page_KiboPush  Create Broadcast/div_Gallery (1)' is clicked on

2018-08-10 14:16:57 - [TEST_STEP][PASSED] - click: Object: 'Object Repository/Page_KiboPush  Create Broadcast/div_New Gallery Component Adde (1)' is clicked on

2018-08-10 14:16:57 - [MESSAGE][PASSED] - Object: 'Object Repository/Page_KiboPush  Create Broadcast/div_New Gallery Component Adde (1)' is clicked on

2018-08-10 14:16:57 - [TEST_STEP][PASSED] - click: Object: 'Object Repository/Page_KiboPush  Create Broadcast/span_slick-arrow slick-next (2)' is clicked on

2018-08-10 14:16:57 - [MESSAGE][PASSED] - Object: 'Object Repository/Page_KiboPush  Create Broadcast/span_slick-arrow slick-next (2)' is clicked on

2018-08-10 14:16:57 - [TEST_STEP][PASSED] - delay: Delayed 1 second(s)

2018-08-10 14:16:58 - [MESSAGE][PASSED] - Delayed 1 second(s)

2018-08-10 14:16:58 - [TEST_STEP][PASSED] - click: Object: 'Object Repository/Page_KiboPush  Create Broadcast/span_slick-arrow slick-prev (1) (1)' is clicked on

2018-08-10 14:16:58 - [MESSAGE][PASSED] - Object: 'Object Repository/Page_KiboPush  Create Broadcast/span_slick-arrow slick-prev (1) (1)' is clicked on

2018-08-10 14:16:58 - [TEST_STEP][PASSED] - delay: Delayed 1 second(s)

2018-08-10 14:16:59 - [MESSAGE][PASSED] - Delayed 1 second(s)]]></system-out>
         <system-err><![CDATA[]]></system-err>
      </testcase>
      <testcase name="Test Cases/TC0151" classname="Test Cases/TC0151" status="PASSED">
         <system-out><![CDATA[2018-08-10 14:16:59 - [TEST_CASE][PASSED] - Test Cases/TC0151: Test Cases/TC0151

2018-08-10 14:16:59 - [TEST_STEP][PASSED] - callTestCase: Call Test Case 'Test Cases/TC0150' successfully

2018-08-10 14:16:59 - [TEST_CASE][PASSED] - Test Cases/TC0150: Test Cases/TC0150

2018-08-10 14:16:59 - [TEST_STEP][PASSED] - callTestCase: Call Test Case 'Test Cases/Login' successfully

2018-08-10 14:16:59 - [TEST_CASE][PASSED] - Test Cases/Login: Test Cases/Login

2018-08-10 14:16:59 - [TEST_STEP][PASSED] - openBrowser: Browser is opened with url: ''

2018-08-10 14:16:59 - [MESSAGE][WARNING] - A browser is already opened. Closing browser and opening a new one

2018-08-10 14:17:01 - [MESSAGE][PASSED] - Browser is opened with url: ''

2018-08-10 14:17:01 - [TEST_STEP][PASSED] - navigateToUrl: Navigate to 'https://staging.kibopush.com/' successfully

2018-08-10 14:17:09 - [MESSAGE][PASSED] - Navigate to 'https://staging.kibopush.com/' successfully

2018-08-10 14:17:09 - [TEST_STEP][PASSED] - click: Object: 'Object Repository/Page_KiboPush  Sign In/a_Login' is clicked on

2018-08-10 14:17:09 - [MESSAGE][PASSED] - Object: 'Object Repository/Page_KiboPush  Sign In/a_Login' is clicked on

2018-08-10 14:17:09 - [TEST_STEP][PASSED] - click: Object: 'Object Repository/Page_KiboPush  Sign In/button_Team Account' is clicked on

2018-08-10 14:17:09 - [MESSAGE][PASSED] - Object: 'Object Repository/Page_KiboPush  Sign In/button_Team Account' is clicked on

2018-08-10 14:17:09 - [TEST_STEP][PASSED] - setText: Text 'kibopush.com' is set on object 'Object Repository/Page_KiboPush  Sign In/input_form-control m-input'

2018-08-10 14:17:09 - [MESSAGE][PASSED] - Text 'kibopush.com' is set on object 'Object Repository/Page_KiboPush  Sign In/input_form-control m-input'

2018-08-10 14:17:09 - [TEST_STEP][PASSED] - setText: Text 'bjafri5@gmail.com' is set on object 'Object Repository/Page_KiboPush  Sign In/input_form-control m-input_1'

2018-08-10 14:17:10 - [MESSAGE][PASSED] - Text 'bjafri5@gmail.com' is set on object 'Object Repository/Page_KiboPush  Sign In/input_form-control m-input_1'

2018-08-10 14:17:10 - [TEST_STEP][PASSED] - setEncryptedText: Text ****** has been set on object 'Object Repository/Page_KiboPush  Sign In/input_form-control m-input_2'

2018-08-10 14:17:10 - [MESSAGE][PASSED] - Text ****** has been set on object 'Object Repository/Page_KiboPush  Sign In/input_form-control m-input_2'

2018-08-10 14:17:10 - [TEST_STEP][PASSED] - click: Object: 'Object Repository/Page_KiboPush  Sign In/button_Sign In' is clicked on

2018-08-10 14:17:10 - [MESSAGE][PASSED] - Object: 'Object Repository/Page_KiboPush  Sign In/button_Sign In' is clicked on

2018-08-10 14:17:10 - [MESSAGE][PASSED] - Call Test Case 'Test Cases/Login' successfully

2018-08-10 14:17:10 - [TEST_STEP][PASSED] - click: Object: 'Object Repository/Page_KiboPush  Dashboard/span_Broadcasts' is clicked on

2018-08-10 14:17:12 - [MESSAGE][PASSED] - Object: 'Object Repository/Page_KiboPush  Dashboard/span_Broadcasts' is clicked on

2018-08-10 14:17:12 - [TEST_STEP][PASSED] - click: Object: 'Object Repository/Page_KiboPush  Broadcast/span_Create New Broadcast' is clicked on

2018-08-10 14:17:12 - [MESSAGE][PASSED] - Object: 'Object Repository/Page_KiboPush  Broadcast/span_Create New Broadcast' is clicked on

2018-08-10 14:17:12 - [TEST_STEP][PASSED] - click: Object: 'Object Repository/Page_KiboPush  Broadcast/a_Create New Broadcast' is clicked on

2018-08-10 14:17:12 - [MESSAGE][PASSED] - Object: 'Object Repository/Page_KiboPush  Broadcast/a_Create New Broadcast' is clicked on

2018-08-10 14:17:12 - [TEST_STEP][PASSED] - delay: Delayed 1 second(s)

2018-08-10 14:17:13 - [MESSAGE][PASSED] - Delayed 1 second(s)

2018-08-10 14:17:13 - [TEST_STEP][PASSED] - click: Object: 'Object Repository/Page_KiboPush  Create Broadcast/div_Gallery (1)' is clicked on

2018-08-10 14:17:13 - [MESSAGE][PASSED] - Object: 'Object Repository/Page_KiboPush  Create Broadcast/div_Gallery (1)' is clicked on

2018-08-10 14:17:13 - [TEST_STEP][PASSED] - click: Object: 'Object Repository/Page_KiboPush  Create Broadcast/div_New Gallery Component Adde (1)' is clicked on

2018-08-10 14:17:14 - [MESSAGE][PASSED] - Object: 'Object Repository/Page_KiboPush  Create Broadcast/div_New Gallery Component Adde (1)' is clicked on

2018-08-10 14:17:14 - [TEST_STEP][PASSED] - click: Object: 'Object Repository/Page_KiboPush  Create Broadcast/span_slick-arrow slick-next (2)' is clicked on

2018-08-10 14:17:14 - [MESSAGE][PASSED] - Object: 'Object Repository/Page_KiboPush  Create Broadcast/span_slick-arrow slick-next (2)' is clicked on

2018-08-10 14:17:14 - [TEST_STEP][PASSED] - delay: Delayed 1 second(s)

2018-08-10 14:17:15 - [MESSAGE][PASSED] - Delayed 1 second(s)

2018-08-10 14:17:15 - [TEST_STEP][PASSED] - click: Object: 'Object Repository/Page_KiboPush  Create Broadcast/span_slick-arrow slick-prev (1) (1)' is clicked on

2018-08-10 14:17:15 - [MESSAGE][PASSED] - Object: 'Object Repository/Page_KiboPush  Create Broadcast/span_slick-arrow slick-prev (1) (1)' is clicked on

2018-08-10 14:17:15 - [TEST_STEP][PASSED] - delay: Delayed 1 second(s)

2018-08-10 14:17:16 - [MESSAGE][PASSED] - Delayed 1 second(s)

2018-08-10 14:17:16 - [MESSAGE][PASSED] - Call Test Case 'Test Cases/TC0150' successfully

2018-08-10 14:17:16 - [TEST_STEP][PASSED] - click: Object: 'Object Repository/Page_KiboPush  Create Broadcast/button_Next (5)' is clicked on

2018-08-10 14:17:16 - [MESSAGE][PASSED] - Object: 'Object Repository/Page_KiboPush  Create Broadcast/button_Next (5)' is clicked on

2018-08-10 14:17:16 - [TEST_STEP][PASSED] - click: Object: 'Object Repository/Page_KiboPush  Create Broadcast/div_All cards in a gallery can' is clicked on

2018-08-10 14:17:16 - [MESSAGE][PASSED] - Object: 'Object Repository/Page_KiboPush  Create Broadcast/div_All cards in a gallery can' is clicked on

2018-08-10 14:17:16 - [TEST_STEP][PASSED] - closeBrowser: Browser is closed

2018-08-10 14:17:16 - [MESSAGE][PASSED] - Browser is closed]]></system-out>
         <system-err><![CDATA[]]></system-err>
      </testcase>
      <testcase name="Test Cases/TC0152" classname="Test Cases/TC0152" status="PASSED">
         <system-out><![CDATA[2018-08-10 14:17:16 - [TEST_CASE][PASSED] - Test Cases/TC0152: Test Cases/TC0152

2018-08-10 14:17:16 - [TEST_STEP][PASSED] - callTestCase: Call Test Case 'Test Cases/TC0150' successfully

2018-08-10 14:17:16 - [TEST_CASE][PASSED] - Test Cases/TC0150: Test Cases/TC0150

2018-08-10 14:17:16 - [TEST_STEP][PASSED] - callTestCase: Call Test Case 'Test Cases/Login' successfully

2018-08-10 14:17:16 - [TEST_CASE][PASSED] - Test Cases/Login: Test Cases/Login

2018-08-10 14:17:17 - [TEST_STEP][PASSED] - openBrowser: Browser is opened with url: ''

2018-08-10 14:17:17 - [MESSAGE][PASSED] - Browser is opened with url: ''

2018-08-10 14:17:17 - [TEST_STEP][PASSED] - navigateToUrl: Navigate to 'https://staging.kibopush.com/' successfully

2018-08-10 14:17:29 - [MESSAGE][PASSED] - Navigate to 'https://staging.kibopush.com/' successfully

2018-08-10 14:17:29 - [TEST_STEP][PASSED] - click: Object: 'Object Repository/Page_KiboPush  Sign In/a_Login' is clicked on

2018-08-10 14:17:29 - [MESSAGE][PASSED] - Object: 'Object Repository/Page_KiboPush  Sign In/a_Login' is clicked on

2018-08-10 14:17:29 - [TEST_STEP][PASSED] - click: Object: 'Object Repository/Page_KiboPush  Sign In/button_Team Account' is clicked on

2018-08-10 14:17:29 - [MESSAGE][PASSED] - Object: 'Object Repository/Page_KiboPush  Sign In/button_Team Account' is clicked on

2018-08-10 14:17:29 - [TEST_STEP][PASSED] - setText: Text 'kibopush.com' is set on object 'Object Repository/Page_KiboPush  Sign In/input_form-control m-input'

2018-08-10 14:17:29 - [MESSAGE][PASSED] - Text 'kibopush.com' is set on object 'Object Repository/Page_KiboPush  Sign In/input_form-control m-input'

2018-08-10 14:17:29 - [TEST_STEP][PASSED] - setText: Text 'bjafri5@gmail.com' is set on object 'Object Repository/Page_KiboPush  Sign In/input_form-control m-input_1'

2018-08-10 14:17:30 - [MESSAGE][PASSED] - Text 'bjafri5@gmail.com' is set on object 'Object Repository/Page_KiboPush  Sign In/input_form-control m-input_1'

2018-08-10 14:17:30 - [TEST_STEP][PASSED] - setEncryptedText: Text ****** has been set on object 'Object Repository/Page_KiboPush  Sign In/input_form-control m-input_2'

2018-08-10 14:17:30 - [MESSAGE][PASSED] - Text ****** has been set on object 'Object Repository/Page_KiboPush  Sign In/input_form-control m-input_2'

2018-08-10 14:17:30 - [TEST_STEP][PASSED] - click: Object: 'Object Repository/Page_KiboPush  Sign In/button_Sign In' is clicked on

2018-08-10 14:17:30 - [MESSAGE][PASSED] - Object: 'Object Repository/Page_KiboPush  Sign In/button_Sign In' is clicked on

2018-08-10 14:17:30 - [MESSAGE][PASSED] - Call Test Case 'Test Cases/Login' successfully

2018-08-10 14:17:30 - [TEST_STEP][PASSED] - click: Object: 'Object Repository/Page_KiboPush  Dashboard/span_Broadcasts' is clicked on

2018-08-10 14:17:32 - [MESSAGE][PASSED] - Object: 'Object Repository/Page_KiboPush  Dashboard/span_Broadcasts' is clicked on

2018-08-10 14:17:32 - [TEST_STEP][PASSED] - click: Object: 'Object Repository/Page_KiboPush  Broadcast/span_Create New Broadcast' is clicked on

2018-08-10 14:17:32 - [MESSAGE][PASSED] - Object: 'Object Repository/Page_KiboPush  Broadcast/span_Create New Broadcast' is clicked on

2018-08-10 14:17:32 - [TEST_STEP][PASSED] - click: Object: 'Object Repository/Page_KiboPush  Broadcast/a_Create New Broadcast' is clicked on

2018-08-10 14:17:32 - [MESSAGE][PASSED] - Object: 'Object Repository/Page_KiboPush  Broadcast/a_Create New Broadcast' is clicked on

2018-08-10 14:17:32 - [TEST_STEP][PASSED] - delay: Delayed 1 second(s)

2018-08-10 14:17:33 - [MESSAGE][PASSED] - Delayed 1 second(s)

2018-08-10 14:17:33 - [TEST_STEP][PASSED] - click: Object: 'Object Repository/Page_KiboPush  Create Broadcast/div_Gallery (1)' is clicked on

2018-08-10 14:17:34 - [MESSAGE][PASSED] - Object: 'Object Repository/Page_KiboPush  Create Broadcast/div_Gallery (1)' is clicked on

2018-08-10 14:17:34 - [TEST_STEP][PASSED] - click: Object: 'Object Repository/Page_KiboPush  Create Broadcast/div_New Gallery Component Adde (1)' is clicked on

2018-08-10 14:17:34 - [MESSAGE][PASSED] - Object: 'Object Repository/Page_KiboPush  Create Broadcast/div_New Gallery Component Adde (1)' is clicked on

2018-08-10 14:17:34 - [TEST_STEP][PASSED] - click: Object: 'Object Repository/Page_KiboPush  Create Broadcast/span_slick-arrow slick-next (2)' is clicked on

2018-08-10 14:17:34 - [MESSAGE][PASSED] - Object: 'Object Repository/Page_KiboPush  Create Broadcast/span_slick-arrow slick-next (2)' is clicked on

2018-08-10 14:17:34 - [TEST_STEP][PASSED] - delay: Delayed 1 second(s)

2018-08-10 14:17:35 - [MESSAGE][PASSED] - Delayed 1 second(s)

2018-08-10 14:17:35 - [TEST_STEP][PASSED] - click: Object: 'Object Repository/Page_KiboPush  Create Broadcast/span_slick-arrow slick-prev (1) (1)' is clicked on

2018-08-10 14:17:35 - [MESSAGE][PASSED] - Object: 'Object Repository/Page_KiboPush  Create Broadcast/span_slick-arrow slick-prev (1) (1)' is clicked on

2018-08-10 14:17:35 - [TEST_STEP][PASSED] - delay: Delayed 1 second(s)

2018-08-10 14:17:36 - [MESSAGE][PASSED] - Delayed 1 second(s)

2018-08-10 14:17:36 - [MESSAGE][PASSED] - Call Test Case 'Test Cases/TC0150' successfully

2018-08-10 14:17:36 - [TEST_STEP][PASSED] - setText: Text 'Title' is set on object 'Object Repository/Page_KiboPush  Create Broadcast/input_form-control (6)'

2018-08-10 14:17:36 - [MESSAGE][PASSED] - Text 'Title' is set on object 'Object Repository/Page_KiboPush  Create Broadcast/input_form-control (6)'

2018-08-10 14:17:36 - [TEST_STEP][PASSED] - setText: Text 'Subtitle' is set on object 'Object Repository/Page_KiboPush  Create Broadcast/textarea_form-control'

2018-08-10 14:17:37 - [MESSAGE][PASSED] - Text 'Subtitle' is set on object 'Object Repository/Page_KiboPush  Create Broadcast/textarea_form-control'

2018-08-10 14:17:37 - [TEST_STEP][PASSED] - click: Object: 'Object Repository/Page_KiboPush  Create Broadcast/h6_ Add Button (1)' is clicked on

2018-08-10 14:17:37 - [MESSAGE][PASSED] - Object: 'Object Repository/Page_KiboPush  Create Broadcast/h6_ Add Button (1)' is clicked on

2018-08-10 14:17:37 - [TEST_STEP][PASSED] - click: Object: 'Object Repository/Page_KiboPush  Create Broadcast/button_Cancel (1)' is clicked on

2018-08-10 14:17:37 - [MESSAGE][PASSED] - Object: 'Object Repository/Page_KiboPush  Create Broadcast/button_Cancel (1)' is clicked on

2018-08-10 14:17:37 - [TEST_STEP][PASSED] - click: Object: 'Object Repository/Page_KiboPush  Create Broadcast/div_ Add Button (3)' is clicked on

2018-08-10 14:17:37 - [MESSAGE][PASSED] - Object: 'Object Repository/Page_KiboPush  Create Broadcast/div_ Add Button (3)' is clicked on

2018-08-10 14:17:37 - [TEST_STEP][PASSED] - setText: Text 'KiboPush' is set on object 'Object Repository/Page_KiboPush  Create Broadcast/input_form-control_1 (2)'

2018-08-10 14:17:37 - [MESSAGE][PASSED] - Text 'KiboPush' is set on object 'Object Repository/Page_KiboPush  Create Broadcast/input_form-control_1 (2)'

2018-08-10 14:17:37 - [TEST_STEP][PASSED] - click: Object: 'Object Repository/Page_KiboPush  Create Broadcast/div_Open a website (2)' is clicked on

2018-08-10 14:17:37 - [MESSAGE][PASSED] - Object: 'Object Repository/Page_KiboPush  Create Broadcast/div_Open a website (2)' is clicked on

2018-08-10 14:17:37 - [TEST_STEP][PASSED] - setText: Text 'kibopush.com' is set on object 'Object Repository/Page_KiboPush  Create Broadcast/input_form-control_2'

2018-08-10 14:17:38 - [MESSAGE][PASSED] - Text 'kibopush.com' is set on object 'Object Repository/Page_KiboPush  Create Broadcast/input_form-control_2'

2018-08-10 14:17:38 - [TEST_STEP][PASSED] - click: Object: 'Object Repository/Page_KiboPush  Create Broadcast/button_Done (2)' is clicked on

2018-08-10 14:17:38 - [MESSAGE][PASSED] - Object: 'Object Repository/Page_KiboPush  Create Broadcast/button_Done (2)' is clicked on

2018-08-10 14:17:38 - [TEST_STEP][PASSED] - scrollToPosition: Browser is scrolled to position x = 0, y = 0

2018-08-10 14:17:38 - [MESSAGE][PASSED] - Browser is scrolled to position x = 0, y = 0

2018-08-10 14:17:38 - [TEST_STEP][PASSED] - delay: Delayed 1 second(s)

2018-08-10 14:17:39 - [MESSAGE][PASSED] - Delayed 1 second(s)

2018-08-10 14:17:39 - [TEST_STEP][PASSED] - click: Object: 'Object Repository/Page_KiboPush  Create Broadcast/button_Next (6)' is clicked on

2018-08-10 14:17:39 - [MESSAGE][PASSED] - Object: 'Object Repository/Page_KiboPush  Create Broadcast/button_Next (6)' is clicked on

2018-08-10 14:17:39 - [TEST_STEP][PASSED] - click: Object: 'Object Repository/Page_KiboPush  Create Broadcast/div_Card in gallery must have _1' is clicked on

2018-08-10 14:17:39 - [MESSAGE][PASSED] - Object: 'Object Repository/Page_KiboPush  Create Broadcast/div_Card in gallery must have _1' is clicked on]]></system-out>
         <system-err><![CDATA[]]></system-err>
      </testcase>
      <testcase name="Test Cases/TC0153" classname="Test Cases/TC0153" status="PASSED">
         <system-out><![CDATA[2018-08-10 14:17:39 - [TEST_CASE][PASSED] - Test Cases/TC0153: Test Cases/TC0153

2018-08-10 14:17:39 - [TEST_STEP][PASSED] - callTestCase: Call Test Case 'Test Cases/TC0150' successfully

2018-08-10 14:17:39 - [TEST_CASE][PASSED] - Test Cases/TC0150: Test Cases/TC0150

2018-08-10 14:17:39 - [TEST_STEP][PASSED] - callTestCase: Call Test Case 'Test Cases/Login' successfully

2018-08-10 14:17:39 - [TEST_CASE][PASSED] - Test Cases/Login: Test Cases/Login

2018-08-10 14:17:39 - [TEST_STEP][PASSED] - openBrowser: Browser is opened with url: ''

2018-08-10 14:17:39 - [MESSAGE][WARNING] - A browser is already opened. Closing browser and opening a new one

2018-08-10 14:17:40 - [MESSAGE][PASSED] - Browser is opened with url: ''

2018-08-10 14:17:40 - [TEST_STEP][PASSED] - navigateToUrl: Navigate to 'https://staging.kibopush.com/' successfully

2018-08-10 14:17:52 - [MESSAGE][PASSED] - Navigate to 'https://staging.kibopush.com/' successfully

2018-08-10 14:17:52 - [TEST_STEP][PASSED] - click: Object: 'Object Repository/Page_KiboPush  Sign In/a_Login' is clicked on

2018-08-10 14:17:52 - [MESSAGE][PASSED] - Object: 'Object Repository/Page_KiboPush  Sign In/a_Login' is clicked on

2018-08-10 14:17:52 - [TEST_STEP][PASSED] - click: Object: 'Object Repository/Page_KiboPush  Sign In/button_Team Account' is clicked on

2018-08-10 14:17:52 - [MESSAGE][PASSED] - Object: 'Object Repository/Page_KiboPush  Sign In/button_Team Account' is clicked on

2018-08-10 14:17:52 - [TEST_STEP][PASSED] - setText: Text 'kibopush.com' is set on object 'Object Repository/Page_KiboPush  Sign In/input_form-control m-input'

2018-08-10 14:17:53 - [MESSAGE][PASSED] - Text 'kibopush.com' is set on object 'Object Repository/Page_KiboPush  Sign In/input_form-control m-input'

2018-08-10 14:17:53 - [TEST_STEP][PASSED] - setText: Text 'bjafri5@gmail.com' is set on object 'Object Repository/Page_KiboPush  Sign In/input_form-control m-input_1'

2018-08-10 14:17:53 - [MESSAGE][PASSED] - Text 'bjafri5@gmail.com' is set on object 'Object Repository/Page_KiboPush  Sign In/input_form-control m-input_1'

2018-08-10 14:17:53 - [TEST_STEP][PASSED] - setEncryptedText: Text ****** has been set on object 'Object Repository/Page_KiboPush  Sign In/input_form-control m-input_2'

2018-08-10 14:17:53 - [MESSAGE][PASSED] - Text ****** has been set on object 'Object Repository/Page_KiboPush  Sign In/input_form-control m-input_2'

2018-08-10 14:17:53 - [TEST_STEP][PASSED] - click: Object: 'Object Repository/Page_KiboPush  Sign In/button_Sign In' is clicked on

2018-08-10 14:17:53 - [MESSAGE][PASSED] - Object: 'Object Repository/Page_KiboPush  Sign In/button_Sign In' is clicked on

2018-08-10 14:17:53 - [MESSAGE][PASSED] - Call Test Case 'Test Cases/Login' successfully

2018-08-10 14:17:53 - [TEST_STEP][PASSED] - click: Object: 'Object Repository/Page_KiboPush  Dashboard/span_Broadcasts' is clicked on

2018-08-10 14:17:55 - [MESSAGE][PASSED] - Object: 'Object Repository/Page_KiboPush  Dashboard/span_Broadcasts' is clicked on

2018-08-10 14:17:55 - [TEST_STEP][PASSED] - click: Object: 'Object Repository/Page_KiboPush  Broadcast/span_Create New Broadcast' is clicked on

2018-08-10 14:17:55 - [MESSAGE][PASSED] - Object: 'Object Repository/Page_KiboPush  Broadcast/span_Create New Broadcast' is clicked on

2018-08-10 14:17:55 - [TEST_STEP][PASSED] - click: Object: 'Object Repository/Page_KiboPush  Broadcast/a_Create New Broadcast' is clicked on

2018-08-10 14:17:56 - [MESSAGE][PASSED] - Object: 'Object Repository/Page_KiboPush  Broadcast/a_Create New Broadcast' is clicked on

2018-08-10 14:17:56 - [TEST_STEP][PASSED] - delay: Delayed 1 second(s)

2018-08-10 14:17:57 - [MESSAGE][PASSED] - Delayed 1 second(s)

2018-08-10 14:17:57 - [TEST_STEP][PASSED] - click: Object: 'Object Repository/Page_KiboPush  Create Broadcast/div_Gallery (1)' is clicked on

2018-08-10 14:17:57 - [MESSAGE][PASSED] - Object: 'Object Repository/Page_KiboPush  Create Broadcast/div_Gallery (1)' is clicked on

2018-08-10 14:17:57 - [TEST_STEP][PASSED] - click: Object: 'Object Repository/Page_KiboPush  Create Broadcast/div_New Gallery Component Adde (1)' is clicked on

2018-08-10 14:17:57 - [MESSAGE][PASSED] - Object: 'Object Repository/Page_KiboPush  Create Broadcast/div_New Gallery Component Adde (1)' is clicked on

2018-08-10 14:17:57 - [TEST_STEP][PASSED] - click: Object: 'Object Repository/Page_KiboPush  Create Broadcast/span_slick-arrow slick-next (2)' is clicked on

2018-08-10 14:17:57 - [MESSAGE][PASSED] - Object: 'Object Repository/Page_KiboPush  Create Broadcast/span_slick-arrow slick-next (2)' is clicked on

2018-08-10 14:17:57 - [TEST_STEP][PASSED] - delay: Delayed 1 second(s)

2018-08-10 14:17:58 - [MESSAGE][PASSED] - Delayed 1 second(s)

2018-08-10 14:17:58 - [TEST_STEP][PASSED] - click: Object: 'Object Repository/Page_KiboPush  Create Broadcast/span_slick-arrow slick-prev (1) (1)' is clicked on

2018-08-10 14:17:58 - [MESSAGE][PASSED] - Object: 'Object Repository/Page_KiboPush  Create Broadcast/span_slick-arrow slick-prev (1) (1)' is clicked on

2018-08-10 14:17:58 - [TEST_STEP][PASSED] - delay: Delayed 1 second(s)

2018-08-10 14:17:59 - [MESSAGE][PASSED] - Delayed 1 second(s)

2018-08-10 14:17:59 - [MESSAGE][PASSED] - Call Test Case 'Test Cases/TC0150' successfully

2018-08-10 14:17:59 - [TEST_STEP][PASSED] - setText: Text 'Subtitle' is set on object 'Object Repository/Page_KiboPush  Create Broadcast/textarea_S'

2018-08-10 14:17:59 - [MESSAGE][PASSED] - Text 'Subtitle' is set on object 'Object Repository/Page_KiboPush  Create Broadcast/textarea_S'

2018-08-10 14:17:59 - [TEST_STEP][PASSED] - click: Object: 'Object Repository/Page_KiboPush  Create Broadcast/div_ Add Button' is clicked on

2018-08-10 14:18:00 - [MESSAGE][PASSED] - Object: 'Object Repository/Page_KiboPush  Create Broadcast/div_ Add Button' is clicked on

2018-08-10 14:18:00 - [TEST_STEP][PASSED] - setText: Text 'KiboPush' is set on object 'Object Repository/Page_KiboPush  Create Broadcast/input_form-control'

2018-08-10 14:18:00 - [MESSAGE][PASSED] - Text 'KiboPush' is set on object 'Object Repository/Page_KiboPush  Create Broadcast/input_form-control'

2018-08-10 14:18:00 - [TEST_STEP][PASSED] - click: Object: 'Object Repository/Page_KiboPush  Create Broadcast/div_Open a website' is clicked on

2018-08-10 14:18:00 - [MESSAGE][PASSED] - Object: 'Object Repository/Page_KiboPush  Create Broadcast/div_Open a website' is clicked on

2018-08-10 14:18:00 - [TEST_STEP][PASSED] - setText: Text 'kibopush.com' is set on object 'Object Repository/Page_KiboPush  Create Broadcast/input_form-control_2'

2018-08-10 14:18:00 - [MESSAGE][PASSED] - Text 'kibopush.com' is set on object 'Object Repository/Page_KiboPush  Create Broadcast/input_form-control_2'

2018-08-10 14:18:00 - [TEST_STEP][PASSED] - click: Object: 'Object Repository/Page_KiboPush  Create Broadcast/button_Done' is clicked on

2018-08-10 14:18:00 - [MESSAGE][PASSED] - Object: 'Object Repository/Page_KiboPush  Create Broadcast/button_Done' is clicked on

2018-08-10 14:18:00 - [TEST_STEP][PASSED] - Statement - img = com.kms.katalon.core.configuration.RunConfiguration.getProjectDir() + "/sample.jpg": null

2018-08-10 14:18:00 - [TEST_STEP][PASSED] - uploadFile: File '/Users/baqarjafri/Katalon Studio/KiboPush/sample.jpg' sent to object: 'Object Repository/Page_KiboPush  Create Broadcast/input_file'

2018-08-10 14:18:01 - [MESSAGE][PASSED] - File '/Users/baqarjafri/Katalon Studio/KiboPush/sample.jpg' sent to object: 'Object Repository/Page_KiboPush  Create Broadcast/input_file'

2018-08-10 14:18:01 - [TEST_STEP][PASSED] - verifyElementPresent: Object 'Object Repository/Page_KiboPush  Create Broadcast/gallery_image' is present

2018-08-10 14:18:02 - [MESSAGE][PASSED] - Object 'Object Repository/Page_KiboPush  Create Broadcast/gallery_image' is present

2018-08-10 14:18:02 - [TEST_STEP][PASSED] - scrollToPosition: Browser is scrolled to position x = 0, y = 0

2018-08-10 14:18:02 - [MESSAGE][PASSED] - Browser is scrolled to position x = 0, y = 0

2018-08-10 14:18:02 - [TEST_STEP][PASSED] - click: Object: 'Object Repository/Page_KiboPush  Create Broadcast/button_Next' is clicked on

2018-08-10 14:18:02 - [MESSAGE][PASSED] - Object: 'Object Repository/Page_KiboPush  Create Broadcast/button_Next' is clicked on

2018-08-10 14:18:02 - [TEST_STEP][PASSED] - click: Object: 'Object Repository/Page_KiboPush  Create Broadcast/div_Card in gallery must have (2)' is clicked on

2018-08-10 14:18:02 - [MESSAGE][PASSED] - Object: 'Object Repository/Page_KiboPush  Create Broadcast/div_Card in gallery must have (2)' is clicked on]]></system-out>
         <system-err><![CDATA[]]></system-err>
      </testcase>
      <testcase name="Test Cases/TC0154" classname="Test Cases/TC0154" status="PASSED">
         <system-out><![CDATA[2018-08-10 14:18:02 - [TEST_CASE][PASSED] - Test Cases/TC0154: Test Cases/TC0154

2018-08-10 14:18:02 - [TEST_STEP][PASSED] - callTestCase: Call Test Case 'Test Cases/TC0150' successfully

2018-08-10 14:18:02 - [TEST_CASE][PASSED] - Test Cases/TC0150: Test Cases/TC0150

2018-08-10 14:18:02 - [TEST_STEP][PASSED] - callTestCase: Call Test Case 'Test Cases/Login' successfully

2018-08-10 14:18:02 - [TEST_CASE][PASSED] - Test Cases/Login: Test Cases/Login

2018-08-10 14:18:02 - [TEST_STEP][PASSED] - openBrowser: Browser is opened with url: ''

2018-08-10 14:18:02 - [MESSAGE][WARNING] - A browser is already opened. Closing browser and opening a new one

2018-08-10 14:18:03 - [MESSAGE][PASSED] - Browser is opened with url: ''

2018-08-10 14:18:03 - [TEST_STEP][PASSED] - navigateToUrl: Navigate to 'https://staging.kibopush.com/' successfully

2018-08-10 14:18:11 - [MESSAGE][PASSED] - Navigate to 'https://staging.kibopush.com/' successfully

2018-08-10 14:18:11 - [TEST_STEP][PASSED] - click: Object: 'Object Repository/Page_KiboPush  Sign In/a_Login' is clicked on

2018-08-10 14:18:12 - [MESSAGE][PASSED] - Object: 'Object Repository/Page_KiboPush  Sign In/a_Login' is clicked on

2018-08-10 14:18:12 - [TEST_STEP][PASSED] - click: Object: 'Object Repository/Page_KiboPush  Sign In/button_Team Account' is clicked on

2018-08-10 14:18:12 - [MESSAGE][PASSED] - Object: 'Object Repository/Page_KiboPush  Sign In/button_Team Account' is clicked on

2018-08-10 14:18:12 - [TEST_STEP][PASSED] - setText: Text 'kibopush.com' is set on object 'Object Repository/Page_KiboPush  Sign In/input_form-control m-input'

2018-08-10 14:18:12 - [MESSAGE][PASSED] - Text 'kibopush.com' is set on object 'Object Repository/Page_KiboPush  Sign In/input_form-control m-input'

2018-08-10 14:18:12 - [TEST_STEP][PASSED] - setText: Text 'bjafri5@gmail.com' is set on object 'Object Repository/Page_KiboPush  Sign In/input_form-control m-input_1'

2018-08-10 14:18:12 - [MESSAGE][PASSED] - Text 'bjafri5@gmail.com' is set on object 'Object Repository/Page_KiboPush  Sign In/input_form-control m-input_1'

2018-08-10 14:18:12 - [TEST_STEP][PASSED] - setEncryptedText: Text ****** has been set on object 'Object Repository/Page_KiboPush  Sign In/input_form-control m-input_2'

2018-08-10 14:18:13 - [MESSAGE][PASSED] - Text ****** has been set on object 'Object Repository/Page_KiboPush  Sign In/input_form-control m-input_2'

2018-08-10 14:18:13 - [TEST_STEP][PASSED] - click: Object: 'Object Repository/Page_KiboPush  Sign In/button_Sign In' is clicked on

2018-08-10 14:18:13 - [MESSAGE][PASSED] - Object: 'Object Repository/Page_KiboPush  Sign In/button_Sign In' is clicked on

2018-08-10 14:18:13 - [MESSAGE][PASSED] - Call Test Case 'Test Cases/Login' successfully

2018-08-10 14:18:13 - [TEST_STEP][PASSED] - click: Object: 'Object Repository/Page_KiboPush  Dashboard/span_Broadcasts' is clicked on

2018-08-10 14:18:15 - [MESSAGE][PASSED] - Object: 'Object Repository/Page_KiboPush  Dashboard/span_Broadcasts' is clicked on

2018-08-10 14:18:15 - [TEST_STEP][PASSED] - click: Object: 'Object Repository/Page_KiboPush  Broadcast/span_Create New Broadcast' is clicked on

2018-08-10 14:18:15 - [MESSAGE][PASSED] - Object: 'Object Repository/Page_KiboPush  Broadcast/span_Create New Broadcast' is clicked on

2018-08-10 14:18:15 - [TEST_STEP][PASSED] - click: Object: 'Object Repository/Page_KiboPush  Broadcast/a_Create New Broadcast' is clicked on

2018-08-10 14:18:16 - [MESSAGE][PASSED] - Object: 'Object Repository/Page_KiboPush  Broadcast/a_Create New Broadcast' is clicked on

2018-08-10 14:18:16 - [TEST_STEP][PASSED] - delay: Delayed 1 second(s)

2018-08-10 14:18:17 - [MESSAGE][PASSED] - Delayed 1 second(s)

2018-08-10 14:18:17 - [TEST_STEP][PASSED] - click: Object: 'Object Repository/Page_KiboPush  Create Broadcast/div_Gallery (1)' is clicked on

2018-08-10 14:18:17 - [MESSAGE][PASSED] - Object: 'Object Repository/Page_KiboPush  Create Broadcast/div_Gallery (1)' is clicked on

2018-08-10 14:18:17 - [TEST_STEP][PASSED] - click: Object: 'Object Repository/Page_KiboPush  Create Broadcast/div_New Gallery Component Adde (1)' is clicked on

2018-08-10 14:18:17 - [MESSAGE][PASSED] - Object: 'Object Repository/Page_KiboPush  Create Broadcast/div_New Gallery Component Adde (1)' is clicked on

2018-08-10 14:18:17 - [TEST_STEP][PASSED] - click: Object: 'Object Repository/Page_KiboPush  Create Broadcast/span_slick-arrow slick-next (2)' is clicked on

2018-08-10 14:18:17 - [MESSAGE][PASSED] - Object: 'Object Repository/Page_KiboPush  Create Broadcast/span_slick-arrow slick-next (2)' is clicked on

2018-08-10 14:18:17 - [TEST_STEP][PASSED] - delay: Delayed 1 second(s)

2018-08-10 14:18:18 - [MESSAGE][PASSED] - Delayed 1 second(s)

2018-08-10 14:18:18 - [TEST_STEP][PASSED] - click: Object: 'Object Repository/Page_KiboPush  Create Broadcast/span_slick-arrow slick-prev (1) (1)' is clicked on

2018-08-10 14:18:18 - [MESSAGE][PASSED] - Object: 'Object Repository/Page_KiboPush  Create Broadcast/span_slick-arrow slick-prev (1) (1)' is clicked on

2018-08-10 14:18:18 - [TEST_STEP][PASSED] - delay: Delayed 1 second(s)

2018-08-10 14:18:19 - [MESSAGE][PASSED] - Delayed 1 second(s)

2018-08-10 14:18:19 - [MESSAGE][PASSED] - Call Test Case 'Test Cases/TC0150' successfully

2018-08-10 14:18:19 - [TEST_STEP][PASSED] - setText: Text 'Title' is set on object 'Object Repository/Page_KiboPush  Create Broadcast/input_form-control_3'

2018-08-10 14:18:20 - [MESSAGE][PASSED] - Text 'Title' is set on object 'Object Repository/Page_KiboPush  Create Broadcast/input_form-control_3'

2018-08-10 14:18:20 - [TEST_STEP][PASSED] - click: Object: 'Object Repository/Page_KiboPush  Create Broadcast/div_ Add Button' is clicked on

2018-08-10 14:18:20 - [MESSAGE][PASSED] - Object: 'Object Repository/Page_KiboPush  Create Broadcast/div_ Add Button' is clicked on

2018-08-10 14:18:20 - [TEST_STEP][PASSED] - setText: Text 'KiboPush' is set on object 'Object Repository/Page_KiboPush  Create Broadcast/input_form-control (9)'

2018-08-10 14:18:20 - [MESSAGE][PASSED] - Text 'KiboPush' is set on object 'Object Repository/Page_KiboPush  Create Broadcast/input_form-control (9)'

2018-08-10 14:18:20 - [TEST_STEP][PASSED] - click: Object: 'Object Repository/Page_KiboPush  Create Broadcast/div_Open a website' is clicked on

2018-08-10 14:18:20 - [MESSAGE][PASSED] - Object: 'Object Repository/Page_KiboPush  Create Broadcast/div_Open a website' is clicked on

2018-08-10 14:18:20 - [TEST_STEP][PASSED] - setText: Text 'kibopush.com' is set on object 'Object Repository/Page_KiboPush  Create Broadcast/input_form-control_2'

2018-08-10 14:18:21 - [MESSAGE][PASSED] - Text 'kibopush.com' is set on object 'Object Repository/Page_KiboPush  Create Broadcast/input_form-control_2'

2018-08-10 14:18:21 - [TEST_STEP][PASSED] - click: Object: 'Object Repository/Page_KiboPush  Create Broadcast/button_Done' is clicked on

2018-08-10 14:18:21 - [MESSAGE][PASSED] - Object: 'Object Repository/Page_KiboPush  Create Broadcast/button_Done' is clicked on

2018-08-10 14:18:21 - [TEST_STEP][PASSED] - Statement - img = com.kms.katalon.core.configuration.RunConfiguration.getProjectDir() + "/sample.jpg": null

2018-08-10 14:18:21 - [TEST_STEP][PASSED] - uploadFile: File '/Users/baqarjafri/Katalon Studio/KiboPush/sample.jpg' sent to object: 'Object Repository/Page_KiboPush  Create Broadcast/input_file'

2018-08-10 14:18:21 - [MESSAGE][PASSED] - File '/Users/baqarjafri/Katalon Studio/KiboPush/sample.jpg' sent to object: 'Object Repository/Page_KiboPush  Create Broadcast/input_file'

2018-08-10 14:18:21 - [TEST_STEP][PASSED] - verifyElementPresent: Object 'Object Repository/Page_KiboPush  Create Broadcast/gallery_image' is present

2018-08-10 14:18:22 - [MESSAGE][PASSED] - Object 'Object Repository/Page_KiboPush  Create Broadcast/gallery_image' is present

2018-08-10 14:18:22 - [TEST_STEP][PASSED] - scrollToPosition: Browser is scrolled to position x = 0, y = 0

2018-08-10 14:18:22 - [MESSAGE][PASSED] - Browser is scrolled to position x = 0, y = 0

2018-08-10 14:18:22 - [TEST_STEP][PASSED] - click: Object: 'Object Repository/Page_KiboPush  Create Broadcast/button_Next' is clicked on

2018-08-10 14:18:22 - [MESSAGE][PASSED] - Object: 'Object Repository/Page_KiboPush  Create Broadcast/button_Next' is clicked on

2018-08-10 14:18:22 - [TEST_STEP][PASSED] - click: Object: 'Object Repository/Page_KiboPush  Create Broadcast/div_Card in gallery must have' is clicked on

2018-08-10 14:18:22 - [MESSAGE][PASSED] - Object: 'Object Repository/Page_KiboPush  Create Broadcast/div_Card in gallery must have' is clicked on]]></system-out>
         <system-err><![CDATA[]]></system-err>
      </testcase>
      <testcase name="Test Cases/TC0155" classname="Test Cases/TC0155" status="PASSED">
         <system-out><![CDATA[2018-08-10 14:18:22 - [TEST_CASE][PASSED] - Test Cases/TC0155: Test Cases/TC0155

2018-08-10 14:18:22 - [TEST_STEP][PASSED] - callTestCase: Call Test Case 'Test Cases/TC0150' successfully

2018-08-10 14:18:22 - [TEST_CASE][PASSED] - Test Cases/TC0150: Test Cases/TC0150

2018-08-10 14:18:22 - [TEST_STEP][PASSED] - callTestCase: Call Test Case 'Test Cases/Login' successfully

2018-08-10 14:18:22 - [TEST_CASE][PASSED] - Test Cases/Login: Test Cases/Login

2018-08-10 14:18:22 - [TEST_STEP][PASSED] - openBrowser: Browser is opened with url: ''

2018-08-10 14:18:22 - [MESSAGE][WARNING] - A browser is already opened. Closing browser and opening a new one

2018-08-10 14:18:24 - [MESSAGE][PASSED] - Browser is opened with url: ''

2018-08-10 14:18:24 - [TEST_STEP][PASSED] - navigateToUrl: Navigate to 'https://staging.kibopush.com/' successfully

2018-08-10 14:18:32 - [MESSAGE][PASSED] - Navigate to 'https://staging.kibopush.com/' successfully

2018-08-10 14:18:32 - [TEST_STEP][PASSED] - click: Object: 'Object Repository/Page_KiboPush  Sign In/a_Login' is clicked on

2018-08-10 14:18:32 - [MESSAGE][PASSED] - Object: 'Object Repository/Page_KiboPush  Sign In/a_Login' is clicked on

2018-08-10 14:18:32 - [TEST_STEP][PASSED] - click: Object: 'Object Repository/Page_KiboPush  Sign In/button_Team Account' is clicked on

2018-08-10 14:18:32 - [MESSAGE][PASSED] - Object: 'Object Repository/Page_KiboPush  Sign In/button_Team Account' is clicked on

2018-08-10 14:18:32 - [TEST_STEP][PASSED] - setText: Text 'kibopush.com' is set on object 'Object Repository/Page_KiboPush  Sign In/input_form-control m-input'

2018-08-10 14:18:32 - [MESSAGE][PASSED] - Text 'kibopush.com' is set on object 'Object Repository/Page_KiboPush  Sign In/input_form-control m-input'

2018-08-10 14:18:32 - [TEST_STEP][PASSED] - setText: Text 'bjafri5@gmail.com' is set on object 'Object Repository/Page_KiboPush  Sign In/input_form-control m-input_1'

2018-08-10 14:18:33 - [MESSAGE][PASSED] - Text 'bjafri5@gmail.com' is set on object 'Object Repository/Page_KiboPush  Sign In/input_form-control m-input_1'

2018-08-10 14:18:33 - [TEST_STEP][PASSED] - setEncryptedText: Text ****** has been set on object 'Object Repository/Page_KiboPush  Sign In/input_form-control m-input_2'

2018-08-10 14:18:33 - [MESSAGE][PASSED] - Text ****** has been set on object 'Object Repository/Page_KiboPush  Sign In/input_form-control m-input_2'

2018-08-10 14:18:33 - [TEST_STEP][PASSED] - click: Object: 'Object Repository/Page_KiboPush  Sign In/button_Sign In' is clicked on

2018-08-10 14:18:33 - [MESSAGE][PASSED] - Object: 'Object Repository/Page_KiboPush  Sign In/button_Sign In' is clicked on

2018-08-10 14:18:33 - [MESSAGE][PASSED] - Call Test Case 'Test Cases/Login' successfully

2018-08-10 14:18:33 - [TEST_STEP][PASSED] - click: Object: 'Object Repository/Page_KiboPush  Dashboard/span_Broadcasts' is clicked on

2018-08-10 14:18:35 - [MESSAGE][PASSED] - Object: 'Object Repository/Page_KiboPush  Dashboard/span_Broadcasts' is clicked on

2018-08-10 14:18:35 - [TEST_STEP][PASSED] - click: Object: 'Object Repository/Page_KiboPush  Broadcast/span_Create New Broadcast' is clicked on

2018-08-10 14:18:35 - [MESSAGE][PASSED] - Object: 'Object Repository/Page_KiboPush  Broadcast/span_Create New Broadcast' is clicked on

2018-08-10 14:18:35 - [TEST_STEP][PASSED] - click: Object: 'Object Repository/Page_KiboPush  Broadcast/a_Create New Broadcast' is clicked on

2018-08-10 14:18:35 - [MESSAGE][PASSED] - Object: 'Object Repository/Page_KiboPush  Broadcast/a_Create New Broadcast' is clicked on

2018-08-10 14:18:35 - [TEST_STEP][PASSED] - delay: Delayed 1 second(s)

2018-08-10 14:18:36 - [MESSAGE][PASSED] - Delayed 1 second(s)

2018-08-10 14:18:36 - [TEST_STEP][PASSED] - click: Object: 'Object Repository/Page_KiboPush  Create Broadcast/div_Gallery (1)' is clicked on

2018-08-10 14:18:37 - [MESSAGE][PASSED] - Object: 'Object Repository/Page_KiboPush  Create Broadcast/div_Gallery (1)' is clicked on

2018-08-10 14:18:37 - [TEST_STEP][PASSED] - click: Object: 'Object Repository/Page_KiboPush  Create Broadcast/div_New Gallery Component Adde (1)' is clicked on

2018-08-10 14:18:37 - [MESSAGE][PASSED] - Object: 'Object Repository/Page_KiboPush  Create Broadcast/div_New Gallery Component Adde (1)' is clicked on

2018-08-10 14:18:37 - [TEST_STEP][PASSED] - click: Object: 'Object Repository/Page_KiboPush  Create Broadcast/span_slick-arrow slick-next (2)' is clicked on

2018-08-10 14:18:37 - [MESSAGE][PASSED] - Object: 'Object Repository/Page_KiboPush  Create Broadcast/span_slick-arrow slick-next (2)' is clicked on

2018-08-10 14:18:37 - [TEST_STEP][PASSED] - delay: Delayed 1 second(s)

2018-08-10 14:18:38 - [MESSAGE][PASSED] - Delayed 1 second(s)

2018-08-10 14:18:38 - [TEST_STEP][PASSED] - click: Object: 'Object Repository/Page_KiboPush  Create Broadcast/span_slick-arrow slick-prev (1) (1)' is clicked on

2018-08-10 14:18:38 - [MESSAGE][PASSED] - Object: 'Object Repository/Page_KiboPush  Create Broadcast/span_slick-arrow slick-prev (1) (1)' is clicked on

2018-08-10 14:18:38 - [TEST_STEP][PASSED] - delay: Delayed 1 second(s)

2018-08-10 14:18:39 - [MESSAGE][PASSED] - Delayed 1 second(s)

2018-08-10 14:18:39 - [MESSAGE][PASSED] - Call Test Case 'Test Cases/TC0150' successfully

2018-08-10 14:18:39 - [TEST_STEP][PASSED] - setText: Text 'Title' is set on object 'Object Repository/Page_KiboPush  Create Broadcast/input_form-control_3'

2018-08-10 14:18:39 - [MESSAGE][PASSED] - Text 'Title' is set on object 'Object Repository/Page_KiboPush  Create Broadcast/input_form-control_3'

2018-08-10 14:18:39 - [TEST_STEP][PASSED] - setText: Text 'Subtitle' is set on object 'Object Repository/Page_KiboPush  Create Broadcast/textarea_form-control'

2018-08-10 14:18:40 - [MESSAGE][PASSED] - Text 'Subtitle' is set on object 'Object Repository/Page_KiboPush  Create Broadcast/textarea_form-control'

2018-08-10 14:18:40 - [TEST_STEP][PASSED] - Statement - img = com.kms.katalon.core.configuration.RunConfiguration.getProjectDir() + "/sample.jpg": null

2018-08-10 14:18:40 - [TEST_STEP][PASSED] - uploadFile: File '/Users/baqarjafri/Katalon Studio/KiboPush/sample.jpg' sent to object: 'Object Repository/Page_KiboPush  Create Broadcast/input_file'

2018-08-10 14:18:40 - [MESSAGE][PASSED] - File '/Users/baqarjafri/Katalon Studio/KiboPush/sample.jpg' sent to object: 'Object Repository/Page_KiboPush  Create Broadcast/input_file'

2018-08-10 14:18:40 - [TEST_STEP][PASSED] - scrollToPosition: Browser is scrolled to position x = 0, y = 0

2018-08-10 14:18:40 - [MESSAGE][PASSED] - Browser is scrolled to position x = 0, y = 0

2018-08-10 14:18:40 - [TEST_STEP][PASSED] - click: Object: 'Object Repository/Page_KiboPush  Create Broadcast/button_Next' is clicked on

2018-08-10 14:18:40 - [MESSAGE][PASSED] - Object: 'Object Repository/Page_KiboPush  Create Broadcast/button_Next' is clicked on

2018-08-10 14:18:40 - [TEST_STEP][PASSED] - click: Object: 'Object Repository/Page_KiboPush  Create Broadcast/div_Card in gallery must have (3)' is clicked on

2018-08-10 14:18:40 - [MESSAGE][PASSED] - Object: 'Object Repository/Page_KiboPush  Create Broadcast/div_Card in gallery must have (3)' is clicked on]]></system-out>
         <system-err><![CDATA[]]></system-err>
      </testcase>
      <testcase name="Test Cases/TC0156" classname="Test Cases/TC0156" status="PASSED">
         <system-out><![CDATA[2018-08-10 14:18:40 - [TEST_CASE][PASSED] - Test Cases/TC0156: Test Cases/TC0156

2018-08-10 14:18:40 - [TEST_STEP][PASSED] - callTestCase: Call Test Case 'Test Cases/TC0150' successfully

2018-08-10 14:18:40 - [TEST_CASE][PASSED] - Test Cases/TC0150: Test Cases/TC0150

2018-08-10 14:18:40 - [TEST_STEP][PASSED] - callTestCase: Call Test Case 'Test Cases/Login' successfully

2018-08-10 14:18:40 - [TEST_CASE][PASSED] - Test Cases/Login: Test Cases/Login

2018-08-10 14:18:40 - [TEST_STEP][PASSED] - openBrowser: Browser is opened with url: ''

2018-08-10 14:18:40 - [MESSAGE][WARNING] - A browser is already opened. Closing browser and opening a new one

2018-08-10 14:18:42 - [MESSAGE][PASSED] - Browser is opened with url: ''

2018-08-10 14:18:42 - [TEST_STEP][PASSED] - navigateToUrl: Navigate to 'https://staging.kibopush.com/' successfully

2018-08-10 14:18:55 - [MESSAGE][PASSED] - Navigate to 'https://staging.kibopush.com/' successfully

2018-08-10 14:18:55 - [TEST_STEP][PASSED] - click: Object: 'Object Repository/Page_KiboPush  Sign In/a_Login' is clicked on

2018-08-10 14:18:55 - [MESSAGE][PASSED] - Object: 'Object Repository/Page_KiboPush  Sign In/a_Login' is clicked on

2018-08-10 14:18:55 - [TEST_STEP][PASSED] - click: Object: 'Object Repository/Page_KiboPush  Sign In/button_Team Account' is clicked on

2018-08-10 14:18:55 - [MESSAGE][PASSED] - Object: 'Object Repository/Page_KiboPush  Sign In/button_Team Account' is clicked on

2018-08-10 14:18:55 - [TEST_STEP][PASSED] - setText: Text 'kibopush.com' is set on object 'Object Repository/Page_KiboPush  Sign In/input_form-control m-input'

2018-08-10 14:18:55 - [MESSAGE][PASSED] - Text 'kibopush.com' is set on object 'Object Repository/Page_KiboPush  Sign In/input_form-control m-input'

2018-08-10 14:18:55 - [TEST_STEP][PASSED] - setText: Text 'bjafri5@gmail.com' is set on object 'Object Repository/Page_KiboPush  Sign In/input_form-control m-input_1'

2018-08-10 14:18:56 - [MESSAGE][PASSED] - Text 'bjafri5@gmail.com' is set on object 'Object Repository/Page_KiboPush  Sign In/input_form-control m-input_1'

2018-08-10 14:18:56 - [TEST_STEP][PASSED] - setEncryptedText: Text ****** has been set on object 'Object Repository/Page_KiboPush  Sign In/input_form-control m-input_2'

2018-08-10 14:18:56 - [MESSAGE][PASSED] - Text ****** has been set on object 'Object Repository/Page_KiboPush  Sign In/input_form-control m-input_2'

2018-08-10 14:18:56 - [TEST_STEP][PASSED] - click: Object: 'Object Repository/Page_KiboPush  Sign In/button_Sign In' is clicked on

2018-08-10 14:18:56 - [MESSAGE][PASSED] - Object: 'Object Repository/Page_KiboPush  Sign In/button_Sign In' is clicked on

2018-08-10 14:18:56 - [MESSAGE][PASSED] - Call Test Case 'Test Cases/Login' successfully

2018-08-10 14:18:56 - [TEST_STEP][PASSED] - click: Object: 'Object Repository/Page_KiboPush  Dashboard/span_Broadcasts' is clicked on

2018-08-10 14:18:58 - [MESSAGE][PASSED] - Object: 'Object Repository/Page_KiboPush  Dashboard/span_Broadcasts' is clicked on

2018-08-10 14:18:58 - [TEST_STEP][PASSED] - click: Object: 'Object Repository/Page_KiboPush  Broadcast/span_Create New Broadcast' is clicked on

2018-08-10 14:18:59 - [MESSAGE][PASSED] - Object: 'Object Repository/Page_KiboPush  Broadcast/span_Create New Broadcast' is clicked on

2018-08-10 14:18:59 - [TEST_STEP][PASSED] - click: Object: 'Object Repository/Page_KiboPush  Broadcast/a_Create New Broadcast' is clicked on

2018-08-10 14:18:59 - [MESSAGE][PASSED] - Object: 'Object Repository/Page_KiboPush  Broadcast/a_Create New Broadcast' is clicked on

2018-08-10 14:18:59 - [TEST_STEP][PASSED] - delay: Delayed 1 second(s)

2018-08-10 14:19:00 - [MESSAGE][PASSED] - Delayed 1 second(s)

2018-08-10 14:19:00 - [TEST_STEP][PASSED] - click: Object: 'Object Repository/Page_KiboPush  Create Broadcast/div_Gallery (1)' is clicked on

2018-08-10 14:19:00 - [MESSAGE][PASSED] - Object: 'Object Repository/Page_KiboPush  Create Broadcast/div_Gallery (1)' is clicked on

2018-08-10 14:19:00 - [TEST_STEP][PASSED] - click: Object: 'Object Repository/Page_KiboPush  Create Broadcast/div_New Gallery Component Adde (1)' is clicked on

2018-08-10 14:19:00 - [MESSAGE][PASSED] - Object: 'Object Repository/Page_KiboPush  Create Broadcast/div_New Gallery Component Adde (1)' is clicked on

2018-08-10 14:19:00 - [TEST_STEP][PASSED] - click: Object: 'Object Repository/Page_KiboPush  Create Broadcast/span_slick-arrow slick-next (2)' is clicked on

2018-08-10 14:19:01 - [MESSAGE][PASSED] - Object: 'Object Repository/Page_KiboPush  Create Broadcast/span_slick-arrow slick-next (2)' is clicked on

2018-08-10 14:19:01 - [TEST_STEP][PASSED] - delay: Delayed 1 second(s)

2018-08-10 14:19:02 - [MESSAGE][PASSED] - Delayed 1 second(s)

2018-08-10 14:19:02 - [TEST_STEP][PASSED] - click: Object: 'Object Repository/Page_KiboPush  Create Broadcast/span_slick-arrow slick-prev (1) (1)' is clicked on

2018-08-10 14:19:02 - [MESSAGE][PASSED] - Object: 'Object Repository/Page_KiboPush  Create Broadcast/span_slick-arrow slick-prev (1) (1)' is clicked on

2018-08-10 14:19:02 - [TEST_STEP][PASSED] - delay: Delayed 1 second(s)

2018-08-10 14:19:03 - [MESSAGE][PASSED] - Delayed 1 second(s)

2018-08-10 14:19:03 - [MESSAGE][PASSED] - Call Test Case 'Test Cases/TC0150' successfully

2018-08-10 14:19:03 - [TEST_STEP][PASSED] - Statement - img = com.kms.katalon.core.configuration.RunConfiguration.getProjectDir() + "/sample.jpg": null

2018-08-10 14:19:03 - [TEST_STEP][PASSED] - uploadFile: File '/Users/baqarjafri/Katalon Studio/KiboPush/sample.jpg' sent to object: 'Object Repository/Page_KiboPush  Create Broadcast/input_file'

2018-08-10 14:19:03 - [MESSAGE][PASSED] - File '/Users/baqarjafri/Katalon Studio/KiboPush/sample.jpg' sent to object: 'Object Repository/Page_KiboPush  Create Broadcast/input_file']]></system-out>
         <system-err><![CDATA[]]></system-err>
      </testcase>
      <testcase name="Test Cases/TC0157" classname="Test Cases/TC0157" status="PASSED">
         <system-out><![CDATA[2018-08-10 14:19:03 - [TEST_CASE][PASSED] - Test Cases/TC0157: Test Cases/TC0157

2018-08-10 14:19:03 - [TEST_STEP][PASSED] - callTestCase: Call Test Case 'Test Cases/TC0150' successfully

2018-08-10 14:19:03 - [TEST_CASE][PASSED] - Test Cases/TC0150: Test Cases/TC0150

2018-08-10 14:19:03 - [TEST_STEP][PASSED] - callTestCase: Call Test Case 'Test Cases/Login' successfully

2018-08-10 14:19:03 - [TEST_CASE][PASSED] - Test Cases/Login: Test Cases/Login

2018-08-10 14:19:03 - [TEST_STEP][PASSED] - openBrowser: Browser is opened with url: ''

2018-08-10 14:19:03 - [MESSAGE][WARNING] - A browser is already opened. Closing browser and opening a new one

2018-08-10 14:19:05 - [MESSAGE][PASSED] - Browser is opened with url: ''

2018-08-10 14:19:05 - [TEST_STEP][PASSED] - navigateToUrl: Navigate to 'https://staging.kibopush.com/' successfully

2018-08-10 14:19:16 - [MESSAGE][PASSED] - Navigate to 'https://staging.kibopush.com/' successfully

2018-08-10 14:19:16 - [TEST_STEP][PASSED] - click: Object: 'Object Repository/Page_KiboPush  Sign In/a_Login' is clicked on

2018-08-10 14:19:16 - [MESSAGE][PASSED] - Object: 'Object Repository/Page_KiboPush  Sign In/a_Login' is clicked on

2018-08-10 14:19:16 - [TEST_STEP][PASSED] - click: Object: 'Object Repository/Page_KiboPush  Sign In/button_Team Account' is clicked on

2018-08-10 14:19:17 - [MESSAGE][PASSED] - Object: 'Object Repository/Page_KiboPush  Sign In/button_Team Account' is clicked on

2018-08-10 14:19:17 - [TEST_STEP][PASSED] - setText: Text 'kibopush.com' is set on object 'Object Repository/Page_KiboPush  Sign In/input_form-control m-input'

2018-08-10 14:19:17 - [MESSAGE][PASSED] - Text 'kibopush.com' is set on object 'Object Repository/Page_KiboPush  Sign In/input_form-control m-input'

2018-08-10 14:19:17 - [TEST_STEP][PASSED] - setText: Text 'bjafri5@gmail.com' is set on object 'Object Repository/Page_KiboPush  Sign In/input_form-control m-input_1'

2018-08-10 14:19:17 - [MESSAGE][PASSED] - Text 'bjafri5@gmail.com' is set on object 'Object Repository/Page_KiboPush  Sign In/input_form-control m-input_1'

2018-08-10 14:19:17 - [TEST_STEP][PASSED] - setEncryptedText: Text ****** has been set on object 'Object Repository/Page_KiboPush  Sign In/input_form-control m-input_2'

2018-08-10 14:19:17 - [MESSAGE][PASSED] - Text ****** has been set on object 'Object Repository/Page_KiboPush  Sign In/input_form-control m-input_2'

2018-08-10 14:19:17 - [TEST_STEP][PASSED] - click: Object: 'Object Repository/Page_KiboPush  Sign In/button_Sign In' is clicked on

2018-08-10 14:19:18 - [MESSAGE][PASSED] - Object: 'Object Repository/Page_KiboPush  Sign In/button_Sign In' is clicked on

2018-08-10 14:19:40 - [MESSAGE][PASSED] - Call Test Case 'Test Cases/Login' successfully

2018-08-10 14:19:40 - [TEST_STEP][PASSED] - click: Object: 'Object Repository/Page_KiboPush  Dashboard/span_Broadcasts' is clicked on

2018-08-10 14:19:40 - [MESSAGE][PASSED] - Object: 'Object Repository/Page_KiboPush  Dashboard/span_Broadcasts' is clicked on

2018-08-10 14:19:40 - [TEST_STEP][PASSED] - click: Object: 'Object Repository/Page_KiboPush  Broadcast/span_Create New Broadcast' is clicked on

2018-08-10 14:19:40 - [MESSAGE][PASSED] - Object: 'Object Repository/Page_KiboPush  Broadcast/span_Create New Broadcast' is clicked on

2018-08-10 14:19:40 - [TEST_STEP][PASSED] - click: Object: 'Object Repository/Page_KiboPush  Broadcast/a_Create New Broadcast' is clicked on

2018-08-10 14:19:40 - [MESSAGE][PASSED] - Object: 'Object Repository/Page_KiboPush  Broadcast/a_Create New Broadcast' is clicked on

2018-08-10 14:19:40 - [TEST_STEP][PASSED] - delay: Delayed 1 second(s)

2018-08-10 14:19:41 - [MESSAGE][PASSED] - Delayed 1 second(s)

2018-08-10 14:19:41 - [TEST_STEP][PASSED] - click: Object: 'Object Repository/Page_KiboPush  Create Broadcast/div_Gallery (1)' is clicked on

2018-08-10 14:19:42 - [MESSAGE][PASSED] - Object: 'Object Repository/Page_KiboPush  Create Broadcast/div_Gallery (1)' is clicked on

2018-08-10 14:19:42 - [TEST_STEP][PASSED] - click: Object: 'Object Repository/Page_KiboPush  Create Broadcast/div_New Gallery Component Adde (1)' is clicked on

2018-08-10 14:19:42 - [MESSAGE][PASSED] - Object: 'Object Repository/Page_KiboPush  Create Broadcast/div_New Gallery Component Adde (1)' is clicked on

2018-08-10 14:19:42 - [TEST_STEP][PASSED] - click: Object: 'Object Repository/Page_KiboPush  Create Broadcast/span_slick-arrow slick-next (2)' is clicked on

2018-08-10 14:19:42 - [MESSAGE][PASSED] - Object: 'Object Repository/Page_KiboPush  Create Broadcast/span_slick-arrow slick-next (2)' is clicked on

2018-08-10 14:19:42 - [TEST_STEP][PASSED] - delay: Delayed 1 second(s)

2018-08-10 14:19:43 - [MESSAGE][PASSED] - Delayed 1 second(s)

2018-08-10 14:19:43 - [TEST_STEP][PASSED] - click: Object: 'Object Repository/Page_KiboPush  Create Broadcast/span_slick-arrow slick-prev (1) (1)' is clicked on

2018-08-10 14:19:43 - [MESSAGE][PASSED] - Object: 'Object Repository/Page_KiboPush  Create Broadcast/span_slick-arrow slick-prev (1) (1)' is clicked on

2018-08-10 14:19:43 - [TEST_STEP][PASSED] - delay: Delayed 1 second(s)

2018-08-10 14:19:44 - [MESSAGE][PASSED] - Delayed 1 second(s)

2018-08-10 14:19:44 - [MESSAGE][PASSED] - Call Test Case 'Test Cases/TC0150' successfully

2018-08-10 14:19:44 - [TEST_STEP][PASSED] - delay: Delayed 1 second(s)

2018-08-10 14:19:45 - [MESSAGE][PASSED] - Delayed 1 second(s)

2018-08-10 14:19:45 - [TEST_STEP][PASSED] - click: Object: 'Object Repository/Page_KiboPush  Create Broadcast/div_ Add Button' is clicked on

2018-08-10 14:19:46 - [MESSAGE][PASSED] - Object: 'Object Repository/Page_KiboPush  Create Broadcast/div_ Add Button' is clicked on

2018-08-10 14:19:46 - [TEST_STEP][PASSED] - setText: Text 'KiboPush' is set on object 'Object Repository/Page_KiboPush  Create Broadcast/input_form-control'

2018-08-10 14:19:46 - [MESSAGE][PASSED] - Text 'KiboPush' is set on object 'Object Repository/Page_KiboPush  Create Broadcast/input_form-control'

2018-08-10 14:19:46 - [TEST_STEP][PASSED] - click: Object: 'Object Repository/Page_KiboPush  Create Broadcast/div_Open a website' is clicked on

2018-08-10 14:19:46 - [MESSAGE][PASSED] - Object: 'Object Repository/Page_KiboPush  Create Broadcast/div_Open a website' is clicked on

2018-08-10 14:19:46 - [TEST_STEP][PASSED] - setText: Text 'kibopush.com' is set on object 'Object Repository/Page_KiboPush  Create Broadcast/input_form-control_1'

2018-08-10 14:19:46 - [MESSAGE][PASSED] - Text 'kibopush.com' is set on object 'Object Repository/Page_KiboPush  Create Broadcast/input_form-control_1'

2018-08-10 14:19:46 - [TEST_STEP][PASSED] - click: Object: 'Object Repository/Page_KiboPush  Create Broadcast/button_Done' is clicked on

2018-08-10 14:19:46 - [MESSAGE][PASSED] - Object: 'Object Repository/Page_KiboPush  Create Broadcast/button_Done' is clicked on]]></system-out>
         <system-err><![CDATA[]]></system-err>
      </testcase>
      <testcase name="Test Cases/TC0160" classname="Test Cases/TC0160" status="PASSED">
         <system-out><![CDATA[2018-08-10 14:19:46 - [TEST_CASE][PASSED] - Test Cases/TC0160: Test Cases/TC0160

2018-08-10 14:19:46 - [TEST_STEP][PASSED] - callTestCase: Call Test Case 'Test Cases/TC0150' successfully

2018-08-10 14:19:46 - [TEST_CASE][PASSED] - Test Cases/TC0150: Test Cases/TC0150

2018-08-10 14:19:46 - [TEST_STEP][PASSED] - callTestCase: Call Test Case 'Test Cases/Login' successfully

2018-08-10 14:19:47 - [TEST_CASE][PASSED] - Test Cases/Login: Test Cases/Login

2018-08-10 14:19:47 - [TEST_STEP][PASSED] - openBrowser: Browser is opened with url: ''

2018-08-10 14:19:47 - [MESSAGE][WARNING] - A browser is already opened. Closing browser and opening a new one

2018-08-10 14:19:48 - [MESSAGE][PASSED] - Browser is opened with url: ''

2018-08-10 14:19:48 - [TEST_STEP][PASSED] - navigateToUrl: Navigate to 'https://staging.kibopush.com/' successfully

2018-08-10 14:19:59 - [MESSAGE][PASSED] - Navigate to 'https://staging.kibopush.com/' successfully

2018-08-10 14:19:59 - [TEST_STEP][PASSED] - click: Object: 'Object Repository/Page_KiboPush  Sign In/a_Login' is clicked on

2018-08-10 14:19:59 - [MESSAGE][PASSED] - Object: 'Object Repository/Page_KiboPush  Sign In/a_Login' is clicked on

2018-08-10 14:19:59 - [TEST_STEP][PASSED] - click: Object: 'Object Repository/Page_KiboPush  Sign In/button_Team Account' is clicked on

2018-08-10 14:19:59 - [MESSAGE][PASSED] - Object: 'Object Repository/Page_KiboPush  Sign In/button_Team Account' is clicked on

2018-08-10 14:19:59 - [TEST_STEP][PASSED] - setText: Text 'kibopush.com' is set on object 'Object Repository/Page_KiboPush  Sign In/input_form-control m-input'

2018-08-10 14:19:59 - [MESSAGE][PASSED] - Text 'kibopush.com' is set on object 'Object Repository/Page_KiboPush  Sign In/input_form-control m-input'

2018-08-10 14:19:59 - [TEST_STEP][PASSED] - setText: Text 'bjafri5@gmail.com' is set on object 'Object Repository/Page_KiboPush  Sign In/input_form-control m-input_1'

2018-08-10 14:19:59 - [MESSAGE][PASSED] - Text 'bjafri5@gmail.com' is set on object 'Object Repository/Page_KiboPush  Sign In/input_form-control m-input_1'

2018-08-10 14:19:59 - [TEST_STEP][PASSED] - setEncryptedText: Text ****** has been set on object 'Object Repository/Page_KiboPush  Sign In/input_form-control m-input_2'

2018-08-10 14:20:00 - [MESSAGE][PASSED] - Text ****** has been set on object 'Object Repository/Page_KiboPush  Sign In/input_form-control m-input_2'

2018-08-10 14:20:00 - [TEST_STEP][PASSED] - click: Object: 'Object Repository/Page_KiboPush  Sign In/button_Sign In' is clicked on

2018-08-10 14:20:00 - [MESSAGE][PASSED] - Object: 'Object Repository/Page_KiboPush  Sign In/button_Sign In' is clicked on

2018-08-10 14:20:00 - [MESSAGE][PASSED] - Call Test Case 'Test Cases/Login' successfully

2018-08-10 14:20:00 - [TEST_STEP][PASSED] - click: Object: 'Object Repository/Page_KiboPush  Dashboard/span_Broadcasts' is clicked on

2018-08-10 14:20:02 - [MESSAGE][PASSED] - Object: 'Object Repository/Page_KiboPush  Dashboard/span_Broadcasts' is clicked on

2018-08-10 14:20:02 - [TEST_STEP][PASSED] - click: Object: 'Object Repository/Page_KiboPush  Broadcast/span_Create New Broadcast' is clicked on

2018-08-10 14:20:02 - [MESSAGE][PASSED] - Object: 'Object Repository/Page_KiboPush  Broadcast/span_Create New Broadcast' is clicked on

2018-08-10 14:20:02 - [TEST_STEP][PASSED] - click: Object: 'Object Repository/Page_KiboPush  Broadcast/a_Create New Broadcast' is clicked on

2018-08-10 14:20:03 - [MESSAGE][PASSED] - Object: 'Object Repository/Page_KiboPush  Broadcast/a_Create New Broadcast' is clicked on

2018-08-10 14:20:03 - [TEST_STEP][PASSED] - delay: Delayed 1 second(s)

2018-08-10 14:20:04 - [MESSAGE][PASSED] - Delayed 1 second(s)

2018-08-10 14:20:04 - [TEST_STEP][PASSED] - click: Object: 'Object Repository/Page_KiboPush  Create Broadcast/div_Gallery (1)' is clicked on

2018-08-10 14:20:04 - [MESSAGE][PASSED] - Object: 'Object Repository/Page_KiboPush  Create Broadcast/div_Gallery (1)' is clicked on

2018-08-10 14:20:04 - [TEST_STEP][PASSED] - click: Object: 'Object Repository/Page_KiboPush  Create Broadcast/div_New Gallery Component Adde (1)' is clicked on

2018-08-10 14:20:04 - [MESSAGE][PASSED] - Object: 'Object Repository/Page_KiboPush  Create Broadcast/div_New Gallery Component Adde (1)' is clicked on

2018-08-10 14:20:04 - [TEST_STEP][PASSED] - click: Object: 'Object Repository/Page_KiboPush  Create Broadcast/span_slick-arrow slick-next (2)' is clicked on

2018-08-10 14:20:04 - [MESSAGE][PASSED] - Object: 'Object Repository/Page_KiboPush  Create Broadcast/span_slick-arrow slick-next (2)' is clicked on

2018-08-10 14:20:04 - [TEST_STEP][PASSED] - delay: Delayed 1 second(s)

2018-08-10 14:20:05 - [MESSAGE][PASSED] - Delayed 1 second(s)

2018-08-10 14:20:05 - [TEST_STEP][PASSED] - click: Object: 'Object Repository/Page_KiboPush  Create Broadcast/span_slick-arrow slick-prev (1) (1)' is clicked on

2018-08-10 14:20:05 - [MESSAGE][PASSED] - Object: 'Object Repository/Page_KiboPush  Create Broadcast/span_slick-arrow slick-prev (1) (1)' is clicked on

2018-08-10 14:20:05 - [TEST_STEP][PASSED] - delay: Delayed 1 second(s)

2018-08-10 14:20:06 - [MESSAGE][PASSED] - Delayed 1 second(s)

2018-08-10 14:20:06 - [MESSAGE][PASSED] - Call Test Case 'Test Cases/TC0150' successfully

2018-08-10 14:20:06 - [TEST_STEP][PASSED] - delay: Delayed 1 second(s)

2018-08-10 14:20:07 - [MESSAGE][PASSED] - Delayed 1 second(s)

2018-08-10 14:20:07 - [TEST_STEP][PASSED] - click: Object: 'Object Repository/Page_KiboPush  Create Broadcast/span_slick-arrow slick-next (3) (1)' is clicked on

2018-08-10 14:20:08 - [MESSAGE][PASSED] - Object: 'Object Repository/Page_KiboPush  Create Broadcast/span_slick-arrow slick-next (3) (1)' is clicked on

2018-08-10 14:20:08 - [TEST_STEP][PASSED] - click: Object: 'Object Repository/Page_KiboPush  Create Broadcast/span_Add' is clicked on

2018-08-10 14:20:08 - [MESSAGE][PASSED] - Object: 'Object Repository/Page_KiboPush  Create Broadcast/span_Add' is clicked on

2018-08-10 14:20:08 - [TEST_STEP][PASSED] - delay: Delayed 1 second(s)

2018-08-10 14:20:09 - [MESSAGE][PASSED] - Delayed 1 second(s)

2018-08-10 14:20:09 - [TEST_STEP][PASSED] - click: Object: 'Object Repository/Page_KiboPush  Create Broadcast/span_slick-arrow slick-next' is clicked on

2018-08-10 14:20:09 - [MESSAGE][PASSED] - Object: 'Object Repository/Page_KiboPush  Create Broadcast/span_slick-arrow slick-next' is clicked on

2018-08-10 14:20:09 - [TEST_STEP][PASSED] - delay: Delayed 1 second(s)

2018-08-10 14:20:10 - [MESSAGE][PASSED] - Delayed 1 second(s)

2018-08-10 14:20:10 - [TEST_STEP][PASSED] - click: Object: 'Object Repository/Page_KiboPush  Create Broadcast/span_Page 3 x' is clicked on

2018-08-10 14:20:10 - [MESSAGE][PASSED] - Object: 'Object Repository/Page_KiboPush  Create Broadcast/span_Page 3 x' is clicked on]]></system-out>
         <system-err><![CDATA[]]></system-err>
      </testcase>
      <testcase name="Test Cases/TC0161" classname="Test Cases/TC0161" status="PASSED">
         <system-out><![CDATA[2018-08-10 14:20:10 - [TEST_CASE][PASSED] - Test Cases/TC0161: Test Cases/TC0161

2018-08-10 14:20:10 - [TEST_STEP][PASSED] - callTestCase: Call Test Case 'Test Cases/TC0150' successfully

2018-08-10 14:20:10 - [TEST_CASE][PASSED] - Test Cases/TC0150: Test Cases/TC0150

2018-08-10 14:20:10 - [TEST_STEP][PASSED] - callTestCase: Call Test Case 'Test Cases/Login' successfully

2018-08-10 14:20:10 - [TEST_CASE][PASSED] - Test Cases/Login: Test Cases/Login

2018-08-10 14:20:10 - [TEST_STEP][PASSED] - openBrowser: Browser is opened with url: ''

2018-08-10 14:20:10 - [MESSAGE][WARNING] - A browser is already opened. Closing browser and opening a new one

2018-08-10 14:20:11 - [MESSAGE][PASSED] - Browser is opened with url: ''

2018-08-10 14:20:11 - [TEST_STEP][PASSED] - navigateToUrl: Navigate to 'https://staging.kibopush.com/' successfully

2018-08-10 14:20:21 - [MESSAGE][PASSED] - Navigate to 'https://staging.kibopush.com/' successfully

2018-08-10 14:20:21 - [TEST_STEP][PASSED] - click: Object: 'Object Repository/Page_KiboPush  Sign In/a_Login' is clicked on

2018-08-10 14:20:21 - [MESSAGE][PASSED] - Object: 'Object Repository/Page_KiboPush  Sign In/a_Login' is clicked on

2018-08-10 14:20:21 - [TEST_STEP][PASSED] - click: Object: 'Object Repository/Page_KiboPush  Sign In/button_Team Account' is clicked on

2018-08-10 14:20:22 - [MESSAGE][PASSED] - Object: 'Object Repository/Page_KiboPush  Sign In/button_Team Account' is clicked on

2018-08-10 14:20:22 - [TEST_STEP][PASSED] - setText: Text 'kibopush.com' is set on object 'Object Repository/Page_KiboPush  Sign In/input_form-control m-input'

2018-08-10 14:20:22 - [MESSAGE][PASSED] - Text 'kibopush.com' is set on object 'Object Repository/Page_KiboPush  Sign In/input_form-control m-input'

2018-08-10 14:20:22 - [TEST_STEP][PASSED] - setText: Text 'bjafri5@gmail.com' is set on object 'Object Repository/Page_KiboPush  Sign In/input_form-control m-input_1'

2018-08-10 14:20:22 - [MESSAGE][PASSED] - Text 'bjafri5@gmail.com' is set on object 'Object Repository/Page_KiboPush  Sign In/input_form-control m-input_1'

2018-08-10 14:20:22 - [TEST_STEP][PASSED] - setEncryptedText: Text ****** has been set on object 'Object Repository/Page_KiboPush  Sign In/input_form-control m-input_2'

2018-08-10 14:20:22 - [MESSAGE][PASSED] - Text ****** has been set on object 'Object Repository/Page_KiboPush  Sign In/input_form-control m-input_2'

2018-08-10 14:20:22 - [TEST_STEP][PASSED] - click: Object: 'Object Repository/Page_KiboPush  Sign In/button_Sign In' is clicked on

2018-08-10 14:20:23 - [MESSAGE][PASSED] - Object: 'Object Repository/Page_KiboPush  Sign In/button_Sign In' is clicked on

2018-08-10 14:20:23 - [MESSAGE][PASSED] - Call Test Case 'Test Cases/Login' successfully

2018-08-10 14:20:23 - [TEST_STEP][PASSED] - click: Object: 'Object Repository/Page_KiboPush  Dashboard/span_Broadcasts' is clicked on

2018-08-10 14:20:26 - [MESSAGE][PASSED] - Object: 'Object Repository/Page_KiboPush  Dashboard/span_Broadcasts' is clicked on

2018-08-10 14:20:26 - [TEST_STEP][PASSED] - click: Object: 'Object Repository/Page_KiboPush  Broadcast/span_Create New Broadcast' is clicked on

2018-08-10 14:20:26 - [MESSAGE][PASSED] - Object: 'Object Repository/Page_KiboPush  Broadcast/span_Create New Broadcast' is clicked on

2018-08-10 14:20:26 - [TEST_STEP][PASSED] - click: Object: 'Object Repository/Page_KiboPush  Broadcast/a_Create New Broadcast' is clicked on

2018-08-10 14:20:27 - [MESSAGE][PASSED] - Object: 'Object Repository/Page_KiboPush  Broadcast/a_Create New Broadcast' is clicked on

2018-08-10 14:20:27 - [TEST_STEP][PASSED] - delay: Delayed 1 second(s)

2018-08-10 14:20:28 - [MESSAGE][PASSED] - Delayed 1 second(s)

2018-08-10 14:20:28 - [TEST_STEP][PASSED] - click: Object: 'Object Repository/Page_KiboPush  Create Broadcast/div_Gallery (1)' is clicked on

2018-08-10 14:20:28 - [MESSAGE][PASSED] - Object: 'Object Repository/Page_KiboPush  Create Broadcast/div_Gallery (1)' is clicked on

2018-08-10 14:20:28 - [TEST_STEP][PASSED] - click: Object: 'Object Repository/Page_KiboPush  Create Broadcast/div_New Gallery Component Adde (1)' is clicked on

2018-08-10 14:20:28 - [MESSAGE][PASSED] - Object: 'Object Repository/Page_KiboPush  Create Broadcast/div_New Gallery Component Adde (1)' is clicked on

2018-08-10 14:20:28 - [TEST_STEP][PASSED] - click: Object: 'Object Repository/Page_KiboPush  Create Broadcast/span_slick-arrow slick-next (2)' is clicked on

2018-08-10 14:20:29 - [MESSAGE][PASSED] - Object: 'Object Repository/Page_KiboPush  Create Broadcast/span_slick-arrow slick-next (2)' is clicked on

2018-08-10 14:20:29 - [TEST_STEP][PASSED] - delay: Delayed 1 second(s)

2018-08-10 14:20:30 - [MESSAGE][PASSED] - Delayed 1 second(s)

2018-08-10 14:20:30 - [TEST_STEP][PASSED] - click: Object: 'Object Repository/Page_KiboPush  Create Broadcast/span_slick-arrow slick-prev (1) (1)' is clicked on

2018-08-10 14:20:30 - [MESSAGE][PASSED] - Object: 'Object Repository/Page_KiboPush  Create Broadcast/span_slick-arrow slick-prev (1) (1)' is clicked on

2018-08-10 14:20:30 - [TEST_STEP][PASSED] - delay: Delayed 1 second(s)

2018-08-10 14:20:31 - [MESSAGE][PASSED] - Delayed 1 second(s)

2018-08-10 14:20:31 - [MESSAGE][PASSED] - Call Test Case 'Test Cases/TC0150' successfully

2018-08-10 14:20:31 - [TEST_STEP][PASSED] - click: Object: 'Object Repository/Page_KiboPush  Create Broadcast/span_Remove' is clicked on

2018-08-10 14:20:31 - [MESSAGE][PASSED] - Object: 'Object Repository/Page_KiboPush  Create Broadcast/span_Remove' is clicked on

2018-08-10 14:20:31 - [TEST_STEP][PASSED] - delay: Delayed 1 second(s)

2018-08-10 14:20:32 - [MESSAGE][PASSED] - Delayed 1 second(s)

2018-08-10 14:20:32 - [TEST_STEP][PASSED] - click: Object: 'Object Repository/Page_KiboPush  Create Broadcast/i_fa fa-plus-circle' is clicked on

2018-08-10 14:20:32 - [MESSAGE][PASSED] - Object: 'Object Repository/Page_KiboPush  Create Broadcast/i_fa fa-plus-circle' is clicked on]]></system-out>
         <system-err><![CDATA[]]></system-err>
      </testcase>
      <testcase name="Test Cases/TC0163" classname="Test Cases/TC0163" status="PASSED">
         <system-out><![CDATA[2018-08-10 14:20:32 - [TEST_CASE][PASSED] - Test Cases/TC0163: Test Cases/TC0163

2018-08-10 14:20:32 - [TEST_STEP][PASSED] - callTestCase: Call Test Case 'Test Cases/Login' successfully

2018-08-10 14:20:32 - [TEST_CASE][PASSED] - Test Cases/Login: Test Cases/Login

2018-08-10 14:20:32 - [TEST_STEP][PASSED] - openBrowser: Browser is opened with url: ''

2018-08-10 14:20:32 - [MESSAGE][WARNING] - A browser is already opened. Closing browser and opening a new one

2018-08-10 14:20:34 - [MESSAGE][PASSED] - Browser is opened with url: ''

2018-08-10 14:20:34 - [TEST_STEP][PASSED] - navigateToUrl: Navigate to 'https://staging.kibopush.com/' successfully

2018-08-10 14:20:45 - [MESSAGE][PASSED] - Navigate to 'https://staging.kibopush.com/' successfully

2018-08-10 14:20:45 - [TEST_STEP][PASSED] - click: Object: 'Object Repository/Page_KiboPush  Sign In/a_Login' is clicked on

2018-08-10 14:20:51 - [MESSAGE][PASSED] - Object: 'Object Repository/Page_KiboPush  Sign In/a_Login' is clicked on

2018-08-10 14:20:51 - [TEST_STEP][PASSED] - click: Object: 'Object Repository/Page_KiboPush  Sign In/button_Team Account' is clicked on

2018-08-10 14:20:57 - [MESSAGE][PASSED] - Object: 'Object Repository/Page_KiboPush  Sign In/button_Team Account' is clicked on

2018-08-10 14:20:57 - [TEST_STEP][PASSED] - setText: Text 'kibopush.com' is set on object 'Object Repository/Page_KiboPush  Sign In/input_form-control m-input'

2018-08-10 14:20:57 - [MESSAGE][PASSED] - Text 'kibopush.com' is set on object 'Object Repository/Page_KiboPush  Sign In/input_form-control m-input'

2018-08-10 14:20:57 - [TEST_STEP][PASSED] - setText: Text 'bjafri5@gmail.com' is set on object 'Object Repository/Page_KiboPush  Sign In/input_form-control m-input_1'

2018-08-10 14:20:57 - [MESSAGE][PASSED] - Text 'bjafri5@gmail.com' is set on object 'Object Repository/Page_KiboPush  Sign In/input_form-control m-input_1'

2018-08-10 14:20:57 - [TEST_STEP][PASSED] - setEncryptedText: Text ****** has been set on object 'Object Repository/Page_KiboPush  Sign In/input_form-control m-input_2'

2018-08-10 14:20:57 - [MESSAGE][PASSED] - Text ****** has been set on object 'Object Repository/Page_KiboPush  Sign In/input_form-control m-input_2'

2018-08-10 14:20:57 - [TEST_STEP][PASSED] - click: Object: 'Object Repository/Page_KiboPush  Sign In/button_Sign In' is clicked on

2018-08-10 14:21:03 - [MESSAGE][PASSED] - Object: 'Object Repository/Page_KiboPush  Sign In/button_Sign In' is clicked on

2018-08-10 14:21:03 - [MESSAGE][PASSED] - Call Test Case 'Test Cases/Login' successfully

2018-08-10 14:21:03 - [TEST_STEP][PASSED] - click: Object: 'Object Repository/Page_KiboPush  Dashboard/span_Broadcasts' is clicked on

2018-08-10 14:21:10 - [MESSAGE][PASSED] - Object: 'Object Repository/Page_KiboPush  Dashboard/span_Broadcasts' is clicked on

2018-08-10 14:21:10 - [TEST_STEP][PASSED] - click: Object: 'Object Repository/Page_KiboPush  Broadcast/span_Create New Broadcast' is clicked on

2018-08-10 14:21:15 - [MESSAGE][PASSED] - Object: 'Object Repository/Page_KiboPush  Broadcast/span_Create New Broadcast' is clicked on

2018-08-10 14:21:15 - [TEST_STEP][PASSED] - click: Object: 'Object Repository/Page_KiboPush  Broadcast/a_Create New Broadcast' is clicked on

2018-08-10 14:21:21 - [MESSAGE][PASSED] - Object: 'Object Repository/Page_KiboPush  Broadcast/a_Create New Broadcast' is clicked on

2018-08-10 14:21:21 - [TEST_STEP][PASSED] - delay: Delayed 1 second(s)

2018-08-10 14:21:22 - [MESSAGE][PASSED] - Delayed 1 second(s)

2018-08-10 14:21:22 - [TEST_STEP][PASSED] - click: Object: 'Object Repository/Page_KiboPush  Create Broadcast/div_Audio' is clicked on

2018-08-10 14:21:27 - [MESSAGE][PASSED] - Object: 'Object Repository/Page_KiboPush  Create Broadcast/div_Audio' is clicked on

2018-08-10 14:22:14 - [TEST_STEP][PASSED] - verifyElementPresent: Object 'Object Repository/Page_KiboPush  Create Broadcast/h4_Audio' is present

2018-08-10 14:22:14 - [MESSAGE][PASSED] - Object 'Object Repository/Page_KiboPush  Create Broadcast/h4_Audio' is present]]></system-out>
         <system-err><![CDATA[]]></system-err>
      </testcase>
      <testcase name="Test Cases/TC0164" classname="Test Cases/TC0164" status="PASSED">
         <system-out><![CDATA[2018-08-10 14:22:14 - [TEST_CASE][PASSED] - Test Cases/TC0164: Test Cases/TC0164

2018-08-10 14:22:19 - [TEST_STEP][PASSED] - callTestCase: Call Test Case 'Test Cases/TC0163' successfully

2018-08-10 14:22:19 - [TEST_CASE][PASSED] - Test Cases/TC0163: Test Cases/TC0163

2018-08-10 14:22:19 - [TEST_STEP][PASSED] - callTestCase: Call Test Case 'Test Cases/Login' successfully

2018-08-10 14:22:20 - [TEST_CASE][PASSED] - Test Cases/Login: Test Cases/Login

2018-08-10 14:22:20 - [TEST_STEP][PASSED] - openBrowser: Browser is opened with url: ''

2018-08-10 14:22:20 - [MESSAGE][WARNING] - A browser is already opened. Closing browser and opening a new one

2018-08-10 14:22:21 - [MESSAGE][PASSED] - Browser is opened with url: ''

2018-08-10 14:22:21 - [TEST_STEP][PASSED] - navigateToUrl: Navigate to 'https://staging.kibopush.com/' successfully

2018-08-10 14:22:29 - [MESSAGE][PASSED] - Navigate to 'https://staging.kibopush.com/' successfully

2018-08-10 14:22:29 - [TEST_STEP][PASSED] - click: Object: 'Object Repository/Page_KiboPush  Sign In/a_Login' is clicked on

2018-08-10 14:22:29 - [MESSAGE][PASSED] - Object: 'Object Repository/Page_KiboPush  Sign In/a_Login' is clicked on

2018-08-10 14:22:29 - [TEST_STEP][PASSED] - click: Object: 'Object Repository/Page_KiboPush  Sign In/button_Team Account' is clicked on

2018-08-10 14:22:29 - [MESSAGE][PASSED] - Object: 'Object Repository/Page_KiboPush  Sign In/button_Team Account' is clicked on

2018-08-10 14:22:29 - [TEST_STEP][PASSED] - setText: Text 'kibopush.com' is set on object 'Object Repository/Page_KiboPush  Sign In/input_form-control m-input'

2018-08-10 14:22:29 - [MESSAGE][PASSED] - Text 'kibopush.com' is set on object 'Object Repository/Page_KiboPush  Sign In/input_form-control m-input'

2018-08-10 14:22:29 - [TEST_STEP][PASSED] - setText: Text 'bjafri5@gmail.com' is set on object 'Object Repository/Page_KiboPush  Sign In/input_form-control m-input_1'

2018-08-10 14:22:30 - [MESSAGE][PASSED] - Text 'bjafri5@gmail.com' is set on object 'Object Repository/Page_KiboPush  Sign In/input_form-control m-input_1'

2018-08-10 14:22:30 - [TEST_STEP][PASSED] - setEncryptedText: Text ****** has been set on object 'Object Repository/Page_KiboPush  Sign In/input_form-control m-input_2'

2018-08-10 14:22:30 - [MESSAGE][PASSED] - Text ****** has been set on object 'Object Repository/Page_KiboPush  Sign In/input_form-control m-input_2'

2018-08-10 14:22:30 - [TEST_STEP][PASSED] - click: Object: 'Object Repository/Page_KiboPush  Sign In/button_Sign In' is clicked on

2018-08-10 14:22:30 - [MESSAGE][PASSED] - Object: 'Object Repository/Page_KiboPush  Sign In/button_Sign In' is clicked on

2018-08-10 14:22:30 - [MESSAGE][PASSED] - Call Test Case 'Test Cases/Login' successfully

2018-08-10 14:22:30 - [TEST_STEP][PASSED] - click: Object: 'Object Repository/Page_KiboPush  Dashboard/span_Broadcasts' is clicked on

2018-08-10 14:22:32 - [MESSAGE][PASSED] - Object: 'Object Repository/Page_KiboPush  Dashboard/span_Broadcasts' is clicked on

2018-08-10 14:22:32 - [TEST_STEP][PASSED] - click: Object: 'Object Repository/Page_KiboPush  Broadcast/span_Create New Broadcast' is clicked on

2018-08-10 14:22:32 - [MESSAGE][PASSED] - Object: 'Object Repository/Page_KiboPush  Broadcast/span_Create New Broadcast' is clicked on

2018-08-10 14:22:32 - [TEST_STEP][PASSED] - click: Object: 'Object Repository/Page_KiboPush  Broadcast/a_Create New Broadcast' is clicked on

2018-08-10 14:22:32 - [MESSAGE][PASSED] - Object: 'Object Repository/Page_KiboPush  Broadcast/a_Create New Broadcast' is clicked on

2018-08-10 14:22:32 - [TEST_STEP][PASSED] - delay: Delayed 1 second(s)

2018-08-10 14:22:33 - [MESSAGE][PASSED] - Delayed 1 second(s)

2018-08-10 14:22:33 - [TEST_STEP][PASSED] - click: Object: 'Object Repository/Page_KiboPush  Create Broadcast/div_Audio' is clicked on

2018-08-10 14:22:34 - [MESSAGE][PASSED] - Object: 'Object Repository/Page_KiboPush  Create Broadcast/div_Audio' is clicked on

2018-08-10 14:22:34 - [TEST_STEP][PASSED] - verifyElementPresent: Object 'Object Repository/Page_KiboPush  Create Broadcast/h4_Audio' is present

2018-08-10 14:22:34 - [MESSAGE][PASSED] - Object 'Object Repository/Page_KiboPush  Create Broadcast/h4_Audio' is present

2018-08-10 14:22:34 - [MESSAGE][PASSED] - Call Test Case 'Test Cases/TC0163' successfully

2018-08-10 14:22:34 - [TEST_STEP][PASSED] - click: Object: 'Object Repository/Page_KiboPush  Create Broadcast/button_Next (7)' is clicked on

2018-08-10 14:22:34 - [MESSAGE][PASSED] - Object: 'Object Repository/Page_KiboPush  Create Broadcast/button_Next (7)' is clicked on

2018-08-10 14:22:34 - [TEST_STEP][PASSED] - click: Object: 'Object Repository/Page_KiboPush  Create Broadcast/div_Select an audio file' is clicked on

2018-08-10 14:22:34 - [MESSAGE][PASSED] - Object: 'Object Repository/Page_KiboPush  Create Broadcast/div_Select an audio file' is clicked on]]></system-out>
         <system-err><![CDATA[]]></system-err>
      </testcase>
      <testcase name="Test Cases/TC0165" classname="Test Cases/TC0165" status="PASSED">
         <system-out><![CDATA[2018-08-10 14:22:34 - [TEST_CASE][PASSED] - Test Cases/TC0165: Test Cases/TC0165

2018-08-10 14:22:34 - [TEST_STEP][PASSED] - callTestCase: Call Test Case 'Test Cases/TC0163' successfully

2018-08-10 14:22:34 - [TEST_CASE][PASSED] - Test Cases/TC0163: Test Cases/TC0163

2018-08-10 14:22:34 - [TEST_STEP][PASSED] - callTestCase: Call Test Case 'Test Cases/Login' successfully

2018-08-10 14:22:34 - [TEST_CASE][PASSED] - Test Cases/Login: Test Cases/Login

2018-08-10 14:22:34 - [TEST_STEP][PASSED] - openBrowser: Browser is opened with url: ''

2018-08-10 14:22:34 - [MESSAGE][WARNING] - A browser is already opened. Closing browser and opening a new one

2018-08-10 14:22:36 - [MESSAGE][PASSED] - Browser is opened with url: ''

2018-08-10 14:22:36 - [TEST_STEP][PASSED] - navigateToUrl: Navigate to 'https://staging.kibopush.com/' successfully

2018-08-10 14:22:44 - [MESSAGE][PASSED] - Navigate to 'https://staging.kibopush.com/' successfully

2018-08-10 14:22:44 - [TEST_STEP][PASSED] - click: Object: 'Object Repository/Page_KiboPush  Sign In/a_Login' is clicked on

2018-08-10 14:22:44 - [MESSAGE][PASSED] - Object: 'Object Repository/Page_KiboPush  Sign In/a_Login' is clicked on

2018-08-10 14:22:44 - [TEST_STEP][PASSED] - click: Object: 'Object Repository/Page_KiboPush  Sign In/button_Team Account' is clicked on

2018-08-10 14:22:44 - [MESSAGE][PASSED] - Object: 'Object Repository/Page_KiboPush  Sign In/button_Team Account' is clicked on

2018-08-10 14:22:44 - [TEST_STEP][PASSED] - setText: Text 'kibopush.com' is set on object 'Object Repository/Page_KiboPush  Sign In/input_form-control m-input'

2018-08-10 14:22:44 - [MESSAGE][PASSED] - Text 'kibopush.com' is set on object 'Object Repository/Page_KiboPush  Sign In/input_form-control m-input'

2018-08-10 14:22:44 - [TEST_STEP][PASSED] - setText: Text 'bjafri5@gmail.com' is set on object 'Object Repository/Page_KiboPush  Sign In/input_form-control m-input_1'

2018-08-10 14:22:45 - [MESSAGE][PASSED] - Text 'bjafri5@gmail.com' is set on object 'Object Repository/Page_KiboPush  Sign In/input_form-control m-input_1'

2018-08-10 14:22:45 - [TEST_STEP][PASSED] - setEncryptedText: Text ****** has been set on object 'Object Repository/Page_KiboPush  Sign In/input_form-control m-input_2'

2018-08-10 14:22:45 - [MESSAGE][PASSED] - Text ****** has been set on object 'Object Repository/Page_KiboPush  Sign In/input_form-control m-input_2'

2018-08-10 14:22:45 - [TEST_STEP][PASSED] - click: Object: 'Object Repository/Page_KiboPush  Sign In/button_Sign In' is clicked on

2018-08-10 14:22:45 - [MESSAGE][PASSED] - Object: 'Object Repository/Page_KiboPush  Sign In/button_Sign In' is clicked on

2018-08-10 14:22:45 - [MESSAGE][PASSED] - Call Test Case 'Test Cases/Login' successfully

2018-08-10 14:22:45 - [TEST_STEP][PASSED] - click: Object: 'Object Repository/Page_KiboPush  Dashboard/span_Broadcasts' is clicked on

2018-08-10 14:22:47 - [MESSAGE][PASSED] - Object: 'Object Repository/Page_KiboPush  Dashboard/span_Broadcasts' is clicked on

2018-08-10 14:22:47 - [TEST_STEP][PASSED] - click: Object: 'Object Repository/Page_KiboPush  Broadcast/span_Create New Broadcast' is clicked on

2018-08-10 14:22:47 - [MESSAGE][PASSED] - Object: 'Object Repository/Page_KiboPush  Broadcast/span_Create New Broadcast' is clicked on

2018-08-10 14:22:47 - [TEST_STEP][PASSED] - click: Object: 'Object Repository/Page_KiboPush  Broadcast/a_Create New Broadcast' is clicked on

2018-08-10 14:22:47 - [MESSAGE][PASSED] - Object: 'Object Repository/Page_KiboPush  Broadcast/a_Create New Broadcast' is clicked on

2018-08-10 14:22:48 - [TEST_STEP][PASSED] - delay: Delayed 1 second(s)

2018-08-10 14:22:49 - [MESSAGE][PASSED] - Delayed 1 second(s)

2018-08-10 14:22:49 - [TEST_STEP][PASSED] - click: Object: 'Object Repository/Page_KiboPush  Create Broadcast/div_Audio' is clicked on

2018-08-10 14:22:49 - [MESSAGE][PASSED] - Object: 'Object Repository/Page_KiboPush  Create Broadcast/div_Audio' is clicked on

2018-08-10 14:22:49 - [TEST_STEP][PASSED] - verifyElementPresent: Object 'Object Repository/Page_KiboPush  Create Broadcast/h4_Audio' is present

2018-08-10 14:22:49 - [MESSAGE][PASSED] - Object 'Object Repository/Page_KiboPush  Create Broadcast/h4_Audio' is present

2018-08-10 14:22:49 - [MESSAGE][PASSED] - Call Test Case 'Test Cases/TC0163' successfully

2018-08-10 14:22:49 - [TEST_STEP][PASSED] - Statement - audio = com.kms.katalon.core.configuration.RunConfiguration.getProjectDir() + "/sample.mp3": null

2018-08-10 14:22:49 - [TEST_STEP][PASSED] - uploadFile: File '/Users/baqarjafri/Katalon Studio/KiboPush/sample.mp3' sent to object: 'Object Repository/Page_KiboPush  Create Broadcast/input_file'

2018-08-10 14:22:49 - [MESSAGE][PASSED] - File '/Users/baqarjafri/Katalon Studio/KiboPush/sample.mp3' sent to object: 'Object Repository/Page_KiboPush  Create Broadcast/input_file']]></system-out>
         <system-err><![CDATA[]]></system-err>
      </testcase>
      <testcase name="Test Cases/TC0167" classname="Test Cases/TC0167" status="PASSED">
         <system-out><![CDATA[2018-08-10 14:22:49 - [TEST_CASE][PASSED] - Test Cases/TC0167: Test Cases/TC0167

2018-08-10 14:22:49 - [TEST_STEP][PASSED] - callTestCase: Call Test Case 'Test Cases/Login' successfully

2018-08-10 14:22:49 - [TEST_CASE][PASSED] - Test Cases/Login: Test Cases/Login

2018-08-10 14:22:49 - [TEST_STEP][PASSED] - openBrowser: Browser is opened with url: ''

2018-08-10 14:22:49 - [MESSAGE][WARNING] - A browser is already opened. Closing browser and opening a new one

2018-08-10 14:22:50 - [MESSAGE][PASSED] - Browser is opened with url: ''

2018-08-10 14:22:50 - [TEST_STEP][PASSED] - navigateToUrl: Navigate to 'https://staging.kibopush.com/' successfully

2018-08-10 14:23:02 - [MESSAGE][PASSED] - Navigate to 'https://staging.kibopush.com/' successfully

2018-08-10 14:23:02 - [TEST_STEP][PASSED] - click: Object: 'Object Repository/Page_KiboPush  Sign In/a_Login' is clicked on

2018-08-10 14:23:03 - [MESSAGE][PASSED] - Object: 'Object Repository/Page_KiboPush  Sign In/a_Login' is clicked on

2018-08-10 14:23:03 - [TEST_STEP][PASSED] - click: Object: 'Object Repository/Page_KiboPush  Sign In/button_Team Account' is clicked on

2018-08-10 14:23:03 - [MESSAGE][PASSED] - Object: 'Object Repository/Page_KiboPush  Sign In/button_Team Account' is clicked on

2018-08-10 14:23:03 - [TEST_STEP][PASSED] - setText: Text 'kibopush.com' is set on object 'Object Repository/Page_KiboPush  Sign In/input_form-control m-input'

2018-08-10 14:23:03 - [MESSAGE][PASSED] - Text 'kibopush.com' is set on object 'Object Repository/Page_KiboPush  Sign In/input_form-control m-input'

2018-08-10 14:23:03 - [TEST_STEP][PASSED] - setText: Text 'bjafri5@gmail.com' is set on object 'Object Repository/Page_KiboPush  Sign In/input_form-control m-input_1'

2018-08-10 14:23:03 - [MESSAGE][PASSED] - Text 'bjafri5@gmail.com' is set on object 'Object Repository/Page_KiboPush  Sign In/input_form-control m-input_1'

2018-08-10 14:23:03 - [TEST_STEP][PASSED] - setEncryptedText: Text ****** has been set on object 'Object Repository/Page_KiboPush  Sign In/input_form-control m-input_2'

2018-08-10 14:23:03 - [MESSAGE][PASSED] - Text ****** has been set on object 'Object Repository/Page_KiboPush  Sign In/input_form-control m-input_2'

2018-08-10 14:23:03 - [TEST_STEP][PASSED] - click: Object: 'Object Repository/Page_KiboPush  Sign In/button_Sign In' is clicked on

2018-08-10 14:23:04 - [MESSAGE][PASSED] - Object: 'Object Repository/Page_KiboPush  Sign In/button_Sign In' is clicked on

2018-08-10 14:23:04 - [MESSAGE][PASSED] - Call Test Case 'Test Cases/Login' successfully

2018-08-10 14:23:04 - [TEST_STEP][PASSED] - click: Object: 'Object Repository/Page_KiboPush  Dashboard/span_Broadcasts' is clicked on

2018-08-10 14:23:05 - [MESSAGE][PASSED] - Object: 'Object Repository/Page_KiboPush  Dashboard/span_Broadcasts' is clicked on

2018-08-10 14:23:05 - [TEST_STEP][PASSED] - click: Object: 'Object Repository/Page_KiboPush  Broadcast/span_Create New Broadcast' is clicked on

2018-08-10 14:23:06 - [MESSAGE][PASSED] - Object: 'Object Repository/Page_KiboPush  Broadcast/span_Create New Broadcast' is clicked on

2018-08-10 14:23:06 - [TEST_STEP][PASSED] - click: Object: 'Object Repository/Page_KiboPush  Broadcast/a_Create New Broadcast' is clicked on

2018-08-10 14:23:06 - [MESSAGE][PASSED] - Object: 'Object Repository/Page_KiboPush  Broadcast/a_Create New Broadcast' is clicked on

2018-08-10 14:23:06 - [TEST_STEP][PASSED] - delay: Delayed 1 second(s)

2018-08-10 14:23:07 - [MESSAGE][PASSED] - Delayed 1 second(s)

2018-08-10 14:23:07 - [TEST_STEP][PASSED] - click: Object: 'Object Repository/Page_KiboPush  Create Broadcast/div_Video' is clicked on

2018-08-10 14:23:08 - [MESSAGE][PASSED] - Object: 'Object Repository/Page_KiboPush  Create Broadcast/div_Video' is clicked on

2018-08-10 14:23:08 - [TEST_STEP][PASSED] - verifyElementPresent: Object 'Object Repository/Page_KiboPush  Create Broadcast/h4_Video' is present

2018-08-10 14:23:08 - [MESSAGE][PASSED] - Object 'Object Repository/Page_KiboPush  Create Broadcast/h4_Video' is present]]></system-out>
         <system-err><![CDATA[]]></system-err>
      </testcase>
      <testcase name="Test Cases/TC0168" classname="Test Cases/TC0168" status="PASSED">
         <system-out><![CDATA[2018-08-10 14:23:08 - [TEST_CASE][PASSED] - Test Cases/TC0168: Test Cases/TC0168

2018-08-10 14:23:08 - [TEST_STEP][PASSED] - callTestCase: Call Test Case 'Test Cases/TC0167' successfully

2018-08-10 14:23:08 - [TEST_CASE][PASSED] - Test Cases/TC0167: Test Cases/TC0167

2018-08-10 14:23:08 - [TEST_STEP][PASSED] - callTestCase: Call Test Case 'Test Cases/Login' successfully

2018-08-10 14:23:08 - [TEST_CASE][PASSED] - Test Cases/Login: Test Cases/Login

2018-08-10 14:23:08 - [TEST_STEP][PASSED] - openBrowser: Browser is opened with url: ''

2018-08-10 14:23:08 - [MESSAGE][WARNING] - A browser is already opened. Closing browser and opening a new one

2018-08-10 14:23:10 - [MESSAGE][PASSED] - Browser is opened with url: ''

2018-08-10 14:23:10 - [TEST_STEP][PASSED] - navigateToUrl: Navigate to 'https://staging.kibopush.com/' successfully

2018-08-10 14:23:18 - [MESSAGE][PASSED] - Navigate to 'https://staging.kibopush.com/' successfully

2018-08-10 14:23:18 - [TEST_STEP][PASSED] - click: Object: 'Object Repository/Page_KiboPush  Sign In/a_Login' is clicked on

2018-08-10 14:23:18 - [MESSAGE][PASSED] - Object: 'Object Repository/Page_KiboPush  Sign In/a_Login' is clicked on

2018-08-10 14:23:18 - [TEST_STEP][PASSED] - click: Object: 'Object Repository/Page_KiboPush  Sign In/button_Team Account' is clicked on

2018-08-10 14:23:19 - [MESSAGE][PASSED] - Object: 'Object Repository/Page_KiboPush  Sign In/button_Team Account' is clicked on

2018-08-10 14:23:19 - [TEST_STEP][PASSED] - setText: Text 'kibopush.com' is set on object 'Object Repository/Page_KiboPush  Sign In/input_form-control m-input'

2018-08-10 14:23:19 - [MESSAGE][PASSED] - Text 'kibopush.com' is set on object 'Object Repository/Page_KiboPush  Sign In/input_form-control m-input'

2018-08-10 14:23:19 - [TEST_STEP][PASSED] - setText: Text 'bjafri5@gmail.com' is set on object 'Object Repository/Page_KiboPush  Sign In/input_form-control m-input_1'

2018-08-10 14:23:19 - [MESSAGE][PASSED] - Text 'bjafri5@gmail.com' is set on object 'Object Repository/Page_KiboPush  Sign In/input_form-control m-input_1'

2018-08-10 14:23:19 - [TEST_STEP][PASSED] - setEncryptedText: Text ****** has been set on object 'Object Repository/Page_KiboPush  Sign In/input_form-control m-input_2'

2018-08-10 14:23:19 - [MESSAGE][PASSED] - Text ****** has been set on object 'Object Repository/Page_KiboPush  Sign In/input_form-control m-input_2'

2018-08-10 14:23:19 - [TEST_STEP][PASSED] - click: Object: 'Object Repository/Page_KiboPush  Sign In/button_Sign In' is clicked on

2018-08-10 14:23:20 - [MESSAGE][PASSED] - Object: 'Object Repository/Page_KiboPush  Sign In/button_Sign In' is clicked on

2018-08-10 14:23:20 - [MESSAGE][PASSED] - Call Test Case 'Test Cases/Login' successfully

2018-08-10 14:23:20 - [TEST_STEP][PASSED] - click: Object: 'Object Repository/Page_KiboPush  Dashboard/span_Broadcasts' is clicked on

2018-08-10 14:23:21 - [MESSAGE][PASSED] - Object: 'Object Repository/Page_KiboPush  Dashboard/span_Broadcasts' is clicked on

2018-08-10 14:23:21 - [TEST_STEP][PASSED] - click: Object: 'Object Repository/Page_KiboPush  Broadcast/span_Create New Broadcast' is clicked on

2018-08-10 14:23:22 - [MESSAGE][PASSED] - Object: 'Object Repository/Page_KiboPush  Broadcast/span_Create New Broadcast' is clicked on

2018-08-10 14:23:22 - [TEST_STEP][PASSED] - click: Object: 'Object Repository/Page_KiboPush  Broadcast/a_Create New Broadcast' is clicked on

2018-08-10 14:23:22 - [MESSAGE][PASSED] - Object: 'Object Repository/Page_KiboPush  Broadcast/a_Create New Broadcast' is clicked on

2018-08-10 14:23:22 - [TEST_STEP][PASSED] - delay: Delayed 1 second(s)

2018-08-10 14:23:23 - [MESSAGE][PASSED] - Delayed 1 second(s)

2018-08-10 14:23:23 - [TEST_STEP][PASSED] - click: Object: 'Object Repository/Page_KiboPush  Create Broadcast/div_Video' is clicked on

2018-08-10 14:23:23 - [MESSAGE][PASSED] - Object: 'Object Repository/Page_KiboPush  Create Broadcast/div_Video' is clicked on

2018-08-10 14:23:23 - [TEST_STEP][PASSED] - verifyElementPresent: Object 'Object Repository/Page_KiboPush  Create Broadcast/h4_Video' is present

2018-08-10 14:23:23 - [MESSAGE][PASSED] - Object 'Object Repository/Page_KiboPush  Create Broadcast/h4_Video' is present

2018-08-10 14:23:23 - [MESSAGE][PASSED] - Call Test Case 'Test Cases/TC0167' successfully

2018-08-10 14:23:23 - [TEST_STEP][PASSED] - click: Object: 'Object Repository/Page_KiboPush  Create Broadcast/button_Next (8)' is clicked on

2018-08-10 14:23:23 - [MESSAGE][PASSED] - Object: 'Object Repository/Page_KiboPush  Create Broadcast/button_Next (8)' is clicked on

2018-08-10 14:23:23 - [TEST_STEP][PASSED] - click: Object: 'Object Repository/Page_KiboPush  Create Broadcast/div_Select a video file' is clicked on

2018-08-10 14:23:24 - [MESSAGE][PASSED] - Object: 'Object Repository/Page_KiboPush  Create Broadcast/div_Select a video file' is clicked on]]></system-out>
         <system-err><![CDATA[]]></system-err>
      </testcase>
      <testcase name="Test Cases/TC0169" classname="Test Cases/TC0169" status="PASSED">
         <system-out><![CDATA[2018-08-10 14:23:24 - [TEST_CASE][PASSED] - Test Cases/TC0169: Test Cases/TC0169

2018-08-10 14:23:24 - [TEST_STEP][PASSED] - callTestCase: Call Test Case 'Test Cases/TC0167' successfully

2018-08-10 14:23:24 - [TEST_CASE][PASSED] - Test Cases/TC0167: Test Cases/TC0167

2018-08-10 14:23:24 - [TEST_STEP][PASSED] - callTestCase: Call Test Case 'Test Cases/Login' successfully

2018-08-10 14:23:24 - [TEST_CASE][PASSED] - Test Cases/Login: Test Cases/Login

2018-08-10 14:23:24 - [TEST_STEP][PASSED] - openBrowser: Browser is opened with url: ''

2018-08-10 14:23:24 - [MESSAGE][WARNING] - A browser is already opened. Closing browser and opening a new one

2018-08-10 14:23:25 - [MESSAGE][PASSED] - Browser is opened with url: ''

2018-08-10 14:23:25 - [TEST_STEP][PASSED] - navigateToUrl: Navigate to 'https://staging.kibopush.com/' successfully

2018-08-10 14:23:36 - [MESSAGE][PASSED] - Navigate to 'https://staging.kibopush.com/' successfully

2018-08-10 14:23:36 - [TEST_STEP][PASSED] - click: Object: 'Object Repository/Page_KiboPush  Sign In/a_Login' is clicked on

2018-08-10 14:23:36 - [MESSAGE][PASSED] - Object: 'Object Repository/Page_KiboPush  Sign In/a_Login' is clicked on

2018-08-10 14:23:36 - [TEST_STEP][PASSED] - click: Object: 'Object Repository/Page_KiboPush  Sign In/button_Team Account' is clicked on

2018-08-10 14:23:37 - [MESSAGE][PASSED] - Object: 'Object Repository/Page_KiboPush  Sign In/button_Team Account' is clicked on

2018-08-10 14:23:37 - [TEST_STEP][PASSED] - setText: Text 'kibopush.com' is set on object 'Object Repository/Page_KiboPush  Sign In/input_form-control m-input'

2018-08-10 14:23:37 - [MESSAGE][PASSED] - Text 'kibopush.com' is set on object 'Object Repository/Page_KiboPush  Sign In/input_form-control m-input'

2018-08-10 14:23:37 - [TEST_STEP][PASSED] - setText: Text 'bjafri5@gmail.com' is set on object 'Object Repository/Page_KiboPush  Sign In/input_form-control m-input_1'

2018-08-10 14:23:37 - [MESSAGE][PASSED] - Text 'bjafri5@gmail.com' is set on object 'Object Repository/Page_KiboPush  Sign In/input_form-control m-input_1'

2018-08-10 14:23:37 - [TEST_STEP][PASSED] - setEncryptedText: Text ****** has been set on object 'Object Repository/Page_KiboPush  Sign In/input_form-control m-input_2'

2018-08-10 14:23:37 - [MESSAGE][PASSED] - Text ****** has been set on object 'Object Repository/Page_KiboPush  Sign In/input_form-control m-input_2'

2018-08-10 14:23:37 - [TEST_STEP][PASSED] - click: Object: 'Object Repository/Page_KiboPush  Sign In/button_Sign In' is clicked on

2018-08-10 14:23:37 - [MESSAGE][PASSED] - Object: 'Object Repository/Page_KiboPush  Sign In/button_Sign In' is clicked on

2018-08-10 14:23:37 - [MESSAGE][PASSED] - Call Test Case 'Test Cases/Login' successfully

2018-08-10 14:23:37 - [TEST_STEP][PASSED] - click: Object: 'Object Repository/Page_KiboPush  Dashboard/span_Broadcasts' is clicked on

2018-08-10 14:23:39 - [MESSAGE][PASSED] - Object: 'Object Repository/Page_KiboPush  Dashboard/span_Broadcasts' is clicked on

2018-08-10 14:23:39 - [TEST_STEP][PASSED] - click: Object: 'Object Repository/Page_KiboPush  Broadcast/span_Create New Broadcast' is clicked on

2018-08-10 14:23:39 - [MESSAGE][PASSED] - Object: 'Object Repository/Page_KiboPush  Broadcast/span_Create New Broadcast' is clicked on

2018-08-10 14:23:39 - [TEST_STEP][PASSED] - click: Object: 'Object Repository/Page_KiboPush  Broadcast/a_Create New Broadcast' is clicked on

2018-08-10 14:23:40 - [MESSAGE][PASSED] - Object: 'Object Repository/Page_KiboPush  Broadcast/a_Create New Broadcast' is clicked on

2018-08-10 14:23:40 - [TEST_STEP][PASSED] - delay: Delayed 1 second(s)

2018-08-10 14:23:41 - [MESSAGE][PASSED] - Delayed 1 second(s)

2018-08-10 14:23:41 - [TEST_STEP][PASSED] - click: Object: 'Object Repository/Page_KiboPush  Create Broadcast/div_Video' is clicked on

2018-08-10 14:23:41 - [MESSAGE][PASSED] - Object: 'Object Repository/Page_KiboPush  Create Broadcast/div_Video' is clicked on

2018-08-10 14:23:41 - [TEST_STEP][PASSED] - verifyElementPresent: Object 'Object Repository/Page_KiboPush  Create Broadcast/h4_Video' is present

2018-08-10 14:23:41 - [MESSAGE][PASSED] - Object 'Object Repository/Page_KiboPush  Create Broadcast/h4_Video' is present

2018-08-10 14:23:41 - [MESSAGE][PASSED] - Call Test Case 'Test Cases/TC0167' successfully

2018-08-10 14:23:41 - [TEST_STEP][PASSED] - Statement - video = com.kms.katalon.core.configuration.RunConfiguration.getProjectDir() + "/sample.mp4": null

2018-08-10 14:23:41 - [TEST_STEP][PASSED] - uploadFile: File '/Users/baqarjafri/Katalon Studio/KiboPush/sample.mp4' sent to object: 'Object Repository/Page_KiboPush  Create Broadcast/input_file'

2018-08-10 14:23:41 - [MESSAGE][PASSED] - File '/Users/baqarjafri/Katalon Studio/KiboPush/sample.mp4' sent to object: 'Object Repository/Page_KiboPush  Create Broadcast/input_file']]></system-out>
         <system-err><![CDATA[]]></system-err>
      </testcase>
      <testcase name="Test Cases/TC0171" classname="Test Cases/TC0171" status="PASSED">
         <system-out><![CDATA[2018-08-10 14:23:41 - [TEST_CASE][PASSED] - Test Cases/TC0171: Test Cases/TC0171

2018-08-10 14:23:41 - [TEST_STEP][PASSED] - callTestCase: Call Test Case 'Test Cases/Login' successfully

2018-08-10 14:23:41 - [TEST_CASE][PASSED] - Test Cases/Login: Test Cases/Login

2018-08-10 14:23:41 - [TEST_STEP][PASSED] - openBrowser: Browser is opened with url: ''

2018-08-10 14:23:41 - [MESSAGE][WARNING] - A browser is already opened. Closing browser and opening a new one

2018-08-10 14:23:42 - [MESSAGE][PASSED] - Browser is opened with url: ''

2018-08-10 14:23:42 - [TEST_STEP][PASSED] - navigateToUrl: Navigate to 'https://staging.kibopush.com/' successfully

2018-08-10 14:23:53 - [MESSAGE][PASSED] - Navigate to 'https://staging.kibopush.com/' successfully

2018-08-10 14:23:53 - [TEST_STEP][PASSED] - click: Object: 'Object Repository/Page_KiboPush  Sign In/a_Login' is clicked on

2018-08-10 14:23:53 - [MESSAGE][PASSED] - Object: 'Object Repository/Page_KiboPush  Sign In/a_Login' is clicked on

2018-08-10 14:23:53 - [TEST_STEP][PASSED] - click: Object: 'Object Repository/Page_KiboPush  Sign In/button_Team Account' is clicked on

2018-08-10 14:23:53 - [MESSAGE][PASSED] - Object: 'Object Repository/Page_KiboPush  Sign In/button_Team Account' is clicked on

2018-08-10 14:23:53 - [TEST_STEP][PASSED] - setText: Text 'kibopush.com' is set on object 'Object Repository/Page_KiboPush  Sign In/input_form-control m-input'

2018-08-10 14:23:53 - [MESSAGE][PASSED] - Text 'kibopush.com' is set on object 'Object Repository/Page_KiboPush  Sign In/input_form-control m-input'

2018-08-10 14:23:53 - [TEST_STEP][PASSED] - setText: Text 'bjafri5@gmail.com' is set on object 'Object Repository/Page_KiboPush  Sign In/input_form-control m-input_1'

2018-08-10 14:23:54 - [MESSAGE][PASSED] - Text 'bjafri5@gmail.com' is set on object 'Object Repository/Page_KiboPush  Sign In/input_form-control m-input_1'

2018-08-10 14:23:54 - [TEST_STEP][PASSED] - setEncryptedText: Text ****** has been set on object 'Object Repository/Page_KiboPush  Sign In/input_form-control m-input_2'

2018-08-10 14:23:54 - [MESSAGE][PASSED] - Text ****** has been set on object 'Object Repository/Page_KiboPush  Sign In/input_form-control m-input_2'

2018-08-10 14:23:54 - [TEST_STEP][PASSED] - click: Object: 'Object Repository/Page_KiboPush  Sign In/button_Sign In' is clicked on

2018-08-10 14:23:54 - [MESSAGE][PASSED] - Object: 'Object Repository/Page_KiboPush  Sign In/button_Sign In' is clicked on

2018-08-10 14:23:54 - [MESSAGE][PASSED] - Call Test Case 'Test Cases/Login' successfully

2018-08-10 14:23:54 - [TEST_STEP][PASSED] - click: Object: 'Object Repository/Page_KiboPush  Dashboard/span_Broadcasts' is clicked on

2018-08-10 14:23:56 - [MESSAGE][PASSED] - Object: 'Object Repository/Page_KiboPush  Dashboard/span_Broadcasts' is clicked on

2018-08-10 14:23:56 - [TEST_STEP][PASSED] - click: Object: 'Object Repository/Page_KiboPush  Broadcast/span_Create New Broadcast' is clicked on

2018-08-10 14:23:56 - [MESSAGE][PASSED] - Object: 'Object Repository/Page_KiboPush  Broadcast/span_Create New Broadcast' is clicked on

2018-08-10 14:23:56 - [TEST_STEP][PASSED] - click: Object: 'Object Repository/Page_KiboPush  Broadcast/a_Create New Broadcast' is clicked on

2018-08-10 14:23:56 - [MESSAGE][PASSED] - Object: 'Object Repository/Page_KiboPush  Broadcast/a_Create New Broadcast' is clicked on

2018-08-10 14:23:56 - [TEST_STEP][PASSED] - delay: Delayed 1 second(s)

2018-08-10 14:23:57 - [MESSAGE][PASSED] - Delayed 1 second(s)

2018-08-10 14:23:57 - [TEST_STEP][PASSED] - click: Object: 'Object Repository/Page_KiboPush  Create Broadcast/div_File' is clicked on

2018-08-10 14:23:57 - [MESSAGE][PASSED] - Object: 'Object Repository/Page_KiboPush  Create Broadcast/div_File' is clicked on

2018-08-10 14:23:57 - [TEST_STEP][PASSED] - verifyElementPresent: Object 'Object Repository/Page_KiboPush  Create Broadcast/h4_File' is present

2018-08-10 14:23:57 - [MESSAGE][PASSED] - Object 'Object Repository/Page_KiboPush  Create Broadcast/h4_File' is present]]></system-out>
         <system-err><![CDATA[]]></system-err>
      </testcase>
      <testcase name="Test Cases/TC0172" classname="Test Cases/TC0172" status="PASSED">
         <system-out><![CDATA[2018-08-10 14:23:57 - [TEST_CASE][PASSED] - Test Cases/TC0172: Test Cases/TC0172

2018-08-10 14:23:57 - [TEST_STEP][PASSED] - callTestCase: Call Test Case 'Test Cases/TC0171' successfully

2018-08-10 14:23:58 - [TEST_CASE][PASSED] - Test Cases/TC0171: Test Cases/TC0171

2018-08-10 14:23:58 - [TEST_STEP][PASSED] - callTestCase: Call Test Case 'Test Cases/Login' successfully

2018-08-10 14:23:58 - [TEST_CASE][PASSED] - Test Cases/Login: Test Cases/Login

2018-08-10 14:23:58 - [TEST_STEP][PASSED] - openBrowser: Browser is opened with url: ''

2018-08-10 14:23:58 - [MESSAGE][WARNING] - A browser is already opened. Closing browser and opening a new one

2018-08-10 14:23:59 - [MESSAGE][PASSED] - Browser is opened with url: ''

2018-08-10 14:23:59 - [TEST_STEP][PASSED] - navigateToUrl: Navigate to 'https://staging.kibopush.com/' successfully

2018-08-10 14:24:11 - [MESSAGE][PASSED] - Navigate to 'https://staging.kibopush.com/' successfully

2018-08-10 14:24:11 - [TEST_STEP][PASSED] - click: Object: 'Object Repository/Page_KiboPush  Sign In/a_Login' is clicked on

2018-08-10 14:24:11 - [MESSAGE][PASSED] - Object: 'Object Repository/Page_KiboPush  Sign In/a_Login' is clicked on

2018-08-10 14:24:11 - [TEST_STEP][PASSED] - click: Object: 'Object Repository/Page_KiboPush  Sign In/button_Team Account' is clicked on

2018-08-10 14:24:11 - [MESSAGE][PASSED] - Object: 'Object Repository/Page_KiboPush  Sign In/button_Team Account' is clicked on

2018-08-10 14:24:11 - [TEST_STEP][PASSED] - setText: Text 'kibopush.com' is set on object 'Object Repository/Page_KiboPush  Sign In/input_form-control m-input'

2018-08-10 14:24:12 - [MESSAGE][PASSED] - Text 'kibopush.com' is set on object 'Object Repository/Page_KiboPush  Sign In/input_form-control m-input'

2018-08-10 14:24:12 - [TEST_STEP][PASSED] - setText: Text 'bjafri5@gmail.com' is set on object 'Object Repository/Page_KiboPush  Sign In/input_form-control m-input_1'

2018-08-10 14:24:12 - [MESSAGE][PASSED] - Text 'bjafri5@gmail.com' is set on object 'Object Repository/Page_KiboPush  Sign In/input_form-control m-input_1'

2018-08-10 14:24:12 - [TEST_STEP][PASSED] - setEncryptedText: Text ****** has been set on object 'Object Repository/Page_KiboPush  Sign In/input_form-control m-input_2'

2018-08-10 14:24:12 - [MESSAGE][PASSED] - Text ****** has been set on object 'Object Repository/Page_KiboPush  Sign In/input_form-control m-input_2'

2018-08-10 14:24:12 - [TEST_STEP][PASSED] - click: Object: 'Object Repository/Page_KiboPush  Sign In/button_Sign In' is clicked on

2018-08-10 14:24:12 - [MESSAGE][PASSED] - Object: 'Object Repository/Page_KiboPush  Sign In/button_Sign In' is clicked on

2018-08-10 14:24:12 - [MESSAGE][PASSED] - Call Test Case 'Test Cases/Login' successfully

2018-08-10 14:24:12 - [TEST_STEP][PASSED] - click: Object: 'Object Repository/Page_KiboPush  Dashboard/span_Broadcasts' is clicked on

2018-08-10 14:24:14 - [MESSAGE][PASSED] - Object: 'Object Repository/Page_KiboPush  Dashboard/span_Broadcasts' is clicked on

2018-08-10 14:24:14 - [TEST_STEP][PASSED] - click: Object: 'Object Repository/Page_KiboPush  Broadcast/span_Create New Broadcast' is clicked on

2018-08-10 14:24:15 - [MESSAGE][PASSED] - Object: 'Object Repository/Page_KiboPush  Broadcast/span_Create New Broadcast' is clicked on

2018-08-10 14:24:15 - [TEST_STEP][PASSED] - click: Object: 'Object Repository/Page_KiboPush  Broadcast/a_Create New Broadcast' is clicked on

2018-08-10 14:24:15 - [MESSAGE][PASSED] - Object: 'Object Repository/Page_KiboPush  Broadcast/a_Create New Broadcast' is clicked on

2018-08-10 14:24:15 - [TEST_STEP][PASSED] - delay: Delayed 1 second(s)

2018-08-10 14:24:16 - [MESSAGE][PASSED] - Delayed 1 second(s)

2018-08-10 14:24:16 - [TEST_STEP][PASSED] - click: Object: 'Object Repository/Page_KiboPush  Create Broadcast/div_File' is clicked on

2018-08-10 14:24:16 - [MESSAGE][PASSED] - Object: 'Object Repository/Page_KiboPush  Create Broadcast/div_File' is clicked on

2018-08-10 14:24:16 - [TEST_STEP][PASSED] - verifyElementPresent: Object 'Object Repository/Page_KiboPush  Create Broadcast/h4_File' is present

2018-08-10 14:24:16 - [MESSAGE][PASSED] - Object 'Object Repository/Page_KiboPush  Create Broadcast/h4_File' is present

2018-08-10 14:24:16 - [MESSAGE][PASSED] - Call Test Case 'Test Cases/TC0171' successfully

2018-08-10 14:24:16 - [TEST_STEP][PASSED] - click: Object: 'Object Repository/Page_KiboPush  Create Broadcast/button_Next (9)' is clicked on

2018-08-10 14:24:16 - [MESSAGE][PASSED] - Object: 'Object Repository/Page_KiboPush  Create Broadcast/button_Next (9)' is clicked on

2018-08-10 14:24:16 - [TEST_STEP][PASSED] - click: Object: 'Object Repository/Page_KiboPush  Create Broadcast/div_Select a valid file' is clicked on

2018-08-10 14:24:16 - [MESSAGE][PASSED] - Object: 'Object Repository/Page_KiboPush  Create Broadcast/div_Select a valid file' is clicked on]]></system-out>
         <system-err><![CDATA[]]></system-err>
      </testcase>
      <testcase name="Test Cases/TC0173" classname="Test Cases/TC0173" status="PASSED">
         <system-out><![CDATA[2018-08-10 14:24:16 - [TEST_CASE][PASSED] - Test Cases/TC0173: Test Cases/TC0173

2018-08-10 14:24:16 - [TEST_STEP][PASSED] - callTestCase: Call Test Case 'Test Cases/TC0171' successfully

2018-08-10 14:24:16 - [TEST_CASE][PASSED] - Test Cases/TC0171: Test Cases/TC0171

2018-08-10 14:24:16 - [TEST_STEP][PASSED] - callTestCase: Call Test Case 'Test Cases/Login' successfully

2018-08-10 14:24:17 - [TEST_CASE][PASSED] - Test Cases/Login: Test Cases/Login

2018-08-10 14:24:17 - [TEST_STEP][PASSED] - openBrowser: Browser is opened with url: ''

2018-08-10 14:24:17 - [MESSAGE][WARNING] - A browser is already opened. Closing browser and opening a new one

2018-08-10 14:24:18 - [MESSAGE][PASSED] - Browser is opened with url: ''

2018-08-10 14:24:18 - [TEST_STEP][PASSED] - navigateToUrl: Navigate to 'https://staging.kibopush.com/' successfully

2018-08-10 14:24:30 - [MESSAGE][PASSED] - Navigate to 'https://staging.kibopush.com/' successfully

2018-08-10 14:24:30 - [TEST_STEP][PASSED] - click: Object: 'Object Repository/Page_KiboPush  Sign In/a_Login' is clicked on

2018-08-10 14:24:30 - [MESSAGE][PASSED] - Object: 'Object Repository/Page_KiboPush  Sign In/a_Login' is clicked on

2018-08-10 14:24:30 - [TEST_STEP][PASSED] - click: Object: 'Object Repository/Page_KiboPush  Sign In/button_Team Account' is clicked on

2018-08-10 14:24:30 - [MESSAGE][PASSED] - Object: 'Object Repository/Page_KiboPush  Sign In/button_Team Account' is clicked on

2018-08-10 14:24:30 - [TEST_STEP][PASSED] - setText: Text 'kibopush.com' is set on object 'Object Repository/Page_KiboPush  Sign In/input_form-control m-input'

2018-08-10 14:24:31 - [MESSAGE][PASSED] - Text 'kibopush.com' is set on object 'Object Repository/Page_KiboPush  Sign In/input_form-control m-input'

2018-08-10 14:24:31 - [TEST_STEP][PASSED] - setText: Text 'bjafri5@gmail.com' is set on object 'Object Repository/Page_KiboPush  Sign In/input_form-control m-input_1'

2018-08-10 14:24:31 - [MESSAGE][PASSED] - Text 'bjafri5@gmail.com' is set on object 'Object Repository/Page_KiboPush  Sign In/input_form-control m-input_1'

2018-08-10 14:24:31 - [TEST_STEP][PASSED] - setEncryptedText: Text ****** has been set on object 'Object Repository/Page_KiboPush  Sign In/input_form-control m-input_2'

2018-08-10 14:24:31 - [MESSAGE][PASSED] - Text ****** has been set on object 'Object Repository/Page_KiboPush  Sign In/input_form-control m-input_2'

2018-08-10 14:24:31 - [TEST_STEP][PASSED] - click: Object: 'Object Repository/Page_KiboPush  Sign In/button_Sign In' is clicked on

2018-08-10 14:24:31 - [MESSAGE][PASSED] - Object: 'Object Repository/Page_KiboPush  Sign In/button_Sign In' is clicked on

2018-08-10 14:24:31 - [MESSAGE][PASSED] - Call Test Case 'Test Cases/Login' successfully

2018-08-10 14:24:31 - [TEST_STEP][PASSED] - click: Object: 'Object Repository/Page_KiboPush  Dashboard/span_Broadcasts' is clicked on

2018-08-10 14:24:33 - [MESSAGE][PASSED] - Object: 'Object Repository/Page_KiboPush  Dashboard/span_Broadcasts' is clicked on

2018-08-10 14:24:33 - [TEST_STEP][PASSED] - click: Object: 'Object Repository/Page_KiboPush  Broadcast/span_Create New Broadcast' is clicked on

2018-08-10 14:24:33 - [MESSAGE][PASSED] - Object: 'Object Repository/Page_KiboPush  Broadcast/span_Create New Broadcast' is clicked on

2018-08-10 14:24:33 - [TEST_STEP][PASSED] - click: Object: 'Object Repository/Page_KiboPush  Broadcast/a_Create New Broadcast' is clicked on

2018-08-10 14:24:34 - [MESSAGE][PASSED] - Object: 'Object Repository/Page_KiboPush  Broadcast/a_Create New Broadcast' is clicked on

2018-08-10 14:24:34 - [TEST_STEP][PASSED] - delay: Delayed 1 second(s)

2018-08-10 14:24:35 - [MESSAGE][PASSED] - Delayed 1 second(s)

2018-08-10 14:24:35 - [TEST_STEP][PASSED] - click: Object: 'Object Repository/Page_KiboPush  Create Broadcast/div_File' is clicked on

2018-08-10 14:24:35 - [MESSAGE][PASSED] - Object: 'Object Repository/Page_KiboPush  Create Broadcast/div_File' is clicked on

2018-08-10 14:24:35 - [TEST_STEP][PASSED] - verifyElementPresent: Object 'Object Repository/Page_KiboPush  Create Broadcast/h4_File' is present

2018-08-10 14:24:35 - [MESSAGE][PASSED] - Object 'Object Repository/Page_KiboPush  Create Broadcast/h4_File' is present

2018-08-10 14:24:35 - [MESSAGE][PASSED] - Call Test Case 'Test Cases/TC0171' successfully

2018-08-10 14:24:35 - [TEST_STEP][PASSED] - Statement - file = com.kms.katalon.core.configuration.RunConfiguration.getProjectDir() + "/sample.pdf": null

2018-08-10 14:24:35 - [TEST_STEP][PASSED] - uploadFile: File '/Users/baqarjafri/Katalon Studio/KiboPush/sample.pdf' sent to object: 'Object Repository/Page_KiboPush  Create Broadcast/input_file'

2018-08-10 14:24:35 - [MESSAGE][PASSED] - File '/Users/baqarjafri/Katalon Studio/KiboPush/sample.pdf' sent to object: 'Object Repository/Page_KiboPush  Create Broadcast/input_file']]></system-out>
         <system-err><![CDATA[]]></system-err>
      </testcase>
      <testcase name="Test Cases/TC0175" classname="Test Cases/TC0175" status="PASSED">
         <system-out><![CDATA[2018-08-10 14:24:35 - [TEST_CASE][PASSED] - Test Cases/TC0175: Test Cases/TC0175

2018-08-10 14:24:35 - [TEST_STEP][PASSED] - callTestCase: Call Test Case 'Test Cases/Login' successfully

2018-08-10 14:24:35 - [TEST_CASE][PASSED] - Test Cases/Login: Test Cases/Login

2018-08-10 14:24:35 - [TEST_STEP][PASSED] - openBrowser: Browser is opened with url: ''

2018-08-10 14:24:35 - [MESSAGE][WARNING] - A browser is already opened. Closing browser and opening a new one

2018-08-10 14:24:36 - [MESSAGE][PASSED] - Browser is opened with url: ''

2018-08-10 14:24:36 - [TEST_STEP][PASSED] - navigateToUrl: Navigate to 'https://staging.kibopush.com/' successfully

2018-08-10 14:24:45 - [MESSAGE][PASSED] - Navigate to 'https://staging.kibopush.com/' successfully

2018-08-10 14:24:45 - [TEST_STEP][PASSED] - click: Object: 'Object Repository/Page_KiboPush  Sign In/a_Login' is clicked on

2018-08-10 14:24:45 - [MESSAGE][PASSED] - Object: 'Object Repository/Page_KiboPush  Sign In/a_Login' is clicked on

2018-08-10 14:24:45 - [TEST_STEP][PASSED] - click: Object: 'Object Repository/Page_KiboPush  Sign In/button_Team Account' is clicked on

2018-08-10 14:24:45 - [MESSAGE][PASSED] - Object: 'Object Repository/Page_KiboPush  Sign In/button_Team Account' is clicked on

2018-08-10 14:24:45 - [TEST_STEP][PASSED] - setText: Text 'kibopush.com' is set on object 'Object Repository/Page_KiboPush  Sign In/input_form-control m-input'

2018-08-10 14:24:46 - [MESSAGE][PASSED] - Text 'kibopush.com' is set on object 'Object Repository/Page_KiboPush  Sign In/input_form-control m-input'

2018-08-10 14:24:46 - [TEST_STEP][PASSED] - setText: Text 'bjafri5@gmail.com' is set on object 'Object Repository/Page_KiboPush  Sign In/input_form-control m-input_1'

2018-08-10 14:24:46 - [MESSAGE][PASSED] - Text 'bjafri5@gmail.com' is set on object 'Object Repository/Page_KiboPush  Sign In/input_form-control m-input_1'

2018-08-10 14:24:46 - [TEST_STEP][PASSED] - setEncryptedText: Text ****** has been set on object 'Object Repository/Page_KiboPush  Sign In/input_form-control m-input_2'

2018-08-10 14:24:46 - [MESSAGE][PASSED] - Text ****** has been set on object 'Object Repository/Page_KiboPush  Sign In/input_form-control m-input_2'

2018-08-10 14:24:46 - [TEST_STEP][PASSED] - click: Object: 'Object Repository/Page_KiboPush  Sign In/button_Sign In' is clicked on

2018-08-10 14:24:46 - [MESSAGE][PASSED] - Object: 'Object Repository/Page_KiboPush  Sign In/button_Sign In' is clicked on

2018-08-10 14:24:46 - [MESSAGE][PASSED] - Call Test Case 'Test Cases/Login' successfully

2018-08-10 14:24:46 - [TEST_STEP][PASSED] - click: Object: 'Object Repository/Page_KiboPush  Dashboard/span_Broadcasts' is clicked on

2018-08-10 14:24:48 - [MESSAGE][PASSED] - Object: 'Object Repository/Page_KiboPush  Dashboard/span_Broadcasts' is clicked on

2018-08-10 14:24:48 - [TEST_STEP][PASSED] - click: Object: 'Object Repository/Page_KiboPush  Broadcast/span_Create New Broadcast' is clicked on

2018-08-10 14:24:48 - [MESSAGE][PASSED] - Object: 'Object Repository/Page_KiboPush  Broadcast/span_Create New Broadcast' is clicked on

2018-08-10 14:24:48 - [TEST_STEP][PASSED] - click: Object: 'Object Repository/Page_KiboPush  Broadcast/a_Create New Broadcast' is clicked on

2018-08-10 14:24:49 - [MESSAGE][PASSED] - Object: 'Object Repository/Page_KiboPush  Broadcast/a_Create New Broadcast' is clicked on

2018-08-10 14:24:49 - [TEST_STEP][PASSED] - delay: Delayed 1 second(s)

2018-08-10 14:24:50 - [MESSAGE][PASSED] - Delayed 1 second(s)

2018-08-10 14:24:50 - [TEST_STEP][PASSED] - click: Object: 'Object Repository/Page_KiboPush  Create Broadcast/div_Media' is clicked on

2018-08-10 14:24:50 - [MESSAGE][PASSED] - Object: 'Object Repository/Page_KiboPush  Create Broadcast/div_Media' is clicked on

2018-08-10 14:24:50 - [TEST_STEP][PASSED] - verifyElementPresent: Object 'Object Repository/Page_KiboPush  Create Broadcast/div_Media_1' is present

2018-08-10 14:24:50 - [MESSAGE][PASSED] - Object 'Object Repository/Page_KiboPush  Create Broadcast/div_Media_1' is present]]></system-out>
         <system-err><![CDATA[]]></system-err>
      </testcase>
      <testcase name="Test Cases/TC0176" classname="Test Cases/TC0176" status="PASSED">
         <system-out><![CDATA[2018-08-10 14:24:50 - [TEST_CASE][PASSED] - Test Cases/TC0176: Test Cases/TC0176

2018-08-10 14:24:50 - [TEST_STEP][PASSED] - callTestCase: Call Test Case 'Test Cases/TC0175' successfully

2018-08-10 14:24:50 - [TEST_CASE][PASSED] - Test Cases/TC0175: Test Cases/TC0175

2018-08-10 14:24:50 - [TEST_STEP][PASSED] - callTestCase: Call Test Case 'Test Cases/Login' successfully

2018-08-10 14:24:50 - [TEST_CASE][PASSED] - Test Cases/Login: Test Cases/Login

2018-08-10 14:24:50 - [TEST_STEP][PASSED] - openBrowser: Browser is opened with url: ''

2018-08-10 14:24:50 - [MESSAGE][WARNING] - A browser is already opened. Closing browser and opening a new one

2018-08-10 14:24:51 - [MESSAGE][PASSED] - Browser is opened with url: ''

2018-08-10 14:24:51 - [TEST_STEP][PASSED] - navigateToUrl: Navigate to 'https://staging.kibopush.com/' successfully

2018-08-10 14:25:03 - [MESSAGE][PASSED] - Navigate to 'https://staging.kibopush.com/' successfully

2018-08-10 14:25:03 - [TEST_STEP][PASSED] - click: Object: 'Object Repository/Page_KiboPush  Sign In/a_Login' is clicked on

2018-08-10 14:25:03 - [MESSAGE][PASSED] - Object: 'Object Repository/Page_KiboPush  Sign In/a_Login' is clicked on

2018-08-10 14:25:03 - [TEST_STEP][PASSED] - click: Object: 'Object Repository/Page_KiboPush  Sign In/button_Team Account' is clicked on

2018-08-10 14:25:03 - [MESSAGE][PASSED] - Object: 'Object Repository/Page_KiboPush  Sign In/button_Team Account' is clicked on

2018-08-10 14:25:03 - [TEST_STEP][PASSED] - setText: Text 'kibopush.com' is set on object 'Object Repository/Page_KiboPush  Sign In/input_form-control m-input'

2018-08-10 14:25:03 - [MESSAGE][PASSED] - Text 'kibopush.com' is set on object 'Object Repository/Page_KiboPush  Sign In/input_form-control m-input'

2018-08-10 14:25:03 - [TEST_STEP][PASSED] - setText: Text 'bjafri5@gmail.com' is set on object 'Object Repository/Page_KiboPush  Sign In/input_form-control m-input_1'

2018-08-10 14:25:04 - [MESSAGE][PASSED] - Text 'bjafri5@gmail.com' is set on object 'Object Repository/Page_KiboPush  Sign In/input_form-control m-input_1'

2018-08-10 14:25:04 - [TEST_STEP][PASSED] - setEncryptedText: Text ****** has been set on object 'Object Repository/Page_KiboPush  Sign In/input_form-control m-input_2'

2018-08-10 14:25:04 - [MESSAGE][PASSED] - Text ****** has been set on object 'Object Repository/Page_KiboPush  Sign In/input_form-control m-input_2'

2018-08-10 14:25:04 - [TEST_STEP][PASSED] - click: Object: 'Object Repository/Page_KiboPush  Sign In/button_Sign In' is clicked on

2018-08-10 14:25:04 - [MESSAGE][PASSED] - Object: 'Object Repository/Page_KiboPush  Sign In/button_Sign In' is clicked on

2018-08-10 14:25:04 - [MESSAGE][PASSED] - Call Test Case 'Test Cases/Login' successfully

2018-08-10 14:25:04 - [TEST_STEP][PASSED] - click: Object: 'Object Repository/Page_KiboPush  Dashboard/span_Broadcasts' is clicked on

2018-08-10 14:25:06 - [MESSAGE][PASSED] - Object: 'Object Repository/Page_KiboPush  Dashboard/span_Broadcasts' is clicked on

2018-08-10 14:25:06 - [TEST_STEP][PASSED] - click: Object: 'Object Repository/Page_KiboPush  Broadcast/span_Create New Broadcast' is clicked on

2018-08-10 14:25:06 - [MESSAGE][PASSED] - Object: 'Object Repository/Page_KiboPush  Broadcast/span_Create New Broadcast' is clicked on

2018-08-10 14:25:06 - [TEST_STEP][PASSED] - click: Object: 'Object Repository/Page_KiboPush  Broadcast/a_Create New Broadcast' is clicked on

2018-08-10 14:25:06 - [MESSAGE][PASSED] - Object: 'Object Repository/Page_KiboPush  Broadcast/a_Create New Broadcast' is clicked on

2018-08-10 14:25:06 - [TEST_STEP][PASSED] - delay: Delayed 1 second(s)

2018-08-10 14:25:07 - [MESSAGE][PASSED] - Delayed 1 second(s)

2018-08-10 14:25:07 - [TEST_STEP][PASSED] - click: Object: 'Object Repository/Page_KiboPush  Create Broadcast/div_Media' is clicked on

2018-08-10 14:25:07 - [MESSAGE][PASSED] - Object: 'Object Repository/Page_KiboPush  Create Broadcast/div_Media' is clicked on

2018-08-10 14:25:07 - [TEST_STEP][PASSED] - verifyElementPresent: Object 'Object Repository/Page_KiboPush  Create Broadcast/div_Media_1' is present

2018-08-10 14:25:07 - [MESSAGE][PASSED] - Object 'Object Repository/Page_KiboPush  Create Broadcast/div_Media_1' is present

2018-08-10 14:25:07 - [MESSAGE][PASSED] - Call Test Case 'Test Cases/TC0175' successfully

2018-08-10 14:25:07 - [TEST_STEP][PASSED] - scrollToPosition: Browser is scrolled to position x = 0, y = 0

2018-08-10 14:25:07 - [MESSAGE][PASSED] - Browser is scrolled to position x = 0, y = 0

2018-08-10 14:25:07 - [TEST_STEP][PASSED] - click: Object: 'Object Repository/Page_KiboPush  Create Broadcast/button_Next (11)' is clicked on

2018-08-10 14:25:08 - [MESSAGE][PASSED] - Object: 'Object Repository/Page_KiboPush  Create Broadcast/button_Next (11)' is clicked on

2018-08-10 14:25:08 - [TEST_STEP][PASSED] - click: Object: 'Object Repository/Page_KiboPush  Create Broadcast/div_Select an image or video i' is clicked on

2018-08-10 14:25:08 - [MESSAGE][PASSED] - Object: 'Object Repository/Page_KiboPush  Create Broadcast/div_Select an image or video i' is clicked on]]></system-out>
         <system-err><![CDATA[]]></system-err>
      </testcase>
      <testcase name="Test Cases/TC0177" classname="Test Cases/TC0177" status="PASSED">
         <system-out><![CDATA[2018-08-10 14:25:08 - [TEST_CASE][PASSED] - Test Cases/TC0177: Test Cases/TC0177

2018-08-10 14:25:08 - [TEST_STEP][PASSED] - callTestCase: Call Test Case 'Test Cases/TC0175' successfully

2018-08-10 14:25:08 - [TEST_CASE][PASSED] - Test Cases/TC0175: Test Cases/TC0175

2018-08-10 14:25:08 - [TEST_STEP][PASSED] - callTestCase: Call Test Case 'Test Cases/Login' successfully

2018-08-10 14:25:08 - [TEST_CASE][PASSED] - Test Cases/Login: Test Cases/Login

2018-08-10 14:25:08 - [TEST_STEP][PASSED] - openBrowser: Browser is opened with url: ''

2018-08-10 14:25:08 - [MESSAGE][WARNING] - A browser is already opened. Closing browser and opening a new one

2018-08-10 14:25:09 - [MESSAGE][PASSED] - Browser is opened with url: ''

2018-08-10 14:25:09 - [TEST_STEP][PASSED] - navigateToUrl: Navigate to 'https://staging.kibopush.com/' successfully

2018-08-10 14:25:21 - [MESSAGE][PASSED] - Navigate to 'https://staging.kibopush.com/' successfully

2018-08-10 14:25:21 - [TEST_STEP][PASSED] - click: Object: 'Object Repository/Page_KiboPush  Sign In/a_Login' is clicked on

2018-08-10 14:25:21 - [MESSAGE][PASSED] - Object: 'Object Repository/Page_KiboPush  Sign In/a_Login' is clicked on

2018-08-10 14:25:21 - [TEST_STEP][PASSED] - click: Object: 'Object Repository/Page_KiboPush  Sign In/button_Team Account' is clicked on

2018-08-10 14:25:21 - [MESSAGE][PASSED] - Object: 'Object Repository/Page_KiboPush  Sign In/button_Team Account' is clicked on

2018-08-10 14:25:21 - [TEST_STEP][PASSED] - setText: Text 'kibopush.com' is set on object 'Object Repository/Page_KiboPush  Sign In/input_form-control m-input'

2018-08-10 14:25:22 - [MESSAGE][PASSED] - Text 'kibopush.com' is set on object 'Object Repository/Page_KiboPush  Sign In/input_form-control m-input'

2018-08-10 14:25:22 - [TEST_STEP][PASSED] - setText: Text 'bjafri5@gmail.com' is set on object 'Object Repository/Page_KiboPush  Sign In/input_form-control m-input_1'

2018-08-10 14:25:22 - [MESSAGE][PASSED] - Text 'bjafri5@gmail.com' is set on object 'Object Repository/Page_KiboPush  Sign In/input_form-control m-input_1'

2018-08-10 14:25:22 - [TEST_STEP][PASSED] - setEncryptedText: Text ****** has been set on object 'Object Repository/Page_KiboPush  Sign In/input_form-control m-input_2'

2018-08-10 14:25:22 - [MESSAGE][PASSED] - Text ****** has been set on object 'Object Repository/Page_KiboPush  Sign In/input_form-control m-input_2'

2018-08-10 14:25:22 - [TEST_STEP][PASSED] - click: Object: 'Object Repository/Page_KiboPush  Sign In/button_Sign In' is clicked on

2018-08-10 14:25:22 - [MESSAGE][PASSED] - Object: 'Object Repository/Page_KiboPush  Sign In/button_Sign In' is clicked on

2018-08-10 14:25:22 - [MESSAGE][PASSED] - Call Test Case 'Test Cases/Login' successfully

2018-08-10 14:25:22 - [TEST_STEP][PASSED] - click: Object: 'Object Repository/Page_KiboPush  Dashboard/span_Broadcasts' is clicked on

2018-08-10 14:25:24 - [MESSAGE][PASSED] - Object: 'Object Repository/Page_KiboPush  Dashboard/span_Broadcasts' is clicked on

2018-08-10 14:25:24 - [TEST_STEP][PASSED] - click: Object: 'Object Repository/Page_KiboPush  Broadcast/span_Create New Broadcast' is clicked on

2018-08-10 14:25:24 - [MESSAGE][PASSED] - Object: 'Object Repository/Page_KiboPush  Broadcast/span_Create New Broadcast' is clicked on

2018-08-10 14:25:24 - [TEST_STEP][PASSED] - click: Object: 'Object Repository/Page_KiboPush  Broadcast/a_Create New Broadcast' is clicked on

2018-08-10 14:25:25 - [MESSAGE][PASSED] - Object: 'Object Repository/Page_KiboPush  Broadcast/a_Create New Broadcast' is clicked on

2018-08-10 14:25:25 - [TEST_STEP][PASSED] - delay: Delayed 1 second(s)

2018-08-10 14:25:26 - [MESSAGE][PASSED] - Delayed 1 second(s)

2018-08-10 14:25:26 - [TEST_STEP][PASSED] - click: Object: 'Object Repository/Page_KiboPush  Create Broadcast/div_Media' is clicked on

2018-08-10 14:25:26 - [MESSAGE][PASSED] - Object: 'Object Repository/Page_KiboPush  Create Broadcast/div_Media' is clicked on

2018-08-10 14:25:26 - [TEST_STEP][PASSED] - verifyElementPresent: Object 'Object Repository/Page_KiboPush  Create Broadcast/div_Media_1' is present

2018-08-10 14:25:26 - [MESSAGE][PASSED] - Object 'Object Repository/Page_KiboPush  Create Broadcast/div_Media_1' is present

2018-08-10 14:25:26 - [MESSAGE][PASSED] - Call Test Case 'Test Cases/TC0175' successfully

2018-08-10 14:25:26 - [TEST_STEP][PASSED] - click: Object: 'Object Repository/Page_KiboPush  Create Broadcast/div_ Add Button' is clicked on

2018-08-10 14:25:26 - [MESSAGE][PASSED] - Object: 'Object Repository/Page_KiboPush  Create Broadcast/div_ Add Button' is clicked on

2018-08-10 14:25:26 - [TEST_STEP][PASSED] - setText: Text 'KiboPush' is set on object 'Object Repository/Page_KiboPush  Create Broadcast/input_form-control'

2018-08-10 14:25:26 - [MESSAGE][PASSED] - Text 'KiboPush' is set on object 'Object Repository/Page_KiboPush  Create Broadcast/input_form-control'

2018-08-10 14:25:26 - [TEST_STEP][PASSED] - click: Object: 'Object Repository/Page_KiboPush  Create Broadcast/div_Open a website' is clicked on

2018-08-10 14:25:26 - [MESSAGE][PASSED] - Object: 'Object Repository/Page_KiboPush  Create Broadcast/div_Open a website' is clicked on

2018-08-10 14:25:26 - [TEST_STEP][PASSED] - setText: Text 'kibopush.com' is set on object 'Object Repository/Page_KiboPush  Create Broadcast/input_form-control_1'

2018-08-10 14:25:27 - [MESSAGE][PASSED] - Text 'kibopush.com' is set on object 'Object Repository/Page_KiboPush  Create Broadcast/input_form-control_1'

2018-08-10 14:25:27 - [TEST_STEP][PASSED] - click: Object: 'Object Repository/Page_KiboPush  Create Broadcast/button_Done' is clicked on

2018-08-10 14:25:27 - [MESSAGE][PASSED] - Object: 'Object Repository/Page_KiboPush  Create Broadcast/button_Done' is clicked on]]></system-out>
         <system-err><![CDATA[]]></system-err>
      </testcase>
      <testcase name="Test Cases/TC0178" classname="Test Cases/TC0178" status="PASSED">
         <system-out><![CDATA[2018-08-10 14:25:27 - [TEST_CASE][PASSED] - Test Cases/TC0178: Test Cases/TC0178

2018-08-10 14:25:27 - [TEST_STEP][PASSED] - callTestCase: Call Test Case 'Test Cases/TC0175' successfully

2018-08-10 14:25:27 - [TEST_CASE][PASSED] - Test Cases/TC0175: Test Cases/TC0175

2018-08-10 14:25:27 - [TEST_STEP][PASSED] - callTestCase: Call Test Case 'Test Cases/Login' successfully

2018-08-10 14:25:27 - [TEST_CASE][PASSED] - Test Cases/Login: Test Cases/Login

2018-08-10 14:25:27 - [TEST_STEP][PASSED] - openBrowser: Browser is opened with url: ''

2018-08-10 14:25:27 - [MESSAGE][WARNING] - A browser is already opened. Closing browser and opening a new one

2018-08-10 14:25:28 - [MESSAGE][PASSED] - Browser is opened with url: ''

2018-08-10 14:25:28 - [TEST_STEP][PASSED] - navigateToUrl: Navigate to 'https://staging.kibopush.com/' successfully

2018-08-10 14:25:36 - [MESSAGE][PASSED] - Navigate to 'https://staging.kibopush.com/' successfully

2018-08-10 14:25:36 - [TEST_STEP][PASSED] - click: Object: 'Object Repository/Page_KiboPush  Sign In/a_Login' is clicked on

2018-08-10 14:25:36 - [MESSAGE][PASSED] - Object: 'Object Repository/Page_KiboPush  Sign In/a_Login' is clicked on

2018-08-10 14:25:36 - [TEST_STEP][PASSED] - click: Object: 'Object Repository/Page_KiboPush  Sign In/button_Team Account' is clicked on

2018-08-10 14:25:37 - [MESSAGE][PASSED] - Object: 'Object Repository/Page_KiboPush  Sign In/button_Team Account' is clicked on

2018-08-10 14:25:37 - [TEST_STEP][PASSED] - setText: Text 'kibopush.com' is set on object 'Object Repository/Page_KiboPush  Sign In/input_form-control m-input'

2018-08-10 14:25:37 - [MESSAGE][PASSED] - Text 'kibopush.com' is set on object 'Object Repository/Page_KiboPush  Sign In/input_form-control m-input'

2018-08-10 14:25:37 - [TEST_STEP][PASSED] - setText: Text 'bjafri5@gmail.com' is set on object 'Object Repository/Page_KiboPush  Sign In/input_form-control m-input_1'

2018-08-10 14:25:37 - [MESSAGE][PASSED] - Text 'bjafri5@gmail.com' is set on object 'Object Repository/Page_KiboPush  Sign In/input_form-control m-input_1'

2018-08-10 14:25:37 - [TEST_STEP][PASSED] - setEncryptedText: Text ****** has been set on object 'Object Repository/Page_KiboPush  Sign In/input_form-control m-input_2'

2018-08-10 14:25:37 - [MESSAGE][PASSED] - Text ****** has been set on object 'Object Repository/Page_KiboPush  Sign In/input_form-control m-input_2'

2018-08-10 14:25:37 - [TEST_STEP][PASSED] - click: Object: 'Object Repository/Page_KiboPush  Sign In/button_Sign In' is clicked on

2018-08-10 14:25:37 - [MESSAGE][PASSED] - Object: 'Object Repository/Page_KiboPush  Sign In/button_Sign In' is clicked on

2018-08-10 14:25:37 - [MESSAGE][PASSED] - Call Test Case 'Test Cases/Login' successfully

2018-08-10 14:25:37 - [TEST_STEP][PASSED] - click: Object: 'Object Repository/Page_KiboPush  Dashboard/span_Broadcasts' is clicked on

2018-08-10 14:25:39 - [MESSAGE][PASSED] - Object: 'Object Repository/Page_KiboPush  Dashboard/span_Broadcasts' is clicked on

2018-08-10 14:25:39 - [TEST_STEP][PASSED] - click: Object: 'Object Repository/Page_KiboPush  Broadcast/span_Create New Broadcast' is clicked on

2018-08-10 14:25:39 - [MESSAGE][PASSED] - Object: 'Object Repository/Page_KiboPush  Broadcast/span_Create New Broadcast' is clicked on

2018-08-10 14:25:39 - [TEST_STEP][PASSED] - click: Object: 'Object Repository/Page_KiboPush  Broadcast/a_Create New Broadcast' is clicked on

2018-08-10 14:25:40 - [MESSAGE][PASSED] - Object: 'Object Repository/Page_KiboPush  Broadcast/a_Create New Broadcast' is clicked on

2018-08-10 14:25:40 - [TEST_STEP][PASSED] - delay: Delayed 1 second(s)

2018-08-10 14:25:41 - [MESSAGE][PASSED] - Delayed 1 second(s)

2018-08-10 14:25:41 - [TEST_STEP][PASSED] - click: Object: 'Object Repository/Page_KiboPush  Create Broadcast/div_Media' is clicked on

2018-08-10 14:25:41 - [MESSAGE][PASSED] - Object: 'Object Repository/Page_KiboPush  Create Broadcast/div_Media' is clicked on

2018-08-10 14:25:41 - [TEST_STEP][PASSED] - verifyElementPresent: Object 'Object Repository/Page_KiboPush  Create Broadcast/div_Media_1' is present

2018-08-10 14:25:41 - [MESSAGE][PASSED] - Object 'Object Repository/Page_KiboPush  Create Broadcast/div_Media_1' is present

2018-08-10 14:25:41 - [MESSAGE][PASSED] - Call Test Case 'Test Cases/TC0175' successfully

2018-08-10 14:25:41 - [TEST_STEP][PASSED] - Statement - img = com.kms.katalon.core.configuration.RunConfiguration.getProjectDir() + "/sample.jpg": null

2018-08-10 14:25:41 - [TEST_STEP][PASSED] - uploadFile: File '/Users/baqarjafri/Katalon Studio/KiboPush/sample.jpg' sent to object: 'Object Repository/Page_KiboPush  Create Broadcast/input_file'

2018-08-10 14:25:41 - [MESSAGE][PASSED] - File '/Users/baqarjafri/Katalon Studio/KiboPush/sample.jpg' sent to object: 'Object Repository/Page_KiboPush  Create Broadcast/input_file'

2018-08-10 14:25:41 - [TEST_STEP][PASSED] - verifyElementPresent: Object 'Object Repository/Page_KiboPush  Create Broadcast/media_image' is present

2018-08-10 14:25:42 - [MESSAGE][PASSED] - Object 'Object Repository/Page_KiboPush  Create Broadcast/media_image' is present]]></system-out>
         <system-err><![CDATA[]]></system-err>
      </testcase>
      <testcase name="Test Cases/TC0182" classname="Test Cases/TC0182" status="PASSED">
         <system-out><![CDATA[2018-08-10 14:25:42 - [TEST_CASE][PASSED] - Test Cases/TC0182: Test Cases/TC0182

2018-08-10 14:25:42 - [TEST_STEP][PASSED] - callTestCase: Call Test Case 'Test Cases/TC0131' successfully

2018-08-10 14:25:42 - [TEST_CASE][PASSED] - Test Cases/TC0131: Test Cases/TC0131

2018-08-10 14:25:42 - [TEST_STEP][PASSED] - callTestCase: Call Test Case 'Test Cases/Login' successfully

2018-08-10 14:25:42 - [TEST_CASE][PASSED] - Test Cases/Login: Test Cases/Login

2018-08-10 14:25:42 - [TEST_STEP][PASSED] - openBrowser: Browser is opened with url: ''

2018-08-10 14:25:42 - [MESSAGE][WARNING] - A browser is already opened. Closing browser and opening a new one

2018-08-10 14:25:43 - [MESSAGE][PASSED] - Browser is opened with url: ''

2018-08-10 14:25:43 - [TEST_STEP][PASSED] - navigateToUrl: Navigate to 'https://staging.kibopush.com/' successfully

2018-08-10 14:25:56 - [MESSAGE][PASSED] - Navigate to 'https://staging.kibopush.com/' successfully

2018-08-10 14:25:56 - [TEST_STEP][PASSED] - click: Object: 'Object Repository/Page_KiboPush  Sign In/a_Login' is clicked on

2018-08-10 14:25:56 - [MESSAGE][PASSED] - Object: 'Object Repository/Page_KiboPush  Sign In/a_Login' is clicked on

2018-08-10 14:25:56 - [TEST_STEP][PASSED] - click: Object: 'Object Repository/Page_KiboPush  Sign In/button_Team Account' is clicked on

2018-08-10 14:25:56 - [MESSAGE][PASSED] - Object: 'Object Repository/Page_KiboPush  Sign In/button_Team Account' is clicked on

2018-08-10 14:25:56 - [TEST_STEP][PASSED] - setText: Text 'kibopush.com' is set on object 'Object Repository/Page_KiboPush  Sign In/input_form-control m-input'

2018-08-10 14:25:56 - [MESSAGE][PASSED] - Text 'kibopush.com' is set on object 'Object Repository/Page_KiboPush  Sign In/input_form-control m-input'

2018-08-10 14:25:56 - [TEST_STEP][PASSED] - setText: Text 'bjafri5@gmail.com' is set on object 'Object Repository/Page_KiboPush  Sign In/input_form-control m-input_1'

2018-08-10 14:25:56 - [MESSAGE][PASSED] - Text 'bjafri5@gmail.com' is set on object 'Object Repository/Page_KiboPush  Sign In/input_form-control m-input_1'

2018-08-10 14:25:56 - [TEST_STEP][PASSED] - setEncryptedText: Text ****** has been set on object 'Object Repository/Page_KiboPush  Sign In/input_form-control m-input_2'

2018-08-10 14:25:57 - [MESSAGE][PASSED] - Text ****** has been set on object 'Object Repository/Page_KiboPush  Sign In/input_form-control m-input_2'

2018-08-10 14:25:57 - [TEST_STEP][PASSED] - click: Object: 'Object Repository/Page_KiboPush  Sign In/button_Sign In' is clicked on

2018-08-10 14:25:57 - [MESSAGE][PASSED] - Object: 'Object Repository/Page_KiboPush  Sign In/button_Sign In' is clicked on

2018-08-10 14:25:57 - [MESSAGE][PASSED] - Call Test Case 'Test Cases/Login' successfully

2018-08-10 14:25:57 - [TEST_STEP][PASSED] - click: Object: 'Object Repository/Page_KiboPush  Dashboard/span_Broadcasts' is clicked on

2018-08-10 14:25:59 - [MESSAGE][PASSED] - Object: 'Object Repository/Page_KiboPush  Dashboard/span_Broadcasts' is clicked on

2018-08-10 14:25:59 - [TEST_STEP][PASSED] - click: Object: 'Object Repository/Page_KiboPush  Broadcast/span_Create New Broadcast' is clicked on

2018-08-10 14:25:59 - [MESSAGE][PASSED] - Object: 'Object Repository/Page_KiboPush  Broadcast/span_Create New Broadcast' is clicked on

2018-08-10 14:25:59 - [TEST_STEP][PASSED] - click: Object: 'Object Repository/Page_KiboPush  Broadcast/a_Create New Broadcast' is clicked on

2018-08-10 14:25:59 - [MESSAGE][PASSED] - Object: 'Object Repository/Page_KiboPush  Broadcast/a_Create New Broadcast' is clicked on

2018-08-10 14:25:59 - [TEST_STEP][PASSED] - delay: Delayed 1 second(s)

2018-08-10 14:26:00 - [MESSAGE][PASSED] - Delayed 1 second(s)

2018-08-10 14:26:00 - [TEST_STEP][PASSED] - click: Object: 'Object Repository/Page_KiboPush  Create Broadcast/div_Text_1' is clicked on

2018-08-10 14:26:00 - [MESSAGE][PASSED] - Object: 'Object Repository/Page_KiboPush  Create Broadcast/div_Text_1' is clicked on

2018-08-10 14:26:00 - [TEST_STEP][PASSED] - verifyElementPresent: Object 'Object Repository/Page_KiboPush  Create Broadcast/text_component' is present

2018-08-10 14:26:00 - [MESSAGE][PASSED] - Object 'Object Repository/Page_KiboPush  Create Broadcast/text_component' is present

2018-08-10 14:26:00 - [MESSAGE][PASSED] - Call Test Case 'Test Cases/TC0131' successfully

2018-08-10 14:26:00 - [TEST_STEP][PASSED] - click: Object: 'Object Repository/Page_KiboPush  Create Broadcast/i_fa fa-times fa-stack-2x' is clicked on

2018-08-10 14:26:00 - [MESSAGE][PASSED] - Object: 'Object Repository/Page_KiboPush  Create Broadcast/i_fa fa-times fa-stack-2x' is clicked on

2018-08-10 14:26:00 - [TEST_STEP][PASSED] - verifyElementNotPresent: Web element with id: 'Object Repository/Page_KiboPush  Create Broadcast/text_component' located by 'By.xpath: //*[@id="tab_1"]/div/div[2]/div[2]/div/div[2]/textarea' is not present after '5' second(s)

2018-08-10 14:26:00 - [MESSAGE][PASSED] - Web element with id: 'Object Repository/Page_KiboPush  Create Broadcast/text_component' located by 'By.xpath: //*[@id="tab_1"]/div/div[2]/div[2]/div/div[2]/textarea' is not present after '5' second(s)]]></system-out>
         <system-err><![CDATA[]]></system-err>
      </testcase>
      <testcase name="Test Cases/TC0183" classname="Test Cases/TC0183" status="PASSED">
         <system-out><![CDATA[2018-08-10 14:26:00 - [TEST_CASE][PASSED] - Test Cases/TC0183: Test Cases/TC0183

2018-08-10 14:26:01 - [TEST_STEP][PASSED] - callTestCase: Call Test Case 'Test Cases/TC0137' successfully

2018-08-10 14:26:01 - [TEST_CASE][PASSED] - Test Cases/TC0137: Test Cases/TC0137

2018-08-10 14:26:01 - [TEST_STEP][PASSED] - callTestCase: Call Test Case 'Test Cases/Login' successfully

2018-08-10 14:26:01 - [TEST_CASE][PASSED] - Test Cases/Login: Test Cases/Login

2018-08-10 14:26:01 - [TEST_STEP][PASSED] - openBrowser: Browser is opened with url: ''

2018-08-10 14:26:01 - [MESSAGE][WARNING] - A browser is already opened. Closing browser and opening a new one

2018-08-10 14:26:02 - [MESSAGE][PASSED] - Browser is opened with url: ''

2018-08-10 14:26:02 - [TEST_STEP][PASSED] - navigateToUrl: Navigate to 'https://staging.kibopush.com/' successfully

2018-08-10 14:26:11 - [MESSAGE][PASSED] - Navigate to 'https://staging.kibopush.com/' successfully

2018-08-10 14:26:11 - [TEST_STEP][PASSED] - click: Object: 'Object Repository/Page_KiboPush  Sign In/a_Login' is clicked on

2018-08-10 14:26:11 - [MESSAGE][PASSED] - Object: 'Object Repository/Page_KiboPush  Sign In/a_Login' is clicked on

2018-08-10 14:26:11 - [TEST_STEP][PASSED] - click: Object: 'Object Repository/Page_KiboPush  Sign In/button_Team Account' is clicked on

2018-08-10 14:26:12 - [MESSAGE][PASSED] - Object: 'Object Repository/Page_KiboPush  Sign In/button_Team Account' is clicked on

2018-08-10 14:26:12 - [TEST_STEP][PASSED] - setText: Text 'kibopush.com' is set on object 'Object Repository/Page_KiboPush  Sign In/input_form-control m-input'

2018-08-10 14:26:12 - [MESSAGE][PASSED] - Text 'kibopush.com' is set on object 'Object Repository/Page_KiboPush  Sign In/input_form-control m-input'

2018-08-10 14:26:12 - [TEST_STEP][PASSED] - setText: Text 'bjafri5@gmail.com' is set on object 'Object Repository/Page_KiboPush  Sign In/input_form-control m-input_1'

2018-08-10 14:26:12 - [MESSAGE][PASSED] - Text 'bjafri5@gmail.com' is set on object 'Object Repository/Page_KiboPush  Sign In/input_form-control m-input_1'

2018-08-10 14:26:12 - [TEST_STEP][PASSED] - setEncryptedText: Text ****** has been set on object 'Object Repository/Page_KiboPush  Sign In/input_form-control m-input_2'

2018-08-10 14:26:12 - [MESSAGE][PASSED] - Text ****** has been set on object 'Object Repository/Page_KiboPush  Sign In/input_form-control m-input_2'

2018-08-10 14:26:12 - [TEST_STEP][PASSED] - click: Object: 'Object Repository/Page_KiboPush  Sign In/button_Sign In' is clicked on

2018-08-10 14:26:12 - [MESSAGE][PASSED] - Object: 'Object Repository/Page_KiboPush  Sign In/button_Sign In' is clicked on

2018-08-10 14:26:12 - [MESSAGE][PASSED] - Call Test Case 'Test Cases/Login' successfully

2018-08-10 14:26:12 - [TEST_STEP][PASSED] - click: Object: 'Object Repository/Page_KiboPush  Dashboard/span_Broadcasts' is clicked on

2018-08-10 14:26:15 - [MESSAGE][PASSED] - Object: 'Object Repository/Page_KiboPush  Dashboard/span_Broadcasts' is clicked on

2018-08-10 14:26:15 - [TEST_STEP][PASSED] - click: Object: 'Object Repository/Page_KiboPush  Broadcast/span_Create New Broadcast' is clicked on

2018-08-10 14:26:15 - [MESSAGE][PASSED] - Object: 'Object Repository/Page_KiboPush  Broadcast/span_Create New Broadcast' is clicked on

2018-08-10 14:26:15 - [TEST_STEP][PASSED] - click: Object: 'Object Repository/Page_KiboPush  Broadcast/a_Create New Broadcast' is clicked on

2018-08-10 14:26:15 - [MESSAGE][PASSED] - Object: 'Object Repository/Page_KiboPush  Broadcast/a_Create New Broadcast' is clicked on

2018-08-10 14:26:15 - [TEST_STEP][PASSED] - delay: Delayed 1 second(s)

2018-08-10 14:26:16 - [MESSAGE][PASSED] - Delayed 1 second(s)

2018-08-10 14:26:16 - [TEST_STEP][PASSED] - click: Object: 'Object Repository/Page_KiboPush  Create Broadcast/div_Image (2)' is clicked on

2018-08-10 14:26:16 - [MESSAGE][PASSED] - Object: 'Object Repository/Page_KiboPush  Create Broadcast/div_Image (2)' is clicked on

2018-08-10 14:26:16 - [TEST_STEP][PASSED] - delay: Delayed 1 second(s)

2018-08-10 14:26:17 - [MESSAGE][PASSED] - Delayed 1 second(s)

2018-08-10 14:26:17 - [TEST_STEP][PASSED] - verifyElementPresent: Object 'Object Repository/Page_KiboPush  Create Broadcast/div_Image_1' is present

2018-08-10 14:26:17 - [MESSAGE][PASSED] - Object 'Object Repository/Page_KiboPush  Create Broadcast/div_Image_1' is present

2018-08-10 14:26:17 - [MESSAGE][PASSED] - Call Test Case 'Test Cases/TC0137' successfully

2018-08-10 14:26:17 - [TEST_STEP][PASSED] - click: Object: 'Object Repository/Page_KiboPush  Create Broadcast/i_fa fa-times fa-stack-2x' is clicked on

2018-08-10 14:26:17 - [MESSAGE][PASSED] - Object: 'Object Repository/Page_KiboPush  Create Broadcast/i_fa fa-times fa-stack-2x' is clicked on

2018-08-10 14:26:17 - [TEST_STEP][PASSED] - verifyElementNotPresent: Web element with id: 'Object Repository/Page_KiboPush  Create Broadcast/div_Image_1' located by 'By.xpath: //div[(text() = ' Image ' or . = ' Image ')]' is not present after '5' second(s)

2018-08-10 14:26:17 - [MESSAGE][PASSED] - Web element with id: 'Object Repository/Page_KiboPush  Create Broadcast/div_Image_1' located by 'By.xpath: //div[(text() = ' Image ' or . = ' Image ')]' is not present after '5' second(s)]]></system-out>
         <system-err><![CDATA[]]></system-err>
      </testcase>
      <testcase name="Test Cases/TC0184" classname="Test Cases/TC0184" status="PASSED">
         <system-out><![CDATA[2018-08-10 14:26:17 - [TEST_CASE][PASSED] - Test Cases/TC0184: Test Cases/TC0184

2018-08-10 14:26:17 - [TEST_STEP][PASSED] - callTestCase: Call Test Case 'Test Cases/TC0141' successfully

2018-08-10 14:26:18 - [TEST_CASE][PASSED] - Test Cases/TC0141: Test Cases/TC0141

2018-08-10 14:26:18 - [TEST_STEP][PASSED] - callTestCase: Call Test Case 'Test Cases/Login' successfully

2018-08-10 14:26:18 - [TEST_CASE][PASSED] - Test Cases/Login: Test Cases/Login

2018-08-10 14:26:18 - [TEST_STEP][PASSED] - openBrowser: Browser is opened with url: ''

2018-08-10 14:26:18 - [MESSAGE][WARNING] - A browser is already opened. Closing browser and opening a new one

2018-08-10 14:26:19 - [MESSAGE][PASSED] - Browser is opened with url: ''

2018-08-10 14:26:19 - [TEST_STEP][PASSED] - navigateToUrl: Navigate to 'https://staging.kibopush.com/' successfully

2018-08-10 14:26:31 - [MESSAGE][PASSED] - Navigate to 'https://staging.kibopush.com/' successfully

2018-08-10 14:26:31 - [TEST_STEP][PASSED] - click: Object: 'Object Repository/Page_KiboPush  Sign In/a_Login' is clicked on

2018-08-10 14:26:31 - [MESSAGE][PASSED] - Object: 'Object Repository/Page_KiboPush  Sign In/a_Login' is clicked on

2018-08-10 14:26:31 - [TEST_STEP][PASSED] - click: Object: 'Object Repository/Page_KiboPush  Sign In/button_Team Account' is clicked on

2018-08-10 14:26:31 - [MESSAGE][PASSED] - Object: 'Object Repository/Page_KiboPush  Sign In/button_Team Account' is clicked on

2018-08-10 14:26:31 - [TEST_STEP][PASSED] - setText: Text 'kibopush.com' is set on object 'Object Repository/Page_KiboPush  Sign In/input_form-control m-input'

2018-08-10 14:26:32 - [MESSAGE][PASSED] - Text 'kibopush.com' is set on object 'Object Repository/Page_KiboPush  Sign In/input_form-control m-input'

2018-08-10 14:26:32 - [TEST_STEP][PASSED] - setText: Text 'bjafri5@gmail.com' is set on object 'Object Repository/Page_KiboPush  Sign In/input_form-control m-input_1'

2018-08-10 14:26:32 - [MESSAGE][PASSED] - Text 'bjafri5@gmail.com' is set on object 'Object Repository/Page_KiboPush  Sign In/input_form-control m-input_1'

2018-08-10 14:26:32 - [TEST_STEP][PASSED] - setEncryptedText: Text ****** has been set on object 'Object Repository/Page_KiboPush  Sign In/input_form-control m-input_2'

2018-08-10 14:26:32 - [MESSAGE][PASSED] - Text ****** has been set on object 'Object Repository/Page_KiboPush  Sign In/input_form-control m-input_2'

2018-08-10 14:26:32 - [TEST_STEP][PASSED] - click: Object: 'Object Repository/Page_KiboPush  Sign In/button_Sign In' is clicked on

2018-08-10 14:26:32 - [MESSAGE][PASSED] - Object: 'Object Repository/Page_KiboPush  Sign In/button_Sign In' is clicked on

2018-08-10 14:26:32 - [MESSAGE][PASSED] - Call Test Case 'Test Cases/Login' successfully

2018-08-10 14:26:32 - [TEST_STEP][PASSED] - click: Object: 'Object Repository/Page_KiboPush  Dashboard/span_Broadcasts' is clicked on

2018-08-10 14:26:35 - [MESSAGE][PASSED] - Object: 'Object Repository/Page_KiboPush  Dashboard/span_Broadcasts' is clicked on

2018-08-10 14:26:35 - [TEST_STEP][PASSED] - click: Object: 'Object Repository/Page_KiboPush  Broadcast/span_Create New Broadcast' is clicked on

2018-08-10 14:26:35 - [MESSAGE][PASSED] - Object: 'Object Repository/Page_KiboPush  Broadcast/span_Create New Broadcast' is clicked on

2018-08-10 14:26:35 - [TEST_STEP][PASSED] - click: Object: 'Object Repository/Page_KiboPush  Broadcast/a_Create New Broadcast' is clicked on

2018-08-10 14:26:35 - [MESSAGE][PASSED] - Object: 'Object Repository/Page_KiboPush  Broadcast/a_Create New Broadcast' is clicked on

2018-08-10 14:26:35 - [TEST_STEP][PASSED] - delay: Delayed 1 second(s)

2018-08-10 14:26:36 - [MESSAGE][PASSED] - Delayed 1 second(s)

2018-08-10 14:26:36 - [TEST_STEP][PASSED] - click: Object: 'Object Repository/Page_KiboPush  Create Broadcast/div_Card' is clicked on

2018-08-10 14:26:37 - [MESSAGE][PASSED] - Object: 'Object Repository/Page_KiboPush  Create Broadcast/div_Card' is clicked on

2018-08-10 14:26:37 - [TEST_STEP][PASSED] - verifyElementPresent: Object 'Object Repository/Page_KiboPush  Create Broadcast/card_component' is present

2018-08-10 14:26:37 - [MESSAGE][PASSED] - Object 'Object Repository/Page_KiboPush  Create Broadcast/card_component' is present

2018-08-10 14:26:37 - [MESSAGE][PASSED] - Call Test Case 'Test Cases/TC0141' successfully

2018-08-10 14:26:37 - [TEST_STEP][PASSED] - click: Object: 'Object Repository/Page_KiboPush  Create Broadcast/i_fa fa-times fa-stack-2x' is clicked on

2018-08-10 14:26:37 - [MESSAGE][PASSED] - Object: 'Object Repository/Page_KiboPush  Create Broadcast/i_fa fa-times fa-stack-2x' is clicked on

2018-08-10 14:26:37 - [TEST_STEP][PASSED] - verifyElementNotPresent: Web element with id: 'Object Repository/Page_KiboPush  Create Broadcast/card_component' located by 'By.xpath: id("tab_1")/div[@class="row"]/div[@class="col-lg-6 col-md-6 col-sm-12 col-xs-12"]/div[@class="ui-block"]/div[@class="broadcast-component"]/div[@class="ui-block hoverborder"]' is not present after '5' second(s)

2018-08-10 14:26:37 - [MESSAGE][PASSED] - Web element with id: 'Object Repository/Page_KiboPush  Create Broadcast/card_component' located by 'By.xpath: id("tab_1")/div[@class="row"]/div[@class="col-lg-6 col-md-6 col-sm-12 col-xs-12"]/div[@class="ui-block"]/div[@class="broadcast-component"]/div[@class="ui-block hoverborder"]' is not present after '5' second(s)]]></system-out>
         <system-err><![CDATA[]]></system-err>
      </testcase>
      <testcase name="Test Cases/TC0185" classname="Test Cases/TC0185" status="PASSED">
         <system-out><![CDATA[2018-08-10 14:26:37 - [TEST_CASE][PASSED] - Test Cases/TC0185: Test Cases/TC0185

2018-08-10 14:26:37 - [TEST_STEP][PASSED] - callTestCase: Call Test Case 'Test Cases/TC0150' successfully

2018-08-10 14:26:37 - [TEST_CASE][PASSED] - Test Cases/TC0150: Test Cases/TC0150

2018-08-10 14:26:37 - [TEST_STEP][PASSED] - callTestCase: Call Test Case 'Test Cases/Login' successfully

2018-08-10 14:26:37 - [TEST_CASE][PASSED] - Test Cases/Login: Test Cases/Login

2018-08-10 14:26:37 - [TEST_STEP][PASSED] - openBrowser: Browser is opened with url: ''

2018-08-10 14:26:37 - [MESSAGE][WARNING] - A browser is already opened. Closing browser and opening a new one

2018-08-10 14:26:38 - [MESSAGE][PASSED] - Browser is opened with url: ''

2018-08-10 14:26:38 - [TEST_STEP][PASSED] - navigateToUrl: Navigate to 'https://staging.kibopush.com/' successfully

2018-08-10 14:26:52 - [MESSAGE][PASSED] - Navigate to 'https://staging.kibopush.com/' successfully

2018-08-10 14:26:52 - [TEST_STEP][PASSED] - click: Object: 'Object Repository/Page_KiboPush  Sign In/a_Login' is clicked on

2018-08-10 14:26:52 - [MESSAGE][PASSED] - Object: 'Object Repository/Page_KiboPush  Sign In/a_Login' is clicked on

2018-08-10 14:26:52 - [TEST_STEP][PASSED] - click: Object: 'Object Repository/Page_KiboPush  Sign In/button_Team Account' is clicked on

2018-08-10 14:26:52 - [MESSAGE][PASSED] - Object: 'Object Repository/Page_KiboPush  Sign In/button_Team Account' is clicked on

2018-08-10 14:26:52 - [TEST_STEP][PASSED] - setText: Text 'kibopush.com' is set on object 'Object Repository/Page_KiboPush  Sign In/input_form-control m-input'

2018-08-10 14:26:53 - [MESSAGE][PASSED] - Text 'kibopush.com' is set on object 'Object Repository/Page_KiboPush  Sign In/input_form-control m-input'

2018-08-10 14:26:53 - [TEST_STEP][PASSED] - setText: Text 'bjafri5@gmail.com' is set on object 'Object Repository/Page_KiboPush  Sign In/input_form-control m-input_1'

2018-08-10 14:26:53 - [MESSAGE][PASSED] - Text 'bjafri5@gmail.com' is set on object 'Object Repository/Page_KiboPush  Sign In/input_form-control m-input_1'

2018-08-10 14:26:53 - [TEST_STEP][PASSED] - setEncryptedText: Text ****** has been set on object 'Object Repository/Page_KiboPush  Sign In/input_form-control m-input_2'

2018-08-10 14:26:53 - [MESSAGE][PASSED] - Text ****** has been set on object 'Object Repository/Page_KiboPush  Sign In/input_form-control m-input_2'

2018-08-10 14:26:53 - [TEST_STEP][PASSED] - click: Object: 'Object Repository/Page_KiboPush  Sign In/button_Sign In' is clicked on

2018-08-10 14:26:53 - [MESSAGE][PASSED] - Object: 'Object Repository/Page_KiboPush  Sign In/button_Sign In' is clicked on

2018-08-10 14:26:53 - [MESSAGE][PASSED] - Call Test Case 'Test Cases/Login' successfully

2018-08-10 14:26:53 - [TEST_STEP][PASSED] - click: Object: 'Object Repository/Page_KiboPush  Dashboard/span_Broadcasts' is clicked on

2018-08-10 14:26:55 - [MESSAGE][PASSED] - Object: 'Object Repository/Page_KiboPush  Dashboard/span_Broadcasts' is clicked on

2018-08-10 14:26:55 - [TEST_STEP][PASSED] - click: Object: 'Object Repository/Page_KiboPush  Broadcast/span_Create New Broadcast' is clicked on

2018-08-10 14:26:55 - [MESSAGE][PASSED] - Object: 'Object Repository/Page_KiboPush  Broadcast/span_Create New Broadcast' is clicked on

2018-08-10 14:26:55 - [TEST_STEP][PASSED] - click: Object: 'Object Repository/Page_KiboPush  Broadcast/a_Create New Broadcast' is clicked on

2018-08-10 14:26:56 - [MESSAGE][PASSED] - Object: 'Object Repository/Page_KiboPush  Broadcast/a_Create New Broadcast' is clicked on

2018-08-10 14:26:56 - [TEST_STEP][PASSED] - delay: Delayed 1 second(s)

2018-08-10 14:26:57 - [MESSAGE][PASSED] - Delayed 1 second(s)

2018-08-10 14:26:57 - [TEST_STEP][PASSED] - click: Object: 'Object Repository/Page_KiboPush  Create Broadcast/div_Gallery (1)' is clicked on

2018-08-10 14:26:57 - [MESSAGE][PASSED] - Object: 'Object Repository/Page_KiboPush  Create Broadcast/div_Gallery (1)' is clicked on

2018-08-10 14:26:57 - [TEST_STEP][PASSED] - click: Object: 'Object Repository/Page_KiboPush  Create Broadcast/div_New Gallery Component Adde (1)' is clicked on

2018-08-10 14:26:57 - [MESSAGE][PASSED] - Object: 'Object Repository/Page_KiboPush  Create Broadcast/div_New Gallery Component Adde (1)' is clicked on

2018-08-10 14:26:57 - [TEST_STEP][PASSED] - click: Object: 'Object Repository/Page_KiboPush  Create Broadcast/span_slick-arrow slick-next (2)' is clicked on

2018-08-10 14:26:57 - [MESSAGE][PASSED] - Object: 'Object Repository/Page_KiboPush  Create Broadcast/span_slick-arrow slick-next (2)' is clicked on

2018-08-10 14:26:57 - [TEST_STEP][PASSED] - delay: Delayed 1 second(s)

2018-08-10 14:26:58 - [MESSAGE][PASSED] - Delayed 1 second(s)

2018-08-10 14:26:58 - [TEST_STEP][PASSED] - click: Object: 'Object Repository/Page_KiboPush  Create Broadcast/span_slick-arrow slick-prev (1) (1)' is clicked on

2018-08-10 14:26:58 - [MESSAGE][PASSED] - Object: 'Object Repository/Page_KiboPush  Create Broadcast/span_slick-arrow slick-prev (1) (1)' is clicked on

2018-08-10 14:26:58 - [TEST_STEP][PASSED] - delay: Delayed 1 second(s)

2018-08-10 14:26:59 - [MESSAGE][PASSED] - Delayed 1 second(s)

2018-08-10 14:26:59 - [MESSAGE][PASSED] - Call Test Case 'Test Cases/TC0150' successfully

2018-08-10 14:26:59 - [TEST_STEP][PASSED] - click: Object: 'Object Repository/Page_KiboPush  Create Broadcast/i_fa fa-times fa-stack-2x' is clicked on

2018-08-10 14:26:59 - [MESSAGE][PASSED] - Object: 'Object Repository/Page_KiboPush  Create Broadcast/i_fa fa-times fa-stack-2x' is clicked on

2018-08-10 14:26:59 - [TEST_STEP][PASSED] - verifyElementNotPresent: Web element with id: 'Object Repository/Page_KiboPush  Create Broadcast/gallery_component' located by 'By.xpath: //*[@id="tab_1"]/div/div[2]/div[2]/div/div[2]' is not present after '5' second(s)

2018-08-10 14:27:00 - [MESSAGE][PASSED] - Web element with id: 'Object Repository/Page_KiboPush  Create Broadcast/gallery_component' located by 'By.xpath: //*[@id="tab_1"]/div/div[2]/div[2]/div/div[2]' is not present after '5' second(s)]]></system-out>
         <system-err><![CDATA[]]></system-err>
      </testcase>
      <testcase name="Test Cases/TC0186" classname="Test Cases/TC0186" status="PASSED">
         <system-out><![CDATA[2018-08-10 14:27:00 - [TEST_CASE][PASSED] - Test Cases/TC0186: Test Cases/TC0186

2018-08-10 14:27:00 - [TEST_STEP][PASSED] - callTestCase: Call Test Case 'Test Cases/TC0163' successfully

2018-08-10 14:27:00 - [TEST_CASE][PASSED] - Test Cases/TC0163: Test Cases/TC0163

2018-08-10 14:27:00 - [TEST_STEP][PASSED] - callTestCase: Call Test Case 'Test Cases/Login' successfully

2018-08-10 14:27:00 - [TEST_CASE][PASSED] - Test Cases/Login: Test Cases/Login

2018-08-10 14:27:00 - [TEST_STEP][PASSED] - openBrowser: Browser is opened with url: ''

2018-08-10 14:27:00 - [MESSAGE][WARNING] - A browser is already opened. Closing browser and opening a new one

2018-08-10 14:27:01 - [MESSAGE][PASSED] - Browser is opened with url: ''

2018-08-10 14:27:01 - [TEST_STEP][PASSED] - navigateToUrl: Navigate to 'https://staging.kibopush.com/' successfully

2018-08-10 14:27:09 - [MESSAGE][PASSED] - Navigate to 'https://staging.kibopush.com/' successfully

2018-08-10 14:27:09 - [TEST_STEP][PASSED] - click: Object: 'Object Repository/Page_KiboPush  Sign In/a_Login' is clicked on

2018-08-10 14:27:10 - [MESSAGE][PASSED] - Object: 'Object Repository/Page_KiboPush  Sign In/a_Login' is clicked on

2018-08-10 14:27:10 - [TEST_STEP][PASSED] - click: Object: 'Object Repository/Page_KiboPush  Sign In/button_Team Account' is clicked on

2018-08-10 14:27:10 - [MESSAGE][PASSED] - Object: 'Object Repository/Page_KiboPush  Sign In/button_Team Account' is clicked on

2018-08-10 14:27:10 - [TEST_STEP][PASSED] - setText: Text 'kibopush.com' is set on object 'Object Repository/Page_KiboPush  Sign In/input_form-control m-input'

2018-08-10 14:27:10 - [MESSAGE][PASSED] - Text 'kibopush.com' is set on object 'Object Repository/Page_KiboPush  Sign In/input_form-control m-input'

2018-08-10 14:27:10 - [TEST_STEP][PASSED] - setText: Text 'bjafri5@gmail.com' is set on object 'Object Repository/Page_KiboPush  Sign In/input_form-control m-input_1'

2018-08-10 14:27:10 - [MESSAGE][PASSED] - Text 'bjafri5@gmail.com' is set on object 'Object Repository/Page_KiboPush  Sign In/input_form-control m-input_1'

2018-08-10 14:27:10 - [TEST_STEP][PASSED] - setEncryptedText: Text ****** has been set on object 'Object Repository/Page_KiboPush  Sign In/input_form-control m-input_2'

2018-08-10 14:27:11 - [MESSAGE][PASSED] - Text ****** has been set on object 'Object Repository/Page_KiboPush  Sign In/input_form-control m-input_2'

2018-08-10 14:27:11 - [TEST_STEP][PASSED] - click: Object: 'Object Repository/Page_KiboPush  Sign In/button_Sign In' is clicked on

2018-08-10 14:27:11 - [MESSAGE][PASSED] - Object: 'Object Repository/Page_KiboPush  Sign In/button_Sign In' is clicked on

2018-08-10 14:27:11 - [MESSAGE][PASSED] - Call Test Case 'Test Cases/Login' successfully

2018-08-10 14:27:11 - [TEST_STEP][PASSED] - click: Object: 'Object Repository/Page_KiboPush  Dashboard/span_Broadcasts' is clicked on

2018-08-10 14:27:13 - [MESSAGE][PASSED] - Object: 'Object Repository/Page_KiboPush  Dashboard/span_Broadcasts' is clicked on

2018-08-10 14:27:13 - [TEST_STEP][PASSED] - click: Object: 'Object Repository/Page_KiboPush  Broadcast/span_Create New Broadcast' is clicked on

2018-08-10 14:27:13 - [MESSAGE][PASSED] - Object: 'Object Repository/Page_KiboPush  Broadcast/span_Create New Broadcast' is clicked on

2018-08-10 14:27:13 - [TEST_STEP][PASSED] - click: Object: 'Object Repository/Page_KiboPush  Broadcast/a_Create New Broadcast' is clicked on

2018-08-10 14:27:13 - [MESSAGE][PASSED] - Object: 'Object Repository/Page_KiboPush  Broadcast/a_Create New Broadcast' is clicked on

2018-08-10 14:27:13 - [TEST_STEP][PASSED] - delay: Delayed 1 second(s)

2018-08-10 14:27:14 - [MESSAGE][PASSED] - Delayed 1 second(s)

2018-08-10 14:27:14 - [TEST_STEP][PASSED] - click: Object: 'Object Repository/Page_KiboPush  Create Broadcast/div_Audio' is clicked on

2018-08-10 14:27:14 - [MESSAGE][PASSED] - Object: 'Object Repository/Page_KiboPush  Create Broadcast/div_Audio' is clicked on

2018-08-10 14:27:14 - [TEST_STEP][PASSED] - verifyElementPresent: Object 'Object Repository/Page_KiboPush  Create Broadcast/h4_Audio' is present

2018-08-10 14:27:14 - [MESSAGE][PASSED] - Object 'Object Repository/Page_KiboPush  Create Broadcast/h4_Audio' is present

2018-08-10 14:27:14 - [MESSAGE][PASSED] - Call Test Case 'Test Cases/TC0163' successfully

2018-08-10 14:27:14 - [TEST_STEP][PASSED] - click: Object: 'Object Repository/Page_KiboPush  Create Broadcast/i_fa fa-times fa-stack-2x' is clicked on

2018-08-10 14:27:15 - [MESSAGE][PASSED] - Object: 'Object Repository/Page_KiboPush  Create Broadcast/i_fa fa-times fa-stack-2x' is clicked on

2018-08-10 14:27:15 - [TEST_STEP][PASSED] - verifyElementNotPresent: Web element with id: 'Object Repository/Page_KiboPush  Create Broadcast/h4_Audio' located by 'By.xpath: //h4[(text() = 'Audio' or . = 'Audio')]' is not present after '30' second(s)

2018-08-10 14:27:15 - [MESSAGE][WARNING] - Timeout '0' is invalid. Using default page load timeout: '30'

2018-08-10 14:27:15 - [MESSAGE][PASSED] - Web element with id: 'Object Repository/Page_KiboPush  Create Broadcast/h4_Audio' located by 'By.xpath: //h4[(text() = 'Audio' or . = 'Audio')]' is not present after '30' second(s)]]></system-out>
         <system-err><![CDATA[]]></system-err>
      </testcase>
      <testcase name="Test Cases/TC0187" classname="Test Cases/TC0187" status="PASSED">
         <system-out><![CDATA[2018-08-10 14:27:15 - [TEST_CASE][PASSED] - Test Cases/TC0187: Test Cases/TC0187

2018-08-10 14:27:15 - [TEST_STEP][PASSED] - callTestCase: Call Test Case 'Test Cases/TC0167' successfully

2018-08-10 14:27:15 - [TEST_CASE][PASSED] - Test Cases/TC0167: Test Cases/TC0167

2018-08-10 14:27:15 - [TEST_STEP][PASSED] - callTestCase: Call Test Case 'Test Cases/Login' successfully

2018-08-10 14:27:15 - [TEST_CASE][PASSED] - Test Cases/Login: Test Cases/Login

2018-08-10 14:27:15 - [TEST_STEP][PASSED] - openBrowser: Browser is opened with url: ''

2018-08-10 14:27:15 - [MESSAGE][WARNING] - A browser is already opened. Closing browser and opening a new one

2018-08-10 14:27:16 - [MESSAGE][PASSED] - Browser is opened with url: ''

2018-08-10 14:27:16 - [TEST_STEP][PASSED] - navigateToUrl: Navigate to 'https://staging.kibopush.com/' successfully

2018-08-10 14:27:25 - [MESSAGE][PASSED] - Navigate to 'https://staging.kibopush.com/' successfully

2018-08-10 14:27:25 - [TEST_STEP][PASSED] - click: Object: 'Object Repository/Page_KiboPush  Sign In/a_Login' is clicked on

2018-08-10 14:27:25 - [MESSAGE][PASSED] - Object: 'Object Repository/Page_KiboPush  Sign In/a_Login' is clicked on

2018-08-10 14:27:25 - [TEST_STEP][PASSED] - click: Object: 'Object Repository/Page_KiboPush  Sign In/button_Team Account' is clicked on

2018-08-10 14:27:25 - [MESSAGE][PASSED] - Object: 'Object Repository/Page_KiboPush  Sign In/button_Team Account' is clicked on

2018-08-10 14:27:25 - [TEST_STEP][PASSED] - setText: Text 'kibopush.com' is set on object 'Object Repository/Page_KiboPush  Sign In/input_form-control m-input'

2018-08-10 14:27:25 - [MESSAGE][PASSED] - Text 'kibopush.com' is set on object 'Object Repository/Page_KiboPush  Sign In/input_form-control m-input'

2018-08-10 14:27:25 - [TEST_STEP][PASSED] - setText: Text 'bjafri5@gmail.com' is set on object 'Object Repository/Page_KiboPush  Sign In/input_form-control m-input_1'

2018-08-10 14:27:25 - [MESSAGE][PASSED] - Text 'bjafri5@gmail.com' is set on object 'Object Repository/Page_KiboPush  Sign In/input_form-control m-input_1'

2018-08-10 14:27:25 - [TEST_STEP][PASSED] - setEncryptedText: Text ****** has been set on object 'Object Repository/Page_KiboPush  Sign In/input_form-control m-input_2'

2018-08-10 14:27:26 - [MESSAGE][PASSED] - Text ****** has been set on object 'Object Repository/Page_KiboPush  Sign In/input_form-control m-input_2'

2018-08-10 14:27:26 - [TEST_STEP][PASSED] - click: Object: 'Object Repository/Page_KiboPush  Sign In/button_Sign In' is clicked on

2018-08-10 14:27:26 - [MESSAGE][PASSED] - Object: 'Object Repository/Page_KiboPush  Sign In/button_Sign In' is clicked on

2018-08-10 14:27:26 - [MESSAGE][PASSED] - Call Test Case 'Test Cases/Login' successfully

2018-08-10 14:27:26 - [TEST_STEP][PASSED] - click: Object: 'Object Repository/Page_KiboPush  Dashboard/span_Broadcasts' is clicked on

2018-08-10 14:27:28 - [MESSAGE][PASSED] - Object: 'Object Repository/Page_KiboPush  Dashboard/span_Broadcasts' is clicked on

2018-08-10 14:27:28 - [TEST_STEP][PASSED] - click: Object: 'Object Repository/Page_KiboPush  Broadcast/span_Create New Broadcast' is clicked on

2018-08-10 14:27:28 - [MESSAGE][PASSED] - Object: 'Object Repository/Page_KiboPush  Broadcast/span_Create New Broadcast' is clicked on

2018-08-10 14:27:28 - [TEST_STEP][PASSED] - click: Object: 'Object Repository/Page_KiboPush  Broadcast/a_Create New Broadcast' is clicked on

2018-08-10 14:27:28 - [MESSAGE][PASSED] - Object: 'Object Repository/Page_KiboPush  Broadcast/a_Create New Broadcast' is clicked on

2018-08-10 14:27:28 - [TEST_STEP][PASSED] - delay: Delayed 1 second(s)

2018-08-10 14:27:29 - [MESSAGE][PASSED] - Delayed 1 second(s)

2018-08-10 14:27:29 - [TEST_STEP][PASSED] - click: Object: 'Object Repository/Page_KiboPush  Create Broadcast/div_Video' is clicked on

2018-08-10 14:27:29 - [MESSAGE][PASSED] - Object: 'Object Repository/Page_KiboPush  Create Broadcast/div_Video' is clicked on

2018-08-10 14:27:29 - [TEST_STEP][PASSED] - verifyElementPresent: Object 'Object Repository/Page_KiboPush  Create Broadcast/h4_Video' is present

2018-08-10 14:27:29 - [MESSAGE][PASSED] - Object 'Object Repository/Page_KiboPush  Create Broadcast/h4_Video' is present

2018-08-10 14:27:29 - [MESSAGE][PASSED] - Call Test Case 'Test Cases/TC0167' successfully

2018-08-10 14:27:29 - [TEST_STEP][PASSED] - click: Object: 'Object Repository/Page_KiboPush  Create Broadcast/i_fa fa-times fa-stack-2x' is clicked on

2018-08-10 14:27:30 - [MESSAGE][PASSED] - Object: 'Object Repository/Page_KiboPush  Create Broadcast/i_fa fa-times fa-stack-2x' is clicked on

2018-08-10 14:27:30 - [TEST_STEP][PASSED] - verifyElementNotPresent: Web element with id: 'Object Repository/Page_KiboPush  Create Broadcast/h4_Video' located by 'By.xpath: //h4[(text() = 'Video' or . = 'Video')]' is not present after '5' second(s)

2018-08-10 14:27:30 - [MESSAGE][PASSED] - Web element with id: 'Object Repository/Page_KiboPush  Create Broadcast/h4_Video' located by 'By.xpath: //h4[(text() = 'Video' or . = 'Video')]' is not present after '5' second(s)]]></system-out>
         <system-err><![CDATA[]]></system-err>
      </testcase>
      <testcase name="Test Cases/TC0188" classname="Test Cases/TC0188" status="PASSED">
         <system-out><![CDATA[2018-08-10 14:27:30 - [TEST_CASE][PASSED] - Test Cases/TC0188: Test Cases/TC0188

2018-08-10 14:27:30 - [TEST_STEP][PASSED] - callTestCase: Call Test Case 'Test Cases/TC0171' successfully

2018-08-10 14:27:30 - [TEST_CASE][PASSED] - Test Cases/TC0171: Test Cases/TC0171

2018-08-10 14:27:30 - [TEST_STEP][PASSED] - callTestCase: Call Test Case 'Test Cases/Login' successfully

2018-08-10 14:27:30 - [TEST_CASE][PASSED] - Test Cases/Login: Test Cases/Login

2018-08-10 14:27:30 - [TEST_STEP][PASSED] - openBrowser: Browser is opened with url: ''

2018-08-10 14:27:30 - [MESSAGE][WARNING] - A browser is already opened. Closing browser and opening a new one

2018-08-10 14:27:31 - [MESSAGE][PASSED] - Browser is opened with url: ''

2018-08-10 14:27:31 - [TEST_STEP][PASSED] - navigateToUrl: Navigate to 'https://staging.kibopush.com/' successfully

2018-08-10 14:27:42 - [MESSAGE][PASSED] - Navigate to 'https://staging.kibopush.com/' successfully

2018-08-10 14:27:42 - [TEST_STEP][PASSED] - click: Object: 'Object Repository/Page_KiboPush  Sign In/a_Login' is clicked on

2018-08-10 14:27:42 - [MESSAGE][PASSED] - Object: 'Object Repository/Page_KiboPush  Sign In/a_Login' is clicked on

2018-08-10 14:27:42 - [TEST_STEP][PASSED] - click: Object: 'Object Repository/Page_KiboPush  Sign In/button_Team Account' is clicked on

2018-08-10 14:27:42 - [MESSAGE][PASSED] - Object: 'Object Repository/Page_KiboPush  Sign In/button_Team Account' is clicked on

2018-08-10 14:27:42 - [TEST_STEP][PASSED] - setText: Text 'kibopush.com' is set on object 'Object Repository/Page_KiboPush  Sign In/input_form-control m-input'

2018-08-10 14:27:43 - [MESSAGE][PASSED] - Text 'kibopush.com' is set on object 'Object Repository/Page_KiboPush  Sign In/input_form-control m-input'

2018-08-10 14:27:43 - [TEST_STEP][PASSED] - setText: Text 'bjafri5@gmail.com' is set on object 'Object Repository/Page_KiboPush  Sign In/input_form-control m-input_1'

2018-08-10 14:27:43 - [MESSAGE][PASSED] - Text 'bjafri5@gmail.com' is set on object 'Object Repository/Page_KiboPush  Sign In/input_form-control m-input_1'

2018-08-10 14:27:43 - [TEST_STEP][PASSED] - setEncryptedText: Text ****** has been set on object 'Object Repository/Page_KiboPush  Sign In/input_form-control m-input_2'

2018-08-10 14:27:43 - [MESSAGE][PASSED] - Text ****** has been set on object 'Object Repository/Page_KiboPush  Sign In/input_form-control m-input_2'

2018-08-10 14:27:43 - [TEST_STEP][PASSED] - click: Object: 'Object Repository/Page_KiboPush  Sign In/button_Sign In' is clicked on

2018-08-10 14:27:43 - [MESSAGE][PASSED] - Object: 'Object Repository/Page_KiboPush  Sign In/button_Sign In' is clicked on

2018-08-10 14:27:43 - [MESSAGE][PASSED] - Call Test Case 'Test Cases/Login' successfully

2018-08-10 14:27:43 - [TEST_STEP][PASSED] - click: Object: 'Object Repository/Page_KiboPush  Dashboard/span_Broadcasts' is clicked on

2018-08-10 14:27:45 - [MESSAGE][PASSED] - Object: 'Object Repository/Page_KiboPush  Dashboard/span_Broadcasts' is clicked on

2018-08-10 14:27:45 - [TEST_STEP][PASSED] - click: Object: 'Object Repository/Page_KiboPush  Broadcast/span_Create New Broadcast' is clicked on

2018-08-10 14:27:45 - [MESSAGE][PASSED] - Object: 'Object Repository/Page_KiboPush  Broadcast/span_Create New Broadcast' is clicked on

2018-08-10 14:27:45 - [TEST_STEP][PASSED] - click: Object: 'Object Repository/Page_KiboPush  Broadcast/a_Create New Broadcast' is clicked on

2018-08-10 14:27:46 - [MESSAGE][PASSED] - Object: 'Object Repository/Page_KiboPush  Broadcast/a_Create New Broadcast' is clicked on

2018-08-10 14:27:46 - [TEST_STEP][PASSED] - delay: Delayed 1 second(s)

2018-08-10 14:27:47 - [MESSAGE][PASSED] - Delayed 1 second(s)

2018-08-10 14:27:47 - [TEST_STEP][PASSED] - click: Object: 'Object Repository/Page_KiboPush  Create Broadcast/div_File' is clicked on

2018-08-10 14:27:47 - [MESSAGE][PASSED] - Object: 'Object Repository/Page_KiboPush  Create Broadcast/div_File' is clicked on

2018-08-10 14:27:47 - [TEST_STEP][PASSED] - verifyElementPresent: Object 'Object Repository/Page_KiboPush  Create Broadcast/h4_File' is present

2018-08-10 14:27:47 - [MESSAGE][PASSED] - Object 'Object Repository/Page_KiboPush  Create Broadcast/h4_File' is present

2018-08-10 14:27:47 - [MESSAGE][PASSED] - Call Test Case 'Test Cases/TC0171' successfully

2018-08-10 14:27:47 - [TEST_STEP][PASSED] - click: Object: 'Object Repository/Page_KiboPush  Create Broadcast/i_fa fa-times fa-stack-2x' is clicked on

2018-08-10 14:27:47 - [MESSAGE][PASSED] - Object: 'Object Repository/Page_KiboPush  Create Broadcast/i_fa fa-times fa-stack-2x' is clicked on

2018-08-10 14:27:47 - [TEST_STEP][PASSED] - verifyElementNotPresent: Web element with id: 'Object Repository/Page_KiboPush  Create Broadcast/h4_File' located by 'By.xpath: //h4[(text() = 'File' or . = 'File')]' is not present after '5' second(s)

2018-08-10 14:27:47 - [MESSAGE][PASSED] - Web element with id: 'Object Repository/Page_KiboPush  Create Broadcast/h4_File' located by 'By.xpath: //h4[(text() = 'File' or . = 'File')]' is not present after '5' second(s)]]></system-out>
         <system-err><![CDATA[]]></system-err>
      </testcase>
      <testcase name="Test Cases/TC0189" classname="Test Cases/TC0189" status="PASSED">
         <system-out><![CDATA[2018-08-10 14:27:47 - [TEST_CASE][PASSED] - Test Cases/TC0189: Test Cases/TC0189

2018-08-10 14:27:47 - [TEST_STEP][PASSED] - callTestCase: Call Test Case 'Test Cases/TC0175' successfully

2018-08-10 14:27:47 - [TEST_CASE][PASSED] - Test Cases/TC0175: Test Cases/TC0175

2018-08-10 14:28:02 - [TEST_STEP][PASSED] - callTestCase: Call Test Case 'Test Cases/Login' successfully

2018-08-10 14:28:02 - [TEST_CASE][PASSED] - Test Cases/Login: Test Cases/Login

2018-08-10 14:28:02 - [TEST_STEP][PASSED] - openBrowser: Browser is opened with url: ''

2018-08-10 14:28:02 - [MESSAGE][WARNING] - A browser is already opened. Closing browser and opening a new one

2018-08-10 14:28:03 - [MESSAGE][PASSED] - Browser is opened with url: ''

2018-08-10 14:28:03 - [TEST_STEP][PASSED] - navigateToUrl: Navigate to 'https://staging.kibopush.com/' successfully

2018-08-10 14:28:14 - [MESSAGE][PASSED] - Navigate to 'https://staging.kibopush.com/' successfully

2018-08-10 14:28:14 - [TEST_STEP][PASSED] - click: Object: 'Object Repository/Page_KiboPush  Sign In/a_Login' is clicked on

2018-08-10 14:28:14 - [MESSAGE][PASSED] - Object: 'Object Repository/Page_KiboPush  Sign In/a_Login' is clicked on

2018-08-10 14:28:14 - [TEST_STEP][PASSED] - click: Object: 'Object Repository/Page_KiboPush  Sign In/button_Team Account' is clicked on

2018-08-10 14:28:14 - [MESSAGE][PASSED] - Object: 'Object Repository/Page_KiboPush  Sign In/button_Team Account' is clicked on

2018-08-10 14:28:14 - [TEST_STEP][PASSED] - setText: Text 'kibopush.com' is set on object 'Object Repository/Page_KiboPush  Sign In/input_form-control m-input'

2018-08-10 14:28:14 - [MESSAGE][PASSED] - Text 'kibopush.com' is set on object 'Object Repository/Page_KiboPush  Sign In/input_form-control m-input'

2018-08-10 14:28:14 - [TEST_STEP][PASSED] - setText: Text 'bjafri5@gmail.com' is set on object 'Object Repository/Page_KiboPush  Sign In/input_form-control m-input_1'

2018-08-10 14:28:15 - [MESSAGE][PASSED] - Text 'bjafri5@gmail.com' is set on object 'Object Repository/Page_KiboPush  Sign In/input_form-control m-input_1'

2018-08-10 14:28:15 - [TEST_STEP][PASSED] - setEncryptedText: Text ****** has been set on object 'Object Repository/Page_KiboPush  Sign In/input_form-control m-input_2'

2018-08-10 14:28:15 - [MESSAGE][PASSED] - Text ****** has been set on object 'Object Repository/Page_KiboPush  Sign In/input_form-control m-input_2'

2018-08-10 14:28:15 - [TEST_STEP][PASSED] - click: Object: 'Object Repository/Page_KiboPush  Sign In/button_Sign In' is clicked on

2018-08-10 14:28:15 - [MESSAGE][PASSED] - Object: 'Object Repository/Page_KiboPush  Sign In/button_Sign In' is clicked on

2018-08-10 14:28:15 - [MESSAGE][PASSED] - Call Test Case 'Test Cases/Login' successfully

2018-08-10 14:28:15 - [TEST_STEP][PASSED] - click: Object: 'Object Repository/Page_KiboPush  Dashboard/span_Broadcasts' is clicked on

2018-08-10 14:28:17 - [MESSAGE][PASSED] - Object: 'Object Repository/Page_KiboPush  Dashboard/span_Broadcasts' is clicked on

2018-08-10 14:28:17 - [TEST_STEP][PASSED] - click: Object: 'Object Repository/Page_KiboPush  Broadcast/span_Create New Broadcast' is clicked on

2018-08-10 14:28:17 - [MESSAGE][PASSED] - Object: 'Object Repository/Page_KiboPush  Broadcast/span_Create New Broadcast' is clicked on

2018-08-10 14:28:17 - [TEST_STEP][PASSED] - click: Object: 'Object Repository/Page_KiboPush  Broadcast/a_Create New Broadcast' is clicked on

2018-08-10 14:28:18 - [MESSAGE][PASSED] - Object: 'Object Repository/Page_KiboPush  Broadcast/a_Create New Broadcast' is clicked on

2018-08-10 14:28:18 - [TEST_STEP][PASSED] - delay: Delayed 1 second(s)

2018-08-10 14:28:19 - [MESSAGE][PASSED] - Delayed 1 second(s)

2018-08-10 14:28:19 - [TEST_STEP][PASSED] - click: Object: 'Object Repository/Page_KiboPush  Create Broadcast/div_Media' is clicked on

2018-08-10 14:28:19 - [MESSAGE][PASSED] - Object: 'Object Repository/Page_KiboPush  Create Broadcast/div_Media' is clicked on

2018-08-10 14:28:19 - [TEST_STEP][PASSED] - verifyElementPresent: Object 'Object Repository/Page_KiboPush  Create Broadcast/div_Media_1' is present

2018-08-10 14:28:19 - [MESSAGE][PASSED] - Object 'Object Repository/Page_KiboPush  Create Broadcast/div_Media_1' is present

2018-08-10 14:28:19 - [MESSAGE][PASSED] - Call Test Case 'Test Cases/TC0175' successfully

2018-08-10 14:28:19 - [TEST_STEP][PASSED] - click: Object: 'Object Repository/Page_KiboPush  Create Broadcast/i_fa fa-times fa-stack-2x' is clicked on

2018-08-10 14:28:19 - [MESSAGE][PASSED] - Object: 'Object Repository/Page_KiboPush  Create Broadcast/i_fa fa-times fa-stack-2x' is clicked on

2018-08-10 14:28:19 - [TEST_STEP][PASSED] - verifyElementNotPresent: Web element with id: 'Object Repository/Page_KiboPush  Create Broadcast/div_Media_1' located by 'By.xpath: //div[(text() = ' Media ' or . = ' Media ')]' is not present after '5' second(s)

2018-08-10 14:28:19 - [MESSAGE][PASSED] - Web element with id: 'Object Repository/Page_KiboPush  Create Broadcast/div_Media_1' located by 'By.xpath: //div[(text() = ' Media ' or . = ' Media ')]' is not present after '5' second(s)]]></system-out>
         <system-err><![CDATA[]]></system-err>
      </testcase>
      <testcase name="Test Cases/TC0190" classname="Test Cases/TC0190" status="PASSED">
         <system-out><![CDATA[2018-08-10 14:28:19 - [TEST_CASE][PASSED] - Test Cases/TC0190: Test Cases/TC0190

2018-08-10 14:28:19 - [TEST_STEP][PASSED] - callTestCase: Call Test Case 'Test Cases/Login' successfully

2018-08-10 14:28:19 - [TEST_CASE][PASSED] - Test Cases/Login: Test Cases/Login

2018-08-10 14:28:19 - [TEST_STEP][PASSED] - openBrowser: Browser is opened with url: ''

2018-08-10 14:28:19 - [MESSAGE][WARNING] - A browser is already opened. Closing browser and opening a new one

2018-08-10 14:28:20 - [MESSAGE][PASSED] - Browser is opened with url: ''

2018-08-10 14:28:20 - [TEST_STEP][PASSED] - navigateToUrl: Navigate to 'https://staging.kibopush.com/' successfully

2018-08-10 14:28:32 - [MESSAGE][PASSED] - Navigate to 'https://staging.kibopush.com/' successfully

2018-08-10 14:28:32 - [TEST_STEP][PASSED] - click: Object: 'Object Repository/Page_KiboPush  Sign In/a_Login' is clicked on

2018-08-10 14:28:38 - [MESSAGE][PASSED] - Object: 'Object Repository/Page_KiboPush  Sign In/a_Login' is clicked on

2018-08-10 14:28:38 - [TEST_STEP][PASSED] - click: Object: 'Object Repository/Page_KiboPush  Sign In/button_Team Account' is clicked on

2018-08-10 14:28:43 - [MESSAGE][PASSED] - Object: 'Object Repository/Page_KiboPush  Sign In/button_Team Account' is clicked on

2018-08-10 14:28:43 - [TEST_STEP][PASSED] - setText: Text 'kibopush.com' is set on object 'Object Repository/Page_KiboPush  Sign In/input_form-control m-input'

2018-08-10 14:28:43 - [MESSAGE][PASSED] - Text 'kibopush.com' is set on object 'Object Repository/Page_KiboPush  Sign In/input_form-control m-input'

2018-08-10 14:28:43 - [TEST_STEP][PASSED] - setText: Text 'bjafri5@gmail.com' is set on object 'Object Repository/Page_KiboPush  Sign In/input_form-control m-input_1'

2018-08-10 14:28:44 - [MESSAGE][PASSED] - Text 'bjafri5@gmail.com' is set on object 'Object Repository/Page_KiboPush  Sign In/input_form-control m-input_1'

2018-08-10 14:28:44 - [TEST_STEP][PASSED] - setEncryptedText: Text ****** has been set on object 'Object Repository/Page_KiboPush  Sign In/input_form-control m-input_2'

2018-08-10 14:28:44 - [MESSAGE][PASSED] - Text ****** has been set on object 'Object Repository/Page_KiboPush  Sign In/input_form-control m-input_2'

2018-08-10 14:28:44 - [TEST_STEP][PASSED] - click: Object: 'Object Repository/Page_KiboPush  Sign In/button_Sign In' is clicked on

2018-08-10 14:28:49 - [MESSAGE][PASSED] - Object: 'Object Repository/Page_KiboPush  Sign In/button_Sign In' is clicked on

2018-08-10 14:28:49 - [MESSAGE][PASSED] - Call Test Case 'Test Cases/Login' successfully

2018-08-10 14:28:49 - [TEST_STEP][PASSED] - click: Object: 'Object Repository/Page_KiboPush  Dashboard/span_Broadcasts' is clicked on

2018-08-10 14:28:53 - [MESSAGE][PASSED] - Object: 'Object Repository/Page_KiboPush  Dashboard/span_Broadcasts' is clicked on

2018-08-10 14:28:53 - [TEST_STEP][PASSED] - click: Object: 'Object Repository/Page_KiboPush  Broadcast/span_Create New Broadcast' is clicked on

2018-08-10 14:28:53 - [MESSAGE][PASSED] - Object: 'Object Repository/Page_KiboPush  Broadcast/span_Create New Broadcast' is clicked on

2018-08-10 14:28:53 - [TEST_STEP][PASSED] - click: Object: 'Object Repository/Page_KiboPush  Broadcast/a_Create New Broadcast' is clicked on

2018-08-10 14:28:54 - [MESSAGE][PASSED] - Object: 'Object Repository/Page_KiboPush  Broadcast/a_Create New Broadcast' is clicked on

2018-08-10 14:28:54 - [TEST_STEP][PASSED] - delay: Delayed 1 second(s)

2018-08-10 14:28:55 - [MESSAGE][PASSED] - Delayed 1 second(s)

2018-08-10 14:28:55 - [TEST_STEP][PASSED] - click: Object: 'Object Repository/Page_KiboPush  Create Broadcast/i_convoTitle' is clicked on

2018-08-10 14:28:55 - [MESSAGE][PASSED] - Object: 'Object Repository/Page_KiboPush  Create Broadcast/i_convoTitle' is clicked on

2018-08-10 14:28:55 - [TEST_STEP][PASSED] - setText: Text 'TitleX' is set on object 'Object Repository/Page_KiboPush  Create Broadcast/input_form-control (10)'

2018-08-10 14:28:56 - [MESSAGE][PASSED] - Text 'TitleX' is set on object 'Object Repository/Page_KiboPush  Create Broadcast/input_form-control (10)'

2018-08-10 14:28:56 - [TEST_STEP][PASSED] - click: Object: 'Object Repository/Page_KiboPush  Create Broadcast/button_Save' is clicked on

2018-08-10 14:28:56 - [MESSAGE][PASSED] - Object: 'Object Repository/Page_KiboPush  Create Broadcast/button_Save' is clicked on

2018-08-10 14:28:56 - [TEST_STEP][PASSED] - delay: Delayed 1 second(s)

2018-08-10 14:28:57 - [MESSAGE][PASSED] - Delayed 1 second(s)

2018-08-10 14:28:57 - [TEST_STEP][PASSED] - click: Object: 'Object Repository/Page_KiboPush  Create Broadcast/h3_TitleX' is clicked on

2018-08-10 14:28:57 - [MESSAGE][PASSED] - Object: 'Object Repository/Page_KiboPush  Create Broadcast/h3_TitleX' is clicked on]]></system-out>
         <system-err><![CDATA[]]></system-err>
      </testcase>
      <testcase name="Test Cases/TC0192" classname="Test Cases/TC0192" status="FAILED">
         <failure type="FAILED" message="Unable to click on object 'Object Repository/Page_KiboPush  Create Broadcast/div_Text_1' (Root cause: org.openqa.selenium.WebDriverException: unknown error: Element &lt;div class=&quot;ui-block hoverbordercomponent&quot; id=&quot;text&quot;>...&lt;/div> is not clickable at point (353, 444). Other element would receive the click: &lt;div style=&quot;opacity: 0; overflow-y: auto; position: absolute; top: 0px; left: 0px; height: 100%; width: 100%; transition: opacity 0.3s ease 0s; cursor: pointer;&quot;>...&lt;/div>
  (Session info: chrome=68.0.3440.106)
  (Driver info: chromedriver=2.35.528157 (4429ca2590d6988c0745c24c8858745aaaec01ef),platform=Mac OS X 10.13.1 x86_64) (WARNING: The server did not provide any stacktrace information)
Command duration or timeout: 0 milliseconds
Build info: version: '3.7.1', revision: '8a0099a', time: '2017-11-06T21:07:36.161Z'
System info: host: 'Baqars-MacBook-Pro.local', ip: 'fe80:0:0:0:86b:36f2:e832:f5d1%en0', os.name: 'Mac OS X', os.arch: 'x86_64', os.version: '10.13.1', java.version: '1.8.0_102'
Driver info: com.kms.katalon.selenium.driver.CChromeDriver
Capabilities {acceptInsecureCerts: false, acceptSslCerts: false, applicationCacheEnabled: false, browserConnectionEnabled: false, browserName: chrome, chrome: {chromedriverVersion: 2.35.528157 (4429ca2590d698..., userDataDir: /var/folders/d9/974yd97x407...}, cssSelectorsEnabled: true, databaseEnabled: false, handlesAlerts: true, hasTouchScreen: false, javascriptEnabled: true, locationContextEnabled: true, mobileEmulationEnabled: false, nativeEvents: true, networkConnectionEnabled: false, pageLoadStrategy: normal, platform: MAC, platformName: MAC, rotatable: false, setWindowRect: true, takesHeapSnapshot: true, takesScreenshot: true, unexpectedAlertBehaviour: , unhandledPromptBehavior: , version: 68.0.3440.106, webStorageEnabled: true}
Session ID: 63cd815c73ad1491a7f149a1ef5b03b7)"/>
         <system-out><![CDATA[2018-08-10 14:28:57 - [TEST_CASE][FAILED] - Test Cases/TC0192: Test Cases/TC0192 FAILED because (of) Unable to click on object 'Object Repository/Page_KiboPush  Create Broadcast/div_Text_1' (Root cause: org.openqa.selenium.WebDriverException: unknown error: Element <div class="ui-block hoverbordercomponent" id="text">...</div> is not clickable at point (353, 444). Other element would receive the click: <div style="opacity: 0; overflow-y: auto; position: absolute; top: 0px; left: 0px; height: 100%; width: 100%; transition: opacity 0.3s ease 0s; cursor: pointer;">...</div>
  (Session info: chrome=68.0.3440.106)
  (Driver info: chromedriver=2.35.528157 (4429ca2590d6988c0745c24c8858745aaaec01ef),platform=Mac OS X 10.13.1 x86_64) (WARNING: The server did not provide any stacktrace information)
Command duration or timeout: 0 milliseconds
Build info: version: '3.7.1', revision: '8a0099a', time: '2017-11-06T21:07:36.161Z'
System info: host: 'Baqars-MacBook-Pro.local', ip: 'fe80:0:0:0:86b:36f2:e832:f5d1%en0', os.name: 'Mac OS X', os.arch: 'x86_64', os.version: '10.13.1', java.version: '1.8.0_102'
Driver info: com.kms.katalon.selenium.driver.CChromeDriver
Capabilities {acceptInsecureCerts: false, acceptSslCerts: false, applicationCacheEnabled: false, browserConnectionEnabled: false, browserName: chrome, chrome: {chromedriverVersion: 2.35.528157 (4429ca2590d698..., userDataDir: /var/folders/d9/974yd97x407...}, cssSelectorsEnabled: true, databaseEnabled: false, handlesAlerts: true, hasTouchScreen: false, javascriptEnabled: true, locationContextEnabled: true, mobileEmulationEnabled: false, nativeEvents: true, networkConnectionEnabled: false, pageLoadStrategy: normal, platform: MAC, platformName: MAC, rotatable: false, setWindowRect: true, takesHeapSnapshot: true, takesScreenshot: true, unexpectedAlertBehaviour: , unhandledPromptBehavior: , version: 68.0.3440.106, webStorageEnabled: true}
Session ID: 63cd815c73ad1491a7f149a1ef5b03b7)

2018-08-10 14:28:57 - [TEST_STEP][FAILED] - callTestCase: Unable to call Test Case with id 'Test Cases/TC0131' (Root cause: Call Test Case 'Test Cases/TC0131' failed)

2018-08-10 14:28:57 - [TEST_CASE][FAILED] - Test Cases/TC0131: Test Cases/TC0131 FAILED because (of) Unable to click on object 'Object Repository/Page_KiboPush  Create Broadcast/div_Text_1' (Root cause: org.openqa.selenium.WebDriverException: unknown error: Element <div class="ui-block hoverbordercomponent" id="text">...</div> is not clickable at point (353, 444). Other element would receive the click: <div style="opacity: 0; overflow-y: auto; position: absolute; top: 0px; left: 0px; height: 100%; width: 100%; transition: opacity 0.3s ease 0s; cursor: pointer;">...</div>
  (Session info: chrome=68.0.3440.106)
  (Driver info: chromedriver=2.35.528157 (4429ca2590d6988c0745c24c8858745aaaec01ef),platform=Mac OS X 10.13.1 x86_64) (WARNING: The server did not provide any stacktrace information)
Command duration or timeout: 0 milliseconds
Build info: version: '3.7.1', revision: '8a0099a', time: '2017-11-06T21:07:36.161Z'
System info: host: 'Baqars-MacBook-Pro.local', ip: 'fe80:0:0:0:86b:36f2:e832:f5d1%en0', os.name: 'Mac OS X', os.arch: 'x86_64', os.version: '10.13.1', java.version: '1.8.0_102'
Driver info: com.kms.katalon.selenium.driver.CChromeDriver
Capabilities {acceptInsecureCerts: false, acceptSslCerts: false, applicationCacheEnabled: false, browserConnectionEnabled: false, browserName: chrome, chrome: {chromedriverVersion: 2.35.528157 (4429ca2590d698..., userDataDir: /var/folders/d9/974yd97x407...}, cssSelectorsEnabled: true, databaseEnabled: false, handlesAlerts: true, hasTouchScreen: false, javascriptEnabled: true, locationContextEnabled: true, mobileEmulationEnabled: false, nativeEvents: true, networkConnectionEnabled: false, pageLoadStrategy: normal, platform: MAC, platformName: MAC, rotatable: false, setWindowRect: true, takesHeapSnapshot: true, takesScreenshot: true, unexpectedAlertBehaviour: , unhandledPromptBehavior: , version: 68.0.3440.106, webStorageEnabled: true}
Session ID: 63cd815c73ad1491a7f149a1ef5b03b7)

2018-08-10 14:28:57 - [TEST_STEP][PASSED] - callTestCase: Call Test Case 'Test Cases/Login' successfully

2018-08-10 14:28:57 - [TEST_CASE][PASSED] - Test Cases/Login: Test Cases/Login

2018-08-10 14:28:57 - [TEST_STEP][PASSED] - openBrowser: Browser is opened with url: ''

2018-08-10 14:28:57 - [MESSAGE][WARNING] - A browser is already opened. Closing browser and opening a new one

2018-08-10 14:28:58 - [MESSAGE][PASSED] - Browser is opened with url: ''

2018-08-10 14:28:58 - [TEST_STEP][PASSED] - navigateToUrl: Navigate to 'https://staging.kibopush.com/' successfully

2018-08-10 14:29:10 - [MESSAGE][PASSED] - Navigate to 'https://staging.kibopush.com/' successfully

2018-08-10 14:29:10 - [TEST_STEP][PASSED] - click: Object: 'Object Repository/Page_KiboPush  Sign In/a_Login' is clicked on

2018-08-10 14:29:15 - [MESSAGE][PASSED] - Object: 'Object Repository/Page_KiboPush  Sign In/a_Login' is clicked on

2018-08-10 14:29:15 - [TEST_STEP][PASSED] - click: Object: 'Object Repository/Page_KiboPush  Sign In/button_Team Account' is clicked on

2018-08-10 14:29:21 - [MESSAGE][PASSED] - Object: 'Object Repository/Page_KiboPush  Sign In/button_Team Account' is clicked on

2018-08-10 14:29:21 - [TEST_STEP][PASSED] - setText: Text 'kibopush.com' is set on object 'Object Repository/Page_KiboPush  Sign In/input_form-control m-input'

2018-08-10 14:29:21 - [MESSAGE][PASSED] - Text 'kibopush.com' is set on object 'Object Repository/Page_KiboPush  Sign In/input_form-control m-input'

2018-08-10 14:29:21 - [TEST_STEP][PASSED] - setText: Text 'bjafri5@gmail.com' is set on object 'Object Repository/Page_KiboPush  Sign In/input_form-control m-input_1'

2018-08-10 14:29:22 - [MESSAGE][PASSED] - Text 'bjafri5@gmail.com' is set on object 'Object Repository/Page_KiboPush  Sign In/input_form-control m-input_1'

2018-08-10 14:29:22 - [TEST_STEP][PASSED] - setEncryptedText: Text ****** has been set on object 'Object Repository/Page_KiboPush  Sign In/input_form-control m-input_2'

2018-08-10 14:29:22 - [MESSAGE][PASSED] - Text ****** has been set on object 'Object Repository/Page_KiboPush  Sign In/input_form-control m-input_2'

2018-08-10 14:29:22 - [TEST_STEP][PASSED] - click: Object: 'Object Repository/Page_KiboPush  Sign In/button_Sign In' is clicked on

2018-08-10 14:29:27 - [MESSAGE][PASSED] - Object: 'Object Repository/Page_KiboPush  Sign In/button_Sign In' is clicked on

2018-08-10 14:29:27 - [MESSAGE][PASSED] - Call Test Case 'Test Cases/Login' successfully

2018-08-10 14:29:27 - [TEST_STEP][PASSED] - click: Object: 'Object Repository/Page_KiboPush  Dashboard/span_Broadcasts' is clicked on

2018-08-10 14:29:34 - [MESSAGE][PASSED] - Object: 'Object Repository/Page_KiboPush  Dashboard/span_Broadcasts' is clicked on

2018-08-10 14:29:34 - [TEST_STEP][PASSED] - click: Object: 'Object Repository/Page_KiboPush  Broadcast/span_Create New Broadcast' is clicked on

2018-08-10 14:29:36 - [MESSAGE][PASSED] - Object: 'Object Repository/Page_KiboPush  Broadcast/span_Create New Broadcast' is clicked on

2018-08-10 14:29:36 - [TEST_STEP][PASSED] - click: Object: 'Object Repository/Page_KiboPush  Broadcast/a_Create New Broadcast' is clicked on

2018-08-10 14:29:40 - [MESSAGE][PASSED] - Object: 'Object Repository/Page_KiboPush  Broadcast/a_Create New Broadcast' is clicked on

2018-08-10 14:29:40 - [TEST_STEP][PASSED] - delay: Delayed 1 second(s)

2018-08-10 14:29:41 - [MESSAGE][PASSED] - Delayed 1 second(s)

2018-08-10 14:29:41 - [TEST_STEP][FAILED] - click: Unable to click on object 'Object Repository/Page_KiboPush  Create Broadcast/div_Text_1' (Root cause: org.openqa.selenium.WebDriverException: unknown error: Element <div class="ui-block hoverbordercomponent" id="text">...</div> is not clickable at point (353, 444). Other element would receive the click: <div style="opacity: 0; overflow-y: auto; position: absolute; top: 0px; left: 0px; height: 100%; width: 100%; transition: opacity 0.3s ease 0s; cursor: pointer;">...</div>
  (Session info: chrome=68.0.3440.106)
  (Driver info: chromedriver=2.35.528157 (4429ca2590d6988c0745c24c8858745aaaec01ef),platform=Mac OS X 10.13.1 x86_64) (WARNING: The server did not provide any stacktrace information)
Command duration or timeout: 0 milliseconds
Build info: version: '3.7.1', revision: '8a0099a', time: '2017-11-06T21:07:36.161Z'
System info: host: 'Baqars-MacBook-Pro.local', ip: 'fe80:0:0:0:86b:36f2:e832:f5d1%en0', os.name: 'Mac OS X', os.arch: 'x86_64', os.version: '10.13.1', java.version: '1.8.0_102'
Driver info: com.kms.katalon.selenium.driver.CChromeDriver
Capabilities {acceptInsecureCerts: false, acceptSslCerts: false, applicationCacheEnabled: false, browserConnectionEnabled: false, browserName: chrome, chrome: {chromedriverVersion: 2.35.528157 (4429ca2590d698..., userDataDir: /var/folders/d9/974yd97x407...}, cssSelectorsEnabled: true, databaseEnabled: false, handlesAlerts: true, hasTouchScreen: false, javascriptEnabled: true, locationContextEnabled: true, mobileEmulationEnabled: false, nativeEvents: true, networkConnectionEnabled: false, pageLoadStrategy: normal, platform: MAC, platformName: MAC, rotatable: false, setWindowRect: true, takesHeapSnapshot: true, takesScreenshot: true, unexpectedAlertBehaviour: , unhandledPromptBehavior: , version: 68.0.3440.106, webStorageEnabled: true}
Session ID: 63cd815c73ad1491a7f149a1ef5b03b7)

2018-08-10 14:29:42 - [MESSAGE][FAILED] - Unable to click on object 'Object Repository/Page_KiboPush  Create Broadcast/div_Text_1' (Root cause: org.openqa.selenium.WebDriverException: unknown error: Element <div class="ui-block hoverbordercomponent" id="text">...</div> is not clickable at point (353, 444). Other element would receive the click: <div style="opacity: 0; overflow-y: auto; position: absolute; top: 0px; left: 0px; height: 100%; width: 100%; transition: opacity 0.3s ease 0s; cursor: pointer;">...</div>
  (Session info: chrome=68.0.3440.106)
  (Driver info: chromedriver=2.35.528157 (4429ca2590d6988c0745c24c8858745aaaec01ef),platform=Mac OS X 10.13.1 x86_64) (WARNING: The server did not provide any stacktrace information)
Command duration or timeout: 0 milliseconds
Build info: version: '3.7.1', revision: '8a0099a', time: '2017-11-06T21:07:36.161Z'
System info: host: 'Baqars-MacBook-Pro.local', ip: 'fe80:0:0:0:86b:36f2:e832:f5d1%en0', os.name: 'Mac OS X', os.arch: 'x86_64', os.version: '10.13.1', java.version: '1.8.0_102'
Driver info: com.kms.katalon.selenium.driver.CChromeDriver
Capabilities {acceptInsecureCerts: false, acceptSslCerts: false, applicationCacheEnabled: false, browserConnectionEnabled: false, browserName: chrome, chrome: {chromedriverVersion: 2.35.528157 (4429ca2590d698..., userDataDir: /var/folders/d9/974yd97x407...}, cssSelectorsEnabled: true, databaseEnabled: false, handlesAlerts: true, hasTouchScreen: false, javascriptEnabled: true, locationContextEnabled: true, mobileEmulationEnabled: false, nativeEvents: true, networkConnectionEnabled: false, pageLoadStrategy: normal, platform: MAC, platformName: MAC, rotatable: false, setWindowRect: true, takesHeapSnapshot: true, takesScreenshot: true, unexpectedAlertBehaviour: , unhandledPromptBehavior: , version: 68.0.3440.106, webStorageEnabled: true}
Session ID: 63cd815c73ad1491a7f149a1ef5b03b7)
[[ATTACHMENT|/Users/baqarjafri/Katalon Studio/KiboPush/Reports/KiboPush Broadcasts/20180810_140559/1533893381089.png]]

2018-08-10 14:29:42 - [MESSAGE][FAILED] - Unable to call Test Case with id 'Test Cases/TC0131' (Root cause: Call Test Case 'Test Cases/TC0131' failed)]]></system-out>
         <system-err><![CDATA[2018-08-10 14:28:57 - [TEST_CASE][FAILED] - Test Cases/TC0192: Test Cases/TC0192 FAILED because (of) Unable to click on object 'Object Repository/Page_KiboPush  Create Broadcast/div_Text_1' (Root cause: org.openqa.selenium.WebDriverException: unknown error: Element <div class="ui-block hoverbordercomponent" id="text">...</div> is not clickable at point (353, 444). Other element would receive the click: <div style="opacity: 0; overflow-y: auto; position: absolute; top: 0px; left: 0px; height: 100%; width: 100%; transition: opacity 0.3s ease 0s; cursor: pointer;">...</div>
  (Session info: chrome=68.0.3440.106)
  (Driver info: chromedriver=2.35.528157 (4429ca2590d6988c0745c24c8858745aaaec01ef),platform=Mac OS X 10.13.1 x86_64) (WARNING: The server did not provide any stacktrace information)
Command duration or timeout: 0 milliseconds
Build info: version: '3.7.1', revision: '8a0099a', time: '2017-11-06T21:07:36.161Z'
System info: host: 'Baqars-MacBook-Pro.local', ip: 'fe80:0:0:0:86b:36f2:e832:f5d1%en0', os.name: 'Mac OS X', os.arch: 'x86_64', os.version: '10.13.1', java.version: '1.8.0_102'
Driver info: com.kms.katalon.selenium.driver.CChromeDriver
Capabilities {acceptInsecureCerts: false, acceptSslCerts: false, applicationCacheEnabled: false, browserConnectionEnabled: false, browserName: chrome, chrome: {chromedriverVersion: 2.35.528157 (4429ca2590d698..., userDataDir: /var/folders/d9/974yd97x407...}, cssSelectorsEnabled: true, databaseEnabled: false, handlesAlerts: true, hasTouchScreen: false, javascriptEnabled: true, locationContextEnabled: true, mobileEmulationEnabled: false, nativeEvents: true, networkConnectionEnabled: false, pageLoadStrategy: normal, platform: MAC, platformName: MAC, rotatable: false, setWindowRect: true, takesHeapSnapshot: true, takesScreenshot: true, unexpectedAlertBehaviour: , unhandledPromptBehavior: , version: 68.0.3440.106, webStorageEnabled: true}
Session ID: 63cd815c73ad1491a7f149a1ef5b03b7)]]></system-err>
      </testcase>
      <testcase name="Test Cases/TC0193" classname="Test Cases/TC0193" status="PASSED">
         <system-out><![CDATA[2018-08-10 14:29:42 - [TEST_CASE][PASSED] - Test Cases/TC0193: Test Cases/TC0193

2018-08-10 14:29:42 - [TEST_STEP][PASSED] - callTestCase: Call Test Case 'Test Cases/TC0133' successfully

2018-08-10 14:29:42 - [TEST_CASE][PASSED] - Test Cases/TC0133: Test Cases/TC0133

2018-08-10 14:29:42 - [TEST_STEP][PASSED] - callTestCase: Call Test Case 'Test Cases/Login' successfully

2018-08-10 14:29:42 - [TEST_CASE][PASSED] - Test Cases/Login: Test Cases/Login

2018-08-10 14:29:42 - [TEST_STEP][PASSED] - openBrowser: Browser is opened with url: ''

2018-08-10 14:29:42 - [MESSAGE][WARNING] - A browser is already opened. Closing browser and opening a new one

2018-08-10 14:29:44 - [MESSAGE][PASSED] - Browser is opened with url: ''

2018-08-10 14:29:44 - [TEST_STEP][PASSED] - navigateToUrl: Navigate to 'https://staging.kibopush.com/' successfully

2018-08-10 14:29:55 - [MESSAGE][PASSED] - Navigate to 'https://staging.kibopush.com/' successfully

2018-08-10 14:29:55 - [TEST_STEP][PASSED] - click: Object: 'Object Repository/Page_KiboPush  Sign In/a_Login' is clicked on

2018-08-10 14:29:55 - [MESSAGE][PASSED] - Object: 'Object Repository/Page_KiboPush  Sign In/a_Login' is clicked on

2018-08-10 14:29:55 - [TEST_STEP][PASSED] - click: Object: 'Object Repository/Page_KiboPush  Sign In/button_Team Account' is clicked on

2018-08-10 14:29:55 - [MESSAGE][PASSED] - Object: 'Object Repository/Page_KiboPush  Sign In/button_Team Account' is clicked on

2018-08-10 14:29:55 - [TEST_STEP][PASSED] - setText: Text 'kibopush.com' is set on object 'Object Repository/Page_KiboPush  Sign In/input_form-control m-input'

2018-08-10 14:29:56 - [MESSAGE][PASSED] - Text 'kibopush.com' is set on object 'Object Repository/Page_KiboPush  Sign In/input_form-control m-input'

2018-08-10 14:29:56 - [TEST_STEP][PASSED] - setText: Text 'bjafri5@gmail.com' is set on object 'Object Repository/Page_KiboPush  Sign In/input_form-control m-input_1'

2018-08-10 14:29:56 - [MESSAGE][PASSED] - Text 'bjafri5@gmail.com' is set on object 'Object Repository/Page_KiboPush  Sign In/input_form-control m-input_1'

2018-08-10 14:29:56 - [TEST_STEP][PASSED] - setEncryptedText: Text ****** has been set on object 'Object Repository/Page_KiboPush  Sign In/input_form-control m-input_2'

2018-08-10 14:29:56 - [MESSAGE][PASSED] - Text ****** has been set on object 'Object Repository/Page_KiboPush  Sign In/input_form-control m-input_2'

2018-08-10 14:29:56 - [TEST_STEP][PASSED] - click: Object: 'Object Repository/Page_KiboPush  Sign In/button_Sign In' is clicked on

2018-08-10 14:29:56 - [MESSAGE][PASSED] - Object: 'Object Repository/Page_KiboPush  Sign In/button_Sign In' is clicked on

2018-08-10 14:29:56 - [MESSAGE][PASSED] - Call Test Case 'Test Cases/Login' successfully

2018-08-10 14:29:56 - [TEST_STEP][PASSED] - click: Object: 'Object Repository/Page_KiboPush  Dashboard/span_Broadcasts' is clicked on

2018-08-10 14:29:58 - [MESSAGE][PASSED] - Object: 'Object Repository/Page_KiboPush  Dashboard/span_Broadcasts' is clicked on

2018-08-10 14:29:58 - [TEST_STEP][PASSED] - click: Object: 'Object Repository/Page_KiboPush  Broadcast/span_Create New Broadcast' is clicked on

2018-08-10 14:29:59 - [MESSAGE][PASSED] - Object: 'Object Repository/Page_KiboPush  Broadcast/span_Create New Broadcast' is clicked on

2018-08-10 14:29:59 - [TEST_STEP][PASSED] - click: Object: 'Object Repository/Page_KiboPush  Broadcast/a_Create New Broadcast' is clicked on

2018-08-10 14:29:59 - [MESSAGE][PASSED] - Object: 'Object Repository/Page_KiboPush  Broadcast/a_Create New Broadcast' is clicked on

2018-08-10 14:29:59 - [TEST_STEP][PASSED] - delay: Delayed 1 second(s)

2018-08-10 14:30:00 - [MESSAGE][PASSED] - Delayed 1 second(s)

2018-08-10 14:30:00 - [TEST_STEP][PASSED] - click: Object: 'Object Repository/Page_KiboPush  Create Broadcast/div_Text' is clicked on

2018-08-10 14:30:00 - [MESSAGE][PASSED] - Object: 'Object Repository/Page_KiboPush  Create Broadcast/div_Text' is clicked on

2018-08-10 14:30:00 - [TEST_STEP][PASSED] - click: Object: 'Object Repository/Page_KiboPush  Create Broadcast/div_ Add Button' is clicked on

2018-08-10 14:30:00 - [MESSAGE][PASSED] - Object: 'Object Repository/Page_KiboPush  Create Broadcast/div_ Add Button' is clicked on

2018-08-10 14:30:00 - [TEST_STEP][PASSED] - setText: Text 'KiboPush' is set on object 'Object Repository/Page_KiboPush  Create Broadcast/input_form-control (9)'

2018-08-10 14:30:01 - [MESSAGE][PASSED] - Text 'KiboPush' is set on object 'Object Repository/Page_KiboPush  Create Broadcast/input_form-control (9)'

2018-08-10 14:30:01 - [TEST_STEP][PASSED] - click: Object: 'Object Repository/Page_KiboPush  Create Broadcast/div_Open a website (5)' is clicked on

2018-08-10 14:30:01 - [MESSAGE][PASSED] - Object: 'Object Repository/Page_KiboPush  Create Broadcast/div_Open a website (5)' is clicked on

2018-08-10 14:30:01 - [TEST_STEP][PASSED] - setText: Text 'kibopush.com' is set on object 'Object Repository/Page_KiboPush  Create Broadcast/input_form-control_1 (5)'

2018-08-10 14:30:01 - [MESSAGE][PASSED] - Text 'kibopush.com' is set on object 'Object Repository/Page_KiboPush  Create Broadcast/input_form-control_1 (5)'

2018-08-10 14:30:01 - [TEST_STEP][PASSED] - click: Object: 'Object Repository/Page_KiboPush  Create Broadcast/button_Done (5)' is clicked on

2018-08-10 14:30:01 - [MESSAGE][PASSED] - Object: 'Object Repository/Page_KiboPush  Create Broadcast/button_Done (5)' is clicked on

2018-08-10 14:30:01 - [MESSAGE][PASSED] - Call Test Case 'Test Cases/TC0133' successfully

2018-08-10 14:30:01 - [TEST_STEP][PASSED] - click: Object: 'Object Repository/Page_KiboPush  Create Broadcast/button_KiboPush (1)' is clicked on

2018-08-10 14:30:02 - [MESSAGE][PASSED] - Object: 'Object Repository/Page_KiboPush  Create Broadcast/button_KiboPush (1)' is clicked on

2018-08-10 14:30:02 - [TEST_STEP][PASSED] - doubleClick: Object: 'Object Repository/Page_KiboPush  Create Broadcast/input_form-control (11)' is double clicked on

2018-08-10 14:30:02 - [MESSAGE][PASSED] - Object: 'Object Repository/Page_KiboPush  Create Broadcast/input_form-control (11)' is double clicked on

2018-08-10 14:30:02 - [TEST_STEP][PASSED] - verifyElementAttributeValue: Object 'Object Repository/Page_KiboPush  Create Broadcast/input_form-control' has attribute 'value' with value 'KiboPush'

2018-08-10 14:30:02 - [MESSAGE][PASSED] - Object 'Object Repository/Page_KiboPush  Create Broadcast/input_form-control' has attribute 'value' with value 'KiboPush'

2018-08-10 14:30:02 - [TEST_STEP][PASSED] - click: Object: 'Object Repository/Page_KiboPush  Create Broadcast/div_Open a website (6)' is clicked on

2018-08-10 14:30:02 - [MESSAGE][PASSED] - Object: 'Object Repository/Page_KiboPush  Create Broadcast/div_Open a website (6)' is clicked on

2018-08-10 14:30:02 - [TEST_STEP][PASSED] - getAttribute: Attribute 'value' of object 'Object Repository/Page_KiboPush  Create Broadcast/input_form-control_1' is: 'kibopush.com'

2018-08-10 14:30:02 - [MESSAGE][PASSED] - Attribute 'value' of object 'Object Repository/Page_KiboPush  Create Broadcast/input_form-control_1' is: 'kibopush.com'

2018-08-10 14:30:02 - [TEST_STEP][PASSED] - verifyElementAttributeValue: Object 'Object Repository/Page_KiboPush  Create Broadcast/input_form-control_1' has attribute 'value' with value 'kibopush.com'

2018-08-10 14:30:02 - [MESSAGE][PASSED] - Object 'Object Repository/Page_KiboPush  Create Broadcast/input_form-control_1' has attribute 'value' with value 'kibopush.com'

2018-08-10 14:30:02 - [TEST_STEP][PASSED] - setText: Text 'Google' is set on object 'Object Repository/Page_KiboPush  Create Broadcast/input_form-control (11)'

2018-08-10 14:30:02 - [MESSAGE][PASSED] - Text 'Google' is set on object 'Object Repository/Page_KiboPush  Create Broadcast/input_form-control (11)'

2018-08-10 14:30:02 - [TEST_STEP][PASSED] - setText: Text 'google.com' is set on object 'Object Repository/Page_KiboPush  Create Broadcast/input_form-control_1 (6)'

2018-08-10 14:30:03 - [MESSAGE][PASSED] - Text 'google.com' is set on object 'Object Repository/Page_KiboPush  Create Broadcast/input_form-control_1 (6)'

2018-08-10 14:30:03 - [TEST_STEP][PASSED] - click: Object: 'Object Repository/Page_KiboPush  Create Broadcast/button_Done (6)' is clicked on

2018-08-10 14:30:03 - [MESSAGE][PASSED] - Object: 'Object Repository/Page_KiboPush  Create Broadcast/button_Done (6)' is clicked on

2018-08-10 14:30:03 - [TEST_STEP][PASSED] - click: Object: 'Object Repository/Page_KiboPush  Create Broadcast/button_Google' is clicked on

2018-08-10 14:30:03 - [MESSAGE][PASSED] - Object: 'Object Repository/Page_KiboPush  Create Broadcast/button_Google' is clicked on]]></system-out>
         <system-err><![CDATA[]]></system-err>
      </testcase>
      <testcase name="Test Cases/TC0194" classname="Test Cases/TC0194" status="PASSED">
         <system-out><![CDATA[2018-08-10 14:30:03 - [TEST_CASE][PASSED] - Test Cases/TC0194: Test Cases/TC0194

2018-08-10 14:30:04 - [TEST_STEP][PASSED] - callTestCase: Call Test Case 'Test Cases/TC0131' successfully

2018-08-10 14:30:04 - [TEST_CASE][PASSED] - Test Cases/TC0131: Test Cases/TC0131

2018-08-10 14:30:04 - [TEST_STEP][PASSED] - callTestCase: Call Test Case 'Test Cases/Login' successfully

2018-08-10 14:30:04 - [TEST_CASE][PASSED] - Test Cases/Login: Test Cases/Login

2018-08-10 14:30:04 - [TEST_STEP][PASSED] - openBrowser: Browser is opened with url: ''

2018-08-10 14:30:04 - [MESSAGE][WARNING] - A browser is already opened. Closing browser and opening a new one

2018-08-10 14:30:05 - [MESSAGE][PASSED] - Browser is opened with url: ''

2018-08-10 14:30:05 - [TEST_STEP][PASSED] - navigateToUrl: Navigate to 'https://staging.kibopush.com/' successfully

2018-08-10 14:30:16 - [MESSAGE][PASSED] - Navigate to 'https://staging.kibopush.com/' successfully

2018-08-10 14:30:16 - [TEST_STEP][PASSED] - click: Object: 'Object Repository/Page_KiboPush  Sign In/a_Login' is clicked on

2018-08-10 14:30:16 - [MESSAGE][PASSED] - Object: 'Object Repository/Page_KiboPush  Sign In/a_Login' is clicked on

2018-08-10 14:30:16 - [TEST_STEP][PASSED] - click: Object: 'Object Repository/Page_KiboPush  Sign In/button_Team Account' is clicked on

2018-08-10 14:30:17 - [MESSAGE][PASSED] - Object: 'Object Repository/Page_KiboPush  Sign In/button_Team Account' is clicked on

2018-08-10 14:30:17 - [TEST_STEP][PASSED] - setText: Text 'kibopush.com' is set on object 'Object Repository/Page_KiboPush  Sign In/input_form-control m-input'

2018-08-10 14:30:17 - [MESSAGE][PASSED] - Text 'kibopush.com' is set on object 'Object Repository/Page_KiboPush  Sign In/input_form-control m-input'

2018-08-10 14:30:17 - [TEST_STEP][PASSED] - setText: Text 'bjafri5@gmail.com' is set on object 'Object Repository/Page_KiboPush  Sign In/input_form-control m-input_1'

2018-08-10 14:30:17 - [MESSAGE][PASSED] - Text 'bjafri5@gmail.com' is set on object 'Object Repository/Page_KiboPush  Sign In/input_form-control m-input_1'

2018-08-10 14:30:17 - [TEST_STEP][PASSED] - setEncryptedText: Text ****** has been set on object 'Object Repository/Page_KiboPush  Sign In/input_form-control m-input_2'

2018-08-10 14:30:17 - [MESSAGE][PASSED] - Text ****** has been set on object 'Object Repository/Page_KiboPush  Sign In/input_form-control m-input_2'

2018-08-10 14:30:17 - [TEST_STEP][PASSED] - click: Object: 'Object Repository/Page_KiboPush  Sign In/button_Sign In' is clicked on

2018-08-10 14:30:17 - [MESSAGE][PASSED] - Object: 'Object Repository/Page_KiboPush  Sign In/button_Sign In' is clicked on

2018-08-10 14:30:17 - [MESSAGE][PASSED] - Call Test Case 'Test Cases/Login' successfully

2018-08-10 14:30:17 - [TEST_STEP][PASSED] - click: Object: 'Object Repository/Page_KiboPush  Dashboard/span_Broadcasts' is clicked on

2018-08-10 14:30:20 - [MESSAGE][PASSED] - Object: 'Object Repository/Page_KiboPush  Dashboard/span_Broadcasts' is clicked on

2018-08-10 14:30:20 - [TEST_STEP][PASSED] - click: Object: 'Object Repository/Page_KiboPush  Broadcast/span_Create New Broadcast' is clicked on

2018-08-10 14:30:20 - [MESSAGE][PASSED] - Object: 'Object Repository/Page_KiboPush  Broadcast/span_Create New Broadcast' is clicked on

2018-08-10 14:30:20 - [TEST_STEP][PASSED] - click: Object: 'Object Repository/Page_KiboPush  Broadcast/a_Create New Broadcast' is clicked on

2018-08-10 14:30:20 - [MESSAGE][PASSED] - Object: 'Object Repository/Page_KiboPush  Broadcast/a_Create New Broadcast' is clicked on

2018-08-10 14:30:20 - [TEST_STEP][PASSED] - delay: Delayed 1 second(s)

2018-08-10 14:30:21 - [MESSAGE][PASSED] - Delayed 1 second(s)

2018-08-10 14:30:21 - [TEST_STEP][PASSED] - click: Object: 'Object Repository/Page_KiboPush  Create Broadcast/div_Text_1' is clicked on

2018-08-10 14:30:21 - [MESSAGE][PASSED] - Object: 'Object Repository/Page_KiboPush  Create Broadcast/div_Text_1' is clicked on

2018-08-10 14:30:21 - [TEST_STEP][PASSED] - verifyElementPresent: Object 'Object Repository/Page_KiboPush  Create Broadcast/text_component' is present

2018-08-10 14:30:21 - [MESSAGE][PASSED] - Object 'Object Repository/Page_KiboPush  Create Broadcast/text_component' is present

2018-08-10 14:30:21 - [MESSAGE][PASSED] - Call Test Case 'Test Cases/TC0131' successfully

2018-08-10 14:30:21 - [TEST_STEP][PASSED] - click: Object: 'Object Repository/Page_KiboPush  Create Broadcast/div_ Add Button' is clicked on

2018-08-10 14:30:22 - [MESSAGE][PASSED] - Object: 'Object Repository/Page_KiboPush  Create Broadcast/div_ Add Button' is clicked on

2018-08-10 14:30:22 - [TEST_STEP][PASSED] - verifyElementPresent: Object 'Object Repository/Page_KiboPush  Create Broadcast/strong_Add Button' is present

2018-08-10 14:30:22 - [MESSAGE][PASSED] - Object 'Object Repository/Page_KiboPush  Create Broadcast/strong_Add Button' is present

2018-08-10 14:30:22 - [TEST_STEP][PASSED] - click: Object: 'Object Repository/Page_KiboPush  Create Broadcast/button_Cancel' is clicked on

2018-08-10 14:30:22 - [MESSAGE][PASSED] - Object: 'Object Repository/Page_KiboPush  Create Broadcast/button_Cancel' is clicked on

2018-08-10 14:30:22 - [TEST_STEP][PASSED] - verifyElementNotPresent: Web element with id: 'Object Repository/Page_KiboPush  Create Broadcast/strong_Add Button' located by 'By.xpath: //strong[(text() = 'Add Button' or . = 'Add Button')]' is not present after '5' second(s)

2018-08-10 14:30:22 - [MESSAGE][PASSED] - Web element with id: 'Object Repository/Page_KiboPush  Create Broadcast/strong_Add Button' located by 'By.xpath: //strong[(text() = 'Add Button' or . = 'Add Button')]' is not present after '5' second(s)]]></system-out>
         <system-err><![CDATA[]]></system-err>
      </testcase>
      <testcase name="Test Cases/TC0195" classname="Test Cases/TC0195" status="PASSED">
         <system-out><![CDATA[2018-08-10 14:30:22 - [TEST_CASE][PASSED] - Test Cases/TC0195: Test Cases/TC0195

2018-08-10 14:30:22 - [TEST_STEP][PASSED] - callTestCase: Call Test Case 'Test Cases/TC0133' successfully

2018-08-10 14:30:22 - [TEST_CASE][PASSED] - Test Cases/TC0133: Test Cases/TC0133

2018-08-10 14:30:22 - [TEST_STEP][PASSED] - callTestCase: Call Test Case 'Test Cases/Login' successfully

2018-08-10 14:30:22 - [TEST_CASE][PASSED] - Test Cases/Login: Test Cases/Login

2018-08-10 14:30:22 - [TEST_STEP][PASSED] - openBrowser: Browser is opened with url: ''

2018-08-10 14:30:22 - [MESSAGE][WARNING] - A browser is already opened. Closing browser and opening a new one

2018-08-10 14:30:23 - [MESSAGE][PASSED] - Browser is opened with url: ''

2018-08-10 14:30:23 - [TEST_STEP][PASSED] - navigateToUrl: Navigate to 'https://staging.kibopush.com/' successfully

2018-08-10 14:30:32 - [MESSAGE][PASSED] - Navigate to 'https://staging.kibopush.com/' successfully

2018-08-10 14:30:32 - [TEST_STEP][PASSED] - click: Object: 'Object Repository/Page_KiboPush  Sign In/a_Login' is clicked on

2018-08-10 14:30:37 - [MESSAGE][PASSED] - Object: 'Object Repository/Page_KiboPush  Sign In/a_Login' is clicked on

2018-08-10 14:30:37 - [TEST_STEP][PASSED] - click: Object: 'Object Repository/Page_KiboPush  Sign In/button_Team Account' is clicked on

2018-08-10 14:30:43 - [MESSAGE][PASSED] - Object: 'Object Repository/Page_KiboPush  Sign In/button_Team Account' is clicked on

2018-08-10 14:30:43 - [TEST_STEP][PASSED] - setText: Text 'kibopush.com' is set on object 'Object Repository/Page_KiboPush  Sign In/input_form-control m-input'

2018-08-10 14:30:43 - [MESSAGE][PASSED] - Text 'kibopush.com' is set on object 'Object Repository/Page_KiboPush  Sign In/input_form-control m-input'

2018-08-10 14:30:43 - [TEST_STEP][PASSED] - setText: Text 'bjafri5@gmail.com' is set on object 'Object Repository/Page_KiboPush  Sign In/input_form-control m-input_1'

2018-08-10 14:30:44 - [MESSAGE][PASSED] - Text 'bjafri5@gmail.com' is set on object 'Object Repository/Page_KiboPush  Sign In/input_form-control m-input_1'

2018-08-10 14:30:44 - [TEST_STEP][PASSED] - setEncryptedText: Text ****** has been set on object 'Object Repository/Page_KiboPush  Sign In/input_form-control m-input_2'

2018-08-10 14:30:44 - [MESSAGE][PASSED] - Text ****** has been set on object 'Object Repository/Page_KiboPush  Sign In/input_form-control m-input_2'

2018-08-10 14:30:44 - [TEST_STEP][PASSED] - click: Object: 'Object Repository/Page_KiboPush  Sign In/button_Sign In' is clicked on

2018-08-10 14:30:44 - [MESSAGE][PASSED] - Object: 'Object Repository/Page_KiboPush  Sign In/button_Sign In' is clicked on

2018-08-10 14:30:44 - [MESSAGE][PASSED] - Call Test Case 'Test Cases/Login' successfully

2018-08-10 14:30:44 - [TEST_STEP][PASSED] - click: Object: 'Object Repository/Page_KiboPush  Dashboard/span_Broadcasts' is clicked on

2018-08-10 14:30:47 - [MESSAGE][PASSED] - Object: 'Object Repository/Page_KiboPush  Dashboard/span_Broadcasts' is clicked on

2018-08-10 14:30:47 - [TEST_STEP][PASSED] - click: Object: 'Object Repository/Page_KiboPush  Broadcast/span_Create New Broadcast' is clicked on

2018-08-10 14:30:47 - [MESSAGE][PASSED] - Object: 'Object Repository/Page_KiboPush  Broadcast/span_Create New Broadcast' is clicked on

2018-08-10 14:30:47 - [TEST_STEP][PASSED] - click: Object: 'Object Repository/Page_KiboPush  Broadcast/a_Create New Broadcast' is clicked on

2018-08-10 14:30:48 - [MESSAGE][PASSED] - Object: 'Object Repository/Page_KiboPush  Broadcast/a_Create New Broadcast' is clicked on

2018-08-10 14:30:48 - [TEST_STEP][PASSED] - delay: Delayed 1 second(s)

2018-08-10 14:30:49 - [MESSAGE][PASSED] - Delayed 1 second(s)

2018-08-10 14:30:49 - [TEST_STEP][PASSED] - click: Object: 'Object Repository/Page_KiboPush  Create Broadcast/div_Text' is clicked on

2018-08-10 14:30:55 - [MESSAGE][PASSED] - Object: 'Object Repository/Page_KiboPush  Create Broadcast/div_Text' is clicked on

2018-08-10 14:30:55 - [TEST_STEP][PASSED] - click: Object: 'Object Repository/Page_KiboPush  Create Broadcast/div_ Add Button' is clicked on

2018-08-10 14:31:00 - [MESSAGE][PASSED] - Object: 'Object Repository/Page_KiboPush  Create Broadcast/div_ Add Button' is clicked on

2018-08-10 14:31:00 - [TEST_STEP][PASSED] - setText: Text 'KiboPush' is set on object 'Object Repository/Page_KiboPush  Create Broadcast/input_form-control (9)'

2018-08-10 14:31:00 - [MESSAGE][PASSED] - Text 'KiboPush' is set on object 'Object Repository/Page_KiboPush  Create Broadcast/input_form-control (9)'

2018-08-10 14:31:00 - [TEST_STEP][PASSED] - click: Object: 'Object Repository/Page_KiboPush  Create Broadcast/div_Open a website (5)' is clicked on

2018-08-10 14:31:05 - [MESSAGE][PASSED] - Object: 'Object Repository/Page_KiboPush  Create Broadcast/div_Open a website (5)' is clicked on

2018-08-10 14:31:05 - [TEST_STEP][PASSED] - setText: Text 'kibopush.com' is set on object 'Object Repository/Page_KiboPush  Create Broadcast/input_form-control_1 (5)'

2018-08-10 14:31:05 - [MESSAGE][PASSED] - Text 'kibopush.com' is set on object 'Object Repository/Page_KiboPush  Create Broadcast/input_form-control_1 (5)'

2018-08-10 14:31:05 - [TEST_STEP][PASSED] - click: Object: 'Object Repository/Page_KiboPush  Create Broadcast/button_Done (5)' is clicked on

2018-08-10 14:31:08 - [MESSAGE][PASSED] - Object: 'Object Repository/Page_KiboPush  Create Broadcast/button_Done (5)' is clicked on

2018-08-10 14:31:08 - [MESSAGE][PASSED] - Call Test Case 'Test Cases/TC0133' successfully

2018-08-10 14:31:08 - [TEST_STEP][PASSED] - verifyElementPresent: Object 'Object Repository/Page_KiboPush  Create Broadcast/button_KiboPush' is present

2018-08-10 14:31:08 - [MESSAGE][PASSED] - Object 'Object Repository/Page_KiboPush  Create Broadcast/button_KiboPush' is present

2018-08-10 14:31:08 - [TEST_STEP][PASSED] - click: Object: 'Object Repository/Page_KiboPush  Create Broadcast/button_KiboPush' is clicked on

2018-08-10 14:31:08 - [MESSAGE][PASSED] - Object: 'Object Repository/Page_KiboPush  Create Broadcast/button_KiboPush' is clicked on

2018-08-10 14:31:08 - [TEST_STEP][PASSED] - click: Object: 'Object Repository/Page_KiboPush  Create Broadcast/button_Remove' is clicked on

2018-08-10 14:31:09 - [MESSAGE][PASSED] - Object: 'Object Repository/Page_KiboPush  Create Broadcast/button_Remove' is clicked on

2018-08-10 14:31:09 - [TEST_STEP][PASSED] - verifyElementNotPresent: Web element with id: 'Object Repository/Page_KiboPush  Create Broadcast/button_KiboPush' located by 'By.xpath: //button[(text() = 'KiboPush' or . = 'KiboPush')]' is not present after '5' second(s)

2018-08-10 14:31:09 - [MESSAGE][PASSED] - Web element with id: 'Object Repository/Page_KiboPush  Create Broadcast/button_KiboPush' located by 'By.xpath: //button[(text() = 'KiboPush' or . = 'KiboPush')]' is not present after '5' second(s)]]></system-out>
         <system-err><![CDATA[]]></system-err>
      </testcase>
      <testcase name="Test Cases/TC0196" classname="Test Cases/TC0196" status="PASSED">
         <system-out><![CDATA[2018-08-10 14:31:09 - [TEST_CASE][PASSED] - Test Cases/TC0196: Test Cases/TC0196

2018-08-10 14:31:09 - [TEST_STEP][PASSED] - callTestCase: Call Test Case 'Test Cases/TC0131' successfully

2018-08-10 14:31:09 - [TEST_CASE][PASSED] - Test Cases/TC0131: Test Cases/TC0131

2018-08-10 14:31:09 - [TEST_STEP][PASSED] - callTestCase: Call Test Case 'Test Cases/Login' successfully

2018-08-10 14:31:09 - [TEST_CASE][PASSED] - Test Cases/Login: Test Cases/Login

2018-08-10 14:31:09 - [TEST_STEP][PASSED] - openBrowser: Browser is opened with url: ''

2018-08-10 14:31:09 - [MESSAGE][WARNING] - A browser is already opened. Closing browser and opening a new one

2018-08-10 14:31:10 - [MESSAGE][PASSED] - Browser is opened with url: ''

2018-08-10 14:31:10 - [TEST_STEP][PASSED] - navigateToUrl: Navigate to 'https://staging.kibopush.com/' successfully

2018-08-10 14:31:21 - [MESSAGE][PASSED] - Navigate to 'https://staging.kibopush.com/' successfully

2018-08-10 14:31:21 - [TEST_STEP][PASSED] - click: Object: 'Object Repository/Page_KiboPush  Sign In/a_Login' is clicked on

2018-08-10 14:31:27 - [MESSAGE][PASSED] - Object: 'Object Repository/Page_KiboPush  Sign In/a_Login' is clicked on

2018-08-10 14:31:27 - [TEST_STEP][PASSED] - click: Object: 'Object Repository/Page_KiboPush  Sign In/button_Team Account' is clicked on

2018-08-10 14:31:32 - [MESSAGE][PASSED] - Object: 'Object Repository/Page_KiboPush  Sign In/button_Team Account' is clicked on

2018-08-10 14:31:32 - [TEST_STEP][PASSED] - setText: Text 'kibopush.com' is set on object 'Object Repository/Page_KiboPush  Sign In/input_form-control m-input'

2018-08-10 14:31:32 - [MESSAGE][PASSED] - Text 'kibopush.com' is set on object 'Object Repository/Page_KiboPush  Sign In/input_form-control m-input'

2018-08-10 14:31:32 - [TEST_STEP][PASSED] - setText: Text 'bjafri5@gmail.com' is set on object 'Object Repository/Page_KiboPush  Sign In/input_form-control m-input_1'

2018-08-10 14:31:33 - [MESSAGE][PASSED] - Text 'bjafri5@gmail.com' is set on object 'Object Repository/Page_KiboPush  Sign In/input_form-control m-input_1'

2018-08-10 14:31:33 - [TEST_STEP][PASSED] - setEncryptedText: Text ****** has been set on object 'Object Repository/Page_KiboPush  Sign In/input_form-control m-input_2'

2018-08-10 14:31:33 - [MESSAGE][PASSED] - Text ****** has been set on object 'Object Repository/Page_KiboPush  Sign In/input_form-control m-input_2'

2018-08-10 14:31:33 - [TEST_STEP][PASSED] - click: Object: 'Object Repository/Page_KiboPush  Sign In/button_Sign In' is clicked on

2018-08-10 14:31:38 - [MESSAGE][PASSED] - Object: 'Object Repository/Page_KiboPush  Sign In/button_Sign In' is clicked on

2018-08-10 14:31:38 - [MESSAGE][PASSED] - Call Test Case 'Test Cases/Login' successfully

2018-08-10 14:31:38 - [TEST_STEP][PASSED] - click: Object: 'Object Repository/Page_KiboPush  Dashboard/span_Broadcasts' is clicked on

2018-08-10 14:31:46 - [MESSAGE][PASSED] - Object: 'Object Repository/Page_KiboPush  Dashboard/span_Broadcasts' is clicked on

2018-08-10 14:31:46 - [TEST_STEP][PASSED] - click: Object: 'Object Repository/Page_KiboPush  Broadcast/span_Create New Broadcast' is clicked on

2018-08-10 14:31:51 - [MESSAGE][PASSED] - Object: 'Object Repository/Page_KiboPush  Broadcast/span_Create New Broadcast' is clicked on

2018-08-10 14:31:51 - [TEST_STEP][PASSED] - click: Object: 'Object Repository/Page_KiboPush  Broadcast/a_Create New Broadcast' is clicked on

2018-08-10 14:31:56 - [MESSAGE][PASSED] - Object: 'Object Repository/Page_KiboPush  Broadcast/a_Create New Broadcast' is clicked on

2018-08-10 14:31:56 - [TEST_STEP][PASSED] - delay: Delayed 1 second(s)

2018-08-10 14:31:57 - [MESSAGE][PASSED] - Delayed 1 second(s)

2018-08-10 14:31:57 - [TEST_STEP][PASSED] - click: Object: 'Object Repository/Page_KiboPush  Create Broadcast/div_Text_1' is clicked on

2018-08-10 14:32:03 - [MESSAGE][PASSED] - Object: 'Object Repository/Page_KiboPush  Create Broadcast/div_Text_1' is clicked on

2018-08-10 14:32:03 - [TEST_STEP][PASSED] - verifyElementPresent: Object 'Object Repository/Page_KiboPush  Create Broadcast/text_component' is present

2018-08-10 14:32:03 - [MESSAGE][PASSED] - Object 'Object Repository/Page_KiboPush  Create Broadcast/text_component' is present

2018-08-10 14:32:03 - [MESSAGE][PASSED] - Call Test Case 'Test Cases/TC0131' successfully

2018-08-10 14:32:03 - [TEST_STEP][PASSED] - click: Object: 'Object Repository/Page_KiboPush  Create Broadcast/div_Text' is clicked on

2018-08-10 14:32:08 - [MESSAGE][PASSED] - Object: 'Object Repository/Page_KiboPush  Create Broadcast/div_Text' is clicked on

2018-08-10 14:32:08 - [TEST_STEP][PASSED] - verifyElementPresent: Object 'Object Repository/Page_KiboPush  Create Broadcast/text_component' is present

2018-08-10 14:32:08 - [MESSAGE][PASSED] - Object 'Object Repository/Page_KiboPush  Create Broadcast/text_component' is present

2018-08-10 14:32:08 - [TEST_STEP][PASSED] - click: Object: 'Object Repository/Page_KiboPush  Create Broadcast/button_Reset (1)' is clicked on

2018-08-10 14:32:14 - [MESSAGE][PASSED] - Object: 'Object Repository/Page_KiboPush  Create Broadcast/button_Reset (1)' is clicked on

2018-08-10 14:32:14 - [TEST_STEP][PASSED] - click: Object: 'Object Repository/Page_KiboPush  Create Broadcast/button_Yes' is clicked on

2018-08-10 14:32:19 - [MESSAGE][PASSED] - Object: 'Object Repository/Page_KiboPush  Create Broadcast/button_Yes' is clicked on

2018-08-10 14:32:19 - [TEST_STEP][PASSED] - verifyElementNotPresent: Web element with id: 'Object Repository/Page_KiboPush  Create Broadcast/text_component' located by 'By.xpath: //*[@id="tab_1"]/div/div[2]/div[2]/div/div[2]/textarea' is not present after '5' second(s)

2018-08-10 14:32:19 - [MESSAGE][PASSED] - Web element with id: 'Object Repository/Page_KiboPush  Create Broadcast/text_component' located by 'By.xpath: //*[@id="tab_1"]/div/div[2]/div[2]/div/div[2]/textarea' is not present after '5' second(s)]]></system-out>
         <system-err><![CDATA[]]></system-err>
      </testcase>
      <testcase name="Test Cases/TC0204" classname="Test Cases/TC0204" status="PASSED">
         <system-out><![CDATA[2018-08-10 14:32:19 - [TEST_CASE][PASSED] - Test Cases/TC0204: Test Cases/TC0204

2018-08-10 14:32:19 - [TEST_STEP][PASSED] - callTestCase: Call Test Case 'Test Cases/TC0131' successfully

2018-08-10 14:32:19 - [TEST_CASE][PASSED] - Test Cases/TC0131: Test Cases/TC0131

2018-08-10 14:32:19 - [TEST_STEP][PASSED] - callTestCase: Call Test Case 'Test Cases/Login' successfully

2018-08-10 14:32:19 - [TEST_CASE][PASSED] - Test Cases/Login: Test Cases/Login

2018-08-10 14:32:19 - [TEST_STEP][PASSED] - openBrowser: Browser is opened with url: ''

2018-08-10 14:32:19 - [MESSAGE][WARNING] - A browser is already opened. Closing browser and opening a new one

2018-08-10 14:32:20 - [MESSAGE][PASSED] - Browser is opened with url: ''

2018-08-10 14:32:20 - [TEST_STEP][PASSED] - navigateToUrl: Navigate to 'https://staging.kibopush.com/' successfully

2018-08-10 14:32:33 - [MESSAGE][PASSED] - Navigate to 'https://staging.kibopush.com/' successfully

2018-08-10 14:32:33 - [TEST_STEP][PASSED] - click: Object: 'Object Repository/Page_KiboPush  Sign In/a_Login' is clicked on

2018-08-10 14:32:33 - [MESSAGE][PASSED] - Object: 'Object Repository/Page_KiboPush  Sign In/a_Login' is clicked on

2018-08-10 14:32:33 - [TEST_STEP][PASSED] - click: Object: 'Object Repository/Page_KiboPush  Sign In/button_Team Account' is clicked on

2018-08-10 14:32:33 - [MESSAGE][PASSED] - Object: 'Object Repository/Page_KiboPush  Sign In/button_Team Account' is clicked on

2018-08-10 14:32:33 - [TEST_STEP][PASSED] - setText: Text 'kibopush.com' is set on object 'Object Repository/Page_KiboPush  Sign In/input_form-control m-input'

2018-08-10 14:32:33 - [MESSAGE][PASSED] - Text 'kibopush.com' is set on object 'Object Repository/Page_KiboPush  Sign In/input_form-control m-input'

2018-08-10 14:32:33 - [TEST_STEP][PASSED] - setText: Text 'bjafri5@gmail.com' is set on object 'Object Repository/Page_KiboPush  Sign In/input_form-control m-input_1'

2018-08-10 14:32:34 - [MESSAGE][PASSED] - Text 'bjafri5@gmail.com' is set on object 'Object Repository/Page_KiboPush  Sign In/input_form-control m-input_1'

2018-08-10 14:32:34 - [TEST_STEP][PASSED] - setEncryptedText: Text ****** has been set on object 'Object Repository/Page_KiboPush  Sign In/input_form-control m-input_2'

2018-08-10 14:32:34 - [MESSAGE][PASSED] - Text ****** has been set on object 'Object Repository/Page_KiboPush  Sign In/input_form-control m-input_2'

2018-08-10 14:32:34 - [TEST_STEP][PASSED] - click: Object: 'Object Repository/Page_KiboPush  Sign In/button_Sign In' is clicked on

2018-08-10 14:32:34 - [MESSAGE][PASSED] - Object: 'Object Repository/Page_KiboPush  Sign In/button_Sign In' is clicked on

2018-08-10 14:32:34 - [MESSAGE][PASSED] - Call Test Case 'Test Cases/Login' successfully

2018-08-10 14:32:34 - [TEST_STEP][PASSED] - click: Object: 'Object Repository/Page_KiboPush  Dashboard/span_Broadcasts' is clicked on

2018-08-10 14:32:36 - [MESSAGE][PASSED] - Object: 'Object Repository/Page_KiboPush  Dashboard/span_Broadcasts' is clicked on

2018-08-10 14:32:36 - [TEST_STEP][PASSED] - click: Object: 'Object Repository/Page_KiboPush  Broadcast/span_Create New Broadcast' is clicked on

2018-08-10 14:32:36 - [MESSAGE][PASSED] - Object: 'Object Repository/Page_KiboPush  Broadcast/span_Create New Broadcast' is clicked on

2018-08-10 14:32:36 - [TEST_STEP][PASSED] - click: Object: 'Object Repository/Page_KiboPush  Broadcast/a_Create New Broadcast' is clicked on

2018-08-10 14:32:36 - [MESSAGE][PASSED] - Object: 'Object Repository/Page_KiboPush  Broadcast/a_Create New Broadcast' is clicked on

2018-08-10 14:32:36 - [TEST_STEP][PASSED] - delay: Delayed 1 second(s)

2018-08-10 14:32:37 - [MESSAGE][PASSED] - Delayed 1 second(s)

2018-08-10 14:32:37 - [TEST_STEP][PASSED] - click: Object: 'Object Repository/Page_KiboPush  Create Broadcast/div_Text_1' is clicked on

2018-08-10 14:32:37 - [MESSAGE][PASSED] - Object: 'Object Repository/Page_KiboPush  Create Broadcast/div_Text_1' is clicked on

2018-08-10 14:32:37 - [TEST_STEP][PASSED] - verifyElementPresent: Object 'Object Repository/Page_KiboPush  Create Broadcast/text_component' is present

2018-08-10 14:32:38 - [MESSAGE][PASSED] - Object 'Object Repository/Page_KiboPush  Create Broadcast/text_component' is present

2018-08-10 14:32:38 - [MESSAGE][PASSED] - Call Test Case 'Test Cases/TC0131' successfully

2018-08-10 14:32:38 - [TEST_STEP][PASSED] - click: Object: 'Object Repository/Page_KiboPush  Create Broadcast/div_Text' is clicked on

2018-08-10 14:32:38 - [MESSAGE][PASSED] - Object: 'Object Repository/Page_KiboPush  Create Broadcast/div_Text' is clicked on

2018-08-10 14:32:38 - [TEST_STEP][PASSED] - verifyElementPresent: Object 'Object Repository/Page_KiboPush  Create Broadcast/text_component' is present

2018-08-10 14:32:38 - [MESSAGE][PASSED] - Object 'Object Repository/Page_KiboPush  Create Broadcast/text_component' is present

2018-08-10 14:32:38 - [TEST_STEP][PASSED] - verifyElementPresent: Object 'Object Repository/Page_KiboPush  Create Broadcast/text_component1' is present

2018-08-10 14:32:38 - [MESSAGE][PASSED] - Object 'Object Repository/Page_KiboPush  Create Broadcast/text_component1' is present

2018-08-10 14:32:38 - [TEST_STEP][PASSED] - click: Object: 'Object Repository/Page_KiboPush  Create Broadcast/button_Reset' is clicked on

2018-08-10 14:32:38 - [MESSAGE][PASSED] - Object: 'Object Repository/Page_KiboPush  Create Broadcast/button_Reset' is clicked on

2018-08-10 14:32:38 - [TEST_STEP][PASSED] - click: Object: 'Object Repository/Page_KiboPush  Create Broadcast/button_Yes' is clicked on

2018-08-10 14:32:38 - [MESSAGE][PASSED] - Object: 'Object Repository/Page_KiboPush  Create Broadcast/button_Yes' is clicked on

2018-08-10 14:32:38 - [TEST_STEP][PASSED] - verifyElementNotPresent: Web element with id: 'Object Repository/Page_KiboPush  Create Broadcast/text_component' located by 'By.xpath: //*[@id="tab_1"]/div/div[2]/div[2]/div/div[2]/textarea' is not present after '5' second(s)

2018-08-10 14:32:38 - [MESSAGE][PASSED] - Web element with id: 'Object Repository/Page_KiboPush  Create Broadcast/text_component' located by 'By.xpath: //*[@id="tab_1"]/div/div[2]/div[2]/div/div[2]/textarea' is not present after '5' second(s)

2018-08-10 14:32:38 - [TEST_STEP][PASSED] - verifyElementNotPresent: Web element with id: 'Object Repository/Page_KiboPush  Create Broadcast/text_component1' located by 'By.xpath: //*[@id="tab_1"]/div/div[2]/div[2]/div[2]/div[2]/textarea' is not present after '5' second(s)

2018-08-10 14:32:38 - [MESSAGE][PASSED] - Web element with id: 'Object Repository/Page_KiboPush  Create Broadcast/text_component1' located by 'By.xpath: //*[@id="tab_1"]/div/div[2]/div[2]/div[2]/div[2]/textarea' is not present after '5' second(s)]]></system-out>
         <system-err><![CDATA[]]></system-err>
      </testcase>
      <system-out><![CDATA[2018-08-10 14:06:14 - [TEST_SUITE][ERROR] - KiboPush Broadcasts: Test Cases/TC0122 FAILED because (of) org.openqa.selenium.NoSuchElementException: no such element: Unable to locate element: {"method":"xpath","selector":"//table/tbody"}
  (Session info: chrome=68.0.3440.106)
  (Driver info: chromedriver=2.35.528157 (4429ca2590d6988c0745c24c8858745aaaec01ef),platform=Mac OS X 10.13.1 x86_64) (WARNING: The server did not provide any stacktrace information)
Command duration or timeout: 0 milliseconds
For documentation on this error, please visit: http://seleniumhq.org/exceptions/no_such_element.html
Build info: version: '3.7.1', revision: '8a0099a', time: '2017-11-06T21:07:36.161Z'
System info: host: 'Baqars-MacBook-Pro.local', ip: 'fe80:0:0:0:86b:36f2:e832:f5d1%en0', os.name: 'Mac OS X', os.arch: 'x86_64', os.version: '10.13.1', java.version: '1.8.0_102'
Driver info: com.kms.katalon.selenium.driver.CChromeDriver
Capabilities {acceptInsecureCerts: false, acceptSslCerts: false, applicationCacheEnabled: false, browserConnectionEnabled: false, browserName: chrome, chrome: {chromedriverVersion: 2.35.528157 (4429ca2590d698..., userDataDir: /var/folders/d9/974yd97x407...}, cssSelectorsEnabled: true, databaseEnabled: false, handlesAlerts: true, hasTouchScreen: false, javascriptEnabled: true, locationContextEnabled: true, mobileEmulationEnabled: false, nativeEvents: true, networkConnectionEnabled: false, pageLoadStrategy: normal, platform: MAC, platformName: MAC, rotatable: false, setWindowRect: true, takesHeapSnapshot: true, takesScreenshot: true, unexpectedAlertBehaviour: , unhandledPromptBehavior: , version: 68.0.3440.106, webStorageEnabled: true}
Session ID: 026a0edb7cb9ee408dba689343f5dfba
*** Element info: {Using=xpath, value=//table/tbody}]]></system-out>
      <system-err><![CDATA[2018-08-10 14:06:14 - [TEST_SUITE][ERROR] - KiboPush Broadcasts: Test Cases/TC0122 FAILED because (of) org.openqa.selenium.NoSuchElementException: no such element: Unable to locate element: {"method":"xpath","selector":"//table/tbody"}
  (Session info: chrome=68.0.3440.106)
  (Driver info: chromedriver=2.35.528157 (4429ca2590d6988c0745c24c8858745aaaec01ef),platform=Mac OS X 10.13.1 x86_64) (WARNING: The server did not provide any stacktrace information)
Command duration or timeout: 0 milliseconds
For documentation on this error, please visit: http://seleniumhq.org/exceptions/no_such_element.html
Build info: version: '3.7.1', revision: '8a0099a', time: '2017-11-06T21:07:36.161Z'
System info: host: 'Baqars-MacBook-Pro.local', ip: 'fe80:0:0:0:86b:36f2:e832:f5d1%en0', os.name: 'Mac OS X', os.arch: 'x86_64', os.version: '10.13.1', java.version: '1.8.0_102'
Driver info: com.kms.katalon.selenium.driver.CChromeDriver
Capabilities {acceptInsecureCerts: false, acceptSslCerts: false, applicationCacheEnabled: false, browserConnectionEnabled: false, browserName: chrome, chrome: {chromedriverVersion: 2.35.528157 (4429ca2590d698..., userDataDir: /var/folders/d9/974yd97x407...}, cssSelectorsEnabled: true, databaseEnabled: false, handlesAlerts: true, hasTouchScreen: false, javascriptEnabled: true, locationContextEnabled: true, mobileEmulationEnabled: false, nativeEvents: true, networkConnectionEnabled: false, pageLoadStrategy: normal, platform: MAC, platformName: MAC, rotatable: false, setWindowRect: true, takesHeapSnapshot: true, takesScreenshot: true, unexpectedAlertBehaviour: , unhandledPromptBehavior: , version: 68.0.3440.106, webStorageEnabled: true}
Session ID: 026a0edb7cb9ee408dba689343f5dfba
*** Element info: {Using=xpath, value=//table/tbody}]]></system-err>
   </testsuite>
</testsuites>
