<?xml version="1.0" encoding="UTF-8"?>
<testsuites name="Messenger Ref URL" time="68" tests="13" failures="0" errors="0">
   <testsuite name="Messenger Ref URL" tests="13" failures="0" errors="0" time="68" timestamp="2019-04-30 10:48:33" hostname="cloudkibo-faizan - cloudkibo-faizan" id="Test Suites/Faizan Suits/Messenger Ref URL">
      <properties>
         <property name="deviceName" value=""/>
         <property name="devicePlatform" value=""/>
         <property name="logFolder" value="/home/cloudkibo-faizan/Drive/KiboPush_Automated_Testing/Reports/Faizan Suits/Messenger Ref URL/20190430_102018"/>
         <property name="logFiles" value="/home/cloudkibo-faizan/Drive/KiboPush_Automated_Testing/Reports/Faizan Suits/Messenger Ref URL/20190430_102018/execution0.log"/>
         <property name="attachments" value=""/>
         <property name="hostName" value="cloudkibo-faizan - cloudkibo-faizan"/>
         <property name="os" value="Linux 64bit"/>
         <property name="katalonVersion" value="6.0.6.4"/>
         <property name="browser" value="Chrome 73.0.3683.75"/>
         <property name="hostAddress" value="127.0.1.1"/>
         <property name="sessionId" value="3a4a28325d59fa4c0c9ea3e09acb56de"/>
         <property name="seleniumVersion" value="3.7.1"/>
         <property name="proxyInformation" value="ProxyInformation{proxyOption=NO_PROXY, proxyServerType=HTTP, password=, proxyServerAddress=, proxyServerPort=0}"/>
         <property name="platform" value="Linux"/>
      </properties>
      <testcase name="Test Cases/s-sidebar_navigation/individualAccount/Faizan_production_login_kiboengage" classname="Test Cases/s-sidebar_navigation/individualAccount/Faizan_production_login_kiboengage" status="PASSED">
         <system-out><![CDATA[2019-04-30 10:48:33 - [TEST_CASE][PASSED] - Test Cases/s-sidebar_navigation/individualAccount/Faizan_production_login_kiboengage: Test Cases/s-sidebar_navigation/individualAccount/Faizan_production_login_kiboengage

2019-04-30 10:48:33 - [TEST_STEP][PASSED] - openBrowser(""): Browser is opened with url: ''

2019-04-30 10:48:33 - [MESSAGE][INFO] - Starting 'Chrome' driver

2019-04-30 10:48:33 - [MESSAGE][INFO] - User set preference: ['args', '[--no-sandbox]']

2019-04-30 10:48:33 - [MESSAGE][INFO] - Action delay is set to 0 seconds

2019-04-30 10:48:34 - [MESSAGE][PASSED] - Browser is opened with url: ''

2019-04-30 10:48:34 - [TEST_STEP][PASSED] - maximizeWindow(): Current window maximized

2019-04-30 10:48:34 - [MESSAGE][PASSED] - Current window maximized

2019-04-30 10:48:34 - [TEST_STEP][PASSED] - navigateToUrl("https://kiboengage.cloudkibo.com/"): Navigate to 'https://kiboengage.cloudkibo.com/' successfully

2019-04-30 10:48:49 - [MESSAGE][PASSED] - Navigate to 'https://kiboengage.cloudkibo.com/' successfully

2019-04-30 10:48:49 - [TEST_STEP][PASSED] - navigateToUrl("https://accounts.cloudkibo.com/?continue=https://kiboengage.cloudkibo.com"): Navigate to 'https://accounts.cloudkibo.com/?continue=https://kiboengage.cloudkibo.com' successfully

2019-04-30 10:48:50 - [MESSAGE][PASSED] - Navigate to 'https://accounts.cloudkibo.com/?continue=https://kiboengage.cloudkibo.com' successfully

2019-04-30 10:48:50 - [TEST_STEP][PASSED] - click(findTestObject("Page_CloudKibo/a_Login (2) (1) (1)")): Object: 'Object Repository/Page_CloudKibo/a_Login (2) (1) (1)' is clicked on

2019-04-30 10:48:51 - [MESSAGE][PASSED] - Object: 'Object Repository/Page_CloudKibo/a_Login (2) (1) (1)' is clicked on

2019-04-30 10:48:51 - [TEST_STEP][PASSED] - setText(findTestObject("Page_KiboPush/input_email (10) (1) (1)"), "faizan@cloudkibo.com"): Text 'faizan@cloudkibo.com' is set on object 'Object Repository/Page_KiboPush/input_email (10) (1) (1)'

2019-04-30 10:48:51 - [MESSAGE][PASSED] - Text 'faizan@cloudkibo.com' is set on object 'Object Repository/Page_KiboPush/input_email (10) (1) (1)'

2019-04-30 10:48:51 - [TEST_STEP][PASSED] - setEncryptedText(findTestObject("Page_CloudKibo/input_Sign In_password (7)"), "qeJ0sjJnwEs="): Text ****** has been set on object 'Object Repository/Page_CloudKibo/input_Sign In_password (7)'

2019-04-30 10:48:51 - [MESSAGE][PASSED] - Text ****** has been set on object 'Object Repository/Page_CloudKibo/input_Sign In_password (7)'

2019-04-30 10:48:51 - [TEST_STEP][PASSED] - click(findTestObject("Page_KiboPush/button_Sign In (10) (1) (2)")): Object: 'Object Repository/Page_KiboPush/button_Sign In (10) (1) (2)' is clicked on

2019-04-30 10:48:51 - [MESSAGE][PASSED] - Object: 'Object Repository/Page_KiboPush/button_Sign In (10) (1) (2)' is clicked on

2019-04-30 10:48:51 - [TEST_STEP][PASSED] - navigateToUrl("https://kiboengage.cloudkibo.com/dashboard"): Navigate to 'https://kiboengage.cloudkibo.com/dashboard' successfully

2019-04-30 10:49:10 - [MESSAGE][PASSED] - Navigate to 'https://kiboengage.cloudkibo.com/dashboard' successfully

2019-04-30 10:49:10 - [TEST_STEP][PASSED] - click(findTestObject("Page_KiboPush  Dashboard/h3_Dashboard (57)")): Object: 'Object Repository/Page_KiboPush  Dashboard/h3_Dashboard (57)' is clicked on

2019-04-30 10:49:10 - [MESSAGE][PASSED] - Object: 'Object Repository/Page_KiboPush  Dashboard/h3_Dashboard (57)' is clicked on

2019-04-30 10:49:10 - [TEST_STEP][PASSED] - delay(3): Delayed 3 second(s)

2019-04-30 10:49:13 - [MESSAGE][PASSED] - Delayed 3 second(s)

2019-04-30 10:49:13 - [TEST_STEP][PASSED] - click(findTestObject("Page_KiboEngage  Dashboard/a_SMS (2) (1) (1) (1) (3)")): Object: 'Object Repository/Page_KiboEngage  Dashboard/a_SMS (2) (1) (1) (1) (3)' is clicked on

2019-04-30 10:49:14 - [MESSAGE][PASSED] - Object: 'Object Repository/Page_KiboEngage  Dashboard/a_SMS (2) (1) (1) (1) (3)' is clicked on

2019-04-30 10:49:14 - [TEST_STEP][PASSED] - click(findTestObject("Page_KiboEngage  Dashboard/span_Messenger (1) (1) (1) (3)")): Object: 'Object Repository/Page_KiboEngage  Dashboard/span_Messenger (1) (1) (1) (3)' is clicked on

2019-04-30 10:49:14 - [MESSAGE][PASSED] - Object: 'Object Repository/Page_KiboEngage  Dashboard/span_Messenger (1) (1) (1) (3)' is clicked on]]></system-out>
         <system-err><![CDATA[]]></system-err>
      </testcase>
      <testcase name="Test Cases/Invite subscribers/open growth tools" classname="Test Cases/Invite subscribers/open growth tools" status="PASSED">
         <system-out><![CDATA[2019-04-30 10:49:14 - [TEST_CASE][PASSED] - Test Cases/Invite subscribers/open growth tools: Test Cases/Invite subscribers/open growth tools

2019-04-30 10:49:14 - [TEST_STEP][PASSED] - click(findTestObject("Object Repository/Page_KiboPush  Dashboard/span_Growth Tools (3)")): Object: 'Object Repository/Page_KiboPush  Dashboard/span_Growth Tools (3)' is clicked on

2019-04-30 10:49:15 - [MESSAGE][PASSED] - Object: 'Object Repository/Page_KiboPush  Dashboard/span_Growth Tools (3)' is clicked on

2019-04-30 10:49:15 - [TEST_STEP][PASSED] - delay(1): Delayed 1 second(s)

2019-04-30 10:49:16 - [MESSAGE][PASSED] - Delayed 1 second(s)]]></system-out>
         <system-err><![CDATA[]]></system-err>
      </testcase>
      <testcase name="Test Cases/Messenger Ref URL/TC11223" classname="Test Cases/Messenger Ref URL/TC11223" status="PASSED">
         <system-out><![CDATA[2019-04-30 10:49:16 - [TEST_CASE][PASSED] - Test Cases/Messenger Ref URL/TC11223: Test Cases/Messenger Ref URL/TC11223

2019-04-30 10:49:16 - [TEST_STEP][PASSED] - callTestCase(findTestCase("s-sidebar_navigation/individualAccount/Messenger Ref URL"), [:], STOP_ON_FAILURE): Call Test Case 'Test Cases/s-sidebar_navigation/individualAccount/Messenger Ref URL' successfully

2019-04-30 10:49:16 - [TEST_CASE][PASSED] - Test Cases/s-sidebar_navigation/individualAccount/Messenger Ref URL: Test Cases/s-sidebar_navigation/individualAccount/Messenger Ref URL

2019-04-30 10:49:16 - [TEST_STEP][PASSED] - click(findTestObject("Object Repository/Page_KiboPush  Dashboard/span_Invite Subscribers")): Object: 'Object Repository/Page_KiboPush  Dashboard/span_Invite Subscribers' is clicked on

2019-04-30 10:49:16 - [MESSAGE][PASSED] - Object: 'Object Repository/Page_KiboPush  Dashboard/span_Invite Subscribers' is clicked on

2019-04-30 10:49:16 - [TEST_STEP][PASSED] - delay(1): Delayed 1 second(s)

2019-04-30 10:49:17 - [MESSAGE][PASSED] - Delayed 1 second(s)

2019-04-30 10:49:17 - [TEST_STEP][PASSED] - click(findTestObject("Object Repository/Page_KiboEngage  Dashboard/span_Messenger Code")): Object: 'Object Repository/Page_KiboEngage  Dashboard/span_Messenger Code' is clicked on

2019-04-30 10:49:17 - [MESSAGE][PASSED] - Object: 'Object Repository/Page_KiboEngage  Dashboard/span_Messenger Code' is clicked on

2019-04-30 10:49:17 - [TEST_STEP][PASSED] - delay(1): Delayed 1 second(s)

2019-04-30 10:49:18 - [MESSAGE][PASSED] - Delayed 1 second(s)

2019-04-30 10:49:18 - [MESSAGE][PASSED] - Call Test Case 'Test Cases/s-sidebar_navigation/individualAccount/Messenger Ref URL' successfully]]></system-out>
         <system-err><![CDATA[]]></system-err>
      </testcase>
      <testcase name="Test Cases/Messenger Ref URL/TC11224" classname="Test Cases/Messenger Ref URL/TC11224" status="PASSED">
         <system-out><![CDATA[2019-04-30 10:49:18 - [TEST_CASE][PASSED] - Test Cases/Messenger Ref URL/TC11224: Test Cases/Messenger Ref URL/TC11224

2019-04-30 10:49:18 - [TEST_STEP][PASSED] - callTestCase(findTestCase("s-sidebar_navigation/individualAccount/Messenger Ref URL"), [:], STOP_ON_FAILURE): Call Test Case 'Test Cases/s-sidebar_navigation/individualAccount/Messenger Ref URL' successfully

2019-04-30 10:49:18 - [TEST_CASE][PASSED] - Test Cases/s-sidebar_navigation/individualAccount/Messenger Ref URL: Test Cases/s-sidebar_navigation/individualAccount/Messenger Ref URL

2019-04-30 10:49:18 - [TEST_STEP][PASSED] - click(findTestObject("Object Repository/Page_KiboPush  Dashboard/span_Invite Subscribers")): Object: 'Object Repository/Page_KiboPush  Dashboard/span_Invite Subscribers' is clicked on

2019-04-30 10:49:19 - [MESSAGE][PASSED] - Object: 'Object Repository/Page_KiboPush  Dashboard/span_Invite Subscribers' is clicked on

2019-04-30 10:49:19 - [TEST_STEP][PASSED] - delay(1): Delayed 1 second(s)

2019-04-30 10:49:20 - [MESSAGE][PASSED] - Delayed 1 second(s)

2019-04-30 10:49:20 - [TEST_STEP][PASSED] - click(findTestObject("Object Repository/Page_KiboEngage  Dashboard/span_Messenger Code")): Object: 'Object Repository/Page_KiboEngage  Dashboard/span_Messenger Code' is clicked on

2019-04-30 10:49:20 - [MESSAGE][PASSED] - Object: 'Object Repository/Page_KiboEngage  Dashboard/span_Messenger Code' is clicked on

2019-04-30 10:49:20 - [TEST_STEP][PASSED] - delay(1): Delayed 1 second(s)

2019-04-30 10:49:21 - [MESSAGE][PASSED] - Delayed 1 second(s)

2019-04-30 10:49:21 - [MESSAGE][PASSED] - Call Test Case 'Test Cases/s-sidebar_navigation/individualAccount/Messenger Ref URL' successfully]]></system-out>
         <system-err><![CDATA[]]></system-err>
      </testcase>
      <testcase name="Test Cases/Messenger Ref URL/TC11225" classname="Test Cases/Messenger Ref URL/TC11225" status="PASSED">
         <system-out><![CDATA[2019-04-30 10:49:21 - [TEST_CASE][PASSED] - Test Cases/Messenger Ref URL/TC11225: Test Cases/Messenger Ref URL/TC11225

2019-04-30 10:49:21 - [TEST_STEP][PASSED] - callTestCase(findTestCase("s-sidebar_navigation/individualAccount/Messenger Ref URL"), [:], STOP_ON_FAILURE): Call Test Case 'Test Cases/s-sidebar_navigation/individualAccount/Messenger Ref URL' successfully

2019-04-30 10:49:21 - [TEST_CASE][PASSED] - Test Cases/s-sidebar_navigation/individualAccount/Messenger Ref URL: Test Cases/s-sidebar_navigation/individualAccount/Messenger Ref URL

2019-04-30 10:49:21 - [TEST_STEP][PASSED] - click(findTestObject("Object Repository/Page_KiboPush  Dashboard/span_Invite Subscribers")): Object: 'Object Repository/Page_KiboPush  Dashboard/span_Invite Subscribers' is clicked on

2019-04-30 10:49:21 - [MESSAGE][PASSED] - Object: 'Object Repository/Page_KiboPush  Dashboard/span_Invite Subscribers' is clicked on

2019-04-30 10:49:21 - [TEST_STEP][PASSED] - delay(1): Delayed 1 second(s)

2019-04-30 10:49:22 - [MESSAGE][PASSED] - Delayed 1 second(s)

2019-04-30 10:49:22 - [TEST_STEP][PASSED] - click(findTestObject("Object Repository/Page_KiboEngage  Dashboard/span_Messenger Code")): Object: 'Object Repository/Page_KiboEngage  Dashboard/span_Messenger Code' is clicked on

2019-04-30 10:49:22 - [MESSAGE][PASSED] - Object: 'Object Repository/Page_KiboEngage  Dashboard/span_Messenger Code' is clicked on

2019-04-30 10:49:22 - [TEST_STEP][PASSED] - delay(1): Delayed 1 second(s)

2019-04-30 10:49:23 - [MESSAGE][PASSED] - Delayed 1 second(s)

2019-04-30 10:49:23 - [MESSAGE][PASSED] - Call Test Case 'Test Cases/s-sidebar_navigation/individualAccount/Messenger Ref URL' successfully]]></system-out>
         <system-err><![CDATA[]]></system-err>
      </testcase>
      <testcase name="Test Cases/Messenger Ref URL/TC11229" classname="Test Cases/Messenger Ref URL/TC11229" status="PASSED">
         <system-out><![CDATA[2019-04-30 10:49:23 - [TEST_CASE][PASSED] - Test Cases/Messenger Ref URL/TC11229: Test Cases/Messenger Ref URL/TC11229

2019-04-30 10:49:23 - [TEST_STEP][PASSED] - callTestCase(findTestCase("s-sidebar_navigation/individualAccount/Messenger Ref URL"), [:], STOP_ON_FAILURE): Call Test Case 'Test Cases/s-sidebar_navigation/individualAccount/Messenger Ref URL' successfully

2019-04-30 10:49:23 - [TEST_CASE][PASSED] - Test Cases/s-sidebar_navigation/individualAccount/Messenger Ref URL: Test Cases/s-sidebar_navigation/individualAccount/Messenger Ref URL

2019-04-30 10:49:23 - [TEST_STEP][PASSED] - click(findTestObject("Object Repository/Page_KiboPush  Dashboard/span_Invite Subscribers")): Object: 'Object Repository/Page_KiboPush  Dashboard/span_Invite Subscribers' is clicked on

2019-04-30 10:49:23 - [MESSAGE][PASSED] - Object: 'Object Repository/Page_KiboPush  Dashboard/span_Invite Subscribers' is clicked on

2019-04-30 10:49:23 - [TEST_STEP][PASSED] - delay(1): Delayed 1 second(s)

2019-04-30 10:49:24 - [MESSAGE][PASSED] - Delayed 1 second(s)

2019-04-30 10:49:24 - [TEST_STEP][PASSED] - click(findTestObject("Object Repository/Page_KiboEngage  Dashboard/span_Messenger Code")): Object: 'Object Repository/Page_KiboEngage  Dashboard/span_Messenger Code' is clicked on

2019-04-30 10:49:24 - [MESSAGE][PASSED] - Object: 'Object Repository/Page_KiboEngage  Dashboard/span_Messenger Code' is clicked on

2019-04-30 10:49:24 - [TEST_STEP][PASSED] - delay(1): Delayed 1 second(s)

2019-04-30 10:49:25 - [MESSAGE][PASSED] - Delayed 1 second(s)

2019-04-30 10:49:25 - [MESSAGE][PASSED] - Call Test Case 'Test Cases/s-sidebar_navigation/individualAccount/Messenger Ref URL' successfully]]></system-out>
         <system-err><![CDATA[]]></system-err>
      </testcase>
      <testcase name="Test Cases/Messenger Ref URL/TC11230" classname="Test Cases/Messenger Ref URL/TC11230" status="PASSED">
         <system-out><![CDATA[2019-04-30 10:49:25 - [TEST_CASE][PASSED] - Test Cases/Messenger Ref URL/TC11230: Test Cases/Messenger Ref URL/TC11230

2019-04-30 10:49:25 - [TEST_STEP][PASSED] - callTestCase(findTestCase("s-sidebar_navigation/individualAccount/Messenger Ref URL"), [:], STOP_ON_FAILURE): Call Test Case 'Test Cases/s-sidebar_navigation/individualAccount/Messenger Ref URL' successfully

2019-04-30 10:49:25 - [TEST_CASE][PASSED] - Test Cases/s-sidebar_navigation/individualAccount/Messenger Ref URL: Test Cases/s-sidebar_navigation/individualAccount/Messenger Ref URL

2019-04-30 10:49:25 - [TEST_STEP][PASSED] - click(findTestObject("Object Repository/Page_KiboPush  Dashboard/span_Invite Subscribers")): Object: 'Object Repository/Page_KiboPush  Dashboard/span_Invite Subscribers' is clicked on

2019-04-30 10:49:26 - [MESSAGE][PASSED] - Object: 'Object Repository/Page_KiboPush  Dashboard/span_Invite Subscribers' is clicked on

2019-04-30 10:49:26 - [TEST_STEP][PASSED] - delay(1): Delayed 1 second(s)

2019-04-30 10:49:27 - [MESSAGE][PASSED] - Delayed 1 second(s)

2019-04-30 10:49:27 - [TEST_STEP][PASSED] - click(findTestObject("Object Repository/Page_KiboEngage  Dashboard/span_Messenger Code")): Object: 'Object Repository/Page_KiboEngage  Dashboard/span_Messenger Code' is clicked on

2019-04-30 10:49:27 - [MESSAGE][PASSED] - Object: 'Object Repository/Page_KiboEngage  Dashboard/span_Messenger Code' is clicked on

2019-04-30 10:49:27 - [TEST_STEP][PASSED] - delay(1): Delayed 1 second(s)

2019-04-30 10:49:28 - [MESSAGE][PASSED] - Delayed 1 second(s)

2019-04-30 10:49:28 - [MESSAGE][PASSED] - Call Test Case 'Test Cases/s-sidebar_navigation/individualAccount/Messenger Ref URL' successfully]]></system-out>
         <system-err><![CDATA[]]></system-err>
      </testcase>
      <testcase name="Test Cases/Messenger Ref URL/TC11231" classname="Test Cases/Messenger Ref URL/TC11231" status="PASSED">
         <system-out><![CDATA[2019-04-30 10:49:28 - [TEST_CASE][PASSED] - Test Cases/Messenger Ref URL/TC11231: Test Cases/Messenger Ref URL/TC11231

2019-04-30 10:49:28 - [TEST_STEP][PASSED] - callTestCase(findTestCase("s-sidebar_navigation/individualAccount/Messenger Ref URL"), [:], STOP_ON_FAILURE): Call Test Case 'Test Cases/s-sidebar_navigation/individualAccount/Messenger Ref URL' successfully

2019-04-30 10:49:28 - [TEST_CASE][PASSED] - Test Cases/s-sidebar_navigation/individualAccount/Messenger Ref URL: Test Cases/s-sidebar_navigation/individualAccount/Messenger Ref URL

2019-04-30 10:49:28 - [TEST_STEP][PASSED] - click(findTestObject("Object Repository/Page_KiboPush  Dashboard/span_Invite Subscribers")): Object: 'Object Repository/Page_KiboPush  Dashboard/span_Invite Subscribers' is clicked on

2019-04-30 10:49:28 - [MESSAGE][PASSED] - Object: 'Object Repository/Page_KiboPush  Dashboard/span_Invite Subscribers' is clicked on

2019-04-30 10:49:28 - [TEST_STEP][PASSED] - delay(1): Delayed 1 second(s)

2019-04-30 10:49:29 - [MESSAGE][PASSED] - Delayed 1 second(s)

2019-04-30 10:49:29 - [TEST_STEP][PASSED] - click(findTestObject("Object Repository/Page_KiboEngage  Dashboard/span_Messenger Code")): Object: 'Object Repository/Page_KiboEngage  Dashboard/span_Messenger Code' is clicked on

2019-04-30 10:49:29 - [MESSAGE][PASSED] - Object: 'Object Repository/Page_KiboEngage  Dashboard/span_Messenger Code' is clicked on

2019-04-30 10:49:29 - [TEST_STEP][PASSED] - delay(1): Delayed 1 second(s)

2019-04-30 10:49:30 - [MESSAGE][PASSED] - Delayed 1 second(s)

2019-04-30 10:49:30 - [MESSAGE][PASSED] - Call Test Case 'Test Cases/s-sidebar_navigation/individualAccount/Messenger Ref URL' successfully]]></system-out>
         <system-err><![CDATA[]]></system-err>
      </testcase>
      <testcase name="Test Cases/Messenger Ref URL/TC11232" classname="Test Cases/Messenger Ref URL/TC11232" status="PASSED">
         <system-out><![CDATA[2019-04-30 10:49:30 - [TEST_CASE][PASSED] - Test Cases/Messenger Ref URL/TC11232: Test Cases/Messenger Ref URL/TC11232

2019-04-30 10:49:30 - [TEST_STEP][PASSED] - callTestCase(findTestCase("s-sidebar_navigation/individualAccount/Messenger Ref URL"), [:], STOP_ON_FAILURE): Call Test Case 'Test Cases/s-sidebar_navigation/individualAccount/Messenger Ref URL' successfully

2019-04-30 10:49:30 - [TEST_CASE][PASSED] - Test Cases/s-sidebar_navigation/individualAccount/Messenger Ref URL: Test Cases/s-sidebar_navigation/individualAccount/Messenger Ref URL

2019-04-30 10:49:30 - [TEST_STEP][PASSED] - click(findTestObject("Object Repository/Page_KiboPush  Dashboard/span_Invite Subscribers")): Object: 'Object Repository/Page_KiboPush  Dashboard/span_Invite Subscribers' is clicked on

2019-04-30 10:49:30 - [MESSAGE][PASSED] - Object: 'Object Repository/Page_KiboPush  Dashboard/span_Invite Subscribers' is clicked on

2019-04-30 10:49:30 - [TEST_STEP][PASSED] - delay(1): Delayed 1 second(s)

2019-04-30 10:49:31 - [MESSAGE][PASSED] - Delayed 1 second(s)

2019-04-30 10:49:31 - [TEST_STEP][PASSED] - click(findTestObject("Object Repository/Page_KiboEngage  Dashboard/span_Messenger Code")): Object: 'Object Repository/Page_KiboEngage  Dashboard/span_Messenger Code' is clicked on

2019-04-30 10:49:31 - [MESSAGE][PASSED] - Object: 'Object Repository/Page_KiboEngage  Dashboard/span_Messenger Code' is clicked on

2019-04-30 10:49:31 - [TEST_STEP][PASSED] - delay(1): Delayed 1 second(s)

2019-04-30 10:49:32 - [MESSAGE][PASSED] - Delayed 1 second(s)

2019-04-30 10:49:32 - [MESSAGE][PASSED] - Call Test Case 'Test Cases/s-sidebar_navigation/individualAccount/Messenger Ref URL' successfully]]></system-out>
         <system-err><![CDATA[]]></system-err>
      </testcase>
      <testcase name="Test Cases/Messenger Ref URL/TC11233" classname="Test Cases/Messenger Ref URL/TC11233" status="PASSED">
         <system-out><![CDATA[2019-04-30 10:49:32 - [TEST_CASE][PASSED] - Test Cases/Messenger Ref URL/TC11233: Test Cases/Messenger Ref URL/TC11233

2019-04-30 10:49:32 - [TEST_STEP][PASSED] - callTestCase(findTestCase("s-sidebar_navigation/individualAccount/Messenger Ref URL"), [:], STOP_ON_FAILURE): Call Test Case 'Test Cases/s-sidebar_navigation/individualAccount/Messenger Ref URL' successfully

2019-04-30 10:49:32 - [TEST_CASE][PASSED] - Test Cases/s-sidebar_navigation/individualAccount/Messenger Ref URL: Test Cases/s-sidebar_navigation/individualAccount/Messenger Ref URL

2019-04-30 10:49:32 - [TEST_STEP][PASSED] - click(findTestObject("Object Repository/Page_KiboPush  Dashboard/span_Invite Subscribers")): Object: 'Object Repository/Page_KiboPush  Dashboard/span_Invite Subscribers' is clicked on

2019-04-30 10:49:33 - [MESSAGE][PASSED] - Object: 'Object Repository/Page_KiboPush  Dashboard/span_Invite Subscribers' is clicked on

2019-04-30 10:49:33 - [TEST_STEP][PASSED] - delay(1): Delayed 1 second(s)

2019-04-30 10:49:34 - [MESSAGE][PASSED] - Delayed 1 second(s)

2019-04-30 10:49:34 - [TEST_STEP][PASSED] - click(findTestObject("Object Repository/Page_KiboEngage  Dashboard/span_Messenger Code")): Object: 'Object Repository/Page_KiboEngage  Dashboard/span_Messenger Code' is clicked on

2019-04-30 10:49:34 - [MESSAGE][PASSED] - Object: 'Object Repository/Page_KiboEngage  Dashboard/span_Messenger Code' is clicked on

2019-04-30 10:49:34 - [TEST_STEP][PASSED] - delay(1): Delayed 1 second(s)

2019-04-30 10:49:35 - [MESSAGE][PASSED] - Delayed 1 second(s)

2019-04-30 10:49:35 - [MESSAGE][PASSED] - Call Test Case 'Test Cases/s-sidebar_navigation/individualAccount/Messenger Ref URL' successfully]]></system-out>
         <system-err><![CDATA[]]></system-err>
      </testcase>
      <testcase name="Test Cases/Messenger Ref URL/TC11235" classname="Test Cases/Messenger Ref URL/TC11235" status="PASSED">
         <system-out><![CDATA[2019-04-30 10:49:35 - [TEST_CASE][PASSED] - Test Cases/Messenger Ref URL/TC11235: Test Cases/Messenger Ref URL/TC11235

2019-04-30 10:49:35 - [TEST_STEP][PASSED] - callTestCase(findTestCase("s-sidebar_navigation/individualAccount/Messenger Ref URL"), [:], STOP_ON_FAILURE): Call Test Case 'Test Cases/s-sidebar_navigation/individualAccount/Messenger Ref URL' successfully

2019-04-30 10:49:35 - [TEST_CASE][PASSED] - Test Cases/s-sidebar_navigation/individualAccount/Messenger Ref URL: Test Cases/s-sidebar_navigation/individualAccount/Messenger Ref URL

2019-04-30 10:49:35 - [TEST_STEP][PASSED] - click(findTestObject("Object Repository/Page_KiboPush  Dashboard/span_Invite Subscribers")): Object: 'Object Repository/Page_KiboPush  Dashboard/span_Invite Subscribers' is clicked on

2019-04-30 10:49:35 - [MESSAGE][PASSED] - Object: 'Object Repository/Page_KiboPush  Dashboard/span_Invite Subscribers' is clicked on

2019-04-30 10:49:35 - [TEST_STEP][PASSED] - delay(1): Delayed 1 second(s)

2019-04-30 10:49:36 - [MESSAGE][PASSED] - Delayed 1 second(s)

2019-04-30 10:49:36 - [TEST_STEP][PASSED] - click(findTestObject("Object Repository/Page_KiboEngage  Dashboard/span_Messenger Code")): Object: 'Object Repository/Page_KiboEngage  Dashboard/span_Messenger Code' is clicked on

2019-04-30 10:49:36 - [MESSAGE][PASSED] - Object: 'Object Repository/Page_KiboEngage  Dashboard/span_Messenger Code' is clicked on

2019-04-30 10:49:36 - [TEST_STEP][PASSED] - delay(1): Delayed 1 second(s)

2019-04-30 10:49:37 - [MESSAGE][PASSED] - Delayed 1 second(s)

2019-04-30 10:49:37 - [MESSAGE][PASSED] - Call Test Case 'Test Cases/s-sidebar_navigation/individualAccount/Messenger Ref URL' successfully]]></system-out>
         <system-err><![CDATA[]]></system-err>
      </testcase>
      <testcase name="Test Cases/Messenger Ref URL/TC11236" classname="Test Cases/Messenger Ref URL/TC11236" status="PASSED">
         <system-out><![CDATA[2019-04-30 10:49:37 - [TEST_CASE][PASSED] - Test Cases/Messenger Ref URL/TC11236: Test Cases/Messenger Ref URL/TC11236

2019-04-30 10:49:37 - [TEST_STEP][PASSED] - callTestCase(findTestCase("s-sidebar_navigation/individualAccount/Messenger Ref URL"), [:], STOP_ON_FAILURE): Call Test Case 'Test Cases/s-sidebar_navigation/individualAccount/Messenger Ref URL' successfully

2019-04-30 10:49:37 - [TEST_CASE][PASSED] - Test Cases/s-sidebar_navigation/individualAccount/Messenger Ref URL: Test Cases/s-sidebar_navigation/individualAccount/Messenger Ref URL

2019-04-30 10:49:37 - [TEST_STEP][PASSED] - click(findTestObject("Object Repository/Page_KiboPush  Dashboard/span_Invite Subscribers")): Object: 'Object Repository/Page_KiboPush  Dashboard/span_Invite Subscribers' is clicked on

2019-04-30 10:49:37 - [MESSAGE][PASSED] - Object: 'Object Repository/Page_KiboPush  Dashboard/span_Invite Subscribers' is clicked on

2019-04-30 10:49:37 - [TEST_STEP][PASSED] - delay(1): Delayed 1 second(s)

2019-04-30 10:49:38 - [MESSAGE][PASSED] - Delayed 1 second(s)

2019-04-30 10:49:38 - [TEST_STEP][PASSED] - click(findTestObject("Object Repository/Page_KiboEngage  Dashboard/span_Messenger Code")): Object: 'Object Repository/Page_KiboEngage  Dashboard/span_Messenger Code' is clicked on

2019-04-30 10:49:38 - [MESSAGE][PASSED] - Object: 'Object Repository/Page_KiboEngage  Dashboard/span_Messenger Code' is clicked on

2019-04-30 10:49:38 - [TEST_STEP][PASSED] - delay(1): Delayed 1 second(s)

2019-04-30 10:49:39 - [MESSAGE][PASSED] - Delayed 1 second(s)

2019-04-30 10:49:39 - [MESSAGE][PASSED] - Call Test Case 'Test Cases/s-sidebar_navigation/individualAccount/Messenger Ref URL' successfully]]></system-out>
         <system-err><![CDATA[]]></system-err>
      </testcase>
      <testcase name="Test Cases/Messenger Ref URL/TC11237" classname="Test Cases/Messenger Ref URL/TC11237" status="PASSED">
         <system-out><![CDATA[2019-04-30 10:49:39 - [TEST_CASE][PASSED] - Test Cases/Messenger Ref URL/TC11237: Test Cases/Messenger Ref URL/TC11237

2019-04-30 10:49:39 - [TEST_STEP][PASSED] - callTestCase(findTestCase("s-sidebar_navigation/individualAccount/Messenger Ref URL"), [:], STOP_ON_FAILURE): Call Test Case 'Test Cases/s-sidebar_navigation/individualAccount/Messenger Ref URL' successfully

2019-04-30 10:49:39 - [TEST_CASE][PASSED] - Test Cases/s-sidebar_navigation/individualAccount/Messenger Ref URL: Test Cases/s-sidebar_navigation/individualAccount/Messenger Ref URL

2019-04-30 10:49:39 - [TEST_STEP][PASSED] - click(findTestObject("Object Repository/Page_KiboPush  Dashboard/span_Invite Subscribers")): Object: 'Object Repository/Page_KiboPush  Dashboard/span_Invite Subscribers' is clicked on

2019-04-30 10:49:39 - [MESSAGE][PASSED] - Object: 'Object Repository/Page_KiboPush  Dashboard/span_Invite Subscribers' is clicked on

2019-04-30 10:49:39 - [TEST_STEP][PASSED] - delay(1): Delayed 1 second(s)

2019-04-30 10:49:40 - [MESSAGE][PASSED] - Delayed 1 second(s)

2019-04-30 10:49:40 - [TEST_STEP][PASSED] - click(findTestObject("Object Repository/Page_KiboEngage  Dashboard/span_Messenger Code")): Object: 'Object Repository/Page_KiboEngage  Dashboard/span_Messenger Code' is clicked on

2019-04-30 10:49:40 - [MESSAGE][PASSED] - Object: 'Object Repository/Page_KiboEngage  Dashboard/span_Messenger Code' is clicked on

2019-04-30 10:49:40 - [TEST_STEP][PASSED] - delay(1): Delayed 1 second(s)

2019-04-30 10:49:41 - [MESSAGE][PASSED] - Delayed 1 second(s)

2019-04-30 10:49:41 - [MESSAGE][PASSED] - Call Test Case 'Test Cases/s-sidebar_navigation/individualAccount/Messenger Ref URL' successfully]]></system-out>
         <system-err><![CDATA[]]></system-err>
      </testcase>
      <system-out><![CDATA[2019-04-30 10:48:33 - [TEST_SUITE][PASSED] - Messenger Ref URL: Test Cases/Messenger Ref URL/TC11237]]></system-out>
      <system-err><![CDATA[]]></system-err>
   </testsuite>
</testsuites>
