<?xml version="1.0" encoding="UTF-8"?>
<testsuites name="SMS Kiboengage" time="294" tests="37" failures="2" errors="0">
   <testsuite name="SMS Kiboengage" tests="37" failures="2" errors="0" time="294" timestamp="2019-04-30 10:36:59" hostname="cloudkibo-faizan - cloudkibo-faizan" id="Test Suites/Faizan Suits/SMS Kiboengage">
      <properties>
         <property name="deviceName" value=""/>
         <property name="devicePlatform" value=""/>
         <property name="logFolder" value="/home/cloudkibo-faizan/Drive/KiboPush_Automated_Testing/Reports/Faizan Suits/SMS Kiboengage/20190430_102017"/>
         <property name="logFiles" value="/home/cloudkibo-faizan/Drive/KiboPush_Automated_Testing/Reports/Faizan Suits/SMS Kiboengage/20190430_102017/execution0.log"/>
         <property name="attachments" value="/home/cloudkibo-faizan/Drive/KiboPush_Automated_Testing/Reports/Faizan Suits/SMS Kiboengage/20190430_102017/1556602797584.png, /home/cloudkibo-faizan/Drive/KiboPush_Automated_Testing/Reports/Faizan Suits/SMS Kiboengage/20190430_102017/1556602831854.png"/>
         <property name="hostName" value="cloudkibo-faizan - cloudkibo-faizan"/>
         <property name="os" value="Linux 64bit"/>
         <property name="katalonVersion" value="6.0.6.4"/>
         <property name="browser" value="Chrome 73.0.3683.75"/>
         <property name="hostAddress" value="127.0.1.1"/>
         <property name="sessionId" value="bcc8c33c1c8d12e1813026dc1683c23e"/>
         <property name="seleniumVersion" value="3.7.1"/>
         <property name="proxyInformation" value="ProxyInformation{proxyOption=NO_PROXY, proxyServerType=HTTP, password=, proxyServerAddress=, proxyServerPort=0}"/>
         <property name="platform" value="Linux"/>
      </properties>
      <testcase name="Test Cases/s-sidebar_navigation/individualAccount/Faizan_production_login_kiboengage" classname="Test Cases/s-sidebar_navigation/individualAccount/Faizan_production_login_kiboengage" status="PASSED">
         <system-out><![CDATA[2019-04-30 10:36:59 - [TEST_CASE][PASSED] - Test Cases/s-sidebar_navigation/individualAccount/Faizan_production_login_kiboengage: Test Cases/s-sidebar_navigation/individualAccount/Faizan_production_login_kiboengage

2019-04-30 10:37:00 - [TEST_STEP][PASSED] - openBrowser(""): Browser is opened with url: ''

2019-04-30 10:37:00 - [MESSAGE][INFO] - Starting 'Chrome' driver

2019-04-30 10:37:00 - [MESSAGE][INFO] - User set preference: ['args', '[--no-sandbox]']

2019-04-30 10:37:00 - [MESSAGE][INFO] - Action delay is set to 0 seconds

2019-04-30 10:37:01 - [MESSAGE][PASSED] - Browser is opened with url: ''

2019-04-30 10:37:01 - [TEST_STEP][PASSED] - maximizeWindow(): Current window maximized

2019-04-30 10:37:01 - [MESSAGE][PASSED] - Current window maximized

2019-04-30 10:37:01 - [TEST_STEP][PASSED] - navigateToUrl("https://kiboengage.cloudkibo.com/"): Navigate to 'https://kiboengage.cloudkibo.com/' successfully

2019-04-30 10:37:13 - [MESSAGE][PASSED] - Navigate to 'https://kiboengage.cloudkibo.com/' successfully

2019-04-30 10:37:13 - [TEST_STEP][PASSED] - navigateToUrl("https://accounts.cloudkibo.com/?continue=https://kiboengage.cloudkibo.com"): Navigate to 'https://accounts.cloudkibo.com/?continue=https://kiboengage.cloudkibo.com' successfully

2019-04-30 10:37:13 - [MESSAGE][PASSED] - Navigate to 'https://accounts.cloudkibo.com/?continue=https://kiboengage.cloudkibo.com' successfully

2019-04-30 10:37:13 - [TEST_STEP][PASSED] - click(findTestObject("Page_CloudKibo/a_Login (2) (1) (1)")): Object: 'Object Repository/Page_CloudKibo/a_Login (2) (1) (1)' is clicked on

2019-04-30 10:37:14 - [MESSAGE][PASSED] - Object: 'Object Repository/Page_CloudKibo/a_Login (2) (1) (1)' is clicked on

2019-04-30 10:37:14 - [TEST_STEP][PASSED] - setText(findTestObject("Page_KiboPush/input_email (10) (1) (1)"), "faizan@cloudkibo.com"): Text 'faizan@cloudkibo.com' is set on object 'Object Repository/Page_KiboPush/input_email (10) (1) (1)'

2019-04-30 10:37:15 - [MESSAGE][PASSED] - Text 'faizan@cloudkibo.com' is set on object 'Object Repository/Page_KiboPush/input_email (10) (1) (1)'

2019-04-30 10:37:15 - [TEST_STEP][PASSED] - setEncryptedText(findTestObject("Page_CloudKibo/input_Sign In_password (7)"), "qeJ0sjJnwEs="): Text ****** has been set on object 'Object Repository/Page_CloudKibo/input_Sign In_password (7)'

2019-04-30 10:37:15 - [MESSAGE][PASSED] - Text ****** has been set on object 'Object Repository/Page_CloudKibo/input_Sign In_password (7)'

2019-04-30 10:37:15 - [TEST_STEP][PASSED] - click(findTestObject("Page_KiboPush/button_Sign In (10) (1) (2)")): Object: 'Object Repository/Page_KiboPush/button_Sign In (10) (1) (2)' is clicked on

2019-04-30 10:37:15 - [MESSAGE][PASSED] - Object: 'Object Repository/Page_KiboPush/button_Sign In (10) (1) (2)' is clicked on

2019-04-30 10:37:15 - [TEST_STEP][PASSED] - navigateToUrl("https://kiboengage.cloudkibo.com/dashboard"): Navigate to 'https://kiboengage.cloudkibo.com/dashboard' successfully

2019-04-30 10:37:33 - [MESSAGE][PASSED] - Navigate to 'https://kiboengage.cloudkibo.com/dashboard' successfully

2019-04-30 10:37:33 - [TEST_STEP][PASSED] - click(findTestObject("Page_KiboPush  Dashboard/h3_Dashboard (57)")): Object: 'Object Repository/Page_KiboPush  Dashboard/h3_Dashboard (57)' is clicked on

2019-04-30 10:37:34 - [MESSAGE][PASSED] - Object: 'Object Repository/Page_KiboPush  Dashboard/h3_Dashboard (57)' is clicked on

2019-04-30 10:37:34 - [TEST_STEP][PASSED] - delay(3): Delayed 3 second(s)

2019-04-30 10:37:37 - [MESSAGE][PASSED] - Delayed 3 second(s)

2019-04-30 10:37:37 - [TEST_STEP][PASSED] - click(findTestObject("Page_KiboEngage  Dashboard/a_SMS (2) (1) (1) (1) (3)")): Object: 'Object Repository/Page_KiboEngage  Dashboard/a_SMS (2) (1) (1) (1) (3)' is clicked on

2019-04-30 10:37:37 - [MESSAGE][PASSED] - Object: 'Object Repository/Page_KiboEngage  Dashboard/a_SMS (2) (1) (1) (1) (3)' is clicked on

2019-04-30 10:37:37 - [TEST_STEP][PASSED] - click(findTestObject("Page_KiboEngage  Dashboard/span_Messenger (1) (1) (1) (3)")): Object: 'Object Repository/Page_KiboEngage  Dashboard/span_Messenger (1) (1) (1) (3)' is clicked on

2019-04-30 10:37:37 - [MESSAGE][PASSED] - Object: 'Object Repository/Page_KiboEngage  Dashboard/span_Messenger (1) (1) (1) (3)' is clicked on]]></system-out>
         <system-err><![CDATA[]]></system-err>
      </testcase>
      <testcase name="Test Cases/SMS/SMSPlatform" classname="Test Cases/SMS/SMSPlatform" status="PASSED">
         <system-out><![CDATA[2019-04-30 10:37:37 - [TEST_CASE][PASSED] - Test Cases/SMS/SMSPlatform: Test Cases/SMS/SMSPlatform

2019-04-30 10:37:37 - [TEST_STEP][PASSED] - click(findTestObject("Page_KiboEngage  Dashboard/a_SMS (1)")): Object: 'Object Repository/Page_KiboEngage  Dashboard/a_SMS (1)' is clicked on

2019-04-30 10:37:37 - [MESSAGE][PASSED] - Object: 'Object Repository/Page_KiboEngage  Dashboard/a_SMS (1)' is clicked on

2019-04-30 10:37:37 - [TEST_STEP][PASSED] - click(findTestObject("Page_KiboEngage  Dashboard/span_SMS (1)")): Object: 'Object Repository/Page_KiboEngage  Dashboard/span_SMS (1)' is clicked on

2019-04-30 10:37:37 - [MESSAGE][PASSED] - Object: 'Object Repository/Page_KiboEngage  Dashboard/span_SMS (1)' is clicked on

2019-04-30 10:37:37 - [TEST_STEP][PASSED] - delay(1): Delayed 1 second(s)

2019-04-30 10:37:38 - [MESSAGE][PASSED] - Delayed 1 second(s)]]></system-out>
         <system-err><![CDATA[]]></system-err>
      </testcase>
      <testcase name="Test Cases/SMS/contacts/TC11149" classname="Test Cases/SMS/contacts/TC11149" status="PASSED">
         <system-out><![CDATA[2019-04-30 10:37:38 - [TEST_CASE][PASSED] - Test Cases/SMS/contacts/TC11149: Test Cases/SMS/contacts/TC11149

2019-04-30 10:37:38 - [TEST_STEP][PASSED] - click(findTestObject("Page_KiboPush  Dashboard/span_Dashboard")): Object: 'Object Repository/Page_KiboPush  Dashboard/span_Dashboard' is clicked on

2019-04-30 10:37:38 - [MESSAGE][PASSED] - Object: 'Object Repository/Page_KiboPush  Dashboard/span_Dashboard' is clicked on

2019-04-30 10:37:38 - [TEST_STEP][PASSED] - delay(1): Delayed 1 second(s)

2019-04-30 10:37:39 - [MESSAGE][PASSED] - Delayed 1 second(s)

2019-04-30 10:37:39 - [TEST_STEP][PASSED] - click(findTestObject("Page_KiboEngage  Dashboard/span_Subscribers (1)")): Object: 'Object Repository/Page_KiboEngage  Dashboard/span_Subscribers (1)' is clicked on

2019-04-30 10:37:40 - [MESSAGE][PASSED] - Object: 'Object Repository/Page_KiboEngage  Dashboard/span_Subscribers (1)' is clicked on

2019-04-30 10:37:40 - [TEST_STEP][PASSED] - delay(1): Delayed 1 second(s)

2019-04-30 10:37:41 - [MESSAGE][PASSED] - Delayed 1 second(s)]]></system-out>
         <system-err><![CDATA[]]></system-err>
      </testcase>
      <testcase name="Test Cases/SMS/contacts/TC11150" classname="Test Cases/SMS/contacts/TC11150" status="PASSED">
         <system-out><![CDATA[2019-04-30 10:37:41 - [TEST_CASE][PASSED] - Test Cases/SMS/contacts/TC11150: Test Cases/SMS/contacts/TC11150

2019-04-30 10:37:41 - [TEST_STEP][PASSED] - click(findTestObject("Page_KiboPush  Dashboard/span_Dashboard")): Object: 'Object Repository/Page_KiboPush  Dashboard/span_Dashboard' is clicked on

2019-04-30 10:37:41 - [MESSAGE][PASSED] - Object: 'Object Repository/Page_KiboPush  Dashboard/span_Dashboard' is clicked on

2019-04-30 10:37:41 - [TEST_STEP][PASSED] - delay(1): Delayed 1 second(s)

2019-04-30 10:37:42 - [MESSAGE][PASSED] - Delayed 1 second(s)

2019-04-30 10:37:42 - [TEST_STEP][PASSED] - click(findTestObject("Page_KiboEngage  Dashboard/span_Subscribers (1)")): Object: 'Object Repository/Page_KiboEngage  Dashboard/span_Subscribers (1)' is clicked on

2019-04-30 10:37:42 - [MESSAGE][PASSED] - Object: 'Object Repository/Page_KiboEngage  Dashboard/span_Subscribers (1)' is clicked on

2019-04-30 10:37:42 - [TEST_STEP][PASSED] - delay(1): Delayed 1 second(s)

2019-04-30 10:37:43 - [MESSAGE][PASSED] - Delayed 1 second(s)

2019-04-30 10:37:43 - [TEST_STEP][PASSED] - click(findTestObject("Object Repository/Page_KiboEngage  Subscribers/h3_Subscribers")): Object: 'Object Repository/Page_KiboEngage  Subscribers/h3_Subscribers' is clicked on

2019-04-30 10:37:43 - [MESSAGE][PASSED] - Object: 'Object Repository/Page_KiboEngage  Subscribers/h3_Subscribers' is clicked on

2019-04-30 10:37:43 - [TEST_STEP][PASSED] - delay(1): Delayed 1 second(s)

2019-04-30 10:37:44 - [MESSAGE][PASSED] - Delayed 1 second(s)

2019-04-30 10:37:44 - [TEST_STEP][PASSED] - driver = getWebDriver(): null

2019-04-30 10:37:44 - [TEST_STEP][PASSED] - Table = driver.findElement(By.xpath("//*[@id="ajax_data"]/table/tbody")): null

2019-04-30 10:37:44 - [TEST_STEP][PASSED] - rows_table = Table.findElements(By.tagName("tr")): null

2019-04-30 10:37:44 - [TEST_STEP][PASSED] - verifyGreaterThanOrEqual(rows_table.size(), 1): Actual number '5' is greater than or equal to expected number '1'

2019-04-30 10:37:44 - [MESSAGE][PASSED] - Actual number '5' is greater than or equal to expected number '1']]></system-out>
         <system-err><![CDATA[]]></system-err>
      </testcase>
      <testcase name="Test Cases/SMS/contacts/TC11151" classname="Test Cases/SMS/contacts/TC11151" status="PASSED">
         <system-out><![CDATA[2019-04-30 10:37:44 - [TEST_CASE][PASSED] - Test Cases/SMS/contacts/TC11151: Test Cases/SMS/contacts/TC11151

2019-04-30 10:37:44 - [TEST_STEP][PASSED] - click(findTestObject("Page_KiboPush  Dashboard/span_Dashboard")): Object: 'Object Repository/Page_KiboPush  Dashboard/span_Dashboard' is clicked on

2019-04-30 10:37:44 - [MESSAGE][PASSED] - Object: 'Object Repository/Page_KiboPush  Dashboard/span_Dashboard' is clicked on

2019-04-30 10:37:44 - [TEST_STEP][PASSED] - delay(1): Delayed 1 second(s)

2019-04-30 10:37:45 - [MESSAGE][PASSED] - Delayed 1 second(s)

2019-04-30 10:37:45 - [TEST_STEP][PASSED] - click(findTestObject("Page_KiboEngage  Dashboard/span_Subscribers (1)")): Object: 'Object Repository/Page_KiboEngage  Dashboard/span_Subscribers (1)' is clicked on

2019-04-30 10:37:45 - [MESSAGE][PASSED] - Object: 'Object Repository/Page_KiboEngage  Dashboard/span_Subscribers (1)' is clicked on

2019-04-30 10:37:45 - [TEST_STEP][PASSED] - delay(1): Delayed 1 second(s)

2019-04-30 10:37:46 - [MESSAGE][PASSED] - Delayed 1 second(s)

2019-04-30 10:37:46 - [TEST_STEP][PASSED] - click(findTestObject("Object Repository/Page_KiboEngage  Subscribers/a_next")): Object: 'Object Repository/Page_KiboEngage  Subscribers/a_next' is clicked on

2019-04-30 10:37:46 - [MESSAGE][PASSED] - Object: 'Object Repository/Page_KiboEngage  Subscribers/a_next' is clicked on]]></system-out>
         <system-err><![CDATA[]]></system-err>
      </testcase>
      <testcase name="Test Cases/SMS/contacts/TC11152" classname="Test Cases/SMS/contacts/TC11152" status="PASSED">
         <system-out><![CDATA[2019-04-30 10:37:46 - [TEST_CASE][PASSED] - Test Cases/SMS/contacts/TC11152: Test Cases/SMS/contacts/TC11152

2019-04-30 10:37:46 - [TEST_STEP][PASSED] - click(findTestObject("Page_KiboPush  Dashboard/span_Dashboard")): Object: 'Object Repository/Page_KiboPush  Dashboard/span_Dashboard' is clicked on

2019-04-30 10:37:46 - [MESSAGE][PASSED] - Object: 'Object Repository/Page_KiboPush  Dashboard/span_Dashboard' is clicked on

2019-04-30 10:37:46 - [TEST_STEP][PASSED] - delay(1): Delayed 1 second(s)

2019-04-30 10:37:47 - [MESSAGE][PASSED] - Delayed 1 second(s)

2019-04-30 10:37:47 - [TEST_STEP][PASSED] - click(findTestObject("Page_KiboEngage  Dashboard/span_Subscribers (1)")): Object: 'Object Repository/Page_KiboEngage  Dashboard/span_Subscribers (1)' is clicked on

2019-04-30 10:37:48 - [MESSAGE][PASSED] - Object: 'Object Repository/Page_KiboEngage  Dashboard/span_Subscribers (1)' is clicked on

2019-04-30 10:37:48 - [TEST_STEP][PASSED] - delay(1): Delayed 1 second(s)

2019-04-30 10:37:49 - [MESSAGE][PASSED] - Delayed 1 second(s)

2019-04-30 10:37:49 - [TEST_STEP][PASSED] - click(findTestObject("Object Repository/Page_KiboEngage  Subscribers/a_previous")): Object: 'Object Repository/Page_KiboEngage  Subscribers/a_previous' is clicked on

2019-04-30 10:37:49 - [MESSAGE][PASSED] - Object: 'Object Repository/Page_KiboEngage  Subscribers/a_previous' is clicked on]]></system-out>
         <system-err><![CDATA[]]></system-err>
      </testcase>
      <testcase name="Test Cases/SMS/contacts/TC11153" classname="Test Cases/SMS/contacts/TC11153" status="PASSED">
         <system-out><![CDATA[2019-04-30 10:37:49 - [TEST_CASE][PASSED] - Test Cases/SMS/contacts/TC11153: Test Cases/SMS/contacts/TC11153

2019-04-30 10:37:49 - [TEST_STEP][PASSED] - click(findTestObject("Page_KiboPush  Dashboard/span_Dashboard")): Object: 'Object Repository/Page_KiboPush  Dashboard/span_Dashboard' is clicked on

2019-04-30 10:37:49 - [MESSAGE][PASSED] - Object: 'Object Repository/Page_KiboPush  Dashboard/span_Dashboard' is clicked on

2019-04-30 10:37:49 - [TEST_STEP][PASSED] - delay(1): Delayed 1 second(s)

2019-04-30 10:37:50 - [MESSAGE][PASSED] - Delayed 1 second(s)

2019-04-30 10:37:50 - [TEST_STEP][PASSED] - click(findTestObject("Page_KiboEngage  Dashboard/span_Subscribers (1)")): Object: 'Object Repository/Page_KiboEngage  Dashboard/span_Subscribers (1)' is clicked on

2019-04-30 10:37:50 - [MESSAGE][PASSED] - Object: 'Object Repository/Page_KiboEngage  Dashboard/span_Subscribers (1)' is clicked on

2019-04-30 10:37:50 - [TEST_STEP][PASSED] - delay(1): Delayed 1 second(s)

2019-04-30 10:37:51 - [MESSAGE][PASSED] - Delayed 1 second(s)

2019-04-30 10:37:51 - [TEST_STEP][PASSED] - click(findTestObject("Object Repository/Page_KiboEngage  Subscribers/a_previous")): Object: 'Object Repository/Page_KiboEngage  Subscribers/a_previous' is clicked on

2019-04-30 10:37:51 - [MESSAGE][PASSED] - Object: 'Object Repository/Page_KiboEngage  Subscribers/a_previous' is clicked on]]></system-out>
         <system-err><![CDATA[]]></system-err>
      </testcase>
      <testcase name="Test Cases/SMS/upload contacts/TC11154" classname="Test Cases/SMS/upload contacts/TC11154" status="PASSED">
         <system-out><![CDATA[2019-04-30 10:37:51 - [TEST_CASE][PASSED] - Test Cases/SMS/upload contacts/TC11154: Test Cases/SMS/upload contacts/TC11154

2019-04-30 10:37:51 - [TEST_STEP][PASSED] - click(findTestObject("Page_KiboPush  Dashboard/span_Dashboard")): Object: 'Object Repository/Page_KiboPush  Dashboard/span_Dashboard' is clicked on

2019-04-30 10:37:51 - [MESSAGE][PASSED] - Object: 'Object Repository/Page_KiboPush  Dashboard/span_Dashboard' is clicked on

2019-04-30 10:37:51 - [TEST_STEP][PASSED] - delay(1): Delayed 1 second(s)

2019-04-30 10:37:52 - [MESSAGE][PASSED] - Delayed 1 second(s)

2019-04-30 10:37:52 - [TEST_STEP][PASSED] - click(findTestObject("Object Repository/Page_KiboEngage  Dashboard/span_Upload Contacts")): Object: 'Object Repository/Page_KiboEngage  Dashboard/span_Upload Contacts' is clicked on

2019-04-30 10:37:52 - [MESSAGE][PASSED] - Object: 'Object Repository/Page_KiboEngage  Dashboard/span_Upload Contacts' is clicked on

2019-04-30 10:37:52 - [TEST_STEP][PASSED] - delay(1): Delayed 1 second(s)

2019-04-30 10:37:53 - [MESSAGE][PASSED] - Delayed 1 second(s)

2019-04-30 10:37:53 - [TEST_STEP][PASSED] - click(findTestObject("Object Repository/Page_KiboEngage  Upload Contacts/h3_Upload Contacts")): Object: 'Object Repository/Page_KiboEngage  Upload Contacts/h3_Upload Contacts' is clicked on

2019-04-30 10:37:53 - [MESSAGE][PASSED] - Object: 'Object Repository/Page_KiboEngage  Upload Contacts/h3_Upload Contacts' is clicked on]]></system-out>
         <system-err><![CDATA[]]></system-err>
      </testcase>
      <testcase name="Test Cases/SMS/upload contacts/TC11155" classname="Test Cases/SMS/upload contacts/TC11155" status="PASSED">
         <system-out><![CDATA[2019-04-30 10:37:53 - [TEST_CASE][PASSED] - Test Cases/SMS/upload contacts/TC11155: Test Cases/SMS/upload contacts/TC11155

2019-04-30 10:37:53 - [TEST_STEP][PASSED] - click(findTestObject("Page_KiboPush  Dashboard/span_Dashboard")): Object: 'Object Repository/Page_KiboPush  Dashboard/span_Dashboard' is clicked on

2019-04-30 10:37:53 - [MESSAGE][PASSED] - Object: 'Object Repository/Page_KiboPush  Dashboard/span_Dashboard' is clicked on

2019-04-30 10:37:53 - [TEST_STEP][PASSED] - delay(1): Delayed 1 second(s)

2019-04-30 10:37:54 - [MESSAGE][PASSED] - Delayed 1 second(s)

2019-04-30 10:37:54 - [TEST_STEP][PASSED] - click(findTestObject("Object Repository/Page_KiboEngage  Dashboard/span_Upload Contacts")): Object: 'Object Repository/Page_KiboEngage  Dashboard/span_Upload Contacts' is clicked on

2019-04-30 10:37:54 - [MESSAGE][PASSED] - Object: 'Object Repository/Page_KiboEngage  Dashboard/span_Upload Contacts' is clicked on

2019-04-30 10:37:54 - [TEST_STEP][PASSED] - delay(1): Delayed 1 second(s)

2019-04-30 10:37:55 - [MESSAGE][PASSED] - Delayed 1 second(s)

2019-04-30 10:37:55 - [TEST_STEP][PASSED] - click(findTestObject("Object Repository/Page_KiboEngage  Upload Contacts/h3_Upload Contacts (1)")): Object: 'Object Repository/Page_KiboEngage  Upload Contacts/h3_Upload Contacts (1)' is clicked on

2019-04-30 10:37:56 - [MESSAGE][PASSED] - Object: 'Object Repository/Page_KiboEngage  Upload Contacts/h3_Upload Contacts (1)' is clicked on

2019-04-30 10:37:56 - [TEST_STEP][PASSED] - click(findTestObject("Object Repository/Page_KiboEngage  Upload Contacts/button_Submit")): Object: 'Object Repository/Page_KiboEngage  Upload Contacts/button_Submit' is clicked on

2019-04-30 10:37:56 - [MESSAGE][PASSED] - Object: 'Object Repository/Page_KiboEngage  Upload Contacts/button_Submit' is clicked on

2019-04-30 10:37:56 - [TEST_STEP][PASSED] - click(findTestObject("Object Repository/Page_KiboEngage  Upload Contacts/div_Please upload a file or enter numbers manually")): Object: 'Object Repository/Page_KiboEngage  Upload Contacts/div_Please upload a file or enter numbers manually' is clicked on

2019-04-30 10:37:56 - [MESSAGE][PASSED] - Object: 'Object Repository/Page_KiboEngage  Upload Contacts/div_Please upload a file or enter numbers manually' is clicked on]]></system-out>
         <system-err><![CDATA[]]></system-err>
      </testcase>
      <testcase name="Test Cases/SMS/upload contacts/TC11156" classname="Test Cases/SMS/upload contacts/TC11156" status="PASSED">
         <system-out><![CDATA[2019-04-30 10:37:56 - [TEST_CASE][PASSED] - Test Cases/SMS/upload contacts/TC11156: Test Cases/SMS/upload contacts/TC11156

2019-04-30 10:37:56 - [TEST_STEP][PASSED] - click(findTestObject("Page_KiboPush  Dashboard/span_Dashboard")): Object: 'Object Repository/Page_KiboPush  Dashboard/span_Dashboard' is clicked on

2019-04-30 10:37:56 - [MESSAGE][PASSED] - Object: 'Object Repository/Page_KiboPush  Dashboard/span_Dashboard' is clicked on

2019-04-30 10:37:56 - [TEST_STEP][PASSED] - delay(1): Delayed 1 second(s)

2019-04-30 10:37:57 - [MESSAGE][PASSED] - Delayed 1 second(s)

2019-04-30 10:37:57 - [TEST_STEP][PASSED] - click(findTestObject("Object Repository/Page_KiboEngage  Dashboard/span_Upload Contacts")): Object: 'Object Repository/Page_KiboEngage  Dashboard/span_Upload Contacts' is clicked on

2019-04-30 10:37:57 - [MESSAGE][PASSED] - Object: 'Object Repository/Page_KiboEngage  Dashboard/span_Upload Contacts' is clicked on

2019-04-30 10:37:57 - [TEST_STEP][PASSED] - delay(1): Delayed 1 second(s)

2019-04-30 10:37:58 - [MESSAGE][PASSED] - Delayed 1 second(s)

2019-04-30 10:37:58 - [TEST_STEP][PASSED] - click(findTestObject("Object Repository/Page_KiboEngage  Upload Contacts/h3_Upload Contacts (1) (1)")): Object: 'Object Repository/Page_KiboEngage  Upload Contacts/h3_Upload Contacts (1) (1)' is clicked on

2019-04-30 10:37:58 - [MESSAGE][PASSED] - Object: 'Object Repository/Page_KiboEngage  Upload Contacts/h3_Upload Contacts (1) (1)' is clicked on

2019-04-30 10:37:58 - [TEST_STEP][PASSED] - click(findTestObject("Object Repository/Page_KiboEngage  Upload Contacts/button_Enter phone numbers manually")): Object: 'Object Repository/Page_KiboEngage  Upload Contacts/button_Enter phone numbers manually' is clicked on

2019-04-30 10:37:58 - [MESSAGE][PASSED] - Object: 'Object Repository/Page_KiboEngage  Upload Contacts/button_Enter phone numbers manually' is clicked on

2019-04-30 10:37:58 - [TEST_STEP][PASSED] - click(findTestObject("Object Repository/Page_KiboEngage  Upload Contacts/button_Add")): Object: 'Object Repository/Page_KiboEngage  Upload Contacts/button_Add' is clicked on

2019-04-30 10:37:58 - [MESSAGE][PASSED] - Object: 'Object Repository/Page_KiboEngage  Upload Contacts/button_Add' is clicked on

2019-04-30 10:37:58 - [TEST_STEP][PASSED] - click(findTestObject("Object Repository/Page_KiboEngage  Upload Contacts/span_Please fill all the fields")): Object: 'Object Repository/Page_KiboEngage  Upload Contacts/span_Please fill all the fields' is clicked on

2019-04-30 10:37:58 - [MESSAGE][PASSED] - Object: 'Object Repository/Page_KiboEngage  Upload Contacts/span_Please fill all the fields' is clicked on]]></system-out>
         <system-err><![CDATA[]]></system-err>
      </testcase>
      <testcase name="Test Cases/SMS/upload contacts/TC11157" classname="Test Cases/SMS/upload contacts/TC11157" status="PASSED">
         <system-out><![CDATA[2019-04-30 10:37:58 - [TEST_CASE][PASSED] - Test Cases/SMS/upload contacts/TC11157: Test Cases/SMS/upload contacts/TC11157

2019-04-30 10:37:58 - [TEST_STEP][PASSED] - click(findTestObject("Page_KiboPush  Dashboard/span_Dashboard")): Object: 'Object Repository/Page_KiboPush  Dashboard/span_Dashboard' is clicked on

2019-04-30 10:37:58 - [MESSAGE][PASSED] - Object: 'Object Repository/Page_KiboPush  Dashboard/span_Dashboard' is clicked on

2019-04-30 10:37:58 - [TEST_STEP][PASSED] - delay(1): Delayed 1 second(s)

2019-04-30 10:37:59 - [MESSAGE][PASSED] - Delayed 1 second(s)

2019-04-30 10:37:59 - [TEST_STEP][PASSED] - click(findTestObject("Object Repository/Page_KiboEngage  Dashboard/span_Upload Contacts")): Object: 'Object Repository/Page_KiboEngage  Dashboard/span_Upload Contacts' is clicked on

2019-04-30 10:37:59 - [MESSAGE][PASSED] - Object: 'Object Repository/Page_KiboEngage  Dashboard/span_Upload Contacts' is clicked on

2019-04-30 10:37:59 - [TEST_STEP][PASSED] - delay(1): Delayed 1 second(s)

2019-04-30 10:38:00 - [MESSAGE][PASSED] - Delayed 1 second(s)

2019-04-30 10:38:00 - [TEST_STEP][PASSED] - click(findTestObject("Object Repository/Page_KiboEngage  Upload Contacts/h3_Upload Contacts (1) (1) (1)")): Object: 'Object Repository/Page_KiboEngage  Upload Contacts/h3_Upload Contacts (1) (1) (1)' is clicked on

2019-04-30 10:38:01 - [MESSAGE][PASSED] - Object: 'Object Repository/Page_KiboEngage  Upload Contacts/h3_Upload Contacts (1) (1) (1)' is clicked on

2019-04-30 10:38:01 - [TEST_STEP][PASSED] - click(findTestObject("Object Repository/Page_KiboEngage  Upload Contacts/button_Enter phone numbers manually (1)")): Object: 'Object Repository/Page_KiboEngage  Upload Contacts/button_Enter phone numbers manually (1)' is clicked on

2019-04-30 10:38:01 - [MESSAGE][PASSED] - Object: 'Object Repository/Page_KiboEngage  Upload Contacts/button_Enter phone numbers manually (1)' is clicked on

2019-04-30 10:38:01 - [TEST_STEP][PASSED] - setText(findTestObject("Page_KiboEngage  Upload Contacts/input_Upload Contacts_form-control m-input"), "+923333739566"): Text '+923333739566' is set on object 'Object Repository/Page_KiboEngage  Upload Contacts/input_Upload Contacts_form-control m-input'

2019-04-30 10:38:01 - [MESSAGE][PASSED] - Text '+923333739566' is set on object 'Object Repository/Page_KiboEngage  Upload Contacts/input_Upload Contacts_form-control m-input'

2019-04-30 10:38:01 - [TEST_STEP][PASSED] - click(findTestObject("Object Repository/Page_KiboEngage  Upload Contacts/button_Add (1)")): Object: 'Object Repository/Page_KiboEngage  Upload Contacts/button_Add (1)' is clicked on

2019-04-30 10:38:01 - [MESSAGE][PASSED] - Object: 'Object Repository/Page_KiboEngage  Upload Contacts/button_Add (1)' is clicked on

2019-04-30 10:38:01 - [TEST_STEP][PASSED] - click(findTestObject("Object Repository/Page_KiboEngage  Upload Contacts/span_Please fill all the fields (1)")): Object: 'Object Repository/Page_KiboEngage  Upload Contacts/span_Please fill all the fields (1)' is clicked on

2019-04-30 10:38:01 - [MESSAGE][PASSED] - Object: 'Object Repository/Page_KiboEngage  Upload Contacts/span_Please fill all the fields (1)' is clicked on]]></system-out>
         <system-err><![CDATA[]]></system-err>
      </testcase>
      <testcase name="Test Cases/SMS/upload contacts/TC11158" classname="Test Cases/SMS/upload contacts/TC11158" status="PASSED">
         <system-out><![CDATA[2019-04-30 10:38:01 - [TEST_CASE][PASSED] - Test Cases/SMS/upload contacts/TC11158: Test Cases/SMS/upload contacts/TC11158

2019-04-30 10:38:01 - [TEST_STEP][PASSED] - click(findTestObject("Page_KiboPush  Dashboard/span_Dashboard")): Object: 'Object Repository/Page_KiboPush  Dashboard/span_Dashboard' is clicked on

2019-04-30 10:38:01 - [MESSAGE][PASSED] - Object: 'Object Repository/Page_KiboPush  Dashboard/span_Dashboard' is clicked on

2019-04-30 10:38:01 - [TEST_STEP][PASSED] - delay(1): Delayed 1 second(s)

2019-04-30 10:38:02 - [MESSAGE][PASSED] - Delayed 1 second(s)

2019-04-30 10:38:02 - [TEST_STEP][PASSED] - click(findTestObject("Object Repository/Page_KiboEngage  Dashboard/span_Upload Contacts")): Object: 'Object Repository/Page_KiboEngage  Dashboard/span_Upload Contacts' is clicked on

2019-04-30 10:38:02 - [MESSAGE][PASSED] - Object: 'Object Repository/Page_KiboEngage  Dashboard/span_Upload Contacts' is clicked on

2019-04-30 10:38:02 - [TEST_STEP][PASSED] - delay(1): Delayed 1 second(s)

2019-04-30 10:38:03 - [MESSAGE][PASSED] - Delayed 1 second(s)

2019-04-30 10:38:03 - [TEST_STEP][PASSED] - click(findTestObject("Page_KiboEngage  Upload Contacts/h3_Upload Contacts (1) (1) (1) (1)")): Object: 'Object Repository/Page_KiboEngage  Upload Contacts/h3_Upload Contacts (1) (1) (1) (1)' is clicked on

2019-04-30 10:38:03 - [MESSAGE][PASSED] - Object: 'Object Repository/Page_KiboEngage  Upload Contacts/h3_Upload Contacts (1) (1) (1) (1)' is clicked on

2019-04-30 10:38:03 - [TEST_STEP][PASSED] - click(findTestObject("Page_KiboEngage  Upload Contacts/button_Enter phone numbers manually (1) (1)")): Object: 'Object Repository/Page_KiboEngage  Upload Contacts/button_Enter phone numbers manually (1) (1)' is clicked on

2019-04-30 10:38:03 - [MESSAGE][PASSED] - Object: 'Object Repository/Page_KiboEngage  Upload Contacts/button_Enter phone numbers manually (1) (1)' is clicked on

2019-04-30 10:38:03 - [TEST_STEP][PASSED] - click(findTestObject("Page_KiboEngage  Upload Contacts/button_Add (1) (1)")): Object: 'Object Repository/Page_KiboEngage  Upload Contacts/button_Add (1) (1)' is clicked on

2019-04-30 10:38:03 - [MESSAGE][PASSED] - Object: 'Object Repository/Page_KiboEngage  Upload Contacts/button_Add (1) (1)' is clicked on

2019-04-30 10:38:03 - [TEST_STEP][PASSED] - click(findTestObject("Page_KiboEngage  Upload Contacts/span_Please fill all the fields (1) (1)")): Object: 'Object Repository/Page_KiboEngage  Upload Contacts/span_Please fill all the fields (1) (1)' is clicked on

2019-04-30 10:38:04 - [MESSAGE][PASSED] - Object: 'Object Repository/Page_KiboEngage  Upload Contacts/span_Please fill all the fields (1) (1)' is clicked on

2019-04-30 10:38:04 - [TEST_STEP][PASSED] - setText(findTestObject("Page_KiboEngage  Upload Contacts/input_Upload Contacts_form-control m-input (1)"), "Faizan"): Text 'Faizan' is set on object 'Object Repository/Page_KiboEngage  Upload Contacts/input_Upload Contacts_form-control m-input (1)'

2019-04-30 10:38:04 - [MESSAGE][PASSED] - Text 'Faizan' is set on object 'Object Repository/Page_KiboEngage  Upload Contacts/input_Upload Contacts_form-control m-input (1)'

2019-04-30 10:38:04 - [TEST_STEP][PASSED] - click(findTestObject("Page_KiboEngage  Upload Contacts/button_Add (2)")): Object: 'Object Repository/Page_KiboEngage  Upload Contacts/button_Add (2)' is clicked on

2019-04-30 10:38:04 - [MESSAGE][PASSED] - Object: 'Object Repository/Page_KiboEngage  Upload Contacts/button_Add (2)' is clicked on

2019-04-30 10:38:04 - [TEST_STEP][PASSED] - click(findTestObject("Page_KiboEngage  Upload Contacts/span_Please fill all the fields (2)")): Object: 'Object Repository/Page_KiboEngage  Upload Contacts/span_Please fill all the fields (2)' is clicked on

2019-04-30 10:38:04 - [MESSAGE][PASSED] - Object: 'Object Repository/Page_KiboEngage  Upload Contacts/span_Please fill all the fields (2)' is clicked on]]></system-out>
         <system-err><![CDATA[]]></system-err>
      </testcase>
      <testcase name="Test Cases/SMS/upload contacts/TC11159" classname="Test Cases/SMS/upload contacts/TC11159" status="PASSED">
         <system-out><![CDATA[2019-04-30 10:38:04 - [TEST_CASE][PASSED] - Test Cases/SMS/upload contacts/TC11159: Test Cases/SMS/upload contacts/TC11159

2019-04-30 10:38:04 - [TEST_STEP][PASSED] - click(findTestObject("Page_KiboPush  Dashboard/span_Dashboard")): Object: 'Object Repository/Page_KiboPush  Dashboard/span_Dashboard' is clicked on

2019-04-30 10:38:04 - [MESSAGE][PASSED] - Object: 'Object Repository/Page_KiboPush  Dashboard/span_Dashboard' is clicked on

2019-04-30 10:38:04 - [TEST_STEP][PASSED] - delay(1): Delayed 1 second(s)

2019-04-30 10:38:05 - [MESSAGE][PASSED] - Delayed 1 second(s)

2019-04-30 10:38:05 - [TEST_STEP][PASSED] - click(findTestObject("Object Repository/Page_KiboEngage  Dashboard/span_Upload Contacts")): Object: 'Object Repository/Page_KiboEngage  Dashboard/span_Upload Contacts' is clicked on

2019-04-30 10:38:05 - [MESSAGE][PASSED] - Object: 'Object Repository/Page_KiboEngage  Dashboard/span_Upload Contacts' is clicked on

2019-04-30 10:38:05 - [TEST_STEP][PASSED] - delay(1): Delayed 1 second(s)

2019-04-30 10:38:06 - [MESSAGE][PASSED] - Delayed 1 second(s)

2019-04-30 10:38:06 - [TEST_STEP][PASSED] - click(findTestObject("Object Repository/Page_KiboEngage  Upload Contacts/h3_Upload Contacts (1) (1) (1) (1) (1)")): Object: 'Object Repository/Page_KiboEngage  Upload Contacts/h3_Upload Contacts (1) (1) (1) (1) (1)' is clicked on

2019-04-30 10:38:06 - [MESSAGE][PASSED] - Object: 'Object Repository/Page_KiboEngage  Upload Contacts/h3_Upload Contacts (1) (1) (1) (1) (1)' is clicked on

2019-04-30 10:38:06 - [TEST_STEP][PASSED] - click(findTestObject("Object Repository/Page_KiboEngage  Upload Contacts/button_Enter phone numbers manually (1) (1) (1)")): Object: 'Object Repository/Page_KiboEngage  Upload Contacts/button_Enter phone numbers manually (1) (1) (1)' is clicked on

2019-04-30 10:38:06 - [MESSAGE][PASSED] - Object: 'Object Repository/Page_KiboEngage  Upload Contacts/button_Enter phone numbers manually (1) (1) (1)' is clicked on

2019-04-30 10:38:06 - [TEST_STEP][PASSED] - click(findTestObject("Object Repository/Page_KiboEngage  Upload Contacts/button_Add (1) (1) (1)")): Object: 'Object Repository/Page_KiboEngage  Upload Contacts/button_Add (1) (1) (1)' is clicked on

2019-04-30 10:38:06 - [MESSAGE][PASSED] - Object: 'Object Repository/Page_KiboEngage  Upload Contacts/button_Add (1) (1) (1)' is clicked on

2019-04-30 10:38:06 - [TEST_STEP][PASSED] - click(findTestObject("Object Repository/Page_KiboEngage  Upload Contacts/span_Please fill all the fields (1) (1) (1)")): Object: 'Object Repository/Page_KiboEngage  Upload Contacts/span_Please fill all the fields (1) (1) (1)' is clicked on

2019-04-30 10:38:06 - [MESSAGE][PASSED] - Object: 'Object Repository/Page_KiboEngage  Upload Contacts/span_Please fill all the fields (1) (1) (1)' is clicked on

2019-04-30 10:38:06 - [TEST_STEP][PASSED] - setText(findTestObject("Object Repository/Page_KiboEngage  Upload Contacts/input_Upload Contacts_form-control m-input (1) (1)"), "Faizan"): Text 'Faizan' is set on object 'Object Repository/Page_KiboEngage  Upload Contacts/input_Upload Contacts_form-control m-input (1) (1)'

2019-04-30 10:38:06 - [MESSAGE][PASSED] - Text 'Faizan' is set on object 'Object Repository/Page_KiboEngage  Upload Contacts/input_Upload Contacts_form-control m-input (1) (1)'

2019-04-30 10:38:06 - [TEST_STEP][PASSED] - setText(findTestObject("Object Repository/Page_KiboEngage  Upload Contacts/input_Upload Contacts_form-control m-input (2)"), "923333739566"): Text '923333739566' is set on object 'Object Repository/Page_KiboEngage  Upload Contacts/input_Upload Contacts_form-control m-input (2)'

2019-04-30 10:38:07 - [MESSAGE][PASSED] - Text '923333739566' is set on object 'Object Repository/Page_KiboEngage  Upload Contacts/input_Upload Contacts_form-control m-input (2)'

2019-04-30 10:38:07 - [TEST_STEP][PASSED] - click(findTestObject("Object Repository/Page_KiboEngage  Upload Contacts/button_Add (2) (1)")): Object: 'Object Repository/Page_KiboEngage  Upload Contacts/button_Add (2) (1)' is clicked on

2019-04-30 10:38:07 - [MESSAGE][PASSED] - Object: 'Object Repository/Page_KiboEngage  Upload Contacts/button_Add (2) (1)' is clicked on

2019-04-30 10:38:07 - [TEST_STEP][PASSED] - click(findTestObject("Object Repository/Page_KiboEngage  Upload Contacts/span_This number is invalid Please enter a valid number")): Object: 'Object Repository/Page_KiboEngage  Upload Contacts/span_This number is invalid Please enter a valid number' is clicked on

2019-04-30 10:38:07 - [MESSAGE][PASSED] - Object: 'Object Repository/Page_KiboEngage  Upload Contacts/span_This number is invalid Please enter a valid number' is clicked on]]></system-out>
         <system-err><![CDATA[]]></system-err>
      </testcase>
      <testcase name="Test Cases/SMS/upload contacts/TC11160" classname="Test Cases/SMS/upload contacts/TC11160" status="PASSED">
         <system-out><![CDATA[2019-04-30 10:38:07 - [TEST_CASE][PASSED] - Test Cases/SMS/upload contacts/TC11160: Test Cases/SMS/upload contacts/TC11160

2019-04-30 10:38:07 - [TEST_STEP][PASSED] - click(findTestObject("Page_KiboPush  Dashboard/span_Dashboard")): Object: 'Object Repository/Page_KiboPush  Dashboard/span_Dashboard' is clicked on

2019-04-30 10:38:07 - [MESSAGE][PASSED] - Object: 'Object Repository/Page_KiboPush  Dashboard/span_Dashboard' is clicked on

2019-04-30 10:38:07 - [TEST_STEP][PASSED] - delay(1): Delayed 1 second(s)

2019-04-30 10:38:08 - [MESSAGE][PASSED] - Delayed 1 second(s)

2019-04-30 10:38:08 - [TEST_STEP][PASSED] - click(findTestObject("Object Repository/Page_KiboEngage  Dashboard/span_Upload Contacts")): Object: 'Object Repository/Page_KiboEngage  Dashboard/span_Upload Contacts' is clicked on

2019-04-30 10:38:08 - [MESSAGE][PASSED] - Object: 'Object Repository/Page_KiboEngage  Dashboard/span_Upload Contacts' is clicked on

2019-04-30 10:38:08 - [TEST_STEP][PASSED] - delay(1): Delayed 1 second(s)

2019-04-30 10:38:09 - [MESSAGE][PASSED] - Delayed 1 second(s)

2019-04-30 10:38:09 - [TEST_STEP][PASSED] - click(findTestObject("Object Repository/Page_KiboEngage  Upload Contacts/h3_Upload Contacts (1) (1) (1) (1) (1) (1)")): Object: 'Object Repository/Page_KiboEngage  Upload Contacts/h3_Upload Contacts (1) (1) (1) (1) (1) (1)' is clicked on

2019-04-30 10:38:09 - [MESSAGE][PASSED] - Object: 'Object Repository/Page_KiboEngage  Upload Contacts/h3_Upload Contacts (1) (1) (1) (1) (1) (1)' is clicked on

2019-04-30 10:38:09 - [TEST_STEP][PASSED] - click(findTestObject("Object Repository/Page_KiboEngage  Upload Contacts/button_Enter phone numbers manually (1) (1) (1) (1)")): Object: 'Object Repository/Page_KiboEngage  Upload Contacts/button_Enter phone numbers manually (1) (1) (1) (1)' is clicked on

2019-04-30 10:38:09 - [MESSAGE][PASSED] - Object: 'Object Repository/Page_KiboEngage  Upload Contacts/button_Enter phone numbers manually (1) (1) (1) (1)' is clicked on

2019-04-30 10:38:09 - [TEST_STEP][PASSED] - click(findTestObject("Object Repository/Page_KiboEngage  Upload Contacts/button_Add (1) (1) (1) (1)")): Object: 'Object Repository/Page_KiboEngage  Upload Contacts/button_Add (1) (1) (1) (1)' is clicked on

2019-04-30 10:38:09 - [MESSAGE][PASSED] - Object: 'Object Repository/Page_KiboEngage  Upload Contacts/button_Add (1) (1) (1) (1)' is clicked on

2019-04-30 10:38:09 - [TEST_STEP][PASSED] - click(findTestObject("Object Repository/Page_KiboEngage  Upload Contacts/span_Please fill all the fields (1) (1) (1) (1)")): Object: 'Object Repository/Page_KiboEngage  Upload Contacts/span_Please fill all the fields (1) (1) (1) (1)' is clicked on

2019-04-30 10:38:09 - [MESSAGE][PASSED] - Object: 'Object Repository/Page_KiboEngage  Upload Contacts/span_Please fill all the fields (1) (1) (1) (1)' is clicked on

2019-04-30 10:38:09 - [TEST_STEP][PASSED] - setText(findTestObject("Object Repository/Page_KiboEngage  Upload Contacts/input_Upload Contacts_form-control m-input (1) (1) (1)"), "Faizan"): Text 'Faizan' is set on object 'Object Repository/Page_KiboEngage  Upload Contacts/input_Upload Contacts_form-control m-input (1) (1) (1)'

2019-04-30 10:38:09 - [MESSAGE][PASSED] - Text 'Faizan' is set on object 'Object Repository/Page_KiboEngage  Upload Contacts/input_Upload Contacts_form-control m-input (1) (1) (1)'

2019-04-30 10:38:09 - [TEST_STEP][PASSED] - setText(findTestObject("Object Repository/Page_KiboEngage  Upload Contacts/input_Upload Contacts_form-control m-input (2) (1)"), "+923333739566"): Text '+923333739566' is set on object 'Object Repository/Page_KiboEngage  Upload Contacts/input_Upload Contacts_form-control m-input (2) (1)'

2019-04-30 10:38:10 - [MESSAGE][PASSED] - Text '+923333739566' is set on object 'Object Repository/Page_KiboEngage  Upload Contacts/input_Upload Contacts_form-control m-input (2) (1)'

2019-04-30 10:38:10 - [TEST_STEP][PASSED] - click(findTestObject("Object Repository/Page_KiboEngage  Upload Contacts/button_Add (2) (1) (1)")): Object: 'Object Repository/Page_KiboEngage  Upload Contacts/button_Add (2) (1) (1)' is clicked on

2019-04-30 10:38:10 - [MESSAGE][PASSED] - Object: 'Object Repository/Page_KiboEngage  Upload Contacts/button_Add (2) (1) (1)' is clicked on

2019-04-30 10:38:10 - [TEST_STEP][PASSED] - click(findTestObject("Object Repository/Page_KiboEngage  Upload Contacts/button_Submit (1)")): Object: 'Object Repository/Page_KiboEngage  Upload Contacts/button_Submit (1)' is clicked on

2019-04-30 10:38:10 - [MESSAGE][PASSED] - Object: 'Object Repository/Page_KiboEngage  Upload Contacts/button_Submit (1)' is clicked on

2019-04-30 10:38:10 - [TEST_STEP][PASSED] - click(findTestObject("Object Repository/Page_KiboEngage  Upload Contacts/div_Contacts saved successfully")): Object: 'Object Repository/Page_KiboEngage  Upload Contacts/div_Contacts saved successfully' is clicked on

2019-04-30 10:38:10 - [MESSAGE][PASSED] - Object: 'Object Repository/Page_KiboEngage  Upload Contacts/div_Contacts saved successfully' is clicked on]]></system-out>
         <system-err><![CDATA[]]></system-err>
      </testcase>
      <testcase name="Test Cases/SMS/upload contacts/TC11161" classname="Test Cases/SMS/upload contacts/TC11161" status="PASSED">
         <system-out><![CDATA[2019-04-30 10:38:10 - [TEST_CASE][PASSED] - Test Cases/SMS/upload contacts/TC11161: Test Cases/SMS/upload contacts/TC11161

2019-04-30 10:38:10 - [TEST_STEP][PASSED] - click(findTestObject("Page_KiboPush  Dashboard/span_Dashboard")): Object: 'Object Repository/Page_KiboPush  Dashboard/span_Dashboard' is clicked on

2019-04-30 10:38:10 - [MESSAGE][PASSED] - Object: 'Object Repository/Page_KiboPush  Dashboard/span_Dashboard' is clicked on

2019-04-30 10:38:10 - [TEST_STEP][PASSED] - delay(1): Delayed 1 second(s)

2019-04-30 10:38:11 - [MESSAGE][PASSED] - Delayed 1 second(s)

2019-04-30 10:38:11 - [TEST_STEP][PASSED] - click(findTestObject("Object Repository/Page_KiboEngage  Dashboard/span_Upload Contacts")): Object: 'Object Repository/Page_KiboEngage  Dashboard/span_Upload Contacts' is clicked on

2019-04-30 10:38:11 - [MESSAGE][PASSED] - Object: 'Object Repository/Page_KiboEngage  Dashboard/span_Upload Contacts' is clicked on

2019-04-30 10:38:11 - [TEST_STEP][PASSED] - delay(1): Delayed 1 second(s)

2019-04-30 10:38:12 - [MESSAGE][PASSED] - Delayed 1 second(s)

2019-04-30 10:38:12 - [TEST_STEP][PASSED] - click(findTestObject("Object Repository/Page_KiboEngage  Upload Contacts/h3_Upload Contacts (1) (1) (1) (1) (1) (1) (1)")): Object: 'Object Repository/Page_KiboEngage  Upload Contacts/h3_Upload Contacts (1) (1) (1) (1) (1) (1) (1)' is clicked on

2019-04-30 10:38:13 - [MESSAGE][PASSED] - Object: 'Object Repository/Page_KiboEngage  Upload Contacts/h3_Upload Contacts (1) (1) (1) (1) (1) (1) (1)' is clicked on

2019-04-30 10:38:13 - [TEST_STEP][PASSED] - click(findTestObject("Object Repository/Page_KiboEngage  Upload Contacts/button_Enter phone numbers manually (1) (1) (1) (1) (1)")): Object: 'Object Repository/Page_KiboEngage  Upload Contacts/button_Enter phone numbers manually (1) (1) (1) (1) (1)' is clicked on

2019-04-30 10:38:13 - [MESSAGE][PASSED] - Object: 'Object Repository/Page_KiboEngage  Upload Contacts/button_Enter phone numbers manually (1) (1) (1) (1) (1)' is clicked on

2019-04-30 10:38:13 - [TEST_STEP][PASSED] - click(findTestObject("Object Repository/Page_KiboEngage  Upload Contacts/button_Add (1) (1) (1) (1) (1)")): Object: 'Object Repository/Page_KiboEngage  Upload Contacts/button_Add (1) (1) (1) (1) (1)' is clicked on

2019-04-30 10:38:13 - [MESSAGE][PASSED] - Object: 'Object Repository/Page_KiboEngage  Upload Contacts/button_Add (1) (1) (1) (1) (1)' is clicked on

2019-04-30 10:38:13 - [TEST_STEP][PASSED] - click(findTestObject("Object Repository/Page_KiboEngage  Upload Contacts/span_Please fill all the fields (1) (1) (1) (1) (1)")): Object: 'Object Repository/Page_KiboEngage  Upload Contacts/span_Please fill all the fields (1) (1) (1) (1) (1)' is clicked on

2019-04-30 10:38:13 - [MESSAGE][PASSED] - Object: 'Object Repository/Page_KiboEngage  Upload Contacts/span_Please fill all the fields (1) (1) (1) (1) (1)' is clicked on

2019-04-30 10:38:13 - [TEST_STEP][PASSED] - setText(findTestObject("Object Repository/Page_KiboEngage  Upload Contacts/input_Upload Contacts_form-control m-input (1) (1) (1) (1)"), "Faizan"): Text 'Faizan' is set on object 'Object Repository/Page_KiboEngage  Upload Contacts/input_Upload Contacts_form-control m-input (1) (1) (1) (1)'

2019-04-30 10:38:13 - [MESSAGE][PASSED] - Text 'Faizan' is set on object 'Object Repository/Page_KiboEngage  Upload Contacts/input_Upload Contacts_form-control m-input (1) (1) (1) (1)'

2019-04-30 10:38:13 - [TEST_STEP][PASSED] - setText(findTestObject("Object Repository/Page_KiboEngage  Upload Contacts/input_Upload Contacts_form-control m-input (2) (1) (1)"), "+923333739566"): Text '+923333739566' is set on object 'Object Repository/Page_KiboEngage  Upload Contacts/input_Upload Contacts_form-control m-input (2) (1) (1)'

2019-04-30 10:38:13 - [MESSAGE][PASSED] - Text '+923333739566' is set on object 'Object Repository/Page_KiboEngage  Upload Contacts/input_Upload Contacts_form-control m-input (2) (1) (1)'

2019-04-30 10:38:13 - [TEST_STEP][PASSED] - click(findTestObject("Object Repository/Page_KiboEngage  Upload Contacts/button_Add (2) (1) (1) (1)")): Object: 'Object Repository/Page_KiboEngage  Upload Contacts/button_Add (2) (1) (1) (1)' is clicked on

2019-04-30 10:38:13 - [MESSAGE][PASSED] - Object: 'Object Repository/Page_KiboEngage  Upload Contacts/button_Add (2) (1) (1) (1)' is clicked on

2019-04-30 10:38:13 - [TEST_STEP][PASSED] - setText(findTestObject("Object Repository/Page_KiboEngage  Upload Contacts/input_Upload Contacts_form-control m-input (1) (1) (1) (1)"), "Faizan"): Text 'Faizan' is set on object 'Object Repository/Page_KiboEngage  Upload Contacts/input_Upload Contacts_form-control m-input (1) (1) (1) (1)'

2019-04-30 10:38:13 - [MESSAGE][PASSED] - Text 'Faizan' is set on object 'Object Repository/Page_KiboEngage  Upload Contacts/input_Upload Contacts_form-control m-input (1) (1) (1) (1)'

2019-04-30 10:38:13 - [TEST_STEP][PASSED] - setText(findTestObject("Object Repository/Page_KiboEngage  Upload Contacts/input_Upload Contacts_form-control m-input (2) (1) (1)"), "+923333739566"): Text '+923333739566' is set on object 'Object Repository/Page_KiboEngage  Upload Contacts/input_Upload Contacts_form-control m-input (2) (1) (1)'

2019-04-30 10:38:14 - [MESSAGE][PASSED] - Text '+923333739566' is set on object 'Object Repository/Page_KiboEngage  Upload Contacts/input_Upload Contacts_form-control m-input (2) (1) (1)'

2019-04-30 10:38:14 - [TEST_STEP][PASSED] - click(findTestObject("Object Repository/Page_KiboEngage  Upload Contacts/button_Add (2) (1) (1) (1)")): Object: 'Object Repository/Page_KiboEngage  Upload Contacts/button_Add (2) (1) (1) (1)' is clicked on

2019-04-30 10:38:14 - [MESSAGE][PASSED] - Object: 'Object Repository/Page_KiboEngage  Upload Contacts/button_Add (2) (1) (1) (1)' is clicked on

2019-04-30 10:38:14 - [TEST_STEP][PASSED] - click(findTestObject("Object Repository/Page_KiboEngage  Upload Contacts/span_This number is already added")): Object: 'Object Repository/Page_KiboEngage  Upload Contacts/span_This number is already added' is clicked on

2019-04-30 10:38:14 - [MESSAGE][PASSED] - Object: 'Object Repository/Page_KiboEngage  Upload Contacts/span_This number is already added' is clicked on]]></system-out>
         <system-err><![CDATA[]]></system-err>
      </testcase>
      <testcase name="Test Cases/SMS/upload contacts/TC11162" classname="Test Cases/SMS/upload contacts/TC11162" status="PASSED">
         <system-out><![CDATA[2019-04-30 10:38:14 - [TEST_CASE][PASSED] - Test Cases/SMS/upload contacts/TC11162: Test Cases/SMS/upload contacts/TC11162

2019-04-30 10:38:14 - [TEST_STEP][PASSED] - click(findTestObject("Page_KiboPush  Dashboard/span_Dashboard")): Object: 'Object Repository/Page_KiboPush  Dashboard/span_Dashboard' is clicked on

2019-04-30 10:38:14 - [MESSAGE][PASSED] - Object: 'Object Repository/Page_KiboPush  Dashboard/span_Dashboard' is clicked on

2019-04-30 10:38:14 - [TEST_STEP][PASSED] - delay(1): Delayed 1 second(s)

2019-04-30 10:38:15 - [MESSAGE][PASSED] - Delayed 1 second(s)

2019-04-30 10:38:15 - [TEST_STEP][PASSED] - click(findTestObject("Object Repository/Page_KiboEngage  Dashboard/span_Upload Contacts")): Object: 'Object Repository/Page_KiboEngage  Dashboard/span_Upload Contacts' is clicked on

2019-04-30 10:38:15 - [MESSAGE][PASSED] - Object: 'Object Repository/Page_KiboEngage  Dashboard/span_Upload Contacts' is clicked on

2019-04-30 10:38:15 - [TEST_STEP][PASSED] - delay(1): Delayed 1 second(s)

2019-04-30 10:38:16 - [MESSAGE][PASSED] - Delayed 1 second(s)

2019-04-30 10:38:16 - [TEST_STEP][PASSED] - click(findTestObject("Object Repository/Page_KiboEngage  Upload Contacts/h3_Upload Contacts (1) (1) (1) (1) (1) (1) (1) (1)")): Object: 'Object Repository/Page_KiboEngage  Upload Contacts/h3_Upload Contacts (1) (1) (1) (1) (1) (1) (1) (1)' is clicked on

2019-04-30 10:38:16 - [MESSAGE][PASSED] - Object: 'Object Repository/Page_KiboEngage  Upload Contacts/h3_Upload Contacts (1) (1) (1) (1) (1) (1) (1) (1)' is clicked on

2019-04-30 10:38:16 - [TEST_STEP][PASSED] - click(findTestObject("Object Repository/Page_KiboEngage  Upload Contacts/button_Enter phone numbers manually (1) (1) (1) (1) (1) (1)")): Object: 'Object Repository/Page_KiboEngage  Upload Contacts/button_Enter phone numbers manually (1) (1) (1) (1) (1) (1)' is clicked on

2019-04-30 10:38:16 - [MESSAGE][PASSED] - Object: 'Object Repository/Page_KiboEngage  Upload Contacts/button_Enter phone numbers manually (1) (1) (1) (1) (1) (1)' is clicked on

2019-04-30 10:38:16 - [TEST_STEP][PASSED] - click(findTestObject("Object Repository/Page_KiboEngage  Upload Contacts/button_Back")): Object: 'Object Repository/Page_KiboEngage  Upload Contacts/button_Back' is clicked on

2019-04-30 10:38:16 - [MESSAGE][PASSED] - Object: 'Object Repository/Page_KiboEngage  Upload Contacts/button_Back' is clicked on]]></system-out>
         <system-err><![CDATA[]]></system-err>
      </testcase>
      <testcase name="Test Cases/SMS/upload contacts/TC11163" classname="Test Cases/SMS/upload contacts/TC11163" status="PASSED">
         <system-out><![CDATA[2019-04-30 10:38:16 - [TEST_CASE][PASSED] - Test Cases/SMS/upload contacts/TC11163: Test Cases/SMS/upload contacts/TC11163

2019-04-30 10:38:16 - [TEST_STEP][PASSED] - click(findTestObject("Page_KiboPush  Dashboard/span_Dashboard")): Object: 'Object Repository/Page_KiboPush  Dashboard/span_Dashboard' is clicked on

2019-04-30 10:38:16 - [MESSAGE][PASSED] - Object: 'Object Repository/Page_KiboPush  Dashboard/span_Dashboard' is clicked on

2019-04-30 10:38:16 - [TEST_STEP][PASSED] - delay(1): Delayed 1 second(s)

2019-04-30 10:38:17 - [MESSAGE][PASSED] - Delayed 1 second(s)

2019-04-30 10:38:17 - [TEST_STEP][PASSED] - click(findTestObject("Object Repository/Page_KiboEngage  Dashboard/span_Upload Contacts")): Object: 'Object Repository/Page_KiboEngage  Dashboard/span_Upload Contacts' is clicked on

2019-04-30 10:38:17 - [MESSAGE][PASSED] - Object: 'Object Repository/Page_KiboEngage  Dashboard/span_Upload Contacts' is clicked on

2019-04-30 10:38:17 - [TEST_STEP][PASSED] - delay(1): Delayed 1 second(s)

2019-04-30 10:38:18 - [MESSAGE][PASSED] - Delayed 1 second(s)

2019-04-30 10:38:18 - [TEST_STEP][PASSED] - click(findTestObject("Object Repository/Page_KiboEngage  Upload Contacts/h3_Upload Contacts (1) (1) (1) (1) (1) (1) (1) (2)")): Object: 'Object Repository/Page_KiboEngage  Upload Contacts/h3_Upload Contacts (1) (1) (1) (1) (1) (1) (1) (2)' is clicked on

2019-04-30 10:38:18 - [MESSAGE][PASSED] - Object: 'Object Repository/Page_KiboEngage  Upload Contacts/h3_Upload Contacts (1) (1) (1) (1) (1) (1) (1) (2)' is clicked on

2019-04-30 10:38:18 - [TEST_STEP][PASSED] - click(findTestObject("Object Repository/Page_KiboEngage  Upload Contacts/button_Enter phone numbers manually (1) (1) (1) (1) (1) (2)")): Object: 'Object Repository/Page_KiboEngage  Upload Contacts/button_Enter phone numbers manually (1) (1) (1) (1) (1) (2)' is clicked on

2019-04-30 10:38:19 - [MESSAGE][PASSED] - Object: 'Object Repository/Page_KiboEngage  Upload Contacts/button_Enter phone numbers manually (1) (1) (1) (1) (1) (2)' is clicked on

2019-04-30 10:38:19 - [TEST_STEP][PASSED] - click(findTestObject("Object Repository/Page_KiboEngage  Upload Contacts/button_Add (1) (1) (1) (1) (1) (1)")): Object: 'Object Repository/Page_KiboEngage  Upload Contacts/button_Add (1) (1) (1) (1) (1) (1)' is clicked on

2019-04-30 10:38:19 - [MESSAGE][PASSED] - Object: 'Object Repository/Page_KiboEngage  Upload Contacts/button_Add (1) (1) (1) (1) (1) (1)' is clicked on

2019-04-30 10:38:19 - [TEST_STEP][PASSED] - click(findTestObject("Object Repository/Page_KiboEngage  Upload Contacts/span_Please fill all the fields (1) (1) (1) (1) (1) (1)")): Object: 'Object Repository/Page_KiboEngage  Upload Contacts/span_Please fill all the fields (1) (1) (1) (1) (1) (1)' is clicked on

2019-04-30 10:38:19 - [MESSAGE][PASSED] - Object: 'Object Repository/Page_KiboEngage  Upload Contacts/span_Please fill all the fields (1) (1) (1) (1) (1) (1)' is clicked on

2019-04-30 10:38:19 - [TEST_STEP][PASSED] - setText(findTestObject("Object Repository/Page_KiboEngage  Upload Contacts/input_Upload Contacts_form-control m-input (1) (1) (1) (1) (1)"), "Faizan"): Text 'Faizan' is set on object 'Object Repository/Page_KiboEngage  Upload Contacts/input_Upload Contacts_form-control m-input (1) (1) (1) (1) (1)'

2019-04-30 10:38:19 - [MESSAGE][PASSED] - Text 'Faizan' is set on object 'Object Repository/Page_KiboEngage  Upload Contacts/input_Upload Contacts_form-control m-input (1) (1) (1) (1) (1)'

2019-04-30 10:38:19 - [TEST_STEP][PASSED] - setText(findTestObject("Object Repository/Page_KiboEngage  Upload Contacts/input_Upload Contacts_form-control m-input (2) (1) (1) (1)"), "+923333739566"): Text '+923333739566' is set on object 'Object Repository/Page_KiboEngage  Upload Contacts/input_Upload Contacts_form-control m-input (2) (1) (1) (1)'

2019-04-30 10:38:19 - [MESSAGE][PASSED] - Text '+923333739566' is set on object 'Object Repository/Page_KiboEngage  Upload Contacts/input_Upload Contacts_form-control m-input (2) (1) (1) (1)'

2019-04-30 10:38:19 - [TEST_STEP][PASSED] - click(findTestObject("Object Repository/Page_KiboEngage  Upload Contacts/button_Add (2) (1) (1) (1) (1)")): Object: 'Object Repository/Page_KiboEngage  Upload Contacts/button_Add (2) (1) (1) (1) (1)' is clicked on

2019-04-30 10:38:19 - [MESSAGE][PASSED] - Object: 'Object Repository/Page_KiboEngage  Upload Contacts/button_Add (2) (1) (1) (1) (1)' is clicked on

2019-04-30 10:38:19 - [TEST_STEP][PASSED] - click(findTestObject("Object Repository/Page_KiboEngage  Upload Contacts/i_Faizan_fa fa-times-circle")): Object: 'Object Repository/Page_KiboEngage  Upload Contacts/i_Faizan_fa fa-times-circle' is clicked on

2019-04-30 10:38:19 - [MESSAGE][PASSED] - Object: 'Object Repository/Page_KiboEngage  Upload Contacts/i_Faizan_fa fa-times-circle' is clicked on]]></system-out>
         <system-err><![CDATA[]]></system-err>
      </testcase>
      <testcase name="Test Cases/SMS/sms broadcast/TC11171" classname="Test Cases/SMS/sms broadcast/TC11171" status="PASSED">
         <system-out><![CDATA[2019-04-30 10:38:19 - [TEST_CASE][PASSED] - Test Cases/SMS/sms broadcast/TC11171: Test Cases/SMS/sms broadcast/TC11171

2019-04-30 10:38:19 - [TEST_STEP][PASSED] - click(findTestObject("Page_KiboPush  Dashboard/span_Dashboard")): Object: 'Object Repository/Page_KiboPush  Dashboard/span_Dashboard' is clicked on

2019-04-30 10:38:19 - [MESSAGE][PASSED] - Object: 'Object Repository/Page_KiboPush  Dashboard/span_Dashboard' is clicked on

2019-04-30 10:38:19 - [TEST_STEP][PASSED] - delay(1): Delayed 1 second(s)

2019-04-30 10:38:20 - [MESSAGE][PASSED] - Delayed 1 second(s)

2019-04-30 10:38:20 - [TEST_STEP][PASSED] - click(findTestObject("Page_KiboEngage  Dashboard/span_Broadcasting (1)")): Object: 'Object Repository/Page_KiboEngage  Dashboard/span_Broadcasting (1)' is clicked on

2019-04-30 10:38:21 - [MESSAGE][PASSED] - Object: 'Object Repository/Page_KiboEngage  Dashboard/span_Broadcasting (1)' is clicked on

2019-04-30 10:38:21 - [TEST_STEP][PASSED] - delay(1): Delayed 1 second(s)

2019-04-30 10:38:22 - [MESSAGE][PASSED] - Delayed 1 second(s)

2019-04-30 10:38:22 - [TEST_STEP][PASSED] - click(findTestObject("Object Repository/Page_KiboEngage  Dashboard/span_Broadcasts")): Object: 'Object Repository/Page_KiboEngage  Dashboard/span_Broadcasts' is clicked on

2019-04-30 10:38:22 - [MESSAGE][PASSED] - Object: 'Object Repository/Page_KiboEngage  Dashboard/span_Broadcasts' is clicked on

2019-04-30 10:38:22 - [TEST_STEP][PASSED] - delay(1): Delayed 1 second(s)

2019-04-30 10:38:23 - [MESSAGE][PASSED] - Delayed 1 second(s)

2019-04-30 10:38:23 - [TEST_STEP][PASSED] - click(findTestObject("Object Repository/Page_KiboEngage  Broadcasts/h3_Broadcasts")): Object: 'Object Repository/Page_KiboEngage  Broadcasts/h3_Broadcasts' is clicked on

2019-04-30 10:38:23 - [MESSAGE][PASSED] - Object: 'Object Repository/Page_KiboEngage  Broadcasts/h3_Broadcasts' is clicked on]]></system-out>
         <system-err><![CDATA[]]></system-err>
      </testcase>
      <testcase name="Test Cases/SMS/sms broadcast/TC11172" classname="Test Cases/SMS/sms broadcast/TC11172" status="PASSED">
         <system-out><![CDATA[2019-04-30 10:38:23 - [TEST_CASE][PASSED] - Test Cases/SMS/sms broadcast/TC11172: Test Cases/SMS/sms broadcast/TC11172

2019-04-30 10:38:23 - [TEST_STEP][PASSED] - click(findTestObject("Page_KiboPush  Dashboard/span_Dashboard")): Object: 'Object Repository/Page_KiboPush  Dashboard/span_Dashboard' is clicked on

2019-04-30 10:38:23 - [MESSAGE][PASSED] - Object: 'Object Repository/Page_KiboPush  Dashboard/span_Dashboard' is clicked on

2019-04-30 10:38:23 - [TEST_STEP][PASSED] - delay(1): Delayed 1 second(s)

2019-04-30 10:38:24 - [MESSAGE][PASSED] - Delayed 1 second(s)

2019-04-30 10:38:24 - [TEST_STEP][PASSED] - click(findTestObject("Object Repository/Page_KiboEngage  Dashboard/span_Broadcasts")): Object: 'Object Repository/Page_KiboEngage  Dashboard/span_Broadcasts' is clicked on

2019-04-30 10:38:24 - [MESSAGE][PASSED] - Object: 'Object Repository/Page_KiboEngage  Dashboard/span_Broadcasts' is clicked on

2019-04-30 10:38:24 - [TEST_STEP][PASSED] - delay(1): Delayed 1 second(s)

2019-04-30 10:38:25 - [MESSAGE][PASSED] - Delayed 1 second(s)

2019-04-30 10:38:25 - [TEST_STEP][PASSED] - click(findTestObject("Object Repository/Page_KiboEngage  Broadcasts/h3_Broadcasts")): Object: 'Object Repository/Page_KiboEngage  Broadcasts/h3_Broadcasts' is clicked on

2019-04-30 10:38:25 - [MESSAGE][PASSED] - Object: 'Object Repository/Page_KiboEngage  Broadcasts/h3_Broadcasts' is clicked on

2019-04-30 10:38:25 - [TEST_STEP][PASSED] - delay(1): Delayed 1 second(s)

2019-04-30 10:38:26 - [MESSAGE][PASSED] - Delayed 1 second(s)

2019-04-30 10:38:26 - [TEST_STEP][PASSED] - driver = getWebDriver(): null

2019-04-30 10:38:26 - [TEST_STEP][PASSED] - Table = driver.findElement(By.xpath("//*[@id="ajax_data"]/table/tbody")): null

2019-04-30 10:38:26 - [TEST_STEP][PASSED] - rows_table = Table.findElements(By.tagName("tr")): null

2019-04-30 10:38:26 - [TEST_STEP][PASSED] - verifyGreaterThanOrEqual(rows_table.size(), 1): Actual number '10' is greater than or equal to expected number '1'

2019-04-30 10:38:26 - [MESSAGE][PASSED] - Actual number '10' is greater than or equal to expected number '1']]></system-out>
         <system-err><![CDATA[]]></system-err>
      </testcase>
      <testcase name="Test Cases/SMS/sms broadcast/TC11173" classname="Test Cases/SMS/sms broadcast/TC11173" status="PASSED">
         <system-out><![CDATA[2019-04-30 10:38:26 - [TEST_CASE][PASSED] - Test Cases/SMS/sms broadcast/TC11173: Test Cases/SMS/sms broadcast/TC11173

2019-04-30 10:38:26 - [TEST_STEP][PASSED] - click(findTestObject("Page_KiboPush  Dashboard/span_Dashboard")): Object: 'Object Repository/Page_KiboPush  Dashboard/span_Dashboard' is clicked on

2019-04-30 10:38:26 - [MESSAGE][PASSED] - Object: 'Object Repository/Page_KiboPush  Dashboard/span_Dashboard' is clicked on

2019-04-30 10:38:26 - [TEST_STEP][PASSED] - delay(1): Delayed 1 second(s)

2019-04-30 10:38:27 - [MESSAGE][PASSED] - Delayed 1 second(s)

2019-04-30 10:38:27 - [TEST_STEP][PASSED] - click(findTestObject("Object Repository/Page_KiboEngage  Dashboard/span_Broadcasts")): Object: 'Object Repository/Page_KiboEngage  Dashboard/span_Broadcasts' is clicked on

2019-04-30 10:38:27 - [MESSAGE][PASSED] - Object: 'Object Repository/Page_KiboEngage  Dashboard/span_Broadcasts' is clicked on

2019-04-30 10:38:27 - [TEST_STEP][PASSED] - delay(1): Delayed 1 second(s)

2019-04-30 10:38:28 - [MESSAGE][PASSED] - Delayed 1 second(s)

2019-04-30 10:38:28 - [TEST_STEP][PASSED] - click(findTestObject("Object Repository/Page_KiboEngage  Broadcasts/h3_Broadcasts")): Object: 'Object Repository/Page_KiboEngage  Broadcasts/h3_Broadcasts' is clicked on

2019-04-30 10:38:28 - [MESSAGE][PASSED] - Object: 'Object Repository/Page_KiboEngage  Broadcasts/h3_Broadcasts' is clicked on

2019-04-30 10:38:28 - [TEST_STEP][PASSED] - delay(1): Delayed 1 second(s)

2019-04-30 10:38:29 - [MESSAGE][PASSED] - Delayed 1 second(s)]]></system-out>
         <system-err><![CDATA[]]></system-err>
      </testcase>
      <testcase name="Test Cases/SMS/sms broadcast/TC11174" classname="Test Cases/SMS/sms broadcast/TC11174" status="PASSED">
         <system-out><![CDATA[2019-04-30 10:38:29 - [TEST_CASE][PASSED] - Test Cases/SMS/sms broadcast/TC11174: Test Cases/SMS/sms broadcast/TC11174

2019-04-30 10:38:29 - [TEST_STEP][PASSED] - click(findTestObject("Page_KiboPush  Dashboard/span_Dashboard")): Object: 'Object Repository/Page_KiboPush  Dashboard/span_Dashboard' is clicked on

2019-04-30 10:38:30 - [MESSAGE][PASSED] - Object: 'Object Repository/Page_KiboPush  Dashboard/span_Dashboard' is clicked on

2019-04-30 10:38:30 - [TEST_STEP][PASSED] - delay(1): Delayed 1 second(s)

2019-04-30 10:38:31 - [MESSAGE][PASSED] - Delayed 1 second(s)

2019-04-30 10:38:31 - [TEST_STEP][PASSED] - click(findTestObject("Object Repository/Page_KiboEngage  Dashboard/span_Broadcasts")): Object: 'Object Repository/Page_KiboEngage  Dashboard/span_Broadcasts' is clicked on

2019-04-30 10:38:31 - [MESSAGE][PASSED] - Object: 'Object Repository/Page_KiboEngage  Dashboard/span_Broadcasts' is clicked on

2019-04-30 10:38:31 - [TEST_STEP][PASSED] - delay(1): Delayed 1 second(s)

2019-04-30 10:38:32 - [MESSAGE][PASSED] - Delayed 1 second(s)

2019-04-30 10:38:32 - [TEST_STEP][PASSED] - click(findTestObject("Object Repository/Page_KiboEngage  Broadcasts/h3_Broadcasts")): Object: 'Object Repository/Page_KiboEngage  Broadcasts/h3_Broadcasts' is clicked on

2019-04-30 10:38:32 - [MESSAGE][PASSED] - Object: 'Object Repository/Page_KiboEngage  Broadcasts/h3_Broadcasts' is clicked on

2019-04-30 10:38:32 - [TEST_STEP][PASSED] - delay(1): Delayed 1 second(s)

2019-04-30 10:38:33 - [MESSAGE][PASSED] - Delayed 1 second(s)]]></system-out>
         <system-err><![CDATA[]]></system-err>
      </testcase>
      <testcase name="Test Cases/SMS/sms broadcast/TC11175" classname="Test Cases/SMS/sms broadcast/TC11175" status="PASSED">
         <system-out><![CDATA[2019-04-30 10:38:33 - [TEST_CASE][PASSED] - Test Cases/SMS/sms broadcast/TC11175: Test Cases/SMS/sms broadcast/TC11175

2019-04-30 10:38:33 - [TEST_STEP][PASSED] - click(findTestObject("Page_KiboPush  Dashboard/span_Dashboard")): Object: 'Object Repository/Page_KiboPush  Dashboard/span_Dashboard' is clicked on

2019-04-30 10:38:33 - [MESSAGE][PASSED] - Object: 'Object Repository/Page_KiboPush  Dashboard/span_Dashboard' is clicked on

2019-04-30 10:38:33 - [TEST_STEP][PASSED] - delay(1): Delayed 1 second(s)

2019-04-30 10:38:34 - [MESSAGE][PASSED] - Delayed 1 second(s)

2019-04-30 10:38:34 - [TEST_STEP][PASSED] - click(findTestObject("Object Repository/Page_KiboEngage  Dashboard/span_Broadcasts")): Object: 'Object Repository/Page_KiboEngage  Dashboard/span_Broadcasts' is clicked on

2019-04-30 10:38:34 - [MESSAGE][PASSED] - Object: 'Object Repository/Page_KiboEngage  Dashboard/span_Broadcasts' is clicked on

2019-04-30 10:38:34 - [TEST_STEP][PASSED] - delay(1): Delayed 1 second(s)

2019-04-30 10:38:35 - [MESSAGE][PASSED] - Delayed 1 second(s)

2019-04-30 10:38:35 - [TEST_STEP][PASSED] - click(findTestObject("Object Repository/Page_KiboEngage  Broadcasts/h3_Broadcasts")): Object: 'Object Repository/Page_KiboEngage  Broadcasts/h3_Broadcasts' is clicked on

2019-04-30 10:38:35 - [MESSAGE][PASSED] - Object: 'Object Repository/Page_KiboEngage  Broadcasts/h3_Broadcasts' is clicked on

2019-04-30 10:38:35 - [TEST_STEP][PASSED] - delay(1): Delayed 1 second(s)

2019-04-30 10:38:36 - [MESSAGE][PASSED] - Delayed 1 second(s)]]></system-out>
         <system-err><![CDATA[]]></system-err>
      </testcase>
      <testcase name="Test Cases/SMS/sms broadcast/TC11176" classname="Test Cases/SMS/sms broadcast/TC11176" status="PASSED">
         <system-out><![CDATA[2019-04-30 10:38:36 - [TEST_CASE][PASSED] - Test Cases/SMS/sms broadcast/TC11176: Test Cases/SMS/sms broadcast/TC11176

2019-04-30 10:38:36 - [TEST_STEP][PASSED] - click(findTestObject("Page_KiboPush  Dashboard/span_Dashboard")): Object: 'Object Repository/Page_KiboPush  Dashboard/span_Dashboard' is clicked on

2019-04-30 10:38:36 - [MESSAGE][PASSED] - Object: 'Object Repository/Page_KiboPush  Dashboard/span_Dashboard' is clicked on

2019-04-30 10:38:36 - [TEST_STEP][PASSED] - delay(1): Delayed 1 second(s)

2019-04-30 10:38:37 - [MESSAGE][PASSED] - Delayed 1 second(s)

2019-04-30 10:38:37 - [TEST_STEP][PASSED] - click(findTestObject("Object Repository/Page_KiboEngage  Dashboard/span_Broadcasts")): Object: 'Object Repository/Page_KiboEngage  Dashboard/span_Broadcasts' is clicked on

2019-04-30 10:38:37 - [MESSAGE][PASSED] - Object: 'Object Repository/Page_KiboEngage  Dashboard/span_Broadcasts' is clicked on

2019-04-30 10:38:37 - [TEST_STEP][PASSED] - delay(1): Delayed 1 second(s)

2019-04-30 10:38:38 - [MESSAGE][PASSED] - Delayed 1 second(s)

2019-04-30 10:38:38 - [TEST_STEP][PASSED] - click(findTestObject("Object Repository/Page_KiboEngage  Broadcasts/h3_Broadcasts (1) (1) (1)")): Object: 'Object Repository/Page_KiboEngage  Broadcasts/h3_Broadcasts (1) (1) (1)' is clicked on

2019-04-30 10:38:38 - [MESSAGE][PASSED] - Object: 'Object Repository/Page_KiboEngage  Broadcasts/h3_Broadcasts (1) (1) (1)' is clicked on

2019-04-30 10:38:38 - [TEST_STEP][PASSED] - delay(1): Delayed 1 second(s)

2019-04-30 10:38:39 - [MESSAGE][PASSED] - Delayed 1 second(s)

2019-04-30 10:38:39 - [TEST_STEP][PASSED] - click(findTestObject("Object Repository/Page_KiboEngage  Broadcasts/span_Create New (1) (1)")): Object: 'Object Repository/Page_KiboEngage  Broadcasts/span_Create New (1) (1)' is clicked on

2019-04-30 10:38:39 - [MESSAGE][PASSED] - Object: 'Object Repository/Page_KiboEngage  Broadcasts/span_Create New (1) (1)' is clicked on

2019-04-30 10:38:39 - [TEST_STEP][PASSED] - click(findTestObject("Object Repository/Page_KiboEngage  Broadcasts/button_Create New Broadcast (1) (1)")): Object: 'Object Repository/Page_KiboEngage  Broadcasts/button_Create New Broadcast (1) (1)' is clicked on

2019-04-30 10:38:40 - [MESSAGE][PASSED] - Object: 'Object Repository/Page_KiboEngage  Broadcasts/button_Create New Broadcast (1) (1)' is clicked on]]></system-out>
         <system-err><![CDATA[]]></system-err>
      </testcase>
      <testcase name="Test Cases/SMS/sms broadcast/TC11177" classname="Test Cases/SMS/sms broadcast/TC11177" status="PASSED">
         <system-out><![CDATA[2019-04-30 10:38:40 - [TEST_CASE][PASSED] - Test Cases/SMS/sms broadcast/TC11177: Test Cases/SMS/sms broadcast/TC11177

2019-04-30 10:38:40 - [TEST_STEP][PASSED] - click(findTestObject("Page_KiboPush  Dashboard/span_Dashboard")): Object: 'Object Repository/Page_KiboPush  Dashboard/span_Dashboard' is clicked on

2019-04-30 10:38:40 - [MESSAGE][PASSED] - Object: 'Object Repository/Page_KiboPush  Dashboard/span_Dashboard' is clicked on

2019-04-30 10:38:40 - [TEST_STEP][PASSED] - delay(1): Delayed 1 second(s)

2019-04-30 10:38:41 - [MESSAGE][PASSED] - Delayed 1 second(s)

2019-04-30 10:38:41 - [TEST_STEP][PASSED] - click(findTestObject("Object Repository/Page_KiboEngage  Dashboard/span_Broadcasts")): Object: 'Object Repository/Page_KiboEngage  Dashboard/span_Broadcasts' is clicked on

2019-04-30 10:38:41 - [MESSAGE][PASSED] - Object: 'Object Repository/Page_KiboEngage  Dashboard/span_Broadcasts' is clicked on

2019-04-30 10:38:41 - [TEST_STEP][PASSED] - delay(1): Delayed 1 second(s)

2019-04-30 10:38:42 - [MESSAGE][PASSED] - Delayed 1 second(s)

2019-04-30 10:38:42 - [TEST_STEP][PASSED] - click(findTestObject("Object Repository/Page_KiboEngage  Broadcasts/h3_Broadcasts (1)")): Object: 'Object Repository/Page_KiboEngage  Broadcasts/h3_Broadcasts (1)' is clicked on

2019-04-30 10:38:42 - [MESSAGE][PASSED] - Object: 'Object Repository/Page_KiboEngage  Broadcasts/h3_Broadcasts (1)' is clicked on

2019-04-30 10:38:42 - [TEST_STEP][PASSED] - delay(1): Delayed 1 second(s)

2019-04-30 10:38:43 - [MESSAGE][PASSED] - Delayed 1 second(s)

2019-04-30 10:38:43 - [TEST_STEP][PASSED] - click(findTestObject("Object Repository/Page_KiboEngage  Broadcasts/span_Create New")): Object: 'Object Repository/Page_KiboEngage  Broadcasts/span_Create New' is clicked on

2019-04-30 10:38:43 - [MESSAGE][PASSED] - Object: 'Object Repository/Page_KiboEngage  Broadcasts/span_Create New' is clicked on

2019-04-30 10:38:43 - [TEST_STEP][PASSED] - click(findTestObject("Object Repository/Page_KiboEngage  Broadcasts/button_Create New Broadcast")): Object: 'Object Repository/Page_KiboEngage  Broadcasts/button_Create New Broadcast' is clicked on

2019-04-30 10:38:43 - [MESSAGE][PASSED] - Object: 'Object Repository/Page_KiboEngage  Broadcasts/button_Create New Broadcast' is clicked on

2019-04-30 10:38:43 - [TEST_STEP][PASSED] - delay(1): Delayed 1 second(s)

2019-04-30 10:38:44 - [MESSAGE][PASSED] - Delayed 1 second(s)

2019-04-30 10:38:44 - [TEST_STEP][PASSED] - click(findTestObject("Object Repository/Page_KiboEngage  Broadcasts/span_Send")): Object: 'Object Repository/Page_KiboEngage  Broadcasts/span_Send' is clicked on

2019-04-30 10:38:44 - [MESSAGE][PASSED] - Object: 'Object Repository/Page_KiboEngage  Broadcasts/span_Send' is clicked on

2019-04-30 10:38:44 - [TEST_STEP][PASSED] - click(findTestObject("Object Repository/Page_KiboEngage  Broadcasts/div_Please enter the title of the broadcast")): Object: 'Object Repository/Page_KiboEngage  Broadcasts/div_Please enter the title of the broadcast' is clicked on

2019-04-30 10:38:44 - [MESSAGE][PASSED] - Object: 'Object Repository/Page_KiboEngage  Broadcasts/div_Please enter the title of the broadcast' is clicked on]]></system-out>
         <system-err><![CDATA[]]></system-err>
      </testcase>
      <testcase name="Test Cases/SMS/sms broadcast/TC11178" classname="Test Cases/SMS/sms broadcast/TC11178" status="PASSED">
         <system-out><![CDATA[2019-04-30 10:38:44 - [TEST_CASE][PASSED] - Test Cases/SMS/sms broadcast/TC11178: Test Cases/SMS/sms broadcast/TC11178

2019-04-30 10:38:44 - [TEST_STEP][PASSED] - click(findTestObject("Page_KiboPush  Dashboard/span_Dashboard")): Object: 'Object Repository/Page_KiboPush  Dashboard/span_Dashboard' is clicked on

2019-04-30 10:38:44 - [MESSAGE][PASSED] - Object: 'Object Repository/Page_KiboPush  Dashboard/span_Dashboard' is clicked on

2019-04-30 10:38:44 - [TEST_STEP][PASSED] - delay(1): Delayed 1 second(s)

2019-04-30 10:38:45 - [MESSAGE][PASSED] - Delayed 1 second(s)

2019-04-30 10:38:45 - [TEST_STEP][PASSED] - click(findTestObject("Object Repository/Page_KiboEngage  Dashboard/span_Broadcasts")): Object: 'Object Repository/Page_KiboEngage  Dashboard/span_Broadcasts' is clicked on

2019-04-30 10:38:46 - [MESSAGE][PASSED] - Object: 'Object Repository/Page_KiboEngage  Dashboard/span_Broadcasts' is clicked on

2019-04-30 10:38:46 - [TEST_STEP][PASSED] - delay(1): Delayed 1 second(s)

2019-04-30 10:38:47 - [MESSAGE][PASSED] - Delayed 1 second(s)

2019-04-30 10:38:47 - [TEST_STEP][PASSED] - click(findTestObject("Page_KiboEngage  Broadcasts/h3_Broadcasts (1) (1)")): Object: 'Object Repository/Page_KiboEngage  Broadcasts/h3_Broadcasts (1) (1)' is clicked on

2019-04-30 10:38:47 - [MESSAGE][PASSED] - Object: 'Object Repository/Page_KiboEngage  Broadcasts/h3_Broadcasts (1) (1)' is clicked on

2019-04-30 10:38:47 - [TEST_STEP][PASSED] - delay(1): Delayed 1 second(s)

2019-04-30 10:38:48 - [MESSAGE][PASSED] - Delayed 1 second(s)

2019-04-30 10:38:48 - [TEST_STEP][PASSED] - click(findTestObject("Page_KiboEngage  Broadcasts/span_Create New (1)")): Object: 'Object Repository/Page_KiboEngage  Broadcasts/span_Create New (1)' is clicked on

2019-04-30 10:38:48 - [MESSAGE][PASSED] - Object: 'Object Repository/Page_KiboEngage  Broadcasts/span_Create New (1)' is clicked on

2019-04-30 10:38:48 - [TEST_STEP][PASSED] - click(findTestObject("Page_KiboEngage  Broadcasts/button_Create New Broadcast (1)")): Object: 'Object Repository/Page_KiboEngage  Broadcasts/button_Create New Broadcast (1)' is clicked on

2019-04-30 10:38:48 - [MESSAGE][PASSED] - Object: 'Object Repository/Page_KiboEngage  Broadcasts/button_Create New Broadcast (1)' is clicked on

2019-04-30 10:38:48 - [TEST_STEP][PASSED] - delay(1): Delayed 1 second(s)

2019-04-30 10:38:49 - [MESSAGE][PASSED] - Delayed 1 second(s)

2019-04-30 10:38:49 - [TEST_STEP][PASSED] - setText(findTestObject("Page_KiboEngage  Broadcasts/textarea_HELLO"), "HELLO"): Text 'HELLO' is set on object 'Object Repository/Page_KiboEngage  Broadcasts/textarea_HELLO'

2019-04-30 10:38:49 - [MESSAGE][PASSED] - Text 'HELLO' is set on object 'Object Repository/Page_KiboEngage  Broadcasts/textarea_HELLO'

2019-04-30 10:38:49 - [TEST_STEP][PASSED] - click(findTestObject("Page_KiboEngage  Broadcasts/span_Send (1)")): Object: 'Object Repository/Page_KiboEngage  Broadcasts/span_Send (1)' is clicked on

2019-04-30 10:38:49 - [MESSAGE][PASSED] - Object: 'Object Repository/Page_KiboEngage  Broadcasts/span_Send (1)' is clicked on

2019-04-30 10:38:49 - [TEST_STEP][PASSED] - click(findTestObject("Page_KiboEngage  Broadcasts/div_Please enter the title of the broadcast (1)")): Object: 'Object Repository/Page_KiboEngage  Broadcasts/div_Please enter the title of the broadcast (1)' is clicked on

2019-04-30 10:38:49 - [MESSAGE][PASSED] - Object: 'Object Repository/Page_KiboEngage  Broadcasts/div_Please enter the title of the broadcast (1)' is clicked on]]></system-out>
         <system-err><![CDATA[]]></system-err>
      </testcase>
      <testcase name="Test Cases/SMS/sms broadcast/TC11179" classname="Test Cases/SMS/sms broadcast/TC11179" status="PASSED">
         <system-out><![CDATA[2019-04-30 10:38:49 - [TEST_CASE][PASSED] - Test Cases/SMS/sms broadcast/TC11179: Test Cases/SMS/sms broadcast/TC11179

2019-04-30 10:38:49 - [TEST_STEP][PASSED] - click(findTestObject("Page_KiboPush  Dashboard/span_Dashboard")): Object: 'Object Repository/Page_KiboPush  Dashboard/span_Dashboard' is clicked on

2019-04-30 10:38:49 - [MESSAGE][PASSED] - Object: 'Object Repository/Page_KiboPush  Dashboard/span_Dashboard' is clicked on

2019-04-30 10:38:49 - [TEST_STEP][PASSED] - delay(1): Delayed 1 second(s)

2019-04-30 10:38:50 - [MESSAGE][PASSED] - Delayed 1 second(s)

2019-04-30 10:38:50 - [TEST_STEP][PASSED] - click(findTestObject("Object Repository/Page_KiboEngage  Dashboard/span_Broadcasts")): Object: 'Object Repository/Page_KiboEngage  Dashboard/span_Broadcasts' is clicked on

2019-04-30 10:38:50 - [MESSAGE][PASSED] - Object: 'Object Repository/Page_KiboEngage  Dashboard/span_Broadcasts' is clicked on

2019-04-30 10:38:50 - [TEST_STEP][PASSED] - delay(1): Delayed 1 second(s)

2019-04-30 10:38:51 - [MESSAGE][PASSED] - Delayed 1 second(s)

2019-04-30 10:38:51 - [TEST_STEP][PASSED] - click(findTestObject("Object Repository/Page_KiboEngage  Broadcasts/h3_Broadcasts (1) (1) (1)")): Object: 'Object Repository/Page_KiboEngage  Broadcasts/h3_Broadcasts (1) (1) (1)' is clicked on

2019-04-30 10:38:52 - [MESSAGE][PASSED] - Object: 'Object Repository/Page_KiboEngage  Broadcasts/h3_Broadcasts (1) (1) (1)' is clicked on

2019-04-30 10:38:52 - [TEST_STEP][PASSED] - delay(1): Delayed 1 second(s)

2019-04-30 10:38:53 - [MESSAGE][PASSED] - Delayed 1 second(s)

2019-04-30 10:38:53 - [TEST_STEP][PASSED] - click(findTestObject("Object Repository/Page_KiboEngage  Broadcasts/span_Create New (1) (1)")): Object: 'Object Repository/Page_KiboEngage  Broadcasts/span_Create New (1) (1)' is clicked on

2019-04-30 10:38:53 - [MESSAGE][PASSED] - Object: 'Object Repository/Page_KiboEngage  Broadcasts/span_Create New (1) (1)' is clicked on

2019-04-30 10:38:53 - [TEST_STEP][PASSED] - click(findTestObject("Object Repository/Page_KiboEngage  Broadcasts/button_Create New Broadcast (1) (1)")): Object: 'Object Repository/Page_KiboEngage  Broadcasts/button_Create New Broadcast (1) (1)' is clicked on

2019-04-30 10:38:53 - [MESSAGE][PASSED] - Object: 'Object Repository/Page_KiboEngage  Broadcasts/button_Create New Broadcast (1) (1)' is clicked on

2019-04-30 10:38:53 - [TEST_STEP][PASSED] - delay(1): Delayed 1 second(s)

2019-04-30 10:38:54 - [MESSAGE][PASSED] - Delayed 1 second(s)

2019-04-30 10:38:54 - [TEST_STEP][PASSED] - setText(findTestObject("Object Repository/Page_KiboEngage  Broadcasts/input_Push Message_form-control m-input"), "faizan"): Text 'faizan' is set on object 'Object Repository/Page_KiboEngage  Broadcasts/input_Push Message_form-control m-input'

2019-04-30 10:38:54 - [MESSAGE][PASSED] - Text 'faizan' is set on object 'Object Repository/Page_KiboEngage  Broadcasts/input_Push Message_form-control m-input'

2019-04-30 10:38:54 - [TEST_STEP][PASSED] - click(findTestObject("Object Repository/Page_KiboEngage  Broadcasts/span_Send (2)")): Object: 'Object Repository/Page_KiboEngage  Broadcasts/span_Send (2)' is clicked on

2019-04-30 10:38:54 - [MESSAGE][PASSED] - Object: 'Object Repository/Page_KiboEngage  Broadcasts/span_Send (2)' is clicked on

2019-04-30 10:38:54 - [TEST_STEP][PASSED] - click(findTestObject("Object Repository/Page_KiboEngage  Broadcasts/div_Please enter the message to send")): Object: 'Object Repository/Page_KiboEngage  Broadcasts/div_Please enter the message to send' is clicked on

2019-04-30 10:38:54 - [MESSAGE][PASSED] - Object: 'Object Repository/Page_KiboEngage  Broadcasts/div_Please enter the message to send' is clicked on]]></system-out>
         <system-err><![CDATA[]]></system-err>
      </testcase>
      <testcase name="Test Cases/SMS/sms broadcast/TC11181" classname="Test Cases/SMS/sms broadcast/TC11181" status="PASSED">
         <system-out><![CDATA[2019-04-30 10:38:54 - [TEST_CASE][PASSED] - Test Cases/SMS/sms broadcast/TC11181: Test Cases/SMS/sms broadcast/TC11181

2019-04-30 10:38:54 - [TEST_STEP][PASSED] - click(findTestObject("Page_KiboPush  Dashboard/span_Dashboard")): Object: 'Object Repository/Page_KiboPush  Dashboard/span_Dashboard' is clicked on

2019-04-30 10:38:54 - [MESSAGE][PASSED] - Object: 'Object Repository/Page_KiboPush  Dashboard/span_Dashboard' is clicked on

2019-04-30 10:38:54 - [TEST_STEP][PASSED] - delay(1): Delayed 1 second(s)

2019-04-30 10:38:55 - [MESSAGE][PASSED] - Delayed 1 second(s)

2019-04-30 10:38:55 - [TEST_STEP][PASSED] - click(findTestObject("Object Repository/Page_KiboEngage  Dashboard/span_Broadcasts")): Object: 'Object Repository/Page_KiboEngage  Dashboard/span_Broadcasts' is clicked on

2019-04-30 10:38:55 - [MESSAGE][PASSED] - Object: 'Object Repository/Page_KiboEngage  Dashboard/span_Broadcasts' is clicked on

2019-04-30 10:38:55 - [TEST_STEP][PASSED] - delay(1): Delayed 1 second(s)

2019-04-30 10:38:56 - [MESSAGE][PASSED] - Delayed 1 second(s)

2019-04-30 10:38:56 - [TEST_STEP][PASSED] - click(findTestObject("Object Repository/Page_KiboEngage  Broadcasts/h3_Broadcasts (1) (1) (1) (1)")): Object: 'Object Repository/Page_KiboEngage  Broadcasts/h3_Broadcasts (1) (1) (1) (1)' is clicked on

2019-04-30 10:38:57 - [MESSAGE][PASSED] - Object: 'Object Repository/Page_KiboEngage  Broadcasts/h3_Broadcasts (1) (1) (1) (1)' is clicked on

2019-04-30 10:38:57 - [TEST_STEP][PASSED] - delay(1): Delayed 1 second(s)

2019-04-30 10:38:58 - [MESSAGE][PASSED] - Delayed 1 second(s)

2019-04-30 10:38:58 - [TEST_STEP][PASSED] - click(findTestObject("Object Repository/Page_KiboEngage  Broadcasts/span_Create New (1) (1) (1)")): Object: 'Object Repository/Page_KiboEngage  Broadcasts/span_Create New (1) (1) (1)' is clicked on

2019-04-30 10:38:58 - [MESSAGE][PASSED] - Object: 'Object Repository/Page_KiboEngage  Broadcasts/span_Create New (1) (1) (1)' is clicked on

2019-04-30 10:38:58 - [TEST_STEP][PASSED] - click(findTestObject("Object Repository/Page_KiboEngage  Broadcasts/button_Create New Broadcast (1) (1) (1)")): Object: 'Object Repository/Page_KiboEngage  Broadcasts/button_Create New Broadcast (1) (1) (1)' is clicked on

2019-04-30 10:38:58 - [MESSAGE][PASSED] - Object: 'Object Repository/Page_KiboEngage  Broadcasts/button_Create New Broadcast (1) (1) (1)' is clicked on

2019-04-30 10:38:58 - [TEST_STEP][PASSED] - delay(1): Delayed 1 second(s)

2019-04-30 10:38:59 - [MESSAGE][PASSED] - Delayed 1 second(s)

2019-04-30 10:38:59 - [TEST_STEP][PASSED] - setText(findTestObject("Object Repository/Page_KiboEngage  Broadcasts/input_Push Message_form-control m-input (1)"), "faizan"): Text 'faizan' is set on object 'Object Repository/Page_KiboEngage  Broadcasts/input_Push Message_form-control m-input (1)'

2019-04-30 10:38:59 - [MESSAGE][PASSED] - Text 'faizan' is set on object 'Object Repository/Page_KiboEngage  Broadcasts/input_Push Message_form-control m-input (1)'

2019-04-30 10:38:59 - [TEST_STEP][PASSED] - setText(findTestObject("Object Repository/Page_KiboEngage  Broadcasts/textarea_HELLO (1)"), "HELLO"): Text 'HELLO' is set on object 'Object Repository/Page_KiboEngage  Broadcasts/textarea_HELLO (1)'

2019-04-30 10:38:59 - [MESSAGE][PASSED] - Text 'HELLO' is set on object 'Object Repository/Page_KiboEngage  Broadcasts/textarea_HELLO (1)'

2019-04-30 10:38:59 - [TEST_STEP][PASSED] - selectOptionByValue(findTestObject("Object Repository/Page_KiboEngage  Broadcasts/select_Select Criteriaiscontainsbegins with"), "is", true): All options with value 'is' are selected in object 'Object Repository/Page_KiboEngage  Broadcasts/select_Select Criteriaiscontainsbegins with'  using regular expression

2019-04-30 10:38:59 - [MESSAGE][PASSED] - All options with value 'is' are selected in object 'Object Repository/Page_KiboEngage  Broadcasts/select_Select Criteriaiscontainsbegins with'  using regular expression

2019-04-30 10:38:59 - [TEST_STEP][PASSED] - setText(findTestObject("Object Repository/Page_KiboEngage  Broadcasts/input_Value_text"), "ok"): Text 'ok' is set on object 'Object Repository/Page_KiboEngage  Broadcasts/input_Value_text'

2019-04-30 10:38:59 - [MESSAGE][PASSED] - Text 'ok' is set on object 'Object Repository/Page_KiboEngage  Broadcasts/input_Value_text'

2019-04-30 10:38:59 - [TEST_STEP][PASSED] - click(findTestObject("Object Repository/Page_KiboEngage  Broadcasts/span_Send (3)")): Object: 'Object Repository/Page_KiboEngage  Broadcasts/span_Send (3)' is clicked on

2019-04-30 10:38:59 - [MESSAGE][PASSED] - Object: 'Object Repository/Page_KiboEngage  Broadcasts/span_Send (3)' is clicked on

2019-04-30 10:38:59 - [TEST_STEP][PASSED] - click(findTestObject("Object Repository/Page_KiboEngage  Broadcasts/span_Please choose a valid condition")): Object: 'Object Repository/Page_KiboEngage  Broadcasts/span_Please choose a valid condition' is clicked on

2019-04-30 10:39:00 - [MESSAGE][PASSED] - Object: 'Object Repository/Page_KiboEngage  Broadcasts/span_Please choose a valid condition' is clicked on]]></system-out>
         <system-err><![CDATA[]]></system-err>
      </testcase>
      <testcase name="Test Cases/SMS/sms broadcast/TC11182" classname="Test Cases/SMS/sms broadcast/TC11182" status="PASSED">
         <system-out><![CDATA[2019-04-30 10:39:00 - [TEST_CASE][PASSED] - Test Cases/SMS/sms broadcast/TC11182: Test Cases/SMS/sms broadcast/TC11182

2019-04-30 10:39:00 - [TEST_STEP][PASSED] - click(findTestObject("Page_KiboPush  Dashboard/span_Dashboard")): Object: 'Object Repository/Page_KiboPush  Dashboard/span_Dashboard' is clicked on

2019-04-30 10:39:00 - [MESSAGE][PASSED] - Object: 'Object Repository/Page_KiboPush  Dashboard/span_Dashboard' is clicked on

2019-04-30 10:39:00 - [TEST_STEP][PASSED] - delay(1): Delayed 1 second(s)

2019-04-30 10:39:01 - [MESSAGE][PASSED] - Delayed 1 second(s)

2019-04-30 10:39:01 - [TEST_STEP][PASSED] - click(findTestObject("Object Repository/Page_KiboEngage  Dashboard/span_Broadcasts")): Object: 'Object Repository/Page_KiboEngage  Dashboard/span_Broadcasts' is clicked on

2019-04-30 10:39:01 - [MESSAGE][PASSED] - Object: 'Object Repository/Page_KiboEngage  Dashboard/span_Broadcasts' is clicked on

2019-04-30 10:39:01 - [TEST_STEP][PASSED] - delay(1): Delayed 1 second(s)

2019-04-30 10:39:02 - [MESSAGE][PASSED] - Delayed 1 second(s)

2019-04-30 10:39:02 - [TEST_STEP][PASSED] - click(findTestObject("Object Repository/Page_KiboEngage  Broadcasts/h3_Broadcasts (1) (1) (1) (1) (1)")): Object: 'Object Repository/Page_KiboEngage  Broadcasts/h3_Broadcasts (1) (1) (1) (1) (1)' is clicked on

2019-04-30 10:39:02 - [MESSAGE][PASSED] - Object: 'Object Repository/Page_KiboEngage  Broadcasts/h3_Broadcasts (1) (1) (1) (1) (1)' is clicked on

2019-04-30 10:39:02 - [TEST_STEP][PASSED] - delay(1): Delayed 1 second(s)

2019-04-30 10:39:03 - [MESSAGE][PASSED] - Delayed 1 second(s)

2019-04-30 10:39:03 - [TEST_STEP][PASSED] - click(findTestObject("Object Repository/Page_KiboEngage  Broadcasts/span_Create New (1) (1) (1) (1)")): Object: 'Object Repository/Page_KiboEngage  Broadcasts/span_Create New (1) (1) (1) (1)' is clicked on

2019-04-30 10:39:03 - [MESSAGE][PASSED] - Object: 'Object Repository/Page_KiboEngage  Broadcasts/span_Create New (1) (1) (1) (1)' is clicked on

2019-04-30 10:39:03 - [TEST_STEP][PASSED] - click(findTestObject("Object Repository/Page_KiboEngage  Broadcasts/button_Create New Broadcast (1) (1) (1) (1)")): Object: 'Object Repository/Page_KiboEngage  Broadcasts/button_Create New Broadcast (1) (1) (1) (1)' is clicked on

2019-04-30 10:39:03 - [MESSAGE][PASSED] - Object: 'Object Repository/Page_KiboEngage  Broadcasts/button_Create New Broadcast (1) (1) (1) (1)' is clicked on

2019-04-30 10:39:03 - [TEST_STEP][PASSED] - delay(1): Delayed 1 second(s)

2019-04-30 10:39:04 - [MESSAGE][PASSED] - Delayed 1 second(s)

2019-04-30 10:39:04 - [TEST_STEP][PASSED] - setText(findTestObject("Object Repository/Page_KiboEngage  Broadcasts/input_Push Message_form-control m-input (1) (1)"), "faizan"): Text 'faizan' is set on object 'Object Repository/Page_KiboEngage  Broadcasts/input_Push Message_form-control m-input (1) (1)'

2019-04-30 10:39:04 - [MESSAGE][PASSED] - Text 'faizan' is set on object 'Object Repository/Page_KiboEngage  Broadcasts/input_Push Message_form-control m-input (1) (1)'

2019-04-30 10:39:04 - [TEST_STEP][PASSED] - setText(findTestObject("Object Repository/Page_KiboEngage  Broadcasts/textarea_HELLO (1) (1)"), "HELLO"): Text 'HELLO' is set on object 'Object Repository/Page_KiboEngage  Broadcasts/textarea_HELLO (1) (1)'

2019-04-30 10:39:04 - [MESSAGE][PASSED] - Text 'HELLO' is set on object 'Object Repository/Page_KiboEngage  Broadcasts/textarea_HELLO (1) (1)'

2019-04-30 10:39:04 - [TEST_STEP][PASSED] - setText(findTestObject("Object Repository/Page_KiboEngage  Broadcasts/textarea_HELLO (2)"), "HELLO"): Text 'HELLO' is set on object 'Object Repository/Page_KiboEngage  Broadcasts/textarea_HELLO (2)'

2019-04-30 10:39:04 - [MESSAGE][PASSED] - Text 'HELLO' is set on object 'Object Repository/Page_KiboEngage  Broadcasts/textarea_HELLO (2)'

2019-04-30 10:39:04 - [TEST_STEP][PASSED] - selectOptionByValue(findTestObject("Object Repository/Page_KiboEngage  Broadcasts/select_Select Conditionnamenumber"), "name", true): All options with value 'name' are selected in object 'Object Repository/Page_KiboEngage  Broadcasts/select_Select Conditionnamenumber'  using regular expression

2019-04-30 10:39:05 - [MESSAGE][PASSED] - All options with value 'name' are selected in object 'Object Repository/Page_KiboEngage  Broadcasts/select_Select Conditionnamenumber'  using regular expression

2019-04-30 10:39:05 - [TEST_STEP][PASSED] - setText(findTestObject("Object Repository/Page_KiboEngage  Broadcasts/input_Value_text (1)"), "aaa"): Text 'aaa' is set on object 'Object Repository/Page_KiboEngage  Broadcasts/input_Value_text (1)'

2019-04-30 10:39:05 - [MESSAGE][PASSED] - Text 'aaa' is set on object 'Object Repository/Page_KiboEngage  Broadcasts/input_Value_text (1)'

2019-04-30 10:39:05 - [TEST_STEP][PASSED] - click(findTestObject("Object Repository/Page_KiboEngage  Broadcasts/span_Send (4)")): Object: 'Object Repository/Page_KiboEngage  Broadcasts/span_Send (4)' is clicked on

2019-04-30 10:39:05 - [MESSAGE][PASSED] - Object: 'Object Repository/Page_KiboEngage  Broadcasts/span_Send (4)' is clicked on

2019-04-30 10:39:05 - [TEST_STEP][PASSED] - click(findTestObject("Object Repository/Page_KiboEngage  Broadcasts/span_Please choose a valid criteria")): Object: 'Object Repository/Page_KiboEngage  Broadcasts/span_Please choose a valid criteria' is clicked on

2019-04-30 10:39:05 - [MESSAGE][PASSED] - Object: 'Object Repository/Page_KiboEngage  Broadcasts/span_Please choose a valid criteria' is clicked on]]></system-out>
         <system-err><![CDATA[]]></system-err>
      </testcase>
      <testcase name="Test Cases/SMS/sms broadcast/TC11183" classname="Test Cases/SMS/sms broadcast/TC11183" status="PASSED">
         <system-out><![CDATA[2019-04-30 10:39:05 - [TEST_CASE][PASSED] - Test Cases/SMS/sms broadcast/TC11183: Test Cases/SMS/sms broadcast/TC11183

2019-04-30 10:39:05 - [TEST_STEP][PASSED] - click(findTestObject("Page_KiboPush  Dashboard/span_Dashboard")): Object: 'Object Repository/Page_KiboPush  Dashboard/span_Dashboard' is clicked on

2019-04-30 10:39:05 - [MESSAGE][PASSED] - Object: 'Object Repository/Page_KiboPush  Dashboard/span_Dashboard' is clicked on

2019-04-30 10:39:05 - [TEST_STEP][PASSED] - delay(1): Delayed 1 second(s)

2019-04-30 10:39:06 - [MESSAGE][PASSED] - Delayed 1 second(s)

2019-04-30 10:39:06 - [TEST_STEP][PASSED] - click(findTestObject("Object Repository/Page_KiboEngage  Dashboard/span_Broadcasts")): Object: 'Object Repository/Page_KiboEngage  Dashboard/span_Broadcasts' is clicked on

2019-04-30 10:39:06 - [MESSAGE][PASSED] - Object: 'Object Repository/Page_KiboEngage  Dashboard/span_Broadcasts' is clicked on

2019-04-30 10:39:06 - [TEST_STEP][PASSED] - delay(1): Delayed 1 second(s)

2019-04-30 10:39:07 - [MESSAGE][PASSED] - Delayed 1 second(s)

2019-04-30 10:39:07 - [TEST_STEP][PASSED] - click(findTestObject("Object Repository/Page_KiboEngage  Broadcasts/h3_Broadcasts (1) (1) (1) (1) (1) (1)")): Object: 'Object Repository/Page_KiboEngage  Broadcasts/h3_Broadcasts (1) (1) (1) (1) (1) (1)' is clicked on

2019-04-30 10:39:07 - [MESSAGE][PASSED] - Object: 'Object Repository/Page_KiboEngage  Broadcasts/h3_Broadcasts (1) (1) (1) (1) (1) (1)' is clicked on

2019-04-30 10:39:07 - [TEST_STEP][PASSED] - delay(1): Delayed 1 second(s)

2019-04-30 10:39:08 - [MESSAGE][PASSED] - Delayed 1 second(s)

2019-04-30 10:39:08 - [TEST_STEP][PASSED] - click(findTestObject("Object Repository/Page_KiboEngage  Broadcasts/span_Create New (1) (1) (1) (1) (1)")): Object: 'Object Repository/Page_KiboEngage  Broadcasts/span_Create New (1) (1) (1) (1) (1)' is clicked on

2019-04-30 10:39:08 - [MESSAGE][PASSED] - Object: 'Object Repository/Page_KiboEngage  Broadcasts/span_Create New (1) (1) (1) (1) (1)' is clicked on

2019-04-30 10:39:08 - [TEST_STEP][PASSED] - click(findTestObject("Object Repository/Page_KiboEngage  Broadcasts/button_Create New Broadcast (1) (1) (1) (1) (1)")): Object: 'Object Repository/Page_KiboEngage  Broadcasts/button_Create New Broadcast (1) (1) (1) (1) (1)' is clicked on

2019-04-30 10:39:08 - [MESSAGE][PASSED] - Object: 'Object Repository/Page_KiboEngage  Broadcasts/button_Create New Broadcast (1) (1) (1) (1) (1)' is clicked on

2019-04-30 10:39:08 - [TEST_STEP][PASSED] - delay(1): Delayed 1 second(s)

2019-04-30 10:39:09 - [MESSAGE][PASSED] - Delayed 1 second(s)

2019-04-30 10:39:09 - [TEST_STEP][PASSED] - setText(findTestObject("Object Repository/Page_KiboEngage  Broadcasts/input_Push Message_form-control m-input (1) (1) (1)"), "faizan"): Text 'faizan' is set on object 'Object Repository/Page_KiboEngage  Broadcasts/input_Push Message_form-control m-input (1) (1) (1)'

2019-04-30 10:39:09 - [MESSAGE][PASSED] - Text 'faizan' is set on object 'Object Repository/Page_KiboEngage  Broadcasts/input_Push Message_form-control m-input (1) (1) (1)'

2019-04-30 10:39:09 - [TEST_STEP][PASSED] - setText(findTestObject("Object Repository/Page_KiboEngage  Broadcasts/textarea_HELLO (1) (1) (1)"), "HELLO"): Text 'HELLO' is set on object 'Object Repository/Page_KiboEngage  Broadcasts/textarea_HELLO (1) (1) (1)'

2019-04-30 10:39:10 - [MESSAGE][PASSED] - Text 'HELLO' is set on object 'Object Repository/Page_KiboEngage  Broadcasts/textarea_HELLO (1) (1) (1)'

2019-04-30 10:39:10 - [TEST_STEP][PASSED] - selectOptionByValue(findTestObject("Object Repository/Page_KiboEngage  Broadcasts/select_Select Conditionnamenumber (1)"), "name", true): All options with value 'name' are selected in object 'Object Repository/Page_KiboEngage  Broadcasts/select_Select Conditionnamenumber (1)'  using regular expression

2019-04-30 10:39:10 - [MESSAGE][PASSED] - All options with value 'name' are selected in object 'Object Repository/Page_KiboEngage  Broadcasts/select_Select Conditionnamenumber (1)'  using regular expression

2019-04-30 10:39:10 - [TEST_STEP][PASSED] - selectOptionByValue(findTestObject("Object Repository/Page_KiboEngage  Broadcasts/select_Select Criteriaiscontainsbegins with (1)"), "is", true): All options with value 'is' are selected in object 'Object Repository/Page_KiboEngage  Broadcasts/select_Select Criteriaiscontainsbegins with (1)'  using regular expression

2019-04-30 10:39:10 - [MESSAGE][PASSED] - All options with value 'is' are selected in object 'Object Repository/Page_KiboEngage  Broadcasts/select_Select Criteriaiscontainsbegins with (1)'  using regular expression

2019-04-30 10:39:10 - [TEST_STEP][PASSED] - click(findTestObject("Object Repository/Page_KiboEngage  Broadcasts/span_Send (4) (1)")): Object: 'Object Repository/Page_KiboEngage  Broadcasts/span_Send (4) (1)' is clicked on

2019-04-30 10:39:10 - [MESSAGE][PASSED] - Object: 'Object Repository/Page_KiboEngage  Broadcasts/span_Send (4) (1)' is clicked on

2019-04-30 10:39:10 - [TEST_STEP][PASSED] - click(findTestObject("Object Repository/Page_KiboEngage  Broadcasts/span_Please choose a valid value")): Object: 'Object Repository/Page_KiboEngage  Broadcasts/span_Please choose a valid value' is clicked on

2019-04-30 10:39:10 - [MESSAGE][PASSED] - Object: 'Object Repository/Page_KiboEngage  Broadcasts/span_Please choose a valid value' is clicked on]]></system-out>
         <system-err><![CDATA[]]></system-err>
      </testcase>
      <testcase name="Test Cases/SMS/sms broadcast/TC11184" classname="Test Cases/SMS/sms broadcast/TC11184" status="PASSED">
         <system-out><![CDATA[2019-04-30 10:39:10 - [TEST_CASE][PASSED] - Test Cases/SMS/sms broadcast/TC11184: Test Cases/SMS/sms broadcast/TC11184

2019-04-30 10:39:10 - [TEST_STEP][PASSED] - click(findTestObject("Page_KiboPush  Dashboard/span_Dashboard")): Object: 'Object Repository/Page_KiboPush  Dashboard/span_Dashboard' is clicked on

2019-04-30 10:39:10 - [MESSAGE][PASSED] - Object: 'Object Repository/Page_KiboPush  Dashboard/span_Dashboard' is clicked on

2019-04-30 10:39:10 - [TEST_STEP][PASSED] - delay(1): Delayed 1 second(s)

2019-04-30 10:39:11 - [MESSAGE][PASSED] - Delayed 1 second(s)

2019-04-30 10:39:11 - [TEST_STEP][PASSED] - click(findTestObject("Object Repository/Page_KiboEngage  Dashboard/span_Broadcasts")): Object: 'Object Repository/Page_KiboEngage  Dashboard/span_Broadcasts' is clicked on

2019-04-30 10:39:11 - [MESSAGE][PASSED] - Object: 'Object Repository/Page_KiboEngage  Dashboard/span_Broadcasts' is clicked on

2019-04-30 10:39:11 - [TEST_STEP][PASSED] - delay(1): Delayed 1 second(s)

2019-04-30 10:39:12 - [MESSAGE][PASSED] - Delayed 1 second(s)

2019-04-30 10:39:12 - [TEST_STEP][PASSED] - click(findTestObject("Object Repository/Page_KiboEngage  Broadcasts/h3_Broadcasts (1) (1) (1) (1) (1) (1) (1)")): Object: 'Object Repository/Page_KiboEngage  Broadcasts/h3_Broadcasts (1) (1) (1) (1) (1) (1) (1)' is clicked on

2019-04-30 10:39:12 - [MESSAGE][PASSED] - Object: 'Object Repository/Page_KiboEngage  Broadcasts/h3_Broadcasts (1) (1) (1) (1) (1) (1) (1)' is clicked on

2019-04-30 10:39:12 - [TEST_STEP][PASSED] - delay(1): Delayed 1 second(s)

2019-04-30 10:39:13 - [MESSAGE][PASSED] - Delayed 1 second(s)

2019-04-30 10:39:13 - [TEST_STEP][PASSED] - click(findTestObject("Object Repository/Page_KiboEngage  Broadcasts/span_Create New (1) (1) (1) (1) (1) (1)")): Object: 'Object Repository/Page_KiboEngage  Broadcasts/span_Create New (1) (1) (1) (1) (1) (1)' is clicked on

2019-04-30 10:39:14 - [MESSAGE][PASSED] - Object: 'Object Repository/Page_KiboEngage  Broadcasts/span_Create New (1) (1) (1) (1) (1) (1)' is clicked on

2019-04-30 10:39:14 - [TEST_STEP][PASSED] - click(findTestObject("Object Repository/Page_KiboEngage  Broadcasts/button_Create New Broadcast (1) (1) (1) (1) (1) (1)")): Object: 'Object Repository/Page_KiboEngage  Broadcasts/button_Create New Broadcast (1) (1) (1) (1) (1) (1)' is clicked on

2019-04-30 10:39:14 - [MESSAGE][PASSED] - Object: 'Object Repository/Page_KiboEngage  Broadcasts/button_Create New Broadcast (1) (1) (1) (1) (1) (1)' is clicked on

2019-04-30 10:39:14 - [TEST_STEP][PASSED] - delay(1): Delayed 1 second(s)

2019-04-30 10:39:15 - [MESSAGE][PASSED] - Delayed 1 second(s)

2019-04-30 10:39:15 - [TEST_STEP][PASSED] - setText(findTestObject("Object Repository/Page_KiboEngage  Broadcasts/input_Push Message_form-control m-input (1) (1) (1) (1)"), "faizan"): Text 'faizan' is set on object 'Object Repository/Page_KiboEngage  Broadcasts/input_Push Message_form-control m-input (1) (1) (1) (1)'

2019-04-30 10:39:15 - [MESSAGE][PASSED] - Text 'faizan' is set on object 'Object Repository/Page_KiboEngage  Broadcasts/input_Push Message_form-control m-input (1) (1) (1) (1)'

2019-04-30 10:39:15 - [TEST_STEP][PASSED] - setText(findTestObject("Object Repository/Page_KiboEngage  Broadcasts/textarea_Automated testing"), "Automated testing"): Text 'Automated testing' is set on object 'Object Repository/Page_KiboEngage  Broadcasts/textarea_Automated testing'

2019-04-30 10:39:15 - [MESSAGE][PASSED] - Text 'Automated testing' is set on object 'Object Repository/Page_KiboEngage  Broadcasts/textarea_Automated testing'

2019-04-30 10:39:15 - [TEST_STEP][PASSED] - selectOptionByValue(findTestObject("Object Repository/Page_KiboEngage  Broadcasts/select_Select Conditionnamenumber (2)"), "number", true): All options with value 'number' are selected in object 'Object Repository/Page_KiboEngage  Broadcasts/select_Select Conditionnamenumber (2)'  using regular expression

2019-04-30 10:39:15 - [MESSAGE][PASSED] - All options with value 'number' are selected in object 'Object Repository/Page_KiboEngage  Broadcasts/select_Select Conditionnamenumber (2)'  using regular expression

2019-04-30 10:39:15 - [TEST_STEP][PASSED] - selectOptionByValue(findTestObject("Object Repository/Page_KiboEngage  Broadcasts/select_Select Criteriaiscontainsbegins with (2)"), "is", true): All options with value 'is' are selected in object 'Object Repository/Page_KiboEngage  Broadcasts/select_Select Criteriaiscontainsbegins with (2)'  using regular expression

2019-04-30 10:39:15 - [MESSAGE][PASSED] - All options with value 'is' are selected in object 'Object Repository/Page_KiboEngage  Broadcasts/select_Select Criteriaiscontainsbegins with (2)'  using regular expression

2019-04-30 10:39:15 - [TEST_STEP][PASSED] - setText(findTestObject("Object Repository/Page_KiboEngage  Broadcasts/input_Value_text (2)"), "+923333739566"): Text '+923333739566' is set on object 'Object Repository/Page_KiboEngage  Broadcasts/input_Value_text (2)'

2019-04-30 10:39:16 - [MESSAGE][PASSED] - Text '+923333739566' is set on object 'Object Repository/Page_KiboEngage  Broadcasts/input_Value_text (2)'

2019-04-30 10:39:16 - [TEST_STEP][PASSED] - click(findTestObject("Object Repository/Page_KiboEngage  Broadcasts/span_Send (5)")): Object: 'Object Repository/Page_KiboEngage  Broadcasts/span_Send (5)' is clicked on

2019-04-30 10:39:16 - [MESSAGE][PASSED] - Object: 'Object Repository/Page_KiboEngage  Broadcasts/span_Send (5)' is clicked on

2019-04-30 10:39:16 - [TEST_STEP][PASSED] - click(findTestObject("Object Repository/Page_KiboEngage  Broadcasts/div_Broadcast sent successfully")): Object: 'Object Repository/Page_KiboEngage  Broadcasts/div_Broadcast sent successfully' is clicked on

2019-04-30 10:39:16 - [MESSAGE][PASSED] - Object: 'Object Repository/Page_KiboEngage  Broadcasts/div_Broadcast sent successfully' is clicked on]]></system-out>
         <system-err><![CDATA[]]></system-err>
      </testcase>
      <testcase name="Test Cases/SMS/sms broadcast/TC11185" classname="Test Cases/SMS/sms broadcast/TC11185" status="PASSED">
         <system-out><![CDATA[2019-04-30 10:39:16 - [TEST_CASE][PASSED] - Test Cases/SMS/sms broadcast/TC11185: Test Cases/SMS/sms broadcast/TC11185

2019-04-30 10:39:16 - [TEST_STEP][PASSED] - click(findTestObject("Page_KiboPush  Dashboard/span_Dashboard")): Object: 'Object Repository/Page_KiboPush  Dashboard/span_Dashboard' is clicked on

2019-04-30 10:39:17 - [MESSAGE][PASSED] - Object: 'Object Repository/Page_KiboPush  Dashboard/span_Dashboard' is clicked on

2019-04-30 10:39:17 - [TEST_STEP][PASSED] - delay(1): Delayed 1 second(s)

2019-04-30 10:39:18 - [MESSAGE][PASSED] - Delayed 1 second(s)

2019-04-30 10:39:18 - [TEST_STEP][PASSED] - click(findTestObject("Object Repository/Page_KiboEngage  Dashboard/span_Broadcasts")): Object: 'Object Repository/Page_KiboEngage  Dashboard/span_Broadcasts' is clicked on

2019-04-30 10:39:18 - [MESSAGE][PASSED] - Object: 'Object Repository/Page_KiboEngage  Dashboard/span_Broadcasts' is clicked on

2019-04-30 10:39:18 - [TEST_STEP][PASSED] - delay(1): Delayed 1 second(s)

2019-04-30 10:39:19 - [MESSAGE][PASSED] - Delayed 1 second(s)

2019-04-30 10:39:19 - [TEST_STEP][PASSED] - click(findTestObject("Page_KiboEngage  Broadcasts/h3_Broadcasts (1) (1) (1) (1) (1) (1) (1) (1) (1)")): Object: 'Object Repository/Page_KiboEngage  Broadcasts/h3_Broadcasts (1) (1) (1) (1) (1) (1) (1) (1) (1)' is clicked on

2019-04-30 10:39:19 - [MESSAGE][PASSED] - Object: 'Object Repository/Page_KiboEngage  Broadcasts/h3_Broadcasts (1) (1) (1) (1) (1) (1) (1) (1) (1)' is clicked on

2019-04-30 10:39:19 - [TEST_STEP][PASSED] - delay(1): Delayed 1 second(s)

2019-04-30 10:39:20 - [MESSAGE][PASSED] - Delayed 1 second(s)

2019-04-30 10:39:20 - [TEST_STEP][PASSED] - click(findTestObject("Page_KiboEngage  Broadcasts/span_Create New (1) (1) (1) (1) (1) (1) (1) (1)")): Object: 'Object Repository/Page_KiboEngage  Broadcasts/span_Create New (1) (1) (1) (1) (1) (1) (1) (1)' is clicked on

2019-04-30 10:39:20 - [MESSAGE][PASSED] - Object: 'Object Repository/Page_KiboEngage  Broadcasts/span_Create New (1) (1) (1) (1) (1) (1) (1) (1)' is clicked on

2019-04-30 10:39:20 - [TEST_STEP][PASSED] - click(findTestObject("Page_KiboEngage  Broadcasts/button_Create New Broadcast (1) (1) (1) (1) (1) (1) (1) (1)")): Object: 'Object Repository/Page_KiboEngage  Broadcasts/button_Create New Broadcast (1) (1) (1) (1) (1) (1) (1) (1)' is clicked on

2019-04-30 10:39:20 - [MESSAGE][PASSED] - Object: 'Object Repository/Page_KiboEngage  Broadcasts/button_Create New Broadcast (1) (1) (1) (1) (1) (1) (1) (1)' is clicked on

2019-04-30 10:39:20 - [TEST_STEP][PASSED] - delay(1): Delayed 1 second(s)

2019-04-30 10:39:21 - [MESSAGE][PASSED] - Delayed 1 second(s)

2019-04-30 10:39:21 - [TEST_STEP][PASSED] - setText(findTestObject("Page_KiboEngage  Broadcasts/input_Push Message_form-control m-input (1) (1) (1) (1) (1) (1)"), "faizan"): Text 'faizan' is set on object 'Object Repository/Page_KiboEngage  Broadcasts/input_Push Message_form-control m-input (1) (1) (1) (1) (1) (1)'

2019-04-30 10:39:21 - [MESSAGE][PASSED] - Text 'faizan' is set on object 'Object Repository/Page_KiboEngage  Broadcasts/input_Push Message_form-control m-input (1) (1) (1) (1) (1) (1)'

2019-04-30 10:39:21 - [TEST_STEP][PASSED] - setText(findTestObject("Page_KiboEngage  Broadcasts/textarea_Automated testing (1) (1)"), "Automated testing"): Text 'Automated testing' is set on object 'Object Repository/Page_KiboEngage  Broadcasts/textarea_Automated testing (1) (1)'

2019-04-30 10:39:21 - [MESSAGE][PASSED] - Text 'Automated testing' is set on object 'Object Repository/Page_KiboEngage  Broadcasts/textarea_Automated testing (1) (1)'

2019-04-30 10:39:21 - [TEST_STEP][PASSED] - selectOptionByValue(findTestObject("Page_KiboEngage  Broadcasts/select_Select Conditionnamenumber (2) (1) (1)"), "number", true): All options with value 'number' are selected in object 'Object Repository/Page_KiboEngage  Broadcasts/select_Select Conditionnamenumber (2) (1) (1)'  using regular expression

2019-04-30 10:39:21 - [MESSAGE][PASSED] - All options with value 'number' are selected in object 'Object Repository/Page_KiboEngage  Broadcasts/select_Select Conditionnamenumber (2) (1) (1)'  using regular expression

2019-04-30 10:39:21 - [TEST_STEP][PASSED] - selectOptionByValue(findTestObject("Page_KiboEngage  Broadcasts/select_Select Criteriaiscontainsbegins with (2) (1) (1)"), "is", true): All options with value 'is' are selected in object 'Object Repository/Page_KiboEngage  Broadcasts/select_Select Criteriaiscontainsbegins with (2) (1) (1)'  using regular expression

2019-04-30 10:39:22 - [MESSAGE][PASSED] - All options with value 'is' are selected in object 'Object Repository/Page_KiboEngage  Broadcasts/select_Select Criteriaiscontainsbegins with (2) (1) (1)'  using regular expression

2019-04-30 10:39:22 - [TEST_STEP][PASSED] - setText(findTestObject("Page_KiboEngage  Broadcasts/input_Value_text (2) (1) (1)"), "+923333739566"): Text '+923333739566' is set on object 'Object Repository/Page_KiboEngage  Broadcasts/input_Value_text (2) (1) (1)'

2019-04-30 10:39:22 - [MESSAGE][PASSED] - Text '+923333739566' is set on object 'Object Repository/Page_KiboEngage  Broadcasts/input_Value_text (2) (1) (1)'

2019-04-30 10:39:22 - [TEST_STEP][PASSED] - click(findTestObject("Page_KiboEngage  Broadcasts/button_ Add Condition")): Object: 'Object Repository/Page_KiboEngage  Broadcasts/button_ Add Condition' is clicked on

2019-04-30 10:39:22 - [MESSAGE][PASSED] - Object: 'Object Repository/Page_KiboEngage  Broadcasts/button_ Add Condition' is clicked on

2019-04-30 10:39:22 - [TEST_STEP][PASSED] - selectOptionByValue(findTestObject("Page_KiboEngage  Broadcasts/select_Select Conditionnamenumber (3)"), "name", true): All options with value 'name' are selected in object 'Object Repository/Page_KiboEngage  Broadcasts/select_Select Conditionnamenumber (3)'  using regular expression

2019-04-30 10:39:22 - [MESSAGE][PASSED] - All options with value 'name' are selected in object 'Object Repository/Page_KiboEngage  Broadcasts/select_Select Conditionnamenumber (3)'  using regular expression

2019-04-30 10:39:22 - [TEST_STEP][PASSED] - selectOptionByValue(findTestObject("Page_KiboEngage  Broadcasts/select_Select Criteriaiscontainsbegins with (3)"), "contains", true): All options with value 'contains' are selected in object 'Object Repository/Page_KiboEngage  Broadcasts/select_Select Criteriaiscontainsbegins with (3)'  using regular expression

2019-04-30 10:39:22 - [MESSAGE][PASSED] - All options with value 'contains' are selected in object 'Object Repository/Page_KiboEngage  Broadcasts/select_Select Criteriaiscontainsbegins with (3)'  using regular expression

2019-04-30 10:39:22 - [TEST_STEP][PASSED] - setText(findTestObject("Page_KiboEngage  Broadcasts/input_Remove_text"), "Fa"): Text 'Fa' is set on object 'Object Repository/Page_KiboEngage  Broadcasts/input_Remove_text'

2019-04-30 10:39:22 - [MESSAGE][PASSED] - Text 'Fa' is set on object 'Object Repository/Page_KiboEngage  Broadcasts/input_Remove_text'

2019-04-30 10:39:22 - [TEST_STEP][PASSED] - click(findTestObject("Page_KiboEngage  Broadcasts/span_Send (6)")): Object: 'Object Repository/Page_KiboEngage  Broadcasts/span_Send (6)' is clicked on

2019-04-30 10:39:22 - [MESSAGE][PASSED] - Object: 'Object Repository/Page_KiboEngage  Broadcasts/span_Send (6)' is clicked on

2019-04-30 10:39:22 - [TEST_STEP][PASSED] - click(findTestObject("Page_KiboEngage  Broadcasts/div_Broadcast sent successfully (1)")): Object: 'Object Repository/Page_KiboEngage  Broadcasts/div_Broadcast sent successfully (1)' is clicked on

2019-04-30 10:39:23 - [MESSAGE][PASSED] - Object: 'Object Repository/Page_KiboEngage  Broadcasts/div_Broadcast sent successfully (1)' is clicked on]]></system-out>
         <system-err><![CDATA[]]></system-err>
      </testcase>
      <testcase name="Test Cases/SMS/sms broadcast/TC11186" classname="Test Cases/SMS/sms broadcast/TC11186" status="FAILED">
         <failure type="FAILED" message="Test Cases/SMS/sms broadcast/TC11186 FAILED.
Reason:
com.kms.katalon.core.exception.StepFailedException: Unable to click on object 'Object Repository/Page_KiboEngage  Broadcasts/button_Create New Broadcast (1) (1) (1) (1) (1) (1) (1) (1) (1)'
	at com.kms.katalon.core.webui.keyword.internal.WebUIKeywordMain.stepFailed(WebUIKeywordMain.groovy:64)
	at com.kms.katalon.core.webui.keyword.internal.WebUIKeywordMain.runKeyword(WebUIKeywordMain.groovy:26)
	at com.kms.katalon.core.webui.keyword.builtin.ClickKeyword.click(ClickKeyword.groovy:86)
	at com.kms.katalon.core.webui.keyword.builtin.ClickKeyword.execute(ClickKeyword.groovy:67)
	at com.kms.katalon.core.keyword.internal.KeywordExecutor.executeKeywordForPlatform(KeywordExecutor.groovy:56)
	at com.kms.katalon.core.webui.keyword.WebUiBuiltInKeywords.click(WebUiBuiltInKeywords.groovy:616)
	at com.kms.katalon.core.webui.keyword.WebUiBuiltInKeywords$click$2.call(Unknown Source)
	at TC11186.run(TC11186:34)
	at com.kms.katalon.core.main.ScriptEngine.run(ScriptEngine.java:194)
	at com.kms.katalon.core.main.ScriptEngine.runScriptAsRawText(ScriptEngine.java:119)
	at com.kms.katalon.core.main.TestCaseExecutor.runScript(TestCaseExecutor.java:331)
	at com.kms.katalon.core.main.TestCaseExecutor.doExecute(TestCaseExecutor.java:322)
	at com.kms.katalon.core.main.TestCaseExecutor.processExecutionPhase(TestCaseExecutor.java:301)
	at com.kms.katalon.core.main.TestCaseExecutor.accessMainPhase(TestCaseExecutor.java:293)
	at com.kms.katalon.core.main.TestCaseExecutor.execute(TestCaseExecutor.java:227)
	at com.kms.katalon.core.main.TestSuiteExecutor.accessTestCaseMainPhase(TestSuiteExecutor.java:129)
	at com.kms.katalon.core.main.TestSuiteExecutor.accessTestSuiteMainPhase(TestSuiteExecutor.java:112)
	at com.kms.katalon.core.main.TestSuiteExecutor.execute(TestSuiteExecutor.java:81)
	at com.kms.katalon.core.main.TestCaseMain.startTestSuite(TestCaseMain.java:157)
	at com.kms.katalon.core.main.TestCaseMain$startTestSuite$0.call(Unknown Source)
	at TempTestSuite1556601617957.run(TempTestSuite1556601617957.groovy:35)
Caused by: com.kms.katalon.core.webui.exception.WebElementNotFoundException: Web element with id: 'Object Repository/Page_KiboEngage  Broadcasts/button_Create New Broadcast (1) (1) (1) (1) (1) (1) (1) (1) (1)' located by 'By.xpath: //button[(text() = 'Create New Broadcast' or . = 'Create New Broadcast')]' not found
	at com.kms.katalon.core.webui.common.WebUiCommonHelper.findWebElement(WebUiCommonHelper.java:1053)
	at com.kms.katalon.core.webui.keyword.internal.WebUIAbstractKeyword.findWebElement(WebUIAbstractKeyword.groovy:27)
	at com.kms.katalon.core.webui.keyword.internal.WebUIAbstractKeyword.findWebElement(WebUIAbstractKeyword.groovy:26)
	at com.kms.katalon.core.webui.keyword.builtin.ClickKeyword$_click_closure1.doCall(ClickKeyword.groovy:77)
	at com.kms.katalon.core.webui.keyword.builtin.ClickKeyword$_click_closure1.call(ClickKeyword.groovy)
	at com.kms.katalon.core.webui.keyword.internal.WebUIKeywordMain.runKeyword(WebUIKeywordMain.groovy:20)
	at com.kms.katalon.core.webui.keyword.builtin.ClickKeyword.click(ClickKeyword.groovy:86)
	at com.kms.katalon.core.webui.keyword.builtin.ClickKeyword.execute(ClickKeyword.groovy:67)
	at com.kms.katalon.core.keyword.internal.KeywordExecutor.executeKeywordForPlatform(KeywordExecutor.groovy:56)
	at com.kms.katalon.core.webui.keyword.WebUiBuiltInKeywords.click(WebUiBuiltInKeywords.groovy:616)
	at com.kms.katalon.core.webui.keyword.WebUiBuiltInKeywords$click$2.call(Unknown Source)
	at Script1554276508425.run(Script1554276508425.groovy:34)
	... 13 more
"/>
         <system-out><![CDATA[2019-04-30 10:39:23 - [TEST_CASE][FAILED] - Test Cases/SMS/sms broadcast/TC11186: Test Cases/SMS/sms broadcast/TC11186 FAILED.
Reason:
com.kms.katalon.core.exception.StepFailedException: Unable to click on object 'Object Repository/Page_KiboEngage  Broadcasts/button_Create New Broadcast (1) (1) (1) (1) (1) (1) (1) (1) (1)'
	at com.kms.katalon.core.webui.keyword.internal.WebUIKeywordMain.stepFailed(WebUIKeywordMain.groovy:64)
	at com.kms.katalon.core.webui.keyword.internal.WebUIKeywordMain.runKeyword(WebUIKeywordMain.groovy:26)
	at com.kms.katalon.core.webui.keyword.builtin.ClickKeyword.click(ClickKeyword.groovy:86)
	at com.kms.katalon.core.webui.keyword.builtin.ClickKeyword.execute(ClickKeyword.groovy:67)
	at com.kms.katalon.core.keyword.internal.KeywordExecutor.executeKeywordForPlatform(KeywordExecutor.groovy:56)
	at com.kms.katalon.core.webui.keyword.WebUiBuiltInKeywords.click(WebUiBuiltInKeywords.groovy:616)
	at com.kms.katalon.core.webui.keyword.WebUiBuiltInKeywords$click$2.call(Unknown Source)
	at TC11186.run(TC11186:34)
	at com.kms.katalon.core.main.ScriptEngine.run(ScriptEngine.java:194)
	at com.kms.katalon.core.main.ScriptEngine.runScriptAsRawText(ScriptEngine.java:119)
	at com.kms.katalon.core.main.TestCaseExecutor.runScript(TestCaseExecutor.java:331)
	at com.kms.katalon.core.main.TestCaseExecutor.doExecute(TestCaseExecutor.java:322)
	at com.kms.katalon.core.main.TestCaseExecutor.processExecutionPhase(TestCaseExecutor.java:301)
	at com.kms.katalon.core.main.TestCaseExecutor.accessMainPhase(TestCaseExecutor.java:293)
	at com.kms.katalon.core.main.TestCaseExecutor.execute(TestCaseExecutor.java:227)
	at com.kms.katalon.core.main.TestSuiteExecutor.accessTestCaseMainPhase(TestSuiteExecutor.java:129)
	at com.kms.katalon.core.main.TestSuiteExecutor.accessTestSuiteMainPhase(TestSuiteExecutor.java:112)
	at com.kms.katalon.core.main.TestSuiteExecutor.execute(TestSuiteExecutor.java:81)
	at com.kms.katalon.core.main.TestCaseMain.startTestSuite(TestCaseMain.java:157)
	at com.kms.katalon.core.main.TestCaseMain$startTestSuite$0.call(Unknown Source)
	at TempTestSuite1556601617957.run(TempTestSuite1556601617957.groovy:35)
Caused by: com.kms.katalon.core.webui.exception.WebElementNotFoundException: Web element with id: 'Object Repository/Page_KiboEngage  Broadcasts/button_Create New Broadcast (1) (1) (1) (1) (1) (1) (1) (1) (1)' located by 'By.xpath: //button[(text() = 'Create New Broadcast' or . = 'Create New Broadcast')]' not found
	at com.kms.katalon.core.webui.common.WebUiCommonHelper.findWebElement(WebUiCommonHelper.java:1053)
	at com.kms.katalon.core.webui.keyword.internal.WebUIAbstractKeyword.findWebElement(WebUIAbstractKeyword.groovy:27)
	at com.kms.katalon.core.webui.keyword.internal.WebUIAbstractKeyword.findWebElement(WebUIAbstractKeyword.groovy:26)
	at com.kms.katalon.core.webui.keyword.builtin.ClickKeyword$_click_closure1.doCall(ClickKeyword.groovy:77)
	at com.kms.katalon.core.webui.keyword.builtin.ClickKeyword$_click_closure1.call(ClickKeyword.groovy)
	at com.kms.katalon.core.webui.keyword.internal.WebUIKeywordMain.runKeyword(WebUIKeywordMain.groovy:20)
	at com.kms.katalon.core.webui.keyword.builtin.ClickKeyword.click(ClickKeyword.groovy:86)
	at com.kms.katalon.core.webui.keyword.builtin.ClickKeyword.execute(ClickKeyword.groovy:67)
	at com.kms.katalon.core.keyword.internal.KeywordExecutor.executeKeywordForPlatform(KeywordExecutor.groovy:56)
	at com.kms.katalon.core.webui.keyword.WebUiBuiltInKeywords.click(WebUiBuiltInKeywords.groovy:616)
	at com.kms.katalon.core.webui.keyword.WebUiBuiltInKeywords$click$2.call(Unknown Source)
	at Script1554276508425.run(Script1554276508425.groovy:34)
	... 13 more


2019-04-30 10:39:23 - [TEST_STEP][PASSED] - click(findTestObject("Page_KiboPush  Dashboard/span_Dashboard")): Object: 'Object Repository/Page_KiboPush  Dashboard/span_Dashboard' is clicked on

2019-04-30 10:39:23 - [MESSAGE][PASSED] - Object: 'Object Repository/Page_KiboPush  Dashboard/span_Dashboard' is clicked on

2019-04-30 10:39:23 - [TEST_STEP][PASSED] - delay(1): Delayed 1 second(s)

2019-04-30 10:39:24 - [MESSAGE][PASSED] - Delayed 1 second(s)

2019-04-30 10:39:24 - [TEST_STEP][PASSED] - click(findTestObject("Object Repository/Page_KiboEngage  Dashboard/span_Broadcasts")): Object: 'Object Repository/Page_KiboEngage  Dashboard/span_Broadcasts' is clicked on

2019-04-30 10:39:24 - [MESSAGE][PASSED] - Object: 'Object Repository/Page_KiboEngage  Dashboard/span_Broadcasts' is clicked on

2019-04-30 10:39:24 - [TEST_STEP][PASSED] - delay(1): Delayed 1 second(s)

2019-04-30 10:39:25 - [MESSAGE][PASSED] - Delayed 1 second(s)

2019-04-30 10:39:25 - [TEST_STEP][PASSED] - click(findTestObject("Object Repository/Page_KiboEngage  Broadcasts/h3_Broadcasts (1) (1) (1) (1) (1) (1) (1) (1) (1) (1)")): Object: 'Object Repository/Page_KiboEngage  Broadcasts/h3_Broadcasts (1) (1) (1) (1) (1) (1) (1) (1) (1) (1)' is clicked on

2019-04-30 10:39:25 - [MESSAGE][PASSED] - Object: 'Object Repository/Page_KiboEngage  Broadcasts/h3_Broadcasts (1) (1) (1) (1) (1) (1) (1) (1) (1) (1)' is clicked on

2019-04-30 10:39:25 - [TEST_STEP][PASSED] - delay(1): Delayed 1 second(s)

2019-04-30 10:39:26 - [MESSAGE][PASSED] - Delayed 1 second(s)

2019-04-30 10:39:26 - [TEST_STEP][PASSED] - click(findTestObject("Object Repository/Page_KiboEngage  Broadcasts/span_Create New (1) (1) (1) (1) (1) (1) (1) (1) (1)")): Object: 'Object Repository/Page_KiboEngage  Broadcasts/span_Create New (1) (1) (1) (1) (1) (1) (1) (1) (1)' is clicked on

2019-04-30 10:39:26 - [MESSAGE][PASSED] - Object: 'Object Repository/Page_KiboEngage  Broadcasts/span_Create New (1) (1) (1) (1) (1) (1) (1) (1) (1)' is clicked on

2019-04-30 10:39:26 - [TEST_STEP][FAILED] - click(findTestObject("Object Repository/Page_KiboEngage  Broadcasts/button_Create New Broadcast (1) (1) (1) (1) (1) (1) (1) (1) (1)")): click(findTestObject("Object Repository/Page_KiboEngage  Broadcasts/button_Create New Broadcast (1) (1) (1) (1) (1) (1) (1) (1) (1)")) FAILED.
Reason:
com.kms.katalon.core.exception.StepFailedException: Unable to click on object 'Object Repository/Page_KiboEngage  Broadcasts/button_Create New Broadcast (1) (1) (1) (1) (1) (1) (1) (1) (1)'
	at com.kms.katalon.core.webui.keyword.internal.WebUIKeywordMain.stepFailed(WebUIKeywordMain.groovy:64)
	at com.kms.katalon.core.webui.keyword.internal.WebUIKeywordMain.runKeyword(WebUIKeywordMain.groovy:26)
	at com.kms.katalon.core.webui.keyword.builtin.ClickKeyword.click(ClickKeyword.groovy:86)
	at com.kms.katalon.core.webui.keyword.builtin.ClickKeyword.execute(ClickKeyword.groovy:67)
	at com.kms.katalon.core.keyword.internal.KeywordExecutor.executeKeywordForPlatform(KeywordExecutor.groovy:56)
	at com.kms.katalon.core.webui.keyword.WebUiBuiltInKeywords.click(WebUiBuiltInKeywords.groovy:616)
	at com.kms.katalon.core.webui.keyword.WebUiBuiltInKeywords$click$2.call(Unknown Source)
	at TC11186.run(TC11186:34)
	at com.kms.katalon.core.main.ScriptEngine.run(ScriptEngine.java:194)
	at com.kms.katalon.core.main.ScriptEngine.runScriptAsRawText(ScriptEngine.java:119)
	at com.kms.katalon.core.main.TestCaseExecutor.runScript(TestCaseExecutor.java:331)
	at com.kms.katalon.core.main.TestCaseExecutor.doExecute(TestCaseExecutor.java:322)
	at com.kms.katalon.core.main.TestCaseExecutor.processExecutionPhase(TestCaseExecutor.java:301)
	at com.kms.katalon.core.main.TestCaseExecutor.accessMainPhase(TestCaseExecutor.java:293)
	at com.kms.katalon.core.main.TestCaseExecutor.execute(TestCaseExecutor.java:227)
	at com.kms.katalon.core.main.TestSuiteExecutor.accessTestCaseMainPhase(TestSuiteExecutor.java:129)
	at com.kms.katalon.core.main.TestSuiteExecutor.accessTestSuiteMainPhase(TestSuiteExecutor.java:112)
	at com.kms.katalon.core.main.TestSuiteExecutor.execute(TestSuiteExecutor.java:81)
	at com.kms.katalon.core.main.TestCaseMain.startTestSuite(TestCaseMain.java:157)
	at com.kms.katalon.core.main.TestCaseMain$startTestSuite$0.call(Unknown Source)
	at TempTestSuite1556601617957.run(TempTestSuite1556601617957.groovy:35)
Caused by: com.kms.katalon.core.webui.exception.WebElementNotFoundException: Web element with id: 'Object Repository/Page_KiboEngage  Broadcasts/button_Create New Broadcast (1) (1) (1) (1) (1) (1) (1) (1) (1)' located by 'By.xpath: //button[(text() = 'Create New Broadcast' or . = 'Create New Broadcast')]' not found
	at com.kms.katalon.core.webui.common.WebUiCommonHelper.findWebElement(WebUiCommonHelper.java:1053)
	at com.kms.katalon.core.webui.keyword.internal.WebUIAbstractKeyword.findWebElement(WebUIAbstractKeyword.groovy:27)
	at com.kms.katalon.core.webui.keyword.internal.WebUIAbstractKeyword.findWebElement(WebUIAbstractKeyword.groovy:26)
	at com.kms.katalon.core.webui.keyword.builtin.ClickKeyword$_click_closure1.doCall(ClickKeyword.groovy:77)
	at com.kms.katalon.core.webui.keyword.builtin.ClickKeyword$_click_closure1.call(ClickKeyword.groovy)
	at com.kms.katalon.core.webui.keyword.internal.WebUIKeywordMain.runKeyword(WebUIKeywordMain.groovy:20)
	at com.kms.katalon.core.webui.keyword.builtin.ClickKeyword.click(ClickKeyword.groovy:86)
	at com.kms.katalon.core.webui.keyword.builtin.ClickKeyword.execute(ClickKeyword.groovy:67)
	at com.kms.katalon.core.keyword.internal.KeywordExecutor.executeKeywordForPlatform(KeywordExecutor.groovy:56)
	at com.kms.katalon.core.webui.keyword.WebUiBuiltInKeywords.click(WebUiBuiltInKeywords.groovy:616)
	at com.kms.katalon.core.webui.keyword.WebUiBuiltInKeywords$click$2.call(Unknown Source)
	at Script1554276508425.run(Script1554276508425.groovy:34)
	... 13 more


2019-04-30 10:39:57 - [MESSAGE][INFO] - Unable to find the element located by 'By.xpath: //button[(text() = 'Create New Broadcast' or . = 'Create New Broadcast')]'. Please recheck the objects properties to make sure the desired element is located. 

2019-04-30 10:39:57 - [MESSAGE][FAILED] - Unable to click on object 'Object Repository/Page_KiboEngage  Broadcasts/button_Create New Broadcast (1) (1) (1) (1) (1) (1) (1) (1) (1)' (Root cause: com.kms.katalon.core.exception.StepFailedException: Unable to click on object 'Object Repository/Page_KiboEngage  Broadcasts/button_Create New Broadcast (1) (1) (1) (1) (1) (1) (1) (1) (1)'
	at com.kms.katalon.core.webui.keyword.internal.WebUIKeywordMain.stepFailed(WebUIKeywordMain.groovy:64)
	at com.kms.katalon.core.webui.keyword.internal.WebUIKeywordMain.runKeyword(WebUIKeywordMain.groovy:26)
	at com.kms.katalon.core.webui.keyword.builtin.ClickKeyword.click(ClickKeyword.groovy:86)
	at com.kms.katalon.core.webui.keyword.builtin.ClickKeyword.execute(ClickKeyword.groovy:67)
	at com.kms.katalon.core.keyword.internal.KeywordExecutor.executeKeywordForPlatform(KeywordExecutor.groovy:56)
	at com.kms.katalon.core.webui.keyword.WebUiBuiltInKeywords.click(WebUiBuiltInKeywords.groovy:616)
	at com.kms.katalon.core.webui.keyword.WebUiBuiltInKeywords$click$2.call(Unknown Source)
	at TC11186.run(TC11186:34)
	at com.kms.katalon.core.main.ScriptEngine.run(ScriptEngine.java:194)
	at com.kms.katalon.core.main.ScriptEngine.runScriptAsRawText(ScriptEngine.java:119)
	at com.kms.katalon.core.main.TestCaseExecutor.runScript(TestCaseExecutor.java:331)
	at com.kms.katalon.core.main.TestCaseExecutor.doExecute(TestCaseExecutor.java:322)
	at com.kms.katalon.core.main.TestCaseExecutor.processExecutionPhase(TestCaseExecutor.java:301)
	at com.kms.katalon.core.main.TestCaseExecutor.accessMainPhase(TestCaseExecutor.java:293)
	at com.kms.katalon.core.main.TestCaseExecutor.execute(TestCaseExecutor.java:227)
	at com.kms.katalon.core.main.TestSuiteExecutor.accessTestCaseMainPhase(TestSuiteExecutor.java:129)
	at com.kms.katalon.core.main.TestSuiteExecutor.accessTestSuiteMainPhase(TestSuiteExecutor.java:112)
	at com.kms.katalon.core.main.TestSuiteExecutor.execute(TestSuiteExecutor.java:81)
	at com.kms.katalon.core.main.TestCaseMain.startTestSuite(TestCaseMain.java:157)
	at com.kms.katalon.core.main.TestCaseMain$startTestSuite$0.call(Unknown Source)
	at TempTestSuite1556601617957.run(TempTestSuite1556601617957.groovy:35)
Caused by: com.kms.katalon.core.webui.exception.WebElementNotFoundException: Web element with id: 'Object Repository/Page_KiboEngage  Broadcasts/button_Create New Broadcast (1) (1) (1) (1) (1) (1) (1) (1) (1)' located by 'By.xpath: //button[(text() = 'Create New Broadcast' or . = 'Create New Broadcast')]' not found
	at com.kms.katalon.core.webui.common.WebUiCommonHelper.findWebElement(WebUiCommonHelper.java:1053)
	at com.kms.katalon.core.webui.keyword.internal.WebUIAbstractKeyword.findWebElement(WebUIAbstractKeyword.groovy:27)
	at com.kms.katalon.core.webui.keyword.internal.WebUIAbstractKeyword.findWebElement(WebUIAbstractKeyword.groovy:26)
	at com.kms.katalon.core.webui.keyword.builtin.ClickKeyword$_click_closure1.doCall(ClickKeyword.groovy:77)
	at com.kms.katalon.core.webui.keyword.builtin.ClickKeyword$_click_closure1.call(ClickKeyword.groovy)
	at com.kms.katalon.core.webui.keyword.internal.WebUIKeywordMain.runKeyword(WebUIKeywordMain.groovy:20)
	at com.kms.katalon.core.webui.keyword.builtin.ClickKeyword.click(ClickKeyword.groovy:86)
	at com.kms.katalon.core.webui.keyword.builtin.ClickKeyword.execute(ClickKeyword.groovy:67)
	at com.kms.katalon.core.keyword.internal.KeywordExecutor.executeKeywordForPlatform(KeywordExecutor.groovy:56)
	at com.kms.katalon.core.webui.keyword.WebUiBuiltInKeywords.click(WebUiBuiltInKeywords.groovy:616)
	at com.kms.katalon.core.webui.keyword.WebUiBuiltInKeywords$click$2.call(Unknown Source)
	at Script1554276508425.run(Script1554276508425.groovy:34)
	... 13 more
)
[[ATTACHMENT|/home/cloudkibo-faizan/Drive/KiboPush_Automated_Testing/Reports/Faizan Suits/SMS Kiboengage/20190430_102017/1556602797584.png]]

2019-04-30 10:39:57 - [MESSAGE][FAILED] - click(findTestObject("Object Repository/Page_KiboEngage  Broadcasts/button_Create New Broadcast (1) (1) (1) (1) (1) (1) (1) (1) (1)")) FAILED.
Reason:
com.kms.katalon.core.exception.StepFailedException: Unable to click on object 'Object Repository/Page_KiboEngage  Broadcasts/button_Create New Broadcast (1) (1) (1) (1) (1) (1) (1) (1) (1)'
	at com.kms.katalon.core.webui.keyword.internal.WebUIKeywordMain.stepFailed(WebUIKeywordMain.groovy:64)
	at com.kms.katalon.core.webui.keyword.internal.WebUIKeywordMain.runKeyword(WebUIKeywordMain.groovy:26)
	at com.kms.katalon.core.webui.keyword.builtin.ClickKeyword.click(ClickKeyword.groovy:86)
	at com.kms.katalon.core.webui.keyword.builtin.ClickKeyword.execute(ClickKeyword.groovy:67)
	at com.kms.katalon.core.keyword.internal.KeywordExecutor.executeKeywordForPlatform(KeywordExecutor.groovy:56)
	at com.kms.katalon.core.webui.keyword.WebUiBuiltInKeywords.click(WebUiBuiltInKeywords.groovy:616)
	at com.kms.katalon.core.webui.keyword.WebUiBuiltInKeywords$click$2.call(Unknown Source)
	at TC11186.run(TC11186:34)
	at com.kms.katalon.core.main.ScriptEngine.run(ScriptEngine.java:194)
	at com.kms.katalon.core.main.ScriptEngine.runScriptAsRawText(ScriptEngine.java:119)
	at com.kms.katalon.core.main.TestCaseExecutor.runScript(TestCaseExecutor.java:331)
	at com.kms.katalon.core.main.TestCaseExecutor.doExecute(TestCaseExecutor.java:322)
	at com.kms.katalon.core.main.TestCaseExecutor.processExecutionPhase(TestCaseExecutor.java:301)
	at com.kms.katalon.core.main.TestCaseExecutor.accessMainPhase(TestCaseExecutor.java:293)
	at com.kms.katalon.core.main.TestCaseExecutor.execute(TestCaseExecutor.java:227)
	at com.kms.katalon.core.main.TestSuiteExecutor.accessTestCaseMainPhase(TestSuiteExecutor.java:129)
	at com.kms.katalon.core.main.TestSuiteExecutor.accessTestSuiteMainPhase(TestSuiteExecutor.java:112)
	at com.kms.katalon.core.main.TestSuiteExecutor.execute(TestSuiteExecutor.java:81)
	at com.kms.katalon.core.main.TestCaseMain.startTestSuite(TestCaseMain.java:157)
	at com.kms.katalon.core.main.TestCaseMain$startTestSuite$0.call(Unknown Source)
	at TempTestSuite1556601617957.run(TempTestSuite1556601617957.groovy:35)
Caused by: com.kms.katalon.core.webui.exception.WebElementNotFoundException: Web element with id: 'Object Repository/Page_KiboEngage  Broadcasts/button_Create New Broadcast (1) (1) (1) (1) (1) (1) (1) (1) (1)' located by 'By.xpath: //button[(text() = 'Create New Broadcast' or . = 'Create New Broadcast')]' not found
	at com.kms.katalon.core.webui.common.WebUiCommonHelper.findWebElement(WebUiCommonHelper.java:1053)
	at com.kms.katalon.core.webui.keyword.internal.WebUIAbstractKeyword.findWebElement(WebUIAbstractKeyword.groovy:27)
	at com.kms.katalon.core.webui.keyword.internal.WebUIAbstractKeyword.findWebElement(WebUIAbstractKeyword.groovy:26)
	at com.kms.katalon.core.webui.keyword.builtin.ClickKeyword$_click_closure1.doCall(ClickKeyword.groovy:77)
	at com.kms.katalon.core.webui.keyword.builtin.ClickKeyword$_click_closure1.call(ClickKeyword.groovy)
	at com.kms.katalon.core.webui.keyword.internal.WebUIKeywordMain.runKeyword(WebUIKeywordMain.groovy:20)
	at com.kms.katalon.core.webui.keyword.builtin.ClickKeyword.click(ClickKeyword.groovy:86)
	at com.kms.katalon.core.webui.keyword.builtin.ClickKeyword.execute(ClickKeyword.groovy:67)
	at com.kms.katalon.core.keyword.internal.KeywordExecutor.executeKeywordForPlatform(KeywordExecutor.groovy:56)
	at com.kms.katalon.core.webui.keyword.WebUiBuiltInKeywords.click(WebUiBuiltInKeywords.groovy:616)
	at com.kms.katalon.core.webui.keyword.WebUiBuiltInKeywords$click$2.call(Unknown Source)
	at Script1554276508425.run(Script1554276508425.groovy:34)
	... 13 more]]></system-out>
         <system-err><![CDATA[2019-04-30 10:39:23 - [TEST_CASE][FAILED] - Test Cases/SMS/sms broadcast/TC11186: Test Cases/SMS/sms broadcast/TC11186 FAILED.
Reason:
com.kms.katalon.core.exception.StepFailedException: Unable to click on object 'Object Repository/Page_KiboEngage  Broadcasts/button_Create New Broadcast (1) (1) (1) (1) (1) (1) (1) (1) (1)'
	at com.kms.katalon.core.webui.keyword.internal.WebUIKeywordMain.stepFailed(WebUIKeywordMain.groovy:64)
	at com.kms.katalon.core.webui.keyword.internal.WebUIKeywordMain.runKeyword(WebUIKeywordMain.groovy:26)
	at com.kms.katalon.core.webui.keyword.builtin.ClickKeyword.click(ClickKeyword.groovy:86)
	at com.kms.katalon.core.webui.keyword.builtin.ClickKeyword.execute(ClickKeyword.groovy:67)
	at com.kms.katalon.core.keyword.internal.KeywordExecutor.executeKeywordForPlatform(KeywordExecutor.groovy:56)
	at com.kms.katalon.core.webui.keyword.WebUiBuiltInKeywords.click(WebUiBuiltInKeywords.groovy:616)
	at com.kms.katalon.core.webui.keyword.WebUiBuiltInKeywords$click$2.call(Unknown Source)
	at TC11186.run(TC11186:34)
	at com.kms.katalon.core.main.ScriptEngine.run(ScriptEngine.java:194)
	at com.kms.katalon.core.main.ScriptEngine.runScriptAsRawText(ScriptEngine.java:119)
	at com.kms.katalon.core.main.TestCaseExecutor.runScript(TestCaseExecutor.java:331)
	at com.kms.katalon.core.main.TestCaseExecutor.doExecute(TestCaseExecutor.java:322)
	at com.kms.katalon.core.main.TestCaseExecutor.processExecutionPhase(TestCaseExecutor.java:301)
	at com.kms.katalon.core.main.TestCaseExecutor.accessMainPhase(TestCaseExecutor.java:293)
	at com.kms.katalon.core.main.TestCaseExecutor.execute(TestCaseExecutor.java:227)
	at com.kms.katalon.core.main.TestSuiteExecutor.accessTestCaseMainPhase(TestSuiteExecutor.java:129)
	at com.kms.katalon.core.main.TestSuiteExecutor.accessTestSuiteMainPhase(TestSuiteExecutor.java:112)
	at com.kms.katalon.core.main.TestSuiteExecutor.execute(TestSuiteExecutor.java:81)
	at com.kms.katalon.core.main.TestCaseMain.startTestSuite(TestCaseMain.java:157)
	at com.kms.katalon.core.main.TestCaseMain$startTestSuite$0.call(Unknown Source)
	at TempTestSuite1556601617957.run(TempTestSuite1556601617957.groovy:35)
Caused by: com.kms.katalon.core.webui.exception.WebElementNotFoundException: Web element with id: 'Object Repository/Page_KiboEngage  Broadcasts/button_Create New Broadcast (1) (1) (1) (1) (1) (1) (1) (1) (1)' located by 'By.xpath: //button[(text() = 'Create New Broadcast' or . = 'Create New Broadcast')]' not found
	at com.kms.katalon.core.webui.common.WebUiCommonHelper.findWebElement(WebUiCommonHelper.java:1053)
	at com.kms.katalon.core.webui.keyword.internal.WebUIAbstractKeyword.findWebElement(WebUIAbstractKeyword.groovy:27)
	at com.kms.katalon.core.webui.keyword.internal.WebUIAbstractKeyword.findWebElement(WebUIAbstractKeyword.groovy:26)
	at com.kms.katalon.core.webui.keyword.builtin.ClickKeyword$_click_closure1.doCall(ClickKeyword.groovy:77)
	at com.kms.katalon.core.webui.keyword.builtin.ClickKeyword$_click_closure1.call(ClickKeyword.groovy)
	at com.kms.katalon.core.webui.keyword.internal.WebUIKeywordMain.runKeyword(WebUIKeywordMain.groovy:20)
	at com.kms.katalon.core.webui.keyword.builtin.ClickKeyword.click(ClickKeyword.groovy:86)
	at com.kms.katalon.core.webui.keyword.builtin.ClickKeyword.execute(ClickKeyword.groovy:67)
	at com.kms.katalon.core.keyword.internal.KeywordExecutor.executeKeywordForPlatform(KeywordExecutor.groovy:56)
	at com.kms.katalon.core.webui.keyword.WebUiBuiltInKeywords.click(WebUiBuiltInKeywords.groovy:616)
	at com.kms.katalon.core.webui.keyword.WebUiBuiltInKeywords$click$2.call(Unknown Source)
	at Script1554276508425.run(Script1554276508425.groovy:34)
	... 13 more]]></system-err>
      </testcase>
      <testcase name="Test Cases/SMS/sms broadcast/TC11187" classname="Test Cases/SMS/sms broadcast/TC11187" status="FAILED">
         <failure type="FAILED" message="Test Cases/SMS/sms broadcast/TC11187 FAILED.
Reason:
com.kms.katalon.core.exception.StepFailedException: Unable to click on object 'Object Repository/Page_KiboEngage  Broadcasts/button_Create New Broadcast (1) (1) (1) (1) (1) (1) (1) (1) (2)'
	at com.kms.katalon.core.webui.keyword.internal.WebUIKeywordMain.stepFailed(WebUIKeywordMain.groovy:64)
	at com.kms.katalon.core.webui.keyword.internal.WebUIKeywordMain.runKeyword(WebUIKeywordMain.groovy:26)
	at com.kms.katalon.core.webui.keyword.builtin.ClickKeyword.click(ClickKeyword.groovy:86)
	at com.kms.katalon.core.webui.keyword.builtin.ClickKeyword.execute(ClickKeyword.groovy:67)
	at com.kms.katalon.core.keyword.internal.KeywordExecutor.executeKeywordForPlatform(KeywordExecutor.groovy:56)
	at com.kms.katalon.core.webui.keyword.WebUiBuiltInKeywords.click(WebUiBuiltInKeywords.groovy:616)
	at com.kms.katalon.core.webui.keyword.WebUiBuiltInKeywords$click$2.call(Unknown Source)
	at TC11187.run(TC11187:34)
	at com.kms.katalon.core.main.ScriptEngine.run(ScriptEngine.java:194)
	at com.kms.katalon.core.main.ScriptEngine.runScriptAsRawText(ScriptEngine.java:119)
	at com.kms.katalon.core.main.TestCaseExecutor.runScript(TestCaseExecutor.java:331)
	at com.kms.katalon.core.main.TestCaseExecutor.doExecute(TestCaseExecutor.java:322)
	at com.kms.katalon.core.main.TestCaseExecutor.processExecutionPhase(TestCaseExecutor.java:301)
	at com.kms.katalon.core.main.TestCaseExecutor.accessMainPhase(TestCaseExecutor.java:293)
	at com.kms.katalon.core.main.TestCaseExecutor.execute(TestCaseExecutor.java:227)
	at com.kms.katalon.core.main.TestSuiteExecutor.accessTestCaseMainPhase(TestSuiteExecutor.java:129)
	at com.kms.katalon.core.main.TestSuiteExecutor.accessTestSuiteMainPhase(TestSuiteExecutor.java:112)
	at com.kms.katalon.core.main.TestSuiteExecutor.execute(TestSuiteExecutor.java:81)
	at com.kms.katalon.core.main.TestCaseMain.startTestSuite(TestCaseMain.java:157)
	at com.kms.katalon.core.main.TestCaseMain$startTestSuite$0.call(Unknown Source)
	at TempTestSuite1556601617957.run(TempTestSuite1556601617957.groovy:35)
Caused by: com.kms.katalon.core.webui.exception.WebElementNotFoundException: Web element with id: 'Object Repository/Page_KiboEngage  Broadcasts/button_Create New Broadcast (1) (1) (1) (1) (1) (1) (1) (1) (2)' located by 'By.xpath: //button[(text() = 'Create New Broadcast' or . = 'Create New Broadcast')]' not found
	at com.kms.katalon.core.webui.common.WebUiCommonHelper.findWebElement(WebUiCommonHelper.java:1053)
	at com.kms.katalon.core.webui.keyword.internal.WebUIAbstractKeyword.findWebElement(WebUIAbstractKeyword.groovy:27)
	at com.kms.katalon.core.webui.keyword.internal.WebUIAbstractKeyword.findWebElement(WebUIAbstractKeyword.groovy:26)
	at com.kms.katalon.core.webui.keyword.builtin.ClickKeyword$_click_closure1.doCall(ClickKeyword.groovy:77)
	at com.kms.katalon.core.webui.keyword.builtin.ClickKeyword$_click_closure1.call(ClickKeyword.groovy)
	at com.kms.katalon.core.webui.keyword.internal.WebUIKeywordMain.runKeyword(WebUIKeywordMain.groovy:20)
	at com.kms.katalon.core.webui.keyword.builtin.ClickKeyword.click(ClickKeyword.groovy:86)
	at com.kms.katalon.core.webui.keyword.builtin.ClickKeyword.execute(ClickKeyword.groovy:67)
	at com.kms.katalon.core.keyword.internal.KeywordExecutor.executeKeywordForPlatform(KeywordExecutor.groovy:56)
	at com.kms.katalon.core.webui.keyword.WebUiBuiltInKeywords.click(WebUiBuiltInKeywords.groovy:616)
	at com.kms.katalon.core.webui.keyword.WebUiBuiltInKeywords$click$2.call(Unknown Source)
	at Script1554276852907.run(Script1554276852907.groovy:34)
	... 13 more
"/>
         <system-out><![CDATA[2019-04-30 10:39:57 - [TEST_CASE][FAILED] - Test Cases/SMS/sms broadcast/TC11187: Test Cases/SMS/sms broadcast/TC11187 FAILED.
Reason:
com.kms.katalon.core.exception.StepFailedException: Unable to click on object 'Object Repository/Page_KiboEngage  Broadcasts/button_Create New Broadcast (1) (1) (1) (1) (1) (1) (1) (1) (2)'
	at com.kms.katalon.core.webui.keyword.internal.WebUIKeywordMain.stepFailed(WebUIKeywordMain.groovy:64)
	at com.kms.katalon.core.webui.keyword.internal.WebUIKeywordMain.runKeyword(WebUIKeywordMain.groovy:26)
	at com.kms.katalon.core.webui.keyword.builtin.ClickKeyword.click(ClickKeyword.groovy:86)
	at com.kms.katalon.core.webui.keyword.builtin.ClickKeyword.execute(ClickKeyword.groovy:67)
	at com.kms.katalon.core.keyword.internal.KeywordExecutor.executeKeywordForPlatform(KeywordExecutor.groovy:56)
	at com.kms.katalon.core.webui.keyword.WebUiBuiltInKeywords.click(WebUiBuiltInKeywords.groovy:616)
	at com.kms.katalon.core.webui.keyword.WebUiBuiltInKeywords$click$2.call(Unknown Source)
	at TC11187.run(TC11187:34)
	at com.kms.katalon.core.main.ScriptEngine.run(ScriptEngine.java:194)
	at com.kms.katalon.core.main.ScriptEngine.runScriptAsRawText(ScriptEngine.java:119)
	at com.kms.katalon.core.main.TestCaseExecutor.runScript(TestCaseExecutor.java:331)
	at com.kms.katalon.core.main.TestCaseExecutor.doExecute(TestCaseExecutor.java:322)
	at com.kms.katalon.core.main.TestCaseExecutor.processExecutionPhase(TestCaseExecutor.java:301)
	at com.kms.katalon.core.main.TestCaseExecutor.accessMainPhase(TestCaseExecutor.java:293)
	at com.kms.katalon.core.main.TestCaseExecutor.execute(TestCaseExecutor.java:227)
	at com.kms.katalon.core.main.TestSuiteExecutor.accessTestCaseMainPhase(TestSuiteExecutor.java:129)
	at com.kms.katalon.core.main.TestSuiteExecutor.accessTestSuiteMainPhase(TestSuiteExecutor.java:112)
	at com.kms.katalon.core.main.TestSuiteExecutor.execute(TestSuiteExecutor.java:81)
	at com.kms.katalon.core.main.TestCaseMain.startTestSuite(TestCaseMain.java:157)
	at com.kms.katalon.core.main.TestCaseMain$startTestSuite$0.call(Unknown Source)
	at TempTestSuite1556601617957.run(TempTestSuite1556601617957.groovy:35)
Caused by: com.kms.katalon.core.webui.exception.WebElementNotFoundException: Web element with id: 'Object Repository/Page_KiboEngage  Broadcasts/button_Create New Broadcast (1) (1) (1) (1) (1) (1) (1) (1) (2)' located by 'By.xpath: //button[(text() = 'Create New Broadcast' or . = 'Create New Broadcast')]' not found
	at com.kms.katalon.core.webui.common.WebUiCommonHelper.findWebElement(WebUiCommonHelper.java:1053)
	at com.kms.katalon.core.webui.keyword.internal.WebUIAbstractKeyword.findWebElement(WebUIAbstractKeyword.groovy:27)
	at com.kms.katalon.core.webui.keyword.internal.WebUIAbstractKeyword.findWebElement(WebUIAbstractKeyword.groovy:26)
	at com.kms.katalon.core.webui.keyword.builtin.ClickKeyword$_click_closure1.doCall(ClickKeyword.groovy:77)
	at com.kms.katalon.core.webui.keyword.builtin.ClickKeyword$_click_closure1.call(ClickKeyword.groovy)
	at com.kms.katalon.core.webui.keyword.internal.WebUIKeywordMain.runKeyword(WebUIKeywordMain.groovy:20)
	at com.kms.katalon.core.webui.keyword.builtin.ClickKeyword.click(ClickKeyword.groovy:86)
	at com.kms.katalon.core.webui.keyword.builtin.ClickKeyword.execute(ClickKeyword.groovy:67)
	at com.kms.katalon.core.keyword.internal.KeywordExecutor.executeKeywordForPlatform(KeywordExecutor.groovy:56)
	at com.kms.katalon.core.webui.keyword.WebUiBuiltInKeywords.click(WebUiBuiltInKeywords.groovy:616)
	at com.kms.katalon.core.webui.keyword.WebUiBuiltInKeywords$click$2.call(Unknown Source)
	at Script1554276852907.run(Script1554276852907.groovy:34)
	... 13 more


2019-04-30 10:39:57 - [TEST_STEP][PASSED] - click(findTestObject("Page_KiboPush  Dashboard/span_Dashboard")): Object: 'Object Repository/Page_KiboPush  Dashboard/span_Dashboard' is clicked on

2019-04-30 10:39:57 - [MESSAGE][PASSED] - Object: 'Object Repository/Page_KiboPush  Dashboard/span_Dashboard' is clicked on

2019-04-30 10:39:57 - [TEST_STEP][PASSED] - delay(1): Delayed 1 second(s)

2019-04-30 10:39:58 - [MESSAGE][PASSED] - Delayed 1 second(s)

2019-04-30 10:39:58 - [TEST_STEP][PASSED] - click(findTestObject("Object Repository/Page_KiboEngage  Dashboard/span_Broadcasts")): Object: 'Object Repository/Page_KiboEngage  Dashboard/span_Broadcasts' is clicked on

2019-04-30 10:39:59 - [MESSAGE][PASSED] - Object: 'Object Repository/Page_KiboEngage  Dashboard/span_Broadcasts' is clicked on

2019-04-30 10:39:59 - [TEST_STEP][PASSED] - delay(1): Delayed 1 second(s)

2019-04-30 10:40:00 - [MESSAGE][PASSED] - Delayed 1 second(s)

2019-04-30 10:40:00 - [TEST_STEP][PASSED] - click(findTestObject("Object Repository/Page_KiboEngage  Broadcasts/h3_Broadcasts (1) (1) (1) (1) (1) (1) (1) (1) (1) (2)")): Object: 'Object Repository/Page_KiboEngage  Broadcasts/h3_Broadcasts (1) (1) (1) (1) (1) (1) (1) (1) (1) (2)' is clicked on

2019-04-30 10:40:00 - [MESSAGE][PASSED] - Object: 'Object Repository/Page_KiboEngage  Broadcasts/h3_Broadcasts (1) (1) (1) (1) (1) (1) (1) (1) (1) (2)' is clicked on

2019-04-30 10:40:00 - [TEST_STEP][PASSED] - delay(1): Delayed 1 second(s)

2019-04-30 10:40:01 - [MESSAGE][PASSED] - Delayed 1 second(s)

2019-04-30 10:40:01 - [TEST_STEP][PASSED] - click(findTestObject("Object Repository/Page_KiboEngage  Broadcasts/span_Create New (1) (1) (1) (1) (1) (1) (1) (1) (2)")): Object: 'Object Repository/Page_KiboEngage  Broadcasts/span_Create New (1) (1) (1) (1) (1) (1) (1) (1) (2)' is clicked on

2019-04-30 10:40:01 - [MESSAGE][PASSED] - Object: 'Object Repository/Page_KiboEngage  Broadcasts/span_Create New (1) (1) (1) (1) (1) (1) (1) (1) (2)' is clicked on

2019-04-30 10:40:01 - [TEST_STEP][FAILED] - click(findTestObject("Object Repository/Page_KiboEngage  Broadcasts/button_Create New Broadcast (1) (1) (1) (1) (1) (1) (1) (1) (2)")): click(findTestObject("Object Repository/Page_KiboEngage  Broadcasts/button_Create New Broadcast (1) (1) (1) (1) (1) (1) (1) (1) (2)")) FAILED.
Reason:
com.kms.katalon.core.exception.StepFailedException: Unable to click on object 'Object Repository/Page_KiboEngage  Broadcasts/button_Create New Broadcast (1) (1) (1) (1) (1) (1) (1) (1) (2)'
	at com.kms.katalon.core.webui.keyword.internal.WebUIKeywordMain.stepFailed(WebUIKeywordMain.groovy:64)
	at com.kms.katalon.core.webui.keyword.internal.WebUIKeywordMain.runKeyword(WebUIKeywordMain.groovy:26)
	at com.kms.katalon.core.webui.keyword.builtin.ClickKeyword.click(ClickKeyword.groovy:86)
	at com.kms.katalon.core.webui.keyword.builtin.ClickKeyword.execute(ClickKeyword.groovy:67)
	at com.kms.katalon.core.keyword.internal.KeywordExecutor.executeKeywordForPlatform(KeywordExecutor.groovy:56)
	at com.kms.katalon.core.webui.keyword.WebUiBuiltInKeywords.click(WebUiBuiltInKeywords.groovy:616)
	at com.kms.katalon.core.webui.keyword.WebUiBuiltInKeywords$click$2.call(Unknown Source)
	at TC11187.run(TC11187:34)
	at com.kms.katalon.core.main.ScriptEngine.run(ScriptEngine.java:194)
	at com.kms.katalon.core.main.ScriptEngine.runScriptAsRawText(ScriptEngine.java:119)
	at com.kms.katalon.core.main.TestCaseExecutor.runScript(TestCaseExecutor.java:331)
	at com.kms.katalon.core.main.TestCaseExecutor.doExecute(TestCaseExecutor.java:322)
	at com.kms.katalon.core.main.TestCaseExecutor.processExecutionPhase(TestCaseExecutor.java:301)
	at com.kms.katalon.core.main.TestCaseExecutor.accessMainPhase(TestCaseExecutor.java:293)
	at com.kms.katalon.core.main.TestCaseExecutor.execute(TestCaseExecutor.java:227)
	at com.kms.katalon.core.main.TestSuiteExecutor.accessTestCaseMainPhase(TestSuiteExecutor.java:129)
	at com.kms.katalon.core.main.TestSuiteExecutor.accessTestSuiteMainPhase(TestSuiteExecutor.java:112)
	at com.kms.katalon.core.main.TestSuiteExecutor.execute(TestSuiteExecutor.java:81)
	at com.kms.katalon.core.main.TestCaseMain.startTestSuite(TestCaseMain.java:157)
	at com.kms.katalon.core.main.TestCaseMain$startTestSuite$0.call(Unknown Source)
	at TempTestSuite1556601617957.run(TempTestSuite1556601617957.groovy:35)
Caused by: com.kms.katalon.core.webui.exception.WebElementNotFoundException: Web element with id: 'Object Repository/Page_KiboEngage  Broadcasts/button_Create New Broadcast (1) (1) (1) (1) (1) (1) (1) (1) (2)' located by 'By.xpath: //button[(text() = 'Create New Broadcast' or . = 'Create New Broadcast')]' not found
	at com.kms.katalon.core.webui.common.WebUiCommonHelper.findWebElement(WebUiCommonHelper.java:1053)
	at com.kms.katalon.core.webui.keyword.internal.WebUIAbstractKeyword.findWebElement(WebUIAbstractKeyword.groovy:27)
	at com.kms.katalon.core.webui.keyword.internal.WebUIAbstractKeyword.findWebElement(WebUIAbstractKeyword.groovy:26)
	at com.kms.katalon.core.webui.keyword.builtin.ClickKeyword$_click_closure1.doCall(ClickKeyword.groovy:77)
	at com.kms.katalon.core.webui.keyword.builtin.ClickKeyword$_click_closure1.call(ClickKeyword.groovy)
	at com.kms.katalon.core.webui.keyword.internal.WebUIKeywordMain.runKeyword(WebUIKeywordMain.groovy:20)
	at com.kms.katalon.core.webui.keyword.builtin.ClickKeyword.click(ClickKeyword.groovy:86)
	at com.kms.katalon.core.webui.keyword.builtin.ClickKeyword.execute(ClickKeyword.groovy:67)
	at com.kms.katalon.core.keyword.internal.KeywordExecutor.executeKeywordForPlatform(KeywordExecutor.groovy:56)
	at com.kms.katalon.core.webui.keyword.WebUiBuiltInKeywords.click(WebUiBuiltInKeywords.groovy:616)
	at com.kms.katalon.core.webui.keyword.WebUiBuiltInKeywords$click$2.call(Unknown Source)
	at Script1554276852907.run(Script1554276852907.groovy:34)
	... 13 more


2019-04-30 10:40:31 - [MESSAGE][INFO] - Unable to find the element located by 'By.xpath: //button[(text() = 'Create New Broadcast' or . = 'Create New Broadcast')]'. Please recheck the objects properties to make sure the desired element is located. 

2019-04-30 10:40:32 - [MESSAGE][FAILED] - Unable to click on object 'Object Repository/Page_KiboEngage  Broadcasts/button_Create New Broadcast (1) (1) (1) (1) (1) (1) (1) (1) (2)' (Root cause: com.kms.katalon.core.exception.StepFailedException: Unable to click on object 'Object Repository/Page_KiboEngage  Broadcasts/button_Create New Broadcast (1) (1) (1) (1) (1) (1) (1) (1) (2)'
	at com.kms.katalon.core.webui.keyword.internal.WebUIKeywordMain.stepFailed(WebUIKeywordMain.groovy:64)
	at com.kms.katalon.core.webui.keyword.internal.WebUIKeywordMain.runKeyword(WebUIKeywordMain.groovy:26)
	at com.kms.katalon.core.webui.keyword.builtin.ClickKeyword.click(ClickKeyword.groovy:86)
	at com.kms.katalon.core.webui.keyword.builtin.ClickKeyword.execute(ClickKeyword.groovy:67)
	at com.kms.katalon.core.keyword.internal.KeywordExecutor.executeKeywordForPlatform(KeywordExecutor.groovy:56)
	at com.kms.katalon.core.webui.keyword.WebUiBuiltInKeywords.click(WebUiBuiltInKeywords.groovy:616)
	at com.kms.katalon.core.webui.keyword.WebUiBuiltInKeywords$click$2.call(Unknown Source)
	at TC11187.run(TC11187:34)
	at com.kms.katalon.core.main.ScriptEngine.run(ScriptEngine.java:194)
	at com.kms.katalon.core.main.ScriptEngine.runScriptAsRawText(ScriptEngine.java:119)
	at com.kms.katalon.core.main.TestCaseExecutor.runScript(TestCaseExecutor.java:331)
	at com.kms.katalon.core.main.TestCaseExecutor.doExecute(TestCaseExecutor.java:322)
	at com.kms.katalon.core.main.TestCaseExecutor.processExecutionPhase(TestCaseExecutor.java:301)
	at com.kms.katalon.core.main.TestCaseExecutor.accessMainPhase(TestCaseExecutor.java:293)
	at com.kms.katalon.core.main.TestCaseExecutor.execute(TestCaseExecutor.java:227)
	at com.kms.katalon.core.main.TestSuiteExecutor.accessTestCaseMainPhase(TestSuiteExecutor.java:129)
	at com.kms.katalon.core.main.TestSuiteExecutor.accessTestSuiteMainPhase(TestSuiteExecutor.java:112)
	at com.kms.katalon.core.main.TestSuiteExecutor.execute(TestSuiteExecutor.java:81)
	at com.kms.katalon.core.main.TestCaseMain.startTestSuite(TestCaseMain.java:157)
	at com.kms.katalon.core.main.TestCaseMain$startTestSuite$0.call(Unknown Source)
	at TempTestSuite1556601617957.run(TempTestSuite1556601617957.groovy:35)
Caused by: com.kms.katalon.core.webui.exception.WebElementNotFoundException: Web element with id: 'Object Repository/Page_KiboEngage  Broadcasts/button_Create New Broadcast (1) (1) (1) (1) (1) (1) (1) (1) (2)' located by 'By.xpath: //button[(text() = 'Create New Broadcast' or . = 'Create New Broadcast')]' not found
	at com.kms.katalon.core.webui.common.WebUiCommonHelper.findWebElement(WebUiCommonHelper.java:1053)
	at com.kms.katalon.core.webui.keyword.internal.WebUIAbstractKeyword.findWebElement(WebUIAbstractKeyword.groovy:27)
	at com.kms.katalon.core.webui.keyword.internal.WebUIAbstractKeyword.findWebElement(WebUIAbstractKeyword.groovy:26)
	at com.kms.katalon.core.webui.keyword.builtin.ClickKeyword$_click_closure1.doCall(ClickKeyword.groovy:77)
	at com.kms.katalon.core.webui.keyword.builtin.ClickKeyword$_click_closure1.call(ClickKeyword.groovy)
	at com.kms.katalon.core.webui.keyword.internal.WebUIKeywordMain.runKeyword(WebUIKeywordMain.groovy:20)
	at com.kms.katalon.core.webui.keyword.builtin.ClickKeyword.click(ClickKeyword.groovy:86)
	at com.kms.katalon.core.webui.keyword.builtin.ClickKeyword.execute(ClickKeyword.groovy:67)
	at com.kms.katalon.core.keyword.internal.KeywordExecutor.executeKeywordForPlatform(KeywordExecutor.groovy:56)
	at com.kms.katalon.core.webui.keyword.WebUiBuiltInKeywords.click(WebUiBuiltInKeywords.groovy:616)
	at com.kms.katalon.core.webui.keyword.WebUiBuiltInKeywords$click$2.call(Unknown Source)
	at Script1554276852907.run(Script1554276852907.groovy:34)
	... 13 more
)
[[ATTACHMENT|/home/cloudkibo-faizan/Drive/KiboPush_Automated_Testing/Reports/Faizan Suits/SMS Kiboengage/20190430_102017/1556602831854.png]]

2019-04-30 10:40:32 - [MESSAGE][FAILED] - click(findTestObject("Object Repository/Page_KiboEngage  Broadcasts/button_Create New Broadcast (1) (1) (1) (1) (1) (1) (1) (1) (2)")) FAILED.
Reason:
com.kms.katalon.core.exception.StepFailedException: Unable to click on object 'Object Repository/Page_KiboEngage  Broadcasts/button_Create New Broadcast (1) (1) (1) (1) (1) (1) (1) (1) (2)'
	at com.kms.katalon.core.webui.keyword.internal.WebUIKeywordMain.stepFailed(WebUIKeywordMain.groovy:64)
	at com.kms.katalon.core.webui.keyword.internal.WebUIKeywordMain.runKeyword(WebUIKeywordMain.groovy:26)
	at com.kms.katalon.core.webui.keyword.builtin.ClickKeyword.click(ClickKeyword.groovy:86)
	at com.kms.katalon.core.webui.keyword.builtin.ClickKeyword.execute(ClickKeyword.groovy:67)
	at com.kms.katalon.core.keyword.internal.KeywordExecutor.executeKeywordForPlatform(KeywordExecutor.groovy:56)
	at com.kms.katalon.core.webui.keyword.WebUiBuiltInKeywords.click(WebUiBuiltInKeywords.groovy:616)
	at com.kms.katalon.core.webui.keyword.WebUiBuiltInKeywords$click$2.call(Unknown Source)
	at TC11187.run(TC11187:34)
	at com.kms.katalon.core.main.ScriptEngine.run(ScriptEngine.java:194)
	at com.kms.katalon.core.main.ScriptEngine.runScriptAsRawText(ScriptEngine.java:119)
	at com.kms.katalon.core.main.TestCaseExecutor.runScript(TestCaseExecutor.java:331)
	at com.kms.katalon.core.main.TestCaseExecutor.doExecute(TestCaseExecutor.java:322)
	at com.kms.katalon.core.main.TestCaseExecutor.processExecutionPhase(TestCaseExecutor.java:301)
	at com.kms.katalon.core.main.TestCaseExecutor.accessMainPhase(TestCaseExecutor.java:293)
	at com.kms.katalon.core.main.TestCaseExecutor.execute(TestCaseExecutor.java:227)
	at com.kms.katalon.core.main.TestSuiteExecutor.accessTestCaseMainPhase(TestSuiteExecutor.java:129)
	at com.kms.katalon.core.main.TestSuiteExecutor.accessTestSuiteMainPhase(TestSuiteExecutor.java:112)
	at com.kms.katalon.core.main.TestSuiteExecutor.execute(TestSuiteExecutor.java:81)
	at com.kms.katalon.core.main.TestCaseMain.startTestSuite(TestCaseMain.java:157)
	at com.kms.katalon.core.main.TestCaseMain$startTestSuite$0.call(Unknown Source)
	at TempTestSuite1556601617957.run(TempTestSuite1556601617957.groovy:35)
Caused by: com.kms.katalon.core.webui.exception.WebElementNotFoundException: Web element with id: 'Object Repository/Page_KiboEngage  Broadcasts/button_Create New Broadcast (1) (1) (1) (1) (1) (1) (1) (1) (2)' located by 'By.xpath: //button[(text() = 'Create New Broadcast' or . = 'Create New Broadcast')]' not found
	at com.kms.katalon.core.webui.common.WebUiCommonHelper.findWebElement(WebUiCommonHelper.java:1053)
	at com.kms.katalon.core.webui.keyword.internal.WebUIAbstractKeyword.findWebElement(WebUIAbstractKeyword.groovy:27)
	at com.kms.katalon.core.webui.keyword.internal.WebUIAbstractKeyword.findWebElement(WebUIAbstractKeyword.groovy:26)
	at com.kms.katalon.core.webui.keyword.builtin.ClickKeyword$_click_closure1.doCall(ClickKeyword.groovy:77)
	at com.kms.katalon.core.webui.keyword.builtin.ClickKeyword$_click_closure1.call(ClickKeyword.groovy)
	at com.kms.katalon.core.webui.keyword.internal.WebUIKeywordMain.runKeyword(WebUIKeywordMain.groovy:20)
	at com.kms.katalon.core.webui.keyword.builtin.ClickKeyword.click(ClickKeyword.groovy:86)
	at com.kms.katalon.core.webui.keyword.builtin.ClickKeyword.execute(ClickKeyword.groovy:67)
	at com.kms.katalon.core.keyword.internal.KeywordExecutor.executeKeywordForPlatform(KeywordExecutor.groovy:56)
	at com.kms.katalon.core.webui.keyword.WebUiBuiltInKeywords.click(WebUiBuiltInKeywords.groovy:616)
	at com.kms.katalon.core.webui.keyword.WebUiBuiltInKeywords$click$2.call(Unknown Source)
	at Script1554276852907.run(Script1554276852907.groovy:34)
	... 13 more]]></system-out>
         <system-err><![CDATA[2019-04-30 10:39:57 - [TEST_CASE][FAILED] - Test Cases/SMS/sms broadcast/TC11187: Test Cases/SMS/sms broadcast/TC11187 FAILED.
Reason:
com.kms.katalon.core.exception.StepFailedException: Unable to click on object 'Object Repository/Page_KiboEngage  Broadcasts/button_Create New Broadcast (1) (1) (1) (1) (1) (1) (1) (1) (2)'
	at com.kms.katalon.core.webui.keyword.internal.WebUIKeywordMain.stepFailed(WebUIKeywordMain.groovy:64)
	at com.kms.katalon.core.webui.keyword.internal.WebUIKeywordMain.runKeyword(WebUIKeywordMain.groovy:26)
	at com.kms.katalon.core.webui.keyword.builtin.ClickKeyword.click(ClickKeyword.groovy:86)
	at com.kms.katalon.core.webui.keyword.builtin.ClickKeyword.execute(ClickKeyword.groovy:67)
	at com.kms.katalon.core.keyword.internal.KeywordExecutor.executeKeywordForPlatform(KeywordExecutor.groovy:56)
	at com.kms.katalon.core.webui.keyword.WebUiBuiltInKeywords.click(WebUiBuiltInKeywords.groovy:616)
	at com.kms.katalon.core.webui.keyword.WebUiBuiltInKeywords$click$2.call(Unknown Source)
	at TC11187.run(TC11187:34)
	at com.kms.katalon.core.main.ScriptEngine.run(ScriptEngine.java:194)
	at com.kms.katalon.core.main.ScriptEngine.runScriptAsRawText(ScriptEngine.java:119)
	at com.kms.katalon.core.main.TestCaseExecutor.runScript(TestCaseExecutor.java:331)
	at com.kms.katalon.core.main.TestCaseExecutor.doExecute(TestCaseExecutor.java:322)
	at com.kms.katalon.core.main.TestCaseExecutor.processExecutionPhase(TestCaseExecutor.java:301)
	at com.kms.katalon.core.main.TestCaseExecutor.accessMainPhase(TestCaseExecutor.java:293)
	at com.kms.katalon.core.main.TestCaseExecutor.execute(TestCaseExecutor.java:227)
	at com.kms.katalon.core.main.TestSuiteExecutor.accessTestCaseMainPhase(TestSuiteExecutor.java:129)
	at com.kms.katalon.core.main.TestSuiteExecutor.accessTestSuiteMainPhase(TestSuiteExecutor.java:112)
	at com.kms.katalon.core.main.TestSuiteExecutor.execute(TestSuiteExecutor.java:81)
	at com.kms.katalon.core.main.TestCaseMain.startTestSuite(TestCaseMain.java:157)
	at com.kms.katalon.core.main.TestCaseMain$startTestSuite$0.call(Unknown Source)
	at TempTestSuite1556601617957.run(TempTestSuite1556601617957.groovy:35)
Caused by: com.kms.katalon.core.webui.exception.WebElementNotFoundException: Web element with id: 'Object Repository/Page_KiboEngage  Broadcasts/button_Create New Broadcast (1) (1) (1) (1) (1) (1) (1) (1) (2)' located by 'By.xpath: //button[(text() = 'Create New Broadcast' or . = 'Create New Broadcast')]' not found
	at com.kms.katalon.core.webui.common.WebUiCommonHelper.findWebElement(WebUiCommonHelper.java:1053)
	at com.kms.katalon.core.webui.keyword.internal.WebUIAbstractKeyword.findWebElement(WebUIAbstractKeyword.groovy:27)
	at com.kms.katalon.core.webui.keyword.internal.WebUIAbstractKeyword.findWebElement(WebUIAbstractKeyword.groovy:26)
	at com.kms.katalon.core.webui.keyword.builtin.ClickKeyword$_click_closure1.doCall(ClickKeyword.groovy:77)
	at com.kms.katalon.core.webui.keyword.builtin.ClickKeyword$_click_closure1.call(ClickKeyword.groovy)
	at com.kms.katalon.core.webui.keyword.internal.WebUIKeywordMain.runKeyword(WebUIKeywordMain.groovy:20)
	at com.kms.katalon.core.webui.keyword.builtin.ClickKeyword.click(ClickKeyword.groovy:86)
	at com.kms.katalon.core.webui.keyword.builtin.ClickKeyword.execute(ClickKeyword.groovy:67)
	at com.kms.katalon.core.keyword.internal.KeywordExecutor.executeKeywordForPlatform(KeywordExecutor.groovy:56)
	at com.kms.katalon.core.webui.keyword.WebUiBuiltInKeywords.click(WebUiBuiltInKeywords.groovy:616)
	at com.kms.katalon.core.webui.keyword.WebUiBuiltInKeywords$click$2.call(Unknown Source)
	at Script1554276852907.run(Script1554276852907.groovy:34)
	... 13 more]]></system-err>
      </testcase>
      <testcase name="Test Cases/SMS/Configuration in Settings/TC11210" classname="Test Cases/SMS/Configuration in Settings/TC11210" status="PASSED">
         <system-out><![CDATA[2019-04-30 10:40:32 - [TEST_CASE][PASSED] - Test Cases/SMS/Configuration in Settings/TC11210: Test Cases/SMS/Configuration in Settings/TC11210

2019-04-30 10:40:32 - [TEST_STEP][PASSED] - click(findTestObject("Page_KiboPush  Dashboard/span_Dashboard")): Object: 'Object Repository/Page_KiboPush  Dashboard/span_Dashboard' is clicked on

2019-04-30 10:40:32 - [MESSAGE][PASSED] - Object: 'Object Repository/Page_KiboPush  Dashboard/span_Dashboard' is clicked on

2019-04-30 10:40:32 - [TEST_STEP][PASSED] - delay(1): Delayed 1 second(s)

2019-04-30 10:40:33 - [MESSAGE][PASSED] - Delayed 1 second(s)

2019-04-30 10:40:33 - [TEST_STEP][PASSED] - click(findTestObject("Object Repository/Page_KiboEngage  Dashboard/span_Settings")): Object: 'Object Repository/Page_KiboEngage  Dashboard/span_Settings' is clicked on

2019-04-30 10:40:33 - [MESSAGE][PASSED] - Object: 'Object Repository/Page_KiboEngage  Dashboard/span_Settings' is clicked on

2019-04-30 10:40:33 - [TEST_STEP][PASSED] - delay(1): Delayed 1 second(s)

2019-04-30 10:40:34 - [MESSAGE][PASSED] - Delayed 1 second(s)

2019-04-30 10:40:34 - [TEST_STEP][PASSED] - click(findTestObject("Object Repository/Page_KiboEngage  Api Settings/a_Configuration")): Object: 'Object Repository/Page_KiboEngage  Api Settings/a_Configuration' is clicked on

2019-04-30 10:40:34 - [MESSAGE][PASSED] - Object: 'Object Repository/Page_KiboEngage  Api Settings/a_Configuration' is clicked on

2019-04-30 10:40:34 - [TEST_STEP][PASSED] - click(findTestObject("Object Repository/Page_KiboEngage  Api Settings/span_Configuration")): Object: 'Object Repository/Page_KiboEngage  Api Settings/span_Configuration' is clicked on

2019-04-30 10:40:34 - [MESSAGE][PASSED] - Object: 'Object Repository/Page_KiboEngage  Api Settings/span_Configuration' is clicked on]]></system-out>
         <system-err><![CDATA[]]></system-err>
      </testcase>
      <testcase name="Test Cases/SMS/Configuration in Settings/TC11211" classname="Test Cases/SMS/Configuration in Settings/TC11211" status="PASSED">
         <system-out><![CDATA[2019-04-30 10:40:34 - [TEST_CASE][PASSED] - Test Cases/SMS/Configuration in Settings/TC11211: Test Cases/SMS/Configuration in Settings/TC11211

2019-04-30 10:40:34 - [TEST_STEP][PASSED] - click(findTestObject("Page_KiboPush  Dashboard/span_Dashboard")): Object: 'Object Repository/Page_KiboPush  Dashboard/span_Dashboard' is clicked on

2019-04-30 10:40:34 - [MESSAGE][PASSED] - Object: 'Object Repository/Page_KiboPush  Dashboard/span_Dashboard' is clicked on

2019-04-30 10:40:34 - [TEST_STEP][PASSED] - delay(1): Delayed 1 second(s)

2019-04-30 10:40:35 - [MESSAGE][PASSED] - Delayed 1 second(s)

2019-04-30 10:40:35 - [TEST_STEP][PASSED] - click(findTestObject("Object Repository/Page_KiboEngage  Dashboard/span_Settings")): Object: 'Object Repository/Page_KiboEngage  Dashboard/span_Settings' is clicked on

2019-04-30 10:40:36 - [MESSAGE][PASSED] - Object: 'Object Repository/Page_KiboEngage  Dashboard/span_Settings' is clicked on

2019-04-30 10:40:36 - [TEST_STEP][PASSED] - delay(1): Delayed 1 second(s)

2019-04-30 10:40:37 - [MESSAGE][PASSED] - Delayed 1 second(s)

2019-04-30 10:40:37 - [TEST_STEP][PASSED] - click(findTestObject("Object Repository/Page_KiboEngage  Api Settings/a_Configuration (1)")): Object: 'Object Repository/Page_KiboEngage  Api Settings/a_Configuration (1)' is clicked on

2019-04-30 10:40:37 - [MESSAGE][PASSED] - Object: 'Object Repository/Page_KiboEngage  Api Settings/a_Configuration (1)' is clicked on

2019-04-30 10:40:37 - [TEST_STEP][PASSED] - click(findTestObject("Object Repository/Page_KiboEngage  Api Settings/span_Configuration (1)")): Object: 'Object Repository/Page_KiboEngage  Api Settings/span_Configuration (1)' is clicked on

2019-04-30 10:40:37 - [MESSAGE][PASSED] - Object: 'Object Repository/Page_KiboEngage  Api Settings/span_Configuration (1)' is clicked on

2019-04-30 10:40:37 - [TEST_STEP][PASSED] - click(findTestObject("Object Repository/Page_KiboEngage  Api Settings/button_Edit")): Object: 'Object Repository/Page_KiboEngage  Api Settings/button_Edit' is clicked on

2019-04-30 10:40:37 - [MESSAGE][PASSED] - Object: 'Object Repository/Page_KiboEngage  Api Settings/button_Edit' is clicked on

2019-04-30 10:40:37 - [TEST_STEP][PASSED] - click(findTestObject("Object Repository/Page_KiboEngage  Api Settings/h3_Connect with Twilio")): Object: 'Object Repository/Page_KiboEngage  Api Settings/h3_Connect with Twilio' is clicked on

2019-04-30 10:40:37 - [MESSAGE][PASSED] - Object: 'Object Repository/Page_KiboEngage  Api Settings/h3_Connect with Twilio' is clicked on]]></system-out>
         <system-err><![CDATA[]]></system-err>
      </testcase>
      <testcase name="Test Cases/SMS/Configuration in Settings/TC11212" classname="Test Cases/SMS/Configuration in Settings/TC11212" status="PASSED">
         <system-out><![CDATA[2019-04-30 10:40:37 - [TEST_CASE][PASSED] - Test Cases/SMS/Configuration in Settings/TC11212: Test Cases/SMS/Configuration in Settings/TC11212

2019-04-30 10:40:37 - [TEST_STEP][PASSED] - click(findTestObject("Page_KiboPush  Dashboard/span_Dashboard")): Object: 'Object Repository/Page_KiboPush  Dashboard/span_Dashboard' is clicked on

2019-04-30 10:40:37 - [MESSAGE][PASSED] - Object: 'Object Repository/Page_KiboPush  Dashboard/span_Dashboard' is clicked on

2019-04-30 10:40:37 - [TEST_STEP][PASSED] - delay(1): Delayed 1 second(s)

2019-04-30 10:40:38 - [MESSAGE][PASSED] - Delayed 1 second(s)

2019-04-30 10:40:38 - [TEST_STEP][PASSED] - click(findTestObject("Object Repository/Page_KiboEngage  Dashboard/span_Settings")): Object: 'Object Repository/Page_KiboEngage  Dashboard/span_Settings' is clicked on

2019-04-30 10:40:38 - [MESSAGE][PASSED] - Object: 'Object Repository/Page_KiboEngage  Dashboard/span_Settings' is clicked on

2019-04-30 10:40:38 - [TEST_STEP][PASSED] - delay(1): Delayed 1 second(s)

2019-04-30 10:40:39 - [MESSAGE][PASSED] - Delayed 1 second(s)

2019-04-30 10:40:39 - [TEST_STEP][PASSED] - click(findTestObject("Page_KiboEngage  Api Settings/a_Configuration (1) (1) (2)")): Object: 'Object Repository/Page_KiboEngage  Api Settings/a_Configuration (1) (1) (2)' is clicked on

2019-04-30 10:40:39 - [MESSAGE][PASSED] - Object: 'Object Repository/Page_KiboEngage  Api Settings/a_Configuration (1) (1) (2)' is clicked on

2019-04-30 10:40:39 - [TEST_STEP][PASSED] - click(findTestObject("Page_KiboEngage  Api Settings/span_Configuration (1) (1) (2)")): Object: 'Object Repository/Page_KiboEngage  Api Settings/span_Configuration (1) (1) (2)' is clicked on

2019-04-30 10:40:39 - [MESSAGE][PASSED] - Object: 'Object Repository/Page_KiboEngage  Api Settings/span_Configuration (1) (1) (2)' is clicked on

2019-04-30 10:40:39 - [TEST_STEP][PASSED] - click(findTestObject("Page_KiboEngage  Api Settings/button_Edit (1) (2)")): Object: 'Object Repository/Page_KiboEngage  Api Settings/button_Edit (1) (2)' is clicked on

2019-04-30 10:40:40 - [MESSAGE][PASSED] - Object: 'Object Repository/Page_KiboEngage  Api Settings/button_Edit (1) (2)' is clicked on

2019-04-30 10:40:40 - [TEST_STEP][PASSED] - click(findTestObject("Page_KiboEngage  Api Settings/h3_Connect with Twilio (1) (2)")): Object: 'Object Repository/Page_KiboEngage  Api Settings/h3_Connect with Twilio (1) (2)' is clicked on

2019-04-30 10:40:40 - [MESSAGE][PASSED] - Object: 'Object Repository/Page_KiboEngage  Api Settings/h3_Connect with Twilio (1) (2)' is clicked on

2019-04-30 10:40:40 - [TEST_STEP][PASSED] - delay(10): Delayed 10 second(s)

2019-04-30 10:40:50 - [MESSAGE][PASSED] - Delayed 10 second(s)

2019-04-30 10:40:50 - [TEST_STEP][PASSED] - driver = getWebDriver(): null

2019-04-30 10:40:50 - [TEST_STEP][PASSED] - sid = driver.findElement(By.xpath("/html/body/div[5]/div/div[2]/div/div/div[1]/div[1]/input")): null

2019-04-30 10:40:50 - [TEST_STEP][PASSED] - sid.clear(): null

2019-04-30 10:40:50 - [TEST_STEP][PASSED] - sid.sendKeys("a"): null

2019-04-30 10:40:50 - [TEST_STEP][PASSED] - token = driver.findElement(By.xpath("/html/body/div[5]/div/div[2]/div/div/div[1]/div[2]/input")): null

2019-04-30 10:40:50 - [TEST_STEP][PASSED] - token.clear(): null

2019-04-30 10:40:50 - [TEST_STEP][PASSED] - token.sendKeys("a"): null

2019-04-30 10:40:50 - [TEST_STEP][PASSED] - delay(10): Delayed 10 second(s)

2019-04-30 10:41:00 - [MESSAGE][PASSED] - Delayed 10 second(s)

2019-04-30 10:41:00 - [TEST_STEP][PASSED] - click(findTestObject("Page_KiboEngage  Api Settings/button_Submit (2)")): Object: 'Object Repository/Page_KiboEngage  Api Settings/button_Submit (2)' is clicked on

2019-04-30 10:41:00 - [MESSAGE][PASSED] - Object: 'Object Repository/Page_KiboEngage  Api Settings/button_Submit (2)' is clicked on

2019-04-30 10:41:00 - [TEST_STEP][PASSED] - click(findTestObject("Page_KiboEngage  Api Settings/div_Twilio account not found Please enter correct details (2)")): Object: 'Object Repository/Page_KiboEngage  Api Settings/div_Twilio account not found Please enter correct details (2)' is clicked on

2019-04-30 10:41:01 - [MESSAGE][PASSED] - Object: 'Object Repository/Page_KiboEngage  Api Settings/div_Twilio account not found Please enter correct details (2)' is clicked on]]></system-out>
         <system-err><![CDATA[]]></system-err>
      </testcase>
      <testcase name="Test Cases/SMS/Configuration in Settings/TC11213" classname="Test Cases/SMS/Configuration in Settings/TC11213" status="PASSED">
         <system-out><![CDATA[2019-04-30 10:41:01 - [TEST_CASE][PASSED] - Test Cases/SMS/Configuration in Settings/TC11213: Test Cases/SMS/Configuration in Settings/TC11213

2019-04-30 10:41:01 - [TEST_STEP][PASSED] - click(findTestObject("Page_KiboPush  Dashboard/span_Dashboard")): Object: 'Object Repository/Page_KiboPush  Dashboard/span_Dashboard' is clicked on

2019-04-30 10:41:01 - [MESSAGE][PASSED] - Object: 'Object Repository/Page_KiboPush  Dashboard/span_Dashboard' is clicked on

2019-04-30 10:41:01 - [TEST_STEP][PASSED] - delay(1): Delayed 1 second(s)

2019-04-30 10:41:02 - [MESSAGE][PASSED] - Delayed 1 second(s)

2019-04-30 10:41:02 - [TEST_STEP][PASSED] - click(findTestObject("Object Repository/Page_KiboEngage  Dashboard/span_Settings")): Object: 'Object Repository/Page_KiboEngage  Dashboard/span_Settings' is clicked on

2019-04-30 10:41:03 - [MESSAGE][PASSED] - Object: 'Object Repository/Page_KiboEngage  Dashboard/span_Settings' is clicked on

2019-04-30 10:41:03 - [TEST_STEP][PASSED] - delay(1): Delayed 1 second(s)

2019-04-30 10:41:04 - [MESSAGE][PASSED] - Delayed 1 second(s)

2019-04-30 10:41:04 - [TEST_STEP][PASSED] - click(findTestObject("Page_KiboEngage  Api Settings/a_Configuration (1) (1) (1)")): Object: 'Object Repository/Page_KiboEngage  Api Settings/a_Configuration (1) (1) (1)' is clicked on

2019-04-30 10:41:04 - [MESSAGE][PASSED] - Object: 'Object Repository/Page_KiboEngage  Api Settings/a_Configuration (1) (1) (1)' is clicked on

2019-04-30 10:41:04 - [TEST_STEP][PASSED] - click(findTestObject("Page_KiboEngage  Api Settings/span_Configuration (1) (1) (1)")): Object: 'Object Repository/Page_KiboEngage  Api Settings/span_Configuration (1) (1) (1)' is clicked on

2019-04-30 10:41:04 - [MESSAGE][PASSED] - Object: 'Object Repository/Page_KiboEngage  Api Settings/span_Configuration (1) (1) (1)' is clicked on

2019-04-30 10:41:04 - [TEST_STEP][PASSED] - click(findTestObject("Page_KiboEngage  Api Settings/button_Edit (1) (1)")): Object: 'Object Repository/Page_KiboEngage  Api Settings/button_Edit (1) (1)' is clicked on

2019-04-30 10:41:04 - [MESSAGE][PASSED] - Object: 'Object Repository/Page_KiboEngage  Api Settings/button_Edit (1) (1)' is clicked on

2019-04-30 10:41:04 - [TEST_STEP][PASSED] - click(findTestObject("Page_KiboEngage  Api Settings/h3_Connect with Twilio (1) (1)")): Object: 'Object Repository/Page_KiboEngage  Api Settings/h3_Connect with Twilio (1) (1)' is clicked on

2019-04-30 10:41:04 - [MESSAGE][PASSED] - Object: 'Object Repository/Page_KiboEngage  Api Settings/h3_Connect with Twilio (1) (1)' is clicked on

2019-04-30 10:41:04 - [TEST_STEP][PASSED] - delay(10): Delayed 10 second(s)

2019-04-30 10:41:14 - [MESSAGE][PASSED] - Delayed 10 second(s)

2019-04-30 10:41:14 - [TEST_STEP][PASSED] - driver = getWebDriver(): null

2019-04-30 10:41:14 - [TEST_STEP][PASSED] - token = driver.findElement(By.xpath("/html/body/div[5]/div/div[2]/div/div/div[1]/div[2]/input")): null

2019-04-30 10:41:14 - [TEST_STEP][PASSED] - token.clear(): null

2019-04-30 10:41:14 - [TEST_STEP][PASSED] - token.sendKeys("a"): null

2019-04-30 10:41:14 - [TEST_STEP][PASSED] - click(findTestObject("Page_KiboEngage  Api Settings/button_Submit (1)")): Object: 'Object Repository/Page_KiboEngage  Api Settings/button_Submit (1)' is clicked on

2019-04-30 10:41:14 - [MESSAGE][PASSED] - Object: 'Object Repository/Page_KiboEngage  Api Settings/button_Submit (1)' is clicked on

2019-04-30 10:41:14 - [TEST_STEP][PASSED] - click(findTestObject("Page_KiboEngage  Api Settings/div_Twilio account not found Please enter correct details (1)")): Object: 'Object Repository/Page_KiboEngage  Api Settings/div_Twilio account not found Please enter correct details (1)' is clicked on

2019-04-30 10:41:15 - [MESSAGE][PASSED] - Object: 'Object Repository/Page_KiboEngage  Api Settings/div_Twilio account not found Please enter correct details (1)' is clicked on]]></system-out>
         <system-err><![CDATA[]]></system-err>
      </testcase>
      <testcase name="Test Cases/SMS/Configuration in Settings/TC11214" classname="Test Cases/SMS/Configuration in Settings/TC11214" status="PASSED">
         <system-out><![CDATA[2019-04-30 10:41:15 - [TEST_CASE][PASSED] - Test Cases/SMS/Configuration in Settings/TC11214: Test Cases/SMS/Configuration in Settings/TC11214

2019-04-30 10:41:15 - [TEST_STEP][PASSED] - click(findTestObject("Page_KiboPush  Dashboard/span_Dashboard")): Object: 'Object Repository/Page_KiboPush  Dashboard/span_Dashboard' is clicked on

2019-04-30 10:41:15 - [MESSAGE][PASSED] - Object: 'Object Repository/Page_KiboPush  Dashboard/span_Dashboard' is clicked on

2019-04-30 10:41:15 - [TEST_STEP][PASSED] - delay(1): Delayed 1 second(s)

2019-04-30 10:41:16 - [MESSAGE][PASSED] - Delayed 1 second(s)

2019-04-30 10:41:16 - [TEST_STEP][PASSED] - click(findTestObject("Object Repository/Page_KiboEngage  Dashboard/span_Settings")): Object: 'Object Repository/Page_KiboEngage  Dashboard/span_Settings' is clicked on

2019-04-30 10:41:16 - [MESSAGE][PASSED] - Object: 'Object Repository/Page_KiboEngage  Dashboard/span_Settings' is clicked on

2019-04-30 10:41:16 - [TEST_STEP][PASSED] - delay(1): Delayed 1 second(s)

2019-04-30 10:41:17 - [MESSAGE][PASSED] - Delayed 1 second(s)

2019-04-30 10:41:17 - [TEST_STEP][PASSED] - click(findTestObject("Page_KiboEngage  Api Settings/a_Configuration (1) (1) (1)")): Object: 'Object Repository/Page_KiboEngage  Api Settings/a_Configuration (1) (1) (1)' is clicked on

2019-04-30 10:41:18 - [MESSAGE][PASSED] - Object: 'Object Repository/Page_KiboEngage  Api Settings/a_Configuration (1) (1) (1)' is clicked on

2019-04-30 10:41:18 - [TEST_STEP][PASSED] - click(findTestObject("Page_KiboEngage  Api Settings/span_Configuration (1) (1) (1)")): Object: 'Object Repository/Page_KiboEngage  Api Settings/span_Configuration (1) (1) (1)' is clicked on

2019-04-30 10:41:18 - [MESSAGE][PASSED] - Object: 'Object Repository/Page_KiboEngage  Api Settings/span_Configuration (1) (1) (1)' is clicked on

2019-04-30 10:41:18 - [TEST_STEP][PASSED] - click(findTestObject("Page_KiboEngage  Api Settings/button_Edit (1) (1)")): Object: 'Object Repository/Page_KiboEngage  Api Settings/button_Edit (1) (1)' is clicked on

2019-04-30 10:41:18 - [MESSAGE][PASSED] - Object: 'Object Repository/Page_KiboEngage  Api Settings/button_Edit (1) (1)' is clicked on

2019-04-30 10:41:18 - [TEST_STEP][PASSED] - click(findTestObject("Page_KiboEngage  Api Settings/h3_Connect with Twilio (1) (1)")): Object: 'Object Repository/Page_KiboEngage  Api Settings/h3_Connect with Twilio (1) (1)' is clicked on

2019-04-30 10:41:18 - [MESSAGE][PASSED] - Object: 'Object Repository/Page_KiboEngage  Api Settings/h3_Connect with Twilio (1) (1)' is clicked on

2019-04-30 10:41:18 - [TEST_STEP][PASSED] - delay(10): Delayed 10 second(s)

2019-04-30 10:41:28 - [MESSAGE][PASSED] - Delayed 10 second(s)

2019-04-30 10:41:28 - [TEST_STEP][PASSED] - driver = getWebDriver(): null

2019-04-30 10:41:28 - [TEST_STEP][PASSED] - sid = driver.findElement(By.xpath("/html/body/div[5]/div/div[2]/div/div/div[1]/div[1]/input")): null

2019-04-30 10:41:28 - [TEST_STEP][PASSED] - sid.clear(): null

2019-04-30 10:41:28 - [TEST_STEP][PASSED] - sid.sendKeys("a"): null

2019-04-30 10:41:28 - [TEST_STEP][PASSED] - click(findTestObject("Page_KiboEngage  Api Settings/button_Submit (1)")): Object: 'Object Repository/Page_KiboEngage  Api Settings/button_Submit (1)' is clicked on

2019-04-30 10:41:28 - [MESSAGE][PASSED] - Object: 'Object Repository/Page_KiboEngage  Api Settings/button_Submit (1)' is clicked on

2019-04-30 10:41:28 - [TEST_STEP][PASSED] - click(findTestObject("Page_KiboEngage  Api Settings/div_Twilio account not found Please enter correct details (1)")): Object: 'Object Repository/Page_KiboEngage  Api Settings/div_Twilio account not found Please enter correct details (1)' is clicked on

2019-04-30 10:41:29 - [MESSAGE][PASSED] - Object: 'Object Repository/Page_KiboEngage  Api Settings/div_Twilio account not found Please enter correct details (1)' is clicked on]]></system-out>
         <system-err><![CDATA[]]></system-err>
      </testcase>
      <testcase name="Test Cases/SMS/Configuration in Settings/TC11215" classname="Test Cases/SMS/Configuration in Settings/TC11215" status="PASSED">
         <system-out><![CDATA[2019-04-30 10:41:29 - [TEST_CASE][PASSED] - Test Cases/SMS/Configuration in Settings/TC11215: Test Cases/SMS/Configuration in Settings/TC11215

2019-04-30 10:41:29 - [TEST_STEP][PASSED] - click(findTestObject("Page_KiboPush  Dashboard/span_Dashboard")): Object: 'Object Repository/Page_KiboPush  Dashboard/span_Dashboard' is clicked on

2019-04-30 10:41:29 - [MESSAGE][PASSED] - Object: 'Object Repository/Page_KiboPush  Dashboard/span_Dashboard' is clicked on

2019-04-30 10:41:29 - [TEST_STEP][PASSED] - delay(1): Delayed 1 second(s)

2019-04-30 10:41:30 - [MESSAGE][PASSED] - Delayed 1 second(s)

2019-04-30 10:41:30 - [TEST_STEP][PASSED] - click(findTestObject("Object Repository/Page_KiboEngage  Dashboard/span_Settings")): Object: 'Object Repository/Page_KiboEngage  Dashboard/span_Settings' is clicked on

2019-04-30 10:41:31 - [MESSAGE][PASSED] - Object: 'Object Repository/Page_KiboEngage  Dashboard/span_Settings' is clicked on

2019-04-30 10:41:31 - [TEST_STEP][PASSED] - delay(1): Delayed 1 second(s)

2019-04-30 10:41:32 - [MESSAGE][PASSED] - Delayed 1 second(s)

2019-04-30 10:41:32 - [TEST_STEP][PASSED] - click(findTestObject("Page_KiboEngage  Api Settings/a_Configuration (1) (1) (2)")): Object: 'Object Repository/Page_KiboEngage  Api Settings/a_Configuration (1) (1) (2)' is clicked on

2019-04-30 10:41:32 - [MESSAGE][PASSED] - Object: 'Object Repository/Page_KiboEngage  Api Settings/a_Configuration (1) (1) (2)' is clicked on

2019-04-30 10:41:32 - [TEST_STEP][PASSED] - click(findTestObject("Page_KiboEngage  Api Settings/span_Configuration (1) (1) (2)")): Object: 'Object Repository/Page_KiboEngage  Api Settings/span_Configuration (1) (1) (2)' is clicked on

2019-04-30 10:41:32 - [MESSAGE][PASSED] - Object: 'Object Repository/Page_KiboEngage  Api Settings/span_Configuration (1) (1) (2)' is clicked on

2019-04-30 10:41:32 - [TEST_STEP][PASSED] - click(findTestObject("Page_KiboEngage  Api Settings/button_Edit (1) (2)")): Object: 'Object Repository/Page_KiboEngage  Api Settings/button_Edit (1) (2)' is clicked on

2019-04-30 10:41:32 - [MESSAGE][PASSED] - Object: 'Object Repository/Page_KiboEngage  Api Settings/button_Edit (1) (2)' is clicked on

2019-04-30 10:41:32 - [TEST_STEP][PASSED] - click(findTestObject("Page_KiboEngage  Api Settings/h3_Connect with Twilio (1) (2)")): Object: 'Object Repository/Page_KiboEngage  Api Settings/h3_Connect with Twilio (1) (2)' is clicked on

2019-04-30 10:41:32 - [MESSAGE][PASSED] - Object: 'Object Repository/Page_KiboEngage  Api Settings/h3_Connect with Twilio (1) (2)' is clicked on

2019-04-30 10:41:32 - [TEST_STEP][PASSED] - delay(10): Delayed 10 second(s)

2019-04-30 10:41:42 - [MESSAGE][PASSED] - Delayed 10 second(s)

2019-04-30 10:41:42 - [TEST_STEP][PASSED] - driver = getWebDriver(): null

2019-04-30 10:41:42 - [TEST_STEP][PASSED] - sid = driver.findElement(By.xpath("/html/body/div[5]/div/div[2]/div/div/div[1]/div[1]/input")): null

2019-04-30 10:41:42 - [TEST_STEP][PASSED] - sid.clear(): null

2019-04-30 10:41:42 - [TEST_STEP][PASSED] - sid.sendKeys("a"): null

2019-04-30 10:41:42 - [TEST_STEP][PASSED] - token = driver.findElement(By.xpath("/html/body/div[5]/div/div[2]/div/div/div[1]/div[2]/input")): null

2019-04-30 10:41:42 - [TEST_STEP][PASSED] - token.clear(): null

2019-04-30 10:41:42 - [TEST_STEP][PASSED] - token.sendKeys("a"): null

2019-04-30 10:41:42 - [TEST_STEP][PASSED] - delay(10): Delayed 10 second(s)

2019-04-30 10:41:52 - [MESSAGE][PASSED] - Delayed 10 second(s)

2019-04-30 10:41:52 - [TEST_STEP][PASSED] - click(findTestObject("Page_KiboEngage  Api Settings/button_Submit (2)")): Object: 'Object Repository/Page_KiboEngage  Api Settings/button_Submit (2)' is clicked on

2019-04-30 10:41:52 - [MESSAGE][PASSED] - Object: 'Object Repository/Page_KiboEngage  Api Settings/button_Submit (2)' is clicked on

2019-04-30 10:41:52 - [TEST_STEP][PASSED] - click(findTestObject("Page_KiboEngage  Api Settings/div_Twilio account not found Please enter correct details (2)")): Object: 'Object Repository/Page_KiboEngage  Api Settings/div_Twilio account not found Please enter correct details (2)' is clicked on

2019-04-30 10:41:53 - [MESSAGE][PASSED] - Object: 'Object Repository/Page_KiboEngage  Api Settings/div_Twilio account not found Please enter correct details (2)' is clicked on]]></system-out>
         <system-err><![CDATA[]]></system-err>
      </testcase>
      <system-out><![CDATA[2019-04-30 10:36:59 - [TEST_SUITE][FAILED] - SMS Kiboengage: Test Cases/SMS/sms broadcast/TC11186 FAILED.
Reason:
com.kms.katalon.core.exception.StepFailedException: Unable to click on object 'Object Repository/Page_KiboEngage  Broadcasts/button_Create New Broadcast (1) (1) (1) (1) (1) (1) (1) (1) (1)'
	at com.kms.katalon.core.webui.keyword.internal.WebUIKeywordMain.stepFailed(WebUIKeywordMain.groovy:64)
	at com.kms.katalon.core.webui.keyword.internal.WebUIKeywordMain.runKeyword(WebUIKeywordMain.groovy:26)
	at com.kms.katalon.core.webui.keyword.builtin.ClickKeyword.click(ClickKeyword.groovy:86)
	at com.kms.katalon.core.webui.keyword.builtin.ClickKeyword.execute(ClickKeyword.groovy:67)
	at com.kms.katalon.core.keyword.internal.KeywordExecutor.executeKeywordForPlatform(KeywordExecutor.groovy:56)
	at com.kms.katalon.core.webui.keyword.WebUiBuiltInKeywords.click(WebUiBuiltInKeywords.groovy:616)
	at com.kms.katalon.core.webui.keyword.WebUiBuiltInKeywords$click$2.call(Unknown Source)
	at TC11186.run(TC11186:34)
	at com.kms.katalon.core.main.ScriptEngine.run(ScriptEngine.java:194)
	at com.kms.katalon.core.main.ScriptEngine.runScriptAsRawText(ScriptEngine.java:119)
	at com.kms.katalon.core.main.TestCaseExecutor.runScript(TestCaseExecutor.java:331)
	at com.kms.katalon.core.main.TestCaseExecutor.doExecute(TestCaseExecutor.java:322)
	at com.kms.katalon.core.main.TestCaseExecutor.processExecutionPhase(TestCaseExecutor.java:301)
	at com.kms.katalon.core.main.TestCaseExecutor.accessMainPhase(TestCaseExecutor.java:293)
	at com.kms.katalon.core.main.TestCaseExecutor.execute(TestCaseExecutor.java:227)
	at com.kms.katalon.core.main.TestSuiteExecutor.accessTestCaseMainPhase(TestSuiteExecutor.java:129)
	at com.kms.katalon.core.main.TestSuiteExecutor.accessTestSuiteMainPhase(TestSuiteExecutor.java:112)
	at com.kms.katalon.core.main.TestSuiteExecutor.execute(TestSuiteExecutor.java:81)
	at com.kms.katalon.core.main.TestCaseMain.startTestSuite(TestCaseMain.java:157)
	at com.kms.katalon.core.main.TestCaseMain$startTestSuite$0.call(Unknown Source)
	at TempTestSuite1556601617957.run(TempTestSuite1556601617957.groovy:35)
Caused by: com.kms.katalon.core.webui.exception.WebElementNotFoundException: Web element with id: 'Object Repository/Page_KiboEngage  Broadcasts/button_Create New Broadcast (1) (1) (1) (1) (1) (1) (1) (1) (1)' located by 'By.xpath: //button[(text() = 'Create New Broadcast' or . = 'Create New Broadcast')]' not found
	at com.kms.katalon.core.webui.common.WebUiCommonHelper.findWebElement(WebUiCommonHelper.java:1053)
	at com.kms.katalon.core.webui.keyword.internal.WebUIAbstractKeyword.findWebElement(WebUIAbstractKeyword.groovy:27)
	at com.kms.katalon.core.webui.keyword.internal.WebUIAbstractKeyword.findWebElement(WebUIAbstractKeyword.groovy:26)
	at com.kms.katalon.core.webui.keyword.builtin.ClickKeyword$_click_closure1.doCall(ClickKeyword.groovy:77)
	at com.kms.katalon.core.webui.keyword.builtin.ClickKeyword$_click_closure1.call(ClickKeyword.groovy)
	at com.kms.katalon.core.webui.keyword.internal.WebUIKeywordMain.runKeyword(WebUIKeywordMain.groovy:20)
	at com.kms.katalon.core.webui.keyword.builtin.ClickKeyword.click(ClickKeyword.groovy:86)
	at com.kms.katalon.core.webui.keyword.builtin.ClickKeyword.execute(ClickKeyword.groovy:67)
	at com.kms.katalon.core.keyword.internal.KeywordExecutor.executeKeywordForPlatform(KeywordExecutor.groovy:56)
	at com.kms.katalon.core.webui.keyword.WebUiBuiltInKeywords.click(WebUiBuiltInKeywords.groovy:616)
	at com.kms.katalon.core.webui.keyword.WebUiBuiltInKeywords$click$2.call(Unknown Source)
	at Script1554276508425.run(Script1554276508425.groovy:34)
	... 13 more]]></system-out>
      <system-err><![CDATA[2019-04-30 10:36:59 - [TEST_SUITE][FAILED] - SMS Kiboengage: Test Cases/SMS/sms broadcast/TC11186 FAILED.
Reason:
com.kms.katalon.core.exception.StepFailedException: Unable to click on object 'Object Repository/Page_KiboEngage  Broadcasts/button_Create New Broadcast (1) (1) (1) (1) (1) (1) (1) (1) (1)'
	at com.kms.katalon.core.webui.keyword.internal.WebUIKeywordMain.stepFailed(WebUIKeywordMain.groovy:64)
	at com.kms.katalon.core.webui.keyword.internal.WebUIKeywordMain.runKeyword(WebUIKeywordMain.groovy:26)
	at com.kms.katalon.core.webui.keyword.builtin.ClickKeyword.click(ClickKeyword.groovy:86)
	at com.kms.katalon.core.webui.keyword.builtin.ClickKeyword.execute(ClickKeyword.groovy:67)
	at com.kms.katalon.core.keyword.internal.KeywordExecutor.executeKeywordForPlatform(KeywordExecutor.groovy:56)
	at com.kms.katalon.core.webui.keyword.WebUiBuiltInKeywords.click(WebUiBuiltInKeywords.groovy:616)
	at com.kms.katalon.core.webui.keyword.WebUiBuiltInKeywords$click$2.call(Unknown Source)
	at TC11186.run(TC11186:34)
	at com.kms.katalon.core.main.ScriptEngine.run(ScriptEngine.java:194)
	at com.kms.katalon.core.main.ScriptEngine.runScriptAsRawText(ScriptEngine.java:119)
	at com.kms.katalon.core.main.TestCaseExecutor.runScript(TestCaseExecutor.java:331)
	at com.kms.katalon.core.main.TestCaseExecutor.doExecute(TestCaseExecutor.java:322)
	at com.kms.katalon.core.main.TestCaseExecutor.processExecutionPhase(TestCaseExecutor.java:301)
	at com.kms.katalon.core.main.TestCaseExecutor.accessMainPhase(TestCaseExecutor.java:293)
	at com.kms.katalon.core.main.TestCaseExecutor.execute(TestCaseExecutor.java:227)
	at com.kms.katalon.core.main.TestSuiteExecutor.accessTestCaseMainPhase(TestSuiteExecutor.java:129)
	at com.kms.katalon.core.main.TestSuiteExecutor.accessTestSuiteMainPhase(TestSuiteExecutor.java:112)
	at com.kms.katalon.core.main.TestSuiteExecutor.execute(TestSuiteExecutor.java:81)
	at com.kms.katalon.core.main.TestCaseMain.startTestSuite(TestCaseMain.java:157)
	at com.kms.katalon.core.main.TestCaseMain$startTestSuite$0.call(Unknown Source)
	at TempTestSuite1556601617957.run(TempTestSuite1556601617957.groovy:35)
Caused by: com.kms.katalon.core.webui.exception.WebElementNotFoundException: Web element with id: 'Object Repository/Page_KiboEngage  Broadcasts/button_Create New Broadcast (1) (1) (1) (1) (1) (1) (1) (1) (1)' located by 'By.xpath: //button[(text() = 'Create New Broadcast' or . = 'Create New Broadcast')]' not found
	at com.kms.katalon.core.webui.common.WebUiCommonHelper.findWebElement(WebUiCommonHelper.java:1053)
	at com.kms.katalon.core.webui.keyword.internal.WebUIAbstractKeyword.findWebElement(WebUIAbstractKeyword.groovy:27)
	at com.kms.katalon.core.webui.keyword.internal.WebUIAbstractKeyword.findWebElement(WebUIAbstractKeyword.groovy:26)
	at com.kms.katalon.core.webui.keyword.builtin.ClickKeyword$_click_closure1.doCall(ClickKeyword.groovy:77)
	at com.kms.katalon.core.webui.keyword.builtin.ClickKeyword$_click_closure1.call(ClickKeyword.groovy)
	at com.kms.katalon.core.webui.keyword.internal.WebUIKeywordMain.runKeyword(WebUIKeywordMain.groovy:20)
	at com.kms.katalon.core.webui.keyword.builtin.ClickKeyword.click(ClickKeyword.groovy:86)
	at com.kms.katalon.core.webui.keyword.builtin.ClickKeyword.execute(ClickKeyword.groovy:67)
	at com.kms.katalon.core.keyword.internal.KeywordExecutor.executeKeywordForPlatform(KeywordExecutor.groovy:56)
	at com.kms.katalon.core.webui.keyword.WebUiBuiltInKeywords.click(WebUiBuiltInKeywords.groovy:616)
	at com.kms.katalon.core.webui.keyword.WebUiBuiltInKeywords$click$2.call(Unknown Source)
	at Script1554276508425.run(Script1554276508425.groovy:34)
	... 13 more]]></system-err>
   </testsuite>
</testsuites>
