<?xml version="1.0" encoding="UTF-8"?>
<testsuites name="seq_message" time="545" tests="21" failures="0" errors="0">
   <testsuite name="seq_message" tests="21" failures="0" errors="0" time="545" timestamp="2019-04-26 11:49:15" hostname="cloudkibo - 10.0.2.15" id="Test Suites/seq_message">
      <properties>
         <property name="deviceName" value=""/>
         <property name="devicePlatform" value=""/>
         <property name="logFolder" value="C:\\Users\\cloudkibo\\Desktop\\KiboPush_Automated_Testing\\KiboPush Katalon\\Reports\\seq_message\\20190426_114909"/>
         <property name="logFiles" value="C:\\Users\\cloudkibo\\Desktop\\KiboPush_Automated_Testing\\KiboPush Katalon\\Reports\\seq_message\\20190426_114909\\execution0.log"/>
         <property name="attachments" value=""/>
         <property name="hostName" value="cloudkibo - 10.0.2.15"/>
         <property name="os" value="Windows 10 64bit"/>
         <property name="katalonVersion" value="5.6.0.1"/>
         <property name="browser" value="Chrome 73.0.3683.103"/>
         <property name="hostAddress" value="10.0.2.15"/>
         <property name="sessionId" value="3f6da49e3ae6134c98bc078d0ca0eed0"/>
         <property name="seleniumVersion" value="3.7.1"/>
         <property name="proxyInformation" value="ProxyInformation{proxyOption=NO_PROXY, proxyServerType=HTTP, password=, proxyServerAddress=, proxyServerPort=0}"/>
         <property name="platform" value="Windows 10"/>
      </properties>
      <testcase name="Test Cases/s-sidebar_navigation/individualAccount/arveen_production_login_kiboengage" classname="Test Cases/s-sidebar_navigation/individualAccount/arveen_production_login_kiboengage" status="PASSED">
         <system-out><![CDATA[2019-04-26 11:49:16 - [TEST_CASE][PASSED] - Test Cases/s-sidebar_navigation/individualAccount/arveen_production_login_kiboengage: Test Cases/s-sidebar_navigation/individualAccount/arveen_production_login_kiboengage

2019-04-26 11:49:18 - [TEST_STEP][PASSED] - openBrowser: Browser is opened with url: ''

2019-04-26 11:49:24 - [MESSAGE][PASSED] - Browser is opened with url: ''

2019-04-26 11:49:24 - [TEST_STEP][PASSED] - maximizeWindow: Current window maximized

2019-04-26 11:49:26 - [MESSAGE][PASSED] - Current window maximized

2019-04-26 11:49:26 - [TEST_STEP][PASSED] - navigateToUrl: Navigate to 'https://kiboengage.cloudkibo.com/' successfully

2019-04-26 11:49:37 - [MESSAGE][PASSED] - Navigate to 'https://kiboengage.cloudkibo.com/' successfully

2019-04-26 11:49:37 - [TEST_STEP][PASSED] - navigateToUrl: Navigate to 'https://accounts.cloudkibo.com/?continue=https://kiboengage.cloudkibo.com' successfully

2019-04-26 11:49:38 - [MESSAGE][PASSED] - Navigate to 'https://accounts.cloudkibo.com/?continue=https://kiboengage.cloudkibo.com' successfully

2019-04-26 11:49:38 - [TEST_STEP][PASSED] - click: Object: 'Object Repository/Page_CloudKibo/a_Login (2) (1) (1)' is clicked on

2019-04-26 11:49:40 - [MESSAGE][PASSED] - Object: 'Object Repository/Page_CloudKibo/a_Login (2) (1) (1)' is clicked on

2019-04-26 11:49:40 - [TEST_STEP][PASSED] - setText: Text 'individual@cloudkibo.com' is set on object 'Object Repository/Page_KiboPush/input_email (10) (1) (1)'

2019-04-26 11:49:41 - [MESSAGE][PASSED] - Text 'individual@cloudkibo.com' is set on object 'Object Repository/Page_KiboPush/input_email (10) (1) (1)'

2019-04-26 11:49:41 - [TEST_STEP][PASSED] - setEncryptedText: Text ****** has been set on object 'Object Repository/Page_CloudKibo/input_Sign In_password (7)'

2019-04-26 11:49:42 - [MESSAGE][PASSED] - Text ****** has been set on object 'Object Repository/Page_CloudKibo/input_Sign In_password (7)'

2019-04-26 11:49:42 - [TEST_STEP][PASSED] - click: Object: 'Object Repository/Page_KiboPush/button_Sign In (10) (1) (2)' is clicked on

2019-04-26 11:49:42 - [MESSAGE][PASSED] - Object: 'Object Repository/Page_KiboPush/button_Sign In (10) (1) (2)' is clicked on

2019-04-26 11:49:42 - [TEST_STEP][PASSED] - click: Object: 'Object Repository/Page_KiboPush  Dashboard/h3_Dashboard (57)' is clicked on

2019-04-26 11:50:09 - [MESSAGE][PASSED] - Object: 'Object Repository/Page_KiboPush  Dashboard/h3_Dashboard (57)' is clicked on

2019-04-26 11:50:09 - [TEST_STEP][PASSED] - delay: Delayed 3 second(s)

2019-04-26 11:50:12 - [MESSAGE][PASSED] - Delayed 3 second(s)

2019-04-26 11:50:12 - [TEST_STEP][PASSED] - click: Object: 'Object Repository/Page_KiboEngage  Dashboard/a_SMS (2) (1) (1) (1) (3)' is clicked on

2019-04-26 11:50:12 - [MESSAGE][PASSED] - Object: 'Object Repository/Page_KiboEngage  Dashboard/a_SMS (2) (1) (1) (1) (3)' is clicked on

2019-04-26 11:50:12 - [TEST_STEP][PASSED] - delay: Delayed 2 second(s)

2019-04-26 11:50:14 - [MESSAGE][PASSED] - Delayed 2 second(s)

2019-04-26 11:50:14 - [TEST_STEP][PASSED] - click: Object: 'Object Repository/Page_KiboEngage  Dashboard/span_Messenger (1) (1) (1) (3)' is clicked on

2019-04-26 11:50:14 - [MESSAGE][PASSED] - Object: 'Object Repository/Page_KiboEngage  Dashboard/span_Messenger (1) (1) (1) (3)' is clicked on

2019-04-26 11:50:14 - [TEST_STEP][PASSED] - delay: Delayed 2 second(s)

2019-04-26 11:50:16 - [MESSAGE][PASSED] - Delayed 2 second(s)]]></system-out>
         <system-err><![CDATA[]]></system-err>
      </testcase>
      <testcase name="Test Cases/Sequence Messaging/open_automation" classname="Test Cases/Sequence Messaging/open_automation" status="PASSED">
         <system-out><![CDATA[2019-04-26 11:50:16 - [TEST_CASE][PASSED] - Test Cases/Sequence Messaging/open_automation: Test Cases/Sequence Messaging/open_automation

2019-04-26 11:50:17 - [TEST_STEP][PASSED] - click: Object: 'Object Repository/Page_KiboPush  Dashboard/span_Automation (1) (1)' is clicked on

2019-04-26 11:50:18 - [MESSAGE][PASSED] - Object: 'Object Repository/Page_KiboPush  Dashboard/span_Automation (1) (1)' is clicked on

2019-04-26 11:50:18 - [TEST_STEP][PASSED] - delay: Delayed 1 second(s)

2019-04-26 11:50:19 - [MESSAGE][PASSED] - Delayed 1 second(s)]]></system-out>
         <system-err><![CDATA[]]></system-err>
      </testcase>
      <testcase name="Test Cases/Sequence Messaging/TC0980" classname="Test Cases/Sequence Messaging/TC0980" status="PASSED">
         <system-out><![CDATA[2019-04-26 11:50:19 - [TEST_CASE][PASSED] - Test Cases/Sequence Messaging/TC0980: Test Cases/Sequence Messaging/TC0980

2019-04-26 11:50:19 - [TEST_STEP][PASSED] - callTestCase: Call Test Case 'Test Cases/Sequence Messaging/Go_to_Seq_Messaging' successfully

2019-04-26 11:50:19 - [TEST_CASE][PASSED] - Test Cases/Sequence Messaging/Go_to_Seq_Messaging: Test Cases/Sequence Messaging/Go_to_Seq_Messaging

2019-04-26 11:50:19 - [TEST_STEP][PASSED] - callTestCase: Call Test Case 'Test Cases/Sequence Messaging/Login' successfully

2019-04-26 11:50:19 - [TEST_CASE][PASSED] - Test Cases/Sequence Messaging/Login: Test Cases/Sequence Messaging/Login

2019-04-26 11:50:19 - [TEST_STEP][PASSED] - callTestCase: Call Test Case 'Test Cases/s-sidebar_navigation/individualAccount/sequenceMessaging' successfully

2019-04-26 11:50:19 - [TEST_CASE][PASSED] - Test Cases/s-sidebar_navigation/individualAccount/sequenceMessaging: Test Cases/s-sidebar_navigation/individualAccount/sequenceMessaging

2019-04-26 11:50:20 - [TEST_STEP][PASSED] - click: Object: 'Object Repository/Page_KiboPush  Dashboard/span_Autoposting' is clicked on

2019-04-26 11:50:20 - [MESSAGE][PASSED] - Object: 'Object Repository/Page_KiboPush  Dashboard/span_Autoposting' is clicked on

2019-04-26 11:50:20 - [TEST_STEP][PASSED] - delay: Delayed 1 second(s)

2019-04-26 11:50:21 - [MESSAGE][PASSED] - Delayed 1 second(s)

2019-04-26 11:50:21 - [TEST_STEP][PASSED] - click: Object: 'Object Repository/Page_KiboPush  Dashboard/span_Sequence Messaging' is clicked on

2019-04-26 11:50:21 - [MESSAGE][PASSED] - Object: 'Object Repository/Page_KiboPush  Dashboard/span_Sequence Messaging' is clicked on

2019-04-26 11:50:21 - [TEST_STEP][PASSED] - scrollToPosition: Browser is scrolled to position x = 0, y = 0

2019-04-26 11:50:22 - [MESSAGE][PASSED] - Browser is scrolled to position x = 0, y = 0

2019-04-26 11:50:22 - [TEST_STEP][PASSED] - click: Object: 'Object Repository/Page_KiboPush  Sequence Messaging/h3_Sequence Messaging' is clicked on

2019-04-26 11:50:23 - [MESSAGE][PASSED] - Object: 'Object Repository/Page_KiboPush  Sequence Messaging/h3_Sequence Messaging' is clicked on

2019-04-26 11:50:23 - [TEST_STEP][PASSED] - delay: Delayed 1 second(s)

2019-04-26 11:50:24 - [MESSAGE][PASSED] - Delayed 1 second(s)

2019-04-26 11:50:24 - [MESSAGE][PASSED] - Call Test Case 'Test Cases/s-sidebar_navigation/individualAccount/sequenceMessaging' successfully

2019-04-26 11:50:24 - [MESSAGE][PASSED] - Call Test Case 'Test Cases/Sequence Messaging/Login' successfully

2019-04-26 11:50:24 - [MESSAGE][PASSED] - Call Test Case 'Test Cases/Sequence Messaging/Go_to_Seq_Messaging' successfully

2019-04-26 11:50:24 - [TEST_STEP][PASSED] - delay: Delayed 4 second(s)

2019-04-26 11:50:28 - [MESSAGE][PASSED] - Delayed 4 second(s)]]></system-out>
         <system-err><![CDATA[]]></system-err>
      </testcase>
      <testcase name="Test Cases/Sequence Messaging/TC0981" classname="Test Cases/Sequence Messaging/TC0981" status="PASSED">
         <system-out><![CDATA[2019-04-26 11:50:28 - [TEST_CASE][PASSED] - Test Cases/Sequence Messaging/TC0981: Test Cases/Sequence Messaging/TC0981

2019-04-26 11:50:28 - [TEST_STEP][PASSED] - callTestCase: Call Test Case 'Test Cases/Sequence Messaging/TC0980' successfully

2019-04-26 11:50:28 - [TEST_CASE][PASSED] - Test Cases/Sequence Messaging/TC0980: Test Cases/Sequence Messaging/TC0980

2019-04-26 11:50:28 - [TEST_STEP][PASSED] - callTestCase: Call Test Case 'Test Cases/Sequence Messaging/Go_to_Seq_Messaging' successfully

2019-04-26 11:50:28 - [TEST_CASE][PASSED] - Test Cases/Sequence Messaging/Go_to_Seq_Messaging: Test Cases/Sequence Messaging/Go_to_Seq_Messaging

2019-04-26 11:50:29 - [TEST_STEP][PASSED] - callTestCase: Call Test Case 'Test Cases/Sequence Messaging/Login' successfully

2019-04-26 11:50:29 - [TEST_CASE][PASSED] - Test Cases/Sequence Messaging/Login: Test Cases/Sequence Messaging/Login

2019-04-26 11:50:29 - [TEST_STEP][PASSED] - callTestCase: Call Test Case 'Test Cases/s-sidebar_navigation/individualAccount/sequenceMessaging' successfully

2019-04-26 11:50:29 - [TEST_CASE][PASSED] - Test Cases/s-sidebar_navigation/individualAccount/sequenceMessaging: Test Cases/s-sidebar_navigation/individualAccount/sequenceMessaging

2019-04-26 11:50:29 - [TEST_STEP][PASSED] - click: Object: 'Object Repository/Page_KiboPush  Dashboard/span_Autoposting' is clicked on

2019-04-26 11:50:30 - [MESSAGE][PASSED] - Object: 'Object Repository/Page_KiboPush  Dashboard/span_Autoposting' is clicked on

2019-04-26 11:50:30 - [TEST_STEP][PASSED] - delay: Delayed 1 second(s)

2019-04-26 11:50:31 - [MESSAGE][PASSED] - Delayed 1 second(s)

2019-04-26 11:50:31 - [TEST_STEP][PASSED] - click: Object: 'Object Repository/Page_KiboPush  Dashboard/span_Sequence Messaging' is clicked on

2019-04-26 11:50:31 - [MESSAGE][PASSED] - Object: 'Object Repository/Page_KiboPush  Dashboard/span_Sequence Messaging' is clicked on

2019-04-26 11:50:31 - [TEST_STEP][PASSED] - scrollToPosition: Browser is scrolled to position x = 0, y = 0

2019-04-26 11:50:31 - [MESSAGE][PASSED] - Browser is scrolled to position x = 0, y = 0

2019-04-26 11:50:31 - [TEST_STEP][PASSED] - click: Object: 'Object Repository/Page_KiboPush  Sequence Messaging/h3_Sequence Messaging' is clicked on

2019-04-26 11:50:32 - [MESSAGE][PASSED] - Object: 'Object Repository/Page_KiboPush  Sequence Messaging/h3_Sequence Messaging' is clicked on

2019-04-26 11:50:32 - [TEST_STEP][PASSED] - delay: Delayed 1 second(s)

2019-04-26 11:50:33 - [MESSAGE][PASSED] - Delayed 1 second(s)

2019-04-26 11:50:33 - [MESSAGE][PASSED] - Call Test Case 'Test Cases/s-sidebar_navigation/individualAccount/sequenceMessaging' successfully

2019-04-26 11:50:33 - [MESSAGE][PASSED] - Call Test Case 'Test Cases/Sequence Messaging/Login' successfully

2019-04-26 11:50:33 - [MESSAGE][PASSED] - Call Test Case 'Test Cases/Sequence Messaging/Go_to_Seq_Messaging' successfully

2019-04-26 11:50:33 - [TEST_STEP][PASSED] - delay: Delayed 4 second(s)

2019-04-26 11:50:37 - [MESSAGE][PASSED] - Delayed 4 second(s)

2019-04-26 11:50:37 - [MESSAGE][PASSED] - Call Test Case 'Test Cases/Sequence Messaging/TC0980' successfully

2019-04-26 11:50:37 - [TEST_STEP][PASSED] - setText: Text 'Test' is set on object 'Object Repository/Page_KiboPush  Sequence Messaging/input_Create New Sequence_form'

2019-04-26 11:50:38 - [MESSAGE][PASSED] - Text 'Test' is set on object 'Object Repository/Page_KiboPush  Sequence Messaging/input_Create New Sequence_form'

2019-04-26 11:50:38 - [TEST_STEP][PASSED] - delay: Delayed 3 second(s)

2019-04-26 11:50:41 - [MESSAGE][PASSED] - Delayed 3 second(s)]]></system-out>
         <system-err><![CDATA[]]></system-err>
      </testcase>
      <testcase name="Test Cases/Sequence Messaging/TC0982" classname="Test Cases/Sequence Messaging/TC0982" status="PASSED">
         <system-out><![CDATA[2019-04-26 11:50:41 - [TEST_CASE][PASSED] - Test Cases/Sequence Messaging/TC0982: Test Cases/Sequence Messaging/TC0982

2019-04-26 11:50:41 - [TEST_STEP][PASSED] - callTestCase: Call Test Case 'Test Cases/Sequence Messaging/TC0980' successfully

2019-04-26 11:50:41 - [TEST_CASE][PASSED] - Test Cases/Sequence Messaging/TC0980: Test Cases/Sequence Messaging/TC0980

2019-04-26 11:50:41 - [TEST_STEP][PASSED] - callTestCase: Call Test Case 'Test Cases/Sequence Messaging/Go_to_Seq_Messaging' successfully

2019-04-26 11:50:41 - [TEST_CASE][PASSED] - Test Cases/Sequence Messaging/Go_to_Seq_Messaging: Test Cases/Sequence Messaging/Go_to_Seq_Messaging

2019-04-26 11:50:41 - [TEST_STEP][PASSED] - callTestCase: Call Test Case 'Test Cases/Sequence Messaging/Login' successfully

2019-04-26 11:50:41 - [TEST_CASE][PASSED] - Test Cases/Sequence Messaging/Login: Test Cases/Sequence Messaging/Login

2019-04-26 11:50:41 - [TEST_STEP][PASSED] - callTestCase: Call Test Case 'Test Cases/s-sidebar_navigation/individualAccount/sequenceMessaging' successfully

2019-04-26 11:50:41 - [TEST_CASE][PASSED] - Test Cases/s-sidebar_navigation/individualAccount/sequenceMessaging: Test Cases/s-sidebar_navigation/individualAccount/sequenceMessaging

2019-04-26 11:50:41 - [TEST_STEP][PASSED] - click: Object: 'Object Repository/Page_KiboPush  Dashboard/span_Autoposting' is clicked on

2019-04-26 11:50:42 - [MESSAGE][PASSED] - Object: 'Object Repository/Page_KiboPush  Dashboard/span_Autoposting' is clicked on

2019-04-26 11:50:42 - [TEST_STEP][PASSED] - delay: Delayed 1 second(s)

2019-04-26 11:50:43 - [MESSAGE][PASSED] - Delayed 1 second(s)

2019-04-26 11:50:43 - [TEST_STEP][PASSED] - click: Object: 'Object Repository/Page_KiboPush  Dashboard/span_Sequence Messaging' is clicked on

2019-04-26 11:50:43 - [MESSAGE][PASSED] - Object: 'Object Repository/Page_KiboPush  Dashboard/span_Sequence Messaging' is clicked on

2019-04-26 11:50:43 - [TEST_STEP][PASSED] - scrollToPosition: Browser is scrolled to position x = 0, y = 0

2019-04-26 11:50:43 - [MESSAGE][PASSED] - Browser is scrolled to position x = 0, y = 0

2019-04-26 11:50:43 - [TEST_STEP][PASSED] - click: Object: 'Object Repository/Page_KiboPush  Sequence Messaging/h3_Sequence Messaging' is clicked on

2019-04-26 11:50:44 - [MESSAGE][PASSED] - Object: 'Object Repository/Page_KiboPush  Sequence Messaging/h3_Sequence Messaging' is clicked on

2019-04-26 11:50:44 - [TEST_STEP][PASSED] - delay: Delayed 1 second(s)

2019-04-26 11:50:45 - [MESSAGE][PASSED] - Delayed 1 second(s)

2019-04-26 11:50:45 - [MESSAGE][PASSED] - Call Test Case 'Test Cases/s-sidebar_navigation/individualAccount/sequenceMessaging' successfully

2019-04-26 11:50:45 - [MESSAGE][PASSED] - Call Test Case 'Test Cases/Sequence Messaging/Login' successfully

2019-04-26 11:50:45 - [MESSAGE][PASSED] - Call Test Case 'Test Cases/Sequence Messaging/Go_to_Seq_Messaging' successfully

2019-04-26 11:50:45 - [TEST_STEP][PASSED] - delay: Delayed 4 second(s)

2019-04-26 11:50:49 - [MESSAGE][PASSED] - Delayed 4 second(s)

2019-04-26 11:50:49 - [MESSAGE][PASSED] - Call Test Case 'Test Cases/Sequence Messaging/TC0980' successfully

2019-04-26 11:50:49 - [TEST_STEP][PASSED] - delay: Delayed 2 second(s)

2019-04-26 11:50:51 - [MESSAGE][PASSED] - Delayed 2 second(s)

2019-04-26 11:50:51 - [TEST_STEP][PASSED] - click: Object: 'Object Repository/Page_KiboPush  Sequence Messaging/span_Create New Sequence (2)' is clicked on

2019-04-26 11:50:52 - [MESSAGE][PASSED] - Object: 'Object Repository/Page_KiboPush  Sequence Messaging/span_Create New Sequence (2)' is clicked on

2019-04-26 11:50:52 - [TEST_STEP][PASSED] - delay: Delayed 2 second(s)

2019-04-26 11:50:54 - [MESSAGE][PASSED] - Delayed 2 second(s)]]></system-out>
         <system-err><![CDATA[]]></system-err>
      </testcase>
      <testcase name="Test Cases/Sequence Messaging/TC0983" classname="Test Cases/Sequence Messaging/TC0983" status="PASSED">
         <system-out><![CDATA[2019-04-26 11:50:54 - [TEST_CASE][PASSED] - Test Cases/Sequence Messaging/TC0983: Test Cases/Sequence Messaging/TC0983

2019-04-26 11:50:54 - [TEST_STEP][PASSED] - callTestCase: Call Test Case 'Test Cases/Sequence Messaging/TC0982' successfully

2019-04-26 11:50:54 - [TEST_CASE][PASSED] - Test Cases/Sequence Messaging/TC0982: Test Cases/Sequence Messaging/TC0982

2019-04-26 11:50:54 - [TEST_STEP][PASSED] - callTestCase: Call Test Case 'Test Cases/Sequence Messaging/TC0980' successfully

2019-04-26 11:50:54 - [TEST_CASE][PASSED] - Test Cases/Sequence Messaging/TC0980: Test Cases/Sequence Messaging/TC0980

2019-04-26 11:50:54 - [TEST_STEP][PASSED] - callTestCase: Call Test Case 'Test Cases/Sequence Messaging/Go_to_Seq_Messaging' successfully

2019-04-26 11:50:54 - [TEST_CASE][PASSED] - Test Cases/Sequence Messaging/Go_to_Seq_Messaging: Test Cases/Sequence Messaging/Go_to_Seq_Messaging

2019-04-26 11:50:54 - [TEST_STEP][PASSED] - callTestCase: Call Test Case 'Test Cases/Sequence Messaging/Login' successfully

2019-04-26 11:50:54 - [TEST_CASE][PASSED] - Test Cases/Sequence Messaging/Login: Test Cases/Sequence Messaging/Login

2019-04-26 11:50:54 - [TEST_STEP][PASSED] - callTestCase: Call Test Case 'Test Cases/s-sidebar_navigation/individualAccount/sequenceMessaging' successfully

2019-04-26 11:50:54 - [TEST_CASE][PASSED] - Test Cases/s-sidebar_navigation/individualAccount/sequenceMessaging: Test Cases/s-sidebar_navigation/individualAccount/sequenceMessaging

2019-04-26 11:50:54 - [TEST_STEP][PASSED] - click: Object: 'Object Repository/Page_KiboPush  Dashboard/span_Autoposting' is clicked on

2019-04-26 11:50:55 - [MESSAGE][PASSED] - Object: 'Object Repository/Page_KiboPush  Dashboard/span_Autoposting' is clicked on

2019-04-26 11:50:55 - [TEST_STEP][PASSED] - delay: Delayed 1 second(s)

2019-04-26 11:50:56 - [MESSAGE][PASSED] - Delayed 1 second(s)

2019-04-26 11:50:56 - [TEST_STEP][PASSED] - click: Object: 'Object Repository/Page_KiboPush  Dashboard/span_Sequence Messaging' is clicked on

2019-04-26 11:50:56 - [MESSAGE][PASSED] - Object: 'Object Repository/Page_KiboPush  Dashboard/span_Sequence Messaging' is clicked on

2019-04-26 11:50:56 - [TEST_STEP][PASSED] - scrollToPosition: Browser is scrolled to position x = 0, y = 0

2019-04-26 11:50:56 - [MESSAGE][PASSED] - Browser is scrolled to position x = 0, y = 0

2019-04-26 11:50:56 - [TEST_STEP][PASSED] - click: Object: 'Object Repository/Page_KiboPush  Sequence Messaging/h3_Sequence Messaging' is clicked on

2019-04-26 11:50:56 - [MESSAGE][PASSED] - Object: 'Object Repository/Page_KiboPush  Sequence Messaging/h3_Sequence Messaging' is clicked on

2019-04-26 11:50:56 - [TEST_STEP][PASSED] - delay: Delayed 1 second(s)

2019-04-26 11:50:57 - [MESSAGE][PASSED] - Delayed 1 second(s)

2019-04-26 11:50:57 - [MESSAGE][PASSED] - Call Test Case 'Test Cases/s-sidebar_navigation/individualAccount/sequenceMessaging' successfully

2019-04-26 11:50:57 - [MESSAGE][PASSED] - Call Test Case 'Test Cases/Sequence Messaging/Login' successfully

2019-04-26 11:50:57 - [MESSAGE][PASSED] - Call Test Case 'Test Cases/Sequence Messaging/Go_to_Seq_Messaging' successfully

2019-04-26 11:50:57 - [TEST_STEP][PASSED] - delay: Delayed 4 second(s)

2019-04-26 11:51:01 - [MESSAGE][PASSED] - Delayed 4 second(s)

2019-04-26 11:51:01 - [MESSAGE][PASSED] - Call Test Case 'Test Cases/Sequence Messaging/TC0980' successfully

2019-04-26 11:51:01 - [TEST_STEP][PASSED] - delay: Delayed 2 second(s)

2019-04-26 11:51:03 - [MESSAGE][PASSED] - Delayed 2 second(s)

2019-04-26 11:51:03 - [TEST_STEP][PASSED] - click: Object: 'Object Repository/Page_KiboPush  Sequence Messaging/span_Create New Sequence (2)' is clicked on

2019-04-26 11:51:04 - [MESSAGE][PASSED] - Object: 'Object Repository/Page_KiboPush  Sequence Messaging/span_Create New Sequence (2)' is clicked on

2019-04-26 11:51:04 - [TEST_STEP][PASSED] - delay: Delayed 2 second(s)

2019-04-26 11:51:06 - [MESSAGE][PASSED] - Delayed 2 second(s)

2019-04-26 11:51:06 - [MESSAGE][PASSED] - Call Test Case 'Test Cases/Sequence Messaging/TC0982' successfully

2019-04-26 11:51:06 - [TEST_STEP][PASSED] - setText: Text 'Sequence1' is set on object 'Object Repository/Page_KiboPush  Sequence Messaging/input_Sequence Name_form-contr'

2019-04-26 11:51:06 - [MESSAGE][PASSED] - Text 'Sequence1' is set on object 'Object Repository/Page_KiboPush  Sequence Messaging/input_Sequence Name_form-contr'

2019-04-26 11:51:06 - [TEST_STEP][PASSED] - delay: Delayed 2 second(s)

2019-04-26 11:51:08 - [MESSAGE][PASSED] - Delayed 2 second(s)

2019-04-26 11:51:08 - [TEST_STEP][PASSED] - click: Object: 'Object Repository/Page_KiboPush  Sequence Messaging/button_Create' is clicked on

2019-04-26 11:51:09 - [MESSAGE][PASSED] - Object: 'Object Repository/Page_KiboPush  Sequence Messaging/button_Create' is clicked on

2019-04-26 11:51:09 - [TEST_STEP][PASSED] - delay: Delayed 2 second(s)

2019-04-26 11:51:11 - [MESSAGE][PASSED] - Delayed 2 second(s)

2019-04-26 11:51:11 - [TEST_STEP][PASSED] - click: Object: 'Object Repository/Page_KiboPush  Sequence Messaging/button_Add Message (1)' is clicked on

2019-04-26 11:51:11 - [MESSAGE][PASSED] - Object: 'Object Repository/Page_KiboPush  Sequence Messaging/button_Add Message (1)' is clicked on

2019-04-26 11:51:11 - [TEST_STEP][PASSED] - delay: Delayed 2 second(s)

2019-04-26 11:51:13 - [MESSAGE][PASSED] - Delayed 2 second(s)

2019-04-26 11:51:13 - [TEST_STEP][PASSED] - click: Object: 'Object Repository/Page_KiboPush  Sequence Messaging/button_Add Message (1)' is clicked on

2019-04-26 11:51:13 - [MESSAGE][PASSED] - Object: 'Object Repository/Page_KiboPush  Sequence Messaging/button_Add Message (1)' is clicked on

2019-04-26 11:51:13 - [TEST_STEP][PASSED] - delay: Delayed 2 second(s)

2019-04-26 11:51:15 - [MESSAGE][PASSED] - Delayed 2 second(s)]]></system-out>
         <system-err><![CDATA[]]></system-err>
      </testcase>
      <testcase name="Test Cases/Sequence Messaging/TC0984" classname="Test Cases/Sequence Messaging/TC0984" status="PASSED">
         <system-out><![CDATA[2019-04-26 11:51:15 - [TEST_CASE][PASSED] - Test Cases/Sequence Messaging/TC0984: Test Cases/Sequence Messaging/TC0984

2019-04-26 11:51:16 - [TEST_STEP][PASSED] - callTestCase: Call Test Case 'Test Cases/Sequence Messaging/TC0980' successfully

2019-04-26 11:51:16 - [TEST_CASE][PASSED] - Test Cases/Sequence Messaging/TC0980: Test Cases/Sequence Messaging/TC0980

2019-04-26 11:51:16 - [TEST_STEP][PASSED] - callTestCase: Call Test Case 'Test Cases/Sequence Messaging/Go_to_Seq_Messaging' successfully

2019-04-26 11:51:16 - [TEST_CASE][PASSED] - Test Cases/Sequence Messaging/Go_to_Seq_Messaging: Test Cases/Sequence Messaging/Go_to_Seq_Messaging

2019-04-26 11:51:16 - [TEST_STEP][PASSED] - callTestCase: Call Test Case 'Test Cases/Sequence Messaging/Login' successfully

2019-04-26 11:51:16 - [TEST_CASE][PASSED] - Test Cases/Sequence Messaging/Login: Test Cases/Sequence Messaging/Login

2019-04-26 11:51:16 - [TEST_STEP][PASSED] - callTestCase: Call Test Case 'Test Cases/s-sidebar_navigation/individualAccount/sequenceMessaging' successfully

2019-04-26 11:51:16 - [TEST_CASE][PASSED] - Test Cases/s-sidebar_navigation/individualAccount/sequenceMessaging: Test Cases/s-sidebar_navigation/individualAccount/sequenceMessaging

2019-04-26 11:51:16 - [TEST_STEP][PASSED] - click: Object: 'Object Repository/Page_KiboPush  Dashboard/span_Autoposting' is clicked on

2019-04-26 11:51:17 - [MESSAGE][PASSED] - Object: 'Object Repository/Page_KiboPush  Dashboard/span_Autoposting' is clicked on

2019-04-26 11:51:17 - [TEST_STEP][PASSED] - delay: Delayed 1 second(s)

2019-04-26 11:51:18 - [MESSAGE][PASSED] - Delayed 1 second(s)

2019-04-26 11:51:18 - [TEST_STEP][PASSED] - click: Object: 'Object Repository/Page_KiboPush  Dashboard/span_Sequence Messaging' is clicked on

2019-04-26 11:51:18 - [MESSAGE][PASSED] - Object: 'Object Repository/Page_KiboPush  Dashboard/span_Sequence Messaging' is clicked on

2019-04-26 11:51:18 - [TEST_STEP][PASSED] - scrollToPosition: Browser is scrolled to position x = 0, y = 0

2019-04-26 11:51:18 - [MESSAGE][PASSED] - Browser is scrolled to position x = 0, y = 0

2019-04-26 11:51:18 - [TEST_STEP][PASSED] - click: Object: 'Object Repository/Page_KiboPush  Sequence Messaging/h3_Sequence Messaging' is clicked on

2019-04-26 11:51:18 - [MESSAGE][PASSED] - Object: 'Object Repository/Page_KiboPush  Sequence Messaging/h3_Sequence Messaging' is clicked on

2019-04-26 11:51:18 - [TEST_STEP][PASSED] - delay: Delayed 1 second(s)

2019-04-26 11:51:19 - [MESSAGE][PASSED] - Delayed 1 second(s)

2019-04-26 11:51:19 - [MESSAGE][PASSED] - Call Test Case 'Test Cases/s-sidebar_navigation/individualAccount/sequenceMessaging' successfully

2019-04-26 11:51:19 - [MESSAGE][PASSED] - Call Test Case 'Test Cases/Sequence Messaging/Login' successfully

2019-04-26 11:51:19 - [MESSAGE][PASSED] - Call Test Case 'Test Cases/Sequence Messaging/Go_to_Seq_Messaging' successfully

2019-04-26 11:51:19 - [TEST_STEP][PASSED] - delay: Delayed 4 second(s)

2019-04-26 11:51:23 - [MESSAGE][PASSED] - Delayed 4 second(s)

2019-04-26 11:51:23 - [MESSAGE][PASSED] - Call Test Case 'Test Cases/Sequence Messaging/TC0980' successfully

2019-04-26 11:51:23 - [TEST_STEP][PASSED] - delay: Delayed 2 second(s)

2019-04-26 11:51:25 - [MESSAGE][PASSED] - Delayed 2 second(s)

2019-04-26 11:51:25 - [TEST_STEP][PASSED] - click: Object: 'Object Repository/Page_KiboPush  Sequence Messaging/Delete Sequence Icon (1)' is clicked on

2019-04-26 11:51:26 - [MESSAGE][PASSED] - Object: 'Object Repository/Page_KiboPush  Sequence Messaging/Delete Sequence Icon (1)' is clicked on

2019-04-26 11:51:26 - [TEST_STEP][PASSED] - delay: Delayed 2 second(s)

2019-04-26 11:51:28 - [MESSAGE][PASSED] - Delayed 2 second(s)

2019-04-26 11:51:28 - [TEST_STEP][PASSED] - click: Object: 'Object Repository/Page_KiboPush  Sequence Messaging/button_Delete (2)' is clicked on

2019-04-26 11:51:28 - [MESSAGE][PASSED] - Object: 'Object Repository/Page_KiboPush  Sequence Messaging/button_Delete (2)' is clicked on

2019-04-26 11:51:28 - [TEST_STEP][PASSED] - delay: Delayed 2 second(s)

2019-04-26 11:51:30 - [MESSAGE][PASSED] - Delayed 2 second(s)

2019-04-26 11:51:30 - [TEST_STEP][PASSED] - click: Object: 'Object Repository/Page_KiboPush  Sequence Messaging/button_Create New Sequence' is clicked on

2019-04-26 11:51:30 - [MESSAGE][PASSED] - Object: 'Object Repository/Page_KiboPush  Sequence Messaging/button_Create New Sequence' is clicked on

2019-04-26 11:51:30 - [TEST_STEP][PASSED] - setText: Text 'Sequence1' is set on object 'Object Repository/Page_KiboPush  Sequence Messaging/input_Sequence Name_form-contr (3)'

2019-04-26 11:51:31 - [MESSAGE][PASSED] - Text 'Sequence1' is set on object 'Object Repository/Page_KiboPush  Sequence Messaging/input_Sequence Name_form-contr (3)'

2019-04-26 11:51:31 - [TEST_STEP][PASSED] - delay: Delayed 2 second(s)

2019-04-26 11:51:33 - [MESSAGE][PASSED] - Delayed 2 second(s)

2019-04-26 11:51:33 - [TEST_STEP][PASSED] - click: Object: 'Object Repository/Page_KiboPush  Sequence Messaging/button_Create (2)' is clicked on

2019-04-26 11:51:34 - [MESSAGE][PASSED] - Object: 'Object Repository/Page_KiboPush  Sequence Messaging/button_Create (2)' is clicked on

2019-04-26 11:51:34 - [TEST_STEP][PASSED] - delay: Delayed 2 second(s)

2019-04-26 11:51:36 - [MESSAGE][PASSED] - Delayed 2 second(s)

2019-04-26 11:51:36 - [TEST_STEP][PASSED] - click: Object: 'Object Repository/Page_KiboPush  Sequence Messaging/button_Add Message (1)' is clicked on

2019-04-26 11:51:36 - [MESSAGE][PASSED] - Object: 'Object Repository/Page_KiboPush  Sequence Messaging/button_Add Message (1)' is clicked on

2019-04-26 11:51:36 - [TEST_STEP][PASSED] - delay: Delayed 2 second(s)

2019-04-26 11:51:38 - [MESSAGE][PASSED] - Delayed 2 second(s)

2019-04-26 11:51:38 - [TEST_STEP][PASSED] - click: Object: 'Object Repository/Page_KiboPush  Sequence Messaging/button_Add Message (1)' is clicked on

2019-04-26 11:51:38 - [MESSAGE][PASSED] - Object: 'Object Repository/Page_KiboPush  Sequence Messaging/button_Add Message (1)' is clicked on

2019-04-26 11:51:38 - [TEST_STEP][PASSED] - delay: Delayed 2 second(s)

2019-04-26 11:51:40 - [MESSAGE][PASSED] - Delayed 2 second(s)

2019-04-26 11:51:40 - [TEST_STEP][PASSED] - click: Object: 'Object Repository/Page_KiboPush  Sequence Messaging/a_Back (5)' is clicked on

2019-04-26 11:51:41 - [MESSAGE][PASSED] - Object: 'Object Repository/Page_KiboPush  Sequence Messaging/a_Back (5)' is clicked on

2019-04-26 11:51:41 - [TEST_STEP][PASSED] - click: Object: 'Object Repository/Page_KiboPush  Sequence Messaging/span_Edit' is clicked on

2019-04-26 11:51:42 - [MESSAGE][PASSED] - Object: 'Object Repository/Page_KiboPush  Sequence Messaging/span_Edit' is clicked on

2019-04-26 11:51:42 - [TEST_STEP][PASSED] - delay: Delayed 2 second(s)

2019-04-26 11:51:44 - [MESSAGE][PASSED] - Delayed 2 second(s)]]></system-out>
         <system-err><![CDATA[]]></system-err>
      </testcase>
      <testcase name="Test Cases/Sequence Messaging/TC0985" classname="Test Cases/Sequence Messaging/TC0985" status="PASSED">
         <system-out><![CDATA[2019-04-26 11:51:44 - [TEST_CASE][PASSED] - Test Cases/Sequence Messaging/TC0985: Test Cases/Sequence Messaging/TC0985

2019-04-26 11:51:45 - [TEST_STEP][PASSED] - callTestCase: Call Test Case 'Test Cases/Sequence Messaging/TC0984' successfully

2019-04-26 11:51:45 - [TEST_CASE][PASSED] - Test Cases/Sequence Messaging/TC0984: Test Cases/Sequence Messaging/TC0984

2019-04-26 11:51:45 - [TEST_STEP][PASSED] - callTestCase: Call Test Case 'Test Cases/Sequence Messaging/TC0980' successfully

2019-04-26 11:51:45 - [TEST_CASE][PASSED] - Test Cases/Sequence Messaging/TC0980: Test Cases/Sequence Messaging/TC0980

2019-04-26 11:51:45 - [TEST_STEP][PASSED] - callTestCase: Call Test Case 'Test Cases/Sequence Messaging/Go_to_Seq_Messaging' successfully

2019-04-26 11:51:45 - [TEST_CASE][PASSED] - Test Cases/Sequence Messaging/Go_to_Seq_Messaging: Test Cases/Sequence Messaging/Go_to_Seq_Messaging

2019-04-26 11:51:45 - [TEST_STEP][PASSED] - callTestCase: Call Test Case 'Test Cases/Sequence Messaging/Login' successfully

2019-04-26 11:51:46 - [TEST_CASE][PASSED] - Test Cases/Sequence Messaging/Login: Test Cases/Sequence Messaging/Login

2019-04-26 11:51:46 - [TEST_STEP][PASSED] - callTestCase: Call Test Case 'Test Cases/s-sidebar_navigation/individualAccount/sequenceMessaging' successfully

2019-04-26 11:51:46 - [TEST_CASE][PASSED] - Test Cases/s-sidebar_navigation/individualAccount/sequenceMessaging: Test Cases/s-sidebar_navigation/individualAccount/sequenceMessaging

2019-04-26 11:51:46 - [TEST_STEP][PASSED] - click: Object: 'Object Repository/Page_KiboPush  Dashboard/span_Autoposting' is clicked on

2019-04-26 11:51:46 - [MESSAGE][PASSED] - Object: 'Object Repository/Page_KiboPush  Dashboard/span_Autoposting' is clicked on

2019-04-26 11:51:46 - [TEST_STEP][PASSED] - delay: Delayed 1 second(s)

2019-04-26 11:51:47 - [MESSAGE][PASSED] - Delayed 1 second(s)

2019-04-26 11:51:47 - [TEST_STEP][PASSED] - click: Object: 'Object Repository/Page_KiboPush  Dashboard/span_Sequence Messaging' is clicked on

2019-04-26 11:51:48 - [MESSAGE][PASSED] - Object: 'Object Repository/Page_KiboPush  Dashboard/span_Sequence Messaging' is clicked on

2019-04-26 11:51:48 - [TEST_STEP][PASSED] - scrollToPosition: Browser is scrolled to position x = 0, y = 0

2019-04-26 11:51:48 - [MESSAGE][PASSED] - Browser is scrolled to position x = 0, y = 0

2019-04-26 11:51:48 - [TEST_STEP][PASSED] - click: Object: 'Object Repository/Page_KiboPush  Sequence Messaging/h3_Sequence Messaging' is clicked on

2019-04-26 11:51:48 - [MESSAGE][PASSED] - Object: 'Object Repository/Page_KiboPush  Sequence Messaging/h3_Sequence Messaging' is clicked on

2019-04-26 11:51:48 - [TEST_STEP][PASSED] - delay: Delayed 1 second(s)

2019-04-26 11:51:49 - [MESSAGE][PASSED] - Delayed 1 second(s)

2019-04-26 11:51:49 - [MESSAGE][PASSED] - Call Test Case 'Test Cases/s-sidebar_navigation/individualAccount/sequenceMessaging' successfully

2019-04-26 11:51:49 - [MESSAGE][PASSED] - Call Test Case 'Test Cases/Sequence Messaging/Login' successfully

2019-04-26 11:51:49 - [MESSAGE][PASSED] - Call Test Case 'Test Cases/Sequence Messaging/Go_to_Seq_Messaging' successfully

2019-04-26 11:51:49 - [TEST_STEP][PASSED] - delay: Delayed 4 second(s)

2019-04-26 11:51:53 - [MESSAGE][PASSED] - Delayed 4 second(s)

2019-04-26 11:51:53 - [MESSAGE][PASSED] - Call Test Case 'Test Cases/Sequence Messaging/TC0980' successfully

2019-04-26 11:51:53 - [TEST_STEP][PASSED] - delay: Delayed 2 second(s)

2019-04-26 11:51:55 - [MESSAGE][PASSED] - Delayed 2 second(s)

2019-04-26 11:51:55 - [TEST_STEP][PASSED] - click: Object: 'Object Repository/Page_KiboPush  Sequence Messaging/Delete Sequence Icon (1)' is clicked on

2019-04-26 11:51:55 - [MESSAGE][PASSED] - Object: 'Object Repository/Page_KiboPush  Sequence Messaging/Delete Sequence Icon (1)' is clicked on

2019-04-26 11:51:55 - [TEST_STEP][PASSED] - delay: Delayed 2 second(s)

2019-04-26 11:51:57 - [MESSAGE][PASSED] - Delayed 2 second(s)

2019-04-26 11:51:57 - [TEST_STEP][PASSED] - click: Object: 'Object Repository/Page_KiboPush  Sequence Messaging/button_Delete (2)' is clicked on

2019-04-26 11:51:58 - [MESSAGE][PASSED] - Object: 'Object Repository/Page_KiboPush  Sequence Messaging/button_Delete (2)' is clicked on

2019-04-26 11:51:58 - [TEST_STEP][PASSED] - delay: Delayed 2 second(s)

2019-04-26 11:52:00 - [MESSAGE][PASSED] - Delayed 2 second(s)

2019-04-26 11:52:00 - [TEST_STEP][PASSED] - click: Object: 'Object Repository/Page_KiboPush  Sequence Messaging/button_Create New Sequence' is clicked on

2019-04-26 11:52:00 - [MESSAGE][PASSED] - Object: 'Object Repository/Page_KiboPush  Sequence Messaging/button_Create New Sequence' is clicked on

2019-04-26 11:52:00 - [TEST_STEP][PASSED] - setText: Text 'Sequence1' is set on object 'Object Repository/Page_KiboPush  Sequence Messaging/input_Sequence Name_form-contr (3)'

2019-04-26 11:52:01 - [MESSAGE][PASSED] - Text 'Sequence1' is set on object 'Object Repository/Page_KiboPush  Sequence Messaging/input_Sequence Name_form-contr (3)'

2019-04-26 11:52:01 - [TEST_STEP][PASSED] - delay: Delayed 2 second(s)

2019-04-26 11:52:03 - [MESSAGE][PASSED] - Delayed 2 second(s)

2019-04-26 11:52:03 - [TEST_STEP][PASSED] - click: Object: 'Object Repository/Page_KiboPush  Sequence Messaging/button_Create (2)' is clicked on

2019-04-26 11:52:03 - [MESSAGE][PASSED] - Object: 'Object Repository/Page_KiboPush  Sequence Messaging/button_Create (2)' is clicked on

2019-04-26 11:52:03 - [TEST_STEP][PASSED] - delay: Delayed 2 second(s)

2019-04-26 11:52:05 - [MESSAGE][PASSED] - Delayed 2 second(s)

2019-04-26 11:52:05 - [TEST_STEP][PASSED] - click: Object: 'Object Repository/Page_KiboPush  Sequence Messaging/button_Add Message (1)' is clicked on

2019-04-26 11:52:06 - [MESSAGE][PASSED] - Object: 'Object Repository/Page_KiboPush  Sequence Messaging/button_Add Message (1)' is clicked on

2019-04-26 11:52:06 - [TEST_STEP][PASSED] - delay: Delayed 2 second(s)

2019-04-26 11:52:08 - [MESSAGE][PASSED] - Delayed 2 second(s)

2019-04-26 11:52:08 - [TEST_STEP][PASSED] - click: Object: 'Object Repository/Page_KiboPush  Sequence Messaging/button_Add Message (1)' is clicked on

2019-04-26 11:52:08 - [MESSAGE][PASSED] - Object: 'Object Repository/Page_KiboPush  Sequence Messaging/button_Add Message (1)' is clicked on

2019-04-26 11:52:08 - [TEST_STEP][PASSED] - delay: Delayed 2 second(s)

2019-04-26 11:52:10 - [MESSAGE][PASSED] - Delayed 2 second(s)

2019-04-26 11:52:10 - [TEST_STEP][PASSED] - click: Object: 'Object Repository/Page_KiboPush  Sequence Messaging/a_Back (5)' is clicked on

2019-04-26 11:52:10 - [MESSAGE][PASSED] - Object: 'Object Repository/Page_KiboPush  Sequence Messaging/a_Back (5)' is clicked on

2019-04-26 11:52:10 - [TEST_STEP][PASSED] - click: Object: 'Object Repository/Page_KiboPush  Sequence Messaging/span_Edit' is clicked on

2019-04-26 11:52:11 - [MESSAGE][PASSED] - Object: 'Object Repository/Page_KiboPush  Sequence Messaging/span_Edit' is clicked on

2019-04-26 11:52:11 - [TEST_STEP][PASSED] - delay: Delayed 2 second(s)

2019-04-26 11:52:13 - [MESSAGE][PASSED] - Delayed 2 second(s)

2019-04-26 11:52:13 - [MESSAGE][PASSED] - Call Test Case 'Test Cases/Sequence Messaging/TC0984' successfully

2019-04-26 11:52:13 - [TEST_STEP][PASSED] - scrollToPosition: Browser is scrolled to position x = 0, y = 0

2019-04-26 11:52:13 - [MESSAGE][PASSED] - Browser is scrolled to position x = 0, y = 0

2019-04-26 11:52:13 - [TEST_STEP][PASSED] - click: Object: 'Object Repository/Page_KiboPush  Sequence Messaging/button_Add Message (1)' is clicked on

2019-04-26 11:52:14 - [MESSAGE][PASSED] - Object: 'Object Repository/Page_KiboPush  Sequence Messaging/button_Add Message (1)' is clicked on

2019-04-26 11:52:14 - [TEST_STEP][PASSED] - click: Object: 'Object Repository/Page_KiboPush  Sequence Messaging/span_New Message (3)' is clicked on

2019-04-26 11:52:14 - [MESSAGE][PASSED] - Object: 'Object Repository/Page_KiboPush  Sequence Messaging/span_New Message (3)' is clicked on

2019-04-26 11:52:14 - [TEST_STEP][PASSED] - delay: Delayed 2 second(s)

2019-04-26 11:52:16 - [MESSAGE][PASSED] - Delayed 2 second(s)]]></system-out>
         <system-err><![CDATA[]]></system-err>
      </testcase>
      <testcase name="Test Cases/Sequence Messaging/TC0986" classname="Test Cases/Sequence Messaging/TC0986" status="PASSED">
         <system-out><![CDATA[2019-04-26 11:52:16 - [TEST_CASE][PASSED] - Test Cases/Sequence Messaging/TC0986: Test Cases/Sequence Messaging/TC0986

2019-04-26 11:52:17 - [TEST_STEP][PASSED] - callTestCase: Call Test Case 'Test Cases/Sequence Messaging/TC0980' successfully

2019-04-26 11:52:17 - [TEST_CASE][PASSED] - Test Cases/Sequence Messaging/TC0980: Test Cases/Sequence Messaging/TC0980

2019-04-26 11:52:17 - [TEST_STEP][PASSED] - callTestCase: Call Test Case 'Test Cases/Sequence Messaging/Go_to_Seq_Messaging' successfully

2019-04-26 11:52:17 - [TEST_CASE][PASSED] - Test Cases/Sequence Messaging/Go_to_Seq_Messaging: Test Cases/Sequence Messaging/Go_to_Seq_Messaging

2019-04-26 11:52:17 - [TEST_STEP][PASSED] - callTestCase: Call Test Case 'Test Cases/Sequence Messaging/Login' successfully

2019-04-26 11:52:17 - [TEST_CASE][PASSED] - Test Cases/Sequence Messaging/Login: Test Cases/Sequence Messaging/Login

2019-04-26 11:52:17 - [TEST_STEP][PASSED] - callTestCase: Call Test Case 'Test Cases/s-sidebar_navigation/individualAccount/sequenceMessaging' successfully

2019-04-26 11:52:17 - [TEST_CASE][PASSED] - Test Cases/s-sidebar_navigation/individualAccount/sequenceMessaging: Test Cases/s-sidebar_navigation/individualAccount/sequenceMessaging

2019-04-26 11:52:17 - [TEST_STEP][PASSED] - click: Object: 'Object Repository/Page_KiboPush  Dashboard/span_Autoposting' is clicked on

2019-04-26 11:52:18 - [MESSAGE][PASSED] - Object: 'Object Repository/Page_KiboPush  Dashboard/span_Autoposting' is clicked on

2019-04-26 11:52:18 - [TEST_STEP][PASSED] - delay: Delayed 1 second(s)

2019-04-26 11:52:19 - [MESSAGE][PASSED] - Delayed 1 second(s)

2019-04-26 11:52:19 - [TEST_STEP][PASSED] - click: Object: 'Object Repository/Page_KiboPush  Dashboard/span_Sequence Messaging' is clicked on

2019-04-26 11:52:19 - [MESSAGE][PASSED] - Object: 'Object Repository/Page_KiboPush  Dashboard/span_Sequence Messaging' is clicked on

2019-04-26 11:52:19 - [TEST_STEP][PASSED] - scrollToPosition: Browser is scrolled to position x = 0, y = 0

2019-04-26 11:52:19 - [MESSAGE][PASSED] - Browser is scrolled to position x = 0, y = 0

2019-04-26 11:52:19 - [TEST_STEP][PASSED] - click: Object: 'Object Repository/Page_KiboPush  Sequence Messaging/h3_Sequence Messaging' is clicked on

2019-04-26 11:52:19 - [MESSAGE][PASSED] - Object: 'Object Repository/Page_KiboPush  Sequence Messaging/h3_Sequence Messaging' is clicked on

2019-04-26 11:52:19 - [TEST_STEP][PASSED] - delay: Delayed 1 second(s)

2019-04-26 11:52:21 - [MESSAGE][PASSED] - Delayed 1 second(s)

2019-04-26 11:52:21 - [MESSAGE][PASSED] - Call Test Case 'Test Cases/s-sidebar_navigation/individualAccount/sequenceMessaging' successfully

2019-04-26 11:52:21 - [MESSAGE][PASSED] - Call Test Case 'Test Cases/Sequence Messaging/Login' successfully

2019-04-26 11:52:21 - [MESSAGE][PASSED] - Call Test Case 'Test Cases/Sequence Messaging/Go_to_Seq_Messaging' successfully

2019-04-26 11:52:21 - [TEST_STEP][PASSED] - delay: Delayed 4 second(s)

2019-04-26 11:52:25 - [MESSAGE][PASSED] - Delayed 4 second(s)

2019-04-26 11:52:25 - [MESSAGE][PASSED] - Call Test Case 'Test Cases/Sequence Messaging/TC0980' successfully

2019-04-26 11:52:25 - [TEST_STEP][PASSED] - click: Object: 'Object Repository/Page_KiboPush  Sequence Messaging/span_Edit (1)' is clicked on

2019-04-26 11:52:25 - [MESSAGE][PASSED] - Object: 'Object Repository/Page_KiboPush  Sequence Messaging/span_Edit (1)' is clicked on

2019-04-26 11:52:25 - [TEST_STEP][PASSED] - delay: Delayed 2 second(s)

2019-04-26 11:52:27 - [MESSAGE][PASSED] - Delayed 2 second(s)

2019-04-26 11:52:27 - [TEST_STEP][PASSED] - click: Object: 'Object Repository/Page_KiboPush  Sequence Messaging/Delete Message Icon' is clicked on

2019-04-26 11:52:27 - [MESSAGE][PASSED] - Object: 'Object Repository/Page_KiboPush  Sequence Messaging/Delete Message Icon' is clicked on

2019-04-26 11:52:27 - [TEST_STEP][PASSED] - click: Object: 'Object Repository/Page_KiboPush  Sequence Messaging/button_Delete (3)' is clicked on

2019-04-26 11:52:28 - [MESSAGE][PASSED] - Object: 'Object Repository/Page_KiboPush  Sequence Messaging/button_Delete (3)' is clicked on

2019-04-26 11:52:28 - [TEST_STEP][PASSED] - delay: Delayed 4 second(s)

2019-04-26 11:52:32 - [MESSAGE][PASSED] - Delayed 4 second(s)

2019-04-26 11:52:32 - [TEST_STEP][PASSED] - scrollToPosition: Browser is scrolled to position x = 0, y = 0

2019-04-26 11:52:32 - [MESSAGE][PASSED] - Browser is scrolled to position x = 0, y = 0

2019-04-26 11:52:32 - [TEST_STEP][PASSED] - delay: Delayed 1 second(s)

2019-04-26 11:52:33 - [MESSAGE][PASSED] - Delayed 1 second(s)

2019-04-26 11:52:33 - [TEST_STEP][PASSED] - click: Object: 'Object Repository/Page_KiboPush  Sequence Messaging/button_Add Message (1)' is clicked on

2019-04-26 11:52:33 - [MESSAGE][PASSED] - Object: 'Object Repository/Page_KiboPush  Sequence Messaging/button_Add Message (1)' is clicked on

2019-04-26 11:52:33 - [TEST_STEP][PASSED] - delay: Delayed 2 second(s)

2019-04-26 11:52:35 - [MESSAGE][PASSED] - Delayed 2 second(s)

2019-04-26 11:52:35 - [TEST_STEP][PASSED] - click: Object: 'Object Repository/Page_KiboPush  Sequence Messaging/span_New Message (4)' is clicked on

2019-04-26 11:52:36 - [MESSAGE][PASSED] - Object: 'Object Repository/Page_KiboPush  Sequence Messaging/span_New Message (4)' is clicked on

2019-04-26 11:52:36 - [TEST_STEP][PASSED] - delay: Delayed 3 second(s)

2019-04-26 11:52:39 - [MESSAGE][PASSED] - Delayed 3 second(s)

2019-04-26 11:52:39 - [TEST_STEP][PASSED] - click: Object: 'Object Repository/Page_KiboPush  Edit Message/i_New Message_convoTitle' is clicked on

2019-04-26 11:52:39 - [MESSAGE][PASSED] - Object: 'Object Repository/Page_KiboPush  Edit Message/i_New Message_convoTitle' is clicked on

2019-04-26 11:52:39 - [TEST_STEP][PASSED] - delay: Delayed 2 second(s)

2019-04-26 11:52:41 - [MESSAGE][PASSED] - Delayed 2 second(s)

2019-04-26 11:52:41 - [TEST_STEP][PASSED] - setText: Text 'Message1' is set on object 'Object Repository/Page_KiboPush  Edit Message/input_Rename_form-control'

2019-04-26 11:52:42 - [MESSAGE][PASSED] - Text 'Message1' is set on object 'Object Repository/Page_KiboPush  Edit Message/input_Rename_form-control'

2019-04-26 11:52:42 - [TEST_STEP][PASSED] - scrollToElement: Scroll to object 'Object Repository/Page_KiboPush  Edit Message/div_View Facebook guidelines r' successfully

2019-04-26 11:52:42 - [MESSAGE][PASSED] - Scroll to object 'Object Repository/Page_KiboPush  Edit Message/div_View Facebook guidelines r' successfully

2019-04-26 11:52:42 - [TEST_STEP][PASSED] - click: Object: 'Object Repository/Page_KiboPush  Edit Message/button_Save' is clicked on

2019-04-26 11:52:42 - [MESSAGE][PASSED] - Object: 'Object Repository/Page_KiboPush  Edit Message/button_Save' is clicked on

2019-04-26 11:52:42 - [TEST_STEP][PASSED] - delay: Delayed 3 second(s)

2019-04-26 11:52:45 - [MESSAGE][PASSED] - Delayed 3 second(s)

2019-04-26 11:52:45 - [TEST_STEP][PASSED] - click: Object: 'Object Repository/Page_KiboPush  Edit Message/div_Text' is clicked on

2019-04-26 11:52:46 - [MESSAGE][PASSED] - Object: 'Object Repository/Page_KiboPush  Edit Message/div_Text' is clicked on

2019-04-26 11:52:46 - [TEST_STEP][PASSED] - setText: Text 'Text1' is set on object 'Object Repository/Page_KiboPush  Edit Message/Set Text Component'

2019-04-26 11:52:47 - [MESSAGE][PASSED] - Text 'Text1' is set on object 'Object Repository/Page_KiboPush  Edit Message/Set Text Component'

2019-04-26 11:52:47 - [TEST_STEP][PASSED] - click: Object: 'Object Repository/Page_KiboPush  Edit Message/button_Save_1' is clicked on

2019-04-26 11:52:47 - [MESSAGE][PASSED] - Object: 'Object Repository/Page_KiboPush  Edit Message/button_Save_1' is clicked on

2019-04-26 11:52:47 - [TEST_STEP][PASSED] - scrollToPosition: Browser is scrolled to position x = 0, y = 0

2019-04-26 11:52:47 - [MESSAGE][PASSED] - Browser is scrolled to position x = 0, y = 0

2019-04-26 11:52:47 - [TEST_STEP][PASSED] - click: Object: 'Object Repository/Page_KiboPush  Edit Message/a_Back' is clicked on

2019-04-26 11:52:48 - [MESSAGE][PASSED] - Object: 'Object Repository/Page_KiboPush  Edit Message/a_Back' is clicked on]]></system-out>
         <system-err><![CDATA[]]></system-err>
      </testcase>
      <testcase name="Test Cases/Sequence Messaging/TC0987" classname="Test Cases/Sequence Messaging/TC0987" status="PASSED">
         <system-out><![CDATA[2019-04-26 11:52:48 - [TEST_CASE][PASSED] - Test Cases/Sequence Messaging/TC0987: Test Cases/Sequence Messaging/TC0987

2019-04-26 11:52:48 - [TEST_STEP][PASSED] - callTestCase: Call Test Case 'Test Cases/Sequence Messaging/TC0980' successfully

2019-04-26 11:52:48 - [TEST_CASE][PASSED] - Test Cases/Sequence Messaging/TC0980: Test Cases/Sequence Messaging/TC0980

2019-04-26 11:52:48 - [TEST_STEP][PASSED] - callTestCase: Call Test Case 'Test Cases/Sequence Messaging/Go_to_Seq_Messaging' successfully

2019-04-26 11:52:48 - [TEST_CASE][PASSED] - Test Cases/Sequence Messaging/Go_to_Seq_Messaging: Test Cases/Sequence Messaging/Go_to_Seq_Messaging

2019-04-26 11:52:48 - [TEST_STEP][PASSED] - callTestCase: Call Test Case 'Test Cases/Sequence Messaging/Login' successfully

2019-04-26 11:52:48 - [TEST_CASE][PASSED] - Test Cases/Sequence Messaging/Login: Test Cases/Sequence Messaging/Login

2019-04-26 11:52:48 - [TEST_STEP][PASSED] - callTestCase: Call Test Case 'Test Cases/s-sidebar_navigation/individualAccount/sequenceMessaging' successfully

2019-04-26 11:52:48 - [TEST_CASE][PASSED] - Test Cases/s-sidebar_navigation/individualAccount/sequenceMessaging: Test Cases/s-sidebar_navigation/individualAccount/sequenceMessaging

2019-04-26 11:52:48 - [TEST_STEP][PASSED] - click: Object: 'Object Repository/Page_KiboPush  Dashboard/span_Autoposting' is clicked on

2019-04-26 11:52:49 - [MESSAGE][PASSED] - Object: 'Object Repository/Page_KiboPush  Dashboard/span_Autoposting' is clicked on

2019-04-26 11:52:49 - [TEST_STEP][PASSED] - delay: Delayed 1 second(s)

2019-04-26 11:52:50 - [MESSAGE][PASSED] - Delayed 1 second(s)

2019-04-26 11:52:50 - [TEST_STEP][PASSED] - click: Object: 'Object Repository/Page_KiboPush  Dashboard/span_Sequence Messaging' is clicked on

2019-04-26 11:52:50 - [MESSAGE][PASSED] - Object: 'Object Repository/Page_KiboPush  Dashboard/span_Sequence Messaging' is clicked on

2019-04-26 11:52:50 - [TEST_STEP][PASSED] - scrollToPosition: Browser is scrolled to position x = 0, y = 0

2019-04-26 11:52:50 - [MESSAGE][PASSED] - Browser is scrolled to position x = 0, y = 0

2019-04-26 11:52:50 - [TEST_STEP][PASSED] - click: Object: 'Object Repository/Page_KiboPush  Sequence Messaging/h3_Sequence Messaging' is clicked on

2019-04-26 11:52:50 - [MESSAGE][PASSED] - Object: 'Object Repository/Page_KiboPush  Sequence Messaging/h3_Sequence Messaging' is clicked on

2019-04-26 11:52:50 - [TEST_STEP][PASSED] - delay: Delayed 1 second(s)

2019-04-26 11:52:51 - [MESSAGE][PASSED] - Delayed 1 second(s)

2019-04-26 11:52:51 - [MESSAGE][PASSED] - Call Test Case 'Test Cases/s-sidebar_navigation/individualAccount/sequenceMessaging' successfully

2019-04-26 11:52:51 - [MESSAGE][PASSED] - Call Test Case 'Test Cases/Sequence Messaging/Login' successfully

2019-04-26 11:52:51 - [MESSAGE][PASSED] - Call Test Case 'Test Cases/Sequence Messaging/Go_to_Seq_Messaging' successfully

2019-04-26 11:52:51 - [TEST_STEP][PASSED] - delay: Delayed 4 second(s)

2019-04-26 11:52:55 - [MESSAGE][PASSED] - Delayed 4 second(s)

2019-04-26 11:52:55 - [MESSAGE][PASSED] - Call Test Case 'Test Cases/Sequence Messaging/TC0980' successfully

2019-04-26 11:52:55 - [TEST_STEP][PASSED] - click: Object: 'Object Repository/Page_KiboPush  Sequence Messaging/span_-- Edit_1 (1)' is clicked on

2019-04-26 11:52:56 - [MESSAGE][PASSED] - Object: 'Object Repository/Page_KiboPush  Sequence Messaging/span_-- Edit_1 (1)' is clicked on

2019-04-26 11:52:56 - [TEST_STEP][PASSED] - click: Object: 'Object Repository/Page_KiboPush  Sequence Messaging/div_When subscriber subscribes (1) (1)' is clicked on

2019-04-26 11:52:56 - [MESSAGE][PASSED] - Object: 'Object Repository/Page_KiboPush  Sequence Messaging/div_When subscriber subscribes (1) (1)' is clicked on

2019-04-26 11:52:56 - [TEST_STEP][PASSED] - click: Object: 'Object Repository/Page_KiboPush  Sequence Messaging/button_Save (1) (1)' is clicked on

2019-04-26 11:52:56 - [MESSAGE][PASSED] - Object: 'Object Repository/Page_KiboPush  Sequence Messaging/button_Save (1) (1)' is clicked on]]></system-out>
         <system-err><![CDATA[]]></system-err>
      </testcase>
      <testcase name="Test Cases/Sequence Messaging/TC0990" classname="Test Cases/Sequence Messaging/TC0990" status="PASSED">
         <system-out><![CDATA[2019-04-26 11:52:56 - [TEST_CASE][PASSED] - Test Cases/Sequence Messaging/TC0990: Test Cases/Sequence Messaging/TC0990

2019-04-26 11:52:56 - [TEST_STEP][PASSED] - callTestCase: Call Test Case 'Test Cases/Sequence Messaging/Test Edit Sequence Button' successfully

2019-04-26 11:52:56 - [TEST_CASE][PASSED] - Test Cases/Sequence Messaging/Test Edit Sequence Button: Test Cases/Sequence Messaging/Test Edit Sequence Button

2019-04-26 11:52:57 - [TEST_STEP][PASSED] - callTestCase: Call Test Case 'Test Cases/Sequence Messaging/TC0980' successfully

2019-04-26 11:52:57 - [TEST_CASE][PASSED] - Test Cases/Sequence Messaging/TC0980: Test Cases/Sequence Messaging/TC0980

2019-04-26 11:52:57 - [TEST_STEP][PASSED] - callTestCase: Call Test Case 'Test Cases/Sequence Messaging/Go_to_Seq_Messaging' successfully

2019-04-26 11:52:57 - [TEST_CASE][PASSED] - Test Cases/Sequence Messaging/Go_to_Seq_Messaging: Test Cases/Sequence Messaging/Go_to_Seq_Messaging

2019-04-26 11:52:57 - [TEST_STEP][PASSED] - callTestCase: Call Test Case 'Test Cases/Sequence Messaging/Login' successfully

2019-04-26 11:52:57 - [TEST_CASE][PASSED] - Test Cases/Sequence Messaging/Login: Test Cases/Sequence Messaging/Login

2019-04-26 11:52:57 - [TEST_STEP][PASSED] - callTestCase: Call Test Case 'Test Cases/s-sidebar_navigation/individualAccount/sequenceMessaging' successfully

2019-04-26 11:52:57 - [TEST_CASE][PASSED] - Test Cases/s-sidebar_navigation/individualAccount/sequenceMessaging: Test Cases/s-sidebar_navigation/individualAccount/sequenceMessaging

2019-04-26 11:52:57 - [TEST_STEP][PASSED] - click: Object: 'Object Repository/Page_KiboPush  Dashboard/span_Autoposting' is clicked on

2019-04-26 11:52:58 - [MESSAGE][PASSED] - Object: 'Object Repository/Page_KiboPush  Dashboard/span_Autoposting' is clicked on

2019-04-26 11:52:58 - [TEST_STEP][PASSED] - delay: Delayed 1 second(s)

2019-04-26 11:52:59 - [MESSAGE][PASSED] - Delayed 1 second(s)

2019-04-26 11:52:59 - [TEST_STEP][PASSED] - click: Object: 'Object Repository/Page_KiboPush  Dashboard/span_Sequence Messaging' is clicked on

2019-04-26 11:52:59 - [MESSAGE][PASSED] - Object: 'Object Repository/Page_KiboPush  Dashboard/span_Sequence Messaging' is clicked on

2019-04-26 11:52:59 - [TEST_STEP][PASSED] - scrollToPosition: Browser is scrolled to position x = 0, y = 0

2019-04-26 11:52:59 - [MESSAGE][PASSED] - Browser is scrolled to position x = 0, y = 0

2019-04-26 11:52:59 - [TEST_STEP][PASSED] - click: Object: 'Object Repository/Page_KiboPush  Sequence Messaging/h3_Sequence Messaging' is clicked on

2019-04-26 11:53:00 - [MESSAGE][PASSED] - Object: 'Object Repository/Page_KiboPush  Sequence Messaging/h3_Sequence Messaging' is clicked on

2019-04-26 11:53:00 - [TEST_STEP][PASSED] - delay: Delayed 1 second(s)

2019-04-26 11:53:01 - [MESSAGE][PASSED] - Delayed 1 second(s)

2019-04-26 11:53:01 - [MESSAGE][PASSED] - Call Test Case 'Test Cases/s-sidebar_navigation/individualAccount/sequenceMessaging' successfully

2019-04-26 11:53:01 - [MESSAGE][PASSED] - Call Test Case 'Test Cases/Sequence Messaging/Login' successfully

2019-04-26 11:53:01 - [MESSAGE][PASSED] - Call Test Case 'Test Cases/Sequence Messaging/Go_to_Seq_Messaging' successfully

2019-04-26 11:53:01 - [TEST_STEP][PASSED] - delay: Delayed 4 second(s)

2019-04-26 11:53:05 - [MESSAGE][PASSED] - Delayed 4 second(s)

2019-04-26 11:53:05 - [MESSAGE][PASSED] - Call Test Case 'Test Cases/Sequence Messaging/TC0980' successfully

2019-04-26 11:53:05 - [TEST_STEP][PASSED] - click: Object: 'Object Repository/Page_KiboPush  Sequence Messaging/span_Edit (2)' is clicked on

2019-04-26 11:53:06 - [MESSAGE][PASSED] - Object: 'Object Repository/Page_KiboPush  Sequence Messaging/span_Edit (2)' is clicked on

2019-04-26 11:53:06 - [TEST_STEP][PASSED] - delay: Delayed 2 second(s)

2019-04-26 11:53:08 - [MESSAGE][PASSED] - Delayed 2 second(s)

2019-04-26 11:53:08 - [MESSAGE][PASSED] - Call Test Case 'Test Cases/Sequence Messaging/Test Edit Sequence Button' successfully

2019-04-26 11:53:08 - [TEST_STEP][PASSED] - click: Object: 'Object Repository/Page_KiboPush  Sequence Messaging/Edit Schedule Button (1)' is clicked on

2019-04-26 11:53:08 - [MESSAGE][PASSED] - Object: 'Object Repository/Page_KiboPush  Sequence Messaging/Edit Schedule Button (1)' is clicked on

2019-04-26 11:53:08 - [TEST_STEP][PASSED] - delay: Delayed 2 second(s)

2019-04-26 11:53:10 - [MESSAGE][PASSED] - Delayed 2 second(s)

2019-04-26 11:53:10 - [TEST_STEP][PASSED] - selectOptionByValue: All options with value 'immediately' are selected in object 'Object Repository/Page_KiboPush  Sequence Messaging/select_AfterImmediately (2)'  using regular expression

2019-04-26 11:53:11 - [MESSAGE][PASSED] - All options with value 'immediately' are selected in object 'Object Repository/Page_KiboPush  Sequence Messaging/select_AfterImmediately (2)'  using regular expression

2019-04-26 11:53:11 - [TEST_STEP][PASSED] - click: Object: 'Object Repository/Page_KiboPush  Sequence Messaging/button_Save (2)' is clicked on

2019-04-26 11:53:11 - [MESSAGE][PASSED] - Object: 'Object Repository/Page_KiboPush  Sequence Messaging/button_Save (2)' is clicked on]]></system-out>
         <system-err><![CDATA[]]></system-err>
      </testcase>
      <testcase name="Test Cases/Sequence Messaging/TC1001" classname="Test Cases/Sequence Messaging/TC1001" status="PASSED">
         <system-out><![CDATA[2019-04-26 11:53:11 - [TEST_CASE][PASSED] - Test Cases/Sequence Messaging/TC1001: Test Cases/Sequence Messaging/TC1001

2019-04-26 11:53:11 - [TEST_STEP][PASSED] - callTestCase: Call Test Case 'Test Cases/Sequence Messaging/TC0986' successfully

2019-04-26 11:53:12 - [TEST_CASE][PASSED] - Test Cases/Sequence Messaging/TC0986: Test Cases/Sequence Messaging/TC0986

2019-04-26 11:53:12 - [TEST_STEP][PASSED] - callTestCase: Call Test Case 'Test Cases/Sequence Messaging/TC0980' successfully

2019-04-26 11:53:12 - [TEST_CASE][PASSED] - Test Cases/Sequence Messaging/TC0980: Test Cases/Sequence Messaging/TC0980

2019-04-26 11:53:12 - [TEST_STEP][PASSED] - callTestCase: Call Test Case 'Test Cases/Sequence Messaging/Go_to_Seq_Messaging' successfully

2019-04-26 11:53:12 - [TEST_CASE][PASSED] - Test Cases/Sequence Messaging/Go_to_Seq_Messaging: Test Cases/Sequence Messaging/Go_to_Seq_Messaging

2019-04-26 11:53:12 - [TEST_STEP][PASSED] - callTestCase: Call Test Case 'Test Cases/Sequence Messaging/Login' successfully

2019-04-26 11:53:12 - [TEST_CASE][PASSED] - Test Cases/Sequence Messaging/Login: Test Cases/Sequence Messaging/Login

2019-04-26 11:53:12 - [TEST_STEP][PASSED] - callTestCase: Call Test Case 'Test Cases/s-sidebar_navigation/individualAccount/sequenceMessaging' successfully

2019-04-26 11:53:12 - [TEST_CASE][PASSED] - Test Cases/s-sidebar_navigation/individualAccount/sequenceMessaging: Test Cases/s-sidebar_navigation/individualAccount/sequenceMessaging

2019-04-26 11:53:12 - [TEST_STEP][PASSED] - click: Object: 'Object Repository/Page_KiboPush  Dashboard/span_Autoposting' is clicked on

2019-04-26 11:53:13 - [MESSAGE][PASSED] - Object: 'Object Repository/Page_KiboPush  Dashboard/span_Autoposting' is clicked on

2019-04-26 11:53:13 - [TEST_STEP][PASSED] - delay: Delayed 1 second(s)

2019-04-26 11:53:14 - [MESSAGE][PASSED] - Delayed 1 second(s)

2019-04-26 11:53:14 - [TEST_STEP][PASSED] - click: Object: 'Object Repository/Page_KiboPush  Dashboard/span_Sequence Messaging' is clicked on

2019-04-26 11:53:15 - [MESSAGE][PASSED] - Object: 'Object Repository/Page_KiboPush  Dashboard/span_Sequence Messaging' is clicked on

2019-04-26 11:53:15 - [TEST_STEP][PASSED] - scrollToPosition: Browser is scrolled to position x = 0, y = 0

2019-04-26 11:53:15 - [MESSAGE][PASSED] - Browser is scrolled to position x = 0, y = 0

2019-04-26 11:53:15 - [TEST_STEP][PASSED] - click: Object: 'Object Repository/Page_KiboPush  Sequence Messaging/h3_Sequence Messaging' is clicked on

2019-04-26 11:53:15 - [MESSAGE][PASSED] - Object: 'Object Repository/Page_KiboPush  Sequence Messaging/h3_Sequence Messaging' is clicked on

2019-04-26 11:53:15 - [TEST_STEP][PASSED] - delay: Delayed 1 second(s)

2019-04-26 11:53:16 - [MESSAGE][PASSED] - Delayed 1 second(s)

2019-04-26 11:53:16 - [MESSAGE][PASSED] - Call Test Case 'Test Cases/s-sidebar_navigation/individualAccount/sequenceMessaging' successfully

2019-04-26 11:53:16 - [MESSAGE][PASSED] - Call Test Case 'Test Cases/Sequence Messaging/Login' successfully

2019-04-26 11:53:16 - [MESSAGE][PASSED] - Call Test Case 'Test Cases/Sequence Messaging/Go_to_Seq_Messaging' successfully

2019-04-26 11:53:16 - [TEST_STEP][PASSED] - delay: Delayed 4 second(s)

2019-04-26 11:53:20 - [MESSAGE][PASSED] - Delayed 4 second(s)

2019-04-26 11:53:20 - [MESSAGE][PASSED] - Call Test Case 'Test Cases/Sequence Messaging/TC0980' successfully

2019-04-26 11:53:20 - [TEST_STEP][PASSED] - click: Object: 'Object Repository/Page_KiboPush  Sequence Messaging/span_Edit (1)' is clicked on

2019-04-26 11:53:21 - [MESSAGE][PASSED] - Object: 'Object Repository/Page_KiboPush  Sequence Messaging/span_Edit (1)' is clicked on

2019-04-26 11:53:21 - [TEST_STEP][PASSED] - delay: Delayed 2 second(s)

2019-04-26 11:53:23 - [MESSAGE][PASSED] - Delayed 2 second(s)

2019-04-26 11:53:23 - [TEST_STEP][PASSED] - click: Object: 'Object Repository/Page_KiboPush  Sequence Messaging/Delete Message Icon' is clicked on

2019-04-26 11:53:23 - [MESSAGE][PASSED] - Object: 'Object Repository/Page_KiboPush  Sequence Messaging/Delete Message Icon' is clicked on

2019-04-26 11:53:23 - [TEST_STEP][PASSED] - click: Object: 'Object Repository/Page_KiboPush  Sequence Messaging/button_Delete (3)' is clicked on

2019-04-26 11:53:24 - [MESSAGE][PASSED] - Object: 'Object Repository/Page_KiboPush  Sequence Messaging/button_Delete (3)' is clicked on

2019-04-26 11:53:24 - [TEST_STEP][PASSED] - delay: Delayed 4 second(s)

2019-04-26 11:53:28 - [MESSAGE][PASSED] - Delayed 4 second(s)

2019-04-26 11:53:28 - [TEST_STEP][PASSED] - scrollToPosition: Browser is scrolled to position x = 0, y = 0

2019-04-26 11:53:28 - [MESSAGE][PASSED] - Browser is scrolled to position x = 0, y = 0

2019-04-26 11:53:28 - [TEST_STEP][PASSED] - delay: Delayed 1 second(s)

2019-04-26 11:53:29 - [MESSAGE][PASSED] - Delayed 1 second(s)

2019-04-26 11:53:29 - [TEST_STEP][PASSED] - click: Object: 'Object Repository/Page_KiboPush  Sequence Messaging/button_Add Message (1)' is clicked on

2019-04-26 11:53:29 - [MESSAGE][PASSED] - Object: 'Object Repository/Page_KiboPush  Sequence Messaging/button_Add Message (1)' is clicked on

2019-04-26 11:53:29 - [TEST_STEP][PASSED] - delay: Delayed 2 second(s)

2019-04-26 11:53:31 - [MESSAGE][PASSED] - Delayed 2 second(s)

2019-04-26 11:53:31 - [TEST_STEP][PASSED] - click: Object: 'Object Repository/Page_KiboPush  Sequence Messaging/span_New Message (4)' is clicked on

2019-04-26 11:53:32 - [MESSAGE][PASSED] - Object: 'Object Repository/Page_KiboPush  Sequence Messaging/span_New Message (4)' is clicked on

2019-04-26 11:53:32 - [TEST_STEP][PASSED] - delay: Delayed 3 second(s)

2019-04-26 11:53:35 - [MESSAGE][PASSED] - Delayed 3 second(s)

2019-04-26 11:53:35 - [TEST_STEP][PASSED] - click: Object: 'Object Repository/Page_KiboPush  Edit Message/i_New Message_convoTitle' is clicked on

2019-04-26 11:53:35 - [MESSAGE][PASSED] - Object: 'Object Repository/Page_KiboPush  Edit Message/i_New Message_convoTitle' is clicked on

2019-04-26 11:53:35 - [TEST_STEP][PASSED] - delay: Delayed 2 second(s)

2019-04-26 11:53:37 - [MESSAGE][PASSED] - Delayed 2 second(s)

2019-04-26 11:53:37 - [TEST_STEP][PASSED] - setText: Text 'Message1' is set on object 'Object Repository/Page_KiboPush  Edit Message/input_Rename_form-control'

2019-04-26 11:53:37 - [MESSAGE][PASSED] - Text 'Message1' is set on object 'Object Repository/Page_KiboPush  Edit Message/input_Rename_form-control'

2019-04-26 11:53:37 - [TEST_STEP][PASSED] - scrollToElement: Scroll to object 'Object Repository/Page_KiboPush  Edit Message/div_View Facebook guidelines r' successfully

2019-04-26 11:53:37 - [MESSAGE][PASSED] - Scroll to object 'Object Repository/Page_KiboPush  Edit Message/div_View Facebook guidelines r' successfully

2019-04-26 11:53:37 - [TEST_STEP][PASSED] - click: Object: 'Object Repository/Page_KiboPush  Edit Message/button_Save' is clicked on

2019-04-26 11:53:38 - [MESSAGE][PASSED] - Object: 'Object Repository/Page_KiboPush  Edit Message/button_Save' is clicked on

2019-04-26 11:53:38 - [TEST_STEP][PASSED] - delay: Delayed 3 second(s)

2019-04-26 11:53:41 - [MESSAGE][PASSED] - Delayed 3 second(s)

2019-04-26 11:53:41 - [TEST_STEP][PASSED] - click: Object: 'Object Repository/Page_KiboPush  Edit Message/div_Text' is clicked on

2019-04-26 11:53:41 - [MESSAGE][PASSED] - Object: 'Object Repository/Page_KiboPush  Edit Message/div_Text' is clicked on

2019-04-26 11:53:41 - [TEST_STEP][PASSED] - setText: Text 'Text1' is set on object 'Object Repository/Page_KiboPush  Edit Message/Set Text Component'

2019-04-26 11:53:41 - [MESSAGE][PASSED] - Text 'Text1' is set on object 'Object Repository/Page_KiboPush  Edit Message/Set Text Component'

2019-04-26 11:53:41 - [TEST_STEP][PASSED] - click: Object: 'Object Repository/Page_KiboPush  Edit Message/button_Save_1' is clicked on

2019-04-26 11:53:42 - [MESSAGE][PASSED] - Object: 'Object Repository/Page_KiboPush  Edit Message/button_Save_1' is clicked on

2019-04-26 11:53:42 - [TEST_STEP][PASSED] - scrollToPosition: Browser is scrolled to position x = 0, y = 0

2019-04-26 11:53:42 - [MESSAGE][PASSED] - Browser is scrolled to position x = 0, y = 0

2019-04-26 11:53:42 - [TEST_STEP][PASSED] - click: Object: 'Object Repository/Page_KiboPush  Edit Message/a_Back' is clicked on

2019-04-26 11:53:42 - [MESSAGE][PASSED] - Object: 'Object Repository/Page_KiboPush  Edit Message/a_Back' is clicked on

2019-04-26 11:53:42 - [MESSAGE][PASSED] - Call Test Case 'Test Cases/Sequence Messaging/TC0986' successfully

2019-04-26 11:53:42 - [TEST_STEP][PASSED] - click: Object: 'Object Repository/Page_KiboPush  Sequence Messaging/span_-- Edit (7)' is clicked on

2019-04-26 11:53:43 - [MESSAGE][PASSED] - Object: 'Object Repository/Page_KiboPush  Sequence Messaging/span_-- Edit (7)' is clicked on

2019-04-26 11:53:43 - [TEST_STEP][PASSED] - selectOptionByValue: All options with value 'sees' are selected in object 'Object Repository/Page_KiboPush  Sequence Messaging/select_Select Event seesclicks (2)'  using regular expression

2019-04-26 11:53:44 - [MESSAGE][PASSED] - All options with value 'sees' are selected in object 'Object Repository/Page_KiboPush  Sequence Messaging/select_Select Event seesclicks (2)'  using regular expression]]></system-out>
         <system-err><![CDATA[]]></system-err>
      </testcase>
      <testcase name="Test Cases/Sequence Messaging/TC1002" classname="Test Cases/Sequence Messaging/TC1002" status="PASSED">
         <system-out><![CDATA[2019-04-26 11:53:44 - [TEST_CASE][PASSED] - Test Cases/Sequence Messaging/TC1002: Test Cases/Sequence Messaging/TC1002

2019-04-26 11:53:44 - [TEST_STEP][PASSED] - callTestCase: Call Test Case 'Test Cases/Sequence Messaging/Test Edit Sequence Button' successfully

2019-04-26 11:53:44 - [TEST_CASE][PASSED] - Test Cases/Sequence Messaging/Test Edit Sequence Button: Test Cases/Sequence Messaging/Test Edit Sequence Button

2019-04-26 11:53:44 - [TEST_STEP][PASSED] - callTestCase: Call Test Case 'Test Cases/Sequence Messaging/TC0980' successfully

2019-04-26 11:53:44 - [TEST_CASE][PASSED] - Test Cases/Sequence Messaging/TC0980: Test Cases/Sequence Messaging/TC0980

2019-04-26 11:53:44 - [TEST_STEP][PASSED] - callTestCase: Call Test Case 'Test Cases/Sequence Messaging/Go_to_Seq_Messaging' successfully

2019-04-26 11:53:44 - [TEST_CASE][PASSED] - Test Cases/Sequence Messaging/Go_to_Seq_Messaging: Test Cases/Sequence Messaging/Go_to_Seq_Messaging

2019-04-26 11:53:44 - [TEST_STEP][PASSED] - callTestCase: Call Test Case 'Test Cases/Sequence Messaging/Login' successfully

2019-04-26 11:53:44 - [TEST_CASE][PASSED] - Test Cases/Sequence Messaging/Login: Test Cases/Sequence Messaging/Login

2019-04-26 11:53:44 - [TEST_STEP][PASSED] - callTestCase: Call Test Case 'Test Cases/s-sidebar_navigation/individualAccount/sequenceMessaging' successfully

2019-04-26 11:53:44 - [TEST_CASE][PASSED] - Test Cases/s-sidebar_navigation/individualAccount/sequenceMessaging: Test Cases/s-sidebar_navigation/individualAccount/sequenceMessaging

2019-04-26 11:53:44 - [TEST_STEP][PASSED] - click: Object: 'Object Repository/Page_KiboPush  Dashboard/span_Autoposting' is clicked on

2019-04-26 11:53:44 - [MESSAGE][PASSED] - Object: 'Object Repository/Page_KiboPush  Dashboard/span_Autoposting' is clicked on

2019-04-26 11:53:44 - [TEST_STEP][PASSED] - delay: Delayed 1 second(s)

2019-04-26 11:53:45 - [MESSAGE][PASSED] - Delayed 1 second(s)

2019-04-26 11:53:45 - [TEST_STEP][PASSED] - click: Object: 'Object Repository/Page_KiboPush  Dashboard/span_Sequence Messaging' is clicked on

2019-04-26 11:53:46 - [MESSAGE][PASSED] - Object: 'Object Repository/Page_KiboPush  Dashboard/span_Sequence Messaging' is clicked on

2019-04-26 11:53:46 - [TEST_STEP][PASSED] - scrollToPosition: Browser is scrolled to position x = 0, y = 0

2019-04-26 11:53:46 - [MESSAGE][PASSED] - Browser is scrolled to position x = 0, y = 0

2019-04-26 11:53:46 - [TEST_STEP][PASSED] - click: Object: 'Object Repository/Page_KiboPush  Sequence Messaging/h3_Sequence Messaging' is clicked on

2019-04-26 11:53:46 - [MESSAGE][PASSED] - Object: 'Object Repository/Page_KiboPush  Sequence Messaging/h3_Sequence Messaging' is clicked on

2019-04-26 11:53:46 - [TEST_STEP][PASSED] - delay: Delayed 1 second(s)

2019-04-26 11:53:47 - [MESSAGE][PASSED] - Delayed 1 second(s)

2019-04-26 11:53:47 - [MESSAGE][PASSED] - Call Test Case 'Test Cases/s-sidebar_navigation/individualAccount/sequenceMessaging' successfully

2019-04-26 11:53:47 - [MESSAGE][PASSED] - Call Test Case 'Test Cases/Sequence Messaging/Login' successfully

2019-04-26 11:53:47 - [MESSAGE][PASSED] - Call Test Case 'Test Cases/Sequence Messaging/Go_to_Seq_Messaging' successfully

2019-04-26 11:53:47 - [TEST_STEP][PASSED] - delay: Delayed 4 second(s)

2019-04-26 11:53:51 - [MESSAGE][PASSED] - Delayed 4 second(s)

2019-04-26 11:53:51 - [MESSAGE][PASSED] - Call Test Case 'Test Cases/Sequence Messaging/TC0980' successfully

2019-04-26 11:53:51 - [TEST_STEP][PASSED] - click: Object: 'Object Repository/Page_KiboPush  Sequence Messaging/span_Edit (2)' is clicked on

2019-04-26 11:53:52 - [MESSAGE][PASSED] - Object: 'Object Repository/Page_KiboPush  Sequence Messaging/span_Edit (2)' is clicked on

2019-04-26 11:53:52 - [TEST_STEP][PASSED] - delay: Delayed 2 second(s)

2019-04-26 11:53:54 - [MESSAGE][PASSED] - Delayed 2 second(s)

2019-04-26 11:53:54 - [MESSAGE][PASSED] - Call Test Case 'Test Cases/Sequence Messaging/Test Edit Sequence Button' successfully

2019-04-26 11:53:54 - [TEST_STEP][PASSED] - delay: Delayed 2 second(s)

2019-04-26 11:53:56 - [MESSAGE][PASSED] - Delayed 2 second(s)

2019-04-26 11:53:56 - [TEST_STEP][PASSED] - click: Object: 'Object Repository/Page_KiboPush  Sequence Messaging/span_-- Edit (6)' is clicked on

2019-04-26 11:53:56 - [MESSAGE][PASSED] - Object: 'Object Repository/Page_KiboPush  Sequence Messaging/span_-- Edit (6)' is clicked on

2019-04-26 11:53:56 - [TEST_STEP][PASSED] - delay: Delayed 2 second(s)

2019-04-26 11:53:58 - [MESSAGE][PASSED] - Delayed 2 second(s)]]></system-out>
         <system-err><![CDATA[]]></system-err>
      </testcase>
      <testcase name="Test Cases/Sequence Messaging/TC1003" classname="Test Cases/Sequence Messaging/TC1003" status="PASSED">
         <system-out><![CDATA[2019-04-26 11:53:58 - [TEST_CASE][PASSED] - Test Cases/Sequence Messaging/TC1003: Test Cases/Sequence Messaging/TC1003

2019-04-26 11:53:58 - [TEST_STEP][PASSED] - callTestCase: Call Test Case 'Test Cases/Sequence Messaging/TC1002' successfully

2019-04-26 11:53:58 - [TEST_CASE][PASSED] - Test Cases/Sequence Messaging/TC1002: Test Cases/Sequence Messaging/TC1002

2019-04-26 11:53:58 - [TEST_STEP][PASSED] - callTestCase: Call Test Case 'Test Cases/Sequence Messaging/Test Edit Sequence Button' successfully

2019-04-26 11:53:58 - [TEST_CASE][PASSED] - Test Cases/Sequence Messaging/Test Edit Sequence Button: Test Cases/Sequence Messaging/Test Edit Sequence Button

2019-04-26 11:53:58 - [TEST_STEP][PASSED] - callTestCase: Call Test Case 'Test Cases/Sequence Messaging/TC0980' successfully

2019-04-26 11:53:59 - [TEST_CASE][PASSED] - Test Cases/Sequence Messaging/TC0980: Test Cases/Sequence Messaging/TC0980

2019-04-26 11:53:59 - [TEST_STEP][PASSED] - callTestCase: Call Test Case 'Test Cases/Sequence Messaging/Go_to_Seq_Messaging' successfully

2019-04-26 11:53:59 - [TEST_CASE][PASSED] - Test Cases/Sequence Messaging/Go_to_Seq_Messaging: Test Cases/Sequence Messaging/Go_to_Seq_Messaging

2019-04-26 11:53:59 - [TEST_STEP][PASSED] - callTestCase: Call Test Case 'Test Cases/Sequence Messaging/Login' successfully

2019-04-26 11:53:59 - [TEST_CASE][PASSED] - Test Cases/Sequence Messaging/Login: Test Cases/Sequence Messaging/Login

2019-04-26 11:53:59 - [TEST_STEP][PASSED] - callTestCase: Call Test Case 'Test Cases/s-sidebar_navigation/individualAccount/sequenceMessaging' successfully

2019-04-26 11:53:59 - [TEST_CASE][PASSED] - Test Cases/s-sidebar_navigation/individualAccount/sequenceMessaging: Test Cases/s-sidebar_navigation/individualAccount/sequenceMessaging

2019-04-26 11:53:59 - [TEST_STEP][PASSED] - click: Object: 'Object Repository/Page_KiboPush  Dashboard/span_Autoposting' is clicked on

2019-04-26 11:53:59 - [MESSAGE][PASSED] - Object: 'Object Repository/Page_KiboPush  Dashboard/span_Autoposting' is clicked on

2019-04-26 11:53:59 - [TEST_STEP][PASSED] - delay: Delayed 1 second(s)

2019-04-26 11:54:00 - [MESSAGE][PASSED] - Delayed 1 second(s)

2019-04-26 11:54:00 - [TEST_STEP][PASSED] - click: Object: 'Object Repository/Page_KiboPush  Dashboard/span_Sequence Messaging' is clicked on

2019-04-26 11:54:01 - [MESSAGE][PASSED] - Object: 'Object Repository/Page_KiboPush  Dashboard/span_Sequence Messaging' is clicked on

2019-04-26 11:54:01 - [TEST_STEP][PASSED] - scrollToPosition: Browser is scrolled to position x = 0, y = 0

2019-04-26 11:54:01 - [MESSAGE][PASSED] - Browser is scrolled to position x = 0, y = 0

2019-04-26 11:54:01 - [TEST_STEP][PASSED] - click: Object: 'Object Repository/Page_KiboPush  Sequence Messaging/h3_Sequence Messaging' is clicked on

2019-04-26 11:54:01 - [MESSAGE][PASSED] - Object: 'Object Repository/Page_KiboPush  Sequence Messaging/h3_Sequence Messaging' is clicked on

2019-04-26 11:54:01 - [TEST_STEP][PASSED] - delay: Delayed 1 second(s)

2019-04-26 11:54:02 - [MESSAGE][PASSED] - Delayed 1 second(s)

2019-04-26 11:54:02 - [MESSAGE][PASSED] - Call Test Case 'Test Cases/s-sidebar_navigation/individualAccount/sequenceMessaging' successfully

2019-04-26 11:54:02 - [MESSAGE][PASSED] - Call Test Case 'Test Cases/Sequence Messaging/Login' successfully

2019-04-26 11:54:02 - [MESSAGE][PASSED] - Call Test Case 'Test Cases/Sequence Messaging/Go_to_Seq_Messaging' successfully

2019-04-26 11:54:02 - [TEST_STEP][PASSED] - delay: Delayed 4 second(s)

2019-04-26 11:54:06 - [MESSAGE][PASSED] - Delayed 4 second(s)

2019-04-26 11:54:06 - [MESSAGE][PASSED] - Call Test Case 'Test Cases/Sequence Messaging/TC0980' successfully

2019-04-26 11:54:06 - [TEST_STEP][PASSED] - click: Object: 'Object Repository/Page_KiboPush  Sequence Messaging/span_Edit (2)' is clicked on

2019-04-26 11:54:06 - [MESSAGE][PASSED] - Object: 'Object Repository/Page_KiboPush  Sequence Messaging/span_Edit (2)' is clicked on

2019-04-26 11:54:06 - [TEST_STEP][PASSED] - delay: Delayed 2 second(s)

2019-04-26 11:54:08 - [MESSAGE][PASSED] - Delayed 2 second(s)

2019-04-26 11:54:08 - [MESSAGE][PASSED] - Call Test Case 'Test Cases/Sequence Messaging/Test Edit Sequence Button' successfully

2019-04-26 11:54:08 - [TEST_STEP][PASSED] - delay: Delayed 2 second(s)

2019-04-26 11:54:10 - [MESSAGE][PASSED] - Delayed 2 second(s)

2019-04-26 11:54:10 - [TEST_STEP][PASSED] - click: Object: 'Object Repository/Page_KiboPush  Sequence Messaging/span_-- Edit (6)' is clicked on

2019-04-26 11:54:10 - [MESSAGE][PASSED] - Object: 'Object Repository/Page_KiboPush  Sequence Messaging/span_-- Edit (6)' is clicked on

2019-04-26 11:54:10 - [TEST_STEP][PASSED] - delay: Delayed 2 second(s)

2019-04-26 11:54:12 - [MESSAGE][PASSED] - Delayed 2 second(s)

2019-04-26 11:54:12 - [MESSAGE][PASSED] - Call Test Case 'Test Cases/Sequence Messaging/TC1002' successfully

2019-04-26 11:54:12 - [TEST_STEP][PASSED] - selectOptionByValue: All options with value 'first_name' are selected in object 'Object Repository/Page_KiboPush  Sequence Messaging/select_Select ConditionFirst N'  using regular expression

2019-04-26 11:54:13 - [MESSAGE][PASSED] - All options with value 'first_name' are selected in object 'Object Repository/Page_KiboPush  Sequence Messaging/select_Select ConditionFirst N'  using regular expression

2019-04-26 11:54:13 - [TEST_STEP][PASSED] - selectOptionByValue: All options with value 'is' are selected in object 'Object Repository/Page_KiboPush  Sequence Messaging/select_Select Criteriaiscontai'  using regular expression

2019-04-26 11:54:13 - [MESSAGE][PASSED] - All options with value 'is' are selected in object 'Object Repository/Page_KiboPush  Sequence Messaging/select_Select Criteriaiscontai'  using regular expression

2019-04-26 11:54:13 - [TEST_STEP][PASSED] - setText: Text 'Arveen' is set on object 'Object Repository/Page_KiboPush  Sequence Messaging/input_Value_text'

2019-04-26 11:54:14 - [MESSAGE][PASSED] - Text 'Arveen' is set on object 'Object Repository/Page_KiboPush  Sequence Messaging/input_Value_text'

2019-04-26 11:54:14 - [TEST_STEP][PASSED] - delay: Delayed 2 second(s)

2019-04-26 11:54:16 - [MESSAGE][PASSED] - Delayed 2 second(s)

2019-04-26 11:54:16 - [TEST_STEP][PASSED] - click: Object: 'Object Repository/Page_KiboPush  Sequence Messaging/button_Save (3)' is clicked on

2019-04-26 11:54:16 - [MESSAGE][PASSED] - Object: 'Object Repository/Page_KiboPush  Sequence Messaging/button_Save (3)' is clicked on]]></system-out>
         <system-err><![CDATA[]]></system-err>
      </testcase>
      <testcase name="Test Cases/Sequence Messaging/TC1004" classname="Test Cases/Sequence Messaging/TC1004" status="PASSED">
         <system-out><![CDATA[2019-04-26 11:54:16 - [TEST_CASE][PASSED] - Test Cases/Sequence Messaging/TC1004: Test Cases/Sequence Messaging/TC1004

2019-04-26 11:54:16 - [TEST_STEP][PASSED] - callTestCase: Call Test Case 'Test Cases/s-sidebar_navigation/individualAccount/arveen_production_login_kiboengage' successfully

2019-04-26 11:54:17 - [TEST_CASE][PASSED] - Test Cases/s-sidebar_navigation/individualAccount/arveen_production_login_kiboengage: Test Cases/s-sidebar_navigation/individualAccount/arveen_production_login_kiboengage

2019-04-26 11:54:17 - [TEST_STEP][PASSED] - openBrowser: Browser is opened with url: ''

2019-04-26 11:54:17 - [MESSAGE][WARNING] - A browser is already opened. Closing browser and opening a new one

2019-04-26 11:54:21 - [MESSAGE][PASSED] - Browser is opened with url: ''

2019-04-26 11:54:21 - [TEST_STEP][PASSED] - maximizeWindow: Current window maximized

2019-04-26 11:54:22 - [MESSAGE][PASSED] - Current window maximized

2019-04-26 11:54:22 - [TEST_STEP][PASSED] - navigateToUrl: Navigate to 'https://kiboengage.cloudkibo.com/' successfully

2019-04-26 11:54:36 - [MESSAGE][PASSED] - Navigate to 'https://kiboengage.cloudkibo.com/' successfully

2019-04-26 11:54:36 - [TEST_STEP][PASSED] - navigateToUrl: Navigate to 'https://accounts.cloudkibo.com/?continue=https://kiboengage.cloudkibo.com' successfully

2019-04-26 11:54:37 - [MESSAGE][PASSED] - Navigate to 'https://accounts.cloudkibo.com/?continue=https://kiboengage.cloudkibo.com' successfully

2019-04-26 11:54:37 - [TEST_STEP][PASSED] - click: Object: 'Object Repository/Page_CloudKibo/a_Login (2) (1) (1)' is clicked on

2019-04-26 11:54:38 - [MESSAGE][PASSED] - Object: 'Object Repository/Page_CloudKibo/a_Login (2) (1) (1)' is clicked on

2019-04-26 11:54:38 - [TEST_STEP][PASSED] - setText: Text 'individual@cloudkibo.com' is set on object 'Object Repository/Page_KiboPush/input_email (10) (1) (1)'

2019-04-26 11:54:38 - [MESSAGE][PASSED] - Text 'individual@cloudkibo.com' is set on object 'Object Repository/Page_KiboPush/input_email (10) (1) (1)'

2019-04-26 11:54:38 - [TEST_STEP][PASSED] - setEncryptedText: Text ****** has been set on object 'Object Repository/Page_CloudKibo/input_Sign In_password (7)'

2019-04-26 11:54:42 - [MESSAGE][PASSED] - Text ****** has been set on object 'Object Repository/Page_CloudKibo/input_Sign In_password (7)'

2019-04-26 11:54:42 - [TEST_STEP][PASSED] - click: Object: 'Object Repository/Page_KiboPush/button_Sign In (10) (1) (2)' is clicked on

2019-04-26 11:54:42 - [MESSAGE][PASSED] - Object: 'Object Repository/Page_KiboPush/button_Sign In (10) (1) (2)' is clicked on

2019-04-26 11:54:42 - [TEST_STEP][PASSED] - click: Object: 'Object Repository/Page_KiboPush  Dashboard/h3_Dashboard (57)' is clicked on

2019-04-26 11:55:00 - [MESSAGE][PASSED] - Object: 'Object Repository/Page_KiboPush  Dashboard/h3_Dashboard (57)' is clicked on

2019-04-26 11:55:00 - [TEST_STEP][PASSED] - delay: Delayed 3 second(s)

2019-04-26 11:55:03 - [MESSAGE][PASSED] - Delayed 3 second(s)

2019-04-26 11:55:03 - [TEST_STEP][PASSED] - click: Object: 'Object Repository/Page_KiboEngage  Dashboard/a_SMS (2) (1) (1) (1) (3)' is clicked on

2019-04-26 11:55:04 - [MESSAGE][PASSED] - Object: 'Object Repository/Page_KiboEngage  Dashboard/a_SMS (2) (1) (1) (1) (3)' is clicked on

2019-04-26 11:55:04 - [TEST_STEP][PASSED] - delay: Delayed 2 second(s)

2019-04-26 11:55:06 - [MESSAGE][PASSED] - Delayed 2 second(s)

2019-04-26 11:55:06 - [TEST_STEP][PASSED] - click: Object: 'Object Repository/Page_KiboEngage  Dashboard/span_Messenger (1) (1) (1) (3)' is clicked on

2019-04-26 11:55:06 - [MESSAGE][PASSED] - Object: 'Object Repository/Page_KiboEngage  Dashboard/span_Messenger (1) (1) (1) (3)' is clicked on

2019-04-26 11:55:06 - [TEST_STEP][PASSED] - delay: Delayed 2 second(s)

2019-04-26 11:55:08 - [MESSAGE][PASSED] - Delayed 2 second(s)

2019-04-26 11:55:08 - [MESSAGE][PASSED] - Call Test Case 'Test Cases/s-sidebar_navigation/individualAccount/arveen_production_login_kiboengage' successfully

2019-04-26 11:55:08 - [TEST_STEP][PASSED] - callTestCase: Call Test Case 'Test Cases/Sequence Messaging/open_automation' successfully

2019-04-26 11:55:08 - [TEST_CASE][PASSED] - Test Cases/Sequence Messaging/open_automation: Test Cases/Sequence Messaging/open_automation

2019-04-26 11:55:08 - [TEST_STEP][PASSED] - click: Object: 'Object Repository/Page_KiboPush  Dashboard/span_Automation (1) (1)' is clicked on

2019-04-26 11:55:08 - [MESSAGE][PASSED] - Object: 'Object Repository/Page_KiboPush  Dashboard/span_Automation (1) (1)' is clicked on

2019-04-26 11:55:08 - [TEST_STEP][PASSED] - delay: Delayed 1 second(s)

2019-04-26 11:55:09 - [MESSAGE][PASSED] - Delayed 1 second(s)

2019-04-26 11:55:09 - [MESSAGE][PASSED] - Call Test Case 'Test Cases/Sequence Messaging/open_automation' successfully

2019-04-26 11:55:09 - [TEST_STEP][PASSED] - callTestCase: Call Test Case 'Test Cases/Sequence Messaging/TC1002' successfully

2019-04-26 11:55:10 - [TEST_CASE][PASSED] - Test Cases/Sequence Messaging/TC1002: Test Cases/Sequence Messaging/TC1002

2019-04-26 11:55:10 - [TEST_STEP][PASSED] - callTestCase: Call Test Case 'Test Cases/Sequence Messaging/Test Edit Sequence Button' successfully

2019-04-26 11:55:10 - [TEST_CASE][PASSED] - Test Cases/Sequence Messaging/Test Edit Sequence Button: Test Cases/Sequence Messaging/Test Edit Sequence Button

2019-04-26 11:55:10 - [TEST_STEP][PASSED] - callTestCase: Call Test Case 'Test Cases/Sequence Messaging/TC0980' successfully

2019-04-26 11:55:10 - [TEST_CASE][PASSED] - Test Cases/Sequence Messaging/TC0980: Test Cases/Sequence Messaging/TC0980

2019-04-26 11:55:10 - [TEST_STEP][PASSED] - callTestCase: Call Test Case 'Test Cases/Sequence Messaging/Go_to_Seq_Messaging' successfully

2019-04-26 11:55:10 - [TEST_CASE][PASSED] - Test Cases/Sequence Messaging/Go_to_Seq_Messaging: Test Cases/Sequence Messaging/Go_to_Seq_Messaging

2019-04-26 11:55:10 - [TEST_STEP][PASSED] - callTestCase: Call Test Case 'Test Cases/Sequence Messaging/Login' successfully

2019-04-26 11:55:10 - [TEST_CASE][PASSED] - Test Cases/Sequence Messaging/Login: Test Cases/Sequence Messaging/Login

2019-04-26 11:55:10 - [TEST_STEP][PASSED] - callTestCase: Call Test Case 'Test Cases/s-sidebar_navigation/individualAccount/sequenceMessaging' successfully

2019-04-26 11:55:10 - [TEST_CASE][PASSED] - Test Cases/s-sidebar_navigation/individualAccount/sequenceMessaging: Test Cases/s-sidebar_navigation/individualAccount/sequenceMessaging

2019-04-26 11:55:10 - [TEST_STEP][PASSED] - click: Object: 'Object Repository/Page_KiboPush  Dashboard/span_Autoposting' is clicked on

2019-04-26 11:55:11 - [MESSAGE][PASSED] - Object: 'Object Repository/Page_KiboPush  Dashboard/span_Autoposting' is clicked on

2019-04-26 11:55:11 - [TEST_STEP][PASSED] - delay: Delayed 1 second(s)

2019-04-26 11:55:12 - [MESSAGE][PASSED] - Delayed 1 second(s)

2019-04-26 11:55:12 - [TEST_STEP][PASSED] - click: Object: 'Object Repository/Page_KiboPush  Dashboard/span_Sequence Messaging' is clicked on

2019-04-26 11:55:13 - [MESSAGE][PASSED] - Object: 'Object Repository/Page_KiboPush  Dashboard/span_Sequence Messaging' is clicked on

2019-04-26 11:55:13 - [TEST_STEP][PASSED] - scrollToPosition: Browser is scrolled to position x = 0, y = 0

2019-04-26 11:55:13 - [MESSAGE][PASSED] - Browser is scrolled to position x = 0, y = 0

2019-04-26 11:55:13 - [TEST_STEP][PASSED] - click: Object: 'Object Repository/Page_KiboPush  Sequence Messaging/h3_Sequence Messaging' is clicked on

2019-04-26 11:55:13 - [MESSAGE][PASSED] - Object: 'Object Repository/Page_KiboPush  Sequence Messaging/h3_Sequence Messaging' is clicked on

2019-04-26 11:55:13 - [TEST_STEP][PASSED] - delay: Delayed 1 second(s)

2019-04-26 11:55:14 - [MESSAGE][PASSED] - Delayed 1 second(s)

2019-04-26 11:55:14 - [MESSAGE][PASSED] - Call Test Case 'Test Cases/s-sidebar_navigation/individualAccount/sequenceMessaging' successfully

2019-04-26 11:55:14 - [MESSAGE][PASSED] - Call Test Case 'Test Cases/Sequence Messaging/Login' successfully

2019-04-26 11:55:14 - [MESSAGE][PASSED] - Call Test Case 'Test Cases/Sequence Messaging/Go_to_Seq_Messaging' successfully

2019-04-26 11:55:14 - [TEST_STEP][PASSED] - delay: Delayed 4 second(s)

2019-04-26 11:55:18 - [MESSAGE][PASSED] - Delayed 4 second(s)

2019-04-26 11:55:18 - [MESSAGE][PASSED] - Call Test Case 'Test Cases/Sequence Messaging/TC0980' successfully

2019-04-26 11:55:18 - [TEST_STEP][PASSED] - click: Object: 'Object Repository/Page_KiboPush  Sequence Messaging/span_Edit (2)' is clicked on

2019-04-26 11:55:18 - [MESSAGE][PASSED] - Object: 'Object Repository/Page_KiboPush  Sequence Messaging/span_Edit (2)' is clicked on

2019-04-26 11:55:18 - [TEST_STEP][PASSED] - delay: Delayed 2 second(s)

2019-04-26 11:55:20 - [MESSAGE][PASSED] - Delayed 2 second(s)

2019-04-26 11:55:20 - [MESSAGE][PASSED] - Call Test Case 'Test Cases/Sequence Messaging/Test Edit Sequence Button' successfully

2019-04-26 11:55:20 - [TEST_STEP][PASSED] - delay: Delayed 2 second(s)

2019-04-26 11:55:22 - [MESSAGE][PASSED] - Delayed 2 second(s)

2019-04-26 11:55:22 - [TEST_STEP][PASSED] - click: Object: 'Object Repository/Page_KiboPush  Sequence Messaging/span_-- Edit (6)' is clicked on

2019-04-26 11:55:23 - [MESSAGE][PASSED] - Object: 'Object Repository/Page_KiboPush  Sequence Messaging/span_-- Edit (6)' is clicked on

2019-04-26 11:55:23 - [TEST_STEP][PASSED] - delay: Delayed 2 second(s)

2019-04-26 11:55:25 - [MESSAGE][PASSED] - Delayed 2 second(s)

2019-04-26 11:55:25 - [MESSAGE][PASSED] - Call Test Case 'Test Cases/Sequence Messaging/TC1002' successfully

2019-04-26 11:55:25 - [TEST_STEP][PASSED] - selectOptionByValue: All options with value 'page' are selected in object 'Object Repository/Page_KiboPush  Sequence Messaging/select_Select ConditionFirst N (2) (1) (1)'  using regular expression

2019-04-26 11:55:25 - [MESSAGE][PASSED] - All options with value 'page' are selected in object 'Object Repository/Page_KiboPush  Sequence Messaging/select_Select ConditionFirst N (2) (1) (1)'  using regular expression

2019-04-26 11:55:25 - [TEST_STEP][PASSED] - selectOptionByValue: All options with value 'is' are selected in object 'Object Repository/Page_KiboPush  Sequence Messaging/select_Select Criteriais (1) (1)'  using regular expression

2019-04-26 11:55:26 - [MESSAGE][PASSED] - All options with value 'is' are selected in object 'Object Repository/Page_KiboPush  Sequence Messaging/select_Select Criteriais (1) (1)'  using regular expression

2019-04-26 11:55:26 - [TEST_STEP][PASSED] - selectOptionByValue: All options with value '2090553931018635' are selected in object 'Object Repository/Page_KiboEngage  Edit Sequence/select_Select a PageTest5Educa'  using regular expression

2019-04-26 11:55:26 - [MESSAGE][PASSED] - All options with value '2090553931018635' are selected in object 'Object Repository/Page_KiboEngage  Edit Sequence/select_Select a PageTest5Educa'  using regular expression

2019-04-26 11:55:26 - [TEST_STEP][PASSED] - click: Object: 'Object Repository/Page_KiboEngage  Edit Sequence/button_Save' is clicked on

2019-04-26 11:55:26 - [MESSAGE][PASSED] - Object: 'Object Repository/Page_KiboEngage  Edit Sequence/button_Save' is clicked on]]></system-out>
         <system-err><![CDATA[]]></system-err>
      </testcase>
      <testcase name="Test Cases/Sequence Messaging/TC1005" classname="Test Cases/Sequence Messaging/TC1005" status="PASSED">
         <system-out><![CDATA[2019-04-26 11:55:26 - [TEST_CASE][PASSED] - Test Cases/Sequence Messaging/TC1005: Test Cases/Sequence Messaging/TC1005

2019-04-26 11:55:27 - [TEST_STEP][PASSED] - callTestCase: Call Test Case 'Test Cases/Sequence Messaging/TC1002' successfully

2019-04-26 11:55:27 - [TEST_CASE][PASSED] - Test Cases/Sequence Messaging/TC1002: Test Cases/Sequence Messaging/TC1002

2019-04-26 11:55:27 - [TEST_STEP][PASSED] - callTestCase: Call Test Case 'Test Cases/Sequence Messaging/Test Edit Sequence Button' successfully

2019-04-26 11:55:27 - [TEST_CASE][PASSED] - Test Cases/Sequence Messaging/Test Edit Sequence Button: Test Cases/Sequence Messaging/Test Edit Sequence Button

2019-04-26 11:55:27 - [TEST_STEP][PASSED] - callTestCase: Call Test Case 'Test Cases/Sequence Messaging/TC0980' successfully

2019-04-26 11:55:27 - [TEST_CASE][PASSED] - Test Cases/Sequence Messaging/TC0980: Test Cases/Sequence Messaging/TC0980

2019-04-26 11:55:27 - [TEST_STEP][PASSED] - callTestCase: Call Test Case 'Test Cases/Sequence Messaging/Go_to_Seq_Messaging' successfully

2019-04-26 11:55:27 - [TEST_CASE][PASSED] - Test Cases/Sequence Messaging/Go_to_Seq_Messaging: Test Cases/Sequence Messaging/Go_to_Seq_Messaging

2019-04-26 11:55:27 - [TEST_STEP][PASSED] - callTestCase: Call Test Case 'Test Cases/Sequence Messaging/Login' successfully

2019-04-26 11:55:27 - [TEST_CASE][PASSED] - Test Cases/Sequence Messaging/Login: Test Cases/Sequence Messaging/Login

2019-04-26 11:55:27 - [TEST_STEP][PASSED] - callTestCase: Call Test Case 'Test Cases/s-sidebar_navigation/individualAccount/sequenceMessaging' successfully

2019-04-26 11:55:27 - [TEST_CASE][PASSED] - Test Cases/s-sidebar_navigation/individualAccount/sequenceMessaging: Test Cases/s-sidebar_navigation/individualAccount/sequenceMessaging

2019-04-26 11:55:27 - [TEST_STEP][PASSED] - click: Object: 'Object Repository/Page_KiboPush  Dashboard/span_Autoposting' is clicked on

2019-04-26 11:55:27 - [MESSAGE][PASSED] - Object: 'Object Repository/Page_KiboPush  Dashboard/span_Autoposting' is clicked on

2019-04-26 11:55:27 - [TEST_STEP][PASSED] - delay: Delayed 1 second(s)

2019-04-26 11:55:28 - [MESSAGE][PASSED] - Delayed 1 second(s)

2019-04-26 11:55:28 - [TEST_STEP][PASSED] - click: Object: 'Object Repository/Page_KiboPush  Dashboard/span_Sequence Messaging' is clicked on

2019-04-26 11:55:28 - [MESSAGE][PASSED] - Object: 'Object Repository/Page_KiboPush  Dashboard/span_Sequence Messaging' is clicked on

2019-04-26 11:55:28 - [TEST_STEP][PASSED] - scrollToPosition: Browser is scrolled to position x = 0, y = 0

2019-04-26 11:55:29 - [MESSAGE][PASSED] - Browser is scrolled to position x = 0, y = 0

2019-04-26 11:55:29 - [TEST_STEP][PASSED] - click: Object: 'Object Repository/Page_KiboPush  Sequence Messaging/h3_Sequence Messaging' is clicked on

2019-04-26 11:55:29 - [MESSAGE][PASSED] - Object: 'Object Repository/Page_KiboPush  Sequence Messaging/h3_Sequence Messaging' is clicked on

2019-04-26 11:55:29 - [TEST_STEP][PASSED] - delay: Delayed 1 second(s)

2019-04-26 11:55:30 - [MESSAGE][PASSED] - Delayed 1 second(s)

2019-04-26 11:55:30 - [MESSAGE][PASSED] - Call Test Case 'Test Cases/s-sidebar_navigation/individualAccount/sequenceMessaging' successfully

2019-04-26 11:55:30 - [MESSAGE][PASSED] - Call Test Case 'Test Cases/Sequence Messaging/Login' successfully

2019-04-26 11:55:30 - [MESSAGE][PASSED] - Call Test Case 'Test Cases/Sequence Messaging/Go_to_Seq_Messaging' successfully

2019-04-26 11:55:30 - [TEST_STEP][PASSED] - delay: Delayed 4 second(s)

2019-04-26 11:55:34 - [MESSAGE][PASSED] - Delayed 4 second(s)

2019-04-26 11:55:34 - [MESSAGE][PASSED] - Call Test Case 'Test Cases/Sequence Messaging/TC0980' successfully

2019-04-26 11:55:34 - [TEST_STEP][PASSED] - click: Object: 'Object Repository/Page_KiboPush  Sequence Messaging/span_Edit (2)' is clicked on

2019-04-26 11:55:34 - [MESSAGE][PASSED] - Object: 'Object Repository/Page_KiboPush  Sequence Messaging/span_Edit (2)' is clicked on

2019-04-26 11:55:34 - [TEST_STEP][PASSED] - delay: Delayed 2 second(s)

2019-04-26 11:55:36 - [MESSAGE][PASSED] - Delayed 2 second(s)

2019-04-26 11:55:36 - [MESSAGE][PASSED] - Call Test Case 'Test Cases/Sequence Messaging/Test Edit Sequence Button' successfully

2019-04-26 11:55:36 - [TEST_STEP][PASSED] - delay: Delayed 2 second(s)

2019-04-26 11:55:38 - [MESSAGE][PASSED] - Delayed 2 second(s)

2019-04-26 11:55:38 - [TEST_STEP][PASSED] - click: Object: 'Object Repository/Page_KiboPush  Sequence Messaging/span_-- Edit (6)' is clicked on

2019-04-26 11:55:38 - [MESSAGE][PASSED] - Object: 'Object Repository/Page_KiboPush  Sequence Messaging/span_-- Edit (6)' is clicked on

2019-04-26 11:55:38 - [TEST_STEP][PASSED] - delay: Delayed 2 second(s)

2019-04-26 11:55:40 - [MESSAGE][PASSED] - Delayed 2 second(s)

2019-04-26 11:55:40 - [MESSAGE][PASSED] - Call Test Case 'Test Cases/Sequence Messaging/TC1002' successfully

2019-04-26 11:55:40 - [TEST_STEP][PASSED] - selectOptionByValue: All options with value 'gender' are selected in object 'Object Repository/Page_KiboPush  Sequence Messaging/select_Select ConditionFirst N (3)'  using regular expression

2019-04-26 11:55:41 - [MESSAGE][PASSED] - All options with value 'gender' are selected in object 'Object Repository/Page_KiboPush  Sequence Messaging/select_Select ConditionFirst N (3)'  using regular expression

2019-04-26 11:55:41 - [TEST_STEP][PASSED] - selectOptionByValue: All options with value 'male' are selected in object 'Object Repository/Page_KiboPush  Sequence Messaging/select_Select a Gendermalefema'  using regular expression

2019-04-26 11:55:41 - [MESSAGE][PASSED] - All options with value 'male' are selected in object 'Object Repository/Page_KiboPush  Sequence Messaging/select_Select a Gendermalefema'  using regular expression

2019-04-26 11:55:41 - [TEST_STEP][PASSED] - delay: Delayed 2 second(s)

2019-04-26 11:55:43 - [MESSAGE][PASSED] - Delayed 2 second(s)

2019-04-26 11:55:43 - [TEST_STEP][PASSED] - click: Object: 'Object Repository/Page_KiboPush  Sequence Messaging/button_Save (6)' is clicked on

2019-04-26 11:55:44 - [MESSAGE][PASSED] - Object: 'Object Repository/Page_KiboPush  Sequence Messaging/button_Save (6)' is clicked on]]></system-out>
         <system-err><![CDATA[]]></system-err>
      </testcase>
      <testcase name="Test Cases/Sequence Messaging/TC1006" classname="Test Cases/Sequence Messaging/TC1006" status="PASSED">
         <system-out><![CDATA[2019-04-26 11:55:44 - [TEST_CASE][PASSED] - Test Cases/Sequence Messaging/TC1006: Test Cases/Sequence Messaging/TC1006

2019-04-26 11:55:44 - [TEST_STEP][PASSED] - callTestCase: Call Test Case 'Test Cases/Sequence Messaging/TC1002' successfully

2019-04-26 11:55:44 - [TEST_CASE][PASSED] - Test Cases/Sequence Messaging/TC1002: Test Cases/Sequence Messaging/TC1002

2019-04-26 11:55:44 - [TEST_STEP][PASSED] - callTestCase: Call Test Case 'Test Cases/Sequence Messaging/Test Edit Sequence Button' successfully

2019-04-26 11:55:44 - [TEST_CASE][PASSED] - Test Cases/Sequence Messaging/Test Edit Sequence Button: Test Cases/Sequence Messaging/Test Edit Sequence Button

2019-04-26 11:55:44 - [TEST_STEP][PASSED] - callTestCase: Call Test Case 'Test Cases/Sequence Messaging/TC0980' successfully

2019-04-26 11:55:44 - [TEST_CASE][PASSED] - Test Cases/Sequence Messaging/TC0980: Test Cases/Sequence Messaging/TC0980

2019-04-26 11:55:44 - [TEST_STEP][PASSED] - callTestCase: Call Test Case 'Test Cases/Sequence Messaging/Go_to_Seq_Messaging' successfully

2019-04-26 11:55:44 - [TEST_CASE][PASSED] - Test Cases/Sequence Messaging/Go_to_Seq_Messaging: Test Cases/Sequence Messaging/Go_to_Seq_Messaging

2019-04-26 11:55:44 - [TEST_STEP][PASSED] - callTestCase: Call Test Case 'Test Cases/Sequence Messaging/Login' successfully

2019-04-26 11:55:44 - [TEST_CASE][PASSED] - Test Cases/Sequence Messaging/Login: Test Cases/Sequence Messaging/Login

2019-04-26 11:55:44 - [TEST_STEP][PASSED] - callTestCase: Call Test Case 'Test Cases/s-sidebar_navigation/individualAccount/sequenceMessaging' successfully

2019-04-26 11:55:44 - [TEST_CASE][PASSED] - Test Cases/s-sidebar_navigation/individualAccount/sequenceMessaging: Test Cases/s-sidebar_navigation/individualAccount/sequenceMessaging

2019-04-26 11:55:44 - [TEST_STEP][PASSED] - click: Object: 'Object Repository/Page_KiboPush  Dashboard/span_Autoposting' is clicked on

2019-04-26 11:55:45 - [MESSAGE][PASSED] - Object: 'Object Repository/Page_KiboPush  Dashboard/span_Autoposting' is clicked on

2019-04-26 11:55:45 - [TEST_STEP][PASSED] - delay: Delayed 1 second(s)

2019-04-26 11:55:46 - [MESSAGE][PASSED] - Delayed 1 second(s)

2019-04-26 11:55:46 - [TEST_STEP][PASSED] - click: Object: 'Object Repository/Page_KiboPush  Dashboard/span_Sequence Messaging' is clicked on

2019-04-26 11:55:46 - [MESSAGE][PASSED] - Object: 'Object Repository/Page_KiboPush  Dashboard/span_Sequence Messaging' is clicked on

2019-04-26 11:55:46 - [TEST_STEP][PASSED] - scrollToPosition: Browser is scrolled to position x = 0, y = 0

2019-04-26 11:55:47 - [MESSAGE][PASSED] - Browser is scrolled to position x = 0, y = 0

2019-04-26 11:55:47 - [TEST_STEP][PASSED] - click: Object: 'Object Repository/Page_KiboPush  Sequence Messaging/h3_Sequence Messaging' is clicked on

2019-04-26 11:55:47 - [MESSAGE][PASSED] - Object: 'Object Repository/Page_KiboPush  Sequence Messaging/h3_Sequence Messaging' is clicked on

2019-04-26 11:55:47 - [TEST_STEP][PASSED] - delay: Delayed 1 second(s)

2019-04-26 11:55:48 - [MESSAGE][PASSED] - Delayed 1 second(s)

2019-04-26 11:55:48 - [MESSAGE][PASSED] - Call Test Case 'Test Cases/s-sidebar_navigation/individualAccount/sequenceMessaging' successfully

2019-04-26 11:55:48 - [MESSAGE][PASSED] - Call Test Case 'Test Cases/Sequence Messaging/Login' successfully

2019-04-26 11:55:48 - [MESSAGE][PASSED] - Call Test Case 'Test Cases/Sequence Messaging/Go_to_Seq_Messaging' successfully

2019-04-26 11:55:48 - [TEST_STEP][PASSED] - delay: Delayed 4 second(s)

2019-04-26 11:55:52 - [MESSAGE][PASSED] - Delayed 4 second(s)

2019-04-26 11:55:52 - [MESSAGE][PASSED] - Call Test Case 'Test Cases/Sequence Messaging/TC0980' successfully

2019-04-26 11:55:53 - [TEST_STEP][PASSED] - click: Object: 'Object Repository/Page_KiboPush  Sequence Messaging/span_Edit (2)' is clicked on

2019-04-26 11:55:53 - [MESSAGE][PASSED] - Object: 'Object Repository/Page_KiboPush  Sequence Messaging/span_Edit (2)' is clicked on

2019-04-26 11:55:53 - [TEST_STEP][PASSED] - delay: Delayed 2 second(s)

2019-04-26 11:55:55 - [MESSAGE][PASSED] - Delayed 2 second(s)

2019-04-26 11:55:55 - [MESSAGE][PASSED] - Call Test Case 'Test Cases/Sequence Messaging/Test Edit Sequence Button' successfully

2019-04-26 11:55:55 - [TEST_STEP][PASSED] - delay: Delayed 2 second(s)

2019-04-26 11:55:57 - [MESSAGE][PASSED] - Delayed 2 second(s)

2019-04-26 11:55:57 - [TEST_STEP][PASSED] - click: Object: 'Object Repository/Page_KiboPush  Sequence Messaging/span_-- Edit (6)' is clicked on

2019-04-26 11:55:57 - [MESSAGE][PASSED] - Object: 'Object Repository/Page_KiboPush  Sequence Messaging/span_-- Edit (6)' is clicked on

2019-04-26 11:55:57 - [TEST_STEP][PASSED] - delay: Delayed 2 second(s)

2019-04-26 11:55:59 - [MESSAGE][PASSED] - Delayed 2 second(s)

2019-04-26 11:55:59 - [MESSAGE][PASSED] - Call Test Case 'Test Cases/Sequence Messaging/TC1002' successfully

2019-04-26 11:55:59 - [TEST_STEP][PASSED] - selectOptionByValue: All options with value 'locale' are selected in object 'Object Repository/Page_KiboPush  Sequence Messaging/select_Select ConditionFirst N (4) (1) (1)'  using regular expression

2019-04-26 11:56:00 - [MESSAGE][PASSED] - All options with value 'locale' are selected in object 'Object Repository/Page_KiboPush  Sequence Messaging/select_Select ConditionFirst N (4) (1) (1)'  using regular expression

2019-04-26 11:56:00 - [TEST_STEP][PASSED] - selectOptionByValue: All options with value 'en_US' are selected in object 'Object Repository/Page_KiboPush  Sequence Messaging/select_Select a Localeen_USen_ (2)'  using regular expression

2019-04-26 11:56:00 - [MESSAGE][PASSED] - All options with value 'en_US' are selected in object 'Object Repository/Page_KiboPush  Sequence Messaging/select_Select a Localeen_USen_ (2)'  using regular expression

2019-04-26 11:56:00 - [TEST_STEP][PASSED] - click: Object: 'Object Repository/Page_KiboPush  Sequence Messaging/button_Save (17)' is clicked on

2019-04-26 11:56:01 - [MESSAGE][PASSED] - Object: 'Object Repository/Page_KiboPush  Sequence Messaging/button_Save (17)' is clicked on]]></system-out>
         <system-err><![CDATA[]]></system-err>
      </testcase>
      <testcase name="Test Cases/Sequence Messaging/TC1007" classname="Test Cases/Sequence Messaging/TC1007" status="PASSED">
         <system-out><![CDATA[2019-04-26 11:56:01 - [TEST_CASE][PASSED] - Test Cases/Sequence Messaging/TC1007: Test Cases/Sequence Messaging/TC1007

2019-04-26 11:56:01 - [TEST_STEP][PASSED] - callTestCase: Call Test Case 'Test Cases/s-sidebar_navigation/individualAccount/arveen_production_login_kiboengage' successfully

2019-04-26 11:56:01 - [TEST_CASE][PASSED] - Test Cases/s-sidebar_navigation/individualAccount/arveen_production_login_kiboengage: Test Cases/s-sidebar_navigation/individualAccount/arveen_production_login_kiboengage

2019-04-26 11:56:01 - [TEST_STEP][PASSED] - openBrowser: Browser is opened with url: ''

2019-04-26 11:56:01 - [MESSAGE][WARNING] - A browser is already opened. Closing browser and opening a new one

2019-04-26 11:56:04 - [MESSAGE][PASSED] - Browser is opened with url: ''

2019-04-26 11:56:04 - [TEST_STEP][PASSED] - maximizeWindow: Current window maximized

2019-04-26 11:56:05 - [MESSAGE][PASSED] - Current window maximized

2019-04-26 11:56:05 - [TEST_STEP][PASSED] - navigateToUrl: Navigate to 'https://kiboengage.cloudkibo.com/' successfully

2019-04-26 11:56:25 - [MESSAGE][PASSED] - Navigate to 'https://kiboengage.cloudkibo.com/' successfully

2019-04-26 11:56:25 - [TEST_STEP][PASSED] - navigateToUrl: Navigate to 'https://accounts.cloudkibo.com/?continue=https://kiboengage.cloudkibo.com' successfully

2019-04-26 11:56:26 - [MESSAGE][PASSED] - Navigate to 'https://accounts.cloudkibo.com/?continue=https://kiboengage.cloudkibo.com' successfully

2019-04-26 11:56:26 - [TEST_STEP][PASSED] - click: Object: 'Object Repository/Page_CloudKibo/a_Login (2) (1) (1)' is clicked on

2019-04-26 11:56:28 - [MESSAGE][PASSED] - Object: 'Object Repository/Page_CloudKibo/a_Login (2) (1) (1)' is clicked on

2019-04-26 11:56:28 - [TEST_STEP][PASSED] - setText: Text 'individual@cloudkibo.com' is set on object 'Object Repository/Page_KiboPush/input_email (10) (1) (1)'

2019-04-26 11:56:28 - [MESSAGE][PASSED] - Text 'individual@cloudkibo.com' is set on object 'Object Repository/Page_KiboPush/input_email (10) (1) (1)'

2019-04-26 11:56:28 - [TEST_STEP][PASSED] - setEncryptedText: Text ****** has been set on object 'Object Repository/Page_CloudKibo/input_Sign In_password (7)'

2019-04-26 11:56:28 - [MESSAGE][PASSED] - Text ****** has been set on object 'Object Repository/Page_CloudKibo/input_Sign In_password (7)'

2019-04-26 11:56:28 - [TEST_STEP][PASSED] - click: Object: 'Object Repository/Page_KiboPush/button_Sign In (10) (1) (2)' is clicked on

2019-04-26 11:56:29 - [MESSAGE][PASSED] - Object: 'Object Repository/Page_KiboPush/button_Sign In (10) (1) (2)' is clicked on

2019-04-26 11:56:29 - [TEST_STEP][PASSED] - click: Object: 'Object Repository/Page_KiboPush  Dashboard/h3_Dashboard (57)' is clicked on

2019-04-26 11:56:49 - [MESSAGE][PASSED] - Object: 'Object Repository/Page_KiboPush  Dashboard/h3_Dashboard (57)' is clicked on

2019-04-26 11:56:49 - [TEST_STEP][PASSED] - delay: Delayed 3 second(s)

2019-04-26 11:56:52 - [MESSAGE][PASSED] - Delayed 3 second(s)

2019-04-26 11:56:52 - [TEST_STEP][PASSED] - click: Object: 'Object Repository/Page_KiboEngage  Dashboard/a_SMS (2) (1) (1) (1) (3)' is clicked on

2019-04-26 11:56:52 - [MESSAGE][PASSED] - Object: 'Object Repository/Page_KiboEngage  Dashboard/a_SMS (2) (1) (1) (1) (3)' is clicked on

2019-04-26 11:56:52 - [TEST_STEP][PASSED] - delay: Delayed 2 second(s)

2019-04-26 11:56:54 - [MESSAGE][PASSED] - Delayed 2 second(s)

2019-04-26 11:56:54 - [TEST_STEP][PASSED] - click: Object: 'Object Repository/Page_KiboEngage  Dashboard/span_Messenger (1) (1) (1) (3)' is clicked on

2019-04-26 11:56:54 - [MESSAGE][PASSED] - Object: 'Object Repository/Page_KiboEngage  Dashboard/span_Messenger (1) (1) (1) (3)' is clicked on

2019-04-26 11:56:54 - [TEST_STEP][PASSED] - delay: Delayed 2 second(s)

2019-04-26 11:56:56 - [MESSAGE][PASSED] - Delayed 2 second(s)

2019-04-26 11:56:56 - [MESSAGE][PASSED] - Call Test Case 'Test Cases/s-sidebar_navigation/individualAccount/arveen_production_login_kiboengage' successfully

2019-04-26 11:56:56 - [TEST_STEP][PASSED] - callTestCase: Call Test Case 'Test Cases/Sequence Messaging/open_automation' successfully

2019-04-26 11:56:56 - [TEST_CASE][PASSED] - Test Cases/Sequence Messaging/open_automation: Test Cases/Sequence Messaging/open_automation

2019-04-26 11:56:56 - [TEST_STEP][PASSED] - click: Object: 'Object Repository/Page_KiboPush  Dashboard/span_Automation (1) (1)' is clicked on

2019-04-26 11:56:56 - [MESSAGE][PASSED] - Object: 'Object Repository/Page_KiboPush  Dashboard/span_Automation (1) (1)' is clicked on

2019-04-26 11:56:56 - [TEST_STEP][PASSED] - delay: Delayed 1 second(s)

2019-04-26 11:56:57 - [MESSAGE][PASSED] - Delayed 1 second(s)

2019-04-26 11:56:57 - [MESSAGE][PASSED] - Call Test Case 'Test Cases/Sequence Messaging/open_automation' successfully

2019-04-26 11:56:57 - [TEST_STEP][PASSED] - callTestCase: Call Test Case 'Test Cases/Sequence Messaging/TC1002' successfully

2019-04-26 11:56:57 - [TEST_CASE][PASSED] - Test Cases/Sequence Messaging/TC1002: Test Cases/Sequence Messaging/TC1002

2019-04-26 11:56:57 - [TEST_STEP][PASSED] - callTestCase: Call Test Case 'Test Cases/Sequence Messaging/Test Edit Sequence Button' successfully

2019-04-26 11:56:57 - [TEST_CASE][PASSED] - Test Cases/Sequence Messaging/Test Edit Sequence Button: Test Cases/Sequence Messaging/Test Edit Sequence Button

2019-04-26 11:56:57 - [TEST_STEP][PASSED] - callTestCase: Call Test Case 'Test Cases/Sequence Messaging/TC0980' successfully

2019-04-26 11:56:58 - [TEST_CASE][PASSED] - Test Cases/Sequence Messaging/TC0980: Test Cases/Sequence Messaging/TC0980

2019-04-26 11:56:58 - [TEST_STEP][PASSED] - callTestCase: Call Test Case 'Test Cases/Sequence Messaging/Go_to_Seq_Messaging' successfully

2019-04-26 11:56:58 - [TEST_CASE][PASSED] - Test Cases/Sequence Messaging/Go_to_Seq_Messaging: Test Cases/Sequence Messaging/Go_to_Seq_Messaging

2019-04-26 11:56:58 - [TEST_STEP][PASSED] - callTestCase: Call Test Case 'Test Cases/Sequence Messaging/Login' successfully

2019-04-26 11:56:58 - [TEST_CASE][PASSED] - Test Cases/Sequence Messaging/Login: Test Cases/Sequence Messaging/Login

2019-04-26 11:56:58 - [TEST_STEP][PASSED] - callTestCase: Call Test Case 'Test Cases/s-sidebar_navigation/individualAccount/sequenceMessaging' successfully

2019-04-26 11:56:58 - [TEST_CASE][PASSED] - Test Cases/s-sidebar_navigation/individualAccount/sequenceMessaging: Test Cases/s-sidebar_navigation/individualAccount/sequenceMessaging

2019-04-26 11:56:58 - [TEST_STEP][PASSED] - click: Object: 'Object Repository/Page_KiboPush  Dashboard/span_Autoposting' is clicked on

2019-04-26 11:56:58 - [MESSAGE][PASSED] - Object: 'Object Repository/Page_KiboPush  Dashboard/span_Autoposting' is clicked on

2019-04-26 11:56:58 - [TEST_STEP][PASSED] - delay: Delayed 1 second(s)

2019-04-26 11:56:59 - [MESSAGE][PASSED] - Delayed 1 second(s)

2019-04-26 11:56:59 - [TEST_STEP][PASSED] - click: Object: 'Object Repository/Page_KiboPush  Dashboard/span_Sequence Messaging' is clicked on

2019-04-26 11:57:00 - [MESSAGE][PASSED] - Object: 'Object Repository/Page_KiboPush  Dashboard/span_Sequence Messaging' is clicked on

2019-04-26 11:57:00 - [TEST_STEP][PASSED] - scrollToPosition: Browser is scrolled to position x = 0, y = 0

2019-04-26 11:57:00 - [MESSAGE][PASSED] - Browser is scrolled to position x = 0, y = 0

2019-04-26 11:57:00 - [TEST_STEP][PASSED] - click: Object: 'Object Repository/Page_KiboPush  Sequence Messaging/h3_Sequence Messaging' is clicked on

2019-04-26 11:57:00 - [MESSAGE][PASSED] - Object: 'Object Repository/Page_KiboPush  Sequence Messaging/h3_Sequence Messaging' is clicked on

2019-04-26 11:57:00 - [TEST_STEP][PASSED] - delay: Delayed 1 second(s)

2019-04-26 11:57:01 - [MESSAGE][PASSED] - Delayed 1 second(s)

2019-04-26 11:57:01 - [MESSAGE][PASSED] - Call Test Case 'Test Cases/s-sidebar_navigation/individualAccount/sequenceMessaging' successfully

2019-04-26 11:57:01 - [MESSAGE][PASSED] - Call Test Case 'Test Cases/Sequence Messaging/Login' successfully

2019-04-26 11:57:01 - [MESSAGE][PASSED] - Call Test Case 'Test Cases/Sequence Messaging/Go_to_Seq_Messaging' successfully

2019-04-26 11:57:01 - [TEST_STEP][PASSED] - delay: Delayed 4 second(s)

2019-04-26 11:57:05 - [MESSAGE][PASSED] - Delayed 4 second(s)

2019-04-26 11:57:05 - [MESSAGE][PASSED] - Call Test Case 'Test Cases/Sequence Messaging/TC0980' successfully

2019-04-26 11:57:05 - [TEST_STEP][PASSED] - click: Object: 'Object Repository/Page_KiboPush  Sequence Messaging/span_Edit (2)' is clicked on

2019-04-26 11:57:05 - [MESSAGE][PASSED] - Object: 'Object Repository/Page_KiboPush  Sequence Messaging/span_Edit (2)' is clicked on

2019-04-26 11:57:05 - [TEST_STEP][PASSED] - delay: Delayed 2 second(s)

2019-04-26 11:57:07 - [MESSAGE][PASSED] - Delayed 2 second(s)

2019-04-26 11:57:07 - [MESSAGE][PASSED] - Call Test Case 'Test Cases/Sequence Messaging/Test Edit Sequence Button' successfully

2019-04-26 11:57:07 - [TEST_STEP][PASSED] - delay: Delayed 2 second(s)

2019-04-26 11:57:09 - [MESSAGE][PASSED] - Delayed 2 second(s)

2019-04-26 11:57:09 - [TEST_STEP][PASSED] - click: Object: 'Object Repository/Page_KiboPush  Sequence Messaging/span_-- Edit (6)' is clicked on

2019-04-26 11:57:10 - [MESSAGE][PASSED] - Object: 'Object Repository/Page_KiboPush  Sequence Messaging/span_-- Edit (6)' is clicked on

2019-04-26 11:57:10 - [TEST_STEP][PASSED] - delay: Delayed 2 second(s)

2019-04-26 11:57:12 - [MESSAGE][PASSED] - Delayed 2 second(s)

2019-04-26 11:57:12 - [MESSAGE][PASSED] - Call Test Case 'Test Cases/Sequence Messaging/TC1002' successfully

2019-04-26 11:57:12 - [TEST_STEP][PASSED] - selectOptionByValue: All options with value 'tag' are selected in object 'Object Repository/Page_KiboPush  Sequence Messaging/select_Select ConditionFirst N (5) (1) (1) (1)'  using regular expression

2019-04-26 11:57:12 - [MESSAGE][PASSED] - All options with value 'tag' are selected in object 'Object Repository/Page_KiboPush  Sequence Messaging/select_Select ConditionFirst N (5) (1) (1) (1)'  using regular expression

2019-04-26 11:57:12 - [TEST_STEP][PASSED] - selectOptionByValue: All options with value 'is' are selected in object 'Object Repository/Page_KiboEngage  Edit Sequence/select_Select Criteriais'  using regular expression

2019-04-26 11:57:13 - [MESSAGE][PASSED] - All options with value 'is' are selected in object 'Object Repository/Page_KiboEngage  Edit Sequence/select_Select Criteriais'  using regular expression

2019-04-26 11:57:13 - [TEST_STEP][PASSED] - selectOptionByValue: All options with value '5cbd86be9a26741607e22380' are selected in object 'Object Repository/Page_KiboEngage  Edit Sequence/select_Select a Taghello'  using regular expression

2019-04-26 11:57:13 - [MESSAGE][PASSED] - All options with value '5cbd86be9a26741607e22380' are selected in object 'Object Repository/Page_KiboEngage  Edit Sequence/select_Select a Taghello'  using regular expression

2019-04-26 11:57:13 - [TEST_STEP][PASSED] - click: Object: 'Object Repository/Page_KiboEngage  Edit Sequence/button_Save (1)' is clicked on

2019-04-26 11:57:13 - [MESSAGE][PASSED] - Object: 'Object Repository/Page_KiboEngage  Edit Sequence/button_Save (1)' is clicked on]]></system-out>
         <system-err><![CDATA[]]></system-err>
      </testcase>
      <testcase name="Test Cases/Sequence Messaging/TC1008" classname="Test Cases/Sequence Messaging/TC1008" status="PASSED">
         <system-out><![CDATA[2019-04-26 11:57:13 - [TEST_CASE][PASSED] - Test Cases/Sequence Messaging/TC1008: Test Cases/Sequence Messaging/TC1008

2019-04-26 11:57:13 - [TEST_STEP][PASSED] - callTestCase: Call Test Case 'Test Cases/Sequence Messaging/TC1002' successfully

2019-04-26 11:57:13 - [TEST_CASE][PASSED] - Test Cases/Sequence Messaging/TC1002: Test Cases/Sequence Messaging/TC1002

2019-04-26 11:57:13 - [TEST_STEP][PASSED] - callTestCase: Call Test Case 'Test Cases/Sequence Messaging/Test Edit Sequence Button' successfully

2019-04-26 11:57:13 - [TEST_CASE][PASSED] - Test Cases/Sequence Messaging/Test Edit Sequence Button: Test Cases/Sequence Messaging/Test Edit Sequence Button

2019-04-26 11:57:14 - [TEST_STEP][PASSED] - callTestCase: Call Test Case 'Test Cases/Sequence Messaging/TC0980' successfully

2019-04-26 11:57:14 - [TEST_CASE][PASSED] - Test Cases/Sequence Messaging/TC0980: Test Cases/Sequence Messaging/TC0980

2019-04-26 11:57:14 - [TEST_STEP][PASSED] - callTestCase: Call Test Case 'Test Cases/Sequence Messaging/Go_to_Seq_Messaging' successfully

2019-04-26 11:57:14 - [TEST_CASE][PASSED] - Test Cases/Sequence Messaging/Go_to_Seq_Messaging: Test Cases/Sequence Messaging/Go_to_Seq_Messaging

2019-04-26 11:57:14 - [TEST_STEP][PASSED] - callTestCase: Call Test Case 'Test Cases/Sequence Messaging/Login' successfully

2019-04-26 11:57:14 - [TEST_CASE][PASSED] - Test Cases/Sequence Messaging/Login: Test Cases/Sequence Messaging/Login

2019-04-26 11:57:14 - [TEST_STEP][PASSED] - callTestCase: Call Test Case 'Test Cases/s-sidebar_navigation/individualAccount/sequenceMessaging' successfully

2019-04-26 11:57:14 - [TEST_CASE][PASSED] - Test Cases/s-sidebar_navigation/individualAccount/sequenceMessaging: Test Cases/s-sidebar_navigation/individualAccount/sequenceMessaging

2019-04-26 11:57:14 - [TEST_STEP][PASSED] - click: Object: 'Object Repository/Page_KiboPush  Dashboard/span_Autoposting' is clicked on

2019-04-26 11:57:14 - [MESSAGE][PASSED] - Object: 'Object Repository/Page_KiboPush  Dashboard/span_Autoposting' is clicked on

2019-04-26 11:57:14 - [TEST_STEP][PASSED] - delay: Delayed 1 second(s)

2019-04-26 11:57:15 - [MESSAGE][PASSED] - Delayed 1 second(s)

2019-04-26 11:57:15 - [TEST_STEP][PASSED] - click: Object: 'Object Repository/Page_KiboPush  Dashboard/span_Sequence Messaging' is clicked on

2019-04-26 11:57:16 - [MESSAGE][PASSED] - Object: 'Object Repository/Page_KiboPush  Dashboard/span_Sequence Messaging' is clicked on

2019-04-26 11:57:16 - [TEST_STEP][PASSED] - scrollToPosition: Browser is scrolled to position x = 0, y = 0

2019-04-26 11:57:16 - [MESSAGE][PASSED] - Browser is scrolled to position x = 0, y = 0

2019-04-26 11:57:16 - [TEST_STEP][PASSED] - click: Object: 'Object Repository/Page_KiboPush  Sequence Messaging/h3_Sequence Messaging' is clicked on

2019-04-26 11:57:16 - [MESSAGE][PASSED] - Object: 'Object Repository/Page_KiboPush  Sequence Messaging/h3_Sequence Messaging' is clicked on

2019-04-26 11:57:16 - [TEST_STEP][PASSED] - delay: Delayed 1 second(s)

2019-04-26 11:57:17 - [MESSAGE][PASSED] - Delayed 1 second(s)

2019-04-26 11:57:17 - [MESSAGE][PASSED] - Call Test Case 'Test Cases/s-sidebar_navigation/individualAccount/sequenceMessaging' successfully

2019-04-26 11:57:17 - [MESSAGE][PASSED] - Call Test Case 'Test Cases/Sequence Messaging/Login' successfully

2019-04-26 11:57:17 - [MESSAGE][PASSED] - Call Test Case 'Test Cases/Sequence Messaging/Go_to_Seq_Messaging' successfully

2019-04-26 11:57:17 - [TEST_STEP][PASSED] - delay: Delayed 4 second(s)

2019-04-26 11:57:21 - [MESSAGE][PASSED] - Delayed 4 second(s)

2019-04-26 11:57:21 - [MESSAGE][PASSED] - Call Test Case 'Test Cases/Sequence Messaging/TC0980' successfully

2019-04-26 11:57:21 - [TEST_STEP][PASSED] - click: Object: 'Object Repository/Page_KiboPush  Sequence Messaging/span_Edit (2)' is clicked on

2019-04-26 11:57:21 - [MESSAGE][PASSED] - Object: 'Object Repository/Page_KiboPush  Sequence Messaging/span_Edit (2)' is clicked on

2019-04-26 11:57:21 - [TEST_STEP][PASSED] - delay: Delayed 2 second(s)

2019-04-26 11:57:23 - [MESSAGE][PASSED] - Delayed 2 second(s)

2019-04-26 11:57:23 - [MESSAGE][PASSED] - Call Test Case 'Test Cases/Sequence Messaging/Test Edit Sequence Button' successfully

2019-04-26 11:57:23 - [TEST_STEP][PASSED] - delay: Delayed 2 second(s)

2019-04-26 11:57:25 - [MESSAGE][PASSED] - Delayed 2 second(s)

2019-04-26 11:57:25 - [TEST_STEP][PASSED] - click: Object: 'Object Repository/Page_KiboPush  Sequence Messaging/span_-- Edit (6)' is clicked on

2019-04-26 11:57:25 - [MESSAGE][PASSED] - Object: 'Object Repository/Page_KiboPush  Sequence Messaging/span_-- Edit (6)' is clicked on

2019-04-26 11:57:25 - [TEST_STEP][PASSED] - delay: Delayed 2 second(s)

2019-04-26 11:57:27 - [MESSAGE][PASSED] - Delayed 2 second(s)

2019-04-26 11:57:27 - [MESSAGE][PASSED] - Call Test Case 'Test Cases/Sequence Messaging/TC1002' successfully

2019-04-26 11:57:27 - [TEST_STEP][PASSED] - selectOptionByValue: All options with value 'subscription_date' are selected in object 'Object Repository/Page_KiboPush  Sequence Messaging/select_Select ConditionFirst N (6) (1)'  using regular expression

2019-04-26 11:57:28 - [MESSAGE][PASSED] - All options with value 'subscription_date' are selected in object 'Object Repository/Page_KiboPush  Sequence Messaging/select_Select ConditionFirst N (6) (1)'  using regular expression

2019-04-26 11:57:28 - [TEST_STEP][PASSED] - selectOptionByValue: All options with value 'after' are selected in object 'Object Repository/Page_KiboPush  Sequence Messaging/select_Select CriteriaonBefore (1)'  using regular expression

2019-04-26 11:57:28 - [MESSAGE][PASSED] - All options with value 'after' are selected in object 'Object Repository/Page_KiboPush  Sequence Messaging/select_Select CriteriaonBefore (1)'  using regular expression

2019-04-26 11:57:28 - [TEST_STEP][PASSED] - delay: Delayed 2 second(s)

2019-04-26 11:57:30 - [MESSAGE][PASSED] - Delayed 2 second(s)

2019-04-26 11:57:30 - [TEST_STEP][PASSED] - doubleClick: Object: 'Object Repository/Page_KiboPush  Sequence Messaging/input_text' is double clicked on

2019-04-26 11:57:31 - [MESSAGE][PASSED] - Object: 'Object Repository/Page_KiboPush  Sequence Messaging/input_text' is double clicked on

2019-04-26 11:57:31 - [TEST_STEP][PASSED] - click: Object: 'Object Repository/Page_KiboPush  Sequence Messaging/button_Save (15)' is clicked on

2019-04-26 11:57:31 - [MESSAGE][PASSED] - Object: 'Object Repository/Page_KiboPush  Sequence Messaging/button_Save (15)' is clicked on]]></system-out>
         <system-err><![CDATA[]]></system-err>
      </testcase>
      <testcase name="Test Cases/Sequence Messaging/TC1009" classname="Test Cases/Sequence Messaging/TC1009" status="PASSED">
         <system-out><![CDATA[2019-04-26 11:57:31 - [TEST_CASE][PASSED] - Test Cases/Sequence Messaging/TC1009: Test Cases/Sequence Messaging/TC1009

2019-04-26 11:57:31 - [TEST_STEP][PASSED] - callTestCase: Call Test Case 'Test Cases/Sequence Messaging/TC1002' successfully

2019-04-26 11:57:31 - [TEST_CASE][PASSED] - Test Cases/Sequence Messaging/TC1002: Test Cases/Sequence Messaging/TC1002

2019-04-26 11:57:31 - [TEST_STEP][PASSED] - callTestCase: Call Test Case 'Test Cases/Sequence Messaging/Test Edit Sequence Button' successfully

2019-04-26 11:57:31 - [TEST_CASE][PASSED] - Test Cases/Sequence Messaging/Test Edit Sequence Button: Test Cases/Sequence Messaging/Test Edit Sequence Button

2019-04-26 11:57:31 - [TEST_STEP][PASSED] - callTestCase: Call Test Case 'Test Cases/Sequence Messaging/TC0980' successfully

2019-04-26 11:57:31 - [TEST_CASE][PASSED] - Test Cases/Sequence Messaging/TC0980: Test Cases/Sequence Messaging/TC0980

2019-04-26 11:57:31 - [TEST_STEP][PASSED] - callTestCase: Call Test Case 'Test Cases/Sequence Messaging/Go_to_Seq_Messaging' successfully

2019-04-26 11:57:31 - [TEST_CASE][PASSED] - Test Cases/Sequence Messaging/Go_to_Seq_Messaging: Test Cases/Sequence Messaging/Go_to_Seq_Messaging

2019-04-26 11:57:31 - [TEST_STEP][PASSED] - callTestCase: Call Test Case 'Test Cases/Sequence Messaging/Login' successfully

2019-04-26 11:57:31 - [TEST_CASE][PASSED] - Test Cases/Sequence Messaging/Login: Test Cases/Sequence Messaging/Login

2019-04-26 11:57:32 - [TEST_STEP][PASSED] - callTestCase: Call Test Case 'Test Cases/s-sidebar_navigation/individualAccount/sequenceMessaging' successfully

2019-04-26 11:57:32 - [TEST_CASE][PASSED] - Test Cases/s-sidebar_navigation/individualAccount/sequenceMessaging: Test Cases/s-sidebar_navigation/individualAccount/sequenceMessaging

2019-04-26 11:57:32 - [TEST_STEP][PASSED] - click: Object: 'Object Repository/Page_KiboPush  Dashboard/span_Autoposting' is clicked on

2019-04-26 11:57:32 - [MESSAGE][PASSED] - Object: 'Object Repository/Page_KiboPush  Dashboard/span_Autoposting' is clicked on

2019-04-26 11:57:32 - [TEST_STEP][PASSED] - delay: Delayed 1 second(s)

2019-04-26 11:57:33 - [MESSAGE][PASSED] - Delayed 1 second(s)

2019-04-26 11:57:33 - [TEST_STEP][PASSED] - click: Object: 'Object Repository/Page_KiboPush  Dashboard/span_Sequence Messaging' is clicked on

2019-04-26 11:57:33 - [MESSAGE][PASSED] - Object: 'Object Repository/Page_KiboPush  Dashboard/span_Sequence Messaging' is clicked on

2019-04-26 11:57:33 - [TEST_STEP][PASSED] - scrollToPosition: Browser is scrolled to position x = 0, y = 0

2019-04-26 11:57:33 - [MESSAGE][PASSED] - Browser is scrolled to position x = 0, y = 0

2019-04-26 11:57:33 - [TEST_STEP][PASSED] - click: Object: 'Object Repository/Page_KiboPush  Sequence Messaging/h3_Sequence Messaging' is clicked on

2019-04-26 11:57:34 - [MESSAGE][PASSED] - Object: 'Object Repository/Page_KiboPush  Sequence Messaging/h3_Sequence Messaging' is clicked on

2019-04-26 11:57:34 - [TEST_STEP][PASSED] - delay: Delayed 1 second(s)

2019-04-26 11:57:35 - [MESSAGE][PASSED] - Delayed 1 second(s)

2019-04-26 11:57:35 - [MESSAGE][PASSED] - Call Test Case 'Test Cases/s-sidebar_navigation/individualAccount/sequenceMessaging' successfully

2019-04-26 11:57:35 - [MESSAGE][PASSED] - Call Test Case 'Test Cases/Sequence Messaging/Login' successfully

2019-04-26 11:57:35 - [MESSAGE][PASSED] - Call Test Case 'Test Cases/Sequence Messaging/Go_to_Seq_Messaging' successfully

2019-04-26 11:57:35 - [TEST_STEP][PASSED] - delay: Delayed 4 second(s)

2019-04-26 11:57:39 - [MESSAGE][PASSED] - Delayed 4 second(s)

2019-04-26 11:57:39 - [MESSAGE][PASSED] - Call Test Case 'Test Cases/Sequence Messaging/TC0980' successfully

2019-04-26 11:57:39 - [TEST_STEP][PASSED] - click: Object: 'Object Repository/Page_KiboPush  Sequence Messaging/span_Edit (2)' is clicked on

2019-04-26 11:57:39 - [MESSAGE][PASSED] - Object: 'Object Repository/Page_KiboPush  Sequence Messaging/span_Edit (2)' is clicked on

2019-04-26 11:57:39 - [TEST_STEP][PASSED] - delay: Delayed 2 second(s)

2019-04-26 11:57:41 - [MESSAGE][PASSED] - Delayed 2 second(s)

2019-04-26 11:57:41 - [MESSAGE][PASSED] - Call Test Case 'Test Cases/Sequence Messaging/Test Edit Sequence Button' successfully

2019-04-26 11:57:41 - [TEST_STEP][PASSED] - delay: Delayed 2 second(s)

2019-04-26 11:57:43 - [MESSAGE][PASSED] - Delayed 2 second(s)

2019-04-26 11:57:43 - [TEST_STEP][PASSED] - click: Object: 'Object Repository/Page_KiboPush  Sequence Messaging/span_-- Edit (6)' is clicked on

2019-04-26 11:57:43 - [MESSAGE][PASSED] - Object: 'Object Repository/Page_KiboPush  Sequence Messaging/span_-- Edit (6)' is clicked on

2019-04-26 11:57:43 - [TEST_STEP][PASSED] - delay: Delayed 2 second(s)

2019-04-26 11:57:45 - [MESSAGE][PASSED] - Delayed 2 second(s)

2019-04-26 11:57:45 - [MESSAGE][PASSED] - Call Test Case 'Test Cases/Sequence Messaging/TC1002' successfully

2019-04-26 11:57:45 - [TEST_STEP][PASSED] - click: Object: 'Object Repository/Page_KiboPush  Sequence Messaging/button_ Add Condition (1)' is clicked on

2019-04-26 11:57:46 - [MESSAGE][PASSED] - Object: 'Object Repository/Page_KiboPush  Sequence Messaging/button_ Add Condition (1)' is clicked on

2019-04-26 11:57:46 - [TEST_STEP][PASSED] - click: Object: 'Object Repository/Page_KiboPush  Sequence Messaging/button_Save (10)' is clicked on

2019-04-26 11:57:46 - [MESSAGE][PASSED] - Object: 'Object Repository/Page_KiboPush  Sequence Messaging/button_Save (10)' is clicked on]]></system-out>
         <system-err><![CDATA[]]></system-err>
      </testcase>
      <testcase name="Test Cases/Sequence Messaging/TC1011" classname="Test Cases/Sequence Messaging/TC1011" status="PASSED">
         <system-out><![CDATA[2019-04-26 11:57:46 - [TEST_CASE][PASSED] - Test Cases/Sequence Messaging/TC1011: Test Cases/Sequence Messaging/TC1011

2019-04-26 11:57:46 - [TEST_STEP][PASSED] - callTestCase: Call Test Case 'Test Cases/Sequence Messaging/TC0980' successfully

2019-04-26 11:57:46 - [TEST_CASE][PASSED] - Test Cases/Sequence Messaging/TC0980: Test Cases/Sequence Messaging/TC0980

2019-04-26 11:57:46 - [TEST_STEP][PASSED] - callTestCase: Call Test Case 'Test Cases/Sequence Messaging/Go_to_Seq_Messaging' successfully

2019-04-26 11:57:46 - [TEST_CASE][PASSED] - Test Cases/Sequence Messaging/Go_to_Seq_Messaging: Test Cases/Sequence Messaging/Go_to_Seq_Messaging

2019-04-26 11:57:46 - [TEST_STEP][PASSED] - callTestCase: Call Test Case 'Test Cases/Sequence Messaging/Login' successfully

2019-04-26 11:57:47 - [TEST_CASE][PASSED] - Test Cases/Sequence Messaging/Login: Test Cases/Sequence Messaging/Login

2019-04-26 11:57:47 - [TEST_STEP][PASSED] - callTestCase: Call Test Case 'Test Cases/s-sidebar_navigation/individualAccount/sequenceMessaging' successfully

2019-04-26 11:57:47 - [TEST_CASE][PASSED] - Test Cases/s-sidebar_navigation/individualAccount/sequenceMessaging: Test Cases/s-sidebar_navigation/individualAccount/sequenceMessaging

2019-04-26 11:57:47 - [TEST_STEP][PASSED] - click: Object: 'Object Repository/Page_KiboPush  Dashboard/span_Autoposting' is clicked on

2019-04-26 11:57:47 - [MESSAGE][PASSED] - Object: 'Object Repository/Page_KiboPush  Dashboard/span_Autoposting' is clicked on

2019-04-26 11:57:47 - [TEST_STEP][PASSED] - delay: Delayed 1 second(s)

2019-04-26 11:57:48 - [MESSAGE][PASSED] - Delayed 1 second(s)

2019-04-26 11:57:48 - [TEST_STEP][PASSED] - click: Object: 'Object Repository/Page_KiboPush  Dashboard/span_Sequence Messaging' is clicked on

2019-04-26 11:57:48 - [MESSAGE][PASSED] - Object: 'Object Repository/Page_KiboPush  Dashboard/span_Sequence Messaging' is clicked on

2019-04-26 11:57:48 - [TEST_STEP][PASSED] - scrollToPosition: Browser is scrolled to position x = 0, y = 0

2019-04-26 11:57:48 - [MESSAGE][PASSED] - Browser is scrolled to position x = 0, y = 0

2019-04-26 11:57:48 - [TEST_STEP][PASSED] - click: Object: 'Object Repository/Page_KiboPush  Sequence Messaging/h3_Sequence Messaging' is clicked on

2019-04-26 11:57:49 - [MESSAGE][PASSED] - Object: 'Object Repository/Page_KiboPush  Sequence Messaging/h3_Sequence Messaging' is clicked on

2019-04-26 11:57:49 - [TEST_STEP][PASSED] - delay: Delayed 1 second(s)

2019-04-26 11:57:50 - [MESSAGE][PASSED] - Delayed 1 second(s)

2019-04-26 11:57:50 - [MESSAGE][PASSED] - Call Test Case 'Test Cases/s-sidebar_navigation/individualAccount/sequenceMessaging' successfully

2019-04-26 11:57:50 - [MESSAGE][PASSED] - Call Test Case 'Test Cases/Sequence Messaging/Login' successfully

2019-04-26 11:57:50 - [MESSAGE][PASSED] - Call Test Case 'Test Cases/Sequence Messaging/Go_to_Seq_Messaging' successfully

2019-04-26 11:57:50 - [TEST_STEP][PASSED] - delay: Delayed 4 second(s)

2019-04-26 11:57:54 - [MESSAGE][PASSED] - Delayed 4 second(s)

2019-04-26 11:57:54 - [MESSAGE][PASSED] - Call Test Case 'Test Cases/Sequence Messaging/TC0980' successfully

2019-04-26 11:57:54 - [TEST_STEP][PASSED] - click: Object: 'Object Repository/Page_KiboPush  Sequence Messaging/span_Edit (1) (1)' is clicked on

2019-04-26 11:57:54 - [MESSAGE][PASSED] - Object: 'Object Repository/Page_KiboPush  Sequence Messaging/span_Edit (1) (1)' is clicked on

2019-04-26 11:57:54 - [TEST_STEP][PASSED] - delay: Delayed 2 second(s)

2019-04-26 11:57:56 - [MESSAGE][PASSED] - Delayed 2 second(s)

2019-04-26 11:57:56 - [TEST_STEP][PASSED] - click: Object: 'Object Repository/Page_KiboPush  Sequence Messaging/Delete Message Icon (1)' is clicked on

2019-04-26 11:57:56 - [MESSAGE][PASSED] - Object: 'Object Repository/Page_KiboPush  Sequence Messaging/Delete Message Icon (1)' is clicked on

2019-04-26 11:57:56 - [TEST_STEP][PASSED] - click: Object: 'Object Repository/Page_KiboPush  Sequence Messaging/button_Delete (3) (1)' is clicked on

2019-04-26 11:57:57 - [MESSAGE][PASSED] - Object: 'Object Repository/Page_KiboPush  Sequence Messaging/button_Delete (3) (1)' is clicked on

2019-04-26 11:57:57 - [TEST_STEP][PASSED] - delay: Delayed 4 second(s)

2019-04-26 11:58:01 - [MESSAGE][PASSED] - Delayed 4 second(s)

2019-04-26 11:58:01 - [TEST_STEP][PASSED] - scrollToPosition: Browser is scrolled to position x = 0, y = 0

2019-04-26 11:58:01 - [MESSAGE][PASSED] - Browser is scrolled to position x = 0, y = 0

2019-04-26 11:58:01 - [TEST_STEP][PASSED] - click: Object: 'Object Repository/Page_KiboPush  Sequence Messaging/button_Add Message (1) (1)' is clicked on

2019-04-26 11:58:01 - [MESSAGE][PASSED] - Object: 'Object Repository/Page_KiboPush  Sequence Messaging/button_Add Message (1) (1)' is clicked on

2019-04-26 11:58:01 - [TEST_STEP][PASSED] - delay: Delayed 2 second(s)

2019-04-26 11:58:03 - [MESSAGE][PASSED] - Delayed 2 second(s)

2019-04-26 11:58:03 - [TEST_STEP][PASSED] - click: Object: 'Object Repository/Page_KiboPush  Sequence Messaging/span_New Message (4) (1)' is clicked on

2019-04-26 11:58:03 - [MESSAGE][PASSED] - Object: 'Object Repository/Page_KiboPush  Sequence Messaging/span_New Message (4) (1)' is clicked on

2019-04-26 11:58:03 - [TEST_STEP][PASSED] - delay: Delayed 3 second(s)

2019-04-26 11:58:06 - [MESSAGE][PASSED] - Delayed 3 second(s)

2019-04-26 11:58:06 - [TEST_STEP][PASSED] - click: Object: 'Object Repository/Page_KiboPush  Edit Message/i_New Message_convoTitle (3) (1)' is clicked on

2019-04-26 11:58:06 - [MESSAGE][PASSED] - Object: 'Object Repository/Page_KiboPush  Edit Message/i_New Message_convoTitle (3) (1)' is clicked on

2019-04-26 11:58:06 - [TEST_STEP][PASSED] - delay: Delayed 2 second(s)

2019-04-26 11:58:08 - [MESSAGE][PASSED] - Delayed 2 second(s)

2019-04-26 11:58:08 - [TEST_STEP][PASSED] - setText: Text 'Message1' is set on object 'Object Repository/Page_KiboPush  Edit Message/input_Rename_form-control (3) (1)'

2019-04-26 11:58:09 - [MESSAGE][PASSED] - Text 'Message1' is set on object 'Object Repository/Page_KiboPush  Edit Message/input_Rename_form-control (3) (1)'

2019-04-26 11:58:09 - [TEST_STEP][PASSED] - scrollToElement: Scroll to object 'Object Repository/Page_KiboPush  Edit Message/div_View Facebook guidelines r (1) (1)' successfully

2019-04-26 11:58:09 - [MESSAGE][PASSED] - Scroll to object 'Object Repository/Page_KiboPush  Edit Message/div_View Facebook guidelines r (1) (1)' successfully

2019-04-26 11:58:09 - [TEST_STEP][PASSED] - click: Object: 'Object Repository/Page_KiboPush  Edit Message/button_Save (3) (1)' is clicked on

2019-04-26 11:58:10 - [MESSAGE][PASSED] - Object: 'Object Repository/Page_KiboPush  Edit Message/button_Save (3) (1)' is clicked on

2019-04-26 11:58:10 - [TEST_STEP][PASSED] - delay: Delayed 3 second(s)

2019-04-26 11:58:13 - [MESSAGE][PASSED] - Delayed 3 second(s)

2019-04-26 11:58:13 - [TEST_STEP][PASSED] - click: Object: 'Object Repository/Page_KiboPush  Edit Message/div_Text (2) (1)' is clicked on

2019-04-26 11:58:13 - [MESSAGE][PASSED] - Object: 'Object Repository/Page_KiboPush  Edit Message/div_Text (2) (1)' is clicked on

2019-04-26 11:58:13 - [TEST_STEP][PASSED] - setText: Text 'Text1' is set on object 'Object Repository/Page_KiboPush  Edit Message/Set Text Component (2) (1)'

2019-04-26 11:58:14 - [MESSAGE][PASSED] - Text 'Text1' is set on object 'Object Repository/Page_KiboPush  Edit Message/Set Text Component (2) (1)'

2019-04-26 11:58:14 - [TEST_STEP][PASSED] - click: Object: 'Object Repository/Page_KiboPush  Edit Message/h6_ Add Button (1)' is clicked on

2019-04-26 11:58:14 - [MESSAGE][PASSED] - Object: 'Object Repository/Page_KiboPush  Edit Message/h6_ Add Button (1)' is clicked on

2019-04-26 11:58:14 - [TEST_STEP][PASSED] - setText: Text 'Button1' is set on object 'Object Repository/Page_KiboPush  Edit Message/input_Button Title_form-contro (1)'

2019-04-26 11:58:15 - [MESSAGE][PASSED] - Text 'Button1' is set on object 'Object Repository/Page_KiboPush  Edit Message/input_Button Title_form-contro (1)'

2019-04-26 11:58:15 - [TEST_STEP][PASSED] - click: Object: 'Object Repository/Page_KiboPush  Edit Message/h7_Open a website' is clicked on

2019-04-26 11:58:15 - [MESSAGE][PASSED] - Object: 'Object Repository/Page_KiboPush  Edit Message/h7_Open a website' is clicked on

2019-04-26 11:58:15 - [TEST_STEP][PASSED] - setText: Text 'www.google.com' is set on object 'Object Repository/Page_KiboPush  Edit Message/input_form-control'

2019-04-26 11:58:16 - [MESSAGE][PASSED] - Text 'www.google.com' is set on object 'Object Repository/Page_KiboPush  Edit Message/input_form-control'

2019-04-26 11:58:16 - [TEST_STEP][PASSED] - click: Object: 'Object Repository/Page_KiboPush  Edit Message/button_Done (1)' is clicked on

2019-04-26 11:58:17 - [MESSAGE][PASSED] - Object: 'Object Repository/Page_KiboPush  Edit Message/button_Done (1)' is clicked on

2019-04-26 11:58:17 - [TEST_STEP][PASSED] - scrollToPosition: Browser is scrolled to position x = 0, y = 0

2019-04-26 11:58:17 - [MESSAGE][PASSED] - Browser is scrolled to position x = 0, y = 0

2019-04-26 11:58:17 - [TEST_STEP][PASSED] - click: Object: 'Object Repository/Page_KiboPush  Edit Message/button_Save_1 (3)' is clicked on

2019-04-26 11:58:18 - [MESSAGE][PASSED] - Object: 'Object Repository/Page_KiboPush  Edit Message/button_Save_1 (3)' is clicked on

2019-04-26 11:58:18 - [TEST_STEP][PASSED] - click: Object: 'Object Repository/Page_KiboPush  Edit Message/a_Back (3)' is clicked on

2019-04-26 11:58:18 - [MESSAGE][PASSED] - Object: 'Object Repository/Page_KiboPush  Edit Message/a_Back (3)' is clicked on]]></system-out>
         <system-err><![CDATA[]]></system-err>
      </testcase>
      <system-out><![CDATA[2019-04-26 11:49:15 - [TEST_SUITE][PASSED] - seq_message: Test Cases/Sequence Messaging/TC1011]]></system-out>
      <system-err><![CDATA[]]></system-err>
   </testsuite>
</testsuites>
