<?xml version="1.0" encoding="UTF-8"?>
<testsuites name="Autoposting" time="313" tests="24" failures="3" errors="0">
   <testsuite name="Autoposting" tests="24" failures="3" errors="0" time="313" timestamp="2019-04-22 12:29:51" hostname="cloudkibo - 10.0.2.15" id="Test Suites/Autoposting">
      <properties>
         <property name="deviceName" value=""/>
         <property name="devicePlatform" value=""/>
         <property name="logFolder" value="C:\\Users\\cloudkibo\\Desktop\\KiboPush_Automated_Testing\\KiboPush Katalon\\Reports\\Autoposting\\20190422_122947"/>
         <property name="logFiles" value="C:\\Users\\cloudkibo\\Desktop\\KiboPush_Automated_Testing\\KiboPush Katalon\\Reports\\Autoposting\\20190422_122947\\execution0.log"/>
         <property name="attachments" value="C:\\Users\\cloudkibo\\Desktop\\KiboPush_Automated_Testing\\KiboPush Katalon\\Reports\\Autoposting\\20190422_122947\\1555918429363.png, C:\\Users\\cloudkibo\\Desktop\\KiboPush_Automated_Testing\\KiboPush Katalon\\Reports\\Autoposting\\20190422_122947\\1555918441165.png, C:\\Users\\cloudkibo\\Desktop\\KiboPush_Automated_Testing\\KiboPush Katalon\\Reports\\Autoposting\\20190422_122947\\1555918457773.png"/>
         <property name="hostName" value="cloudkibo - 10.0.2.15"/>
         <property name="os" value="Windows 10 64bit"/>
         <property name="katalonVersion" value="5.6.0.1"/>
         <property name="browser" value="Chrome 73.0.3683.103"/>
         <property name="hostAddress" value="10.0.2.15"/>
         <property name="sessionId" value="51e5cf826d2c5e0154b4344b9f414f82"/>
         <property name="seleniumVersion" value="3.7.1"/>
         <property name="proxyInformation" value="ProxyInformation{proxyOption=NO_PROXY, proxyServerType=HTTP, password=, proxyServerAddress=, proxyServerPort=0}"/>
         <property name="platform" value="Windows 10"/>
      </properties>
      <testcase name="Test Cases/s-sidebar_navigation/individualAccount/arveen_production_login_kiboengage" classname="Test Cases/s-sidebar_navigation/individualAccount/arveen_production_login_kiboengage" status="PASSED">
         <system-out><![CDATA[2019-04-22 12:29:52 - [TEST_CASE][PASSED] - Test Cases/s-sidebar_navigation/individualAccount/arveen_production_login_kiboengage: Test Cases/s-sidebar_navigation/individualAccount/arveen_production_login_kiboengage

2019-04-22 12:29:55 - [TEST_STEP][PASSED] - openBrowser: Browser is opened with url: ''

2019-04-22 12:30:03 - [MESSAGE][PASSED] - Browser is opened with url: ''

2019-04-22 12:30:03 - [TEST_STEP][PASSED] - maximizeWindow: Current window maximized

2019-04-22 12:30:05 - [MESSAGE][PASSED] - Current window maximized

2019-04-22 12:30:05 - [TEST_STEP][PASSED] - navigateToUrl: Navigate to 'https://kiboengage.cloudkibo.com/' successfully

2019-04-22 12:30:21 - [MESSAGE][PASSED] - Navigate to 'https://kiboengage.cloudkibo.com/' successfully

2019-04-22 12:30:21 - [TEST_STEP][PASSED] - navigateToUrl: Navigate to 'https://accounts.cloudkibo.com/?continue=https://kiboengage.cloudkibo.com' successfully

2019-04-22 12:30:22 - [MESSAGE][PASSED] - Navigate to 'https://accounts.cloudkibo.com/?continue=https://kiboengage.cloudkibo.com' successfully

2019-04-22 12:30:22 - [TEST_STEP][PASSED] - click: Object: 'Object Repository/Page_CloudKibo/a_Login (2) (1) (1)' is clicked on

2019-04-22 12:30:24 - [MESSAGE][PASSED] - Object: 'Object Repository/Page_CloudKibo/a_Login (2) (1) (1)' is clicked on

2019-04-22 12:30:24 - [TEST_STEP][PASSED] - setText: Text 'individual@cloudkibo.com' is set on object 'Object Repository/Page_KiboPush/input_email (10) (1) (1)'

2019-04-22 12:30:24 - [MESSAGE][PASSED] - Text 'individual@cloudkibo.com' is set on object 'Object Repository/Page_KiboPush/input_email (10) (1) (1)'

2019-04-22 12:30:24 - [TEST_STEP][PASSED] - setEncryptedText: Text ****** has been set on object 'Object Repository/Page_CloudKibo/input_Sign In_password (7)'

2019-04-22 12:30:25 - [MESSAGE][PASSED] - Text ****** has been set on object 'Object Repository/Page_CloudKibo/input_Sign In_password (7)'

2019-04-22 12:30:25 - [TEST_STEP][PASSED] - click: Object: 'Object Repository/Page_KiboPush/button_Sign In (10) (1) (2)' is clicked on

2019-04-22 12:30:25 - [MESSAGE][PASSED] - Object: 'Object Repository/Page_KiboPush/button_Sign In (10) (1) (2)' is clicked on

2019-04-22 12:30:25 - [TEST_STEP][PASSED] - click: Object: 'Object Repository/Page_KiboPush  Dashboard/h3_Dashboard (57)' is clicked on

2019-04-22 12:31:00 - [MESSAGE][PASSED] - Object: 'Object Repository/Page_KiboPush  Dashboard/h3_Dashboard (57)' is clicked on

2019-04-22 12:31:00 - [TEST_STEP][PASSED] - delay: Delayed 3 second(s)

2019-04-22 12:31:03 - [MESSAGE][PASSED] - Delayed 3 second(s)

2019-04-22 12:31:03 - [TEST_STEP][PASSED] - click: Object: 'Object Repository/Page_KiboEngage  Dashboard/a_SMS (2) (1) (1) (1) (3)' is clicked on

2019-04-22 12:31:03 - [MESSAGE][PASSED] - Object: 'Object Repository/Page_KiboEngage  Dashboard/a_SMS (2) (1) (1) (1) (3)' is clicked on

2019-04-22 12:31:03 - [TEST_STEP][PASSED] - delay: Delayed 2 second(s)

2019-04-22 12:31:05 - [MESSAGE][PASSED] - Delayed 2 second(s)

2019-04-22 12:31:05 - [TEST_STEP][PASSED] - click: Object: 'Object Repository/Page_KiboEngage  Dashboard/span_Messenger (1) (1) (1) (3)' is clicked on

2019-04-22 12:31:05 - [MESSAGE][PASSED] - Object: 'Object Repository/Page_KiboEngage  Dashboard/span_Messenger (1) (1) (1) (3)' is clicked on

2019-04-22 12:31:05 - [TEST_STEP][PASSED] - delay: Delayed 2 second(s)

2019-04-22 12:31:07 - [MESSAGE][PASSED] - Delayed 2 second(s)]]></system-out>
         <system-err><![CDATA[]]></system-err>
      </testcase>
      <testcase name="Test Cases/Autoposting TestCases/open automation" classname="Test Cases/Autoposting TestCases/open automation" status="PASSED">
         <system-out><![CDATA[2019-04-22 12:31:07 - [TEST_CASE][PASSED] - Test Cases/Autoposting TestCases/open automation: Test Cases/Autoposting TestCases/open automation

2019-04-22 12:31:08 - [TEST_STEP][PASSED] - click: Object: 'Object Repository/Page_KiboPush  Dashboard/span_Automation (1) (1)' is clicked on

2019-04-22 12:31:09 - [MESSAGE][PASSED] - Object: 'Object Repository/Page_KiboPush  Dashboard/span_Automation (1) (1)' is clicked on

2019-04-22 12:31:09 - [TEST_STEP][PASSED] - delay: Delayed 1 second(s)

2019-04-22 12:31:10 - [MESSAGE][PASSED] - Delayed 1 second(s)]]></system-out>
         <system-err><![CDATA[]]></system-err>
      </testcase>
      <testcase name="Test Cases/Autoposting TestCases/TC0369" classname="Test Cases/Autoposting TestCases/TC0369" status="PASSED">
         <system-out><![CDATA[2019-04-22 12:31:10 - [TEST_CASE][PASSED] - Test Cases/Autoposting TestCases/TC0369: Test Cases/Autoposting TestCases/TC0369

2019-04-22 12:31:10 - [TEST_STEP][PASSED] - callTestCase: Call Test Case 'Test Cases/s-sidebar_navigation/individualAccount/Autoposting' successfully

2019-04-22 12:31:10 - [TEST_CASE][PASSED] - Test Cases/s-sidebar_navigation/individualAccount/Autoposting: Test Cases/s-sidebar_navigation/individualAccount/Autoposting

2019-04-22 12:31:11 - [TEST_STEP][PASSED] - click: Object: 'Object Repository/Page_KiboPush  Dashboard/span_Sequence Messaging' is clicked on

2019-04-22 12:31:11 - [MESSAGE][PASSED] - Object: 'Object Repository/Page_KiboPush  Dashboard/span_Sequence Messaging' is clicked on

2019-04-22 12:31:11 - [TEST_STEP][PASSED] - delay: Delayed 1 second(s)

2019-04-22 12:31:12 - [MESSAGE][PASSED] - Delayed 1 second(s)

2019-04-22 12:31:12 - [TEST_STEP][PASSED] - click: Object: 'Object Repository/Page_KiboPush  Dashboard/span_Autoposting' is clicked on

2019-04-22 12:31:13 - [MESSAGE][PASSED] - Object: 'Object Repository/Page_KiboPush  Dashboard/span_Autoposting' is clicked on

2019-04-22 12:31:13 - [TEST_STEP][PASSED] - scrollToPosition: Browser is scrolled to position x = 0, y = 0

2019-04-22 12:31:13 - [MESSAGE][PASSED] - Browser is scrolled to position x = 0, y = 0

2019-04-22 12:31:13 - [TEST_STEP][PASSED] - click: Object: 'Object Repository/Page_KiboPush  Autoposting/h3_Auto Posting' is clicked on

2019-04-22 12:31:13 - [MESSAGE][PASSED] - Object: 'Object Repository/Page_KiboPush  Autoposting/h3_Auto Posting' is clicked on

2019-04-22 12:31:13 - [TEST_STEP][PASSED] - delay: Delayed 2 second(s)

2019-04-22 12:31:15 - [MESSAGE][PASSED] - Delayed 2 second(s)

2019-04-22 12:31:15 - [MESSAGE][PASSED] - Call Test Case 'Test Cases/s-sidebar_navigation/individualAccount/Autoposting' successfully

2019-04-22 12:31:15 - [TEST_STEP][PASSED] - click: Object: 'Object Repository/Page_KiboPush  Autoposting/a_documentation' is clicked on

2019-04-22 12:31:16 - [MESSAGE][PASSED] - Object: 'Object Repository/Page_KiboPush  Autoposting/a_documentation' is clicked on]]></system-out>
         <system-err><![CDATA[]]></system-err>
      </testcase>
      <testcase name="Test Cases/Autoposting TestCases/TC0370" classname="Test Cases/Autoposting TestCases/TC0370" status="PASSED">
         <system-out><![CDATA[2019-04-22 12:31:16 - [TEST_CASE][PASSED] - Test Cases/Autoposting TestCases/TC0370: Test Cases/Autoposting TestCases/TC0370

2019-04-22 12:31:16 - [TEST_STEP][PASSED] - callTestCase: Call Test Case 'Test Cases/s-sidebar_navigation/individualAccount/Autoposting' successfully

2019-04-22 12:31:16 - [TEST_CASE][PASSED] - Test Cases/s-sidebar_navigation/individualAccount/Autoposting: Test Cases/s-sidebar_navigation/individualAccount/Autoposting

2019-04-22 12:31:16 - [TEST_STEP][PASSED] - click: Object: 'Object Repository/Page_KiboPush  Dashboard/span_Sequence Messaging' is clicked on

2019-04-22 12:31:17 - [MESSAGE][PASSED] - Object: 'Object Repository/Page_KiboPush  Dashboard/span_Sequence Messaging' is clicked on

2019-04-22 12:31:17 - [TEST_STEP][PASSED] - delay: Delayed 1 second(s)

2019-04-22 12:31:18 - [MESSAGE][PASSED] - Delayed 1 second(s)

2019-04-22 12:31:18 - [TEST_STEP][PASSED] - click: Object: 'Object Repository/Page_KiboPush  Dashboard/span_Autoposting' is clicked on

2019-04-22 12:31:18 - [MESSAGE][PASSED] - Object: 'Object Repository/Page_KiboPush  Dashboard/span_Autoposting' is clicked on

2019-04-22 12:31:18 - [TEST_STEP][PASSED] - scrollToPosition: Browser is scrolled to position x = 0, y = 0

2019-04-22 12:31:18 - [MESSAGE][PASSED] - Browser is scrolled to position x = 0, y = 0

2019-04-22 12:31:18 - [TEST_STEP][PASSED] - click: Object: 'Object Repository/Page_KiboPush  Autoposting/h3_Auto Posting' is clicked on

2019-04-22 12:31:19 - [MESSAGE][PASSED] - Object: 'Object Repository/Page_KiboPush  Autoposting/h3_Auto Posting' is clicked on

2019-04-22 12:31:19 - [TEST_STEP][PASSED] - delay: Delayed 2 second(s)

2019-04-22 12:31:21 - [MESSAGE][PASSED] - Delayed 2 second(s)

2019-04-22 12:31:21 - [MESSAGE][PASSED] - Call Test Case 'Test Cases/s-sidebar_navigation/individualAccount/Autoposting' successfully

2019-04-22 12:31:21 - [TEST_STEP][PASSED] - click: Object: 'Object Repository/Page_KiboPush  Autoposting/a_video tutorial' is clicked on

2019-04-22 12:31:26 - [MESSAGE][PASSED] - Object: 'Object Repository/Page_KiboPush  Autoposting/a_video tutorial' is clicked on]]></system-out>
         <system-err><![CDATA[]]></system-err>
      </testcase>
      <testcase name="Test Cases/Autoposting TestCases/TC0371" classname="Test Cases/Autoposting TestCases/TC0371" status="PASSED">
         <system-out><![CDATA[2019-04-22 12:31:26 - [TEST_CASE][PASSED] - Test Cases/Autoposting TestCases/TC0371: Test Cases/Autoposting TestCases/TC0371

2019-04-22 12:31:26 - [TEST_STEP][PASSED] - callTestCase: Call Test Case 'Test Cases/s-sidebar_navigation/individualAccount/Autoposting' successfully

2019-04-22 12:31:27 - [TEST_CASE][PASSED] - Test Cases/s-sidebar_navigation/individualAccount/Autoposting: Test Cases/s-sidebar_navigation/individualAccount/Autoposting

2019-04-22 12:31:27 - [TEST_STEP][PASSED] - click: Object: 'Object Repository/Page_KiboPush  Dashboard/span_Sequence Messaging' is clicked on

2019-04-22 12:31:28 - [MESSAGE][PASSED] - Object: 'Object Repository/Page_KiboPush  Dashboard/span_Sequence Messaging' is clicked on

2019-04-22 12:31:28 - [TEST_STEP][PASSED] - delay: Delayed 1 second(s)

2019-04-22 12:31:29 - [MESSAGE][PASSED] - Delayed 1 second(s)

2019-04-22 12:31:29 - [TEST_STEP][PASSED] - click: Object: 'Object Repository/Page_KiboPush  Dashboard/span_Autoposting' is clicked on

2019-04-22 12:31:30 - [MESSAGE][PASSED] - Object: 'Object Repository/Page_KiboPush  Dashboard/span_Autoposting' is clicked on

2019-04-22 12:31:30 - [TEST_STEP][PASSED] - scrollToPosition: Browser is scrolled to position x = 0, y = 0

2019-04-22 12:31:30 - [MESSAGE][PASSED] - Browser is scrolled to position x = 0, y = 0

2019-04-22 12:31:30 - [TEST_STEP][PASSED] - click: Object: 'Object Repository/Page_KiboPush  Autoposting/h3_Auto Posting' is clicked on

2019-04-22 12:31:30 - [MESSAGE][PASSED] - Object: 'Object Repository/Page_KiboPush  Autoposting/h3_Auto Posting' is clicked on

2019-04-22 12:31:30 - [TEST_STEP][PASSED] - delay: Delayed 2 second(s)

2019-04-22 12:31:32 - [MESSAGE][PASSED] - Delayed 2 second(s)

2019-04-22 12:31:32 - [MESSAGE][PASSED] - Call Test Case 'Test Cases/s-sidebar_navigation/individualAccount/Autoposting' successfully

2019-04-22 12:31:32 - [TEST_STEP][PASSED] - click: Object: 'Object Repository/Page_KiboPush  Autoposting/p_Currently you do not have an' is clicked on

2019-04-22 12:31:33 - [MESSAGE][PASSED] - Object: 'Object Repository/Page_KiboPush  Autoposting/p_Currently you do not have an' is clicked on]]></system-out>
         <system-err><![CDATA[]]></system-err>
      </testcase>
      <testcase name="Test Cases/Autoposting TestCases/TC0372" classname="Test Cases/Autoposting TestCases/TC0372" status="PASSED">
         <system-out><![CDATA[2019-04-22 12:31:33 - [TEST_CASE][PASSED] - Test Cases/Autoposting TestCases/TC0372: Test Cases/Autoposting TestCases/TC0372

2019-04-22 12:31:33 - [TEST_STEP][PASSED] - callTestCase: Call Test Case 'Test Cases/s-sidebar_navigation/individualAccount/Autoposting' successfully

2019-04-22 12:31:34 - [TEST_CASE][PASSED] - Test Cases/s-sidebar_navigation/individualAccount/Autoposting: Test Cases/s-sidebar_navigation/individualAccount/Autoposting

2019-04-22 12:31:34 - [TEST_STEP][PASSED] - click: Object: 'Object Repository/Page_KiboPush  Dashboard/span_Sequence Messaging' is clicked on

2019-04-22 12:31:34 - [MESSAGE][PASSED] - Object: 'Object Repository/Page_KiboPush  Dashboard/span_Sequence Messaging' is clicked on

2019-04-22 12:31:34 - [TEST_STEP][PASSED] - delay: Delayed 1 second(s)

2019-04-22 12:31:35 - [MESSAGE][PASSED] - Delayed 1 second(s)

2019-04-22 12:31:35 - [TEST_STEP][PASSED] - click: Object: 'Object Repository/Page_KiboPush  Dashboard/span_Autoposting' is clicked on

2019-04-22 12:31:35 - [MESSAGE][PASSED] - Object: 'Object Repository/Page_KiboPush  Dashboard/span_Autoposting' is clicked on

2019-04-22 12:31:35 - [TEST_STEP][PASSED] - scrollToPosition: Browser is scrolled to position x = 0, y = 0

2019-04-22 12:31:36 - [MESSAGE][PASSED] - Browser is scrolled to position x = 0, y = 0

2019-04-22 12:31:36 - [TEST_STEP][PASSED] - click: Object: 'Object Repository/Page_KiboPush  Autoposting/h3_Auto Posting' is clicked on

2019-04-22 12:31:36 - [MESSAGE][PASSED] - Object: 'Object Repository/Page_KiboPush  Autoposting/h3_Auto Posting' is clicked on

2019-04-22 12:31:36 - [TEST_STEP][PASSED] - delay: Delayed 2 second(s)

2019-04-22 12:31:38 - [MESSAGE][PASSED] - Delayed 2 second(s)

2019-04-22 12:31:38 - [MESSAGE][PASSED] - Call Test Case 'Test Cases/s-sidebar_navigation/individualAccount/Autoposting' successfully

2019-04-22 12:31:38 - [TEST_STEP][PASSED] - click: Object: 'Object Repository/Page_KiboPush  Autoposting/span_Add Feed (1)' is clicked on

2019-04-22 12:31:38 - [MESSAGE][PASSED] - Object: 'Object Repository/Page_KiboPush  Autoposting/span_Add Feed (1)' is clicked on

2019-04-22 12:31:38 - [TEST_STEP][PASSED] - click: Object: 'Object Repository/Page_KiboPush  Autoposting/button_Facebook' is clicked on

2019-04-22 12:31:39 - [MESSAGE][PASSED] - Object: 'Object Repository/Page_KiboPush  Autoposting/button_Facebook' is clicked on

2019-04-22 12:31:39 - [TEST_STEP][PASSED] - click: Object: 'Object Repository/Page_KiboPush  Autoposting/button_Twitter' is clicked on

2019-04-22 12:31:39 - [MESSAGE][PASSED] - Object: 'Object Repository/Page_KiboPush  Autoposting/button_Twitter' is clicked on

2019-04-22 12:31:39 - [TEST_STEP][PASSED] - click: Object: 'Object Repository/Page_KiboPush  Autoposting/button_WordPress' is clicked on

2019-04-22 12:31:40 - [MESSAGE][PASSED] - Object: 'Object Repository/Page_KiboPush  Autoposting/button_WordPress' is clicked on]]></system-out>
         <system-err><![CDATA[]]></system-err>
      </testcase>
      <testcase name="Test Cases/Autoposting TestCases/TC0373" classname="Test Cases/Autoposting TestCases/TC0373" status="PASSED">
         <system-out><![CDATA[2019-04-22 12:31:40 - [TEST_CASE][PASSED] - Test Cases/Autoposting TestCases/TC0373: Test Cases/Autoposting TestCases/TC0373

2019-04-22 12:31:40 - [TEST_STEP][PASSED] - callTestCase: Call Test Case 'Test Cases/s-sidebar_navigation/individualAccount/Autoposting' successfully

2019-04-22 12:31:40 - [TEST_CASE][PASSED] - Test Cases/s-sidebar_navigation/individualAccount/Autoposting: Test Cases/s-sidebar_navigation/individualAccount/Autoposting

2019-04-22 12:31:40 - [TEST_STEP][PASSED] - click: Object: 'Object Repository/Page_KiboPush  Dashboard/span_Sequence Messaging' is clicked on

2019-04-22 12:31:41 - [MESSAGE][PASSED] - Object: 'Object Repository/Page_KiboPush  Dashboard/span_Sequence Messaging' is clicked on

2019-04-22 12:31:41 - [TEST_STEP][PASSED] - delay: Delayed 1 second(s)

2019-04-22 12:31:42 - [MESSAGE][PASSED] - Delayed 1 second(s)

2019-04-22 12:31:42 - [TEST_STEP][PASSED] - click: Object: 'Object Repository/Page_KiboPush  Dashboard/span_Autoposting' is clicked on

2019-04-22 12:31:42 - [MESSAGE][PASSED] - Object: 'Object Repository/Page_KiboPush  Dashboard/span_Autoposting' is clicked on

2019-04-22 12:31:42 - [TEST_STEP][PASSED] - scrollToPosition: Browser is scrolled to position x = 0, y = 0

2019-04-22 12:31:42 - [MESSAGE][PASSED] - Browser is scrolled to position x = 0, y = 0

2019-04-22 12:31:42 - [TEST_STEP][PASSED] - click: Object: 'Object Repository/Page_KiboPush  Autoposting/h3_Auto Posting' is clicked on

2019-04-22 12:31:42 - [MESSAGE][PASSED] - Object: 'Object Repository/Page_KiboPush  Autoposting/h3_Auto Posting' is clicked on

2019-04-22 12:31:42 - [TEST_STEP][PASSED] - delay: Delayed 2 second(s)

2019-04-22 12:31:44 - [MESSAGE][PASSED] - Delayed 2 second(s)

2019-04-22 12:31:44 - [MESSAGE][PASSED] - Call Test Case 'Test Cases/s-sidebar_navigation/individualAccount/Autoposting' successfully

2019-04-22 12:31:44 - [TEST_STEP][PASSED] - click: Object: 'Object Repository/Page_KiboPush  Autoposting/span_Add Feed (2)' is clicked on

2019-04-22 12:31:45 - [MESSAGE][PASSED] - Object: 'Object Repository/Page_KiboPush  Autoposting/span_Add Feed (2)' is clicked on

2019-04-22 12:31:45 - [TEST_STEP][PASSED] - click: Object: 'Object Repository/Page_Auto Posting - KiboPush/circle_cross' is clicked on

2019-04-22 12:31:45 - [MESSAGE][PASSED] - Object: 'Object Repository/Page_Auto Posting - KiboPush/circle_cross' is clicked on

2019-04-22 12:31:45 - [TEST_STEP][PASSED] - scrollToPosition: Browser is scrolled to position x = 0, y = 0

2019-04-22 12:31:45 - [MESSAGE][PASSED] - Browser is scrolled to position x = 0, y = 0

2019-04-22 12:31:45 - [TEST_STEP][PASSED] - delay: Delayed 2 second(s)

2019-04-22 12:31:47 - [MESSAGE][PASSED] - Delayed 2 second(s)

2019-04-22 12:31:47 - [TEST_STEP][PASSED] - click: Object: 'Object Repository/Page_KiboPush  Autoposting/h3_Auto Posting' is clicked on

2019-04-22 12:31:48 - [MESSAGE][PASSED] - Object: 'Object Repository/Page_KiboPush  Autoposting/h3_Auto Posting' is clicked on]]></system-out>
         <system-err><![CDATA[]]></system-err>
      </testcase>
      <testcase name="Test Cases/Autoposting TestCases/TC0375" classname="Test Cases/Autoposting TestCases/TC0375" status="PASSED">
         <system-out><![CDATA[2019-04-22 12:31:48 - [TEST_CASE][PASSED] - Test Cases/Autoposting TestCases/TC0375: Test Cases/Autoposting TestCases/TC0375

2019-04-22 12:31:49 - [TEST_STEP][PASSED] - callTestCase: Call Test Case 'Test Cases/s-sidebar_navigation/individualAccount/Autoposting' successfully

2019-04-22 12:31:49 - [TEST_CASE][PASSED] - Test Cases/s-sidebar_navigation/individualAccount/Autoposting: Test Cases/s-sidebar_navigation/individualAccount/Autoposting

2019-04-22 12:31:49 - [TEST_STEP][PASSED] - click: Object: 'Object Repository/Page_KiboPush  Dashboard/span_Sequence Messaging' is clicked on

2019-04-22 12:31:49 - [MESSAGE][PASSED] - Object: 'Object Repository/Page_KiboPush  Dashboard/span_Sequence Messaging' is clicked on

2019-04-22 12:31:49 - [TEST_STEP][PASSED] - delay: Delayed 1 second(s)

2019-04-22 12:31:50 - [MESSAGE][PASSED] - Delayed 1 second(s)

2019-04-22 12:31:50 - [TEST_STEP][PASSED] - click: Object: 'Object Repository/Page_KiboPush  Dashboard/span_Autoposting' is clicked on

2019-04-22 12:31:51 - [MESSAGE][PASSED] - Object: 'Object Repository/Page_KiboPush  Dashboard/span_Autoposting' is clicked on

2019-04-22 12:31:51 - [TEST_STEP][PASSED] - scrollToPosition: Browser is scrolled to position x = 0, y = 0

2019-04-22 12:31:51 - [MESSAGE][PASSED] - Browser is scrolled to position x = 0, y = 0

2019-04-22 12:31:51 - [TEST_STEP][PASSED] - click: Object: 'Object Repository/Page_KiboPush  Autoposting/h3_Auto Posting' is clicked on

2019-04-22 12:31:52 - [MESSAGE][PASSED] - Object: 'Object Repository/Page_KiboPush  Autoposting/h3_Auto Posting' is clicked on

2019-04-22 12:31:52 - [TEST_STEP][PASSED] - delay: Delayed 2 second(s)

2019-04-22 12:31:54 - [MESSAGE][PASSED] - Delayed 2 second(s)

2019-04-22 12:31:54 - [MESSAGE][PASSED] - Call Test Case 'Test Cases/s-sidebar_navigation/individualAccount/Autoposting' successfully

2019-04-22 12:31:54 - [TEST_STEP][PASSED] - click: Object: 'Object Repository/Page_KiboPush  Autoposting/span_Add Feed' is clicked on

2019-04-22 12:31:54 - [MESSAGE][PASSED] - Object: 'Object Repository/Page_KiboPush  Autoposting/span_Add Feed' is clicked on

2019-04-22 12:31:54 - [TEST_STEP][PASSED] - setText: Text 'https://www.facebook.com/Test5-2090553931018635' is set on object 'Object Repository/Page_KiboPush  Autoposting/input_form-control'

2019-04-22 12:31:55 - [MESSAGE][PASSED] - Text 'https://www.facebook.com/Test5-2090553931018635' is set on object 'Object Repository/Page_KiboPush  Autoposting/input_form-control'

2019-04-22 12:31:55 - [TEST_STEP][PASSED] - click: Object: 'Object Repository/Page_KiboPush  Autoposting/button_Add Facebook Account' is clicked on

2019-04-22 12:31:56 - [MESSAGE][PASSED] - Object: 'Object Repository/Page_KiboPush  Autoposting/button_Add Facebook Account' is clicked on

2019-04-22 12:31:56 - [TEST_STEP][PASSED] - delay: Delayed 3 second(s)

2019-04-22 12:31:59 - [MESSAGE][PASSED] - Delayed 3 second(s)]]></system-out>
         <system-err><![CDATA[]]></system-err>
      </testcase>
      <testcase name="Test Cases/Autoposting TestCases/TC0378" classname="Test Cases/Autoposting TestCases/TC0378" status="PASSED">
         <system-out><![CDATA[2019-04-22 12:31:59 - [TEST_CASE][PASSED] - Test Cases/Autoposting TestCases/TC0378: Test Cases/Autoposting TestCases/TC0378

2019-04-22 12:31:59 - [TEST_STEP][PASSED] - callTestCase: Call Test Case 'Test Cases/s-sidebar_navigation/individualAccount/Autoposting' successfully

2019-04-22 12:31:59 - [TEST_CASE][PASSED] - Test Cases/s-sidebar_navigation/individualAccount/Autoposting: Test Cases/s-sidebar_navigation/individualAccount/Autoposting

2019-04-22 12:31:59 - [TEST_STEP][PASSED] - click: Object: 'Object Repository/Page_KiboPush  Dashboard/span_Sequence Messaging' is clicked on

2019-04-22 12:32:00 - [MESSAGE][PASSED] - Object: 'Object Repository/Page_KiboPush  Dashboard/span_Sequence Messaging' is clicked on

2019-04-22 12:32:00 - [TEST_STEP][PASSED] - delay: Delayed 1 second(s)

2019-04-22 12:32:01 - [MESSAGE][PASSED] - Delayed 1 second(s)

2019-04-22 12:32:01 - [TEST_STEP][PASSED] - click: Object: 'Object Repository/Page_KiboPush  Dashboard/span_Autoposting' is clicked on

2019-04-22 12:32:01 - [MESSAGE][PASSED] - Object: 'Object Repository/Page_KiboPush  Dashboard/span_Autoposting' is clicked on

2019-04-22 12:32:01 - [TEST_STEP][PASSED] - scrollToPosition: Browser is scrolled to position x = 0, y = 0

2019-04-22 12:32:02 - [MESSAGE][PASSED] - Browser is scrolled to position x = 0, y = 0

2019-04-22 12:32:02 - [TEST_STEP][PASSED] - click: Object: 'Object Repository/Page_KiboPush  Autoposting/h3_Auto Posting' is clicked on

2019-04-22 12:32:02 - [MESSAGE][PASSED] - Object: 'Object Repository/Page_KiboPush  Autoposting/h3_Auto Posting' is clicked on

2019-04-22 12:32:02 - [TEST_STEP][PASSED] - delay: Delayed 2 second(s)

2019-04-22 12:32:04 - [MESSAGE][PASSED] - Delayed 2 second(s)

2019-04-22 12:32:04 - [MESSAGE][PASSED] - Call Test Case 'Test Cases/s-sidebar_navigation/individualAccount/Autoposting' successfully

2019-04-22 12:32:04 - [TEST_STEP][PASSED] - click: Object: 'Object Repository/Page_KiboPush  Autoposting/span_Add Feed (3) (1)' is clicked on

2019-04-22 12:32:04 - [MESSAGE][PASSED] - Object: 'Object Repository/Page_KiboPush  Autoposting/span_Add Feed (3) (1)' is clicked on

2019-04-22 12:32:04 - [TEST_STEP][PASSED] - click: Object: 'Object Repository/Page_KiboPush  Autoposting/button_WordPress (1) (1)' is clicked on

2019-04-22 12:32:05 - [MESSAGE][PASSED] - Object: 'Object Repository/Page_KiboPush  Autoposting/button_WordPress (1) (1)' is clicked on

2019-04-22 12:32:05 - [TEST_STEP][PASSED] - click: Object: 'Object Repository/Page_KiboPush  Autoposting/button_View Integration Guidel (1) (1)' is clicked on

2019-04-22 12:32:05 - [MESSAGE][PASSED] - Object: 'Object Repository/Page_KiboPush  Autoposting/button_View Integration Guidel (1) (1)' is clicked on

2019-04-22 12:32:05 - [TEST_STEP][PASSED] - click: Object: 'Object Repository/Page_KiboPush  Autoposting/a_WordPress.com (1) (1)' is clicked on

2019-04-22 12:32:05 - [MESSAGE][PASSED] - Object: 'Object Repository/Page_KiboPush  Autoposting/a_WordPress.com (1) (1)' is clicked on

2019-04-22 12:32:05 - [TEST_STEP][PASSED] - scrollToPosition: Browser is scrolled to position x = 0, y = 0

2019-04-22 12:32:05 - [MESSAGE][PASSED] - Browser is scrolled to position x = 0, y = 0

2019-04-22 12:32:05 - [TEST_STEP][PASSED] - click: Object: 'Object Repository/Page_KiboPush  Autoposting/h4_Guidelines for integrating' is clicked on

2019-04-22 12:32:06 - [MESSAGE][PASSED] - Object: 'Object Repository/Page_KiboPush  Autoposting/h4_Guidelines for integrating' is clicked on]]></system-out>
         <system-err><![CDATA[]]></system-err>
      </testcase>
      <testcase name="Test Cases/Autoposting TestCases/TC0379" classname="Test Cases/Autoposting TestCases/TC0379" status="PASSED">
         <system-out><![CDATA[2019-04-22 12:32:06 - [TEST_CASE][PASSED] - Test Cases/Autoposting TestCases/TC0379: Test Cases/Autoposting TestCases/TC0379

2019-04-22 12:32:06 - [TEST_STEP][PASSED] - callTestCase: Call Test Case 'Test Cases/s-sidebar_navigation/individualAccount/Autoposting' successfully

2019-04-22 12:32:06 - [TEST_CASE][PASSED] - Test Cases/s-sidebar_navigation/individualAccount/Autoposting: Test Cases/s-sidebar_navigation/individualAccount/Autoposting

2019-04-22 12:32:06 - [TEST_STEP][PASSED] - click: Object: 'Object Repository/Page_KiboPush  Dashboard/span_Sequence Messaging' is clicked on

2019-04-22 12:32:06 - [MESSAGE][PASSED] - Object: 'Object Repository/Page_KiboPush  Dashboard/span_Sequence Messaging' is clicked on

2019-04-22 12:32:06 - [TEST_STEP][PASSED] - delay: Delayed 1 second(s)

2019-04-22 12:32:07 - [MESSAGE][PASSED] - Delayed 1 second(s)

2019-04-22 12:32:07 - [TEST_STEP][PASSED] - click: Object: 'Object Repository/Page_KiboPush  Dashboard/span_Autoposting' is clicked on

2019-04-22 12:32:08 - [MESSAGE][PASSED] - Object: 'Object Repository/Page_KiboPush  Dashboard/span_Autoposting' is clicked on

2019-04-22 12:32:08 - [TEST_STEP][PASSED] - scrollToPosition: Browser is scrolled to position x = 0, y = 0

2019-04-22 12:32:08 - [MESSAGE][PASSED] - Browser is scrolled to position x = 0, y = 0

2019-04-22 12:32:08 - [TEST_STEP][PASSED] - click: Object: 'Object Repository/Page_KiboPush  Autoposting/h3_Auto Posting' is clicked on

2019-04-22 12:32:09 - [MESSAGE][PASSED] - Object: 'Object Repository/Page_KiboPush  Autoposting/h3_Auto Posting' is clicked on

2019-04-22 12:32:09 - [TEST_STEP][PASSED] - delay: Delayed 2 second(s)

2019-04-22 12:32:11 - [MESSAGE][PASSED] - Delayed 2 second(s)

2019-04-22 12:32:11 - [MESSAGE][PASSED] - Call Test Case 'Test Cases/s-sidebar_navigation/individualAccount/Autoposting' successfully

2019-04-22 12:32:11 - [TEST_STEP][PASSED] - click: Object: 'Object Repository/Page_KiboPush  Autoposting/span_Add Feed' is clicked on

2019-04-22 12:32:11 - [MESSAGE][PASSED] - Object: 'Object Repository/Page_KiboPush  Autoposting/span_Add Feed' is clicked on

2019-04-22 12:32:11 - [TEST_STEP][PASSED] - click: Object: 'Object Repository/Page_KiboPush  Autoposting/button_Add Facebook Account' is clicked on

2019-04-22 12:32:11 - [MESSAGE][PASSED] - Object: 'Object Repository/Page_KiboPush  Autoposting/button_Add Facebook Account' is clicked on

2019-04-22 12:32:11 - [TEST_STEP][PASSED] - delay: Delayed 2 second(s)

2019-04-22 12:32:13 - [MESSAGE][PASSED] - Delayed 2 second(s)

2019-04-22 12:32:13 - [TEST_STEP][PASSED] - click: Object: 'Object Repository/Page_KiboPush  Autoposting/span_Incorrect Url' is clicked on

2019-04-22 12:32:14 - [MESSAGE][PASSED] - Object: 'Object Repository/Page_KiboPush  Autoposting/span_Incorrect Url' is clicked on]]></system-out>
         <system-err><![CDATA[]]></system-err>
      </testcase>
      <testcase name="Test Cases/Autoposting TestCases/TC0380" classname="Test Cases/Autoposting TestCases/TC0380" status="PASSED">
         <system-out><![CDATA[2019-04-22 12:32:14 - [TEST_CASE][PASSED] - Test Cases/Autoposting TestCases/TC0380: Test Cases/Autoposting TestCases/TC0380

2019-04-22 12:32:14 - [TEST_STEP][PASSED] - callTestCase: Call Test Case 'Test Cases/s-sidebar_navigation/individualAccount/Autoposting' successfully

2019-04-22 12:32:14 - [TEST_CASE][PASSED] - Test Cases/s-sidebar_navigation/individualAccount/Autoposting: Test Cases/s-sidebar_navigation/individualAccount/Autoposting

2019-04-22 12:32:14 - [TEST_STEP][PASSED] - click: Object: 'Object Repository/Page_KiboPush  Dashboard/span_Sequence Messaging' is clicked on

2019-04-22 12:32:15 - [MESSAGE][PASSED] - Object: 'Object Repository/Page_KiboPush  Dashboard/span_Sequence Messaging' is clicked on

2019-04-22 12:32:15 - [TEST_STEP][PASSED] - delay: Delayed 1 second(s)

2019-04-22 12:32:16 - [MESSAGE][PASSED] - Delayed 1 second(s)

2019-04-22 12:32:16 - [TEST_STEP][PASSED] - click: Object: 'Object Repository/Page_KiboPush  Dashboard/span_Autoposting' is clicked on

2019-04-22 12:32:16 - [MESSAGE][PASSED] - Object: 'Object Repository/Page_KiboPush  Dashboard/span_Autoposting' is clicked on

2019-04-22 12:32:16 - [TEST_STEP][PASSED] - scrollToPosition: Browser is scrolled to position x = 0, y = 0

2019-04-22 12:32:16 - [MESSAGE][PASSED] - Browser is scrolled to position x = 0, y = 0

2019-04-22 12:32:16 - [TEST_STEP][PASSED] - click: Object: 'Object Repository/Page_KiboPush  Autoposting/h3_Auto Posting' is clicked on

2019-04-22 12:32:16 - [MESSAGE][PASSED] - Object: 'Object Repository/Page_KiboPush  Autoposting/h3_Auto Posting' is clicked on

2019-04-22 12:32:16 - [TEST_STEP][PASSED] - delay: Delayed 2 second(s)

2019-04-22 12:32:18 - [MESSAGE][PASSED] - Delayed 2 second(s)

2019-04-22 12:32:18 - [MESSAGE][PASSED] - Call Test Case 'Test Cases/s-sidebar_navigation/individualAccount/Autoposting' successfully

2019-04-22 12:32:18 - [TEST_STEP][PASSED] - click: Object: 'Object Repository/Page_KiboPush  Autoposting/a_' is clicked on

2019-04-22 12:32:19 - [MESSAGE][PASSED] - Object: 'Object Repository/Page_KiboPush  Autoposting/a_' is clicked on

2019-04-22 12:32:19 - [TEST_STEP][PASSED] - click: Object: 'Object Repository/Page_KiboPush  Autoposting/button_Delete' is clicked on

2019-04-22 12:32:19 - [MESSAGE][PASSED] - Object: 'Object Repository/Page_KiboPush  Autoposting/button_Delete' is clicked on

2019-04-22 12:32:19 - [TEST_STEP][PASSED] - delay: Delayed 2 second(s)

2019-04-22 12:32:21 - [MESSAGE][PASSED] - Delayed 2 second(s)

2019-04-22 12:32:21 - [TEST_STEP][PASSED] - click: Object: 'Object Repository/Page_KiboPush  Autoposting/span_Add Feed' is clicked on

2019-04-22 12:32:22 - [MESSAGE][PASSED] - Object: 'Object Repository/Page_KiboPush  Autoposting/span_Add Feed' is clicked on

2019-04-22 12:32:22 - [TEST_STEP][PASSED] - setText: Text 'https://www.facebook.com/Test5-2090553931018635' is set on object 'Object Repository/Page_KiboPush  Autoposting/input_form-control'

2019-04-22 12:32:23 - [MESSAGE][PASSED] - Text 'https://www.facebook.com/Test5-2090553931018635' is set on object 'Object Repository/Page_KiboPush  Autoposting/input_form-control'

2019-04-22 12:32:23 - [TEST_STEP][PASSED] - click: Object: 'Object Repository/Page_KiboPush  Autoposting/button_Add Facebook Account' is clicked on

2019-04-22 12:32:23 - [MESSAGE][PASSED] - Object: 'Object Repository/Page_KiboPush  Autoposting/button_Add Facebook Account' is clicked on

2019-04-22 12:32:23 - [TEST_STEP][PASSED] - delay: Delayed 2 second(s)

2019-04-22 12:32:25 - [MESSAGE][PASSED] - Delayed 2 second(s)]]></system-out>
         <system-err><![CDATA[]]></system-err>
      </testcase>
      <testcase name="Test Cases/Autoposting TestCases/TC0381" classname="Test Cases/Autoposting TestCases/TC0381" status="PASSED">
         <system-out><![CDATA[2019-04-22 12:32:25 - [TEST_CASE][PASSED] - Test Cases/Autoposting TestCases/TC0381: Test Cases/Autoposting TestCases/TC0381

2019-04-22 12:32:25 - [TEST_STEP][PASSED] - callTestCase: Call Test Case 'Test Cases/s-sidebar_navigation/individualAccount/Autoposting' successfully

2019-04-22 12:32:25 - [TEST_CASE][PASSED] - Test Cases/s-sidebar_navigation/individualAccount/Autoposting: Test Cases/s-sidebar_navigation/individualAccount/Autoposting

2019-04-22 12:32:25 - [TEST_STEP][PASSED] - click: Object: 'Object Repository/Page_KiboPush  Dashboard/span_Sequence Messaging' is clicked on

2019-04-22 12:32:26 - [MESSAGE][PASSED] - Object: 'Object Repository/Page_KiboPush  Dashboard/span_Sequence Messaging' is clicked on

2019-04-22 12:32:26 - [TEST_STEP][PASSED] - delay: Delayed 1 second(s)

2019-04-22 12:32:27 - [MESSAGE][PASSED] - Delayed 1 second(s)

2019-04-22 12:32:27 - [TEST_STEP][PASSED] - click: Object: 'Object Repository/Page_KiboPush  Dashboard/span_Autoposting' is clicked on

2019-04-22 12:32:27 - [MESSAGE][PASSED] - Object: 'Object Repository/Page_KiboPush  Dashboard/span_Autoposting' is clicked on

2019-04-22 12:32:27 - [TEST_STEP][PASSED] - scrollToPosition: Browser is scrolled to position x = 0, y = 0

2019-04-22 12:32:27 - [MESSAGE][PASSED] - Browser is scrolled to position x = 0, y = 0

2019-04-22 12:32:27 - [TEST_STEP][PASSED] - click: Object: 'Object Repository/Page_KiboPush  Autoposting/h3_Auto Posting' is clicked on

2019-04-22 12:32:28 - [MESSAGE][PASSED] - Object: 'Object Repository/Page_KiboPush  Autoposting/h3_Auto Posting' is clicked on

2019-04-22 12:32:28 - [TEST_STEP][PASSED] - delay: Delayed 2 second(s)

2019-04-22 12:32:30 - [MESSAGE][PASSED] - Delayed 2 second(s)

2019-04-22 12:32:30 - [MESSAGE][PASSED] - Call Test Case 'Test Cases/s-sidebar_navigation/individualAccount/Autoposting' successfully

2019-04-22 12:32:30 - [TEST_STEP][PASSED] - click: Object: 'Object Repository/Page_KiboPush  Autoposting/span_Subscription URL' is clicked on

2019-04-22 12:32:30 - [MESSAGE][PASSED] - Object: 'Object Repository/Page_KiboPush  Autoposting/span_Subscription URL' is clicked on]]></system-out>
         <system-err><![CDATA[]]></system-err>
      </testcase>
      <testcase name="Test Cases/Autoposting TestCases/TC0382" classname="Test Cases/Autoposting TestCases/TC0382" status="PASSED">
         <system-out><![CDATA[2019-04-22 12:32:30 - [TEST_CASE][PASSED] - Test Cases/Autoposting TestCases/TC0382: Test Cases/Autoposting TestCases/TC0382

2019-04-22 12:32:30 - [TEST_STEP][PASSED] - callTestCase: Call Test Case 'Test Cases/s-sidebar_navigation/individualAccount/Autoposting' successfully

2019-04-22 12:32:30 - [TEST_CASE][PASSED] - Test Cases/s-sidebar_navigation/individualAccount/Autoposting: Test Cases/s-sidebar_navigation/individualAccount/Autoposting

2019-04-22 12:32:30 - [TEST_STEP][PASSED] - click: Object: 'Object Repository/Page_KiboPush  Dashboard/span_Sequence Messaging' is clicked on

2019-04-22 12:32:31 - [MESSAGE][PASSED] - Object: 'Object Repository/Page_KiboPush  Dashboard/span_Sequence Messaging' is clicked on

2019-04-22 12:32:31 - [TEST_STEP][PASSED] - delay: Delayed 1 second(s)

2019-04-22 12:32:32 - [MESSAGE][PASSED] - Delayed 1 second(s)

2019-04-22 12:32:32 - [TEST_STEP][PASSED] - click: Object: 'Object Repository/Page_KiboPush  Dashboard/span_Autoposting' is clicked on

2019-04-22 12:32:32 - [MESSAGE][PASSED] - Object: 'Object Repository/Page_KiboPush  Dashboard/span_Autoposting' is clicked on

2019-04-22 12:32:32 - [TEST_STEP][PASSED] - scrollToPosition: Browser is scrolled to position x = 0, y = 0

2019-04-22 12:32:33 - [MESSAGE][PASSED] - Browser is scrolled to position x = 0, y = 0

2019-04-22 12:32:33 - [TEST_STEP][PASSED] - click: Object: 'Object Repository/Page_KiboPush  Autoposting/h3_Auto Posting' is clicked on

2019-04-22 12:32:33 - [MESSAGE][PASSED] - Object: 'Object Repository/Page_KiboPush  Autoposting/h3_Auto Posting' is clicked on

2019-04-22 12:32:33 - [TEST_STEP][PASSED] - delay: Delayed 2 second(s)

2019-04-22 12:32:35 - [MESSAGE][PASSED] - Delayed 2 second(s)

2019-04-22 12:32:35 - [MESSAGE][PASSED] - Call Test Case 'Test Cases/s-sidebar_navigation/individualAccount/Autoposting' successfully

2019-04-22 12:32:35 - [TEST_STEP][PASSED] - click: Object: 'Object Repository/Page_KiboPush  Autoposting/i_la la-gear (3)' is clicked on

2019-04-22 12:32:36 - [MESSAGE][PASSED] - Object: 'Object Repository/Page_KiboPush  Autoposting/i_la la-gear (3)' is clicked on

2019-04-22 12:32:36 - [TEST_STEP][PASSED] - scrollToPosition: Browser is scrolled to position x = 0, y = 0

2019-04-22 12:32:36 - [MESSAGE][PASSED] - Browser is scrolled to position x = 0, y = 0

2019-04-22 12:32:36 - [TEST_STEP][PASSED] - click: Object: 'Object Repository/Page_KiboPush  Autoposting/h3_Feed Settings' is clicked on

2019-04-22 12:32:36 - [MESSAGE][PASSED] - Object: 'Object Repository/Page_KiboPush  Autoposting/h3_Feed Settings' is clicked on]]></system-out>
         <system-err><![CDATA[]]></system-err>
      </testcase>
      <testcase name="Test Cases/Autoposting TestCases/TC0383" classname="Test Cases/Autoposting TestCases/TC0383" status="PASSED">
         <system-out><![CDATA[2019-04-22 12:32:36 - [TEST_CASE][PASSED] - Test Cases/Autoposting TestCases/TC0383: Test Cases/Autoposting TestCases/TC0383

2019-04-22 12:32:36 - [TEST_STEP][PASSED] - callTestCase: Call Test Case 'Test Cases/Autoposting TestCases/TC0382' successfully

2019-04-22 12:32:36 - [TEST_CASE][PASSED] - Test Cases/Autoposting TestCases/TC0382: Test Cases/Autoposting TestCases/TC0382

2019-04-22 12:32:36 - [TEST_STEP][PASSED] - callTestCase: Call Test Case 'Test Cases/s-sidebar_navigation/individualAccount/Autoposting' successfully

2019-04-22 12:32:36 - [TEST_CASE][PASSED] - Test Cases/s-sidebar_navigation/individualAccount/Autoposting: Test Cases/s-sidebar_navigation/individualAccount/Autoposting

2019-04-22 12:32:37 - [TEST_STEP][PASSED] - click: Object: 'Object Repository/Page_KiboPush  Dashboard/span_Sequence Messaging' is clicked on

2019-04-22 12:32:37 - [MESSAGE][PASSED] - Object: 'Object Repository/Page_KiboPush  Dashboard/span_Sequence Messaging' is clicked on

2019-04-22 12:32:37 - [TEST_STEP][PASSED] - delay: Delayed 1 second(s)

2019-04-22 12:32:38 - [MESSAGE][PASSED] - Delayed 1 second(s)

2019-04-22 12:32:38 - [TEST_STEP][PASSED] - click: Object: 'Object Repository/Page_KiboPush  Dashboard/span_Autoposting' is clicked on

2019-04-22 12:32:38 - [MESSAGE][PASSED] - Object: 'Object Repository/Page_KiboPush  Dashboard/span_Autoposting' is clicked on

2019-04-22 12:32:38 - [TEST_STEP][PASSED] - scrollToPosition: Browser is scrolled to position x = 0, y = 0

2019-04-22 12:32:39 - [MESSAGE][PASSED] - Browser is scrolled to position x = 0, y = 0

2019-04-22 12:32:39 - [TEST_STEP][PASSED] - click: Object: 'Object Repository/Page_KiboPush  Autoposting/h3_Auto Posting' is clicked on

2019-04-22 12:32:39 - [MESSAGE][PASSED] - Object: 'Object Repository/Page_KiboPush  Autoposting/h3_Auto Posting' is clicked on

2019-04-22 12:32:39 - [TEST_STEP][PASSED] - delay: Delayed 2 second(s)

2019-04-22 12:32:41 - [MESSAGE][PASSED] - Delayed 2 second(s)

2019-04-22 12:32:41 - [MESSAGE][PASSED] - Call Test Case 'Test Cases/s-sidebar_navigation/individualAccount/Autoposting' successfully

2019-04-22 12:32:41 - [TEST_STEP][PASSED] - click: Object: 'Object Repository/Page_KiboPush  Autoposting/i_la la-gear (3)' is clicked on

2019-04-22 12:32:42 - [MESSAGE][PASSED] - Object: 'Object Repository/Page_KiboPush  Autoposting/i_la la-gear (3)' is clicked on

2019-04-22 12:32:42 - [TEST_STEP][PASSED] - scrollToPosition: Browser is scrolled to position x = 0, y = 0

2019-04-22 12:32:42 - [MESSAGE][PASSED] - Browser is scrolled to position x = 0, y = 0

2019-04-22 12:32:42 - [TEST_STEP][PASSED] - click: Object: 'Object Repository/Page_KiboPush  Autoposting/h3_Feed Settings' is clicked on

2019-04-22 12:32:42 - [MESSAGE][PASSED] - Object: 'Object Repository/Page_KiboPush  Autoposting/h3_Feed Settings' is clicked on

2019-04-22 12:32:42 - [MESSAGE][PASSED] - Call Test Case 'Test Cases/Autoposting TestCases/TC0382' successfully

2019-04-22 12:32:42 - [TEST_STEP][PASSED] - click: Object: 'Object Repository/Page_KiboPush  Autoposting/h3_Feed Settings (4)' is clicked on

2019-04-22 12:32:43 - [MESSAGE][PASSED] - Object: 'Object Repository/Page_KiboPush  Autoposting/h3_Feed Settings (4)' is clicked on

2019-04-22 12:32:43 - [TEST_STEP][PASSED] - setText: Text 'Facebook' is set on object 'Object Repository/Page_KiboPush  Autoposting/input_form-control m-input (3)'

2019-04-22 12:32:43 - [MESSAGE][PASSED] - Text 'Facebook' is set on object 'Object Repository/Page_KiboPush  Autoposting/input_form-control m-input (3)'

2019-04-22 12:32:43 - [TEST_STEP][PASSED] - click: Object: 'Object Repository/Page_KiboPush  Autoposting/button_Save Changes (2)' is clicked on

2019-04-22 12:32:44 - [MESSAGE][PASSED] - Object: 'Object Repository/Page_KiboPush  Autoposting/button_Save Changes (2)' is clicked on

2019-04-22 12:32:44 - [TEST_STEP][PASSED] - click: Object: 'Object Repository/Page_KiboPush  Autoposting/div_Changes saved successfully (1)' is clicked on

2019-04-22 12:32:45 - [MESSAGE][PASSED] - Object: 'Object Repository/Page_KiboPush  Autoposting/div_Changes saved successfully (1)' is clicked on

2019-04-22 12:32:45 - [TEST_STEP][PASSED] - setText: Text 'Facebook Page' is set on object 'Object Repository/Page_KiboPush  Autoposting/input_form-control m-input (3)'

2019-04-22 12:32:46 - [MESSAGE][PASSED] - Text 'Facebook Page' is set on object 'Object Repository/Page_KiboPush  Autoposting/input_form-control m-input (3)'

2019-04-22 12:32:46 - [TEST_STEP][PASSED] - click: Object: 'Object Repository/Page_KiboPush  Autoposting/button_Save Changes (2)' is clicked on

2019-04-22 12:32:46 - [MESSAGE][PASSED] - Object: 'Object Repository/Page_KiboPush  Autoposting/button_Save Changes (2)' is clicked on

2019-04-22 12:32:46 - [TEST_STEP][PASSED] - click: Object: 'Object Repository/Page_KiboPush  Autoposting/div_Changes saved successfully (1)' is clicked on

2019-04-22 12:32:46 - [MESSAGE][PASSED] - Object: 'Object Repository/Page_KiboPush  Autoposting/div_Changes saved successfully (1)' is clicked on]]></system-out>
         <system-err><![CDATA[]]></system-err>
      </testcase>
      <testcase name="Test Cases/Autoposting TestCases/TC0384" classname="Test Cases/Autoposting TestCases/TC0384" status="PASSED">
         <system-out><![CDATA[2019-04-22 12:32:46 - [TEST_CASE][PASSED] - Test Cases/Autoposting TestCases/TC0384: Test Cases/Autoposting TestCases/TC0384

2019-04-22 12:32:46 - [TEST_STEP][PASSED] - callTestCase: Call Test Case 'Test Cases/Autoposting TestCases/TC0382' successfully

2019-04-22 12:32:47 - [TEST_CASE][PASSED] - Test Cases/Autoposting TestCases/TC0382: Test Cases/Autoposting TestCases/TC0382

2019-04-22 12:32:47 - [TEST_STEP][PASSED] - callTestCase: Call Test Case 'Test Cases/s-sidebar_navigation/individualAccount/Autoposting' successfully

2019-04-22 12:32:47 - [TEST_CASE][PASSED] - Test Cases/s-sidebar_navigation/individualAccount/Autoposting: Test Cases/s-sidebar_navigation/individualAccount/Autoposting

2019-04-22 12:32:47 - [TEST_STEP][PASSED] - click: Object: 'Object Repository/Page_KiboPush  Dashboard/span_Sequence Messaging' is clicked on

2019-04-22 12:32:47 - [MESSAGE][PASSED] - Object: 'Object Repository/Page_KiboPush  Dashboard/span_Sequence Messaging' is clicked on

2019-04-22 12:32:47 - [TEST_STEP][PASSED] - delay: Delayed 1 second(s)

2019-04-22 12:32:48 - [MESSAGE][PASSED] - Delayed 1 second(s)

2019-04-22 12:32:48 - [TEST_STEP][PASSED] - click: Object: 'Object Repository/Page_KiboPush  Dashboard/span_Autoposting' is clicked on

2019-04-22 12:32:49 - [MESSAGE][PASSED] - Object: 'Object Repository/Page_KiboPush  Dashboard/span_Autoposting' is clicked on

2019-04-22 12:32:49 - [TEST_STEP][PASSED] - scrollToPosition: Browser is scrolled to position x = 0, y = 0

2019-04-22 12:32:49 - [MESSAGE][PASSED] - Browser is scrolled to position x = 0, y = 0

2019-04-22 12:32:49 - [TEST_STEP][PASSED] - click: Object: 'Object Repository/Page_KiboPush  Autoposting/h3_Auto Posting' is clicked on

2019-04-22 12:32:50 - [MESSAGE][PASSED] - Object: 'Object Repository/Page_KiboPush  Autoposting/h3_Auto Posting' is clicked on

2019-04-22 12:32:50 - [TEST_STEP][PASSED] - delay: Delayed 2 second(s)

2019-04-22 12:32:52 - [MESSAGE][PASSED] - Delayed 2 second(s)

2019-04-22 12:32:52 - [MESSAGE][PASSED] - Call Test Case 'Test Cases/s-sidebar_navigation/individualAccount/Autoposting' successfully

2019-04-22 12:32:52 - [TEST_STEP][PASSED] - click: Object: 'Object Repository/Page_KiboPush  Autoposting/i_la la-gear (3)' is clicked on

2019-04-22 12:32:52 - [MESSAGE][PASSED] - Object: 'Object Repository/Page_KiboPush  Autoposting/i_la la-gear (3)' is clicked on

2019-04-22 12:32:52 - [TEST_STEP][PASSED] - scrollToPosition: Browser is scrolled to position x = 0, y = 0

2019-04-22 12:32:52 - [MESSAGE][PASSED] - Browser is scrolled to position x = 0, y = 0

2019-04-22 12:32:52 - [TEST_STEP][PASSED] - click: Object: 'Object Repository/Page_KiboPush  Autoposting/h3_Feed Settings' is clicked on

2019-04-22 12:32:53 - [MESSAGE][PASSED] - Object: 'Object Repository/Page_KiboPush  Autoposting/h3_Feed Settings' is clicked on

2019-04-22 12:32:53 - [MESSAGE][PASSED] - Call Test Case 'Test Cases/Autoposting TestCases/TC0382' successfully

2019-04-22 12:32:53 - [TEST_STEP][PASSED] - setText: Text '' is set on object 'Object Repository/Page_KiboPush  Autoposting/input_form-control m-input (3)'

2019-04-22 12:32:53 - [MESSAGE][PASSED] - Text '' is set on object 'Object Repository/Page_KiboPush  Autoposting/input_form-control m-input (3)'

2019-04-22 12:32:53 - [TEST_STEP][PASSED] - click: Object: 'Object Repository/Page_KiboPush  Autoposting/button_Save Changes (1)' is clicked on

2019-04-22 12:32:53 - [MESSAGE][PASSED] - Object: 'Object Repository/Page_KiboPush  Autoposting/button_Save Changes (1)' is clicked on

2019-04-22 12:32:53 - [TEST_STEP][PASSED] - click: Object: 'Object Repository/Page_KiboPush  Autoposting/div_Please add Account Title' is clicked on

2019-04-22 12:32:54 - [MESSAGE][PASSED] - Object: 'Object Repository/Page_KiboPush  Autoposting/div_Please add Account Title' is clicked on]]></system-out>
         <system-err><![CDATA[]]></system-err>
      </testcase>
      <testcase name="Test Cases/Autoposting TestCases/TC0385" classname="Test Cases/Autoposting TestCases/TC0385" status="PASSED">
         <system-out><![CDATA[2019-04-22 12:32:54 - [TEST_CASE][PASSED] - Test Cases/Autoposting TestCases/TC0385: Test Cases/Autoposting TestCases/TC0385

2019-04-22 12:32:55 - [TEST_STEP][PASSED] - callTestCase: Call Test Case 'Test Cases/Autoposting TestCases/TC0382' successfully

2019-04-22 12:32:55 - [TEST_CASE][PASSED] - Test Cases/Autoposting TestCases/TC0382: Test Cases/Autoposting TestCases/TC0382

2019-04-22 12:32:55 - [TEST_STEP][PASSED] - callTestCase: Call Test Case 'Test Cases/s-sidebar_navigation/individualAccount/Autoposting' successfully

2019-04-22 12:32:55 - [TEST_CASE][PASSED] - Test Cases/s-sidebar_navigation/individualAccount/Autoposting: Test Cases/s-sidebar_navigation/individualAccount/Autoposting

2019-04-22 12:32:55 - [TEST_STEP][PASSED] - click: Object: 'Object Repository/Page_KiboPush  Dashboard/span_Sequence Messaging' is clicked on

2019-04-22 12:32:55 - [MESSAGE][PASSED] - Object: 'Object Repository/Page_KiboPush  Dashboard/span_Sequence Messaging' is clicked on

2019-04-22 12:32:55 - [TEST_STEP][PASSED] - delay: Delayed 1 second(s)

2019-04-22 12:32:56 - [MESSAGE][PASSED] - Delayed 1 second(s)

2019-04-22 12:32:56 - [TEST_STEP][PASSED] - click: Object: 'Object Repository/Page_KiboPush  Dashboard/span_Autoposting' is clicked on

2019-04-22 12:32:57 - [MESSAGE][PASSED] - Object: 'Object Repository/Page_KiboPush  Dashboard/span_Autoposting' is clicked on

2019-04-22 12:32:57 - [TEST_STEP][PASSED] - scrollToPosition: Browser is scrolled to position x = 0, y = 0

2019-04-22 12:32:57 - [MESSAGE][PASSED] - Browser is scrolled to position x = 0, y = 0

2019-04-22 12:32:57 - [TEST_STEP][PASSED] - click: Object: 'Object Repository/Page_KiboPush  Autoposting/h3_Auto Posting' is clicked on

2019-04-22 12:32:57 - [MESSAGE][PASSED] - Object: 'Object Repository/Page_KiboPush  Autoposting/h3_Auto Posting' is clicked on

2019-04-22 12:32:57 - [TEST_STEP][PASSED] - delay: Delayed 2 second(s)

2019-04-22 12:32:59 - [MESSAGE][PASSED] - Delayed 2 second(s)

2019-04-22 12:32:59 - [MESSAGE][PASSED] - Call Test Case 'Test Cases/s-sidebar_navigation/individualAccount/Autoposting' successfully

2019-04-22 12:32:59 - [TEST_STEP][PASSED] - click: Object: 'Object Repository/Page_KiboPush  Autoposting/i_la la-gear (3)' is clicked on

2019-04-22 12:33:00 - [MESSAGE][PASSED] - Object: 'Object Repository/Page_KiboPush  Autoposting/i_la la-gear (3)' is clicked on

2019-04-22 12:33:00 - [TEST_STEP][PASSED] - scrollToPosition: Browser is scrolled to position x = 0, y = 0

2019-04-22 12:33:00 - [MESSAGE][PASSED] - Browser is scrolled to position x = 0, y = 0

2019-04-22 12:33:00 - [TEST_STEP][PASSED] - click: Object: 'Object Repository/Page_KiboPush  Autoposting/h3_Feed Settings' is clicked on

2019-04-22 12:33:00 - [MESSAGE][PASSED] - Object: 'Object Repository/Page_KiboPush  Autoposting/h3_Feed Settings' is clicked on

2019-04-22 12:33:00 - [MESSAGE][PASSED] - Call Test Case 'Test Cases/Autoposting TestCases/TC0382' successfully

2019-04-22 12:33:00 - [TEST_STEP][PASSED] - selectOptionByValue: All options with value 'Disabled' are selected in object 'Object Repository/Page_KiboPush  Autoposting/select_ActiveDisabled (1)'  using regular expression

2019-04-22 12:33:01 - [MESSAGE][PASSED] - All options with value 'Disabled' are selected in object 'Object Repository/Page_KiboPush  Autoposting/select_ActiveDisabled (1)'  using regular expression

2019-04-22 12:33:01 - [TEST_STEP][PASSED] - click: Object: 'Object Repository/Page_KiboPush  Autoposting/button_Save Changes (3)' is clicked on

2019-04-22 12:33:01 - [MESSAGE][PASSED] - Object: 'Object Repository/Page_KiboPush  Autoposting/button_Save Changes (3)' is clicked on

2019-04-22 12:33:01 - [TEST_STEP][PASSED] - click: Object: 'Object Repository/Page_KiboPush  Autoposting/div_Changes saved successfully (2)' is clicked on

2019-04-22 12:33:03 - [MESSAGE][PASSED] - Object: 'Object Repository/Page_KiboPush  Autoposting/div_Changes saved successfully (2)' is clicked on

2019-04-22 12:33:03 - [TEST_STEP][PASSED] - selectOptionByValue: All options with value 'Active' are selected in object 'Object Repository/Page_KiboPush  Autoposting/select_ActiveDisabled (1)'  using regular expression

2019-04-22 12:33:03 - [MESSAGE][PASSED] - All options with value 'Active' are selected in object 'Object Repository/Page_KiboPush  Autoposting/select_ActiveDisabled (1)'  using regular expression

2019-04-22 12:33:03 - [TEST_STEP][PASSED] - click: Object: 'Object Repository/Page_KiboPush  Autoposting/button_Save Changes (3)' is clicked on

2019-04-22 12:33:04 - [MESSAGE][PASSED] - Object: 'Object Repository/Page_KiboPush  Autoposting/button_Save Changes (3)' is clicked on

2019-04-22 12:33:04 - [TEST_STEP][PASSED] - click: Object: 'Object Repository/Page_KiboPush  Autoposting/div_Changes saved successfully (2)' is clicked on

2019-04-22 12:33:04 - [MESSAGE][PASSED] - Object: 'Object Repository/Page_KiboPush  Autoposting/div_Changes saved successfully (2)' is clicked on]]></system-out>
         <system-err><![CDATA[]]></system-err>
      </testcase>
      <testcase name="Test Cases/Autoposting TestCases/TC0390-BackButton" classname="Test Cases/Autoposting TestCases/TC0390-BackButton" status="PASSED">
         <system-out><![CDATA[2019-04-22 12:33:04 - [TEST_CASE][PASSED] - Test Cases/Autoposting TestCases/TC0390-BackButton: Test Cases/Autoposting TestCases/TC0390-BackButton

2019-04-22 12:33:04 - [TEST_STEP][PASSED] - callTestCase: Call Test Case 'Test Cases/Autoposting TestCases/TC0382' successfully

2019-04-22 12:33:05 - [TEST_CASE][PASSED] - Test Cases/Autoposting TestCases/TC0382: Test Cases/Autoposting TestCases/TC0382

2019-04-22 12:33:05 - [TEST_STEP][PASSED] - callTestCase: Call Test Case 'Test Cases/s-sidebar_navigation/individualAccount/Autoposting' successfully

2019-04-22 12:33:05 - [TEST_CASE][PASSED] - Test Cases/s-sidebar_navigation/individualAccount/Autoposting: Test Cases/s-sidebar_navigation/individualAccount/Autoposting

2019-04-22 12:33:05 - [TEST_STEP][PASSED] - click: Object: 'Object Repository/Page_KiboPush  Dashboard/span_Sequence Messaging' is clicked on

2019-04-22 12:33:05 - [MESSAGE][PASSED] - Object: 'Object Repository/Page_KiboPush  Dashboard/span_Sequence Messaging' is clicked on

2019-04-22 12:33:05 - [TEST_STEP][PASSED] - delay: Delayed 1 second(s)

2019-04-22 12:33:06 - [MESSAGE][PASSED] - Delayed 1 second(s)

2019-04-22 12:33:06 - [TEST_STEP][PASSED] - click: Object: 'Object Repository/Page_KiboPush  Dashboard/span_Autoposting' is clicked on

2019-04-22 12:33:07 - [MESSAGE][PASSED] - Object: 'Object Repository/Page_KiboPush  Dashboard/span_Autoposting' is clicked on

2019-04-22 12:33:07 - [TEST_STEP][PASSED] - scrollToPosition: Browser is scrolled to position x = 0, y = 0

2019-04-22 12:33:07 - [MESSAGE][PASSED] - Browser is scrolled to position x = 0, y = 0

2019-04-22 12:33:07 - [TEST_STEP][PASSED] - click: Object: 'Object Repository/Page_KiboPush  Autoposting/h3_Auto Posting' is clicked on

2019-04-22 12:33:07 - [MESSAGE][PASSED] - Object: 'Object Repository/Page_KiboPush  Autoposting/h3_Auto Posting' is clicked on

2019-04-22 12:33:07 - [TEST_STEP][PASSED] - delay: Delayed 2 second(s)

2019-04-22 12:33:09 - [MESSAGE][PASSED] - Delayed 2 second(s)

2019-04-22 12:33:09 - [MESSAGE][PASSED] - Call Test Case 'Test Cases/s-sidebar_navigation/individualAccount/Autoposting' successfully

2019-04-22 12:33:09 - [TEST_STEP][PASSED] - click: Object: 'Object Repository/Page_KiboPush  Autoposting/i_la la-gear (3)' is clicked on

2019-04-22 12:33:10 - [MESSAGE][PASSED] - Object: 'Object Repository/Page_KiboPush  Autoposting/i_la la-gear (3)' is clicked on

2019-04-22 12:33:10 - [TEST_STEP][PASSED] - scrollToPosition: Browser is scrolled to position x = 0, y = 0

2019-04-22 12:33:10 - [MESSAGE][PASSED] - Browser is scrolled to position x = 0, y = 0

2019-04-22 12:33:10 - [TEST_STEP][PASSED] - click: Object: 'Object Repository/Page_KiboPush  Autoposting/h3_Feed Settings' is clicked on

2019-04-22 12:33:10 - [MESSAGE][PASSED] - Object: 'Object Repository/Page_KiboPush  Autoposting/h3_Feed Settings' is clicked on

2019-04-22 12:33:10 - [MESSAGE][PASSED] - Call Test Case 'Test Cases/Autoposting TestCases/TC0382' successfully

2019-04-22 12:33:10 - [TEST_STEP][PASSED] - setText: Text '' is set on object 'Object Repository/Page_KiboPush  Autoposting/input_form-control m-input (3)'

2019-04-22 12:33:11 - [MESSAGE][PASSED] - Text '' is set on object 'Object Repository/Page_KiboPush  Autoposting/input_form-control m-input (3)'

2019-04-22 12:33:11 - [TEST_STEP][PASSED] - click: Object: 'Object Repository/Page_KiboPush  Autoposting/button_Back (1) (1)' is clicked on

2019-04-22 12:33:11 - [MESSAGE][PASSED] - Object: 'Object Repository/Page_KiboPush  Autoposting/button_Back (1) (1)' is clicked on

2019-04-22 12:33:11 - [TEST_STEP][PASSED] - scrollToPosition: Browser is scrolled to position x = 0, y = 0

2019-04-22 12:33:11 - [MESSAGE][PASSED] - Browser is scrolled to position x = 0, y = 0

2019-04-22 12:33:11 - [TEST_STEP][PASSED] - click: Object: 'Object Repository/Page_KiboPush  Autoposting/h3_Auto Posting (1)' is clicked on

2019-04-22 12:33:11 - [MESSAGE][PASSED] - Object: 'Object Repository/Page_KiboPush  Autoposting/h3_Auto Posting (1)' is clicked on]]></system-out>
         <system-err><![CDATA[]]></system-err>
      </testcase>
      <testcase name="Test Cases/Autoposting TestCases/TC0390" classname="Test Cases/Autoposting TestCases/TC0390" status="PASSED">
         <system-out><![CDATA[2019-04-22 12:33:11 - [TEST_CASE][PASSED] - Test Cases/Autoposting TestCases/TC0390: Test Cases/Autoposting TestCases/TC0390

2019-04-22 12:33:12 - [TEST_STEP][PASSED] - callTestCase: Call Test Case 'Test Cases/Autoposting TestCases/TC0383' successfully

2019-04-22 12:33:12 - [TEST_CASE][PASSED] - Test Cases/Autoposting TestCases/TC0383: Test Cases/Autoposting TestCases/TC0383

2019-04-22 12:33:12 - [TEST_STEP][PASSED] - callTestCase: Call Test Case 'Test Cases/Autoposting TestCases/TC0382' successfully

2019-04-22 12:33:12 - [TEST_CASE][PASSED] - Test Cases/Autoposting TestCases/TC0382: Test Cases/Autoposting TestCases/TC0382

2019-04-22 12:33:12 - [TEST_STEP][PASSED] - callTestCase: Call Test Case 'Test Cases/s-sidebar_navigation/individualAccount/Autoposting' successfully

2019-04-22 12:33:12 - [TEST_CASE][PASSED] - Test Cases/s-sidebar_navigation/individualAccount/Autoposting: Test Cases/s-sidebar_navigation/individualAccount/Autoposting

2019-04-22 12:33:12 - [TEST_STEP][PASSED] - click: Object: 'Object Repository/Page_KiboPush  Dashboard/span_Sequence Messaging' is clicked on

2019-04-22 12:33:12 - [MESSAGE][PASSED] - Object: 'Object Repository/Page_KiboPush  Dashboard/span_Sequence Messaging' is clicked on

2019-04-22 12:33:12 - [TEST_STEP][PASSED] - delay: Delayed 1 second(s)

2019-04-22 12:33:13 - [MESSAGE][PASSED] - Delayed 1 second(s)

2019-04-22 12:33:13 - [TEST_STEP][PASSED] - click: Object: 'Object Repository/Page_KiboPush  Dashboard/span_Autoposting' is clicked on

2019-04-22 12:33:14 - [MESSAGE][PASSED] - Object: 'Object Repository/Page_KiboPush  Dashboard/span_Autoposting' is clicked on

2019-04-22 12:33:14 - [TEST_STEP][PASSED] - scrollToPosition: Browser is scrolled to position x = 0, y = 0

2019-04-22 12:33:14 - [MESSAGE][PASSED] - Browser is scrolled to position x = 0, y = 0

2019-04-22 12:33:14 - [TEST_STEP][PASSED] - click: Object: 'Object Repository/Page_KiboPush  Autoposting/h3_Auto Posting' is clicked on

2019-04-22 12:33:14 - [MESSAGE][PASSED] - Object: 'Object Repository/Page_KiboPush  Autoposting/h3_Auto Posting' is clicked on

2019-04-22 12:33:14 - [TEST_STEP][PASSED] - delay: Delayed 2 second(s)

2019-04-22 12:33:16 - [MESSAGE][PASSED] - Delayed 2 second(s)

2019-04-22 12:33:16 - [MESSAGE][PASSED] - Call Test Case 'Test Cases/s-sidebar_navigation/individualAccount/Autoposting' successfully

2019-04-22 12:33:16 - [TEST_STEP][PASSED] - click: Object: 'Object Repository/Page_KiboPush  Autoposting/i_la la-gear (3)' is clicked on

2019-04-22 12:33:17 - [MESSAGE][PASSED] - Object: 'Object Repository/Page_KiboPush  Autoposting/i_la la-gear (3)' is clicked on

2019-04-22 12:33:17 - [TEST_STEP][PASSED] - scrollToPosition: Browser is scrolled to position x = 0, y = 0

2019-04-22 12:33:17 - [MESSAGE][PASSED] - Browser is scrolled to position x = 0, y = 0

2019-04-22 12:33:17 - [TEST_STEP][PASSED] - click: Object: 'Object Repository/Page_KiboPush  Autoposting/h3_Feed Settings' is clicked on

2019-04-22 12:33:18 - [MESSAGE][PASSED] - Object: 'Object Repository/Page_KiboPush  Autoposting/h3_Feed Settings' is clicked on

2019-04-22 12:33:18 - [MESSAGE][PASSED] - Call Test Case 'Test Cases/Autoposting TestCases/TC0382' successfully

2019-04-22 12:33:18 - [TEST_STEP][PASSED] - click: Object: 'Object Repository/Page_KiboPush  Autoposting/h3_Feed Settings (4)' is clicked on

2019-04-22 12:33:18 - [MESSAGE][PASSED] - Object: 'Object Repository/Page_KiboPush  Autoposting/h3_Feed Settings (4)' is clicked on

2019-04-22 12:33:18 - [TEST_STEP][PASSED] - setText: Text 'Facebook' is set on object 'Object Repository/Page_KiboPush  Autoposting/input_form-control m-input (3)'

2019-04-22 12:33:19 - [MESSAGE][PASSED] - Text 'Facebook' is set on object 'Object Repository/Page_KiboPush  Autoposting/input_form-control m-input (3)'

2019-04-22 12:33:19 - [TEST_STEP][PASSED] - click: Object: 'Object Repository/Page_KiboPush  Autoposting/button_Save Changes (2)' is clicked on

2019-04-22 12:33:19 - [MESSAGE][PASSED] - Object: 'Object Repository/Page_KiboPush  Autoposting/button_Save Changes (2)' is clicked on

2019-04-22 12:33:19 - [TEST_STEP][PASSED] - click: Object: 'Object Repository/Page_KiboPush  Autoposting/div_Changes saved successfully (1)' is clicked on

2019-04-22 12:33:20 - [MESSAGE][PASSED] - Object: 'Object Repository/Page_KiboPush  Autoposting/div_Changes saved successfully (1)' is clicked on

2019-04-22 12:33:20 - [TEST_STEP][PASSED] - setText: Text 'Facebook Page' is set on object 'Object Repository/Page_KiboPush  Autoposting/input_form-control m-input (3)'

2019-04-22 12:33:21 - [MESSAGE][PASSED] - Text 'Facebook Page' is set on object 'Object Repository/Page_KiboPush  Autoposting/input_form-control m-input (3)'

2019-04-22 12:33:21 - [TEST_STEP][PASSED] - click: Object: 'Object Repository/Page_KiboPush  Autoposting/button_Save Changes (2)' is clicked on

2019-04-22 12:33:22 - [MESSAGE][PASSED] - Object: 'Object Repository/Page_KiboPush  Autoposting/button_Save Changes (2)' is clicked on

2019-04-22 12:33:22 - [TEST_STEP][PASSED] - click: Object: 'Object Repository/Page_KiboPush  Autoposting/div_Changes saved successfully (1)' is clicked on

2019-04-22 12:33:22 - [MESSAGE][PASSED] - Object: 'Object Repository/Page_KiboPush  Autoposting/div_Changes saved successfully (1)' is clicked on

2019-04-22 12:33:22 - [MESSAGE][PASSED] - Call Test Case 'Test Cases/Autoposting TestCases/TC0383' successfully]]></system-out>
         <system-err><![CDATA[]]></system-err>
      </testcase>
      <testcase name="Test Cases/Autoposting TestCases/TC0391" classname="Test Cases/Autoposting TestCases/TC0391" status="PASSED">
         <system-out><![CDATA[2019-04-22 12:33:22 - [TEST_CASE][PASSED] - Test Cases/Autoposting TestCases/TC0391: Test Cases/Autoposting TestCases/TC0391

2019-04-22 12:33:22 - [TEST_STEP][PASSED] - callTestCase: Call Test Case 'Test Cases/s-sidebar_navigation/individualAccount/Autoposting' successfully

2019-04-22 12:33:22 - [TEST_CASE][PASSED] - Test Cases/s-sidebar_navigation/individualAccount/Autoposting: Test Cases/s-sidebar_navigation/individualAccount/Autoposting

2019-04-22 12:33:22 - [TEST_STEP][PASSED] - click: Object: 'Object Repository/Page_KiboPush  Dashboard/span_Sequence Messaging' is clicked on

2019-04-22 12:33:23 - [MESSAGE][PASSED] - Object: 'Object Repository/Page_KiboPush  Dashboard/span_Sequence Messaging' is clicked on

2019-04-22 12:33:23 - [TEST_STEP][PASSED] - delay: Delayed 1 second(s)

2019-04-22 12:33:24 - [MESSAGE][PASSED] - Delayed 1 second(s)

2019-04-22 12:33:24 - [TEST_STEP][PASSED] - click: Object: 'Object Repository/Page_KiboPush  Dashboard/span_Autoposting' is clicked on

2019-04-22 12:33:25 - [MESSAGE][PASSED] - Object: 'Object Repository/Page_KiboPush  Dashboard/span_Autoposting' is clicked on

2019-04-22 12:33:25 - [TEST_STEP][PASSED] - scrollToPosition: Browser is scrolled to position x = 0, y = 0

2019-04-22 12:33:25 - [MESSAGE][PASSED] - Browser is scrolled to position x = 0, y = 0

2019-04-22 12:33:25 - [TEST_STEP][PASSED] - click: Object: 'Object Repository/Page_KiboPush  Autoposting/h3_Auto Posting' is clicked on

2019-04-22 12:33:25 - [MESSAGE][PASSED] - Object: 'Object Repository/Page_KiboPush  Autoposting/h3_Auto Posting' is clicked on

2019-04-22 12:33:25 - [TEST_STEP][PASSED] - delay: Delayed 2 second(s)

2019-04-22 12:33:27 - [MESSAGE][PASSED] - Delayed 2 second(s)

2019-04-22 12:33:27 - [MESSAGE][PASSED] - Call Test Case 'Test Cases/s-sidebar_navigation/individualAccount/Autoposting' successfully

2019-04-22 12:33:27 - [TEST_STEP][PASSED] - click: Object: 'Object Repository/Page_KiboPush  Autoposting/i_la la-envelope (1)' is clicked on

2019-04-22 12:33:28 - [MESSAGE][PASSED] - Object: 'Object Repository/Page_KiboPush  Autoposting/i_la la-envelope (1)' is clicked on

2019-04-22 12:33:28 - [TEST_STEP][PASSED] - scrollToPosition: Browser is scrolled to position x = 0, y = 0

2019-04-22 12:33:28 - [MESSAGE][PASSED] - Browser is scrolled to position x = 0, y = 0

2019-04-22 12:33:28 - [TEST_STEP][PASSED] - click: Object: 'Object Repository/Page_KiboPush  Autoposting Messages/h3_Autoposting Messages (2)' is clicked on

2019-04-22 12:33:28 - [MESSAGE][PASSED] - Object: 'Object Repository/Page_KiboPush  Autoposting Messages/h3_Autoposting Messages (2)' is clicked on

2019-04-22 12:33:28 - [TEST_STEP][PASSED] - click: Object: 'Object Repository/Page_KiboPush  Autoposting Messages/h3_History' is clicked on

2019-04-22 12:33:29 - [MESSAGE][PASSED] - Object: 'Object Repository/Page_KiboPush  Autoposting Messages/h3_History' is clicked on]]></system-out>
         <system-err><![CDATA[]]></system-err>
      </testcase>
      <testcase name="Test Cases/Autoposting TestCases/TC0394" classname="Test Cases/Autoposting TestCases/TC0394" status="PASSED">
         <system-out><![CDATA[2019-04-22 12:33:29 - [TEST_CASE][PASSED] - Test Cases/Autoposting TestCases/TC0394: Test Cases/Autoposting TestCases/TC0394

2019-04-22 12:33:29 - [TEST_STEP][PASSED] - callTestCase: Call Test Case 'Test Cases/Autoposting TestCases/TC0391' successfully

2019-04-22 12:33:29 - [TEST_CASE][PASSED] - Test Cases/Autoposting TestCases/TC0391: Test Cases/Autoposting TestCases/TC0391

2019-04-22 12:33:29 - [TEST_STEP][PASSED] - callTestCase: Call Test Case 'Test Cases/s-sidebar_navigation/individualAccount/Autoposting' successfully

2019-04-22 12:33:29 - [TEST_CASE][PASSED] - Test Cases/s-sidebar_navigation/individualAccount/Autoposting: Test Cases/s-sidebar_navigation/individualAccount/Autoposting

2019-04-22 12:33:29 - [TEST_STEP][PASSED] - click: Object: 'Object Repository/Page_KiboPush  Dashboard/span_Sequence Messaging' is clicked on

2019-04-22 12:33:30 - [MESSAGE][PASSED] - Object: 'Object Repository/Page_KiboPush  Dashboard/span_Sequence Messaging' is clicked on

2019-04-22 12:33:30 - [TEST_STEP][PASSED] - delay: Delayed 1 second(s)

2019-04-22 12:33:31 - [MESSAGE][PASSED] - Delayed 1 second(s)

2019-04-22 12:33:31 - [TEST_STEP][PASSED] - click: Object: 'Object Repository/Page_KiboPush  Dashboard/span_Autoposting' is clicked on

2019-04-22 12:33:31 - [MESSAGE][PASSED] - Object: 'Object Repository/Page_KiboPush  Dashboard/span_Autoposting' is clicked on

2019-04-22 12:33:31 - [TEST_STEP][PASSED] - scrollToPosition: Browser is scrolled to position x = 0, y = 0

2019-04-22 12:33:32 - [MESSAGE][PASSED] - Browser is scrolled to position x = 0, y = 0

2019-04-22 12:33:32 - [TEST_STEP][PASSED] - click: Object: 'Object Repository/Page_KiboPush  Autoposting/h3_Auto Posting' is clicked on

2019-04-22 12:33:32 - [MESSAGE][PASSED] - Object: 'Object Repository/Page_KiboPush  Autoposting/h3_Auto Posting' is clicked on

2019-04-22 12:33:32 - [TEST_STEP][PASSED] - delay: Delayed 2 second(s)

2019-04-22 12:33:34 - [MESSAGE][PASSED] - Delayed 2 second(s)

2019-04-22 12:33:34 - [MESSAGE][PASSED] - Call Test Case 'Test Cases/s-sidebar_navigation/individualAccount/Autoposting' successfully

2019-04-22 12:33:34 - [TEST_STEP][PASSED] - click: Object: 'Object Repository/Page_KiboPush  Autoposting/i_la la-envelope (1)' is clicked on

2019-04-22 12:33:35 - [MESSAGE][PASSED] - Object: 'Object Repository/Page_KiboPush  Autoposting/i_la la-envelope (1)' is clicked on

2019-04-22 12:33:35 - [TEST_STEP][PASSED] - scrollToPosition: Browser is scrolled to position x = 0, y = 0

2019-04-22 12:33:35 - [MESSAGE][PASSED] - Browser is scrolled to position x = 0, y = 0

2019-04-22 12:33:35 - [TEST_STEP][PASSED] - click: Object: 'Object Repository/Page_KiboPush  Autoposting Messages/h3_Autoposting Messages (2)' is clicked on

2019-04-22 12:33:35 - [MESSAGE][PASSED] - Object: 'Object Repository/Page_KiboPush  Autoposting Messages/h3_Autoposting Messages (2)' is clicked on

2019-04-22 12:33:35 - [TEST_STEP][PASSED] - click: Object: 'Object Repository/Page_KiboPush  Autoposting Messages/h3_History' is clicked on

2019-04-22 12:33:35 - [MESSAGE][PASSED] - Object: 'Object Repository/Page_KiboPush  Autoposting Messages/h3_History' is clicked on

2019-04-22 12:33:35 - [MESSAGE][PASSED] - Call Test Case 'Test Cases/Autoposting TestCases/TC0391' successfully

2019-04-22 12:33:35 - [TEST_STEP][PASSED] - click: Object: 'Object Repository/Page_KiboPush  Autoposting Messages/a_Back' is clicked on

2019-04-22 12:33:36 - [MESSAGE][PASSED] - Object: 'Object Repository/Page_KiboPush  Autoposting Messages/a_Back' is clicked on

2019-04-22 12:33:36 - [TEST_STEP][PASSED] - scrollToPosition: Browser is scrolled to position x = 0, y = 0

2019-04-22 12:33:36 - [MESSAGE][PASSED] - Browser is scrolled to position x = 0, y = 0

2019-04-22 12:33:36 - [TEST_STEP][PASSED] - click: Object: 'Object Repository/Page_KiboPush  Autoposting/h3_Auto Posting' is clicked on

2019-04-22 12:33:37 - [MESSAGE][PASSED] - Object: 'Object Repository/Page_KiboPush  Autoposting/h3_Auto Posting' is clicked on]]></system-out>
         <system-err><![CDATA[]]></system-err>
      </testcase>
      <testcase name="Test Cases/Autoposting TestCases/TC0395" classname="Test Cases/Autoposting TestCases/TC0395" status="FAILED">
         <failure type="FAILED" message="ERROR: No Table Present"/>
         <system-out><![CDATA[2019-04-22 12:33:37 - [TEST_CASE][FAILED] - Test Cases/Autoposting TestCases/TC0395: Test Cases/Autoposting TestCases/TC0395 FAILED because (of) ERROR: No Table Present

2019-04-22 12:33:37 - [TEST_STEP][PASSED] - callTestCase: Call Test Case 'Test Cases/s-sidebar_navigation/individualAccount/Autoposting' successfully

2019-04-22 12:33:37 - [TEST_CASE][PASSED] - Test Cases/s-sidebar_navigation/individualAccount/Autoposting: Test Cases/s-sidebar_navigation/individualAccount/Autoposting

2019-04-22 12:33:37 - [TEST_STEP][PASSED] - click: Object: 'Object Repository/Page_KiboPush  Dashboard/span_Sequence Messaging' is clicked on

2019-04-22 12:33:38 - [MESSAGE][PASSED] - Object: 'Object Repository/Page_KiboPush  Dashboard/span_Sequence Messaging' is clicked on

2019-04-22 12:33:38 - [TEST_STEP][PASSED] - delay: Delayed 1 second(s)

2019-04-22 12:33:39 - [MESSAGE][PASSED] - Delayed 1 second(s)

2019-04-22 12:33:39 - [TEST_STEP][PASSED] - click: Object: 'Object Repository/Page_KiboPush  Dashboard/span_Autoposting' is clicked on

2019-04-22 12:33:40 - [MESSAGE][PASSED] - Object: 'Object Repository/Page_KiboPush  Dashboard/span_Autoposting' is clicked on

2019-04-22 12:33:40 - [TEST_STEP][PASSED] - scrollToPosition: Browser is scrolled to position x = 0, y = 0

2019-04-22 12:33:40 - [MESSAGE][PASSED] - Browser is scrolled to position x = 0, y = 0

2019-04-22 12:33:40 - [TEST_STEP][PASSED] - click: Object: 'Object Repository/Page_KiboPush  Autoposting/h3_Auto Posting' is clicked on

2019-04-22 12:33:40 - [MESSAGE][PASSED] - Object: 'Object Repository/Page_KiboPush  Autoposting/h3_Auto Posting' is clicked on

2019-04-22 12:33:40 - [TEST_STEP][PASSED] - delay: Delayed 2 second(s)

2019-04-22 12:33:42 - [MESSAGE][PASSED] - Delayed 2 second(s)

2019-04-22 12:33:42 - [MESSAGE][PASSED] - Call Test Case 'Test Cases/s-sidebar_navigation/individualAccount/Autoposting' successfully

2019-04-22 12:33:42 - [TEST_STEP][PASSED] - click: Object: 'Object Repository/Page_KiboPush  Autoposting/i_la la-envelope (1)' is clicked on

2019-04-22 12:33:43 - [MESSAGE][PASSED] - Object: 'Object Repository/Page_KiboPush  Autoposting/i_la la-envelope (1)' is clicked on

2019-04-22 12:33:43 - [TEST_STEP][PASSED] - scrollToPosition: Browser is scrolled to position x = 0, y = 0

2019-04-22 12:33:43 - [MESSAGE][PASSED] - Browser is scrolled to position x = 0, y = 0

2019-04-22 12:33:43 - [TEST_STEP][PASSED] - click: Object: 'Object Repository/Page_KiboPush  Autoposting Messages/h3_Autoposting Messages (2)' is clicked on

2019-04-22 12:33:43 - [MESSAGE][PASSED] - Object: 'Object Repository/Page_KiboPush  Autoposting Messages/h3_Autoposting Messages (2)' is clicked on

2019-04-22 12:33:43 - [TEST_STEP][PASSED] - delay: Delayed 5 second(s)

2019-04-22 12:33:48 - [MESSAGE][PASSED] - Delayed 5 second(s)

2019-04-22 12:33:48 - [TEST_STEP][PASSED] - Statement - date_page1 = getFirstRowDate(): null

2019-04-22 12:33:48 - [TEST_STEP][PASSED] - Statement - driver = com.kms.katalon.core.webui.driver.DriverFactory.getWebDriver(): null

2019-04-22 12:33:48 - [TEST_STEP][PASSED] - Statement - Try: null

2019-04-22 12:33:48 - [TEST_STEP][PASSED] - Statement - Table = driver.findElement(org.openqa.selenium.By.xpath("//table/tbody")): null

2019-04-22 12:33:49 - [TEST_STEP][PASSED] - Statement - Catch (Exception e): null

2019-04-22 12:33:49 - [TEST_STEP][PASSED] - Statement - com.kms.katalon.core.util.KeywordUtil.markFailed("ERROR: No Table Present"): null

2019-04-22 12:33:49 - [TEST_STEP][FAILED] - click: Unable to click on object (Root cause: java.lang.IllegalArgumentException: Object is null)

2019-04-22 12:33:49 - [MESSAGE][WARNING] - Test object with id 'Object Repository/Page_KiboPush  Autoposting Messages/a_next' does not exist

2019-04-22 12:33:49 - [MESSAGE][WARNING] - Test object with id 'Object Repository/' does not exist

2019-04-22 12:33:51 - [MESSAGE][FAILED] - Unable to click on object (Root cause: java.lang.IllegalArgumentException: Object is null)
[[ATTACHMENT|C:\\Users\\cloudkibo\\Desktop\\KiboPush_Automated_Testing\\KiboPush Katalon\\Reports\\Autoposting\\20190422_122947\\1555918429363.png]]]]></system-out>
         <system-err><![CDATA[2019-04-22 12:33:37 - [TEST_CASE][FAILED] - Test Cases/Autoposting TestCases/TC0395: Test Cases/Autoposting TestCases/TC0395 FAILED because (of) ERROR: No Table Present]]></system-err>
      </testcase>
      <testcase name="Test Cases/Autoposting TestCases/TC0396" classname="Test Cases/Autoposting TestCases/TC0396" status="FAILED">
         <failure type="FAILED" message="Unable to click on object (Root cause: java.lang.IllegalArgumentException: Object is null)"/>
         <system-out><![CDATA[2019-04-22 12:33:51 - [TEST_CASE][FAILED] - Test Cases/Autoposting TestCases/TC0396: Test Cases/Autoposting TestCases/TC0396 FAILED because (of) Unable to click on object (Root cause: java.lang.IllegalArgumentException: Object is null)

2019-04-22 12:33:51 - [TEST_STEP][PASSED] - callTestCase: Call Test Case 'Test Cases/s-sidebar_navigation/individualAccount/Autoposting' successfully

2019-04-22 12:33:51 - [TEST_CASE][PASSED] - Test Cases/s-sidebar_navigation/individualAccount/Autoposting: Test Cases/s-sidebar_navigation/individualAccount/Autoposting

2019-04-22 12:33:51 - [TEST_STEP][PASSED] - click: Object: 'Object Repository/Page_KiboPush  Dashboard/span_Sequence Messaging' is clicked on

2019-04-22 12:33:52 - [MESSAGE][PASSED] - Object: 'Object Repository/Page_KiboPush  Dashboard/span_Sequence Messaging' is clicked on

2019-04-22 12:33:52 - [TEST_STEP][PASSED] - delay: Delayed 1 second(s)

2019-04-22 12:33:53 - [MESSAGE][PASSED] - Delayed 1 second(s)

2019-04-22 12:33:53 - [TEST_STEP][PASSED] - click: Object: 'Object Repository/Page_KiboPush  Dashboard/span_Autoposting' is clicked on

2019-04-22 12:33:54 - [MESSAGE][PASSED] - Object: 'Object Repository/Page_KiboPush  Dashboard/span_Autoposting' is clicked on

2019-04-22 12:33:54 - [TEST_STEP][PASSED] - scrollToPosition: Browser is scrolled to position x = 0, y = 0

2019-04-22 12:33:54 - [MESSAGE][PASSED] - Browser is scrolled to position x = 0, y = 0

2019-04-22 12:33:54 - [TEST_STEP][PASSED] - click: Object: 'Object Repository/Page_KiboPush  Autoposting/h3_Auto Posting' is clicked on

2019-04-22 12:33:55 - [MESSAGE][PASSED] - Object: 'Object Repository/Page_KiboPush  Autoposting/h3_Auto Posting' is clicked on

2019-04-22 12:33:55 - [TEST_STEP][PASSED] - delay: Delayed 2 second(s)

2019-04-22 12:33:57 - [MESSAGE][PASSED] - Delayed 2 second(s)

2019-04-22 12:33:57 - [MESSAGE][PASSED] - Call Test Case 'Test Cases/s-sidebar_navigation/individualAccount/Autoposting' successfully

2019-04-22 12:33:57 - [TEST_STEP][PASSED] - click: Object: 'Object Repository/Page_KiboPush  Autoposting/i_la la-envelope (1)' is clicked on

2019-04-22 12:33:57 - [MESSAGE][PASSED] - Object: 'Object Repository/Page_KiboPush  Autoposting/i_la la-envelope (1)' is clicked on

2019-04-22 12:33:57 - [TEST_STEP][PASSED] - scrollToPosition: Browser is scrolled to position x = 0, y = 0

2019-04-22 12:33:57 - [MESSAGE][PASSED] - Browser is scrolled to position x = 0, y = 0

2019-04-22 12:33:57 - [TEST_STEP][PASSED] - click: Object: 'Object Repository/Page_KiboPush  Autoposting Messages/h3_Autoposting Messages (2)' is clicked on

2019-04-22 12:33:58 - [MESSAGE][PASSED] - Object: 'Object Repository/Page_KiboPush  Autoposting Messages/h3_Autoposting Messages (2)' is clicked on

2019-04-22 12:33:58 - [TEST_STEP][PASSED] - delay: Delayed 3 second(s)

2019-04-22 12:34:01 - [MESSAGE][PASSED] - Delayed 3 second(s)

2019-04-22 12:34:01 - [TEST_STEP][FAILED] - click: Unable to click on object (Root cause: java.lang.IllegalArgumentException: Object is null)

2019-04-22 12:34:01 - [MESSAGE][WARNING] - Test object with id 'Object Repository/Page_KiboPush  Autoposting Messages/a_next' does not exist

2019-04-22 12:34:01 - [MESSAGE][WARNING] - Test object with id 'Object Repository/' does not exist

2019-04-22 12:34:02 - [MESSAGE][FAILED] - Unable to click on object (Root cause: java.lang.IllegalArgumentException: Object is null)
[[ATTACHMENT|C:\\Users\\cloudkibo\\Desktop\\KiboPush_Automated_Testing\\KiboPush Katalon\\Reports\\Autoposting\\20190422_122947\\1555918441165.png]]]]></system-out>
         <system-err><![CDATA[2019-04-22 12:33:51 - [TEST_CASE][FAILED] - Test Cases/Autoposting TestCases/TC0396: Test Cases/Autoposting TestCases/TC0396 FAILED because (of) Unable to click on object (Root cause: java.lang.IllegalArgumentException: Object is null)]]></system-err>
      </testcase>
      <testcase name="Test Cases/Autoposting TestCases/TC0397" classname="Test Cases/Autoposting TestCases/TC0397" status="FAILED">
         <failure type="FAILED" message="ERROR: No Table Present"/>
         <system-out><![CDATA[2019-04-22 12:34:02 - [TEST_CASE][FAILED] - Test Cases/Autoposting TestCases/TC0397: Test Cases/Autoposting TestCases/TC0397 FAILED because (of) ERROR: No Table Present

2019-04-22 12:34:03 - [TEST_STEP][PASSED] - callTestCase: Call Test Case 'Test Cases/s-sidebar_navigation/individualAccount/Autoposting' successfully

2019-04-22 12:34:03 - [TEST_CASE][PASSED] - Test Cases/s-sidebar_navigation/individualAccount/Autoposting: Test Cases/s-sidebar_navigation/individualAccount/Autoposting

2019-04-22 12:34:03 - [TEST_STEP][PASSED] - click: Object: 'Object Repository/Page_KiboPush  Dashboard/span_Sequence Messaging' is clicked on

2019-04-22 12:34:03 - [MESSAGE][PASSED] - Object: 'Object Repository/Page_KiboPush  Dashboard/span_Sequence Messaging' is clicked on

2019-04-22 12:34:03 - [TEST_STEP][PASSED] - delay: Delayed 1 second(s)

2019-04-22 12:34:04 - [MESSAGE][PASSED] - Delayed 1 second(s)

2019-04-22 12:34:04 - [TEST_STEP][PASSED] - click: Object: 'Object Repository/Page_KiboPush  Dashboard/span_Autoposting' is clicked on

2019-04-22 12:34:07 - [MESSAGE][PASSED] - Object: 'Object Repository/Page_KiboPush  Dashboard/span_Autoposting' is clicked on

2019-04-22 12:34:07 - [TEST_STEP][PASSED] - scrollToPosition: Browser is scrolled to position x = 0, y = 0

2019-04-22 12:34:07 - [MESSAGE][PASSED] - Browser is scrolled to position x = 0, y = 0

2019-04-22 12:34:07 - [TEST_STEP][PASSED] - click: Object: 'Object Repository/Page_KiboPush  Autoposting/h3_Auto Posting' is clicked on

2019-04-22 12:34:08 - [MESSAGE][PASSED] - Object: 'Object Repository/Page_KiboPush  Autoposting/h3_Auto Posting' is clicked on

2019-04-22 12:34:08 - [TEST_STEP][PASSED] - delay: Delayed 2 second(s)

2019-04-22 12:34:10 - [MESSAGE][PASSED] - Delayed 2 second(s)

2019-04-22 12:34:10 - [MESSAGE][PASSED] - Call Test Case 'Test Cases/s-sidebar_navigation/individualAccount/Autoposting' successfully

2019-04-22 12:34:10 - [TEST_STEP][PASSED] - click: Object: 'Object Repository/Page_KiboPush  Autoposting/i_la la-envelope (1)' is clicked on

2019-04-22 12:34:11 - [MESSAGE][PASSED] - Object: 'Object Repository/Page_KiboPush  Autoposting/i_la la-envelope (1)' is clicked on

2019-04-22 12:34:11 - [TEST_STEP][PASSED] - scrollToPosition: Browser is scrolled to position x = 0, y = 0

2019-04-22 12:34:11 - [MESSAGE][PASSED] - Browser is scrolled to position x = 0, y = 0

2019-04-22 12:34:11 - [TEST_STEP][PASSED] - click: Object: 'Object Repository/Page_KiboPush  Autoposting Messages/h3_Autoposting Messages (2)' is clicked on

2019-04-22 12:34:12 - [MESSAGE][PASSED] - Object: 'Object Repository/Page_KiboPush  Autoposting Messages/h3_Autoposting Messages (2)' is clicked on

2019-04-22 12:34:12 - [TEST_STEP][PASSED] - delay: Delayed 5 second(s)

2019-04-22 12:34:17 - [MESSAGE][PASSED] - Delayed 5 second(s)

2019-04-22 12:34:17 - [TEST_STEP][PASSED] - Statement - date_page1 = getFirstRowDate(): null

2019-04-22 12:34:17 - [TEST_STEP][PASSED] - Statement - driver = com.kms.katalon.core.webui.driver.DriverFactory.getWebDriver(): null

2019-04-22 12:34:17 - [TEST_STEP][PASSED] - Statement - Try: null

2019-04-22 12:34:17 - [TEST_STEP][PASSED] - Statement - Table = driver.findElement(org.openqa.selenium.By.xpath("//table/tbody")): null

2019-04-22 12:34:17 - [TEST_STEP][PASSED] - Statement - Catch (Exception e): null

2019-04-22 12:34:17 - [TEST_STEP][PASSED] - Statement - com.kms.katalon.core.util.KeywordUtil.markFailed("ERROR: No Table Present"): null

2019-04-22 12:34:17 - [TEST_STEP][FAILED] - click: Unable to click on object (Root cause: java.lang.IllegalArgumentException: Object is null)

2019-04-22 12:34:17 - [MESSAGE][WARNING] - Test object with id 'Object Repository/Page_KiboPush  Autoposting Messages/a_3' does not exist

2019-04-22 12:34:17 - [MESSAGE][WARNING] - Test object with id 'Object Repository/' does not exist

2019-04-22 12:34:18 - [MESSAGE][FAILED] - Unable to click on object (Root cause: java.lang.IllegalArgumentException: Object is null)
[[ATTACHMENT|C:\\Users\\cloudkibo\\Desktop\\KiboPush_Automated_Testing\\KiboPush Katalon\\Reports\\Autoposting\\20190422_122947\\1555918457773.png]]]]></system-out>
         <system-err><![CDATA[2019-04-22 12:34:02 - [TEST_CASE][FAILED] - Test Cases/Autoposting TestCases/TC0397: Test Cases/Autoposting TestCases/TC0397 FAILED because (of) ERROR: No Table Present]]></system-err>
      </testcase>
      <testcase name="Test Cases/Autoposting TestCases/TC0398" classname="Test Cases/Autoposting TestCases/TC0398" status="PASSED">
         <system-out><![CDATA[2019-04-22 12:34:18 - [TEST_CASE][PASSED] - Test Cases/Autoposting TestCases/TC0398: Test Cases/Autoposting TestCases/TC0398

2019-04-22 12:34:19 - [TEST_STEP][PASSED] - callTestCase: Call Test Case 'Test Cases/s-sidebar_navigation/individualAccount/Autoposting' successfully

2019-04-22 12:34:19 - [TEST_CASE][PASSED] - Test Cases/s-sidebar_navigation/individualAccount/Autoposting: Test Cases/s-sidebar_navigation/individualAccount/Autoposting

2019-04-22 12:34:19 - [TEST_STEP][PASSED] - click: Object: 'Object Repository/Page_KiboPush  Dashboard/span_Sequence Messaging' is clicked on

2019-04-22 12:34:20 - [MESSAGE][PASSED] - Object: 'Object Repository/Page_KiboPush  Dashboard/span_Sequence Messaging' is clicked on

2019-04-22 12:34:20 - [TEST_STEP][PASSED] - delay: Delayed 1 second(s)

2019-04-22 12:34:21 - [MESSAGE][PASSED] - Delayed 1 second(s)

2019-04-22 12:34:21 - [TEST_STEP][PASSED] - click: Object: 'Object Repository/Page_KiboPush  Dashboard/span_Autoposting' is clicked on

2019-04-22 12:34:22 - [MESSAGE][PASSED] - Object: 'Object Repository/Page_KiboPush  Dashboard/span_Autoposting' is clicked on

2019-04-22 12:34:22 - [TEST_STEP][PASSED] - scrollToPosition: Browser is scrolled to position x = 0, y = 0

2019-04-22 12:34:22 - [MESSAGE][PASSED] - Browser is scrolled to position x = 0, y = 0

2019-04-22 12:34:22 - [TEST_STEP][PASSED] - click: Object: 'Object Repository/Page_KiboPush  Autoposting/h3_Auto Posting' is clicked on

2019-04-22 12:34:23 - [MESSAGE][PASSED] - Object: 'Object Repository/Page_KiboPush  Autoposting/h3_Auto Posting' is clicked on

2019-04-22 12:34:23 - [TEST_STEP][PASSED] - delay: Delayed 2 second(s)

2019-04-22 12:34:25 - [MESSAGE][PASSED] - Delayed 2 second(s)

2019-04-22 12:34:25 - [MESSAGE][PASSED] - Call Test Case 'Test Cases/s-sidebar_navigation/individualAccount/Autoposting' successfully

2019-04-22 12:34:25 - [TEST_STEP][PASSED] - verifyTextPresent: Text 'https://www.facebook.com/Test5-2090553931018635' is present on page 

2019-04-22 12:34:26 - [MESSAGE][PASSED] - Text 'https://www.facebook.com/Test5-2090553931018635' is present on page]]></system-out>
         <system-err><![CDATA[]]></system-err>
      </testcase>
      <testcase name="Test Cases/Autoposting TestCases/TC0399" classname="Test Cases/Autoposting TestCases/TC0399" status="PASSED">
         <system-out><![CDATA[2019-04-22 12:34:26 - [TEST_CASE][PASSED] - Test Cases/Autoposting TestCases/TC0399: Test Cases/Autoposting TestCases/TC0399

2019-04-22 12:34:26 - [TEST_STEP][PASSED] - callTestCase: Call Test Case 'Test Cases/s-sidebar_navigation/individualAccount/Autoposting' successfully

2019-04-22 12:34:26 - [TEST_CASE][PASSED] - Test Cases/s-sidebar_navigation/individualAccount/Autoposting: Test Cases/s-sidebar_navigation/individualAccount/Autoposting

2019-04-22 12:34:26 - [TEST_STEP][PASSED] - click: Object: 'Object Repository/Page_KiboPush  Dashboard/span_Sequence Messaging' is clicked on

2019-04-22 12:34:29 - [MESSAGE][PASSED] - Object: 'Object Repository/Page_KiboPush  Dashboard/span_Sequence Messaging' is clicked on

2019-04-22 12:34:29 - [TEST_STEP][PASSED] - delay: Delayed 1 second(s)

2019-04-22 12:34:30 - [MESSAGE][PASSED] - Delayed 1 second(s)

2019-04-22 12:34:30 - [TEST_STEP][PASSED] - click: Object: 'Object Repository/Page_KiboPush  Dashboard/span_Autoposting' is clicked on

2019-04-22 12:34:31 - [MESSAGE][PASSED] - Object: 'Object Repository/Page_KiboPush  Dashboard/span_Autoposting' is clicked on

2019-04-22 12:34:31 - [TEST_STEP][PASSED] - scrollToPosition: Browser is scrolled to position x = 0, y = 0

2019-04-22 12:34:31 - [MESSAGE][PASSED] - Browser is scrolled to position x = 0, y = 0

2019-04-22 12:34:31 - [TEST_STEP][PASSED] - click: Object: 'Object Repository/Page_KiboPush  Autoposting/h3_Auto Posting' is clicked on

2019-04-22 12:34:32 - [MESSAGE][PASSED] - Object: 'Object Repository/Page_KiboPush  Autoposting/h3_Auto Posting' is clicked on

2019-04-22 12:34:32 - [TEST_STEP][PASSED] - delay: Delayed 2 second(s)

2019-04-22 12:34:34 - [MESSAGE][PASSED] - Delayed 2 second(s)

2019-04-22 12:34:34 - [MESSAGE][PASSED] - Call Test Case 'Test Cases/s-sidebar_navigation/individualAccount/Autoposting' successfully

2019-04-22 12:34:34 - [TEST_STEP][PASSED] - click: Object: 'Object Repository/Page_KiboPush  Autoposting/a_' is clicked on

2019-04-22 12:34:35 - [MESSAGE][PASSED] - Object: 'Object Repository/Page_KiboPush  Autoposting/a_' is clicked on

2019-04-22 12:34:35 - [TEST_STEP][PASSED] - click: Object: 'Object Repository/Page_KiboPush  Autoposting/button_Delete' is clicked on

2019-04-22 12:34:36 - [MESSAGE][PASSED] - Object: 'Object Repository/Page_KiboPush  Autoposting/button_Delete' is clicked on

2019-04-22 12:34:36 - [TEST_STEP][PASSED] - delay: Delayed 2 second(s)

2019-04-22 12:34:38 - [MESSAGE][PASSED] - Delayed 2 second(s)]]></system-out>
         <system-err><![CDATA[]]></system-err>
      </testcase>
      <testcase name="Test Cases/Autoposting TestCases/TC0400" classname="Test Cases/Autoposting TestCases/TC0400" status="PASSED">
         <system-out><![CDATA[2019-04-22 12:34:38 - [TEST_CASE][PASSED] - Test Cases/Autoposting TestCases/TC0400: Test Cases/Autoposting TestCases/TC0400

2019-04-22 12:34:38 - [TEST_STEP][PASSED] - callTestCase: Call Test Case 'Test Cases/s-sidebar_navigation/individualAccount/Autoposting' successfully

2019-04-22 12:34:38 - [TEST_CASE][PASSED] - Test Cases/s-sidebar_navigation/individualAccount/Autoposting: Test Cases/s-sidebar_navigation/individualAccount/Autoposting

2019-04-22 12:34:38 - [TEST_STEP][PASSED] - click: Object: 'Object Repository/Page_KiboPush  Dashboard/span_Sequence Messaging' is clicked on

2019-04-22 12:34:39 - [MESSAGE][PASSED] - Object: 'Object Repository/Page_KiboPush  Dashboard/span_Sequence Messaging' is clicked on

2019-04-22 12:34:39 - [TEST_STEP][PASSED] - delay: Delayed 1 second(s)

2019-04-22 12:34:40 - [MESSAGE][PASSED] - Delayed 1 second(s)

2019-04-22 12:34:40 - [TEST_STEP][PASSED] - click: Object: 'Object Repository/Page_KiboPush  Dashboard/span_Autoposting' is clicked on

2019-04-22 12:34:40 - [MESSAGE][PASSED] - Object: 'Object Repository/Page_KiboPush  Dashboard/span_Autoposting' is clicked on

2019-04-22 12:34:40 - [TEST_STEP][PASSED] - scrollToPosition: Browser is scrolled to position x = 0, y = 0

2019-04-22 12:34:41 - [MESSAGE][PASSED] - Browser is scrolled to position x = 0, y = 0

2019-04-22 12:34:41 - [TEST_STEP][PASSED] - click: Object: 'Object Repository/Page_KiboPush  Autoposting/h3_Auto Posting' is clicked on

2019-04-22 12:34:41 - [MESSAGE][PASSED] - Object: 'Object Repository/Page_KiboPush  Autoposting/h3_Auto Posting' is clicked on

2019-04-22 12:34:41 - [TEST_STEP][PASSED] - delay: Delayed 2 second(s)

2019-04-22 12:34:43 - [MESSAGE][PASSED] - Delayed 2 second(s)

2019-04-22 12:34:43 - [MESSAGE][PASSED] - Call Test Case 'Test Cases/s-sidebar_navigation/individualAccount/Autoposting' successfully

2019-04-22 12:34:43 - [TEST_STEP][PASSED] - click: Object: 'Object Repository/Page_KiboPush  Autoposting/span_Add Feed (4) (1)' is clicked on

2019-04-22 12:34:44 - [MESSAGE][PASSED] - Object: 'Object Repository/Page_KiboPush  Autoposting/span_Add Feed (4) (1)' is clicked on

2019-04-22 12:34:44 - [TEST_STEP][PASSED] - click: Object: 'Object Repository/Page_KiboPush  Autoposting/button_Twitter (1) (1)' is clicked on

2019-04-22 12:34:45 - [MESSAGE][PASSED] - Object: 'Object Repository/Page_KiboPush  Autoposting/button_Twitter (1) (1)' is clicked on

2019-04-22 12:34:45 - [TEST_STEP][PASSED] - setText: Text 'https://twitter.com/arveenkumar55' is set on object 'Object Repository/Page_KiboPush  Autoposting/input_form-control (4)'

2019-04-22 12:34:46 - [MESSAGE][PASSED] - Text 'https://twitter.com/arveenkumar55' is set on object 'Object Repository/Page_KiboPush  Autoposting/input_form-control (4)'

2019-04-22 12:34:46 - [TEST_STEP][PASSED] - click: Object: 'Object Repository/Page_KiboPush  Autoposting/button_Add Twitter Account (1)' is clicked on

2019-04-22 12:34:47 - [MESSAGE][PASSED] - Object: 'Object Repository/Page_KiboPush  Autoposting/button_Add Twitter Account (1)' is clicked on

2019-04-22 12:34:47 - [TEST_STEP][PASSED] - delay: Delayed 2 second(s)

2019-04-22 12:34:49 - [MESSAGE][PASSED] - Delayed 2 second(s)

2019-04-22 12:34:49 - [TEST_STEP][PASSED] - click: Object: 'Object Repository/Page_KiboPush  Autoposting/a_' is clicked on

2019-04-22 12:34:49 - [MESSAGE][PASSED] - Object: 'Object Repository/Page_KiboPush  Autoposting/a_' is clicked on

2019-04-22 12:34:49 - [TEST_STEP][PASSED] - click: Object: 'Object Repository/Page_KiboPush  Autoposting/button_Delete' is clicked on

2019-04-22 12:34:50 - [MESSAGE][PASSED] - Object: 'Object Repository/Page_KiboPush  Autoposting/button_Delete' is clicked on]]></system-out>
         <system-err><![CDATA[]]></system-err>
      </testcase>
      <testcase name="Test Cases/Autoposting TestCases/TC0401" classname="Test Cases/Autoposting TestCases/TC0401" status="PASSED">
         <system-out><![CDATA[2019-04-22 12:34:50 - [TEST_CASE][PASSED] - Test Cases/Autoposting TestCases/TC0401: Test Cases/Autoposting TestCases/TC0401

2019-04-22 12:34:51 - [TEST_STEP][PASSED] - callTestCase: Call Test Case 'Test Cases/s-sidebar_navigation/individualAccount/Autoposting' successfully

2019-04-22 12:34:51 - [TEST_CASE][PASSED] - Test Cases/s-sidebar_navigation/individualAccount/Autoposting: Test Cases/s-sidebar_navigation/individualAccount/Autoposting

2019-04-22 12:34:51 - [TEST_STEP][PASSED] - click: Object: 'Object Repository/Page_KiboPush  Dashboard/span_Sequence Messaging' is clicked on

2019-04-22 12:34:52 - [MESSAGE][PASSED] - Object: 'Object Repository/Page_KiboPush  Dashboard/span_Sequence Messaging' is clicked on

2019-04-22 12:34:52 - [TEST_STEP][PASSED] - delay: Delayed 1 second(s)

2019-04-22 12:34:53 - [MESSAGE][PASSED] - Delayed 1 second(s)

2019-04-22 12:34:53 - [TEST_STEP][PASSED] - click: Object: 'Object Repository/Page_KiboPush  Dashboard/span_Autoposting' is clicked on

2019-04-22 12:34:53 - [MESSAGE][PASSED] - Object: 'Object Repository/Page_KiboPush  Dashboard/span_Autoposting' is clicked on

2019-04-22 12:34:53 - [TEST_STEP][PASSED] - scrollToPosition: Browser is scrolled to position x = 0, y = 0

2019-04-22 12:34:53 - [MESSAGE][PASSED] - Browser is scrolled to position x = 0, y = 0

2019-04-22 12:34:53 - [TEST_STEP][PASSED] - click: Object: 'Object Repository/Page_KiboPush  Autoposting/h3_Auto Posting' is clicked on

2019-04-22 12:34:54 - [MESSAGE][PASSED] - Object: 'Object Repository/Page_KiboPush  Autoposting/h3_Auto Posting' is clicked on

2019-04-22 12:34:54 - [TEST_STEP][PASSED] - delay: Delayed 2 second(s)

2019-04-22 12:34:56 - [MESSAGE][PASSED] - Delayed 2 second(s)

2019-04-22 12:34:56 - [MESSAGE][PASSED] - Call Test Case 'Test Cases/s-sidebar_navigation/individualAccount/Autoposting' successfully

2019-04-22 12:34:56 - [TEST_STEP][PASSED] - click: Object: 'Object Repository/Page_KiboPush  Autoposting/button_Add Feed (1)' is clicked on

2019-04-22 12:34:57 - [MESSAGE][PASSED] - Object: 'Object Repository/Page_KiboPush  Autoposting/button_Add Feed (1)' is clicked on

2019-04-22 12:34:57 - [TEST_STEP][PASSED] - click: Object: 'Object Repository/Page_KiboPush  Autoposting/button_WordPress (2)' is clicked on

2019-04-22 12:34:58 - [MESSAGE][PASSED] - Object: 'Object Repository/Page_KiboPush  Autoposting/button_WordPress (2)' is clicked on

2019-04-22 12:34:58 - [TEST_STEP][PASSED] - setText: Text 'http://kibopush.com/wp-admin/' is set on object 'Object Repository/Page_KiboPush  Autoposting/input_form-control (5)'

2019-04-22 12:34:59 - [MESSAGE][PASSED] - Text 'http://kibopush.com/wp-admin/' is set on object 'Object Repository/Page_KiboPush  Autoposting/input_form-control (5)'

2019-04-22 12:34:59 - [TEST_STEP][PASSED] - click: Object: 'Object Repository/Page_KiboPush  Autoposting/button_Add WordPress Channel (1)' is clicked on

2019-04-22 12:34:59 - [MESSAGE][PASSED] - Object: 'Object Repository/Page_KiboPush  Autoposting/button_Add WordPress Channel (1)' is clicked on

2019-04-22 12:34:59 - [TEST_STEP][PASSED] - click: Object: 'Object Repository/Page_KiboPush  Autoposting/h4_WordPress Channel' is clicked on

2019-04-22 12:35:02 - [MESSAGE][PASSED] - Object: 'Object Repository/Page_KiboPush  Autoposting/h4_WordPress Channel' is clicked on

2019-04-22 12:35:02 - [TEST_STEP][PASSED] - click: Object: 'Object Repository/Page_KiboPush  Autoposting/a_' is clicked on

2019-04-22 12:35:03 - [MESSAGE][PASSED] - Object: 'Object Repository/Page_KiboPush  Autoposting/a_' is clicked on

2019-04-22 12:35:03 - [TEST_STEP][PASSED] - click: Object: 'Object Repository/Page_KiboPush  Autoposting/button_Delete' is clicked on

2019-04-22 12:35:03 - [MESSAGE][PASSED] - Object: 'Object Repository/Page_KiboPush  Autoposting/button_Delete' is clicked on]]></system-out>
         <system-err><![CDATA[]]></system-err>
      </testcase>
      <system-out><![CDATA[2019-04-22 12:29:51 - [TEST_SUITE][FAILED] - Autoposting: Test Cases/Autoposting TestCases/TC0395 FAILED because (of) ERROR: No Table Present]]></system-out>
      <system-err><![CDATA[2019-04-22 12:29:51 - [TEST_SUITE][FAILED] - Autoposting: Test Cases/Autoposting TestCases/TC0395 FAILED because (of) ERROR: No Table Present]]></system-err>
   </testsuite>
</testsuites>
