<?xml version="1.0" encoding="UTF-8"?>
<testsuites name="Login" time="208" tests="6" failures="0" errors="0">
   <testsuite name="Login" tests="6" failures="0" errors="0" time="208" timestamp="2019-04-02 12:24:03" hostname="cloudkibo-muzamil - cloudkibomuzamil-Precision-T1700" id="Test Suites/Login">
      <properties>
         <property name="deviceName" value=""/>
         <property name="devicePlatform" value=""/>
         <property name="logFolder" value="/home/cloudkibo-muzamil/Downloads/Test cases/production/KiboPush/Reports/Login/20190402_122401"/>
         <property name="logFiles" value="/home/cloudkibo-muzamil/Downloads/Test cases/production/KiboPush/Reports/Login/20190402_122401/execution0.log"/>
         <property name="attachments" value=""/>
         <property name="hostName" value="cloudkibo-muzamil - cloudkibomuzamil-Precision-T1700"/>
         <property name="os" value="Linux 64bit"/>
         <property name="katalonVersion" value="6.0.6.4"/>
         <property name="browser" value="Chrome 73.0.3683.86"/>
         <property name="hostAddress" value="127.0.1.1"/>
         <property name="sessionId" value="03d5a8c65412e9e223d55b7db7c08795"/>
         <property name="seleniumVersion" value="3.7.1"/>
         <property name="proxyInformation" value="ProxyInformation{proxyOption=NO_PROXY, proxyServerType=HTTP, password=, proxyServerAddress=, proxyServerPort=0}"/>
         <property name="platform" value="Linux"/>
      </properties>
      <testcase name="Test Cases/Login Test Cases/TC0001" classname="Test Cases/Login Test Cases/TC0001" status="PASSED">
         <system-out><![CDATA[2019-04-02 12:24:04 - [TEST_CASE][PASSED] - Test Cases/Login Test Cases/TC0001: Test Cases/Login Test Cases/TC0001

2019-04-02 12:24:04 - [TEST_STEP][PASSED] - openBrowser(""): Browser is opened with url: ''

2019-04-02 12:24:04 - [MESSAGE][INFO] - Starting 'Chrome' driver

2019-04-02 12:24:04 - [MESSAGE][INFO] - Action delay is set to 0 seconds

2019-04-02 12:24:06 - [MESSAGE][PASSED] - Browser is opened with url: ''

2019-04-02 12:24:06 - [TEST_STEP][PASSED] - maximizeWindow(): Current window maximized

2019-04-02 12:24:06 - [MESSAGE][PASSED] - Current window maximized

2019-04-02 12:24:06 - [TEST_STEP][PASSED] - navigateToUrl("https://kibochat.cloudkibo.com/"): Navigate to 'https://kibochat.cloudkibo.com/' successfully

2019-04-02 12:24:32 - [MESSAGE][PASSED] - Navigate to 'https://kibochat.cloudkibo.com/' successfully

2019-04-02 12:24:32 - [TEST_STEP][PASSED] - navigateToUrl("https://accounts.cloudkibo.com/?continue=https://kibochat.cloudkibo.com"): Navigate to 'https://accounts.cloudkibo.com/?continue=https://kibochat.cloudkibo.com' successfully

2019-04-02 12:24:33 - [MESSAGE][PASSED] - Navigate to 'https://accounts.cloudkibo.com/?continue=https://kibochat.cloudkibo.com' successfully

2019-04-02 12:24:33 - [TEST_STEP][PASSED] - click(findTestObject("Page_KiboPush/a_Login (10)")): Object: 'Object Repository/Page_KiboPush/a_Login (10)' is clicked on

2019-04-02 12:24:34 - [MESSAGE][PASSED] - Object: 'Object Repository/Page_KiboPush/a_Login (10)' is clicked on

2019-04-02 12:24:34 - [TEST_STEP][PASSED] - setText(findTestObject("Page_KiboPush/input_email (11)"), "individual@cloudkibo.com"): Text 'individual@cloudkibo.com' is set on object 'Object Repository/Page_KiboPush/input_email (11)'

2019-04-02 12:24:34 - [MESSAGE][PASSED] - Text 'individual@cloudkibo.com' is set on object 'Object Repository/Page_KiboPush/input_email (11)'

2019-04-02 12:24:34 - [TEST_STEP][PASSED] - setEncryptedText(findTestObject("Page_KiboPush/input_password (10)"), "RigbBhfdqOBGNlJIWM1ClA=="): Text ****** has been set on object 'Object Repository/Page_KiboPush/input_password (10)'

2019-04-02 12:24:35 - [MESSAGE][PASSED] - Text ****** has been set on object 'Object Repository/Page_KiboPush/input_password (10)'

2019-04-02 12:24:35 - [TEST_STEP][PASSED] - click(findTestObject("Page_KiboPush/button_Sign In (11)")): Object: 'Object Repository/Page_KiboPush/button_Sign In (11)' is clicked on

2019-04-02 12:24:35 - [MESSAGE][PASSED] - Object: 'Object Repository/Page_KiboPush/button_Sign In (11)' is clicked on

2019-04-02 12:24:35 - [TEST_STEP][PASSED] - click(findTestObject("Page_KiboPush  Dashboard/h3_Dashboard (58)")): Object: 'Object Repository/Page_KiboPush  Dashboard/h3_Dashboard (58)' is clicked on

2019-04-02 12:25:04 - [MESSAGE][PASSED] - Object: 'Object Repository/Page_KiboPush  Dashboard/h3_Dashboard (58)' is clicked on

2019-04-02 12:25:04 - [TEST_STEP][PASSED] - delay(3): Delayed 3 second(s)

2019-04-02 12:25:07 - [MESSAGE][PASSED] - Delayed 3 second(s)]]></system-out>
         <system-err><![CDATA[]]></system-err>
      </testcase>
      <testcase name="Test Cases/Login Test Cases/TC0002" classname="Test Cases/Login Test Cases/TC0002" status="PASSED">
         <system-out><![CDATA[2019-04-02 12:25:07 - [TEST_CASE][PASSED] - Test Cases/Login Test Cases/TC0002: Test Cases/Login Test Cases/TC0002

2019-04-02 12:25:07 - [TEST_STEP][PASSED] - openBrowser(""): Browser is opened with url: ''

2019-04-02 12:25:07 - [MESSAGE][WARNING] - A browser is already opened. Closing browser and opening a new one

2019-04-02 12:25:07 - [MESSAGE][INFO] - Starting 'Chrome' driver

2019-04-02 12:25:08 - [MESSAGE][PASSED] - Browser is opened with url: ''

2019-04-02 12:25:08 - [TEST_STEP][PASSED] - maximizeWindow(): Current window maximized

2019-04-02 12:25:08 - [MESSAGE][PASSED] - Current window maximized

2019-04-02 12:25:08 - [TEST_STEP][PASSED] - navigateToUrl("https://kiboengage.cloudkibo.com/"): Navigate to 'https://kiboengage.cloudkibo.com/' successfully

2019-04-02 12:25:42 - [MESSAGE][PASSED] - Navigate to 'https://kiboengage.cloudkibo.com/' successfully

2019-04-02 12:25:42 - [TEST_STEP][PASSED] - navigateToUrl("https://accounts.cloudkibo.com/?continue=https://kiboengage.cloudkibo.com"): Navigate to 'https://accounts.cloudkibo.com/?continue=https://kiboengage.cloudkibo.com' successfully

2019-04-02 12:26:00 - [MESSAGE][PASSED] - Navigate to 'https://accounts.cloudkibo.com/?continue=https://kiboengage.cloudkibo.com' successfully

2019-04-02 12:26:00 - [TEST_STEP][PASSED] - click(findTestObject("Page_KiboPush/a_Login (12) (2)")): Object: 'Object Repository/Page_KiboPush/a_Login (12) (2)' is clicked on

2019-04-02 12:26:01 - [MESSAGE][PASSED] - Object: 'Object Repository/Page_KiboPush/a_Login (12) (2)' is clicked on

2019-04-02 12:26:01 - [TEST_STEP][PASSED] - setText(findTestObject("Page_KiboPush/input_email (13) (2)"), "team@cloudkibo.com"): Text 'team@cloudkibo.com' is set on object 'Object Repository/Page_KiboPush/input_email (13) (2)'

2019-04-02 12:26:01 - [MESSAGE][PASSED] - Text 'team@cloudkibo.com' is set on object 'Object Repository/Page_KiboPush/input_email (13) (2)'

2019-04-02 12:26:01 - [TEST_STEP][PASSED] - setEncryptedText(findTestObject("Page_KiboPush/input_password (12) (2)"), "RigbBhfdqOBGNlJIWM1ClA=="): Text ****** has been set on object 'Object Repository/Page_KiboPush/input_password (12) (2)'

2019-04-02 12:26:01 - [MESSAGE][PASSED] - Text ****** has been set on object 'Object Repository/Page_KiboPush/input_password (12) (2)'

2019-04-02 12:26:01 - [TEST_STEP][PASSED] - setEncryptedText(findTestObject("Object Repository/Page_CloudKibo/input_password"), "RigbBhfdqOBGNlJIWM1ClA=="): Text ****** has been set on object 'Object Repository/Page_CloudKibo/input_password'

2019-04-02 12:26:01 - [MESSAGE][PASSED] - Text ****** has been set on object 'Object Repository/Page_CloudKibo/input_password'

2019-04-02 12:26:01 - [TEST_STEP][PASSED] - click(findTestObject("Object Repository/Page_CloudKibo/button_Sign In")): Object: 'Object Repository/Page_CloudKibo/button_Sign In' is clicked on

2019-04-02 12:26:01 - [MESSAGE][PASSED] - Object: 'Object Repository/Page_CloudKibo/button_Sign In' is clicked on

2019-04-02 12:26:01 - [TEST_STEP][PASSED] - click(findTestObject("Object Repository/Page_KiboEngage  Dashboard/h3_Dashboard")): Object: 'Object Repository/Page_KiboEngage  Dashboard/h3_Dashboard' is clicked on

2019-04-02 12:26:23 - [MESSAGE][PASSED] - Object: 'Object Repository/Page_KiboEngage  Dashboard/h3_Dashboard' is clicked on]]></system-out>
         <system-err><![CDATA[]]></system-err>
      </testcase>
      <testcase name="Test Cases/Login Test Cases/TC0003" classname="Test Cases/Login Test Cases/TC0003" status="PASSED">
         <system-out><![CDATA[2019-04-02 12:26:23 - [TEST_CASE][PASSED] - Test Cases/Login Test Cases/TC0003: Test Cases/Login Test Cases/TC0003

2019-04-02 12:26:23 - [TEST_STEP][PASSED] - openBrowser(""): Browser is opened with url: ''

2019-04-02 12:26:23 - [MESSAGE][WARNING] - A browser is already opened. Closing browser and opening a new one

2019-04-02 12:26:24 - [MESSAGE][INFO] - Starting 'Chrome' driver

2019-04-02 12:26:24 - [MESSAGE][PASSED] - Browser is opened with url: ''

2019-04-02 12:26:24 - [TEST_STEP][PASSED] - maximizeWindow(): Current window maximized

2019-04-02 12:26:24 - [MESSAGE][PASSED] - Current window maximized

2019-04-02 12:26:24 - [TEST_STEP][PASSED] - navigateToUrl("https://kibochat.cloudkibo.com/"): Navigate to 'https://kibochat.cloudkibo.com/' successfully

2019-04-02 12:26:36 - [MESSAGE][PASSED] - Navigate to 'https://kibochat.cloudkibo.com/' successfully

2019-04-02 12:26:36 - [TEST_STEP][PASSED] - navigateToUrl("https://accounts.cloudkibo.com/?continue=https://kibochat.cloudkibo.com"): Navigate to 'https://accounts.cloudkibo.com/?continue=https://kibochat.cloudkibo.com' successfully

2019-04-02 12:26:37 - [MESSAGE][PASSED] - Navigate to 'https://accounts.cloudkibo.com/?continue=https://kibochat.cloudkibo.com' successfully

2019-04-02 12:26:37 - [TEST_STEP][PASSED] - click(findTestObject("Page_KiboPush/a_Login (10) (1)")): Object: 'Object Repository/Page_KiboPush/a_Login (10) (1)' is clicked on

2019-04-02 12:26:38 - [MESSAGE][PASSED] - Object: 'Object Repository/Page_KiboPush/a_Login (10) (1)' is clicked on

2019-04-02 12:26:38 - [TEST_STEP][PASSED] - setText(findTestObject("Page_KiboPush/input_email (11) (1)"), "individua@cloudkibo.com"): Text 'individua@cloudkibo.com' is set on object 'Object Repository/Page_KiboPush/input_email (11) (1)'

2019-04-02 12:26:39 - [MESSAGE][PASSED] - Text 'individua@cloudkibo.com' is set on object 'Object Repository/Page_KiboPush/input_email (11) (1)'

2019-04-02 12:26:39 - [TEST_STEP][PASSED] - setEncryptedText(findTestObject("Page_KiboPush/input_password (10) (1)"), "RigbBhfdqOBGNlJIWM1ClA=="): Text ****** has been set on object 'Object Repository/Page_KiboPush/input_password (10) (1)'

2019-04-02 12:26:39 - [MESSAGE][PASSED] - Text ****** has been set on object 'Object Repository/Page_KiboPush/input_password (10) (1)'

2019-04-02 12:26:39 - [TEST_STEP][PASSED] - click(findTestObject("Page_KiboPush/button_Sign In (11) (1)")): Object: 'Object Repository/Page_KiboPush/button_Sign In (11) (1)' is clicked on

2019-04-02 12:26:39 - [MESSAGE][PASSED] - Object: 'Object Repository/Page_KiboPush/button_Sign In (11) (1)' is clicked on

2019-04-02 12:26:39 - [TEST_STEP][PASSED] - click(findTestObject("Page_KiboPush/div_No account found with this (1)")): Object: 'Object Repository/Page_KiboPush/div_No account found with this (1)' is clicked on

2019-04-02 12:26:40 - [MESSAGE][PASSED] - Object: 'Object Repository/Page_KiboPush/div_No account found with this (1)' is clicked on]]></system-out>
         <system-err><![CDATA[]]></system-err>
      </testcase>
      <testcase name="Test Cases/Login Test Cases/TC0004" classname="Test Cases/Login Test Cases/TC0004" status="PASSED">
         <system-out><![CDATA[2019-04-02 12:26:40 - [TEST_CASE][PASSED] - Test Cases/Login Test Cases/TC0004: Test Cases/Login Test Cases/TC0004

2019-04-02 12:26:40 - [TEST_STEP][PASSED] - openBrowser(""): Browser is opened with url: ''

2019-04-02 12:26:40 - [MESSAGE][WARNING] - A browser is already opened. Closing browser and opening a new one

2019-04-02 12:26:40 - [MESSAGE][INFO] - Starting 'Chrome' driver

2019-04-02 12:26:41 - [MESSAGE][PASSED] - Browser is opened with url: ''

2019-04-02 12:26:41 - [TEST_STEP][PASSED] - maximizeWindow(): Current window maximized

2019-04-02 12:26:42 - [MESSAGE][PASSED] - Current window maximized

2019-04-02 12:26:42 - [TEST_STEP][PASSED] - navigateToUrl("https://kibochat.cloudkibo.com/"): Navigate to 'https://kibochat.cloudkibo.com/' successfully

2019-04-02 12:26:56 - [MESSAGE][PASSED] - Navigate to 'https://kibochat.cloudkibo.com/' successfully

2019-04-02 12:26:56 - [TEST_STEP][PASSED] - navigateToUrl("https://accounts.cloudkibo.com/?continue=https://kibochat.cloudkibo.com"): Navigate to 'https://accounts.cloudkibo.com/?continue=https://kibochat.cloudkibo.com' successfully

2019-04-02 12:26:57 - [MESSAGE][PASSED] - Navigate to 'https://accounts.cloudkibo.com/?continue=https://kibochat.cloudkibo.com' successfully

2019-04-02 12:26:57 - [TEST_STEP][PASSED] - click(findTestObject("Page_KiboPush/a_Login (10) (1) (1)")): Object: 'Object Repository/Page_KiboPush/a_Login (10) (1) (1)' is clicked on

2019-04-02 12:26:58 - [MESSAGE][PASSED] - Object: 'Object Repository/Page_KiboPush/a_Login (10) (1) (1)' is clicked on

2019-04-02 12:26:58 - [TEST_STEP][PASSED] - setText(findTestObject("Page_KiboPush/input_email (11) (1) (1)"), "individua@cloudkibo.com"): Text 'individua@cloudkibo.com' is set on object 'Object Repository/Page_KiboPush/input_email (11) (1) (1)'

2019-04-02 12:26:58 - [MESSAGE][PASSED] - Text 'individua@cloudkibo.com' is set on object 'Object Repository/Page_KiboPush/input_email (11) (1) (1)'

2019-04-02 12:26:58 - [TEST_STEP][PASSED] - setEncryptedText(findTestObject("Page_KiboPush/input_password (10) (1) (1)"), "qeJ0sjJnwEs="): Text ****** has been set on object 'Object Repository/Page_KiboPush/input_password (10) (1) (1)'

2019-04-02 12:26:58 - [MESSAGE][PASSED] - Text ****** has been set on object 'Object Repository/Page_KiboPush/input_password (10) (1) (1)'

2019-04-02 12:26:58 - [TEST_STEP][PASSED] - click(findTestObject("Page_KiboPush/button_Sign In (11) (1) (1)")): Object: 'Object Repository/Page_KiboPush/button_Sign In (11) (1) (1)' is clicked on

2019-04-02 12:26:58 - [MESSAGE][PASSED] - Object: 'Object Repository/Page_KiboPush/button_Sign In (11) (1) (1)' is clicked on

2019-04-02 12:26:58 - [TEST_STEP][PASSED] - click(findTestObject("Page_KiboPush/div_No account found with this (2)")): Object: 'Object Repository/Page_KiboPush/div_No account found with this (2)' is clicked on

2019-04-02 12:26:59 - [MESSAGE][PASSED] - Object: 'Object Repository/Page_KiboPush/div_No account found with this (2)' is clicked on]]></system-out>
         <system-err><![CDATA[]]></system-err>
      </testcase>
      <testcase name="Test Cases/Login Test Cases/TC0005" classname="Test Cases/Login Test Cases/TC0005" status="PASSED">
         <system-out><![CDATA[2019-04-02 12:26:59 - [TEST_CASE][PASSED] - Test Cases/Login Test Cases/TC0005: Test Cases/Login Test Cases/TC0005

2019-04-02 12:26:59 - [TEST_STEP][PASSED] - openBrowser(""): Browser is opened with url: ''

2019-04-02 12:26:59 - [MESSAGE][WARNING] - A browser is already opened. Closing browser and opening a new one

2019-04-02 12:26:59 - [MESSAGE][INFO] - Starting 'Chrome' driver

2019-04-02 12:27:00 - [MESSAGE][PASSED] - Browser is opened with url: ''

2019-04-02 12:27:00 - [TEST_STEP][PASSED] - maximizeWindow(): Current window maximized

2019-04-02 12:27:00 - [MESSAGE][PASSED] - Current window maximized

2019-04-02 12:27:00 - [TEST_STEP][PASSED] - navigateToUrl("https://kibochat.cloudkibo.com/"): Navigate to 'https://kibochat.cloudkibo.com/' successfully

2019-04-02 12:27:12 - [MESSAGE][PASSED] - Navigate to 'https://kibochat.cloudkibo.com/' successfully

2019-04-02 12:27:12 - [TEST_STEP][PASSED] - navigateToUrl("https://accounts.cloudkibo.com/?continue=https://kibochat.cloudkibo.com"): Navigate to 'https://accounts.cloudkibo.com/?continue=https://kibochat.cloudkibo.com' successfully

2019-04-02 12:27:13 - [MESSAGE][PASSED] - Navigate to 'https://accounts.cloudkibo.com/?continue=https://kibochat.cloudkibo.com' successfully

2019-04-02 12:27:13 - [TEST_STEP][PASSED] - click(findTestObject("Page_KiboPush/a_Login (10)")): Object: 'Object Repository/Page_KiboPush/a_Login (10)' is clicked on

2019-04-02 12:27:13 - [MESSAGE][PASSED] - Object: 'Object Repository/Page_KiboPush/a_Login (10)' is clicked on

2019-04-02 12:27:13 - [TEST_STEP][PASSED] - click(findTestObject("Page_KiboPush/button_Sign In (11)")): Object: 'Object Repository/Page_KiboPush/button_Sign In (11)' is clicked on

2019-04-02 12:27:14 - [MESSAGE][PASSED] - Object: 'Object Repository/Page_KiboPush/button_Sign In (11)' is clicked on

2019-04-02 12:27:14 - [TEST_STEP][PASSED] - click(findTestObject("Object Repository/Page_KiboPush/div_Email is required.")): Object: 'Object Repository/Page_KiboPush/div_Email is required.' is clicked on

2019-04-02 12:27:14 - [MESSAGE][PASSED] - Object: 'Object Repository/Page_KiboPush/div_Email is required.' is clicked on]]></system-out>
         <system-err><![CDATA[]]></system-err>
      </testcase>
      <testcase name="Test Cases/Login Test Cases/TC0012" classname="Test Cases/Login Test Cases/TC0012" status="PASSED">
         <system-out><![CDATA[2019-04-02 12:27:14 - [TEST_CASE][PASSED] - Test Cases/Login Test Cases/TC0012: Test Cases/Login Test Cases/TC0012

2019-04-02 12:27:14 - [TEST_STEP][PASSED] - openBrowser(""): Browser is opened with url: ''

2019-04-02 12:27:14 - [MESSAGE][WARNING] - A browser is already opened. Closing browser and opening a new one

2019-04-02 12:27:14 - [MESSAGE][INFO] - Starting 'Chrome' driver

2019-04-02 12:27:14 - [MESSAGE][PASSED] - Browser is opened with url: ''

2019-04-02 12:27:14 - [TEST_STEP][PASSED] - maximizeWindow(): Current window maximized

2019-04-02 12:27:14 - [MESSAGE][PASSED] - Current window maximized

2019-04-02 12:27:14 - [TEST_STEP][PASSED] - navigateToUrl("https://kiboengage.cloudkibo.com/"): Navigate to 'https://kiboengage.cloudkibo.com/' successfully

2019-04-02 12:27:24 - [MESSAGE][PASSED] - Navigate to 'https://kiboengage.cloudkibo.com/' successfully

2019-04-02 12:27:24 - [TEST_STEP][PASSED] - navigateToUrl("https://accounts.cloudkibo.com/?continue=https://kiboengage.cloudkibo.com"): Navigate to 'https://accounts.cloudkibo.com/?continue=https://kiboengage.cloudkibo.com' successfully

2019-04-02 12:27:25 - [MESSAGE][PASSED] - Navigate to 'https://accounts.cloudkibo.com/?continue=https://kiboengage.cloudkibo.com' successfully

2019-04-02 12:27:25 - [TEST_STEP][PASSED] - click(findTestObject("Object Repository/Page_KiboPush/a_Visit FAQ page")): Object: 'Object Repository/Page_KiboPush/a_Visit FAQ page' is clicked on

2019-04-02 12:27:32 - [MESSAGE][PASSED] - Object: 'Object Repository/Page_KiboPush/a_Visit FAQ page' is clicked on]]></system-out>
         <system-err><![CDATA[]]></system-err>
      </testcase>
      <system-out><![CDATA[2019-04-02 12:24:03 - [TEST_SUITE][PASSED] - Login: Test Cases/Login Test Cases/TC0012]]></system-out>
      <system-err><![CDATA[]]></system-err>
   </testsuite>
</testsuites>
