<?xml version="1.0" encoding="UTF-8"?>
<testsuites name="survey" time="2443" tests="22" failures="10" errors="0">
   <testsuite name="survey" tests="22" failures="10" errors="0" time="2443" timestamp="2019-04-11 15:37:56" hostname="cloudkibo-muzamil - cloudkibomuzamil-Precision-T1700" id="Test Suites/survey">
      <properties>
         <property name="deviceName" value=""/>
         <property name="devicePlatform" value=""/>
         <property name="logFolder" value="/home/cloudkibo-muzamil/Downloads/Test cases/production/KiboPush/Reports/survey/20190411_153755"/>
         <property name="logFiles" value="/home/cloudkibo-muzamil/Downloads/Test cases/production/KiboPush/Reports/survey/20190411_153755/execution0.log"/>
         <property name="attachments" value="/home/cloudkibo-muzamil/Downloads/Test cases/production/KiboPush/Reports/survey/20190411_153755/1554979731671.png, /home/cloudkibo-muzamil/Downloads/Test cases/production/KiboPush/Reports/survey/20190411_153755/1554979838624.png, /home/cloudkibo-muzamil/Downloads/Test cases/production/KiboPush/Reports/survey/20190411_153755/1554979942528.png, /home/cloudkibo-muzamil/Downloads/Test cases/production/KiboPush/Reports/survey/20190411_153755/1554980105568.png, /home/cloudkibo-muzamil/Downloads/Test cases/production/KiboPush/Reports/survey/20190411_153755/1554980346736.png, /home/cloudkibo-muzamil/Downloads/Test cases/production/KiboPush/Reports/survey/20190411_153755/1554980400561.png, /home/cloudkibo-muzamil/Downloads/Test cases/production/KiboPush/Reports/survey/20190411_153755/1554981271831.png, /home/cloudkibo-muzamil/Downloads/Test cases/production/KiboPush/Reports/survey/20190411_153755/1554981401842.png"/>
         <property name="hostName" value="cloudkibo-muzamil - cloudkibomuzamil-Precision-T1700"/>
         <property name="os" value="Linux 64bit"/>
         <property name="katalonVersion" value="6.0.6.4"/>
         <property name="browser" value="Chrome 73.0.3683.86"/>
         <property name="hostAddress" value="127.0.1.1"/>
         <property name="sessionId" value="4217125624d60f3055ffdae7599e7882"/>
         <property name="seleniumVersion" value="3.7.1"/>
         <property name="proxyInformation" value="ProxyInformation{proxyOption=NO_PROXY, proxyServerType=HTTP, password=, proxyServerAddress=, proxyServerPort=0}"/>
         <property name="platform" value="Linux"/>
      </properties>
      <testcase name="Test Cases/Survey Test Cases/TC0205" classname="Test Cases/Survey Test Cases/TC0205" status="PASSED">
         <system-out><![CDATA[2019-04-11 15:37:57 - [TEST_CASE][PASSED] - Test Cases/Survey Test Cases/TC0205: Test Cases/Survey Test Cases/TC0205

2019-04-11 15:37:57 - [TEST_STEP][PASSED] - callTestCase(findTestCase("s-sidebar_navigation/individualAccount/survey"), [:], STOP_ON_FAILURE): Call Test Case 'Test Cases/s-sidebar_navigation/individualAccount/survey' successfully

2019-04-11 15:37:57 - [TEST_CASE][PASSED] - Test Cases/s-sidebar_navigation/individualAccount/survey: Test Cases/s-sidebar_navigation/individualAccount/survey

2019-04-11 15:37:57 - [TEST_STEP][PASSED] - callTestCase(findTestCase("s-sidebar_navigation/individualAccount/Login_Muzamil - Staging"), [:], STOP_ON_FAILURE): Call Test Case 'Test Cases/s-sidebar_navigation/individualAccount/Login_Muzamil - Staging' successfully

2019-04-11 15:37:57 - [TEST_CASE][PASSED] - Test Cases/s-sidebar_navigation/individualAccount/Login_Muzamil - Staging: Test Cases/s-sidebar_navigation/individualAccount/Login_Muzamil - Staging

2019-04-11 15:37:57 - [TEST_STEP][PASSED] - openBrowser(""): Browser is opened with url: ''

2019-04-11 15:37:57 - [MESSAGE][INFO] - Starting 'Chrome' driver

2019-04-11 15:37:57 - [MESSAGE][INFO] - Action delay is set to 0 seconds

2019-04-11 15:37:58 - [MESSAGE][PASSED] - Browser is opened with url: ''

2019-04-11 15:37:58 - [TEST_STEP][PASSED] - maximizeWindow(): Current window maximized

2019-04-11 15:37:58 - [MESSAGE][PASSED] - Current window maximized

2019-04-11 15:37:58 - [TEST_STEP][PASSED] - navigateToUrl("https://saccounts.cloudkibo.com/?continue=https://skiboengage.cloudkibo.com"): Navigate to 'https://saccounts.cloudkibo.com/?continue=https://skiboengage.cloudkibo.com' successfully

2019-04-11 15:38:12 - [MESSAGE][PASSED] - Navigate to 'https://saccounts.cloudkibo.com/?continue=https://skiboengage.cloudkibo.com' successfully

2019-04-11 15:38:12 - [TEST_STEP][PASSED] - delay(2): Delayed 2 second(s)

2019-04-11 15:38:14 - [MESSAGE][PASSED] - Delayed 2 second(s)

2019-04-11 15:38:14 - [TEST_STEP][PASSED] - click(findTestObject("Page_CloudKibo/a_Login (4)")): Object: 'Object Repository/Page_CloudKibo/a_Login (4)' is clicked on

2019-04-11 15:38:15 - [MESSAGE][PASSED] - Object: 'Object Repository/Page_CloudKibo/a_Login (4)' is clicked on

2019-04-11 15:38:15 - [TEST_STEP][PASSED] - setText(findTestObject("Page_CloudKibo/input_Sign In_email (3)"), "muzamil.bukhari.39@gmail.com"): Text 'muzamil.bukhari.39@gmail.com' is set on object 'Object Repository/Page_CloudKibo/input_Sign In_email (3)'

2019-04-11 15:38:15 - [MESSAGE][PASSED] - Text 'muzamil.bukhari.39@gmail.com' is set on object 'Object Repository/Page_CloudKibo/input_Sign In_email (3)'

2019-04-11 15:38:15 - [TEST_STEP][PASSED] - setEncryptedText(findTestObject("Page_CloudKibo/input_Sign In_password (3)"), "ZOMPkeJIpHVS6OGLcNHjig=="): Text ****** has been set on object 'Object Repository/Page_CloudKibo/input_Sign In_password (3)'

2019-04-11 15:38:15 - [MESSAGE][PASSED] - Text ****** has been set on object 'Object Repository/Page_CloudKibo/input_Sign In_password (3)'

2019-04-11 15:38:15 - [TEST_STEP][PASSED] - click(findTestObject("Page_CloudKibo/button_Sign In (7)")): Object: 'Object Repository/Page_CloudKibo/button_Sign In (7)' is clicked on

2019-04-11 15:38:15 - [MESSAGE][PASSED] - Object: 'Object Repository/Page_CloudKibo/button_Sign In (7)' is clicked on

2019-04-11 15:38:15 - [TEST_STEP][PASSED] - click(findTestObject("Page_KiboEngage  Dashboard/h4_KIBOPUSH (2)")): Object: 'Object Repository/Page_KiboEngage  Dashboard/h4_KIBOPUSH (2)' is clicked on

2019-04-11 15:39:14 - [MESSAGE][PASSED] - Object: 'Object Repository/Page_KiboEngage  Dashboard/h4_KIBOPUSH (2)' is clicked on

2019-04-11 15:39:14 - [MESSAGE][PASSED] - Call Test Case 'Test Cases/s-sidebar_navigation/individualAccount/Login_Muzamil - Staging' successfully

2019-04-11 15:39:14 - [TEST_STEP][PASSED] - click(findTestObject("Page_KiboPush  Dashboard/span_Broadcasting")): Object: 'Object Repository/Page_KiboPush  Dashboard/span_Broadcasting' is clicked on

2019-04-11 15:39:14 - [MESSAGE][PASSED] - Object: 'Object Repository/Page_KiboPush  Dashboard/span_Broadcasting' is clicked on

2019-04-11 15:39:14 - [TEST_STEP][PASSED] - delay(2): Delayed 2 second(s)

2019-04-11 15:39:16 - [MESSAGE][PASSED] - Delayed 2 second(s)

2019-04-11 15:39:16 - [TEST_STEP][PASSED] - click(findTestObject("Page_KiboPush  Dashboard/span_Surveys")): Object: 'Object Repository/Page_KiboPush  Dashboard/span_Surveys' is clicked on

2019-04-11 15:39:16 - [MESSAGE][PASSED] - Object: 'Object Repository/Page_KiboPush  Dashboard/span_Surveys' is clicked on

2019-04-11 15:39:16 - [TEST_STEP][PASSED] - delay(2): Delayed 2 second(s)

2019-04-11 15:39:18 - [MESSAGE][PASSED] - Delayed 2 second(s)

2019-04-11 15:39:18 - [TEST_STEP][PASSED] - click(findTestObject("Page_KiboPush  Survey/h3_Manage Surveys")): Object: 'Object Repository/Page_KiboPush  Survey/h3_Manage Surveys' is clicked on

2019-04-11 15:39:18 - [MESSAGE][PASSED] - Object: 'Object Repository/Page_KiboPush  Survey/h3_Manage Surveys' is clicked on

2019-04-11 15:39:18 - [MESSAGE][PASSED] - Call Test Case 'Test Cases/s-sidebar_navigation/individualAccount/survey' successfully

2019-04-11 15:39:18 - [TEST_STEP][PASSED] - click(findTestObject("Page_KiboPush  Survey/a_documentation")): Object: 'Object Repository/Page_KiboPush  Survey/a_documentation' is clicked on

2019-04-11 15:39:19 - [MESSAGE][PASSED] - Object: 'Object Repository/Page_KiboPush  Survey/a_documentation' is clicked on]]></system-out>
         <system-err><![CDATA[]]></system-err>
      </testcase>
      <testcase name="Test Cases/Survey Test Cases/TC0206" classname="Test Cases/Survey Test Cases/TC0206" status="PASSED">
         <system-out><![CDATA[2019-04-11 15:39:19 - [TEST_CASE][PASSED] - Test Cases/Survey Test Cases/TC0206: Test Cases/Survey Test Cases/TC0206

2019-04-11 15:39:19 - [TEST_STEP][PASSED] - callTestCase(findTestCase("s-sidebar_navigation/individualAccount/survey"), [:], STOP_ON_FAILURE): Call Test Case 'Test Cases/s-sidebar_navigation/individualAccount/survey' successfully

2019-04-11 15:39:19 - [TEST_CASE][PASSED] - Test Cases/s-sidebar_navigation/individualAccount/survey: Test Cases/s-sidebar_navigation/individualAccount/survey

2019-04-11 15:39:19 - [TEST_STEP][PASSED] - callTestCase(findTestCase("s-sidebar_navigation/individualAccount/Login_Muzamil - Staging"), [:], STOP_ON_FAILURE): Call Test Case 'Test Cases/s-sidebar_navigation/individualAccount/Login_Muzamil - Staging' successfully

2019-04-11 15:39:19 - [TEST_CASE][PASSED] - Test Cases/s-sidebar_navigation/individualAccount/Login_Muzamil - Staging: Test Cases/s-sidebar_navigation/individualAccount/Login_Muzamil - Staging

2019-04-11 15:39:19 - [TEST_STEP][PASSED] - openBrowser(""): Browser is opened with url: ''

2019-04-11 15:39:19 - [MESSAGE][WARNING] - A browser is already opened. Closing browser and opening a new one

2019-04-11 15:39:19 - [MESSAGE][INFO] - Starting 'Chrome' driver

2019-04-11 15:39:19 - [MESSAGE][PASSED] - Browser is opened with url: ''

2019-04-11 15:39:19 - [TEST_STEP][PASSED] - maximizeWindow(): Current window maximized

2019-04-11 15:39:19 - [MESSAGE][PASSED] - Current window maximized

2019-04-11 15:39:19 - [TEST_STEP][PASSED] - navigateToUrl("https://saccounts.cloudkibo.com/?continue=https://skiboengage.cloudkibo.com"): Navigate to 'https://saccounts.cloudkibo.com/?continue=https://skiboengage.cloudkibo.com' successfully

2019-04-11 15:39:32 - [MESSAGE][PASSED] - Navigate to 'https://saccounts.cloudkibo.com/?continue=https://skiboengage.cloudkibo.com' successfully

2019-04-11 15:39:32 - [TEST_STEP][PASSED] - delay(2): Delayed 2 second(s)

2019-04-11 15:39:34 - [MESSAGE][PASSED] - Delayed 2 second(s)

2019-04-11 15:39:34 - [TEST_STEP][PASSED] - click(findTestObject("Page_CloudKibo/a_Login (4)")): Object: 'Object Repository/Page_CloudKibo/a_Login (4)' is clicked on

2019-04-11 15:39:35 - [MESSAGE][PASSED] - Object: 'Object Repository/Page_CloudKibo/a_Login (4)' is clicked on

2019-04-11 15:39:35 - [TEST_STEP][PASSED] - setText(findTestObject("Page_CloudKibo/input_Sign In_email (3)"), "muzamil.bukhari.39@gmail.com"): Text 'muzamil.bukhari.39@gmail.com' is set on object 'Object Repository/Page_CloudKibo/input_Sign In_email (3)'

2019-04-11 15:39:36 - [MESSAGE][PASSED] - Text 'muzamil.bukhari.39@gmail.com' is set on object 'Object Repository/Page_CloudKibo/input_Sign In_email (3)'

2019-04-11 15:39:36 - [TEST_STEP][PASSED] - setEncryptedText(findTestObject("Page_CloudKibo/input_Sign In_password (3)"), "ZOMPkeJIpHVS6OGLcNHjig=="): Text ****** has been set on object 'Object Repository/Page_CloudKibo/input_Sign In_password (3)'

2019-04-11 15:39:36 - [MESSAGE][PASSED] - Text ****** has been set on object 'Object Repository/Page_CloudKibo/input_Sign In_password (3)'

2019-04-11 15:39:36 - [TEST_STEP][PASSED] - click(findTestObject("Page_CloudKibo/button_Sign In (7)")): Object: 'Object Repository/Page_CloudKibo/button_Sign In (7)' is clicked on

2019-04-11 15:39:36 - [MESSAGE][PASSED] - Object: 'Object Repository/Page_CloudKibo/button_Sign In (7)' is clicked on

2019-04-11 15:39:36 - [TEST_STEP][PASSED] - click(findTestObject("Page_KiboEngage  Dashboard/h4_KIBOPUSH (2)")): Object: 'Object Repository/Page_KiboEngage  Dashboard/h4_KIBOPUSH (2)' is clicked on

2019-04-11 15:40:25 - [MESSAGE][PASSED] - Object: 'Object Repository/Page_KiboEngage  Dashboard/h4_KIBOPUSH (2)' is clicked on

2019-04-11 15:40:25 - [MESSAGE][PASSED] - Call Test Case 'Test Cases/s-sidebar_navigation/individualAccount/Login_Muzamil - Staging' successfully

2019-04-11 15:40:25 - [TEST_STEP][PASSED] - click(findTestObject("Page_KiboPush  Dashboard/span_Broadcasting")): Object: 'Object Repository/Page_KiboPush  Dashboard/span_Broadcasting' is clicked on

2019-04-11 15:40:25 - [MESSAGE][PASSED] - Object: 'Object Repository/Page_KiboPush  Dashboard/span_Broadcasting' is clicked on

2019-04-11 15:40:25 - [TEST_STEP][PASSED] - delay(2): Delayed 2 second(s)

2019-04-11 15:40:27 - [MESSAGE][PASSED] - Delayed 2 second(s)

2019-04-11 15:40:27 - [TEST_STEP][PASSED] - click(findTestObject("Page_KiboPush  Dashboard/span_Surveys")): Object: 'Object Repository/Page_KiboPush  Dashboard/span_Surveys' is clicked on

2019-04-11 15:40:27 - [MESSAGE][PASSED] - Object: 'Object Repository/Page_KiboPush  Dashboard/span_Surveys' is clicked on

2019-04-11 15:40:27 - [TEST_STEP][PASSED] - delay(2): Delayed 2 second(s)

2019-04-11 15:40:29 - [MESSAGE][PASSED] - Delayed 2 second(s)

2019-04-11 15:40:29 - [TEST_STEP][PASSED] - click(findTestObject("Page_KiboPush  Survey/h3_Manage Surveys")): Object: 'Object Repository/Page_KiboPush  Survey/h3_Manage Surveys' is clicked on

2019-04-11 15:40:29 - [MESSAGE][PASSED] - Object: 'Object Repository/Page_KiboPush  Survey/h3_Manage Surveys' is clicked on

2019-04-11 15:40:29 - [MESSAGE][PASSED] - Call Test Case 'Test Cases/s-sidebar_navigation/individualAccount/survey' successfully

2019-04-11 15:40:29 - [TEST_STEP][PASSED] - click(findTestObject("Object Repository/Page_KiboPush  Survey/a_video tutorial")): Object: 'Object Repository/Page_KiboPush  Survey/a_video tutorial' is clicked on

2019-04-11 15:40:29 - [MESSAGE][PASSED] - Object: 'Object Repository/Page_KiboPush  Survey/a_video tutorial' is clicked on]]></system-out>
         <system-err><![CDATA[]]></system-err>
      </testcase>
      <testcase name="Test Cases/Survey Test Cases/TC0207" classname="Test Cases/Survey Test Cases/TC0207" status="PASSED">
         <system-out><![CDATA[2019-04-11 15:40:29 - [TEST_CASE][PASSED] - Test Cases/Survey Test Cases/TC0207: Test Cases/Survey Test Cases/TC0207

2019-04-11 15:40:29 - [TEST_STEP][PASSED] - callTestCase(findTestCase("s-sidebar_navigation/individualAccount/survey"), [:], STOP_ON_FAILURE): Call Test Case 'Test Cases/s-sidebar_navigation/individualAccount/survey' successfully

2019-04-11 15:40:29 - [TEST_CASE][PASSED] - Test Cases/s-sidebar_navigation/individualAccount/survey: Test Cases/s-sidebar_navigation/individualAccount/survey

2019-04-11 15:40:29 - [TEST_STEP][PASSED] - callTestCase(findTestCase("s-sidebar_navigation/individualAccount/Login_Muzamil - Staging"), [:], STOP_ON_FAILURE): Call Test Case 'Test Cases/s-sidebar_navigation/individualAccount/Login_Muzamil - Staging' successfully

2019-04-11 15:40:29 - [TEST_CASE][PASSED] - Test Cases/s-sidebar_navigation/individualAccount/Login_Muzamil - Staging: Test Cases/s-sidebar_navigation/individualAccount/Login_Muzamil - Staging

2019-04-11 15:40:29 - [TEST_STEP][PASSED] - openBrowser(""): Browser is opened with url: ''

2019-04-11 15:40:29 - [MESSAGE][WARNING] - A browser is already opened. Closing browser and opening a new one

2019-04-11 15:40:29 - [MESSAGE][INFO] - Starting 'Chrome' driver

2019-04-11 15:40:30 - [MESSAGE][PASSED] - Browser is opened with url: ''

2019-04-11 15:40:30 - [TEST_STEP][PASSED] - maximizeWindow(): Current window maximized

2019-04-11 15:40:30 - [MESSAGE][PASSED] - Current window maximized

2019-04-11 15:40:30 - [TEST_STEP][PASSED] - navigateToUrl("https://saccounts.cloudkibo.com/?continue=https://skiboengage.cloudkibo.com"): Navigate to 'https://saccounts.cloudkibo.com/?continue=https://skiboengage.cloudkibo.com' successfully

2019-04-11 15:40:40 - [MESSAGE][PASSED] - Navigate to 'https://saccounts.cloudkibo.com/?continue=https://skiboengage.cloudkibo.com' successfully

2019-04-11 15:40:40 - [TEST_STEP][PASSED] - delay(2): Delayed 2 second(s)

2019-04-11 15:40:42 - [MESSAGE][PASSED] - Delayed 2 second(s)

2019-04-11 15:40:42 - [TEST_STEP][PASSED] - click(findTestObject("Page_CloudKibo/a_Login (4)")): Object: 'Object Repository/Page_CloudKibo/a_Login (4)' is clicked on

2019-04-11 15:40:43 - [MESSAGE][PASSED] - Object: 'Object Repository/Page_CloudKibo/a_Login (4)' is clicked on

2019-04-11 15:40:43 - [TEST_STEP][PASSED] - setText(findTestObject("Page_CloudKibo/input_Sign In_email (3)"), "muzamil.bukhari.39@gmail.com"): Text 'muzamil.bukhari.39@gmail.com' is set on object 'Object Repository/Page_CloudKibo/input_Sign In_email (3)'

2019-04-11 15:40:43 - [MESSAGE][PASSED] - Text 'muzamil.bukhari.39@gmail.com' is set on object 'Object Repository/Page_CloudKibo/input_Sign In_email (3)'

2019-04-11 15:40:43 - [TEST_STEP][PASSED] - setEncryptedText(findTestObject("Page_CloudKibo/input_Sign In_password (3)"), "ZOMPkeJIpHVS6OGLcNHjig=="): Text ****** has been set on object 'Object Repository/Page_CloudKibo/input_Sign In_password (3)'

2019-04-11 15:40:43 - [MESSAGE][PASSED] - Text ****** has been set on object 'Object Repository/Page_CloudKibo/input_Sign In_password (3)'

2019-04-11 15:40:43 - [TEST_STEP][PASSED] - click(findTestObject("Page_CloudKibo/button_Sign In (7)")): Object: 'Object Repository/Page_CloudKibo/button_Sign In (7)' is clicked on

2019-04-11 15:40:43 - [MESSAGE][PASSED] - Object: 'Object Repository/Page_CloudKibo/button_Sign In (7)' is clicked on

2019-04-11 15:40:43 - [TEST_STEP][PASSED] - click(findTestObject("Page_KiboEngage  Dashboard/h4_KIBOPUSH (2)")): Object: 'Object Repository/Page_KiboEngage  Dashboard/h4_KIBOPUSH (2)' is clicked on

2019-04-11 15:41:13 - [MESSAGE][PASSED] - Object: 'Object Repository/Page_KiboEngage  Dashboard/h4_KIBOPUSH (2)' is clicked on

2019-04-11 15:41:13 - [MESSAGE][PASSED] - Call Test Case 'Test Cases/s-sidebar_navigation/individualAccount/Login_Muzamil - Staging' successfully

2019-04-11 15:41:13 - [TEST_STEP][PASSED] - click(findTestObject("Page_KiboPush  Dashboard/span_Broadcasting")): Object: 'Object Repository/Page_KiboPush  Dashboard/span_Broadcasting' is clicked on

2019-04-11 15:41:14 - [MESSAGE][PASSED] - Object: 'Object Repository/Page_KiboPush  Dashboard/span_Broadcasting' is clicked on

2019-04-11 15:41:14 - [TEST_STEP][PASSED] - delay(2): Delayed 2 second(s)

2019-04-11 15:41:16 - [MESSAGE][PASSED] - Delayed 2 second(s)

2019-04-11 15:41:16 - [TEST_STEP][PASSED] - click(findTestObject("Page_KiboPush  Dashboard/span_Surveys")): Object: 'Object Repository/Page_KiboPush  Dashboard/span_Surveys' is clicked on

2019-04-11 15:41:16 - [MESSAGE][PASSED] - Object: 'Object Repository/Page_KiboPush  Dashboard/span_Surveys' is clicked on

2019-04-11 15:41:16 - [TEST_STEP][PASSED] - delay(2): Delayed 2 second(s)

2019-04-11 15:41:18 - [MESSAGE][PASSED] - Delayed 2 second(s)

2019-04-11 15:41:18 - [TEST_STEP][PASSED] - click(findTestObject("Page_KiboPush  Survey/h3_Manage Surveys")): Object: 'Object Repository/Page_KiboPush  Survey/h3_Manage Surveys' is clicked on

2019-04-11 15:41:18 - [MESSAGE][PASSED] - Object: 'Object Repository/Page_KiboPush  Survey/h3_Manage Surveys' is clicked on

2019-04-11 15:41:18 - [MESSAGE][PASSED] - Call Test Case 'Test Cases/s-sidebar_navigation/individualAccount/survey' successfully

2019-04-11 15:41:18 - [TEST_STEP][PASSED] - delay(1): Delayed 1 second(s)

2019-04-11 15:41:19 - [MESSAGE][PASSED] - Delayed 1 second(s)

2019-04-11 15:41:19 - [TEST_STEP][PASSED] - driver = getWebDriver(): null

2019-04-11 15:41:19 - [TEST_STEP][PASSED] - Table = driver.findElement(By.xpath("//table/tbody")): null

2019-04-11 15:41:19 - [TEST_STEP][PASSED] - rows_table = Table.findElements(By.tagName("tr")): null

2019-04-11 15:41:19 - [TEST_STEP][PASSED] - rows_count = rows_table.size(): null

2019-04-11 15:41:19 - [TEST_STEP][PASSED] - verifyGreaterThanOrEqual(rows_count, 1): Actual number '7' is greater than or equal to expected number '1'

2019-04-11 15:41:19 - [MESSAGE][PASSED] - Actual number '7' is greater than or equal to expected number '1'

2019-04-11 15:41:19 - [TEST_STEP][PASSED] - closeBrowser(): Browser is closed

2019-04-11 15:41:19 - [MESSAGE][PASSED] - Browser is closed]]></system-out>
         <system-err><![CDATA[]]></system-err>
      </testcase>
      <testcase name="Test Cases/Survey Test Cases/TC0208" classname="Test Cases/Survey Test Cases/TC0208" status="PASSED">
         <system-out><![CDATA[2019-04-11 15:41:19 - [TEST_CASE][PASSED] - Test Cases/Survey Test Cases/TC0208: Test Cases/Survey Test Cases/TC0208

2019-04-11 15:41:19 - [TEST_STEP][PASSED] - callTestCase(findTestCase("s-sidebar_navigation/individualAccount/survey"), [:], STOP_ON_FAILURE): Call Test Case 'Test Cases/s-sidebar_navigation/individualAccount/survey' successfully

2019-04-11 15:41:19 - [TEST_CASE][PASSED] - Test Cases/s-sidebar_navigation/individualAccount/survey: Test Cases/s-sidebar_navigation/individualAccount/survey

2019-04-11 15:41:19 - [TEST_STEP][PASSED] - callTestCase(findTestCase("s-sidebar_navigation/individualAccount/Login_Muzamil - Staging"), [:], STOP_ON_FAILURE): Call Test Case 'Test Cases/s-sidebar_navigation/individualAccount/Login_Muzamil - Staging' successfully

2019-04-11 15:41:19 - [TEST_CASE][PASSED] - Test Cases/s-sidebar_navigation/individualAccount/Login_Muzamil - Staging: Test Cases/s-sidebar_navigation/individualAccount/Login_Muzamil - Staging

2019-04-11 15:41:19 - [TEST_STEP][PASSED] - openBrowser(""): Browser is opened with url: ''

2019-04-11 15:41:19 - [MESSAGE][INFO] - Starting 'Chrome' driver

2019-04-11 15:41:20 - [MESSAGE][PASSED] - Browser is opened with url: ''

2019-04-11 15:41:20 - [TEST_STEP][PASSED] - maximizeWindow(): Current window maximized

2019-04-11 15:41:20 - [MESSAGE][PASSED] - Current window maximized

2019-04-11 15:41:20 - [TEST_STEP][PASSED] - navigateToUrl("https://saccounts.cloudkibo.com/?continue=https://skiboengage.cloudkibo.com"): Navigate to 'https://saccounts.cloudkibo.com/?continue=https://skiboengage.cloudkibo.com' successfully

2019-04-11 15:41:35 - [MESSAGE][PASSED] - Navigate to 'https://saccounts.cloudkibo.com/?continue=https://skiboengage.cloudkibo.com' successfully

2019-04-11 15:41:35 - [TEST_STEP][PASSED] - delay(2): Delayed 2 second(s)

2019-04-11 15:41:37 - [MESSAGE][PASSED] - Delayed 2 second(s)

2019-04-11 15:41:37 - [TEST_STEP][PASSED] - click(findTestObject("Page_CloudKibo/a_Login (4)")): Object: 'Object Repository/Page_CloudKibo/a_Login (4)' is clicked on

2019-04-11 15:41:38 - [MESSAGE][PASSED] - Object: 'Object Repository/Page_CloudKibo/a_Login (4)' is clicked on

2019-04-11 15:41:38 - [TEST_STEP][PASSED] - setText(findTestObject("Page_CloudKibo/input_Sign In_email (3)"), "muzamil.bukhari.39@gmail.com"): Text 'muzamil.bukhari.39@gmail.com' is set on object 'Object Repository/Page_CloudKibo/input_Sign In_email (3)'

2019-04-11 15:41:38 - [MESSAGE][PASSED] - Text 'muzamil.bukhari.39@gmail.com' is set on object 'Object Repository/Page_CloudKibo/input_Sign In_email (3)'

2019-04-11 15:41:38 - [TEST_STEP][PASSED] - setEncryptedText(findTestObject("Page_CloudKibo/input_Sign In_password (3)"), "ZOMPkeJIpHVS6OGLcNHjig=="): Text ****** has been set on object 'Object Repository/Page_CloudKibo/input_Sign In_password (3)'

2019-04-11 15:41:38 - [MESSAGE][PASSED] - Text ****** has been set on object 'Object Repository/Page_CloudKibo/input_Sign In_password (3)'

2019-04-11 15:41:38 - [TEST_STEP][PASSED] - click(findTestObject("Page_CloudKibo/button_Sign In (7)")): Object: 'Object Repository/Page_CloudKibo/button_Sign In (7)' is clicked on

2019-04-11 15:41:38 - [MESSAGE][PASSED] - Object: 'Object Repository/Page_CloudKibo/button_Sign In (7)' is clicked on

2019-04-11 15:41:38 - [TEST_STEP][PASSED] - click(findTestObject("Page_KiboEngage  Dashboard/h4_KIBOPUSH (2)")): Object: 'Object Repository/Page_KiboEngage  Dashboard/h4_KIBOPUSH (2)' is clicked on

2019-04-11 15:42:48 - [MESSAGE][PASSED] - Object: 'Object Repository/Page_KiboEngage  Dashboard/h4_KIBOPUSH (2)' is clicked on

2019-04-11 15:42:48 - [MESSAGE][PASSED] - Call Test Case 'Test Cases/s-sidebar_navigation/individualAccount/Login_Muzamil - Staging' successfully

2019-04-11 15:42:48 - [TEST_STEP][PASSED] - click(findTestObject("Page_KiboPush  Dashboard/span_Broadcasting")): Object: 'Object Repository/Page_KiboPush  Dashboard/span_Broadcasting' is clicked on

2019-04-11 15:42:48 - [MESSAGE][PASSED] - Object: 'Object Repository/Page_KiboPush  Dashboard/span_Broadcasting' is clicked on

2019-04-11 15:42:48 - [TEST_STEP][PASSED] - delay(2): Delayed 2 second(s)

2019-04-11 15:42:50 - [MESSAGE][PASSED] - Delayed 2 second(s)

2019-04-11 15:42:50 - [TEST_STEP][PASSED] - click(findTestObject("Page_KiboPush  Dashboard/span_Surveys")): Object: 'Object Repository/Page_KiboPush  Dashboard/span_Surveys' is clicked on

2019-04-11 15:42:50 - [MESSAGE][PASSED] - Object: 'Object Repository/Page_KiboPush  Dashboard/span_Surveys' is clicked on

2019-04-11 15:42:50 - [TEST_STEP][PASSED] - delay(2): Delayed 2 second(s)

2019-04-11 15:42:52 - [MESSAGE][PASSED] - Delayed 2 second(s)

2019-04-11 15:42:52 - [TEST_STEP][PASSED] - click(findTestObject("Page_KiboPush  Survey/h3_Manage Surveys")): Object: 'Object Repository/Page_KiboPush  Survey/h3_Manage Surveys' is clicked on

2019-04-11 15:42:52 - [MESSAGE][PASSED] - Object: 'Object Repository/Page_KiboPush  Survey/h3_Manage Surveys' is clicked on

2019-04-11 15:42:52 - [MESSAGE][PASSED] - Call Test Case 'Test Cases/s-sidebar_navigation/individualAccount/survey' successfully

2019-04-11 15:42:52 - [TEST_STEP][PASSED] - delay(3): Delayed 3 second(s)

2019-04-11 15:42:55 - [MESSAGE][PASSED] - Delayed 3 second(s)

2019-04-11 15:42:55 - [TEST_STEP][PASSED] - driver = getWebDriver(): null

2019-04-11 15:42:55 - [TEST_STEP][PASSED] - Table = driver.findElement(By.xpath("//table/tbody")): null

2019-04-11 15:42:55 - [TEST_STEP][PASSED] - rows_table = Table.findElements(By.tagName("tr")): null

2019-04-11 15:42:55 - [TEST_STEP][PASSED] - rows_count_before = rows_table.size(): null

2019-04-11 15:42:55 - [TEST_STEP][PASSED] - setText(findTestObject("Object Repository/Page_KiboPush  Survey/input_example-text-input"), "2"): Text '2' is set on object 'Object Repository/Page_KiboPush  Survey/input_example-text-input'

2019-04-11 15:42:55 - [MESSAGE][PASSED] - Text '2' is set on object 'Object Repository/Page_KiboPush  Survey/input_example-text-input'

2019-04-11 15:42:55 - [TEST_STEP][PASSED] - delay(3): Delayed 3 second(s)

2019-04-11 15:42:58 - [MESSAGE][PASSED] - Delayed 3 second(s)

2019-04-11 15:42:58 - [TEST_STEP][PASSED] - driver = getWebDriver(): null

2019-04-11 15:42:58 - [TEST_STEP][PASSED] - Table = driver.findElement(By.xpath("//table/tbody")): null

2019-04-11 15:42:58 - [TEST_STEP][PASSED] - rows_table = Table.findElements(By.tagName("tr")): null

2019-04-11 15:42:58 - [TEST_STEP][PASSED] - rows_count_after = rows_table.size(): null

2019-04-11 15:42:58 - [TEST_STEP][PASSED] - verifyGreaterThanOrEqual(rows_count_after, 1): Actual number '7' is greater than or equal to expected number '1'

2019-04-11 15:42:58 - [MESSAGE][PASSED] - Actual number '7' is greater than or equal to expected number '1']]></system-out>
         <system-err><![CDATA[]]></system-err>
      </testcase>
      <testcase name="Test Cases/Survey Test Cases/TC0209" classname="Test Cases/Survey Test Cases/TC0209" status="FAILED">
         <failure type="FAILED" message="Test Cases/Survey Test Cases/TC0209 FAILED.
Reason:
com.kms.katalon.core.exception.StepFailedException: Actual text '1' and expected text '0' are not matched
	at com.kms.katalon.core.keyword.builtin.VerifyMatchKeyword$_verifyMatch_closure1.doCall(VerifyMatchKeyword.groovy:57)
	at com.kms.katalon.core.keyword.builtin.VerifyMatchKeyword$_verifyMatch_closure1.call(VerifyMatchKeyword.groovy)
	at com.kms.katalon.core.keyword.internal.KeywordMain.runKeyword(KeywordMain.groovy:66)
	at com.kms.katalon.core.keyword.builtin.VerifyMatchKeyword.verifyMatch(VerifyMatchKeyword.groovy:60)
	at com.kms.katalon.core.keyword.builtin.VerifyMatchKeyword.execute(VerifyMatchKeyword.groovy:45)
	at com.kms.katalon.core.keyword.internal.KeywordExecutor.executeKeywordForPlatform(KeywordExecutor.groovy:56)
	at com.kms.katalon.core.keyword.BuiltinKeywords.verifyMatch(BuiltinKeywords.groovy:73)
	at TC0209.run(TC0209:62)
	at com.kms.katalon.core.main.ScriptEngine.run(ScriptEngine.java:194)
	at com.kms.katalon.core.main.ScriptEngine.runScriptAsRawText(ScriptEngine.java:119)
	at com.kms.katalon.core.main.TestCaseExecutor.runScript(TestCaseExecutor.java:331)
	at com.kms.katalon.core.main.TestCaseExecutor.doExecute(TestCaseExecutor.java:322)
	at com.kms.katalon.core.main.TestCaseExecutor.processExecutionPhase(TestCaseExecutor.java:301)
	at com.kms.katalon.core.main.TestCaseExecutor.accessMainPhase(TestCaseExecutor.java:293)
	at com.kms.katalon.core.main.TestCaseExecutor.execute(TestCaseExecutor.java:227)
	at com.kms.katalon.core.main.TestSuiteExecutor.accessTestCaseMainPhase(TestSuiteExecutor.java:129)
	at com.kms.katalon.core.main.TestSuiteExecutor.accessTestSuiteMainPhase(TestSuiteExecutor.java:112)
	at com.kms.katalon.core.main.TestSuiteExecutor.execute(TestSuiteExecutor.java:81)
	at com.kms.katalon.core.main.TestCaseMain.startTestSuite(TestCaseMain.java:157)
	at com.kms.katalon.core.main.TestCaseMain$startTestSuite$0.call(Unknown Source)
	at TempTestSuite1554979075443.run(TempTestSuite1554979075443.groovy:35)
"/>
         <system-out><![CDATA[2019-04-11 15:42:58 - [TEST_CASE][FAILED] - Test Cases/Survey Test Cases/TC0209: Test Cases/Survey Test Cases/TC0209 FAILED.
Reason:
com.kms.katalon.core.exception.StepFailedException: Actual text '1' and expected text '0' are not matched
	at com.kms.katalon.core.keyword.builtin.VerifyMatchKeyword$_verifyMatch_closure1.doCall(VerifyMatchKeyword.groovy:57)
	at com.kms.katalon.core.keyword.builtin.VerifyMatchKeyword$_verifyMatch_closure1.call(VerifyMatchKeyword.groovy)
	at com.kms.katalon.core.keyword.internal.KeywordMain.runKeyword(KeywordMain.groovy:66)
	at com.kms.katalon.core.keyword.builtin.VerifyMatchKeyword.verifyMatch(VerifyMatchKeyword.groovy:60)
	at com.kms.katalon.core.keyword.builtin.VerifyMatchKeyword.execute(VerifyMatchKeyword.groovy:45)
	at com.kms.katalon.core.keyword.internal.KeywordExecutor.executeKeywordForPlatform(KeywordExecutor.groovy:56)
	at com.kms.katalon.core.keyword.BuiltinKeywords.verifyMatch(BuiltinKeywords.groovy:73)
	at TC0209.run(TC0209:62)
	at com.kms.katalon.core.main.ScriptEngine.run(ScriptEngine.java:194)
	at com.kms.katalon.core.main.ScriptEngine.runScriptAsRawText(ScriptEngine.java:119)
	at com.kms.katalon.core.main.TestCaseExecutor.runScript(TestCaseExecutor.java:331)
	at com.kms.katalon.core.main.TestCaseExecutor.doExecute(TestCaseExecutor.java:322)
	at com.kms.katalon.core.main.TestCaseExecutor.processExecutionPhase(TestCaseExecutor.java:301)
	at com.kms.katalon.core.main.TestCaseExecutor.accessMainPhase(TestCaseExecutor.java:293)
	at com.kms.katalon.core.main.TestCaseExecutor.execute(TestCaseExecutor.java:227)
	at com.kms.katalon.core.main.TestSuiteExecutor.accessTestCaseMainPhase(TestSuiteExecutor.java:129)
	at com.kms.katalon.core.main.TestSuiteExecutor.accessTestSuiteMainPhase(TestSuiteExecutor.java:112)
	at com.kms.katalon.core.main.TestSuiteExecutor.execute(TestSuiteExecutor.java:81)
	at com.kms.katalon.core.main.TestCaseMain.startTestSuite(TestCaseMain.java:157)
	at com.kms.katalon.core.main.TestCaseMain$startTestSuite$0.call(Unknown Source)
	at TempTestSuite1554979075443.run(TempTestSuite1554979075443.groovy:35)


2019-04-11 15:42:58 - [TEST_STEP][PASSED] - callTestCase(findTestCase("s-sidebar_navigation/individualAccount/survey"), [:], STOP_ON_FAILURE): Call Test Case 'Test Cases/s-sidebar_navigation/individualAccount/survey' successfully

2019-04-11 15:42:58 - [TEST_CASE][PASSED] - Test Cases/s-sidebar_navigation/individualAccount/survey: Test Cases/s-sidebar_navigation/individualAccount/survey

2019-04-11 15:42:59 - [TEST_STEP][PASSED] - callTestCase(findTestCase("s-sidebar_navigation/individualAccount/Login_Muzamil - Staging"), [:], STOP_ON_FAILURE): Call Test Case 'Test Cases/s-sidebar_navigation/individualAccount/Login_Muzamil - Staging' successfully

2019-04-11 15:42:59 - [TEST_CASE][PASSED] - Test Cases/s-sidebar_navigation/individualAccount/Login_Muzamil - Staging: Test Cases/s-sidebar_navigation/individualAccount/Login_Muzamil - Staging

2019-04-11 15:42:59 - [TEST_STEP][PASSED] - openBrowser(""): Browser is opened with url: ''

2019-04-11 15:42:59 - [MESSAGE][WARNING] - A browser is already opened. Closing browser and opening a new one

2019-04-11 15:42:59 - [MESSAGE][INFO] - Starting 'Chrome' driver

2019-04-11 15:42:59 - [MESSAGE][PASSED] - Browser is opened with url: ''

2019-04-11 15:42:59 - [TEST_STEP][PASSED] - maximizeWindow(): Current window maximized

2019-04-11 15:42:59 - [MESSAGE][PASSED] - Current window maximized

2019-04-11 15:42:59 - [TEST_STEP][PASSED] - navigateToUrl("https://saccounts.cloudkibo.com/?continue=https://skiboengage.cloudkibo.com"): Navigate to 'https://saccounts.cloudkibo.com/?continue=https://skiboengage.cloudkibo.com' successfully

2019-04-11 15:43:13 - [MESSAGE][PASSED] - Navigate to 'https://saccounts.cloudkibo.com/?continue=https://skiboengage.cloudkibo.com' successfully

2019-04-11 15:43:13 - [TEST_STEP][PASSED] - delay(2): Delayed 2 second(s)

2019-04-11 15:43:15 - [MESSAGE][PASSED] - Delayed 2 second(s)

2019-04-11 15:43:15 - [TEST_STEP][PASSED] - click(findTestObject("Page_CloudKibo/a_Login (4)")): Object: 'Object Repository/Page_CloudKibo/a_Login (4)' is clicked on

2019-04-11 15:43:16 - [MESSAGE][PASSED] - Object: 'Object Repository/Page_CloudKibo/a_Login (4)' is clicked on

2019-04-11 15:43:16 - [TEST_STEP][PASSED] - setText(findTestObject("Page_CloudKibo/input_Sign In_email (3)"), "muzamil.bukhari.39@gmail.com"): Text 'muzamil.bukhari.39@gmail.com' is set on object 'Object Repository/Page_CloudKibo/input_Sign In_email (3)'

2019-04-11 15:43:17 - [MESSAGE][PASSED] - Text 'muzamil.bukhari.39@gmail.com' is set on object 'Object Repository/Page_CloudKibo/input_Sign In_email (3)'

2019-04-11 15:43:17 - [TEST_STEP][PASSED] - setEncryptedText(findTestObject("Page_CloudKibo/input_Sign In_password (3)"), "ZOMPkeJIpHVS6OGLcNHjig=="): Text ****** has been set on object 'Object Repository/Page_CloudKibo/input_Sign In_password (3)'

2019-04-11 15:43:17 - [MESSAGE][PASSED] - Text ****** has been set on object 'Object Repository/Page_CloudKibo/input_Sign In_password (3)'

2019-04-11 15:43:17 - [TEST_STEP][PASSED] - click(findTestObject("Page_CloudKibo/button_Sign In (7)")): Object: 'Object Repository/Page_CloudKibo/button_Sign In (7)' is clicked on

2019-04-11 15:43:17 - [MESSAGE][PASSED] - Object: 'Object Repository/Page_CloudKibo/button_Sign In (7)' is clicked on

2019-04-11 15:43:17 - [TEST_STEP][PASSED] - click(findTestObject("Page_KiboEngage  Dashboard/h4_KIBOPUSH (2)")): Object: 'Object Repository/Page_KiboEngage  Dashboard/h4_KIBOPUSH (2)' is clicked on

2019-04-11 15:45:00 - [MESSAGE][PASSED] - Object: 'Object Repository/Page_KiboEngage  Dashboard/h4_KIBOPUSH (2)' is clicked on

2019-04-11 15:45:00 - [MESSAGE][PASSED] - Call Test Case 'Test Cases/s-sidebar_navigation/individualAccount/Login_Muzamil - Staging' successfully

2019-04-11 15:45:00 - [TEST_STEP][PASSED] - click(findTestObject("Page_KiboPush  Dashboard/span_Broadcasting")): Object: 'Object Repository/Page_KiboPush  Dashboard/span_Broadcasting' is clicked on

2019-04-11 15:45:00 - [MESSAGE][PASSED] - Object: 'Object Repository/Page_KiboPush  Dashboard/span_Broadcasting' is clicked on

2019-04-11 15:45:00 - [TEST_STEP][PASSED] - delay(2): Delayed 2 second(s)

2019-04-11 15:45:02 - [MESSAGE][PASSED] - Delayed 2 second(s)

2019-04-11 15:45:02 - [TEST_STEP][PASSED] - click(findTestObject("Page_KiboPush  Dashboard/span_Surveys")): Object: 'Object Repository/Page_KiboPush  Dashboard/span_Surveys' is clicked on

2019-04-11 15:45:02 - [MESSAGE][PASSED] - Object: 'Object Repository/Page_KiboPush  Dashboard/span_Surveys' is clicked on

2019-04-11 15:45:02 - [TEST_STEP][PASSED] - delay(2): Delayed 2 second(s)

2019-04-11 15:45:04 - [MESSAGE][PASSED] - Delayed 2 second(s)

2019-04-11 15:45:04 - [TEST_STEP][PASSED] - click(findTestObject("Page_KiboPush  Survey/h3_Manage Surveys")): Object: 'Object Repository/Page_KiboPush  Survey/h3_Manage Surveys' is clicked on

2019-04-11 15:45:04 - [MESSAGE][PASSED] - Object: 'Object Repository/Page_KiboPush  Survey/h3_Manage Surveys' is clicked on

2019-04-11 15:45:04 - [MESSAGE][PASSED] - Call Test Case 'Test Cases/s-sidebar_navigation/individualAccount/survey' successfully

2019-04-11 15:45:04 - [TEST_STEP][PASSED] - delay(5): Delayed 5 second(s)

2019-04-11 15:45:09 - [MESSAGE][PASSED] - Delayed 5 second(s)

2019-04-11 15:45:09 - [TEST_STEP][PASSED] - date_page1 = getFirstRowDate(): null

2019-04-11 15:45:09 - [TEST_STEP][PASSED] - driver = getWebDriver(): null

2019-04-11 15:45:09 - [TEST_STEP][PASSED] - try: null

2019-04-11 15:45:09 - [TEST_STEP][PASSED] - Table = driver.findElement(By.xpath("//table/tbody")): null

2019-04-11 15:45:09 - [TEST_STEP][PASSED] - rows_table = Table.findElements(By.tagName("tr")): null

2019-04-11 15:45:09 - [TEST_STEP][PASSED] - date = <not implemented yet for class: org.codehaus.groovy.ast.expr.EmptyExpression>: null

2019-04-11 15:45:09 - [TEST_STEP][PASSED] - date = //td[3]")).getText(): null

2019-04-11 15:45:09 - [TEST_STEP][PASSED] - log = new com.kms.katalon.core.logging.KeywordLogger(): null

2019-04-11 15:45:09 - [TEST_STEP][PASSED] - log.logInfo(date): Thu Apr 11 2019 2:16 PM

2019-04-11 15:45:09 - [MESSAGE][INFO] - Thu Apr 11 2019 2:16 PM

2019-04-11 15:45:09 - [TEST_STEP][PASSED] - return date: null

2019-04-11 15:45:09 - [TEST_STEP][PASSED] - click(findTestObject("Page_KiboPush  Survey/a_next")): Object: 'Object Repository/Page_KiboPush  Survey/a_next' is clicked on

2019-04-11 15:45:09 - [MESSAGE][PASSED] - Object: 'Object Repository/Page_KiboPush  Survey/a_next' is clicked on

2019-04-11 15:45:09 - [TEST_STEP][PASSED] - delay(5): Delayed 5 second(s)

2019-04-11 15:45:14 - [MESSAGE][PASSED] - Delayed 5 second(s)

2019-04-11 15:45:14 - [TEST_STEP][PASSED] - date_page2 = getFirstRowDate(): null

2019-04-11 15:45:14 - [TEST_STEP][PASSED] - driver = getWebDriver(): null

2019-04-11 15:45:14 - [TEST_STEP][PASSED] - try: null

2019-04-11 15:45:14 - [TEST_STEP][PASSED] - Table = driver.findElement(By.xpath("//table/tbody")): null

2019-04-11 15:45:14 - [TEST_STEP][PASSED] - rows_table = Table.findElements(By.tagName("tr")): null

2019-04-11 15:45:14 - [TEST_STEP][PASSED] - date = <not implemented yet for class: org.codehaus.groovy.ast.expr.EmptyExpression>: null

2019-04-11 15:45:14 - [TEST_STEP][PASSED] - date = //td[3]")).getText(): null

2019-04-11 15:45:14 - [TEST_STEP][PASSED] - log = new com.kms.katalon.core.logging.KeywordLogger(): null

2019-04-11 15:45:14 - [TEST_STEP][PASSED] - log.logInfo(date): Thu Apr 11 2019 2:16 PM

2019-04-11 15:45:14 - [MESSAGE][INFO] - Thu Apr 11 2019 2:16 PM

2019-04-11 15:45:14 - [TEST_STEP][PASSED] - return date: null

2019-04-11 15:45:14 - [TEST_STEP][PASSED] - click(findTestObject("Page_KiboPush  Survey/a_next")): Object: 'Object Repository/Page_KiboPush  Survey/a_next' is clicked on

2019-04-11 15:45:14 - [MESSAGE][PASSED] - Object: 'Object Repository/Page_KiboPush  Survey/a_next' is clicked on

2019-04-11 15:45:14 - [TEST_STEP][PASSED] - delay(5): Delayed 5 second(s)

2019-04-11 15:45:19 - [MESSAGE][PASSED] - Delayed 5 second(s)

2019-04-11 15:45:19 - [TEST_STEP][PASSED] - date_page3 = getFirstRowDate(): null

2019-04-11 15:45:19 - [TEST_STEP][PASSED] - driver = getWebDriver(): null

2019-04-11 15:45:19 - [TEST_STEP][PASSED] - try: null

2019-04-11 15:45:19 - [TEST_STEP][PASSED] - Table = driver.findElement(By.xpath("//table/tbody")): null

2019-04-11 15:45:19 - [TEST_STEP][PASSED] - rows_table = Table.findElements(By.tagName("tr")): null

2019-04-11 15:45:19 - [TEST_STEP][PASSED] - date = <not implemented yet for class: org.codehaus.groovy.ast.expr.EmptyExpression>: null

2019-04-11 15:45:19 - [TEST_STEP][PASSED] - date = //td[3]")).getText(): null

2019-04-11 15:45:19 - [TEST_STEP][PASSED] - log = new com.kms.katalon.core.logging.KeywordLogger(): null

2019-04-11 15:45:19 - [TEST_STEP][PASSED] - log.logInfo(date): Thu Apr 11 2019 2:16 PM

2019-04-11 15:45:19 - [MESSAGE][INFO] - Thu Apr 11 2019 2:16 PM

2019-04-11 15:45:19 - [TEST_STEP][PASSED] - return date: null

2019-04-11 15:45:19 - [TEST_STEP][PASSED] - dateFormat = new java.text.SimpleDateFormat(EEE MMM dd yyyy hh:mm aaa, java.util.Locale.ENGLISH): null

2019-04-11 15:45:19 - [TEST_STEP][PASSED] - date1 = dateFormat.parse(date_page1): null

2019-04-11 15:45:19 - [TEST_STEP][PASSED] - date2 = dateFormat.parse(date_page2): null

2019-04-11 15:45:19 - [TEST_STEP][PASSED] - date3 = dateFormat.parse(date_page3): null

2019-04-11 15:45:19 - [TEST_STEP][PASSED] - println(date1): null

2019-04-11 15:45:19 - [TEST_STEP][PASSED] - println(date2): null

2019-04-11 15:45:19 - [TEST_STEP][PASSED] - println(date3): null

2019-04-11 15:45:19 - [TEST_STEP][FAILED] - verifyMatch("1", compareTo(date2).toString(), false): verifyMatch("1", compareTo(date2).toString(), false) FAILED.
Reason:
com.kms.katalon.core.exception.StepFailedException: Actual text '1' and expected text '0' are not matched
	at com.kms.katalon.core.keyword.builtin.VerifyMatchKeyword$_verifyMatch_closure1.doCall(VerifyMatchKeyword.groovy:57)
	at com.kms.katalon.core.keyword.builtin.VerifyMatchKeyword$_verifyMatch_closure1.call(VerifyMatchKeyword.groovy)
	at com.kms.katalon.core.keyword.internal.KeywordMain.runKeyword(KeywordMain.groovy:66)
	at com.kms.katalon.core.keyword.builtin.VerifyMatchKeyword.verifyMatch(VerifyMatchKeyword.groovy:60)
	at com.kms.katalon.core.keyword.builtin.VerifyMatchKeyword.execute(VerifyMatchKeyword.groovy:45)
	at com.kms.katalon.core.keyword.internal.KeywordExecutor.executeKeywordForPlatform(KeywordExecutor.groovy:56)
	at com.kms.katalon.core.keyword.BuiltinKeywords.verifyMatch(BuiltinKeywords.groovy:73)
	at TC0209.run(TC0209:62)
	at com.kms.katalon.core.main.ScriptEngine.run(ScriptEngine.java:194)
	at com.kms.katalon.core.main.ScriptEngine.runScriptAsRawText(ScriptEngine.java:119)
	at com.kms.katalon.core.main.TestCaseExecutor.runScript(TestCaseExecutor.java:331)
	at com.kms.katalon.core.main.TestCaseExecutor.doExecute(TestCaseExecutor.java:322)
	at com.kms.katalon.core.main.TestCaseExecutor.processExecutionPhase(TestCaseExecutor.java:301)
	at com.kms.katalon.core.main.TestCaseExecutor.accessMainPhase(TestCaseExecutor.java:293)
	at com.kms.katalon.core.main.TestCaseExecutor.execute(TestCaseExecutor.java:227)
	at com.kms.katalon.core.main.TestSuiteExecutor.accessTestCaseMainPhase(TestSuiteExecutor.java:129)
	at com.kms.katalon.core.main.TestSuiteExecutor.accessTestSuiteMainPhase(TestSuiteExecutor.java:112)
	at com.kms.katalon.core.main.TestSuiteExecutor.execute(TestSuiteExecutor.java:81)
	at com.kms.katalon.core.main.TestCaseMain.startTestSuite(TestCaseMain.java:157)
	at com.kms.katalon.core.main.TestCaseMain$startTestSuite$0.call(Unknown Source)
	at TempTestSuite1554979075443.run(TempTestSuite1554979075443.groovy:35)


2019-04-11 15:45:19 - [MESSAGE][FAILED] - Unable to verify match between actual text '1' and expected text '0' (Root cause: com.kms.katalon.core.exception.StepFailedException: Actual text '1' and expected text '0' are not matched
	at com.kms.katalon.core.keyword.builtin.VerifyMatchKeyword$_verifyMatch_closure1.doCall(VerifyMatchKeyword.groovy:57)
	at com.kms.katalon.core.keyword.builtin.VerifyMatchKeyword$_verifyMatch_closure1.call(VerifyMatchKeyword.groovy)
	at com.kms.katalon.core.keyword.internal.KeywordMain.runKeyword(KeywordMain.groovy:66)
	at com.kms.katalon.core.keyword.builtin.VerifyMatchKeyword.verifyMatch(VerifyMatchKeyword.groovy:60)
	at com.kms.katalon.core.keyword.builtin.VerifyMatchKeyword.execute(VerifyMatchKeyword.groovy:45)
	at com.kms.katalon.core.keyword.internal.KeywordExecutor.executeKeywordForPlatform(KeywordExecutor.groovy:56)
	at com.kms.katalon.core.keyword.BuiltinKeywords.verifyMatch(BuiltinKeywords.groovy:73)
	at TC0209.run(TC0209:62)
	at com.kms.katalon.core.main.ScriptEngine.run(ScriptEngine.java:194)
	at com.kms.katalon.core.main.ScriptEngine.runScriptAsRawText(ScriptEngine.java:119)
	at com.kms.katalon.core.main.TestCaseExecutor.runScript(TestCaseExecutor.java:331)
	at com.kms.katalon.core.main.TestCaseExecutor.doExecute(TestCaseExecutor.java:322)
	at com.kms.katalon.core.main.TestCaseExecutor.processExecutionPhase(TestCaseExecutor.java:301)
	at com.kms.katalon.core.main.TestCaseExecutor.accessMainPhase(TestCaseExecutor.java:293)
	at com.kms.katalon.core.main.TestCaseExecutor.execute(TestCaseExecutor.java:227)
	at com.kms.katalon.core.main.TestSuiteExecutor.accessTestCaseMainPhase(TestSuiteExecutor.java:129)
	at com.kms.katalon.core.main.TestSuiteExecutor.accessTestSuiteMainPhase(TestSuiteExecutor.java:112)
	at com.kms.katalon.core.main.TestSuiteExecutor.execute(TestSuiteExecutor.java:81)
	at com.kms.katalon.core.main.TestCaseMain.startTestSuite(TestCaseMain.java:157)
	at com.kms.katalon.core.main.TestCaseMain$startTestSuite$0.call(Unknown Source)
	at TempTestSuite1554979075443.run(TempTestSuite1554979075443.groovy:35)
)

2019-04-11 15:45:19 - [MESSAGE][FAILED] - verifyMatch("1", compareTo(date2).toString(), false) FAILED.
Reason:
com.kms.katalon.core.exception.StepFailedException: Actual text '1' and expected text '0' are not matched
	at com.kms.katalon.core.keyword.builtin.VerifyMatchKeyword$_verifyMatch_closure1.doCall(VerifyMatchKeyword.groovy:57)
	at com.kms.katalon.core.keyword.builtin.VerifyMatchKeyword$_verifyMatch_closure1.call(VerifyMatchKeyword.groovy)
	at com.kms.katalon.core.keyword.internal.KeywordMain.runKeyword(KeywordMain.groovy:66)
	at com.kms.katalon.core.keyword.builtin.VerifyMatchKeyword.verifyMatch(VerifyMatchKeyword.groovy:60)
	at com.kms.katalon.core.keyword.builtin.VerifyMatchKeyword.execute(VerifyMatchKeyword.groovy:45)
	at com.kms.katalon.core.keyword.internal.KeywordExecutor.executeKeywordForPlatform(KeywordExecutor.groovy:56)
	at com.kms.katalon.core.keyword.BuiltinKeywords.verifyMatch(BuiltinKeywords.groovy:73)
	at TC0209.run(TC0209:62)
	at com.kms.katalon.core.main.ScriptEngine.run(ScriptEngine.java:194)
	at com.kms.katalon.core.main.ScriptEngine.runScriptAsRawText(ScriptEngine.java:119)
	at com.kms.katalon.core.main.TestCaseExecutor.runScript(TestCaseExecutor.java:331)
	at com.kms.katalon.core.main.TestCaseExecutor.doExecute(TestCaseExecutor.java:322)
	at com.kms.katalon.core.main.TestCaseExecutor.processExecutionPhase(TestCaseExecutor.java:301)
	at com.kms.katalon.core.main.TestCaseExecutor.accessMainPhase(TestCaseExecutor.java:293)
	at com.kms.katalon.core.main.TestCaseExecutor.execute(TestCaseExecutor.java:227)
	at com.kms.katalon.core.main.TestSuiteExecutor.accessTestCaseMainPhase(TestSuiteExecutor.java:129)
	at com.kms.katalon.core.main.TestSuiteExecutor.accessTestSuiteMainPhase(TestSuiteExecutor.java:112)
	at com.kms.katalon.core.main.TestSuiteExecutor.execute(TestSuiteExecutor.java:81)
	at com.kms.katalon.core.main.TestCaseMain.startTestSuite(TestCaseMain.java:157)
	at com.kms.katalon.core.main.TestCaseMain$startTestSuite$0.call(Unknown Source)
	at TempTestSuite1554979075443.run(TempTestSuite1554979075443.groovy:35)]]></system-out>
         <system-err><![CDATA[2019-04-11 15:42:58 - [TEST_CASE][FAILED] - Test Cases/Survey Test Cases/TC0209: Test Cases/Survey Test Cases/TC0209 FAILED.
Reason:
com.kms.katalon.core.exception.StepFailedException: Actual text '1' and expected text '0' are not matched
	at com.kms.katalon.core.keyword.builtin.VerifyMatchKeyword$_verifyMatch_closure1.doCall(VerifyMatchKeyword.groovy:57)
	at com.kms.katalon.core.keyword.builtin.VerifyMatchKeyword$_verifyMatch_closure1.call(VerifyMatchKeyword.groovy)
	at com.kms.katalon.core.keyword.internal.KeywordMain.runKeyword(KeywordMain.groovy:66)
	at com.kms.katalon.core.keyword.builtin.VerifyMatchKeyword.verifyMatch(VerifyMatchKeyword.groovy:60)
	at com.kms.katalon.core.keyword.builtin.VerifyMatchKeyword.execute(VerifyMatchKeyword.groovy:45)
	at com.kms.katalon.core.keyword.internal.KeywordExecutor.executeKeywordForPlatform(KeywordExecutor.groovy:56)
	at com.kms.katalon.core.keyword.BuiltinKeywords.verifyMatch(BuiltinKeywords.groovy:73)
	at TC0209.run(TC0209:62)
	at com.kms.katalon.core.main.ScriptEngine.run(ScriptEngine.java:194)
	at com.kms.katalon.core.main.ScriptEngine.runScriptAsRawText(ScriptEngine.java:119)
	at com.kms.katalon.core.main.TestCaseExecutor.runScript(TestCaseExecutor.java:331)
	at com.kms.katalon.core.main.TestCaseExecutor.doExecute(TestCaseExecutor.java:322)
	at com.kms.katalon.core.main.TestCaseExecutor.processExecutionPhase(TestCaseExecutor.java:301)
	at com.kms.katalon.core.main.TestCaseExecutor.accessMainPhase(TestCaseExecutor.java:293)
	at com.kms.katalon.core.main.TestCaseExecutor.execute(TestCaseExecutor.java:227)
	at com.kms.katalon.core.main.TestSuiteExecutor.accessTestCaseMainPhase(TestSuiteExecutor.java:129)
	at com.kms.katalon.core.main.TestSuiteExecutor.accessTestSuiteMainPhase(TestSuiteExecutor.java:112)
	at com.kms.katalon.core.main.TestSuiteExecutor.execute(TestSuiteExecutor.java:81)
	at com.kms.katalon.core.main.TestCaseMain.startTestSuite(TestCaseMain.java:157)
	at com.kms.katalon.core.main.TestCaseMain$startTestSuite$0.call(Unknown Source)
	at TempTestSuite1554979075443.run(TempTestSuite1554979075443.groovy:35)]]></system-err>
      </testcase>
      <testcase name="Test Cases/Survey Test Cases/TC0210" classname="Test Cases/Survey Test Cases/TC0210" status="FAILED">
         <failure type="FAILED" message="Test Cases/Survey Test Cases/TC0210 FAILED.
Reason:
com.kms.katalon.core.exception.StepFailedException: Actual text '-1' and expected text '0' are not matched
	at com.kms.katalon.core.keyword.builtin.VerifyMatchKeyword$_verifyMatch_closure1.doCall(VerifyMatchKeyword.groovy:57)
	at com.kms.katalon.core.keyword.builtin.VerifyMatchKeyword$_verifyMatch_closure1.call(VerifyMatchKeyword.groovy)
	at com.kms.katalon.core.keyword.internal.KeywordMain.runKeyword(KeywordMain.groovy:66)
	at com.kms.katalon.core.keyword.builtin.VerifyMatchKeyword.verifyMatch(VerifyMatchKeyword.groovy:60)
	at com.kms.katalon.core.keyword.builtin.VerifyMatchKeyword.execute(VerifyMatchKeyword.groovy:45)
	at com.kms.katalon.core.keyword.internal.KeywordExecutor.executeKeywordForPlatform(KeywordExecutor.groovy:56)
	at com.kms.katalon.core.keyword.BuiltinKeywords.verifyMatch(BuiltinKeywords.groovy:73)
	at TC0210.run(TC0210:56)
	at com.kms.katalon.core.main.ScriptEngine.run(ScriptEngine.java:194)
	at com.kms.katalon.core.main.ScriptEngine.runScriptAsRawText(ScriptEngine.java:119)
	at com.kms.katalon.core.main.TestCaseExecutor.runScript(TestCaseExecutor.java:331)
	at com.kms.katalon.core.main.TestCaseExecutor.doExecute(TestCaseExecutor.java:322)
	at com.kms.katalon.core.main.TestCaseExecutor.processExecutionPhase(TestCaseExecutor.java:301)
	at com.kms.katalon.core.main.TestCaseExecutor.accessMainPhase(TestCaseExecutor.java:293)
	at com.kms.katalon.core.main.TestCaseExecutor.execute(TestCaseExecutor.java:227)
	at com.kms.katalon.core.main.TestSuiteExecutor.accessTestCaseMainPhase(TestSuiteExecutor.java:129)
	at com.kms.katalon.core.main.TestSuiteExecutor.accessTestSuiteMainPhase(TestSuiteExecutor.java:112)
	at com.kms.katalon.core.main.TestSuiteExecutor.execute(TestSuiteExecutor.java:81)
	at com.kms.katalon.core.main.TestCaseMain.startTestSuite(TestCaseMain.java:157)
	at com.kms.katalon.core.main.TestCaseMain$startTestSuite$0.call(Unknown Source)
	at TempTestSuite1554979075443.run(TempTestSuite1554979075443.groovy:35)
"/>
         <system-out><![CDATA[2019-04-11 15:45:19 - [TEST_CASE][FAILED] - Test Cases/Survey Test Cases/TC0210: Test Cases/Survey Test Cases/TC0210 FAILED.
Reason:
com.kms.katalon.core.exception.StepFailedException: Actual text '-1' and expected text '0' are not matched
	at com.kms.katalon.core.keyword.builtin.VerifyMatchKeyword$_verifyMatch_closure1.doCall(VerifyMatchKeyword.groovy:57)
	at com.kms.katalon.core.keyword.builtin.VerifyMatchKeyword$_verifyMatch_closure1.call(VerifyMatchKeyword.groovy)
	at com.kms.katalon.core.keyword.internal.KeywordMain.runKeyword(KeywordMain.groovy:66)
	at com.kms.katalon.core.keyword.builtin.VerifyMatchKeyword.verifyMatch(VerifyMatchKeyword.groovy:60)
	at com.kms.katalon.core.keyword.builtin.VerifyMatchKeyword.execute(VerifyMatchKeyword.groovy:45)
	at com.kms.katalon.core.keyword.internal.KeywordExecutor.executeKeywordForPlatform(KeywordExecutor.groovy:56)
	at com.kms.katalon.core.keyword.BuiltinKeywords.verifyMatch(BuiltinKeywords.groovy:73)
	at TC0210.run(TC0210:56)
	at com.kms.katalon.core.main.ScriptEngine.run(ScriptEngine.java:194)
	at com.kms.katalon.core.main.ScriptEngine.runScriptAsRawText(ScriptEngine.java:119)
	at com.kms.katalon.core.main.TestCaseExecutor.runScript(TestCaseExecutor.java:331)
	at com.kms.katalon.core.main.TestCaseExecutor.doExecute(TestCaseExecutor.java:322)
	at com.kms.katalon.core.main.TestCaseExecutor.processExecutionPhase(TestCaseExecutor.java:301)
	at com.kms.katalon.core.main.TestCaseExecutor.accessMainPhase(TestCaseExecutor.java:293)
	at com.kms.katalon.core.main.TestCaseExecutor.execute(TestCaseExecutor.java:227)
	at com.kms.katalon.core.main.TestSuiteExecutor.accessTestCaseMainPhase(TestSuiteExecutor.java:129)
	at com.kms.katalon.core.main.TestSuiteExecutor.accessTestSuiteMainPhase(TestSuiteExecutor.java:112)
	at com.kms.katalon.core.main.TestSuiteExecutor.execute(TestSuiteExecutor.java:81)
	at com.kms.katalon.core.main.TestCaseMain.startTestSuite(TestCaseMain.java:157)
	at com.kms.katalon.core.main.TestCaseMain$startTestSuite$0.call(Unknown Source)
	at TempTestSuite1554979075443.run(TempTestSuite1554979075443.groovy:35)


2019-04-11 15:45:19 - [TEST_STEP][PASSED] - callTestCase(findTestCase("s-sidebar_navigation/individualAccount/survey"), [:], STOP_ON_FAILURE): Call Test Case 'Test Cases/s-sidebar_navigation/individualAccount/survey' successfully

2019-04-11 15:45:19 - [TEST_CASE][PASSED] - Test Cases/s-sidebar_navigation/individualAccount/survey: Test Cases/s-sidebar_navigation/individualAccount/survey

2019-04-11 15:45:19 - [TEST_STEP][PASSED] - callTestCase(findTestCase("s-sidebar_navigation/individualAccount/Login_Muzamil - Staging"), [:], STOP_ON_FAILURE): Call Test Case 'Test Cases/s-sidebar_navigation/individualAccount/Login_Muzamil - Staging' successfully

2019-04-11 15:45:19 - [TEST_CASE][PASSED] - Test Cases/s-sidebar_navigation/individualAccount/Login_Muzamil - Staging: Test Cases/s-sidebar_navigation/individualAccount/Login_Muzamil - Staging

2019-04-11 15:45:19 - [TEST_STEP][PASSED] - openBrowser(""): Browser is opened with url: ''

2019-04-11 15:45:19 - [MESSAGE][WARNING] - A browser is already opened. Closing browser and opening a new one

2019-04-11 15:45:20 - [MESSAGE][INFO] - Starting 'Chrome' driver

2019-04-11 15:45:20 - [MESSAGE][PASSED] - Browser is opened with url: ''

2019-04-11 15:45:20 - [TEST_STEP][PASSED] - maximizeWindow(): Current window maximized

2019-04-11 15:45:20 - [MESSAGE][PASSED] - Current window maximized

2019-04-11 15:45:20 - [TEST_STEP][PASSED] - navigateToUrl("https://saccounts.cloudkibo.com/?continue=https://skiboengage.cloudkibo.com"): Navigate to 'https://saccounts.cloudkibo.com/?continue=https://skiboengage.cloudkibo.com' successfully

2019-04-11 15:45:38 - [MESSAGE][PASSED] - Navigate to 'https://saccounts.cloudkibo.com/?continue=https://skiboengage.cloudkibo.com' successfully

2019-04-11 15:45:38 - [TEST_STEP][PASSED] - delay(2): Delayed 2 second(s)

2019-04-11 15:45:40 - [MESSAGE][PASSED] - Delayed 2 second(s)

2019-04-11 15:45:40 - [TEST_STEP][PASSED] - click(findTestObject("Page_CloudKibo/a_Login (4)")): Object: 'Object Repository/Page_CloudKibo/a_Login (4)' is clicked on

2019-04-11 15:45:41 - [MESSAGE][PASSED] - Object: 'Object Repository/Page_CloudKibo/a_Login (4)' is clicked on

2019-04-11 15:45:41 - [TEST_STEP][PASSED] - setText(findTestObject("Page_CloudKibo/input_Sign In_email (3)"), "muzamil.bukhari.39@gmail.com"): Text 'muzamil.bukhari.39@gmail.com' is set on object 'Object Repository/Page_CloudKibo/input_Sign In_email (3)'

2019-04-11 15:45:41 - [MESSAGE][PASSED] - Text 'muzamil.bukhari.39@gmail.com' is set on object 'Object Repository/Page_CloudKibo/input_Sign In_email (3)'

2019-04-11 15:45:41 - [TEST_STEP][PASSED] - setEncryptedText(findTestObject("Page_CloudKibo/input_Sign In_password (3)"), "ZOMPkeJIpHVS6OGLcNHjig=="): Text ****** has been set on object 'Object Repository/Page_CloudKibo/input_Sign In_password (3)'

2019-04-11 15:45:41 - [MESSAGE][PASSED] - Text ****** has been set on object 'Object Repository/Page_CloudKibo/input_Sign In_password (3)'

2019-04-11 15:45:41 - [TEST_STEP][PASSED] - click(findTestObject("Page_CloudKibo/button_Sign In (7)")): Object: 'Object Repository/Page_CloudKibo/button_Sign In (7)' is clicked on

2019-04-11 15:45:41 - [MESSAGE][PASSED] - Object: 'Object Repository/Page_CloudKibo/button_Sign In (7)' is clicked on

2019-04-11 15:45:41 - [TEST_STEP][PASSED] - click(findTestObject("Page_KiboEngage  Dashboard/h4_KIBOPUSH (2)")): Object: 'Object Repository/Page_KiboEngage  Dashboard/h4_KIBOPUSH (2)' is clicked on

2019-04-11 15:46:38 - [MESSAGE][PASSED] - Object: 'Object Repository/Page_KiboEngage  Dashboard/h4_KIBOPUSH (2)' is clicked on

2019-04-11 15:46:38 - [MESSAGE][PASSED] - Call Test Case 'Test Cases/s-sidebar_navigation/individualAccount/Login_Muzamil - Staging' successfully

2019-04-11 15:46:38 - [TEST_STEP][PASSED] - click(findTestObject("Page_KiboPush  Dashboard/span_Broadcasting")): Object: 'Object Repository/Page_KiboPush  Dashboard/span_Broadcasting' is clicked on

2019-04-11 15:46:38 - [MESSAGE][PASSED] - Object: 'Object Repository/Page_KiboPush  Dashboard/span_Broadcasting' is clicked on

2019-04-11 15:46:38 - [TEST_STEP][PASSED] - delay(2): Delayed 2 second(s)

2019-04-11 15:46:40 - [MESSAGE][PASSED] - Delayed 2 second(s)

2019-04-11 15:46:40 - [TEST_STEP][PASSED] - click(findTestObject("Page_KiboPush  Dashboard/span_Surveys")): Object: 'Object Repository/Page_KiboPush  Dashboard/span_Surveys' is clicked on

2019-04-11 15:46:40 - [MESSAGE][PASSED] - Object: 'Object Repository/Page_KiboPush  Dashboard/span_Surveys' is clicked on

2019-04-11 15:46:40 - [TEST_STEP][PASSED] - delay(2): Delayed 2 second(s)

2019-04-11 15:46:42 - [MESSAGE][PASSED] - Delayed 2 second(s)

2019-04-11 15:46:42 - [TEST_STEP][PASSED] - click(findTestObject("Page_KiboPush  Survey/h3_Manage Surveys")): Object: 'Object Repository/Page_KiboPush  Survey/h3_Manage Surveys' is clicked on

2019-04-11 15:46:42 - [MESSAGE][PASSED] - Object: 'Object Repository/Page_KiboPush  Survey/h3_Manage Surveys' is clicked on

2019-04-11 15:46:42 - [MESSAGE][PASSED] - Call Test Case 'Test Cases/s-sidebar_navigation/individualAccount/survey' successfully

2019-04-11 15:46:42 - [TEST_STEP][PASSED] - delay(3): Delayed 3 second(s)

2019-04-11 15:46:45 - [MESSAGE][PASSED] - Delayed 3 second(s)

2019-04-11 15:46:45 - [TEST_STEP][PASSED] - click(findTestObject("Object Repository/Page_KiboPush  Survey/a_next")): Object: 'Object Repository/Page_KiboPush  Survey/a_next' is clicked on

2019-04-11 15:46:45 - [MESSAGE][PASSED] - Object: 'Object Repository/Page_KiboPush  Survey/a_next' is clicked on

2019-04-11 15:46:45 - [TEST_STEP][PASSED] - delay(3): Delayed 3 second(s)

2019-04-11 15:46:48 - [MESSAGE][PASSED] - Delayed 3 second(s)

2019-04-11 15:46:48 - [TEST_STEP][PASSED] - date_page1 = getFirstRowDate(): null

2019-04-11 15:46:48 - [TEST_STEP][PASSED] - driver = getWebDriver(): null

2019-04-11 15:46:48 - [TEST_STEP][PASSED] - try: null

2019-04-11 15:46:48 - [TEST_STEP][PASSED] - Table = driver.findElement(By.xpath("//table/tbody")): null

2019-04-11 15:46:48 - [TEST_STEP][PASSED] - rows_table = Table.findElements(By.tagName("tr")): null

2019-04-11 15:46:48 - [TEST_STEP][PASSED] - date = <not implemented yet for class: org.codehaus.groovy.ast.expr.EmptyExpression>: null

2019-04-11 15:46:48 - [TEST_STEP][PASSED] - date = //td[3]")).getText(): null

2019-04-11 15:46:48 - [TEST_STEP][PASSED] - return date: null

2019-04-11 15:46:48 - [TEST_STEP][PASSED] - click(findTestObject("Object Repository/Page_KiboPush  Survey/a_previous")): Object: 'Object Repository/Page_KiboPush  Survey/a_previous' is clicked on

2019-04-11 15:46:49 - [MESSAGE][PASSED] - Object: 'Object Repository/Page_KiboPush  Survey/a_previous' is clicked on

2019-04-11 15:46:49 - [TEST_STEP][PASSED] - delay(3): Delayed 3 second(s)

2019-04-11 15:46:52 - [MESSAGE][PASSED] - Delayed 3 second(s)

2019-04-11 15:46:52 - [TEST_STEP][PASSED] - date_page2 = getFirstRowDate(): null

2019-04-11 15:46:52 - [TEST_STEP][PASSED] - driver = getWebDriver(): null

2019-04-11 15:46:52 - [TEST_STEP][PASSED] - try: null

2019-04-11 15:46:52 - [TEST_STEP][PASSED] - Table = driver.findElement(By.xpath("//table/tbody")): null

2019-04-11 15:46:52 - [TEST_STEP][PASSED] - rows_table = Table.findElements(By.tagName("tr")): null

2019-04-11 15:46:52 - [TEST_STEP][PASSED] - date = <not implemented yet for class: org.codehaus.groovy.ast.expr.EmptyExpression>: null

2019-04-11 15:46:52 - [TEST_STEP][PASSED] - date = //td[3]")).getText(): null

2019-04-11 15:46:52 - [TEST_STEP][PASSED] - return date: null

2019-04-11 15:46:52 - [TEST_STEP][PASSED] - dateFormat = new java.text.SimpleDateFormat(EEE MMM dd yyyy hh:mm aaa, java.util.Locale.ENGLISH): null

2019-04-11 15:46:52 - [TEST_STEP][PASSED] - date1 = dateFormat.parse(date_page1): null

2019-04-11 15:46:52 - [TEST_STEP][PASSED] - date2 = dateFormat.parse(date_page2): null

2019-04-11 15:46:52 - [TEST_STEP][PASSED] - println(date1): null

2019-04-11 15:46:52 - [TEST_STEP][PASSED] - println(date2): null

2019-04-11 15:46:52 - [TEST_STEP][FAILED] - verifyMatch("-1", compareTo(date2).toString(), false): verifyMatch("-1", compareTo(date2).toString(), false) FAILED.
Reason:
com.kms.katalon.core.exception.StepFailedException: Actual text '-1' and expected text '0' are not matched
	at com.kms.katalon.core.keyword.builtin.VerifyMatchKeyword$_verifyMatch_closure1.doCall(VerifyMatchKeyword.groovy:57)
	at com.kms.katalon.core.keyword.builtin.VerifyMatchKeyword$_verifyMatch_closure1.call(VerifyMatchKeyword.groovy)
	at com.kms.katalon.core.keyword.internal.KeywordMain.runKeyword(KeywordMain.groovy:66)
	at com.kms.katalon.core.keyword.builtin.VerifyMatchKeyword.verifyMatch(VerifyMatchKeyword.groovy:60)
	at com.kms.katalon.core.keyword.builtin.VerifyMatchKeyword.execute(VerifyMatchKeyword.groovy:45)
	at com.kms.katalon.core.keyword.internal.KeywordExecutor.executeKeywordForPlatform(KeywordExecutor.groovy:56)
	at com.kms.katalon.core.keyword.BuiltinKeywords.verifyMatch(BuiltinKeywords.groovy:73)
	at TC0210.run(TC0210:56)
	at com.kms.katalon.core.main.ScriptEngine.run(ScriptEngine.java:194)
	at com.kms.katalon.core.main.ScriptEngine.runScriptAsRawText(ScriptEngine.java:119)
	at com.kms.katalon.core.main.TestCaseExecutor.runScript(TestCaseExecutor.java:331)
	at com.kms.katalon.core.main.TestCaseExecutor.doExecute(TestCaseExecutor.java:322)
	at com.kms.katalon.core.main.TestCaseExecutor.processExecutionPhase(TestCaseExecutor.java:301)
	at com.kms.katalon.core.main.TestCaseExecutor.accessMainPhase(TestCaseExecutor.java:293)
	at com.kms.katalon.core.main.TestCaseExecutor.execute(TestCaseExecutor.java:227)
	at com.kms.katalon.core.main.TestSuiteExecutor.accessTestCaseMainPhase(TestSuiteExecutor.java:129)
	at com.kms.katalon.core.main.TestSuiteExecutor.accessTestSuiteMainPhase(TestSuiteExecutor.java:112)
	at com.kms.katalon.core.main.TestSuiteExecutor.execute(TestSuiteExecutor.java:81)
	at com.kms.katalon.core.main.TestCaseMain.startTestSuite(TestCaseMain.java:157)
	at com.kms.katalon.core.main.TestCaseMain$startTestSuite$0.call(Unknown Source)
	at TempTestSuite1554979075443.run(TempTestSuite1554979075443.groovy:35)


2019-04-11 15:46:52 - [MESSAGE][FAILED] - Unable to verify match between actual text '-1' and expected text '0' (Root cause: com.kms.katalon.core.exception.StepFailedException: Actual text '-1' and expected text '0' are not matched
	at com.kms.katalon.core.keyword.builtin.VerifyMatchKeyword$_verifyMatch_closure1.doCall(VerifyMatchKeyword.groovy:57)
	at com.kms.katalon.core.keyword.builtin.VerifyMatchKeyword$_verifyMatch_closure1.call(VerifyMatchKeyword.groovy)
	at com.kms.katalon.core.keyword.internal.KeywordMain.runKeyword(KeywordMain.groovy:66)
	at com.kms.katalon.core.keyword.builtin.VerifyMatchKeyword.verifyMatch(VerifyMatchKeyword.groovy:60)
	at com.kms.katalon.core.keyword.builtin.VerifyMatchKeyword.execute(VerifyMatchKeyword.groovy:45)
	at com.kms.katalon.core.keyword.internal.KeywordExecutor.executeKeywordForPlatform(KeywordExecutor.groovy:56)
	at com.kms.katalon.core.keyword.BuiltinKeywords.verifyMatch(BuiltinKeywords.groovy:73)
	at TC0210.run(TC0210:56)
	at com.kms.katalon.core.main.ScriptEngine.run(ScriptEngine.java:194)
	at com.kms.katalon.core.main.ScriptEngine.runScriptAsRawText(ScriptEngine.java:119)
	at com.kms.katalon.core.main.TestCaseExecutor.runScript(TestCaseExecutor.java:331)
	at com.kms.katalon.core.main.TestCaseExecutor.doExecute(TestCaseExecutor.java:322)
	at com.kms.katalon.core.main.TestCaseExecutor.processExecutionPhase(TestCaseExecutor.java:301)
	at com.kms.katalon.core.main.TestCaseExecutor.accessMainPhase(TestCaseExecutor.java:293)
	at com.kms.katalon.core.main.TestCaseExecutor.execute(TestCaseExecutor.java:227)
	at com.kms.katalon.core.main.TestSuiteExecutor.accessTestCaseMainPhase(TestSuiteExecutor.java:129)
	at com.kms.katalon.core.main.TestSuiteExecutor.accessTestSuiteMainPhase(TestSuiteExecutor.java:112)
	at com.kms.katalon.core.main.TestSuiteExecutor.execute(TestSuiteExecutor.java:81)
	at com.kms.katalon.core.main.TestCaseMain.startTestSuite(TestCaseMain.java:157)
	at com.kms.katalon.core.main.TestCaseMain$startTestSuite$0.call(Unknown Source)
	at TempTestSuite1554979075443.run(TempTestSuite1554979075443.groovy:35)
)

2019-04-11 15:46:52 - [MESSAGE][FAILED] - verifyMatch("-1", compareTo(date2).toString(), false) FAILED.
Reason:
com.kms.katalon.core.exception.StepFailedException: Actual text '-1' and expected text '0' are not matched
	at com.kms.katalon.core.keyword.builtin.VerifyMatchKeyword$_verifyMatch_closure1.doCall(VerifyMatchKeyword.groovy:57)
	at com.kms.katalon.core.keyword.builtin.VerifyMatchKeyword$_verifyMatch_closure1.call(VerifyMatchKeyword.groovy)
	at com.kms.katalon.core.keyword.internal.KeywordMain.runKeyword(KeywordMain.groovy:66)
	at com.kms.katalon.core.keyword.builtin.VerifyMatchKeyword.verifyMatch(VerifyMatchKeyword.groovy:60)
	at com.kms.katalon.core.keyword.builtin.VerifyMatchKeyword.execute(VerifyMatchKeyword.groovy:45)
	at com.kms.katalon.core.keyword.internal.KeywordExecutor.executeKeywordForPlatform(KeywordExecutor.groovy:56)
	at com.kms.katalon.core.keyword.BuiltinKeywords.verifyMatch(BuiltinKeywords.groovy:73)
	at TC0210.run(TC0210:56)
	at com.kms.katalon.core.main.ScriptEngine.run(ScriptEngine.java:194)
	at com.kms.katalon.core.main.ScriptEngine.runScriptAsRawText(ScriptEngine.java:119)
	at com.kms.katalon.core.main.TestCaseExecutor.runScript(TestCaseExecutor.java:331)
	at com.kms.katalon.core.main.TestCaseExecutor.doExecute(TestCaseExecutor.java:322)
	at com.kms.katalon.core.main.TestCaseExecutor.processExecutionPhase(TestCaseExecutor.java:301)
	at com.kms.katalon.core.main.TestCaseExecutor.accessMainPhase(TestCaseExecutor.java:293)
	at com.kms.katalon.core.main.TestCaseExecutor.execute(TestCaseExecutor.java:227)
	at com.kms.katalon.core.main.TestSuiteExecutor.accessTestCaseMainPhase(TestSuiteExecutor.java:129)
	at com.kms.katalon.core.main.TestSuiteExecutor.accessTestSuiteMainPhase(TestSuiteExecutor.java:112)
	at com.kms.katalon.core.main.TestSuiteExecutor.execute(TestSuiteExecutor.java:81)
	at com.kms.katalon.core.main.TestCaseMain.startTestSuite(TestCaseMain.java:157)
	at com.kms.katalon.core.main.TestCaseMain$startTestSuite$0.call(Unknown Source)
	at TempTestSuite1554979075443.run(TempTestSuite1554979075443.groovy:35)]]></system-out>
         <system-err><![CDATA[2019-04-11 15:45:19 - [TEST_CASE][FAILED] - Test Cases/Survey Test Cases/TC0210: Test Cases/Survey Test Cases/TC0210 FAILED.
Reason:
com.kms.katalon.core.exception.StepFailedException: Actual text '-1' and expected text '0' are not matched
	at com.kms.katalon.core.keyword.builtin.VerifyMatchKeyword$_verifyMatch_closure1.doCall(VerifyMatchKeyword.groovy:57)
	at com.kms.katalon.core.keyword.builtin.VerifyMatchKeyword$_verifyMatch_closure1.call(VerifyMatchKeyword.groovy)
	at com.kms.katalon.core.keyword.internal.KeywordMain.runKeyword(KeywordMain.groovy:66)
	at com.kms.katalon.core.keyword.builtin.VerifyMatchKeyword.verifyMatch(VerifyMatchKeyword.groovy:60)
	at com.kms.katalon.core.keyword.builtin.VerifyMatchKeyword.execute(VerifyMatchKeyword.groovy:45)
	at com.kms.katalon.core.keyword.internal.KeywordExecutor.executeKeywordForPlatform(KeywordExecutor.groovy:56)
	at com.kms.katalon.core.keyword.BuiltinKeywords.verifyMatch(BuiltinKeywords.groovy:73)
	at TC0210.run(TC0210:56)
	at com.kms.katalon.core.main.ScriptEngine.run(ScriptEngine.java:194)
	at com.kms.katalon.core.main.ScriptEngine.runScriptAsRawText(ScriptEngine.java:119)
	at com.kms.katalon.core.main.TestCaseExecutor.runScript(TestCaseExecutor.java:331)
	at com.kms.katalon.core.main.TestCaseExecutor.doExecute(TestCaseExecutor.java:322)
	at com.kms.katalon.core.main.TestCaseExecutor.processExecutionPhase(TestCaseExecutor.java:301)
	at com.kms.katalon.core.main.TestCaseExecutor.accessMainPhase(TestCaseExecutor.java:293)
	at com.kms.katalon.core.main.TestCaseExecutor.execute(TestCaseExecutor.java:227)
	at com.kms.katalon.core.main.TestSuiteExecutor.accessTestCaseMainPhase(TestSuiteExecutor.java:129)
	at com.kms.katalon.core.main.TestSuiteExecutor.accessTestSuiteMainPhase(TestSuiteExecutor.java:112)
	at com.kms.katalon.core.main.TestSuiteExecutor.execute(TestSuiteExecutor.java:81)
	at com.kms.katalon.core.main.TestCaseMain.startTestSuite(TestCaseMain.java:157)
	at com.kms.katalon.core.main.TestCaseMain$startTestSuite$0.call(Unknown Source)
	at TempTestSuite1554979075443.run(TempTestSuite1554979075443.groovy:35)]]></system-err>
      </testcase>
      <testcase name="Test Cases/Survey Test Cases/TC0211" classname="Test Cases/Survey Test Cases/TC0211" status="FAILED">
         <failure type="FAILED" message="Test Cases/Survey Test Cases/TC0211 FAILED.
Reason:
com.kms.katalon.core.exception.StepFailedException: Unable to click on object 'Object Repository/Page_KiboPush  Survey/a_3'
	at com.kms.katalon.core.webui.keyword.internal.WebUIKeywordMain.stepFailed(WebUIKeywordMain.groovy:64)
	at com.kms.katalon.core.webui.keyword.internal.WebUIKeywordMain.runKeyword(WebUIKeywordMain.groovy:26)
	at com.kms.katalon.core.webui.keyword.builtin.ClickKeyword.click(ClickKeyword.groovy:86)
	at com.kms.katalon.core.webui.keyword.builtin.ClickKeyword.execute(ClickKeyword.groovy:67)
	at com.kms.katalon.core.keyword.internal.KeywordExecutor.executeKeywordForPlatform(KeywordExecutor.groovy:56)
	at com.kms.katalon.core.webui.keyword.WebUiBuiltInKeywords.click(WebUiBuiltInKeywords.groovy:616)
	at com.kms.katalon.core.webui.keyword.WebUiBuiltInKeywords$click$2.call(Unknown Source)
	at TC0211.run(TC0211:29)
	at com.kms.katalon.core.main.ScriptEngine.run(ScriptEngine.java:194)
	at com.kms.katalon.core.main.ScriptEngine.runScriptAsRawText(ScriptEngine.java:119)
	at com.kms.katalon.core.main.TestCaseExecutor.runScript(TestCaseExecutor.java:331)
	at com.kms.katalon.core.main.TestCaseExecutor.doExecute(TestCaseExecutor.java:322)
	at com.kms.katalon.core.main.TestCaseExecutor.processExecutionPhase(TestCaseExecutor.java:301)
	at com.kms.katalon.core.main.TestCaseExecutor.accessMainPhase(TestCaseExecutor.java:293)
	at com.kms.katalon.core.main.TestCaseExecutor.execute(TestCaseExecutor.java:227)
	at com.kms.katalon.core.main.TestSuiteExecutor.accessTestCaseMainPhase(TestSuiteExecutor.java:129)
	at com.kms.katalon.core.main.TestSuiteExecutor.accessTestSuiteMainPhase(TestSuiteExecutor.java:112)
	at com.kms.katalon.core.main.TestSuiteExecutor.execute(TestSuiteExecutor.java:81)
	at com.kms.katalon.core.main.TestCaseMain.startTestSuite(TestCaseMain.java:157)
	at com.kms.katalon.core.main.TestCaseMain$startTestSuite$0.call(Unknown Source)
	at TempTestSuite1554979075443.run(TempTestSuite1554979075443.groovy:35)
Caused by: com.kms.katalon.core.webui.exception.WebElementNotFoundException: Web element with id: 'Object Repository/Page_KiboPush  Survey/a_3' located by 'By.xpath: //a[(text() = '3' or . = '3')]' not found
	at com.kms.katalon.core.webui.common.WebUiCommonHelper.findWebElement(WebUiCommonHelper.java:1053)
	at com.kms.katalon.core.webui.keyword.internal.WebUIAbstractKeyword.findWebElement(WebUIAbstractKeyword.groovy:27)
	at com.kms.katalon.core.webui.keyword.internal.WebUIAbstractKeyword.findWebElement(WebUIAbstractKeyword.groovy:26)
	at com.kms.katalon.core.webui.keyword.builtin.ClickKeyword$_click_closure1.doCall(ClickKeyword.groovy:77)
	at com.kms.katalon.core.webui.keyword.builtin.ClickKeyword$_click_closure1.call(ClickKeyword.groovy)
	at com.kms.katalon.core.webui.keyword.internal.WebUIKeywordMain.runKeyword(WebUIKeywordMain.groovy:20)
	at com.kms.katalon.core.webui.keyword.builtin.ClickKeyword.click(ClickKeyword.groovy:86)
	at com.kms.katalon.core.webui.keyword.builtin.ClickKeyword.execute(ClickKeyword.groovy:67)
	at com.kms.katalon.core.keyword.internal.KeywordExecutor.executeKeywordForPlatform(KeywordExecutor.groovy:56)
	at com.kms.katalon.core.webui.keyword.WebUiBuiltInKeywords.click(WebUiBuiltInKeywords.groovy:616)
	at com.kms.katalon.core.webui.keyword.WebUiBuiltInKeywords$click$2.call(Unknown Source)
	at Script1533900913647.run(Script1533900913647.groovy:29)
	... 13 more
"/>
         <system-out><![CDATA[2019-04-11 15:46:52 - [TEST_CASE][FAILED] - Test Cases/Survey Test Cases/TC0211: Test Cases/Survey Test Cases/TC0211 FAILED.
Reason:
com.kms.katalon.core.exception.StepFailedException: Unable to click on object 'Object Repository/Page_KiboPush  Survey/a_3'
	at com.kms.katalon.core.webui.keyword.internal.WebUIKeywordMain.stepFailed(WebUIKeywordMain.groovy:64)
	at com.kms.katalon.core.webui.keyword.internal.WebUIKeywordMain.runKeyword(WebUIKeywordMain.groovy:26)
	at com.kms.katalon.core.webui.keyword.builtin.ClickKeyword.click(ClickKeyword.groovy:86)
	at com.kms.katalon.core.webui.keyword.builtin.ClickKeyword.execute(ClickKeyword.groovy:67)
	at com.kms.katalon.core.keyword.internal.KeywordExecutor.executeKeywordForPlatform(KeywordExecutor.groovy:56)
	at com.kms.katalon.core.webui.keyword.WebUiBuiltInKeywords.click(WebUiBuiltInKeywords.groovy:616)
	at com.kms.katalon.core.webui.keyword.WebUiBuiltInKeywords$click$2.call(Unknown Source)
	at TC0211.run(TC0211:29)
	at com.kms.katalon.core.main.ScriptEngine.run(ScriptEngine.java:194)
	at com.kms.katalon.core.main.ScriptEngine.runScriptAsRawText(ScriptEngine.java:119)
	at com.kms.katalon.core.main.TestCaseExecutor.runScript(TestCaseExecutor.java:331)
	at com.kms.katalon.core.main.TestCaseExecutor.doExecute(TestCaseExecutor.java:322)
	at com.kms.katalon.core.main.TestCaseExecutor.processExecutionPhase(TestCaseExecutor.java:301)
	at com.kms.katalon.core.main.TestCaseExecutor.accessMainPhase(TestCaseExecutor.java:293)
	at com.kms.katalon.core.main.TestCaseExecutor.execute(TestCaseExecutor.java:227)
	at com.kms.katalon.core.main.TestSuiteExecutor.accessTestCaseMainPhase(TestSuiteExecutor.java:129)
	at com.kms.katalon.core.main.TestSuiteExecutor.accessTestSuiteMainPhase(TestSuiteExecutor.java:112)
	at com.kms.katalon.core.main.TestSuiteExecutor.execute(TestSuiteExecutor.java:81)
	at com.kms.katalon.core.main.TestCaseMain.startTestSuite(TestCaseMain.java:157)
	at com.kms.katalon.core.main.TestCaseMain$startTestSuite$0.call(Unknown Source)
	at TempTestSuite1554979075443.run(TempTestSuite1554979075443.groovy:35)
Caused by: com.kms.katalon.core.webui.exception.WebElementNotFoundException: Web element with id: 'Object Repository/Page_KiboPush  Survey/a_3' located by 'By.xpath: //a[(text() = '3' or . = '3')]' not found
	at com.kms.katalon.core.webui.common.WebUiCommonHelper.findWebElement(WebUiCommonHelper.java:1053)
	at com.kms.katalon.core.webui.keyword.internal.WebUIAbstractKeyword.findWebElement(WebUIAbstractKeyword.groovy:27)
	at com.kms.katalon.core.webui.keyword.internal.WebUIAbstractKeyword.findWebElement(WebUIAbstractKeyword.groovy:26)
	at com.kms.katalon.core.webui.keyword.builtin.ClickKeyword$_click_closure1.doCall(ClickKeyword.groovy:77)
	at com.kms.katalon.core.webui.keyword.builtin.ClickKeyword$_click_closure1.call(ClickKeyword.groovy)
	at com.kms.katalon.core.webui.keyword.internal.WebUIKeywordMain.runKeyword(WebUIKeywordMain.groovy:20)
	at com.kms.katalon.core.webui.keyword.builtin.ClickKeyword.click(ClickKeyword.groovy:86)
	at com.kms.katalon.core.webui.keyword.builtin.ClickKeyword.execute(ClickKeyword.groovy:67)
	at com.kms.katalon.core.keyword.internal.KeywordExecutor.executeKeywordForPlatform(KeywordExecutor.groovy:56)
	at com.kms.katalon.core.webui.keyword.WebUiBuiltInKeywords.click(WebUiBuiltInKeywords.groovy:616)
	at com.kms.katalon.core.webui.keyword.WebUiBuiltInKeywords$click$2.call(Unknown Source)
	at Script1533900913647.run(Script1533900913647.groovy:29)
	... 13 more


2019-04-11 15:46:52 - [TEST_STEP][PASSED] - callTestCase(findTestCase("s-sidebar_navigation/individualAccount/survey"), [:], STOP_ON_FAILURE): Call Test Case 'Test Cases/s-sidebar_navigation/individualAccount/survey' successfully

2019-04-11 15:46:52 - [TEST_CASE][PASSED] - Test Cases/s-sidebar_navigation/individualAccount/survey: Test Cases/s-sidebar_navigation/individualAccount/survey

2019-04-11 15:46:52 - [TEST_STEP][PASSED] - callTestCase(findTestCase("s-sidebar_navigation/individualAccount/Login_Muzamil - Staging"), [:], STOP_ON_FAILURE): Call Test Case 'Test Cases/s-sidebar_navigation/individualAccount/Login_Muzamil - Staging' successfully

2019-04-11 15:46:52 - [TEST_CASE][PASSED] - Test Cases/s-sidebar_navigation/individualAccount/Login_Muzamil - Staging: Test Cases/s-sidebar_navigation/individualAccount/Login_Muzamil - Staging

2019-04-11 15:46:52 - [TEST_STEP][PASSED] - openBrowser(""): Browser is opened with url: ''

2019-04-11 15:46:52 - [MESSAGE][WARNING] - A browser is already opened. Closing browser and opening a new one

2019-04-11 15:46:52 - [MESSAGE][INFO] - Starting 'Chrome' driver

2019-04-11 15:46:52 - [MESSAGE][PASSED] - Browser is opened with url: ''

2019-04-11 15:46:52 - [TEST_STEP][PASSED] - maximizeWindow(): Current window maximized

2019-04-11 15:46:52 - [MESSAGE][PASSED] - Current window maximized

2019-04-11 15:46:52 - [TEST_STEP][PASSED] - navigateToUrl("https://saccounts.cloudkibo.com/?continue=https://skiboengage.cloudkibo.com"): Navigate to 'https://saccounts.cloudkibo.com/?continue=https://skiboengage.cloudkibo.com' successfully

2019-04-11 15:47:09 - [MESSAGE][PASSED] - Navigate to 'https://saccounts.cloudkibo.com/?continue=https://skiboengage.cloudkibo.com' successfully

2019-04-11 15:47:09 - [TEST_STEP][PASSED] - delay(2): Delayed 2 second(s)

2019-04-11 15:47:11 - [MESSAGE][PASSED] - Delayed 2 second(s)

2019-04-11 15:47:11 - [TEST_STEP][PASSED] - click(findTestObject("Page_CloudKibo/a_Login (4)")): Object: 'Object Repository/Page_CloudKibo/a_Login (4)' is clicked on

2019-04-11 15:47:12 - [MESSAGE][PASSED] - Object: 'Object Repository/Page_CloudKibo/a_Login (4)' is clicked on

2019-04-11 15:47:12 - [TEST_STEP][PASSED] - setText(findTestObject("Page_CloudKibo/input_Sign In_email (3)"), "muzamil.bukhari.39@gmail.com"): Text 'muzamil.bukhari.39@gmail.com' is set on object 'Object Repository/Page_CloudKibo/input_Sign In_email (3)'

2019-04-11 15:47:12 - [MESSAGE][PASSED] - Text 'muzamil.bukhari.39@gmail.com' is set on object 'Object Repository/Page_CloudKibo/input_Sign In_email (3)'

2019-04-11 15:47:12 - [TEST_STEP][PASSED] - setEncryptedText(findTestObject("Page_CloudKibo/input_Sign In_password (3)"), "ZOMPkeJIpHVS6OGLcNHjig=="): Text ****** has been set on object 'Object Repository/Page_CloudKibo/input_Sign In_password (3)'

2019-04-11 15:47:12 - [MESSAGE][PASSED] - Text ****** has been set on object 'Object Repository/Page_CloudKibo/input_Sign In_password (3)'

2019-04-11 15:47:12 - [TEST_STEP][PASSED] - click(findTestObject("Page_CloudKibo/button_Sign In (7)")): Object: 'Object Repository/Page_CloudKibo/button_Sign In (7)' is clicked on

2019-04-11 15:47:12 - [MESSAGE][PASSED] - Object: 'Object Repository/Page_CloudKibo/button_Sign In (7)' is clicked on

2019-04-11 15:47:12 - [TEST_STEP][PASSED] - click(findTestObject("Page_KiboEngage  Dashboard/h4_KIBOPUSH (2)")): Object: 'Object Repository/Page_KiboEngage  Dashboard/h4_KIBOPUSH (2)' is clicked on

2019-04-11 15:48:13 - [MESSAGE][PASSED] - Object: 'Object Repository/Page_KiboEngage  Dashboard/h4_KIBOPUSH (2)' is clicked on

2019-04-11 15:48:13 - [MESSAGE][PASSED] - Call Test Case 'Test Cases/s-sidebar_navigation/individualAccount/Login_Muzamil - Staging' successfully

2019-04-11 15:48:13 - [TEST_STEP][PASSED] - click(findTestObject("Page_KiboPush  Dashboard/span_Broadcasting")): Object: 'Object Repository/Page_KiboPush  Dashboard/span_Broadcasting' is clicked on

2019-04-11 15:48:13 - [MESSAGE][PASSED] - Object: 'Object Repository/Page_KiboPush  Dashboard/span_Broadcasting' is clicked on

2019-04-11 15:48:13 - [TEST_STEP][PASSED] - delay(2): Delayed 2 second(s)

2019-04-11 15:48:15 - [MESSAGE][PASSED] - Delayed 2 second(s)

2019-04-11 15:48:15 - [TEST_STEP][PASSED] - click(findTestObject("Page_KiboPush  Dashboard/span_Surveys")): Object: 'Object Repository/Page_KiboPush  Dashboard/span_Surveys' is clicked on

2019-04-11 15:48:15 - [MESSAGE][PASSED] - Object: 'Object Repository/Page_KiboPush  Dashboard/span_Surveys' is clicked on

2019-04-11 15:48:15 - [TEST_STEP][PASSED] - delay(2): Delayed 2 second(s)

2019-04-11 15:48:17 - [MESSAGE][PASSED] - Delayed 2 second(s)

2019-04-11 15:48:17 - [TEST_STEP][PASSED] - click(findTestObject("Page_KiboPush  Survey/h3_Manage Surveys")): Object: 'Object Repository/Page_KiboPush  Survey/h3_Manage Surveys' is clicked on

2019-04-11 15:48:17 - [MESSAGE][PASSED] - Object: 'Object Repository/Page_KiboPush  Survey/h3_Manage Surveys' is clicked on

2019-04-11 15:48:17 - [MESSAGE][PASSED] - Call Test Case 'Test Cases/s-sidebar_navigation/individualAccount/survey' successfully

2019-04-11 15:48:17 - [TEST_STEP][PASSED] - delay(3): Delayed 3 second(s)

2019-04-11 15:48:20 - [MESSAGE][PASSED] - Delayed 3 second(s)

2019-04-11 15:48:20 - [TEST_STEP][PASSED] - date_page1 = getFirstRowDate(): null

2019-04-11 15:48:20 - [TEST_STEP][PASSED] - driver = getWebDriver(): null

2019-04-11 15:48:20 - [TEST_STEP][PASSED] - try: null

2019-04-11 15:48:20 - [TEST_STEP][PASSED] - Table = driver.findElement(By.xpath("//table/tbody")): null

2019-04-11 15:48:20 - [TEST_STEP][PASSED] - rows_table = Table.findElements(By.tagName("tr")): null

2019-04-11 15:48:20 - [TEST_STEP][PASSED] - date = <not implemented yet for class: org.codehaus.groovy.ast.expr.EmptyExpression>: null

2019-04-11 15:48:20 - [TEST_STEP][PASSED] - date = //td[3]")).getText(): null

2019-04-11 15:48:20 - [TEST_STEP][PASSED] - log = new com.kms.katalon.core.logging.KeywordLogger(): null

2019-04-11 15:48:20 - [TEST_STEP][PASSED] - log.logInfo(date): Thu Apr 11 2019 2:16 PM

2019-04-11 15:48:20 - [MESSAGE][INFO] - Thu Apr 11 2019 2:16 PM

2019-04-11 15:48:20 - [TEST_STEP][PASSED] - return date: null

2019-04-11 15:48:20 - [TEST_STEP][FAILED] - click(findTestObject("Page_KiboPush  Survey/a_3")): click(findTestObject("Page_KiboPush  Survey/a_3")) FAILED.
Reason:
com.kms.katalon.core.exception.StepFailedException: Unable to click on object 'Object Repository/Page_KiboPush  Survey/a_3'
	at com.kms.katalon.core.webui.keyword.internal.WebUIKeywordMain.stepFailed(WebUIKeywordMain.groovy:64)
	at com.kms.katalon.core.webui.keyword.internal.WebUIKeywordMain.runKeyword(WebUIKeywordMain.groovy:26)
	at com.kms.katalon.core.webui.keyword.builtin.ClickKeyword.click(ClickKeyword.groovy:86)
	at com.kms.katalon.core.webui.keyword.builtin.ClickKeyword.execute(ClickKeyword.groovy:67)
	at com.kms.katalon.core.keyword.internal.KeywordExecutor.executeKeywordForPlatform(KeywordExecutor.groovy:56)
	at com.kms.katalon.core.webui.keyword.WebUiBuiltInKeywords.click(WebUiBuiltInKeywords.groovy:616)
	at com.kms.katalon.core.webui.keyword.WebUiBuiltInKeywords$click$2.call(Unknown Source)
	at TC0211.run(TC0211:29)
	at com.kms.katalon.core.main.ScriptEngine.run(ScriptEngine.java:194)
	at com.kms.katalon.core.main.ScriptEngine.runScriptAsRawText(ScriptEngine.java:119)
	at com.kms.katalon.core.main.TestCaseExecutor.runScript(TestCaseExecutor.java:331)
	at com.kms.katalon.core.main.TestCaseExecutor.doExecute(TestCaseExecutor.java:322)
	at com.kms.katalon.core.main.TestCaseExecutor.processExecutionPhase(TestCaseExecutor.java:301)
	at com.kms.katalon.core.main.TestCaseExecutor.accessMainPhase(TestCaseExecutor.java:293)
	at com.kms.katalon.core.main.TestCaseExecutor.execute(TestCaseExecutor.java:227)
	at com.kms.katalon.core.main.TestSuiteExecutor.accessTestCaseMainPhase(TestSuiteExecutor.java:129)
	at com.kms.katalon.core.main.TestSuiteExecutor.accessTestSuiteMainPhase(TestSuiteExecutor.java:112)
	at com.kms.katalon.core.main.TestSuiteExecutor.execute(TestSuiteExecutor.java:81)
	at com.kms.katalon.core.main.TestCaseMain.startTestSuite(TestCaseMain.java:157)
	at com.kms.katalon.core.main.TestCaseMain$startTestSuite$0.call(Unknown Source)
	at TempTestSuite1554979075443.run(TempTestSuite1554979075443.groovy:35)
Caused by: com.kms.katalon.core.webui.exception.WebElementNotFoundException: Web element with id: 'Object Repository/Page_KiboPush  Survey/a_3' located by 'By.xpath: //a[(text() = '3' or . = '3')]' not found
	at com.kms.katalon.core.webui.common.WebUiCommonHelper.findWebElement(WebUiCommonHelper.java:1053)
	at com.kms.katalon.core.webui.keyword.internal.WebUIAbstractKeyword.findWebElement(WebUIAbstractKeyword.groovy:27)
	at com.kms.katalon.core.webui.keyword.internal.WebUIAbstractKeyword.findWebElement(WebUIAbstractKeyword.groovy:26)
	at com.kms.katalon.core.webui.keyword.builtin.ClickKeyword$_click_closure1.doCall(ClickKeyword.groovy:77)
	at com.kms.katalon.core.webui.keyword.builtin.ClickKeyword$_click_closure1.call(ClickKeyword.groovy)
	at com.kms.katalon.core.webui.keyword.internal.WebUIKeywordMain.runKeyword(WebUIKeywordMain.groovy:20)
	at com.kms.katalon.core.webui.keyword.builtin.ClickKeyword.click(ClickKeyword.groovy:86)
	at com.kms.katalon.core.webui.keyword.builtin.ClickKeyword.execute(ClickKeyword.groovy:67)
	at com.kms.katalon.core.keyword.internal.KeywordExecutor.executeKeywordForPlatform(KeywordExecutor.groovy:56)
	at com.kms.katalon.core.webui.keyword.WebUiBuiltInKeywords.click(WebUiBuiltInKeywords.groovy:616)
	at com.kms.katalon.core.webui.keyword.WebUiBuiltInKeywords$click$2.call(Unknown Source)
	at Script1533900913647.run(Script1533900913647.groovy:29)
	... 13 more


2019-04-11 15:48:51 - [MESSAGE][INFO] - Unable to find the element located by 'By.xpath: //a[(text() = '3' or . = '3')]'. Please recheck the objects properties to make sure the desired element is located. 

2019-04-11 15:48:51 - [MESSAGE][FAILED] - Unable to click on object 'Object Repository/Page_KiboPush  Survey/a_3' (Root cause: com.kms.katalon.core.exception.StepFailedException: Unable to click on object 'Object Repository/Page_KiboPush  Survey/a_3'
	at com.kms.katalon.core.webui.keyword.internal.WebUIKeywordMain.stepFailed(WebUIKeywordMain.groovy:64)
	at com.kms.katalon.core.webui.keyword.internal.WebUIKeywordMain.runKeyword(WebUIKeywordMain.groovy:26)
	at com.kms.katalon.core.webui.keyword.builtin.ClickKeyword.click(ClickKeyword.groovy:86)
	at com.kms.katalon.core.webui.keyword.builtin.ClickKeyword.execute(ClickKeyword.groovy:67)
	at com.kms.katalon.core.keyword.internal.KeywordExecutor.executeKeywordForPlatform(KeywordExecutor.groovy:56)
	at com.kms.katalon.core.webui.keyword.WebUiBuiltInKeywords.click(WebUiBuiltInKeywords.groovy:616)
	at com.kms.katalon.core.webui.keyword.WebUiBuiltInKeywords$click$2.call(Unknown Source)
	at TC0211.run(TC0211:29)
	at com.kms.katalon.core.main.ScriptEngine.run(ScriptEngine.java:194)
	at com.kms.katalon.core.main.ScriptEngine.runScriptAsRawText(ScriptEngine.java:119)
	at com.kms.katalon.core.main.TestCaseExecutor.runScript(TestCaseExecutor.java:331)
	at com.kms.katalon.core.main.TestCaseExecutor.doExecute(TestCaseExecutor.java:322)
	at com.kms.katalon.core.main.TestCaseExecutor.processExecutionPhase(TestCaseExecutor.java:301)
	at com.kms.katalon.core.main.TestCaseExecutor.accessMainPhase(TestCaseExecutor.java:293)
	at com.kms.katalon.core.main.TestCaseExecutor.execute(TestCaseExecutor.java:227)
	at com.kms.katalon.core.main.TestSuiteExecutor.accessTestCaseMainPhase(TestSuiteExecutor.java:129)
	at com.kms.katalon.core.main.TestSuiteExecutor.accessTestSuiteMainPhase(TestSuiteExecutor.java:112)
	at com.kms.katalon.core.main.TestSuiteExecutor.execute(TestSuiteExecutor.java:81)
	at com.kms.katalon.core.main.TestCaseMain.startTestSuite(TestCaseMain.java:157)
	at com.kms.katalon.core.main.TestCaseMain$startTestSuite$0.call(Unknown Source)
	at TempTestSuite1554979075443.run(TempTestSuite1554979075443.groovy:35)
Caused by: com.kms.katalon.core.webui.exception.WebElementNotFoundException: Web element with id: 'Object Repository/Page_KiboPush  Survey/a_3' located by 'By.xpath: //a[(text() = '3' or . = '3')]' not found
	at com.kms.katalon.core.webui.common.WebUiCommonHelper.findWebElement(WebUiCommonHelper.java:1053)
	at com.kms.katalon.core.webui.keyword.internal.WebUIAbstractKeyword.findWebElement(WebUIAbstractKeyword.groovy:27)
	at com.kms.katalon.core.webui.keyword.internal.WebUIAbstractKeyword.findWebElement(WebUIAbstractKeyword.groovy:26)
	at com.kms.katalon.core.webui.keyword.builtin.ClickKeyword$_click_closure1.doCall(ClickKeyword.groovy:77)
	at com.kms.katalon.core.webui.keyword.builtin.ClickKeyword$_click_closure1.call(ClickKeyword.groovy)
	at com.kms.katalon.core.webui.keyword.internal.WebUIKeywordMain.runKeyword(WebUIKeywordMain.groovy:20)
	at com.kms.katalon.core.webui.keyword.builtin.ClickKeyword.click(ClickKeyword.groovy:86)
	at com.kms.katalon.core.webui.keyword.builtin.ClickKeyword.execute(ClickKeyword.groovy:67)
	at com.kms.katalon.core.keyword.internal.KeywordExecutor.executeKeywordForPlatform(KeywordExecutor.groovy:56)
	at com.kms.katalon.core.webui.keyword.WebUiBuiltInKeywords.click(WebUiBuiltInKeywords.groovy:616)
	at com.kms.katalon.core.webui.keyword.WebUiBuiltInKeywords$click$2.call(Unknown Source)
	at Script1533900913647.run(Script1533900913647.groovy:29)
	... 13 more
)
[[ATTACHMENT|/home/cloudkibo-muzamil/Downloads/Test cases/production/KiboPush/Reports/survey/20190411_153755/1554979731671.png]]

2019-04-11 15:48:51 - [MESSAGE][FAILED] - click(findTestObject("Page_KiboPush  Survey/a_3")) FAILED.
Reason:
com.kms.katalon.core.exception.StepFailedException: Unable to click on object 'Object Repository/Page_KiboPush  Survey/a_3'
	at com.kms.katalon.core.webui.keyword.internal.WebUIKeywordMain.stepFailed(WebUIKeywordMain.groovy:64)
	at com.kms.katalon.core.webui.keyword.internal.WebUIKeywordMain.runKeyword(WebUIKeywordMain.groovy:26)
	at com.kms.katalon.core.webui.keyword.builtin.ClickKeyword.click(ClickKeyword.groovy:86)
	at com.kms.katalon.core.webui.keyword.builtin.ClickKeyword.execute(ClickKeyword.groovy:67)
	at com.kms.katalon.core.keyword.internal.KeywordExecutor.executeKeywordForPlatform(KeywordExecutor.groovy:56)
	at com.kms.katalon.core.webui.keyword.WebUiBuiltInKeywords.click(WebUiBuiltInKeywords.groovy:616)
	at com.kms.katalon.core.webui.keyword.WebUiBuiltInKeywords$click$2.call(Unknown Source)
	at TC0211.run(TC0211:29)
	at com.kms.katalon.core.main.ScriptEngine.run(ScriptEngine.java:194)
	at com.kms.katalon.core.main.ScriptEngine.runScriptAsRawText(ScriptEngine.java:119)
	at com.kms.katalon.core.main.TestCaseExecutor.runScript(TestCaseExecutor.java:331)
	at com.kms.katalon.core.main.TestCaseExecutor.doExecute(TestCaseExecutor.java:322)
	at com.kms.katalon.core.main.TestCaseExecutor.processExecutionPhase(TestCaseExecutor.java:301)
	at com.kms.katalon.core.main.TestCaseExecutor.accessMainPhase(TestCaseExecutor.java:293)
	at com.kms.katalon.core.main.TestCaseExecutor.execute(TestCaseExecutor.java:227)
	at com.kms.katalon.core.main.TestSuiteExecutor.accessTestCaseMainPhase(TestSuiteExecutor.java:129)
	at com.kms.katalon.core.main.TestSuiteExecutor.accessTestSuiteMainPhase(TestSuiteExecutor.java:112)
	at com.kms.katalon.core.main.TestSuiteExecutor.execute(TestSuiteExecutor.java:81)
	at com.kms.katalon.core.main.TestCaseMain.startTestSuite(TestCaseMain.java:157)
	at com.kms.katalon.core.main.TestCaseMain$startTestSuite$0.call(Unknown Source)
	at TempTestSuite1554979075443.run(TempTestSuite1554979075443.groovy:35)
Caused by: com.kms.katalon.core.webui.exception.WebElementNotFoundException: Web element with id: 'Object Repository/Page_KiboPush  Survey/a_3' located by 'By.xpath: //a[(text() = '3' or . = '3')]' not found
	at com.kms.katalon.core.webui.common.WebUiCommonHelper.findWebElement(WebUiCommonHelper.java:1053)
	at com.kms.katalon.core.webui.keyword.internal.WebUIAbstractKeyword.findWebElement(WebUIAbstractKeyword.groovy:27)
	at com.kms.katalon.core.webui.keyword.internal.WebUIAbstractKeyword.findWebElement(WebUIAbstractKeyword.groovy:26)
	at com.kms.katalon.core.webui.keyword.builtin.ClickKeyword$_click_closure1.doCall(ClickKeyword.groovy:77)
	at com.kms.katalon.core.webui.keyword.builtin.ClickKeyword$_click_closure1.call(ClickKeyword.groovy)
	at com.kms.katalon.core.webui.keyword.internal.WebUIKeywordMain.runKeyword(WebUIKeywordMain.groovy:20)
	at com.kms.katalon.core.webui.keyword.builtin.ClickKeyword.click(ClickKeyword.groovy:86)
	at com.kms.katalon.core.webui.keyword.builtin.ClickKeyword.execute(ClickKeyword.groovy:67)
	at com.kms.katalon.core.keyword.internal.KeywordExecutor.executeKeywordForPlatform(KeywordExecutor.groovy:56)
	at com.kms.katalon.core.webui.keyword.WebUiBuiltInKeywords.click(WebUiBuiltInKeywords.groovy:616)
	at com.kms.katalon.core.webui.keyword.WebUiBuiltInKeywords$click$2.call(Unknown Source)
	at Script1533900913647.run(Script1533900913647.groovy:29)
	... 13 more]]></system-out>
         <system-err><![CDATA[2019-04-11 15:46:52 - [TEST_CASE][FAILED] - Test Cases/Survey Test Cases/TC0211: Test Cases/Survey Test Cases/TC0211 FAILED.
Reason:
com.kms.katalon.core.exception.StepFailedException: Unable to click on object 'Object Repository/Page_KiboPush  Survey/a_3'
	at com.kms.katalon.core.webui.keyword.internal.WebUIKeywordMain.stepFailed(WebUIKeywordMain.groovy:64)
	at com.kms.katalon.core.webui.keyword.internal.WebUIKeywordMain.runKeyword(WebUIKeywordMain.groovy:26)
	at com.kms.katalon.core.webui.keyword.builtin.ClickKeyword.click(ClickKeyword.groovy:86)
	at com.kms.katalon.core.webui.keyword.builtin.ClickKeyword.execute(ClickKeyword.groovy:67)
	at com.kms.katalon.core.keyword.internal.KeywordExecutor.executeKeywordForPlatform(KeywordExecutor.groovy:56)
	at com.kms.katalon.core.webui.keyword.WebUiBuiltInKeywords.click(WebUiBuiltInKeywords.groovy:616)
	at com.kms.katalon.core.webui.keyword.WebUiBuiltInKeywords$click$2.call(Unknown Source)
	at TC0211.run(TC0211:29)
	at com.kms.katalon.core.main.ScriptEngine.run(ScriptEngine.java:194)
	at com.kms.katalon.core.main.ScriptEngine.runScriptAsRawText(ScriptEngine.java:119)
	at com.kms.katalon.core.main.TestCaseExecutor.runScript(TestCaseExecutor.java:331)
	at com.kms.katalon.core.main.TestCaseExecutor.doExecute(TestCaseExecutor.java:322)
	at com.kms.katalon.core.main.TestCaseExecutor.processExecutionPhase(TestCaseExecutor.java:301)
	at com.kms.katalon.core.main.TestCaseExecutor.accessMainPhase(TestCaseExecutor.java:293)
	at com.kms.katalon.core.main.TestCaseExecutor.execute(TestCaseExecutor.java:227)
	at com.kms.katalon.core.main.TestSuiteExecutor.accessTestCaseMainPhase(TestSuiteExecutor.java:129)
	at com.kms.katalon.core.main.TestSuiteExecutor.accessTestSuiteMainPhase(TestSuiteExecutor.java:112)
	at com.kms.katalon.core.main.TestSuiteExecutor.execute(TestSuiteExecutor.java:81)
	at com.kms.katalon.core.main.TestCaseMain.startTestSuite(TestCaseMain.java:157)
	at com.kms.katalon.core.main.TestCaseMain$startTestSuite$0.call(Unknown Source)
	at TempTestSuite1554979075443.run(TempTestSuite1554979075443.groovy:35)
Caused by: com.kms.katalon.core.webui.exception.WebElementNotFoundException: Web element with id: 'Object Repository/Page_KiboPush  Survey/a_3' located by 'By.xpath: //a[(text() = '3' or . = '3')]' not found
	at com.kms.katalon.core.webui.common.WebUiCommonHelper.findWebElement(WebUiCommonHelper.java:1053)
	at com.kms.katalon.core.webui.keyword.internal.WebUIAbstractKeyword.findWebElement(WebUIAbstractKeyword.groovy:27)
	at com.kms.katalon.core.webui.keyword.internal.WebUIAbstractKeyword.findWebElement(WebUIAbstractKeyword.groovy:26)
	at com.kms.katalon.core.webui.keyword.builtin.ClickKeyword$_click_closure1.doCall(ClickKeyword.groovy:77)
	at com.kms.katalon.core.webui.keyword.builtin.ClickKeyword$_click_closure1.call(ClickKeyword.groovy)
	at com.kms.katalon.core.webui.keyword.internal.WebUIKeywordMain.runKeyword(WebUIKeywordMain.groovy:20)
	at com.kms.katalon.core.webui.keyword.builtin.ClickKeyword.click(ClickKeyword.groovy:86)
	at com.kms.katalon.core.webui.keyword.builtin.ClickKeyword.execute(ClickKeyword.groovy:67)
	at com.kms.katalon.core.keyword.internal.KeywordExecutor.executeKeywordForPlatform(KeywordExecutor.groovy:56)
	at com.kms.katalon.core.webui.keyword.WebUiBuiltInKeywords.click(WebUiBuiltInKeywords.groovy:616)
	at com.kms.katalon.core.webui.keyword.WebUiBuiltInKeywords$click$2.call(Unknown Source)
	at Script1533900913647.run(Script1533900913647.groovy:29)
	... 13 more]]></system-err>
      </testcase>
      <testcase name="Test Cases/Survey Test Cases/TC0212" classname="Test Cases/Survey Test Cases/TC0212" status="FAILED">
         <failure type="FAILED" message="Test Cases/Survey Test Cases/TC0212 FAILED.
Reason:
com.kms.katalon.core.exception.StepFailedException: Unable to click on object 'Object Repository/Page_KiboPush  Add Survey/h3_Create Survey Form'
	at com.kms.katalon.core.webui.keyword.internal.WebUIKeywordMain.stepFailed(WebUIKeywordMain.groovy:64)
	at com.kms.katalon.core.webui.keyword.internal.WebUIKeywordMain.runKeyword(WebUIKeywordMain.groovy:26)
	at com.kms.katalon.core.webui.keyword.builtin.ClickKeyword.click(ClickKeyword.groovy:86)
	at com.kms.katalon.core.webui.keyword.builtin.ClickKeyword.execute(ClickKeyword.groovy:67)
	at com.kms.katalon.core.keyword.internal.KeywordExecutor.executeKeywordForPlatform(KeywordExecutor.groovy:56)
	at com.kms.katalon.core.webui.keyword.WebUiBuiltInKeywords.click(WebUiBuiltInKeywords.groovy:616)
	at com.kms.katalon.core.webui.keyword.WebUiBuiltInKeywords$click$2.call(Unknown Source)
	at TC0212.run(TC0212:31)
	at com.kms.katalon.core.main.ScriptEngine.run(ScriptEngine.java:194)
	at com.kms.katalon.core.main.ScriptEngine.runScriptAsRawText(ScriptEngine.java:119)
	at com.kms.katalon.core.main.TestCaseExecutor.runScript(TestCaseExecutor.java:331)
	at com.kms.katalon.core.main.TestCaseExecutor.doExecute(TestCaseExecutor.java:322)
	at com.kms.katalon.core.main.TestCaseExecutor.processExecutionPhase(TestCaseExecutor.java:301)
	at com.kms.katalon.core.main.TestCaseExecutor.accessMainPhase(TestCaseExecutor.java:293)
	at com.kms.katalon.core.main.TestCaseExecutor.execute(TestCaseExecutor.java:227)
	at com.kms.katalon.core.main.TestSuiteExecutor.accessTestCaseMainPhase(TestSuiteExecutor.java:129)
	at com.kms.katalon.core.main.TestSuiteExecutor.accessTestSuiteMainPhase(TestSuiteExecutor.java:112)
	at com.kms.katalon.core.main.TestSuiteExecutor.execute(TestSuiteExecutor.java:81)
	at com.kms.katalon.core.main.TestCaseMain.startTestSuite(TestCaseMain.java:157)
	at com.kms.katalon.core.main.TestCaseMain$startTestSuite$0.call(Unknown Source)
	at TempTestSuite1554979075443.run(TempTestSuite1554979075443.groovy:35)
Caused by: com.kms.katalon.core.webui.exception.WebElementNotFoundException: Web element with id: 'Object Repository/Page_KiboPush  Add Survey/h3_Create Survey Form' located by 'By.xpath: //h3[@id = 'survey' and (text() = 'Create Survey Form' or . = 'Create Survey Form')]' not found
	at com.kms.katalon.core.webui.common.WebUiCommonHelper.findWebElement(WebUiCommonHelper.java:1053)
	at com.kms.katalon.core.webui.keyword.internal.WebUIAbstractKeyword.findWebElement(WebUIAbstractKeyword.groovy:27)
	at com.kms.katalon.core.webui.keyword.internal.WebUIAbstractKeyword.findWebElement(WebUIAbstractKeyword.groovy:26)
	at com.kms.katalon.core.webui.keyword.builtin.ClickKeyword$_click_closure1.doCall(ClickKeyword.groovy:77)
	at com.kms.katalon.core.webui.keyword.builtin.ClickKeyword$_click_closure1.call(ClickKeyword.groovy)
	at com.kms.katalon.core.webui.keyword.internal.WebUIKeywordMain.runKeyword(WebUIKeywordMain.groovy:20)
	at com.kms.katalon.core.webui.keyword.builtin.ClickKeyword.click(ClickKeyword.groovy:86)
	at com.kms.katalon.core.webui.keyword.builtin.ClickKeyword.execute(ClickKeyword.groovy:67)
	at com.kms.katalon.core.keyword.internal.KeywordExecutor.executeKeywordForPlatform(KeywordExecutor.groovy:56)
	at com.kms.katalon.core.webui.keyword.WebUiBuiltInKeywords.click(WebUiBuiltInKeywords.groovy:616)
	at com.kms.katalon.core.webui.keyword.WebUiBuiltInKeywords$click$2.call(Unknown Source)
	at Script1533910852951.run(Script1533910852951.groovy:31)
	... 13 more
"/>
         <system-out><![CDATA[2019-04-11 15:48:51 - [TEST_CASE][FAILED] - Test Cases/Survey Test Cases/TC0212: Test Cases/Survey Test Cases/TC0212 FAILED.
Reason:
com.kms.katalon.core.exception.StepFailedException: Unable to click on object 'Object Repository/Page_KiboPush  Add Survey/h3_Create Survey Form'
	at com.kms.katalon.core.webui.keyword.internal.WebUIKeywordMain.stepFailed(WebUIKeywordMain.groovy:64)
	at com.kms.katalon.core.webui.keyword.internal.WebUIKeywordMain.runKeyword(WebUIKeywordMain.groovy:26)
	at com.kms.katalon.core.webui.keyword.builtin.ClickKeyword.click(ClickKeyword.groovy:86)
	at com.kms.katalon.core.webui.keyword.builtin.ClickKeyword.execute(ClickKeyword.groovy:67)
	at com.kms.katalon.core.keyword.internal.KeywordExecutor.executeKeywordForPlatform(KeywordExecutor.groovy:56)
	at com.kms.katalon.core.webui.keyword.WebUiBuiltInKeywords.click(WebUiBuiltInKeywords.groovy:616)
	at com.kms.katalon.core.webui.keyword.WebUiBuiltInKeywords$click$2.call(Unknown Source)
	at TC0212.run(TC0212:31)
	at com.kms.katalon.core.main.ScriptEngine.run(ScriptEngine.java:194)
	at com.kms.katalon.core.main.ScriptEngine.runScriptAsRawText(ScriptEngine.java:119)
	at com.kms.katalon.core.main.TestCaseExecutor.runScript(TestCaseExecutor.java:331)
	at com.kms.katalon.core.main.TestCaseExecutor.doExecute(TestCaseExecutor.java:322)
	at com.kms.katalon.core.main.TestCaseExecutor.processExecutionPhase(TestCaseExecutor.java:301)
	at com.kms.katalon.core.main.TestCaseExecutor.accessMainPhase(TestCaseExecutor.java:293)
	at com.kms.katalon.core.main.TestCaseExecutor.execute(TestCaseExecutor.java:227)
	at com.kms.katalon.core.main.TestSuiteExecutor.accessTestCaseMainPhase(TestSuiteExecutor.java:129)
	at com.kms.katalon.core.main.TestSuiteExecutor.accessTestSuiteMainPhase(TestSuiteExecutor.java:112)
	at com.kms.katalon.core.main.TestSuiteExecutor.execute(TestSuiteExecutor.java:81)
	at com.kms.katalon.core.main.TestCaseMain.startTestSuite(TestCaseMain.java:157)
	at com.kms.katalon.core.main.TestCaseMain$startTestSuite$0.call(Unknown Source)
	at TempTestSuite1554979075443.run(TempTestSuite1554979075443.groovy:35)
Caused by: com.kms.katalon.core.webui.exception.WebElementNotFoundException: Web element with id: 'Object Repository/Page_KiboPush  Add Survey/h3_Create Survey Form' located by 'By.xpath: //h3[@id = 'survey' and (text() = 'Create Survey Form' or . = 'Create Survey Form')]' not found
	at com.kms.katalon.core.webui.common.WebUiCommonHelper.findWebElement(WebUiCommonHelper.java:1053)
	at com.kms.katalon.core.webui.keyword.internal.WebUIAbstractKeyword.findWebElement(WebUIAbstractKeyword.groovy:27)
	at com.kms.katalon.core.webui.keyword.internal.WebUIAbstractKeyword.findWebElement(WebUIAbstractKeyword.groovy:26)
	at com.kms.katalon.core.webui.keyword.builtin.ClickKeyword$_click_closure1.doCall(ClickKeyword.groovy:77)
	at com.kms.katalon.core.webui.keyword.builtin.ClickKeyword$_click_closure1.call(ClickKeyword.groovy)
	at com.kms.katalon.core.webui.keyword.internal.WebUIKeywordMain.runKeyword(WebUIKeywordMain.groovy:20)
	at com.kms.katalon.core.webui.keyword.builtin.ClickKeyword.click(ClickKeyword.groovy:86)
	at com.kms.katalon.core.webui.keyword.builtin.ClickKeyword.execute(ClickKeyword.groovy:67)
	at com.kms.katalon.core.keyword.internal.KeywordExecutor.executeKeywordForPlatform(KeywordExecutor.groovy:56)
	at com.kms.katalon.core.webui.keyword.WebUiBuiltInKeywords.click(WebUiBuiltInKeywords.groovy:616)
	at com.kms.katalon.core.webui.keyword.WebUiBuiltInKeywords$click$2.call(Unknown Source)
	at Script1533910852951.run(Script1533910852951.groovy:31)
	... 13 more


2019-04-11 15:48:51 - [TEST_STEP][PASSED] - callTestCase(findTestCase("s-sidebar_navigation/individualAccount/survey"), [:], STOP_ON_FAILURE): Call Test Case 'Test Cases/s-sidebar_navigation/individualAccount/survey' successfully

2019-04-11 15:48:52 - [TEST_CASE][PASSED] - Test Cases/s-sidebar_navigation/individualAccount/survey: Test Cases/s-sidebar_navigation/individualAccount/survey

2019-04-11 15:48:52 - [TEST_STEP][PASSED] - callTestCase(findTestCase("s-sidebar_navigation/individualAccount/Login_Muzamil - Staging"), [:], STOP_ON_FAILURE): Call Test Case 'Test Cases/s-sidebar_navigation/individualAccount/Login_Muzamil - Staging' successfully

2019-04-11 15:48:52 - [TEST_CASE][PASSED] - Test Cases/s-sidebar_navigation/individualAccount/Login_Muzamil - Staging: Test Cases/s-sidebar_navigation/individualAccount/Login_Muzamil - Staging

2019-04-11 15:48:52 - [TEST_STEP][PASSED] - openBrowser(""): Browser is opened with url: ''

2019-04-11 15:48:52 - [MESSAGE][WARNING] - A browser is already opened. Closing browser and opening a new one

2019-04-11 15:48:52 - [MESSAGE][INFO] - Starting 'Chrome' driver

2019-04-11 15:48:54 - [MESSAGE][PASSED] - Browser is opened with url: ''

2019-04-11 15:48:54 - [TEST_STEP][PASSED] - maximizeWindow(): Current window maximized

2019-04-11 15:48:54 - [MESSAGE][PASSED] - Current window maximized

2019-04-11 15:48:54 - [TEST_STEP][PASSED] - navigateToUrl("https://saccounts.cloudkibo.com/?continue=https://skiboengage.cloudkibo.com"): Navigate to 'https://saccounts.cloudkibo.com/?continue=https://skiboengage.cloudkibo.com' successfully

2019-04-11 15:49:09 - [MESSAGE][PASSED] - Navigate to 'https://saccounts.cloudkibo.com/?continue=https://skiboengage.cloudkibo.com' successfully

2019-04-11 15:49:09 - [TEST_STEP][PASSED] - delay(2): Delayed 2 second(s)

2019-04-11 15:49:11 - [MESSAGE][PASSED] - Delayed 2 second(s)

2019-04-11 15:49:11 - [TEST_STEP][PASSED] - click(findTestObject("Page_CloudKibo/a_Login (4)")): Object: 'Object Repository/Page_CloudKibo/a_Login (4)' is clicked on

2019-04-11 15:49:12 - [MESSAGE][PASSED] - Object: 'Object Repository/Page_CloudKibo/a_Login (4)' is clicked on

2019-04-11 15:49:12 - [TEST_STEP][PASSED] - setText(findTestObject("Page_CloudKibo/input_Sign In_email (3)"), "muzamil.bukhari.39@gmail.com"): Text 'muzamil.bukhari.39@gmail.com' is set on object 'Object Repository/Page_CloudKibo/input_Sign In_email (3)'

2019-04-11 15:49:12 - [MESSAGE][PASSED] - Text 'muzamil.bukhari.39@gmail.com' is set on object 'Object Repository/Page_CloudKibo/input_Sign In_email (3)'

2019-04-11 15:49:12 - [TEST_STEP][PASSED] - setEncryptedText(findTestObject("Page_CloudKibo/input_Sign In_password (3)"), "ZOMPkeJIpHVS6OGLcNHjig=="): Text ****** has been set on object 'Object Repository/Page_CloudKibo/input_Sign In_password (3)'

2019-04-11 15:49:12 - [MESSAGE][PASSED] - Text ****** has been set on object 'Object Repository/Page_CloudKibo/input_Sign In_password (3)'

2019-04-11 15:49:12 - [TEST_STEP][PASSED] - click(findTestObject("Page_CloudKibo/button_Sign In (7)")): Object: 'Object Repository/Page_CloudKibo/button_Sign In (7)' is clicked on

2019-04-11 15:49:12 - [MESSAGE][PASSED] - Object: 'Object Repository/Page_CloudKibo/button_Sign In (7)' is clicked on

2019-04-11 15:49:12 - [TEST_STEP][PASSED] - click(findTestObject("Page_KiboEngage  Dashboard/h4_KIBOPUSH (2)")): Object: 'Object Repository/Page_KiboEngage  Dashboard/h4_KIBOPUSH (2)' is clicked on

2019-04-11 15:50:01 - [MESSAGE][PASSED] - Object: 'Object Repository/Page_KiboEngage  Dashboard/h4_KIBOPUSH (2)' is clicked on

2019-04-11 15:50:01 - [MESSAGE][PASSED] - Call Test Case 'Test Cases/s-sidebar_navigation/individualAccount/Login_Muzamil - Staging' successfully

2019-04-11 15:50:01 - [TEST_STEP][PASSED] - click(findTestObject("Page_KiboPush  Dashboard/span_Broadcasting")): Object: 'Object Repository/Page_KiboPush  Dashboard/span_Broadcasting' is clicked on

2019-04-11 15:50:01 - [MESSAGE][PASSED] - Object: 'Object Repository/Page_KiboPush  Dashboard/span_Broadcasting' is clicked on

2019-04-11 15:50:01 - [TEST_STEP][PASSED] - delay(2): Delayed 2 second(s)

2019-04-11 15:50:03 - [MESSAGE][PASSED] - Delayed 2 second(s)

2019-04-11 15:50:03 - [TEST_STEP][PASSED] - click(findTestObject("Page_KiboPush  Dashboard/span_Surveys")): Object: 'Object Repository/Page_KiboPush  Dashboard/span_Surveys' is clicked on

2019-04-11 15:50:03 - [MESSAGE][PASSED] - Object: 'Object Repository/Page_KiboPush  Dashboard/span_Surveys' is clicked on

2019-04-11 15:50:03 - [TEST_STEP][PASSED] - delay(2): Delayed 2 second(s)

2019-04-11 15:50:05 - [MESSAGE][PASSED] - Delayed 2 second(s)

2019-04-11 15:50:05 - [TEST_STEP][PASSED] - click(findTestObject("Page_KiboPush  Survey/h3_Manage Surveys")): Object: 'Object Repository/Page_KiboPush  Survey/h3_Manage Surveys' is clicked on

2019-04-11 15:50:05 - [MESSAGE][PASSED] - Object: 'Object Repository/Page_KiboPush  Survey/h3_Manage Surveys' is clicked on

2019-04-11 15:50:05 - [MESSAGE][PASSED] - Call Test Case 'Test Cases/s-sidebar_navigation/individualAccount/survey' successfully

2019-04-11 15:50:05 - [TEST_STEP][PASSED] - click(findTestObject("Page_KiboPush  Survey/button_Create New (1)")): Object: 'Object Repository/Page_KiboPush  Survey/button_Create New (1)' is clicked on

2019-04-11 15:50:05 - [MESSAGE][PASSED] - Object: 'Object Repository/Page_KiboPush  Survey/button_Create New (1)' is clicked on

2019-04-11 15:50:05 - [TEST_STEP][PASSED] - click(findTestObject("Page_KiboPush  Survey/button_Create New Survey (1)")): Object: 'Object Repository/Page_KiboPush  Survey/button_Create New Survey (1)' is clicked on

2019-04-11 15:50:05 - [MESSAGE][PASSED] - Object: 'Object Repository/Page_KiboPush  Survey/button_Create New Survey (1)' is clicked on

2019-04-11 15:50:05 - [TEST_STEP][PASSED] - delay(2): Delayed 2 second(s)

2019-04-11 15:50:07 - [MESSAGE][PASSED] - Delayed 2 second(s)

2019-04-11 15:50:07 - [TEST_STEP][FAILED] - click(findTestObject("Object Repository/Page_KiboPush  Add Survey/h3_Create Survey Form")): click(findTestObject("Object Repository/Page_KiboPush  Add Survey/h3_Create Survey Form")) FAILED.
Reason:
com.kms.katalon.core.exception.StepFailedException: Unable to click on object 'Object Repository/Page_KiboPush  Add Survey/h3_Create Survey Form'
	at com.kms.katalon.core.webui.keyword.internal.WebUIKeywordMain.stepFailed(WebUIKeywordMain.groovy:64)
	at com.kms.katalon.core.webui.keyword.internal.WebUIKeywordMain.runKeyword(WebUIKeywordMain.groovy:26)
	at com.kms.katalon.core.webui.keyword.builtin.ClickKeyword.click(ClickKeyword.groovy:86)
	at com.kms.katalon.core.webui.keyword.builtin.ClickKeyword.execute(ClickKeyword.groovy:67)
	at com.kms.katalon.core.keyword.internal.KeywordExecutor.executeKeywordForPlatform(KeywordExecutor.groovy:56)
	at com.kms.katalon.core.webui.keyword.WebUiBuiltInKeywords.click(WebUiBuiltInKeywords.groovy:616)
	at com.kms.katalon.core.webui.keyword.WebUiBuiltInKeywords$click$2.call(Unknown Source)
	at TC0212.run(TC0212:31)
	at com.kms.katalon.core.main.ScriptEngine.run(ScriptEngine.java:194)
	at com.kms.katalon.core.main.ScriptEngine.runScriptAsRawText(ScriptEngine.java:119)
	at com.kms.katalon.core.main.TestCaseExecutor.runScript(TestCaseExecutor.java:331)
	at com.kms.katalon.core.main.TestCaseExecutor.doExecute(TestCaseExecutor.java:322)
	at com.kms.katalon.core.main.TestCaseExecutor.processExecutionPhase(TestCaseExecutor.java:301)
	at com.kms.katalon.core.main.TestCaseExecutor.accessMainPhase(TestCaseExecutor.java:293)
	at com.kms.katalon.core.main.TestCaseExecutor.execute(TestCaseExecutor.java:227)
	at com.kms.katalon.core.main.TestSuiteExecutor.accessTestCaseMainPhase(TestSuiteExecutor.java:129)
	at com.kms.katalon.core.main.TestSuiteExecutor.accessTestSuiteMainPhase(TestSuiteExecutor.java:112)
	at com.kms.katalon.core.main.TestSuiteExecutor.execute(TestSuiteExecutor.java:81)
	at com.kms.katalon.core.main.TestCaseMain.startTestSuite(TestCaseMain.java:157)
	at com.kms.katalon.core.main.TestCaseMain$startTestSuite$0.call(Unknown Source)
	at TempTestSuite1554979075443.run(TempTestSuite1554979075443.groovy:35)
Caused by: com.kms.katalon.core.webui.exception.WebElementNotFoundException: Web element with id: 'Object Repository/Page_KiboPush  Add Survey/h3_Create Survey Form' located by 'By.xpath: //h3[@id = 'survey' and (text() = 'Create Survey Form' or . = 'Create Survey Form')]' not found
	at com.kms.katalon.core.webui.common.WebUiCommonHelper.findWebElement(WebUiCommonHelper.java:1053)
	at com.kms.katalon.core.webui.keyword.internal.WebUIAbstractKeyword.findWebElement(WebUIAbstractKeyword.groovy:27)
	at com.kms.katalon.core.webui.keyword.internal.WebUIAbstractKeyword.findWebElement(WebUIAbstractKeyword.groovy:26)
	at com.kms.katalon.core.webui.keyword.builtin.ClickKeyword$_click_closure1.doCall(ClickKeyword.groovy:77)
	at com.kms.katalon.core.webui.keyword.builtin.ClickKeyword$_click_closure1.call(ClickKeyword.groovy)
	at com.kms.katalon.core.webui.keyword.internal.WebUIKeywordMain.runKeyword(WebUIKeywordMain.groovy:20)
	at com.kms.katalon.core.webui.keyword.builtin.ClickKeyword.click(ClickKeyword.groovy:86)
	at com.kms.katalon.core.webui.keyword.builtin.ClickKeyword.execute(ClickKeyword.groovy:67)
	at com.kms.katalon.core.keyword.internal.KeywordExecutor.executeKeywordForPlatform(KeywordExecutor.groovy:56)
	at com.kms.katalon.core.webui.keyword.WebUiBuiltInKeywords.click(WebUiBuiltInKeywords.groovy:616)
	at com.kms.katalon.core.webui.keyword.WebUiBuiltInKeywords$click$2.call(Unknown Source)
	at Script1533910852951.run(Script1533910852951.groovy:31)
	... 13 more


2019-04-11 15:50:38 - [MESSAGE][INFO] - Unable to find the element located by 'By.xpath: //h3[@id = 'survey' and (text() = 'Create Survey Form' or . = 'Create Survey Form')]'. Please recheck the objects properties to make sure the desired element is located. 

2019-04-11 15:50:38 - [MESSAGE][FAILED] - Unable to click on object 'Object Repository/Page_KiboPush  Add Survey/h3_Create Survey Form' (Root cause: com.kms.katalon.core.exception.StepFailedException: Unable to click on object 'Object Repository/Page_KiboPush  Add Survey/h3_Create Survey Form'
	at com.kms.katalon.core.webui.keyword.internal.WebUIKeywordMain.stepFailed(WebUIKeywordMain.groovy:64)
	at com.kms.katalon.core.webui.keyword.internal.WebUIKeywordMain.runKeyword(WebUIKeywordMain.groovy:26)
	at com.kms.katalon.core.webui.keyword.builtin.ClickKeyword.click(ClickKeyword.groovy:86)
	at com.kms.katalon.core.webui.keyword.builtin.ClickKeyword.execute(ClickKeyword.groovy:67)
	at com.kms.katalon.core.keyword.internal.KeywordExecutor.executeKeywordForPlatform(KeywordExecutor.groovy:56)
	at com.kms.katalon.core.webui.keyword.WebUiBuiltInKeywords.click(WebUiBuiltInKeywords.groovy:616)
	at com.kms.katalon.core.webui.keyword.WebUiBuiltInKeywords$click$2.call(Unknown Source)
	at TC0212.run(TC0212:31)
	at com.kms.katalon.core.main.ScriptEngine.run(ScriptEngine.java:194)
	at com.kms.katalon.core.main.ScriptEngine.runScriptAsRawText(ScriptEngine.java:119)
	at com.kms.katalon.core.main.TestCaseExecutor.runScript(TestCaseExecutor.java:331)
	at com.kms.katalon.core.main.TestCaseExecutor.doExecute(TestCaseExecutor.java:322)
	at com.kms.katalon.core.main.TestCaseExecutor.processExecutionPhase(TestCaseExecutor.java:301)
	at com.kms.katalon.core.main.TestCaseExecutor.accessMainPhase(TestCaseExecutor.java:293)
	at com.kms.katalon.core.main.TestCaseExecutor.execute(TestCaseExecutor.java:227)
	at com.kms.katalon.core.main.TestSuiteExecutor.accessTestCaseMainPhase(TestSuiteExecutor.java:129)
	at com.kms.katalon.core.main.TestSuiteExecutor.accessTestSuiteMainPhase(TestSuiteExecutor.java:112)
	at com.kms.katalon.core.main.TestSuiteExecutor.execute(TestSuiteExecutor.java:81)
	at com.kms.katalon.core.main.TestCaseMain.startTestSuite(TestCaseMain.java:157)
	at com.kms.katalon.core.main.TestCaseMain$startTestSuite$0.call(Unknown Source)
	at TempTestSuite1554979075443.run(TempTestSuite1554979075443.groovy:35)
Caused by: com.kms.katalon.core.webui.exception.WebElementNotFoundException: Web element with id: 'Object Repository/Page_KiboPush  Add Survey/h3_Create Survey Form' located by 'By.xpath: //h3[@id = 'survey' and (text() = 'Create Survey Form' or . = 'Create Survey Form')]' not found
	at com.kms.katalon.core.webui.common.WebUiCommonHelper.findWebElement(WebUiCommonHelper.java:1053)
	at com.kms.katalon.core.webui.keyword.internal.WebUIAbstractKeyword.findWebElement(WebUIAbstractKeyword.groovy:27)
	at com.kms.katalon.core.webui.keyword.internal.WebUIAbstractKeyword.findWebElement(WebUIAbstractKeyword.groovy:26)
	at com.kms.katalon.core.webui.keyword.builtin.ClickKeyword$_click_closure1.doCall(ClickKeyword.groovy:77)
	at com.kms.katalon.core.webui.keyword.builtin.ClickKeyword$_click_closure1.call(ClickKeyword.groovy)
	at com.kms.katalon.core.webui.keyword.internal.WebUIKeywordMain.runKeyword(WebUIKeywordMain.groovy:20)
	at com.kms.katalon.core.webui.keyword.builtin.ClickKeyword.click(ClickKeyword.groovy:86)
	at com.kms.katalon.core.webui.keyword.builtin.ClickKeyword.execute(ClickKeyword.groovy:67)
	at com.kms.katalon.core.keyword.internal.KeywordExecutor.executeKeywordForPlatform(KeywordExecutor.groovy:56)
	at com.kms.katalon.core.webui.keyword.WebUiBuiltInKeywords.click(WebUiBuiltInKeywords.groovy:616)
	at com.kms.katalon.core.webui.keyword.WebUiBuiltInKeywords$click$2.call(Unknown Source)
	at Script1533910852951.run(Script1533910852951.groovy:31)
	... 13 more
)
[[ATTACHMENT|/home/cloudkibo-muzamil/Downloads/Test cases/production/KiboPush/Reports/survey/20190411_153755/1554979838624.png]]

2019-04-11 15:50:38 - [MESSAGE][FAILED] - click(findTestObject("Object Repository/Page_KiboPush  Add Survey/h3_Create Survey Form")) FAILED.
Reason:
com.kms.katalon.core.exception.StepFailedException: Unable to click on object 'Object Repository/Page_KiboPush  Add Survey/h3_Create Survey Form'
	at com.kms.katalon.core.webui.keyword.internal.WebUIKeywordMain.stepFailed(WebUIKeywordMain.groovy:64)
	at com.kms.katalon.core.webui.keyword.internal.WebUIKeywordMain.runKeyword(WebUIKeywordMain.groovy:26)
	at com.kms.katalon.core.webui.keyword.builtin.ClickKeyword.click(ClickKeyword.groovy:86)
	at com.kms.katalon.core.webui.keyword.builtin.ClickKeyword.execute(ClickKeyword.groovy:67)
	at com.kms.katalon.core.keyword.internal.KeywordExecutor.executeKeywordForPlatform(KeywordExecutor.groovy:56)
	at com.kms.katalon.core.webui.keyword.WebUiBuiltInKeywords.click(WebUiBuiltInKeywords.groovy:616)
	at com.kms.katalon.core.webui.keyword.WebUiBuiltInKeywords$click$2.call(Unknown Source)
	at TC0212.run(TC0212:31)
	at com.kms.katalon.core.main.ScriptEngine.run(ScriptEngine.java:194)
	at com.kms.katalon.core.main.ScriptEngine.runScriptAsRawText(ScriptEngine.java:119)
	at com.kms.katalon.core.main.TestCaseExecutor.runScript(TestCaseExecutor.java:331)
	at com.kms.katalon.core.main.TestCaseExecutor.doExecute(TestCaseExecutor.java:322)
	at com.kms.katalon.core.main.TestCaseExecutor.processExecutionPhase(TestCaseExecutor.java:301)
	at com.kms.katalon.core.main.TestCaseExecutor.accessMainPhase(TestCaseExecutor.java:293)
	at com.kms.katalon.core.main.TestCaseExecutor.execute(TestCaseExecutor.java:227)
	at com.kms.katalon.core.main.TestSuiteExecutor.accessTestCaseMainPhase(TestSuiteExecutor.java:129)
	at com.kms.katalon.core.main.TestSuiteExecutor.accessTestSuiteMainPhase(TestSuiteExecutor.java:112)
	at com.kms.katalon.core.main.TestSuiteExecutor.execute(TestSuiteExecutor.java:81)
	at com.kms.katalon.core.main.TestCaseMain.startTestSuite(TestCaseMain.java:157)
	at com.kms.katalon.core.main.TestCaseMain$startTestSuite$0.call(Unknown Source)
	at TempTestSuite1554979075443.run(TempTestSuite1554979075443.groovy:35)
Caused by: com.kms.katalon.core.webui.exception.WebElementNotFoundException: Web element with id: 'Object Repository/Page_KiboPush  Add Survey/h3_Create Survey Form' located by 'By.xpath: //h3[@id = 'survey' and (text() = 'Create Survey Form' or . = 'Create Survey Form')]' not found
	at com.kms.katalon.core.webui.common.WebUiCommonHelper.findWebElement(WebUiCommonHelper.java:1053)
	at com.kms.katalon.core.webui.keyword.internal.WebUIAbstractKeyword.findWebElement(WebUIAbstractKeyword.groovy:27)
	at com.kms.katalon.core.webui.keyword.internal.WebUIAbstractKeyword.findWebElement(WebUIAbstractKeyword.groovy:26)
	at com.kms.katalon.core.webui.keyword.builtin.ClickKeyword$_click_closure1.doCall(ClickKeyword.groovy:77)
	at com.kms.katalon.core.webui.keyword.builtin.ClickKeyword$_click_closure1.call(ClickKeyword.groovy)
	at com.kms.katalon.core.webui.keyword.internal.WebUIKeywordMain.runKeyword(WebUIKeywordMain.groovy:20)
	at com.kms.katalon.core.webui.keyword.builtin.ClickKeyword.click(ClickKeyword.groovy:86)
	at com.kms.katalon.core.webui.keyword.builtin.ClickKeyword.execute(ClickKeyword.groovy:67)
	at com.kms.katalon.core.keyword.internal.KeywordExecutor.executeKeywordForPlatform(KeywordExecutor.groovy:56)
	at com.kms.katalon.core.webui.keyword.WebUiBuiltInKeywords.click(WebUiBuiltInKeywords.groovy:616)
	at com.kms.katalon.core.webui.keyword.WebUiBuiltInKeywords$click$2.call(Unknown Source)
	at Script1533910852951.run(Script1533910852951.groovy:31)
	... 13 more]]></system-out>
         <system-err><![CDATA[2019-04-11 15:48:51 - [TEST_CASE][FAILED] - Test Cases/Survey Test Cases/TC0212: Test Cases/Survey Test Cases/TC0212 FAILED.
Reason:
com.kms.katalon.core.exception.StepFailedException: Unable to click on object 'Object Repository/Page_KiboPush  Add Survey/h3_Create Survey Form'
	at com.kms.katalon.core.webui.keyword.internal.WebUIKeywordMain.stepFailed(WebUIKeywordMain.groovy:64)
	at com.kms.katalon.core.webui.keyword.internal.WebUIKeywordMain.runKeyword(WebUIKeywordMain.groovy:26)
	at com.kms.katalon.core.webui.keyword.builtin.ClickKeyword.click(ClickKeyword.groovy:86)
	at com.kms.katalon.core.webui.keyword.builtin.ClickKeyword.execute(ClickKeyword.groovy:67)
	at com.kms.katalon.core.keyword.internal.KeywordExecutor.executeKeywordForPlatform(KeywordExecutor.groovy:56)
	at com.kms.katalon.core.webui.keyword.WebUiBuiltInKeywords.click(WebUiBuiltInKeywords.groovy:616)
	at com.kms.katalon.core.webui.keyword.WebUiBuiltInKeywords$click$2.call(Unknown Source)
	at TC0212.run(TC0212:31)
	at com.kms.katalon.core.main.ScriptEngine.run(ScriptEngine.java:194)
	at com.kms.katalon.core.main.ScriptEngine.runScriptAsRawText(ScriptEngine.java:119)
	at com.kms.katalon.core.main.TestCaseExecutor.runScript(TestCaseExecutor.java:331)
	at com.kms.katalon.core.main.TestCaseExecutor.doExecute(TestCaseExecutor.java:322)
	at com.kms.katalon.core.main.TestCaseExecutor.processExecutionPhase(TestCaseExecutor.java:301)
	at com.kms.katalon.core.main.TestCaseExecutor.accessMainPhase(TestCaseExecutor.java:293)
	at com.kms.katalon.core.main.TestCaseExecutor.execute(TestCaseExecutor.java:227)
	at com.kms.katalon.core.main.TestSuiteExecutor.accessTestCaseMainPhase(TestSuiteExecutor.java:129)
	at com.kms.katalon.core.main.TestSuiteExecutor.accessTestSuiteMainPhase(TestSuiteExecutor.java:112)
	at com.kms.katalon.core.main.TestSuiteExecutor.execute(TestSuiteExecutor.java:81)
	at com.kms.katalon.core.main.TestCaseMain.startTestSuite(TestCaseMain.java:157)
	at com.kms.katalon.core.main.TestCaseMain$startTestSuite$0.call(Unknown Source)
	at TempTestSuite1554979075443.run(TempTestSuite1554979075443.groovy:35)
Caused by: com.kms.katalon.core.webui.exception.WebElementNotFoundException: Web element with id: 'Object Repository/Page_KiboPush  Add Survey/h3_Create Survey Form' located by 'By.xpath: //h3[@id = 'survey' and (text() = 'Create Survey Form' or . = 'Create Survey Form')]' not found
	at com.kms.katalon.core.webui.common.WebUiCommonHelper.findWebElement(WebUiCommonHelper.java:1053)
	at com.kms.katalon.core.webui.keyword.internal.WebUIAbstractKeyword.findWebElement(WebUIAbstractKeyword.groovy:27)
	at com.kms.katalon.core.webui.keyword.internal.WebUIAbstractKeyword.findWebElement(WebUIAbstractKeyword.groovy:26)
	at com.kms.katalon.core.webui.keyword.builtin.ClickKeyword$_click_closure1.doCall(ClickKeyword.groovy:77)
	at com.kms.katalon.core.webui.keyword.builtin.ClickKeyword$_click_closure1.call(ClickKeyword.groovy)
	at com.kms.katalon.core.webui.keyword.internal.WebUIKeywordMain.runKeyword(WebUIKeywordMain.groovy:20)
	at com.kms.katalon.core.webui.keyword.builtin.ClickKeyword.click(ClickKeyword.groovy:86)
	at com.kms.katalon.core.webui.keyword.builtin.ClickKeyword.execute(ClickKeyword.groovy:67)
	at com.kms.katalon.core.keyword.internal.KeywordExecutor.executeKeywordForPlatform(KeywordExecutor.groovy:56)
	at com.kms.katalon.core.webui.keyword.WebUiBuiltInKeywords.click(WebUiBuiltInKeywords.groovy:616)
	at com.kms.katalon.core.webui.keyword.WebUiBuiltInKeywords$click$2.call(Unknown Source)
	at Script1533910852951.run(Script1533910852951.groovy:31)
	... 13 more]]></system-err>
      </testcase>
      <testcase name="Test Cases/Survey Test Cases/TC0213" classname="Test Cases/Survey Test Cases/TC0213" status="FAILED">
         <failure type="FAILED" message="Test Cases/Survey Test Cases/TC0213 FAILED.
Reason:
com.kms.katalon.core.exception.StepFailedException: Unable to click on object 'Object Repository/Page_KiboEngage  Add Survey/h3_Create Survey Form (1)'
	at com.kms.katalon.core.webui.keyword.internal.WebUIKeywordMain.stepFailed(WebUIKeywordMain.groovy:64)
	at com.kms.katalon.core.webui.keyword.internal.WebUIKeywordMain.runKeyword(WebUIKeywordMain.groovy:26)
	at com.kms.katalon.core.webui.keyword.builtin.ClickKeyword.click(ClickKeyword.groovy:86)
	at com.kms.katalon.core.webui.keyword.builtin.ClickKeyword.execute(ClickKeyword.groovy:67)
	at com.kms.katalon.core.keyword.internal.KeywordExecutor.executeKeywordForPlatform(KeywordExecutor.groovy:56)
	at com.kms.katalon.core.webui.keyword.WebUiBuiltInKeywords.click(WebUiBuiltInKeywords.groovy:616)
	at com.kms.katalon.core.webui.keyword.WebUiBuiltInKeywords$click$2.call(Unknown Source)
	at TC0213.run(TC0213:32)
	at com.kms.katalon.core.main.ScriptEngine.run(ScriptEngine.java:194)
	at com.kms.katalon.core.main.ScriptEngine.runScriptAsRawText(ScriptEngine.java:119)
	at com.kms.katalon.core.main.TestCaseExecutor.runScript(TestCaseExecutor.java:331)
	at com.kms.katalon.core.main.TestCaseExecutor.doExecute(TestCaseExecutor.java:322)
	at com.kms.katalon.core.main.TestCaseExecutor.processExecutionPhase(TestCaseExecutor.java:301)
	at com.kms.katalon.core.main.TestCaseExecutor.accessMainPhase(TestCaseExecutor.java:293)
	at com.kms.katalon.core.main.TestCaseExecutor.execute(TestCaseExecutor.java:227)
	at com.kms.katalon.core.main.TestSuiteExecutor.accessTestCaseMainPhase(TestSuiteExecutor.java:129)
	at com.kms.katalon.core.main.TestSuiteExecutor.accessTestSuiteMainPhase(TestSuiteExecutor.java:112)
	at com.kms.katalon.core.main.TestSuiteExecutor.execute(TestSuiteExecutor.java:81)
	at com.kms.katalon.core.main.TestCaseMain.startTestSuite(TestCaseMain.java:157)
	at com.kms.katalon.core.main.TestCaseMain$startTestSuite$0.call(Unknown Source)
	at TempTestSuite1554979075443.run(TempTestSuite1554979075443.groovy:35)
Caused by: com.kms.katalon.core.webui.exception.WebElementNotFoundException: Web element with id: 'Object Repository/Page_KiboEngage  Add Survey/h3_Create Survey Form (1)' located by 'By.xpath: //h3[@id = 'survey' and (text() = 'Create Survey Form' or . = 'Create Survey Form')]' not found
	at com.kms.katalon.core.webui.common.WebUiCommonHelper.findWebElement(WebUiCommonHelper.java:1053)
	at com.kms.katalon.core.webui.keyword.internal.WebUIAbstractKeyword.findWebElement(WebUIAbstractKeyword.groovy:27)
	at com.kms.katalon.core.webui.keyword.internal.WebUIAbstractKeyword.findWebElement(WebUIAbstractKeyword.groovy:26)
	at com.kms.katalon.core.webui.keyword.builtin.ClickKeyword$_click_closure1.doCall(ClickKeyword.groovy:77)
	at com.kms.katalon.core.webui.keyword.builtin.ClickKeyword$_click_closure1.call(ClickKeyword.groovy)
	at com.kms.katalon.core.webui.keyword.internal.WebUIKeywordMain.runKeyword(WebUIKeywordMain.groovy:20)
	at com.kms.katalon.core.webui.keyword.builtin.ClickKeyword.click(ClickKeyword.groovy:86)
	at com.kms.katalon.core.webui.keyword.builtin.ClickKeyword.execute(ClickKeyword.groovy:67)
	at com.kms.katalon.core.keyword.internal.KeywordExecutor.executeKeywordForPlatform(KeywordExecutor.groovy:56)
	at com.kms.katalon.core.webui.keyword.WebUiBuiltInKeywords.click(WebUiBuiltInKeywords.groovy:616)
	at com.kms.katalon.core.webui.keyword.WebUiBuiltInKeywords$click$2.call(Unknown Source)
	at Script1533911495663.run(Script1533911495663.groovy:32)
	... 13 more
"/>
         <system-out><![CDATA[2019-04-11 15:50:38 - [TEST_CASE][FAILED] - Test Cases/Survey Test Cases/TC0213: Test Cases/Survey Test Cases/TC0213 FAILED.
Reason:
com.kms.katalon.core.exception.StepFailedException: Unable to click on object 'Object Repository/Page_KiboEngage  Add Survey/h3_Create Survey Form (1)'
	at com.kms.katalon.core.webui.keyword.internal.WebUIKeywordMain.stepFailed(WebUIKeywordMain.groovy:64)
	at com.kms.katalon.core.webui.keyword.internal.WebUIKeywordMain.runKeyword(WebUIKeywordMain.groovy:26)
	at com.kms.katalon.core.webui.keyword.builtin.ClickKeyword.click(ClickKeyword.groovy:86)
	at com.kms.katalon.core.webui.keyword.builtin.ClickKeyword.execute(ClickKeyword.groovy:67)
	at com.kms.katalon.core.keyword.internal.KeywordExecutor.executeKeywordForPlatform(KeywordExecutor.groovy:56)
	at com.kms.katalon.core.webui.keyword.WebUiBuiltInKeywords.click(WebUiBuiltInKeywords.groovy:616)
	at com.kms.katalon.core.webui.keyword.WebUiBuiltInKeywords$click$2.call(Unknown Source)
	at TC0213.run(TC0213:32)
	at com.kms.katalon.core.main.ScriptEngine.run(ScriptEngine.java:194)
	at com.kms.katalon.core.main.ScriptEngine.runScriptAsRawText(ScriptEngine.java:119)
	at com.kms.katalon.core.main.TestCaseExecutor.runScript(TestCaseExecutor.java:331)
	at com.kms.katalon.core.main.TestCaseExecutor.doExecute(TestCaseExecutor.java:322)
	at com.kms.katalon.core.main.TestCaseExecutor.processExecutionPhase(TestCaseExecutor.java:301)
	at com.kms.katalon.core.main.TestCaseExecutor.accessMainPhase(TestCaseExecutor.java:293)
	at com.kms.katalon.core.main.TestCaseExecutor.execute(TestCaseExecutor.java:227)
	at com.kms.katalon.core.main.TestSuiteExecutor.accessTestCaseMainPhase(TestSuiteExecutor.java:129)
	at com.kms.katalon.core.main.TestSuiteExecutor.accessTestSuiteMainPhase(TestSuiteExecutor.java:112)
	at com.kms.katalon.core.main.TestSuiteExecutor.execute(TestSuiteExecutor.java:81)
	at com.kms.katalon.core.main.TestCaseMain.startTestSuite(TestCaseMain.java:157)
	at com.kms.katalon.core.main.TestCaseMain$startTestSuite$0.call(Unknown Source)
	at TempTestSuite1554979075443.run(TempTestSuite1554979075443.groovy:35)
Caused by: com.kms.katalon.core.webui.exception.WebElementNotFoundException: Web element with id: 'Object Repository/Page_KiboEngage  Add Survey/h3_Create Survey Form (1)' located by 'By.xpath: //h3[@id = 'survey' and (text() = 'Create Survey Form' or . = 'Create Survey Form')]' not found
	at com.kms.katalon.core.webui.common.WebUiCommonHelper.findWebElement(WebUiCommonHelper.java:1053)
	at com.kms.katalon.core.webui.keyword.internal.WebUIAbstractKeyword.findWebElement(WebUIAbstractKeyword.groovy:27)
	at com.kms.katalon.core.webui.keyword.internal.WebUIAbstractKeyword.findWebElement(WebUIAbstractKeyword.groovy:26)
	at com.kms.katalon.core.webui.keyword.builtin.ClickKeyword$_click_closure1.doCall(ClickKeyword.groovy:77)
	at com.kms.katalon.core.webui.keyword.builtin.ClickKeyword$_click_closure1.call(ClickKeyword.groovy)
	at com.kms.katalon.core.webui.keyword.internal.WebUIKeywordMain.runKeyword(WebUIKeywordMain.groovy:20)
	at com.kms.katalon.core.webui.keyword.builtin.ClickKeyword.click(ClickKeyword.groovy:86)
	at com.kms.katalon.core.webui.keyword.builtin.ClickKeyword.execute(ClickKeyword.groovy:67)
	at com.kms.katalon.core.keyword.internal.KeywordExecutor.executeKeywordForPlatform(KeywordExecutor.groovy:56)
	at com.kms.katalon.core.webui.keyword.WebUiBuiltInKeywords.click(WebUiBuiltInKeywords.groovy:616)
	at com.kms.katalon.core.webui.keyword.WebUiBuiltInKeywords$click$2.call(Unknown Source)
	at Script1533911495663.run(Script1533911495663.groovy:32)
	... 13 more


2019-04-11 15:50:38 - [TEST_STEP][PASSED] - callTestCase(findTestCase("s-sidebar_navigation/individualAccount/survey"), [:], STOP_ON_FAILURE): Call Test Case 'Test Cases/s-sidebar_navigation/individualAccount/survey' successfully

2019-04-11 15:50:38 - [TEST_CASE][PASSED] - Test Cases/s-sidebar_navigation/individualAccount/survey: Test Cases/s-sidebar_navigation/individualAccount/survey

2019-04-11 15:50:38 - [TEST_STEP][PASSED] - callTestCase(findTestCase("s-sidebar_navigation/individualAccount/Login_Muzamil - Staging"), [:], STOP_ON_FAILURE): Call Test Case 'Test Cases/s-sidebar_navigation/individualAccount/Login_Muzamil - Staging' successfully

2019-04-11 15:50:38 - [TEST_CASE][PASSED] - Test Cases/s-sidebar_navigation/individualAccount/Login_Muzamil - Staging: Test Cases/s-sidebar_navigation/individualAccount/Login_Muzamil - Staging

2019-04-11 15:50:38 - [TEST_STEP][PASSED] - openBrowser(""): Browser is opened with url: ''

2019-04-11 15:50:38 - [MESSAGE][WARNING] - A browser is already opened. Closing browser and opening a new one

2019-04-11 15:50:39 - [MESSAGE][INFO] - Starting 'Chrome' driver

2019-04-11 15:50:39 - [MESSAGE][PASSED] - Browser is opened with url: ''

2019-04-11 15:50:39 - [TEST_STEP][PASSED] - maximizeWindow(): Current window maximized

2019-04-11 15:50:39 - [MESSAGE][PASSED] - Current window maximized

2019-04-11 15:50:39 - [TEST_STEP][PASSED] - navigateToUrl("https://saccounts.cloudkibo.com/?continue=https://skiboengage.cloudkibo.com"): Navigate to 'https://saccounts.cloudkibo.com/?continue=https://skiboengage.cloudkibo.com' successfully

2019-04-11 15:50:53 - [MESSAGE][PASSED] - Navigate to 'https://saccounts.cloudkibo.com/?continue=https://skiboengage.cloudkibo.com' successfully

2019-04-11 15:50:53 - [TEST_STEP][PASSED] - delay(2): Delayed 2 second(s)

2019-04-11 15:50:55 - [MESSAGE][PASSED] - Delayed 2 second(s)

2019-04-11 15:50:55 - [TEST_STEP][PASSED] - click(findTestObject("Page_CloudKibo/a_Login (4)")): Object: 'Object Repository/Page_CloudKibo/a_Login (4)' is clicked on

2019-04-11 15:50:56 - [MESSAGE][PASSED] - Object: 'Object Repository/Page_CloudKibo/a_Login (4)' is clicked on

2019-04-11 15:50:56 - [TEST_STEP][PASSED] - setText(findTestObject("Page_CloudKibo/input_Sign In_email (3)"), "muzamil.bukhari.39@gmail.com"): Text 'muzamil.bukhari.39@gmail.com' is set on object 'Object Repository/Page_CloudKibo/input_Sign In_email (3)'

2019-04-11 15:50:56 - [MESSAGE][PASSED] - Text 'muzamil.bukhari.39@gmail.com' is set on object 'Object Repository/Page_CloudKibo/input_Sign In_email (3)'

2019-04-11 15:50:56 - [TEST_STEP][PASSED] - setEncryptedText(findTestObject("Page_CloudKibo/input_Sign In_password (3)"), "ZOMPkeJIpHVS6OGLcNHjig=="): Text ****** has been set on object 'Object Repository/Page_CloudKibo/input_Sign In_password (3)'

2019-04-11 15:50:56 - [MESSAGE][PASSED] - Text ****** has been set on object 'Object Repository/Page_CloudKibo/input_Sign In_password (3)'

2019-04-11 15:50:56 - [TEST_STEP][PASSED] - click(findTestObject("Page_CloudKibo/button_Sign In (7)")): Object: 'Object Repository/Page_CloudKibo/button_Sign In (7)' is clicked on

2019-04-11 15:50:56 - [MESSAGE][PASSED] - Object: 'Object Repository/Page_CloudKibo/button_Sign In (7)' is clicked on

2019-04-11 15:50:56 - [TEST_STEP][PASSED] - click(findTestObject("Page_KiboEngage  Dashboard/h4_KIBOPUSH (2)")): Object: 'Object Repository/Page_KiboEngage  Dashboard/h4_KIBOPUSH (2)' is clicked on

2019-04-11 15:51:45 - [MESSAGE][PASSED] - Object: 'Object Repository/Page_KiboEngage  Dashboard/h4_KIBOPUSH (2)' is clicked on

2019-04-11 15:51:45 - [MESSAGE][PASSED] - Call Test Case 'Test Cases/s-sidebar_navigation/individualAccount/Login_Muzamil - Staging' successfully

2019-04-11 15:51:45 - [TEST_STEP][PASSED] - click(findTestObject("Page_KiboPush  Dashboard/span_Broadcasting")): Object: 'Object Repository/Page_KiboPush  Dashboard/span_Broadcasting' is clicked on

2019-04-11 15:51:45 - [MESSAGE][PASSED] - Object: 'Object Repository/Page_KiboPush  Dashboard/span_Broadcasting' is clicked on

2019-04-11 15:51:45 - [TEST_STEP][PASSED] - delay(2): Delayed 2 second(s)

2019-04-11 15:51:47 - [MESSAGE][PASSED] - Delayed 2 second(s)

2019-04-11 15:51:47 - [TEST_STEP][PASSED] - click(findTestObject("Page_KiboPush  Dashboard/span_Surveys")): Object: 'Object Repository/Page_KiboPush  Dashboard/span_Surveys' is clicked on

2019-04-11 15:51:47 - [MESSAGE][PASSED] - Object: 'Object Repository/Page_KiboPush  Dashboard/span_Surveys' is clicked on

2019-04-11 15:51:47 - [TEST_STEP][PASSED] - delay(2): Delayed 2 second(s)

2019-04-11 15:51:49 - [MESSAGE][PASSED] - Delayed 2 second(s)

2019-04-11 15:51:49 - [TEST_STEP][PASSED] - click(findTestObject("Page_KiboPush  Survey/h3_Manage Surveys")): Object: 'Object Repository/Page_KiboPush  Survey/h3_Manage Surveys' is clicked on

2019-04-11 15:51:49 - [MESSAGE][PASSED] - Object: 'Object Repository/Page_KiboPush  Survey/h3_Manage Surveys' is clicked on

2019-04-11 15:51:49 - [MESSAGE][PASSED] - Call Test Case 'Test Cases/s-sidebar_navigation/individualAccount/survey' successfully

2019-04-11 15:51:49 - [TEST_STEP][PASSED] - click(findTestObject("Page_KiboPush  Survey/button_Create New (1)")): Object: 'Object Repository/Page_KiboPush  Survey/button_Create New (1)' is clicked on

2019-04-11 15:51:49 - [MESSAGE][PASSED] - Object: 'Object Repository/Page_KiboPush  Survey/button_Create New (1)' is clicked on

2019-04-11 15:51:49 - [TEST_STEP][PASSED] - click(findTestObject("Page_KiboPush  Survey/a_Use Template (3) (1)")): Object: 'Object Repository/Page_KiboPush  Survey/a_Use Template (3) (1)' is clicked on

2019-04-11 15:51:49 - [MESSAGE][PASSED] - Object: 'Object Repository/Page_KiboPush  Survey/a_Use Template (3) (1)' is clicked on

2019-04-11 15:51:49 - [TEST_STEP][PASSED] - delay(2): Delayed 2 second(s)

2019-04-11 15:51:51 - [MESSAGE][PASSED] - Delayed 2 second(s)

2019-04-11 15:51:51 - [TEST_STEP][PASSED] - click(findTestObject("Page_KiboEngage  Show Templates/a_Create New Survey (1)")): Object: 'Object Repository/Page_KiboEngage  Show Templates/a_Create New Survey (1)' is clicked on

2019-04-11 15:51:51 - [MESSAGE][PASSED] - Object: 'Object Repository/Page_KiboEngage  Show Templates/a_Create New Survey (1)' is clicked on

2019-04-11 15:51:51 - [TEST_STEP][FAILED] - click(findTestObject("Page_KiboEngage  Add Survey/h3_Create Survey Form (1)")): click(findTestObject("Page_KiboEngage  Add Survey/h3_Create Survey Form (1)")) FAILED.
Reason:
com.kms.katalon.core.exception.StepFailedException: Unable to click on object 'Object Repository/Page_KiboEngage  Add Survey/h3_Create Survey Form (1)'
	at com.kms.katalon.core.webui.keyword.internal.WebUIKeywordMain.stepFailed(WebUIKeywordMain.groovy:64)
	at com.kms.katalon.core.webui.keyword.internal.WebUIKeywordMain.runKeyword(WebUIKeywordMain.groovy:26)
	at com.kms.katalon.core.webui.keyword.builtin.ClickKeyword.click(ClickKeyword.groovy:86)
	at com.kms.katalon.core.webui.keyword.builtin.ClickKeyword.execute(ClickKeyword.groovy:67)
	at com.kms.katalon.core.keyword.internal.KeywordExecutor.executeKeywordForPlatform(KeywordExecutor.groovy:56)
	at com.kms.katalon.core.webui.keyword.WebUiBuiltInKeywords.click(WebUiBuiltInKeywords.groovy:616)
	at com.kms.katalon.core.webui.keyword.WebUiBuiltInKeywords$click$2.call(Unknown Source)
	at TC0213.run(TC0213:32)
	at com.kms.katalon.core.main.ScriptEngine.run(ScriptEngine.java:194)
	at com.kms.katalon.core.main.ScriptEngine.runScriptAsRawText(ScriptEngine.java:119)
	at com.kms.katalon.core.main.TestCaseExecutor.runScript(TestCaseExecutor.java:331)
	at com.kms.katalon.core.main.TestCaseExecutor.doExecute(TestCaseExecutor.java:322)
	at com.kms.katalon.core.main.TestCaseExecutor.processExecutionPhase(TestCaseExecutor.java:301)
	at com.kms.katalon.core.main.TestCaseExecutor.accessMainPhase(TestCaseExecutor.java:293)
	at com.kms.katalon.core.main.TestCaseExecutor.execute(TestCaseExecutor.java:227)
	at com.kms.katalon.core.main.TestSuiteExecutor.accessTestCaseMainPhase(TestSuiteExecutor.java:129)
	at com.kms.katalon.core.main.TestSuiteExecutor.accessTestSuiteMainPhase(TestSuiteExecutor.java:112)
	at com.kms.katalon.core.main.TestSuiteExecutor.execute(TestSuiteExecutor.java:81)
	at com.kms.katalon.core.main.TestCaseMain.startTestSuite(TestCaseMain.java:157)
	at com.kms.katalon.core.main.TestCaseMain$startTestSuite$0.call(Unknown Source)
	at TempTestSuite1554979075443.run(TempTestSuite1554979075443.groovy:35)
Caused by: com.kms.katalon.core.webui.exception.WebElementNotFoundException: Web element with id: 'Object Repository/Page_KiboEngage  Add Survey/h3_Create Survey Form (1)' located by 'By.xpath: //h3[@id = 'survey' and (text() = 'Create Survey Form' or . = 'Create Survey Form')]' not found
	at com.kms.katalon.core.webui.common.WebUiCommonHelper.findWebElement(WebUiCommonHelper.java:1053)
	at com.kms.katalon.core.webui.keyword.internal.WebUIAbstractKeyword.findWebElement(WebUIAbstractKeyword.groovy:27)
	at com.kms.katalon.core.webui.keyword.internal.WebUIAbstractKeyword.findWebElement(WebUIAbstractKeyword.groovy:26)
	at com.kms.katalon.core.webui.keyword.builtin.ClickKeyword$_click_closure1.doCall(ClickKeyword.groovy:77)
	at com.kms.katalon.core.webui.keyword.builtin.ClickKeyword$_click_closure1.call(ClickKeyword.groovy)
	at com.kms.katalon.core.webui.keyword.internal.WebUIKeywordMain.runKeyword(WebUIKeywordMain.groovy:20)
	at com.kms.katalon.core.webui.keyword.builtin.ClickKeyword.click(ClickKeyword.groovy:86)
	at com.kms.katalon.core.webui.keyword.builtin.ClickKeyword.execute(ClickKeyword.groovy:67)
	at com.kms.katalon.core.keyword.internal.KeywordExecutor.executeKeywordForPlatform(KeywordExecutor.groovy:56)
	at com.kms.katalon.core.webui.keyword.WebUiBuiltInKeywords.click(WebUiBuiltInKeywords.groovy:616)
	at com.kms.katalon.core.webui.keyword.WebUiBuiltInKeywords$click$2.call(Unknown Source)
	at Script1533911495663.run(Script1533911495663.groovy:32)
	... 13 more


2019-04-11 15:52:22 - [MESSAGE][INFO] - Unable to find the element located by 'By.xpath: //h3[@id = 'survey' and (text() = 'Create Survey Form' or . = 'Create Survey Form')]'. Please recheck the objects properties to make sure the desired element is located. 

2019-04-11 15:52:22 - [MESSAGE][FAILED] - Unable to click on object 'Object Repository/Page_KiboEngage  Add Survey/h3_Create Survey Form (1)' (Root cause: com.kms.katalon.core.exception.StepFailedException: Unable to click on object 'Object Repository/Page_KiboEngage  Add Survey/h3_Create Survey Form (1)'
	at com.kms.katalon.core.webui.keyword.internal.WebUIKeywordMain.stepFailed(WebUIKeywordMain.groovy:64)
	at com.kms.katalon.core.webui.keyword.internal.WebUIKeywordMain.runKeyword(WebUIKeywordMain.groovy:26)
	at com.kms.katalon.core.webui.keyword.builtin.ClickKeyword.click(ClickKeyword.groovy:86)
	at com.kms.katalon.core.webui.keyword.builtin.ClickKeyword.execute(ClickKeyword.groovy:67)
	at com.kms.katalon.core.keyword.internal.KeywordExecutor.executeKeywordForPlatform(KeywordExecutor.groovy:56)
	at com.kms.katalon.core.webui.keyword.WebUiBuiltInKeywords.click(WebUiBuiltInKeywords.groovy:616)
	at com.kms.katalon.core.webui.keyword.WebUiBuiltInKeywords$click$2.call(Unknown Source)
	at TC0213.run(TC0213:32)
	at com.kms.katalon.core.main.ScriptEngine.run(ScriptEngine.java:194)
	at com.kms.katalon.core.main.ScriptEngine.runScriptAsRawText(ScriptEngine.java:119)
	at com.kms.katalon.core.main.TestCaseExecutor.runScript(TestCaseExecutor.java:331)
	at com.kms.katalon.core.main.TestCaseExecutor.doExecute(TestCaseExecutor.java:322)
	at com.kms.katalon.core.main.TestCaseExecutor.processExecutionPhase(TestCaseExecutor.java:301)
	at com.kms.katalon.core.main.TestCaseExecutor.accessMainPhase(TestCaseExecutor.java:293)
	at com.kms.katalon.core.main.TestCaseExecutor.execute(TestCaseExecutor.java:227)
	at com.kms.katalon.core.main.TestSuiteExecutor.accessTestCaseMainPhase(TestSuiteExecutor.java:129)
	at com.kms.katalon.core.main.TestSuiteExecutor.accessTestSuiteMainPhase(TestSuiteExecutor.java:112)
	at com.kms.katalon.core.main.TestSuiteExecutor.execute(TestSuiteExecutor.java:81)
	at com.kms.katalon.core.main.TestCaseMain.startTestSuite(TestCaseMain.java:157)
	at com.kms.katalon.core.main.TestCaseMain$startTestSuite$0.call(Unknown Source)
	at TempTestSuite1554979075443.run(TempTestSuite1554979075443.groovy:35)
Caused by: com.kms.katalon.core.webui.exception.WebElementNotFoundException: Web element with id: 'Object Repository/Page_KiboEngage  Add Survey/h3_Create Survey Form (1)' located by 'By.xpath: //h3[@id = 'survey' and (text() = 'Create Survey Form' or . = 'Create Survey Form')]' not found
	at com.kms.katalon.core.webui.common.WebUiCommonHelper.findWebElement(WebUiCommonHelper.java:1053)
	at com.kms.katalon.core.webui.keyword.internal.WebUIAbstractKeyword.findWebElement(WebUIAbstractKeyword.groovy:27)
	at com.kms.katalon.core.webui.keyword.internal.WebUIAbstractKeyword.findWebElement(WebUIAbstractKeyword.groovy:26)
	at com.kms.katalon.core.webui.keyword.builtin.ClickKeyword$_click_closure1.doCall(ClickKeyword.groovy:77)
	at com.kms.katalon.core.webui.keyword.builtin.ClickKeyword$_click_closure1.call(ClickKeyword.groovy)
	at com.kms.katalon.core.webui.keyword.internal.WebUIKeywordMain.runKeyword(WebUIKeywordMain.groovy:20)
	at com.kms.katalon.core.webui.keyword.builtin.ClickKeyword.click(ClickKeyword.groovy:86)
	at com.kms.katalon.core.webui.keyword.builtin.ClickKeyword.execute(ClickKeyword.groovy:67)
	at com.kms.katalon.core.keyword.internal.KeywordExecutor.executeKeywordForPlatform(KeywordExecutor.groovy:56)
	at com.kms.katalon.core.webui.keyword.WebUiBuiltInKeywords.click(WebUiBuiltInKeywords.groovy:616)
	at com.kms.katalon.core.webui.keyword.WebUiBuiltInKeywords$click$2.call(Unknown Source)
	at Script1533911495663.run(Script1533911495663.groovy:32)
	... 13 more
)
[[ATTACHMENT|/home/cloudkibo-muzamil/Downloads/Test cases/production/KiboPush/Reports/survey/20190411_153755/1554979942528.png]]

2019-04-11 15:52:22 - [MESSAGE][FAILED] - click(findTestObject("Page_KiboEngage  Add Survey/h3_Create Survey Form (1)")) FAILED.
Reason:
com.kms.katalon.core.exception.StepFailedException: Unable to click on object 'Object Repository/Page_KiboEngage  Add Survey/h3_Create Survey Form (1)'
	at com.kms.katalon.core.webui.keyword.internal.WebUIKeywordMain.stepFailed(WebUIKeywordMain.groovy:64)
	at com.kms.katalon.core.webui.keyword.internal.WebUIKeywordMain.runKeyword(WebUIKeywordMain.groovy:26)
	at com.kms.katalon.core.webui.keyword.builtin.ClickKeyword.click(ClickKeyword.groovy:86)
	at com.kms.katalon.core.webui.keyword.builtin.ClickKeyword.execute(ClickKeyword.groovy:67)
	at com.kms.katalon.core.keyword.internal.KeywordExecutor.executeKeywordForPlatform(KeywordExecutor.groovy:56)
	at com.kms.katalon.core.webui.keyword.WebUiBuiltInKeywords.click(WebUiBuiltInKeywords.groovy:616)
	at com.kms.katalon.core.webui.keyword.WebUiBuiltInKeywords$click$2.call(Unknown Source)
	at TC0213.run(TC0213:32)
	at com.kms.katalon.core.main.ScriptEngine.run(ScriptEngine.java:194)
	at com.kms.katalon.core.main.ScriptEngine.runScriptAsRawText(ScriptEngine.java:119)
	at com.kms.katalon.core.main.TestCaseExecutor.runScript(TestCaseExecutor.java:331)
	at com.kms.katalon.core.main.TestCaseExecutor.doExecute(TestCaseExecutor.java:322)
	at com.kms.katalon.core.main.TestCaseExecutor.processExecutionPhase(TestCaseExecutor.java:301)
	at com.kms.katalon.core.main.TestCaseExecutor.accessMainPhase(TestCaseExecutor.java:293)
	at com.kms.katalon.core.main.TestCaseExecutor.execute(TestCaseExecutor.java:227)
	at com.kms.katalon.core.main.TestSuiteExecutor.accessTestCaseMainPhase(TestSuiteExecutor.java:129)
	at com.kms.katalon.core.main.TestSuiteExecutor.accessTestSuiteMainPhase(TestSuiteExecutor.java:112)
	at com.kms.katalon.core.main.TestSuiteExecutor.execute(TestSuiteExecutor.java:81)
	at com.kms.katalon.core.main.TestCaseMain.startTestSuite(TestCaseMain.java:157)
	at com.kms.katalon.core.main.TestCaseMain$startTestSuite$0.call(Unknown Source)
	at TempTestSuite1554979075443.run(TempTestSuite1554979075443.groovy:35)
Caused by: com.kms.katalon.core.webui.exception.WebElementNotFoundException: Web element with id: 'Object Repository/Page_KiboEngage  Add Survey/h3_Create Survey Form (1)' located by 'By.xpath: //h3[@id = 'survey' and (text() = 'Create Survey Form' or . = 'Create Survey Form')]' not found
	at com.kms.katalon.core.webui.common.WebUiCommonHelper.findWebElement(WebUiCommonHelper.java:1053)
	at com.kms.katalon.core.webui.keyword.internal.WebUIAbstractKeyword.findWebElement(WebUIAbstractKeyword.groovy:27)
	at com.kms.katalon.core.webui.keyword.internal.WebUIAbstractKeyword.findWebElement(WebUIAbstractKeyword.groovy:26)
	at com.kms.katalon.core.webui.keyword.builtin.ClickKeyword$_click_closure1.doCall(ClickKeyword.groovy:77)
	at com.kms.katalon.core.webui.keyword.builtin.ClickKeyword$_click_closure1.call(ClickKeyword.groovy)
	at com.kms.katalon.core.webui.keyword.internal.WebUIKeywordMain.runKeyword(WebUIKeywordMain.groovy:20)
	at com.kms.katalon.core.webui.keyword.builtin.ClickKeyword.click(ClickKeyword.groovy:86)
	at com.kms.katalon.core.webui.keyword.builtin.ClickKeyword.execute(ClickKeyword.groovy:67)
	at com.kms.katalon.core.keyword.internal.KeywordExecutor.executeKeywordForPlatform(KeywordExecutor.groovy:56)
	at com.kms.katalon.core.webui.keyword.WebUiBuiltInKeywords.click(WebUiBuiltInKeywords.groovy:616)
	at com.kms.katalon.core.webui.keyword.WebUiBuiltInKeywords$click$2.call(Unknown Source)
	at Script1533911495663.run(Script1533911495663.groovy:32)
	... 13 more]]></system-out>
         <system-err><![CDATA[2019-04-11 15:50:38 - [TEST_CASE][FAILED] - Test Cases/Survey Test Cases/TC0213: Test Cases/Survey Test Cases/TC0213 FAILED.
Reason:
com.kms.katalon.core.exception.StepFailedException: Unable to click on object 'Object Repository/Page_KiboEngage  Add Survey/h3_Create Survey Form (1)'
	at com.kms.katalon.core.webui.keyword.internal.WebUIKeywordMain.stepFailed(WebUIKeywordMain.groovy:64)
	at com.kms.katalon.core.webui.keyword.internal.WebUIKeywordMain.runKeyword(WebUIKeywordMain.groovy:26)
	at com.kms.katalon.core.webui.keyword.builtin.ClickKeyword.click(ClickKeyword.groovy:86)
	at com.kms.katalon.core.webui.keyword.builtin.ClickKeyword.execute(ClickKeyword.groovy:67)
	at com.kms.katalon.core.keyword.internal.KeywordExecutor.executeKeywordForPlatform(KeywordExecutor.groovy:56)
	at com.kms.katalon.core.webui.keyword.WebUiBuiltInKeywords.click(WebUiBuiltInKeywords.groovy:616)
	at com.kms.katalon.core.webui.keyword.WebUiBuiltInKeywords$click$2.call(Unknown Source)
	at TC0213.run(TC0213:32)
	at com.kms.katalon.core.main.ScriptEngine.run(ScriptEngine.java:194)
	at com.kms.katalon.core.main.ScriptEngine.runScriptAsRawText(ScriptEngine.java:119)
	at com.kms.katalon.core.main.TestCaseExecutor.runScript(TestCaseExecutor.java:331)
	at com.kms.katalon.core.main.TestCaseExecutor.doExecute(TestCaseExecutor.java:322)
	at com.kms.katalon.core.main.TestCaseExecutor.processExecutionPhase(TestCaseExecutor.java:301)
	at com.kms.katalon.core.main.TestCaseExecutor.accessMainPhase(TestCaseExecutor.java:293)
	at com.kms.katalon.core.main.TestCaseExecutor.execute(TestCaseExecutor.java:227)
	at com.kms.katalon.core.main.TestSuiteExecutor.accessTestCaseMainPhase(TestSuiteExecutor.java:129)
	at com.kms.katalon.core.main.TestSuiteExecutor.accessTestSuiteMainPhase(TestSuiteExecutor.java:112)
	at com.kms.katalon.core.main.TestSuiteExecutor.execute(TestSuiteExecutor.java:81)
	at com.kms.katalon.core.main.TestCaseMain.startTestSuite(TestCaseMain.java:157)
	at com.kms.katalon.core.main.TestCaseMain$startTestSuite$0.call(Unknown Source)
	at TempTestSuite1554979075443.run(TempTestSuite1554979075443.groovy:35)
Caused by: com.kms.katalon.core.webui.exception.WebElementNotFoundException: Web element with id: 'Object Repository/Page_KiboEngage  Add Survey/h3_Create Survey Form (1)' located by 'By.xpath: //h3[@id = 'survey' and (text() = 'Create Survey Form' or . = 'Create Survey Form')]' not found
	at com.kms.katalon.core.webui.common.WebUiCommonHelper.findWebElement(WebUiCommonHelper.java:1053)
	at com.kms.katalon.core.webui.keyword.internal.WebUIAbstractKeyword.findWebElement(WebUIAbstractKeyword.groovy:27)
	at com.kms.katalon.core.webui.keyword.internal.WebUIAbstractKeyword.findWebElement(WebUIAbstractKeyword.groovy:26)
	at com.kms.katalon.core.webui.keyword.builtin.ClickKeyword$_click_closure1.doCall(ClickKeyword.groovy:77)
	at com.kms.katalon.core.webui.keyword.builtin.ClickKeyword$_click_closure1.call(ClickKeyword.groovy)
	at com.kms.katalon.core.webui.keyword.internal.WebUIKeywordMain.runKeyword(WebUIKeywordMain.groovy:20)
	at com.kms.katalon.core.webui.keyword.builtin.ClickKeyword.click(ClickKeyword.groovy:86)
	at com.kms.katalon.core.webui.keyword.builtin.ClickKeyword.execute(ClickKeyword.groovy:67)
	at com.kms.katalon.core.keyword.internal.KeywordExecutor.executeKeywordForPlatform(KeywordExecutor.groovy:56)
	at com.kms.katalon.core.webui.keyword.WebUiBuiltInKeywords.click(WebUiBuiltInKeywords.groovy:616)
	at com.kms.katalon.core.webui.keyword.WebUiBuiltInKeywords$click$2.call(Unknown Source)
	at Script1533911495663.run(Script1533911495663.groovy:32)
	... 13 more]]></system-err>
      </testcase>
      <testcase name="Test Cases/Survey Test Cases/TC0214" classname="Test Cases/Survey Test Cases/TC0214" status="PASSED">
         <system-out><![CDATA[2019-04-11 15:52:22 - [TEST_CASE][PASSED] - Test Cases/Survey Test Cases/TC0214: Test Cases/Survey Test Cases/TC0214

2019-04-11 15:52:22 - [TEST_STEP][PASSED] - callTestCase(findTestCase("s-sidebar_navigation/individualAccount/survey"), [:], STOP_ON_FAILURE): Call Test Case 'Test Cases/s-sidebar_navigation/individualAccount/survey' successfully

2019-04-11 15:52:22 - [TEST_CASE][PASSED] - Test Cases/s-sidebar_navigation/individualAccount/survey: Test Cases/s-sidebar_navigation/individualAccount/survey

2019-04-11 15:52:22 - [TEST_STEP][PASSED] - callTestCase(findTestCase("s-sidebar_navigation/individualAccount/Login_Muzamil - Staging"), [:], STOP_ON_FAILURE): Call Test Case 'Test Cases/s-sidebar_navigation/individualAccount/Login_Muzamil - Staging' successfully

2019-04-11 15:52:22 - [TEST_CASE][PASSED] - Test Cases/s-sidebar_navigation/individualAccount/Login_Muzamil - Staging: Test Cases/s-sidebar_navigation/individualAccount/Login_Muzamil - Staging

2019-04-11 15:52:22 - [TEST_STEP][PASSED] - openBrowser(""): Browser is opened with url: ''

2019-04-11 15:52:22 - [MESSAGE][WARNING] - A browser is already opened. Closing browser and opening a new one

2019-04-11 15:52:23 - [MESSAGE][INFO] - Starting 'Chrome' driver

2019-04-11 15:52:23 - [MESSAGE][PASSED] - Browser is opened with url: ''

2019-04-11 15:52:23 - [TEST_STEP][PASSED] - maximizeWindow(): Current window maximized

2019-04-11 15:52:23 - [MESSAGE][PASSED] - Current window maximized

2019-04-11 15:52:23 - [TEST_STEP][PASSED] - navigateToUrl("https://saccounts.cloudkibo.com/?continue=https://skiboengage.cloudkibo.com"): Navigate to 'https://saccounts.cloudkibo.com/?continue=https://skiboengage.cloudkibo.com' successfully

2019-04-11 15:52:38 - [MESSAGE][PASSED] - Navigate to 'https://saccounts.cloudkibo.com/?continue=https://skiboengage.cloudkibo.com' successfully

2019-04-11 15:52:38 - [TEST_STEP][PASSED] - delay(2): Delayed 2 second(s)

2019-04-11 15:52:40 - [MESSAGE][PASSED] - Delayed 2 second(s)

2019-04-11 15:52:40 - [TEST_STEP][PASSED] - click(findTestObject("Page_CloudKibo/a_Login (4)")): Object: 'Object Repository/Page_CloudKibo/a_Login (4)' is clicked on

2019-04-11 15:52:41 - [MESSAGE][PASSED] - Object: 'Object Repository/Page_CloudKibo/a_Login (4)' is clicked on

2019-04-11 15:52:41 - [TEST_STEP][PASSED] - setText(findTestObject("Page_CloudKibo/input_Sign In_email (3)"), "muzamil.bukhari.39@gmail.com"): Text 'muzamil.bukhari.39@gmail.com' is set on object 'Object Repository/Page_CloudKibo/input_Sign In_email (3)'

2019-04-11 15:52:42 - [MESSAGE][PASSED] - Text 'muzamil.bukhari.39@gmail.com' is set on object 'Object Repository/Page_CloudKibo/input_Sign In_email (3)'

2019-04-11 15:52:42 - [TEST_STEP][PASSED] - setEncryptedText(findTestObject("Page_CloudKibo/input_Sign In_password (3)"), "ZOMPkeJIpHVS6OGLcNHjig=="): Text ****** has been set on object 'Object Repository/Page_CloudKibo/input_Sign In_password (3)'

2019-04-11 15:52:42 - [MESSAGE][PASSED] - Text ****** has been set on object 'Object Repository/Page_CloudKibo/input_Sign In_password (3)'

2019-04-11 15:52:42 - [TEST_STEP][PASSED] - click(findTestObject("Page_CloudKibo/button_Sign In (7)")): Object: 'Object Repository/Page_CloudKibo/button_Sign In (7)' is clicked on

2019-04-11 15:52:42 - [MESSAGE][PASSED] - Object: 'Object Repository/Page_CloudKibo/button_Sign In (7)' is clicked on

2019-04-11 15:52:42 - [TEST_STEP][PASSED] - click(findTestObject("Page_KiboEngage  Dashboard/h4_KIBOPUSH (2)")): Object: 'Object Repository/Page_KiboEngage  Dashboard/h4_KIBOPUSH (2)' is clicked on

2019-04-11 15:53:18 - [MESSAGE][PASSED] - Object: 'Object Repository/Page_KiboEngage  Dashboard/h4_KIBOPUSH (2)' is clicked on

2019-04-11 15:53:18 - [MESSAGE][PASSED] - Call Test Case 'Test Cases/s-sidebar_navigation/individualAccount/Login_Muzamil - Staging' successfully

2019-04-11 15:53:18 - [TEST_STEP][PASSED] - click(findTestObject("Page_KiboPush  Dashboard/span_Broadcasting")): Object: 'Object Repository/Page_KiboPush  Dashboard/span_Broadcasting' is clicked on

2019-04-11 15:53:18 - [MESSAGE][PASSED] - Object: 'Object Repository/Page_KiboPush  Dashboard/span_Broadcasting' is clicked on

2019-04-11 15:53:18 - [TEST_STEP][PASSED] - delay(2): Delayed 2 second(s)

2019-04-11 15:53:20 - [MESSAGE][PASSED] - Delayed 2 second(s)

2019-04-11 15:53:20 - [TEST_STEP][PASSED] - click(findTestObject("Page_KiboPush  Dashboard/span_Surveys")): Object: 'Object Repository/Page_KiboPush  Dashboard/span_Surveys' is clicked on

2019-04-11 15:53:21 - [MESSAGE][PASSED] - Object: 'Object Repository/Page_KiboPush  Dashboard/span_Surveys' is clicked on

2019-04-11 15:53:21 - [TEST_STEP][PASSED] - delay(2): Delayed 2 second(s)

2019-04-11 15:53:23 - [MESSAGE][PASSED] - Delayed 2 second(s)

2019-04-11 15:53:23 - [TEST_STEP][PASSED] - click(findTestObject("Page_KiboPush  Survey/h3_Manage Surveys")): Object: 'Object Repository/Page_KiboPush  Survey/h3_Manage Surveys' is clicked on

2019-04-11 15:53:23 - [MESSAGE][PASSED] - Object: 'Object Repository/Page_KiboPush  Survey/h3_Manage Surveys' is clicked on

2019-04-11 15:53:23 - [MESSAGE][PASSED] - Call Test Case 'Test Cases/s-sidebar_navigation/individualAccount/survey' successfully

2019-04-11 15:53:23 - [TEST_STEP][PASSED] - click(findTestObject("Page_KiboPush  Survey/button_Create New")): Object: 'Object Repository/Page_KiboPush  Survey/button_Create New' is clicked on

2019-04-11 15:53:23 - [MESSAGE][PASSED] - Object: 'Object Repository/Page_KiboPush  Survey/button_Create New' is clicked on

2019-04-11 15:53:23 - [TEST_STEP][PASSED] - click(findTestObject("Page_KiboPush  Survey/a_Use Template")): Object: 'Object Repository/Page_KiboPush  Survey/a_Use Template' is clicked on

2019-04-11 15:53:23 - [MESSAGE][PASSED] - Object: 'Object Repository/Page_KiboPush  Survey/a_Use Template' is clicked on

2019-04-11 15:53:23 - [TEST_STEP][PASSED] - driver = getWebDriver(): null

2019-04-11 15:53:23 - [TEST_STEP][PASSED] - try: Actual object '1' and expected object '1' are equal

2019-04-11 15:53:23 - [TEST_STEP][PASSED] - rows_table = driver.findElements(By.xpath(".//*[@id="m_widget4_tab1_content"]/div")): null

2019-04-11 15:53:23 - [TEST_STEP][PASSED] - rows_count = rows_table.size(): null

2019-04-11 15:53:23 - [TEST_STEP][PASSED] - verifyEqual(rows_count.toString(), "1"): Actual object '1' and expected object '1' are equal

2019-04-11 15:53:23 - [MESSAGE][PASSED] - Actual object '1' and expected object '1' are equal]]></system-out>
         <system-err><![CDATA[]]></system-err>
      </testcase>
      <testcase name="Test Cases/Survey Test Cases/TC0216" classname="Test Cases/Survey Test Cases/TC0216" status="FAILED">
         <failure type="FAILED" message="Test Cases/Survey Test Cases/TC0216 FAILED.
Reason:
com.kms.katalon.core.exception.StepFailedException: Unable to click on object 'Object Repository/Page_KiboPush  Survey/a_Edit Template'
	at com.kms.katalon.core.webui.keyword.internal.WebUIKeywordMain.stepFailed(WebUIKeywordMain.groovy:64)
	at com.kms.katalon.core.webui.keyword.internal.WebUIKeywordMain.runKeyword(WebUIKeywordMain.groovy:26)
	at com.kms.katalon.core.webui.keyword.builtin.ClickKeyword.click(ClickKeyword.groovy:86)
	at com.kms.katalon.core.webui.keyword.builtin.ClickKeyword.execute(ClickKeyword.groovy:67)
	at com.kms.katalon.core.keyword.internal.KeywordExecutor.executeKeywordForPlatform(KeywordExecutor.groovy:56)
	at com.kms.katalon.core.webui.keyword.WebUiBuiltInKeywords.click(WebUiBuiltInKeywords.groovy:616)
	at com.kms.katalon.core.webui.keyword.WebUiBuiltInKeywords$click$2.call(Unknown Source)
	at TC0216.run(TC0216:36)
	at com.kms.katalon.core.main.ScriptEngine.run(ScriptEngine.java:194)
	at com.kms.katalon.core.main.ScriptEngine.runScriptAsRawText(ScriptEngine.java:119)
	at com.kms.katalon.core.main.TestCaseExecutor.runScript(TestCaseExecutor.java:331)
	at com.kms.katalon.core.main.TestCaseExecutor.doExecute(TestCaseExecutor.java:322)
	at com.kms.katalon.core.main.TestCaseExecutor.processExecutionPhase(TestCaseExecutor.java:301)
	at com.kms.katalon.core.main.TestCaseExecutor.accessMainPhase(TestCaseExecutor.java:293)
	at com.kms.katalon.core.main.TestCaseExecutor.execute(TestCaseExecutor.java:227)
	at com.kms.katalon.core.main.TestSuiteExecutor.accessTestCaseMainPhase(TestSuiteExecutor.java:129)
	at com.kms.katalon.core.main.TestSuiteExecutor.accessTestSuiteMainPhase(TestSuiteExecutor.java:112)
	at com.kms.katalon.core.main.TestSuiteExecutor.execute(TestSuiteExecutor.java:81)
	at com.kms.katalon.core.main.TestCaseMain.startTestSuite(TestCaseMain.java:157)
	at com.kms.katalon.core.main.TestCaseMain$startTestSuite$0.call(Unknown Source)
	at TempTestSuite1554979075443.run(TempTestSuite1554979075443.groovy:35)
Caused by: com.kms.katalon.core.webui.exception.WebElementNotFoundException: Web element with id: 'Object Repository/Page_KiboPush  Survey/a_Edit Template' located by 'By.xpath: //a[@href = '/editTemplateSurvey' and (text() = 'Edit Template' or . = 'Edit Template')]' not found
	at com.kms.katalon.core.webui.common.WebUiCommonHelper.findWebElement(WebUiCommonHelper.java:1053)
	at com.kms.katalon.core.webui.keyword.internal.WebUIAbstractKeyword.findWebElement(WebUIAbstractKeyword.groovy:27)
	at com.kms.katalon.core.webui.keyword.internal.WebUIAbstractKeyword.findWebElement(WebUIAbstractKeyword.groovy:26)
	at com.kms.katalon.core.webui.keyword.builtin.ClickKeyword$_click_closure1.doCall(ClickKeyword.groovy:77)
	at com.kms.katalon.core.webui.keyword.builtin.ClickKeyword$_click_closure1.call(ClickKeyword.groovy)
	at com.kms.katalon.core.webui.keyword.internal.WebUIKeywordMain.runKeyword(WebUIKeywordMain.groovy:20)
	at com.kms.katalon.core.webui.keyword.builtin.ClickKeyword.click(ClickKeyword.groovy:86)
	at com.kms.katalon.core.webui.keyword.builtin.ClickKeyword.execute(ClickKeyword.groovy:67)
	at com.kms.katalon.core.keyword.internal.KeywordExecutor.executeKeywordForPlatform(KeywordExecutor.groovy:56)
	at com.kms.katalon.core.webui.keyword.WebUiBuiltInKeywords.click(WebUiBuiltInKeywords.groovy:616)
	at com.kms.katalon.core.webui.keyword.WebUiBuiltInKeywords$click$2.call(Unknown Source)
	at Script1533921449861.run(Script1533921449861.groovy:36)
	... 13 more
"/>
         <system-out><![CDATA[2019-04-11 15:53:23 - [TEST_CASE][FAILED] - Test Cases/Survey Test Cases/TC0216: Test Cases/Survey Test Cases/TC0216 FAILED.
Reason:
com.kms.katalon.core.exception.StepFailedException: Unable to click on object 'Object Repository/Page_KiboPush  Survey/a_Edit Template'
	at com.kms.katalon.core.webui.keyword.internal.WebUIKeywordMain.stepFailed(WebUIKeywordMain.groovy:64)
	at com.kms.katalon.core.webui.keyword.internal.WebUIKeywordMain.runKeyword(WebUIKeywordMain.groovy:26)
	at com.kms.katalon.core.webui.keyword.builtin.ClickKeyword.click(ClickKeyword.groovy:86)
	at com.kms.katalon.core.webui.keyword.builtin.ClickKeyword.execute(ClickKeyword.groovy:67)
	at com.kms.katalon.core.keyword.internal.KeywordExecutor.executeKeywordForPlatform(KeywordExecutor.groovy:56)
	at com.kms.katalon.core.webui.keyword.WebUiBuiltInKeywords.click(WebUiBuiltInKeywords.groovy:616)
	at com.kms.katalon.core.webui.keyword.WebUiBuiltInKeywords$click$2.call(Unknown Source)
	at TC0216.run(TC0216:36)
	at com.kms.katalon.core.main.ScriptEngine.run(ScriptEngine.java:194)
	at com.kms.katalon.core.main.ScriptEngine.runScriptAsRawText(ScriptEngine.java:119)
	at com.kms.katalon.core.main.TestCaseExecutor.runScript(TestCaseExecutor.java:331)
	at com.kms.katalon.core.main.TestCaseExecutor.doExecute(TestCaseExecutor.java:322)
	at com.kms.katalon.core.main.TestCaseExecutor.processExecutionPhase(TestCaseExecutor.java:301)
	at com.kms.katalon.core.main.TestCaseExecutor.accessMainPhase(TestCaseExecutor.java:293)
	at com.kms.katalon.core.main.TestCaseExecutor.execute(TestCaseExecutor.java:227)
	at com.kms.katalon.core.main.TestSuiteExecutor.accessTestCaseMainPhase(TestSuiteExecutor.java:129)
	at com.kms.katalon.core.main.TestSuiteExecutor.accessTestSuiteMainPhase(TestSuiteExecutor.java:112)
	at com.kms.katalon.core.main.TestSuiteExecutor.execute(TestSuiteExecutor.java:81)
	at com.kms.katalon.core.main.TestCaseMain.startTestSuite(TestCaseMain.java:157)
	at com.kms.katalon.core.main.TestCaseMain$startTestSuite$0.call(Unknown Source)
	at TempTestSuite1554979075443.run(TempTestSuite1554979075443.groovy:35)
Caused by: com.kms.katalon.core.webui.exception.WebElementNotFoundException: Web element with id: 'Object Repository/Page_KiboPush  Survey/a_Edit Template' located by 'By.xpath: //a[@href = '/editTemplateSurvey' and (text() = 'Edit Template' or . = 'Edit Template')]' not found
	at com.kms.katalon.core.webui.common.WebUiCommonHelper.findWebElement(WebUiCommonHelper.java:1053)
	at com.kms.katalon.core.webui.keyword.internal.WebUIAbstractKeyword.findWebElement(WebUIAbstractKeyword.groovy:27)
	at com.kms.katalon.core.webui.keyword.internal.WebUIAbstractKeyword.findWebElement(WebUIAbstractKeyword.groovy:26)
	at com.kms.katalon.core.webui.keyword.builtin.ClickKeyword$_click_closure1.doCall(ClickKeyword.groovy:77)
	at com.kms.katalon.core.webui.keyword.builtin.ClickKeyword$_click_closure1.call(ClickKeyword.groovy)
	at com.kms.katalon.core.webui.keyword.internal.WebUIKeywordMain.runKeyword(WebUIKeywordMain.groovy:20)
	at com.kms.katalon.core.webui.keyword.builtin.ClickKeyword.click(ClickKeyword.groovy:86)
	at com.kms.katalon.core.webui.keyword.builtin.ClickKeyword.execute(ClickKeyword.groovy:67)
	at com.kms.katalon.core.keyword.internal.KeywordExecutor.executeKeywordForPlatform(KeywordExecutor.groovy:56)
	at com.kms.katalon.core.webui.keyword.WebUiBuiltInKeywords.click(WebUiBuiltInKeywords.groovy:616)
	at com.kms.katalon.core.webui.keyword.WebUiBuiltInKeywords$click$2.call(Unknown Source)
	at Script1533921449861.run(Script1533921449861.groovy:36)
	... 13 more


2019-04-11 15:53:23 - [TEST_STEP][PASSED] - callTestCase(findTestCase("s-sidebar_navigation/individualAccount/survey"), [:], STOP_ON_FAILURE): Call Test Case 'Test Cases/s-sidebar_navigation/individualAccount/survey' successfully

2019-04-11 15:53:23 - [TEST_CASE][PASSED] - Test Cases/s-sidebar_navigation/individualAccount/survey: Test Cases/s-sidebar_navigation/individualAccount/survey

2019-04-11 15:53:23 - [TEST_STEP][PASSED] - callTestCase(findTestCase("s-sidebar_navigation/individualAccount/Login_Muzamil - Staging"), [:], STOP_ON_FAILURE): Call Test Case 'Test Cases/s-sidebar_navigation/individualAccount/Login_Muzamil - Staging' successfully

2019-04-11 15:53:23 - [TEST_CASE][PASSED] - Test Cases/s-sidebar_navigation/individualAccount/Login_Muzamil - Staging: Test Cases/s-sidebar_navigation/individualAccount/Login_Muzamil - Staging

2019-04-11 15:53:23 - [TEST_STEP][PASSED] - openBrowser(""): Browser is opened with url: ''

2019-04-11 15:53:23 - [MESSAGE][WARNING] - A browser is already opened. Closing browser and opening a new one

2019-04-11 15:53:23 - [MESSAGE][INFO] - Starting 'Chrome' driver

2019-04-11 15:53:24 - [MESSAGE][PASSED] - Browser is opened with url: ''

2019-04-11 15:53:24 - [TEST_STEP][PASSED] - maximizeWindow(): Current window maximized

2019-04-11 15:53:24 - [MESSAGE][PASSED] - Current window maximized

2019-04-11 15:53:24 - [TEST_STEP][PASSED] - navigateToUrl("https://saccounts.cloudkibo.com/?continue=https://skiboengage.cloudkibo.com"): Navigate to 'https://saccounts.cloudkibo.com/?continue=https://skiboengage.cloudkibo.com' successfully

2019-04-11 15:53:38 - [MESSAGE][PASSED] - Navigate to 'https://saccounts.cloudkibo.com/?continue=https://skiboengage.cloudkibo.com' successfully

2019-04-11 15:53:38 - [TEST_STEP][PASSED] - delay(2): Delayed 2 second(s)

2019-04-11 15:53:40 - [MESSAGE][PASSED] - Delayed 2 second(s)

2019-04-11 15:53:40 - [TEST_STEP][PASSED] - click(findTestObject("Page_CloudKibo/a_Login (4)")): Object: 'Object Repository/Page_CloudKibo/a_Login (4)' is clicked on

2019-04-11 15:53:41 - [MESSAGE][PASSED] - Object: 'Object Repository/Page_CloudKibo/a_Login (4)' is clicked on

2019-04-11 15:53:41 - [TEST_STEP][PASSED] - setText(findTestObject("Page_CloudKibo/input_Sign In_email (3)"), "muzamil.bukhari.39@gmail.com"): Text 'muzamil.bukhari.39@gmail.com' is set on object 'Object Repository/Page_CloudKibo/input_Sign In_email (3)'

2019-04-11 15:53:41 - [MESSAGE][PASSED] - Text 'muzamil.bukhari.39@gmail.com' is set on object 'Object Repository/Page_CloudKibo/input_Sign In_email (3)'

2019-04-11 15:53:41 - [TEST_STEP][PASSED] - setEncryptedText(findTestObject("Page_CloudKibo/input_Sign In_password (3)"), "ZOMPkeJIpHVS6OGLcNHjig=="): Text ****** has been set on object 'Object Repository/Page_CloudKibo/input_Sign In_password (3)'

2019-04-11 15:53:42 - [MESSAGE][PASSED] - Text ****** has been set on object 'Object Repository/Page_CloudKibo/input_Sign In_password (3)'

2019-04-11 15:53:42 - [TEST_STEP][PASSED] - click(findTestObject("Page_CloudKibo/button_Sign In (7)")): Object: 'Object Repository/Page_CloudKibo/button_Sign In (7)' is clicked on

2019-04-11 15:53:42 - [MESSAGE][PASSED] - Object: 'Object Repository/Page_CloudKibo/button_Sign In (7)' is clicked on

2019-04-11 15:53:42 - [TEST_STEP][PASSED] - click(findTestObject("Page_KiboEngage  Dashboard/h4_KIBOPUSH (2)")): Object: 'Object Repository/Page_KiboEngage  Dashboard/h4_KIBOPUSH (2)' is clicked on

2019-04-11 15:54:28 - [MESSAGE][PASSED] - Object: 'Object Repository/Page_KiboEngage  Dashboard/h4_KIBOPUSH (2)' is clicked on

2019-04-11 15:54:28 - [MESSAGE][PASSED] - Call Test Case 'Test Cases/s-sidebar_navigation/individualAccount/Login_Muzamil - Staging' successfully

2019-04-11 15:54:28 - [TEST_STEP][PASSED] - click(findTestObject("Page_KiboPush  Dashboard/span_Broadcasting")): Object: 'Object Repository/Page_KiboPush  Dashboard/span_Broadcasting' is clicked on

2019-04-11 15:54:28 - [MESSAGE][PASSED] - Object: 'Object Repository/Page_KiboPush  Dashboard/span_Broadcasting' is clicked on

2019-04-11 15:54:28 - [TEST_STEP][PASSED] - delay(2): Delayed 2 second(s)

2019-04-11 15:54:30 - [MESSAGE][PASSED] - Delayed 2 second(s)

2019-04-11 15:54:30 - [TEST_STEP][PASSED] - click(findTestObject("Page_KiboPush  Dashboard/span_Surveys")): Object: 'Object Repository/Page_KiboPush  Dashboard/span_Surveys' is clicked on

2019-04-11 15:54:30 - [MESSAGE][PASSED] - Object: 'Object Repository/Page_KiboPush  Dashboard/span_Surveys' is clicked on

2019-04-11 15:54:30 - [TEST_STEP][PASSED] - delay(2): Delayed 2 second(s)

2019-04-11 15:54:32 - [MESSAGE][PASSED] - Delayed 2 second(s)

2019-04-11 15:54:32 - [TEST_STEP][PASSED] - click(findTestObject("Page_KiboPush  Survey/h3_Manage Surveys")): Object: 'Object Repository/Page_KiboPush  Survey/h3_Manage Surveys' is clicked on

2019-04-11 15:54:32 - [MESSAGE][PASSED] - Object: 'Object Repository/Page_KiboPush  Survey/h3_Manage Surveys' is clicked on

2019-04-11 15:54:32 - [MESSAGE][PASSED] - Call Test Case 'Test Cases/s-sidebar_navigation/individualAccount/survey' successfully

2019-04-11 15:54:32 - [TEST_STEP][PASSED] - click(findTestObject("Page_KiboPush  Survey/button_Create New (3) (1)")): Object: 'Object Repository/Page_KiboPush  Survey/button_Create New (3) (1)' is clicked on

2019-04-11 15:54:32 - [MESSAGE][PASSED] - Object: 'Object Repository/Page_KiboPush  Survey/button_Create New (3) (1)' is clicked on

2019-04-11 15:54:32 - [TEST_STEP][PASSED] - click(findTestObject("Page_KiboPush  Survey/a_Use Template (1) (1) (1) (3)")): Object: 'Object Repository/Page_KiboPush  Survey/a_Use Template (1) (1) (1) (3)' is clicked on

2019-04-11 15:54:32 - [MESSAGE][PASSED] - Object: 'Object Repository/Page_KiboPush  Survey/a_Use Template (1) (1) (1) (3)' is clicked on

2019-04-11 15:54:32 - [TEST_STEP][PASSED] - delay(2): Delayed 2 second(s)

2019-04-11 15:54:34 - [MESSAGE][PASSED] - Delayed 2 second(s)

2019-04-11 15:54:34 - [TEST_STEP][FAILED] - click(findTestObject("Page_KiboPush  Survey/a_Edit Template")): click(findTestObject("Page_KiboPush  Survey/a_Edit Template")) FAILED.
Reason:
com.kms.katalon.core.exception.StepFailedException: Unable to click on object 'Object Repository/Page_KiboPush  Survey/a_Edit Template'
	at com.kms.katalon.core.webui.keyword.internal.WebUIKeywordMain.stepFailed(WebUIKeywordMain.groovy:64)
	at com.kms.katalon.core.webui.keyword.internal.WebUIKeywordMain.runKeyword(WebUIKeywordMain.groovy:26)
	at com.kms.katalon.core.webui.keyword.builtin.ClickKeyword.click(ClickKeyword.groovy:86)
	at com.kms.katalon.core.webui.keyword.builtin.ClickKeyword.execute(ClickKeyword.groovy:67)
	at com.kms.katalon.core.keyword.internal.KeywordExecutor.executeKeywordForPlatform(KeywordExecutor.groovy:56)
	at com.kms.katalon.core.webui.keyword.WebUiBuiltInKeywords.click(WebUiBuiltInKeywords.groovy:616)
	at com.kms.katalon.core.webui.keyword.WebUiBuiltInKeywords$click$2.call(Unknown Source)
	at TC0216.run(TC0216:36)
	at com.kms.katalon.core.main.ScriptEngine.run(ScriptEngine.java:194)
	at com.kms.katalon.core.main.ScriptEngine.runScriptAsRawText(ScriptEngine.java:119)
	at com.kms.katalon.core.main.TestCaseExecutor.runScript(TestCaseExecutor.java:331)
	at com.kms.katalon.core.main.TestCaseExecutor.doExecute(TestCaseExecutor.java:322)
	at com.kms.katalon.core.main.TestCaseExecutor.processExecutionPhase(TestCaseExecutor.java:301)
	at com.kms.katalon.core.main.TestCaseExecutor.accessMainPhase(TestCaseExecutor.java:293)
	at com.kms.katalon.core.main.TestCaseExecutor.execute(TestCaseExecutor.java:227)
	at com.kms.katalon.core.main.TestSuiteExecutor.accessTestCaseMainPhase(TestSuiteExecutor.java:129)
	at com.kms.katalon.core.main.TestSuiteExecutor.accessTestSuiteMainPhase(TestSuiteExecutor.java:112)
	at com.kms.katalon.core.main.TestSuiteExecutor.execute(TestSuiteExecutor.java:81)
	at com.kms.katalon.core.main.TestCaseMain.startTestSuite(TestCaseMain.java:157)
	at com.kms.katalon.core.main.TestCaseMain$startTestSuite$0.call(Unknown Source)
	at TempTestSuite1554979075443.run(TempTestSuite1554979075443.groovy:35)
Caused by: com.kms.katalon.core.webui.exception.WebElementNotFoundException: Web element with id: 'Object Repository/Page_KiboPush  Survey/a_Edit Template' located by 'By.xpath: //a[@href = '/editTemplateSurvey' and (text() = 'Edit Template' or . = 'Edit Template')]' not found
	at com.kms.katalon.core.webui.common.WebUiCommonHelper.findWebElement(WebUiCommonHelper.java:1053)
	at com.kms.katalon.core.webui.keyword.internal.WebUIAbstractKeyword.findWebElement(WebUIAbstractKeyword.groovy:27)
	at com.kms.katalon.core.webui.keyword.internal.WebUIAbstractKeyword.findWebElement(WebUIAbstractKeyword.groovy:26)
	at com.kms.katalon.core.webui.keyword.builtin.ClickKeyword$_click_closure1.doCall(ClickKeyword.groovy:77)
	at com.kms.katalon.core.webui.keyword.builtin.ClickKeyword$_click_closure1.call(ClickKeyword.groovy)
	at com.kms.katalon.core.webui.keyword.internal.WebUIKeywordMain.runKeyword(WebUIKeywordMain.groovy:20)
	at com.kms.katalon.core.webui.keyword.builtin.ClickKeyword.click(ClickKeyword.groovy:86)
	at com.kms.katalon.core.webui.keyword.builtin.ClickKeyword.execute(ClickKeyword.groovy:67)
	at com.kms.katalon.core.keyword.internal.KeywordExecutor.executeKeywordForPlatform(KeywordExecutor.groovy:56)
	at com.kms.katalon.core.webui.keyword.WebUiBuiltInKeywords.click(WebUiBuiltInKeywords.groovy:616)
	at com.kms.katalon.core.webui.keyword.WebUiBuiltInKeywords$click$2.call(Unknown Source)
	at Script1533921449861.run(Script1533921449861.groovy:36)
	... 13 more


2019-04-11 15:55:05 - [MESSAGE][INFO] - Unable to find the element located by 'By.xpath: //a[@href = '/editTemplateSurvey' and (text() = 'Edit Template' or . = 'Edit Template')]'. Please recheck the objects properties to make sure the desired element is located. 

2019-04-11 15:55:05 - [MESSAGE][FAILED] - Unable to click on object 'Object Repository/Page_KiboPush  Survey/a_Edit Template' (Root cause: com.kms.katalon.core.exception.StepFailedException: Unable to click on object 'Object Repository/Page_KiboPush  Survey/a_Edit Template'
	at com.kms.katalon.core.webui.keyword.internal.WebUIKeywordMain.stepFailed(WebUIKeywordMain.groovy:64)
	at com.kms.katalon.core.webui.keyword.internal.WebUIKeywordMain.runKeyword(WebUIKeywordMain.groovy:26)
	at com.kms.katalon.core.webui.keyword.builtin.ClickKeyword.click(ClickKeyword.groovy:86)
	at com.kms.katalon.core.webui.keyword.builtin.ClickKeyword.execute(ClickKeyword.groovy:67)
	at com.kms.katalon.core.keyword.internal.KeywordExecutor.executeKeywordForPlatform(KeywordExecutor.groovy:56)
	at com.kms.katalon.core.webui.keyword.WebUiBuiltInKeywords.click(WebUiBuiltInKeywords.groovy:616)
	at com.kms.katalon.core.webui.keyword.WebUiBuiltInKeywords$click$2.call(Unknown Source)
	at TC0216.run(TC0216:36)
	at com.kms.katalon.core.main.ScriptEngine.run(ScriptEngine.java:194)
	at com.kms.katalon.core.main.ScriptEngine.runScriptAsRawText(ScriptEngine.java:119)
	at com.kms.katalon.core.main.TestCaseExecutor.runScript(TestCaseExecutor.java:331)
	at com.kms.katalon.core.main.TestCaseExecutor.doExecute(TestCaseExecutor.java:322)
	at com.kms.katalon.core.main.TestCaseExecutor.processExecutionPhase(TestCaseExecutor.java:301)
	at com.kms.katalon.core.main.TestCaseExecutor.accessMainPhase(TestCaseExecutor.java:293)
	at com.kms.katalon.core.main.TestCaseExecutor.execute(TestCaseExecutor.java:227)
	at com.kms.katalon.core.main.TestSuiteExecutor.accessTestCaseMainPhase(TestSuiteExecutor.java:129)
	at com.kms.katalon.core.main.TestSuiteExecutor.accessTestSuiteMainPhase(TestSuiteExecutor.java:112)
	at com.kms.katalon.core.main.TestSuiteExecutor.execute(TestSuiteExecutor.java:81)
	at com.kms.katalon.core.main.TestCaseMain.startTestSuite(TestCaseMain.java:157)
	at com.kms.katalon.core.main.TestCaseMain$startTestSuite$0.call(Unknown Source)
	at TempTestSuite1554979075443.run(TempTestSuite1554979075443.groovy:35)
Caused by: com.kms.katalon.core.webui.exception.WebElementNotFoundException: Web element with id: 'Object Repository/Page_KiboPush  Survey/a_Edit Template' located by 'By.xpath: //a[@href = '/editTemplateSurvey' and (text() = 'Edit Template' or . = 'Edit Template')]' not found
	at com.kms.katalon.core.webui.common.WebUiCommonHelper.findWebElement(WebUiCommonHelper.java:1053)
	at com.kms.katalon.core.webui.keyword.internal.WebUIAbstractKeyword.findWebElement(WebUIAbstractKeyword.groovy:27)
	at com.kms.katalon.core.webui.keyword.internal.WebUIAbstractKeyword.findWebElement(WebUIAbstractKeyword.groovy:26)
	at com.kms.katalon.core.webui.keyword.builtin.ClickKeyword$_click_closure1.doCall(ClickKeyword.groovy:77)
	at com.kms.katalon.core.webui.keyword.builtin.ClickKeyword$_click_closure1.call(ClickKeyword.groovy)
	at com.kms.katalon.core.webui.keyword.internal.WebUIKeywordMain.runKeyword(WebUIKeywordMain.groovy:20)
	at com.kms.katalon.core.webui.keyword.builtin.ClickKeyword.click(ClickKeyword.groovy:86)
	at com.kms.katalon.core.webui.keyword.builtin.ClickKeyword.execute(ClickKeyword.groovy:67)
	at com.kms.katalon.core.keyword.internal.KeywordExecutor.executeKeywordForPlatform(KeywordExecutor.groovy:56)
	at com.kms.katalon.core.webui.keyword.WebUiBuiltInKeywords.click(WebUiBuiltInKeywords.groovy:616)
	at com.kms.katalon.core.webui.keyword.WebUiBuiltInKeywords$click$2.call(Unknown Source)
	at Script1533921449861.run(Script1533921449861.groovy:36)
	... 13 more
)
[[ATTACHMENT|/home/cloudkibo-muzamil/Downloads/Test cases/production/KiboPush/Reports/survey/20190411_153755/1554980105568.png]]

2019-04-11 15:55:05 - [MESSAGE][FAILED] - click(findTestObject("Page_KiboPush  Survey/a_Edit Template")) FAILED.
Reason:
com.kms.katalon.core.exception.StepFailedException: Unable to click on object 'Object Repository/Page_KiboPush  Survey/a_Edit Template'
	at com.kms.katalon.core.webui.keyword.internal.WebUIKeywordMain.stepFailed(WebUIKeywordMain.groovy:64)
	at com.kms.katalon.core.webui.keyword.internal.WebUIKeywordMain.runKeyword(WebUIKeywordMain.groovy:26)
	at com.kms.katalon.core.webui.keyword.builtin.ClickKeyword.click(ClickKeyword.groovy:86)
	at com.kms.katalon.core.webui.keyword.builtin.ClickKeyword.execute(ClickKeyword.groovy:67)
	at com.kms.katalon.core.keyword.internal.KeywordExecutor.executeKeywordForPlatform(KeywordExecutor.groovy:56)
	at com.kms.katalon.core.webui.keyword.WebUiBuiltInKeywords.click(WebUiBuiltInKeywords.groovy:616)
	at com.kms.katalon.core.webui.keyword.WebUiBuiltInKeywords$click$2.call(Unknown Source)
	at TC0216.run(TC0216:36)
	at com.kms.katalon.core.main.ScriptEngine.run(ScriptEngine.java:194)
	at com.kms.katalon.core.main.ScriptEngine.runScriptAsRawText(ScriptEngine.java:119)
	at com.kms.katalon.core.main.TestCaseExecutor.runScript(TestCaseExecutor.java:331)
	at com.kms.katalon.core.main.TestCaseExecutor.doExecute(TestCaseExecutor.java:322)
	at com.kms.katalon.core.main.TestCaseExecutor.processExecutionPhase(TestCaseExecutor.java:301)
	at com.kms.katalon.core.main.TestCaseExecutor.accessMainPhase(TestCaseExecutor.java:293)
	at com.kms.katalon.core.main.TestCaseExecutor.execute(TestCaseExecutor.java:227)
	at com.kms.katalon.core.main.TestSuiteExecutor.accessTestCaseMainPhase(TestSuiteExecutor.java:129)
	at com.kms.katalon.core.main.TestSuiteExecutor.accessTestSuiteMainPhase(TestSuiteExecutor.java:112)
	at com.kms.katalon.core.main.TestSuiteExecutor.execute(TestSuiteExecutor.java:81)
	at com.kms.katalon.core.main.TestCaseMain.startTestSuite(TestCaseMain.java:157)
	at com.kms.katalon.core.main.TestCaseMain$startTestSuite$0.call(Unknown Source)
	at TempTestSuite1554979075443.run(TempTestSuite1554979075443.groovy:35)
Caused by: com.kms.katalon.core.webui.exception.WebElementNotFoundException: Web element with id: 'Object Repository/Page_KiboPush  Survey/a_Edit Template' located by 'By.xpath: //a[@href = '/editTemplateSurvey' and (text() = 'Edit Template' or . = 'Edit Template')]' not found
	at com.kms.katalon.core.webui.common.WebUiCommonHelper.findWebElement(WebUiCommonHelper.java:1053)
	at com.kms.katalon.core.webui.keyword.internal.WebUIAbstractKeyword.findWebElement(WebUIAbstractKeyword.groovy:27)
	at com.kms.katalon.core.webui.keyword.internal.WebUIAbstractKeyword.findWebElement(WebUIAbstractKeyword.groovy:26)
	at com.kms.katalon.core.webui.keyword.builtin.ClickKeyword$_click_closure1.doCall(ClickKeyword.groovy:77)
	at com.kms.katalon.core.webui.keyword.builtin.ClickKeyword$_click_closure1.call(ClickKeyword.groovy)
	at com.kms.katalon.core.webui.keyword.internal.WebUIKeywordMain.runKeyword(WebUIKeywordMain.groovy:20)
	at com.kms.katalon.core.webui.keyword.builtin.ClickKeyword.click(ClickKeyword.groovy:86)
	at com.kms.katalon.core.webui.keyword.builtin.ClickKeyword.execute(ClickKeyword.groovy:67)
	at com.kms.katalon.core.keyword.internal.KeywordExecutor.executeKeywordForPlatform(KeywordExecutor.groovy:56)
	at com.kms.katalon.core.webui.keyword.WebUiBuiltInKeywords.click(WebUiBuiltInKeywords.groovy:616)
	at com.kms.katalon.core.webui.keyword.WebUiBuiltInKeywords$click$2.call(Unknown Source)
	at Script1533921449861.run(Script1533921449861.groovy:36)
	... 13 more]]></system-out>
         <system-err><![CDATA[2019-04-11 15:53:23 - [TEST_CASE][FAILED] - Test Cases/Survey Test Cases/TC0216: Test Cases/Survey Test Cases/TC0216 FAILED.
Reason:
com.kms.katalon.core.exception.StepFailedException: Unable to click on object 'Object Repository/Page_KiboPush  Survey/a_Edit Template'
	at com.kms.katalon.core.webui.keyword.internal.WebUIKeywordMain.stepFailed(WebUIKeywordMain.groovy:64)
	at com.kms.katalon.core.webui.keyword.internal.WebUIKeywordMain.runKeyword(WebUIKeywordMain.groovy:26)
	at com.kms.katalon.core.webui.keyword.builtin.ClickKeyword.click(ClickKeyword.groovy:86)
	at com.kms.katalon.core.webui.keyword.builtin.ClickKeyword.execute(ClickKeyword.groovy:67)
	at com.kms.katalon.core.keyword.internal.KeywordExecutor.executeKeywordForPlatform(KeywordExecutor.groovy:56)
	at com.kms.katalon.core.webui.keyword.WebUiBuiltInKeywords.click(WebUiBuiltInKeywords.groovy:616)
	at com.kms.katalon.core.webui.keyword.WebUiBuiltInKeywords$click$2.call(Unknown Source)
	at TC0216.run(TC0216:36)
	at com.kms.katalon.core.main.ScriptEngine.run(ScriptEngine.java:194)
	at com.kms.katalon.core.main.ScriptEngine.runScriptAsRawText(ScriptEngine.java:119)
	at com.kms.katalon.core.main.TestCaseExecutor.runScript(TestCaseExecutor.java:331)
	at com.kms.katalon.core.main.TestCaseExecutor.doExecute(TestCaseExecutor.java:322)
	at com.kms.katalon.core.main.TestCaseExecutor.processExecutionPhase(TestCaseExecutor.java:301)
	at com.kms.katalon.core.main.TestCaseExecutor.accessMainPhase(TestCaseExecutor.java:293)
	at com.kms.katalon.core.main.TestCaseExecutor.execute(TestCaseExecutor.java:227)
	at com.kms.katalon.core.main.TestSuiteExecutor.accessTestCaseMainPhase(TestSuiteExecutor.java:129)
	at com.kms.katalon.core.main.TestSuiteExecutor.accessTestSuiteMainPhase(TestSuiteExecutor.java:112)
	at com.kms.katalon.core.main.TestSuiteExecutor.execute(TestSuiteExecutor.java:81)
	at com.kms.katalon.core.main.TestCaseMain.startTestSuite(TestCaseMain.java:157)
	at com.kms.katalon.core.main.TestCaseMain$startTestSuite$0.call(Unknown Source)
	at TempTestSuite1554979075443.run(TempTestSuite1554979075443.groovy:35)
Caused by: com.kms.katalon.core.webui.exception.WebElementNotFoundException: Web element with id: 'Object Repository/Page_KiboPush  Survey/a_Edit Template' located by 'By.xpath: //a[@href = '/editTemplateSurvey' and (text() = 'Edit Template' or . = 'Edit Template')]' not found
	at com.kms.katalon.core.webui.common.WebUiCommonHelper.findWebElement(WebUiCommonHelper.java:1053)
	at com.kms.katalon.core.webui.keyword.internal.WebUIAbstractKeyword.findWebElement(WebUIAbstractKeyword.groovy:27)
	at com.kms.katalon.core.webui.keyword.internal.WebUIAbstractKeyword.findWebElement(WebUIAbstractKeyword.groovy:26)
	at com.kms.katalon.core.webui.keyword.builtin.ClickKeyword$_click_closure1.doCall(ClickKeyword.groovy:77)
	at com.kms.katalon.core.webui.keyword.builtin.ClickKeyword$_click_closure1.call(ClickKeyword.groovy)
	at com.kms.katalon.core.webui.keyword.internal.WebUIKeywordMain.runKeyword(WebUIKeywordMain.groovy:20)
	at com.kms.katalon.core.webui.keyword.builtin.ClickKeyword.click(ClickKeyword.groovy:86)
	at com.kms.katalon.core.webui.keyword.builtin.ClickKeyword.execute(ClickKeyword.groovy:67)
	at com.kms.katalon.core.keyword.internal.KeywordExecutor.executeKeywordForPlatform(KeywordExecutor.groovy:56)
	at com.kms.katalon.core.webui.keyword.WebUiBuiltInKeywords.click(WebUiBuiltInKeywords.groovy:616)
	at com.kms.katalon.core.webui.keyword.WebUiBuiltInKeywords$click$2.call(Unknown Source)
	at Script1533921449861.run(Script1533921449861.groovy:36)
	... 13 more]]></system-err>
      </testcase>
      <testcase name="Test Cases/Survey Test Cases/TC0217" classname="Test Cases/Survey Test Cases/TC0217" status="PASSED">
         <system-out><![CDATA[2019-04-11 15:55:05 - [TEST_CASE][PASSED] - Test Cases/Survey Test Cases/TC0217: Test Cases/Survey Test Cases/TC0217

2019-04-11 15:55:05 - [TEST_STEP][PASSED] - callTestCase(findTestCase("s-sidebar_navigation/individualAccount/survey"), [:], STOP_ON_FAILURE): Call Test Case 'Test Cases/s-sidebar_navigation/individualAccount/survey' successfully

2019-04-11 15:55:05 - [TEST_CASE][PASSED] - Test Cases/s-sidebar_navigation/individualAccount/survey: Test Cases/s-sidebar_navigation/individualAccount/survey

2019-04-11 15:55:05 - [TEST_STEP][PASSED] - callTestCase(findTestCase("s-sidebar_navigation/individualAccount/Login_Muzamil - Staging"), [:], STOP_ON_FAILURE): Call Test Case 'Test Cases/s-sidebar_navigation/individualAccount/Login_Muzamil - Staging' successfully

2019-04-11 15:55:05 - [TEST_CASE][PASSED] - Test Cases/s-sidebar_navigation/individualAccount/Login_Muzamil - Staging: Test Cases/s-sidebar_navigation/individualAccount/Login_Muzamil - Staging

2019-04-11 15:55:05 - [TEST_STEP][PASSED] - openBrowser(""): Browser is opened with url: ''

2019-04-11 15:55:05 - [MESSAGE][WARNING] - A browser is already opened. Closing browser and opening a new one

2019-04-11 15:55:05 - [MESSAGE][INFO] - Starting 'Chrome' driver

2019-04-11 15:55:06 - [MESSAGE][PASSED] - Browser is opened with url: ''

2019-04-11 15:55:06 - [TEST_STEP][PASSED] - maximizeWindow(): Current window maximized

2019-04-11 15:55:06 - [MESSAGE][PASSED] - Current window maximized

2019-04-11 15:55:06 - [TEST_STEP][PASSED] - navigateToUrl("https://saccounts.cloudkibo.com/?continue=https://skiboengage.cloudkibo.com"): Navigate to 'https://saccounts.cloudkibo.com/?continue=https://skiboengage.cloudkibo.com' successfully

2019-04-11 15:55:17 - [MESSAGE][PASSED] - Navigate to 'https://saccounts.cloudkibo.com/?continue=https://skiboengage.cloudkibo.com' successfully

2019-04-11 15:55:17 - [TEST_STEP][PASSED] - delay(2): Delayed 2 second(s)

2019-04-11 15:55:19 - [MESSAGE][PASSED] - Delayed 2 second(s)

2019-04-11 15:55:19 - [TEST_STEP][PASSED] - click(findTestObject("Page_CloudKibo/a_Login (4)")): Object: 'Object Repository/Page_CloudKibo/a_Login (4)' is clicked on

2019-04-11 15:55:20 - [MESSAGE][PASSED] - Object: 'Object Repository/Page_CloudKibo/a_Login (4)' is clicked on

2019-04-11 15:55:20 - [TEST_STEP][PASSED] - setText(findTestObject("Page_CloudKibo/input_Sign In_email (3)"), "muzamil.bukhari.39@gmail.com"): Text 'muzamil.bukhari.39@gmail.com' is set on object 'Object Repository/Page_CloudKibo/input_Sign In_email (3)'

2019-04-11 15:55:21 - [MESSAGE][PASSED] - Text 'muzamil.bukhari.39@gmail.com' is set on object 'Object Repository/Page_CloudKibo/input_Sign In_email (3)'

2019-04-11 15:55:21 - [TEST_STEP][PASSED] - setEncryptedText(findTestObject("Page_CloudKibo/input_Sign In_password (3)"), "ZOMPkeJIpHVS6OGLcNHjig=="): Text ****** has been set on object 'Object Repository/Page_CloudKibo/input_Sign In_password (3)'

2019-04-11 15:55:21 - [MESSAGE][PASSED] - Text ****** has been set on object 'Object Repository/Page_CloudKibo/input_Sign In_password (3)'

2019-04-11 15:55:21 - [TEST_STEP][PASSED] - click(findTestObject("Page_CloudKibo/button_Sign In (7)")): Object: 'Object Repository/Page_CloudKibo/button_Sign In (7)' is clicked on

2019-04-11 15:55:21 - [MESSAGE][PASSED] - Object: 'Object Repository/Page_CloudKibo/button_Sign In (7)' is clicked on

2019-04-11 15:55:21 - [TEST_STEP][PASSED] - click(findTestObject("Page_KiboEngage  Dashboard/h4_KIBOPUSH (2)")): Object: 'Object Repository/Page_KiboEngage  Dashboard/h4_KIBOPUSH (2)' is clicked on

2019-04-11 15:55:57 - [MESSAGE][PASSED] - Object: 'Object Repository/Page_KiboEngage  Dashboard/h4_KIBOPUSH (2)' is clicked on

2019-04-11 15:55:57 - [MESSAGE][PASSED] - Call Test Case 'Test Cases/s-sidebar_navigation/individualAccount/Login_Muzamil - Staging' successfully

2019-04-11 15:55:57 - [TEST_STEP][PASSED] - click(findTestObject("Page_KiboPush  Dashboard/span_Broadcasting")): Object: 'Object Repository/Page_KiboPush  Dashboard/span_Broadcasting' is clicked on

2019-04-11 15:55:57 - [MESSAGE][PASSED] - Object: 'Object Repository/Page_KiboPush  Dashboard/span_Broadcasting' is clicked on

2019-04-11 15:55:57 - [TEST_STEP][PASSED] - delay(2): Delayed 2 second(s)

2019-04-11 15:55:59 - [MESSAGE][PASSED] - Delayed 2 second(s)

2019-04-11 15:55:59 - [TEST_STEP][PASSED] - click(findTestObject("Page_KiboPush  Dashboard/span_Surveys")): Object: 'Object Repository/Page_KiboPush  Dashboard/span_Surveys' is clicked on

2019-04-11 15:55:59 - [MESSAGE][PASSED] - Object: 'Object Repository/Page_KiboPush  Dashboard/span_Surveys' is clicked on

2019-04-11 15:55:59 - [TEST_STEP][PASSED] - delay(2): Delayed 2 second(s)

2019-04-11 15:56:01 - [MESSAGE][PASSED] - Delayed 2 second(s)

2019-04-11 15:56:01 - [TEST_STEP][PASSED] - click(findTestObject("Page_KiboPush  Survey/h3_Manage Surveys")): Object: 'Object Repository/Page_KiboPush  Survey/h3_Manage Surveys' is clicked on

2019-04-11 15:56:01 - [MESSAGE][PASSED] - Object: 'Object Repository/Page_KiboPush  Survey/h3_Manage Surveys' is clicked on

2019-04-11 15:56:01 - [MESSAGE][PASSED] - Call Test Case 'Test Cases/s-sidebar_navigation/individualAccount/survey' successfully

2019-04-11 15:56:01 - [TEST_STEP][PASSED] - click(findTestObject("Page_KiboPush  Survey/button_Create New (4) (1)")): Object: 'Object Repository/Page_KiboPush  Survey/button_Create New (4) (1)' is clicked on

2019-04-11 15:56:01 - [MESSAGE][PASSED] - Object: 'Object Repository/Page_KiboPush  Survey/button_Create New (4) (1)' is clicked on

2019-04-11 15:56:01 - [TEST_STEP][PASSED] - click(findTestObject("Page_KiboPush  Survey/button_Create New Survey (2) (1)")): Object: 'Object Repository/Page_KiboPush  Survey/button_Create New Survey (2) (1)' is clicked on

2019-04-11 15:56:02 - [MESSAGE][PASSED] - Object: 'Object Repository/Page_KiboPush  Survey/button_Create New Survey (2) (1)' is clicked on

2019-04-11 15:56:02 - [TEST_STEP][PASSED] - delay(2): Delayed 2 second(s)

2019-04-11 15:56:04 - [MESSAGE][PASSED] - Delayed 2 second(s)

2019-04-11 15:56:04 - [TEST_STEP][PASSED] - setText(findTestObject("Page_KiboEngage  Add Survey/input_form-control_1 (1) (1) (1) (1)"), "hi"): Text 'hi' is set on object 'Object Repository/Page_KiboEngage  Add Survey/input_form-control_1 (1) (1) (1) (1)'

2019-04-11 15:56:04 - [MESSAGE][PASSED] - Text 'hi' is set on object 'Object Repository/Page_KiboEngage  Add Survey/input_form-control_1 (1) (1) (1) (1)'

2019-04-11 15:56:04 - [TEST_STEP][PASSED] - click(findTestObject("Page_KiboEngage  Add Survey/button_Add Questions (1) (1) (1) (1)")): Object: 'Object Repository/Page_KiboEngage  Add Survey/button_Add Questions (1) (1) (1) (1)' is clicked on

2019-04-11 15:56:04 - [MESSAGE][PASSED] - Object: 'Object Repository/Page_KiboEngage  Add Survey/button_Add Questions (1) (1) (1) (1)' is clicked on

2019-04-11 15:56:04 - [TEST_STEP][PASSED] - setText(findTestObject("Page_KiboEngage  Add Survey/input_form-control (1) (1) (1) (1)"), "1"): Text '1' is set on object 'Object Repository/Page_KiboEngage  Add Survey/input_form-control (1) (1) (1) (1)'

2019-04-11 15:56:04 - [MESSAGE][PASSED] - Text '1' is set on object 'Object Repository/Page_KiboEngage  Add Survey/input_form-control (1) (1) (1) (1)'

2019-04-11 15:56:04 - [TEST_STEP][PASSED] - setText(findTestObject("Page_KiboEngage  Add Survey/input_form-control input-sm_2 (1) (1) (1) (1)"), "2"): Text '2' is set on object 'Object Repository/Page_KiboEngage  Add Survey/input_form-control input-sm_2 (1) (1) (1) (1)'

2019-04-11 15:56:04 - [MESSAGE][PASSED] - Text '2' is set on object 'Object Repository/Page_KiboEngage  Add Survey/input_form-control input-sm_2 (1) (1) (1) (1)'

2019-04-11 15:56:04 - [TEST_STEP][PASSED] - setText(findTestObject("Page_KiboEngage  Add Survey/input_form-control input-sm (1) (1) (1) (1)"), "3"): Text '3' is set on object 'Object Repository/Page_KiboEngage  Add Survey/input_form-control input-sm (1) (1) (1) (1)'

2019-04-11 15:56:04 - [MESSAGE][PASSED] - Text '3' is set on object 'Object Repository/Page_KiboEngage  Add Survey/input_form-control input-sm (1) (1) (1) (1)'

2019-04-11 15:56:04 - [TEST_STEP][PASSED] - setText(findTestObject("Page_KiboEngage  Add Survey/input_form-control input-sm_1 (1) (1) (1) (1)"), "4"): Text '4' is set on object 'Object Repository/Page_KiboEngage  Add Survey/input_form-control input-sm_1 (1) (1) (1) (1)'

2019-04-11 15:56:04 - [MESSAGE][PASSED] - Text '4' is set on object 'Object Repository/Page_KiboEngage  Add Survey/input_form-control input-sm_1 (1) (1) (1) (1)'

2019-04-11 15:56:04 - [TEST_STEP][PASSED] - delay(2): Delayed 2 second(s)

2019-04-11 15:56:06 - [MESSAGE][PASSED] - Delayed 2 second(s)

2019-04-11 15:56:06 - [TEST_STEP][PASSED] - setText(findTestObject("Page_KiboEngage  Add Survey/input_Choices_form-control input-sm (1)"), "4"): Text '4' is set on object 'Object Repository/Page_KiboEngage  Add Survey/input_Choices_form-control input-sm (1)'

2019-04-11 15:56:06 - [MESSAGE][PASSED] - Text '4' is set on object 'Object Repository/Page_KiboEngage  Add Survey/input_Choices_form-control input-sm (1)'

2019-04-11 15:56:06 - [TEST_STEP][PASSED] - delay(2): Delayed 2 second(s)

2019-04-11 15:56:08 - [MESSAGE][PASSED] - Delayed 2 second(s)

2019-04-11 15:56:08 - [TEST_STEP][PASSED] - scrollToPosition(0, 0): Browser is scrolled to position x = 0, y = 0

2019-04-11 15:56:08 - [MESSAGE][PASSED] - Browser is scrolled to position x = 0, y = 0

2019-04-11 15:56:08 - [TEST_STEP][PASSED] - click(findTestObject("Page_KiboEngage  Add Survey/button_Next (1)")): Object: 'Object Repository/Page_KiboEngage  Add Survey/button_Next (1)' is clicked on

2019-04-11 15:56:08 - [MESSAGE][PASSED] - Object: 'Object Repository/Page_KiboEngage  Add Survey/button_Next (1)' is clicked on

2019-04-11 15:56:08 - [TEST_STEP][PASSED] - delay(2): Delayed 2 second(s)

2019-04-11 15:56:10 - [MESSAGE][PASSED] - Delayed 2 second(s)

2019-04-11 15:56:10 - [TEST_STEP][PASSED] - click(findTestObject("Page_KiboEngage  Add Survey/button_Create Survey (3)")): Object: 'Object Repository/Page_KiboEngage  Add Survey/button_Create Survey (3)' is clicked on

2019-04-11 15:56:10 - [MESSAGE][PASSED] - Object: 'Object Repository/Page_KiboEngage  Add Survey/button_Create Survey (3)' is clicked on

2019-04-11 15:56:10 - [TEST_STEP][PASSED] - delay(2): Delayed 2 second(s)

2019-04-11 15:56:12 - [MESSAGE][PASSED] - Delayed 2 second(s)

2019-04-11 15:56:12 - [TEST_STEP][PASSED] - click(findTestObject("Page_KiboEngage  Add Survey/button_Save (2)")): Object: 'Object Repository/Page_KiboEngage  Add Survey/button_Save (2)' is clicked on

2019-04-11 15:56:12 - [MESSAGE][PASSED] - Object: 'Object Repository/Page_KiboEngage  Add Survey/button_Save (2)' is clicked on

2019-04-11 15:56:12 - [TEST_STEP][PASSED] - delay(2): Delayed 2 second(s)

2019-04-11 15:56:14 - [MESSAGE][PASSED] - Delayed 2 second(s)

2019-04-11 15:56:14 - [TEST_STEP][PASSED] - click(findTestObject("Page_KiboEngage  Survey/h3_Manage Surveys (3)")): Object: 'Object Repository/Page_KiboEngage  Survey/h3_Manage Surveys (3)' is clicked on

2019-04-11 15:56:15 - [MESSAGE][PASSED] - Object: 'Object Repository/Page_KiboEngage  Survey/h3_Manage Surveys (3)' is clicked on]]></system-out>
         <system-err><![CDATA[]]></system-err>
      </testcase>
      <testcase name="Test Cases/Survey Test Cases/TC0219" classname="Test Cases/Survey Test Cases/TC0219" status="PASSED">
         <system-out><![CDATA[2019-04-11 15:56:15 - [TEST_CASE][PASSED] - Test Cases/Survey Test Cases/TC0219: Test Cases/Survey Test Cases/TC0219

2019-04-11 15:56:15 - [TEST_STEP][PASSED] - callTestCase(findTestCase("s-sidebar_navigation/individualAccount/survey"), [:], STOP_ON_FAILURE): Call Test Case 'Test Cases/s-sidebar_navigation/individualAccount/survey' successfully

2019-04-11 15:56:15 - [TEST_CASE][PASSED] - Test Cases/s-sidebar_navigation/individualAccount/survey: Test Cases/s-sidebar_navigation/individualAccount/survey

2019-04-11 15:56:15 - [TEST_STEP][PASSED] - callTestCase(findTestCase("s-sidebar_navigation/individualAccount/Login_Muzamil - Staging"), [:], STOP_ON_FAILURE): Call Test Case 'Test Cases/s-sidebar_navigation/individualAccount/Login_Muzamil - Staging' successfully

2019-04-11 15:56:15 - [TEST_CASE][PASSED] - Test Cases/s-sidebar_navigation/individualAccount/Login_Muzamil - Staging: Test Cases/s-sidebar_navigation/individualAccount/Login_Muzamil - Staging

2019-04-11 15:56:15 - [TEST_STEP][PASSED] - openBrowser(""): Browser is opened with url: ''

2019-04-11 15:56:15 - [MESSAGE][WARNING] - A browser is already opened. Closing browser and opening a new one

2019-04-11 15:56:15 - [MESSAGE][INFO] - Starting 'Chrome' driver

2019-04-11 15:56:15 - [MESSAGE][PASSED] - Browser is opened with url: ''

2019-04-11 15:56:15 - [TEST_STEP][PASSED] - maximizeWindow(): Current window maximized

2019-04-11 15:56:15 - [MESSAGE][PASSED] - Current window maximized

2019-04-11 15:56:15 - [TEST_STEP][PASSED] - navigateToUrl("https://saccounts.cloudkibo.com/?continue=https://skiboengage.cloudkibo.com"): Navigate to 'https://saccounts.cloudkibo.com/?continue=https://skiboengage.cloudkibo.com' successfully

2019-04-11 15:56:28 - [MESSAGE][PASSED] - Navigate to 'https://saccounts.cloudkibo.com/?continue=https://skiboengage.cloudkibo.com' successfully

2019-04-11 15:56:28 - [TEST_STEP][PASSED] - delay(2): Delayed 2 second(s)

2019-04-11 15:56:30 - [MESSAGE][PASSED] - Delayed 2 second(s)

2019-04-11 15:56:30 - [TEST_STEP][PASSED] - click(findTestObject("Page_CloudKibo/a_Login (4)")): Object: 'Object Repository/Page_CloudKibo/a_Login (4)' is clicked on

2019-04-11 15:56:31 - [MESSAGE][PASSED] - Object: 'Object Repository/Page_CloudKibo/a_Login (4)' is clicked on

2019-04-11 15:56:31 - [TEST_STEP][PASSED] - setText(findTestObject("Page_CloudKibo/input_Sign In_email (3)"), "muzamil.bukhari.39@gmail.com"): Text 'muzamil.bukhari.39@gmail.com' is set on object 'Object Repository/Page_CloudKibo/input_Sign In_email (3)'

2019-04-11 15:56:31 - [MESSAGE][PASSED] - Text 'muzamil.bukhari.39@gmail.com' is set on object 'Object Repository/Page_CloudKibo/input_Sign In_email (3)'

2019-04-11 15:56:31 - [TEST_STEP][PASSED] - setEncryptedText(findTestObject("Page_CloudKibo/input_Sign In_password (3)"), "ZOMPkeJIpHVS6OGLcNHjig=="): Text ****** has been set on object 'Object Repository/Page_CloudKibo/input_Sign In_password (3)'

2019-04-11 15:56:31 - [MESSAGE][PASSED] - Text ****** has been set on object 'Object Repository/Page_CloudKibo/input_Sign In_password (3)'

2019-04-11 15:56:31 - [TEST_STEP][PASSED] - click(findTestObject("Page_CloudKibo/button_Sign In (7)")): Object: 'Object Repository/Page_CloudKibo/button_Sign In (7)' is clicked on

2019-04-11 15:56:31 - [MESSAGE][PASSED] - Object: 'Object Repository/Page_CloudKibo/button_Sign In (7)' is clicked on

2019-04-11 15:56:31 - [TEST_STEP][PASSED] - click(findTestObject("Page_KiboEngage  Dashboard/h4_KIBOPUSH (2)")): Object: 'Object Repository/Page_KiboEngage  Dashboard/h4_KIBOPUSH (2)' is clicked on

2019-04-11 15:57:33 - [MESSAGE][PASSED] - Object: 'Object Repository/Page_KiboEngage  Dashboard/h4_KIBOPUSH (2)' is clicked on

2019-04-11 15:57:33 - [MESSAGE][PASSED] - Call Test Case 'Test Cases/s-sidebar_navigation/individualAccount/Login_Muzamil - Staging' successfully

2019-04-11 15:57:33 - [TEST_STEP][PASSED] - click(findTestObject("Page_KiboPush  Dashboard/span_Broadcasting")): Object: 'Object Repository/Page_KiboPush  Dashboard/span_Broadcasting' is clicked on

2019-04-11 15:57:33 - [MESSAGE][PASSED] - Object: 'Object Repository/Page_KiboPush  Dashboard/span_Broadcasting' is clicked on

2019-04-11 15:57:33 - [TEST_STEP][PASSED] - delay(2): Delayed 2 second(s)

2019-04-11 15:57:35 - [MESSAGE][PASSED] - Delayed 2 second(s)

2019-04-11 15:57:35 - [TEST_STEP][PASSED] - click(findTestObject("Page_KiboPush  Dashboard/span_Surveys")): Object: 'Object Repository/Page_KiboPush  Dashboard/span_Surveys' is clicked on

2019-04-11 15:57:35 - [MESSAGE][PASSED] - Object: 'Object Repository/Page_KiboPush  Dashboard/span_Surveys' is clicked on

2019-04-11 15:57:35 - [TEST_STEP][PASSED] - delay(2): Delayed 2 second(s)

2019-04-11 15:57:37 - [MESSAGE][PASSED] - Delayed 2 second(s)

2019-04-11 15:57:37 - [TEST_STEP][PASSED] - click(findTestObject("Page_KiboPush  Survey/h3_Manage Surveys")): Object: 'Object Repository/Page_KiboPush  Survey/h3_Manage Surveys' is clicked on

2019-04-11 15:57:37 - [MESSAGE][PASSED] - Object: 'Object Repository/Page_KiboPush  Survey/h3_Manage Surveys' is clicked on

2019-04-11 15:57:37 - [MESSAGE][PASSED] - Call Test Case 'Test Cases/s-sidebar_navigation/individualAccount/survey' successfully

2019-04-11 15:57:37 - [TEST_STEP][PASSED] - click(findTestObject("Page_KiboPush  Survey/button_Create New")): Object: 'Object Repository/Page_KiboPush  Survey/button_Create New' is clicked on

2019-04-11 15:57:37 - [MESSAGE][PASSED] - Object: 'Object Repository/Page_KiboPush  Survey/button_Create New' is clicked on

2019-04-11 15:57:37 - [TEST_STEP][PASSED] - click(findTestObject("Page_KiboPush  Survey/button_Create New Survey")): Object: 'Object Repository/Page_KiboPush  Survey/button_Create New Survey' is clicked on

2019-04-11 15:57:38 - [MESSAGE][PASSED] - Object: 'Object Repository/Page_KiboPush  Survey/button_Create New Survey' is clicked on

2019-04-11 15:57:38 - [TEST_STEP][PASSED] - setText(findTestObject("Page_KiboPush  Add Survey/input_form-control"), "hello"): Text 'hello' is set on object 'Object Repository/Page_KiboPush  Add Survey/input_form-control'

2019-04-11 15:57:38 - [MESSAGE][PASSED] - Text 'hello' is set on object 'Object Repository/Page_KiboPush  Add Survey/input_form-control'

2019-04-11 15:57:38 - [TEST_STEP][PASSED] - setText(findTestObject("Page_KiboPush  Add Survey/textarea_form-control"), "h"): Text 'h' is set on object 'Object Repository/Page_KiboPush  Add Survey/textarea_form-control'

2019-04-11 15:57:38 - [MESSAGE][PASSED] - Text 'h' is set on object 'Object Repository/Page_KiboPush  Add Survey/textarea_form-control'

2019-04-11 15:57:38 - [TEST_STEP][PASSED] - setText(findTestObject("Page_KiboPush  Add Survey/textarea_h"), "hi"): Text 'hi' is set on object 'Object Repository/Page_KiboPush  Add Survey/textarea_h'

2019-04-11 15:57:38 - [MESSAGE][PASSED] - Text 'hi' is set on object 'Object Repository/Page_KiboPush  Add Survey/textarea_h'

2019-04-11 15:57:38 - [TEST_STEP][PASSED] - click(findTestObject("Page_KiboPush  Add Survey/button_Add Questions")): Object: 'Object Repository/Page_KiboPush  Add Survey/button_Add Questions' is clicked on

2019-04-11 15:57:38 - [MESSAGE][PASSED] - Object: 'Object Repository/Page_KiboPush  Add Survey/button_Add Questions' is clicked on

2019-04-11 15:57:38 - [TEST_STEP][PASSED] - driver = getWebDriver(): null

2019-04-11 15:57:38 - [TEST_STEP][PASSED] - try: Actual object '' and expected object '' are equal

2019-04-11 15:57:38 - [TEST_STEP][PASSED] - data = driver.findElement(By.xpath(".//*[@id='question0']/input")): null

2019-04-11 15:57:38 - [TEST_STEP][PASSED] - println(data.getText()): null

2019-04-11 15:57:38 - [TEST_STEP][PASSED] - verifyEqual(data.getText(), ""): Actual object '' and expected object '' are equal

2019-04-11 15:57:38 - [MESSAGE][PASSED] - Actual object '' and expected object '' are equal]]></system-out>
         <system-err><![CDATA[]]></system-err>
      </testcase>
      <testcase name="Test Cases/Survey Test Cases/TC0220" classname="Test Cases/Survey Test Cases/TC0220" status="FAILED">
         <failure type="FAILED" message="Test Cases/Survey Test Cases/TC0220 FAILED.
Reason:
com.kms.katalon.core.exception.StepFailedException: Unable to click on object 'Object Repository/Page_KiboPush  Add Survey/span_fa fa-times'
	at com.kms.katalon.core.webui.keyword.internal.WebUIKeywordMain.stepFailed(WebUIKeywordMain.groovy:64)
	at com.kms.katalon.core.webui.keyword.internal.WebUIKeywordMain.runKeyword(WebUIKeywordMain.groovy:26)
	at com.kms.katalon.core.webui.keyword.builtin.ClickKeyword.click(ClickKeyword.groovy:86)
	at com.kms.katalon.core.webui.keyword.builtin.ClickKeyword.execute(ClickKeyword.groovy:67)
	at com.kms.katalon.core.keyword.internal.KeywordExecutor.executeKeywordForPlatform(KeywordExecutor.groovy:56)
	at com.kms.katalon.core.webui.keyword.WebUiBuiltInKeywords.click(WebUiBuiltInKeywords.groovy:616)
	at com.kms.katalon.core.webui.keyword.WebUiBuiltInKeywords$click$2.call(Unknown Source)
	at TC0220.run(TC0220:34)
	at com.kms.katalon.core.main.ScriptEngine.run(ScriptEngine.java:194)
	at com.kms.katalon.core.main.ScriptEngine.runScriptAsRawText(ScriptEngine.java:119)
	at com.kms.katalon.core.main.TestCaseExecutor.runScript(TestCaseExecutor.java:331)
	at com.kms.katalon.core.main.TestCaseExecutor.doExecute(TestCaseExecutor.java:322)
	at com.kms.katalon.core.main.TestCaseExecutor.processExecutionPhase(TestCaseExecutor.java:301)
	at com.kms.katalon.core.main.TestCaseExecutor.accessMainPhase(TestCaseExecutor.java:293)
	at com.kms.katalon.core.main.TestCaseExecutor.execute(TestCaseExecutor.java:227)
	at com.kms.katalon.core.main.TestSuiteExecutor.accessTestCaseMainPhase(TestSuiteExecutor.java:129)
	at com.kms.katalon.core.main.TestSuiteExecutor.accessTestSuiteMainPhase(TestSuiteExecutor.java:112)
	at com.kms.katalon.core.main.TestSuiteExecutor.execute(TestSuiteExecutor.java:81)
	at com.kms.katalon.core.main.TestCaseMain.startTestSuite(TestCaseMain.java:157)
	at com.kms.katalon.core.main.TestCaseMain$startTestSuite$0.call(Unknown Source)
	at TempTestSuite1554979075443.run(TempTestSuite1554979075443.groovy:35)
Caused by: com.kms.katalon.core.webui.exception.WebElementNotFoundException: Web element with id: 'Object Repository/Page_KiboPush  Add Survey/span_fa fa-times' located by 'By.xpath: id(&quot;identity&quot;)/div[@class=&quot;m-portlet__body&quot;]/div[@class=&quot;col-xl-12&quot;]/div[@class=&quot;col-lg-12 col-md-12 col-sm-12 col-xs-12&quot;]/div[@class=&quot;panel panel-default field-editor&quot;]/div[@class=&quot;panel-heading clearfix&quot;]/div[@class=&quot;pull-right btn-toolbar&quot;]/a[@class=&quot;remove&quot;]/span[@class=&quot;fa fa-times&quot;]' not found
	at com.kms.katalon.core.webui.common.WebUiCommonHelper.findWebElement(WebUiCommonHelper.java:1053)
	at com.kms.katalon.core.webui.keyword.internal.WebUIAbstractKeyword.findWebElement(WebUIAbstractKeyword.groovy:27)
	at com.kms.katalon.core.webui.keyword.internal.WebUIAbstractKeyword.findWebElement(WebUIAbstractKeyword.groovy:26)
	at com.kms.katalon.core.webui.keyword.builtin.ClickKeyword$_click_closure1.doCall(ClickKeyword.groovy:77)
	at com.kms.katalon.core.webui.keyword.builtin.ClickKeyword$_click_closure1.call(ClickKeyword.groovy)
	at com.kms.katalon.core.webui.keyword.internal.WebUIKeywordMain.runKeyword(WebUIKeywordMain.groovy:20)
	at com.kms.katalon.core.webui.keyword.builtin.ClickKeyword.click(ClickKeyword.groovy:86)
	at com.kms.katalon.core.webui.keyword.builtin.ClickKeyword.execute(ClickKeyword.groovy:67)
	at com.kms.katalon.core.keyword.internal.KeywordExecutor.executeKeywordForPlatform(KeywordExecutor.groovy:56)
	at com.kms.katalon.core.webui.keyword.WebUiBuiltInKeywords.click(WebUiBuiltInKeywords.groovy:616)
	at com.kms.katalon.core.webui.keyword.WebUiBuiltInKeywords$click$2.call(Unknown Source)
	at Script1533927641592.run(Script1533927641592.groovy:34)
	... 13 more
"/>
         <system-out><![CDATA[2019-04-11 15:57:38 - [TEST_CASE][FAILED] - Test Cases/Survey Test Cases/TC0220: Test Cases/Survey Test Cases/TC0220 FAILED.
Reason:
com.kms.katalon.core.exception.StepFailedException: Unable to click on object 'Object Repository/Page_KiboPush  Add Survey/span_fa fa-times'
	at com.kms.katalon.core.webui.keyword.internal.WebUIKeywordMain.stepFailed(WebUIKeywordMain.groovy:64)
	at com.kms.katalon.core.webui.keyword.internal.WebUIKeywordMain.runKeyword(WebUIKeywordMain.groovy:26)
	at com.kms.katalon.core.webui.keyword.builtin.ClickKeyword.click(ClickKeyword.groovy:86)
	at com.kms.katalon.core.webui.keyword.builtin.ClickKeyword.execute(ClickKeyword.groovy:67)
	at com.kms.katalon.core.keyword.internal.KeywordExecutor.executeKeywordForPlatform(KeywordExecutor.groovy:56)
	at com.kms.katalon.core.webui.keyword.WebUiBuiltInKeywords.click(WebUiBuiltInKeywords.groovy:616)
	at com.kms.katalon.core.webui.keyword.WebUiBuiltInKeywords$click$2.call(Unknown Source)
	at TC0220.run(TC0220:34)
	at com.kms.katalon.core.main.ScriptEngine.run(ScriptEngine.java:194)
	at com.kms.katalon.core.main.ScriptEngine.runScriptAsRawText(ScriptEngine.java:119)
	at com.kms.katalon.core.main.TestCaseExecutor.runScript(TestCaseExecutor.java:331)
	at com.kms.katalon.core.main.TestCaseExecutor.doExecute(TestCaseExecutor.java:322)
	at com.kms.katalon.core.main.TestCaseExecutor.processExecutionPhase(TestCaseExecutor.java:301)
	at com.kms.katalon.core.main.TestCaseExecutor.accessMainPhase(TestCaseExecutor.java:293)
	at com.kms.katalon.core.main.TestCaseExecutor.execute(TestCaseExecutor.java:227)
	at com.kms.katalon.core.main.TestSuiteExecutor.accessTestCaseMainPhase(TestSuiteExecutor.java:129)
	at com.kms.katalon.core.main.TestSuiteExecutor.accessTestSuiteMainPhase(TestSuiteExecutor.java:112)
	at com.kms.katalon.core.main.TestSuiteExecutor.execute(TestSuiteExecutor.java:81)
	at com.kms.katalon.core.main.TestCaseMain.startTestSuite(TestCaseMain.java:157)
	at com.kms.katalon.core.main.TestCaseMain$startTestSuite$0.call(Unknown Source)
	at TempTestSuite1554979075443.run(TempTestSuite1554979075443.groovy:35)
Caused by: com.kms.katalon.core.webui.exception.WebElementNotFoundException: Web element with id: 'Object Repository/Page_KiboPush  Add Survey/span_fa fa-times' located by 'By.xpath: id("identity")/div[@class="m-portlet__body"]/div[@class="col-xl-12"]/div[@class="col-lg-12 col-md-12 col-sm-12 col-xs-12"]/div[@class="panel panel-default field-editor"]/div[@class="panel-heading clearfix"]/div[@class="pull-right btn-toolbar"]/a[@class="remove"]/span[@class="fa fa-times"]' not found
	at com.kms.katalon.core.webui.common.WebUiCommonHelper.findWebElement(WebUiCommonHelper.java:1053)
	at com.kms.katalon.core.webui.keyword.internal.WebUIAbstractKeyword.findWebElement(WebUIAbstractKeyword.groovy:27)
	at com.kms.katalon.core.webui.keyword.internal.WebUIAbstractKeyword.findWebElement(WebUIAbstractKeyword.groovy:26)
	at com.kms.katalon.core.webui.keyword.builtin.ClickKeyword$_click_closure1.doCall(ClickKeyword.groovy:77)
	at com.kms.katalon.core.webui.keyword.builtin.ClickKeyword$_click_closure1.call(ClickKeyword.groovy)
	at com.kms.katalon.core.webui.keyword.internal.WebUIKeywordMain.runKeyword(WebUIKeywordMain.groovy:20)
	at com.kms.katalon.core.webui.keyword.builtin.ClickKeyword.click(ClickKeyword.groovy:86)
	at com.kms.katalon.core.webui.keyword.builtin.ClickKeyword.execute(ClickKeyword.groovy:67)
	at com.kms.katalon.core.keyword.internal.KeywordExecutor.executeKeywordForPlatform(KeywordExecutor.groovy:56)
	at com.kms.katalon.core.webui.keyword.WebUiBuiltInKeywords.click(WebUiBuiltInKeywords.groovy:616)
	at com.kms.katalon.core.webui.keyword.WebUiBuiltInKeywords$click$2.call(Unknown Source)
	at Script1533927641592.run(Script1533927641592.groovy:34)
	... 13 more


2019-04-11 15:57:38 - [TEST_STEP][PASSED] - callTestCase(findTestCase("s-sidebar_navigation/individualAccount/survey"), [:], STOP_ON_FAILURE): Call Test Case 'Test Cases/s-sidebar_navigation/individualAccount/survey' successfully

2019-04-11 15:57:38 - [TEST_CASE][PASSED] - Test Cases/s-sidebar_navigation/individualAccount/survey: Test Cases/s-sidebar_navigation/individualAccount/survey

2019-04-11 15:57:38 - [TEST_STEP][PASSED] - callTestCase(findTestCase("s-sidebar_navigation/individualAccount/Login_Muzamil - Staging"), [:], STOP_ON_FAILURE): Call Test Case 'Test Cases/s-sidebar_navigation/individualAccount/Login_Muzamil - Staging' successfully

2019-04-11 15:57:38 - [TEST_CASE][PASSED] - Test Cases/s-sidebar_navigation/individualAccount/Login_Muzamil - Staging: Test Cases/s-sidebar_navigation/individualAccount/Login_Muzamil - Staging

2019-04-11 15:57:38 - [TEST_STEP][PASSED] - openBrowser(""): Browser is opened with url: ''

2019-04-11 15:57:38 - [MESSAGE][WARNING] - A browser is already opened. Closing browser and opening a new one

2019-04-11 15:57:38 - [MESSAGE][INFO] - Starting 'Chrome' driver

2019-04-11 15:57:39 - [MESSAGE][PASSED] - Browser is opened with url: ''

2019-04-11 15:57:39 - [TEST_STEP][PASSED] - maximizeWindow(): Current window maximized

2019-04-11 15:57:39 - [MESSAGE][PASSED] - Current window maximized

2019-04-11 15:57:39 - [TEST_STEP][PASSED] - navigateToUrl("https://saccounts.cloudkibo.com/?continue=https://skiboengage.cloudkibo.com"): Navigate to 'https://saccounts.cloudkibo.com/?continue=https://skiboengage.cloudkibo.com' successfully

2019-04-11 15:57:50 - [MESSAGE][PASSED] - Navigate to 'https://saccounts.cloudkibo.com/?continue=https://skiboengage.cloudkibo.com' successfully

2019-04-11 15:57:50 - [TEST_STEP][PASSED] - delay(2): Delayed 2 second(s)

2019-04-11 15:57:52 - [MESSAGE][PASSED] - Delayed 2 second(s)

2019-04-11 15:57:52 - [TEST_STEP][PASSED] - click(findTestObject("Page_CloudKibo/a_Login (4)")): Object: 'Object Repository/Page_CloudKibo/a_Login (4)' is clicked on

2019-04-11 15:57:53 - [MESSAGE][PASSED] - Object: 'Object Repository/Page_CloudKibo/a_Login (4)' is clicked on

2019-04-11 15:57:53 - [TEST_STEP][PASSED] - setText(findTestObject("Page_CloudKibo/input_Sign In_email (3)"), "muzamil.bukhari.39@gmail.com"): Text 'muzamil.bukhari.39@gmail.com' is set on object 'Object Repository/Page_CloudKibo/input_Sign In_email (3)'

2019-04-11 15:57:53 - [MESSAGE][PASSED] - Text 'muzamil.bukhari.39@gmail.com' is set on object 'Object Repository/Page_CloudKibo/input_Sign In_email (3)'

2019-04-11 15:57:53 - [TEST_STEP][PASSED] - setEncryptedText(findTestObject("Page_CloudKibo/input_Sign In_password (3)"), "ZOMPkeJIpHVS6OGLcNHjig=="): Text ****** has been set on object 'Object Repository/Page_CloudKibo/input_Sign In_password (3)'

2019-04-11 15:57:53 - [MESSAGE][PASSED] - Text ****** has been set on object 'Object Repository/Page_CloudKibo/input_Sign In_password (3)'

2019-04-11 15:57:53 - [TEST_STEP][PASSED] - click(findTestObject("Page_CloudKibo/button_Sign In (7)")): Object: 'Object Repository/Page_CloudKibo/button_Sign In (7)' is clicked on

2019-04-11 15:57:53 - [MESSAGE][PASSED] - Object: 'Object Repository/Page_CloudKibo/button_Sign In (7)' is clicked on

2019-04-11 15:57:53 - [TEST_STEP][PASSED] - click(findTestObject("Page_KiboEngage  Dashboard/h4_KIBOPUSH (2)")): Object: 'Object Repository/Page_KiboEngage  Dashboard/h4_KIBOPUSH (2)' is clicked on

2019-04-11 15:58:28 - [MESSAGE][PASSED] - Object: 'Object Repository/Page_KiboEngage  Dashboard/h4_KIBOPUSH (2)' is clicked on

2019-04-11 15:58:28 - [MESSAGE][PASSED] - Call Test Case 'Test Cases/s-sidebar_navigation/individualAccount/Login_Muzamil - Staging' successfully

2019-04-11 15:58:28 - [TEST_STEP][PASSED] - click(findTestObject("Page_KiboPush  Dashboard/span_Broadcasting")): Object: 'Object Repository/Page_KiboPush  Dashboard/span_Broadcasting' is clicked on

2019-04-11 15:58:28 - [MESSAGE][PASSED] - Object: 'Object Repository/Page_KiboPush  Dashboard/span_Broadcasting' is clicked on

2019-04-11 15:58:28 - [TEST_STEP][PASSED] - delay(2): Delayed 2 second(s)

2019-04-11 15:58:30 - [MESSAGE][PASSED] - Delayed 2 second(s)

2019-04-11 15:58:30 - [TEST_STEP][PASSED] - click(findTestObject("Page_KiboPush  Dashboard/span_Surveys")): Object: 'Object Repository/Page_KiboPush  Dashboard/span_Surveys' is clicked on

2019-04-11 15:58:30 - [MESSAGE][PASSED] - Object: 'Object Repository/Page_KiboPush  Dashboard/span_Surveys' is clicked on

2019-04-11 15:58:30 - [TEST_STEP][PASSED] - delay(2): Delayed 2 second(s)

2019-04-11 15:58:32 - [MESSAGE][PASSED] - Delayed 2 second(s)

2019-04-11 15:58:32 - [TEST_STEP][PASSED] - click(findTestObject("Page_KiboPush  Survey/h3_Manage Surveys")): Object: 'Object Repository/Page_KiboPush  Survey/h3_Manage Surveys' is clicked on

2019-04-11 15:58:32 - [MESSAGE][PASSED] - Object: 'Object Repository/Page_KiboPush  Survey/h3_Manage Surveys' is clicked on

2019-04-11 15:58:32 - [MESSAGE][PASSED] - Call Test Case 'Test Cases/s-sidebar_navigation/individualAccount/survey' successfully

2019-04-11 15:58:32 - [TEST_STEP][PASSED] - click(findTestObject("Page_KiboPush  Survey/button_Create New (1)")): Object: 'Object Repository/Page_KiboPush  Survey/button_Create New (1)' is clicked on

2019-04-11 15:58:32 - [MESSAGE][PASSED] - Object: 'Object Repository/Page_KiboPush  Survey/button_Create New (1)' is clicked on

2019-04-11 15:58:32 - [TEST_STEP][PASSED] - click(findTestObject("Page_KiboPush  Survey/button_Create New Survey (1)")): Object: 'Object Repository/Page_KiboPush  Survey/button_Create New Survey (1)' is clicked on

2019-04-11 15:58:32 - [MESSAGE][PASSED] - Object: 'Object Repository/Page_KiboPush  Survey/button_Create New Survey (1)' is clicked on

2019-04-11 15:58:32 - [TEST_STEP][PASSED] - delay(1): Delayed 1 second(s)

2019-04-11 15:58:33 - [MESSAGE][PASSED] - Delayed 1 second(s)

2019-04-11 15:58:33 - [TEST_STEP][PASSED] - click(findTestObject("Page_KiboPush  Add Survey/button_Add Questions")): Object: 'Object Repository/Page_KiboPush  Add Survey/button_Add Questions' is clicked on

2019-04-11 15:58:34 - [MESSAGE][PASSED] - Object: 'Object Repository/Page_KiboPush  Add Survey/button_Add Questions' is clicked on

2019-04-11 15:58:34 - [TEST_STEP][PASSED] - delay(2): Delayed 2 second(s)

2019-04-11 15:58:36 - [MESSAGE][PASSED] - Delayed 2 second(s)

2019-04-11 15:58:36 - [TEST_STEP][FAILED] - click(findTestObject("Object Repository/Page_KiboPush  Add Survey/span_fa fa-times")): click(findTestObject("Object Repository/Page_KiboPush  Add Survey/span_fa fa-times")) FAILED.
Reason:
com.kms.katalon.core.exception.StepFailedException: Unable to click on object 'Object Repository/Page_KiboPush  Add Survey/span_fa fa-times'
	at com.kms.katalon.core.webui.keyword.internal.WebUIKeywordMain.stepFailed(WebUIKeywordMain.groovy:64)
	at com.kms.katalon.core.webui.keyword.internal.WebUIKeywordMain.runKeyword(WebUIKeywordMain.groovy:26)
	at com.kms.katalon.core.webui.keyword.builtin.ClickKeyword.click(ClickKeyword.groovy:86)
	at com.kms.katalon.core.webui.keyword.builtin.ClickKeyword.execute(ClickKeyword.groovy:67)
	at com.kms.katalon.core.keyword.internal.KeywordExecutor.executeKeywordForPlatform(KeywordExecutor.groovy:56)
	at com.kms.katalon.core.webui.keyword.WebUiBuiltInKeywords.click(WebUiBuiltInKeywords.groovy:616)
	at com.kms.katalon.core.webui.keyword.WebUiBuiltInKeywords$click$2.call(Unknown Source)
	at TC0220.run(TC0220:34)
	at com.kms.katalon.core.main.ScriptEngine.run(ScriptEngine.java:194)
	at com.kms.katalon.core.main.ScriptEngine.runScriptAsRawText(ScriptEngine.java:119)
	at com.kms.katalon.core.main.TestCaseExecutor.runScript(TestCaseExecutor.java:331)
	at com.kms.katalon.core.main.TestCaseExecutor.doExecute(TestCaseExecutor.java:322)
	at com.kms.katalon.core.main.TestCaseExecutor.processExecutionPhase(TestCaseExecutor.java:301)
	at com.kms.katalon.core.main.TestCaseExecutor.accessMainPhase(TestCaseExecutor.java:293)
	at com.kms.katalon.core.main.TestCaseExecutor.execute(TestCaseExecutor.java:227)
	at com.kms.katalon.core.main.TestSuiteExecutor.accessTestCaseMainPhase(TestSuiteExecutor.java:129)
	at com.kms.katalon.core.main.TestSuiteExecutor.accessTestSuiteMainPhase(TestSuiteExecutor.java:112)
	at com.kms.katalon.core.main.TestSuiteExecutor.execute(TestSuiteExecutor.java:81)
	at com.kms.katalon.core.main.TestCaseMain.startTestSuite(TestCaseMain.java:157)
	at com.kms.katalon.core.main.TestCaseMain$startTestSuite$0.call(Unknown Source)
	at TempTestSuite1554979075443.run(TempTestSuite1554979075443.groovy:35)
Caused by: com.kms.katalon.core.webui.exception.WebElementNotFoundException: Web element with id: 'Object Repository/Page_KiboPush  Add Survey/span_fa fa-times' located by 'By.xpath: id("identity")/div[@class="m-portlet__body"]/div[@class="col-xl-12"]/div[@class="col-lg-12 col-md-12 col-sm-12 col-xs-12"]/div[@class="panel panel-default field-editor"]/div[@class="panel-heading clearfix"]/div[@class="pull-right btn-toolbar"]/a[@class="remove"]/span[@class="fa fa-times"]' not found
	at com.kms.katalon.core.webui.common.WebUiCommonHelper.findWebElement(WebUiCommonHelper.java:1053)
	at com.kms.katalon.core.webui.keyword.internal.WebUIAbstractKeyword.findWebElement(WebUIAbstractKeyword.groovy:27)
	at com.kms.katalon.core.webui.keyword.internal.WebUIAbstractKeyword.findWebElement(WebUIAbstractKeyword.groovy:26)
	at com.kms.katalon.core.webui.keyword.builtin.ClickKeyword$_click_closure1.doCall(ClickKeyword.groovy:77)
	at com.kms.katalon.core.webui.keyword.builtin.ClickKeyword$_click_closure1.call(ClickKeyword.groovy)
	at com.kms.katalon.core.webui.keyword.internal.WebUIKeywordMain.runKeyword(WebUIKeywordMain.groovy:20)
	at com.kms.katalon.core.webui.keyword.builtin.ClickKeyword.click(ClickKeyword.groovy:86)
	at com.kms.katalon.core.webui.keyword.builtin.ClickKeyword.execute(ClickKeyword.groovy:67)
	at com.kms.katalon.core.keyword.internal.KeywordExecutor.executeKeywordForPlatform(KeywordExecutor.groovy:56)
	at com.kms.katalon.core.webui.keyword.WebUiBuiltInKeywords.click(WebUiBuiltInKeywords.groovy:616)
	at com.kms.katalon.core.webui.keyword.WebUiBuiltInKeywords$click$2.call(Unknown Source)
	at Script1533927641592.run(Script1533927641592.groovy:34)
	... 13 more


2019-04-11 15:59:06 - [MESSAGE][INFO] - Unable to find the element located by 'By.xpath: id("identity")/div[@class="m-portlet__body"]/div[@class="col-xl-12"]/div[@class="col-lg-12 col-md-12 col-sm-12 col-xs-12"]/div[@class="panel panel-default field-editor"]/div[@class="panel-heading clearfix"]/div[@class="pull-right btn-toolbar"]/a[@class="remove"]/span[@class="fa fa-times"]'. Please recheck the objects properties to make sure the desired element is located. 

2019-04-11 15:59:06 - [MESSAGE][FAILED] - Unable to click on object 'Object Repository/Page_KiboPush  Add Survey/span_fa fa-times' (Root cause: com.kms.katalon.core.exception.StepFailedException: Unable to click on object 'Object Repository/Page_KiboPush  Add Survey/span_fa fa-times'
	at com.kms.katalon.core.webui.keyword.internal.WebUIKeywordMain.stepFailed(WebUIKeywordMain.groovy:64)
	at com.kms.katalon.core.webui.keyword.internal.WebUIKeywordMain.runKeyword(WebUIKeywordMain.groovy:26)
	at com.kms.katalon.core.webui.keyword.builtin.ClickKeyword.click(ClickKeyword.groovy:86)
	at com.kms.katalon.core.webui.keyword.builtin.ClickKeyword.execute(ClickKeyword.groovy:67)
	at com.kms.katalon.core.keyword.internal.KeywordExecutor.executeKeywordForPlatform(KeywordExecutor.groovy:56)
	at com.kms.katalon.core.webui.keyword.WebUiBuiltInKeywords.click(WebUiBuiltInKeywords.groovy:616)
	at com.kms.katalon.core.webui.keyword.WebUiBuiltInKeywords$click$2.call(Unknown Source)
	at TC0220.run(TC0220:34)
	at com.kms.katalon.core.main.ScriptEngine.run(ScriptEngine.java:194)
	at com.kms.katalon.core.main.ScriptEngine.runScriptAsRawText(ScriptEngine.java:119)
	at com.kms.katalon.core.main.TestCaseExecutor.runScript(TestCaseExecutor.java:331)
	at com.kms.katalon.core.main.TestCaseExecutor.doExecute(TestCaseExecutor.java:322)
	at com.kms.katalon.core.main.TestCaseExecutor.processExecutionPhase(TestCaseExecutor.java:301)
	at com.kms.katalon.core.main.TestCaseExecutor.accessMainPhase(TestCaseExecutor.java:293)
	at com.kms.katalon.core.main.TestCaseExecutor.execute(TestCaseExecutor.java:227)
	at com.kms.katalon.core.main.TestSuiteExecutor.accessTestCaseMainPhase(TestSuiteExecutor.java:129)
	at com.kms.katalon.core.main.TestSuiteExecutor.accessTestSuiteMainPhase(TestSuiteExecutor.java:112)
	at com.kms.katalon.core.main.TestSuiteExecutor.execute(TestSuiteExecutor.java:81)
	at com.kms.katalon.core.main.TestCaseMain.startTestSuite(TestCaseMain.java:157)
	at com.kms.katalon.core.main.TestCaseMain$startTestSuite$0.call(Unknown Source)
	at TempTestSuite1554979075443.run(TempTestSuite1554979075443.groovy:35)
Caused by: com.kms.katalon.core.webui.exception.WebElementNotFoundException: Web element with id: 'Object Repository/Page_KiboPush  Add Survey/span_fa fa-times' located by 'By.xpath: id("identity")/div[@class="m-portlet__body"]/div[@class="col-xl-12"]/div[@class="col-lg-12 col-md-12 col-sm-12 col-xs-12"]/div[@class="panel panel-default field-editor"]/div[@class="panel-heading clearfix"]/div[@class="pull-right btn-toolbar"]/a[@class="remove"]/span[@class="fa fa-times"]' not found
	at com.kms.katalon.core.webui.common.WebUiCommonHelper.findWebElement(WebUiCommonHelper.java:1053)
	at com.kms.katalon.core.webui.keyword.internal.WebUIAbstractKeyword.findWebElement(WebUIAbstractKeyword.groovy:27)
	at com.kms.katalon.core.webui.keyword.internal.WebUIAbstractKeyword.findWebElement(WebUIAbstractKeyword.groovy:26)
	at com.kms.katalon.core.webui.keyword.builtin.ClickKeyword$_click_closure1.doCall(ClickKeyword.groovy:77)
	at com.kms.katalon.core.webui.keyword.builtin.ClickKeyword$_click_closure1.call(ClickKeyword.groovy)
	at com.kms.katalon.core.webui.keyword.internal.WebUIKeywordMain.runKeyword(WebUIKeywordMain.groovy:20)
	at com.kms.katalon.core.webui.keyword.builtin.ClickKeyword.click(ClickKeyword.groovy:86)
	at com.kms.katalon.core.webui.keyword.builtin.ClickKeyword.execute(ClickKeyword.groovy:67)
	at com.kms.katalon.core.keyword.internal.KeywordExecutor.executeKeywordForPlatform(KeywordExecutor.groovy:56)
	at com.kms.katalon.core.webui.keyword.WebUiBuiltInKeywords.click(WebUiBuiltInKeywords.groovy:616)
	at com.kms.katalon.core.webui.keyword.WebUiBuiltInKeywords$click$2.call(Unknown Source)
	at Script1533927641592.run(Script1533927641592.groovy:34)
	... 13 more
)
[[ATTACHMENT|/home/cloudkibo-muzamil/Downloads/Test cases/production/KiboPush/Reports/survey/20190411_153755/1554980346736.png]]

2019-04-11 15:59:06 - [MESSAGE][FAILED] - click(findTestObject("Object Repository/Page_KiboPush  Add Survey/span_fa fa-times")) FAILED.
Reason:
com.kms.katalon.core.exception.StepFailedException: Unable to click on object 'Object Repository/Page_KiboPush  Add Survey/span_fa fa-times'
	at com.kms.katalon.core.webui.keyword.internal.WebUIKeywordMain.stepFailed(WebUIKeywordMain.groovy:64)
	at com.kms.katalon.core.webui.keyword.internal.WebUIKeywordMain.runKeyword(WebUIKeywordMain.groovy:26)
	at com.kms.katalon.core.webui.keyword.builtin.ClickKeyword.click(ClickKeyword.groovy:86)
	at com.kms.katalon.core.webui.keyword.builtin.ClickKeyword.execute(ClickKeyword.groovy:67)
	at com.kms.katalon.core.keyword.internal.KeywordExecutor.executeKeywordForPlatform(KeywordExecutor.groovy:56)
	at com.kms.katalon.core.webui.keyword.WebUiBuiltInKeywords.click(WebUiBuiltInKeywords.groovy:616)
	at com.kms.katalon.core.webui.keyword.WebUiBuiltInKeywords$click$2.call(Unknown Source)
	at TC0220.run(TC0220:34)
	at com.kms.katalon.core.main.ScriptEngine.run(ScriptEngine.java:194)
	at com.kms.katalon.core.main.ScriptEngine.runScriptAsRawText(ScriptEngine.java:119)
	at com.kms.katalon.core.main.TestCaseExecutor.runScript(TestCaseExecutor.java:331)
	at com.kms.katalon.core.main.TestCaseExecutor.doExecute(TestCaseExecutor.java:322)
	at com.kms.katalon.core.main.TestCaseExecutor.processExecutionPhase(TestCaseExecutor.java:301)
	at com.kms.katalon.core.main.TestCaseExecutor.accessMainPhase(TestCaseExecutor.java:293)
	at com.kms.katalon.core.main.TestCaseExecutor.execute(TestCaseExecutor.java:227)
	at com.kms.katalon.core.main.TestSuiteExecutor.accessTestCaseMainPhase(TestSuiteExecutor.java:129)
	at com.kms.katalon.core.main.TestSuiteExecutor.accessTestSuiteMainPhase(TestSuiteExecutor.java:112)
	at com.kms.katalon.core.main.TestSuiteExecutor.execute(TestSuiteExecutor.java:81)
	at com.kms.katalon.core.main.TestCaseMain.startTestSuite(TestCaseMain.java:157)
	at com.kms.katalon.core.main.TestCaseMain$startTestSuite$0.call(Unknown Source)
	at TempTestSuite1554979075443.run(TempTestSuite1554979075443.groovy:35)
Caused by: com.kms.katalon.core.webui.exception.WebElementNotFoundException: Web element with id: 'Object Repository/Page_KiboPush  Add Survey/span_fa fa-times' located by 'By.xpath: id("identity")/div[@class="m-portlet__body"]/div[@class="col-xl-12"]/div[@class="col-lg-12 col-md-12 col-sm-12 col-xs-12"]/div[@class="panel panel-default field-editor"]/div[@class="panel-heading clearfix"]/div[@class="pull-right btn-toolbar"]/a[@class="remove"]/span[@class="fa fa-times"]' not found
	at com.kms.katalon.core.webui.common.WebUiCommonHelper.findWebElement(WebUiCommonHelper.java:1053)
	at com.kms.katalon.core.webui.keyword.internal.WebUIAbstractKeyword.findWebElement(WebUIAbstractKeyword.groovy:27)
	at com.kms.katalon.core.webui.keyword.internal.WebUIAbstractKeyword.findWebElement(WebUIAbstractKeyword.groovy:26)
	at com.kms.katalon.core.webui.keyword.builtin.ClickKeyword$_click_closure1.doCall(ClickKeyword.groovy:77)
	at com.kms.katalon.core.webui.keyword.builtin.ClickKeyword$_click_closure1.call(ClickKeyword.groovy)
	at com.kms.katalon.core.webui.keyword.internal.WebUIKeywordMain.runKeyword(WebUIKeywordMain.groovy:20)
	at com.kms.katalon.core.webui.keyword.builtin.ClickKeyword.click(ClickKeyword.groovy:86)
	at com.kms.katalon.core.webui.keyword.builtin.ClickKeyword.execute(ClickKeyword.groovy:67)
	at com.kms.katalon.core.keyword.internal.KeywordExecutor.executeKeywordForPlatform(KeywordExecutor.groovy:56)
	at com.kms.katalon.core.webui.keyword.WebUiBuiltInKeywords.click(WebUiBuiltInKeywords.groovy:616)
	at com.kms.katalon.core.webui.keyword.WebUiBuiltInKeywords$click$2.call(Unknown Source)
	at Script1533927641592.run(Script1533927641592.groovy:34)
	... 13 more]]></system-out>
         <system-err><![CDATA[2019-04-11 15:57:38 - [TEST_CASE][FAILED] - Test Cases/Survey Test Cases/TC0220: Test Cases/Survey Test Cases/TC0220 FAILED.
Reason:
com.kms.katalon.core.exception.StepFailedException: Unable to click on object 'Object Repository/Page_KiboPush  Add Survey/span_fa fa-times'
	at com.kms.katalon.core.webui.keyword.internal.WebUIKeywordMain.stepFailed(WebUIKeywordMain.groovy:64)
	at com.kms.katalon.core.webui.keyword.internal.WebUIKeywordMain.runKeyword(WebUIKeywordMain.groovy:26)
	at com.kms.katalon.core.webui.keyword.builtin.ClickKeyword.click(ClickKeyword.groovy:86)
	at com.kms.katalon.core.webui.keyword.builtin.ClickKeyword.execute(ClickKeyword.groovy:67)
	at com.kms.katalon.core.keyword.internal.KeywordExecutor.executeKeywordForPlatform(KeywordExecutor.groovy:56)
	at com.kms.katalon.core.webui.keyword.WebUiBuiltInKeywords.click(WebUiBuiltInKeywords.groovy:616)
	at com.kms.katalon.core.webui.keyword.WebUiBuiltInKeywords$click$2.call(Unknown Source)
	at TC0220.run(TC0220:34)
	at com.kms.katalon.core.main.ScriptEngine.run(ScriptEngine.java:194)
	at com.kms.katalon.core.main.ScriptEngine.runScriptAsRawText(ScriptEngine.java:119)
	at com.kms.katalon.core.main.TestCaseExecutor.runScript(TestCaseExecutor.java:331)
	at com.kms.katalon.core.main.TestCaseExecutor.doExecute(TestCaseExecutor.java:322)
	at com.kms.katalon.core.main.TestCaseExecutor.processExecutionPhase(TestCaseExecutor.java:301)
	at com.kms.katalon.core.main.TestCaseExecutor.accessMainPhase(TestCaseExecutor.java:293)
	at com.kms.katalon.core.main.TestCaseExecutor.execute(TestCaseExecutor.java:227)
	at com.kms.katalon.core.main.TestSuiteExecutor.accessTestCaseMainPhase(TestSuiteExecutor.java:129)
	at com.kms.katalon.core.main.TestSuiteExecutor.accessTestSuiteMainPhase(TestSuiteExecutor.java:112)
	at com.kms.katalon.core.main.TestSuiteExecutor.execute(TestSuiteExecutor.java:81)
	at com.kms.katalon.core.main.TestCaseMain.startTestSuite(TestCaseMain.java:157)
	at com.kms.katalon.core.main.TestCaseMain$startTestSuite$0.call(Unknown Source)
	at TempTestSuite1554979075443.run(TempTestSuite1554979075443.groovy:35)
Caused by: com.kms.katalon.core.webui.exception.WebElementNotFoundException: Web element with id: 'Object Repository/Page_KiboPush  Add Survey/span_fa fa-times' located by 'By.xpath: id("identity")/div[@class="m-portlet__body"]/div[@class="col-xl-12"]/div[@class="col-lg-12 col-md-12 col-sm-12 col-xs-12"]/div[@class="panel panel-default field-editor"]/div[@class="panel-heading clearfix"]/div[@class="pull-right btn-toolbar"]/a[@class="remove"]/span[@class="fa fa-times"]' not found
	at com.kms.katalon.core.webui.common.WebUiCommonHelper.findWebElement(WebUiCommonHelper.java:1053)
	at com.kms.katalon.core.webui.keyword.internal.WebUIAbstractKeyword.findWebElement(WebUIAbstractKeyword.groovy:27)
	at com.kms.katalon.core.webui.keyword.internal.WebUIAbstractKeyword.findWebElement(WebUIAbstractKeyword.groovy:26)
	at com.kms.katalon.core.webui.keyword.builtin.ClickKeyword$_click_closure1.doCall(ClickKeyword.groovy:77)
	at com.kms.katalon.core.webui.keyword.builtin.ClickKeyword$_click_closure1.call(ClickKeyword.groovy)
	at com.kms.katalon.core.webui.keyword.internal.WebUIKeywordMain.runKeyword(WebUIKeywordMain.groovy:20)
	at com.kms.katalon.core.webui.keyword.builtin.ClickKeyword.click(ClickKeyword.groovy:86)
	at com.kms.katalon.core.webui.keyword.builtin.ClickKeyword.execute(ClickKeyword.groovy:67)
	at com.kms.katalon.core.keyword.internal.KeywordExecutor.executeKeywordForPlatform(KeywordExecutor.groovy:56)
	at com.kms.katalon.core.webui.keyword.WebUiBuiltInKeywords.click(WebUiBuiltInKeywords.groovy:616)
	at com.kms.katalon.core.webui.keyword.WebUiBuiltInKeywords$click$2.call(Unknown Source)
	at Script1533927641592.run(Script1533927641592.groovy:34)
	... 13 more]]></system-err>
      </testcase>
      <testcase name="Test Cases/Survey Test Cases/TC0221" classname="Test Cases/Survey Test Cases/TC0221" status="FAILED">
         <failure type="FAILED" message="Test Cases/Survey Test Cases/TC0221 FAILED.
Reason:
com.kms.katalon.core.exception.StepFailedException: Unable to click on object 'Object Repository/Page_KiboPush  Add Survey/button_Add Questions'
	at com.kms.katalon.core.webui.keyword.internal.WebUIKeywordMain.stepFailed(WebUIKeywordMain.groovy:64)
	at com.kms.katalon.core.webui.keyword.internal.WebUIKeywordMain.runKeyword(WebUIKeywordMain.groovy:26)
	at com.kms.katalon.core.webui.keyword.builtin.ClickKeyword.click(ClickKeyword.groovy:86)
	at com.kms.katalon.core.webui.keyword.builtin.ClickKeyword.execute(ClickKeyword.groovy:67)
	at com.kms.katalon.core.keyword.internal.KeywordExecutor.executeKeywordForPlatform(KeywordExecutor.groovy:56)
	at com.kms.katalon.core.webui.keyword.WebUiBuiltInKeywords.click(WebUiBuiltInKeywords.groovy:616)
	at com.kms.katalon.core.webui.keyword.WebUiBuiltInKeywords$click$2.call(Unknown Source)
	at TC0221.run(TC0221:32)
	at com.kms.katalon.core.main.ScriptEngine.run(ScriptEngine.java:194)
	at com.kms.katalon.core.main.ScriptEngine.runScriptAsRawText(ScriptEngine.java:119)
	at com.kms.katalon.core.main.TestCaseExecutor.runScript(TestCaseExecutor.java:331)
	at com.kms.katalon.core.main.TestCaseExecutor.doExecute(TestCaseExecutor.java:322)
	at com.kms.katalon.core.main.TestCaseExecutor.processExecutionPhase(TestCaseExecutor.java:301)
	at com.kms.katalon.core.main.TestCaseExecutor.accessMainPhase(TestCaseExecutor.java:293)
	at com.kms.katalon.core.main.TestCaseExecutor.execute(TestCaseExecutor.java:227)
	at com.kms.katalon.core.main.TestSuiteExecutor.accessTestCaseMainPhase(TestSuiteExecutor.java:129)
	at com.kms.katalon.core.main.TestSuiteExecutor.accessTestSuiteMainPhase(TestSuiteExecutor.java:112)
	at com.kms.katalon.core.main.TestSuiteExecutor.execute(TestSuiteExecutor.java:81)
	at com.kms.katalon.core.main.TestCaseMain.startTestSuite(TestCaseMain.java:157)
	at com.kms.katalon.core.main.TestCaseMain$startTestSuite$0.call(Unknown Source)
	at TempTestSuite1554979075443.run(TempTestSuite1554979075443.groovy:35)
Caused by: org.openqa.selenium.WebDriverException: unknown error: Element &lt;button class=&quot;btn btn-primary btn-sm&quot;>...&lt;/button> is not clickable at point (399, 684). Other element would receive the click: &lt;div style=&quot;opacity: 0; overflow-y: auto; position: absolute; top: 0px; left: 0px; height: 100%; width: 100%; transition: opacity 0.3s ease 0s; cursor: pointer;&quot;>...&lt;/div>
  (Session info: chrome=73.0.3683.86)
  (Driver info: chromedriver=2.43.600233 (523efee95e3d68b8719b3a1c83051aa63aa6b10d),platform=Linux 4.18.0-17-generic x86_64) (WARNING: The server did not provide any stacktrace information)
Command duration or timeout: 0 milliseconds
Build info: version: '3.7.1', revision: '8a0099a', time: '2017-11-06T21:07:36.161Z'
System info: host: 'cloudkibomuzamil-Precision-T1700', ip: '127.0.1.1', os.name: 'Linux', os.arch: 'amd64', os.version: '4.18.0-17-generic', java.version: '1.8.0_191'
Driver info: com.kms.katalon.selenium.driver.CChromeDriver
Capabilities {acceptInsecureCerts: false, acceptSslCerts: false, applicationCacheEnabled: false, browserConnectionEnabled: false, browserName: chrome, chrome: {chromedriverVersion: 2.43.600233 (523efee95e3d68..., userDataDir: /tmp/.org.chromium.Chromium...}, cssSelectorsEnabled: true, databaseEnabled: false, goog:chromeOptions: {debuggerAddress: localhost:44419}, handlesAlerts: true, hasTouchScreen: false, javascriptEnabled: true, locationContextEnabled: true, mobileEmulationEnabled: false, nativeEvents: true, networkConnectionEnabled: false, pageLoadStrategy: normal, platform: LINUX, platformName: LINUX, rotatable: false, setWindowRect: true, takesHeapSnapshot: true, takesScreenshot: true, unexpectedAlertBehaviour: , unhandledPromptBehavior: , version: 73.0.3683.86, webStorageEnabled: true}
Session ID: a57b3fcc9dee1fa33c4cfad18759811c
	at org.openqa.selenium.remote.ErrorHandler.createThrowable(ErrorHandler.java:214)
	at org.openqa.selenium.remote.ErrorHandler.throwIfResponseFailed(ErrorHandler.java:166)
	at org.openqa.selenium.remote.http.JsonHttpResponseCodec.reconstructValue(JsonHttpResponseCodec.java:40)
	at org.openqa.selenium.remote.http.AbstractHttpResponseCodec.decode(AbstractHttpResponseCodec.java:80)
	at org.openqa.selenium.remote.http.AbstractHttpResponseCodec.decode(AbstractHttpResponseCodec.java:44)
	at org.openqa.selenium.remote.HttpCommandExecutor.execute(HttpCommandExecutor.java:164)
	at org.openqa.selenium.remote.service.DriverCommandExecutor.execute(DriverCommandExecutor.java:83)
	at org.openqa.selenium.remote.RemoteWebDriver.execute(RemoteWebDriver.java:600)
	at com.kms.katalon.selenium.driver.CChromeDriver.execute(CChromeDriver.java:20)
	at org.openqa.selenium.remote.RemoteWebElement.execute(RemoteWebElement.java:279)
	at org.openqa.selenium.remote.RemoteWebElement.click(RemoteWebElement.java:83)
	at com.kms.katalon.core.webui.keyword.builtin.ClickKeyword$_click_closure1.doCall(ClickKeyword.groovy:79)
	at com.kms.katalon.core.webui.keyword.builtin.ClickKeyword$_click_closure1.call(ClickKeyword.groovy)
	at com.kms.katalon.core.webui.keyword.internal.WebUIKeywordMain.runKeyword(WebUIKeywordMain.groovy:20)
	at com.kms.katalon.core.webui.keyword.builtin.ClickKeyword.click(ClickKeyword.groovy:86)
	at com.kms.katalon.core.webui.keyword.builtin.ClickKeyword.execute(ClickKeyword.groovy:67)
	at com.kms.katalon.core.keyword.internal.KeywordExecutor.executeKeywordForPlatform(KeywordExecutor.groovy:56)
	at com.kms.katalon.core.webui.keyword.WebUiBuiltInKeywords.click(WebUiBuiltInKeywords.groovy:616)
	at com.kms.katalon.core.webui.keyword.WebUiBuiltInKeywords$click$2.call(Unknown Source)
	at Script1533976768691.run(Script1533976768691.groovy:32)
	... 13 more
"/>
         <system-out><![CDATA[2019-04-11 15:59:06 - [TEST_CASE][FAILED] - Test Cases/Survey Test Cases/TC0221: Test Cases/Survey Test Cases/TC0221 FAILED.
Reason:
com.kms.katalon.core.exception.StepFailedException: Unable to click on object 'Object Repository/Page_KiboPush  Add Survey/button_Add Questions'
	at com.kms.katalon.core.webui.keyword.internal.WebUIKeywordMain.stepFailed(WebUIKeywordMain.groovy:64)
	at com.kms.katalon.core.webui.keyword.internal.WebUIKeywordMain.runKeyword(WebUIKeywordMain.groovy:26)
	at com.kms.katalon.core.webui.keyword.builtin.ClickKeyword.click(ClickKeyword.groovy:86)
	at com.kms.katalon.core.webui.keyword.builtin.ClickKeyword.execute(ClickKeyword.groovy:67)
	at com.kms.katalon.core.keyword.internal.KeywordExecutor.executeKeywordForPlatform(KeywordExecutor.groovy:56)
	at com.kms.katalon.core.webui.keyword.WebUiBuiltInKeywords.click(WebUiBuiltInKeywords.groovy:616)
	at com.kms.katalon.core.webui.keyword.WebUiBuiltInKeywords$click$2.call(Unknown Source)
	at TC0221.run(TC0221:32)
	at com.kms.katalon.core.main.ScriptEngine.run(ScriptEngine.java:194)
	at com.kms.katalon.core.main.ScriptEngine.runScriptAsRawText(ScriptEngine.java:119)
	at com.kms.katalon.core.main.TestCaseExecutor.runScript(TestCaseExecutor.java:331)
	at com.kms.katalon.core.main.TestCaseExecutor.doExecute(TestCaseExecutor.java:322)
	at com.kms.katalon.core.main.TestCaseExecutor.processExecutionPhase(TestCaseExecutor.java:301)
	at com.kms.katalon.core.main.TestCaseExecutor.accessMainPhase(TestCaseExecutor.java:293)
	at com.kms.katalon.core.main.TestCaseExecutor.execute(TestCaseExecutor.java:227)
	at com.kms.katalon.core.main.TestSuiteExecutor.accessTestCaseMainPhase(TestSuiteExecutor.java:129)
	at com.kms.katalon.core.main.TestSuiteExecutor.accessTestSuiteMainPhase(TestSuiteExecutor.java:112)
	at com.kms.katalon.core.main.TestSuiteExecutor.execute(TestSuiteExecutor.java:81)
	at com.kms.katalon.core.main.TestCaseMain.startTestSuite(TestCaseMain.java:157)
	at com.kms.katalon.core.main.TestCaseMain$startTestSuite$0.call(Unknown Source)
	at TempTestSuite1554979075443.run(TempTestSuite1554979075443.groovy:35)
Caused by: org.openqa.selenium.WebDriverException: unknown error: Element <button class="btn btn-primary btn-sm">...</button> is not clickable at point (399, 684). Other element would receive the click: <div style="opacity: 0; overflow-y: auto; position: absolute; top: 0px; left: 0px; height: 100%; width: 100%; transition: opacity 0.3s ease 0s; cursor: pointer;">...</div>
  (Session info: chrome=73.0.3683.86)
  (Driver info: chromedriver=2.43.600233 (523efee95e3d68b8719b3a1c83051aa63aa6b10d),platform=Linux 4.18.0-17-generic x86_64) (WARNING: The server did not provide any stacktrace information)
Command duration or timeout: 0 milliseconds
Build info: version: '3.7.1', revision: '8a0099a', time: '2017-11-06T21:07:36.161Z'
System info: host: 'cloudkibomuzamil-Precision-T1700', ip: '127.0.1.1', os.name: 'Linux', os.arch: 'amd64', os.version: '4.18.0-17-generic', java.version: '1.8.0_191'
Driver info: com.kms.katalon.selenium.driver.CChromeDriver
Capabilities {acceptInsecureCerts: false, acceptSslCerts: false, applicationCacheEnabled: false, browserConnectionEnabled: false, browserName: chrome, chrome: {chromedriverVersion: 2.43.600233 (523efee95e3d68..., userDataDir: /tmp/.org.chromium.Chromium...}, cssSelectorsEnabled: true, databaseEnabled: false, goog:chromeOptions: {debuggerAddress: localhost:44419}, handlesAlerts: true, hasTouchScreen: false, javascriptEnabled: true, locationContextEnabled: true, mobileEmulationEnabled: false, nativeEvents: true, networkConnectionEnabled: false, pageLoadStrategy: normal, platform: LINUX, platformName: LINUX, rotatable: false, setWindowRect: true, takesHeapSnapshot: true, takesScreenshot: true, unexpectedAlertBehaviour: , unhandledPromptBehavior: , version: 73.0.3683.86, webStorageEnabled: true}
Session ID: a57b3fcc9dee1fa33c4cfad18759811c
	at org.openqa.selenium.remote.ErrorHandler.createThrowable(ErrorHandler.java:214)
	at org.openqa.selenium.remote.ErrorHandler.throwIfResponseFailed(ErrorHandler.java:166)
	at org.openqa.selenium.remote.http.JsonHttpResponseCodec.reconstructValue(JsonHttpResponseCodec.java:40)
	at org.openqa.selenium.remote.http.AbstractHttpResponseCodec.decode(AbstractHttpResponseCodec.java:80)
	at org.openqa.selenium.remote.http.AbstractHttpResponseCodec.decode(AbstractHttpResponseCodec.java:44)
	at org.openqa.selenium.remote.HttpCommandExecutor.execute(HttpCommandExecutor.java:164)
	at org.openqa.selenium.remote.service.DriverCommandExecutor.execute(DriverCommandExecutor.java:83)
	at org.openqa.selenium.remote.RemoteWebDriver.execute(RemoteWebDriver.java:600)
	at com.kms.katalon.selenium.driver.CChromeDriver.execute(CChromeDriver.java:20)
	at org.openqa.selenium.remote.RemoteWebElement.execute(RemoteWebElement.java:279)
	at org.openqa.selenium.remote.RemoteWebElement.click(RemoteWebElement.java:83)
	at com.kms.katalon.core.webui.keyword.builtin.ClickKeyword$_click_closure1.doCall(ClickKeyword.groovy:79)
	at com.kms.katalon.core.webui.keyword.builtin.ClickKeyword$_click_closure1.call(ClickKeyword.groovy)
	at com.kms.katalon.core.webui.keyword.internal.WebUIKeywordMain.runKeyword(WebUIKeywordMain.groovy:20)
	at com.kms.katalon.core.webui.keyword.builtin.ClickKeyword.click(ClickKeyword.groovy:86)
	at com.kms.katalon.core.webui.keyword.builtin.ClickKeyword.execute(ClickKeyword.groovy:67)
	at com.kms.katalon.core.keyword.internal.KeywordExecutor.executeKeywordForPlatform(KeywordExecutor.groovy:56)
	at com.kms.katalon.core.webui.keyword.WebUiBuiltInKeywords.click(WebUiBuiltInKeywords.groovy:616)
	at com.kms.katalon.core.webui.keyword.WebUiBuiltInKeywords$click$2.call(Unknown Source)
	at Script1533976768691.run(Script1533976768691.groovy:32)
	... 13 more


2019-04-11 15:59:06 - [TEST_STEP][PASSED] - callTestCase(findTestCase("s-sidebar_navigation/individualAccount/survey"), [:], STOP_ON_FAILURE): Call Test Case 'Test Cases/s-sidebar_navigation/individualAccount/survey' successfully

2019-04-11 15:59:07 - [TEST_CASE][PASSED] - Test Cases/s-sidebar_navigation/individualAccount/survey: Test Cases/s-sidebar_navigation/individualAccount/survey

2019-04-11 15:59:07 - [TEST_STEP][PASSED] - callTestCase(findTestCase("s-sidebar_navigation/individualAccount/Login_Muzamil - Staging"), [:], STOP_ON_FAILURE): Call Test Case 'Test Cases/s-sidebar_navigation/individualAccount/Login_Muzamil - Staging' successfully

2019-04-11 15:59:07 - [TEST_CASE][PASSED] - Test Cases/s-sidebar_navigation/individualAccount/Login_Muzamil - Staging: Test Cases/s-sidebar_navigation/individualAccount/Login_Muzamil - Staging

2019-04-11 15:59:07 - [TEST_STEP][PASSED] - openBrowser(""): Browser is opened with url: ''

2019-04-11 15:59:07 - [MESSAGE][WARNING] - A browser is already opened. Closing browser and opening a new one

2019-04-11 15:59:07 - [MESSAGE][INFO] - Starting 'Chrome' driver

2019-04-11 15:59:07 - [MESSAGE][PASSED] - Browser is opened with url: ''

2019-04-11 15:59:07 - [TEST_STEP][PASSED] - maximizeWindow(): Current window maximized

2019-04-11 15:59:07 - [MESSAGE][PASSED] - Current window maximized

2019-04-11 15:59:07 - [TEST_STEP][PASSED] - navigateToUrl("https://saccounts.cloudkibo.com/?continue=https://skiboengage.cloudkibo.com"): Navigate to 'https://saccounts.cloudkibo.com/?continue=https://skiboengage.cloudkibo.com' successfully

2019-04-11 15:59:20 - [MESSAGE][PASSED] - Navigate to 'https://saccounts.cloudkibo.com/?continue=https://skiboengage.cloudkibo.com' successfully

2019-04-11 15:59:20 - [TEST_STEP][PASSED] - delay(2): Delayed 2 second(s)

2019-04-11 15:59:22 - [MESSAGE][PASSED] - Delayed 2 second(s)

2019-04-11 15:59:22 - [TEST_STEP][PASSED] - click(findTestObject("Page_CloudKibo/a_Login (4)")): Object: 'Object Repository/Page_CloudKibo/a_Login (4)' is clicked on

2019-04-11 15:59:23 - [MESSAGE][PASSED] - Object: 'Object Repository/Page_CloudKibo/a_Login (4)' is clicked on

2019-04-11 15:59:23 - [TEST_STEP][PASSED] - setText(findTestObject("Page_CloudKibo/input_Sign In_email (3)"), "muzamil.bukhari.39@gmail.com"): Text 'muzamil.bukhari.39@gmail.com' is set on object 'Object Repository/Page_CloudKibo/input_Sign In_email (3)'

2019-04-11 15:59:23 - [MESSAGE][PASSED] - Text 'muzamil.bukhari.39@gmail.com' is set on object 'Object Repository/Page_CloudKibo/input_Sign In_email (3)'

2019-04-11 15:59:23 - [TEST_STEP][PASSED] - setEncryptedText(findTestObject("Page_CloudKibo/input_Sign In_password (3)"), "ZOMPkeJIpHVS6OGLcNHjig=="): Text ****** has been set on object 'Object Repository/Page_CloudKibo/input_Sign In_password (3)'

2019-04-11 15:59:23 - [MESSAGE][PASSED] - Text ****** has been set on object 'Object Repository/Page_CloudKibo/input_Sign In_password (3)'

2019-04-11 15:59:23 - [TEST_STEP][PASSED] - click(findTestObject("Page_CloudKibo/button_Sign In (7)")): Object: 'Object Repository/Page_CloudKibo/button_Sign In (7)' is clicked on

2019-04-11 15:59:24 - [MESSAGE][PASSED] - Object: 'Object Repository/Page_CloudKibo/button_Sign In (7)' is clicked on

2019-04-11 15:59:24 - [TEST_STEP][PASSED] - click(findTestObject("Page_KiboEngage  Dashboard/h4_KIBOPUSH (2)")): Object: 'Object Repository/Page_KiboEngage  Dashboard/h4_KIBOPUSH (2)' is clicked on

2019-04-11 15:59:55 - [MESSAGE][PASSED] - Object: 'Object Repository/Page_KiboEngage  Dashboard/h4_KIBOPUSH (2)' is clicked on

2019-04-11 15:59:55 - [MESSAGE][PASSED] - Call Test Case 'Test Cases/s-sidebar_navigation/individualAccount/Login_Muzamil - Staging' successfully

2019-04-11 15:59:55 - [TEST_STEP][PASSED] - click(findTestObject("Page_KiboPush  Dashboard/span_Broadcasting")): Object: 'Object Repository/Page_KiboPush  Dashboard/span_Broadcasting' is clicked on

2019-04-11 15:59:56 - [MESSAGE][PASSED] - Object: 'Object Repository/Page_KiboPush  Dashboard/span_Broadcasting' is clicked on

2019-04-11 15:59:56 - [TEST_STEP][PASSED] - delay(2): Delayed 2 second(s)

2019-04-11 15:59:58 - [MESSAGE][PASSED] - Delayed 2 second(s)

2019-04-11 15:59:58 - [TEST_STEP][PASSED] - click(findTestObject("Page_KiboPush  Dashboard/span_Surveys")): Object: 'Object Repository/Page_KiboPush  Dashboard/span_Surveys' is clicked on

2019-04-11 15:59:58 - [MESSAGE][PASSED] - Object: 'Object Repository/Page_KiboPush  Dashboard/span_Surveys' is clicked on

2019-04-11 15:59:58 - [TEST_STEP][PASSED] - delay(2): Delayed 2 second(s)

2019-04-11 16:00:00 - [MESSAGE][PASSED] - Delayed 2 second(s)

2019-04-11 16:00:00 - [TEST_STEP][PASSED] - click(findTestObject("Page_KiboPush  Survey/h3_Manage Surveys")): Object: 'Object Repository/Page_KiboPush  Survey/h3_Manage Surveys' is clicked on

2019-04-11 16:00:00 - [MESSAGE][PASSED] - Object: 'Object Repository/Page_KiboPush  Survey/h3_Manage Surveys' is clicked on

2019-04-11 16:00:00 - [MESSAGE][PASSED] - Call Test Case 'Test Cases/s-sidebar_navigation/individualAccount/survey' successfully

2019-04-11 16:00:00 - [TEST_STEP][PASSED] - click(findTestObject("Page_KiboPush  Survey/button_Create New")): Object: 'Object Repository/Page_KiboPush  Survey/button_Create New' is clicked on

2019-04-11 16:00:00 - [MESSAGE][PASSED] - Object: 'Object Repository/Page_KiboPush  Survey/button_Create New' is clicked on

2019-04-11 16:00:00 - [TEST_STEP][PASSED] - click(findTestObject("Page_KiboPush  Survey/button_Create New Survey")): Object: 'Object Repository/Page_KiboPush  Survey/button_Create New Survey' is clicked on

2019-04-11 16:00:00 - [MESSAGE][PASSED] - Object: 'Object Repository/Page_KiboPush  Survey/button_Create New Survey' is clicked on

2019-04-11 16:00:00 - [TEST_STEP][FAILED] - click(findTestObject("Page_KiboPush  Add Survey/button_Add Questions")): click(findTestObject("Page_KiboPush  Add Survey/button_Add Questions")) FAILED.
Reason:
com.kms.katalon.core.exception.StepFailedException: Unable to click on object 'Object Repository/Page_KiboPush  Add Survey/button_Add Questions'
	at com.kms.katalon.core.webui.keyword.internal.WebUIKeywordMain.stepFailed(WebUIKeywordMain.groovy:64)
	at com.kms.katalon.core.webui.keyword.internal.WebUIKeywordMain.runKeyword(WebUIKeywordMain.groovy:26)
	at com.kms.katalon.core.webui.keyword.builtin.ClickKeyword.click(ClickKeyword.groovy:86)
	at com.kms.katalon.core.webui.keyword.builtin.ClickKeyword.execute(ClickKeyword.groovy:67)
	at com.kms.katalon.core.keyword.internal.KeywordExecutor.executeKeywordForPlatform(KeywordExecutor.groovy:56)
	at com.kms.katalon.core.webui.keyword.WebUiBuiltInKeywords.click(WebUiBuiltInKeywords.groovy:616)
	at com.kms.katalon.core.webui.keyword.WebUiBuiltInKeywords$click$2.call(Unknown Source)
	at TC0221.run(TC0221:32)
	at com.kms.katalon.core.main.ScriptEngine.run(ScriptEngine.java:194)
	at com.kms.katalon.core.main.ScriptEngine.runScriptAsRawText(ScriptEngine.java:119)
	at com.kms.katalon.core.main.TestCaseExecutor.runScript(TestCaseExecutor.java:331)
	at com.kms.katalon.core.main.TestCaseExecutor.doExecute(TestCaseExecutor.java:322)
	at com.kms.katalon.core.main.TestCaseExecutor.processExecutionPhase(TestCaseExecutor.java:301)
	at com.kms.katalon.core.main.TestCaseExecutor.accessMainPhase(TestCaseExecutor.java:293)
	at com.kms.katalon.core.main.TestCaseExecutor.execute(TestCaseExecutor.java:227)
	at com.kms.katalon.core.main.TestSuiteExecutor.accessTestCaseMainPhase(TestSuiteExecutor.java:129)
	at com.kms.katalon.core.main.TestSuiteExecutor.accessTestSuiteMainPhase(TestSuiteExecutor.java:112)
	at com.kms.katalon.core.main.TestSuiteExecutor.execute(TestSuiteExecutor.java:81)
	at com.kms.katalon.core.main.TestCaseMain.startTestSuite(TestCaseMain.java:157)
	at com.kms.katalon.core.main.TestCaseMain$startTestSuite$0.call(Unknown Source)
	at TempTestSuite1554979075443.run(TempTestSuite1554979075443.groovy:35)
Caused by: org.openqa.selenium.WebDriverException: unknown error: Element <button class="btn btn-primary btn-sm">...</button> is not clickable at point (399, 684). Other element would receive the click: <div style="opacity: 0; overflow-y: auto; position: absolute; top: 0px; left: 0px; height: 100%; width: 100%; transition: opacity 0.3s ease 0s; cursor: pointer;">...</div>
  (Session info: chrome=73.0.3683.86)
  (Driver info: chromedriver=2.43.600233 (523efee95e3d68b8719b3a1c83051aa63aa6b10d),platform=Linux 4.18.0-17-generic x86_64) (WARNING: The server did not provide any stacktrace information)
Command duration or timeout: 0 milliseconds
Build info: version: '3.7.1', revision: '8a0099a', time: '2017-11-06T21:07:36.161Z'
System info: host: 'cloudkibomuzamil-Precision-T1700', ip: '127.0.1.1', os.name: 'Linux', os.arch: 'amd64', os.version: '4.18.0-17-generic', java.version: '1.8.0_191'
Driver info: com.kms.katalon.selenium.driver.CChromeDriver
Capabilities {acceptInsecureCerts: false, acceptSslCerts: false, applicationCacheEnabled: false, browserConnectionEnabled: false, browserName: chrome, chrome: {chromedriverVersion: 2.43.600233 (523efee95e3d68..., userDataDir: /tmp/.org.chromium.Chromium...}, cssSelectorsEnabled: true, databaseEnabled: false, goog:chromeOptions: {debuggerAddress: localhost:44419}, handlesAlerts: true, hasTouchScreen: false, javascriptEnabled: true, locationContextEnabled: true, mobileEmulationEnabled: false, nativeEvents: true, networkConnectionEnabled: false, pageLoadStrategy: normal, platform: LINUX, platformName: LINUX, rotatable: false, setWindowRect: true, takesHeapSnapshot: true, takesScreenshot: true, unexpectedAlertBehaviour: , unhandledPromptBehavior: , version: 73.0.3683.86, webStorageEnabled: true}
Session ID: a57b3fcc9dee1fa33c4cfad18759811c
	at org.openqa.selenium.remote.ErrorHandler.createThrowable(ErrorHandler.java:214)
	at org.openqa.selenium.remote.ErrorHandler.throwIfResponseFailed(ErrorHandler.java:166)
	at org.openqa.selenium.remote.http.JsonHttpResponseCodec.reconstructValue(JsonHttpResponseCodec.java:40)
	at org.openqa.selenium.remote.http.AbstractHttpResponseCodec.decode(AbstractHttpResponseCodec.java:80)
	at org.openqa.selenium.remote.http.AbstractHttpResponseCodec.decode(AbstractHttpResponseCodec.java:44)
	at org.openqa.selenium.remote.HttpCommandExecutor.execute(HttpCommandExecutor.java:164)
	at org.openqa.selenium.remote.service.DriverCommandExecutor.execute(DriverCommandExecutor.java:83)
	at org.openqa.selenium.remote.RemoteWebDriver.execute(RemoteWebDriver.java:600)
	at com.kms.katalon.selenium.driver.CChromeDriver.execute(CChromeDriver.java:20)
	at org.openqa.selenium.remote.RemoteWebElement.execute(RemoteWebElement.java:279)
	at org.openqa.selenium.remote.RemoteWebElement.click(RemoteWebElement.java:83)
	at com.kms.katalon.core.webui.keyword.builtin.ClickKeyword$_click_closure1.doCall(ClickKeyword.groovy:79)
	at com.kms.katalon.core.webui.keyword.builtin.ClickKeyword$_click_closure1.call(ClickKeyword.groovy)
	at com.kms.katalon.core.webui.keyword.internal.WebUIKeywordMain.runKeyword(WebUIKeywordMain.groovy:20)
	at com.kms.katalon.core.webui.keyword.builtin.ClickKeyword.click(ClickKeyword.groovy:86)
	at com.kms.katalon.core.webui.keyword.builtin.ClickKeyword.execute(ClickKeyword.groovy:67)
	at com.kms.katalon.core.keyword.internal.KeywordExecutor.executeKeywordForPlatform(KeywordExecutor.groovy:56)
	at com.kms.katalon.core.webui.keyword.WebUiBuiltInKeywords.click(WebUiBuiltInKeywords.groovy:616)
	at com.kms.katalon.core.webui.keyword.WebUiBuiltInKeywords$click$2.call(Unknown Source)
	at Script1533976768691.run(Script1533976768691.groovy:32)
	... 13 more


2019-04-11 16:00:00 - [MESSAGE][FAILED] - Unable to click on object 'Object Repository/Page_KiboPush  Add Survey/button_Add Questions' (Root cause: com.kms.katalon.core.exception.StepFailedException: Unable to click on object 'Object Repository/Page_KiboPush  Add Survey/button_Add Questions'
	at com.kms.katalon.core.webui.keyword.internal.WebUIKeywordMain.stepFailed(WebUIKeywordMain.groovy:64)
	at com.kms.katalon.core.webui.keyword.internal.WebUIKeywordMain.runKeyword(WebUIKeywordMain.groovy:26)
	at com.kms.katalon.core.webui.keyword.builtin.ClickKeyword.click(ClickKeyword.groovy:86)
	at com.kms.katalon.core.webui.keyword.builtin.ClickKeyword.execute(ClickKeyword.groovy:67)
	at com.kms.katalon.core.keyword.internal.KeywordExecutor.executeKeywordForPlatform(KeywordExecutor.groovy:56)
	at com.kms.katalon.core.webui.keyword.WebUiBuiltInKeywords.click(WebUiBuiltInKeywords.groovy:616)
	at com.kms.katalon.core.webui.keyword.WebUiBuiltInKeywords$click$2.call(Unknown Source)
	at TC0221.run(TC0221:32)
	at com.kms.katalon.core.main.ScriptEngine.run(ScriptEngine.java:194)
	at com.kms.katalon.core.main.ScriptEngine.runScriptAsRawText(ScriptEngine.java:119)
	at com.kms.katalon.core.main.TestCaseExecutor.runScript(TestCaseExecutor.java:331)
	at com.kms.katalon.core.main.TestCaseExecutor.doExecute(TestCaseExecutor.java:322)
	at com.kms.katalon.core.main.TestCaseExecutor.processExecutionPhase(TestCaseExecutor.java:301)
	at com.kms.katalon.core.main.TestCaseExecutor.accessMainPhase(TestCaseExecutor.java:293)
	at com.kms.katalon.core.main.TestCaseExecutor.execute(TestCaseExecutor.java:227)
	at com.kms.katalon.core.main.TestSuiteExecutor.accessTestCaseMainPhase(TestSuiteExecutor.java:129)
	at com.kms.katalon.core.main.TestSuiteExecutor.accessTestSuiteMainPhase(TestSuiteExecutor.java:112)
	at com.kms.katalon.core.main.TestSuiteExecutor.execute(TestSuiteExecutor.java:81)
	at com.kms.katalon.core.main.TestCaseMain.startTestSuite(TestCaseMain.java:157)
	at com.kms.katalon.core.main.TestCaseMain$startTestSuite$0.call(Unknown Source)
	at TempTestSuite1554979075443.run(TempTestSuite1554979075443.groovy:35)
Caused by: org.openqa.selenium.WebDriverException: unknown error: Element <button class="btn btn-primary btn-sm">...</button> is not clickable at point (399, 684). Other element would receive the click: <div style="opacity: 0; overflow-y: auto; position: absolute; top: 0px; left: 0px; height: 100%; width: 100%; transition: opacity 0.3s ease 0s; cursor: pointer;">...</div>
  (Session info: chrome=73.0.3683.86)
  (Driver info: chromedriver=2.43.600233 (523efee95e3d68b8719b3a1c83051aa63aa6b10d),platform=Linux 4.18.0-17-generic x86_64) (WARNING: The server did not provide any stacktrace information)
Command duration or timeout: 0 milliseconds
Build info: version: '3.7.1', revision: '8a0099a', time: '2017-11-06T21:07:36.161Z'
System info: host: 'cloudkibomuzamil-Precision-T1700', ip: '127.0.1.1', os.name: 'Linux', os.arch: 'amd64', os.version: '4.18.0-17-generic', java.version: '1.8.0_191'
Driver info: com.kms.katalon.selenium.driver.CChromeDriver
Capabilities {acceptInsecureCerts: false, acceptSslCerts: false, applicationCacheEnabled: false, browserConnectionEnabled: false, browserName: chrome, chrome: {chromedriverVersion: 2.43.600233 (523efee95e3d68..., userDataDir: /tmp/.org.chromium.Chromium...}, cssSelectorsEnabled: true, databaseEnabled: false, goog:chromeOptions: {debuggerAddress: localhost:44419}, handlesAlerts: true, hasTouchScreen: false, javascriptEnabled: true, locationContextEnabled: true, mobileEmulationEnabled: false, nativeEvents: true, networkConnectionEnabled: false, pageLoadStrategy: normal, platform: LINUX, platformName: LINUX, rotatable: false, setWindowRect: true, takesHeapSnapshot: true, takesScreenshot: true, unexpectedAlertBehaviour: , unhandledPromptBehavior: , version: 73.0.3683.86, webStorageEnabled: true}
Session ID: a57b3fcc9dee1fa33c4cfad18759811c
	at org.openqa.selenium.remote.ErrorHandler.createThrowable(ErrorHandler.java:214)
	at org.openqa.selenium.remote.ErrorHandler.throwIfResponseFailed(ErrorHandler.java:166)
	at org.openqa.selenium.remote.http.JsonHttpResponseCodec.reconstructValue(JsonHttpResponseCodec.java:40)
	at org.openqa.selenium.remote.http.AbstractHttpResponseCodec.decode(AbstractHttpResponseCodec.java:80)
	at org.openqa.selenium.remote.http.AbstractHttpResponseCodec.decode(AbstractHttpResponseCodec.java:44)
	at org.openqa.selenium.remote.HttpCommandExecutor.execute(HttpCommandExecutor.java:164)
	at org.openqa.selenium.remote.service.DriverCommandExecutor.execute(DriverCommandExecutor.java:83)
	at org.openqa.selenium.remote.RemoteWebDriver.execute(RemoteWebDriver.java:600)
	at com.kms.katalon.selenium.driver.CChromeDriver.execute(CChromeDriver.java:20)
	at org.openqa.selenium.remote.RemoteWebElement.execute(RemoteWebElement.java:279)
	at org.openqa.selenium.remote.RemoteWebElement.click(RemoteWebElement.java:83)
	at com.kms.katalon.core.webui.keyword.builtin.ClickKeyword$_click_closure1.doCall(ClickKeyword.groovy:79)
	at com.kms.katalon.core.webui.keyword.builtin.ClickKeyword$_click_closure1.call(ClickKeyword.groovy)
	at com.kms.katalon.core.webui.keyword.internal.WebUIKeywordMain.runKeyword(WebUIKeywordMain.groovy:20)
	at com.kms.katalon.core.webui.keyword.builtin.ClickKeyword.click(ClickKeyword.groovy:86)
	at com.kms.katalon.core.webui.keyword.builtin.ClickKeyword.execute(ClickKeyword.groovy:67)
	at com.kms.katalon.core.keyword.internal.KeywordExecutor.executeKeywordForPlatform(KeywordExecutor.groovy:56)
	at com.kms.katalon.core.webui.keyword.WebUiBuiltInKeywords.click(WebUiBuiltInKeywords.groovy:616)
	at com.kms.katalon.core.webui.keyword.WebUiBuiltInKeywords$click$2.call(Unknown Source)
	at Script1533976768691.run(Script1533976768691.groovy:32)
	... 13 more
)
[[ATTACHMENT|/home/cloudkibo-muzamil/Downloads/Test cases/production/KiboPush/Reports/survey/20190411_153755/1554980400561.png]]

2019-04-11 16:00:00 - [MESSAGE][FAILED] - click(findTestObject("Page_KiboPush  Add Survey/button_Add Questions")) FAILED.
Reason:
com.kms.katalon.core.exception.StepFailedException: Unable to click on object 'Object Repository/Page_KiboPush  Add Survey/button_Add Questions'
	at com.kms.katalon.core.webui.keyword.internal.WebUIKeywordMain.stepFailed(WebUIKeywordMain.groovy:64)
	at com.kms.katalon.core.webui.keyword.internal.WebUIKeywordMain.runKeyword(WebUIKeywordMain.groovy:26)
	at com.kms.katalon.core.webui.keyword.builtin.ClickKeyword.click(ClickKeyword.groovy:86)
	at com.kms.katalon.core.webui.keyword.builtin.ClickKeyword.execute(ClickKeyword.groovy:67)
	at com.kms.katalon.core.keyword.internal.KeywordExecutor.executeKeywordForPlatform(KeywordExecutor.groovy:56)
	at com.kms.katalon.core.webui.keyword.WebUiBuiltInKeywords.click(WebUiBuiltInKeywords.groovy:616)
	at com.kms.katalon.core.webui.keyword.WebUiBuiltInKeywords$click$2.call(Unknown Source)
	at TC0221.run(TC0221:32)
	at com.kms.katalon.core.main.ScriptEngine.run(ScriptEngine.java:194)
	at com.kms.katalon.core.main.ScriptEngine.runScriptAsRawText(ScriptEngine.java:119)
	at com.kms.katalon.core.main.TestCaseExecutor.runScript(TestCaseExecutor.java:331)
	at com.kms.katalon.core.main.TestCaseExecutor.doExecute(TestCaseExecutor.java:322)
	at com.kms.katalon.core.main.TestCaseExecutor.processExecutionPhase(TestCaseExecutor.java:301)
	at com.kms.katalon.core.main.TestCaseExecutor.accessMainPhase(TestCaseExecutor.java:293)
	at com.kms.katalon.core.main.TestCaseExecutor.execute(TestCaseExecutor.java:227)
	at com.kms.katalon.core.main.TestSuiteExecutor.accessTestCaseMainPhase(TestSuiteExecutor.java:129)
	at com.kms.katalon.core.main.TestSuiteExecutor.accessTestSuiteMainPhase(TestSuiteExecutor.java:112)
	at com.kms.katalon.core.main.TestSuiteExecutor.execute(TestSuiteExecutor.java:81)
	at com.kms.katalon.core.main.TestCaseMain.startTestSuite(TestCaseMain.java:157)
	at com.kms.katalon.core.main.TestCaseMain$startTestSuite$0.call(Unknown Source)
	at TempTestSuite1554979075443.run(TempTestSuite1554979075443.groovy:35)
Caused by: org.openqa.selenium.WebDriverException: unknown error: Element <button class="btn btn-primary btn-sm">...</button> is not clickable at point (399, 684). Other element would receive the click: <div style="opacity: 0; overflow-y: auto; position: absolute; top: 0px; left: 0px; height: 100%; width: 100%; transition: opacity 0.3s ease 0s; cursor: pointer;">...</div>
  (Session info: chrome=73.0.3683.86)
  (Driver info: chromedriver=2.43.600233 (523efee95e3d68b8719b3a1c83051aa63aa6b10d),platform=Linux 4.18.0-17-generic x86_64) (WARNING: The server did not provide any stacktrace information)
Command duration or timeout: 0 milliseconds
Build info: version: '3.7.1', revision: '8a0099a', time: '2017-11-06T21:07:36.161Z'
System info: host: 'cloudkibomuzamil-Precision-T1700', ip: '127.0.1.1', os.name: 'Linux', os.arch: 'amd64', os.version: '4.18.0-17-generic', java.version: '1.8.0_191'
Driver info: com.kms.katalon.selenium.driver.CChromeDriver
Capabilities {acceptInsecureCerts: false, acceptSslCerts: false, applicationCacheEnabled: false, browserConnectionEnabled: false, browserName: chrome, chrome: {chromedriverVersion: 2.43.600233 (523efee95e3d68..., userDataDir: /tmp/.org.chromium.Chromium...}, cssSelectorsEnabled: true, databaseEnabled: false, goog:chromeOptions: {debuggerAddress: localhost:44419}, handlesAlerts: true, hasTouchScreen: false, javascriptEnabled: true, locationContextEnabled: true, mobileEmulationEnabled: false, nativeEvents: true, networkConnectionEnabled: false, pageLoadStrategy: normal, platform: LINUX, platformName: LINUX, rotatable: false, setWindowRect: true, takesHeapSnapshot: true, takesScreenshot: true, unexpectedAlertBehaviour: , unhandledPromptBehavior: , version: 73.0.3683.86, webStorageEnabled: true}
Session ID: a57b3fcc9dee1fa33c4cfad18759811c
	at org.openqa.selenium.remote.ErrorHandler.createThrowable(ErrorHandler.java:214)
	at org.openqa.selenium.remote.ErrorHandler.throwIfResponseFailed(ErrorHandler.java:166)
	at org.openqa.selenium.remote.http.JsonHttpResponseCodec.reconstructValue(JsonHttpResponseCodec.java:40)
	at org.openqa.selenium.remote.http.AbstractHttpResponseCodec.decode(AbstractHttpResponseCodec.java:80)
	at org.openqa.selenium.remote.http.AbstractHttpResponseCodec.decode(AbstractHttpResponseCodec.java:44)
	at org.openqa.selenium.remote.HttpCommandExecutor.execute(HttpCommandExecutor.java:164)
	at org.openqa.selenium.remote.service.DriverCommandExecutor.execute(DriverCommandExecutor.java:83)
	at org.openqa.selenium.remote.RemoteWebDriver.execute(RemoteWebDriver.java:600)
	at com.kms.katalon.selenium.driver.CChromeDriver.execute(CChromeDriver.java:20)
	at org.openqa.selenium.remote.RemoteWebElement.execute(RemoteWebElement.java:279)
	at org.openqa.selenium.remote.RemoteWebElement.click(RemoteWebElement.java:83)
	at com.kms.katalon.core.webui.keyword.builtin.ClickKeyword$_click_closure1.doCall(ClickKeyword.groovy:79)
	at com.kms.katalon.core.webui.keyword.builtin.ClickKeyword$_click_closure1.call(ClickKeyword.groovy)
	at com.kms.katalon.core.webui.keyword.internal.WebUIKeywordMain.runKeyword(WebUIKeywordMain.groovy:20)
	at com.kms.katalon.core.webui.keyword.builtin.ClickKeyword.click(ClickKeyword.groovy:86)
	at com.kms.katalon.core.webui.keyword.builtin.ClickKeyword.execute(ClickKeyword.groovy:67)
	at com.kms.katalon.core.keyword.internal.KeywordExecutor.executeKeywordForPlatform(KeywordExecutor.groovy:56)
	at com.kms.katalon.core.webui.keyword.WebUiBuiltInKeywords.click(WebUiBuiltInKeywords.groovy:616)
	at com.kms.katalon.core.webui.keyword.WebUiBuiltInKeywords$click$2.call(Unknown Source)
	at Script1533976768691.run(Script1533976768691.groovy:32)
	... 13 more]]></system-out>
         <system-err><![CDATA[2019-04-11 15:59:06 - [TEST_CASE][FAILED] - Test Cases/Survey Test Cases/TC0221: Test Cases/Survey Test Cases/TC0221 FAILED.
Reason:
com.kms.katalon.core.exception.StepFailedException: Unable to click on object 'Object Repository/Page_KiboPush  Add Survey/button_Add Questions'
	at com.kms.katalon.core.webui.keyword.internal.WebUIKeywordMain.stepFailed(WebUIKeywordMain.groovy:64)
	at com.kms.katalon.core.webui.keyword.internal.WebUIKeywordMain.runKeyword(WebUIKeywordMain.groovy:26)
	at com.kms.katalon.core.webui.keyword.builtin.ClickKeyword.click(ClickKeyword.groovy:86)
	at com.kms.katalon.core.webui.keyword.builtin.ClickKeyword.execute(ClickKeyword.groovy:67)
	at com.kms.katalon.core.keyword.internal.KeywordExecutor.executeKeywordForPlatform(KeywordExecutor.groovy:56)
	at com.kms.katalon.core.webui.keyword.WebUiBuiltInKeywords.click(WebUiBuiltInKeywords.groovy:616)
	at com.kms.katalon.core.webui.keyword.WebUiBuiltInKeywords$click$2.call(Unknown Source)
	at TC0221.run(TC0221:32)
	at com.kms.katalon.core.main.ScriptEngine.run(ScriptEngine.java:194)
	at com.kms.katalon.core.main.ScriptEngine.runScriptAsRawText(ScriptEngine.java:119)
	at com.kms.katalon.core.main.TestCaseExecutor.runScript(TestCaseExecutor.java:331)
	at com.kms.katalon.core.main.TestCaseExecutor.doExecute(TestCaseExecutor.java:322)
	at com.kms.katalon.core.main.TestCaseExecutor.processExecutionPhase(TestCaseExecutor.java:301)
	at com.kms.katalon.core.main.TestCaseExecutor.accessMainPhase(TestCaseExecutor.java:293)
	at com.kms.katalon.core.main.TestCaseExecutor.execute(TestCaseExecutor.java:227)
	at com.kms.katalon.core.main.TestSuiteExecutor.accessTestCaseMainPhase(TestSuiteExecutor.java:129)
	at com.kms.katalon.core.main.TestSuiteExecutor.accessTestSuiteMainPhase(TestSuiteExecutor.java:112)
	at com.kms.katalon.core.main.TestSuiteExecutor.execute(TestSuiteExecutor.java:81)
	at com.kms.katalon.core.main.TestCaseMain.startTestSuite(TestCaseMain.java:157)
	at com.kms.katalon.core.main.TestCaseMain$startTestSuite$0.call(Unknown Source)
	at TempTestSuite1554979075443.run(TempTestSuite1554979075443.groovy:35)
Caused by: org.openqa.selenium.WebDriverException: unknown error: Element <button class="btn btn-primary btn-sm">...</button> is not clickable at point (399, 684). Other element would receive the click: <div style="opacity: 0; overflow-y: auto; position: absolute; top: 0px; left: 0px; height: 100%; width: 100%; transition: opacity 0.3s ease 0s; cursor: pointer;">...</div>
  (Session info: chrome=73.0.3683.86)
  (Driver info: chromedriver=2.43.600233 (523efee95e3d68b8719b3a1c83051aa63aa6b10d),platform=Linux 4.18.0-17-generic x86_64) (WARNING: The server did not provide any stacktrace information)
Command duration or timeout: 0 milliseconds
Build info: version: '3.7.1', revision: '8a0099a', time: '2017-11-06T21:07:36.161Z'
System info: host: 'cloudkibomuzamil-Precision-T1700', ip: '127.0.1.1', os.name: 'Linux', os.arch: 'amd64', os.version: '4.18.0-17-generic', java.version: '1.8.0_191'
Driver info: com.kms.katalon.selenium.driver.CChromeDriver
Capabilities {acceptInsecureCerts: false, acceptSslCerts: false, applicationCacheEnabled: false, browserConnectionEnabled: false, browserName: chrome, chrome: {chromedriverVersion: 2.43.600233 (523efee95e3d68..., userDataDir: /tmp/.org.chromium.Chromium...}, cssSelectorsEnabled: true, databaseEnabled: false, goog:chromeOptions: {debuggerAddress: localhost:44419}, handlesAlerts: true, hasTouchScreen: false, javascriptEnabled: true, locationContextEnabled: true, mobileEmulationEnabled: false, nativeEvents: true, networkConnectionEnabled: false, pageLoadStrategy: normal, platform: LINUX, platformName: LINUX, rotatable: false, setWindowRect: true, takesHeapSnapshot: true, takesScreenshot: true, unexpectedAlertBehaviour: , unhandledPromptBehavior: , version: 73.0.3683.86, webStorageEnabled: true}
Session ID: a57b3fcc9dee1fa33c4cfad18759811c
	at org.openqa.selenium.remote.ErrorHandler.createThrowable(ErrorHandler.java:214)
	at org.openqa.selenium.remote.ErrorHandler.throwIfResponseFailed(ErrorHandler.java:166)
	at org.openqa.selenium.remote.http.JsonHttpResponseCodec.reconstructValue(JsonHttpResponseCodec.java:40)
	at org.openqa.selenium.remote.http.AbstractHttpResponseCodec.decode(AbstractHttpResponseCodec.java:80)
	at org.openqa.selenium.remote.http.AbstractHttpResponseCodec.decode(AbstractHttpResponseCodec.java:44)
	at org.openqa.selenium.remote.HttpCommandExecutor.execute(HttpCommandExecutor.java:164)
	at org.openqa.selenium.remote.service.DriverCommandExecutor.execute(DriverCommandExecutor.java:83)
	at org.openqa.selenium.remote.RemoteWebDriver.execute(RemoteWebDriver.java:600)
	at com.kms.katalon.selenium.driver.CChromeDriver.execute(CChromeDriver.java:20)
	at org.openqa.selenium.remote.RemoteWebElement.execute(RemoteWebElement.java:279)
	at org.openqa.selenium.remote.RemoteWebElement.click(RemoteWebElement.java:83)
	at com.kms.katalon.core.webui.keyword.builtin.ClickKeyword$_click_closure1.doCall(ClickKeyword.groovy:79)
	at com.kms.katalon.core.webui.keyword.builtin.ClickKeyword$_click_closure1.call(ClickKeyword.groovy)
	at com.kms.katalon.core.webui.keyword.internal.WebUIKeywordMain.runKeyword(WebUIKeywordMain.groovy:20)
	at com.kms.katalon.core.webui.keyword.builtin.ClickKeyword.click(ClickKeyword.groovy:86)
	at com.kms.katalon.core.webui.keyword.builtin.ClickKeyword.execute(ClickKeyword.groovy:67)
	at com.kms.katalon.core.keyword.internal.KeywordExecutor.executeKeywordForPlatform(KeywordExecutor.groovy:56)
	at com.kms.katalon.core.webui.keyword.WebUiBuiltInKeywords.click(WebUiBuiltInKeywords.groovy:616)
	at com.kms.katalon.core.webui.keyword.WebUiBuiltInKeywords$click$2.call(Unknown Source)
	at Script1533976768691.run(Script1533976768691.groovy:32)
	... 13 more]]></system-err>
      </testcase>
      <testcase name="Test Cases/Survey Test Cases/TC0222" classname="Test Cases/Survey Test Cases/TC0222" status="PASSED">
         <system-out><![CDATA[2019-04-11 16:00:00 - [TEST_CASE][PASSED] - Test Cases/Survey Test Cases/TC0222: Test Cases/Survey Test Cases/TC0222

2019-04-11 16:00:00 - [TEST_STEP][PASSED] - callTestCase(findTestCase("s-sidebar_navigation/individualAccount/survey"), [:], STOP_ON_FAILURE): Call Test Case 'Test Cases/s-sidebar_navigation/individualAccount/survey' successfully

2019-04-11 16:00:00 - [TEST_CASE][PASSED] - Test Cases/s-sidebar_navigation/individualAccount/survey: Test Cases/s-sidebar_navigation/individualAccount/survey

2019-04-11 16:00:00 - [TEST_STEP][PASSED] - callTestCase(findTestCase("s-sidebar_navigation/individualAccount/Login_Muzamil - Staging"), [:], STOP_ON_FAILURE): Call Test Case 'Test Cases/s-sidebar_navigation/individualAccount/Login_Muzamil - Staging' successfully

2019-04-11 16:00:00 - [TEST_CASE][PASSED] - Test Cases/s-sidebar_navigation/individualAccount/Login_Muzamil - Staging: Test Cases/s-sidebar_navigation/individualAccount/Login_Muzamil - Staging

2019-04-11 16:00:00 - [TEST_STEP][PASSED] - openBrowser(""): Browser is opened with url: ''

2019-04-11 16:00:00 - [MESSAGE][WARNING] - A browser is already opened. Closing browser and opening a new one

2019-04-11 16:00:00 - [MESSAGE][INFO] - Starting 'Chrome' driver

2019-04-11 16:00:01 - [MESSAGE][PASSED] - Browser is opened with url: ''

2019-04-11 16:00:01 - [TEST_STEP][PASSED] - maximizeWindow(): Current window maximized

2019-04-11 16:00:01 - [MESSAGE][PASSED] - Current window maximized

2019-04-11 16:00:01 - [TEST_STEP][PASSED] - navigateToUrl("https://saccounts.cloudkibo.com/?continue=https://skiboengage.cloudkibo.com"): Navigate to 'https://saccounts.cloudkibo.com/?continue=https://skiboengage.cloudkibo.com' successfully

2019-04-11 16:00:16 - [MESSAGE][PASSED] - Navigate to 'https://saccounts.cloudkibo.com/?continue=https://skiboengage.cloudkibo.com' successfully

2019-04-11 16:00:16 - [TEST_STEP][PASSED] - delay(2): Delayed 2 second(s)

2019-04-11 16:00:18 - [MESSAGE][PASSED] - Delayed 2 second(s)

2019-04-11 16:00:18 - [TEST_STEP][PASSED] - click(findTestObject("Page_CloudKibo/a_Login (4)")): Object: 'Object Repository/Page_CloudKibo/a_Login (4)' is clicked on

2019-04-11 16:00:19 - [MESSAGE][PASSED] - Object: 'Object Repository/Page_CloudKibo/a_Login (4)' is clicked on

2019-04-11 16:00:19 - [TEST_STEP][PASSED] - setText(findTestObject("Page_CloudKibo/input_Sign In_email (3)"), "muzamil.bukhari.39@gmail.com"): Text 'muzamil.bukhari.39@gmail.com' is set on object 'Object Repository/Page_CloudKibo/input_Sign In_email (3)'

2019-04-11 16:00:19 - [MESSAGE][PASSED] - Text 'muzamil.bukhari.39@gmail.com' is set on object 'Object Repository/Page_CloudKibo/input_Sign In_email (3)'

2019-04-11 16:00:19 - [TEST_STEP][PASSED] - setEncryptedText(findTestObject("Page_CloudKibo/input_Sign In_password (3)"), "ZOMPkeJIpHVS6OGLcNHjig=="): Text ****** has been set on object 'Object Repository/Page_CloudKibo/input_Sign In_password (3)'

2019-04-11 16:00:19 - [MESSAGE][PASSED] - Text ****** has been set on object 'Object Repository/Page_CloudKibo/input_Sign In_password (3)'

2019-04-11 16:00:19 - [TEST_STEP][PASSED] - click(findTestObject("Page_CloudKibo/button_Sign In (7)")): Object: 'Object Repository/Page_CloudKibo/button_Sign In (7)' is clicked on

2019-04-11 16:00:19 - [MESSAGE][PASSED] - Object: 'Object Repository/Page_CloudKibo/button_Sign In (7)' is clicked on

2019-04-11 16:00:19 - [TEST_STEP][PASSED] - click(findTestObject("Page_KiboEngage  Dashboard/h4_KIBOPUSH (2)")): Object: 'Object Repository/Page_KiboEngage  Dashboard/h4_KIBOPUSH (2)' is clicked on

2019-04-11 16:00:54 - [MESSAGE][PASSED] - Object: 'Object Repository/Page_KiboEngage  Dashboard/h4_KIBOPUSH (2)' is clicked on

2019-04-11 16:00:54 - [MESSAGE][PASSED] - Call Test Case 'Test Cases/s-sidebar_navigation/individualAccount/Login_Muzamil - Staging' successfully

2019-04-11 16:00:54 - [TEST_STEP][PASSED] - click(findTestObject("Page_KiboPush  Dashboard/span_Broadcasting")): Object: 'Object Repository/Page_KiboPush  Dashboard/span_Broadcasting' is clicked on

2019-04-11 16:00:54 - [MESSAGE][PASSED] - Object: 'Object Repository/Page_KiboPush  Dashboard/span_Broadcasting' is clicked on

2019-04-11 16:00:54 - [TEST_STEP][PASSED] - delay(2): Delayed 2 second(s)

2019-04-11 16:00:56 - [MESSAGE][PASSED] - Delayed 2 second(s)

2019-04-11 16:00:56 - [TEST_STEP][PASSED] - click(findTestObject("Page_KiboPush  Dashboard/span_Surveys")): Object: 'Object Repository/Page_KiboPush  Dashboard/span_Surveys' is clicked on

2019-04-11 16:00:56 - [MESSAGE][PASSED] - Object: 'Object Repository/Page_KiboPush  Dashboard/span_Surveys' is clicked on

2019-04-11 16:00:56 - [TEST_STEP][PASSED] - delay(2): Delayed 2 second(s)

2019-04-11 16:00:58 - [MESSAGE][PASSED] - Delayed 2 second(s)

2019-04-11 16:00:58 - [TEST_STEP][PASSED] - click(findTestObject("Page_KiboPush  Survey/h3_Manage Surveys")): Object: 'Object Repository/Page_KiboPush  Survey/h3_Manage Surveys' is clicked on

2019-04-11 16:00:58 - [MESSAGE][PASSED] - Object: 'Object Repository/Page_KiboPush  Survey/h3_Manage Surveys' is clicked on

2019-04-11 16:00:58 - [MESSAGE][PASSED] - Call Test Case 'Test Cases/s-sidebar_navigation/individualAccount/survey' successfully

2019-04-11 16:00:58 - [TEST_STEP][PASSED] - click(findTestObject("Page_KiboPush  Survey/button_Create New (1)")): Object: 'Object Repository/Page_KiboPush  Survey/button_Create New (1)' is clicked on

2019-04-11 16:00:58 - [MESSAGE][PASSED] - Object: 'Object Repository/Page_KiboPush  Survey/button_Create New (1)' is clicked on

2019-04-11 16:00:58 - [TEST_STEP][PASSED] - click(findTestObject("Page_KiboPush  Survey/button_Create New Survey (1)")): Object: 'Object Repository/Page_KiboPush  Survey/button_Create New Survey (1)' is clicked on

2019-04-11 16:00:59 - [MESSAGE][PASSED] - Object: 'Object Repository/Page_KiboPush  Survey/button_Create New Survey (1)' is clicked on

2019-04-11 16:00:59 - [TEST_STEP][PASSED] - delay(2): Delayed 2 second(s)

2019-04-11 16:01:01 - [MESSAGE][PASSED] - Delayed 2 second(s)

2019-04-11 16:01:01 - [TEST_STEP][PASSED] - click(findTestObject("Page_KiboPush  Add Survey/button_Add Questions")): Object: 'Object Repository/Page_KiboPush  Add Survey/button_Add Questions' is clicked on

2019-04-11 16:01:01 - [MESSAGE][PASSED] - Object: 'Object Repository/Page_KiboPush  Add Survey/button_Add Questions' is clicked on

2019-04-11 16:01:01 - [TEST_STEP][PASSED] - click(findTestObject("Object Repository/Page_KiboPush  Add Survey/span_fa fa-times fa-inverse")): Object: 'Object Repository/Page_KiboPush  Add Survey/span_fa fa-times fa-inverse' is clicked on

2019-04-11 16:01:01 - [MESSAGE][PASSED] - Object: 'Object Repository/Page_KiboPush  Add Survey/span_fa fa-times fa-inverse' is clicked on

2019-04-11 16:01:01 - [TEST_STEP][FAILED] - try: Unable to verify equal between actual object '0' and expected object '2' (Root cause: com.kms.katalon.core.exception.StepFailedException: Actual object '0' and expected object '2' are not equal
	at com.kms.katalon.core.keyword.builtin.VerifyEqualKeyword$_verifyEqual_closure1.doCall(VerifyEqualKeyword.groovy:58)
	at com.kms.katalon.core.keyword.builtin.VerifyEqualKeyword$_verifyEqual_closure1.call(VerifyEqualKeyword.groovy)
	at com.kms.katalon.core.keyword.internal.KeywordMain.runKeyword(KeywordMain.groovy:66)
	at com.kms.katalon.core.keyword.builtin.VerifyEqualKeyword.verifyEqual(VerifyEqualKeyword.groovy:63)
	at com.kms.katalon.core.keyword.builtin.VerifyEqualKeyword.execute(VerifyEqualKeyword.groovy:44)
	at com.kms.katalon.core.keyword.internal.KeywordExecutor.executeKeywordForPlatform(KeywordExecutor.groovy:56)
	at com.kms.katalon.core.keyword.BuiltinKeywords.verifyEqual(BuiltinKeywords.groovy:141)
	at TC0222.run(TC0222:45)
	at com.kms.katalon.core.main.ScriptEngine.run(ScriptEngine.java:194)
	at com.kms.katalon.core.main.ScriptEngine.runScriptAsRawText(ScriptEngine.java:119)
	at com.kms.katalon.core.main.TestCaseExecutor.runScript(TestCaseExecutor.java:331)
	at com.kms.katalon.core.main.TestCaseExecutor.doExecute(TestCaseExecutor.java:322)
	at com.kms.katalon.core.main.TestCaseExecutor.processExecutionPhase(TestCaseExecutor.java:301)
	at com.kms.katalon.core.main.TestCaseExecutor.accessMainPhase(TestCaseExecutor.java:293)
	at com.kms.katalon.core.main.TestCaseExecutor.execute(TestCaseExecutor.java:227)
	at com.kms.katalon.core.main.TestSuiteExecutor.accessTestCaseMainPhase(TestSuiteExecutor.java:129)
	at com.kms.katalon.core.main.TestSuiteExecutor.accessTestSuiteMainPhase(TestSuiteExecutor.java:112)
	at com.kms.katalon.core.main.TestSuiteExecutor.execute(TestSuiteExecutor.java:81)
	at com.kms.katalon.core.main.TestCaseMain.startTestSuite(TestCaseMain.java:157)
	at com.kms.katalon.core.main.TestCaseMain$startTestSuite$0.call(Unknown Source)
	at TempTestSuite1554979075443.run(TempTestSuite1554979075443.groovy:35)
)

2019-04-11 16:01:01 - [TEST_STEP][PASSED] - driver = getWebDriver(): null

2019-04-11 16:01:01 - [TEST_STEP][PASSED] - Table = driver.findElements(By.xpath(".//*[@id="identity"]/div[1]/div[4]/div/div/div[2]/div[2]/fieldset/div/div/div/div")): null

2019-04-11 16:01:01 - [TEST_STEP][FAILED] - verifyEqual(size().toString(), "2"): Unable to verify equal between actual object '0' and expected object '2' (Root cause: com.kms.katalon.core.exception.StepFailedException: Actual object '0' and expected object '2' are not equal
	at com.kms.katalon.core.keyword.builtin.VerifyEqualKeyword$_verifyEqual_closure1.doCall(VerifyEqualKeyword.groovy:58)
	at com.kms.katalon.core.keyword.builtin.VerifyEqualKeyword$_verifyEqual_closure1.call(VerifyEqualKeyword.groovy)
	at com.kms.katalon.core.keyword.internal.KeywordMain.runKeyword(KeywordMain.groovy:66)
	at com.kms.katalon.core.keyword.builtin.VerifyEqualKeyword.verifyEqual(VerifyEqualKeyword.groovy:63)
	at com.kms.katalon.core.keyword.builtin.VerifyEqualKeyword.execute(VerifyEqualKeyword.groovy:44)
	at com.kms.katalon.core.keyword.internal.KeywordExecutor.executeKeywordForPlatform(KeywordExecutor.groovy:56)
	at com.kms.katalon.core.keyword.BuiltinKeywords.verifyEqual(BuiltinKeywords.groovy:141)
	at TC0222.run(TC0222:45)
	at com.kms.katalon.core.main.ScriptEngine.run(ScriptEngine.java:194)
	at com.kms.katalon.core.main.ScriptEngine.runScriptAsRawText(ScriptEngine.java:119)
	at com.kms.katalon.core.main.TestCaseExecutor.runScript(TestCaseExecutor.java:331)
	at com.kms.katalon.core.main.TestCaseExecutor.doExecute(TestCaseExecutor.java:322)
	at com.kms.katalon.core.main.TestCaseExecutor.processExecutionPhase(TestCaseExecutor.java:301)
	at com.kms.katalon.core.main.TestCaseExecutor.accessMainPhase(TestCaseExecutor.java:293)
	at com.kms.katalon.core.main.TestCaseExecutor.execute(TestCaseExecutor.java:227)
	at com.kms.katalon.core.main.TestSuiteExecutor.accessTestCaseMainPhase(TestSuiteExecutor.java:129)
	at com.kms.katalon.core.main.TestSuiteExecutor.accessTestSuiteMainPhase(TestSuiteExecutor.java:112)
	at com.kms.katalon.core.main.TestSuiteExecutor.execute(TestSuiteExecutor.java:81)
	at com.kms.katalon.core.main.TestCaseMain.startTestSuite(TestCaseMain.java:157)
	at com.kms.katalon.core.main.TestCaseMain$startTestSuite$0.call(Unknown Source)
	at TempTestSuite1554979075443.run(TempTestSuite1554979075443.groovy:35)
)

2019-04-11 16:01:01 - [MESSAGE][FAILED] - Unable to verify equal between actual object '0' and expected object '2' (Root cause: com.kms.katalon.core.exception.StepFailedException: Actual object '0' and expected object '2' are not equal
	at com.kms.katalon.core.keyword.builtin.VerifyEqualKeyword$_verifyEqual_closure1.doCall(VerifyEqualKeyword.groovy:58)
	at com.kms.katalon.core.keyword.builtin.VerifyEqualKeyword$_verifyEqual_closure1.call(VerifyEqualKeyword.groovy)
	at com.kms.katalon.core.keyword.internal.KeywordMain.runKeyword(KeywordMain.groovy:66)
	at com.kms.katalon.core.keyword.builtin.VerifyEqualKeyword.verifyEqual(VerifyEqualKeyword.groovy:63)
	at com.kms.katalon.core.keyword.builtin.VerifyEqualKeyword.execute(VerifyEqualKeyword.groovy:44)
	at com.kms.katalon.core.keyword.internal.KeywordExecutor.executeKeywordForPlatform(KeywordExecutor.groovy:56)
	at com.kms.katalon.core.keyword.BuiltinKeywords.verifyEqual(BuiltinKeywords.groovy:141)
	at TC0222.run(TC0222:45)
	at com.kms.katalon.core.main.ScriptEngine.run(ScriptEngine.java:194)
	at com.kms.katalon.core.main.ScriptEngine.runScriptAsRawText(ScriptEngine.java:119)
	at com.kms.katalon.core.main.TestCaseExecutor.runScript(TestCaseExecutor.java:331)
	at com.kms.katalon.core.main.TestCaseExecutor.doExecute(TestCaseExecutor.java:322)
	at com.kms.katalon.core.main.TestCaseExecutor.processExecutionPhase(TestCaseExecutor.java:301)
	at com.kms.katalon.core.main.TestCaseExecutor.accessMainPhase(TestCaseExecutor.java:293)
	at com.kms.katalon.core.main.TestCaseExecutor.execute(TestCaseExecutor.java:227)
	at com.kms.katalon.core.main.TestSuiteExecutor.accessTestCaseMainPhase(TestSuiteExecutor.java:129)
	at com.kms.katalon.core.main.TestSuiteExecutor.accessTestSuiteMainPhase(TestSuiteExecutor.java:112)
	at com.kms.katalon.core.main.TestSuiteExecutor.execute(TestSuiteExecutor.java:81)
	at com.kms.katalon.core.main.TestCaseMain.startTestSuite(TestCaseMain.java:157)
	at com.kms.katalon.core.main.TestCaseMain$startTestSuite$0.call(Unknown Source)
	at TempTestSuite1554979075443.run(TempTestSuite1554979075443.groovy:35)
)

2019-04-11 16:01:01 - [TEST_STEP][PASSED] - catch (Exception e): null

2019-04-11 16:01:01 - [TEST_STEP][PASSED] - e.printStackTrace(): null]]></system-out>
         <system-err><![CDATA[]]></system-err>
      </testcase>
      <testcase name="Test Cases/Survey Test Cases/TC0223" classname="Test Cases/Survey Test Cases/TC0223" status="PASSED">
         <system-out><![CDATA[2019-04-11 16:01:01 - [TEST_CASE][PASSED] - Test Cases/Survey Test Cases/TC0223: Test Cases/Survey Test Cases/TC0223

2019-04-11 16:01:01 - [TEST_STEP][PASSED] - callTestCase(findTestCase("s-sidebar_navigation/individualAccount/survey"), [:], STOP_ON_FAILURE): Call Test Case 'Test Cases/s-sidebar_navigation/individualAccount/survey' successfully

2019-04-11 16:01:01 - [TEST_CASE][PASSED] - Test Cases/s-sidebar_navigation/individualAccount/survey: Test Cases/s-sidebar_navigation/individualAccount/survey

2019-04-11 16:01:01 - [TEST_STEP][PASSED] - callTestCase(findTestCase("s-sidebar_navigation/individualAccount/Login_Muzamil - Staging"), [:], STOP_ON_FAILURE): Call Test Case 'Test Cases/s-sidebar_navigation/individualAccount/Login_Muzamil - Staging' successfully

2019-04-11 16:01:01 - [TEST_CASE][PASSED] - Test Cases/s-sidebar_navigation/individualAccount/Login_Muzamil - Staging: Test Cases/s-sidebar_navigation/individualAccount/Login_Muzamil - Staging

2019-04-11 16:01:01 - [TEST_STEP][PASSED] - openBrowser(""): Browser is opened with url: ''

2019-04-11 16:01:01 - [MESSAGE][WARNING] - A browser is already opened. Closing browser and opening a new one

2019-04-11 16:01:01 - [MESSAGE][INFO] - Starting 'Chrome' driver

2019-04-11 16:01:01 - [MESSAGE][PASSED] - Browser is opened with url: ''

2019-04-11 16:01:01 - [TEST_STEP][PASSED] - maximizeWindow(): Current window maximized

2019-04-11 16:01:02 - [MESSAGE][PASSED] - Current window maximized

2019-04-11 16:01:02 - [TEST_STEP][PASSED] - navigateToUrl("https://saccounts.cloudkibo.com/?continue=https://skiboengage.cloudkibo.com"): Navigate to 'https://saccounts.cloudkibo.com/?continue=https://skiboengage.cloudkibo.com' successfully

2019-04-11 16:01:17 - [MESSAGE][PASSED] - Navigate to 'https://saccounts.cloudkibo.com/?continue=https://skiboengage.cloudkibo.com' successfully

2019-04-11 16:01:17 - [TEST_STEP][PASSED] - delay(2): Delayed 2 second(s)

2019-04-11 16:01:19 - [MESSAGE][PASSED] - Delayed 2 second(s)

2019-04-11 16:01:19 - [TEST_STEP][PASSED] - click(findTestObject("Page_CloudKibo/a_Login (4)")): Object: 'Object Repository/Page_CloudKibo/a_Login (4)' is clicked on

2019-04-11 16:01:20 - [MESSAGE][PASSED] - Object: 'Object Repository/Page_CloudKibo/a_Login (4)' is clicked on

2019-04-11 16:01:20 - [TEST_STEP][PASSED] - setText(findTestObject("Page_CloudKibo/input_Sign In_email (3)"), "muzamil.bukhari.39@gmail.com"): Text 'muzamil.bukhari.39@gmail.com' is set on object 'Object Repository/Page_CloudKibo/input_Sign In_email (3)'

2019-04-11 16:01:21 - [MESSAGE][PASSED] - Text 'muzamil.bukhari.39@gmail.com' is set on object 'Object Repository/Page_CloudKibo/input_Sign In_email (3)'

2019-04-11 16:01:21 - [TEST_STEP][PASSED] - setEncryptedText(findTestObject("Page_CloudKibo/input_Sign In_password (3)"), "ZOMPkeJIpHVS6OGLcNHjig=="): Text ****** has been set on object 'Object Repository/Page_CloudKibo/input_Sign In_password (3)'

2019-04-11 16:01:21 - [MESSAGE][PASSED] - Text ****** has been set on object 'Object Repository/Page_CloudKibo/input_Sign In_password (3)'

2019-04-11 16:01:21 - [TEST_STEP][PASSED] - click(findTestObject("Page_CloudKibo/button_Sign In (7)")): Object: 'Object Repository/Page_CloudKibo/button_Sign In (7)' is clicked on

2019-04-11 16:01:21 - [MESSAGE][PASSED] - Object: 'Object Repository/Page_CloudKibo/button_Sign In (7)' is clicked on

2019-04-11 16:01:21 - [TEST_STEP][PASSED] - click(findTestObject("Page_KiboEngage  Dashboard/h4_KIBOPUSH (2)")): Object: 'Object Repository/Page_KiboEngage  Dashboard/h4_KIBOPUSH (2)' is clicked on

2019-04-11 16:01:54 - [MESSAGE][PASSED] - Object: 'Object Repository/Page_KiboEngage  Dashboard/h4_KIBOPUSH (2)' is clicked on

2019-04-11 16:01:54 - [MESSAGE][PASSED] - Call Test Case 'Test Cases/s-sidebar_navigation/individualAccount/Login_Muzamil - Staging' successfully

2019-04-11 16:01:54 - [TEST_STEP][PASSED] - click(findTestObject("Page_KiboPush  Dashboard/span_Broadcasting")): Object: 'Object Repository/Page_KiboPush  Dashboard/span_Broadcasting' is clicked on

2019-04-11 16:01:54 - [MESSAGE][PASSED] - Object: 'Object Repository/Page_KiboPush  Dashboard/span_Broadcasting' is clicked on

2019-04-11 16:01:54 - [TEST_STEP][PASSED] - delay(2): Delayed 2 second(s)

2019-04-11 16:01:56 - [MESSAGE][PASSED] - Delayed 2 second(s)

2019-04-11 16:01:56 - [TEST_STEP][PASSED] - click(findTestObject("Page_KiboPush  Dashboard/span_Surveys")): Object: 'Object Repository/Page_KiboPush  Dashboard/span_Surveys' is clicked on

2019-04-11 16:01:56 - [MESSAGE][PASSED] - Object: 'Object Repository/Page_KiboPush  Dashboard/span_Surveys' is clicked on

2019-04-11 16:01:56 - [TEST_STEP][PASSED] - delay(2): Delayed 2 second(s)

2019-04-11 16:01:58 - [MESSAGE][PASSED] - Delayed 2 second(s)

2019-04-11 16:01:58 - [TEST_STEP][PASSED] - click(findTestObject("Page_KiboPush  Survey/h3_Manage Surveys")): Object: 'Object Repository/Page_KiboPush  Survey/h3_Manage Surveys' is clicked on

2019-04-11 16:01:58 - [MESSAGE][PASSED] - Object: 'Object Repository/Page_KiboPush  Survey/h3_Manage Surveys' is clicked on

2019-04-11 16:01:58 - [MESSAGE][PASSED] - Call Test Case 'Test Cases/s-sidebar_navigation/individualAccount/survey' successfully

2019-04-11 16:01:58 - [TEST_STEP][PASSED] - click(findTestObject("Page_KiboPush  Survey/button_Create New (1)")): Object: 'Object Repository/Page_KiboPush  Survey/button_Create New (1)' is clicked on

2019-04-11 16:01:58 - [MESSAGE][PASSED] - Object: 'Object Repository/Page_KiboPush  Survey/button_Create New (1)' is clicked on

2019-04-11 16:01:58 - [TEST_STEP][PASSED] - click(findTestObject("Page_KiboPush  Survey/button_Create New Survey (1)")): Object: 'Object Repository/Page_KiboPush  Survey/button_Create New Survey (1)' is clicked on

2019-04-11 16:01:58 - [MESSAGE][PASSED] - Object: 'Object Repository/Page_KiboPush  Survey/button_Create New Survey (1)' is clicked on

2019-04-11 16:01:58 - [TEST_STEP][PASSED] - delay(2): Delayed 2 second(s)

2019-04-11 16:02:00 - [MESSAGE][PASSED] - Delayed 2 second(s)

2019-04-11 16:02:00 - [TEST_STEP][PASSED] - click(findTestObject("Page_KiboPush  Add Survey/button_Add Questions")): Object: 'Object Repository/Page_KiboPush  Add Survey/button_Add Questions' is clicked on

2019-04-11 16:02:00 - [MESSAGE][PASSED] - Object: 'Object Repository/Page_KiboPush  Add Survey/button_Add Questions' is clicked on

2019-04-11 16:02:00 - [TEST_STEP][PASSED] - click(findTestObject("Object Repository/Page_KiboPush  Add Survey/span_fa fa-times fa-inverse_1")): Object: 'Object Repository/Page_KiboPush  Add Survey/span_fa fa-times fa-inverse_1' is clicked on

2019-04-11 16:02:00 - [MESSAGE][PASSED] - Object: 'Object Repository/Page_KiboPush  Add Survey/span_fa fa-times fa-inverse_1' is clicked on

2019-04-11 16:02:00 - [TEST_STEP][PASSED] - click(findTestObject("Object Repository/Page_KiboPush  Add Survey/span_fa fa-times fa-inverse (1)")): Object: 'Object Repository/Page_KiboPush  Add Survey/span_fa fa-times fa-inverse (1)' is clicked on

2019-04-11 16:02:01 - [MESSAGE][PASSED] - Object: 'Object Repository/Page_KiboPush  Add Survey/span_fa fa-times fa-inverse (1)' is clicked on

2019-04-11 16:02:01 - [TEST_STEP][PASSED] - click(findTestObject("Object Repository/Page_KiboPush  Add Survey/div_Atleast 2 options are requ")): Object: 'Object Repository/Page_KiboPush  Add Survey/div_Atleast 2 options are requ' is clicked on

2019-04-11 16:02:01 - [MESSAGE][PASSED] - Object: 'Object Repository/Page_KiboPush  Add Survey/div_Atleast 2 options are requ' is clicked on]]></system-out>
         <system-err><![CDATA[]]></system-err>
      </testcase>
      <testcase name="Test Cases/Survey Test Cases/TC0224" classname="Test Cases/Survey Test Cases/TC0224" status="PASSED">
         <system-out><![CDATA[2019-04-11 16:02:01 - [TEST_CASE][PASSED] - Test Cases/Survey Test Cases/TC0224: Test Cases/Survey Test Cases/TC0224

2019-04-11 16:02:01 - [TEST_STEP][PASSED] - callTestCase(findTestCase("s-sidebar_navigation/individualAccount/survey"), [:], STOP_ON_FAILURE): Call Test Case 'Test Cases/s-sidebar_navigation/individualAccount/survey' successfully

2019-04-11 16:02:01 - [TEST_CASE][PASSED] - Test Cases/s-sidebar_navigation/individualAccount/survey: Test Cases/s-sidebar_navigation/individualAccount/survey

2019-04-11 16:02:01 - [TEST_STEP][PASSED] - callTestCase(findTestCase("s-sidebar_navigation/individualAccount/Login_Muzamil - Staging"), [:], STOP_ON_FAILURE): Call Test Case 'Test Cases/s-sidebar_navigation/individualAccount/Login_Muzamil - Staging' successfully

2019-04-11 16:02:01 - [TEST_CASE][PASSED] - Test Cases/s-sidebar_navigation/individualAccount/Login_Muzamil - Staging: Test Cases/s-sidebar_navigation/individualAccount/Login_Muzamil - Staging

2019-04-11 16:02:01 - [TEST_STEP][PASSED] - openBrowser(""): Browser is opened with url: ''

2019-04-11 16:02:01 - [MESSAGE][WARNING] - A browser is already opened. Closing browser and opening a new one

2019-04-11 16:02:01 - [MESSAGE][INFO] - Starting 'Chrome' driver

2019-04-11 16:02:01 - [MESSAGE][PASSED] - Browser is opened with url: ''

2019-04-11 16:02:01 - [TEST_STEP][PASSED] - maximizeWindow(): Current window maximized

2019-04-11 16:02:01 - [MESSAGE][PASSED] - Current window maximized

2019-04-11 16:02:01 - [TEST_STEP][PASSED] - navigateToUrl("https://saccounts.cloudkibo.com/?continue=https://skiboengage.cloudkibo.com"): Navigate to 'https://saccounts.cloudkibo.com/?continue=https://skiboengage.cloudkibo.com' successfully

2019-04-11 16:02:15 - [MESSAGE][PASSED] - Navigate to 'https://saccounts.cloudkibo.com/?continue=https://skiboengage.cloudkibo.com' successfully

2019-04-11 16:02:15 - [TEST_STEP][PASSED] - delay(2): Delayed 2 second(s)

2019-04-11 16:02:17 - [MESSAGE][PASSED] - Delayed 2 second(s)

2019-04-11 16:02:17 - [TEST_STEP][PASSED] - click(findTestObject("Page_CloudKibo/a_Login (4)")): Object: 'Object Repository/Page_CloudKibo/a_Login (4)' is clicked on

2019-04-11 16:02:18 - [MESSAGE][PASSED] - Object: 'Object Repository/Page_CloudKibo/a_Login (4)' is clicked on

2019-04-11 16:02:18 - [TEST_STEP][PASSED] - setText(findTestObject("Page_CloudKibo/input_Sign In_email (3)"), "muzamil.bukhari.39@gmail.com"): Text 'muzamil.bukhari.39@gmail.com' is set on object 'Object Repository/Page_CloudKibo/input_Sign In_email (3)'

2019-04-11 16:02:18 - [MESSAGE][PASSED] - Text 'muzamil.bukhari.39@gmail.com' is set on object 'Object Repository/Page_CloudKibo/input_Sign In_email (3)'

2019-04-11 16:02:18 - [TEST_STEP][PASSED] - setEncryptedText(findTestObject("Page_CloudKibo/input_Sign In_password (3)"), "ZOMPkeJIpHVS6OGLcNHjig=="): Text ****** has been set on object 'Object Repository/Page_CloudKibo/input_Sign In_password (3)'

2019-04-11 16:02:18 - [MESSAGE][PASSED] - Text ****** has been set on object 'Object Repository/Page_CloudKibo/input_Sign In_password (3)'

2019-04-11 16:02:18 - [TEST_STEP][PASSED] - click(findTestObject("Page_CloudKibo/button_Sign In (7)")): Object: 'Object Repository/Page_CloudKibo/button_Sign In (7)' is clicked on

2019-04-11 16:02:18 - [MESSAGE][PASSED] - Object: 'Object Repository/Page_CloudKibo/button_Sign In (7)' is clicked on

2019-04-11 16:02:18 - [TEST_STEP][PASSED] - click(findTestObject("Page_KiboEngage  Dashboard/h4_KIBOPUSH (2)")): Object: 'Object Repository/Page_KiboEngage  Dashboard/h4_KIBOPUSH (2)' is clicked on

2019-04-11 16:03:15 - [MESSAGE][PASSED] - Object: 'Object Repository/Page_KiboEngage  Dashboard/h4_KIBOPUSH (2)' is clicked on

2019-04-11 16:03:15 - [MESSAGE][PASSED] - Call Test Case 'Test Cases/s-sidebar_navigation/individualAccount/Login_Muzamil - Staging' successfully

2019-04-11 16:03:15 - [TEST_STEP][PASSED] - click(findTestObject("Page_KiboPush  Dashboard/span_Broadcasting")): Object: 'Object Repository/Page_KiboPush  Dashboard/span_Broadcasting' is clicked on

2019-04-11 16:03:15 - [MESSAGE][PASSED] - Object: 'Object Repository/Page_KiboPush  Dashboard/span_Broadcasting' is clicked on

2019-04-11 16:03:15 - [TEST_STEP][PASSED] - delay(2): Delayed 2 second(s)

2019-04-11 16:03:17 - [MESSAGE][PASSED] - Delayed 2 second(s)

2019-04-11 16:03:17 - [TEST_STEP][PASSED] - click(findTestObject("Page_KiboPush  Dashboard/span_Surveys")): Object: 'Object Repository/Page_KiboPush  Dashboard/span_Surveys' is clicked on

2019-04-11 16:03:18 - [MESSAGE][PASSED] - Object: 'Object Repository/Page_KiboPush  Dashboard/span_Surveys' is clicked on

2019-04-11 16:03:18 - [TEST_STEP][PASSED] - delay(2): Delayed 2 second(s)

2019-04-11 16:03:20 - [MESSAGE][PASSED] - Delayed 2 second(s)

2019-04-11 16:03:20 - [TEST_STEP][PASSED] - click(findTestObject("Page_KiboPush  Survey/h3_Manage Surveys")): Object: 'Object Repository/Page_KiboPush  Survey/h3_Manage Surveys' is clicked on

2019-04-11 16:03:20 - [MESSAGE][PASSED] - Object: 'Object Repository/Page_KiboPush  Survey/h3_Manage Surveys' is clicked on

2019-04-11 16:03:20 - [MESSAGE][PASSED] - Call Test Case 'Test Cases/s-sidebar_navigation/individualAccount/survey' successfully

2019-04-11 16:03:20 - [TEST_STEP][PASSED] - click(findTestObject("Page_KiboPush  Dashboard/span_Surveys")): Object: 'Object Repository/Page_KiboPush  Dashboard/span_Surveys' is clicked on

2019-04-11 16:03:20 - [MESSAGE][PASSED] - Object: 'Object Repository/Page_KiboPush  Dashboard/span_Surveys' is clicked on

2019-04-11 16:03:20 - [TEST_STEP][PASSED] - click(findTestObject("Page_KiboPush  Survey/button_Create New (4) (1)")): Object: 'Object Repository/Page_KiboPush  Survey/button_Create New (4) (1)' is clicked on

2019-04-11 16:03:20 - [MESSAGE][PASSED] - Object: 'Object Repository/Page_KiboPush  Survey/button_Create New (4) (1)' is clicked on

2019-04-11 16:03:20 - [TEST_STEP][PASSED] - click(findTestObject("Page_KiboPush  Survey/button_Create New Survey (2) (1)")): Object: 'Object Repository/Page_KiboPush  Survey/button_Create New Survey (2) (1)' is clicked on

2019-04-11 16:03:20 - [MESSAGE][PASSED] - Object: 'Object Repository/Page_KiboPush  Survey/button_Create New Survey (2) (1)' is clicked on

2019-04-11 16:03:20 - [TEST_STEP][PASSED] - delay(2): Delayed 2 second(s)

2019-04-11 16:03:22 - [MESSAGE][PASSED] - Delayed 2 second(s)

2019-04-11 16:03:22 - [TEST_STEP][PASSED] - click(findTestObject("Page_KiboEngage  Add Survey/button_Add Questions (1) (1)")): Object: 'Object Repository/Page_KiboEngage  Add Survey/button_Add Questions (1) (1)' is clicked on

2019-04-11 16:03:22 - [MESSAGE][PASSED] - Object: 'Object Repository/Page_KiboEngage  Add Survey/button_Add Questions (1) (1)' is clicked on

2019-04-11 16:03:22 - [TEST_STEP][PASSED] - click(findTestObject("Page_KiboPush  Add Survey/span_fa fa-times fa-inverse")): Object: 'Object Repository/Page_KiboPush  Add Survey/span_fa fa-times fa-inverse' is clicked on

2019-04-11 16:03:22 - [MESSAGE][PASSED] - Object: 'Object Repository/Page_KiboPush  Add Survey/span_fa fa-times fa-inverse' is clicked on

2019-04-11 16:03:22 - [TEST_STEP][PASSED] - click(findTestObject("Page_KiboPush  Add Survey/button_Add Choices")): Object: 'Object Repository/Page_KiboPush  Add Survey/button_Add Choices' is clicked on

2019-04-11 16:03:22 - [MESSAGE][PASSED] - Object: 'Object Repository/Page_KiboPush  Add Survey/button_Add Choices' is clicked on

2019-04-11 16:03:22 - [TEST_STEP][FAILED] - try: Unable to verify equal between actual object '0' and expected object '3' (Root cause: com.kms.katalon.core.exception.StepFailedException: Actual object '0' and expected object '3' are not equal
	at com.kms.katalon.core.keyword.builtin.VerifyEqualKeyword$_verifyEqual_closure1.doCall(VerifyEqualKeyword.groovy:58)
	at com.kms.katalon.core.keyword.builtin.VerifyEqualKeyword$_verifyEqual_closure1.call(VerifyEqualKeyword.groovy)
	at com.kms.katalon.core.keyword.internal.KeywordMain.runKeyword(KeywordMain.groovy:66)
	at com.kms.katalon.core.keyword.builtin.VerifyEqualKeyword.verifyEqual(VerifyEqualKeyword.groovy:63)
	at com.kms.katalon.core.keyword.builtin.VerifyEqualKeyword.execute(VerifyEqualKeyword.groovy:44)
	at com.kms.katalon.core.keyword.internal.KeywordExecutor.executeKeywordForPlatform(KeywordExecutor.groovy:56)
	at com.kms.katalon.core.keyword.BuiltinKeywords.verifyEqual(BuiltinKeywords.groovy:141)
	at TC0224.run(TC0224:50)
	at com.kms.katalon.core.main.ScriptEngine.run(ScriptEngine.java:194)
	at com.kms.katalon.core.main.ScriptEngine.runScriptAsRawText(ScriptEngine.java:119)
	at com.kms.katalon.core.main.TestCaseExecutor.runScript(TestCaseExecutor.java:331)
	at com.kms.katalon.core.main.TestCaseExecutor.doExecute(TestCaseExecutor.java:322)
	at com.kms.katalon.core.main.TestCaseExecutor.processExecutionPhase(TestCaseExecutor.java:301)
	at com.kms.katalon.core.main.TestCaseExecutor.accessMainPhase(TestCaseExecutor.java:293)
	at com.kms.katalon.core.main.TestCaseExecutor.execute(TestCaseExecutor.java:227)
	at com.kms.katalon.core.main.TestSuiteExecutor.accessTestCaseMainPhase(TestSuiteExecutor.java:129)
	at com.kms.katalon.core.main.TestSuiteExecutor.accessTestSuiteMainPhase(TestSuiteExecutor.java:112)
	at com.kms.katalon.core.main.TestSuiteExecutor.execute(TestSuiteExecutor.java:81)
	at com.kms.katalon.core.main.TestCaseMain.startTestSuite(TestCaseMain.java:157)
	at com.kms.katalon.core.main.TestCaseMain$startTestSuite$0.call(Unknown Source)
	at TempTestSuite1554979075443.run(TempTestSuite1554979075443.groovy:35)
)

2019-04-11 16:03:22 - [TEST_STEP][PASSED] - driver = getWebDriver(): null

2019-04-11 16:03:22 - [TEST_STEP][PASSED] - Table = driver.findElements(By.xpath(".//*[@id="identity"]/div[1]/div[4]/div/div/div[2]/div[2]/fieldset/div/div/div/div")): null

2019-04-11 16:03:22 - [TEST_STEP][FAILED] - verifyEqual(size().toString(), "3"): Unable to verify equal between actual object '0' and expected object '3' (Root cause: com.kms.katalon.core.exception.StepFailedException: Actual object '0' and expected object '3' are not equal
	at com.kms.katalon.core.keyword.builtin.VerifyEqualKeyword$_verifyEqual_closure1.doCall(VerifyEqualKeyword.groovy:58)
	at com.kms.katalon.core.keyword.builtin.VerifyEqualKeyword$_verifyEqual_closure1.call(VerifyEqualKeyword.groovy)
	at com.kms.katalon.core.keyword.internal.KeywordMain.runKeyword(KeywordMain.groovy:66)
	at com.kms.katalon.core.keyword.builtin.VerifyEqualKeyword.verifyEqual(VerifyEqualKeyword.groovy:63)
	at com.kms.katalon.core.keyword.builtin.VerifyEqualKeyword.execute(VerifyEqualKeyword.groovy:44)
	at com.kms.katalon.core.keyword.internal.KeywordExecutor.executeKeywordForPlatform(KeywordExecutor.groovy:56)
	at com.kms.katalon.core.keyword.BuiltinKeywords.verifyEqual(BuiltinKeywords.groovy:141)
	at TC0224.run(TC0224:50)
	at com.kms.katalon.core.main.ScriptEngine.run(ScriptEngine.java:194)
	at com.kms.katalon.core.main.ScriptEngine.runScriptAsRawText(ScriptEngine.java:119)
	at com.kms.katalon.core.main.TestCaseExecutor.runScript(TestCaseExecutor.java:331)
	at com.kms.katalon.core.main.TestCaseExecutor.doExecute(TestCaseExecutor.java:322)
	at com.kms.katalon.core.main.TestCaseExecutor.processExecutionPhase(TestCaseExecutor.java:301)
	at com.kms.katalon.core.main.TestCaseExecutor.accessMainPhase(TestCaseExecutor.java:293)
	at com.kms.katalon.core.main.TestCaseExecutor.execute(TestCaseExecutor.java:227)
	at com.kms.katalon.core.main.TestSuiteExecutor.accessTestCaseMainPhase(TestSuiteExecutor.java:129)
	at com.kms.katalon.core.main.TestSuiteExecutor.accessTestSuiteMainPhase(TestSuiteExecutor.java:112)
	at com.kms.katalon.core.main.TestSuiteExecutor.execute(TestSuiteExecutor.java:81)
	at com.kms.katalon.core.main.TestCaseMain.startTestSuite(TestCaseMain.java:157)
	at com.kms.katalon.core.main.TestCaseMain$startTestSuite$0.call(Unknown Source)
	at TempTestSuite1554979075443.run(TempTestSuite1554979075443.groovy:35)
)

2019-04-11 16:03:22 - [MESSAGE][FAILED] - Unable to verify equal between actual object '0' and expected object '3' (Root cause: com.kms.katalon.core.exception.StepFailedException: Actual object '0' and expected object '3' are not equal
	at com.kms.katalon.core.keyword.builtin.VerifyEqualKeyword$_verifyEqual_closure1.doCall(VerifyEqualKeyword.groovy:58)
	at com.kms.katalon.core.keyword.builtin.VerifyEqualKeyword$_verifyEqual_closure1.call(VerifyEqualKeyword.groovy)
	at com.kms.katalon.core.keyword.internal.KeywordMain.runKeyword(KeywordMain.groovy:66)
	at com.kms.katalon.core.keyword.builtin.VerifyEqualKeyword.verifyEqual(VerifyEqualKeyword.groovy:63)
	at com.kms.katalon.core.keyword.builtin.VerifyEqualKeyword.execute(VerifyEqualKeyword.groovy:44)
	at com.kms.katalon.core.keyword.internal.KeywordExecutor.executeKeywordForPlatform(KeywordExecutor.groovy:56)
	at com.kms.katalon.core.keyword.BuiltinKeywords.verifyEqual(BuiltinKeywords.groovy:141)
	at TC0224.run(TC0224:50)
	at com.kms.katalon.core.main.ScriptEngine.run(ScriptEngine.java:194)
	at com.kms.katalon.core.main.ScriptEngine.runScriptAsRawText(ScriptEngine.java:119)
	at com.kms.katalon.core.main.TestCaseExecutor.runScript(TestCaseExecutor.java:331)
	at com.kms.katalon.core.main.TestCaseExecutor.doExecute(TestCaseExecutor.java:322)
	at com.kms.katalon.core.main.TestCaseExecutor.processExecutionPhase(TestCaseExecutor.java:301)
	at com.kms.katalon.core.main.TestCaseExecutor.accessMainPhase(TestCaseExecutor.java:293)
	at com.kms.katalon.core.main.TestCaseExecutor.execute(TestCaseExecutor.java:227)
	at com.kms.katalon.core.main.TestSuiteExecutor.accessTestCaseMainPhase(TestSuiteExecutor.java:129)
	at com.kms.katalon.core.main.TestSuiteExecutor.accessTestSuiteMainPhase(TestSuiteExecutor.java:112)
	at com.kms.katalon.core.main.TestSuiteExecutor.execute(TestSuiteExecutor.java:81)
	at com.kms.katalon.core.main.TestCaseMain.startTestSuite(TestCaseMain.java:157)
	at com.kms.katalon.core.main.TestCaseMain$startTestSuite$0.call(Unknown Source)
	at TempTestSuite1554979075443.run(TempTestSuite1554979075443.groovy:35)
)

2019-04-11 16:03:22 - [TEST_STEP][PASSED] - catch (Exception e): null

2019-04-11 16:03:22 - [TEST_STEP][PASSED] - e.printStackTrace(): null]]></system-out>
         <system-err><![CDATA[]]></system-err>
      </testcase>
      <testcase name="Test Cases/Survey Test Cases/TC0225" classname="Test Cases/Survey Test Cases/TC0225" status="PASSED">
         <system-out><![CDATA[2019-04-11 16:03:22 - [TEST_CASE][PASSED] - Test Cases/Survey Test Cases/TC0225: Test Cases/Survey Test Cases/TC0225

2019-04-11 16:03:22 - [TEST_STEP][PASSED] - callTestCase(findTestCase("s-sidebar_navigation/individualAccount/survey"), [:], STOP_ON_FAILURE): Call Test Case 'Test Cases/s-sidebar_navigation/individualAccount/survey' successfully

2019-04-11 16:03:22 - [TEST_CASE][PASSED] - Test Cases/s-sidebar_navigation/individualAccount/survey: Test Cases/s-sidebar_navigation/individualAccount/survey

2019-04-11 16:03:22 - [TEST_STEP][PASSED] - callTestCase(findTestCase("s-sidebar_navigation/individualAccount/Login_Muzamil - Staging"), [:], STOP_ON_FAILURE): Call Test Case 'Test Cases/s-sidebar_navigation/individualAccount/Login_Muzamil - Staging' successfully

2019-04-11 16:03:22 - [TEST_CASE][PASSED] - Test Cases/s-sidebar_navigation/individualAccount/Login_Muzamil - Staging: Test Cases/s-sidebar_navigation/individualAccount/Login_Muzamil - Staging

2019-04-11 16:03:22 - [TEST_STEP][PASSED] - openBrowser(""): Browser is opened with url: ''

2019-04-11 16:03:22 - [MESSAGE][WARNING] - A browser is already opened. Closing browser and opening a new one

2019-04-11 16:03:22 - [MESSAGE][INFO] - Starting 'Chrome' driver

2019-04-11 16:03:23 - [MESSAGE][PASSED] - Browser is opened with url: ''

2019-04-11 16:03:23 - [TEST_STEP][PASSED] - maximizeWindow(): Current window maximized

2019-04-11 16:03:23 - [MESSAGE][PASSED] - Current window maximized

2019-04-11 16:03:23 - [TEST_STEP][PASSED] - navigateToUrl("https://saccounts.cloudkibo.com/?continue=https://skiboengage.cloudkibo.com"): Navigate to 'https://saccounts.cloudkibo.com/?continue=https://skiboengage.cloudkibo.com' successfully

2019-04-11 16:03:38 - [MESSAGE][PASSED] - Navigate to 'https://saccounts.cloudkibo.com/?continue=https://skiboengage.cloudkibo.com' successfully

2019-04-11 16:03:38 - [TEST_STEP][PASSED] - delay(2): Delayed 2 second(s)

2019-04-11 16:03:40 - [MESSAGE][PASSED] - Delayed 2 second(s)

2019-04-11 16:03:40 - [TEST_STEP][PASSED] - click(findTestObject("Page_CloudKibo/a_Login (4)")): Object: 'Object Repository/Page_CloudKibo/a_Login (4)' is clicked on

2019-04-11 16:03:41 - [MESSAGE][PASSED] - Object: 'Object Repository/Page_CloudKibo/a_Login (4)' is clicked on

2019-04-11 16:03:41 - [TEST_STEP][PASSED] - setText(findTestObject("Page_CloudKibo/input_Sign In_email (3)"), "muzamil.bukhari.39@gmail.com"): Text 'muzamil.bukhari.39@gmail.com' is set on object 'Object Repository/Page_CloudKibo/input_Sign In_email (3)'

2019-04-11 16:03:41 - [MESSAGE][PASSED] - Text 'muzamil.bukhari.39@gmail.com' is set on object 'Object Repository/Page_CloudKibo/input_Sign In_email (3)'

2019-04-11 16:03:41 - [TEST_STEP][PASSED] - setEncryptedText(findTestObject("Page_CloudKibo/input_Sign In_password (3)"), "ZOMPkeJIpHVS6OGLcNHjig=="): Text ****** has been set on object 'Object Repository/Page_CloudKibo/input_Sign In_password (3)'

2019-04-11 16:03:41 - [MESSAGE][PASSED] - Text ****** has been set on object 'Object Repository/Page_CloudKibo/input_Sign In_password (3)'

2019-04-11 16:03:41 - [TEST_STEP][PASSED] - click(findTestObject("Page_CloudKibo/button_Sign In (7)")): Object: 'Object Repository/Page_CloudKibo/button_Sign In (7)' is clicked on

2019-04-11 16:03:41 - [MESSAGE][PASSED] - Object: 'Object Repository/Page_CloudKibo/button_Sign In (7)' is clicked on

2019-04-11 16:03:41 - [TEST_STEP][PASSED] - click(findTestObject("Page_KiboEngage  Dashboard/h4_KIBOPUSH (2)")): Object: 'Object Repository/Page_KiboEngage  Dashboard/h4_KIBOPUSH (2)' is clicked on

2019-04-11 16:04:49 - [MESSAGE][PASSED] - Object: 'Object Repository/Page_KiboEngage  Dashboard/h4_KIBOPUSH (2)' is clicked on

2019-04-11 16:04:49 - [MESSAGE][PASSED] - Call Test Case 'Test Cases/s-sidebar_navigation/individualAccount/Login_Muzamil - Staging' successfully

2019-04-11 16:04:49 - [TEST_STEP][PASSED] - click(findTestObject("Page_KiboPush  Dashboard/span_Broadcasting")): Object: 'Object Repository/Page_KiboPush  Dashboard/span_Broadcasting' is clicked on

2019-04-11 16:04:49 - [MESSAGE][PASSED] - Object: 'Object Repository/Page_KiboPush  Dashboard/span_Broadcasting' is clicked on

2019-04-11 16:04:49 - [TEST_STEP][PASSED] - delay(2): Delayed 2 second(s)

2019-04-11 16:04:51 - [MESSAGE][PASSED] - Delayed 2 second(s)

2019-04-11 16:04:51 - [TEST_STEP][PASSED] - click(findTestObject("Page_KiboPush  Dashboard/span_Surveys")): Object: 'Object Repository/Page_KiboPush  Dashboard/span_Surveys' is clicked on

2019-04-11 16:04:51 - [MESSAGE][PASSED] - Object: 'Object Repository/Page_KiboPush  Dashboard/span_Surveys' is clicked on

2019-04-11 16:04:51 - [TEST_STEP][PASSED] - delay(2): Delayed 2 second(s)

2019-04-11 16:04:53 - [MESSAGE][PASSED] - Delayed 2 second(s)

2019-04-11 16:04:53 - [TEST_STEP][PASSED] - click(findTestObject("Page_KiboPush  Survey/h3_Manage Surveys")): Object: 'Object Repository/Page_KiboPush  Survey/h3_Manage Surveys' is clicked on

2019-04-11 16:04:53 - [MESSAGE][PASSED] - Object: 'Object Repository/Page_KiboPush  Survey/h3_Manage Surveys' is clicked on

2019-04-11 16:04:53 - [MESSAGE][PASSED] - Call Test Case 'Test Cases/s-sidebar_navigation/individualAccount/survey' successfully

2019-04-11 16:04:53 - [TEST_STEP][PASSED] - click(findTestObject("Page_KiboPush  Survey/button_Create New (4) (1)")): Object: 'Object Repository/Page_KiboPush  Survey/button_Create New (4) (1)' is clicked on

2019-04-11 16:04:53 - [MESSAGE][PASSED] - Object: 'Object Repository/Page_KiboPush  Survey/button_Create New (4) (1)' is clicked on

2019-04-11 16:04:53 - [TEST_STEP][PASSED] - click(findTestObject("Page_KiboPush  Survey/button_Create New Survey (2) (1)")): Object: 'Object Repository/Page_KiboPush  Survey/button_Create New Survey (2) (1)' is clicked on

2019-04-11 16:04:53 - [MESSAGE][PASSED] - Object: 'Object Repository/Page_KiboPush  Survey/button_Create New Survey (2) (1)' is clicked on

2019-04-11 16:04:53 - [TEST_STEP][PASSED] - delay(2): Delayed 2 second(s)

2019-04-11 16:04:55 - [MESSAGE][PASSED] - Delayed 2 second(s)

2019-04-11 16:04:55 - [TEST_STEP][PASSED] - scrollToPosition(0, 0): Browser is scrolled to position x = 0, y = 0

2019-04-11 16:04:55 - [MESSAGE][PASSED] - Browser is scrolled to position x = 0, y = 0

2019-04-11 16:04:55 - [TEST_STEP][PASSED] - delay(1): Delayed 1 second(s)

2019-04-11 16:04:56 - [MESSAGE][PASSED] - Delayed 1 second(s)

2019-04-11 16:04:56 - [TEST_STEP][PASSED] - verifyElementNotClickable(findTestObject("Page_KiboEngage  Add Survey/button_Next (1)")): Object 'Object Repository/Page_KiboEngage  Add Survey/button_Next (1)' is NOT clickable

2019-04-11 16:04:56 - [MESSAGE][PASSED] - Object 'Object Repository/Page_KiboEngage  Add Survey/button_Next (1)' is NOT clickable]]></system-out>
         <system-err><![CDATA[]]></system-err>
      </testcase>
      <testcase name="Test Cases/Survey Test Cases/TC0226" classname="Test Cases/Survey Test Cases/TC0226" status="PASSED">
         <system-out><![CDATA[2019-04-11 16:04:56 - [TEST_CASE][PASSED] - Test Cases/Survey Test Cases/TC0226: Test Cases/Survey Test Cases/TC0226

2019-04-11 16:04:57 - [TEST_STEP][PASSED] - callTestCase(findTestCase("s-sidebar_navigation/individualAccount/survey"), [:], STOP_ON_FAILURE): Call Test Case 'Test Cases/s-sidebar_navigation/individualAccount/survey' successfully

2019-04-11 16:04:57 - [TEST_CASE][PASSED] - Test Cases/s-sidebar_navigation/individualAccount/survey: Test Cases/s-sidebar_navigation/individualAccount/survey

2019-04-11 16:04:57 - [TEST_STEP][PASSED] - callTestCase(findTestCase("s-sidebar_navigation/individualAccount/Login_Muzamil - Staging"), [:], STOP_ON_FAILURE): Call Test Case 'Test Cases/s-sidebar_navigation/individualAccount/Login_Muzamil - Staging' successfully

2019-04-11 16:04:57 - [TEST_CASE][PASSED] - Test Cases/s-sidebar_navigation/individualAccount/Login_Muzamil - Staging: Test Cases/s-sidebar_navigation/individualAccount/Login_Muzamil - Staging

2019-04-11 16:04:57 - [TEST_STEP][PASSED] - openBrowser(""): Browser is opened with url: ''

2019-04-11 16:04:57 - [MESSAGE][WARNING] - A browser is already opened. Closing browser and opening a new one

2019-04-11 16:04:57 - [MESSAGE][INFO] - Starting 'Chrome' driver

2019-04-11 16:04:57 - [MESSAGE][PASSED] - Browser is opened with url: ''

2019-04-11 16:04:57 - [TEST_STEP][PASSED] - maximizeWindow(): Current window maximized

2019-04-11 16:04:57 - [MESSAGE][PASSED] - Current window maximized

2019-04-11 16:04:57 - [TEST_STEP][PASSED] - navigateToUrl("https://saccounts.cloudkibo.com/?continue=https://skiboengage.cloudkibo.com"): Navigate to 'https://saccounts.cloudkibo.com/?continue=https://skiboengage.cloudkibo.com' successfully

2019-04-11 16:05:07 - [MESSAGE][PASSED] - Navigate to 'https://saccounts.cloudkibo.com/?continue=https://skiboengage.cloudkibo.com' successfully

2019-04-11 16:05:07 - [TEST_STEP][PASSED] - delay(2): Delayed 2 second(s)

2019-04-11 16:05:09 - [MESSAGE][PASSED] - Delayed 2 second(s)

2019-04-11 16:05:09 - [TEST_STEP][PASSED] - click(findTestObject("Page_CloudKibo/a_Login (4)")): Object: 'Object Repository/Page_CloudKibo/a_Login (4)' is clicked on

2019-04-11 16:05:10 - [MESSAGE][PASSED] - Object: 'Object Repository/Page_CloudKibo/a_Login (4)' is clicked on

2019-04-11 16:05:10 - [TEST_STEP][PASSED] - setText(findTestObject("Page_CloudKibo/input_Sign In_email (3)"), "muzamil.bukhari.39@gmail.com"): Text 'muzamil.bukhari.39@gmail.com' is set on object 'Object Repository/Page_CloudKibo/input_Sign In_email (3)'

2019-04-11 16:05:10 - [MESSAGE][PASSED] - Text 'muzamil.bukhari.39@gmail.com' is set on object 'Object Repository/Page_CloudKibo/input_Sign In_email (3)'

2019-04-11 16:05:10 - [TEST_STEP][PASSED] - setEncryptedText(findTestObject("Page_CloudKibo/input_Sign In_password (3)"), "ZOMPkeJIpHVS6OGLcNHjig=="): Text ****** has been set on object 'Object Repository/Page_CloudKibo/input_Sign In_password (3)'

2019-04-11 16:05:10 - [MESSAGE][PASSED] - Text ****** has been set on object 'Object Repository/Page_CloudKibo/input_Sign In_password (3)'

2019-04-11 16:05:10 - [TEST_STEP][PASSED] - click(findTestObject("Page_CloudKibo/button_Sign In (7)")): Object: 'Object Repository/Page_CloudKibo/button_Sign In (7)' is clicked on

2019-04-11 16:05:10 - [MESSAGE][PASSED] - Object: 'Object Repository/Page_CloudKibo/button_Sign In (7)' is clicked on

2019-04-11 16:05:10 - [TEST_STEP][PASSED] - click(findTestObject("Page_KiboEngage  Dashboard/h4_KIBOPUSH (2)")): Object: 'Object Repository/Page_KiboEngage  Dashboard/h4_KIBOPUSH (2)' is clicked on

2019-04-11 16:05:43 - [MESSAGE][PASSED] - Object: 'Object Repository/Page_KiboEngage  Dashboard/h4_KIBOPUSH (2)' is clicked on

2019-04-11 16:05:43 - [MESSAGE][PASSED] - Call Test Case 'Test Cases/s-sidebar_navigation/individualAccount/Login_Muzamil - Staging' successfully

2019-04-11 16:05:43 - [TEST_STEP][PASSED] - click(findTestObject("Page_KiboPush  Dashboard/span_Broadcasting")): Object: 'Object Repository/Page_KiboPush  Dashboard/span_Broadcasting' is clicked on

2019-04-11 16:05:43 - [MESSAGE][PASSED] - Object: 'Object Repository/Page_KiboPush  Dashboard/span_Broadcasting' is clicked on

2019-04-11 16:05:43 - [TEST_STEP][PASSED] - delay(2): Delayed 2 second(s)

2019-04-11 16:05:45 - [MESSAGE][PASSED] - Delayed 2 second(s)

2019-04-11 16:05:45 - [TEST_STEP][PASSED] - click(findTestObject("Page_KiboPush  Dashboard/span_Surveys")): Object: 'Object Repository/Page_KiboPush  Dashboard/span_Surveys' is clicked on

2019-04-11 16:05:45 - [MESSAGE][PASSED] - Object: 'Object Repository/Page_KiboPush  Dashboard/span_Surveys' is clicked on

2019-04-11 16:05:45 - [TEST_STEP][PASSED] - delay(2): Delayed 2 second(s)

2019-04-11 16:05:47 - [MESSAGE][PASSED] - Delayed 2 second(s)

2019-04-11 16:05:47 - [TEST_STEP][PASSED] - click(findTestObject("Page_KiboPush  Survey/h3_Manage Surveys")): Object: 'Object Repository/Page_KiboPush  Survey/h3_Manage Surveys' is clicked on

2019-04-11 16:05:48 - [MESSAGE][PASSED] - Object: 'Object Repository/Page_KiboPush  Survey/h3_Manage Surveys' is clicked on

2019-04-11 16:05:48 - [MESSAGE][PASSED] - Call Test Case 'Test Cases/s-sidebar_navigation/individualAccount/survey' successfully

2019-04-11 16:05:48 - [TEST_STEP][PASSED] - click(findTestObject("Page_KiboPush  Survey/button_Create New (4) (1)")): Object: 'Object Repository/Page_KiboPush  Survey/button_Create New (4) (1)' is clicked on

2019-04-11 16:05:48 - [MESSAGE][PASSED] - Object: 'Object Repository/Page_KiboPush  Survey/button_Create New (4) (1)' is clicked on

2019-04-11 16:05:48 - [TEST_STEP][PASSED] - click(findTestObject("Page_KiboPush  Survey/button_Create New Survey (2) (1)")): Object: 'Object Repository/Page_KiboPush  Survey/button_Create New Survey (2) (1)' is clicked on

2019-04-11 16:05:48 - [MESSAGE][PASSED] - Object: 'Object Repository/Page_KiboPush  Survey/button_Create New Survey (2) (1)' is clicked on

2019-04-11 16:05:48 - [TEST_STEP][PASSED] - delay(2): Delayed 2 second(s)

2019-04-11 16:05:50 - [MESSAGE][PASSED] - Delayed 2 second(s)

2019-04-11 16:05:50 - [TEST_STEP][PASSED] - delay(2): Delayed 2 second(s)

2019-04-11 16:05:52 - [MESSAGE][PASSED] - Delayed 2 second(s)

2019-04-11 16:05:52 - [TEST_STEP][PASSED] - setText(findTestObject("Page_KiboEngage  Add Survey/input_form-control_1 (1) (1) (1) (1)"), "hi"): Text 'hi' is set on object 'Object Repository/Page_KiboEngage  Add Survey/input_form-control_1 (1) (1) (1) (1)'

2019-04-11 16:05:52 - [MESSAGE][PASSED] - Text 'hi' is set on object 'Object Repository/Page_KiboEngage  Add Survey/input_form-control_1 (1) (1) (1) (1)'

2019-04-11 16:05:52 - [TEST_STEP][PASSED] - scrollToPosition(0, 0): Browser is scrolled to position x = 0, y = 0

2019-04-11 16:05:52 - [MESSAGE][PASSED] - Browser is scrolled to position x = 0, y = 0

2019-04-11 16:05:52 - [TEST_STEP][PASSED] - delay(1): Delayed 1 second(s)

2019-04-11 16:05:53 - [MESSAGE][PASSED] - Delayed 1 second(s)

2019-04-11 16:05:53 - [TEST_STEP][PASSED] - verifyElementNotClickable(findTestObject("Page_KiboEngage  Add Survey/button_Next (1)")): Object 'Object Repository/Page_KiboEngage  Add Survey/button_Next (1)' is NOT clickable

2019-04-11 16:05:53 - [MESSAGE][PASSED] - Object 'Object Repository/Page_KiboEngage  Add Survey/button_Next (1)' is NOT clickable]]></system-out>
         <system-err><![CDATA[]]></system-err>
      </testcase>
      <testcase name="Test Cases/Survey Test Cases/TC0227" classname="Test Cases/Survey Test Cases/TC0227" status="PASSED">
         <system-out><![CDATA[2019-04-11 16:05:53 - [TEST_CASE][PASSED] - Test Cases/Survey Test Cases/TC0227: Test Cases/Survey Test Cases/TC0227

2019-04-11 16:05:53 - [TEST_STEP][PASSED] - callTestCase(findTestCase("s-sidebar_navigation/individualAccount/survey"), [:], STOP_ON_FAILURE): Call Test Case 'Test Cases/s-sidebar_navigation/individualAccount/survey' successfully

2019-04-11 16:05:53 - [TEST_CASE][PASSED] - Test Cases/s-sidebar_navigation/individualAccount/survey: Test Cases/s-sidebar_navigation/individualAccount/survey

2019-04-11 16:05:53 - [TEST_STEP][PASSED] - callTestCase(findTestCase("s-sidebar_navigation/individualAccount/Login_Muzamil - Staging"), [:], STOP_ON_FAILURE): Call Test Case 'Test Cases/s-sidebar_navigation/individualAccount/Login_Muzamil - Staging' successfully

2019-04-11 16:05:53 - [TEST_CASE][PASSED] - Test Cases/s-sidebar_navigation/individualAccount/Login_Muzamil - Staging: Test Cases/s-sidebar_navigation/individualAccount/Login_Muzamil - Staging

2019-04-11 16:05:53 - [TEST_STEP][PASSED] - openBrowser(""): Browser is opened with url: ''

2019-04-11 16:05:53 - [MESSAGE][WARNING] - A browser is already opened. Closing browser and opening a new one

2019-04-11 16:05:53 - [MESSAGE][INFO] - Starting 'Chrome' driver

2019-04-11 16:05:54 - [MESSAGE][PASSED] - Browser is opened with url: ''

2019-04-11 16:05:54 - [TEST_STEP][PASSED] - maximizeWindow(): Current window maximized

2019-04-11 16:05:54 - [MESSAGE][PASSED] - Current window maximized

2019-04-11 16:05:54 - [TEST_STEP][PASSED] - navigateToUrl("https://saccounts.cloudkibo.com/?continue=https://skiboengage.cloudkibo.com"): Navigate to 'https://saccounts.cloudkibo.com/?continue=https://skiboengage.cloudkibo.com' successfully

2019-04-11 16:06:05 - [MESSAGE][PASSED] - Navigate to 'https://saccounts.cloudkibo.com/?continue=https://skiboengage.cloudkibo.com' successfully

2019-04-11 16:06:05 - [TEST_STEP][PASSED] - delay(2): Delayed 2 second(s)

2019-04-11 16:06:07 - [MESSAGE][PASSED] - Delayed 2 second(s)

2019-04-11 16:06:07 - [TEST_STEP][PASSED] - click(findTestObject("Page_CloudKibo/a_Login (4)")): Object: 'Object Repository/Page_CloudKibo/a_Login (4)' is clicked on

2019-04-11 16:06:08 - [MESSAGE][PASSED] - Object: 'Object Repository/Page_CloudKibo/a_Login (4)' is clicked on

2019-04-11 16:06:08 - [TEST_STEP][PASSED] - setText(findTestObject("Page_CloudKibo/input_Sign In_email (3)"), "muzamil.bukhari.39@gmail.com"): Text 'muzamil.bukhari.39@gmail.com' is set on object 'Object Repository/Page_CloudKibo/input_Sign In_email (3)'

2019-04-11 16:06:08 - [MESSAGE][PASSED] - Text 'muzamil.bukhari.39@gmail.com' is set on object 'Object Repository/Page_CloudKibo/input_Sign In_email (3)'

2019-04-11 16:06:08 - [TEST_STEP][PASSED] - setEncryptedText(findTestObject("Page_CloudKibo/input_Sign In_password (3)"), "ZOMPkeJIpHVS6OGLcNHjig=="): Text ****** has been set on object 'Object Repository/Page_CloudKibo/input_Sign In_password (3)'

2019-04-11 16:06:08 - [MESSAGE][PASSED] - Text ****** has been set on object 'Object Repository/Page_CloudKibo/input_Sign In_password (3)'

2019-04-11 16:06:08 - [TEST_STEP][PASSED] - click(findTestObject("Page_CloudKibo/button_Sign In (7)")): Object: 'Object Repository/Page_CloudKibo/button_Sign In (7)' is clicked on

2019-04-11 16:06:08 - [MESSAGE][PASSED] - Object: 'Object Repository/Page_CloudKibo/button_Sign In (7)' is clicked on

2019-04-11 16:06:08 - [TEST_STEP][PASSED] - click(findTestObject("Page_KiboEngage  Dashboard/h4_KIBOPUSH (2)")): Object: 'Object Repository/Page_KiboEngage  Dashboard/h4_KIBOPUSH (2)' is clicked on

2019-04-11 16:06:49 - [MESSAGE][PASSED] - Object: 'Object Repository/Page_KiboEngage  Dashboard/h4_KIBOPUSH (2)' is clicked on

2019-04-11 16:06:49 - [MESSAGE][PASSED] - Call Test Case 'Test Cases/s-sidebar_navigation/individualAccount/Login_Muzamil - Staging' successfully

2019-04-11 16:06:49 - [TEST_STEP][PASSED] - click(findTestObject("Page_KiboPush  Dashboard/span_Broadcasting")): Object: 'Object Repository/Page_KiboPush  Dashboard/span_Broadcasting' is clicked on

2019-04-11 16:06:49 - [MESSAGE][PASSED] - Object: 'Object Repository/Page_KiboPush  Dashboard/span_Broadcasting' is clicked on

2019-04-11 16:06:49 - [TEST_STEP][PASSED] - delay(2): Delayed 2 second(s)

2019-04-11 16:06:51 - [MESSAGE][PASSED] - Delayed 2 second(s)

2019-04-11 16:06:51 - [TEST_STEP][PASSED] - click(findTestObject("Page_KiboPush  Dashboard/span_Surveys")): Object: 'Object Repository/Page_KiboPush  Dashboard/span_Surveys' is clicked on

2019-04-11 16:06:52 - [MESSAGE][PASSED] - Object: 'Object Repository/Page_KiboPush  Dashboard/span_Surveys' is clicked on

2019-04-11 16:06:52 - [TEST_STEP][PASSED] - delay(2): Delayed 2 second(s)

2019-04-11 16:06:54 - [MESSAGE][PASSED] - Delayed 2 second(s)

2019-04-11 16:06:54 - [TEST_STEP][PASSED] - click(findTestObject("Page_KiboPush  Survey/h3_Manage Surveys")): Object: 'Object Repository/Page_KiboPush  Survey/h3_Manage Surveys' is clicked on

2019-04-11 16:06:54 - [MESSAGE][PASSED] - Object: 'Object Repository/Page_KiboPush  Survey/h3_Manage Surveys' is clicked on

2019-04-11 16:06:54 - [MESSAGE][PASSED] - Call Test Case 'Test Cases/s-sidebar_navigation/individualAccount/survey' successfully

2019-04-11 16:06:54 - [TEST_STEP][PASSED] - click(findTestObject("Page_KiboPush  Survey/button_Create New (4) (1)")): Object: 'Object Repository/Page_KiboPush  Survey/button_Create New (4) (1)' is clicked on

2019-04-11 16:06:54 - [MESSAGE][PASSED] - Object: 'Object Repository/Page_KiboPush  Survey/button_Create New (4) (1)' is clicked on

2019-04-11 16:06:54 - [TEST_STEP][PASSED] - click(findTestObject("Page_KiboPush  Survey/button_Create New Survey (2) (1)")): Object: 'Object Repository/Page_KiboPush  Survey/button_Create New Survey (2) (1)' is clicked on

2019-04-11 16:06:54 - [MESSAGE][PASSED] - Object: 'Object Repository/Page_KiboPush  Survey/button_Create New Survey (2) (1)' is clicked on

2019-04-11 16:06:54 - [TEST_STEP][PASSED] - delay(2): Delayed 2 second(s)

2019-04-11 16:06:56 - [MESSAGE][PASSED] - Delayed 2 second(s)

2019-04-11 16:06:56 - [TEST_STEP][PASSED] - delay(2): Delayed 2 second(s)

2019-04-11 16:06:58 - [MESSAGE][PASSED] - Delayed 2 second(s)

2019-04-11 16:06:58 - [TEST_STEP][PASSED] - setText(findTestObject("Page_KiboEngage  Add Survey/input_form-control_1 (1) (1) (1) (1)"), "hi"): Text 'hi' is set on object 'Object Repository/Page_KiboEngage  Add Survey/input_form-control_1 (1) (1) (1) (1)'

2019-04-11 16:06:58 - [MESSAGE][PASSED] - Text 'hi' is set on object 'Object Repository/Page_KiboEngage  Add Survey/input_form-control_1 (1) (1) (1) (1)'

2019-04-11 16:06:58 - [TEST_STEP][PASSED] - scrollToPosition(0, 0): Browser is scrolled to position x = 0, y = 0

2019-04-11 16:06:58 - [MESSAGE][PASSED] - Browser is scrolled to position x = 0, y = 0

2019-04-11 16:06:58 - [TEST_STEP][PASSED] - delay(1): Delayed 1 second(s)

2019-04-11 16:06:59 - [MESSAGE][PASSED] - Delayed 1 second(s)

2019-04-11 16:06:59 - [TEST_STEP][PASSED] - verifyElementNotClickable(findTestObject("Page_KiboEngage  Add Survey/button_Next (1)")): Object 'Object Repository/Page_KiboEngage  Add Survey/button_Next (1)' is NOT clickable

2019-04-11 16:06:59 - [MESSAGE][PASSED] - Object 'Object Repository/Page_KiboEngage  Add Survey/button_Next (1)' is NOT clickable]]></system-out>
         <system-err><![CDATA[]]></system-err>
      </testcase>
      <testcase name="Test Cases/Survey Test Cases/TC0228" classname="Test Cases/Survey Test Cases/TC0228" status="PASSED">
         <system-out><![CDATA[2019-04-11 16:06:59 - [TEST_CASE][PASSED] - Test Cases/Survey Test Cases/TC0228: Test Cases/Survey Test Cases/TC0228

2019-04-11 16:06:59 - [TEST_STEP][PASSED] - callTestCase(findTestCase("s-sidebar_navigation/individualAccount/survey"), [:], STOP_ON_FAILURE): Call Test Case 'Test Cases/s-sidebar_navigation/individualAccount/survey' successfully

2019-04-11 16:06:59 - [TEST_CASE][PASSED] - Test Cases/s-sidebar_navigation/individualAccount/survey: Test Cases/s-sidebar_navigation/individualAccount/survey

2019-04-11 16:06:59 - [TEST_STEP][PASSED] - callTestCase(findTestCase("s-sidebar_navigation/individualAccount/Login_Muzamil - Staging"), [:], STOP_ON_FAILURE): Call Test Case 'Test Cases/s-sidebar_navigation/individualAccount/Login_Muzamil - Staging' successfully

2019-04-11 16:06:59 - [TEST_CASE][PASSED] - Test Cases/s-sidebar_navigation/individualAccount/Login_Muzamil - Staging: Test Cases/s-sidebar_navigation/individualAccount/Login_Muzamil - Staging

2019-04-11 16:06:59 - [TEST_STEP][PASSED] - openBrowser(""): Browser is opened with url: ''

2019-04-11 16:06:59 - [MESSAGE][WARNING] - A browser is already opened. Closing browser and opening a new one

2019-04-11 16:06:59 - [MESSAGE][INFO] - Starting 'Chrome' driver

2019-04-11 16:07:00 - [MESSAGE][PASSED] - Browser is opened with url: ''

2019-04-11 16:07:00 - [TEST_STEP][PASSED] - maximizeWindow(): Current window maximized

2019-04-11 16:07:00 - [MESSAGE][PASSED] - Current window maximized

2019-04-11 16:07:00 - [TEST_STEP][PASSED] - navigateToUrl("https://saccounts.cloudkibo.com/?continue=https://skiboengage.cloudkibo.com"): Navigate to 'https://saccounts.cloudkibo.com/?continue=https://skiboengage.cloudkibo.com' successfully

2019-04-11 16:07:13 - [MESSAGE][PASSED] - Navigate to 'https://saccounts.cloudkibo.com/?continue=https://skiboengage.cloudkibo.com' successfully

2019-04-11 16:07:13 - [TEST_STEP][PASSED] - delay(2): Delayed 2 second(s)

2019-04-11 16:07:15 - [MESSAGE][PASSED] - Delayed 2 second(s)

2019-04-11 16:07:15 - [TEST_STEP][PASSED] - click(findTestObject("Page_CloudKibo/a_Login (4)")): Object: 'Object Repository/Page_CloudKibo/a_Login (4)' is clicked on

2019-04-11 16:07:16 - [MESSAGE][PASSED] - Object: 'Object Repository/Page_CloudKibo/a_Login (4)' is clicked on

2019-04-11 16:07:16 - [TEST_STEP][PASSED] - setText(findTestObject("Page_CloudKibo/input_Sign In_email (3)"), "muzamil.bukhari.39@gmail.com"): Text 'muzamil.bukhari.39@gmail.com' is set on object 'Object Repository/Page_CloudKibo/input_Sign In_email (3)'

2019-04-11 16:07:16 - [MESSAGE][PASSED] - Text 'muzamil.bukhari.39@gmail.com' is set on object 'Object Repository/Page_CloudKibo/input_Sign In_email (3)'

2019-04-11 16:07:16 - [TEST_STEP][PASSED] - setEncryptedText(findTestObject("Page_CloudKibo/input_Sign In_password (3)"), "ZOMPkeJIpHVS6OGLcNHjig=="): Text ****** has been set on object 'Object Repository/Page_CloudKibo/input_Sign In_password (3)'

2019-04-11 16:07:16 - [MESSAGE][PASSED] - Text ****** has been set on object 'Object Repository/Page_CloudKibo/input_Sign In_password (3)'

2019-04-11 16:07:16 - [TEST_STEP][PASSED] - click(findTestObject("Page_CloudKibo/button_Sign In (7)")): Object: 'Object Repository/Page_CloudKibo/button_Sign In (7)' is clicked on

2019-04-11 16:07:16 - [MESSAGE][PASSED] - Object: 'Object Repository/Page_CloudKibo/button_Sign In (7)' is clicked on

2019-04-11 16:07:16 - [TEST_STEP][PASSED] - click(findTestObject("Page_KiboEngage  Dashboard/h4_KIBOPUSH (2)")): Object: 'Object Repository/Page_KiboEngage  Dashboard/h4_KIBOPUSH (2)' is clicked on

2019-04-11 16:07:57 - [MESSAGE][PASSED] - Object: 'Object Repository/Page_KiboEngage  Dashboard/h4_KIBOPUSH (2)' is clicked on

2019-04-11 16:07:57 - [MESSAGE][PASSED] - Call Test Case 'Test Cases/s-sidebar_navigation/individualAccount/Login_Muzamil - Staging' successfully

2019-04-11 16:07:57 - [TEST_STEP][PASSED] - click(findTestObject("Page_KiboPush  Dashboard/span_Broadcasting")): Object: 'Object Repository/Page_KiboPush  Dashboard/span_Broadcasting' is clicked on

2019-04-11 16:07:58 - [MESSAGE][PASSED] - Object: 'Object Repository/Page_KiboPush  Dashboard/span_Broadcasting' is clicked on

2019-04-11 16:07:58 - [TEST_STEP][PASSED] - delay(2): Delayed 2 second(s)

2019-04-11 16:08:00 - [MESSAGE][PASSED] - Delayed 2 second(s)

2019-04-11 16:08:00 - [TEST_STEP][PASSED] - click(findTestObject("Page_KiboPush  Dashboard/span_Surveys")): Object: 'Object Repository/Page_KiboPush  Dashboard/span_Surveys' is clicked on

2019-04-11 16:08:00 - [MESSAGE][PASSED] - Object: 'Object Repository/Page_KiboPush  Dashboard/span_Surveys' is clicked on

2019-04-11 16:08:00 - [TEST_STEP][PASSED] - delay(2): Delayed 2 second(s)

2019-04-11 16:08:02 - [MESSAGE][PASSED] - Delayed 2 second(s)

2019-04-11 16:08:02 - [TEST_STEP][PASSED] - click(findTestObject("Page_KiboPush  Survey/h3_Manage Surveys")): Object: 'Object Repository/Page_KiboPush  Survey/h3_Manage Surveys' is clicked on

2019-04-11 16:08:02 - [MESSAGE][PASSED] - Object: 'Object Repository/Page_KiboPush  Survey/h3_Manage Surveys' is clicked on

2019-04-11 16:08:02 - [MESSAGE][PASSED] - Call Test Case 'Test Cases/s-sidebar_navigation/individualAccount/survey' successfully

2019-04-11 16:08:02 - [TEST_STEP][PASSED] - click(findTestObject("Page_KiboPush  Survey/button_Create New (4) (1)")): Object: 'Object Repository/Page_KiboPush  Survey/button_Create New (4) (1)' is clicked on

2019-04-11 16:08:02 - [MESSAGE][PASSED] - Object: 'Object Repository/Page_KiboPush  Survey/button_Create New (4) (1)' is clicked on

2019-04-11 16:08:02 - [TEST_STEP][PASSED] - click(findTestObject("Page_KiboPush  Survey/button_Create New Survey (2) (1)")): Object: 'Object Repository/Page_KiboPush  Survey/button_Create New Survey (2) (1)' is clicked on

2019-04-11 16:08:02 - [MESSAGE][PASSED] - Object: 'Object Repository/Page_KiboPush  Survey/button_Create New Survey (2) (1)' is clicked on

2019-04-11 16:08:02 - [TEST_STEP][PASSED] - delay(2): Delayed 2 second(s)

2019-04-11 16:08:04 - [MESSAGE][PASSED] - Delayed 2 second(s)

2019-04-11 16:08:04 - [TEST_STEP][PASSED] - setText(findTestObject("Page_KiboEngage  Add Survey/input_form-control_1 (1) (1) (1) (1) (1)"), "hi"): Text 'hi' is set on object 'Object Repository/Page_KiboEngage  Add Survey/input_form-control_1 (1) (1) (1) (1) (1)'

2019-04-11 16:08:04 - [MESSAGE][PASSED] - Text 'hi' is set on object 'Object Repository/Page_KiboEngage  Add Survey/input_form-control_1 (1) (1) (1) (1) (1)'

2019-04-11 16:08:04 - [TEST_STEP][PASSED] - delay(2): Delayed 2 second(s)

2019-04-11 16:08:06 - [MESSAGE][PASSED] - Delayed 2 second(s)

2019-04-11 16:08:06 - [TEST_STEP][PASSED] - click(findTestObject("Page_KiboEngage  Add Survey/button_Add Questions (2)")): Object: 'Object Repository/Page_KiboEngage  Add Survey/button_Add Questions (2)' is clicked on

2019-04-11 16:08:06 - [MESSAGE][PASSED] - Object: 'Object Repository/Page_KiboEngage  Add Survey/button_Add Questions (2)' is clicked on

2019-04-11 16:08:06 - [TEST_STEP][PASSED] - scrollToPosition(0, 0): Browser is scrolled to position x = 0, y = 0

2019-04-11 16:08:06 - [MESSAGE][PASSED] - Browser is scrolled to position x = 0, y = 0

2019-04-11 16:08:06 - [TEST_STEP][PASSED] - delay(1): Delayed 1 second(s)

2019-04-11 16:08:07 - [MESSAGE][PASSED] - Delayed 1 second(s)

2019-04-11 16:08:07 - [TEST_STEP][PASSED] - verifyElementNotClickable(findTestObject("Page_KiboEngage  Add Survey/button_Next (1)")): Object 'Object Repository/Page_KiboEngage  Add Survey/button_Next (1)' is NOT clickable

2019-04-11 16:08:07 - [MESSAGE][PASSED] - Object 'Object Repository/Page_KiboEngage  Add Survey/button_Next (1)' is NOT clickable]]></system-out>
         <system-err><![CDATA[]]></system-err>
      </testcase>
      <testcase name="Test Cases/Survey Test Cases/TC0229" classname="Test Cases/Survey Test Cases/TC0229" status="PASSED">
         <system-out><![CDATA[2019-04-11 16:08:07 - [TEST_CASE][PASSED] - Test Cases/Survey Test Cases/TC0229: Test Cases/Survey Test Cases/TC0229

2019-04-11 16:08:07 - [TEST_STEP][PASSED] - callTestCase(findTestCase("s-sidebar_navigation/individualAccount/survey"), [:], STOP_ON_FAILURE): Call Test Case 'Test Cases/s-sidebar_navigation/individualAccount/survey' successfully

2019-04-11 16:08:08 - [TEST_CASE][PASSED] - Test Cases/s-sidebar_navigation/individualAccount/survey: Test Cases/s-sidebar_navigation/individualAccount/survey

2019-04-11 16:08:08 - [TEST_STEP][PASSED] - callTestCase(findTestCase("s-sidebar_navigation/individualAccount/Login_Muzamil - Staging"), [:], STOP_ON_FAILURE): Call Test Case 'Test Cases/s-sidebar_navigation/individualAccount/Login_Muzamil - Staging' successfully

2019-04-11 16:08:08 - [TEST_CASE][PASSED] - Test Cases/s-sidebar_navigation/individualAccount/Login_Muzamil - Staging: Test Cases/s-sidebar_navigation/individualAccount/Login_Muzamil - Staging

2019-04-11 16:08:08 - [TEST_STEP][PASSED] - openBrowser(""): Browser is opened with url: ''

2019-04-11 16:08:08 - [MESSAGE][WARNING] - A browser is already opened. Closing browser and opening a new one

2019-04-11 16:08:08 - [MESSAGE][INFO] - Starting 'Chrome' driver

2019-04-11 16:08:08 - [MESSAGE][PASSED] - Browser is opened with url: ''

2019-04-11 16:08:08 - [TEST_STEP][PASSED] - maximizeWindow(): Current window maximized

2019-04-11 16:08:08 - [MESSAGE][PASSED] - Current window maximized

2019-04-11 16:08:08 - [TEST_STEP][PASSED] - navigateToUrl("https://saccounts.cloudkibo.com/?continue=https://skiboengage.cloudkibo.com"): Navigate to 'https://saccounts.cloudkibo.com/?continue=https://skiboengage.cloudkibo.com' successfully

2019-04-11 16:08:20 - [MESSAGE][PASSED] - Navigate to 'https://saccounts.cloudkibo.com/?continue=https://skiboengage.cloudkibo.com' successfully

2019-04-11 16:08:20 - [TEST_STEP][PASSED] - delay(2): Delayed 2 second(s)

2019-04-11 16:08:22 - [MESSAGE][PASSED] - Delayed 2 second(s)

2019-04-11 16:08:22 - [TEST_STEP][PASSED] - click(findTestObject("Page_CloudKibo/a_Login (4)")): Object: 'Object Repository/Page_CloudKibo/a_Login (4)' is clicked on

2019-04-11 16:08:23 - [MESSAGE][PASSED] - Object: 'Object Repository/Page_CloudKibo/a_Login (4)' is clicked on

2019-04-11 16:08:23 - [TEST_STEP][PASSED] - setText(findTestObject("Page_CloudKibo/input_Sign In_email (3)"), "muzamil.bukhari.39@gmail.com"): Text 'muzamil.bukhari.39@gmail.com' is set on object 'Object Repository/Page_CloudKibo/input_Sign In_email (3)'

2019-04-11 16:08:24 - [MESSAGE][PASSED] - Text 'muzamil.bukhari.39@gmail.com' is set on object 'Object Repository/Page_CloudKibo/input_Sign In_email (3)'

2019-04-11 16:08:24 - [TEST_STEP][PASSED] - setEncryptedText(findTestObject("Page_CloudKibo/input_Sign In_password (3)"), "ZOMPkeJIpHVS6OGLcNHjig=="): Text ****** has been set on object 'Object Repository/Page_CloudKibo/input_Sign In_password (3)'

2019-04-11 16:08:24 - [MESSAGE][PASSED] - Text ****** has been set on object 'Object Repository/Page_CloudKibo/input_Sign In_password (3)'

2019-04-11 16:08:24 - [TEST_STEP][PASSED] - click(findTestObject("Page_CloudKibo/button_Sign In (7)")): Object: 'Object Repository/Page_CloudKibo/button_Sign In (7)' is clicked on

2019-04-11 16:08:24 - [MESSAGE][PASSED] - Object: 'Object Repository/Page_CloudKibo/button_Sign In (7)' is clicked on

2019-04-11 16:08:24 - [TEST_STEP][PASSED] - click(findTestObject("Page_KiboEngage  Dashboard/h4_KIBOPUSH (2)")): Object: 'Object Repository/Page_KiboEngage  Dashboard/h4_KIBOPUSH (2)' is clicked on

2019-04-11 16:09:01 - [MESSAGE][PASSED] - Object: 'Object Repository/Page_KiboEngage  Dashboard/h4_KIBOPUSH (2)' is clicked on

2019-04-11 16:09:01 - [MESSAGE][PASSED] - Call Test Case 'Test Cases/s-sidebar_navigation/individualAccount/Login_Muzamil - Staging' successfully

2019-04-11 16:09:01 - [TEST_STEP][PASSED] - click(findTestObject("Page_KiboPush  Dashboard/span_Broadcasting")): Object: 'Object Repository/Page_KiboPush  Dashboard/span_Broadcasting' is clicked on

2019-04-11 16:09:01 - [MESSAGE][PASSED] - Object: 'Object Repository/Page_KiboPush  Dashboard/span_Broadcasting' is clicked on

2019-04-11 16:09:01 - [TEST_STEP][PASSED] - delay(2): Delayed 2 second(s)

2019-04-11 16:09:03 - [MESSAGE][PASSED] - Delayed 2 second(s)

2019-04-11 16:09:03 - [TEST_STEP][PASSED] - click(findTestObject("Page_KiboPush  Dashboard/span_Surveys")): Object: 'Object Repository/Page_KiboPush  Dashboard/span_Surveys' is clicked on

2019-04-11 16:09:03 - [MESSAGE][PASSED] - Object: 'Object Repository/Page_KiboPush  Dashboard/span_Surveys' is clicked on

2019-04-11 16:09:03 - [TEST_STEP][PASSED] - delay(2): Delayed 2 second(s)

2019-04-11 16:09:05 - [MESSAGE][PASSED] - Delayed 2 second(s)

2019-04-11 16:09:05 - [TEST_STEP][PASSED] - click(findTestObject("Page_KiboPush  Survey/h3_Manage Surveys")): Object: 'Object Repository/Page_KiboPush  Survey/h3_Manage Surveys' is clicked on

2019-04-11 16:09:05 - [MESSAGE][PASSED] - Object: 'Object Repository/Page_KiboPush  Survey/h3_Manage Surveys' is clicked on

2019-04-11 16:09:05 - [MESSAGE][PASSED] - Call Test Case 'Test Cases/s-sidebar_navigation/individualAccount/survey' successfully

2019-04-11 16:09:05 - [TEST_STEP][PASSED] - click(findTestObject("Page_KiboPush  Survey/button_Create New (4) (1)")): Object: 'Object Repository/Page_KiboPush  Survey/button_Create New (4) (1)' is clicked on

2019-04-11 16:09:05 - [MESSAGE][PASSED] - Object: 'Object Repository/Page_KiboPush  Survey/button_Create New (4) (1)' is clicked on

2019-04-11 16:09:05 - [TEST_STEP][PASSED] - click(findTestObject("Page_KiboPush  Survey/button_Create New Survey (2) (1)")): Object: 'Object Repository/Page_KiboPush  Survey/button_Create New Survey (2) (1)' is clicked on

2019-04-11 16:09:05 - [MESSAGE][PASSED] - Object: 'Object Repository/Page_KiboPush  Survey/button_Create New Survey (2) (1)' is clicked on

2019-04-11 16:09:05 - [TEST_STEP][PASSED] - delay(2): Delayed 2 second(s)

2019-04-11 16:09:07 - [MESSAGE][PASSED] - Delayed 2 second(s)

2019-04-11 16:09:07 - [TEST_STEP][PASSED] - setText(findTestObject("Page_KiboEngage  Add Survey/input_form-control_1 (1) (1) (1) (1)"), "hi"): Text 'hi' is set on object 'Object Repository/Page_KiboEngage  Add Survey/input_form-control_1 (1) (1) (1) (1)'

2019-04-11 16:09:07 - [MESSAGE][PASSED] - Text 'hi' is set on object 'Object Repository/Page_KiboEngage  Add Survey/input_form-control_1 (1) (1) (1) (1)'

2019-04-11 16:09:07 - [TEST_STEP][PASSED] - click(findTestObject("Page_KiboEngage  Add Survey/button_Add Questions (1) (1) (1) (1)")): Object: 'Object Repository/Page_KiboEngage  Add Survey/button_Add Questions (1) (1) (1) (1)' is clicked on

2019-04-11 16:09:08 - [MESSAGE][PASSED] - Object: 'Object Repository/Page_KiboEngage  Add Survey/button_Add Questions (1) (1) (1) (1)' is clicked on

2019-04-11 16:09:08 - [TEST_STEP][PASSED] - setText(findTestObject("Page_KiboEngage  Add Survey/input_form-control (1) (1) (1) (1)"), "1"): Text '1' is set on object 'Object Repository/Page_KiboEngage  Add Survey/input_form-control (1) (1) (1) (1)'

2019-04-11 16:09:08 - [MESSAGE][PASSED] - Text '1' is set on object 'Object Repository/Page_KiboEngage  Add Survey/input_form-control (1) (1) (1) (1)'

2019-04-11 16:09:08 - [TEST_STEP][PASSED] - delay(2): Delayed 2 second(s)

2019-04-11 16:09:10 - [MESSAGE][PASSED] - Delayed 2 second(s)

2019-04-11 16:09:10 - [TEST_STEP][PASSED] - scrollToPosition(0, 0): Browser is scrolled to position x = 0, y = 0

2019-04-11 16:09:10 - [MESSAGE][PASSED] - Browser is scrolled to position x = 0, y = 0

2019-04-11 16:09:10 - [TEST_STEP][PASSED] - delay(1): Delayed 1 second(s)

2019-04-11 16:09:11 - [MESSAGE][PASSED] - Delayed 1 second(s)

2019-04-11 16:09:11 - [TEST_STEP][PASSED] - verifyElementNotClickable(findTestObject("Page_KiboEngage  Add Survey/button_Next (1)")): Object 'Object Repository/Page_KiboEngage  Add Survey/button_Next (1)' is NOT clickable

2019-04-11 16:09:11 - [MESSAGE][PASSED] - Object 'Object Repository/Page_KiboEngage  Add Survey/button_Next (1)' is NOT clickable]]></system-out>
         <system-err><![CDATA[]]></system-err>
      </testcase>
      <testcase name="Test Cases/Survey Test Cases/TC0230" classname="Test Cases/Survey Test Cases/TC0230" status="PASSED">
         <system-out><![CDATA[2019-04-11 16:09:11 - [TEST_CASE][PASSED] - Test Cases/Survey Test Cases/TC0230: Test Cases/Survey Test Cases/TC0230

2019-04-11 16:09:11 - [TEST_STEP][PASSED] - callTestCase(findTestCase("s-sidebar_navigation/individualAccount/survey"), [:], STOP_ON_FAILURE): Call Test Case 'Test Cases/s-sidebar_navigation/individualAccount/survey' successfully

2019-04-11 16:09:11 - [TEST_CASE][PASSED] - Test Cases/s-sidebar_navigation/individualAccount/survey: Test Cases/s-sidebar_navigation/individualAccount/survey

2019-04-11 16:09:11 - [TEST_STEP][PASSED] - callTestCase(findTestCase("s-sidebar_navigation/individualAccount/Login_Muzamil - Staging"), [:], STOP_ON_FAILURE): Call Test Case 'Test Cases/s-sidebar_navigation/individualAccount/Login_Muzamil - Staging' successfully

2019-04-11 16:09:11 - [TEST_CASE][PASSED] - Test Cases/s-sidebar_navigation/individualAccount/Login_Muzamil - Staging: Test Cases/s-sidebar_navigation/individualAccount/Login_Muzamil - Staging

2019-04-11 16:09:11 - [TEST_STEP][PASSED] - openBrowser(""): Browser is opened with url: ''

2019-04-11 16:09:11 - [MESSAGE][WARNING] - A browser is already opened. Closing browser and opening a new one

2019-04-11 16:09:11 - [MESSAGE][INFO] - Starting 'Chrome' driver

2019-04-11 16:09:11 - [MESSAGE][PASSED] - Browser is opened with url: ''

2019-04-11 16:09:11 - [TEST_STEP][PASSED] - maximizeWindow(): Current window maximized

2019-04-11 16:09:12 - [MESSAGE][PASSED] - Current window maximized

2019-04-11 16:09:12 - [TEST_STEP][PASSED] - navigateToUrl("https://saccounts.cloudkibo.com/?continue=https://skiboengage.cloudkibo.com"): Navigate to 'https://saccounts.cloudkibo.com/?continue=https://skiboengage.cloudkibo.com' successfully

2019-04-11 16:09:23 - [MESSAGE][PASSED] - Navigate to 'https://saccounts.cloudkibo.com/?continue=https://skiboengage.cloudkibo.com' successfully

2019-04-11 16:09:23 - [TEST_STEP][PASSED] - delay(2): Delayed 2 second(s)

2019-04-11 16:09:25 - [MESSAGE][PASSED] - Delayed 2 second(s)

2019-04-11 16:09:25 - [TEST_STEP][PASSED] - click(findTestObject("Page_CloudKibo/a_Login (4)")): Object: 'Object Repository/Page_CloudKibo/a_Login (4)' is clicked on

2019-04-11 16:09:26 - [MESSAGE][PASSED] - Object: 'Object Repository/Page_CloudKibo/a_Login (4)' is clicked on

2019-04-11 16:09:26 - [TEST_STEP][PASSED] - setText(findTestObject("Page_CloudKibo/input_Sign In_email (3)"), "muzamil.bukhari.39@gmail.com"): Text 'muzamil.bukhari.39@gmail.com' is set on object 'Object Repository/Page_CloudKibo/input_Sign In_email (3)'

2019-04-11 16:09:26 - [MESSAGE][PASSED] - Text 'muzamil.bukhari.39@gmail.com' is set on object 'Object Repository/Page_CloudKibo/input_Sign In_email (3)'

2019-04-11 16:09:26 - [TEST_STEP][PASSED] - setEncryptedText(findTestObject("Page_CloudKibo/input_Sign In_password (3)"), "ZOMPkeJIpHVS6OGLcNHjig=="): Text ****** has been set on object 'Object Repository/Page_CloudKibo/input_Sign In_password (3)'

2019-04-11 16:09:26 - [MESSAGE][PASSED] - Text ****** has been set on object 'Object Repository/Page_CloudKibo/input_Sign In_password (3)'

2019-04-11 16:09:26 - [TEST_STEP][PASSED] - click(findTestObject("Page_CloudKibo/button_Sign In (7)")): Object: 'Object Repository/Page_CloudKibo/button_Sign In (7)' is clicked on

2019-04-11 16:09:26 - [MESSAGE][PASSED] - Object: 'Object Repository/Page_CloudKibo/button_Sign In (7)' is clicked on

2019-04-11 16:09:26 - [TEST_STEP][PASSED] - click(findTestObject("Page_KiboEngage  Dashboard/h4_KIBOPUSH (2)")): Object: 'Object Repository/Page_KiboEngage  Dashboard/h4_KIBOPUSH (2)' is clicked on

2019-04-11 16:10:03 - [MESSAGE][PASSED] - Object: 'Object Repository/Page_KiboEngage  Dashboard/h4_KIBOPUSH (2)' is clicked on

2019-04-11 16:10:03 - [MESSAGE][PASSED] - Call Test Case 'Test Cases/s-sidebar_navigation/individualAccount/Login_Muzamil - Staging' successfully

2019-04-11 16:10:03 - [TEST_STEP][PASSED] - click(findTestObject("Page_KiboPush  Dashboard/span_Broadcasting")): Object: 'Object Repository/Page_KiboPush  Dashboard/span_Broadcasting' is clicked on

2019-04-11 16:10:04 - [MESSAGE][PASSED] - Object: 'Object Repository/Page_KiboPush  Dashboard/span_Broadcasting' is clicked on

2019-04-11 16:10:04 - [TEST_STEP][PASSED] - delay(2): Delayed 2 second(s)

2019-04-11 16:10:06 - [MESSAGE][PASSED] - Delayed 2 second(s)

2019-04-11 16:10:06 - [TEST_STEP][PASSED] - click(findTestObject("Page_KiboPush  Dashboard/span_Surveys")): Object: 'Object Repository/Page_KiboPush  Dashboard/span_Surveys' is clicked on

2019-04-11 16:10:06 - [MESSAGE][PASSED] - Object: 'Object Repository/Page_KiboPush  Dashboard/span_Surveys' is clicked on

2019-04-11 16:10:06 - [TEST_STEP][PASSED] - delay(2): Delayed 2 second(s)

2019-04-11 16:10:08 - [MESSAGE][PASSED] - Delayed 2 second(s)

2019-04-11 16:10:08 - [TEST_STEP][PASSED] - click(findTestObject("Page_KiboPush  Survey/h3_Manage Surveys")): Object: 'Object Repository/Page_KiboPush  Survey/h3_Manage Surveys' is clicked on

2019-04-11 16:10:08 - [MESSAGE][PASSED] - Object: 'Object Repository/Page_KiboPush  Survey/h3_Manage Surveys' is clicked on

2019-04-11 16:10:08 - [MESSAGE][PASSED] - Call Test Case 'Test Cases/s-sidebar_navigation/individualAccount/survey' successfully

2019-04-11 16:10:08 - [TEST_STEP][PASSED] - click(findTestObject("Page_KiboPush  Survey/button_Create New (4) (1)")): Object: 'Object Repository/Page_KiboPush  Survey/button_Create New (4) (1)' is clicked on

2019-04-11 16:10:08 - [MESSAGE][PASSED] - Object: 'Object Repository/Page_KiboPush  Survey/button_Create New (4) (1)' is clicked on

2019-04-11 16:10:08 - [TEST_STEP][PASSED] - click(findTestObject("Page_KiboPush  Survey/button_Create New Survey (2) (1)")): Object: 'Object Repository/Page_KiboPush  Survey/button_Create New Survey (2) (1)' is clicked on

2019-04-11 16:10:08 - [MESSAGE][PASSED] - Object: 'Object Repository/Page_KiboPush  Survey/button_Create New Survey (2) (1)' is clicked on

2019-04-11 16:10:08 - [TEST_STEP][PASSED] - delay(2): Delayed 2 second(s)

2019-04-11 16:10:10 - [MESSAGE][PASSED] - Delayed 2 second(s)

2019-04-11 16:10:10 - [TEST_STEP][PASSED] - setText(findTestObject("Page_KiboEngage  Add Survey/input_form-control_1 (1) (1) (1) (1)"), "hi"): Text 'hi' is set on object 'Object Repository/Page_KiboEngage  Add Survey/input_form-control_1 (1) (1) (1) (1)'

2019-04-11 16:10:10 - [MESSAGE][PASSED] - Text 'hi' is set on object 'Object Repository/Page_KiboEngage  Add Survey/input_form-control_1 (1) (1) (1) (1)'

2019-04-11 16:10:10 - [TEST_STEP][PASSED] - click(findTestObject("Page_KiboEngage  Add Survey/button_Add Questions (1) (1) (1) (1)")): Object: 'Object Repository/Page_KiboEngage  Add Survey/button_Add Questions (1) (1) (1) (1)' is clicked on

2019-04-11 16:10:10 - [MESSAGE][PASSED] - Object: 'Object Repository/Page_KiboEngage  Add Survey/button_Add Questions (1) (1) (1) (1)' is clicked on

2019-04-11 16:10:10 - [TEST_STEP][PASSED] - setText(findTestObject("Page_KiboEngage  Add Survey/input_form-control (1) (1) (1) (1)"), "1"): Text '1' is set on object 'Object Repository/Page_KiboEngage  Add Survey/input_form-control (1) (1) (1) (1)'

2019-04-11 16:10:10 - [MESSAGE][PASSED] - Text '1' is set on object 'Object Repository/Page_KiboEngage  Add Survey/input_form-control (1) (1) (1) (1)'

2019-04-11 16:10:10 - [TEST_STEP][PASSED] - setText(findTestObject("Page_KiboEngage  Add Survey/input_form-control input-sm_2 (1) (1) (1) (1)"), "2"): Text '2' is set on object 'Object Repository/Page_KiboEngage  Add Survey/input_form-control input-sm_2 (1) (1) (1) (1)'

2019-04-11 16:10:10 - [MESSAGE][PASSED] - Text '2' is set on object 'Object Repository/Page_KiboEngage  Add Survey/input_form-control input-sm_2 (1) (1) (1) (1)'

2019-04-11 16:10:10 - [TEST_STEP][PASSED] - delay(2): Delayed 2 second(s)

2019-04-11 16:10:12 - [MESSAGE][PASSED] - Delayed 2 second(s)

2019-04-11 16:10:12 - [TEST_STEP][PASSED] - scrollToPosition(0, 0): Browser is scrolled to position x = 0, y = 0

2019-04-11 16:10:12 - [MESSAGE][PASSED] - Browser is scrolled to position x = 0, y = 0

2019-04-11 16:10:12 - [TEST_STEP][PASSED] - delay(1): Delayed 1 second(s)

2019-04-11 16:10:13 - [MESSAGE][PASSED] - Delayed 1 second(s)

2019-04-11 16:10:13 - [TEST_STEP][PASSED] - verifyElementNotClickable(findTestObject("Page_KiboEngage  Add Survey/button_Next (1)")): Object 'Object Repository/Page_KiboEngage  Add Survey/button_Next (1)' is NOT clickable

2019-04-11 16:10:13 - [MESSAGE][PASSED] - Object 'Object Repository/Page_KiboEngage  Add Survey/button_Next (1)' is NOT clickable]]></system-out>
         <system-err><![CDATA[]]></system-err>
      </testcase>
      <testcase name="Test Cases/Survey Test Cases/TC0231" classname="Test Cases/Survey Test Cases/TC0231" status="PASSED">
         <system-out><![CDATA[2019-04-11 16:10:13 - [TEST_CASE][PASSED] - Test Cases/Survey Test Cases/TC0231: Test Cases/Survey Test Cases/TC0231

2019-04-11 16:10:13 - [TEST_STEP][PASSED] - callTestCase(findTestCase("s-sidebar_navigation/individualAccount/survey"), [:], STOP_ON_FAILURE): Call Test Case 'Test Cases/s-sidebar_navigation/individualAccount/survey' successfully

2019-04-11 16:10:14 - [TEST_CASE][PASSED] - Test Cases/s-sidebar_navigation/individualAccount/survey: Test Cases/s-sidebar_navigation/individualAccount/survey

2019-04-11 16:10:14 - [TEST_STEP][PASSED] - callTestCase(findTestCase("s-sidebar_navigation/individualAccount/Login_Muzamil - Staging"), [:], STOP_ON_FAILURE): Call Test Case 'Test Cases/s-sidebar_navigation/individualAccount/Login_Muzamil - Staging' successfully

2019-04-11 16:10:14 - [TEST_CASE][PASSED] - Test Cases/s-sidebar_navigation/individualAccount/Login_Muzamil - Staging: Test Cases/s-sidebar_navigation/individualAccount/Login_Muzamil - Staging

2019-04-11 16:10:14 - [TEST_STEP][PASSED] - openBrowser(""): Browser is opened with url: ''

2019-04-11 16:10:14 - [MESSAGE][WARNING] - A browser is already opened. Closing browser and opening a new one

2019-04-11 16:10:14 - [MESSAGE][INFO] - Starting 'Chrome' driver

2019-04-11 16:10:14 - [MESSAGE][PASSED] - Browser is opened with url: ''

2019-04-11 16:10:14 - [TEST_STEP][PASSED] - maximizeWindow(): Current window maximized

2019-04-11 16:10:14 - [MESSAGE][PASSED] - Current window maximized

2019-04-11 16:10:14 - [TEST_STEP][PASSED] - navigateToUrl("https://saccounts.cloudkibo.com/?continue=https://skiboengage.cloudkibo.com"): Navigate to 'https://saccounts.cloudkibo.com/?continue=https://skiboengage.cloudkibo.com' successfully

2019-04-11 16:10:26 - [MESSAGE][PASSED] - Navigate to 'https://saccounts.cloudkibo.com/?continue=https://skiboengage.cloudkibo.com' successfully

2019-04-11 16:10:26 - [TEST_STEP][PASSED] - delay(2): Delayed 2 second(s)

2019-04-11 16:10:28 - [MESSAGE][PASSED] - Delayed 2 second(s)

2019-04-11 16:10:28 - [TEST_STEP][PASSED] - click(findTestObject("Page_CloudKibo/a_Login (4)")): Object: 'Object Repository/Page_CloudKibo/a_Login (4)' is clicked on

2019-04-11 16:10:29 - [MESSAGE][PASSED] - Object: 'Object Repository/Page_CloudKibo/a_Login (4)' is clicked on

2019-04-11 16:10:29 - [TEST_STEP][PASSED] - setText(findTestObject("Page_CloudKibo/input_Sign In_email (3)"), "muzamil.bukhari.39@gmail.com"): Text 'muzamil.bukhari.39@gmail.com' is set on object 'Object Repository/Page_CloudKibo/input_Sign In_email (3)'

2019-04-11 16:10:29 - [MESSAGE][PASSED] - Text 'muzamil.bukhari.39@gmail.com' is set on object 'Object Repository/Page_CloudKibo/input_Sign In_email (3)'

2019-04-11 16:10:29 - [TEST_STEP][PASSED] - setEncryptedText(findTestObject("Page_CloudKibo/input_Sign In_password (3)"), "ZOMPkeJIpHVS6OGLcNHjig=="): Text ****** has been set on object 'Object Repository/Page_CloudKibo/input_Sign In_password (3)'

2019-04-11 16:10:30 - [MESSAGE][PASSED] - Text ****** has been set on object 'Object Repository/Page_CloudKibo/input_Sign In_password (3)'

2019-04-11 16:10:30 - [TEST_STEP][PASSED] - click(findTestObject("Page_CloudKibo/button_Sign In (7)")): Object: 'Object Repository/Page_CloudKibo/button_Sign In (7)' is clicked on

2019-04-11 16:10:30 - [MESSAGE][PASSED] - Object: 'Object Repository/Page_CloudKibo/button_Sign In (7)' is clicked on

2019-04-11 16:10:30 - [TEST_STEP][PASSED] - click(findTestObject("Page_KiboEngage  Dashboard/h4_KIBOPUSH (2)")): Object: 'Object Repository/Page_KiboEngage  Dashboard/h4_KIBOPUSH (2)' is clicked on

2019-04-11 16:11:09 - [MESSAGE][PASSED] - Object: 'Object Repository/Page_KiboEngage  Dashboard/h4_KIBOPUSH (2)' is clicked on

2019-04-11 16:11:09 - [MESSAGE][PASSED] - Call Test Case 'Test Cases/s-sidebar_navigation/individualAccount/Login_Muzamil - Staging' successfully

2019-04-11 16:11:09 - [TEST_STEP][PASSED] - click(findTestObject("Page_KiboPush  Dashboard/span_Broadcasting")): Object: 'Object Repository/Page_KiboPush  Dashboard/span_Broadcasting' is clicked on

2019-04-11 16:11:09 - [MESSAGE][PASSED] - Object: 'Object Repository/Page_KiboPush  Dashboard/span_Broadcasting' is clicked on

2019-04-11 16:11:09 - [TEST_STEP][PASSED] - delay(2): Delayed 2 second(s)

2019-04-11 16:11:11 - [MESSAGE][PASSED] - Delayed 2 second(s)

2019-04-11 16:11:11 - [TEST_STEP][PASSED] - click(findTestObject("Page_KiboPush  Dashboard/span_Surveys")): Object: 'Object Repository/Page_KiboPush  Dashboard/span_Surveys' is clicked on

2019-04-11 16:11:11 - [MESSAGE][PASSED] - Object: 'Object Repository/Page_KiboPush  Dashboard/span_Surveys' is clicked on

2019-04-11 16:11:11 - [TEST_STEP][PASSED] - delay(2): Delayed 2 second(s)

2019-04-11 16:11:13 - [MESSAGE][PASSED] - Delayed 2 second(s)

2019-04-11 16:11:13 - [TEST_STEP][PASSED] - click(findTestObject("Page_KiboPush  Survey/h3_Manage Surveys")): Object: 'Object Repository/Page_KiboPush  Survey/h3_Manage Surveys' is clicked on

2019-04-11 16:11:14 - [MESSAGE][PASSED] - Object: 'Object Repository/Page_KiboPush  Survey/h3_Manage Surveys' is clicked on

2019-04-11 16:11:14 - [MESSAGE][PASSED] - Call Test Case 'Test Cases/s-sidebar_navigation/individualAccount/survey' successfully

2019-04-11 16:11:14 - [TEST_STEP][PASSED] - click(findTestObject("Page_KiboPush  Survey/button_Create New (4) (1)")): Object: 'Object Repository/Page_KiboPush  Survey/button_Create New (4) (1)' is clicked on

2019-04-11 16:11:14 - [MESSAGE][PASSED] - Object: 'Object Repository/Page_KiboPush  Survey/button_Create New (4) (1)' is clicked on

2019-04-11 16:11:14 - [TEST_STEP][PASSED] - click(findTestObject("Page_KiboPush  Survey/button_Create New Survey (2) (1)")): Object: 'Object Repository/Page_KiboPush  Survey/button_Create New Survey (2) (1)' is clicked on

2019-04-11 16:11:14 - [MESSAGE][PASSED] - Object: 'Object Repository/Page_KiboPush  Survey/button_Create New Survey (2) (1)' is clicked on

2019-04-11 16:11:14 - [TEST_STEP][PASSED] - delay(2): Delayed 2 second(s)

2019-04-11 16:11:16 - [MESSAGE][PASSED] - Delayed 2 second(s)

2019-04-11 16:11:16 - [TEST_STEP][PASSED] - setText(findTestObject("Page_KiboEngage  Add Survey/input_form-control_1 (1) (1) (1) (1)"), "hi"): Text 'hi' is set on object 'Object Repository/Page_KiboEngage  Add Survey/input_form-control_1 (1) (1) (1) (1)'

2019-04-11 16:11:16 - [MESSAGE][PASSED] - Text 'hi' is set on object 'Object Repository/Page_KiboEngage  Add Survey/input_form-control_1 (1) (1) (1) (1)'

2019-04-11 16:11:16 - [TEST_STEP][PASSED] - click(findTestObject("Page_KiboEngage  Add Survey/button_Add Questions (1) (1) (1) (1)")): Object: 'Object Repository/Page_KiboEngage  Add Survey/button_Add Questions (1) (1) (1) (1)' is clicked on

2019-04-11 16:11:16 - [MESSAGE][PASSED] - Object: 'Object Repository/Page_KiboEngage  Add Survey/button_Add Questions (1) (1) (1) (1)' is clicked on

2019-04-11 16:11:16 - [TEST_STEP][PASSED] - setText(findTestObject("Page_KiboEngage  Add Survey/input_form-control (1) (1) (1) (1)"), "1"): Text '1' is set on object 'Object Repository/Page_KiboEngage  Add Survey/input_form-control (1) (1) (1) (1)'

2019-04-11 16:11:17 - [MESSAGE][PASSED] - Text '1' is set on object 'Object Repository/Page_KiboEngage  Add Survey/input_form-control (1) (1) (1) (1)'

2019-04-11 16:11:17 - [TEST_STEP][PASSED] - setText(findTestObject("Page_KiboEngage  Add Survey/input_form-control input-sm_2 (1) (1) (1) (1)"), "2"): Text '2' is set on object 'Object Repository/Page_KiboEngage  Add Survey/input_form-control input-sm_2 (1) (1) (1) (1)'

2019-04-11 16:11:17 - [MESSAGE][PASSED] - Text '2' is set on object 'Object Repository/Page_KiboEngage  Add Survey/input_form-control input-sm_2 (1) (1) (1) (1)'

2019-04-11 16:11:17 - [TEST_STEP][PASSED] - setText(findTestObject("Page_KiboEngage  Add Survey/input_form-control input-sm (1) (1) (1) (1)"), "3"): Text '3' is set on object 'Object Repository/Page_KiboEngage  Add Survey/input_form-control input-sm (1) (1) (1) (1)'

2019-04-11 16:11:17 - [MESSAGE][PASSED] - Text '3' is set on object 'Object Repository/Page_KiboEngage  Add Survey/input_form-control input-sm (1) (1) (1) (1)'

2019-04-11 16:11:17 - [TEST_STEP][PASSED] - delay(2): Delayed 2 second(s)

2019-04-11 16:11:19 - [MESSAGE][PASSED] - Delayed 2 second(s)

2019-04-11 16:11:19 - [TEST_STEP][PASSED] - scrollToPosition(0, 0): Browser is scrolled to position x = 0, y = 0

2019-04-11 16:11:19 - [MESSAGE][PASSED] - Browser is scrolled to position x = 0, y = 0

2019-04-11 16:11:19 - [TEST_STEP][PASSED] - delay(1): Delayed 1 second(s)

2019-04-11 16:11:20 - [MESSAGE][PASSED] - Delayed 1 second(s)

2019-04-11 16:11:20 - [TEST_STEP][PASSED] - verifyElementNotClickable(findTestObject("Page_KiboEngage  Add Survey/button_Next (1)")): Object 'Object Repository/Page_KiboEngage  Add Survey/button_Next (1)' is NOT clickable

2019-04-11 16:11:20 - [MESSAGE][PASSED] - Object 'Object Repository/Page_KiboEngage  Add Survey/button_Next (1)' is NOT clickable]]></system-out>
         <system-err><![CDATA[]]></system-err>
      </testcase>
      <testcase name="Test Cases/Survey Test Cases/TC0232" classname="Test Cases/Survey Test Cases/TC0232" status="PASSED">
         <system-out><![CDATA[2019-04-11 16:11:20 - [TEST_CASE][PASSED] - Test Cases/Survey Test Cases/TC0232: Test Cases/Survey Test Cases/TC0232

2019-04-11 16:11:20 - [TEST_STEP][PASSED] - callTestCase(findTestCase("s-sidebar_navigation/individualAccount/survey"), [:], STOP_ON_FAILURE): Call Test Case 'Test Cases/s-sidebar_navigation/individualAccount/survey' successfully

2019-04-11 16:11:20 - [TEST_CASE][PASSED] - Test Cases/s-sidebar_navigation/individualAccount/survey: Test Cases/s-sidebar_navigation/individualAccount/survey

2019-04-11 16:11:20 - [TEST_STEP][PASSED] - callTestCase(findTestCase("s-sidebar_navigation/individualAccount/Login_Muzamil - Staging"), [:], STOP_ON_FAILURE): Call Test Case 'Test Cases/s-sidebar_navigation/individualAccount/Login_Muzamil - Staging' successfully

2019-04-11 16:11:20 - [TEST_CASE][PASSED] - Test Cases/s-sidebar_navigation/individualAccount/Login_Muzamil - Staging: Test Cases/s-sidebar_navigation/individualAccount/Login_Muzamil - Staging

2019-04-11 16:11:20 - [TEST_STEP][PASSED] - openBrowser(""): Browser is opened with url: ''

2019-04-11 16:11:20 - [MESSAGE][WARNING] - A browser is already opened. Closing browser and opening a new one

2019-04-11 16:11:21 - [MESSAGE][INFO] - Starting 'Chrome' driver

2019-04-11 16:11:22 - [MESSAGE][PASSED] - Browser is opened with url: ''

2019-04-11 16:11:22 - [TEST_STEP][PASSED] - maximizeWindow(): Current window maximized

2019-04-11 16:11:22 - [MESSAGE][PASSED] - Current window maximized

2019-04-11 16:11:22 - [TEST_STEP][PASSED] - navigateToUrl("https://saccounts.cloudkibo.com/?continue=https://skiboengage.cloudkibo.com"): Navigate to 'https://saccounts.cloudkibo.com/?continue=https://skiboengage.cloudkibo.com' successfully

2019-04-11 16:11:35 - [MESSAGE][PASSED] - Navigate to 'https://saccounts.cloudkibo.com/?continue=https://skiboengage.cloudkibo.com' successfully

2019-04-11 16:11:35 - [TEST_STEP][PASSED] - delay(2): Delayed 2 second(s)

2019-04-11 16:11:37 - [MESSAGE][PASSED] - Delayed 2 second(s)

2019-04-11 16:11:37 - [TEST_STEP][PASSED] - click(findTestObject("Page_CloudKibo/a_Login (4)")): Object: 'Object Repository/Page_CloudKibo/a_Login (4)' is clicked on

2019-04-11 16:11:38 - [MESSAGE][PASSED] - Object: 'Object Repository/Page_CloudKibo/a_Login (4)' is clicked on

2019-04-11 16:11:38 - [TEST_STEP][PASSED] - setText(findTestObject("Page_CloudKibo/input_Sign In_email (3)"), "muzamil.bukhari.39@gmail.com"): Text 'muzamil.bukhari.39@gmail.com' is set on object 'Object Repository/Page_CloudKibo/input_Sign In_email (3)'

2019-04-11 16:11:39 - [MESSAGE][PASSED] - Text 'muzamil.bukhari.39@gmail.com' is set on object 'Object Repository/Page_CloudKibo/input_Sign In_email (3)'

2019-04-11 16:11:39 - [TEST_STEP][PASSED] - setEncryptedText(findTestObject("Page_CloudKibo/input_Sign In_password (3)"), "ZOMPkeJIpHVS6OGLcNHjig=="): Text ****** has been set on object 'Object Repository/Page_CloudKibo/input_Sign In_password (3)'

2019-04-11 16:11:39 - [MESSAGE][PASSED] - Text ****** has been set on object 'Object Repository/Page_CloudKibo/input_Sign In_password (3)'

2019-04-11 16:11:39 - [TEST_STEP][PASSED] - click(findTestObject("Page_CloudKibo/button_Sign In (7)")): Object: 'Object Repository/Page_CloudKibo/button_Sign In (7)' is clicked on

2019-04-11 16:11:39 - [MESSAGE][PASSED] - Object: 'Object Repository/Page_CloudKibo/button_Sign In (7)' is clicked on

2019-04-11 16:11:39 - [TEST_STEP][PASSED] - click(findTestObject("Page_KiboEngage  Dashboard/h4_KIBOPUSH (2)")): Object: 'Object Repository/Page_KiboEngage  Dashboard/h4_KIBOPUSH (2)' is clicked on

2019-04-11 16:12:19 - [MESSAGE][PASSED] - Object: 'Object Repository/Page_KiboEngage  Dashboard/h4_KIBOPUSH (2)' is clicked on

2019-04-11 16:12:19 - [MESSAGE][PASSED] - Call Test Case 'Test Cases/s-sidebar_navigation/individualAccount/Login_Muzamil - Staging' successfully

2019-04-11 16:12:19 - [TEST_STEP][PASSED] - click(findTestObject("Page_KiboPush  Dashboard/span_Broadcasting")): Object: 'Object Repository/Page_KiboPush  Dashboard/span_Broadcasting' is clicked on

2019-04-11 16:12:19 - [MESSAGE][PASSED] - Object: 'Object Repository/Page_KiboPush  Dashboard/span_Broadcasting' is clicked on

2019-04-11 16:12:19 - [TEST_STEP][PASSED] - delay(2): Delayed 2 second(s)

2019-04-11 16:12:21 - [MESSAGE][PASSED] - Delayed 2 second(s)

2019-04-11 16:12:21 - [TEST_STEP][PASSED] - click(findTestObject("Page_KiboPush  Dashboard/span_Surveys")): Object: 'Object Repository/Page_KiboPush  Dashboard/span_Surveys' is clicked on

2019-04-11 16:12:21 - [MESSAGE][PASSED] - Object: 'Object Repository/Page_KiboPush  Dashboard/span_Surveys' is clicked on

2019-04-11 16:12:21 - [TEST_STEP][PASSED] - delay(2): Delayed 2 second(s)

2019-04-11 16:12:23 - [MESSAGE][PASSED] - Delayed 2 second(s)

2019-04-11 16:12:23 - [TEST_STEP][PASSED] - click(findTestObject("Page_KiboPush  Survey/h3_Manage Surveys")): Object: 'Object Repository/Page_KiboPush  Survey/h3_Manage Surveys' is clicked on

2019-04-11 16:12:23 - [MESSAGE][PASSED] - Object: 'Object Repository/Page_KiboPush  Survey/h3_Manage Surveys' is clicked on

2019-04-11 16:12:23 - [MESSAGE][PASSED] - Call Test Case 'Test Cases/s-sidebar_navigation/individualAccount/survey' successfully

2019-04-11 16:12:23 - [TEST_STEP][PASSED] - click(findTestObject("Page_KiboPush  Survey/button_Create New (1)")): Object: 'Object Repository/Page_KiboPush  Survey/button_Create New (1)' is clicked on

2019-04-11 16:12:24 - [MESSAGE][PASSED] - Object: 'Object Repository/Page_KiboPush  Survey/button_Create New (1)' is clicked on

2019-04-11 16:12:24 - [TEST_STEP][PASSED] - click(findTestObject("Page_KiboPush  Survey/button_Create New Survey (1)")): Object: 'Object Repository/Page_KiboPush  Survey/button_Create New Survey (1)' is clicked on

2019-04-11 16:12:24 - [MESSAGE][PASSED] - Object: 'Object Repository/Page_KiboPush  Survey/button_Create New Survey (1)' is clicked on

2019-04-11 16:12:24 - [TEST_STEP][PASSED] - delay(2): Delayed 2 second(s)

2019-04-11 16:12:26 - [MESSAGE][PASSED] - Delayed 2 second(s)

2019-04-11 16:12:26 - [TEST_STEP][PASSED] - click(findTestObject("Object Repository/Page_KiboPush  Add Survey/a_Cancel")): Object: 'Object Repository/Page_KiboPush  Add Survey/a_Cancel' is clicked on

2019-04-11 16:12:26 - [MESSAGE][PASSED] - Object: 'Object Repository/Page_KiboPush  Add Survey/a_Cancel' is clicked on

2019-04-11 16:12:26 - [TEST_STEP][PASSED] - delay(1): Delayed 1 second(s)

2019-04-11 16:12:27 - [MESSAGE][PASSED] - Delayed 1 second(s)

2019-04-11 16:12:27 - [TEST_STEP][PASSED] - scrollToPosition(0, 0): Browser is scrolled to position x = 0, y = 0

2019-04-11 16:12:27 - [MESSAGE][PASSED] - Browser is scrolled to position x = 0, y = 0

2019-04-11 16:12:27 - [TEST_STEP][PASSED] - click(findTestObject("Page_KiboPush  Survey/h3_Surveys")): Object: 'Object Repository/Page_KiboPush  Survey/h3_Surveys' is clicked on

2019-04-11 16:12:27 - [MESSAGE][PASSED] - Object: 'Object Repository/Page_KiboPush  Survey/h3_Surveys' is clicked on]]></system-out>
         <system-err><![CDATA[]]></system-err>
      </testcase>
      <testcase name="Test Cases/Survey Test Cases/TC0239" classname="Test Cases/Survey Test Cases/TC0239" status="PASSED">
         <system-out><![CDATA[2019-04-11 16:12:27 - [TEST_CASE][PASSED] - Test Cases/Survey Test Cases/TC0239: Test Cases/Survey Test Cases/TC0239

2019-04-11 16:12:27 - [TEST_STEP][PASSED] - callTestCase(findTestCase("s-sidebar_navigation/individualAccount/survey"), [:], STOP_ON_FAILURE): Call Test Case 'Test Cases/s-sidebar_navigation/individualAccount/survey' successfully

2019-04-11 16:12:27 - [TEST_CASE][PASSED] - Test Cases/s-sidebar_navigation/individualAccount/survey: Test Cases/s-sidebar_navigation/individualAccount/survey

2019-04-11 16:12:27 - [TEST_STEP][PASSED] - callTestCase(findTestCase("s-sidebar_navigation/individualAccount/Login_Muzamil - Staging"), [:], STOP_ON_FAILURE): Call Test Case 'Test Cases/s-sidebar_navigation/individualAccount/Login_Muzamil - Staging' successfully

2019-04-11 16:12:27 - [TEST_CASE][PASSED] - Test Cases/s-sidebar_navigation/individualAccount/Login_Muzamil - Staging: Test Cases/s-sidebar_navigation/individualAccount/Login_Muzamil - Staging

2019-04-11 16:12:27 - [TEST_STEP][PASSED] - openBrowser(""): Browser is opened with url: ''

2019-04-11 16:12:27 - [MESSAGE][WARNING] - A browser is already opened. Closing browser and opening a new one

2019-04-11 16:12:27 - [MESSAGE][INFO] - Starting 'Chrome' driver

2019-04-11 16:12:28 - [MESSAGE][PASSED] - Browser is opened with url: ''

2019-04-11 16:12:28 - [TEST_STEP][PASSED] - maximizeWindow(): Current window maximized

2019-04-11 16:12:28 - [MESSAGE][PASSED] - Current window maximized

2019-04-11 16:12:28 - [TEST_STEP][PASSED] - navigateToUrl("https://saccounts.cloudkibo.com/?continue=https://skiboengage.cloudkibo.com"): Navigate to 'https://saccounts.cloudkibo.com/?continue=https://skiboengage.cloudkibo.com' successfully

2019-04-11 16:12:39 - [MESSAGE][PASSED] - Navigate to 'https://saccounts.cloudkibo.com/?continue=https://skiboengage.cloudkibo.com' successfully

2019-04-11 16:12:39 - [TEST_STEP][PASSED] - delay(2): Delayed 2 second(s)

2019-04-11 16:12:41 - [MESSAGE][PASSED] - Delayed 2 second(s)

2019-04-11 16:12:41 - [TEST_STEP][PASSED] - click(findTestObject("Page_CloudKibo/a_Login (4)")): Object: 'Object Repository/Page_CloudKibo/a_Login (4)' is clicked on

2019-04-11 16:12:42 - [MESSAGE][PASSED] - Object: 'Object Repository/Page_CloudKibo/a_Login (4)' is clicked on

2019-04-11 16:12:42 - [TEST_STEP][PASSED] - setText(findTestObject("Page_CloudKibo/input_Sign In_email (3)"), "muzamil.bukhari.39@gmail.com"): Text 'muzamil.bukhari.39@gmail.com' is set on object 'Object Repository/Page_CloudKibo/input_Sign In_email (3)'

2019-04-11 16:12:42 - [MESSAGE][PASSED] - Text 'muzamil.bukhari.39@gmail.com' is set on object 'Object Repository/Page_CloudKibo/input_Sign In_email (3)'

2019-04-11 16:12:42 - [TEST_STEP][PASSED] - setEncryptedText(findTestObject("Page_CloudKibo/input_Sign In_password (3)"), "ZOMPkeJIpHVS6OGLcNHjig=="): Text ****** has been set on object 'Object Repository/Page_CloudKibo/input_Sign In_password (3)'

2019-04-11 16:12:42 - [MESSAGE][PASSED] - Text ****** has been set on object 'Object Repository/Page_CloudKibo/input_Sign In_password (3)'

2019-04-11 16:12:42 - [TEST_STEP][PASSED] - click(findTestObject("Page_CloudKibo/button_Sign In (7)")): Object: 'Object Repository/Page_CloudKibo/button_Sign In (7)' is clicked on

2019-04-11 16:12:43 - [MESSAGE][PASSED] - Object: 'Object Repository/Page_CloudKibo/button_Sign In (7)' is clicked on

2019-04-11 16:12:43 - [TEST_STEP][PASSED] - click(findTestObject("Page_KiboEngage  Dashboard/h4_KIBOPUSH (2)")): Object: 'Object Repository/Page_KiboEngage  Dashboard/h4_KIBOPUSH (2)' is clicked on

2019-04-11 16:13:12 - [MESSAGE][PASSED] - Object: 'Object Repository/Page_KiboEngage  Dashboard/h4_KIBOPUSH (2)' is clicked on

2019-04-11 16:13:12 - [MESSAGE][PASSED] - Call Test Case 'Test Cases/s-sidebar_navigation/individualAccount/Login_Muzamil - Staging' successfully

2019-04-11 16:13:12 - [TEST_STEP][PASSED] - click(findTestObject("Page_KiboPush  Dashboard/span_Broadcasting")): Object: 'Object Repository/Page_KiboPush  Dashboard/span_Broadcasting' is clicked on

2019-04-11 16:13:12 - [MESSAGE][PASSED] - Object: 'Object Repository/Page_KiboPush  Dashboard/span_Broadcasting' is clicked on

2019-04-11 16:13:12 - [TEST_STEP][PASSED] - delay(2): Delayed 2 second(s)

2019-04-11 16:13:14 - [MESSAGE][PASSED] - Delayed 2 second(s)

2019-04-11 16:13:14 - [TEST_STEP][PASSED] - click(findTestObject("Page_KiboPush  Dashboard/span_Surveys")): Object: 'Object Repository/Page_KiboPush  Dashboard/span_Surveys' is clicked on

2019-04-11 16:13:15 - [MESSAGE][PASSED] - Object: 'Object Repository/Page_KiboPush  Dashboard/span_Surveys' is clicked on

2019-04-11 16:13:15 - [TEST_STEP][PASSED] - delay(2): Delayed 2 second(s)

2019-04-11 16:13:17 - [MESSAGE][PASSED] - Delayed 2 second(s)

2019-04-11 16:13:17 - [TEST_STEP][PASSED] - click(findTestObject("Page_KiboPush  Survey/h3_Manage Surveys")): Object: 'Object Repository/Page_KiboPush  Survey/h3_Manage Surveys' is clicked on

2019-04-11 16:13:17 - [MESSAGE][PASSED] - Object: 'Object Repository/Page_KiboPush  Survey/h3_Manage Surveys' is clicked on

2019-04-11 16:13:17 - [MESSAGE][PASSED] - Call Test Case 'Test Cases/s-sidebar_navigation/individualAccount/survey' successfully

2019-04-11 16:13:17 - [TEST_STEP][PASSED] - click(findTestObject("Page_KiboPush  Survey/button_Create New (4) (1)")): Object: 'Object Repository/Page_KiboPush  Survey/button_Create New (4) (1)' is clicked on

2019-04-11 16:13:17 - [MESSAGE][PASSED] - Object: 'Object Repository/Page_KiboPush  Survey/button_Create New (4) (1)' is clicked on

2019-04-11 16:13:17 - [TEST_STEP][PASSED] - click(findTestObject("Page_KiboPush  Survey/button_Create New Survey (2) (1)")): Object: 'Object Repository/Page_KiboPush  Survey/button_Create New Survey (2) (1)' is clicked on

2019-04-11 16:13:17 - [MESSAGE][PASSED] - Object: 'Object Repository/Page_KiboPush  Survey/button_Create New Survey (2) (1)' is clicked on

2019-04-11 16:13:17 - [TEST_STEP][PASSED] - delay(2): Delayed 2 second(s)

2019-04-11 16:13:19 - [MESSAGE][PASSED] - Delayed 2 second(s)

2019-04-11 16:13:19 - [TEST_STEP][PASSED] - setText(findTestObject("Page_KiboEngage  Add Survey/input_form-control_1 (1) (1) (1) (1)"), "hi"): Text 'hi' is set on object 'Object Repository/Page_KiboEngage  Add Survey/input_form-control_1 (1) (1) (1) (1)'

2019-04-11 16:13:19 - [MESSAGE][PASSED] - Text 'hi' is set on object 'Object Repository/Page_KiboEngage  Add Survey/input_form-control_1 (1) (1) (1) (1)'

2019-04-11 16:13:19 - [TEST_STEP][PASSED] - click(findTestObject("Page_KiboEngage  Add Survey/button_Add Questions (1) (1) (1) (1)")): Object: 'Object Repository/Page_KiboEngage  Add Survey/button_Add Questions (1) (1) (1) (1)' is clicked on

2019-04-11 16:13:19 - [MESSAGE][PASSED] - Object: 'Object Repository/Page_KiboEngage  Add Survey/button_Add Questions (1) (1) (1) (1)' is clicked on

2019-04-11 16:13:19 - [TEST_STEP][PASSED] - setText(findTestObject("Page_KiboEngage  Add Survey/input_form-control (1) (1) (1) (1)"), "1"): Text '1' is set on object 'Object Repository/Page_KiboEngage  Add Survey/input_form-control (1) (1) (1) (1)'

2019-04-11 16:13:19 - [MESSAGE][PASSED] - Text '1' is set on object 'Object Repository/Page_KiboEngage  Add Survey/input_form-control (1) (1) (1) (1)'

2019-04-11 16:13:19 - [TEST_STEP][PASSED] - setText(findTestObject("Page_KiboEngage  Add Survey/input_form-control input-sm_2 (1) (1) (1) (1)"), "2"): Text '2' is set on object 'Object Repository/Page_KiboEngage  Add Survey/input_form-control input-sm_2 (1) (1) (1) (1)'

2019-04-11 16:13:20 - [MESSAGE][PASSED] - Text '2' is set on object 'Object Repository/Page_KiboEngage  Add Survey/input_form-control input-sm_2 (1) (1) (1) (1)'

2019-04-11 16:13:20 - [TEST_STEP][PASSED] - setText(findTestObject("Page_KiboEngage  Add Survey/input_form-control input-sm (1) (1) (1) (1)"), "3"): Text '3' is set on object 'Object Repository/Page_KiboEngage  Add Survey/input_form-control input-sm (1) (1) (1) (1)'

2019-04-11 16:13:20 - [MESSAGE][PASSED] - Text '3' is set on object 'Object Repository/Page_KiboEngage  Add Survey/input_form-control input-sm (1) (1) (1) (1)'

2019-04-11 16:13:20 - [TEST_STEP][PASSED] - setText(findTestObject("Page_KiboEngage  Add Survey/input_form-control input-sm_1 (1) (1) (1) (1)"), "4"): Text '4' is set on object 'Object Repository/Page_KiboEngage  Add Survey/input_form-control input-sm_1 (1) (1) (1) (1)'

2019-04-11 16:13:20 - [MESSAGE][PASSED] - Text '4' is set on object 'Object Repository/Page_KiboEngage  Add Survey/input_form-control input-sm_1 (1) (1) (1) (1)'

2019-04-11 16:13:20 - [TEST_STEP][PASSED] - delay(2): Delayed 2 second(s)

2019-04-11 16:13:22 - [MESSAGE][PASSED] - Delayed 2 second(s)

2019-04-11 16:13:22 - [TEST_STEP][PASSED] - setText(findTestObject("Page_KiboEngage  Add Survey/input_Choices_form-control input-sm (1)"), "4"): Text '4' is set on object 'Object Repository/Page_KiboEngage  Add Survey/input_Choices_form-control input-sm (1)'

2019-04-11 16:13:22 - [MESSAGE][PASSED] - Text '4' is set on object 'Object Repository/Page_KiboEngage  Add Survey/input_Choices_form-control input-sm (1)'

2019-04-11 16:13:22 - [TEST_STEP][PASSED] - delay(2): Delayed 2 second(s)

2019-04-11 16:13:24 - [MESSAGE][PASSED] - Delayed 2 second(s)

2019-04-11 16:13:24 - [TEST_STEP][PASSED] - scrollToPosition(0, 0): Browser is scrolled to position x = 0, y = 0

2019-04-11 16:13:24 - [MESSAGE][PASSED] - Browser is scrolled to position x = 0, y = 0

2019-04-11 16:13:24 - [TEST_STEP][PASSED] - delay(1): Delayed 1 second(s)

2019-04-11 16:13:25 - [MESSAGE][PASSED] - Delayed 1 second(s)

2019-04-11 16:13:25 - [TEST_STEP][PASSED] - click(findTestObject("Page_KiboEngage  Add Survey/button_Next (1)")): Object: 'Object Repository/Page_KiboEngage  Add Survey/button_Next (1)' is clicked on

2019-04-11 16:13:25 - [MESSAGE][PASSED] - Object: 'Object Repository/Page_KiboEngage  Add Survey/button_Next (1)' is clicked on

2019-04-11 16:13:25 - [TEST_STEP][PASSED] - delay(2): Delayed 2 second(s)

2019-04-11 16:13:27 - [MESSAGE][PASSED] - Delayed 2 second(s)

2019-04-11 16:13:27 - [TEST_STEP][PASSED] - click(findTestObject("Object Repository/Page_KiboEngage  Add Survey/a_See Segmentation Here")): Object: 'Object Repository/Page_KiboEngage  Add Survey/a_See Segmentation Here' is clicked on

2019-04-11 16:13:27 - [MESSAGE][PASSED] - Object: 'Object Repository/Page_KiboEngage  Add Survey/a_See Segmentation Here' is clicked on

2019-04-11 16:13:27 - [TEST_STEP][PASSED] - click(findTestObject("Page_KiboEngage  Segmented Lists/h3_Subscribers Segmentation Lists (1)")): Object: 'Object Repository/Page_KiboEngage  Segmented Lists/h3_Subscribers Segmentation Lists (1)' is clicked on

2019-04-11 16:13:27 - [MESSAGE][PASSED] - Object: 'Object Repository/Page_KiboEngage  Segmented Lists/h3_Subscribers Segmentation Lists (1)' is clicked on]]></system-out>
         <system-err><![CDATA[]]></system-err>
      </testcase>
      <testcase name="Test Cases/Survey Test Cases/TC0241" classname="Test Cases/Survey Test Cases/TC0241" status="FAILED">
         <failure type="FAILED" message="Test Cases/Survey Test Cases/TC0241 FAILED.
Reason:
com.kms.katalon.core.exception.StepFailedException: Call Test Case 'Test Cases/s-sidebar_navigation/individualAccount/survey' failed
	at com.kms.katalon.core.keyword.builtin.CallTestCaseKeyword$_callTestCase_closure1.doCall(CallTestCaseKeyword.groovy:63)
	at com.kms.katalon.core.keyword.builtin.CallTestCaseKeyword$_callTestCase_closure1.call(CallTestCaseKeyword.groovy)
	at com.kms.katalon.core.keyword.internal.KeywordMain.runKeyword(KeywordMain.groovy:66)
	at com.kms.katalon.core.keyword.builtin.CallTestCaseKeyword.callTestCase(CallTestCaseKeyword.groovy:81)
	at com.kms.katalon.core.keyword.builtin.CallTestCaseKeyword.execute(CallTestCaseKeyword.groovy:44)
	at com.kms.katalon.core.keyword.internal.KeywordExecutor.executeKeywordForPlatform(KeywordExecutor.groovy:56)
	at com.kms.katalon.core.keyword.BuiltinKeywords.callTestCase(BuiltinKeywords.groovy:334)
	at TC0241.run(TC0241:22)
	at com.kms.katalon.core.main.ScriptEngine.run(ScriptEngine.java:194)
	at com.kms.katalon.core.main.ScriptEngine.runScriptAsRawText(ScriptEngine.java:119)
	at com.kms.katalon.core.main.TestCaseExecutor.runScript(TestCaseExecutor.java:331)
	at com.kms.katalon.core.main.TestCaseExecutor.doExecute(TestCaseExecutor.java:322)
	at com.kms.katalon.core.main.TestCaseExecutor.processExecutionPhase(TestCaseExecutor.java:301)
	at com.kms.katalon.core.main.TestCaseExecutor.accessMainPhase(TestCaseExecutor.java:293)
	at com.kms.katalon.core.main.TestCaseExecutor.execute(TestCaseExecutor.java:227)
	at com.kms.katalon.core.main.TestSuiteExecutor.accessTestCaseMainPhase(TestSuiteExecutor.java:129)
	at com.kms.katalon.core.main.TestSuiteExecutor.accessTestSuiteMainPhase(TestSuiteExecutor.java:112)
	at com.kms.katalon.core.main.TestSuiteExecutor.execute(TestSuiteExecutor.java:81)
	at com.kms.katalon.core.main.TestCaseMain.startTestSuite(TestCaseMain.java:157)
	at com.kms.katalon.core.main.TestCaseMain$startTestSuite$0.call(Unknown Source)
	at TempTestSuite1554979075443.run(TempTestSuite1554979075443.groovy:35)
Caused by: com.kms.katalon.core.exception.StepFailedException: Call Test Case 'Test Cases/s-sidebar_navigation/individualAccount/Login_Muzamil - Staging' failed
	at com.kms.katalon.core.keyword.builtin.CallTestCaseKeyword$_callTestCase_closure1.doCall(CallTestCaseKeyword.groovy:63)
	at com.kms.katalon.core.keyword.builtin.CallTestCaseKeyword$_callTestCase_closure1.call(CallTestCaseKeyword.groovy)
	at com.kms.katalon.core.keyword.internal.KeywordMain.runKeyword(KeywordMain.groovy:66)
	at com.kms.katalon.core.keyword.builtin.CallTestCaseKeyword.callTestCase(CallTestCaseKeyword.groovy:81)
	at com.kms.katalon.core.keyword.builtin.CallTestCaseKeyword.execute(CallTestCaseKeyword.groovy:44)
	at com.kms.katalon.core.keyword.internal.KeywordExecutor.executeKeywordForPlatform(KeywordExecutor.groovy:56)
	at com.kms.katalon.core.keyword.BuiltinKeywords.callTestCase(BuiltinKeywords.groovy:334)
	at survey.run(survey:22)
	at com.kms.katalon.core.main.ScriptEngine.run(ScriptEngine.java:194)
	at com.kms.katalon.core.main.ScriptEngine.runScriptAsRawText(ScriptEngine.java:119)
	at com.kms.katalon.core.main.TestCaseExecutor.runScript(TestCaseExecutor.java:331)
	at com.kms.katalon.core.main.TestCaseExecutor.doExecute(TestCaseExecutor.java:322)
	at com.kms.katalon.core.main.TestCaseExecutor.processExecutionPhase(TestCaseExecutor.java:301)
	at com.kms.katalon.core.main.TestCaseExecutor.accessMainPhase(TestCaseExecutor.java:293)
	at com.kms.katalon.core.main.TestCaseExecutor.execute(TestCaseExecutor.java:227)
	at com.kms.katalon.core.main.TestCaseMain.runTestCase(TestCaseMain.java:114)
	at com.kms.katalon.core.keyword.builtin.CallTestCaseKeyword$_callTestCase_closure1.doCall(CallTestCaseKeyword.groovy:59)
	... 20 more
Caused by: com.kms.katalon.core.exception.StepFailedException: Unable to click on object 'Object Repository/Page_KiboEngage  Dashboard/h4_KIBOPUSH (2)'
	at com.kms.katalon.core.webui.keyword.internal.WebUIKeywordMain.stepFailed(WebUIKeywordMain.groovy:64)
	at com.kms.katalon.core.webui.keyword.internal.WebUIKeywordMain.runKeyword(WebUIKeywordMain.groovy:26)
	at com.kms.katalon.core.webui.keyword.builtin.ClickKeyword.click(ClickKeyword.groovy:86)
	at com.kms.katalon.core.webui.keyword.builtin.ClickKeyword.execute(ClickKeyword.groovy:67)
	at com.kms.katalon.core.keyword.internal.KeywordExecutor.executeKeywordForPlatform(KeywordExecutor.groovy:56)
	at com.kms.katalon.core.webui.keyword.WebUiBuiltInKeywords.click(WebUiBuiltInKeywords.groovy:616)
	at com.kms.katalon.core.webui.keyword.WebUiBuiltInKeywords$click$2.call(Unknown Source)
	at Login_Muzamil - Staging.run(Login_Muzamil - Staging:32)
	at com.kms.katalon.core.main.ScriptEngine.run(ScriptEngine.java:194)
	at com.kms.katalon.core.main.ScriptEngine.runScriptAsRawText(ScriptEngine.java:119)
	at com.kms.katalon.core.main.TestCaseExecutor.runScript(TestCaseExecutor.java:331)
	at com.kms.katalon.core.main.TestCaseExecutor.doExecute(TestCaseExecutor.java:322)
	at com.kms.katalon.core.main.TestCaseExecutor.processExecutionPhase(TestCaseExecutor.java:301)
	at com.kms.katalon.core.main.TestCaseExecutor.accessMainPhase(TestCaseExecutor.java:293)
	at com.kms.katalon.core.main.TestCaseExecutor.execute(TestCaseExecutor.java:227)
	at com.kms.katalon.core.main.TestCaseMain.runTestCase(TestCaseMain.java:114)
	at com.kms.katalon.core.keyword.builtin.CallTestCaseKeyword$_callTestCase_closure1.doCall(CallTestCaseKeyword.groovy:59)
	... 36 more
Caused by: com.kms.katalon.core.webui.exception.WebElementNotFoundException: Web element with id: 'Object Repository/Page_KiboEngage  Dashboard/h4_KIBOPUSH (2)' located by 'By.xpath: //h4[(text() = 'KIBOPUSH' or . = 'KIBOPUSH')]' not found
	at com.kms.katalon.core.webui.common.WebUiCommonHelper.findWebElement(WebUiCommonHelper.java:1053)
	at com.kms.katalon.core.webui.keyword.internal.WebUIAbstractKeyword.findWebElement(WebUIAbstractKeyword.groovy:27)
	at com.kms.katalon.core.webui.keyword.internal.WebUIAbstractKeyword.findWebElement(WebUIAbstractKeyword.groovy:26)
	at com.kms.katalon.core.webui.keyword.builtin.ClickKeyword$_click_closure1.doCall(ClickKeyword.groovy:77)
	at com.kms.katalon.core.webui.keyword.builtin.ClickKeyword$_click_closure1.call(ClickKeyword.groovy)
	at com.kms.katalon.core.webui.keyword.internal.WebUIKeywordMain.runKeyword(WebUIKeywordMain.groovy:20)
	at com.kms.katalon.core.webui.keyword.builtin.ClickKeyword.click(ClickKeyword.groovy:86)
	at com.kms.katalon.core.webui.keyword.builtin.ClickKeyword.execute(ClickKeyword.groovy:67)
	at com.kms.katalon.core.keyword.internal.KeywordExecutor.executeKeywordForPlatform(KeywordExecutor.groovy:56)
	at com.kms.katalon.core.webui.keyword.WebUiBuiltInKeywords.click(WebUiBuiltInKeywords.groovy:616)
	at com.kms.katalon.core.webui.keyword.WebUiBuiltInKeywords$click$2.call(Unknown Source)
	at Script1554793368347.run(Script1554793368347.groovy:32)
	at com.kms.katalon.core.main.ScriptEngine.run(ScriptEngine.java:194)
	at com.kms.katalon.core.main.ScriptEngine.runScriptAsRawText(ScriptEngine.java:119)
	at com.kms.katalon.core.main.TestCaseExecutor.runScript(TestCaseExecutor.java:331)
	at com.kms.katalon.core.main.TestCaseExecutor.doExecute(TestCaseExecutor.java:322)
	at com.kms.katalon.core.main.TestCaseExecutor.processExecutionPhase(TestCaseExecutor.java:301)
	at com.kms.katalon.core.main.TestCaseExecutor.accessMainPhase(TestCaseExecutor.java:293)
	at com.kms.katalon.core.main.TestCaseExecutor.execute(TestCaseExecutor.java:227)
	at com.kms.katalon.core.main.TestCaseMain.runTestCase(TestCaseMain.java:114)
	at com.kms.katalon.core.keyword.builtin.CallTestCaseKeyword$_callTestCase_closure1.doCall(CallTestCaseKeyword.groovy:59)
	at com.kms.katalon.core.keyword.builtin.CallTestCaseKeyword$_callTestCase_closure1.call(CallTestCaseKeyword.groovy)
	at com.kms.katalon.core.keyword.internal.KeywordMain.runKeyword(KeywordMain.groovy:66)
	at com.kms.katalon.core.keyword.builtin.CallTestCaseKeyword.callTestCase(CallTestCaseKeyword.groovy:81)
	at com.kms.katalon.core.keyword.builtin.CallTestCaseKeyword.execute(CallTestCaseKeyword.groovy:44)
	at com.kms.katalon.core.keyword.internal.KeywordExecutor.executeKeywordForPlatform(KeywordExecutor.groovy:56)
	at com.kms.katalon.core.keyword.BuiltinKeywords.callTestCase(BuiltinKeywords.groovy:334)
	at Script1537021633891.run(Script1537021633891.groovy:22)
	at com.kms.katalon.core.main.ScriptEngine.run(ScriptEngine.java:194)
	at com.kms.katalon.core.main.ScriptEngine.runScriptAsRawText(ScriptEngine.java:119)
	at com.kms.katalon.core.main.TestCaseExecutor.runScript(TestCaseExecutor.java:331)
	at com.kms.katalon.core.main.TestCaseExecutor.doExecute(TestCaseExecutor.java:322)
	at com.kms.katalon.core.main.TestCaseExecutor.processExecutionPhase(TestCaseExecutor.java:301)
	at com.kms.katalon.core.main.TestCaseExecutor.accessMainPhase(TestCaseExecutor.java:293)
	at com.kms.katalon.core.main.TestCaseExecutor.execute(TestCaseExecutor.java:227)
	at com.kms.katalon.core.main.TestCaseMain.runTestCase(TestCaseMain.java:114)
	at com.kms.katalon.core.keyword.builtin.CallTestCaseKeyword$_callTestCase_closure1.doCall(CallTestCaseKeyword.groovy:59)
	at com.kms.katalon.core.keyword.builtin.CallTestCaseKeyword$_callTestCase_closure1.call(CallTestCaseKeyword.groovy)
	at com.kms.katalon.core.keyword.internal.KeywordMain.runKeyword(KeywordMain.groovy:66)
	at com.kms.katalon.core.keyword.builtin.CallTestCaseKeyword.callTestCase(CallTestCaseKeyword.groovy:81)
	at com.kms.katalon.core.keyword.builtin.CallTestCaseKeyword.execute(CallTestCaseKeyword.groovy:44)
	at com.kms.katalon.core.keyword.internal.KeywordExecutor.executeKeywordForPlatform(KeywordExecutor.groovy:56)
	at com.kms.katalon.core.keyword.BuiltinKeywords.callTestCase(BuiltinKeywords.groovy:334)
	at Script1534145755369.run(Script1534145755369.groovy:22)
	... 13 more
"/>
         <system-out><![CDATA[2019-04-11 16:13:27 - [TEST_CASE][FAILED] - Test Cases/Survey Test Cases/TC0241: Test Cases/Survey Test Cases/TC0241 FAILED.
Reason:
com.kms.katalon.core.exception.StepFailedException: Call Test Case 'Test Cases/s-sidebar_navigation/individualAccount/survey' failed
	at com.kms.katalon.core.keyword.builtin.CallTestCaseKeyword$_callTestCase_closure1.doCall(CallTestCaseKeyword.groovy:63)
	at com.kms.katalon.core.keyword.builtin.CallTestCaseKeyword$_callTestCase_closure1.call(CallTestCaseKeyword.groovy)
	at com.kms.katalon.core.keyword.internal.KeywordMain.runKeyword(KeywordMain.groovy:66)
	at com.kms.katalon.core.keyword.builtin.CallTestCaseKeyword.callTestCase(CallTestCaseKeyword.groovy:81)
	at com.kms.katalon.core.keyword.builtin.CallTestCaseKeyword.execute(CallTestCaseKeyword.groovy:44)
	at com.kms.katalon.core.keyword.internal.KeywordExecutor.executeKeywordForPlatform(KeywordExecutor.groovy:56)
	at com.kms.katalon.core.keyword.BuiltinKeywords.callTestCase(BuiltinKeywords.groovy:334)
	at TC0241.run(TC0241:22)
	at com.kms.katalon.core.main.ScriptEngine.run(ScriptEngine.java:194)
	at com.kms.katalon.core.main.ScriptEngine.runScriptAsRawText(ScriptEngine.java:119)
	at com.kms.katalon.core.main.TestCaseExecutor.runScript(TestCaseExecutor.java:331)
	at com.kms.katalon.core.main.TestCaseExecutor.doExecute(TestCaseExecutor.java:322)
	at com.kms.katalon.core.main.TestCaseExecutor.processExecutionPhase(TestCaseExecutor.java:301)
	at com.kms.katalon.core.main.TestCaseExecutor.accessMainPhase(TestCaseExecutor.java:293)
	at com.kms.katalon.core.main.TestCaseExecutor.execute(TestCaseExecutor.java:227)
	at com.kms.katalon.core.main.TestSuiteExecutor.accessTestCaseMainPhase(TestSuiteExecutor.java:129)
	at com.kms.katalon.core.main.TestSuiteExecutor.accessTestSuiteMainPhase(TestSuiteExecutor.java:112)
	at com.kms.katalon.core.main.TestSuiteExecutor.execute(TestSuiteExecutor.java:81)
	at com.kms.katalon.core.main.TestCaseMain.startTestSuite(TestCaseMain.java:157)
	at com.kms.katalon.core.main.TestCaseMain$startTestSuite$0.call(Unknown Source)
	at TempTestSuite1554979075443.run(TempTestSuite1554979075443.groovy:35)
Caused by: com.kms.katalon.core.exception.StepFailedException: Call Test Case 'Test Cases/s-sidebar_navigation/individualAccount/Login_Muzamil - Staging' failed
	at com.kms.katalon.core.keyword.builtin.CallTestCaseKeyword$_callTestCase_closure1.doCall(CallTestCaseKeyword.groovy:63)
	at com.kms.katalon.core.keyword.builtin.CallTestCaseKeyword$_callTestCase_closure1.call(CallTestCaseKeyword.groovy)
	at com.kms.katalon.core.keyword.internal.KeywordMain.runKeyword(KeywordMain.groovy:66)
	at com.kms.katalon.core.keyword.builtin.CallTestCaseKeyword.callTestCase(CallTestCaseKeyword.groovy:81)
	at com.kms.katalon.core.keyword.builtin.CallTestCaseKeyword.execute(CallTestCaseKeyword.groovy:44)
	at com.kms.katalon.core.keyword.internal.KeywordExecutor.executeKeywordForPlatform(KeywordExecutor.groovy:56)
	at com.kms.katalon.core.keyword.BuiltinKeywords.callTestCase(BuiltinKeywords.groovy:334)
	at survey.run(survey:22)
	at com.kms.katalon.core.main.ScriptEngine.run(ScriptEngine.java:194)
	at com.kms.katalon.core.main.ScriptEngine.runScriptAsRawText(ScriptEngine.java:119)
	at com.kms.katalon.core.main.TestCaseExecutor.runScript(TestCaseExecutor.java:331)
	at com.kms.katalon.core.main.TestCaseExecutor.doExecute(TestCaseExecutor.java:322)
	at com.kms.katalon.core.main.TestCaseExecutor.processExecutionPhase(TestCaseExecutor.java:301)
	at com.kms.katalon.core.main.TestCaseExecutor.accessMainPhase(TestCaseExecutor.java:293)
	at com.kms.katalon.core.main.TestCaseExecutor.execute(TestCaseExecutor.java:227)
	at com.kms.katalon.core.main.TestCaseMain.runTestCase(TestCaseMain.java:114)
	at com.kms.katalon.core.keyword.builtin.CallTestCaseKeyword$_callTestCase_closure1.doCall(CallTestCaseKeyword.groovy:59)
	... 20 more
Caused by: com.kms.katalon.core.exception.StepFailedException: Unable to click on object 'Object Repository/Page_KiboEngage  Dashboard/h4_KIBOPUSH (2)'
	at com.kms.katalon.core.webui.keyword.internal.WebUIKeywordMain.stepFailed(WebUIKeywordMain.groovy:64)
	at com.kms.katalon.core.webui.keyword.internal.WebUIKeywordMain.runKeyword(WebUIKeywordMain.groovy:26)
	at com.kms.katalon.core.webui.keyword.builtin.ClickKeyword.click(ClickKeyword.groovy:86)
	at com.kms.katalon.core.webui.keyword.builtin.ClickKeyword.execute(ClickKeyword.groovy:67)
	at com.kms.katalon.core.keyword.internal.KeywordExecutor.executeKeywordForPlatform(KeywordExecutor.groovy:56)
	at com.kms.katalon.core.webui.keyword.WebUiBuiltInKeywords.click(WebUiBuiltInKeywords.groovy:616)
	at com.kms.katalon.core.webui.keyword.WebUiBuiltInKeywords$click$2.call(Unknown Source)
	at Login_Muzamil - Staging.run(Login_Muzamil - Staging:32)
	at com.kms.katalon.core.main.ScriptEngine.run(ScriptEngine.java:194)
	at com.kms.katalon.core.main.ScriptEngine.runScriptAsRawText(ScriptEngine.java:119)
	at com.kms.katalon.core.main.TestCaseExecutor.runScript(TestCaseExecutor.java:331)
	at com.kms.katalon.core.main.TestCaseExecutor.doExecute(TestCaseExecutor.java:322)
	at com.kms.katalon.core.main.TestCaseExecutor.processExecutionPhase(TestCaseExecutor.java:301)
	at com.kms.katalon.core.main.TestCaseExecutor.accessMainPhase(TestCaseExecutor.java:293)
	at com.kms.katalon.core.main.TestCaseExecutor.execute(TestCaseExecutor.java:227)
	at com.kms.katalon.core.main.TestCaseMain.runTestCase(TestCaseMain.java:114)
	at com.kms.katalon.core.keyword.builtin.CallTestCaseKeyword$_callTestCase_closure1.doCall(CallTestCaseKeyword.groovy:59)
	... 36 more
Caused by: com.kms.katalon.core.webui.exception.WebElementNotFoundException: Web element with id: 'Object Repository/Page_KiboEngage  Dashboard/h4_KIBOPUSH (2)' located by 'By.xpath: //h4[(text() = 'KIBOPUSH' or . = 'KIBOPUSH')]' not found
	at com.kms.katalon.core.webui.common.WebUiCommonHelper.findWebElement(WebUiCommonHelper.java:1053)
	at com.kms.katalon.core.webui.keyword.internal.WebUIAbstractKeyword.findWebElement(WebUIAbstractKeyword.groovy:27)
	at com.kms.katalon.core.webui.keyword.internal.WebUIAbstractKeyword.findWebElement(WebUIAbstractKeyword.groovy:26)
	at com.kms.katalon.core.webui.keyword.builtin.ClickKeyword$_click_closure1.doCall(ClickKeyword.groovy:77)
	at com.kms.katalon.core.webui.keyword.builtin.ClickKeyword$_click_closure1.call(ClickKeyword.groovy)
	at com.kms.katalon.core.webui.keyword.internal.WebUIKeywordMain.runKeyword(WebUIKeywordMain.groovy:20)
	at com.kms.katalon.core.webui.keyword.builtin.ClickKeyword.click(ClickKeyword.groovy:86)
	at com.kms.katalon.core.webui.keyword.builtin.ClickKeyword.execute(ClickKeyword.groovy:67)
	at com.kms.katalon.core.keyword.internal.KeywordExecutor.executeKeywordForPlatform(KeywordExecutor.groovy:56)
	at com.kms.katalon.core.webui.keyword.WebUiBuiltInKeywords.click(WebUiBuiltInKeywords.groovy:616)
	at com.kms.katalon.core.webui.keyword.WebUiBuiltInKeywords$click$2.call(Unknown Source)
	at Script1554793368347.run(Script1554793368347.groovy:32)
	at com.kms.katalon.core.main.ScriptEngine.run(ScriptEngine.java:194)
	at com.kms.katalon.core.main.ScriptEngine.runScriptAsRawText(ScriptEngine.java:119)
	at com.kms.katalon.core.main.TestCaseExecutor.runScript(TestCaseExecutor.java:331)
	at com.kms.katalon.core.main.TestCaseExecutor.doExecute(TestCaseExecutor.java:322)
	at com.kms.katalon.core.main.TestCaseExecutor.processExecutionPhase(TestCaseExecutor.java:301)
	at com.kms.katalon.core.main.TestCaseExecutor.accessMainPhase(TestCaseExecutor.java:293)
	at com.kms.katalon.core.main.TestCaseExecutor.execute(TestCaseExecutor.java:227)
	at com.kms.katalon.core.main.TestCaseMain.runTestCase(TestCaseMain.java:114)
	at com.kms.katalon.core.keyword.builtin.CallTestCaseKeyword$_callTestCase_closure1.doCall(CallTestCaseKeyword.groovy:59)
	at com.kms.katalon.core.keyword.builtin.CallTestCaseKeyword$_callTestCase_closure1.call(CallTestCaseKeyword.groovy)
	at com.kms.katalon.core.keyword.internal.KeywordMain.runKeyword(KeywordMain.groovy:66)
	at com.kms.katalon.core.keyword.builtin.CallTestCaseKeyword.callTestCase(CallTestCaseKeyword.groovy:81)
	at com.kms.katalon.core.keyword.builtin.CallTestCaseKeyword.execute(CallTestCaseKeyword.groovy:44)
	at com.kms.katalon.core.keyword.internal.KeywordExecutor.executeKeywordForPlatform(KeywordExecutor.groovy:56)
	at com.kms.katalon.core.keyword.BuiltinKeywords.callTestCase(BuiltinKeywords.groovy:334)
	at Script1537021633891.run(Script1537021633891.groovy:22)
	at com.kms.katalon.core.main.ScriptEngine.run(ScriptEngine.java:194)
	at com.kms.katalon.core.main.ScriptEngine.runScriptAsRawText(ScriptEngine.java:119)
	at com.kms.katalon.core.main.TestCaseExecutor.runScript(TestCaseExecutor.java:331)
	at com.kms.katalon.core.main.TestCaseExecutor.doExecute(TestCaseExecutor.java:322)
	at com.kms.katalon.core.main.TestCaseExecutor.processExecutionPhase(TestCaseExecutor.java:301)
	at com.kms.katalon.core.main.TestCaseExecutor.accessMainPhase(TestCaseExecutor.java:293)
	at com.kms.katalon.core.main.TestCaseExecutor.execute(TestCaseExecutor.java:227)
	at com.kms.katalon.core.main.TestCaseMain.runTestCase(TestCaseMain.java:114)
	at com.kms.katalon.core.keyword.builtin.CallTestCaseKeyword$_callTestCase_closure1.doCall(CallTestCaseKeyword.groovy:59)
	at com.kms.katalon.core.keyword.builtin.CallTestCaseKeyword$_callTestCase_closure1.call(CallTestCaseKeyword.groovy)
	at com.kms.katalon.core.keyword.internal.KeywordMain.runKeyword(KeywordMain.groovy:66)
	at com.kms.katalon.core.keyword.builtin.CallTestCaseKeyword.callTestCase(CallTestCaseKeyword.groovy:81)
	at com.kms.katalon.core.keyword.builtin.CallTestCaseKeyword.execute(CallTestCaseKeyword.groovy:44)
	at com.kms.katalon.core.keyword.internal.KeywordExecutor.executeKeywordForPlatform(KeywordExecutor.groovy:56)
	at com.kms.katalon.core.keyword.BuiltinKeywords.callTestCase(BuiltinKeywords.groovy:334)
	at Script1534145755369.run(Script1534145755369.groovy:22)
	... 13 more


2019-04-11 16:13:27 - [TEST_STEP][FAILED] - callTestCase(findTestCase("s-sidebar_navigation/individualAccount/survey"), [:], STOP_ON_FAILURE): callTestCase(findTestCase("s-sidebar_navigation/individualAccount/survey"), [:], STOP_ON_FAILURE) FAILED.
Reason:
com.kms.katalon.core.exception.StepFailedException: Call Test Case 'Test Cases/s-sidebar_navigation/individualAccount/survey' failed
	at com.kms.katalon.core.keyword.builtin.CallTestCaseKeyword$_callTestCase_closure1.doCall(CallTestCaseKeyword.groovy:63)
	at com.kms.katalon.core.keyword.builtin.CallTestCaseKeyword$_callTestCase_closure1.call(CallTestCaseKeyword.groovy)
	at com.kms.katalon.core.keyword.internal.KeywordMain.runKeyword(KeywordMain.groovy:66)
	at com.kms.katalon.core.keyword.builtin.CallTestCaseKeyword.callTestCase(CallTestCaseKeyword.groovy:81)
	at com.kms.katalon.core.keyword.builtin.CallTestCaseKeyword.execute(CallTestCaseKeyword.groovy:44)
	at com.kms.katalon.core.keyword.internal.KeywordExecutor.executeKeywordForPlatform(KeywordExecutor.groovy:56)
	at com.kms.katalon.core.keyword.BuiltinKeywords.callTestCase(BuiltinKeywords.groovy:334)
	at TC0241.run(TC0241:22)
	at com.kms.katalon.core.main.ScriptEngine.run(ScriptEngine.java:194)
	at com.kms.katalon.core.main.ScriptEngine.runScriptAsRawText(ScriptEngine.java:119)
	at com.kms.katalon.core.main.TestCaseExecutor.runScript(TestCaseExecutor.java:331)
	at com.kms.katalon.core.main.TestCaseExecutor.doExecute(TestCaseExecutor.java:322)
	at com.kms.katalon.core.main.TestCaseExecutor.processExecutionPhase(TestCaseExecutor.java:301)
	at com.kms.katalon.core.main.TestCaseExecutor.accessMainPhase(TestCaseExecutor.java:293)
	at com.kms.katalon.core.main.TestCaseExecutor.execute(TestCaseExecutor.java:227)
	at com.kms.katalon.core.main.TestSuiteExecutor.accessTestCaseMainPhase(TestSuiteExecutor.java:129)
	at com.kms.katalon.core.main.TestSuiteExecutor.accessTestSuiteMainPhase(TestSuiteExecutor.java:112)
	at com.kms.katalon.core.main.TestSuiteExecutor.execute(TestSuiteExecutor.java:81)
	at com.kms.katalon.core.main.TestCaseMain.startTestSuite(TestCaseMain.java:157)
	at com.kms.katalon.core.main.TestCaseMain$startTestSuite$0.call(Unknown Source)
	at TempTestSuite1554979075443.run(TempTestSuite1554979075443.groovy:35)
Caused by: com.kms.katalon.core.exception.StepFailedException: Call Test Case 'Test Cases/s-sidebar_navigation/individualAccount/Login_Muzamil - Staging' failed
	at com.kms.katalon.core.keyword.builtin.CallTestCaseKeyword$_callTestCase_closure1.doCall(CallTestCaseKeyword.groovy:63)
	at com.kms.katalon.core.keyword.builtin.CallTestCaseKeyword$_callTestCase_closure1.call(CallTestCaseKeyword.groovy)
	at com.kms.katalon.core.keyword.internal.KeywordMain.runKeyword(KeywordMain.groovy:66)
	at com.kms.katalon.core.keyword.builtin.CallTestCaseKeyword.callTestCase(CallTestCaseKeyword.groovy:81)
	at com.kms.katalon.core.keyword.builtin.CallTestCaseKeyword.execute(CallTestCaseKeyword.groovy:44)
	at com.kms.katalon.core.keyword.internal.KeywordExecutor.executeKeywordForPlatform(KeywordExecutor.groovy:56)
	at com.kms.katalon.core.keyword.BuiltinKeywords.callTestCase(BuiltinKeywords.groovy:334)
	at survey.run(survey:22)
	at com.kms.katalon.core.main.ScriptEngine.run(ScriptEngine.java:194)
	at com.kms.katalon.core.main.ScriptEngine.runScriptAsRawText(ScriptEngine.java:119)
	at com.kms.katalon.core.main.TestCaseExecutor.runScript(TestCaseExecutor.java:331)
	at com.kms.katalon.core.main.TestCaseExecutor.doExecute(TestCaseExecutor.java:322)
	at com.kms.katalon.core.main.TestCaseExecutor.processExecutionPhase(TestCaseExecutor.java:301)
	at com.kms.katalon.core.main.TestCaseExecutor.accessMainPhase(TestCaseExecutor.java:293)
	at com.kms.katalon.core.main.TestCaseExecutor.execute(TestCaseExecutor.java:227)
	at com.kms.katalon.core.main.TestCaseMain.runTestCase(TestCaseMain.java:114)
	at com.kms.katalon.core.keyword.builtin.CallTestCaseKeyword$_callTestCase_closure1.doCall(CallTestCaseKeyword.groovy:59)
	... 20 more
Caused by: com.kms.katalon.core.exception.StepFailedException: Unable to click on object 'Object Repository/Page_KiboEngage  Dashboard/h4_KIBOPUSH (2)'
	at com.kms.katalon.core.webui.keyword.internal.WebUIKeywordMain.stepFailed(WebUIKeywordMain.groovy:64)
	at com.kms.katalon.core.webui.keyword.internal.WebUIKeywordMain.runKeyword(WebUIKeywordMain.groovy:26)
	at com.kms.katalon.core.webui.keyword.builtin.ClickKeyword.click(ClickKeyword.groovy:86)
	at com.kms.katalon.core.webui.keyword.builtin.ClickKeyword.execute(ClickKeyword.groovy:67)
	at com.kms.katalon.core.keyword.internal.KeywordExecutor.executeKeywordForPlatform(KeywordExecutor.groovy:56)
	at com.kms.katalon.core.webui.keyword.WebUiBuiltInKeywords.click(WebUiBuiltInKeywords.groovy:616)
	at com.kms.katalon.core.webui.keyword.WebUiBuiltInKeywords$click$2.call(Unknown Source)
	at Login_Muzamil - Staging.run(Login_Muzamil - Staging:32)
	at com.kms.katalon.core.main.ScriptEngine.run(ScriptEngine.java:194)
	at com.kms.katalon.core.main.ScriptEngine.runScriptAsRawText(ScriptEngine.java:119)
	at com.kms.katalon.core.main.TestCaseExecutor.runScript(TestCaseExecutor.java:331)
	at com.kms.katalon.core.main.TestCaseExecutor.doExecute(TestCaseExecutor.java:322)
	at com.kms.katalon.core.main.TestCaseExecutor.processExecutionPhase(TestCaseExecutor.java:301)
	at com.kms.katalon.core.main.TestCaseExecutor.accessMainPhase(TestCaseExecutor.java:293)
	at com.kms.katalon.core.main.TestCaseExecutor.execute(TestCaseExecutor.java:227)
	at com.kms.katalon.core.main.TestCaseMain.runTestCase(TestCaseMain.java:114)
	at com.kms.katalon.core.keyword.builtin.CallTestCaseKeyword$_callTestCase_closure1.doCall(CallTestCaseKeyword.groovy:59)
	... 36 more
Caused by: com.kms.katalon.core.webui.exception.WebElementNotFoundException: Web element with id: 'Object Repository/Page_KiboEngage  Dashboard/h4_KIBOPUSH (2)' located by 'By.xpath: //h4[(text() = 'KIBOPUSH' or . = 'KIBOPUSH')]' not found
	at com.kms.katalon.core.webui.common.WebUiCommonHelper.findWebElement(WebUiCommonHelper.java:1053)
	at com.kms.katalon.core.webui.keyword.internal.WebUIAbstractKeyword.findWebElement(WebUIAbstractKeyword.groovy:27)
	at com.kms.katalon.core.webui.keyword.internal.WebUIAbstractKeyword.findWebElement(WebUIAbstractKeyword.groovy:26)
	at com.kms.katalon.core.webui.keyword.builtin.ClickKeyword$_click_closure1.doCall(ClickKeyword.groovy:77)
	at com.kms.katalon.core.webui.keyword.builtin.ClickKeyword$_click_closure1.call(ClickKeyword.groovy)
	at com.kms.katalon.core.webui.keyword.internal.WebUIKeywordMain.runKeyword(WebUIKeywordMain.groovy:20)
	at com.kms.katalon.core.webui.keyword.builtin.ClickKeyword.click(ClickKeyword.groovy:86)
	at com.kms.katalon.core.webui.keyword.builtin.ClickKeyword.execute(ClickKeyword.groovy:67)
	at com.kms.katalon.core.keyword.internal.KeywordExecutor.executeKeywordForPlatform(KeywordExecutor.groovy:56)
	at com.kms.katalon.core.webui.keyword.WebUiBuiltInKeywords.click(WebUiBuiltInKeywords.groovy:616)
	at com.kms.katalon.core.webui.keyword.WebUiBuiltInKeywords$click$2.call(Unknown Source)
	at Script1554793368347.run(Script1554793368347.groovy:32)
	at com.kms.katalon.core.main.ScriptEngine.run(ScriptEngine.java:194)
	at com.kms.katalon.core.main.ScriptEngine.runScriptAsRawText(ScriptEngine.java:119)
	at com.kms.katalon.core.main.TestCaseExecutor.runScript(TestCaseExecutor.java:331)
	at com.kms.katalon.core.main.TestCaseExecutor.doExecute(TestCaseExecutor.java:322)
	at com.kms.katalon.core.main.TestCaseExecutor.processExecutionPhase(TestCaseExecutor.java:301)
	at com.kms.katalon.core.main.TestCaseExecutor.accessMainPhase(TestCaseExecutor.java:293)
	at com.kms.katalon.core.main.TestCaseExecutor.execute(TestCaseExecutor.java:227)
	at com.kms.katalon.core.main.TestCaseMain.runTestCase(TestCaseMain.java:114)
	at com.kms.katalon.core.keyword.builtin.CallTestCaseKeyword$_callTestCase_closure1.doCall(CallTestCaseKeyword.groovy:59)
	at com.kms.katalon.core.keyword.builtin.CallTestCaseKeyword$_callTestCase_closure1.call(CallTestCaseKeyword.groovy)
	at com.kms.katalon.core.keyword.internal.KeywordMain.runKeyword(KeywordMain.groovy:66)
	at com.kms.katalon.core.keyword.builtin.CallTestCaseKeyword.callTestCase(CallTestCaseKeyword.groovy:81)
	at com.kms.katalon.core.keyword.builtin.CallTestCaseKeyword.execute(CallTestCaseKeyword.groovy:44)
	at com.kms.katalon.core.keyword.internal.KeywordExecutor.executeKeywordForPlatform(KeywordExecutor.groovy:56)
	at com.kms.katalon.core.keyword.BuiltinKeywords.callTestCase(BuiltinKeywords.groovy:334)
	at Script1537021633891.run(Script1537021633891.groovy:22)
	at com.kms.katalon.core.main.ScriptEngine.run(ScriptEngine.java:194)
	at com.kms.katalon.core.main.ScriptEngine.runScriptAsRawText(ScriptEngine.java:119)
	at com.kms.katalon.core.main.TestCaseExecutor.runScript(TestCaseExecutor.java:331)
	at com.kms.katalon.core.main.TestCaseExecutor.doExecute(TestCaseExecutor.java:322)
	at com.kms.katalon.core.main.TestCaseExecutor.processExecutionPhase(TestCaseExecutor.java:301)
	at com.kms.katalon.core.main.TestCaseExecutor.accessMainPhase(TestCaseExecutor.java:293)
	at com.kms.katalon.core.main.TestCaseExecutor.execute(TestCaseExecutor.java:227)
	at com.kms.katalon.core.main.TestCaseMain.runTestCase(TestCaseMain.java:114)
	at com.kms.katalon.core.keyword.builtin.CallTestCaseKeyword$_callTestCase_closure1.doCall(CallTestCaseKeyword.groovy:59)
	at com.kms.katalon.core.keyword.builtin.CallTestCaseKeyword$_callTestCase_closure1.call(CallTestCaseKeyword.groovy)
	at com.kms.katalon.core.keyword.internal.KeywordMain.runKeyword(KeywordMain.groovy:66)
	at com.kms.katalon.core.keyword.builtin.CallTestCaseKeyword.callTestCase(CallTestCaseKeyword.groovy:81)
	at com.kms.katalon.core.keyword.builtin.CallTestCaseKeyword.execute(CallTestCaseKeyword.groovy:44)
	at com.kms.katalon.core.keyword.internal.KeywordExecutor.executeKeywordForPlatform(KeywordExecutor.groovy:56)
	at com.kms.katalon.core.keyword.BuiltinKeywords.callTestCase(BuiltinKeywords.groovy:334)
	at Script1534145755369.run(Script1534145755369.groovy:22)
	... 13 more


2019-04-11 16:13:27 - [TEST_CASE][FAILED] - Test Cases/s-sidebar_navigation/individualAccount/survey: Test Cases/s-sidebar_navigation/individualAccount/survey FAILED.
Reason:
com.kms.katalon.core.exception.StepFailedException: Call Test Case 'Test Cases/s-sidebar_navigation/individualAccount/Login_Muzamil - Staging' failed
	at com.kms.katalon.core.keyword.builtin.CallTestCaseKeyword$_callTestCase_closure1.doCall(CallTestCaseKeyword.groovy:63)
	at com.kms.katalon.core.keyword.builtin.CallTestCaseKeyword$_callTestCase_closure1.call(CallTestCaseKeyword.groovy)
	at com.kms.katalon.core.keyword.internal.KeywordMain.runKeyword(KeywordMain.groovy:66)
	at com.kms.katalon.core.keyword.builtin.CallTestCaseKeyword.callTestCase(CallTestCaseKeyword.groovy:81)
	at com.kms.katalon.core.keyword.builtin.CallTestCaseKeyword.execute(CallTestCaseKeyword.groovy:44)
	at com.kms.katalon.core.keyword.internal.KeywordExecutor.executeKeywordForPlatform(KeywordExecutor.groovy:56)
	at com.kms.katalon.core.keyword.BuiltinKeywords.callTestCase(BuiltinKeywords.groovy:334)
	at survey.run(survey:22)
	at com.kms.katalon.core.main.ScriptEngine.run(ScriptEngine.java:194)
	at com.kms.katalon.core.main.ScriptEngine.runScriptAsRawText(ScriptEngine.java:119)
	at com.kms.katalon.core.main.TestCaseExecutor.runScript(TestCaseExecutor.java:331)
	at com.kms.katalon.core.main.TestCaseExecutor.doExecute(TestCaseExecutor.java:322)
	at com.kms.katalon.core.main.TestCaseExecutor.processExecutionPhase(TestCaseExecutor.java:301)
	at com.kms.katalon.core.main.TestCaseExecutor.accessMainPhase(TestCaseExecutor.java:293)
	at com.kms.katalon.core.main.TestCaseExecutor.execute(TestCaseExecutor.java:227)
	at com.kms.katalon.core.main.TestCaseMain.runTestCase(TestCaseMain.java:114)
	at com.kms.katalon.core.keyword.builtin.CallTestCaseKeyword$_callTestCase_closure1.doCall(CallTestCaseKeyword.groovy:59)
	at com.kms.katalon.core.keyword.builtin.CallTestCaseKeyword$_callTestCase_closure1.call(CallTestCaseKeyword.groovy)
	at com.kms.katalon.core.keyword.internal.KeywordMain.runKeyword(KeywordMain.groovy:66)
	at com.kms.katalon.core.keyword.builtin.CallTestCaseKeyword.callTestCase(CallTestCaseKeyword.groovy:81)
	at com.kms.katalon.core.keyword.builtin.CallTestCaseKeyword.execute(CallTestCaseKeyword.groovy:44)
	at com.kms.katalon.core.keyword.internal.KeywordExecutor.executeKeywordForPlatform(KeywordExecutor.groovy:56)
	at com.kms.katalon.core.keyword.BuiltinKeywords.callTestCase(BuiltinKeywords.groovy:334)
	at TC0241.run(TC0241:22)
	at com.kms.katalon.core.main.ScriptEngine.run(ScriptEngine.java:194)
	at com.kms.katalon.core.main.ScriptEngine.runScriptAsRawText(ScriptEngine.java:119)
	at com.kms.katalon.core.main.TestCaseExecutor.runScript(TestCaseExecutor.java:331)
	at com.kms.katalon.core.main.TestCaseExecutor.doExecute(TestCaseExecutor.java:322)
	at com.kms.katalon.core.main.TestCaseExecutor.processExecutionPhase(TestCaseExecutor.java:301)
	at com.kms.katalon.core.main.TestCaseExecutor.accessMainPhase(TestCaseExecutor.java:293)
	at com.kms.katalon.core.main.TestCaseExecutor.execute(TestCaseExecutor.java:227)
	at com.kms.katalon.core.main.TestSuiteExecutor.accessTestCaseMainPhase(TestSuiteExecutor.java:129)
	at com.kms.katalon.core.main.TestSuiteExecutor.accessTestSuiteMainPhase(TestSuiteExecutor.java:112)
	at com.kms.katalon.core.main.TestSuiteExecutor.execute(TestSuiteExecutor.java:81)
	at com.kms.katalon.core.main.TestCaseMain.startTestSuite(TestCaseMain.java:157)
	at com.kms.katalon.core.main.TestCaseMain$startTestSuite$0.call(Unknown Source)
	at TempTestSuite1554979075443.run(TempTestSuite1554979075443.groovy:35)
Caused by: com.kms.katalon.core.exception.StepFailedException: Unable to click on object 'Object Repository/Page_KiboEngage  Dashboard/h4_KIBOPUSH (2)'
	at com.kms.katalon.core.webui.keyword.internal.WebUIKeywordMain.stepFailed(WebUIKeywordMain.groovy:64)
	at com.kms.katalon.core.webui.keyword.internal.WebUIKeywordMain.runKeyword(WebUIKeywordMain.groovy:26)
	at com.kms.katalon.core.webui.keyword.builtin.ClickKeyword.click(ClickKeyword.groovy:86)
	at com.kms.katalon.core.webui.keyword.builtin.ClickKeyword.execute(ClickKeyword.groovy:67)
	at com.kms.katalon.core.keyword.internal.KeywordExecutor.executeKeywordForPlatform(KeywordExecutor.groovy:56)
	at com.kms.katalon.core.webui.keyword.WebUiBuiltInKeywords.click(WebUiBuiltInKeywords.groovy:616)
	at com.kms.katalon.core.webui.keyword.WebUiBuiltInKeywords$click$2.call(Unknown Source)
	at Login_Muzamil - Staging.run(Login_Muzamil - Staging:32)
	at com.kms.katalon.core.main.ScriptEngine.run(ScriptEngine.java:194)
	at com.kms.katalon.core.main.ScriptEngine.runScriptAsRawText(ScriptEngine.java:119)
	at com.kms.katalon.core.main.TestCaseExecutor.runScript(TestCaseExecutor.java:331)
	at com.kms.katalon.core.main.TestCaseExecutor.doExecute(TestCaseExecutor.java:322)
	at com.kms.katalon.core.main.TestCaseExecutor.processExecutionPhase(TestCaseExecutor.java:301)
	at com.kms.katalon.core.main.TestCaseExecutor.accessMainPhase(TestCaseExecutor.java:293)
	at com.kms.katalon.core.main.TestCaseExecutor.execute(TestCaseExecutor.java:227)
	at com.kms.katalon.core.main.TestCaseMain.runTestCase(TestCaseMain.java:114)
	at com.kms.katalon.core.keyword.builtin.CallTestCaseKeyword$_callTestCase_closure1.doCall(CallTestCaseKeyword.groovy:59)
	... 36 more
Caused by: com.kms.katalon.core.webui.exception.WebElementNotFoundException: Web element with id: 'Object Repository/Page_KiboEngage  Dashboard/h4_KIBOPUSH (2)' located by 'By.xpath: //h4[(text() = 'KIBOPUSH' or . = 'KIBOPUSH')]' not found
	at com.kms.katalon.core.webui.common.WebUiCommonHelper.findWebElement(WebUiCommonHelper.java:1053)
	at com.kms.katalon.core.webui.keyword.internal.WebUIAbstractKeyword.findWebElement(WebUIAbstractKeyword.groovy:27)
	at com.kms.katalon.core.webui.keyword.internal.WebUIAbstractKeyword.findWebElement(WebUIAbstractKeyword.groovy:26)
	at com.kms.katalon.core.webui.keyword.builtin.ClickKeyword$_click_closure1.doCall(ClickKeyword.groovy:77)
	at com.kms.katalon.core.webui.keyword.builtin.ClickKeyword$_click_closure1.call(ClickKeyword.groovy)
	at com.kms.katalon.core.webui.keyword.internal.WebUIKeywordMain.runKeyword(WebUIKeywordMain.groovy:20)
	at com.kms.katalon.core.webui.keyword.builtin.ClickKeyword.click(ClickKeyword.groovy:86)
	at com.kms.katalon.core.webui.keyword.builtin.ClickKeyword.execute(ClickKeyword.groovy:67)
	at com.kms.katalon.core.keyword.internal.KeywordExecutor.executeKeywordForPlatform(KeywordExecutor.groovy:56)
	at com.kms.katalon.core.webui.keyword.WebUiBuiltInKeywords.click(WebUiBuiltInKeywords.groovy:616)
	at com.kms.katalon.core.webui.keyword.WebUiBuiltInKeywords$click$2.call(Unknown Source)
	at Script1554793368347.run(Script1554793368347.groovy:32)
	at com.kms.katalon.core.main.ScriptEngine.run(ScriptEngine.java:194)
	at com.kms.katalon.core.main.ScriptEngine.runScriptAsRawText(ScriptEngine.java:119)
	at com.kms.katalon.core.main.TestCaseExecutor.runScript(TestCaseExecutor.java:331)
	at com.kms.katalon.core.main.TestCaseExecutor.doExecute(TestCaseExecutor.java:322)
	at com.kms.katalon.core.main.TestCaseExecutor.processExecutionPhase(TestCaseExecutor.java:301)
	at com.kms.katalon.core.main.TestCaseExecutor.accessMainPhase(TestCaseExecutor.java:293)
	at com.kms.katalon.core.main.TestCaseExecutor.execute(TestCaseExecutor.java:227)
	at com.kms.katalon.core.main.TestCaseMain.runTestCase(TestCaseMain.java:114)
	at com.kms.katalon.core.keyword.builtin.CallTestCaseKeyword$_callTestCase_closure1.doCall(CallTestCaseKeyword.groovy:59)
	at com.kms.katalon.core.keyword.builtin.CallTestCaseKeyword$_callTestCase_closure1.call(CallTestCaseKeyword.groovy)
	at com.kms.katalon.core.keyword.internal.KeywordMain.runKeyword(KeywordMain.groovy:66)
	at com.kms.katalon.core.keyword.builtin.CallTestCaseKeyword.callTestCase(CallTestCaseKeyword.groovy:81)
	at com.kms.katalon.core.keyword.builtin.CallTestCaseKeyword.execute(CallTestCaseKeyword.groovy:44)
	at com.kms.katalon.core.keyword.internal.KeywordExecutor.executeKeywordForPlatform(KeywordExecutor.groovy:56)
	at com.kms.katalon.core.keyword.BuiltinKeywords.callTestCase(BuiltinKeywords.groovy:334)
	at Script1537021633891.run(Script1537021633891.groovy:22)
	at com.kms.katalon.core.main.ScriptEngine.run(ScriptEngine.java:194)
	at com.kms.katalon.core.main.ScriptEngine.runScriptAsRawText(ScriptEngine.java:119)
	at com.kms.katalon.core.main.TestCaseExecutor.runScript(TestCaseExecutor.java:331)
	at com.kms.katalon.core.main.TestCaseExecutor.doExecute(TestCaseExecutor.java:322)
	at com.kms.katalon.core.main.TestCaseExecutor.processExecutionPhase(TestCaseExecutor.java:301)
	at com.kms.katalon.core.main.TestCaseExecutor.accessMainPhase(TestCaseExecutor.java:293)
	at com.kms.katalon.core.main.TestCaseExecutor.execute(TestCaseExecutor.java:227)
	at com.kms.katalon.core.main.TestCaseMain.runTestCase(TestCaseMain.java:114)
	at com.kms.katalon.core.keyword.builtin.CallTestCaseKeyword$_callTestCase_closure1.doCall(CallTestCaseKeyword.groovy:59)
	at com.kms.katalon.core.keyword.builtin.CallTestCaseKeyword$_callTestCase_closure1.call(CallTestCaseKeyword.groovy)
	at com.kms.katalon.core.keyword.internal.KeywordMain.runKeyword(KeywordMain.groovy:66)
	at com.kms.katalon.core.keyword.builtin.CallTestCaseKeyword.callTestCase(CallTestCaseKeyword.groovy:81)
	at com.kms.katalon.core.keyword.builtin.CallTestCaseKeyword.execute(CallTestCaseKeyword.groovy:44)
	at com.kms.katalon.core.keyword.internal.KeywordExecutor.executeKeywordForPlatform(KeywordExecutor.groovy:56)
	at com.kms.katalon.core.keyword.BuiltinKeywords.callTestCase(BuiltinKeywords.groovy:334)
	at Script1534145755369.run(Script1534145755369.groovy:22)
	... 13 more


2019-04-11 16:13:27 - [TEST_STEP][FAILED] - callTestCase(findTestCase("s-sidebar_navigation/individualAccount/Login_Muzamil - Staging"), [:], STOP_ON_FAILURE): callTestCase(findTestCase("s-sidebar_navigation/individualAccount/Login_Muzamil - Staging"), [:], STOP_ON_FAILURE) FAILED.
Reason:
com.kms.katalon.core.exception.StepFailedException: Call Test Case 'Test Cases/s-sidebar_navigation/individualAccount/Login_Muzamil - Staging' failed
	at com.kms.katalon.core.keyword.builtin.CallTestCaseKeyword$_callTestCase_closure1.doCall(CallTestCaseKeyword.groovy:63)
	at com.kms.katalon.core.keyword.builtin.CallTestCaseKeyword$_callTestCase_closure1.call(CallTestCaseKeyword.groovy)
	at com.kms.katalon.core.keyword.internal.KeywordMain.runKeyword(KeywordMain.groovy:66)
	at com.kms.katalon.core.keyword.builtin.CallTestCaseKeyword.callTestCase(CallTestCaseKeyword.groovy:81)
	at com.kms.katalon.core.keyword.builtin.CallTestCaseKeyword.execute(CallTestCaseKeyword.groovy:44)
	at com.kms.katalon.core.keyword.internal.KeywordExecutor.executeKeywordForPlatform(KeywordExecutor.groovy:56)
	at com.kms.katalon.core.keyword.BuiltinKeywords.callTestCase(BuiltinKeywords.groovy:334)
	at survey.run(survey:22)
	at com.kms.katalon.core.main.ScriptEngine.run(ScriptEngine.java:194)
	at com.kms.katalon.core.main.ScriptEngine.runScriptAsRawText(ScriptEngine.java:119)
	at com.kms.katalon.core.main.TestCaseExecutor.runScript(TestCaseExecutor.java:331)
	at com.kms.katalon.core.main.TestCaseExecutor.doExecute(TestCaseExecutor.java:322)
	at com.kms.katalon.core.main.TestCaseExecutor.processExecutionPhase(TestCaseExecutor.java:301)
	at com.kms.katalon.core.main.TestCaseExecutor.accessMainPhase(TestCaseExecutor.java:293)
	at com.kms.katalon.core.main.TestCaseExecutor.execute(TestCaseExecutor.java:227)
	at com.kms.katalon.core.main.TestCaseMain.runTestCase(TestCaseMain.java:114)
	at com.kms.katalon.core.keyword.builtin.CallTestCaseKeyword$_callTestCase_closure1.doCall(CallTestCaseKeyword.groovy:59)
	at com.kms.katalon.core.keyword.builtin.CallTestCaseKeyword$_callTestCase_closure1.call(CallTestCaseKeyword.groovy)
	at com.kms.katalon.core.keyword.internal.KeywordMain.runKeyword(KeywordMain.groovy:66)
	at com.kms.katalon.core.keyword.builtin.CallTestCaseKeyword.callTestCase(CallTestCaseKeyword.groovy:81)
	at com.kms.katalon.core.keyword.builtin.CallTestCaseKeyword.execute(CallTestCaseKeyword.groovy:44)
	at com.kms.katalon.core.keyword.internal.KeywordExecutor.executeKeywordForPlatform(KeywordExecutor.groovy:56)
	at com.kms.katalon.core.keyword.BuiltinKeywords.callTestCase(BuiltinKeywords.groovy:334)
	at TC0241.run(TC0241:22)
	at com.kms.katalon.core.main.ScriptEngine.run(ScriptEngine.java:194)
	at com.kms.katalon.core.main.ScriptEngine.runScriptAsRawText(ScriptEngine.java:119)
	at com.kms.katalon.core.main.TestCaseExecutor.runScript(TestCaseExecutor.java:331)
	at com.kms.katalon.core.main.TestCaseExecutor.doExecute(TestCaseExecutor.java:322)
	at com.kms.katalon.core.main.TestCaseExecutor.processExecutionPhase(TestCaseExecutor.java:301)
	at com.kms.katalon.core.main.TestCaseExecutor.accessMainPhase(TestCaseExecutor.java:293)
	at com.kms.katalon.core.main.TestCaseExecutor.execute(TestCaseExecutor.java:227)
	at com.kms.katalon.core.main.TestSuiteExecutor.accessTestCaseMainPhase(TestSuiteExecutor.java:129)
	at com.kms.katalon.core.main.TestSuiteExecutor.accessTestSuiteMainPhase(TestSuiteExecutor.java:112)
	at com.kms.katalon.core.main.TestSuiteExecutor.execute(TestSuiteExecutor.java:81)
	at com.kms.katalon.core.main.TestCaseMain.startTestSuite(TestCaseMain.java:157)
	at com.kms.katalon.core.main.TestCaseMain$startTestSuite$0.call(Unknown Source)
	at TempTestSuite1554979075443.run(TempTestSuite1554979075443.groovy:35)
Caused by: com.kms.katalon.core.exception.StepFailedException: Unable to click on object 'Object Repository/Page_KiboEngage  Dashboard/h4_KIBOPUSH (2)'
	at com.kms.katalon.core.webui.keyword.internal.WebUIKeywordMain.stepFailed(WebUIKeywordMain.groovy:64)
	at com.kms.katalon.core.webui.keyword.internal.WebUIKeywordMain.runKeyword(WebUIKeywordMain.groovy:26)
	at com.kms.katalon.core.webui.keyword.builtin.ClickKeyword.click(ClickKeyword.groovy:86)
	at com.kms.katalon.core.webui.keyword.builtin.ClickKeyword.execute(ClickKeyword.groovy:67)
	at com.kms.katalon.core.keyword.internal.KeywordExecutor.executeKeywordForPlatform(KeywordExecutor.groovy:56)
	at com.kms.katalon.core.webui.keyword.WebUiBuiltInKeywords.click(WebUiBuiltInKeywords.groovy:616)
	at com.kms.katalon.core.webui.keyword.WebUiBuiltInKeywords$click$2.call(Unknown Source)
	at Login_Muzamil - Staging.run(Login_Muzamil - Staging:32)
	at com.kms.katalon.core.main.ScriptEngine.run(ScriptEngine.java:194)
	at com.kms.katalon.core.main.ScriptEngine.runScriptAsRawText(ScriptEngine.java:119)
	at com.kms.katalon.core.main.TestCaseExecutor.runScript(TestCaseExecutor.java:331)
	at com.kms.katalon.core.main.TestCaseExecutor.doExecute(TestCaseExecutor.java:322)
	at com.kms.katalon.core.main.TestCaseExecutor.processExecutionPhase(TestCaseExecutor.java:301)
	at com.kms.katalon.core.main.TestCaseExecutor.accessMainPhase(TestCaseExecutor.java:293)
	at com.kms.katalon.core.main.TestCaseExecutor.execute(TestCaseExecutor.java:227)
	at com.kms.katalon.core.main.TestCaseMain.runTestCase(TestCaseMain.java:114)
	at com.kms.katalon.core.keyword.builtin.CallTestCaseKeyword$_callTestCase_closure1.doCall(CallTestCaseKeyword.groovy:59)
	... 36 more
Caused by: com.kms.katalon.core.webui.exception.WebElementNotFoundException: Web element with id: 'Object Repository/Page_KiboEngage  Dashboard/h4_KIBOPUSH (2)' located by 'By.xpath: //h4[(text() = 'KIBOPUSH' or . = 'KIBOPUSH')]' not found
	at com.kms.katalon.core.webui.common.WebUiCommonHelper.findWebElement(WebUiCommonHelper.java:1053)
	at com.kms.katalon.core.webui.keyword.internal.WebUIAbstractKeyword.findWebElement(WebUIAbstractKeyword.groovy:27)
	at com.kms.katalon.core.webui.keyword.internal.WebUIAbstractKeyword.findWebElement(WebUIAbstractKeyword.groovy:26)
	at com.kms.katalon.core.webui.keyword.builtin.ClickKeyword$_click_closure1.doCall(ClickKeyword.groovy:77)
	at com.kms.katalon.core.webui.keyword.builtin.ClickKeyword$_click_closure1.call(ClickKeyword.groovy)
	at com.kms.katalon.core.webui.keyword.internal.WebUIKeywordMain.runKeyword(WebUIKeywordMain.groovy:20)
	at com.kms.katalon.core.webui.keyword.builtin.ClickKeyword.click(ClickKeyword.groovy:86)
	at com.kms.katalon.core.webui.keyword.builtin.ClickKeyword.execute(ClickKeyword.groovy:67)
	at com.kms.katalon.core.keyword.internal.KeywordExecutor.executeKeywordForPlatform(KeywordExecutor.groovy:56)
	at com.kms.katalon.core.webui.keyword.WebUiBuiltInKeywords.click(WebUiBuiltInKeywords.groovy:616)
	at com.kms.katalon.core.webui.keyword.WebUiBuiltInKeywords$click$2.call(Unknown Source)
	at Script1554793368347.run(Script1554793368347.groovy:32)
	at com.kms.katalon.core.main.ScriptEngine.run(ScriptEngine.java:194)
	at com.kms.katalon.core.main.ScriptEngine.runScriptAsRawText(ScriptEngine.java:119)
	at com.kms.katalon.core.main.TestCaseExecutor.runScript(TestCaseExecutor.java:331)
	at com.kms.katalon.core.main.TestCaseExecutor.doExecute(TestCaseExecutor.java:322)
	at com.kms.katalon.core.main.TestCaseExecutor.processExecutionPhase(TestCaseExecutor.java:301)
	at com.kms.katalon.core.main.TestCaseExecutor.accessMainPhase(TestCaseExecutor.java:293)
	at com.kms.katalon.core.main.TestCaseExecutor.execute(TestCaseExecutor.java:227)
	at com.kms.katalon.core.main.TestCaseMain.runTestCase(TestCaseMain.java:114)
	at com.kms.katalon.core.keyword.builtin.CallTestCaseKeyword$_callTestCase_closure1.doCall(CallTestCaseKeyword.groovy:59)
	at com.kms.katalon.core.keyword.builtin.CallTestCaseKeyword$_callTestCase_closure1.call(CallTestCaseKeyword.groovy)
	at com.kms.katalon.core.keyword.internal.KeywordMain.runKeyword(KeywordMain.groovy:66)
	at com.kms.katalon.core.keyword.builtin.CallTestCaseKeyword.callTestCase(CallTestCaseKeyword.groovy:81)
	at com.kms.katalon.core.keyword.builtin.CallTestCaseKeyword.execute(CallTestCaseKeyword.groovy:44)
	at com.kms.katalon.core.keyword.internal.KeywordExecutor.executeKeywordForPlatform(KeywordExecutor.groovy:56)
	at com.kms.katalon.core.keyword.BuiltinKeywords.callTestCase(BuiltinKeywords.groovy:334)
	at Script1537021633891.run(Script1537021633891.groovy:22)
	at com.kms.katalon.core.main.ScriptEngine.run(ScriptEngine.java:194)
	at com.kms.katalon.core.main.ScriptEngine.runScriptAsRawText(ScriptEngine.java:119)
	at com.kms.katalon.core.main.TestCaseExecutor.runScript(TestCaseExecutor.java:331)
	at com.kms.katalon.core.main.TestCaseExecutor.doExecute(TestCaseExecutor.java:322)
	at com.kms.katalon.core.main.TestCaseExecutor.processExecutionPhase(TestCaseExecutor.java:301)
	at com.kms.katalon.core.main.TestCaseExecutor.accessMainPhase(TestCaseExecutor.java:293)
	at com.kms.katalon.core.main.TestCaseExecutor.execute(TestCaseExecutor.java:227)
	at com.kms.katalon.core.main.TestCaseMain.runTestCase(TestCaseMain.java:114)
	at com.kms.katalon.core.keyword.builtin.CallTestCaseKeyword$_callTestCase_closure1.doCall(CallTestCaseKeyword.groovy:59)
	at com.kms.katalon.core.keyword.builtin.CallTestCaseKeyword$_callTestCase_closure1.call(CallTestCaseKeyword.groovy)
	at com.kms.katalon.core.keyword.internal.KeywordMain.runKeyword(KeywordMain.groovy:66)
	at com.kms.katalon.core.keyword.builtin.CallTestCaseKeyword.callTestCase(CallTestCaseKeyword.groovy:81)
	at com.kms.katalon.core.keyword.builtin.CallTestCaseKeyword.execute(CallTestCaseKeyword.groovy:44)
	at com.kms.katalon.core.keyword.internal.KeywordExecutor.executeKeywordForPlatform(KeywordExecutor.groovy:56)
	at com.kms.katalon.core.keyword.BuiltinKeywords.callTestCase(BuiltinKeywords.groovy:334)
	at Script1534145755369.run(Script1534145755369.groovy:22)
	... 13 more


2019-04-11 16:13:27 - [TEST_CASE][FAILED] - Test Cases/s-sidebar_navigation/individualAccount/Login_Muzamil - Staging: Test Cases/s-sidebar_navigation/individualAccount/Login_Muzamil - Staging FAILED.
Reason:
com.kms.katalon.core.exception.StepFailedException: Unable to click on object 'Object Repository/Page_KiboEngage  Dashboard/h4_KIBOPUSH (2)'
	at com.kms.katalon.core.webui.keyword.internal.WebUIKeywordMain.stepFailed(WebUIKeywordMain.groovy:64)
	at com.kms.katalon.core.webui.keyword.internal.WebUIKeywordMain.runKeyword(WebUIKeywordMain.groovy:26)
	at com.kms.katalon.core.webui.keyword.builtin.ClickKeyword.click(ClickKeyword.groovy:86)
	at com.kms.katalon.core.webui.keyword.builtin.ClickKeyword.execute(ClickKeyword.groovy:67)
	at com.kms.katalon.core.keyword.internal.KeywordExecutor.executeKeywordForPlatform(KeywordExecutor.groovy:56)
	at com.kms.katalon.core.webui.keyword.WebUiBuiltInKeywords.click(WebUiBuiltInKeywords.groovy:616)
	at com.kms.katalon.core.webui.keyword.WebUiBuiltInKeywords$click$2.call(Unknown Source)
	at Login_Muzamil - Staging.run(Login_Muzamil - Staging:32)
	at com.kms.katalon.core.main.ScriptEngine.run(ScriptEngine.java:194)
	at com.kms.katalon.core.main.ScriptEngine.runScriptAsRawText(ScriptEngine.java:119)
	at com.kms.katalon.core.main.TestCaseExecutor.runScript(TestCaseExecutor.java:331)
	at com.kms.katalon.core.main.TestCaseExecutor.doExecute(TestCaseExecutor.java:322)
	at com.kms.katalon.core.main.TestCaseExecutor.processExecutionPhase(TestCaseExecutor.java:301)
	at com.kms.katalon.core.main.TestCaseExecutor.accessMainPhase(TestCaseExecutor.java:293)
	at com.kms.katalon.core.main.TestCaseExecutor.execute(TestCaseExecutor.java:227)
	at com.kms.katalon.core.main.TestCaseMain.runTestCase(TestCaseMain.java:114)
	at com.kms.katalon.core.keyword.builtin.CallTestCaseKeyword$_callTestCase_closure1.doCall(CallTestCaseKeyword.groovy:59)
	at com.kms.katalon.core.keyword.builtin.CallTestCaseKeyword$_callTestCase_closure1.call(CallTestCaseKeyword.groovy)
	at com.kms.katalon.core.keyword.internal.KeywordMain.runKeyword(KeywordMain.groovy:66)
	at com.kms.katalon.core.keyword.builtin.CallTestCaseKeyword.callTestCase(CallTestCaseKeyword.groovy:81)
	at com.kms.katalon.core.keyword.builtin.CallTestCaseKeyword.execute(CallTestCaseKeyword.groovy:44)
	at com.kms.katalon.core.keyword.internal.KeywordExecutor.executeKeywordForPlatform(KeywordExecutor.groovy:56)
	at com.kms.katalon.core.keyword.BuiltinKeywords.callTestCase(BuiltinKeywords.groovy:334)
	at survey.run(survey:22)
	at com.kms.katalon.core.main.ScriptEngine.run(ScriptEngine.java:194)
	at com.kms.katalon.core.main.ScriptEngine.runScriptAsRawText(ScriptEngine.java:119)
	at com.kms.katalon.core.main.TestCaseExecutor.runScript(TestCaseExecutor.java:331)
	at com.kms.katalon.core.main.TestCaseExecutor.doExecute(TestCaseExecutor.java:322)
	at com.kms.katalon.core.main.TestCaseExecutor.processExecutionPhase(TestCaseExecutor.java:301)
	at com.kms.katalon.core.main.TestCaseExecutor.accessMainPhase(TestCaseExecutor.java:293)
	at com.kms.katalon.core.main.TestCaseExecutor.execute(TestCaseExecutor.java:227)
	at com.kms.katalon.core.main.TestCaseMain.runTestCase(TestCaseMain.java:114)
	at com.kms.katalon.core.keyword.builtin.CallTestCaseKeyword$_callTestCase_closure1.doCall(CallTestCaseKeyword.groovy:59)
	at com.kms.katalon.core.keyword.builtin.CallTestCaseKeyword$_callTestCase_closure1.call(CallTestCaseKeyword.groovy)
	at com.kms.katalon.core.keyword.internal.KeywordMain.runKeyword(KeywordMain.groovy:66)
	at com.kms.katalon.core.keyword.builtin.CallTestCaseKeyword.callTestCase(CallTestCaseKeyword.groovy:81)
	at com.kms.katalon.core.keyword.builtin.CallTestCaseKeyword.execute(CallTestCaseKeyword.groovy:44)
	at com.kms.katalon.core.keyword.internal.KeywordExecutor.executeKeywordForPlatform(KeywordExecutor.groovy:56)
	at com.kms.katalon.core.keyword.BuiltinKeywords.callTestCase(BuiltinKeywords.groovy:334)
	at TC0241.run(TC0241:22)
	at com.kms.katalon.core.main.ScriptEngine.run(ScriptEngine.java:194)
	at com.kms.katalon.core.main.ScriptEngine.runScriptAsRawText(ScriptEngine.java:119)
	at com.kms.katalon.core.main.TestCaseExecutor.runScript(TestCaseExecutor.java:331)
	at com.kms.katalon.core.main.TestCaseExecutor.doExecute(TestCaseExecutor.java:322)
	at com.kms.katalon.core.main.TestCaseExecutor.processExecutionPhase(TestCaseExecutor.java:301)
	at com.kms.katalon.core.main.TestCaseExecutor.accessMainPhase(TestCaseExecutor.java:293)
	at com.kms.katalon.core.main.TestCaseExecutor.execute(TestCaseExecutor.java:227)
	at com.kms.katalon.core.main.TestSuiteExecutor.accessTestCaseMainPhase(TestSuiteExecutor.java:129)
	at com.kms.katalon.core.main.TestSuiteExecutor.accessTestSuiteMainPhase(TestSuiteExecutor.java:112)
	at com.kms.katalon.core.main.TestSuiteExecutor.execute(TestSuiteExecutor.java:81)
	at com.kms.katalon.core.main.TestCaseMain.startTestSuite(TestCaseMain.java:157)
	at com.kms.katalon.core.main.TestCaseMain$startTestSuite$0.call(Unknown Source)
	at TempTestSuite1554979075443.run(TempTestSuite1554979075443.groovy:35)
Caused by: com.kms.katalon.core.webui.exception.WebElementNotFoundException: Web element with id: 'Object Repository/Page_KiboEngage  Dashboard/h4_KIBOPUSH (2)' located by 'By.xpath: //h4[(text() = 'KIBOPUSH' or . = 'KIBOPUSH')]' not found
	at com.kms.katalon.core.webui.common.WebUiCommonHelper.findWebElement(WebUiCommonHelper.java:1053)
	at com.kms.katalon.core.webui.keyword.internal.WebUIAbstractKeyword.findWebElement(WebUIAbstractKeyword.groovy:27)
	at com.kms.katalon.core.webui.keyword.internal.WebUIAbstractKeyword.findWebElement(WebUIAbstractKeyword.groovy:26)
	at com.kms.katalon.core.webui.keyword.builtin.ClickKeyword$_click_closure1.doCall(ClickKeyword.groovy:77)
	at com.kms.katalon.core.webui.keyword.builtin.ClickKeyword$_click_closure1.call(ClickKeyword.groovy)
	at com.kms.katalon.core.webui.keyword.internal.WebUIKeywordMain.runKeyword(WebUIKeywordMain.groovy:20)
	at com.kms.katalon.core.webui.keyword.builtin.ClickKeyword.click(ClickKeyword.groovy:86)
	at com.kms.katalon.core.webui.keyword.builtin.ClickKeyword.execute(ClickKeyword.groovy:67)
	at com.kms.katalon.core.keyword.internal.KeywordExecutor.executeKeywordForPlatform(KeywordExecutor.groovy:56)
	at com.kms.katalon.core.webui.keyword.WebUiBuiltInKeywords.click(WebUiBuiltInKeywords.groovy:616)
	at com.kms.katalon.core.webui.keyword.WebUiBuiltInKeywords$click$2.call(Unknown Source)
	at Script1554793368347.run(Script1554793368347.groovy:32)
	at com.kms.katalon.core.main.ScriptEngine.run(ScriptEngine.java:194)
	at com.kms.katalon.core.main.ScriptEngine.runScriptAsRawText(ScriptEngine.java:119)
	at com.kms.katalon.core.main.TestCaseExecutor.runScript(TestCaseExecutor.java:331)
	at com.kms.katalon.core.main.TestCaseExecutor.doExecute(TestCaseExecutor.java:322)
	at com.kms.katalon.core.main.TestCaseExecutor.processExecutionPhase(TestCaseExecutor.java:301)
	at com.kms.katalon.core.main.TestCaseExecutor.accessMainPhase(TestCaseExecutor.java:293)
	at com.kms.katalon.core.main.TestCaseExecutor.execute(TestCaseExecutor.java:227)
	at com.kms.katalon.core.main.TestCaseMain.runTestCase(TestCaseMain.java:114)
	at com.kms.katalon.core.keyword.builtin.CallTestCaseKeyword$_callTestCase_closure1.doCall(CallTestCaseKeyword.groovy:59)
	at com.kms.katalon.core.keyword.builtin.CallTestCaseKeyword$_callTestCase_closure1.call(CallTestCaseKeyword.groovy)
	at com.kms.katalon.core.keyword.internal.KeywordMain.runKeyword(KeywordMain.groovy:66)
	at com.kms.katalon.core.keyword.builtin.CallTestCaseKeyword.callTestCase(CallTestCaseKeyword.groovy:81)
	at com.kms.katalon.core.keyword.builtin.CallTestCaseKeyword.execute(CallTestCaseKeyword.groovy:44)
	at com.kms.katalon.core.keyword.internal.KeywordExecutor.executeKeywordForPlatform(KeywordExecutor.groovy:56)
	at com.kms.katalon.core.keyword.BuiltinKeywords.callTestCase(BuiltinKeywords.groovy:334)
	at Script1537021633891.run(Script1537021633891.groovy:22)
	at com.kms.katalon.core.main.ScriptEngine.run(ScriptEngine.java:194)
	at com.kms.katalon.core.main.ScriptEngine.runScriptAsRawText(ScriptEngine.java:119)
	at com.kms.katalon.core.main.TestCaseExecutor.runScript(TestCaseExecutor.java:331)
	at com.kms.katalon.core.main.TestCaseExecutor.doExecute(TestCaseExecutor.java:322)
	at com.kms.katalon.core.main.TestCaseExecutor.processExecutionPhase(TestCaseExecutor.java:301)
	at com.kms.katalon.core.main.TestCaseExecutor.accessMainPhase(TestCaseExecutor.java:293)
	at com.kms.katalon.core.main.TestCaseExecutor.execute(TestCaseExecutor.java:227)
	at com.kms.katalon.core.main.TestCaseMain.runTestCase(TestCaseMain.java:114)
	at com.kms.katalon.core.keyword.builtin.CallTestCaseKeyword$_callTestCase_closure1.doCall(CallTestCaseKeyword.groovy:59)
	at com.kms.katalon.core.keyword.builtin.CallTestCaseKeyword$_callTestCase_closure1.call(CallTestCaseKeyword.groovy)
	at com.kms.katalon.core.keyword.internal.KeywordMain.runKeyword(KeywordMain.groovy:66)
	at com.kms.katalon.core.keyword.builtin.CallTestCaseKeyword.callTestCase(CallTestCaseKeyword.groovy:81)
	at com.kms.katalon.core.keyword.builtin.CallTestCaseKeyword.execute(CallTestCaseKeyword.groovy:44)
	at com.kms.katalon.core.keyword.internal.KeywordExecutor.executeKeywordForPlatform(KeywordExecutor.groovy:56)
	at com.kms.katalon.core.keyword.BuiltinKeywords.callTestCase(BuiltinKeywords.groovy:334)
	at Script1534145755369.run(Script1534145755369.groovy:22)
	... 13 more


2019-04-11 16:13:27 - [TEST_STEP][PASSED] - openBrowser(""): Browser is opened with url: ''

2019-04-11 16:13:27 - [MESSAGE][WARNING] - A browser is already opened. Closing browser and opening a new one

2019-04-11 16:13:28 - [MESSAGE][INFO] - Starting 'Chrome' driver

2019-04-11 16:13:28 - [MESSAGE][PASSED] - Browser is opened with url: ''

2019-04-11 16:13:28 - [TEST_STEP][PASSED] - maximizeWindow(): Current window maximized

2019-04-11 16:13:28 - [MESSAGE][PASSED] - Current window maximized

2019-04-11 16:13:28 - [TEST_STEP][PASSED] - navigateToUrl("https://saccounts.cloudkibo.com/?continue=https://skiboengage.cloudkibo.com"): Navigate to 'https://saccounts.cloudkibo.com/?continue=https://skiboengage.cloudkibo.com' successfully

2019-04-11 16:13:42 - [MESSAGE][PASSED] - Navigate to 'https://saccounts.cloudkibo.com/?continue=https://skiboengage.cloudkibo.com' successfully

2019-04-11 16:13:42 - [TEST_STEP][PASSED] - delay(2): Delayed 2 second(s)

2019-04-11 16:13:44 - [MESSAGE][PASSED] - Delayed 2 second(s)

2019-04-11 16:13:44 - [TEST_STEP][PASSED] - click(findTestObject("Page_CloudKibo/a_Login (4)")): Object: 'Object Repository/Page_CloudKibo/a_Login (4)' is clicked on

2019-04-11 16:13:45 - [MESSAGE][PASSED] - Object: 'Object Repository/Page_CloudKibo/a_Login (4)' is clicked on

2019-04-11 16:13:45 - [TEST_STEP][PASSED] - setText(findTestObject("Page_CloudKibo/input_Sign In_email (3)"), "muzamil.bukhari.39@gmail.com"): Text 'muzamil.bukhari.39@gmail.com' is set on object 'Object Repository/Page_CloudKibo/input_Sign In_email (3)'

2019-04-11 16:13:46 - [MESSAGE][PASSED] - Text 'muzamil.bukhari.39@gmail.com' is set on object 'Object Repository/Page_CloudKibo/input_Sign In_email (3)'

2019-04-11 16:13:46 - [TEST_STEP][PASSED] - setEncryptedText(findTestObject("Page_CloudKibo/input_Sign In_password (3)"), "ZOMPkeJIpHVS6OGLcNHjig=="): Text ****** has been set on object 'Object Repository/Page_CloudKibo/input_Sign In_password (3)'

2019-04-11 16:13:46 - [MESSAGE][PASSED] - Text ****** has been set on object 'Object Repository/Page_CloudKibo/input_Sign In_password (3)'

2019-04-11 16:13:46 - [TEST_STEP][PASSED] - click(findTestObject("Page_CloudKibo/button_Sign In (7)")): Object: 'Object Repository/Page_CloudKibo/button_Sign In (7)' is clicked on

2019-04-11 16:13:46 - [MESSAGE][PASSED] - Object: 'Object Repository/Page_CloudKibo/button_Sign In (7)' is clicked on

2019-04-11 16:13:46 - [TEST_STEP][FAILED] - click(findTestObject("Page_KiboEngage  Dashboard/h4_KIBOPUSH (2)")): click(findTestObject("Page_KiboEngage  Dashboard/h4_KIBOPUSH (2)")) FAILED.
Reason:
com.kms.katalon.core.exception.StepFailedException: Unable to click on object 'Object Repository/Page_KiboEngage  Dashboard/h4_KIBOPUSH (2)'
	at com.kms.katalon.core.webui.keyword.internal.WebUIKeywordMain.stepFailed(WebUIKeywordMain.groovy:64)
	at com.kms.katalon.core.webui.keyword.internal.WebUIKeywordMain.runKeyword(WebUIKeywordMain.groovy:26)
	at com.kms.katalon.core.webui.keyword.builtin.ClickKeyword.click(ClickKeyword.groovy:86)
	at com.kms.katalon.core.webui.keyword.builtin.ClickKeyword.execute(ClickKeyword.groovy:67)
	at com.kms.katalon.core.keyword.internal.KeywordExecutor.executeKeywordForPlatform(KeywordExecutor.groovy:56)
	at com.kms.katalon.core.webui.keyword.WebUiBuiltInKeywords.click(WebUiBuiltInKeywords.groovy:616)
	at com.kms.katalon.core.webui.keyword.WebUiBuiltInKeywords$click$2.call(Unknown Source)
	at Login_Muzamil - Staging.run(Login_Muzamil - Staging:32)
	at com.kms.katalon.core.main.ScriptEngine.run(ScriptEngine.java:194)
	at com.kms.katalon.core.main.ScriptEngine.runScriptAsRawText(ScriptEngine.java:119)
	at com.kms.katalon.core.main.TestCaseExecutor.runScript(TestCaseExecutor.java:331)
	at com.kms.katalon.core.main.TestCaseExecutor.doExecute(TestCaseExecutor.java:322)
	at com.kms.katalon.core.main.TestCaseExecutor.processExecutionPhase(TestCaseExecutor.java:301)
	at com.kms.katalon.core.main.TestCaseExecutor.accessMainPhase(TestCaseExecutor.java:293)
	at com.kms.katalon.core.main.TestCaseExecutor.execute(TestCaseExecutor.java:227)
	at com.kms.katalon.core.main.TestCaseMain.runTestCase(TestCaseMain.java:114)
	at com.kms.katalon.core.keyword.builtin.CallTestCaseKeyword$_callTestCase_closure1.doCall(CallTestCaseKeyword.groovy:59)
	at com.kms.katalon.core.keyword.builtin.CallTestCaseKeyword$_callTestCase_closure1.call(CallTestCaseKeyword.groovy)
	at com.kms.katalon.core.keyword.internal.KeywordMain.runKeyword(KeywordMain.groovy:66)
	at com.kms.katalon.core.keyword.builtin.CallTestCaseKeyword.callTestCase(CallTestCaseKeyword.groovy:81)
	at com.kms.katalon.core.keyword.builtin.CallTestCaseKeyword.execute(CallTestCaseKeyword.groovy:44)
	at com.kms.katalon.core.keyword.internal.KeywordExecutor.executeKeywordForPlatform(KeywordExecutor.groovy:56)
	at com.kms.katalon.core.keyword.BuiltinKeywords.callTestCase(BuiltinKeywords.groovy:334)
	at survey.run(survey:22)
	at com.kms.katalon.core.main.ScriptEngine.run(ScriptEngine.java:194)
	at com.kms.katalon.core.main.ScriptEngine.runScriptAsRawText(ScriptEngine.java:119)
	at com.kms.katalon.core.main.TestCaseExecutor.runScript(TestCaseExecutor.java:331)
	at com.kms.katalon.core.main.TestCaseExecutor.doExecute(TestCaseExecutor.java:322)
	at com.kms.katalon.core.main.TestCaseExecutor.processExecutionPhase(TestCaseExecutor.java:301)
	at com.kms.katalon.core.main.TestCaseExecutor.accessMainPhase(TestCaseExecutor.java:293)
	at com.kms.katalon.core.main.TestCaseExecutor.execute(TestCaseExecutor.java:227)
	at com.kms.katalon.core.main.TestCaseMain.runTestCase(TestCaseMain.java:114)
	at com.kms.katalon.core.keyword.builtin.CallTestCaseKeyword$_callTestCase_closure1.doCall(CallTestCaseKeyword.groovy:59)
	at com.kms.katalon.core.keyword.builtin.CallTestCaseKeyword$_callTestCase_closure1.call(CallTestCaseKeyword.groovy)
	at com.kms.katalon.core.keyword.internal.KeywordMain.runKeyword(KeywordMain.groovy:66)
	at com.kms.katalon.core.keyword.builtin.CallTestCaseKeyword.callTestCase(CallTestCaseKeyword.groovy:81)
	at com.kms.katalon.core.keyword.builtin.CallTestCaseKeyword.execute(CallTestCaseKeyword.groovy:44)
	at com.kms.katalon.core.keyword.internal.KeywordExecutor.executeKeywordForPlatform(KeywordExecutor.groovy:56)
	at com.kms.katalon.core.keyword.BuiltinKeywords.callTestCase(BuiltinKeywords.groovy:334)
	at TC0241.run(TC0241:22)
	at com.kms.katalon.core.main.ScriptEngine.run(ScriptEngine.java:194)
	at com.kms.katalon.core.main.ScriptEngine.runScriptAsRawText(ScriptEngine.java:119)
	at com.kms.katalon.core.main.TestCaseExecutor.runScript(TestCaseExecutor.java:331)
	at com.kms.katalon.core.main.TestCaseExecutor.doExecute(TestCaseExecutor.java:322)
	at com.kms.katalon.core.main.TestCaseExecutor.processExecutionPhase(TestCaseExecutor.java:301)
	at com.kms.katalon.core.main.TestCaseExecutor.accessMainPhase(TestCaseExecutor.java:293)
	at com.kms.katalon.core.main.TestCaseExecutor.execute(TestCaseExecutor.java:227)
	at com.kms.katalon.core.main.TestSuiteExecutor.accessTestCaseMainPhase(TestSuiteExecutor.java:129)
	at com.kms.katalon.core.main.TestSuiteExecutor.accessTestSuiteMainPhase(TestSuiteExecutor.java:112)
	at com.kms.katalon.core.main.TestSuiteExecutor.execute(TestSuiteExecutor.java:81)
	at com.kms.katalon.core.main.TestCaseMain.startTestSuite(TestCaseMain.java:157)
	at com.kms.katalon.core.main.TestCaseMain$startTestSuite$0.call(Unknown Source)
	at TempTestSuite1554979075443.run(TempTestSuite1554979075443.groovy:35)
Caused by: com.kms.katalon.core.webui.exception.WebElementNotFoundException: Web element with id: 'Object Repository/Page_KiboEngage  Dashboard/h4_KIBOPUSH (2)' located by 'By.xpath: //h4[(text() = 'KIBOPUSH' or . = 'KIBOPUSH')]' not found
	at com.kms.katalon.core.webui.common.WebUiCommonHelper.findWebElement(WebUiCommonHelper.java:1053)
	at com.kms.katalon.core.webui.keyword.internal.WebUIAbstractKeyword.findWebElement(WebUIAbstractKeyword.groovy:27)
	at com.kms.katalon.core.webui.keyword.internal.WebUIAbstractKeyword.findWebElement(WebUIAbstractKeyword.groovy:26)
	at com.kms.katalon.core.webui.keyword.builtin.ClickKeyword$_click_closure1.doCall(ClickKeyword.groovy:77)
	at com.kms.katalon.core.webui.keyword.builtin.ClickKeyword$_click_closure1.call(ClickKeyword.groovy)
	at com.kms.katalon.core.webui.keyword.internal.WebUIKeywordMain.runKeyword(WebUIKeywordMain.groovy:20)
	at com.kms.katalon.core.webui.keyword.builtin.ClickKeyword.click(ClickKeyword.groovy:86)
	at com.kms.katalon.core.webui.keyword.builtin.ClickKeyword.execute(ClickKeyword.groovy:67)
	at com.kms.katalon.core.keyword.internal.KeywordExecutor.executeKeywordForPlatform(KeywordExecutor.groovy:56)
	at com.kms.katalon.core.webui.keyword.WebUiBuiltInKeywords.click(WebUiBuiltInKeywords.groovy:616)
	at com.kms.katalon.core.webui.keyword.WebUiBuiltInKeywords$click$2.call(Unknown Source)
	at Script1554793368347.run(Script1554793368347.groovy:32)
	at com.kms.katalon.core.main.ScriptEngine.run(ScriptEngine.java:194)
	at com.kms.katalon.core.main.ScriptEngine.runScriptAsRawText(ScriptEngine.java:119)
	at com.kms.katalon.core.main.TestCaseExecutor.runScript(TestCaseExecutor.java:331)
	at com.kms.katalon.core.main.TestCaseExecutor.doExecute(TestCaseExecutor.java:322)
	at com.kms.katalon.core.main.TestCaseExecutor.processExecutionPhase(TestCaseExecutor.java:301)
	at com.kms.katalon.core.main.TestCaseExecutor.accessMainPhase(TestCaseExecutor.java:293)
	at com.kms.katalon.core.main.TestCaseExecutor.execute(TestCaseExecutor.java:227)
	at com.kms.katalon.core.main.TestCaseMain.runTestCase(TestCaseMain.java:114)
	at com.kms.katalon.core.keyword.builtin.CallTestCaseKeyword$_callTestCase_closure1.doCall(CallTestCaseKeyword.groovy:59)
	at com.kms.katalon.core.keyword.builtin.CallTestCaseKeyword$_callTestCase_closure1.call(CallTestCaseKeyword.groovy)
	at com.kms.katalon.core.keyword.internal.KeywordMain.runKeyword(KeywordMain.groovy:66)
	at com.kms.katalon.core.keyword.builtin.CallTestCaseKeyword.callTestCase(CallTestCaseKeyword.groovy:81)
	at com.kms.katalon.core.keyword.builtin.CallTestCaseKeyword.execute(CallTestCaseKeyword.groovy:44)
	at com.kms.katalon.core.keyword.internal.KeywordExecutor.executeKeywordForPlatform(KeywordExecutor.groovy:56)
	at com.kms.katalon.core.keyword.BuiltinKeywords.callTestCase(BuiltinKeywords.groovy:334)
	at Script1537021633891.run(Script1537021633891.groovy:22)
	at com.kms.katalon.core.main.ScriptEngine.run(ScriptEngine.java:194)
	at com.kms.katalon.core.main.ScriptEngine.runScriptAsRawText(ScriptEngine.java:119)
	at com.kms.katalon.core.main.TestCaseExecutor.runScript(TestCaseExecutor.java:331)
	at com.kms.katalon.core.main.TestCaseExecutor.doExecute(TestCaseExecutor.java:322)
	at com.kms.katalon.core.main.TestCaseExecutor.processExecutionPhase(TestCaseExecutor.java:301)
	at com.kms.katalon.core.main.TestCaseExecutor.accessMainPhase(TestCaseExecutor.java:293)
	at com.kms.katalon.core.main.TestCaseExecutor.execute(TestCaseExecutor.java:227)
	at com.kms.katalon.core.main.TestCaseMain.runTestCase(TestCaseMain.java:114)
	at com.kms.katalon.core.keyword.builtin.CallTestCaseKeyword$_callTestCase_closure1.doCall(CallTestCaseKeyword.groovy:59)
	at com.kms.katalon.core.keyword.builtin.CallTestCaseKeyword$_callTestCase_closure1.call(CallTestCaseKeyword.groovy)
	at com.kms.katalon.core.keyword.internal.KeywordMain.runKeyword(KeywordMain.groovy:66)
	at com.kms.katalon.core.keyword.builtin.CallTestCaseKeyword.callTestCase(CallTestCaseKeyword.groovy:81)
	at com.kms.katalon.core.keyword.builtin.CallTestCaseKeyword.execute(CallTestCaseKeyword.groovy:44)
	at com.kms.katalon.core.keyword.internal.KeywordExecutor.executeKeywordForPlatform(KeywordExecutor.groovy:56)
	at com.kms.katalon.core.keyword.BuiltinKeywords.callTestCase(BuiltinKeywords.groovy:334)
	at Script1534145755369.run(Script1534145755369.groovy:22)
	... 13 more


2019-04-11 16:14:31 - [MESSAGE][INFO] - Unable to find the element located by 'By.xpath: //h4[(text() = 'KIBOPUSH' or . = 'KIBOPUSH')]'. Please recheck the objects properties to make sure the desired element is located. 

2019-04-11 16:14:31 - [MESSAGE][FAILED] - Unable to click on object 'Object Repository/Page_KiboEngage  Dashboard/h4_KIBOPUSH (2)' (Root cause: com.kms.katalon.core.exception.StepFailedException: Unable to click on object 'Object Repository/Page_KiboEngage  Dashboard/h4_KIBOPUSH (2)'
	at com.kms.katalon.core.webui.keyword.internal.WebUIKeywordMain.stepFailed(WebUIKeywordMain.groovy:64)
	at com.kms.katalon.core.webui.keyword.internal.WebUIKeywordMain.runKeyword(WebUIKeywordMain.groovy:26)
	at com.kms.katalon.core.webui.keyword.builtin.ClickKeyword.click(ClickKeyword.groovy:86)
	at com.kms.katalon.core.webui.keyword.builtin.ClickKeyword.execute(ClickKeyword.groovy:67)
	at com.kms.katalon.core.keyword.internal.KeywordExecutor.executeKeywordForPlatform(KeywordExecutor.groovy:56)
	at com.kms.katalon.core.webui.keyword.WebUiBuiltInKeywords.click(WebUiBuiltInKeywords.groovy:616)
	at com.kms.katalon.core.webui.keyword.WebUiBuiltInKeywords$click$2.call(Unknown Source)
	at Login_Muzamil - Staging.run(Login_Muzamil - Staging:32)
	at com.kms.katalon.core.main.ScriptEngine.run(ScriptEngine.java:194)
	at com.kms.katalon.core.main.ScriptEngine.runScriptAsRawText(ScriptEngine.java:119)
	at com.kms.katalon.core.main.TestCaseExecutor.runScript(TestCaseExecutor.java:331)
	at com.kms.katalon.core.main.TestCaseExecutor.doExecute(TestCaseExecutor.java:322)
	at com.kms.katalon.core.main.TestCaseExecutor.processExecutionPhase(TestCaseExecutor.java:301)
	at com.kms.katalon.core.main.TestCaseExecutor.accessMainPhase(TestCaseExecutor.java:293)
	at com.kms.katalon.core.main.TestCaseExecutor.execute(TestCaseExecutor.java:227)
	at com.kms.katalon.core.main.TestCaseMain.runTestCase(TestCaseMain.java:114)
	at com.kms.katalon.core.keyword.builtin.CallTestCaseKeyword$_callTestCase_closure1.doCall(CallTestCaseKeyword.groovy:59)
	at com.kms.katalon.core.keyword.builtin.CallTestCaseKeyword$_callTestCase_closure1.call(CallTestCaseKeyword.groovy)
	at com.kms.katalon.core.keyword.internal.KeywordMain.runKeyword(KeywordMain.groovy:66)
	at com.kms.katalon.core.keyword.builtin.CallTestCaseKeyword.callTestCase(CallTestCaseKeyword.groovy:81)
	at com.kms.katalon.core.keyword.builtin.CallTestCaseKeyword.execute(CallTestCaseKeyword.groovy:44)
	at com.kms.katalon.core.keyword.internal.KeywordExecutor.executeKeywordForPlatform(KeywordExecutor.groovy:56)
	at com.kms.katalon.core.keyword.BuiltinKeywords.callTestCase(BuiltinKeywords.groovy:334)
	at survey.run(survey:22)
	at com.kms.katalon.core.main.ScriptEngine.run(ScriptEngine.java:194)
	at com.kms.katalon.core.main.ScriptEngine.runScriptAsRawText(ScriptEngine.java:119)
	at com.kms.katalon.core.main.TestCaseExecutor.runScript(TestCaseExecutor.java:331)
	at com.kms.katalon.core.main.TestCaseExecutor.doExecute(TestCaseExecutor.java:322)
	at com.kms.katalon.core.main.TestCaseExecutor.processExecutionPhase(TestCaseExecutor.java:301)
	at com.kms.katalon.core.main.TestCaseExecutor.accessMainPhase(TestCaseExecutor.java:293)
	at com.kms.katalon.core.main.TestCaseExecutor.execute(TestCaseExecutor.java:227)
	at com.kms.katalon.core.main.TestCaseMain.runTestCase(TestCaseMain.java:114)
	at com.kms.katalon.core.keyword.builtin.CallTestCaseKeyword$_callTestCase_closure1.doCall(CallTestCaseKeyword.groovy:59)
	at com.kms.katalon.core.keyword.builtin.CallTestCaseKeyword$_callTestCase_closure1.call(CallTestCaseKeyword.groovy)
	at com.kms.katalon.core.keyword.internal.KeywordMain.runKeyword(KeywordMain.groovy:66)
	at com.kms.katalon.core.keyword.builtin.CallTestCaseKeyword.callTestCase(CallTestCaseKeyword.groovy:81)
	at com.kms.katalon.core.keyword.builtin.CallTestCaseKeyword.execute(CallTestCaseKeyword.groovy:44)
	at com.kms.katalon.core.keyword.internal.KeywordExecutor.executeKeywordForPlatform(KeywordExecutor.groovy:56)
	at com.kms.katalon.core.keyword.BuiltinKeywords.callTestCase(BuiltinKeywords.groovy:334)
	at TC0241.run(TC0241:22)
	at com.kms.katalon.core.main.ScriptEngine.run(ScriptEngine.java:194)
	at com.kms.katalon.core.main.ScriptEngine.runScriptAsRawText(ScriptEngine.java:119)
	at com.kms.katalon.core.main.TestCaseExecutor.runScript(TestCaseExecutor.java:331)
	at com.kms.katalon.core.main.TestCaseExecutor.doExecute(TestCaseExecutor.java:322)
	at com.kms.katalon.core.main.TestCaseExecutor.processExecutionPhase(TestCaseExecutor.java:301)
	at com.kms.katalon.core.main.TestCaseExecutor.accessMainPhase(TestCaseExecutor.java:293)
	at com.kms.katalon.core.main.TestCaseExecutor.execute(TestCaseExecutor.java:227)
	at com.kms.katalon.core.main.TestSuiteExecutor.accessTestCaseMainPhase(TestSuiteExecutor.java:129)
	at com.kms.katalon.core.main.TestSuiteExecutor.accessTestSuiteMainPhase(TestSuiteExecutor.java:112)
	at com.kms.katalon.core.main.TestSuiteExecutor.execute(TestSuiteExecutor.java:81)
	at com.kms.katalon.core.main.TestCaseMain.startTestSuite(TestCaseMain.java:157)
	at com.kms.katalon.core.main.TestCaseMain$startTestSuite$0.call(Unknown Source)
	at TempTestSuite1554979075443.run(TempTestSuite1554979075443.groovy:35)
Caused by: com.kms.katalon.core.webui.exception.WebElementNotFoundException: Web element with id: 'Object Repository/Page_KiboEngage  Dashboard/h4_KIBOPUSH (2)' located by 'By.xpath: //h4[(text() = 'KIBOPUSH' or . = 'KIBOPUSH')]' not found
	at com.kms.katalon.core.webui.common.WebUiCommonHelper.findWebElement(WebUiCommonHelper.java:1053)
	at com.kms.katalon.core.webui.keyword.internal.WebUIAbstractKeyword.findWebElement(WebUIAbstractKeyword.groovy:27)
	at com.kms.katalon.core.webui.keyword.internal.WebUIAbstractKeyword.findWebElement(WebUIAbstractKeyword.groovy:26)
	at com.kms.katalon.core.webui.keyword.builtin.ClickKeyword$_click_closure1.doCall(ClickKeyword.groovy:77)
	at com.kms.katalon.core.webui.keyword.builtin.ClickKeyword$_click_closure1.call(ClickKeyword.groovy)
	at com.kms.katalon.core.webui.keyword.internal.WebUIKeywordMain.runKeyword(WebUIKeywordMain.groovy:20)
	at com.kms.katalon.core.webui.keyword.builtin.ClickKeyword.click(ClickKeyword.groovy:86)
	at com.kms.katalon.core.webui.keyword.builtin.ClickKeyword.execute(ClickKeyword.groovy:67)
	at com.kms.katalon.core.keyword.internal.KeywordExecutor.executeKeywordForPlatform(KeywordExecutor.groovy:56)
	at com.kms.katalon.core.webui.keyword.WebUiBuiltInKeywords.click(WebUiBuiltInKeywords.groovy:616)
	at com.kms.katalon.core.webui.keyword.WebUiBuiltInKeywords$click$2.call(Unknown Source)
	at Script1554793368347.run(Script1554793368347.groovy:32)
	at com.kms.katalon.core.main.ScriptEngine.run(ScriptEngine.java:194)
	at com.kms.katalon.core.main.ScriptEngine.runScriptAsRawText(ScriptEngine.java:119)
	at com.kms.katalon.core.main.TestCaseExecutor.runScript(TestCaseExecutor.java:331)
	at com.kms.katalon.core.main.TestCaseExecutor.doExecute(TestCaseExecutor.java:322)
	at com.kms.katalon.core.main.TestCaseExecutor.processExecutionPhase(TestCaseExecutor.java:301)
	at com.kms.katalon.core.main.TestCaseExecutor.accessMainPhase(TestCaseExecutor.java:293)
	at com.kms.katalon.core.main.TestCaseExecutor.execute(TestCaseExecutor.java:227)
	at com.kms.katalon.core.main.TestCaseMain.runTestCase(TestCaseMain.java:114)
	at com.kms.katalon.core.keyword.builtin.CallTestCaseKeyword$_callTestCase_closure1.doCall(CallTestCaseKeyword.groovy:59)
	at com.kms.katalon.core.keyword.builtin.CallTestCaseKeyword$_callTestCase_closure1.call(CallTestCaseKeyword.groovy)
	at com.kms.katalon.core.keyword.internal.KeywordMain.runKeyword(KeywordMain.groovy:66)
	at com.kms.katalon.core.keyword.builtin.CallTestCaseKeyword.callTestCase(CallTestCaseKeyword.groovy:81)
	at com.kms.katalon.core.keyword.builtin.CallTestCaseKeyword.execute(CallTestCaseKeyword.groovy:44)
	at com.kms.katalon.core.keyword.internal.KeywordExecutor.executeKeywordForPlatform(KeywordExecutor.groovy:56)
	at com.kms.katalon.core.keyword.BuiltinKeywords.callTestCase(BuiltinKeywords.groovy:334)
	at Script1537021633891.run(Script1537021633891.groovy:22)
	at com.kms.katalon.core.main.ScriptEngine.run(ScriptEngine.java:194)
	at com.kms.katalon.core.main.ScriptEngine.runScriptAsRawText(ScriptEngine.java:119)
	at com.kms.katalon.core.main.TestCaseExecutor.runScript(TestCaseExecutor.java:331)
	at com.kms.katalon.core.main.TestCaseExecutor.doExecute(TestCaseExecutor.java:322)
	at com.kms.katalon.core.main.TestCaseExecutor.processExecutionPhase(TestCaseExecutor.java:301)
	at com.kms.katalon.core.main.TestCaseExecutor.accessMainPhase(TestCaseExecutor.java:293)
	at com.kms.katalon.core.main.TestCaseExecutor.execute(TestCaseExecutor.java:227)
	at com.kms.katalon.core.main.TestCaseMain.runTestCase(TestCaseMain.java:114)
	at com.kms.katalon.core.keyword.builtin.CallTestCaseKeyword$_callTestCase_closure1.doCall(CallTestCaseKeyword.groovy:59)
	at com.kms.katalon.core.keyword.builtin.CallTestCaseKeyword$_callTestCase_closure1.call(CallTestCaseKeyword.groovy)
	at com.kms.katalon.core.keyword.internal.KeywordMain.runKeyword(KeywordMain.groovy:66)
	at com.kms.katalon.core.keyword.builtin.CallTestCaseKeyword.callTestCase(CallTestCaseKeyword.groovy:81)
	at com.kms.katalon.core.keyword.builtin.CallTestCaseKeyword.execute(CallTestCaseKeyword.groovy:44)
	at com.kms.katalon.core.keyword.internal.KeywordExecutor.executeKeywordForPlatform(KeywordExecutor.groovy:56)
	at com.kms.katalon.core.keyword.BuiltinKeywords.callTestCase(BuiltinKeywords.groovy:334)
	at Script1534145755369.run(Script1534145755369.groovy:22)
	... 13 more
)
[[ATTACHMENT|/home/cloudkibo-muzamil/Downloads/Test cases/production/KiboPush/Reports/survey/20190411_153755/1554981271831.png]]

2019-04-11 16:14:31 - [MESSAGE][FAILED] - click(findTestObject("Page_KiboEngage  Dashboard/h4_KIBOPUSH (2)")) FAILED.
Reason:
com.kms.katalon.core.exception.StepFailedException: Unable to click on object 'Object Repository/Page_KiboEngage  Dashboard/h4_KIBOPUSH (2)'
	at com.kms.katalon.core.webui.keyword.internal.WebUIKeywordMain.stepFailed(WebUIKeywordMain.groovy:64)
	at com.kms.katalon.core.webui.keyword.internal.WebUIKeywordMain.runKeyword(WebUIKeywordMain.groovy:26)
	at com.kms.katalon.core.webui.keyword.builtin.ClickKeyword.click(ClickKeyword.groovy:86)
	at com.kms.katalon.core.webui.keyword.builtin.ClickKeyword.execute(ClickKeyword.groovy:67)
	at com.kms.katalon.core.keyword.internal.KeywordExecutor.executeKeywordForPlatform(KeywordExecutor.groovy:56)
	at com.kms.katalon.core.webui.keyword.WebUiBuiltInKeywords.click(WebUiBuiltInKeywords.groovy:616)
	at com.kms.katalon.core.webui.keyword.WebUiBuiltInKeywords$click$2.call(Unknown Source)
	at Login_Muzamil - Staging.run(Login_Muzamil - Staging:32)
	at com.kms.katalon.core.main.ScriptEngine.run(ScriptEngine.java:194)
	at com.kms.katalon.core.main.ScriptEngine.runScriptAsRawText(ScriptEngine.java:119)
	at com.kms.katalon.core.main.TestCaseExecutor.runScript(TestCaseExecutor.java:331)
	at com.kms.katalon.core.main.TestCaseExecutor.doExecute(TestCaseExecutor.java:322)
	at com.kms.katalon.core.main.TestCaseExecutor.processExecutionPhase(TestCaseExecutor.java:301)
	at com.kms.katalon.core.main.TestCaseExecutor.accessMainPhase(TestCaseExecutor.java:293)
	at com.kms.katalon.core.main.TestCaseExecutor.execute(TestCaseExecutor.java:227)
	at com.kms.katalon.core.main.TestCaseMain.runTestCase(TestCaseMain.java:114)
	at com.kms.katalon.core.keyword.builtin.CallTestCaseKeyword$_callTestCase_closure1.doCall(CallTestCaseKeyword.groovy:59)
	at com.kms.katalon.core.keyword.builtin.CallTestCaseKeyword$_callTestCase_closure1.call(CallTestCaseKeyword.groovy)
	at com.kms.katalon.core.keyword.internal.KeywordMain.runKeyword(KeywordMain.groovy:66)
	at com.kms.katalon.core.keyword.builtin.CallTestCaseKeyword.callTestCase(CallTestCaseKeyword.groovy:81)
	at com.kms.katalon.core.keyword.builtin.CallTestCaseKeyword.execute(CallTestCaseKeyword.groovy:44)
	at com.kms.katalon.core.keyword.internal.KeywordExecutor.executeKeywordForPlatform(KeywordExecutor.groovy:56)
	at com.kms.katalon.core.keyword.BuiltinKeywords.callTestCase(BuiltinKeywords.groovy:334)
	at survey.run(survey:22)
	at com.kms.katalon.core.main.ScriptEngine.run(ScriptEngine.java:194)
	at com.kms.katalon.core.main.ScriptEngine.runScriptAsRawText(ScriptEngine.java:119)
	at com.kms.katalon.core.main.TestCaseExecutor.runScript(TestCaseExecutor.java:331)
	at com.kms.katalon.core.main.TestCaseExecutor.doExecute(TestCaseExecutor.java:322)
	at com.kms.katalon.core.main.TestCaseExecutor.processExecutionPhase(TestCaseExecutor.java:301)
	at com.kms.katalon.core.main.TestCaseExecutor.accessMainPhase(TestCaseExecutor.java:293)
	at com.kms.katalon.core.main.TestCaseExecutor.execute(TestCaseExecutor.java:227)
	at com.kms.katalon.core.main.TestCaseMain.runTestCase(TestCaseMain.java:114)
	at com.kms.katalon.core.keyword.builtin.CallTestCaseKeyword$_callTestCase_closure1.doCall(CallTestCaseKeyword.groovy:59)
	at com.kms.katalon.core.keyword.builtin.CallTestCaseKeyword$_callTestCase_closure1.call(CallTestCaseKeyword.groovy)
	at com.kms.katalon.core.keyword.internal.KeywordMain.runKeyword(KeywordMain.groovy:66)
	at com.kms.katalon.core.keyword.builtin.CallTestCaseKeyword.callTestCase(CallTestCaseKeyword.groovy:81)
	at com.kms.katalon.core.keyword.builtin.CallTestCaseKeyword.execute(CallTestCaseKeyword.groovy:44)
	at com.kms.katalon.core.keyword.internal.KeywordExecutor.executeKeywordForPlatform(KeywordExecutor.groovy:56)
	at com.kms.katalon.core.keyword.BuiltinKeywords.callTestCase(BuiltinKeywords.groovy:334)
	at TC0241.run(TC0241:22)
	at com.kms.katalon.core.main.ScriptEngine.run(ScriptEngine.java:194)
	at com.kms.katalon.core.main.ScriptEngine.runScriptAsRawText(ScriptEngine.java:119)
	at com.kms.katalon.core.main.TestCaseExecutor.runScript(TestCaseExecutor.java:331)
	at com.kms.katalon.core.main.TestCaseExecutor.doExecute(TestCaseExecutor.java:322)
	at com.kms.katalon.core.main.TestCaseExecutor.processExecutionPhase(TestCaseExecutor.java:301)
	at com.kms.katalon.core.main.TestCaseExecutor.accessMainPhase(TestCaseExecutor.java:293)
	at com.kms.katalon.core.main.TestCaseExecutor.execute(TestCaseExecutor.java:227)
	at com.kms.katalon.core.main.TestSuiteExecutor.accessTestCaseMainPhase(TestSuiteExecutor.java:129)
	at com.kms.katalon.core.main.TestSuiteExecutor.accessTestSuiteMainPhase(TestSuiteExecutor.java:112)
	at com.kms.katalon.core.main.TestSuiteExecutor.execute(TestSuiteExecutor.java:81)
	at com.kms.katalon.core.main.TestCaseMain.startTestSuite(TestCaseMain.java:157)
	at com.kms.katalon.core.main.TestCaseMain$startTestSuite$0.call(Unknown Source)
	at TempTestSuite1554979075443.run(TempTestSuite1554979075443.groovy:35)
Caused by: com.kms.katalon.core.webui.exception.WebElementNotFoundException: Web element with id: 'Object Repository/Page_KiboEngage  Dashboard/h4_KIBOPUSH (2)' located by 'By.xpath: //h4[(text() = 'KIBOPUSH' or . = 'KIBOPUSH')]' not found
	at com.kms.katalon.core.webui.common.WebUiCommonHelper.findWebElement(WebUiCommonHelper.java:1053)
	at com.kms.katalon.core.webui.keyword.internal.WebUIAbstractKeyword.findWebElement(WebUIAbstractKeyword.groovy:27)
	at com.kms.katalon.core.webui.keyword.internal.WebUIAbstractKeyword.findWebElement(WebUIAbstractKeyword.groovy:26)
	at com.kms.katalon.core.webui.keyword.builtin.ClickKeyword$_click_closure1.doCall(ClickKeyword.groovy:77)
	at com.kms.katalon.core.webui.keyword.builtin.ClickKeyword$_click_closure1.call(ClickKeyword.groovy)
	at com.kms.katalon.core.webui.keyword.internal.WebUIKeywordMain.runKeyword(WebUIKeywordMain.groovy:20)
	at com.kms.katalon.core.webui.keyword.builtin.ClickKeyword.click(ClickKeyword.groovy:86)
	at com.kms.katalon.core.webui.keyword.builtin.ClickKeyword.execute(ClickKeyword.groovy:67)
	at com.kms.katalon.core.keyword.internal.KeywordExecutor.executeKeywordForPlatform(KeywordExecutor.groovy:56)
	at com.kms.katalon.core.webui.keyword.WebUiBuiltInKeywords.click(WebUiBuiltInKeywords.groovy:616)
	at com.kms.katalon.core.webui.keyword.WebUiBuiltInKeywords$click$2.call(Unknown Source)
	at Script1554793368347.run(Script1554793368347.groovy:32)
	at com.kms.katalon.core.main.ScriptEngine.run(ScriptEngine.java:194)
	at com.kms.katalon.core.main.ScriptEngine.runScriptAsRawText(ScriptEngine.java:119)
	at com.kms.katalon.core.main.TestCaseExecutor.runScript(TestCaseExecutor.java:331)
	at com.kms.katalon.core.main.TestCaseExecutor.doExecute(TestCaseExecutor.java:322)
	at com.kms.katalon.core.main.TestCaseExecutor.processExecutionPhase(TestCaseExecutor.java:301)
	at com.kms.katalon.core.main.TestCaseExecutor.accessMainPhase(TestCaseExecutor.java:293)
	at com.kms.katalon.core.main.TestCaseExecutor.execute(TestCaseExecutor.java:227)
	at com.kms.katalon.core.main.TestCaseMain.runTestCase(TestCaseMain.java:114)
	at com.kms.katalon.core.keyword.builtin.CallTestCaseKeyword$_callTestCase_closure1.doCall(CallTestCaseKeyword.groovy:59)
	at com.kms.katalon.core.keyword.builtin.CallTestCaseKeyword$_callTestCase_closure1.call(CallTestCaseKeyword.groovy)
	at com.kms.katalon.core.keyword.internal.KeywordMain.runKeyword(KeywordMain.groovy:66)
	at com.kms.katalon.core.keyword.builtin.CallTestCaseKeyword.callTestCase(CallTestCaseKeyword.groovy:81)
	at com.kms.katalon.core.keyword.builtin.CallTestCaseKeyword.execute(CallTestCaseKeyword.groovy:44)
	at com.kms.katalon.core.keyword.internal.KeywordExecutor.executeKeywordForPlatform(KeywordExecutor.groovy:56)
	at com.kms.katalon.core.keyword.BuiltinKeywords.callTestCase(BuiltinKeywords.groovy:334)
	at Script1537021633891.run(Script1537021633891.groovy:22)
	at com.kms.katalon.core.main.ScriptEngine.run(ScriptEngine.java:194)
	at com.kms.katalon.core.main.ScriptEngine.runScriptAsRawText(ScriptEngine.java:119)
	at com.kms.katalon.core.main.TestCaseExecutor.runScript(TestCaseExecutor.java:331)
	at com.kms.katalon.core.main.TestCaseExecutor.doExecute(TestCaseExecutor.java:322)
	at com.kms.katalon.core.main.TestCaseExecutor.processExecutionPhase(TestCaseExecutor.java:301)
	at com.kms.katalon.core.main.TestCaseExecutor.accessMainPhase(TestCaseExecutor.java:293)
	at com.kms.katalon.core.main.TestCaseExecutor.execute(TestCaseExecutor.java:227)
	at com.kms.katalon.core.main.TestCaseMain.runTestCase(TestCaseMain.java:114)
	at com.kms.katalon.core.keyword.builtin.CallTestCaseKeyword$_callTestCase_closure1.doCall(CallTestCaseKeyword.groovy:59)
	at com.kms.katalon.core.keyword.builtin.CallTestCaseKeyword$_callTestCase_closure1.call(CallTestCaseKeyword.groovy)
	at com.kms.katalon.core.keyword.internal.KeywordMain.runKeyword(KeywordMain.groovy:66)
	at com.kms.katalon.core.keyword.builtin.CallTestCaseKeyword.callTestCase(CallTestCaseKeyword.groovy:81)
	at com.kms.katalon.core.keyword.builtin.CallTestCaseKeyword.execute(CallTestCaseKeyword.groovy:44)
	at com.kms.katalon.core.keyword.internal.KeywordExecutor.executeKeywordForPlatform(KeywordExecutor.groovy:56)
	at com.kms.katalon.core.keyword.BuiltinKeywords.callTestCase(BuiltinKeywords.groovy:334)
	at Script1534145755369.run(Script1534145755369.groovy:22)
	... 13 more


2019-04-11 16:14:31 - [MESSAGE][FAILED] - Unable to call Test Case 'Test Cases/s-sidebar_navigation/individualAccount/Login_Muzamil - Staging' (Root cause: com.kms.katalon.core.exception.StepFailedException: Call Test Case 'Test Cases/s-sidebar_navigation/individualAccount/Login_Muzamil - Staging' failed
	at com.kms.katalon.core.keyword.builtin.CallTestCaseKeyword$_callTestCase_closure1.doCall(CallTestCaseKeyword.groovy:63)
	at com.kms.katalon.core.keyword.builtin.CallTestCaseKeyword$_callTestCase_closure1.call(CallTestCaseKeyword.groovy)
	at com.kms.katalon.core.keyword.internal.KeywordMain.runKeyword(KeywordMain.groovy:66)
	at com.kms.katalon.core.keyword.builtin.CallTestCaseKeyword.callTestCase(CallTestCaseKeyword.groovy:81)
	at com.kms.katalon.core.keyword.builtin.CallTestCaseKeyword.execute(CallTestCaseKeyword.groovy:44)
	at com.kms.katalon.core.keyword.internal.KeywordExecutor.executeKeywordForPlatform(KeywordExecutor.groovy:56)
	at com.kms.katalon.core.keyword.BuiltinKeywords.callTestCase(BuiltinKeywords.groovy:334)
	at survey.run(survey:22)
	at com.kms.katalon.core.main.ScriptEngine.run(ScriptEngine.java:194)
	at com.kms.katalon.core.main.ScriptEngine.runScriptAsRawText(ScriptEngine.java:119)
	at com.kms.katalon.core.main.TestCaseExecutor.runScript(TestCaseExecutor.java:331)
	at com.kms.katalon.core.main.TestCaseExecutor.doExecute(TestCaseExecutor.java:322)
	at com.kms.katalon.core.main.TestCaseExecutor.processExecutionPhase(TestCaseExecutor.java:301)
	at com.kms.katalon.core.main.TestCaseExecutor.accessMainPhase(TestCaseExecutor.java:293)
	at com.kms.katalon.core.main.TestCaseExecutor.execute(TestCaseExecutor.java:227)
	at com.kms.katalon.core.main.TestCaseMain.runTestCase(TestCaseMain.java:114)
	at com.kms.katalon.core.keyword.builtin.CallTestCaseKeyword$_callTestCase_closure1.doCall(CallTestCaseKeyword.groovy:59)
	at com.kms.katalon.core.keyword.builtin.CallTestCaseKeyword$_callTestCase_closure1.call(CallTestCaseKeyword.groovy)
	at com.kms.katalon.core.keyword.internal.KeywordMain.runKeyword(KeywordMain.groovy:66)
	at com.kms.katalon.core.keyword.builtin.CallTestCaseKeyword.callTestCase(CallTestCaseKeyword.groovy:81)
	at com.kms.katalon.core.keyword.builtin.CallTestCaseKeyword.execute(CallTestCaseKeyword.groovy:44)
	at com.kms.katalon.core.keyword.internal.KeywordExecutor.executeKeywordForPlatform(KeywordExecutor.groovy:56)
	at com.kms.katalon.core.keyword.BuiltinKeywords.callTestCase(BuiltinKeywords.groovy:334)
	at TC0241.run(TC0241:22)
	at com.kms.katalon.core.main.ScriptEngine.run(ScriptEngine.java:194)
	at com.kms.katalon.core.main.ScriptEngine.runScriptAsRawText(ScriptEngine.java:119)
	at com.kms.katalon.core.main.TestCaseExecutor.runScript(TestCaseExecutor.java:331)
	at com.kms.katalon.core.main.TestCaseExecutor.doExecute(TestCaseExecutor.java:322)
	at com.kms.katalon.core.main.TestCaseExecutor.processExecutionPhase(TestCaseExecutor.java:301)
	at com.kms.katalon.core.main.TestCaseExecutor.accessMainPhase(TestCaseExecutor.java:293)
	at com.kms.katalon.core.main.TestCaseExecutor.execute(TestCaseExecutor.java:227)
	at com.kms.katalon.core.main.TestSuiteExecutor.accessTestCaseMainPhase(TestSuiteExecutor.java:129)
	at com.kms.katalon.core.main.TestSuiteExecutor.accessTestSuiteMainPhase(TestSuiteExecutor.java:112)
	at com.kms.katalon.core.main.TestSuiteExecutor.execute(TestSuiteExecutor.java:81)
	at com.kms.katalon.core.main.TestCaseMain.startTestSuite(TestCaseMain.java:157)
	at com.kms.katalon.core.main.TestCaseMain$startTestSuite$0.call(Unknown Source)
	at TempTestSuite1554979075443.run(TempTestSuite1554979075443.groovy:35)
Caused by: com.kms.katalon.core.exception.StepFailedException: Unable to click on object 'Object Repository/Page_KiboEngage  Dashboard/h4_KIBOPUSH (2)'
	at com.kms.katalon.core.webui.keyword.internal.WebUIKeywordMain.stepFailed(WebUIKeywordMain.groovy:64)
	at com.kms.katalon.core.webui.keyword.internal.WebUIKeywordMain.runKeyword(WebUIKeywordMain.groovy:26)
	at com.kms.katalon.core.webui.keyword.builtin.ClickKeyword.click(ClickKeyword.groovy:86)
	at com.kms.katalon.core.webui.keyword.builtin.ClickKeyword.execute(ClickKeyword.groovy:67)
	at com.kms.katalon.core.keyword.internal.KeywordExecutor.executeKeywordForPlatform(KeywordExecutor.groovy:56)
	at com.kms.katalon.core.webui.keyword.WebUiBuiltInKeywords.click(WebUiBuiltInKeywords.groovy:616)
	at com.kms.katalon.core.webui.keyword.WebUiBuiltInKeywords$click$2.call(Unknown Source)
	at Login_Muzamil - Staging.run(Login_Muzamil - Staging:32)
	at com.kms.katalon.core.main.ScriptEngine.run(ScriptEngine.java:194)
	at com.kms.katalon.core.main.ScriptEngine.runScriptAsRawText(ScriptEngine.java:119)
	at com.kms.katalon.core.main.TestCaseExecutor.runScript(TestCaseExecutor.java:331)
	at com.kms.katalon.core.main.TestCaseExecutor.doExecute(TestCaseExecutor.java:322)
	at com.kms.katalon.core.main.TestCaseExecutor.processExecutionPhase(TestCaseExecutor.java:301)
	at com.kms.katalon.core.main.TestCaseExecutor.accessMainPhase(TestCaseExecutor.java:293)
	at com.kms.katalon.core.main.TestCaseExecutor.execute(TestCaseExecutor.java:227)
	at com.kms.katalon.core.main.TestCaseMain.runTestCase(TestCaseMain.java:114)
	at com.kms.katalon.core.keyword.builtin.CallTestCaseKeyword$_callTestCase_closure1.doCall(CallTestCaseKeyword.groovy:59)
	... 36 more
Caused by: com.kms.katalon.core.webui.exception.WebElementNotFoundException: Web element with id: 'Object Repository/Page_KiboEngage  Dashboard/h4_KIBOPUSH (2)' located by 'By.xpath: //h4[(text() = 'KIBOPUSH' or . = 'KIBOPUSH')]' not found
	at com.kms.katalon.core.webui.common.WebUiCommonHelper.findWebElement(WebUiCommonHelper.java:1053)
	at com.kms.katalon.core.webui.keyword.internal.WebUIAbstractKeyword.findWebElement(WebUIAbstractKeyword.groovy:27)
	at com.kms.katalon.core.webui.keyword.internal.WebUIAbstractKeyword.findWebElement(WebUIAbstractKeyword.groovy:26)
	at com.kms.katalon.core.webui.keyword.builtin.ClickKeyword$_click_closure1.doCall(ClickKeyword.groovy:77)
	at com.kms.katalon.core.webui.keyword.builtin.ClickKeyword$_click_closure1.call(ClickKeyword.groovy)
	at com.kms.katalon.core.webui.keyword.internal.WebUIKeywordMain.runKeyword(WebUIKeywordMain.groovy:20)
	at com.kms.katalon.core.webui.keyword.builtin.ClickKeyword.click(ClickKeyword.groovy:86)
	at com.kms.katalon.core.webui.keyword.builtin.ClickKeyword.execute(ClickKeyword.groovy:67)
	at com.kms.katalon.core.keyword.internal.KeywordExecutor.executeKeywordForPlatform(KeywordExecutor.groovy:56)
	at com.kms.katalon.core.webui.keyword.WebUiBuiltInKeywords.click(WebUiBuiltInKeywords.groovy:616)
	at com.kms.katalon.core.webui.keyword.WebUiBuiltInKeywords$click$2.call(Unknown Source)
	at Script1554793368347.run(Script1554793368347.groovy:32)
	at com.kms.katalon.core.main.ScriptEngine.run(ScriptEngine.java:194)
	at com.kms.katalon.core.main.ScriptEngine.runScriptAsRawText(ScriptEngine.java:119)
	at com.kms.katalon.core.main.TestCaseExecutor.runScript(TestCaseExecutor.java:331)
	at com.kms.katalon.core.main.TestCaseExecutor.doExecute(TestCaseExecutor.java:322)
	at com.kms.katalon.core.main.TestCaseExecutor.processExecutionPhase(TestCaseExecutor.java:301)
	at com.kms.katalon.core.main.TestCaseExecutor.accessMainPhase(TestCaseExecutor.java:293)
	at com.kms.katalon.core.main.TestCaseExecutor.execute(TestCaseExecutor.java:227)
	at com.kms.katalon.core.main.TestCaseMain.runTestCase(TestCaseMain.java:114)
	at com.kms.katalon.core.keyword.builtin.CallTestCaseKeyword$_callTestCase_closure1.doCall(CallTestCaseKeyword.groovy:59)
	at com.kms.katalon.core.keyword.builtin.CallTestCaseKeyword$_callTestCase_closure1.call(CallTestCaseKeyword.groovy)
	at com.kms.katalon.core.keyword.internal.KeywordMain.runKeyword(KeywordMain.groovy:66)
	at com.kms.katalon.core.keyword.builtin.CallTestCaseKeyword.callTestCase(CallTestCaseKeyword.groovy:81)
	at com.kms.katalon.core.keyword.builtin.CallTestCaseKeyword.execute(CallTestCaseKeyword.groovy:44)
	at com.kms.katalon.core.keyword.internal.KeywordExecutor.executeKeywordForPlatform(KeywordExecutor.groovy:56)
	at com.kms.katalon.core.keyword.BuiltinKeywords.callTestCase(BuiltinKeywords.groovy:334)
	at Script1537021633891.run(Script1537021633891.groovy:22)
	at com.kms.katalon.core.main.ScriptEngine.run(ScriptEngine.java:194)
	at com.kms.katalon.core.main.ScriptEngine.runScriptAsRawText(ScriptEngine.java:119)
	at com.kms.katalon.core.main.TestCaseExecutor.runScript(TestCaseExecutor.java:331)
	at com.kms.katalon.core.main.TestCaseExecutor.doExecute(TestCaseExecutor.java:322)
	at com.kms.katalon.core.main.TestCaseExecutor.processExecutionPhase(TestCaseExecutor.java:301)
	at com.kms.katalon.core.main.TestCaseExecutor.accessMainPhase(TestCaseExecutor.java:293)
	at com.kms.katalon.core.main.TestCaseExecutor.execute(TestCaseExecutor.java:227)
	at com.kms.katalon.core.main.TestCaseMain.runTestCase(TestCaseMain.java:114)
	at com.kms.katalon.core.keyword.builtin.CallTestCaseKeyword$_callTestCase_closure1.doCall(CallTestCaseKeyword.groovy:59)
	at com.kms.katalon.core.keyword.builtin.CallTestCaseKeyword$_callTestCase_closure1.call(CallTestCaseKeyword.groovy)
	at com.kms.katalon.core.keyword.internal.KeywordMain.runKeyword(KeywordMain.groovy:66)
	at com.kms.katalon.core.keyword.builtin.CallTestCaseKeyword.callTestCase(CallTestCaseKeyword.groovy:81)
	at com.kms.katalon.core.keyword.builtin.CallTestCaseKeyword.execute(CallTestCaseKeyword.groovy:44)
	at com.kms.katalon.core.keyword.internal.KeywordExecutor.executeKeywordForPlatform(KeywordExecutor.groovy:56)
	at com.kms.katalon.core.keyword.BuiltinKeywords.callTestCase(BuiltinKeywords.groovy:334)
	at Script1534145755369.run(Script1534145755369.groovy:22)
	... 13 more
)

2019-04-11 16:14:31 - [MESSAGE][FAILED] - callTestCase(findTestCase("s-sidebar_navigation/individualAccount/Login_Muzamil - Staging"), [:], STOP_ON_FAILURE) FAILED.
Reason:
com.kms.katalon.core.exception.StepFailedException: Call Test Case 'Test Cases/s-sidebar_navigation/individualAccount/Login_Muzamil - Staging' failed
	at com.kms.katalon.core.keyword.builtin.CallTestCaseKeyword$_callTestCase_closure1.doCall(CallTestCaseKeyword.groovy:63)
	at com.kms.katalon.core.keyword.builtin.CallTestCaseKeyword$_callTestCase_closure1.call(CallTestCaseKeyword.groovy)
	at com.kms.katalon.core.keyword.internal.KeywordMain.runKeyword(KeywordMain.groovy:66)
	at com.kms.katalon.core.keyword.builtin.CallTestCaseKeyword.callTestCase(CallTestCaseKeyword.groovy:81)
	at com.kms.katalon.core.keyword.builtin.CallTestCaseKeyword.execute(CallTestCaseKeyword.groovy:44)
	at com.kms.katalon.core.keyword.internal.KeywordExecutor.executeKeywordForPlatform(KeywordExecutor.groovy:56)
	at com.kms.katalon.core.keyword.BuiltinKeywords.callTestCase(BuiltinKeywords.groovy:334)
	at survey.run(survey:22)
	at com.kms.katalon.core.main.ScriptEngine.run(ScriptEngine.java:194)
	at com.kms.katalon.core.main.ScriptEngine.runScriptAsRawText(ScriptEngine.java:119)
	at com.kms.katalon.core.main.TestCaseExecutor.runScript(TestCaseExecutor.java:331)
	at com.kms.katalon.core.main.TestCaseExecutor.doExecute(TestCaseExecutor.java:322)
	at com.kms.katalon.core.main.TestCaseExecutor.processExecutionPhase(TestCaseExecutor.java:301)
	at com.kms.katalon.core.main.TestCaseExecutor.accessMainPhase(TestCaseExecutor.java:293)
	at com.kms.katalon.core.main.TestCaseExecutor.execute(TestCaseExecutor.java:227)
	at com.kms.katalon.core.main.TestCaseMain.runTestCase(TestCaseMain.java:114)
	at com.kms.katalon.core.keyword.builtin.CallTestCaseKeyword$_callTestCase_closure1.doCall(CallTestCaseKeyword.groovy:59)
	at com.kms.katalon.core.keyword.builtin.CallTestCaseKeyword$_callTestCase_closure1.call(CallTestCaseKeyword.groovy)
	at com.kms.katalon.core.keyword.internal.KeywordMain.runKeyword(KeywordMain.groovy:66)
	at com.kms.katalon.core.keyword.builtin.CallTestCaseKeyword.callTestCase(CallTestCaseKeyword.groovy:81)
	at com.kms.katalon.core.keyword.builtin.CallTestCaseKeyword.execute(CallTestCaseKeyword.groovy:44)
	at com.kms.katalon.core.keyword.internal.KeywordExecutor.executeKeywordForPlatform(KeywordExecutor.groovy:56)
	at com.kms.katalon.core.keyword.BuiltinKeywords.callTestCase(BuiltinKeywords.groovy:334)
	at TC0241.run(TC0241:22)
	at com.kms.katalon.core.main.ScriptEngine.run(ScriptEngine.java:194)
	at com.kms.katalon.core.main.ScriptEngine.runScriptAsRawText(ScriptEngine.java:119)
	at com.kms.katalon.core.main.TestCaseExecutor.runScript(TestCaseExecutor.java:331)
	at com.kms.katalon.core.main.TestCaseExecutor.doExecute(TestCaseExecutor.java:322)
	at com.kms.katalon.core.main.TestCaseExecutor.processExecutionPhase(TestCaseExecutor.java:301)
	at com.kms.katalon.core.main.TestCaseExecutor.accessMainPhase(TestCaseExecutor.java:293)
	at com.kms.katalon.core.main.TestCaseExecutor.execute(TestCaseExecutor.java:227)
	at com.kms.katalon.core.main.TestSuiteExecutor.accessTestCaseMainPhase(TestSuiteExecutor.java:129)
	at com.kms.katalon.core.main.TestSuiteExecutor.accessTestSuiteMainPhase(TestSuiteExecutor.java:112)
	at com.kms.katalon.core.main.TestSuiteExecutor.execute(TestSuiteExecutor.java:81)
	at com.kms.katalon.core.main.TestCaseMain.startTestSuite(TestCaseMain.java:157)
	at com.kms.katalon.core.main.TestCaseMain$startTestSuite$0.call(Unknown Source)
	at TempTestSuite1554979075443.run(TempTestSuite1554979075443.groovy:35)
Caused by: com.kms.katalon.core.exception.StepFailedException: Unable to click on object 'Object Repository/Page_KiboEngage  Dashboard/h4_KIBOPUSH (2)'
	at com.kms.katalon.core.webui.keyword.internal.WebUIKeywordMain.stepFailed(WebUIKeywordMain.groovy:64)
	at com.kms.katalon.core.webui.keyword.internal.WebUIKeywordMain.runKeyword(WebUIKeywordMain.groovy:26)
	at com.kms.katalon.core.webui.keyword.builtin.ClickKeyword.click(ClickKeyword.groovy:86)
	at com.kms.katalon.core.webui.keyword.builtin.ClickKeyword.execute(ClickKeyword.groovy:67)
	at com.kms.katalon.core.keyword.internal.KeywordExecutor.executeKeywordForPlatform(KeywordExecutor.groovy:56)
	at com.kms.katalon.core.webui.keyword.WebUiBuiltInKeywords.click(WebUiBuiltInKeywords.groovy:616)
	at com.kms.katalon.core.webui.keyword.WebUiBuiltInKeywords$click$2.call(Unknown Source)
	at Login_Muzamil - Staging.run(Login_Muzamil - Staging:32)
	at com.kms.katalon.core.main.ScriptEngine.run(ScriptEngine.java:194)
	at com.kms.katalon.core.main.ScriptEngine.runScriptAsRawText(ScriptEngine.java:119)
	at com.kms.katalon.core.main.TestCaseExecutor.runScript(TestCaseExecutor.java:331)
	at com.kms.katalon.core.main.TestCaseExecutor.doExecute(TestCaseExecutor.java:322)
	at com.kms.katalon.core.main.TestCaseExecutor.processExecutionPhase(TestCaseExecutor.java:301)
	at com.kms.katalon.core.main.TestCaseExecutor.accessMainPhase(TestCaseExecutor.java:293)
	at com.kms.katalon.core.main.TestCaseExecutor.execute(TestCaseExecutor.java:227)
	at com.kms.katalon.core.main.TestCaseMain.runTestCase(TestCaseMain.java:114)
	at com.kms.katalon.core.keyword.builtin.CallTestCaseKeyword$_callTestCase_closure1.doCall(CallTestCaseKeyword.groovy:59)
	... 36 more
Caused by: com.kms.katalon.core.webui.exception.WebElementNotFoundException: Web element with id: 'Object Repository/Page_KiboEngage  Dashboard/h4_KIBOPUSH (2)' located by 'By.xpath: //h4[(text() = 'KIBOPUSH' or . = 'KIBOPUSH')]' not found
	at com.kms.katalon.core.webui.common.WebUiCommonHelper.findWebElement(WebUiCommonHelper.java:1053)
	at com.kms.katalon.core.webui.keyword.internal.WebUIAbstractKeyword.findWebElement(WebUIAbstractKeyword.groovy:27)
	at com.kms.katalon.core.webui.keyword.internal.WebUIAbstractKeyword.findWebElement(WebUIAbstractKeyword.groovy:26)
	at com.kms.katalon.core.webui.keyword.builtin.ClickKeyword$_click_closure1.doCall(ClickKeyword.groovy:77)
	at com.kms.katalon.core.webui.keyword.builtin.ClickKeyword$_click_closure1.call(ClickKeyword.groovy)
	at com.kms.katalon.core.webui.keyword.internal.WebUIKeywordMain.runKeyword(WebUIKeywordMain.groovy:20)
	at com.kms.katalon.core.webui.keyword.builtin.ClickKeyword.click(ClickKeyword.groovy:86)
	at com.kms.katalon.core.webui.keyword.builtin.ClickKeyword.execute(ClickKeyword.groovy:67)
	at com.kms.katalon.core.keyword.internal.KeywordExecutor.executeKeywordForPlatform(KeywordExecutor.groovy:56)
	at com.kms.katalon.core.webui.keyword.WebUiBuiltInKeywords.click(WebUiBuiltInKeywords.groovy:616)
	at com.kms.katalon.core.webui.keyword.WebUiBuiltInKeywords$click$2.call(Unknown Source)
	at Script1554793368347.run(Script1554793368347.groovy:32)
	at com.kms.katalon.core.main.ScriptEngine.run(ScriptEngine.java:194)
	at com.kms.katalon.core.main.ScriptEngine.runScriptAsRawText(ScriptEngine.java:119)
	at com.kms.katalon.core.main.TestCaseExecutor.runScript(TestCaseExecutor.java:331)
	at com.kms.katalon.core.main.TestCaseExecutor.doExecute(TestCaseExecutor.java:322)
	at com.kms.katalon.core.main.TestCaseExecutor.processExecutionPhase(TestCaseExecutor.java:301)
	at com.kms.katalon.core.main.TestCaseExecutor.accessMainPhase(TestCaseExecutor.java:293)
	at com.kms.katalon.core.main.TestCaseExecutor.execute(TestCaseExecutor.java:227)
	at com.kms.katalon.core.main.TestCaseMain.runTestCase(TestCaseMain.java:114)
	at com.kms.katalon.core.keyword.builtin.CallTestCaseKeyword$_callTestCase_closure1.doCall(CallTestCaseKeyword.groovy:59)
	at com.kms.katalon.core.keyword.builtin.CallTestCaseKeyword$_callTestCase_closure1.call(CallTestCaseKeyword.groovy)
	at com.kms.katalon.core.keyword.internal.KeywordMain.runKeyword(KeywordMain.groovy:66)
	at com.kms.katalon.core.keyword.builtin.CallTestCaseKeyword.callTestCase(CallTestCaseKeyword.groovy:81)
	at com.kms.katalon.core.keyword.builtin.CallTestCaseKeyword.execute(CallTestCaseKeyword.groovy:44)
	at com.kms.katalon.core.keyword.internal.KeywordExecutor.executeKeywordForPlatform(KeywordExecutor.groovy:56)
	at com.kms.katalon.core.keyword.BuiltinKeywords.callTestCase(BuiltinKeywords.groovy:334)
	at Script1537021633891.run(Script1537021633891.groovy:22)
	at com.kms.katalon.core.main.ScriptEngine.run(ScriptEngine.java:194)
	at com.kms.katalon.core.main.ScriptEngine.runScriptAsRawText(ScriptEngine.java:119)
	at com.kms.katalon.core.main.TestCaseExecutor.runScript(TestCaseExecutor.java:331)
	at com.kms.katalon.core.main.TestCaseExecutor.doExecute(TestCaseExecutor.java:322)
	at com.kms.katalon.core.main.TestCaseExecutor.processExecutionPhase(TestCaseExecutor.java:301)
	at com.kms.katalon.core.main.TestCaseExecutor.accessMainPhase(TestCaseExecutor.java:293)
	at com.kms.katalon.core.main.TestCaseExecutor.execute(TestCaseExecutor.java:227)
	at com.kms.katalon.core.main.TestCaseMain.runTestCase(TestCaseMain.java:114)
	at com.kms.katalon.core.keyword.builtin.CallTestCaseKeyword$_callTestCase_closure1.doCall(CallTestCaseKeyword.groovy:59)
	at com.kms.katalon.core.keyword.builtin.CallTestCaseKeyword$_callTestCase_closure1.call(CallTestCaseKeyword.groovy)
	at com.kms.katalon.core.keyword.internal.KeywordMain.runKeyword(KeywordMain.groovy:66)
	at com.kms.katalon.core.keyword.builtin.CallTestCaseKeyword.callTestCase(CallTestCaseKeyword.groovy:81)
	at com.kms.katalon.core.keyword.builtin.CallTestCaseKeyword.execute(CallTestCaseKeyword.groovy:44)
	at com.kms.katalon.core.keyword.internal.KeywordExecutor.executeKeywordForPlatform(KeywordExecutor.groovy:56)
	at com.kms.katalon.core.keyword.BuiltinKeywords.callTestCase(BuiltinKeywords.groovy:334)
	at Script1534145755369.run(Script1534145755369.groovy:22)
	... 13 more


2019-04-11 16:14:31 - [MESSAGE][FAILED] - Unable to call Test Case 'Test Cases/s-sidebar_navigation/individualAccount/survey' (Root cause: com.kms.katalon.core.exception.StepFailedException: Call Test Case 'Test Cases/s-sidebar_navigation/individualAccount/survey' failed
	at com.kms.katalon.core.keyword.builtin.CallTestCaseKeyword$_callTestCase_closure1.doCall(CallTestCaseKeyword.groovy:63)
	at com.kms.katalon.core.keyword.builtin.CallTestCaseKeyword$_callTestCase_closure1.call(CallTestCaseKeyword.groovy)
	at com.kms.katalon.core.keyword.internal.KeywordMain.runKeyword(KeywordMain.groovy:66)
	at com.kms.katalon.core.keyword.builtin.CallTestCaseKeyword.callTestCase(CallTestCaseKeyword.groovy:81)
	at com.kms.katalon.core.keyword.builtin.CallTestCaseKeyword.execute(CallTestCaseKeyword.groovy:44)
	at com.kms.katalon.core.keyword.internal.KeywordExecutor.executeKeywordForPlatform(KeywordExecutor.groovy:56)
	at com.kms.katalon.core.keyword.BuiltinKeywords.callTestCase(BuiltinKeywords.groovy:334)
	at TC0241.run(TC0241:22)
	at com.kms.katalon.core.main.ScriptEngine.run(ScriptEngine.java:194)
	at com.kms.katalon.core.main.ScriptEngine.runScriptAsRawText(ScriptEngine.java:119)
	at com.kms.katalon.core.main.TestCaseExecutor.runScript(TestCaseExecutor.java:331)
	at com.kms.katalon.core.main.TestCaseExecutor.doExecute(TestCaseExecutor.java:322)
	at com.kms.katalon.core.main.TestCaseExecutor.processExecutionPhase(TestCaseExecutor.java:301)
	at com.kms.katalon.core.main.TestCaseExecutor.accessMainPhase(TestCaseExecutor.java:293)
	at com.kms.katalon.core.main.TestCaseExecutor.execute(TestCaseExecutor.java:227)
	at com.kms.katalon.core.main.TestSuiteExecutor.accessTestCaseMainPhase(TestSuiteExecutor.java:129)
	at com.kms.katalon.core.main.TestSuiteExecutor.accessTestSuiteMainPhase(TestSuiteExecutor.java:112)
	at com.kms.katalon.core.main.TestSuiteExecutor.execute(TestSuiteExecutor.java:81)
	at com.kms.katalon.core.main.TestCaseMain.startTestSuite(TestCaseMain.java:157)
	at com.kms.katalon.core.main.TestCaseMain$startTestSuite$0.call(Unknown Source)
	at TempTestSuite1554979075443.run(TempTestSuite1554979075443.groovy:35)
Caused by: com.kms.katalon.core.exception.StepFailedException: Call Test Case 'Test Cases/s-sidebar_navigation/individualAccount/Login_Muzamil - Staging' failed
	at com.kms.katalon.core.keyword.builtin.CallTestCaseKeyword$_callTestCase_closure1.doCall(CallTestCaseKeyword.groovy:63)
	at com.kms.katalon.core.keyword.builtin.CallTestCaseKeyword$_callTestCase_closure1.call(CallTestCaseKeyword.groovy)
	at com.kms.katalon.core.keyword.internal.KeywordMain.runKeyword(KeywordMain.groovy:66)
	at com.kms.katalon.core.keyword.builtin.CallTestCaseKeyword.callTestCase(CallTestCaseKeyword.groovy:81)
	at com.kms.katalon.core.keyword.builtin.CallTestCaseKeyword.execute(CallTestCaseKeyword.groovy:44)
	at com.kms.katalon.core.keyword.internal.KeywordExecutor.executeKeywordForPlatform(KeywordExecutor.groovy:56)
	at com.kms.katalon.core.keyword.BuiltinKeywords.callTestCase(BuiltinKeywords.groovy:334)
	at survey.run(survey:22)
	at com.kms.katalon.core.main.ScriptEngine.run(ScriptEngine.java:194)
	at com.kms.katalon.core.main.ScriptEngine.runScriptAsRawText(ScriptEngine.java:119)
	at com.kms.katalon.core.main.TestCaseExecutor.runScript(TestCaseExecutor.java:331)
	at com.kms.katalon.core.main.TestCaseExecutor.doExecute(TestCaseExecutor.java:322)
	at com.kms.katalon.core.main.TestCaseExecutor.processExecutionPhase(TestCaseExecutor.java:301)
	at com.kms.katalon.core.main.TestCaseExecutor.accessMainPhase(TestCaseExecutor.java:293)
	at com.kms.katalon.core.main.TestCaseExecutor.execute(TestCaseExecutor.java:227)
	at com.kms.katalon.core.main.TestCaseMain.runTestCase(TestCaseMain.java:114)
	at com.kms.katalon.core.keyword.builtin.CallTestCaseKeyword$_callTestCase_closure1.doCall(CallTestCaseKeyword.groovy:59)
	... 20 more
Caused by: com.kms.katalon.core.exception.StepFailedException: Unable to click on object 'Object Repository/Page_KiboEngage  Dashboard/h4_KIBOPUSH (2)'
	at com.kms.katalon.core.webui.keyword.internal.WebUIKeywordMain.stepFailed(WebUIKeywordMain.groovy:64)
	at com.kms.katalon.core.webui.keyword.internal.WebUIKeywordMain.runKeyword(WebUIKeywordMain.groovy:26)
	at com.kms.katalon.core.webui.keyword.builtin.ClickKeyword.click(ClickKeyword.groovy:86)
	at com.kms.katalon.core.webui.keyword.builtin.ClickKeyword.execute(ClickKeyword.groovy:67)
	at com.kms.katalon.core.keyword.internal.KeywordExecutor.executeKeywordForPlatform(KeywordExecutor.groovy:56)
	at com.kms.katalon.core.webui.keyword.WebUiBuiltInKeywords.click(WebUiBuiltInKeywords.groovy:616)
	at com.kms.katalon.core.webui.keyword.WebUiBuiltInKeywords$click$2.call(Unknown Source)
	at Login_Muzamil - Staging.run(Login_Muzamil - Staging:32)
	at com.kms.katalon.core.main.ScriptEngine.run(ScriptEngine.java:194)
	at com.kms.katalon.core.main.ScriptEngine.runScriptAsRawText(ScriptEngine.java:119)
	at com.kms.katalon.core.main.TestCaseExecutor.runScript(TestCaseExecutor.java:331)
	at com.kms.katalon.core.main.TestCaseExecutor.doExecute(TestCaseExecutor.java:322)
	at com.kms.katalon.core.main.TestCaseExecutor.processExecutionPhase(TestCaseExecutor.java:301)
	at com.kms.katalon.core.main.TestCaseExecutor.accessMainPhase(TestCaseExecutor.java:293)
	at com.kms.katalon.core.main.TestCaseExecutor.execute(TestCaseExecutor.java:227)
	at com.kms.katalon.core.main.TestCaseMain.runTestCase(TestCaseMain.java:114)
	at com.kms.katalon.core.keyword.builtin.CallTestCaseKeyword$_callTestCase_closure1.doCall(CallTestCaseKeyword.groovy:59)
	... 36 more
Caused by: com.kms.katalon.core.webui.exception.WebElementNotFoundException: Web element with id: 'Object Repository/Page_KiboEngage  Dashboard/h4_KIBOPUSH (2)' located by 'By.xpath: //h4[(text() = 'KIBOPUSH' or . = 'KIBOPUSH')]' not found
	at com.kms.katalon.core.webui.common.WebUiCommonHelper.findWebElement(WebUiCommonHelper.java:1053)
	at com.kms.katalon.core.webui.keyword.internal.WebUIAbstractKeyword.findWebElement(WebUIAbstractKeyword.groovy:27)
	at com.kms.katalon.core.webui.keyword.internal.WebUIAbstractKeyword.findWebElement(WebUIAbstractKeyword.groovy:26)
	at com.kms.katalon.core.webui.keyword.builtin.ClickKeyword$_click_closure1.doCall(ClickKeyword.groovy:77)
	at com.kms.katalon.core.webui.keyword.builtin.ClickKeyword$_click_closure1.call(ClickKeyword.groovy)
	at com.kms.katalon.core.webui.keyword.internal.WebUIKeywordMain.runKeyword(WebUIKeywordMain.groovy:20)
	at com.kms.katalon.core.webui.keyword.builtin.ClickKeyword.click(ClickKeyword.groovy:86)
	at com.kms.katalon.core.webui.keyword.builtin.ClickKeyword.execute(ClickKeyword.groovy:67)
	at com.kms.katalon.core.keyword.internal.KeywordExecutor.executeKeywordForPlatform(KeywordExecutor.groovy:56)
	at com.kms.katalon.core.webui.keyword.WebUiBuiltInKeywords.click(WebUiBuiltInKeywords.groovy:616)
	at com.kms.katalon.core.webui.keyword.WebUiBuiltInKeywords$click$2.call(Unknown Source)
	at Script1554793368347.run(Script1554793368347.groovy:32)
	at com.kms.katalon.core.main.ScriptEngine.run(ScriptEngine.java:194)
	at com.kms.katalon.core.main.ScriptEngine.runScriptAsRawText(ScriptEngine.java:119)
	at com.kms.katalon.core.main.TestCaseExecutor.runScript(TestCaseExecutor.java:331)
	at com.kms.katalon.core.main.TestCaseExecutor.doExecute(TestCaseExecutor.java:322)
	at com.kms.katalon.core.main.TestCaseExecutor.processExecutionPhase(TestCaseExecutor.java:301)
	at com.kms.katalon.core.main.TestCaseExecutor.accessMainPhase(TestCaseExecutor.java:293)
	at com.kms.katalon.core.main.TestCaseExecutor.execute(TestCaseExecutor.java:227)
	at com.kms.katalon.core.main.TestCaseMain.runTestCase(TestCaseMain.java:114)
	at com.kms.katalon.core.keyword.builtin.CallTestCaseKeyword$_callTestCase_closure1.doCall(CallTestCaseKeyword.groovy:59)
	at com.kms.katalon.core.keyword.builtin.CallTestCaseKeyword$_callTestCase_closure1.call(CallTestCaseKeyword.groovy)
	at com.kms.katalon.core.keyword.internal.KeywordMain.runKeyword(KeywordMain.groovy:66)
	at com.kms.katalon.core.keyword.builtin.CallTestCaseKeyword.callTestCase(CallTestCaseKeyword.groovy:81)
	at com.kms.katalon.core.keyword.builtin.CallTestCaseKeyword.execute(CallTestCaseKeyword.groovy:44)
	at com.kms.katalon.core.keyword.internal.KeywordExecutor.executeKeywordForPlatform(KeywordExecutor.groovy:56)
	at com.kms.katalon.core.keyword.BuiltinKeywords.callTestCase(BuiltinKeywords.groovy:334)
	at Script1537021633891.run(Script1537021633891.groovy:22)
	at com.kms.katalon.core.main.ScriptEngine.run(ScriptEngine.java:194)
	at com.kms.katalon.core.main.ScriptEngine.runScriptAsRawText(ScriptEngine.java:119)
	at com.kms.katalon.core.main.TestCaseExecutor.runScript(TestCaseExecutor.java:331)
	at com.kms.katalon.core.main.TestCaseExecutor.doExecute(TestCaseExecutor.java:322)
	at com.kms.katalon.core.main.TestCaseExecutor.processExecutionPhase(TestCaseExecutor.java:301)
	at com.kms.katalon.core.main.TestCaseExecutor.accessMainPhase(TestCaseExecutor.java:293)
	at com.kms.katalon.core.main.TestCaseExecutor.execute(TestCaseExecutor.java:227)
	at com.kms.katalon.core.main.TestCaseMain.runTestCase(TestCaseMain.java:114)
	at com.kms.katalon.core.keyword.builtin.CallTestCaseKeyword$_callTestCase_closure1.doCall(CallTestCaseKeyword.groovy:59)
	at com.kms.katalon.core.keyword.builtin.CallTestCaseKeyword$_callTestCase_closure1.call(CallTestCaseKeyword.groovy)
	at com.kms.katalon.core.keyword.internal.KeywordMain.runKeyword(KeywordMain.groovy:66)
	at com.kms.katalon.core.keyword.builtin.CallTestCaseKeyword.callTestCase(CallTestCaseKeyword.groovy:81)
	at com.kms.katalon.core.keyword.builtin.CallTestCaseKeyword.execute(CallTestCaseKeyword.groovy:44)
	at com.kms.katalon.core.keyword.internal.KeywordExecutor.executeKeywordForPlatform(KeywordExecutor.groovy:56)
	at com.kms.katalon.core.keyword.BuiltinKeywords.callTestCase(BuiltinKeywords.groovy:334)
	at Script1534145755369.run(Script1534145755369.groovy:22)
	... 13 more
)

2019-04-11 16:14:31 - [MESSAGE][FAILED] - callTestCase(findTestCase("s-sidebar_navigation/individualAccount/survey"), [:], STOP_ON_FAILURE) FAILED.
Reason:
com.kms.katalon.core.exception.StepFailedException: Call Test Case 'Test Cases/s-sidebar_navigation/individualAccount/survey' failed
	at com.kms.katalon.core.keyword.builtin.CallTestCaseKeyword$_callTestCase_closure1.doCall(CallTestCaseKeyword.groovy:63)
	at com.kms.katalon.core.keyword.builtin.CallTestCaseKeyword$_callTestCase_closure1.call(CallTestCaseKeyword.groovy)
	at com.kms.katalon.core.keyword.internal.KeywordMain.runKeyword(KeywordMain.groovy:66)
	at com.kms.katalon.core.keyword.builtin.CallTestCaseKeyword.callTestCase(CallTestCaseKeyword.groovy:81)
	at com.kms.katalon.core.keyword.builtin.CallTestCaseKeyword.execute(CallTestCaseKeyword.groovy:44)
	at com.kms.katalon.core.keyword.internal.KeywordExecutor.executeKeywordForPlatform(KeywordExecutor.groovy:56)
	at com.kms.katalon.core.keyword.BuiltinKeywords.callTestCase(BuiltinKeywords.groovy:334)
	at TC0241.run(TC0241:22)
	at com.kms.katalon.core.main.ScriptEngine.run(ScriptEngine.java:194)
	at com.kms.katalon.core.main.ScriptEngine.runScriptAsRawText(ScriptEngine.java:119)
	at com.kms.katalon.core.main.TestCaseExecutor.runScript(TestCaseExecutor.java:331)
	at com.kms.katalon.core.main.TestCaseExecutor.doExecute(TestCaseExecutor.java:322)
	at com.kms.katalon.core.main.TestCaseExecutor.processExecutionPhase(TestCaseExecutor.java:301)
	at com.kms.katalon.core.main.TestCaseExecutor.accessMainPhase(TestCaseExecutor.java:293)
	at com.kms.katalon.core.main.TestCaseExecutor.execute(TestCaseExecutor.java:227)
	at com.kms.katalon.core.main.TestSuiteExecutor.accessTestCaseMainPhase(TestSuiteExecutor.java:129)
	at com.kms.katalon.core.main.TestSuiteExecutor.accessTestSuiteMainPhase(TestSuiteExecutor.java:112)
	at com.kms.katalon.core.main.TestSuiteExecutor.execute(TestSuiteExecutor.java:81)
	at com.kms.katalon.core.main.TestCaseMain.startTestSuite(TestCaseMain.java:157)
	at com.kms.katalon.core.main.TestCaseMain$startTestSuite$0.call(Unknown Source)
	at TempTestSuite1554979075443.run(TempTestSuite1554979075443.groovy:35)
Caused by: com.kms.katalon.core.exception.StepFailedException: Call Test Case 'Test Cases/s-sidebar_navigation/individualAccount/Login_Muzamil - Staging' failed
	at com.kms.katalon.core.keyword.builtin.CallTestCaseKeyword$_callTestCase_closure1.doCall(CallTestCaseKeyword.groovy:63)
	at com.kms.katalon.core.keyword.builtin.CallTestCaseKeyword$_callTestCase_closure1.call(CallTestCaseKeyword.groovy)
	at com.kms.katalon.core.keyword.internal.KeywordMain.runKeyword(KeywordMain.groovy:66)
	at com.kms.katalon.core.keyword.builtin.CallTestCaseKeyword.callTestCase(CallTestCaseKeyword.groovy:81)
	at com.kms.katalon.core.keyword.builtin.CallTestCaseKeyword.execute(CallTestCaseKeyword.groovy:44)
	at com.kms.katalon.core.keyword.internal.KeywordExecutor.executeKeywordForPlatform(KeywordExecutor.groovy:56)
	at com.kms.katalon.core.keyword.BuiltinKeywords.callTestCase(BuiltinKeywords.groovy:334)
	at survey.run(survey:22)
	at com.kms.katalon.core.main.ScriptEngine.run(ScriptEngine.java:194)
	at com.kms.katalon.core.main.ScriptEngine.runScriptAsRawText(ScriptEngine.java:119)
	at com.kms.katalon.core.main.TestCaseExecutor.runScript(TestCaseExecutor.java:331)
	at com.kms.katalon.core.main.TestCaseExecutor.doExecute(TestCaseExecutor.java:322)
	at com.kms.katalon.core.main.TestCaseExecutor.processExecutionPhase(TestCaseExecutor.java:301)
	at com.kms.katalon.core.main.TestCaseExecutor.accessMainPhase(TestCaseExecutor.java:293)
	at com.kms.katalon.core.main.TestCaseExecutor.execute(TestCaseExecutor.java:227)
	at com.kms.katalon.core.main.TestCaseMain.runTestCase(TestCaseMain.java:114)
	at com.kms.katalon.core.keyword.builtin.CallTestCaseKeyword$_callTestCase_closure1.doCall(CallTestCaseKeyword.groovy:59)
	... 20 more
Caused by: com.kms.katalon.core.exception.StepFailedException: Unable to click on object 'Object Repository/Page_KiboEngage  Dashboard/h4_KIBOPUSH (2)'
	at com.kms.katalon.core.webui.keyword.internal.WebUIKeywordMain.stepFailed(WebUIKeywordMain.groovy:64)
	at com.kms.katalon.core.webui.keyword.internal.WebUIKeywordMain.runKeyword(WebUIKeywordMain.groovy:26)
	at com.kms.katalon.core.webui.keyword.builtin.ClickKeyword.click(ClickKeyword.groovy:86)
	at com.kms.katalon.core.webui.keyword.builtin.ClickKeyword.execute(ClickKeyword.groovy:67)
	at com.kms.katalon.core.keyword.internal.KeywordExecutor.executeKeywordForPlatform(KeywordExecutor.groovy:56)
	at com.kms.katalon.core.webui.keyword.WebUiBuiltInKeywords.click(WebUiBuiltInKeywords.groovy:616)
	at com.kms.katalon.core.webui.keyword.WebUiBuiltInKeywords$click$2.call(Unknown Source)
	at Login_Muzamil - Staging.run(Login_Muzamil - Staging:32)
	at com.kms.katalon.core.main.ScriptEngine.run(ScriptEngine.java:194)
	at com.kms.katalon.core.main.ScriptEngine.runScriptAsRawText(ScriptEngine.java:119)
	at com.kms.katalon.core.main.TestCaseExecutor.runScript(TestCaseExecutor.java:331)
	at com.kms.katalon.core.main.TestCaseExecutor.doExecute(TestCaseExecutor.java:322)
	at com.kms.katalon.core.main.TestCaseExecutor.processExecutionPhase(TestCaseExecutor.java:301)
	at com.kms.katalon.core.main.TestCaseExecutor.accessMainPhase(TestCaseExecutor.java:293)
	at com.kms.katalon.core.main.TestCaseExecutor.execute(TestCaseExecutor.java:227)
	at com.kms.katalon.core.main.TestCaseMain.runTestCase(TestCaseMain.java:114)
	at com.kms.katalon.core.keyword.builtin.CallTestCaseKeyword$_callTestCase_closure1.doCall(CallTestCaseKeyword.groovy:59)
	... 36 more
Caused by: com.kms.katalon.core.webui.exception.WebElementNotFoundException: Web element with id: 'Object Repository/Page_KiboEngage  Dashboard/h4_KIBOPUSH (2)' located by 'By.xpath: //h4[(text() = 'KIBOPUSH' or . = 'KIBOPUSH')]' not found
	at com.kms.katalon.core.webui.common.WebUiCommonHelper.findWebElement(WebUiCommonHelper.java:1053)
	at com.kms.katalon.core.webui.keyword.internal.WebUIAbstractKeyword.findWebElement(WebUIAbstractKeyword.groovy:27)
	at com.kms.katalon.core.webui.keyword.internal.WebUIAbstractKeyword.findWebElement(WebUIAbstractKeyword.groovy:26)
	at com.kms.katalon.core.webui.keyword.builtin.ClickKeyword$_click_closure1.doCall(ClickKeyword.groovy:77)
	at com.kms.katalon.core.webui.keyword.builtin.ClickKeyword$_click_closure1.call(ClickKeyword.groovy)
	at com.kms.katalon.core.webui.keyword.internal.WebUIKeywordMain.runKeyword(WebUIKeywordMain.groovy:20)
	at com.kms.katalon.core.webui.keyword.builtin.ClickKeyword.click(ClickKeyword.groovy:86)
	at com.kms.katalon.core.webui.keyword.builtin.ClickKeyword.execute(ClickKeyword.groovy:67)
	at com.kms.katalon.core.keyword.internal.KeywordExecutor.executeKeywordForPlatform(KeywordExecutor.groovy:56)
	at com.kms.katalon.core.webui.keyword.WebUiBuiltInKeywords.click(WebUiBuiltInKeywords.groovy:616)
	at com.kms.katalon.core.webui.keyword.WebUiBuiltInKeywords$click$2.call(Unknown Source)
	at Script1554793368347.run(Script1554793368347.groovy:32)
	at com.kms.katalon.core.main.ScriptEngine.run(ScriptEngine.java:194)
	at com.kms.katalon.core.main.ScriptEngine.runScriptAsRawText(ScriptEngine.java:119)
	at com.kms.katalon.core.main.TestCaseExecutor.runScript(TestCaseExecutor.java:331)
	at com.kms.katalon.core.main.TestCaseExecutor.doExecute(TestCaseExecutor.java:322)
	at com.kms.katalon.core.main.TestCaseExecutor.processExecutionPhase(TestCaseExecutor.java:301)
	at com.kms.katalon.core.main.TestCaseExecutor.accessMainPhase(TestCaseExecutor.java:293)
	at com.kms.katalon.core.main.TestCaseExecutor.execute(TestCaseExecutor.java:227)
	at com.kms.katalon.core.main.TestCaseMain.runTestCase(TestCaseMain.java:114)
	at com.kms.katalon.core.keyword.builtin.CallTestCaseKeyword$_callTestCase_closure1.doCall(CallTestCaseKeyword.groovy:59)
	at com.kms.katalon.core.keyword.builtin.CallTestCaseKeyword$_callTestCase_closure1.call(CallTestCaseKeyword.groovy)
	at com.kms.katalon.core.keyword.internal.KeywordMain.runKeyword(KeywordMain.groovy:66)
	at com.kms.katalon.core.keyword.builtin.CallTestCaseKeyword.callTestCase(CallTestCaseKeyword.groovy:81)
	at com.kms.katalon.core.keyword.builtin.CallTestCaseKeyword.execute(CallTestCaseKeyword.groovy:44)
	at com.kms.katalon.core.keyword.internal.KeywordExecutor.executeKeywordForPlatform(KeywordExecutor.groovy:56)
	at com.kms.katalon.core.keyword.BuiltinKeywords.callTestCase(BuiltinKeywords.groovy:334)
	at Script1537021633891.run(Script1537021633891.groovy:22)
	at com.kms.katalon.core.main.ScriptEngine.run(ScriptEngine.java:194)
	at com.kms.katalon.core.main.ScriptEngine.runScriptAsRawText(ScriptEngine.java:119)
	at com.kms.katalon.core.main.TestCaseExecutor.runScript(TestCaseExecutor.java:331)
	at com.kms.katalon.core.main.TestCaseExecutor.doExecute(TestCaseExecutor.java:322)
	at com.kms.katalon.core.main.TestCaseExecutor.processExecutionPhase(TestCaseExecutor.java:301)
	at com.kms.katalon.core.main.TestCaseExecutor.accessMainPhase(TestCaseExecutor.java:293)
	at com.kms.katalon.core.main.TestCaseExecutor.execute(TestCaseExecutor.java:227)
	at com.kms.katalon.core.main.TestCaseMain.runTestCase(TestCaseMain.java:114)
	at com.kms.katalon.core.keyword.builtin.CallTestCaseKeyword$_callTestCase_closure1.doCall(CallTestCaseKeyword.groovy:59)
	at com.kms.katalon.core.keyword.builtin.CallTestCaseKeyword$_callTestCase_closure1.call(CallTestCaseKeyword.groovy)
	at com.kms.katalon.core.keyword.internal.KeywordMain.runKeyword(KeywordMain.groovy:66)
	at com.kms.katalon.core.keyword.builtin.CallTestCaseKeyword.callTestCase(CallTestCaseKeyword.groovy:81)
	at com.kms.katalon.core.keyword.builtin.CallTestCaseKeyword.execute(CallTestCaseKeyword.groovy:44)
	at com.kms.katalon.core.keyword.internal.KeywordExecutor.executeKeywordForPlatform(KeywordExecutor.groovy:56)
	at com.kms.katalon.core.keyword.BuiltinKeywords.callTestCase(BuiltinKeywords.groovy:334)
	at Script1534145755369.run(Script1534145755369.groovy:22)
	... 13 more]]></system-out>
         <system-err><![CDATA[2019-04-11 16:13:27 - [TEST_CASE][FAILED] - Test Cases/Survey Test Cases/TC0241: Test Cases/Survey Test Cases/TC0241 FAILED.
Reason:
com.kms.katalon.core.exception.StepFailedException: Call Test Case 'Test Cases/s-sidebar_navigation/individualAccount/survey' failed
	at com.kms.katalon.core.keyword.builtin.CallTestCaseKeyword$_callTestCase_closure1.doCall(CallTestCaseKeyword.groovy:63)
	at com.kms.katalon.core.keyword.builtin.CallTestCaseKeyword$_callTestCase_closure1.call(CallTestCaseKeyword.groovy)
	at com.kms.katalon.core.keyword.internal.KeywordMain.runKeyword(KeywordMain.groovy:66)
	at com.kms.katalon.core.keyword.builtin.CallTestCaseKeyword.callTestCase(CallTestCaseKeyword.groovy:81)
	at com.kms.katalon.core.keyword.builtin.CallTestCaseKeyword.execute(CallTestCaseKeyword.groovy:44)
	at com.kms.katalon.core.keyword.internal.KeywordExecutor.executeKeywordForPlatform(KeywordExecutor.groovy:56)
	at com.kms.katalon.core.keyword.BuiltinKeywords.callTestCase(BuiltinKeywords.groovy:334)
	at TC0241.run(TC0241:22)
	at com.kms.katalon.core.main.ScriptEngine.run(ScriptEngine.java:194)
	at com.kms.katalon.core.main.ScriptEngine.runScriptAsRawText(ScriptEngine.java:119)
	at com.kms.katalon.core.main.TestCaseExecutor.runScript(TestCaseExecutor.java:331)
	at com.kms.katalon.core.main.TestCaseExecutor.doExecute(TestCaseExecutor.java:322)
	at com.kms.katalon.core.main.TestCaseExecutor.processExecutionPhase(TestCaseExecutor.java:301)
	at com.kms.katalon.core.main.TestCaseExecutor.accessMainPhase(TestCaseExecutor.java:293)
	at com.kms.katalon.core.main.TestCaseExecutor.execute(TestCaseExecutor.java:227)
	at com.kms.katalon.core.main.TestSuiteExecutor.accessTestCaseMainPhase(TestSuiteExecutor.java:129)
	at com.kms.katalon.core.main.TestSuiteExecutor.accessTestSuiteMainPhase(TestSuiteExecutor.java:112)
	at com.kms.katalon.core.main.TestSuiteExecutor.execute(TestSuiteExecutor.java:81)
	at com.kms.katalon.core.main.TestCaseMain.startTestSuite(TestCaseMain.java:157)
	at com.kms.katalon.core.main.TestCaseMain$startTestSuite$0.call(Unknown Source)
	at TempTestSuite1554979075443.run(TempTestSuite1554979075443.groovy:35)
Caused by: com.kms.katalon.core.exception.StepFailedException: Call Test Case 'Test Cases/s-sidebar_navigation/individualAccount/Login_Muzamil - Staging' failed
	at com.kms.katalon.core.keyword.builtin.CallTestCaseKeyword$_callTestCase_closure1.doCall(CallTestCaseKeyword.groovy:63)
	at com.kms.katalon.core.keyword.builtin.CallTestCaseKeyword$_callTestCase_closure1.call(CallTestCaseKeyword.groovy)
	at com.kms.katalon.core.keyword.internal.KeywordMain.runKeyword(KeywordMain.groovy:66)
	at com.kms.katalon.core.keyword.builtin.CallTestCaseKeyword.callTestCase(CallTestCaseKeyword.groovy:81)
	at com.kms.katalon.core.keyword.builtin.CallTestCaseKeyword.execute(CallTestCaseKeyword.groovy:44)
	at com.kms.katalon.core.keyword.internal.KeywordExecutor.executeKeywordForPlatform(KeywordExecutor.groovy:56)
	at com.kms.katalon.core.keyword.BuiltinKeywords.callTestCase(BuiltinKeywords.groovy:334)
	at survey.run(survey:22)
	at com.kms.katalon.core.main.ScriptEngine.run(ScriptEngine.java:194)
	at com.kms.katalon.core.main.ScriptEngine.runScriptAsRawText(ScriptEngine.java:119)
	at com.kms.katalon.core.main.TestCaseExecutor.runScript(TestCaseExecutor.java:331)
	at com.kms.katalon.core.main.TestCaseExecutor.doExecute(TestCaseExecutor.java:322)
	at com.kms.katalon.core.main.TestCaseExecutor.processExecutionPhase(TestCaseExecutor.java:301)
	at com.kms.katalon.core.main.TestCaseExecutor.accessMainPhase(TestCaseExecutor.java:293)
	at com.kms.katalon.core.main.TestCaseExecutor.execute(TestCaseExecutor.java:227)
	at com.kms.katalon.core.main.TestCaseMain.runTestCase(TestCaseMain.java:114)
	at com.kms.katalon.core.keyword.builtin.CallTestCaseKeyword$_callTestCase_closure1.doCall(CallTestCaseKeyword.groovy:59)
	... 20 more
Caused by: com.kms.katalon.core.exception.StepFailedException: Unable to click on object 'Object Repository/Page_KiboEngage  Dashboard/h4_KIBOPUSH (2)'
	at com.kms.katalon.core.webui.keyword.internal.WebUIKeywordMain.stepFailed(WebUIKeywordMain.groovy:64)
	at com.kms.katalon.core.webui.keyword.internal.WebUIKeywordMain.runKeyword(WebUIKeywordMain.groovy:26)
	at com.kms.katalon.core.webui.keyword.builtin.ClickKeyword.click(ClickKeyword.groovy:86)
	at com.kms.katalon.core.webui.keyword.builtin.ClickKeyword.execute(ClickKeyword.groovy:67)
	at com.kms.katalon.core.keyword.internal.KeywordExecutor.executeKeywordForPlatform(KeywordExecutor.groovy:56)
	at com.kms.katalon.core.webui.keyword.WebUiBuiltInKeywords.click(WebUiBuiltInKeywords.groovy:616)
	at com.kms.katalon.core.webui.keyword.WebUiBuiltInKeywords$click$2.call(Unknown Source)
	at Login_Muzamil - Staging.run(Login_Muzamil - Staging:32)
	at com.kms.katalon.core.main.ScriptEngine.run(ScriptEngine.java:194)
	at com.kms.katalon.core.main.ScriptEngine.runScriptAsRawText(ScriptEngine.java:119)
	at com.kms.katalon.core.main.TestCaseExecutor.runScript(TestCaseExecutor.java:331)
	at com.kms.katalon.core.main.TestCaseExecutor.doExecute(TestCaseExecutor.java:322)
	at com.kms.katalon.core.main.TestCaseExecutor.processExecutionPhase(TestCaseExecutor.java:301)
	at com.kms.katalon.core.main.TestCaseExecutor.accessMainPhase(TestCaseExecutor.java:293)
	at com.kms.katalon.core.main.TestCaseExecutor.execute(TestCaseExecutor.java:227)
	at com.kms.katalon.core.main.TestCaseMain.runTestCase(TestCaseMain.java:114)
	at com.kms.katalon.core.keyword.builtin.CallTestCaseKeyword$_callTestCase_closure1.doCall(CallTestCaseKeyword.groovy:59)
	... 36 more
Caused by: com.kms.katalon.core.webui.exception.WebElementNotFoundException: Web element with id: 'Object Repository/Page_KiboEngage  Dashboard/h4_KIBOPUSH (2)' located by 'By.xpath: //h4[(text() = 'KIBOPUSH' or . = 'KIBOPUSH')]' not found
	at com.kms.katalon.core.webui.common.WebUiCommonHelper.findWebElement(WebUiCommonHelper.java:1053)
	at com.kms.katalon.core.webui.keyword.internal.WebUIAbstractKeyword.findWebElement(WebUIAbstractKeyword.groovy:27)
	at com.kms.katalon.core.webui.keyword.internal.WebUIAbstractKeyword.findWebElement(WebUIAbstractKeyword.groovy:26)
	at com.kms.katalon.core.webui.keyword.builtin.ClickKeyword$_click_closure1.doCall(ClickKeyword.groovy:77)
	at com.kms.katalon.core.webui.keyword.builtin.ClickKeyword$_click_closure1.call(ClickKeyword.groovy)
	at com.kms.katalon.core.webui.keyword.internal.WebUIKeywordMain.runKeyword(WebUIKeywordMain.groovy:20)
	at com.kms.katalon.core.webui.keyword.builtin.ClickKeyword.click(ClickKeyword.groovy:86)
	at com.kms.katalon.core.webui.keyword.builtin.ClickKeyword.execute(ClickKeyword.groovy:67)
	at com.kms.katalon.core.keyword.internal.KeywordExecutor.executeKeywordForPlatform(KeywordExecutor.groovy:56)
	at com.kms.katalon.core.webui.keyword.WebUiBuiltInKeywords.click(WebUiBuiltInKeywords.groovy:616)
	at com.kms.katalon.core.webui.keyword.WebUiBuiltInKeywords$click$2.call(Unknown Source)
	at Script1554793368347.run(Script1554793368347.groovy:32)
	at com.kms.katalon.core.main.ScriptEngine.run(ScriptEngine.java:194)
	at com.kms.katalon.core.main.ScriptEngine.runScriptAsRawText(ScriptEngine.java:119)
	at com.kms.katalon.core.main.TestCaseExecutor.runScript(TestCaseExecutor.java:331)
	at com.kms.katalon.core.main.TestCaseExecutor.doExecute(TestCaseExecutor.java:322)
	at com.kms.katalon.core.main.TestCaseExecutor.processExecutionPhase(TestCaseExecutor.java:301)
	at com.kms.katalon.core.main.TestCaseExecutor.accessMainPhase(TestCaseExecutor.java:293)
	at com.kms.katalon.core.main.TestCaseExecutor.execute(TestCaseExecutor.java:227)
	at com.kms.katalon.core.main.TestCaseMain.runTestCase(TestCaseMain.java:114)
	at com.kms.katalon.core.keyword.builtin.CallTestCaseKeyword$_callTestCase_closure1.doCall(CallTestCaseKeyword.groovy:59)
	at com.kms.katalon.core.keyword.builtin.CallTestCaseKeyword$_callTestCase_closure1.call(CallTestCaseKeyword.groovy)
	at com.kms.katalon.core.keyword.internal.KeywordMain.runKeyword(KeywordMain.groovy:66)
	at com.kms.katalon.core.keyword.builtin.CallTestCaseKeyword.callTestCase(CallTestCaseKeyword.groovy:81)
	at com.kms.katalon.core.keyword.builtin.CallTestCaseKeyword.execute(CallTestCaseKeyword.groovy:44)
	at com.kms.katalon.core.keyword.internal.KeywordExecutor.executeKeywordForPlatform(KeywordExecutor.groovy:56)
	at com.kms.katalon.core.keyword.BuiltinKeywords.callTestCase(BuiltinKeywords.groovy:334)
	at Script1537021633891.run(Script1537021633891.groovy:22)
	at com.kms.katalon.core.main.ScriptEngine.run(ScriptEngine.java:194)
	at com.kms.katalon.core.main.ScriptEngine.runScriptAsRawText(ScriptEngine.java:119)
	at com.kms.katalon.core.main.TestCaseExecutor.runScript(TestCaseExecutor.java:331)
	at com.kms.katalon.core.main.TestCaseExecutor.doExecute(TestCaseExecutor.java:322)
	at com.kms.katalon.core.main.TestCaseExecutor.processExecutionPhase(TestCaseExecutor.java:301)
	at com.kms.katalon.core.main.TestCaseExecutor.accessMainPhase(TestCaseExecutor.java:293)
	at com.kms.katalon.core.main.TestCaseExecutor.execute(TestCaseExecutor.java:227)
	at com.kms.katalon.core.main.TestCaseMain.runTestCase(TestCaseMain.java:114)
	at com.kms.katalon.core.keyword.builtin.CallTestCaseKeyword$_callTestCase_closure1.doCall(CallTestCaseKeyword.groovy:59)
	at com.kms.katalon.core.keyword.builtin.CallTestCaseKeyword$_callTestCase_closure1.call(CallTestCaseKeyword.groovy)
	at com.kms.katalon.core.keyword.internal.KeywordMain.runKeyword(KeywordMain.groovy:66)
	at com.kms.katalon.core.keyword.builtin.CallTestCaseKeyword.callTestCase(CallTestCaseKeyword.groovy:81)
	at com.kms.katalon.core.keyword.builtin.CallTestCaseKeyword.execute(CallTestCaseKeyword.groovy:44)
	at com.kms.katalon.core.keyword.internal.KeywordExecutor.executeKeywordForPlatform(KeywordExecutor.groovy:56)
	at com.kms.katalon.core.keyword.BuiltinKeywords.callTestCase(BuiltinKeywords.groovy:334)
	at Script1534145755369.run(Script1534145755369.groovy:22)
	... 13 more]]></system-err>
      </testcase>
      <testcase name="Test Cases/Survey Test Cases/TC0242" classname="Test Cases/Survey Test Cases/TC0242" status="PASSED">
         <system-out><![CDATA[2019-04-11 16:14:32 - [TEST_CASE][PASSED] - Test Cases/Survey Test Cases/TC0242: Test Cases/Survey Test Cases/TC0242

2019-04-11 16:14:32 - [TEST_STEP][PASSED] - callTestCase(findTestCase("s-sidebar_navigation/individualAccount/survey"), [:], STOP_ON_FAILURE): Call Test Case 'Test Cases/s-sidebar_navigation/individualAccount/survey' successfully

2019-04-11 16:14:32 - [TEST_CASE][PASSED] - Test Cases/s-sidebar_navigation/individualAccount/survey: Test Cases/s-sidebar_navigation/individualAccount/survey

2019-04-11 16:14:32 - [TEST_STEP][PASSED] - callTestCase(findTestCase("s-sidebar_navigation/individualAccount/Login_Muzamil - Staging"), [:], STOP_ON_FAILURE): Call Test Case 'Test Cases/s-sidebar_navigation/individualAccount/Login_Muzamil - Staging' successfully

2019-04-11 16:14:32 - [TEST_CASE][PASSED] - Test Cases/s-sidebar_navigation/individualAccount/Login_Muzamil - Staging: Test Cases/s-sidebar_navigation/individualAccount/Login_Muzamil - Staging

2019-04-11 16:14:32 - [TEST_STEP][PASSED] - openBrowser(""): Browser is opened with url: ''

2019-04-11 16:14:32 - [MESSAGE][WARNING] - A browser is already opened. Closing browser and opening a new one

2019-04-11 16:14:32 - [MESSAGE][INFO] - Starting 'Chrome' driver

2019-04-11 16:14:32 - [MESSAGE][PASSED] - Browser is opened with url: ''

2019-04-11 16:14:32 - [TEST_STEP][PASSED] - maximizeWindow(): Current window maximized

2019-04-11 16:14:32 - [MESSAGE][PASSED] - Current window maximized

2019-04-11 16:14:32 - [TEST_STEP][PASSED] - navigateToUrl("https://saccounts.cloudkibo.com/?continue=https://skiboengage.cloudkibo.com"): Navigate to 'https://saccounts.cloudkibo.com/?continue=https://skiboengage.cloudkibo.com' successfully

2019-04-11 16:14:45 - [MESSAGE][PASSED] - Navigate to 'https://saccounts.cloudkibo.com/?continue=https://skiboengage.cloudkibo.com' successfully

2019-04-11 16:14:45 - [TEST_STEP][PASSED] - delay(2): Delayed 2 second(s)

2019-04-11 16:14:47 - [MESSAGE][PASSED] - Delayed 2 second(s)

2019-04-11 16:14:47 - [TEST_STEP][PASSED] - click(findTestObject("Page_CloudKibo/a_Login (4)")): Object: 'Object Repository/Page_CloudKibo/a_Login (4)' is clicked on

2019-04-11 16:14:48 - [MESSAGE][PASSED] - Object: 'Object Repository/Page_CloudKibo/a_Login (4)' is clicked on

2019-04-11 16:14:48 - [TEST_STEP][PASSED] - setText(findTestObject("Page_CloudKibo/input_Sign In_email (3)"), "muzamil.bukhari.39@gmail.com"): Text 'muzamil.bukhari.39@gmail.com' is set on object 'Object Repository/Page_CloudKibo/input_Sign In_email (3)'

2019-04-11 16:14:49 - [MESSAGE][PASSED] - Text 'muzamil.bukhari.39@gmail.com' is set on object 'Object Repository/Page_CloudKibo/input_Sign In_email (3)'

2019-04-11 16:14:49 - [TEST_STEP][PASSED] - setEncryptedText(findTestObject("Page_CloudKibo/input_Sign In_password (3)"), "ZOMPkeJIpHVS6OGLcNHjig=="): Text ****** has been set on object 'Object Repository/Page_CloudKibo/input_Sign In_password (3)'

2019-04-11 16:14:49 - [MESSAGE][PASSED] - Text ****** has been set on object 'Object Repository/Page_CloudKibo/input_Sign In_password (3)'

2019-04-11 16:14:49 - [TEST_STEP][PASSED] - click(findTestObject("Page_CloudKibo/button_Sign In (7)")): Object: 'Object Repository/Page_CloudKibo/button_Sign In (7)' is clicked on

2019-04-11 16:14:49 - [MESSAGE][PASSED] - Object: 'Object Repository/Page_CloudKibo/button_Sign In (7)' is clicked on

2019-04-11 16:14:49 - [TEST_STEP][PASSED] - click(findTestObject("Page_KiboEngage  Dashboard/h4_KIBOPUSH (2)")): Object: 'Object Repository/Page_KiboEngage  Dashboard/h4_KIBOPUSH (2)' is clicked on

2019-04-11 16:15:11 - [MESSAGE][PASSED] - Object: 'Object Repository/Page_KiboEngage  Dashboard/h4_KIBOPUSH (2)' is clicked on

2019-04-11 16:15:11 - [MESSAGE][PASSED] - Call Test Case 'Test Cases/s-sidebar_navigation/individualAccount/Login_Muzamil - Staging' successfully

2019-04-11 16:15:11 - [TEST_STEP][PASSED] - click(findTestObject("Page_KiboPush  Dashboard/span_Broadcasting")): Object: 'Object Repository/Page_KiboPush  Dashboard/span_Broadcasting' is clicked on

2019-04-11 16:15:11 - [MESSAGE][PASSED] - Object: 'Object Repository/Page_KiboPush  Dashboard/span_Broadcasting' is clicked on

2019-04-11 16:15:11 - [TEST_STEP][PASSED] - delay(2): Delayed 2 second(s)

2019-04-11 16:15:13 - [MESSAGE][PASSED] - Delayed 2 second(s)

2019-04-11 16:15:13 - [TEST_STEP][PASSED] - click(findTestObject("Page_KiboPush  Dashboard/span_Surveys")): Object: 'Object Repository/Page_KiboPush  Dashboard/span_Surveys' is clicked on

2019-04-11 16:15:14 - [MESSAGE][PASSED] - Object: 'Object Repository/Page_KiboPush  Dashboard/span_Surveys' is clicked on

2019-04-11 16:15:14 - [TEST_STEP][PASSED] - delay(2): Delayed 2 second(s)

2019-04-11 16:15:16 - [MESSAGE][PASSED] - Delayed 2 second(s)

2019-04-11 16:15:16 - [TEST_STEP][PASSED] - click(findTestObject("Page_KiboPush  Survey/h3_Manage Surveys")): Object: 'Object Repository/Page_KiboPush  Survey/h3_Manage Surveys' is clicked on

2019-04-11 16:15:16 - [MESSAGE][PASSED] - Object: 'Object Repository/Page_KiboPush  Survey/h3_Manage Surveys' is clicked on

2019-04-11 16:15:16 - [MESSAGE][PASSED] - Call Test Case 'Test Cases/s-sidebar_navigation/individualAccount/survey' successfully

2019-04-11 16:15:16 - [TEST_STEP][PASSED] - click(findTestObject("Page_KiboPush  Survey/button_View")): Object: 'Object Repository/Page_KiboPush  Survey/button_View' is clicked on

2019-04-11 16:15:16 - [MESSAGE][PASSED] - Object: 'Object Repository/Page_KiboPush  Survey/button_View' is clicked on

2019-04-11 16:15:16 - [TEST_STEP][PASSED] - click(findTestObject("Page_KiboPush  Survey/button_Back")): Object: 'Object Repository/Page_KiboPush  Survey/button_Back' is clicked on

2019-04-11 16:15:16 - [MESSAGE][PASSED] - Object: 'Object Repository/Page_KiboPush  Survey/button_Back' is clicked on

2019-04-11 16:15:16 - [TEST_STEP][PASSED] - click(findTestObject("Page_KiboPush  Survey/h3_Surveys")): Object: 'Object Repository/Page_KiboPush  Survey/h3_Surveys' is clicked on

2019-04-11 16:15:16 - [MESSAGE][PASSED] - Object: 'Object Repository/Page_KiboPush  Survey/h3_Surveys' is clicked on]]></system-out>
         <system-err><![CDATA[]]></system-err>
      </testcase>
      <testcase name="Test Cases/Survey Test Cases/TC0244" classname="Test Cases/Survey Test Cases/TC0244" status="FAILED">
         <failure type="FAILED" message="Test Cases/Survey Test Cases/TC0244 FAILED.
Reason:
com.kms.katalon.core.exception.StepFailedException: Unable to click on object 'Object Repository/Page_KiboPush  Survey/button_delete1'
	at com.kms.katalon.core.webui.keyword.internal.WebUIKeywordMain.stepFailed(WebUIKeywordMain.groovy:64)
	at com.kms.katalon.core.webui.keyword.internal.WebUIKeywordMain.runKeyword(WebUIKeywordMain.groovy:26)
	at com.kms.katalon.core.webui.keyword.builtin.ClickKeyword.click(ClickKeyword.groovy:86)
	at com.kms.katalon.core.webui.keyword.builtin.ClickKeyword.execute(ClickKeyword.groovy:67)
	at com.kms.katalon.core.keyword.internal.KeywordExecutor.executeKeywordForPlatform(KeywordExecutor.groovy:56)
	at com.kms.katalon.core.webui.keyword.WebUiBuiltInKeywords.click(WebUiBuiltInKeywords.groovy:616)
	at com.kms.katalon.core.webui.keyword.WebUiBuiltInKeywords$click$2.call(Unknown Source)
	at TC0244.run(TC0244:30)
	at com.kms.katalon.core.main.ScriptEngine.run(ScriptEngine.java:194)
	at com.kms.katalon.core.main.ScriptEngine.runScriptAsRawText(ScriptEngine.java:119)
	at com.kms.katalon.core.main.TestCaseExecutor.runScript(TestCaseExecutor.java:331)
	at com.kms.katalon.core.main.TestCaseExecutor.doExecute(TestCaseExecutor.java:322)
	at com.kms.katalon.core.main.TestCaseExecutor.processExecutionPhase(TestCaseExecutor.java:301)
	at com.kms.katalon.core.main.TestCaseExecutor.accessMainPhase(TestCaseExecutor.java:293)
	at com.kms.katalon.core.main.TestCaseExecutor.execute(TestCaseExecutor.java:227)
	at com.kms.katalon.core.main.TestSuiteExecutor.accessTestCaseMainPhase(TestSuiteExecutor.java:129)
	at com.kms.katalon.core.main.TestSuiteExecutor.accessTestSuiteMainPhase(TestSuiteExecutor.java:112)
	at com.kms.katalon.core.main.TestSuiteExecutor.execute(TestSuiteExecutor.java:81)
	at com.kms.katalon.core.main.TestCaseMain.startTestSuite(TestCaseMain.java:157)
	at com.kms.katalon.core.main.TestCaseMain$startTestSuite$0.call(Unknown Source)
	at TempTestSuite1554979075443.run(TempTestSuite1554979075443.groovy:35)
Caused by: com.kms.katalon.core.webui.exception.WebElementNotFoundException: Web element with id: 'Object Repository/Page_KiboPush  Survey/button_delete1' located by 'By.xpath: /html/body/div[5]/div/div[2]/div/button' not found
	at com.kms.katalon.core.webui.common.WebUiCommonHelper.findWebElement(WebUiCommonHelper.java:1053)
	at com.kms.katalon.core.webui.keyword.internal.WebUIAbstractKeyword.findWebElement(WebUIAbstractKeyword.groovy:27)
	at com.kms.katalon.core.webui.keyword.internal.WebUIAbstractKeyword.findWebElement(WebUIAbstractKeyword.groovy:26)
	at com.kms.katalon.core.webui.keyword.builtin.ClickKeyword$_click_closure1.doCall(ClickKeyword.groovy:77)
	at com.kms.katalon.core.webui.keyword.builtin.ClickKeyword$_click_closure1.call(ClickKeyword.groovy)
	at com.kms.katalon.core.webui.keyword.internal.WebUIKeywordMain.runKeyword(WebUIKeywordMain.groovy:20)
	at com.kms.katalon.core.webui.keyword.builtin.ClickKeyword.click(ClickKeyword.groovy:86)
	at com.kms.katalon.core.webui.keyword.builtin.ClickKeyword.execute(ClickKeyword.groovy:67)
	at com.kms.katalon.core.keyword.internal.KeywordExecutor.executeKeywordForPlatform(KeywordExecutor.groovy:56)
	at com.kms.katalon.core.webui.keyword.WebUiBuiltInKeywords.click(WebUiBuiltInKeywords.groovy:616)
	at com.kms.katalon.core.webui.keyword.WebUiBuiltInKeywords$click$2.call(Unknown Source)
	at Script1533973953011.run(Script1533973953011.groovy:30)
	... 13 more
"/>
         <system-out><![CDATA[2019-04-11 16:15:17 - [TEST_CASE][FAILED] - Test Cases/Survey Test Cases/TC0244: Test Cases/Survey Test Cases/TC0244 FAILED.
Reason:
com.kms.katalon.core.exception.StepFailedException: Unable to click on object 'Object Repository/Page_KiboPush  Survey/button_delete1'
	at com.kms.katalon.core.webui.keyword.internal.WebUIKeywordMain.stepFailed(WebUIKeywordMain.groovy:64)
	at com.kms.katalon.core.webui.keyword.internal.WebUIKeywordMain.runKeyword(WebUIKeywordMain.groovy:26)
	at com.kms.katalon.core.webui.keyword.builtin.ClickKeyword.click(ClickKeyword.groovy:86)
	at com.kms.katalon.core.webui.keyword.builtin.ClickKeyword.execute(ClickKeyword.groovy:67)
	at com.kms.katalon.core.keyword.internal.KeywordExecutor.executeKeywordForPlatform(KeywordExecutor.groovy:56)
	at com.kms.katalon.core.webui.keyword.WebUiBuiltInKeywords.click(WebUiBuiltInKeywords.groovy:616)
	at com.kms.katalon.core.webui.keyword.WebUiBuiltInKeywords$click$2.call(Unknown Source)
	at TC0244.run(TC0244:30)
	at com.kms.katalon.core.main.ScriptEngine.run(ScriptEngine.java:194)
	at com.kms.katalon.core.main.ScriptEngine.runScriptAsRawText(ScriptEngine.java:119)
	at com.kms.katalon.core.main.TestCaseExecutor.runScript(TestCaseExecutor.java:331)
	at com.kms.katalon.core.main.TestCaseExecutor.doExecute(TestCaseExecutor.java:322)
	at com.kms.katalon.core.main.TestCaseExecutor.processExecutionPhase(TestCaseExecutor.java:301)
	at com.kms.katalon.core.main.TestCaseExecutor.accessMainPhase(TestCaseExecutor.java:293)
	at com.kms.katalon.core.main.TestCaseExecutor.execute(TestCaseExecutor.java:227)
	at com.kms.katalon.core.main.TestSuiteExecutor.accessTestCaseMainPhase(TestSuiteExecutor.java:129)
	at com.kms.katalon.core.main.TestSuiteExecutor.accessTestSuiteMainPhase(TestSuiteExecutor.java:112)
	at com.kms.katalon.core.main.TestSuiteExecutor.execute(TestSuiteExecutor.java:81)
	at com.kms.katalon.core.main.TestCaseMain.startTestSuite(TestCaseMain.java:157)
	at com.kms.katalon.core.main.TestCaseMain$startTestSuite$0.call(Unknown Source)
	at TempTestSuite1554979075443.run(TempTestSuite1554979075443.groovy:35)
Caused by: com.kms.katalon.core.webui.exception.WebElementNotFoundException: Web element with id: 'Object Repository/Page_KiboPush  Survey/button_delete1' located by 'By.xpath: /html/body/div[5]/div/div[2]/div/button' not found
	at com.kms.katalon.core.webui.common.WebUiCommonHelper.findWebElement(WebUiCommonHelper.java:1053)
	at com.kms.katalon.core.webui.keyword.internal.WebUIAbstractKeyword.findWebElement(WebUIAbstractKeyword.groovy:27)
	at com.kms.katalon.core.webui.keyword.internal.WebUIAbstractKeyword.findWebElement(WebUIAbstractKeyword.groovy:26)
	at com.kms.katalon.core.webui.keyword.builtin.ClickKeyword$_click_closure1.doCall(ClickKeyword.groovy:77)
	at com.kms.katalon.core.webui.keyword.builtin.ClickKeyword$_click_closure1.call(ClickKeyword.groovy)
	at com.kms.katalon.core.webui.keyword.internal.WebUIKeywordMain.runKeyword(WebUIKeywordMain.groovy:20)
	at com.kms.katalon.core.webui.keyword.builtin.ClickKeyword.click(ClickKeyword.groovy:86)
	at com.kms.katalon.core.webui.keyword.builtin.ClickKeyword.execute(ClickKeyword.groovy:67)
	at com.kms.katalon.core.keyword.internal.KeywordExecutor.executeKeywordForPlatform(KeywordExecutor.groovy:56)
	at com.kms.katalon.core.webui.keyword.WebUiBuiltInKeywords.click(WebUiBuiltInKeywords.groovy:616)
	at com.kms.katalon.core.webui.keyword.WebUiBuiltInKeywords$click$2.call(Unknown Source)
	at Script1533973953011.run(Script1533973953011.groovy:30)
	... 13 more


2019-04-11 16:15:17 - [TEST_STEP][PASSED] - callTestCase(findTestCase("s-sidebar_navigation/individualAccount/survey"), [:], STOP_ON_FAILURE): Call Test Case 'Test Cases/s-sidebar_navigation/individualAccount/survey' successfully

2019-04-11 16:15:17 - [TEST_CASE][PASSED] - Test Cases/s-sidebar_navigation/individualAccount/survey: Test Cases/s-sidebar_navigation/individualAccount/survey

2019-04-11 16:15:17 - [TEST_STEP][PASSED] - callTestCase(findTestCase("s-sidebar_navigation/individualAccount/Login_Muzamil - Staging"), [:], STOP_ON_FAILURE): Call Test Case 'Test Cases/s-sidebar_navigation/individualAccount/Login_Muzamil - Staging' successfully

2019-04-11 16:15:17 - [TEST_CASE][PASSED] - Test Cases/s-sidebar_navigation/individualAccount/Login_Muzamil - Staging: Test Cases/s-sidebar_navigation/individualAccount/Login_Muzamil - Staging

2019-04-11 16:15:17 - [TEST_STEP][PASSED] - openBrowser(""): Browser is opened with url: ''

2019-04-11 16:15:17 - [MESSAGE][WARNING] - A browser is already opened. Closing browser and opening a new one

2019-04-11 16:15:17 - [MESSAGE][INFO] - Starting 'Chrome' driver

2019-04-11 16:15:17 - [MESSAGE][PASSED] - Browser is opened with url: ''

2019-04-11 16:15:17 - [TEST_STEP][PASSED] - maximizeWindow(): Current window maximized

2019-04-11 16:15:17 - [MESSAGE][PASSED] - Current window maximized

2019-04-11 16:15:17 - [TEST_STEP][PASSED] - navigateToUrl("https://saccounts.cloudkibo.com/?continue=https://skiboengage.cloudkibo.com"): Navigate to 'https://saccounts.cloudkibo.com/?continue=https://skiboengage.cloudkibo.com' successfully

2019-04-11 16:15:28 - [MESSAGE][PASSED] - Navigate to 'https://saccounts.cloudkibo.com/?continue=https://skiboengage.cloudkibo.com' successfully

2019-04-11 16:15:28 - [TEST_STEP][PASSED] - delay(2): Delayed 2 second(s)

2019-04-11 16:15:30 - [MESSAGE][PASSED] - Delayed 2 second(s)

2019-04-11 16:15:30 - [TEST_STEP][PASSED] - click(findTestObject("Page_CloudKibo/a_Login (4)")): Object: 'Object Repository/Page_CloudKibo/a_Login (4)' is clicked on

2019-04-11 16:15:31 - [MESSAGE][PASSED] - Object: 'Object Repository/Page_CloudKibo/a_Login (4)' is clicked on

2019-04-11 16:15:31 - [TEST_STEP][PASSED] - setText(findTestObject("Page_CloudKibo/input_Sign In_email (3)"), "muzamil.bukhari.39@gmail.com"): Text 'muzamil.bukhari.39@gmail.com' is set on object 'Object Repository/Page_CloudKibo/input_Sign In_email (3)'

2019-04-11 16:15:32 - [MESSAGE][PASSED] - Text 'muzamil.bukhari.39@gmail.com' is set on object 'Object Repository/Page_CloudKibo/input_Sign In_email (3)'

2019-04-11 16:15:32 - [TEST_STEP][PASSED] - setEncryptedText(findTestObject("Page_CloudKibo/input_Sign In_password (3)"), "ZOMPkeJIpHVS6OGLcNHjig=="): Text ****** has been set on object 'Object Repository/Page_CloudKibo/input_Sign In_password (3)'

2019-04-11 16:15:32 - [MESSAGE][PASSED] - Text ****** has been set on object 'Object Repository/Page_CloudKibo/input_Sign In_password (3)'

2019-04-11 16:15:32 - [TEST_STEP][PASSED] - click(findTestObject("Page_CloudKibo/button_Sign In (7)")): Object: 'Object Repository/Page_CloudKibo/button_Sign In (7)' is clicked on

2019-04-11 16:15:32 - [MESSAGE][PASSED] - Object: 'Object Repository/Page_CloudKibo/button_Sign In (7)' is clicked on

2019-04-11 16:15:32 - [TEST_STEP][PASSED] - click(findTestObject("Page_KiboEngage  Dashboard/h4_KIBOPUSH (2)")): Object: 'Object Repository/Page_KiboEngage  Dashboard/h4_KIBOPUSH (2)' is clicked on

2019-04-11 16:16:01 - [MESSAGE][PASSED] - Object: 'Object Repository/Page_KiboEngage  Dashboard/h4_KIBOPUSH (2)' is clicked on

2019-04-11 16:16:01 - [MESSAGE][PASSED] - Call Test Case 'Test Cases/s-sidebar_navigation/individualAccount/Login_Muzamil - Staging' successfully

2019-04-11 16:16:01 - [TEST_STEP][PASSED] - click(findTestObject("Page_KiboPush  Dashboard/span_Broadcasting")): Object: 'Object Repository/Page_KiboPush  Dashboard/span_Broadcasting' is clicked on

2019-04-11 16:16:01 - [MESSAGE][PASSED] - Object: 'Object Repository/Page_KiboPush  Dashboard/span_Broadcasting' is clicked on

2019-04-11 16:16:01 - [TEST_STEP][PASSED] - delay(2): Delayed 2 second(s)

2019-04-11 16:16:03 - [MESSAGE][PASSED] - Delayed 2 second(s)

2019-04-11 16:16:03 - [TEST_STEP][PASSED] - click(findTestObject("Page_KiboPush  Dashboard/span_Surveys")): Object: 'Object Repository/Page_KiboPush  Dashboard/span_Surveys' is clicked on

2019-04-11 16:16:03 - [MESSAGE][PASSED] - Object: 'Object Repository/Page_KiboPush  Dashboard/span_Surveys' is clicked on

2019-04-11 16:16:03 - [TEST_STEP][PASSED] - delay(2): Delayed 2 second(s)

2019-04-11 16:16:05 - [MESSAGE][PASSED] - Delayed 2 second(s)

2019-04-11 16:16:05 - [TEST_STEP][PASSED] - click(findTestObject("Page_KiboPush  Survey/h3_Manage Surveys")): Object: 'Object Repository/Page_KiboPush  Survey/h3_Manage Surveys' is clicked on

2019-04-11 16:16:05 - [MESSAGE][PASSED] - Object: 'Object Repository/Page_KiboPush  Survey/h3_Manage Surveys' is clicked on

2019-04-11 16:16:05 - [MESSAGE][PASSED] - Call Test Case 'Test Cases/s-sidebar_navigation/individualAccount/survey' successfully

2019-04-11 16:16:05 - [TEST_STEP][PASSED] - delay(3): Delayed 3 second(s)

2019-04-11 16:16:08 - [MESSAGE][PASSED] - Delayed 3 second(s)

2019-04-11 16:16:08 - [TEST_STEP][PASSED] - click(findTestObject("Page_KiboPush  Survey/button_Delete")): Object: 'Object Repository/Page_KiboPush  Survey/button_Delete' is clicked on

2019-04-11 16:16:09 - [MESSAGE][PASSED] - Object: 'Object Repository/Page_KiboPush  Survey/button_Delete' is clicked on

2019-04-11 16:16:09 - [TEST_STEP][PASSED] - delay(2): Delayed 2 second(s)

2019-04-11 16:16:11 - [MESSAGE][PASSED] - Delayed 2 second(s)

2019-04-11 16:16:11 - [TEST_STEP][FAILED] - click(findTestObject("Page_KiboPush  Survey/button_delete1")): click(findTestObject("Page_KiboPush  Survey/button_delete1")) FAILED.
Reason:
com.kms.katalon.core.exception.StepFailedException: Unable to click on object 'Object Repository/Page_KiboPush  Survey/button_delete1'
	at com.kms.katalon.core.webui.keyword.internal.WebUIKeywordMain.stepFailed(WebUIKeywordMain.groovy:64)
	at com.kms.katalon.core.webui.keyword.internal.WebUIKeywordMain.runKeyword(WebUIKeywordMain.groovy:26)
	at com.kms.katalon.core.webui.keyword.builtin.ClickKeyword.click(ClickKeyword.groovy:86)
	at com.kms.katalon.core.webui.keyword.builtin.ClickKeyword.execute(ClickKeyword.groovy:67)
	at com.kms.katalon.core.keyword.internal.KeywordExecutor.executeKeywordForPlatform(KeywordExecutor.groovy:56)
	at com.kms.katalon.core.webui.keyword.WebUiBuiltInKeywords.click(WebUiBuiltInKeywords.groovy:616)
	at com.kms.katalon.core.webui.keyword.WebUiBuiltInKeywords$click$2.call(Unknown Source)
	at TC0244.run(TC0244:30)
	at com.kms.katalon.core.main.ScriptEngine.run(ScriptEngine.java:194)
	at com.kms.katalon.core.main.ScriptEngine.runScriptAsRawText(ScriptEngine.java:119)
	at com.kms.katalon.core.main.TestCaseExecutor.runScript(TestCaseExecutor.java:331)
	at com.kms.katalon.core.main.TestCaseExecutor.doExecute(TestCaseExecutor.java:322)
	at com.kms.katalon.core.main.TestCaseExecutor.processExecutionPhase(TestCaseExecutor.java:301)
	at com.kms.katalon.core.main.TestCaseExecutor.accessMainPhase(TestCaseExecutor.java:293)
	at com.kms.katalon.core.main.TestCaseExecutor.execute(TestCaseExecutor.java:227)
	at com.kms.katalon.core.main.TestSuiteExecutor.accessTestCaseMainPhase(TestSuiteExecutor.java:129)
	at com.kms.katalon.core.main.TestSuiteExecutor.accessTestSuiteMainPhase(TestSuiteExecutor.java:112)
	at com.kms.katalon.core.main.TestSuiteExecutor.execute(TestSuiteExecutor.java:81)
	at com.kms.katalon.core.main.TestCaseMain.startTestSuite(TestCaseMain.java:157)
	at com.kms.katalon.core.main.TestCaseMain$startTestSuite$0.call(Unknown Source)
	at TempTestSuite1554979075443.run(TempTestSuite1554979075443.groovy:35)
Caused by: com.kms.katalon.core.webui.exception.WebElementNotFoundException: Web element with id: 'Object Repository/Page_KiboPush  Survey/button_delete1' located by 'By.xpath: /html/body/div[5]/div/div[2]/div/button' not found
	at com.kms.katalon.core.webui.common.WebUiCommonHelper.findWebElement(WebUiCommonHelper.java:1053)
	at com.kms.katalon.core.webui.keyword.internal.WebUIAbstractKeyword.findWebElement(WebUIAbstractKeyword.groovy:27)
	at com.kms.katalon.core.webui.keyword.internal.WebUIAbstractKeyword.findWebElement(WebUIAbstractKeyword.groovy:26)
	at com.kms.katalon.core.webui.keyword.builtin.ClickKeyword$_click_closure1.doCall(ClickKeyword.groovy:77)
	at com.kms.katalon.core.webui.keyword.builtin.ClickKeyword$_click_closure1.call(ClickKeyword.groovy)
	at com.kms.katalon.core.webui.keyword.internal.WebUIKeywordMain.runKeyword(WebUIKeywordMain.groovy:20)
	at com.kms.katalon.core.webui.keyword.builtin.ClickKeyword.click(ClickKeyword.groovy:86)
	at com.kms.katalon.core.webui.keyword.builtin.ClickKeyword.execute(ClickKeyword.groovy:67)
	at com.kms.katalon.core.keyword.internal.KeywordExecutor.executeKeywordForPlatform(KeywordExecutor.groovy:56)
	at com.kms.katalon.core.webui.keyword.WebUiBuiltInKeywords.click(WebUiBuiltInKeywords.groovy:616)
	at com.kms.katalon.core.webui.keyword.WebUiBuiltInKeywords$click$2.call(Unknown Source)
	at Script1533973953011.run(Script1533973953011.groovy:30)
	... 13 more


2019-04-11 16:16:41 - [MESSAGE][INFO] - Unable to find the element located by 'By.xpath: /html/body/div[5]/div/div[2]/div/button'. Please recheck the objects properties to make sure the desired element is located. 

2019-04-11 16:16:41 - [MESSAGE][FAILED] - Unable to click on object 'Object Repository/Page_KiboPush  Survey/button_delete1' (Root cause: com.kms.katalon.core.exception.StepFailedException: Unable to click on object 'Object Repository/Page_KiboPush  Survey/button_delete1'
	at com.kms.katalon.core.webui.keyword.internal.WebUIKeywordMain.stepFailed(WebUIKeywordMain.groovy:64)
	at com.kms.katalon.core.webui.keyword.internal.WebUIKeywordMain.runKeyword(WebUIKeywordMain.groovy:26)
	at com.kms.katalon.core.webui.keyword.builtin.ClickKeyword.click(ClickKeyword.groovy:86)
	at com.kms.katalon.core.webui.keyword.builtin.ClickKeyword.execute(ClickKeyword.groovy:67)
	at com.kms.katalon.core.keyword.internal.KeywordExecutor.executeKeywordForPlatform(KeywordExecutor.groovy:56)
	at com.kms.katalon.core.webui.keyword.WebUiBuiltInKeywords.click(WebUiBuiltInKeywords.groovy:616)
	at com.kms.katalon.core.webui.keyword.WebUiBuiltInKeywords$click$2.call(Unknown Source)
	at TC0244.run(TC0244:30)
	at com.kms.katalon.core.main.ScriptEngine.run(ScriptEngine.java:194)
	at com.kms.katalon.core.main.ScriptEngine.runScriptAsRawText(ScriptEngine.java:119)
	at com.kms.katalon.core.main.TestCaseExecutor.runScript(TestCaseExecutor.java:331)
	at com.kms.katalon.core.main.TestCaseExecutor.doExecute(TestCaseExecutor.java:322)
	at com.kms.katalon.core.main.TestCaseExecutor.processExecutionPhase(TestCaseExecutor.java:301)
	at com.kms.katalon.core.main.TestCaseExecutor.accessMainPhase(TestCaseExecutor.java:293)
	at com.kms.katalon.core.main.TestCaseExecutor.execute(TestCaseExecutor.java:227)
	at com.kms.katalon.core.main.TestSuiteExecutor.accessTestCaseMainPhase(TestSuiteExecutor.java:129)
	at com.kms.katalon.core.main.TestSuiteExecutor.accessTestSuiteMainPhase(TestSuiteExecutor.java:112)
	at com.kms.katalon.core.main.TestSuiteExecutor.execute(TestSuiteExecutor.java:81)
	at com.kms.katalon.core.main.TestCaseMain.startTestSuite(TestCaseMain.java:157)
	at com.kms.katalon.core.main.TestCaseMain$startTestSuite$0.call(Unknown Source)
	at TempTestSuite1554979075443.run(TempTestSuite1554979075443.groovy:35)
Caused by: com.kms.katalon.core.webui.exception.WebElementNotFoundException: Web element with id: 'Object Repository/Page_KiboPush  Survey/button_delete1' located by 'By.xpath: /html/body/div[5]/div/div[2]/div/button' not found
	at com.kms.katalon.core.webui.common.WebUiCommonHelper.findWebElement(WebUiCommonHelper.java:1053)
	at com.kms.katalon.core.webui.keyword.internal.WebUIAbstractKeyword.findWebElement(WebUIAbstractKeyword.groovy:27)
	at com.kms.katalon.core.webui.keyword.internal.WebUIAbstractKeyword.findWebElement(WebUIAbstractKeyword.groovy:26)
	at com.kms.katalon.core.webui.keyword.builtin.ClickKeyword$_click_closure1.doCall(ClickKeyword.groovy:77)
	at com.kms.katalon.core.webui.keyword.builtin.ClickKeyword$_click_closure1.call(ClickKeyword.groovy)
	at com.kms.katalon.core.webui.keyword.internal.WebUIKeywordMain.runKeyword(WebUIKeywordMain.groovy:20)
	at com.kms.katalon.core.webui.keyword.builtin.ClickKeyword.click(ClickKeyword.groovy:86)
	at com.kms.katalon.core.webui.keyword.builtin.ClickKeyword.execute(ClickKeyword.groovy:67)
	at com.kms.katalon.core.keyword.internal.KeywordExecutor.executeKeywordForPlatform(KeywordExecutor.groovy:56)
	at com.kms.katalon.core.webui.keyword.WebUiBuiltInKeywords.click(WebUiBuiltInKeywords.groovy:616)
	at com.kms.katalon.core.webui.keyword.WebUiBuiltInKeywords$click$2.call(Unknown Source)
	at Script1533973953011.run(Script1533973953011.groovy:30)
	... 13 more
)
[[ATTACHMENT|/home/cloudkibo-muzamil/Downloads/Test cases/production/KiboPush/Reports/survey/20190411_153755/1554981401842.png]]

2019-04-11 16:16:41 - [MESSAGE][FAILED] - click(findTestObject("Page_KiboPush  Survey/button_delete1")) FAILED.
Reason:
com.kms.katalon.core.exception.StepFailedException: Unable to click on object 'Object Repository/Page_KiboPush  Survey/button_delete1'
	at com.kms.katalon.core.webui.keyword.internal.WebUIKeywordMain.stepFailed(WebUIKeywordMain.groovy:64)
	at com.kms.katalon.core.webui.keyword.internal.WebUIKeywordMain.runKeyword(WebUIKeywordMain.groovy:26)
	at com.kms.katalon.core.webui.keyword.builtin.ClickKeyword.click(ClickKeyword.groovy:86)
	at com.kms.katalon.core.webui.keyword.builtin.ClickKeyword.execute(ClickKeyword.groovy:67)
	at com.kms.katalon.core.keyword.internal.KeywordExecutor.executeKeywordForPlatform(KeywordExecutor.groovy:56)
	at com.kms.katalon.core.webui.keyword.WebUiBuiltInKeywords.click(WebUiBuiltInKeywords.groovy:616)
	at com.kms.katalon.core.webui.keyword.WebUiBuiltInKeywords$click$2.call(Unknown Source)
	at TC0244.run(TC0244:30)
	at com.kms.katalon.core.main.ScriptEngine.run(ScriptEngine.java:194)
	at com.kms.katalon.core.main.ScriptEngine.runScriptAsRawText(ScriptEngine.java:119)
	at com.kms.katalon.core.main.TestCaseExecutor.runScript(TestCaseExecutor.java:331)
	at com.kms.katalon.core.main.TestCaseExecutor.doExecute(TestCaseExecutor.java:322)
	at com.kms.katalon.core.main.TestCaseExecutor.processExecutionPhase(TestCaseExecutor.java:301)
	at com.kms.katalon.core.main.TestCaseExecutor.accessMainPhase(TestCaseExecutor.java:293)
	at com.kms.katalon.core.main.TestCaseExecutor.execute(TestCaseExecutor.java:227)
	at com.kms.katalon.core.main.TestSuiteExecutor.accessTestCaseMainPhase(TestSuiteExecutor.java:129)
	at com.kms.katalon.core.main.TestSuiteExecutor.accessTestSuiteMainPhase(TestSuiteExecutor.java:112)
	at com.kms.katalon.core.main.TestSuiteExecutor.execute(TestSuiteExecutor.java:81)
	at com.kms.katalon.core.main.TestCaseMain.startTestSuite(TestCaseMain.java:157)
	at com.kms.katalon.core.main.TestCaseMain$startTestSuite$0.call(Unknown Source)
	at TempTestSuite1554979075443.run(TempTestSuite1554979075443.groovy:35)
Caused by: com.kms.katalon.core.webui.exception.WebElementNotFoundException: Web element with id: 'Object Repository/Page_KiboPush  Survey/button_delete1' located by 'By.xpath: /html/body/div[5]/div/div[2]/div/button' not found
	at com.kms.katalon.core.webui.common.WebUiCommonHelper.findWebElement(WebUiCommonHelper.java:1053)
	at com.kms.katalon.core.webui.keyword.internal.WebUIAbstractKeyword.findWebElement(WebUIAbstractKeyword.groovy:27)
	at com.kms.katalon.core.webui.keyword.internal.WebUIAbstractKeyword.findWebElement(WebUIAbstractKeyword.groovy:26)
	at com.kms.katalon.core.webui.keyword.builtin.ClickKeyword$_click_closure1.doCall(ClickKeyword.groovy:77)
	at com.kms.katalon.core.webui.keyword.builtin.ClickKeyword$_click_closure1.call(ClickKeyword.groovy)
	at com.kms.katalon.core.webui.keyword.internal.WebUIKeywordMain.runKeyword(WebUIKeywordMain.groovy:20)
	at com.kms.katalon.core.webui.keyword.builtin.ClickKeyword.click(ClickKeyword.groovy:86)
	at com.kms.katalon.core.webui.keyword.builtin.ClickKeyword.execute(ClickKeyword.groovy:67)
	at com.kms.katalon.core.keyword.internal.KeywordExecutor.executeKeywordForPlatform(KeywordExecutor.groovy:56)
	at com.kms.katalon.core.webui.keyword.WebUiBuiltInKeywords.click(WebUiBuiltInKeywords.groovy:616)
	at com.kms.katalon.core.webui.keyword.WebUiBuiltInKeywords$click$2.call(Unknown Source)
	at Script1533973953011.run(Script1533973953011.groovy:30)
	... 13 more]]></system-out>
         <system-err><![CDATA[2019-04-11 16:15:17 - [TEST_CASE][FAILED] - Test Cases/Survey Test Cases/TC0244: Test Cases/Survey Test Cases/TC0244 FAILED.
Reason:
com.kms.katalon.core.exception.StepFailedException: Unable to click on object 'Object Repository/Page_KiboPush  Survey/button_delete1'
	at com.kms.katalon.core.webui.keyword.internal.WebUIKeywordMain.stepFailed(WebUIKeywordMain.groovy:64)
	at com.kms.katalon.core.webui.keyword.internal.WebUIKeywordMain.runKeyword(WebUIKeywordMain.groovy:26)
	at com.kms.katalon.core.webui.keyword.builtin.ClickKeyword.click(ClickKeyword.groovy:86)
	at com.kms.katalon.core.webui.keyword.builtin.ClickKeyword.execute(ClickKeyword.groovy:67)
	at com.kms.katalon.core.keyword.internal.KeywordExecutor.executeKeywordForPlatform(KeywordExecutor.groovy:56)
	at com.kms.katalon.core.webui.keyword.WebUiBuiltInKeywords.click(WebUiBuiltInKeywords.groovy:616)
	at com.kms.katalon.core.webui.keyword.WebUiBuiltInKeywords$click$2.call(Unknown Source)
	at TC0244.run(TC0244:30)
	at com.kms.katalon.core.main.ScriptEngine.run(ScriptEngine.java:194)
	at com.kms.katalon.core.main.ScriptEngine.runScriptAsRawText(ScriptEngine.java:119)
	at com.kms.katalon.core.main.TestCaseExecutor.runScript(TestCaseExecutor.java:331)
	at com.kms.katalon.core.main.TestCaseExecutor.doExecute(TestCaseExecutor.java:322)
	at com.kms.katalon.core.main.TestCaseExecutor.processExecutionPhase(TestCaseExecutor.java:301)
	at com.kms.katalon.core.main.TestCaseExecutor.accessMainPhase(TestCaseExecutor.java:293)
	at com.kms.katalon.core.main.TestCaseExecutor.execute(TestCaseExecutor.java:227)
	at com.kms.katalon.core.main.TestSuiteExecutor.accessTestCaseMainPhase(TestSuiteExecutor.java:129)
	at com.kms.katalon.core.main.TestSuiteExecutor.accessTestSuiteMainPhase(TestSuiteExecutor.java:112)
	at com.kms.katalon.core.main.TestSuiteExecutor.execute(TestSuiteExecutor.java:81)
	at com.kms.katalon.core.main.TestCaseMain.startTestSuite(TestCaseMain.java:157)
	at com.kms.katalon.core.main.TestCaseMain$startTestSuite$0.call(Unknown Source)
	at TempTestSuite1554979075443.run(TempTestSuite1554979075443.groovy:35)
Caused by: com.kms.katalon.core.webui.exception.WebElementNotFoundException: Web element with id: 'Object Repository/Page_KiboPush  Survey/button_delete1' located by 'By.xpath: /html/body/div[5]/div/div[2]/div/button' not found
	at com.kms.katalon.core.webui.common.WebUiCommonHelper.findWebElement(WebUiCommonHelper.java:1053)
	at com.kms.katalon.core.webui.keyword.internal.WebUIAbstractKeyword.findWebElement(WebUIAbstractKeyword.groovy:27)
	at com.kms.katalon.core.webui.keyword.internal.WebUIAbstractKeyword.findWebElement(WebUIAbstractKeyword.groovy:26)
	at com.kms.katalon.core.webui.keyword.builtin.ClickKeyword$_click_closure1.doCall(ClickKeyword.groovy:77)
	at com.kms.katalon.core.webui.keyword.builtin.ClickKeyword$_click_closure1.call(ClickKeyword.groovy)
	at com.kms.katalon.core.webui.keyword.internal.WebUIKeywordMain.runKeyword(WebUIKeywordMain.groovy:20)
	at com.kms.katalon.core.webui.keyword.builtin.ClickKeyword.click(ClickKeyword.groovy:86)
	at com.kms.katalon.core.webui.keyword.builtin.ClickKeyword.execute(ClickKeyword.groovy:67)
	at com.kms.katalon.core.keyword.internal.KeywordExecutor.executeKeywordForPlatform(KeywordExecutor.groovy:56)
	at com.kms.katalon.core.webui.keyword.WebUiBuiltInKeywords.click(WebUiBuiltInKeywords.groovy:616)
	at com.kms.katalon.core.webui.keyword.WebUiBuiltInKeywords$click$2.call(Unknown Source)
	at Script1533973953011.run(Script1533973953011.groovy:30)
	... 13 more]]></system-err>
      </testcase>
      <testcase name="Test Cases/Survey Test Cases/TC0255" classname="Test Cases/Survey Test Cases/TC0255" status="PASSED">
         <system-out><![CDATA[2019-04-11 16:16:42 - [TEST_CASE][PASSED] - Test Cases/Survey Test Cases/TC0255: Test Cases/Survey Test Cases/TC0255

2019-04-11 16:16:42 - [TEST_STEP][PASSED] - callTestCase(findTestCase("s-sidebar_navigation/individualAccount/survey"), [:], STOP_ON_FAILURE): Call Test Case 'Test Cases/s-sidebar_navigation/individualAccount/survey' successfully

2019-04-11 16:16:42 - [TEST_CASE][PASSED] - Test Cases/s-sidebar_navigation/individualAccount/survey: Test Cases/s-sidebar_navigation/individualAccount/survey

2019-04-11 16:16:42 - [TEST_STEP][PASSED] - callTestCase(findTestCase("s-sidebar_navigation/individualAccount/Login_Muzamil - Staging"), [:], STOP_ON_FAILURE): Call Test Case 'Test Cases/s-sidebar_navigation/individualAccount/Login_Muzamil - Staging' successfully

2019-04-11 16:16:42 - [TEST_CASE][PASSED] - Test Cases/s-sidebar_navigation/individualAccount/Login_Muzamil - Staging: Test Cases/s-sidebar_navigation/individualAccount/Login_Muzamil - Staging

2019-04-11 16:16:42 - [TEST_STEP][PASSED] - openBrowser(""): Browser is opened with url: ''

2019-04-11 16:16:42 - [MESSAGE][WARNING] - A browser is already opened. Closing browser and opening a new one

2019-04-11 16:16:42 - [MESSAGE][INFO] - Starting 'Chrome' driver

2019-04-11 16:16:42 - [MESSAGE][PASSED] - Browser is opened with url: ''

2019-04-11 16:16:42 - [TEST_STEP][PASSED] - maximizeWindow(): Current window maximized

2019-04-11 16:16:43 - [MESSAGE][PASSED] - Current window maximized

2019-04-11 16:16:43 - [TEST_STEP][PASSED] - navigateToUrl("https://saccounts.cloudkibo.com/?continue=https://skiboengage.cloudkibo.com"): Navigate to 'https://saccounts.cloudkibo.com/?continue=https://skiboengage.cloudkibo.com' successfully

2019-04-11 16:16:55 - [MESSAGE][PASSED] - Navigate to 'https://saccounts.cloudkibo.com/?continue=https://skiboengage.cloudkibo.com' successfully

2019-04-11 16:16:55 - [TEST_STEP][PASSED] - delay(2): Delayed 2 second(s)

2019-04-11 16:16:57 - [MESSAGE][PASSED] - Delayed 2 second(s)

2019-04-11 16:16:57 - [TEST_STEP][PASSED] - click(findTestObject("Page_CloudKibo/a_Login (4)")): Object: 'Object Repository/Page_CloudKibo/a_Login (4)' is clicked on

2019-04-11 16:16:58 - [MESSAGE][PASSED] - Object: 'Object Repository/Page_CloudKibo/a_Login (4)' is clicked on

2019-04-11 16:16:58 - [TEST_STEP][PASSED] - setText(findTestObject("Page_CloudKibo/input_Sign In_email (3)"), "muzamil.bukhari.39@gmail.com"): Text 'muzamil.bukhari.39@gmail.com' is set on object 'Object Repository/Page_CloudKibo/input_Sign In_email (3)'

2019-04-11 16:16:58 - [MESSAGE][PASSED] - Text 'muzamil.bukhari.39@gmail.com' is set on object 'Object Repository/Page_CloudKibo/input_Sign In_email (3)'

2019-04-11 16:16:58 - [TEST_STEP][PASSED] - setEncryptedText(findTestObject("Page_CloudKibo/input_Sign In_password (3)"), "ZOMPkeJIpHVS6OGLcNHjig=="): Text ****** has been set on object 'Object Repository/Page_CloudKibo/input_Sign In_password (3)'

2019-04-11 16:16:58 - [MESSAGE][PASSED] - Text ****** has been set on object 'Object Repository/Page_CloudKibo/input_Sign In_password (3)'

2019-04-11 16:16:58 - [TEST_STEP][PASSED] - click(findTestObject("Page_CloudKibo/button_Sign In (7)")): Object: 'Object Repository/Page_CloudKibo/button_Sign In (7)' is clicked on

2019-04-11 16:16:58 - [MESSAGE][PASSED] - Object: 'Object Repository/Page_CloudKibo/button_Sign In (7)' is clicked on

2019-04-11 16:16:58 - [TEST_STEP][PASSED] - click(findTestObject("Page_KiboEngage  Dashboard/h4_KIBOPUSH (2)")): Object: 'Object Repository/Page_KiboEngage  Dashboard/h4_KIBOPUSH (2)' is clicked on

2019-04-11 16:17:42 - [MESSAGE][PASSED] - Object: 'Object Repository/Page_KiboEngage  Dashboard/h4_KIBOPUSH (2)' is clicked on

2019-04-11 16:17:42 - [MESSAGE][PASSED] - Call Test Case 'Test Cases/s-sidebar_navigation/individualAccount/Login_Muzamil - Staging' successfully

2019-04-11 16:17:42 - [TEST_STEP][PASSED] - click(findTestObject("Page_KiboPush  Dashboard/span_Broadcasting")): Object: 'Object Repository/Page_KiboPush  Dashboard/span_Broadcasting' is clicked on

2019-04-11 16:17:42 - [MESSAGE][PASSED] - Object: 'Object Repository/Page_KiboPush  Dashboard/span_Broadcasting' is clicked on

2019-04-11 16:17:42 - [TEST_STEP][PASSED] - delay(2): Delayed 2 second(s)

2019-04-11 16:17:44 - [MESSAGE][PASSED] - Delayed 2 second(s)

2019-04-11 16:17:44 - [TEST_STEP][PASSED] - click(findTestObject("Page_KiboPush  Dashboard/span_Surveys")): Object: 'Object Repository/Page_KiboPush  Dashboard/span_Surveys' is clicked on

2019-04-11 16:17:44 - [MESSAGE][PASSED] - Object: 'Object Repository/Page_KiboPush  Dashboard/span_Surveys' is clicked on

2019-04-11 16:17:44 - [TEST_STEP][PASSED] - delay(2): Delayed 2 second(s)

2019-04-11 16:17:46 - [MESSAGE][PASSED] - Delayed 2 second(s)

2019-04-11 16:17:46 - [TEST_STEP][PASSED] - click(findTestObject("Page_KiboPush  Survey/h3_Manage Surveys")): Object: 'Object Repository/Page_KiboPush  Survey/h3_Manage Surveys' is clicked on

2019-04-11 16:17:47 - [MESSAGE][PASSED] - Object: 'Object Repository/Page_KiboPush  Survey/h3_Manage Surveys' is clicked on

2019-04-11 16:17:47 - [MESSAGE][PASSED] - Call Test Case 'Test Cases/s-sidebar_navigation/individualAccount/survey' successfully

2019-04-11 16:17:47 - [TEST_STEP][PASSED] - click(findTestObject("Object Repository/Page_KiboPush  Survey/button_Report")): Object: 'Object Repository/Page_KiboPush  Survey/button_Report' is clicked on

2019-04-11 16:17:47 - [MESSAGE][PASSED] - Object: 'Object Repository/Page_KiboPush  Survey/button_Report' is clicked on

2019-04-11 16:17:47 - [TEST_STEP][PASSED] - click(findTestObject("Object Repository/Page_KiboPush  Survey/h4_Survey Questions")): Object: 'Object Repository/Page_KiboPush  Survey/h4_Survey Questions' is clicked on

2019-04-11 16:17:47 - [MESSAGE][PASSED] - Object: 'Object Repository/Page_KiboPush  Survey/h4_Survey Questions' is clicked on]]></system-out>
         <system-err><![CDATA[]]></system-err>
      </testcase>
      <testcase name="Test Cases/Survey Test Cases/TC0256" classname="Test Cases/Survey Test Cases/TC0256" status="PASSED">
         <system-out><![CDATA[2019-04-11 16:17:47 - [TEST_CASE][PASSED] - Test Cases/Survey Test Cases/TC0256: Test Cases/Survey Test Cases/TC0256

2019-04-11 16:17:47 - [TEST_STEP][PASSED] - callTestCase(findTestCase("s-sidebar_navigation/individualAccount/survey"), [:], STOP_ON_FAILURE): Call Test Case 'Test Cases/s-sidebar_navigation/individualAccount/survey' successfully

2019-04-11 16:17:47 - [TEST_CASE][PASSED] - Test Cases/s-sidebar_navigation/individualAccount/survey: Test Cases/s-sidebar_navigation/individualAccount/survey

2019-04-11 16:17:47 - [TEST_STEP][PASSED] - callTestCase(findTestCase("s-sidebar_navigation/individualAccount/Login_Muzamil - Staging"), [:], STOP_ON_FAILURE): Call Test Case 'Test Cases/s-sidebar_navigation/individualAccount/Login_Muzamil - Staging' successfully

2019-04-11 16:17:47 - [TEST_CASE][PASSED] - Test Cases/s-sidebar_navigation/individualAccount/Login_Muzamil - Staging: Test Cases/s-sidebar_navigation/individualAccount/Login_Muzamil - Staging

2019-04-11 16:17:47 - [TEST_STEP][PASSED] - openBrowser(""): Browser is opened with url: ''

2019-04-11 16:17:47 - [MESSAGE][WARNING] - A browser is already opened. Closing browser and opening a new one

2019-04-11 16:17:47 - [MESSAGE][INFO] - Starting 'Chrome' driver

2019-04-11 16:17:48 - [MESSAGE][PASSED] - Browser is opened with url: ''

2019-04-11 16:17:48 - [TEST_STEP][PASSED] - maximizeWindow(): Current window maximized

2019-04-11 16:17:48 - [MESSAGE][PASSED] - Current window maximized

2019-04-11 16:17:48 - [TEST_STEP][PASSED] - navigateToUrl("https://saccounts.cloudkibo.com/?continue=https://skiboengage.cloudkibo.com"): Navigate to 'https://saccounts.cloudkibo.com/?continue=https://skiboengage.cloudkibo.com' successfully

2019-04-11 16:18:00 - [MESSAGE][PASSED] - Navigate to 'https://saccounts.cloudkibo.com/?continue=https://skiboengage.cloudkibo.com' successfully

2019-04-11 16:18:00 - [TEST_STEP][PASSED] - delay(2): Delayed 2 second(s)

2019-04-11 16:18:02 - [MESSAGE][PASSED] - Delayed 2 second(s)

2019-04-11 16:18:02 - [TEST_STEP][PASSED] - click(findTestObject("Page_CloudKibo/a_Login (4)")): Object: 'Object Repository/Page_CloudKibo/a_Login (4)' is clicked on

2019-04-11 16:18:03 - [MESSAGE][PASSED] - Object: 'Object Repository/Page_CloudKibo/a_Login (4)' is clicked on

2019-04-11 16:18:03 - [TEST_STEP][PASSED] - setText(findTestObject("Page_CloudKibo/input_Sign In_email (3)"), "muzamil.bukhari.39@gmail.com"): Text 'muzamil.bukhari.39@gmail.com' is set on object 'Object Repository/Page_CloudKibo/input_Sign In_email (3)'

2019-04-11 16:18:03 - [MESSAGE][PASSED] - Text 'muzamil.bukhari.39@gmail.com' is set on object 'Object Repository/Page_CloudKibo/input_Sign In_email (3)'

2019-04-11 16:18:03 - [TEST_STEP][PASSED] - setEncryptedText(findTestObject("Page_CloudKibo/input_Sign In_password (3)"), "ZOMPkeJIpHVS6OGLcNHjig=="): Text ****** has been set on object 'Object Repository/Page_CloudKibo/input_Sign In_password (3)'

2019-04-11 16:18:04 - [MESSAGE][PASSED] - Text ****** has been set on object 'Object Repository/Page_CloudKibo/input_Sign In_password (3)'

2019-04-11 16:18:04 - [TEST_STEP][PASSED] - click(findTestObject("Page_CloudKibo/button_Sign In (7)")): Object: 'Object Repository/Page_CloudKibo/button_Sign In (7)' is clicked on

2019-04-11 16:18:04 - [MESSAGE][PASSED] - Object: 'Object Repository/Page_CloudKibo/button_Sign In (7)' is clicked on

2019-04-11 16:18:04 - [TEST_STEP][PASSED] - click(findTestObject("Page_KiboEngage  Dashboard/h4_KIBOPUSH (2)")): Object: 'Object Repository/Page_KiboEngage  Dashboard/h4_KIBOPUSH (2)' is clicked on

2019-04-11 16:18:36 - [MESSAGE][PASSED] - Object: 'Object Repository/Page_KiboEngage  Dashboard/h4_KIBOPUSH (2)' is clicked on

2019-04-11 16:18:36 - [MESSAGE][PASSED] - Call Test Case 'Test Cases/s-sidebar_navigation/individualAccount/Login_Muzamil - Staging' successfully

2019-04-11 16:18:36 - [TEST_STEP][PASSED] - click(findTestObject("Page_KiboPush  Dashboard/span_Broadcasting")): Object: 'Object Repository/Page_KiboPush  Dashboard/span_Broadcasting' is clicked on

2019-04-11 16:18:36 - [MESSAGE][PASSED] - Object: 'Object Repository/Page_KiboPush  Dashboard/span_Broadcasting' is clicked on

2019-04-11 16:18:36 - [TEST_STEP][PASSED] - delay(2): Delayed 2 second(s)

2019-04-11 16:18:38 - [MESSAGE][PASSED] - Delayed 2 second(s)

2019-04-11 16:18:38 - [TEST_STEP][PASSED] - click(findTestObject("Page_KiboPush  Dashboard/span_Surveys")): Object: 'Object Repository/Page_KiboPush  Dashboard/span_Surveys' is clicked on

2019-04-11 16:18:38 - [MESSAGE][PASSED] - Object: 'Object Repository/Page_KiboPush  Dashboard/span_Surveys' is clicked on

2019-04-11 16:18:38 - [TEST_STEP][PASSED] - delay(2): Delayed 2 second(s)

2019-04-11 16:18:40 - [MESSAGE][PASSED] - Delayed 2 second(s)

2019-04-11 16:18:40 - [TEST_STEP][PASSED] - click(findTestObject("Page_KiboPush  Survey/h3_Manage Surveys")): Object: 'Object Repository/Page_KiboPush  Survey/h3_Manage Surveys' is clicked on

2019-04-11 16:18:40 - [MESSAGE][PASSED] - Object: 'Object Repository/Page_KiboPush  Survey/h3_Manage Surveys' is clicked on

2019-04-11 16:18:40 - [MESSAGE][PASSED] - Call Test Case 'Test Cases/s-sidebar_navigation/individualAccount/survey' successfully

2019-04-11 16:18:40 - [TEST_STEP][PASSED] - click(findTestObject("Page_KiboPush  Survey/button_Report")): Object: 'Object Repository/Page_KiboPush  Survey/button_Report' is clicked on

2019-04-11 16:18:40 - [MESSAGE][PASSED] - Object: 'Object Repository/Page_KiboPush  Survey/button_Report' is clicked on

2019-04-11 16:18:40 - [TEST_STEP][PASSED] - click(findTestObject("Page_KiboPush  Survey/button_Back")): Object: 'Object Repository/Page_KiboPush  Survey/button_Back' is clicked on

2019-04-11 16:18:40 - [MESSAGE][PASSED] - Object: 'Object Repository/Page_KiboPush  Survey/button_Back' is clicked on

2019-04-11 16:18:40 - [TEST_STEP][PASSED] - scrollToPosition(0, 0): Browser is scrolled to position x = 0, y = 0

2019-04-11 16:18:40 - [MESSAGE][PASSED] - Browser is scrolled to position x = 0, y = 0

2019-04-11 16:18:40 - [TEST_STEP][PASSED] - click(findTestObject("Page_KiboPush  Survey/h3_Surveys")): Object: 'Object Repository/Page_KiboPush  Survey/h3_Surveys' is clicked on

2019-04-11 16:18:40 - [MESSAGE][PASSED] - Object: 'Object Repository/Page_KiboPush  Survey/h3_Surveys' is clicked on]]></system-out>
         <system-err><![CDATA[]]></system-err>
      </testcase>
      <system-out><![CDATA[2019-04-11 15:37:56 - [TEST_SUITE][FAILED] - survey: Test Cases/Survey Test Cases/TC0209 FAILED.
Reason:
com.kms.katalon.core.exception.StepFailedException: Actual text '1' and expected text '0' are not matched
	at com.kms.katalon.core.keyword.builtin.VerifyMatchKeyword$_verifyMatch_closure1.doCall(VerifyMatchKeyword.groovy:57)
	at com.kms.katalon.core.keyword.builtin.VerifyMatchKeyword$_verifyMatch_closure1.call(VerifyMatchKeyword.groovy)
	at com.kms.katalon.core.keyword.internal.KeywordMain.runKeyword(KeywordMain.groovy:66)
	at com.kms.katalon.core.keyword.builtin.VerifyMatchKeyword.verifyMatch(VerifyMatchKeyword.groovy:60)
	at com.kms.katalon.core.keyword.builtin.VerifyMatchKeyword.execute(VerifyMatchKeyword.groovy:45)
	at com.kms.katalon.core.keyword.internal.KeywordExecutor.executeKeywordForPlatform(KeywordExecutor.groovy:56)
	at com.kms.katalon.core.keyword.BuiltinKeywords.verifyMatch(BuiltinKeywords.groovy:73)
	at TC0209.run(TC0209:62)
	at com.kms.katalon.core.main.ScriptEngine.run(ScriptEngine.java:194)
	at com.kms.katalon.core.main.ScriptEngine.runScriptAsRawText(ScriptEngine.java:119)
	at com.kms.katalon.core.main.TestCaseExecutor.runScript(TestCaseExecutor.java:331)
	at com.kms.katalon.core.main.TestCaseExecutor.doExecute(TestCaseExecutor.java:322)
	at com.kms.katalon.core.main.TestCaseExecutor.processExecutionPhase(TestCaseExecutor.java:301)
	at com.kms.katalon.core.main.TestCaseExecutor.accessMainPhase(TestCaseExecutor.java:293)
	at com.kms.katalon.core.main.TestCaseExecutor.execute(TestCaseExecutor.java:227)
	at com.kms.katalon.core.main.TestSuiteExecutor.accessTestCaseMainPhase(TestSuiteExecutor.java:129)
	at com.kms.katalon.core.main.TestSuiteExecutor.accessTestSuiteMainPhase(TestSuiteExecutor.java:112)
	at com.kms.katalon.core.main.TestSuiteExecutor.execute(TestSuiteExecutor.java:81)
	at com.kms.katalon.core.main.TestCaseMain.startTestSuite(TestCaseMain.java:157)
	at com.kms.katalon.core.main.TestCaseMain$startTestSuite$0.call(Unknown Source)
	at TempTestSuite1554979075443.run(TempTestSuite1554979075443.groovy:35)]]></system-out>
      <system-err><![CDATA[2019-04-11 15:37:56 - [TEST_SUITE][FAILED] - survey: Test Cases/Survey Test Cases/TC0209 FAILED.
Reason:
com.kms.katalon.core.exception.StepFailedException: Actual text '1' and expected text '0' are not matched
	at com.kms.katalon.core.keyword.builtin.VerifyMatchKeyword$_verifyMatch_closure1.doCall(VerifyMatchKeyword.groovy:57)
	at com.kms.katalon.core.keyword.builtin.VerifyMatchKeyword$_verifyMatch_closure1.call(VerifyMatchKeyword.groovy)
	at com.kms.katalon.core.keyword.internal.KeywordMain.runKeyword(KeywordMain.groovy:66)
	at com.kms.katalon.core.keyword.builtin.VerifyMatchKeyword.verifyMatch(VerifyMatchKeyword.groovy:60)
	at com.kms.katalon.core.keyword.builtin.VerifyMatchKeyword.execute(VerifyMatchKeyword.groovy:45)
	at com.kms.katalon.core.keyword.internal.KeywordExecutor.executeKeywordForPlatform(KeywordExecutor.groovy:56)
	at com.kms.katalon.core.keyword.BuiltinKeywords.verifyMatch(BuiltinKeywords.groovy:73)
	at TC0209.run(TC0209:62)
	at com.kms.katalon.core.main.ScriptEngine.run(ScriptEngine.java:194)
	at com.kms.katalon.core.main.ScriptEngine.runScriptAsRawText(ScriptEngine.java:119)
	at com.kms.katalon.core.main.TestCaseExecutor.runScript(TestCaseExecutor.java:331)
	at com.kms.katalon.core.main.TestCaseExecutor.doExecute(TestCaseExecutor.java:322)
	at com.kms.katalon.core.main.TestCaseExecutor.processExecutionPhase(TestCaseExecutor.java:301)
	at com.kms.katalon.core.main.TestCaseExecutor.accessMainPhase(TestCaseExecutor.java:293)
	at com.kms.katalon.core.main.TestCaseExecutor.execute(TestCaseExecutor.java:227)
	at com.kms.katalon.core.main.TestSuiteExecutor.accessTestCaseMainPhase(TestSuiteExecutor.java:129)
	at com.kms.katalon.core.main.TestSuiteExecutor.accessTestSuiteMainPhase(TestSuiteExecutor.java:112)
	at com.kms.katalon.core.main.TestSuiteExecutor.execute(TestSuiteExecutor.java:81)
	at com.kms.katalon.core.main.TestCaseMain.startTestSuite(TestCaseMain.java:157)
	at com.kms.katalon.core.main.TestCaseMain$startTestSuite$0.call(Unknown Source)
	at TempTestSuite1554979075443.run(TempTestSuite1554979075443.groovy:35)]]></system-err>
   </testsuite>
</testsuites>
