<?xml version="1.0" encoding="UTF-8"?>
<testsuites name="header" time="1122" tests="20" failures="2" errors="0">
   <testsuite name="header" tests="20" failures="2" errors="0" time="1122" timestamp="2019-04-16 14:05:50" hostname="cloudkibo-muzamil - cloudkibomuzamil-Precision-T1700" id="Test Suites/New suitesx/header">
      <properties>
         <property name="deviceName" value=""/>
         <property name="devicePlatform" value=""/>
         <property name="logFolder" value="/home/cloudkibo-muzamil/Downloads/Test cases/production/KiboPush/Reports/New suitesx/header/20190416_140543"/>
         <property name="logFiles" value="/home/cloudkibo-muzamil/Downloads/Test cases/production/KiboPush/Reports/New suitesx/header/20190416_140543/execution0.log"/>
         <property name="attachments" value="/home/cloudkibo-muzamil/Downloads/Test cases/production/KiboPush/Reports/New suitesx/header/20190416_140543/1555405842938.png, /home/cloudkibo-muzamil/Downloads/Test cases/production/KiboPush/Reports/New suitesx/header/20190416_140543/1555406351602.png"/>
         <property name="hostName" value="cloudkibo-muzamil - cloudkibomuzamil-Precision-T1700"/>
         <property name="os" value="Linux 64bit"/>
         <property name="katalonVersion" value="6.0.6.4"/>
         <property name="browser" value="Chrome 73.0.3683.86"/>
         <property name="hostAddress" value="127.0.1.1"/>
         <property name="sessionId" value="4f28e17a23f9bed9810779d0c8395c77"/>
         <property name="seleniumVersion" value="3.7.1"/>
         <property name="proxyInformation" value="ProxyInformation{proxyOption=NO_PROXY, proxyServerType=HTTP, password=, proxyServerAddress=, proxyServerPort=0}"/>
         <property name="platform" value="Linux"/>
      </properties>
      <testcase name="Test Cases/Test cases x/Header TestCases/TC11051" classname="Test Cases/Test cases x/Header TestCases/TC11051" status="PASSED">
         <system-out><![CDATA[2019-04-16 14:05:50 - [TEST_CASE][PASSED] - Test Cases/Test cases x/Header TestCases/TC11051: Test Cases/Test cases x/Header TestCases/TC11051

2019-04-16 14:05:51 - [TEST_STEP][PASSED] - callTestCase(findTestCase("Header TestCases/Login"), [:], STOP_ON_FAILURE): Call Test Case 'Test Cases/Header TestCases/Login' successfully

2019-04-16 14:05:51 - [TEST_CASE][PASSED] - Test Cases/Header TestCases/Login: Test Cases/Header TestCases/Login

2019-04-16 14:05:51 - [TEST_STEP][PASSED] - callTestCase(findTestCase("s-sidebar_navigation/individualAccount/Login-KiboEngage"), [:], STOP_ON_FAILURE): Call Test Case 'Test Cases/s-sidebar_navigation/individualAccount/Login-KiboEngage' successfully

2019-04-16 14:05:51 - [TEST_CASE][PASSED] - Test Cases/s-sidebar_navigation/individualAccount/Login-KiboEngage: Test Cases/s-sidebar_navigation/individualAccount/Login-KiboEngage

2019-04-16 14:05:51 - [TEST_STEP][PASSED] - openBrowser(""): Browser is opened with url: ''

2019-04-16 14:05:51 - [MESSAGE][INFO] - Starting 'Chrome' driver

2019-04-16 14:05:51 - [MESSAGE][INFO] - Action delay is set to 0 seconds

2019-04-16 14:05:52 - [MESSAGE][PASSED] - Browser is opened with url: ''

2019-04-16 14:05:52 - [TEST_STEP][PASSED] - maximizeWindow(): Current window maximized

2019-04-16 14:05:53 - [MESSAGE][PASSED] - Current window maximized

2019-04-16 14:05:53 - [TEST_STEP][PASSED] - navigateToUrl("https://kiboengage.cloudkibo.com/"): Navigate to 'https://kiboengage.cloudkibo.com/' successfully

2019-04-16 14:06:09 - [MESSAGE][PASSED] - Navigate to 'https://kiboengage.cloudkibo.com/' successfully

2019-04-16 14:06:09 - [TEST_STEP][PASSED] - navigateToUrl("https://accounts.cloudkibo.com/?continue=https://kiboengage.cloudkibo.com"): Navigate to 'https://accounts.cloudkibo.com/?continue=https://kiboengage.cloudkibo.com' successfully

2019-04-16 14:06:09 - [MESSAGE][PASSED] - Navigate to 'https://accounts.cloudkibo.com/?continue=https://kiboengage.cloudkibo.com' successfully

2019-04-16 14:06:09 - [TEST_STEP][PASSED] - click(findTestObject("Page_KiboPush/a_Login (9) (1)")): Object: 'Object Repository/Page_KiboPush/a_Login (9) (1)' is clicked on

2019-04-16 14:06:10 - [MESSAGE][PASSED] - Object: 'Object Repository/Page_KiboPush/a_Login (9) (1)' is clicked on

2019-04-16 14:06:10 - [TEST_STEP][PASSED] - setText(findTestObject("Page_KiboPush/input_email (10) (1)"), "individual@cloudkibo.com"): Text 'individual@cloudkibo.com' is set on object 'Object Repository/Page_KiboPush/input_email (10) (1)'

2019-04-16 14:06:10 - [MESSAGE][PASSED] - Text 'individual@cloudkibo.com' is set on object 'Object Repository/Page_KiboPush/input_email (10) (1)'

2019-04-16 14:06:10 - [TEST_STEP][PASSED] - setEncryptedText(findTestObject("Page_KiboPush/input_password (9) (1)"), "RigbBhfdqOBGNlJIWM1ClA=="): Text ****** has been set on object 'Object Repository/Page_KiboPush/input_password (9) (1)'

2019-04-16 14:06:10 - [MESSAGE][PASSED] - Text ****** has been set on object 'Object Repository/Page_KiboPush/input_password (9) (1)'

2019-04-16 14:06:10 - [TEST_STEP][PASSED] - click(findTestObject("Page_KiboPush/button_Sign In (10) (1)")): Object: 'Object Repository/Page_KiboPush/button_Sign In (10) (1)' is clicked on

2019-04-16 14:06:11 - [MESSAGE][PASSED] - Object: 'Object Repository/Page_KiboPush/button_Sign In (10) (1)' is clicked on

2019-04-16 14:06:11 - [TEST_STEP][PASSED] - navigateToUrl("https://kiboengage.cloudkibo.com/dashboard"): Navigate to 'https://kiboengage.cloudkibo.com/dashboard' successfully

2019-04-16 14:06:42 - [MESSAGE][PASSED] - Navigate to 'https://kiboengage.cloudkibo.com/dashboard' successfully

2019-04-16 14:06:42 - [TEST_STEP][PASSED] - click(findTestObject("Object Repository/Page_KiboPush  Dashboard/h3_Dashboard (57)")): Object: 'Object Repository/Page_KiboPush  Dashboard/h3_Dashboard (57)' is clicked on

2019-04-16 14:06:43 - [MESSAGE][PASSED] - Object: 'Object Repository/Page_KiboPush  Dashboard/h3_Dashboard (57)' is clicked on

2019-04-16 14:06:43 - [TEST_STEP][PASSED] - delay(3): Delayed 3 second(s)

2019-04-16 14:06:46 - [MESSAGE][PASSED] - Delayed 3 second(s)

2019-04-16 14:06:46 - [MESSAGE][PASSED] - Call Test Case 'Test Cases/s-sidebar_navigation/individualAccount/Login-KiboEngage' successfully

2019-04-16 14:06:46 - [MESSAGE][PASSED] - Call Test Case 'Test Cases/Header TestCases/Login' successfully]]></system-out>
         <system-err><![CDATA[]]></system-err>
      </testcase>
      <testcase name="Test Cases/Test cases x/Header TestCases/TC0096" classname="Test Cases/Test cases x/Header TestCases/TC0096" status="PASSED">
         <system-out><![CDATA[2019-04-16 14:06:46 - [TEST_CASE][PASSED] - Test Cases/Test cases x/Header TestCases/TC0096: Test Cases/Test cases x/Header TestCases/TC0096

2019-04-16 14:06:46 - [TEST_STEP][PASSED] - callTestCase(findTestCase("Header TestCases/Login"), [:], STOP_ON_FAILURE): Call Test Case 'Test Cases/Header TestCases/Login' successfully

2019-04-16 14:06:46 - [TEST_CASE][PASSED] - Test Cases/Header TestCases/Login: Test Cases/Header TestCases/Login

2019-04-16 14:06:46 - [TEST_STEP][PASSED] - callTestCase(findTestCase("s-sidebar_navigation/individualAccount/Login-KiboEngage"), [:], STOP_ON_FAILURE): Call Test Case 'Test Cases/s-sidebar_navigation/individualAccount/Login-KiboEngage' successfully

2019-04-16 14:06:46 - [TEST_CASE][PASSED] - Test Cases/s-sidebar_navigation/individualAccount/Login-KiboEngage: Test Cases/s-sidebar_navigation/individualAccount/Login-KiboEngage

2019-04-16 14:06:46 - [TEST_STEP][PASSED] - openBrowser(""): Browser is opened with url: ''

2019-04-16 14:06:46 - [MESSAGE][WARNING] - A browser is already opened. Closing browser and opening a new one

2019-04-16 14:06:46 - [MESSAGE][INFO] - Starting 'Chrome' driver

2019-04-16 14:06:47 - [MESSAGE][PASSED] - Browser is opened with url: ''

2019-04-16 14:06:47 - [TEST_STEP][PASSED] - maximizeWindow(): Current window maximized

2019-04-16 14:06:47 - [MESSAGE][PASSED] - Current window maximized

2019-04-16 14:06:47 - [TEST_STEP][PASSED] - navigateToUrl("https://kiboengage.cloudkibo.com/"): Navigate to 'https://kiboengage.cloudkibo.com/' successfully

2019-04-16 14:07:03 - [MESSAGE][PASSED] - Navigate to 'https://kiboengage.cloudkibo.com/' successfully

2019-04-16 14:07:03 - [TEST_STEP][PASSED] - navigateToUrl("https://accounts.cloudkibo.com/?continue=https://kiboengage.cloudkibo.com"): Navigate to 'https://accounts.cloudkibo.com/?continue=https://kiboengage.cloudkibo.com' successfully

2019-04-16 14:07:03 - [MESSAGE][PASSED] - Navigate to 'https://accounts.cloudkibo.com/?continue=https://kiboengage.cloudkibo.com' successfully

2019-04-16 14:07:03 - [TEST_STEP][PASSED] - click(findTestObject("Page_KiboPush/a_Login (9) (1)")): Object: 'Object Repository/Page_KiboPush/a_Login (9) (1)' is clicked on

2019-04-16 14:07:04 - [MESSAGE][PASSED] - Object: 'Object Repository/Page_KiboPush/a_Login (9) (1)' is clicked on

2019-04-16 14:07:04 - [TEST_STEP][PASSED] - setText(findTestObject("Page_KiboPush/input_email (10) (1)"), "individual@cloudkibo.com"): Text 'individual@cloudkibo.com' is set on object 'Object Repository/Page_KiboPush/input_email (10) (1)'

2019-04-16 14:07:04 - [MESSAGE][PASSED] - Text 'individual@cloudkibo.com' is set on object 'Object Repository/Page_KiboPush/input_email (10) (1)'

2019-04-16 14:07:04 - [TEST_STEP][PASSED] - setEncryptedText(findTestObject("Page_KiboPush/input_password (9) (1)"), "RigbBhfdqOBGNlJIWM1ClA=="): Text ****** has been set on object 'Object Repository/Page_KiboPush/input_password (9) (1)'

2019-04-16 14:07:05 - [MESSAGE][PASSED] - Text ****** has been set on object 'Object Repository/Page_KiboPush/input_password (9) (1)'

2019-04-16 14:07:05 - [TEST_STEP][PASSED] - click(findTestObject("Page_KiboPush/button_Sign In (10) (1)")): Object: 'Object Repository/Page_KiboPush/button_Sign In (10) (1)' is clicked on

2019-04-16 14:07:05 - [MESSAGE][PASSED] - Object: 'Object Repository/Page_KiboPush/button_Sign In (10) (1)' is clicked on

2019-04-16 14:07:05 - [TEST_STEP][PASSED] - navigateToUrl("https://kiboengage.cloudkibo.com/dashboard"): Navigate to 'https://kiboengage.cloudkibo.com/dashboard' successfully

2019-04-16 14:07:16 - [MESSAGE][PASSED] - Navigate to 'https://kiboengage.cloudkibo.com/dashboard' successfully

2019-04-16 14:07:16 - [TEST_STEP][PASSED] - click(findTestObject("Object Repository/Page_KiboPush  Dashboard/h3_Dashboard (57)")): Object: 'Object Repository/Page_KiboPush  Dashboard/h3_Dashboard (57)' is clicked on

2019-04-16 14:07:16 - [MESSAGE][PASSED] - Object: 'Object Repository/Page_KiboPush  Dashboard/h3_Dashboard (57)' is clicked on

2019-04-16 14:07:16 - [TEST_STEP][PASSED] - delay(3): Delayed 3 second(s)

2019-04-16 14:07:19 - [MESSAGE][PASSED] - Delayed 3 second(s)

2019-04-16 14:07:19 - [MESSAGE][PASSED] - Call Test Case 'Test Cases/s-sidebar_navigation/individualAccount/Login-KiboEngage' successfully

2019-04-16 14:07:19 - [MESSAGE][PASSED] - Call Test Case 'Test Cases/Header TestCases/Login' successfully]]></system-out>
         <system-err><![CDATA[]]></system-err>
      </testcase>
      <testcase name="Test Cases/Test cases x/Header TestCases/TC0100" classname="Test Cases/Test cases x/Header TestCases/TC0100" status="PASSED">
         <system-out><![CDATA[2019-04-16 14:07:19 - [TEST_CASE][PASSED] - Test Cases/Test cases x/Header TestCases/TC0100: Test Cases/Test cases x/Header TestCases/TC0100

2019-04-16 14:07:20 - [TEST_STEP][PASSED] - callTestCase(findTestCase("Header TestCases/Login"), [:], STOP_ON_FAILURE): Call Test Case 'Test Cases/Header TestCases/Login' successfully

2019-04-16 14:07:20 - [TEST_CASE][PASSED] - Test Cases/Header TestCases/Login: Test Cases/Header TestCases/Login

2019-04-16 14:07:20 - [TEST_STEP][PASSED] - callTestCase(findTestCase("s-sidebar_navigation/individualAccount/Login-KiboEngage"), [:], STOP_ON_FAILURE): Call Test Case 'Test Cases/s-sidebar_navigation/individualAccount/Login-KiboEngage' successfully

2019-04-16 14:07:20 - [TEST_CASE][PASSED] - Test Cases/s-sidebar_navigation/individualAccount/Login-KiboEngage: Test Cases/s-sidebar_navigation/individualAccount/Login-KiboEngage

2019-04-16 14:07:20 - [TEST_STEP][PASSED] - openBrowser(""): Browser is opened with url: ''

2019-04-16 14:07:20 - [MESSAGE][WARNING] - A browser is already opened. Closing browser and opening a new one

2019-04-16 14:07:20 - [MESSAGE][INFO] - Starting 'Chrome' driver

2019-04-16 14:07:20 - [MESSAGE][PASSED] - Browser is opened with url: ''

2019-04-16 14:07:20 - [TEST_STEP][PASSED] - maximizeWindow(): Current window maximized

2019-04-16 14:07:20 - [MESSAGE][PASSED] - Current window maximized

2019-04-16 14:07:20 - [TEST_STEP][PASSED] - navigateToUrl("https://kiboengage.cloudkibo.com/"): Navigate to 'https://kiboengage.cloudkibo.com/' successfully

2019-04-16 14:07:35 - [MESSAGE][PASSED] - Navigate to 'https://kiboengage.cloudkibo.com/' successfully

2019-04-16 14:07:35 - [TEST_STEP][PASSED] - navigateToUrl("https://accounts.cloudkibo.com/?continue=https://kiboengage.cloudkibo.com"): Navigate to 'https://accounts.cloudkibo.com/?continue=https://kiboengage.cloudkibo.com' successfully

2019-04-16 14:07:35 - [MESSAGE][PASSED] - Navigate to 'https://accounts.cloudkibo.com/?continue=https://kiboengage.cloudkibo.com' successfully

2019-04-16 14:07:35 - [TEST_STEP][PASSED] - click(findTestObject("Page_KiboPush/a_Login (9) (1)")): Object: 'Object Repository/Page_KiboPush/a_Login (9) (1)' is clicked on

2019-04-16 14:07:36 - [MESSAGE][PASSED] - Object: 'Object Repository/Page_KiboPush/a_Login (9) (1)' is clicked on

2019-04-16 14:07:36 - [TEST_STEP][PASSED] - setText(findTestObject("Page_KiboPush/input_email (10) (1)"), "individual@cloudkibo.com"): Text 'individual@cloudkibo.com' is set on object 'Object Repository/Page_KiboPush/input_email (10) (1)'

2019-04-16 14:07:36 - [MESSAGE][PASSED] - Text 'individual@cloudkibo.com' is set on object 'Object Repository/Page_KiboPush/input_email (10) (1)'

2019-04-16 14:07:36 - [TEST_STEP][PASSED] - setEncryptedText(findTestObject("Page_KiboPush/input_password (9) (1)"), "RigbBhfdqOBGNlJIWM1ClA=="): Text ****** has been set on object 'Object Repository/Page_KiboPush/input_password (9) (1)'

2019-04-16 14:07:37 - [MESSAGE][PASSED] - Text ****** has been set on object 'Object Repository/Page_KiboPush/input_password (9) (1)'

2019-04-16 14:07:37 - [TEST_STEP][PASSED] - click(findTestObject("Page_KiboPush/button_Sign In (10) (1)")): Object: 'Object Repository/Page_KiboPush/button_Sign In (10) (1)' is clicked on

2019-04-16 14:07:37 - [MESSAGE][PASSED] - Object: 'Object Repository/Page_KiboPush/button_Sign In (10) (1)' is clicked on

2019-04-16 14:07:37 - [TEST_STEP][PASSED] - navigateToUrl("https://kiboengage.cloudkibo.com/dashboard"): Navigate to 'https://kiboengage.cloudkibo.com/dashboard' successfully

2019-04-16 14:08:06 - [MESSAGE][PASSED] - Navigate to 'https://kiboengage.cloudkibo.com/dashboard' successfully

2019-04-16 14:08:06 - [TEST_STEP][PASSED] - click(findTestObject("Object Repository/Page_KiboPush  Dashboard/h3_Dashboard (57)")): Object: 'Object Repository/Page_KiboPush  Dashboard/h3_Dashboard (57)' is clicked on

2019-04-16 14:08:07 - [MESSAGE][PASSED] - Object: 'Object Repository/Page_KiboPush  Dashboard/h3_Dashboard (57)' is clicked on

2019-04-16 14:08:07 - [TEST_STEP][PASSED] - delay(3): Delayed 3 second(s)

2019-04-16 14:08:10 - [MESSAGE][PASSED] - Delayed 3 second(s)

2019-04-16 14:08:10 - [MESSAGE][PASSED] - Call Test Case 'Test Cases/s-sidebar_navigation/individualAccount/Login-KiboEngage' successfully

2019-04-16 14:08:10 - [MESSAGE][PASSED] - Call Test Case 'Test Cases/Header TestCases/Login' successfully]]></system-out>
         <system-err><![CDATA[]]></system-err>
      </testcase>
      <testcase name="Test Cases/Test cases x/Header TestCases/TC0101" classname="Test Cases/Test cases x/Header TestCases/TC0101" status="FAILED">
         <failure type="FAILED" message="Test Cases/Test cases x/Header TestCases/TC0101 FAILED.
Reason:
com.kms.katalon.core.exception.StepFailedException: Call Test Case 'Test Cases/Header TestCases/Login' failed
	at com.kms.katalon.core.keyword.builtin.CallTestCaseKeyword$_callTestCase_closure1.doCall(CallTestCaseKeyword.groovy:63)
	at com.kms.katalon.core.keyword.builtin.CallTestCaseKeyword$_callTestCase_closure1.call(CallTestCaseKeyword.groovy)
	at com.kms.katalon.core.keyword.internal.KeywordMain.runKeyword(KeywordMain.groovy:66)
	at com.kms.katalon.core.keyword.builtin.CallTestCaseKeyword.callTestCase(CallTestCaseKeyword.groovy:81)
	at com.kms.katalon.core.keyword.builtin.CallTestCaseKeyword.execute(CallTestCaseKeyword.groovy:44)
	at com.kms.katalon.core.keyword.internal.KeywordExecutor.executeKeywordForPlatform(KeywordExecutor.groovy:56)
	at com.kms.katalon.core.keyword.BuiltinKeywords.callTestCase(BuiltinKeywords.groovy:334)
	at TC0101.run(TC0101:22)
	at com.kms.katalon.core.main.ScriptEngine.run(ScriptEngine.java:194)
	at com.kms.katalon.core.main.ScriptEngine.runScriptAsRawText(ScriptEngine.java:119)
	at com.kms.katalon.core.main.TestCaseExecutor.runScript(TestCaseExecutor.java:331)
	at com.kms.katalon.core.main.TestCaseExecutor.doExecute(TestCaseExecutor.java:322)
	at com.kms.katalon.core.main.TestCaseExecutor.processExecutionPhase(TestCaseExecutor.java:301)
	at com.kms.katalon.core.main.TestCaseExecutor.accessMainPhase(TestCaseExecutor.java:293)
	at com.kms.katalon.core.main.TestCaseExecutor.execute(TestCaseExecutor.java:227)
	at com.kms.katalon.core.main.TestSuiteExecutor.accessTestCaseMainPhase(TestSuiteExecutor.java:129)
	at com.kms.katalon.core.main.TestSuiteExecutor.accessTestSuiteMainPhase(TestSuiteExecutor.java:112)
	at com.kms.katalon.core.main.TestSuiteExecutor.execute(TestSuiteExecutor.java:81)
	at com.kms.katalon.core.main.TestCaseMain.startTestSuite(TestCaseMain.java:157)
	at com.kms.katalon.core.main.TestCaseMain$startTestSuite$0.call(Unknown Source)
	at TempTestSuite1555405543194.run(TempTestSuite1555405543194.groovy:35)
Caused by: com.kms.katalon.core.exception.StepFailedException: Call Test Case 'Test Cases/s-sidebar_navigation/individualAccount/Login-KiboEngage' failed
	at com.kms.katalon.core.keyword.builtin.CallTestCaseKeyword$_callTestCase_closure1.doCall(CallTestCaseKeyword.groovy:63)
	at com.kms.katalon.core.keyword.builtin.CallTestCaseKeyword$_callTestCase_closure1.call(CallTestCaseKeyword.groovy)
	at com.kms.katalon.core.keyword.internal.KeywordMain.runKeyword(KeywordMain.groovy:66)
	at com.kms.katalon.core.keyword.builtin.CallTestCaseKeyword.callTestCase(CallTestCaseKeyword.groovy:81)
	at com.kms.katalon.core.keyword.builtin.CallTestCaseKeyword.execute(CallTestCaseKeyword.groovy:44)
	at com.kms.katalon.core.keyword.internal.KeywordExecutor.executeKeywordForPlatform(KeywordExecutor.groovy:56)
	at com.kms.katalon.core.keyword.BuiltinKeywords.callTestCase(BuiltinKeywords.groovy:334)
	at Login.run(Login:15)
	at com.kms.katalon.core.main.ScriptEngine.run(ScriptEngine.java:194)
	at com.kms.katalon.core.main.ScriptEngine.runScriptAsRawText(ScriptEngine.java:119)
	at com.kms.katalon.core.main.TestCaseExecutor.runScript(TestCaseExecutor.java:331)
	at com.kms.katalon.core.main.TestCaseExecutor.doExecute(TestCaseExecutor.java:322)
	at com.kms.katalon.core.main.TestCaseExecutor.processExecutionPhase(TestCaseExecutor.java:301)
	at com.kms.katalon.core.main.TestCaseExecutor.accessMainPhase(TestCaseExecutor.java:293)
	at com.kms.katalon.core.main.TestCaseExecutor.execute(TestCaseExecutor.java:227)
	at com.kms.katalon.core.main.TestCaseMain.runTestCase(TestCaseMain.java:114)
	at com.kms.katalon.core.keyword.builtin.CallTestCaseKeyword$_callTestCase_closure1.doCall(CallTestCaseKeyword.groovy:59)
	... 20 more
Caused by: com.kms.katalon.core.exception.StepFailedException: Unable to click on object 'Object Repository/Page_KiboPush  Dashboard/h3_Dashboard (57)'
	at com.kms.katalon.core.webui.keyword.internal.WebUIKeywordMain.stepFailed(WebUIKeywordMain.groovy:64)
	at com.kms.katalon.core.webui.keyword.internal.WebUIKeywordMain.runKeyword(WebUIKeywordMain.groovy:26)
	at com.kms.katalon.core.webui.keyword.builtin.ClickKeyword.click(ClickKeyword.groovy:86)
	at com.kms.katalon.core.webui.keyword.builtin.ClickKeyword.execute(ClickKeyword.groovy:67)
	at com.kms.katalon.core.keyword.internal.KeywordExecutor.executeKeywordForPlatform(KeywordExecutor.groovy:56)
	at com.kms.katalon.core.webui.keyword.WebUiBuiltInKeywords.click(WebUiBuiltInKeywords.groovy:616)
	at com.kms.katalon.core.webui.keyword.WebUiBuiltInKeywords$click$2.call(Unknown Source)
	at Login-KiboEngage.run(Login-KiboEngage:40)
	at com.kms.katalon.core.main.ScriptEngine.run(ScriptEngine.java:194)
	at com.kms.katalon.core.main.ScriptEngine.runScriptAsRawText(ScriptEngine.java:119)
	at com.kms.katalon.core.main.TestCaseExecutor.runScript(TestCaseExecutor.java:331)
	at com.kms.katalon.core.main.TestCaseExecutor.doExecute(TestCaseExecutor.java:322)
	at com.kms.katalon.core.main.TestCaseExecutor.processExecutionPhase(TestCaseExecutor.java:301)
	at com.kms.katalon.core.main.TestCaseExecutor.accessMainPhase(TestCaseExecutor.java:293)
	at com.kms.katalon.core.main.TestCaseExecutor.execute(TestCaseExecutor.java:227)
	at com.kms.katalon.core.main.TestCaseMain.runTestCase(TestCaseMain.java:114)
	at com.kms.katalon.core.keyword.builtin.CallTestCaseKeyword$_callTestCase_closure1.doCall(CallTestCaseKeyword.groovy:59)
	... 36 more
Caused by: com.kms.katalon.core.webui.exception.WebElementNotFoundException: Web element with id: 'Object Repository/Page_KiboPush  Dashboard/h3_Dashboard (57)' located by 'By.xpath: //h3[(text() = 'Dashboard' or . = 'Dashboard')]' not found
	at com.kms.katalon.core.webui.common.WebUiCommonHelper.findWebElement(WebUiCommonHelper.java:1053)
	at com.kms.katalon.core.webui.keyword.internal.WebUIAbstractKeyword.findWebElement(WebUIAbstractKeyword.groovy:27)
	at com.kms.katalon.core.webui.keyword.internal.WebUIAbstractKeyword.findWebElement(WebUIAbstractKeyword.groovy:26)
	at com.kms.katalon.core.webui.keyword.builtin.ClickKeyword$_click_closure1.doCall(ClickKeyword.groovy:77)
	at com.kms.katalon.core.webui.keyword.builtin.ClickKeyword$_click_closure1.call(ClickKeyword.groovy)
	at com.kms.katalon.core.webui.keyword.internal.WebUIKeywordMain.runKeyword(WebUIKeywordMain.groovy:20)
	at com.kms.katalon.core.webui.keyword.builtin.ClickKeyword.click(ClickKeyword.groovy:86)
	at com.kms.katalon.core.webui.keyword.builtin.ClickKeyword.execute(ClickKeyword.groovy:67)
	at com.kms.katalon.core.keyword.internal.KeywordExecutor.executeKeywordForPlatform(KeywordExecutor.groovy:56)
	at com.kms.katalon.core.webui.keyword.WebUiBuiltInKeywords.click(WebUiBuiltInKeywords.groovy:616)
	at com.kms.katalon.core.webui.keyword.WebUiBuiltInKeywords$click$2.call(Unknown Source)
	at Script1542870641933.run(Script1542870641933.groovy:40)
	at com.kms.katalon.core.main.ScriptEngine.run(ScriptEngine.java:194)
	at com.kms.katalon.core.main.ScriptEngine.runScriptAsRawText(ScriptEngine.java:119)
	at com.kms.katalon.core.main.TestCaseExecutor.runScript(TestCaseExecutor.java:331)
	at com.kms.katalon.core.main.TestCaseExecutor.doExecute(TestCaseExecutor.java:322)
	at com.kms.katalon.core.main.TestCaseExecutor.processExecutionPhase(TestCaseExecutor.java:301)
	at com.kms.katalon.core.main.TestCaseExecutor.accessMainPhase(TestCaseExecutor.java:293)
	at com.kms.katalon.core.main.TestCaseExecutor.execute(TestCaseExecutor.java:227)
	at com.kms.katalon.core.main.TestCaseMain.runTestCase(TestCaseMain.java:114)
	at com.kms.katalon.core.keyword.builtin.CallTestCaseKeyword$_callTestCase_closure1.doCall(CallTestCaseKeyword.groovy:59)
	at com.kms.katalon.core.keyword.builtin.CallTestCaseKeyword$_callTestCase_closure1.call(CallTestCaseKeyword.groovy)
	at com.kms.katalon.core.keyword.internal.KeywordMain.runKeyword(KeywordMain.groovy:66)
	at com.kms.katalon.core.keyword.builtin.CallTestCaseKeyword.callTestCase(CallTestCaseKeyword.groovy:81)
	at com.kms.katalon.core.keyword.builtin.CallTestCaseKeyword.execute(CallTestCaseKeyword.groovy:44)
	at com.kms.katalon.core.keyword.internal.KeywordExecutor.executeKeywordForPlatform(KeywordExecutor.groovy:56)
	at com.kms.katalon.core.keyword.BuiltinKeywords.callTestCase(BuiltinKeywords.groovy:334)
	at Script1535855240364.run(Script1535855240364.groovy:15)
	at com.kms.katalon.core.main.ScriptEngine.run(ScriptEngine.java:194)
	at com.kms.katalon.core.main.ScriptEngine.runScriptAsRawText(ScriptEngine.java:119)
	at com.kms.katalon.core.main.TestCaseExecutor.runScript(TestCaseExecutor.java:331)
	at com.kms.katalon.core.main.TestCaseExecutor.doExecute(TestCaseExecutor.java:322)
	at com.kms.katalon.core.main.TestCaseExecutor.processExecutionPhase(TestCaseExecutor.java:301)
	at com.kms.katalon.core.main.TestCaseExecutor.accessMainPhase(TestCaseExecutor.java:293)
	at com.kms.katalon.core.main.TestCaseExecutor.execute(TestCaseExecutor.java:227)
	at com.kms.katalon.core.main.TestCaseMain.runTestCase(TestCaseMain.java:114)
	at com.kms.katalon.core.keyword.builtin.CallTestCaseKeyword$_callTestCase_closure1.doCall(CallTestCaseKeyword.groovy:59)
	at com.kms.katalon.core.keyword.builtin.CallTestCaseKeyword$_callTestCase_closure1.call(CallTestCaseKeyword.groovy)
	at com.kms.katalon.core.keyword.internal.KeywordMain.runKeyword(KeywordMain.groovy:66)
	at com.kms.katalon.core.keyword.builtin.CallTestCaseKeyword.callTestCase(CallTestCaseKeyword.groovy:81)
	at com.kms.katalon.core.keyword.builtin.CallTestCaseKeyword.execute(CallTestCaseKeyword.groovy:44)
	at com.kms.katalon.core.keyword.internal.KeywordExecutor.executeKeywordForPlatform(KeywordExecutor.groovy:56)
	at com.kms.katalon.core.keyword.BuiltinKeywords.callTestCase(BuiltinKeywords.groovy:334)
	at Script1555055014122.run(Script1555055014122.groovy:22)
	... 13 more
"/>
         <system-out><![CDATA[2019-04-16 14:08:10 - [TEST_CASE][FAILED] - Test Cases/Test cases x/Header TestCases/TC0101: Test Cases/Test cases x/Header TestCases/TC0101 FAILED.
Reason:
com.kms.katalon.core.exception.StepFailedException: Call Test Case 'Test Cases/Header TestCases/Login' failed
	at com.kms.katalon.core.keyword.builtin.CallTestCaseKeyword$_callTestCase_closure1.doCall(CallTestCaseKeyword.groovy:63)
	at com.kms.katalon.core.keyword.builtin.CallTestCaseKeyword$_callTestCase_closure1.call(CallTestCaseKeyword.groovy)
	at com.kms.katalon.core.keyword.internal.KeywordMain.runKeyword(KeywordMain.groovy:66)
	at com.kms.katalon.core.keyword.builtin.CallTestCaseKeyword.callTestCase(CallTestCaseKeyword.groovy:81)
	at com.kms.katalon.core.keyword.builtin.CallTestCaseKeyword.execute(CallTestCaseKeyword.groovy:44)
	at com.kms.katalon.core.keyword.internal.KeywordExecutor.executeKeywordForPlatform(KeywordExecutor.groovy:56)
	at com.kms.katalon.core.keyword.BuiltinKeywords.callTestCase(BuiltinKeywords.groovy:334)
	at TC0101.run(TC0101:22)
	at com.kms.katalon.core.main.ScriptEngine.run(ScriptEngine.java:194)
	at com.kms.katalon.core.main.ScriptEngine.runScriptAsRawText(ScriptEngine.java:119)
	at com.kms.katalon.core.main.TestCaseExecutor.runScript(TestCaseExecutor.java:331)
	at com.kms.katalon.core.main.TestCaseExecutor.doExecute(TestCaseExecutor.java:322)
	at com.kms.katalon.core.main.TestCaseExecutor.processExecutionPhase(TestCaseExecutor.java:301)
	at com.kms.katalon.core.main.TestCaseExecutor.accessMainPhase(TestCaseExecutor.java:293)
	at com.kms.katalon.core.main.TestCaseExecutor.execute(TestCaseExecutor.java:227)
	at com.kms.katalon.core.main.TestSuiteExecutor.accessTestCaseMainPhase(TestSuiteExecutor.java:129)
	at com.kms.katalon.core.main.TestSuiteExecutor.accessTestSuiteMainPhase(TestSuiteExecutor.java:112)
	at com.kms.katalon.core.main.TestSuiteExecutor.execute(TestSuiteExecutor.java:81)
	at com.kms.katalon.core.main.TestCaseMain.startTestSuite(TestCaseMain.java:157)
	at com.kms.katalon.core.main.TestCaseMain$startTestSuite$0.call(Unknown Source)
	at TempTestSuite1555405543194.run(TempTestSuite1555405543194.groovy:35)
Caused by: com.kms.katalon.core.exception.StepFailedException: Call Test Case 'Test Cases/s-sidebar_navigation/individualAccount/Login-KiboEngage' failed
	at com.kms.katalon.core.keyword.builtin.CallTestCaseKeyword$_callTestCase_closure1.doCall(CallTestCaseKeyword.groovy:63)
	at com.kms.katalon.core.keyword.builtin.CallTestCaseKeyword$_callTestCase_closure1.call(CallTestCaseKeyword.groovy)
	at com.kms.katalon.core.keyword.internal.KeywordMain.runKeyword(KeywordMain.groovy:66)
	at com.kms.katalon.core.keyword.builtin.CallTestCaseKeyword.callTestCase(CallTestCaseKeyword.groovy:81)
	at com.kms.katalon.core.keyword.builtin.CallTestCaseKeyword.execute(CallTestCaseKeyword.groovy:44)
	at com.kms.katalon.core.keyword.internal.KeywordExecutor.executeKeywordForPlatform(KeywordExecutor.groovy:56)
	at com.kms.katalon.core.keyword.BuiltinKeywords.callTestCase(BuiltinKeywords.groovy:334)
	at Login.run(Login:15)
	at com.kms.katalon.core.main.ScriptEngine.run(ScriptEngine.java:194)
	at com.kms.katalon.core.main.ScriptEngine.runScriptAsRawText(ScriptEngine.java:119)
	at com.kms.katalon.core.main.TestCaseExecutor.runScript(TestCaseExecutor.java:331)
	at com.kms.katalon.core.main.TestCaseExecutor.doExecute(TestCaseExecutor.java:322)
	at com.kms.katalon.core.main.TestCaseExecutor.processExecutionPhase(TestCaseExecutor.java:301)
	at com.kms.katalon.core.main.TestCaseExecutor.accessMainPhase(TestCaseExecutor.java:293)
	at com.kms.katalon.core.main.TestCaseExecutor.execute(TestCaseExecutor.java:227)
	at com.kms.katalon.core.main.TestCaseMain.runTestCase(TestCaseMain.java:114)
	at com.kms.katalon.core.keyword.builtin.CallTestCaseKeyword$_callTestCase_closure1.doCall(CallTestCaseKeyword.groovy:59)
	... 20 more
Caused by: com.kms.katalon.core.exception.StepFailedException: Unable to click on object 'Object Repository/Page_KiboPush  Dashboard/h3_Dashboard (57)'
	at com.kms.katalon.core.webui.keyword.internal.WebUIKeywordMain.stepFailed(WebUIKeywordMain.groovy:64)
	at com.kms.katalon.core.webui.keyword.internal.WebUIKeywordMain.runKeyword(WebUIKeywordMain.groovy:26)
	at com.kms.katalon.core.webui.keyword.builtin.ClickKeyword.click(ClickKeyword.groovy:86)
	at com.kms.katalon.core.webui.keyword.builtin.ClickKeyword.execute(ClickKeyword.groovy:67)
	at com.kms.katalon.core.keyword.internal.KeywordExecutor.executeKeywordForPlatform(KeywordExecutor.groovy:56)
	at com.kms.katalon.core.webui.keyword.WebUiBuiltInKeywords.click(WebUiBuiltInKeywords.groovy:616)
	at com.kms.katalon.core.webui.keyword.WebUiBuiltInKeywords$click$2.call(Unknown Source)
	at Login-KiboEngage.run(Login-KiboEngage:40)
	at com.kms.katalon.core.main.ScriptEngine.run(ScriptEngine.java:194)
	at com.kms.katalon.core.main.ScriptEngine.runScriptAsRawText(ScriptEngine.java:119)
	at com.kms.katalon.core.main.TestCaseExecutor.runScript(TestCaseExecutor.java:331)
	at com.kms.katalon.core.main.TestCaseExecutor.doExecute(TestCaseExecutor.java:322)
	at com.kms.katalon.core.main.TestCaseExecutor.processExecutionPhase(TestCaseExecutor.java:301)
	at com.kms.katalon.core.main.TestCaseExecutor.accessMainPhase(TestCaseExecutor.java:293)
	at com.kms.katalon.core.main.TestCaseExecutor.execute(TestCaseExecutor.java:227)
	at com.kms.katalon.core.main.TestCaseMain.runTestCase(TestCaseMain.java:114)
	at com.kms.katalon.core.keyword.builtin.CallTestCaseKeyword$_callTestCase_closure1.doCall(CallTestCaseKeyword.groovy:59)
	... 36 more
Caused by: com.kms.katalon.core.webui.exception.WebElementNotFoundException: Web element with id: 'Object Repository/Page_KiboPush  Dashboard/h3_Dashboard (57)' located by 'By.xpath: //h3[(text() = 'Dashboard' or . = 'Dashboard')]' not found
	at com.kms.katalon.core.webui.common.WebUiCommonHelper.findWebElement(WebUiCommonHelper.java:1053)
	at com.kms.katalon.core.webui.keyword.internal.WebUIAbstractKeyword.findWebElement(WebUIAbstractKeyword.groovy:27)
	at com.kms.katalon.core.webui.keyword.internal.WebUIAbstractKeyword.findWebElement(WebUIAbstractKeyword.groovy:26)
	at com.kms.katalon.core.webui.keyword.builtin.ClickKeyword$_click_closure1.doCall(ClickKeyword.groovy:77)
	at com.kms.katalon.core.webui.keyword.builtin.ClickKeyword$_click_closure1.call(ClickKeyword.groovy)
	at com.kms.katalon.core.webui.keyword.internal.WebUIKeywordMain.runKeyword(WebUIKeywordMain.groovy:20)
	at com.kms.katalon.core.webui.keyword.builtin.ClickKeyword.click(ClickKeyword.groovy:86)
	at com.kms.katalon.core.webui.keyword.builtin.ClickKeyword.execute(ClickKeyword.groovy:67)
	at com.kms.katalon.core.keyword.internal.KeywordExecutor.executeKeywordForPlatform(KeywordExecutor.groovy:56)
	at com.kms.katalon.core.webui.keyword.WebUiBuiltInKeywords.click(WebUiBuiltInKeywords.groovy:616)
	at com.kms.katalon.core.webui.keyword.WebUiBuiltInKeywords$click$2.call(Unknown Source)
	at Script1542870641933.run(Script1542870641933.groovy:40)
	at com.kms.katalon.core.main.ScriptEngine.run(ScriptEngine.java:194)
	at com.kms.katalon.core.main.ScriptEngine.runScriptAsRawText(ScriptEngine.java:119)
	at com.kms.katalon.core.main.TestCaseExecutor.runScript(TestCaseExecutor.java:331)
	at com.kms.katalon.core.main.TestCaseExecutor.doExecute(TestCaseExecutor.java:322)
	at com.kms.katalon.core.main.TestCaseExecutor.processExecutionPhase(TestCaseExecutor.java:301)
	at com.kms.katalon.core.main.TestCaseExecutor.accessMainPhase(TestCaseExecutor.java:293)
	at com.kms.katalon.core.main.TestCaseExecutor.execute(TestCaseExecutor.java:227)
	at com.kms.katalon.core.main.TestCaseMain.runTestCase(TestCaseMain.java:114)
	at com.kms.katalon.core.keyword.builtin.CallTestCaseKeyword$_callTestCase_closure1.doCall(CallTestCaseKeyword.groovy:59)
	at com.kms.katalon.core.keyword.builtin.CallTestCaseKeyword$_callTestCase_closure1.call(CallTestCaseKeyword.groovy)
	at com.kms.katalon.core.keyword.internal.KeywordMain.runKeyword(KeywordMain.groovy:66)
	at com.kms.katalon.core.keyword.builtin.CallTestCaseKeyword.callTestCase(CallTestCaseKeyword.groovy:81)
	at com.kms.katalon.core.keyword.builtin.CallTestCaseKeyword.execute(CallTestCaseKeyword.groovy:44)
	at com.kms.katalon.core.keyword.internal.KeywordExecutor.executeKeywordForPlatform(KeywordExecutor.groovy:56)
	at com.kms.katalon.core.keyword.BuiltinKeywords.callTestCase(BuiltinKeywords.groovy:334)
	at Script1535855240364.run(Script1535855240364.groovy:15)
	at com.kms.katalon.core.main.ScriptEngine.run(ScriptEngine.java:194)
	at com.kms.katalon.core.main.ScriptEngine.runScriptAsRawText(ScriptEngine.java:119)
	at com.kms.katalon.core.main.TestCaseExecutor.runScript(TestCaseExecutor.java:331)
	at com.kms.katalon.core.main.TestCaseExecutor.doExecute(TestCaseExecutor.java:322)
	at com.kms.katalon.core.main.TestCaseExecutor.processExecutionPhase(TestCaseExecutor.java:301)
	at com.kms.katalon.core.main.TestCaseExecutor.accessMainPhase(TestCaseExecutor.java:293)
	at com.kms.katalon.core.main.TestCaseExecutor.execute(TestCaseExecutor.java:227)
	at com.kms.katalon.core.main.TestCaseMain.runTestCase(TestCaseMain.java:114)
	at com.kms.katalon.core.keyword.builtin.CallTestCaseKeyword$_callTestCase_closure1.doCall(CallTestCaseKeyword.groovy:59)
	at com.kms.katalon.core.keyword.builtin.CallTestCaseKeyword$_callTestCase_closure1.call(CallTestCaseKeyword.groovy)
	at com.kms.katalon.core.keyword.internal.KeywordMain.runKeyword(KeywordMain.groovy:66)
	at com.kms.katalon.core.keyword.builtin.CallTestCaseKeyword.callTestCase(CallTestCaseKeyword.groovy:81)
	at com.kms.katalon.core.keyword.builtin.CallTestCaseKeyword.execute(CallTestCaseKeyword.groovy:44)
	at com.kms.katalon.core.keyword.internal.KeywordExecutor.executeKeywordForPlatform(KeywordExecutor.groovy:56)
	at com.kms.katalon.core.keyword.BuiltinKeywords.callTestCase(BuiltinKeywords.groovy:334)
	at Script1555055014122.run(Script1555055014122.groovy:22)
	... 13 more


2019-04-16 14:08:10 - [TEST_STEP][FAILED] - callTestCase(findTestCase("Header TestCases/Login"), [:], STOP_ON_FAILURE): callTestCase(findTestCase("Header TestCases/Login"), [:], STOP_ON_FAILURE) FAILED.
Reason:
com.kms.katalon.core.exception.StepFailedException: Call Test Case 'Test Cases/Header TestCases/Login' failed
	at com.kms.katalon.core.keyword.builtin.CallTestCaseKeyword$_callTestCase_closure1.doCall(CallTestCaseKeyword.groovy:63)
	at com.kms.katalon.core.keyword.builtin.CallTestCaseKeyword$_callTestCase_closure1.call(CallTestCaseKeyword.groovy)
	at com.kms.katalon.core.keyword.internal.KeywordMain.runKeyword(KeywordMain.groovy:66)
	at com.kms.katalon.core.keyword.builtin.CallTestCaseKeyword.callTestCase(CallTestCaseKeyword.groovy:81)
	at com.kms.katalon.core.keyword.builtin.CallTestCaseKeyword.execute(CallTestCaseKeyword.groovy:44)
	at com.kms.katalon.core.keyword.internal.KeywordExecutor.executeKeywordForPlatform(KeywordExecutor.groovy:56)
	at com.kms.katalon.core.keyword.BuiltinKeywords.callTestCase(BuiltinKeywords.groovy:334)
	at TC0101.run(TC0101:22)
	at com.kms.katalon.core.main.ScriptEngine.run(ScriptEngine.java:194)
	at com.kms.katalon.core.main.ScriptEngine.runScriptAsRawText(ScriptEngine.java:119)
	at com.kms.katalon.core.main.TestCaseExecutor.runScript(TestCaseExecutor.java:331)
	at com.kms.katalon.core.main.TestCaseExecutor.doExecute(TestCaseExecutor.java:322)
	at com.kms.katalon.core.main.TestCaseExecutor.processExecutionPhase(TestCaseExecutor.java:301)
	at com.kms.katalon.core.main.TestCaseExecutor.accessMainPhase(TestCaseExecutor.java:293)
	at com.kms.katalon.core.main.TestCaseExecutor.execute(TestCaseExecutor.java:227)
	at com.kms.katalon.core.main.TestSuiteExecutor.accessTestCaseMainPhase(TestSuiteExecutor.java:129)
	at com.kms.katalon.core.main.TestSuiteExecutor.accessTestSuiteMainPhase(TestSuiteExecutor.java:112)
	at com.kms.katalon.core.main.TestSuiteExecutor.execute(TestSuiteExecutor.java:81)
	at com.kms.katalon.core.main.TestCaseMain.startTestSuite(TestCaseMain.java:157)
	at com.kms.katalon.core.main.TestCaseMain$startTestSuite$0.call(Unknown Source)
	at TempTestSuite1555405543194.run(TempTestSuite1555405543194.groovy:35)
Caused by: com.kms.katalon.core.exception.StepFailedException: Call Test Case 'Test Cases/s-sidebar_navigation/individualAccount/Login-KiboEngage' failed
	at com.kms.katalon.core.keyword.builtin.CallTestCaseKeyword$_callTestCase_closure1.doCall(CallTestCaseKeyword.groovy:63)
	at com.kms.katalon.core.keyword.builtin.CallTestCaseKeyword$_callTestCase_closure1.call(CallTestCaseKeyword.groovy)
	at com.kms.katalon.core.keyword.internal.KeywordMain.runKeyword(KeywordMain.groovy:66)
	at com.kms.katalon.core.keyword.builtin.CallTestCaseKeyword.callTestCase(CallTestCaseKeyword.groovy:81)
	at com.kms.katalon.core.keyword.builtin.CallTestCaseKeyword.execute(CallTestCaseKeyword.groovy:44)
	at com.kms.katalon.core.keyword.internal.KeywordExecutor.executeKeywordForPlatform(KeywordExecutor.groovy:56)
	at com.kms.katalon.core.keyword.BuiltinKeywords.callTestCase(BuiltinKeywords.groovy:334)
	at Login.run(Login:15)
	at com.kms.katalon.core.main.ScriptEngine.run(ScriptEngine.java:194)
	at com.kms.katalon.core.main.ScriptEngine.runScriptAsRawText(ScriptEngine.java:119)
	at com.kms.katalon.core.main.TestCaseExecutor.runScript(TestCaseExecutor.java:331)
	at com.kms.katalon.core.main.TestCaseExecutor.doExecute(TestCaseExecutor.java:322)
	at com.kms.katalon.core.main.TestCaseExecutor.processExecutionPhase(TestCaseExecutor.java:301)
	at com.kms.katalon.core.main.TestCaseExecutor.accessMainPhase(TestCaseExecutor.java:293)
	at com.kms.katalon.core.main.TestCaseExecutor.execute(TestCaseExecutor.java:227)
	at com.kms.katalon.core.main.TestCaseMain.runTestCase(TestCaseMain.java:114)
	at com.kms.katalon.core.keyword.builtin.CallTestCaseKeyword$_callTestCase_closure1.doCall(CallTestCaseKeyword.groovy:59)
	... 20 more
Caused by: com.kms.katalon.core.exception.StepFailedException: Unable to click on object 'Object Repository/Page_KiboPush  Dashboard/h3_Dashboard (57)'
	at com.kms.katalon.core.webui.keyword.internal.WebUIKeywordMain.stepFailed(WebUIKeywordMain.groovy:64)
	at com.kms.katalon.core.webui.keyword.internal.WebUIKeywordMain.runKeyword(WebUIKeywordMain.groovy:26)
	at com.kms.katalon.core.webui.keyword.builtin.ClickKeyword.click(ClickKeyword.groovy:86)
	at com.kms.katalon.core.webui.keyword.builtin.ClickKeyword.execute(ClickKeyword.groovy:67)
	at com.kms.katalon.core.keyword.internal.KeywordExecutor.executeKeywordForPlatform(KeywordExecutor.groovy:56)
	at com.kms.katalon.core.webui.keyword.WebUiBuiltInKeywords.click(WebUiBuiltInKeywords.groovy:616)
	at com.kms.katalon.core.webui.keyword.WebUiBuiltInKeywords$click$2.call(Unknown Source)
	at Login-KiboEngage.run(Login-KiboEngage:40)
	at com.kms.katalon.core.main.ScriptEngine.run(ScriptEngine.java:194)
	at com.kms.katalon.core.main.ScriptEngine.runScriptAsRawText(ScriptEngine.java:119)
	at com.kms.katalon.core.main.TestCaseExecutor.runScript(TestCaseExecutor.java:331)
	at com.kms.katalon.core.main.TestCaseExecutor.doExecute(TestCaseExecutor.java:322)
	at com.kms.katalon.core.main.TestCaseExecutor.processExecutionPhase(TestCaseExecutor.java:301)
	at com.kms.katalon.core.main.TestCaseExecutor.accessMainPhase(TestCaseExecutor.java:293)
	at com.kms.katalon.core.main.TestCaseExecutor.execute(TestCaseExecutor.java:227)
	at com.kms.katalon.core.main.TestCaseMain.runTestCase(TestCaseMain.java:114)
	at com.kms.katalon.core.keyword.builtin.CallTestCaseKeyword$_callTestCase_closure1.doCall(CallTestCaseKeyword.groovy:59)
	... 36 more
Caused by: com.kms.katalon.core.webui.exception.WebElementNotFoundException: Web element with id: 'Object Repository/Page_KiboPush  Dashboard/h3_Dashboard (57)' located by 'By.xpath: //h3[(text() = 'Dashboard' or . = 'Dashboard')]' not found
	at com.kms.katalon.core.webui.common.WebUiCommonHelper.findWebElement(WebUiCommonHelper.java:1053)
	at com.kms.katalon.core.webui.keyword.internal.WebUIAbstractKeyword.findWebElement(WebUIAbstractKeyword.groovy:27)
	at com.kms.katalon.core.webui.keyword.internal.WebUIAbstractKeyword.findWebElement(WebUIAbstractKeyword.groovy:26)
	at com.kms.katalon.core.webui.keyword.builtin.ClickKeyword$_click_closure1.doCall(ClickKeyword.groovy:77)
	at com.kms.katalon.core.webui.keyword.builtin.ClickKeyword$_click_closure1.call(ClickKeyword.groovy)
	at com.kms.katalon.core.webui.keyword.internal.WebUIKeywordMain.runKeyword(WebUIKeywordMain.groovy:20)
	at com.kms.katalon.core.webui.keyword.builtin.ClickKeyword.click(ClickKeyword.groovy:86)
	at com.kms.katalon.core.webui.keyword.builtin.ClickKeyword.execute(ClickKeyword.groovy:67)
	at com.kms.katalon.core.keyword.internal.KeywordExecutor.executeKeywordForPlatform(KeywordExecutor.groovy:56)
	at com.kms.katalon.core.webui.keyword.WebUiBuiltInKeywords.click(WebUiBuiltInKeywords.groovy:616)
	at com.kms.katalon.core.webui.keyword.WebUiBuiltInKeywords$click$2.call(Unknown Source)
	at Script1542870641933.run(Script1542870641933.groovy:40)
	at com.kms.katalon.core.main.ScriptEngine.run(ScriptEngine.java:194)
	at com.kms.katalon.core.main.ScriptEngine.runScriptAsRawText(ScriptEngine.java:119)
	at com.kms.katalon.core.main.TestCaseExecutor.runScript(TestCaseExecutor.java:331)
	at com.kms.katalon.core.main.TestCaseExecutor.doExecute(TestCaseExecutor.java:322)
	at com.kms.katalon.core.main.TestCaseExecutor.processExecutionPhase(TestCaseExecutor.java:301)
	at com.kms.katalon.core.main.TestCaseExecutor.accessMainPhase(TestCaseExecutor.java:293)
	at com.kms.katalon.core.main.TestCaseExecutor.execute(TestCaseExecutor.java:227)
	at com.kms.katalon.core.main.TestCaseMain.runTestCase(TestCaseMain.java:114)
	at com.kms.katalon.core.keyword.builtin.CallTestCaseKeyword$_callTestCase_closure1.doCall(CallTestCaseKeyword.groovy:59)
	at com.kms.katalon.core.keyword.builtin.CallTestCaseKeyword$_callTestCase_closure1.call(CallTestCaseKeyword.groovy)
	at com.kms.katalon.core.keyword.internal.KeywordMain.runKeyword(KeywordMain.groovy:66)
	at com.kms.katalon.core.keyword.builtin.CallTestCaseKeyword.callTestCase(CallTestCaseKeyword.groovy:81)
	at com.kms.katalon.core.keyword.builtin.CallTestCaseKeyword.execute(CallTestCaseKeyword.groovy:44)
	at com.kms.katalon.core.keyword.internal.KeywordExecutor.executeKeywordForPlatform(KeywordExecutor.groovy:56)
	at com.kms.katalon.core.keyword.BuiltinKeywords.callTestCase(BuiltinKeywords.groovy:334)
	at Script1535855240364.run(Script1535855240364.groovy:15)
	at com.kms.katalon.core.main.ScriptEngine.run(ScriptEngine.java:194)
	at com.kms.katalon.core.main.ScriptEngine.runScriptAsRawText(ScriptEngine.java:119)
	at com.kms.katalon.core.main.TestCaseExecutor.runScript(TestCaseExecutor.java:331)
	at com.kms.katalon.core.main.TestCaseExecutor.doExecute(TestCaseExecutor.java:322)
	at com.kms.katalon.core.main.TestCaseExecutor.processExecutionPhase(TestCaseExecutor.java:301)
	at com.kms.katalon.core.main.TestCaseExecutor.accessMainPhase(TestCaseExecutor.java:293)
	at com.kms.katalon.core.main.TestCaseExecutor.execute(TestCaseExecutor.java:227)
	at com.kms.katalon.core.main.TestCaseMain.runTestCase(TestCaseMain.java:114)
	at com.kms.katalon.core.keyword.builtin.CallTestCaseKeyword$_callTestCase_closure1.doCall(CallTestCaseKeyword.groovy:59)
	at com.kms.katalon.core.keyword.builtin.CallTestCaseKeyword$_callTestCase_closure1.call(CallTestCaseKeyword.groovy)
	at com.kms.katalon.core.keyword.internal.KeywordMain.runKeyword(KeywordMain.groovy:66)
	at com.kms.katalon.core.keyword.builtin.CallTestCaseKeyword.callTestCase(CallTestCaseKeyword.groovy:81)
	at com.kms.katalon.core.keyword.builtin.CallTestCaseKeyword.execute(CallTestCaseKeyword.groovy:44)
	at com.kms.katalon.core.keyword.internal.KeywordExecutor.executeKeywordForPlatform(KeywordExecutor.groovy:56)
	at com.kms.katalon.core.keyword.BuiltinKeywords.callTestCase(BuiltinKeywords.groovy:334)
	at Script1555055014122.run(Script1555055014122.groovy:22)
	... 13 more


2019-04-16 14:08:10 - [TEST_CASE][FAILED] - Test Cases/Header TestCases/Login: Test Cases/Header TestCases/Login FAILED.
Reason:
com.kms.katalon.core.exception.StepFailedException: Call Test Case 'Test Cases/s-sidebar_navigation/individualAccount/Login-KiboEngage' failed
	at com.kms.katalon.core.keyword.builtin.CallTestCaseKeyword$_callTestCase_closure1.doCall(CallTestCaseKeyword.groovy:63)
	at com.kms.katalon.core.keyword.builtin.CallTestCaseKeyword$_callTestCase_closure1.call(CallTestCaseKeyword.groovy)
	at com.kms.katalon.core.keyword.internal.KeywordMain.runKeyword(KeywordMain.groovy:66)
	at com.kms.katalon.core.keyword.builtin.CallTestCaseKeyword.callTestCase(CallTestCaseKeyword.groovy:81)
	at com.kms.katalon.core.keyword.builtin.CallTestCaseKeyword.execute(CallTestCaseKeyword.groovy:44)
	at com.kms.katalon.core.keyword.internal.KeywordExecutor.executeKeywordForPlatform(KeywordExecutor.groovy:56)
	at com.kms.katalon.core.keyword.BuiltinKeywords.callTestCase(BuiltinKeywords.groovy:334)
	at Login.run(Login:15)
	at com.kms.katalon.core.main.ScriptEngine.run(ScriptEngine.java:194)
	at com.kms.katalon.core.main.ScriptEngine.runScriptAsRawText(ScriptEngine.java:119)
	at com.kms.katalon.core.main.TestCaseExecutor.runScript(TestCaseExecutor.java:331)
	at com.kms.katalon.core.main.TestCaseExecutor.doExecute(TestCaseExecutor.java:322)
	at com.kms.katalon.core.main.TestCaseExecutor.processExecutionPhase(TestCaseExecutor.java:301)
	at com.kms.katalon.core.main.TestCaseExecutor.accessMainPhase(TestCaseExecutor.java:293)
	at com.kms.katalon.core.main.TestCaseExecutor.execute(TestCaseExecutor.java:227)
	at com.kms.katalon.core.main.TestCaseMain.runTestCase(TestCaseMain.java:114)
	at com.kms.katalon.core.keyword.builtin.CallTestCaseKeyword$_callTestCase_closure1.doCall(CallTestCaseKeyword.groovy:59)
	at com.kms.katalon.core.keyword.builtin.CallTestCaseKeyword$_callTestCase_closure1.call(CallTestCaseKeyword.groovy)
	at com.kms.katalon.core.keyword.internal.KeywordMain.runKeyword(KeywordMain.groovy:66)
	at com.kms.katalon.core.keyword.builtin.CallTestCaseKeyword.callTestCase(CallTestCaseKeyword.groovy:81)
	at com.kms.katalon.core.keyword.builtin.CallTestCaseKeyword.execute(CallTestCaseKeyword.groovy:44)
	at com.kms.katalon.core.keyword.internal.KeywordExecutor.executeKeywordForPlatform(KeywordExecutor.groovy:56)
	at com.kms.katalon.core.keyword.BuiltinKeywords.callTestCase(BuiltinKeywords.groovy:334)
	at TC0101.run(TC0101:22)
	at com.kms.katalon.core.main.ScriptEngine.run(ScriptEngine.java:194)
	at com.kms.katalon.core.main.ScriptEngine.runScriptAsRawText(ScriptEngine.java:119)
	at com.kms.katalon.core.main.TestCaseExecutor.runScript(TestCaseExecutor.java:331)
	at com.kms.katalon.core.main.TestCaseExecutor.doExecute(TestCaseExecutor.java:322)
	at com.kms.katalon.core.main.TestCaseExecutor.processExecutionPhase(TestCaseExecutor.java:301)
	at com.kms.katalon.core.main.TestCaseExecutor.accessMainPhase(TestCaseExecutor.java:293)
	at com.kms.katalon.core.main.TestCaseExecutor.execute(TestCaseExecutor.java:227)
	at com.kms.katalon.core.main.TestSuiteExecutor.accessTestCaseMainPhase(TestSuiteExecutor.java:129)
	at com.kms.katalon.core.main.TestSuiteExecutor.accessTestSuiteMainPhase(TestSuiteExecutor.java:112)
	at com.kms.katalon.core.main.TestSuiteExecutor.execute(TestSuiteExecutor.java:81)
	at com.kms.katalon.core.main.TestCaseMain.startTestSuite(TestCaseMain.java:157)
	at com.kms.katalon.core.main.TestCaseMain$startTestSuite$0.call(Unknown Source)
	at TempTestSuite1555405543194.run(TempTestSuite1555405543194.groovy:35)
Caused by: com.kms.katalon.core.exception.StepFailedException: Unable to click on object 'Object Repository/Page_KiboPush  Dashboard/h3_Dashboard (57)'
	at com.kms.katalon.core.webui.keyword.internal.WebUIKeywordMain.stepFailed(WebUIKeywordMain.groovy:64)
	at com.kms.katalon.core.webui.keyword.internal.WebUIKeywordMain.runKeyword(WebUIKeywordMain.groovy:26)
	at com.kms.katalon.core.webui.keyword.builtin.ClickKeyword.click(ClickKeyword.groovy:86)
	at com.kms.katalon.core.webui.keyword.builtin.ClickKeyword.execute(ClickKeyword.groovy:67)
	at com.kms.katalon.core.keyword.internal.KeywordExecutor.executeKeywordForPlatform(KeywordExecutor.groovy:56)
	at com.kms.katalon.core.webui.keyword.WebUiBuiltInKeywords.click(WebUiBuiltInKeywords.groovy:616)
	at com.kms.katalon.core.webui.keyword.WebUiBuiltInKeywords$click$2.call(Unknown Source)
	at Login-KiboEngage.run(Login-KiboEngage:40)
	at com.kms.katalon.core.main.ScriptEngine.run(ScriptEngine.java:194)
	at com.kms.katalon.core.main.ScriptEngine.runScriptAsRawText(ScriptEngine.java:119)
	at com.kms.katalon.core.main.TestCaseExecutor.runScript(TestCaseExecutor.java:331)
	at com.kms.katalon.core.main.TestCaseExecutor.doExecute(TestCaseExecutor.java:322)
	at com.kms.katalon.core.main.TestCaseExecutor.processExecutionPhase(TestCaseExecutor.java:301)
	at com.kms.katalon.core.main.TestCaseExecutor.accessMainPhase(TestCaseExecutor.java:293)
	at com.kms.katalon.core.main.TestCaseExecutor.execute(TestCaseExecutor.java:227)
	at com.kms.katalon.core.main.TestCaseMain.runTestCase(TestCaseMain.java:114)
	at com.kms.katalon.core.keyword.builtin.CallTestCaseKeyword$_callTestCase_closure1.doCall(CallTestCaseKeyword.groovy:59)
	... 36 more
Caused by: com.kms.katalon.core.webui.exception.WebElementNotFoundException: Web element with id: 'Object Repository/Page_KiboPush  Dashboard/h3_Dashboard (57)' located by 'By.xpath: //h3[(text() = 'Dashboard' or . = 'Dashboard')]' not found
	at com.kms.katalon.core.webui.common.WebUiCommonHelper.findWebElement(WebUiCommonHelper.java:1053)
	at com.kms.katalon.core.webui.keyword.internal.WebUIAbstractKeyword.findWebElement(WebUIAbstractKeyword.groovy:27)
	at com.kms.katalon.core.webui.keyword.internal.WebUIAbstractKeyword.findWebElement(WebUIAbstractKeyword.groovy:26)
	at com.kms.katalon.core.webui.keyword.builtin.ClickKeyword$_click_closure1.doCall(ClickKeyword.groovy:77)
	at com.kms.katalon.core.webui.keyword.builtin.ClickKeyword$_click_closure1.call(ClickKeyword.groovy)
	at com.kms.katalon.core.webui.keyword.internal.WebUIKeywordMain.runKeyword(WebUIKeywordMain.groovy:20)
	at com.kms.katalon.core.webui.keyword.builtin.ClickKeyword.click(ClickKeyword.groovy:86)
	at com.kms.katalon.core.webui.keyword.builtin.ClickKeyword.execute(ClickKeyword.groovy:67)
	at com.kms.katalon.core.keyword.internal.KeywordExecutor.executeKeywordForPlatform(KeywordExecutor.groovy:56)
	at com.kms.katalon.core.webui.keyword.WebUiBuiltInKeywords.click(WebUiBuiltInKeywords.groovy:616)
	at com.kms.katalon.core.webui.keyword.WebUiBuiltInKeywords$click$2.call(Unknown Source)
	at Script1542870641933.run(Script1542870641933.groovy:40)
	at com.kms.katalon.core.main.ScriptEngine.run(ScriptEngine.java:194)
	at com.kms.katalon.core.main.ScriptEngine.runScriptAsRawText(ScriptEngine.java:119)
	at com.kms.katalon.core.main.TestCaseExecutor.runScript(TestCaseExecutor.java:331)
	at com.kms.katalon.core.main.TestCaseExecutor.doExecute(TestCaseExecutor.java:322)
	at com.kms.katalon.core.main.TestCaseExecutor.processExecutionPhase(TestCaseExecutor.java:301)
	at com.kms.katalon.core.main.TestCaseExecutor.accessMainPhase(TestCaseExecutor.java:293)
	at com.kms.katalon.core.main.TestCaseExecutor.execute(TestCaseExecutor.java:227)
	at com.kms.katalon.core.main.TestCaseMain.runTestCase(TestCaseMain.java:114)
	at com.kms.katalon.core.keyword.builtin.CallTestCaseKeyword$_callTestCase_closure1.doCall(CallTestCaseKeyword.groovy:59)
	at com.kms.katalon.core.keyword.builtin.CallTestCaseKeyword$_callTestCase_closure1.call(CallTestCaseKeyword.groovy)
	at com.kms.katalon.core.keyword.internal.KeywordMain.runKeyword(KeywordMain.groovy:66)
	at com.kms.katalon.core.keyword.builtin.CallTestCaseKeyword.callTestCase(CallTestCaseKeyword.groovy:81)
	at com.kms.katalon.core.keyword.builtin.CallTestCaseKeyword.execute(CallTestCaseKeyword.groovy:44)
	at com.kms.katalon.core.keyword.internal.KeywordExecutor.executeKeywordForPlatform(KeywordExecutor.groovy:56)
	at com.kms.katalon.core.keyword.BuiltinKeywords.callTestCase(BuiltinKeywords.groovy:334)
	at Script1535855240364.run(Script1535855240364.groovy:15)
	at com.kms.katalon.core.main.ScriptEngine.run(ScriptEngine.java:194)
	at com.kms.katalon.core.main.ScriptEngine.runScriptAsRawText(ScriptEngine.java:119)
	at com.kms.katalon.core.main.TestCaseExecutor.runScript(TestCaseExecutor.java:331)
	at com.kms.katalon.core.main.TestCaseExecutor.doExecute(TestCaseExecutor.java:322)
	at com.kms.katalon.core.main.TestCaseExecutor.processExecutionPhase(TestCaseExecutor.java:301)
	at com.kms.katalon.core.main.TestCaseExecutor.accessMainPhase(TestCaseExecutor.java:293)
	at com.kms.katalon.core.main.TestCaseExecutor.execute(TestCaseExecutor.java:227)
	at com.kms.katalon.core.main.TestCaseMain.runTestCase(TestCaseMain.java:114)
	at com.kms.katalon.core.keyword.builtin.CallTestCaseKeyword$_callTestCase_closure1.doCall(CallTestCaseKeyword.groovy:59)
	at com.kms.katalon.core.keyword.builtin.CallTestCaseKeyword$_callTestCase_closure1.call(CallTestCaseKeyword.groovy)
	at com.kms.katalon.core.keyword.internal.KeywordMain.runKeyword(KeywordMain.groovy:66)
	at com.kms.katalon.core.keyword.builtin.CallTestCaseKeyword.callTestCase(CallTestCaseKeyword.groovy:81)
	at com.kms.katalon.core.keyword.builtin.CallTestCaseKeyword.execute(CallTestCaseKeyword.groovy:44)
	at com.kms.katalon.core.keyword.internal.KeywordExecutor.executeKeywordForPlatform(KeywordExecutor.groovy:56)
	at com.kms.katalon.core.keyword.BuiltinKeywords.callTestCase(BuiltinKeywords.groovy:334)
	at Script1555055014122.run(Script1555055014122.groovy:22)
	... 13 more


2019-04-16 14:08:10 - [TEST_STEP][FAILED] - callTestCase(findTestCase("s-sidebar_navigation/individualAccount/Login-KiboEngage"), [:], STOP_ON_FAILURE): callTestCase(findTestCase("s-sidebar_navigation/individualAccount/Login-KiboEngage"), [:], STOP_ON_FAILURE) FAILED.
Reason:
com.kms.katalon.core.exception.StepFailedException: Call Test Case 'Test Cases/s-sidebar_navigation/individualAccount/Login-KiboEngage' failed
	at com.kms.katalon.core.keyword.builtin.CallTestCaseKeyword$_callTestCase_closure1.doCall(CallTestCaseKeyword.groovy:63)
	at com.kms.katalon.core.keyword.builtin.CallTestCaseKeyword$_callTestCase_closure1.call(CallTestCaseKeyword.groovy)
	at com.kms.katalon.core.keyword.internal.KeywordMain.runKeyword(KeywordMain.groovy:66)
	at com.kms.katalon.core.keyword.builtin.CallTestCaseKeyword.callTestCase(CallTestCaseKeyword.groovy:81)
	at com.kms.katalon.core.keyword.builtin.CallTestCaseKeyword.execute(CallTestCaseKeyword.groovy:44)
	at com.kms.katalon.core.keyword.internal.KeywordExecutor.executeKeywordForPlatform(KeywordExecutor.groovy:56)
	at com.kms.katalon.core.keyword.BuiltinKeywords.callTestCase(BuiltinKeywords.groovy:334)
	at Login.run(Login:15)
	at com.kms.katalon.core.main.ScriptEngine.run(ScriptEngine.java:194)
	at com.kms.katalon.core.main.ScriptEngine.runScriptAsRawText(ScriptEngine.java:119)
	at com.kms.katalon.core.main.TestCaseExecutor.runScript(TestCaseExecutor.java:331)
	at com.kms.katalon.core.main.TestCaseExecutor.doExecute(TestCaseExecutor.java:322)
	at com.kms.katalon.core.main.TestCaseExecutor.processExecutionPhase(TestCaseExecutor.java:301)
	at com.kms.katalon.core.main.TestCaseExecutor.accessMainPhase(TestCaseExecutor.java:293)
	at com.kms.katalon.core.main.TestCaseExecutor.execute(TestCaseExecutor.java:227)
	at com.kms.katalon.core.main.TestCaseMain.runTestCase(TestCaseMain.java:114)
	at com.kms.katalon.core.keyword.builtin.CallTestCaseKeyword$_callTestCase_closure1.doCall(CallTestCaseKeyword.groovy:59)
	at com.kms.katalon.core.keyword.builtin.CallTestCaseKeyword$_callTestCase_closure1.call(CallTestCaseKeyword.groovy)
	at com.kms.katalon.core.keyword.internal.KeywordMain.runKeyword(KeywordMain.groovy:66)
	at com.kms.katalon.core.keyword.builtin.CallTestCaseKeyword.callTestCase(CallTestCaseKeyword.groovy:81)
	at com.kms.katalon.core.keyword.builtin.CallTestCaseKeyword.execute(CallTestCaseKeyword.groovy:44)
	at com.kms.katalon.core.keyword.internal.KeywordExecutor.executeKeywordForPlatform(KeywordExecutor.groovy:56)
	at com.kms.katalon.core.keyword.BuiltinKeywords.callTestCase(BuiltinKeywords.groovy:334)
	at TC0101.run(TC0101:22)
	at com.kms.katalon.core.main.ScriptEngine.run(ScriptEngine.java:194)
	at com.kms.katalon.core.main.ScriptEngine.runScriptAsRawText(ScriptEngine.java:119)
	at com.kms.katalon.core.main.TestCaseExecutor.runScript(TestCaseExecutor.java:331)
	at com.kms.katalon.core.main.TestCaseExecutor.doExecute(TestCaseExecutor.java:322)
	at com.kms.katalon.core.main.TestCaseExecutor.processExecutionPhase(TestCaseExecutor.java:301)
	at com.kms.katalon.core.main.TestCaseExecutor.accessMainPhase(TestCaseExecutor.java:293)
	at com.kms.katalon.core.main.TestCaseExecutor.execute(TestCaseExecutor.java:227)
	at com.kms.katalon.core.main.TestSuiteExecutor.accessTestCaseMainPhase(TestSuiteExecutor.java:129)
	at com.kms.katalon.core.main.TestSuiteExecutor.accessTestSuiteMainPhase(TestSuiteExecutor.java:112)
	at com.kms.katalon.core.main.TestSuiteExecutor.execute(TestSuiteExecutor.java:81)
	at com.kms.katalon.core.main.TestCaseMain.startTestSuite(TestCaseMain.java:157)
	at com.kms.katalon.core.main.TestCaseMain$startTestSuite$0.call(Unknown Source)
	at TempTestSuite1555405543194.run(TempTestSuite1555405543194.groovy:35)
Caused by: com.kms.katalon.core.exception.StepFailedException: Unable to click on object 'Object Repository/Page_KiboPush  Dashboard/h3_Dashboard (57)'
	at com.kms.katalon.core.webui.keyword.internal.WebUIKeywordMain.stepFailed(WebUIKeywordMain.groovy:64)
	at com.kms.katalon.core.webui.keyword.internal.WebUIKeywordMain.runKeyword(WebUIKeywordMain.groovy:26)
	at com.kms.katalon.core.webui.keyword.builtin.ClickKeyword.click(ClickKeyword.groovy:86)
	at com.kms.katalon.core.webui.keyword.builtin.ClickKeyword.execute(ClickKeyword.groovy:67)
	at com.kms.katalon.core.keyword.internal.KeywordExecutor.executeKeywordForPlatform(KeywordExecutor.groovy:56)
	at com.kms.katalon.core.webui.keyword.WebUiBuiltInKeywords.click(WebUiBuiltInKeywords.groovy:616)
	at com.kms.katalon.core.webui.keyword.WebUiBuiltInKeywords$click$2.call(Unknown Source)
	at Login-KiboEngage.run(Login-KiboEngage:40)
	at com.kms.katalon.core.main.ScriptEngine.run(ScriptEngine.java:194)
	at com.kms.katalon.core.main.ScriptEngine.runScriptAsRawText(ScriptEngine.java:119)
	at com.kms.katalon.core.main.TestCaseExecutor.runScript(TestCaseExecutor.java:331)
	at com.kms.katalon.core.main.TestCaseExecutor.doExecute(TestCaseExecutor.java:322)
	at com.kms.katalon.core.main.TestCaseExecutor.processExecutionPhase(TestCaseExecutor.java:301)
	at com.kms.katalon.core.main.TestCaseExecutor.accessMainPhase(TestCaseExecutor.java:293)
	at com.kms.katalon.core.main.TestCaseExecutor.execute(TestCaseExecutor.java:227)
	at com.kms.katalon.core.main.TestCaseMain.runTestCase(TestCaseMain.java:114)
	at com.kms.katalon.core.keyword.builtin.CallTestCaseKeyword$_callTestCase_closure1.doCall(CallTestCaseKeyword.groovy:59)
	... 36 more
Caused by: com.kms.katalon.core.webui.exception.WebElementNotFoundException: Web element with id: 'Object Repository/Page_KiboPush  Dashboard/h3_Dashboard (57)' located by 'By.xpath: //h3[(text() = 'Dashboard' or . = 'Dashboard')]' not found
	at com.kms.katalon.core.webui.common.WebUiCommonHelper.findWebElement(WebUiCommonHelper.java:1053)
	at com.kms.katalon.core.webui.keyword.internal.WebUIAbstractKeyword.findWebElement(WebUIAbstractKeyword.groovy:27)
	at com.kms.katalon.core.webui.keyword.internal.WebUIAbstractKeyword.findWebElement(WebUIAbstractKeyword.groovy:26)
	at com.kms.katalon.core.webui.keyword.builtin.ClickKeyword$_click_closure1.doCall(ClickKeyword.groovy:77)
	at com.kms.katalon.core.webui.keyword.builtin.ClickKeyword$_click_closure1.call(ClickKeyword.groovy)
	at com.kms.katalon.core.webui.keyword.internal.WebUIKeywordMain.runKeyword(WebUIKeywordMain.groovy:20)
	at com.kms.katalon.core.webui.keyword.builtin.ClickKeyword.click(ClickKeyword.groovy:86)
	at com.kms.katalon.core.webui.keyword.builtin.ClickKeyword.execute(ClickKeyword.groovy:67)
	at com.kms.katalon.core.keyword.internal.KeywordExecutor.executeKeywordForPlatform(KeywordExecutor.groovy:56)
	at com.kms.katalon.core.webui.keyword.WebUiBuiltInKeywords.click(WebUiBuiltInKeywords.groovy:616)
	at com.kms.katalon.core.webui.keyword.WebUiBuiltInKeywords$click$2.call(Unknown Source)
	at Script1542870641933.run(Script1542870641933.groovy:40)
	at com.kms.katalon.core.main.ScriptEngine.run(ScriptEngine.java:194)
	at com.kms.katalon.core.main.ScriptEngine.runScriptAsRawText(ScriptEngine.java:119)
	at com.kms.katalon.core.main.TestCaseExecutor.runScript(TestCaseExecutor.java:331)
	at com.kms.katalon.core.main.TestCaseExecutor.doExecute(TestCaseExecutor.java:322)
	at com.kms.katalon.core.main.TestCaseExecutor.processExecutionPhase(TestCaseExecutor.java:301)
	at com.kms.katalon.core.main.TestCaseExecutor.accessMainPhase(TestCaseExecutor.java:293)
	at com.kms.katalon.core.main.TestCaseExecutor.execute(TestCaseExecutor.java:227)
	at com.kms.katalon.core.main.TestCaseMain.runTestCase(TestCaseMain.java:114)
	at com.kms.katalon.core.keyword.builtin.CallTestCaseKeyword$_callTestCase_closure1.doCall(CallTestCaseKeyword.groovy:59)
	at com.kms.katalon.core.keyword.builtin.CallTestCaseKeyword$_callTestCase_closure1.call(CallTestCaseKeyword.groovy)
	at com.kms.katalon.core.keyword.internal.KeywordMain.runKeyword(KeywordMain.groovy:66)
	at com.kms.katalon.core.keyword.builtin.CallTestCaseKeyword.callTestCase(CallTestCaseKeyword.groovy:81)
	at com.kms.katalon.core.keyword.builtin.CallTestCaseKeyword.execute(CallTestCaseKeyword.groovy:44)
	at com.kms.katalon.core.keyword.internal.KeywordExecutor.executeKeywordForPlatform(KeywordExecutor.groovy:56)
	at com.kms.katalon.core.keyword.BuiltinKeywords.callTestCase(BuiltinKeywords.groovy:334)
	at Script1535855240364.run(Script1535855240364.groovy:15)
	at com.kms.katalon.core.main.ScriptEngine.run(ScriptEngine.java:194)
	at com.kms.katalon.core.main.ScriptEngine.runScriptAsRawText(ScriptEngine.java:119)
	at com.kms.katalon.core.main.TestCaseExecutor.runScript(TestCaseExecutor.java:331)
	at com.kms.katalon.core.main.TestCaseExecutor.doExecute(TestCaseExecutor.java:322)
	at com.kms.katalon.core.main.TestCaseExecutor.processExecutionPhase(TestCaseExecutor.java:301)
	at com.kms.katalon.core.main.TestCaseExecutor.accessMainPhase(TestCaseExecutor.java:293)
	at com.kms.katalon.core.main.TestCaseExecutor.execute(TestCaseExecutor.java:227)
	at com.kms.katalon.core.main.TestCaseMain.runTestCase(TestCaseMain.java:114)
	at com.kms.katalon.core.keyword.builtin.CallTestCaseKeyword$_callTestCase_closure1.doCall(CallTestCaseKeyword.groovy:59)
	at com.kms.katalon.core.keyword.builtin.CallTestCaseKeyword$_callTestCase_closure1.call(CallTestCaseKeyword.groovy)
	at com.kms.katalon.core.keyword.internal.KeywordMain.runKeyword(KeywordMain.groovy:66)
	at com.kms.katalon.core.keyword.builtin.CallTestCaseKeyword.callTestCase(CallTestCaseKeyword.groovy:81)
	at com.kms.katalon.core.keyword.builtin.CallTestCaseKeyword.execute(CallTestCaseKeyword.groovy:44)
	at com.kms.katalon.core.keyword.internal.KeywordExecutor.executeKeywordForPlatform(KeywordExecutor.groovy:56)
	at com.kms.katalon.core.keyword.BuiltinKeywords.callTestCase(BuiltinKeywords.groovy:334)
	at Script1555055014122.run(Script1555055014122.groovy:22)
	... 13 more


2019-04-16 14:08:10 - [TEST_CASE][FAILED] - Test Cases/s-sidebar_navigation/individualAccount/Login-KiboEngage: Test Cases/s-sidebar_navigation/individualAccount/Login-KiboEngage FAILED.
Reason:
com.kms.katalon.core.exception.StepFailedException: Unable to click on object 'Object Repository/Page_KiboPush  Dashboard/h3_Dashboard (57)'
	at com.kms.katalon.core.webui.keyword.internal.WebUIKeywordMain.stepFailed(WebUIKeywordMain.groovy:64)
	at com.kms.katalon.core.webui.keyword.internal.WebUIKeywordMain.runKeyword(WebUIKeywordMain.groovy:26)
	at com.kms.katalon.core.webui.keyword.builtin.ClickKeyword.click(ClickKeyword.groovy:86)
	at com.kms.katalon.core.webui.keyword.builtin.ClickKeyword.execute(ClickKeyword.groovy:67)
	at com.kms.katalon.core.keyword.internal.KeywordExecutor.executeKeywordForPlatform(KeywordExecutor.groovy:56)
	at com.kms.katalon.core.webui.keyword.WebUiBuiltInKeywords.click(WebUiBuiltInKeywords.groovy:616)
	at com.kms.katalon.core.webui.keyword.WebUiBuiltInKeywords$click$2.call(Unknown Source)
	at Login-KiboEngage.run(Login-KiboEngage:40)
	at com.kms.katalon.core.main.ScriptEngine.run(ScriptEngine.java:194)
	at com.kms.katalon.core.main.ScriptEngine.runScriptAsRawText(ScriptEngine.java:119)
	at com.kms.katalon.core.main.TestCaseExecutor.runScript(TestCaseExecutor.java:331)
	at com.kms.katalon.core.main.TestCaseExecutor.doExecute(TestCaseExecutor.java:322)
	at com.kms.katalon.core.main.TestCaseExecutor.processExecutionPhase(TestCaseExecutor.java:301)
	at com.kms.katalon.core.main.TestCaseExecutor.accessMainPhase(TestCaseExecutor.java:293)
	at com.kms.katalon.core.main.TestCaseExecutor.execute(TestCaseExecutor.java:227)
	at com.kms.katalon.core.main.TestCaseMain.runTestCase(TestCaseMain.java:114)
	at com.kms.katalon.core.keyword.builtin.CallTestCaseKeyword$_callTestCase_closure1.doCall(CallTestCaseKeyword.groovy:59)
	at com.kms.katalon.core.keyword.builtin.CallTestCaseKeyword$_callTestCase_closure1.call(CallTestCaseKeyword.groovy)
	at com.kms.katalon.core.keyword.internal.KeywordMain.runKeyword(KeywordMain.groovy:66)
	at com.kms.katalon.core.keyword.builtin.CallTestCaseKeyword.callTestCase(CallTestCaseKeyword.groovy:81)
	at com.kms.katalon.core.keyword.builtin.CallTestCaseKeyword.execute(CallTestCaseKeyword.groovy:44)
	at com.kms.katalon.core.keyword.internal.KeywordExecutor.executeKeywordForPlatform(KeywordExecutor.groovy:56)
	at com.kms.katalon.core.keyword.BuiltinKeywords.callTestCase(BuiltinKeywords.groovy:334)
	at Login.run(Login:15)
	at com.kms.katalon.core.main.ScriptEngine.run(ScriptEngine.java:194)
	at com.kms.katalon.core.main.ScriptEngine.runScriptAsRawText(ScriptEngine.java:119)
	at com.kms.katalon.core.main.TestCaseExecutor.runScript(TestCaseExecutor.java:331)
	at com.kms.katalon.core.main.TestCaseExecutor.doExecute(TestCaseExecutor.java:322)
	at com.kms.katalon.core.main.TestCaseExecutor.processExecutionPhase(TestCaseExecutor.java:301)
	at com.kms.katalon.core.main.TestCaseExecutor.accessMainPhase(TestCaseExecutor.java:293)
	at com.kms.katalon.core.main.TestCaseExecutor.execute(TestCaseExecutor.java:227)
	at com.kms.katalon.core.main.TestCaseMain.runTestCase(TestCaseMain.java:114)
	at com.kms.katalon.core.keyword.builtin.CallTestCaseKeyword$_callTestCase_closure1.doCall(CallTestCaseKeyword.groovy:59)
	at com.kms.katalon.core.keyword.builtin.CallTestCaseKeyword$_callTestCase_closure1.call(CallTestCaseKeyword.groovy)
	at com.kms.katalon.core.keyword.internal.KeywordMain.runKeyword(KeywordMain.groovy:66)
	at com.kms.katalon.core.keyword.builtin.CallTestCaseKeyword.callTestCase(CallTestCaseKeyword.groovy:81)
	at com.kms.katalon.core.keyword.builtin.CallTestCaseKeyword.execute(CallTestCaseKeyword.groovy:44)
	at com.kms.katalon.core.keyword.internal.KeywordExecutor.executeKeywordForPlatform(KeywordExecutor.groovy:56)
	at com.kms.katalon.core.keyword.BuiltinKeywords.callTestCase(BuiltinKeywords.groovy:334)
	at TC0101.run(TC0101:22)
	at com.kms.katalon.core.main.ScriptEngine.run(ScriptEngine.java:194)
	at com.kms.katalon.core.main.ScriptEngine.runScriptAsRawText(ScriptEngine.java:119)
	at com.kms.katalon.core.main.TestCaseExecutor.runScript(TestCaseExecutor.java:331)
	at com.kms.katalon.core.main.TestCaseExecutor.doExecute(TestCaseExecutor.java:322)
	at com.kms.katalon.core.main.TestCaseExecutor.processExecutionPhase(TestCaseExecutor.java:301)
	at com.kms.katalon.core.main.TestCaseExecutor.accessMainPhase(TestCaseExecutor.java:293)
	at com.kms.katalon.core.main.TestCaseExecutor.execute(TestCaseExecutor.java:227)
	at com.kms.katalon.core.main.TestSuiteExecutor.accessTestCaseMainPhase(TestSuiteExecutor.java:129)
	at com.kms.katalon.core.main.TestSuiteExecutor.accessTestSuiteMainPhase(TestSuiteExecutor.java:112)
	at com.kms.katalon.core.main.TestSuiteExecutor.execute(TestSuiteExecutor.java:81)
	at com.kms.katalon.core.main.TestCaseMain.startTestSuite(TestCaseMain.java:157)
	at com.kms.katalon.core.main.TestCaseMain$startTestSuite$0.call(Unknown Source)
	at TempTestSuite1555405543194.run(TempTestSuite1555405543194.groovy:35)
Caused by: com.kms.katalon.core.webui.exception.WebElementNotFoundException: Web element with id: 'Object Repository/Page_KiboPush  Dashboard/h3_Dashboard (57)' located by 'By.xpath: //h3[(text() = 'Dashboard' or . = 'Dashboard')]' not found
	at com.kms.katalon.core.webui.common.WebUiCommonHelper.findWebElement(WebUiCommonHelper.java:1053)
	at com.kms.katalon.core.webui.keyword.internal.WebUIAbstractKeyword.findWebElement(WebUIAbstractKeyword.groovy:27)
	at com.kms.katalon.core.webui.keyword.internal.WebUIAbstractKeyword.findWebElement(WebUIAbstractKeyword.groovy:26)
	at com.kms.katalon.core.webui.keyword.builtin.ClickKeyword$_click_closure1.doCall(ClickKeyword.groovy:77)
	at com.kms.katalon.core.webui.keyword.builtin.ClickKeyword$_click_closure1.call(ClickKeyword.groovy)
	at com.kms.katalon.core.webui.keyword.internal.WebUIKeywordMain.runKeyword(WebUIKeywordMain.groovy:20)
	at com.kms.katalon.core.webui.keyword.builtin.ClickKeyword.click(ClickKeyword.groovy:86)
	at com.kms.katalon.core.webui.keyword.builtin.ClickKeyword.execute(ClickKeyword.groovy:67)
	at com.kms.katalon.core.keyword.internal.KeywordExecutor.executeKeywordForPlatform(KeywordExecutor.groovy:56)
	at com.kms.katalon.core.webui.keyword.WebUiBuiltInKeywords.click(WebUiBuiltInKeywords.groovy:616)
	at com.kms.katalon.core.webui.keyword.WebUiBuiltInKeywords$click$2.call(Unknown Source)
	at Script1542870641933.run(Script1542870641933.groovy:40)
	at com.kms.katalon.core.main.ScriptEngine.run(ScriptEngine.java:194)
	at com.kms.katalon.core.main.ScriptEngine.runScriptAsRawText(ScriptEngine.java:119)
	at com.kms.katalon.core.main.TestCaseExecutor.runScript(TestCaseExecutor.java:331)
	at com.kms.katalon.core.main.TestCaseExecutor.doExecute(TestCaseExecutor.java:322)
	at com.kms.katalon.core.main.TestCaseExecutor.processExecutionPhase(TestCaseExecutor.java:301)
	at com.kms.katalon.core.main.TestCaseExecutor.accessMainPhase(TestCaseExecutor.java:293)
	at com.kms.katalon.core.main.TestCaseExecutor.execute(TestCaseExecutor.java:227)
	at com.kms.katalon.core.main.TestCaseMain.runTestCase(TestCaseMain.java:114)
	at com.kms.katalon.core.keyword.builtin.CallTestCaseKeyword$_callTestCase_closure1.doCall(CallTestCaseKeyword.groovy:59)
	at com.kms.katalon.core.keyword.builtin.CallTestCaseKeyword$_callTestCase_closure1.call(CallTestCaseKeyword.groovy)
	at com.kms.katalon.core.keyword.internal.KeywordMain.runKeyword(KeywordMain.groovy:66)
	at com.kms.katalon.core.keyword.builtin.CallTestCaseKeyword.callTestCase(CallTestCaseKeyword.groovy:81)
	at com.kms.katalon.core.keyword.builtin.CallTestCaseKeyword.execute(CallTestCaseKeyword.groovy:44)
	at com.kms.katalon.core.keyword.internal.KeywordExecutor.executeKeywordForPlatform(KeywordExecutor.groovy:56)
	at com.kms.katalon.core.keyword.BuiltinKeywords.callTestCase(BuiltinKeywords.groovy:334)
	at Script1535855240364.run(Script1535855240364.groovy:15)
	at com.kms.katalon.core.main.ScriptEngine.run(ScriptEngine.java:194)
	at com.kms.katalon.core.main.ScriptEngine.runScriptAsRawText(ScriptEngine.java:119)
	at com.kms.katalon.core.main.TestCaseExecutor.runScript(TestCaseExecutor.java:331)
	at com.kms.katalon.core.main.TestCaseExecutor.doExecute(TestCaseExecutor.java:322)
	at com.kms.katalon.core.main.TestCaseExecutor.processExecutionPhase(TestCaseExecutor.java:301)
	at com.kms.katalon.core.main.TestCaseExecutor.accessMainPhase(TestCaseExecutor.java:293)
	at com.kms.katalon.core.main.TestCaseExecutor.execute(TestCaseExecutor.java:227)
	at com.kms.katalon.core.main.TestCaseMain.runTestCase(TestCaseMain.java:114)
	at com.kms.katalon.core.keyword.builtin.CallTestCaseKeyword$_callTestCase_closure1.doCall(CallTestCaseKeyword.groovy:59)
	at com.kms.katalon.core.keyword.builtin.CallTestCaseKeyword$_callTestCase_closure1.call(CallTestCaseKeyword.groovy)
	at com.kms.katalon.core.keyword.internal.KeywordMain.runKeyword(KeywordMain.groovy:66)
	at com.kms.katalon.core.keyword.builtin.CallTestCaseKeyword.callTestCase(CallTestCaseKeyword.groovy:81)
	at com.kms.katalon.core.keyword.builtin.CallTestCaseKeyword.execute(CallTestCaseKeyword.groovy:44)
	at com.kms.katalon.core.keyword.internal.KeywordExecutor.executeKeywordForPlatform(KeywordExecutor.groovy:56)
	at com.kms.katalon.core.keyword.BuiltinKeywords.callTestCase(BuiltinKeywords.groovy:334)
	at Script1555055014122.run(Script1555055014122.groovy:22)
	... 13 more


2019-04-16 14:08:10 - [TEST_STEP][PASSED] - openBrowser(""): Browser is opened with url: ''

2019-04-16 14:08:10 - [MESSAGE][WARNING] - A browser is already opened. Closing browser and opening a new one

2019-04-16 14:08:10 - [MESSAGE][INFO] - Starting 'Chrome' driver

2019-04-16 14:08:10 - [MESSAGE][PASSED] - Browser is opened with url: ''

2019-04-16 14:08:10 - [TEST_STEP][PASSED] - maximizeWindow(): Current window maximized

2019-04-16 14:08:10 - [MESSAGE][PASSED] - Current window maximized

2019-04-16 14:08:10 - [TEST_STEP][PASSED] - navigateToUrl("https://kiboengage.cloudkibo.com/"): Navigate to 'https://kiboengage.cloudkibo.com/' successfully

2019-04-16 14:08:35 - [MESSAGE][PASSED] - Navigate to 'https://kiboengage.cloudkibo.com/' successfully

2019-04-16 14:08:35 - [TEST_STEP][PASSED] - navigateToUrl("https://accounts.cloudkibo.com/?continue=https://kiboengage.cloudkibo.com"): Navigate to 'https://accounts.cloudkibo.com/?continue=https://kiboengage.cloudkibo.com' successfully

2019-04-16 14:08:35 - [MESSAGE][PASSED] - Navigate to 'https://accounts.cloudkibo.com/?continue=https://kiboengage.cloudkibo.com' successfully

2019-04-16 14:08:35 - [TEST_STEP][PASSED] - click(findTestObject("Page_KiboPush/a_Login (9) (1)")): Object: 'Object Repository/Page_KiboPush/a_Login (9) (1)' is clicked on

2019-04-16 14:08:36 - [MESSAGE][PASSED] - Object: 'Object Repository/Page_KiboPush/a_Login (9) (1)' is clicked on

2019-04-16 14:08:36 - [TEST_STEP][PASSED] - setText(findTestObject("Page_KiboPush/input_email (10) (1)"), "individual@cloudkibo.com"): Text 'individual@cloudkibo.com' is set on object 'Object Repository/Page_KiboPush/input_email (10) (1)'

2019-04-16 14:08:37 - [MESSAGE][PASSED] - Text 'individual@cloudkibo.com' is set on object 'Object Repository/Page_KiboPush/input_email (10) (1)'

2019-04-16 14:08:37 - [TEST_STEP][PASSED] - setEncryptedText(findTestObject("Page_KiboPush/input_password (9) (1)"), "RigbBhfdqOBGNlJIWM1ClA=="): Text ****** has been set on object 'Object Repository/Page_KiboPush/input_password (9) (1)'

2019-04-16 14:08:37 - [MESSAGE][PASSED] - Text ****** has been set on object 'Object Repository/Page_KiboPush/input_password (9) (1)'

2019-04-16 14:08:37 - [TEST_STEP][PASSED] - click(findTestObject("Page_KiboPush/button_Sign In (10) (1)")): Object: 'Object Repository/Page_KiboPush/button_Sign In (10) (1)' is clicked on

2019-04-16 14:08:37 - [MESSAGE][PASSED] - Object: 'Object Repository/Page_KiboPush/button_Sign In (10) (1)' is clicked on

2019-04-16 14:08:37 - [TEST_STEP][PASSED] - navigateToUrl("https://kiboengage.cloudkibo.com/dashboard"): Navigate to 'https://kiboengage.cloudkibo.com/dashboard' successfully

2019-04-16 14:10:12 - [MESSAGE][PASSED] - Navigate to 'https://kiboengage.cloudkibo.com/dashboard' successfully

2019-04-16 14:10:12 - [TEST_STEP][FAILED] - click(findTestObject("Object Repository/Page_KiboPush  Dashboard/h3_Dashboard (57)")): click(findTestObject("Object Repository/Page_KiboPush  Dashboard/h3_Dashboard (57)")) FAILED.
Reason:
com.kms.katalon.core.exception.StepFailedException: Unable to click on object 'Object Repository/Page_KiboPush  Dashboard/h3_Dashboard (57)'
	at com.kms.katalon.core.webui.keyword.internal.WebUIKeywordMain.stepFailed(WebUIKeywordMain.groovy:64)
	at com.kms.katalon.core.webui.keyword.internal.WebUIKeywordMain.runKeyword(WebUIKeywordMain.groovy:26)
	at com.kms.katalon.core.webui.keyword.builtin.ClickKeyword.click(ClickKeyword.groovy:86)
	at com.kms.katalon.core.webui.keyword.builtin.ClickKeyword.execute(ClickKeyword.groovy:67)
	at com.kms.katalon.core.keyword.internal.KeywordExecutor.executeKeywordForPlatform(KeywordExecutor.groovy:56)
	at com.kms.katalon.core.webui.keyword.WebUiBuiltInKeywords.click(WebUiBuiltInKeywords.groovy:616)
	at com.kms.katalon.core.webui.keyword.WebUiBuiltInKeywords$click$2.call(Unknown Source)
	at Login-KiboEngage.run(Login-KiboEngage:40)
	at com.kms.katalon.core.main.ScriptEngine.run(ScriptEngine.java:194)
	at com.kms.katalon.core.main.ScriptEngine.runScriptAsRawText(ScriptEngine.java:119)
	at com.kms.katalon.core.main.TestCaseExecutor.runScript(TestCaseExecutor.java:331)
	at com.kms.katalon.core.main.TestCaseExecutor.doExecute(TestCaseExecutor.java:322)
	at com.kms.katalon.core.main.TestCaseExecutor.processExecutionPhase(TestCaseExecutor.java:301)
	at com.kms.katalon.core.main.TestCaseExecutor.accessMainPhase(TestCaseExecutor.java:293)
	at com.kms.katalon.core.main.TestCaseExecutor.execute(TestCaseExecutor.java:227)
	at com.kms.katalon.core.main.TestCaseMain.runTestCase(TestCaseMain.java:114)
	at com.kms.katalon.core.keyword.builtin.CallTestCaseKeyword$_callTestCase_closure1.doCall(CallTestCaseKeyword.groovy:59)
	at com.kms.katalon.core.keyword.builtin.CallTestCaseKeyword$_callTestCase_closure1.call(CallTestCaseKeyword.groovy)
	at com.kms.katalon.core.keyword.internal.KeywordMain.runKeyword(KeywordMain.groovy:66)
	at com.kms.katalon.core.keyword.builtin.CallTestCaseKeyword.callTestCase(CallTestCaseKeyword.groovy:81)
	at com.kms.katalon.core.keyword.builtin.CallTestCaseKeyword.execute(CallTestCaseKeyword.groovy:44)
	at com.kms.katalon.core.keyword.internal.KeywordExecutor.executeKeywordForPlatform(KeywordExecutor.groovy:56)
	at com.kms.katalon.core.keyword.BuiltinKeywords.callTestCase(BuiltinKeywords.groovy:334)
	at Login.run(Login:15)
	at com.kms.katalon.core.main.ScriptEngine.run(ScriptEngine.java:194)
	at com.kms.katalon.core.main.ScriptEngine.runScriptAsRawText(ScriptEngine.java:119)
	at com.kms.katalon.core.main.TestCaseExecutor.runScript(TestCaseExecutor.java:331)
	at com.kms.katalon.core.main.TestCaseExecutor.doExecute(TestCaseExecutor.java:322)
	at com.kms.katalon.core.main.TestCaseExecutor.processExecutionPhase(TestCaseExecutor.java:301)
	at com.kms.katalon.core.main.TestCaseExecutor.accessMainPhase(TestCaseExecutor.java:293)
	at com.kms.katalon.core.main.TestCaseExecutor.execute(TestCaseExecutor.java:227)
	at com.kms.katalon.core.main.TestCaseMain.runTestCase(TestCaseMain.java:114)
	at com.kms.katalon.core.keyword.builtin.CallTestCaseKeyword$_callTestCase_closure1.doCall(CallTestCaseKeyword.groovy:59)
	at com.kms.katalon.core.keyword.builtin.CallTestCaseKeyword$_callTestCase_closure1.call(CallTestCaseKeyword.groovy)
	at com.kms.katalon.core.keyword.internal.KeywordMain.runKeyword(KeywordMain.groovy:66)
	at com.kms.katalon.core.keyword.builtin.CallTestCaseKeyword.callTestCase(CallTestCaseKeyword.groovy:81)
	at com.kms.katalon.core.keyword.builtin.CallTestCaseKeyword.execute(CallTestCaseKeyword.groovy:44)
	at com.kms.katalon.core.keyword.internal.KeywordExecutor.executeKeywordForPlatform(KeywordExecutor.groovy:56)
	at com.kms.katalon.core.keyword.BuiltinKeywords.callTestCase(BuiltinKeywords.groovy:334)
	at TC0101.run(TC0101:22)
	at com.kms.katalon.core.main.ScriptEngine.run(ScriptEngine.java:194)
	at com.kms.katalon.core.main.ScriptEngine.runScriptAsRawText(ScriptEngine.java:119)
	at com.kms.katalon.core.main.TestCaseExecutor.runScript(TestCaseExecutor.java:331)
	at com.kms.katalon.core.main.TestCaseExecutor.doExecute(TestCaseExecutor.java:322)
	at com.kms.katalon.core.main.TestCaseExecutor.processExecutionPhase(TestCaseExecutor.java:301)
	at com.kms.katalon.core.main.TestCaseExecutor.accessMainPhase(TestCaseExecutor.java:293)
	at com.kms.katalon.core.main.TestCaseExecutor.execute(TestCaseExecutor.java:227)
	at com.kms.katalon.core.main.TestSuiteExecutor.accessTestCaseMainPhase(TestSuiteExecutor.java:129)
	at com.kms.katalon.core.main.TestSuiteExecutor.accessTestSuiteMainPhase(TestSuiteExecutor.java:112)
	at com.kms.katalon.core.main.TestSuiteExecutor.execute(TestSuiteExecutor.java:81)
	at com.kms.katalon.core.main.TestCaseMain.startTestSuite(TestCaseMain.java:157)
	at com.kms.katalon.core.main.TestCaseMain$startTestSuite$0.call(Unknown Source)
	at TempTestSuite1555405543194.run(TempTestSuite1555405543194.groovy:35)
Caused by: com.kms.katalon.core.webui.exception.WebElementNotFoundException: Web element with id: 'Object Repository/Page_KiboPush  Dashboard/h3_Dashboard (57)' located by 'By.xpath: //h3[(text() = 'Dashboard' or . = 'Dashboard')]' not found
	at com.kms.katalon.core.webui.common.WebUiCommonHelper.findWebElement(WebUiCommonHelper.java:1053)
	at com.kms.katalon.core.webui.keyword.internal.WebUIAbstractKeyword.findWebElement(WebUIAbstractKeyword.groovy:27)
	at com.kms.katalon.core.webui.keyword.internal.WebUIAbstractKeyword.findWebElement(WebUIAbstractKeyword.groovy:26)
	at com.kms.katalon.core.webui.keyword.builtin.ClickKeyword$_click_closure1.doCall(ClickKeyword.groovy:77)
	at com.kms.katalon.core.webui.keyword.builtin.ClickKeyword$_click_closure1.call(ClickKeyword.groovy)
	at com.kms.katalon.core.webui.keyword.internal.WebUIKeywordMain.runKeyword(WebUIKeywordMain.groovy:20)
	at com.kms.katalon.core.webui.keyword.builtin.ClickKeyword.click(ClickKeyword.groovy:86)
	at com.kms.katalon.core.webui.keyword.builtin.ClickKeyword.execute(ClickKeyword.groovy:67)
	at com.kms.katalon.core.keyword.internal.KeywordExecutor.executeKeywordForPlatform(KeywordExecutor.groovy:56)
	at com.kms.katalon.core.webui.keyword.WebUiBuiltInKeywords.click(WebUiBuiltInKeywords.groovy:616)
	at com.kms.katalon.core.webui.keyword.WebUiBuiltInKeywords$click$2.call(Unknown Source)
	at Script1542870641933.run(Script1542870641933.groovy:40)
	at com.kms.katalon.core.main.ScriptEngine.run(ScriptEngine.java:194)
	at com.kms.katalon.core.main.ScriptEngine.runScriptAsRawText(ScriptEngine.java:119)
	at com.kms.katalon.core.main.TestCaseExecutor.runScript(TestCaseExecutor.java:331)
	at com.kms.katalon.core.main.TestCaseExecutor.doExecute(TestCaseExecutor.java:322)
	at com.kms.katalon.core.main.TestCaseExecutor.processExecutionPhase(TestCaseExecutor.java:301)
	at com.kms.katalon.core.main.TestCaseExecutor.accessMainPhase(TestCaseExecutor.java:293)
	at com.kms.katalon.core.main.TestCaseExecutor.execute(TestCaseExecutor.java:227)
	at com.kms.katalon.core.main.TestCaseMain.runTestCase(TestCaseMain.java:114)
	at com.kms.katalon.core.keyword.builtin.CallTestCaseKeyword$_callTestCase_closure1.doCall(CallTestCaseKeyword.groovy:59)
	at com.kms.katalon.core.keyword.builtin.CallTestCaseKeyword$_callTestCase_closure1.call(CallTestCaseKeyword.groovy)
	at com.kms.katalon.core.keyword.internal.KeywordMain.runKeyword(KeywordMain.groovy:66)
	at com.kms.katalon.core.keyword.builtin.CallTestCaseKeyword.callTestCase(CallTestCaseKeyword.groovy:81)
	at com.kms.katalon.core.keyword.builtin.CallTestCaseKeyword.execute(CallTestCaseKeyword.groovy:44)
	at com.kms.katalon.core.keyword.internal.KeywordExecutor.executeKeywordForPlatform(KeywordExecutor.groovy:56)
	at com.kms.katalon.core.keyword.BuiltinKeywords.callTestCase(BuiltinKeywords.groovy:334)
	at Script1535855240364.run(Script1535855240364.groovy:15)
	at com.kms.katalon.core.main.ScriptEngine.run(ScriptEngine.java:194)
	at com.kms.katalon.core.main.ScriptEngine.runScriptAsRawText(ScriptEngine.java:119)
	at com.kms.katalon.core.main.TestCaseExecutor.runScript(TestCaseExecutor.java:331)
	at com.kms.katalon.core.main.TestCaseExecutor.doExecute(TestCaseExecutor.java:322)
	at com.kms.katalon.core.main.TestCaseExecutor.processExecutionPhase(TestCaseExecutor.java:301)
	at com.kms.katalon.core.main.TestCaseExecutor.accessMainPhase(TestCaseExecutor.java:293)
	at com.kms.katalon.core.main.TestCaseExecutor.execute(TestCaseExecutor.java:227)
	at com.kms.katalon.core.main.TestCaseMain.runTestCase(TestCaseMain.java:114)
	at com.kms.katalon.core.keyword.builtin.CallTestCaseKeyword$_callTestCase_closure1.doCall(CallTestCaseKeyword.groovy:59)
	at com.kms.katalon.core.keyword.builtin.CallTestCaseKeyword$_callTestCase_closure1.call(CallTestCaseKeyword.groovy)
	at com.kms.katalon.core.keyword.internal.KeywordMain.runKeyword(KeywordMain.groovy:66)
	at com.kms.katalon.core.keyword.builtin.CallTestCaseKeyword.callTestCase(CallTestCaseKeyword.groovy:81)
	at com.kms.katalon.core.keyword.builtin.CallTestCaseKeyword.execute(CallTestCaseKeyword.groovy:44)
	at com.kms.katalon.core.keyword.internal.KeywordExecutor.executeKeywordForPlatform(KeywordExecutor.groovy:56)
	at com.kms.katalon.core.keyword.BuiltinKeywords.callTestCase(BuiltinKeywords.groovy:334)
	at Script1555055014122.run(Script1555055014122.groovy:22)
	... 13 more


2019-04-16 14:10:42 - [MESSAGE][INFO] - Unable to find the element located by 'By.xpath: //h3[(text() = 'Dashboard' or . = 'Dashboard')]'. Please recheck the objects properties to make sure the desired element is located. 

2019-04-16 14:10:43 - [MESSAGE][FAILED] - Unable to click on object 'Object Repository/Page_KiboPush  Dashboard/h3_Dashboard (57)' (Root cause: com.kms.katalon.core.exception.StepFailedException: Unable to click on object 'Object Repository/Page_KiboPush  Dashboard/h3_Dashboard (57)'
	at com.kms.katalon.core.webui.keyword.internal.WebUIKeywordMain.stepFailed(WebUIKeywordMain.groovy:64)
	at com.kms.katalon.core.webui.keyword.internal.WebUIKeywordMain.runKeyword(WebUIKeywordMain.groovy:26)
	at com.kms.katalon.core.webui.keyword.builtin.ClickKeyword.click(ClickKeyword.groovy:86)
	at com.kms.katalon.core.webui.keyword.builtin.ClickKeyword.execute(ClickKeyword.groovy:67)
	at com.kms.katalon.core.keyword.internal.KeywordExecutor.executeKeywordForPlatform(KeywordExecutor.groovy:56)
	at com.kms.katalon.core.webui.keyword.WebUiBuiltInKeywords.click(WebUiBuiltInKeywords.groovy:616)
	at com.kms.katalon.core.webui.keyword.WebUiBuiltInKeywords$click$2.call(Unknown Source)
	at Login-KiboEngage.run(Login-KiboEngage:40)
	at com.kms.katalon.core.main.ScriptEngine.run(ScriptEngine.java:194)
	at com.kms.katalon.core.main.ScriptEngine.runScriptAsRawText(ScriptEngine.java:119)
	at com.kms.katalon.core.main.TestCaseExecutor.runScript(TestCaseExecutor.java:331)
	at com.kms.katalon.core.main.TestCaseExecutor.doExecute(TestCaseExecutor.java:322)
	at com.kms.katalon.core.main.TestCaseExecutor.processExecutionPhase(TestCaseExecutor.java:301)
	at com.kms.katalon.core.main.TestCaseExecutor.accessMainPhase(TestCaseExecutor.java:293)
	at com.kms.katalon.core.main.TestCaseExecutor.execute(TestCaseExecutor.java:227)
	at com.kms.katalon.core.main.TestCaseMain.runTestCase(TestCaseMain.java:114)
	at com.kms.katalon.core.keyword.builtin.CallTestCaseKeyword$_callTestCase_closure1.doCall(CallTestCaseKeyword.groovy:59)
	at com.kms.katalon.core.keyword.builtin.CallTestCaseKeyword$_callTestCase_closure1.call(CallTestCaseKeyword.groovy)
	at com.kms.katalon.core.keyword.internal.KeywordMain.runKeyword(KeywordMain.groovy:66)
	at com.kms.katalon.core.keyword.builtin.CallTestCaseKeyword.callTestCase(CallTestCaseKeyword.groovy:81)
	at com.kms.katalon.core.keyword.builtin.CallTestCaseKeyword.execute(CallTestCaseKeyword.groovy:44)
	at com.kms.katalon.core.keyword.internal.KeywordExecutor.executeKeywordForPlatform(KeywordExecutor.groovy:56)
	at com.kms.katalon.core.keyword.BuiltinKeywords.callTestCase(BuiltinKeywords.groovy:334)
	at Login.run(Login:15)
	at com.kms.katalon.core.main.ScriptEngine.run(ScriptEngine.java:194)
	at com.kms.katalon.core.main.ScriptEngine.runScriptAsRawText(ScriptEngine.java:119)
	at com.kms.katalon.core.main.TestCaseExecutor.runScript(TestCaseExecutor.java:331)
	at com.kms.katalon.core.main.TestCaseExecutor.doExecute(TestCaseExecutor.java:322)
	at com.kms.katalon.core.main.TestCaseExecutor.processExecutionPhase(TestCaseExecutor.java:301)
	at com.kms.katalon.core.main.TestCaseExecutor.accessMainPhase(TestCaseExecutor.java:293)
	at com.kms.katalon.core.main.TestCaseExecutor.execute(TestCaseExecutor.java:227)
	at com.kms.katalon.core.main.TestCaseMain.runTestCase(TestCaseMain.java:114)
	at com.kms.katalon.core.keyword.builtin.CallTestCaseKeyword$_callTestCase_closure1.doCall(CallTestCaseKeyword.groovy:59)
	at com.kms.katalon.core.keyword.builtin.CallTestCaseKeyword$_callTestCase_closure1.call(CallTestCaseKeyword.groovy)
	at com.kms.katalon.core.keyword.internal.KeywordMain.runKeyword(KeywordMain.groovy:66)
	at com.kms.katalon.core.keyword.builtin.CallTestCaseKeyword.callTestCase(CallTestCaseKeyword.groovy:81)
	at com.kms.katalon.core.keyword.builtin.CallTestCaseKeyword.execute(CallTestCaseKeyword.groovy:44)
	at com.kms.katalon.core.keyword.internal.KeywordExecutor.executeKeywordForPlatform(KeywordExecutor.groovy:56)
	at com.kms.katalon.core.keyword.BuiltinKeywords.callTestCase(BuiltinKeywords.groovy:334)
	at TC0101.run(TC0101:22)
	at com.kms.katalon.core.main.ScriptEngine.run(ScriptEngine.java:194)
	at com.kms.katalon.core.main.ScriptEngine.runScriptAsRawText(ScriptEngine.java:119)
	at com.kms.katalon.core.main.TestCaseExecutor.runScript(TestCaseExecutor.java:331)
	at com.kms.katalon.core.main.TestCaseExecutor.doExecute(TestCaseExecutor.java:322)
	at com.kms.katalon.core.main.TestCaseExecutor.processExecutionPhase(TestCaseExecutor.java:301)
	at com.kms.katalon.core.main.TestCaseExecutor.accessMainPhase(TestCaseExecutor.java:293)
	at com.kms.katalon.core.main.TestCaseExecutor.execute(TestCaseExecutor.java:227)
	at com.kms.katalon.core.main.TestSuiteExecutor.accessTestCaseMainPhase(TestSuiteExecutor.java:129)
	at com.kms.katalon.core.main.TestSuiteExecutor.accessTestSuiteMainPhase(TestSuiteExecutor.java:112)
	at com.kms.katalon.core.main.TestSuiteExecutor.execute(TestSuiteExecutor.java:81)
	at com.kms.katalon.core.main.TestCaseMain.startTestSuite(TestCaseMain.java:157)
	at com.kms.katalon.core.main.TestCaseMain$startTestSuite$0.call(Unknown Source)
	at TempTestSuite1555405543194.run(TempTestSuite1555405543194.groovy:35)
Caused by: com.kms.katalon.core.webui.exception.WebElementNotFoundException: Web element with id: 'Object Repository/Page_KiboPush  Dashboard/h3_Dashboard (57)' located by 'By.xpath: //h3[(text() = 'Dashboard' or . = 'Dashboard')]' not found
	at com.kms.katalon.core.webui.common.WebUiCommonHelper.findWebElement(WebUiCommonHelper.java:1053)
	at com.kms.katalon.core.webui.keyword.internal.WebUIAbstractKeyword.findWebElement(WebUIAbstractKeyword.groovy:27)
	at com.kms.katalon.core.webui.keyword.internal.WebUIAbstractKeyword.findWebElement(WebUIAbstractKeyword.groovy:26)
	at com.kms.katalon.core.webui.keyword.builtin.ClickKeyword$_click_closure1.doCall(ClickKeyword.groovy:77)
	at com.kms.katalon.core.webui.keyword.builtin.ClickKeyword$_click_closure1.call(ClickKeyword.groovy)
	at com.kms.katalon.core.webui.keyword.internal.WebUIKeywordMain.runKeyword(WebUIKeywordMain.groovy:20)
	at com.kms.katalon.core.webui.keyword.builtin.ClickKeyword.click(ClickKeyword.groovy:86)
	at com.kms.katalon.core.webui.keyword.builtin.ClickKeyword.execute(ClickKeyword.groovy:67)
	at com.kms.katalon.core.keyword.internal.KeywordExecutor.executeKeywordForPlatform(KeywordExecutor.groovy:56)
	at com.kms.katalon.core.webui.keyword.WebUiBuiltInKeywords.click(WebUiBuiltInKeywords.groovy:616)
	at com.kms.katalon.core.webui.keyword.WebUiBuiltInKeywords$click$2.call(Unknown Source)
	at Script1542870641933.run(Script1542870641933.groovy:40)
	at com.kms.katalon.core.main.ScriptEngine.run(ScriptEngine.java:194)
	at com.kms.katalon.core.main.ScriptEngine.runScriptAsRawText(ScriptEngine.java:119)
	at com.kms.katalon.core.main.TestCaseExecutor.runScript(TestCaseExecutor.java:331)
	at com.kms.katalon.core.main.TestCaseExecutor.doExecute(TestCaseExecutor.java:322)
	at com.kms.katalon.core.main.TestCaseExecutor.processExecutionPhase(TestCaseExecutor.java:301)
	at com.kms.katalon.core.main.TestCaseExecutor.accessMainPhase(TestCaseExecutor.java:293)
	at com.kms.katalon.core.main.TestCaseExecutor.execute(TestCaseExecutor.java:227)
	at com.kms.katalon.core.main.TestCaseMain.runTestCase(TestCaseMain.java:114)
	at com.kms.katalon.core.keyword.builtin.CallTestCaseKeyword$_callTestCase_closure1.doCall(CallTestCaseKeyword.groovy:59)
	at com.kms.katalon.core.keyword.builtin.CallTestCaseKeyword$_callTestCase_closure1.call(CallTestCaseKeyword.groovy)
	at com.kms.katalon.core.keyword.internal.KeywordMain.runKeyword(KeywordMain.groovy:66)
	at com.kms.katalon.core.keyword.builtin.CallTestCaseKeyword.callTestCase(CallTestCaseKeyword.groovy:81)
	at com.kms.katalon.core.keyword.builtin.CallTestCaseKeyword.execute(CallTestCaseKeyword.groovy:44)
	at com.kms.katalon.core.keyword.internal.KeywordExecutor.executeKeywordForPlatform(KeywordExecutor.groovy:56)
	at com.kms.katalon.core.keyword.BuiltinKeywords.callTestCase(BuiltinKeywords.groovy:334)
	at Script1535855240364.run(Script1535855240364.groovy:15)
	at com.kms.katalon.core.main.ScriptEngine.run(ScriptEngine.java:194)
	at com.kms.katalon.core.main.ScriptEngine.runScriptAsRawText(ScriptEngine.java:119)
	at com.kms.katalon.core.main.TestCaseExecutor.runScript(TestCaseExecutor.java:331)
	at com.kms.katalon.core.main.TestCaseExecutor.doExecute(TestCaseExecutor.java:322)
	at com.kms.katalon.core.main.TestCaseExecutor.processExecutionPhase(TestCaseExecutor.java:301)
	at com.kms.katalon.core.main.TestCaseExecutor.accessMainPhase(TestCaseExecutor.java:293)
	at com.kms.katalon.core.main.TestCaseExecutor.execute(TestCaseExecutor.java:227)
	at com.kms.katalon.core.main.TestCaseMain.runTestCase(TestCaseMain.java:114)
	at com.kms.katalon.core.keyword.builtin.CallTestCaseKeyword$_callTestCase_closure1.doCall(CallTestCaseKeyword.groovy:59)
	at com.kms.katalon.core.keyword.builtin.CallTestCaseKeyword$_callTestCase_closure1.call(CallTestCaseKeyword.groovy)
	at com.kms.katalon.core.keyword.internal.KeywordMain.runKeyword(KeywordMain.groovy:66)
	at com.kms.katalon.core.keyword.builtin.CallTestCaseKeyword.callTestCase(CallTestCaseKeyword.groovy:81)
	at com.kms.katalon.core.keyword.builtin.CallTestCaseKeyword.execute(CallTestCaseKeyword.groovy:44)
	at com.kms.katalon.core.keyword.internal.KeywordExecutor.executeKeywordForPlatform(KeywordExecutor.groovy:56)
	at com.kms.katalon.core.keyword.BuiltinKeywords.callTestCase(BuiltinKeywords.groovy:334)
	at Script1555055014122.run(Script1555055014122.groovy:22)
	... 13 more
)
[[ATTACHMENT|/home/cloudkibo-muzamil/Downloads/Test cases/production/KiboPush/Reports/New suitesx/header/20190416_140543/1555405842938.png]]

2019-04-16 14:10:43 - [MESSAGE][FAILED] - click(findTestObject("Object Repository/Page_KiboPush  Dashboard/h3_Dashboard (57)")) FAILED.
Reason:
com.kms.katalon.core.exception.StepFailedException: Unable to click on object 'Object Repository/Page_KiboPush  Dashboard/h3_Dashboard (57)'
	at com.kms.katalon.core.webui.keyword.internal.WebUIKeywordMain.stepFailed(WebUIKeywordMain.groovy:64)
	at com.kms.katalon.core.webui.keyword.internal.WebUIKeywordMain.runKeyword(WebUIKeywordMain.groovy:26)
	at com.kms.katalon.core.webui.keyword.builtin.ClickKeyword.click(ClickKeyword.groovy:86)
	at com.kms.katalon.core.webui.keyword.builtin.ClickKeyword.execute(ClickKeyword.groovy:67)
	at com.kms.katalon.core.keyword.internal.KeywordExecutor.executeKeywordForPlatform(KeywordExecutor.groovy:56)
	at com.kms.katalon.core.webui.keyword.WebUiBuiltInKeywords.click(WebUiBuiltInKeywords.groovy:616)
	at com.kms.katalon.core.webui.keyword.WebUiBuiltInKeywords$click$2.call(Unknown Source)
	at Login-KiboEngage.run(Login-KiboEngage:40)
	at com.kms.katalon.core.main.ScriptEngine.run(ScriptEngine.java:194)
	at com.kms.katalon.core.main.ScriptEngine.runScriptAsRawText(ScriptEngine.java:119)
	at com.kms.katalon.core.main.TestCaseExecutor.runScript(TestCaseExecutor.java:331)
	at com.kms.katalon.core.main.TestCaseExecutor.doExecute(TestCaseExecutor.java:322)
	at com.kms.katalon.core.main.TestCaseExecutor.processExecutionPhase(TestCaseExecutor.java:301)
	at com.kms.katalon.core.main.TestCaseExecutor.accessMainPhase(TestCaseExecutor.java:293)
	at com.kms.katalon.core.main.TestCaseExecutor.execute(TestCaseExecutor.java:227)
	at com.kms.katalon.core.main.TestCaseMain.runTestCase(TestCaseMain.java:114)
	at com.kms.katalon.core.keyword.builtin.CallTestCaseKeyword$_callTestCase_closure1.doCall(CallTestCaseKeyword.groovy:59)
	at com.kms.katalon.core.keyword.builtin.CallTestCaseKeyword$_callTestCase_closure1.call(CallTestCaseKeyword.groovy)
	at com.kms.katalon.core.keyword.internal.KeywordMain.runKeyword(KeywordMain.groovy:66)
	at com.kms.katalon.core.keyword.builtin.CallTestCaseKeyword.callTestCase(CallTestCaseKeyword.groovy:81)
	at com.kms.katalon.core.keyword.builtin.CallTestCaseKeyword.execute(CallTestCaseKeyword.groovy:44)
	at com.kms.katalon.core.keyword.internal.KeywordExecutor.executeKeywordForPlatform(KeywordExecutor.groovy:56)
	at com.kms.katalon.core.keyword.BuiltinKeywords.callTestCase(BuiltinKeywords.groovy:334)
	at Login.run(Login:15)
	at com.kms.katalon.core.main.ScriptEngine.run(ScriptEngine.java:194)
	at com.kms.katalon.core.main.ScriptEngine.runScriptAsRawText(ScriptEngine.java:119)
	at com.kms.katalon.core.main.TestCaseExecutor.runScript(TestCaseExecutor.java:331)
	at com.kms.katalon.core.main.TestCaseExecutor.doExecute(TestCaseExecutor.java:322)
	at com.kms.katalon.core.main.TestCaseExecutor.processExecutionPhase(TestCaseExecutor.java:301)
	at com.kms.katalon.core.main.TestCaseExecutor.accessMainPhase(TestCaseExecutor.java:293)
	at com.kms.katalon.core.main.TestCaseExecutor.execute(TestCaseExecutor.java:227)
	at com.kms.katalon.core.main.TestCaseMain.runTestCase(TestCaseMain.java:114)
	at com.kms.katalon.core.keyword.builtin.CallTestCaseKeyword$_callTestCase_closure1.doCall(CallTestCaseKeyword.groovy:59)
	at com.kms.katalon.core.keyword.builtin.CallTestCaseKeyword$_callTestCase_closure1.call(CallTestCaseKeyword.groovy)
	at com.kms.katalon.core.keyword.internal.KeywordMain.runKeyword(KeywordMain.groovy:66)
	at com.kms.katalon.core.keyword.builtin.CallTestCaseKeyword.callTestCase(CallTestCaseKeyword.groovy:81)
	at com.kms.katalon.core.keyword.builtin.CallTestCaseKeyword.execute(CallTestCaseKeyword.groovy:44)
	at com.kms.katalon.core.keyword.internal.KeywordExecutor.executeKeywordForPlatform(KeywordExecutor.groovy:56)
	at com.kms.katalon.core.keyword.BuiltinKeywords.callTestCase(BuiltinKeywords.groovy:334)
	at TC0101.run(TC0101:22)
	at com.kms.katalon.core.main.ScriptEngine.run(ScriptEngine.java:194)
	at com.kms.katalon.core.main.ScriptEngine.runScriptAsRawText(ScriptEngine.java:119)
	at com.kms.katalon.core.main.TestCaseExecutor.runScript(TestCaseExecutor.java:331)
	at com.kms.katalon.core.main.TestCaseExecutor.doExecute(TestCaseExecutor.java:322)
	at com.kms.katalon.core.main.TestCaseExecutor.processExecutionPhase(TestCaseExecutor.java:301)
	at com.kms.katalon.core.main.TestCaseExecutor.accessMainPhase(TestCaseExecutor.java:293)
	at com.kms.katalon.core.main.TestCaseExecutor.execute(TestCaseExecutor.java:227)
	at com.kms.katalon.core.main.TestSuiteExecutor.accessTestCaseMainPhase(TestSuiteExecutor.java:129)
	at com.kms.katalon.core.main.TestSuiteExecutor.accessTestSuiteMainPhase(TestSuiteExecutor.java:112)
	at com.kms.katalon.core.main.TestSuiteExecutor.execute(TestSuiteExecutor.java:81)
	at com.kms.katalon.core.main.TestCaseMain.startTestSuite(TestCaseMain.java:157)
	at com.kms.katalon.core.main.TestCaseMain$startTestSuite$0.call(Unknown Source)
	at TempTestSuite1555405543194.run(TempTestSuite1555405543194.groovy:35)
Caused by: com.kms.katalon.core.webui.exception.WebElementNotFoundException: Web element with id: 'Object Repository/Page_KiboPush  Dashboard/h3_Dashboard (57)' located by 'By.xpath: //h3[(text() = 'Dashboard' or . = 'Dashboard')]' not found
	at com.kms.katalon.core.webui.common.WebUiCommonHelper.findWebElement(WebUiCommonHelper.java:1053)
	at com.kms.katalon.core.webui.keyword.internal.WebUIAbstractKeyword.findWebElement(WebUIAbstractKeyword.groovy:27)
	at com.kms.katalon.core.webui.keyword.internal.WebUIAbstractKeyword.findWebElement(WebUIAbstractKeyword.groovy:26)
	at com.kms.katalon.core.webui.keyword.builtin.ClickKeyword$_click_closure1.doCall(ClickKeyword.groovy:77)
	at com.kms.katalon.core.webui.keyword.builtin.ClickKeyword$_click_closure1.call(ClickKeyword.groovy)
	at com.kms.katalon.core.webui.keyword.internal.WebUIKeywordMain.runKeyword(WebUIKeywordMain.groovy:20)
	at com.kms.katalon.core.webui.keyword.builtin.ClickKeyword.click(ClickKeyword.groovy:86)
	at com.kms.katalon.core.webui.keyword.builtin.ClickKeyword.execute(ClickKeyword.groovy:67)
	at com.kms.katalon.core.keyword.internal.KeywordExecutor.executeKeywordForPlatform(KeywordExecutor.groovy:56)
	at com.kms.katalon.core.webui.keyword.WebUiBuiltInKeywords.click(WebUiBuiltInKeywords.groovy:616)
	at com.kms.katalon.core.webui.keyword.WebUiBuiltInKeywords$click$2.call(Unknown Source)
	at Script1542870641933.run(Script1542870641933.groovy:40)
	at com.kms.katalon.core.main.ScriptEngine.run(ScriptEngine.java:194)
	at com.kms.katalon.core.main.ScriptEngine.runScriptAsRawText(ScriptEngine.java:119)
	at com.kms.katalon.core.main.TestCaseExecutor.runScript(TestCaseExecutor.java:331)
	at com.kms.katalon.core.main.TestCaseExecutor.doExecute(TestCaseExecutor.java:322)
	at com.kms.katalon.core.main.TestCaseExecutor.processExecutionPhase(TestCaseExecutor.java:301)
	at com.kms.katalon.core.main.TestCaseExecutor.accessMainPhase(TestCaseExecutor.java:293)
	at com.kms.katalon.core.main.TestCaseExecutor.execute(TestCaseExecutor.java:227)
	at com.kms.katalon.core.main.TestCaseMain.runTestCase(TestCaseMain.java:114)
	at com.kms.katalon.core.keyword.builtin.CallTestCaseKeyword$_callTestCase_closure1.doCall(CallTestCaseKeyword.groovy:59)
	at com.kms.katalon.core.keyword.builtin.CallTestCaseKeyword$_callTestCase_closure1.call(CallTestCaseKeyword.groovy)
	at com.kms.katalon.core.keyword.internal.KeywordMain.runKeyword(KeywordMain.groovy:66)
	at com.kms.katalon.core.keyword.builtin.CallTestCaseKeyword.callTestCase(CallTestCaseKeyword.groovy:81)
	at com.kms.katalon.core.keyword.builtin.CallTestCaseKeyword.execute(CallTestCaseKeyword.groovy:44)
	at com.kms.katalon.core.keyword.internal.KeywordExecutor.executeKeywordForPlatform(KeywordExecutor.groovy:56)
	at com.kms.katalon.core.keyword.BuiltinKeywords.callTestCase(BuiltinKeywords.groovy:334)
	at Script1535855240364.run(Script1535855240364.groovy:15)
	at com.kms.katalon.core.main.ScriptEngine.run(ScriptEngine.java:194)
	at com.kms.katalon.core.main.ScriptEngine.runScriptAsRawText(ScriptEngine.java:119)
	at com.kms.katalon.core.main.TestCaseExecutor.runScript(TestCaseExecutor.java:331)
	at com.kms.katalon.core.main.TestCaseExecutor.doExecute(TestCaseExecutor.java:322)
	at com.kms.katalon.core.main.TestCaseExecutor.processExecutionPhase(TestCaseExecutor.java:301)
	at com.kms.katalon.core.main.TestCaseExecutor.accessMainPhase(TestCaseExecutor.java:293)
	at com.kms.katalon.core.main.TestCaseExecutor.execute(TestCaseExecutor.java:227)
	at com.kms.katalon.core.main.TestCaseMain.runTestCase(TestCaseMain.java:114)
	at com.kms.katalon.core.keyword.builtin.CallTestCaseKeyword$_callTestCase_closure1.doCall(CallTestCaseKeyword.groovy:59)
	at com.kms.katalon.core.keyword.builtin.CallTestCaseKeyword$_callTestCase_closure1.call(CallTestCaseKeyword.groovy)
	at com.kms.katalon.core.keyword.internal.KeywordMain.runKeyword(KeywordMain.groovy:66)
	at com.kms.katalon.core.keyword.builtin.CallTestCaseKeyword.callTestCase(CallTestCaseKeyword.groovy:81)
	at com.kms.katalon.core.keyword.builtin.CallTestCaseKeyword.execute(CallTestCaseKeyword.groovy:44)
	at com.kms.katalon.core.keyword.internal.KeywordExecutor.executeKeywordForPlatform(KeywordExecutor.groovy:56)
	at com.kms.katalon.core.keyword.BuiltinKeywords.callTestCase(BuiltinKeywords.groovy:334)
	at Script1555055014122.run(Script1555055014122.groovy:22)
	... 13 more


2019-04-16 14:10:43 - [MESSAGE][FAILED] - Unable to call Test Case 'Test Cases/s-sidebar_navigation/individualAccount/Login-KiboEngage' (Root cause: com.kms.katalon.core.exception.StepFailedException: Call Test Case 'Test Cases/s-sidebar_navigation/individualAccount/Login-KiboEngage' failed
	at com.kms.katalon.core.keyword.builtin.CallTestCaseKeyword$_callTestCase_closure1.doCall(CallTestCaseKeyword.groovy:63)
	at com.kms.katalon.core.keyword.builtin.CallTestCaseKeyword$_callTestCase_closure1.call(CallTestCaseKeyword.groovy)
	at com.kms.katalon.core.keyword.internal.KeywordMain.runKeyword(KeywordMain.groovy:66)
	at com.kms.katalon.core.keyword.builtin.CallTestCaseKeyword.callTestCase(CallTestCaseKeyword.groovy:81)
	at com.kms.katalon.core.keyword.builtin.CallTestCaseKeyword.execute(CallTestCaseKeyword.groovy:44)
	at com.kms.katalon.core.keyword.internal.KeywordExecutor.executeKeywordForPlatform(KeywordExecutor.groovy:56)
	at com.kms.katalon.core.keyword.BuiltinKeywords.callTestCase(BuiltinKeywords.groovy:334)
	at Login.run(Login:15)
	at com.kms.katalon.core.main.ScriptEngine.run(ScriptEngine.java:194)
	at com.kms.katalon.core.main.ScriptEngine.runScriptAsRawText(ScriptEngine.java:119)
	at com.kms.katalon.core.main.TestCaseExecutor.runScript(TestCaseExecutor.java:331)
	at com.kms.katalon.core.main.TestCaseExecutor.doExecute(TestCaseExecutor.java:322)
	at com.kms.katalon.core.main.TestCaseExecutor.processExecutionPhase(TestCaseExecutor.java:301)
	at com.kms.katalon.core.main.TestCaseExecutor.accessMainPhase(TestCaseExecutor.java:293)
	at com.kms.katalon.core.main.TestCaseExecutor.execute(TestCaseExecutor.java:227)
	at com.kms.katalon.core.main.TestCaseMain.runTestCase(TestCaseMain.java:114)
	at com.kms.katalon.core.keyword.builtin.CallTestCaseKeyword$_callTestCase_closure1.doCall(CallTestCaseKeyword.groovy:59)
	at com.kms.katalon.core.keyword.builtin.CallTestCaseKeyword$_callTestCase_closure1.call(CallTestCaseKeyword.groovy)
	at com.kms.katalon.core.keyword.internal.KeywordMain.runKeyword(KeywordMain.groovy:66)
	at com.kms.katalon.core.keyword.builtin.CallTestCaseKeyword.callTestCase(CallTestCaseKeyword.groovy:81)
	at com.kms.katalon.core.keyword.builtin.CallTestCaseKeyword.execute(CallTestCaseKeyword.groovy:44)
	at com.kms.katalon.core.keyword.internal.KeywordExecutor.executeKeywordForPlatform(KeywordExecutor.groovy:56)
	at com.kms.katalon.core.keyword.BuiltinKeywords.callTestCase(BuiltinKeywords.groovy:334)
	at TC0101.run(TC0101:22)
	at com.kms.katalon.core.main.ScriptEngine.run(ScriptEngine.java:194)
	at com.kms.katalon.core.main.ScriptEngine.runScriptAsRawText(ScriptEngine.java:119)
	at com.kms.katalon.core.main.TestCaseExecutor.runScript(TestCaseExecutor.java:331)
	at com.kms.katalon.core.main.TestCaseExecutor.doExecute(TestCaseExecutor.java:322)
	at com.kms.katalon.core.main.TestCaseExecutor.processExecutionPhase(TestCaseExecutor.java:301)
	at com.kms.katalon.core.main.TestCaseExecutor.accessMainPhase(TestCaseExecutor.java:293)
	at com.kms.katalon.core.main.TestCaseExecutor.execute(TestCaseExecutor.java:227)
	at com.kms.katalon.core.main.TestSuiteExecutor.accessTestCaseMainPhase(TestSuiteExecutor.java:129)
	at com.kms.katalon.core.main.TestSuiteExecutor.accessTestSuiteMainPhase(TestSuiteExecutor.java:112)
	at com.kms.katalon.core.main.TestSuiteExecutor.execute(TestSuiteExecutor.java:81)
	at com.kms.katalon.core.main.TestCaseMain.startTestSuite(TestCaseMain.java:157)
	at com.kms.katalon.core.main.TestCaseMain$startTestSuite$0.call(Unknown Source)
	at TempTestSuite1555405543194.run(TempTestSuite1555405543194.groovy:35)
Caused by: com.kms.katalon.core.exception.StepFailedException: Unable to click on object 'Object Repository/Page_KiboPush  Dashboard/h3_Dashboard (57)'
	at com.kms.katalon.core.webui.keyword.internal.WebUIKeywordMain.stepFailed(WebUIKeywordMain.groovy:64)
	at com.kms.katalon.core.webui.keyword.internal.WebUIKeywordMain.runKeyword(WebUIKeywordMain.groovy:26)
	at com.kms.katalon.core.webui.keyword.builtin.ClickKeyword.click(ClickKeyword.groovy:86)
	at com.kms.katalon.core.webui.keyword.builtin.ClickKeyword.execute(ClickKeyword.groovy:67)
	at com.kms.katalon.core.keyword.internal.KeywordExecutor.executeKeywordForPlatform(KeywordExecutor.groovy:56)
	at com.kms.katalon.core.webui.keyword.WebUiBuiltInKeywords.click(WebUiBuiltInKeywords.groovy:616)
	at com.kms.katalon.core.webui.keyword.WebUiBuiltInKeywords$click$2.call(Unknown Source)
	at Login-KiboEngage.run(Login-KiboEngage:40)
	at com.kms.katalon.core.main.ScriptEngine.run(ScriptEngine.java:194)
	at com.kms.katalon.core.main.ScriptEngine.runScriptAsRawText(ScriptEngine.java:119)
	at com.kms.katalon.core.main.TestCaseExecutor.runScript(TestCaseExecutor.java:331)
	at com.kms.katalon.core.main.TestCaseExecutor.doExecute(TestCaseExecutor.java:322)
	at com.kms.katalon.core.main.TestCaseExecutor.processExecutionPhase(TestCaseExecutor.java:301)
	at com.kms.katalon.core.main.TestCaseExecutor.accessMainPhase(TestCaseExecutor.java:293)
	at com.kms.katalon.core.main.TestCaseExecutor.execute(TestCaseExecutor.java:227)
	at com.kms.katalon.core.main.TestCaseMain.runTestCase(TestCaseMain.java:114)
	at com.kms.katalon.core.keyword.builtin.CallTestCaseKeyword$_callTestCase_closure1.doCall(CallTestCaseKeyword.groovy:59)
	... 36 more
Caused by: com.kms.katalon.core.webui.exception.WebElementNotFoundException: Web element with id: 'Object Repository/Page_KiboPush  Dashboard/h3_Dashboard (57)' located by 'By.xpath: //h3[(text() = 'Dashboard' or . = 'Dashboard')]' not found
	at com.kms.katalon.core.webui.common.WebUiCommonHelper.findWebElement(WebUiCommonHelper.java:1053)
	at com.kms.katalon.core.webui.keyword.internal.WebUIAbstractKeyword.findWebElement(WebUIAbstractKeyword.groovy:27)
	at com.kms.katalon.core.webui.keyword.internal.WebUIAbstractKeyword.findWebElement(WebUIAbstractKeyword.groovy:26)
	at com.kms.katalon.core.webui.keyword.builtin.ClickKeyword$_click_closure1.doCall(ClickKeyword.groovy:77)
	at com.kms.katalon.core.webui.keyword.builtin.ClickKeyword$_click_closure1.call(ClickKeyword.groovy)
	at com.kms.katalon.core.webui.keyword.internal.WebUIKeywordMain.runKeyword(WebUIKeywordMain.groovy:20)
	at com.kms.katalon.core.webui.keyword.builtin.ClickKeyword.click(ClickKeyword.groovy:86)
	at com.kms.katalon.core.webui.keyword.builtin.ClickKeyword.execute(ClickKeyword.groovy:67)
	at com.kms.katalon.core.keyword.internal.KeywordExecutor.executeKeywordForPlatform(KeywordExecutor.groovy:56)
	at com.kms.katalon.core.webui.keyword.WebUiBuiltInKeywords.click(WebUiBuiltInKeywords.groovy:616)
	at com.kms.katalon.core.webui.keyword.WebUiBuiltInKeywords$click$2.call(Unknown Source)
	at Script1542870641933.run(Script1542870641933.groovy:40)
	at com.kms.katalon.core.main.ScriptEngine.run(ScriptEngine.java:194)
	at com.kms.katalon.core.main.ScriptEngine.runScriptAsRawText(ScriptEngine.java:119)
	at com.kms.katalon.core.main.TestCaseExecutor.runScript(TestCaseExecutor.java:331)
	at com.kms.katalon.core.main.TestCaseExecutor.doExecute(TestCaseExecutor.java:322)
	at com.kms.katalon.core.main.TestCaseExecutor.processExecutionPhase(TestCaseExecutor.java:301)
	at com.kms.katalon.core.main.TestCaseExecutor.accessMainPhase(TestCaseExecutor.java:293)
	at com.kms.katalon.core.main.TestCaseExecutor.execute(TestCaseExecutor.java:227)
	at com.kms.katalon.core.main.TestCaseMain.runTestCase(TestCaseMain.java:114)
	at com.kms.katalon.core.keyword.builtin.CallTestCaseKeyword$_callTestCase_closure1.doCall(CallTestCaseKeyword.groovy:59)
	at com.kms.katalon.core.keyword.builtin.CallTestCaseKeyword$_callTestCase_closure1.call(CallTestCaseKeyword.groovy)
	at com.kms.katalon.core.keyword.internal.KeywordMain.runKeyword(KeywordMain.groovy:66)
	at com.kms.katalon.core.keyword.builtin.CallTestCaseKeyword.callTestCase(CallTestCaseKeyword.groovy:81)
	at com.kms.katalon.core.keyword.builtin.CallTestCaseKeyword.execute(CallTestCaseKeyword.groovy:44)
	at com.kms.katalon.core.keyword.internal.KeywordExecutor.executeKeywordForPlatform(KeywordExecutor.groovy:56)
	at com.kms.katalon.core.keyword.BuiltinKeywords.callTestCase(BuiltinKeywords.groovy:334)
	at Script1535855240364.run(Script1535855240364.groovy:15)
	at com.kms.katalon.core.main.ScriptEngine.run(ScriptEngine.java:194)
	at com.kms.katalon.core.main.ScriptEngine.runScriptAsRawText(ScriptEngine.java:119)
	at com.kms.katalon.core.main.TestCaseExecutor.runScript(TestCaseExecutor.java:331)
	at com.kms.katalon.core.main.TestCaseExecutor.doExecute(TestCaseExecutor.java:322)
	at com.kms.katalon.core.main.TestCaseExecutor.processExecutionPhase(TestCaseExecutor.java:301)
	at com.kms.katalon.core.main.TestCaseExecutor.accessMainPhase(TestCaseExecutor.java:293)
	at com.kms.katalon.core.main.TestCaseExecutor.execute(TestCaseExecutor.java:227)
	at com.kms.katalon.core.main.TestCaseMain.runTestCase(TestCaseMain.java:114)
	at com.kms.katalon.core.keyword.builtin.CallTestCaseKeyword$_callTestCase_closure1.doCall(CallTestCaseKeyword.groovy:59)
	at com.kms.katalon.core.keyword.builtin.CallTestCaseKeyword$_callTestCase_closure1.call(CallTestCaseKeyword.groovy)
	at com.kms.katalon.core.keyword.internal.KeywordMain.runKeyword(KeywordMain.groovy:66)
	at com.kms.katalon.core.keyword.builtin.CallTestCaseKeyword.callTestCase(CallTestCaseKeyword.groovy:81)
	at com.kms.katalon.core.keyword.builtin.CallTestCaseKeyword.execute(CallTestCaseKeyword.groovy:44)
	at com.kms.katalon.core.keyword.internal.KeywordExecutor.executeKeywordForPlatform(KeywordExecutor.groovy:56)
	at com.kms.katalon.core.keyword.BuiltinKeywords.callTestCase(BuiltinKeywords.groovy:334)
	at Script1555055014122.run(Script1555055014122.groovy:22)
	... 13 more
)

2019-04-16 14:10:43 - [MESSAGE][FAILED] - callTestCase(findTestCase("s-sidebar_navigation/individualAccount/Login-KiboEngage"), [:], STOP_ON_FAILURE) FAILED.
Reason:
com.kms.katalon.core.exception.StepFailedException: Call Test Case 'Test Cases/s-sidebar_navigation/individualAccount/Login-KiboEngage' failed
	at com.kms.katalon.core.keyword.builtin.CallTestCaseKeyword$_callTestCase_closure1.doCall(CallTestCaseKeyword.groovy:63)
	at com.kms.katalon.core.keyword.builtin.CallTestCaseKeyword$_callTestCase_closure1.call(CallTestCaseKeyword.groovy)
	at com.kms.katalon.core.keyword.internal.KeywordMain.runKeyword(KeywordMain.groovy:66)
	at com.kms.katalon.core.keyword.builtin.CallTestCaseKeyword.callTestCase(CallTestCaseKeyword.groovy:81)
	at com.kms.katalon.core.keyword.builtin.CallTestCaseKeyword.execute(CallTestCaseKeyword.groovy:44)
	at com.kms.katalon.core.keyword.internal.KeywordExecutor.executeKeywordForPlatform(KeywordExecutor.groovy:56)
	at com.kms.katalon.core.keyword.BuiltinKeywords.callTestCase(BuiltinKeywords.groovy:334)
	at Login.run(Login:15)
	at com.kms.katalon.core.main.ScriptEngine.run(ScriptEngine.java:194)
	at com.kms.katalon.core.main.ScriptEngine.runScriptAsRawText(ScriptEngine.java:119)
	at com.kms.katalon.core.main.TestCaseExecutor.runScript(TestCaseExecutor.java:331)
	at com.kms.katalon.core.main.TestCaseExecutor.doExecute(TestCaseExecutor.java:322)
	at com.kms.katalon.core.main.TestCaseExecutor.processExecutionPhase(TestCaseExecutor.java:301)
	at com.kms.katalon.core.main.TestCaseExecutor.accessMainPhase(TestCaseExecutor.java:293)
	at com.kms.katalon.core.main.TestCaseExecutor.execute(TestCaseExecutor.java:227)
	at com.kms.katalon.core.main.TestCaseMain.runTestCase(TestCaseMain.java:114)
	at com.kms.katalon.core.keyword.builtin.CallTestCaseKeyword$_callTestCase_closure1.doCall(CallTestCaseKeyword.groovy:59)
	at com.kms.katalon.core.keyword.builtin.CallTestCaseKeyword$_callTestCase_closure1.call(CallTestCaseKeyword.groovy)
	at com.kms.katalon.core.keyword.internal.KeywordMain.runKeyword(KeywordMain.groovy:66)
	at com.kms.katalon.core.keyword.builtin.CallTestCaseKeyword.callTestCase(CallTestCaseKeyword.groovy:81)
	at com.kms.katalon.core.keyword.builtin.CallTestCaseKeyword.execute(CallTestCaseKeyword.groovy:44)
	at com.kms.katalon.core.keyword.internal.KeywordExecutor.executeKeywordForPlatform(KeywordExecutor.groovy:56)
	at com.kms.katalon.core.keyword.BuiltinKeywords.callTestCase(BuiltinKeywords.groovy:334)
	at TC0101.run(TC0101:22)
	at com.kms.katalon.core.main.ScriptEngine.run(ScriptEngine.java:194)
	at com.kms.katalon.core.main.ScriptEngine.runScriptAsRawText(ScriptEngine.java:119)
	at com.kms.katalon.core.main.TestCaseExecutor.runScript(TestCaseExecutor.java:331)
	at com.kms.katalon.core.main.TestCaseExecutor.doExecute(TestCaseExecutor.java:322)
	at com.kms.katalon.core.main.TestCaseExecutor.processExecutionPhase(TestCaseExecutor.java:301)
	at com.kms.katalon.core.main.TestCaseExecutor.accessMainPhase(TestCaseExecutor.java:293)
	at com.kms.katalon.core.main.TestCaseExecutor.execute(TestCaseExecutor.java:227)
	at com.kms.katalon.core.main.TestSuiteExecutor.accessTestCaseMainPhase(TestSuiteExecutor.java:129)
	at com.kms.katalon.core.main.TestSuiteExecutor.accessTestSuiteMainPhase(TestSuiteExecutor.java:112)
	at com.kms.katalon.core.main.TestSuiteExecutor.execute(TestSuiteExecutor.java:81)
	at com.kms.katalon.core.main.TestCaseMain.startTestSuite(TestCaseMain.java:157)
	at com.kms.katalon.core.main.TestCaseMain$startTestSuite$0.call(Unknown Source)
	at TempTestSuite1555405543194.run(TempTestSuite1555405543194.groovy:35)
Caused by: com.kms.katalon.core.exception.StepFailedException: Unable to click on object 'Object Repository/Page_KiboPush  Dashboard/h3_Dashboard (57)'
	at com.kms.katalon.core.webui.keyword.internal.WebUIKeywordMain.stepFailed(WebUIKeywordMain.groovy:64)
	at com.kms.katalon.core.webui.keyword.internal.WebUIKeywordMain.runKeyword(WebUIKeywordMain.groovy:26)
	at com.kms.katalon.core.webui.keyword.builtin.ClickKeyword.click(ClickKeyword.groovy:86)
	at com.kms.katalon.core.webui.keyword.builtin.ClickKeyword.execute(ClickKeyword.groovy:67)
	at com.kms.katalon.core.keyword.internal.KeywordExecutor.executeKeywordForPlatform(KeywordExecutor.groovy:56)
	at com.kms.katalon.core.webui.keyword.WebUiBuiltInKeywords.click(WebUiBuiltInKeywords.groovy:616)
	at com.kms.katalon.core.webui.keyword.WebUiBuiltInKeywords$click$2.call(Unknown Source)
	at Login-KiboEngage.run(Login-KiboEngage:40)
	at com.kms.katalon.core.main.ScriptEngine.run(ScriptEngine.java:194)
	at com.kms.katalon.core.main.ScriptEngine.runScriptAsRawText(ScriptEngine.java:119)
	at com.kms.katalon.core.main.TestCaseExecutor.runScript(TestCaseExecutor.java:331)
	at com.kms.katalon.core.main.TestCaseExecutor.doExecute(TestCaseExecutor.java:322)
	at com.kms.katalon.core.main.TestCaseExecutor.processExecutionPhase(TestCaseExecutor.java:301)
	at com.kms.katalon.core.main.TestCaseExecutor.accessMainPhase(TestCaseExecutor.java:293)
	at com.kms.katalon.core.main.TestCaseExecutor.execute(TestCaseExecutor.java:227)
	at com.kms.katalon.core.main.TestCaseMain.runTestCase(TestCaseMain.java:114)
	at com.kms.katalon.core.keyword.builtin.CallTestCaseKeyword$_callTestCase_closure1.doCall(CallTestCaseKeyword.groovy:59)
	... 36 more
Caused by: com.kms.katalon.core.webui.exception.WebElementNotFoundException: Web element with id: 'Object Repository/Page_KiboPush  Dashboard/h3_Dashboard (57)' located by 'By.xpath: //h3[(text() = 'Dashboard' or . = 'Dashboard')]' not found
	at com.kms.katalon.core.webui.common.WebUiCommonHelper.findWebElement(WebUiCommonHelper.java:1053)
	at com.kms.katalon.core.webui.keyword.internal.WebUIAbstractKeyword.findWebElement(WebUIAbstractKeyword.groovy:27)
	at com.kms.katalon.core.webui.keyword.internal.WebUIAbstractKeyword.findWebElement(WebUIAbstractKeyword.groovy:26)
	at com.kms.katalon.core.webui.keyword.builtin.ClickKeyword$_click_closure1.doCall(ClickKeyword.groovy:77)
	at com.kms.katalon.core.webui.keyword.builtin.ClickKeyword$_click_closure1.call(ClickKeyword.groovy)
	at com.kms.katalon.core.webui.keyword.internal.WebUIKeywordMain.runKeyword(WebUIKeywordMain.groovy:20)
	at com.kms.katalon.core.webui.keyword.builtin.ClickKeyword.click(ClickKeyword.groovy:86)
	at com.kms.katalon.core.webui.keyword.builtin.ClickKeyword.execute(ClickKeyword.groovy:67)
	at com.kms.katalon.core.keyword.internal.KeywordExecutor.executeKeywordForPlatform(KeywordExecutor.groovy:56)
	at com.kms.katalon.core.webui.keyword.WebUiBuiltInKeywords.click(WebUiBuiltInKeywords.groovy:616)
	at com.kms.katalon.core.webui.keyword.WebUiBuiltInKeywords$click$2.call(Unknown Source)
	at Script1542870641933.run(Script1542870641933.groovy:40)
	at com.kms.katalon.core.main.ScriptEngine.run(ScriptEngine.java:194)
	at com.kms.katalon.core.main.ScriptEngine.runScriptAsRawText(ScriptEngine.java:119)
	at com.kms.katalon.core.main.TestCaseExecutor.runScript(TestCaseExecutor.java:331)
	at com.kms.katalon.core.main.TestCaseExecutor.doExecute(TestCaseExecutor.java:322)
	at com.kms.katalon.core.main.TestCaseExecutor.processExecutionPhase(TestCaseExecutor.java:301)
	at com.kms.katalon.core.main.TestCaseExecutor.accessMainPhase(TestCaseExecutor.java:293)
	at com.kms.katalon.core.main.TestCaseExecutor.execute(TestCaseExecutor.java:227)
	at com.kms.katalon.core.main.TestCaseMain.runTestCase(TestCaseMain.java:114)
	at com.kms.katalon.core.keyword.builtin.CallTestCaseKeyword$_callTestCase_closure1.doCall(CallTestCaseKeyword.groovy:59)
	at com.kms.katalon.core.keyword.builtin.CallTestCaseKeyword$_callTestCase_closure1.call(CallTestCaseKeyword.groovy)
	at com.kms.katalon.core.keyword.internal.KeywordMain.runKeyword(KeywordMain.groovy:66)
	at com.kms.katalon.core.keyword.builtin.CallTestCaseKeyword.callTestCase(CallTestCaseKeyword.groovy:81)
	at com.kms.katalon.core.keyword.builtin.CallTestCaseKeyword.execute(CallTestCaseKeyword.groovy:44)
	at com.kms.katalon.core.keyword.internal.KeywordExecutor.executeKeywordForPlatform(KeywordExecutor.groovy:56)
	at com.kms.katalon.core.keyword.BuiltinKeywords.callTestCase(BuiltinKeywords.groovy:334)
	at Script1535855240364.run(Script1535855240364.groovy:15)
	at com.kms.katalon.core.main.ScriptEngine.run(ScriptEngine.java:194)
	at com.kms.katalon.core.main.ScriptEngine.runScriptAsRawText(ScriptEngine.java:119)
	at com.kms.katalon.core.main.TestCaseExecutor.runScript(TestCaseExecutor.java:331)
	at com.kms.katalon.core.main.TestCaseExecutor.doExecute(TestCaseExecutor.java:322)
	at com.kms.katalon.core.main.TestCaseExecutor.processExecutionPhase(TestCaseExecutor.java:301)
	at com.kms.katalon.core.main.TestCaseExecutor.accessMainPhase(TestCaseExecutor.java:293)
	at com.kms.katalon.core.main.TestCaseExecutor.execute(TestCaseExecutor.java:227)
	at com.kms.katalon.core.main.TestCaseMain.runTestCase(TestCaseMain.java:114)
	at com.kms.katalon.core.keyword.builtin.CallTestCaseKeyword$_callTestCase_closure1.doCall(CallTestCaseKeyword.groovy:59)
	at com.kms.katalon.core.keyword.builtin.CallTestCaseKeyword$_callTestCase_closure1.call(CallTestCaseKeyword.groovy)
	at com.kms.katalon.core.keyword.internal.KeywordMain.runKeyword(KeywordMain.groovy:66)
	at com.kms.katalon.core.keyword.builtin.CallTestCaseKeyword.callTestCase(CallTestCaseKeyword.groovy:81)
	at com.kms.katalon.core.keyword.builtin.CallTestCaseKeyword.execute(CallTestCaseKeyword.groovy:44)
	at com.kms.katalon.core.keyword.internal.KeywordExecutor.executeKeywordForPlatform(KeywordExecutor.groovy:56)
	at com.kms.katalon.core.keyword.BuiltinKeywords.callTestCase(BuiltinKeywords.groovy:334)
	at Script1555055014122.run(Script1555055014122.groovy:22)
	... 13 more


2019-04-16 14:10:43 - [MESSAGE][FAILED] - Unable to call Test Case 'Test Cases/Header TestCases/Login' (Root cause: com.kms.katalon.core.exception.StepFailedException: Call Test Case 'Test Cases/Header TestCases/Login' failed
	at com.kms.katalon.core.keyword.builtin.CallTestCaseKeyword$_callTestCase_closure1.doCall(CallTestCaseKeyword.groovy:63)
	at com.kms.katalon.core.keyword.builtin.CallTestCaseKeyword$_callTestCase_closure1.call(CallTestCaseKeyword.groovy)
	at com.kms.katalon.core.keyword.internal.KeywordMain.runKeyword(KeywordMain.groovy:66)
	at com.kms.katalon.core.keyword.builtin.CallTestCaseKeyword.callTestCase(CallTestCaseKeyword.groovy:81)
	at com.kms.katalon.core.keyword.builtin.CallTestCaseKeyword.execute(CallTestCaseKeyword.groovy:44)
	at com.kms.katalon.core.keyword.internal.KeywordExecutor.executeKeywordForPlatform(KeywordExecutor.groovy:56)
	at com.kms.katalon.core.keyword.BuiltinKeywords.callTestCase(BuiltinKeywords.groovy:334)
	at TC0101.run(TC0101:22)
	at com.kms.katalon.core.main.ScriptEngine.run(ScriptEngine.java:194)
	at com.kms.katalon.core.main.ScriptEngine.runScriptAsRawText(ScriptEngine.java:119)
	at com.kms.katalon.core.main.TestCaseExecutor.runScript(TestCaseExecutor.java:331)
	at com.kms.katalon.core.main.TestCaseExecutor.doExecute(TestCaseExecutor.java:322)
	at com.kms.katalon.core.main.TestCaseExecutor.processExecutionPhase(TestCaseExecutor.java:301)
	at com.kms.katalon.core.main.TestCaseExecutor.accessMainPhase(TestCaseExecutor.java:293)
	at com.kms.katalon.core.main.TestCaseExecutor.execute(TestCaseExecutor.java:227)
	at com.kms.katalon.core.main.TestSuiteExecutor.accessTestCaseMainPhase(TestSuiteExecutor.java:129)
	at com.kms.katalon.core.main.TestSuiteExecutor.accessTestSuiteMainPhase(TestSuiteExecutor.java:112)
	at com.kms.katalon.core.main.TestSuiteExecutor.execute(TestSuiteExecutor.java:81)
	at com.kms.katalon.core.main.TestCaseMain.startTestSuite(TestCaseMain.java:157)
	at com.kms.katalon.core.main.TestCaseMain$startTestSuite$0.call(Unknown Source)
	at TempTestSuite1555405543194.run(TempTestSuite1555405543194.groovy:35)
Caused by: com.kms.katalon.core.exception.StepFailedException: Call Test Case 'Test Cases/s-sidebar_navigation/individualAccount/Login-KiboEngage' failed
	at com.kms.katalon.core.keyword.builtin.CallTestCaseKeyword$_callTestCase_closure1.doCall(CallTestCaseKeyword.groovy:63)
	at com.kms.katalon.core.keyword.builtin.CallTestCaseKeyword$_callTestCase_closure1.call(CallTestCaseKeyword.groovy)
	at com.kms.katalon.core.keyword.internal.KeywordMain.runKeyword(KeywordMain.groovy:66)
	at com.kms.katalon.core.keyword.builtin.CallTestCaseKeyword.callTestCase(CallTestCaseKeyword.groovy:81)
	at com.kms.katalon.core.keyword.builtin.CallTestCaseKeyword.execute(CallTestCaseKeyword.groovy:44)
	at com.kms.katalon.core.keyword.internal.KeywordExecutor.executeKeywordForPlatform(KeywordExecutor.groovy:56)
	at com.kms.katalon.core.keyword.BuiltinKeywords.callTestCase(BuiltinKeywords.groovy:334)
	at Login.run(Login:15)
	at com.kms.katalon.core.main.ScriptEngine.run(ScriptEngine.java:194)
	at com.kms.katalon.core.main.ScriptEngine.runScriptAsRawText(ScriptEngine.java:119)
	at com.kms.katalon.core.main.TestCaseExecutor.runScript(TestCaseExecutor.java:331)
	at com.kms.katalon.core.main.TestCaseExecutor.doExecute(TestCaseExecutor.java:322)
	at com.kms.katalon.core.main.TestCaseExecutor.processExecutionPhase(TestCaseExecutor.java:301)
	at com.kms.katalon.core.main.TestCaseExecutor.accessMainPhase(TestCaseExecutor.java:293)
	at com.kms.katalon.core.main.TestCaseExecutor.execute(TestCaseExecutor.java:227)
	at com.kms.katalon.core.main.TestCaseMain.runTestCase(TestCaseMain.java:114)
	at com.kms.katalon.core.keyword.builtin.CallTestCaseKeyword$_callTestCase_closure1.doCall(CallTestCaseKeyword.groovy:59)
	... 20 more
Caused by: com.kms.katalon.core.exception.StepFailedException: Unable to click on object 'Object Repository/Page_KiboPush  Dashboard/h3_Dashboard (57)'
	at com.kms.katalon.core.webui.keyword.internal.WebUIKeywordMain.stepFailed(WebUIKeywordMain.groovy:64)
	at com.kms.katalon.core.webui.keyword.internal.WebUIKeywordMain.runKeyword(WebUIKeywordMain.groovy:26)
	at com.kms.katalon.core.webui.keyword.builtin.ClickKeyword.click(ClickKeyword.groovy:86)
	at com.kms.katalon.core.webui.keyword.builtin.ClickKeyword.execute(ClickKeyword.groovy:67)
	at com.kms.katalon.core.keyword.internal.KeywordExecutor.executeKeywordForPlatform(KeywordExecutor.groovy:56)
	at com.kms.katalon.core.webui.keyword.WebUiBuiltInKeywords.click(WebUiBuiltInKeywords.groovy:616)
	at com.kms.katalon.core.webui.keyword.WebUiBuiltInKeywords$click$2.call(Unknown Source)
	at Login-KiboEngage.run(Login-KiboEngage:40)
	at com.kms.katalon.core.main.ScriptEngine.run(ScriptEngine.java:194)
	at com.kms.katalon.core.main.ScriptEngine.runScriptAsRawText(ScriptEngine.java:119)
	at com.kms.katalon.core.main.TestCaseExecutor.runScript(TestCaseExecutor.java:331)
	at com.kms.katalon.core.main.TestCaseExecutor.doExecute(TestCaseExecutor.java:322)
	at com.kms.katalon.core.main.TestCaseExecutor.processExecutionPhase(TestCaseExecutor.java:301)
	at com.kms.katalon.core.main.TestCaseExecutor.accessMainPhase(TestCaseExecutor.java:293)
	at com.kms.katalon.core.main.TestCaseExecutor.execute(TestCaseExecutor.java:227)
	at com.kms.katalon.core.main.TestCaseMain.runTestCase(TestCaseMain.java:114)
	at com.kms.katalon.core.keyword.builtin.CallTestCaseKeyword$_callTestCase_closure1.doCall(CallTestCaseKeyword.groovy:59)
	... 36 more
Caused by: com.kms.katalon.core.webui.exception.WebElementNotFoundException: Web element with id: 'Object Repository/Page_KiboPush  Dashboard/h3_Dashboard (57)' located by 'By.xpath: //h3[(text() = 'Dashboard' or . = 'Dashboard')]' not found
	at com.kms.katalon.core.webui.common.WebUiCommonHelper.findWebElement(WebUiCommonHelper.java:1053)
	at com.kms.katalon.core.webui.keyword.internal.WebUIAbstractKeyword.findWebElement(WebUIAbstractKeyword.groovy:27)
	at com.kms.katalon.core.webui.keyword.internal.WebUIAbstractKeyword.findWebElement(WebUIAbstractKeyword.groovy:26)
	at com.kms.katalon.core.webui.keyword.builtin.ClickKeyword$_click_closure1.doCall(ClickKeyword.groovy:77)
	at com.kms.katalon.core.webui.keyword.builtin.ClickKeyword$_click_closure1.call(ClickKeyword.groovy)
	at com.kms.katalon.core.webui.keyword.internal.WebUIKeywordMain.runKeyword(WebUIKeywordMain.groovy:20)
	at com.kms.katalon.core.webui.keyword.builtin.ClickKeyword.click(ClickKeyword.groovy:86)
	at com.kms.katalon.core.webui.keyword.builtin.ClickKeyword.execute(ClickKeyword.groovy:67)
	at com.kms.katalon.core.keyword.internal.KeywordExecutor.executeKeywordForPlatform(KeywordExecutor.groovy:56)
	at com.kms.katalon.core.webui.keyword.WebUiBuiltInKeywords.click(WebUiBuiltInKeywords.groovy:616)
	at com.kms.katalon.core.webui.keyword.WebUiBuiltInKeywords$click$2.call(Unknown Source)
	at Script1542870641933.run(Script1542870641933.groovy:40)
	at com.kms.katalon.core.main.ScriptEngine.run(ScriptEngine.java:194)
	at com.kms.katalon.core.main.ScriptEngine.runScriptAsRawText(ScriptEngine.java:119)
	at com.kms.katalon.core.main.TestCaseExecutor.runScript(TestCaseExecutor.java:331)
	at com.kms.katalon.core.main.TestCaseExecutor.doExecute(TestCaseExecutor.java:322)
	at com.kms.katalon.core.main.TestCaseExecutor.processExecutionPhase(TestCaseExecutor.java:301)
	at com.kms.katalon.core.main.TestCaseExecutor.accessMainPhase(TestCaseExecutor.java:293)
	at com.kms.katalon.core.main.TestCaseExecutor.execute(TestCaseExecutor.java:227)
	at com.kms.katalon.core.main.TestCaseMain.runTestCase(TestCaseMain.java:114)
	at com.kms.katalon.core.keyword.builtin.CallTestCaseKeyword$_callTestCase_closure1.doCall(CallTestCaseKeyword.groovy:59)
	at com.kms.katalon.core.keyword.builtin.CallTestCaseKeyword$_callTestCase_closure1.call(CallTestCaseKeyword.groovy)
	at com.kms.katalon.core.keyword.internal.KeywordMain.runKeyword(KeywordMain.groovy:66)
	at com.kms.katalon.core.keyword.builtin.CallTestCaseKeyword.callTestCase(CallTestCaseKeyword.groovy:81)
	at com.kms.katalon.core.keyword.builtin.CallTestCaseKeyword.execute(CallTestCaseKeyword.groovy:44)
	at com.kms.katalon.core.keyword.internal.KeywordExecutor.executeKeywordForPlatform(KeywordExecutor.groovy:56)
	at com.kms.katalon.core.keyword.BuiltinKeywords.callTestCase(BuiltinKeywords.groovy:334)
	at Script1535855240364.run(Script1535855240364.groovy:15)
	at com.kms.katalon.core.main.ScriptEngine.run(ScriptEngine.java:194)
	at com.kms.katalon.core.main.ScriptEngine.runScriptAsRawText(ScriptEngine.java:119)
	at com.kms.katalon.core.main.TestCaseExecutor.runScript(TestCaseExecutor.java:331)
	at com.kms.katalon.core.main.TestCaseExecutor.doExecute(TestCaseExecutor.java:322)
	at com.kms.katalon.core.main.TestCaseExecutor.processExecutionPhase(TestCaseExecutor.java:301)
	at com.kms.katalon.core.main.TestCaseExecutor.accessMainPhase(TestCaseExecutor.java:293)
	at com.kms.katalon.core.main.TestCaseExecutor.execute(TestCaseExecutor.java:227)
	at com.kms.katalon.core.main.TestCaseMain.runTestCase(TestCaseMain.java:114)
	at com.kms.katalon.core.keyword.builtin.CallTestCaseKeyword$_callTestCase_closure1.doCall(CallTestCaseKeyword.groovy:59)
	at com.kms.katalon.core.keyword.builtin.CallTestCaseKeyword$_callTestCase_closure1.call(CallTestCaseKeyword.groovy)
	at com.kms.katalon.core.keyword.internal.KeywordMain.runKeyword(KeywordMain.groovy:66)
	at com.kms.katalon.core.keyword.builtin.CallTestCaseKeyword.callTestCase(CallTestCaseKeyword.groovy:81)
	at com.kms.katalon.core.keyword.builtin.CallTestCaseKeyword.execute(CallTestCaseKeyword.groovy:44)
	at com.kms.katalon.core.keyword.internal.KeywordExecutor.executeKeywordForPlatform(KeywordExecutor.groovy:56)
	at com.kms.katalon.core.keyword.BuiltinKeywords.callTestCase(BuiltinKeywords.groovy:334)
	at Script1555055014122.run(Script1555055014122.groovy:22)
	... 13 more
)

2019-04-16 14:10:43 - [MESSAGE][FAILED] - callTestCase(findTestCase("Header TestCases/Login"), [:], STOP_ON_FAILURE) FAILED.
Reason:
com.kms.katalon.core.exception.StepFailedException: Call Test Case 'Test Cases/Header TestCases/Login' failed
	at com.kms.katalon.core.keyword.builtin.CallTestCaseKeyword$_callTestCase_closure1.doCall(CallTestCaseKeyword.groovy:63)
	at com.kms.katalon.core.keyword.builtin.CallTestCaseKeyword$_callTestCase_closure1.call(CallTestCaseKeyword.groovy)
	at com.kms.katalon.core.keyword.internal.KeywordMain.runKeyword(KeywordMain.groovy:66)
	at com.kms.katalon.core.keyword.builtin.CallTestCaseKeyword.callTestCase(CallTestCaseKeyword.groovy:81)
	at com.kms.katalon.core.keyword.builtin.CallTestCaseKeyword.execute(CallTestCaseKeyword.groovy:44)
	at com.kms.katalon.core.keyword.internal.KeywordExecutor.executeKeywordForPlatform(KeywordExecutor.groovy:56)
	at com.kms.katalon.core.keyword.BuiltinKeywords.callTestCase(BuiltinKeywords.groovy:334)
	at TC0101.run(TC0101:22)
	at com.kms.katalon.core.main.ScriptEngine.run(ScriptEngine.java:194)
	at com.kms.katalon.core.main.ScriptEngine.runScriptAsRawText(ScriptEngine.java:119)
	at com.kms.katalon.core.main.TestCaseExecutor.runScript(TestCaseExecutor.java:331)
	at com.kms.katalon.core.main.TestCaseExecutor.doExecute(TestCaseExecutor.java:322)
	at com.kms.katalon.core.main.TestCaseExecutor.processExecutionPhase(TestCaseExecutor.java:301)
	at com.kms.katalon.core.main.TestCaseExecutor.accessMainPhase(TestCaseExecutor.java:293)
	at com.kms.katalon.core.main.TestCaseExecutor.execute(TestCaseExecutor.java:227)
	at com.kms.katalon.core.main.TestSuiteExecutor.accessTestCaseMainPhase(TestSuiteExecutor.java:129)
	at com.kms.katalon.core.main.TestSuiteExecutor.accessTestSuiteMainPhase(TestSuiteExecutor.java:112)
	at com.kms.katalon.core.main.TestSuiteExecutor.execute(TestSuiteExecutor.java:81)
	at com.kms.katalon.core.main.TestCaseMain.startTestSuite(TestCaseMain.java:157)
	at com.kms.katalon.core.main.TestCaseMain$startTestSuite$0.call(Unknown Source)
	at TempTestSuite1555405543194.run(TempTestSuite1555405543194.groovy:35)
Caused by: com.kms.katalon.core.exception.StepFailedException: Call Test Case 'Test Cases/s-sidebar_navigation/individualAccount/Login-KiboEngage' failed
	at com.kms.katalon.core.keyword.builtin.CallTestCaseKeyword$_callTestCase_closure1.doCall(CallTestCaseKeyword.groovy:63)
	at com.kms.katalon.core.keyword.builtin.CallTestCaseKeyword$_callTestCase_closure1.call(CallTestCaseKeyword.groovy)
	at com.kms.katalon.core.keyword.internal.KeywordMain.runKeyword(KeywordMain.groovy:66)
	at com.kms.katalon.core.keyword.builtin.CallTestCaseKeyword.callTestCase(CallTestCaseKeyword.groovy:81)
	at com.kms.katalon.core.keyword.builtin.CallTestCaseKeyword.execute(CallTestCaseKeyword.groovy:44)
	at com.kms.katalon.core.keyword.internal.KeywordExecutor.executeKeywordForPlatform(KeywordExecutor.groovy:56)
	at com.kms.katalon.core.keyword.BuiltinKeywords.callTestCase(BuiltinKeywords.groovy:334)
	at Login.run(Login:15)
	at com.kms.katalon.core.main.ScriptEngine.run(ScriptEngine.java:194)
	at com.kms.katalon.core.main.ScriptEngine.runScriptAsRawText(ScriptEngine.java:119)
	at com.kms.katalon.core.main.TestCaseExecutor.runScript(TestCaseExecutor.java:331)
	at com.kms.katalon.core.main.TestCaseExecutor.doExecute(TestCaseExecutor.java:322)
	at com.kms.katalon.core.main.TestCaseExecutor.processExecutionPhase(TestCaseExecutor.java:301)
	at com.kms.katalon.core.main.TestCaseExecutor.accessMainPhase(TestCaseExecutor.java:293)
	at com.kms.katalon.core.main.TestCaseExecutor.execute(TestCaseExecutor.java:227)
	at com.kms.katalon.core.main.TestCaseMain.runTestCase(TestCaseMain.java:114)
	at com.kms.katalon.core.keyword.builtin.CallTestCaseKeyword$_callTestCase_closure1.doCall(CallTestCaseKeyword.groovy:59)
	... 20 more
Caused by: com.kms.katalon.core.exception.StepFailedException: Unable to click on object 'Object Repository/Page_KiboPush  Dashboard/h3_Dashboard (57)'
	at com.kms.katalon.core.webui.keyword.internal.WebUIKeywordMain.stepFailed(WebUIKeywordMain.groovy:64)
	at com.kms.katalon.core.webui.keyword.internal.WebUIKeywordMain.runKeyword(WebUIKeywordMain.groovy:26)
	at com.kms.katalon.core.webui.keyword.builtin.ClickKeyword.click(ClickKeyword.groovy:86)
	at com.kms.katalon.core.webui.keyword.builtin.ClickKeyword.execute(ClickKeyword.groovy:67)
	at com.kms.katalon.core.keyword.internal.KeywordExecutor.executeKeywordForPlatform(KeywordExecutor.groovy:56)
	at com.kms.katalon.core.webui.keyword.WebUiBuiltInKeywords.click(WebUiBuiltInKeywords.groovy:616)
	at com.kms.katalon.core.webui.keyword.WebUiBuiltInKeywords$click$2.call(Unknown Source)
	at Login-KiboEngage.run(Login-KiboEngage:40)
	at com.kms.katalon.core.main.ScriptEngine.run(ScriptEngine.java:194)
	at com.kms.katalon.core.main.ScriptEngine.runScriptAsRawText(ScriptEngine.java:119)
	at com.kms.katalon.core.main.TestCaseExecutor.runScript(TestCaseExecutor.java:331)
	at com.kms.katalon.core.main.TestCaseExecutor.doExecute(TestCaseExecutor.java:322)
	at com.kms.katalon.core.main.TestCaseExecutor.processExecutionPhase(TestCaseExecutor.java:301)
	at com.kms.katalon.core.main.TestCaseExecutor.accessMainPhase(TestCaseExecutor.java:293)
	at com.kms.katalon.core.main.TestCaseExecutor.execute(TestCaseExecutor.java:227)
	at com.kms.katalon.core.main.TestCaseMain.runTestCase(TestCaseMain.java:114)
	at com.kms.katalon.core.keyword.builtin.CallTestCaseKeyword$_callTestCase_closure1.doCall(CallTestCaseKeyword.groovy:59)
	... 36 more
Caused by: com.kms.katalon.core.webui.exception.WebElementNotFoundException: Web element with id: 'Object Repository/Page_KiboPush  Dashboard/h3_Dashboard (57)' located by 'By.xpath: //h3[(text() = 'Dashboard' or . = 'Dashboard')]' not found
	at com.kms.katalon.core.webui.common.WebUiCommonHelper.findWebElement(WebUiCommonHelper.java:1053)
	at com.kms.katalon.core.webui.keyword.internal.WebUIAbstractKeyword.findWebElement(WebUIAbstractKeyword.groovy:27)
	at com.kms.katalon.core.webui.keyword.internal.WebUIAbstractKeyword.findWebElement(WebUIAbstractKeyword.groovy:26)
	at com.kms.katalon.core.webui.keyword.builtin.ClickKeyword$_click_closure1.doCall(ClickKeyword.groovy:77)
	at com.kms.katalon.core.webui.keyword.builtin.ClickKeyword$_click_closure1.call(ClickKeyword.groovy)
	at com.kms.katalon.core.webui.keyword.internal.WebUIKeywordMain.runKeyword(WebUIKeywordMain.groovy:20)
	at com.kms.katalon.core.webui.keyword.builtin.ClickKeyword.click(ClickKeyword.groovy:86)
	at com.kms.katalon.core.webui.keyword.builtin.ClickKeyword.execute(ClickKeyword.groovy:67)
	at com.kms.katalon.core.keyword.internal.KeywordExecutor.executeKeywordForPlatform(KeywordExecutor.groovy:56)
	at com.kms.katalon.core.webui.keyword.WebUiBuiltInKeywords.click(WebUiBuiltInKeywords.groovy:616)
	at com.kms.katalon.core.webui.keyword.WebUiBuiltInKeywords$click$2.call(Unknown Source)
	at Script1542870641933.run(Script1542870641933.groovy:40)
	at com.kms.katalon.core.main.ScriptEngine.run(ScriptEngine.java:194)
	at com.kms.katalon.core.main.ScriptEngine.runScriptAsRawText(ScriptEngine.java:119)
	at com.kms.katalon.core.main.TestCaseExecutor.runScript(TestCaseExecutor.java:331)
	at com.kms.katalon.core.main.TestCaseExecutor.doExecute(TestCaseExecutor.java:322)
	at com.kms.katalon.core.main.TestCaseExecutor.processExecutionPhase(TestCaseExecutor.java:301)
	at com.kms.katalon.core.main.TestCaseExecutor.accessMainPhase(TestCaseExecutor.java:293)
	at com.kms.katalon.core.main.TestCaseExecutor.execute(TestCaseExecutor.java:227)
	at com.kms.katalon.core.main.TestCaseMain.runTestCase(TestCaseMain.java:114)
	at com.kms.katalon.core.keyword.builtin.CallTestCaseKeyword$_callTestCase_closure1.doCall(CallTestCaseKeyword.groovy:59)
	at com.kms.katalon.core.keyword.builtin.CallTestCaseKeyword$_callTestCase_closure1.call(CallTestCaseKeyword.groovy)
	at com.kms.katalon.core.keyword.internal.KeywordMain.runKeyword(KeywordMain.groovy:66)
	at com.kms.katalon.core.keyword.builtin.CallTestCaseKeyword.callTestCase(CallTestCaseKeyword.groovy:81)
	at com.kms.katalon.core.keyword.builtin.CallTestCaseKeyword.execute(CallTestCaseKeyword.groovy:44)
	at com.kms.katalon.core.keyword.internal.KeywordExecutor.executeKeywordForPlatform(KeywordExecutor.groovy:56)
	at com.kms.katalon.core.keyword.BuiltinKeywords.callTestCase(BuiltinKeywords.groovy:334)
	at Script1535855240364.run(Script1535855240364.groovy:15)
	at com.kms.katalon.core.main.ScriptEngine.run(ScriptEngine.java:194)
	at com.kms.katalon.core.main.ScriptEngine.runScriptAsRawText(ScriptEngine.java:119)
	at com.kms.katalon.core.main.TestCaseExecutor.runScript(TestCaseExecutor.java:331)
	at com.kms.katalon.core.main.TestCaseExecutor.doExecute(TestCaseExecutor.java:322)
	at com.kms.katalon.core.main.TestCaseExecutor.processExecutionPhase(TestCaseExecutor.java:301)
	at com.kms.katalon.core.main.TestCaseExecutor.accessMainPhase(TestCaseExecutor.java:293)
	at com.kms.katalon.core.main.TestCaseExecutor.execute(TestCaseExecutor.java:227)
	at com.kms.katalon.core.main.TestCaseMain.runTestCase(TestCaseMain.java:114)
	at com.kms.katalon.core.keyword.builtin.CallTestCaseKeyword$_callTestCase_closure1.doCall(CallTestCaseKeyword.groovy:59)
	at com.kms.katalon.core.keyword.builtin.CallTestCaseKeyword$_callTestCase_closure1.call(CallTestCaseKeyword.groovy)
	at com.kms.katalon.core.keyword.internal.KeywordMain.runKeyword(KeywordMain.groovy:66)
	at com.kms.katalon.core.keyword.builtin.CallTestCaseKeyword.callTestCase(CallTestCaseKeyword.groovy:81)
	at com.kms.katalon.core.keyword.builtin.CallTestCaseKeyword.execute(CallTestCaseKeyword.groovy:44)
	at com.kms.katalon.core.keyword.internal.KeywordExecutor.executeKeywordForPlatform(KeywordExecutor.groovy:56)
	at com.kms.katalon.core.keyword.BuiltinKeywords.callTestCase(BuiltinKeywords.groovy:334)
	at Script1555055014122.run(Script1555055014122.groovy:22)
	... 13 more]]></system-out>
         <system-err><![CDATA[2019-04-16 14:08:10 - [TEST_CASE][FAILED] - Test Cases/Test cases x/Header TestCases/TC0101: Test Cases/Test cases x/Header TestCases/TC0101 FAILED.
Reason:
com.kms.katalon.core.exception.StepFailedException: Call Test Case 'Test Cases/Header TestCases/Login' failed
	at com.kms.katalon.core.keyword.builtin.CallTestCaseKeyword$_callTestCase_closure1.doCall(CallTestCaseKeyword.groovy:63)
	at com.kms.katalon.core.keyword.builtin.CallTestCaseKeyword$_callTestCase_closure1.call(CallTestCaseKeyword.groovy)
	at com.kms.katalon.core.keyword.internal.KeywordMain.runKeyword(KeywordMain.groovy:66)
	at com.kms.katalon.core.keyword.builtin.CallTestCaseKeyword.callTestCase(CallTestCaseKeyword.groovy:81)
	at com.kms.katalon.core.keyword.builtin.CallTestCaseKeyword.execute(CallTestCaseKeyword.groovy:44)
	at com.kms.katalon.core.keyword.internal.KeywordExecutor.executeKeywordForPlatform(KeywordExecutor.groovy:56)
	at com.kms.katalon.core.keyword.BuiltinKeywords.callTestCase(BuiltinKeywords.groovy:334)
	at TC0101.run(TC0101:22)
	at com.kms.katalon.core.main.ScriptEngine.run(ScriptEngine.java:194)
	at com.kms.katalon.core.main.ScriptEngine.runScriptAsRawText(ScriptEngine.java:119)
	at com.kms.katalon.core.main.TestCaseExecutor.runScript(TestCaseExecutor.java:331)
	at com.kms.katalon.core.main.TestCaseExecutor.doExecute(TestCaseExecutor.java:322)
	at com.kms.katalon.core.main.TestCaseExecutor.processExecutionPhase(TestCaseExecutor.java:301)
	at com.kms.katalon.core.main.TestCaseExecutor.accessMainPhase(TestCaseExecutor.java:293)
	at com.kms.katalon.core.main.TestCaseExecutor.execute(TestCaseExecutor.java:227)
	at com.kms.katalon.core.main.TestSuiteExecutor.accessTestCaseMainPhase(TestSuiteExecutor.java:129)
	at com.kms.katalon.core.main.TestSuiteExecutor.accessTestSuiteMainPhase(TestSuiteExecutor.java:112)
	at com.kms.katalon.core.main.TestSuiteExecutor.execute(TestSuiteExecutor.java:81)
	at com.kms.katalon.core.main.TestCaseMain.startTestSuite(TestCaseMain.java:157)
	at com.kms.katalon.core.main.TestCaseMain$startTestSuite$0.call(Unknown Source)
	at TempTestSuite1555405543194.run(TempTestSuite1555405543194.groovy:35)
Caused by: com.kms.katalon.core.exception.StepFailedException: Call Test Case 'Test Cases/s-sidebar_navigation/individualAccount/Login-KiboEngage' failed
	at com.kms.katalon.core.keyword.builtin.CallTestCaseKeyword$_callTestCase_closure1.doCall(CallTestCaseKeyword.groovy:63)
	at com.kms.katalon.core.keyword.builtin.CallTestCaseKeyword$_callTestCase_closure1.call(CallTestCaseKeyword.groovy)
	at com.kms.katalon.core.keyword.internal.KeywordMain.runKeyword(KeywordMain.groovy:66)
	at com.kms.katalon.core.keyword.builtin.CallTestCaseKeyword.callTestCase(CallTestCaseKeyword.groovy:81)
	at com.kms.katalon.core.keyword.builtin.CallTestCaseKeyword.execute(CallTestCaseKeyword.groovy:44)
	at com.kms.katalon.core.keyword.internal.KeywordExecutor.executeKeywordForPlatform(KeywordExecutor.groovy:56)
	at com.kms.katalon.core.keyword.BuiltinKeywords.callTestCase(BuiltinKeywords.groovy:334)
	at Login.run(Login:15)
	at com.kms.katalon.core.main.ScriptEngine.run(ScriptEngine.java:194)
	at com.kms.katalon.core.main.ScriptEngine.runScriptAsRawText(ScriptEngine.java:119)
	at com.kms.katalon.core.main.TestCaseExecutor.runScript(TestCaseExecutor.java:331)
	at com.kms.katalon.core.main.TestCaseExecutor.doExecute(TestCaseExecutor.java:322)
	at com.kms.katalon.core.main.TestCaseExecutor.processExecutionPhase(TestCaseExecutor.java:301)
	at com.kms.katalon.core.main.TestCaseExecutor.accessMainPhase(TestCaseExecutor.java:293)
	at com.kms.katalon.core.main.TestCaseExecutor.execute(TestCaseExecutor.java:227)
	at com.kms.katalon.core.main.TestCaseMain.runTestCase(TestCaseMain.java:114)
	at com.kms.katalon.core.keyword.builtin.CallTestCaseKeyword$_callTestCase_closure1.doCall(CallTestCaseKeyword.groovy:59)
	... 20 more
Caused by: com.kms.katalon.core.exception.StepFailedException: Unable to click on object 'Object Repository/Page_KiboPush  Dashboard/h3_Dashboard (57)'
	at com.kms.katalon.core.webui.keyword.internal.WebUIKeywordMain.stepFailed(WebUIKeywordMain.groovy:64)
	at com.kms.katalon.core.webui.keyword.internal.WebUIKeywordMain.runKeyword(WebUIKeywordMain.groovy:26)
	at com.kms.katalon.core.webui.keyword.builtin.ClickKeyword.click(ClickKeyword.groovy:86)
	at com.kms.katalon.core.webui.keyword.builtin.ClickKeyword.execute(ClickKeyword.groovy:67)
	at com.kms.katalon.core.keyword.internal.KeywordExecutor.executeKeywordForPlatform(KeywordExecutor.groovy:56)
	at com.kms.katalon.core.webui.keyword.WebUiBuiltInKeywords.click(WebUiBuiltInKeywords.groovy:616)
	at com.kms.katalon.core.webui.keyword.WebUiBuiltInKeywords$click$2.call(Unknown Source)
	at Login-KiboEngage.run(Login-KiboEngage:40)
	at com.kms.katalon.core.main.ScriptEngine.run(ScriptEngine.java:194)
	at com.kms.katalon.core.main.ScriptEngine.runScriptAsRawText(ScriptEngine.java:119)
	at com.kms.katalon.core.main.TestCaseExecutor.runScript(TestCaseExecutor.java:331)
	at com.kms.katalon.core.main.TestCaseExecutor.doExecute(TestCaseExecutor.java:322)
	at com.kms.katalon.core.main.TestCaseExecutor.processExecutionPhase(TestCaseExecutor.java:301)
	at com.kms.katalon.core.main.TestCaseExecutor.accessMainPhase(TestCaseExecutor.java:293)
	at com.kms.katalon.core.main.TestCaseExecutor.execute(TestCaseExecutor.java:227)
	at com.kms.katalon.core.main.TestCaseMain.runTestCase(TestCaseMain.java:114)
	at com.kms.katalon.core.keyword.builtin.CallTestCaseKeyword$_callTestCase_closure1.doCall(CallTestCaseKeyword.groovy:59)
	... 36 more
Caused by: com.kms.katalon.core.webui.exception.WebElementNotFoundException: Web element with id: 'Object Repository/Page_KiboPush  Dashboard/h3_Dashboard (57)' located by 'By.xpath: //h3[(text() = 'Dashboard' or . = 'Dashboard')]' not found
	at com.kms.katalon.core.webui.common.WebUiCommonHelper.findWebElement(WebUiCommonHelper.java:1053)
	at com.kms.katalon.core.webui.keyword.internal.WebUIAbstractKeyword.findWebElement(WebUIAbstractKeyword.groovy:27)
	at com.kms.katalon.core.webui.keyword.internal.WebUIAbstractKeyword.findWebElement(WebUIAbstractKeyword.groovy:26)
	at com.kms.katalon.core.webui.keyword.builtin.ClickKeyword$_click_closure1.doCall(ClickKeyword.groovy:77)
	at com.kms.katalon.core.webui.keyword.builtin.ClickKeyword$_click_closure1.call(ClickKeyword.groovy)
	at com.kms.katalon.core.webui.keyword.internal.WebUIKeywordMain.runKeyword(WebUIKeywordMain.groovy:20)
	at com.kms.katalon.core.webui.keyword.builtin.ClickKeyword.click(ClickKeyword.groovy:86)
	at com.kms.katalon.core.webui.keyword.builtin.ClickKeyword.execute(ClickKeyword.groovy:67)
	at com.kms.katalon.core.keyword.internal.KeywordExecutor.executeKeywordForPlatform(KeywordExecutor.groovy:56)
	at com.kms.katalon.core.webui.keyword.WebUiBuiltInKeywords.click(WebUiBuiltInKeywords.groovy:616)
	at com.kms.katalon.core.webui.keyword.WebUiBuiltInKeywords$click$2.call(Unknown Source)
	at Script1542870641933.run(Script1542870641933.groovy:40)
	at com.kms.katalon.core.main.ScriptEngine.run(ScriptEngine.java:194)
	at com.kms.katalon.core.main.ScriptEngine.runScriptAsRawText(ScriptEngine.java:119)
	at com.kms.katalon.core.main.TestCaseExecutor.runScript(TestCaseExecutor.java:331)
	at com.kms.katalon.core.main.TestCaseExecutor.doExecute(TestCaseExecutor.java:322)
	at com.kms.katalon.core.main.TestCaseExecutor.processExecutionPhase(TestCaseExecutor.java:301)
	at com.kms.katalon.core.main.TestCaseExecutor.accessMainPhase(TestCaseExecutor.java:293)
	at com.kms.katalon.core.main.TestCaseExecutor.execute(TestCaseExecutor.java:227)
	at com.kms.katalon.core.main.TestCaseMain.runTestCase(TestCaseMain.java:114)
	at com.kms.katalon.core.keyword.builtin.CallTestCaseKeyword$_callTestCase_closure1.doCall(CallTestCaseKeyword.groovy:59)
	at com.kms.katalon.core.keyword.builtin.CallTestCaseKeyword$_callTestCase_closure1.call(CallTestCaseKeyword.groovy)
	at com.kms.katalon.core.keyword.internal.KeywordMain.runKeyword(KeywordMain.groovy:66)
	at com.kms.katalon.core.keyword.builtin.CallTestCaseKeyword.callTestCase(CallTestCaseKeyword.groovy:81)
	at com.kms.katalon.core.keyword.builtin.CallTestCaseKeyword.execute(CallTestCaseKeyword.groovy:44)
	at com.kms.katalon.core.keyword.internal.KeywordExecutor.executeKeywordForPlatform(KeywordExecutor.groovy:56)
	at com.kms.katalon.core.keyword.BuiltinKeywords.callTestCase(BuiltinKeywords.groovy:334)
	at Script1535855240364.run(Script1535855240364.groovy:15)
	at com.kms.katalon.core.main.ScriptEngine.run(ScriptEngine.java:194)
	at com.kms.katalon.core.main.ScriptEngine.runScriptAsRawText(ScriptEngine.java:119)
	at com.kms.katalon.core.main.TestCaseExecutor.runScript(TestCaseExecutor.java:331)
	at com.kms.katalon.core.main.TestCaseExecutor.doExecute(TestCaseExecutor.java:322)
	at com.kms.katalon.core.main.TestCaseExecutor.processExecutionPhase(TestCaseExecutor.java:301)
	at com.kms.katalon.core.main.TestCaseExecutor.accessMainPhase(TestCaseExecutor.java:293)
	at com.kms.katalon.core.main.TestCaseExecutor.execute(TestCaseExecutor.java:227)
	at com.kms.katalon.core.main.TestCaseMain.runTestCase(TestCaseMain.java:114)
	at com.kms.katalon.core.keyword.builtin.CallTestCaseKeyword$_callTestCase_closure1.doCall(CallTestCaseKeyword.groovy:59)
	at com.kms.katalon.core.keyword.builtin.CallTestCaseKeyword$_callTestCase_closure1.call(CallTestCaseKeyword.groovy)
	at com.kms.katalon.core.keyword.internal.KeywordMain.runKeyword(KeywordMain.groovy:66)
	at com.kms.katalon.core.keyword.builtin.CallTestCaseKeyword.callTestCase(CallTestCaseKeyword.groovy:81)
	at com.kms.katalon.core.keyword.builtin.CallTestCaseKeyword.execute(CallTestCaseKeyword.groovy:44)
	at com.kms.katalon.core.keyword.internal.KeywordExecutor.executeKeywordForPlatform(KeywordExecutor.groovy:56)
	at com.kms.katalon.core.keyword.BuiltinKeywords.callTestCase(BuiltinKeywords.groovy:334)
	at Script1555055014122.run(Script1555055014122.groovy:22)
	... 13 more]]></system-err>
      </testcase>
      <testcase name="Test Cases/Test cases x/Header TestCases/TC0081" classname="Test Cases/Test cases x/Header TestCases/TC0081" status="PASSED">
         <system-out><![CDATA[2019-04-16 14:10:43 - [TEST_CASE][PASSED] - Test Cases/Test cases x/Header TestCases/TC0081: Test Cases/Test cases x/Header TestCases/TC0081

2019-04-16 14:10:43 - [TEST_STEP][PASSED] - callTestCase(findTestCase("Header TestCases/Login"), [:], STOP_ON_FAILURE): Call Test Case 'Test Cases/Header TestCases/Login' successfully

2019-04-16 14:10:43 - [TEST_CASE][PASSED] - Test Cases/Header TestCases/Login: Test Cases/Header TestCases/Login

2019-04-16 14:10:43 - [TEST_STEP][PASSED] - callTestCase(findTestCase("s-sidebar_navigation/individualAccount/Login-KiboEngage"), [:], STOP_ON_FAILURE): Call Test Case 'Test Cases/s-sidebar_navigation/individualAccount/Login-KiboEngage' successfully

2019-04-16 14:10:43 - [TEST_CASE][PASSED] - Test Cases/s-sidebar_navigation/individualAccount/Login-KiboEngage: Test Cases/s-sidebar_navigation/individualAccount/Login-KiboEngage

2019-04-16 14:10:43 - [TEST_STEP][PASSED] - openBrowser(""): Browser is opened with url: ''

2019-04-16 14:10:43 - [MESSAGE][WARNING] - A browser is already opened. Closing browser and opening a new one

2019-04-16 14:10:43 - [MESSAGE][INFO] - Starting 'Chrome' driver

2019-04-16 14:10:44 - [MESSAGE][PASSED] - Browser is opened with url: ''

2019-04-16 14:10:44 - [TEST_STEP][PASSED] - maximizeWindow(): Current window maximized

2019-04-16 14:10:44 - [MESSAGE][PASSED] - Current window maximized

2019-04-16 14:10:44 - [TEST_STEP][PASSED] - navigateToUrl("https://kiboengage.cloudkibo.com/"): Navigate to 'https://kiboengage.cloudkibo.com/' successfully

2019-04-16 14:11:00 - [MESSAGE][PASSED] - Navigate to 'https://kiboengage.cloudkibo.com/' successfully

2019-04-16 14:11:01 - [TEST_STEP][PASSED] - navigateToUrl("https://accounts.cloudkibo.com/?continue=https://kiboengage.cloudkibo.com"): Navigate to 'https://accounts.cloudkibo.com/?continue=https://kiboengage.cloudkibo.com' successfully

2019-04-16 14:11:01 - [MESSAGE][PASSED] - Navigate to 'https://accounts.cloudkibo.com/?continue=https://kiboengage.cloudkibo.com' successfully

2019-04-16 14:11:01 - [TEST_STEP][PASSED] - click(findTestObject("Page_KiboPush/a_Login (9) (1)")): Object: 'Object Repository/Page_KiboPush/a_Login (9) (1)' is clicked on

2019-04-16 14:11:02 - [MESSAGE][PASSED] - Object: 'Object Repository/Page_KiboPush/a_Login (9) (1)' is clicked on

2019-04-16 14:11:02 - [TEST_STEP][PASSED] - setText(findTestObject("Page_KiboPush/input_email (10) (1)"), "individual@cloudkibo.com"): Text 'individual@cloudkibo.com' is set on object 'Object Repository/Page_KiboPush/input_email (10) (1)'

2019-04-16 14:11:02 - [MESSAGE][PASSED] - Text 'individual@cloudkibo.com' is set on object 'Object Repository/Page_KiboPush/input_email (10) (1)'

2019-04-16 14:11:02 - [TEST_STEP][PASSED] - setEncryptedText(findTestObject("Page_KiboPush/input_password (9) (1)"), "RigbBhfdqOBGNlJIWM1ClA=="): Text ****** has been set on object 'Object Repository/Page_KiboPush/input_password (9) (1)'

2019-04-16 14:11:02 - [MESSAGE][PASSED] - Text ****** has been set on object 'Object Repository/Page_KiboPush/input_password (9) (1)'

2019-04-16 14:11:02 - [TEST_STEP][PASSED] - click(findTestObject("Page_KiboPush/button_Sign In (10) (1)")): Object: 'Object Repository/Page_KiboPush/button_Sign In (10) (1)' is clicked on

2019-04-16 14:11:03 - [MESSAGE][PASSED] - Object: 'Object Repository/Page_KiboPush/button_Sign In (10) (1)' is clicked on

2019-04-16 14:11:03 - [TEST_STEP][PASSED] - navigateToUrl("https://kiboengage.cloudkibo.com/dashboard"): Navigate to 'https://kiboengage.cloudkibo.com/dashboard' successfully

2019-04-16 14:11:24 - [MESSAGE][PASSED] - Navigate to 'https://kiboengage.cloudkibo.com/dashboard' successfully

2019-04-16 14:11:24 - [TEST_STEP][PASSED] - click(findTestObject("Object Repository/Page_KiboPush  Dashboard/h3_Dashboard (57)")): Object: 'Object Repository/Page_KiboPush  Dashboard/h3_Dashboard (57)' is clicked on

2019-04-16 14:11:24 - [MESSAGE][PASSED] - Object: 'Object Repository/Page_KiboPush  Dashboard/h3_Dashboard (57)' is clicked on

2019-04-16 14:11:24 - [TEST_STEP][PASSED] - delay(3): Delayed 3 second(s)

2019-04-16 14:11:27 - [MESSAGE][PASSED] - Delayed 3 second(s)

2019-04-16 14:11:27 - [MESSAGE][PASSED] - Call Test Case 'Test Cases/s-sidebar_navigation/individualAccount/Login-KiboEngage' successfully

2019-04-16 14:11:27 - [MESSAGE][PASSED] - Call Test Case 'Test Cases/Header TestCases/Login' successfully

2019-04-16 14:11:27 - [TEST_STEP][PASSED] - delay(2): Delayed 2 second(s)

2019-04-16 14:11:29 - [MESSAGE][PASSED] - Delayed 2 second(s)]]></system-out>
         <system-err><![CDATA[]]></system-err>
      </testcase>
      <testcase name="Test Cases/Test cases x/Header TestCases/TC11053" classname="Test Cases/Test cases x/Header TestCases/TC11053" status="PASSED">
         <system-out><![CDATA[2019-04-16 14:11:29 - [TEST_CASE][PASSED] - Test Cases/Test cases x/Header TestCases/TC11053: Test Cases/Test cases x/Header TestCases/TC11053

2019-04-16 14:11:29 - [TEST_STEP][PASSED] - callTestCase(findTestCase("Header TestCases/Login"), [:], STOP_ON_FAILURE): Call Test Case 'Test Cases/Header TestCases/Login' successfully

2019-04-16 14:11:29 - [TEST_CASE][PASSED] - Test Cases/Header TestCases/Login: Test Cases/Header TestCases/Login

2019-04-16 14:11:29 - [TEST_STEP][PASSED] - callTestCase(findTestCase("s-sidebar_navigation/individualAccount/Login-KiboEngage"), [:], STOP_ON_FAILURE): Call Test Case 'Test Cases/s-sidebar_navigation/individualAccount/Login-KiboEngage' successfully

2019-04-16 14:11:29 - [TEST_CASE][PASSED] - Test Cases/s-sidebar_navigation/individualAccount/Login-KiboEngage: Test Cases/s-sidebar_navigation/individualAccount/Login-KiboEngage

2019-04-16 14:11:29 - [TEST_STEP][PASSED] - openBrowser(""): Browser is opened with url: ''

2019-04-16 14:11:29 - [MESSAGE][WARNING] - A browser is already opened. Closing browser and opening a new one

2019-04-16 14:11:30 - [MESSAGE][INFO] - Starting 'Chrome' driver

2019-04-16 14:11:30 - [MESSAGE][PASSED] - Browser is opened with url: ''

2019-04-16 14:11:30 - [TEST_STEP][PASSED] - maximizeWindow(): Current window maximized

2019-04-16 14:11:30 - [MESSAGE][PASSED] - Current window maximized

2019-04-16 14:11:30 - [TEST_STEP][PASSED] - navigateToUrl("https://kiboengage.cloudkibo.com/"): Navigate to 'https://kiboengage.cloudkibo.com/' successfully

2019-04-16 14:11:44 - [MESSAGE][PASSED] - Navigate to 'https://kiboengage.cloudkibo.com/' successfully

2019-04-16 14:11:44 - [TEST_STEP][PASSED] - navigateToUrl("https://accounts.cloudkibo.com/?continue=https://kiboengage.cloudkibo.com"): Navigate to 'https://accounts.cloudkibo.com/?continue=https://kiboengage.cloudkibo.com' successfully

2019-04-16 14:11:44 - [MESSAGE][PASSED] - Navigate to 'https://accounts.cloudkibo.com/?continue=https://kiboengage.cloudkibo.com' successfully

2019-04-16 14:11:44 - [TEST_STEP][PASSED] - click(findTestObject("Page_KiboPush/a_Login (9) (1)")): Object: 'Object Repository/Page_KiboPush/a_Login (9) (1)' is clicked on

2019-04-16 14:11:45 - [MESSAGE][PASSED] - Object: 'Object Repository/Page_KiboPush/a_Login (9) (1)' is clicked on

2019-04-16 14:11:45 - [TEST_STEP][PASSED] - setText(findTestObject("Page_KiboPush/input_email (10) (1)"), "individual@cloudkibo.com"): Text 'individual@cloudkibo.com' is set on object 'Object Repository/Page_KiboPush/input_email (10) (1)'

2019-04-16 14:11:45 - [MESSAGE][PASSED] - Text 'individual@cloudkibo.com' is set on object 'Object Repository/Page_KiboPush/input_email (10) (1)'

2019-04-16 14:11:45 - [TEST_STEP][PASSED] - setEncryptedText(findTestObject("Page_KiboPush/input_password (9) (1)"), "RigbBhfdqOBGNlJIWM1ClA=="): Text ****** has been set on object 'Object Repository/Page_KiboPush/input_password (9) (1)'

2019-04-16 14:11:45 - [MESSAGE][PASSED] - Text ****** has been set on object 'Object Repository/Page_KiboPush/input_password (9) (1)'

2019-04-16 14:11:45 - [TEST_STEP][PASSED] - click(findTestObject("Page_KiboPush/button_Sign In (10) (1)")): Object: 'Object Repository/Page_KiboPush/button_Sign In (10) (1)' is clicked on

2019-04-16 14:11:46 - [MESSAGE][PASSED] - Object: 'Object Repository/Page_KiboPush/button_Sign In (10) (1)' is clicked on

2019-04-16 14:11:46 - [TEST_STEP][PASSED] - navigateToUrl("https://kiboengage.cloudkibo.com/dashboard"): Navigate to 'https://kiboengage.cloudkibo.com/dashboard' successfully

2019-04-16 14:11:58 - [MESSAGE][PASSED] - Navigate to 'https://kiboengage.cloudkibo.com/dashboard' successfully

2019-04-16 14:11:58 - [TEST_STEP][PASSED] - click(findTestObject("Object Repository/Page_KiboPush  Dashboard/h3_Dashboard (57)")): Object: 'Object Repository/Page_KiboPush  Dashboard/h3_Dashboard (57)' is clicked on

2019-04-16 14:11:58 - [MESSAGE][PASSED] - Object: 'Object Repository/Page_KiboPush  Dashboard/h3_Dashboard (57)' is clicked on

2019-04-16 14:11:58 - [TEST_STEP][PASSED] - delay(3): Delayed 3 second(s)

2019-04-16 14:12:01 - [MESSAGE][PASSED] - Delayed 3 second(s)

2019-04-16 14:12:01 - [MESSAGE][PASSED] - Call Test Case 'Test Cases/s-sidebar_navigation/individualAccount/Login-KiboEngage' successfully

2019-04-16 14:12:01 - [MESSAGE][PASSED] - Call Test Case 'Test Cases/Header TestCases/Login' successfully]]></system-out>
         <system-err><![CDATA[]]></system-err>
      </testcase>
      <testcase name="Test Cases/Test cases x/Header TestCases/TC0094" classname="Test Cases/Test cases x/Header TestCases/TC0094" status="PASSED">
         <system-out><![CDATA[2019-04-16 14:12:01 - [TEST_CASE][PASSED] - Test Cases/Test cases x/Header TestCases/TC0094: Test Cases/Test cases x/Header TestCases/TC0094

2019-04-16 14:12:01 - [TEST_STEP][PASSED] - callTestCase(findTestCase("Header TestCases/Login"), [:], STOP_ON_FAILURE): Call Test Case 'Test Cases/Header TestCases/Login' successfully

2019-04-16 14:12:01 - [TEST_CASE][PASSED] - Test Cases/Header TestCases/Login: Test Cases/Header TestCases/Login

2019-04-16 14:12:01 - [TEST_STEP][PASSED] - callTestCase(findTestCase("s-sidebar_navigation/individualAccount/Login-KiboEngage"), [:], STOP_ON_FAILURE): Call Test Case 'Test Cases/s-sidebar_navigation/individualAccount/Login-KiboEngage' successfully

2019-04-16 14:12:01 - [TEST_CASE][PASSED] - Test Cases/s-sidebar_navigation/individualAccount/Login-KiboEngage: Test Cases/s-sidebar_navigation/individualAccount/Login-KiboEngage

2019-04-16 14:12:01 - [TEST_STEP][PASSED] - openBrowser(""): Browser is opened with url: ''

2019-04-16 14:12:01 - [MESSAGE][WARNING] - A browser is already opened. Closing browser and opening a new one

2019-04-16 14:12:01 - [MESSAGE][INFO] - Starting 'Chrome' driver

2019-04-16 14:12:02 - [MESSAGE][PASSED] - Browser is opened with url: ''

2019-04-16 14:12:02 - [TEST_STEP][PASSED] - maximizeWindow(): Current window maximized

2019-04-16 14:12:02 - [MESSAGE][PASSED] - Current window maximized

2019-04-16 14:12:02 - [TEST_STEP][PASSED] - navigateToUrl("https://kiboengage.cloudkibo.com/"): Navigate to 'https://kiboengage.cloudkibo.com/' successfully

2019-04-16 14:12:22 - [MESSAGE][PASSED] - Navigate to 'https://kiboengage.cloudkibo.com/' successfully

2019-04-16 14:12:22 - [TEST_STEP][PASSED] - navigateToUrl("https://accounts.cloudkibo.com/?continue=https://kiboengage.cloudkibo.com"): Navigate to 'https://accounts.cloudkibo.com/?continue=https://kiboengage.cloudkibo.com' successfully

2019-04-16 14:12:22 - [MESSAGE][PASSED] - Navigate to 'https://accounts.cloudkibo.com/?continue=https://kiboengage.cloudkibo.com' successfully

2019-04-16 14:12:22 - [TEST_STEP][PASSED] - click(findTestObject("Page_KiboPush/a_Login (9) (1)")): Object: 'Object Repository/Page_KiboPush/a_Login (9) (1)' is clicked on

2019-04-16 14:12:23 - [MESSAGE][PASSED] - Object: 'Object Repository/Page_KiboPush/a_Login (9) (1)' is clicked on

2019-04-16 14:12:23 - [TEST_STEP][PASSED] - setText(findTestObject("Page_KiboPush/input_email (10) (1)"), "individual@cloudkibo.com"): Text 'individual@cloudkibo.com' is set on object 'Object Repository/Page_KiboPush/input_email (10) (1)'

2019-04-16 14:12:23 - [MESSAGE][PASSED] - Text 'individual@cloudkibo.com' is set on object 'Object Repository/Page_KiboPush/input_email (10) (1)'

2019-04-16 14:12:23 - [TEST_STEP][PASSED] - setEncryptedText(findTestObject("Page_KiboPush/input_password (9) (1)"), "RigbBhfdqOBGNlJIWM1ClA=="): Text ****** has been set on object 'Object Repository/Page_KiboPush/input_password (9) (1)'

2019-04-16 14:12:23 - [MESSAGE][PASSED] - Text ****** has been set on object 'Object Repository/Page_KiboPush/input_password (9) (1)'

2019-04-16 14:12:23 - [TEST_STEP][PASSED] - click(findTestObject("Page_KiboPush/button_Sign In (10) (1)")): Object: 'Object Repository/Page_KiboPush/button_Sign In (10) (1)' is clicked on

2019-04-16 14:12:23 - [MESSAGE][PASSED] - Object: 'Object Repository/Page_KiboPush/button_Sign In (10) (1)' is clicked on

2019-04-16 14:12:23 - [TEST_STEP][PASSED] - navigateToUrl("https://kiboengage.cloudkibo.com/dashboard"): Navigate to 'https://kiboengage.cloudkibo.com/dashboard' successfully

2019-04-16 14:12:38 - [MESSAGE][PASSED] - Navigate to 'https://kiboengage.cloudkibo.com/dashboard' successfully

2019-04-16 14:12:38 - [TEST_STEP][PASSED] - click(findTestObject("Object Repository/Page_KiboPush  Dashboard/h3_Dashboard (57)")): Object: 'Object Repository/Page_KiboPush  Dashboard/h3_Dashboard (57)' is clicked on

2019-04-16 14:12:38 - [MESSAGE][PASSED] - Object: 'Object Repository/Page_KiboPush  Dashboard/h3_Dashboard (57)' is clicked on

2019-04-16 14:12:38 - [TEST_STEP][PASSED] - delay(3): Delayed 3 second(s)

2019-04-16 14:12:41 - [MESSAGE][PASSED] - Delayed 3 second(s)

2019-04-16 14:12:41 - [MESSAGE][PASSED] - Call Test Case 'Test Cases/s-sidebar_navigation/individualAccount/Login-KiboEngage' successfully

2019-04-16 14:12:41 - [MESSAGE][PASSED] - Call Test Case 'Test Cases/Header TestCases/Login' successfully]]></system-out>
         <system-err><![CDATA[]]></system-err>
      </testcase>
      <testcase name="Test Cases/Test cases x/Header TestCases/TC0088" classname="Test Cases/Test cases x/Header TestCases/TC0088" status="PASSED">
         <system-out><![CDATA[2019-04-16 14:12:41 - [TEST_CASE][PASSED] - Test Cases/Test cases x/Header TestCases/TC0088: Test Cases/Test cases x/Header TestCases/TC0088

2019-04-16 14:12:41 - [TEST_STEP][PASSED] - callTestCase(findTestCase("Header TestCases/Login"), [:], STOP_ON_FAILURE): Call Test Case 'Test Cases/Header TestCases/Login' successfully

2019-04-16 14:12:41 - [TEST_CASE][PASSED] - Test Cases/Header TestCases/Login: Test Cases/Header TestCases/Login

2019-04-16 14:12:41 - [TEST_STEP][PASSED] - callTestCase(findTestCase("s-sidebar_navigation/individualAccount/Login-KiboEngage"), [:], STOP_ON_FAILURE): Call Test Case 'Test Cases/s-sidebar_navigation/individualAccount/Login-KiboEngage' successfully

2019-04-16 14:12:41 - [TEST_CASE][PASSED] - Test Cases/s-sidebar_navigation/individualAccount/Login-KiboEngage: Test Cases/s-sidebar_navigation/individualAccount/Login-KiboEngage

2019-04-16 14:12:41 - [TEST_STEP][PASSED] - openBrowser(""): Browser is opened with url: ''

2019-04-16 14:12:41 - [MESSAGE][WARNING] - A browser is already opened. Closing browser and opening a new one

2019-04-16 14:12:41 - [MESSAGE][INFO] - Starting 'Chrome' driver

2019-04-16 14:12:42 - [MESSAGE][PASSED] - Browser is opened with url: ''

2019-04-16 14:12:42 - [TEST_STEP][PASSED] - maximizeWindow(): Current window maximized

2019-04-16 14:12:42 - [MESSAGE][PASSED] - Current window maximized

2019-04-16 14:12:42 - [TEST_STEP][PASSED] - navigateToUrl("https://kiboengage.cloudkibo.com/"): Navigate to 'https://kiboengage.cloudkibo.com/' successfully

2019-04-16 14:12:53 - [MESSAGE][PASSED] - Navigate to 'https://kiboengage.cloudkibo.com/' successfully

2019-04-16 14:12:53 - [TEST_STEP][PASSED] - navigateToUrl("https://accounts.cloudkibo.com/?continue=https://kiboengage.cloudkibo.com"): Navigate to 'https://accounts.cloudkibo.com/?continue=https://kiboengage.cloudkibo.com' successfully

2019-04-16 14:12:53 - [MESSAGE][PASSED] - Navigate to 'https://accounts.cloudkibo.com/?continue=https://kiboengage.cloudkibo.com' successfully

2019-04-16 14:12:53 - [TEST_STEP][PASSED] - click(findTestObject("Page_KiboPush/a_Login (9) (1)")): Object: 'Object Repository/Page_KiboPush/a_Login (9) (1)' is clicked on

2019-04-16 14:12:54 - [MESSAGE][PASSED] - Object: 'Object Repository/Page_KiboPush/a_Login (9) (1)' is clicked on

2019-04-16 14:12:54 - [TEST_STEP][PASSED] - setText(findTestObject("Page_KiboPush/input_email (10) (1)"), "individual@cloudkibo.com"): Text 'individual@cloudkibo.com' is set on object 'Object Repository/Page_KiboPush/input_email (10) (1)'

2019-04-16 14:12:54 - [MESSAGE][PASSED] - Text 'individual@cloudkibo.com' is set on object 'Object Repository/Page_KiboPush/input_email (10) (1)'

2019-04-16 14:12:54 - [TEST_STEP][PASSED] - setEncryptedText(findTestObject("Page_KiboPush/input_password (9) (1)"), "RigbBhfdqOBGNlJIWM1ClA=="): Text ****** has been set on object 'Object Repository/Page_KiboPush/input_password (9) (1)'

2019-04-16 14:12:54 - [MESSAGE][PASSED] - Text ****** has been set on object 'Object Repository/Page_KiboPush/input_password (9) (1)'

2019-04-16 14:12:54 - [TEST_STEP][PASSED] - click(findTestObject("Page_KiboPush/button_Sign In (10) (1)")): Object: 'Object Repository/Page_KiboPush/button_Sign In (10) (1)' is clicked on

2019-04-16 14:12:55 - [MESSAGE][PASSED] - Object: 'Object Repository/Page_KiboPush/button_Sign In (10) (1)' is clicked on

2019-04-16 14:12:55 - [TEST_STEP][PASSED] - navigateToUrl("https://kiboengage.cloudkibo.com/dashboard"): Navigate to 'https://kiboengage.cloudkibo.com/dashboard' successfully

2019-04-16 14:13:10 - [MESSAGE][PASSED] - Navigate to 'https://kiboengage.cloudkibo.com/dashboard' successfully

2019-04-16 14:13:10 - [TEST_STEP][PASSED] - click(findTestObject("Object Repository/Page_KiboPush  Dashboard/h3_Dashboard (57)")): Object: 'Object Repository/Page_KiboPush  Dashboard/h3_Dashboard (57)' is clicked on

2019-04-16 14:13:10 - [MESSAGE][PASSED] - Object: 'Object Repository/Page_KiboPush  Dashboard/h3_Dashboard (57)' is clicked on

2019-04-16 14:13:10 - [TEST_STEP][PASSED] - delay(3): Delayed 3 second(s)

2019-04-16 14:13:13 - [MESSAGE][PASSED] - Delayed 3 second(s)

2019-04-16 14:13:13 - [MESSAGE][PASSED] - Call Test Case 'Test Cases/s-sidebar_navigation/individualAccount/Login-KiboEngage' successfully

2019-04-16 14:13:13 - [MESSAGE][PASSED] - Call Test Case 'Test Cases/Header TestCases/Login' successfully]]></system-out>
         <system-err><![CDATA[]]></system-err>
      </testcase>
      <testcase name="Test Cases/Test cases x/Header TestCases/TC0080" classname="Test Cases/Test cases x/Header TestCases/TC0080" status="PASSED">
         <system-out><![CDATA[2019-04-16 14:13:13 - [TEST_CASE][PASSED] - Test Cases/Test cases x/Header TestCases/TC0080: Test Cases/Test cases x/Header TestCases/TC0080

2019-04-16 14:13:13 - [TEST_STEP][PASSED] - callTestCase(findTestCase("Header TestCases/Login"), [:], STOP_ON_FAILURE): Call Test Case 'Test Cases/Header TestCases/Login' successfully

2019-04-16 14:13:13 - [TEST_CASE][PASSED] - Test Cases/Header TestCases/Login: Test Cases/Header TestCases/Login

2019-04-16 14:13:13 - [TEST_STEP][PASSED] - callTestCase(findTestCase("s-sidebar_navigation/individualAccount/Login-KiboEngage"), [:], STOP_ON_FAILURE): Call Test Case 'Test Cases/s-sidebar_navigation/individualAccount/Login-KiboEngage' successfully

2019-04-16 14:13:13 - [TEST_CASE][PASSED] - Test Cases/s-sidebar_navigation/individualAccount/Login-KiboEngage: Test Cases/s-sidebar_navigation/individualAccount/Login-KiboEngage

2019-04-16 14:13:13 - [TEST_STEP][PASSED] - openBrowser(""): Browser is opened with url: ''

2019-04-16 14:13:13 - [MESSAGE][WARNING] - A browser is already opened. Closing browser and opening a new one

2019-04-16 14:13:13 - [MESSAGE][INFO] - Starting 'Chrome' driver

2019-04-16 14:13:14 - [MESSAGE][PASSED] - Browser is opened with url: ''

2019-04-16 14:13:14 - [TEST_STEP][PASSED] - maximizeWindow(): Current window maximized

2019-04-16 14:13:14 - [MESSAGE][PASSED] - Current window maximized

2019-04-16 14:13:14 - [TEST_STEP][PASSED] - navigateToUrl("https://kiboengage.cloudkibo.com/"): Navigate to 'https://kiboengage.cloudkibo.com/' successfully

2019-04-16 14:13:30 - [MESSAGE][PASSED] - Navigate to 'https://kiboengage.cloudkibo.com/' successfully

2019-04-16 14:13:30 - [TEST_STEP][PASSED] - navigateToUrl("https://accounts.cloudkibo.com/?continue=https://kiboengage.cloudkibo.com"): Navigate to 'https://accounts.cloudkibo.com/?continue=https://kiboengage.cloudkibo.com' successfully

2019-04-16 14:13:31 - [MESSAGE][PASSED] - Navigate to 'https://accounts.cloudkibo.com/?continue=https://kiboengage.cloudkibo.com' successfully

2019-04-16 14:13:31 - [TEST_STEP][PASSED] - click(findTestObject("Page_KiboPush/a_Login (9) (1)")): Object: 'Object Repository/Page_KiboPush/a_Login (9) (1)' is clicked on

2019-04-16 14:13:31 - [MESSAGE][PASSED] - Object: 'Object Repository/Page_KiboPush/a_Login (9) (1)' is clicked on

2019-04-16 14:13:31 - [TEST_STEP][PASSED] - setText(findTestObject("Page_KiboPush/input_email (10) (1)"), "individual@cloudkibo.com"): Text 'individual@cloudkibo.com' is set on object 'Object Repository/Page_KiboPush/input_email (10) (1)'

2019-04-16 14:13:32 - [MESSAGE][PASSED] - Text 'individual@cloudkibo.com' is set on object 'Object Repository/Page_KiboPush/input_email (10) (1)'

2019-04-16 14:13:32 - [TEST_STEP][PASSED] - setEncryptedText(findTestObject("Page_KiboPush/input_password (9) (1)"), "RigbBhfdqOBGNlJIWM1ClA=="): Text ****** has been set on object 'Object Repository/Page_KiboPush/input_password (9) (1)'

2019-04-16 14:13:32 - [MESSAGE][PASSED] - Text ****** has been set on object 'Object Repository/Page_KiboPush/input_password (9) (1)'

2019-04-16 14:13:32 - [TEST_STEP][PASSED] - click(findTestObject("Page_KiboPush/button_Sign In (10) (1)")): Object: 'Object Repository/Page_KiboPush/button_Sign In (10) (1)' is clicked on

2019-04-16 14:13:32 - [MESSAGE][PASSED] - Object: 'Object Repository/Page_KiboPush/button_Sign In (10) (1)' is clicked on

2019-04-16 14:13:32 - [TEST_STEP][PASSED] - navigateToUrl("https://kiboengage.cloudkibo.com/dashboard"): Navigate to 'https://kiboengage.cloudkibo.com/dashboard' successfully

2019-04-16 14:13:48 - [MESSAGE][PASSED] - Navigate to 'https://kiboengage.cloudkibo.com/dashboard' successfully

2019-04-16 14:13:48 - [TEST_STEP][PASSED] - click(findTestObject("Object Repository/Page_KiboPush  Dashboard/h3_Dashboard (57)")): Object: 'Object Repository/Page_KiboPush  Dashboard/h3_Dashboard (57)' is clicked on

2019-04-16 14:13:48 - [MESSAGE][PASSED] - Object: 'Object Repository/Page_KiboPush  Dashboard/h3_Dashboard (57)' is clicked on

2019-04-16 14:13:48 - [TEST_STEP][PASSED] - delay(3): Delayed 3 second(s)

2019-04-16 14:13:51 - [MESSAGE][PASSED] - Delayed 3 second(s)

2019-04-16 14:13:51 - [MESSAGE][PASSED] - Call Test Case 'Test Cases/s-sidebar_navigation/individualAccount/Login-KiboEngage' successfully

2019-04-16 14:13:51 - [MESSAGE][PASSED] - Call Test Case 'Test Cases/Header TestCases/Login' successfully]]></system-out>
         <system-err><![CDATA[]]></system-err>
      </testcase>
      <testcase name="Test Cases/Test cases x/Header TestCases/TC0095" classname="Test Cases/Test cases x/Header TestCases/TC0095" status="PASSED">
         <system-out><![CDATA[2019-04-16 14:13:51 - [TEST_CASE][PASSED] - Test Cases/Test cases x/Header TestCases/TC0095: Test Cases/Test cases x/Header TestCases/TC0095

2019-04-16 14:13:51 - [TEST_STEP][PASSED] - callTestCase(findTestCase("Header TestCases/Login"), [:], STOP_ON_FAILURE): Call Test Case 'Test Cases/Header TestCases/Login' successfully

2019-04-16 14:13:51 - [TEST_CASE][PASSED] - Test Cases/Header TestCases/Login: Test Cases/Header TestCases/Login

2019-04-16 14:13:51 - [TEST_STEP][PASSED] - callTestCase(findTestCase("s-sidebar_navigation/individualAccount/Login-KiboEngage"), [:], STOP_ON_FAILURE): Call Test Case 'Test Cases/s-sidebar_navigation/individualAccount/Login-KiboEngage' successfully

2019-04-16 14:13:51 - [TEST_CASE][PASSED] - Test Cases/s-sidebar_navigation/individualAccount/Login-KiboEngage: Test Cases/s-sidebar_navigation/individualAccount/Login-KiboEngage

2019-04-16 14:13:51 - [TEST_STEP][PASSED] - openBrowser(""): Browser is opened with url: ''

2019-04-16 14:13:51 - [MESSAGE][WARNING] - A browser is already opened. Closing browser and opening a new one

2019-04-16 14:13:51 - [MESSAGE][INFO] - Starting 'Chrome' driver

2019-04-16 14:13:52 - [MESSAGE][PASSED] - Browser is opened with url: ''

2019-04-16 14:13:52 - [TEST_STEP][PASSED] - maximizeWindow(): Current window maximized

2019-04-16 14:13:52 - [MESSAGE][PASSED] - Current window maximized

2019-04-16 14:13:52 - [TEST_STEP][PASSED] - navigateToUrl("https://kiboengage.cloudkibo.com/"): Navigate to 'https://kiboengage.cloudkibo.com/' successfully

2019-04-16 14:14:04 - [MESSAGE][PASSED] - Navigate to 'https://kiboengage.cloudkibo.com/' successfully

2019-04-16 14:14:04 - [TEST_STEP][PASSED] - navigateToUrl("https://accounts.cloudkibo.com/?continue=https://kiboengage.cloudkibo.com"): Navigate to 'https://accounts.cloudkibo.com/?continue=https://kiboengage.cloudkibo.com' successfully

2019-04-16 14:14:05 - [MESSAGE][PASSED] - Navigate to 'https://accounts.cloudkibo.com/?continue=https://kiboengage.cloudkibo.com' successfully

2019-04-16 14:14:05 - [TEST_STEP][PASSED] - click(findTestObject("Page_KiboPush/a_Login (9) (1)")): Object: 'Object Repository/Page_KiboPush/a_Login (9) (1)' is clicked on

2019-04-16 14:14:05 - [MESSAGE][PASSED] - Object: 'Object Repository/Page_KiboPush/a_Login (9) (1)' is clicked on

2019-04-16 14:14:05 - [TEST_STEP][PASSED] - setText(findTestObject("Page_KiboPush/input_email (10) (1)"), "individual@cloudkibo.com"): Text 'individual@cloudkibo.com' is set on object 'Object Repository/Page_KiboPush/input_email (10) (1)'

2019-04-16 14:14:06 - [MESSAGE][PASSED] - Text 'individual@cloudkibo.com' is set on object 'Object Repository/Page_KiboPush/input_email (10) (1)'

2019-04-16 14:14:06 - [TEST_STEP][PASSED] - setEncryptedText(findTestObject("Page_KiboPush/input_password (9) (1)"), "RigbBhfdqOBGNlJIWM1ClA=="): Text ****** has been set on object 'Object Repository/Page_KiboPush/input_password (9) (1)'

2019-04-16 14:14:06 - [MESSAGE][PASSED] - Text ****** has been set on object 'Object Repository/Page_KiboPush/input_password (9) (1)'

2019-04-16 14:14:06 - [TEST_STEP][PASSED] - click(findTestObject("Page_KiboPush/button_Sign In (10) (1)")): Object: 'Object Repository/Page_KiboPush/button_Sign In (10) (1)' is clicked on

2019-04-16 14:14:06 - [MESSAGE][PASSED] - Object: 'Object Repository/Page_KiboPush/button_Sign In (10) (1)' is clicked on

2019-04-16 14:14:06 - [TEST_STEP][PASSED] - navigateToUrl("https://kiboengage.cloudkibo.com/dashboard"): Navigate to 'https://kiboengage.cloudkibo.com/dashboard' successfully

2019-04-16 14:14:40 - [MESSAGE][PASSED] - Navigate to 'https://kiboengage.cloudkibo.com/dashboard' successfully

2019-04-16 14:14:40 - [TEST_STEP][PASSED] - click(findTestObject("Object Repository/Page_KiboPush  Dashboard/h3_Dashboard (57)")): Object: 'Object Repository/Page_KiboPush  Dashboard/h3_Dashboard (57)' is clicked on

2019-04-16 14:14:41 - [MESSAGE][PASSED] - Object: 'Object Repository/Page_KiboPush  Dashboard/h3_Dashboard (57)' is clicked on

2019-04-16 14:14:41 - [TEST_STEP][PASSED] - delay(3): Delayed 3 second(s)

2019-04-16 14:14:44 - [MESSAGE][PASSED] - Delayed 3 second(s)

2019-04-16 14:14:44 - [MESSAGE][PASSED] - Call Test Case 'Test Cases/s-sidebar_navigation/individualAccount/Login-KiboEngage' successfully

2019-04-16 14:14:44 - [MESSAGE][PASSED] - Call Test Case 'Test Cases/Header TestCases/Login' successfully]]></system-out>
         <system-err><![CDATA[]]></system-err>
      </testcase>
      <testcase name="Test Cases/Test cases x/Header TestCases/TC11052" classname="Test Cases/Test cases x/Header TestCases/TC11052" status="PASSED">
         <system-out><![CDATA[2019-04-16 14:14:44 - [TEST_CASE][PASSED] - Test Cases/Test cases x/Header TestCases/TC11052: Test Cases/Test cases x/Header TestCases/TC11052

2019-04-16 14:14:44 - [TEST_STEP][PASSED] - callTestCase(findTestCase("s-sidebar_navigation/individualAccount/Login-KiboChat"), [:], STOP_ON_FAILURE): Call Test Case 'Test Cases/s-sidebar_navigation/individualAccount/Login-KiboChat' successfully

2019-04-16 14:14:44 - [TEST_CASE][PASSED] - Test Cases/s-sidebar_navigation/individualAccount/Login-KiboChat: Test Cases/s-sidebar_navigation/individualAccount/Login-KiboChat

2019-04-16 14:14:44 - [TEST_STEP][PASSED] - openBrowser(""): Browser is opened with url: ''

2019-04-16 14:14:44 - [MESSAGE][WARNING] - A browser is already opened. Closing browser and opening a new one

2019-04-16 14:14:44 - [MESSAGE][INFO] - Starting 'Chrome' driver

2019-04-16 14:14:45 - [MESSAGE][PASSED] - Browser is opened with url: ''

2019-04-16 14:14:45 - [TEST_STEP][PASSED] - maximizeWindow(): Current window maximized

2019-04-16 14:14:45 - [MESSAGE][PASSED] - Current window maximized

2019-04-16 14:14:45 - [TEST_STEP][PASSED] - navigateToUrl("https://kibochat.cloudkibo.com/"): Navigate to 'https://kibochat.cloudkibo.com/' successfully

2019-04-16 14:14:56 - [MESSAGE][PASSED] - Navigate to 'https://kibochat.cloudkibo.com/' successfully

2019-04-16 14:14:56 - [TEST_STEP][PASSED] - navigateToUrl("https://accounts.cloudkibo.com/?continue=https://kibochat.cloudkibo.com"): Navigate to 'https://accounts.cloudkibo.com/?continue=https://kibochat.cloudkibo.com' successfully

2019-04-16 14:14:56 - [MESSAGE][PASSED] - Navigate to 'https://accounts.cloudkibo.com/?continue=https://kibochat.cloudkibo.com' successfully

2019-04-16 14:14:56 - [TEST_STEP][PASSED] - click(findTestObject("Page_KiboPush/a_Login (10)")): Object: 'Object Repository/Page_KiboPush/a_Login (10)' is clicked on

2019-04-16 14:14:57 - [MESSAGE][PASSED] - Object: 'Object Repository/Page_KiboPush/a_Login (10)' is clicked on

2019-04-16 14:14:57 - [TEST_STEP][PASSED] - setText(findTestObject("Page_KiboPush/input_email (11)"), "individual@cloudkibo.com"): Text 'individual@cloudkibo.com' is set on object 'Object Repository/Page_KiboPush/input_email (11)'

2019-04-16 14:14:57 - [MESSAGE][PASSED] - Text 'individual@cloudkibo.com' is set on object 'Object Repository/Page_KiboPush/input_email (11)'

2019-04-16 14:14:57 - [TEST_STEP][PASSED] - setEncryptedText(findTestObject("Page_KiboPush/input_password (10)"), "RigbBhfdqOBGNlJIWM1ClA=="): Text ****** has been set on object 'Object Repository/Page_KiboPush/input_password (10)'

2019-04-16 14:14:58 - [MESSAGE][PASSED] - Text ****** has been set on object 'Object Repository/Page_KiboPush/input_password (10)'

2019-04-16 14:14:58 - [TEST_STEP][PASSED] - click(findTestObject("Page_KiboPush/button_Sign In (11)")): Object: 'Object Repository/Page_KiboPush/button_Sign In (11)' is clicked on

2019-04-16 14:14:58 - [MESSAGE][PASSED] - Object: 'Object Repository/Page_KiboPush/button_Sign In (11)' is clicked on

2019-04-16 14:14:58 - [TEST_STEP][PASSED] - click(findTestObject("Page_KiboPush  Dashboard/h3_Dashboard (58)")): Object: 'Object Repository/Page_KiboPush  Dashboard/h3_Dashboard (58)' is clicked on

2019-04-16 14:15:18 - [MESSAGE][PASSED] - Object: 'Object Repository/Page_KiboPush  Dashboard/h3_Dashboard (58)' is clicked on

2019-04-16 14:15:18 - [TEST_STEP][PASSED] - delay(3): Delayed 3 second(s)

2019-04-16 14:15:21 - [MESSAGE][PASSED] - Delayed 3 second(s)

2019-04-16 14:15:21 - [MESSAGE][PASSED] - Call Test Case 'Test Cases/s-sidebar_navigation/individualAccount/Login-KiboChat' successfully]]></system-out>
         <system-err><![CDATA[]]></system-err>
      </testcase>
      <testcase name="Test Cases/Test cases x/Header TestCases/TC0092" classname="Test Cases/Test cases x/Header TestCases/TC0092" status="PASSED">
         <system-out><![CDATA[2019-04-16 14:15:21 - [TEST_CASE][PASSED] - Test Cases/Test cases x/Header TestCases/TC0092: Test Cases/Test cases x/Header TestCases/TC0092

2019-04-16 14:15:21 - [TEST_STEP][PASSED] - callTestCase(findTestCase("Header TestCases/Login"), [:], STOP_ON_FAILURE): Call Test Case 'Test Cases/Header TestCases/Login' successfully

2019-04-16 14:15:21 - [TEST_CASE][PASSED] - Test Cases/Header TestCases/Login: Test Cases/Header TestCases/Login

2019-04-16 14:15:21 - [TEST_STEP][PASSED] - callTestCase(findTestCase("s-sidebar_navigation/individualAccount/Login-KiboEngage"), [:], STOP_ON_FAILURE): Call Test Case 'Test Cases/s-sidebar_navigation/individualAccount/Login-KiboEngage' successfully

2019-04-16 14:15:21 - [TEST_CASE][PASSED] - Test Cases/s-sidebar_navigation/individualAccount/Login-KiboEngage: Test Cases/s-sidebar_navigation/individualAccount/Login-KiboEngage

2019-04-16 14:15:21 - [TEST_STEP][PASSED] - openBrowser(""): Browser is opened with url: ''

2019-04-16 14:15:21 - [MESSAGE][WARNING] - A browser is already opened. Closing browser and opening a new one

2019-04-16 14:15:21 - [MESSAGE][INFO] - Starting 'Chrome' driver

2019-04-16 14:15:22 - [MESSAGE][PASSED] - Browser is opened with url: ''

2019-04-16 14:15:22 - [TEST_STEP][PASSED] - maximizeWindow(): Current window maximized

2019-04-16 14:15:22 - [MESSAGE][PASSED] - Current window maximized

2019-04-16 14:15:22 - [TEST_STEP][PASSED] - navigateToUrl("https://kiboengage.cloudkibo.com/"): Navigate to 'https://kiboengage.cloudkibo.com/' successfully

2019-04-16 14:15:29 - [MESSAGE][PASSED] - Navigate to 'https://kiboengage.cloudkibo.com/' successfully

2019-04-16 14:15:29 - [TEST_STEP][PASSED] - navigateToUrl("https://accounts.cloudkibo.com/?continue=https://kiboengage.cloudkibo.com"): Navigate to 'https://accounts.cloudkibo.com/?continue=https://kiboengage.cloudkibo.com' successfully

2019-04-16 14:15:29 - [MESSAGE][PASSED] - Navigate to 'https://accounts.cloudkibo.com/?continue=https://kiboengage.cloudkibo.com' successfully

2019-04-16 14:15:29 - [TEST_STEP][PASSED] - click(findTestObject("Page_KiboPush/a_Login (9) (1)")): Object: 'Object Repository/Page_KiboPush/a_Login (9) (1)' is clicked on

2019-04-16 14:15:30 - [MESSAGE][PASSED] - Object: 'Object Repository/Page_KiboPush/a_Login (9) (1)' is clicked on

2019-04-16 14:15:30 - [TEST_STEP][PASSED] - setText(findTestObject("Page_KiboPush/input_email (10) (1)"), "individual@cloudkibo.com"): Text 'individual@cloudkibo.com' is set on object 'Object Repository/Page_KiboPush/input_email (10) (1)'

2019-04-16 14:15:31 - [MESSAGE][PASSED] - Text 'individual@cloudkibo.com' is set on object 'Object Repository/Page_KiboPush/input_email (10) (1)'

2019-04-16 14:15:31 - [TEST_STEP][PASSED] - setEncryptedText(findTestObject("Page_KiboPush/input_password (9) (1)"), "RigbBhfdqOBGNlJIWM1ClA=="): Text ****** has been set on object 'Object Repository/Page_KiboPush/input_password (9) (1)'

2019-04-16 14:15:31 - [MESSAGE][PASSED] - Text ****** has been set on object 'Object Repository/Page_KiboPush/input_password (9) (1)'

2019-04-16 14:15:31 - [TEST_STEP][PASSED] - click(findTestObject("Page_KiboPush/button_Sign In (10) (1)")): Object: 'Object Repository/Page_KiboPush/button_Sign In (10) (1)' is clicked on

2019-04-16 14:15:31 - [MESSAGE][PASSED] - Object: 'Object Repository/Page_KiboPush/button_Sign In (10) (1)' is clicked on

2019-04-16 14:15:31 - [TEST_STEP][PASSED] - navigateToUrl("https://kiboengage.cloudkibo.com/dashboard"): Navigate to 'https://kiboengage.cloudkibo.com/dashboard' successfully

2019-04-16 14:15:51 - [MESSAGE][PASSED] - Navigate to 'https://kiboengage.cloudkibo.com/dashboard' successfully

2019-04-16 14:15:51 - [TEST_STEP][PASSED] - click(findTestObject("Object Repository/Page_KiboPush  Dashboard/h3_Dashboard (57)")): Object: 'Object Repository/Page_KiboPush  Dashboard/h3_Dashboard (57)' is clicked on

2019-04-16 14:15:51 - [MESSAGE][PASSED] - Object: 'Object Repository/Page_KiboPush  Dashboard/h3_Dashboard (57)' is clicked on

2019-04-16 14:15:51 - [TEST_STEP][PASSED] - delay(3): Delayed 3 second(s)

2019-04-16 14:15:54 - [MESSAGE][PASSED] - Delayed 3 second(s)

2019-04-16 14:15:54 - [MESSAGE][PASSED] - Call Test Case 'Test Cases/s-sidebar_navigation/individualAccount/Login-KiboEngage' successfully

2019-04-16 14:15:54 - [MESSAGE][PASSED] - Call Test Case 'Test Cases/Header TestCases/Login' successfully]]></system-out>
         <system-err><![CDATA[]]></system-err>
      </testcase>
      <testcase name="Test Cases/Test cases x/Header TestCases/Login" classname="Test Cases/Test cases x/Header TestCases/Login" status="PASSED">
         <system-out><![CDATA[2019-04-16 14:15:54 - [TEST_CASE][PASSED] - Test Cases/Test cases x/Header TestCases/Login: Test Cases/Test cases x/Header TestCases/Login

2019-04-16 14:15:54 - [TEST_STEP][PASSED] - callTestCase(findTestCase("s-sidebar_navigation/individualAccount/Login_Muzamil - Staging"), [:], STOP_ON_FAILURE): Call Test Case 'Test Cases/s-sidebar_navigation/individualAccount/Login_Muzamil - Staging' successfully

2019-04-16 14:15:54 - [TEST_CASE][PASSED] - Test Cases/s-sidebar_navigation/individualAccount/Login_Muzamil - Staging: Test Cases/s-sidebar_navigation/individualAccount/Login_Muzamil - Staging

2019-04-16 14:15:54 - [TEST_STEP][PASSED] - openBrowser(""): Browser is opened with url: ''

2019-04-16 14:15:54 - [MESSAGE][WARNING] - A browser is already opened. Closing browser and opening a new one

2019-04-16 14:15:54 - [MESSAGE][INFO] - Starting 'Chrome' driver

2019-04-16 14:15:55 - [MESSAGE][PASSED] - Browser is opened with url: ''

2019-04-16 14:15:55 - [TEST_STEP][PASSED] - maximizeWindow(): Current window maximized

2019-04-16 14:15:55 - [MESSAGE][PASSED] - Current window maximized

2019-04-16 14:15:55 - [TEST_STEP][PASSED] - navigateToUrl("https://saccounts.cloudkibo.com/?continue=https://skiboengage.cloudkibo.com"): Navigate to 'https://saccounts.cloudkibo.com/?continue=https://skiboengage.cloudkibo.com' successfully

2019-04-16 14:16:06 - [MESSAGE][PASSED] - Navigate to 'https://saccounts.cloudkibo.com/?continue=https://skiboengage.cloudkibo.com' successfully

2019-04-16 14:16:06 - [TEST_STEP][PASSED] - delay(2): Delayed 2 second(s)

2019-04-16 14:16:08 - [MESSAGE][PASSED] - Delayed 2 second(s)

2019-04-16 14:16:08 - [TEST_STEP][PASSED] - click(findTestObject("Page_CloudKibo/a_Login (4)")): Object: 'Object Repository/Page_CloudKibo/a_Login (4)' is clicked on

2019-04-16 14:16:09 - [MESSAGE][PASSED] - Object: 'Object Repository/Page_CloudKibo/a_Login (4)' is clicked on

2019-04-16 14:16:09 - [TEST_STEP][PASSED] - setText(findTestObject("Page_CloudKibo/input_Sign In_email (3)"), "muzamil.bukhari.39@gmail.com"): Text 'muzamil.bukhari.39@gmail.com' is set on object 'Object Repository/Page_CloudKibo/input_Sign In_email (3)'

2019-04-16 14:16:09 - [MESSAGE][PASSED] - Text 'muzamil.bukhari.39@gmail.com' is set on object 'Object Repository/Page_CloudKibo/input_Sign In_email (3)'

2019-04-16 14:16:09 - [TEST_STEP][PASSED] - setEncryptedText(findTestObject("Page_CloudKibo/input_Sign In_password (3)"), "ZOMPkeJIpHVS6OGLcNHjig=="): Text ****** has been set on object 'Object Repository/Page_CloudKibo/input_Sign In_password (3)'

2019-04-16 14:16:10 - [MESSAGE][PASSED] - Text ****** has been set on object 'Object Repository/Page_CloudKibo/input_Sign In_password (3)'

2019-04-16 14:16:10 - [TEST_STEP][PASSED] - click(findTestObject("Page_CloudKibo/button_Sign In (7)")): Object: 'Object Repository/Page_CloudKibo/button_Sign In (7)' is clicked on

2019-04-16 14:16:10 - [MESSAGE][PASSED] - Object: 'Object Repository/Page_CloudKibo/button_Sign In (7)' is clicked on

2019-04-16 14:16:10 - [TEST_STEP][PASSED] - click(findTestObject("Page_KiboEngage  Dashboard/h4_KIBOPUSH (2)")): Object: 'Object Repository/Page_KiboEngage  Dashboard/h4_KIBOPUSH (2)' is clicked on

2019-04-16 14:16:33 - [MESSAGE][PASSED] - Object: 'Object Repository/Page_KiboEngage  Dashboard/h4_KIBOPUSH (2)' is clicked on

2019-04-16 14:16:33 - [MESSAGE][PASSED] - Call Test Case 'Test Cases/s-sidebar_navigation/individualAccount/Login_Muzamil - Staging' successfully]]></system-out>
         <system-err><![CDATA[]]></system-err>
      </testcase>
      <testcase name="Test Cases/Test cases x/Header TestCases/TC0099" classname="Test Cases/Test cases x/Header TestCases/TC0099" status="PASSED">
         <system-out><![CDATA[2019-04-16 14:16:33 - [TEST_CASE][PASSED] - Test Cases/Test cases x/Header TestCases/TC0099: Test Cases/Test cases x/Header TestCases/TC0099

2019-04-16 14:16:33 - [TEST_STEP][PASSED] - callTestCase(findTestCase("Header TestCases/Login"), [:], STOP_ON_FAILURE): Call Test Case 'Test Cases/Header TestCases/Login' successfully

2019-04-16 14:16:33 - [TEST_CASE][PASSED] - Test Cases/Header TestCases/Login: Test Cases/Header TestCases/Login

2019-04-16 14:16:33 - [TEST_STEP][PASSED] - callTestCase(findTestCase("s-sidebar_navigation/individualAccount/Login-KiboEngage"), [:], STOP_ON_FAILURE): Call Test Case 'Test Cases/s-sidebar_navigation/individualAccount/Login-KiboEngage' successfully

2019-04-16 14:16:33 - [TEST_CASE][PASSED] - Test Cases/s-sidebar_navigation/individualAccount/Login-KiboEngage: Test Cases/s-sidebar_navigation/individualAccount/Login-KiboEngage

2019-04-16 14:16:33 - [TEST_STEP][PASSED] - openBrowser(""): Browser is opened with url: ''

2019-04-16 14:16:33 - [MESSAGE][WARNING] - A browser is already opened. Closing browser and opening a new one

2019-04-16 14:16:33 - [MESSAGE][INFO] - Starting 'Chrome' driver

2019-04-16 14:16:34 - [MESSAGE][PASSED] - Browser is opened with url: ''

2019-04-16 14:16:34 - [TEST_STEP][PASSED] - maximizeWindow(): Current window maximized

2019-04-16 14:16:34 - [MESSAGE][PASSED] - Current window maximized

2019-04-16 14:16:34 - [TEST_STEP][PASSED] - navigateToUrl("https://kiboengage.cloudkibo.com/"): Navigate to 'https://kiboengage.cloudkibo.com/' successfully

2019-04-16 14:16:47 - [MESSAGE][PASSED] - Navigate to 'https://kiboengage.cloudkibo.com/' successfully

2019-04-16 14:16:47 - [TEST_STEP][PASSED] - navigateToUrl("https://accounts.cloudkibo.com/?continue=https://kiboengage.cloudkibo.com"): Navigate to 'https://accounts.cloudkibo.com/?continue=https://kiboengage.cloudkibo.com' successfully

2019-04-16 14:16:47 - [MESSAGE][PASSED] - Navigate to 'https://accounts.cloudkibo.com/?continue=https://kiboengage.cloudkibo.com' successfully

2019-04-16 14:16:47 - [TEST_STEP][PASSED] - click(findTestObject("Page_KiboPush/a_Login (9) (1)")): Object: 'Object Repository/Page_KiboPush/a_Login (9) (1)' is clicked on

2019-04-16 14:16:48 - [MESSAGE][PASSED] - Object: 'Object Repository/Page_KiboPush/a_Login (9) (1)' is clicked on

2019-04-16 14:16:48 - [TEST_STEP][PASSED] - setText(findTestObject("Page_KiboPush/input_email (10) (1)"), "individual@cloudkibo.com"): Text 'individual@cloudkibo.com' is set on object 'Object Repository/Page_KiboPush/input_email (10) (1)'

2019-04-16 14:16:48 - [MESSAGE][PASSED] - Text 'individual@cloudkibo.com' is set on object 'Object Repository/Page_KiboPush/input_email (10) (1)'

2019-04-16 14:16:48 - [TEST_STEP][PASSED] - setEncryptedText(findTestObject("Page_KiboPush/input_password (9) (1)"), "RigbBhfdqOBGNlJIWM1ClA=="): Text ****** has been set on object 'Object Repository/Page_KiboPush/input_password (9) (1)'

2019-04-16 14:16:49 - [MESSAGE][PASSED] - Text ****** has been set on object 'Object Repository/Page_KiboPush/input_password (9) (1)'

2019-04-16 14:16:49 - [TEST_STEP][PASSED] - click(findTestObject("Page_KiboPush/button_Sign In (10) (1)")): Object: 'Object Repository/Page_KiboPush/button_Sign In (10) (1)' is clicked on

2019-04-16 14:16:49 - [MESSAGE][PASSED] - Object: 'Object Repository/Page_KiboPush/button_Sign In (10) (1)' is clicked on

2019-04-16 14:16:49 - [TEST_STEP][PASSED] - navigateToUrl("https://kiboengage.cloudkibo.com/dashboard"): Navigate to 'https://kiboengage.cloudkibo.com/dashboard' successfully

2019-04-16 14:17:49 - [MESSAGE][PASSED] - Navigate to 'https://kiboengage.cloudkibo.com/dashboard' successfully

2019-04-16 14:17:49 - [TEST_STEP][PASSED] - click(findTestObject("Object Repository/Page_KiboPush  Dashboard/h3_Dashboard (57)")): Object: 'Object Repository/Page_KiboPush  Dashboard/h3_Dashboard (57)' is clicked on

2019-04-16 14:17:49 - [MESSAGE][PASSED] - Object: 'Object Repository/Page_KiboPush  Dashboard/h3_Dashboard (57)' is clicked on

2019-04-16 14:17:49 - [TEST_STEP][PASSED] - delay(3): Delayed 3 second(s)

2019-04-16 14:17:52 - [MESSAGE][PASSED] - Delayed 3 second(s)

2019-04-16 14:17:52 - [MESSAGE][PASSED] - Call Test Case 'Test Cases/s-sidebar_navigation/individualAccount/Login-KiboEngage' successfully

2019-04-16 14:17:52 - [MESSAGE][PASSED] - Call Test Case 'Test Cases/Header TestCases/Login' successfully]]></system-out>
         <system-err><![CDATA[]]></system-err>
      </testcase>
      <testcase name="Test Cases/Test cases x/Header TestCases/TC0091" classname="Test Cases/Test cases x/Header TestCases/TC0091" status="PASSED">
         <system-out><![CDATA[2019-04-16 14:17:52 - [TEST_CASE][PASSED] - Test Cases/Test cases x/Header TestCases/TC0091: Test Cases/Test cases x/Header TestCases/TC0091

2019-04-16 14:17:52 - [TEST_STEP][PASSED] - callTestCase(findTestCase("Header TestCases/TC0090"), [:], STOP_ON_FAILURE): Call Test Case 'Test Cases/Header TestCases/TC0090' successfully

2019-04-16 14:17:52 - [TEST_CASE][PASSED] - Test Cases/Header TestCases/TC0090: Test Cases/Header TestCases/TC0090

2019-04-16 14:17:52 - [TEST_STEP][PASSED] - callTestCase(findTestCase("Header TestCases/Login"), [:], STOP_ON_FAILURE): Call Test Case 'Test Cases/Header TestCases/Login' successfully

2019-04-16 14:17:52 - [TEST_CASE][PASSED] - Test Cases/Header TestCases/Login: Test Cases/Header TestCases/Login

2019-04-16 14:17:52 - [TEST_STEP][PASSED] - callTestCase(findTestCase("s-sidebar_navigation/individualAccount/Login-KiboEngage"), [:], STOP_ON_FAILURE): Call Test Case 'Test Cases/s-sidebar_navigation/individualAccount/Login-KiboEngage' successfully

2019-04-16 14:17:52 - [TEST_CASE][PASSED] - Test Cases/s-sidebar_navigation/individualAccount/Login-KiboEngage: Test Cases/s-sidebar_navigation/individualAccount/Login-KiboEngage

2019-04-16 14:17:52 - [TEST_STEP][PASSED] - openBrowser(""): Browser is opened with url: ''

2019-04-16 14:17:52 - [MESSAGE][WARNING] - A browser is already opened. Closing browser and opening a new one

2019-04-16 14:17:52 - [MESSAGE][INFO] - Starting 'Chrome' driver

2019-04-16 14:17:53 - [MESSAGE][PASSED] - Browser is opened with url: ''

2019-04-16 14:17:53 - [TEST_STEP][PASSED] - maximizeWindow(): Current window maximized

2019-04-16 14:17:53 - [MESSAGE][PASSED] - Current window maximized

2019-04-16 14:17:53 - [TEST_STEP][PASSED] - navigateToUrl("https://kiboengage.cloudkibo.com/"): Navigate to 'https://kiboengage.cloudkibo.com/' successfully

2019-04-16 14:18:06 - [MESSAGE][PASSED] - Navigate to 'https://kiboengage.cloudkibo.com/' successfully

2019-04-16 14:18:06 - [TEST_STEP][PASSED] - navigateToUrl("https://accounts.cloudkibo.com/?continue=https://kiboengage.cloudkibo.com"): Navigate to 'https://accounts.cloudkibo.com/?continue=https://kiboengage.cloudkibo.com' successfully

2019-04-16 14:18:06 - [MESSAGE][PASSED] - Navigate to 'https://accounts.cloudkibo.com/?continue=https://kiboengage.cloudkibo.com' successfully

2019-04-16 14:18:06 - [TEST_STEP][PASSED] - click(findTestObject("Page_KiboPush/a_Login (9) (1)")): Object: 'Object Repository/Page_KiboPush/a_Login (9) (1)' is clicked on

2019-04-16 14:18:07 - [MESSAGE][PASSED] - Object: 'Object Repository/Page_KiboPush/a_Login (9) (1)' is clicked on

2019-04-16 14:18:07 - [TEST_STEP][PASSED] - setText(findTestObject("Page_KiboPush/input_email (10) (1)"), "individual@cloudkibo.com"): Text 'individual@cloudkibo.com' is set on object 'Object Repository/Page_KiboPush/input_email (10) (1)'

2019-04-16 14:18:07 - [MESSAGE][PASSED] - Text 'individual@cloudkibo.com' is set on object 'Object Repository/Page_KiboPush/input_email (10) (1)'

2019-04-16 14:18:07 - [TEST_STEP][PASSED] - setEncryptedText(findTestObject("Page_KiboPush/input_password (9) (1)"), "RigbBhfdqOBGNlJIWM1ClA=="): Text ****** has been set on object 'Object Repository/Page_KiboPush/input_password (9) (1)'

2019-04-16 14:18:08 - [MESSAGE][PASSED] - Text ****** has been set on object 'Object Repository/Page_KiboPush/input_password (9) (1)'

2019-04-16 14:18:08 - [TEST_STEP][PASSED] - click(findTestObject("Page_KiboPush/button_Sign In (10) (1)")): Object: 'Object Repository/Page_KiboPush/button_Sign In (10) (1)' is clicked on

2019-04-16 14:18:08 - [MESSAGE][PASSED] - Object: 'Object Repository/Page_KiboPush/button_Sign In (10) (1)' is clicked on

2019-04-16 14:18:08 - [TEST_STEP][PASSED] - navigateToUrl("https://kiboengage.cloudkibo.com/dashboard"): Navigate to 'https://kiboengage.cloudkibo.com/dashboard' successfully

2019-04-16 14:18:21 - [MESSAGE][PASSED] - Navigate to 'https://kiboengage.cloudkibo.com/dashboard' successfully

2019-04-16 14:18:21 - [TEST_STEP][PASSED] - click(findTestObject("Object Repository/Page_KiboPush  Dashboard/h3_Dashboard (57)")): Object: 'Object Repository/Page_KiboPush  Dashboard/h3_Dashboard (57)' is clicked on

2019-04-16 14:18:21 - [MESSAGE][PASSED] - Object: 'Object Repository/Page_KiboPush  Dashboard/h3_Dashboard (57)' is clicked on

2019-04-16 14:18:21 - [TEST_STEP][PASSED] - delay(3): Delayed 3 second(s)

2019-04-16 14:18:24 - [MESSAGE][PASSED] - Delayed 3 second(s)

2019-04-16 14:18:24 - [MESSAGE][PASSED] - Call Test Case 'Test Cases/s-sidebar_navigation/individualAccount/Login-KiboEngage' successfully

2019-04-16 14:18:24 - [MESSAGE][PASSED] - Call Test Case 'Test Cases/Header TestCases/Login' successfully

2019-04-16 14:18:24 - [TEST_STEP][PASSED] - click(findTestObject("Object Repository/Page_KiboPush  Dashboard/span_m-nav__link-icon (1)")): Object: 'Object Repository/Page_KiboPush  Dashboard/span_m-nav__link-icon (1)' is clicked on

2019-04-16 14:18:24 - [MESSAGE][PASSED] - Object: 'Object Repository/Page_KiboPush  Dashboard/span_m-nav__link-icon (1)' is clicked on

2019-04-16 14:18:24 - [TEST_STEP][PASSED] - click(findTestObject("Object Repository/Page_KiboPush  Dashboard/span_Send New Broadcast")): Object: 'Object Repository/Page_KiboPush  Dashboard/span_Send New Broadcast' is clicked on

2019-04-16 14:18:25 - [MESSAGE][PASSED] - Object: 'Object Repository/Page_KiboPush  Dashboard/span_Send New Broadcast' is clicked on

2019-04-16 14:18:25 - [TEST_STEP][PASSED] - click(findTestObject("Page_KiboPush  Broadcast/h3_Manage Broadcasts")): Object: 'Object Repository/Page_KiboPush  Broadcast/h3_Manage Broadcasts' is clicked on

2019-04-16 14:18:25 - [MESSAGE][PASSED] - Object: 'Object Repository/Page_KiboPush  Broadcast/h3_Manage Broadcasts' is clicked on

2019-04-16 14:18:25 - [MESSAGE][PASSED] - Call Test Case 'Test Cases/Header TestCases/TC0090' successfully]]></system-out>
         <system-err><![CDATA[]]></system-err>
      </testcase>
      <testcase name="Test Cases/Test cases x/Header TestCases/TC0084" classname="Test Cases/Test cases x/Header TestCases/TC0084" status="FAILED">
         <failure type="FAILED" message="Test Cases/Test cases x/Header TestCases/TC0084 FAILED.
Reason:
com.kms.katalon.core.exception.StepFailedException: Unable to click on object 'Object Repository/Page_KiboPush/button_Sign In (13)'
	at com.kms.katalon.core.webui.keyword.internal.WebUIKeywordMain.stepFailed(WebUIKeywordMain.groovy:64)
	at com.kms.katalon.core.webui.keyword.internal.WebUIKeywordMain.runKeyword(WebUIKeywordMain.groovy:26)
	at com.kms.katalon.core.webui.keyword.builtin.ClickKeyword.click(ClickKeyword.groovy:86)
	at com.kms.katalon.core.webui.keyword.builtin.ClickKeyword.execute(ClickKeyword.groovy:67)
	at com.kms.katalon.core.keyword.internal.KeywordExecutor.executeKeywordForPlatform(KeywordExecutor.groovy:56)
	at com.kms.katalon.core.webui.keyword.WebUiBuiltInKeywords.click(WebUiBuiltInKeywords.groovy:616)
	at com.kms.katalon.core.webui.keyword.WebUiBuiltInKeywords$click$2.call(Unknown Source)
	at TC0084.run(TC0084:37)
	at com.kms.katalon.core.main.ScriptEngine.run(ScriptEngine.java:194)
	at com.kms.katalon.core.main.ScriptEngine.runScriptAsRawText(ScriptEngine.java:119)
	at com.kms.katalon.core.main.TestCaseExecutor.runScript(TestCaseExecutor.java:331)
	at com.kms.katalon.core.main.TestCaseExecutor.doExecute(TestCaseExecutor.java:322)
	at com.kms.katalon.core.main.TestCaseExecutor.processExecutionPhase(TestCaseExecutor.java:301)
	at com.kms.katalon.core.main.TestCaseExecutor.accessMainPhase(TestCaseExecutor.java:293)
	at com.kms.katalon.core.main.TestCaseExecutor.execute(TestCaseExecutor.java:227)
	at com.kms.katalon.core.main.TestSuiteExecutor.accessTestCaseMainPhase(TestSuiteExecutor.java:129)
	at com.kms.katalon.core.main.TestSuiteExecutor.accessTestSuiteMainPhase(TestSuiteExecutor.java:112)
	at com.kms.katalon.core.main.TestSuiteExecutor.execute(TestSuiteExecutor.java:81)
	at com.kms.katalon.core.main.TestCaseMain.startTestSuite(TestCaseMain.java:157)
	at com.kms.katalon.core.main.TestCaseMain$startTestSuite$0.call(Unknown Source)
	at TempTestSuite1555405543194.run(TempTestSuite1555405543194.groovy:35)
Caused by: com.kms.katalon.core.webui.exception.WebElementNotFoundException: Web element with id: 'Object Repository/Page_KiboPush/button_Sign In (13)' located by 'By.xpath: //button[@id = 'm_login_signin_submit' and (text() = '
                                        Sign In
                                    ' or . = '
                                        Sign In
                                    ')]' not found
	at com.kms.katalon.core.webui.common.WebUiCommonHelper.findWebElement(WebUiCommonHelper.java:1053)
	at com.kms.katalon.core.webui.keyword.internal.WebUIAbstractKeyword.findWebElement(WebUIAbstractKeyword.groovy:27)
	at com.kms.katalon.core.webui.keyword.internal.WebUIAbstractKeyword.findWebElement(WebUIAbstractKeyword.groovy:26)
	at com.kms.katalon.core.webui.keyword.builtin.ClickKeyword$_click_closure1.doCall(ClickKeyword.groovy:77)
	at com.kms.katalon.core.webui.keyword.builtin.ClickKeyword$_click_closure1.call(ClickKeyword.groovy)
	at com.kms.katalon.core.webui.keyword.internal.WebUIKeywordMain.runKeyword(WebUIKeywordMain.groovy:20)
	at com.kms.katalon.core.webui.keyword.builtin.ClickKeyword.click(ClickKeyword.groovy:86)
	at com.kms.katalon.core.webui.keyword.builtin.ClickKeyword.execute(ClickKeyword.groovy:67)
	at com.kms.katalon.core.keyword.internal.KeywordExecutor.executeKeywordForPlatform(KeywordExecutor.groovy:56)
	at com.kms.katalon.core.webui.keyword.WebUiBuiltInKeywords.click(WebUiBuiltInKeywords.groovy:616)
	at com.kms.katalon.core.webui.keyword.WebUiBuiltInKeywords$click$2.call(Unknown Source)
	at Script1555055014134.run(Script1555055014134.groovy:37)
	... 13 more
"/>
         <system-out><![CDATA[2019-04-16 14:18:25 - [TEST_CASE][FAILED] - Test Cases/Test cases x/Header TestCases/TC0084: Test Cases/Test cases x/Header TestCases/TC0084 FAILED.
Reason:
com.kms.katalon.core.exception.StepFailedException: Unable to click on object 'Object Repository/Page_KiboPush/button_Sign In (13)'
	at com.kms.katalon.core.webui.keyword.internal.WebUIKeywordMain.stepFailed(WebUIKeywordMain.groovy:64)
	at com.kms.katalon.core.webui.keyword.internal.WebUIKeywordMain.runKeyword(WebUIKeywordMain.groovy:26)
	at com.kms.katalon.core.webui.keyword.builtin.ClickKeyword.click(ClickKeyword.groovy:86)
	at com.kms.katalon.core.webui.keyword.builtin.ClickKeyword.execute(ClickKeyword.groovy:67)
	at com.kms.katalon.core.keyword.internal.KeywordExecutor.executeKeywordForPlatform(KeywordExecutor.groovy:56)
	at com.kms.katalon.core.webui.keyword.WebUiBuiltInKeywords.click(WebUiBuiltInKeywords.groovy:616)
	at com.kms.katalon.core.webui.keyword.WebUiBuiltInKeywords$click$2.call(Unknown Source)
	at TC0084.run(TC0084:37)
	at com.kms.katalon.core.main.ScriptEngine.run(ScriptEngine.java:194)
	at com.kms.katalon.core.main.ScriptEngine.runScriptAsRawText(ScriptEngine.java:119)
	at com.kms.katalon.core.main.TestCaseExecutor.runScript(TestCaseExecutor.java:331)
	at com.kms.katalon.core.main.TestCaseExecutor.doExecute(TestCaseExecutor.java:322)
	at com.kms.katalon.core.main.TestCaseExecutor.processExecutionPhase(TestCaseExecutor.java:301)
	at com.kms.katalon.core.main.TestCaseExecutor.accessMainPhase(TestCaseExecutor.java:293)
	at com.kms.katalon.core.main.TestCaseExecutor.execute(TestCaseExecutor.java:227)
	at com.kms.katalon.core.main.TestSuiteExecutor.accessTestCaseMainPhase(TestSuiteExecutor.java:129)
	at com.kms.katalon.core.main.TestSuiteExecutor.accessTestSuiteMainPhase(TestSuiteExecutor.java:112)
	at com.kms.katalon.core.main.TestSuiteExecutor.execute(TestSuiteExecutor.java:81)
	at com.kms.katalon.core.main.TestCaseMain.startTestSuite(TestCaseMain.java:157)
	at com.kms.katalon.core.main.TestCaseMain$startTestSuite$0.call(Unknown Source)
	at TempTestSuite1555405543194.run(TempTestSuite1555405543194.groovy:35)
Caused by: com.kms.katalon.core.webui.exception.WebElementNotFoundException: Web element with id: 'Object Repository/Page_KiboPush/button_Sign In (13)' located by 'By.xpath: //button[@id = 'm_login_signin_submit' and (text() = '
                                        Sign In
                                    ' or . = '
                                        Sign In
                                    ')]' not found
	at com.kms.katalon.core.webui.common.WebUiCommonHelper.findWebElement(WebUiCommonHelper.java:1053)
	at com.kms.katalon.core.webui.keyword.internal.WebUIAbstractKeyword.findWebElement(WebUIAbstractKeyword.groovy:27)
	at com.kms.katalon.core.webui.keyword.internal.WebUIAbstractKeyword.findWebElement(WebUIAbstractKeyword.groovy:26)
	at com.kms.katalon.core.webui.keyword.builtin.ClickKeyword$_click_closure1.doCall(ClickKeyword.groovy:77)
	at com.kms.katalon.core.webui.keyword.builtin.ClickKeyword$_click_closure1.call(ClickKeyword.groovy)
	at com.kms.katalon.core.webui.keyword.internal.WebUIKeywordMain.runKeyword(WebUIKeywordMain.groovy:20)
	at com.kms.katalon.core.webui.keyword.builtin.ClickKeyword.click(ClickKeyword.groovy:86)
	at com.kms.katalon.core.webui.keyword.builtin.ClickKeyword.execute(ClickKeyword.groovy:67)
	at com.kms.katalon.core.keyword.internal.KeywordExecutor.executeKeywordForPlatform(KeywordExecutor.groovy:56)
	at com.kms.katalon.core.webui.keyword.WebUiBuiltInKeywords.click(WebUiBuiltInKeywords.groovy:616)
	at com.kms.katalon.core.webui.keyword.WebUiBuiltInKeywords$click$2.call(Unknown Source)
	at Script1555055014134.run(Script1555055014134.groovy:37)
	... 13 more


2019-04-16 14:18:25 - [TEST_STEP][PASSED] - openBrowser(""): Browser is opened with url: ''

2019-04-16 14:18:25 - [MESSAGE][WARNING] - A browser is already opened. Closing browser and opening a new one

2019-04-16 14:18:25 - [MESSAGE][INFO] - Starting 'Chrome' driver

2019-04-16 14:18:25 - [MESSAGE][PASSED] - Browser is opened with url: ''

2019-04-16 14:18:25 - [TEST_STEP][PASSED] - maximizeWindow(): Current window maximized

2019-04-16 14:18:26 - [MESSAGE][PASSED] - Current window maximized

2019-04-16 14:18:26 - [TEST_STEP][PASSED] - navigateToUrl("https://kiboengage.cloudkibo.com/"): Navigate to 'https://kiboengage.cloudkibo.com/' successfully

2019-04-16 14:18:38 - [MESSAGE][PASSED] - Navigate to 'https://kiboengage.cloudkibo.com/' successfully

2019-04-16 14:18:38 - [TEST_STEP][PASSED] - navigateToUrl("https://accounts.cloudkibo.com/?continue=https://kiboengage.cloudkibo.com"): Navigate to 'https://accounts.cloudkibo.com/?continue=https://kiboengage.cloudkibo.com' successfully

2019-04-16 14:18:39 - [MESSAGE][PASSED] - Navigate to 'https://accounts.cloudkibo.com/?continue=https://kiboengage.cloudkibo.com' successfully

2019-04-16 14:18:39 - [TEST_STEP][PASSED] - click(findTestObject("Page_KiboPush/a_Login (12)")): Object: 'Object Repository/Page_KiboPush/a_Login (12)' is clicked on

2019-04-16 14:18:40 - [MESSAGE][PASSED] - Object: 'Object Repository/Page_KiboPush/a_Login (12)' is clicked on

2019-04-16 14:18:40 - [TEST_STEP][PASSED] - setText(findTestObject("Page_KiboPush/input_email (13)"), "team@cloudkibo.com"): Text 'team@cloudkibo.com' is set on object 'Object Repository/Page_KiboPush/input_email (13)'

2019-04-16 14:18:40 - [MESSAGE][PASSED] - Text 'team@cloudkibo.com' is set on object 'Object Repository/Page_KiboPush/input_email (13)'

2019-04-16 14:18:40 - [TEST_STEP][PASSED] - setEncryptedText(findTestObject("Page_KiboPush/input_password (12)"), "RigbBhfdqOBGNlJIWM1ClA=="): Text ****** has been set on object 'Object Repository/Page_KiboPush/input_password (12)'

2019-04-16 14:18:40 - [MESSAGE][PASSED] - Text ****** has been set on object 'Object Repository/Page_KiboPush/input_password (12)'

2019-04-16 14:18:40 - [TEST_STEP][FAILED] - click(findTestObject("Page_KiboPush/button_Sign In (13)")): click(findTestObject("Page_KiboPush/button_Sign In (13)")) FAILED.
Reason:
com.kms.katalon.core.exception.StepFailedException: Unable to click on object 'Object Repository/Page_KiboPush/button_Sign In (13)'
	at com.kms.katalon.core.webui.keyword.internal.WebUIKeywordMain.stepFailed(WebUIKeywordMain.groovy:64)
	at com.kms.katalon.core.webui.keyword.internal.WebUIKeywordMain.runKeyword(WebUIKeywordMain.groovy:26)
	at com.kms.katalon.core.webui.keyword.builtin.ClickKeyword.click(ClickKeyword.groovy:86)
	at com.kms.katalon.core.webui.keyword.builtin.ClickKeyword.execute(ClickKeyword.groovy:67)
	at com.kms.katalon.core.keyword.internal.KeywordExecutor.executeKeywordForPlatform(KeywordExecutor.groovy:56)
	at com.kms.katalon.core.webui.keyword.WebUiBuiltInKeywords.click(WebUiBuiltInKeywords.groovy:616)
	at com.kms.katalon.core.webui.keyword.WebUiBuiltInKeywords$click$2.call(Unknown Source)
	at TC0084.run(TC0084:37)
	at com.kms.katalon.core.main.ScriptEngine.run(ScriptEngine.java:194)
	at com.kms.katalon.core.main.ScriptEngine.runScriptAsRawText(ScriptEngine.java:119)
	at com.kms.katalon.core.main.TestCaseExecutor.runScript(TestCaseExecutor.java:331)
	at com.kms.katalon.core.main.TestCaseExecutor.doExecute(TestCaseExecutor.java:322)
	at com.kms.katalon.core.main.TestCaseExecutor.processExecutionPhase(TestCaseExecutor.java:301)
	at com.kms.katalon.core.main.TestCaseExecutor.accessMainPhase(TestCaseExecutor.java:293)
	at com.kms.katalon.core.main.TestCaseExecutor.execute(TestCaseExecutor.java:227)
	at com.kms.katalon.core.main.TestSuiteExecutor.accessTestCaseMainPhase(TestSuiteExecutor.java:129)
	at com.kms.katalon.core.main.TestSuiteExecutor.accessTestSuiteMainPhase(TestSuiteExecutor.java:112)
	at com.kms.katalon.core.main.TestSuiteExecutor.execute(TestSuiteExecutor.java:81)
	at com.kms.katalon.core.main.TestCaseMain.startTestSuite(TestCaseMain.java:157)
	at com.kms.katalon.core.main.TestCaseMain$startTestSuite$0.call(Unknown Source)
	at TempTestSuite1555405543194.run(TempTestSuite1555405543194.groovy:35)
Caused by: com.kms.katalon.core.webui.exception.WebElementNotFoundException: Web element with id: 'Object Repository/Page_KiboPush/button_Sign In (13)' located by 'By.xpath: //button[@id = 'm_login_signin_submit' and (text() = '
                                        Sign In
                                    ' or . = '
                                        Sign In
                                    ')]' not found
	at com.kms.katalon.core.webui.common.WebUiCommonHelper.findWebElement(WebUiCommonHelper.java:1053)
	at com.kms.katalon.core.webui.keyword.internal.WebUIAbstractKeyword.findWebElement(WebUIAbstractKeyword.groovy:27)
	at com.kms.katalon.core.webui.keyword.internal.WebUIAbstractKeyword.findWebElement(WebUIAbstractKeyword.groovy:26)
	at com.kms.katalon.core.webui.keyword.builtin.ClickKeyword$_click_closure1.doCall(ClickKeyword.groovy:77)
	at com.kms.katalon.core.webui.keyword.builtin.ClickKeyword$_click_closure1.call(ClickKeyword.groovy)
	at com.kms.katalon.core.webui.keyword.internal.WebUIKeywordMain.runKeyword(WebUIKeywordMain.groovy:20)
	at com.kms.katalon.core.webui.keyword.builtin.ClickKeyword.click(ClickKeyword.groovy:86)
	at com.kms.katalon.core.webui.keyword.builtin.ClickKeyword.execute(ClickKeyword.groovy:67)
	at com.kms.katalon.core.keyword.internal.KeywordExecutor.executeKeywordForPlatform(KeywordExecutor.groovy:56)
	at com.kms.katalon.core.webui.keyword.WebUiBuiltInKeywords.click(WebUiBuiltInKeywords.groovy:616)
	at com.kms.katalon.core.webui.keyword.WebUiBuiltInKeywords$click$2.call(Unknown Source)
	at Script1555055014134.run(Script1555055014134.groovy:37)
	... 13 more


2019-04-16 14:19:11 - [MESSAGE][INFO] - Unable to find the element located by 'By.xpath: //button[@id = 'm_login_signin_submit' and (text() = '
                                        Sign In
                                    ' or . = '
                                        Sign In
                                    ')]'. Please recheck the objects properties to make sure the desired element is located. 

2019-04-16 14:19:11 - [MESSAGE][FAILED] - Unable to click on object 'Object Repository/Page_KiboPush/button_Sign In (13)' (Root cause: com.kms.katalon.core.exception.StepFailedException: Unable to click on object 'Object Repository/Page_KiboPush/button_Sign In (13)'
	at com.kms.katalon.core.webui.keyword.internal.WebUIKeywordMain.stepFailed(WebUIKeywordMain.groovy:64)
	at com.kms.katalon.core.webui.keyword.internal.WebUIKeywordMain.runKeyword(WebUIKeywordMain.groovy:26)
	at com.kms.katalon.core.webui.keyword.builtin.ClickKeyword.click(ClickKeyword.groovy:86)
	at com.kms.katalon.core.webui.keyword.builtin.ClickKeyword.execute(ClickKeyword.groovy:67)
	at com.kms.katalon.core.keyword.internal.KeywordExecutor.executeKeywordForPlatform(KeywordExecutor.groovy:56)
	at com.kms.katalon.core.webui.keyword.WebUiBuiltInKeywords.click(WebUiBuiltInKeywords.groovy:616)
	at com.kms.katalon.core.webui.keyword.WebUiBuiltInKeywords$click$2.call(Unknown Source)
	at TC0084.run(TC0084:37)
	at com.kms.katalon.core.main.ScriptEngine.run(ScriptEngine.java:194)
	at com.kms.katalon.core.main.ScriptEngine.runScriptAsRawText(ScriptEngine.java:119)
	at com.kms.katalon.core.main.TestCaseExecutor.runScript(TestCaseExecutor.java:331)
	at com.kms.katalon.core.main.TestCaseExecutor.doExecute(TestCaseExecutor.java:322)
	at com.kms.katalon.core.main.TestCaseExecutor.processExecutionPhase(TestCaseExecutor.java:301)
	at com.kms.katalon.core.main.TestCaseExecutor.accessMainPhase(TestCaseExecutor.java:293)
	at com.kms.katalon.core.main.TestCaseExecutor.execute(TestCaseExecutor.java:227)
	at com.kms.katalon.core.main.TestSuiteExecutor.accessTestCaseMainPhase(TestSuiteExecutor.java:129)
	at com.kms.katalon.core.main.TestSuiteExecutor.accessTestSuiteMainPhase(TestSuiteExecutor.java:112)
	at com.kms.katalon.core.main.TestSuiteExecutor.execute(TestSuiteExecutor.java:81)
	at com.kms.katalon.core.main.TestCaseMain.startTestSuite(TestCaseMain.java:157)
	at com.kms.katalon.core.main.TestCaseMain$startTestSuite$0.call(Unknown Source)
	at TempTestSuite1555405543194.run(TempTestSuite1555405543194.groovy:35)
Caused by: com.kms.katalon.core.webui.exception.WebElementNotFoundException: Web element with id: 'Object Repository/Page_KiboPush/button_Sign In (13)' located by 'By.xpath: //button[@id = 'm_login_signin_submit' and (text() = '
                                        Sign In
                                    ' or . = '
                                        Sign In
                                    ')]' not found
	at com.kms.katalon.core.webui.common.WebUiCommonHelper.findWebElement(WebUiCommonHelper.java:1053)
	at com.kms.katalon.core.webui.keyword.internal.WebUIAbstractKeyword.findWebElement(WebUIAbstractKeyword.groovy:27)
	at com.kms.katalon.core.webui.keyword.internal.WebUIAbstractKeyword.findWebElement(WebUIAbstractKeyword.groovy:26)
	at com.kms.katalon.core.webui.keyword.builtin.ClickKeyword$_click_closure1.doCall(ClickKeyword.groovy:77)
	at com.kms.katalon.core.webui.keyword.builtin.ClickKeyword$_click_closure1.call(ClickKeyword.groovy)
	at com.kms.katalon.core.webui.keyword.internal.WebUIKeywordMain.runKeyword(WebUIKeywordMain.groovy:20)
	at com.kms.katalon.core.webui.keyword.builtin.ClickKeyword.click(ClickKeyword.groovy:86)
	at com.kms.katalon.core.webui.keyword.builtin.ClickKeyword.execute(ClickKeyword.groovy:67)
	at com.kms.katalon.core.keyword.internal.KeywordExecutor.executeKeywordForPlatform(KeywordExecutor.groovy:56)
	at com.kms.katalon.core.webui.keyword.WebUiBuiltInKeywords.click(WebUiBuiltInKeywords.groovy:616)
	at com.kms.katalon.core.webui.keyword.WebUiBuiltInKeywords$click$2.call(Unknown Source)
	at Script1555055014134.run(Script1555055014134.groovy:37)
	... 13 more
)
[[ATTACHMENT|/home/cloudkibo-muzamil/Downloads/Test cases/production/KiboPush/Reports/New suitesx/header/20190416_140543/1555406351602.png]]

2019-04-16 14:19:11 - [MESSAGE][FAILED] - click(findTestObject("Page_KiboPush/button_Sign In (13)")) FAILED.
Reason:
com.kms.katalon.core.exception.StepFailedException: Unable to click on object 'Object Repository/Page_KiboPush/button_Sign In (13)'
	at com.kms.katalon.core.webui.keyword.internal.WebUIKeywordMain.stepFailed(WebUIKeywordMain.groovy:64)
	at com.kms.katalon.core.webui.keyword.internal.WebUIKeywordMain.runKeyword(WebUIKeywordMain.groovy:26)
	at com.kms.katalon.core.webui.keyword.builtin.ClickKeyword.click(ClickKeyword.groovy:86)
	at com.kms.katalon.core.webui.keyword.builtin.ClickKeyword.execute(ClickKeyword.groovy:67)
	at com.kms.katalon.core.keyword.internal.KeywordExecutor.executeKeywordForPlatform(KeywordExecutor.groovy:56)
	at com.kms.katalon.core.webui.keyword.WebUiBuiltInKeywords.click(WebUiBuiltInKeywords.groovy:616)
	at com.kms.katalon.core.webui.keyword.WebUiBuiltInKeywords$click$2.call(Unknown Source)
	at TC0084.run(TC0084:37)
	at com.kms.katalon.core.main.ScriptEngine.run(ScriptEngine.java:194)
	at com.kms.katalon.core.main.ScriptEngine.runScriptAsRawText(ScriptEngine.java:119)
	at com.kms.katalon.core.main.TestCaseExecutor.runScript(TestCaseExecutor.java:331)
	at com.kms.katalon.core.main.TestCaseExecutor.doExecute(TestCaseExecutor.java:322)
	at com.kms.katalon.core.main.TestCaseExecutor.processExecutionPhase(TestCaseExecutor.java:301)
	at com.kms.katalon.core.main.TestCaseExecutor.accessMainPhase(TestCaseExecutor.java:293)
	at com.kms.katalon.core.main.TestCaseExecutor.execute(TestCaseExecutor.java:227)
	at com.kms.katalon.core.main.TestSuiteExecutor.accessTestCaseMainPhase(TestSuiteExecutor.java:129)
	at com.kms.katalon.core.main.TestSuiteExecutor.accessTestSuiteMainPhase(TestSuiteExecutor.java:112)
	at com.kms.katalon.core.main.TestSuiteExecutor.execute(TestSuiteExecutor.java:81)
	at com.kms.katalon.core.main.TestCaseMain.startTestSuite(TestCaseMain.java:157)
	at com.kms.katalon.core.main.TestCaseMain$startTestSuite$0.call(Unknown Source)
	at TempTestSuite1555405543194.run(TempTestSuite1555405543194.groovy:35)
Caused by: com.kms.katalon.core.webui.exception.WebElementNotFoundException: Web element with id: 'Object Repository/Page_KiboPush/button_Sign In (13)' located by 'By.xpath: //button[@id = 'm_login_signin_submit' and (text() = '
                                        Sign In
                                    ' or . = '
                                        Sign In
                                    ')]' not found
	at com.kms.katalon.core.webui.common.WebUiCommonHelper.findWebElement(WebUiCommonHelper.java:1053)
	at com.kms.katalon.core.webui.keyword.internal.WebUIAbstractKeyword.findWebElement(WebUIAbstractKeyword.groovy:27)
	at com.kms.katalon.core.webui.keyword.internal.WebUIAbstractKeyword.findWebElement(WebUIAbstractKeyword.groovy:26)
	at com.kms.katalon.core.webui.keyword.builtin.ClickKeyword$_click_closure1.doCall(ClickKeyword.groovy:77)
	at com.kms.katalon.core.webui.keyword.builtin.ClickKeyword$_click_closure1.call(ClickKeyword.groovy)
	at com.kms.katalon.core.webui.keyword.internal.WebUIKeywordMain.runKeyword(WebUIKeywordMain.groovy:20)
	at com.kms.katalon.core.webui.keyword.builtin.ClickKeyword.click(ClickKeyword.groovy:86)
	at com.kms.katalon.core.webui.keyword.builtin.ClickKeyword.execute(ClickKeyword.groovy:67)
	at com.kms.katalon.core.keyword.internal.KeywordExecutor.executeKeywordForPlatform(KeywordExecutor.groovy:56)
	at com.kms.katalon.core.webui.keyword.WebUiBuiltInKeywords.click(WebUiBuiltInKeywords.groovy:616)
	at com.kms.katalon.core.webui.keyword.WebUiBuiltInKeywords$click$2.call(Unknown Source)
	at Script1555055014134.run(Script1555055014134.groovy:37)
	... 13 more]]></system-out>
         <system-err><![CDATA[2019-04-16 14:18:25 - [TEST_CASE][FAILED] - Test Cases/Test cases x/Header TestCases/TC0084: Test Cases/Test cases x/Header TestCases/TC0084 FAILED.
Reason:
com.kms.katalon.core.exception.StepFailedException: Unable to click on object 'Object Repository/Page_KiboPush/button_Sign In (13)'
	at com.kms.katalon.core.webui.keyword.internal.WebUIKeywordMain.stepFailed(WebUIKeywordMain.groovy:64)
	at com.kms.katalon.core.webui.keyword.internal.WebUIKeywordMain.runKeyword(WebUIKeywordMain.groovy:26)
	at com.kms.katalon.core.webui.keyword.builtin.ClickKeyword.click(ClickKeyword.groovy:86)
	at com.kms.katalon.core.webui.keyword.builtin.ClickKeyword.execute(ClickKeyword.groovy:67)
	at com.kms.katalon.core.keyword.internal.KeywordExecutor.executeKeywordForPlatform(KeywordExecutor.groovy:56)
	at com.kms.katalon.core.webui.keyword.WebUiBuiltInKeywords.click(WebUiBuiltInKeywords.groovy:616)
	at com.kms.katalon.core.webui.keyword.WebUiBuiltInKeywords$click$2.call(Unknown Source)
	at TC0084.run(TC0084:37)
	at com.kms.katalon.core.main.ScriptEngine.run(ScriptEngine.java:194)
	at com.kms.katalon.core.main.ScriptEngine.runScriptAsRawText(ScriptEngine.java:119)
	at com.kms.katalon.core.main.TestCaseExecutor.runScript(TestCaseExecutor.java:331)
	at com.kms.katalon.core.main.TestCaseExecutor.doExecute(TestCaseExecutor.java:322)
	at com.kms.katalon.core.main.TestCaseExecutor.processExecutionPhase(TestCaseExecutor.java:301)
	at com.kms.katalon.core.main.TestCaseExecutor.accessMainPhase(TestCaseExecutor.java:293)
	at com.kms.katalon.core.main.TestCaseExecutor.execute(TestCaseExecutor.java:227)
	at com.kms.katalon.core.main.TestSuiteExecutor.accessTestCaseMainPhase(TestSuiteExecutor.java:129)
	at com.kms.katalon.core.main.TestSuiteExecutor.accessTestSuiteMainPhase(TestSuiteExecutor.java:112)
	at com.kms.katalon.core.main.TestSuiteExecutor.execute(TestSuiteExecutor.java:81)
	at com.kms.katalon.core.main.TestCaseMain.startTestSuite(TestCaseMain.java:157)
	at com.kms.katalon.core.main.TestCaseMain$startTestSuite$0.call(Unknown Source)
	at TempTestSuite1555405543194.run(TempTestSuite1555405543194.groovy:35)
Caused by: com.kms.katalon.core.webui.exception.WebElementNotFoundException: Web element with id: 'Object Repository/Page_KiboPush/button_Sign In (13)' located by 'By.xpath: //button[@id = 'm_login_signin_submit' and (text() = '
                                        Sign In
                                    ' or . = '
                                        Sign In
                                    ')]' not found
	at com.kms.katalon.core.webui.common.WebUiCommonHelper.findWebElement(WebUiCommonHelper.java:1053)
	at com.kms.katalon.core.webui.keyword.internal.WebUIAbstractKeyword.findWebElement(WebUIAbstractKeyword.groovy:27)
	at com.kms.katalon.core.webui.keyword.internal.WebUIAbstractKeyword.findWebElement(WebUIAbstractKeyword.groovy:26)
	at com.kms.katalon.core.webui.keyword.builtin.ClickKeyword$_click_closure1.doCall(ClickKeyword.groovy:77)
	at com.kms.katalon.core.webui.keyword.builtin.ClickKeyword$_click_closure1.call(ClickKeyword.groovy)
	at com.kms.katalon.core.webui.keyword.internal.WebUIKeywordMain.runKeyword(WebUIKeywordMain.groovy:20)
	at com.kms.katalon.core.webui.keyword.builtin.ClickKeyword.click(ClickKeyword.groovy:86)
	at com.kms.katalon.core.webui.keyword.builtin.ClickKeyword.execute(ClickKeyword.groovy:67)
	at com.kms.katalon.core.keyword.internal.KeywordExecutor.executeKeywordForPlatform(KeywordExecutor.groovy:56)
	at com.kms.katalon.core.webui.keyword.WebUiBuiltInKeywords.click(WebUiBuiltInKeywords.groovy:616)
	at com.kms.katalon.core.webui.keyword.WebUiBuiltInKeywords$click$2.call(Unknown Source)
	at Script1555055014134.run(Script1555055014134.groovy:37)
	... 13 more]]></system-err>
      </testcase>
      <testcase name="Test Cases/Test cases x/Header TestCases/TC0093" classname="Test Cases/Test cases x/Header TestCases/TC0093" status="PASSED">
         <system-out><![CDATA[2019-04-16 14:19:11 - [TEST_CASE][PASSED] - Test Cases/Test cases x/Header TestCases/TC0093: Test Cases/Test cases x/Header TestCases/TC0093

2019-04-16 14:19:12 - [TEST_STEP][PASSED] - callTestCase(findTestCase("Header TestCases/Login"), [:], STOP_ON_FAILURE): Call Test Case 'Test Cases/Header TestCases/Login' successfully

2019-04-16 14:19:12 - [TEST_CASE][PASSED] - Test Cases/Header TestCases/Login: Test Cases/Header TestCases/Login

2019-04-16 14:19:12 - [TEST_STEP][PASSED] - callTestCase(findTestCase("s-sidebar_navigation/individualAccount/Login-KiboEngage"), [:], STOP_ON_FAILURE): Call Test Case 'Test Cases/s-sidebar_navigation/individualAccount/Login-KiboEngage' successfully

2019-04-16 14:19:12 - [TEST_CASE][PASSED] - Test Cases/s-sidebar_navigation/individualAccount/Login-KiboEngage: Test Cases/s-sidebar_navigation/individualAccount/Login-KiboEngage

2019-04-16 14:19:12 - [TEST_STEP][PASSED] - openBrowser(""): Browser is opened with url: ''

2019-04-16 14:19:12 - [MESSAGE][WARNING] - A browser is already opened. Closing browser and opening a new one

2019-04-16 14:19:12 - [MESSAGE][INFO] - Starting 'Chrome' driver

2019-04-16 14:19:13 - [MESSAGE][PASSED] - Browser is opened with url: ''

2019-04-16 14:19:13 - [TEST_STEP][PASSED] - maximizeWindow(): Current window maximized

2019-04-16 14:19:13 - [MESSAGE][PASSED] - Current window maximized

2019-04-16 14:19:13 - [TEST_STEP][PASSED] - navigateToUrl("https://kiboengage.cloudkibo.com/"): Navigate to 'https://kiboengage.cloudkibo.com/' successfully

2019-04-16 14:19:30 - [MESSAGE][PASSED] - Navigate to 'https://kiboengage.cloudkibo.com/' successfully

2019-04-16 14:19:30 - [TEST_STEP][PASSED] - navigateToUrl("https://accounts.cloudkibo.com/?continue=https://kiboengage.cloudkibo.com"): Navigate to 'https://accounts.cloudkibo.com/?continue=https://kiboengage.cloudkibo.com' successfully

2019-04-16 14:19:30 - [MESSAGE][PASSED] - Navigate to 'https://accounts.cloudkibo.com/?continue=https://kiboengage.cloudkibo.com' successfully

2019-04-16 14:19:30 - [TEST_STEP][PASSED] - click(findTestObject("Page_KiboPush/a_Login (9) (1)")): Object: 'Object Repository/Page_KiboPush/a_Login (9) (1)' is clicked on

2019-04-16 14:19:31 - [MESSAGE][PASSED] - Object: 'Object Repository/Page_KiboPush/a_Login (9) (1)' is clicked on

2019-04-16 14:19:31 - [TEST_STEP][PASSED] - setText(findTestObject("Page_KiboPush/input_email (10) (1)"), "individual@cloudkibo.com"): Text 'individual@cloudkibo.com' is set on object 'Object Repository/Page_KiboPush/input_email (10) (1)'

2019-04-16 14:19:31 - [MESSAGE][PASSED] - Text 'individual@cloudkibo.com' is set on object 'Object Repository/Page_KiboPush/input_email (10) (1)'

2019-04-16 14:19:31 - [TEST_STEP][PASSED] - setEncryptedText(findTestObject("Page_KiboPush/input_password (9) (1)"), "RigbBhfdqOBGNlJIWM1ClA=="): Text ****** has been set on object 'Object Repository/Page_KiboPush/input_password (9) (1)'

2019-04-16 14:19:32 - [MESSAGE][PASSED] - Text ****** has been set on object 'Object Repository/Page_KiboPush/input_password (9) (1)'

2019-04-16 14:19:32 - [TEST_STEP][PASSED] - click(findTestObject("Page_KiboPush/button_Sign In (10) (1)")): Object: 'Object Repository/Page_KiboPush/button_Sign In (10) (1)' is clicked on

2019-04-16 14:19:32 - [MESSAGE][PASSED] - Object: 'Object Repository/Page_KiboPush/button_Sign In (10) (1)' is clicked on

2019-04-16 14:19:32 - [TEST_STEP][PASSED] - navigateToUrl("https://kiboengage.cloudkibo.com/dashboard"): Navigate to 'https://kiboengage.cloudkibo.com/dashboard' successfully

2019-04-16 14:20:30 - [MESSAGE][PASSED] - Navigate to 'https://kiboengage.cloudkibo.com/dashboard' successfully

2019-04-16 14:20:30 - [TEST_STEP][PASSED] - click(findTestObject("Object Repository/Page_KiboPush  Dashboard/h3_Dashboard (57)")): Object: 'Object Repository/Page_KiboPush  Dashboard/h3_Dashboard (57)' is clicked on

2019-04-16 14:20:31 - [MESSAGE][PASSED] - Object: 'Object Repository/Page_KiboPush  Dashboard/h3_Dashboard (57)' is clicked on

2019-04-16 14:20:31 - [TEST_STEP][PASSED] - delay(3): Delayed 3 second(s)

2019-04-16 14:20:34 - [MESSAGE][PASSED] - Delayed 3 second(s)

2019-04-16 14:20:34 - [MESSAGE][PASSED] - Call Test Case 'Test Cases/s-sidebar_navigation/individualAccount/Login-KiboEngage' successfully

2019-04-16 14:20:34 - [MESSAGE][PASSED] - Call Test Case 'Test Cases/Header TestCases/Login' successfully]]></system-out>
         <system-err><![CDATA[]]></system-err>
      </testcase>
      <testcase name="Test Cases/Test cases x/Header TestCases/TC0097" classname="Test Cases/Test cases x/Header TestCases/TC0097" status="PASSED">
         <system-out><![CDATA[2019-04-16 14:20:34 - [TEST_CASE][PASSED] - Test Cases/Test cases x/Header TestCases/TC0097: Test Cases/Test cases x/Header TestCases/TC0097

2019-04-16 14:20:34 - [TEST_STEP][PASSED] - callTestCase(findTestCase("Header TestCases/Login"), [:], STOP_ON_FAILURE): Call Test Case 'Test Cases/Header TestCases/Login' successfully

2019-04-16 14:20:34 - [TEST_CASE][PASSED] - Test Cases/Header TestCases/Login: Test Cases/Header TestCases/Login

2019-04-16 14:20:34 - [TEST_STEP][PASSED] - callTestCase(findTestCase("s-sidebar_navigation/individualAccount/Login-KiboEngage"), [:], STOP_ON_FAILURE): Call Test Case 'Test Cases/s-sidebar_navigation/individualAccount/Login-KiboEngage' successfully

2019-04-16 14:20:34 - [TEST_CASE][PASSED] - Test Cases/s-sidebar_navigation/individualAccount/Login-KiboEngage: Test Cases/s-sidebar_navigation/individualAccount/Login-KiboEngage

2019-04-16 14:20:34 - [TEST_STEP][PASSED] - openBrowser(""): Browser is opened with url: ''

2019-04-16 14:20:34 - [MESSAGE][WARNING] - A browser is already opened. Closing browser and opening a new one

2019-04-16 14:20:34 - [MESSAGE][INFO] - Starting 'Chrome' driver

2019-04-16 14:20:34 - [MESSAGE][PASSED] - Browser is opened with url: ''

2019-04-16 14:20:34 - [TEST_STEP][PASSED] - maximizeWindow(): Current window maximized

2019-04-16 14:20:35 - [MESSAGE][PASSED] - Current window maximized

2019-04-16 14:20:35 - [TEST_STEP][PASSED] - navigateToUrl("https://kiboengage.cloudkibo.com/"): Navigate to 'https://kiboengage.cloudkibo.com/' successfully

2019-04-16 14:20:46 - [MESSAGE][PASSED] - Navigate to 'https://kiboengage.cloudkibo.com/' successfully

2019-04-16 14:20:46 - [TEST_STEP][PASSED] - navigateToUrl("https://accounts.cloudkibo.com/?continue=https://kiboengage.cloudkibo.com"): Navigate to 'https://accounts.cloudkibo.com/?continue=https://kiboengage.cloudkibo.com' successfully

2019-04-16 14:20:47 - [MESSAGE][PASSED] - Navigate to 'https://accounts.cloudkibo.com/?continue=https://kiboengage.cloudkibo.com' successfully

2019-04-16 14:20:47 - [TEST_STEP][PASSED] - click(findTestObject("Page_KiboPush/a_Login (9) (1)")): Object: 'Object Repository/Page_KiboPush/a_Login (9) (1)' is clicked on

2019-04-16 14:20:47 - [MESSAGE][PASSED] - Object: 'Object Repository/Page_KiboPush/a_Login (9) (1)' is clicked on

2019-04-16 14:20:47 - [TEST_STEP][PASSED] - setText(findTestObject("Page_KiboPush/input_email (10) (1)"), "individual@cloudkibo.com"): Text 'individual@cloudkibo.com' is set on object 'Object Repository/Page_KiboPush/input_email (10) (1)'

2019-04-16 14:20:48 - [MESSAGE][PASSED] - Text 'individual@cloudkibo.com' is set on object 'Object Repository/Page_KiboPush/input_email (10) (1)'

2019-04-16 14:20:48 - [TEST_STEP][PASSED] - setEncryptedText(findTestObject("Page_KiboPush/input_password (9) (1)"), "RigbBhfdqOBGNlJIWM1ClA=="): Text ****** has been set on object 'Object Repository/Page_KiboPush/input_password (9) (1)'

2019-04-16 14:20:48 - [MESSAGE][PASSED] - Text ****** has been set on object 'Object Repository/Page_KiboPush/input_password (9) (1)'

2019-04-16 14:20:48 - [TEST_STEP][PASSED] - click(findTestObject("Page_KiboPush/button_Sign In (10) (1)")): Object: 'Object Repository/Page_KiboPush/button_Sign In (10) (1)' is clicked on

2019-04-16 14:20:48 - [MESSAGE][PASSED] - Object: 'Object Repository/Page_KiboPush/button_Sign In (10) (1)' is clicked on

2019-04-16 14:20:48 - [TEST_STEP][PASSED] - navigateToUrl("https://kiboengage.cloudkibo.com/dashboard"): Navigate to 'https://kiboengage.cloudkibo.com/dashboard' successfully

2019-04-16 14:21:26 - [MESSAGE][PASSED] - Navigate to 'https://kiboengage.cloudkibo.com/dashboard' successfully

2019-04-16 14:21:26 - [TEST_STEP][PASSED] - click(findTestObject("Object Repository/Page_KiboPush  Dashboard/h3_Dashboard (57)")): Object: 'Object Repository/Page_KiboPush  Dashboard/h3_Dashboard (57)' is clicked on

2019-04-16 14:21:26 - [MESSAGE][PASSED] - Object: 'Object Repository/Page_KiboPush  Dashboard/h3_Dashboard (57)' is clicked on

2019-04-16 14:21:26 - [TEST_STEP][PASSED] - delay(3): Delayed 3 second(s)

2019-04-16 14:21:29 - [MESSAGE][PASSED] - Delayed 3 second(s)

2019-04-16 14:21:29 - [MESSAGE][PASSED] - Call Test Case 'Test Cases/s-sidebar_navigation/individualAccount/Login-KiboEngage' successfully

2019-04-16 14:21:29 - [MESSAGE][PASSED] - Call Test Case 'Test Cases/Header TestCases/Login' successfully]]></system-out>
         <system-err><![CDATA[]]></system-err>
      </testcase>
      <testcase name="Test Cases/Test cases x/Header TestCases/TC0082" classname="Test Cases/Test cases x/Header TestCases/TC0082" status="PASSED">
         <system-out><![CDATA[2019-04-16 14:21:29 - [TEST_CASE][PASSED] - Test Cases/Test cases x/Header TestCases/TC0082: Test Cases/Test cases x/Header TestCases/TC0082

2019-04-16 14:21:29 - [TEST_STEP][PASSED] - callTestCase(findTestCase("Header TestCases/Login"), [:], STOP_ON_FAILURE): Call Test Case 'Test Cases/Header TestCases/Login' successfully

2019-04-16 14:21:29 - [TEST_CASE][PASSED] - Test Cases/Header TestCases/Login: Test Cases/Header TestCases/Login

2019-04-16 14:21:29 - [TEST_STEP][PASSED] - callTestCase(findTestCase("s-sidebar_navigation/individualAccount/Login-KiboEngage"), [:], STOP_ON_FAILURE): Call Test Case 'Test Cases/s-sidebar_navigation/individualAccount/Login-KiboEngage' successfully

2019-04-16 14:21:29 - [TEST_CASE][PASSED] - Test Cases/s-sidebar_navigation/individualAccount/Login-KiboEngage: Test Cases/s-sidebar_navigation/individualAccount/Login-KiboEngage

2019-04-16 14:21:29 - [TEST_STEP][PASSED] - openBrowser(""): Browser is opened with url: ''

2019-04-16 14:21:29 - [MESSAGE][WARNING] - A browser is already opened. Closing browser and opening a new one

2019-04-16 14:21:29 - [MESSAGE][INFO] - Starting 'Chrome' driver

2019-04-16 14:21:30 - [MESSAGE][PASSED] - Browser is opened with url: ''

2019-04-16 14:21:30 - [TEST_STEP][PASSED] - maximizeWindow(): Current window maximized

2019-04-16 14:21:30 - [MESSAGE][PASSED] - Current window maximized

2019-04-16 14:21:30 - [TEST_STEP][PASSED] - navigateToUrl("https://kiboengage.cloudkibo.com/"): Navigate to 'https://kiboengage.cloudkibo.com/' successfully

2019-04-16 14:21:43 - [MESSAGE][PASSED] - Navigate to 'https://kiboengage.cloudkibo.com/' successfully

2019-04-16 14:21:43 - [TEST_STEP][PASSED] - navigateToUrl("https://accounts.cloudkibo.com/?continue=https://kiboengage.cloudkibo.com"): Navigate to 'https://accounts.cloudkibo.com/?continue=https://kiboengage.cloudkibo.com' successfully

2019-04-16 14:21:44 - [MESSAGE][PASSED] - Navigate to 'https://accounts.cloudkibo.com/?continue=https://kiboengage.cloudkibo.com' successfully

2019-04-16 14:21:44 - [TEST_STEP][PASSED] - click(findTestObject("Page_KiboPush/a_Login (9) (1)")): Object: 'Object Repository/Page_KiboPush/a_Login (9) (1)' is clicked on

2019-04-16 14:21:44 - [MESSAGE][PASSED] - Object: 'Object Repository/Page_KiboPush/a_Login (9) (1)' is clicked on

2019-04-16 14:21:44 - [TEST_STEP][PASSED] - setText(findTestObject("Page_KiboPush/input_email (10) (1)"), "individual@cloudkibo.com"): Text 'individual@cloudkibo.com' is set on object 'Object Repository/Page_KiboPush/input_email (10) (1)'

2019-04-16 14:21:45 - [MESSAGE][PASSED] - Text 'individual@cloudkibo.com' is set on object 'Object Repository/Page_KiboPush/input_email (10) (1)'

2019-04-16 14:21:45 - [TEST_STEP][PASSED] - setEncryptedText(findTestObject("Page_KiboPush/input_password (9) (1)"), "RigbBhfdqOBGNlJIWM1ClA=="): Text ****** has been set on object 'Object Repository/Page_KiboPush/input_password (9) (1)'

2019-04-16 14:21:45 - [MESSAGE][PASSED] - Text ****** has been set on object 'Object Repository/Page_KiboPush/input_password (9) (1)'

2019-04-16 14:21:45 - [TEST_STEP][PASSED] - click(findTestObject("Page_KiboPush/button_Sign In (10) (1)")): Object: 'Object Repository/Page_KiboPush/button_Sign In (10) (1)' is clicked on

2019-04-16 14:21:45 - [MESSAGE][PASSED] - Object: 'Object Repository/Page_KiboPush/button_Sign In (10) (1)' is clicked on

2019-04-16 14:21:45 - [TEST_STEP][PASSED] - navigateToUrl("https://kiboengage.cloudkibo.com/dashboard"): Navigate to 'https://kiboengage.cloudkibo.com/dashboard' successfully

2019-04-16 14:22:03 - [MESSAGE][PASSED] - Navigate to 'https://kiboengage.cloudkibo.com/dashboard' successfully

2019-04-16 14:22:03 - [TEST_STEP][PASSED] - click(findTestObject("Object Repository/Page_KiboPush  Dashboard/h3_Dashboard (57)")): Object: 'Object Repository/Page_KiboPush  Dashboard/h3_Dashboard (57)' is clicked on

2019-04-16 14:22:03 - [MESSAGE][PASSED] - Object: 'Object Repository/Page_KiboPush  Dashboard/h3_Dashboard (57)' is clicked on

2019-04-16 14:22:03 - [TEST_STEP][PASSED] - delay(3): Delayed 3 second(s)

2019-04-16 14:22:06 - [MESSAGE][PASSED] - Delayed 3 second(s)

2019-04-16 14:22:06 - [MESSAGE][PASSED] - Call Test Case 'Test Cases/s-sidebar_navigation/individualAccount/Login-KiboEngage' successfully

2019-04-16 14:22:06 - [MESSAGE][PASSED] - Call Test Case 'Test Cases/Header TestCases/Login' successfully]]></system-out>
         <system-err><![CDATA[]]></system-err>
      </testcase>
      <testcase name="Test Cases/Test cases x/Header TestCases/TC0098" classname="Test Cases/Test cases x/Header TestCases/TC0098" status="PASSED">
         <system-out><![CDATA[2019-04-16 14:22:06 - [TEST_CASE][PASSED] - Test Cases/Test cases x/Header TestCases/TC0098: Test Cases/Test cases x/Header TestCases/TC0098

2019-04-16 14:22:06 - [TEST_STEP][PASSED] - callTestCase(findTestCase("Header TestCases/Login"), [:], STOP_ON_FAILURE): Call Test Case 'Test Cases/Header TestCases/Login' successfully

2019-04-16 14:22:06 - [TEST_CASE][PASSED] - Test Cases/Header TestCases/Login: Test Cases/Header TestCases/Login

2019-04-16 14:22:06 - [TEST_STEP][PASSED] - callTestCase(findTestCase("s-sidebar_navigation/individualAccount/Login-KiboEngage"), [:], STOP_ON_FAILURE): Call Test Case 'Test Cases/s-sidebar_navigation/individualAccount/Login-KiboEngage' successfully

2019-04-16 14:22:06 - [TEST_CASE][PASSED] - Test Cases/s-sidebar_navigation/individualAccount/Login-KiboEngage: Test Cases/s-sidebar_navigation/individualAccount/Login-KiboEngage

2019-04-16 14:22:06 - [TEST_STEP][PASSED] - openBrowser(""): Browser is opened with url: ''

2019-04-16 14:22:06 - [MESSAGE][WARNING] - A browser is already opened. Closing browser and opening a new one

2019-04-16 14:22:06 - [MESSAGE][INFO] - Starting 'Chrome' driver

2019-04-16 14:22:07 - [MESSAGE][PASSED] - Browser is opened with url: ''

2019-04-16 14:22:07 - [TEST_STEP][PASSED] - maximizeWindow(): Current window maximized

2019-04-16 14:22:07 - [MESSAGE][PASSED] - Current window maximized

2019-04-16 14:22:07 - [TEST_STEP][PASSED] - navigateToUrl("https://kiboengage.cloudkibo.com/"): Navigate to 'https://kiboengage.cloudkibo.com/' successfully

2019-04-16 14:22:24 - [MESSAGE][PASSED] - Navigate to 'https://kiboengage.cloudkibo.com/' successfully

2019-04-16 14:22:24 - [TEST_STEP][PASSED] - navigateToUrl("https://accounts.cloudkibo.com/?continue=https://kiboengage.cloudkibo.com"): Navigate to 'https://accounts.cloudkibo.com/?continue=https://kiboengage.cloudkibo.com' successfully

2019-04-16 14:22:25 - [MESSAGE][PASSED] - Navigate to 'https://accounts.cloudkibo.com/?continue=https://kiboengage.cloudkibo.com' successfully

2019-04-16 14:22:25 - [TEST_STEP][PASSED] - click(findTestObject("Page_KiboPush/a_Login (9) (1)")): Object: 'Object Repository/Page_KiboPush/a_Login (9) (1)' is clicked on

2019-04-16 14:22:25 - [MESSAGE][PASSED] - Object: 'Object Repository/Page_KiboPush/a_Login (9) (1)' is clicked on

2019-04-16 14:22:25 - [TEST_STEP][PASSED] - setText(findTestObject("Page_KiboPush/input_email (10) (1)"), "individual@cloudkibo.com"): Text 'individual@cloudkibo.com' is set on object 'Object Repository/Page_KiboPush/input_email (10) (1)'

2019-04-16 14:22:26 - [MESSAGE][PASSED] - Text 'individual@cloudkibo.com' is set on object 'Object Repository/Page_KiboPush/input_email (10) (1)'

2019-04-16 14:22:26 - [TEST_STEP][PASSED] - setEncryptedText(findTestObject("Page_KiboPush/input_password (9) (1)"), "RigbBhfdqOBGNlJIWM1ClA=="): Text ****** has been set on object 'Object Repository/Page_KiboPush/input_password (9) (1)'

2019-04-16 14:22:26 - [MESSAGE][PASSED] - Text ****** has been set on object 'Object Repository/Page_KiboPush/input_password (9) (1)'

2019-04-16 14:22:26 - [TEST_STEP][PASSED] - click(findTestObject("Page_KiboPush/button_Sign In (10) (1)")): Object: 'Object Repository/Page_KiboPush/button_Sign In (10) (1)' is clicked on

2019-04-16 14:22:26 - [MESSAGE][PASSED] - Object: 'Object Repository/Page_KiboPush/button_Sign In (10) (1)' is clicked on

2019-04-16 14:22:26 - [TEST_STEP][PASSED] - navigateToUrl("https://kiboengage.cloudkibo.com/dashboard"): Navigate to 'https://kiboengage.cloudkibo.com/dashboard' successfully

2019-04-16 14:23:13 - [MESSAGE][PASSED] - Navigate to 'https://kiboengage.cloudkibo.com/dashboard' successfully

2019-04-16 14:23:13 - [TEST_STEP][PASSED] - click(findTestObject("Object Repository/Page_KiboPush  Dashboard/h3_Dashboard (57)")): Object: 'Object Repository/Page_KiboPush  Dashboard/h3_Dashboard (57)' is clicked on

2019-04-16 14:23:13 - [MESSAGE][PASSED] - Object: 'Object Repository/Page_KiboPush  Dashboard/h3_Dashboard (57)' is clicked on

2019-04-16 14:23:13 - [TEST_STEP][PASSED] - delay(3): Delayed 3 second(s)

2019-04-16 14:23:16 - [MESSAGE][PASSED] - Delayed 3 second(s)

2019-04-16 14:23:16 - [MESSAGE][PASSED] - Call Test Case 'Test Cases/s-sidebar_navigation/individualAccount/Login-KiboEngage' successfully

2019-04-16 14:23:16 - [MESSAGE][PASSED] - Call Test Case 'Test Cases/Header TestCases/Login' successfully]]></system-out>
         <system-err><![CDATA[]]></system-err>
      </testcase>
      <testcase name="Test Cases/Test cases x/Header TestCases/TC0083" classname="Test Cases/Test cases x/Header TestCases/TC0083" status="PASSED">
         <system-out><![CDATA[2019-04-16 14:23:16 - [TEST_CASE][PASSED] - Test Cases/Test cases x/Header TestCases/TC0083: Test Cases/Test cases x/Header TestCases/TC0083

2019-04-16 14:23:16 - [TEST_STEP][PASSED] - callTestCase(findTestCase("Header TestCases/Login"), [:], STOP_ON_FAILURE): Call Test Case 'Test Cases/Header TestCases/Login' successfully

2019-04-16 14:23:16 - [TEST_CASE][PASSED] - Test Cases/Header TestCases/Login: Test Cases/Header TestCases/Login

2019-04-16 14:23:16 - [TEST_STEP][PASSED] - callTestCase(findTestCase("s-sidebar_navigation/individualAccount/Login-KiboEngage"), [:], STOP_ON_FAILURE): Call Test Case 'Test Cases/s-sidebar_navigation/individualAccount/Login-KiboEngage' successfully

2019-04-16 14:23:16 - [TEST_CASE][PASSED] - Test Cases/s-sidebar_navigation/individualAccount/Login-KiboEngage: Test Cases/s-sidebar_navigation/individualAccount/Login-KiboEngage

2019-04-16 14:23:16 - [TEST_STEP][PASSED] - openBrowser(""): Browser is opened with url: ''

2019-04-16 14:23:16 - [MESSAGE][WARNING] - A browser is already opened. Closing browser and opening a new one

2019-04-16 14:23:17 - [MESSAGE][INFO] - Starting 'Chrome' driver

2019-04-16 14:23:17 - [MESSAGE][PASSED] - Browser is opened with url: ''

2019-04-16 14:23:17 - [TEST_STEP][PASSED] - maximizeWindow(): Current window maximized

2019-04-16 14:23:17 - [MESSAGE][PASSED] - Current window maximized

2019-04-16 14:23:17 - [TEST_STEP][PASSED] - navigateToUrl("https://kiboengage.cloudkibo.com/"): Navigate to 'https://kiboengage.cloudkibo.com/' successfully

2019-04-16 14:23:29 - [MESSAGE][PASSED] - Navigate to 'https://kiboengage.cloudkibo.com/' successfully

2019-04-16 14:23:29 - [TEST_STEP][PASSED] - navigateToUrl("https://accounts.cloudkibo.com/?continue=https://kiboengage.cloudkibo.com"): Navigate to 'https://accounts.cloudkibo.com/?continue=https://kiboengage.cloudkibo.com' successfully

2019-04-16 14:23:29 - [MESSAGE][PASSED] - Navigate to 'https://accounts.cloudkibo.com/?continue=https://kiboengage.cloudkibo.com' successfully

2019-04-16 14:23:29 - [TEST_STEP][PASSED] - click(findTestObject("Page_KiboPush/a_Login (9) (1)")): Object: 'Object Repository/Page_KiboPush/a_Login (9) (1)' is clicked on

2019-04-16 14:23:30 - [MESSAGE][PASSED] - Object: 'Object Repository/Page_KiboPush/a_Login (9) (1)' is clicked on

2019-04-16 14:23:30 - [TEST_STEP][PASSED] - setText(findTestObject("Page_KiboPush/input_email (10) (1)"), "individual@cloudkibo.com"): Text 'individual@cloudkibo.com' is set on object 'Object Repository/Page_KiboPush/input_email (10) (1)'

2019-04-16 14:23:30 - [MESSAGE][PASSED] - Text 'individual@cloudkibo.com' is set on object 'Object Repository/Page_KiboPush/input_email (10) (1)'

2019-04-16 14:23:30 - [TEST_STEP][PASSED] - setEncryptedText(findTestObject("Page_KiboPush/input_password (9) (1)"), "RigbBhfdqOBGNlJIWM1ClA=="): Text ****** has been set on object 'Object Repository/Page_KiboPush/input_password (9) (1)'

2019-04-16 14:23:30 - [MESSAGE][PASSED] - Text ****** has been set on object 'Object Repository/Page_KiboPush/input_password (9) (1)'

2019-04-16 14:23:30 - [TEST_STEP][PASSED] - click(findTestObject("Page_KiboPush/button_Sign In (10) (1)")): Object: 'Object Repository/Page_KiboPush/button_Sign In (10) (1)' is clicked on

2019-04-16 14:23:30 - [MESSAGE][PASSED] - Object: 'Object Repository/Page_KiboPush/button_Sign In (10) (1)' is clicked on

2019-04-16 14:23:30 - [TEST_STEP][PASSED] - navigateToUrl("https://kiboengage.cloudkibo.com/dashboard"): Navigate to 'https://kiboengage.cloudkibo.com/dashboard' successfully

2019-04-16 14:23:56 - [MESSAGE][PASSED] - Navigate to 'https://kiboengage.cloudkibo.com/dashboard' successfully

2019-04-16 14:23:56 - [TEST_STEP][PASSED] - click(findTestObject("Object Repository/Page_KiboPush  Dashboard/h3_Dashboard (57)")): Object: 'Object Repository/Page_KiboPush  Dashboard/h3_Dashboard (57)' is clicked on

2019-04-16 14:23:56 - [MESSAGE][PASSED] - Object: 'Object Repository/Page_KiboPush  Dashboard/h3_Dashboard (57)' is clicked on

2019-04-16 14:23:56 - [TEST_STEP][PASSED] - delay(3): Delayed 3 second(s)

2019-04-16 14:23:59 - [MESSAGE][PASSED] - Delayed 3 second(s)

2019-04-16 14:23:59 - [MESSAGE][PASSED] - Call Test Case 'Test Cases/s-sidebar_navigation/individualAccount/Login-KiboEngage' successfully

2019-04-16 14:23:59 - [MESSAGE][PASSED] - Call Test Case 'Test Cases/Header TestCases/Login' successfully]]></system-out>
         <system-err><![CDATA[]]></system-err>
      </testcase>
      <testcase name="Test Cases/Test cases x/Header TestCases/TC0090" classname="Test Cases/Test cases x/Header TestCases/TC0090" status="PASSED">
         <system-out><![CDATA[2019-04-16 14:23:59 - [TEST_CASE][PASSED] - Test Cases/Test cases x/Header TestCases/TC0090: Test Cases/Test cases x/Header TestCases/TC0090

2019-04-16 14:23:59 - [TEST_STEP][PASSED] - callTestCase(findTestCase("Header TestCases/Login"), [:], STOP_ON_FAILURE): Call Test Case 'Test Cases/Header TestCases/Login' successfully

2019-04-16 14:23:59 - [TEST_CASE][PASSED] - Test Cases/Header TestCases/Login: Test Cases/Header TestCases/Login

2019-04-16 14:23:59 - [TEST_STEP][PASSED] - callTestCase(findTestCase("s-sidebar_navigation/individualAccount/Login-KiboEngage"), [:], STOP_ON_FAILURE): Call Test Case 'Test Cases/s-sidebar_navigation/individualAccount/Login-KiboEngage' successfully

2019-04-16 14:23:59 - [TEST_CASE][PASSED] - Test Cases/s-sidebar_navigation/individualAccount/Login-KiboEngage: Test Cases/s-sidebar_navigation/individualAccount/Login-KiboEngage

2019-04-16 14:23:59 - [TEST_STEP][PASSED] - openBrowser(""): Browser is opened with url: ''

2019-04-16 14:23:59 - [MESSAGE][WARNING] - A browser is already opened. Closing browser and opening a new one

2019-04-16 14:24:00 - [MESSAGE][INFO] - Starting 'Chrome' driver

2019-04-16 14:24:00 - [MESSAGE][PASSED] - Browser is opened with url: ''

2019-04-16 14:24:00 - [TEST_STEP][PASSED] - maximizeWindow(): Current window maximized

2019-04-16 14:24:00 - [MESSAGE][PASSED] - Current window maximized

2019-04-16 14:24:00 - [TEST_STEP][PASSED] - navigateToUrl("https://kiboengage.cloudkibo.com/"): Navigate to 'https://kiboengage.cloudkibo.com/' successfully

2019-04-16 14:24:10 - [MESSAGE][PASSED] - Navigate to 'https://kiboengage.cloudkibo.com/' successfully

2019-04-16 14:24:10 - [TEST_STEP][PASSED] - navigateToUrl("https://accounts.cloudkibo.com/?continue=https://kiboengage.cloudkibo.com"): Navigate to 'https://accounts.cloudkibo.com/?continue=https://kiboengage.cloudkibo.com' successfully

2019-04-16 14:24:10 - [MESSAGE][PASSED] - Navigate to 'https://accounts.cloudkibo.com/?continue=https://kiboengage.cloudkibo.com' successfully

2019-04-16 14:24:10 - [TEST_STEP][PASSED] - click(findTestObject("Page_KiboPush/a_Login (9) (1)")): Object: 'Object Repository/Page_KiboPush/a_Login (9) (1)' is clicked on

2019-04-16 14:24:11 - [MESSAGE][PASSED] - Object: 'Object Repository/Page_KiboPush/a_Login (9) (1)' is clicked on

2019-04-16 14:24:11 - [TEST_STEP][PASSED] - setText(findTestObject("Page_KiboPush/input_email (10) (1)"), "individual@cloudkibo.com"): Text 'individual@cloudkibo.com' is set on object 'Object Repository/Page_KiboPush/input_email (10) (1)'

2019-04-16 14:24:11 - [MESSAGE][PASSED] - Text 'individual@cloudkibo.com' is set on object 'Object Repository/Page_KiboPush/input_email (10) (1)'

2019-04-16 14:24:11 - [TEST_STEP][PASSED] - setEncryptedText(findTestObject("Page_KiboPush/input_password (9) (1)"), "RigbBhfdqOBGNlJIWM1ClA=="): Text ****** has been set on object 'Object Repository/Page_KiboPush/input_password (9) (1)'

2019-04-16 14:24:11 - [MESSAGE][PASSED] - Text ****** has been set on object 'Object Repository/Page_KiboPush/input_password (9) (1)'

2019-04-16 14:24:11 - [TEST_STEP][PASSED] - click(findTestObject("Page_KiboPush/button_Sign In (10) (1)")): Object: 'Object Repository/Page_KiboPush/button_Sign In (10) (1)' is clicked on

2019-04-16 14:24:11 - [MESSAGE][PASSED] - Object: 'Object Repository/Page_KiboPush/button_Sign In (10) (1)' is clicked on

2019-04-16 14:24:11 - [TEST_STEP][PASSED] - navigateToUrl("https://kiboengage.cloudkibo.com/dashboard"): Navigate to 'https://kiboengage.cloudkibo.com/dashboard' successfully

2019-04-16 14:24:30 - [MESSAGE][PASSED] - Navigate to 'https://kiboengage.cloudkibo.com/dashboard' successfully

2019-04-16 14:24:30 - [TEST_STEP][PASSED] - click(findTestObject("Object Repository/Page_KiboPush  Dashboard/h3_Dashboard (57)")): Object: 'Object Repository/Page_KiboPush  Dashboard/h3_Dashboard (57)' is clicked on

2019-04-16 14:24:30 - [MESSAGE][PASSED] - Object: 'Object Repository/Page_KiboPush  Dashboard/h3_Dashboard (57)' is clicked on

2019-04-16 14:24:30 - [TEST_STEP][PASSED] - delay(3): Delayed 3 second(s)

2019-04-16 14:24:33 - [MESSAGE][PASSED] - Delayed 3 second(s)

2019-04-16 14:24:33 - [MESSAGE][PASSED] - Call Test Case 'Test Cases/s-sidebar_navigation/individualAccount/Login-KiboEngage' successfully

2019-04-16 14:24:33 - [MESSAGE][PASSED] - Call Test Case 'Test Cases/Header TestCases/Login' successfully]]></system-out>
         <system-err><![CDATA[]]></system-err>
      </testcase>
      <system-out><![CDATA[2019-04-16 14:05:50 - [TEST_SUITE][FAILED] - header: Test Cases/Test cases x/Header TestCases/TC0101 FAILED.
Reason:
com.kms.katalon.core.exception.StepFailedException: Call Test Case 'Test Cases/Header TestCases/Login' failed
	at com.kms.katalon.core.keyword.builtin.CallTestCaseKeyword$_callTestCase_closure1.doCall(CallTestCaseKeyword.groovy:63)
	at com.kms.katalon.core.keyword.builtin.CallTestCaseKeyword$_callTestCase_closure1.call(CallTestCaseKeyword.groovy)
	at com.kms.katalon.core.keyword.internal.KeywordMain.runKeyword(KeywordMain.groovy:66)
	at com.kms.katalon.core.keyword.builtin.CallTestCaseKeyword.callTestCase(CallTestCaseKeyword.groovy:81)
	at com.kms.katalon.core.keyword.builtin.CallTestCaseKeyword.execute(CallTestCaseKeyword.groovy:44)
	at com.kms.katalon.core.keyword.internal.KeywordExecutor.executeKeywordForPlatform(KeywordExecutor.groovy:56)
	at com.kms.katalon.core.keyword.BuiltinKeywords.callTestCase(BuiltinKeywords.groovy:334)
	at TC0101.run(TC0101:22)
	at com.kms.katalon.core.main.ScriptEngine.run(ScriptEngine.java:194)
	at com.kms.katalon.core.main.ScriptEngine.runScriptAsRawText(ScriptEngine.java:119)
	at com.kms.katalon.core.main.TestCaseExecutor.runScript(TestCaseExecutor.java:331)
	at com.kms.katalon.core.main.TestCaseExecutor.doExecute(TestCaseExecutor.java:322)
	at com.kms.katalon.core.main.TestCaseExecutor.processExecutionPhase(TestCaseExecutor.java:301)
	at com.kms.katalon.core.main.TestCaseExecutor.accessMainPhase(TestCaseExecutor.java:293)
	at com.kms.katalon.core.main.TestCaseExecutor.execute(TestCaseExecutor.java:227)
	at com.kms.katalon.core.main.TestSuiteExecutor.accessTestCaseMainPhase(TestSuiteExecutor.java:129)
	at com.kms.katalon.core.main.TestSuiteExecutor.accessTestSuiteMainPhase(TestSuiteExecutor.java:112)
	at com.kms.katalon.core.main.TestSuiteExecutor.execute(TestSuiteExecutor.java:81)
	at com.kms.katalon.core.main.TestCaseMain.startTestSuite(TestCaseMain.java:157)
	at com.kms.katalon.core.main.TestCaseMain$startTestSuite$0.call(Unknown Source)
	at TempTestSuite1555405543194.run(TempTestSuite1555405543194.groovy:35)
Caused by: com.kms.katalon.core.exception.StepFailedException: Call Test Case 'Test Cases/s-sidebar_navigation/individualAccount/Login-KiboEngage' failed
	at com.kms.katalon.core.keyword.builtin.CallTestCaseKeyword$_callTestCase_closure1.doCall(CallTestCaseKeyword.groovy:63)
	at com.kms.katalon.core.keyword.builtin.CallTestCaseKeyword$_callTestCase_closure1.call(CallTestCaseKeyword.groovy)
	at com.kms.katalon.core.keyword.internal.KeywordMain.runKeyword(KeywordMain.groovy:66)
	at com.kms.katalon.core.keyword.builtin.CallTestCaseKeyword.callTestCase(CallTestCaseKeyword.groovy:81)
	at com.kms.katalon.core.keyword.builtin.CallTestCaseKeyword.execute(CallTestCaseKeyword.groovy:44)
	at com.kms.katalon.core.keyword.internal.KeywordExecutor.executeKeywordForPlatform(KeywordExecutor.groovy:56)
	at com.kms.katalon.core.keyword.BuiltinKeywords.callTestCase(BuiltinKeywords.groovy:334)
	at Login.run(Login:15)
	at com.kms.katalon.core.main.ScriptEngine.run(ScriptEngine.java:194)
	at com.kms.katalon.core.main.ScriptEngine.runScriptAsRawText(ScriptEngine.java:119)
	at com.kms.katalon.core.main.TestCaseExecutor.runScript(TestCaseExecutor.java:331)
	at com.kms.katalon.core.main.TestCaseExecutor.doExecute(TestCaseExecutor.java:322)
	at com.kms.katalon.core.main.TestCaseExecutor.processExecutionPhase(TestCaseExecutor.java:301)
	at com.kms.katalon.core.main.TestCaseExecutor.accessMainPhase(TestCaseExecutor.java:293)
	at com.kms.katalon.core.main.TestCaseExecutor.execute(TestCaseExecutor.java:227)
	at com.kms.katalon.core.main.TestCaseMain.runTestCase(TestCaseMain.java:114)
	at com.kms.katalon.core.keyword.builtin.CallTestCaseKeyword$_callTestCase_closure1.doCall(CallTestCaseKeyword.groovy:59)
	... 20 more
Caused by: com.kms.katalon.core.exception.StepFailedException: Unable to click on object 'Object Repository/Page_KiboPush  Dashboard/h3_Dashboard (57)'
	at com.kms.katalon.core.webui.keyword.internal.WebUIKeywordMain.stepFailed(WebUIKeywordMain.groovy:64)
	at com.kms.katalon.core.webui.keyword.internal.WebUIKeywordMain.runKeyword(WebUIKeywordMain.groovy:26)
	at com.kms.katalon.core.webui.keyword.builtin.ClickKeyword.click(ClickKeyword.groovy:86)
	at com.kms.katalon.core.webui.keyword.builtin.ClickKeyword.execute(ClickKeyword.groovy:67)
	at com.kms.katalon.core.keyword.internal.KeywordExecutor.executeKeywordForPlatform(KeywordExecutor.groovy:56)
	at com.kms.katalon.core.webui.keyword.WebUiBuiltInKeywords.click(WebUiBuiltInKeywords.groovy:616)
	at com.kms.katalon.core.webui.keyword.WebUiBuiltInKeywords$click$2.call(Unknown Source)
	at Login-KiboEngage.run(Login-KiboEngage:40)
	at com.kms.katalon.core.main.ScriptEngine.run(ScriptEngine.java:194)
	at com.kms.katalon.core.main.ScriptEngine.runScriptAsRawText(ScriptEngine.java:119)
	at com.kms.katalon.core.main.TestCaseExecutor.runScript(TestCaseExecutor.java:331)
	at com.kms.katalon.core.main.TestCaseExecutor.doExecute(TestCaseExecutor.java:322)
	at com.kms.katalon.core.main.TestCaseExecutor.processExecutionPhase(TestCaseExecutor.java:301)
	at com.kms.katalon.core.main.TestCaseExecutor.accessMainPhase(TestCaseExecutor.java:293)
	at com.kms.katalon.core.main.TestCaseExecutor.execute(TestCaseExecutor.java:227)
	at com.kms.katalon.core.main.TestCaseMain.runTestCase(TestCaseMain.java:114)
	at com.kms.katalon.core.keyword.builtin.CallTestCaseKeyword$_callTestCase_closure1.doCall(CallTestCaseKeyword.groovy:59)
	... 36 more
Caused by: com.kms.katalon.core.webui.exception.WebElementNotFoundException: Web element with id: 'Object Repository/Page_KiboPush  Dashboard/h3_Dashboard (57)' located by 'By.xpath: //h3[(text() = 'Dashboard' or . = 'Dashboard')]' not found
	at com.kms.katalon.core.webui.common.WebUiCommonHelper.findWebElement(WebUiCommonHelper.java:1053)
	at com.kms.katalon.core.webui.keyword.internal.WebUIAbstractKeyword.findWebElement(WebUIAbstractKeyword.groovy:27)
	at com.kms.katalon.core.webui.keyword.internal.WebUIAbstractKeyword.findWebElement(WebUIAbstractKeyword.groovy:26)
	at com.kms.katalon.core.webui.keyword.builtin.ClickKeyword$_click_closure1.doCall(ClickKeyword.groovy:77)
	at com.kms.katalon.core.webui.keyword.builtin.ClickKeyword$_click_closure1.call(ClickKeyword.groovy)
	at com.kms.katalon.core.webui.keyword.internal.WebUIKeywordMain.runKeyword(WebUIKeywordMain.groovy:20)
	at com.kms.katalon.core.webui.keyword.builtin.ClickKeyword.click(ClickKeyword.groovy:86)
	at com.kms.katalon.core.webui.keyword.builtin.ClickKeyword.execute(ClickKeyword.groovy:67)
	at com.kms.katalon.core.keyword.internal.KeywordExecutor.executeKeywordForPlatform(KeywordExecutor.groovy:56)
	at com.kms.katalon.core.webui.keyword.WebUiBuiltInKeywords.click(WebUiBuiltInKeywords.groovy:616)
	at com.kms.katalon.core.webui.keyword.WebUiBuiltInKeywords$click$2.call(Unknown Source)
	at Script1542870641933.run(Script1542870641933.groovy:40)
	at com.kms.katalon.core.main.ScriptEngine.run(ScriptEngine.java:194)
	at com.kms.katalon.core.main.ScriptEngine.runScriptAsRawText(ScriptEngine.java:119)
	at com.kms.katalon.core.main.TestCaseExecutor.runScript(TestCaseExecutor.java:331)
	at com.kms.katalon.core.main.TestCaseExecutor.doExecute(TestCaseExecutor.java:322)
	at com.kms.katalon.core.main.TestCaseExecutor.processExecutionPhase(TestCaseExecutor.java:301)
	at com.kms.katalon.core.main.TestCaseExecutor.accessMainPhase(TestCaseExecutor.java:293)
	at com.kms.katalon.core.main.TestCaseExecutor.execute(TestCaseExecutor.java:227)
	at com.kms.katalon.core.main.TestCaseMain.runTestCase(TestCaseMain.java:114)
	at com.kms.katalon.core.keyword.builtin.CallTestCaseKeyword$_callTestCase_closure1.doCall(CallTestCaseKeyword.groovy:59)
	at com.kms.katalon.core.keyword.builtin.CallTestCaseKeyword$_callTestCase_closure1.call(CallTestCaseKeyword.groovy)
	at com.kms.katalon.core.keyword.internal.KeywordMain.runKeyword(KeywordMain.groovy:66)
	at com.kms.katalon.core.keyword.builtin.CallTestCaseKeyword.callTestCase(CallTestCaseKeyword.groovy:81)
	at com.kms.katalon.core.keyword.builtin.CallTestCaseKeyword.execute(CallTestCaseKeyword.groovy:44)
	at com.kms.katalon.core.keyword.internal.KeywordExecutor.executeKeywordForPlatform(KeywordExecutor.groovy:56)
	at com.kms.katalon.core.keyword.BuiltinKeywords.callTestCase(BuiltinKeywords.groovy:334)
	at Script1535855240364.run(Script1535855240364.groovy:15)
	at com.kms.katalon.core.main.ScriptEngine.run(ScriptEngine.java:194)
	at com.kms.katalon.core.main.ScriptEngine.runScriptAsRawText(ScriptEngine.java:119)
	at com.kms.katalon.core.main.TestCaseExecutor.runScript(TestCaseExecutor.java:331)
	at com.kms.katalon.core.main.TestCaseExecutor.doExecute(TestCaseExecutor.java:322)
	at com.kms.katalon.core.main.TestCaseExecutor.processExecutionPhase(TestCaseExecutor.java:301)
	at com.kms.katalon.core.main.TestCaseExecutor.accessMainPhase(TestCaseExecutor.java:293)
	at com.kms.katalon.core.main.TestCaseExecutor.execute(TestCaseExecutor.java:227)
	at com.kms.katalon.core.main.TestCaseMain.runTestCase(TestCaseMain.java:114)
	at com.kms.katalon.core.keyword.builtin.CallTestCaseKeyword$_callTestCase_closure1.doCall(CallTestCaseKeyword.groovy:59)
	at com.kms.katalon.core.keyword.builtin.CallTestCaseKeyword$_callTestCase_closure1.call(CallTestCaseKeyword.groovy)
	at com.kms.katalon.core.keyword.internal.KeywordMain.runKeyword(KeywordMain.groovy:66)
	at com.kms.katalon.core.keyword.builtin.CallTestCaseKeyword.callTestCase(CallTestCaseKeyword.groovy:81)
	at com.kms.katalon.core.keyword.builtin.CallTestCaseKeyword.execute(CallTestCaseKeyword.groovy:44)
	at com.kms.katalon.core.keyword.internal.KeywordExecutor.executeKeywordForPlatform(KeywordExecutor.groovy:56)
	at com.kms.katalon.core.keyword.BuiltinKeywords.callTestCase(BuiltinKeywords.groovy:334)
	at Script1555055014122.run(Script1555055014122.groovy:22)
	... 13 more]]></system-out>
      <system-err><![CDATA[2019-04-16 14:05:50 - [TEST_SUITE][FAILED] - header: Test Cases/Test cases x/Header TestCases/TC0101 FAILED.
Reason:
com.kms.katalon.core.exception.StepFailedException: Call Test Case 'Test Cases/Header TestCases/Login' failed
	at com.kms.katalon.core.keyword.builtin.CallTestCaseKeyword$_callTestCase_closure1.doCall(CallTestCaseKeyword.groovy:63)
	at com.kms.katalon.core.keyword.builtin.CallTestCaseKeyword$_callTestCase_closure1.call(CallTestCaseKeyword.groovy)
	at com.kms.katalon.core.keyword.internal.KeywordMain.runKeyword(KeywordMain.groovy:66)
	at com.kms.katalon.core.keyword.builtin.CallTestCaseKeyword.callTestCase(CallTestCaseKeyword.groovy:81)
	at com.kms.katalon.core.keyword.builtin.CallTestCaseKeyword.execute(CallTestCaseKeyword.groovy:44)
	at com.kms.katalon.core.keyword.internal.KeywordExecutor.executeKeywordForPlatform(KeywordExecutor.groovy:56)
	at com.kms.katalon.core.keyword.BuiltinKeywords.callTestCase(BuiltinKeywords.groovy:334)
	at TC0101.run(TC0101:22)
	at com.kms.katalon.core.main.ScriptEngine.run(ScriptEngine.java:194)
	at com.kms.katalon.core.main.ScriptEngine.runScriptAsRawText(ScriptEngine.java:119)
	at com.kms.katalon.core.main.TestCaseExecutor.runScript(TestCaseExecutor.java:331)
	at com.kms.katalon.core.main.TestCaseExecutor.doExecute(TestCaseExecutor.java:322)
	at com.kms.katalon.core.main.TestCaseExecutor.processExecutionPhase(TestCaseExecutor.java:301)
	at com.kms.katalon.core.main.TestCaseExecutor.accessMainPhase(TestCaseExecutor.java:293)
	at com.kms.katalon.core.main.TestCaseExecutor.execute(TestCaseExecutor.java:227)
	at com.kms.katalon.core.main.TestSuiteExecutor.accessTestCaseMainPhase(TestSuiteExecutor.java:129)
	at com.kms.katalon.core.main.TestSuiteExecutor.accessTestSuiteMainPhase(TestSuiteExecutor.java:112)
	at com.kms.katalon.core.main.TestSuiteExecutor.execute(TestSuiteExecutor.java:81)
	at com.kms.katalon.core.main.TestCaseMain.startTestSuite(TestCaseMain.java:157)
	at com.kms.katalon.core.main.TestCaseMain$startTestSuite$0.call(Unknown Source)
	at TempTestSuite1555405543194.run(TempTestSuite1555405543194.groovy:35)
Caused by: com.kms.katalon.core.exception.StepFailedException: Call Test Case 'Test Cases/s-sidebar_navigation/individualAccount/Login-KiboEngage' failed
	at com.kms.katalon.core.keyword.builtin.CallTestCaseKeyword$_callTestCase_closure1.doCall(CallTestCaseKeyword.groovy:63)
	at com.kms.katalon.core.keyword.builtin.CallTestCaseKeyword$_callTestCase_closure1.call(CallTestCaseKeyword.groovy)
	at com.kms.katalon.core.keyword.internal.KeywordMain.runKeyword(KeywordMain.groovy:66)
	at com.kms.katalon.core.keyword.builtin.CallTestCaseKeyword.callTestCase(CallTestCaseKeyword.groovy:81)
	at com.kms.katalon.core.keyword.builtin.CallTestCaseKeyword.execute(CallTestCaseKeyword.groovy:44)
	at com.kms.katalon.core.keyword.internal.KeywordExecutor.executeKeywordForPlatform(KeywordExecutor.groovy:56)
	at com.kms.katalon.core.keyword.BuiltinKeywords.callTestCase(BuiltinKeywords.groovy:334)
	at Login.run(Login:15)
	at com.kms.katalon.core.main.ScriptEngine.run(ScriptEngine.java:194)
	at com.kms.katalon.core.main.ScriptEngine.runScriptAsRawText(ScriptEngine.java:119)
	at com.kms.katalon.core.main.TestCaseExecutor.runScript(TestCaseExecutor.java:331)
	at com.kms.katalon.core.main.TestCaseExecutor.doExecute(TestCaseExecutor.java:322)
	at com.kms.katalon.core.main.TestCaseExecutor.processExecutionPhase(TestCaseExecutor.java:301)
	at com.kms.katalon.core.main.TestCaseExecutor.accessMainPhase(TestCaseExecutor.java:293)
	at com.kms.katalon.core.main.TestCaseExecutor.execute(TestCaseExecutor.java:227)
	at com.kms.katalon.core.main.TestCaseMain.runTestCase(TestCaseMain.java:114)
	at com.kms.katalon.core.keyword.builtin.CallTestCaseKeyword$_callTestCase_closure1.doCall(CallTestCaseKeyword.groovy:59)
	... 20 more
Caused by: com.kms.katalon.core.exception.StepFailedException: Unable to click on object 'Object Repository/Page_KiboPush  Dashboard/h3_Dashboard (57)'
	at com.kms.katalon.core.webui.keyword.internal.WebUIKeywordMain.stepFailed(WebUIKeywordMain.groovy:64)
	at com.kms.katalon.core.webui.keyword.internal.WebUIKeywordMain.runKeyword(WebUIKeywordMain.groovy:26)
	at com.kms.katalon.core.webui.keyword.builtin.ClickKeyword.click(ClickKeyword.groovy:86)
	at com.kms.katalon.core.webui.keyword.builtin.ClickKeyword.execute(ClickKeyword.groovy:67)
	at com.kms.katalon.core.keyword.internal.KeywordExecutor.executeKeywordForPlatform(KeywordExecutor.groovy:56)
	at com.kms.katalon.core.webui.keyword.WebUiBuiltInKeywords.click(WebUiBuiltInKeywords.groovy:616)
	at com.kms.katalon.core.webui.keyword.WebUiBuiltInKeywords$click$2.call(Unknown Source)
	at Login-KiboEngage.run(Login-KiboEngage:40)
	at com.kms.katalon.core.main.ScriptEngine.run(ScriptEngine.java:194)
	at com.kms.katalon.core.main.ScriptEngine.runScriptAsRawText(ScriptEngine.java:119)
	at com.kms.katalon.core.main.TestCaseExecutor.runScript(TestCaseExecutor.java:331)
	at com.kms.katalon.core.main.TestCaseExecutor.doExecute(TestCaseExecutor.java:322)
	at com.kms.katalon.core.main.TestCaseExecutor.processExecutionPhase(TestCaseExecutor.java:301)
	at com.kms.katalon.core.main.TestCaseExecutor.accessMainPhase(TestCaseExecutor.java:293)
	at com.kms.katalon.core.main.TestCaseExecutor.execute(TestCaseExecutor.java:227)
	at com.kms.katalon.core.main.TestCaseMain.runTestCase(TestCaseMain.java:114)
	at com.kms.katalon.core.keyword.builtin.CallTestCaseKeyword$_callTestCase_closure1.doCall(CallTestCaseKeyword.groovy:59)
	... 36 more
Caused by: com.kms.katalon.core.webui.exception.WebElementNotFoundException: Web element with id: 'Object Repository/Page_KiboPush  Dashboard/h3_Dashboard (57)' located by 'By.xpath: //h3[(text() = 'Dashboard' or . = 'Dashboard')]' not found
	at com.kms.katalon.core.webui.common.WebUiCommonHelper.findWebElement(WebUiCommonHelper.java:1053)
	at com.kms.katalon.core.webui.keyword.internal.WebUIAbstractKeyword.findWebElement(WebUIAbstractKeyword.groovy:27)
	at com.kms.katalon.core.webui.keyword.internal.WebUIAbstractKeyword.findWebElement(WebUIAbstractKeyword.groovy:26)
	at com.kms.katalon.core.webui.keyword.builtin.ClickKeyword$_click_closure1.doCall(ClickKeyword.groovy:77)
	at com.kms.katalon.core.webui.keyword.builtin.ClickKeyword$_click_closure1.call(ClickKeyword.groovy)
	at com.kms.katalon.core.webui.keyword.internal.WebUIKeywordMain.runKeyword(WebUIKeywordMain.groovy:20)
	at com.kms.katalon.core.webui.keyword.builtin.ClickKeyword.click(ClickKeyword.groovy:86)
	at com.kms.katalon.core.webui.keyword.builtin.ClickKeyword.execute(ClickKeyword.groovy:67)
	at com.kms.katalon.core.keyword.internal.KeywordExecutor.executeKeywordForPlatform(KeywordExecutor.groovy:56)
	at com.kms.katalon.core.webui.keyword.WebUiBuiltInKeywords.click(WebUiBuiltInKeywords.groovy:616)
	at com.kms.katalon.core.webui.keyword.WebUiBuiltInKeywords$click$2.call(Unknown Source)
	at Script1542870641933.run(Script1542870641933.groovy:40)
	at com.kms.katalon.core.main.ScriptEngine.run(ScriptEngine.java:194)
	at com.kms.katalon.core.main.ScriptEngine.runScriptAsRawText(ScriptEngine.java:119)
	at com.kms.katalon.core.main.TestCaseExecutor.runScript(TestCaseExecutor.java:331)
	at com.kms.katalon.core.main.TestCaseExecutor.doExecute(TestCaseExecutor.java:322)
	at com.kms.katalon.core.main.TestCaseExecutor.processExecutionPhase(TestCaseExecutor.java:301)
	at com.kms.katalon.core.main.TestCaseExecutor.accessMainPhase(TestCaseExecutor.java:293)
	at com.kms.katalon.core.main.TestCaseExecutor.execute(TestCaseExecutor.java:227)
	at com.kms.katalon.core.main.TestCaseMain.runTestCase(TestCaseMain.java:114)
	at com.kms.katalon.core.keyword.builtin.CallTestCaseKeyword$_callTestCase_closure1.doCall(CallTestCaseKeyword.groovy:59)
	at com.kms.katalon.core.keyword.builtin.CallTestCaseKeyword$_callTestCase_closure1.call(CallTestCaseKeyword.groovy)
	at com.kms.katalon.core.keyword.internal.KeywordMain.runKeyword(KeywordMain.groovy:66)
	at com.kms.katalon.core.keyword.builtin.CallTestCaseKeyword.callTestCase(CallTestCaseKeyword.groovy:81)
	at com.kms.katalon.core.keyword.builtin.CallTestCaseKeyword.execute(CallTestCaseKeyword.groovy:44)
	at com.kms.katalon.core.keyword.internal.KeywordExecutor.executeKeywordForPlatform(KeywordExecutor.groovy:56)
	at com.kms.katalon.core.keyword.BuiltinKeywords.callTestCase(BuiltinKeywords.groovy:334)
	at Script1535855240364.run(Script1535855240364.groovy:15)
	at com.kms.katalon.core.main.ScriptEngine.run(ScriptEngine.java:194)
	at com.kms.katalon.core.main.ScriptEngine.runScriptAsRawText(ScriptEngine.java:119)
	at com.kms.katalon.core.main.TestCaseExecutor.runScript(TestCaseExecutor.java:331)
	at com.kms.katalon.core.main.TestCaseExecutor.doExecute(TestCaseExecutor.java:322)
	at com.kms.katalon.core.main.TestCaseExecutor.processExecutionPhase(TestCaseExecutor.java:301)
	at com.kms.katalon.core.main.TestCaseExecutor.accessMainPhase(TestCaseExecutor.java:293)
	at com.kms.katalon.core.main.TestCaseExecutor.execute(TestCaseExecutor.java:227)
	at com.kms.katalon.core.main.TestCaseMain.runTestCase(TestCaseMain.java:114)
	at com.kms.katalon.core.keyword.builtin.CallTestCaseKeyword$_callTestCase_closure1.doCall(CallTestCaseKeyword.groovy:59)
	at com.kms.katalon.core.keyword.builtin.CallTestCaseKeyword$_callTestCase_closure1.call(CallTestCaseKeyword.groovy)
	at com.kms.katalon.core.keyword.internal.KeywordMain.runKeyword(KeywordMain.groovy:66)
	at com.kms.katalon.core.keyword.builtin.CallTestCaseKeyword.callTestCase(CallTestCaseKeyword.groovy:81)
	at com.kms.katalon.core.keyword.builtin.CallTestCaseKeyword.execute(CallTestCaseKeyword.groovy:44)
	at com.kms.katalon.core.keyword.internal.KeywordExecutor.executeKeywordForPlatform(KeywordExecutor.groovy:56)
	at com.kms.katalon.core.keyword.BuiltinKeywords.callTestCase(BuiltinKeywords.groovy:334)
	at Script1555055014122.run(Script1555055014122.groovy:22)
	... 13 more]]></system-err>
   </testsuite>
</testsuites>
