<?xml version="1.0" encoding="UTF-8"?>
<testsuites name="operationalDashboard" time="1165" tests="61" failures="6" errors="0">
   <testsuite name="operationalDashboard" tests="61" failures="6" errors="0" time="1165" timestamp="2019-04-26 12:42:15" hostname="cloudkibo - 10.0.2.15" id="Test Suites/operationalDashboard">
      <properties>
         <property name="deviceName" value=""/>
         <property name="devicePlatform" value=""/>
         <property name="logFolder" value="C:\\Users\\cloudkibo\\Desktop\\KiboPush_Automated_Testing\\KiboPush Katalon\\Reports\\operationalDashboard\\20190426_120210"/>
         <property name="logFiles" value="C:\\Users\\cloudkibo\\Desktop\\KiboPush_Automated_Testing\\KiboPush Katalon\\Reports\\operationalDashboard\\20190426_120210\\execution0.log"/>
         <property name="attachments" value=""/>
         <property name="hostName" value="cloudkibo - 10.0.2.15"/>
         <property name="os" value="Windows 10 64bit"/>
         <property name="katalonVersion" value="5.6.0.1"/>
         <property name="browser" value="Chrome 73.0.3683.103"/>
         <property name="hostAddress" value="10.0.2.15"/>
         <property name="sessionId" value="141e8d0dcc6e5f1cd35bb91d8d11880b"/>
         <property name="seleniumVersion" value="3.7.1"/>
         <property name="proxyInformation" value="ProxyInformation{proxyOption=NO_PROXY, proxyServerType=HTTP, password=, proxyServerAddress=, proxyServerPort=0}"/>
         <property name="platform" value="Windows 10"/>
      </properties>
      <testcase name="Test Cases/s-sidebar_navigation/individualAccount/arveen_production_login_kiboengage" classname="Test Cases/s-sidebar_navigation/individualAccount/arveen_production_login_kiboengage" status="PASSED">
         <system-out><![CDATA[2019-04-26 12:42:16 - [TEST_CASE][PASSED] - Test Cases/s-sidebar_navigation/individualAccount/arveen_production_login_kiboengage: Test Cases/s-sidebar_navigation/individualAccount/arveen_production_login_kiboengage

2019-04-26 12:42:17 - [TEST_STEP][PASSED] - openBrowser: Browser is opened with url: ''

2019-04-26 12:42:24 - [MESSAGE][PASSED] - Browser is opened with url: ''

2019-04-26 12:42:24 - [TEST_STEP][PASSED] - maximizeWindow: Current window maximized

2019-04-26 12:42:26 - [MESSAGE][PASSED] - Current window maximized

2019-04-26 12:42:26 - [TEST_STEP][PASSED] - navigateToUrl: Navigate to 'https://kiboengage.cloudkibo.com/' successfully

2019-04-26 12:42:45 - [MESSAGE][PASSED] - Navigate to 'https://kiboengage.cloudkibo.com/' successfully

2019-04-26 12:42:45 - [TEST_STEP][PASSED] - navigateToUrl: Navigate to 'https://accounts.cloudkibo.com/?continue=https://kiboengage.cloudkibo.com' successfully

2019-04-26 12:42:46 - [MESSAGE][PASSED] - Navigate to 'https://accounts.cloudkibo.com/?continue=https://kiboengage.cloudkibo.com' successfully

2019-04-26 12:42:46 - [TEST_STEP][PASSED] - click: Object: 'Object Repository/Page_CloudKibo/a_Login (2) (1) (1)' is clicked on

2019-04-26 12:42:47 - [MESSAGE][PASSED] - Object: 'Object Repository/Page_CloudKibo/a_Login (2) (1) (1)' is clicked on

2019-04-26 12:42:47 - [TEST_STEP][PASSED] - setText: Text 'individual@cloudkibo.com' is set on object 'Object Repository/Page_KiboPush/input_email (10) (1) (1)'

2019-04-26 12:42:48 - [MESSAGE][PASSED] - Text 'individual@cloudkibo.com' is set on object 'Object Repository/Page_KiboPush/input_email (10) (1) (1)'

2019-04-26 12:42:48 - [TEST_STEP][PASSED] - setEncryptedText: Text ****** has been set on object 'Object Repository/Page_CloudKibo/input_Sign In_password (7)'

2019-04-26 12:42:48 - [MESSAGE][PASSED] - Text ****** has been set on object 'Object Repository/Page_CloudKibo/input_Sign In_password (7)'

2019-04-26 12:42:48 - [TEST_STEP][PASSED] - click: Object: 'Object Repository/Page_KiboPush/button_Sign In (10) (1) (2)' is clicked on

2019-04-26 12:42:48 - [MESSAGE][PASSED] - Object: 'Object Repository/Page_KiboPush/button_Sign In (10) (1) (2)' is clicked on

2019-04-26 12:42:48 - [TEST_STEP][PASSED] - click: Object: 'Object Repository/Page_KiboPush  Dashboard/h3_Dashboard (57)' is clicked on

2019-04-26 12:43:07 - [MESSAGE][PASSED] - Object: 'Object Repository/Page_KiboPush  Dashboard/h3_Dashboard (57)' is clicked on

2019-04-26 12:43:07 - [TEST_STEP][PASSED] - delay: Delayed 3 second(s)

2019-04-26 12:43:10 - [MESSAGE][PASSED] - Delayed 3 second(s)

2019-04-26 12:43:10 - [TEST_STEP][PASSED] - click: Object: 'Object Repository/Page_KiboEngage  Dashboard/a_SMS (2) (1) (1) (1) (3)' is clicked on

2019-04-26 12:43:11 - [MESSAGE][PASSED] - Object: 'Object Repository/Page_KiboEngage  Dashboard/a_SMS (2) (1) (1) (1) (3)' is clicked on

2019-04-26 12:43:11 - [TEST_STEP][PASSED] - delay: Delayed 2 second(s)

2019-04-26 12:43:13 - [MESSAGE][PASSED] - Delayed 2 second(s)

2019-04-26 12:43:13 - [TEST_STEP][PASSED] - click: Object: 'Object Repository/Page_KiboEngage  Dashboard/span_Messenger (1) (1) (1) (3)' is clicked on

2019-04-26 12:43:13 - [MESSAGE][PASSED] - Object: 'Object Repository/Page_KiboEngage  Dashboard/span_Messenger (1) (1) (1) (3)' is clicked on

2019-04-26 12:43:13 - [TEST_STEP][PASSED] - delay: Delayed 2 second(s)

2019-04-26 12:43:15 - [MESSAGE][PASSED] - Delayed 2 second(s)]]></system-out>
         <system-err><![CDATA[]]></system-err>
      </testcase>
      <testcase name="Test Cases/Operational_Dashboard/115" classname="Test Cases/Operational_Dashboard/115" status="PASSED">
         <system-out><![CDATA[2019-04-26 12:43:15 - [TEST_CASE][PASSED] - Test Cases/Operational_Dashboard/115: Test Cases/Operational_Dashboard/115

2019-04-26 12:43:16 - [TEST_STEP][PASSED] - callTestCase: Call Test Case 'Test Cases/Operational_Dashboard/Login' successfully

2019-04-26 12:43:16 - [TEST_CASE][PASSED] - Test Cases/Operational_Dashboard/Login: Test Cases/Operational_Dashboard/Login

2019-04-26 12:43:16 - [TEST_STEP][PASSED] - callTestCase: Call Test Case 'Test Cases/s-sidebar_navigation/individualAccount/operationalDashboard' successfully

2019-04-26 12:43:16 - [TEST_CASE][PASSED] - Test Cases/s-sidebar_navigation/individualAccount/operationalDashboard: Test Cases/s-sidebar_navigation/individualAccount/operationalDashboard

2019-04-26 12:43:16 - [TEST_STEP][PASSED] - click: Object: 'Object Repository/Page_KiboEngage  Subscribers/span_Subscribers' is clicked on

2019-04-26 12:43:17 - [MESSAGE][PASSED] - Object: 'Object Repository/Page_KiboEngage  Subscribers/span_Subscribers' is clicked on

2019-04-26 12:43:17 - [TEST_STEP][PASSED] - click: Object: 'Object Repository/Page_KiboEngage  Subscribers/span_Operational Dashboard (1)' is clicked on

2019-04-26 12:43:17 - [MESSAGE][PASSED] - Object: 'Object Repository/Page_KiboEngage  Subscribers/span_Operational Dashboard (1)' is clicked on

2019-04-26 12:43:17 - [TEST_STEP][PASSED] - scrollToPosition: Browser is scrolled to position x = 0, y = 0

2019-04-26 12:43:17 - [MESSAGE][PASSED] - Browser is scrolled to position x = 0, y = 0

2019-04-26 12:43:17 - [TEST_STEP][PASSED] - delay: Delayed 2 second(s)

2019-04-26 12:43:19 - [MESSAGE][PASSED] - Delayed 2 second(s)

2019-04-26 12:43:19 - [TEST_STEP][PASSED] - click: Object: 'Object Repository/Page_KiboEngage  Operational Dashbo/h3_Pages Info (7)' is clicked on

2019-04-26 12:43:20 - [MESSAGE][PASSED] - Object: 'Object Repository/Page_KiboEngage  Operational Dashbo/h3_Pages Info (7)' is clicked on

2019-04-26 12:43:20 - [MESSAGE][PASSED] - Call Test Case 'Test Cases/s-sidebar_navigation/individualAccount/operationalDashboard' successfully

2019-04-26 12:43:20 - [MESSAGE][PASSED] - Call Test Case 'Test Cases/Operational_Dashboard/Login' successfully

2019-04-26 12:43:20 - [TEST_STEP][PASSED] - selectOptionByValue: All options with value '30' are selected in object 'Object Repository/Page_KiboEngage  Operational Dashbo/select_Filter by lastAll10 day'  using regular expression

2019-04-26 12:43:21 - [MESSAGE][PASSED] - All options with value '30' are selected in object 'Object Repository/Page_KiboEngage  Operational Dashbo/select_Filter by lastAll10 day'  using regular expression

2019-04-26 12:43:21 - [TEST_STEP][PASSED] - delay: Delayed 2 second(s)

2019-04-26 12:43:23 - [MESSAGE][PASSED] - Delayed 2 second(s)

2019-04-26 12:43:23 - [TEST_STEP][PASSED] - Statement - driver = com.kms.katalon.core.webui.driver.DriverFactory.getWebDriver(): null

2019-04-26 12:43:23 - [TEST_STEP][PASSED] - Statement - broadcast = driver.findElement(org.openqa.selenium.By.xpath("//*[@id="content"]/div/div/div/div[2]/div[3]/div[1]/div[2]/div[2]/div/div[2]/div[1]/div/div/div")): null

2019-04-26 12:43:23 - [TEST_STEP][PASSED] - Statement - broadcast_data_1 = java.lang.Integer.parseInt(text.split("
")[0].toString()): null

2019-04-26 12:43:23 - [TEST_STEP][PASSED] - Statement - println(broadcast_data_1): null

2019-04-26 12:43:23 - [TEST_STEP][PASSED] - Statement - poll = driver.findElement(org.openqa.selenium.By.xpath("//*[@id="content"]/div/div/div/div[2]/div[3]/div[1]/div[2]/div[2]/div/div[1]/div[3]/div/div/div")): null

2019-04-26 12:43:23 - [TEST_STEP][PASSED] - Statement - poll_data_1 = java.lang.Integer.parseInt(text.split("
")[0].toString()): null

2019-04-26 12:43:23 - [TEST_STEP][PASSED] - Statement - println(poll_data_1): null

2019-04-26 12:43:23 - [TEST_STEP][PASSED] - Statement - survey = driver.findElement(org.openqa.selenium.By.xpath("//*[@id="content"]/div/div/div/div[2]/div[3]/div[1]/div[2]/div[2]/div/div[2]/div[3]/div/div/div")): null

2019-04-26 12:43:23 - [TEST_STEP][PASSED] - Statement - survey_data_1 = java.lang.Integer.parseInt(text.split("
")[0].toString()): null

2019-04-26 12:43:23 - [TEST_STEP][PASSED] - Statement - println(survey_data_1): null

2019-04-26 12:43:23 - [TEST_STEP][PASSED] - selectOptionByValue: All options with value '10' are selected in object 'Object Repository/Page_KiboEngage  Operational Dashbo/select_Filter by lastAll10 day'  using regular expression

2019-04-26 12:43:23 - [MESSAGE][PASSED] - All options with value '10' are selected in object 'Object Repository/Page_KiboEngage  Operational Dashbo/select_Filter by lastAll10 day'  using regular expression

2019-04-26 12:43:23 - [TEST_STEP][PASSED] - delay: Delayed 3 second(s)

2019-04-26 12:43:26 - [MESSAGE][PASSED] - Delayed 3 second(s)

2019-04-26 12:43:26 - [TEST_STEP][PASSED] - Statement - broadcast = driver.findElement(org.openqa.selenium.By.xpath("//*[@id="content"]/div/div/div/div[2]/div[3]/div[1]/div[2]/div[2]/div/div[2]/div[1]/div/div/div")): null

2019-04-26 12:43:26 - [TEST_STEP][PASSED] - Statement - broadcast_data_2 = java.lang.Integer.parseInt(text.split("
")[0].toString()): null

2019-04-26 12:43:26 - [TEST_STEP][PASSED] - Statement - println(broadcast_data_2): null

2019-04-26 12:43:26 - [TEST_STEP][PASSED] - Statement - poll = driver.findElement(org.openqa.selenium.By.xpath("//*[@id="content"]/div/div/div/div[2]/div[3]/div[1]/div[2]/div[2]/div/div[1]/div[3]/div/div/div")): null

2019-04-26 12:43:26 - [TEST_STEP][PASSED] - Statement - poll_data_2 = java.lang.Integer.parseInt(text.split("
")[0].toString()): null

2019-04-26 12:43:26 - [TEST_STEP][PASSED] - Statement - println(poll_data_2): null

2019-04-26 12:43:26 - [TEST_STEP][PASSED] - Statement - survey = driver.findElement(org.openqa.selenium.By.xpath("//*[@id="content"]/div/div/div/div[2]/div[3]/div[1]/div[2]/div[2]/div/div[2]/div[3]/div/div/div")): null

2019-04-26 12:43:26 - [TEST_STEP][PASSED] - Statement - survey_data_2 = java.lang.Integer.parseInt(text.split("
")[0].toString()): null

2019-04-26 12:43:26 - [TEST_STEP][PASSED] - Statement - println(survey_data_2): null

2019-04-26 12:43:26 - [TEST_STEP][PASSED] - Statement - If (broadcast_data_1 > broadcast_data_2 && poll_data_1 > poll_data_2 && survey_data_1 > survey_data_2): Actual object '1' and expected object '1' are equal

2019-04-26 12:43:26 - [TEST_STEP][PASSED] - verifyEqual: Actual object '1' and expected object '1' are equal

2019-04-26 12:43:26 - [MESSAGE][PASSED] - Actual object '1' and expected object '1' are equal]]></system-out>
         <system-err><![CDATA[]]></system-err>
      </testcase>
      <testcase name="Test Cases/Operational_Dashboard/116" classname="Test Cases/Operational_Dashboard/116" status="PASSED">
         <system-out><![CDATA[2019-04-26 12:43:26 - [TEST_CASE][PASSED] - Test Cases/Operational_Dashboard/116: Test Cases/Operational_Dashboard/116

2019-04-26 12:43:27 - [TEST_STEP][PASSED] - callTestCase: Call Test Case 'Test Cases/Operational_Dashboard/Login' successfully

2019-04-26 12:43:27 - [TEST_CASE][PASSED] - Test Cases/Operational_Dashboard/Login: Test Cases/Operational_Dashboard/Login

2019-04-26 12:43:27 - [TEST_STEP][PASSED] - callTestCase: Call Test Case 'Test Cases/s-sidebar_navigation/individualAccount/operationalDashboard' successfully

2019-04-26 12:43:27 - [TEST_CASE][PASSED] - Test Cases/s-sidebar_navigation/individualAccount/operationalDashboard: Test Cases/s-sidebar_navigation/individualAccount/operationalDashboard

2019-04-26 12:43:27 - [TEST_STEP][PASSED] - click: Object: 'Object Repository/Page_KiboEngage  Subscribers/span_Subscribers' is clicked on

2019-04-26 12:43:28 - [MESSAGE][PASSED] - Object: 'Object Repository/Page_KiboEngage  Subscribers/span_Subscribers' is clicked on

2019-04-26 12:43:28 - [TEST_STEP][PASSED] - click: Object: 'Object Repository/Page_KiboEngage  Subscribers/span_Operational Dashboard (1)' is clicked on

2019-04-26 12:43:28 - [MESSAGE][PASSED] - Object: 'Object Repository/Page_KiboEngage  Subscribers/span_Operational Dashboard (1)' is clicked on

2019-04-26 12:43:28 - [TEST_STEP][PASSED] - scrollToPosition: Browser is scrolled to position x = 0, y = 0

2019-04-26 12:43:28 - [MESSAGE][PASSED] - Browser is scrolled to position x = 0, y = 0

2019-04-26 12:43:28 - [TEST_STEP][PASSED] - delay: Delayed 2 second(s)

2019-04-26 12:43:30 - [MESSAGE][PASSED] - Delayed 2 second(s)

2019-04-26 12:43:30 - [TEST_STEP][PASSED] - click: Object: 'Object Repository/Page_KiboEngage  Operational Dashbo/h3_Pages Info (7)' is clicked on

2019-04-26 12:43:31 - [MESSAGE][PASSED] - Object: 'Object Repository/Page_KiboEngage  Operational Dashbo/h3_Pages Info (7)' is clicked on

2019-04-26 12:43:31 - [MESSAGE][PASSED] - Call Test Case 'Test Cases/s-sidebar_navigation/individualAccount/operationalDashboard' successfully

2019-04-26 12:43:31 - [MESSAGE][PASSED] - Call Test Case 'Test Cases/Operational_Dashboard/Login' successfully

2019-04-26 12:43:31 - [TEST_STEP][PASSED] - Statement - driver = com.kms.katalon.core.webui.driver.DriverFactory.getWebDriver(): null

2019-04-26 12:43:31 - [TEST_STEP][PASSED] - Statement - subscriber1 = driver.findElement(org.openqa.selenium.By.xpath("//*[@id="m_widget5_tab1_content"]/div/div[1]/div[1]/div/div[3]/span[1]")): null

2019-04-26 12:43:31 - [TEST_STEP][PASSED] - Statement - subscriber2 = driver.findElement(org.openqa.selenium.By.xpath("//*[@id="m_widget5_tab1_content"]/div/div[1]/div[2]/div/div[3]/span[1]")): null

2019-04-26 12:43:31 - [TEST_STEP][PASSED] - Statement - subscriber3 = driver.findElement(org.openqa.selenium.By.xpath("//*[@id="m_widget5_tab1_content"]/div/div[2]/div[1]/div/div[3]/span[1]")): null

2019-04-26 12:43:31 - [TEST_STEP][PASSED] - Statement - subscriber4 = driver.findElement(org.openqa.selenium.By.xpath("//*[@id="m_widget5_tab1_content"]/div/div[2]/div[2]/div/div[3]/span[1]")): null

2019-04-26 12:43:31 - [TEST_STEP][PASSED] - Statement - subscriber5 = driver.findElement(org.openqa.selenium.By.xpath("//*[@id="m_widget5_tab1_content"]/div/div[3]/div[1]/div/div[3]/span[1]")): null

2019-04-26 12:43:31 - [TEST_STEP][PASSED] - Statement - subscriber6 = driver.findElement(org.openqa.selenium.By.xpath("//*[@id="m_widget5_tab1_content"]/div/div[3]/div[2]/div/div[3]/span[1]")): null

2019-04-26 12:43:31 - [TEST_STEP][PASSED] - Statement - subscriber7 = driver.findElement(org.openqa.selenium.By.xpath("//*[@id="m_widget5_tab1_content"]/div/div[4]/div[1]/div/div[3]/span[1]")): null

2019-04-26 12:43:31 - [TEST_STEP][PASSED] - Statement - subscriber8 = driver.findElement(org.openqa.selenium.By.xpath("//*[@id="m_widget5_tab1_content"]/div/div[4]/div[2]/div/div[3]/span[1]")): null

2019-04-26 12:43:31 - [TEST_STEP][PASSED] - Statement - subscriber9 = driver.findElement(org.openqa.selenium.By.xpath("//*[@id="m_widget5_tab1_content"]/div/div[5]/div[1]/div/div[3]/span[1]")): null

2019-04-26 12:43:31 - [TEST_STEP][PASSED] - Statement - subscriber10 = driver.findElement(org.openqa.selenium.By.xpath("//*[@id="m_widget5_tab1_content"]/div/div[5]/div[2]/div/div[3]/span[1]")): null

2019-04-26 12:43:31 - [TEST_STEP][PASSED] - Statement - subscriber_count_1 = java.lang.Integer.parseInt(text): null

2019-04-26 12:43:31 - [TEST_STEP][PASSED] - Statement - subscriber_count_2 = java.lang.Integer.parseInt(text): null

2019-04-26 12:43:31 - [TEST_STEP][PASSED] - Statement - subscriber_count_3 = java.lang.Integer.parseInt(text): null

2019-04-26 12:43:31 - [TEST_STEP][PASSED] - Statement - subscriber_count_4 = java.lang.Integer.parseInt(text): null

2019-04-26 12:43:31 - [TEST_STEP][PASSED] - Statement - subscriber_count_5 = java.lang.Integer.parseInt(text): null

2019-04-26 12:43:31 - [TEST_STEP][PASSED] - Statement - subscriber_count_6 = java.lang.Integer.parseInt(text): null

2019-04-26 12:43:31 - [TEST_STEP][PASSED] - Statement - subscriber_count_7 = java.lang.Integer.parseInt(text): null

2019-04-26 12:43:31 - [TEST_STEP][PASSED] - Statement - subscriber_count_8 = java.lang.Integer.parseInt(text): null

2019-04-26 12:43:31 - [TEST_STEP][PASSED] - Statement - subscriber_count_9 = java.lang.Integer.parseInt(text): null

2019-04-26 12:43:31 - [TEST_STEP][PASSED] - Statement - subscriber_count_10 = java.lang.Integer.parseInt(text): null

2019-04-26 12:43:31 - [TEST_STEP][PASSED] - Statement - If (subscriber_count_1 > subscriber_count_2 && subscriber_count_2 > subscriber_count_3 && subscriber_count_3 > subscriber_count_4 && subscriber_count_4 > subscriber_count_5 && subscriber_count_5 > subscriber_count_6 && subscriber_count_6 > subscriber_count_7 && subscriber_count_7 > subscriber_count_8 && subscriber_count_8 > subscriber_count_9 && subscriber_count_9 > subscriber_count_10): Actual object '1' and expected object '1' are equal

2019-04-26 12:43:31 - [TEST_STEP][PASSED] - verifyEqual: Actual object '1' and expected object '1' are equal

2019-04-26 12:43:31 - [MESSAGE][PASSED] - Actual object '1' and expected object '1' are equal]]></system-out>
         <system-err><![CDATA[]]></system-err>
      </testcase>
      <testcase name="Test Cases/Operational_Dashboard/117" classname="Test Cases/Operational_Dashboard/117" status="PASSED">
         <system-out><![CDATA[2019-04-26 12:43:31 - [TEST_CASE][PASSED] - Test Cases/Operational_Dashboard/117: Test Cases/Operational_Dashboard/117

2019-04-26 12:43:32 - [TEST_STEP][PASSED] - callTestCase: Call Test Case 'Test Cases/Operational_Dashboard/Login' successfully

2019-04-26 12:43:32 - [TEST_CASE][PASSED] - Test Cases/Operational_Dashboard/Login: Test Cases/Operational_Dashboard/Login

2019-04-26 12:43:32 - [TEST_STEP][PASSED] - callTestCase: Call Test Case 'Test Cases/s-sidebar_navigation/individualAccount/operationalDashboard' successfully

2019-04-26 12:43:32 - [TEST_CASE][PASSED] - Test Cases/s-sidebar_navigation/individualAccount/operationalDashboard: Test Cases/s-sidebar_navigation/individualAccount/operationalDashboard

2019-04-26 12:43:32 - [TEST_STEP][PASSED] - click: Object: 'Object Repository/Page_KiboEngage  Subscribers/span_Subscribers' is clicked on

2019-04-26 12:43:33 - [MESSAGE][PASSED] - Object: 'Object Repository/Page_KiboEngage  Subscribers/span_Subscribers' is clicked on

2019-04-26 12:43:33 - [TEST_STEP][PASSED] - click: Object: 'Object Repository/Page_KiboEngage  Subscribers/span_Operational Dashboard (1)' is clicked on

2019-04-26 12:43:33 - [MESSAGE][PASSED] - Object: 'Object Repository/Page_KiboEngage  Subscribers/span_Operational Dashboard (1)' is clicked on

2019-04-26 12:43:33 - [TEST_STEP][PASSED] - scrollToPosition: Browser is scrolled to position x = 0, y = 0

2019-04-26 12:43:33 - [MESSAGE][PASSED] - Browser is scrolled to position x = 0, y = 0

2019-04-26 12:43:33 - [TEST_STEP][PASSED] - delay: Delayed 2 second(s)

2019-04-26 12:43:35 - [MESSAGE][PASSED] - Delayed 2 second(s)

2019-04-26 12:43:35 - [TEST_STEP][PASSED] - click: Object: 'Object Repository/Page_KiboEngage  Operational Dashbo/h3_Pages Info (7)' is clicked on

2019-04-26 12:43:35 - [MESSAGE][PASSED] - Object: 'Object Repository/Page_KiboEngage  Operational Dashbo/h3_Pages Info (7)' is clicked on

2019-04-26 12:43:35 - [MESSAGE][PASSED] - Call Test Case 'Test Cases/s-sidebar_navigation/individualAccount/operationalDashboard' successfully

2019-04-26 12:43:35 - [MESSAGE][PASSED] - Call Test Case 'Test Cases/Operational_Dashboard/Login' successfully

2019-04-26 12:43:35 - [TEST_STEP][PASSED] - Statement - driver = com.kms.katalon.core.webui.driver.DriverFactory.getWebDriver(): null

2019-04-26 12:43:35 - [TEST_STEP][PASSED] - Statement - subscriber = driver.findElement(org.openqa.selenium.By.xpath("//*[@id="m_widget5_tab1_content"]/div/div[1]/div[1]/div/div[4]/span/a")): null

2019-04-26 12:43:35 - [TEST_STEP][PASSED] - Statement - subscriber.click(): null

2019-04-26 12:43:36 - [TEST_STEP][PASSED] - scrollToPosition: Browser is scrolled to position x = 0, y = 0

2019-04-26 12:43:36 - [MESSAGE][PASSED] - Browser is scrolled to position x = 0, y = 0

2019-04-26 12:43:36 - [TEST_STEP][PASSED] - click: Object: 'Object Repository/Page_KiboEngage  Page Subscribers/h3_Subscribers' is clicked on

2019-04-26 12:43:36 - [MESSAGE][PASSED] - Object: 'Object Repository/Page_KiboEngage  Page Subscribers/h3_Subscribers' is clicked on

2019-04-26 12:43:36 - [TEST_STEP][PASSED] - delay: Delayed 5 second(s)

2019-04-26 12:43:41 - [MESSAGE][PASSED] - Delayed 5 second(s)

2019-04-26 12:43:41 - [TEST_STEP][PASSED] - Statement - Table = driver.findElement(org.openqa.selenium.By.xpath("//table/tbody")): null

2019-04-26 12:43:41 - [TEST_STEP][PASSED] - Statement - rows_table = Table.findElements(org.openqa.selenium.By.tagName("tr")): null

2019-04-26 12:43:41 - [TEST_STEP][PASSED] - Statement - rows_count = rows_table.size(): null

2019-04-26 12:43:41 - [TEST_STEP][PASSED] - verifyEqual: Actual object '10' and expected object '10' are equal

2019-04-26 12:43:41 - [MESSAGE][PASSED] - Actual object '10' and expected object '10' are equal]]></system-out>
         <system-err><![CDATA[]]></system-err>
      </testcase>
      <testcase name="Test Cases/Operational_Dashboard/118" classname="Test Cases/Operational_Dashboard/118" status="PASSED">
         <system-out><![CDATA[2019-04-26 12:43:41 - [TEST_CASE][PASSED] - Test Cases/Operational_Dashboard/118: Test Cases/Operational_Dashboard/118

2019-04-26 12:43:41 - [TEST_STEP][PASSED] - callTestCase: Call Test Case 'Test Cases/Operational_Dashboard/117' successfully

2019-04-26 12:43:41 - [TEST_CASE][PASSED] - Test Cases/Operational_Dashboard/117: Test Cases/Operational_Dashboard/117

2019-04-26 12:43:41 - [TEST_STEP][PASSED] - callTestCase: Call Test Case 'Test Cases/Operational_Dashboard/Login' successfully

2019-04-26 12:43:41 - [TEST_CASE][PASSED] - Test Cases/Operational_Dashboard/Login: Test Cases/Operational_Dashboard/Login

2019-04-26 12:43:41 - [TEST_STEP][PASSED] - callTestCase: Call Test Case 'Test Cases/s-sidebar_navigation/individualAccount/operationalDashboard' successfully

2019-04-26 12:43:42 - [TEST_CASE][PASSED] - Test Cases/s-sidebar_navigation/individualAccount/operationalDashboard: Test Cases/s-sidebar_navigation/individualAccount/operationalDashboard

2019-04-26 12:43:42 - [TEST_STEP][PASSED] - click: Object: 'Object Repository/Page_KiboEngage  Subscribers/span_Subscribers' is clicked on

2019-04-26 12:43:42 - [MESSAGE][PASSED] - Object: 'Object Repository/Page_KiboEngage  Subscribers/span_Subscribers' is clicked on

2019-04-26 12:43:42 - [TEST_STEP][PASSED] - click: Object: 'Object Repository/Page_KiboEngage  Subscribers/span_Operational Dashboard (1)' is clicked on

2019-04-26 12:43:42 - [MESSAGE][PASSED] - Object: 'Object Repository/Page_KiboEngage  Subscribers/span_Operational Dashboard (1)' is clicked on

2019-04-26 12:43:42 - [TEST_STEP][PASSED] - scrollToPosition: Browser is scrolled to position x = 0, y = 0

2019-04-26 12:43:42 - [MESSAGE][PASSED] - Browser is scrolled to position x = 0, y = 0

2019-04-26 12:43:42 - [TEST_STEP][PASSED] - delay: Delayed 2 second(s)

2019-04-26 12:43:44 - [MESSAGE][PASSED] - Delayed 2 second(s)

2019-04-26 12:43:44 - [TEST_STEP][PASSED] - click: Object: 'Object Repository/Page_KiboEngage  Operational Dashbo/h3_Pages Info (7)' is clicked on

2019-04-26 12:43:45 - [MESSAGE][PASSED] - Object: 'Object Repository/Page_KiboEngage  Operational Dashbo/h3_Pages Info (7)' is clicked on

2019-04-26 12:43:45 - [MESSAGE][PASSED] - Call Test Case 'Test Cases/s-sidebar_navigation/individualAccount/operationalDashboard' successfully

2019-04-26 12:43:45 - [MESSAGE][PASSED] - Call Test Case 'Test Cases/Operational_Dashboard/Login' successfully

2019-04-26 12:43:45 - [TEST_STEP][PASSED] - Statement - driver = com.kms.katalon.core.webui.driver.DriverFactory.getWebDriver(): null

2019-04-26 12:43:45 - [TEST_STEP][PASSED] - Statement - subscriber = driver.findElement(org.openqa.selenium.By.xpath("//*[@id="m_widget5_tab1_content"]/div/div[1]/div[1]/div/div[4]/span/a")): null

2019-04-26 12:43:45 - [TEST_STEP][PASSED] - Statement - subscriber.click(): null

2019-04-26 12:43:45 - [TEST_STEP][PASSED] - scrollToPosition: Browser is scrolled to position x = 0, y = 0

2019-04-26 12:43:45 - [MESSAGE][PASSED] - Browser is scrolled to position x = 0, y = 0

2019-04-26 12:43:45 - [TEST_STEP][PASSED] - click: Object: 'Object Repository/Page_KiboEngage  Page Subscribers/h3_Subscribers' is clicked on

2019-04-26 12:43:45 - [MESSAGE][PASSED] - Object: 'Object Repository/Page_KiboEngage  Page Subscribers/h3_Subscribers' is clicked on

2019-04-26 12:43:45 - [TEST_STEP][PASSED] - delay: Delayed 5 second(s)

2019-04-26 12:43:50 - [MESSAGE][PASSED] - Delayed 5 second(s)

2019-04-26 12:43:50 - [TEST_STEP][PASSED] - Statement - Table = driver.findElement(org.openqa.selenium.By.xpath("//table/tbody")): null

2019-04-26 12:43:50 - [TEST_STEP][PASSED] - Statement - rows_table = Table.findElements(org.openqa.selenium.By.tagName("tr")): null

2019-04-26 12:43:50 - [TEST_STEP][PASSED] - Statement - rows_count = rows_table.size(): null

2019-04-26 12:43:50 - [TEST_STEP][PASSED] - verifyEqual: Actual object '10' and expected object '10' are equal

2019-04-26 12:43:50 - [MESSAGE][PASSED] - Actual object '10' and expected object '10' are equal

2019-04-26 12:43:50 - [MESSAGE][PASSED] - Call Test Case 'Test Cases/Operational_Dashboard/117' successfully

2019-04-26 12:43:50 - [TEST_STEP][PASSED] - setText: Text 'Zain Majid' is set on object 'Object Repository/Page_KiboEngage  Page Subscribers/input_form-control m-input m-i'

2019-04-26 12:43:50 - [MESSAGE][PASSED] - Text 'Zain Majid' is set on object 'Object Repository/Page_KiboEngage  Page Subscribers/input_form-control m-input m-i'

2019-04-26 12:43:50 - [TEST_STEP][PASSED] - Statement - driver = com.kms.katalon.core.webui.driver.DriverFactory.getWebDriver(): null

2019-04-26 12:43:50 - [TEST_STEP][PASSED] - delay: Delayed 5 second(s)

2019-04-26 12:43:55 - [MESSAGE][PASSED] - Delayed 5 second(s)

2019-04-26 12:43:55 - [TEST_STEP][PASSED] - Statement - Table = driver.findElement(org.openqa.selenium.By.xpath("//table/tbody")): null

2019-04-26 12:43:55 - [TEST_STEP][PASSED] - Statement - rows_table = Table.findElements(org.openqa.selenium.By.tagName("tr")): null

2019-04-26 12:43:55 - [TEST_STEP][PASSED] - Statement - rows_count = rows_table.size(): null

2019-04-26 12:43:55 - [TEST_STEP][PASSED] - verifyEqual: Actual object '1' and expected object '1' are equal

2019-04-26 12:43:55 - [MESSAGE][PASSED] - Actual object '1' and expected object '1' are equal]]></system-out>
         <system-err><![CDATA[]]></system-err>
      </testcase>
      <testcase name="Test Cases/Operational_Dashboard/122" classname="Test Cases/Operational_Dashboard/122" status="PASSED">
         <system-out><![CDATA[2019-04-26 12:43:55 - [TEST_CASE][PASSED] - Test Cases/Operational_Dashboard/122: Test Cases/Operational_Dashboard/122

2019-04-26 12:43:56 - [TEST_STEP][PASSED] - callTestCase: Call Test Case 'Test Cases/Operational_Dashboard/117' successfully

2019-04-26 12:43:56 - [TEST_CASE][PASSED] - Test Cases/Operational_Dashboard/117: Test Cases/Operational_Dashboard/117

2019-04-26 12:43:56 - [TEST_STEP][PASSED] - callTestCase: Call Test Case 'Test Cases/Operational_Dashboard/Login' successfully

2019-04-26 12:43:56 - [TEST_CASE][PASSED] - Test Cases/Operational_Dashboard/Login: Test Cases/Operational_Dashboard/Login

2019-04-26 12:43:56 - [TEST_STEP][PASSED] - callTestCase: Call Test Case 'Test Cases/s-sidebar_navigation/individualAccount/operationalDashboard' successfully

2019-04-26 12:43:56 - [TEST_CASE][PASSED] - Test Cases/s-sidebar_navigation/individualAccount/operationalDashboard: Test Cases/s-sidebar_navigation/individualAccount/operationalDashboard

2019-04-26 12:43:56 - [TEST_STEP][PASSED] - click: Object: 'Object Repository/Page_KiboEngage  Subscribers/span_Subscribers' is clicked on

2019-04-26 12:43:56 - [MESSAGE][PASSED] - Object: 'Object Repository/Page_KiboEngage  Subscribers/span_Subscribers' is clicked on

2019-04-26 12:43:56 - [TEST_STEP][PASSED] - click: Object: 'Object Repository/Page_KiboEngage  Subscribers/span_Operational Dashboard (1)' is clicked on

2019-04-26 12:43:57 - [MESSAGE][PASSED] - Object: 'Object Repository/Page_KiboEngage  Subscribers/span_Operational Dashboard (1)' is clicked on

2019-04-26 12:43:57 - [TEST_STEP][PASSED] - scrollToPosition: Browser is scrolled to position x = 0, y = 0

2019-04-26 12:43:57 - [MESSAGE][PASSED] - Browser is scrolled to position x = 0, y = 0

2019-04-26 12:43:57 - [TEST_STEP][PASSED] - delay: Delayed 2 second(s)

2019-04-26 12:43:59 - [MESSAGE][PASSED] - Delayed 2 second(s)

2019-04-26 12:43:59 - [TEST_STEP][PASSED] - click: Object: 'Object Repository/Page_KiboEngage  Operational Dashbo/h3_Pages Info (7)' is clicked on

2019-04-26 12:43:59 - [MESSAGE][PASSED] - Object: 'Object Repository/Page_KiboEngage  Operational Dashbo/h3_Pages Info (7)' is clicked on

2019-04-26 12:43:59 - [MESSAGE][PASSED] - Call Test Case 'Test Cases/s-sidebar_navigation/individualAccount/operationalDashboard' successfully

2019-04-26 12:43:59 - [MESSAGE][PASSED] - Call Test Case 'Test Cases/Operational_Dashboard/Login' successfully

2019-04-26 12:43:59 - [TEST_STEP][PASSED] - Statement - driver = com.kms.katalon.core.webui.driver.DriverFactory.getWebDriver(): null

2019-04-26 12:43:59 - [TEST_STEP][PASSED] - Statement - subscriber = driver.findElement(org.openqa.selenium.By.xpath("//*[@id="m_widget5_tab1_content"]/div/div[1]/div[1]/div/div[4]/span/a")): null

2019-04-26 12:43:59 - [TEST_STEP][PASSED] - Statement - subscriber.click(): null

2019-04-26 12:43:59 - [TEST_STEP][PASSED] - scrollToPosition: Browser is scrolled to position x = 0, y = 0

2019-04-26 12:43:59 - [MESSAGE][PASSED] - Browser is scrolled to position x = 0, y = 0

2019-04-26 12:43:59 - [TEST_STEP][PASSED] - click: Object: 'Object Repository/Page_KiboEngage  Page Subscribers/h3_Subscribers' is clicked on

2019-04-26 12:43:59 - [MESSAGE][PASSED] - Object: 'Object Repository/Page_KiboEngage  Page Subscribers/h3_Subscribers' is clicked on

2019-04-26 12:43:59 - [TEST_STEP][PASSED] - delay: Delayed 5 second(s)

2019-04-26 12:44:04 - [MESSAGE][PASSED] - Delayed 5 second(s)

2019-04-26 12:44:04 - [TEST_STEP][PASSED] - Statement - Table = driver.findElement(org.openqa.selenium.By.xpath("//table/tbody")): null

2019-04-26 12:44:05 - [TEST_STEP][PASSED] - Statement - rows_table = Table.findElements(org.openqa.selenium.By.tagName("tr")): null

2019-04-26 12:44:05 - [TEST_STEP][PASSED] - Statement - rows_count = rows_table.size(): null

2019-04-26 12:44:05 - [TEST_STEP][PASSED] - verifyEqual: Actual object '10' and expected object '10' are equal

2019-04-26 12:44:05 - [MESSAGE][PASSED] - Actual object '10' and expected object '10' are equal

2019-04-26 12:44:05 - [MESSAGE][PASSED] - Call Test Case 'Test Cases/Operational_Dashboard/117' successfully

2019-04-26 12:44:05 - [TEST_STEP][PASSED] - click: Object: 'Object Repository/Page_KiboEngage  Page Subscribers/button_Back' is clicked on

2019-04-26 12:44:05 - [MESSAGE][PASSED] - Object: 'Object Repository/Page_KiboEngage  Page Subscribers/button_Back' is clicked on

2019-04-26 12:44:05 - [TEST_STEP][PASSED] - scrollToPosition: Browser is scrolled to position x = 0, y = 0

2019-04-26 12:44:05 - [MESSAGE][PASSED] - Browser is scrolled to position x = 0, y = 0

2019-04-26 12:44:05 - [TEST_STEP][PASSED] - click: Object: 'Object Repository/Page_KiboEngage  Operational Dashbo/h3_Pages Info (1)' is clicked on

2019-04-26 12:44:06 - [MESSAGE][PASSED] - Object: 'Object Repository/Page_KiboEngage  Operational Dashbo/h3_Pages Info (1)' is clicked on]]></system-out>
         <system-err><![CDATA[]]></system-err>
      </testcase>
      <testcase name="Test Cases/Operational_Dashboard/123" classname="Test Cases/Operational_Dashboard/123" status="PASSED">
         <system-out><![CDATA[2019-04-26 12:44:06 - [TEST_CASE][PASSED] - Test Cases/Operational_Dashboard/123: Test Cases/Operational_Dashboard/123

2019-04-26 12:44:06 - [TEST_STEP][PASSED] - callTestCase: Call Test Case 'Test Cases/Operational_Dashboard/117' successfully

2019-04-26 12:44:06 - [TEST_CASE][PASSED] - Test Cases/Operational_Dashboard/117: Test Cases/Operational_Dashboard/117

2019-04-26 12:44:06 - [TEST_STEP][PASSED] - callTestCase: Call Test Case 'Test Cases/Operational_Dashboard/Login' successfully

2019-04-26 12:44:06 - [TEST_CASE][PASSED] - Test Cases/Operational_Dashboard/Login: Test Cases/Operational_Dashboard/Login

2019-04-26 12:44:06 - [TEST_STEP][PASSED] - callTestCase: Call Test Case 'Test Cases/s-sidebar_navigation/individualAccount/operationalDashboard' successfully

2019-04-26 12:44:06 - [TEST_CASE][PASSED] - Test Cases/s-sidebar_navigation/individualAccount/operationalDashboard: Test Cases/s-sidebar_navigation/individualAccount/operationalDashboard

2019-04-26 12:44:06 - [TEST_STEP][PASSED] - click: Object: 'Object Repository/Page_KiboEngage  Subscribers/span_Subscribers' is clicked on

2019-04-26 12:44:07 - [MESSAGE][PASSED] - Object: 'Object Repository/Page_KiboEngage  Subscribers/span_Subscribers' is clicked on

2019-04-26 12:44:07 - [TEST_STEP][PASSED] - click: Object: 'Object Repository/Page_KiboEngage  Subscribers/span_Operational Dashboard (1)' is clicked on

2019-04-26 12:44:07 - [MESSAGE][PASSED] - Object: 'Object Repository/Page_KiboEngage  Subscribers/span_Operational Dashboard (1)' is clicked on

2019-04-26 12:44:07 - [TEST_STEP][PASSED] - scrollToPosition: Browser is scrolled to position x = 0, y = 0

2019-04-26 12:44:07 - [MESSAGE][PASSED] - Browser is scrolled to position x = 0, y = 0

2019-04-26 12:44:07 - [TEST_STEP][PASSED] - delay: Delayed 2 second(s)

2019-04-26 12:44:09 - [MESSAGE][PASSED] - Delayed 2 second(s)

2019-04-26 12:44:09 - [TEST_STEP][PASSED] - click: Object: 'Object Repository/Page_KiboEngage  Operational Dashbo/h3_Pages Info (7)' is clicked on

2019-04-26 12:44:10 - [MESSAGE][PASSED] - Object: 'Object Repository/Page_KiboEngage  Operational Dashbo/h3_Pages Info (7)' is clicked on

2019-04-26 12:44:10 - [MESSAGE][PASSED] - Call Test Case 'Test Cases/s-sidebar_navigation/individualAccount/operationalDashboard' successfully

2019-04-26 12:44:10 - [MESSAGE][PASSED] - Call Test Case 'Test Cases/Operational_Dashboard/Login' successfully

2019-04-26 12:44:10 - [TEST_STEP][PASSED] - Statement - driver = com.kms.katalon.core.webui.driver.DriverFactory.getWebDriver(): null

2019-04-26 12:44:10 - [TEST_STEP][PASSED] - Statement - subscriber = driver.findElement(org.openqa.selenium.By.xpath("//*[@id="m_widget5_tab1_content"]/div/div[1]/div[1]/div/div[4]/span/a")): null

2019-04-26 12:44:10 - [TEST_STEP][PASSED] - Statement - subscriber.click(): null

2019-04-26 12:44:10 - [TEST_STEP][PASSED] - scrollToPosition: Browser is scrolled to position x = 0, y = 0

2019-04-26 12:44:10 - [MESSAGE][PASSED] - Browser is scrolled to position x = 0, y = 0

2019-04-26 12:44:10 - [TEST_STEP][PASSED] - click: Object: 'Object Repository/Page_KiboEngage  Page Subscribers/h3_Subscribers' is clicked on

2019-04-26 12:44:11 - [MESSAGE][PASSED] - Object: 'Object Repository/Page_KiboEngage  Page Subscribers/h3_Subscribers' is clicked on

2019-04-26 12:44:11 - [TEST_STEP][PASSED] - delay: Delayed 5 second(s)

2019-04-26 12:44:15 - [MESSAGE][PASSED] - Delayed 5 second(s)

2019-04-26 12:44:15 - [TEST_STEP][PASSED] - Statement - Table = driver.findElement(org.openqa.selenium.By.xpath("//table/tbody")): null

2019-04-26 12:44:15 - [TEST_STEP][PASSED] - Statement - rows_table = Table.findElements(org.openqa.selenium.By.tagName("tr")): null

2019-04-26 12:44:15 - [TEST_STEP][PASSED] - Statement - rows_count = rows_table.size(): null

2019-04-26 12:44:15 - [TEST_STEP][PASSED] - verifyEqual: Actual object '10' and expected object '10' are equal

2019-04-26 12:44:15 - [MESSAGE][PASSED] - Actual object '10' and expected object '10' are equal

2019-04-26 12:44:15 - [MESSAGE][PASSED] - Call Test Case 'Test Cases/Operational_Dashboard/117' successfully

2019-04-26 12:44:15 - [TEST_STEP][PASSED] - verifyTextPresent: Text 'Zain Majid' is present on page 

2019-04-26 12:44:15 - [MESSAGE][PASSED] - Text 'Zain Majid' is present on page 

2019-04-26 12:44:15 - [TEST_STEP][PASSED] - Statement - driver = com.kms.katalon.core.webui.driver.DriverFactory.getWebDriver(): null

2019-04-26 12:44:15 - [TEST_STEP][PASSED] - Statement - Next = driver.findElement(org.openqa.selenium.By.xpath("//*[@id="ajax_data"]/ul/li[9]/a")): null

2019-04-26 12:44:15 - [TEST_STEP][PASSED] - Statement - Next.click(): null

2019-04-26 12:44:16 - [TEST_STEP][PASSED] - scrollToPosition: Browser is scrolled to position x = 0, y = 0

2019-04-26 12:44:16 - [MESSAGE][PASSED] - Browser is scrolled to position x = 0, y = 0

2019-04-26 12:44:16 - [TEST_STEP][PASSED] - delay: Delayed 5 second(s)

2019-04-26 12:44:20 - [MESSAGE][PASSED] - Delayed 5 second(s)

2019-04-26 12:44:20 - [TEST_STEP][PASSED] - verifyTextPresent: Text 'Imran Bhatti' is present on page 

2019-04-26 12:44:21 - [MESSAGE][PASSED] - Text 'Imran Bhatti' is present on page 

2019-04-26 12:44:21 - [TEST_STEP][PASSED] - verifyTextNotPresent: Text 'Zain Majid' is not present on page

2019-04-26 12:44:21 - [MESSAGE][PASSED] - Text 'Zain Majid' is not present on page]]></system-out>
         <system-err><![CDATA[]]></system-err>
      </testcase>
      <testcase name="Test Cases/Operational_Dashboard/124" classname="Test Cases/Operational_Dashboard/124" status="PASSED">
         <system-out><![CDATA[2019-04-26 12:44:21 - [TEST_CASE][PASSED] - Test Cases/Operational_Dashboard/124: Test Cases/Operational_Dashboard/124

2019-04-26 12:44:22 - [TEST_STEP][PASSED] - callTestCase: Call Test Case 'Test Cases/Operational_Dashboard/123' successfully

2019-04-26 12:44:22 - [TEST_CASE][PASSED] - Test Cases/Operational_Dashboard/123: Test Cases/Operational_Dashboard/123

2019-04-26 12:44:22 - [TEST_STEP][PASSED] - callTestCase: Call Test Case 'Test Cases/Operational_Dashboard/117' successfully

2019-04-26 12:44:22 - [TEST_CASE][PASSED] - Test Cases/Operational_Dashboard/117: Test Cases/Operational_Dashboard/117

2019-04-26 12:44:22 - [TEST_STEP][PASSED] - callTestCase: Call Test Case 'Test Cases/Operational_Dashboard/Login' successfully

2019-04-26 12:44:22 - [TEST_CASE][PASSED] - Test Cases/Operational_Dashboard/Login: Test Cases/Operational_Dashboard/Login

2019-04-26 12:44:22 - [TEST_STEP][PASSED] - callTestCase: Call Test Case 'Test Cases/s-sidebar_navigation/individualAccount/operationalDashboard' successfully

2019-04-26 12:44:22 - [TEST_CASE][PASSED] - Test Cases/s-sidebar_navigation/individualAccount/operationalDashboard: Test Cases/s-sidebar_navigation/individualAccount/operationalDashboard

2019-04-26 12:44:22 - [TEST_STEP][PASSED] - click: Object: 'Object Repository/Page_KiboEngage  Subscribers/span_Subscribers' is clicked on

2019-04-26 12:44:22 - [MESSAGE][PASSED] - Object: 'Object Repository/Page_KiboEngage  Subscribers/span_Subscribers' is clicked on

2019-04-26 12:44:22 - [TEST_STEP][PASSED] - click: Object: 'Object Repository/Page_KiboEngage  Subscribers/span_Operational Dashboard (1)' is clicked on

2019-04-26 12:44:23 - [MESSAGE][PASSED] - Object: 'Object Repository/Page_KiboEngage  Subscribers/span_Operational Dashboard (1)' is clicked on

2019-04-26 12:44:23 - [TEST_STEP][PASSED] - scrollToPosition: Browser is scrolled to position x = 0, y = 0

2019-04-26 12:44:23 - [MESSAGE][PASSED] - Browser is scrolled to position x = 0, y = 0

2019-04-26 12:44:23 - [TEST_STEP][PASSED] - delay: Delayed 2 second(s)

2019-04-26 12:44:25 - [MESSAGE][PASSED] - Delayed 2 second(s)

2019-04-26 12:44:25 - [TEST_STEP][PASSED] - click: Object: 'Object Repository/Page_KiboEngage  Operational Dashbo/h3_Pages Info (7)' is clicked on

2019-04-26 12:44:25 - [MESSAGE][PASSED] - Object: 'Object Repository/Page_KiboEngage  Operational Dashbo/h3_Pages Info (7)' is clicked on

2019-04-26 12:44:25 - [MESSAGE][PASSED] - Call Test Case 'Test Cases/s-sidebar_navigation/individualAccount/operationalDashboard' successfully

2019-04-26 12:44:25 - [MESSAGE][PASSED] - Call Test Case 'Test Cases/Operational_Dashboard/Login' successfully

2019-04-26 12:44:25 - [TEST_STEP][PASSED] - Statement - driver = com.kms.katalon.core.webui.driver.DriverFactory.getWebDriver(): null

2019-04-26 12:44:25 - [TEST_STEP][PASSED] - Statement - subscriber = driver.findElement(org.openqa.selenium.By.xpath("//*[@id="m_widget5_tab1_content"]/div/div[1]/div[1]/div/div[4]/span/a")): null

2019-04-26 12:44:25 - [TEST_STEP][PASSED] - Statement - subscriber.click(): null

2019-04-26 12:44:25 - [TEST_STEP][PASSED] - scrollToPosition: Browser is scrolled to position x = 0, y = 0

2019-04-26 12:44:25 - [MESSAGE][PASSED] - Browser is scrolled to position x = 0, y = 0

2019-04-26 12:44:25 - [TEST_STEP][PASSED] - click: Object: 'Object Repository/Page_KiboEngage  Page Subscribers/h3_Subscribers' is clicked on

2019-04-26 12:44:25 - [MESSAGE][PASSED] - Object: 'Object Repository/Page_KiboEngage  Page Subscribers/h3_Subscribers' is clicked on

2019-04-26 12:44:25 - [TEST_STEP][PASSED] - delay: Delayed 5 second(s)

2019-04-26 12:44:31 - [MESSAGE][PASSED] - Delayed 5 second(s)

2019-04-26 12:44:31 - [TEST_STEP][PASSED] - Statement - Table = driver.findElement(org.openqa.selenium.By.xpath("//table/tbody")): null

2019-04-26 12:44:31 - [TEST_STEP][PASSED] - Statement - rows_table = Table.findElements(org.openqa.selenium.By.tagName("tr")): null

2019-04-26 12:44:31 - [TEST_STEP][PASSED] - Statement - rows_count = rows_table.size(): null

2019-04-26 12:44:31 - [TEST_STEP][PASSED] - verifyEqual: Actual object '10' and expected object '10' are equal

2019-04-26 12:44:31 - [MESSAGE][PASSED] - Actual object '10' and expected object '10' are equal

2019-04-26 12:44:31 - [MESSAGE][PASSED] - Call Test Case 'Test Cases/Operational_Dashboard/117' successfully

2019-04-26 12:44:31 - [TEST_STEP][PASSED] - verifyTextPresent: Text 'Zain Majid' is present on page 

2019-04-26 12:44:31 - [MESSAGE][PASSED] - Text 'Zain Majid' is present on page 

2019-04-26 12:44:31 - [TEST_STEP][PASSED] - Statement - driver = com.kms.katalon.core.webui.driver.DriverFactory.getWebDriver(): null

2019-04-26 12:44:31 - [TEST_STEP][PASSED] - Statement - Next = driver.findElement(org.openqa.selenium.By.xpath("//*[@id="ajax_data"]/ul/li[9]/a")): null

2019-04-26 12:44:31 - [TEST_STEP][PASSED] - Statement - Next.click(): null

2019-04-26 12:44:31 - [TEST_STEP][PASSED] - scrollToPosition: Browser is scrolled to position x = 0, y = 0

2019-04-26 12:44:31 - [MESSAGE][PASSED] - Browser is scrolled to position x = 0, y = 0

2019-04-26 12:44:31 - [TEST_STEP][PASSED] - delay: Delayed 5 second(s)

2019-04-26 12:44:37 - [MESSAGE][PASSED] - Delayed 5 second(s)

2019-04-26 12:44:37 - [TEST_STEP][PASSED] - verifyTextPresent: Text 'Imran Bhatti' is present on page 

2019-04-26 12:44:37 - [MESSAGE][PASSED] - Text 'Imran Bhatti' is present on page 

2019-04-26 12:44:37 - [TEST_STEP][PASSED] - verifyTextNotPresent: Text 'Zain Majid' is not present on page

2019-04-26 12:44:37 - [MESSAGE][PASSED] - Text 'Zain Majid' is not present on page

2019-04-26 12:44:37 - [MESSAGE][PASSED] - Call Test Case 'Test Cases/Operational_Dashboard/123' successfully

2019-04-26 12:44:37 - [TEST_STEP][PASSED] - Statement - driver = com.kms.katalon.core.webui.driver.DriverFactory.getWebDriver(): null

2019-04-26 12:44:37 - [TEST_STEP][PASSED] - Statement - previous = driver.findElement(org.openqa.selenium.By.xpath("//*[@id="ajax_data"]/ul/li[1]/a")): null

2019-04-26 12:44:37 - [TEST_STEP][PASSED] - Statement - previous.click(): null

2019-04-26 12:44:38 - [TEST_STEP][PASSED] - delay: Delayed 5 second(s)

2019-04-26 12:44:44 - [MESSAGE][PASSED] - Delayed 5 second(s)

2019-04-26 12:44:44 - [TEST_STEP][PASSED] - verifyTextPresent: Text 'Zain Majid' is present on page 

2019-04-26 12:44:44 - [MESSAGE][PASSED] - Text 'Zain Majid' is present on page 

2019-04-26 12:44:44 - [TEST_STEP][PASSED] - verifyTextNotPresent: Text 'Imran Bhatti' is not present on page

2019-04-26 12:44:44 - [MESSAGE][PASSED] - Text 'Imran Bhatti' is not present on page]]></system-out>
         <system-err><![CDATA[]]></system-err>
      </testcase>
      <testcase name="Test Cases/Operational_Dashboard/125" classname="Test Cases/Operational_Dashboard/125" status="PASSED">
         <system-out><![CDATA[2019-04-26 12:44:44 - [TEST_CASE][PASSED] - Test Cases/Operational_Dashboard/125: Test Cases/Operational_Dashboard/125

2019-04-26 12:44:44 - [TEST_STEP][PASSED] - callTestCase: Call Test Case 'Test Cases/Operational_Dashboard/117' successfully

2019-04-26 12:44:45 - [TEST_CASE][PASSED] - Test Cases/Operational_Dashboard/117: Test Cases/Operational_Dashboard/117

2019-04-26 12:44:45 - [TEST_STEP][PASSED] - callTestCase: Call Test Case 'Test Cases/Operational_Dashboard/Login' successfully

2019-04-26 12:44:45 - [TEST_CASE][PASSED] - Test Cases/Operational_Dashboard/Login: Test Cases/Operational_Dashboard/Login

2019-04-26 12:44:45 - [TEST_STEP][PASSED] - callTestCase: Call Test Case 'Test Cases/s-sidebar_navigation/individualAccount/operationalDashboard' successfully

2019-04-26 12:44:45 - [TEST_CASE][PASSED] - Test Cases/s-sidebar_navigation/individualAccount/operationalDashboard: Test Cases/s-sidebar_navigation/individualAccount/operationalDashboard

2019-04-26 12:44:45 - [TEST_STEP][PASSED] - click: Object: 'Object Repository/Page_KiboEngage  Subscribers/span_Subscribers' is clicked on

2019-04-26 12:44:45 - [MESSAGE][PASSED] - Object: 'Object Repository/Page_KiboEngage  Subscribers/span_Subscribers' is clicked on

2019-04-26 12:44:45 - [TEST_STEP][PASSED] - click: Object: 'Object Repository/Page_KiboEngage  Subscribers/span_Operational Dashboard (1)' is clicked on

2019-04-26 12:44:46 - [MESSAGE][PASSED] - Object: 'Object Repository/Page_KiboEngage  Subscribers/span_Operational Dashboard (1)' is clicked on

2019-04-26 12:44:46 - [TEST_STEP][PASSED] - scrollToPosition: Browser is scrolled to position x = 0, y = 0

2019-04-26 12:44:46 - [MESSAGE][PASSED] - Browser is scrolled to position x = 0, y = 0

2019-04-26 12:44:46 - [TEST_STEP][PASSED] - delay: Delayed 2 second(s)

2019-04-26 12:44:48 - [MESSAGE][PASSED] - Delayed 2 second(s)

2019-04-26 12:44:48 - [TEST_STEP][PASSED] - click: Object: 'Object Repository/Page_KiboEngage  Operational Dashbo/h3_Pages Info (7)' is clicked on

2019-04-26 12:44:48 - [MESSAGE][PASSED] - Object: 'Object Repository/Page_KiboEngage  Operational Dashbo/h3_Pages Info (7)' is clicked on

2019-04-26 12:44:48 - [MESSAGE][PASSED] - Call Test Case 'Test Cases/s-sidebar_navigation/individualAccount/operationalDashboard' successfully

2019-04-26 12:44:48 - [MESSAGE][PASSED] - Call Test Case 'Test Cases/Operational_Dashboard/Login' successfully

2019-04-26 12:44:48 - [TEST_STEP][PASSED] - Statement - driver = com.kms.katalon.core.webui.driver.DriverFactory.getWebDriver(): null

2019-04-26 12:44:48 - [TEST_STEP][PASSED] - Statement - subscriber = driver.findElement(org.openqa.selenium.By.xpath("//*[@id="m_widget5_tab1_content"]/div/div[1]/div[1]/div/div[4]/span/a")): null

2019-04-26 12:44:48 - [TEST_STEP][PASSED] - Statement - subscriber.click(): null

2019-04-26 12:44:49 - [TEST_STEP][PASSED] - scrollToPosition: Browser is scrolled to position x = 0, y = 0

2019-04-26 12:44:49 - [MESSAGE][PASSED] - Browser is scrolled to position x = 0, y = 0

2019-04-26 12:44:49 - [TEST_STEP][PASSED] - click: Object: 'Object Repository/Page_KiboEngage  Page Subscribers/h3_Subscribers' is clicked on

2019-04-26 12:44:49 - [MESSAGE][PASSED] - Object: 'Object Repository/Page_KiboEngage  Page Subscribers/h3_Subscribers' is clicked on

2019-04-26 12:44:49 - [TEST_STEP][PASSED] - delay: Delayed 5 second(s)

2019-04-26 12:44:54 - [MESSAGE][PASSED] - Delayed 5 second(s)

2019-04-26 12:44:54 - [TEST_STEP][PASSED] - Statement - Table = driver.findElement(org.openqa.selenium.By.xpath("//table/tbody")): null

2019-04-26 12:44:54 - [TEST_STEP][PASSED] - Statement - rows_table = Table.findElements(org.openqa.selenium.By.tagName("tr")): null

2019-04-26 12:44:55 - [TEST_STEP][PASSED] - Statement - rows_count = rows_table.size(): null

2019-04-26 12:44:55 - [TEST_STEP][PASSED] - verifyEqual: Actual object '10' and expected object '10' are equal

2019-04-26 12:44:55 - [MESSAGE][PASSED] - Actual object '10' and expected object '10' are equal

2019-04-26 12:44:55 - [MESSAGE][PASSED] - Call Test Case 'Test Cases/Operational_Dashboard/117' successfully

2019-04-26 12:44:55 - [TEST_STEP][PASSED] - verifyTextPresent: Text 'Zain Majid' is present on page 

2019-04-26 12:44:55 - [MESSAGE][PASSED] - Text 'Zain Majid' is present on page 

2019-04-26 12:44:55 - [TEST_STEP][PASSED] - Statement - driver = com.kms.katalon.core.webui.driver.DriverFactory.getWebDriver(): null

2019-04-26 12:44:55 - [TEST_STEP][PASSED] - Statement - Next = driver.findElement(org.openqa.selenium.By.xpath("//*[@id="ajax_data"]/ul/li[3]/a")): null

2019-04-26 12:44:55 - [TEST_STEP][PASSED] - Statement - Next.click(): null

2019-04-26 12:44:55 - [TEST_STEP][PASSED] - scrollToPosition: Browser is scrolled to position x = 0, y = 0

2019-04-26 12:44:55 - [MESSAGE][PASSED] - Browser is scrolled to position x = 0, y = 0

2019-04-26 12:44:55 - [TEST_STEP][PASSED] - delay: Delayed 5 second(s)

2019-04-26 12:45:00 - [MESSAGE][PASSED] - Delayed 5 second(s)

2019-04-26 12:45:00 - [TEST_STEP][PASSED] - verifyTextPresent: Text 'Imran Bhatti' is present on page 

2019-04-26 12:45:01 - [MESSAGE][PASSED] - Text 'Imran Bhatti' is present on page 

2019-04-26 12:45:01 - [TEST_STEP][PASSED] - verifyTextNotPresent: Text 'Zain Majid' is not present on page

2019-04-26 12:45:01 - [MESSAGE][PASSED] - Text 'Zain Majid' is not present on page]]></system-out>
         <system-err><![CDATA[]]></system-err>
      </testcase>
      <testcase name="Test Cases/Operational_Dashboard/126" classname="Test Cases/Operational_Dashboard/126" status="PASSED">
         <system-out><![CDATA[2019-04-26 12:45:01 - [TEST_CASE][PASSED] - Test Cases/Operational_Dashboard/126: Test Cases/Operational_Dashboard/126

2019-04-26 12:45:01 - [TEST_STEP][PASSED] - callTestCase: Call Test Case 'Test Cases/Operational_Dashboard/Login' successfully

2019-04-26 12:45:01 - [TEST_CASE][PASSED] - Test Cases/Operational_Dashboard/Login: Test Cases/Operational_Dashboard/Login

2019-04-26 12:45:01 - [TEST_STEP][PASSED] - callTestCase: Call Test Case 'Test Cases/s-sidebar_navigation/individualAccount/operationalDashboard' successfully

2019-04-26 12:45:01 - [TEST_CASE][PASSED] - Test Cases/s-sidebar_navigation/individualAccount/operationalDashboard: Test Cases/s-sidebar_navigation/individualAccount/operationalDashboard

2019-04-26 12:45:01 - [TEST_STEP][PASSED] - click: Object: 'Object Repository/Page_KiboEngage  Subscribers/span_Subscribers' is clicked on

2019-04-26 12:45:02 - [MESSAGE][PASSED] - Object: 'Object Repository/Page_KiboEngage  Subscribers/span_Subscribers' is clicked on

2019-04-26 12:45:02 - [TEST_STEP][PASSED] - click: Object: 'Object Repository/Page_KiboEngage  Subscribers/span_Operational Dashboard (1)' is clicked on

2019-04-26 12:45:02 - [MESSAGE][PASSED] - Object: 'Object Repository/Page_KiboEngage  Subscribers/span_Operational Dashboard (1)' is clicked on

2019-04-26 12:45:02 - [TEST_STEP][PASSED] - scrollToPosition: Browser is scrolled to position x = 0, y = 0

2019-04-26 12:45:02 - [MESSAGE][PASSED] - Browser is scrolled to position x = 0, y = 0

2019-04-26 12:45:02 - [TEST_STEP][PASSED] - delay: Delayed 2 second(s)

2019-04-26 12:45:04 - [MESSAGE][PASSED] - Delayed 2 second(s)

2019-04-26 12:45:04 - [TEST_STEP][PASSED] - click: Object: 'Object Repository/Page_KiboEngage  Operational Dashbo/h3_Pages Info (7)' is clicked on

2019-04-26 12:45:05 - [MESSAGE][PASSED] - Object: 'Object Repository/Page_KiboEngage  Operational Dashbo/h3_Pages Info (7)' is clicked on

2019-04-26 12:45:05 - [MESSAGE][PASSED] - Call Test Case 'Test Cases/s-sidebar_navigation/individualAccount/operationalDashboard' successfully

2019-04-26 12:45:05 - [MESSAGE][PASSED] - Call Test Case 'Test Cases/Operational_Dashboard/Login' successfully

2019-04-26 12:45:05 - [TEST_STEP][PASSED] - delay: Delayed 5 second(s)

2019-04-26 12:45:09 - [MESSAGE][PASSED] - Delayed 5 second(s)

2019-04-26 12:45:09 - [TEST_STEP][PASSED] - Statement - driver = com.kms.katalon.core.webui.driver.DriverFactory.getWebDriver(): null

2019-04-26 12:45:09 - [TEST_STEP][PASSED] - Statement - users = driver.findElements(org.openqa.selenium.By.xpath("//*[@id="content"]/div/div/div/div[2]/div[3]/div[4]/div[2]/div/div[2]/div/div/div/div/div/div/div/div/div")): null

2019-04-26 12:45:09 - [TEST_STEP][PASSED] - Statement - println(users.size()): null

2019-04-26 12:45:09 - [TEST_STEP][PASSED] - verifyEqual: Actual object '10' and expected object '10' are equal

2019-04-26 12:45:09 - [MESSAGE][PASSED] - Actual object '10' and expected object '10' are equal]]></system-out>
         <system-err><![CDATA[]]></system-err>
      </testcase>
      <testcase name="Test Cases/Operational_Dashboard/127" classname="Test Cases/Operational_Dashboard/127" status="FAILED">
         <failure type="FAILED" message="Unable to verify equal between actual object '1' and expected object '3' (Root cause: Actual object '1' and expected object '3' are not equal)"/>
         <system-out><![CDATA[2019-04-26 12:45:09 - [TEST_CASE][FAILED] - Test Cases/Operational_Dashboard/127: Test Cases/Operational_Dashboard/127 FAILED because (of) Unable to verify equal between actual object '1' and expected object '3' (Root cause: Actual object '1' and expected object '3' are not equal)

2019-04-26 12:45:10 - [TEST_STEP][PASSED] - callTestCase: Call Test Case 'Test Cases/Operational_Dashboard/Login' successfully

2019-04-26 12:45:10 - [TEST_CASE][PASSED] - Test Cases/Operational_Dashboard/Login: Test Cases/Operational_Dashboard/Login

2019-04-26 12:45:10 - [TEST_STEP][PASSED] - callTestCase: Call Test Case 'Test Cases/s-sidebar_navigation/individualAccount/operationalDashboard' successfully

2019-04-26 12:45:10 - [TEST_CASE][PASSED] - Test Cases/s-sidebar_navigation/individualAccount/operationalDashboard: Test Cases/s-sidebar_navigation/individualAccount/operationalDashboard

2019-04-26 12:45:10 - [TEST_STEP][PASSED] - click: Object: 'Object Repository/Page_KiboEngage  Subscribers/span_Subscribers' is clicked on

2019-04-26 12:45:10 - [MESSAGE][PASSED] - Object: 'Object Repository/Page_KiboEngage  Subscribers/span_Subscribers' is clicked on

2019-04-26 12:45:10 - [TEST_STEP][PASSED] - click: Object: 'Object Repository/Page_KiboEngage  Subscribers/span_Operational Dashboard (1)' is clicked on

2019-04-26 12:45:11 - [MESSAGE][PASSED] - Object: 'Object Repository/Page_KiboEngage  Subscribers/span_Operational Dashboard (1)' is clicked on

2019-04-26 12:45:11 - [TEST_STEP][PASSED] - scrollToPosition: Browser is scrolled to position x = 0, y = 0

2019-04-26 12:45:11 - [MESSAGE][PASSED] - Browser is scrolled to position x = 0, y = 0

2019-04-26 12:45:11 - [TEST_STEP][PASSED] - delay: Delayed 2 second(s)

2019-04-26 12:45:13 - [MESSAGE][PASSED] - Delayed 2 second(s)

2019-04-26 12:45:13 - [TEST_STEP][PASSED] - click: Object: 'Object Repository/Page_KiboEngage  Operational Dashbo/h3_Pages Info (7)' is clicked on

2019-04-26 12:45:13 - [MESSAGE][PASSED] - Object: 'Object Repository/Page_KiboEngage  Operational Dashbo/h3_Pages Info (7)' is clicked on

2019-04-26 12:45:13 - [MESSAGE][PASSED] - Call Test Case 'Test Cases/s-sidebar_navigation/individualAccount/operationalDashboard' successfully

2019-04-26 12:45:13 - [MESSAGE][PASSED] - Call Test Case 'Test Cases/Operational_Dashboard/Login' successfully

2019-04-26 12:45:13 - [TEST_STEP][PASSED] - delay: Delayed 5 second(s)

2019-04-26 12:45:17 - [MESSAGE][PASSED] - Delayed 5 second(s)

2019-04-26 12:45:17 - [TEST_STEP][PASSED] - setText: Text 'cloudkibo' is set on object 'Object Repository/Page_KiboEngage  Operational Dashbo/input_form-control m-input m-i'

2019-04-26 12:45:18 - [MESSAGE][PASSED] - Text 'cloudkibo' is set on object 'Object Repository/Page_KiboEngage  Operational Dashbo/input_form-control m-input m-i'

2019-04-26 12:45:18 - [TEST_STEP][PASSED] - delay: Delayed 5 second(s)

2019-04-26 12:45:22 - [MESSAGE][PASSED] - Delayed 5 second(s)

2019-04-26 12:45:22 - [TEST_STEP][PASSED] - Statement - driver = com.kms.katalon.core.webui.driver.DriverFactory.getWebDriver(): null

2019-04-26 12:45:22 - [TEST_STEP][PASSED] - Statement - users = driver.findElements(org.openqa.selenium.By.xpath("//*[@id="content"]/div/div/div/div[2]/div[3]/div[4]/div[2]/div/div[2]/div/div/div/div/div/div/div/div/div")): null

2019-04-26 12:45:22 - [TEST_STEP][PASSED] - Statement - println(users.size()): null

2019-04-26 12:45:22 - [TEST_STEP][FAILED] - verifyEqual: Unable to verify equal between actual object '1' and expected object '3' (Root cause: Actual object '1' and expected object '3' are not equal)

2019-04-26 12:45:22 - [MESSAGE][FAILED] - Unable to verify equal between actual object '1' and expected object '3' (Root cause: Actual object '1' and expected object '3' are not equal)]]></system-out>
         <system-err><![CDATA[2019-04-26 12:45:09 - [TEST_CASE][FAILED] - Test Cases/Operational_Dashboard/127: Test Cases/Operational_Dashboard/127 FAILED because (of) Unable to verify equal between actual object '1' and expected object '3' (Root cause: Actual object '1' and expected object '3' are not equal)]]></system-err>
      </testcase>
      <testcase name="Test Cases/Operational_Dashboard/128" classname="Test Cases/Operational_Dashboard/128" status="PASSED">
         <system-out><![CDATA[2019-04-26 12:45:22 - [TEST_CASE][PASSED] - Test Cases/Operational_Dashboard/128: Test Cases/Operational_Dashboard/128

2019-04-26 12:45:22 - [TEST_STEP][PASSED] - callTestCase: Call Test Case 'Test Cases/Operational_Dashboard/Login' successfully

2019-04-26 12:45:22 - [TEST_CASE][PASSED] - Test Cases/Operational_Dashboard/Login: Test Cases/Operational_Dashboard/Login

2019-04-26 12:45:22 - [TEST_STEP][PASSED] - callTestCase: Call Test Case 'Test Cases/s-sidebar_navigation/individualAccount/operationalDashboard' successfully

2019-04-26 12:45:22 - [TEST_CASE][PASSED] - Test Cases/s-sidebar_navigation/individualAccount/operationalDashboard: Test Cases/s-sidebar_navigation/individualAccount/operationalDashboard

2019-04-26 12:45:22 - [TEST_STEP][PASSED] - click: Object: 'Object Repository/Page_KiboEngage  Subscribers/span_Subscribers' is clicked on

2019-04-26 12:45:22 - [MESSAGE][PASSED] - Object: 'Object Repository/Page_KiboEngage  Subscribers/span_Subscribers' is clicked on

2019-04-26 12:45:22 - [TEST_STEP][PASSED] - click: Object: 'Object Repository/Page_KiboEngage  Subscribers/span_Operational Dashboard (1)' is clicked on

2019-04-26 12:45:23 - [MESSAGE][PASSED] - Object: 'Object Repository/Page_KiboEngage  Subscribers/span_Operational Dashboard (1)' is clicked on

2019-04-26 12:45:23 - [TEST_STEP][PASSED] - scrollToPosition: Browser is scrolled to position x = 0, y = 0

2019-04-26 12:45:23 - [MESSAGE][PASSED] - Browser is scrolled to position x = 0, y = 0

2019-04-26 12:45:23 - [TEST_STEP][PASSED] - delay: Delayed 2 second(s)

2019-04-26 12:45:24 - [MESSAGE][PASSED] - Delayed 2 second(s)

2019-04-26 12:45:24 - [TEST_STEP][PASSED] - click: Object: 'Object Repository/Page_KiboEngage  Operational Dashbo/h3_Pages Info (7)' is clicked on

2019-04-26 12:45:25 - [MESSAGE][PASSED] - Object: 'Object Repository/Page_KiboEngage  Operational Dashbo/h3_Pages Info (7)' is clicked on

2019-04-26 12:45:25 - [MESSAGE][PASSED] - Call Test Case 'Test Cases/s-sidebar_navigation/individualAccount/operationalDashboard' successfully

2019-04-26 12:45:25 - [MESSAGE][PASSED] - Call Test Case 'Test Cases/Operational_Dashboard/Login' successfully

2019-04-26 12:45:25 - [TEST_STEP][PASSED] - delay: Delayed 5 second(s)

2019-04-26 12:45:29 - [MESSAGE][PASSED] - Delayed 5 second(s)

2019-04-26 12:45:29 - [TEST_STEP][PASSED] - click: Object: 'Object Repository/Page_KiboEngage  Operational Dashbo/i_flaticon flaticon-more' is clicked on

2019-04-26 12:45:29 - [MESSAGE][PASSED] - Object: 'Object Repository/Page_KiboEngage  Operational Dashbo/i_flaticon flaticon-more' is clicked on

2019-04-26 12:45:29 - [TEST_STEP][PASSED] - selectOptionByValue: All options with value 'male' are selected in object 'Object Repository/Page_KiboEngage  Operational Dashbo/select_Filter by gender...AllM'  using regular expression

2019-04-26 12:45:29 - [MESSAGE][PASSED] - All options with value 'male' are selected in object 'Object Repository/Page_KiboEngage  Operational Dashbo/select_Filter by gender...AllM'  using regular expression

2019-04-26 12:45:29 - [TEST_STEP][PASSED] - delay: Delayed 5 second(s)

2019-04-26 12:45:34 - [MESSAGE][PASSED] - Delayed 5 second(s)

2019-04-26 12:45:34 - [TEST_STEP][PASSED] - verifyTextPresent: Text 'male' is present on page 

2019-04-26 12:45:34 - [MESSAGE][PASSED] - Text 'male' is present on page 

2019-04-26 12:45:34 - [TEST_STEP][PASSED] - verifyTextNotPresent: Text 'female' is not present on page

2019-04-26 12:45:35 - [MESSAGE][PASSED] - Text 'female' is not present on page]]></system-out>
         <system-err><![CDATA[]]></system-err>
      </testcase>
      <testcase name="Test Cases/Operational_Dashboard/129" classname="Test Cases/Operational_Dashboard/129" status="PASSED">
         <system-out><![CDATA[2019-04-26 12:45:35 - [TEST_CASE][PASSED] - Test Cases/Operational_Dashboard/129: Test Cases/Operational_Dashboard/129

2019-04-26 12:45:35 - [TEST_STEP][PASSED] - callTestCase: Call Test Case 'Test Cases/Operational_Dashboard/Login' successfully

2019-04-26 12:45:35 - [TEST_CASE][PASSED] - Test Cases/Operational_Dashboard/Login: Test Cases/Operational_Dashboard/Login

2019-04-26 12:45:35 - [TEST_STEP][PASSED] - callTestCase: Call Test Case 'Test Cases/s-sidebar_navigation/individualAccount/operationalDashboard' successfully

2019-04-26 12:45:35 - [TEST_CASE][PASSED] - Test Cases/s-sidebar_navigation/individualAccount/operationalDashboard: Test Cases/s-sidebar_navigation/individualAccount/operationalDashboard

2019-04-26 12:45:35 - [TEST_STEP][PASSED] - click: Object: 'Object Repository/Page_KiboEngage  Subscribers/span_Subscribers' is clicked on

2019-04-26 12:45:35 - [MESSAGE][PASSED] - Object: 'Object Repository/Page_KiboEngage  Subscribers/span_Subscribers' is clicked on

2019-04-26 12:45:35 - [TEST_STEP][PASSED] - click: Object: 'Object Repository/Page_KiboEngage  Subscribers/span_Operational Dashboard (1)' is clicked on

2019-04-26 12:45:36 - [MESSAGE][PASSED] - Object: 'Object Repository/Page_KiboEngage  Subscribers/span_Operational Dashboard (1)' is clicked on

2019-04-26 12:45:36 - [TEST_STEP][PASSED] - scrollToPosition: Browser is scrolled to position x = 0, y = 0

2019-04-26 12:45:36 - [MESSAGE][PASSED] - Browser is scrolled to position x = 0, y = 0

2019-04-26 12:45:36 - [TEST_STEP][PASSED] - delay: Delayed 2 second(s)

2019-04-26 12:45:38 - [MESSAGE][PASSED] - Delayed 2 second(s)

2019-04-26 12:45:38 - [TEST_STEP][PASSED] - click: Object: 'Object Repository/Page_KiboEngage  Operational Dashbo/h3_Pages Info (7)' is clicked on

2019-04-26 12:45:38 - [MESSAGE][PASSED] - Object: 'Object Repository/Page_KiboEngage  Operational Dashbo/h3_Pages Info (7)' is clicked on

2019-04-26 12:45:38 - [MESSAGE][PASSED] - Call Test Case 'Test Cases/s-sidebar_navigation/individualAccount/operationalDashboard' successfully

2019-04-26 12:45:38 - [MESSAGE][PASSED] - Call Test Case 'Test Cases/Operational_Dashboard/Login' successfully

2019-04-26 12:45:38 - [TEST_STEP][PASSED] - delay: Delayed 5 second(s)

2019-04-26 12:45:43 - [MESSAGE][PASSED] - Delayed 5 second(s)

2019-04-26 12:45:43 - [TEST_STEP][PASSED] - click: Object: 'Object Repository/Page_KiboEngage  Operational Dashbo/i_flaticon flaticon-more (1)' is clicked on

2019-04-26 12:45:43 - [MESSAGE][PASSED] - Object: 'Object Repository/Page_KiboEngage  Operational Dashbo/i_flaticon flaticon-more (1)' is clicked on

2019-04-26 12:45:43 - [TEST_STEP][PASSED] - selectOptionByValue: All options with value 'en_US' are selected in object 'Object Repository/Page_KiboEngage  Operational Dashbo/select_Filter by Locale...ALLe'  using regular expression

2019-04-26 12:45:43 - [MESSAGE][PASSED] - All options with value 'en_US' are selected in object 'Object Repository/Page_KiboEngage  Operational Dashbo/select_Filter by Locale...ALLe'  using regular expression

2019-04-26 12:45:43 - [TEST_STEP][PASSED] - delay: Delayed 5 second(s)

2019-04-26 12:45:48 - [MESSAGE][PASSED] - Delayed 5 second(s)

2019-04-26 12:45:48 - [TEST_STEP][PASSED] - verifyTextPresent: Text 'en_US' is present on page 

2019-04-26 12:45:49 - [MESSAGE][PASSED] - Text 'en_US' is present on page]]></system-out>
         <system-err><![CDATA[]]></system-err>
      </testcase>
      <testcase name="Test Cases/Operational_Dashboard/130" classname="Test Cases/Operational_Dashboard/130" status="FAILED">
         <failure type="FAILED" message="Unable to verify equal between actual object '1' and expected object '3' (Root cause: Actual object '1' and expected object '3' are not equal)"/>
         <system-out><![CDATA[2019-04-26 12:45:49 - [TEST_CASE][FAILED] - Test Cases/Operational_Dashboard/130: Test Cases/Operational_Dashboard/130 FAILED because (of) Unable to verify equal between actual object '1' and expected object '3' (Root cause: Actual object '1' and expected object '3' are not equal)

2019-04-26 12:45:49 - [TEST_STEP][FAILED] - callTestCase: Unable to call Test Case with id 'Test Cases/Operational_Dashboard/127' (Root cause: Call Test Case 'Test Cases/Operational_Dashboard/127' failed)

2019-04-26 12:45:49 - [TEST_CASE][FAILED] - Test Cases/Operational_Dashboard/127: Test Cases/Operational_Dashboard/127 FAILED because (of) Unable to verify equal between actual object '1' and expected object '3' (Root cause: Actual object '1' and expected object '3' are not equal)

2019-04-26 12:45:49 - [TEST_STEP][PASSED] - callTestCase: Call Test Case 'Test Cases/Operational_Dashboard/Login' successfully

2019-04-26 12:45:49 - [TEST_CASE][PASSED] - Test Cases/Operational_Dashboard/Login: Test Cases/Operational_Dashboard/Login

2019-04-26 12:45:49 - [TEST_STEP][PASSED] - callTestCase: Call Test Case 'Test Cases/s-sidebar_navigation/individualAccount/operationalDashboard' successfully

2019-04-26 12:45:49 - [TEST_CASE][PASSED] - Test Cases/s-sidebar_navigation/individualAccount/operationalDashboard: Test Cases/s-sidebar_navigation/individualAccount/operationalDashboard

2019-04-26 12:45:49 - [TEST_STEP][PASSED] - click: Object: 'Object Repository/Page_KiboEngage  Subscribers/span_Subscribers' is clicked on

2019-04-26 12:45:50 - [MESSAGE][PASSED] - Object: 'Object Repository/Page_KiboEngage  Subscribers/span_Subscribers' is clicked on

2019-04-26 12:45:50 - [TEST_STEP][PASSED] - click: Object: 'Object Repository/Page_KiboEngage  Subscribers/span_Operational Dashboard (1)' is clicked on

2019-04-26 12:45:50 - [MESSAGE][PASSED] - Object: 'Object Repository/Page_KiboEngage  Subscribers/span_Operational Dashboard (1)' is clicked on

2019-04-26 12:45:50 - [TEST_STEP][PASSED] - scrollToPosition: Browser is scrolled to position x = 0, y = 0

2019-04-26 12:45:50 - [MESSAGE][PASSED] - Browser is scrolled to position x = 0, y = 0

2019-04-26 12:45:50 - [TEST_STEP][PASSED] - delay: Delayed 2 second(s)

2019-04-26 12:45:52 - [MESSAGE][PASSED] - Delayed 2 second(s)

2019-04-26 12:45:52 - [TEST_STEP][PASSED] - click: Object: 'Object Repository/Page_KiboEngage  Operational Dashbo/h3_Pages Info (7)' is clicked on

2019-04-26 12:45:53 - [MESSAGE][PASSED] - Object: 'Object Repository/Page_KiboEngage  Operational Dashbo/h3_Pages Info (7)' is clicked on

2019-04-26 12:45:53 - [MESSAGE][PASSED] - Call Test Case 'Test Cases/s-sidebar_navigation/individualAccount/operationalDashboard' successfully

2019-04-26 12:45:53 - [MESSAGE][PASSED] - Call Test Case 'Test Cases/Operational_Dashboard/Login' successfully

2019-04-26 12:45:53 - [TEST_STEP][PASSED] - delay: Delayed 5 second(s)

2019-04-26 12:45:58 - [MESSAGE][PASSED] - Delayed 5 second(s)

2019-04-26 12:45:58 - [TEST_STEP][PASSED] - setText: Text 'cloudkibo' is set on object 'Object Repository/Page_KiboEngage  Operational Dashbo/input_form-control m-input m-i'

2019-04-26 12:45:59 - [MESSAGE][PASSED] - Text 'cloudkibo' is set on object 'Object Repository/Page_KiboEngage  Operational Dashbo/input_form-control m-input m-i'

2019-04-26 12:45:59 - [TEST_STEP][PASSED] - delay: Delayed 5 second(s)

2019-04-26 12:46:05 - [MESSAGE][PASSED] - Delayed 5 second(s)

2019-04-26 12:46:05 - [TEST_STEP][PASSED] - Statement - driver = com.kms.katalon.core.webui.driver.DriverFactory.getWebDriver(): null

2019-04-26 12:46:05 - [TEST_STEP][PASSED] - Statement - users = driver.findElements(org.openqa.selenium.By.xpath("//*[@id="content"]/div/div/div/div[2]/div[3]/div[4]/div[2]/div/div[2]/div/div/div/div/div/div/div/div/div")): null

2019-04-26 12:46:05 - [TEST_STEP][PASSED] - Statement - println(users.size()): null

2019-04-26 12:46:05 - [TEST_STEP][FAILED] - verifyEqual: Unable to verify equal between actual object '1' and expected object '3' (Root cause: Actual object '1' and expected object '3' are not equal)

2019-04-26 12:46:05 - [MESSAGE][FAILED] - Unable to verify equal between actual object '1' and expected object '3' (Root cause: Actual object '1' and expected object '3' are not equal)

2019-04-26 12:46:05 - [MESSAGE][FAILED] - Unable to call Test Case with id 'Test Cases/Operational_Dashboard/127' (Root cause: Call Test Case 'Test Cases/Operational_Dashboard/127' failed)]]></system-out>
         <system-err><![CDATA[2019-04-26 12:45:49 - [TEST_CASE][FAILED] - Test Cases/Operational_Dashboard/130: Test Cases/Operational_Dashboard/130 FAILED because (of) Unable to verify equal between actual object '1' and expected object '3' (Root cause: Actual object '1' and expected object '3' are not equal)]]></system-err>
      </testcase>
      <testcase name="Test Cases/Operational_Dashboard/133" classname="Test Cases/Operational_Dashboard/133" status="PASSED">
         <system-out><![CDATA[2019-04-26 12:46:05 - [TEST_CASE][PASSED] - Test Cases/Operational_Dashboard/133: Test Cases/Operational_Dashboard/133

2019-04-26 12:46:06 - [TEST_STEP][PASSED] - callTestCase: Call Test Case 'Test Cases/Operational_Dashboard/Login' successfully

2019-04-26 12:46:06 - [TEST_CASE][PASSED] - Test Cases/Operational_Dashboard/Login: Test Cases/Operational_Dashboard/Login

2019-04-26 12:46:06 - [TEST_STEP][PASSED] - callTestCase: Call Test Case 'Test Cases/s-sidebar_navigation/individualAccount/operationalDashboard' successfully

2019-04-26 12:46:06 - [TEST_CASE][PASSED] - Test Cases/s-sidebar_navigation/individualAccount/operationalDashboard: Test Cases/s-sidebar_navigation/individualAccount/operationalDashboard

2019-04-26 12:46:06 - [TEST_STEP][PASSED] - click: Object: 'Object Repository/Page_KiboEngage  Subscribers/span_Subscribers' is clicked on

2019-04-26 12:46:07 - [MESSAGE][PASSED] - Object: 'Object Repository/Page_KiboEngage  Subscribers/span_Subscribers' is clicked on

2019-04-26 12:46:07 - [TEST_STEP][PASSED] - click: Object: 'Object Repository/Page_KiboEngage  Subscribers/span_Operational Dashboard (1)' is clicked on

2019-04-26 12:46:09 - [MESSAGE][PASSED] - Object: 'Object Repository/Page_KiboEngage  Subscribers/span_Operational Dashboard (1)' is clicked on

2019-04-26 12:46:09 - [TEST_STEP][PASSED] - scrollToPosition: Browser is scrolled to position x = 0, y = 0

2019-04-26 12:46:09 - [MESSAGE][PASSED] - Browser is scrolled to position x = 0, y = 0

2019-04-26 12:46:09 - [TEST_STEP][PASSED] - delay: Delayed 2 second(s)

2019-04-26 12:46:12 - [MESSAGE][PASSED] - Delayed 2 second(s)

2019-04-26 12:46:12 - [TEST_STEP][PASSED] - click: Object: 'Object Repository/Page_KiboEngage  Operational Dashbo/h3_Pages Info (7)' is clicked on

2019-04-26 12:46:12 - [MESSAGE][PASSED] - Object: 'Object Repository/Page_KiboEngage  Operational Dashbo/h3_Pages Info (7)' is clicked on

2019-04-26 12:46:12 - [MESSAGE][PASSED] - Call Test Case 'Test Cases/s-sidebar_navigation/individualAccount/operationalDashboard' successfully

2019-04-26 12:46:12 - [MESSAGE][PASSED] - Call Test Case 'Test Cases/Operational_Dashboard/Login' successfully

2019-04-26 12:46:12 - [TEST_STEP][PASSED] - delay: Delayed 5 second(s)

2019-04-26 12:46:19 - [MESSAGE][PASSED] - Delayed 5 second(s)

2019-04-26 12:46:19 - [TEST_STEP][PASSED] - Statement - driver = com.kms.katalon.core.webui.driver.DriverFactory.getWebDriver(): null

2019-04-26 12:46:19 - [TEST_STEP][PASSED] - Statement - load_users = driver.findElement(org.openqa.selenium.By.xpath("//*[@id="assignTag"]")): null

2019-04-26 12:46:19 - [TEST_STEP][PASSED] - Statement - load_users.click(): null

2019-04-26 12:46:19 - [TEST_STEP][PASSED] - delay: Delayed 5 second(s)

2019-04-26 12:46:25 - [MESSAGE][PASSED] - Delayed 5 second(s)

2019-04-26 12:46:25 - [TEST_STEP][PASSED] - Statement - users = driver.findElements(org.openqa.selenium.By.xpath("//*[@id="content"]/div/div/div/div[2]/div[3]/div[4]/div[2]/div/div[2]/div/div/div/div/div/div/div/div/div")): null

2019-04-26 12:46:25 - [TEST_STEP][PASSED] - verifyGreaterThan: Actual number '20' is greater than expected number '10'

2019-04-26 12:46:25 - [MESSAGE][PASSED] - Actual number '20' is greater than expected number '10']]></system-out>
         <system-err><![CDATA[]]></system-err>
      </testcase>
      <testcase name="Test Cases/Operational_Dashboard/134" classname="Test Cases/Operational_Dashboard/134" status="PASSED">
         <system-out><![CDATA[2019-04-26 12:46:25 - [TEST_CASE][PASSED] - Test Cases/Operational_Dashboard/134: Test Cases/Operational_Dashboard/134

2019-04-26 12:46:25 - [TEST_STEP][PASSED] - callTestCase: Call Test Case 'Test Cases/Operational_Dashboard/Login' successfully

2019-04-26 12:46:25 - [TEST_CASE][PASSED] - Test Cases/Operational_Dashboard/Login: Test Cases/Operational_Dashboard/Login

2019-04-26 12:46:25 - [TEST_STEP][PASSED] - callTestCase: Call Test Case 'Test Cases/s-sidebar_navigation/individualAccount/operationalDashboard' successfully

2019-04-26 12:46:25 - [TEST_CASE][PASSED] - Test Cases/s-sidebar_navigation/individualAccount/operationalDashboard: Test Cases/s-sidebar_navigation/individualAccount/operationalDashboard

2019-04-26 12:46:25 - [TEST_STEP][PASSED] - click: Object: 'Object Repository/Page_KiboEngage  Subscribers/span_Subscribers' is clicked on

2019-04-26 12:46:25 - [MESSAGE][PASSED] - Object: 'Object Repository/Page_KiboEngage  Subscribers/span_Subscribers' is clicked on

2019-04-26 12:46:25 - [TEST_STEP][PASSED] - click: Object: 'Object Repository/Page_KiboEngage  Subscribers/span_Operational Dashboard (1)' is clicked on

2019-04-26 12:46:26 - [MESSAGE][PASSED] - Object: 'Object Repository/Page_KiboEngage  Subscribers/span_Operational Dashboard (1)' is clicked on

2019-04-26 12:46:26 - [TEST_STEP][PASSED] - scrollToPosition: Browser is scrolled to position x = 0, y = 0

2019-04-26 12:46:26 - [MESSAGE][PASSED] - Browser is scrolled to position x = 0, y = 0

2019-04-26 12:46:26 - [TEST_STEP][PASSED] - delay: Delayed 2 second(s)

2019-04-26 12:46:28 - [MESSAGE][PASSED] - Delayed 2 second(s)

2019-04-26 12:46:28 - [TEST_STEP][PASSED] - click: Object: 'Object Repository/Page_KiboEngage  Operational Dashbo/h3_Pages Info (7)' is clicked on

2019-04-26 12:46:28 - [MESSAGE][PASSED] - Object: 'Object Repository/Page_KiboEngage  Operational Dashbo/h3_Pages Info (7)' is clicked on

2019-04-26 12:46:28 - [MESSAGE][PASSED] - Call Test Case 'Test Cases/s-sidebar_navigation/individualAccount/operationalDashboard' successfully

2019-04-26 12:46:28 - [MESSAGE][PASSED] - Call Test Case 'Test Cases/Operational_Dashboard/Login' successfully

2019-04-26 12:46:28 - [TEST_STEP][PASSED] - delay: Delayed 5 second(s)

2019-04-26 12:46:34 - [MESSAGE][PASSED] - Delayed 5 second(s)

2019-04-26 12:46:34 - [TEST_STEP][PASSED] - click: Object: 'Object Repository/Page_KiboEngage  Operational Dashbo/button_See more' is clicked on

2019-04-26 12:46:34 - [MESSAGE][PASSED] - Object: 'Object Repository/Page_KiboEngage  Operational Dashbo/button_See more' is clicked on

2019-04-26 12:46:34 - [TEST_STEP][PASSED] - delay: Delayed 1 second(s)

2019-04-26 12:46:35 - [MESSAGE][PASSED] - Delayed 1 second(s)

2019-04-26 12:46:35 - [TEST_STEP][PASSED] - scrollToPosition: Browser is scrolled to position x = 0, y = 0

2019-04-26 12:46:35 - [MESSAGE][PASSED] - Browser is scrolled to position x = 0, y = 0

2019-04-26 12:46:35 - [TEST_STEP][PASSED] - verifyTextPresent: Text 'Pages' is present on page 

2019-04-26 12:46:36 - [MESSAGE][PASSED] - Text 'Pages' is present on page 

2019-04-26 12:46:36 - [TEST_STEP][PASSED] - verifyTextPresent: Text 'Broadcasts' is present on page 

2019-04-26 12:46:36 - [MESSAGE][PASSED] - Text 'Broadcasts' is present on page 

2019-04-26 12:46:36 - [TEST_STEP][PASSED] - verifyTextPresent: Text 'Surveys' is present on page 

2019-04-26 12:46:36 - [MESSAGE][PASSED] - Text 'Surveys' is present on page 

2019-04-26 12:46:36 - [TEST_STEP][PASSED] - verifyTextPresent: Text 'Polls' is present on page 

2019-04-26 12:46:36 - [MESSAGE][PASSED] - Text 'Polls' is present on page]]></system-out>
         <system-err><![CDATA[]]></system-err>
      </testcase>
      <testcase name="Test Cases/Operational_Dashboard/135" classname="Test Cases/Operational_Dashboard/135" status="PASSED">
         <system-out><![CDATA[2019-04-26 12:46:37 - [TEST_CASE][PASSED] - Test Cases/Operational_Dashboard/135: Test Cases/Operational_Dashboard/135

2019-04-26 12:46:37 - [TEST_STEP][PASSED] - callTestCase: Call Test Case 'Test Cases/Operational_Dashboard/Login' successfully

2019-04-26 12:46:37 - [TEST_CASE][PASSED] - Test Cases/Operational_Dashboard/Login: Test Cases/Operational_Dashboard/Login

2019-04-26 12:46:37 - [TEST_STEP][PASSED] - callTestCase: Call Test Case 'Test Cases/s-sidebar_navigation/individualAccount/operationalDashboard' successfully

2019-04-26 12:46:37 - [TEST_CASE][PASSED] - Test Cases/s-sidebar_navigation/individualAccount/operationalDashboard: Test Cases/s-sidebar_navigation/individualAccount/operationalDashboard

2019-04-26 12:46:37 - [TEST_STEP][PASSED] - click: Object: 'Object Repository/Page_KiboEngage  Subscribers/span_Subscribers' is clicked on

2019-04-26 12:46:37 - [MESSAGE][PASSED] - Object: 'Object Repository/Page_KiboEngage  Subscribers/span_Subscribers' is clicked on

2019-04-26 12:46:37 - [TEST_STEP][PASSED] - click: Object: 'Object Repository/Page_KiboEngage  Subscribers/span_Operational Dashboard (1)' is clicked on

2019-04-26 12:46:38 - [MESSAGE][PASSED] - Object: 'Object Repository/Page_KiboEngage  Subscribers/span_Operational Dashboard (1)' is clicked on

2019-04-26 12:46:38 - [TEST_STEP][PASSED] - scrollToPosition: Browser is scrolled to position x = 0, y = 0

2019-04-26 12:46:38 - [MESSAGE][PASSED] - Browser is scrolled to position x = 0, y = 0

2019-04-26 12:46:38 - [TEST_STEP][PASSED] - delay: Delayed 2 second(s)

2019-04-26 12:46:40 - [MESSAGE][PASSED] - Delayed 2 second(s)

2019-04-26 12:46:40 - [TEST_STEP][PASSED] - click: Object: 'Object Repository/Page_KiboEngage  Operational Dashbo/h3_Pages Info (7)' is clicked on

2019-04-26 12:46:40 - [MESSAGE][PASSED] - Object: 'Object Repository/Page_KiboEngage  Operational Dashbo/h3_Pages Info (7)' is clicked on

2019-04-26 12:46:40 - [MESSAGE][PASSED] - Call Test Case 'Test Cases/s-sidebar_navigation/individualAccount/operationalDashboard' successfully

2019-04-26 12:46:40 - [MESSAGE][PASSED] - Call Test Case 'Test Cases/Operational_Dashboard/Login' successfully

2019-04-26 12:46:40 - [TEST_STEP][PASSED] - delay: Delayed 2 second(s)

2019-04-26 12:46:42 - [MESSAGE][PASSED] - Delayed 2 second(s)

2019-04-26 12:46:42 - [TEST_STEP][PASSED] - setText: Text 'cloudkibo1' is set on object 'Object Repository/Page_KiboEngage  Operational Dashbo/input_form-control m-input m-i'

2019-04-26 12:46:43 - [MESSAGE][PASSED] - Text 'cloudkibo1' is set on object 'Object Repository/Page_KiboEngage  Operational Dashbo/input_form-control m-input m-i'

2019-04-26 12:46:43 - [TEST_STEP][PASSED] - delay: Delayed 5 second(s)

2019-04-26 12:46:48 - [MESSAGE][PASSED] - Delayed 5 second(s)

2019-04-26 12:46:48 - [TEST_STEP][PASSED] - click: Object: 'Object Repository/Page_KiboEngage  Operational Dashbo/button_See more' is clicked on

2019-04-26 12:46:48 - [MESSAGE][PASSED] - Object: 'Object Repository/Page_KiboEngage  Operational Dashbo/button_See more' is clicked on

2019-04-26 12:46:48 - [TEST_STEP][PASSED] - delay: Delayed 1 second(s)

2019-04-26 12:46:49 - [MESSAGE][PASSED] - Delayed 1 second(s)

2019-04-26 12:46:49 - [TEST_STEP][PASSED] - scrollToPosition: Browser is scrolled to position x = 0, y = 0

2019-04-26 12:46:49 - [MESSAGE][PASSED] - Browser is scrolled to position x = 0, y = 0

2019-04-26 12:46:49 - [TEST_STEP][PASSED] - delay: Delayed 5 second(s)

2019-04-26 12:46:53 - [MESSAGE][PASSED] - Delayed 5 second(s)

2019-04-26 12:46:53 - [TEST_STEP][PASSED] - Statement - driver = com.kms.katalon.core.webui.driver.DriverFactory.getWebDriver(): null

2019-04-26 12:46:53 - [TEST_STEP][PASSED] - Statement - Table = driver.findElement(org.openqa.selenium.By.xpath("//table/tbody")): null

2019-04-26 12:46:53 - [TEST_STEP][PASSED] - Statement - rows_table = Table.findElements(org.openqa.selenium.By.tagName("tr")): null

2019-04-26 12:46:53 - [TEST_STEP][PASSED] - Statement - rows_count = rows_table.size(): null

2019-04-26 12:46:53 - [TEST_STEP][PASSED] - verifyGreaterThanOrEqual: Actual number '10' is greater than or equal to expected number '1'

2019-04-26 12:46:53 - [MESSAGE][PASSED] - Actual number '10' is greater than or equal to expected number '1']]></system-out>
         <system-err><![CDATA[]]></system-err>
      </testcase>
      <testcase name="Test Cases/Operational_Dashboard/136" classname="Test Cases/Operational_Dashboard/136" status="PASSED">
         <system-out><![CDATA[2019-04-26 12:46:53 - [TEST_CASE][PASSED] - Test Cases/Operational_Dashboard/136: Test Cases/Operational_Dashboard/136

2019-04-26 12:46:53 - [TEST_STEP][PASSED] - callTestCase: Call Test Case 'Test Cases/Operational_Dashboard/135' successfully

2019-04-26 12:46:53 - [TEST_CASE][PASSED] - Test Cases/Operational_Dashboard/135: Test Cases/Operational_Dashboard/135

2019-04-26 12:46:54 - [TEST_STEP][PASSED] - callTestCase: Call Test Case 'Test Cases/Operational_Dashboard/Login' successfully

2019-04-26 12:46:54 - [TEST_CASE][PASSED] - Test Cases/Operational_Dashboard/Login: Test Cases/Operational_Dashboard/Login

2019-04-26 12:46:54 - [TEST_STEP][PASSED] - callTestCase: Call Test Case 'Test Cases/s-sidebar_navigation/individualAccount/operationalDashboard' successfully

2019-04-26 12:46:54 - [TEST_CASE][PASSED] - Test Cases/s-sidebar_navigation/individualAccount/operationalDashboard: Test Cases/s-sidebar_navigation/individualAccount/operationalDashboard

2019-04-26 12:46:54 - [TEST_STEP][PASSED] - click: Object: 'Object Repository/Page_KiboEngage  Subscribers/span_Subscribers' is clicked on

2019-04-26 12:46:54 - [MESSAGE][PASSED] - Object: 'Object Repository/Page_KiboEngage  Subscribers/span_Subscribers' is clicked on

2019-04-26 12:46:54 - [TEST_STEP][PASSED] - click: Object: 'Object Repository/Page_KiboEngage  Subscribers/span_Operational Dashboard (1)' is clicked on

2019-04-26 12:46:54 - [MESSAGE][PASSED] - Object: 'Object Repository/Page_KiboEngage  Subscribers/span_Operational Dashboard (1)' is clicked on

2019-04-26 12:46:54 - [TEST_STEP][PASSED] - scrollToPosition: Browser is scrolled to position x = 0, y = 0

2019-04-26 12:46:54 - [MESSAGE][PASSED] - Browser is scrolled to position x = 0, y = 0

2019-04-26 12:46:54 - [TEST_STEP][PASSED] - delay: Delayed 2 second(s)

2019-04-26 12:46:56 - [MESSAGE][PASSED] - Delayed 2 second(s)

2019-04-26 12:46:56 - [TEST_STEP][PASSED] - click: Object: 'Object Repository/Page_KiboEngage  Operational Dashbo/h3_Pages Info (7)' is clicked on

2019-04-26 12:46:56 - [MESSAGE][PASSED] - Object: 'Object Repository/Page_KiboEngage  Operational Dashbo/h3_Pages Info (7)' is clicked on

2019-04-26 12:46:56 - [MESSAGE][PASSED] - Call Test Case 'Test Cases/s-sidebar_navigation/individualAccount/operationalDashboard' successfully

2019-04-26 12:46:56 - [MESSAGE][PASSED] - Call Test Case 'Test Cases/Operational_Dashboard/Login' successfully

2019-04-26 12:46:56 - [TEST_STEP][PASSED] - delay: Delayed 2 second(s)

2019-04-26 12:46:58 - [MESSAGE][PASSED] - Delayed 2 second(s)

2019-04-26 12:46:58 - [TEST_STEP][PASSED] - setText: Text 'cloudkibo1' is set on object 'Object Repository/Page_KiboEngage  Operational Dashbo/input_form-control m-input m-i'

2019-04-26 12:46:59 - [MESSAGE][PASSED] - Text 'cloudkibo1' is set on object 'Object Repository/Page_KiboEngage  Operational Dashbo/input_form-control m-input m-i'

2019-04-26 12:46:59 - [TEST_STEP][PASSED] - delay: Delayed 5 second(s)

2019-04-26 12:47:02 - [MESSAGE][PASSED] - Delayed 5 second(s)

2019-04-26 12:47:02 - [TEST_STEP][PASSED] - click: Object: 'Object Repository/Page_KiboEngage  Operational Dashbo/button_See more' is clicked on

2019-04-26 12:47:03 - [MESSAGE][PASSED] - Object: 'Object Repository/Page_KiboEngage  Operational Dashbo/button_See more' is clicked on

2019-04-26 12:47:03 - [TEST_STEP][PASSED] - delay: Delayed 1 second(s)

2019-04-26 12:47:04 - [MESSAGE][PASSED] - Delayed 1 second(s)

2019-04-26 12:47:04 - [TEST_STEP][PASSED] - scrollToPosition: Browser is scrolled to position x = 0, y = 0

2019-04-26 12:47:04 - [MESSAGE][PASSED] - Browser is scrolled to position x = 0, y = 0

2019-04-26 12:47:04 - [TEST_STEP][PASSED] - delay: Delayed 5 second(s)

2019-04-26 12:47:07 - [MESSAGE][PASSED] - Delayed 5 second(s)

2019-04-26 12:47:07 - [TEST_STEP][PASSED] - Statement - driver = com.kms.katalon.core.webui.driver.DriverFactory.getWebDriver(): null

2019-04-26 12:47:07 - [TEST_STEP][PASSED] - Statement - Table = driver.findElement(org.openqa.selenium.By.xpath("//table/tbody")): null

2019-04-26 12:47:07 - [TEST_STEP][PASSED] - Statement - rows_table = Table.findElements(org.openqa.selenium.By.tagName("tr")): null

2019-04-26 12:47:07 - [TEST_STEP][PASSED] - Statement - rows_count = rows_table.size(): null

2019-04-26 12:47:07 - [TEST_STEP][PASSED] - verifyGreaterThanOrEqual: Actual number '10' is greater than or equal to expected number '1'

2019-04-26 12:47:07 - [MESSAGE][PASSED] - Actual number '10' is greater than or equal to expected number '1'

2019-04-26 12:47:07 - [MESSAGE][PASSED] - Call Test Case 'Test Cases/Operational_Dashboard/135' successfully

2019-04-26 12:47:07 - [TEST_STEP][PASSED] - Statement - driver = com.kms.katalon.core.webui.driver.DriverFactory.getWebDriver(): null

2019-04-26 12:47:07 - [TEST_STEP][PASSED] - Statement - next = driver.findElement(org.openqa.selenium.By.xpath("//*[@id="ajax_data"]/ul/li[3]/a")): null

2019-04-26 12:47:07 - [TEST_STEP][PASSED] - Statement - next.click(): null

2019-04-26 12:47:08 - [TEST_STEP][PASSED] - delay: Delayed 5 second(s)

2019-04-26 12:47:12 - [MESSAGE][PASSED] - Delayed 5 second(s)

2019-04-26 12:47:12 - [TEST_STEP][PASSED] - scrollToPosition: Browser is scrolled to position x = 0, y = 0

2019-04-26 12:47:12 - [MESSAGE][PASSED] - Browser is scrolled to position x = 0, y = 0

2019-04-26 12:47:12 - [TEST_STEP][PASSED] - Statement - Table = driver.findElement(org.openqa.selenium.By.xpath("//table/tbody")): null

2019-04-26 12:47:12 - [TEST_STEP][PASSED] - Statement - rows_table = Table.findElements(org.openqa.selenium.By.tagName("tr")): null

2019-04-26 12:47:12 - [TEST_STEP][PASSED] - Statement - rows_count = rows_table.size(): null

2019-04-26 12:47:12 - [TEST_STEP][PASSED] - verifyGreaterThanOrEqual: Actual number '10' is greater than or equal to expected number '1'

2019-04-26 12:47:12 - [MESSAGE][PASSED] - Actual number '10' is greater than or equal to expected number '1']]></system-out>
         <system-err><![CDATA[]]></system-err>
      </testcase>
      <testcase name="Test Cases/Operational_Dashboard/137" classname="Test Cases/Operational_Dashboard/137" status="PASSED">
         <system-out><![CDATA[2019-04-26 12:47:12 - [TEST_CASE][PASSED] - Test Cases/Operational_Dashboard/137: Test Cases/Operational_Dashboard/137

2019-04-26 12:47:12 - [TEST_STEP][PASSED] - callTestCase: Call Test Case 'Test Cases/Operational_Dashboard/136' successfully

2019-04-26 12:47:12 - [TEST_CASE][PASSED] - Test Cases/Operational_Dashboard/136: Test Cases/Operational_Dashboard/136

2019-04-26 12:47:12 - [TEST_STEP][PASSED] - callTestCase: Call Test Case 'Test Cases/Operational_Dashboard/135' successfully

2019-04-26 12:47:12 - [TEST_CASE][PASSED] - Test Cases/Operational_Dashboard/135: Test Cases/Operational_Dashboard/135

2019-04-26 12:47:12 - [TEST_STEP][PASSED] - callTestCase: Call Test Case 'Test Cases/Operational_Dashboard/Login' successfully

2019-04-26 12:47:13 - [TEST_CASE][PASSED] - Test Cases/Operational_Dashboard/Login: Test Cases/Operational_Dashboard/Login

2019-04-26 12:47:13 - [TEST_STEP][PASSED] - callTestCase: Call Test Case 'Test Cases/s-sidebar_navigation/individualAccount/operationalDashboard' successfully

2019-04-26 12:47:13 - [TEST_CASE][PASSED] - Test Cases/s-sidebar_navigation/individualAccount/operationalDashboard: Test Cases/s-sidebar_navigation/individualAccount/operationalDashboard

2019-04-26 12:47:13 - [TEST_STEP][PASSED] - click: Object: 'Object Repository/Page_KiboEngage  Subscribers/span_Subscribers' is clicked on

2019-04-26 12:47:13 - [MESSAGE][PASSED] - Object: 'Object Repository/Page_KiboEngage  Subscribers/span_Subscribers' is clicked on

2019-04-26 12:47:13 - [TEST_STEP][PASSED] - click: Object: 'Object Repository/Page_KiboEngage  Subscribers/span_Operational Dashboard (1)' is clicked on

2019-04-26 12:47:13 - [MESSAGE][PASSED] - Object: 'Object Repository/Page_KiboEngage  Subscribers/span_Operational Dashboard (1)' is clicked on

2019-04-26 12:47:13 - [TEST_STEP][PASSED] - scrollToPosition: Browser is scrolled to position x = 0, y = 0

2019-04-26 12:47:13 - [MESSAGE][PASSED] - Browser is scrolled to position x = 0, y = 0

2019-04-26 12:47:13 - [TEST_STEP][PASSED] - delay: Delayed 2 second(s)

2019-04-26 12:47:15 - [MESSAGE][PASSED] - Delayed 2 second(s)

2019-04-26 12:47:15 - [TEST_STEP][PASSED] - click: Object: 'Object Repository/Page_KiboEngage  Operational Dashbo/h3_Pages Info (7)' is clicked on

2019-04-26 12:47:15 - [MESSAGE][PASSED] - Object: 'Object Repository/Page_KiboEngage  Operational Dashbo/h3_Pages Info (7)' is clicked on

2019-04-26 12:47:15 - [MESSAGE][PASSED] - Call Test Case 'Test Cases/s-sidebar_navigation/individualAccount/operationalDashboard' successfully

2019-04-26 12:47:15 - [MESSAGE][PASSED] - Call Test Case 'Test Cases/Operational_Dashboard/Login' successfully

2019-04-26 12:47:15 - [TEST_STEP][PASSED] - delay: Delayed 2 second(s)

2019-04-26 12:47:17 - [MESSAGE][PASSED] - Delayed 2 second(s)

2019-04-26 12:47:17 - [TEST_STEP][PASSED] - setText: Text 'cloudkibo1' is set on object 'Object Repository/Page_KiboEngage  Operational Dashbo/input_form-control m-input m-i'

2019-04-26 12:47:18 - [MESSAGE][PASSED] - Text 'cloudkibo1' is set on object 'Object Repository/Page_KiboEngage  Operational Dashbo/input_form-control m-input m-i'

2019-04-26 12:47:18 - [TEST_STEP][PASSED] - delay: Delayed 5 second(s)

2019-04-26 12:47:23 - [MESSAGE][PASSED] - Delayed 5 second(s)

2019-04-26 12:47:23 - [TEST_STEP][PASSED] - click: Object: 'Object Repository/Page_KiboEngage  Operational Dashbo/button_See more' is clicked on

2019-04-26 12:47:23 - [MESSAGE][PASSED] - Object: 'Object Repository/Page_KiboEngage  Operational Dashbo/button_See more' is clicked on

2019-04-26 12:47:23 - [TEST_STEP][PASSED] - delay: Delayed 1 second(s)

2019-04-26 12:47:24 - [MESSAGE][PASSED] - Delayed 1 second(s)

2019-04-26 12:47:24 - [TEST_STEP][PASSED] - scrollToPosition: Browser is scrolled to position x = 0, y = 0

2019-04-26 12:47:25 - [MESSAGE][PASSED] - Browser is scrolled to position x = 0, y = 0

2019-04-26 12:47:25 - [TEST_STEP][PASSED] - delay: Delayed 5 second(s)

2019-04-26 12:47:29 - [MESSAGE][PASSED] - Delayed 5 second(s)

2019-04-26 12:47:29 - [TEST_STEP][PASSED] - Statement - driver = com.kms.katalon.core.webui.driver.DriverFactory.getWebDriver(): null

2019-04-26 12:47:29 - [TEST_STEP][PASSED] - Statement - Table = driver.findElement(org.openqa.selenium.By.xpath("//table/tbody")): null

2019-04-26 12:47:30 - [TEST_STEP][PASSED] - Statement - rows_table = Table.findElements(org.openqa.selenium.By.tagName("tr")): null

2019-04-26 12:47:30 - [TEST_STEP][PASSED] - Statement - rows_count = rows_table.size(): null

2019-04-26 12:47:30 - [TEST_STEP][PASSED] - verifyGreaterThanOrEqual: Actual number '10' is greater than or equal to expected number '1'

2019-04-26 12:47:30 - [MESSAGE][PASSED] - Actual number '10' is greater than or equal to expected number '1'

2019-04-26 12:47:30 - [MESSAGE][PASSED] - Call Test Case 'Test Cases/Operational_Dashboard/135' successfully

2019-04-26 12:47:30 - [TEST_STEP][PASSED] - Statement - driver = com.kms.katalon.core.webui.driver.DriverFactory.getWebDriver(): null

2019-04-26 12:47:30 - [TEST_STEP][PASSED] - Statement - next = driver.findElement(org.openqa.selenium.By.xpath("//*[@id="ajax_data"]/ul/li[3]/a")): null

2019-04-26 12:47:30 - [TEST_STEP][PASSED] - Statement - next.click(): null

2019-04-26 12:47:30 - [TEST_STEP][PASSED] - delay: Delayed 5 second(s)

2019-04-26 12:47:35 - [MESSAGE][PASSED] - Delayed 5 second(s)

2019-04-26 12:47:36 - [TEST_STEP][PASSED] - scrollToPosition: Browser is scrolled to position x = 0, y = 0

2019-04-26 12:47:36 - [MESSAGE][PASSED] - Browser is scrolled to position x = 0, y = 0

2019-04-26 12:47:36 - [TEST_STEP][PASSED] - Statement - Table = driver.findElement(org.openqa.selenium.By.xpath("//table/tbody")): null

2019-04-26 12:47:36 - [TEST_STEP][PASSED] - Statement - rows_table = Table.findElements(org.openqa.selenium.By.tagName("tr")): null

2019-04-26 12:47:36 - [TEST_STEP][PASSED] - Statement - rows_count = rows_table.size(): null

2019-04-26 12:47:36 - [TEST_STEP][PASSED] - verifyGreaterThanOrEqual: Actual number '10' is greater than or equal to expected number '1'

2019-04-26 12:47:36 - [MESSAGE][PASSED] - Actual number '10' is greater than or equal to expected number '1'

2019-04-26 12:47:36 - [MESSAGE][PASSED] - Call Test Case 'Test Cases/Operational_Dashboard/136' successfully

2019-04-26 12:47:36 - [TEST_STEP][PASSED] - Statement - driver = com.kms.katalon.core.webui.driver.DriverFactory.getWebDriver(): null

2019-04-26 12:47:36 - [TEST_STEP][PASSED] - Statement - previous = driver.findElement(org.openqa.selenium.By.xpath("//*[@id="ajax_data"]/ul/li[1]/a")): null

2019-04-26 12:47:36 - [TEST_STEP][PASSED] - Statement - previous.click(): null

2019-04-26 12:47:36 - [TEST_STEP][PASSED] - delay: Delayed 5 second(s)

2019-04-26 12:47:41 - [MESSAGE][PASSED] - Delayed 5 second(s)

2019-04-26 12:47:41 - [TEST_STEP][PASSED] - Statement - Table = driver.findElement(org.openqa.selenium.By.xpath("//table/tbody")): null

2019-04-26 12:47:41 - [TEST_STEP][PASSED] - Statement - rows_table = Table.findElements(org.openqa.selenium.By.tagName("tr")): null

2019-04-26 12:47:42 - [TEST_STEP][PASSED] - Statement - rows_count = rows_table.size(): null

2019-04-26 12:47:42 - [TEST_STEP][PASSED] - verifyEqual: Actual object '10' and expected object '10' are equal

2019-04-26 12:47:42 - [MESSAGE][PASSED] - Actual object '10' and expected object '10' are equal]]></system-out>
         <system-err><![CDATA[]]></system-err>
      </testcase>
      <testcase name="Test Cases/Operational_Dashboard/138" classname="Test Cases/Operational_Dashboard/138" status="PASSED">
         <system-out><![CDATA[2019-04-26 12:47:42 - [TEST_CASE][PASSED] - Test Cases/Operational_Dashboard/138: Test Cases/Operational_Dashboard/138

2019-04-26 12:47:42 - [TEST_STEP][PASSED] - callTestCase: Call Test Case 'Test Cases/Operational_Dashboard/135' successfully

2019-04-26 12:47:42 - [TEST_CASE][PASSED] - Test Cases/Operational_Dashboard/135: Test Cases/Operational_Dashboard/135

2019-04-26 12:47:42 - [TEST_STEP][PASSED] - callTestCase: Call Test Case 'Test Cases/Operational_Dashboard/Login' successfully

2019-04-26 12:47:42 - [TEST_CASE][PASSED] - Test Cases/Operational_Dashboard/Login: Test Cases/Operational_Dashboard/Login

2019-04-26 12:47:42 - [TEST_STEP][PASSED] - callTestCase: Call Test Case 'Test Cases/s-sidebar_navigation/individualAccount/operationalDashboard' successfully

2019-04-26 12:47:42 - [TEST_CASE][PASSED] - Test Cases/s-sidebar_navigation/individualAccount/operationalDashboard: Test Cases/s-sidebar_navigation/individualAccount/operationalDashboard

2019-04-26 12:47:42 - [TEST_STEP][PASSED] - click: Object: 'Object Repository/Page_KiboEngage  Subscribers/span_Subscribers' is clicked on

2019-04-26 12:47:43 - [MESSAGE][PASSED] - Object: 'Object Repository/Page_KiboEngage  Subscribers/span_Subscribers' is clicked on

2019-04-26 12:47:43 - [TEST_STEP][PASSED] - click: Object: 'Object Repository/Page_KiboEngage  Subscribers/span_Operational Dashboard (1)' is clicked on

2019-04-26 12:47:43 - [MESSAGE][PASSED] - Object: 'Object Repository/Page_KiboEngage  Subscribers/span_Operational Dashboard (1)' is clicked on

2019-04-26 12:47:43 - [TEST_STEP][PASSED] - scrollToPosition: Browser is scrolled to position x = 0, y = 0

2019-04-26 12:47:43 - [MESSAGE][PASSED] - Browser is scrolled to position x = 0, y = 0

2019-04-26 12:47:43 - [TEST_STEP][PASSED] - delay: Delayed 2 second(s)

2019-04-26 12:47:45 - [MESSAGE][PASSED] - Delayed 2 second(s)

2019-04-26 12:47:45 - [TEST_STEP][PASSED] - click: Object: 'Object Repository/Page_KiboEngage  Operational Dashbo/h3_Pages Info (7)' is clicked on

2019-04-26 12:47:46 - [MESSAGE][PASSED] - Object: 'Object Repository/Page_KiboEngage  Operational Dashbo/h3_Pages Info (7)' is clicked on

2019-04-26 12:47:46 - [MESSAGE][PASSED] - Call Test Case 'Test Cases/s-sidebar_navigation/individualAccount/operationalDashboard' successfully

2019-04-26 12:47:46 - [MESSAGE][PASSED] - Call Test Case 'Test Cases/Operational_Dashboard/Login' successfully

2019-04-26 12:47:46 - [TEST_STEP][PASSED] - delay: Delayed 2 second(s)

2019-04-26 12:47:48 - [MESSAGE][PASSED] - Delayed 2 second(s)

2019-04-26 12:47:48 - [TEST_STEP][PASSED] - setText: Text 'cloudkibo1' is set on object 'Object Repository/Page_KiboEngage  Operational Dashbo/input_form-control m-input m-i'

2019-04-26 12:47:49 - [MESSAGE][PASSED] - Text 'cloudkibo1' is set on object 'Object Repository/Page_KiboEngage  Operational Dashbo/input_form-control m-input m-i'

2019-04-26 12:47:49 - [TEST_STEP][PASSED] - delay: Delayed 5 second(s)

2019-04-26 12:47:55 - [MESSAGE][PASSED] - Delayed 5 second(s)

2019-04-26 12:47:55 - [TEST_STEP][PASSED] - click: Object: 'Object Repository/Page_KiboEngage  Operational Dashbo/button_See more' is clicked on

2019-04-26 12:47:56 - [MESSAGE][PASSED] - Object: 'Object Repository/Page_KiboEngage  Operational Dashbo/button_See more' is clicked on

2019-04-26 12:47:56 - [TEST_STEP][PASSED] - delay: Delayed 1 second(s)

2019-04-26 12:47:57 - [MESSAGE][PASSED] - Delayed 1 second(s)

2019-04-26 12:47:57 - [TEST_STEP][PASSED] - scrollToPosition: Browser is scrolled to position x = 0, y = 0

2019-04-26 12:47:57 - [MESSAGE][PASSED] - Browser is scrolled to position x = 0, y = 0

2019-04-26 12:47:57 - [TEST_STEP][PASSED] - delay: Delayed 5 second(s)

2019-04-26 12:48:04 - [MESSAGE][PASSED] - Delayed 5 second(s)

2019-04-26 12:48:04 - [TEST_STEP][PASSED] - Statement - driver = com.kms.katalon.core.webui.driver.DriverFactory.getWebDriver(): null

2019-04-26 12:48:04 - [TEST_STEP][PASSED] - Statement - Table = driver.findElement(org.openqa.selenium.By.xpath("//table/tbody")): null

2019-04-26 12:48:04 - [TEST_STEP][PASSED] - Statement - rows_table = Table.findElements(org.openqa.selenium.By.tagName("tr")): null

2019-04-26 12:48:04 - [TEST_STEP][PASSED] - Statement - rows_count = rows_table.size(): null

2019-04-26 12:48:04 - [TEST_STEP][PASSED] - verifyGreaterThanOrEqual: Actual number '10' is greater than or equal to expected number '1'

2019-04-26 12:48:04 - [MESSAGE][PASSED] - Actual number '10' is greater than or equal to expected number '1'

2019-04-26 12:48:04 - [MESSAGE][PASSED] - Call Test Case 'Test Cases/Operational_Dashboard/135' successfully

2019-04-26 12:48:04 - [TEST_STEP][PASSED] - Statement - driver = com.kms.katalon.core.webui.driver.DriverFactory.getWebDriver(): null

2019-04-26 12:48:04 - [TEST_STEP][PASSED] - Statement - next = driver.findElement(org.openqa.selenium.By.xpath("//*[@id="ajax_data"]/ul/li[3]/a")): null

2019-04-26 12:48:04 - [TEST_STEP][PASSED] - Statement - next.click(): null

2019-04-26 12:48:04 - [TEST_STEP][PASSED] - delay: Delayed 5 second(s)

2019-04-26 12:48:11 - [MESSAGE][PASSED] - Delayed 5 second(s)

2019-04-26 12:48:11 - [TEST_STEP][PASSED] - Statement - Table = driver.findElement(org.openqa.selenium.By.xpath("//table/tbody")): null

2019-04-26 12:48:11 - [TEST_STEP][PASSED] - Statement - rows_table = Table.findElements(org.openqa.selenium.By.tagName("tr")): null

2019-04-26 12:48:11 - [TEST_STEP][PASSED] - Statement - rows_count = rows_table.size(): null

2019-04-26 12:48:11 - [TEST_STEP][PASSED] - verifyGreaterThanOrEqual: Actual number '10' is greater than or equal to expected number '1'

2019-04-26 12:48:11 - [MESSAGE][PASSED] - Actual number '10' is greater than or equal to expected number '1']]></system-out>
         <system-err><![CDATA[]]></system-err>
      </testcase>
      <testcase name="Test Cases/Operational_Dashboard/139" classname="Test Cases/Operational_Dashboard/139" status="PASSED">
         <system-out><![CDATA[2019-04-26 12:48:11 - [TEST_CASE][PASSED] - Test Cases/Operational_Dashboard/139: Test Cases/Operational_Dashboard/139

2019-04-26 12:48:11 - [TEST_STEP][PASSED] - callTestCase: Call Test Case 'Test Cases/Operational_Dashboard/Login' successfully

2019-04-26 12:48:11 - [TEST_CASE][PASSED] - Test Cases/Operational_Dashboard/Login: Test Cases/Operational_Dashboard/Login

2019-04-26 12:48:11 - [TEST_STEP][PASSED] - callTestCase: Call Test Case 'Test Cases/s-sidebar_navigation/individualAccount/operationalDashboard' successfully

2019-04-26 12:48:11 - [TEST_CASE][PASSED] - Test Cases/s-sidebar_navigation/individualAccount/operationalDashboard: Test Cases/s-sidebar_navigation/individualAccount/operationalDashboard

2019-04-26 12:48:11 - [TEST_STEP][PASSED] - click: Object: 'Object Repository/Page_KiboEngage  Subscribers/span_Subscribers' is clicked on

2019-04-26 12:48:12 - [MESSAGE][PASSED] - Object: 'Object Repository/Page_KiboEngage  Subscribers/span_Subscribers' is clicked on

2019-04-26 12:48:12 - [TEST_STEP][PASSED] - click: Object: 'Object Repository/Page_KiboEngage  Subscribers/span_Operational Dashboard (1)' is clicked on

2019-04-26 12:48:12 - [MESSAGE][PASSED] - Object: 'Object Repository/Page_KiboEngage  Subscribers/span_Operational Dashboard (1)' is clicked on

2019-04-26 12:48:12 - [TEST_STEP][PASSED] - scrollToPosition: Browser is scrolled to position x = 0, y = 0

2019-04-26 12:48:12 - [MESSAGE][PASSED] - Browser is scrolled to position x = 0, y = 0

2019-04-26 12:48:12 - [TEST_STEP][PASSED] - delay: Delayed 2 second(s)

2019-04-26 12:48:14 - [MESSAGE][PASSED] - Delayed 2 second(s)

2019-04-26 12:48:14 - [TEST_STEP][PASSED] - click: Object: 'Object Repository/Page_KiboEngage  Operational Dashbo/h3_Pages Info (7)' is clicked on

2019-04-26 12:48:15 - [MESSAGE][PASSED] - Object: 'Object Repository/Page_KiboEngage  Operational Dashbo/h3_Pages Info (7)' is clicked on

2019-04-26 12:48:15 - [MESSAGE][PASSED] - Call Test Case 'Test Cases/s-sidebar_navigation/individualAccount/operationalDashboard' successfully

2019-04-26 12:48:15 - [MESSAGE][PASSED] - Call Test Case 'Test Cases/Operational_Dashboard/Login' successfully

2019-04-26 12:48:15 - [TEST_STEP][PASSED] - delay: Delayed 5 second(s)

2019-04-26 12:48:21 - [MESSAGE][PASSED] - Delayed 5 second(s)

2019-04-26 12:48:21 - [TEST_STEP][PASSED] - setText: Text 'cloudkibo1' is set on object 'Object Repository/Page_KiboEngage  Operational Dashbo/input_form-control m-input m-i'

2019-04-26 12:48:22 - [MESSAGE][PASSED] - Text 'cloudkibo1' is set on object 'Object Repository/Page_KiboEngage  Operational Dashbo/input_form-control m-input m-i'

2019-04-26 12:48:22 - [TEST_STEP][PASSED] - delay: Delayed 5 second(s)

2019-04-26 12:48:27 - [MESSAGE][PASSED] - Delayed 5 second(s)

2019-04-26 12:48:27 - [TEST_STEP][PASSED] - click: Object: 'Object Repository/Page_KiboEngage  Operational Dashbo/button_See more' is clicked on

2019-04-26 12:48:28 - [MESSAGE][PASSED] - Object: 'Object Repository/Page_KiboEngage  Operational Dashbo/button_See more' is clicked on

2019-04-26 12:48:28 - [TEST_STEP][PASSED] - delay: Delayed 1 second(s)

2019-04-26 12:48:29 - [MESSAGE][PASSED] - Delayed 1 second(s)

2019-04-26 12:48:29 - [TEST_STEP][PASSED] - scrollToPosition: Browser is scrolled to position x = 0, y = 0

2019-04-26 12:48:29 - [MESSAGE][PASSED] - Browser is scrolled to position x = 0, y = 0

2019-04-26 12:48:29 - [TEST_STEP][PASSED] - Statement - driver = com.kms.katalon.core.webui.driver.DriverFactory.getWebDriver(): null

2019-04-26 12:48:29 - [TEST_STEP][PASSED] - Statement - input_search_page = driver.findElement(org.openqa.selenium.By.xpath("//*[@id="content"]/div/div/div/div[2]/div[3]/div[1]/div/div/div[2]/div/div/div[1]/input")): null

2019-04-26 12:48:29 - [TEST_STEP][PASSED] - Statement - input_search_page.sendKeys("test2"): null

2019-04-26 12:48:29 - [TEST_STEP][PASSED] - delay: Delayed 5 second(s)

2019-04-26 12:48:34 - [MESSAGE][PASSED] - Delayed 5 second(s)

2019-04-26 12:48:34 - [TEST_STEP][PASSED] - Statement - Table = driver.findElement(org.openqa.selenium.By.xpath("//table/tbody")): null

2019-04-26 12:48:34 - [TEST_STEP][PASSED] - Statement - rows_table = Table.findElements(org.openqa.selenium.By.tagName("tr")): null

2019-04-26 12:48:34 - [TEST_STEP][PASSED] - Statement - rows_count = rows_table.size(): null

2019-04-26 12:48:34 - [TEST_STEP][PASSED] - verifyEqual: Actual object '1' and expected object '1' are equal

2019-04-26 12:48:34 - [MESSAGE][PASSED] - Actual object '1' and expected object '1' are equal]]></system-out>
         <system-err><![CDATA[]]></system-err>
      </testcase>
      <testcase name="Test Cases/Operational_Dashboard/141" classname="Test Cases/Operational_Dashboard/141" status="PASSED">
         <system-out><![CDATA[2019-04-26 12:48:34 - [TEST_CASE][PASSED] - Test Cases/Operational_Dashboard/141: Test Cases/Operational_Dashboard/141

2019-04-26 12:48:35 - [TEST_STEP][PASSED] - callTestCase: Call Test Case 'Test Cases/Operational_Dashboard/Login' successfully

2019-04-26 12:48:35 - [TEST_CASE][PASSED] - Test Cases/Operational_Dashboard/Login: Test Cases/Operational_Dashboard/Login

2019-04-26 12:48:35 - [TEST_STEP][PASSED] - callTestCase: Call Test Case 'Test Cases/s-sidebar_navigation/individualAccount/operationalDashboard' successfully

2019-04-26 12:48:35 - [TEST_CASE][PASSED] - Test Cases/s-sidebar_navigation/individualAccount/operationalDashboard: Test Cases/s-sidebar_navigation/individualAccount/operationalDashboard

2019-04-26 12:48:35 - [TEST_STEP][PASSED] - click: Object: 'Object Repository/Page_KiboEngage  Subscribers/span_Subscribers' is clicked on

2019-04-26 12:48:35 - [MESSAGE][PASSED] - Object: 'Object Repository/Page_KiboEngage  Subscribers/span_Subscribers' is clicked on

2019-04-26 12:48:35 - [TEST_STEP][PASSED] - click: Object: 'Object Repository/Page_KiboEngage  Subscribers/span_Operational Dashboard (1)' is clicked on

2019-04-26 12:48:36 - [MESSAGE][PASSED] - Object: 'Object Repository/Page_KiboEngage  Subscribers/span_Operational Dashboard (1)' is clicked on

2019-04-26 12:48:36 - [TEST_STEP][PASSED] - scrollToPosition: Browser is scrolled to position x = 0, y = 0

2019-04-26 12:48:36 - [MESSAGE][PASSED] - Browser is scrolled to position x = 0, y = 0

2019-04-26 12:48:36 - [TEST_STEP][PASSED] - delay: Delayed 2 second(s)

2019-04-26 12:48:38 - [MESSAGE][PASSED] - Delayed 2 second(s)

2019-04-26 12:48:38 - [TEST_STEP][PASSED] - click: Object: 'Object Repository/Page_KiboEngage  Operational Dashbo/h3_Pages Info (7)' is clicked on

2019-04-26 12:48:38 - [MESSAGE][PASSED] - Object: 'Object Repository/Page_KiboEngage  Operational Dashbo/h3_Pages Info (7)' is clicked on

2019-04-26 12:48:38 - [MESSAGE][PASSED] - Call Test Case 'Test Cases/s-sidebar_navigation/individualAccount/operationalDashboard' successfully

2019-04-26 12:48:38 - [MESSAGE][PASSED] - Call Test Case 'Test Cases/Operational_Dashboard/Login' successfully

2019-04-26 12:48:38 - [TEST_STEP][PASSED] - delay: Delayed 2 second(s)

2019-04-26 12:48:40 - [MESSAGE][PASSED] - Delayed 2 second(s)

2019-04-26 12:48:40 - [TEST_STEP][PASSED] - setText: Text 'cloudkibo1' is set on object 'Object Repository/Page_KiboEngage  Operational Dashbo/input_form-control m-input m-i'

2019-04-26 12:48:41 - [MESSAGE][PASSED] - Text 'cloudkibo1' is set on object 'Object Repository/Page_KiboEngage  Operational Dashbo/input_form-control m-input m-i'

2019-04-26 12:48:41 - [TEST_STEP][PASSED] - delay: Delayed 5 second(s)

2019-04-26 12:48:45 - [MESSAGE][PASSED] - Delayed 5 second(s)

2019-04-26 12:48:45 - [TEST_STEP][PASSED] - click: Object: 'Object Repository/Page_KiboEngage  Operational Dashbo/button_See more' is clicked on

2019-04-26 12:48:46 - [MESSAGE][PASSED] - Object: 'Object Repository/Page_KiboEngage  Operational Dashbo/button_See more' is clicked on

2019-04-26 12:48:46 - [TEST_STEP][PASSED] - delay: Delayed 1 second(s)

2019-04-26 12:48:47 - [MESSAGE][PASSED] - Delayed 1 second(s)

2019-04-26 12:48:47 - [TEST_STEP][PASSED] - scrollToPosition: Browser is scrolled to position x = 0, y = 0

2019-04-26 12:48:47 - [MESSAGE][PASSED] - Browser is scrolled to position x = 0, y = 0

2019-04-26 12:48:47 - [TEST_STEP][PASSED] - delay: Delayed 5 second(s)

2019-04-26 12:48:51 - [MESSAGE][PASSED] - Delayed 5 second(s)

2019-04-26 12:48:51 - [TEST_STEP][PASSED] - Statement - driver = com.kms.katalon.core.webui.driver.DriverFactory.getWebDriver(): null

2019-04-26 12:48:51 - [TEST_STEP][PASSED] - Statement - rows_table = driver.findElements(org.openqa.selenium.By.xpath("//*[@id="content"]/div/div/div/div[2]/div[3]/div[2]/div/div/div[2]/div/div/div[2]/table/tbody/tr")): null

2019-04-26 12:48:51 - [TEST_STEP][PASSED] - Statement - rows_count = rows_table.size(): null

2019-04-26 12:48:51 - [TEST_STEP][PASSED] - verifyGreaterThanOrEqual: Actual number '10' is greater than or equal to expected number '1'

2019-04-26 12:48:51 - [MESSAGE][PASSED] - Actual number '10' is greater than or equal to expected number '1']]></system-out>
         <system-err><![CDATA[]]></system-err>
      </testcase>
      <testcase name="Test Cases/Operational_Dashboard/142" classname="Test Cases/Operational_Dashboard/142" status="PASSED">
         <system-out><![CDATA[2019-04-26 12:48:51 - [TEST_CASE][PASSED] - Test Cases/Operational_Dashboard/142: Test Cases/Operational_Dashboard/142

2019-04-26 12:48:51 - [TEST_STEP][PASSED] - callTestCase: Call Test Case 'Test Cases/Operational_Dashboard/141' successfully

2019-04-26 12:48:51 - [TEST_CASE][PASSED] - Test Cases/Operational_Dashboard/141: Test Cases/Operational_Dashboard/141

2019-04-26 12:48:51 - [TEST_STEP][PASSED] - callTestCase: Call Test Case 'Test Cases/Operational_Dashboard/Login' successfully

2019-04-26 12:48:51 - [TEST_CASE][PASSED] - Test Cases/Operational_Dashboard/Login: Test Cases/Operational_Dashboard/Login

2019-04-26 12:48:51 - [TEST_STEP][PASSED] - callTestCase: Call Test Case 'Test Cases/s-sidebar_navigation/individualAccount/operationalDashboard' successfully

2019-04-26 12:48:51 - [TEST_CASE][PASSED] - Test Cases/s-sidebar_navigation/individualAccount/operationalDashboard: Test Cases/s-sidebar_navigation/individualAccount/operationalDashboard

2019-04-26 12:48:51 - [TEST_STEP][PASSED] - click: Object: 'Object Repository/Page_KiboEngage  Subscribers/span_Subscribers' is clicked on

2019-04-26 12:48:52 - [MESSAGE][PASSED] - Object: 'Object Repository/Page_KiboEngage  Subscribers/span_Subscribers' is clicked on

2019-04-26 12:48:52 - [TEST_STEP][PASSED] - click: Object: 'Object Repository/Page_KiboEngage  Subscribers/span_Operational Dashboard (1)' is clicked on

2019-04-26 12:48:52 - [MESSAGE][PASSED] - Object: 'Object Repository/Page_KiboEngage  Subscribers/span_Operational Dashboard (1)' is clicked on

2019-04-26 12:48:52 - [TEST_STEP][PASSED] - scrollToPosition: Browser is scrolled to position x = 0, y = 0

2019-04-26 12:48:52 - [MESSAGE][PASSED] - Browser is scrolled to position x = 0, y = 0

2019-04-26 12:48:52 - [TEST_STEP][PASSED] - delay: Delayed 2 second(s)

2019-04-26 12:48:54 - [MESSAGE][PASSED] - Delayed 2 second(s)

2019-04-26 12:48:54 - [TEST_STEP][PASSED] - click: Object: 'Object Repository/Page_KiboEngage  Operational Dashbo/h3_Pages Info (7)' is clicked on

2019-04-26 12:48:54 - [MESSAGE][PASSED] - Object: 'Object Repository/Page_KiboEngage  Operational Dashbo/h3_Pages Info (7)' is clicked on

2019-04-26 12:48:54 - [MESSAGE][PASSED] - Call Test Case 'Test Cases/s-sidebar_navigation/individualAccount/operationalDashboard' successfully

2019-04-26 12:48:54 - [MESSAGE][PASSED] - Call Test Case 'Test Cases/Operational_Dashboard/Login' successfully

2019-04-26 12:48:54 - [TEST_STEP][PASSED] - delay: Delayed 2 second(s)

2019-04-26 12:48:55 - [MESSAGE][PASSED] - Delayed 2 second(s)

2019-04-26 12:48:55 - [TEST_STEP][PASSED] - setText: Text 'cloudkibo1' is set on object 'Object Repository/Page_KiboEngage  Operational Dashbo/input_form-control m-input m-i'

2019-04-26 12:48:56 - [MESSAGE][PASSED] - Text 'cloudkibo1' is set on object 'Object Repository/Page_KiboEngage  Operational Dashbo/input_form-control m-input m-i'

2019-04-26 12:48:56 - [TEST_STEP][PASSED] - delay: Delayed 5 second(s)

2019-04-26 12:49:00 - [MESSAGE][PASSED] - Delayed 5 second(s)

2019-04-26 12:49:00 - [TEST_STEP][PASSED] - click: Object: 'Object Repository/Page_KiboEngage  Operational Dashbo/button_See more' is clicked on

2019-04-26 12:49:00 - [MESSAGE][PASSED] - Object: 'Object Repository/Page_KiboEngage  Operational Dashbo/button_See more' is clicked on

2019-04-26 12:49:00 - [TEST_STEP][PASSED] - delay: Delayed 1 second(s)

2019-04-26 12:49:01 - [MESSAGE][PASSED] - Delayed 1 second(s)

2019-04-26 12:49:01 - [TEST_STEP][PASSED] - scrollToPosition: Browser is scrolled to position x = 0, y = 0

2019-04-26 12:49:01 - [MESSAGE][PASSED] - Browser is scrolled to position x = 0, y = 0

2019-04-26 12:49:01 - [TEST_STEP][PASSED] - delay: Delayed 5 second(s)

2019-04-26 12:49:04 - [MESSAGE][PASSED] - Delayed 5 second(s)

2019-04-26 12:49:04 - [TEST_STEP][PASSED] - Statement - driver = com.kms.katalon.core.webui.driver.DriverFactory.getWebDriver(): null

2019-04-26 12:49:04 - [TEST_STEP][PASSED] - Statement - rows_table = driver.findElements(org.openqa.selenium.By.xpath("//*[@id="content"]/div/div/div/div[2]/div[3]/div[2]/div/div/div[2]/div/div/div[2]/table/tbody/tr")): null

2019-04-26 12:49:04 - [TEST_STEP][PASSED] - Statement - rows_count = rows_table.size(): null

2019-04-26 12:49:04 - [TEST_STEP][PASSED] - verifyGreaterThanOrEqual: Actual number '10' is greater than or equal to expected number '1'

2019-04-26 12:49:04 - [MESSAGE][PASSED] - Actual number '10' is greater than or equal to expected number '1'

2019-04-26 12:49:04 - [MESSAGE][PASSED] - Call Test Case 'Test Cases/Operational_Dashboard/141' successfully

2019-04-26 12:49:04 - [TEST_STEP][PASSED] - Statement - driver = com.kms.katalon.core.webui.driver.DriverFactory.getWebDriver(): null

2019-04-26 12:49:04 - [TEST_STEP][PASSED] - Statement - next = driver.findElement(org.openqa.selenium.By.xpath("//*[@id="content"]/div/div/div/div[2]/div[3]/div[2]/div/div/div[2]/div/div/div[2]/ul/li[3]/a")): null

2019-04-26 12:49:04 - [TEST_STEP][PASSED] - Statement - next.click(): null

2019-04-26 12:49:04 - [TEST_STEP][PASSED] - delay: Delayed 5 second(s)

2019-04-26 12:49:08 - [MESSAGE][PASSED] - Delayed 5 second(s)

2019-04-26 12:49:08 - [TEST_STEP][PASSED] - Statement - rows_table = driver.findElements(org.openqa.selenium.By.xpath("//*[@id="content"]/div/div/div/div[2]/div[3]/div[2]/div/div/div[2]/div/div/div[2]/table/tbody/tr")): null

2019-04-26 12:49:08 - [TEST_STEP][PASSED] - Statement - rows_count = rows_table.size(): null

2019-04-26 12:49:08 - [TEST_STEP][PASSED] - verifyGreaterThanOrEqual: Actual number '10' is greater than or equal to expected number '1'

2019-04-26 12:49:08 - [MESSAGE][PASSED] - Actual number '10' is greater than or equal to expected number '1']]></system-out>
         <system-err><![CDATA[]]></system-err>
      </testcase>
      <testcase name="Test Cases/Operational_Dashboard/143" classname="Test Cases/Operational_Dashboard/143" status="PASSED">
         <system-out><![CDATA[2019-04-26 12:49:08 - [TEST_CASE][PASSED] - Test Cases/Operational_Dashboard/143: Test Cases/Operational_Dashboard/143

2019-04-26 12:49:08 - [TEST_STEP][PASSED] - callTestCase: Call Test Case 'Test Cases/Operational_Dashboard/142' successfully

2019-04-26 12:49:08 - [TEST_CASE][PASSED] - Test Cases/Operational_Dashboard/142: Test Cases/Operational_Dashboard/142

2019-04-26 12:49:08 - [TEST_STEP][PASSED] - callTestCase: Call Test Case 'Test Cases/Operational_Dashboard/141' successfully

2019-04-26 12:49:08 - [TEST_CASE][PASSED] - Test Cases/Operational_Dashboard/141: Test Cases/Operational_Dashboard/141

2019-04-26 12:49:08 - [TEST_STEP][PASSED] - callTestCase: Call Test Case 'Test Cases/Operational_Dashboard/Login' successfully

2019-04-26 12:49:08 - [TEST_CASE][PASSED] - Test Cases/Operational_Dashboard/Login: Test Cases/Operational_Dashboard/Login

2019-04-26 12:49:09 - [TEST_STEP][PASSED] - callTestCase: Call Test Case 'Test Cases/s-sidebar_navigation/individualAccount/operationalDashboard' successfully

2019-04-26 12:49:09 - [TEST_CASE][PASSED] - Test Cases/s-sidebar_navigation/individualAccount/operationalDashboard: Test Cases/s-sidebar_navigation/individualAccount/operationalDashboard

2019-04-26 12:49:09 - [TEST_STEP][PASSED] - click: Object: 'Object Repository/Page_KiboEngage  Subscribers/span_Subscribers' is clicked on

2019-04-26 12:49:09 - [MESSAGE][PASSED] - Object: 'Object Repository/Page_KiboEngage  Subscribers/span_Subscribers' is clicked on

2019-04-26 12:49:09 - [TEST_STEP][PASSED] - click: Object: 'Object Repository/Page_KiboEngage  Subscribers/span_Operational Dashboard (1)' is clicked on

2019-04-26 12:49:09 - [MESSAGE][PASSED] - Object: 'Object Repository/Page_KiboEngage  Subscribers/span_Operational Dashboard (1)' is clicked on

2019-04-26 12:49:09 - [TEST_STEP][PASSED] - scrollToPosition: Browser is scrolled to position x = 0, y = 0

2019-04-26 12:49:09 - [MESSAGE][PASSED] - Browser is scrolled to position x = 0, y = 0

2019-04-26 12:49:09 - [TEST_STEP][PASSED] - delay: Delayed 2 second(s)

2019-04-26 12:49:11 - [MESSAGE][PASSED] - Delayed 2 second(s)

2019-04-26 12:49:11 - [TEST_STEP][PASSED] - click: Object: 'Object Repository/Page_KiboEngage  Operational Dashbo/h3_Pages Info (7)' is clicked on

2019-04-26 12:49:11 - [MESSAGE][PASSED] - Object: 'Object Repository/Page_KiboEngage  Operational Dashbo/h3_Pages Info (7)' is clicked on

2019-04-26 12:49:11 - [MESSAGE][PASSED] - Call Test Case 'Test Cases/s-sidebar_navigation/individualAccount/operationalDashboard' successfully

2019-04-26 12:49:11 - [MESSAGE][PASSED] - Call Test Case 'Test Cases/Operational_Dashboard/Login' successfully

2019-04-26 12:49:11 - [TEST_STEP][PASSED] - delay: Delayed 2 second(s)

2019-04-26 12:49:13 - [MESSAGE][PASSED] - Delayed 2 second(s)

2019-04-26 12:49:13 - [TEST_STEP][PASSED] - setText: Text 'cloudkibo1' is set on object 'Object Repository/Page_KiboEngage  Operational Dashbo/input_form-control m-input m-i'

2019-04-26 12:49:13 - [MESSAGE][PASSED] - Text 'cloudkibo1' is set on object 'Object Repository/Page_KiboEngage  Operational Dashbo/input_form-control m-input m-i'

2019-04-26 12:49:13 - [TEST_STEP][PASSED] - delay: Delayed 5 second(s)

2019-04-26 12:49:17 - [MESSAGE][PASSED] - Delayed 5 second(s)

2019-04-26 12:49:17 - [TEST_STEP][PASSED] - click: Object: 'Object Repository/Page_KiboEngage  Operational Dashbo/button_See more' is clicked on

2019-04-26 12:49:18 - [MESSAGE][PASSED] - Object: 'Object Repository/Page_KiboEngage  Operational Dashbo/button_See more' is clicked on

2019-04-26 12:49:18 - [TEST_STEP][PASSED] - delay: Delayed 1 second(s)

2019-04-26 12:49:19 - [MESSAGE][PASSED] - Delayed 1 second(s)

2019-04-26 12:49:19 - [TEST_STEP][PASSED] - scrollToPosition: Browser is scrolled to position x = 0, y = 0

2019-04-26 12:49:19 - [MESSAGE][PASSED] - Browser is scrolled to position x = 0, y = 0

2019-04-26 12:49:19 - [TEST_STEP][PASSED] - delay: Delayed 5 second(s)

2019-04-26 12:49:23 - [MESSAGE][PASSED] - Delayed 5 second(s)

2019-04-26 12:49:23 - [TEST_STEP][PASSED] - Statement - driver = com.kms.katalon.core.webui.driver.DriverFactory.getWebDriver(): null

2019-04-26 12:49:23 - [TEST_STEP][PASSED] - Statement - rows_table = driver.findElements(org.openqa.selenium.By.xpath("//*[@id="content"]/div/div/div/div[2]/div[3]/div[2]/div/div/div[2]/div/div/div[2]/table/tbody/tr")): null

2019-04-26 12:49:23 - [TEST_STEP][PASSED] - Statement - rows_count = rows_table.size(): null

2019-04-26 12:49:23 - [TEST_STEP][PASSED] - verifyGreaterThanOrEqual: Actual number '10' is greater than or equal to expected number '1'

2019-04-26 12:49:23 - [MESSAGE][PASSED] - Actual number '10' is greater than or equal to expected number '1'

2019-04-26 12:49:23 - [MESSAGE][PASSED] - Call Test Case 'Test Cases/Operational_Dashboard/141' successfully

2019-04-26 12:49:23 - [TEST_STEP][PASSED] - Statement - driver = com.kms.katalon.core.webui.driver.DriverFactory.getWebDriver(): null

2019-04-26 12:49:23 - [TEST_STEP][PASSED] - Statement - next = driver.findElement(org.openqa.selenium.By.xpath("//*[@id="content"]/div/div/div/div[2]/div[3]/div[2]/div/div/div[2]/div/div/div[2]/ul/li[3]/a")): null

2019-04-26 12:49:23 - [TEST_STEP][PASSED] - Statement - next.click(): null

2019-04-26 12:49:24 - [TEST_STEP][PASSED] - delay: Delayed 5 second(s)

2019-04-26 12:49:28 - [MESSAGE][PASSED] - Delayed 5 second(s)

2019-04-26 12:49:28 - [TEST_STEP][PASSED] - Statement - rows_table = driver.findElements(org.openqa.selenium.By.xpath("//*[@id="content"]/div/div/div/div[2]/div[3]/div[2]/div/div/div[2]/div/div/div[2]/table/tbody/tr")): null

2019-04-26 12:49:28 - [TEST_STEP][PASSED] - Statement - rows_count = rows_table.size(): null

2019-04-26 12:49:28 - [TEST_STEP][PASSED] - verifyGreaterThanOrEqual: Actual number '10' is greater than or equal to expected number '1'

2019-04-26 12:49:28 - [MESSAGE][PASSED] - Actual number '10' is greater than or equal to expected number '1'

2019-04-26 12:49:28 - [MESSAGE][PASSED] - Call Test Case 'Test Cases/Operational_Dashboard/142' successfully

2019-04-26 12:49:28 - [TEST_STEP][PASSED] - Statement - driver = com.kms.katalon.core.webui.driver.DriverFactory.getWebDriver(): null

2019-04-26 12:49:28 - [TEST_STEP][PASSED] - Statement - previous = driver.findElement(org.openqa.selenium.By.xpath("//*[@id="content"]/div/div/div/div[2]/div[3]/div[2]/div/div/div[2]/div/div/div[2]/ul/li[1]/a")): null

2019-04-26 12:49:28 - [TEST_STEP][PASSED] - Statement - previous.click(): null

2019-04-26 12:49:28 - [TEST_STEP][PASSED] - delay: Delayed 5 second(s)

2019-04-26 12:49:33 - [MESSAGE][PASSED] - Delayed 5 second(s)

2019-04-26 12:49:33 - [TEST_STEP][PASSED] - Statement - rows_table = driver.findElements(org.openqa.selenium.By.xpath("//*[@id="content"]/div/div/div/div[2]/div[3]/div[2]/div/div/div[2]/div/div/div[2]/table/tbody/tr")): null

2019-04-26 12:49:33 - [TEST_STEP][PASSED] - Statement - rows_count = rows_table.size(): null

2019-04-26 12:49:33 - [TEST_STEP][PASSED] - verifyEqual: Actual object '10' and expected object '10' are equal

2019-04-26 12:49:33 - [MESSAGE][PASSED] - Actual object '10' and expected object '10' are equal]]></system-out>
         <system-err><![CDATA[]]></system-err>
      </testcase>
      <testcase name="Test Cases/Operational_Dashboard/144" classname="Test Cases/Operational_Dashboard/144" status="PASSED">
         <system-out><![CDATA[2019-04-26 12:49:33 - [TEST_CASE][PASSED] - Test Cases/Operational_Dashboard/144: Test Cases/Operational_Dashboard/144

2019-04-26 12:49:34 - [TEST_STEP][PASSED] - callTestCase: Call Test Case 'Test Cases/Operational_Dashboard/141' successfully

2019-04-26 12:49:34 - [TEST_CASE][PASSED] - Test Cases/Operational_Dashboard/141: Test Cases/Operational_Dashboard/141

2019-04-26 12:49:34 - [TEST_STEP][PASSED] - callTestCase: Call Test Case 'Test Cases/Operational_Dashboard/Login' successfully

2019-04-26 12:49:34 - [TEST_CASE][PASSED] - Test Cases/Operational_Dashboard/Login: Test Cases/Operational_Dashboard/Login

2019-04-26 12:49:34 - [TEST_STEP][PASSED] - callTestCase: Call Test Case 'Test Cases/s-sidebar_navigation/individualAccount/operationalDashboard' successfully

2019-04-26 12:49:34 - [TEST_CASE][PASSED] - Test Cases/s-sidebar_navigation/individualAccount/operationalDashboard: Test Cases/s-sidebar_navigation/individualAccount/operationalDashboard

2019-04-26 12:49:34 - [TEST_STEP][PASSED] - click: Object: 'Object Repository/Page_KiboEngage  Subscribers/span_Subscribers' is clicked on

2019-04-26 12:49:35 - [MESSAGE][PASSED] - Object: 'Object Repository/Page_KiboEngage  Subscribers/span_Subscribers' is clicked on

2019-04-26 12:49:35 - [TEST_STEP][PASSED] - click: Object: 'Object Repository/Page_KiboEngage  Subscribers/span_Operational Dashboard (1)' is clicked on

2019-04-26 12:49:35 - [MESSAGE][PASSED] - Object: 'Object Repository/Page_KiboEngage  Subscribers/span_Operational Dashboard (1)' is clicked on

2019-04-26 12:49:35 - [TEST_STEP][PASSED] - scrollToPosition: Browser is scrolled to position x = 0, y = 0

2019-04-26 12:49:35 - [MESSAGE][PASSED] - Browser is scrolled to position x = 0, y = 0

2019-04-26 12:49:35 - [TEST_STEP][PASSED] - delay: Delayed 2 second(s)

2019-04-26 12:49:37 - [MESSAGE][PASSED] - Delayed 2 second(s)

2019-04-26 12:49:37 - [TEST_STEP][PASSED] - click: Object: 'Object Repository/Page_KiboEngage  Operational Dashbo/h3_Pages Info (7)' is clicked on

2019-04-26 12:49:38 - [MESSAGE][PASSED] - Object: 'Object Repository/Page_KiboEngage  Operational Dashbo/h3_Pages Info (7)' is clicked on

2019-04-26 12:49:38 - [MESSAGE][PASSED] - Call Test Case 'Test Cases/s-sidebar_navigation/individualAccount/operationalDashboard' successfully

2019-04-26 12:49:38 - [MESSAGE][PASSED] - Call Test Case 'Test Cases/Operational_Dashboard/Login' successfully

2019-04-26 12:49:38 - [TEST_STEP][PASSED] - delay: Delayed 2 second(s)

2019-04-26 12:49:40 - [MESSAGE][PASSED] - Delayed 2 second(s)

2019-04-26 12:49:40 - [TEST_STEP][PASSED] - setText: Text 'cloudkibo1' is set on object 'Object Repository/Page_KiboEngage  Operational Dashbo/input_form-control m-input m-i'

2019-04-26 12:49:41 - [MESSAGE][PASSED] - Text 'cloudkibo1' is set on object 'Object Repository/Page_KiboEngage  Operational Dashbo/input_form-control m-input m-i'

2019-04-26 12:49:41 - [TEST_STEP][PASSED] - delay: Delayed 5 second(s)

2019-04-26 12:49:46 - [MESSAGE][PASSED] - Delayed 5 second(s)

2019-04-26 12:49:46 - [TEST_STEP][PASSED] - click: Object: 'Object Repository/Page_KiboEngage  Operational Dashbo/button_See more' is clicked on

2019-04-26 12:49:47 - [MESSAGE][PASSED] - Object: 'Object Repository/Page_KiboEngage  Operational Dashbo/button_See more' is clicked on

2019-04-26 12:49:47 - [TEST_STEP][PASSED] - delay: Delayed 1 second(s)

2019-04-26 12:49:48 - [MESSAGE][PASSED] - Delayed 1 second(s)

2019-04-26 12:49:48 - [TEST_STEP][PASSED] - scrollToPosition: Browser is scrolled to position x = 0, y = 0

2019-04-26 12:49:48 - [MESSAGE][PASSED] - Browser is scrolled to position x = 0, y = 0

2019-04-26 12:49:48 - [TEST_STEP][PASSED] - delay: Delayed 5 second(s)

2019-04-26 12:49:54 - [MESSAGE][PASSED] - Delayed 5 second(s)

2019-04-26 12:49:54 - [TEST_STEP][PASSED] - Statement - driver = com.kms.katalon.core.webui.driver.DriverFactory.getWebDriver(): null

2019-04-26 12:49:54 - [TEST_STEP][PASSED] - Statement - rows_table = driver.findElements(org.openqa.selenium.By.xpath("//*[@id="content"]/div/div/div/div[2]/div[3]/div[2]/div/div/div[2]/div/div/div[2]/table/tbody/tr")): null

2019-04-26 12:49:54 - [TEST_STEP][PASSED] - Statement - rows_count = rows_table.size(): null

2019-04-26 12:49:54 - [TEST_STEP][PASSED] - verifyGreaterThanOrEqual: Actual number '10' is greater than or equal to expected number '1'

2019-04-26 12:49:54 - [MESSAGE][PASSED] - Actual number '10' is greater than or equal to expected number '1'

2019-04-26 12:49:54 - [MESSAGE][PASSED] - Call Test Case 'Test Cases/Operational_Dashboard/141' successfully

2019-04-26 12:49:54 - [TEST_STEP][PASSED] - Statement - driver = com.kms.katalon.core.webui.driver.DriverFactory.getWebDriver(): null

2019-04-26 12:49:54 - [TEST_STEP][PASSED] - Statement - next = driver.findElement(org.openqa.selenium.By.xpath("//*[@id="content"]/div/div/div/div[2]/div[3]/div[2]/div/div/div[2]/div/div/div[2]/ul/li[3]/a")): null

2019-04-26 12:49:54 - [TEST_STEP][PASSED] - Statement - next.click(): null

2019-04-26 12:49:54 - [TEST_STEP][PASSED] - delay: Delayed 5 second(s)

2019-04-26 12:50:00 - [MESSAGE][PASSED] - Delayed 5 second(s)

2019-04-26 12:50:01 - [TEST_STEP][PASSED] - Statement - rows_table = driver.findElements(org.openqa.selenium.By.xpath("//*[@id="content"]/div/div/div/div[2]/div[3]/div[2]/div/div/div[2]/div/div/div[2]/table/tbody/tr")): null

2019-04-26 12:50:01 - [TEST_STEP][PASSED] - Statement - rows_count = rows_table.size(): null

2019-04-26 12:50:01 - [TEST_STEP][PASSED] - verifyGreaterThanOrEqual: Actual number '10' is greater than or equal to expected number '1'

2019-04-26 12:50:01 - [MESSAGE][PASSED] - Actual number '10' is greater than or equal to expected number '1']]></system-out>
         <system-err><![CDATA[]]></system-err>
      </testcase>
      <testcase name="Test Cases/Operational_Dashboard/145" classname="Test Cases/Operational_Dashboard/145" status="PASSED">
         <system-out><![CDATA[2019-04-26 12:50:01 - [TEST_CASE][PASSED] - Test Cases/Operational_Dashboard/145: Test Cases/Operational_Dashboard/145

2019-04-26 12:50:01 - [TEST_STEP][PASSED] - callTestCase: Call Test Case 'Test Cases/Operational_Dashboard/141' successfully

2019-04-26 12:50:01 - [TEST_CASE][PASSED] - Test Cases/Operational_Dashboard/141: Test Cases/Operational_Dashboard/141

2019-04-26 12:50:01 - [TEST_STEP][PASSED] - callTestCase: Call Test Case 'Test Cases/Operational_Dashboard/Login' successfully

2019-04-26 12:50:01 - [TEST_CASE][PASSED] - Test Cases/Operational_Dashboard/Login: Test Cases/Operational_Dashboard/Login

2019-04-26 12:50:01 - [TEST_STEP][PASSED] - callTestCase: Call Test Case 'Test Cases/s-sidebar_navigation/individualAccount/operationalDashboard' successfully

2019-04-26 12:50:01 - [TEST_CASE][PASSED] - Test Cases/s-sidebar_navigation/individualAccount/operationalDashboard: Test Cases/s-sidebar_navigation/individualAccount/operationalDashboard

2019-04-26 12:50:01 - [TEST_STEP][PASSED] - click: Object: 'Object Repository/Page_KiboEngage  Subscribers/span_Subscribers' is clicked on

2019-04-26 12:50:01 - [MESSAGE][PASSED] - Object: 'Object Repository/Page_KiboEngage  Subscribers/span_Subscribers' is clicked on

2019-04-26 12:50:01 - [TEST_STEP][PASSED] - click: Object: 'Object Repository/Page_KiboEngage  Subscribers/span_Operational Dashboard (1)' is clicked on

2019-04-26 12:50:02 - [MESSAGE][PASSED] - Object: 'Object Repository/Page_KiboEngage  Subscribers/span_Operational Dashboard (1)' is clicked on

2019-04-26 12:50:02 - [TEST_STEP][PASSED] - scrollToPosition: Browser is scrolled to position x = 0, y = 0

2019-04-26 12:50:02 - [MESSAGE][PASSED] - Browser is scrolled to position x = 0, y = 0

2019-04-26 12:50:02 - [TEST_STEP][PASSED] - delay: Delayed 2 second(s)

2019-04-26 12:50:05 - [MESSAGE][PASSED] - Delayed 2 second(s)

2019-04-26 12:50:05 - [TEST_STEP][PASSED] - click: Object: 'Object Repository/Page_KiboEngage  Operational Dashbo/h3_Pages Info (7)' is clicked on

2019-04-26 12:50:05 - [MESSAGE][PASSED] - Object: 'Object Repository/Page_KiboEngage  Operational Dashbo/h3_Pages Info (7)' is clicked on

2019-04-26 12:50:05 - [MESSAGE][PASSED] - Call Test Case 'Test Cases/s-sidebar_navigation/individualAccount/operationalDashboard' successfully

2019-04-26 12:50:05 - [MESSAGE][PASSED] - Call Test Case 'Test Cases/Operational_Dashboard/Login' successfully

2019-04-26 12:50:05 - [TEST_STEP][PASSED] - delay: Delayed 2 second(s)

2019-04-26 12:50:08 - [MESSAGE][PASSED] - Delayed 2 second(s)

2019-04-26 12:50:08 - [TEST_STEP][PASSED] - setText: Text 'cloudkibo1' is set on object 'Object Repository/Page_KiboEngage  Operational Dashbo/input_form-control m-input m-i'

2019-04-26 12:50:09 - [MESSAGE][PASSED] - Text 'cloudkibo1' is set on object 'Object Repository/Page_KiboEngage  Operational Dashbo/input_form-control m-input m-i'

2019-04-26 12:50:09 - [TEST_STEP][PASSED] - delay: Delayed 5 second(s)

2019-04-26 12:50:16 - [MESSAGE][PASSED] - Delayed 5 second(s)

2019-04-26 12:50:16 - [TEST_STEP][PASSED] - click: Object: 'Object Repository/Page_KiboEngage  Operational Dashbo/button_See more' is clicked on

2019-04-26 12:50:17 - [MESSAGE][PASSED] - Object: 'Object Repository/Page_KiboEngage  Operational Dashbo/button_See more' is clicked on

2019-04-26 12:50:17 - [TEST_STEP][PASSED] - delay: Delayed 1 second(s)

2019-04-26 12:50:18 - [MESSAGE][PASSED] - Delayed 1 second(s)

2019-04-26 12:50:18 - [TEST_STEP][PASSED] - scrollToPosition: Browser is scrolled to position x = 0, y = 0

2019-04-26 12:50:18 - [MESSAGE][PASSED] - Browser is scrolled to position x = 0, y = 0

2019-04-26 12:50:18 - [TEST_STEP][PASSED] - delay: Delayed 5 second(s)

2019-04-26 12:50:24 - [MESSAGE][PASSED] - Delayed 5 second(s)

2019-04-26 12:50:24 - [TEST_STEP][PASSED] - Statement - driver = com.kms.katalon.core.webui.driver.DriverFactory.getWebDriver(): null

2019-04-26 12:50:24 - [TEST_STEP][PASSED] - Statement - rows_table = driver.findElements(org.openqa.selenium.By.xpath("//*[@id="content"]/div/div/div/div[2]/div[3]/div[2]/div/div/div[2]/div/div/div[2]/table/tbody/tr")): null

2019-04-26 12:50:25 - [TEST_STEP][PASSED] - Statement - rows_count = rows_table.size(): null

2019-04-26 12:50:25 - [TEST_STEP][PASSED] - verifyGreaterThanOrEqual: Actual number '10' is greater than or equal to expected number '1'

2019-04-26 12:50:25 - [MESSAGE][PASSED] - Actual number '10' is greater than or equal to expected number '1'

2019-04-26 12:50:25 - [MESSAGE][PASSED] - Call Test Case 'Test Cases/Operational_Dashboard/141' successfully

2019-04-26 12:50:25 - [TEST_STEP][PASSED] - Statement - driver = com.kms.katalon.core.webui.driver.DriverFactory.getWebDriver(): null

2019-04-26 12:50:25 - [TEST_STEP][PASSED] - Statement - input_search_page = driver.findElement(org.openqa.selenium.By.xpath("//*[@id="content"]/div/div/div/div[2]/div[3]/div[2]/div/div/div[2]/div/div/div[1]/div[1]/input")): null

2019-04-26 12:50:25 - [TEST_STEP][PASSED] - Statement - input_search_page.sendKeys("Broadcast Title"): null

2019-04-26 12:50:27 - [TEST_STEP][PASSED] - delay: Delayed 5 second(s)

2019-04-26 12:50:33 - [MESSAGE][PASSED] - Delayed 5 second(s)

2019-04-26 12:50:33 - [TEST_STEP][PASSED] - Statement - rows_table = driver.findElements(org.openqa.selenium.By.xpath("//*[@id="content"]/div/div/div/div[2]/div[3]/div[2]/div/div/div[2]/div/div/div[2]/table/tbody/tr")): null

2019-04-26 12:50:33 - [TEST_STEP][PASSED] - Statement - rows_count = rows_table.size(): null

2019-04-26 12:50:33 - [TEST_STEP][PASSED] - verifyGreaterThanOrEqual: Actual number '10' is greater than or equal to expected number '1'

2019-04-26 12:50:33 - [MESSAGE][PASSED] - Actual number '10' is greater than or equal to expected number '1']]></system-out>
         <system-err><![CDATA[]]></system-err>
      </testcase>
      <testcase name="Test Cases/Operational_Dashboard/148" classname="Test Cases/Operational_Dashboard/148" status="PASSED">
         <system-out><![CDATA[2019-04-26 12:50:33 - [TEST_CASE][PASSED] - Test Cases/Operational_Dashboard/148: Test Cases/Operational_Dashboard/148

2019-04-26 12:50:33 - [TEST_STEP][PASSED] - callTestCase: Call Test Case 'Test Cases/Operational_Dashboard/Login' successfully

2019-04-26 12:50:33 - [TEST_CASE][PASSED] - Test Cases/Operational_Dashboard/Login: Test Cases/Operational_Dashboard/Login

2019-04-26 12:50:33 - [TEST_STEP][PASSED] - callTestCase: Call Test Case 'Test Cases/s-sidebar_navigation/individualAccount/operationalDashboard' successfully

2019-04-26 12:50:33 - [TEST_CASE][PASSED] - Test Cases/s-sidebar_navigation/individualAccount/operationalDashboard: Test Cases/s-sidebar_navigation/individualAccount/operationalDashboard

2019-04-26 12:50:34 - [TEST_STEP][PASSED] - click: Object: 'Object Repository/Page_KiboEngage  Subscribers/span_Subscribers' is clicked on

2019-04-26 12:50:34 - [MESSAGE][PASSED] - Object: 'Object Repository/Page_KiboEngage  Subscribers/span_Subscribers' is clicked on

2019-04-26 12:50:34 - [TEST_STEP][PASSED] - click: Object: 'Object Repository/Page_KiboEngage  Subscribers/span_Operational Dashboard (1)' is clicked on

2019-04-26 12:50:34 - [MESSAGE][PASSED] - Object: 'Object Repository/Page_KiboEngage  Subscribers/span_Operational Dashboard (1)' is clicked on

2019-04-26 12:50:34 - [TEST_STEP][PASSED] - scrollToPosition: Browser is scrolled to position x = 0, y = 0

2019-04-26 12:50:34 - [MESSAGE][PASSED] - Browser is scrolled to position x = 0, y = 0

2019-04-26 12:50:34 - [TEST_STEP][PASSED] - delay: Delayed 2 second(s)

2019-04-26 12:50:37 - [MESSAGE][PASSED] - Delayed 2 second(s)

2019-04-26 12:50:37 - [TEST_STEP][PASSED] - click: Object: 'Object Repository/Page_KiboEngage  Operational Dashbo/h3_Pages Info (7)' is clicked on

2019-04-26 12:50:37 - [MESSAGE][PASSED] - Object: 'Object Repository/Page_KiboEngage  Operational Dashbo/h3_Pages Info (7)' is clicked on

2019-04-26 12:50:37 - [MESSAGE][PASSED] - Call Test Case 'Test Cases/s-sidebar_navigation/individualAccount/operationalDashboard' successfully

2019-04-26 12:50:37 - [MESSAGE][PASSED] - Call Test Case 'Test Cases/Operational_Dashboard/Login' successfully

2019-04-26 12:50:37 - [TEST_STEP][PASSED] - delay: Delayed 2 second(s)

2019-04-26 12:50:39 - [MESSAGE][PASSED] - Delayed 2 second(s)

2019-04-26 12:50:39 - [TEST_STEP][PASSED] - setText: Text 'cloudkibo1' is set on object 'Object Repository/Page_KiboEngage  Operational Dashbo/input_form-control m-input m-i'

2019-04-26 12:50:40 - [MESSAGE][PASSED] - Text 'cloudkibo1' is set on object 'Object Repository/Page_KiboEngage  Operational Dashbo/input_form-control m-input m-i'

2019-04-26 12:50:40 - [TEST_STEP][PASSED] - delay: Delayed 5 second(s)

2019-04-26 12:50:45 - [MESSAGE][PASSED] - Delayed 5 second(s)

2019-04-26 12:50:45 - [TEST_STEP][PASSED] - click: Object: 'Object Repository/Page_KiboEngage  Operational Dashbo/button_See more' is clicked on

2019-04-26 12:50:45 - [MESSAGE][PASSED] - Object: 'Object Repository/Page_KiboEngage  Operational Dashbo/button_See more' is clicked on

2019-04-26 12:50:45 - [TEST_STEP][PASSED] - delay: Delayed 1 second(s)

2019-04-26 12:50:46 - [MESSAGE][PASSED] - Delayed 1 second(s)

2019-04-26 12:50:46 - [TEST_STEP][PASSED] - scrollToPosition: Browser is scrolled to position x = 0, y = 0

2019-04-26 12:50:46 - [MESSAGE][PASSED] - Browser is scrolled to position x = 0, y = 0

2019-04-26 12:50:46 - [TEST_STEP][PASSED] - delay: Delayed 5 second(s)

2019-04-26 12:50:51 - [MESSAGE][PASSED] - Delayed 5 second(s)

2019-04-26 12:50:51 - [TEST_STEP][PASSED] - Statement - driver = com.kms.katalon.core.webui.driver.DriverFactory.getWebDriver(): null

2019-04-26 12:50:51 - [TEST_STEP][PASSED] - Statement - rows_table = driver.findElements(org.openqa.selenium.By.xpath("//*[@id="content"]/div/div/div/div[2]/div[3]/div[3]/div/div/div[2]/div/div/div[2]/table/tbody/tr")): null

2019-04-26 12:50:51 - [TEST_STEP][PASSED] - Statement - rows_count = rows_table.size(): null

2019-04-26 12:50:51 - [TEST_STEP][PASSED] - verifyGreaterThanOrEqual: Actual number '10' is greater than or equal to expected number '1'

2019-04-26 12:50:51 - [MESSAGE][PASSED] - Actual number '10' is greater than or equal to expected number '1']]></system-out>
         <system-err><![CDATA[]]></system-err>
      </testcase>
      <testcase name="Test Cases/Operational_Dashboard/149" classname="Test Cases/Operational_Dashboard/149" status="PASSED">
         <system-out><![CDATA[2019-04-26 12:50:51 - [TEST_CASE][PASSED] - Test Cases/Operational_Dashboard/149: Test Cases/Operational_Dashboard/149

2019-04-26 12:50:52 - [TEST_STEP][PASSED] - callTestCase: Call Test Case 'Test Cases/Operational_Dashboard/148' successfully

2019-04-26 12:50:52 - [TEST_CASE][PASSED] - Test Cases/Operational_Dashboard/148: Test Cases/Operational_Dashboard/148

2019-04-26 12:50:52 - [TEST_STEP][PASSED] - callTestCase: Call Test Case 'Test Cases/Operational_Dashboard/Login' successfully

2019-04-26 12:50:52 - [TEST_CASE][PASSED] - Test Cases/Operational_Dashboard/Login: Test Cases/Operational_Dashboard/Login

2019-04-26 12:50:52 - [TEST_STEP][PASSED] - callTestCase: Call Test Case 'Test Cases/s-sidebar_navigation/individualAccount/operationalDashboard' successfully

2019-04-26 12:50:52 - [TEST_CASE][PASSED] - Test Cases/s-sidebar_navigation/individualAccount/operationalDashboard: Test Cases/s-sidebar_navigation/individualAccount/operationalDashboard

2019-04-26 12:50:52 - [TEST_STEP][PASSED] - click: Object: 'Object Repository/Page_KiboEngage  Subscribers/span_Subscribers' is clicked on

2019-04-26 12:50:52 - [MESSAGE][PASSED] - Object: 'Object Repository/Page_KiboEngage  Subscribers/span_Subscribers' is clicked on

2019-04-26 12:50:52 - [TEST_STEP][PASSED] - click: Object: 'Object Repository/Page_KiboEngage  Subscribers/span_Operational Dashboard (1)' is clicked on

2019-04-26 12:50:52 - [MESSAGE][PASSED] - Object: 'Object Repository/Page_KiboEngage  Subscribers/span_Operational Dashboard (1)' is clicked on

2019-04-26 12:50:52 - [TEST_STEP][PASSED] - scrollToPosition: Browser is scrolled to position x = 0, y = 0

2019-04-26 12:50:52 - [MESSAGE][PASSED] - Browser is scrolled to position x = 0, y = 0

2019-04-26 12:50:52 - [TEST_STEP][PASSED] - delay: Delayed 2 second(s)

2019-04-26 12:50:54 - [MESSAGE][PASSED] - Delayed 2 second(s)

2019-04-26 12:50:54 - [TEST_STEP][PASSED] - click: Object: 'Object Repository/Page_KiboEngage  Operational Dashbo/h3_Pages Info (7)' is clicked on

2019-04-26 12:50:55 - [MESSAGE][PASSED] - Object: 'Object Repository/Page_KiboEngage  Operational Dashbo/h3_Pages Info (7)' is clicked on

2019-04-26 12:50:55 - [MESSAGE][PASSED] - Call Test Case 'Test Cases/s-sidebar_navigation/individualAccount/operationalDashboard' successfully

2019-04-26 12:50:55 - [MESSAGE][PASSED] - Call Test Case 'Test Cases/Operational_Dashboard/Login' successfully

2019-04-26 12:50:55 - [TEST_STEP][PASSED] - delay: Delayed 2 second(s)

2019-04-26 12:50:56 - [MESSAGE][PASSED] - Delayed 2 second(s)

2019-04-26 12:50:56 - [TEST_STEP][PASSED] - setText: Text 'cloudkibo1' is set on object 'Object Repository/Page_KiboEngage  Operational Dashbo/input_form-control m-input m-i'

2019-04-26 12:50:57 - [MESSAGE][PASSED] - Text 'cloudkibo1' is set on object 'Object Repository/Page_KiboEngage  Operational Dashbo/input_form-control m-input m-i'

2019-04-26 12:50:57 - [TEST_STEP][PASSED] - delay: Delayed 5 second(s)

2019-04-26 12:51:02 - [MESSAGE][PASSED] - Delayed 5 second(s)

2019-04-26 12:51:02 - [TEST_STEP][PASSED] - click: Object: 'Object Repository/Page_KiboEngage  Operational Dashbo/button_See more' is clicked on

2019-04-26 12:51:02 - [MESSAGE][PASSED] - Object: 'Object Repository/Page_KiboEngage  Operational Dashbo/button_See more' is clicked on

2019-04-26 12:51:02 - [TEST_STEP][PASSED] - delay: Delayed 1 second(s)

2019-04-26 12:51:03 - [MESSAGE][PASSED] - Delayed 1 second(s)

2019-04-26 12:51:03 - [TEST_STEP][PASSED] - scrollToPosition: Browser is scrolled to position x = 0, y = 0

2019-04-26 12:51:03 - [MESSAGE][PASSED] - Browser is scrolled to position x = 0, y = 0

2019-04-26 12:51:03 - [TEST_STEP][PASSED] - delay: Delayed 5 second(s)

2019-04-26 12:51:07 - [MESSAGE][PASSED] - Delayed 5 second(s)

2019-04-26 12:51:07 - [TEST_STEP][PASSED] - Statement - driver = com.kms.katalon.core.webui.driver.DriverFactory.getWebDriver(): null

2019-04-26 12:51:07 - [TEST_STEP][PASSED] - Statement - rows_table = driver.findElements(org.openqa.selenium.By.xpath("//*[@id="content"]/div/div/div/div[2]/div[3]/div[3]/div/div/div[2]/div/div/div[2]/table/tbody/tr")): null

2019-04-26 12:51:07 - [TEST_STEP][PASSED] - Statement - rows_count = rows_table.size(): null

2019-04-26 12:51:07 - [TEST_STEP][PASSED] - verifyGreaterThanOrEqual: Actual number '10' is greater than or equal to expected number '1'

2019-04-26 12:51:07 - [MESSAGE][PASSED] - Actual number '10' is greater than or equal to expected number '1'

2019-04-26 12:51:07 - [MESSAGE][PASSED] - Call Test Case 'Test Cases/Operational_Dashboard/148' successfully

2019-04-26 12:51:07 - [TEST_STEP][PASSED] - Statement - driver = com.kms.katalon.core.webui.driver.DriverFactory.getWebDriver(): null

2019-04-26 12:51:07 - [TEST_STEP][PASSED] - Statement - next = driver.findElement(org.openqa.selenium.By.xpath("//*[@id="content"]/div/div/div/div[2]/div[3]/div[3]/div/div/div[2]/div/div/div[2]/ul/li[4]/a")): null

2019-04-26 12:51:07 - [TEST_STEP][PASSED] - Statement - next.click(): null

2019-04-26 12:51:07 - [TEST_STEP][PASSED] - delay: Delayed 5 second(s)

2019-04-26 12:51:11 - [MESSAGE][PASSED] - Delayed 5 second(s)

2019-04-26 12:51:11 - [TEST_STEP][PASSED] - Statement - rows_table = driver.findElements(org.openqa.selenium.By.xpath("//*[@id="content"]/div/div/div/div[2]/div[3]/div[3]/div/div/div[2]/div/div/div[2]/table/tbody/tr")): null

2019-04-26 12:51:11 - [TEST_STEP][PASSED] - Statement - rows_count = rows_table.size(): null

2019-04-26 12:51:11 - [TEST_STEP][PASSED] - verifyGreaterThanOrEqual: Actual number '2' is greater than or equal to expected number '1'

2019-04-26 12:51:11 - [MESSAGE][PASSED] - Actual number '2' is greater than or equal to expected number '1']]></system-out>
         <system-err><![CDATA[]]></system-err>
      </testcase>
      <testcase name="Test Cases/Operational_Dashboard/150" classname="Test Cases/Operational_Dashboard/150" status="PASSED">
         <system-out><![CDATA[2019-04-26 12:51:11 - [TEST_CASE][PASSED] - Test Cases/Operational_Dashboard/150: Test Cases/Operational_Dashboard/150

2019-04-26 12:51:11 - [TEST_STEP][PASSED] - callTestCase: Call Test Case 'Test Cases/Operational_Dashboard/149' successfully

2019-04-26 12:51:11 - [TEST_CASE][PASSED] - Test Cases/Operational_Dashboard/149: Test Cases/Operational_Dashboard/149

2019-04-26 12:51:11 - [TEST_STEP][PASSED] - callTestCase: Call Test Case 'Test Cases/Operational_Dashboard/148' successfully

2019-04-26 12:51:11 - [TEST_CASE][PASSED] - Test Cases/Operational_Dashboard/148: Test Cases/Operational_Dashboard/148

2019-04-26 12:51:11 - [TEST_STEP][PASSED] - callTestCase: Call Test Case 'Test Cases/Operational_Dashboard/Login' successfully

2019-04-26 12:51:11 - [TEST_CASE][PASSED] - Test Cases/Operational_Dashboard/Login: Test Cases/Operational_Dashboard/Login

2019-04-26 12:51:11 - [TEST_STEP][PASSED] - callTestCase: Call Test Case 'Test Cases/s-sidebar_navigation/individualAccount/operationalDashboard' successfully

2019-04-26 12:51:11 - [TEST_CASE][PASSED] - Test Cases/s-sidebar_navigation/individualAccount/operationalDashboard: Test Cases/s-sidebar_navigation/individualAccount/operationalDashboard

2019-04-26 12:51:11 - [TEST_STEP][PASSED] - click: Object: 'Object Repository/Page_KiboEngage  Subscribers/span_Subscribers' is clicked on

2019-04-26 12:51:11 - [MESSAGE][PASSED] - Object: 'Object Repository/Page_KiboEngage  Subscribers/span_Subscribers' is clicked on

2019-04-26 12:51:11 - [TEST_STEP][PASSED] - click: Object: 'Object Repository/Page_KiboEngage  Subscribers/span_Operational Dashboard (1)' is clicked on

2019-04-26 12:51:12 - [MESSAGE][PASSED] - Object: 'Object Repository/Page_KiboEngage  Subscribers/span_Operational Dashboard (1)' is clicked on

2019-04-26 12:51:12 - [TEST_STEP][PASSED] - scrollToPosition: Browser is scrolled to position x = 0, y = 0

2019-04-26 12:51:12 - [MESSAGE][PASSED] - Browser is scrolled to position x = 0, y = 0

2019-04-26 12:51:12 - [TEST_STEP][PASSED] - delay: Delayed 2 second(s)

2019-04-26 12:51:13 - [MESSAGE][PASSED] - Delayed 2 second(s)

2019-04-26 12:51:13 - [TEST_STEP][PASSED] - click: Object: 'Object Repository/Page_KiboEngage  Operational Dashbo/h3_Pages Info (7)' is clicked on

2019-04-26 12:51:13 - [MESSAGE][PASSED] - Object: 'Object Repository/Page_KiboEngage  Operational Dashbo/h3_Pages Info (7)' is clicked on

2019-04-26 12:51:13 - [MESSAGE][PASSED] - Call Test Case 'Test Cases/s-sidebar_navigation/individualAccount/operationalDashboard' successfully

2019-04-26 12:51:13 - [MESSAGE][PASSED] - Call Test Case 'Test Cases/Operational_Dashboard/Login' successfully

2019-04-26 12:51:13 - [TEST_STEP][PASSED] - delay: Delayed 2 second(s)

2019-04-26 12:51:15 - [MESSAGE][PASSED] - Delayed 2 second(s)

2019-04-26 12:51:15 - [TEST_STEP][PASSED] - setText: Text 'cloudkibo1' is set on object 'Object Repository/Page_KiboEngage  Operational Dashbo/input_form-control m-input m-i'

2019-04-26 12:51:15 - [MESSAGE][PASSED] - Text 'cloudkibo1' is set on object 'Object Repository/Page_KiboEngage  Operational Dashbo/input_form-control m-input m-i'

2019-04-26 12:51:15 - [TEST_STEP][PASSED] - delay: Delayed 5 second(s)

2019-04-26 12:51:19 - [MESSAGE][PASSED] - Delayed 5 second(s)

2019-04-26 12:51:19 - [TEST_STEP][PASSED] - click: Object: 'Object Repository/Page_KiboEngage  Operational Dashbo/button_See more' is clicked on

2019-04-26 12:51:20 - [MESSAGE][PASSED] - Object: 'Object Repository/Page_KiboEngage  Operational Dashbo/button_See more' is clicked on

2019-04-26 12:51:20 - [TEST_STEP][PASSED] - delay: Delayed 1 second(s)

2019-04-26 12:51:20 - [MESSAGE][PASSED] - Delayed 1 second(s)

2019-04-26 12:51:20 - [TEST_STEP][PASSED] - scrollToPosition: Browser is scrolled to position x = 0, y = 0

2019-04-26 12:51:20 - [MESSAGE][PASSED] - Browser is scrolled to position x = 0, y = 0

2019-04-26 12:51:20 - [TEST_STEP][PASSED] - delay: Delayed 5 second(s)

2019-04-26 12:51:24 - [MESSAGE][PASSED] - Delayed 5 second(s)

2019-04-26 12:51:24 - [TEST_STEP][PASSED] - Statement - driver = com.kms.katalon.core.webui.driver.DriverFactory.getWebDriver(): null

2019-04-26 12:51:24 - [TEST_STEP][PASSED] - Statement - rows_table = driver.findElements(org.openqa.selenium.By.xpath("//*[@id="content"]/div/div/div/div[2]/div[3]/div[3]/div/div/div[2]/div/div/div[2]/table/tbody/tr")): null

2019-04-26 12:51:24 - [TEST_STEP][PASSED] - Statement - rows_count = rows_table.size(): null

2019-04-26 12:51:24 - [TEST_STEP][PASSED] - verifyGreaterThanOrEqual: Actual number '10' is greater than or equal to expected number '1'

2019-04-26 12:51:24 - [MESSAGE][PASSED] - Actual number '10' is greater than or equal to expected number '1'

2019-04-26 12:51:24 - [MESSAGE][PASSED] - Call Test Case 'Test Cases/Operational_Dashboard/148' successfully

2019-04-26 12:51:24 - [TEST_STEP][PASSED] - Statement - driver = com.kms.katalon.core.webui.driver.DriverFactory.getWebDriver(): null

2019-04-26 12:51:24 - [TEST_STEP][PASSED] - Statement - next = driver.findElement(org.openqa.selenium.By.xpath("//*[@id="content"]/div/div/div/div[2]/div[3]/div[3]/div/div/div[2]/div/div/div[2]/ul/li[4]/a")): null

2019-04-26 12:51:24 - [TEST_STEP][PASSED] - Statement - next.click(): null

2019-04-26 12:51:25 - [TEST_STEP][PASSED] - delay: Delayed 5 second(s)

2019-04-26 12:51:29 - [MESSAGE][PASSED] - Delayed 5 second(s)

2019-04-26 12:51:29 - [TEST_STEP][PASSED] - Statement - rows_table = driver.findElements(org.openqa.selenium.By.xpath("//*[@id="content"]/div/div/div/div[2]/div[3]/div[3]/div/div/div[2]/div/div/div[2]/table/tbody/tr")): null

2019-04-26 12:51:29 - [TEST_STEP][PASSED] - Statement - rows_count = rows_table.size(): null

2019-04-26 12:51:29 - [TEST_STEP][PASSED] - verifyGreaterThanOrEqual: Actual number '2' is greater than or equal to expected number '1'

2019-04-26 12:51:29 - [MESSAGE][PASSED] - Actual number '2' is greater than or equal to expected number '1'

2019-04-26 12:51:29 - [MESSAGE][PASSED] - Call Test Case 'Test Cases/Operational_Dashboard/149' successfully

2019-04-26 12:51:29 - [TEST_STEP][PASSED] - scrollToPosition: Browser is scrolled to position x = 0, y = 0

2019-04-26 12:51:29 - [MESSAGE][PASSED] - Browser is scrolled to position x = 0, y = 0

2019-04-26 12:51:29 - [TEST_STEP][PASSED] - Statement - driver = com.kms.katalon.core.webui.driver.DriverFactory.getWebDriver(): null

2019-04-26 12:51:29 - [TEST_STEP][PASSED] - Statement - previous = driver.findElement(org.openqa.selenium.By.xpath("//*[@id="content"]/div/div/div/div[2]/div[3]/div[3]/div/div/div[2]/div/div/div[2]/ul/li[1]/a")): null

2019-04-26 12:51:29 - [TEST_STEP][PASSED] - Statement - previous.click(): null

2019-04-26 12:51:29 - [TEST_STEP][PASSED] - delay: Delayed 5 second(s)

2019-04-26 12:51:34 - [MESSAGE][PASSED] - Delayed 5 second(s)

2019-04-26 12:51:34 - [TEST_STEP][PASSED] - Statement - rows_table = driver.findElements(org.openqa.selenium.By.xpath("//*[@id="content"]/div/div/div/div[2]/div[3]/div[3]/div/div/div[2]/div/div/div[2]/table/tbody/tr")): null

2019-04-26 12:51:34 - [TEST_STEP][PASSED] - Statement - rows_count = rows_table.size(): null

2019-04-26 12:51:34 - [TEST_STEP][PASSED] - verifyEqual: Actual object '10' and expected object '10' are equal

2019-04-26 12:51:34 - [MESSAGE][PASSED] - Actual object '10' and expected object '10' are equal]]></system-out>
         <system-err><![CDATA[]]></system-err>
      </testcase>
      <testcase name="Test Cases/Operational_Dashboard/151" classname="Test Cases/Operational_Dashboard/151" status="PASSED">
         <system-out><![CDATA[2019-04-26 12:51:34 - [TEST_CASE][PASSED] - Test Cases/Operational_Dashboard/151: Test Cases/Operational_Dashboard/151

2019-04-26 12:51:34 - [TEST_STEP][PASSED] - callTestCase: Call Test Case 'Test Cases/Operational_Dashboard/148' successfully

2019-04-26 12:51:34 - [TEST_CASE][PASSED] - Test Cases/Operational_Dashboard/148: Test Cases/Operational_Dashboard/148

2019-04-26 12:51:34 - [TEST_STEP][PASSED] - callTestCase: Call Test Case 'Test Cases/Operational_Dashboard/Login' successfully

2019-04-26 12:51:34 - [TEST_CASE][PASSED] - Test Cases/Operational_Dashboard/Login: Test Cases/Operational_Dashboard/Login

2019-04-26 12:51:34 - [TEST_STEP][PASSED] - callTestCase: Call Test Case 'Test Cases/s-sidebar_navigation/individualAccount/operationalDashboard' successfully

2019-04-26 12:51:34 - [TEST_CASE][PASSED] - Test Cases/s-sidebar_navigation/individualAccount/operationalDashboard: Test Cases/s-sidebar_navigation/individualAccount/operationalDashboard

2019-04-26 12:51:34 - [TEST_STEP][PASSED] - click: Object: 'Object Repository/Page_KiboEngage  Subscribers/span_Subscribers' is clicked on

2019-04-26 12:51:35 - [MESSAGE][PASSED] - Object: 'Object Repository/Page_KiboEngage  Subscribers/span_Subscribers' is clicked on

2019-04-26 12:51:35 - [TEST_STEP][PASSED] - click: Object: 'Object Repository/Page_KiboEngage  Subscribers/span_Operational Dashboard (1)' is clicked on

2019-04-26 12:51:35 - [MESSAGE][PASSED] - Object: 'Object Repository/Page_KiboEngage  Subscribers/span_Operational Dashboard (1)' is clicked on

2019-04-26 12:51:35 - [TEST_STEP][PASSED] - scrollToPosition: Browser is scrolled to position x = 0, y = 0

2019-04-26 12:51:35 - [MESSAGE][PASSED] - Browser is scrolled to position x = 0, y = 0

2019-04-26 12:51:35 - [TEST_STEP][PASSED] - delay: Delayed 2 second(s)

2019-04-26 12:51:37 - [MESSAGE][PASSED] - Delayed 2 second(s)

2019-04-26 12:51:37 - [TEST_STEP][PASSED] - click: Object: 'Object Repository/Page_KiboEngage  Operational Dashbo/h3_Pages Info (7)' is clicked on

2019-04-26 12:51:37 - [MESSAGE][PASSED] - Object: 'Object Repository/Page_KiboEngage  Operational Dashbo/h3_Pages Info (7)' is clicked on

2019-04-26 12:51:37 - [MESSAGE][PASSED] - Call Test Case 'Test Cases/s-sidebar_navigation/individualAccount/operationalDashboard' successfully

2019-04-26 12:51:37 - [MESSAGE][PASSED] - Call Test Case 'Test Cases/Operational_Dashboard/Login' successfully

2019-04-26 12:51:37 - [TEST_STEP][PASSED] - delay: Delayed 2 second(s)

2019-04-26 12:51:39 - [MESSAGE][PASSED] - Delayed 2 second(s)

2019-04-26 12:51:39 - [TEST_STEP][PASSED] - setText: Text 'cloudkibo1' is set on object 'Object Repository/Page_KiboEngage  Operational Dashbo/input_form-control m-input m-i'

2019-04-26 12:51:40 - [MESSAGE][PASSED] - Text 'cloudkibo1' is set on object 'Object Repository/Page_KiboEngage  Operational Dashbo/input_form-control m-input m-i'

2019-04-26 12:51:40 - [TEST_STEP][PASSED] - delay: Delayed 5 second(s)

2019-04-26 12:51:45 - [MESSAGE][PASSED] - Delayed 5 second(s)

2019-04-26 12:51:45 - [TEST_STEP][PASSED] - click: Object: 'Object Repository/Page_KiboEngage  Operational Dashbo/button_See more' is clicked on

2019-04-26 12:51:46 - [MESSAGE][PASSED] - Object: 'Object Repository/Page_KiboEngage  Operational Dashbo/button_See more' is clicked on

2019-04-26 12:51:46 - [TEST_STEP][PASSED] - delay: Delayed 1 second(s)

2019-04-26 12:51:47 - [MESSAGE][PASSED] - Delayed 1 second(s)

2019-04-26 12:51:47 - [TEST_STEP][PASSED] - scrollToPosition: Browser is scrolled to position x = 0, y = 0

2019-04-26 12:51:47 - [MESSAGE][PASSED] - Browser is scrolled to position x = 0, y = 0

2019-04-26 12:51:47 - [TEST_STEP][PASSED] - delay: Delayed 5 second(s)

2019-04-26 12:51:53 - [MESSAGE][PASSED] - Delayed 5 second(s)

2019-04-26 12:51:53 - [TEST_STEP][PASSED] - Statement - driver = com.kms.katalon.core.webui.driver.DriverFactory.getWebDriver(): null

2019-04-26 12:51:53 - [TEST_STEP][PASSED] - Statement - rows_table = driver.findElements(org.openqa.selenium.By.xpath("//*[@id="content"]/div/div/div/div[2]/div[3]/div[3]/div/div/div[2]/div/div/div[2]/table/tbody/tr")): null

2019-04-26 12:51:53 - [TEST_STEP][PASSED] - Statement - rows_count = rows_table.size(): null

2019-04-26 12:51:53 - [TEST_STEP][PASSED] - verifyGreaterThanOrEqual: Actual number '10' is greater than or equal to expected number '1'

2019-04-26 12:51:53 - [MESSAGE][PASSED] - Actual number '10' is greater than or equal to expected number '1'

2019-04-26 12:51:53 - [MESSAGE][PASSED] - Call Test Case 'Test Cases/Operational_Dashboard/148' successfully

2019-04-26 12:51:53 - [TEST_STEP][PASSED] - Statement - driver = com.kms.katalon.core.webui.driver.DriverFactory.getWebDriver(): null

2019-04-26 12:51:53 - [TEST_STEP][PASSED] - Statement - next = driver.findElement(org.openqa.selenium.By.xpath("//*[@id="content"]/div/div/div/div[2]/div[3]/div[3]/div/div/div[2]/div/div/div[2]/ul/li[3]/a")): null

2019-04-26 12:51:53 - [TEST_STEP][PASSED] - Statement - next.click(): null

2019-04-26 12:51:53 - [TEST_STEP][PASSED] - delay: Delayed 5 second(s)

2019-04-26 12:51:59 - [MESSAGE][PASSED] - Delayed 5 second(s)

2019-04-26 12:51:59 - [TEST_STEP][PASSED] - Statement - rows_table = driver.findElements(org.openqa.selenium.By.xpath("//*[@id="content"]/div/div/div/div[2]/div[3]/div[3]/div/div/div[2]/div/div/div[2]/table/tbody/tr")): null

2019-04-26 12:51:59 - [TEST_STEP][PASSED] - Statement - rows_count = rows_table.size(): null

2019-04-26 12:51:59 - [TEST_STEP][PASSED] - verifyGreaterThanOrEqual: Actual number '2' is greater than or equal to expected number '1'

2019-04-26 12:51:59 - [MESSAGE][PASSED] - Actual number '2' is greater than or equal to expected number '1']]></system-out>
         <system-err><![CDATA[]]></system-err>
      </testcase>
      <testcase name="Test Cases/Operational_Dashboard/152" classname="Test Cases/Operational_Dashboard/152" status="PASSED">
         <system-out><![CDATA[2019-04-26 12:51:59 - [TEST_CASE][PASSED] - Test Cases/Operational_Dashboard/152: Test Cases/Operational_Dashboard/152

2019-04-26 12:51:59 - [TEST_STEP][PASSED] - callTestCase: Call Test Case 'Test Cases/Operational_Dashboard/148' successfully

2019-04-26 12:51:59 - [TEST_CASE][PASSED] - Test Cases/Operational_Dashboard/148: Test Cases/Operational_Dashboard/148

2019-04-26 12:52:00 - [TEST_STEP][PASSED] - callTestCase: Call Test Case 'Test Cases/Operational_Dashboard/Login' successfully

2019-04-26 12:52:00 - [TEST_CASE][PASSED] - Test Cases/Operational_Dashboard/Login: Test Cases/Operational_Dashboard/Login

2019-04-26 12:52:00 - [TEST_STEP][PASSED] - callTestCase: Call Test Case 'Test Cases/s-sidebar_navigation/individualAccount/operationalDashboard' successfully

2019-04-26 12:52:00 - [TEST_CASE][PASSED] - Test Cases/s-sidebar_navigation/individualAccount/operationalDashboard: Test Cases/s-sidebar_navigation/individualAccount/operationalDashboard

2019-04-26 12:52:00 - [TEST_STEP][PASSED] - click: Object: 'Object Repository/Page_KiboEngage  Subscribers/span_Subscribers' is clicked on

2019-04-26 12:52:00 - [MESSAGE][PASSED] - Object: 'Object Repository/Page_KiboEngage  Subscribers/span_Subscribers' is clicked on

2019-04-26 12:52:00 - [TEST_STEP][PASSED] - click: Object: 'Object Repository/Page_KiboEngage  Subscribers/span_Operational Dashboard (1)' is clicked on

2019-04-26 12:52:01 - [MESSAGE][PASSED] - Object: 'Object Repository/Page_KiboEngage  Subscribers/span_Operational Dashboard (1)' is clicked on

2019-04-26 12:52:01 - [TEST_STEP][PASSED] - scrollToPosition: Browser is scrolled to position x = 0, y = 0

2019-04-26 12:52:01 - [MESSAGE][PASSED] - Browser is scrolled to position x = 0, y = 0

2019-04-26 12:52:01 - [TEST_STEP][PASSED] - delay: Delayed 2 second(s)

2019-04-26 12:52:03 - [MESSAGE][PASSED] - Delayed 2 second(s)

2019-04-26 12:52:03 - [TEST_STEP][PASSED] - click: Object: 'Object Repository/Page_KiboEngage  Operational Dashbo/h3_Pages Info (7)' is clicked on

2019-04-26 12:52:04 - [MESSAGE][PASSED] - Object: 'Object Repository/Page_KiboEngage  Operational Dashbo/h3_Pages Info (7)' is clicked on

2019-04-26 12:52:04 - [MESSAGE][PASSED] - Call Test Case 'Test Cases/s-sidebar_navigation/individualAccount/operationalDashboard' successfully

2019-04-26 12:52:04 - [MESSAGE][PASSED] - Call Test Case 'Test Cases/Operational_Dashboard/Login' successfully

2019-04-26 12:52:04 - [TEST_STEP][PASSED] - delay: Delayed 2 second(s)

2019-04-26 12:52:06 - [MESSAGE][PASSED] - Delayed 2 second(s)

2019-04-26 12:52:06 - [TEST_STEP][PASSED] - setText: Text 'cloudkibo1' is set on object 'Object Repository/Page_KiboEngage  Operational Dashbo/input_form-control m-input m-i'

2019-04-26 12:52:07 - [MESSAGE][PASSED] - Text 'cloudkibo1' is set on object 'Object Repository/Page_KiboEngage  Operational Dashbo/input_form-control m-input m-i'

2019-04-26 12:52:07 - [TEST_STEP][PASSED] - delay: Delayed 5 second(s)

2019-04-26 12:52:14 - [MESSAGE][PASSED] - Delayed 5 second(s)

2019-04-26 12:52:14 - [TEST_STEP][PASSED] - click: Object: 'Object Repository/Page_KiboEngage  Operational Dashbo/button_See more' is clicked on

2019-04-26 12:52:14 - [MESSAGE][PASSED] - Object: 'Object Repository/Page_KiboEngage  Operational Dashbo/button_See more' is clicked on

2019-04-26 12:52:14 - [TEST_STEP][PASSED] - delay: Delayed 1 second(s)

2019-04-26 12:52:15 - [MESSAGE][PASSED] - Delayed 1 second(s)

2019-04-26 12:52:15 - [TEST_STEP][PASSED] - scrollToPosition: Browser is scrolled to position x = 0, y = 0

2019-04-26 12:52:15 - [MESSAGE][PASSED] - Browser is scrolled to position x = 0, y = 0

2019-04-26 12:52:15 - [TEST_STEP][PASSED] - delay: Delayed 5 second(s)

2019-04-26 12:52:22 - [MESSAGE][PASSED] - Delayed 5 second(s)

2019-04-26 12:52:22 - [TEST_STEP][PASSED] - Statement - driver = com.kms.katalon.core.webui.driver.DriverFactory.getWebDriver(): null

2019-04-26 12:52:22 - [TEST_STEP][PASSED] - Statement - rows_table = driver.findElements(org.openqa.selenium.By.xpath("//*[@id="content"]/div/div/div/div[2]/div[3]/div[3]/div/div/div[2]/div/div/div[2]/table/tbody/tr")): null

2019-04-26 12:52:22 - [TEST_STEP][PASSED] - Statement - rows_count = rows_table.size(): null

2019-04-26 12:52:22 - [TEST_STEP][PASSED] - verifyGreaterThanOrEqual: Actual number '10' is greater than or equal to expected number '1'

2019-04-26 12:52:22 - [MESSAGE][PASSED] - Actual number '10' is greater than or equal to expected number '1'

2019-04-26 12:52:22 - [MESSAGE][PASSED] - Call Test Case 'Test Cases/Operational_Dashboard/148' successfully

2019-04-26 12:52:22 - [TEST_STEP][PASSED] - Statement - driver = com.kms.katalon.core.webui.driver.DriverFactory.getWebDriver(): null

2019-04-26 12:52:22 - [TEST_STEP][PASSED] - Statement - input_search_page = driver.findElement(org.openqa.selenium.By.xpath("//*[@id="content"]/div/div/div/div[2]/div[3]/div[3]/div/div/div[2]/div/div/div[1]/div[1]/input")): null

2019-04-26 12:52:22 - [TEST_STEP][PASSED] - Statement - input_search_page.sendKeys("2"): null

2019-04-26 12:52:22 - [TEST_STEP][PASSED] - delay: Delayed 5 second(s)

2019-04-26 12:52:28 - [MESSAGE][PASSED] - Delayed 5 second(s)

2019-04-26 12:52:28 - [TEST_STEP][PASSED] - Statement - rows_table = driver.findElements(org.openqa.selenium.By.xpath("//*[@id="content"]/div/div/div/div[2]/div[3]/div[3]/div/div/div[2]/div/div/div[2]/table/tbody/tr")): null

2019-04-26 12:52:28 - [TEST_STEP][PASSED] - Statement - rows_count = rows_table.size(): null

2019-04-26 12:52:28 - [TEST_STEP][PASSED] - verifyGreaterThanOrEqual: Actual number '4' is greater than or equal to expected number '1'

2019-04-26 12:52:28 - [MESSAGE][PASSED] - Actual number '4' is greater than or equal to expected number '1']]></system-out>
         <system-err><![CDATA[]]></system-err>
      </testcase>
      <testcase name="Test Cases/Operational_Dashboard/157" classname="Test Cases/Operational_Dashboard/157" status="PASSED">
         <system-out><![CDATA[2019-04-26 12:52:28 - [TEST_CASE][PASSED] - Test Cases/Operational_Dashboard/157: Test Cases/Operational_Dashboard/157

2019-04-26 12:52:28 - [TEST_STEP][PASSED] - callTestCase: Call Test Case 'Test Cases/Operational_Dashboard/Login' successfully

2019-04-26 12:52:28 - [TEST_CASE][PASSED] - Test Cases/Operational_Dashboard/Login: Test Cases/Operational_Dashboard/Login

2019-04-26 12:52:28 - [TEST_STEP][PASSED] - callTestCase: Call Test Case 'Test Cases/s-sidebar_navigation/individualAccount/operationalDashboard' successfully

2019-04-26 12:52:28 - [TEST_CASE][PASSED] - Test Cases/s-sidebar_navigation/individualAccount/operationalDashboard: Test Cases/s-sidebar_navigation/individualAccount/operationalDashboard

2019-04-26 12:52:28 - [TEST_STEP][PASSED] - click: Object: 'Object Repository/Page_KiboEngage  Subscribers/span_Subscribers' is clicked on

2019-04-26 12:52:29 - [MESSAGE][PASSED] - Object: 'Object Repository/Page_KiboEngage  Subscribers/span_Subscribers' is clicked on

2019-04-26 12:52:29 - [TEST_STEP][PASSED] - click: Object: 'Object Repository/Page_KiboEngage  Subscribers/span_Operational Dashboard (1)' is clicked on

2019-04-26 12:52:29 - [MESSAGE][PASSED] - Object: 'Object Repository/Page_KiboEngage  Subscribers/span_Operational Dashboard (1)' is clicked on

2019-04-26 12:52:29 - [TEST_STEP][PASSED] - scrollToPosition: Browser is scrolled to position x = 0, y = 0

2019-04-26 12:52:29 - [MESSAGE][PASSED] - Browser is scrolled to position x = 0, y = 0

2019-04-26 12:52:29 - [TEST_STEP][PASSED] - delay: Delayed 2 second(s)

2019-04-26 12:52:32 - [MESSAGE][PASSED] - Delayed 2 second(s)

2019-04-26 12:52:32 - [TEST_STEP][PASSED] - click: Object: 'Object Repository/Page_KiboEngage  Operational Dashbo/h3_Pages Info (7)' is clicked on

2019-04-26 12:52:32 - [MESSAGE][PASSED] - Object: 'Object Repository/Page_KiboEngage  Operational Dashbo/h3_Pages Info (7)' is clicked on

2019-04-26 12:52:32 - [MESSAGE][PASSED] - Call Test Case 'Test Cases/s-sidebar_navigation/individualAccount/operationalDashboard' successfully

2019-04-26 12:52:32 - [MESSAGE][PASSED] - Call Test Case 'Test Cases/Operational_Dashboard/Login' successfully

2019-04-26 12:52:32 - [TEST_STEP][PASSED] - delay: Delayed 2 second(s)

2019-04-26 12:52:34 - [MESSAGE][PASSED] - Delayed 2 second(s)

2019-04-26 12:52:34 - [TEST_STEP][PASSED] - setText: Text 'cloudkibo1' is set on object 'Object Repository/Page_KiboEngage  Operational Dashbo/input_form-control m-input m-i'

2019-04-26 12:52:35 - [MESSAGE][PASSED] - Text 'cloudkibo1' is set on object 'Object Repository/Page_KiboEngage  Operational Dashbo/input_form-control m-input m-i'

2019-04-26 12:52:35 - [TEST_STEP][PASSED] - delay: Delayed 5 second(s)

2019-04-26 12:52:41 - [MESSAGE][PASSED] - Delayed 5 second(s)

2019-04-26 12:52:41 - [TEST_STEP][PASSED] - click: Object: 'Object Repository/Page_KiboEngage  Operational Dashbo/button_See more' is clicked on

2019-04-26 12:52:41 - [MESSAGE][PASSED] - Object: 'Object Repository/Page_KiboEngage  Operational Dashbo/button_See more' is clicked on

2019-04-26 12:52:41 - [TEST_STEP][PASSED] - delay: Delayed 1 second(s)

2019-04-26 12:52:42 - [MESSAGE][PASSED] - Delayed 1 second(s)

2019-04-26 12:52:42 - [TEST_STEP][PASSED] - scrollToPosition: Browser is scrolled to position x = 0, y = 0

2019-04-26 12:52:42 - [MESSAGE][PASSED] - Browser is scrolled to position x = 0, y = 0

2019-04-26 12:52:42 - [TEST_STEP][PASSED] - delay: Delayed 5 second(s)

2019-04-26 12:52:47 - [MESSAGE][PASSED] - Delayed 5 second(s)

2019-04-26 12:52:47 - [TEST_STEP][PASSED] - Statement - driver = com.kms.katalon.core.webui.driver.DriverFactory.getWebDriver(): null

2019-04-26 12:52:47 - [TEST_STEP][PASSED] - Statement - rows_table = driver.findElements(org.openqa.selenium.By.xpath("//*[@id="content"]/div/div/div/div[2]/div[3]/div[4]/div/div/div[2]/div/div/div[2]/table/tbody/tr")): null

2019-04-26 12:52:47 - [TEST_STEP][PASSED] - Statement - rows_count = rows_table.size(): null

2019-04-26 12:52:47 - [TEST_STEP][PASSED] - verifyGreaterThanOrEqual: Actual number '10' is greater than or equal to expected number '1'

2019-04-26 12:52:47 - [MESSAGE][PASSED] - Actual number '10' is greater than or equal to expected number '1']]></system-out>
         <system-err><![CDATA[]]></system-err>
      </testcase>
      <testcase name="Test Cases/Operational_Dashboard/158" classname="Test Cases/Operational_Dashboard/158" status="PASSED">
         <system-out><![CDATA[2019-04-26 12:52:47 - [TEST_CASE][PASSED] - Test Cases/Operational_Dashboard/158: Test Cases/Operational_Dashboard/158

2019-04-26 12:52:47 - [TEST_STEP][PASSED] - callTestCase: Call Test Case 'Test Cases/Operational_Dashboard/157' successfully

2019-04-26 12:52:47 - [TEST_CASE][PASSED] - Test Cases/Operational_Dashboard/157: Test Cases/Operational_Dashboard/157

2019-04-26 12:52:47 - [TEST_STEP][PASSED] - callTestCase: Call Test Case 'Test Cases/Operational_Dashboard/Login' successfully

2019-04-26 12:52:47 - [TEST_CASE][PASSED] - Test Cases/Operational_Dashboard/Login: Test Cases/Operational_Dashboard/Login

2019-04-26 12:52:47 - [TEST_STEP][PASSED] - callTestCase: Call Test Case 'Test Cases/s-sidebar_navigation/individualAccount/operationalDashboard' successfully

2019-04-26 12:52:47 - [TEST_CASE][PASSED] - Test Cases/s-sidebar_navigation/individualAccount/operationalDashboard: Test Cases/s-sidebar_navigation/individualAccount/operationalDashboard

2019-04-26 12:52:47 - [TEST_STEP][PASSED] - click: Object: 'Object Repository/Page_KiboEngage  Subscribers/span_Subscribers' is clicked on

2019-04-26 12:52:47 - [MESSAGE][PASSED] - Object: 'Object Repository/Page_KiboEngage  Subscribers/span_Subscribers' is clicked on

2019-04-26 12:52:47 - [TEST_STEP][PASSED] - click: Object: 'Object Repository/Page_KiboEngage  Subscribers/span_Operational Dashboard (1)' is clicked on

2019-04-26 12:52:48 - [MESSAGE][PASSED] - Object: 'Object Repository/Page_KiboEngage  Subscribers/span_Operational Dashboard (1)' is clicked on

2019-04-26 12:52:48 - [TEST_STEP][PASSED] - scrollToPosition: Browser is scrolled to position x = 0, y = 0

2019-04-26 12:52:48 - [MESSAGE][PASSED] - Browser is scrolled to position x = 0, y = 0

2019-04-26 12:52:48 - [TEST_STEP][PASSED] - delay: Delayed 2 second(s)

2019-04-26 12:52:50 - [MESSAGE][PASSED] - Delayed 2 second(s)

2019-04-26 12:52:50 - [TEST_STEP][PASSED] - click: Object: 'Object Repository/Page_KiboEngage  Operational Dashbo/h3_Pages Info (7)' is clicked on

2019-04-26 12:52:50 - [MESSAGE][PASSED] - Object: 'Object Repository/Page_KiboEngage  Operational Dashbo/h3_Pages Info (7)' is clicked on

2019-04-26 12:52:50 - [MESSAGE][PASSED] - Call Test Case 'Test Cases/s-sidebar_navigation/individualAccount/operationalDashboard' successfully

2019-04-26 12:52:50 - [MESSAGE][PASSED] - Call Test Case 'Test Cases/Operational_Dashboard/Login' successfully

2019-04-26 12:52:50 - [TEST_STEP][PASSED] - delay: Delayed 2 second(s)

2019-04-26 12:52:52 - [MESSAGE][PASSED] - Delayed 2 second(s)

2019-04-26 12:52:52 - [TEST_STEP][PASSED] - setText: Text 'cloudkibo1' is set on object 'Object Repository/Page_KiboEngage  Operational Dashbo/input_form-control m-input m-i'

2019-04-26 12:52:52 - [MESSAGE][PASSED] - Text 'cloudkibo1' is set on object 'Object Repository/Page_KiboEngage  Operational Dashbo/input_form-control m-input m-i'

2019-04-26 12:52:52 - [TEST_STEP][PASSED] - delay: Delayed 5 second(s)

2019-04-26 12:52:56 - [MESSAGE][PASSED] - Delayed 5 second(s)

2019-04-26 12:52:56 - [TEST_STEP][PASSED] - click: Object: 'Object Repository/Page_KiboEngage  Operational Dashbo/button_See more' is clicked on

2019-04-26 12:52:57 - [MESSAGE][PASSED] - Object: 'Object Repository/Page_KiboEngage  Operational Dashbo/button_See more' is clicked on

2019-04-26 12:52:57 - [TEST_STEP][PASSED] - delay: Delayed 1 second(s)

2019-04-26 12:52:58 - [MESSAGE][PASSED] - Delayed 1 second(s)

2019-04-26 12:52:58 - [TEST_STEP][PASSED] - scrollToPosition: Browser is scrolled to position x = 0, y = 0

2019-04-26 12:52:58 - [MESSAGE][PASSED] - Browser is scrolled to position x = 0, y = 0

2019-04-26 12:52:58 - [TEST_STEP][PASSED] - delay: Delayed 5 second(s)

2019-04-26 12:53:02 - [MESSAGE][PASSED] - Delayed 5 second(s)

2019-04-26 12:53:02 - [TEST_STEP][PASSED] - Statement - driver = com.kms.katalon.core.webui.driver.DriverFactory.getWebDriver(): null

2019-04-26 12:53:02 - [TEST_STEP][PASSED] - Statement - rows_table = driver.findElements(org.openqa.selenium.By.xpath("//*[@id="content"]/div/div/div/div[2]/div[3]/div[4]/div/div/div[2]/div/div/div[2]/table/tbody/tr")): null

2019-04-26 12:53:02 - [TEST_STEP][PASSED] - Statement - rows_count = rows_table.size(): null

2019-04-26 12:53:02 - [TEST_STEP][PASSED] - verifyGreaterThanOrEqual: Actual number '10' is greater than or equal to expected number '1'

2019-04-26 12:53:02 - [MESSAGE][PASSED] - Actual number '10' is greater than or equal to expected number '1'

2019-04-26 12:53:02 - [MESSAGE][PASSED] - Call Test Case 'Test Cases/Operational_Dashboard/157' successfully

2019-04-26 12:53:02 - [TEST_STEP][PASSED] - Statement - driver = com.kms.katalon.core.webui.driver.DriverFactory.getWebDriver(): null

2019-04-26 12:53:02 - [TEST_STEP][PASSED] - Statement - next = driver.findElement(org.openqa.selenium.By.xpath("//*[@id="content"]/div/div/div/div[2]/div[3]/div[4]/div/div/div[2]/div/div/div[2]/ul/li[4]/a")): null

2019-04-26 12:53:02 - [TEST_STEP][PASSED] - Statement - next.click(): null

2019-04-26 12:53:02 - [TEST_STEP][PASSED] - delay: Delayed 5 second(s)

2019-04-26 12:53:06 - [MESSAGE][PASSED] - Delayed 5 second(s)

2019-04-26 12:53:06 - [TEST_STEP][PASSED] - Statement - rows_table = driver.findElements(org.openqa.selenium.By.xpath("//*[@id="content"]/div/div/div/div[2]/div[3]/div[4]/div/div/div[2]/div/div/div[2]/table/tbody/tr")): null

2019-04-26 12:53:06 - [TEST_STEP][PASSED] - Statement - rows_count = rows_table.size(): null

2019-04-26 12:53:06 - [TEST_STEP][PASSED] - verifyGreaterThanOrEqual: Actual number '1' is greater than or equal to expected number '1'

2019-04-26 12:53:06 - [MESSAGE][PASSED] - Actual number '1' is greater than or equal to expected number '1']]></system-out>
         <system-err><![CDATA[]]></system-err>
      </testcase>
      <testcase name="Test Cases/Operational_Dashboard/159" classname="Test Cases/Operational_Dashboard/159" status="PASSED">
         <system-out><![CDATA[2019-04-26 12:53:06 - [TEST_CASE][PASSED] - Test Cases/Operational_Dashboard/159: Test Cases/Operational_Dashboard/159

2019-04-26 12:53:06 - [TEST_STEP][PASSED] - callTestCase: Call Test Case 'Test Cases/Operational_Dashboard/158' successfully

2019-04-26 12:53:06 - [TEST_CASE][PASSED] - Test Cases/Operational_Dashboard/158: Test Cases/Operational_Dashboard/158

2019-04-26 12:53:06 - [TEST_STEP][PASSED] - callTestCase: Call Test Case 'Test Cases/Operational_Dashboard/157' successfully

2019-04-26 12:53:06 - [TEST_CASE][PASSED] - Test Cases/Operational_Dashboard/157: Test Cases/Operational_Dashboard/157

2019-04-26 12:53:06 - [TEST_STEP][PASSED] - callTestCase: Call Test Case 'Test Cases/Operational_Dashboard/Login' successfully

2019-04-26 12:53:06 - [TEST_CASE][PASSED] - Test Cases/Operational_Dashboard/Login: Test Cases/Operational_Dashboard/Login

2019-04-26 12:53:06 - [TEST_STEP][PASSED] - callTestCase: Call Test Case 'Test Cases/s-sidebar_navigation/individualAccount/operationalDashboard' successfully

2019-04-26 12:53:06 - [TEST_CASE][PASSED] - Test Cases/s-sidebar_navigation/individualAccount/operationalDashboard: Test Cases/s-sidebar_navigation/individualAccount/operationalDashboard

2019-04-26 12:53:06 - [TEST_STEP][PASSED] - click: Object: 'Object Repository/Page_KiboEngage  Subscribers/span_Subscribers' is clicked on

2019-04-26 12:53:07 - [MESSAGE][PASSED] - Object: 'Object Repository/Page_KiboEngage  Subscribers/span_Subscribers' is clicked on

2019-04-26 12:53:07 - [TEST_STEP][PASSED] - click: Object: 'Object Repository/Page_KiboEngage  Subscribers/span_Operational Dashboard (1)' is clicked on

2019-04-26 12:53:08 - [MESSAGE][PASSED] - Object: 'Object Repository/Page_KiboEngage  Subscribers/span_Operational Dashboard (1)' is clicked on

2019-04-26 12:53:08 - [TEST_STEP][PASSED] - scrollToPosition: Browser is scrolled to position x = 0, y = 0

2019-04-26 12:53:08 - [MESSAGE][PASSED] - Browser is scrolled to position x = 0, y = 0

2019-04-26 12:53:08 - [TEST_STEP][PASSED] - delay: Delayed 2 second(s)

2019-04-26 12:53:09 - [MESSAGE][PASSED] - Delayed 2 second(s)

2019-04-26 12:53:09 - [TEST_STEP][PASSED] - click: Object: 'Object Repository/Page_KiboEngage  Operational Dashbo/h3_Pages Info (7)' is clicked on

2019-04-26 12:53:09 - [MESSAGE][PASSED] - Object: 'Object Repository/Page_KiboEngage  Operational Dashbo/h3_Pages Info (7)' is clicked on

2019-04-26 12:53:09 - [MESSAGE][PASSED] - Call Test Case 'Test Cases/s-sidebar_navigation/individualAccount/operationalDashboard' successfully

2019-04-26 12:53:09 - [MESSAGE][PASSED] - Call Test Case 'Test Cases/Operational_Dashboard/Login' successfully

2019-04-26 12:53:09 - [TEST_STEP][PASSED] - delay: Delayed 2 second(s)

2019-04-26 12:53:11 - [MESSAGE][PASSED] - Delayed 2 second(s)

2019-04-26 12:53:11 - [TEST_STEP][PASSED] - setText: Text 'cloudkibo1' is set on object 'Object Repository/Page_KiboEngage  Operational Dashbo/input_form-control m-input m-i'

2019-04-26 12:53:12 - [MESSAGE][PASSED] - Text 'cloudkibo1' is set on object 'Object Repository/Page_KiboEngage  Operational Dashbo/input_form-control m-input m-i'

2019-04-26 12:53:12 - [TEST_STEP][PASSED] - delay: Delayed 5 second(s)

2019-04-26 12:53:16 - [MESSAGE][PASSED] - Delayed 5 second(s)

2019-04-26 12:53:16 - [TEST_STEP][PASSED] - click: Object: 'Object Repository/Page_KiboEngage  Operational Dashbo/button_See more' is clicked on

2019-04-26 12:53:16 - [MESSAGE][PASSED] - Object: 'Object Repository/Page_KiboEngage  Operational Dashbo/button_See more' is clicked on

2019-04-26 12:53:16 - [TEST_STEP][PASSED] - delay: Delayed 1 second(s)

2019-04-26 12:53:17 - [MESSAGE][PASSED] - Delayed 1 second(s)

2019-04-26 12:53:17 - [TEST_STEP][PASSED] - scrollToPosition: Browser is scrolled to position x = 0, y = 0

2019-04-26 12:53:17 - [MESSAGE][PASSED] - Browser is scrolled to position x = 0, y = 0

2019-04-26 12:53:17 - [TEST_STEP][PASSED] - delay: Delayed 5 second(s)

2019-04-26 12:53:22 - [MESSAGE][PASSED] - Delayed 5 second(s)

2019-04-26 12:53:22 - [TEST_STEP][PASSED] - Statement - driver = com.kms.katalon.core.webui.driver.DriverFactory.getWebDriver(): null

2019-04-26 12:53:22 - [TEST_STEP][PASSED] - Statement - rows_table = driver.findElements(org.openqa.selenium.By.xpath("//*[@id="content"]/div/div/div/div[2]/div[3]/div[4]/div/div/div[2]/div/div/div[2]/table/tbody/tr")): null

2019-04-26 12:53:22 - [TEST_STEP][PASSED] - Statement - rows_count = rows_table.size(): null

2019-04-26 12:53:22 - [TEST_STEP][PASSED] - verifyGreaterThanOrEqual: Actual number '10' is greater than or equal to expected number '1'

2019-04-26 12:53:22 - [MESSAGE][PASSED] - Actual number '10' is greater than or equal to expected number '1'

2019-04-26 12:53:22 - [MESSAGE][PASSED] - Call Test Case 'Test Cases/Operational_Dashboard/157' successfully

2019-04-26 12:53:22 - [TEST_STEP][PASSED] - Statement - driver = com.kms.katalon.core.webui.driver.DriverFactory.getWebDriver(): null

2019-04-26 12:53:22 - [TEST_STEP][PASSED] - Statement - next = driver.findElement(org.openqa.selenium.By.xpath("//*[@id="content"]/div/div/div/div[2]/div[3]/div[4]/div/div/div[2]/div/div/div[2]/ul/li[4]/a")): null

2019-04-26 12:53:22 - [TEST_STEP][PASSED] - Statement - next.click(): null

2019-04-26 12:53:22 - [TEST_STEP][PASSED] - delay: Delayed 5 second(s)

2019-04-26 12:53:27 - [MESSAGE][PASSED] - Delayed 5 second(s)

2019-04-26 12:53:27 - [TEST_STEP][PASSED] - Statement - rows_table = driver.findElements(org.openqa.selenium.By.xpath("//*[@id="content"]/div/div/div/div[2]/div[3]/div[4]/div/div/div[2]/div/div/div[2]/table/tbody/tr")): null

2019-04-26 12:53:27 - [TEST_STEP][PASSED] - Statement - rows_count = rows_table.size(): null

2019-04-26 12:53:27 - [TEST_STEP][PASSED] - verifyGreaterThanOrEqual: Actual number '1' is greater than or equal to expected number '1'

2019-04-26 12:53:27 - [MESSAGE][PASSED] - Actual number '1' is greater than or equal to expected number '1'

2019-04-26 12:53:27 - [MESSAGE][PASSED] - Call Test Case 'Test Cases/Operational_Dashboard/158' successfully

2019-04-26 12:53:27 - [TEST_STEP][PASSED] - Statement - driver = com.kms.katalon.core.webui.driver.DriverFactory.getWebDriver(): null

2019-04-26 12:53:27 - [TEST_STEP][PASSED] - Statement - previous = driver.findElement(org.openqa.selenium.By.xpath("//*[@id="content"]/div/div/div/div[2]/div[3]/div[4]/div/div/div[2]/div/div/div[2]/ul/li[1]/a")): null

2019-04-26 12:53:27 - [TEST_STEP][PASSED] - Statement - previous.click(): null

2019-04-26 12:53:27 - [TEST_STEP][PASSED] - delay: Delayed 5 second(s)

2019-04-26 12:53:32 - [MESSAGE][PASSED] - Delayed 5 second(s)

2019-04-26 12:53:32 - [TEST_STEP][PASSED] - Statement - rows_table = driver.findElements(org.openqa.selenium.By.xpath("//*[@id="content"]/div/div/div/div[2]/div[3]/div[4]/div/div/div[2]/div/div/div[2]/table/tbody/tr")): null

2019-04-26 12:53:32 - [TEST_STEP][PASSED] - Statement - rows_count = rows_table.size(): null

2019-04-26 12:53:32 - [TEST_STEP][PASSED] - verifyEqual: Actual object '10' and expected object '10' are equal

2019-04-26 12:53:32 - [MESSAGE][PASSED] - Actual object '10' and expected object '10' are equal]]></system-out>
         <system-err><![CDATA[]]></system-err>
      </testcase>
      <testcase name="Test Cases/Operational_Dashboard/160" classname="Test Cases/Operational_Dashboard/160" status="PASSED">
         <system-out><![CDATA[2019-04-26 12:53:32 - [TEST_CASE][PASSED] - Test Cases/Operational_Dashboard/160: Test Cases/Operational_Dashboard/160

2019-04-26 12:53:32 - [TEST_STEP][PASSED] - callTestCase: Call Test Case 'Test Cases/Operational_Dashboard/157' successfully

2019-04-26 12:53:32 - [TEST_CASE][PASSED] - Test Cases/Operational_Dashboard/157: Test Cases/Operational_Dashboard/157

2019-04-26 12:53:33 - [TEST_STEP][PASSED] - callTestCase: Call Test Case 'Test Cases/Operational_Dashboard/Login' successfully

2019-04-26 12:53:33 - [TEST_CASE][PASSED] - Test Cases/Operational_Dashboard/Login: Test Cases/Operational_Dashboard/Login

2019-04-26 12:53:33 - [TEST_STEP][PASSED] - callTestCase: Call Test Case 'Test Cases/s-sidebar_navigation/individualAccount/operationalDashboard' successfully

2019-04-26 12:53:33 - [TEST_CASE][PASSED] - Test Cases/s-sidebar_navigation/individualAccount/operationalDashboard: Test Cases/s-sidebar_navigation/individualAccount/operationalDashboard

2019-04-26 12:53:33 - [TEST_STEP][PASSED] - click: Object: 'Object Repository/Page_KiboEngage  Subscribers/span_Subscribers' is clicked on

2019-04-26 12:53:33 - [MESSAGE][PASSED] - Object: 'Object Repository/Page_KiboEngage  Subscribers/span_Subscribers' is clicked on

2019-04-26 12:53:33 - [TEST_STEP][PASSED] - click: Object: 'Object Repository/Page_KiboEngage  Subscribers/span_Operational Dashboard (1)' is clicked on

2019-04-26 12:53:33 - [MESSAGE][PASSED] - Object: 'Object Repository/Page_KiboEngage  Subscribers/span_Operational Dashboard (1)' is clicked on

2019-04-26 12:53:33 - [TEST_STEP][PASSED] - scrollToPosition: Browser is scrolled to position x = 0, y = 0

2019-04-26 12:53:33 - [MESSAGE][PASSED] - Browser is scrolled to position x = 0, y = 0

2019-04-26 12:53:33 - [TEST_STEP][PASSED] - delay: Delayed 2 second(s)

2019-04-26 12:53:36 - [MESSAGE][PASSED] - Delayed 2 second(s)

2019-04-26 12:53:36 - [TEST_STEP][PASSED] - click: Object: 'Object Repository/Page_KiboEngage  Operational Dashbo/h3_Pages Info (7)' is clicked on

2019-04-26 12:53:36 - [MESSAGE][PASSED] - Object: 'Object Repository/Page_KiboEngage  Operational Dashbo/h3_Pages Info (7)' is clicked on

2019-04-26 12:53:36 - [MESSAGE][PASSED] - Call Test Case 'Test Cases/s-sidebar_navigation/individualAccount/operationalDashboard' successfully

2019-04-26 12:53:36 - [MESSAGE][PASSED] - Call Test Case 'Test Cases/Operational_Dashboard/Login' successfully

2019-04-26 12:53:36 - [TEST_STEP][PASSED] - delay: Delayed 2 second(s)

2019-04-26 12:53:38 - [MESSAGE][PASSED] - Delayed 2 second(s)

2019-04-26 12:53:38 - [TEST_STEP][PASSED] - setText: Text 'cloudkibo1' is set on object 'Object Repository/Page_KiboEngage  Operational Dashbo/input_form-control m-input m-i'

2019-04-26 12:53:39 - [MESSAGE][PASSED] - Text 'cloudkibo1' is set on object 'Object Repository/Page_KiboEngage  Operational Dashbo/input_form-control m-input m-i'

2019-04-26 12:53:39 - [TEST_STEP][PASSED] - delay: Delayed 5 second(s)

2019-04-26 12:53:44 - [MESSAGE][PASSED] - Delayed 5 second(s)

2019-04-26 12:53:44 - [TEST_STEP][PASSED] - click: Object: 'Object Repository/Page_KiboEngage  Operational Dashbo/button_See more' is clicked on

2019-04-26 12:53:45 - [MESSAGE][PASSED] - Object: 'Object Repository/Page_KiboEngage  Operational Dashbo/button_See more' is clicked on

2019-04-26 12:53:45 - [TEST_STEP][PASSED] - delay: Delayed 1 second(s)

2019-04-26 12:53:46 - [MESSAGE][PASSED] - Delayed 1 second(s)

2019-04-26 12:53:46 - [TEST_STEP][PASSED] - scrollToPosition: Browser is scrolled to position x = 0, y = 0

2019-04-26 12:53:46 - [MESSAGE][PASSED] - Browser is scrolled to position x = 0, y = 0

2019-04-26 12:53:46 - [TEST_STEP][PASSED] - delay: Delayed 5 second(s)

2019-04-26 12:53:52 - [MESSAGE][PASSED] - Delayed 5 second(s)

2019-04-26 12:53:52 - [TEST_STEP][PASSED] - Statement - driver = com.kms.katalon.core.webui.driver.DriverFactory.getWebDriver(): null

2019-04-26 12:53:52 - [TEST_STEP][PASSED] - Statement - rows_table = driver.findElements(org.openqa.selenium.By.xpath("//*[@id="content"]/div/div/div/div[2]/div[3]/div[4]/div/div/div[2]/div/div/div[2]/table/tbody/tr")): null

2019-04-26 12:53:52 - [TEST_STEP][PASSED] - Statement - rows_count = rows_table.size(): null

2019-04-26 12:53:52 - [TEST_STEP][PASSED] - verifyGreaterThanOrEqual: Actual number '10' is greater than or equal to expected number '1'

2019-04-26 12:53:52 - [MESSAGE][PASSED] - Actual number '10' is greater than or equal to expected number '1'

2019-04-26 12:53:52 - [MESSAGE][PASSED] - Call Test Case 'Test Cases/Operational_Dashboard/157' successfully

2019-04-26 12:53:52 - [TEST_STEP][PASSED] - Statement - driver = com.kms.katalon.core.webui.driver.DriverFactory.getWebDriver(): null

2019-04-26 12:53:52 - [TEST_STEP][PASSED] - Statement - next = driver.findElement(org.openqa.selenium.By.xpath("//*[@id="content"]/div/div/div/div[2]/div[3]/div[4]/div/div/div[2]/div/div/div[2]/ul/li[3]/a")): null

2019-04-26 12:53:52 - [TEST_STEP][PASSED] - Statement - next.click(): null

2019-04-26 12:53:52 - [TEST_STEP][PASSED] - delay: Delayed 5 second(s)

2019-04-26 12:53:58 - [MESSAGE][PASSED] - Delayed 5 second(s)

2019-04-26 12:53:58 - [TEST_STEP][PASSED] - Statement - rows_table = driver.findElements(org.openqa.selenium.By.xpath("//*[@id="content"]/div/div/div/div[2]/div[3]/div[4]/div/div/div[2]/div/div/div[2]/table/tbody/tr")): null

2019-04-26 12:53:59 - [TEST_STEP][PASSED] - Statement - rows_count = rows_table.size(): null

2019-04-26 12:53:59 - [TEST_STEP][PASSED] - verifyGreaterThanOrEqual: Actual number '1' is greater than or equal to expected number '1'

2019-04-26 12:53:59 - [MESSAGE][PASSED] - Actual number '1' is greater than or equal to expected number '1']]></system-out>
         <system-err><![CDATA[]]></system-err>
      </testcase>
      <testcase name="Test Cases/Operational_Dashboard/161" classname="Test Cases/Operational_Dashboard/161" status="PASSED">
         <system-out><![CDATA[2019-04-26 12:53:59 - [TEST_CASE][PASSED] - Test Cases/Operational_Dashboard/161: Test Cases/Operational_Dashboard/161

2019-04-26 12:53:59 - [TEST_STEP][PASSED] - callTestCase: Call Test Case 'Test Cases/Operational_Dashboard/157' successfully

2019-04-26 12:53:59 - [TEST_CASE][PASSED] - Test Cases/Operational_Dashboard/157: Test Cases/Operational_Dashboard/157

2019-04-26 12:53:59 - [TEST_STEP][PASSED] - callTestCase: Call Test Case 'Test Cases/Operational_Dashboard/Login' successfully

2019-04-26 12:53:59 - [TEST_CASE][PASSED] - Test Cases/Operational_Dashboard/Login: Test Cases/Operational_Dashboard/Login

2019-04-26 12:53:59 - [TEST_STEP][PASSED] - callTestCase: Call Test Case 'Test Cases/s-sidebar_navigation/individualAccount/operationalDashboard' successfully

2019-04-26 12:53:59 - [TEST_CASE][PASSED] - Test Cases/s-sidebar_navigation/individualAccount/operationalDashboard: Test Cases/s-sidebar_navigation/individualAccount/operationalDashboard

2019-04-26 12:53:59 - [TEST_STEP][PASSED] - click: Object: 'Object Repository/Page_KiboEngage  Subscribers/span_Subscribers' is clicked on

2019-04-26 12:53:59 - [MESSAGE][PASSED] - Object: 'Object Repository/Page_KiboEngage  Subscribers/span_Subscribers' is clicked on

2019-04-26 12:53:59 - [TEST_STEP][PASSED] - click: Object: 'Object Repository/Page_KiboEngage  Subscribers/span_Operational Dashboard (1)' is clicked on

2019-04-26 12:54:00 - [MESSAGE][PASSED] - Object: 'Object Repository/Page_KiboEngage  Subscribers/span_Operational Dashboard (1)' is clicked on

2019-04-26 12:54:00 - [TEST_STEP][PASSED] - scrollToPosition: Browser is scrolled to position x = 0, y = 0

2019-04-26 12:54:00 - [MESSAGE][PASSED] - Browser is scrolled to position x = 0, y = 0

2019-04-26 12:54:00 - [TEST_STEP][PASSED] - delay: Delayed 2 second(s)

2019-04-26 12:54:03 - [MESSAGE][PASSED] - Delayed 2 second(s)

2019-04-26 12:54:03 - [TEST_STEP][PASSED] - click: Object: 'Object Repository/Page_KiboEngage  Operational Dashbo/h3_Pages Info (7)' is clicked on

2019-04-26 12:54:03 - [MESSAGE][PASSED] - Object: 'Object Repository/Page_KiboEngage  Operational Dashbo/h3_Pages Info (7)' is clicked on

2019-04-26 12:54:03 - [MESSAGE][PASSED] - Call Test Case 'Test Cases/s-sidebar_navigation/individualAccount/operationalDashboard' successfully

2019-04-26 12:54:03 - [MESSAGE][PASSED] - Call Test Case 'Test Cases/Operational_Dashboard/Login' successfully

2019-04-26 12:54:03 - [TEST_STEP][PASSED] - delay: Delayed 2 second(s)

2019-04-26 12:54:06 - [MESSAGE][PASSED] - Delayed 2 second(s)

2019-04-26 12:54:06 - [TEST_STEP][PASSED] - setText: Text 'cloudkibo1' is set on object 'Object Repository/Page_KiboEngage  Operational Dashbo/input_form-control m-input m-i'

2019-04-26 12:54:07 - [MESSAGE][PASSED] - Text 'cloudkibo1' is set on object 'Object Repository/Page_KiboEngage  Operational Dashbo/input_form-control m-input m-i'

2019-04-26 12:54:07 - [TEST_STEP][PASSED] - delay: Delayed 5 second(s)

2019-04-26 12:54:13 - [MESSAGE][PASSED] - Delayed 5 second(s)

2019-04-26 12:54:13 - [TEST_STEP][PASSED] - click: Object: 'Object Repository/Page_KiboEngage  Operational Dashbo/button_See more' is clicked on

2019-04-26 12:54:14 - [MESSAGE][PASSED] - Object: 'Object Repository/Page_KiboEngage  Operational Dashbo/button_See more' is clicked on

2019-04-26 12:54:14 - [TEST_STEP][PASSED] - delay: Delayed 1 second(s)

2019-04-26 12:54:15 - [MESSAGE][PASSED] - Delayed 1 second(s)

2019-04-26 12:54:15 - [TEST_STEP][PASSED] - scrollToPosition: Browser is scrolled to position x = 0, y = 0

2019-04-26 12:54:15 - [MESSAGE][PASSED] - Browser is scrolled to position x = 0, y = 0

2019-04-26 12:54:15 - [TEST_STEP][PASSED] - delay: Delayed 5 second(s)

2019-04-26 12:54:21 - [MESSAGE][PASSED] - Delayed 5 second(s)

2019-04-26 12:54:21 - [TEST_STEP][PASSED] - Statement - driver = com.kms.katalon.core.webui.driver.DriverFactory.getWebDriver(): null

2019-04-26 12:54:21 - [TEST_STEP][PASSED] - Statement - rows_table = driver.findElements(org.openqa.selenium.By.xpath("//*[@id="content"]/div/div/div/div[2]/div[3]/div[4]/div/div/div[2]/div/div/div[2]/table/tbody/tr")): null

2019-04-26 12:54:21 - [TEST_STEP][PASSED] - Statement - rows_count = rows_table.size(): null

2019-04-26 12:54:21 - [TEST_STEP][PASSED] - verifyGreaterThanOrEqual: Actual number '10' is greater than or equal to expected number '1'

2019-04-26 12:54:21 - [MESSAGE][PASSED] - Actual number '10' is greater than or equal to expected number '1'

2019-04-26 12:54:21 - [MESSAGE][PASSED] - Call Test Case 'Test Cases/Operational_Dashboard/157' successfully

2019-04-26 12:54:21 - [TEST_STEP][PASSED] - Statement - driver = com.kms.katalon.core.webui.driver.DriverFactory.getWebDriver(): null

2019-04-26 12:54:21 - [TEST_STEP][PASSED] - Statement - input_search_page = driver.findElement(org.openqa.selenium.By.xpath("//*[@id="content"]/div/div/div/div[2]/div[3]/div[4]/div/div/div[2]/div/div/div[1]/div[1]/input")): null

2019-04-26 12:54:21 - [TEST_STEP][PASSED] - Statement - input_search_page.sendKeys("2"): null

2019-04-26 12:54:21 - [TEST_STEP][PASSED] - delay: Delayed 5 second(s)

2019-04-26 12:54:27 - [MESSAGE][PASSED] - Delayed 5 second(s)

2019-04-26 12:54:27 - [TEST_STEP][PASSED] - Statement - rows_table = driver.findElements(org.openqa.selenium.By.xpath("//*[@id="content"]/div/div/div/div[2]/div[3]/div[4]/div/div/div[2]/div/div/div[2]/table/tbody/tr")): null

2019-04-26 12:54:27 - [TEST_STEP][PASSED] - Statement - rows_count = rows_table.size(): null

2019-04-26 12:54:27 - [TEST_STEP][PASSED] - verifyGreaterThanOrEqual: Actual number '10' is greater than or equal to expected number '1'

2019-04-26 12:54:27 - [MESSAGE][PASSED] - Actual number '10' is greater than or equal to expected number '1']]></system-out>
         <system-err><![CDATA[]]></system-err>
      </testcase>
      <testcase name="Test Cases/Operational_Dashboard/166" classname="Test Cases/Operational_Dashboard/166" status="PASSED">
         <system-out><![CDATA[2019-04-26 12:54:27 - [TEST_CASE][PASSED] - Test Cases/Operational_Dashboard/166: Test Cases/Operational_Dashboard/166

2019-04-26 12:54:27 - [TEST_STEP][PASSED] - callTestCase: Call Test Case 'Test Cases/Operational_Dashboard/134' successfully

2019-04-26 12:54:27 - [TEST_CASE][PASSED] - Test Cases/Operational_Dashboard/134: Test Cases/Operational_Dashboard/134

2019-04-26 12:54:27 - [TEST_STEP][PASSED] - callTestCase: Call Test Case 'Test Cases/Operational_Dashboard/Login' successfully

2019-04-26 12:54:27 - [TEST_CASE][PASSED] - Test Cases/Operational_Dashboard/Login: Test Cases/Operational_Dashboard/Login

2019-04-26 12:54:27 - [TEST_STEP][PASSED] - callTestCase: Call Test Case 'Test Cases/s-sidebar_navigation/individualAccount/operationalDashboard' successfully

2019-04-26 12:54:27 - [TEST_CASE][PASSED] - Test Cases/s-sidebar_navigation/individualAccount/operationalDashboard: Test Cases/s-sidebar_navigation/individualAccount/operationalDashboard

2019-04-26 12:54:27 - [TEST_STEP][PASSED] - click: Object: 'Object Repository/Page_KiboEngage  Subscribers/span_Subscribers' is clicked on

2019-04-26 12:54:27 - [MESSAGE][PASSED] - Object: 'Object Repository/Page_KiboEngage  Subscribers/span_Subscribers' is clicked on

2019-04-26 12:54:27 - [TEST_STEP][PASSED] - click: Object: 'Object Repository/Page_KiboEngage  Subscribers/span_Operational Dashboard (1)' is clicked on

2019-04-26 12:54:28 - [MESSAGE][PASSED] - Object: 'Object Repository/Page_KiboEngage  Subscribers/span_Operational Dashboard (1)' is clicked on

2019-04-26 12:54:28 - [TEST_STEP][PASSED] - scrollToPosition: Browser is scrolled to position x = 0, y = 0

2019-04-26 12:54:28 - [MESSAGE][PASSED] - Browser is scrolled to position x = 0, y = 0

2019-04-26 12:54:28 - [TEST_STEP][PASSED] - delay: Delayed 2 second(s)

2019-04-26 12:54:30 - [MESSAGE][PASSED] - Delayed 2 second(s)

2019-04-26 12:54:30 - [TEST_STEP][PASSED] - click: Object: 'Object Repository/Page_KiboEngage  Operational Dashbo/h3_Pages Info (7)' is clicked on

2019-04-26 12:54:30 - [MESSAGE][PASSED] - Object: 'Object Repository/Page_KiboEngage  Operational Dashbo/h3_Pages Info (7)' is clicked on

2019-04-26 12:54:30 - [MESSAGE][PASSED] - Call Test Case 'Test Cases/s-sidebar_navigation/individualAccount/operationalDashboard' successfully

2019-04-26 12:54:30 - [MESSAGE][PASSED] - Call Test Case 'Test Cases/Operational_Dashboard/Login' successfully

2019-04-26 12:54:30 - [TEST_STEP][PASSED] - delay: Delayed 5 second(s)

2019-04-26 12:54:36 - [MESSAGE][PASSED] - Delayed 5 second(s)

2019-04-26 12:54:36 - [TEST_STEP][PASSED] - click: Object: 'Object Repository/Page_KiboEngage  Operational Dashbo/button_See more' is clicked on

2019-04-26 12:54:36 - [MESSAGE][PASSED] - Object: 'Object Repository/Page_KiboEngage  Operational Dashbo/button_See more' is clicked on

2019-04-26 12:54:36 - [TEST_STEP][PASSED] - delay: Delayed 1 second(s)

2019-04-26 12:54:37 - [MESSAGE][PASSED] - Delayed 1 second(s)

2019-04-26 12:54:37 - [TEST_STEP][PASSED] - scrollToPosition: Browser is scrolled to position x = 0, y = 0

2019-04-26 12:54:37 - [MESSAGE][PASSED] - Browser is scrolled to position x = 0, y = 0

2019-04-26 12:54:37 - [TEST_STEP][PASSED] - verifyTextPresent: Text 'Pages' is present on page 

2019-04-26 12:54:37 - [MESSAGE][PASSED] - Text 'Pages' is present on page 

2019-04-26 12:54:37 - [TEST_STEP][PASSED] - verifyTextPresent: Text 'Broadcasts' is present on page 

2019-04-26 12:54:37 - [MESSAGE][PASSED] - Text 'Broadcasts' is present on page 

2019-04-26 12:54:37 - [TEST_STEP][PASSED] - verifyTextPresent: Text 'Surveys' is present on page 

2019-04-26 12:54:38 - [MESSAGE][PASSED] - Text 'Surveys' is present on page 

2019-04-26 12:54:38 - [TEST_STEP][PASSED] - verifyTextPresent: Text 'Polls' is present on page 

2019-04-26 12:54:38 - [MESSAGE][PASSED] - Text 'Polls' is present on page 

2019-04-26 12:54:38 - [MESSAGE][PASSED] - Call Test Case 'Test Cases/Operational_Dashboard/134' successfully

2019-04-26 12:54:38 - [TEST_STEP][PASSED] - click: Object: 'Object Repository/Page_KiboEngage  User Details/a_Back' is clicked on

2019-04-26 12:54:38 - [MESSAGE][PASSED] - Object: 'Object Repository/Page_KiboEngage  User Details/a_Back' is clicked on

2019-04-26 12:54:38 - [TEST_STEP][PASSED] - scrollToPosition: Browser is scrolled to position x = 0, y = 0

2019-04-26 12:54:38 - [MESSAGE][PASSED] - Browser is scrolled to position x = 0, y = 0

2019-04-26 12:54:38 - [TEST_STEP][PASSED] - click: Object: 'Object Repository/Page_KiboEngage  Operational Dashbo/h3_Pages Info (5)' is clicked on

2019-04-26 12:54:38 - [MESSAGE][PASSED] - Object: 'Object Repository/Page_KiboEngage  Operational Dashbo/h3_Pages Info (5)' is clicked on]]></system-out>
         <system-err><![CDATA[]]></system-err>
      </testcase>
      <testcase name="Test Cases/Operational_Dashboard/167" classname="Test Cases/Operational_Dashboard/167" status="PASSED">
         <system-out><![CDATA[2019-04-26 12:54:38 - [TEST_CASE][PASSED] - Test Cases/Operational_Dashboard/167: Test Cases/Operational_Dashboard/167

2019-04-26 12:54:39 - [TEST_STEP][PASSED] - callTestCase: Call Test Case 'Test Cases/Operational_Dashboard/Login' successfully

2019-04-26 12:54:39 - [TEST_CASE][PASSED] - Test Cases/Operational_Dashboard/Login: Test Cases/Operational_Dashboard/Login

2019-04-26 12:54:39 - [TEST_STEP][PASSED] - callTestCase: Call Test Case 'Test Cases/s-sidebar_navigation/individualAccount/operationalDashboard' successfully

2019-04-26 12:54:39 - [TEST_CASE][PASSED] - Test Cases/s-sidebar_navigation/individualAccount/operationalDashboard: Test Cases/s-sidebar_navigation/individualAccount/operationalDashboard

2019-04-26 12:54:39 - [TEST_STEP][PASSED] - click: Object: 'Object Repository/Page_KiboEngage  Subscribers/span_Subscribers' is clicked on

2019-04-26 12:54:39 - [MESSAGE][PASSED] - Object: 'Object Repository/Page_KiboEngage  Subscribers/span_Subscribers' is clicked on

2019-04-26 12:54:39 - [TEST_STEP][PASSED] - click: Object: 'Object Repository/Page_KiboEngage  Subscribers/span_Operational Dashboard (1)' is clicked on

2019-04-26 12:54:39 - [MESSAGE][PASSED] - Object: 'Object Repository/Page_KiboEngage  Subscribers/span_Operational Dashboard (1)' is clicked on

2019-04-26 12:54:39 - [TEST_STEP][PASSED] - scrollToPosition: Browser is scrolled to position x = 0, y = 0

2019-04-26 12:54:39 - [MESSAGE][PASSED] - Browser is scrolled to position x = 0, y = 0

2019-04-26 12:54:39 - [TEST_STEP][PASSED] - delay: Delayed 2 second(s)

2019-04-26 12:54:41 - [MESSAGE][PASSED] - Delayed 2 second(s)

2019-04-26 12:54:41 - [TEST_STEP][PASSED] - click: Object: 'Object Repository/Page_KiboEngage  Operational Dashbo/h3_Pages Info (7)' is clicked on

2019-04-26 12:54:42 - [MESSAGE][PASSED] - Object: 'Object Repository/Page_KiboEngage  Operational Dashbo/h3_Pages Info (7)' is clicked on

2019-04-26 12:54:42 - [MESSAGE][PASSED] - Call Test Case 'Test Cases/s-sidebar_navigation/individualAccount/operationalDashboard' successfully

2019-04-26 12:54:42 - [MESSAGE][PASSED] - Call Test Case 'Test Cases/Operational_Dashboard/Login' successfully

2019-04-26 12:54:42 - [TEST_STEP][PASSED] - click: Object: 'Object Repository/Page_KiboEngage  Operational Dashbo/i_la la-angle-down' is clicked on

2019-04-26 12:54:42 - [MESSAGE][PASSED] - Object: 'Object Repository/Page_KiboEngage  Operational Dashbo/i_la la-angle-down' is clicked on

2019-04-26 12:54:42 - [TEST_STEP][PASSED] - delay: Delayed 5 second(s)

2019-04-26 12:54:46 - [MESSAGE][PASSED] - Delayed 5 second(s)

2019-04-26 12:54:46 - [TEST_STEP][PASSED] - Statement - driver = com.kms.katalon.core.webui.driver.DriverFactory.getWebDriver(): null

2019-04-26 12:54:46 - [TEST_STEP][PASSED] - Statement - rows_table = driver.findElements(org.openqa.selenium.By.xpath("//*[@id="content"]/div/div/div/div[2]/div[3]/div[5]/div/div/div[2]/div/div/div[2]/table/tbody/tr")): null

2019-04-26 12:54:46 - [TEST_STEP][PASSED] - Statement - rows_count = rows_table.size(): null

2019-04-26 12:54:46 - [TEST_STEP][PASSED] - verifyGreaterThanOrEqual: Actual number '10' is greater than or equal to expected number '1'

2019-04-26 12:54:46 - [MESSAGE][PASSED] - Actual number '10' is greater than or equal to expected number '1']]></system-out>
         <system-err><![CDATA[]]></system-err>
      </testcase>
      <testcase name="Test Cases/Operational_Dashboard/168" classname="Test Cases/Operational_Dashboard/168" status="PASSED">
         <system-out><![CDATA[2019-04-26 12:54:46 - [TEST_CASE][PASSED] - Test Cases/Operational_Dashboard/168: Test Cases/Operational_Dashboard/168

2019-04-26 12:54:46 - [TEST_STEP][PASSED] - callTestCase: Call Test Case 'Test Cases/Operational_Dashboard/167' successfully

2019-04-26 12:54:47 - [TEST_CASE][PASSED] - Test Cases/Operational_Dashboard/167: Test Cases/Operational_Dashboard/167

2019-04-26 12:54:47 - [TEST_STEP][PASSED] - callTestCase: Call Test Case 'Test Cases/Operational_Dashboard/Login' successfully

2019-04-26 12:54:47 - [TEST_CASE][PASSED] - Test Cases/Operational_Dashboard/Login: Test Cases/Operational_Dashboard/Login

2019-04-26 12:54:47 - [TEST_STEP][PASSED] - callTestCase: Call Test Case 'Test Cases/s-sidebar_navigation/individualAccount/operationalDashboard' successfully

2019-04-26 12:54:47 - [TEST_CASE][PASSED] - Test Cases/s-sidebar_navigation/individualAccount/operationalDashboard: Test Cases/s-sidebar_navigation/individualAccount/operationalDashboard

2019-04-26 12:54:47 - [TEST_STEP][PASSED] - click: Object: 'Object Repository/Page_KiboEngage  Subscribers/span_Subscribers' is clicked on

2019-04-26 12:54:47 - [MESSAGE][PASSED] - Object: 'Object Repository/Page_KiboEngage  Subscribers/span_Subscribers' is clicked on

2019-04-26 12:54:47 - [TEST_STEP][PASSED] - click: Object: 'Object Repository/Page_KiboEngage  Subscribers/span_Operational Dashboard (1)' is clicked on

2019-04-26 12:54:47 - [MESSAGE][PASSED] - Object: 'Object Repository/Page_KiboEngage  Subscribers/span_Operational Dashboard (1)' is clicked on

2019-04-26 12:54:47 - [TEST_STEP][PASSED] - scrollToPosition: Browser is scrolled to position x = 0, y = 0

2019-04-26 12:54:47 - [MESSAGE][PASSED] - Browser is scrolled to position x = 0, y = 0

2019-04-26 12:54:47 - [TEST_STEP][PASSED] - delay: Delayed 2 second(s)

2019-04-26 12:54:49 - [MESSAGE][PASSED] - Delayed 2 second(s)

2019-04-26 12:54:49 - [TEST_STEP][PASSED] - click: Object: 'Object Repository/Page_KiboEngage  Operational Dashbo/h3_Pages Info (7)' is clicked on

2019-04-26 12:54:49 - [MESSAGE][PASSED] - Object: 'Object Repository/Page_KiboEngage  Operational Dashbo/h3_Pages Info (7)' is clicked on

2019-04-26 12:54:49 - [MESSAGE][PASSED] - Call Test Case 'Test Cases/s-sidebar_navigation/individualAccount/operationalDashboard' successfully

2019-04-26 12:54:49 - [MESSAGE][PASSED] - Call Test Case 'Test Cases/Operational_Dashboard/Login' successfully

2019-04-26 12:54:49 - [TEST_STEP][PASSED] - click: Object: 'Object Repository/Page_KiboEngage  Operational Dashbo/i_la la-angle-down' is clicked on

2019-04-26 12:54:49 - [MESSAGE][PASSED] - Object: 'Object Repository/Page_KiboEngage  Operational Dashbo/i_la la-angle-down' is clicked on

2019-04-26 12:54:49 - [TEST_STEP][PASSED] - delay: Delayed 5 second(s)

2019-04-26 12:54:54 - [MESSAGE][PASSED] - Delayed 5 second(s)

2019-04-26 12:54:54 - [TEST_STEP][PASSED] - Statement - driver = com.kms.katalon.core.webui.driver.DriverFactory.getWebDriver(): null

2019-04-26 12:54:54 - [TEST_STEP][PASSED] - Statement - rows_table = driver.findElements(org.openqa.selenium.By.xpath("//*[@id="content"]/div/div/div/div[2]/div[3]/div[5]/div/div/div[2]/div/div/div[2]/table/tbody/tr")): null

2019-04-26 12:54:54 - [TEST_STEP][PASSED] - Statement - rows_count = rows_table.size(): null

2019-04-26 12:54:54 - [TEST_STEP][PASSED] - verifyGreaterThanOrEqual: Actual number '10' is greater than or equal to expected number '1'

2019-04-26 12:54:54 - [MESSAGE][PASSED] - Actual number '10' is greater than or equal to expected number '1'

2019-04-26 12:54:54 - [MESSAGE][PASSED] - Call Test Case 'Test Cases/Operational_Dashboard/167' successfully

2019-04-26 12:54:54 - [TEST_STEP][PASSED] - Statement - driver = com.kms.katalon.core.webui.driver.DriverFactory.getWebDriver(): null

2019-04-26 12:54:54 - [TEST_STEP][PASSED] - Statement - next = driver.findElement(org.openqa.selenium.By.xpath("//*[@id="content"]/div/div/div/div[2]/div[3]/div[5]/div/div/div[2]/div/div/div[2]/ul/li[8]/a")): null

2019-04-26 12:54:54 - [TEST_STEP][PASSED] - Statement - next.click(): null

2019-04-26 12:54:54 - [TEST_STEP][PASSED] - delay: Delayed 5 second(s)

2019-04-26 12:54:58 - [MESSAGE][PASSED] - Delayed 5 second(s)

2019-04-26 12:54:58 - [TEST_STEP][PASSED] - Statement - rows_table = driver.findElements(org.openqa.selenium.By.xpath("//*[@id="content"]/div/div/div/div[2]/div[3]/div[5]/div/div/div[2]/div/div/div[2]/table/tbody/tr")): null

2019-04-26 12:54:58 - [TEST_STEP][PASSED] - Statement - rows_count = rows_table.size(): null

2019-04-26 12:54:58 - [TEST_STEP][PASSED] - verifyGreaterThanOrEqual: Actual number '10' is greater than or equal to expected number '1'

2019-04-26 12:54:58 - [MESSAGE][PASSED] - Actual number '10' is greater than or equal to expected number '1']]></system-out>
         <system-err><![CDATA[]]></system-err>
      </testcase>
      <testcase name="Test Cases/Operational_Dashboard/169" classname="Test Cases/Operational_Dashboard/169" status="PASSED">
         <system-out><![CDATA[2019-04-26 12:54:58 - [TEST_CASE][PASSED] - Test Cases/Operational_Dashboard/169: Test Cases/Operational_Dashboard/169

2019-04-26 12:54:58 - [TEST_STEP][PASSED] - callTestCase: Call Test Case 'Test Cases/Operational_Dashboard/168' successfully

2019-04-26 12:54:58 - [TEST_CASE][PASSED] - Test Cases/Operational_Dashboard/168: Test Cases/Operational_Dashboard/168

2019-04-26 12:54:58 - [TEST_STEP][PASSED] - callTestCase: Call Test Case 'Test Cases/Operational_Dashboard/167' successfully

2019-04-26 12:54:58 - [TEST_CASE][PASSED] - Test Cases/Operational_Dashboard/167: Test Cases/Operational_Dashboard/167

2019-04-26 12:54:58 - [TEST_STEP][PASSED] - callTestCase: Call Test Case 'Test Cases/Operational_Dashboard/Login' successfully

2019-04-26 12:54:58 - [TEST_CASE][PASSED] - Test Cases/Operational_Dashboard/Login: Test Cases/Operational_Dashboard/Login

2019-04-26 12:54:58 - [TEST_STEP][PASSED] - callTestCase: Call Test Case 'Test Cases/s-sidebar_navigation/individualAccount/operationalDashboard' successfully

2019-04-26 12:54:59 - [TEST_CASE][PASSED] - Test Cases/s-sidebar_navigation/individualAccount/operationalDashboard: Test Cases/s-sidebar_navigation/individualAccount/operationalDashboard

2019-04-26 12:54:59 - [TEST_STEP][PASSED] - click: Object: 'Object Repository/Page_KiboEngage  Subscribers/span_Subscribers' is clicked on

2019-04-26 12:54:59 - [MESSAGE][PASSED] - Object: 'Object Repository/Page_KiboEngage  Subscribers/span_Subscribers' is clicked on

2019-04-26 12:54:59 - [TEST_STEP][PASSED] - click: Object: 'Object Repository/Page_KiboEngage  Subscribers/span_Operational Dashboard (1)' is clicked on

2019-04-26 12:54:59 - [MESSAGE][PASSED] - Object: 'Object Repository/Page_KiboEngage  Subscribers/span_Operational Dashboard (1)' is clicked on

2019-04-26 12:54:59 - [TEST_STEP][PASSED] - scrollToPosition: Browser is scrolled to position x = 0, y = 0

2019-04-26 12:54:59 - [MESSAGE][PASSED] - Browser is scrolled to position x = 0, y = 0

2019-04-26 12:54:59 - [TEST_STEP][PASSED] - delay: Delayed 2 second(s)

2019-04-26 12:55:01 - [MESSAGE][PASSED] - Delayed 2 second(s)

2019-04-26 12:55:01 - [TEST_STEP][PASSED] - click: Object: 'Object Repository/Page_KiboEngage  Operational Dashbo/h3_Pages Info (7)' is clicked on

2019-04-26 12:55:01 - [MESSAGE][PASSED] - Object: 'Object Repository/Page_KiboEngage  Operational Dashbo/h3_Pages Info (7)' is clicked on

2019-04-26 12:55:01 - [MESSAGE][PASSED] - Call Test Case 'Test Cases/s-sidebar_navigation/individualAccount/operationalDashboard' successfully

2019-04-26 12:55:01 - [MESSAGE][PASSED] - Call Test Case 'Test Cases/Operational_Dashboard/Login' successfully

2019-04-26 12:55:01 - [TEST_STEP][PASSED] - click: Object: 'Object Repository/Page_KiboEngage  Operational Dashbo/i_la la-angle-down' is clicked on

2019-04-26 12:55:01 - [MESSAGE][PASSED] - Object: 'Object Repository/Page_KiboEngage  Operational Dashbo/i_la la-angle-down' is clicked on

2019-04-26 12:55:01 - [TEST_STEP][PASSED] - delay: Delayed 5 second(s)

2019-04-26 12:55:04 - [MESSAGE][PASSED] - Delayed 5 second(s)

2019-04-26 12:55:04 - [TEST_STEP][PASSED] - Statement - driver = com.kms.katalon.core.webui.driver.DriverFactory.getWebDriver(): null

2019-04-26 12:55:04 - [TEST_STEP][PASSED] - Statement - rows_table = driver.findElements(org.openqa.selenium.By.xpath("//*[@id="content"]/div/div/div/div[2]/div[3]/div[5]/div/div/div[2]/div/div/div[2]/table/tbody/tr")): null

2019-04-26 12:55:05 - [TEST_STEP][PASSED] - Statement - rows_count = rows_table.size(): null

2019-04-26 12:55:05 - [TEST_STEP][PASSED] - verifyGreaterThanOrEqual: Actual number '10' is greater than or equal to expected number '1'

2019-04-26 12:55:05 - [MESSAGE][PASSED] - Actual number '10' is greater than or equal to expected number '1'

2019-04-26 12:55:05 - [MESSAGE][PASSED] - Call Test Case 'Test Cases/Operational_Dashboard/167' successfully

2019-04-26 12:55:05 - [TEST_STEP][PASSED] - Statement - driver = com.kms.katalon.core.webui.driver.DriverFactory.getWebDriver(): null

2019-04-26 12:55:05 - [TEST_STEP][PASSED] - Statement - next = driver.findElement(org.openqa.selenium.By.xpath("//*[@id="content"]/div/div/div/div[2]/div[3]/div[5]/div/div/div[2]/div/div/div[2]/ul/li[8]/a")): null

2019-04-26 12:55:05 - [TEST_STEP][PASSED] - Statement - next.click(): null

2019-04-26 12:55:05 - [TEST_STEP][PASSED] - delay: Delayed 5 second(s)

2019-04-26 12:55:08 - [MESSAGE][PASSED] - Delayed 5 second(s)

2019-04-26 12:55:08 - [TEST_STEP][PASSED] - Statement - rows_table = driver.findElements(org.openqa.selenium.By.xpath("//*[@id="content"]/div/div/div/div[2]/div[3]/div[5]/div/div/div[2]/div/div/div[2]/table/tbody/tr")): null

2019-04-26 12:55:08 - [TEST_STEP][PASSED] - Statement - rows_count = rows_table.size(): null

2019-04-26 12:55:08 - [TEST_STEP][PASSED] - verifyGreaterThanOrEqual: Actual number '10' is greater than or equal to expected number '1'

2019-04-26 12:55:08 - [MESSAGE][PASSED] - Actual number '10' is greater than or equal to expected number '1'

2019-04-26 12:55:08 - [MESSAGE][PASSED] - Call Test Case 'Test Cases/Operational_Dashboard/168' successfully

2019-04-26 12:55:08 - [TEST_STEP][PASSED] - Statement - driver = com.kms.katalon.core.webui.driver.DriverFactory.getWebDriver(): null

2019-04-26 12:55:08 - [TEST_STEP][PASSED] - Statement - PREVIOUS = driver.findElement(org.openqa.selenium.By.xpath("//*[@id="content"]/div/div/div/div[2]/div[3]/div[5]/div/div/div[2]/div/div/div[2]/ul/li[1]/a")): null

2019-04-26 12:55:08 - [TEST_STEP][PASSED] - Statement - PREVIOUS.click(): null

2019-04-26 12:55:09 - [TEST_STEP][PASSED] - delay: Delayed 5 second(s)

2019-04-26 12:55:14 - [MESSAGE][PASSED] - Delayed 5 second(s)

2019-04-26 12:55:14 - [TEST_STEP][PASSED] - Statement - rows_table = driver.findElements(org.openqa.selenium.By.xpath("//*[@id="content"]/div/div/div/div[2]/div[3]/div[5]/div/div/div[2]/div/div/div[2]/table/tbody/tr")): null

2019-04-26 12:55:14 - [TEST_STEP][PASSED] - Statement - rows_count = rows_table.size(): null

2019-04-26 12:55:14 - [TEST_STEP][PASSED] - verifyGreaterThanOrEqual: Actual number '10' is greater than or equal to expected number '1'

2019-04-26 12:55:14 - [MESSAGE][PASSED] - Actual number '10' is greater than or equal to expected number '1']]></system-out>
         <system-err><![CDATA[]]></system-err>
      </testcase>
      <testcase name="Test Cases/Operational_Dashboard/170" classname="Test Cases/Operational_Dashboard/170" status="PASSED">
         <system-out><![CDATA[2019-04-26 12:55:14 - [TEST_CASE][PASSED] - Test Cases/Operational_Dashboard/170: Test Cases/Operational_Dashboard/170

2019-04-26 12:55:14 - [TEST_STEP][PASSED] - callTestCase: Call Test Case 'Test Cases/Operational_Dashboard/167' successfully

2019-04-26 12:55:14 - [TEST_CASE][PASSED] - Test Cases/Operational_Dashboard/167: Test Cases/Operational_Dashboard/167

2019-04-26 12:55:14 - [TEST_STEP][PASSED] - callTestCase: Call Test Case 'Test Cases/Operational_Dashboard/Login' successfully

2019-04-26 12:55:14 - [TEST_CASE][PASSED] - Test Cases/Operational_Dashboard/Login: Test Cases/Operational_Dashboard/Login

2019-04-26 12:55:14 - [TEST_STEP][PASSED] - callTestCase: Call Test Case 'Test Cases/s-sidebar_navigation/individualAccount/operationalDashboard' successfully

2019-04-26 12:55:14 - [TEST_CASE][PASSED] - Test Cases/s-sidebar_navigation/individualAccount/operationalDashboard: Test Cases/s-sidebar_navigation/individualAccount/operationalDashboard

2019-04-26 12:55:14 - [TEST_STEP][PASSED] - click: Object: 'Object Repository/Page_KiboEngage  Subscribers/span_Subscribers' is clicked on

2019-04-26 12:55:15 - [MESSAGE][PASSED] - Object: 'Object Repository/Page_KiboEngage  Subscribers/span_Subscribers' is clicked on

2019-04-26 12:55:15 - [TEST_STEP][PASSED] - click: Object: 'Object Repository/Page_KiboEngage  Subscribers/span_Operational Dashboard (1)' is clicked on

2019-04-26 12:55:15 - [MESSAGE][PASSED] - Object: 'Object Repository/Page_KiboEngage  Subscribers/span_Operational Dashboard (1)' is clicked on

2019-04-26 12:55:15 - [TEST_STEP][PASSED] - scrollToPosition: Browser is scrolled to position x = 0, y = 0

2019-04-26 12:55:16 - [MESSAGE][PASSED] - Browser is scrolled to position x = 0, y = 0

2019-04-26 12:55:16 - [TEST_STEP][PASSED] - delay: Delayed 2 second(s)

2019-04-26 12:55:18 - [MESSAGE][PASSED] - Delayed 2 second(s)

2019-04-26 12:55:18 - [TEST_STEP][PASSED] - click: Object: 'Object Repository/Page_KiboEngage  Operational Dashbo/h3_Pages Info (7)' is clicked on

2019-04-26 12:55:18 - [MESSAGE][PASSED] - Object: 'Object Repository/Page_KiboEngage  Operational Dashbo/h3_Pages Info (7)' is clicked on

2019-04-26 12:55:18 - [MESSAGE][PASSED] - Call Test Case 'Test Cases/s-sidebar_navigation/individualAccount/operationalDashboard' successfully

2019-04-26 12:55:18 - [MESSAGE][PASSED] - Call Test Case 'Test Cases/Operational_Dashboard/Login' successfully

2019-04-26 12:55:18 - [TEST_STEP][PASSED] - click: Object: 'Object Repository/Page_KiboEngage  Operational Dashbo/i_la la-angle-down' is clicked on

2019-04-26 12:55:18 - [MESSAGE][PASSED] - Object: 'Object Repository/Page_KiboEngage  Operational Dashbo/i_la la-angle-down' is clicked on

2019-04-26 12:55:18 - [TEST_STEP][PASSED] - delay: Delayed 5 second(s)

2019-04-26 12:55:23 - [MESSAGE][PASSED] - Delayed 5 second(s)

2019-04-26 12:55:23 - [TEST_STEP][PASSED] - Statement - driver = com.kms.katalon.core.webui.driver.DriverFactory.getWebDriver(): null

2019-04-26 12:55:23 - [TEST_STEP][PASSED] - Statement - rows_table = driver.findElements(org.openqa.selenium.By.xpath("//*[@id="content"]/div/div/div/div[2]/div[3]/div[5]/div/div/div[2]/div/div/div[2]/table/tbody/tr")): null

2019-04-26 12:55:23 - [TEST_STEP][PASSED] - Statement - rows_count = rows_table.size(): null

2019-04-26 12:55:23 - [TEST_STEP][PASSED] - verifyGreaterThanOrEqual: Actual number '10' is greater than or equal to expected number '1'

2019-04-26 12:55:23 - [MESSAGE][PASSED] - Actual number '10' is greater than or equal to expected number '1'

2019-04-26 12:55:23 - [MESSAGE][PASSED] - Call Test Case 'Test Cases/Operational_Dashboard/167' successfully

2019-04-26 12:55:23 - [TEST_STEP][PASSED] - Statement - driver = com.kms.katalon.core.webui.driver.DriverFactory.getWebDriver(): null

2019-04-26 12:55:23 - [TEST_STEP][PASSED] - Statement - next = driver.findElement(org.openqa.selenium.By.xpath("//*[@id="content"]/div/div/div/div[2]/div[3]/div[5]/div/div/div[2]/div/div/div[2]/ul/li[3]/a")): null

2019-04-26 12:55:23 - [TEST_STEP][PASSED] - Statement - next.click(): null

2019-04-26 12:55:23 - [TEST_STEP][PASSED] - delay: Delayed 5 second(s)

2019-04-26 12:55:28 - [MESSAGE][PASSED] - Delayed 5 second(s)

2019-04-26 12:55:28 - [TEST_STEP][PASSED] - Statement - rows_table = driver.findElements(org.openqa.selenium.By.xpath("//*[@id="content"]/div/div/div/div[2]/div[3]/div[5]/div/div/div[2]/div/div/div[2]/table/tbody/tr")): null

2019-04-26 12:55:28 - [TEST_STEP][PASSED] - Statement - rows_count = rows_table.size(): null

2019-04-26 12:55:28 - [TEST_STEP][PASSED] - verifyGreaterThanOrEqual: Actual number '10' is greater than or equal to expected number '1'

2019-04-26 12:55:28 - [MESSAGE][PASSED] - Actual number '10' is greater than or equal to expected number '1']]></system-out>
         <system-err><![CDATA[]]></system-err>
      </testcase>
      <testcase name="Test Cases/Operational_Dashboard/171" classname="Test Cases/Operational_Dashboard/171" status="PASSED">
         <system-out><![CDATA[2019-04-26 12:55:28 - [TEST_CASE][PASSED] - Test Cases/Operational_Dashboard/171: Test Cases/Operational_Dashboard/171

2019-04-26 12:55:28 - [TEST_STEP][PASSED] - callTestCase: Call Test Case 'Test Cases/Operational_Dashboard/167' successfully

2019-04-26 12:55:28 - [TEST_CASE][PASSED] - Test Cases/Operational_Dashboard/167: Test Cases/Operational_Dashboard/167

2019-04-26 12:55:28 - [TEST_STEP][PASSED] - callTestCase: Call Test Case 'Test Cases/Operational_Dashboard/Login' successfully

2019-04-26 12:55:28 - [TEST_CASE][PASSED] - Test Cases/Operational_Dashboard/Login: Test Cases/Operational_Dashboard/Login

2019-04-26 12:55:28 - [TEST_STEP][PASSED] - callTestCase: Call Test Case 'Test Cases/s-sidebar_navigation/individualAccount/operationalDashboard' successfully

2019-04-26 12:55:28 - [TEST_CASE][PASSED] - Test Cases/s-sidebar_navigation/individualAccount/operationalDashboard: Test Cases/s-sidebar_navigation/individualAccount/operationalDashboard

2019-04-26 12:55:28 - [TEST_STEP][PASSED] - click: Object: 'Object Repository/Page_KiboEngage  Subscribers/span_Subscribers' is clicked on

2019-04-26 12:55:29 - [MESSAGE][PASSED] - Object: 'Object Repository/Page_KiboEngage  Subscribers/span_Subscribers' is clicked on

2019-04-26 12:55:29 - [TEST_STEP][PASSED] - click: Object: 'Object Repository/Page_KiboEngage  Subscribers/span_Operational Dashboard (1)' is clicked on

2019-04-26 12:55:29 - [MESSAGE][PASSED] - Object: 'Object Repository/Page_KiboEngage  Subscribers/span_Operational Dashboard (1)' is clicked on

2019-04-26 12:55:29 - [TEST_STEP][PASSED] - scrollToPosition: Browser is scrolled to position x = 0, y = 0

2019-04-26 12:55:29 - [MESSAGE][PASSED] - Browser is scrolled to position x = 0, y = 0

2019-04-26 12:55:29 - [TEST_STEP][PASSED] - delay: Delayed 2 second(s)

2019-04-26 12:55:31 - [MESSAGE][PASSED] - Delayed 2 second(s)

2019-04-26 12:55:31 - [TEST_STEP][PASSED] - click: Object: 'Object Repository/Page_KiboEngage  Operational Dashbo/h3_Pages Info (7)' is clicked on

2019-04-26 12:55:31 - [MESSAGE][PASSED] - Object: 'Object Repository/Page_KiboEngage  Operational Dashbo/h3_Pages Info (7)' is clicked on

2019-04-26 12:55:31 - [MESSAGE][PASSED] - Call Test Case 'Test Cases/s-sidebar_navigation/individualAccount/operationalDashboard' successfully

2019-04-26 12:55:31 - [MESSAGE][PASSED] - Call Test Case 'Test Cases/Operational_Dashboard/Login' successfully

2019-04-26 12:55:31 - [TEST_STEP][PASSED] - click: Object: 'Object Repository/Page_KiboEngage  Operational Dashbo/i_la la-angle-down' is clicked on

2019-04-26 12:55:32 - [MESSAGE][PASSED] - Object: 'Object Repository/Page_KiboEngage  Operational Dashbo/i_la la-angle-down' is clicked on

2019-04-26 12:55:32 - [TEST_STEP][PASSED] - delay: Delayed 5 second(s)

2019-04-26 12:55:37 - [MESSAGE][PASSED] - Delayed 5 second(s)

2019-04-26 12:55:37 - [TEST_STEP][PASSED] - Statement - driver = com.kms.katalon.core.webui.driver.DriverFactory.getWebDriver(): null

2019-04-26 12:55:37 - [TEST_STEP][PASSED] - Statement - rows_table = driver.findElements(org.openqa.selenium.By.xpath("//*[@id="content"]/div/div/div/div[2]/div[3]/div[5]/div/div/div[2]/div/div/div[2]/table/tbody/tr")): null

2019-04-26 12:55:37 - [TEST_STEP][PASSED] - Statement - rows_count = rows_table.size(): null

2019-04-26 12:55:37 - [TEST_STEP][PASSED] - verifyGreaterThanOrEqual: Actual number '10' is greater than or equal to expected number '1'

2019-04-26 12:55:37 - [MESSAGE][PASSED] - Actual number '10' is greater than or equal to expected number '1'

2019-04-26 12:55:37 - [MESSAGE][PASSED] - Call Test Case 'Test Cases/Operational_Dashboard/167' successfully

2019-04-26 12:55:37 - [TEST_STEP][PASSED] - Statement - driver = com.kms.katalon.core.webui.driver.DriverFactory.getWebDriver(): null

2019-04-26 12:55:37 - [TEST_STEP][PASSED] - Statement - search_text = driver.findElement(org.openqa.selenium.By.xpath("//*[@id="content"]/div/div/div/div[2]/div[3]/div[5]/div/div/div[2]/div/div/div[1]/div[1]/input")): null

2019-04-26 12:55:37 - [TEST_STEP][PASSED] - Statement - search_text.sendKeys("test"): null

2019-04-26 12:55:37 - [TEST_STEP][PASSED] - delay: Delayed 5 second(s)

2019-04-26 12:55:42 - [MESSAGE][PASSED] - Delayed 5 second(s)

2019-04-26 12:55:42 - [TEST_STEP][PASSED] - Statement - rows_table = driver.findElements(org.openqa.selenium.By.xpath("//*[@id="content"]/div/div/div/div[2]/div[3]/div[5]/div/div/div[2]/div/div/div[2]/table/tbody/tr")): null

2019-04-26 12:55:42 - [TEST_STEP][PASSED] - Statement - rows_count = rows_table.size(): null

2019-04-26 12:55:42 - [TEST_STEP][PASSED] - verifyGreaterThanOrEqual: Actual number '10' is greater than or equal to expected number '1'

2019-04-26 12:55:42 - [MESSAGE][PASSED] - Actual number '10' is greater than or equal to expected number '1']]></system-out>
         <system-err><![CDATA[]]></system-err>
      </testcase>
      <testcase name="Test Cases/Operational_Dashboard/172" classname="Test Cases/Operational_Dashboard/172" status="PASSED">
         <system-out><![CDATA[2019-04-26 12:55:42 - [TEST_CASE][PASSED] - Test Cases/Operational_Dashboard/172: Test Cases/Operational_Dashboard/172

2019-04-26 12:55:42 - [TEST_STEP][PASSED] - callTestCase: Call Test Case 'Test Cases/Operational_Dashboard/167' successfully

2019-04-26 12:55:42 - [TEST_CASE][PASSED] - Test Cases/Operational_Dashboard/167: Test Cases/Operational_Dashboard/167

2019-04-26 12:55:42 - [TEST_STEP][PASSED] - callTestCase: Call Test Case 'Test Cases/Operational_Dashboard/Login' successfully

2019-04-26 12:55:42 - [TEST_CASE][PASSED] - Test Cases/Operational_Dashboard/Login: Test Cases/Operational_Dashboard/Login

2019-04-26 12:55:42 - [TEST_STEP][PASSED] - callTestCase: Call Test Case 'Test Cases/s-sidebar_navigation/individualAccount/operationalDashboard' successfully

2019-04-26 12:55:42 - [TEST_CASE][PASSED] - Test Cases/s-sidebar_navigation/individualAccount/operationalDashboard: Test Cases/s-sidebar_navigation/individualAccount/operationalDashboard

2019-04-26 12:55:42 - [TEST_STEP][PASSED] - click: Object: 'Object Repository/Page_KiboEngage  Subscribers/span_Subscribers' is clicked on

2019-04-26 12:55:43 - [MESSAGE][PASSED] - Object: 'Object Repository/Page_KiboEngage  Subscribers/span_Subscribers' is clicked on

2019-04-26 12:55:43 - [TEST_STEP][PASSED] - click: Object: 'Object Repository/Page_KiboEngage  Subscribers/span_Operational Dashboard (1)' is clicked on

2019-04-26 12:55:43 - [MESSAGE][PASSED] - Object: 'Object Repository/Page_KiboEngage  Subscribers/span_Operational Dashboard (1)' is clicked on

2019-04-26 12:55:43 - [TEST_STEP][PASSED] - scrollToPosition: Browser is scrolled to position x = 0, y = 0

2019-04-26 12:55:43 - [MESSAGE][PASSED] - Browser is scrolled to position x = 0, y = 0

2019-04-26 12:55:43 - [TEST_STEP][PASSED] - delay: Delayed 2 second(s)

2019-04-26 12:55:45 - [MESSAGE][PASSED] - Delayed 2 second(s)

2019-04-26 12:55:45 - [TEST_STEP][PASSED] - click: Object: 'Object Repository/Page_KiboEngage  Operational Dashbo/h3_Pages Info (7)' is clicked on

2019-04-26 12:55:45 - [MESSAGE][PASSED] - Object: 'Object Repository/Page_KiboEngage  Operational Dashbo/h3_Pages Info (7)' is clicked on

2019-04-26 12:55:45 - [MESSAGE][PASSED] - Call Test Case 'Test Cases/s-sidebar_navigation/individualAccount/operationalDashboard' successfully

2019-04-26 12:55:45 - [MESSAGE][PASSED] - Call Test Case 'Test Cases/Operational_Dashboard/Login' successfully

2019-04-26 12:55:45 - [TEST_STEP][PASSED] - click: Object: 'Object Repository/Page_KiboEngage  Operational Dashbo/i_la la-angle-down' is clicked on

2019-04-26 12:55:45 - [MESSAGE][PASSED] - Object: 'Object Repository/Page_KiboEngage  Operational Dashbo/i_la la-angle-down' is clicked on

2019-04-26 12:55:45 - [TEST_STEP][PASSED] - delay: Delayed 5 second(s)

2019-04-26 12:55:50 - [MESSAGE][PASSED] - Delayed 5 second(s)

2019-04-26 12:55:50 - [TEST_STEP][PASSED] - Statement - driver = com.kms.katalon.core.webui.driver.DriverFactory.getWebDriver(): null

2019-04-26 12:55:50 - [TEST_STEP][PASSED] - Statement - rows_table = driver.findElements(org.openqa.selenium.By.xpath("//*[@id="content"]/div/div/div/div[2]/div[3]/div[5]/div/div/div[2]/div/div/div[2]/table/tbody/tr")): null

2019-04-26 12:55:50 - [TEST_STEP][PASSED] - Statement - rows_count = rows_table.size(): null

2019-04-26 12:55:50 - [TEST_STEP][PASSED] - verifyGreaterThanOrEqual: Actual number '10' is greater than or equal to expected number '1'

2019-04-26 12:55:50 - [MESSAGE][PASSED] - Actual number '10' is greater than or equal to expected number '1'

2019-04-26 12:55:50 - [MESSAGE][PASSED] - Call Test Case 'Test Cases/Operational_Dashboard/167' successfully

2019-04-26 12:55:50 - [TEST_STEP][PASSED] - Statement - driver = com.kms.katalon.core.webui.driver.DriverFactory.getWebDriver(): null

2019-04-26 12:55:50 - [TEST_STEP][PASSED] - Statement - search_text = driver.findElement(org.openqa.selenium.By.xpath("//*[@id="example-text-input"]")): null

2019-04-26 12:55:50 - [TEST_STEP][PASSED] - Statement - search_text.clear(): null

2019-04-26 12:55:50 - [TEST_STEP][PASSED] - Statement - search_text.sendKeys("3"): null

2019-04-26 12:55:51 - [TEST_STEP][PASSED] - delay: Delayed 5 second(s)

2019-04-26 12:55:56 - [MESSAGE][PASSED] - Delayed 5 second(s)

2019-04-26 12:55:56 - [TEST_STEP][PASSED] - Statement - rows_table = driver.findElements(org.openqa.selenium.By.xpath("//*[@id="content"]/div/div/div/div[2]/div[3]/div[5]/div/div/div[2]/div/div/div[2]/table/tbody/tr")): null

2019-04-26 12:55:56 - [TEST_STEP][PASSED] - Statement - rows_count = rows_table.size(): null

2019-04-26 12:55:56 - [TEST_STEP][PASSED] - verifyGreaterThanOrEqual: Actual number '10' is greater than or equal to expected number '1'

2019-04-26 12:55:56 - [MESSAGE][PASSED] - Actual number '10' is greater than or equal to expected number '1']]></system-out>
         <system-err><![CDATA[]]></system-err>
      </testcase>
      <testcase name="Test Cases/Operational_Dashboard/173" classname="Test Cases/Operational_Dashboard/173" status="PASSED">
         <system-out><![CDATA[2019-04-26 12:55:56 - [TEST_CASE][PASSED] - Test Cases/Operational_Dashboard/173: Test Cases/Operational_Dashboard/173

2019-04-26 12:55:56 - [TEST_STEP][PASSED] - callTestCase: Call Test Case 'Test Cases/Operational_Dashboard/167' successfully

2019-04-26 12:55:56 - [TEST_CASE][PASSED] - Test Cases/Operational_Dashboard/167: Test Cases/Operational_Dashboard/167

2019-04-26 12:55:56 - [TEST_STEP][PASSED] - callTestCase: Call Test Case 'Test Cases/Operational_Dashboard/Login' successfully

2019-04-26 12:55:56 - [TEST_CASE][PASSED] - Test Cases/Operational_Dashboard/Login: Test Cases/Operational_Dashboard/Login

2019-04-26 12:55:56 - [TEST_STEP][PASSED] - callTestCase: Call Test Case 'Test Cases/s-sidebar_navigation/individualAccount/operationalDashboard' successfully

2019-04-26 12:55:56 - [TEST_CASE][PASSED] - Test Cases/s-sidebar_navigation/individualAccount/operationalDashboard: Test Cases/s-sidebar_navigation/individualAccount/operationalDashboard

2019-04-26 12:55:56 - [TEST_STEP][PASSED] - click: Object: 'Object Repository/Page_KiboEngage  Subscribers/span_Subscribers' is clicked on

2019-04-26 12:55:56 - [MESSAGE][PASSED] - Object: 'Object Repository/Page_KiboEngage  Subscribers/span_Subscribers' is clicked on

2019-04-26 12:55:56 - [TEST_STEP][PASSED] - click: Object: 'Object Repository/Page_KiboEngage  Subscribers/span_Operational Dashboard (1)' is clicked on

2019-04-26 12:55:57 - [MESSAGE][PASSED] - Object: 'Object Repository/Page_KiboEngage  Subscribers/span_Operational Dashboard (1)' is clicked on

2019-04-26 12:55:57 - [TEST_STEP][PASSED] - scrollToPosition: Browser is scrolled to position x = 0, y = 0

2019-04-26 12:55:57 - [MESSAGE][PASSED] - Browser is scrolled to position x = 0, y = 0

2019-04-26 12:55:57 - [TEST_STEP][PASSED] - delay: Delayed 2 second(s)

2019-04-26 12:55:59 - [MESSAGE][PASSED] - Delayed 2 second(s)

2019-04-26 12:55:59 - [TEST_STEP][PASSED] - click: Object: 'Object Repository/Page_KiboEngage  Operational Dashbo/h3_Pages Info (7)' is clicked on

2019-04-26 12:55:59 - [MESSAGE][PASSED] - Object: 'Object Repository/Page_KiboEngage  Operational Dashbo/h3_Pages Info (7)' is clicked on

2019-04-26 12:55:59 - [MESSAGE][PASSED] - Call Test Case 'Test Cases/s-sidebar_navigation/individualAccount/operationalDashboard' successfully

2019-04-26 12:55:59 - [MESSAGE][PASSED] - Call Test Case 'Test Cases/Operational_Dashboard/Login' successfully

2019-04-26 12:55:59 - [TEST_STEP][PASSED] - click: Object: 'Object Repository/Page_KiboEngage  Operational Dashbo/i_la la-angle-down' is clicked on

2019-04-26 12:56:00 - [MESSAGE][PASSED] - Object: 'Object Repository/Page_KiboEngage  Operational Dashbo/i_la la-angle-down' is clicked on

2019-04-26 12:56:00 - [TEST_STEP][PASSED] - delay: Delayed 5 second(s)

2019-04-26 12:56:05 - [MESSAGE][PASSED] - Delayed 5 second(s)

2019-04-26 12:56:05 - [TEST_STEP][PASSED] - Statement - driver = com.kms.katalon.core.webui.driver.DriverFactory.getWebDriver(): null

2019-04-26 12:56:05 - [TEST_STEP][PASSED] - Statement - rows_table = driver.findElements(org.openqa.selenium.By.xpath("//*[@id="content"]/div/div/div/div[2]/div[3]/div[5]/div/div/div[2]/div/div/div[2]/table/tbody/tr")): null

2019-04-26 12:56:05 - [TEST_STEP][PASSED] - Statement - rows_count = rows_table.size(): null

2019-04-26 12:56:05 - [TEST_STEP][PASSED] - verifyGreaterThanOrEqual: Actual number '10' is greater than or equal to expected number '1'

2019-04-26 12:56:05 - [MESSAGE][PASSED] - Actual number '10' is greater than or equal to expected number '1'

2019-04-26 12:56:05 - [MESSAGE][PASSED] - Call Test Case 'Test Cases/Operational_Dashboard/167' successfully

2019-04-26 12:56:05 - [TEST_STEP][PASSED] - Statement - driver = com.kms.katalon.core.webui.driver.DriverFactory.getWebDriver(): null

2019-04-26 12:56:05 - [TEST_STEP][PASSED] - Statement - search_text = driver.findElement(org.openqa.selenium.By.xpath("//*[@id="content"]/div/div/div/div[2]/div[3]/div[5]/div/div/div[2]/div/div/div[1]/div[1]/input")): null

2019-04-26 12:56:05 - [TEST_STEP][PASSED] - Statement - search_text.sendKeys("titlex"): null

2019-04-26 12:56:05 - [TEST_STEP][PASSED] - delay: Delayed 5 second(s)

2019-04-26 12:56:10 - [MESSAGE][PASSED] - Delayed 5 second(s)

2019-04-26 12:56:10 - [TEST_STEP][PASSED] - Statement - search = driver.findElement(org.openqa.selenium.By.xpath("//*[@id="example-text-input"]")): null

2019-04-26 12:56:10 - [TEST_STEP][PASSED] - Statement - search.clear(): null

2019-04-26 12:56:10 - [TEST_STEP][PASSED] - Statement - search.sendKeys("10"): null

2019-04-26 12:56:10 - [TEST_STEP][PASSED] - delay: Delayed 5 second(s)

2019-04-26 12:56:15 - [MESSAGE][PASSED] - Delayed 5 second(s)

2019-04-26 12:56:15 - [TEST_STEP][PASSED] - Statement - rows_table = driver.findElements(org.openqa.selenium.By.xpath("//*[@id="content"]/div/div/div/div[2]/div[3]/div[5]/div/div/div[2]/div/div/div[2]/table/tbody/tr")): null

2019-04-26 12:56:15 - [TEST_STEP][PASSED] - Statement - rows_count = rows_table.size(): null

2019-04-26 12:56:15 - [TEST_STEP][PASSED] - verifyGreaterThanOrEqual: Actual number '2' is greater than or equal to expected number '1'

2019-04-26 12:56:15 - [MESSAGE][PASSED] - Actual number '2' is greater than or equal to expected number '1']]></system-out>
         <system-err><![CDATA[]]></system-err>
      </testcase>
      <testcase name="Test Cases/Operational_Dashboard/174" classname="Test Cases/Operational_Dashboard/174" status="PASSED">
         <system-out><![CDATA[2019-04-26 12:56:15 - [TEST_CASE][PASSED] - Test Cases/Operational_Dashboard/174: Test Cases/Operational_Dashboard/174

2019-04-26 12:56:15 - [TEST_STEP][PASSED] - callTestCase: Call Test Case 'Test Cases/Operational_Dashboard/167' successfully

2019-04-26 12:56:15 - [TEST_CASE][PASSED] - Test Cases/Operational_Dashboard/167: Test Cases/Operational_Dashboard/167

2019-04-26 12:56:15 - [TEST_STEP][PASSED] - callTestCase: Call Test Case 'Test Cases/Operational_Dashboard/Login' successfully

2019-04-26 12:56:16 - [TEST_CASE][PASSED] - Test Cases/Operational_Dashboard/Login: Test Cases/Operational_Dashboard/Login

2019-04-26 12:56:16 - [TEST_STEP][PASSED] - callTestCase: Call Test Case 'Test Cases/s-sidebar_navigation/individualAccount/operationalDashboard' successfully

2019-04-26 12:56:16 - [TEST_CASE][PASSED] - Test Cases/s-sidebar_navigation/individualAccount/operationalDashboard: Test Cases/s-sidebar_navigation/individualAccount/operationalDashboard

2019-04-26 12:56:16 - [TEST_STEP][PASSED] - click: Object: 'Object Repository/Page_KiboEngage  Subscribers/span_Subscribers' is clicked on

2019-04-26 12:56:16 - [MESSAGE][PASSED] - Object: 'Object Repository/Page_KiboEngage  Subscribers/span_Subscribers' is clicked on

2019-04-26 12:56:16 - [TEST_STEP][PASSED] - click: Object: 'Object Repository/Page_KiboEngage  Subscribers/span_Operational Dashboard (1)' is clicked on

2019-04-26 12:56:16 - [MESSAGE][PASSED] - Object: 'Object Repository/Page_KiboEngage  Subscribers/span_Operational Dashboard (1)' is clicked on

2019-04-26 12:56:16 - [TEST_STEP][PASSED] - scrollToPosition: Browser is scrolled to position x = 0, y = 0

2019-04-26 12:56:16 - [MESSAGE][PASSED] - Browser is scrolled to position x = 0, y = 0

2019-04-26 12:56:16 - [TEST_STEP][PASSED] - delay: Delayed 2 second(s)

2019-04-26 12:56:18 - [MESSAGE][PASSED] - Delayed 2 second(s)

2019-04-26 12:56:18 - [TEST_STEP][PASSED] - click: Object: 'Object Repository/Page_KiboEngage  Operational Dashbo/h3_Pages Info (7)' is clicked on

2019-04-26 12:56:18 - [MESSAGE][PASSED] - Object: 'Object Repository/Page_KiboEngage  Operational Dashbo/h3_Pages Info (7)' is clicked on

2019-04-26 12:56:18 - [MESSAGE][PASSED] - Call Test Case 'Test Cases/s-sidebar_navigation/individualAccount/operationalDashboard' successfully

2019-04-26 12:56:18 - [MESSAGE][PASSED] - Call Test Case 'Test Cases/Operational_Dashboard/Login' successfully

2019-04-26 12:56:18 - [TEST_STEP][PASSED] - click: Object: 'Object Repository/Page_KiboEngage  Operational Dashbo/i_la la-angle-down' is clicked on

2019-04-26 12:56:19 - [MESSAGE][PASSED] - Object: 'Object Repository/Page_KiboEngage  Operational Dashbo/i_la la-angle-down' is clicked on

2019-04-26 12:56:19 - [TEST_STEP][PASSED] - delay: Delayed 5 second(s)

2019-04-26 12:56:24 - [MESSAGE][PASSED] - Delayed 5 second(s)

2019-04-26 12:56:24 - [TEST_STEP][PASSED] - Statement - driver = com.kms.katalon.core.webui.driver.DriverFactory.getWebDriver(): null

2019-04-26 12:56:24 - [TEST_STEP][PASSED] - Statement - rows_table = driver.findElements(org.openqa.selenium.By.xpath("//*[@id="content"]/div/div/div/div[2]/div[3]/div[5]/div/div/div[2]/div/div/div[2]/table/tbody/tr")): null

2019-04-26 12:56:24 - [TEST_STEP][PASSED] - Statement - rows_count = rows_table.size(): null

2019-04-26 12:56:24 - [TEST_STEP][PASSED] - verifyGreaterThanOrEqual: Actual number '10' is greater than or equal to expected number '1'

2019-04-26 12:56:24 - [MESSAGE][PASSED] - Actual number '10' is greater than or equal to expected number '1'

2019-04-26 12:56:24 - [MESSAGE][PASSED] - Call Test Case 'Test Cases/Operational_Dashboard/167' successfully

2019-04-26 12:56:24 - [TEST_STEP][PASSED] - click: Object: 'Object Repository/Page_KiboEngage  Operational Dashbo/button_View' is clicked on

2019-04-26 12:56:24 - [MESSAGE][PASSED] - Object: 'Object Repository/Page_KiboEngage  Operational Dashbo/button_View' is clicked on

2019-04-26 12:56:24 - [TEST_STEP][PASSED] - delay: Delayed 5 second(s)

2019-04-26 12:56:29 - [MESSAGE][PASSED] - Delayed 5 second(s)

2019-04-26 12:56:29 - [TEST_STEP][PASSED] - verifyTextPresent: Text 'Typically replies instantly' is present on page 

2019-04-26 12:56:29 - [MESSAGE][PASSED] - Text 'Typically replies instantly' is present on page]]></system-out>
         <system-err><![CDATA[]]></system-err>
      </testcase>
      <testcase name="Test Cases/Operational_Dashboard/175" classname="Test Cases/Operational_Dashboard/175" status="PASSED">
         <system-out><![CDATA[2019-04-26 12:56:29 - [TEST_CASE][PASSED] - Test Cases/Operational_Dashboard/175: Test Cases/Operational_Dashboard/175

2019-04-26 12:56:29 - [TEST_STEP][PASSED] - callTestCase: Call Test Case 'Test Cases/Operational_Dashboard/167' successfully

2019-04-26 12:56:29 - [TEST_CASE][PASSED] - Test Cases/Operational_Dashboard/167: Test Cases/Operational_Dashboard/167

2019-04-26 12:56:29 - [TEST_STEP][PASSED] - callTestCase: Call Test Case 'Test Cases/Operational_Dashboard/Login' successfully

2019-04-26 12:56:29 - [TEST_CASE][PASSED] - Test Cases/Operational_Dashboard/Login: Test Cases/Operational_Dashboard/Login

2019-04-26 12:56:29 - [TEST_STEP][PASSED] - callTestCase: Call Test Case 'Test Cases/s-sidebar_navigation/individualAccount/operationalDashboard' successfully

2019-04-26 12:56:29 - [TEST_CASE][PASSED] - Test Cases/s-sidebar_navigation/individualAccount/operationalDashboard: Test Cases/s-sidebar_navigation/individualAccount/operationalDashboard

2019-04-26 12:56:29 - [TEST_STEP][PASSED] - click: Object: 'Object Repository/Page_KiboEngage  Subscribers/span_Subscribers' is clicked on

2019-04-26 12:56:29 - [MESSAGE][PASSED] - Object: 'Object Repository/Page_KiboEngage  Subscribers/span_Subscribers' is clicked on

2019-04-26 12:56:29 - [TEST_STEP][PASSED] - click: Object: 'Object Repository/Page_KiboEngage  Subscribers/span_Operational Dashboard (1)' is clicked on

2019-04-26 12:56:30 - [MESSAGE][PASSED] - Object: 'Object Repository/Page_KiboEngage  Subscribers/span_Operational Dashboard (1)' is clicked on

2019-04-26 12:56:30 - [TEST_STEP][PASSED] - scrollToPosition: Browser is scrolled to position x = 0, y = 0

2019-04-26 12:56:30 - [MESSAGE][PASSED] - Browser is scrolled to position x = 0, y = 0

2019-04-26 12:56:30 - [TEST_STEP][PASSED] - delay: Delayed 2 second(s)

2019-04-26 12:56:32 - [MESSAGE][PASSED] - Delayed 2 second(s)

2019-04-26 12:56:32 - [TEST_STEP][PASSED] - click: Object: 'Object Repository/Page_KiboEngage  Operational Dashbo/h3_Pages Info (7)' is clicked on

2019-04-26 12:56:32 - [MESSAGE][PASSED] - Object: 'Object Repository/Page_KiboEngage  Operational Dashbo/h3_Pages Info (7)' is clicked on

2019-04-26 12:56:32 - [MESSAGE][PASSED] - Call Test Case 'Test Cases/s-sidebar_navigation/individualAccount/operationalDashboard' successfully

2019-04-26 12:56:32 - [MESSAGE][PASSED] - Call Test Case 'Test Cases/Operational_Dashboard/Login' successfully

2019-04-26 12:56:32 - [TEST_STEP][PASSED] - click: Object: 'Object Repository/Page_KiboEngage  Operational Dashbo/i_la la-angle-down' is clicked on

2019-04-26 12:56:32 - [MESSAGE][PASSED] - Object: 'Object Repository/Page_KiboEngage  Operational Dashbo/i_la la-angle-down' is clicked on

2019-04-26 12:56:32 - [TEST_STEP][PASSED] - delay: Delayed 5 second(s)

2019-04-26 12:56:37 - [MESSAGE][PASSED] - Delayed 5 second(s)

2019-04-26 12:56:37 - [TEST_STEP][PASSED] - Statement - driver = com.kms.katalon.core.webui.driver.DriverFactory.getWebDriver(): null

2019-04-26 12:56:37 - [TEST_STEP][PASSED] - Statement - rows_table = driver.findElements(org.openqa.selenium.By.xpath("//*[@id="content"]/div/div/div/div[2]/div[3]/div[5]/div/div/div[2]/div/div/div[2]/table/tbody/tr")): null

2019-04-26 12:56:37 - [TEST_STEP][PASSED] - Statement - rows_count = rows_table.size(): null

2019-04-26 12:56:37 - [TEST_STEP][PASSED] - verifyGreaterThanOrEqual: Actual number '10' is greater than or equal to expected number '1'

2019-04-26 12:56:37 - [MESSAGE][PASSED] - Actual number '10' is greater than or equal to expected number '1'

2019-04-26 12:56:37 - [MESSAGE][PASSED] - Call Test Case 'Test Cases/Operational_Dashboard/167' successfully

2019-04-26 12:56:37 - [TEST_STEP][PASSED] - click: Object: 'Object Repository/Page_KiboEngage  Operational Dashbo/button_View (1)' is clicked on

2019-04-26 12:56:38 - [MESSAGE][PASSED] - Object: 'Object Repository/Page_KiboEngage  Operational Dashbo/button_View (1)' is clicked on

2019-04-26 12:56:38 - [TEST_STEP][PASSED] - delay: Delayed 2 second(s)

2019-04-26 12:56:40 - [MESSAGE][PASSED] - Delayed 2 second(s)

2019-04-26 12:56:40 - [TEST_STEP][PASSED] - scrollToPosition: Browser is scrolled to position x = 0, y = 0

2019-04-26 12:56:40 - [MESSAGE][PASSED] - Browser is scrolled to position x = 0, y = 0

2019-04-26 12:56:40 - [TEST_STEP][PASSED] - click: Object: 'Object Repository/Page_KiboEngage  Operational Dashbo/a_Back' is clicked on

2019-04-26 12:56:40 - [MESSAGE][PASSED] - Object: 'Object Repository/Page_KiboEngage  Operational Dashbo/a_Back' is clicked on

2019-04-26 12:56:40 - [TEST_STEP][PASSED] - scrollToPosition: Browser is scrolled to position x = 0, y = 0

2019-04-26 12:56:40 - [MESSAGE][PASSED] - Browser is scrolled to position x = 0, y = 0

2019-04-26 12:56:40 - [TEST_STEP][PASSED] - click: Object: 'Object Repository/Page_KiboEngage  Operational Dashbo/h3_Pages Info (3)' is clicked on

2019-04-26 12:56:40 - [MESSAGE][PASSED] - Object: 'Object Repository/Page_KiboEngage  Operational Dashbo/h3_Pages Info (3)' is clicked on]]></system-out>
         <system-err><![CDATA[]]></system-err>
      </testcase>
      <testcase name="Test Cases/Operational_Dashboard/176" classname="Test Cases/Operational_Dashboard/176" status="PASSED">
         <system-out><![CDATA[2019-04-26 12:56:40 - [TEST_CASE][PASSED] - Test Cases/Operational_Dashboard/176: Test Cases/Operational_Dashboard/176

2019-04-26 12:56:40 - [TEST_STEP][PASSED] - callTestCase: Call Test Case 'Test Cases/Operational_Dashboard/167' successfully

2019-04-26 12:56:41 - [TEST_CASE][PASSED] - Test Cases/Operational_Dashboard/167: Test Cases/Operational_Dashboard/167

2019-04-26 12:56:41 - [TEST_STEP][PASSED] - callTestCase: Call Test Case 'Test Cases/Operational_Dashboard/Login' successfully

2019-04-26 12:56:41 - [TEST_CASE][PASSED] - Test Cases/Operational_Dashboard/Login: Test Cases/Operational_Dashboard/Login

2019-04-26 12:56:41 - [TEST_STEP][PASSED] - callTestCase: Call Test Case 'Test Cases/s-sidebar_navigation/individualAccount/operationalDashboard' successfully

2019-04-26 12:56:41 - [TEST_CASE][PASSED] - Test Cases/s-sidebar_navigation/individualAccount/operationalDashboard: Test Cases/s-sidebar_navigation/individualAccount/operationalDashboard

2019-04-26 12:56:41 - [TEST_STEP][PASSED] - click: Object: 'Object Repository/Page_KiboEngage  Subscribers/span_Subscribers' is clicked on

2019-04-26 12:56:41 - [MESSAGE][PASSED] - Object: 'Object Repository/Page_KiboEngage  Subscribers/span_Subscribers' is clicked on

2019-04-26 12:56:41 - [TEST_STEP][PASSED] - click: Object: 'Object Repository/Page_KiboEngage  Subscribers/span_Operational Dashboard (1)' is clicked on

2019-04-26 12:56:41 - [MESSAGE][PASSED] - Object: 'Object Repository/Page_KiboEngage  Subscribers/span_Operational Dashboard (1)' is clicked on

2019-04-26 12:56:41 - [TEST_STEP][PASSED] - scrollToPosition: Browser is scrolled to position x = 0, y = 0

2019-04-26 12:56:42 - [MESSAGE][PASSED] - Browser is scrolled to position x = 0, y = 0

2019-04-26 12:56:42 - [TEST_STEP][PASSED] - delay: Delayed 2 second(s)

2019-04-26 12:56:44 - [MESSAGE][PASSED] - Delayed 2 second(s)

2019-04-26 12:56:44 - [TEST_STEP][PASSED] - click: Object: 'Object Repository/Page_KiboEngage  Operational Dashbo/h3_Pages Info (7)' is clicked on

2019-04-26 12:56:44 - [MESSAGE][PASSED] - Object: 'Object Repository/Page_KiboEngage  Operational Dashbo/h3_Pages Info (7)' is clicked on

2019-04-26 12:56:44 - [MESSAGE][PASSED] - Call Test Case 'Test Cases/s-sidebar_navigation/individualAccount/operationalDashboard' successfully

2019-04-26 12:56:44 - [MESSAGE][PASSED] - Call Test Case 'Test Cases/Operational_Dashboard/Login' successfully

2019-04-26 12:56:44 - [TEST_STEP][PASSED] - click: Object: 'Object Repository/Page_KiboEngage  Operational Dashbo/i_la la-angle-down' is clicked on

2019-04-26 12:56:44 - [MESSAGE][PASSED] - Object: 'Object Repository/Page_KiboEngage  Operational Dashbo/i_la la-angle-down' is clicked on

2019-04-26 12:56:44 - [TEST_STEP][PASSED] - delay: Delayed 5 second(s)

2019-04-26 12:56:49 - [MESSAGE][PASSED] - Delayed 5 second(s)

2019-04-26 12:56:49 - [TEST_STEP][PASSED] - Statement - driver = com.kms.katalon.core.webui.driver.DriverFactory.getWebDriver(): null

2019-04-26 12:56:49 - [TEST_STEP][PASSED] - Statement - rows_table = driver.findElements(org.openqa.selenium.By.xpath("//*[@id="content"]/div/div/div/div[2]/div[3]/div[5]/div/div/div[2]/div/div/div[2]/table/tbody/tr")): null

2019-04-26 12:56:49 - [TEST_STEP][PASSED] - Statement - rows_count = rows_table.size(): null

2019-04-26 12:56:49 - [TEST_STEP][PASSED] - verifyGreaterThanOrEqual: Actual number '10' is greater than or equal to expected number '1'

2019-04-26 12:56:49 - [MESSAGE][PASSED] - Actual number '10' is greater than or equal to expected number '1'

2019-04-26 12:56:49 - [MESSAGE][PASSED] - Call Test Case 'Test Cases/Operational_Dashboard/167' successfully

2019-04-26 12:56:49 - [TEST_STEP][PASSED] - click: Object: 'Object Repository/Page_KiboEngage  Operational Dashbo/i_la la-angle-up' is clicked on

2019-04-26 12:56:49 - [MESSAGE][PASSED] - Object: 'Object Repository/Page_KiboEngage  Operational Dashbo/i_la la-angle-up' is clicked on

2019-04-26 12:56:49 - [TEST_STEP][PASSED] - delay: Delayed 5 second(s)

2019-04-26 12:56:54 - [MESSAGE][PASSED] - Delayed 5 second(s)

2019-04-26 12:56:54 - [TEST_STEP][PASSED] - verifyTextNotPresent: Text 'Broadcast Title' is not present on page

2019-04-26 12:56:55 - [MESSAGE][PASSED] - Text 'Broadcast Title' is not present on page]]></system-out>
         <system-err><![CDATA[]]></system-err>
      </testcase>
      <testcase name="Test Cases/Operational_Dashboard/177" classname="Test Cases/Operational_Dashboard/177" status="PASSED">
         <system-out><![CDATA[2019-04-26 12:56:55 - [TEST_CASE][PASSED] - Test Cases/Operational_Dashboard/177: Test Cases/Operational_Dashboard/177

2019-04-26 12:56:55 - [TEST_STEP][PASSED] - callTestCase: Call Test Case 'Test Cases/Operational_Dashboard/Login' successfully

2019-04-26 12:56:55 - [TEST_CASE][PASSED] - Test Cases/Operational_Dashboard/Login: Test Cases/Operational_Dashboard/Login

2019-04-26 12:56:55 - [TEST_STEP][PASSED] - callTestCase: Call Test Case 'Test Cases/s-sidebar_navigation/individualAccount/operationalDashboard' successfully

2019-04-26 12:56:55 - [TEST_CASE][PASSED] - Test Cases/s-sidebar_navigation/individualAccount/operationalDashboard: Test Cases/s-sidebar_navigation/individualAccount/operationalDashboard

2019-04-26 12:56:55 - [TEST_STEP][PASSED] - click: Object: 'Object Repository/Page_KiboEngage  Subscribers/span_Subscribers' is clicked on

2019-04-26 12:56:55 - [MESSAGE][PASSED] - Object: 'Object Repository/Page_KiboEngage  Subscribers/span_Subscribers' is clicked on

2019-04-26 12:56:55 - [TEST_STEP][PASSED] - click: Object: 'Object Repository/Page_KiboEngage  Subscribers/span_Operational Dashboard (1)' is clicked on

2019-04-26 12:56:56 - [MESSAGE][PASSED] - Object: 'Object Repository/Page_KiboEngage  Subscribers/span_Operational Dashboard (1)' is clicked on

2019-04-26 12:56:56 - [TEST_STEP][PASSED] - scrollToPosition: Browser is scrolled to position x = 0, y = 0

2019-04-26 12:56:56 - [MESSAGE][PASSED] - Browser is scrolled to position x = 0, y = 0

2019-04-26 12:56:56 - [TEST_STEP][PASSED] - delay: Delayed 2 second(s)

2019-04-26 12:56:58 - [MESSAGE][PASSED] - Delayed 2 second(s)

2019-04-26 12:56:58 - [TEST_STEP][PASSED] - click: Object: 'Object Repository/Page_KiboEngage  Operational Dashbo/h3_Pages Info (7)' is clicked on

2019-04-26 12:56:58 - [MESSAGE][PASSED] - Object: 'Object Repository/Page_KiboEngage  Operational Dashbo/h3_Pages Info (7)' is clicked on

2019-04-26 12:56:58 - [MESSAGE][PASSED] - Call Test Case 'Test Cases/s-sidebar_navigation/individualAccount/operationalDashboard' successfully

2019-04-26 12:56:58 - [MESSAGE][PASSED] - Call Test Case 'Test Cases/Operational_Dashboard/Login' successfully

2019-04-26 12:56:58 - [TEST_STEP][PASSED] - Statement - driver = com.kms.katalon.core.webui.driver.DriverFactory.getWebDriver(): null

2019-04-26 12:56:58 - [TEST_STEP][PASSED] - Statement - popup_survey = driver.findElement(org.openqa.selenium.By.xpath("//*[@id="content"]/div/div/div/div[2]/div[3]/div[6]/div/div/div/div[2]/ul/li[3]")): null

2019-04-26 12:56:58 - [TEST_STEP][PASSED] - Statement - popup_survey.click(): null

2019-04-26 12:56:58 - [TEST_STEP][PASSED] - delay: Delayed 5 second(s)

2019-04-26 12:57:03 - [MESSAGE][PASSED] - Delayed 5 second(s)

2019-04-26 12:57:03 - [TEST_STEP][PASSED] - Statement - rows_table = driver.findElements(org.openqa.selenium.By.xpath("//*[@id="content"]/div/div/div/div[2]/div[3]/div[6]/div/div/div[2]/div/div/div[2]/table/tbody/tr")): null

2019-04-26 12:57:03 - [TEST_STEP][PASSED] - Statement - rows_count = rows_table.size(): null

2019-04-26 12:57:03 - [TEST_STEP][PASSED] - verifyGreaterThanOrEqual: Actual number '10' is greater than or equal to expected number '1'

2019-04-26 12:57:03 - [MESSAGE][PASSED] - Actual number '10' is greater than or equal to expected number '1']]></system-out>
         <system-err><![CDATA[]]></system-err>
      </testcase>
      <testcase name="Test Cases/Operational_Dashboard/178" classname="Test Cases/Operational_Dashboard/178" status="PASSED">
         <system-out><![CDATA[2019-04-26 12:57:03 - [TEST_CASE][PASSED] - Test Cases/Operational_Dashboard/178: Test Cases/Operational_Dashboard/178

2019-04-26 12:57:03 - [TEST_STEP][PASSED] - callTestCase: Call Test Case 'Test Cases/Operational_Dashboard/177' successfully

2019-04-26 12:57:03 - [TEST_CASE][PASSED] - Test Cases/Operational_Dashboard/177: Test Cases/Operational_Dashboard/177

2019-04-26 12:57:03 - [TEST_STEP][PASSED] - callTestCase: Call Test Case 'Test Cases/Operational_Dashboard/Login' successfully

2019-04-26 12:57:04 - [TEST_CASE][PASSED] - Test Cases/Operational_Dashboard/Login: Test Cases/Operational_Dashboard/Login

2019-04-26 12:57:04 - [TEST_STEP][PASSED] - callTestCase: Call Test Case 'Test Cases/s-sidebar_navigation/individualAccount/operationalDashboard' successfully

2019-04-26 12:57:04 - [TEST_CASE][PASSED] - Test Cases/s-sidebar_navigation/individualAccount/operationalDashboard: Test Cases/s-sidebar_navigation/individualAccount/operationalDashboard

2019-04-26 12:57:04 - [TEST_STEP][PASSED] - click: Object: 'Object Repository/Page_KiboEngage  Subscribers/span_Subscribers' is clicked on

2019-04-26 12:57:04 - [MESSAGE][PASSED] - Object: 'Object Repository/Page_KiboEngage  Subscribers/span_Subscribers' is clicked on

2019-04-26 12:57:04 - [TEST_STEP][PASSED] - click: Object: 'Object Repository/Page_KiboEngage  Subscribers/span_Operational Dashboard (1)' is clicked on

2019-04-26 12:57:04 - [MESSAGE][PASSED] - Object: 'Object Repository/Page_KiboEngage  Subscribers/span_Operational Dashboard (1)' is clicked on

2019-04-26 12:57:04 - [TEST_STEP][PASSED] - scrollToPosition: Browser is scrolled to position x = 0, y = 0

2019-04-26 12:57:04 - [MESSAGE][PASSED] - Browser is scrolled to position x = 0, y = 0

2019-04-26 12:57:04 - [TEST_STEP][PASSED] - delay: Delayed 2 second(s)

2019-04-26 12:57:06 - [MESSAGE][PASSED] - Delayed 2 second(s)

2019-04-26 12:57:06 - [TEST_STEP][PASSED] - click: Object: 'Object Repository/Page_KiboEngage  Operational Dashbo/h3_Pages Info (7)' is clicked on

2019-04-26 12:57:07 - [MESSAGE][PASSED] - Object: 'Object Repository/Page_KiboEngage  Operational Dashbo/h3_Pages Info (7)' is clicked on

2019-04-26 12:57:07 - [MESSAGE][PASSED] - Call Test Case 'Test Cases/s-sidebar_navigation/individualAccount/operationalDashboard' successfully

2019-04-26 12:57:07 - [MESSAGE][PASSED] - Call Test Case 'Test Cases/Operational_Dashboard/Login' successfully

2019-04-26 12:57:07 - [TEST_STEP][PASSED] - Statement - driver = com.kms.katalon.core.webui.driver.DriverFactory.getWebDriver(): null

2019-04-26 12:57:07 - [TEST_STEP][PASSED] - Statement - popup_survey = driver.findElement(org.openqa.selenium.By.xpath("//*[@id="content"]/div/div/div/div[2]/div[3]/div[6]/div/div/div/div[2]/ul/li[3]")): null

2019-04-26 12:57:07 - [TEST_STEP][PASSED] - Statement - popup_survey.click(): null

2019-04-26 12:57:07 - [TEST_STEP][PASSED] - delay: Delayed 5 second(s)

2019-04-26 12:57:12 - [MESSAGE][PASSED] - Delayed 5 second(s)

2019-04-26 12:57:12 - [TEST_STEP][PASSED] - Statement - rows_table = driver.findElements(org.openqa.selenium.By.xpath("//*[@id="content"]/div/div/div/div[2]/div[3]/div[6]/div/div/div[2]/div/div/div[2]/table/tbody/tr")): null

2019-04-26 12:57:12 - [TEST_STEP][PASSED] - Statement - rows_count = rows_table.size(): null

2019-04-26 12:57:12 - [TEST_STEP][PASSED] - verifyGreaterThanOrEqual: Actual number '10' is greater than or equal to expected number '1'

2019-04-26 12:57:12 - [MESSAGE][PASSED] - Actual number '10' is greater than or equal to expected number '1'

2019-04-26 12:57:12 - [MESSAGE][PASSED] - Call Test Case 'Test Cases/Operational_Dashboard/177' successfully

2019-04-26 12:57:12 - [TEST_STEP][PASSED] - Statement - driver = com.kms.katalon.core.webui.driver.DriverFactory.getWebDriver(): null

2019-04-26 12:57:12 - [TEST_STEP][PASSED] - Statement - next = driver.findElement(org.openqa.selenium.By.xpath("//*[@id="content"]/div/div/div/div[2]/div[3]/div[6]/div/div/div[2]/div/div/div[2]/ul/li[4]/a")): null

2019-04-26 12:57:12 - [TEST_STEP][PASSED] - Statement - next.click(): null

2019-04-26 12:57:12 - [TEST_STEP][PASSED] - delay: Delayed 5 second(s)

2019-04-26 12:57:17 - [MESSAGE][PASSED] - Delayed 5 second(s)

2019-04-26 12:57:17 - [TEST_STEP][PASSED] - Statement - rows_table = driver.findElements(org.openqa.selenium.By.xpath("//*[@id="content"]/div/div/div/div[2]/div[3]/div[6]/div/div/div[2]/div/div/div[2]/table/tbody/tr")): null

2019-04-26 12:57:17 - [TEST_STEP][PASSED] - Statement - rows_count = rows_table.size(): null

2019-04-26 12:57:17 - [TEST_STEP][PASSED] - verifyGreaterThanOrEqual: Actual number '2' is greater than or equal to expected number '1'

2019-04-26 12:57:17 - [MESSAGE][PASSED] - Actual number '2' is greater than or equal to expected number '1']]></system-out>
         <system-err><![CDATA[]]></system-err>
      </testcase>
      <testcase name="Test Cases/Operational_Dashboard/179" classname="Test Cases/Operational_Dashboard/179" status="PASSED">
         <system-out><![CDATA[2019-04-26 12:57:17 - [TEST_CASE][PASSED] - Test Cases/Operational_Dashboard/179: Test Cases/Operational_Dashboard/179

2019-04-26 12:57:17 - [TEST_STEP][PASSED] - callTestCase: Call Test Case 'Test Cases/Operational_Dashboard/178' successfully

2019-04-26 12:57:17 - [TEST_CASE][PASSED] - Test Cases/Operational_Dashboard/178: Test Cases/Operational_Dashboard/178

2019-04-26 12:57:17 - [TEST_STEP][PASSED] - callTestCase: Call Test Case 'Test Cases/Operational_Dashboard/177' successfully

2019-04-26 12:57:17 - [TEST_CASE][PASSED] - Test Cases/Operational_Dashboard/177: Test Cases/Operational_Dashboard/177

2019-04-26 12:57:17 - [TEST_STEP][PASSED] - callTestCase: Call Test Case 'Test Cases/Operational_Dashboard/Login' successfully

2019-04-26 12:57:17 - [TEST_CASE][PASSED] - Test Cases/Operational_Dashboard/Login: Test Cases/Operational_Dashboard/Login

2019-04-26 12:57:17 - [TEST_STEP][PASSED] - callTestCase: Call Test Case 'Test Cases/s-sidebar_navigation/individualAccount/operationalDashboard' successfully

2019-04-26 12:57:17 - [TEST_CASE][PASSED] - Test Cases/s-sidebar_navigation/individualAccount/operationalDashboard: Test Cases/s-sidebar_navigation/individualAccount/operationalDashboard

2019-04-26 12:57:17 - [TEST_STEP][PASSED] - click: Object: 'Object Repository/Page_KiboEngage  Subscribers/span_Subscribers' is clicked on

2019-04-26 12:57:18 - [MESSAGE][PASSED] - Object: 'Object Repository/Page_KiboEngage  Subscribers/span_Subscribers' is clicked on

2019-04-26 12:57:18 - [TEST_STEP][PASSED] - click: Object: 'Object Repository/Page_KiboEngage  Subscribers/span_Operational Dashboard (1)' is clicked on

2019-04-26 12:57:18 - [MESSAGE][PASSED] - Object: 'Object Repository/Page_KiboEngage  Subscribers/span_Operational Dashboard (1)' is clicked on

2019-04-26 12:57:18 - [TEST_STEP][PASSED] - scrollToPosition: Browser is scrolled to position x = 0, y = 0

2019-04-26 12:57:18 - [MESSAGE][PASSED] - Browser is scrolled to position x = 0, y = 0

2019-04-26 12:57:18 - [TEST_STEP][PASSED] - delay: Delayed 2 second(s)

2019-04-26 12:57:20 - [MESSAGE][PASSED] - Delayed 2 second(s)

2019-04-26 12:57:20 - [TEST_STEP][PASSED] - click: Object: 'Object Repository/Page_KiboEngage  Operational Dashbo/h3_Pages Info (7)' is clicked on

2019-04-26 12:57:20 - [MESSAGE][PASSED] - Object: 'Object Repository/Page_KiboEngage  Operational Dashbo/h3_Pages Info (7)' is clicked on

2019-04-26 12:57:20 - [MESSAGE][PASSED] - Call Test Case 'Test Cases/s-sidebar_navigation/individualAccount/operationalDashboard' successfully

2019-04-26 12:57:20 - [MESSAGE][PASSED] - Call Test Case 'Test Cases/Operational_Dashboard/Login' successfully

2019-04-26 12:57:20 - [TEST_STEP][PASSED] - Statement - driver = com.kms.katalon.core.webui.driver.DriverFactory.getWebDriver(): null

2019-04-26 12:57:20 - [TEST_STEP][PASSED] - Statement - popup_survey = driver.findElement(org.openqa.selenium.By.xpath("//*[@id="content"]/div/div/div/div[2]/div[3]/div[6]/div/div/div/div[2]/ul/li[3]")): null

2019-04-26 12:57:20 - [TEST_STEP][PASSED] - Statement - popup_survey.click(): null

2019-04-26 12:57:20 - [TEST_STEP][PASSED] - delay: Delayed 5 second(s)

2019-04-26 12:57:25 - [MESSAGE][PASSED] - Delayed 5 second(s)

2019-04-26 12:57:25 - [TEST_STEP][PASSED] - Statement - rows_table = driver.findElements(org.openqa.selenium.By.xpath("//*[@id="content"]/div/div/div/div[2]/div[3]/div[6]/div/div/div[2]/div/div/div[2]/table/tbody/tr")): null

2019-04-26 12:57:25 - [TEST_STEP][PASSED] - Statement - rows_count = rows_table.size(): null

2019-04-26 12:57:25 - [TEST_STEP][PASSED] - verifyGreaterThanOrEqual: Actual number '10' is greater than or equal to expected number '1'

2019-04-26 12:57:25 - [MESSAGE][PASSED] - Actual number '10' is greater than or equal to expected number '1'

2019-04-26 12:57:25 - [MESSAGE][PASSED] - Call Test Case 'Test Cases/Operational_Dashboard/177' successfully

2019-04-26 12:57:25 - [TEST_STEP][PASSED] - Statement - driver = com.kms.katalon.core.webui.driver.DriverFactory.getWebDriver(): null

2019-04-26 12:57:25 - [TEST_STEP][PASSED] - Statement - next = driver.findElement(org.openqa.selenium.By.xpath("//*[@id="content"]/div/div/div/div[2]/div[3]/div[6]/div/div/div[2]/div/div/div[2]/ul/li[4]/a")): null

2019-04-26 12:57:25 - [TEST_STEP][PASSED] - Statement - next.click(): null

2019-04-26 12:57:26 - [TEST_STEP][PASSED] - delay: Delayed 5 second(s)

2019-04-26 12:57:31 - [MESSAGE][PASSED] - Delayed 5 second(s)

2019-04-26 12:57:31 - [TEST_STEP][PASSED] - Statement - rows_table = driver.findElements(org.openqa.selenium.By.xpath("//*[@id="content"]/div/div/div/div[2]/div[3]/div[6]/div/div/div[2]/div/div/div[2]/table/tbody/tr")): null

2019-04-26 12:57:31 - [TEST_STEP][PASSED] - Statement - rows_count = rows_table.size(): null

2019-04-26 12:57:31 - [TEST_STEP][PASSED] - verifyGreaterThanOrEqual: Actual number '2' is greater than or equal to expected number '1'

2019-04-26 12:57:31 - [MESSAGE][PASSED] - Actual number '2' is greater than or equal to expected number '1'

2019-04-26 12:57:31 - [MESSAGE][PASSED] - Call Test Case 'Test Cases/Operational_Dashboard/178' successfully

2019-04-26 12:57:31 - [TEST_STEP][PASSED] - Statement - driver = com.kms.katalon.core.webui.driver.DriverFactory.getWebDriver(): null

2019-04-26 12:57:31 - [TEST_STEP][PASSED] - Statement - PREVIOUS = driver.findElement(org.openqa.selenium.By.xpath("//*[@id="content"]/div/div/div/div[2]/div[3]/div[6]/div/div/div[2]/div/div/div[2]/ul/li[1]/a")): null

2019-04-26 12:57:31 - [TEST_STEP][PASSED] - Statement - PREVIOUS.click(): null

2019-04-26 12:57:31 - [TEST_STEP][PASSED] - delay: Delayed 5 second(s)

2019-04-26 12:57:36 - [MESSAGE][PASSED] - Delayed 5 second(s)

2019-04-26 12:57:36 - [TEST_STEP][PASSED] - Statement - rows_table = driver.findElements(org.openqa.selenium.By.xpath("//*[@id="content"]/div/div/div/div[2]/div[3]/div[6]/div/div/div[2]/div/div/div[2]/table/tbody/tr")): null

2019-04-26 12:57:36 - [TEST_STEP][PASSED] - Statement - rows_count = rows_table.size(): null

2019-04-26 12:57:36 - [TEST_STEP][PASSED] - verifyEqual: Actual object '10' and expected object '10' are equal

2019-04-26 12:57:36 - [MESSAGE][PASSED] - Actual object '10' and expected object '10' are equal]]></system-out>
         <system-err><![CDATA[]]></system-err>
      </testcase>
      <testcase name="Test Cases/Operational_Dashboard/180" classname="Test Cases/Operational_Dashboard/180" status="PASSED">
         <system-out><![CDATA[2019-04-26 12:57:36 - [TEST_CASE][PASSED] - Test Cases/Operational_Dashboard/180: Test Cases/Operational_Dashboard/180

2019-04-26 12:57:36 - [TEST_STEP][PASSED] - callTestCase: Call Test Case 'Test Cases/Operational_Dashboard/177' successfully

2019-04-26 12:57:36 - [TEST_CASE][PASSED] - Test Cases/Operational_Dashboard/177: Test Cases/Operational_Dashboard/177

2019-04-26 12:57:36 - [TEST_STEP][PASSED] - callTestCase: Call Test Case 'Test Cases/Operational_Dashboard/Login' successfully

2019-04-26 12:57:36 - [TEST_CASE][PASSED] - Test Cases/Operational_Dashboard/Login: Test Cases/Operational_Dashboard/Login

2019-04-26 12:57:36 - [TEST_STEP][PASSED] - callTestCase: Call Test Case 'Test Cases/s-sidebar_navigation/individualAccount/operationalDashboard' successfully

2019-04-26 12:57:36 - [TEST_CASE][PASSED] - Test Cases/s-sidebar_navigation/individualAccount/operationalDashboard: Test Cases/s-sidebar_navigation/individualAccount/operationalDashboard

2019-04-26 12:57:36 - [TEST_STEP][PASSED] - click: Object: 'Object Repository/Page_KiboEngage  Subscribers/span_Subscribers' is clicked on

2019-04-26 12:57:36 - [MESSAGE][PASSED] - Object: 'Object Repository/Page_KiboEngage  Subscribers/span_Subscribers' is clicked on

2019-04-26 12:57:36 - [TEST_STEP][PASSED] - click: Object: 'Object Repository/Page_KiboEngage  Subscribers/span_Operational Dashboard (1)' is clicked on

2019-04-26 12:57:37 - [MESSAGE][PASSED] - Object: 'Object Repository/Page_KiboEngage  Subscribers/span_Operational Dashboard (1)' is clicked on

2019-04-26 12:57:37 - [TEST_STEP][PASSED] - scrollToPosition: Browser is scrolled to position x = 0, y = 0

2019-04-26 12:57:37 - [MESSAGE][PASSED] - Browser is scrolled to position x = 0, y = 0

2019-04-26 12:57:37 - [TEST_STEP][PASSED] - delay: Delayed 2 second(s)

2019-04-26 12:57:39 - [MESSAGE][PASSED] - Delayed 2 second(s)

2019-04-26 12:57:39 - [TEST_STEP][PASSED] - click: Object: 'Object Repository/Page_KiboEngage  Operational Dashbo/h3_Pages Info (7)' is clicked on

2019-04-26 12:57:39 - [MESSAGE][PASSED] - Object: 'Object Repository/Page_KiboEngage  Operational Dashbo/h3_Pages Info (7)' is clicked on

2019-04-26 12:57:39 - [MESSAGE][PASSED] - Call Test Case 'Test Cases/s-sidebar_navigation/individualAccount/operationalDashboard' successfully

2019-04-26 12:57:39 - [MESSAGE][PASSED] - Call Test Case 'Test Cases/Operational_Dashboard/Login' successfully

2019-04-26 12:57:39 - [TEST_STEP][PASSED] - Statement - driver = com.kms.katalon.core.webui.driver.DriverFactory.getWebDriver(): null

2019-04-26 12:57:39 - [TEST_STEP][PASSED] - Statement - popup_survey = driver.findElement(org.openqa.selenium.By.xpath("//*[@id="content"]/div/div/div/div[2]/div[3]/div[6]/div/div/div/div[2]/ul/li[3]")): null

2019-04-26 12:57:39 - [TEST_STEP][PASSED] - Statement - popup_survey.click(): null

2019-04-26 12:57:39 - [TEST_STEP][PASSED] - delay: Delayed 5 second(s)

2019-04-26 12:57:44 - [MESSAGE][PASSED] - Delayed 5 second(s)

2019-04-26 12:57:44 - [TEST_STEP][PASSED] - Statement - rows_table = driver.findElements(org.openqa.selenium.By.xpath("//*[@id="content"]/div/div/div/div[2]/div[3]/div[6]/div/div/div[2]/div/div/div[2]/table/tbody/tr")): null

2019-04-26 12:57:44 - [TEST_STEP][PASSED] - Statement - rows_count = rows_table.size(): null

2019-04-26 12:57:44 - [TEST_STEP][PASSED] - verifyGreaterThanOrEqual: Actual number '10' is greater than or equal to expected number '1'

2019-04-26 12:57:44 - [MESSAGE][PASSED] - Actual number '10' is greater than or equal to expected number '1'

2019-04-26 12:57:44 - [MESSAGE][PASSED] - Call Test Case 'Test Cases/Operational_Dashboard/177' successfully

2019-04-26 12:57:44 - [TEST_STEP][PASSED] - Statement - driver = com.kms.katalon.core.webui.driver.DriverFactory.getWebDriver(): null

2019-04-26 12:57:44 - [TEST_STEP][PASSED] - Statement - next = driver.findElement(org.openqa.selenium.By.xpath("//*[@id="content"]/div/div/div/div[2]/div[3]/div[6]/div/div/div[2]/div/div/div[2]/ul/li[3]/a")): null

2019-04-26 12:57:44 - [TEST_STEP][PASSED] - Statement - next.click(): null

2019-04-26 12:57:45 - [TEST_STEP][PASSED] - delay: Delayed 5 second(s)

2019-04-26 12:57:50 - [MESSAGE][PASSED] - Delayed 5 second(s)

2019-04-26 12:57:50 - [TEST_STEP][PASSED] - Statement - rows_table = driver.findElements(org.openqa.selenium.By.xpath("//*[@id="content"]/div/div/div/div[2]/div[3]/div[6]/div/div/div[2]/div/div/div[2]/table/tbody/tr")): null

2019-04-26 12:57:50 - [TEST_STEP][PASSED] - Statement - rows_count = rows_table.size(): null

2019-04-26 12:57:50 - [TEST_STEP][PASSED] - verifyGreaterThanOrEqual: Actual number '10' is greater than or equal to expected number '1'

2019-04-26 12:57:50 - [MESSAGE][PASSED] - Actual number '10' is greater than or equal to expected number '1']]></system-out>
         <system-err><![CDATA[]]></system-err>
      </testcase>
      <testcase name="Test Cases/Operational_Dashboard/181" classname="Test Cases/Operational_Dashboard/181" status="PASSED">
         <system-out><![CDATA[2019-04-26 12:57:50 - [TEST_CASE][PASSED] - Test Cases/Operational_Dashboard/181: Test Cases/Operational_Dashboard/181

2019-04-26 12:57:50 - [TEST_STEP][PASSED] - callTestCase: Call Test Case 'Test Cases/Operational_Dashboard/177' successfully

2019-04-26 12:57:50 - [TEST_CASE][PASSED] - Test Cases/Operational_Dashboard/177: Test Cases/Operational_Dashboard/177

2019-04-26 12:57:50 - [TEST_STEP][PASSED] - callTestCase: Call Test Case 'Test Cases/Operational_Dashboard/Login' successfully

2019-04-26 12:57:50 - [TEST_CASE][PASSED] - Test Cases/Operational_Dashboard/Login: Test Cases/Operational_Dashboard/Login

2019-04-26 12:57:50 - [TEST_STEP][PASSED] - callTestCase: Call Test Case 'Test Cases/s-sidebar_navigation/individualAccount/operationalDashboard' successfully

2019-04-26 12:57:50 - [TEST_CASE][PASSED] - Test Cases/s-sidebar_navigation/individualAccount/operationalDashboard: Test Cases/s-sidebar_navigation/individualAccount/operationalDashboard

2019-04-26 12:57:50 - [TEST_STEP][PASSED] - click: Object: 'Object Repository/Page_KiboEngage  Subscribers/span_Subscribers' is clicked on

2019-04-26 12:57:51 - [MESSAGE][PASSED] - Object: 'Object Repository/Page_KiboEngage  Subscribers/span_Subscribers' is clicked on

2019-04-26 12:57:51 - [TEST_STEP][PASSED] - click: Object: 'Object Repository/Page_KiboEngage  Subscribers/span_Operational Dashboard (1)' is clicked on

2019-04-26 12:57:51 - [MESSAGE][PASSED] - Object: 'Object Repository/Page_KiboEngage  Subscribers/span_Operational Dashboard (1)' is clicked on

2019-04-26 12:57:51 - [TEST_STEP][PASSED] - scrollToPosition: Browser is scrolled to position x = 0, y = 0

2019-04-26 12:57:51 - [MESSAGE][PASSED] - Browser is scrolled to position x = 0, y = 0

2019-04-26 12:57:51 - [TEST_STEP][PASSED] - delay: Delayed 2 second(s)

2019-04-26 12:57:53 - [MESSAGE][PASSED] - Delayed 2 second(s)

2019-04-26 12:57:53 - [TEST_STEP][PASSED] - click: Object: 'Object Repository/Page_KiboEngage  Operational Dashbo/h3_Pages Info (7)' is clicked on

2019-04-26 12:57:54 - [MESSAGE][PASSED] - Object: 'Object Repository/Page_KiboEngage  Operational Dashbo/h3_Pages Info (7)' is clicked on

2019-04-26 12:57:54 - [MESSAGE][PASSED] - Call Test Case 'Test Cases/s-sidebar_navigation/individualAccount/operationalDashboard' successfully

2019-04-26 12:57:54 - [MESSAGE][PASSED] - Call Test Case 'Test Cases/Operational_Dashboard/Login' successfully

2019-04-26 12:57:54 - [TEST_STEP][PASSED] - Statement - driver = com.kms.katalon.core.webui.driver.DriverFactory.getWebDriver(): null

2019-04-26 12:57:54 - [TEST_STEP][PASSED] - Statement - popup_survey = driver.findElement(org.openqa.selenium.By.xpath("//*[@id="content"]/div/div/div/div[2]/div[3]/div[6]/div/div/div/div[2]/ul/li[3]")): null

2019-04-26 12:57:54 - [TEST_STEP][PASSED] - Statement - popup_survey.click(): null

2019-04-26 12:57:54 - [TEST_STEP][PASSED] - delay: Delayed 5 second(s)

2019-04-26 12:57:59 - [MESSAGE][PASSED] - Delayed 5 second(s)

2019-04-26 12:57:59 - [TEST_STEP][PASSED] - Statement - rows_table = driver.findElements(org.openqa.selenium.By.xpath("//*[@id="content"]/div/div/div/div[2]/div[3]/div[6]/div/div/div[2]/div/div/div[2]/table/tbody/tr")): null

2019-04-26 12:57:59 - [TEST_STEP][PASSED] - Statement - rows_count = rows_table.size(): null

2019-04-26 12:57:59 - [TEST_STEP][PASSED] - verifyGreaterThanOrEqual: Actual number '10' is greater than or equal to expected number '1'

2019-04-26 12:57:59 - [MESSAGE][PASSED] - Actual number '10' is greater than or equal to expected number '1'

2019-04-26 12:57:59 - [MESSAGE][PASSED] - Call Test Case 'Test Cases/Operational_Dashboard/177' successfully

2019-04-26 12:57:59 - [TEST_STEP][PASSED] - Statement - driver = com.kms.katalon.core.webui.driver.DriverFactory.getWebDriver(): null

2019-04-26 12:57:59 - [TEST_STEP][PASSED] - Statement - search_text = driver.findElement(org.openqa.selenium.By.xpath("//*[@id="content"]/div/div/div/div[2]/div[3]/div[6]/div/div/div[2]/div/div/div[1]/div[1]/input")): null

2019-04-26 12:57:59 - [TEST_STEP][PASSED] - Statement - search_text.clear(): null

2019-04-26 12:57:59 - [TEST_STEP][PASSED] - Statement - search_text.sendKeys("testing"): null

2019-04-26 12:58:00 - [TEST_STEP][PASSED] - delay: Delayed 5 second(s)

2019-04-26 12:58:05 - [MESSAGE][PASSED] - Delayed 5 second(s)

2019-04-26 12:58:05 - [TEST_STEP][PASSED] - Statement - rows_table = driver.findElements(org.openqa.selenium.By.xpath("//*[@id="content"]/div/div/div/div[2]/div[3]/div[6]/div/div/div[2]/div/div/div[2]/table/tbody/tr")): null

2019-04-26 12:58:05 - [TEST_STEP][PASSED] - Statement - rows_count = rows_table.size(): null

2019-04-26 12:58:05 - [TEST_STEP][PASSED] - verifyGreaterThanOrEqual: Actual number '1' is greater than or equal to expected number '1'

2019-04-26 12:58:05 - [MESSAGE][PASSED] - Actual number '1' is greater than or equal to expected number '1']]></system-out>
         <system-err><![CDATA[]]></system-err>
      </testcase>
      <testcase name="Test Cases/Operational_Dashboard/182" classname="Test Cases/Operational_Dashboard/182" status="PASSED">
         <system-out><![CDATA[2019-04-26 12:58:05 - [TEST_CASE][PASSED] - Test Cases/Operational_Dashboard/182: Test Cases/Operational_Dashboard/182

2019-04-26 12:58:05 - [TEST_STEP][PASSED] - callTestCase: Call Test Case 'Test Cases/Operational_Dashboard/177' successfully

2019-04-26 12:58:05 - [TEST_CASE][PASSED] - Test Cases/Operational_Dashboard/177: Test Cases/Operational_Dashboard/177

2019-04-26 12:58:05 - [TEST_STEP][PASSED] - callTestCase: Call Test Case 'Test Cases/Operational_Dashboard/Login' successfully

2019-04-26 12:58:05 - [TEST_CASE][PASSED] - Test Cases/Operational_Dashboard/Login: Test Cases/Operational_Dashboard/Login

2019-04-26 12:58:05 - [TEST_STEP][PASSED] - callTestCase: Call Test Case 'Test Cases/s-sidebar_navigation/individualAccount/operationalDashboard' successfully

2019-04-26 12:58:05 - [TEST_CASE][PASSED] - Test Cases/s-sidebar_navigation/individualAccount/operationalDashboard: Test Cases/s-sidebar_navigation/individualAccount/operationalDashboard

2019-04-26 12:58:05 - [TEST_STEP][PASSED] - click: Object: 'Object Repository/Page_KiboEngage  Subscribers/span_Subscribers' is clicked on

2019-04-26 12:58:06 - [MESSAGE][PASSED] - Object: 'Object Repository/Page_KiboEngage  Subscribers/span_Subscribers' is clicked on

2019-04-26 12:58:06 - [TEST_STEP][PASSED] - click: Object: 'Object Repository/Page_KiboEngage  Subscribers/span_Operational Dashboard (1)' is clicked on

2019-04-26 12:58:07 - [MESSAGE][PASSED] - Object: 'Object Repository/Page_KiboEngage  Subscribers/span_Operational Dashboard (1)' is clicked on

2019-04-26 12:58:07 - [TEST_STEP][PASSED] - scrollToPosition: Browser is scrolled to position x = 0, y = 0

2019-04-26 12:58:07 - [MESSAGE][PASSED] - Browser is scrolled to position x = 0, y = 0

2019-04-26 12:58:07 - [TEST_STEP][PASSED] - delay: Delayed 2 second(s)

2019-04-26 12:58:09 - [MESSAGE][PASSED] - Delayed 2 second(s)

2019-04-26 12:58:09 - [TEST_STEP][PASSED] - click: Object: 'Object Repository/Page_KiboEngage  Operational Dashbo/h3_Pages Info (7)' is clicked on

2019-04-26 12:58:09 - [MESSAGE][PASSED] - Object: 'Object Repository/Page_KiboEngage  Operational Dashbo/h3_Pages Info (7)' is clicked on

2019-04-26 12:58:09 - [MESSAGE][PASSED] - Call Test Case 'Test Cases/s-sidebar_navigation/individualAccount/operationalDashboard' successfully

2019-04-26 12:58:09 - [MESSAGE][PASSED] - Call Test Case 'Test Cases/Operational_Dashboard/Login' successfully

2019-04-26 12:58:09 - [TEST_STEP][PASSED] - Statement - driver = com.kms.katalon.core.webui.driver.DriverFactory.getWebDriver(): null

2019-04-26 12:58:09 - [TEST_STEP][PASSED] - Statement - popup_survey = driver.findElement(org.openqa.selenium.By.xpath("//*[@id="content"]/div/div/div/div[2]/div[3]/div[6]/div/div/div/div[2]/ul/li[3]")): null

2019-04-26 12:58:09 - [TEST_STEP][PASSED] - Statement - popup_survey.click(): null

2019-04-26 12:58:09 - [TEST_STEP][PASSED] - delay: Delayed 5 second(s)

2019-04-26 12:58:14 - [MESSAGE][PASSED] - Delayed 5 second(s)

2019-04-26 12:58:14 - [TEST_STEP][PASSED] - Statement - rows_table = driver.findElements(org.openqa.selenium.By.xpath("//*[@id="content"]/div/div/div/div[2]/div[3]/div[6]/div/div/div[2]/div/div/div[2]/table/tbody/tr")): null

2019-04-26 12:58:14 - [TEST_STEP][PASSED] - Statement - rows_count = rows_table.size(): null

2019-04-26 12:58:14 - [TEST_STEP][PASSED] - verifyGreaterThanOrEqual: Actual number '10' is greater than or equal to expected number '1'

2019-04-26 12:58:14 - [MESSAGE][PASSED] - Actual number '10' is greater than or equal to expected number '1'

2019-04-26 12:58:14 - [MESSAGE][PASSED] - Call Test Case 'Test Cases/Operational_Dashboard/177' successfully

2019-04-26 12:58:14 - [TEST_STEP][PASSED] - Statement - driver = com.kms.katalon.core.webui.driver.DriverFactory.getWebDriver(): null

2019-04-26 12:58:14 - [TEST_STEP][PASSED] - Statement - search_text = driver.findElement(org.openqa.selenium.By.xpath("//*[@id="content"]/div/div/div/div[2]/div[3]/div[6]/div/div/div[2]/div/div/div[1]/div[2]/div/input")): null

2019-04-26 12:58:14 - [TEST_STEP][PASSED] - Statement - search_text.clear(): null

2019-04-26 12:58:15 - [TEST_STEP][PASSED] - Statement - search_text.sendKeys("3"): null

2019-04-26 12:58:15 - [TEST_STEP][PASSED] - delay: Delayed 5 second(s)

2019-04-26 12:58:20 - [MESSAGE][PASSED] - Delayed 5 second(s)

2019-04-26 12:58:20 - [TEST_STEP][PASSED] - Statement - rows_table = driver.findElements(org.openqa.selenium.By.xpath("//*[@id="content"]/div/div/div/div[2]/div[3]/div[6]/div/div/div[2]/div/div/div[2]/table/tbody/tr")): null

2019-04-26 12:58:20 - [TEST_STEP][PASSED] - Statement - rows_count = rows_table.size(): null

2019-04-26 12:58:20 - [TEST_STEP][PASSED] - verifyGreaterThanOrEqual: Actual number '10' is greater than or equal to expected number '1'

2019-04-26 12:58:20 - [MESSAGE][PASSED] - Actual number '10' is greater than or equal to expected number '1']]></system-out>
         <system-err><![CDATA[]]></system-err>
      </testcase>
      <testcase name="Test Cases/Operational_Dashboard/183" classname="Test Cases/Operational_Dashboard/183" status="PASSED">
         <system-out><![CDATA[2019-04-26 12:58:20 - [TEST_CASE][PASSED] - Test Cases/Operational_Dashboard/183: Test Cases/Operational_Dashboard/183

2019-04-26 12:58:20 - [TEST_STEP][PASSED] - callTestCase: Call Test Case 'Test Cases/Operational_Dashboard/177' successfully

2019-04-26 12:58:20 - [TEST_CASE][PASSED] - Test Cases/Operational_Dashboard/177: Test Cases/Operational_Dashboard/177

2019-04-26 12:58:20 - [TEST_STEP][PASSED] - callTestCase: Call Test Case 'Test Cases/Operational_Dashboard/Login' successfully

2019-04-26 12:58:20 - [TEST_CASE][PASSED] - Test Cases/Operational_Dashboard/Login: Test Cases/Operational_Dashboard/Login

2019-04-26 12:58:20 - [TEST_STEP][PASSED] - callTestCase: Call Test Case 'Test Cases/s-sidebar_navigation/individualAccount/operationalDashboard' successfully

2019-04-26 12:58:20 - [TEST_CASE][PASSED] - Test Cases/s-sidebar_navigation/individualAccount/operationalDashboard: Test Cases/s-sidebar_navigation/individualAccount/operationalDashboard

2019-04-26 12:58:20 - [TEST_STEP][PASSED] - click: Object: 'Object Repository/Page_KiboEngage  Subscribers/span_Subscribers' is clicked on

2019-04-26 12:58:21 - [MESSAGE][PASSED] - Object: 'Object Repository/Page_KiboEngage  Subscribers/span_Subscribers' is clicked on

2019-04-26 12:58:21 - [TEST_STEP][PASSED] - click: Object: 'Object Repository/Page_KiboEngage  Subscribers/span_Operational Dashboard (1)' is clicked on

2019-04-26 12:58:21 - [MESSAGE][PASSED] - Object: 'Object Repository/Page_KiboEngage  Subscribers/span_Operational Dashboard (1)' is clicked on

2019-04-26 12:58:21 - [TEST_STEP][PASSED] - scrollToPosition: Browser is scrolled to position x = 0, y = 0

2019-04-26 12:58:21 - [MESSAGE][PASSED] - Browser is scrolled to position x = 0, y = 0

2019-04-26 12:58:21 - [TEST_STEP][PASSED] - delay: Delayed 2 second(s)

2019-04-26 12:58:23 - [MESSAGE][PASSED] - Delayed 2 second(s)

2019-04-26 12:58:23 - [TEST_STEP][PASSED] - click: Object: 'Object Repository/Page_KiboEngage  Operational Dashbo/h3_Pages Info (7)' is clicked on

2019-04-26 12:58:24 - [MESSAGE][PASSED] - Object: 'Object Repository/Page_KiboEngage  Operational Dashbo/h3_Pages Info (7)' is clicked on

2019-04-26 12:58:24 - [MESSAGE][PASSED] - Call Test Case 'Test Cases/s-sidebar_navigation/individualAccount/operationalDashboard' successfully

2019-04-26 12:58:24 - [MESSAGE][PASSED] - Call Test Case 'Test Cases/Operational_Dashboard/Login' successfully

2019-04-26 12:58:24 - [TEST_STEP][PASSED] - Statement - driver = com.kms.katalon.core.webui.driver.DriverFactory.getWebDriver(): null

2019-04-26 12:58:24 - [TEST_STEP][PASSED] - Statement - popup_survey = driver.findElement(org.openqa.selenium.By.xpath("//*[@id="content"]/div/div/div/div[2]/div[3]/div[6]/div/div/div/div[2]/ul/li[3]")): null

2019-04-26 12:58:24 - [TEST_STEP][PASSED] - Statement - popup_survey.click(): null

2019-04-26 12:58:24 - [TEST_STEP][PASSED] - delay: Delayed 5 second(s)

2019-04-26 12:58:29 - [MESSAGE][PASSED] - Delayed 5 second(s)

2019-04-26 12:58:29 - [TEST_STEP][PASSED] - Statement - rows_table = driver.findElements(org.openqa.selenium.By.xpath("//*[@id="content"]/div/div/div/div[2]/div[3]/div[6]/div/div/div[2]/div/div/div[2]/table/tbody/tr")): null

2019-04-26 12:58:29 - [TEST_STEP][PASSED] - Statement - rows_count = rows_table.size(): null

2019-04-26 12:58:29 - [TEST_STEP][PASSED] - verifyGreaterThanOrEqual: Actual number '10' is greater than or equal to expected number '1'

2019-04-26 12:58:29 - [MESSAGE][PASSED] - Actual number '10' is greater than or equal to expected number '1'

2019-04-26 12:58:29 - [MESSAGE][PASSED] - Call Test Case 'Test Cases/Operational_Dashboard/177' successfully

2019-04-26 12:58:29 - [TEST_STEP][PASSED] - Statement - driver = com.kms.katalon.core.webui.driver.DriverFactory.getWebDriver(): null

2019-04-26 12:58:29 - [TEST_STEP][PASSED] - Statement - search_text = driver.findElement(org.openqa.selenium.By.xpath("//*[@id="content"]/div/div/div/div[2]/div[3]/div[6]/div/div/div[2]/div/div/div[1]/div[1]/input")): null

2019-04-26 12:58:29 - [TEST_STEP][PASSED] - Statement - search_text.clear(): null

2019-04-26 12:58:29 - [TEST_STEP][PASSED] - Statement - search_text.sendKeys("testing"): null

2019-04-26 12:58:30 - [TEST_STEP][PASSED] - delay: Delayed 5 second(s)

2019-04-26 12:58:35 - [MESSAGE][PASSED] - Delayed 5 second(s)

2019-04-26 12:58:35 - [TEST_STEP][PASSED] - Statement - search = driver.findElement(org.openqa.selenium.By.xpath("//*[@id="content"]/div/div/div/div[2]/div[3]/div[6]/div/div/div[2]/div/div/div[1]/div[2]/div/input")): null

2019-04-26 12:58:35 - [TEST_STEP][PASSED] - Statement - search.clear(): null

2019-04-26 12:58:35 - [TEST_STEP][PASSED] - Statement - search.sendKeys("10"): null

2019-04-26 12:58:35 - [TEST_STEP][PASSED] - delay: Delayed 5 second(s)

2019-04-26 12:58:40 - [MESSAGE][PASSED] - Delayed 5 second(s)

2019-04-26 12:58:40 - [TEST_STEP][PASSED] - Statement - rows_table = driver.findElements(org.openqa.selenium.By.xpath("//*[@id="content"]/div/div/div/div[2]/div[3]/div[6]/div/div/div[2]/div/div/div[2]/table/tbody/tr")): null

2019-04-26 12:58:40 - [TEST_STEP][PASSED] - Statement - rows_count = rows_table.size(): null

2019-04-26 12:58:40 - [TEST_STEP][PASSED] - verifyGreaterThanOrEqual: Actual number '1' is greater than or equal to expected number '1'

2019-04-26 12:58:40 - [MESSAGE][PASSED] - Actual number '1' is greater than or equal to expected number '1']]></system-out>
         <system-err><![CDATA[]]></system-err>
      </testcase>
      <testcase name="Test Cases/Operational_Dashboard/184" classname="Test Cases/Operational_Dashboard/184" status="PASSED">
         <system-out><![CDATA[2019-04-26 12:58:40 - [TEST_CASE][PASSED] - Test Cases/Operational_Dashboard/184: Test Cases/Operational_Dashboard/184

2019-04-26 12:58:40 - [TEST_STEP][PASSED] - callTestCase: Call Test Case 'Test Cases/Operational_Dashboard/177' successfully

2019-04-26 12:58:40 - [TEST_CASE][PASSED] - Test Cases/Operational_Dashboard/177: Test Cases/Operational_Dashboard/177

2019-04-26 12:58:40 - [TEST_STEP][PASSED] - callTestCase: Call Test Case 'Test Cases/Operational_Dashboard/Login' successfully

2019-04-26 12:58:40 - [TEST_CASE][PASSED] - Test Cases/Operational_Dashboard/Login: Test Cases/Operational_Dashboard/Login

2019-04-26 12:58:40 - [TEST_STEP][PASSED] - callTestCase: Call Test Case 'Test Cases/s-sidebar_navigation/individualAccount/operationalDashboard' successfully

2019-04-26 12:58:41 - [TEST_CASE][PASSED] - Test Cases/s-sidebar_navigation/individualAccount/operationalDashboard: Test Cases/s-sidebar_navigation/individualAccount/operationalDashboard

2019-04-26 12:58:41 - [TEST_STEP][PASSED] - click: Object: 'Object Repository/Page_KiboEngage  Subscribers/span_Subscribers' is clicked on

2019-04-26 12:58:41 - [MESSAGE][PASSED] - Object: 'Object Repository/Page_KiboEngage  Subscribers/span_Subscribers' is clicked on

2019-04-26 12:58:41 - [TEST_STEP][PASSED] - click: Object: 'Object Repository/Page_KiboEngage  Subscribers/span_Operational Dashboard (1)' is clicked on

2019-04-26 12:58:41 - [MESSAGE][PASSED] - Object: 'Object Repository/Page_KiboEngage  Subscribers/span_Operational Dashboard (1)' is clicked on

2019-04-26 12:58:41 - [TEST_STEP][PASSED] - scrollToPosition: Browser is scrolled to position x = 0, y = 0

2019-04-26 12:58:41 - [MESSAGE][PASSED] - Browser is scrolled to position x = 0, y = 0

2019-04-26 12:58:41 - [TEST_STEP][PASSED] - delay: Delayed 2 second(s)

2019-04-26 12:58:43 - [MESSAGE][PASSED] - Delayed 2 second(s)

2019-04-26 12:58:43 - [TEST_STEP][PASSED] - click: Object: 'Object Repository/Page_KiboEngage  Operational Dashbo/h3_Pages Info (7)' is clicked on

2019-04-26 12:58:44 - [MESSAGE][PASSED] - Object: 'Object Repository/Page_KiboEngage  Operational Dashbo/h3_Pages Info (7)' is clicked on

2019-04-26 12:58:44 - [MESSAGE][PASSED] - Call Test Case 'Test Cases/s-sidebar_navigation/individualAccount/operationalDashboard' successfully

2019-04-26 12:58:44 - [MESSAGE][PASSED] - Call Test Case 'Test Cases/Operational_Dashboard/Login' successfully

2019-04-26 12:58:44 - [TEST_STEP][PASSED] - Statement - driver = com.kms.katalon.core.webui.driver.DriverFactory.getWebDriver(): null

2019-04-26 12:58:44 - [TEST_STEP][PASSED] - Statement - popup_survey = driver.findElement(org.openqa.selenium.By.xpath("//*[@id="content"]/div/div/div/div[2]/div[3]/div[6]/div/div/div/div[2]/ul/li[3]")): null

2019-04-26 12:58:44 - [TEST_STEP][PASSED] - Statement - popup_survey.click(): null

2019-04-26 12:58:44 - [TEST_STEP][PASSED] - delay: Delayed 5 second(s)

2019-04-26 12:58:49 - [MESSAGE][PASSED] - Delayed 5 second(s)

2019-04-26 12:58:49 - [TEST_STEP][PASSED] - Statement - rows_table = driver.findElements(org.openqa.selenium.By.xpath("//*[@id="content"]/div/div/div/div[2]/div[3]/div[6]/div/div/div[2]/div/div/div[2]/table/tbody/tr")): null

2019-04-26 12:58:50 - [TEST_STEP][PASSED] - Statement - rows_count = rows_table.size(): null

2019-04-26 12:58:50 - [TEST_STEP][PASSED] - verifyGreaterThanOrEqual: Actual number '10' is greater than or equal to expected number '1'

2019-04-26 12:58:50 - [MESSAGE][PASSED] - Actual number '10' is greater than or equal to expected number '1'

2019-04-26 12:58:50 - [MESSAGE][PASSED] - Call Test Case 'Test Cases/Operational_Dashboard/177' successfully

2019-04-26 12:58:50 - [TEST_STEP][PASSED] - click: Object: 'Object Repository/Page_KiboEngage  Operational Dashbo/button_View (4)' is clicked on

2019-04-26 12:58:50 - [MESSAGE][PASSED] - Object: 'Object Repository/Page_KiboEngage  Operational Dashbo/button_View (4)' is clicked on

2019-04-26 12:58:50 - [TEST_STEP][PASSED] - scrollToPosition: Browser is scrolled to position x = 0, y = 0

2019-04-26 12:58:50 - [MESSAGE][PASSED] - Browser is scrolled to position x = 0, y = 0

2019-04-26 12:58:50 - [TEST_STEP][PASSED] - click: Object: 'Object Repository/Page_KiboEngage  Survey Detail/h4_Survey Questions' is clicked on

2019-04-26 12:58:50 - [MESSAGE][PASSED] - Object: 'Object Repository/Page_KiboEngage  Survey Detail/h4_Survey Questions' is clicked on]]></system-out>
         <system-err><![CDATA[]]></system-err>
      </testcase>
      <testcase name="Test Cases/Operational_Dashboard/185" classname="Test Cases/Operational_Dashboard/185" status="PASSED">
         <system-out><![CDATA[2019-04-26 12:58:50 - [TEST_CASE][PASSED] - Test Cases/Operational_Dashboard/185: Test Cases/Operational_Dashboard/185

2019-04-26 12:58:50 - [TEST_STEP][PASSED] - callTestCase: Call Test Case 'Test Cases/Operational_Dashboard/184' successfully

2019-04-26 12:58:50 - [TEST_CASE][PASSED] - Test Cases/Operational_Dashboard/184: Test Cases/Operational_Dashboard/184

2019-04-26 12:58:50 - [TEST_STEP][PASSED] - callTestCase: Call Test Case 'Test Cases/Operational_Dashboard/177' successfully

2019-04-26 12:58:50 - [TEST_CASE][PASSED] - Test Cases/Operational_Dashboard/177: Test Cases/Operational_Dashboard/177

2019-04-26 12:58:50 - [TEST_STEP][PASSED] - callTestCase: Call Test Case 'Test Cases/Operational_Dashboard/Login' successfully

2019-04-26 12:58:50 - [TEST_CASE][PASSED] - Test Cases/Operational_Dashboard/Login: Test Cases/Operational_Dashboard/Login

2019-04-26 12:58:51 - [TEST_STEP][PASSED] - callTestCase: Call Test Case 'Test Cases/s-sidebar_navigation/individualAccount/operationalDashboard' successfully

2019-04-26 12:58:51 - [TEST_CASE][PASSED] - Test Cases/s-sidebar_navigation/individualAccount/operationalDashboard: Test Cases/s-sidebar_navigation/individualAccount/operationalDashboard

2019-04-26 12:58:51 - [TEST_STEP][PASSED] - click: Object: 'Object Repository/Page_KiboEngage  Subscribers/span_Subscribers' is clicked on

2019-04-26 12:58:51 - [MESSAGE][PASSED] - Object: 'Object Repository/Page_KiboEngage  Subscribers/span_Subscribers' is clicked on

2019-04-26 12:58:51 - [TEST_STEP][PASSED] - click: Object: 'Object Repository/Page_KiboEngage  Subscribers/span_Operational Dashboard (1)' is clicked on

2019-04-26 12:58:52 - [MESSAGE][PASSED] - Object: 'Object Repository/Page_KiboEngage  Subscribers/span_Operational Dashboard (1)' is clicked on

2019-04-26 12:58:52 - [TEST_STEP][PASSED] - scrollToPosition: Browser is scrolled to position x = 0, y = 0

2019-04-26 12:58:52 - [MESSAGE][PASSED] - Browser is scrolled to position x = 0, y = 0

2019-04-26 12:58:52 - [TEST_STEP][PASSED] - delay: Delayed 2 second(s)

2019-04-26 12:58:54 - [MESSAGE][PASSED] - Delayed 2 second(s)

2019-04-26 12:58:54 - [TEST_STEP][PASSED] - click: Object: 'Object Repository/Page_KiboEngage  Operational Dashbo/h3_Pages Info (7)' is clicked on

2019-04-26 12:58:54 - [MESSAGE][PASSED] - Object: 'Object Repository/Page_KiboEngage  Operational Dashbo/h3_Pages Info (7)' is clicked on

2019-04-26 12:58:54 - [MESSAGE][PASSED] - Call Test Case 'Test Cases/s-sidebar_navigation/individualAccount/operationalDashboard' successfully

2019-04-26 12:58:54 - [MESSAGE][PASSED] - Call Test Case 'Test Cases/Operational_Dashboard/Login' successfully

2019-04-26 12:58:54 - [TEST_STEP][PASSED] - Statement - driver = com.kms.katalon.core.webui.driver.DriverFactory.getWebDriver(): null

2019-04-26 12:58:54 - [TEST_STEP][PASSED] - Statement - popup_survey = driver.findElement(org.openqa.selenium.By.xpath("//*[@id="content"]/div/div/div/div[2]/div[3]/div[6]/div/div/div/div[2]/ul/li[3]")): null

2019-04-26 12:58:54 - [TEST_STEP][PASSED] - Statement - popup_survey.click(): null

2019-04-26 12:58:54 - [TEST_STEP][PASSED] - delay: Delayed 5 second(s)

2019-04-26 12:58:59 - [MESSAGE][PASSED] - Delayed 5 second(s)

2019-04-26 12:58:59 - [TEST_STEP][PASSED] - Statement - rows_table = driver.findElements(org.openqa.selenium.By.xpath("//*[@id="content"]/div/div/div/div[2]/div[3]/div[6]/div/div/div[2]/div/div/div[2]/table/tbody/tr")): null

2019-04-26 12:58:59 - [TEST_STEP][PASSED] - Statement - rows_count = rows_table.size(): null

2019-04-26 12:58:59 - [TEST_STEP][PASSED] - verifyGreaterThanOrEqual: Actual number '10' is greater than or equal to expected number '1'

2019-04-26 12:58:59 - [MESSAGE][PASSED] - Actual number '10' is greater than or equal to expected number '1'

2019-04-26 12:58:59 - [MESSAGE][PASSED] - Call Test Case 'Test Cases/Operational_Dashboard/177' successfully

2019-04-26 12:58:59 - [TEST_STEP][PASSED] - click: Object: 'Object Repository/Page_KiboEngage  Operational Dashbo/button_View (4)' is clicked on

2019-04-26 12:58:59 - [MESSAGE][PASSED] - Object: 'Object Repository/Page_KiboEngage  Operational Dashbo/button_View (4)' is clicked on

2019-04-26 12:58:59 - [TEST_STEP][PASSED] - scrollToPosition: Browser is scrolled to position x = 0, y = 0

2019-04-26 12:59:00 - [MESSAGE][PASSED] - Browser is scrolled to position x = 0, y = 0

2019-04-26 12:59:00 - [TEST_STEP][PASSED] - click: Object: 'Object Repository/Page_KiboEngage  Survey Detail/h4_Survey Questions' is clicked on

2019-04-26 12:59:00 - [MESSAGE][PASSED] - Object: 'Object Repository/Page_KiboEngage  Survey Detail/h4_Survey Questions' is clicked on

2019-04-26 12:59:00 - [MESSAGE][PASSED] - Call Test Case 'Test Cases/Operational_Dashboard/184' successfully

2019-04-26 12:59:00 - [TEST_STEP][PASSED] - click: Object: 'Object Repository/Page_KiboEngage  Survey Detail/button_Back' is clicked on

2019-04-26 12:59:00 - [MESSAGE][PASSED] - Object: 'Object Repository/Page_KiboEngage  Survey Detail/button_Back' is clicked on

2019-04-26 12:59:00 - [TEST_STEP][PASSED] - scrollToPosition: Browser is scrolled to position x = 0, y = 0

2019-04-26 12:59:00 - [MESSAGE][PASSED] - Browser is scrolled to position x = 0, y = 0

2019-04-26 12:59:00 - [TEST_STEP][PASSED] - click: Object: 'Object Repository/Page_KiboEngage  Operational Dashbo/h3_Pages Info (6)' is clicked on

2019-04-26 12:59:00 - [MESSAGE][PASSED] - Object: 'Object Repository/Page_KiboEngage  Operational Dashbo/h3_Pages Info (6)' is clicked on]]></system-out>
         <system-err><![CDATA[]]></system-err>
      </testcase>
      <testcase name="Test Cases/Operational_Dashboard/186" classname="Test Cases/Operational_Dashboard/186" status="PASSED">
         <system-out><![CDATA[2019-04-26 12:59:00 - [TEST_CASE][PASSED] - Test Cases/Operational_Dashboard/186: Test Cases/Operational_Dashboard/186

2019-04-26 12:59:01 - [TEST_STEP][PASSED] - callTestCase: Call Test Case 'Test Cases/Operational_Dashboard/177' successfully

2019-04-26 12:59:01 - [TEST_CASE][PASSED] - Test Cases/Operational_Dashboard/177: Test Cases/Operational_Dashboard/177

2019-04-26 12:59:01 - [TEST_STEP][PASSED] - callTestCase: Call Test Case 'Test Cases/Operational_Dashboard/Login' successfully

2019-04-26 12:59:01 - [TEST_CASE][PASSED] - Test Cases/Operational_Dashboard/Login: Test Cases/Operational_Dashboard/Login

2019-04-26 12:59:01 - [TEST_STEP][PASSED] - callTestCase: Call Test Case 'Test Cases/s-sidebar_navigation/individualAccount/operationalDashboard' successfully

2019-04-26 12:59:01 - [TEST_CASE][PASSED] - Test Cases/s-sidebar_navigation/individualAccount/operationalDashboard: Test Cases/s-sidebar_navigation/individualAccount/operationalDashboard

2019-04-26 12:59:01 - [TEST_STEP][PASSED] - click: Object: 'Object Repository/Page_KiboEngage  Subscribers/span_Subscribers' is clicked on

2019-04-26 12:59:01 - [MESSAGE][PASSED] - Object: 'Object Repository/Page_KiboEngage  Subscribers/span_Subscribers' is clicked on

2019-04-26 12:59:01 - [TEST_STEP][PASSED] - click: Object: 'Object Repository/Page_KiboEngage  Subscribers/span_Operational Dashboard (1)' is clicked on

2019-04-26 12:59:02 - [MESSAGE][PASSED] - Object: 'Object Repository/Page_KiboEngage  Subscribers/span_Operational Dashboard (1)' is clicked on

2019-04-26 12:59:02 - [TEST_STEP][PASSED] - scrollToPosition: Browser is scrolled to position x = 0, y = 0

2019-04-26 12:59:02 - [MESSAGE][PASSED] - Browser is scrolled to position x = 0, y = 0

2019-04-26 12:59:02 - [TEST_STEP][PASSED] - delay: Delayed 2 second(s)

2019-04-26 12:59:04 - [MESSAGE][PASSED] - Delayed 2 second(s)

2019-04-26 12:59:04 - [TEST_STEP][PASSED] - click: Object: 'Object Repository/Page_KiboEngage  Operational Dashbo/h3_Pages Info (7)' is clicked on

2019-04-26 12:59:04 - [MESSAGE][PASSED] - Object: 'Object Repository/Page_KiboEngage  Operational Dashbo/h3_Pages Info (7)' is clicked on

2019-04-26 12:59:04 - [MESSAGE][PASSED] - Call Test Case 'Test Cases/s-sidebar_navigation/individualAccount/operationalDashboard' successfully

2019-04-26 12:59:04 - [MESSAGE][PASSED] - Call Test Case 'Test Cases/Operational_Dashboard/Login' successfully

2019-04-26 12:59:04 - [TEST_STEP][PASSED] - Statement - driver = com.kms.katalon.core.webui.driver.DriverFactory.getWebDriver(): null

2019-04-26 12:59:04 - [TEST_STEP][PASSED] - Statement - popup_survey = driver.findElement(org.openqa.selenium.By.xpath("//*[@id="content"]/div/div/div/div[2]/div[3]/div[6]/div/div/div/div[2]/ul/li[3]")): null

2019-04-26 12:59:04 - [TEST_STEP][PASSED] - Statement - popup_survey.click(): null

2019-04-26 12:59:05 - [TEST_STEP][PASSED] - delay: Delayed 5 second(s)

2019-04-26 12:59:10 - [MESSAGE][PASSED] - Delayed 5 second(s)

2019-04-26 12:59:10 - [TEST_STEP][PASSED] - Statement - rows_table = driver.findElements(org.openqa.selenium.By.xpath("//*[@id="content"]/div/div/div/div[2]/div[3]/div[6]/div/div/div[2]/div/div/div[2]/table/tbody/tr")): null

2019-04-26 12:59:10 - [TEST_STEP][PASSED] - Statement - rows_count = rows_table.size(): null

2019-04-26 12:59:10 - [TEST_STEP][PASSED] - verifyGreaterThanOrEqual: Actual number '10' is greater than or equal to expected number '1'

2019-04-26 12:59:10 - [MESSAGE][PASSED] - Actual number '10' is greater than or equal to expected number '1'

2019-04-26 12:59:10 - [MESSAGE][PASSED] - Call Test Case 'Test Cases/Operational_Dashboard/177' successfully

2019-04-26 12:59:10 - [TEST_STEP][PASSED] - Statement - driver = com.kms.katalon.core.webui.driver.DriverFactory.getWebDriver(): null

2019-04-26 12:59:10 - [TEST_STEP][PASSED] - Statement - popDown_survey = driver.findElement(org.openqa.selenium.By.xpath("//*[@id="content"]/div/div/div/div[2]/div[3]/div[6]/div/div/div[1]/div[2]/ul/li[3]")): null

2019-04-26 12:59:10 - [TEST_STEP][PASSED] - Statement - popDown_survey.click(): null

2019-04-26 12:59:10 - [TEST_STEP][PASSED] - delay: Delayed 5 second(s)

2019-04-26 12:59:15 - [MESSAGE][PASSED] - Delayed 5 second(s)

2019-04-26 12:59:15 - [TEST_STEP][PASSED] - verifyTextNotPresent: Text 'Responded' is not present on page

2019-04-26 12:59:16 - [MESSAGE][PASSED] - Text 'Responded' is not present on page]]></system-out>
         <system-err><![CDATA[]]></system-err>
      </testcase>
      <testcase name="Test Cases/Operational_Dashboard/187" classname="Test Cases/Operational_Dashboard/187" status="PASSED">
         <system-out><![CDATA[2019-04-26 12:59:16 - [TEST_CASE][PASSED] - Test Cases/Operational_Dashboard/187: Test Cases/Operational_Dashboard/187

2019-04-26 12:59:16 - [TEST_STEP][PASSED] - callTestCase: Call Test Case 'Test Cases/Operational_Dashboard/Login' successfully

2019-04-26 12:59:16 - [TEST_CASE][PASSED] - Test Cases/Operational_Dashboard/Login: Test Cases/Operational_Dashboard/Login

2019-04-26 12:59:16 - [TEST_STEP][PASSED] - callTestCase: Call Test Case 'Test Cases/s-sidebar_navigation/individualAccount/operationalDashboard' successfully

2019-04-26 12:59:16 - [TEST_CASE][PASSED] - Test Cases/s-sidebar_navigation/individualAccount/operationalDashboard: Test Cases/s-sidebar_navigation/individualAccount/operationalDashboard

2019-04-26 12:59:17 - [TEST_STEP][PASSED] - click: Object: 'Object Repository/Page_KiboEngage  Subscribers/span_Subscribers' is clicked on

2019-04-26 12:59:17 - [MESSAGE][PASSED] - Object: 'Object Repository/Page_KiboEngage  Subscribers/span_Subscribers' is clicked on

2019-04-26 12:59:17 - [TEST_STEP][PASSED] - click: Object: 'Object Repository/Page_KiboEngage  Subscribers/span_Operational Dashboard (1)' is clicked on

2019-04-26 12:59:18 - [MESSAGE][PASSED] - Object: 'Object Repository/Page_KiboEngage  Subscribers/span_Operational Dashboard (1)' is clicked on

2019-04-26 12:59:18 - [TEST_STEP][PASSED] - scrollToPosition: Browser is scrolled to position x = 0, y = 0

2019-04-26 12:59:18 - [MESSAGE][PASSED] - Browser is scrolled to position x = 0, y = 0

2019-04-26 12:59:18 - [TEST_STEP][PASSED] - delay: Delayed 2 second(s)

2019-04-26 12:59:20 - [MESSAGE][PASSED] - Delayed 2 second(s)

2019-04-26 12:59:20 - [TEST_STEP][PASSED] - click: Object: 'Object Repository/Page_KiboEngage  Operational Dashbo/h3_Pages Info (7)' is clicked on

2019-04-26 12:59:20 - [MESSAGE][PASSED] - Object: 'Object Repository/Page_KiboEngage  Operational Dashbo/h3_Pages Info (7)' is clicked on

2019-04-26 12:59:20 - [MESSAGE][PASSED] - Call Test Case 'Test Cases/s-sidebar_navigation/individualAccount/operationalDashboard' successfully

2019-04-26 12:59:20 - [MESSAGE][PASSED] - Call Test Case 'Test Cases/Operational_Dashboard/Login' successfully

2019-04-26 12:59:20 - [TEST_STEP][PASSED] - Statement - driver = com.kms.katalon.core.webui.driver.DriverFactory.getWebDriver(): null

2019-04-26 12:59:20 - [TEST_STEP][PASSED] - Statement - popup_poll = driver.findElement(org.openqa.selenium.By.xpath("//*[@id="content"]/div/div/div/div[2]/div[3]/div[7]/div/div/div/div[2]/ul/li[3]")): null

2019-04-26 12:59:20 - [TEST_STEP][PASSED] - Statement - popup_poll.click(): null

2019-04-26 12:59:20 - [TEST_STEP][PASSED] - delay: Delayed 5 second(s)

2019-04-26 12:59:25 - [MESSAGE][PASSED] - Delayed 5 second(s)

2019-04-26 12:59:25 - [TEST_STEP][PASSED] - Statement - rows_table = driver.findElements(org.openqa.selenium.By.xpath("//*[@id="content"]/div/div/div/div[2]/div[3]/div[7]/div/div/div[2]/div/div/div[2]/table/tbody/tr")): null

2019-04-26 12:59:25 - [TEST_STEP][PASSED] - Statement - rows_count = rows_table.size(): null

2019-04-26 12:59:25 - [TEST_STEP][PASSED] - verifyGreaterThanOrEqual: Actual number '10' is greater than or equal to expected number '1'

2019-04-26 12:59:25 - [MESSAGE][PASSED] - Actual number '10' is greater than or equal to expected number '1']]></system-out>
         <system-err><![CDATA[]]></system-err>
      </testcase>
      <testcase name="Test Cases/Operational_Dashboard/188" classname="Test Cases/Operational_Dashboard/188" status="FAILED">
         <failure type="FAILED" message="Unable to verify actual number '0' greater than or equal with expected number '1' (Root cause: Actual number '0' is NOT greater than or equal to expected number '1')"/>
         <system-out><![CDATA[2019-04-26 12:59:25 - [TEST_CASE][FAILED] - Test Cases/Operational_Dashboard/188: Test Cases/Operational_Dashboard/188 FAILED because (of) Unable to verify actual number '0' greater than or equal with expected number '1' (Root cause: Actual number '0' is NOT greater than or equal to expected number '1')

2019-04-26 12:59:26 - [TEST_STEP][PASSED] - callTestCase: Call Test Case 'Test Cases/Operational_Dashboard/187' successfully

2019-04-26 12:59:26 - [TEST_CASE][PASSED] - Test Cases/Operational_Dashboard/187: Test Cases/Operational_Dashboard/187

2019-04-26 12:59:26 - [TEST_STEP][PASSED] - callTestCase: Call Test Case 'Test Cases/Operational_Dashboard/Login' successfully

2019-04-26 12:59:26 - [TEST_CASE][PASSED] - Test Cases/Operational_Dashboard/Login: Test Cases/Operational_Dashboard/Login

2019-04-26 12:59:26 - [TEST_STEP][PASSED] - callTestCase: Call Test Case 'Test Cases/s-sidebar_navigation/individualAccount/operationalDashboard' successfully

2019-04-26 12:59:26 - [TEST_CASE][PASSED] - Test Cases/s-sidebar_navigation/individualAccount/operationalDashboard: Test Cases/s-sidebar_navigation/individualAccount/operationalDashboard

2019-04-26 12:59:26 - [TEST_STEP][PASSED] - click: Object: 'Object Repository/Page_KiboEngage  Subscribers/span_Subscribers' is clicked on

2019-04-26 12:59:27 - [MESSAGE][PASSED] - Object: 'Object Repository/Page_KiboEngage  Subscribers/span_Subscribers' is clicked on

2019-04-26 12:59:27 - [TEST_STEP][PASSED] - click: Object: 'Object Repository/Page_KiboEngage  Subscribers/span_Operational Dashboard (1)' is clicked on

2019-04-26 12:59:27 - [MESSAGE][PASSED] - Object: 'Object Repository/Page_KiboEngage  Subscribers/span_Operational Dashboard (1)' is clicked on

2019-04-26 12:59:27 - [TEST_STEP][PASSED] - scrollToPosition: Browser is scrolled to position x = 0, y = 0

2019-04-26 12:59:27 - [MESSAGE][PASSED] - Browser is scrolled to position x = 0, y = 0

2019-04-26 12:59:27 - [TEST_STEP][PASSED] - delay: Delayed 2 second(s)

2019-04-26 12:59:29 - [MESSAGE][PASSED] - Delayed 2 second(s)

2019-04-26 12:59:29 - [TEST_STEP][PASSED] - click: Object: 'Object Repository/Page_KiboEngage  Operational Dashbo/h3_Pages Info (7)' is clicked on

2019-04-26 12:59:29 - [MESSAGE][PASSED] - Object: 'Object Repository/Page_KiboEngage  Operational Dashbo/h3_Pages Info (7)' is clicked on

2019-04-26 12:59:29 - [MESSAGE][PASSED] - Call Test Case 'Test Cases/s-sidebar_navigation/individualAccount/operationalDashboard' successfully

2019-04-26 12:59:29 - [MESSAGE][PASSED] - Call Test Case 'Test Cases/Operational_Dashboard/Login' successfully

2019-04-26 12:59:29 - [TEST_STEP][PASSED] - Statement - driver = com.kms.katalon.core.webui.driver.DriverFactory.getWebDriver(): null

2019-04-26 12:59:29 - [TEST_STEP][PASSED] - Statement - popup_poll = driver.findElement(org.openqa.selenium.By.xpath("//*[@id="content"]/div/div/div/div[2]/div[3]/div[7]/div/div/div/div[2]/ul/li[3]")): null

2019-04-26 12:59:29 - [TEST_STEP][PASSED] - Statement - popup_poll.click(): null

2019-04-26 12:59:30 - [TEST_STEP][PASSED] - delay: Delayed 5 second(s)

2019-04-26 12:59:35 - [MESSAGE][PASSED] - Delayed 5 second(s)

2019-04-26 12:59:35 - [TEST_STEP][PASSED] - Statement - rows_table = driver.findElements(org.openqa.selenium.By.xpath("//*[@id="content"]/div/div/div/div[2]/div[3]/div[7]/div/div/div[2]/div/div/div[2]/table/tbody/tr")): null

2019-04-26 12:59:35 - [TEST_STEP][PASSED] - Statement - rows_count = rows_table.size(): null

2019-04-26 12:59:35 - [TEST_STEP][PASSED] - verifyGreaterThanOrEqual: Actual number '10' is greater than or equal to expected number '1'

2019-04-26 12:59:35 - [MESSAGE][PASSED] - Actual number '10' is greater than or equal to expected number '1'

2019-04-26 12:59:35 - [MESSAGE][PASSED] - Call Test Case 'Test Cases/Operational_Dashboard/187' successfully

2019-04-26 12:59:35 - [TEST_STEP][PASSED] - Statement - driver = com.kms.katalon.core.webui.driver.DriverFactory.getWebDriver(): null

2019-04-26 12:59:35 - [TEST_STEP][PASSED] - Statement - next = driver.findElement(org.openqa.selenium.By.xpath("//*[@id="content"]/div/div/div/div[2]/div[3]/div[7]/div/div/div[2]/div/div/div[2]/ul/li[5]/a")): null

2019-04-26 12:59:35 - [TEST_STEP][PASSED] - Statement - next.click(): null

2019-04-26 12:59:35 - [TEST_STEP][PASSED] - delay: Delayed 5 second(s)

2019-04-26 12:59:40 - [MESSAGE][PASSED] - Delayed 5 second(s)

2019-04-26 12:59:40 - [TEST_STEP][PASSED] - Statement - rows_table = driver.findElements(org.openqa.selenium.By.xpath("//*[@id="content"]/div/div/div/div[2]/div[3]/div[7]/div/div/div[2]/div/div/div[2]/table/tbody/tr")): null

2019-04-26 12:59:40 - [TEST_STEP][PASSED] - Statement - rows_count = rows_table.size(): null

2019-04-26 12:59:40 - [TEST_STEP][FAILED] - verifyGreaterThanOrEqual: Unable to verify actual number '0' greater than or equal with expected number '1' (Root cause: Actual number '0' is NOT greater than or equal to expected number '1')

2019-04-26 12:59:40 - [MESSAGE][FAILED] - Unable to verify actual number '0' greater than or equal with expected number '1' (Root cause: Actual number '0' is NOT greater than or equal to expected number '1')]]></system-out>
         <system-err><![CDATA[2019-04-26 12:59:25 - [TEST_CASE][FAILED] - Test Cases/Operational_Dashboard/188: Test Cases/Operational_Dashboard/188 FAILED because (of) Unable to verify actual number '0' greater than or equal with expected number '1' (Root cause: Actual number '0' is NOT greater than or equal to expected number '1')]]></system-err>
      </testcase>
      <testcase name="Test Cases/Operational_Dashboard/189" classname="Test Cases/Operational_Dashboard/189" status="FAILED">
         <failure type="FAILED" message="Unable to verify actual number '0' greater than or equal with expected number '1' (Root cause: Actual number '0' is NOT greater than or equal to expected number '1')"/>
         <system-out><![CDATA[2019-04-26 12:59:40 - [TEST_CASE][FAILED] - Test Cases/Operational_Dashboard/189: Test Cases/Operational_Dashboard/189 FAILED because (of) Unable to verify actual number '0' greater than or equal with expected number '1' (Root cause: Actual number '0' is NOT greater than or equal to expected number '1')

2019-04-26 12:59:40 - [TEST_STEP][FAILED] - callTestCase: Unable to call Test Case with id 'Test Cases/Operational_Dashboard/188' (Root cause: Call Test Case 'Test Cases/Operational_Dashboard/188' failed)

2019-04-26 12:59:40 - [TEST_CASE][FAILED] - Test Cases/Operational_Dashboard/188: Test Cases/Operational_Dashboard/188 FAILED because (of) Unable to verify actual number '0' greater than or equal with expected number '1' (Root cause: Actual number '0' is NOT greater than or equal to expected number '1')

2019-04-26 12:59:40 - [TEST_STEP][PASSED] - callTestCase: Call Test Case 'Test Cases/Operational_Dashboard/187' successfully

2019-04-26 12:59:40 - [TEST_CASE][PASSED] - Test Cases/Operational_Dashboard/187: Test Cases/Operational_Dashboard/187

2019-04-26 12:59:40 - [TEST_STEP][PASSED] - callTestCase: Call Test Case 'Test Cases/Operational_Dashboard/Login' successfully

2019-04-26 12:59:40 - [TEST_CASE][PASSED] - Test Cases/Operational_Dashboard/Login: Test Cases/Operational_Dashboard/Login

2019-04-26 12:59:41 - [TEST_STEP][PASSED] - callTestCase: Call Test Case 'Test Cases/s-sidebar_navigation/individualAccount/operationalDashboard' successfully

2019-04-26 12:59:41 - [TEST_CASE][PASSED] - Test Cases/s-sidebar_navigation/individualAccount/operationalDashboard: Test Cases/s-sidebar_navigation/individualAccount/operationalDashboard

2019-04-26 12:59:41 - [TEST_STEP][PASSED] - click: Object: 'Object Repository/Page_KiboEngage  Subscribers/span_Subscribers' is clicked on

2019-04-26 12:59:41 - [MESSAGE][PASSED] - Object: 'Object Repository/Page_KiboEngage  Subscribers/span_Subscribers' is clicked on

2019-04-26 12:59:41 - [TEST_STEP][PASSED] - click: Object: 'Object Repository/Page_KiboEngage  Subscribers/span_Operational Dashboard (1)' is clicked on

2019-04-26 12:59:41 - [MESSAGE][PASSED] - Object: 'Object Repository/Page_KiboEngage  Subscribers/span_Operational Dashboard (1)' is clicked on

2019-04-26 12:59:41 - [TEST_STEP][PASSED] - scrollToPosition: Browser is scrolled to position x = 0, y = 0

2019-04-26 12:59:41 - [MESSAGE][PASSED] - Browser is scrolled to position x = 0, y = 0

2019-04-26 12:59:41 - [TEST_STEP][PASSED] - delay: Delayed 2 second(s)

2019-04-26 12:59:43 - [MESSAGE][PASSED] - Delayed 2 second(s)

2019-04-26 12:59:43 - [TEST_STEP][PASSED] - click: Object: 'Object Repository/Page_KiboEngage  Operational Dashbo/h3_Pages Info (7)' is clicked on

2019-04-26 12:59:44 - [MESSAGE][PASSED] - Object: 'Object Repository/Page_KiboEngage  Operational Dashbo/h3_Pages Info (7)' is clicked on

2019-04-26 12:59:44 - [MESSAGE][PASSED] - Call Test Case 'Test Cases/s-sidebar_navigation/individualAccount/operationalDashboard' successfully

2019-04-26 12:59:44 - [MESSAGE][PASSED] - Call Test Case 'Test Cases/Operational_Dashboard/Login' successfully

2019-04-26 12:59:44 - [TEST_STEP][PASSED] - Statement - driver = com.kms.katalon.core.webui.driver.DriverFactory.getWebDriver(): null

2019-04-26 12:59:44 - [TEST_STEP][PASSED] - Statement - popup_poll = driver.findElement(org.openqa.selenium.By.xpath("//*[@id="content"]/div/div/div/div[2]/div[3]/div[7]/div/div/div/div[2]/ul/li[3]")): null

2019-04-26 12:59:44 - [TEST_STEP][PASSED] - Statement - popup_poll.click(): null

2019-04-26 12:59:44 - [TEST_STEP][PASSED] - delay: Delayed 5 second(s)

2019-04-26 12:59:49 - [MESSAGE][PASSED] - Delayed 5 second(s)

2019-04-26 12:59:49 - [TEST_STEP][PASSED] - Statement - rows_table = driver.findElements(org.openqa.selenium.By.xpath("//*[@id="content"]/div/div/div/div[2]/div[3]/div[7]/div/div/div[2]/div/div/div[2]/table/tbody/tr")): null

2019-04-26 12:59:49 - [TEST_STEP][PASSED] - Statement - rows_count = rows_table.size(): null

2019-04-26 12:59:49 - [TEST_STEP][PASSED] - verifyGreaterThanOrEqual: Actual number '10' is greater than or equal to expected number '1'

2019-04-26 12:59:49 - [MESSAGE][PASSED] - Actual number '10' is greater than or equal to expected number '1'

2019-04-26 12:59:49 - [MESSAGE][PASSED] - Call Test Case 'Test Cases/Operational_Dashboard/187' successfully

2019-04-26 12:59:49 - [TEST_STEP][PASSED] - Statement - driver = com.kms.katalon.core.webui.driver.DriverFactory.getWebDriver(): null

2019-04-26 12:59:49 - [TEST_STEP][PASSED] - Statement - next = driver.findElement(org.openqa.selenium.By.xpath("//*[@id="content"]/div/div/div/div[2]/div[3]/div[7]/div/div/div[2]/div/div/div[2]/ul/li[5]/a")): null

2019-04-26 12:59:49 - [TEST_STEP][PASSED] - Statement - next.click(): null

2019-04-26 12:59:50 - [TEST_STEP][PASSED] - delay: Delayed 5 second(s)

2019-04-26 12:59:55 - [MESSAGE][PASSED] - Delayed 5 second(s)

2019-04-26 12:59:55 - [TEST_STEP][PASSED] - Statement - rows_table = driver.findElements(org.openqa.selenium.By.xpath("//*[@id="content"]/div/div/div/div[2]/div[3]/div[7]/div/div/div[2]/div/div/div[2]/table/tbody/tr")): null

2019-04-26 12:59:55 - [TEST_STEP][PASSED] - Statement - rows_count = rows_table.size(): null

2019-04-26 12:59:55 - [TEST_STEP][FAILED] - verifyGreaterThanOrEqual: Unable to verify actual number '0' greater than or equal with expected number '1' (Root cause: Actual number '0' is NOT greater than or equal to expected number '1')

2019-04-26 12:59:55 - [MESSAGE][FAILED] - Unable to verify actual number '0' greater than or equal with expected number '1' (Root cause: Actual number '0' is NOT greater than or equal to expected number '1')

2019-04-26 12:59:55 - [MESSAGE][FAILED] - Unable to call Test Case with id 'Test Cases/Operational_Dashboard/188' (Root cause: Call Test Case 'Test Cases/Operational_Dashboard/188' failed)]]></system-out>
         <system-err><![CDATA[2019-04-26 12:59:40 - [TEST_CASE][FAILED] - Test Cases/Operational_Dashboard/189: Test Cases/Operational_Dashboard/189 FAILED because (of) Unable to verify actual number '0' greater than or equal with expected number '1' (Root cause: Actual number '0' is NOT greater than or equal to expected number '1')]]></system-err>
      </testcase>
      <testcase name="Test Cases/Operational_Dashboard/190" classname="Test Cases/Operational_Dashboard/190" status="FAILED">
         <failure type="FAILED" message="Unable to verify actual number '0' greater than or equal with expected number '1' (Root cause: Actual number '0' is NOT greater than or equal to expected number '1')"/>
         <system-out><![CDATA[2019-04-26 12:59:55 - [TEST_CASE][FAILED] - Test Cases/Operational_Dashboard/190: Test Cases/Operational_Dashboard/190 FAILED because (of) Unable to verify actual number '0' greater than or equal with expected number '1' (Root cause: Actual number '0' is NOT greater than or equal to expected number '1')

2019-04-26 12:59:55 - [TEST_STEP][PASSED] - callTestCase: Call Test Case 'Test Cases/Operational_Dashboard/187' successfully

2019-04-26 12:59:55 - [TEST_CASE][PASSED] - Test Cases/Operational_Dashboard/187: Test Cases/Operational_Dashboard/187

2019-04-26 12:59:55 - [TEST_STEP][PASSED] - callTestCase: Call Test Case 'Test Cases/Operational_Dashboard/Login' successfully

2019-04-26 12:59:55 - [TEST_CASE][PASSED] - Test Cases/Operational_Dashboard/Login: Test Cases/Operational_Dashboard/Login

2019-04-26 12:59:55 - [TEST_STEP][PASSED] - callTestCase: Call Test Case 'Test Cases/s-sidebar_navigation/individualAccount/operationalDashboard' successfully

2019-04-26 12:59:55 - [TEST_CASE][PASSED] - Test Cases/s-sidebar_navigation/individualAccount/operationalDashboard: Test Cases/s-sidebar_navigation/individualAccount/operationalDashboard

2019-04-26 12:59:55 - [TEST_STEP][PASSED] - click: Object: 'Object Repository/Page_KiboEngage  Subscribers/span_Subscribers' is clicked on

2019-04-26 12:59:56 - [MESSAGE][PASSED] - Object: 'Object Repository/Page_KiboEngage  Subscribers/span_Subscribers' is clicked on

2019-04-26 12:59:56 - [TEST_STEP][PASSED] - click: Object: 'Object Repository/Page_KiboEngage  Subscribers/span_Operational Dashboard (1)' is clicked on

2019-04-26 12:59:56 - [MESSAGE][PASSED] - Object: 'Object Repository/Page_KiboEngage  Subscribers/span_Operational Dashboard (1)' is clicked on

2019-04-26 12:59:56 - [TEST_STEP][PASSED] - scrollToPosition: Browser is scrolled to position x = 0, y = 0

2019-04-26 12:59:56 - [MESSAGE][PASSED] - Browser is scrolled to position x = 0, y = 0

2019-04-26 12:59:56 - [TEST_STEP][PASSED] - delay: Delayed 2 second(s)

2019-04-26 12:59:58 - [MESSAGE][PASSED] - Delayed 2 second(s)

2019-04-26 12:59:58 - [TEST_STEP][PASSED] - click: Object: 'Object Repository/Page_KiboEngage  Operational Dashbo/h3_Pages Info (7)' is clicked on

2019-04-26 12:59:58 - [MESSAGE][PASSED] - Object: 'Object Repository/Page_KiboEngage  Operational Dashbo/h3_Pages Info (7)' is clicked on

2019-04-26 12:59:58 - [MESSAGE][PASSED] - Call Test Case 'Test Cases/s-sidebar_navigation/individualAccount/operationalDashboard' successfully

2019-04-26 12:59:58 - [MESSAGE][PASSED] - Call Test Case 'Test Cases/Operational_Dashboard/Login' successfully

2019-04-26 12:59:58 - [TEST_STEP][PASSED] - Statement - driver = com.kms.katalon.core.webui.driver.DriverFactory.getWebDriver(): null

2019-04-26 12:59:58 - [TEST_STEP][PASSED] - Statement - popup_poll = driver.findElement(org.openqa.selenium.By.xpath("//*[@id="content"]/div/div/div/div[2]/div[3]/div[7]/div/div/div/div[2]/ul/li[3]")): null

2019-04-26 12:59:58 - [TEST_STEP][PASSED] - Statement - popup_poll.click(): null

2019-04-26 12:59:59 - [TEST_STEP][PASSED] - delay: Delayed 5 second(s)

2019-04-26 13:00:04 - [MESSAGE][PASSED] - Delayed 5 second(s)

2019-04-26 13:00:04 - [TEST_STEP][PASSED] - Statement - rows_table = driver.findElements(org.openqa.selenium.By.xpath("//*[@id="content"]/div/div/div/div[2]/div[3]/div[7]/div/div/div[2]/div/div/div[2]/table/tbody/tr")): null

2019-04-26 13:00:04 - [TEST_STEP][PASSED] - Statement - rows_count = rows_table.size(): null

2019-04-26 13:00:04 - [TEST_STEP][PASSED] - verifyGreaterThanOrEqual: Actual number '10' is greater than or equal to expected number '1'

2019-04-26 13:00:04 - [MESSAGE][PASSED] - Actual number '10' is greater than or equal to expected number '1'

2019-04-26 13:00:04 - [MESSAGE][PASSED] - Call Test Case 'Test Cases/Operational_Dashboard/187' successfully

2019-04-26 13:00:04 - [TEST_STEP][PASSED] - Statement - driver = com.kms.katalon.core.webui.driver.DriverFactory.getWebDriver(): null

2019-04-26 13:00:04 - [TEST_STEP][PASSED] - Statement - next = driver.findElement(org.openqa.selenium.By.xpath("//*[@id="content"]/div/div/div/div[2]/div[3]/div[7]/div/div/div[2]/div/div/div[2]/ul/li[3]/a")): null

2019-04-26 13:00:04 - [TEST_STEP][PASSED] - Statement - next.click(): null

2019-04-26 13:00:04 - [TEST_STEP][PASSED] - delay: Delayed 5 second(s)

2019-04-26 13:00:09 - [MESSAGE][PASSED] - Delayed 5 second(s)

2019-04-26 13:00:09 - [TEST_STEP][PASSED] - Statement - rows_table = driver.findElements(org.openqa.selenium.By.xpath("//*[@id="content"]/div/div/div/div[2]/div[3]/div[7]/div/div/div[2]/div/div/div[2]/table/tbody/tr")): null

2019-04-26 13:00:09 - [TEST_STEP][PASSED] - Statement - rows_count = rows_table.size(): null

2019-04-26 13:00:09 - [TEST_STEP][FAILED] - verifyGreaterThanOrEqual: Unable to verify actual number '0' greater than or equal with expected number '1' (Root cause: Actual number '0' is NOT greater than or equal to expected number '1')

2019-04-26 13:00:09 - [MESSAGE][FAILED] - Unable to verify actual number '0' greater than or equal with expected number '1' (Root cause: Actual number '0' is NOT greater than or equal to expected number '1')]]></system-out>
         <system-err><![CDATA[2019-04-26 12:59:55 - [TEST_CASE][FAILED] - Test Cases/Operational_Dashboard/190: Test Cases/Operational_Dashboard/190 FAILED because (of) Unable to verify actual number '0' greater than or equal with expected number '1' (Root cause: Actual number '0' is NOT greater than or equal to expected number '1')]]></system-err>
      </testcase>
      <testcase name="Test Cases/Operational_Dashboard/191" classname="Test Cases/Operational_Dashboard/191" status="PASSED">
         <system-out><![CDATA[2019-04-26 13:00:09 - [TEST_CASE][PASSED] - Test Cases/Operational_Dashboard/191: Test Cases/Operational_Dashboard/191

2019-04-26 13:00:09 - [TEST_STEP][PASSED] - callTestCase: Call Test Case 'Test Cases/Operational_Dashboard/187' successfully

2019-04-26 13:00:09 - [TEST_CASE][PASSED] - Test Cases/Operational_Dashboard/187: Test Cases/Operational_Dashboard/187

2019-04-26 13:00:09 - [TEST_STEP][PASSED] - callTestCase: Call Test Case 'Test Cases/Operational_Dashboard/Login' successfully

2019-04-26 13:00:09 - [TEST_CASE][PASSED] - Test Cases/Operational_Dashboard/Login: Test Cases/Operational_Dashboard/Login

2019-04-26 13:00:09 - [TEST_STEP][PASSED] - callTestCase: Call Test Case 'Test Cases/s-sidebar_navigation/individualAccount/operationalDashboard' successfully

2019-04-26 13:00:10 - [TEST_CASE][PASSED] - Test Cases/s-sidebar_navigation/individualAccount/operationalDashboard: Test Cases/s-sidebar_navigation/individualAccount/operationalDashboard

2019-04-26 13:00:10 - [TEST_STEP][PASSED] - click: Object: 'Object Repository/Page_KiboEngage  Subscribers/span_Subscribers' is clicked on

2019-04-26 13:00:10 - [MESSAGE][PASSED] - Object: 'Object Repository/Page_KiboEngage  Subscribers/span_Subscribers' is clicked on

2019-04-26 13:00:10 - [TEST_STEP][PASSED] - click: Object: 'Object Repository/Page_KiboEngage  Subscribers/span_Operational Dashboard (1)' is clicked on

2019-04-26 13:00:11 - [MESSAGE][PASSED] - Object: 'Object Repository/Page_KiboEngage  Subscribers/span_Operational Dashboard (1)' is clicked on

2019-04-26 13:00:11 - [TEST_STEP][PASSED] - scrollToPosition: Browser is scrolled to position x = 0, y = 0

2019-04-26 13:00:11 - [MESSAGE][PASSED] - Browser is scrolled to position x = 0, y = 0

2019-04-26 13:00:11 - [TEST_STEP][PASSED] - delay: Delayed 2 second(s)

2019-04-26 13:00:13 - [MESSAGE][PASSED] - Delayed 2 second(s)

2019-04-26 13:00:13 - [TEST_STEP][PASSED] - click: Object: 'Object Repository/Page_KiboEngage  Operational Dashbo/h3_Pages Info (7)' is clicked on

2019-04-26 13:00:13 - [MESSAGE][PASSED] - Object: 'Object Repository/Page_KiboEngage  Operational Dashbo/h3_Pages Info (7)' is clicked on

2019-04-26 13:00:13 - [MESSAGE][PASSED] - Call Test Case 'Test Cases/s-sidebar_navigation/individualAccount/operationalDashboard' successfully

2019-04-26 13:00:13 - [MESSAGE][PASSED] - Call Test Case 'Test Cases/Operational_Dashboard/Login' successfully

2019-04-26 13:00:13 - [TEST_STEP][PASSED] - Statement - driver = com.kms.katalon.core.webui.driver.DriverFactory.getWebDriver(): null

2019-04-26 13:00:13 - [TEST_STEP][PASSED] - Statement - popup_poll = driver.findElement(org.openqa.selenium.By.xpath("//*[@id="content"]/div/div/div/div[2]/div[3]/div[7]/div/div/div/div[2]/ul/li[3]")): null

2019-04-26 13:00:13 - [TEST_STEP][PASSED] - Statement - popup_poll.click(): null

2019-04-26 13:00:13 - [TEST_STEP][PASSED] - delay: Delayed 5 second(s)

2019-04-26 13:00:18 - [MESSAGE][PASSED] - Delayed 5 second(s)

2019-04-26 13:00:18 - [TEST_STEP][PASSED] - Statement - rows_table = driver.findElements(org.openqa.selenium.By.xpath("//*[@id="content"]/div/div/div/div[2]/div[3]/div[7]/div/div/div[2]/div/div/div[2]/table/tbody/tr")): null

2019-04-26 13:00:18 - [TEST_STEP][PASSED] - Statement - rows_count = rows_table.size(): null

2019-04-26 13:00:18 - [TEST_STEP][PASSED] - verifyGreaterThanOrEqual: Actual number '10' is greater than or equal to expected number '1'

2019-04-26 13:00:18 - [MESSAGE][PASSED] - Actual number '10' is greater than or equal to expected number '1'

2019-04-26 13:00:18 - [MESSAGE][PASSED] - Call Test Case 'Test Cases/Operational_Dashboard/187' successfully

2019-04-26 13:00:18 - [TEST_STEP][PASSED] - Statement - driver = com.kms.katalon.core.webui.driver.DriverFactory.getWebDriver(): null

2019-04-26 13:00:18 - [TEST_STEP][PASSED] - Statement - search_text = driver.findElement(org.openqa.selenium.By.xpath("//*[@id="content"]/div/div/div/div[2]/div[3]/div[7]/div/div/div[2]/div/div/div[1]/div[1]/input")): null

2019-04-26 13:00:18 - [TEST_STEP][PASSED] - Statement - search_text.clear(): null

2019-04-26 13:00:18 - [TEST_STEP][PASSED] - Statement - search_text.sendKeys("1"): null

2019-04-26 13:00:18 - [TEST_STEP][PASSED] - delay: Delayed 5 second(s)

2019-04-26 13:00:23 - [MESSAGE][PASSED] - Delayed 5 second(s)

2019-04-26 13:00:23 - [TEST_STEP][PASSED] - Statement - rows_table = driver.findElements(org.openqa.selenium.By.xpath("//*[@id="content"]/div/div/div/div[2]/div[3]/div[7]/div/div/div[2]/div/div/div[2]/table/tbody/tr")): null

2019-04-26 13:00:23 - [TEST_STEP][PASSED] - Statement - rows_count = rows_table.size(): null

2019-04-26 13:00:23 - [TEST_STEP][PASSED] - verifyGreaterThanOrEqual: Actual number '10' is greater than or equal to expected number '1'

2019-04-26 13:00:23 - [MESSAGE][PASSED] - Actual number '10' is greater than or equal to expected number '1']]></system-out>
         <system-err><![CDATA[]]></system-err>
      </testcase>
      <testcase name="Test Cases/Operational_Dashboard/192" classname="Test Cases/Operational_Dashboard/192" status="FAILED">
         <failure type="FAILED" message="Unable to verify actual number '0' greater than or equal with expected number '1' (Root cause: Actual number '0' is NOT greater than or equal to expected number '1')"/>
         <system-out><![CDATA[2019-04-26 13:00:23 - [TEST_CASE][FAILED] - Test Cases/Operational_Dashboard/192: Test Cases/Operational_Dashboard/192 FAILED because (of) Unable to verify actual number '0' greater than or equal with expected number '1' (Root cause: Actual number '0' is NOT greater than or equal to expected number '1')

2019-04-26 13:00:24 - [TEST_STEP][PASSED] - callTestCase: Call Test Case 'Test Cases/Operational_Dashboard/187' successfully

2019-04-26 13:00:24 - [TEST_CASE][PASSED] - Test Cases/Operational_Dashboard/187: Test Cases/Operational_Dashboard/187

2019-04-26 13:00:24 - [TEST_STEP][PASSED] - callTestCase: Call Test Case 'Test Cases/Operational_Dashboard/Login' successfully

2019-04-26 13:00:24 - [TEST_CASE][PASSED] - Test Cases/Operational_Dashboard/Login: Test Cases/Operational_Dashboard/Login

2019-04-26 13:00:24 - [TEST_STEP][PASSED] - callTestCase: Call Test Case 'Test Cases/s-sidebar_navigation/individualAccount/operationalDashboard' successfully

2019-04-26 13:00:24 - [TEST_CASE][PASSED] - Test Cases/s-sidebar_navigation/individualAccount/operationalDashboard: Test Cases/s-sidebar_navigation/individualAccount/operationalDashboard

2019-04-26 13:00:24 - [TEST_STEP][PASSED] - click: Object: 'Object Repository/Page_KiboEngage  Subscribers/span_Subscribers' is clicked on

2019-04-26 13:00:24 - [MESSAGE][PASSED] - Object: 'Object Repository/Page_KiboEngage  Subscribers/span_Subscribers' is clicked on

2019-04-26 13:00:24 - [TEST_STEP][PASSED] - click: Object: 'Object Repository/Page_KiboEngage  Subscribers/span_Operational Dashboard (1)' is clicked on

2019-04-26 13:00:25 - [MESSAGE][PASSED] - Object: 'Object Repository/Page_KiboEngage  Subscribers/span_Operational Dashboard (1)' is clicked on

2019-04-26 13:00:25 - [TEST_STEP][PASSED] - scrollToPosition: Browser is scrolled to position x = 0, y = 0

2019-04-26 13:00:25 - [MESSAGE][PASSED] - Browser is scrolled to position x = 0, y = 0

2019-04-26 13:00:25 - [TEST_STEP][PASSED] - delay: Delayed 2 second(s)

2019-04-26 13:00:27 - [MESSAGE][PASSED] - Delayed 2 second(s)

2019-04-26 13:00:27 - [TEST_STEP][PASSED] - click: Object: 'Object Repository/Page_KiboEngage  Operational Dashbo/h3_Pages Info (7)' is clicked on

2019-04-26 13:00:27 - [MESSAGE][PASSED] - Object: 'Object Repository/Page_KiboEngage  Operational Dashbo/h3_Pages Info (7)' is clicked on

2019-04-26 13:00:27 - [MESSAGE][PASSED] - Call Test Case 'Test Cases/s-sidebar_navigation/individualAccount/operationalDashboard' successfully

2019-04-26 13:00:27 - [MESSAGE][PASSED] - Call Test Case 'Test Cases/Operational_Dashboard/Login' successfully

2019-04-26 13:00:27 - [TEST_STEP][PASSED] - Statement - driver = com.kms.katalon.core.webui.driver.DriverFactory.getWebDriver(): null

2019-04-26 13:00:27 - [TEST_STEP][PASSED] - Statement - popup_poll = driver.findElement(org.openqa.selenium.By.xpath("//*[@id="content"]/div/div/div/div[2]/div[3]/div[7]/div/div/div/div[2]/ul/li[3]")): null

2019-04-26 13:00:27 - [TEST_STEP][PASSED] - Statement - popup_poll.click(): null

2019-04-26 13:00:27 - [TEST_STEP][PASSED] - delay: Delayed 5 second(s)

2019-04-26 13:00:32 - [MESSAGE][PASSED] - Delayed 5 second(s)

2019-04-26 13:00:32 - [TEST_STEP][PASSED] - Statement - rows_table = driver.findElements(org.openqa.selenium.By.xpath("//*[@id="content"]/div/div/div/div[2]/div[3]/div[7]/div/div/div[2]/div/div/div[2]/table/tbody/tr")): null

2019-04-26 13:00:32 - [TEST_STEP][PASSED] - Statement - rows_count = rows_table.size(): null

2019-04-26 13:00:32 - [TEST_STEP][PASSED] - verifyGreaterThanOrEqual: Actual number '10' is greater than or equal to expected number '1'

2019-04-26 13:00:32 - [MESSAGE][PASSED] - Actual number '10' is greater than or equal to expected number '1'

2019-04-26 13:00:32 - [MESSAGE][PASSED] - Call Test Case 'Test Cases/Operational_Dashboard/187' successfully

2019-04-26 13:00:32 - [TEST_STEP][PASSED] - Statement - driver = com.kms.katalon.core.webui.driver.DriverFactory.getWebDriver(): null

2019-04-26 13:00:32 - [TEST_STEP][PASSED] - Statement - search_text = driver.findElement(org.openqa.selenium.By.xpath("//*[@id="content"]/div/div/div/div[2]/div[3]/div[7]/div/div/div[2]/div/div/div[1]/div[2]/div/input")): null

2019-04-26 13:00:32 - [TEST_STEP][PASSED] - Statement - search_text.clear(): null

2019-04-26 13:00:32 - [TEST_STEP][PASSED] - Statement - search_text.sendKeys("1"): null

2019-04-26 13:00:33 - [TEST_STEP][PASSED] - delay: Delayed 5 second(s)

2019-04-26 13:00:38 - [MESSAGE][PASSED] - Delayed 5 second(s)

2019-04-26 13:00:38 - [TEST_STEP][PASSED] - Statement - rows_table = driver.findElements(org.openqa.selenium.By.xpath("//*[@id="content"]/div/div/div/div[2]/div[3]/div[7]/div/div/div[2]/div/div/div[2]/table/tbody/tr")): null

2019-04-26 13:00:38 - [TEST_STEP][PASSED] - Statement - rows_count = rows_table.size(): null

2019-04-26 13:00:38 - [TEST_STEP][FAILED] - verifyGreaterThanOrEqual: Unable to verify actual number '0' greater than or equal with expected number '1' (Root cause: Actual number '0' is NOT greater than or equal to expected number '1')

2019-04-26 13:00:38 - [MESSAGE][FAILED] - Unable to verify actual number '0' greater than or equal with expected number '1' (Root cause: Actual number '0' is NOT greater than or equal to expected number '1')]]></system-out>
         <system-err><![CDATA[2019-04-26 13:00:23 - [TEST_CASE][FAILED] - Test Cases/Operational_Dashboard/192: Test Cases/Operational_Dashboard/192 FAILED because (of) Unable to verify actual number '0' greater than or equal with expected number '1' (Root cause: Actual number '0' is NOT greater than or equal to expected number '1')]]></system-err>
      </testcase>
      <testcase name="Test Cases/Operational_Dashboard/193" classname="Test Cases/Operational_Dashboard/193" status="PASSED">
         <system-out><![CDATA[2019-04-26 13:00:38 - [TEST_CASE][PASSED] - Test Cases/Operational_Dashboard/193: Test Cases/Operational_Dashboard/193

2019-04-26 13:00:38 - [TEST_STEP][PASSED] - callTestCase: Call Test Case 'Test Cases/Operational_Dashboard/187' successfully

2019-04-26 13:00:38 - [TEST_CASE][PASSED] - Test Cases/Operational_Dashboard/187: Test Cases/Operational_Dashboard/187

2019-04-26 13:00:38 - [TEST_STEP][PASSED] - callTestCase: Call Test Case 'Test Cases/Operational_Dashboard/Login' successfully

2019-04-26 13:00:38 - [TEST_CASE][PASSED] - Test Cases/Operational_Dashboard/Login: Test Cases/Operational_Dashboard/Login

2019-04-26 13:00:38 - [TEST_STEP][PASSED] - callTestCase: Call Test Case 'Test Cases/s-sidebar_navigation/individualAccount/operationalDashboard' successfully

2019-04-26 13:00:38 - [TEST_CASE][PASSED] - Test Cases/s-sidebar_navigation/individualAccount/operationalDashboard: Test Cases/s-sidebar_navigation/individualAccount/operationalDashboard

2019-04-26 13:00:38 - [TEST_STEP][PASSED] - click: Object: 'Object Repository/Page_KiboEngage  Subscribers/span_Subscribers' is clicked on

2019-04-26 13:00:39 - [MESSAGE][PASSED] - Object: 'Object Repository/Page_KiboEngage  Subscribers/span_Subscribers' is clicked on

2019-04-26 13:00:39 - [TEST_STEP][PASSED] - click: Object: 'Object Repository/Page_KiboEngage  Subscribers/span_Operational Dashboard (1)' is clicked on

2019-04-26 13:00:39 - [MESSAGE][PASSED] - Object: 'Object Repository/Page_KiboEngage  Subscribers/span_Operational Dashboard (1)' is clicked on

2019-04-26 13:00:39 - [TEST_STEP][PASSED] - scrollToPosition: Browser is scrolled to position x = 0, y = 0

2019-04-26 13:00:39 - [MESSAGE][PASSED] - Browser is scrolled to position x = 0, y = 0

2019-04-26 13:00:39 - [TEST_STEP][PASSED] - delay: Delayed 2 second(s)

2019-04-26 13:00:41 - [MESSAGE][PASSED] - Delayed 2 second(s)

2019-04-26 13:00:41 - [TEST_STEP][PASSED] - click: Object: 'Object Repository/Page_KiboEngage  Operational Dashbo/h3_Pages Info (7)' is clicked on

2019-04-26 13:00:42 - [MESSAGE][PASSED] - Object: 'Object Repository/Page_KiboEngage  Operational Dashbo/h3_Pages Info (7)' is clicked on

2019-04-26 13:00:42 - [MESSAGE][PASSED] - Call Test Case 'Test Cases/s-sidebar_navigation/individualAccount/operationalDashboard' successfully

2019-04-26 13:00:42 - [MESSAGE][PASSED] - Call Test Case 'Test Cases/Operational_Dashboard/Login' successfully

2019-04-26 13:00:42 - [TEST_STEP][PASSED] - Statement - driver = com.kms.katalon.core.webui.driver.DriverFactory.getWebDriver(): null

2019-04-26 13:00:42 - [TEST_STEP][PASSED] - Statement - popup_poll = driver.findElement(org.openqa.selenium.By.xpath("//*[@id="content"]/div/div/div/div[2]/div[3]/div[7]/div/div/div/div[2]/ul/li[3]")): null

2019-04-26 13:00:42 - [TEST_STEP][PASSED] - Statement - popup_poll.click(): null

2019-04-26 13:00:42 - [TEST_STEP][PASSED] - delay: Delayed 5 second(s)

2019-04-26 13:00:47 - [MESSAGE][PASSED] - Delayed 5 second(s)

2019-04-26 13:00:47 - [TEST_STEP][PASSED] - Statement - rows_table = driver.findElements(org.openqa.selenium.By.xpath("//*[@id="content"]/div/div/div/div[2]/div[3]/div[7]/div/div/div[2]/div/div/div[2]/table/tbody/tr")): null

2019-04-26 13:00:47 - [TEST_STEP][PASSED] - Statement - rows_count = rows_table.size(): null

2019-04-26 13:00:47 - [TEST_STEP][PASSED] - verifyGreaterThanOrEqual: Actual number '10' is greater than or equal to expected number '1'

2019-04-26 13:00:47 - [MESSAGE][PASSED] - Actual number '10' is greater than or equal to expected number '1'

2019-04-26 13:00:47 - [MESSAGE][PASSED] - Call Test Case 'Test Cases/Operational_Dashboard/187' successfully

2019-04-26 13:00:47 - [TEST_STEP][PASSED] - Statement - driver = com.kms.katalon.core.webui.driver.DriverFactory.getWebDriver(): null

2019-04-26 13:00:47 - [TEST_STEP][PASSED] - Statement - search_text = driver.findElement(org.openqa.selenium.By.xpath("//*[@id="content"]/div/div/div/div[2]/div[3]/div[7]/div/div/div[2]/div/div/div[1]/div[1]/input")): null

2019-04-26 13:00:47 - [TEST_STEP][PASSED] - Statement - search_text.clear(): null

2019-04-26 13:00:47 - [TEST_STEP][PASSED] - Statement - search_text.sendKeys("1"): null

2019-04-26 13:00:47 - [TEST_STEP][PASSED] - delay: Delayed 5 second(s)

2019-04-26 13:00:52 - [MESSAGE][PASSED] - Delayed 5 second(s)

2019-04-26 13:00:52 - [TEST_STEP][PASSED] - Statement - search = driver.findElement(org.openqa.selenium.By.xpath("//*[@id="content"]/div/div/div/div[2]/div[3]/div[7]/div/div/div[2]/div/div/div[1]/div[2]/div/input")): null

2019-04-26 13:00:52 - [TEST_STEP][PASSED] - Statement - search.clear(): null

2019-04-26 13:00:52 - [TEST_STEP][PASSED] - Statement - search.sendKeys("10"): null

2019-04-26 13:00:53 - [TEST_STEP][PASSED] - delay: Delayed 5 second(s)

2019-04-26 13:00:58 - [MESSAGE][PASSED] - Delayed 5 second(s)

2019-04-26 13:00:58 - [TEST_STEP][PASSED] - Statement - rows_table = driver.findElements(org.openqa.selenium.By.xpath("//*[@id="content"]/div/div/div/div[2]/div[3]/div[7]/div/div/div[2]/div/div/div[2]/table/tbody/tr")): null

2019-04-26 13:00:58 - [TEST_STEP][PASSED] - Statement - rows_count = rows_table.size(): null

2019-04-26 13:00:58 - [TEST_STEP][PASSED] - verifyGreaterThanOrEqual: Actual number '10' is greater than or equal to expected number '1'

2019-04-26 13:00:58 - [MESSAGE][PASSED] - Actual number '10' is greater than or equal to expected number '1']]></system-out>
         <system-err><![CDATA[]]></system-err>
      </testcase>
      <testcase name="Test Cases/Operational_Dashboard/194" classname="Test Cases/Operational_Dashboard/194" status="PASSED">
         <system-out><![CDATA[2019-04-26 13:00:58 - [TEST_CASE][PASSED] - Test Cases/Operational_Dashboard/194: Test Cases/Operational_Dashboard/194

2019-04-26 13:00:58 - [TEST_STEP][PASSED] - callTestCase: Call Test Case 'Test Cases/Operational_Dashboard/187' successfully

2019-04-26 13:00:58 - [TEST_CASE][PASSED] - Test Cases/Operational_Dashboard/187: Test Cases/Operational_Dashboard/187

2019-04-26 13:00:58 - [TEST_STEP][PASSED] - callTestCase: Call Test Case 'Test Cases/Operational_Dashboard/Login' successfully

2019-04-26 13:00:58 - [TEST_CASE][PASSED] - Test Cases/Operational_Dashboard/Login: Test Cases/Operational_Dashboard/Login

2019-04-26 13:00:58 - [TEST_STEP][PASSED] - callTestCase: Call Test Case 'Test Cases/s-sidebar_navigation/individualAccount/operationalDashboard' successfully

2019-04-26 13:00:58 - [TEST_CASE][PASSED] - Test Cases/s-sidebar_navigation/individualAccount/operationalDashboard: Test Cases/s-sidebar_navigation/individualAccount/operationalDashboard

2019-04-26 13:00:58 - [TEST_STEP][PASSED] - click: Object: 'Object Repository/Page_KiboEngage  Subscribers/span_Subscribers' is clicked on

2019-04-26 13:00:59 - [MESSAGE][PASSED] - Object: 'Object Repository/Page_KiboEngage  Subscribers/span_Subscribers' is clicked on

2019-04-26 13:00:59 - [TEST_STEP][PASSED] - click: Object: 'Object Repository/Page_KiboEngage  Subscribers/span_Operational Dashboard (1)' is clicked on

2019-04-26 13:01:00 - [MESSAGE][PASSED] - Object: 'Object Repository/Page_KiboEngage  Subscribers/span_Operational Dashboard (1)' is clicked on

2019-04-26 13:01:00 - [TEST_STEP][PASSED] - scrollToPosition: Browser is scrolled to position x = 0, y = 0

2019-04-26 13:01:00 - [MESSAGE][PASSED] - Browser is scrolled to position x = 0, y = 0

2019-04-26 13:01:00 - [TEST_STEP][PASSED] - delay: Delayed 2 second(s)

2019-04-26 13:01:02 - [MESSAGE][PASSED] - Delayed 2 second(s)

2019-04-26 13:01:02 - [TEST_STEP][PASSED] - click: Object: 'Object Repository/Page_KiboEngage  Operational Dashbo/h3_Pages Info (7)' is clicked on

2019-04-26 13:01:02 - [MESSAGE][PASSED] - Object: 'Object Repository/Page_KiboEngage  Operational Dashbo/h3_Pages Info (7)' is clicked on

2019-04-26 13:01:02 - [MESSAGE][PASSED] - Call Test Case 'Test Cases/s-sidebar_navigation/individualAccount/operationalDashboard' successfully

2019-04-26 13:01:02 - [MESSAGE][PASSED] - Call Test Case 'Test Cases/Operational_Dashboard/Login' successfully

2019-04-26 13:01:02 - [TEST_STEP][PASSED] - Statement - driver = com.kms.katalon.core.webui.driver.DriverFactory.getWebDriver(): null

2019-04-26 13:01:02 - [TEST_STEP][PASSED] - Statement - popup_poll = driver.findElement(org.openqa.selenium.By.xpath("//*[@id="content"]/div/div/div/div[2]/div[3]/div[7]/div/div/div/div[2]/ul/li[3]")): null

2019-04-26 13:01:02 - [TEST_STEP][PASSED] - Statement - popup_poll.click(): null

2019-04-26 13:01:02 - [TEST_STEP][PASSED] - delay: Delayed 5 second(s)

2019-04-26 13:01:07 - [MESSAGE][PASSED] - Delayed 5 second(s)

2019-04-26 13:01:07 - [TEST_STEP][PASSED] - Statement - rows_table = driver.findElements(org.openqa.selenium.By.xpath("//*[@id="content"]/div/div/div/div[2]/div[3]/div[7]/div/div/div[2]/div/div/div[2]/table/tbody/tr")): null

2019-04-26 13:01:07 - [TEST_STEP][PASSED] - Statement - rows_count = rows_table.size(): null

2019-04-26 13:01:07 - [TEST_STEP][PASSED] - verifyGreaterThanOrEqual: Actual number '10' is greater than or equal to expected number '1'

2019-04-26 13:01:07 - [MESSAGE][PASSED] - Actual number '10' is greater than or equal to expected number '1'

2019-04-26 13:01:07 - [MESSAGE][PASSED] - Call Test Case 'Test Cases/Operational_Dashboard/187' successfully

2019-04-26 13:01:07 - [TEST_STEP][PASSED] - click: Object: 'Object Repository/Page_KiboEngage  Operational Dashbo/button_View (3)' is clicked on

2019-04-26 13:01:08 - [MESSAGE][PASSED] - Object: 'Object Repository/Page_KiboEngage  Operational Dashbo/button_View (3)' is clicked on

2019-04-26 13:01:08 - [TEST_STEP][PASSED] - delay: Delayed 2 second(s)

2019-04-26 13:01:10 - [MESSAGE][PASSED] - Delayed 2 second(s)

2019-04-26 13:01:10 - [TEST_STEP][PASSED] - scrollToPosition: Browser is scrolled to position x = 0, y = 0

2019-04-26 13:01:10 - [MESSAGE][PASSED] - Browser is scrolled to position x = 0, y = 0

2019-04-26 13:01:10 - [TEST_STEP][PASSED] - verifyTextPresent: Text 'Polls Sent So Far' is present on page 

2019-04-26 13:01:10 - [MESSAGE][PASSED] - Text 'Polls Sent So Far' is present on page 

2019-04-26 13:01:10 - [TEST_STEP][PASSED] - verifyTextPresent: Text 'Polls Respones' is present on page 

2019-04-26 13:01:10 - [MESSAGE][PASSED] - Text 'Polls Respones' is present on page 

2019-04-26 13:01:10 - [TEST_STEP][PASSED] - verifyTextPresent: Text 'Poll Response Chart' is present on page 

2019-04-26 13:01:10 - [MESSAGE][PASSED] - Text 'Poll Response Chart' is present on page]]></system-out>
         <system-err><![CDATA[]]></system-err>
      </testcase>
      <testcase name="Test Cases/Operational_Dashboard/195" classname="Test Cases/Operational_Dashboard/195" status="PASSED">
         <system-out><![CDATA[2019-04-26 13:01:10 - [TEST_CASE][PASSED] - Test Cases/Operational_Dashboard/195: Test Cases/Operational_Dashboard/195

2019-04-26 13:01:11 - [TEST_STEP][PASSED] - callTestCase: Call Test Case 'Test Cases/Operational_Dashboard/194' successfully

2019-04-26 13:01:11 - [TEST_CASE][PASSED] - Test Cases/Operational_Dashboard/194: Test Cases/Operational_Dashboard/194

2019-04-26 13:01:11 - [TEST_STEP][PASSED] - callTestCase: Call Test Case 'Test Cases/Operational_Dashboard/187' successfully

2019-04-26 13:01:11 - [TEST_CASE][PASSED] - Test Cases/Operational_Dashboard/187: Test Cases/Operational_Dashboard/187

2019-04-26 13:01:11 - [TEST_STEP][PASSED] - callTestCase: Call Test Case 'Test Cases/Operational_Dashboard/Login' successfully

2019-04-26 13:01:11 - [TEST_CASE][PASSED] - Test Cases/Operational_Dashboard/Login: Test Cases/Operational_Dashboard/Login

2019-04-26 13:01:11 - [TEST_STEP][PASSED] - callTestCase: Call Test Case 'Test Cases/s-sidebar_navigation/individualAccount/operationalDashboard' successfully

2019-04-26 13:01:11 - [TEST_CASE][PASSED] - Test Cases/s-sidebar_navigation/individualAccount/operationalDashboard: Test Cases/s-sidebar_navigation/individualAccount/operationalDashboard

2019-04-26 13:01:11 - [TEST_STEP][PASSED] - click: Object: 'Object Repository/Page_KiboEngage  Subscribers/span_Subscribers' is clicked on

2019-04-26 13:01:11 - [MESSAGE][PASSED] - Object: 'Object Repository/Page_KiboEngage  Subscribers/span_Subscribers' is clicked on

2019-04-26 13:01:11 - [TEST_STEP][PASSED] - click: Object: 'Object Repository/Page_KiboEngage  Subscribers/span_Operational Dashboard (1)' is clicked on

2019-04-26 13:01:12 - [MESSAGE][PASSED] - Object: 'Object Repository/Page_KiboEngage  Subscribers/span_Operational Dashboard (1)' is clicked on

2019-04-26 13:01:12 - [TEST_STEP][PASSED] - scrollToPosition: Browser is scrolled to position x = 0, y = 0

2019-04-26 13:01:12 - [MESSAGE][PASSED] - Browser is scrolled to position x = 0, y = 0

2019-04-26 13:01:12 - [TEST_STEP][PASSED] - delay: Delayed 2 second(s)

2019-04-26 13:01:14 - [MESSAGE][PASSED] - Delayed 2 second(s)

2019-04-26 13:01:14 - [TEST_STEP][PASSED] - click: Object: 'Object Repository/Page_KiboEngage  Operational Dashbo/h3_Pages Info (7)' is clicked on

2019-04-26 13:01:14 - [MESSAGE][PASSED] - Object: 'Object Repository/Page_KiboEngage  Operational Dashbo/h3_Pages Info (7)' is clicked on

2019-04-26 13:01:14 - [MESSAGE][PASSED] - Call Test Case 'Test Cases/s-sidebar_navigation/individualAccount/operationalDashboard' successfully

2019-04-26 13:01:14 - [MESSAGE][PASSED] - Call Test Case 'Test Cases/Operational_Dashboard/Login' successfully

2019-04-26 13:01:14 - [TEST_STEP][PASSED] - Statement - driver = com.kms.katalon.core.webui.driver.DriverFactory.getWebDriver(): null

2019-04-26 13:01:14 - [TEST_STEP][PASSED] - Statement - popup_poll = driver.findElement(org.openqa.selenium.By.xpath("//*[@id="content"]/div/div/div/div[2]/div[3]/div[7]/div/div/div/div[2]/ul/li[3]")): null

2019-04-26 13:01:14 - [TEST_STEP][PASSED] - Statement - popup_poll.click(): null

2019-04-26 13:01:15 - [TEST_STEP][PASSED] - delay: Delayed 5 second(s)

2019-04-26 13:01:20 - [MESSAGE][PASSED] - Delayed 5 second(s)

2019-04-26 13:01:20 - [TEST_STEP][PASSED] - Statement - rows_table = driver.findElements(org.openqa.selenium.By.xpath("//*[@id="content"]/div/div/div/div[2]/div[3]/div[7]/div/div/div[2]/div/div/div[2]/table/tbody/tr")): null

2019-04-26 13:01:20 - [TEST_STEP][PASSED] - Statement - rows_count = rows_table.size(): null

2019-04-26 13:01:20 - [TEST_STEP][PASSED] - verifyGreaterThanOrEqual: Actual number '10' is greater than or equal to expected number '1'

2019-04-26 13:01:20 - [MESSAGE][PASSED] - Actual number '10' is greater than or equal to expected number '1'

2019-04-26 13:01:20 - [MESSAGE][PASSED] - Call Test Case 'Test Cases/Operational_Dashboard/187' successfully

2019-04-26 13:01:20 - [TEST_STEP][PASSED] - click: Object: 'Object Repository/Page_KiboEngage  Operational Dashbo/button_View (3)' is clicked on

2019-04-26 13:01:20 - [MESSAGE][PASSED] - Object: 'Object Repository/Page_KiboEngage  Operational Dashbo/button_View (3)' is clicked on

2019-04-26 13:01:20 - [TEST_STEP][PASSED] - delay: Delayed 2 second(s)

2019-04-26 13:01:22 - [MESSAGE][PASSED] - Delayed 2 second(s)

2019-04-26 13:01:22 - [TEST_STEP][PASSED] - scrollToPosition: Browser is scrolled to position x = 0, y = 0

2019-04-26 13:01:22 - [MESSAGE][PASSED] - Browser is scrolled to position x = 0, y = 0

2019-04-26 13:01:22 - [TEST_STEP][PASSED] - verifyTextPresent: Text 'Polls Sent So Far' is present on page 

2019-04-26 13:01:22 - [MESSAGE][PASSED] - Text 'Polls Sent So Far' is present on page 

2019-04-26 13:01:22 - [TEST_STEP][PASSED] - verifyTextPresent: Text 'Polls Respones' is present on page 

2019-04-26 13:01:22 - [MESSAGE][PASSED] - Text 'Polls Respones' is present on page 

2019-04-26 13:01:22 - [TEST_STEP][PASSED] - verifyTextPresent: Text 'Poll Response Chart' is present on page 

2019-04-26 13:01:22 - [MESSAGE][PASSED] - Text 'Poll Response Chart' is present on page 

2019-04-26 13:01:22 - [MESSAGE][PASSED] - Call Test Case 'Test Cases/Operational_Dashboard/194' successfully

2019-04-26 13:01:22 - [TEST_STEP][PASSED] - click: Object: 'Object Repository/Page_KiboEngage  Poll Details/button_Back' is clicked on

2019-04-26 13:01:23 - [MESSAGE][PASSED] - Object: 'Object Repository/Page_KiboEngage  Poll Details/button_Back' is clicked on

2019-04-26 13:01:23 - [TEST_STEP][PASSED] - scrollToPosition: Browser is scrolled to position x = 0, y = 0

2019-04-26 13:01:23 - [MESSAGE][PASSED] - Browser is scrolled to position x = 0, y = 0

2019-04-26 13:01:23 - [TEST_STEP][PASSED] - click: Object: 'Object Repository/Page_KiboEngage  Operational Dashbo/h3_Pages Info (7)' is clicked on

2019-04-26 13:01:23 - [MESSAGE][PASSED] - Object: 'Object Repository/Page_KiboEngage  Operational Dashbo/h3_Pages Info (7)' is clicked on]]></system-out>
         <system-err><![CDATA[]]></system-err>
      </testcase>
      <testcase name="Test Cases/Operational_Dashboard/196" classname="Test Cases/Operational_Dashboard/196" status="PASSED">
         <system-out><![CDATA[2019-04-26 13:01:23 - [TEST_CASE][PASSED] - Test Cases/Operational_Dashboard/196: Test Cases/Operational_Dashboard/196

2019-04-26 13:01:23 - [TEST_STEP][PASSED] - callTestCase: Call Test Case 'Test Cases/Operational_Dashboard/187' successfully

2019-04-26 13:01:24 - [TEST_CASE][PASSED] - Test Cases/Operational_Dashboard/187: Test Cases/Operational_Dashboard/187

2019-04-26 13:01:24 - [TEST_STEP][PASSED] - callTestCase: Call Test Case 'Test Cases/Operational_Dashboard/Login' successfully

2019-04-26 13:01:24 - [TEST_CASE][PASSED] - Test Cases/Operational_Dashboard/Login: Test Cases/Operational_Dashboard/Login

2019-04-26 13:01:24 - [TEST_STEP][PASSED] - callTestCase: Call Test Case 'Test Cases/s-sidebar_navigation/individualAccount/operationalDashboard' successfully

2019-04-26 13:01:24 - [TEST_CASE][PASSED] - Test Cases/s-sidebar_navigation/individualAccount/operationalDashboard: Test Cases/s-sidebar_navigation/individualAccount/operationalDashboard

2019-04-26 13:01:24 - [TEST_STEP][PASSED] - click: Object: 'Object Repository/Page_KiboEngage  Subscribers/span_Subscribers' is clicked on

2019-04-26 13:01:24 - [MESSAGE][PASSED] - Object: 'Object Repository/Page_KiboEngage  Subscribers/span_Subscribers' is clicked on

2019-04-26 13:01:24 - [TEST_STEP][PASSED] - click: Object: 'Object Repository/Page_KiboEngage  Subscribers/span_Operational Dashboard (1)' is clicked on

2019-04-26 13:01:25 - [MESSAGE][PASSED] - Object: 'Object Repository/Page_KiboEngage  Subscribers/span_Operational Dashboard (1)' is clicked on

2019-04-26 13:01:25 - [TEST_STEP][PASSED] - scrollToPosition: Browser is scrolled to position x = 0, y = 0

2019-04-26 13:01:25 - [MESSAGE][PASSED] - Browser is scrolled to position x = 0, y = 0

2019-04-26 13:01:25 - [TEST_STEP][PASSED] - delay: Delayed 2 second(s)

2019-04-26 13:01:27 - [MESSAGE][PASSED] - Delayed 2 second(s)

2019-04-26 13:01:27 - [TEST_STEP][PASSED] - click: Object: 'Object Repository/Page_KiboEngage  Operational Dashbo/h3_Pages Info (7)' is clicked on

2019-04-26 13:01:27 - [MESSAGE][PASSED] - Object: 'Object Repository/Page_KiboEngage  Operational Dashbo/h3_Pages Info (7)' is clicked on

2019-04-26 13:01:27 - [MESSAGE][PASSED] - Call Test Case 'Test Cases/s-sidebar_navigation/individualAccount/operationalDashboard' successfully

2019-04-26 13:01:27 - [MESSAGE][PASSED] - Call Test Case 'Test Cases/Operational_Dashboard/Login' successfully

2019-04-26 13:01:27 - [TEST_STEP][PASSED] - Statement - driver = com.kms.katalon.core.webui.driver.DriverFactory.getWebDriver(): null

2019-04-26 13:01:27 - [TEST_STEP][PASSED] - Statement - popup_poll = driver.findElement(org.openqa.selenium.By.xpath("//*[@id="content"]/div/div/div/div[2]/div[3]/div[7]/div/div/div/div[2]/ul/li[3]")): null

2019-04-26 13:01:27 - [TEST_STEP][PASSED] - Statement - popup_poll.click(): null

2019-04-26 13:01:28 - [TEST_STEP][PASSED] - delay: Delayed 5 second(s)

2019-04-26 13:01:33 - [MESSAGE][PASSED] - Delayed 5 second(s)

2019-04-26 13:01:33 - [TEST_STEP][PASSED] - Statement - rows_table = driver.findElements(org.openqa.selenium.By.xpath("//*[@id="content"]/div/div/div/div[2]/div[3]/div[7]/div/div/div[2]/div/div/div[2]/table/tbody/tr")): null

2019-04-26 13:01:33 - [TEST_STEP][PASSED] - Statement - rows_count = rows_table.size(): null

2019-04-26 13:01:33 - [TEST_STEP][PASSED] - verifyGreaterThanOrEqual: Actual number '10' is greater than or equal to expected number '1'

2019-04-26 13:01:33 - [MESSAGE][PASSED] - Actual number '10' is greater than or equal to expected number '1'

2019-04-26 13:01:33 - [MESSAGE][PASSED] - Call Test Case 'Test Cases/Operational_Dashboard/187' successfully

2019-04-26 13:01:33 - [TEST_STEP][PASSED] - Statement - driver = com.kms.katalon.core.webui.driver.DriverFactory.getWebDriver(): null

2019-04-26 13:01:33 - [TEST_STEP][PASSED] - Statement - popDown_survey = driver.findElement(org.openqa.selenium.By.xpath("//*[@id="content"]/div/div/div/div[2]/div[3]/div[7]/div/div/div[1]/div[2]/ul/li[3]")): null

2019-04-26 13:01:33 - [TEST_STEP][PASSED] - Statement - popDown_survey.click(): null

2019-04-26 13:01:33 - [TEST_STEP][PASSED] - delay: Delayed 5 second(s)

2019-04-26 13:01:38 - [MESSAGE][PASSED] - Delayed 5 second(s)

2019-04-26 13:01:38 - [TEST_STEP][PASSED] - verifyTextNotPresent: Text 'Responded' is not present on page

2019-04-26 13:01:39 - [MESSAGE][PASSED] - Text 'Responded' is not present on page]]></system-out>
         <system-err><![CDATA[]]></system-err>
      </testcase>
      <system-out><![CDATA[2019-04-26 12:42:15 - [TEST_SUITE][FAILED] - operationalDashboard: Test Cases/Operational_Dashboard/127 FAILED because (of) Unable to verify equal between actual object '1' and expected object '3' (Root cause: Actual object '1' and expected object '3' are not equal)]]></system-out>
      <system-err><![CDATA[2019-04-26 12:42:15 - [TEST_SUITE][FAILED] - operationalDashboard: Test Cases/Operational_Dashboard/127 FAILED because (of) Unable to verify equal between actual object '1' and expected object '3' (Root cause: Actual object '1' and expected object '3' are not equal)]]></system-err>
   </testsuite>
</testsuites>
