<?xml version="1.0" encoding="UTF-8"?>
<testsuites name="broadcast" time="553" tests="28" failures="68" errors="0">
   <testsuite name="broadcast" tests="28" failures="68" errors="0" time="553" timestamp="2019-04-22 16:30:30" hostname="cloudkibo - 10.0.2.15" id="Test Suites/broadcast">
      <properties>
         <property name="deviceName" value=""/>
         <property name="devicePlatform" value=""/>
         <property name="logFolder" value="C:\\Users\\cloudkibo\\Desktop\\KiboPush_Automated_Testing\\KiboPush Katalon\\Reports\\broadcast\\20190422_163027"/>
         <property name="logFiles" value="C:\\Users\\cloudkibo\\Desktop\\KiboPush_Automated_Testing\\KiboPush Katalon\\Reports\\broadcast\\20190422_163027\\execution0.log"/>
         <property name="attachments" value="C:\\Users\\cloudkibo\\Desktop\\KiboPush_Automated_Testing\\KiboPush Katalon\\Reports\\broadcast\\20190422_163027\\1555932899595.png, C:\\Users\\cloudkibo\\Desktop\\KiboPush_Automated_Testing\\KiboPush Katalon\\Reports\\broadcast\\20190422_163027\\1555932913744.png, C:\\Users\\cloudkibo\\Desktop\\KiboPush_Automated_Testing\\KiboPush Katalon\\Reports\\broadcast\\20190422_163027\\1555932986804.png, C:\\Users\\cloudkibo\\Desktop\\KiboPush_Automated_Testing\\KiboPush Katalon\\Reports\\broadcast\\20190422_163027\\1555932987138.png, C:\\Users\\cloudkibo\\Desktop\\KiboPush_Automated_Testing\\KiboPush Katalon\\Reports\\broadcast\\20190422_163027\\1555932998153.png"/>
         <property name="hostName" value="cloudkibo - 10.0.2.15"/>
         <property name="os" value="Windows 10 64bit"/>
         <property name="katalonVersion" value="5.6.0.1"/>
         <property name="browser" value="Chrome 73.0.3683.103"/>
         <property name="hostAddress" value="10.0.2.15"/>
         <property name="sessionId" value="6df7bdbbf87924fc31039f17f9c9fbae"/>
         <property name="seleniumVersion" value="3.7.1"/>
         <property name="proxyInformation" value="ProxyInformation{proxyOption=NO_PROXY, proxyServerType=HTTP, password=, proxyServerAddress=, proxyServerPort=0}"/>
         <property name="platform" value="Windows 10"/>
      </properties>
      <testcase name="Test Cases/s-sidebar_navigation/individualAccount/arveen_production_login_kiboengage" classname="Test Cases/s-sidebar_navigation/individualAccount/arveen_production_login_kiboengage" status="PASSED">
         <system-out><![CDATA[2019-04-22 16:30:31 - [TEST_CASE][PASSED] - Test Cases/s-sidebar_navigation/individualAccount/arveen_production_login_kiboengage: Test Cases/s-sidebar_navigation/individualAccount/arveen_production_login_kiboengage

2019-04-22 16:30:32 - [TEST_STEP][PASSED] - openBrowser: Browser is opened with url: ''

2019-04-22 16:30:37 - [MESSAGE][PASSED] - Browser is opened with url: ''

2019-04-22 16:30:37 - [TEST_STEP][PASSED] - maximizeWindow: Current window maximized

2019-04-22 16:30:38 - [MESSAGE][PASSED] - Current window maximized

2019-04-22 16:30:38 - [TEST_STEP][PASSED] - navigateToUrl: Navigate to 'https://kiboengage.cloudkibo.com/' successfully

2019-04-22 16:30:53 - [MESSAGE][PASSED] - Navigate to 'https://kiboengage.cloudkibo.com/' successfully

2019-04-22 16:30:53 - [TEST_STEP][PASSED] - navigateToUrl: Navigate to 'https://accounts.cloudkibo.com/?continue=https://kiboengage.cloudkibo.com' successfully

2019-04-22 16:30:54 - [MESSAGE][PASSED] - Navigate to 'https://accounts.cloudkibo.com/?continue=https://kiboengage.cloudkibo.com' successfully

2019-04-22 16:30:54 - [TEST_STEP][PASSED] - click: Object: 'Object Repository/Page_CloudKibo/a_Login (2) (1) (1)' is clicked on

2019-04-22 16:30:56 - [MESSAGE][PASSED] - Object: 'Object Repository/Page_CloudKibo/a_Login (2) (1) (1)' is clicked on

2019-04-22 16:30:56 - [TEST_STEP][PASSED] - setText: Text 'individual@cloudkibo.com' is set on object 'Object Repository/Page_KiboPush/input_email (10) (1) (1)'

2019-04-22 16:30:56 - [MESSAGE][PASSED] - Text 'individual@cloudkibo.com' is set on object 'Object Repository/Page_KiboPush/input_email (10) (1) (1)'

2019-04-22 16:30:56 - [TEST_STEP][PASSED] - setEncryptedText: Text ****** has been set on object 'Object Repository/Page_CloudKibo/input_Sign In_password (7)'

2019-04-22 16:30:57 - [MESSAGE][PASSED] - Text ****** has been set on object 'Object Repository/Page_CloudKibo/input_Sign In_password (7)'

2019-04-22 16:30:57 - [TEST_STEP][PASSED] - click: Object: 'Object Repository/Page_KiboPush/button_Sign In (10) (1) (2)' is clicked on

2019-04-22 16:30:57 - [MESSAGE][PASSED] - Object: 'Object Repository/Page_KiboPush/button_Sign In (10) (1) (2)' is clicked on

2019-04-22 16:30:57 - [TEST_STEP][PASSED] - click: Object: 'Object Repository/Page_KiboPush  Dashboard/h3_Dashboard (57)' is clicked on

2019-04-22 16:31:20 - [MESSAGE][PASSED] - Object: 'Object Repository/Page_KiboPush  Dashboard/h3_Dashboard (57)' is clicked on

2019-04-22 16:31:20 - [TEST_STEP][PASSED] - delay: Delayed 3 second(s)

2019-04-22 16:31:24 - [MESSAGE][PASSED] - Delayed 3 second(s)

2019-04-22 16:31:24 - [TEST_STEP][PASSED] - click: Object: 'Object Repository/Page_KiboEngage  Dashboard/a_SMS (2) (1) (1) (1) (3)' is clicked on

2019-04-22 16:31:24 - [MESSAGE][PASSED] - Object: 'Object Repository/Page_KiboEngage  Dashboard/a_SMS (2) (1) (1) (1) (3)' is clicked on

2019-04-22 16:31:24 - [TEST_STEP][PASSED] - delay: Delayed 2 second(s)

2019-04-22 16:31:27 - [MESSAGE][PASSED] - Delayed 2 second(s)

2019-04-22 16:31:27 - [TEST_STEP][PASSED] - click: Object: 'Object Repository/Page_KiboEngage  Dashboard/span_Messenger (1) (1) (1) (3)' is clicked on

2019-04-22 16:31:27 - [MESSAGE][PASSED] - Object: 'Object Repository/Page_KiboEngage  Dashboard/span_Messenger (1) (1) (1) (3)' is clicked on

2019-04-22 16:31:27 - [TEST_STEP][PASSED] - delay: Delayed 2 second(s)

2019-04-22 16:31:30 - [MESSAGE][PASSED] - Delayed 2 second(s)]]></system-out>
         <system-err><![CDATA[]]></system-err>
      </testcase>
      <testcase name="Test Cases/Broadcasts/open_broadcast" classname="Test Cases/Broadcasts/open_broadcast" status="PASSED">
         <system-out><![CDATA[2019-04-22 16:31:30 - [TEST_CASE][PASSED] - Test Cases/Broadcasts/open_broadcast: Test Cases/Broadcasts/open_broadcast

2019-04-22 16:31:31 - [TEST_STEP][PASSED] - click: Object: 'Object Repository/Page_KiboPush  Dashboard/span_Broadcasting' is clicked on

2019-04-22 16:31:31 - [MESSAGE][PASSED] - Object: 'Object Repository/Page_KiboPush  Dashboard/span_Broadcasting' is clicked on

2019-04-22 16:31:31 - [TEST_STEP][PASSED] - delay: Delayed 2 second(s)

2019-04-22 16:31:34 - [MESSAGE][PASSED] - Delayed 2 second(s)]]></system-out>
         <system-err><![CDATA[]]></system-err>
      </testcase>
      <testcase name="Test Cases/Broadcasts/TC0106" classname="Test Cases/Broadcasts/TC0106" status="PASSED">
         <system-out><![CDATA[2019-04-22 16:31:34 - [TEST_CASE][PASSED] - Test Cases/Broadcasts/TC0106: Test Cases/Broadcasts/TC0106

2019-04-22 16:31:35 - [TEST_STEP][PASSED] - callTestCase: Call Test Case 'Test Cases/s-sidebar_navigation/TeamAccount/Broadcasts' successfully

2019-04-22 16:31:35 - [TEST_CASE][PASSED] - Test Cases/s-sidebar_navigation/TeamAccount/Broadcasts: Test Cases/s-sidebar_navigation/TeamAccount/Broadcasts

2019-04-22 16:31:35 - [TEST_STEP][PASSED] - callTestCase: Call Test Case 'Test Cases/s-sidebar_navigation/individualAccount/broadcast' successfully

2019-04-22 16:31:35 - [TEST_CASE][PASSED] - Test Cases/s-sidebar_navigation/individualAccount/broadcast: Test Cases/s-sidebar_navigation/individualAccount/broadcast

2019-04-22 16:31:36 - [TEST_STEP][PASSED] - click: Object: 'Object Repository/Page_KiboPush  Dashboard/span_Polls' is clicked on

2019-04-22 16:31:36 - [MESSAGE][PASSED] - Object: 'Object Repository/Page_KiboPush  Dashboard/span_Polls' is clicked on

2019-04-22 16:31:36 - [TEST_STEP][PASSED] - delay: Delayed 1 second(s)

2019-04-22 16:31:37 - [MESSAGE][PASSED] - Delayed 1 second(s)

2019-04-22 16:31:37 - [TEST_STEP][PASSED] - click: Object: 'Object Repository/Page_KiboPush  Dashboard/span_Broadcasts' is clicked on

2019-04-22 16:31:38 - [MESSAGE][PASSED] - Object: 'Object Repository/Page_KiboPush  Dashboard/span_Broadcasts' is clicked on

2019-04-22 16:31:38 - [TEST_STEP][PASSED] - delay: Delayed 1 second(s)

2019-04-22 16:31:39 - [MESSAGE][PASSED] - Delayed 1 second(s)

2019-04-22 16:31:39 - [TEST_STEP][PASSED] - scrollToPosition: Browser is scrolled to position x = 0, y = 0

2019-04-22 16:31:39 - [MESSAGE][PASSED] - Browser is scrolled to position x = 0, y = 0

2019-04-22 16:31:39 - [TEST_STEP][PASSED] - click: Object: 'Object Repository/Page_KiboPush  Broadcast/h3_Manage Broadcasts' is clicked on

2019-04-22 16:31:39 - [MESSAGE][PASSED] - Object: 'Object Repository/Page_KiboPush  Broadcast/h3_Manage Broadcasts' is clicked on

2019-04-22 16:31:39 - [MESSAGE][PASSED] - Call Test Case 'Test Cases/s-sidebar_navigation/individualAccount/broadcast' successfully

2019-04-22 16:31:39 - [MESSAGE][PASSED] - Call Test Case 'Test Cases/s-sidebar_navigation/TeamAccount/Broadcasts' successfully

2019-04-22 16:31:39 - [TEST_STEP][PASSED] - click: Object: 'Object Repository/Page_KiboPush  Broadcast/a_documentation' is clicked on

2019-04-22 16:31:40 - [MESSAGE][PASSED] - Object: 'Object Repository/Page_KiboPush  Broadcast/a_documentation' is clicked on]]></system-out>
         <system-err><![CDATA[]]></system-err>
      </testcase>
      <testcase name="Test Cases/Broadcasts/TC0107" classname="Test Cases/Broadcasts/TC0107" status="PASSED">
         <system-out><![CDATA[2019-04-22 16:31:40 - [TEST_CASE][PASSED] - Test Cases/Broadcasts/TC0107: Test Cases/Broadcasts/TC0107

2019-04-22 16:31:41 - [TEST_STEP][PASSED] - callTestCase: Call Test Case 'Test Cases/s-sidebar_navigation/TeamAccount/Broadcasts' successfully

2019-04-22 16:31:41 - [TEST_CASE][PASSED] - Test Cases/s-sidebar_navigation/TeamAccount/Broadcasts: Test Cases/s-sidebar_navigation/TeamAccount/Broadcasts

2019-04-22 16:31:41 - [TEST_STEP][PASSED] - callTestCase: Call Test Case 'Test Cases/s-sidebar_navigation/individualAccount/broadcast' successfully

2019-04-22 16:31:41 - [TEST_CASE][PASSED] - Test Cases/s-sidebar_navigation/individualAccount/broadcast: Test Cases/s-sidebar_navigation/individualAccount/broadcast

2019-04-22 16:31:41 - [TEST_STEP][PASSED] - click: Object: 'Object Repository/Page_KiboPush  Dashboard/span_Polls' is clicked on

2019-04-22 16:31:42 - [MESSAGE][PASSED] - Object: 'Object Repository/Page_KiboPush  Dashboard/span_Polls' is clicked on

2019-04-22 16:31:42 - [TEST_STEP][PASSED] - delay: Delayed 1 second(s)

2019-04-22 16:31:43 - [MESSAGE][PASSED] - Delayed 1 second(s)

2019-04-22 16:31:43 - [TEST_STEP][PASSED] - click: Object: 'Object Repository/Page_KiboPush  Dashboard/span_Broadcasts' is clicked on

2019-04-22 16:31:43 - [MESSAGE][PASSED] - Object: 'Object Repository/Page_KiboPush  Dashboard/span_Broadcasts' is clicked on

2019-04-22 16:31:43 - [TEST_STEP][PASSED] - delay: Delayed 1 second(s)

2019-04-22 16:31:44 - [MESSAGE][PASSED] - Delayed 1 second(s)

2019-04-22 16:31:44 - [TEST_STEP][PASSED] - scrollToPosition: Browser is scrolled to position x = 0, y = 0

2019-04-22 16:31:44 - [MESSAGE][PASSED] - Browser is scrolled to position x = 0, y = 0

2019-04-22 16:31:44 - [TEST_STEP][PASSED] - click: Object: 'Object Repository/Page_KiboPush  Broadcast/h3_Manage Broadcasts' is clicked on

2019-04-22 16:31:46 - [MESSAGE][PASSED] - Object: 'Object Repository/Page_KiboPush  Broadcast/h3_Manage Broadcasts' is clicked on

2019-04-22 16:31:46 - [MESSAGE][PASSED] - Call Test Case 'Test Cases/s-sidebar_navigation/individualAccount/broadcast' successfully

2019-04-22 16:31:46 - [MESSAGE][PASSED] - Call Test Case 'Test Cases/s-sidebar_navigation/TeamAccount/Broadcasts' successfully

2019-04-22 16:31:46 - [TEST_STEP][PASSED] - click: Object: 'Object Repository/Page_KiboPush  Broadcast/a_video tutorial (1)' is clicked on

2019-04-22 16:31:52 - [MESSAGE][PASSED] - Object: 'Object Repository/Page_KiboPush  Broadcast/a_video tutorial (1)' is clicked on]]></system-out>
         <system-err><![CDATA[]]></system-err>
      </testcase>
      <testcase name="Test Cases/Broadcasts/TC0108" classname="Test Cases/Broadcasts/TC0108" status="PASSED">
         <system-out><![CDATA[2019-04-22 16:31:52 - [TEST_CASE][PASSED] - Test Cases/Broadcasts/TC0108: Test Cases/Broadcasts/TC0108

2019-04-22 16:31:53 - [TEST_STEP][PASSED] - callTestCase: Call Test Case 'Test Cases/s-sidebar_navigation/TeamAccount/Broadcasts' successfully

2019-04-22 16:31:53 - [TEST_CASE][PASSED] - Test Cases/s-sidebar_navigation/TeamAccount/Broadcasts: Test Cases/s-sidebar_navigation/TeamAccount/Broadcasts

2019-04-22 16:31:53 - [TEST_STEP][PASSED] - callTestCase: Call Test Case 'Test Cases/s-sidebar_navigation/individualAccount/broadcast' successfully

2019-04-22 16:31:53 - [TEST_CASE][PASSED] - Test Cases/s-sidebar_navigation/individualAccount/broadcast: Test Cases/s-sidebar_navigation/individualAccount/broadcast

2019-04-22 16:31:53 - [TEST_STEP][PASSED] - click: Object: 'Object Repository/Page_KiboPush  Dashboard/span_Polls' is clicked on

2019-04-22 16:31:54 - [MESSAGE][PASSED] - Object: 'Object Repository/Page_KiboPush  Dashboard/span_Polls' is clicked on

2019-04-22 16:31:54 - [TEST_STEP][PASSED] - delay: Delayed 1 second(s)

2019-04-22 16:31:55 - [MESSAGE][PASSED] - Delayed 1 second(s)

2019-04-22 16:31:55 - [TEST_STEP][PASSED] - click: Object: 'Object Repository/Page_KiboPush  Dashboard/span_Broadcasts' is clicked on

2019-04-22 16:31:56 - [MESSAGE][PASSED] - Object: 'Object Repository/Page_KiboPush  Dashboard/span_Broadcasts' is clicked on

2019-04-22 16:31:56 - [TEST_STEP][PASSED] - delay: Delayed 1 second(s)

2019-04-22 16:31:57 - [MESSAGE][PASSED] - Delayed 1 second(s)

2019-04-22 16:31:57 - [TEST_STEP][PASSED] - scrollToPosition: Browser is scrolled to position x = 0, y = 0

2019-04-22 16:31:57 - [MESSAGE][PASSED] - Browser is scrolled to position x = 0, y = 0

2019-04-22 16:31:57 - [TEST_STEP][PASSED] - click: Object: 'Object Repository/Page_KiboPush  Broadcast/h3_Manage Broadcasts' is clicked on

2019-04-22 16:31:57 - [MESSAGE][PASSED] - Object: 'Object Repository/Page_KiboPush  Broadcast/h3_Manage Broadcasts' is clicked on

2019-04-22 16:31:57 - [MESSAGE][PASSED] - Call Test Case 'Test Cases/s-sidebar_navigation/individualAccount/broadcast' successfully

2019-04-22 16:31:57 - [MESSAGE][PASSED] - Call Test Case 'Test Cases/s-sidebar_navigation/TeamAccount/Broadcasts' successfully

2019-04-22 16:31:57 - [TEST_STEP][PASSED] - delay: Delayed 1 second(s)

2019-04-22 16:31:58 - [MESSAGE][PASSED] - Delayed 1 second(s)

2019-04-22 16:31:58 - [TEST_STEP][PASSED] - Statement - driver = com.kms.katalon.core.webui.driver.DriverFactory.getWebDriver(): null

2019-04-22 16:31:58 - [TEST_STEP][PASSED] - Statement - Table = driver.findElement(org.openqa.selenium.By.xpath("//table/tbody")): null

2019-04-22 16:31:58 - [TEST_STEP][PASSED] - Statement - rows_table = Table.findElements(org.openqa.selenium.By.tagName("tr")): null

2019-04-22 16:31:58 - [TEST_STEP][PASSED] - Statement - rows_count = rows_table.size(): null

2019-04-22 16:31:58 - [TEST_STEP][PASSED] - verifyGreaterThanOrEqual: Actual number '10' is greater than or equal to expected number '1'

2019-04-22 16:31:58 - [MESSAGE][PASSED] - Actual number '10' is greater than or equal to expected number '1']]></system-out>
         <system-err><![CDATA[]]></system-err>
      </testcase>
      <testcase name="Test Cases/Broadcasts/TC0109" classname="Test Cases/Broadcasts/TC0109" status="PASSED">
         <system-out><![CDATA[2019-04-22 16:31:58 - [TEST_CASE][PASSED] - Test Cases/Broadcasts/TC0109: Test Cases/Broadcasts/TC0109

2019-04-22 16:31:59 - [TEST_STEP][PASSED] - callTestCase: Call Test Case 'Test Cases/s-sidebar_navigation/TeamAccount/Broadcasts' successfully

2019-04-22 16:31:59 - [TEST_CASE][PASSED] - Test Cases/s-sidebar_navigation/TeamAccount/Broadcasts: Test Cases/s-sidebar_navigation/TeamAccount/Broadcasts

2019-04-22 16:31:59 - [TEST_STEP][PASSED] - callTestCase: Call Test Case 'Test Cases/s-sidebar_navigation/individualAccount/broadcast' successfully

2019-04-22 16:31:59 - [TEST_CASE][PASSED] - Test Cases/s-sidebar_navigation/individualAccount/broadcast: Test Cases/s-sidebar_navigation/individualAccount/broadcast

2019-04-22 16:31:59 - [TEST_STEP][PASSED] - click: Object: 'Object Repository/Page_KiboPush  Dashboard/span_Polls' is clicked on

2019-04-22 16:32:00 - [MESSAGE][PASSED] - Object: 'Object Repository/Page_KiboPush  Dashboard/span_Polls' is clicked on

2019-04-22 16:32:00 - [TEST_STEP][PASSED] - delay: Delayed 1 second(s)

2019-04-22 16:32:01 - [MESSAGE][PASSED] - Delayed 1 second(s)

2019-04-22 16:32:01 - [TEST_STEP][PASSED] - click: Object: 'Object Repository/Page_KiboPush  Dashboard/span_Broadcasts' is clicked on

2019-04-22 16:32:01 - [MESSAGE][PASSED] - Object: 'Object Repository/Page_KiboPush  Dashboard/span_Broadcasts' is clicked on

2019-04-22 16:32:01 - [TEST_STEP][PASSED] - delay: Delayed 1 second(s)

2019-04-22 16:32:02 - [MESSAGE][PASSED] - Delayed 1 second(s)

2019-04-22 16:32:02 - [TEST_STEP][PASSED] - scrollToPosition: Browser is scrolled to position x = 0, y = 0

2019-04-22 16:32:02 - [MESSAGE][PASSED] - Browser is scrolled to position x = 0, y = 0

2019-04-22 16:32:02 - [TEST_STEP][PASSED] - click: Object: 'Object Repository/Page_KiboPush  Broadcast/h3_Manage Broadcasts' is clicked on

2019-04-22 16:32:02 - [MESSAGE][PASSED] - Object: 'Object Repository/Page_KiboPush  Broadcast/h3_Manage Broadcasts' is clicked on

2019-04-22 16:32:02 - [MESSAGE][PASSED] - Call Test Case 'Test Cases/s-sidebar_navigation/individualAccount/broadcast' successfully

2019-04-22 16:32:02 - [MESSAGE][PASSED] - Call Test Case 'Test Cases/s-sidebar_navigation/TeamAccount/Broadcasts' successfully

2019-04-22 16:32:02 - [TEST_STEP][PASSED] - delay: Delayed 1 second(s)

2019-04-22 16:32:03 - [MESSAGE][PASSED] - Delayed 1 second(s)

2019-04-22 16:32:03 - [TEST_STEP][PASSED] - setText: Text 'TitleX' is set on object 'Object Repository/Page_KiboPush  Broadcast/input_form-control'

2019-04-22 16:32:04 - [MESSAGE][PASSED] - Text 'TitleX' is set on object 'Object Repository/Page_KiboPush  Broadcast/input_form-control'

2019-04-22 16:32:04 - [TEST_STEP][PASSED] - click: Object: 'Object Repository/Page_KiboPush  Broadcast/span_TitleX' is clicked on

2019-04-22 16:32:04 - [MESSAGE][PASSED] - Object: 'Object Repository/Page_KiboPush  Broadcast/span_TitleX' is clicked on]]></system-out>
         <system-err><![CDATA[]]></system-err>
      </testcase>
      <testcase name="Test Cases/Broadcasts/TC0110" classname="Test Cases/Broadcasts/TC0110" status="PASSED">
         <system-out><![CDATA[2019-04-22 16:32:04 - [TEST_CASE][PASSED] - Test Cases/Broadcasts/TC0110: Test Cases/Broadcasts/TC0110

2019-04-22 16:32:04 - [TEST_STEP][PASSED] - callTestCase: Call Test Case 'Test Cases/s-sidebar_navigation/TeamAccount/Broadcasts' successfully

2019-04-22 16:32:04 - [TEST_CASE][PASSED] - Test Cases/s-sidebar_navigation/TeamAccount/Broadcasts: Test Cases/s-sidebar_navigation/TeamAccount/Broadcasts

2019-04-22 16:32:04 - [TEST_STEP][PASSED] - callTestCase: Call Test Case 'Test Cases/s-sidebar_navigation/individualAccount/broadcast' successfully

2019-04-22 16:32:04 - [TEST_CASE][PASSED] - Test Cases/s-sidebar_navigation/individualAccount/broadcast: Test Cases/s-sidebar_navigation/individualAccount/broadcast

2019-04-22 16:32:04 - [TEST_STEP][PASSED] - click: Object: 'Object Repository/Page_KiboPush  Dashboard/span_Polls' is clicked on

2019-04-22 16:32:05 - [MESSAGE][PASSED] - Object: 'Object Repository/Page_KiboPush  Dashboard/span_Polls' is clicked on

2019-04-22 16:32:05 - [TEST_STEP][PASSED] - delay: Delayed 1 second(s)

2019-04-22 16:32:06 - [MESSAGE][PASSED] - Delayed 1 second(s)

2019-04-22 16:32:06 - [TEST_STEP][PASSED] - click: Object: 'Object Repository/Page_KiboPush  Dashboard/span_Broadcasts' is clicked on

2019-04-22 16:32:06 - [MESSAGE][PASSED] - Object: 'Object Repository/Page_KiboPush  Dashboard/span_Broadcasts' is clicked on

2019-04-22 16:32:06 - [TEST_STEP][PASSED] - delay: Delayed 1 second(s)

2019-04-22 16:32:07 - [MESSAGE][PASSED] - Delayed 1 second(s)

2019-04-22 16:32:07 - [TEST_STEP][PASSED] - scrollToPosition: Browser is scrolled to position x = 0, y = 0

2019-04-22 16:32:07 - [MESSAGE][PASSED] - Browser is scrolled to position x = 0, y = 0

2019-04-22 16:32:07 - [TEST_STEP][PASSED] - click: Object: 'Object Repository/Page_KiboPush  Broadcast/h3_Manage Broadcasts' is clicked on

2019-04-22 16:32:07 - [MESSAGE][PASSED] - Object: 'Object Repository/Page_KiboPush  Broadcast/h3_Manage Broadcasts' is clicked on

2019-04-22 16:32:07 - [MESSAGE][PASSED] - Call Test Case 'Test Cases/s-sidebar_navigation/individualAccount/broadcast' successfully

2019-04-22 16:32:07 - [MESSAGE][PASSED] - Call Test Case 'Test Cases/s-sidebar_navigation/TeamAccount/Broadcasts' successfully

2019-04-22 16:32:07 - [TEST_STEP][PASSED] - selectOptionByValue: All options with value 'image' are selected in object 'Object Repository/Page_KiboPush  Broadcast/select_Filter by type...textim'  using regular expression

2019-04-22 16:32:08 - [MESSAGE][PASSED] - All options with value 'image' are selected in object 'Object Repository/Page_KiboPush  Broadcast/select_Filter by type...textim'  using regular expression

2019-04-22 16:32:08 - [TEST_STEP][PASSED] - delay: Delayed 1 second(s)

2019-04-22 16:32:09 - [MESSAGE][PASSED] - Delayed 1 second(s)

2019-04-22 16:32:09 - [TEST_STEP][PASSED] - click: Object: 'Object Repository/Page_KiboPush  Broadcast/span_image' is clicked on

2019-04-22 16:32:09 - [MESSAGE][PASSED] - Object: 'Object Repository/Page_KiboPush  Broadcast/span_image' is clicked on]]></system-out>
         <system-err><![CDATA[]]></system-err>
      </testcase>
      <testcase name="Test Cases/Broadcasts/TC0111" classname="Test Cases/Broadcasts/TC0111" status="PASSED">
         <system-out><![CDATA[2019-04-22 16:32:09 - [TEST_CASE][PASSED] - Test Cases/Broadcasts/TC0111: Test Cases/Broadcasts/TC0111

2019-04-22 16:32:09 - [TEST_STEP][PASSED] - callTestCase: Call Test Case 'Test Cases/s-sidebar_navigation/TeamAccount/Broadcasts' successfully

2019-04-22 16:32:10 - [TEST_CASE][PASSED] - Test Cases/s-sidebar_navigation/TeamAccount/Broadcasts: Test Cases/s-sidebar_navigation/TeamAccount/Broadcasts

2019-04-22 16:32:10 - [TEST_STEP][PASSED] - callTestCase: Call Test Case 'Test Cases/s-sidebar_navigation/individualAccount/broadcast' successfully

2019-04-22 16:32:10 - [TEST_CASE][PASSED] - Test Cases/s-sidebar_navigation/individualAccount/broadcast: Test Cases/s-sidebar_navigation/individualAccount/broadcast

2019-04-22 16:32:10 - [TEST_STEP][PASSED] - click: Object: 'Object Repository/Page_KiboPush  Dashboard/span_Polls' is clicked on

2019-04-22 16:32:10 - [MESSAGE][PASSED] - Object: 'Object Repository/Page_KiboPush  Dashboard/span_Polls' is clicked on

2019-04-22 16:32:10 - [TEST_STEP][PASSED] - delay: Delayed 1 second(s)

2019-04-22 16:32:11 - [MESSAGE][PASSED] - Delayed 1 second(s)

2019-04-22 16:32:11 - [TEST_STEP][PASSED] - click: Object: 'Object Repository/Page_KiboPush  Dashboard/span_Broadcasts' is clicked on

2019-04-22 16:32:11 - [MESSAGE][PASSED] - Object: 'Object Repository/Page_KiboPush  Dashboard/span_Broadcasts' is clicked on

2019-04-22 16:32:11 - [TEST_STEP][PASSED] - delay: Delayed 1 second(s)

2019-04-22 16:32:12 - [MESSAGE][PASSED] - Delayed 1 second(s)

2019-04-22 16:32:12 - [TEST_STEP][PASSED] - scrollToPosition: Browser is scrolled to position x = 0, y = 0

2019-04-22 16:32:12 - [MESSAGE][PASSED] - Browser is scrolled to position x = 0, y = 0

2019-04-22 16:32:12 - [TEST_STEP][PASSED] - click: Object: 'Object Repository/Page_KiboPush  Broadcast/h3_Manage Broadcasts' is clicked on

2019-04-22 16:32:12 - [MESSAGE][PASSED] - Object: 'Object Repository/Page_KiboPush  Broadcast/h3_Manage Broadcasts' is clicked on

2019-04-22 16:32:12 - [MESSAGE][PASSED] - Call Test Case 'Test Cases/s-sidebar_navigation/individualAccount/broadcast' successfully

2019-04-22 16:32:12 - [MESSAGE][PASSED] - Call Test Case 'Test Cases/s-sidebar_navigation/TeamAccount/Broadcasts' successfully

2019-04-22 16:32:12 - [TEST_STEP][PASSED] - selectOptionByValue: All options with value 'text' are selected in object 'Object Repository/Page_KiboPush  Broadcast/select_Filter by type...textim'  using regular expression

2019-04-22 16:32:13 - [MESSAGE][PASSED] - All options with value 'text' are selected in object 'Object Repository/Page_KiboPush  Broadcast/select_Filter by type...textim'  using regular expression

2019-04-22 16:32:13 - [TEST_STEP][PASSED] - click: Object: 'Object Repository/Page_KiboPush  Broadcast/span_text' is clicked on

2019-04-22 16:32:13 - [MESSAGE][PASSED] - Object: 'Object Repository/Page_KiboPush  Broadcast/span_text' is clicked on]]></system-out>
         <system-err><![CDATA[]]></system-err>
      </testcase>
      <testcase name="Test Cases/Broadcasts/TC0112" classname="Test Cases/Broadcasts/TC0112" status="PASSED">
         <system-out><![CDATA[2019-04-22 16:32:13 - [TEST_CASE][PASSED] - Test Cases/Broadcasts/TC0112: Test Cases/Broadcasts/TC0112

2019-04-22 16:32:13 - [TEST_STEP][PASSED] - callTestCase: Call Test Case 'Test Cases/s-sidebar_navigation/TeamAccount/Broadcasts' successfully

2019-04-22 16:32:13 - [TEST_CASE][PASSED] - Test Cases/s-sidebar_navigation/TeamAccount/Broadcasts: Test Cases/s-sidebar_navigation/TeamAccount/Broadcasts

2019-04-22 16:32:13 - [TEST_STEP][PASSED] - callTestCase: Call Test Case 'Test Cases/s-sidebar_navigation/individualAccount/broadcast' successfully

2019-04-22 16:32:14 - [TEST_CASE][PASSED] - Test Cases/s-sidebar_navigation/individualAccount/broadcast: Test Cases/s-sidebar_navigation/individualAccount/broadcast

2019-04-22 16:32:14 - [TEST_STEP][PASSED] - click: Object: 'Object Repository/Page_KiboPush  Dashboard/span_Polls' is clicked on

2019-04-22 16:32:14 - [MESSAGE][PASSED] - Object: 'Object Repository/Page_KiboPush  Dashboard/span_Polls' is clicked on

2019-04-22 16:32:14 - [TEST_STEP][PASSED] - delay: Delayed 1 second(s)

2019-04-22 16:32:15 - [MESSAGE][PASSED] - Delayed 1 second(s)

2019-04-22 16:32:15 - [TEST_STEP][PASSED] - click: Object: 'Object Repository/Page_KiboPush  Dashboard/span_Broadcasts' is clicked on

2019-04-22 16:32:15 - [MESSAGE][PASSED] - Object: 'Object Repository/Page_KiboPush  Dashboard/span_Broadcasts' is clicked on

2019-04-22 16:32:15 - [TEST_STEP][PASSED] - delay: Delayed 1 second(s)

2019-04-22 16:32:16 - [MESSAGE][PASSED] - Delayed 1 second(s)

2019-04-22 16:32:16 - [TEST_STEP][PASSED] - scrollToPosition: Browser is scrolled to position x = 0, y = 0

2019-04-22 16:32:16 - [MESSAGE][PASSED] - Browser is scrolled to position x = 0, y = 0

2019-04-22 16:32:16 - [TEST_STEP][PASSED] - click: Object: 'Object Repository/Page_KiboPush  Broadcast/h3_Manage Broadcasts' is clicked on

2019-04-22 16:32:16 - [MESSAGE][PASSED] - Object: 'Object Repository/Page_KiboPush  Broadcast/h3_Manage Broadcasts' is clicked on

2019-04-22 16:32:16 - [MESSAGE][PASSED] - Call Test Case 'Test Cases/s-sidebar_navigation/individualAccount/broadcast' successfully

2019-04-22 16:32:16 - [MESSAGE][PASSED] - Call Test Case 'Test Cases/s-sidebar_navigation/TeamAccount/Broadcasts' successfully

2019-04-22 16:32:16 - [TEST_STEP][PASSED] - selectOptionByValue: All options with value 'card' are selected in object 'Object Repository/Page_KiboPush  Broadcast/select_Filter by type...textim'  using regular expression

2019-04-22 16:32:17 - [MESSAGE][PASSED] - All options with value 'card' are selected in object 'Object Repository/Page_KiboPush  Broadcast/select_Filter by type...textim'  using regular expression

2019-04-22 16:32:17 - [TEST_STEP][PASSED] - delay: Delayed 1 second(s)

2019-04-22 16:32:18 - [MESSAGE][PASSED] - Delayed 1 second(s)

2019-04-22 16:32:18 - [TEST_STEP][PASSED] - click: Object: 'Object Repository/Page_KiboPush  Broadcast/span_card' is clicked on

2019-04-22 16:32:18 - [MESSAGE][PASSED] - Object: 'Object Repository/Page_KiboPush  Broadcast/span_card' is clicked on]]></system-out>
         <system-err><![CDATA[]]></system-err>
      </testcase>
      <testcase name="Test Cases/Broadcasts/TC0113" classname="Test Cases/Broadcasts/TC0113" status="PASSED">
         <system-out><![CDATA[2019-04-22 16:32:18 - [TEST_CASE][PASSED] - Test Cases/Broadcasts/TC0113: Test Cases/Broadcasts/TC0113

2019-04-22 16:32:18 - [TEST_STEP][PASSED] - callTestCase: Call Test Case 'Test Cases/s-sidebar_navigation/TeamAccount/Broadcasts' successfully

2019-04-22 16:32:18 - [TEST_CASE][PASSED] - Test Cases/s-sidebar_navigation/TeamAccount/Broadcasts: Test Cases/s-sidebar_navigation/TeamAccount/Broadcasts

2019-04-22 16:32:18 - [TEST_STEP][PASSED] - callTestCase: Call Test Case 'Test Cases/s-sidebar_navigation/individualAccount/broadcast' successfully

2019-04-22 16:32:18 - [TEST_CASE][PASSED] - Test Cases/s-sidebar_navigation/individualAccount/broadcast: Test Cases/s-sidebar_navigation/individualAccount/broadcast

2019-04-22 16:32:18 - [TEST_STEP][PASSED] - click: Object: 'Object Repository/Page_KiboPush  Dashboard/span_Polls' is clicked on

2019-04-22 16:32:19 - [MESSAGE][PASSED] - Object: 'Object Repository/Page_KiboPush  Dashboard/span_Polls' is clicked on

2019-04-22 16:32:19 - [TEST_STEP][PASSED] - delay: Delayed 1 second(s)

2019-04-22 16:32:19 - [MESSAGE][PASSED] - Delayed 1 second(s)

2019-04-22 16:32:19 - [TEST_STEP][PASSED] - click: Object: 'Object Repository/Page_KiboPush  Dashboard/span_Broadcasts' is clicked on

2019-04-22 16:32:20 - [MESSAGE][PASSED] - Object: 'Object Repository/Page_KiboPush  Dashboard/span_Broadcasts' is clicked on

2019-04-22 16:32:20 - [TEST_STEP][PASSED] - delay: Delayed 1 second(s)

2019-04-22 16:32:20 - [MESSAGE][PASSED] - Delayed 1 second(s)

2019-04-22 16:32:20 - [TEST_STEP][PASSED] - scrollToPosition: Browser is scrolled to position x = 0, y = 0

2019-04-22 16:32:20 - [MESSAGE][PASSED] - Browser is scrolled to position x = 0, y = 0

2019-04-22 16:32:20 - [TEST_STEP][PASSED] - click: Object: 'Object Repository/Page_KiboPush  Broadcast/h3_Manage Broadcasts' is clicked on

2019-04-22 16:32:21 - [MESSAGE][PASSED] - Object: 'Object Repository/Page_KiboPush  Broadcast/h3_Manage Broadcasts' is clicked on

2019-04-22 16:32:21 - [MESSAGE][PASSED] - Call Test Case 'Test Cases/s-sidebar_navigation/individualAccount/broadcast' successfully

2019-04-22 16:32:21 - [MESSAGE][PASSED] - Call Test Case 'Test Cases/s-sidebar_navigation/TeamAccount/Broadcasts' successfully

2019-04-22 16:32:21 - [TEST_STEP][PASSED] - selectOptionByValue: All options with value 'gallery' are selected in object 'Object Repository/Page_KiboPush  Broadcast/select_Filter by type...textim (4)'  using regular expression

2019-04-22 16:32:21 - [MESSAGE][PASSED] - All options with value 'gallery' are selected in object 'Object Repository/Page_KiboPush  Broadcast/select_Filter by type...textim (4)'  using regular expression

2019-04-22 16:32:21 - [TEST_STEP][PASSED] - click: Object: 'Object Repository/Page_KiboPush  Broadcast/span_gallery' is clicked on

2019-04-22 16:32:22 - [MESSAGE][PASSED] - Object: 'Object Repository/Page_KiboPush  Broadcast/span_gallery' is clicked on]]></system-out>
         <system-err><![CDATA[]]></system-err>
      </testcase>
      <testcase name="Test Cases/Broadcasts/TC0114" classname="Test Cases/Broadcasts/TC0114" status="PASSED">
         <system-out><![CDATA[2019-04-22 16:32:22 - [TEST_CASE][PASSED] - Test Cases/Broadcasts/TC0114: Test Cases/Broadcasts/TC0114

2019-04-22 16:32:22 - [TEST_STEP][PASSED] - callTestCase: Call Test Case 'Test Cases/s-sidebar_navigation/TeamAccount/Broadcasts' successfully

2019-04-22 16:32:22 - [TEST_CASE][PASSED] - Test Cases/s-sidebar_navigation/TeamAccount/Broadcasts: Test Cases/s-sidebar_navigation/TeamAccount/Broadcasts

2019-04-22 16:32:22 - [TEST_STEP][PASSED] - callTestCase: Call Test Case 'Test Cases/s-sidebar_navigation/individualAccount/broadcast' successfully

2019-04-22 16:32:22 - [TEST_CASE][PASSED] - Test Cases/s-sidebar_navigation/individualAccount/broadcast: Test Cases/s-sidebar_navigation/individualAccount/broadcast

2019-04-22 16:32:22 - [TEST_STEP][PASSED] - click: Object: 'Object Repository/Page_KiboPush  Dashboard/span_Polls' is clicked on

2019-04-22 16:32:23 - [MESSAGE][PASSED] - Object: 'Object Repository/Page_KiboPush  Dashboard/span_Polls' is clicked on

2019-04-22 16:32:23 - [TEST_STEP][PASSED] - delay: Delayed 1 second(s)

2019-04-22 16:32:24 - [MESSAGE][PASSED] - Delayed 1 second(s)

2019-04-22 16:32:24 - [TEST_STEP][PASSED] - click: Object: 'Object Repository/Page_KiboPush  Dashboard/span_Broadcasts' is clicked on

2019-04-22 16:32:24 - [MESSAGE][PASSED] - Object: 'Object Repository/Page_KiboPush  Dashboard/span_Broadcasts' is clicked on

2019-04-22 16:32:24 - [TEST_STEP][PASSED] - delay: Delayed 1 second(s)

2019-04-22 16:32:25 - [MESSAGE][PASSED] - Delayed 1 second(s)

2019-04-22 16:32:25 - [TEST_STEP][PASSED] - scrollToPosition: Browser is scrolled to position x = 0, y = 0

2019-04-22 16:32:25 - [MESSAGE][PASSED] - Browser is scrolled to position x = 0, y = 0

2019-04-22 16:32:25 - [TEST_STEP][PASSED] - click: Object: 'Object Repository/Page_KiboPush  Broadcast/h3_Manage Broadcasts' is clicked on

2019-04-22 16:32:25 - [MESSAGE][PASSED] - Object: 'Object Repository/Page_KiboPush  Broadcast/h3_Manage Broadcasts' is clicked on

2019-04-22 16:32:25 - [MESSAGE][PASSED] - Call Test Case 'Test Cases/s-sidebar_navigation/individualAccount/broadcast' successfully

2019-04-22 16:32:25 - [MESSAGE][PASSED] - Call Test Case 'Test Cases/s-sidebar_navigation/TeamAccount/Broadcasts' successfully

2019-04-22 16:32:25 - [TEST_STEP][PASSED] - selectOptionByValue: All options with value 'audio' are selected in object 'Object Repository/Page_KiboPush  Broadcast/select_Filter by type...textim'  using regular expression

2019-04-22 16:32:25 - [MESSAGE][PASSED] - All options with value 'audio' are selected in object 'Object Repository/Page_KiboPush  Broadcast/select_Filter by type...textim'  using regular expression

2019-04-22 16:32:25 - [TEST_STEP][PASSED] - click: Object: 'Object Repository/Page_KiboPush  Broadcast/span_audio' is clicked on

2019-04-22 16:32:26 - [MESSAGE][PASSED] - Object: 'Object Repository/Page_KiboPush  Broadcast/span_audio' is clicked on]]></system-out>
         <system-err><![CDATA[]]></system-err>
      </testcase>
      <testcase name="Test Cases/Broadcasts/TC0115" classname="Test Cases/Broadcasts/TC0115" status="PASSED">
         <system-out><![CDATA[2019-04-22 16:32:26 - [TEST_CASE][PASSED] - Test Cases/Broadcasts/TC0115: Test Cases/Broadcasts/TC0115

2019-04-22 16:32:26 - [TEST_STEP][PASSED] - callTestCase: Call Test Case 'Test Cases/s-sidebar_navigation/TeamAccount/Broadcasts' successfully

2019-04-22 16:32:26 - [TEST_CASE][PASSED] - Test Cases/s-sidebar_navigation/TeamAccount/Broadcasts: Test Cases/s-sidebar_navigation/TeamAccount/Broadcasts

2019-04-22 16:32:26 - [TEST_STEP][PASSED] - callTestCase: Call Test Case 'Test Cases/s-sidebar_navigation/individualAccount/broadcast' successfully

2019-04-22 16:32:26 - [TEST_CASE][PASSED] - Test Cases/s-sidebar_navigation/individualAccount/broadcast: Test Cases/s-sidebar_navigation/individualAccount/broadcast

2019-04-22 16:32:26 - [TEST_STEP][PASSED] - click: Object: 'Object Repository/Page_KiboPush  Dashboard/span_Polls' is clicked on

2019-04-22 16:32:26 - [MESSAGE][PASSED] - Object: 'Object Repository/Page_KiboPush  Dashboard/span_Polls' is clicked on

2019-04-22 16:32:26 - [TEST_STEP][PASSED] - delay: Delayed 1 second(s)

2019-04-22 16:32:27 - [MESSAGE][PASSED] - Delayed 1 second(s)

2019-04-22 16:32:27 - [TEST_STEP][PASSED] - click: Object: 'Object Repository/Page_KiboPush  Dashboard/span_Broadcasts' is clicked on

2019-04-22 16:32:27 - [MESSAGE][PASSED] - Object: 'Object Repository/Page_KiboPush  Dashboard/span_Broadcasts' is clicked on

2019-04-22 16:32:27 - [TEST_STEP][PASSED] - delay: Delayed 1 second(s)

2019-04-22 16:32:28 - [MESSAGE][PASSED] - Delayed 1 second(s)

2019-04-22 16:32:28 - [TEST_STEP][PASSED] - scrollToPosition: Browser is scrolled to position x = 0, y = 0

2019-04-22 16:32:28 - [MESSAGE][PASSED] - Browser is scrolled to position x = 0, y = 0

2019-04-22 16:32:28 - [TEST_STEP][PASSED] - click: Object: 'Object Repository/Page_KiboPush  Broadcast/h3_Manage Broadcasts' is clicked on

2019-04-22 16:32:28 - [MESSAGE][PASSED] - Object: 'Object Repository/Page_KiboPush  Broadcast/h3_Manage Broadcasts' is clicked on

2019-04-22 16:32:28 - [MESSAGE][PASSED] - Call Test Case 'Test Cases/s-sidebar_navigation/individualAccount/broadcast' successfully

2019-04-22 16:32:28 - [MESSAGE][PASSED] - Call Test Case 'Test Cases/s-sidebar_navigation/TeamAccount/Broadcasts' successfully

2019-04-22 16:32:28 - [TEST_STEP][PASSED] - selectOptionByValue: All options with value 'video' are selected in object 'Object Repository/Page_KiboPush  Broadcast/select_Filter by type...textim (1)'  using regular expression

2019-04-22 16:32:29 - [MESSAGE][PASSED] - All options with value 'video' are selected in object 'Object Repository/Page_KiboPush  Broadcast/select_Filter by type...textim (1)'  using regular expression

2019-04-22 16:32:29 - [TEST_STEP][PASSED] - click: Object: 'Object Repository/Page_KiboPush  Broadcast/span_video' is clicked on

2019-04-22 16:32:30 - [MESSAGE][PASSED] - Object: 'Object Repository/Page_KiboPush  Broadcast/span_video' is clicked on]]></system-out>
         <system-err><![CDATA[]]></system-err>
      </testcase>
      <testcase name="Test Cases/Broadcasts/TC0116" classname="Test Cases/Broadcasts/TC0116" status="PASSED">
         <system-out><![CDATA[2019-04-22 16:32:30 - [TEST_CASE][PASSED] - Test Cases/Broadcasts/TC0116: Test Cases/Broadcasts/TC0116

2019-04-22 16:32:30 - [TEST_STEP][PASSED] - callTestCase: Call Test Case 'Test Cases/s-sidebar_navigation/TeamAccount/Broadcasts' successfully

2019-04-22 16:32:30 - [TEST_CASE][PASSED] - Test Cases/s-sidebar_navigation/TeamAccount/Broadcasts: Test Cases/s-sidebar_navigation/TeamAccount/Broadcasts

2019-04-22 16:32:30 - [TEST_STEP][PASSED] - callTestCase: Call Test Case 'Test Cases/s-sidebar_navigation/individualAccount/broadcast' successfully

2019-04-22 16:32:30 - [TEST_CASE][PASSED] - Test Cases/s-sidebar_navigation/individualAccount/broadcast: Test Cases/s-sidebar_navigation/individualAccount/broadcast

2019-04-22 16:32:30 - [TEST_STEP][PASSED] - click: Object: 'Object Repository/Page_KiboPush  Dashboard/span_Polls' is clicked on

2019-04-22 16:32:30 - [MESSAGE][PASSED] - Object: 'Object Repository/Page_KiboPush  Dashboard/span_Polls' is clicked on

2019-04-22 16:32:30 - [TEST_STEP][PASSED] - delay: Delayed 1 second(s)

2019-04-22 16:32:31 - [MESSAGE][PASSED] - Delayed 1 second(s)

2019-04-22 16:32:31 - [TEST_STEP][PASSED] - click: Object: 'Object Repository/Page_KiboPush  Dashboard/span_Broadcasts' is clicked on

2019-04-22 16:32:31 - [MESSAGE][PASSED] - Object: 'Object Repository/Page_KiboPush  Dashboard/span_Broadcasts' is clicked on

2019-04-22 16:32:31 - [TEST_STEP][PASSED] - delay: Delayed 1 second(s)

2019-04-22 16:32:32 - [MESSAGE][PASSED] - Delayed 1 second(s)

2019-04-22 16:32:32 - [TEST_STEP][PASSED] - scrollToPosition: Browser is scrolled to position x = 0, y = 0

2019-04-22 16:32:32 - [MESSAGE][PASSED] - Browser is scrolled to position x = 0, y = 0

2019-04-22 16:32:32 - [TEST_STEP][PASSED] - click: Object: 'Object Repository/Page_KiboPush  Broadcast/h3_Manage Broadcasts' is clicked on

2019-04-22 16:32:32 - [MESSAGE][PASSED] - Object: 'Object Repository/Page_KiboPush  Broadcast/h3_Manage Broadcasts' is clicked on

2019-04-22 16:32:32 - [MESSAGE][PASSED] - Call Test Case 'Test Cases/s-sidebar_navigation/individualAccount/broadcast' successfully

2019-04-22 16:32:32 - [MESSAGE][PASSED] - Call Test Case 'Test Cases/s-sidebar_navigation/TeamAccount/Broadcasts' successfully

2019-04-22 16:32:32 - [TEST_STEP][PASSED] - selectOptionByValue: All options with value 'file' are selected in object 'Object Repository/Page_KiboPush  Broadcast/select_Filter by type...textim (5)'  using regular expression

2019-04-22 16:32:33 - [MESSAGE][PASSED] - All options with value 'file' are selected in object 'Object Repository/Page_KiboPush  Broadcast/select_Filter by type...textim (5)'  using regular expression

2019-04-22 16:32:33 - [TEST_STEP][PASSED] - click: Object: 'Object Repository/Page_KiboPush  Broadcast/span_file' is clicked on

2019-04-22 16:32:34 - [MESSAGE][PASSED] - Object: 'Object Repository/Page_KiboPush  Broadcast/span_file' is clicked on]]></system-out>
         <system-err><![CDATA[]]></system-err>
      </testcase>
      <testcase name="Test Cases/Broadcasts/TC0117" classname="Test Cases/Broadcasts/TC0117" status="PASSED">
         <system-out><![CDATA[2019-04-22 16:32:34 - [TEST_CASE][PASSED] - Test Cases/Broadcasts/TC0117: Test Cases/Broadcasts/TC0117

2019-04-22 16:32:34 - [TEST_STEP][PASSED] - callTestCase: Call Test Case 'Test Cases/s-sidebar_navigation/TeamAccount/Broadcasts' successfully

2019-04-22 16:32:34 - [TEST_CASE][PASSED] - Test Cases/s-sidebar_navigation/TeamAccount/Broadcasts: Test Cases/s-sidebar_navigation/TeamAccount/Broadcasts

2019-04-22 16:32:34 - [TEST_STEP][PASSED] - callTestCase: Call Test Case 'Test Cases/s-sidebar_navigation/individualAccount/broadcast' successfully

2019-04-22 16:32:34 - [TEST_CASE][PASSED] - Test Cases/s-sidebar_navigation/individualAccount/broadcast: Test Cases/s-sidebar_navigation/individualAccount/broadcast

2019-04-22 16:32:34 - [TEST_STEP][PASSED] - click: Object: 'Object Repository/Page_KiboPush  Dashboard/span_Polls' is clicked on

2019-04-22 16:32:34 - [MESSAGE][PASSED] - Object: 'Object Repository/Page_KiboPush  Dashboard/span_Polls' is clicked on

2019-04-22 16:32:34 - [TEST_STEP][PASSED] - delay: Delayed 1 second(s)

2019-04-22 16:32:35 - [MESSAGE][PASSED] - Delayed 1 second(s)

2019-04-22 16:32:35 - [TEST_STEP][PASSED] - click: Object: 'Object Repository/Page_KiboPush  Dashboard/span_Broadcasts' is clicked on

2019-04-22 16:32:35 - [MESSAGE][PASSED] - Object: 'Object Repository/Page_KiboPush  Dashboard/span_Broadcasts' is clicked on

2019-04-22 16:32:35 - [TEST_STEP][PASSED] - delay: Delayed 1 second(s)

2019-04-22 16:32:36 - [MESSAGE][PASSED] - Delayed 1 second(s)

2019-04-22 16:32:36 - [TEST_STEP][PASSED] - scrollToPosition: Browser is scrolled to position x = 0, y = 0

2019-04-22 16:32:36 - [MESSAGE][PASSED] - Browser is scrolled to position x = 0, y = 0

2019-04-22 16:32:36 - [TEST_STEP][PASSED] - click: Object: 'Object Repository/Page_KiboPush  Broadcast/h3_Manage Broadcasts' is clicked on

2019-04-22 16:32:37 - [MESSAGE][PASSED] - Object: 'Object Repository/Page_KiboPush  Broadcast/h3_Manage Broadcasts' is clicked on

2019-04-22 16:32:37 - [MESSAGE][PASSED] - Call Test Case 'Test Cases/s-sidebar_navigation/individualAccount/broadcast' successfully

2019-04-22 16:32:37 - [MESSAGE][PASSED] - Call Test Case 'Test Cases/s-sidebar_navigation/TeamAccount/Broadcasts' successfully

2019-04-22 16:32:37 - [TEST_STEP][PASSED] - selectOptionByValue: All options with value 'list' are selected in object 'Object Repository/Page_KiboPush  Broadcast/select_Filter by type...textim (6)'  using regular expression

2019-04-22 16:32:37 - [MESSAGE][PASSED] - All options with value 'list' are selected in object 'Object Repository/Page_KiboPush  Broadcast/select_Filter by type...textim (6)'  using regular expression

2019-04-22 16:32:37 - [TEST_STEP][PASSED] - click: Object: 'Object Repository/Page_KiboPush  Broadcast/span_list' is clicked on

2019-04-22 16:32:38 - [MESSAGE][PASSED] - Object: 'Object Repository/Page_KiboPush  Broadcast/span_list' is clicked on]]></system-out>
         <system-err><![CDATA[]]></system-err>
      </testcase>
      <testcase name="Test Cases/Broadcasts/TC0119" classname="Test Cases/Broadcasts/TC0119" status="PASSED">
         <system-out><![CDATA[2019-04-22 16:32:38 - [TEST_CASE][PASSED] - Test Cases/Broadcasts/TC0119: Test Cases/Broadcasts/TC0119

2019-04-22 16:32:38 - [TEST_STEP][PASSED] - callTestCase: Call Test Case 'Test Cases/s-sidebar_navigation/TeamAccount/Broadcasts' successfully

2019-04-22 16:32:38 - [TEST_CASE][PASSED] - Test Cases/s-sidebar_navigation/TeamAccount/Broadcasts: Test Cases/s-sidebar_navigation/TeamAccount/Broadcasts

2019-04-22 16:32:38 - [TEST_STEP][PASSED] - callTestCase: Call Test Case 'Test Cases/s-sidebar_navigation/individualAccount/broadcast' successfully

2019-04-22 16:32:39 - [TEST_CASE][PASSED] - Test Cases/s-sidebar_navigation/individualAccount/broadcast: Test Cases/s-sidebar_navigation/individualAccount/broadcast

2019-04-22 16:32:39 - [TEST_STEP][PASSED] - click: Object: 'Object Repository/Page_KiboPush  Dashboard/span_Polls' is clicked on

2019-04-22 16:32:39 - [MESSAGE][PASSED] - Object: 'Object Repository/Page_KiboPush  Dashboard/span_Polls' is clicked on

2019-04-22 16:32:39 - [TEST_STEP][PASSED] - delay: Delayed 1 second(s)

2019-04-22 16:32:40 - [MESSAGE][PASSED] - Delayed 1 second(s)

2019-04-22 16:32:40 - [TEST_STEP][PASSED] - click: Object: 'Object Repository/Page_KiboPush  Dashboard/span_Broadcasts' is clicked on

2019-04-22 16:32:40 - [MESSAGE][PASSED] - Object: 'Object Repository/Page_KiboPush  Dashboard/span_Broadcasts' is clicked on

2019-04-22 16:32:40 - [TEST_STEP][PASSED] - delay: Delayed 1 second(s)

2019-04-22 16:32:41 - [MESSAGE][PASSED] - Delayed 1 second(s)

2019-04-22 16:32:41 - [TEST_STEP][PASSED] - scrollToPosition: Browser is scrolled to position x = 0, y = 0

2019-04-22 16:32:41 - [MESSAGE][PASSED] - Browser is scrolled to position x = 0, y = 0

2019-04-22 16:32:41 - [TEST_STEP][PASSED] - click: Object: 'Object Repository/Page_KiboPush  Broadcast/h3_Manage Broadcasts' is clicked on

2019-04-22 16:32:41 - [MESSAGE][PASSED] - Object: 'Object Repository/Page_KiboPush  Broadcast/h3_Manage Broadcasts' is clicked on

2019-04-22 16:32:41 - [MESSAGE][PASSED] - Call Test Case 'Test Cases/s-sidebar_navigation/individualAccount/broadcast' successfully

2019-04-22 16:32:41 - [MESSAGE][PASSED] - Call Test Case 'Test Cases/s-sidebar_navigation/TeamAccount/Broadcasts' successfully

2019-04-22 16:32:41 - [TEST_STEP][PASSED] - selectOptionByValue: All options with value 'miscellaneous' are selected in object 'Object Repository/Page_KiboPush  Broadcast/select_Filter by type...textim'  using regular expression

2019-04-22 16:32:42 - [MESSAGE][PASSED] - All options with value 'miscellaneous' are selected in object 'Object Repository/Page_KiboPush  Broadcast/select_Filter by type...textim'  using regular expression

2019-04-22 16:32:42 - [TEST_STEP][PASSED] - click: Object: 'Object Repository/Page_KiboPush  Broadcast/span_Miscellaneous' is clicked on

2019-04-22 16:32:43 - [MESSAGE][PASSED] - Object: 'Object Repository/Page_KiboPush  Broadcast/span_Miscellaneous' is clicked on]]></system-out>
         <system-err><![CDATA[]]></system-err>
      </testcase>
      <testcase name="Test Cases/Broadcasts/TC0120" classname="Test Cases/Broadcasts/TC0120" status="PASSED">
         <system-out><![CDATA[2019-04-22 16:32:43 - [TEST_CASE][PASSED] - Test Cases/Broadcasts/TC0120: Test Cases/Broadcasts/TC0120

2019-04-22 16:32:43 - [TEST_STEP][PASSED] - callTestCase: Call Test Case 'Test Cases/s-sidebar_navigation/TeamAccount/Broadcasts' successfully

2019-04-22 16:32:43 - [TEST_CASE][PASSED] - Test Cases/s-sidebar_navigation/TeamAccount/Broadcasts: Test Cases/s-sidebar_navigation/TeamAccount/Broadcasts

2019-04-22 16:32:43 - [TEST_STEP][PASSED] - callTestCase: Call Test Case 'Test Cases/s-sidebar_navigation/individualAccount/broadcast' successfully

2019-04-22 16:32:43 - [TEST_CASE][PASSED] - Test Cases/s-sidebar_navigation/individualAccount/broadcast: Test Cases/s-sidebar_navigation/individualAccount/broadcast

2019-04-22 16:32:43 - [TEST_STEP][PASSED] - click: Object: 'Object Repository/Page_KiboPush  Dashboard/span_Polls' is clicked on

2019-04-22 16:32:43 - [MESSAGE][PASSED] - Object: 'Object Repository/Page_KiboPush  Dashboard/span_Polls' is clicked on

2019-04-22 16:32:43 - [TEST_STEP][PASSED] - delay: Delayed 1 second(s)

2019-04-22 16:32:44 - [MESSAGE][PASSED] - Delayed 1 second(s)

2019-04-22 16:32:44 - [TEST_STEP][PASSED] - click: Object: 'Object Repository/Page_KiboPush  Dashboard/span_Broadcasts' is clicked on

2019-04-22 16:32:45 - [MESSAGE][PASSED] - Object: 'Object Repository/Page_KiboPush  Dashboard/span_Broadcasts' is clicked on

2019-04-22 16:32:45 - [TEST_STEP][PASSED] - delay: Delayed 1 second(s)

2019-04-22 16:32:46 - [MESSAGE][PASSED] - Delayed 1 second(s)

2019-04-22 16:32:46 - [TEST_STEP][PASSED] - scrollToPosition: Browser is scrolled to position x = 0, y = 0

2019-04-22 16:32:46 - [MESSAGE][PASSED] - Browser is scrolled to position x = 0, y = 0

2019-04-22 16:32:46 - [TEST_STEP][PASSED] - click: Object: 'Object Repository/Page_KiboPush  Broadcast/h3_Manage Broadcasts' is clicked on

2019-04-22 16:32:46 - [MESSAGE][PASSED] - Object: 'Object Repository/Page_KiboPush  Broadcast/h3_Manage Broadcasts' is clicked on

2019-04-22 16:32:46 - [MESSAGE][PASSED] - Call Test Case 'Test Cases/s-sidebar_navigation/individualAccount/broadcast' successfully

2019-04-22 16:32:46 - [MESSAGE][PASSED] - Call Test Case 'Test Cases/s-sidebar_navigation/TeamAccount/Broadcasts' successfully

2019-04-22 16:32:46 - [TEST_STEP][PASSED] - selectOptionByValue: All options with value 'all' are selected in object 'Object Repository/Page_KiboPush  Broadcast/select_Filter by type...textim'  using regular expression

2019-04-22 16:32:47 - [MESSAGE][PASSED] - All options with value 'all' are selected in object 'Object Repository/Page_KiboPush  Broadcast/select_Filter by type...textim'  using regular expression]]></system-out>
         <system-err><![CDATA[]]></system-err>
      </testcase>
      <testcase name="Test Cases/Broadcasts/TC0121" classname="Test Cases/Broadcasts/TC0121" status="PASSED">
         <system-out><![CDATA[2019-04-22 16:32:47 - [TEST_CASE][PASSED] - Test Cases/Broadcasts/TC0121: Test Cases/Broadcasts/TC0121

2019-04-22 16:32:47 - [TEST_STEP][PASSED] - callTestCase: Call Test Case 'Test Cases/s-sidebar_navigation/TeamAccount/Broadcasts' successfully

2019-04-22 16:32:47 - [TEST_CASE][PASSED] - Test Cases/s-sidebar_navigation/TeamAccount/Broadcasts: Test Cases/s-sidebar_navigation/TeamAccount/Broadcasts

2019-04-22 16:32:47 - [TEST_STEP][PASSED] - callTestCase: Call Test Case 'Test Cases/s-sidebar_navigation/individualAccount/broadcast' successfully

2019-04-22 16:32:47 - [TEST_CASE][PASSED] - Test Cases/s-sidebar_navigation/individualAccount/broadcast: Test Cases/s-sidebar_navigation/individualAccount/broadcast

2019-04-22 16:32:47 - [TEST_STEP][PASSED] - click: Object: 'Object Repository/Page_KiboPush  Dashboard/span_Polls' is clicked on

2019-04-22 16:32:48 - [MESSAGE][PASSED] - Object: 'Object Repository/Page_KiboPush  Dashboard/span_Polls' is clicked on

2019-04-22 16:32:48 - [TEST_STEP][PASSED] - delay: Delayed 1 second(s)

2019-04-22 16:32:49 - [MESSAGE][PASSED] - Delayed 1 second(s)

2019-04-22 16:32:49 - [TEST_STEP][PASSED] - click: Object: 'Object Repository/Page_KiboPush  Dashboard/span_Broadcasts' is clicked on

2019-04-22 16:32:49 - [MESSAGE][PASSED] - Object: 'Object Repository/Page_KiboPush  Dashboard/span_Broadcasts' is clicked on

2019-04-22 16:32:49 - [TEST_STEP][PASSED] - delay: Delayed 1 second(s)

2019-04-22 16:32:50 - [MESSAGE][PASSED] - Delayed 1 second(s)

2019-04-22 16:32:50 - [TEST_STEP][PASSED] - scrollToPosition: Browser is scrolled to position x = 0, y = 0

2019-04-22 16:32:50 - [MESSAGE][PASSED] - Browser is scrolled to position x = 0, y = 0

2019-04-22 16:32:50 - [TEST_STEP][PASSED] - click: Object: 'Object Repository/Page_KiboPush  Broadcast/h3_Manage Broadcasts' is clicked on

2019-04-22 16:32:50 - [MESSAGE][PASSED] - Object: 'Object Repository/Page_KiboPush  Broadcast/h3_Manage Broadcasts' is clicked on

2019-04-22 16:32:50 - [MESSAGE][PASSED] - Call Test Case 'Test Cases/s-sidebar_navigation/individualAccount/broadcast' successfully

2019-04-22 16:32:50 - [MESSAGE][PASSED] - Call Test Case 'Test Cases/s-sidebar_navigation/TeamAccount/Broadcasts' successfully

2019-04-22 16:32:50 - [TEST_STEP][PASSED] - selectOptionByValue: All options with value 'video' are selected in object 'Object Repository/Page_KiboPush  Broadcast/select_Filter by type...textim (3)'  using regular expression

2019-04-22 16:32:51 - [MESSAGE][PASSED] - All options with value 'video' are selected in object 'Object Repository/Page_KiboPush  Broadcast/select_Filter by type...textim (3)'  using regular expression

2019-04-22 16:32:51 - [TEST_STEP][PASSED] - click: Object: 'Object Repository/Page_KiboPush  Broadcast/span_video (1)' is clicked on

2019-04-22 16:32:52 - [MESSAGE][PASSED] - Object: 'Object Repository/Page_KiboPush  Broadcast/span_video (1)' is clicked on]]></system-out>
         <system-err><![CDATA[]]></system-err>
      </testcase>
      <testcase name="Test Cases/Broadcasts/TC0122" classname="Test Cases/Broadcasts/TC0122" status="PASSED">
         <system-out><![CDATA[2019-04-22 16:32:52 - [TEST_CASE][PASSED] - Test Cases/Broadcasts/TC0122: Test Cases/Broadcasts/TC0122

2019-04-22 16:32:52 - [TEST_STEP][PASSED] - callTestCase: Call Test Case 'Test Cases/s-sidebar_navigation/TeamAccount/Broadcasts' successfully

2019-04-22 16:32:52 - [TEST_CASE][PASSED] - Test Cases/s-sidebar_navigation/TeamAccount/Broadcasts: Test Cases/s-sidebar_navigation/TeamAccount/Broadcasts

2019-04-22 16:32:52 - [TEST_STEP][PASSED] - callTestCase: Call Test Case 'Test Cases/s-sidebar_navigation/individualAccount/broadcast' successfully

2019-04-22 16:32:52 - [TEST_CASE][PASSED] - Test Cases/s-sidebar_navigation/individualAccount/broadcast: Test Cases/s-sidebar_navigation/individualAccount/broadcast

2019-04-22 16:32:52 - [TEST_STEP][PASSED] - click: Object: 'Object Repository/Page_KiboPush  Dashboard/span_Polls' is clicked on

2019-04-22 16:32:53 - [MESSAGE][PASSED] - Object: 'Object Repository/Page_KiboPush  Dashboard/span_Polls' is clicked on

2019-04-22 16:32:53 - [TEST_STEP][PASSED] - delay: Delayed 1 second(s)

2019-04-22 16:32:54 - [MESSAGE][PASSED] - Delayed 1 second(s)

2019-04-22 16:32:54 - [TEST_STEP][PASSED] - click: Object: 'Object Repository/Page_KiboPush  Dashboard/span_Broadcasts' is clicked on

2019-04-22 16:32:54 - [MESSAGE][PASSED] - Object: 'Object Repository/Page_KiboPush  Dashboard/span_Broadcasts' is clicked on

2019-04-22 16:32:54 - [TEST_STEP][PASSED] - delay: Delayed 1 second(s)

2019-04-22 16:32:55 - [MESSAGE][PASSED] - Delayed 1 second(s)

2019-04-22 16:32:55 - [TEST_STEP][PASSED] - scrollToPosition: Browser is scrolled to position x = 0, y = 0

2019-04-22 16:32:55 - [MESSAGE][PASSED] - Browser is scrolled to position x = 0, y = 0

2019-04-22 16:32:55 - [TEST_STEP][PASSED] - click: Object: 'Object Repository/Page_KiboPush  Broadcast/h3_Manage Broadcasts' is clicked on

2019-04-22 16:32:56 - [MESSAGE][PASSED] - Object: 'Object Repository/Page_KiboPush  Broadcast/h3_Manage Broadcasts' is clicked on

2019-04-22 16:32:56 - [MESSAGE][PASSED] - Call Test Case 'Test Cases/s-sidebar_navigation/individualAccount/broadcast' successfully

2019-04-22 16:32:56 - [MESSAGE][PASSED] - Call Test Case 'Test Cases/s-sidebar_navigation/TeamAccount/Broadcasts' successfully

2019-04-22 16:32:56 - [TEST_STEP][PASSED] - delay: Delayed 2 second(s)

2019-04-22 16:32:58 - [MESSAGE][PASSED] - Delayed 2 second(s)

2019-04-22 16:32:58 - [TEST_STEP][PASSED] - Statement - driver = com.kms.katalon.core.webui.driver.DriverFactory.getWebDriver(): null

2019-04-22 16:32:58 - [TEST_STEP][PASSED] - Statement - Table = driver.findElement(org.openqa.selenium.By.xpath("//table/tbody")): null

2019-04-22 16:32:58 - [TEST_STEP][PASSED] - Statement - rows_table = Table.findElements(org.openqa.selenium.By.tagName("tr")): null

2019-04-22 16:32:58 - [TEST_STEP][PASSED] - Statement - rows_count_before = rows_table.size(): null

2019-04-22 16:32:58 - [TEST_STEP][PASSED] - setText: Text '7' is set on object 'Object Repository/Page_KiboPush  Broadcast/input_example-text-input'

2019-04-22 16:32:58 - [MESSAGE][PASSED] - Text '7' is set on object 'Object Repository/Page_KiboPush  Broadcast/input_example-text-input'

2019-04-22 16:32:58 - [TEST_STEP][PASSED] - delay: Delayed 2 second(s)

2019-04-22 16:33:00 - [MESSAGE][PASSED] - Delayed 2 second(s)

2019-04-22 16:33:00 - [TEST_STEP][PASSED] - Statement - Table = driver.findElement(org.openqa.selenium.By.xpath("//table/tbody")): null

2019-04-22 16:33:00 - [TEST_STEP][PASSED] - Statement - rows_table = Table.findElements(org.openqa.selenium.By.tagName("tr")): null

2019-04-22 16:33:00 - [TEST_STEP][PASSED] - Statement - rows_count_after = rows_table.size(): null

2019-04-22 16:33:00 - [TEST_STEP][PASSED] - verifyNotMatch: Actual text '10' and expected text '7' are not matched 

2019-04-22 16:33:00 - [MESSAGE][PASSED] - Actual text '10' and expected text '7' are not matched 

2019-04-22 16:33:00 - [TEST_STEP][PASSED] - Statement - lastDateStr = Table.findElement(org.openqa.selenium.By.xpath("./tr[" + rows_count_after + "]/td[3]")).getText(): null

2019-04-22 16:33:01 - [TEST_STEP][PASSED] - Statement - dateFormat = new java.text.SimpleDateFormat(EEE MMM dd yyyy hh:mm aaa, java.util.Locale.ENGLISH): null

2019-04-22 16:33:01 - [TEST_STEP][PASSED] - Statement - lastDate = dateFormat.parse(lastDateStr): null

2019-04-22 16:33:01 - [TEST_STEP][PASSED] - Statement - currentDate = new java.util.Date(): null

2019-04-22 16:33:01 - [TEST_STEP][PASSED] - Statement - ltime = currentDate.getTime() - 7 * 24 * 60 * 60 * 1000: null

2019-04-22 16:33:01 - [TEST_STEP][PASSED] - Statement - currentDate = new java.util.Date(ltime): null

2019-04-22 16:33:01 - [TEST_STEP][PASSED] - Statement - If (currentDate.compareTo(lastDate).toString() == "-1"): Actual text '-1' and expected text '-1' are matched 

2019-04-22 16:33:01 - [TEST_STEP][PASSED] - verifyMatch: Actual text '-1' and expected text '-1' are matched 

2019-04-22 16:33:01 - [MESSAGE][PASSED] - Actual text '-1' and expected text '-1' are matched]]></system-out>
         <system-err><![CDATA[]]></system-err>
      </testcase>
      <testcase name="Test Cases/Broadcasts/TC0123" classname="Test Cases/Broadcasts/TC0123" status="PASSED">
         <system-out><![CDATA[2019-04-22 16:33:01 - [TEST_CASE][PASSED] - Test Cases/Broadcasts/TC0123: Test Cases/Broadcasts/TC0123

2019-04-22 16:33:01 - [TEST_STEP][PASSED] - callTestCase: Call Test Case 'Test Cases/s-sidebar_navigation/TeamAccount/Broadcasts' successfully

2019-04-22 16:33:01 - [TEST_CASE][PASSED] - Test Cases/s-sidebar_navigation/TeamAccount/Broadcasts: Test Cases/s-sidebar_navigation/TeamAccount/Broadcasts

2019-04-22 16:33:01 - [TEST_STEP][PASSED] - callTestCase: Call Test Case 'Test Cases/s-sidebar_navigation/individualAccount/broadcast' successfully

2019-04-22 16:33:01 - [TEST_CASE][PASSED] - Test Cases/s-sidebar_navigation/individualAccount/broadcast: Test Cases/s-sidebar_navigation/individualAccount/broadcast

2019-04-22 16:33:01 - [TEST_STEP][PASSED] - click: Object: 'Object Repository/Page_KiboPush  Dashboard/span_Polls' is clicked on

2019-04-22 16:33:02 - [MESSAGE][PASSED] - Object: 'Object Repository/Page_KiboPush  Dashboard/span_Polls' is clicked on

2019-04-22 16:33:02 - [TEST_STEP][PASSED] - delay: Delayed 1 second(s)

2019-04-22 16:33:03 - [MESSAGE][PASSED] - Delayed 1 second(s)

2019-04-22 16:33:03 - [TEST_STEP][PASSED] - click: Object: 'Object Repository/Page_KiboPush  Dashboard/span_Broadcasts' is clicked on

2019-04-22 16:33:04 - [MESSAGE][PASSED] - Object: 'Object Repository/Page_KiboPush  Dashboard/span_Broadcasts' is clicked on

2019-04-22 16:33:04 - [TEST_STEP][PASSED] - delay: Delayed 1 second(s)

2019-04-22 16:33:05 - [MESSAGE][PASSED] - Delayed 1 second(s)

2019-04-22 16:33:05 - [TEST_STEP][PASSED] - scrollToPosition: Browser is scrolled to position x = 0, y = 0

2019-04-22 16:33:05 - [MESSAGE][PASSED] - Browser is scrolled to position x = 0, y = 0

2019-04-22 16:33:05 - [TEST_STEP][PASSED] - click: Object: 'Object Repository/Page_KiboPush  Broadcast/h3_Manage Broadcasts' is clicked on

2019-04-22 16:33:05 - [MESSAGE][PASSED] - Object: 'Object Repository/Page_KiboPush  Broadcast/h3_Manage Broadcasts' is clicked on

2019-04-22 16:33:05 - [MESSAGE][PASSED] - Call Test Case 'Test Cases/s-sidebar_navigation/individualAccount/broadcast' successfully

2019-04-22 16:33:05 - [MESSAGE][PASSED] - Call Test Case 'Test Cases/s-sidebar_navigation/TeamAccount/Broadcasts' successfully

2019-04-22 16:33:05 - [TEST_STEP][PASSED] - delay: Delayed 2 second(s)

2019-04-22 16:33:08 - [MESSAGE][PASSED] - Delayed 2 second(s)

2019-04-22 16:33:08 - [TEST_STEP][PASSED] - Statement - date_page1 = getFirstRowDate(): null

2019-04-22 16:33:08 - [TEST_STEP][PASSED] - Statement - driver = com.kms.katalon.core.webui.driver.DriverFactory.getWebDriver(): null

2019-04-22 16:33:08 - [TEST_STEP][PASSED] - Statement - Try: null

2019-04-22 16:33:08 - [TEST_STEP][PASSED] - Statement - Table = driver.findElement(org.openqa.selenium.By.xpath("//table/tbody")): null

2019-04-22 16:33:08 - [TEST_STEP][PASSED] - Statement - rows_table = Table.findElements(org.openqa.selenium.By.tagName("tr")): null

2019-04-22 16:33:08 - [TEST_STEP][PASSED] - Statement - dates = new java.util.ArrayList(): null

2019-04-22 16:33:08 - [TEST_STEP][PASSED] - Statement - date = rows_table.get(0).findElement(org.openqa.selenium.By.xpath(".//td[@data-field="datetime"]")).getText(): null

2019-04-22 16:33:08 - [TEST_STEP][PASSED] - Statement - return date: null

2019-04-22 16:33:08 - [TEST_STEP][PASSED] - click: Object: 'Object Repository/Page_KiboPush  Broadcast/a_next (1)' is clicked on

2019-04-22 16:33:08 - [MESSAGE][PASSED] - Object: 'Object Repository/Page_KiboPush  Broadcast/a_next (1)' is clicked on

2019-04-22 16:33:08 - [TEST_STEP][PASSED] - delay: Delayed 2 second(s)

2019-04-22 16:33:10 - [MESSAGE][PASSED] - Delayed 2 second(s)

2019-04-22 16:33:10 - [TEST_STEP][PASSED] - Statement - date_page2 = getFirstRowDate(): null

2019-04-22 16:33:10 - [TEST_STEP][PASSED] - Statement - driver = com.kms.katalon.core.webui.driver.DriverFactory.getWebDriver(): null

2019-04-22 16:33:10 - [TEST_STEP][PASSED] - Statement - Try: null

2019-04-22 16:33:10 - [TEST_STEP][PASSED] - Statement - Table = driver.findElement(org.openqa.selenium.By.xpath("//table/tbody")): null

2019-04-22 16:33:11 - [TEST_STEP][PASSED] - Statement - rows_table = Table.findElements(org.openqa.selenium.By.tagName("tr")): null

2019-04-22 16:33:11 - [TEST_STEP][PASSED] - Statement - dates = new java.util.ArrayList(): null

2019-04-22 16:33:11 - [TEST_STEP][PASSED] - Statement - date = rows_table.get(0).findElement(org.openqa.selenium.By.xpath(".//td[@data-field="datetime"]")).getText(): null

2019-04-22 16:33:11 - [TEST_STEP][PASSED] - Statement - return date: null

2019-04-22 16:33:11 - [TEST_STEP][PASSED] - click: Object: 'Object Repository/Page_KiboPush  Broadcast/a_next (1)' is clicked on

2019-04-22 16:33:11 - [MESSAGE][PASSED] - Object: 'Object Repository/Page_KiboPush  Broadcast/a_next (1)' is clicked on

2019-04-22 16:33:11 - [TEST_STEP][PASSED] - delay: Delayed 2 second(s)

2019-04-22 16:33:13 - [MESSAGE][PASSED] - Delayed 2 second(s)

2019-04-22 16:33:13 - [TEST_STEP][PASSED] - Statement - date_page3 = getFirstRowDate(): null

2019-04-22 16:33:13 - [TEST_STEP][PASSED] - Statement - driver = com.kms.katalon.core.webui.driver.DriverFactory.getWebDriver(): null

2019-04-22 16:33:13 - [TEST_STEP][PASSED] - Statement - Try: null

2019-04-22 16:33:13 - [TEST_STEP][PASSED] - Statement - Table = driver.findElement(org.openqa.selenium.By.xpath("//table/tbody")): null

2019-04-22 16:33:14 - [TEST_STEP][PASSED] - Statement - rows_table = Table.findElements(org.openqa.selenium.By.tagName("tr")): null

2019-04-22 16:33:14 - [TEST_STEP][PASSED] - Statement - dates = new java.util.ArrayList(): null

2019-04-22 16:33:14 - [TEST_STEP][PASSED] - Statement - date = rows_table.get(0).findElement(org.openqa.selenium.By.xpath(".//td[@data-field="datetime"]")).getText(): null

2019-04-22 16:33:14 - [TEST_STEP][PASSED] - Statement - return date: null

2019-04-22 16:33:14 - [TEST_STEP][PASSED] - verifyNotMatch: Actual text 'Wed Apr 17 2019 11:47 AM' and expected text 'Mon Mar 11 2019 1:57 PM' are not matched 

2019-04-22 16:33:14 - [MESSAGE][PASSED] - Actual text 'Wed Apr 17 2019 11:47 AM' and expected text 'Mon Mar 11 2019 1:57 PM' are not matched 

2019-04-22 16:33:14 - [TEST_STEP][PASSED] - verifyNotMatch: Actual text 'Wed Apr 17 2019 11:47 AM' and expected text 'Thu Mar 07 2019 2:04 PM' are not matched 

2019-04-22 16:33:14 - [MESSAGE][PASSED] - Actual text 'Wed Apr 17 2019 11:47 AM' and expected text 'Thu Mar 07 2019 2:04 PM' are not matched 

2019-04-22 16:33:14 - [TEST_STEP][PASSED] - verifyNotMatch: Actual text 'Mon Mar 11 2019 1:57 PM' and expected text 'Thu Mar 07 2019 2:04 PM' are not matched 

2019-04-22 16:33:14 - [MESSAGE][PASSED] - Actual text 'Mon Mar 11 2019 1:57 PM' and expected text 'Thu Mar 07 2019 2:04 PM' are not matched 

2019-04-22 16:33:14 - [TEST_STEP][PASSED] - Statement - dateFormat = new java.text.SimpleDateFormat(EEE MMM dd yyyy hh:mm aaa, java.util.Locale.ENGLISH): null

2019-04-22 16:33:14 - [TEST_STEP][PASSED] - Statement - date1 = dateFormat.parse(date_page1): null

2019-04-22 16:33:14 - [TEST_STEP][PASSED] - Statement - date2 = dateFormat.parse(date_page2): null

2019-04-22 16:33:14 - [TEST_STEP][PASSED] - Statement - date3 = dateFormat.parse(date_page3): null

2019-04-22 16:33:14 - [TEST_STEP][PASSED] - Statement - println(date1): null

2019-04-22 16:33:14 - [TEST_STEP][PASSED] - Statement - println(date2): null

2019-04-22 16:33:14 - [TEST_STEP][PASSED] - Statement - println(date3): null

2019-04-22 16:33:14 - [TEST_STEP][PASSED] - Statement - If (!(date1.after(date2) && date2.after(date3))): null]]></system-out>
         <system-err><![CDATA[]]></system-err>
      </testcase>
      <testcase name="Test Cases/Broadcasts/TC0124" classname="Test Cases/Broadcasts/TC0124" status="FAILED">
         <failure type="FAILED" message="ERROR: No Table Present"/>
         <system-out><![CDATA[2019-04-22 16:33:14 - [TEST_CASE][FAILED] - Test Cases/Broadcasts/TC0124: Test Cases/Broadcasts/TC0124 FAILED because (of) ERROR: No Table Present

2019-04-22 16:33:15 - [TEST_STEP][PASSED] - callTestCase: Call Test Case 'Test Cases/s-sidebar_navigation/TeamAccount/Broadcasts' successfully

2019-04-22 16:33:15 - [TEST_CASE][PASSED] - Test Cases/s-sidebar_navigation/TeamAccount/Broadcasts: Test Cases/s-sidebar_navigation/TeamAccount/Broadcasts

2019-04-22 16:33:15 - [TEST_STEP][PASSED] - callTestCase: Call Test Case 'Test Cases/s-sidebar_navigation/individualAccount/broadcast' successfully

2019-04-22 16:33:15 - [TEST_CASE][PASSED] - Test Cases/s-sidebar_navigation/individualAccount/broadcast: Test Cases/s-sidebar_navigation/individualAccount/broadcast

2019-04-22 16:33:15 - [TEST_STEP][PASSED] - click: Object: 'Object Repository/Page_KiboPush  Dashboard/span_Polls' is clicked on

2019-04-22 16:33:17 - [MESSAGE][PASSED] - Object: 'Object Repository/Page_KiboPush  Dashboard/span_Polls' is clicked on

2019-04-22 16:33:17 - [TEST_STEP][PASSED] - delay: Delayed 1 second(s)

2019-04-22 16:33:18 - [MESSAGE][PASSED] - Delayed 1 second(s)

2019-04-22 16:33:18 - [TEST_STEP][PASSED] - click: Object: 'Object Repository/Page_KiboPush  Dashboard/span_Broadcasts' is clicked on

2019-04-22 16:33:19 - [MESSAGE][PASSED] - Object: 'Object Repository/Page_KiboPush  Dashboard/span_Broadcasts' is clicked on

2019-04-22 16:33:19 - [TEST_STEP][PASSED] - delay: Delayed 1 second(s)

2019-04-22 16:33:20 - [MESSAGE][PASSED] - Delayed 1 second(s)

2019-04-22 16:33:20 - [TEST_STEP][PASSED] - scrollToPosition: Browser is scrolled to position x = 0, y = 0

2019-04-22 16:33:20 - [MESSAGE][PASSED] - Browser is scrolled to position x = 0, y = 0

2019-04-22 16:33:20 - [TEST_STEP][PASSED] - click: Object: 'Object Repository/Page_KiboPush  Broadcast/h3_Manage Broadcasts' is clicked on

2019-04-22 16:33:20 - [MESSAGE][PASSED] - Object: 'Object Repository/Page_KiboPush  Broadcast/h3_Manage Broadcasts' is clicked on

2019-04-22 16:33:20 - [MESSAGE][PASSED] - Call Test Case 'Test Cases/s-sidebar_navigation/individualAccount/broadcast' successfully

2019-04-22 16:33:20 - [MESSAGE][PASSED] - Call Test Case 'Test Cases/s-sidebar_navigation/TeamAccount/Broadcasts' successfully

2019-04-22 16:33:20 - [TEST_STEP][PASSED] - delay: Delayed 2 second(s)

2019-04-22 16:33:23 - [MESSAGE][PASSED] - Delayed 2 second(s)

2019-04-22 16:33:23 - [TEST_STEP][PASSED] - click: Object: 'Object Repository/Page_KiboPush  Broadcast/a_4' is clicked on

2019-04-22 16:33:23 - [MESSAGE][PASSED] - Object: 'Object Repository/Page_KiboPush  Broadcast/a_4' is clicked on

2019-04-22 16:33:23 - [TEST_STEP][PASSED] - delay: Delayed 2 second(s)

2019-04-22 16:33:26 - [MESSAGE][PASSED] - Delayed 2 second(s)

2019-04-22 16:33:26 - [TEST_STEP][PASSED] - Statement - date_page4 = getFirstRowDate(): null

2019-04-22 16:33:26 - [TEST_STEP][PASSED] - Statement - driver = com.kms.katalon.core.webui.driver.DriverFactory.getWebDriver(): null

2019-04-22 16:33:26 - [TEST_STEP][PASSED] - Statement - Try: null

2019-04-22 16:33:26 - [TEST_STEP][PASSED] - Statement - Table = driver.findElement(org.openqa.selenium.By.xpath("//table/tbody")): null

2019-04-22 16:33:26 - [TEST_STEP][PASSED] - Statement - rows_table = Table.findElements(org.openqa.selenium.By.tagName("tr")): null

2019-04-22 16:33:26 - [TEST_STEP][PASSED] - Statement - dates = new java.util.ArrayList(): null

2019-04-22 16:33:26 - [TEST_STEP][PASSED] - Statement - date = rows_table.get(0).findElement(org.openqa.selenium.By.xpath(".//td[@data-field="datetime"]")).getText(): null

2019-04-22 16:33:26 - [TEST_STEP][PASSED] - Statement - return date: null

2019-04-22 16:33:26 - [TEST_STEP][PASSED] - click: Object: 'Object Repository/Page_KiboPush  Broadcast/a_previous' is clicked on

2019-04-22 16:33:26 - [MESSAGE][PASSED] - Object: 'Object Repository/Page_KiboPush  Broadcast/a_previous' is clicked on

2019-04-22 16:33:26 - [TEST_STEP][PASSED] - delay: Delayed 2 second(s)

2019-04-22 16:33:29 - [MESSAGE][PASSED] - Delayed 2 second(s)

2019-04-22 16:33:29 - [TEST_STEP][PASSED] - Statement - date_page3 = getFirstRowDate(): null

2019-04-22 16:33:29 - [TEST_STEP][PASSED] - Statement - driver = com.kms.katalon.core.webui.driver.DriverFactory.getWebDriver(): null

2019-04-22 16:33:29 - [TEST_STEP][PASSED] - Statement - Try: null

2019-04-22 16:33:29 - [TEST_STEP][PASSED] - Statement - Table = driver.findElement(org.openqa.selenium.By.xpath("//table/tbody")): null

2019-04-22 16:33:29 - [TEST_STEP][PASSED] - Statement - rows_table = Table.findElements(org.openqa.selenium.By.tagName("tr")): null

2019-04-22 16:33:29 - [TEST_STEP][PASSED] - Statement - dates = new java.util.ArrayList(): null

2019-04-22 16:33:29 - [TEST_STEP][PASSED] - Statement - date = rows_table.get(0).findElement(org.openqa.selenium.By.xpath(".//td[@data-field="datetime"]")).getText(): null

2019-04-22 16:33:29 - [TEST_STEP][PASSED] - Statement - return date: null

2019-04-22 16:33:29 - [TEST_STEP][PASSED] - click: Object: 'Object Repository/Page_KiboPush  Broadcast/a_previous' is clicked on

2019-04-22 16:33:30 - [MESSAGE][PASSED] - Object: 'Object Repository/Page_KiboPush  Broadcast/a_previous' is clicked on

2019-04-22 16:33:30 - [TEST_STEP][PASSED] - delay: Delayed 1 second(s)

2019-04-22 16:33:31 - [MESSAGE][PASSED] - Delayed 1 second(s)

2019-04-22 16:33:31 - [TEST_STEP][PASSED] - Statement - date_page2 = getFirstRowDate(): null

2019-04-22 16:33:31 - [TEST_STEP][PASSED] - Statement - driver = com.kms.katalon.core.webui.driver.DriverFactory.getWebDriver(): null

2019-04-22 16:33:31 - [TEST_STEP][PASSED] - Statement - Try: null

2019-04-22 16:33:31 - [TEST_STEP][PASSED] - Statement - Table = driver.findElement(org.openqa.selenium.By.xpath("//table/tbody")): null

2019-04-22 16:33:32 - [TEST_STEP][PASSED] - Statement - Catch (Exception e): null

2019-04-22 16:33:32 - [TEST_STEP][PASSED] - Statement - com.kms.katalon.core.util.KeywordUtil.markFailed("ERROR: No Table Present"): null

2019-04-22 16:33:32 - [TEST_STEP][PASSED] - verifyNotMatch: Actual text 'Thu Mar 07 2019 1:51 PM' and expected text 'Thu Mar 07 2019 2:04 PM' are not matched 

2019-04-22 16:33:32 - [MESSAGE][PASSED] - Actual text 'Thu Mar 07 2019 1:51 PM' and expected text 'Thu Mar 07 2019 2:04 PM' are not matched 

2019-04-22 16:33:32 - [TEST_STEP][PASSED] - verifyNotMatch: Actual text 'Thu Mar 07 2019 1:51 PM' and expected text 'null' are not matched 

2019-04-22 16:33:32 - [MESSAGE][PASSED] - Actual text 'Thu Mar 07 2019 1:51 PM' and expected text 'null' are not matched 

2019-04-22 16:33:32 - [TEST_STEP][PASSED] - verifyNotMatch: Actual text 'Thu Mar 07 2019 2:04 PM' and expected text 'null' are not matched 

2019-04-22 16:33:32 - [MESSAGE][PASSED] - Actual text 'Thu Mar 07 2019 2:04 PM' and expected text 'null' are not matched 

2019-04-22 16:33:32 - [TEST_STEP][PASSED] - Statement - dateFormat = new java.text.SimpleDateFormat(EEE MMM dd yyyy hh:mm aaa, java.util.Locale.ENGLISH): null

2019-04-22 16:33:32 - [TEST_STEP][PASSED] - Statement - date4 = dateFormat.parse(date_page4): null

2019-04-22 16:33:32 - [TEST_STEP][PASSED] - Statement - date3 = dateFormat.parse(date_page3): null

2019-04-22 16:33:32 - [TEST_STEP][PASSED] - Statement - date2 = dateFormat.parse(date_page2): null]]></system-out>
         <system-err><![CDATA[2019-04-22 16:33:14 - [TEST_CASE][FAILED] - Test Cases/Broadcasts/TC0124: Test Cases/Broadcasts/TC0124 FAILED because (of) ERROR: No Table Present]]></system-err>
      </testcase>
      <testcase name="Test Cases/Broadcasts/TC0125" classname="Test Cases/Broadcasts/TC0125" status="FAILED">
         <failure type="FAILED" message="ERROR: No Table Present"/>
         <system-out><![CDATA[2019-04-22 16:33:32 - [TEST_CASE][FAILED] - Test Cases/Broadcasts/TC0125: Test Cases/Broadcasts/TC0125 FAILED because (of) ERROR: No Table Present

2019-04-22 16:33:32 - [TEST_STEP][PASSED] - callTestCase: Call Test Case 'Test Cases/s-sidebar_navigation/TeamAccount/Broadcasts' successfully

2019-04-22 16:33:32 - [TEST_CASE][PASSED] - Test Cases/s-sidebar_navigation/TeamAccount/Broadcasts: Test Cases/s-sidebar_navigation/TeamAccount/Broadcasts

2019-04-22 16:33:32 - [TEST_STEP][PASSED] - callTestCase: Call Test Case 'Test Cases/s-sidebar_navigation/individualAccount/broadcast' successfully

2019-04-22 16:33:32 - [TEST_CASE][PASSED] - Test Cases/s-sidebar_navigation/individualAccount/broadcast: Test Cases/s-sidebar_navigation/individualAccount/broadcast

2019-04-22 16:33:32 - [TEST_STEP][PASSED] - click: Object: 'Object Repository/Page_KiboPush  Dashboard/span_Polls' is clicked on

2019-04-22 16:33:34 - [MESSAGE][PASSED] - Object: 'Object Repository/Page_KiboPush  Dashboard/span_Polls' is clicked on

2019-04-22 16:33:34 - [TEST_STEP][PASSED] - delay: Delayed 1 second(s)

2019-04-22 16:33:36 - [MESSAGE][PASSED] - Delayed 1 second(s)

2019-04-22 16:33:36 - [TEST_STEP][PASSED] - click: Object: 'Object Repository/Page_KiboPush  Dashboard/span_Broadcasts' is clicked on

2019-04-22 16:33:36 - [MESSAGE][PASSED] - Object: 'Object Repository/Page_KiboPush  Dashboard/span_Broadcasts' is clicked on

2019-04-22 16:33:36 - [TEST_STEP][PASSED] - delay: Delayed 1 second(s)

2019-04-22 16:33:37 - [MESSAGE][PASSED] - Delayed 1 second(s)

2019-04-22 16:33:37 - [TEST_STEP][PASSED] - scrollToPosition: Browser is scrolled to position x = 0, y = 0

2019-04-22 16:33:38 - [MESSAGE][PASSED] - Browser is scrolled to position x = 0, y = 0

2019-04-22 16:33:38 - [TEST_STEP][PASSED] - click: Object: 'Object Repository/Page_KiboPush  Broadcast/h3_Manage Broadcasts' is clicked on

2019-04-22 16:33:38 - [MESSAGE][PASSED] - Object: 'Object Repository/Page_KiboPush  Broadcast/h3_Manage Broadcasts' is clicked on

2019-04-22 16:33:38 - [MESSAGE][PASSED] - Call Test Case 'Test Cases/s-sidebar_navigation/individualAccount/broadcast' successfully

2019-04-22 16:33:38 - [MESSAGE][PASSED] - Call Test Case 'Test Cases/s-sidebar_navigation/TeamAccount/Broadcasts' successfully

2019-04-22 16:33:38 - [TEST_STEP][PASSED] - delay: Delayed 1 second(s)

2019-04-22 16:33:39 - [MESSAGE][PASSED] - Delayed 1 second(s)

2019-04-22 16:33:39 - [TEST_STEP][PASSED] - Statement - date_page1 = getFirstRowDate(): null

2019-04-22 16:33:39 - [TEST_STEP][PASSED] - Statement - driver = com.kms.katalon.core.webui.driver.DriverFactory.getWebDriver(): null

2019-04-22 16:33:39 - [TEST_STEP][PASSED] - Statement - Try: null

2019-04-22 16:33:39 - [TEST_STEP][PASSED] - Statement - Table = driver.findElement(org.openqa.selenium.By.xpath("//table/tbody")): null

2019-04-22 16:33:40 - [TEST_STEP][PASSED] - Statement - rows_table = Table.findElements(org.openqa.selenium.By.tagName("tr")): null

2019-04-22 16:33:40 - [TEST_STEP][PASSED] - Statement - dates = new java.util.ArrayList(): null

2019-04-22 16:33:40 - [TEST_STEP][PASSED] - Statement - date = rows_table.get(0).findElement(org.openqa.selenium.By.xpath(".//td[@data-field="datetime"]")).getText(): null

2019-04-22 16:33:40 - [TEST_STEP][PASSED] - Statement - return date: null

2019-04-22 16:33:40 - [TEST_STEP][PASSED] - click: Object: 'Object Repository/Page_KiboPush  Broadcast/a_2' is clicked on

2019-04-22 16:33:40 - [MESSAGE][PASSED] - Object: 'Object Repository/Page_KiboPush  Broadcast/a_2' is clicked on

2019-04-22 16:33:40 - [TEST_STEP][PASSED] - delay: Delayed 1 second(s)

2019-04-22 16:33:42 - [MESSAGE][PASSED] - Delayed 1 second(s)

2019-04-22 16:33:42 - [TEST_STEP][PASSED] - Statement - date_page2 = getFirstRowDate(): null

2019-04-22 16:33:42 - [TEST_STEP][PASSED] - Statement - driver = com.kms.katalon.core.webui.driver.DriverFactory.getWebDriver(): null

2019-04-22 16:33:42 - [TEST_STEP][PASSED] - Statement - Try: null

2019-04-22 16:33:42 - [TEST_STEP][PASSED] - Statement - Table = driver.findElement(org.openqa.selenium.By.xpath("//table/tbody")): null

2019-04-22 16:33:42 - [TEST_STEP][PASSED] - Statement - Catch (Exception e): null

2019-04-22 16:33:42 - [TEST_STEP][PASSED] - Statement - com.kms.katalon.core.util.KeywordUtil.markFailed("ERROR: No Table Present"): null

2019-04-22 16:33:42 - [TEST_STEP][PASSED] - click: Object: 'Object Repository/Page_KiboPush  Broadcast/a_4' is clicked on

2019-04-22 16:33:42 - [MESSAGE][PASSED] - Object: 'Object Repository/Page_KiboPush  Broadcast/a_4' is clicked on

2019-04-22 16:33:42 - [TEST_STEP][PASSED] - delay: Delayed 2 second(s)

2019-04-22 16:33:45 - [MESSAGE][PASSED] - Delayed 2 second(s)

2019-04-22 16:33:45 - [TEST_STEP][PASSED] - Statement - date_page4 = getFirstRowDate(): null

2019-04-22 16:33:45 - [TEST_STEP][PASSED] - Statement - driver = com.kms.katalon.core.webui.driver.DriverFactory.getWebDriver(): null

2019-04-22 16:33:45 - [TEST_STEP][PASSED] - Statement - Try: null

2019-04-22 16:33:45 - [TEST_STEP][PASSED] - Statement - Table = driver.findElement(org.openqa.selenium.By.xpath("//table/tbody")): null

2019-04-22 16:33:45 - [TEST_STEP][PASSED] - Statement - rows_table = Table.findElements(org.openqa.selenium.By.tagName("tr")): null

2019-04-22 16:33:45 - [TEST_STEP][PASSED] - Statement - dates = new java.util.ArrayList(): null

2019-04-22 16:33:45 - [TEST_STEP][PASSED] - Statement - date = rows_table.get(0).findElement(org.openqa.selenium.By.xpath(".//td[@data-field="datetime"]")).getText(): null

2019-04-22 16:33:45 - [TEST_STEP][PASSED] - Statement - return date: null

2019-04-22 16:33:45 - [TEST_STEP][PASSED] - Statement - println("Testing next pages"): null

2019-04-22 16:33:45 - [TEST_STEP][PASSED] - verifyNotMatch: Actual text 'Wed Apr 17 2019 11:47 AM' and expected text 'null' are not matched 

2019-04-22 16:33:45 - [MESSAGE][PASSED] - Actual text 'Wed Apr 17 2019 11:47 AM' and expected text 'null' are not matched 

2019-04-22 16:33:45 - [TEST_STEP][PASSED] - verifyNotMatch: Actual text 'Wed Apr 17 2019 11:47 AM' and expected text 'Thu Mar 07 2019 1:51 PM' are not matched 

2019-04-22 16:33:45 - [MESSAGE][PASSED] - Actual text 'Wed Apr 17 2019 11:47 AM' and expected text 'Thu Mar 07 2019 1:51 PM' are not matched 

2019-04-22 16:33:45 - [TEST_STEP][PASSED] - verifyNotMatch: Actual text 'null' and expected text 'Thu Mar 07 2019 1:51 PM' are not matched 

2019-04-22 16:33:45 - [MESSAGE][PASSED] - Actual text 'null' and expected text 'Thu Mar 07 2019 1:51 PM' are not matched 

2019-04-22 16:33:45 - [TEST_STEP][PASSED] - click: Object: 'Object Repository/Page_KiboPush  Broadcast/a_3' is clicked on

2019-04-22 16:33:46 - [MESSAGE][PASSED] - Object: 'Object Repository/Page_KiboPush  Broadcast/a_3' is clicked on

2019-04-22 16:33:46 - [TEST_STEP][PASSED] - delay: Delayed 2 second(s)

2019-04-22 16:33:48 - [MESSAGE][PASSED] - Delayed 2 second(s)

2019-04-22 16:33:48 - [TEST_STEP][PASSED] - Statement - date_page3 = getFirstRowDate(): null

2019-04-22 16:33:48 - [TEST_STEP][PASSED] - Statement - driver = com.kms.katalon.core.webui.driver.DriverFactory.getWebDriver(): null

2019-04-22 16:33:48 - [TEST_STEP][PASSED] - Statement - Try: null

2019-04-22 16:33:48 - [TEST_STEP][PASSED] - Statement - Table = driver.findElement(org.openqa.selenium.By.xpath("//table/tbody")): null

2019-04-22 16:33:49 - [TEST_STEP][PASSED] - Statement - rows_table = Table.findElements(org.openqa.selenium.By.tagName("tr")): null

2019-04-22 16:33:49 - [TEST_STEP][PASSED] - Statement - dates = new java.util.ArrayList(): null

2019-04-22 16:33:49 - [TEST_STEP][PASSED] - Statement - date = rows_table.get(0).findElement(org.openqa.selenium.By.xpath(".//td[@data-field="datetime"]")).getText(): null

2019-04-22 16:33:49 - [TEST_STEP][PASSED] - Statement - return date: null

2019-04-22 16:33:49 - [TEST_STEP][PASSED] - click: Object: 'Object Repository/Page_KiboPush  Broadcast/a_1' is clicked on

2019-04-22 16:33:49 - [MESSAGE][PASSED] - Object: 'Object Repository/Page_KiboPush  Broadcast/a_1' is clicked on

2019-04-22 16:33:49 - [TEST_STEP][PASSED] - delay: Delayed 2 second(s)

2019-04-22 16:33:52 - [MESSAGE][PASSED] - Delayed 2 second(s)

2019-04-22 16:33:52 - [TEST_STEP][PASSED] - Statement - date_page1 = getFirstRowDate(): null

2019-04-22 16:33:52 - [TEST_STEP][PASSED] - Statement - driver = com.kms.katalon.core.webui.driver.DriverFactory.getWebDriver(): null

2019-04-22 16:33:52 - [TEST_STEP][PASSED] - Statement - Try: null

2019-04-22 16:33:52 - [TEST_STEP][PASSED] - Statement - Table = driver.findElement(org.openqa.selenium.By.xpath("//table/tbody")): null

2019-04-22 16:33:52 - [TEST_STEP][PASSED] - Statement - rows_table = Table.findElements(org.openqa.selenium.By.tagName("tr")): null

2019-04-22 16:33:52 - [TEST_STEP][PASSED] - Statement - dates = new java.util.ArrayList(): null

2019-04-22 16:33:52 - [TEST_STEP][PASSED] - Statement - date = rows_table.get(0).findElement(org.openqa.selenium.By.xpath(".//td[@data-field="datetime"]")).getText(): null

2019-04-22 16:33:52 - [TEST_STEP][PASSED] - Statement - return date: null

2019-04-22 16:33:52 - [TEST_STEP][PASSED] - Statement - println("Testing previous pages"): null

2019-04-22 16:33:52 - [TEST_STEP][PASSED] - verifyNotMatch: Actual text 'Thu Mar 07 2019 1:51 PM' and expected text 'Thu Mar 07 2019 2:04 PM' are not matched 

2019-04-22 16:33:52 - [MESSAGE][PASSED] - Actual text 'Thu Mar 07 2019 1:51 PM' and expected text 'Thu Mar 07 2019 2:04 PM' are not matched 

2019-04-22 16:33:52 - [TEST_STEP][PASSED] - verifyNotMatch: Actual text 'Thu Mar 07 2019 1:51 PM' and expected text 'Wed Apr 17 2019 11:47 AM' are not matched 

2019-04-22 16:33:52 - [MESSAGE][PASSED] - Actual text 'Thu Mar 07 2019 1:51 PM' and expected text 'Wed Apr 17 2019 11:47 AM' are not matched 

2019-04-22 16:33:52 - [TEST_STEP][PASSED] - verifyNotMatch: Actual text 'Thu Mar 07 2019 2:04 PM' and expected text 'Wed Apr 17 2019 11:47 AM' are not matched 

2019-04-22 16:33:52 - [MESSAGE][PASSED] - Actual text 'Thu Mar 07 2019 2:04 PM' and expected text 'Wed Apr 17 2019 11:47 AM' are not matched 

2019-04-22 16:33:52 - [TEST_STEP][PASSED] - Statement - dateFormat = new java.text.SimpleDateFormat(EEE MMM dd yyyy hh:mm aaa, java.util.Locale.ENGLISH): null

2019-04-22 16:33:52 - [TEST_STEP][PASSED] - Statement - date4 = dateFormat.parse(date_page4): null

2019-04-22 16:33:52 - [TEST_STEP][PASSED] - Statement - date3 = dateFormat.parse(date_page3): null

2019-04-22 16:33:52 - [TEST_STEP][PASSED] - Statement - date1 = dateFormat.parse(date_page1): null

2019-04-22 16:33:52 - [TEST_STEP][PASSED] - Statement - If (!(date1.after(date3) && date3.after(date4))): null]]></system-out>
         <system-err><![CDATA[2019-04-22 16:33:32 - [TEST_CASE][FAILED] - Test Cases/Broadcasts/TC0125: Test Cases/Broadcasts/TC0125 FAILED because (of) ERROR: No Table Present]]></system-err>
      </testcase>
      <testcase name="Test Cases/Broadcasts/TC0126" classname="Test Cases/Broadcasts/TC0126" status="PASSED">
         <system-out><![CDATA[2019-04-22 16:33:52 - [TEST_CASE][PASSED] - Test Cases/Broadcasts/TC0126: Test Cases/Broadcasts/TC0126

2019-04-22 16:33:52 - [TEST_STEP][PASSED] - callTestCase: Call Test Case 'Test Cases/s-sidebar_navigation/TeamAccount/Broadcasts' successfully

2019-04-22 16:33:53 - [TEST_CASE][PASSED] - Test Cases/s-sidebar_navigation/TeamAccount/Broadcasts: Test Cases/s-sidebar_navigation/TeamAccount/Broadcasts

2019-04-22 16:33:53 - [TEST_STEP][PASSED] - callTestCase: Call Test Case 'Test Cases/s-sidebar_navigation/individualAccount/broadcast' successfully

2019-04-22 16:33:53 - [TEST_CASE][PASSED] - Test Cases/s-sidebar_navigation/individualAccount/broadcast: Test Cases/s-sidebar_navigation/individualAccount/broadcast

2019-04-22 16:33:53 - [TEST_STEP][PASSED] - click: Object: 'Object Repository/Page_KiboPush  Dashboard/span_Polls' is clicked on

2019-04-22 16:33:54 - [MESSAGE][PASSED] - Object: 'Object Repository/Page_KiboPush  Dashboard/span_Polls' is clicked on

2019-04-22 16:33:54 - [TEST_STEP][PASSED] - delay: Delayed 1 second(s)

2019-04-22 16:33:55 - [MESSAGE][PASSED] - Delayed 1 second(s)

2019-04-22 16:33:55 - [TEST_STEP][PASSED] - click: Object: 'Object Repository/Page_KiboPush  Dashboard/span_Broadcasts' is clicked on

2019-04-22 16:33:56 - [MESSAGE][PASSED] - Object: 'Object Repository/Page_KiboPush  Dashboard/span_Broadcasts' is clicked on

2019-04-22 16:33:56 - [TEST_STEP][PASSED] - delay: Delayed 1 second(s)

2019-04-22 16:33:57 - [MESSAGE][PASSED] - Delayed 1 second(s)

2019-04-22 16:33:57 - [TEST_STEP][PASSED] - scrollToPosition: Browser is scrolled to position x = 0, y = 0

2019-04-22 16:33:57 - [MESSAGE][PASSED] - Browser is scrolled to position x = 0, y = 0

2019-04-22 16:33:57 - [TEST_STEP][PASSED] - click: Object: 'Object Repository/Page_KiboPush  Broadcast/h3_Manage Broadcasts' is clicked on

2019-04-22 16:33:57 - [MESSAGE][PASSED] - Object: 'Object Repository/Page_KiboPush  Broadcast/h3_Manage Broadcasts' is clicked on

2019-04-22 16:33:57 - [MESSAGE][PASSED] - Call Test Case 'Test Cases/s-sidebar_navigation/individualAccount/broadcast' successfully

2019-04-22 16:33:57 - [MESSAGE][PASSED] - Call Test Case 'Test Cases/s-sidebar_navigation/TeamAccount/Broadcasts' successfully

2019-04-22 16:33:57 - [TEST_STEP][PASSED] - click: Object: 'Object Repository/Page_KiboPush  Broadcast/span_Create New Broadcast' is clicked on

2019-04-22 16:33:58 - [MESSAGE][PASSED] - Object: 'Object Repository/Page_KiboPush  Broadcast/span_Create New Broadcast' is clicked on

2019-04-22 16:33:58 - [TEST_STEP][PASSED] - click: Object: 'Object Repository/Page_KiboPush  Broadcast/h3_Create Broadcast (1) (1)' is clicked on

2019-04-22 16:33:58 - [MESSAGE][PASSED] - Object: 'Object Repository/Page_KiboPush  Broadcast/h3_Create Broadcast (1) (1)' is clicked on

2019-04-22 16:33:58 - [TEST_STEP][PASSED] - click: Object: 'Object Repository/Page_KiboPush  Broadcast/p_To create a new broadcast fr (1)' is clicked on

2019-04-22 16:33:59 - [MESSAGE][PASSED] - Object: 'Object Repository/Page_KiboPush  Broadcast/p_To create a new broadcast fr (1)' is clicked on

2019-04-22 16:33:59 - [TEST_STEP][PASSED] - click: Object: 'Object Repository/Page_KiboPush  Broadcast/a_Create New Broadcast' is clicked on

2019-04-22 16:33:59 - [MESSAGE][PASSED] - Object: 'Object Repository/Page_KiboPush  Broadcast/a_Create New Broadcast' is clicked on]]></system-out>
         <system-err><![CDATA[]]></system-err>
      </testcase>
      <testcase name="Test Cases/Broadcasts/TC0127" classname="Test Cases/Broadcasts/TC0127" status="PASSED">
         <system-out><![CDATA[2019-04-22 16:34:00 - [TEST_CASE][PASSED] - Test Cases/Broadcasts/TC0127: Test Cases/Broadcasts/TC0127

2019-04-22 16:34:00 - [TEST_STEP][PASSED] - callTestCase: Call Test Case 'Test Cases/s-sidebar_navigation/TeamAccount/Broadcasts' successfully

2019-04-22 16:34:00 - [TEST_CASE][PASSED] - Test Cases/s-sidebar_navigation/TeamAccount/Broadcasts: Test Cases/s-sidebar_navigation/TeamAccount/Broadcasts

2019-04-22 16:34:00 - [TEST_STEP][PASSED] - callTestCase: Call Test Case 'Test Cases/s-sidebar_navigation/individualAccount/broadcast' successfully

2019-04-22 16:34:00 - [TEST_CASE][PASSED] - Test Cases/s-sidebar_navigation/individualAccount/broadcast: Test Cases/s-sidebar_navigation/individualAccount/broadcast

2019-04-22 16:34:00 - [TEST_STEP][PASSED] - click: Object: 'Object Repository/Page_KiboPush  Dashboard/span_Polls' is clicked on

2019-04-22 16:34:01 - [MESSAGE][PASSED] - Object: 'Object Repository/Page_KiboPush  Dashboard/span_Polls' is clicked on

2019-04-22 16:34:01 - [TEST_STEP][PASSED] - delay: Delayed 1 second(s)

2019-04-22 16:34:02 - [MESSAGE][PASSED] - Delayed 1 second(s)

2019-04-22 16:34:02 - [TEST_STEP][PASSED] - click: Object: 'Object Repository/Page_KiboPush  Dashboard/span_Broadcasts' is clicked on

2019-04-22 16:34:04 - [MESSAGE][PASSED] - Object: 'Object Repository/Page_KiboPush  Dashboard/span_Broadcasts' is clicked on

2019-04-22 16:34:04 - [TEST_STEP][PASSED] - delay: Delayed 1 second(s)

2019-04-22 16:34:05 - [MESSAGE][PASSED] - Delayed 1 second(s)

2019-04-22 16:34:05 - [TEST_STEP][PASSED] - scrollToPosition: Browser is scrolled to position x = 0, y = 0

2019-04-22 16:34:05 - [MESSAGE][PASSED] - Browser is scrolled to position x = 0, y = 0

2019-04-22 16:34:05 - [TEST_STEP][PASSED] - click: Object: 'Object Repository/Page_KiboPush  Broadcast/h3_Manage Broadcasts' is clicked on

2019-04-22 16:34:05 - [MESSAGE][PASSED] - Object: 'Object Repository/Page_KiboPush  Broadcast/h3_Manage Broadcasts' is clicked on

2019-04-22 16:34:05 - [MESSAGE][PASSED] - Call Test Case 'Test Cases/s-sidebar_navigation/individualAccount/broadcast' successfully

2019-04-22 16:34:05 - [MESSAGE][PASSED] - Call Test Case 'Test Cases/s-sidebar_navigation/TeamAccount/Broadcasts' successfully

2019-04-22 16:34:05 - [TEST_STEP][PASSED] - click: Object: 'Object Repository/Page_KiboPush  Broadcast/span_Create New Broadcast' is clicked on

2019-04-22 16:34:06 - [MESSAGE][PASSED] - Object: 'Object Repository/Page_KiboPush  Broadcast/span_Create New Broadcast' is clicked on

2019-04-22 16:34:06 - [TEST_STEP][PASSED] - click: Object: 'Object Repository/Page_KiboPush  Broadcast/a_Use Template' is clicked on

2019-04-22 16:34:06 - [MESSAGE][PASSED] - Object: 'Object Repository/Page_KiboPush  Broadcast/a_Use Template' is clicked on

2019-04-22 16:34:06 - [TEST_STEP][PASSED] - custom.newKeyword.clickUsingJS: custom.newKeyword.clickUsingJS is PASSED

2019-04-22 16:34:07 - [MESSAGE][PASSED] - custom.newKeyword.clickUsingJS is PASSED]]></system-out>
         <system-err><![CDATA[]]></system-err>
      </testcase>
      <testcase name="Test Cases/Broadcasts/TC0128" classname="Test Cases/Broadcasts/TC0128" status="PASSED">
         <system-out><![CDATA[2019-04-22 16:34:07 - [TEST_CASE][PASSED] - Test Cases/Broadcasts/TC0128: Test Cases/Broadcasts/TC0128

2019-04-22 16:34:07 - [TEST_STEP][PASSED] - callTestCase: Call Test Case 'Test Cases/s-sidebar_navigation/TeamAccount/Broadcasts' successfully

2019-04-22 16:34:07 - [TEST_CASE][PASSED] - Test Cases/s-sidebar_navigation/TeamAccount/Broadcasts: Test Cases/s-sidebar_navigation/TeamAccount/Broadcasts

2019-04-22 16:34:07 - [TEST_STEP][PASSED] - callTestCase: Call Test Case 'Test Cases/s-sidebar_navigation/individualAccount/broadcast' successfully

2019-04-22 16:34:07 - [TEST_CASE][PASSED] - Test Cases/s-sidebar_navigation/individualAccount/broadcast: Test Cases/s-sidebar_navigation/individualAccount/broadcast

2019-04-22 16:34:08 - [TEST_STEP][PASSED] - click: Object: 'Object Repository/Page_KiboPush  Dashboard/span_Polls' is clicked on

2019-04-22 16:34:08 - [MESSAGE][PASSED] - Object: 'Object Repository/Page_KiboPush  Dashboard/span_Polls' is clicked on

2019-04-22 16:34:08 - [TEST_STEP][PASSED] - delay: Delayed 1 second(s)

2019-04-22 16:34:09 - [MESSAGE][PASSED] - Delayed 1 second(s)

2019-04-22 16:34:09 - [TEST_STEP][PASSED] - click: Object: 'Object Repository/Page_KiboPush  Dashboard/span_Broadcasts' is clicked on

2019-04-22 16:34:10 - [MESSAGE][PASSED] - Object: 'Object Repository/Page_KiboPush  Dashboard/span_Broadcasts' is clicked on

2019-04-22 16:34:10 - [TEST_STEP][PASSED] - delay: Delayed 1 second(s)

2019-04-22 16:34:11 - [MESSAGE][PASSED] - Delayed 1 second(s)

2019-04-22 16:34:11 - [TEST_STEP][PASSED] - scrollToPosition: Browser is scrolled to position x = 0, y = 0

2019-04-22 16:34:11 - [MESSAGE][PASSED] - Browser is scrolled to position x = 0, y = 0

2019-04-22 16:34:11 - [TEST_STEP][PASSED] - click: Object: 'Object Repository/Page_KiboPush  Broadcast/h3_Manage Broadcasts' is clicked on

2019-04-22 16:34:11 - [MESSAGE][PASSED] - Object: 'Object Repository/Page_KiboPush  Broadcast/h3_Manage Broadcasts' is clicked on

2019-04-22 16:34:11 - [MESSAGE][PASSED] - Call Test Case 'Test Cases/s-sidebar_navigation/individualAccount/broadcast' successfully

2019-04-22 16:34:11 - [MESSAGE][PASSED] - Call Test Case 'Test Cases/s-sidebar_navigation/TeamAccount/Broadcasts' successfully

2019-04-22 16:34:11 - [TEST_STEP][PASSED] - click: Object: 'Object Repository/Page_KiboPush  Broadcast/span_Create New Broadcast' is clicked on

2019-04-22 16:34:12 - [MESSAGE][PASSED] - Object: 'Object Repository/Page_KiboPush  Broadcast/span_Create New Broadcast' is clicked on

2019-04-22 16:34:12 - [TEST_STEP][PASSED] - click: Object: 'Object Repository/Page_KiboPush  Broadcast/a_Use Template' is clicked on

2019-04-22 16:34:13 - [MESSAGE][PASSED] - Object: 'Object Repository/Page_KiboPush  Broadcast/a_Use Template' is clicked on

2019-04-22 16:34:13 - [TEST_STEP][PASSED] - delay: Delayed 2 second(s)

2019-04-22 16:34:15 - [MESSAGE][PASSED] - Delayed 2 second(s)

2019-04-22 16:34:15 - [TEST_STEP][PASSED] - Statement - driver = com.kms.katalon.core.webui.driver.DriverFactory.getWebDriver(): null

2019-04-22 16:34:15 - [TEST_STEP][PASSED] - Statement - templates = driver.findElements(org.openqa.selenium.By.className("m-widget4__item")): null

2019-04-22 16:34:15 - [TEST_STEP][PASSED] - Statement - println(templates.size()): null

2019-04-22 16:34:15 - [TEST_STEP][PASSED] - Statement - If (templates.size() < 10): null]]></system-out>
         <system-err><![CDATA[]]></system-err>
      </testcase>
      <testcase name="Test Cases/Broadcasts/TC0129" classname="Test Cases/Broadcasts/TC0129" status="PASSED">
         <system-out><![CDATA[2019-04-22 16:34:15 - [TEST_CASE][PASSED] - Test Cases/Broadcasts/TC0129: Test Cases/Broadcasts/TC0129

2019-04-22 16:34:15 - [TEST_STEP][PASSED] - callTestCase: Call Test Case 'Test Cases/s-sidebar_navigation/TeamAccount/Broadcasts' successfully

2019-04-22 16:34:15 - [TEST_CASE][PASSED] - Test Cases/s-sidebar_navigation/TeamAccount/Broadcasts: Test Cases/s-sidebar_navigation/TeamAccount/Broadcasts

2019-04-22 16:34:15 - [TEST_STEP][PASSED] - callTestCase: Call Test Case 'Test Cases/s-sidebar_navigation/individualAccount/broadcast' successfully

2019-04-22 16:34:15 - [TEST_CASE][PASSED] - Test Cases/s-sidebar_navigation/individualAccount/broadcast: Test Cases/s-sidebar_navigation/individualAccount/broadcast

2019-04-22 16:34:15 - [TEST_STEP][PASSED] - click: Object: 'Object Repository/Page_KiboPush  Dashboard/span_Polls' is clicked on

2019-04-22 16:34:16 - [MESSAGE][PASSED] - Object: 'Object Repository/Page_KiboPush  Dashboard/span_Polls' is clicked on

2019-04-22 16:34:16 - [TEST_STEP][PASSED] - delay: Delayed 1 second(s)

2019-04-22 16:34:17 - [MESSAGE][PASSED] - Delayed 1 second(s)

2019-04-22 16:34:17 - [TEST_STEP][PASSED] - click: Object: 'Object Repository/Page_KiboPush  Dashboard/span_Broadcasts' is clicked on

2019-04-22 16:34:17 - [MESSAGE][PASSED] - Object: 'Object Repository/Page_KiboPush  Dashboard/span_Broadcasts' is clicked on

2019-04-22 16:34:17 - [TEST_STEP][PASSED] - delay: Delayed 1 second(s)

2019-04-22 16:34:18 - [MESSAGE][PASSED] - Delayed 1 second(s)

2019-04-22 16:34:18 - [TEST_STEP][PASSED] - scrollToPosition: Browser is scrolled to position x = 0, y = 0

2019-04-22 16:34:18 - [MESSAGE][PASSED] - Browser is scrolled to position x = 0, y = 0

2019-04-22 16:34:18 - [TEST_STEP][PASSED] - click: Object: 'Object Repository/Page_KiboPush  Broadcast/h3_Manage Broadcasts' is clicked on

2019-04-22 16:34:19 - [MESSAGE][PASSED] - Object: 'Object Repository/Page_KiboPush  Broadcast/h3_Manage Broadcasts' is clicked on

2019-04-22 16:34:19 - [MESSAGE][PASSED] - Call Test Case 'Test Cases/s-sidebar_navigation/individualAccount/broadcast' successfully

2019-04-22 16:34:19 - [MESSAGE][PASSED] - Call Test Case 'Test Cases/s-sidebar_navigation/TeamAccount/Broadcasts' successfully

2019-04-22 16:34:19 - [TEST_STEP][PASSED] - click: Object: 'Object Repository/Page_KiboPush  Broadcast/span_Create New Broadcast' is clicked on

2019-04-22 16:34:19 - [MESSAGE][PASSED] - Object: 'Object Repository/Page_KiboPush  Broadcast/span_Create New Broadcast' is clicked on

2019-04-22 16:34:19 - [TEST_STEP][PASSED] - click: Object: 'Object Repository/Page_KiboPush  Broadcast/a_Use Template' is clicked on

2019-04-22 16:34:19 - [MESSAGE][PASSED] - Object: 'Object Repository/Page_KiboPush  Broadcast/a_Use Template' is clicked on

2019-04-22 16:34:19 - [TEST_STEP][PASSED] - selectOptionByValue: All options with value 'Customer Behavior' are selected in object 'Object Repository/Page_KiboPush  Broadcast/select_Filter by Category...Al'  using regular expression

2019-04-22 16:34:21 - [MESSAGE][PASSED] - All options with value 'Customer Behavior' are selected in object 'Object Repository/Page_KiboPush  Broadcast/select_Filter by Category...Al'  using regular expression

2019-04-22 16:34:21 - [TEST_STEP][PASSED] - click: Object: 'Object Repository/Page_KiboPush  Broadcast/span_Category Customer Behavio' is clicked on

2019-04-22 16:34:21 - [MESSAGE][PASSED] - Object: 'Object Repository/Page_KiboPush  Broadcast/span_Category Customer Behavio' is clicked on]]></system-out>
         <system-err><![CDATA[]]></system-err>
      </testcase>
      <testcase name="Test Cases/Broadcasts/TC0130" classname="Test Cases/Broadcasts/TC0130" status="FAILED">
         <failure type="FAILED" message="Unable to click on object 'Object Repository/Page_KiboPush  Broadcast/a_Edit Template (1)' (Root cause: com.kms.katalon.core.webui.exception.WebElementNotFoundException: Web element with id: 'Object Repository/Page_KiboPush  Broadcast/a_Edit Template (1)' located by 'By.xpath: //a[@href = '/editTemplateBroadcast' and (text() = 'Edit Template' or . = 'Edit Template')]' not found)"/>
         <system-out><![CDATA[2019-04-22 16:34:21 - [TEST_CASE][FAILED] - Test Cases/Broadcasts/TC0130: Test Cases/Broadcasts/TC0130 FAILED because (of) Unable to click on object 'Object Repository/Page_KiboPush  Broadcast/a_Edit Template (1)' (Root cause: com.kms.katalon.core.webui.exception.WebElementNotFoundException: Web element with id: 'Object Repository/Page_KiboPush  Broadcast/a_Edit Template (1)' located by 'By.xpath: //a[@href = '/editTemplateBroadcast' and (text() = 'Edit Template' or . = 'Edit Template')]' not found)

2019-04-22 16:34:21 - [TEST_STEP][PASSED] - callTestCase: Call Test Case 'Test Cases/s-sidebar_navigation/TeamAccount/Broadcasts' successfully

2019-04-22 16:34:21 - [TEST_CASE][PASSED] - Test Cases/s-sidebar_navigation/TeamAccount/Broadcasts: Test Cases/s-sidebar_navigation/TeamAccount/Broadcasts

2019-04-22 16:34:21 - [TEST_STEP][PASSED] - callTestCase: Call Test Case 'Test Cases/s-sidebar_navigation/individualAccount/broadcast' successfully

2019-04-22 16:34:21 - [TEST_CASE][PASSED] - Test Cases/s-sidebar_navigation/individualAccount/broadcast: Test Cases/s-sidebar_navigation/individualAccount/broadcast

2019-04-22 16:34:22 - [TEST_STEP][PASSED] - click: Object: 'Object Repository/Page_KiboPush  Dashboard/span_Polls' is clicked on

2019-04-22 16:34:22 - [MESSAGE][PASSED] - Object: 'Object Repository/Page_KiboPush  Dashboard/span_Polls' is clicked on

2019-04-22 16:34:22 - [TEST_STEP][PASSED] - delay: Delayed 1 second(s)

2019-04-22 16:34:23 - [MESSAGE][PASSED] - Delayed 1 second(s)

2019-04-22 16:34:23 - [TEST_STEP][PASSED] - click: Object: 'Object Repository/Page_KiboPush  Dashboard/span_Broadcasts' is clicked on

2019-04-22 16:34:23 - [MESSAGE][PASSED] - Object: 'Object Repository/Page_KiboPush  Dashboard/span_Broadcasts' is clicked on

2019-04-22 16:34:23 - [TEST_STEP][PASSED] - delay: Delayed 1 second(s)

2019-04-22 16:34:24 - [MESSAGE][PASSED] - Delayed 1 second(s)

2019-04-22 16:34:24 - [TEST_STEP][PASSED] - scrollToPosition: Browser is scrolled to position x = 0, y = 0

2019-04-22 16:34:24 - [MESSAGE][PASSED] - Browser is scrolled to position x = 0, y = 0

2019-04-22 16:34:24 - [TEST_STEP][PASSED] - click: Object: 'Object Repository/Page_KiboPush  Broadcast/h3_Manage Broadcasts' is clicked on

2019-04-22 16:34:24 - [MESSAGE][PASSED] - Object: 'Object Repository/Page_KiboPush  Broadcast/h3_Manage Broadcasts' is clicked on

2019-04-22 16:34:24 - [MESSAGE][PASSED] - Call Test Case 'Test Cases/s-sidebar_navigation/individualAccount/broadcast' successfully

2019-04-22 16:34:24 - [MESSAGE][PASSED] - Call Test Case 'Test Cases/s-sidebar_navigation/TeamAccount/Broadcasts' successfully

2019-04-22 16:34:24 - [TEST_STEP][PASSED] - click: Object: 'Object Repository/Page_KiboPush  Broadcast/span_Create New Broadcast (4)' is clicked on

2019-04-22 16:34:25 - [MESSAGE][PASSED] - Object: 'Object Repository/Page_KiboPush  Broadcast/span_Create New Broadcast (4)' is clicked on

2019-04-22 16:34:25 - [TEST_STEP][PASSED] - click: Object: 'Object Repository/Page_KiboPush  Broadcast/a_Use Template (3)' is clicked on

2019-04-22 16:34:25 - [MESSAGE][PASSED] - Object: 'Object Repository/Page_KiboPush  Broadcast/a_Use Template (3)' is clicked on

2019-04-22 16:34:25 - [TEST_STEP][FAILED] - click: Unable to click on object 'Object Repository/Page_KiboPush  Broadcast/a_Edit Template (1)' (Root cause: com.kms.katalon.core.webui.exception.WebElementNotFoundException: Web element with id: 'Object Repository/Page_KiboPush  Broadcast/a_Edit Template (1)' located by 'By.xpath: //a[@href = '/editTemplateBroadcast' and (text() = 'Edit Template' or . = 'Edit Template')]' not found)

2019-04-22 16:35:00 - [MESSAGE][FAILED] - Unable to click on object 'Object Repository/Page_KiboPush  Broadcast/a_Edit Template (1)' (Root cause: com.kms.katalon.core.webui.exception.WebElementNotFoundException: Web element with id: 'Object Repository/Page_KiboPush  Broadcast/a_Edit Template (1)' located by 'By.xpath: //a[@href = '/editTemplateBroadcast' and (text() = 'Edit Template' or . = 'Edit Template')]' not found)
[[ATTACHMENT|C:\\Users\\cloudkibo\\Desktop\\KiboPush_Automated_Testing\\KiboPush Katalon\\Reports\\broadcast\\20190422_163027\\1555932899595.png]]]]></system-out>
         <system-err><![CDATA[2019-04-22 16:34:21 - [TEST_CASE][FAILED] - Test Cases/Broadcasts/TC0130: Test Cases/Broadcasts/TC0130 FAILED because (of) Unable to click on object 'Object Repository/Page_KiboPush  Broadcast/a_Edit Template (1)' (Root cause: com.kms.katalon.core.webui.exception.WebElementNotFoundException: Web element with id: 'Object Repository/Page_KiboPush  Broadcast/a_Edit Template (1)' located by 'By.xpath: //a[@href = '/editTemplateBroadcast' and (text() = 'Edit Template' or . = 'Edit Template')]' not found)]]></system-err>
      </testcase>
      <testcase name="Test Cases/Broadcasts/TC0131" classname="Test Cases/Broadcasts/TC0131" status="FAILED">
         <failure type="FAILED" message="Unable to verify object 'Object Repository/Page_KiboPush  Create Broadcast/text_component' is present (Root cause: org.openqa.selenium.InvalidSelectorException: invalid selector: Unable to locate an element with the xpath expression  because of the following error:
SyntaxError: Failed to execute 'evaluate' on 'Document': The string '' is not a valid XPath expression.
  (Session info: chrome=73.0.3683.103)
  (Driver info: chromedriver=2.35.528161 (5b82f2d2aae0ca24b877009200ced9065a772e73),platform=Windows NT 10.0.17134 x86_64) (WARNING: The server did not provide any stacktrace information)
Command duration or timeout: 0 milliseconds
For documentation on this error, please visit: http://seleniumhq.org/exceptions/invalid_selector_exception.html
Build info: version: '3.7.1', revision: '8a0099a', time: '2017-11-06T21:07:36.161Z'
System info: host: 'DESKTOP-4M6R1V0', ip: '10.0.2.15', os.name: 'Windows 10', os.arch: 'amd64', os.version: '10.0', java.version: '1.8.0_181'
Driver info: com.kms.katalon.selenium.driver.CChromeDriver
Capabilities {acceptInsecureCerts: false, acceptSslCerts: false, applicationCacheEnabled: false, browserConnectionEnabled: false, browserName: chrome, chrome: {chromedriverVersion: 2.35.528161 (5b82f2d2aae0ca..., userDataDir: C:\Users\CLOUDK~1\AppData\L...}, cssSelectorsEnabled: true, databaseEnabled: false, handlesAlerts: true, hasTouchScreen: false, javascriptEnabled: true, locationContextEnabled: true, mobileEmulationEnabled: false, nativeEvents: true, networkConnectionEnabled: false, pageLoadStrategy: normal, platform: XP, platformName: XP, rotatable: false, setWindowRect: true, takesHeapSnapshot: true, takesScreenshot: true, unexpectedAlertBehaviour: , unhandledPromptBehavior: , version: 73.0.3683.103, webStorageEnabled: true}
Session ID: 6df7bdbbf87924fc31039f17f9c9fbae
*** Element info: {Using=xpath, value=})"/>
         <system-out><![CDATA[2019-04-22 16:35:00 - [TEST_CASE][FAILED] - Test Cases/Broadcasts/TC0131: Test Cases/Broadcasts/TC0131 FAILED because (of) Unable to verify object 'Object Repository/Page_KiboPush  Create Broadcast/text_component' is present (Root cause: org.openqa.selenium.InvalidSelectorException: invalid selector: Unable to locate an element with the xpath expression  because of the following error:
SyntaxError: Failed to execute 'evaluate' on 'Document': The string '' is not a valid XPath expression.
  (Session info: chrome=73.0.3683.103)
  (Driver info: chromedriver=2.35.528161 (5b82f2d2aae0ca24b877009200ced9065a772e73),platform=Windows NT 10.0.17134 x86_64) (WARNING: The server did not provide any stacktrace information)
Command duration or timeout: 0 milliseconds
For documentation on this error, please visit: http://seleniumhq.org/exceptions/invalid_selector_exception.html
Build info: version: '3.7.1', revision: '8a0099a', time: '2017-11-06T21:07:36.161Z'
System info: host: 'DESKTOP-4M6R1V0', ip: '10.0.2.15', os.name: 'Windows 10', os.arch: 'amd64', os.version: '10.0', java.version: '1.8.0_181'
Driver info: com.kms.katalon.selenium.driver.CChromeDriver
Capabilities {acceptInsecureCerts: false, acceptSslCerts: false, applicationCacheEnabled: false, browserConnectionEnabled: false, browserName: chrome, chrome: {chromedriverVersion: 2.35.528161 (5b82f2d2aae0ca..., userDataDir: C:\Users\CLOUDK~1\AppData\L...}, cssSelectorsEnabled: true, databaseEnabled: false, handlesAlerts: true, hasTouchScreen: false, javascriptEnabled: true, locationContextEnabled: true, mobileEmulationEnabled: false, nativeEvents: true, networkConnectionEnabled: false, pageLoadStrategy: normal, platform: XP, platformName: XP, rotatable: false, setWindowRect: true, takesHeapSnapshot: true, takesScreenshot: true, unexpectedAlertBehaviour: , unhandledPromptBehavior: , version: 73.0.3683.103, webStorageEnabled: true}
Session ID: 6df7bdbbf87924fc31039f17f9c9fbae
*** Element info: {Using=xpath, value=})

2019-04-22 16:35:00 - [TEST_STEP][PASSED] - callTestCase: Call Test Case 'Test Cases/s-sidebar_navigation/TeamAccount/Broadcasts' successfully

2019-04-22 16:35:01 - [TEST_CASE][PASSED] - Test Cases/s-sidebar_navigation/TeamAccount/Broadcasts: Test Cases/s-sidebar_navigation/TeamAccount/Broadcasts

2019-04-22 16:35:01 - [TEST_STEP][PASSED] - callTestCase: Call Test Case 'Test Cases/s-sidebar_navigation/individualAccount/broadcast' successfully

2019-04-22 16:35:01 - [TEST_CASE][PASSED] - Test Cases/s-sidebar_navigation/individualAccount/broadcast: Test Cases/s-sidebar_navigation/individualAccount/broadcast

2019-04-22 16:35:01 - [TEST_STEP][PASSED] - click: Object: 'Object Repository/Page_KiboPush  Dashboard/span_Polls' is clicked on

2019-04-22 16:35:02 - [MESSAGE][PASSED] - Object: 'Object Repository/Page_KiboPush  Dashboard/span_Polls' is clicked on

2019-04-22 16:35:02 - [TEST_STEP][PASSED] - delay: Delayed 1 second(s)

2019-04-22 16:35:03 - [MESSAGE][PASSED] - Delayed 1 second(s)

2019-04-22 16:35:03 - [TEST_STEP][PASSED] - click: Object: 'Object Repository/Page_KiboPush  Dashboard/span_Broadcasts' is clicked on

2019-04-22 16:35:03 - [MESSAGE][PASSED] - Object: 'Object Repository/Page_KiboPush  Dashboard/span_Broadcasts' is clicked on

2019-04-22 16:35:03 - [TEST_STEP][PASSED] - delay: Delayed 1 second(s)

2019-04-22 16:35:04 - [MESSAGE][PASSED] - Delayed 1 second(s)

2019-04-22 16:35:04 - [TEST_STEP][PASSED] - scrollToPosition: Browser is scrolled to position x = 0, y = 0

2019-04-22 16:35:04 - [MESSAGE][PASSED] - Browser is scrolled to position x = 0, y = 0

2019-04-22 16:35:04 - [TEST_STEP][PASSED] - click: Object: 'Object Repository/Page_KiboPush  Broadcast/h3_Manage Broadcasts' is clicked on

2019-04-22 16:35:05 - [MESSAGE][PASSED] - Object: 'Object Repository/Page_KiboPush  Broadcast/h3_Manage Broadcasts' is clicked on

2019-04-22 16:35:05 - [MESSAGE][PASSED] - Call Test Case 'Test Cases/s-sidebar_navigation/individualAccount/broadcast' successfully

2019-04-22 16:35:05 - [MESSAGE][PASSED] - Call Test Case 'Test Cases/s-sidebar_navigation/TeamAccount/Broadcasts' successfully

2019-04-22 16:35:05 - [TEST_STEP][PASSED] - click: Object: 'Object Repository/Page_KiboPush  Broadcast/span_Create New Broadcast' is clicked on

2019-04-22 16:35:05 - [MESSAGE][PASSED] - Object: 'Object Repository/Page_KiboPush  Broadcast/span_Create New Broadcast' is clicked on

2019-04-22 16:35:05 - [TEST_STEP][PASSED] - click: Object: 'Object Repository/Page_KiboPush  Broadcast/a_Create New Broadcast' is clicked on

2019-04-22 16:35:06 - [MESSAGE][PASSED] - Object: 'Object Repository/Page_KiboPush  Broadcast/a_Create New Broadcast' is clicked on

2019-04-22 16:35:06 - [TEST_STEP][PASSED] - delay: Delayed 1 second(s)

2019-04-22 16:35:07 - [MESSAGE][PASSED] - Delayed 1 second(s)

2019-04-22 16:35:07 - [TEST_STEP][PASSED] - click: Object: 'Object Repository/Page_KiboPush  Create Broadcast/div_Text_1' is clicked on

2019-04-22 16:35:08 - [MESSAGE][PASSED] - Object: 'Object Repository/Page_KiboPush  Create Broadcast/div_Text_1' is clicked on

2019-04-22 16:35:08 - [TEST_STEP][FAILED] - verifyElementPresent: Unable to verify object 'Object Repository/Page_KiboPush  Create Broadcast/text_component' is present (Root cause: org.openqa.selenium.InvalidSelectorException: invalid selector: Unable to locate an element with the xpath expression  because of the following error:
SyntaxError: Failed to execute 'evaluate' on 'Document': The string '' is not a valid XPath expression.
  (Session info: chrome=73.0.3683.103)
  (Driver info: chromedriver=2.35.528161 (5b82f2d2aae0ca24b877009200ced9065a772e73),platform=Windows NT 10.0.17134 x86_64) (WARNING: The server did not provide any stacktrace information)
Command duration or timeout: 0 milliseconds
For documentation on this error, please visit: http://seleniumhq.org/exceptions/invalid_selector_exception.html
Build info: version: '3.7.1', revision: '8a0099a', time: '2017-11-06T21:07:36.161Z'
System info: host: 'DESKTOP-4M6R1V0', ip: '10.0.2.15', os.name: 'Windows 10', os.arch: 'amd64', os.version: '10.0', java.version: '1.8.0_181'
Driver info: com.kms.katalon.selenium.driver.CChromeDriver
Capabilities {acceptInsecureCerts: false, acceptSslCerts: false, applicationCacheEnabled: false, browserConnectionEnabled: false, browserName: chrome, chrome: {chromedriverVersion: 2.35.528161 (5b82f2d2aae0ca..., userDataDir: C:\Users\CLOUDK~1\AppData\L...}, cssSelectorsEnabled: true, databaseEnabled: false, handlesAlerts: true, hasTouchScreen: false, javascriptEnabled: true, locationContextEnabled: true, mobileEmulationEnabled: false, nativeEvents: true, networkConnectionEnabled: false, pageLoadStrategy: normal, platform: XP, platformName: XP, rotatable: false, setWindowRect: true, takesHeapSnapshot: true, takesScreenshot: true, unexpectedAlertBehaviour: , unhandledPromptBehavior: , version: 73.0.3683.103, webStorageEnabled: true}
Session ID: 6df7bdbbf87924fc31039f17f9c9fbae
*** Element info: {Using=xpath, value=})

2019-04-22 16:35:14 - [MESSAGE][FAILED] - Unable to verify object 'Object Repository/Page_KiboPush  Create Broadcast/text_component' is present (Root cause: org.openqa.selenium.InvalidSelectorException: invalid selector: Unable to locate an element with the xpath expression  because of the following error:
SyntaxError: Failed to execute 'evaluate' on 'Document': The string '' is not a valid XPath expression.
  (Session info: chrome=73.0.3683.103)
  (Driver info: chromedriver=2.35.528161 (5b82f2d2aae0ca24b877009200ced9065a772e73),platform=Windows NT 10.0.17134 x86_64) (WARNING: The server did not provide any stacktrace information)
Command duration or timeout: 0 milliseconds
For documentation on this error, please visit: http://seleniumhq.org/exceptions/invalid_selector_exception.html
Build info: version: '3.7.1', revision: '8a0099a', time: '2017-11-06T21:07:36.161Z'
System info: host: 'DESKTOP-4M6R1V0', ip: '10.0.2.15', os.name: 'Windows 10', os.arch: 'amd64', os.version: '10.0', java.version: '1.8.0_181'
Driver info: com.kms.katalon.selenium.driver.CChromeDriver
Capabilities {acceptInsecureCerts: false, acceptSslCerts: false, applicationCacheEnabled: false, browserConnectionEnabled: false, browserName: chrome, chrome: {chromedriverVersion: 2.35.528161 (5b82f2d2aae0ca..., userDataDir: C:\Users\CLOUDK~1\AppData\L...}, cssSelectorsEnabled: true, databaseEnabled: false, handlesAlerts: true, hasTouchScreen: false, javascriptEnabled: true, locationContextEnabled: true, mobileEmulationEnabled: false, nativeEvents: true, networkConnectionEnabled: false, pageLoadStrategy: normal, platform: XP, platformName: XP, rotatable: false, setWindowRect: true, takesHeapSnapshot: true, takesScreenshot: true, unexpectedAlertBehaviour: , unhandledPromptBehavior: , version: 73.0.3683.103, webStorageEnabled: true}
Session ID: 6df7bdbbf87924fc31039f17f9c9fbae
*** Element info: {Using=xpath, value=})
[[ATTACHMENT|C:\\Users\\cloudkibo\\Desktop\\KiboPush_Automated_Testing\\KiboPush Katalon\\Reports\\broadcast\\20190422_163027\\1555932913744.png]]]]></system-out>
         <system-err><![CDATA[2019-04-22 16:35:00 - [TEST_CASE][FAILED] - Test Cases/Broadcasts/TC0131: Test Cases/Broadcasts/TC0131 FAILED because (of) Unable to verify object 'Object Repository/Page_KiboPush  Create Broadcast/text_component' is present (Root cause: org.openqa.selenium.InvalidSelectorException: invalid selector: Unable to locate an element with the xpath expression  because of the following error:
SyntaxError: Failed to execute 'evaluate' on 'Document': The string '' is not a valid XPath expression.
  (Session info: chrome=73.0.3683.103)
  (Driver info: chromedriver=2.35.528161 (5b82f2d2aae0ca24b877009200ced9065a772e73),platform=Windows NT 10.0.17134 x86_64) (WARNING: The server did not provide any stacktrace information)
Command duration or timeout: 0 milliseconds
For documentation on this error, please visit: http://seleniumhq.org/exceptions/invalid_selector_exception.html
Build info: version: '3.7.1', revision: '8a0099a', time: '2017-11-06T21:07:36.161Z'
System info: host: 'DESKTOP-4M6R1V0', ip: '10.0.2.15', os.name: 'Windows 10', os.arch: 'amd64', os.version: '10.0', java.version: '1.8.0_181'
Driver info: com.kms.katalon.selenium.driver.CChromeDriver
Capabilities {acceptInsecureCerts: false, acceptSslCerts: false, applicationCacheEnabled: false, browserConnectionEnabled: false, browserName: chrome, chrome: {chromedriverVersion: 2.35.528161 (5b82f2d2aae0ca..., userDataDir: C:\Users\CLOUDK~1\AppData\L...}, cssSelectorsEnabled: true, databaseEnabled: false, handlesAlerts: true, hasTouchScreen: false, javascriptEnabled: true, locationContextEnabled: true, mobileEmulationEnabled: false, nativeEvents: true, networkConnectionEnabled: false, pageLoadStrategy: normal, platform: XP, platformName: XP, rotatable: false, setWindowRect: true, takesHeapSnapshot: true, takesScreenshot: true, unexpectedAlertBehaviour: , unhandledPromptBehavior: , version: 73.0.3683.103, webStorageEnabled: true}
Session ID: 6df7bdbbf87924fc31039f17f9c9fbae
*** Element info: {Using=xpath, value=})]]></system-err>
      </testcase>
      <testcase name="Test Cases/Broadcasts/TC0132" classname="Test Cases/Broadcasts/TC0132" status="PASSED">
         <system-out><![CDATA[2019-04-22 16:35:14 - [TEST_CASE][PASSED] - Test Cases/Broadcasts/TC0132: Test Cases/Broadcasts/TC0132

2019-04-22 16:35:15 - [TEST_STEP][PASSED] - callTestCase: Call Test Case 'Test Cases/s-sidebar_navigation/TeamAccount/Broadcasts' successfully

2019-04-22 16:35:15 - [TEST_CASE][PASSED] - Test Cases/s-sidebar_navigation/TeamAccount/Broadcasts: Test Cases/s-sidebar_navigation/TeamAccount/Broadcasts

2019-04-22 16:35:15 - [TEST_STEP][PASSED] - callTestCase: Call Test Case 'Test Cases/s-sidebar_navigation/individualAccount/broadcast' successfully

2019-04-22 16:35:15 - [TEST_CASE][PASSED] - Test Cases/s-sidebar_navigation/individualAccount/broadcast: Test Cases/s-sidebar_navigation/individualAccount/broadcast

2019-04-22 16:35:15 - [TEST_STEP][PASSED] - click: Object: 'Object Repository/Page_KiboPush  Dashboard/span_Polls' is clicked on

2019-04-22 16:35:16 - [MESSAGE][PASSED] - Object: 'Object Repository/Page_KiboPush  Dashboard/span_Polls' is clicked on

2019-04-22 16:35:16 - [TEST_STEP][PASSED] - delay: Delayed 1 second(s)

2019-04-22 16:35:17 - [MESSAGE][PASSED] - Delayed 1 second(s)

2019-04-22 16:35:17 - [TEST_STEP][PASSED] - click: Object: 'Object Repository/Page_KiboPush  Dashboard/span_Broadcasts' is clicked on

2019-04-22 16:35:18 - [MESSAGE][PASSED] - Object: 'Object Repository/Page_KiboPush  Dashboard/span_Broadcasts' is clicked on

2019-04-22 16:35:18 - [TEST_STEP][PASSED] - delay: Delayed 1 second(s)

2019-04-22 16:35:19 - [MESSAGE][PASSED] - Delayed 1 second(s)

2019-04-22 16:35:19 - [TEST_STEP][PASSED] - scrollToPosition: Browser is scrolled to position x = 0, y = 0

2019-04-22 16:35:19 - [MESSAGE][PASSED] - Browser is scrolled to position x = 0, y = 0

2019-04-22 16:35:19 - [TEST_STEP][PASSED] - click: Object: 'Object Repository/Page_KiboPush  Broadcast/h3_Manage Broadcasts' is clicked on

2019-04-22 16:35:19 - [MESSAGE][PASSED] - Object: 'Object Repository/Page_KiboPush  Broadcast/h3_Manage Broadcasts' is clicked on

2019-04-22 16:35:19 - [MESSAGE][PASSED] - Call Test Case 'Test Cases/s-sidebar_navigation/individualAccount/broadcast' successfully

2019-04-22 16:35:20 - [MESSAGE][PASSED] - Call Test Case 'Test Cases/s-sidebar_navigation/TeamAccount/Broadcasts' successfully

2019-04-22 16:35:20 - [TEST_STEP][PASSED] - click: Object: 'Object Repository/Page_KiboPush  Broadcast/span_Create New Broadcast' is clicked on

2019-04-22 16:35:20 - [MESSAGE][PASSED] - Object: 'Object Repository/Page_KiboPush  Broadcast/span_Create New Broadcast' is clicked on

2019-04-22 16:35:20 - [TEST_STEP][PASSED] - click: Object: 'Object Repository/Page_KiboPush  Broadcast/a_Create New Broadcast' is clicked on

2019-04-22 16:35:21 - [MESSAGE][PASSED] - Object: 'Object Repository/Page_KiboPush  Broadcast/a_Create New Broadcast' is clicked on

2019-04-22 16:35:21 - [TEST_STEP][PASSED] - delay: Delayed 1 second(s)

2019-04-22 16:35:23 - [MESSAGE][PASSED] - Delayed 1 second(s)

2019-04-22 16:35:23 - [TEST_STEP][PASSED] - click: Object: 'Object Repository/Page_KiboPush  Create Broadcast/div_Text_1' is clicked on

2019-04-22 16:35:23 - [MESSAGE][PASSED] - Object: 'Object Repository/Page_KiboPush  Create Broadcast/div_Text_1' is clicked on

2019-04-22 16:35:23 - [TEST_STEP][PASSED] - scrollToPosition: Browser is scrolled to position x = 0, y = 0

2019-04-22 16:35:23 - [MESSAGE][PASSED] - Browser is scrolled to position x = 0, y = 0

2019-04-22 16:35:23 - [TEST_STEP][PASSED] - delay: Delayed 3 second(s)

2019-04-22 16:35:27 - [MESSAGE][PASSED] - Delayed 3 second(s)

2019-04-22 16:35:27 - [TEST_STEP][PASSED] - click: Object: 'Object Repository/Page_KiboPush  Create Broadcast/button_Next' is clicked on

2019-04-22 16:35:27 - [MESSAGE][PASSED] - Object: 'Object Repository/Page_KiboPush  Create Broadcast/button_Next' is clicked on

2019-04-22 16:35:27 - [TEST_STEP][PASSED] - delay: Delayed 3 second(s)

2019-04-22 16:35:31 - [MESSAGE][PASSED] - Delayed 3 second(s)

2019-04-22 16:35:31 - [TEST_STEP][PASSED] - click: Object: 'Object Repository/Page_KiboPush  Create Broadcast/div_Text cannot be empty' is clicked on

2019-04-22 16:35:31 - [MESSAGE][PASSED] - Object: 'Object Repository/Page_KiboPush  Create Broadcast/div_Text cannot be empty' is clicked on]]></system-out>
         <system-err><![CDATA[]]></system-err>
      </testcase>
      <testcase name="Test Cases/Broadcasts/TC0133" classname="Test Cases/Broadcasts/TC0133" status="PASSED">
         <system-out><![CDATA[2019-04-22 16:35:31 - [TEST_CASE][PASSED] - Test Cases/Broadcasts/TC0133: Test Cases/Broadcasts/TC0133

2019-04-22 16:35:32 - [TEST_STEP][PASSED] - callTestCase: Call Test Case 'Test Cases/s-sidebar_navigation/TeamAccount/Broadcasts' successfully

2019-04-22 16:35:32 - [TEST_CASE][PASSED] - Test Cases/s-sidebar_navigation/TeamAccount/Broadcasts: Test Cases/s-sidebar_navigation/TeamAccount/Broadcasts

2019-04-22 16:35:32 - [TEST_STEP][PASSED] - callTestCase: Call Test Case 'Test Cases/s-sidebar_navigation/individualAccount/broadcast' successfully

2019-04-22 16:35:32 - [TEST_CASE][PASSED] - Test Cases/s-sidebar_navigation/individualAccount/broadcast: Test Cases/s-sidebar_navigation/individualAccount/broadcast

2019-04-22 16:35:32 - [TEST_STEP][PASSED] - click: Object: 'Object Repository/Page_KiboPush  Dashboard/span_Polls' is clicked on

2019-04-22 16:35:32 - [MESSAGE][PASSED] - Object: 'Object Repository/Page_KiboPush  Dashboard/span_Polls' is clicked on

2019-04-22 16:35:32 - [TEST_STEP][PASSED] - delay: Delayed 1 second(s)

2019-04-22 16:35:34 - [MESSAGE][PASSED] - Delayed 1 second(s)

2019-04-22 16:35:34 - [TEST_STEP][PASSED] - click: Object: 'Object Repository/Page_KiboPush  Dashboard/span_Broadcasts' is clicked on

2019-04-22 16:35:34 - [MESSAGE][PASSED] - Object: 'Object Repository/Page_KiboPush  Dashboard/span_Broadcasts' is clicked on

2019-04-22 16:35:34 - [TEST_STEP][PASSED] - delay: Delayed 1 second(s)

2019-04-22 16:35:36 - [MESSAGE][PASSED] - Delayed 1 second(s)

2019-04-22 16:35:36 - [TEST_STEP][PASSED] - scrollToPosition: Browser is scrolled to position x = 0, y = 0

2019-04-22 16:35:36 - [MESSAGE][PASSED] - Browser is scrolled to position x = 0, y = 0

2019-04-22 16:35:36 - [TEST_STEP][PASSED] - click: Object: 'Object Repository/Page_KiboPush  Broadcast/h3_Manage Broadcasts' is clicked on

2019-04-22 16:35:36 - [MESSAGE][PASSED] - Object: 'Object Repository/Page_KiboPush  Broadcast/h3_Manage Broadcasts' is clicked on

2019-04-22 16:35:36 - [MESSAGE][PASSED] - Call Test Case 'Test Cases/s-sidebar_navigation/individualAccount/broadcast' successfully

2019-04-22 16:35:36 - [MESSAGE][PASSED] - Call Test Case 'Test Cases/s-sidebar_navigation/TeamAccount/Broadcasts' successfully

2019-04-22 16:35:36 - [TEST_STEP][PASSED] - click: Object: 'Object Repository/Page_KiboPush  Broadcast/span_Create New Broadcast' is clicked on

2019-04-22 16:35:37 - [MESSAGE][PASSED] - Object: 'Object Repository/Page_KiboPush  Broadcast/span_Create New Broadcast' is clicked on

2019-04-22 16:35:37 - [TEST_STEP][PASSED] - click: Object: 'Object Repository/Page_KiboPush  Broadcast/a_Create New Broadcast' is clicked on

2019-04-22 16:35:39 - [MESSAGE][PASSED] - Object: 'Object Repository/Page_KiboPush  Broadcast/a_Create New Broadcast' is clicked on

2019-04-22 16:35:39 - [TEST_STEP][PASSED] - delay: Delayed 1 second(s)

2019-04-22 16:35:40 - [MESSAGE][PASSED] - Delayed 1 second(s)

2019-04-22 16:35:40 - [TEST_STEP][PASSED] - click: Object: 'Object Repository/Page_KiboPush  Create Broadcast/div_Text' is clicked on

2019-04-22 16:35:40 - [MESSAGE][PASSED] - Object: 'Object Repository/Page_KiboPush  Create Broadcast/div_Text' is clicked on

2019-04-22 16:35:40 - [TEST_STEP][PASSED] - click: Object: 'Object Repository/Page_KiboPush  Create Broadcast/div_ Add Button' is clicked on

2019-04-22 16:35:41 - [MESSAGE][PASSED] - Object: 'Object Repository/Page_KiboPush  Create Broadcast/div_ Add Button' is clicked on

2019-04-22 16:35:41 - [TEST_STEP][PASSED] - setText: Text 'KiboPush' is set on object 'Object Repository/Page_KiboPush  Create Broadcast/input_form-control (9)'

2019-04-22 16:35:42 - [MESSAGE][PASSED] - Text 'KiboPush' is set on object 'Object Repository/Page_KiboPush  Create Broadcast/input_form-control (9)'

2019-04-22 16:35:42 - [TEST_STEP][PASSED] - click: Object: 'Object Repository/Page_KiboPush  Create Broadcast/div_Open a website (5)' is clicked on

2019-04-22 16:35:42 - [MESSAGE][PASSED] - Object: 'Object Repository/Page_KiboPush  Create Broadcast/div_Open a website (5)' is clicked on

2019-04-22 16:35:42 - [TEST_STEP][PASSED] - setText: Text 'kibopush.com' is set on object 'Object Repository/Page_KiboPush  Create Broadcast/input_form-control_1 (5)'

2019-04-22 16:35:43 - [MESSAGE][PASSED] - Text 'kibopush.com' is set on object 'Object Repository/Page_KiboPush  Create Broadcast/input_form-control_1 (5)'

2019-04-22 16:35:43 - [TEST_STEP][PASSED] - click: Object: 'Object Repository/Page_KiboPush  Create Broadcast/button_Done (5)' is clicked on

2019-04-22 16:35:43 - [MESSAGE][PASSED] - Object: 'Object Repository/Page_KiboPush  Create Broadcast/button_Done (5)' is clicked on]]></system-out>
         <system-err><![CDATA[]]></system-err>
      </testcase>
      <testcase name="Test Cases/Broadcasts/TC0137" classname="Test Cases/Broadcasts/TC0137" status="PASSED">
         <system-out><![CDATA[2019-04-22 16:35:43 - [TEST_CASE][PASSED] - Test Cases/Broadcasts/TC0137: Test Cases/Broadcasts/TC0137

2019-04-22 16:35:43 - [TEST_STEP][PASSED] - callTestCase: Call Test Case 'Test Cases/s-sidebar_navigation/TeamAccount/Broadcasts' successfully

2019-04-22 16:35:43 - [TEST_CASE][PASSED] - Test Cases/s-sidebar_navigation/TeamAccount/Broadcasts: Test Cases/s-sidebar_navigation/TeamAccount/Broadcasts

2019-04-22 16:35:43 - [TEST_STEP][PASSED] - callTestCase: Call Test Case 'Test Cases/s-sidebar_navigation/individualAccount/broadcast' successfully

2019-04-22 16:35:44 - [TEST_CASE][PASSED] - Test Cases/s-sidebar_navigation/individualAccount/broadcast: Test Cases/s-sidebar_navigation/individualAccount/broadcast

2019-04-22 16:35:44 - [TEST_STEP][PASSED] - click: Object: 'Object Repository/Page_KiboPush  Dashboard/span_Polls' is clicked on

2019-04-22 16:35:44 - [MESSAGE][PASSED] - Object: 'Object Repository/Page_KiboPush  Dashboard/span_Polls' is clicked on

2019-04-22 16:35:44 - [TEST_STEP][PASSED] - delay: Delayed 1 second(s)

2019-04-22 16:35:45 - [MESSAGE][PASSED] - Delayed 1 second(s)

2019-04-22 16:35:45 - [TEST_STEP][PASSED] - click: Object: 'Object Repository/Page_KiboPush  Dashboard/span_Broadcasts' is clicked on

2019-04-22 16:35:46 - [MESSAGE][PASSED] - Object: 'Object Repository/Page_KiboPush  Dashboard/span_Broadcasts' is clicked on

2019-04-22 16:35:46 - [TEST_STEP][PASSED] - delay: Delayed 1 second(s)

2019-04-22 16:35:47 - [MESSAGE][PASSED] - Delayed 1 second(s)

2019-04-22 16:35:47 - [TEST_STEP][PASSED] - scrollToPosition: Browser is scrolled to position x = 0, y = 0

2019-04-22 16:35:47 - [MESSAGE][PASSED] - Browser is scrolled to position x = 0, y = 0

2019-04-22 16:35:47 - [TEST_STEP][PASSED] - click: Object: 'Object Repository/Page_KiboPush  Broadcast/h3_Manage Broadcasts' is clicked on

2019-04-22 16:35:47 - [MESSAGE][PASSED] - Object: 'Object Repository/Page_KiboPush  Broadcast/h3_Manage Broadcasts' is clicked on

2019-04-22 16:35:47 - [MESSAGE][PASSED] - Call Test Case 'Test Cases/s-sidebar_navigation/individualAccount/broadcast' successfully

2019-04-22 16:35:47 - [MESSAGE][PASSED] - Call Test Case 'Test Cases/s-sidebar_navigation/TeamAccount/Broadcasts' successfully

2019-04-22 16:35:47 - [TEST_STEP][PASSED] - click: Object: 'Object Repository/Page_KiboPush  Broadcast/span_Create New Broadcast' is clicked on

2019-04-22 16:35:48 - [MESSAGE][PASSED] - Object: 'Object Repository/Page_KiboPush  Broadcast/span_Create New Broadcast' is clicked on

2019-04-22 16:35:48 - [TEST_STEP][PASSED] - click: Object: 'Object Repository/Page_KiboPush  Broadcast/a_Create New Broadcast' is clicked on

2019-04-22 16:35:49 - [MESSAGE][PASSED] - Object: 'Object Repository/Page_KiboPush  Broadcast/a_Create New Broadcast' is clicked on

2019-04-22 16:35:49 - [TEST_STEP][PASSED] - delay: Delayed 1 second(s)

2019-04-22 16:35:50 - [MESSAGE][PASSED] - Delayed 1 second(s)

2019-04-22 16:35:50 - [TEST_STEP][PASSED] - click: Object: 'Object Repository/Page_KiboPush  Create Broadcast/div_Image (2)' is clicked on

2019-04-22 16:35:51 - [MESSAGE][PASSED] - Object: 'Object Repository/Page_KiboPush  Create Broadcast/div_Image (2)' is clicked on

2019-04-22 16:35:51 - [TEST_STEP][PASSED] - delay: Delayed 1 second(s)

2019-04-22 16:35:52 - [MESSAGE][PASSED] - Delayed 1 second(s)

2019-04-22 16:35:52 - [TEST_STEP][PASSED] - verifyElementPresent: Object 'Object Repository/Page_KiboPush  Create Broadcast/div_Image_1' is present

2019-04-22 16:35:52 - [MESSAGE][PASSED] - Object 'Object Repository/Page_KiboPush  Create Broadcast/div_Image_1' is present]]></system-out>
         <system-err><![CDATA[]]></system-err>
      </testcase>
      <testcase name="Test Cases/Broadcasts/TC0138" classname="Test Cases/Broadcasts/TC0138" status="PASSED">
         <system-out><![CDATA[2019-04-22 16:35:52 - [TEST_CASE][PASSED] - Test Cases/Broadcasts/TC0138: Test Cases/Broadcasts/TC0138

2019-04-22 16:35:52 - [TEST_STEP][PASSED] - callTestCase: Call Test Case 'Test Cases/s-sidebar_navigation/TeamAccount/Broadcasts' successfully

2019-04-22 16:35:52 - [TEST_CASE][PASSED] - Test Cases/s-sidebar_navigation/TeamAccount/Broadcasts: Test Cases/s-sidebar_navigation/TeamAccount/Broadcasts

2019-04-22 16:35:52 - [TEST_STEP][PASSED] - callTestCase: Call Test Case 'Test Cases/s-sidebar_navigation/individualAccount/broadcast' successfully

2019-04-22 16:35:53 - [TEST_CASE][PASSED] - Test Cases/s-sidebar_navigation/individualAccount/broadcast: Test Cases/s-sidebar_navigation/individualAccount/broadcast

2019-04-22 16:35:53 - [TEST_STEP][PASSED] - click: Object: 'Object Repository/Page_KiboPush  Dashboard/span_Polls' is clicked on

2019-04-22 16:35:53 - [MESSAGE][PASSED] - Object: 'Object Repository/Page_KiboPush  Dashboard/span_Polls' is clicked on

2019-04-22 16:35:53 - [TEST_STEP][PASSED] - delay: Delayed 1 second(s)

2019-04-22 16:35:54 - [MESSAGE][PASSED] - Delayed 1 second(s)

2019-04-22 16:35:54 - [TEST_STEP][PASSED] - click: Object: 'Object Repository/Page_KiboPush  Dashboard/span_Broadcasts' is clicked on

2019-04-22 16:35:55 - [MESSAGE][PASSED] - Object: 'Object Repository/Page_KiboPush  Dashboard/span_Broadcasts' is clicked on

2019-04-22 16:35:55 - [TEST_STEP][PASSED] - delay: Delayed 1 second(s)

2019-04-22 16:35:56 - [MESSAGE][PASSED] - Delayed 1 second(s)

2019-04-22 16:35:56 - [TEST_STEP][PASSED] - scrollToPosition: Browser is scrolled to position x = 0, y = 0

2019-04-22 16:35:56 - [MESSAGE][PASSED] - Browser is scrolled to position x = 0, y = 0

2019-04-22 16:35:56 - [TEST_STEP][PASSED] - click: Object: 'Object Repository/Page_KiboPush  Broadcast/h3_Manage Broadcasts' is clicked on

2019-04-22 16:35:56 - [MESSAGE][PASSED] - Object: 'Object Repository/Page_KiboPush  Broadcast/h3_Manage Broadcasts' is clicked on

2019-04-22 16:35:56 - [MESSAGE][PASSED] - Call Test Case 'Test Cases/s-sidebar_navigation/individualAccount/broadcast' successfully

2019-04-22 16:35:56 - [MESSAGE][PASSED] - Call Test Case 'Test Cases/s-sidebar_navigation/TeamAccount/Broadcasts' successfully

2019-04-22 16:35:56 - [TEST_STEP][PASSED] - click: Object: 'Object Repository/Page_KiboPush  Broadcast/span_Create New Broadcast (5)' is clicked on

2019-04-22 16:35:57 - [MESSAGE][PASSED] - Object: 'Object Repository/Page_KiboPush  Broadcast/span_Create New Broadcast (5)' is clicked on

2019-04-22 16:35:57 - [TEST_STEP][PASSED] - click: Object: 'Object Repository/Page_KiboPush  Broadcast/a_Create New Broadcast (3)' is clicked on

2019-04-22 16:35:58 - [MESSAGE][PASSED] - Object: 'Object Repository/Page_KiboPush  Broadcast/a_Create New Broadcast (3)' is clicked on

2019-04-22 16:35:58 - [TEST_STEP][PASSED] - delay: Delayed 1 second(s)

2019-04-22 16:35:59 - [MESSAGE][PASSED] - Delayed 1 second(s)

2019-04-22 16:35:59 - [TEST_STEP][PASSED] - click: Object: 'Object Repository/Page_KiboPush  Create Broadcast/div_Image (3) (1)' is clicked on

2019-04-22 16:35:59 - [MESSAGE][PASSED] - Object: 'Object Repository/Page_KiboPush  Create Broadcast/div_Image (3) (1)' is clicked on

2019-04-22 16:35:59 - [TEST_STEP][PASSED] - delay: Delayed 3 second(s)

2019-04-22 16:36:02 - [MESSAGE][PASSED] - Delayed 3 second(s)

2019-04-22 16:36:02 - [TEST_STEP][PASSED] - click: Object: 'Object Repository/Page_KiboPush  Create Broadcast/button_Next (1) (1)' is clicked on

2019-04-22 16:36:03 - [MESSAGE][PASSED] - Object: 'Object Repository/Page_KiboPush  Create Broadcast/button_Next (1) (1)' is clicked on

2019-04-22 16:36:03 - [TEST_STEP][PASSED] - delay: Delayed 3 second(s)

2019-04-22 16:36:05 - [MESSAGE][PASSED] - Delayed 3 second(s)

2019-04-22 16:36:05 - [TEST_STEP][PASSED] - click: Object: 'Object Repository/Page_KiboEngage  Create Broadcast/div_Select a valid image' is clicked on

2019-04-22 16:36:06 - [MESSAGE][PASSED] - Object: 'Object Repository/Page_KiboEngage  Create Broadcast/div_Select a valid image' is clicked on]]></system-out>
         <system-err><![CDATA[]]></system-err>
      </testcase>
      <testcase name="Test Cases/Broadcasts/TC0139" classname="Test Cases/Broadcasts/TC0139" status="FAILED">
         <failure type="FAILED" message="Unable to verify object 'Object Repository/Page_KiboPush  Create Broadcast/img' is present (Root cause: com.kms.katalon.core.webui.exception.WebElementNotFoundException: Web element with id: 'Object Repository/Page_KiboPush  Create Broadcast/img' located by 'By.xpath: //*[@id=&quot;List1&quot;]/div/div/div[3]/div/input' not found)"/>
         <system-out><![CDATA[2019-04-22 16:36:06 - [TEST_CASE][FAILED] - Test Cases/Broadcasts/TC0139: Test Cases/Broadcasts/TC0139 FAILED because (of) Unable to verify object 'Object Repository/Page_KiboPush  Create Broadcast/img' is present (Root cause: com.kms.katalon.core.webui.exception.WebElementNotFoundException: Web element with id: 'Object Repository/Page_KiboPush  Create Broadcast/img' located by 'By.xpath: //*[@id="List1"]/div/div/div[3]/div/input' not found)

2019-04-22 16:36:06 - [TEST_STEP][PASSED] - callTestCase: Call Test Case 'Test Cases/s-sidebar_navigation/TeamAccount/Broadcasts' successfully

2019-04-22 16:36:06 - [TEST_CASE][PASSED] - Test Cases/s-sidebar_navigation/TeamAccount/Broadcasts: Test Cases/s-sidebar_navigation/TeamAccount/Broadcasts

2019-04-22 16:36:06 - [TEST_STEP][PASSED] - callTestCase: Call Test Case 'Test Cases/s-sidebar_navigation/individualAccount/broadcast' successfully

2019-04-22 16:36:06 - [TEST_CASE][PASSED] - Test Cases/s-sidebar_navigation/individualAccount/broadcast: Test Cases/s-sidebar_navigation/individualAccount/broadcast

2019-04-22 16:36:06 - [TEST_STEP][PASSED] - click: Object: 'Object Repository/Page_KiboPush  Dashboard/span_Polls' is clicked on

2019-04-22 16:36:07 - [MESSAGE][PASSED] - Object: 'Object Repository/Page_KiboPush  Dashboard/span_Polls' is clicked on

2019-04-22 16:36:07 - [TEST_STEP][PASSED] - delay: Delayed 1 second(s)

2019-04-22 16:36:08 - [MESSAGE][PASSED] - Delayed 1 second(s)

2019-04-22 16:36:08 - [TEST_STEP][PASSED] - click: Object: 'Object Repository/Page_KiboPush  Dashboard/span_Broadcasts' is clicked on

2019-04-22 16:36:08 - [MESSAGE][PASSED] - Object: 'Object Repository/Page_KiboPush  Dashboard/span_Broadcasts' is clicked on

2019-04-22 16:36:08 - [TEST_STEP][PASSED] - delay: Delayed 1 second(s)

2019-04-22 16:36:09 - [MESSAGE][PASSED] - Delayed 1 second(s)

2019-04-22 16:36:09 - [TEST_STEP][PASSED] - scrollToPosition: Browser is scrolled to position x = 0, y = 0

2019-04-22 16:36:09 - [MESSAGE][PASSED] - Browser is scrolled to position x = 0, y = 0

2019-04-22 16:36:09 - [TEST_STEP][PASSED] - click: Object: 'Object Repository/Page_KiboPush  Broadcast/h3_Manage Broadcasts' is clicked on

2019-04-22 16:36:09 - [MESSAGE][PASSED] - Object: 'Object Repository/Page_KiboPush  Broadcast/h3_Manage Broadcasts' is clicked on

2019-04-22 16:36:09 - [MESSAGE][PASSED] - Call Test Case 'Test Cases/s-sidebar_navigation/individualAccount/broadcast' successfully

2019-04-22 16:36:09 - [MESSAGE][PASSED] - Call Test Case 'Test Cases/s-sidebar_navigation/TeamAccount/Broadcasts' successfully

2019-04-22 16:36:09 - [TEST_STEP][PASSED] - click: Object: 'Object Repository/Page_KiboPush  Broadcast/span_Create New Broadcast' is clicked on

2019-04-22 16:36:10 - [MESSAGE][PASSED] - Object: 'Object Repository/Page_KiboPush  Broadcast/span_Create New Broadcast' is clicked on

2019-04-22 16:36:10 - [TEST_STEP][PASSED] - click: Object: 'Object Repository/Page_KiboPush  Broadcast/a_Create New Broadcast' is clicked on

2019-04-22 16:36:11 - [MESSAGE][PASSED] - Object: 'Object Repository/Page_KiboPush  Broadcast/a_Create New Broadcast' is clicked on

2019-04-22 16:36:11 - [TEST_STEP][PASSED] - delay: Delayed 1 second(s)

2019-04-22 16:36:12 - [MESSAGE][PASSED] - Delayed 1 second(s)

2019-04-22 16:36:12 - [TEST_STEP][PASSED] - click: Object: 'Object Repository/Page_KiboPush  Create Broadcast/div_Image (1)' is clicked on

2019-04-22 16:36:12 - [MESSAGE][PASSED] - Object: 'Object Repository/Page_KiboPush  Create Broadcast/div_Image (1)' is clicked on

2019-04-22 16:36:12 - [TEST_STEP][PASSED] - delay: Delayed 1 second(s)

2019-04-22 16:36:13 - [MESSAGE][PASSED] - Delayed 1 second(s)

2019-04-22 16:36:13 - [TEST_STEP][PASSED] - Statement - driver = com.kms.katalon.core.webui.driver.DriverFactory.getWebDriver(): null

2019-04-22 16:36:13 - [TEST_STEP][PASSED] - Statement - upload = driver.findElement(org.openqa.selenium.By.xpath("//input[@type='file']")): null

2019-04-22 16:36:13 - [TEST_STEP][PASSED] - Statement - img = com.kms.katalon.core.configuration.RunConfiguration.getProjectDir() + "/sample.jpg": null

2019-04-22 16:36:13 - [TEST_STEP][PASSED] - Statement - upload.sendKeys(img): null

2019-04-22 16:36:13 - [TEST_STEP][PASSED] - delay: Delayed 5 second(s)

2019-04-22 16:36:18 - [MESSAGE][PASSED] - Delayed 5 second(s)

2019-04-22 16:36:18 - [TEST_STEP][FAILED] - verifyElementPresent: Unable to verify object 'Object Repository/Page_KiboPush  Create Broadcast/img' is present (Root cause: com.kms.katalon.core.webui.exception.WebElementNotFoundException: Web element with id: 'Object Repository/Page_KiboPush  Create Broadcast/img' located by 'By.xpath: //*[@id="List1"]/div/div/div[3]/div/input' not found)

2019-04-22 16:36:27 - [MESSAGE][FAILED] - com.kms.katalon.core.webui.exception.WebElementNotFoundException: Web element with id: 'Object Repository/Page_KiboPush  Create Broadcast/img' located by 'By.xpath: //*[@id="List1"]/div/div/div[3]/div/input' not found
[[ATTACHMENT|C:\\Users\\cloudkibo\\Desktop\\KiboPush_Automated_Testing\\KiboPush Katalon\\Reports\\broadcast\\20190422_163027\\1555932986804.png]]

2019-04-22 16:36:27 - [MESSAGE][FAILED] - Unable to verify object 'Object Repository/Page_KiboPush  Create Broadcast/img' is present (Root cause: com.kms.katalon.core.webui.exception.WebElementNotFoundException: Web element with id: 'Object Repository/Page_KiboPush  Create Broadcast/img' located by 'By.xpath: //*[@id="List1"]/div/div/div[3]/div/input' not found)
[[ATTACHMENT|C:\\Users\\cloudkibo\\Desktop\\KiboPush_Automated_Testing\\KiboPush Katalon\\Reports\\broadcast\\20190422_163027\\1555932987138.png]]]]></system-out>
         <system-err><![CDATA[2019-04-22 16:36:06 - [TEST_CASE][FAILED] - Test Cases/Broadcasts/TC0139: Test Cases/Broadcasts/TC0139 FAILED because (of) Unable to verify object 'Object Repository/Page_KiboPush  Create Broadcast/img' is present (Root cause: com.kms.katalon.core.webui.exception.WebElementNotFoundException: Web element with id: 'Object Repository/Page_KiboPush  Create Broadcast/img' located by 'By.xpath: //*[@id="List1"]/div/div/div[3]/div/input' not found)]]></system-err>
      </testcase>
      <testcase name="Test Cases/Broadcasts/TC0141" classname="Test Cases/Broadcasts/TC0141" status="FAILED">
         <failure type="FAILED" message="Unable to verify object 'Object Repository/Page_KiboPush  Create Broadcast/card_component' is present (Root cause: org.openqa.selenium.InvalidSelectorException: invalid selector: Unable to locate an element with the xpath expression  because of the following error:
SyntaxError: Failed to execute 'evaluate' on 'Document': The string '' is not a valid XPath expression.
  (Session info: chrome=73.0.3683.103)
  (Driver info: chromedriver=2.35.528161 (5b82f2d2aae0ca24b877009200ced9065a772e73),platform=Windows NT 10.0.17134 x86_64) (WARNING: The server did not provide any stacktrace information)
Command duration or timeout: 0 milliseconds
For documentation on this error, please visit: http://seleniumhq.org/exceptions/invalid_selector_exception.html
Build info: version: '3.7.1', revision: '8a0099a', time: '2017-11-06T21:07:36.161Z'
System info: host: 'DESKTOP-4M6R1V0', ip: '10.0.2.15', os.name: 'Windows 10', os.arch: 'amd64', os.version: '10.0', java.version: '1.8.0_181'
Driver info: com.kms.katalon.selenium.driver.CChromeDriver
Capabilities {acceptInsecureCerts: false, acceptSslCerts: false, applicationCacheEnabled: false, browserConnectionEnabled: false, browserName: chrome, chrome: {chromedriverVersion: 2.35.528161 (5b82f2d2aae0ca..., userDataDir: C:\Users\CLOUDK~1\AppData\L...}, cssSelectorsEnabled: true, databaseEnabled: false, handlesAlerts: true, hasTouchScreen: false, javascriptEnabled: true, locationContextEnabled: true, mobileEmulationEnabled: false, nativeEvents: true, networkConnectionEnabled: false, pageLoadStrategy: normal, platform: XP, platformName: XP, rotatable: false, setWindowRect: true, takesHeapSnapshot: true, takesScreenshot: true, unexpectedAlertBehaviour: , unhandledPromptBehavior: , version: 73.0.3683.103, webStorageEnabled: true}
Session ID: 6df7bdbbf87924fc31039f17f9c9fbae
*** Element info: {Using=xpath, value=})"/>
         <system-out><![CDATA[2019-04-22 16:36:27 - [TEST_CASE][FAILED] - Test Cases/Broadcasts/TC0141: Test Cases/Broadcasts/TC0141 FAILED because (of) Unable to verify object 'Object Repository/Page_KiboPush  Create Broadcast/card_component' is present (Root cause: org.openqa.selenium.InvalidSelectorException: invalid selector: Unable to locate an element with the xpath expression  because of the following error:
SyntaxError: Failed to execute 'evaluate' on 'Document': The string '' is not a valid XPath expression.
  (Session info: chrome=73.0.3683.103)
  (Driver info: chromedriver=2.35.528161 (5b82f2d2aae0ca24b877009200ced9065a772e73),platform=Windows NT 10.0.17134 x86_64) (WARNING: The server did not provide any stacktrace information)
Command duration or timeout: 0 milliseconds
For documentation on this error, please visit: http://seleniumhq.org/exceptions/invalid_selector_exception.html
Build info: version: '3.7.1', revision: '8a0099a', time: '2017-11-06T21:07:36.161Z'
System info: host: 'DESKTOP-4M6R1V0', ip: '10.0.2.15', os.name: 'Windows 10', os.arch: 'amd64', os.version: '10.0', java.version: '1.8.0_181'
Driver info: com.kms.katalon.selenium.driver.CChromeDriver
Capabilities {acceptInsecureCerts: false, acceptSslCerts: false, applicationCacheEnabled: false, browserConnectionEnabled: false, browserName: chrome, chrome: {chromedriverVersion: 2.35.528161 (5b82f2d2aae0ca..., userDataDir: C:\Users\CLOUDK~1\AppData\L...}, cssSelectorsEnabled: true, databaseEnabled: false, handlesAlerts: true, hasTouchScreen: false, javascriptEnabled: true, locationContextEnabled: true, mobileEmulationEnabled: false, nativeEvents: true, networkConnectionEnabled: false, pageLoadStrategy: normal, platform: XP, platformName: XP, rotatable: false, setWindowRect: true, takesHeapSnapshot: true, takesScreenshot: true, unexpectedAlertBehaviour: , unhandledPromptBehavior: , version: 73.0.3683.103, webStorageEnabled: true}
Session ID: 6df7bdbbf87924fc31039f17f9c9fbae
*** Element info: {Using=xpath, value=})

2019-04-22 16:36:27 - [TEST_STEP][PASSED] - callTestCase: Call Test Case 'Test Cases/s-sidebar_navigation/TeamAccount/Broadcasts' successfully

2019-04-22 16:36:27 - [TEST_CASE][PASSED] - Test Cases/s-sidebar_navigation/TeamAccount/Broadcasts: Test Cases/s-sidebar_navigation/TeamAccount/Broadcasts

2019-04-22 16:36:27 - [TEST_STEP][PASSED] - callTestCase: Call Test Case 'Test Cases/s-sidebar_navigation/individualAccount/broadcast' successfully

2019-04-22 16:36:27 - [TEST_CASE][PASSED] - Test Cases/s-sidebar_navigation/individualAccount/broadcast: Test Cases/s-sidebar_navigation/individualAccount/broadcast

2019-04-22 16:36:27 - [TEST_STEP][PASSED] - click: Object: 'Object Repository/Page_KiboPush  Dashboard/span_Polls' is clicked on

2019-04-22 16:36:28 - [MESSAGE][PASSED] - Object: 'Object Repository/Page_KiboPush  Dashboard/span_Polls' is clicked on

2019-04-22 16:36:28 - [TEST_STEP][PASSED] - delay: Delayed 1 second(s)

2019-04-22 16:36:29 - [MESSAGE][PASSED] - Delayed 1 second(s)

2019-04-22 16:36:29 - [TEST_STEP][PASSED] - click: Object: 'Object Repository/Page_KiboPush  Dashboard/span_Broadcasts' is clicked on

2019-04-22 16:36:29 - [MESSAGE][PASSED] - Object: 'Object Repository/Page_KiboPush  Dashboard/span_Broadcasts' is clicked on

2019-04-22 16:36:29 - [TEST_STEP][PASSED] - delay: Delayed 1 second(s)

2019-04-22 16:36:30 - [MESSAGE][PASSED] - Delayed 1 second(s)

2019-04-22 16:36:30 - [TEST_STEP][PASSED] - scrollToPosition: Browser is scrolled to position x = 0, y = 0

2019-04-22 16:36:30 - [MESSAGE][PASSED] - Browser is scrolled to position x = 0, y = 0

2019-04-22 16:36:30 - [TEST_STEP][PASSED] - click: Object: 'Object Repository/Page_KiboPush  Broadcast/h3_Manage Broadcasts' is clicked on

2019-04-22 16:36:30 - [MESSAGE][PASSED] - Object: 'Object Repository/Page_KiboPush  Broadcast/h3_Manage Broadcasts' is clicked on

2019-04-22 16:36:30 - [MESSAGE][PASSED] - Call Test Case 'Test Cases/s-sidebar_navigation/individualAccount/broadcast' successfully

2019-04-22 16:36:30 - [MESSAGE][PASSED] - Call Test Case 'Test Cases/s-sidebar_navigation/TeamAccount/Broadcasts' successfully

2019-04-22 16:36:30 - [TEST_STEP][PASSED] - click: Object: 'Object Repository/Page_KiboPush  Broadcast/span_Create New Broadcast' is clicked on

2019-04-22 16:36:31 - [MESSAGE][PASSED] - Object: 'Object Repository/Page_KiboPush  Broadcast/span_Create New Broadcast' is clicked on

2019-04-22 16:36:31 - [TEST_STEP][PASSED] - click: Object: 'Object Repository/Page_KiboPush  Broadcast/a_Create New Broadcast' is clicked on

2019-04-22 16:36:32 - [MESSAGE][PASSED] - Object: 'Object Repository/Page_KiboPush  Broadcast/a_Create New Broadcast' is clicked on

2019-04-22 16:36:32 - [TEST_STEP][PASSED] - delay: Delayed 1 second(s)

2019-04-22 16:36:33 - [MESSAGE][PASSED] - Delayed 1 second(s)

2019-04-22 16:36:33 - [TEST_STEP][PASSED] - click: Object: 'Object Repository/Page_KiboPush  Create Broadcast/div_Card' is clicked on

2019-04-22 16:36:33 - [MESSAGE][PASSED] - Object: 'Object Repository/Page_KiboPush  Create Broadcast/div_Card' is clicked on

2019-04-22 16:36:33 - [TEST_STEP][FAILED] - verifyElementPresent: Unable to verify object 'Object Repository/Page_KiboPush  Create Broadcast/card_component' is present (Root cause: org.openqa.selenium.InvalidSelectorException: invalid selector: Unable to locate an element with the xpath expression  because of the following error:
SyntaxError: Failed to execute 'evaluate' on 'Document': The string '' is not a valid XPath expression.
  (Session info: chrome=73.0.3683.103)
  (Driver info: chromedriver=2.35.528161 (5b82f2d2aae0ca24b877009200ced9065a772e73),platform=Windows NT 10.0.17134 x86_64) (WARNING: The server did not provide any stacktrace information)
Command duration or timeout: 0 milliseconds
For documentation on this error, please visit: http://seleniumhq.org/exceptions/invalid_selector_exception.html
Build info: version: '3.7.1', revision: '8a0099a', time: '2017-11-06T21:07:36.161Z'
System info: host: 'DESKTOP-4M6R1V0', ip: '10.0.2.15', os.name: 'Windows 10', os.arch: 'amd64', os.version: '10.0', java.version: '1.8.0_181'
Driver info: com.kms.katalon.selenium.driver.CChromeDriver
Capabilities {acceptInsecureCerts: false, acceptSslCerts: false, applicationCacheEnabled: false, browserConnectionEnabled: false, browserName: chrome, chrome: {chromedriverVersion: 2.35.528161 (5b82f2d2aae0ca..., userDataDir: C:\Users\CLOUDK~1\AppData\L...}, cssSelectorsEnabled: true, databaseEnabled: false, handlesAlerts: true, hasTouchScreen: false, javascriptEnabled: true, locationContextEnabled: true, mobileEmulationEnabled: false, nativeEvents: true, networkConnectionEnabled: false, pageLoadStrategy: normal, platform: XP, platformName: XP, rotatable: false, setWindowRect: true, takesHeapSnapshot: true, takesScreenshot: true, unexpectedAlertBehaviour: , unhandledPromptBehavior: , version: 73.0.3683.103, webStorageEnabled: true}
Session ID: 6df7bdbbf87924fc31039f17f9c9fbae
*** Element info: {Using=xpath, value=})

2019-04-22 16:36:38 - [MESSAGE][FAILED] - Unable to verify object 'Object Repository/Page_KiboPush  Create Broadcast/card_component' is present (Root cause: org.openqa.selenium.InvalidSelectorException: invalid selector: Unable to locate an element with the xpath expression  because of the following error:
SyntaxError: Failed to execute 'evaluate' on 'Document': The string '' is not a valid XPath expression.
  (Session info: chrome=73.0.3683.103)
  (Driver info: chromedriver=2.35.528161 (5b82f2d2aae0ca24b877009200ced9065a772e73),platform=Windows NT 10.0.17134 x86_64) (WARNING: The server did not provide any stacktrace information)
Command duration or timeout: 0 milliseconds
For documentation on this error, please visit: http://seleniumhq.org/exceptions/invalid_selector_exception.html
Build info: version: '3.7.1', revision: '8a0099a', time: '2017-11-06T21:07:36.161Z'
System info: host: 'DESKTOP-4M6R1V0', ip: '10.0.2.15', os.name: 'Windows 10', os.arch: 'amd64', os.version: '10.0', java.version: '1.8.0_181'
Driver info: com.kms.katalon.selenium.driver.CChromeDriver
Capabilities {acceptInsecureCerts: false, acceptSslCerts: false, applicationCacheEnabled: false, browserConnectionEnabled: false, browserName: chrome, chrome: {chromedriverVersion: 2.35.528161 (5b82f2d2aae0ca..., userDataDir: C:\Users\CLOUDK~1\AppData\L...}, cssSelectorsEnabled: true, databaseEnabled: false, handlesAlerts: true, hasTouchScreen: false, javascriptEnabled: true, locationContextEnabled: true, mobileEmulationEnabled: false, nativeEvents: true, networkConnectionEnabled: false, pageLoadStrategy: normal, platform: XP, platformName: XP, rotatable: false, setWindowRect: true, takesHeapSnapshot: true, takesScreenshot: true, unexpectedAlertBehaviour: , unhandledPromptBehavior: , version: 73.0.3683.103, webStorageEnabled: true}
Session ID: 6df7bdbbf87924fc31039f17f9c9fbae
*** Element info: {Using=xpath, value=})
[[ATTACHMENT|C:\\Users\\cloudkibo\\Desktop\\KiboPush_Automated_Testing\\KiboPush Katalon\\Reports\\broadcast\\20190422_163027\\1555932998153.png]]]]></system-out>
         <system-err><![CDATA[2019-04-22 16:36:27 - [TEST_CASE][FAILED] - Test Cases/Broadcasts/TC0141: Test Cases/Broadcasts/TC0141 FAILED because (of) Unable to verify object 'Object Repository/Page_KiboPush  Create Broadcast/card_component' is present (Root cause: org.openqa.selenium.InvalidSelectorException: invalid selector: Unable to locate an element with the xpath expression  because of the following error:
SyntaxError: Failed to execute 'evaluate' on 'Document': The string '' is not a valid XPath expression.
  (Session info: chrome=73.0.3683.103)
  (Driver info: chromedriver=2.35.528161 (5b82f2d2aae0ca24b877009200ced9065a772e73),platform=Windows NT 10.0.17134 x86_64) (WARNING: The server did not provide any stacktrace information)
Command duration or timeout: 0 milliseconds
For documentation on this error, please visit: http://seleniumhq.org/exceptions/invalid_selector_exception.html
Build info: version: '3.7.1', revision: '8a0099a', time: '2017-11-06T21:07:36.161Z'
System info: host: 'DESKTOP-4M6R1V0', ip: '10.0.2.15', os.name: 'Windows 10', os.arch: 'amd64', os.version: '10.0', java.version: '1.8.0_181'
Driver info: com.kms.katalon.selenium.driver.CChromeDriver
Capabilities {acceptInsecureCerts: false, acceptSslCerts: false, applicationCacheEnabled: false, browserConnectionEnabled: false, browserName: chrome, chrome: {chromedriverVersion: 2.35.528161 (5b82f2d2aae0ca..., userDataDir: C:\Users\CLOUDK~1\AppData\L...}, cssSelectorsEnabled: true, databaseEnabled: false, handlesAlerts: true, hasTouchScreen: false, javascriptEnabled: true, locationContextEnabled: true, mobileEmulationEnabled: false, nativeEvents: true, networkConnectionEnabled: false, pageLoadStrategy: normal, platform: XP, platformName: XP, rotatable: false, setWindowRect: true, takesHeapSnapshot: true, takesScreenshot: true, unexpectedAlertBehaviour: , unhandledPromptBehavior: , version: 73.0.3683.103, webStorageEnabled: true}
Session ID: 6df7bdbbf87924fc31039f17f9c9fbae
*** Element info: {Using=xpath, value=})]]></system-err>
      </testcase>
      <testcase name="Test Cases/Broadcasts/TC0142" classname="Test Cases/Broadcasts/TC0142" status="PASSED">
         <system-out><![CDATA[2019-04-22 16:36:38 - [TEST_CASE][PASSED] - Test Cases/Broadcasts/TC0142: Test Cases/Broadcasts/TC0142

2019-04-22 16:36:38 - [TEST_STEP][PASSED] - callTestCase: Call Test Case 'Test Cases/s-sidebar_navigation/TeamAccount/Broadcasts' successfully

2019-04-22 16:36:38 - [TEST_CASE][PASSED] - Test Cases/s-sidebar_navigation/TeamAccount/Broadcasts: Test Cases/s-sidebar_navigation/TeamAccount/Broadcasts

2019-04-22 16:36:38 - [TEST_STEP][PASSED] - callTestCase: Call Test Case 'Test Cases/s-sidebar_navigation/individualAccount/broadcast' successfully

2019-04-22 16:36:38 - [TEST_CASE][PASSED] - Test Cases/s-sidebar_navigation/individualAccount/broadcast: Test Cases/s-sidebar_navigation/individualAccount/broadcast

2019-04-22 16:36:38 - [TEST_STEP][PASSED] - click: Object: 'Object Repository/Page_KiboPush  Dashboard/span_Polls' is clicked on

2019-04-22 16:36:39 - [MESSAGE][PASSED] - Object: 'Object Repository/Page_KiboPush  Dashboard/span_Polls' is clicked on

2019-04-22 16:36:39 - [TEST_STEP][PASSED] - delay: Delayed 1 second(s)

2019-04-22 16:36:40 - [MESSAGE][PASSED] - Delayed 1 second(s)

2019-04-22 16:36:40 - [TEST_STEP][PASSED] - click: Object: 'Object Repository/Page_KiboPush  Dashboard/span_Broadcasts' is clicked on

2019-04-22 16:36:41 - [MESSAGE][PASSED] - Object: 'Object Repository/Page_KiboPush  Dashboard/span_Broadcasts' is clicked on

2019-04-22 16:36:41 - [TEST_STEP][PASSED] - delay: Delayed 1 second(s)

2019-04-22 16:36:41 - [MESSAGE][PASSED] - Delayed 1 second(s)

2019-04-22 16:36:41 - [TEST_STEP][PASSED] - scrollToPosition: Browser is scrolled to position x = 0, y = 0

2019-04-22 16:36:41 - [MESSAGE][PASSED] - Browser is scrolled to position x = 0, y = 0

2019-04-22 16:36:41 - [TEST_STEP][PASSED] - click: Object: 'Object Repository/Page_KiboPush  Broadcast/h3_Manage Broadcasts' is clicked on

2019-04-22 16:36:42 - [MESSAGE][PASSED] - Object: 'Object Repository/Page_KiboPush  Broadcast/h3_Manage Broadcasts' is clicked on

2019-04-22 16:36:42 - [MESSAGE][PASSED] - Call Test Case 'Test Cases/s-sidebar_navigation/individualAccount/broadcast' successfully

2019-04-22 16:36:42 - [MESSAGE][PASSED] - Call Test Case 'Test Cases/s-sidebar_navigation/TeamAccount/Broadcasts' successfully

2019-04-22 16:36:42 - [TEST_STEP][PASSED] - click: Object: 'Object Repository/Page_KiboPush  Broadcast/span_Create New Broadcast' is clicked on

2019-04-22 16:36:42 - [MESSAGE][PASSED] - Object: 'Object Repository/Page_KiboPush  Broadcast/span_Create New Broadcast' is clicked on

2019-04-22 16:36:42 - [TEST_STEP][PASSED] - click: Object: 'Object Repository/Page_KiboPush  Broadcast/a_Create New Broadcast' is clicked on

2019-04-22 16:36:43 - [MESSAGE][PASSED] - Object: 'Object Repository/Page_KiboPush  Broadcast/a_Create New Broadcast' is clicked on

2019-04-22 16:36:43 - [TEST_STEP][PASSED] - delay: Delayed 1 second(s)

2019-04-22 16:36:44 - [MESSAGE][PASSED] - Delayed 1 second(s)

2019-04-22 16:36:44 - [TEST_STEP][PASSED] - click: Object: 'Object Repository/Page_KiboPush  Create Broadcast/div_Card (1)' is clicked on

2019-04-22 16:36:45 - [MESSAGE][PASSED] - Object: 'Object Repository/Page_KiboPush  Create Broadcast/div_Card (1)' is clicked on

2019-04-22 16:36:45 - [TEST_STEP][PASSED] - setText: Text 'Card Title' is set on object 'Object Repository/Page_KiboPush  Create Broadcast/input_form-control (3)'

2019-04-22 16:36:46 - [MESSAGE][PASSED] - Text 'Card Title' is set on object 'Object Repository/Page_KiboPush  Create Broadcast/input_form-control (3)'

2019-04-22 16:36:46 - [TEST_STEP][PASSED] - setText: Text 'Card Subtitle' is set on object 'Object Repository/Page_KiboPush  Create Broadcast/textarea_form-control'

2019-04-22 16:36:47 - [MESSAGE][PASSED] - Text 'Card Subtitle' is set on object 'Object Repository/Page_KiboPush  Create Broadcast/textarea_form-control'

2019-04-22 16:36:47 - [TEST_STEP][PASSED] - scrollToPosition: Browser is scrolled to position x = 0, y = 0

2019-04-22 16:36:47 - [MESSAGE][PASSED] - Browser is scrolled to position x = 0, y = 0

2019-04-22 16:36:47 - [TEST_STEP][PASSED] - click: Object: 'Object Repository/Page_KiboPush  Create Broadcast/button_Next (2)' is clicked on

2019-04-22 16:36:47 - [MESSAGE][PASSED] - Object: 'Object Repository/Page_KiboPush  Create Broadcast/button_Next (2)' is clicked on

2019-04-22 16:36:47 - [TEST_STEP][PASSED] - delay: Delayed 3 second(s)

2019-04-22 16:36:50 - [MESSAGE][PASSED] - Delayed 3 second(s)

2019-04-22 16:36:50 - [TEST_STEP][PASSED] - click: Object: 'Object Repository/Page_KiboPush  Create Broadcast/div_Card must have an image' is clicked on

2019-04-22 16:36:50 - [MESSAGE][PASSED] - Object: 'Object Repository/Page_KiboPush  Create Broadcast/div_Card must have an image' is clicked on

2019-04-22 16:36:50 - [TEST_STEP][PASSED] - closeBrowser: Browser is closed

2019-04-22 16:36:52 - [MESSAGE][PASSED] - Browser is closed]]></system-out>
         <system-err><![CDATA[]]></system-err>
      </testcase>
      <testcase name="Test Cases/Broadcasts/TC0143" classname="Test Cases/Broadcasts/TC0143" status="FAILED">
         <failure type="FAILED" message="Unable to click on object 'Object Repository/Page_KiboPush  Dashboard/span_Polls' (Root cause: com.kms.katalon.core.webui.exception.BrowserNotOpenedException: Browser is not opened
Build info: version: '3.7.1', revision: '8a0099a', time: '2017-11-06T21:07:36.161Z'
System info: host: 'DESKTOP-4M6R1V0', ip: '10.0.2.15', os.name: 'Windows 10', os.arch: 'amd64', os.version: '10.0', java.version: '1.8.0_181'
Driver info: driver.version: unknown)"/>
         <system-out><![CDATA[2019-04-22 16:36:52 - [TEST_CASE][FAILED] - Test Cases/Broadcasts/TC0143: Test Cases/Broadcasts/TC0143 FAILED because (of) Unable to click on object 'Object Repository/Page_KiboPush  Dashboard/span_Polls' (Root cause: com.kms.katalon.core.webui.exception.BrowserNotOpenedException: Browser is not opened
Build info: version: '3.7.1', revision: '8a0099a', time: '2017-11-06T21:07:36.161Z'
System info: host: 'DESKTOP-4M6R1V0', ip: '10.0.2.15', os.name: 'Windows 10', os.arch: 'amd64', os.version: '10.0', java.version: '1.8.0_181'
Driver info: driver.version: unknown)

2019-04-22 16:36:52 - [TEST_STEP][FAILED] - callTestCase: Unable to call Test Case with id 'Test Cases/s-sidebar_navigation/TeamAccount/Broadcasts' (Root cause: Call Test Case 'Test Cases/s-sidebar_navigation/TeamAccount/Broadcasts' failed)

2019-04-22 16:36:52 - [TEST_CASE][FAILED] - Test Cases/s-sidebar_navigation/TeamAccount/Broadcasts: Test Cases/s-sidebar_navigation/TeamAccount/Broadcasts FAILED because (of) Unable to click on object 'Object Repository/Page_KiboPush  Dashboard/span_Polls' (Root cause: com.kms.katalon.core.webui.exception.BrowserNotOpenedException: Browser is not opened
Build info: version: '3.7.1', revision: '8a0099a', time: '2017-11-06T21:07:36.161Z'
System info: host: 'DESKTOP-4M6R1V0', ip: '10.0.2.15', os.name: 'Windows 10', os.arch: 'amd64', os.version: '10.0', java.version: '1.8.0_181'
Driver info: driver.version: unknown)

2019-04-22 16:36:52 - [TEST_STEP][FAILED] - callTestCase: Unable to call Test Case with id 'Test Cases/s-sidebar_navigation/individualAccount/broadcast' (Root cause: Call Test Case 'Test Cases/s-sidebar_navigation/individualAccount/broadcast' failed)

2019-04-22 16:36:53 - [TEST_CASE][FAILED] - Test Cases/s-sidebar_navigation/individualAccount/broadcast: Test Cases/s-sidebar_navigation/individualAccount/broadcast FAILED because (of) Unable to click on object 'Object Repository/Page_KiboPush  Dashboard/span_Polls' (Root cause: com.kms.katalon.core.webui.exception.BrowserNotOpenedException: Browser is not opened
Build info: version: '3.7.1', revision: '8a0099a', time: '2017-11-06T21:07:36.161Z'
System info: host: 'DESKTOP-4M6R1V0', ip: '10.0.2.15', os.name: 'Windows 10', os.arch: 'amd64', os.version: '10.0', java.version: '1.8.0_181'
Driver info: driver.version: unknown)

2019-04-22 16:36:53 - [TEST_STEP][FAILED] - click: Unable to click on object 'Object Repository/Page_KiboPush  Dashboard/span_Polls' (Root cause: com.kms.katalon.core.webui.exception.BrowserNotOpenedException: Browser is not opened
Build info: version: '3.7.1', revision: '8a0099a', time: '2017-11-06T21:07:36.161Z'
System info: host: 'DESKTOP-4M6R1V0', ip: '10.0.2.15', os.name: 'Windows 10', os.arch: 'amd64', os.version: '10.0', java.version: '1.8.0_181'
Driver info: driver.version: unknown)

2019-04-22 16:36:53 - [MESSAGE][WARNING] - Cannot take screenshot

2019-04-22 16:36:53 - [MESSAGE][FAILED] - Unable to click on object 'Object Repository/Page_KiboPush  Dashboard/span_Polls' (Root cause: com.kms.katalon.core.webui.exception.BrowserNotOpenedException: Browser is not opened
Build info: version: '3.7.1', revision: '8a0099a', time: '2017-11-06T21:07:36.161Z'
System info: host: 'DESKTOP-4M6R1V0', ip: '10.0.2.15', os.name: 'Windows 10', os.arch: 'amd64', os.version: '10.0', java.version: '1.8.0_181'
Driver info: driver.version: unknown)

2019-04-22 16:36:53 - [MESSAGE][FAILED] - Unable to call Test Case with id 'Test Cases/s-sidebar_navigation/individualAccount/broadcast' (Root cause: Call Test Case 'Test Cases/s-sidebar_navigation/individualAccount/broadcast' failed)

2019-04-22 16:36:53 - [MESSAGE][FAILED] - Unable to call Test Case with id 'Test Cases/s-sidebar_navigation/TeamAccount/Broadcasts' (Root cause: Call Test Case 'Test Cases/s-sidebar_navigation/TeamAccount/Broadcasts' failed)]]></system-out>
         <system-err><![CDATA[2019-04-22 16:36:52 - [TEST_CASE][FAILED] - Test Cases/Broadcasts/TC0143: Test Cases/Broadcasts/TC0143 FAILED because (of) Unable to click on object 'Object Repository/Page_KiboPush  Dashboard/span_Polls' (Root cause: com.kms.katalon.core.webui.exception.BrowserNotOpenedException: Browser is not opened
Build info: version: '3.7.1', revision: '8a0099a', time: '2017-11-06T21:07:36.161Z'
System info: host: 'DESKTOP-4M6R1V0', ip: '10.0.2.15', os.name: 'Windows 10', os.arch: 'amd64', os.version: '10.0', java.version: '1.8.0_181'
Driver info: driver.version: unknown)]]></system-err>
      </testcase>
      <testcase name="Test Cases/Broadcasts/TC0144" classname="Test Cases/Broadcasts/TC0144" status="FAILED">
         <failure type="FAILED" message="Unable to click on object 'Object Repository/Page_KiboPush  Dashboard/span_Polls' (Root cause: com.kms.katalon.core.webui.exception.BrowserNotOpenedException: Browser is not opened
Build info: version: '3.7.1', revision: '8a0099a', time: '2017-11-06T21:07:36.161Z'
System info: host: 'DESKTOP-4M6R1V0', ip: '10.0.2.15', os.name: 'Windows 10', os.arch: 'amd64', os.version: '10.0', java.version: '1.8.0_181'
Driver info: driver.version: unknown)"/>
         <system-out><![CDATA[2019-04-22 16:36:53 - [TEST_CASE][FAILED] - Test Cases/Broadcasts/TC0144: Test Cases/Broadcasts/TC0144 FAILED because (of) Unable to click on object 'Object Repository/Page_KiboPush  Dashboard/span_Polls' (Root cause: com.kms.katalon.core.webui.exception.BrowserNotOpenedException: Browser is not opened
Build info: version: '3.7.1', revision: '8a0099a', time: '2017-11-06T21:07:36.161Z'
System info: host: 'DESKTOP-4M6R1V0', ip: '10.0.2.15', os.name: 'Windows 10', os.arch: 'amd64', os.version: '10.0', java.version: '1.8.0_181'
Driver info: driver.version: unknown)

2019-04-22 16:36:55 - [TEST_STEP][FAILED] - callTestCase: Unable to call Test Case with id 'Test Cases/s-sidebar_navigation/TeamAccount/Broadcasts' (Root cause: Call Test Case 'Test Cases/s-sidebar_navigation/TeamAccount/Broadcasts' failed)

2019-04-22 16:36:55 - [TEST_CASE][FAILED] - Test Cases/s-sidebar_navigation/TeamAccount/Broadcasts: Test Cases/s-sidebar_navigation/TeamAccount/Broadcasts FAILED because (of) Unable to click on object 'Object Repository/Page_KiboPush  Dashboard/span_Polls' (Root cause: com.kms.katalon.core.webui.exception.BrowserNotOpenedException: Browser is not opened
Build info: version: '3.7.1', revision: '8a0099a', time: '2017-11-06T21:07:36.161Z'
System info: host: 'DESKTOP-4M6R1V0', ip: '10.0.2.15', os.name: 'Windows 10', os.arch: 'amd64', os.version: '10.0', java.version: '1.8.0_181'
Driver info: driver.version: unknown)

2019-04-22 16:36:55 - [TEST_STEP][FAILED] - callTestCase: Unable to call Test Case with id 'Test Cases/s-sidebar_navigation/individualAccount/broadcast' (Root cause: Call Test Case 'Test Cases/s-sidebar_navigation/individualAccount/broadcast' failed)

2019-04-22 16:36:55 - [TEST_CASE][FAILED] - Test Cases/s-sidebar_navigation/individualAccount/broadcast: Test Cases/s-sidebar_navigation/individualAccount/broadcast FAILED because (of) Unable to click on object 'Object Repository/Page_KiboPush  Dashboard/span_Polls' (Root cause: com.kms.katalon.core.webui.exception.BrowserNotOpenedException: Browser is not opened
Build info: version: '3.7.1', revision: '8a0099a', time: '2017-11-06T21:07:36.161Z'
System info: host: 'DESKTOP-4M6R1V0', ip: '10.0.2.15', os.name: 'Windows 10', os.arch: 'amd64', os.version: '10.0', java.version: '1.8.0_181'
Driver info: driver.version: unknown)

2019-04-22 16:36:55 - [TEST_STEP][FAILED] - click: Unable to click on object 'Object Repository/Page_KiboPush  Dashboard/span_Polls' (Root cause: com.kms.katalon.core.webui.exception.BrowserNotOpenedException: Browser is not opened
Build info: version: '3.7.1', revision: '8a0099a', time: '2017-11-06T21:07:36.161Z'
System info: host: 'DESKTOP-4M6R1V0', ip: '10.0.2.15', os.name: 'Windows 10', os.arch: 'amd64', os.version: '10.0', java.version: '1.8.0_181'
Driver info: driver.version: unknown)

2019-04-22 16:36:55 - [MESSAGE][WARNING] - Cannot take screenshot

2019-04-22 16:36:55 - [MESSAGE][FAILED] - Unable to click on object 'Object Repository/Page_KiboPush  Dashboard/span_Polls' (Root cause: com.kms.katalon.core.webui.exception.BrowserNotOpenedException: Browser is not opened
Build info: version: '3.7.1', revision: '8a0099a', time: '2017-11-06T21:07:36.161Z'
System info: host: 'DESKTOP-4M6R1V0', ip: '10.0.2.15', os.name: 'Windows 10', os.arch: 'amd64', os.version: '10.0', java.version: '1.8.0_181'
Driver info: driver.version: unknown)

2019-04-22 16:36:55 - [MESSAGE][FAILED] - Unable to call Test Case with id 'Test Cases/s-sidebar_navigation/individualAccount/broadcast' (Root cause: Call Test Case 'Test Cases/s-sidebar_navigation/individualAccount/broadcast' failed)

2019-04-22 16:36:56 - [MESSAGE][FAILED] - Unable to call Test Case with id 'Test Cases/s-sidebar_navigation/TeamAccount/Broadcasts' (Root cause: Call Test Case 'Test Cases/s-sidebar_navigation/TeamAccount/Broadcasts' failed)]]></system-out>
         <system-err><![CDATA[2019-04-22 16:36:53 - [TEST_CASE][FAILED] - Test Cases/Broadcasts/TC0144: Test Cases/Broadcasts/TC0144 FAILED because (of) Unable to click on object 'Object Repository/Page_KiboPush  Dashboard/span_Polls' (Root cause: com.kms.katalon.core.webui.exception.BrowserNotOpenedException: Browser is not opened
Build info: version: '3.7.1', revision: '8a0099a', time: '2017-11-06T21:07:36.161Z'
System info: host: 'DESKTOP-4M6R1V0', ip: '10.0.2.15', os.name: 'Windows 10', os.arch: 'amd64', os.version: '10.0', java.version: '1.8.0_181'
Driver info: driver.version: unknown)]]></system-err>
      </testcase>
      <testcase name="Test Cases/Broadcasts/TC0145" classname="Test Cases/Broadcasts/TC0145" status="FAILED">
         <failure type="FAILED" message="Unable to click on object 'Object Repository/Page_KiboPush  Dashboard/span_Polls' (Root cause: com.kms.katalon.core.webui.exception.BrowserNotOpenedException: Browser is not opened
Build info: version: '3.7.1', revision: '8a0099a', time: '2017-11-06T21:07:36.161Z'
System info: host: 'DESKTOP-4M6R1V0', ip: '10.0.2.15', os.name: 'Windows 10', os.arch: 'amd64', os.version: '10.0', java.version: '1.8.0_181'
Driver info: driver.version: unknown)"/>
         <system-out><![CDATA[2019-04-22 16:36:56 - [TEST_CASE][FAILED] - Test Cases/Broadcasts/TC0145: Test Cases/Broadcasts/TC0145 FAILED because (of) Unable to click on object 'Object Repository/Page_KiboPush  Dashboard/span_Polls' (Root cause: com.kms.katalon.core.webui.exception.BrowserNotOpenedException: Browser is not opened
Build info: version: '3.7.1', revision: '8a0099a', time: '2017-11-06T21:07:36.161Z'
System info: host: 'DESKTOP-4M6R1V0', ip: '10.0.2.15', os.name: 'Windows 10', os.arch: 'amd64', os.version: '10.0', java.version: '1.8.0_181'
Driver info: driver.version: unknown)

2019-04-22 16:36:58 - [TEST_STEP][FAILED] - callTestCase: Unable to call Test Case with id 'Test Cases/s-sidebar_navigation/TeamAccount/Broadcasts' (Root cause: Call Test Case 'Test Cases/s-sidebar_navigation/TeamAccount/Broadcasts' failed)

2019-04-22 16:36:58 - [TEST_CASE][FAILED] - Test Cases/s-sidebar_navigation/TeamAccount/Broadcasts: Test Cases/s-sidebar_navigation/TeamAccount/Broadcasts FAILED because (of) Unable to click on object 'Object Repository/Page_KiboPush  Dashboard/span_Polls' (Root cause: com.kms.katalon.core.webui.exception.BrowserNotOpenedException: Browser is not opened
Build info: version: '3.7.1', revision: '8a0099a', time: '2017-11-06T21:07:36.161Z'
System info: host: 'DESKTOP-4M6R1V0', ip: '10.0.2.15', os.name: 'Windows 10', os.arch: 'amd64', os.version: '10.0', java.version: '1.8.0_181'
Driver info: driver.version: unknown)

2019-04-22 16:36:58 - [TEST_STEP][FAILED] - callTestCase: Unable to call Test Case with id 'Test Cases/s-sidebar_navigation/individualAccount/broadcast' (Root cause: Call Test Case 'Test Cases/s-sidebar_navigation/individualAccount/broadcast' failed)

2019-04-22 16:36:59 - [TEST_CASE][FAILED] - Test Cases/s-sidebar_navigation/individualAccount/broadcast: Test Cases/s-sidebar_navigation/individualAccount/broadcast FAILED because (of) Unable to click on object 'Object Repository/Page_KiboPush  Dashboard/span_Polls' (Root cause: com.kms.katalon.core.webui.exception.BrowserNotOpenedException: Browser is not opened
Build info: version: '3.7.1', revision: '8a0099a', time: '2017-11-06T21:07:36.161Z'
System info: host: 'DESKTOP-4M6R1V0', ip: '10.0.2.15', os.name: 'Windows 10', os.arch: 'amd64', os.version: '10.0', java.version: '1.8.0_181'
Driver info: driver.version: unknown)

2019-04-22 16:36:59 - [TEST_STEP][FAILED] - click: Unable to click on object 'Object Repository/Page_KiboPush  Dashboard/span_Polls' (Root cause: com.kms.katalon.core.webui.exception.BrowserNotOpenedException: Browser is not opened
Build info: version: '3.7.1', revision: '8a0099a', time: '2017-11-06T21:07:36.161Z'
System info: host: 'DESKTOP-4M6R1V0', ip: '10.0.2.15', os.name: 'Windows 10', os.arch: 'amd64', os.version: '10.0', java.version: '1.8.0_181'
Driver info: driver.version: unknown)

2019-04-22 16:36:59 - [MESSAGE][WARNING] - Cannot take screenshot

2019-04-22 16:36:59 - [MESSAGE][FAILED] - Unable to click on object 'Object Repository/Page_KiboPush  Dashboard/span_Polls' (Root cause: com.kms.katalon.core.webui.exception.BrowserNotOpenedException: Browser is not opened
Build info: version: '3.7.1', revision: '8a0099a', time: '2017-11-06T21:07:36.161Z'
System info: host: 'DESKTOP-4M6R1V0', ip: '10.0.2.15', os.name: 'Windows 10', os.arch: 'amd64', os.version: '10.0', java.version: '1.8.0_181'
Driver info: driver.version: unknown)

2019-04-22 16:36:59 - [MESSAGE][FAILED] - Unable to call Test Case with id 'Test Cases/s-sidebar_navigation/individualAccount/broadcast' (Root cause: Call Test Case 'Test Cases/s-sidebar_navigation/individualAccount/broadcast' failed)

2019-04-22 16:36:59 - [MESSAGE][FAILED] - Unable to call Test Case with id 'Test Cases/s-sidebar_navigation/TeamAccount/Broadcasts' (Root cause: Call Test Case 'Test Cases/s-sidebar_navigation/TeamAccount/Broadcasts' failed)]]></system-out>
         <system-err><![CDATA[2019-04-22 16:36:56 - [TEST_CASE][FAILED] - Test Cases/Broadcasts/TC0145: Test Cases/Broadcasts/TC0145 FAILED because (of) Unable to click on object 'Object Repository/Page_KiboPush  Dashboard/span_Polls' (Root cause: com.kms.katalon.core.webui.exception.BrowserNotOpenedException: Browser is not opened
Build info: version: '3.7.1', revision: '8a0099a', time: '2017-11-06T21:07:36.161Z'
System info: host: 'DESKTOP-4M6R1V0', ip: '10.0.2.15', os.name: 'Windows 10', os.arch: 'amd64', os.version: '10.0', java.version: '1.8.0_181'
Driver info: driver.version: unknown)]]></system-err>
      </testcase>
      <testcase name="Test Cases/Broadcasts/TC0146" classname="Test Cases/Broadcasts/TC0146" status="FAILED">
         <failure type="FAILED" message="Unable to click on object 'Object Repository/Page_KiboPush  Dashboard/span_Polls' (Root cause: com.kms.katalon.core.webui.exception.BrowserNotOpenedException: Browser is not opened
Build info: version: '3.7.1', revision: '8a0099a', time: '2017-11-06T21:07:36.161Z'
System info: host: 'DESKTOP-4M6R1V0', ip: '10.0.2.15', os.name: 'Windows 10', os.arch: 'amd64', os.version: '10.0', java.version: '1.8.0_181'
Driver info: driver.version: unknown)"/>
         <system-out><![CDATA[2019-04-22 16:36:59 - [TEST_CASE][FAILED] - Test Cases/Broadcasts/TC0146: Test Cases/Broadcasts/TC0146 FAILED because (of) Unable to click on object 'Object Repository/Page_KiboPush  Dashboard/span_Polls' (Root cause: com.kms.katalon.core.webui.exception.BrowserNotOpenedException: Browser is not opened
Build info: version: '3.7.1', revision: '8a0099a', time: '2017-11-06T21:07:36.161Z'
System info: host: 'DESKTOP-4M6R1V0', ip: '10.0.2.15', os.name: 'Windows 10', os.arch: 'amd64', os.version: '10.0', java.version: '1.8.0_181'
Driver info: driver.version: unknown)

2019-04-22 16:37:01 - [TEST_STEP][FAILED] - callTestCase: Unable to call Test Case with id 'Test Cases/s-sidebar_navigation/TeamAccount/Broadcasts' (Root cause: Call Test Case 'Test Cases/s-sidebar_navigation/TeamAccount/Broadcasts' failed)

2019-04-22 16:37:01 - [TEST_CASE][FAILED] - Test Cases/s-sidebar_navigation/TeamAccount/Broadcasts: Test Cases/s-sidebar_navigation/TeamAccount/Broadcasts FAILED because (of) Unable to click on object 'Object Repository/Page_KiboPush  Dashboard/span_Polls' (Root cause: com.kms.katalon.core.webui.exception.BrowserNotOpenedException: Browser is not opened
Build info: version: '3.7.1', revision: '8a0099a', time: '2017-11-06T21:07:36.161Z'
System info: host: 'DESKTOP-4M6R1V0', ip: '10.0.2.15', os.name: 'Windows 10', os.arch: 'amd64', os.version: '10.0', java.version: '1.8.0_181'
Driver info: driver.version: unknown)

2019-04-22 16:37:01 - [TEST_STEP][FAILED] - callTestCase: Unable to call Test Case with id 'Test Cases/s-sidebar_navigation/individualAccount/broadcast' (Root cause: Call Test Case 'Test Cases/s-sidebar_navigation/individualAccount/broadcast' failed)

2019-04-22 16:37:02 - [TEST_CASE][FAILED] - Test Cases/s-sidebar_navigation/individualAccount/broadcast: Test Cases/s-sidebar_navigation/individualAccount/broadcast FAILED because (of) Unable to click on object 'Object Repository/Page_KiboPush  Dashboard/span_Polls' (Root cause: com.kms.katalon.core.webui.exception.BrowserNotOpenedException: Browser is not opened
Build info: version: '3.7.1', revision: '8a0099a', time: '2017-11-06T21:07:36.161Z'
System info: host: 'DESKTOP-4M6R1V0', ip: '10.0.2.15', os.name: 'Windows 10', os.arch: 'amd64', os.version: '10.0', java.version: '1.8.0_181'
Driver info: driver.version: unknown)

2019-04-22 16:37:02 - [TEST_STEP][FAILED] - click: Unable to click on object 'Object Repository/Page_KiboPush  Dashboard/span_Polls' (Root cause: com.kms.katalon.core.webui.exception.BrowserNotOpenedException: Browser is not opened
Build info: version: '3.7.1', revision: '8a0099a', time: '2017-11-06T21:07:36.161Z'
System info: host: 'DESKTOP-4M6R1V0', ip: '10.0.2.15', os.name: 'Windows 10', os.arch: 'amd64', os.version: '10.0', java.version: '1.8.0_181'
Driver info: driver.version: unknown)

2019-04-22 16:37:02 - [MESSAGE][WARNING] - Cannot take screenshot

2019-04-22 16:37:02 - [MESSAGE][FAILED] - Unable to click on object 'Object Repository/Page_KiboPush  Dashboard/span_Polls' (Root cause: com.kms.katalon.core.webui.exception.BrowserNotOpenedException: Browser is not opened
Build info: version: '3.7.1', revision: '8a0099a', time: '2017-11-06T21:07:36.161Z'
System info: host: 'DESKTOP-4M6R1V0', ip: '10.0.2.15', os.name: 'Windows 10', os.arch: 'amd64', os.version: '10.0', java.version: '1.8.0_181'
Driver info: driver.version: unknown)

2019-04-22 16:37:02 - [MESSAGE][FAILED] - Unable to call Test Case with id 'Test Cases/s-sidebar_navigation/individualAccount/broadcast' (Root cause: Call Test Case 'Test Cases/s-sidebar_navigation/individualAccount/broadcast' failed)

2019-04-22 16:37:02 - [MESSAGE][FAILED] - Unable to call Test Case with id 'Test Cases/s-sidebar_navigation/TeamAccount/Broadcasts' (Root cause: Call Test Case 'Test Cases/s-sidebar_navigation/TeamAccount/Broadcasts' failed)]]></system-out>
         <system-err><![CDATA[2019-04-22 16:36:59 - [TEST_CASE][FAILED] - Test Cases/Broadcasts/TC0146: Test Cases/Broadcasts/TC0146 FAILED because (of) Unable to click on object 'Object Repository/Page_KiboPush  Dashboard/span_Polls' (Root cause: com.kms.katalon.core.webui.exception.BrowserNotOpenedException: Browser is not opened
Build info: version: '3.7.1', revision: '8a0099a', time: '2017-11-06T21:07:36.161Z'
System info: host: 'DESKTOP-4M6R1V0', ip: '10.0.2.15', os.name: 'Windows 10', os.arch: 'amd64', os.version: '10.0', java.version: '1.8.0_181'
Driver info: driver.version: unknown)]]></system-err>
      </testcase>
      <testcase name="Test Cases/Broadcasts/TC0147" classname="Test Cases/Broadcasts/TC0147" status="FAILED">
         <failure type="FAILED" message="Unable to click on object 'Object Repository/Page_KiboPush  Dashboard/span_Polls' (Root cause: com.kms.katalon.core.webui.exception.BrowserNotOpenedException: Browser is not opened
Build info: version: '3.7.1', revision: '8a0099a', time: '2017-11-06T21:07:36.161Z'
System info: host: 'DESKTOP-4M6R1V0', ip: '10.0.2.15', os.name: 'Windows 10', os.arch: 'amd64', os.version: '10.0', java.version: '1.8.0_181'
Driver info: driver.version: unknown)"/>
         <system-out><![CDATA[2019-04-22 16:37:02 - [TEST_CASE][FAILED] - Test Cases/Broadcasts/TC0147: Test Cases/Broadcasts/TC0147 FAILED because (of) Unable to click on object 'Object Repository/Page_KiboPush  Dashboard/span_Polls' (Root cause: com.kms.katalon.core.webui.exception.BrowserNotOpenedException: Browser is not opened
Build info: version: '3.7.1', revision: '8a0099a', time: '2017-11-06T21:07:36.161Z'
System info: host: 'DESKTOP-4M6R1V0', ip: '10.0.2.15', os.name: 'Windows 10', os.arch: 'amd64', os.version: '10.0', java.version: '1.8.0_181'
Driver info: driver.version: unknown)

2019-04-22 16:37:04 - [TEST_STEP][FAILED] - callTestCase: Unable to call Test Case with id 'Test Cases/s-sidebar_navigation/TeamAccount/Broadcasts' (Root cause: Call Test Case 'Test Cases/s-sidebar_navigation/TeamAccount/Broadcasts' failed)

2019-04-22 16:37:04 - [TEST_CASE][FAILED] - Test Cases/s-sidebar_navigation/TeamAccount/Broadcasts: Test Cases/s-sidebar_navigation/TeamAccount/Broadcasts FAILED because (of) Unable to click on object 'Object Repository/Page_KiboPush  Dashboard/span_Polls' (Root cause: com.kms.katalon.core.webui.exception.BrowserNotOpenedException: Browser is not opened
Build info: version: '3.7.1', revision: '8a0099a', time: '2017-11-06T21:07:36.161Z'
System info: host: 'DESKTOP-4M6R1V0', ip: '10.0.2.15', os.name: 'Windows 10', os.arch: 'amd64', os.version: '10.0', java.version: '1.8.0_181'
Driver info: driver.version: unknown)

2019-04-22 16:37:04 - [TEST_STEP][FAILED] - callTestCase: Unable to call Test Case with id 'Test Cases/s-sidebar_navigation/individualAccount/broadcast' (Root cause: Call Test Case 'Test Cases/s-sidebar_navigation/individualAccount/broadcast' failed)

2019-04-22 16:37:05 - [TEST_CASE][FAILED] - Test Cases/s-sidebar_navigation/individualAccount/broadcast: Test Cases/s-sidebar_navigation/individualAccount/broadcast FAILED because (of) Unable to click on object 'Object Repository/Page_KiboPush  Dashboard/span_Polls' (Root cause: com.kms.katalon.core.webui.exception.BrowserNotOpenedException: Browser is not opened
Build info: version: '3.7.1', revision: '8a0099a', time: '2017-11-06T21:07:36.161Z'
System info: host: 'DESKTOP-4M6R1V0', ip: '10.0.2.15', os.name: 'Windows 10', os.arch: 'amd64', os.version: '10.0', java.version: '1.8.0_181'
Driver info: driver.version: unknown)

2019-04-22 16:37:05 - [TEST_STEP][FAILED] - click: Unable to click on object 'Object Repository/Page_KiboPush  Dashboard/span_Polls' (Root cause: com.kms.katalon.core.webui.exception.BrowserNotOpenedException: Browser is not opened
Build info: version: '3.7.1', revision: '8a0099a', time: '2017-11-06T21:07:36.161Z'
System info: host: 'DESKTOP-4M6R1V0', ip: '10.0.2.15', os.name: 'Windows 10', os.arch: 'amd64', os.version: '10.0', java.version: '1.8.0_181'
Driver info: driver.version: unknown)

2019-04-22 16:37:05 - [MESSAGE][WARNING] - Cannot take screenshot

2019-04-22 16:37:05 - [MESSAGE][FAILED] - Unable to click on object 'Object Repository/Page_KiboPush  Dashboard/span_Polls' (Root cause: com.kms.katalon.core.webui.exception.BrowserNotOpenedException: Browser is not opened
Build info: version: '3.7.1', revision: '8a0099a', time: '2017-11-06T21:07:36.161Z'
System info: host: 'DESKTOP-4M6R1V0', ip: '10.0.2.15', os.name: 'Windows 10', os.arch: 'amd64', os.version: '10.0', java.version: '1.8.0_181'
Driver info: driver.version: unknown)

2019-04-22 16:37:05 - [MESSAGE][FAILED] - Unable to call Test Case with id 'Test Cases/s-sidebar_navigation/individualAccount/broadcast' (Root cause: Call Test Case 'Test Cases/s-sidebar_navigation/individualAccount/broadcast' failed)

2019-04-22 16:37:05 - [MESSAGE][FAILED] - Unable to call Test Case with id 'Test Cases/s-sidebar_navigation/TeamAccount/Broadcasts' (Root cause: Call Test Case 'Test Cases/s-sidebar_navigation/TeamAccount/Broadcasts' failed)]]></system-out>
         <system-err><![CDATA[2019-04-22 16:37:02 - [TEST_CASE][FAILED] - Test Cases/Broadcasts/TC0147: Test Cases/Broadcasts/TC0147 FAILED because (of) Unable to click on object 'Object Repository/Page_KiboPush  Dashboard/span_Polls' (Root cause: com.kms.katalon.core.webui.exception.BrowserNotOpenedException: Browser is not opened
Build info: version: '3.7.1', revision: '8a0099a', time: '2017-11-06T21:07:36.161Z'
System info: host: 'DESKTOP-4M6R1V0', ip: '10.0.2.15', os.name: 'Windows 10', os.arch: 'amd64', os.version: '10.0', java.version: '1.8.0_181'
Driver info: driver.version: unknown)]]></system-err>
      </testcase>
      <testcase name="Test Cases/Broadcasts/TC0150" classname="Test Cases/Broadcasts/TC0150" status="FAILED">
         <failure type="FAILED" message="Unable to click on object 'Object Repository/Page_KiboPush  Dashboard/span_Polls' (Root cause: com.kms.katalon.core.webui.exception.BrowserNotOpenedException: Browser is not opened
Build info: version: '3.7.1', revision: '8a0099a', time: '2017-11-06T21:07:36.161Z'
System info: host: 'DESKTOP-4M6R1V0', ip: '10.0.2.15', os.name: 'Windows 10', os.arch: 'amd64', os.version: '10.0', java.version: '1.8.0_181'
Driver info: driver.version: unknown)"/>
         <system-out><![CDATA[2019-04-22 16:37:05 - [TEST_CASE][FAILED] - Test Cases/Broadcasts/TC0150: Test Cases/Broadcasts/TC0150 FAILED because (of) Unable to click on object 'Object Repository/Page_KiboPush  Dashboard/span_Polls' (Root cause: com.kms.katalon.core.webui.exception.BrowserNotOpenedException: Browser is not opened
Build info: version: '3.7.1', revision: '8a0099a', time: '2017-11-06T21:07:36.161Z'
System info: host: 'DESKTOP-4M6R1V0', ip: '10.0.2.15', os.name: 'Windows 10', os.arch: 'amd64', os.version: '10.0', java.version: '1.8.0_181'
Driver info: driver.version: unknown)

2019-04-22 16:37:06 - [TEST_STEP][FAILED] - callTestCase: Unable to call Test Case with id 'Test Cases/s-sidebar_navigation/TeamAccount/Broadcasts' (Root cause: Call Test Case 'Test Cases/s-sidebar_navigation/TeamAccount/Broadcasts' failed)

2019-04-22 16:37:07 - [TEST_CASE][FAILED] - Test Cases/s-sidebar_navigation/TeamAccount/Broadcasts: Test Cases/s-sidebar_navigation/TeamAccount/Broadcasts FAILED because (of) Unable to click on object 'Object Repository/Page_KiboPush  Dashboard/span_Polls' (Root cause: com.kms.katalon.core.webui.exception.BrowserNotOpenedException: Browser is not opened
Build info: version: '3.7.1', revision: '8a0099a', time: '2017-11-06T21:07:36.161Z'
System info: host: 'DESKTOP-4M6R1V0', ip: '10.0.2.15', os.name: 'Windows 10', os.arch: 'amd64', os.version: '10.0', java.version: '1.8.0_181'
Driver info: driver.version: unknown)

2019-04-22 16:37:07 - [TEST_STEP][FAILED] - callTestCase: Unable to call Test Case with id 'Test Cases/s-sidebar_navigation/individualAccount/broadcast' (Root cause: Call Test Case 'Test Cases/s-sidebar_navigation/individualAccount/broadcast' failed)

2019-04-22 16:37:07 - [TEST_CASE][FAILED] - Test Cases/s-sidebar_navigation/individualAccount/broadcast: Test Cases/s-sidebar_navigation/individualAccount/broadcast FAILED because (of) Unable to click on object 'Object Repository/Page_KiboPush  Dashboard/span_Polls' (Root cause: com.kms.katalon.core.webui.exception.BrowserNotOpenedException: Browser is not opened
Build info: version: '3.7.1', revision: '8a0099a', time: '2017-11-06T21:07:36.161Z'
System info: host: 'DESKTOP-4M6R1V0', ip: '10.0.2.15', os.name: 'Windows 10', os.arch: 'amd64', os.version: '10.0', java.version: '1.8.0_181'
Driver info: driver.version: unknown)

2019-04-22 16:37:07 - [TEST_STEP][FAILED] - click: Unable to click on object 'Object Repository/Page_KiboPush  Dashboard/span_Polls' (Root cause: com.kms.katalon.core.webui.exception.BrowserNotOpenedException: Browser is not opened
Build info: version: '3.7.1', revision: '8a0099a', time: '2017-11-06T21:07:36.161Z'
System info: host: 'DESKTOP-4M6R1V0', ip: '10.0.2.15', os.name: 'Windows 10', os.arch: 'amd64', os.version: '10.0', java.version: '1.8.0_181'
Driver info: driver.version: unknown)

2019-04-22 16:37:07 - [MESSAGE][WARNING] - Cannot take screenshot

2019-04-22 16:37:07 - [MESSAGE][FAILED] - Unable to click on object 'Object Repository/Page_KiboPush  Dashboard/span_Polls' (Root cause: com.kms.katalon.core.webui.exception.BrowserNotOpenedException: Browser is not opened
Build info: version: '3.7.1', revision: '8a0099a', time: '2017-11-06T21:07:36.161Z'
System info: host: 'DESKTOP-4M6R1V0', ip: '10.0.2.15', os.name: 'Windows 10', os.arch: 'amd64', os.version: '10.0', java.version: '1.8.0_181'
Driver info: driver.version: unknown)

2019-04-22 16:37:07 - [MESSAGE][FAILED] - Unable to call Test Case with id 'Test Cases/s-sidebar_navigation/individualAccount/broadcast' (Root cause: Call Test Case 'Test Cases/s-sidebar_navigation/individualAccount/broadcast' failed)

2019-04-22 16:37:07 - [MESSAGE][FAILED] - Unable to call Test Case with id 'Test Cases/s-sidebar_navigation/TeamAccount/Broadcasts' (Root cause: Call Test Case 'Test Cases/s-sidebar_navigation/TeamAccount/Broadcasts' failed)]]></system-out>
         <system-err><![CDATA[2019-04-22 16:37:05 - [TEST_CASE][FAILED] - Test Cases/Broadcasts/TC0150: Test Cases/Broadcasts/TC0150 FAILED because (of) Unable to click on object 'Object Repository/Page_KiboPush  Dashboard/span_Polls' (Root cause: com.kms.katalon.core.webui.exception.BrowserNotOpenedException: Browser is not opened
Build info: version: '3.7.1', revision: '8a0099a', time: '2017-11-06T21:07:36.161Z'
System info: host: 'DESKTOP-4M6R1V0', ip: '10.0.2.15', os.name: 'Windows 10', os.arch: 'amd64', os.version: '10.0', java.version: '1.8.0_181'
Driver info: driver.version: unknown)]]></system-err>
      </testcase>
      <testcase name="Test Cases/Broadcasts/TC0151" classname="Test Cases/Broadcasts/TC0151" status="FAILED">
         <failure type="FAILED" message="Unable to click on object 'Object Repository/Page_KiboPush  Dashboard/span_Polls' (Root cause: com.kms.katalon.core.webui.exception.BrowserNotOpenedException: Browser is not opened
Build info: version: '3.7.1', revision: '8a0099a', time: '2017-11-06T21:07:36.161Z'
System info: host: 'DESKTOP-4M6R1V0', ip: '10.0.2.15', os.name: 'Windows 10', os.arch: 'amd64', os.version: '10.0', java.version: '1.8.0_181'
Driver info: driver.version: unknown)"/>
         <system-out><![CDATA[2019-04-22 16:37:07 - [TEST_CASE][FAILED] - Test Cases/Broadcasts/TC0151: Test Cases/Broadcasts/TC0151 FAILED because (of) Unable to click on object 'Object Repository/Page_KiboPush  Dashboard/span_Polls' (Root cause: com.kms.katalon.core.webui.exception.BrowserNotOpenedException: Browser is not opened
Build info: version: '3.7.1', revision: '8a0099a', time: '2017-11-06T21:07:36.161Z'
System info: host: 'DESKTOP-4M6R1V0', ip: '10.0.2.15', os.name: 'Windows 10', os.arch: 'amd64', os.version: '10.0', java.version: '1.8.0_181'
Driver info: driver.version: unknown)

2019-04-22 16:37:09 - [TEST_STEP][FAILED] - callTestCase: Unable to call Test Case with id 'Test Cases/Broadcasts/TC0150' (Root cause: Call Test Case 'Test Cases/Broadcasts/TC0150' failed)

2019-04-22 16:37:09 - [TEST_CASE][FAILED] - Test Cases/Broadcasts/TC0150: Test Cases/Broadcasts/TC0150 FAILED because (of) Unable to click on object 'Object Repository/Page_KiboPush  Dashboard/span_Polls' (Root cause: com.kms.katalon.core.webui.exception.BrowserNotOpenedException: Browser is not opened
Build info: version: '3.7.1', revision: '8a0099a', time: '2017-11-06T21:07:36.161Z'
System info: host: 'DESKTOP-4M6R1V0', ip: '10.0.2.15', os.name: 'Windows 10', os.arch: 'amd64', os.version: '10.0', java.version: '1.8.0_181'
Driver info: driver.version: unknown)

2019-04-22 16:37:09 - [TEST_STEP][FAILED] - callTestCase: Unable to call Test Case with id 'Test Cases/s-sidebar_navigation/TeamAccount/Broadcasts' (Root cause: Call Test Case 'Test Cases/s-sidebar_navigation/TeamAccount/Broadcasts' failed)

2019-04-22 16:37:09 - [TEST_CASE][FAILED] - Test Cases/s-sidebar_navigation/TeamAccount/Broadcasts: Test Cases/s-sidebar_navigation/TeamAccount/Broadcasts FAILED because (of) Unable to click on object 'Object Repository/Page_KiboPush  Dashboard/span_Polls' (Root cause: com.kms.katalon.core.webui.exception.BrowserNotOpenedException: Browser is not opened
Build info: version: '3.7.1', revision: '8a0099a', time: '2017-11-06T21:07:36.161Z'
System info: host: 'DESKTOP-4M6R1V0', ip: '10.0.2.15', os.name: 'Windows 10', os.arch: 'amd64', os.version: '10.0', java.version: '1.8.0_181'
Driver info: driver.version: unknown)

2019-04-22 16:37:09 - [TEST_STEP][FAILED] - callTestCase: Unable to call Test Case with id 'Test Cases/s-sidebar_navigation/individualAccount/broadcast' (Root cause: Call Test Case 'Test Cases/s-sidebar_navigation/individualAccount/broadcast' failed)

2019-04-22 16:37:10 - [TEST_CASE][FAILED] - Test Cases/s-sidebar_navigation/individualAccount/broadcast: Test Cases/s-sidebar_navigation/individualAccount/broadcast FAILED because (of) Unable to click on object 'Object Repository/Page_KiboPush  Dashboard/span_Polls' (Root cause: com.kms.katalon.core.webui.exception.BrowserNotOpenedException: Browser is not opened
Build info: version: '3.7.1', revision: '8a0099a', time: '2017-11-06T21:07:36.161Z'
System info: host: 'DESKTOP-4M6R1V0', ip: '10.0.2.15', os.name: 'Windows 10', os.arch: 'amd64', os.version: '10.0', java.version: '1.8.0_181'
Driver info: driver.version: unknown)

2019-04-22 16:37:10 - [TEST_STEP][FAILED] - click: Unable to click on object 'Object Repository/Page_KiboPush  Dashboard/span_Polls' (Root cause: com.kms.katalon.core.webui.exception.BrowserNotOpenedException: Browser is not opened
Build info: version: '3.7.1', revision: '8a0099a', time: '2017-11-06T21:07:36.161Z'
System info: host: 'DESKTOP-4M6R1V0', ip: '10.0.2.15', os.name: 'Windows 10', os.arch: 'amd64', os.version: '10.0', java.version: '1.8.0_181'
Driver info: driver.version: unknown)

2019-04-22 16:37:10 - [MESSAGE][WARNING] - Cannot take screenshot

2019-04-22 16:37:10 - [MESSAGE][FAILED] - Unable to click on object 'Object Repository/Page_KiboPush  Dashboard/span_Polls' (Root cause: com.kms.katalon.core.webui.exception.BrowserNotOpenedException: Browser is not opened
Build info: version: '3.7.1', revision: '8a0099a', time: '2017-11-06T21:07:36.161Z'
System info: host: 'DESKTOP-4M6R1V0', ip: '10.0.2.15', os.name: 'Windows 10', os.arch: 'amd64', os.version: '10.0', java.version: '1.8.0_181'
Driver info: driver.version: unknown)

2019-04-22 16:37:10 - [MESSAGE][FAILED] - Unable to call Test Case with id 'Test Cases/s-sidebar_navigation/individualAccount/broadcast' (Root cause: Call Test Case 'Test Cases/s-sidebar_navigation/individualAccount/broadcast' failed)

2019-04-22 16:37:10 - [MESSAGE][FAILED] - Unable to call Test Case with id 'Test Cases/s-sidebar_navigation/TeamAccount/Broadcasts' (Root cause: Call Test Case 'Test Cases/s-sidebar_navigation/TeamAccount/Broadcasts' failed)

2019-04-22 16:37:10 - [MESSAGE][FAILED] - Unable to call Test Case with id 'Test Cases/Broadcasts/TC0150' (Root cause: Call Test Case 'Test Cases/Broadcasts/TC0150' failed)]]></system-out>
         <system-err><![CDATA[2019-04-22 16:37:07 - [TEST_CASE][FAILED] - Test Cases/Broadcasts/TC0151: Test Cases/Broadcasts/TC0151 FAILED because (of) Unable to click on object 'Object Repository/Page_KiboPush  Dashboard/span_Polls' (Root cause: com.kms.katalon.core.webui.exception.BrowserNotOpenedException: Browser is not opened
Build info: version: '3.7.1', revision: '8a0099a', time: '2017-11-06T21:07:36.161Z'
System info: host: 'DESKTOP-4M6R1V0', ip: '10.0.2.15', os.name: 'Windows 10', os.arch: 'amd64', os.version: '10.0', java.version: '1.8.0_181'
Driver info: driver.version: unknown)]]></system-err>
      </testcase>
      <testcase name="Test Cases/Broadcasts/TC0152" classname="Test Cases/Broadcasts/TC0152" status="FAILED">
         <failure type="FAILED" message="Unable to click on object 'Object Repository/Page_KiboPush  Dashboard/span_Polls' (Root cause: com.kms.katalon.core.webui.exception.BrowserNotOpenedException: Browser is not opened
Build info: version: '3.7.1', revision: '8a0099a', time: '2017-11-06T21:07:36.161Z'
System info: host: 'DESKTOP-4M6R1V0', ip: '10.0.2.15', os.name: 'Windows 10', os.arch: 'amd64', os.version: '10.0', java.version: '1.8.0_181'
Driver info: driver.version: unknown)"/>
         <system-out><![CDATA[2019-04-22 16:37:10 - [TEST_CASE][FAILED] - Test Cases/Broadcasts/TC0152: Test Cases/Broadcasts/TC0152 FAILED because (of) Unable to click on object 'Object Repository/Page_KiboPush  Dashboard/span_Polls' (Root cause: com.kms.katalon.core.webui.exception.BrowserNotOpenedException: Browser is not opened
Build info: version: '3.7.1', revision: '8a0099a', time: '2017-11-06T21:07:36.161Z'
System info: host: 'DESKTOP-4M6R1V0', ip: '10.0.2.15', os.name: 'Windows 10', os.arch: 'amd64', os.version: '10.0', java.version: '1.8.0_181'
Driver info: driver.version: unknown)

2019-04-22 16:37:12 - [TEST_STEP][FAILED] - callTestCase: Unable to call Test Case with id 'Test Cases/Broadcasts/TC0150' (Root cause: Call Test Case 'Test Cases/Broadcasts/TC0150' failed)

2019-04-22 16:37:12 - [TEST_CASE][FAILED] - Test Cases/Broadcasts/TC0150: Test Cases/Broadcasts/TC0150 FAILED because (of) Unable to click on object 'Object Repository/Page_KiboPush  Dashboard/span_Polls' (Root cause: com.kms.katalon.core.webui.exception.BrowserNotOpenedException: Browser is not opened
Build info: version: '3.7.1', revision: '8a0099a', time: '2017-11-06T21:07:36.161Z'
System info: host: 'DESKTOP-4M6R1V0', ip: '10.0.2.15', os.name: 'Windows 10', os.arch: 'amd64', os.version: '10.0', java.version: '1.8.0_181'
Driver info: driver.version: unknown)

2019-04-22 16:37:12 - [TEST_STEP][FAILED] - callTestCase: Unable to call Test Case with id 'Test Cases/s-sidebar_navigation/TeamAccount/Broadcasts' (Root cause: Call Test Case 'Test Cases/s-sidebar_navigation/TeamAccount/Broadcasts' failed)

2019-04-22 16:37:12 - [TEST_CASE][FAILED] - Test Cases/s-sidebar_navigation/TeamAccount/Broadcasts: Test Cases/s-sidebar_navigation/TeamAccount/Broadcasts FAILED because (of) Unable to click on object 'Object Repository/Page_KiboPush  Dashboard/span_Polls' (Root cause: com.kms.katalon.core.webui.exception.BrowserNotOpenedException: Browser is not opened
Build info: version: '3.7.1', revision: '8a0099a', time: '2017-11-06T21:07:36.161Z'
System info: host: 'DESKTOP-4M6R1V0', ip: '10.0.2.15', os.name: 'Windows 10', os.arch: 'amd64', os.version: '10.0', java.version: '1.8.0_181'
Driver info: driver.version: unknown)

2019-04-22 16:37:12 - [TEST_STEP][FAILED] - callTestCase: Unable to call Test Case with id 'Test Cases/s-sidebar_navigation/individualAccount/broadcast' (Root cause: Call Test Case 'Test Cases/s-sidebar_navigation/individualAccount/broadcast' failed)

2019-04-22 16:37:12 - [TEST_CASE][FAILED] - Test Cases/s-sidebar_navigation/individualAccount/broadcast: Test Cases/s-sidebar_navigation/individualAccount/broadcast FAILED because (of) Unable to click on object 'Object Repository/Page_KiboPush  Dashboard/span_Polls' (Root cause: com.kms.katalon.core.webui.exception.BrowserNotOpenedException: Browser is not opened
Build info: version: '3.7.1', revision: '8a0099a', time: '2017-11-06T21:07:36.161Z'
System info: host: 'DESKTOP-4M6R1V0', ip: '10.0.2.15', os.name: 'Windows 10', os.arch: 'amd64', os.version: '10.0', java.version: '1.8.0_181'
Driver info: driver.version: unknown)

2019-04-22 16:37:12 - [TEST_STEP][FAILED] - click: Unable to click on object 'Object Repository/Page_KiboPush  Dashboard/span_Polls' (Root cause: com.kms.katalon.core.webui.exception.BrowserNotOpenedException: Browser is not opened
Build info: version: '3.7.1', revision: '8a0099a', time: '2017-11-06T21:07:36.161Z'
System info: host: 'DESKTOP-4M6R1V0', ip: '10.0.2.15', os.name: 'Windows 10', os.arch: 'amd64', os.version: '10.0', java.version: '1.8.0_181'
Driver info: driver.version: unknown)

2019-04-22 16:37:12 - [MESSAGE][WARNING] - Cannot take screenshot

2019-04-22 16:37:12 - [MESSAGE][FAILED] - Unable to click on object 'Object Repository/Page_KiboPush  Dashboard/span_Polls' (Root cause: com.kms.katalon.core.webui.exception.BrowserNotOpenedException: Browser is not opened
Build info: version: '3.7.1', revision: '8a0099a', time: '2017-11-06T21:07:36.161Z'
System info: host: 'DESKTOP-4M6R1V0', ip: '10.0.2.15', os.name: 'Windows 10', os.arch: 'amd64', os.version: '10.0', java.version: '1.8.0_181'
Driver info: driver.version: unknown)

2019-04-22 16:37:12 - [MESSAGE][FAILED] - Unable to call Test Case with id 'Test Cases/s-sidebar_navigation/individualAccount/broadcast' (Root cause: Call Test Case 'Test Cases/s-sidebar_navigation/individualAccount/broadcast' failed)

2019-04-22 16:37:12 - [MESSAGE][FAILED] - Unable to call Test Case with id 'Test Cases/s-sidebar_navigation/TeamAccount/Broadcasts' (Root cause: Call Test Case 'Test Cases/s-sidebar_navigation/TeamAccount/Broadcasts' failed)

2019-04-22 16:37:12 - [MESSAGE][FAILED] - Unable to call Test Case with id 'Test Cases/Broadcasts/TC0150' (Root cause: Call Test Case 'Test Cases/Broadcasts/TC0150' failed)]]></system-out>
         <system-err><![CDATA[2019-04-22 16:37:10 - [TEST_CASE][FAILED] - Test Cases/Broadcasts/TC0152: Test Cases/Broadcasts/TC0152 FAILED because (of) Unable to click on object 'Object Repository/Page_KiboPush  Dashboard/span_Polls' (Root cause: com.kms.katalon.core.webui.exception.BrowserNotOpenedException: Browser is not opened
Build info: version: '3.7.1', revision: '8a0099a', time: '2017-11-06T21:07:36.161Z'
System info: host: 'DESKTOP-4M6R1V0', ip: '10.0.2.15', os.name: 'Windows 10', os.arch: 'amd64', os.version: '10.0', java.version: '1.8.0_181'
Driver info: driver.version: unknown)]]></system-err>
      </testcase>
      <testcase name="Test Cases/Broadcasts/TC0153" classname="Test Cases/Broadcasts/TC0153" status="FAILED">
         <failure type="FAILED" message="Unable to click on object 'Object Repository/Page_KiboPush  Dashboard/span_Polls' (Root cause: com.kms.katalon.core.webui.exception.BrowserNotOpenedException: Browser is not opened
Build info: version: '3.7.1', revision: '8a0099a', time: '2017-11-06T21:07:36.161Z'
System info: host: 'DESKTOP-4M6R1V0', ip: '10.0.2.15', os.name: 'Windows 10', os.arch: 'amd64', os.version: '10.0', java.version: '1.8.0_181'
Driver info: driver.version: unknown)"/>
         <system-out><![CDATA[2019-04-22 16:37:12 - [TEST_CASE][FAILED] - Test Cases/Broadcasts/TC0153: Test Cases/Broadcasts/TC0153 FAILED because (of) Unable to click on object 'Object Repository/Page_KiboPush  Dashboard/span_Polls' (Root cause: com.kms.katalon.core.webui.exception.BrowserNotOpenedException: Browser is not opened
Build info: version: '3.7.1', revision: '8a0099a', time: '2017-11-06T21:07:36.161Z'
System info: host: 'DESKTOP-4M6R1V0', ip: '10.0.2.15', os.name: 'Windows 10', os.arch: 'amd64', os.version: '10.0', java.version: '1.8.0_181'
Driver info: driver.version: unknown)

2019-04-22 16:37:14 - [TEST_STEP][FAILED] - callTestCase: Unable to call Test Case with id 'Test Cases/Broadcasts/TC0150' (Root cause: Call Test Case 'Test Cases/Broadcasts/TC0150' failed)

2019-04-22 16:37:14 - [TEST_CASE][FAILED] - Test Cases/Broadcasts/TC0150: Test Cases/Broadcasts/TC0150 FAILED because (of) Unable to click on object 'Object Repository/Page_KiboPush  Dashboard/span_Polls' (Root cause: com.kms.katalon.core.webui.exception.BrowserNotOpenedException: Browser is not opened
Build info: version: '3.7.1', revision: '8a0099a', time: '2017-11-06T21:07:36.161Z'
System info: host: 'DESKTOP-4M6R1V0', ip: '10.0.2.15', os.name: 'Windows 10', os.arch: 'amd64', os.version: '10.0', java.version: '1.8.0_181'
Driver info: driver.version: unknown)

2019-04-22 16:37:14 - [TEST_STEP][FAILED] - callTestCase: Unable to call Test Case with id 'Test Cases/s-sidebar_navigation/TeamAccount/Broadcasts' (Root cause: Call Test Case 'Test Cases/s-sidebar_navigation/TeamAccount/Broadcasts' failed)

2019-04-22 16:37:15 - [TEST_CASE][FAILED] - Test Cases/s-sidebar_navigation/TeamAccount/Broadcasts: Test Cases/s-sidebar_navigation/TeamAccount/Broadcasts FAILED because (of) Unable to click on object 'Object Repository/Page_KiboPush  Dashboard/span_Polls' (Root cause: com.kms.katalon.core.webui.exception.BrowserNotOpenedException: Browser is not opened
Build info: version: '3.7.1', revision: '8a0099a', time: '2017-11-06T21:07:36.161Z'
System info: host: 'DESKTOP-4M6R1V0', ip: '10.0.2.15', os.name: 'Windows 10', os.arch: 'amd64', os.version: '10.0', java.version: '1.8.0_181'
Driver info: driver.version: unknown)

2019-04-22 16:37:15 - [TEST_STEP][FAILED] - callTestCase: Unable to call Test Case with id 'Test Cases/s-sidebar_navigation/individualAccount/broadcast' (Root cause: Call Test Case 'Test Cases/s-sidebar_navigation/individualAccount/broadcast' failed)

2019-04-22 16:37:15 - [TEST_CASE][FAILED] - Test Cases/s-sidebar_navigation/individualAccount/broadcast: Test Cases/s-sidebar_navigation/individualAccount/broadcast FAILED because (of) Unable to click on object 'Object Repository/Page_KiboPush  Dashboard/span_Polls' (Root cause: com.kms.katalon.core.webui.exception.BrowserNotOpenedException: Browser is not opened
Build info: version: '3.7.1', revision: '8a0099a', time: '2017-11-06T21:07:36.161Z'
System info: host: 'DESKTOP-4M6R1V0', ip: '10.0.2.15', os.name: 'Windows 10', os.arch: 'amd64', os.version: '10.0', java.version: '1.8.0_181'
Driver info: driver.version: unknown)

2019-04-22 16:37:15 - [TEST_STEP][FAILED] - click: Unable to click on object 'Object Repository/Page_KiboPush  Dashboard/span_Polls' (Root cause: com.kms.katalon.core.webui.exception.BrowserNotOpenedException: Browser is not opened
Build info: version: '3.7.1', revision: '8a0099a', time: '2017-11-06T21:07:36.161Z'
System info: host: 'DESKTOP-4M6R1V0', ip: '10.0.2.15', os.name: 'Windows 10', os.arch: 'amd64', os.version: '10.0', java.version: '1.8.0_181'
Driver info: driver.version: unknown)

2019-04-22 16:37:15 - [MESSAGE][WARNING] - Cannot take screenshot

2019-04-22 16:37:15 - [MESSAGE][FAILED] - Unable to click on object 'Object Repository/Page_KiboPush  Dashboard/span_Polls' (Root cause: com.kms.katalon.core.webui.exception.BrowserNotOpenedException: Browser is not opened
Build info: version: '3.7.1', revision: '8a0099a', time: '2017-11-06T21:07:36.161Z'
System info: host: 'DESKTOP-4M6R1V0', ip: '10.0.2.15', os.name: 'Windows 10', os.arch: 'amd64', os.version: '10.0', java.version: '1.8.0_181'
Driver info: driver.version: unknown)

2019-04-22 16:37:16 - [MESSAGE][FAILED] - Unable to call Test Case with id 'Test Cases/s-sidebar_navigation/individualAccount/broadcast' (Root cause: Call Test Case 'Test Cases/s-sidebar_navigation/individualAccount/broadcast' failed)

2019-04-22 16:37:16 - [MESSAGE][FAILED] - Unable to call Test Case with id 'Test Cases/s-sidebar_navigation/TeamAccount/Broadcasts' (Root cause: Call Test Case 'Test Cases/s-sidebar_navigation/TeamAccount/Broadcasts' failed)

2019-04-22 16:37:16 - [MESSAGE][FAILED] - Unable to call Test Case with id 'Test Cases/Broadcasts/TC0150' (Root cause: Call Test Case 'Test Cases/Broadcasts/TC0150' failed)]]></system-out>
         <system-err><![CDATA[2019-04-22 16:37:12 - [TEST_CASE][FAILED] - Test Cases/Broadcasts/TC0153: Test Cases/Broadcasts/TC0153 FAILED because (of) Unable to click on object 'Object Repository/Page_KiboPush  Dashboard/span_Polls' (Root cause: com.kms.katalon.core.webui.exception.BrowserNotOpenedException: Browser is not opened
Build info: version: '3.7.1', revision: '8a0099a', time: '2017-11-06T21:07:36.161Z'
System info: host: 'DESKTOP-4M6R1V0', ip: '10.0.2.15', os.name: 'Windows 10', os.arch: 'amd64', os.version: '10.0', java.version: '1.8.0_181'
Driver info: driver.version: unknown)]]></system-err>
      </testcase>
      <testcase name="Test Cases/Broadcasts/TC0154" classname="Test Cases/Broadcasts/TC0154" status="FAILED">
         <failure type="FAILED" message="Unable to click on object 'Object Repository/Page_KiboPush  Dashboard/span_Polls' (Root cause: com.kms.katalon.core.webui.exception.BrowserNotOpenedException: Browser is not opened
Build info: version: '3.7.1', revision: '8a0099a', time: '2017-11-06T21:07:36.161Z'
System info: host: 'DESKTOP-4M6R1V0', ip: '10.0.2.15', os.name: 'Windows 10', os.arch: 'amd64', os.version: '10.0', java.version: '1.8.0_181'
Driver info: driver.version: unknown)"/>
         <system-out><![CDATA[2019-04-22 16:37:16 - [TEST_CASE][FAILED] - Test Cases/Broadcasts/TC0154: Test Cases/Broadcasts/TC0154 FAILED because (of) Unable to click on object 'Object Repository/Page_KiboPush  Dashboard/span_Polls' (Root cause: com.kms.katalon.core.webui.exception.BrowserNotOpenedException: Browser is not opened
Build info: version: '3.7.1', revision: '8a0099a', time: '2017-11-06T21:07:36.161Z'
System info: host: 'DESKTOP-4M6R1V0', ip: '10.0.2.15', os.name: 'Windows 10', os.arch: 'amd64', os.version: '10.0', java.version: '1.8.0_181'
Driver info: driver.version: unknown)

2019-04-22 16:37:18 - [TEST_STEP][FAILED] - callTestCase: Unable to call Test Case with id 'Test Cases/Broadcasts/TC0150' (Root cause: Call Test Case 'Test Cases/Broadcasts/TC0150' failed)

2019-04-22 16:37:18 - [TEST_CASE][FAILED] - Test Cases/Broadcasts/TC0150: Test Cases/Broadcasts/TC0150 FAILED because (of) Unable to click on object 'Object Repository/Page_KiboPush  Dashboard/span_Polls' (Root cause: com.kms.katalon.core.webui.exception.BrowserNotOpenedException: Browser is not opened
Build info: version: '3.7.1', revision: '8a0099a', time: '2017-11-06T21:07:36.161Z'
System info: host: 'DESKTOP-4M6R1V0', ip: '10.0.2.15', os.name: 'Windows 10', os.arch: 'amd64', os.version: '10.0', java.version: '1.8.0_181'
Driver info: driver.version: unknown)

2019-04-22 16:37:18 - [TEST_STEP][FAILED] - callTestCase: Unable to call Test Case with id 'Test Cases/s-sidebar_navigation/TeamAccount/Broadcasts' (Root cause: Call Test Case 'Test Cases/s-sidebar_navigation/TeamAccount/Broadcasts' failed)

2019-04-22 16:37:18 - [TEST_CASE][FAILED] - Test Cases/s-sidebar_navigation/TeamAccount/Broadcasts: Test Cases/s-sidebar_navigation/TeamAccount/Broadcasts FAILED because (of) Unable to click on object 'Object Repository/Page_KiboPush  Dashboard/span_Polls' (Root cause: com.kms.katalon.core.webui.exception.BrowserNotOpenedException: Browser is not opened
Build info: version: '3.7.1', revision: '8a0099a', time: '2017-11-06T21:07:36.161Z'
System info: host: 'DESKTOP-4M6R1V0', ip: '10.0.2.15', os.name: 'Windows 10', os.arch: 'amd64', os.version: '10.0', java.version: '1.8.0_181'
Driver info: driver.version: unknown)

2019-04-22 16:37:18 - [TEST_STEP][FAILED] - callTestCase: Unable to call Test Case with id 'Test Cases/s-sidebar_navigation/individualAccount/broadcast' (Root cause: Call Test Case 'Test Cases/s-sidebar_navigation/individualAccount/broadcast' failed)

2019-04-22 16:37:18 - [TEST_CASE][FAILED] - Test Cases/s-sidebar_navigation/individualAccount/broadcast: Test Cases/s-sidebar_navigation/individualAccount/broadcast FAILED because (of) Unable to click on object 'Object Repository/Page_KiboPush  Dashboard/span_Polls' (Root cause: com.kms.katalon.core.webui.exception.BrowserNotOpenedException: Browser is not opened
Build info: version: '3.7.1', revision: '8a0099a', time: '2017-11-06T21:07:36.161Z'
System info: host: 'DESKTOP-4M6R1V0', ip: '10.0.2.15', os.name: 'Windows 10', os.arch: 'amd64', os.version: '10.0', java.version: '1.8.0_181'
Driver info: driver.version: unknown)

2019-04-22 16:37:19 - [TEST_STEP][FAILED] - click: Unable to click on object 'Object Repository/Page_KiboPush  Dashboard/span_Polls' (Root cause: com.kms.katalon.core.webui.exception.BrowserNotOpenedException: Browser is not opened
Build info: version: '3.7.1', revision: '8a0099a', time: '2017-11-06T21:07:36.161Z'
System info: host: 'DESKTOP-4M6R1V0', ip: '10.0.2.15', os.name: 'Windows 10', os.arch: 'amd64', os.version: '10.0', java.version: '1.8.0_181'
Driver info: driver.version: unknown)

2019-04-22 16:37:19 - [MESSAGE][WARNING] - Cannot take screenshot

2019-04-22 16:37:19 - [MESSAGE][FAILED] - Unable to click on object 'Object Repository/Page_KiboPush  Dashboard/span_Polls' (Root cause: com.kms.katalon.core.webui.exception.BrowserNotOpenedException: Browser is not opened
Build info: version: '3.7.1', revision: '8a0099a', time: '2017-11-06T21:07:36.161Z'
System info: host: 'DESKTOP-4M6R1V0', ip: '10.0.2.15', os.name: 'Windows 10', os.arch: 'amd64', os.version: '10.0', java.version: '1.8.0_181'
Driver info: driver.version: unknown)

2019-04-22 16:37:19 - [MESSAGE][FAILED] - Unable to call Test Case with id 'Test Cases/s-sidebar_navigation/individualAccount/broadcast' (Root cause: Call Test Case 'Test Cases/s-sidebar_navigation/individualAccount/broadcast' failed)

2019-04-22 16:37:19 - [MESSAGE][FAILED] - Unable to call Test Case with id 'Test Cases/s-sidebar_navigation/TeamAccount/Broadcasts' (Root cause: Call Test Case 'Test Cases/s-sidebar_navigation/TeamAccount/Broadcasts' failed)

2019-04-22 16:37:19 - [MESSAGE][FAILED] - Unable to call Test Case with id 'Test Cases/Broadcasts/TC0150' (Root cause: Call Test Case 'Test Cases/Broadcasts/TC0150' failed)]]></system-out>
         <system-err><![CDATA[2019-04-22 16:37:16 - [TEST_CASE][FAILED] - Test Cases/Broadcasts/TC0154: Test Cases/Broadcasts/TC0154 FAILED because (of) Unable to click on object 'Object Repository/Page_KiboPush  Dashboard/span_Polls' (Root cause: com.kms.katalon.core.webui.exception.BrowserNotOpenedException: Browser is not opened
Build info: version: '3.7.1', revision: '8a0099a', time: '2017-11-06T21:07:36.161Z'
System info: host: 'DESKTOP-4M6R1V0', ip: '10.0.2.15', os.name: 'Windows 10', os.arch: 'amd64', os.version: '10.0', java.version: '1.8.0_181'
Driver info: driver.version: unknown)]]></system-err>
      </testcase>
      <testcase name="Test Cases/Broadcasts/TC0155" classname="Test Cases/Broadcasts/TC0155" status="FAILED">
         <failure type="FAILED" message="Unable to click on object 'Object Repository/Page_KiboPush  Dashboard/span_Polls' (Root cause: com.kms.katalon.core.webui.exception.BrowserNotOpenedException: Browser is not opened
Build info: version: '3.7.1', revision: '8a0099a', time: '2017-11-06T21:07:36.161Z'
System info: host: 'DESKTOP-4M6R1V0', ip: '10.0.2.15', os.name: 'Windows 10', os.arch: 'amd64', os.version: '10.0', java.version: '1.8.0_181'
Driver info: driver.version: unknown)"/>
         <system-out><![CDATA[2019-04-22 16:37:19 - [TEST_CASE][FAILED] - Test Cases/Broadcasts/TC0155: Test Cases/Broadcasts/TC0155 FAILED because (of) Unable to click on object 'Object Repository/Page_KiboPush  Dashboard/span_Polls' (Root cause: com.kms.katalon.core.webui.exception.BrowserNotOpenedException: Browser is not opened
Build info: version: '3.7.1', revision: '8a0099a', time: '2017-11-06T21:07:36.161Z'
System info: host: 'DESKTOP-4M6R1V0', ip: '10.0.2.15', os.name: 'Windows 10', os.arch: 'amd64', os.version: '10.0', java.version: '1.8.0_181'
Driver info: driver.version: unknown)

2019-04-22 16:37:20 - [TEST_STEP][FAILED] - callTestCase: Unable to call Test Case with id 'Test Cases/Broadcasts/TC0150' (Root cause: Call Test Case 'Test Cases/Broadcasts/TC0150' failed)

2019-04-22 16:37:20 - [TEST_CASE][FAILED] - Test Cases/Broadcasts/TC0150: Test Cases/Broadcasts/TC0150 FAILED because (of) Unable to click on object 'Object Repository/Page_KiboPush  Dashboard/span_Polls' (Root cause: com.kms.katalon.core.webui.exception.BrowserNotOpenedException: Browser is not opened
Build info: version: '3.7.1', revision: '8a0099a', time: '2017-11-06T21:07:36.161Z'
System info: host: 'DESKTOP-4M6R1V0', ip: '10.0.2.15', os.name: 'Windows 10', os.arch: 'amd64', os.version: '10.0', java.version: '1.8.0_181'
Driver info: driver.version: unknown)

2019-04-22 16:37:20 - [TEST_STEP][FAILED] - callTestCase: Unable to call Test Case with id 'Test Cases/s-sidebar_navigation/TeamAccount/Broadcasts' (Root cause: Call Test Case 'Test Cases/s-sidebar_navigation/TeamAccount/Broadcasts' failed)

2019-04-22 16:37:20 - [TEST_CASE][FAILED] - Test Cases/s-sidebar_navigation/TeamAccount/Broadcasts: Test Cases/s-sidebar_navigation/TeamAccount/Broadcasts FAILED because (of) Unable to click on object 'Object Repository/Page_KiboPush  Dashboard/span_Polls' (Root cause: com.kms.katalon.core.webui.exception.BrowserNotOpenedException: Browser is not opened
Build info: version: '3.7.1', revision: '8a0099a', time: '2017-11-06T21:07:36.161Z'
System info: host: 'DESKTOP-4M6R1V0', ip: '10.0.2.15', os.name: 'Windows 10', os.arch: 'amd64', os.version: '10.0', java.version: '1.8.0_181'
Driver info: driver.version: unknown)

2019-04-22 16:37:20 - [TEST_STEP][FAILED] - callTestCase: Unable to call Test Case with id 'Test Cases/s-sidebar_navigation/individualAccount/broadcast' (Root cause: Call Test Case 'Test Cases/s-sidebar_navigation/individualAccount/broadcast' failed)

2019-04-22 16:37:21 - [TEST_CASE][FAILED] - Test Cases/s-sidebar_navigation/individualAccount/broadcast: Test Cases/s-sidebar_navigation/individualAccount/broadcast FAILED because (of) Unable to click on object 'Object Repository/Page_KiboPush  Dashboard/span_Polls' (Root cause: com.kms.katalon.core.webui.exception.BrowserNotOpenedException: Browser is not opened
Build info: version: '3.7.1', revision: '8a0099a', time: '2017-11-06T21:07:36.161Z'
System info: host: 'DESKTOP-4M6R1V0', ip: '10.0.2.15', os.name: 'Windows 10', os.arch: 'amd64', os.version: '10.0', java.version: '1.8.0_181'
Driver info: driver.version: unknown)

2019-04-22 16:37:21 - [TEST_STEP][FAILED] - click: Unable to click on object 'Object Repository/Page_KiboPush  Dashboard/span_Polls' (Root cause: com.kms.katalon.core.webui.exception.BrowserNotOpenedException: Browser is not opened
Build info: version: '3.7.1', revision: '8a0099a', time: '2017-11-06T21:07:36.161Z'
System info: host: 'DESKTOP-4M6R1V0', ip: '10.0.2.15', os.name: 'Windows 10', os.arch: 'amd64', os.version: '10.0', java.version: '1.8.0_181'
Driver info: driver.version: unknown)

2019-04-22 16:37:21 - [MESSAGE][WARNING] - Cannot take screenshot

2019-04-22 16:37:21 - [MESSAGE][FAILED] - Unable to click on object 'Object Repository/Page_KiboPush  Dashboard/span_Polls' (Root cause: com.kms.katalon.core.webui.exception.BrowserNotOpenedException: Browser is not opened
Build info: version: '3.7.1', revision: '8a0099a', time: '2017-11-06T21:07:36.161Z'
System info: host: 'DESKTOP-4M6R1V0', ip: '10.0.2.15', os.name: 'Windows 10', os.arch: 'amd64', os.version: '10.0', java.version: '1.8.0_181'
Driver info: driver.version: unknown)

2019-04-22 16:37:21 - [MESSAGE][FAILED] - Unable to call Test Case with id 'Test Cases/s-sidebar_navigation/individualAccount/broadcast' (Root cause: Call Test Case 'Test Cases/s-sidebar_navigation/individualAccount/broadcast' failed)

2019-04-22 16:37:21 - [MESSAGE][FAILED] - Unable to call Test Case with id 'Test Cases/s-sidebar_navigation/TeamAccount/Broadcasts' (Root cause: Call Test Case 'Test Cases/s-sidebar_navigation/TeamAccount/Broadcasts' failed)

2019-04-22 16:37:21 - [MESSAGE][FAILED] - Unable to call Test Case with id 'Test Cases/Broadcasts/TC0150' (Root cause: Call Test Case 'Test Cases/Broadcasts/TC0150' failed)]]></system-out>
         <system-err><![CDATA[2019-04-22 16:37:19 - [TEST_CASE][FAILED] - Test Cases/Broadcasts/TC0155: Test Cases/Broadcasts/TC0155 FAILED because (of) Unable to click on object 'Object Repository/Page_KiboPush  Dashboard/span_Polls' (Root cause: com.kms.katalon.core.webui.exception.BrowserNotOpenedException: Browser is not opened
Build info: version: '3.7.1', revision: '8a0099a', time: '2017-11-06T21:07:36.161Z'
System info: host: 'DESKTOP-4M6R1V0', ip: '10.0.2.15', os.name: 'Windows 10', os.arch: 'amd64', os.version: '10.0', java.version: '1.8.0_181'
Driver info: driver.version: unknown)]]></system-err>
      </testcase>
      <testcase name="Test Cases/Broadcasts/TC0156" classname="Test Cases/Broadcasts/TC0156" status="FAILED">
         <failure type="FAILED" message="Unable to click on object 'Object Repository/Page_KiboPush  Dashboard/span_Polls' (Root cause: com.kms.katalon.core.webui.exception.BrowserNotOpenedException: Browser is not opened
Build info: version: '3.7.1', revision: '8a0099a', time: '2017-11-06T21:07:36.161Z'
System info: host: 'DESKTOP-4M6R1V0', ip: '10.0.2.15', os.name: 'Windows 10', os.arch: 'amd64', os.version: '10.0', java.version: '1.8.0_181'
Driver info: driver.version: unknown)"/>
         <system-out><![CDATA[2019-04-22 16:37:21 - [TEST_CASE][FAILED] - Test Cases/Broadcasts/TC0156: Test Cases/Broadcasts/TC0156 FAILED because (of) Unable to click on object 'Object Repository/Page_KiboPush  Dashboard/span_Polls' (Root cause: com.kms.katalon.core.webui.exception.BrowserNotOpenedException: Browser is not opened
Build info: version: '3.7.1', revision: '8a0099a', time: '2017-11-06T21:07:36.161Z'
System info: host: 'DESKTOP-4M6R1V0', ip: '10.0.2.15', os.name: 'Windows 10', os.arch: 'amd64', os.version: '10.0', java.version: '1.8.0_181'
Driver info: driver.version: unknown)

2019-04-22 16:37:22 - [TEST_STEP][FAILED] - callTestCase: Unable to call Test Case with id 'Test Cases/Broadcasts/TC0150' (Root cause: Call Test Case 'Test Cases/Broadcasts/TC0150' failed)

2019-04-22 16:37:22 - [TEST_CASE][FAILED] - Test Cases/Broadcasts/TC0150: Test Cases/Broadcasts/TC0150 FAILED because (of) Unable to click on object 'Object Repository/Page_KiboPush  Dashboard/span_Polls' (Root cause: com.kms.katalon.core.webui.exception.BrowserNotOpenedException: Browser is not opened
Build info: version: '3.7.1', revision: '8a0099a', time: '2017-11-06T21:07:36.161Z'
System info: host: 'DESKTOP-4M6R1V0', ip: '10.0.2.15', os.name: 'Windows 10', os.arch: 'amd64', os.version: '10.0', java.version: '1.8.0_181'
Driver info: driver.version: unknown)

2019-04-22 16:37:22 - [TEST_STEP][FAILED] - callTestCase: Unable to call Test Case with id 'Test Cases/s-sidebar_navigation/TeamAccount/Broadcasts' (Root cause: Call Test Case 'Test Cases/s-sidebar_navigation/TeamAccount/Broadcasts' failed)

2019-04-22 16:37:23 - [TEST_CASE][FAILED] - Test Cases/s-sidebar_navigation/TeamAccount/Broadcasts: Test Cases/s-sidebar_navigation/TeamAccount/Broadcasts FAILED because (of) Unable to click on object 'Object Repository/Page_KiboPush  Dashboard/span_Polls' (Root cause: com.kms.katalon.core.webui.exception.BrowserNotOpenedException: Browser is not opened
Build info: version: '3.7.1', revision: '8a0099a', time: '2017-11-06T21:07:36.161Z'
System info: host: 'DESKTOP-4M6R1V0', ip: '10.0.2.15', os.name: 'Windows 10', os.arch: 'amd64', os.version: '10.0', java.version: '1.8.0_181'
Driver info: driver.version: unknown)

2019-04-22 16:37:23 - [TEST_STEP][FAILED] - callTestCase: Unable to call Test Case with id 'Test Cases/s-sidebar_navigation/individualAccount/broadcast' (Root cause: Call Test Case 'Test Cases/s-sidebar_navigation/individualAccount/broadcast' failed)

2019-04-22 16:37:23 - [TEST_CASE][FAILED] - Test Cases/s-sidebar_navigation/individualAccount/broadcast: Test Cases/s-sidebar_navigation/individualAccount/broadcast FAILED because (of) Unable to click on object 'Object Repository/Page_KiboPush  Dashboard/span_Polls' (Root cause: com.kms.katalon.core.webui.exception.BrowserNotOpenedException: Browser is not opened
Build info: version: '3.7.1', revision: '8a0099a', time: '2017-11-06T21:07:36.161Z'
System info: host: 'DESKTOP-4M6R1V0', ip: '10.0.2.15', os.name: 'Windows 10', os.arch: 'amd64', os.version: '10.0', java.version: '1.8.0_181'
Driver info: driver.version: unknown)

2019-04-22 16:37:23 - [TEST_STEP][FAILED] - click: Unable to click on object 'Object Repository/Page_KiboPush  Dashboard/span_Polls' (Root cause: com.kms.katalon.core.webui.exception.BrowserNotOpenedException: Browser is not opened
Build info: version: '3.7.1', revision: '8a0099a', time: '2017-11-06T21:07:36.161Z'
System info: host: 'DESKTOP-4M6R1V0', ip: '10.0.2.15', os.name: 'Windows 10', os.arch: 'amd64', os.version: '10.0', java.version: '1.8.0_181'
Driver info: driver.version: unknown)

2019-04-22 16:37:23 - [MESSAGE][WARNING] - Cannot take screenshot

2019-04-22 16:37:23 - [MESSAGE][FAILED] - Unable to click on object 'Object Repository/Page_KiboPush  Dashboard/span_Polls' (Root cause: com.kms.katalon.core.webui.exception.BrowserNotOpenedException: Browser is not opened
Build info: version: '3.7.1', revision: '8a0099a', time: '2017-11-06T21:07:36.161Z'
System info: host: 'DESKTOP-4M6R1V0', ip: '10.0.2.15', os.name: 'Windows 10', os.arch: 'amd64', os.version: '10.0', java.version: '1.8.0_181'
Driver info: driver.version: unknown)

2019-04-22 16:37:23 - [MESSAGE][FAILED] - Unable to call Test Case with id 'Test Cases/s-sidebar_navigation/individualAccount/broadcast' (Root cause: Call Test Case 'Test Cases/s-sidebar_navigation/individualAccount/broadcast' failed)

2019-04-22 16:37:23 - [MESSAGE][FAILED] - Unable to call Test Case with id 'Test Cases/s-sidebar_navigation/TeamAccount/Broadcasts' (Root cause: Call Test Case 'Test Cases/s-sidebar_navigation/TeamAccount/Broadcasts' failed)

2019-04-22 16:37:23 - [MESSAGE][FAILED] - Unable to call Test Case with id 'Test Cases/Broadcasts/TC0150' (Root cause: Call Test Case 'Test Cases/Broadcasts/TC0150' failed)]]></system-out>
         <system-err><![CDATA[2019-04-22 16:37:21 - [TEST_CASE][FAILED] - Test Cases/Broadcasts/TC0156: Test Cases/Broadcasts/TC0156 FAILED because (of) Unable to click on object 'Object Repository/Page_KiboPush  Dashboard/span_Polls' (Root cause: com.kms.katalon.core.webui.exception.BrowserNotOpenedException: Browser is not opened
Build info: version: '3.7.1', revision: '8a0099a', time: '2017-11-06T21:07:36.161Z'
System info: host: 'DESKTOP-4M6R1V0', ip: '10.0.2.15', os.name: 'Windows 10', os.arch: 'amd64', os.version: '10.0', java.version: '1.8.0_181'
Driver info: driver.version: unknown)]]></system-err>
      </testcase>
      <testcase name="Test Cases/Broadcasts/TC0157" classname="Test Cases/Broadcasts/TC0157" status="FAILED">
         <failure type="FAILED" message="Unable to click on object 'Object Repository/Page_KiboPush  Dashboard/span_Polls' (Root cause: com.kms.katalon.core.webui.exception.BrowserNotOpenedException: Browser is not opened
Build info: version: '3.7.1', revision: '8a0099a', time: '2017-11-06T21:07:36.161Z'
System info: host: 'DESKTOP-4M6R1V0', ip: '10.0.2.15', os.name: 'Windows 10', os.arch: 'amd64', os.version: '10.0', java.version: '1.8.0_181'
Driver info: driver.version: unknown)"/>
         <system-out><![CDATA[2019-04-22 16:37:23 - [TEST_CASE][FAILED] - Test Cases/Broadcasts/TC0157: Test Cases/Broadcasts/TC0157 FAILED because (of) Unable to click on object 'Object Repository/Page_KiboPush  Dashboard/span_Polls' (Root cause: com.kms.katalon.core.webui.exception.BrowserNotOpenedException: Browser is not opened
Build info: version: '3.7.1', revision: '8a0099a', time: '2017-11-06T21:07:36.161Z'
System info: host: 'DESKTOP-4M6R1V0', ip: '10.0.2.15', os.name: 'Windows 10', os.arch: 'amd64', os.version: '10.0', java.version: '1.8.0_181'
Driver info: driver.version: unknown)

2019-04-22 16:37:25 - [TEST_STEP][FAILED] - callTestCase: Unable to call Test Case with id 'Test Cases/Broadcasts/TC0150' (Root cause: Call Test Case 'Test Cases/Broadcasts/TC0150' failed)

2019-04-22 16:37:25 - [TEST_CASE][FAILED] - Test Cases/Broadcasts/TC0150: Test Cases/Broadcasts/TC0150 FAILED because (of) Unable to click on object 'Object Repository/Page_KiboPush  Dashboard/span_Polls' (Root cause: com.kms.katalon.core.webui.exception.BrowserNotOpenedException: Browser is not opened
Build info: version: '3.7.1', revision: '8a0099a', time: '2017-11-06T21:07:36.161Z'
System info: host: 'DESKTOP-4M6R1V0', ip: '10.0.2.15', os.name: 'Windows 10', os.arch: 'amd64', os.version: '10.0', java.version: '1.8.0_181'
Driver info: driver.version: unknown)

2019-04-22 16:37:25 - [TEST_STEP][FAILED] - callTestCase: Unable to call Test Case with id 'Test Cases/s-sidebar_navigation/TeamAccount/Broadcasts' (Root cause: Call Test Case 'Test Cases/s-sidebar_navigation/TeamAccount/Broadcasts' failed)

2019-04-22 16:37:25 - [TEST_CASE][FAILED] - Test Cases/s-sidebar_navigation/TeamAccount/Broadcasts: Test Cases/s-sidebar_navigation/TeamAccount/Broadcasts FAILED because (of) Unable to click on object 'Object Repository/Page_KiboPush  Dashboard/span_Polls' (Root cause: com.kms.katalon.core.webui.exception.BrowserNotOpenedException: Browser is not opened
Build info: version: '3.7.1', revision: '8a0099a', time: '2017-11-06T21:07:36.161Z'
System info: host: 'DESKTOP-4M6R1V0', ip: '10.0.2.15', os.name: 'Windows 10', os.arch: 'amd64', os.version: '10.0', java.version: '1.8.0_181'
Driver info: driver.version: unknown)

2019-04-22 16:37:25 - [TEST_STEP][FAILED] - callTestCase: Unable to call Test Case with id 'Test Cases/s-sidebar_navigation/individualAccount/broadcast' (Root cause: Call Test Case 'Test Cases/s-sidebar_navigation/individualAccount/broadcast' failed)

2019-04-22 16:37:25 - [TEST_CASE][FAILED] - Test Cases/s-sidebar_navigation/individualAccount/broadcast: Test Cases/s-sidebar_navigation/individualAccount/broadcast FAILED because (of) Unable to click on object 'Object Repository/Page_KiboPush  Dashboard/span_Polls' (Root cause: com.kms.katalon.core.webui.exception.BrowserNotOpenedException: Browser is not opened
Build info: version: '3.7.1', revision: '8a0099a', time: '2017-11-06T21:07:36.161Z'
System info: host: 'DESKTOP-4M6R1V0', ip: '10.0.2.15', os.name: 'Windows 10', os.arch: 'amd64', os.version: '10.0', java.version: '1.8.0_181'
Driver info: driver.version: unknown)

2019-04-22 16:37:25 - [TEST_STEP][FAILED] - click: Unable to click on object 'Object Repository/Page_KiboPush  Dashboard/span_Polls' (Root cause: com.kms.katalon.core.webui.exception.BrowserNotOpenedException: Browser is not opened
Build info: version: '3.7.1', revision: '8a0099a', time: '2017-11-06T21:07:36.161Z'
System info: host: 'DESKTOP-4M6R1V0', ip: '10.0.2.15', os.name: 'Windows 10', os.arch: 'amd64', os.version: '10.0', java.version: '1.8.0_181'
Driver info: driver.version: unknown)

2019-04-22 16:37:25 - [MESSAGE][WARNING] - Cannot take screenshot

2019-04-22 16:37:25 - [MESSAGE][FAILED] - Unable to click on object 'Object Repository/Page_KiboPush  Dashboard/span_Polls' (Root cause: com.kms.katalon.core.webui.exception.BrowserNotOpenedException: Browser is not opened
Build info: version: '3.7.1', revision: '8a0099a', time: '2017-11-06T21:07:36.161Z'
System info: host: 'DESKTOP-4M6R1V0', ip: '10.0.2.15', os.name: 'Windows 10', os.arch: 'amd64', os.version: '10.0', java.version: '1.8.0_181'
Driver info: driver.version: unknown)

2019-04-22 16:37:25 - [MESSAGE][FAILED] - Unable to call Test Case with id 'Test Cases/s-sidebar_navigation/individualAccount/broadcast' (Root cause: Call Test Case 'Test Cases/s-sidebar_navigation/individualAccount/broadcast' failed)

2019-04-22 16:37:25 - [MESSAGE][FAILED] - Unable to call Test Case with id 'Test Cases/s-sidebar_navigation/TeamAccount/Broadcasts' (Root cause: Call Test Case 'Test Cases/s-sidebar_navigation/TeamAccount/Broadcasts' failed)

2019-04-22 16:37:25 - [MESSAGE][FAILED] - Unable to call Test Case with id 'Test Cases/Broadcasts/TC0150' (Root cause: Call Test Case 'Test Cases/Broadcasts/TC0150' failed)]]></system-out>
         <system-err><![CDATA[2019-04-22 16:37:23 - [TEST_CASE][FAILED] - Test Cases/Broadcasts/TC0157: Test Cases/Broadcasts/TC0157 FAILED because (of) Unable to click on object 'Object Repository/Page_KiboPush  Dashboard/span_Polls' (Root cause: com.kms.katalon.core.webui.exception.BrowserNotOpenedException: Browser is not opened
Build info: version: '3.7.1', revision: '8a0099a', time: '2017-11-06T21:07:36.161Z'
System info: host: 'DESKTOP-4M6R1V0', ip: '10.0.2.15', os.name: 'Windows 10', os.arch: 'amd64', os.version: '10.0', java.version: '1.8.0_181'
Driver info: driver.version: unknown)]]></system-err>
      </testcase>
      <testcase name="Test Cases/Broadcasts/TC0160" classname="Test Cases/Broadcasts/TC0160" status="FAILED">
         <failure type="FAILED" message="Unable to click on object 'Object Repository/Page_KiboPush  Dashboard/span_Polls' (Root cause: com.kms.katalon.core.webui.exception.BrowserNotOpenedException: Browser is not opened
Build info: version: '3.7.1', revision: '8a0099a', time: '2017-11-06T21:07:36.161Z'
System info: host: 'DESKTOP-4M6R1V0', ip: '10.0.2.15', os.name: 'Windows 10', os.arch: 'amd64', os.version: '10.0', java.version: '1.8.0_181'
Driver info: driver.version: unknown)"/>
         <system-out><![CDATA[2019-04-22 16:37:25 - [TEST_CASE][FAILED] - Test Cases/Broadcasts/TC0160: Test Cases/Broadcasts/TC0160 FAILED because (of) Unable to click on object 'Object Repository/Page_KiboPush  Dashboard/span_Polls' (Root cause: com.kms.katalon.core.webui.exception.BrowserNotOpenedException: Browser is not opened
Build info: version: '3.7.1', revision: '8a0099a', time: '2017-11-06T21:07:36.161Z'
System info: host: 'DESKTOP-4M6R1V0', ip: '10.0.2.15', os.name: 'Windows 10', os.arch: 'amd64', os.version: '10.0', java.version: '1.8.0_181'
Driver info: driver.version: unknown)

2019-04-22 16:37:26 - [TEST_STEP][FAILED] - callTestCase: Unable to call Test Case with id 'Test Cases/Broadcasts/TC0150' (Root cause: Call Test Case 'Test Cases/Broadcasts/TC0150' failed)

2019-04-22 16:37:27 - [TEST_CASE][FAILED] - Test Cases/Broadcasts/TC0150: Test Cases/Broadcasts/TC0150 FAILED because (of) Unable to click on object 'Object Repository/Page_KiboPush  Dashboard/span_Polls' (Root cause: com.kms.katalon.core.webui.exception.BrowserNotOpenedException: Browser is not opened
Build info: version: '3.7.1', revision: '8a0099a', time: '2017-11-06T21:07:36.161Z'
System info: host: 'DESKTOP-4M6R1V0', ip: '10.0.2.15', os.name: 'Windows 10', os.arch: 'amd64', os.version: '10.0', java.version: '1.8.0_181'
Driver info: driver.version: unknown)

2019-04-22 16:37:27 - [TEST_STEP][FAILED] - callTestCase: Unable to call Test Case with id 'Test Cases/s-sidebar_navigation/TeamAccount/Broadcasts' (Root cause: Call Test Case 'Test Cases/s-sidebar_navigation/TeamAccount/Broadcasts' failed)

2019-04-22 16:37:28 - [TEST_CASE][FAILED] - Test Cases/s-sidebar_navigation/TeamAccount/Broadcasts: Test Cases/s-sidebar_navigation/TeamAccount/Broadcasts FAILED because (of) Unable to click on object 'Object Repository/Page_KiboPush  Dashboard/span_Polls' (Root cause: com.kms.katalon.core.webui.exception.BrowserNotOpenedException: Browser is not opened
Build info: version: '3.7.1', revision: '8a0099a', time: '2017-11-06T21:07:36.161Z'
System info: host: 'DESKTOP-4M6R1V0', ip: '10.0.2.15', os.name: 'Windows 10', os.arch: 'amd64', os.version: '10.0', java.version: '1.8.0_181'
Driver info: driver.version: unknown)

2019-04-22 16:37:28 - [TEST_STEP][FAILED] - callTestCase: Unable to call Test Case with id 'Test Cases/s-sidebar_navigation/individualAccount/broadcast' (Root cause: Call Test Case 'Test Cases/s-sidebar_navigation/individualAccount/broadcast' failed)

2019-04-22 16:37:28 - [TEST_CASE][FAILED] - Test Cases/s-sidebar_navigation/individualAccount/broadcast: Test Cases/s-sidebar_navigation/individualAccount/broadcast FAILED because (of) Unable to click on object 'Object Repository/Page_KiboPush  Dashboard/span_Polls' (Root cause: com.kms.katalon.core.webui.exception.BrowserNotOpenedException: Browser is not opened
Build info: version: '3.7.1', revision: '8a0099a', time: '2017-11-06T21:07:36.161Z'
System info: host: 'DESKTOP-4M6R1V0', ip: '10.0.2.15', os.name: 'Windows 10', os.arch: 'amd64', os.version: '10.0', java.version: '1.8.0_181'
Driver info: driver.version: unknown)

2019-04-22 16:37:28 - [TEST_STEP][FAILED] - click: Unable to click on object 'Object Repository/Page_KiboPush  Dashboard/span_Polls' (Root cause: com.kms.katalon.core.webui.exception.BrowserNotOpenedException: Browser is not opened
Build info: version: '3.7.1', revision: '8a0099a', time: '2017-11-06T21:07:36.161Z'
System info: host: 'DESKTOP-4M6R1V0', ip: '10.0.2.15', os.name: 'Windows 10', os.arch: 'amd64', os.version: '10.0', java.version: '1.8.0_181'
Driver info: driver.version: unknown)

2019-04-22 16:37:28 - [MESSAGE][WARNING] - Cannot take screenshot

2019-04-22 16:37:28 - [MESSAGE][FAILED] - Unable to click on object 'Object Repository/Page_KiboPush  Dashboard/span_Polls' (Root cause: com.kms.katalon.core.webui.exception.BrowserNotOpenedException: Browser is not opened
Build info: version: '3.7.1', revision: '8a0099a', time: '2017-11-06T21:07:36.161Z'
System info: host: 'DESKTOP-4M6R1V0', ip: '10.0.2.15', os.name: 'Windows 10', os.arch: 'amd64', os.version: '10.0', java.version: '1.8.0_181'
Driver info: driver.version: unknown)

2019-04-22 16:37:28 - [MESSAGE][FAILED] - Unable to call Test Case with id 'Test Cases/s-sidebar_navigation/individualAccount/broadcast' (Root cause: Call Test Case 'Test Cases/s-sidebar_navigation/individualAccount/broadcast' failed)

2019-04-22 16:37:28 - [MESSAGE][FAILED] - Unable to call Test Case with id 'Test Cases/s-sidebar_navigation/TeamAccount/Broadcasts' (Root cause: Call Test Case 'Test Cases/s-sidebar_navigation/TeamAccount/Broadcasts' failed)

2019-04-22 16:37:28 - [MESSAGE][FAILED] - Unable to call Test Case with id 'Test Cases/Broadcasts/TC0150' (Root cause: Call Test Case 'Test Cases/Broadcasts/TC0150' failed)]]></system-out>
         <system-err><![CDATA[2019-04-22 16:37:25 - [TEST_CASE][FAILED] - Test Cases/Broadcasts/TC0160: Test Cases/Broadcasts/TC0160 FAILED because (of) Unable to click on object 'Object Repository/Page_KiboPush  Dashboard/span_Polls' (Root cause: com.kms.katalon.core.webui.exception.BrowserNotOpenedException: Browser is not opened
Build info: version: '3.7.1', revision: '8a0099a', time: '2017-11-06T21:07:36.161Z'
System info: host: 'DESKTOP-4M6R1V0', ip: '10.0.2.15', os.name: 'Windows 10', os.arch: 'amd64', os.version: '10.0', java.version: '1.8.0_181'
Driver info: driver.version: unknown)]]></system-err>
      </testcase>
      <testcase name="Test Cases/Broadcasts/TC0161" classname="Test Cases/Broadcasts/TC0161" status="FAILED">
         <failure type="FAILED" message="Unable to click on object 'Object Repository/Page_KiboPush  Dashboard/span_Polls' (Root cause: com.kms.katalon.core.webui.exception.BrowserNotOpenedException: Browser is not opened
Build info: version: '3.7.1', revision: '8a0099a', time: '2017-11-06T21:07:36.161Z'
System info: host: 'DESKTOP-4M6R1V0', ip: '10.0.2.15', os.name: 'Windows 10', os.arch: 'amd64', os.version: '10.0', java.version: '1.8.0_181'
Driver info: driver.version: unknown)"/>
         <system-out><![CDATA[2019-04-22 16:37:28 - [TEST_CASE][FAILED] - Test Cases/Broadcasts/TC0161: Test Cases/Broadcasts/TC0161 FAILED because (of) Unable to click on object 'Object Repository/Page_KiboPush  Dashboard/span_Polls' (Root cause: com.kms.katalon.core.webui.exception.BrowserNotOpenedException: Browser is not opened
Build info: version: '3.7.1', revision: '8a0099a', time: '2017-11-06T21:07:36.161Z'
System info: host: 'DESKTOP-4M6R1V0', ip: '10.0.2.15', os.name: 'Windows 10', os.arch: 'amd64', os.version: '10.0', java.version: '1.8.0_181'
Driver info: driver.version: unknown)

2019-04-22 16:37:31 - [TEST_STEP][FAILED] - callTestCase: Unable to call Test Case with id 'Test Cases/Broadcasts/TC0150' (Root cause: Call Test Case 'Test Cases/Broadcasts/TC0150' failed)

2019-04-22 16:37:31 - [TEST_CASE][FAILED] - Test Cases/Broadcasts/TC0150: Test Cases/Broadcasts/TC0150 FAILED because (of) Unable to click on object 'Object Repository/Page_KiboPush  Dashboard/span_Polls' (Root cause: com.kms.katalon.core.webui.exception.BrowserNotOpenedException: Browser is not opened
Build info: version: '3.7.1', revision: '8a0099a', time: '2017-11-06T21:07:36.161Z'
System info: host: 'DESKTOP-4M6R1V0', ip: '10.0.2.15', os.name: 'Windows 10', os.arch: 'amd64', os.version: '10.0', java.version: '1.8.0_181'
Driver info: driver.version: unknown)

2019-04-22 16:37:31 - [TEST_STEP][FAILED] - callTestCase: Unable to call Test Case with id 'Test Cases/s-sidebar_navigation/TeamAccount/Broadcasts' (Root cause: Call Test Case 'Test Cases/s-sidebar_navigation/TeamAccount/Broadcasts' failed)

2019-04-22 16:37:31 - [TEST_CASE][FAILED] - Test Cases/s-sidebar_navigation/TeamAccount/Broadcasts: Test Cases/s-sidebar_navigation/TeamAccount/Broadcasts FAILED because (of) Unable to click on object 'Object Repository/Page_KiboPush  Dashboard/span_Polls' (Root cause: com.kms.katalon.core.webui.exception.BrowserNotOpenedException: Browser is not opened
Build info: version: '3.7.1', revision: '8a0099a', time: '2017-11-06T21:07:36.161Z'
System info: host: 'DESKTOP-4M6R1V0', ip: '10.0.2.15', os.name: 'Windows 10', os.arch: 'amd64', os.version: '10.0', java.version: '1.8.0_181'
Driver info: driver.version: unknown)

2019-04-22 16:37:31 - [TEST_STEP][FAILED] - callTestCase: Unable to call Test Case with id 'Test Cases/s-sidebar_navigation/individualAccount/broadcast' (Root cause: Call Test Case 'Test Cases/s-sidebar_navigation/individualAccount/broadcast' failed)

2019-04-22 16:37:31 - [TEST_CASE][FAILED] - Test Cases/s-sidebar_navigation/individualAccount/broadcast: Test Cases/s-sidebar_navigation/individualAccount/broadcast FAILED because (of) Unable to click on object 'Object Repository/Page_KiboPush  Dashboard/span_Polls' (Root cause: com.kms.katalon.core.webui.exception.BrowserNotOpenedException: Browser is not opened
Build info: version: '3.7.1', revision: '8a0099a', time: '2017-11-06T21:07:36.161Z'
System info: host: 'DESKTOP-4M6R1V0', ip: '10.0.2.15', os.name: 'Windows 10', os.arch: 'amd64', os.version: '10.0', java.version: '1.8.0_181'
Driver info: driver.version: unknown)

2019-04-22 16:37:31 - [TEST_STEP][FAILED] - click: Unable to click on object 'Object Repository/Page_KiboPush  Dashboard/span_Polls' (Root cause: com.kms.katalon.core.webui.exception.BrowserNotOpenedException: Browser is not opened
Build info: version: '3.7.1', revision: '8a0099a', time: '2017-11-06T21:07:36.161Z'
System info: host: 'DESKTOP-4M6R1V0', ip: '10.0.2.15', os.name: 'Windows 10', os.arch: 'amd64', os.version: '10.0', java.version: '1.8.0_181'
Driver info: driver.version: unknown)

2019-04-22 16:37:31 - [MESSAGE][WARNING] - Cannot take screenshot

2019-04-22 16:37:31 - [MESSAGE][FAILED] - Unable to click on object 'Object Repository/Page_KiboPush  Dashboard/span_Polls' (Root cause: com.kms.katalon.core.webui.exception.BrowserNotOpenedException: Browser is not opened
Build info: version: '3.7.1', revision: '8a0099a', time: '2017-11-06T21:07:36.161Z'
System info: host: 'DESKTOP-4M6R1V0', ip: '10.0.2.15', os.name: 'Windows 10', os.arch: 'amd64', os.version: '10.0', java.version: '1.8.0_181'
Driver info: driver.version: unknown)

2019-04-22 16:37:31 - [MESSAGE][FAILED] - Unable to call Test Case with id 'Test Cases/s-sidebar_navigation/individualAccount/broadcast' (Root cause: Call Test Case 'Test Cases/s-sidebar_navigation/individualAccount/broadcast' failed)

2019-04-22 16:37:31 - [MESSAGE][FAILED] - Unable to call Test Case with id 'Test Cases/s-sidebar_navigation/TeamAccount/Broadcasts' (Root cause: Call Test Case 'Test Cases/s-sidebar_navigation/TeamAccount/Broadcasts' failed)

2019-04-22 16:37:31 - [MESSAGE][FAILED] - Unable to call Test Case with id 'Test Cases/Broadcasts/TC0150' (Root cause: Call Test Case 'Test Cases/Broadcasts/TC0150' failed)]]></system-out>
         <system-err><![CDATA[2019-04-22 16:37:28 - [TEST_CASE][FAILED] - Test Cases/Broadcasts/TC0161: Test Cases/Broadcasts/TC0161 FAILED because (of) Unable to click on object 'Object Repository/Page_KiboPush  Dashboard/span_Polls' (Root cause: com.kms.katalon.core.webui.exception.BrowserNotOpenedException: Browser is not opened
Build info: version: '3.7.1', revision: '8a0099a', time: '2017-11-06T21:07:36.161Z'
System info: host: 'DESKTOP-4M6R1V0', ip: '10.0.2.15', os.name: 'Windows 10', os.arch: 'amd64', os.version: '10.0', java.version: '1.8.0_181'
Driver info: driver.version: unknown)]]></system-err>
      </testcase>
      <testcase name="Test Cases/Broadcasts/TC0163" classname="Test Cases/Broadcasts/TC0163" status="FAILED">
         <failure type="FAILED" message="Unable to click on object 'Object Repository/Page_KiboPush  Dashboard/span_Polls' (Root cause: com.kms.katalon.core.webui.exception.BrowserNotOpenedException: Browser is not opened
Build info: version: '3.7.1', revision: '8a0099a', time: '2017-11-06T21:07:36.161Z'
System info: host: 'DESKTOP-4M6R1V0', ip: '10.0.2.15', os.name: 'Windows 10', os.arch: 'amd64', os.version: '10.0', java.version: '1.8.0_181'
Driver info: driver.version: unknown)"/>
         <system-out><![CDATA[2019-04-22 16:37:31 - [TEST_CASE][FAILED] - Test Cases/Broadcasts/TC0163: Test Cases/Broadcasts/TC0163 FAILED because (of) Unable to click on object 'Object Repository/Page_KiboPush  Dashboard/span_Polls' (Root cause: com.kms.katalon.core.webui.exception.BrowserNotOpenedException: Browser is not opened
Build info: version: '3.7.1', revision: '8a0099a', time: '2017-11-06T21:07:36.161Z'
System info: host: 'DESKTOP-4M6R1V0', ip: '10.0.2.15', os.name: 'Windows 10', os.arch: 'amd64', os.version: '10.0', java.version: '1.8.0_181'
Driver info: driver.version: unknown)

2019-04-22 16:37:33 - [TEST_STEP][FAILED] - callTestCase: Unable to call Test Case with id 'Test Cases/s-sidebar_navigation/TeamAccount/Broadcasts' (Root cause: Call Test Case 'Test Cases/s-sidebar_navigation/TeamAccount/Broadcasts' failed)

2019-04-22 16:37:34 - [TEST_CASE][FAILED] - Test Cases/s-sidebar_navigation/TeamAccount/Broadcasts: Test Cases/s-sidebar_navigation/TeamAccount/Broadcasts FAILED because (of) Unable to click on object 'Object Repository/Page_KiboPush  Dashboard/span_Polls' (Root cause: com.kms.katalon.core.webui.exception.BrowserNotOpenedException: Browser is not opened
Build info: version: '3.7.1', revision: '8a0099a', time: '2017-11-06T21:07:36.161Z'
System info: host: 'DESKTOP-4M6R1V0', ip: '10.0.2.15', os.name: 'Windows 10', os.arch: 'amd64', os.version: '10.0', java.version: '1.8.0_181'
Driver info: driver.version: unknown)

2019-04-22 16:37:34 - [TEST_STEP][FAILED] - callTestCase: Unable to call Test Case with id 'Test Cases/s-sidebar_navigation/individualAccount/broadcast' (Root cause: Call Test Case 'Test Cases/s-sidebar_navigation/individualAccount/broadcast' failed)

2019-04-22 16:37:34 - [TEST_CASE][FAILED] - Test Cases/s-sidebar_navigation/individualAccount/broadcast: Test Cases/s-sidebar_navigation/individualAccount/broadcast FAILED because (of) Unable to click on object 'Object Repository/Page_KiboPush  Dashboard/span_Polls' (Root cause: com.kms.katalon.core.webui.exception.BrowserNotOpenedException: Browser is not opened
Build info: version: '3.7.1', revision: '8a0099a', time: '2017-11-06T21:07:36.161Z'
System info: host: 'DESKTOP-4M6R1V0', ip: '10.0.2.15', os.name: 'Windows 10', os.arch: 'amd64', os.version: '10.0', java.version: '1.8.0_181'
Driver info: driver.version: unknown)

2019-04-22 16:37:34 - [TEST_STEP][FAILED] - click: Unable to click on object 'Object Repository/Page_KiboPush  Dashboard/span_Polls' (Root cause: com.kms.katalon.core.webui.exception.BrowserNotOpenedException: Browser is not opened
Build info: version: '3.7.1', revision: '8a0099a', time: '2017-11-06T21:07:36.161Z'
System info: host: 'DESKTOP-4M6R1V0', ip: '10.0.2.15', os.name: 'Windows 10', os.arch: 'amd64', os.version: '10.0', java.version: '1.8.0_181'
Driver info: driver.version: unknown)

2019-04-22 16:37:34 - [MESSAGE][WARNING] - Cannot take screenshot

2019-04-22 16:37:34 - [MESSAGE][FAILED] - Unable to click on object 'Object Repository/Page_KiboPush  Dashboard/span_Polls' (Root cause: com.kms.katalon.core.webui.exception.BrowserNotOpenedException: Browser is not opened
Build info: version: '3.7.1', revision: '8a0099a', time: '2017-11-06T21:07:36.161Z'
System info: host: 'DESKTOP-4M6R1V0', ip: '10.0.2.15', os.name: 'Windows 10', os.arch: 'amd64', os.version: '10.0', java.version: '1.8.0_181'
Driver info: driver.version: unknown)

2019-04-22 16:37:34 - [MESSAGE][FAILED] - Unable to call Test Case with id 'Test Cases/s-sidebar_navigation/individualAccount/broadcast' (Root cause: Call Test Case 'Test Cases/s-sidebar_navigation/individualAccount/broadcast' failed)

2019-04-22 16:37:34 - [MESSAGE][FAILED] - Unable to call Test Case with id 'Test Cases/s-sidebar_navigation/TeamAccount/Broadcasts' (Root cause: Call Test Case 'Test Cases/s-sidebar_navigation/TeamAccount/Broadcasts' failed)]]></system-out>
         <system-err><![CDATA[2019-04-22 16:37:31 - [TEST_CASE][FAILED] - Test Cases/Broadcasts/TC0163: Test Cases/Broadcasts/TC0163 FAILED because (of) Unable to click on object 'Object Repository/Page_KiboPush  Dashboard/span_Polls' (Root cause: com.kms.katalon.core.webui.exception.BrowserNotOpenedException: Browser is not opened
Build info: version: '3.7.1', revision: '8a0099a', time: '2017-11-06T21:07:36.161Z'
System info: host: 'DESKTOP-4M6R1V0', ip: '10.0.2.15', os.name: 'Windows 10', os.arch: 'amd64', os.version: '10.0', java.version: '1.8.0_181'
Driver info: driver.version: unknown)]]></system-err>
      </testcase>
      <testcase name="Test Cases/Broadcasts/TC0164" classname="Test Cases/Broadcasts/TC0164" status="FAILED">
         <failure type="FAILED" message="Unable to click on object 'Object Repository/Page_KiboPush  Dashboard/span_Polls' (Root cause: com.kms.katalon.core.webui.exception.BrowserNotOpenedException: Browser is not opened
Build info: version: '3.7.1', revision: '8a0099a', time: '2017-11-06T21:07:36.161Z'
System info: host: 'DESKTOP-4M6R1V0', ip: '10.0.2.15', os.name: 'Windows 10', os.arch: 'amd64', os.version: '10.0', java.version: '1.8.0_181'
Driver info: driver.version: unknown)"/>
         <system-out><![CDATA[2019-04-22 16:37:34 - [TEST_CASE][FAILED] - Test Cases/Broadcasts/TC0164: Test Cases/Broadcasts/TC0164 FAILED because (of) Unable to click on object 'Object Repository/Page_KiboPush  Dashboard/span_Polls' (Root cause: com.kms.katalon.core.webui.exception.BrowserNotOpenedException: Browser is not opened
Build info: version: '3.7.1', revision: '8a0099a', time: '2017-11-06T21:07:36.161Z'
System info: host: 'DESKTOP-4M6R1V0', ip: '10.0.2.15', os.name: 'Windows 10', os.arch: 'amd64', os.version: '10.0', java.version: '1.8.0_181'
Driver info: driver.version: unknown)

2019-04-22 16:37:36 - [TEST_STEP][FAILED] - callTestCase: Unable to call Test Case with id 'Test Cases/Broadcasts/TC0163' (Root cause: Call Test Case 'Test Cases/Broadcasts/TC0163' failed)

2019-04-22 16:37:36 - [TEST_CASE][FAILED] - Test Cases/Broadcasts/TC0163: Test Cases/Broadcasts/TC0163 FAILED because (of) Unable to click on object 'Object Repository/Page_KiboPush  Dashboard/span_Polls' (Root cause: com.kms.katalon.core.webui.exception.BrowserNotOpenedException: Browser is not opened
Build info: version: '3.7.1', revision: '8a0099a', time: '2017-11-06T21:07:36.161Z'
System info: host: 'DESKTOP-4M6R1V0', ip: '10.0.2.15', os.name: 'Windows 10', os.arch: 'amd64', os.version: '10.0', java.version: '1.8.0_181'
Driver info: driver.version: unknown)

2019-04-22 16:37:36 - [TEST_STEP][FAILED] - callTestCase: Unable to call Test Case with id 'Test Cases/s-sidebar_navigation/TeamAccount/Broadcasts' (Root cause: Call Test Case 'Test Cases/s-sidebar_navigation/TeamAccount/Broadcasts' failed)

2019-04-22 16:37:36 - [TEST_CASE][FAILED] - Test Cases/s-sidebar_navigation/TeamAccount/Broadcasts: Test Cases/s-sidebar_navigation/TeamAccount/Broadcasts FAILED because (of) Unable to click on object 'Object Repository/Page_KiboPush  Dashboard/span_Polls' (Root cause: com.kms.katalon.core.webui.exception.BrowserNotOpenedException: Browser is not opened
Build info: version: '3.7.1', revision: '8a0099a', time: '2017-11-06T21:07:36.161Z'
System info: host: 'DESKTOP-4M6R1V0', ip: '10.0.2.15', os.name: 'Windows 10', os.arch: 'amd64', os.version: '10.0', java.version: '1.8.0_181'
Driver info: driver.version: unknown)

2019-04-22 16:37:36 - [TEST_STEP][FAILED] - callTestCase: Unable to call Test Case with id 'Test Cases/s-sidebar_navigation/individualAccount/broadcast' (Root cause: Call Test Case 'Test Cases/s-sidebar_navigation/individualAccount/broadcast' failed)

2019-04-22 16:37:36 - [TEST_CASE][FAILED] - Test Cases/s-sidebar_navigation/individualAccount/broadcast: Test Cases/s-sidebar_navigation/individualAccount/broadcast FAILED because (of) Unable to click on object 'Object Repository/Page_KiboPush  Dashboard/span_Polls' (Root cause: com.kms.katalon.core.webui.exception.BrowserNotOpenedException: Browser is not opened
Build info: version: '3.7.1', revision: '8a0099a', time: '2017-11-06T21:07:36.161Z'
System info: host: 'DESKTOP-4M6R1V0', ip: '10.0.2.15', os.name: 'Windows 10', os.arch: 'amd64', os.version: '10.0', java.version: '1.8.0_181'
Driver info: driver.version: unknown)

2019-04-22 16:37:36 - [TEST_STEP][FAILED] - click: Unable to click on object 'Object Repository/Page_KiboPush  Dashboard/span_Polls' (Root cause: com.kms.katalon.core.webui.exception.BrowserNotOpenedException: Browser is not opened
Build info: version: '3.7.1', revision: '8a0099a', time: '2017-11-06T21:07:36.161Z'
System info: host: 'DESKTOP-4M6R1V0', ip: '10.0.2.15', os.name: 'Windows 10', os.arch: 'amd64', os.version: '10.0', java.version: '1.8.0_181'
Driver info: driver.version: unknown)

2019-04-22 16:37:36 - [MESSAGE][WARNING] - Cannot take screenshot

2019-04-22 16:37:36 - [MESSAGE][FAILED] - Unable to click on object 'Object Repository/Page_KiboPush  Dashboard/span_Polls' (Root cause: com.kms.katalon.core.webui.exception.BrowserNotOpenedException: Browser is not opened
Build info: version: '3.7.1', revision: '8a0099a', time: '2017-11-06T21:07:36.161Z'
System info: host: 'DESKTOP-4M6R1V0', ip: '10.0.2.15', os.name: 'Windows 10', os.arch: 'amd64', os.version: '10.0', java.version: '1.8.0_181'
Driver info: driver.version: unknown)

2019-04-22 16:37:36 - [MESSAGE][FAILED] - Unable to call Test Case with id 'Test Cases/s-sidebar_navigation/individualAccount/broadcast' (Root cause: Call Test Case 'Test Cases/s-sidebar_navigation/individualAccount/broadcast' failed)

2019-04-22 16:37:36 - [MESSAGE][FAILED] - Unable to call Test Case with id 'Test Cases/s-sidebar_navigation/TeamAccount/Broadcasts' (Root cause: Call Test Case 'Test Cases/s-sidebar_navigation/TeamAccount/Broadcasts' failed)

2019-04-22 16:37:36 - [MESSAGE][FAILED] - Unable to call Test Case with id 'Test Cases/Broadcasts/TC0163' (Root cause: Call Test Case 'Test Cases/Broadcasts/TC0163' failed)]]></system-out>
         <system-err><![CDATA[2019-04-22 16:37:34 - [TEST_CASE][FAILED] - Test Cases/Broadcasts/TC0164: Test Cases/Broadcasts/TC0164 FAILED because (of) Unable to click on object 'Object Repository/Page_KiboPush  Dashboard/span_Polls' (Root cause: com.kms.katalon.core.webui.exception.BrowserNotOpenedException: Browser is not opened
Build info: version: '3.7.1', revision: '8a0099a', time: '2017-11-06T21:07:36.161Z'
System info: host: 'DESKTOP-4M6R1V0', ip: '10.0.2.15', os.name: 'Windows 10', os.arch: 'amd64', os.version: '10.0', java.version: '1.8.0_181'
Driver info: driver.version: unknown)]]></system-err>
      </testcase>
      <testcase name="Test Cases/Broadcasts/TC0165" classname="Test Cases/Broadcasts/TC0165" status="FAILED">
         <failure type="FAILED" message="Unable to click on object 'Object Repository/Page_KiboPush  Dashboard/span_Polls' (Root cause: com.kms.katalon.core.webui.exception.BrowserNotOpenedException: Browser is not opened
Build info: version: '3.7.1', revision: '8a0099a', time: '2017-11-06T21:07:36.161Z'
System info: host: 'DESKTOP-4M6R1V0', ip: '10.0.2.15', os.name: 'Windows 10', os.arch: 'amd64', os.version: '10.0', java.version: '1.8.0_181'
Driver info: driver.version: unknown)"/>
         <system-out><![CDATA[2019-04-22 16:37:36 - [TEST_CASE][FAILED] - Test Cases/Broadcasts/TC0165: Test Cases/Broadcasts/TC0165 FAILED because (of) Unable to click on object 'Object Repository/Page_KiboPush  Dashboard/span_Polls' (Root cause: com.kms.katalon.core.webui.exception.BrowserNotOpenedException: Browser is not opened
Build info: version: '3.7.1', revision: '8a0099a', time: '2017-11-06T21:07:36.161Z'
System info: host: 'DESKTOP-4M6R1V0', ip: '10.0.2.15', os.name: 'Windows 10', os.arch: 'amd64', os.version: '10.0', java.version: '1.8.0_181'
Driver info: driver.version: unknown)

2019-04-22 16:37:40 - [TEST_STEP][FAILED] - callTestCase: Unable to call Test Case with id 'Test Cases/Broadcasts/TC0163' (Root cause: Call Test Case 'Test Cases/Broadcasts/TC0163' failed)

2019-04-22 16:37:40 - [TEST_CASE][FAILED] - Test Cases/Broadcasts/TC0163: Test Cases/Broadcasts/TC0163 FAILED because (of) Unable to click on object 'Object Repository/Page_KiboPush  Dashboard/span_Polls' (Root cause: com.kms.katalon.core.webui.exception.BrowserNotOpenedException: Browser is not opened
Build info: version: '3.7.1', revision: '8a0099a', time: '2017-11-06T21:07:36.161Z'
System info: host: 'DESKTOP-4M6R1V0', ip: '10.0.2.15', os.name: 'Windows 10', os.arch: 'amd64', os.version: '10.0', java.version: '1.8.0_181'
Driver info: driver.version: unknown)

2019-04-22 16:37:40 - [TEST_STEP][FAILED] - callTestCase: Unable to call Test Case with id 'Test Cases/s-sidebar_navigation/TeamAccount/Broadcasts' (Root cause: Call Test Case 'Test Cases/s-sidebar_navigation/TeamAccount/Broadcasts' failed)

2019-04-22 16:37:40 - [TEST_CASE][FAILED] - Test Cases/s-sidebar_navigation/TeamAccount/Broadcasts: Test Cases/s-sidebar_navigation/TeamAccount/Broadcasts FAILED because (of) Unable to click on object 'Object Repository/Page_KiboPush  Dashboard/span_Polls' (Root cause: com.kms.katalon.core.webui.exception.BrowserNotOpenedException: Browser is not opened
Build info: version: '3.7.1', revision: '8a0099a', time: '2017-11-06T21:07:36.161Z'
System info: host: 'DESKTOP-4M6R1V0', ip: '10.0.2.15', os.name: 'Windows 10', os.arch: 'amd64', os.version: '10.0', java.version: '1.8.0_181'
Driver info: driver.version: unknown)

2019-04-22 16:37:40 - [TEST_STEP][FAILED] - callTestCase: Unable to call Test Case with id 'Test Cases/s-sidebar_navigation/individualAccount/broadcast' (Root cause: Call Test Case 'Test Cases/s-sidebar_navigation/individualAccount/broadcast' failed)

2019-04-22 16:37:41 - [TEST_CASE][FAILED] - Test Cases/s-sidebar_navigation/individualAccount/broadcast: Test Cases/s-sidebar_navigation/individualAccount/broadcast FAILED because (of) Unable to click on object 'Object Repository/Page_KiboPush  Dashboard/span_Polls' (Root cause: com.kms.katalon.core.webui.exception.BrowserNotOpenedException: Browser is not opened
Build info: version: '3.7.1', revision: '8a0099a', time: '2017-11-06T21:07:36.161Z'
System info: host: 'DESKTOP-4M6R1V0', ip: '10.0.2.15', os.name: 'Windows 10', os.arch: 'amd64', os.version: '10.0', java.version: '1.8.0_181'
Driver info: driver.version: unknown)

2019-04-22 16:37:41 - [TEST_STEP][FAILED] - click: Unable to click on object 'Object Repository/Page_KiboPush  Dashboard/span_Polls' (Root cause: com.kms.katalon.core.webui.exception.BrowserNotOpenedException: Browser is not opened
Build info: version: '3.7.1', revision: '8a0099a', time: '2017-11-06T21:07:36.161Z'
System info: host: 'DESKTOP-4M6R1V0', ip: '10.0.2.15', os.name: 'Windows 10', os.arch: 'amd64', os.version: '10.0', java.version: '1.8.0_181'
Driver info: driver.version: unknown)

2019-04-22 16:37:41 - [MESSAGE][WARNING] - Cannot take screenshot

2019-04-22 16:37:41 - [MESSAGE][FAILED] - Unable to click on object 'Object Repository/Page_KiboPush  Dashboard/span_Polls' (Root cause: com.kms.katalon.core.webui.exception.BrowserNotOpenedException: Browser is not opened
Build info: version: '3.7.1', revision: '8a0099a', time: '2017-11-06T21:07:36.161Z'
System info: host: 'DESKTOP-4M6R1V0', ip: '10.0.2.15', os.name: 'Windows 10', os.arch: 'amd64', os.version: '10.0', java.version: '1.8.0_181'
Driver info: driver.version: unknown)

2019-04-22 16:37:41 - [MESSAGE][FAILED] - Unable to call Test Case with id 'Test Cases/s-sidebar_navigation/individualAccount/broadcast' (Root cause: Call Test Case 'Test Cases/s-sidebar_navigation/individualAccount/broadcast' failed)

2019-04-22 16:37:41 - [MESSAGE][FAILED] - Unable to call Test Case with id 'Test Cases/s-sidebar_navigation/TeamAccount/Broadcasts' (Root cause: Call Test Case 'Test Cases/s-sidebar_navigation/TeamAccount/Broadcasts' failed)

2019-04-22 16:37:41 - [MESSAGE][FAILED] - Unable to call Test Case with id 'Test Cases/Broadcasts/TC0163' (Root cause: Call Test Case 'Test Cases/Broadcasts/TC0163' failed)]]></system-out>
         <system-err><![CDATA[2019-04-22 16:37:36 - [TEST_CASE][FAILED] - Test Cases/Broadcasts/TC0165: Test Cases/Broadcasts/TC0165 FAILED because (of) Unable to click on object 'Object Repository/Page_KiboPush  Dashboard/span_Polls' (Root cause: com.kms.katalon.core.webui.exception.BrowserNotOpenedException: Browser is not opened
Build info: version: '3.7.1', revision: '8a0099a', time: '2017-11-06T21:07:36.161Z'
System info: host: 'DESKTOP-4M6R1V0', ip: '10.0.2.15', os.name: 'Windows 10', os.arch: 'amd64', os.version: '10.0', java.version: '1.8.0_181'
Driver info: driver.version: unknown)]]></system-err>
      </testcase>
      <testcase name="Test Cases/Broadcasts/TC0167" classname="Test Cases/Broadcasts/TC0167" status="FAILED">
         <failure type="FAILED" message="Unable to click on object 'Object Repository/Page_KiboPush  Dashboard/span_Polls' (Root cause: com.kms.katalon.core.webui.exception.BrowserNotOpenedException: Browser is not opened
Build info: version: '3.7.1', revision: '8a0099a', time: '2017-11-06T21:07:36.161Z'
System info: host: 'DESKTOP-4M6R1V0', ip: '10.0.2.15', os.name: 'Windows 10', os.arch: 'amd64', os.version: '10.0', java.version: '1.8.0_181'
Driver info: driver.version: unknown)"/>
         <system-out><![CDATA[2019-04-22 16:37:41 - [TEST_CASE][FAILED] - Test Cases/Broadcasts/TC0167: Test Cases/Broadcasts/TC0167 FAILED because (of) Unable to click on object 'Object Repository/Page_KiboPush  Dashboard/span_Polls' (Root cause: com.kms.katalon.core.webui.exception.BrowserNotOpenedException: Browser is not opened
Build info: version: '3.7.1', revision: '8a0099a', time: '2017-11-06T21:07:36.161Z'
System info: host: 'DESKTOP-4M6R1V0', ip: '10.0.2.15', os.name: 'Windows 10', os.arch: 'amd64', os.version: '10.0', java.version: '1.8.0_181'
Driver info: driver.version: unknown)

2019-04-22 16:37:42 - [TEST_STEP][FAILED] - callTestCase: Unable to call Test Case with id 'Test Cases/s-sidebar_navigation/TeamAccount/Broadcasts' (Root cause: Call Test Case 'Test Cases/s-sidebar_navigation/TeamAccount/Broadcasts' failed)

2019-04-22 16:37:42 - [TEST_CASE][FAILED] - Test Cases/s-sidebar_navigation/TeamAccount/Broadcasts: Test Cases/s-sidebar_navigation/TeamAccount/Broadcasts FAILED because (of) Unable to click on object 'Object Repository/Page_KiboPush  Dashboard/span_Polls' (Root cause: com.kms.katalon.core.webui.exception.BrowserNotOpenedException: Browser is not opened
Build info: version: '3.7.1', revision: '8a0099a', time: '2017-11-06T21:07:36.161Z'
System info: host: 'DESKTOP-4M6R1V0', ip: '10.0.2.15', os.name: 'Windows 10', os.arch: 'amd64', os.version: '10.0', java.version: '1.8.0_181'
Driver info: driver.version: unknown)

2019-04-22 16:37:42 - [TEST_STEP][FAILED] - callTestCase: Unable to call Test Case with id 'Test Cases/s-sidebar_navigation/individualAccount/broadcast' (Root cause: Call Test Case 'Test Cases/s-sidebar_navigation/individualAccount/broadcast' failed)

2019-04-22 16:37:42 - [TEST_CASE][FAILED] - Test Cases/s-sidebar_navigation/individualAccount/broadcast: Test Cases/s-sidebar_navigation/individualAccount/broadcast FAILED because (of) Unable to click on object 'Object Repository/Page_KiboPush  Dashboard/span_Polls' (Root cause: com.kms.katalon.core.webui.exception.BrowserNotOpenedException: Browser is not opened
Build info: version: '3.7.1', revision: '8a0099a', time: '2017-11-06T21:07:36.161Z'
System info: host: 'DESKTOP-4M6R1V0', ip: '10.0.2.15', os.name: 'Windows 10', os.arch: 'amd64', os.version: '10.0', java.version: '1.8.0_181'
Driver info: driver.version: unknown)

2019-04-22 16:37:42 - [TEST_STEP][FAILED] - click: Unable to click on object 'Object Repository/Page_KiboPush  Dashboard/span_Polls' (Root cause: com.kms.katalon.core.webui.exception.BrowserNotOpenedException: Browser is not opened
Build info: version: '3.7.1', revision: '8a0099a', time: '2017-11-06T21:07:36.161Z'
System info: host: 'DESKTOP-4M6R1V0', ip: '10.0.2.15', os.name: 'Windows 10', os.arch: 'amd64', os.version: '10.0', java.version: '1.8.0_181'
Driver info: driver.version: unknown)

2019-04-22 16:37:43 - [MESSAGE][WARNING] - Cannot take screenshot

2019-04-22 16:37:43 - [MESSAGE][FAILED] - Unable to click on object 'Object Repository/Page_KiboPush  Dashboard/span_Polls' (Root cause: com.kms.katalon.core.webui.exception.BrowserNotOpenedException: Browser is not opened
Build info: version: '3.7.1', revision: '8a0099a', time: '2017-11-06T21:07:36.161Z'
System info: host: 'DESKTOP-4M6R1V0', ip: '10.0.2.15', os.name: 'Windows 10', os.arch: 'amd64', os.version: '10.0', java.version: '1.8.0_181'
Driver info: driver.version: unknown)

2019-04-22 16:37:43 - [MESSAGE][FAILED] - Unable to call Test Case with id 'Test Cases/s-sidebar_navigation/individualAccount/broadcast' (Root cause: Call Test Case 'Test Cases/s-sidebar_navigation/individualAccount/broadcast' failed)

2019-04-22 16:37:43 - [MESSAGE][FAILED] - Unable to call Test Case with id 'Test Cases/s-sidebar_navigation/TeamAccount/Broadcasts' (Root cause: Call Test Case 'Test Cases/s-sidebar_navigation/TeamAccount/Broadcasts' failed)]]></system-out>
         <system-err><![CDATA[2019-04-22 16:37:41 - [TEST_CASE][FAILED] - Test Cases/Broadcasts/TC0167: Test Cases/Broadcasts/TC0167 FAILED because (of) Unable to click on object 'Object Repository/Page_KiboPush  Dashboard/span_Polls' (Root cause: com.kms.katalon.core.webui.exception.BrowserNotOpenedException: Browser is not opened
Build info: version: '3.7.1', revision: '8a0099a', time: '2017-11-06T21:07:36.161Z'
System info: host: 'DESKTOP-4M6R1V0', ip: '10.0.2.15', os.name: 'Windows 10', os.arch: 'amd64', os.version: '10.0', java.version: '1.8.0_181'
Driver info: driver.version: unknown)]]></system-err>
      </testcase>
      <testcase name="Test Cases/Broadcasts/TC0168" classname="Test Cases/Broadcasts/TC0168" status="FAILED">
         <failure type="FAILED" message="Unable to click on object 'Object Repository/Page_KiboPush  Dashboard/span_Polls' (Root cause: com.kms.katalon.core.webui.exception.BrowserNotOpenedException: Browser is not opened
Build info: version: '3.7.1', revision: '8a0099a', time: '2017-11-06T21:07:36.161Z'
System info: host: 'DESKTOP-4M6R1V0', ip: '10.0.2.15', os.name: 'Windows 10', os.arch: 'amd64', os.version: '10.0', java.version: '1.8.0_181'
Driver info: driver.version: unknown)"/>
         <system-out><![CDATA[2019-04-22 16:37:43 - [TEST_CASE][FAILED] - Test Cases/Broadcasts/TC0168: Test Cases/Broadcasts/TC0168 FAILED because (of) Unable to click on object 'Object Repository/Page_KiboPush  Dashboard/span_Polls' (Root cause: com.kms.katalon.core.webui.exception.BrowserNotOpenedException: Browser is not opened
Build info: version: '3.7.1', revision: '8a0099a', time: '2017-11-06T21:07:36.161Z'
System info: host: 'DESKTOP-4M6R1V0', ip: '10.0.2.15', os.name: 'Windows 10', os.arch: 'amd64', os.version: '10.0', java.version: '1.8.0_181'
Driver info: driver.version: unknown)

2019-04-22 16:37:44 - [TEST_STEP][FAILED] - callTestCase: Unable to call Test Case with id 'Test Cases/Broadcasts/TC0167' (Root cause: Call Test Case 'Test Cases/Broadcasts/TC0167' failed)

2019-04-22 16:37:44 - [TEST_CASE][FAILED] - Test Cases/Broadcasts/TC0167: Test Cases/Broadcasts/TC0167 FAILED because (of) Unable to click on object 'Object Repository/Page_KiboPush  Dashboard/span_Polls' (Root cause: com.kms.katalon.core.webui.exception.BrowserNotOpenedException: Browser is not opened
Build info: version: '3.7.1', revision: '8a0099a', time: '2017-11-06T21:07:36.161Z'
System info: host: 'DESKTOP-4M6R1V0', ip: '10.0.2.15', os.name: 'Windows 10', os.arch: 'amd64', os.version: '10.0', java.version: '1.8.0_181'
Driver info: driver.version: unknown)

2019-04-22 16:37:44 - [TEST_STEP][FAILED] - callTestCase: Unable to call Test Case with id 'Test Cases/s-sidebar_navigation/TeamAccount/Broadcasts' (Root cause: Call Test Case 'Test Cases/s-sidebar_navigation/TeamAccount/Broadcasts' failed)

2019-04-22 16:37:45 - [TEST_CASE][FAILED] - Test Cases/s-sidebar_navigation/TeamAccount/Broadcasts: Test Cases/s-sidebar_navigation/TeamAccount/Broadcasts FAILED because (of) Unable to click on object 'Object Repository/Page_KiboPush  Dashboard/span_Polls' (Root cause: com.kms.katalon.core.webui.exception.BrowserNotOpenedException: Browser is not opened
Build info: version: '3.7.1', revision: '8a0099a', time: '2017-11-06T21:07:36.161Z'
System info: host: 'DESKTOP-4M6R1V0', ip: '10.0.2.15', os.name: 'Windows 10', os.arch: 'amd64', os.version: '10.0', java.version: '1.8.0_181'
Driver info: driver.version: unknown)

2019-04-22 16:37:45 - [TEST_STEP][FAILED] - callTestCase: Unable to call Test Case with id 'Test Cases/s-sidebar_navigation/individualAccount/broadcast' (Root cause: Call Test Case 'Test Cases/s-sidebar_navigation/individualAccount/broadcast' failed)

2019-04-22 16:37:45 - [TEST_CASE][FAILED] - Test Cases/s-sidebar_navigation/individualAccount/broadcast: Test Cases/s-sidebar_navigation/individualAccount/broadcast FAILED because (of) Unable to click on object 'Object Repository/Page_KiboPush  Dashboard/span_Polls' (Root cause: com.kms.katalon.core.webui.exception.BrowserNotOpenedException: Browser is not opened
Build info: version: '3.7.1', revision: '8a0099a', time: '2017-11-06T21:07:36.161Z'
System info: host: 'DESKTOP-4M6R1V0', ip: '10.0.2.15', os.name: 'Windows 10', os.arch: 'amd64', os.version: '10.0', java.version: '1.8.0_181'
Driver info: driver.version: unknown)

2019-04-22 16:37:45 - [TEST_STEP][FAILED] - click: Unable to click on object 'Object Repository/Page_KiboPush  Dashboard/span_Polls' (Root cause: com.kms.katalon.core.webui.exception.BrowserNotOpenedException: Browser is not opened
Build info: version: '3.7.1', revision: '8a0099a', time: '2017-11-06T21:07:36.161Z'
System info: host: 'DESKTOP-4M6R1V0', ip: '10.0.2.15', os.name: 'Windows 10', os.arch: 'amd64', os.version: '10.0', java.version: '1.8.0_181'
Driver info: driver.version: unknown)

2019-04-22 16:37:45 - [MESSAGE][WARNING] - Cannot take screenshot

2019-04-22 16:37:45 - [MESSAGE][FAILED] - Unable to click on object 'Object Repository/Page_KiboPush  Dashboard/span_Polls' (Root cause: com.kms.katalon.core.webui.exception.BrowserNotOpenedException: Browser is not opened
Build info: version: '3.7.1', revision: '8a0099a', time: '2017-11-06T21:07:36.161Z'
System info: host: 'DESKTOP-4M6R1V0', ip: '10.0.2.15', os.name: 'Windows 10', os.arch: 'amd64', os.version: '10.0', java.version: '1.8.0_181'
Driver info: driver.version: unknown)

2019-04-22 16:37:45 - [MESSAGE][FAILED] - Unable to call Test Case with id 'Test Cases/s-sidebar_navigation/individualAccount/broadcast' (Root cause: Call Test Case 'Test Cases/s-sidebar_navigation/individualAccount/broadcast' failed)

2019-04-22 16:37:45 - [MESSAGE][FAILED] - Unable to call Test Case with id 'Test Cases/s-sidebar_navigation/TeamAccount/Broadcasts' (Root cause: Call Test Case 'Test Cases/s-sidebar_navigation/TeamAccount/Broadcasts' failed)

2019-04-22 16:37:45 - [MESSAGE][FAILED] - Unable to call Test Case with id 'Test Cases/Broadcasts/TC0167' (Root cause: Call Test Case 'Test Cases/Broadcasts/TC0167' failed)]]></system-out>
         <system-err><![CDATA[2019-04-22 16:37:43 - [TEST_CASE][FAILED] - Test Cases/Broadcasts/TC0168: Test Cases/Broadcasts/TC0168 FAILED because (of) Unable to click on object 'Object Repository/Page_KiboPush  Dashboard/span_Polls' (Root cause: com.kms.katalon.core.webui.exception.BrowserNotOpenedException: Browser is not opened
Build info: version: '3.7.1', revision: '8a0099a', time: '2017-11-06T21:07:36.161Z'
System info: host: 'DESKTOP-4M6R1V0', ip: '10.0.2.15', os.name: 'Windows 10', os.arch: 'amd64', os.version: '10.0', java.version: '1.8.0_181'
Driver info: driver.version: unknown)]]></system-err>
      </testcase>
      <testcase name="Test Cases/Broadcasts/TC0169" classname="Test Cases/Broadcasts/TC0169" status="FAILED">
         <failure type="FAILED" message="Unable to click on object 'Object Repository/Page_KiboPush  Dashboard/span_Polls' (Root cause: com.kms.katalon.core.webui.exception.BrowserNotOpenedException: Browser is not opened
Build info: version: '3.7.1', revision: '8a0099a', time: '2017-11-06T21:07:36.161Z'
System info: host: 'DESKTOP-4M6R1V0', ip: '10.0.2.15', os.name: 'Windows 10', os.arch: 'amd64', os.version: '10.0', java.version: '1.8.0_181'
Driver info: driver.version: unknown)"/>
         <system-out><![CDATA[2019-04-22 16:37:45 - [TEST_CASE][FAILED] - Test Cases/Broadcasts/TC0169: Test Cases/Broadcasts/TC0169 FAILED because (of) Unable to click on object 'Object Repository/Page_KiboPush  Dashboard/span_Polls' (Root cause: com.kms.katalon.core.webui.exception.BrowserNotOpenedException: Browser is not opened
Build info: version: '3.7.1', revision: '8a0099a', time: '2017-11-06T21:07:36.161Z'
System info: host: 'DESKTOP-4M6R1V0', ip: '10.0.2.15', os.name: 'Windows 10', os.arch: 'amd64', os.version: '10.0', java.version: '1.8.0_181'
Driver info: driver.version: unknown)

2019-04-22 16:37:46 - [TEST_STEP][FAILED] - callTestCase: Unable to call Test Case with id 'Test Cases/Broadcasts/TC0167' (Root cause: Call Test Case 'Test Cases/Broadcasts/TC0167' failed)

2019-04-22 16:37:46 - [TEST_CASE][FAILED] - Test Cases/Broadcasts/TC0167: Test Cases/Broadcasts/TC0167 FAILED because (of) Unable to click on object 'Object Repository/Page_KiboPush  Dashboard/span_Polls' (Root cause: com.kms.katalon.core.webui.exception.BrowserNotOpenedException: Browser is not opened
Build info: version: '3.7.1', revision: '8a0099a', time: '2017-11-06T21:07:36.161Z'
System info: host: 'DESKTOP-4M6R1V0', ip: '10.0.2.15', os.name: 'Windows 10', os.arch: 'amd64', os.version: '10.0', java.version: '1.8.0_181'
Driver info: driver.version: unknown)

2019-04-22 16:37:46 - [TEST_STEP][FAILED] - callTestCase: Unable to call Test Case with id 'Test Cases/s-sidebar_navigation/TeamAccount/Broadcasts' (Root cause: Call Test Case 'Test Cases/s-sidebar_navigation/TeamAccount/Broadcasts' failed)

2019-04-22 16:37:46 - [TEST_CASE][FAILED] - Test Cases/s-sidebar_navigation/TeamAccount/Broadcasts: Test Cases/s-sidebar_navigation/TeamAccount/Broadcasts FAILED because (of) Unable to click on object 'Object Repository/Page_KiboPush  Dashboard/span_Polls' (Root cause: com.kms.katalon.core.webui.exception.BrowserNotOpenedException: Browser is not opened
Build info: version: '3.7.1', revision: '8a0099a', time: '2017-11-06T21:07:36.161Z'
System info: host: 'DESKTOP-4M6R1V0', ip: '10.0.2.15', os.name: 'Windows 10', os.arch: 'amd64', os.version: '10.0', java.version: '1.8.0_181'
Driver info: driver.version: unknown)

2019-04-22 16:37:46 - [TEST_STEP][FAILED] - callTestCase: Unable to call Test Case with id 'Test Cases/s-sidebar_navigation/individualAccount/broadcast' (Root cause: Call Test Case 'Test Cases/s-sidebar_navigation/individualAccount/broadcast' failed)

2019-04-22 16:37:47 - [TEST_CASE][FAILED] - Test Cases/s-sidebar_navigation/individualAccount/broadcast: Test Cases/s-sidebar_navigation/individualAccount/broadcast FAILED because (of) Unable to click on object 'Object Repository/Page_KiboPush  Dashboard/span_Polls' (Root cause: com.kms.katalon.core.webui.exception.BrowserNotOpenedException: Browser is not opened
Build info: version: '3.7.1', revision: '8a0099a', time: '2017-11-06T21:07:36.161Z'
System info: host: 'DESKTOP-4M6R1V0', ip: '10.0.2.15', os.name: 'Windows 10', os.arch: 'amd64', os.version: '10.0', java.version: '1.8.0_181'
Driver info: driver.version: unknown)

2019-04-22 16:37:47 - [TEST_STEP][FAILED] - click: Unable to click on object 'Object Repository/Page_KiboPush  Dashboard/span_Polls' (Root cause: com.kms.katalon.core.webui.exception.BrowserNotOpenedException: Browser is not opened
Build info: version: '3.7.1', revision: '8a0099a', time: '2017-11-06T21:07:36.161Z'
System info: host: 'DESKTOP-4M6R1V0', ip: '10.0.2.15', os.name: 'Windows 10', os.arch: 'amd64', os.version: '10.0', java.version: '1.8.0_181'
Driver info: driver.version: unknown)

2019-04-22 16:37:47 - [MESSAGE][WARNING] - Cannot take screenshot

2019-04-22 16:37:47 - [MESSAGE][FAILED] - Unable to click on object 'Object Repository/Page_KiboPush  Dashboard/span_Polls' (Root cause: com.kms.katalon.core.webui.exception.BrowserNotOpenedException: Browser is not opened
Build info: version: '3.7.1', revision: '8a0099a', time: '2017-11-06T21:07:36.161Z'
System info: host: 'DESKTOP-4M6R1V0', ip: '10.0.2.15', os.name: 'Windows 10', os.arch: 'amd64', os.version: '10.0', java.version: '1.8.0_181'
Driver info: driver.version: unknown)

2019-04-22 16:37:47 - [MESSAGE][FAILED] - Unable to call Test Case with id 'Test Cases/s-sidebar_navigation/individualAccount/broadcast' (Root cause: Call Test Case 'Test Cases/s-sidebar_navigation/individualAccount/broadcast' failed)

2019-04-22 16:37:47 - [MESSAGE][FAILED] - Unable to call Test Case with id 'Test Cases/s-sidebar_navigation/TeamAccount/Broadcasts' (Root cause: Call Test Case 'Test Cases/s-sidebar_navigation/TeamAccount/Broadcasts' failed)

2019-04-22 16:37:47 - [MESSAGE][FAILED] - Unable to call Test Case with id 'Test Cases/Broadcasts/TC0167' (Root cause: Call Test Case 'Test Cases/Broadcasts/TC0167' failed)]]></system-out>
         <system-err><![CDATA[2019-04-22 16:37:45 - [TEST_CASE][FAILED] - Test Cases/Broadcasts/TC0169: Test Cases/Broadcasts/TC0169 FAILED because (of) Unable to click on object 'Object Repository/Page_KiboPush  Dashboard/span_Polls' (Root cause: com.kms.katalon.core.webui.exception.BrowserNotOpenedException: Browser is not opened
Build info: version: '3.7.1', revision: '8a0099a', time: '2017-11-06T21:07:36.161Z'
System info: host: 'DESKTOP-4M6R1V0', ip: '10.0.2.15', os.name: 'Windows 10', os.arch: 'amd64', os.version: '10.0', java.version: '1.8.0_181'
Driver info: driver.version: unknown)]]></system-err>
      </testcase>
      <testcase name="Test Cases/Broadcasts/TC0171" classname="Test Cases/Broadcasts/TC0171" status="FAILED">
         <failure type="FAILED" message="Unable to click on object 'Object Repository/Page_KiboPush  Dashboard/span_Polls' (Root cause: com.kms.katalon.core.webui.exception.BrowserNotOpenedException: Browser is not opened
Build info: version: '3.7.1', revision: '8a0099a', time: '2017-11-06T21:07:36.161Z'
System info: host: 'DESKTOP-4M6R1V0', ip: '10.0.2.15', os.name: 'Windows 10', os.arch: 'amd64', os.version: '10.0', java.version: '1.8.0_181'
Driver info: driver.version: unknown)"/>
         <system-out><![CDATA[2019-04-22 16:37:47 - [TEST_CASE][FAILED] - Test Cases/Broadcasts/TC0171: Test Cases/Broadcasts/TC0171 FAILED because (of) Unable to click on object 'Object Repository/Page_KiboPush  Dashboard/span_Polls' (Root cause: com.kms.katalon.core.webui.exception.BrowserNotOpenedException: Browser is not opened
Build info: version: '3.7.1', revision: '8a0099a', time: '2017-11-06T21:07:36.161Z'
System info: host: 'DESKTOP-4M6R1V0', ip: '10.0.2.15', os.name: 'Windows 10', os.arch: 'amd64', os.version: '10.0', java.version: '1.8.0_181'
Driver info: driver.version: unknown)

2019-04-22 16:37:48 - [TEST_STEP][FAILED] - callTestCase: Unable to call Test Case with id 'Test Cases/s-sidebar_navigation/TeamAccount/Broadcasts' (Root cause: Call Test Case 'Test Cases/s-sidebar_navigation/TeamAccount/Broadcasts' failed)

2019-04-22 16:37:48 - [TEST_CASE][FAILED] - Test Cases/s-sidebar_navigation/TeamAccount/Broadcasts: Test Cases/s-sidebar_navigation/TeamAccount/Broadcasts FAILED because (of) Unable to click on object 'Object Repository/Page_KiboPush  Dashboard/span_Polls' (Root cause: com.kms.katalon.core.webui.exception.BrowserNotOpenedException: Browser is not opened
Build info: version: '3.7.1', revision: '8a0099a', time: '2017-11-06T21:07:36.161Z'
System info: host: 'DESKTOP-4M6R1V0', ip: '10.0.2.15', os.name: 'Windows 10', os.arch: 'amd64', os.version: '10.0', java.version: '1.8.0_181'
Driver info: driver.version: unknown)

2019-04-22 16:37:48 - [TEST_STEP][FAILED] - callTestCase: Unable to call Test Case with id 'Test Cases/s-sidebar_navigation/individualAccount/broadcast' (Root cause: Call Test Case 'Test Cases/s-sidebar_navigation/individualAccount/broadcast' failed)

2019-04-22 16:37:48 - [TEST_CASE][FAILED] - Test Cases/s-sidebar_navigation/individualAccount/broadcast: Test Cases/s-sidebar_navigation/individualAccount/broadcast FAILED because (of) Unable to click on object 'Object Repository/Page_KiboPush  Dashboard/span_Polls' (Root cause: com.kms.katalon.core.webui.exception.BrowserNotOpenedException: Browser is not opened
Build info: version: '3.7.1', revision: '8a0099a', time: '2017-11-06T21:07:36.161Z'
System info: host: 'DESKTOP-4M6R1V0', ip: '10.0.2.15', os.name: 'Windows 10', os.arch: 'amd64', os.version: '10.0', java.version: '1.8.0_181'
Driver info: driver.version: unknown)

2019-04-22 16:37:48 - [TEST_STEP][FAILED] - click: Unable to click on object 'Object Repository/Page_KiboPush  Dashboard/span_Polls' (Root cause: com.kms.katalon.core.webui.exception.BrowserNotOpenedException: Browser is not opened
Build info: version: '3.7.1', revision: '8a0099a', time: '2017-11-06T21:07:36.161Z'
System info: host: 'DESKTOP-4M6R1V0', ip: '10.0.2.15', os.name: 'Windows 10', os.arch: 'amd64', os.version: '10.0', java.version: '1.8.0_181'
Driver info: driver.version: unknown)

2019-04-22 16:37:48 - [MESSAGE][WARNING] - Cannot take screenshot

2019-04-22 16:37:49 - [MESSAGE][FAILED] - Unable to click on object 'Object Repository/Page_KiboPush  Dashboard/span_Polls' (Root cause: com.kms.katalon.core.webui.exception.BrowserNotOpenedException: Browser is not opened
Build info: version: '3.7.1', revision: '8a0099a', time: '2017-11-06T21:07:36.161Z'
System info: host: 'DESKTOP-4M6R1V0', ip: '10.0.2.15', os.name: 'Windows 10', os.arch: 'amd64', os.version: '10.0', java.version: '1.8.0_181'
Driver info: driver.version: unknown)

2019-04-22 16:37:49 - [MESSAGE][FAILED] - Unable to call Test Case with id 'Test Cases/s-sidebar_navigation/individualAccount/broadcast' (Root cause: Call Test Case 'Test Cases/s-sidebar_navigation/individualAccount/broadcast' failed)

2019-04-22 16:37:49 - [MESSAGE][FAILED] - Unable to call Test Case with id 'Test Cases/s-sidebar_navigation/TeamAccount/Broadcasts' (Root cause: Call Test Case 'Test Cases/s-sidebar_navigation/TeamAccount/Broadcasts' failed)]]></system-out>
         <system-err><![CDATA[2019-04-22 16:37:47 - [TEST_CASE][FAILED] - Test Cases/Broadcasts/TC0171: Test Cases/Broadcasts/TC0171 FAILED because (of) Unable to click on object 'Object Repository/Page_KiboPush  Dashboard/span_Polls' (Root cause: com.kms.katalon.core.webui.exception.BrowserNotOpenedException: Browser is not opened
Build info: version: '3.7.1', revision: '8a0099a', time: '2017-11-06T21:07:36.161Z'
System info: host: 'DESKTOP-4M6R1V0', ip: '10.0.2.15', os.name: 'Windows 10', os.arch: 'amd64', os.version: '10.0', java.version: '1.8.0_181'
Driver info: driver.version: unknown)]]></system-err>
      </testcase>
      <testcase name="Test Cases/Broadcasts/TC0172" classname="Test Cases/Broadcasts/TC0172" status="FAILED">
         <failure type="FAILED" message="Unable to click on object 'Object Repository/Page_KiboPush  Dashboard/span_Polls' (Root cause: com.kms.katalon.core.webui.exception.BrowserNotOpenedException: Browser is not opened
Build info: version: '3.7.1', revision: '8a0099a', time: '2017-11-06T21:07:36.161Z'
System info: host: 'DESKTOP-4M6R1V0', ip: '10.0.2.15', os.name: 'Windows 10', os.arch: 'amd64', os.version: '10.0', java.version: '1.8.0_181'
Driver info: driver.version: unknown)"/>
         <system-out><![CDATA[2019-04-22 16:37:49 - [TEST_CASE][FAILED] - Test Cases/Broadcasts/TC0172: Test Cases/Broadcasts/TC0172 FAILED because (of) Unable to click on object 'Object Repository/Page_KiboPush  Dashboard/span_Polls' (Root cause: com.kms.katalon.core.webui.exception.BrowserNotOpenedException: Browser is not opened
Build info: version: '3.7.1', revision: '8a0099a', time: '2017-11-06T21:07:36.161Z'
System info: host: 'DESKTOP-4M6R1V0', ip: '10.0.2.15', os.name: 'Windows 10', os.arch: 'amd64', os.version: '10.0', java.version: '1.8.0_181'
Driver info: driver.version: unknown)

2019-04-22 16:37:50 - [TEST_STEP][FAILED] - callTestCase: Unable to call Test Case with id 'Test Cases/Broadcasts/TC0171' (Root cause: Call Test Case 'Test Cases/Broadcasts/TC0171' failed)

2019-04-22 16:37:50 - [TEST_CASE][FAILED] - Test Cases/Broadcasts/TC0171: Test Cases/Broadcasts/TC0171 FAILED because (of) Unable to click on object 'Object Repository/Page_KiboPush  Dashboard/span_Polls' (Root cause: com.kms.katalon.core.webui.exception.BrowserNotOpenedException: Browser is not opened
Build info: version: '3.7.1', revision: '8a0099a', time: '2017-11-06T21:07:36.161Z'
System info: host: 'DESKTOP-4M6R1V0', ip: '10.0.2.15', os.name: 'Windows 10', os.arch: 'amd64', os.version: '10.0', java.version: '1.8.0_181'
Driver info: driver.version: unknown)

2019-04-22 16:37:50 - [TEST_STEP][FAILED] - callTestCase: Unable to call Test Case with id 'Test Cases/s-sidebar_navigation/TeamAccount/Broadcasts' (Root cause: Call Test Case 'Test Cases/s-sidebar_navigation/TeamAccount/Broadcasts' failed)

2019-04-22 16:37:50 - [TEST_CASE][FAILED] - Test Cases/s-sidebar_navigation/TeamAccount/Broadcasts: Test Cases/s-sidebar_navigation/TeamAccount/Broadcasts FAILED because (of) Unable to click on object 'Object Repository/Page_KiboPush  Dashboard/span_Polls' (Root cause: com.kms.katalon.core.webui.exception.BrowserNotOpenedException: Browser is not opened
Build info: version: '3.7.1', revision: '8a0099a', time: '2017-11-06T21:07:36.161Z'
System info: host: 'DESKTOP-4M6R1V0', ip: '10.0.2.15', os.name: 'Windows 10', os.arch: 'amd64', os.version: '10.0', java.version: '1.8.0_181'
Driver info: driver.version: unknown)

2019-04-22 16:37:50 - [TEST_STEP][FAILED] - callTestCase: Unable to call Test Case with id 'Test Cases/s-sidebar_navigation/individualAccount/broadcast' (Root cause: Call Test Case 'Test Cases/s-sidebar_navigation/individualAccount/broadcast' failed)

2019-04-22 16:37:50 - [TEST_CASE][FAILED] - Test Cases/s-sidebar_navigation/individualAccount/broadcast: Test Cases/s-sidebar_navigation/individualAccount/broadcast FAILED because (of) Unable to click on object 'Object Repository/Page_KiboPush  Dashboard/span_Polls' (Root cause: com.kms.katalon.core.webui.exception.BrowserNotOpenedException: Browser is not opened
Build info: version: '3.7.1', revision: '8a0099a', time: '2017-11-06T21:07:36.161Z'
System info: host: 'DESKTOP-4M6R1V0', ip: '10.0.2.15', os.name: 'Windows 10', os.arch: 'amd64', os.version: '10.0', java.version: '1.8.0_181'
Driver info: driver.version: unknown)

2019-04-22 16:37:50 - [TEST_STEP][FAILED] - click: Unable to click on object 'Object Repository/Page_KiboPush  Dashboard/span_Polls' (Root cause: com.kms.katalon.core.webui.exception.BrowserNotOpenedException: Browser is not opened
Build info: version: '3.7.1', revision: '8a0099a', time: '2017-11-06T21:07:36.161Z'
System info: host: 'DESKTOP-4M6R1V0', ip: '10.0.2.15', os.name: 'Windows 10', os.arch: 'amd64', os.version: '10.0', java.version: '1.8.0_181'
Driver info: driver.version: unknown)

2019-04-22 16:37:50 - [MESSAGE][WARNING] - Cannot take screenshot

2019-04-22 16:37:50 - [MESSAGE][FAILED] - Unable to click on object 'Object Repository/Page_KiboPush  Dashboard/span_Polls' (Root cause: com.kms.katalon.core.webui.exception.BrowserNotOpenedException: Browser is not opened
Build info: version: '3.7.1', revision: '8a0099a', time: '2017-11-06T21:07:36.161Z'
System info: host: 'DESKTOP-4M6R1V0', ip: '10.0.2.15', os.name: 'Windows 10', os.arch: 'amd64', os.version: '10.0', java.version: '1.8.0_181'
Driver info: driver.version: unknown)

2019-04-22 16:37:50 - [MESSAGE][FAILED] - Unable to call Test Case with id 'Test Cases/s-sidebar_navigation/individualAccount/broadcast' (Root cause: Call Test Case 'Test Cases/s-sidebar_navigation/individualAccount/broadcast' failed)

2019-04-22 16:37:50 - [MESSAGE][FAILED] - Unable to call Test Case with id 'Test Cases/s-sidebar_navigation/TeamAccount/Broadcasts' (Root cause: Call Test Case 'Test Cases/s-sidebar_navigation/TeamAccount/Broadcasts' failed)

2019-04-22 16:37:50 - [MESSAGE][FAILED] - Unable to call Test Case with id 'Test Cases/Broadcasts/TC0171' (Root cause: Call Test Case 'Test Cases/Broadcasts/TC0171' failed)]]></system-out>
         <system-err><![CDATA[2019-04-22 16:37:49 - [TEST_CASE][FAILED] - Test Cases/Broadcasts/TC0172: Test Cases/Broadcasts/TC0172 FAILED because (of) Unable to click on object 'Object Repository/Page_KiboPush  Dashboard/span_Polls' (Root cause: com.kms.katalon.core.webui.exception.BrowserNotOpenedException: Browser is not opened
Build info: version: '3.7.1', revision: '8a0099a', time: '2017-11-06T21:07:36.161Z'
System info: host: 'DESKTOP-4M6R1V0', ip: '10.0.2.15', os.name: 'Windows 10', os.arch: 'amd64', os.version: '10.0', java.version: '1.8.0_181'
Driver info: driver.version: unknown)]]></system-err>
      </testcase>
      <testcase name="Test Cases/Broadcasts/TC0173" classname="Test Cases/Broadcasts/TC0173" status="FAILED">
         <failure type="FAILED" message="Unable to click on object 'Object Repository/Page_KiboPush  Dashboard/span_Polls' (Root cause: com.kms.katalon.core.webui.exception.BrowserNotOpenedException: Browser is not opened
Build info: version: '3.7.1', revision: '8a0099a', time: '2017-11-06T21:07:36.161Z'
System info: host: 'DESKTOP-4M6R1V0', ip: '10.0.2.15', os.name: 'Windows 10', os.arch: 'amd64', os.version: '10.0', java.version: '1.8.0_181'
Driver info: driver.version: unknown)"/>
         <system-out><![CDATA[2019-04-22 16:37:53 - [TEST_CASE][FAILED] - Test Cases/Broadcasts/TC0173: Test Cases/Broadcasts/TC0173 FAILED because (of) Unable to click on object 'Object Repository/Page_KiboPush  Dashboard/span_Polls' (Root cause: com.kms.katalon.core.webui.exception.BrowserNotOpenedException: Browser is not opened
Build info: version: '3.7.1', revision: '8a0099a', time: '2017-11-06T21:07:36.161Z'
System info: host: 'DESKTOP-4M6R1V0', ip: '10.0.2.15', os.name: 'Windows 10', os.arch: 'amd64', os.version: '10.0', java.version: '1.8.0_181'
Driver info: driver.version: unknown)

2019-04-22 16:37:54 - [TEST_STEP][FAILED] - callTestCase: Unable to call Test Case with id 'Test Cases/Broadcasts/TC0171' (Root cause: Call Test Case 'Test Cases/Broadcasts/TC0171' failed)

2019-04-22 16:37:54 - [TEST_CASE][FAILED] - Test Cases/Broadcasts/TC0171: Test Cases/Broadcasts/TC0171 FAILED because (of) Unable to click on object 'Object Repository/Page_KiboPush  Dashboard/span_Polls' (Root cause: com.kms.katalon.core.webui.exception.BrowserNotOpenedException: Browser is not opened
Build info: version: '3.7.1', revision: '8a0099a', time: '2017-11-06T21:07:36.161Z'
System info: host: 'DESKTOP-4M6R1V0', ip: '10.0.2.15', os.name: 'Windows 10', os.arch: 'amd64', os.version: '10.0', java.version: '1.8.0_181'
Driver info: driver.version: unknown)

2019-04-22 16:37:54 - [TEST_STEP][FAILED] - callTestCase: Unable to call Test Case with id 'Test Cases/s-sidebar_navigation/TeamAccount/Broadcasts' (Root cause: Call Test Case 'Test Cases/s-sidebar_navigation/TeamAccount/Broadcasts' failed)

2019-04-22 16:37:54 - [TEST_CASE][FAILED] - Test Cases/s-sidebar_navigation/TeamAccount/Broadcasts: Test Cases/s-sidebar_navigation/TeamAccount/Broadcasts FAILED because (of) Unable to click on object 'Object Repository/Page_KiboPush  Dashboard/span_Polls' (Root cause: com.kms.katalon.core.webui.exception.BrowserNotOpenedException: Browser is not opened
Build info: version: '3.7.1', revision: '8a0099a', time: '2017-11-06T21:07:36.161Z'
System info: host: 'DESKTOP-4M6R1V0', ip: '10.0.2.15', os.name: 'Windows 10', os.arch: 'amd64', os.version: '10.0', java.version: '1.8.0_181'
Driver info: driver.version: unknown)

2019-04-22 16:37:54 - [TEST_STEP][FAILED] - callTestCase: Unable to call Test Case with id 'Test Cases/s-sidebar_navigation/individualAccount/broadcast' (Root cause: Call Test Case 'Test Cases/s-sidebar_navigation/individualAccount/broadcast' failed)

2019-04-22 16:37:54 - [TEST_CASE][FAILED] - Test Cases/s-sidebar_navigation/individualAccount/broadcast: Test Cases/s-sidebar_navigation/individualAccount/broadcast FAILED because (of) Unable to click on object 'Object Repository/Page_KiboPush  Dashboard/span_Polls' (Root cause: com.kms.katalon.core.webui.exception.BrowserNotOpenedException: Browser is not opened
Build info: version: '3.7.1', revision: '8a0099a', time: '2017-11-06T21:07:36.161Z'
System info: host: 'DESKTOP-4M6R1V0', ip: '10.0.2.15', os.name: 'Windows 10', os.arch: 'amd64', os.version: '10.0', java.version: '1.8.0_181'
Driver info: driver.version: unknown)

2019-04-22 16:37:54 - [TEST_STEP][FAILED] - click: Unable to click on object 'Object Repository/Page_KiboPush  Dashboard/span_Polls' (Root cause: com.kms.katalon.core.webui.exception.BrowserNotOpenedException: Browser is not opened
Build info: version: '3.7.1', revision: '8a0099a', time: '2017-11-06T21:07:36.161Z'
System info: host: 'DESKTOP-4M6R1V0', ip: '10.0.2.15', os.name: 'Windows 10', os.arch: 'amd64', os.version: '10.0', java.version: '1.8.0_181'
Driver info: driver.version: unknown)

2019-04-22 16:37:54 - [MESSAGE][WARNING] - Cannot take screenshot

2019-04-22 16:37:54 - [MESSAGE][FAILED] - Unable to click on object 'Object Repository/Page_KiboPush  Dashboard/span_Polls' (Root cause: com.kms.katalon.core.webui.exception.BrowserNotOpenedException: Browser is not opened
Build info: version: '3.7.1', revision: '8a0099a', time: '2017-11-06T21:07:36.161Z'
System info: host: 'DESKTOP-4M6R1V0', ip: '10.0.2.15', os.name: 'Windows 10', os.arch: 'amd64', os.version: '10.0', java.version: '1.8.0_181'
Driver info: driver.version: unknown)

2019-04-22 16:37:54 - [MESSAGE][FAILED] - Unable to call Test Case with id 'Test Cases/s-sidebar_navigation/individualAccount/broadcast' (Root cause: Call Test Case 'Test Cases/s-sidebar_navigation/individualAccount/broadcast' failed)

2019-04-22 16:37:54 - [MESSAGE][FAILED] - Unable to call Test Case with id 'Test Cases/s-sidebar_navigation/TeamAccount/Broadcasts' (Root cause: Call Test Case 'Test Cases/s-sidebar_navigation/TeamAccount/Broadcasts' failed)

2019-04-22 16:37:54 - [MESSAGE][FAILED] - Unable to call Test Case with id 'Test Cases/Broadcasts/TC0171' (Root cause: Call Test Case 'Test Cases/Broadcasts/TC0171' failed)]]></system-out>
         <system-err><![CDATA[2019-04-22 16:37:53 - [TEST_CASE][FAILED] - Test Cases/Broadcasts/TC0173: Test Cases/Broadcasts/TC0173 FAILED because (of) Unable to click on object 'Object Repository/Page_KiboPush  Dashboard/span_Polls' (Root cause: com.kms.katalon.core.webui.exception.BrowserNotOpenedException: Browser is not opened
Build info: version: '3.7.1', revision: '8a0099a', time: '2017-11-06T21:07:36.161Z'
System info: host: 'DESKTOP-4M6R1V0', ip: '10.0.2.15', os.name: 'Windows 10', os.arch: 'amd64', os.version: '10.0', java.version: '1.8.0_181'
Driver info: driver.version: unknown)]]></system-err>
      </testcase>
      <testcase name="Test Cases/Broadcasts/TC0175" classname="Test Cases/Broadcasts/TC0175" status="FAILED">
         <failure type="FAILED" message="Unable to click on object 'Object Repository/Page_KiboPush  Dashboard/span_Polls' (Root cause: com.kms.katalon.core.webui.exception.BrowserNotOpenedException: Browser is not opened
Build info: version: '3.7.1', revision: '8a0099a', time: '2017-11-06T21:07:36.161Z'
System info: host: 'DESKTOP-4M6R1V0', ip: '10.0.2.15', os.name: 'Windows 10', os.arch: 'amd64', os.version: '10.0', java.version: '1.8.0_181'
Driver info: driver.version: unknown)"/>
         <system-out><![CDATA[2019-04-22 16:37:54 - [TEST_CASE][FAILED] - Test Cases/Broadcasts/TC0175: Test Cases/Broadcasts/TC0175 FAILED because (of) Unable to click on object 'Object Repository/Page_KiboPush  Dashboard/span_Polls' (Root cause: com.kms.katalon.core.webui.exception.BrowserNotOpenedException: Browser is not opened
Build info: version: '3.7.1', revision: '8a0099a', time: '2017-11-06T21:07:36.161Z'
System info: host: 'DESKTOP-4M6R1V0', ip: '10.0.2.15', os.name: 'Windows 10', os.arch: 'amd64', os.version: '10.0', java.version: '1.8.0_181'
Driver info: driver.version: unknown)

2019-04-22 16:37:55 - [TEST_STEP][FAILED] - callTestCase: Unable to call Test Case with id 'Test Cases/s-sidebar_navigation/TeamAccount/Broadcasts' (Root cause: Call Test Case 'Test Cases/s-sidebar_navigation/TeamAccount/Broadcasts' failed)

2019-04-22 16:37:56 - [TEST_CASE][FAILED] - Test Cases/s-sidebar_navigation/TeamAccount/Broadcasts: Test Cases/s-sidebar_navigation/TeamAccount/Broadcasts FAILED because (of) Unable to click on object 'Object Repository/Page_KiboPush  Dashboard/span_Polls' (Root cause: com.kms.katalon.core.webui.exception.BrowserNotOpenedException: Browser is not opened
Build info: version: '3.7.1', revision: '8a0099a', time: '2017-11-06T21:07:36.161Z'
System info: host: 'DESKTOP-4M6R1V0', ip: '10.0.2.15', os.name: 'Windows 10', os.arch: 'amd64', os.version: '10.0', java.version: '1.8.0_181'
Driver info: driver.version: unknown)

2019-04-22 16:37:56 - [TEST_STEP][FAILED] - callTestCase: Unable to call Test Case with id 'Test Cases/s-sidebar_navigation/individualAccount/broadcast' (Root cause: Call Test Case 'Test Cases/s-sidebar_navigation/individualAccount/broadcast' failed)

2019-04-22 16:37:56 - [TEST_CASE][FAILED] - Test Cases/s-sidebar_navigation/individualAccount/broadcast: Test Cases/s-sidebar_navigation/individualAccount/broadcast FAILED because (of) Unable to click on object 'Object Repository/Page_KiboPush  Dashboard/span_Polls' (Root cause: com.kms.katalon.core.webui.exception.BrowserNotOpenedException: Browser is not opened
Build info: version: '3.7.1', revision: '8a0099a', time: '2017-11-06T21:07:36.161Z'
System info: host: 'DESKTOP-4M6R1V0', ip: '10.0.2.15', os.name: 'Windows 10', os.arch: 'amd64', os.version: '10.0', java.version: '1.8.0_181'
Driver info: driver.version: unknown)

2019-04-22 16:37:56 - [TEST_STEP][FAILED] - click: Unable to click on object 'Object Repository/Page_KiboPush  Dashboard/span_Polls' (Root cause: com.kms.katalon.core.webui.exception.BrowserNotOpenedException: Browser is not opened
Build info: version: '3.7.1', revision: '8a0099a', time: '2017-11-06T21:07:36.161Z'
System info: host: 'DESKTOP-4M6R1V0', ip: '10.0.2.15', os.name: 'Windows 10', os.arch: 'amd64', os.version: '10.0', java.version: '1.8.0_181'
Driver info: driver.version: unknown)

2019-04-22 16:37:56 - [MESSAGE][WARNING] - Cannot take screenshot

2019-04-22 16:37:56 - [MESSAGE][FAILED] - Unable to click on object 'Object Repository/Page_KiboPush  Dashboard/span_Polls' (Root cause: com.kms.katalon.core.webui.exception.BrowserNotOpenedException: Browser is not opened
Build info: version: '3.7.1', revision: '8a0099a', time: '2017-11-06T21:07:36.161Z'
System info: host: 'DESKTOP-4M6R1V0', ip: '10.0.2.15', os.name: 'Windows 10', os.arch: 'amd64', os.version: '10.0', java.version: '1.8.0_181'
Driver info: driver.version: unknown)

2019-04-22 16:37:57 - [MESSAGE][FAILED] - Unable to call Test Case with id 'Test Cases/s-sidebar_navigation/individualAccount/broadcast' (Root cause: Call Test Case 'Test Cases/s-sidebar_navigation/individualAccount/broadcast' failed)

2019-04-22 16:37:57 - [MESSAGE][FAILED] - Unable to call Test Case with id 'Test Cases/s-sidebar_navigation/TeamAccount/Broadcasts' (Root cause: Call Test Case 'Test Cases/s-sidebar_navigation/TeamAccount/Broadcasts' failed)]]></system-out>
         <system-err><![CDATA[2019-04-22 16:37:54 - [TEST_CASE][FAILED] - Test Cases/Broadcasts/TC0175: Test Cases/Broadcasts/TC0175 FAILED because (of) Unable to click on object 'Object Repository/Page_KiboPush  Dashboard/span_Polls' (Root cause: com.kms.katalon.core.webui.exception.BrowserNotOpenedException: Browser is not opened
Build info: version: '3.7.1', revision: '8a0099a', time: '2017-11-06T21:07:36.161Z'
System info: host: 'DESKTOP-4M6R1V0', ip: '10.0.2.15', os.name: 'Windows 10', os.arch: 'amd64', os.version: '10.0', java.version: '1.8.0_181'
Driver info: driver.version: unknown)]]></system-err>
      </testcase>
      <testcase name="Test Cases/Broadcasts/TC0176" classname="Test Cases/Broadcasts/TC0176" status="FAILED">
         <failure type="FAILED" message="Unable to click on object 'Object Repository/Page_KiboPush  Dashboard/span_Polls' (Root cause: com.kms.katalon.core.webui.exception.BrowserNotOpenedException: Browser is not opened
Build info: version: '3.7.1', revision: '8a0099a', time: '2017-11-06T21:07:36.161Z'
System info: host: 'DESKTOP-4M6R1V0', ip: '10.0.2.15', os.name: 'Windows 10', os.arch: 'amd64', os.version: '10.0', java.version: '1.8.0_181'
Driver info: driver.version: unknown)"/>
         <system-out><![CDATA[2019-04-22 16:37:57 - [TEST_CASE][FAILED] - Test Cases/Broadcasts/TC0176: Test Cases/Broadcasts/TC0176 FAILED because (of) Unable to click on object 'Object Repository/Page_KiboPush  Dashboard/span_Polls' (Root cause: com.kms.katalon.core.webui.exception.BrowserNotOpenedException: Browser is not opened
Build info: version: '3.7.1', revision: '8a0099a', time: '2017-11-06T21:07:36.161Z'
System info: host: 'DESKTOP-4M6R1V0', ip: '10.0.2.15', os.name: 'Windows 10', os.arch: 'amd64', os.version: '10.0', java.version: '1.8.0_181'
Driver info: driver.version: unknown)

2019-04-22 16:37:58 - [TEST_STEP][FAILED] - callTestCase: Unable to call Test Case with id 'Test Cases/Broadcasts/TC0175' (Root cause: Call Test Case 'Test Cases/Broadcasts/TC0175' failed)

2019-04-22 16:37:58 - [TEST_CASE][FAILED] - Test Cases/Broadcasts/TC0175: Test Cases/Broadcasts/TC0175 FAILED because (of) Unable to click on object 'Object Repository/Page_KiboPush  Dashboard/span_Polls' (Root cause: com.kms.katalon.core.webui.exception.BrowserNotOpenedException: Browser is not opened
Build info: version: '3.7.1', revision: '8a0099a', time: '2017-11-06T21:07:36.161Z'
System info: host: 'DESKTOP-4M6R1V0', ip: '10.0.2.15', os.name: 'Windows 10', os.arch: 'amd64', os.version: '10.0', java.version: '1.8.0_181'
Driver info: driver.version: unknown)

2019-04-22 16:37:59 - [TEST_STEP][FAILED] - callTestCase: Unable to call Test Case with id 'Test Cases/s-sidebar_navigation/TeamAccount/Broadcasts' (Root cause: Call Test Case 'Test Cases/s-sidebar_navigation/TeamAccount/Broadcasts' failed)

2019-04-22 16:37:59 - [TEST_CASE][FAILED] - Test Cases/s-sidebar_navigation/TeamAccount/Broadcasts: Test Cases/s-sidebar_navigation/TeamAccount/Broadcasts FAILED because (of) Unable to click on object 'Object Repository/Page_KiboPush  Dashboard/span_Polls' (Root cause: com.kms.katalon.core.webui.exception.BrowserNotOpenedException: Browser is not opened
Build info: version: '3.7.1', revision: '8a0099a', time: '2017-11-06T21:07:36.161Z'
System info: host: 'DESKTOP-4M6R1V0', ip: '10.0.2.15', os.name: 'Windows 10', os.arch: 'amd64', os.version: '10.0', java.version: '1.8.0_181'
Driver info: driver.version: unknown)

2019-04-22 16:37:59 - [TEST_STEP][FAILED] - callTestCase: Unable to call Test Case with id 'Test Cases/s-sidebar_navigation/individualAccount/broadcast' (Root cause: Call Test Case 'Test Cases/s-sidebar_navigation/individualAccount/broadcast' failed)

2019-04-22 16:37:59 - [TEST_CASE][FAILED] - Test Cases/s-sidebar_navigation/individualAccount/broadcast: Test Cases/s-sidebar_navigation/individualAccount/broadcast FAILED because (of) Unable to click on object 'Object Repository/Page_KiboPush  Dashboard/span_Polls' (Root cause: com.kms.katalon.core.webui.exception.BrowserNotOpenedException: Browser is not opened
Build info: version: '3.7.1', revision: '8a0099a', time: '2017-11-06T21:07:36.161Z'
System info: host: 'DESKTOP-4M6R1V0', ip: '10.0.2.15', os.name: 'Windows 10', os.arch: 'amd64', os.version: '10.0', java.version: '1.8.0_181'
Driver info: driver.version: unknown)

2019-04-22 16:37:59 - [TEST_STEP][FAILED] - click: Unable to click on object 'Object Repository/Page_KiboPush  Dashboard/span_Polls' (Root cause: com.kms.katalon.core.webui.exception.BrowserNotOpenedException: Browser is not opened
Build info: version: '3.7.1', revision: '8a0099a', time: '2017-11-06T21:07:36.161Z'
System info: host: 'DESKTOP-4M6R1V0', ip: '10.0.2.15', os.name: 'Windows 10', os.arch: 'amd64', os.version: '10.0', java.version: '1.8.0_181'
Driver info: driver.version: unknown)

2019-04-22 16:37:59 - [MESSAGE][WARNING] - Cannot take screenshot

2019-04-22 16:38:00 - [MESSAGE][FAILED] - Unable to click on object 'Object Repository/Page_KiboPush  Dashboard/span_Polls' (Root cause: com.kms.katalon.core.webui.exception.BrowserNotOpenedException: Browser is not opened
Build info: version: '3.7.1', revision: '8a0099a', time: '2017-11-06T21:07:36.161Z'
System info: host: 'DESKTOP-4M6R1V0', ip: '10.0.2.15', os.name: 'Windows 10', os.arch: 'amd64', os.version: '10.0', java.version: '1.8.0_181'
Driver info: driver.version: unknown)

2019-04-22 16:38:00 - [MESSAGE][FAILED] - Unable to call Test Case with id 'Test Cases/s-sidebar_navigation/individualAccount/broadcast' (Root cause: Call Test Case 'Test Cases/s-sidebar_navigation/individualAccount/broadcast' failed)

2019-04-22 16:38:00 - [MESSAGE][FAILED] - Unable to call Test Case with id 'Test Cases/s-sidebar_navigation/TeamAccount/Broadcasts' (Root cause: Call Test Case 'Test Cases/s-sidebar_navigation/TeamAccount/Broadcasts' failed)

2019-04-22 16:38:00 - [MESSAGE][FAILED] - Unable to call Test Case with id 'Test Cases/Broadcasts/TC0175' (Root cause: Call Test Case 'Test Cases/Broadcasts/TC0175' failed)]]></system-out>
         <system-err><![CDATA[2019-04-22 16:37:57 - [TEST_CASE][FAILED] - Test Cases/Broadcasts/TC0176: Test Cases/Broadcasts/TC0176 FAILED because (of) Unable to click on object 'Object Repository/Page_KiboPush  Dashboard/span_Polls' (Root cause: com.kms.katalon.core.webui.exception.BrowserNotOpenedException: Browser is not opened
Build info: version: '3.7.1', revision: '8a0099a', time: '2017-11-06T21:07:36.161Z'
System info: host: 'DESKTOP-4M6R1V0', ip: '10.0.2.15', os.name: 'Windows 10', os.arch: 'amd64', os.version: '10.0', java.version: '1.8.0_181'
Driver info: driver.version: unknown)]]></system-err>
      </testcase>
      <testcase name="Test Cases/Broadcasts/TC0177" classname="Test Cases/Broadcasts/TC0177" status="FAILED">
         <failure type="FAILED" message="Unable to click on object 'Object Repository/Page_KiboPush  Dashboard/span_Polls' (Root cause: com.kms.katalon.core.webui.exception.BrowserNotOpenedException: Browser is not opened
Build info: version: '3.7.1', revision: '8a0099a', time: '2017-11-06T21:07:36.161Z'
System info: host: 'DESKTOP-4M6R1V0', ip: '10.0.2.15', os.name: 'Windows 10', os.arch: 'amd64', os.version: '10.0', java.version: '1.8.0_181'
Driver info: driver.version: unknown)"/>
         <system-out><![CDATA[2019-04-22 16:38:00 - [TEST_CASE][FAILED] - Test Cases/Broadcasts/TC0177: Test Cases/Broadcasts/TC0177 FAILED because (of) Unable to click on object 'Object Repository/Page_KiboPush  Dashboard/span_Polls' (Root cause: com.kms.katalon.core.webui.exception.BrowserNotOpenedException: Browser is not opened
Build info: version: '3.7.1', revision: '8a0099a', time: '2017-11-06T21:07:36.161Z'
System info: host: 'DESKTOP-4M6R1V0', ip: '10.0.2.15', os.name: 'Windows 10', os.arch: 'amd64', os.version: '10.0', java.version: '1.8.0_181'
Driver info: driver.version: unknown)

2019-04-22 16:38:01 - [TEST_STEP][FAILED] - callTestCase: Unable to call Test Case with id 'Test Cases/Broadcasts/TC0175' (Root cause: Call Test Case 'Test Cases/Broadcasts/TC0175' failed)

2019-04-22 16:38:01 - [TEST_CASE][FAILED] - Test Cases/Broadcasts/TC0175: Test Cases/Broadcasts/TC0175 FAILED because (of) Unable to click on object 'Object Repository/Page_KiboPush  Dashboard/span_Polls' (Root cause: com.kms.katalon.core.webui.exception.BrowserNotOpenedException: Browser is not opened
Build info: version: '3.7.1', revision: '8a0099a', time: '2017-11-06T21:07:36.161Z'
System info: host: 'DESKTOP-4M6R1V0', ip: '10.0.2.15', os.name: 'Windows 10', os.arch: 'amd64', os.version: '10.0', java.version: '1.8.0_181'
Driver info: driver.version: unknown)

2019-04-22 16:38:01 - [TEST_STEP][FAILED] - callTestCase: Unable to call Test Case with id 'Test Cases/s-sidebar_navigation/TeamAccount/Broadcasts' (Root cause: Call Test Case 'Test Cases/s-sidebar_navigation/TeamAccount/Broadcasts' failed)

2019-04-22 16:38:01 - [TEST_CASE][FAILED] - Test Cases/s-sidebar_navigation/TeamAccount/Broadcasts: Test Cases/s-sidebar_navigation/TeamAccount/Broadcasts FAILED because (of) Unable to click on object 'Object Repository/Page_KiboPush  Dashboard/span_Polls' (Root cause: com.kms.katalon.core.webui.exception.BrowserNotOpenedException: Browser is not opened
Build info: version: '3.7.1', revision: '8a0099a', time: '2017-11-06T21:07:36.161Z'
System info: host: 'DESKTOP-4M6R1V0', ip: '10.0.2.15', os.name: 'Windows 10', os.arch: 'amd64', os.version: '10.0', java.version: '1.8.0_181'
Driver info: driver.version: unknown)

2019-04-22 16:38:01 - [TEST_STEP][FAILED] - callTestCase: Unable to call Test Case with id 'Test Cases/s-sidebar_navigation/individualAccount/broadcast' (Root cause: Call Test Case 'Test Cases/s-sidebar_navigation/individualAccount/broadcast' failed)

2019-04-22 16:38:01 - [TEST_CASE][FAILED] - Test Cases/s-sidebar_navigation/individualAccount/broadcast: Test Cases/s-sidebar_navigation/individualAccount/broadcast FAILED because (of) Unable to click on object 'Object Repository/Page_KiboPush  Dashboard/span_Polls' (Root cause: com.kms.katalon.core.webui.exception.BrowserNotOpenedException: Browser is not opened
Build info: version: '3.7.1', revision: '8a0099a', time: '2017-11-06T21:07:36.161Z'
System info: host: 'DESKTOP-4M6R1V0', ip: '10.0.2.15', os.name: 'Windows 10', os.arch: 'amd64', os.version: '10.0', java.version: '1.8.0_181'
Driver info: driver.version: unknown)

2019-04-22 16:38:01 - [TEST_STEP][FAILED] - click: Unable to click on object 'Object Repository/Page_KiboPush  Dashboard/span_Polls' (Root cause: com.kms.katalon.core.webui.exception.BrowserNotOpenedException: Browser is not opened
Build info: version: '3.7.1', revision: '8a0099a', time: '2017-11-06T21:07:36.161Z'
System info: host: 'DESKTOP-4M6R1V0', ip: '10.0.2.15', os.name: 'Windows 10', os.arch: 'amd64', os.version: '10.0', java.version: '1.8.0_181'
Driver info: driver.version: unknown)

2019-04-22 16:38:01 - [MESSAGE][WARNING] - Cannot take screenshot

2019-04-22 16:38:01 - [MESSAGE][FAILED] - Unable to click on object 'Object Repository/Page_KiboPush  Dashboard/span_Polls' (Root cause: com.kms.katalon.core.webui.exception.BrowserNotOpenedException: Browser is not opened
Build info: version: '3.7.1', revision: '8a0099a', time: '2017-11-06T21:07:36.161Z'
System info: host: 'DESKTOP-4M6R1V0', ip: '10.0.2.15', os.name: 'Windows 10', os.arch: 'amd64', os.version: '10.0', java.version: '1.8.0_181'
Driver info: driver.version: unknown)

2019-04-22 16:38:01 - [MESSAGE][FAILED] - Unable to call Test Case with id 'Test Cases/s-sidebar_navigation/individualAccount/broadcast' (Root cause: Call Test Case 'Test Cases/s-sidebar_navigation/individualAccount/broadcast' failed)

2019-04-22 16:38:01 - [MESSAGE][FAILED] - Unable to call Test Case with id 'Test Cases/s-sidebar_navigation/TeamAccount/Broadcasts' (Root cause: Call Test Case 'Test Cases/s-sidebar_navigation/TeamAccount/Broadcasts' failed)

2019-04-22 16:38:01 - [MESSAGE][FAILED] - Unable to call Test Case with id 'Test Cases/Broadcasts/TC0175' (Root cause: Call Test Case 'Test Cases/Broadcasts/TC0175' failed)]]></system-out>
         <system-err><![CDATA[2019-04-22 16:38:00 - [TEST_CASE][FAILED] - Test Cases/Broadcasts/TC0177: Test Cases/Broadcasts/TC0177 FAILED because (of) Unable to click on object 'Object Repository/Page_KiboPush  Dashboard/span_Polls' (Root cause: com.kms.katalon.core.webui.exception.BrowserNotOpenedException: Browser is not opened
Build info: version: '3.7.1', revision: '8a0099a', time: '2017-11-06T21:07:36.161Z'
System info: host: 'DESKTOP-4M6R1V0', ip: '10.0.2.15', os.name: 'Windows 10', os.arch: 'amd64', os.version: '10.0', java.version: '1.8.0_181'
Driver info: driver.version: unknown)]]></system-err>
      </testcase>
      <testcase name="Test Cases/Broadcasts/TC0178" classname="Test Cases/Broadcasts/TC0178" status="FAILED">
         <failure type="FAILED" message="Unable to click on object 'Object Repository/Page_KiboPush  Dashboard/span_Polls' (Root cause: com.kms.katalon.core.webui.exception.BrowserNotOpenedException: Browser is not opened
Build info: version: '3.7.1', revision: '8a0099a', time: '2017-11-06T21:07:36.161Z'
System info: host: 'DESKTOP-4M6R1V0', ip: '10.0.2.15', os.name: 'Windows 10', os.arch: 'amd64', os.version: '10.0', java.version: '1.8.0_181'
Driver info: driver.version: unknown)"/>
         <system-out><![CDATA[2019-04-22 16:38:01 - [TEST_CASE][FAILED] - Test Cases/Broadcasts/TC0178: Test Cases/Broadcasts/TC0178 FAILED because (of) Unable to click on object 'Object Repository/Page_KiboPush  Dashboard/span_Polls' (Root cause: com.kms.katalon.core.webui.exception.BrowserNotOpenedException: Browser is not opened
Build info: version: '3.7.1', revision: '8a0099a', time: '2017-11-06T21:07:36.161Z'
System info: host: 'DESKTOP-4M6R1V0', ip: '10.0.2.15', os.name: 'Windows 10', os.arch: 'amd64', os.version: '10.0', java.version: '1.8.0_181'
Driver info: driver.version: unknown)

2019-04-22 16:38:03 - [TEST_STEP][FAILED] - callTestCase: Unable to call Test Case with id 'Test Cases/Broadcasts/TC0175' (Root cause: Call Test Case 'Test Cases/Broadcasts/TC0175' failed)

2019-04-22 16:38:03 - [TEST_CASE][FAILED] - Test Cases/Broadcasts/TC0175: Test Cases/Broadcasts/TC0175 FAILED because (of) Unable to click on object 'Object Repository/Page_KiboPush  Dashboard/span_Polls' (Root cause: com.kms.katalon.core.webui.exception.BrowserNotOpenedException: Browser is not opened
Build info: version: '3.7.1', revision: '8a0099a', time: '2017-11-06T21:07:36.161Z'
System info: host: 'DESKTOP-4M6R1V0', ip: '10.0.2.15', os.name: 'Windows 10', os.arch: 'amd64', os.version: '10.0', java.version: '1.8.0_181'
Driver info: driver.version: unknown)

2019-04-22 16:38:03 - [TEST_STEP][FAILED] - callTestCase: Unable to call Test Case with id 'Test Cases/s-sidebar_navigation/TeamAccount/Broadcasts' (Root cause: Call Test Case 'Test Cases/s-sidebar_navigation/TeamAccount/Broadcasts' failed)

2019-04-22 16:38:03 - [TEST_CASE][FAILED] - Test Cases/s-sidebar_navigation/TeamAccount/Broadcasts: Test Cases/s-sidebar_navigation/TeamAccount/Broadcasts FAILED because (of) Unable to click on object 'Object Repository/Page_KiboPush  Dashboard/span_Polls' (Root cause: com.kms.katalon.core.webui.exception.BrowserNotOpenedException: Browser is not opened
Build info: version: '3.7.1', revision: '8a0099a', time: '2017-11-06T21:07:36.161Z'
System info: host: 'DESKTOP-4M6R1V0', ip: '10.0.2.15', os.name: 'Windows 10', os.arch: 'amd64', os.version: '10.0', java.version: '1.8.0_181'
Driver info: driver.version: unknown)

2019-04-22 16:38:03 - [TEST_STEP][FAILED] - callTestCase: Unable to call Test Case with id 'Test Cases/s-sidebar_navigation/individualAccount/broadcast' (Root cause: Call Test Case 'Test Cases/s-sidebar_navigation/individualAccount/broadcast' failed)

2019-04-22 16:38:03 - [TEST_CASE][FAILED] - Test Cases/s-sidebar_navigation/individualAccount/broadcast: Test Cases/s-sidebar_navigation/individualAccount/broadcast FAILED because (of) Unable to click on object 'Object Repository/Page_KiboPush  Dashboard/span_Polls' (Root cause: com.kms.katalon.core.webui.exception.BrowserNotOpenedException: Browser is not opened
Build info: version: '3.7.1', revision: '8a0099a', time: '2017-11-06T21:07:36.161Z'
System info: host: 'DESKTOP-4M6R1V0', ip: '10.0.2.15', os.name: 'Windows 10', os.arch: 'amd64', os.version: '10.0', java.version: '1.8.0_181'
Driver info: driver.version: unknown)

2019-04-22 16:38:03 - [TEST_STEP][FAILED] - click: Unable to click on object 'Object Repository/Page_KiboPush  Dashboard/span_Polls' (Root cause: com.kms.katalon.core.webui.exception.BrowserNotOpenedException: Browser is not opened
Build info: version: '3.7.1', revision: '8a0099a', time: '2017-11-06T21:07:36.161Z'
System info: host: 'DESKTOP-4M6R1V0', ip: '10.0.2.15', os.name: 'Windows 10', os.arch: 'amd64', os.version: '10.0', java.version: '1.8.0_181'
Driver info: driver.version: unknown)

2019-04-22 16:38:03 - [MESSAGE][WARNING] - Cannot take screenshot

2019-04-22 16:38:03 - [MESSAGE][FAILED] - Unable to click on object 'Object Repository/Page_KiboPush  Dashboard/span_Polls' (Root cause: com.kms.katalon.core.webui.exception.BrowserNotOpenedException: Browser is not opened
Build info: version: '3.7.1', revision: '8a0099a', time: '2017-11-06T21:07:36.161Z'
System info: host: 'DESKTOP-4M6R1V0', ip: '10.0.2.15', os.name: 'Windows 10', os.arch: 'amd64', os.version: '10.0', java.version: '1.8.0_181'
Driver info: driver.version: unknown)

2019-04-22 16:38:03 - [MESSAGE][FAILED] - Unable to call Test Case with id 'Test Cases/s-sidebar_navigation/individualAccount/broadcast' (Root cause: Call Test Case 'Test Cases/s-sidebar_navigation/individualAccount/broadcast' failed)

2019-04-22 16:38:03 - [MESSAGE][FAILED] - Unable to call Test Case with id 'Test Cases/s-sidebar_navigation/TeamAccount/Broadcasts' (Root cause: Call Test Case 'Test Cases/s-sidebar_navigation/TeamAccount/Broadcasts' failed)

2019-04-22 16:38:03 - [MESSAGE][FAILED] - Unable to call Test Case with id 'Test Cases/Broadcasts/TC0175' (Root cause: Call Test Case 'Test Cases/Broadcasts/TC0175' failed)]]></system-out>
         <system-err><![CDATA[2019-04-22 16:38:01 - [TEST_CASE][FAILED] - Test Cases/Broadcasts/TC0178: Test Cases/Broadcasts/TC0178 FAILED because (of) Unable to click on object 'Object Repository/Page_KiboPush  Dashboard/span_Polls' (Root cause: com.kms.katalon.core.webui.exception.BrowserNotOpenedException: Browser is not opened
Build info: version: '3.7.1', revision: '8a0099a', time: '2017-11-06T21:07:36.161Z'
System info: host: 'DESKTOP-4M6R1V0', ip: '10.0.2.15', os.name: 'Windows 10', os.arch: 'amd64', os.version: '10.0', java.version: '1.8.0_181'
Driver info: driver.version: unknown)]]></system-err>
      </testcase>
      <testcase name="Test Cases/Broadcasts/TC0182" classname="Test Cases/Broadcasts/TC0182" status="FAILED">
         <failure type="FAILED" message="Unable to click on object 'Object Repository/Page_KiboPush  Dashboard/span_Polls' (Root cause: com.kms.katalon.core.webui.exception.BrowserNotOpenedException: Browser is not opened
Build info: version: '3.7.1', revision: '8a0099a', time: '2017-11-06T21:07:36.161Z'
System info: host: 'DESKTOP-4M6R1V0', ip: '10.0.2.15', os.name: 'Windows 10', os.arch: 'amd64', os.version: '10.0', java.version: '1.8.0_181'
Driver info: driver.version: unknown)"/>
         <system-out><![CDATA[2019-04-22 16:38:03 - [TEST_CASE][FAILED] - Test Cases/Broadcasts/TC0182: Test Cases/Broadcasts/TC0182 FAILED because (of) Unable to click on object 'Object Repository/Page_KiboPush  Dashboard/span_Polls' (Root cause: com.kms.katalon.core.webui.exception.BrowserNotOpenedException: Browser is not opened
Build info: version: '3.7.1', revision: '8a0099a', time: '2017-11-06T21:07:36.161Z'
System info: host: 'DESKTOP-4M6R1V0', ip: '10.0.2.15', os.name: 'Windows 10', os.arch: 'amd64', os.version: '10.0', java.version: '1.8.0_181'
Driver info: driver.version: unknown)

2019-04-22 16:38:05 - [TEST_STEP][FAILED] - callTestCase: Unable to call Test Case with id 'Test Cases/Broadcasts/TC0131' (Root cause: Call Test Case 'Test Cases/Broadcasts/TC0131' failed)

2019-04-22 16:38:05 - [TEST_CASE][FAILED] - Test Cases/Broadcasts/TC0131: Test Cases/Broadcasts/TC0131 FAILED because (of) Unable to click on object 'Object Repository/Page_KiboPush  Dashboard/span_Polls' (Root cause: com.kms.katalon.core.webui.exception.BrowserNotOpenedException: Browser is not opened
Build info: version: '3.7.1', revision: '8a0099a', time: '2017-11-06T21:07:36.161Z'
System info: host: 'DESKTOP-4M6R1V0', ip: '10.0.2.15', os.name: 'Windows 10', os.arch: 'amd64', os.version: '10.0', java.version: '1.8.0_181'
Driver info: driver.version: unknown)

2019-04-22 16:38:05 - [TEST_STEP][FAILED] - callTestCase: Unable to call Test Case with id 'Test Cases/s-sidebar_navigation/TeamAccount/Broadcasts' (Root cause: Call Test Case 'Test Cases/s-sidebar_navigation/TeamAccount/Broadcasts' failed)

2019-04-22 16:38:05 - [TEST_CASE][FAILED] - Test Cases/s-sidebar_navigation/TeamAccount/Broadcasts: Test Cases/s-sidebar_navigation/TeamAccount/Broadcasts FAILED because (of) Unable to click on object 'Object Repository/Page_KiboPush  Dashboard/span_Polls' (Root cause: com.kms.katalon.core.webui.exception.BrowserNotOpenedException: Browser is not opened
Build info: version: '3.7.1', revision: '8a0099a', time: '2017-11-06T21:07:36.161Z'
System info: host: 'DESKTOP-4M6R1V0', ip: '10.0.2.15', os.name: 'Windows 10', os.arch: 'amd64', os.version: '10.0', java.version: '1.8.0_181'
Driver info: driver.version: unknown)

2019-04-22 16:38:05 - [TEST_STEP][FAILED] - callTestCase: Unable to call Test Case with id 'Test Cases/s-sidebar_navigation/individualAccount/broadcast' (Root cause: Call Test Case 'Test Cases/s-sidebar_navigation/individualAccount/broadcast' failed)

2019-04-22 16:38:05 - [TEST_CASE][FAILED] - Test Cases/s-sidebar_navigation/individualAccount/broadcast: Test Cases/s-sidebar_navigation/individualAccount/broadcast FAILED because (of) Unable to click on object 'Object Repository/Page_KiboPush  Dashboard/span_Polls' (Root cause: com.kms.katalon.core.webui.exception.BrowserNotOpenedException: Browser is not opened
Build info: version: '3.7.1', revision: '8a0099a', time: '2017-11-06T21:07:36.161Z'
System info: host: 'DESKTOP-4M6R1V0', ip: '10.0.2.15', os.name: 'Windows 10', os.arch: 'amd64', os.version: '10.0', java.version: '1.8.0_181'
Driver info: driver.version: unknown)

2019-04-22 16:38:05 - [TEST_STEP][FAILED] - click: Unable to click on object 'Object Repository/Page_KiboPush  Dashboard/span_Polls' (Root cause: com.kms.katalon.core.webui.exception.BrowserNotOpenedException: Browser is not opened
Build info: version: '3.7.1', revision: '8a0099a', time: '2017-11-06T21:07:36.161Z'
System info: host: 'DESKTOP-4M6R1V0', ip: '10.0.2.15', os.name: 'Windows 10', os.arch: 'amd64', os.version: '10.0', java.version: '1.8.0_181'
Driver info: driver.version: unknown)

2019-04-22 16:38:05 - [MESSAGE][WARNING] - Cannot take screenshot

2019-04-22 16:38:05 - [MESSAGE][FAILED] - Unable to click on object 'Object Repository/Page_KiboPush  Dashboard/span_Polls' (Root cause: com.kms.katalon.core.webui.exception.BrowserNotOpenedException: Browser is not opened
Build info: version: '3.7.1', revision: '8a0099a', time: '2017-11-06T21:07:36.161Z'
System info: host: 'DESKTOP-4M6R1V0', ip: '10.0.2.15', os.name: 'Windows 10', os.arch: 'amd64', os.version: '10.0', java.version: '1.8.0_181'
Driver info: driver.version: unknown)

2019-04-22 16:38:05 - [MESSAGE][FAILED] - Unable to call Test Case with id 'Test Cases/s-sidebar_navigation/individualAccount/broadcast' (Root cause: Call Test Case 'Test Cases/s-sidebar_navigation/individualAccount/broadcast' failed)

2019-04-22 16:38:05 - [MESSAGE][FAILED] - Unable to call Test Case with id 'Test Cases/s-sidebar_navigation/TeamAccount/Broadcasts' (Root cause: Call Test Case 'Test Cases/s-sidebar_navigation/TeamAccount/Broadcasts' failed)

2019-04-22 16:38:05 - [MESSAGE][FAILED] - Unable to call Test Case with id 'Test Cases/Broadcasts/TC0131' (Root cause: Call Test Case 'Test Cases/Broadcasts/TC0131' failed)]]></system-out>
         <system-err><![CDATA[2019-04-22 16:38:03 - [TEST_CASE][FAILED] - Test Cases/Broadcasts/TC0182: Test Cases/Broadcasts/TC0182 FAILED because (of) Unable to click on object 'Object Repository/Page_KiboPush  Dashboard/span_Polls' (Root cause: com.kms.katalon.core.webui.exception.BrowserNotOpenedException: Browser is not opened
Build info: version: '3.7.1', revision: '8a0099a', time: '2017-11-06T21:07:36.161Z'
System info: host: 'DESKTOP-4M6R1V0', ip: '10.0.2.15', os.name: 'Windows 10', os.arch: 'amd64', os.version: '10.0', java.version: '1.8.0_181'
Driver info: driver.version: unknown)]]></system-err>
      </testcase>
      <testcase name="Test Cases/Broadcasts/TC0183" classname="Test Cases/Broadcasts/TC0183" status="FAILED">
         <failure type="FAILED" message="Unable to click on object 'Object Repository/Page_KiboPush  Dashboard/span_Polls' (Root cause: com.kms.katalon.core.webui.exception.BrowserNotOpenedException: Browser is not opened
Build info: version: '3.7.1', revision: '8a0099a', time: '2017-11-06T21:07:36.161Z'
System info: host: 'DESKTOP-4M6R1V0', ip: '10.0.2.15', os.name: 'Windows 10', os.arch: 'amd64', os.version: '10.0', java.version: '1.8.0_181'
Driver info: driver.version: unknown)"/>
         <system-out><![CDATA[2019-04-22 16:38:05 - [TEST_CASE][FAILED] - Test Cases/Broadcasts/TC0183: Test Cases/Broadcasts/TC0183 FAILED because (of) Unable to click on object 'Object Repository/Page_KiboPush  Dashboard/span_Polls' (Root cause: com.kms.katalon.core.webui.exception.BrowserNotOpenedException: Browser is not opened
Build info: version: '3.7.1', revision: '8a0099a', time: '2017-11-06T21:07:36.161Z'
System info: host: 'DESKTOP-4M6R1V0', ip: '10.0.2.15', os.name: 'Windows 10', os.arch: 'amd64', os.version: '10.0', java.version: '1.8.0_181'
Driver info: driver.version: unknown)

2019-04-22 16:38:06 - [TEST_STEP][FAILED] - callTestCase: Unable to call Test Case with id 'Test Cases/Broadcasts/TC0137' (Root cause: Call Test Case 'Test Cases/Broadcasts/TC0137' failed)

2019-04-22 16:38:07 - [TEST_CASE][FAILED] - Test Cases/Broadcasts/TC0137: Test Cases/Broadcasts/TC0137 FAILED because (of) Unable to click on object 'Object Repository/Page_KiboPush  Dashboard/span_Polls' (Root cause: com.kms.katalon.core.webui.exception.BrowserNotOpenedException: Browser is not opened
Build info: version: '3.7.1', revision: '8a0099a', time: '2017-11-06T21:07:36.161Z'
System info: host: 'DESKTOP-4M6R1V0', ip: '10.0.2.15', os.name: 'Windows 10', os.arch: 'amd64', os.version: '10.0', java.version: '1.8.0_181'
Driver info: driver.version: unknown)

2019-04-22 16:38:07 - [TEST_STEP][FAILED] - callTestCase: Unable to call Test Case with id 'Test Cases/s-sidebar_navigation/TeamAccount/Broadcasts' (Root cause: Call Test Case 'Test Cases/s-sidebar_navigation/TeamAccount/Broadcasts' failed)

2019-04-22 16:38:07 - [TEST_CASE][FAILED] - Test Cases/s-sidebar_navigation/TeamAccount/Broadcasts: Test Cases/s-sidebar_navigation/TeamAccount/Broadcasts FAILED because (of) Unable to click on object 'Object Repository/Page_KiboPush  Dashboard/span_Polls' (Root cause: com.kms.katalon.core.webui.exception.BrowserNotOpenedException: Browser is not opened
Build info: version: '3.7.1', revision: '8a0099a', time: '2017-11-06T21:07:36.161Z'
System info: host: 'DESKTOP-4M6R1V0', ip: '10.0.2.15', os.name: 'Windows 10', os.arch: 'amd64', os.version: '10.0', java.version: '1.8.0_181'
Driver info: driver.version: unknown)

2019-04-22 16:38:07 - [TEST_STEP][FAILED] - callTestCase: Unable to call Test Case with id 'Test Cases/s-sidebar_navigation/individualAccount/broadcast' (Root cause: Call Test Case 'Test Cases/s-sidebar_navigation/individualAccount/broadcast' failed)

2019-04-22 16:38:07 - [TEST_CASE][FAILED] - Test Cases/s-sidebar_navigation/individualAccount/broadcast: Test Cases/s-sidebar_navigation/individualAccount/broadcast FAILED because (of) Unable to click on object 'Object Repository/Page_KiboPush  Dashboard/span_Polls' (Root cause: com.kms.katalon.core.webui.exception.BrowserNotOpenedException: Browser is not opened
Build info: version: '3.7.1', revision: '8a0099a', time: '2017-11-06T21:07:36.161Z'
System info: host: 'DESKTOP-4M6R1V0', ip: '10.0.2.15', os.name: 'Windows 10', os.arch: 'amd64', os.version: '10.0', java.version: '1.8.0_181'
Driver info: driver.version: unknown)

2019-04-22 16:38:07 - [TEST_STEP][FAILED] - click: Unable to click on object 'Object Repository/Page_KiboPush  Dashboard/span_Polls' (Root cause: com.kms.katalon.core.webui.exception.BrowserNotOpenedException: Browser is not opened
Build info: version: '3.7.1', revision: '8a0099a', time: '2017-11-06T21:07:36.161Z'
System info: host: 'DESKTOP-4M6R1V0', ip: '10.0.2.15', os.name: 'Windows 10', os.arch: 'amd64', os.version: '10.0', java.version: '1.8.0_181'
Driver info: driver.version: unknown)

2019-04-22 16:38:07 - [MESSAGE][WARNING] - Cannot take screenshot

2019-04-22 16:38:07 - [MESSAGE][FAILED] - Unable to click on object 'Object Repository/Page_KiboPush  Dashboard/span_Polls' (Root cause: com.kms.katalon.core.webui.exception.BrowserNotOpenedException: Browser is not opened
Build info: version: '3.7.1', revision: '8a0099a', time: '2017-11-06T21:07:36.161Z'
System info: host: 'DESKTOP-4M6R1V0', ip: '10.0.2.15', os.name: 'Windows 10', os.arch: 'amd64', os.version: '10.0', java.version: '1.8.0_181'
Driver info: driver.version: unknown)

2019-04-22 16:38:07 - [MESSAGE][FAILED] - Unable to call Test Case with id 'Test Cases/s-sidebar_navigation/individualAccount/broadcast' (Root cause: Call Test Case 'Test Cases/s-sidebar_navigation/individualAccount/broadcast' failed)

2019-04-22 16:38:07 - [MESSAGE][FAILED] - Unable to call Test Case with id 'Test Cases/s-sidebar_navigation/TeamAccount/Broadcasts' (Root cause: Call Test Case 'Test Cases/s-sidebar_navigation/TeamAccount/Broadcasts' failed)

2019-04-22 16:38:07 - [MESSAGE][FAILED] - Unable to call Test Case with id 'Test Cases/Broadcasts/TC0137' (Root cause: Call Test Case 'Test Cases/Broadcasts/TC0137' failed)]]></system-out>
         <system-err><![CDATA[2019-04-22 16:38:05 - [TEST_CASE][FAILED] - Test Cases/Broadcasts/TC0183: Test Cases/Broadcasts/TC0183 FAILED because (of) Unable to click on object 'Object Repository/Page_KiboPush  Dashboard/span_Polls' (Root cause: com.kms.katalon.core.webui.exception.BrowserNotOpenedException: Browser is not opened
Build info: version: '3.7.1', revision: '8a0099a', time: '2017-11-06T21:07:36.161Z'
System info: host: 'DESKTOP-4M6R1V0', ip: '10.0.2.15', os.name: 'Windows 10', os.arch: 'amd64', os.version: '10.0', java.version: '1.8.0_181'
Driver info: driver.version: unknown)]]></system-err>
      </testcase>
      <testcase name="Test Cases/Broadcasts/TC0184" classname="Test Cases/Broadcasts/TC0184" status="FAILED">
         <failure type="FAILED" message="Unable to click on object 'Object Repository/Page_KiboPush  Dashboard/span_Polls' (Root cause: com.kms.katalon.core.webui.exception.BrowserNotOpenedException: Browser is not opened
Build info: version: '3.7.1', revision: '8a0099a', time: '2017-11-06T21:07:36.161Z'
System info: host: 'DESKTOP-4M6R1V0', ip: '10.0.2.15', os.name: 'Windows 10', os.arch: 'amd64', os.version: '10.0', java.version: '1.8.0_181'
Driver info: driver.version: unknown)"/>
         <system-out><![CDATA[2019-04-22 16:38:07 - [TEST_CASE][FAILED] - Test Cases/Broadcasts/TC0184: Test Cases/Broadcasts/TC0184 FAILED because (of) Unable to click on object 'Object Repository/Page_KiboPush  Dashboard/span_Polls' (Root cause: com.kms.katalon.core.webui.exception.BrowserNotOpenedException: Browser is not opened
Build info: version: '3.7.1', revision: '8a0099a', time: '2017-11-06T21:07:36.161Z'
System info: host: 'DESKTOP-4M6R1V0', ip: '10.0.2.15', os.name: 'Windows 10', os.arch: 'amd64', os.version: '10.0', java.version: '1.8.0_181'
Driver info: driver.version: unknown)

2019-04-22 16:38:08 - [TEST_STEP][FAILED] - callTestCase: Unable to call Test Case with id 'Test Cases/Broadcasts/TC0141' (Root cause: Call Test Case 'Test Cases/Broadcasts/TC0141' failed)

2019-04-22 16:38:08 - [TEST_CASE][FAILED] - Test Cases/Broadcasts/TC0141: Test Cases/Broadcasts/TC0141 FAILED because (of) Unable to click on object 'Object Repository/Page_KiboPush  Dashboard/span_Polls' (Root cause: com.kms.katalon.core.webui.exception.BrowserNotOpenedException: Browser is not opened
Build info: version: '3.7.1', revision: '8a0099a', time: '2017-11-06T21:07:36.161Z'
System info: host: 'DESKTOP-4M6R1V0', ip: '10.0.2.15', os.name: 'Windows 10', os.arch: 'amd64', os.version: '10.0', java.version: '1.8.0_181'
Driver info: driver.version: unknown)

2019-04-22 16:38:08 - [TEST_STEP][FAILED] - callTestCase: Unable to call Test Case with id 'Test Cases/s-sidebar_navigation/TeamAccount/Broadcasts' (Root cause: Call Test Case 'Test Cases/s-sidebar_navigation/TeamAccount/Broadcasts' failed)

2019-04-22 16:38:08 - [TEST_CASE][FAILED] - Test Cases/s-sidebar_navigation/TeamAccount/Broadcasts: Test Cases/s-sidebar_navigation/TeamAccount/Broadcasts FAILED because (of) Unable to click on object 'Object Repository/Page_KiboPush  Dashboard/span_Polls' (Root cause: com.kms.katalon.core.webui.exception.BrowserNotOpenedException: Browser is not opened
Build info: version: '3.7.1', revision: '8a0099a', time: '2017-11-06T21:07:36.161Z'
System info: host: 'DESKTOP-4M6R1V0', ip: '10.0.2.15', os.name: 'Windows 10', os.arch: 'amd64', os.version: '10.0', java.version: '1.8.0_181'
Driver info: driver.version: unknown)

2019-04-22 16:38:08 - [TEST_STEP][FAILED] - callTestCase: Unable to call Test Case with id 'Test Cases/s-sidebar_navigation/individualAccount/broadcast' (Root cause: Call Test Case 'Test Cases/s-sidebar_navigation/individualAccount/broadcast' failed)

2019-04-22 16:38:09 - [TEST_CASE][FAILED] - Test Cases/s-sidebar_navigation/individualAccount/broadcast: Test Cases/s-sidebar_navigation/individualAccount/broadcast FAILED because (of) Unable to click on object 'Object Repository/Page_KiboPush  Dashboard/span_Polls' (Root cause: com.kms.katalon.core.webui.exception.BrowserNotOpenedException: Browser is not opened
Build info: version: '3.7.1', revision: '8a0099a', time: '2017-11-06T21:07:36.161Z'
System info: host: 'DESKTOP-4M6R1V0', ip: '10.0.2.15', os.name: 'Windows 10', os.arch: 'amd64', os.version: '10.0', java.version: '1.8.0_181'
Driver info: driver.version: unknown)

2019-04-22 16:38:09 - [TEST_STEP][FAILED] - click: Unable to click on object 'Object Repository/Page_KiboPush  Dashboard/span_Polls' (Root cause: com.kms.katalon.core.webui.exception.BrowserNotOpenedException: Browser is not opened
Build info: version: '3.7.1', revision: '8a0099a', time: '2017-11-06T21:07:36.161Z'
System info: host: 'DESKTOP-4M6R1V0', ip: '10.0.2.15', os.name: 'Windows 10', os.arch: 'amd64', os.version: '10.0', java.version: '1.8.0_181'
Driver info: driver.version: unknown)

2019-04-22 16:38:09 - [MESSAGE][WARNING] - Cannot take screenshot

2019-04-22 16:38:09 - [MESSAGE][FAILED] - Unable to click on object 'Object Repository/Page_KiboPush  Dashboard/span_Polls' (Root cause: com.kms.katalon.core.webui.exception.BrowserNotOpenedException: Browser is not opened
Build info: version: '3.7.1', revision: '8a0099a', time: '2017-11-06T21:07:36.161Z'
System info: host: 'DESKTOP-4M6R1V0', ip: '10.0.2.15', os.name: 'Windows 10', os.arch: 'amd64', os.version: '10.0', java.version: '1.8.0_181'
Driver info: driver.version: unknown)

2019-04-22 16:38:09 - [MESSAGE][FAILED] - Unable to call Test Case with id 'Test Cases/s-sidebar_navigation/individualAccount/broadcast' (Root cause: Call Test Case 'Test Cases/s-sidebar_navigation/individualAccount/broadcast' failed)

2019-04-22 16:38:09 - [MESSAGE][FAILED] - Unable to call Test Case with id 'Test Cases/s-sidebar_navigation/TeamAccount/Broadcasts' (Root cause: Call Test Case 'Test Cases/s-sidebar_navigation/TeamAccount/Broadcasts' failed)

2019-04-22 16:38:09 - [MESSAGE][FAILED] - Unable to call Test Case with id 'Test Cases/Broadcasts/TC0141' (Root cause: Call Test Case 'Test Cases/Broadcasts/TC0141' failed)]]></system-out>
         <system-err><![CDATA[2019-04-22 16:38:07 - [TEST_CASE][FAILED] - Test Cases/Broadcasts/TC0184: Test Cases/Broadcasts/TC0184 FAILED because (of) Unable to click on object 'Object Repository/Page_KiboPush  Dashboard/span_Polls' (Root cause: com.kms.katalon.core.webui.exception.BrowserNotOpenedException: Browser is not opened
Build info: version: '3.7.1', revision: '8a0099a', time: '2017-11-06T21:07:36.161Z'
System info: host: 'DESKTOP-4M6R1V0', ip: '10.0.2.15', os.name: 'Windows 10', os.arch: 'amd64', os.version: '10.0', java.version: '1.8.0_181'
Driver info: driver.version: unknown)]]></system-err>
      </testcase>
      <testcase name="Test Cases/Broadcasts/TC0185" classname="Test Cases/Broadcasts/TC0185" status="FAILED">
         <failure type="FAILED" message="Unable to click on object 'Object Repository/Page_KiboPush  Dashboard/span_Polls' (Root cause: com.kms.katalon.core.webui.exception.BrowserNotOpenedException: Browser is not opened
Build info: version: '3.7.1', revision: '8a0099a', time: '2017-11-06T21:07:36.161Z'
System info: host: 'DESKTOP-4M6R1V0', ip: '10.0.2.15', os.name: 'Windows 10', os.arch: 'amd64', os.version: '10.0', java.version: '1.8.0_181'
Driver info: driver.version: unknown)"/>
         <system-out><![CDATA[2019-04-22 16:38:09 - [TEST_CASE][FAILED] - Test Cases/Broadcasts/TC0185: Test Cases/Broadcasts/TC0185 FAILED because (of) Unable to click on object 'Object Repository/Page_KiboPush  Dashboard/span_Polls' (Root cause: com.kms.katalon.core.webui.exception.BrowserNotOpenedException: Browser is not opened
Build info: version: '3.7.1', revision: '8a0099a', time: '2017-11-06T21:07:36.161Z'
System info: host: 'DESKTOP-4M6R1V0', ip: '10.0.2.15', os.name: 'Windows 10', os.arch: 'amd64', os.version: '10.0', java.version: '1.8.0_181'
Driver info: driver.version: unknown)

2019-04-22 16:38:10 - [TEST_STEP][FAILED] - callTestCase: Unable to call Test Case with id 'Test Cases/Broadcasts/TC0150' (Root cause: Call Test Case 'Test Cases/Broadcasts/TC0150' failed)

2019-04-22 16:38:10 - [TEST_CASE][FAILED] - Test Cases/Broadcasts/TC0150: Test Cases/Broadcasts/TC0150 FAILED because (of) Unable to click on object 'Object Repository/Page_KiboPush  Dashboard/span_Polls' (Root cause: com.kms.katalon.core.webui.exception.BrowserNotOpenedException: Browser is not opened
Build info: version: '3.7.1', revision: '8a0099a', time: '2017-11-06T21:07:36.161Z'
System info: host: 'DESKTOP-4M6R1V0', ip: '10.0.2.15', os.name: 'Windows 10', os.arch: 'amd64', os.version: '10.0', java.version: '1.8.0_181'
Driver info: driver.version: unknown)

2019-04-22 16:38:11 - [TEST_STEP][FAILED] - callTestCase: Unable to call Test Case with id 'Test Cases/s-sidebar_navigation/TeamAccount/Broadcasts' (Root cause: Call Test Case 'Test Cases/s-sidebar_navigation/TeamAccount/Broadcasts' failed)

2019-04-22 16:38:12 - [TEST_CASE][FAILED] - Test Cases/s-sidebar_navigation/TeamAccount/Broadcasts: Test Cases/s-sidebar_navigation/TeamAccount/Broadcasts FAILED because (of) Unable to click on object 'Object Repository/Page_KiboPush  Dashboard/span_Polls' (Root cause: com.kms.katalon.core.webui.exception.BrowserNotOpenedException: Browser is not opened
Build info: version: '3.7.1', revision: '8a0099a', time: '2017-11-06T21:07:36.161Z'
System info: host: 'DESKTOP-4M6R1V0', ip: '10.0.2.15', os.name: 'Windows 10', os.arch: 'amd64', os.version: '10.0', java.version: '1.8.0_181'
Driver info: driver.version: unknown)

2019-04-22 16:38:12 - [TEST_STEP][FAILED] - callTestCase: Unable to call Test Case with id 'Test Cases/s-sidebar_navigation/individualAccount/broadcast' (Root cause: Call Test Case 'Test Cases/s-sidebar_navigation/individualAccount/broadcast' failed)

2019-04-22 16:38:12 - [TEST_CASE][FAILED] - Test Cases/s-sidebar_navigation/individualAccount/broadcast: Test Cases/s-sidebar_navigation/individualAccount/broadcast FAILED because (of) Unable to click on object 'Object Repository/Page_KiboPush  Dashboard/span_Polls' (Root cause: com.kms.katalon.core.webui.exception.BrowserNotOpenedException: Browser is not opened
Build info: version: '3.7.1', revision: '8a0099a', time: '2017-11-06T21:07:36.161Z'
System info: host: 'DESKTOP-4M6R1V0', ip: '10.0.2.15', os.name: 'Windows 10', os.arch: 'amd64', os.version: '10.0', java.version: '1.8.0_181'
Driver info: driver.version: unknown)

2019-04-22 16:38:12 - [TEST_STEP][FAILED] - click: Unable to click on object 'Object Repository/Page_KiboPush  Dashboard/span_Polls' (Root cause: com.kms.katalon.core.webui.exception.BrowserNotOpenedException: Browser is not opened
Build info: version: '3.7.1', revision: '8a0099a', time: '2017-11-06T21:07:36.161Z'
System info: host: 'DESKTOP-4M6R1V0', ip: '10.0.2.15', os.name: 'Windows 10', os.arch: 'amd64', os.version: '10.0', java.version: '1.8.0_181'
Driver info: driver.version: unknown)

2019-04-22 16:38:12 - [MESSAGE][WARNING] - Cannot take screenshot

2019-04-22 16:38:12 - [MESSAGE][FAILED] - Unable to click on object 'Object Repository/Page_KiboPush  Dashboard/span_Polls' (Root cause: com.kms.katalon.core.webui.exception.BrowserNotOpenedException: Browser is not opened
Build info: version: '3.7.1', revision: '8a0099a', time: '2017-11-06T21:07:36.161Z'
System info: host: 'DESKTOP-4M6R1V0', ip: '10.0.2.15', os.name: 'Windows 10', os.arch: 'amd64', os.version: '10.0', java.version: '1.8.0_181'
Driver info: driver.version: unknown)

2019-04-22 16:38:12 - [MESSAGE][FAILED] - Unable to call Test Case with id 'Test Cases/s-sidebar_navigation/individualAccount/broadcast' (Root cause: Call Test Case 'Test Cases/s-sidebar_navigation/individualAccount/broadcast' failed)

2019-04-22 16:38:12 - [MESSAGE][FAILED] - Unable to call Test Case with id 'Test Cases/s-sidebar_navigation/TeamAccount/Broadcasts' (Root cause: Call Test Case 'Test Cases/s-sidebar_navigation/TeamAccount/Broadcasts' failed)

2019-04-22 16:38:19 - [MESSAGE][FAILED] - Unable to call Test Case with id 'Test Cases/Broadcasts/TC0150' (Root cause: Call Test Case 'Test Cases/Broadcasts/TC0150' failed)]]></system-out>
         <system-err><![CDATA[2019-04-22 16:38:09 - [TEST_CASE][FAILED] - Test Cases/Broadcasts/TC0185: Test Cases/Broadcasts/TC0185 FAILED because (of) Unable to click on object 'Object Repository/Page_KiboPush  Dashboard/span_Polls' (Root cause: com.kms.katalon.core.webui.exception.BrowserNotOpenedException: Browser is not opened
Build info: version: '3.7.1', revision: '8a0099a', time: '2017-11-06T21:07:36.161Z'
System info: host: 'DESKTOP-4M6R1V0', ip: '10.0.2.15', os.name: 'Windows 10', os.arch: 'amd64', os.version: '10.0', java.version: '1.8.0_181'
Driver info: driver.version: unknown)]]></system-err>
      </testcase>
      <testcase name="Test Cases/Broadcasts/TC0186" classname="Test Cases/Broadcasts/TC0186" status="FAILED">
         <failure type="FAILED" message="Unable to click on object 'Object Repository/Page_KiboPush  Dashboard/span_Polls' (Root cause: com.kms.katalon.core.webui.exception.BrowserNotOpenedException: Browser is not opened
Build info: version: '3.7.1', revision: '8a0099a', time: '2017-11-06T21:07:36.161Z'
System info: host: 'DESKTOP-4M6R1V0', ip: '10.0.2.15', os.name: 'Windows 10', os.arch: 'amd64', os.version: '10.0', java.version: '1.8.0_181'
Driver info: driver.version: unknown)"/>
         <system-out><![CDATA[2019-04-22 16:38:19 - [TEST_CASE][FAILED] - Test Cases/Broadcasts/TC0186: Test Cases/Broadcasts/TC0186 FAILED because (of) Unable to click on object 'Object Repository/Page_KiboPush  Dashboard/span_Polls' (Root cause: com.kms.katalon.core.webui.exception.BrowserNotOpenedException: Browser is not opened
Build info: version: '3.7.1', revision: '8a0099a', time: '2017-11-06T21:07:36.161Z'
System info: host: 'DESKTOP-4M6R1V0', ip: '10.0.2.15', os.name: 'Windows 10', os.arch: 'amd64', os.version: '10.0', java.version: '1.8.0_181'
Driver info: driver.version: unknown)

2019-04-22 16:38:19 - [TEST_STEP][FAILED] - callTestCase: Unable to call Test Case with id 'Test Cases/Broadcasts/TC0163' (Root cause: Call Test Case 'Test Cases/Broadcasts/TC0163' failed)

2019-04-22 16:38:19 - [TEST_CASE][FAILED] - Test Cases/Broadcasts/TC0163: Test Cases/Broadcasts/TC0163 FAILED because (of) Unable to click on object 'Object Repository/Page_KiboPush  Dashboard/span_Polls' (Root cause: com.kms.katalon.core.webui.exception.BrowserNotOpenedException: Browser is not opened
Build info: version: '3.7.1', revision: '8a0099a', time: '2017-11-06T21:07:36.161Z'
System info: host: 'DESKTOP-4M6R1V0', ip: '10.0.2.15', os.name: 'Windows 10', os.arch: 'amd64', os.version: '10.0', java.version: '1.8.0_181'
Driver info: driver.version: unknown)

2019-04-22 16:38:21 - [TEST_STEP][FAILED] - callTestCase: Unable to call Test Case with id 'Test Cases/s-sidebar_navigation/TeamAccount/Broadcasts' (Root cause: Call Test Case 'Test Cases/s-sidebar_navigation/TeamAccount/Broadcasts' failed)

2019-04-22 16:38:21 - [TEST_CASE][FAILED] - Test Cases/s-sidebar_navigation/TeamAccount/Broadcasts: Test Cases/s-sidebar_navigation/TeamAccount/Broadcasts FAILED because (of) Unable to click on object 'Object Repository/Page_KiboPush  Dashboard/span_Polls' (Root cause: com.kms.katalon.core.webui.exception.BrowserNotOpenedException: Browser is not opened
Build info: version: '3.7.1', revision: '8a0099a', time: '2017-11-06T21:07:36.161Z'
System info: host: 'DESKTOP-4M6R1V0', ip: '10.0.2.15', os.name: 'Windows 10', os.arch: 'amd64', os.version: '10.0', java.version: '1.8.0_181'
Driver info: driver.version: unknown)

2019-04-22 16:38:21 - [TEST_STEP][FAILED] - callTestCase: Unable to call Test Case with id 'Test Cases/s-sidebar_navigation/individualAccount/broadcast' (Root cause: Call Test Case 'Test Cases/s-sidebar_navigation/individualAccount/broadcast' failed)

2019-04-22 16:38:21 - [TEST_CASE][FAILED] - Test Cases/s-sidebar_navigation/individualAccount/broadcast: Test Cases/s-sidebar_navigation/individualAccount/broadcast FAILED because (of) Unable to click on object 'Object Repository/Page_KiboPush  Dashboard/span_Polls' (Root cause: com.kms.katalon.core.webui.exception.BrowserNotOpenedException: Browser is not opened
Build info: version: '3.7.1', revision: '8a0099a', time: '2017-11-06T21:07:36.161Z'
System info: host: 'DESKTOP-4M6R1V0', ip: '10.0.2.15', os.name: 'Windows 10', os.arch: 'amd64', os.version: '10.0', java.version: '1.8.0_181'
Driver info: driver.version: unknown)

2019-04-22 16:38:21 - [TEST_STEP][FAILED] - click: Unable to click on object 'Object Repository/Page_KiboPush  Dashboard/span_Polls' (Root cause: com.kms.katalon.core.webui.exception.BrowserNotOpenedException: Browser is not opened
Build info: version: '3.7.1', revision: '8a0099a', time: '2017-11-06T21:07:36.161Z'
System info: host: 'DESKTOP-4M6R1V0', ip: '10.0.2.15', os.name: 'Windows 10', os.arch: 'amd64', os.version: '10.0', java.version: '1.8.0_181'
Driver info: driver.version: unknown)

2019-04-22 16:38:21 - [MESSAGE][WARNING] - Cannot take screenshot

2019-04-22 16:38:21 - [MESSAGE][FAILED] - Unable to click on object 'Object Repository/Page_KiboPush  Dashboard/span_Polls' (Root cause: com.kms.katalon.core.webui.exception.BrowserNotOpenedException: Browser is not opened
Build info: version: '3.7.1', revision: '8a0099a', time: '2017-11-06T21:07:36.161Z'
System info: host: 'DESKTOP-4M6R1V0', ip: '10.0.2.15', os.name: 'Windows 10', os.arch: 'amd64', os.version: '10.0', java.version: '1.8.0_181'
Driver info: driver.version: unknown)

2019-04-22 16:38:21 - [MESSAGE][FAILED] - Unable to call Test Case with id 'Test Cases/s-sidebar_navigation/individualAccount/broadcast' (Root cause: Call Test Case 'Test Cases/s-sidebar_navigation/individualAccount/broadcast' failed)

2019-04-22 16:38:21 - [MESSAGE][FAILED] - Unable to call Test Case with id 'Test Cases/s-sidebar_navigation/TeamAccount/Broadcasts' (Root cause: Call Test Case 'Test Cases/s-sidebar_navigation/TeamAccount/Broadcasts' failed)

2019-04-22 16:38:21 - [MESSAGE][FAILED] - Unable to call Test Case with id 'Test Cases/Broadcasts/TC0163' (Root cause: Call Test Case 'Test Cases/Broadcasts/TC0163' failed)]]></system-out>
         <system-err><![CDATA[2019-04-22 16:38:19 - [TEST_CASE][FAILED] - Test Cases/Broadcasts/TC0186: Test Cases/Broadcasts/TC0186 FAILED because (of) Unable to click on object 'Object Repository/Page_KiboPush  Dashboard/span_Polls' (Root cause: com.kms.katalon.core.webui.exception.BrowserNotOpenedException: Browser is not opened
Build info: version: '3.7.1', revision: '8a0099a', time: '2017-11-06T21:07:36.161Z'
System info: host: 'DESKTOP-4M6R1V0', ip: '10.0.2.15', os.name: 'Windows 10', os.arch: 'amd64', os.version: '10.0', java.version: '1.8.0_181'
Driver info: driver.version: unknown)]]></system-err>
      </testcase>
      <testcase name="Test Cases/Broadcasts/TC0187" classname="Test Cases/Broadcasts/TC0187" status="FAILED">
         <failure type="FAILED" message="Unable to click on object 'Object Repository/Page_KiboPush  Dashboard/span_Polls' (Root cause: com.kms.katalon.core.webui.exception.BrowserNotOpenedException: Browser is not opened
Build info: version: '3.7.1', revision: '8a0099a', time: '2017-11-06T21:07:36.161Z'
System info: host: 'DESKTOP-4M6R1V0', ip: '10.0.2.15', os.name: 'Windows 10', os.arch: 'amd64', os.version: '10.0', java.version: '1.8.0_181'
Driver info: driver.version: unknown)"/>
         <system-out><![CDATA[2019-04-22 16:38:21 - [TEST_CASE][FAILED] - Test Cases/Broadcasts/TC0187: Test Cases/Broadcasts/TC0187 FAILED because (of) Unable to click on object 'Object Repository/Page_KiboPush  Dashboard/span_Polls' (Root cause: com.kms.katalon.core.webui.exception.BrowserNotOpenedException: Browser is not opened
Build info: version: '3.7.1', revision: '8a0099a', time: '2017-11-06T21:07:36.161Z'
System info: host: 'DESKTOP-4M6R1V0', ip: '10.0.2.15', os.name: 'Windows 10', os.arch: 'amd64', os.version: '10.0', java.version: '1.8.0_181'
Driver info: driver.version: unknown)

2019-04-22 16:38:24 - [TEST_STEP][FAILED] - callTestCase: Unable to call Test Case with id 'Test Cases/Broadcasts/TC0167' (Root cause: Call Test Case 'Test Cases/Broadcasts/TC0167' failed)

2019-04-22 16:38:24 - [TEST_CASE][FAILED] - Test Cases/Broadcasts/TC0167: Test Cases/Broadcasts/TC0167 FAILED because (of) Unable to click on object 'Object Repository/Page_KiboPush  Dashboard/span_Polls' (Root cause: com.kms.katalon.core.webui.exception.BrowserNotOpenedException: Browser is not opened
Build info: version: '3.7.1', revision: '8a0099a', time: '2017-11-06T21:07:36.161Z'
System info: host: 'DESKTOP-4M6R1V0', ip: '10.0.2.15', os.name: 'Windows 10', os.arch: 'amd64', os.version: '10.0', java.version: '1.8.0_181'
Driver info: driver.version: unknown)

2019-04-22 16:38:24 - [TEST_STEP][FAILED] - callTestCase: Unable to call Test Case with id 'Test Cases/s-sidebar_navigation/TeamAccount/Broadcasts' (Root cause: Call Test Case 'Test Cases/s-sidebar_navigation/TeamAccount/Broadcasts' failed)

2019-04-22 16:38:24 - [TEST_CASE][FAILED] - Test Cases/s-sidebar_navigation/TeamAccount/Broadcasts: Test Cases/s-sidebar_navigation/TeamAccount/Broadcasts FAILED because (of) Unable to click on object 'Object Repository/Page_KiboPush  Dashboard/span_Polls' (Root cause: com.kms.katalon.core.webui.exception.BrowserNotOpenedException: Browser is not opened
Build info: version: '3.7.1', revision: '8a0099a', time: '2017-11-06T21:07:36.161Z'
System info: host: 'DESKTOP-4M6R1V0', ip: '10.0.2.15', os.name: 'Windows 10', os.arch: 'amd64', os.version: '10.0', java.version: '1.8.0_181'
Driver info: driver.version: unknown)

2019-04-22 16:38:24 - [TEST_STEP][FAILED] - callTestCase: Unable to call Test Case with id 'Test Cases/s-sidebar_navigation/individualAccount/broadcast' (Root cause: Call Test Case 'Test Cases/s-sidebar_navigation/individualAccount/broadcast' failed)

2019-04-22 16:38:24 - [TEST_CASE][FAILED] - Test Cases/s-sidebar_navigation/individualAccount/broadcast: Test Cases/s-sidebar_navigation/individualAccount/broadcast FAILED because (of) Unable to click on object 'Object Repository/Page_KiboPush  Dashboard/span_Polls' (Root cause: com.kms.katalon.core.webui.exception.BrowserNotOpenedException: Browser is not opened
Build info: version: '3.7.1', revision: '8a0099a', time: '2017-11-06T21:07:36.161Z'
System info: host: 'DESKTOP-4M6R1V0', ip: '10.0.2.15', os.name: 'Windows 10', os.arch: 'amd64', os.version: '10.0', java.version: '1.8.0_181'
Driver info: driver.version: unknown)

2019-04-22 16:38:24 - [TEST_STEP][FAILED] - click: Unable to click on object 'Object Repository/Page_KiboPush  Dashboard/span_Polls' (Root cause: com.kms.katalon.core.webui.exception.BrowserNotOpenedException: Browser is not opened
Build info: version: '3.7.1', revision: '8a0099a', time: '2017-11-06T21:07:36.161Z'
System info: host: 'DESKTOP-4M6R1V0', ip: '10.0.2.15', os.name: 'Windows 10', os.arch: 'amd64', os.version: '10.0', java.version: '1.8.0_181'
Driver info: driver.version: unknown)

2019-04-22 16:38:24 - [MESSAGE][WARNING] - Cannot take screenshot

2019-04-22 16:38:24 - [MESSAGE][FAILED] - Unable to click on object 'Object Repository/Page_KiboPush  Dashboard/span_Polls' (Root cause: com.kms.katalon.core.webui.exception.BrowserNotOpenedException: Browser is not opened
Build info: version: '3.7.1', revision: '8a0099a', time: '2017-11-06T21:07:36.161Z'
System info: host: 'DESKTOP-4M6R1V0', ip: '10.0.2.15', os.name: 'Windows 10', os.arch: 'amd64', os.version: '10.0', java.version: '1.8.0_181'
Driver info: driver.version: unknown)

2019-04-22 16:38:24 - [MESSAGE][FAILED] - Unable to call Test Case with id 'Test Cases/s-sidebar_navigation/individualAccount/broadcast' (Root cause: Call Test Case 'Test Cases/s-sidebar_navigation/individualAccount/broadcast' failed)

2019-04-22 16:38:24 - [MESSAGE][FAILED] - Unable to call Test Case with id 'Test Cases/s-sidebar_navigation/TeamAccount/Broadcasts' (Root cause: Call Test Case 'Test Cases/s-sidebar_navigation/TeamAccount/Broadcasts' failed)

2019-04-22 16:38:24 - [MESSAGE][FAILED] - Unable to call Test Case with id 'Test Cases/Broadcasts/TC0167' (Root cause: Call Test Case 'Test Cases/Broadcasts/TC0167' failed)]]></system-out>
         <system-err><![CDATA[2019-04-22 16:38:21 - [TEST_CASE][FAILED] - Test Cases/Broadcasts/TC0187: Test Cases/Broadcasts/TC0187 FAILED because (of) Unable to click on object 'Object Repository/Page_KiboPush  Dashboard/span_Polls' (Root cause: com.kms.katalon.core.webui.exception.BrowserNotOpenedException: Browser is not opened
Build info: version: '3.7.1', revision: '8a0099a', time: '2017-11-06T21:07:36.161Z'
System info: host: 'DESKTOP-4M6R1V0', ip: '10.0.2.15', os.name: 'Windows 10', os.arch: 'amd64', os.version: '10.0', java.version: '1.8.0_181'
Driver info: driver.version: unknown)]]></system-err>
      </testcase>
      <testcase name="Test Cases/Broadcasts/TC0188" classname="Test Cases/Broadcasts/TC0188" status="FAILED">
         <failure type="FAILED" message="Unable to click on object 'Object Repository/Page_KiboPush  Dashboard/span_Polls' (Root cause: com.kms.katalon.core.webui.exception.BrowserNotOpenedException: Browser is not opened
Build info: version: '3.7.1', revision: '8a0099a', time: '2017-11-06T21:07:36.161Z'
System info: host: 'DESKTOP-4M6R1V0', ip: '10.0.2.15', os.name: 'Windows 10', os.arch: 'amd64', os.version: '10.0', java.version: '1.8.0_181'
Driver info: driver.version: unknown)"/>
         <system-out><![CDATA[2019-04-22 16:38:24 - [TEST_CASE][FAILED] - Test Cases/Broadcasts/TC0188: Test Cases/Broadcasts/TC0188 FAILED because (of) Unable to click on object 'Object Repository/Page_KiboPush  Dashboard/span_Polls' (Root cause: com.kms.katalon.core.webui.exception.BrowserNotOpenedException: Browser is not opened
Build info: version: '3.7.1', revision: '8a0099a', time: '2017-11-06T21:07:36.161Z'
System info: host: 'DESKTOP-4M6R1V0', ip: '10.0.2.15', os.name: 'Windows 10', os.arch: 'amd64', os.version: '10.0', java.version: '1.8.0_181'
Driver info: driver.version: unknown)

2019-04-22 16:38:25 - [TEST_STEP][FAILED] - callTestCase: Unable to call Test Case with id 'Test Cases/Broadcasts/TC0171' (Root cause: Call Test Case 'Test Cases/Broadcasts/TC0171' failed)

2019-04-22 16:38:25 - [TEST_CASE][FAILED] - Test Cases/Broadcasts/TC0171: Test Cases/Broadcasts/TC0171 FAILED because (of) Unable to click on object 'Object Repository/Page_KiboPush  Dashboard/span_Polls' (Root cause: com.kms.katalon.core.webui.exception.BrowserNotOpenedException: Browser is not opened
Build info: version: '3.7.1', revision: '8a0099a', time: '2017-11-06T21:07:36.161Z'
System info: host: 'DESKTOP-4M6R1V0', ip: '10.0.2.15', os.name: 'Windows 10', os.arch: 'amd64', os.version: '10.0', java.version: '1.8.0_181'
Driver info: driver.version: unknown)

2019-04-22 16:38:25 - [TEST_STEP][FAILED] - callTestCase: Unable to call Test Case with id 'Test Cases/s-sidebar_navigation/TeamAccount/Broadcasts' (Root cause: Call Test Case 'Test Cases/s-sidebar_navigation/TeamAccount/Broadcasts' failed)

2019-04-22 16:38:26 - [TEST_CASE][FAILED] - Test Cases/s-sidebar_navigation/TeamAccount/Broadcasts: Test Cases/s-sidebar_navigation/TeamAccount/Broadcasts FAILED because (of) Unable to click on object 'Object Repository/Page_KiboPush  Dashboard/span_Polls' (Root cause: com.kms.katalon.core.webui.exception.BrowserNotOpenedException: Browser is not opened
Build info: version: '3.7.1', revision: '8a0099a', time: '2017-11-06T21:07:36.161Z'
System info: host: 'DESKTOP-4M6R1V0', ip: '10.0.2.15', os.name: 'Windows 10', os.arch: 'amd64', os.version: '10.0', java.version: '1.8.0_181'
Driver info: driver.version: unknown)

2019-04-22 16:38:26 - [TEST_STEP][FAILED] - callTestCase: Unable to call Test Case with id 'Test Cases/s-sidebar_navigation/individualAccount/broadcast' (Root cause: Call Test Case 'Test Cases/s-sidebar_navigation/individualAccount/broadcast' failed)

2019-04-22 16:38:26 - [TEST_CASE][FAILED] - Test Cases/s-sidebar_navigation/individualAccount/broadcast: Test Cases/s-sidebar_navigation/individualAccount/broadcast FAILED because (of) Unable to click on object 'Object Repository/Page_KiboPush  Dashboard/span_Polls' (Root cause: com.kms.katalon.core.webui.exception.BrowserNotOpenedException: Browser is not opened
Build info: version: '3.7.1', revision: '8a0099a', time: '2017-11-06T21:07:36.161Z'
System info: host: 'DESKTOP-4M6R1V0', ip: '10.0.2.15', os.name: 'Windows 10', os.arch: 'amd64', os.version: '10.0', java.version: '1.8.0_181'
Driver info: driver.version: unknown)

2019-04-22 16:38:26 - [TEST_STEP][FAILED] - click: Unable to click on object 'Object Repository/Page_KiboPush  Dashboard/span_Polls' (Root cause: com.kms.katalon.core.webui.exception.BrowserNotOpenedException: Browser is not opened
Build info: version: '3.7.1', revision: '8a0099a', time: '2017-11-06T21:07:36.161Z'
System info: host: 'DESKTOP-4M6R1V0', ip: '10.0.2.15', os.name: 'Windows 10', os.arch: 'amd64', os.version: '10.0', java.version: '1.8.0_181'
Driver info: driver.version: unknown)

2019-04-22 16:38:26 - [MESSAGE][WARNING] - Cannot take screenshot

2019-04-22 16:38:26 - [MESSAGE][FAILED] - Unable to click on object 'Object Repository/Page_KiboPush  Dashboard/span_Polls' (Root cause: com.kms.katalon.core.webui.exception.BrowserNotOpenedException: Browser is not opened
Build info: version: '3.7.1', revision: '8a0099a', time: '2017-11-06T21:07:36.161Z'
System info: host: 'DESKTOP-4M6R1V0', ip: '10.0.2.15', os.name: 'Windows 10', os.arch: 'amd64', os.version: '10.0', java.version: '1.8.0_181'
Driver info: driver.version: unknown)

2019-04-22 16:38:26 - [MESSAGE][FAILED] - Unable to call Test Case with id 'Test Cases/s-sidebar_navigation/individualAccount/broadcast' (Root cause: Call Test Case 'Test Cases/s-sidebar_navigation/individualAccount/broadcast' failed)

2019-04-22 16:38:26 - [MESSAGE][FAILED] - Unable to call Test Case with id 'Test Cases/s-sidebar_navigation/TeamAccount/Broadcasts' (Root cause: Call Test Case 'Test Cases/s-sidebar_navigation/TeamAccount/Broadcasts' failed)

2019-04-22 16:38:26 - [MESSAGE][FAILED] - Unable to call Test Case with id 'Test Cases/Broadcasts/TC0171' (Root cause: Call Test Case 'Test Cases/Broadcasts/TC0171' failed)]]></system-out>
         <system-err><![CDATA[2019-04-22 16:38:24 - [TEST_CASE][FAILED] - Test Cases/Broadcasts/TC0188: Test Cases/Broadcasts/TC0188 FAILED because (of) Unable to click on object 'Object Repository/Page_KiboPush  Dashboard/span_Polls' (Root cause: com.kms.katalon.core.webui.exception.BrowserNotOpenedException: Browser is not opened
Build info: version: '3.7.1', revision: '8a0099a', time: '2017-11-06T21:07:36.161Z'
System info: host: 'DESKTOP-4M6R1V0', ip: '10.0.2.15', os.name: 'Windows 10', os.arch: 'amd64', os.version: '10.0', java.version: '1.8.0_181'
Driver info: driver.version: unknown)]]></system-err>
      </testcase>
      <testcase name="Test Cases/Broadcasts/TC0189" classname="Test Cases/Broadcasts/TC0189" status="FAILED">
         <failure type="FAILED" message="Unable to click on object 'Object Repository/Page_KiboPush  Dashboard/span_Polls' (Root cause: com.kms.katalon.core.webui.exception.BrowserNotOpenedException: Browser is not opened
Build info: version: '3.7.1', revision: '8a0099a', time: '2017-11-06T21:07:36.161Z'
System info: host: 'DESKTOP-4M6R1V0', ip: '10.0.2.15', os.name: 'Windows 10', os.arch: 'amd64', os.version: '10.0', java.version: '1.8.0_181'
Driver info: driver.version: unknown)"/>
         <system-out><![CDATA[2019-04-22 16:38:26 - [TEST_CASE][FAILED] - Test Cases/Broadcasts/TC0189: Test Cases/Broadcasts/TC0189 FAILED because (of) Unable to click on object 'Object Repository/Page_KiboPush  Dashboard/span_Polls' (Root cause: com.kms.katalon.core.webui.exception.BrowserNotOpenedException: Browser is not opened
Build info: version: '3.7.1', revision: '8a0099a', time: '2017-11-06T21:07:36.161Z'
System info: host: 'DESKTOP-4M6R1V0', ip: '10.0.2.15', os.name: 'Windows 10', os.arch: 'amd64', os.version: '10.0', java.version: '1.8.0_181'
Driver info: driver.version: unknown)

2019-04-22 16:38:26 - [TEST_STEP][FAILED] - callTestCase: Unable to call Test Case with id 'Test Cases/Broadcasts/TC0175' (Root cause: Call Test Case 'Test Cases/Broadcasts/TC0175' failed)

2019-04-22 16:38:27 - [TEST_CASE][FAILED] - Test Cases/Broadcasts/TC0175: Test Cases/Broadcasts/TC0175 FAILED because (of) Unable to click on object 'Object Repository/Page_KiboPush  Dashboard/span_Polls' (Root cause: com.kms.katalon.core.webui.exception.BrowserNotOpenedException: Browser is not opened
Build info: version: '3.7.1', revision: '8a0099a', time: '2017-11-06T21:07:36.161Z'
System info: host: 'DESKTOP-4M6R1V0', ip: '10.0.2.15', os.name: 'Windows 10', os.arch: 'amd64', os.version: '10.0', java.version: '1.8.0_181'
Driver info: driver.version: unknown)

2019-04-22 16:38:27 - [TEST_STEP][FAILED] - callTestCase: Unable to call Test Case with id 'Test Cases/s-sidebar_navigation/TeamAccount/Broadcasts' (Root cause: Call Test Case 'Test Cases/s-sidebar_navigation/TeamAccount/Broadcasts' failed)

2019-04-22 16:38:27 - [TEST_CASE][FAILED] - Test Cases/s-sidebar_navigation/TeamAccount/Broadcasts: Test Cases/s-sidebar_navigation/TeamAccount/Broadcasts FAILED because (of) Unable to click on object 'Object Repository/Page_KiboPush  Dashboard/span_Polls' (Root cause: com.kms.katalon.core.webui.exception.BrowserNotOpenedException: Browser is not opened
Build info: version: '3.7.1', revision: '8a0099a', time: '2017-11-06T21:07:36.161Z'
System info: host: 'DESKTOP-4M6R1V0', ip: '10.0.2.15', os.name: 'Windows 10', os.arch: 'amd64', os.version: '10.0', java.version: '1.8.0_181'
Driver info: driver.version: unknown)

2019-04-22 16:38:27 - [TEST_STEP][FAILED] - callTestCase: Unable to call Test Case with id 'Test Cases/s-sidebar_navigation/individualAccount/broadcast' (Root cause: Call Test Case 'Test Cases/s-sidebar_navigation/individualAccount/broadcast' failed)

2019-04-22 16:38:27 - [TEST_CASE][FAILED] - Test Cases/s-sidebar_navigation/individualAccount/broadcast: Test Cases/s-sidebar_navigation/individualAccount/broadcast FAILED because (of) Unable to click on object 'Object Repository/Page_KiboPush  Dashboard/span_Polls' (Root cause: com.kms.katalon.core.webui.exception.BrowserNotOpenedException: Browser is not opened
Build info: version: '3.7.1', revision: '8a0099a', time: '2017-11-06T21:07:36.161Z'
System info: host: 'DESKTOP-4M6R1V0', ip: '10.0.2.15', os.name: 'Windows 10', os.arch: 'amd64', os.version: '10.0', java.version: '1.8.0_181'
Driver info: driver.version: unknown)

2019-04-22 16:38:27 - [TEST_STEP][FAILED] - click: Unable to click on object 'Object Repository/Page_KiboPush  Dashboard/span_Polls' (Root cause: com.kms.katalon.core.webui.exception.BrowserNotOpenedException: Browser is not opened
Build info: version: '3.7.1', revision: '8a0099a', time: '2017-11-06T21:07:36.161Z'
System info: host: 'DESKTOP-4M6R1V0', ip: '10.0.2.15', os.name: 'Windows 10', os.arch: 'amd64', os.version: '10.0', java.version: '1.8.0_181'
Driver info: driver.version: unknown)

2019-04-22 16:38:27 - [MESSAGE][WARNING] - Cannot take screenshot

2019-04-22 16:38:27 - [MESSAGE][FAILED] - Unable to click on object 'Object Repository/Page_KiboPush  Dashboard/span_Polls' (Root cause: com.kms.katalon.core.webui.exception.BrowserNotOpenedException: Browser is not opened
Build info: version: '3.7.1', revision: '8a0099a', time: '2017-11-06T21:07:36.161Z'
System info: host: 'DESKTOP-4M6R1V0', ip: '10.0.2.15', os.name: 'Windows 10', os.arch: 'amd64', os.version: '10.0', java.version: '1.8.0_181'
Driver info: driver.version: unknown)

2019-04-22 16:38:27 - [MESSAGE][FAILED] - Unable to call Test Case with id 'Test Cases/s-sidebar_navigation/individualAccount/broadcast' (Root cause: Call Test Case 'Test Cases/s-sidebar_navigation/individualAccount/broadcast' failed)

2019-04-22 16:38:27 - [MESSAGE][FAILED] - Unable to call Test Case with id 'Test Cases/s-sidebar_navigation/TeamAccount/Broadcasts' (Root cause: Call Test Case 'Test Cases/s-sidebar_navigation/TeamAccount/Broadcasts' failed)

2019-04-22 16:38:27 - [MESSAGE][FAILED] - Unable to call Test Case with id 'Test Cases/Broadcasts/TC0175' (Root cause: Call Test Case 'Test Cases/Broadcasts/TC0175' failed)]]></system-out>
         <system-err><![CDATA[2019-04-22 16:38:26 - [TEST_CASE][FAILED] - Test Cases/Broadcasts/TC0189: Test Cases/Broadcasts/TC0189 FAILED because (of) Unable to click on object 'Object Repository/Page_KiboPush  Dashboard/span_Polls' (Root cause: com.kms.katalon.core.webui.exception.BrowserNotOpenedException: Browser is not opened
Build info: version: '3.7.1', revision: '8a0099a', time: '2017-11-06T21:07:36.161Z'
System info: host: 'DESKTOP-4M6R1V0', ip: '10.0.2.15', os.name: 'Windows 10', os.arch: 'amd64', os.version: '10.0', java.version: '1.8.0_181'
Driver info: driver.version: unknown)]]></system-err>
      </testcase>
      <testcase name="Test Cases/Broadcasts/TC0190" classname="Test Cases/Broadcasts/TC0190" status="FAILED">
         <failure type="FAILED" message="Unable to click on object 'Object Repository/Page_KiboPush  Dashboard/span_Polls' (Root cause: com.kms.katalon.core.webui.exception.BrowserNotOpenedException: Browser is not opened
Build info: version: '3.7.1', revision: '8a0099a', time: '2017-11-06T21:07:36.161Z'
System info: host: 'DESKTOP-4M6R1V0', ip: '10.0.2.15', os.name: 'Windows 10', os.arch: 'amd64', os.version: '10.0', java.version: '1.8.0_181'
Driver info: driver.version: unknown)"/>
         <system-out><![CDATA[2019-04-22 16:38:27 - [TEST_CASE][FAILED] - Test Cases/Broadcasts/TC0190: Test Cases/Broadcasts/TC0190 FAILED because (of) Unable to click on object 'Object Repository/Page_KiboPush  Dashboard/span_Polls' (Root cause: com.kms.katalon.core.webui.exception.BrowserNotOpenedException: Browser is not opened
Build info: version: '3.7.1', revision: '8a0099a', time: '2017-11-06T21:07:36.161Z'
System info: host: 'DESKTOP-4M6R1V0', ip: '10.0.2.15', os.name: 'Windows 10', os.arch: 'amd64', os.version: '10.0', java.version: '1.8.0_181'
Driver info: driver.version: unknown)

2019-04-22 16:38:28 - [TEST_STEP][FAILED] - callTestCase: Unable to call Test Case with id 'Test Cases/s-sidebar_navigation/TeamAccount/Broadcasts' (Root cause: Call Test Case 'Test Cases/s-sidebar_navigation/TeamAccount/Broadcasts' failed)

2019-04-22 16:38:28 - [TEST_CASE][FAILED] - Test Cases/s-sidebar_navigation/TeamAccount/Broadcasts: Test Cases/s-sidebar_navigation/TeamAccount/Broadcasts FAILED because (of) Unable to click on object 'Object Repository/Page_KiboPush  Dashboard/span_Polls' (Root cause: com.kms.katalon.core.webui.exception.BrowserNotOpenedException: Browser is not opened
Build info: version: '3.7.1', revision: '8a0099a', time: '2017-11-06T21:07:36.161Z'
System info: host: 'DESKTOP-4M6R1V0', ip: '10.0.2.15', os.name: 'Windows 10', os.arch: 'amd64', os.version: '10.0', java.version: '1.8.0_181'
Driver info: driver.version: unknown)

2019-04-22 16:38:28 - [TEST_STEP][FAILED] - callTestCase: Unable to call Test Case with id 'Test Cases/s-sidebar_navigation/individualAccount/broadcast' (Root cause: Call Test Case 'Test Cases/s-sidebar_navigation/individualAccount/broadcast' failed)

2019-04-22 16:38:29 - [TEST_CASE][FAILED] - Test Cases/s-sidebar_navigation/individualAccount/broadcast: Test Cases/s-sidebar_navigation/individualAccount/broadcast FAILED because (of) Unable to click on object 'Object Repository/Page_KiboPush  Dashboard/span_Polls' (Root cause: com.kms.katalon.core.webui.exception.BrowserNotOpenedException: Browser is not opened
Build info: version: '3.7.1', revision: '8a0099a', time: '2017-11-06T21:07:36.161Z'
System info: host: 'DESKTOP-4M6R1V0', ip: '10.0.2.15', os.name: 'Windows 10', os.arch: 'amd64', os.version: '10.0', java.version: '1.8.0_181'
Driver info: driver.version: unknown)

2019-04-22 16:38:29 - [TEST_STEP][FAILED] - click: Unable to click on object 'Object Repository/Page_KiboPush  Dashboard/span_Polls' (Root cause: com.kms.katalon.core.webui.exception.BrowserNotOpenedException: Browser is not opened
Build info: version: '3.7.1', revision: '8a0099a', time: '2017-11-06T21:07:36.161Z'
System info: host: 'DESKTOP-4M6R1V0', ip: '10.0.2.15', os.name: 'Windows 10', os.arch: 'amd64', os.version: '10.0', java.version: '1.8.0_181'
Driver info: driver.version: unknown)

2019-04-22 16:38:29 - [MESSAGE][WARNING] - Cannot take screenshot

2019-04-22 16:38:29 - [MESSAGE][FAILED] - Unable to click on object 'Object Repository/Page_KiboPush  Dashboard/span_Polls' (Root cause: com.kms.katalon.core.webui.exception.BrowserNotOpenedException: Browser is not opened
Build info: version: '3.7.1', revision: '8a0099a', time: '2017-11-06T21:07:36.161Z'
System info: host: 'DESKTOP-4M6R1V0', ip: '10.0.2.15', os.name: 'Windows 10', os.arch: 'amd64', os.version: '10.0', java.version: '1.8.0_181'
Driver info: driver.version: unknown)

2019-04-22 16:38:29 - [MESSAGE][FAILED] - Unable to call Test Case with id 'Test Cases/s-sidebar_navigation/individualAccount/broadcast' (Root cause: Call Test Case 'Test Cases/s-sidebar_navigation/individualAccount/broadcast' failed)

2019-04-22 16:38:29 - [MESSAGE][FAILED] - Unable to call Test Case with id 'Test Cases/s-sidebar_navigation/TeamAccount/Broadcasts' (Root cause: Call Test Case 'Test Cases/s-sidebar_navigation/TeamAccount/Broadcasts' failed)]]></system-out>
         <system-err><![CDATA[2019-04-22 16:38:27 - [TEST_CASE][FAILED] - Test Cases/Broadcasts/TC0190: Test Cases/Broadcasts/TC0190 FAILED because (of) Unable to click on object 'Object Repository/Page_KiboPush  Dashboard/span_Polls' (Root cause: com.kms.katalon.core.webui.exception.BrowserNotOpenedException: Browser is not opened
Build info: version: '3.7.1', revision: '8a0099a', time: '2017-11-06T21:07:36.161Z'
System info: host: 'DESKTOP-4M6R1V0', ip: '10.0.2.15', os.name: 'Windows 10', os.arch: 'amd64', os.version: '10.0', java.version: '1.8.0_181'
Driver info: driver.version: unknown)]]></system-err>
      </testcase>
      <testcase name="Test Cases/Broadcasts/TC0192" classname="Test Cases/Broadcasts/TC0192" status="FAILED">
         <failure type="FAILED" message="Unable to click on object 'Object Repository/Page_KiboPush  Dashboard/span_Polls' (Root cause: com.kms.katalon.core.webui.exception.BrowserNotOpenedException: Browser is not opened
Build info: version: '3.7.1', revision: '8a0099a', time: '2017-11-06T21:07:36.161Z'
System info: host: 'DESKTOP-4M6R1V0', ip: '10.0.2.15', os.name: 'Windows 10', os.arch: 'amd64', os.version: '10.0', java.version: '1.8.0_181'
Driver info: driver.version: unknown)"/>
         <system-out><![CDATA[2019-04-22 16:38:29 - [TEST_CASE][FAILED] - Test Cases/Broadcasts/TC0192: Test Cases/Broadcasts/TC0192 FAILED because (of) Unable to click on object 'Object Repository/Page_KiboPush  Dashboard/span_Polls' (Root cause: com.kms.katalon.core.webui.exception.BrowserNotOpenedException: Browser is not opened
Build info: version: '3.7.1', revision: '8a0099a', time: '2017-11-06T21:07:36.161Z'
System info: host: 'DESKTOP-4M6R1V0', ip: '10.0.2.15', os.name: 'Windows 10', os.arch: 'amd64', os.version: '10.0', java.version: '1.8.0_181'
Driver info: driver.version: unknown)

2019-04-22 16:38:29 - [TEST_STEP][FAILED] - callTestCase: Unable to call Test Case with id 'Test Cases/Broadcasts/TC0131' (Root cause: Call Test Case 'Test Cases/Broadcasts/TC0131' failed)

2019-04-22 16:38:29 - [TEST_CASE][FAILED] - Test Cases/Broadcasts/TC0131: Test Cases/Broadcasts/TC0131 FAILED because (of) Unable to click on object 'Object Repository/Page_KiboPush  Dashboard/span_Polls' (Root cause: com.kms.katalon.core.webui.exception.BrowserNotOpenedException: Browser is not opened
Build info: version: '3.7.1', revision: '8a0099a', time: '2017-11-06T21:07:36.161Z'
System info: host: 'DESKTOP-4M6R1V0', ip: '10.0.2.15', os.name: 'Windows 10', os.arch: 'amd64', os.version: '10.0', java.version: '1.8.0_181'
Driver info: driver.version: unknown)

2019-04-22 16:38:29 - [TEST_STEP][FAILED] - callTestCase: Unable to call Test Case with id 'Test Cases/s-sidebar_navigation/TeamAccount/Broadcasts' (Root cause: Call Test Case 'Test Cases/s-sidebar_navigation/TeamAccount/Broadcasts' failed)

2019-04-22 16:38:29 - [TEST_CASE][FAILED] - Test Cases/s-sidebar_navigation/TeamAccount/Broadcasts: Test Cases/s-sidebar_navigation/TeamAccount/Broadcasts FAILED because (of) Unable to click on object 'Object Repository/Page_KiboPush  Dashboard/span_Polls' (Root cause: com.kms.katalon.core.webui.exception.BrowserNotOpenedException: Browser is not opened
Build info: version: '3.7.1', revision: '8a0099a', time: '2017-11-06T21:07:36.161Z'
System info: host: 'DESKTOP-4M6R1V0', ip: '10.0.2.15', os.name: 'Windows 10', os.arch: 'amd64', os.version: '10.0', java.version: '1.8.0_181'
Driver info: driver.version: unknown)

2019-04-22 16:38:29 - [TEST_STEP][FAILED] - callTestCase: Unable to call Test Case with id 'Test Cases/s-sidebar_navigation/individualAccount/broadcast' (Root cause: Call Test Case 'Test Cases/s-sidebar_navigation/individualAccount/broadcast' failed)

2019-04-22 16:38:30 - [TEST_CASE][FAILED] - Test Cases/s-sidebar_navigation/individualAccount/broadcast: Test Cases/s-sidebar_navigation/individualAccount/broadcast FAILED because (of) Unable to click on object 'Object Repository/Page_KiboPush  Dashboard/span_Polls' (Root cause: com.kms.katalon.core.webui.exception.BrowserNotOpenedException: Browser is not opened
Build info: version: '3.7.1', revision: '8a0099a', time: '2017-11-06T21:07:36.161Z'
System info: host: 'DESKTOP-4M6R1V0', ip: '10.0.2.15', os.name: 'Windows 10', os.arch: 'amd64', os.version: '10.0', java.version: '1.8.0_181'
Driver info: driver.version: unknown)

2019-04-22 16:38:30 - [TEST_STEP][FAILED] - click: Unable to click on object 'Object Repository/Page_KiboPush  Dashboard/span_Polls' (Root cause: com.kms.katalon.core.webui.exception.BrowserNotOpenedException: Browser is not opened
Build info: version: '3.7.1', revision: '8a0099a', time: '2017-11-06T21:07:36.161Z'
System info: host: 'DESKTOP-4M6R1V0', ip: '10.0.2.15', os.name: 'Windows 10', os.arch: 'amd64', os.version: '10.0', java.version: '1.8.0_181'
Driver info: driver.version: unknown)

2019-04-22 16:38:30 - [MESSAGE][WARNING] - Cannot take screenshot

2019-04-22 16:38:30 - [MESSAGE][FAILED] - Unable to click on object 'Object Repository/Page_KiboPush  Dashboard/span_Polls' (Root cause: com.kms.katalon.core.webui.exception.BrowserNotOpenedException: Browser is not opened
Build info: version: '3.7.1', revision: '8a0099a', time: '2017-11-06T21:07:36.161Z'
System info: host: 'DESKTOP-4M6R1V0', ip: '10.0.2.15', os.name: 'Windows 10', os.arch: 'amd64', os.version: '10.0', java.version: '1.8.0_181'
Driver info: driver.version: unknown)

2019-04-22 16:38:30 - [MESSAGE][FAILED] - Unable to call Test Case with id 'Test Cases/s-sidebar_navigation/individualAccount/broadcast' (Root cause: Call Test Case 'Test Cases/s-sidebar_navigation/individualAccount/broadcast' failed)

2019-04-22 16:38:30 - [MESSAGE][FAILED] - Unable to call Test Case with id 'Test Cases/s-sidebar_navigation/TeamAccount/Broadcasts' (Root cause: Call Test Case 'Test Cases/s-sidebar_navigation/TeamAccount/Broadcasts' failed)

2019-04-22 16:38:30 - [MESSAGE][FAILED] - Unable to call Test Case with id 'Test Cases/Broadcasts/TC0131' (Root cause: Call Test Case 'Test Cases/Broadcasts/TC0131' failed)]]></system-out>
         <system-err><![CDATA[2019-04-22 16:38:29 - [TEST_CASE][FAILED] - Test Cases/Broadcasts/TC0192: Test Cases/Broadcasts/TC0192 FAILED because (of) Unable to click on object 'Object Repository/Page_KiboPush  Dashboard/span_Polls' (Root cause: com.kms.katalon.core.webui.exception.BrowserNotOpenedException: Browser is not opened
Build info: version: '3.7.1', revision: '8a0099a', time: '2017-11-06T21:07:36.161Z'
System info: host: 'DESKTOP-4M6R1V0', ip: '10.0.2.15', os.name: 'Windows 10', os.arch: 'amd64', os.version: '10.0', java.version: '1.8.0_181'
Driver info: driver.version: unknown)]]></system-err>
      </testcase>
      <testcase name="Test Cases/Broadcasts/TC0193" classname="Test Cases/Broadcasts/TC0193" status="FAILED">
         <failure type="FAILED" message="Unable to click on object 'Object Repository/Page_KiboPush  Dashboard/span_Polls' (Root cause: com.kms.katalon.core.webui.exception.BrowserNotOpenedException: Browser is not opened
Build info: version: '3.7.1', revision: '8a0099a', time: '2017-11-06T21:07:36.161Z'
System info: host: 'DESKTOP-4M6R1V0', ip: '10.0.2.15', os.name: 'Windows 10', os.arch: 'amd64', os.version: '10.0', java.version: '1.8.0_181'
Driver info: driver.version: unknown)"/>
         <system-out><![CDATA[2019-04-22 16:38:30 - [TEST_CASE][FAILED] - Test Cases/Broadcasts/TC0193: Test Cases/Broadcasts/TC0193 FAILED because (of) Unable to click on object 'Object Repository/Page_KiboPush  Dashboard/span_Polls' (Root cause: com.kms.katalon.core.webui.exception.BrowserNotOpenedException: Browser is not opened
Build info: version: '3.7.1', revision: '8a0099a', time: '2017-11-06T21:07:36.161Z'
System info: host: 'DESKTOP-4M6R1V0', ip: '10.0.2.15', os.name: 'Windows 10', os.arch: 'amd64', os.version: '10.0', java.version: '1.8.0_181'
Driver info: driver.version: unknown)

2019-04-22 16:38:31 - [TEST_STEP][FAILED] - callTestCase: Unable to call Test Case with id 'Test Cases/Broadcasts/TC0133' (Root cause: Call Test Case 'Test Cases/Broadcasts/TC0133' failed)

2019-04-22 16:38:31 - [TEST_CASE][FAILED] - Test Cases/Broadcasts/TC0133: Test Cases/Broadcasts/TC0133 FAILED because (of) Unable to click on object 'Object Repository/Page_KiboPush  Dashboard/span_Polls' (Root cause: com.kms.katalon.core.webui.exception.BrowserNotOpenedException: Browser is not opened
Build info: version: '3.7.1', revision: '8a0099a', time: '2017-11-06T21:07:36.161Z'
System info: host: 'DESKTOP-4M6R1V0', ip: '10.0.2.15', os.name: 'Windows 10', os.arch: 'amd64', os.version: '10.0', java.version: '1.8.0_181'
Driver info: driver.version: unknown)

2019-04-22 16:38:31 - [TEST_STEP][FAILED] - callTestCase: Unable to call Test Case with id 'Test Cases/s-sidebar_navigation/TeamAccount/Broadcasts' (Root cause: Call Test Case 'Test Cases/s-sidebar_navigation/TeamAccount/Broadcasts' failed)

2019-04-22 16:38:31 - [TEST_CASE][FAILED] - Test Cases/s-sidebar_navigation/TeamAccount/Broadcasts: Test Cases/s-sidebar_navigation/TeamAccount/Broadcasts FAILED because (of) Unable to click on object 'Object Repository/Page_KiboPush  Dashboard/span_Polls' (Root cause: com.kms.katalon.core.webui.exception.BrowserNotOpenedException: Browser is not opened
Build info: version: '3.7.1', revision: '8a0099a', time: '2017-11-06T21:07:36.161Z'
System info: host: 'DESKTOP-4M6R1V0', ip: '10.0.2.15', os.name: 'Windows 10', os.arch: 'amd64', os.version: '10.0', java.version: '1.8.0_181'
Driver info: driver.version: unknown)

2019-04-22 16:38:31 - [TEST_STEP][FAILED] - callTestCase: Unable to call Test Case with id 'Test Cases/s-sidebar_navigation/individualAccount/broadcast' (Root cause: Call Test Case 'Test Cases/s-sidebar_navigation/individualAccount/broadcast' failed)

2019-04-22 16:38:31 - [TEST_CASE][FAILED] - Test Cases/s-sidebar_navigation/individualAccount/broadcast: Test Cases/s-sidebar_navigation/individualAccount/broadcast FAILED because (of) Unable to click on object 'Object Repository/Page_KiboPush  Dashboard/span_Polls' (Root cause: com.kms.katalon.core.webui.exception.BrowserNotOpenedException: Browser is not opened
Build info: version: '3.7.1', revision: '8a0099a', time: '2017-11-06T21:07:36.161Z'
System info: host: 'DESKTOP-4M6R1V0', ip: '10.0.2.15', os.name: 'Windows 10', os.arch: 'amd64', os.version: '10.0', java.version: '1.8.0_181'
Driver info: driver.version: unknown)

2019-04-22 16:38:31 - [TEST_STEP][FAILED] - click: Unable to click on object 'Object Repository/Page_KiboPush  Dashboard/span_Polls' (Root cause: com.kms.katalon.core.webui.exception.BrowserNotOpenedException: Browser is not opened
Build info: version: '3.7.1', revision: '8a0099a', time: '2017-11-06T21:07:36.161Z'
System info: host: 'DESKTOP-4M6R1V0', ip: '10.0.2.15', os.name: 'Windows 10', os.arch: 'amd64', os.version: '10.0', java.version: '1.8.0_181'
Driver info: driver.version: unknown)

2019-04-22 16:38:31 - [MESSAGE][WARNING] - Cannot take screenshot

2019-04-22 16:38:31 - [MESSAGE][FAILED] - Unable to click on object 'Object Repository/Page_KiboPush  Dashboard/span_Polls' (Root cause: com.kms.katalon.core.webui.exception.BrowserNotOpenedException: Browser is not opened
Build info: version: '3.7.1', revision: '8a0099a', time: '2017-11-06T21:07:36.161Z'
System info: host: 'DESKTOP-4M6R1V0', ip: '10.0.2.15', os.name: 'Windows 10', os.arch: 'amd64', os.version: '10.0', java.version: '1.8.0_181'
Driver info: driver.version: unknown)

2019-04-22 16:38:31 - [MESSAGE][FAILED] - Unable to call Test Case with id 'Test Cases/s-sidebar_navigation/individualAccount/broadcast' (Root cause: Call Test Case 'Test Cases/s-sidebar_navigation/individualAccount/broadcast' failed)

2019-04-22 16:38:31 - [MESSAGE][FAILED] - Unable to call Test Case with id 'Test Cases/s-sidebar_navigation/TeamAccount/Broadcasts' (Root cause: Call Test Case 'Test Cases/s-sidebar_navigation/TeamAccount/Broadcasts' failed)

2019-04-22 16:38:31 - [MESSAGE][FAILED] - Unable to call Test Case with id 'Test Cases/Broadcasts/TC0133' (Root cause: Call Test Case 'Test Cases/Broadcasts/TC0133' failed)]]></system-out>
         <system-err><![CDATA[2019-04-22 16:38:30 - [TEST_CASE][FAILED] - Test Cases/Broadcasts/TC0193: Test Cases/Broadcasts/TC0193 FAILED because (of) Unable to click on object 'Object Repository/Page_KiboPush  Dashboard/span_Polls' (Root cause: com.kms.katalon.core.webui.exception.BrowserNotOpenedException: Browser is not opened
Build info: version: '3.7.1', revision: '8a0099a', time: '2017-11-06T21:07:36.161Z'
System info: host: 'DESKTOP-4M6R1V0', ip: '10.0.2.15', os.name: 'Windows 10', os.arch: 'amd64', os.version: '10.0', java.version: '1.8.0_181'
Driver info: driver.version: unknown)]]></system-err>
      </testcase>
      <testcase name="Test Cases/Broadcasts/TC0194" classname="Test Cases/Broadcasts/TC0194" status="FAILED">
         <failure type="FAILED" message="Unable to click on object 'Object Repository/Page_KiboPush  Dashboard/span_Polls' (Root cause: com.kms.katalon.core.webui.exception.BrowserNotOpenedException: Browser is not opened
Build info: version: '3.7.1', revision: '8a0099a', time: '2017-11-06T21:07:36.161Z'
System info: host: 'DESKTOP-4M6R1V0', ip: '10.0.2.15', os.name: 'Windows 10', os.arch: 'amd64', os.version: '10.0', java.version: '1.8.0_181'
Driver info: driver.version: unknown)"/>
         <system-out><![CDATA[2019-04-22 16:38:31 - [TEST_CASE][FAILED] - Test Cases/Broadcasts/TC0194: Test Cases/Broadcasts/TC0194 FAILED because (of) Unable to click on object 'Object Repository/Page_KiboPush  Dashboard/span_Polls' (Root cause: com.kms.katalon.core.webui.exception.BrowserNotOpenedException: Browser is not opened
Build info: version: '3.7.1', revision: '8a0099a', time: '2017-11-06T21:07:36.161Z'
System info: host: 'DESKTOP-4M6R1V0', ip: '10.0.2.15', os.name: 'Windows 10', os.arch: 'amd64', os.version: '10.0', java.version: '1.8.0_181'
Driver info: driver.version: unknown)

2019-04-22 16:38:32 - [TEST_STEP][FAILED] - callTestCase: Unable to call Test Case with id 'Test Cases/Broadcasts/TC0131' (Root cause: Call Test Case 'Test Cases/Broadcasts/TC0131' failed)

2019-04-22 16:38:32 - [TEST_CASE][FAILED] - Test Cases/Broadcasts/TC0131: Test Cases/Broadcasts/TC0131 FAILED because (of) Unable to click on object 'Object Repository/Page_KiboPush  Dashboard/span_Polls' (Root cause: com.kms.katalon.core.webui.exception.BrowserNotOpenedException: Browser is not opened
Build info: version: '3.7.1', revision: '8a0099a', time: '2017-11-06T21:07:36.161Z'
System info: host: 'DESKTOP-4M6R1V0', ip: '10.0.2.15', os.name: 'Windows 10', os.arch: 'amd64', os.version: '10.0', java.version: '1.8.0_181'
Driver info: driver.version: unknown)

2019-04-22 16:38:32 - [TEST_STEP][FAILED] - callTestCase: Unable to call Test Case with id 'Test Cases/s-sidebar_navigation/TeamAccount/Broadcasts' (Root cause: Call Test Case 'Test Cases/s-sidebar_navigation/TeamAccount/Broadcasts' failed)

2019-04-22 16:38:32 - [TEST_CASE][FAILED] - Test Cases/s-sidebar_navigation/TeamAccount/Broadcasts: Test Cases/s-sidebar_navigation/TeamAccount/Broadcasts FAILED because (of) Unable to click on object 'Object Repository/Page_KiboPush  Dashboard/span_Polls' (Root cause: com.kms.katalon.core.webui.exception.BrowserNotOpenedException: Browser is not opened
Build info: version: '3.7.1', revision: '8a0099a', time: '2017-11-06T21:07:36.161Z'
System info: host: 'DESKTOP-4M6R1V0', ip: '10.0.2.15', os.name: 'Windows 10', os.arch: 'amd64', os.version: '10.0', java.version: '1.8.0_181'
Driver info: driver.version: unknown)

2019-04-22 16:38:32 - [TEST_STEP][FAILED] - callTestCase: Unable to call Test Case with id 'Test Cases/s-sidebar_navigation/individualAccount/broadcast' (Root cause: Call Test Case 'Test Cases/s-sidebar_navigation/individualAccount/broadcast' failed)

2019-04-22 16:38:32 - [TEST_CASE][FAILED] - Test Cases/s-sidebar_navigation/individualAccount/broadcast: Test Cases/s-sidebar_navigation/individualAccount/broadcast FAILED because (of) Unable to click on object 'Object Repository/Page_KiboPush  Dashboard/span_Polls' (Root cause: com.kms.katalon.core.webui.exception.BrowserNotOpenedException: Browser is not opened
Build info: version: '3.7.1', revision: '8a0099a', time: '2017-11-06T21:07:36.161Z'
System info: host: 'DESKTOP-4M6R1V0', ip: '10.0.2.15', os.name: 'Windows 10', os.arch: 'amd64', os.version: '10.0', java.version: '1.8.0_181'
Driver info: driver.version: unknown)

2019-04-22 16:38:32 - [TEST_STEP][FAILED] - click: Unable to click on object 'Object Repository/Page_KiboPush  Dashboard/span_Polls' (Root cause: com.kms.katalon.core.webui.exception.BrowserNotOpenedException: Browser is not opened
Build info: version: '3.7.1', revision: '8a0099a', time: '2017-11-06T21:07:36.161Z'
System info: host: 'DESKTOP-4M6R1V0', ip: '10.0.2.15', os.name: 'Windows 10', os.arch: 'amd64', os.version: '10.0', java.version: '1.8.0_181'
Driver info: driver.version: unknown)

2019-04-22 16:38:32 - [MESSAGE][WARNING] - Cannot take screenshot

2019-04-22 16:38:32 - [MESSAGE][FAILED] - Unable to click on object 'Object Repository/Page_KiboPush  Dashboard/span_Polls' (Root cause: com.kms.katalon.core.webui.exception.BrowserNotOpenedException: Browser is not opened
Build info: version: '3.7.1', revision: '8a0099a', time: '2017-11-06T21:07:36.161Z'
System info: host: 'DESKTOP-4M6R1V0', ip: '10.0.2.15', os.name: 'Windows 10', os.arch: 'amd64', os.version: '10.0', java.version: '1.8.0_181'
Driver info: driver.version: unknown)

2019-04-22 16:38:32 - [MESSAGE][FAILED] - Unable to call Test Case with id 'Test Cases/s-sidebar_navigation/individualAccount/broadcast' (Root cause: Call Test Case 'Test Cases/s-sidebar_navigation/individualAccount/broadcast' failed)

2019-04-22 16:38:32 - [MESSAGE][FAILED] - Unable to call Test Case with id 'Test Cases/s-sidebar_navigation/TeamAccount/Broadcasts' (Root cause: Call Test Case 'Test Cases/s-sidebar_navigation/TeamAccount/Broadcasts' failed)

2019-04-22 16:38:32 - [MESSAGE][FAILED] - Unable to call Test Case with id 'Test Cases/Broadcasts/TC0131' (Root cause: Call Test Case 'Test Cases/Broadcasts/TC0131' failed)]]></system-out>
         <system-err><![CDATA[2019-04-22 16:38:31 - [TEST_CASE][FAILED] - Test Cases/Broadcasts/TC0194: Test Cases/Broadcasts/TC0194 FAILED because (of) Unable to click on object 'Object Repository/Page_KiboPush  Dashboard/span_Polls' (Root cause: com.kms.katalon.core.webui.exception.BrowserNotOpenedException: Browser is not opened
Build info: version: '3.7.1', revision: '8a0099a', time: '2017-11-06T21:07:36.161Z'
System info: host: 'DESKTOP-4M6R1V0', ip: '10.0.2.15', os.name: 'Windows 10', os.arch: 'amd64', os.version: '10.0', java.version: '1.8.0_181'
Driver info: driver.version: unknown)]]></system-err>
      </testcase>
      <testcase name="Test Cases/Broadcasts/TC0195" classname="Test Cases/Broadcasts/TC0195" status="FAILED">
         <failure type="FAILED" message="Unable to click on object 'Object Repository/Page_KiboPush  Dashboard/span_Polls' (Root cause: com.kms.katalon.core.webui.exception.BrowserNotOpenedException: Browser is not opened
Build info: version: '3.7.1', revision: '8a0099a', time: '2017-11-06T21:07:36.161Z'
System info: host: 'DESKTOP-4M6R1V0', ip: '10.0.2.15', os.name: 'Windows 10', os.arch: 'amd64', os.version: '10.0', java.version: '1.8.0_181'
Driver info: driver.version: unknown)"/>
         <system-out><![CDATA[2019-04-22 16:38:32 - [TEST_CASE][FAILED] - Test Cases/Broadcasts/TC0195: Test Cases/Broadcasts/TC0195 FAILED because (of) Unable to click on object 'Object Repository/Page_KiboPush  Dashboard/span_Polls' (Root cause: com.kms.katalon.core.webui.exception.BrowserNotOpenedException: Browser is not opened
Build info: version: '3.7.1', revision: '8a0099a', time: '2017-11-06T21:07:36.161Z'
System info: host: 'DESKTOP-4M6R1V0', ip: '10.0.2.15', os.name: 'Windows 10', os.arch: 'amd64', os.version: '10.0', java.version: '1.8.0_181'
Driver info: driver.version: unknown)

2019-04-22 16:38:33 - [TEST_STEP][FAILED] - callTestCase: Unable to call Test Case with id 'Test Cases/Broadcasts/TC0133' (Root cause: Call Test Case 'Test Cases/Broadcasts/TC0133' failed)

2019-04-22 16:38:33 - [TEST_CASE][FAILED] - Test Cases/Broadcasts/TC0133: Test Cases/Broadcasts/TC0133 FAILED because (of) Unable to click on object 'Object Repository/Page_KiboPush  Dashboard/span_Polls' (Root cause: com.kms.katalon.core.webui.exception.BrowserNotOpenedException: Browser is not opened
Build info: version: '3.7.1', revision: '8a0099a', time: '2017-11-06T21:07:36.161Z'
System info: host: 'DESKTOP-4M6R1V0', ip: '10.0.2.15', os.name: 'Windows 10', os.arch: 'amd64', os.version: '10.0', java.version: '1.8.0_181'
Driver info: driver.version: unknown)

2019-04-22 16:38:33 - [TEST_STEP][FAILED] - callTestCase: Unable to call Test Case with id 'Test Cases/s-sidebar_navigation/TeamAccount/Broadcasts' (Root cause: Call Test Case 'Test Cases/s-sidebar_navigation/TeamAccount/Broadcasts' failed)

2019-04-22 16:38:33 - [TEST_CASE][FAILED] - Test Cases/s-sidebar_navigation/TeamAccount/Broadcasts: Test Cases/s-sidebar_navigation/TeamAccount/Broadcasts FAILED because (of) Unable to click on object 'Object Repository/Page_KiboPush  Dashboard/span_Polls' (Root cause: com.kms.katalon.core.webui.exception.BrowserNotOpenedException: Browser is not opened
Build info: version: '3.7.1', revision: '8a0099a', time: '2017-11-06T21:07:36.161Z'
System info: host: 'DESKTOP-4M6R1V0', ip: '10.0.2.15', os.name: 'Windows 10', os.arch: 'amd64', os.version: '10.0', java.version: '1.8.0_181'
Driver info: driver.version: unknown)

2019-04-22 16:38:33 - [TEST_STEP][FAILED] - callTestCase: Unable to call Test Case with id 'Test Cases/s-sidebar_navigation/individualAccount/broadcast' (Root cause: Call Test Case 'Test Cases/s-sidebar_navigation/individualAccount/broadcast' failed)

2019-04-22 16:38:34 - [TEST_CASE][FAILED] - Test Cases/s-sidebar_navigation/individualAccount/broadcast: Test Cases/s-sidebar_navigation/individualAccount/broadcast FAILED because (of) Unable to click on object 'Object Repository/Page_KiboPush  Dashboard/span_Polls' (Root cause: com.kms.katalon.core.webui.exception.BrowserNotOpenedException: Browser is not opened
Build info: version: '3.7.1', revision: '8a0099a', time: '2017-11-06T21:07:36.161Z'
System info: host: 'DESKTOP-4M6R1V0', ip: '10.0.2.15', os.name: 'Windows 10', os.arch: 'amd64', os.version: '10.0', java.version: '1.8.0_181'
Driver info: driver.version: unknown)

2019-04-22 16:38:34 - [TEST_STEP][FAILED] - click: Unable to click on object 'Object Repository/Page_KiboPush  Dashboard/span_Polls' (Root cause: com.kms.katalon.core.webui.exception.BrowserNotOpenedException: Browser is not opened
Build info: version: '3.7.1', revision: '8a0099a', time: '2017-11-06T21:07:36.161Z'
System info: host: 'DESKTOP-4M6R1V0', ip: '10.0.2.15', os.name: 'Windows 10', os.arch: 'amd64', os.version: '10.0', java.version: '1.8.0_181'
Driver info: driver.version: unknown)

2019-04-22 16:38:34 - [MESSAGE][WARNING] - Cannot take screenshot

2019-04-22 16:38:34 - [MESSAGE][FAILED] - Unable to click on object 'Object Repository/Page_KiboPush  Dashboard/span_Polls' (Root cause: com.kms.katalon.core.webui.exception.BrowserNotOpenedException: Browser is not opened
Build info: version: '3.7.1', revision: '8a0099a', time: '2017-11-06T21:07:36.161Z'
System info: host: 'DESKTOP-4M6R1V0', ip: '10.0.2.15', os.name: 'Windows 10', os.arch: 'amd64', os.version: '10.0', java.version: '1.8.0_181'
Driver info: driver.version: unknown)

2019-04-22 16:38:34 - [MESSAGE][FAILED] - Unable to call Test Case with id 'Test Cases/s-sidebar_navigation/individualAccount/broadcast' (Root cause: Call Test Case 'Test Cases/s-sidebar_navigation/individualAccount/broadcast' failed)

2019-04-22 16:38:34 - [MESSAGE][FAILED] - Unable to call Test Case with id 'Test Cases/s-sidebar_navigation/TeamAccount/Broadcasts' (Root cause: Call Test Case 'Test Cases/s-sidebar_navigation/TeamAccount/Broadcasts' failed)

2019-04-22 16:38:34 - [MESSAGE][FAILED] - Unable to call Test Case with id 'Test Cases/Broadcasts/TC0133' (Root cause: Call Test Case 'Test Cases/Broadcasts/TC0133' failed)]]></system-out>
         <system-err><![CDATA[2019-04-22 16:38:32 - [TEST_CASE][FAILED] - Test Cases/Broadcasts/TC0195: Test Cases/Broadcasts/TC0195 FAILED because (of) Unable to click on object 'Object Repository/Page_KiboPush  Dashboard/span_Polls' (Root cause: com.kms.katalon.core.webui.exception.BrowserNotOpenedException: Browser is not opened
Build info: version: '3.7.1', revision: '8a0099a', time: '2017-11-06T21:07:36.161Z'
System info: host: 'DESKTOP-4M6R1V0', ip: '10.0.2.15', os.name: 'Windows 10', os.arch: 'amd64', os.version: '10.0', java.version: '1.8.0_181'
Driver info: driver.version: unknown)]]></system-err>
      </testcase>
      <testcase name="Test Cases/Broadcasts/TC0196" classname="Test Cases/Broadcasts/TC0196" status="FAILED">
         <failure type="FAILED" message="Unable to click on object 'Object Repository/Page_KiboPush  Dashboard/span_Polls' (Root cause: com.kms.katalon.core.webui.exception.BrowserNotOpenedException: Browser is not opened
Build info: version: '3.7.1', revision: '8a0099a', time: '2017-11-06T21:07:36.161Z'
System info: host: 'DESKTOP-4M6R1V0', ip: '10.0.2.15', os.name: 'Windows 10', os.arch: 'amd64', os.version: '10.0', java.version: '1.8.0_181'
Driver info: driver.version: unknown)"/>
         <system-out><![CDATA[2019-04-22 16:38:34 - [TEST_CASE][FAILED] - Test Cases/Broadcasts/TC0196: Test Cases/Broadcasts/TC0196 FAILED because (of) Unable to click on object 'Object Repository/Page_KiboPush  Dashboard/span_Polls' (Root cause: com.kms.katalon.core.webui.exception.BrowserNotOpenedException: Browser is not opened
Build info: version: '3.7.1', revision: '8a0099a', time: '2017-11-06T21:07:36.161Z'
System info: host: 'DESKTOP-4M6R1V0', ip: '10.0.2.15', os.name: 'Windows 10', os.arch: 'amd64', os.version: '10.0', java.version: '1.8.0_181'
Driver info: driver.version: unknown)

2019-04-22 16:38:34 - [TEST_STEP][FAILED] - callTestCase: Unable to call Test Case with id 'Test Cases/Broadcasts/TC0131' (Root cause: Call Test Case 'Test Cases/Broadcasts/TC0131' failed)

2019-04-22 16:38:34 - [TEST_CASE][FAILED] - Test Cases/Broadcasts/TC0131: Test Cases/Broadcasts/TC0131 FAILED because (of) Unable to click on object 'Object Repository/Page_KiboPush  Dashboard/span_Polls' (Root cause: com.kms.katalon.core.webui.exception.BrowserNotOpenedException: Browser is not opened
Build info: version: '3.7.1', revision: '8a0099a', time: '2017-11-06T21:07:36.161Z'
System info: host: 'DESKTOP-4M6R1V0', ip: '10.0.2.15', os.name: 'Windows 10', os.arch: 'amd64', os.version: '10.0', java.version: '1.8.0_181'
Driver info: driver.version: unknown)

2019-04-22 16:38:34 - [TEST_STEP][FAILED] - callTestCase: Unable to call Test Case with id 'Test Cases/s-sidebar_navigation/TeamAccount/Broadcasts' (Root cause: Call Test Case 'Test Cases/s-sidebar_navigation/TeamAccount/Broadcasts' failed)

2019-04-22 16:38:34 - [TEST_CASE][FAILED] - Test Cases/s-sidebar_navigation/TeamAccount/Broadcasts: Test Cases/s-sidebar_navigation/TeamAccount/Broadcasts FAILED because (of) Unable to click on object 'Object Repository/Page_KiboPush  Dashboard/span_Polls' (Root cause: com.kms.katalon.core.webui.exception.BrowserNotOpenedException: Browser is not opened
Build info: version: '3.7.1', revision: '8a0099a', time: '2017-11-06T21:07:36.161Z'
System info: host: 'DESKTOP-4M6R1V0', ip: '10.0.2.15', os.name: 'Windows 10', os.arch: 'amd64', os.version: '10.0', java.version: '1.8.0_181'
Driver info: driver.version: unknown)

2019-04-22 16:38:34 - [TEST_STEP][FAILED] - callTestCase: Unable to call Test Case with id 'Test Cases/s-sidebar_navigation/individualAccount/broadcast' (Root cause: Call Test Case 'Test Cases/s-sidebar_navigation/individualAccount/broadcast' failed)

2019-04-22 16:38:35 - [TEST_CASE][FAILED] - Test Cases/s-sidebar_navigation/individualAccount/broadcast: Test Cases/s-sidebar_navigation/individualAccount/broadcast FAILED because (of) Unable to click on object 'Object Repository/Page_KiboPush  Dashboard/span_Polls' (Root cause: com.kms.katalon.core.webui.exception.BrowserNotOpenedException: Browser is not opened
Build info: version: '3.7.1', revision: '8a0099a', time: '2017-11-06T21:07:36.161Z'
System info: host: 'DESKTOP-4M6R1V0', ip: '10.0.2.15', os.name: 'Windows 10', os.arch: 'amd64', os.version: '10.0', java.version: '1.8.0_181'
Driver info: driver.version: unknown)

2019-04-22 16:38:35 - [TEST_STEP][FAILED] - click: Unable to click on object 'Object Repository/Page_KiboPush  Dashboard/span_Polls' (Root cause: com.kms.katalon.core.webui.exception.BrowserNotOpenedException: Browser is not opened
Build info: version: '3.7.1', revision: '8a0099a', time: '2017-11-06T21:07:36.161Z'
System info: host: 'DESKTOP-4M6R1V0', ip: '10.0.2.15', os.name: 'Windows 10', os.arch: 'amd64', os.version: '10.0', java.version: '1.8.0_181'
Driver info: driver.version: unknown)

2019-04-22 16:38:38 - [MESSAGE][WARNING] - Cannot take screenshot

2019-04-22 16:38:38 - [MESSAGE][FAILED] - Unable to click on object 'Object Repository/Page_KiboPush  Dashboard/span_Polls' (Root cause: com.kms.katalon.core.webui.exception.BrowserNotOpenedException: Browser is not opened
Build info: version: '3.7.1', revision: '8a0099a', time: '2017-11-06T21:07:36.161Z'
System info: host: 'DESKTOP-4M6R1V0', ip: '10.0.2.15', os.name: 'Windows 10', os.arch: 'amd64', os.version: '10.0', java.version: '1.8.0_181'
Driver info: driver.version: unknown)

2019-04-22 16:38:38 - [MESSAGE][FAILED] - Unable to call Test Case with id 'Test Cases/s-sidebar_navigation/individualAccount/broadcast' (Root cause: Call Test Case 'Test Cases/s-sidebar_navigation/individualAccount/broadcast' failed)

2019-04-22 16:38:38 - [MESSAGE][FAILED] - Unable to call Test Case with id 'Test Cases/s-sidebar_navigation/TeamAccount/Broadcasts' (Root cause: Call Test Case 'Test Cases/s-sidebar_navigation/TeamAccount/Broadcasts' failed)

2019-04-22 16:38:38 - [MESSAGE][FAILED] - Unable to call Test Case with id 'Test Cases/Broadcasts/TC0131' (Root cause: Call Test Case 'Test Cases/Broadcasts/TC0131' failed)]]></system-out>
         <system-err><![CDATA[2019-04-22 16:38:34 - [TEST_CASE][FAILED] - Test Cases/Broadcasts/TC0196: Test Cases/Broadcasts/TC0196 FAILED because (of) Unable to click on object 'Object Repository/Page_KiboPush  Dashboard/span_Polls' (Root cause: com.kms.katalon.core.webui.exception.BrowserNotOpenedException: Browser is not opened
Build info: version: '3.7.1', revision: '8a0099a', time: '2017-11-06T21:07:36.161Z'
System info: host: 'DESKTOP-4M6R1V0', ip: '10.0.2.15', os.name: 'Windows 10', os.arch: 'amd64', os.version: '10.0', java.version: '1.8.0_181'
Driver info: driver.version: unknown)]]></system-err>
      </testcase>
      <testcase name="Test Cases/Broadcasts/TC0204" classname="Test Cases/Broadcasts/TC0204" status="FAILED">
         <failure type="FAILED" message="Unable to click on object 'Object Repository/Page_KiboPush  Dashboard/span_Polls' (Root cause: com.kms.katalon.core.webui.exception.BrowserNotOpenedException: Browser is not opened
Build info: version: '3.7.1', revision: '8a0099a', time: '2017-11-06T21:07:36.161Z'
System info: host: 'DESKTOP-4M6R1V0', ip: '10.0.2.15', os.name: 'Windows 10', os.arch: 'amd64', os.version: '10.0', java.version: '1.8.0_181'
Driver info: driver.version: unknown)"/>
         <system-out><![CDATA[2019-04-22 16:38:38 - [TEST_CASE][FAILED] - Test Cases/Broadcasts/TC0204: Test Cases/Broadcasts/TC0204 FAILED because (of) Unable to click on object 'Object Repository/Page_KiboPush  Dashboard/span_Polls' (Root cause: com.kms.katalon.core.webui.exception.BrowserNotOpenedException: Browser is not opened
Build info: version: '3.7.1', revision: '8a0099a', time: '2017-11-06T21:07:36.161Z'
System info: host: 'DESKTOP-4M6R1V0', ip: '10.0.2.15', os.name: 'Windows 10', os.arch: 'amd64', os.version: '10.0', java.version: '1.8.0_181'
Driver info: driver.version: unknown)

2019-04-22 16:38:39 - [TEST_STEP][FAILED] - callTestCase: Unable to call Test Case with id 'Test Cases/Broadcasts/TC0131' (Root cause: Call Test Case 'Test Cases/Broadcasts/TC0131' failed)

2019-04-22 16:38:39 - [TEST_CASE][FAILED] - Test Cases/Broadcasts/TC0131: Test Cases/Broadcasts/TC0131 FAILED because (of) Unable to click on object 'Object Repository/Page_KiboPush  Dashboard/span_Polls' (Root cause: com.kms.katalon.core.webui.exception.BrowserNotOpenedException: Browser is not opened
Build info: version: '3.7.1', revision: '8a0099a', time: '2017-11-06T21:07:36.161Z'
System info: host: 'DESKTOP-4M6R1V0', ip: '10.0.2.15', os.name: 'Windows 10', os.arch: 'amd64', os.version: '10.0', java.version: '1.8.0_181'
Driver info: driver.version: unknown)

2019-04-22 16:38:39 - [TEST_STEP][FAILED] - callTestCase: Unable to call Test Case with id 'Test Cases/s-sidebar_navigation/TeamAccount/Broadcasts' (Root cause: Call Test Case 'Test Cases/s-sidebar_navigation/TeamAccount/Broadcasts' failed)

2019-04-22 16:38:39 - [TEST_CASE][FAILED] - Test Cases/s-sidebar_navigation/TeamAccount/Broadcasts: Test Cases/s-sidebar_navigation/TeamAccount/Broadcasts FAILED because (of) Unable to click on object 'Object Repository/Page_KiboPush  Dashboard/span_Polls' (Root cause: com.kms.katalon.core.webui.exception.BrowserNotOpenedException: Browser is not opened
Build info: version: '3.7.1', revision: '8a0099a', time: '2017-11-06T21:07:36.161Z'
System info: host: 'DESKTOP-4M6R1V0', ip: '10.0.2.15', os.name: 'Windows 10', os.arch: 'amd64', os.version: '10.0', java.version: '1.8.0_181'
Driver info: driver.version: unknown)

2019-04-22 16:38:39 - [TEST_STEP][FAILED] - callTestCase: Unable to call Test Case with id 'Test Cases/s-sidebar_navigation/individualAccount/broadcast' (Root cause: Call Test Case 'Test Cases/s-sidebar_navigation/individualAccount/broadcast' failed)

2019-04-22 16:38:40 - [TEST_CASE][FAILED] - Test Cases/s-sidebar_navigation/individualAccount/broadcast: Test Cases/s-sidebar_navigation/individualAccount/broadcast FAILED because (of) Unable to click on object 'Object Repository/Page_KiboPush  Dashboard/span_Polls' (Root cause: com.kms.katalon.core.webui.exception.BrowserNotOpenedException: Browser is not opened
Build info: version: '3.7.1', revision: '8a0099a', time: '2017-11-06T21:07:36.161Z'
System info: host: 'DESKTOP-4M6R1V0', ip: '10.0.2.15', os.name: 'Windows 10', os.arch: 'amd64', os.version: '10.0', java.version: '1.8.0_181'
Driver info: driver.version: unknown)

2019-04-22 16:38:40 - [TEST_STEP][FAILED] - click: Unable to click on object 'Object Repository/Page_KiboPush  Dashboard/span_Polls' (Root cause: com.kms.katalon.core.webui.exception.BrowserNotOpenedException: Browser is not opened
Build info: version: '3.7.1', revision: '8a0099a', time: '2017-11-06T21:07:36.161Z'
System info: host: 'DESKTOP-4M6R1V0', ip: '10.0.2.15', os.name: 'Windows 10', os.arch: 'amd64', os.version: '10.0', java.version: '1.8.0_181'
Driver info: driver.version: unknown)

2019-04-22 16:38:40 - [MESSAGE][WARNING] - Cannot take screenshot

2019-04-22 16:38:40 - [MESSAGE][FAILED] - Unable to click on object 'Object Repository/Page_KiboPush  Dashboard/span_Polls' (Root cause: com.kms.katalon.core.webui.exception.BrowserNotOpenedException: Browser is not opened
Build info: version: '3.7.1', revision: '8a0099a', time: '2017-11-06T21:07:36.161Z'
System info: host: 'DESKTOP-4M6R1V0', ip: '10.0.2.15', os.name: 'Windows 10', os.arch: 'amd64', os.version: '10.0', java.version: '1.8.0_181'
Driver info: driver.version: unknown)

2019-04-22 16:38:40 - [MESSAGE][FAILED] - Unable to call Test Case with id 'Test Cases/s-sidebar_navigation/individualAccount/broadcast' (Root cause: Call Test Case 'Test Cases/s-sidebar_navigation/individualAccount/broadcast' failed)

2019-04-22 16:38:40 - [MESSAGE][FAILED] - Unable to call Test Case with id 'Test Cases/s-sidebar_navigation/TeamAccount/Broadcasts' (Root cause: Call Test Case 'Test Cases/s-sidebar_navigation/TeamAccount/Broadcasts' failed)

2019-04-22 16:38:40 - [MESSAGE][FAILED] - Unable to call Test Case with id 'Test Cases/Broadcasts/TC0131' (Root cause: Call Test Case 'Test Cases/Broadcasts/TC0131' failed)]]></system-out>
         <system-err><![CDATA[2019-04-22 16:38:38 - [TEST_CASE][FAILED] - Test Cases/Broadcasts/TC0204: Test Cases/Broadcasts/TC0204 FAILED because (of) Unable to click on object 'Object Repository/Page_KiboPush  Dashboard/span_Polls' (Root cause: com.kms.katalon.core.webui.exception.BrowserNotOpenedException: Browser is not opened
Build info: version: '3.7.1', revision: '8a0099a', time: '2017-11-06T21:07:36.161Z'
System info: host: 'DESKTOP-4M6R1V0', ip: '10.0.2.15', os.name: 'Windows 10', os.arch: 'amd64', os.version: '10.0', java.version: '1.8.0_181'
Driver info: driver.version: unknown)]]></system-err>
      </testcase>
      <testcase name="Test Cases/Broadcasts/TC0684" classname="Test Cases/Broadcasts/TC0684" status="FAILED">
         <failure type="FAILED" message="Unable to click on object 'Object Repository/Page_KiboPush  Dashboard/span_Polls' (Root cause: com.kms.katalon.core.webui.exception.BrowserNotOpenedException: Browser is not opened
Build info: version: '3.7.1', revision: '8a0099a', time: '2017-11-06T21:07:36.161Z'
System info: host: 'DESKTOP-4M6R1V0', ip: '10.0.2.15', os.name: 'Windows 10', os.arch: 'amd64', os.version: '10.0', java.version: '1.8.0_181'
Driver info: driver.version: unknown)"/>
         <system-out><![CDATA[2019-04-22 16:38:40 - [TEST_CASE][FAILED] - Test Cases/Broadcasts/TC0684: Test Cases/Broadcasts/TC0684 FAILED because (of) Unable to click on object 'Object Repository/Page_KiboPush  Dashboard/span_Polls' (Root cause: com.kms.katalon.core.webui.exception.BrowserNotOpenedException: Browser is not opened
Build info: version: '3.7.1', revision: '8a0099a', time: '2017-11-06T21:07:36.161Z'
System info: host: 'DESKTOP-4M6R1V0', ip: '10.0.2.15', os.name: 'Windows 10', os.arch: 'amd64', os.version: '10.0', java.version: '1.8.0_181'
Driver info: driver.version: unknown)

2019-04-22 16:38:40 - [TEST_STEP][FAILED] - callTestCase: Unable to call Test Case with id 'Test Cases/s-sidebar_navigation/TeamAccount/Broadcasts' (Root cause: Call Test Case 'Test Cases/s-sidebar_navigation/TeamAccount/Broadcasts' failed)

2019-04-22 16:38:41 - [TEST_CASE][FAILED] - Test Cases/s-sidebar_navigation/TeamAccount/Broadcasts: Test Cases/s-sidebar_navigation/TeamAccount/Broadcasts FAILED because (of) Unable to click on object 'Object Repository/Page_KiboPush  Dashboard/span_Polls' (Root cause: com.kms.katalon.core.webui.exception.BrowserNotOpenedException: Browser is not opened
Build info: version: '3.7.1', revision: '8a0099a', time: '2017-11-06T21:07:36.161Z'
System info: host: 'DESKTOP-4M6R1V0', ip: '10.0.2.15', os.name: 'Windows 10', os.arch: 'amd64', os.version: '10.0', java.version: '1.8.0_181'
Driver info: driver.version: unknown)

2019-04-22 16:38:41 - [TEST_STEP][FAILED] - callTestCase: Unable to call Test Case with id 'Test Cases/s-sidebar_navigation/individualAccount/broadcast' (Root cause: Call Test Case 'Test Cases/s-sidebar_navigation/individualAccount/broadcast' failed)

2019-04-22 16:38:41 - [TEST_CASE][FAILED] - Test Cases/s-sidebar_navigation/individualAccount/broadcast: Test Cases/s-sidebar_navigation/individualAccount/broadcast FAILED because (of) Unable to click on object 'Object Repository/Page_KiboPush  Dashboard/span_Polls' (Root cause: com.kms.katalon.core.webui.exception.BrowserNotOpenedException: Browser is not opened
Build info: version: '3.7.1', revision: '8a0099a', time: '2017-11-06T21:07:36.161Z'
System info: host: 'DESKTOP-4M6R1V0', ip: '10.0.2.15', os.name: 'Windows 10', os.arch: 'amd64', os.version: '10.0', java.version: '1.8.0_181'
Driver info: driver.version: unknown)

2019-04-22 16:38:41 - [TEST_STEP][FAILED] - click: Unable to click on object 'Object Repository/Page_KiboPush  Dashboard/span_Polls' (Root cause: com.kms.katalon.core.webui.exception.BrowserNotOpenedException: Browser is not opened
Build info: version: '3.7.1', revision: '8a0099a', time: '2017-11-06T21:07:36.161Z'
System info: host: 'DESKTOP-4M6R1V0', ip: '10.0.2.15', os.name: 'Windows 10', os.arch: 'amd64', os.version: '10.0', java.version: '1.8.0_181'
Driver info: driver.version: unknown)

2019-04-22 16:38:41 - [MESSAGE][WARNING] - Cannot take screenshot

2019-04-22 16:38:41 - [MESSAGE][FAILED] - Unable to click on object 'Object Repository/Page_KiboPush  Dashboard/span_Polls' (Root cause: com.kms.katalon.core.webui.exception.BrowserNotOpenedException: Browser is not opened
Build info: version: '3.7.1', revision: '8a0099a', time: '2017-11-06T21:07:36.161Z'
System info: host: 'DESKTOP-4M6R1V0', ip: '10.0.2.15', os.name: 'Windows 10', os.arch: 'amd64', os.version: '10.0', java.version: '1.8.0_181'
Driver info: driver.version: unknown)

2019-04-22 16:38:41 - [MESSAGE][FAILED] - Unable to call Test Case with id 'Test Cases/s-sidebar_navigation/individualAccount/broadcast' (Root cause: Call Test Case 'Test Cases/s-sidebar_navigation/individualAccount/broadcast' failed)

2019-04-22 16:38:41 - [MESSAGE][FAILED] - Unable to call Test Case with id 'Test Cases/s-sidebar_navigation/TeamAccount/Broadcasts' (Root cause: Call Test Case 'Test Cases/s-sidebar_navigation/TeamAccount/Broadcasts' failed)]]></system-out>
         <system-err><![CDATA[2019-04-22 16:38:40 - [TEST_CASE][FAILED] - Test Cases/Broadcasts/TC0684: Test Cases/Broadcasts/TC0684 FAILED because (of) Unable to click on object 'Object Repository/Page_KiboPush  Dashboard/span_Polls' (Root cause: com.kms.katalon.core.webui.exception.BrowserNotOpenedException: Browser is not opened
Build info: version: '3.7.1', revision: '8a0099a', time: '2017-11-06T21:07:36.161Z'
System info: host: 'DESKTOP-4M6R1V0', ip: '10.0.2.15', os.name: 'Windows 10', os.arch: 'amd64', os.version: '10.0', java.version: '1.8.0_181'
Driver info: driver.version: unknown)]]></system-err>
      </testcase>
      <testcase name="Test Cases/Broadcasts/TC0685" classname="Test Cases/Broadcasts/TC0685" status="FAILED">
         <failure type="FAILED" message="Unable to click on object 'Object Repository/Page_KiboPush  Dashboard/span_Polls' (Root cause: com.kms.katalon.core.webui.exception.BrowserNotOpenedException: Browser is not opened
Build info: version: '3.7.1', revision: '8a0099a', time: '2017-11-06T21:07:36.161Z'
System info: host: 'DESKTOP-4M6R1V0', ip: '10.0.2.15', os.name: 'Windows 10', os.arch: 'amd64', os.version: '10.0', java.version: '1.8.0_181'
Driver info: driver.version: unknown)"/>
         <system-out><![CDATA[2019-04-22 16:38:41 - [TEST_CASE][FAILED] - Test Cases/Broadcasts/TC0685: Test Cases/Broadcasts/TC0685 FAILED because (of) Unable to click on object 'Object Repository/Page_KiboPush  Dashboard/span_Polls' (Root cause: com.kms.katalon.core.webui.exception.BrowserNotOpenedException: Browser is not opened
Build info: version: '3.7.1', revision: '8a0099a', time: '2017-11-06T21:07:36.161Z'
System info: host: 'DESKTOP-4M6R1V0', ip: '10.0.2.15', os.name: 'Windows 10', os.arch: 'amd64', os.version: '10.0', java.version: '1.8.0_181'
Driver info: driver.version: unknown)

2019-04-22 16:38:41 - [TEST_STEP][FAILED] - callTestCase: Unable to call Test Case with id 'Test Cases/Broadcasts/TC0684' (Root cause: Call Test Case 'Test Cases/Broadcasts/TC0684' failed)

2019-04-22 16:38:42 - [TEST_CASE][FAILED] - Test Cases/Broadcasts/TC0684: Test Cases/Broadcasts/TC0684 FAILED because (of) Unable to click on object 'Object Repository/Page_KiboPush  Dashboard/span_Polls' (Root cause: com.kms.katalon.core.webui.exception.BrowserNotOpenedException: Browser is not opened
Build info: version: '3.7.1', revision: '8a0099a', time: '2017-11-06T21:07:36.161Z'
System info: host: 'DESKTOP-4M6R1V0', ip: '10.0.2.15', os.name: 'Windows 10', os.arch: 'amd64', os.version: '10.0', java.version: '1.8.0_181'
Driver info: driver.version: unknown)

2019-04-22 16:38:42 - [TEST_STEP][FAILED] - callTestCase: Unable to call Test Case with id 'Test Cases/s-sidebar_navigation/TeamAccount/Broadcasts' (Root cause: Call Test Case 'Test Cases/s-sidebar_navigation/TeamAccount/Broadcasts' failed)

2019-04-22 16:38:42 - [TEST_CASE][FAILED] - Test Cases/s-sidebar_navigation/TeamAccount/Broadcasts: Test Cases/s-sidebar_navigation/TeamAccount/Broadcasts FAILED because (of) Unable to click on object 'Object Repository/Page_KiboPush  Dashboard/span_Polls' (Root cause: com.kms.katalon.core.webui.exception.BrowserNotOpenedException: Browser is not opened
Build info: version: '3.7.1', revision: '8a0099a', time: '2017-11-06T21:07:36.161Z'
System info: host: 'DESKTOP-4M6R1V0', ip: '10.0.2.15', os.name: 'Windows 10', os.arch: 'amd64', os.version: '10.0', java.version: '1.8.0_181'
Driver info: driver.version: unknown)

2019-04-22 16:38:42 - [TEST_STEP][FAILED] - callTestCase: Unable to call Test Case with id 'Test Cases/s-sidebar_navigation/individualAccount/broadcast' (Root cause: Call Test Case 'Test Cases/s-sidebar_navigation/individualAccount/broadcast' failed)

2019-04-22 16:38:42 - [TEST_CASE][FAILED] - Test Cases/s-sidebar_navigation/individualAccount/broadcast: Test Cases/s-sidebar_navigation/individualAccount/broadcast FAILED because (of) Unable to click on object 'Object Repository/Page_KiboPush  Dashboard/span_Polls' (Root cause: com.kms.katalon.core.webui.exception.BrowserNotOpenedException: Browser is not opened
Build info: version: '3.7.1', revision: '8a0099a', time: '2017-11-06T21:07:36.161Z'
System info: host: 'DESKTOP-4M6R1V0', ip: '10.0.2.15', os.name: 'Windows 10', os.arch: 'amd64', os.version: '10.0', java.version: '1.8.0_181'
Driver info: driver.version: unknown)

2019-04-22 16:38:42 - [TEST_STEP][FAILED] - click: Unable to click on object 'Object Repository/Page_KiboPush  Dashboard/span_Polls' (Root cause: com.kms.katalon.core.webui.exception.BrowserNotOpenedException: Browser is not opened
Build info: version: '3.7.1', revision: '8a0099a', time: '2017-11-06T21:07:36.161Z'
System info: host: 'DESKTOP-4M6R1V0', ip: '10.0.2.15', os.name: 'Windows 10', os.arch: 'amd64', os.version: '10.0', java.version: '1.8.0_181'
Driver info: driver.version: unknown)

2019-04-22 16:38:42 - [MESSAGE][WARNING] - Cannot take screenshot

2019-04-22 16:38:42 - [MESSAGE][FAILED] - Unable to click on object 'Object Repository/Page_KiboPush  Dashboard/span_Polls' (Root cause: com.kms.katalon.core.webui.exception.BrowserNotOpenedException: Browser is not opened
Build info: version: '3.7.1', revision: '8a0099a', time: '2017-11-06T21:07:36.161Z'
System info: host: 'DESKTOP-4M6R1V0', ip: '10.0.2.15', os.name: 'Windows 10', os.arch: 'amd64', os.version: '10.0', java.version: '1.8.0_181'
Driver info: driver.version: unknown)

2019-04-22 16:38:42 - [MESSAGE][FAILED] - Unable to call Test Case with id 'Test Cases/s-sidebar_navigation/individualAccount/broadcast' (Root cause: Call Test Case 'Test Cases/s-sidebar_navigation/individualAccount/broadcast' failed)

2019-04-22 16:38:42 - [MESSAGE][FAILED] - Unable to call Test Case with id 'Test Cases/s-sidebar_navigation/TeamAccount/Broadcasts' (Root cause: Call Test Case 'Test Cases/s-sidebar_navigation/TeamAccount/Broadcasts' failed)

2019-04-22 16:38:42 - [MESSAGE][FAILED] - Unable to call Test Case with id 'Test Cases/Broadcasts/TC0684' (Root cause: Call Test Case 'Test Cases/Broadcasts/TC0684' failed)]]></system-out>
         <system-err><![CDATA[2019-04-22 16:38:41 - [TEST_CASE][FAILED] - Test Cases/Broadcasts/TC0685: Test Cases/Broadcasts/TC0685 FAILED because (of) Unable to click on object 'Object Repository/Page_KiboPush  Dashboard/span_Polls' (Root cause: com.kms.katalon.core.webui.exception.BrowserNotOpenedException: Browser is not opened
Build info: version: '3.7.1', revision: '8a0099a', time: '2017-11-06T21:07:36.161Z'
System info: host: 'DESKTOP-4M6R1V0', ip: '10.0.2.15', os.name: 'Windows 10', os.arch: 'amd64', os.version: '10.0', java.version: '1.8.0_181'
Driver info: driver.version: unknown)]]></system-err>
      </testcase>
      <testcase name="Test Cases/Broadcasts/TC0686" classname="Test Cases/Broadcasts/TC0686" status="FAILED">
         <failure type="FAILED" message="Unable to click on object 'Object Repository/Page_KiboPush  Dashboard/span_Polls' (Root cause: com.kms.katalon.core.webui.exception.BrowserNotOpenedException: Browser is not opened
Build info: version: '3.7.1', revision: '8a0099a', time: '2017-11-06T21:07:36.161Z'
System info: host: 'DESKTOP-4M6R1V0', ip: '10.0.2.15', os.name: 'Windows 10', os.arch: 'amd64', os.version: '10.0', java.version: '1.8.0_181'
Driver info: driver.version: unknown)"/>
         <system-out><![CDATA[2019-04-22 16:38:42 - [TEST_CASE][FAILED] - Test Cases/Broadcasts/TC0686: Test Cases/Broadcasts/TC0686 FAILED because (of) Unable to click on object 'Object Repository/Page_KiboPush  Dashboard/span_Polls' (Root cause: com.kms.katalon.core.webui.exception.BrowserNotOpenedException: Browser is not opened
Build info: version: '3.7.1', revision: '8a0099a', time: '2017-11-06T21:07:36.161Z'
System info: host: 'DESKTOP-4M6R1V0', ip: '10.0.2.15', os.name: 'Windows 10', os.arch: 'amd64', os.version: '10.0', java.version: '1.8.0_181'
Driver info: driver.version: unknown)

2019-04-22 16:38:42 - [TEST_STEP][FAILED] - callTestCase: Unable to call Test Case with id 'Test Cases/Broadcasts/TC0684' (Root cause: Call Test Case 'Test Cases/Broadcasts/TC0684' failed)

2019-04-22 16:38:42 - [TEST_CASE][FAILED] - Test Cases/Broadcasts/TC0684: Test Cases/Broadcasts/TC0684 FAILED because (of) Unable to click on object 'Object Repository/Page_KiboPush  Dashboard/span_Polls' (Root cause: com.kms.katalon.core.webui.exception.BrowserNotOpenedException: Browser is not opened
Build info: version: '3.7.1', revision: '8a0099a', time: '2017-11-06T21:07:36.161Z'
System info: host: 'DESKTOP-4M6R1V0', ip: '10.0.2.15', os.name: 'Windows 10', os.arch: 'amd64', os.version: '10.0', java.version: '1.8.0_181'
Driver info: driver.version: unknown)

2019-04-22 16:38:42 - [TEST_STEP][FAILED] - callTestCase: Unable to call Test Case with id 'Test Cases/s-sidebar_navigation/TeamAccount/Broadcasts' (Root cause: Call Test Case 'Test Cases/s-sidebar_navigation/TeamAccount/Broadcasts' failed)

2019-04-22 16:38:43 - [TEST_CASE][FAILED] - Test Cases/s-sidebar_navigation/TeamAccount/Broadcasts: Test Cases/s-sidebar_navigation/TeamAccount/Broadcasts FAILED because (of) Unable to click on object 'Object Repository/Page_KiboPush  Dashboard/span_Polls' (Root cause: com.kms.katalon.core.webui.exception.BrowserNotOpenedException: Browser is not opened
Build info: version: '3.7.1', revision: '8a0099a', time: '2017-11-06T21:07:36.161Z'
System info: host: 'DESKTOP-4M6R1V0', ip: '10.0.2.15', os.name: 'Windows 10', os.arch: 'amd64', os.version: '10.0', java.version: '1.8.0_181'
Driver info: driver.version: unknown)

2019-04-22 16:38:43 - [TEST_STEP][FAILED] - callTestCase: Unable to call Test Case with id 'Test Cases/s-sidebar_navigation/individualAccount/broadcast' (Root cause: Call Test Case 'Test Cases/s-sidebar_navigation/individualAccount/broadcast' failed)

2019-04-22 16:38:43 - [TEST_CASE][FAILED] - Test Cases/s-sidebar_navigation/individualAccount/broadcast: Test Cases/s-sidebar_navigation/individualAccount/broadcast FAILED because (of) Unable to click on object 'Object Repository/Page_KiboPush  Dashboard/span_Polls' (Root cause: com.kms.katalon.core.webui.exception.BrowserNotOpenedException: Browser is not opened
Build info: version: '3.7.1', revision: '8a0099a', time: '2017-11-06T21:07:36.161Z'
System info: host: 'DESKTOP-4M6R1V0', ip: '10.0.2.15', os.name: 'Windows 10', os.arch: 'amd64', os.version: '10.0', java.version: '1.8.0_181'
Driver info: driver.version: unknown)

2019-04-22 16:38:43 - [TEST_STEP][FAILED] - click: Unable to click on object 'Object Repository/Page_KiboPush  Dashboard/span_Polls' (Root cause: com.kms.katalon.core.webui.exception.BrowserNotOpenedException: Browser is not opened
Build info: version: '3.7.1', revision: '8a0099a', time: '2017-11-06T21:07:36.161Z'
System info: host: 'DESKTOP-4M6R1V0', ip: '10.0.2.15', os.name: 'Windows 10', os.arch: 'amd64', os.version: '10.0', java.version: '1.8.0_181'
Driver info: driver.version: unknown)

2019-04-22 16:38:43 - [MESSAGE][WARNING] - Cannot take screenshot

2019-04-22 16:38:43 - [MESSAGE][FAILED] - Unable to click on object 'Object Repository/Page_KiboPush  Dashboard/span_Polls' (Root cause: com.kms.katalon.core.webui.exception.BrowserNotOpenedException: Browser is not opened
Build info: version: '3.7.1', revision: '8a0099a', time: '2017-11-06T21:07:36.161Z'
System info: host: 'DESKTOP-4M6R1V0', ip: '10.0.2.15', os.name: 'Windows 10', os.arch: 'amd64', os.version: '10.0', java.version: '1.8.0_181'
Driver info: driver.version: unknown)

2019-04-22 16:38:43 - [MESSAGE][FAILED] - Unable to call Test Case with id 'Test Cases/s-sidebar_navigation/individualAccount/broadcast' (Root cause: Call Test Case 'Test Cases/s-sidebar_navigation/individualAccount/broadcast' failed)

2019-04-22 16:38:43 - [MESSAGE][FAILED] - Unable to call Test Case with id 'Test Cases/s-sidebar_navigation/TeamAccount/Broadcasts' (Root cause: Call Test Case 'Test Cases/s-sidebar_navigation/TeamAccount/Broadcasts' failed)

2019-04-22 16:38:43 - [MESSAGE][FAILED] - Unable to call Test Case with id 'Test Cases/Broadcasts/TC0684' (Root cause: Call Test Case 'Test Cases/Broadcasts/TC0684' failed)]]></system-out>
         <system-err><![CDATA[2019-04-22 16:38:42 - [TEST_CASE][FAILED] - Test Cases/Broadcasts/TC0686: Test Cases/Broadcasts/TC0686 FAILED because (of) Unable to click on object 'Object Repository/Page_KiboPush  Dashboard/span_Polls' (Root cause: com.kms.katalon.core.webui.exception.BrowserNotOpenedException: Browser is not opened
Build info: version: '3.7.1', revision: '8a0099a', time: '2017-11-06T21:07:36.161Z'
System info: host: 'DESKTOP-4M6R1V0', ip: '10.0.2.15', os.name: 'Windows 10', os.arch: 'amd64', os.version: '10.0', java.version: '1.8.0_181'
Driver info: driver.version: unknown)]]></system-err>
      </testcase>
      <testcase name="Test Cases/Broadcasts/TC0687" classname="Test Cases/Broadcasts/TC0687" status="FAILED">
         <failure type="FAILED" message="Unable to click on object 'Object Repository/Page_KiboPush  Dashboard/span_Polls' (Root cause: com.kms.katalon.core.webui.exception.BrowserNotOpenedException: Browser is not opened
Build info: version: '3.7.1', revision: '8a0099a', time: '2017-11-06T21:07:36.161Z'
System info: host: 'DESKTOP-4M6R1V0', ip: '10.0.2.15', os.name: 'Windows 10', os.arch: 'amd64', os.version: '10.0', java.version: '1.8.0_181'
Driver info: driver.version: unknown)"/>
         <system-out><![CDATA[2019-04-22 16:38:43 - [TEST_CASE][FAILED] - Test Cases/Broadcasts/TC0687: Test Cases/Broadcasts/TC0687 FAILED because (of) Unable to click on object 'Object Repository/Page_KiboPush  Dashboard/span_Polls' (Root cause: com.kms.katalon.core.webui.exception.BrowserNotOpenedException: Browser is not opened
Build info: version: '3.7.1', revision: '8a0099a', time: '2017-11-06T21:07:36.161Z'
System info: host: 'DESKTOP-4M6R1V0', ip: '10.0.2.15', os.name: 'Windows 10', os.arch: 'amd64', os.version: '10.0', java.version: '1.8.0_181'
Driver info: driver.version: unknown)

2019-04-22 16:38:44 - [TEST_STEP][FAILED] - callTestCase: Unable to call Test Case with id 'Test Cases/Broadcasts/TC0684' (Root cause: Call Test Case 'Test Cases/Broadcasts/TC0684' failed)

2019-04-22 16:38:44 - [TEST_CASE][FAILED] - Test Cases/Broadcasts/TC0684: Test Cases/Broadcasts/TC0684 FAILED because (of) Unable to click on object 'Object Repository/Page_KiboPush  Dashboard/span_Polls' (Root cause: com.kms.katalon.core.webui.exception.BrowserNotOpenedException: Browser is not opened
Build info: version: '3.7.1', revision: '8a0099a', time: '2017-11-06T21:07:36.161Z'
System info: host: 'DESKTOP-4M6R1V0', ip: '10.0.2.15', os.name: 'Windows 10', os.arch: 'amd64', os.version: '10.0', java.version: '1.8.0_181'
Driver info: driver.version: unknown)

2019-04-22 16:38:44 - [TEST_STEP][FAILED] - callTestCase: Unable to call Test Case with id 'Test Cases/s-sidebar_navigation/TeamAccount/Broadcasts' (Root cause: Call Test Case 'Test Cases/s-sidebar_navigation/TeamAccount/Broadcasts' failed)

2019-04-22 16:38:44 - [TEST_CASE][FAILED] - Test Cases/s-sidebar_navigation/TeamAccount/Broadcasts: Test Cases/s-sidebar_navigation/TeamAccount/Broadcasts FAILED because (of) Unable to click on object 'Object Repository/Page_KiboPush  Dashboard/span_Polls' (Root cause: com.kms.katalon.core.webui.exception.BrowserNotOpenedException: Browser is not opened
Build info: version: '3.7.1', revision: '8a0099a', time: '2017-11-06T21:07:36.161Z'
System info: host: 'DESKTOP-4M6R1V0', ip: '10.0.2.15', os.name: 'Windows 10', os.arch: 'amd64', os.version: '10.0', java.version: '1.8.0_181'
Driver info: driver.version: unknown)

2019-04-22 16:38:44 - [TEST_STEP][FAILED] - callTestCase: Unable to call Test Case with id 'Test Cases/s-sidebar_navigation/individualAccount/broadcast' (Root cause: Call Test Case 'Test Cases/s-sidebar_navigation/individualAccount/broadcast' failed)

2019-04-22 16:38:44 - [TEST_CASE][FAILED] - Test Cases/s-sidebar_navigation/individualAccount/broadcast: Test Cases/s-sidebar_navigation/individualAccount/broadcast FAILED because (of) Unable to click on object 'Object Repository/Page_KiboPush  Dashboard/span_Polls' (Root cause: com.kms.katalon.core.webui.exception.BrowserNotOpenedException: Browser is not opened
Build info: version: '3.7.1', revision: '8a0099a', time: '2017-11-06T21:07:36.161Z'
System info: host: 'DESKTOP-4M6R1V0', ip: '10.0.2.15', os.name: 'Windows 10', os.arch: 'amd64', os.version: '10.0', java.version: '1.8.0_181'
Driver info: driver.version: unknown)

2019-04-22 16:38:44 - [TEST_STEP][FAILED] - click: Unable to click on object 'Object Repository/Page_KiboPush  Dashboard/span_Polls' (Root cause: com.kms.katalon.core.webui.exception.BrowserNotOpenedException: Browser is not opened
Build info: version: '3.7.1', revision: '8a0099a', time: '2017-11-06T21:07:36.161Z'
System info: host: 'DESKTOP-4M6R1V0', ip: '10.0.2.15', os.name: 'Windows 10', os.arch: 'amd64', os.version: '10.0', java.version: '1.8.0_181'
Driver info: driver.version: unknown)

2019-04-22 16:38:44 - [MESSAGE][WARNING] - Cannot take screenshot

2019-04-22 16:38:44 - [MESSAGE][FAILED] - Unable to click on object 'Object Repository/Page_KiboPush  Dashboard/span_Polls' (Root cause: com.kms.katalon.core.webui.exception.BrowserNotOpenedException: Browser is not opened
Build info: version: '3.7.1', revision: '8a0099a', time: '2017-11-06T21:07:36.161Z'
System info: host: 'DESKTOP-4M6R1V0', ip: '10.0.2.15', os.name: 'Windows 10', os.arch: 'amd64', os.version: '10.0', java.version: '1.8.0_181'
Driver info: driver.version: unknown)

2019-04-22 16:38:44 - [MESSAGE][FAILED] - Unable to call Test Case with id 'Test Cases/s-sidebar_navigation/individualAccount/broadcast' (Root cause: Call Test Case 'Test Cases/s-sidebar_navigation/individualAccount/broadcast' failed)

2019-04-22 16:38:44 - [MESSAGE][FAILED] - Unable to call Test Case with id 'Test Cases/s-sidebar_navigation/TeamAccount/Broadcasts' (Root cause: Call Test Case 'Test Cases/s-sidebar_navigation/TeamAccount/Broadcasts' failed)

2019-04-22 16:38:44 - [MESSAGE][FAILED] - Unable to call Test Case with id 'Test Cases/Broadcasts/TC0684' (Root cause: Call Test Case 'Test Cases/Broadcasts/TC0684' failed)]]></system-out>
         <system-err><![CDATA[2019-04-22 16:38:43 - [TEST_CASE][FAILED] - Test Cases/Broadcasts/TC0687: Test Cases/Broadcasts/TC0687 FAILED because (of) Unable to click on object 'Object Repository/Page_KiboPush  Dashboard/span_Polls' (Root cause: com.kms.katalon.core.webui.exception.BrowserNotOpenedException: Browser is not opened
Build info: version: '3.7.1', revision: '8a0099a', time: '2017-11-06T21:07:36.161Z'
System info: host: 'DESKTOP-4M6R1V0', ip: '10.0.2.15', os.name: 'Windows 10', os.arch: 'amd64', os.version: '10.0', java.version: '1.8.0_181'
Driver info: driver.version: unknown)]]></system-err>
      </testcase>
      <testcase name="Test Cases/Broadcasts/TC0688" classname="Test Cases/Broadcasts/TC0688" status="FAILED">
         <failure type="FAILED" message="Unable to click on object 'Object Repository/Page_KiboPush  Dashboard/span_Polls' (Root cause: com.kms.katalon.core.webui.exception.BrowserNotOpenedException: Browser is not opened
Build info: version: '3.7.1', revision: '8a0099a', time: '2017-11-06T21:07:36.161Z'
System info: host: 'DESKTOP-4M6R1V0', ip: '10.0.2.15', os.name: 'Windows 10', os.arch: 'amd64', os.version: '10.0', java.version: '1.8.0_181'
Driver info: driver.version: unknown)"/>
         <system-out><![CDATA[2019-04-22 16:38:44 - [TEST_CASE][FAILED] - Test Cases/Broadcasts/TC0688: Test Cases/Broadcasts/TC0688 FAILED because (of) Unable to click on object 'Object Repository/Page_KiboPush  Dashboard/span_Polls' (Root cause: com.kms.katalon.core.webui.exception.BrowserNotOpenedException: Browser is not opened
Build info: version: '3.7.1', revision: '8a0099a', time: '2017-11-06T21:07:36.161Z'
System info: host: 'DESKTOP-4M6R1V0', ip: '10.0.2.15', os.name: 'Windows 10', os.arch: 'amd64', os.version: '10.0', java.version: '1.8.0_181'
Driver info: driver.version: unknown)

2019-04-22 16:38:45 - [TEST_STEP][FAILED] - callTestCase: Unable to call Test Case with id 'Test Cases/Broadcasts/TC0684' (Root cause: Call Test Case 'Test Cases/Broadcasts/TC0684' failed)

2019-04-22 16:38:45 - [TEST_CASE][FAILED] - Test Cases/Broadcasts/TC0684: Test Cases/Broadcasts/TC0684 FAILED because (of) Unable to click on object 'Object Repository/Page_KiboPush  Dashboard/span_Polls' (Root cause: com.kms.katalon.core.webui.exception.BrowserNotOpenedException: Browser is not opened
Build info: version: '3.7.1', revision: '8a0099a', time: '2017-11-06T21:07:36.161Z'
System info: host: 'DESKTOP-4M6R1V0', ip: '10.0.2.15', os.name: 'Windows 10', os.arch: 'amd64', os.version: '10.0', java.version: '1.8.0_181'
Driver info: driver.version: unknown)

2019-04-22 16:38:45 - [TEST_STEP][FAILED] - callTestCase: Unable to call Test Case with id 'Test Cases/s-sidebar_navigation/TeamAccount/Broadcasts' (Root cause: Call Test Case 'Test Cases/s-sidebar_navigation/TeamAccount/Broadcasts' failed)

2019-04-22 16:38:45 - [TEST_CASE][FAILED] - Test Cases/s-sidebar_navigation/TeamAccount/Broadcasts: Test Cases/s-sidebar_navigation/TeamAccount/Broadcasts FAILED because (of) Unable to click on object 'Object Repository/Page_KiboPush  Dashboard/span_Polls' (Root cause: com.kms.katalon.core.webui.exception.BrowserNotOpenedException: Browser is not opened
Build info: version: '3.7.1', revision: '8a0099a', time: '2017-11-06T21:07:36.161Z'
System info: host: 'DESKTOP-4M6R1V0', ip: '10.0.2.15', os.name: 'Windows 10', os.arch: 'amd64', os.version: '10.0', java.version: '1.8.0_181'
Driver info: driver.version: unknown)

2019-04-22 16:38:45 - [TEST_STEP][FAILED] - callTestCase: Unable to call Test Case with id 'Test Cases/s-sidebar_navigation/individualAccount/broadcast' (Root cause: Call Test Case 'Test Cases/s-sidebar_navigation/individualAccount/broadcast' failed)

2019-04-22 16:38:45 - [TEST_CASE][FAILED] - Test Cases/s-sidebar_navigation/individualAccount/broadcast: Test Cases/s-sidebar_navigation/individualAccount/broadcast FAILED because (of) Unable to click on object 'Object Repository/Page_KiboPush  Dashboard/span_Polls' (Root cause: com.kms.katalon.core.webui.exception.BrowserNotOpenedException: Browser is not opened
Build info: version: '3.7.1', revision: '8a0099a', time: '2017-11-06T21:07:36.161Z'
System info: host: 'DESKTOP-4M6R1V0', ip: '10.0.2.15', os.name: 'Windows 10', os.arch: 'amd64', os.version: '10.0', java.version: '1.8.0_181'
Driver info: driver.version: unknown)

2019-04-22 16:38:45 - [TEST_STEP][FAILED] - click: Unable to click on object 'Object Repository/Page_KiboPush  Dashboard/span_Polls' (Root cause: com.kms.katalon.core.webui.exception.BrowserNotOpenedException: Browser is not opened
Build info: version: '3.7.1', revision: '8a0099a', time: '2017-11-06T21:07:36.161Z'
System info: host: 'DESKTOP-4M6R1V0', ip: '10.0.2.15', os.name: 'Windows 10', os.arch: 'amd64', os.version: '10.0', java.version: '1.8.0_181'
Driver info: driver.version: unknown)

2019-04-22 16:38:45 - [MESSAGE][WARNING] - Cannot take screenshot

2019-04-22 16:38:45 - [MESSAGE][FAILED] - Unable to click on object 'Object Repository/Page_KiboPush  Dashboard/span_Polls' (Root cause: com.kms.katalon.core.webui.exception.BrowserNotOpenedException: Browser is not opened
Build info: version: '3.7.1', revision: '8a0099a', time: '2017-11-06T21:07:36.161Z'
System info: host: 'DESKTOP-4M6R1V0', ip: '10.0.2.15', os.name: 'Windows 10', os.arch: 'amd64', os.version: '10.0', java.version: '1.8.0_181'
Driver info: driver.version: unknown)

2019-04-22 16:38:45 - [MESSAGE][FAILED] - Unable to call Test Case with id 'Test Cases/s-sidebar_navigation/individualAccount/broadcast' (Root cause: Call Test Case 'Test Cases/s-sidebar_navigation/individualAccount/broadcast' failed)

2019-04-22 16:38:45 - [MESSAGE][FAILED] - Unable to call Test Case with id 'Test Cases/s-sidebar_navigation/TeamAccount/Broadcasts' (Root cause: Call Test Case 'Test Cases/s-sidebar_navigation/TeamAccount/Broadcasts' failed)

2019-04-22 16:38:57 - [MESSAGE][FAILED] - Unable to call Test Case with id 'Test Cases/Broadcasts/TC0684' (Root cause: Call Test Case 'Test Cases/Broadcasts/TC0684' failed)]]></system-out>
         <system-err><![CDATA[2019-04-22 16:38:44 - [TEST_CASE][FAILED] - Test Cases/Broadcasts/TC0688: Test Cases/Broadcasts/TC0688 FAILED because (of) Unable to click on object 'Object Repository/Page_KiboPush  Dashboard/span_Polls' (Root cause: com.kms.katalon.core.webui.exception.BrowserNotOpenedException: Browser is not opened
Build info: version: '3.7.1', revision: '8a0099a', time: '2017-11-06T21:07:36.161Z'
System info: host: 'DESKTOP-4M6R1V0', ip: '10.0.2.15', os.name: 'Windows 10', os.arch: 'amd64', os.version: '10.0', java.version: '1.8.0_181'
Driver info: driver.version: unknown)]]></system-err>
      </testcase>
      <testcase name="Test Cases/Broadcasts/TC0689" classname="Test Cases/Broadcasts/TC0689" status="FAILED">
         <failure type="FAILED" message="Unable to click on object 'Object Repository/Page_KiboPush  Dashboard/span_Polls' (Root cause: com.kms.katalon.core.webui.exception.BrowserNotOpenedException: Browser is not opened
Build info: version: '3.7.1', revision: '8a0099a', time: '2017-11-06T21:07:36.161Z'
System info: host: 'DESKTOP-4M6R1V0', ip: '10.0.2.15', os.name: 'Windows 10', os.arch: 'amd64', os.version: '10.0', java.version: '1.8.0_181'
Driver info: driver.version: unknown)"/>
         <system-out><![CDATA[2019-04-22 16:38:57 - [TEST_CASE][FAILED] - Test Cases/Broadcasts/TC0689: Test Cases/Broadcasts/TC0689 FAILED because (of) Unable to click on object 'Object Repository/Page_KiboPush  Dashboard/span_Polls' (Root cause: com.kms.katalon.core.webui.exception.BrowserNotOpenedException: Browser is not opened
Build info: version: '3.7.1', revision: '8a0099a', time: '2017-11-06T21:07:36.161Z'
System info: host: 'DESKTOP-4M6R1V0', ip: '10.0.2.15', os.name: 'Windows 10', os.arch: 'amd64', os.version: '10.0', java.version: '1.8.0_181'
Driver info: driver.version: unknown)

2019-04-22 16:38:58 - [TEST_STEP][FAILED] - callTestCase: Unable to call Test Case with id 'Test Cases/Broadcasts/TC0684' (Root cause: Call Test Case 'Test Cases/Broadcasts/TC0684' failed)

2019-04-22 16:38:58 - [TEST_CASE][FAILED] - Test Cases/Broadcasts/TC0684: Test Cases/Broadcasts/TC0684 FAILED because (of) Unable to click on object 'Object Repository/Page_KiboPush  Dashboard/span_Polls' (Root cause: com.kms.katalon.core.webui.exception.BrowserNotOpenedException: Browser is not opened
Build info: version: '3.7.1', revision: '8a0099a', time: '2017-11-06T21:07:36.161Z'
System info: host: 'DESKTOP-4M6R1V0', ip: '10.0.2.15', os.name: 'Windows 10', os.arch: 'amd64', os.version: '10.0', java.version: '1.8.0_181'
Driver info: driver.version: unknown)

2019-04-22 16:38:58 - [TEST_STEP][FAILED] - callTestCase: Unable to call Test Case with id 'Test Cases/s-sidebar_navigation/TeamAccount/Broadcasts' (Root cause: Call Test Case 'Test Cases/s-sidebar_navigation/TeamAccount/Broadcasts' failed)

2019-04-22 16:38:58 - [TEST_CASE][FAILED] - Test Cases/s-sidebar_navigation/TeamAccount/Broadcasts: Test Cases/s-sidebar_navigation/TeamAccount/Broadcasts FAILED because (of) Unable to click on object 'Object Repository/Page_KiboPush  Dashboard/span_Polls' (Root cause: com.kms.katalon.core.webui.exception.BrowserNotOpenedException: Browser is not opened
Build info: version: '3.7.1', revision: '8a0099a', time: '2017-11-06T21:07:36.161Z'
System info: host: 'DESKTOP-4M6R1V0', ip: '10.0.2.15', os.name: 'Windows 10', os.arch: 'amd64', os.version: '10.0', java.version: '1.8.0_181'
Driver info: driver.version: unknown)

2019-04-22 16:38:58 - [TEST_STEP][FAILED] - callTestCase: Unable to call Test Case with id 'Test Cases/s-sidebar_navigation/individualAccount/broadcast' (Root cause: Call Test Case 'Test Cases/s-sidebar_navigation/individualAccount/broadcast' failed)

2019-04-22 16:38:58 - [TEST_CASE][FAILED] - Test Cases/s-sidebar_navigation/individualAccount/broadcast: Test Cases/s-sidebar_navigation/individualAccount/broadcast FAILED because (of) Unable to click on object 'Object Repository/Page_KiboPush  Dashboard/span_Polls' (Root cause: com.kms.katalon.core.webui.exception.BrowserNotOpenedException: Browser is not opened
Build info: version: '3.7.1', revision: '8a0099a', time: '2017-11-06T21:07:36.161Z'
System info: host: 'DESKTOP-4M6R1V0', ip: '10.0.2.15', os.name: 'Windows 10', os.arch: 'amd64', os.version: '10.0', java.version: '1.8.0_181'
Driver info: driver.version: unknown)

2019-04-22 16:38:58 - [TEST_STEP][FAILED] - click: Unable to click on object 'Object Repository/Page_KiboPush  Dashboard/span_Polls' (Root cause: com.kms.katalon.core.webui.exception.BrowserNotOpenedException: Browser is not opened
Build info: version: '3.7.1', revision: '8a0099a', time: '2017-11-06T21:07:36.161Z'
System info: host: 'DESKTOP-4M6R1V0', ip: '10.0.2.15', os.name: 'Windows 10', os.arch: 'amd64', os.version: '10.0', java.version: '1.8.0_181'
Driver info: driver.version: unknown)

2019-04-22 16:38:58 - [MESSAGE][WARNING] - Cannot take screenshot

2019-04-22 16:38:58 - [MESSAGE][FAILED] - Unable to click on object 'Object Repository/Page_KiboPush  Dashboard/span_Polls' (Root cause: com.kms.katalon.core.webui.exception.BrowserNotOpenedException: Browser is not opened
Build info: version: '3.7.1', revision: '8a0099a', time: '2017-11-06T21:07:36.161Z'
System info: host: 'DESKTOP-4M6R1V0', ip: '10.0.2.15', os.name: 'Windows 10', os.arch: 'amd64', os.version: '10.0', java.version: '1.8.0_181'
Driver info: driver.version: unknown)

2019-04-22 16:38:59 - [MESSAGE][FAILED] - Unable to call Test Case with id 'Test Cases/s-sidebar_navigation/individualAccount/broadcast' (Root cause: Call Test Case 'Test Cases/s-sidebar_navigation/individualAccount/broadcast' failed)

2019-04-22 16:38:59 - [MESSAGE][FAILED] - Unable to call Test Case with id 'Test Cases/s-sidebar_navigation/TeamAccount/Broadcasts' (Root cause: Call Test Case 'Test Cases/s-sidebar_navigation/TeamAccount/Broadcasts' failed)

2019-04-22 16:38:59 - [MESSAGE][FAILED] - Unable to call Test Case with id 'Test Cases/Broadcasts/TC0684' (Root cause: Call Test Case 'Test Cases/Broadcasts/TC0684' failed)]]></system-out>
         <system-err><![CDATA[2019-04-22 16:38:57 - [TEST_CASE][FAILED] - Test Cases/Broadcasts/TC0689: Test Cases/Broadcasts/TC0689 FAILED because (of) Unable to click on object 'Object Repository/Page_KiboPush  Dashboard/span_Polls' (Root cause: com.kms.katalon.core.webui.exception.BrowserNotOpenedException: Browser is not opened
Build info: version: '3.7.1', revision: '8a0099a', time: '2017-11-06T21:07:36.161Z'
System info: host: 'DESKTOP-4M6R1V0', ip: '10.0.2.15', os.name: 'Windows 10', os.arch: 'amd64', os.version: '10.0', java.version: '1.8.0_181'
Driver info: driver.version: unknown)]]></system-err>
      </testcase>
      <testcase name="Test Cases/Broadcasts/TC0690" classname="Test Cases/Broadcasts/TC0690" status="FAILED">
         <failure type="FAILED" message="Unable to click on object 'Object Repository/Page_KiboPush  Dashboard/span_Polls' (Root cause: com.kms.katalon.core.webui.exception.BrowserNotOpenedException: Browser is not opened
Build info: version: '3.7.1', revision: '8a0099a', time: '2017-11-06T21:07:36.161Z'
System info: host: 'DESKTOP-4M6R1V0', ip: '10.0.2.15', os.name: 'Windows 10', os.arch: 'amd64', os.version: '10.0', java.version: '1.8.0_181'
Driver info: driver.version: unknown)"/>
         <system-out><![CDATA[2019-04-22 16:39:00 - [TEST_CASE][FAILED] - Test Cases/Broadcasts/TC0690: Test Cases/Broadcasts/TC0690 FAILED because (of) Unable to click on object 'Object Repository/Page_KiboPush  Dashboard/span_Polls' (Root cause: com.kms.katalon.core.webui.exception.BrowserNotOpenedException: Browser is not opened
Build info: version: '3.7.1', revision: '8a0099a', time: '2017-11-06T21:07:36.161Z'
System info: host: 'DESKTOP-4M6R1V0', ip: '10.0.2.15', os.name: 'Windows 10', os.arch: 'amd64', os.version: '10.0', java.version: '1.8.0_181'
Driver info: driver.version: unknown)

2019-04-22 16:39:01 - [TEST_STEP][FAILED] - callTestCase: Unable to call Test Case with id 'Test Cases/Broadcasts/TC0684' (Root cause: Call Test Case 'Test Cases/Broadcasts/TC0684' failed)

2019-04-22 16:39:02 - [TEST_CASE][FAILED] - Test Cases/Broadcasts/TC0684: Test Cases/Broadcasts/TC0684 FAILED because (of) Unable to click on object 'Object Repository/Page_KiboPush  Dashboard/span_Polls' (Root cause: com.kms.katalon.core.webui.exception.BrowserNotOpenedException: Browser is not opened
Build info: version: '3.7.1', revision: '8a0099a', time: '2017-11-06T21:07:36.161Z'
System info: host: 'DESKTOP-4M6R1V0', ip: '10.0.2.15', os.name: 'Windows 10', os.arch: 'amd64', os.version: '10.0', java.version: '1.8.0_181'
Driver info: driver.version: unknown)

2019-04-22 16:39:02 - [TEST_STEP][FAILED] - callTestCase: Unable to call Test Case with id 'Test Cases/s-sidebar_navigation/TeamAccount/Broadcasts' (Root cause: Call Test Case 'Test Cases/s-sidebar_navigation/TeamAccount/Broadcasts' failed)

2019-04-22 16:39:02 - [TEST_CASE][FAILED] - Test Cases/s-sidebar_navigation/TeamAccount/Broadcasts: Test Cases/s-sidebar_navigation/TeamAccount/Broadcasts FAILED because (of) Unable to click on object 'Object Repository/Page_KiboPush  Dashboard/span_Polls' (Root cause: com.kms.katalon.core.webui.exception.BrowserNotOpenedException: Browser is not opened
Build info: version: '3.7.1', revision: '8a0099a', time: '2017-11-06T21:07:36.161Z'
System info: host: 'DESKTOP-4M6R1V0', ip: '10.0.2.15', os.name: 'Windows 10', os.arch: 'amd64', os.version: '10.0', java.version: '1.8.0_181'
Driver info: driver.version: unknown)

2019-04-22 16:39:02 - [TEST_STEP][FAILED] - callTestCase: Unable to call Test Case with id 'Test Cases/s-sidebar_navigation/individualAccount/broadcast' (Root cause: Call Test Case 'Test Cases/s-sidebar_navigation/individualAccount/broadcast' failed)

2019-04-22 16:39:02 - [TEST_CASE][FAILED] - Test Cases/s-sidebar_navigation/individualAccount/broadcast: Test Cases/s-sidebar_navigation/individualAccount/broadcast FAILED because (of) Unable to click on object 'Object Repository/Page_KiboPush  Dashboard/span_Polls' (Root cause: com.kms.katalon.core.webui.exception.BrowserNotOpenedException: Browser is not opened
Build info: version: '3.7.1', revision: '8a0099a', time: '2017-11-06T21:07:36.161Z'
System info: host: 'DESKTOP-4M6R1V0', ip: '10.0.2.15', os.name: 'Windows 10', os.arch: 'amd64', os.version: '10.0', java.version: '1.8.0_181'
Driver info: driver.version: unknown)

2019-04-22 16:39:02 - [TEST_STEP][FAILED] - click: Unable to click on object 'Object Repository/Page_KiboPush  Dashboard/span_Polls' (Root cause: com.kms.katalon.core.webui.exception.BrowserNotOpenedException: Browser is not opened
Build info: version: '3.7.1', revision: '8a0099a', time: '2017-11-06T21:07:36.161Z'
System info: host: 'DESKTOP-4M6R1V0', ip: '10.0.2.15', os.name: 'Windows 10', os.arch: 'amd64', os.version: '10.0', java.version: '1.8.0_181'
Driver info: driver.version: unknown)

2019-04-22 16:39:02 - [MESSAGE][WARNING] - Cannot take screenshot

2019-04-22 16:39:02 - [MESSAGE][FAILED] - Unable to click on object 'Object Repository/Page_KiboPush  Dashboard/span_Polls' (Root cause: com.kms.katalon.core.webui.exception.BrowserNotOpenedException: Browser is not opened
Build info: version: '3.7.1', revision: '8a0099a', time: '2017-11-06T21:07:36.161Z'
System info: host: 'DESKTOP-4M6R1V0', ip: '10.0.2.15', os.name: 'Windows 10', os.arch: 'amd64', os.version: '10.0', java.version: '1.8.0_181'
Driver info: driver.version: unknown)

2019-04-22 16:39:02 - [MESSAGE][FAILED] - Unable to call Test Case with id 'Test Cases/s-sidebar_navigation/individualAccount/broadcast' (Root cause: Call Test Case 'Test Cases/s-sidebar_navigation/individualAccount/broadcast' failed)

2019-04-22 16:39:02 - [MESSAGE][FAILED] - Unable to call Test Case with id 'Test Cases/s-sidebar_navigation/TeamAccount/Broadcasts' (Root cause: Call Test Case 'Test Cases/s-sidebar_navigation/TeamAccount/Broadcasts' failed)

2019-04-22 16:39:02 - [MESSAGE][FAILED] - Unable to call Test Case with id 'Test Cases/Broadcasts/TC0684' (Root cause: Call Test Case 'Test Cases/Broadcasts/TC0684' failed)]]></system-out>
         <system-err><![CDATA[2019-04-22 16:39:00 - [TEST_CASE][FAILED] - Test Cases/Broadcasts/TC0690: Test Cases/Broadcasts/TC0690 FAILED because (of) Unable to click on object 'Object Repository/Page_KiboPush  Dashboard/span_Polls' (Root cause: com.kms.katalon.core.webui.exception.BrowserNotOpenedException: Browser is not opened
Build info: version: '3.7.1', revision: '8a0099a', time: '2017-11-06T21:07:36.161Z'
System info: host: 'DESKTOP-4M6R1V0', ip: '10.0.2.15', os.name: 'Windows 10', os.arch: 'amd64', os.version: '10.0', java.version: '1.8.0_181'
Driver info: driver.version: unknown)]]></system-err>
      </testcase>
      <testcase name="Test Cases/Broadcasts/TC0691" classname="Test Cases/Broadcasts/TC0691" status="FAILED">
         <failure type="FAILED" message="Unable to click on object 'Object Repository/Page_KiboPush  Dashboard/span_Polls' (Root cause: com.kms.katalon.core.webui.exception.BrowserNotOpenedException: Browser is not opened
Build info: version: '3.7.1', revision: '8a0099a', time: '2017-11-06T21:07:36.161Z'
System info: host: 'DESKTOP-4M6R1V0', ip: '10.0.2.15', os.name: 'Windows 10', os.arch: 'amd64', os.version: '10.0', java.version: '1.8.0_181'
Driver info: driver.version: unknown)"/>
         <system-out><![CDATA[2019-04-22 16:39:02 - [TEST_CASE][FAILED] - Test Cases/Broadcasts/TC0691: Test Cases/Broadcasts/TC0691 FAILED because (of) Unable to click on object 'Object Repository/Page_KiboPush  Dashboard/span_Polls' (Root cause: com.kms.katalon.core.webui.exception.BrowserNotOpenedException: Browser is not opened
Build info: version: '3.7.1', revision: '8a0099a', time: '2017-11-06T21:07:36.161Z'
System info: host: 'DESKTOP-4M6R1V0', ip: '10.0.2.15', os.name: 'Windows 10', os.arch: 'amd64', os.version: '10.0', java.version: '1.8.0_181'
Driver info: driver.version: unknown)

2019-04-22 16:39:02 - [TEST_STEP][FAILED] - callTestCase: Unable to call Test Case with id 'Test Cases/Broadcasts/TC0684' (Root cause: Call Test Case 'Test Cases/Broadcasts/TC0684' failed)

2019-04-22 16:39:03 - [TEST_CASE][FAILED] - Test Cases/Broadcasts/TC0684: Test Cases/Broadcasts/TC0684 FAILED because (of) Unable to click on object 'Object Repository/Page_KiboPush  Dashboard/span_Polls' (Root cause: com.kms.katalon.core.webui.exception.BrowserNotOpenedException: Browser is not opened
Build info: version: '3.7.1', revision: '8a0099a', time: '2017-11-06T21:07:36.161Z'
System info: host: 'DESKTOP-4M6R1V0', ip: '10.0.2.15', os.name: 'Windows 10', os.arch: 'amd64', os.version: '10.0', java.version: '1.8.0_181'
Driver info: driver.version: unknown)

2019-04-22 16:39:03 - [TEST_STEP][FAILED] - callTestCase: Unable to call Test Case with id 'Test Cases/s-sidebar_navigation/TeamAccount/Broadcasts' (Root cause: Call Test Case 'Test Cases/s-sidebar_navigation/TeamAccount/Broadcasts' failed)

2019-04-22 16:39:03 - [TEST_CASE][FAILED] - Test Cases/s-sidebar_navigation/TeamAccount/Broadcasts: Test Cases/s-sidebar_navigation/TeamAccount/Broadcasts FAILED because (of) Unable to click on object 'Object Repository/Page_KiboPush  Dashboard/span_Polls' (Root cause: com.kms.katalon.core.webui.exception.BrowserNotOpenedException: Browser is not opened
Build info: version: '3.7.1', revision: '8a0099a', time: '2017-11-06T21:07:36.161Z'
System info: host: 'DESKTOP-4M6R1V0', ip: '10.0.2.15', os.name: 'Windows 10', os.arch: 'amd64', os.version: '10.0', java.version: '1.8.0_181'
Driver info: driver.version: unknown)

2019-04-22 16:39:03 - [TEST_STEP][FAILED] - callTestCase: Unable to call Test Case with id 'Test Cases/s-sidebar_navigation/individualAccount/broadcast' (Root cause: Call Test Case 'Test Cases/s-sidebar_navigation/individualAccount/broadcast' failed)

2019-04-22 16:39:03 - [TEST_CASE][FAILED] - Test Cases/s-sidebar_navigation/individualAccount/broadcast: Test Cases/s-sidebar_navigation/individualAccount/broadcast FAILED because (of) Unable to click on object 'Object Repository/Page_KiboPush  Dashboard/span_Polls' (Root cause: com.kms.katalon.core.webui.exception.BrowserNotOpenedException: Browser is not opened
Build info: version: '3.7.1', revision: '8a0099a', time: '2017-11-06T21:07:36.161Z'
System info: host: 'DESKTOP-4M6R1V0', ip: '10.0.2.15', os.name: 'Windows 10', os.arch: 'amd64', os.version: '10.0', java.version: '1.8.0_181'
Driver info: driver.version: unknown)

2019-04-22 16:39:03 - [TEST_STEP][FAILED] - click: Unable to click on object 'Object Repository/Page_KiboPush  Dashboard/span_Polls' (Root cause: com.kms.katalon.core.webui.exception.BrowserNotOpenedException: Browser is not opened
Build info: version: '3.7.1', revision: '8a0099a', time: '2017-11-06T21:07:36.161Z'
System info: host: 'DESKTOP-4M6R1V0', ip: '10.0.2.15', os.name: 'Windows 10', os.arch: 'amd64', os.version: '10.0', java.version: '1.8.0_181'
Driver info: driver.version: unknown)

2019-04-22 16:39:03 - [MESSAGE][WARNING] - Cannot take screenshot

2019-04-22 16:39:03 - [MESSAGE][FAILED] - Unable to click on object 'Object Repository/Page_KiboPush  Dashboard/span_Polls' (Root cause: com.kms.katalon.core.webui.exception.BrowserNotOpenedException: Browser is not opened
Build info: version: '3.7.1', revision: '8a0099a', time: '2017-11-06T21:07:36.161Z'
System info: host: 'DESKTOP-4M6R1V0', ip: '10.0.2.15', os.name: 'Windows 10', os.arch: 'amd64', os.version: '10.0', java.version: '1.8.0_181'
Driver info: driver.version: unknown)

2019-04-22 16:39:03 - [MESSAGE][FAILED] - Unable to call Test Case with id 'Test Cases/s-sidebar_navigation/individualAccount/broadcast' (Root cause: Call Test Case 'Test Cases/s-sidebar_navigation/individualAccount/broadcast' failed)

2019-04-22 16:39:03 - [MESSAGE][FAILED] - Unable to call Test Case with id 'Test Cases/s-sidebar_navigation/TeamAccount/Broadcasts' (Root cause: Call Test Case 'Test Cases/s-sidebar_navigation/TeamAccount/Broadcasts' failed)

2019-04-22 16:39:03 - [MESSAGE][FAILED] - Unable to call Test Case with id 'Test Cases/Broadcasts/TC0684' (Root cause: Call Test Case 'Test Cases/Broadcasts/TC0684' failed)]]></system-out>
         <system-err><![CDATA[2019-04-22 16:39:02 - [TEST_CASE][FAILED] - Test Cases/Broadcasts/TC0691: Test Cases/Broadcasts/TC0691 FAILED because (of) Unable to click on object 'Object Repository/Page_KiboPush  Dashboard/span_Polls' (Root cause: com.kms.katalon.core.webui.exception.BrowserNotOpenedException: Browser is not opened
Build info: version: '3.7.1', revision: '8a0099a', time: '2017-11-06T21:07:36.161Z'
System info: host: 'DESKTOP-4M6R1V0', ip: '10.0.2.15', os.name: 'Windows 10', os.arch: 'amd64', os.version: '10.0', java.version: '1.8.0_181'
Driver info: driver.version: unknown)]]></system-err>
      </testcase>
      <testcase name="Test Cases/Broadcasts/TC0692" classname="Test Cases/Broadcasts/TC0692" status="FAILED">
         <failure type="FAILED" message="Unable to click on object 'Object Repository/Page_KiboPush  Dashboard/span_Polls' (Root cause: com.kms.katalon.core.webui.exception.BrowserNotOpenedException: Browser is not opened
Build info: version: '3.7.1', revision: '8a0099a', time: '2017-11-06T21:07:36.161Z'
System info: host: 'DESKTOP-4M6R1V0', ip: '10.0.2.15', os.name: 'Windows 10', os.arch: 'amd64', os.version: '10.0', java.version: '1.8.0_181'
Driver info: driver.version: unknown)"/>
         <system-out><![CDATA[2019-04-22 16:39:03 - [TEST_CASE][FAILED] - Test Cases/Broadcasts/TC0692: Test Cases/Broadcasts/TC0692 FAILED because (of) Unable to click on object 'Object Repository/Page_KiboPush  Dashboard/span_Polls' (Root cause: com.kms.katalon.core.webui.exception.BrowserNotOpenedException: Browser is not opened
Build info: version: '3.7.1', revision: '8a0099a', time: '2017-11-06T21:07:36.161Z'
System info: host: 'DESKTOP-4M6R1V0', ip: '10.0.2.15', os.name: 'Windows 10', os.arch: 'amd64', os.version: '10.0', java.version: '1.8.0_181'
Driver info: driver.version: unknown)

2019-04-22 16:39:04 - [TEST_STEP][FAILED] - callTestCase: Unable to call Test Case with id 'Test Cases/Broadcasts/TC0684' (Root cause: Call Test Case 'Test Cases/Broadcasts/TC0684' failed)

2019-04-22 16:39:04 - [TEST_CASE][FAILED] - Test Cases/Broadcasts/TC0684: Test Cases/Broadcasts/TC0684 FAILED because (of) Unable to click on object 'Object Repository/Page_KiboPush  Dashboard/span_Polls' (Root cause: com.kms.katalon.core.webui.exception.BrowserNotOpenedException: Browser is not opened
Build info: version: '3.7.1', revision: '8a0099a', time: '2017-11-06T21:07:36.161Z'
System info: host: 'DESKTOP-4M6R1V0', ip: '10.0.2.15', os.name: 'Windows 10', os.arch: 'amd64', os.version: '10.0', java.version: '1.8.0_181'
Driver info: driver.version: unknown)

2019-04-22 16:39:04 - [TEST_STEP][FAILED] - callTestCase: Unable to call Test Case with id 'Test Cases/s-sidebar_navigation/TeamAccount/Broadcasts' (Root cause: Call Test Case 'Test Cases/s-sidebar_navigation/TeamAccount/Broadcasts' failed)

2019-04-22 16:39:05 - [TEST_CASE][FAILED] - Test Cases/s-sidebar_navigation/TeamAccount/Broadcasts: Test Cases/s-sidebar_navigation/TeamAccount/Broadcasts FAILED because (of) Unable to click on object 'Object Repository/Page_KiboPush  Dashboard/span_Polls' (Root cause: com.kms.katalon.core.webui.exception.BrowserNotOpenedException: Browser is not opened
Build info: version: '3.7.1', revision: '8a0099a', time: '2017-11-06T21:07:36.161Z'
System info: host: 'DESKTOP-4M6R1V0', ip: '10.0.2.15', os.name: 'Windows 10', os.arch: 'amd64', os.version: '10.0', java.version: '1.8.0_181'
Driver info: driver.version: unknown)

2019-04-22 16:39:05 - [TEST_STEP][FAILED] - callTestCase: Unable to call Test Case with id 'Test Cases/s-sidebar_navigation/individualAccount/broadcast' (Root cause: Call Test Case 'Test Cases/s-sidebar_navigation/individualAccount/broadcast' failed)

2019-04-22 16:39:05 - [TEST_CASE][FAILED] - Test Cases/s-sidebar_navigation/individualAccount/broadcast: Test Cases/s-sidebar_navigation/individualAccount/broadcast FAILED because (of) Unable to click on object 'Object Repository/Page_KiboPush  Dashboard/span_Polls' (Root cause: com.kms.katalon.core.webui.exception.BrowserNotOpenedException: Browser is not opened
Build info: version: '3.7.1', revision: '8a0099a', time: '2017-11-06T21:07:36.161Z'
System info: host: 'DESKTOP-4M6R1V0', ip: '10.0.2.15', os.name: 'Windows 10', os.arch: 'amd64', os.version: '10.0', java.version: '1.8.0_181'
Driver info: driver.version: unknown)

2019-04-22 16:39:05 - [TEST_STEP][FAILED] - click: Unable to click on object 'Object Repository/Page_KiboPush  Dashboard/span_Polls' (Root cause: com.kms.katalon.core.webui.exception.BrowserNotOpenedException: Browser is not opened
Build info: version: '3.7.1', revision: '8a0099a', time: '2017-11-06T21:07:36.161Z'
System info: host: 'DESKTOP-4M6R1V0', ip: '10.0.2.15', os.name: 'Windows 10', os.arch: 'amd64', os.version: '10.0', java.version: '1.8.0_181'
Driver info: driver.version: unknown)

2019-04-22 16:39:05 - [MESSAGE][WARNING] - Cannot take screenshot

2019-04-22 16:39:05 - [MESSAGE][FAILED] - Unable to click on object 'Object Repository/Page_KiboPush  Dashboard/span_Polls' (Root cause: com.kms.katalon.core.webui.exception.BrowserNotOpenedException: Browser is not opened
Build info: version: '3.7.1', revision: '8a0099a', time: '2017-11-06T21:07:36.161Z'
System info: host: 'DESKTOP-4M6R1V0', ip: '10.0.2.15', os.name: 'Windows 10', os.arch: 'amd64', os.version: '10.0', java.version: '1.8.0_181'
Driver info: driver.version: unknown)

2019-04-22 16:39:05 - [MESSAGE][FAILED] - Unable to call Test Case with id 'Test Cases/s-sidebar_navigation/individualAccount/broadcast' (Root cause: Call Test Case 'Test Cases/s-sidebar_navigation/individualAccount/broadcast' failed)

2019-04-22 16:39:05 - [MESSAGE][FAILED] - Unable to call Test Case with id 'Test Cases/s-sidebar_navigation/TeamAccount/Broadcasts' (Root cause: Call Test Case 'Test Cases/s-sidebar_navigation/TeamAccount/Broadcasts' failed)

2019-04-22 16:39:05 - [MESSAGE][FAILED] - Unable to call Test Case with id 'Test Cases/Broadcasts/TC0684' (Root cause: Call Test Case 'Test Cases/Broadcasts/TC0684' failed)]]></system-out>
         <system-err><![CDATA[2019-04-22 16:39:03 - [TEST_CASE][FAILED] - Test Cases/Broadcasts/TC0692: Test Cases/Broadcasts/TC0692 FAILED because (of) Unable to click on object 'Object Repository/Page_KiboPush  Dashboard/span_Polls' (Root cause: com.kms.katalon.core.webui.exception.BrowserNotOpenedException: Browser is not opened
Build info: version: '3.7.1', revision: '8a0099a', time: '2017-11-06T21:07:36.161Z'
System info: host: 'DESKTOP-4M6R1V0', ip: '10.0.2.15', os.name: 'Windows 10', os.arch: 'amd64', os.version: '10.0', java.version: '1.8.0_181'
Driver info: driver.version: unknown)]]></system-err>
      </testcase>
      <testcase name="Test Cases/Broadcasts/TC0693" classname="Test Cases/Broadcasts/TC0693" status="FAILED">
         <failure type="FAILED" message="Unable to click on object 'Object Repository/Page_KiboPush  Dashboard/span_Polls' (Root cause: com.kms.katalon.core.webui.exception.BrowserNotOpenedException: Browser is not opened
Build info: version: '3.7.1', revision: '8a0099a', time: '2017-11-06T21:07:36.161Z'
System info: host: 'DESKTOP-4M6R1V0', ip: '10.0.2.15', os.name: 'Windows 10', os.arch: 'amd64', os.version: '10.0', java.version: '1.8.0_181'
Driver info: driver.version: unknown)"/>
         <system-out><![CDATA[2019-04-22 16:39:05 - [TEST_CASE][FAILED] - Test Cases/Broadcasts/TC0693: Test Cases/Broadcasts/TC0693 FAILED because (of) Unable to click on object 'Object Repository/Page_KiboPush  Dashboard/span_Polls' (Root cause: com.kms.katalon.core.webui.exception.BrowserNotOpenedException: Browser is not opened
Build info: version: '3.7.1', revision: '8a0099a', time: '2017-11-06T21:07:36.161Z'
System info: host: 'DESKTOP-4M6R1V0', ip: '10.0.2.15', os.name: 'Windows 10', os.arch: 'amd64', os.version: '10.0', java.version: '1.8.0_181'
Driver info: driver.version: unknown)

2019-04-22 16:39:06 - [TEST_STEP][FAILED] - callTestCase: Unable to call Test Case with id 'Test Cases/Broadcasts/TC0684' (Root cause: Call Test Case 'Test Cases/Broadcasts/TC0684' failed)

2019-04-22 16:39:06 - [TEST_CASE][FAILED] - Test Cases/Broadcasts/TC0684: Test Cases/Broadcasts/TC0684 FAILED because (of) Unable to click on object 'Object Repository/Page_KiboPush  Dashboard/span_Polls' (Root cause: com.kms.katalon.core.webui.exception.BrowserNotOpenedException: Browser is not opened
Build info: version: '3.7.1', revision: '8a0099a', time: '2017-11-06T21:07:36.161Z'
System info: host: 'DESKTOP-4M6R1V0', ip: '10.0.2.15', os.name: 'Windows 10', os.arch: 'amd64', os.version: '10.0', java.version: '1.8.0_181'
Driver info: driver.version: unknown)

2019-04-22 16:39:06 - [TEST_STEP][FAILED] - callTestCase: Unable to call Test Case with id 'Test Cases/s-sidebar_navigation/TeamAccount/Broadcasts' (Root cause: Call Test Case 'Test Cases/s-sidebar_navigation/TeamAccount/Broadcasts' failed)

2019-04-22 16:39:06 - [TEST_CASE][FAILED] - Test Cases/s-sidebar_navigation/TeamAccount/Broadcasts: Test Cases/s-sidebar_navigation/TeamAccount/Broadcasts FAILED because (of) Unable to click on object 'Object Repository/Page_KiboPush  Dashboard/span_Polls' (Root cause: com.kms.katalon.core.webui.exception.BrowserNotOpenedException: Browser is not opened
Build info: version: '3.7.1', revision: '8a0099a', time: '2017-11-06T21:07:36.161Z'
System info: host: 'DESKTOP-4M6R1V0', ip: '10.0.2.15', os.name: 'Windows 10', os.arch: 'amd64', os.version: '10.0', java.version: '1.8.0_181'
Driver info: driver.version: unknown)

2019-04-22 16:39:06 - [TEST_STEP][FAILED] - callTestCase: Unable to call Test Case with id 'Test Cases/s-sidebar_navigation/individualAccount/broadcast' (Root cause: Call Test Case 'Test Cases/s-sidebar_navigation/individualAccount/broadcast' failed)

2019-04-22 16:39:07 - [TEST_CASE][FAILED] - Test Cases/s-sidebar_navigation/individualAccount/broadcast: Test Cases/s-sidebar_navigation/individualAccount/broadcast FAILED because (of) Unable to click on object 'Object Repository/Page_KiboPush  Dashboard/span_Polls' (Root cause: com.kms.katalon.core.webui.exception.BrowserNotOpenedException: Browser is not opened
Build info: version: '3.7.1', revision: '8a0099a', time: '2017-11-06T21:07:36.161Z'
System info: host: 'DESKTOP-4M6R1V0', ip: '10.0.2.15', os.name: 'Windows 10', os.arch: 'amd64', os.version: '10.0', java.version: '1.8.0_181'
Driver info: driver.version: unknown)

2019-04-22 16:39:07 - [TEST_STEP][FAILED] - click: Unable to click on object 'Object Repository/Page_KiboPush  Dashboard/span_Polls' (Root cause: com.kms.katalon.core.webui.exception.BrowserNotOpenedException: Browser is not opened
Build info: version: '3.7.1', revision: '8a0099a', time: '2017-11-06T21:07:36.161Z'
System info: host: 'DESKTOP-4M6R1V0', ip: '10.0.2.15', os.name: 'Windows 10', os.arch: 'amd64', os.version: '10.0', java.version: '1.8.0_181'
Driver info: driver.version: unknown)

2019-04-22 16:39:07 - [MESSAGE][WARNING] - Cannot take screenshot

2019-04-22 16:39:07 - [MESSAGE][FAILED] - Unable to click on object 'Object Repository/Page_KiboPush  Dashboard/span_Polls' (Root cause: com.kms.katalon.core.webui.exception.BrowserNotOpenedException: Browser is not opened
Build info: version: '3.7.1', revision: '8a0099a', time: '2017-11-06T21:07:36.161Z'
System info: host: 'DESKTOP-4M6R1V0', ip: '10.0.2.15', os.name: 'Windows 10', os.arch: 'amd64', os.version: '10.0', java.version: '1.8.0_181'
Driver info: driver.version: unknown)

2019-04-22 16:39:07 - [MESSAGE][FAILED] - Unable to call Test Case with id 'Test Cases/s-sidebar_navigation/individualAccount/broadcast' (Root cause: Call Test Case 'Test Cases/s-sidebar_navigation/individualAccount/broadcast' failed)

2019-04-22 16:39:07 - [MESSAGE][FAILED] - Unable to call Test Case with id 'Test Cases/s-sidebar_navigation/TeamAccount/Broadcasts' (Root cause: Call Test Case 'Test Cases/s-sidebar_navigation/TeamAccount/Broadcasts' failed)

2019-04-22 16:39:07 - [MESSAGE][FAILED] - Unable to call Test Case with id 'Test Cases/Broadcasts/TC0684' (Root cause: Call Test Case 'Test Cases/Broadcasts/TC0684' failed)]]></system-out>
         <system-err><![CDATA[2019-04-22 16:39:05 - [TEST_CASE][FAILED] - Test Cases/Broadcasts/TC0693: Test Cases/Broadcasts/TC0693 FAILED because (of) Unable to click on object 'Object Repository/Page_KiboPush  Dashboard/span_Polls' (Root cause: com.kms.katalon.core.webui.exception.BrowserNotOpenedException: Browser is not opened
Build info: version: '3.7.1', revision: '8a0099a', time: '2017-11-06T21:07:36.161Z'
System info: host: 'DESKTOP-4M6R1V0', ip: '10.0.2.15', os.name: 'Windows 10', os.arch: 'amd64', os.version: '10.0', java.version: '1.8.0_181'
Driver info: driver.version: unknown)]]></system-err>
      </testcase>
      <testcase name="Test Cases/Broadcasts/TC0694" classname="Test Cases/Broadcasts/TC0694" status="FAILED">
         <failure type="FAILED" message="Unable to click on object 'Object Repository/Page_KiboPush  Dashboard/span_Polls' (Root cause: com.kms.katalon.core.webui.exception.BrowserNotOpenedException: Browser is not opened
Build info: version: '3.7.1', revision: '8a0099a', time: '2017-11-06T21:07:36.161Z'
System info: host: 'DESKTOP-4M6R1V0', ip: '10.0.2.15', os.name: 'Windows 10', os.arch: 'amd64', os.version: '10.0', java.version: '1.8.0_181'
Driver info: driver.version: unknown)"/>
         <system-out><![CDATA[2019-04-22 16:39:07 - [TEST_CASE][FAILED] - Test Cases/Broadcasts/TC0694: Test Cases/Broadcasts/TC0694 FAILED because (of) Unable to click on object 'Object Repository/Page_KiboPush  Dashboard/span_Polls' (Root cause: com.kms.katalon.core.webui.exception.BrowserNotOpenedException: Browser is not opened
Build info: version: '3.7.1', revision: '8a0099a', time: '2017-11-06T21:07:36.161Z'
System info: host: 'DESKTOP-4M6R1V0', ip: '10.0.2.15', os.name: 'Windows 10', os.arch: 'amd64', os.version: '10.0', java.version: '1.8.0_181'
Driver info: driver.version: unknown)

2019-04-22 16:39:08 - [TEST_STEP][FAILED] - callTestCase: Unable to call Test Case with id 'Test Cases/Broadcasts/TC0684' (Root cause: Call Test Case 'Test Cases/Broadcasts/TC0684' failed)

2019-04-22 16:39:08 - [TEST_CASE][FAILED] - Test Cases/Broadcasts/TC0684: Test Cases/Broadcasts/TC0684 FAILED because (of) Unable to click on object 'Object Repository/Page_KiboPush  Dashboard/span_Polls' (Root cause: com.kms.katalon.core.webui.exception.BrowserNotOpenedException: Browser is not opened
Build info: version: '3.7.1', revision: '8a0099a', time: '2017-11-06T21:07:36.161Z'
System info: host: 'DESKTOP-4M6R1V0', ip: '10.0.2.15', os.name: 'Windows 10', os.arch: 'amd64', os.version: '10.0', java.version: '1.8.0_181'
Driver info: driver.version: unknown)

2019-04-22 16:39:08 - [TEST_STEP][FAILED] - callTestCase: Unable to call Test Case with id 'Test Cases/s-sidebar_navigation/TeamAccount/Broadcasts' (Root cause: Call Test Case 'Test Cases/s-sidebar_navigation/TeamAccount/Broadcasts' failed)

2019-04-22 16:39:08 - [TEST_CASE][FAILED] - Test Cases/s-sidebar_navigation/TeamAccount/Broadcasts: Test Cases/s-sidebar_navigation/TeamAccount/Broadcasts FAILED because (of) Unable to click on object 'Object Repository/Page_KiboPush  Dashboard/span_Polls' (Root cause: com.kms.katalon.core.webui.exception.BrowserNotOpenedException: Browser is not opened
Build info: version: '3.7.1', revision: '8a0099a', time: '2017-11-06T21:07:36.161Z'
System info: host: 'DESKTOP-4M6R1V0', ip: '10.0.2.15', os.name: 'Windows 10', os.arch: 'amd64', os.version: '10.0', java.version: '1.8.0_181'
Driver info: driver.version: unknown)

2019-04-22 16:39:08 - [TEST_STEP][FAILED] - callTestCase: Unable to call Test Case with id 'Test Cases/s-sidebar_navigation/individualAccount/broadcast' (Root cause: Call Test Case 'Test Cases/s-sidebar_navigation/individualAccount/broadcast' failed)

2019-04-22 16:39:08 - [TEST_CASE][FAILED] - Test Cases/s-sidebar_navigation/individualAccount/broadcast: Test Cases/s-sidebar_navigation/individualAccount/broadcast FAILED because (of) Unable to click on object 'Object Repository/Page_KiboPush  Dashboard/span_Polls' (Root cause: com.kms.katalon.core.webui.exception.BrowserNotOpenedException: Browser is not opened
Build info: version: '3.7.1', revision: '8a0099a', time: '2017-11-06T21:07:36.161Z'
System info: host: 'DESKTOP-4M6R1V0', ip: '10.0.2.15', os.name: 'Windows 10', os.arch: 'amd64', os.version: '10.0', java.version: '1.8.0_181'
Driver info: driver.version: unknown)

2019-04-22 16:39:08 - [TEST_STEP][FAILED] - click: Unable to click on object 'Object Repository/Page_KiboPush  Dashboard/span_Polls' (Root cause: com.kms.katalon.core.webui.exception.BrowserNotOpenedException: Browser is not opened
Build info: version: '3.7.1', revision: '8a0099a', time: '2017-11-06T21:07:36.161Z'
System info: host: 'DESKTOP-4M6R1V0', ip: '10.0.2.15', os.name: 'Windows 10', os.arch: 'amd64', os.version: '10.0', java.version: '1.8.0_181'
Driver info: driver.version: unknown)

2019-04-22 16:39:08 - [MESSAGE][WARNING] - Cannot take screenshot

2019-04-22 16:39:09 - [MESSAGE][FAILED] - Unable to click on object 'Object Repository/Page_KiboPush  Dashboard/span_Polls' (Root cause: com.kms.katalon.core.webui.exception.BrowserNotOpenedException: Browser is not opened
Build info: version: '3.7.1', revision: '8a0099a', time: '2017-11-06T21:07:36.161Z'
System info: host: 'DESKTOP-4M6R1V0', ip: '10.0.2.15', os.name: 'Windows 10', os.arch: 'amd64', os.version: '10.0', java.version: '1.8.0_181'
Driver info: driver.version: unknown)

2019-04-22 16:39:09 - [MESSAGE][FAILED] - Unable to call Test Case with id 'Test Cases/s-sidebar_navigation/individualAccount/broadcast' (Root cause: Call Test Case 'Test Cases/s-sidebar_navigation/individualAccount/broadcast' failed)

2019-04-22 16:39:09 - [MESSAGE][FAILED] - Unable to call Test Case with id 'Test Cases/s-sidebar_navigation/TeamAccount/Broadcasts' (Root cause: Call Test Case 'Test Cases/s-sidebar_navigation/TeamAccount/Broadcasts' failed)

2019-04-22 16:39:25 - [MESSAGE][FAILED] - Unable to call Test Case with id 'Test Cases/Broadcasts/TC0684' (Root cause: Call Test Case 'Test Cases/Broadcasts/TC0684' failed)]]></system-out>
         <system-err><![CDATA[2019-04-22 16:39:07 - [TEST_CASE][FAILED] - Test Cases/Broadcasts/TC0694: Test Cases/Broadcasts/TC0694 FAILED because (of) Unable to click on object 'Object Repository/Page_KiboPush  Dashboard/span_Polls' (Root cause: com.kms.katalon.core.webui.exception.BrowserNotOpenedException: Browser is not opened
Build info: version: '3.7.1', revision: '8a0099a', time: '2017-11-06T21:07:36.161Z'
System info: host: 'DESKTOP-4M6R1V0', ip: '10.0.2.15', os.name: 'Windows 10', os.arch: 'amd64', os.version: '10.0', java.version: '1.8.0_181'
Driver info: driver.version: unknown)]]></system-err>
      </testcase>
      <testcase name="Test Cases/Broadcasts/TC0695" classname="Test Cases/Broadcasts/TC0695" status="FAILED">
         <failure type="FAILED" message="Unable to click on object 'Object Repository/Page_KiboPush  Dashboard/span_Polls' (Root cause: com.kms.katalon.core.webui.exception.BrowserNotOpenedException: Browser is not opened
Build info: version: '3.7.1', revision: '8a0099a', time: '2017-11-06T21:07:36.161Z'
System info: host: 'DESKTOP-4M6R1V0', ip: '10.0.2.15', os.name: 'Windows 10', os.arch: 'amd64', os.version: '10.0', java.version: '1.8.0_181'
Driver info: driver.version: unknown)"/>
         <system-out><![CDATA[2019-04-22 16:39:25 - [TEST_CASE][FAILED] - Test Cases/Broadcasts/TC0695: Test Cases/Broadcasts/TC0695 FAILED because (of) Unable to click on object 'Object Repository/Page_KiboPush  Dashboard/span_Polls' (Root cause: com.kms.katalon.core.webui.exception.BrowserNotOpenedException: Browser is not opened
Build info: version: '3.7.1', revision: '8a0099a', time: '2017-11-06T21:07:36.161Z'
System info: host: 'DESKTOP-4M6R1V0', ip: '10.0.2.15', os.name: 'Windows 10', os.arch: 'amd64', os.version: '10.0', java.version: '1.8.0_181'
Driver info: driver.version: unknown)

2019-04-22 16:39:26 - [TEST_STEP][FAILED] - callTestCase: Unable to call Test Case with id 'Test Cases/Broadcasts/TC0684' (Root cause: Call Test Case 'Test Cases/Broadcasts/TC0684' failed)

2019-04-22 16:39:26 - [TEST_CASE][FAILED] - Test Cases/Broadcasts/TC0684: Test Cases/Broadcasts/TC0684 FAILED because (of) Unable to click on object 'Object Repository/Page_KiboPush  Dashboard/span_Polls' (Root cause: com.kms.katalon.core.webui.exception.BrowserNotOpenedException: Browser is not opened
Build info: version: '3.7.1', revision: '8a0099a', time: '2017-11-06T21:07:36.161Z'
System info: host: 'DESKTOP-4M6R1V0', ip: '10.0.2.15', os.name: 'Windows 10', os.arch: 'amd64', os.version: '10.0', java.version: '1.8.0_181'
Driver info: driver.version: unknown)

2019-04-22 16:39:26 - [TEST_STEP][FAILED] - callTestCase: Unable to call Test Case with id 'Test Cases/s-sidebar_navigation/TeamAccount/Broadcasts' (Root cause: Call Test Case 'Test Cases/s-sidebar_navigation/TeamAccount/Broadcasts' failed)

2019-04-22 16:39:26 - [TEST_CASE][FAILED] - Test Cases/s-sidebar_navigation/TeamAccount/Broadcasts: Test Cases/s-sidebar_navigation/TeamAccount/Broadcasts FAILED because (of) Unable to click on object 'Object Repository/Page_KiboPush  Dashboard/span_Polls' (Root cause: com.kms.katalon.core.webui.exception.BrowserNotOpenedException: Browser is not opened
Build info: version: '3.7.1', revision: '8a0099a', time: '2017-11-06T21:07:36.161Z'
System info: host: 'DESKTOP-4M6R1V0', ip: '10.0.2.15', os.name: 'Windows 10', os.arch: 'amd64', os.version: '10.0', java.version: '1.8.0_181'
Driver info: driver.version: unknown)

2019-04-22 16:39:26 - [TEST_STEP][FAILED] - callTestCase: Unable to call Test Case with id 'Test Cases/s-sidebar_navigation/individualAccount/broadcast' (Root cause: Call Test Case 'Test Cases/s-sidebar_navigation/individualAccount/broadcast' failed)

2019-04-22 16:39:26 - [TEST_CASE][FAILED] - Test Cases/s-sidebar_navigation/individualAccount/broadcast: Test Cases/s-sidebar_navigation/individualAccount/broadcast FAILED because (of) Unable to click on object 'Object Repository/Page_KiboPush  Dashboard/span_Polls' (Root cause: com.kms.katalon.core.webui.exception.BrowserNotOpenedException: Browser is not opened
Build info: version: '3.7.1', revision: '8a0099a', time: '2017-11-06T21:07:36.161Z'
System info: host: 'DESKTOP-4M6R1V0', ip: '10.0.2.15', os.name: 'Windows 10', os.arch: 'amd64', os.version: '10.0', java.version: '1.8.0_181'
Driver info: driver.version: unknown)

2019-04-22 16:39:26 - [TEST_STEP][FAILED] - click: Unable to click on object 'Object Repository/Page_KiboPush  Dashboard/span_Polls' (Root cause: com.kms.katalon.core.webui.exception.BrowserNotOpenedException: Browser is not opened
Build info: version: '3.7.1', revision: '8a0099a', time: '2017-11-06T21:07:36.161Z'
System info: host: 'DESKTOP-4M6R1V0', ip: '10.0.2.15', os.name: 'Windows 10', os.arch: 'amd64', os.version: '10.0', java.version: '1.8.0_181'
Driver info: driver.version: unknown)

2019-04-22 16:39:27 - [MESSAGE][WARNING] - Cannot take screenshot

2019-04-22 16:39:27 - [MESSAGE][FAILED] - Unable to click on object 'Object Repository/Page_KiboPush  Dashboard/span_Polls' (Root cause: com.kms.katalon.core.webui.exception.BrowserNotOpenedException: Browser is not opened
Build info: version: '3.7.1', revision: '8a0099a', time: '2017-11-06T21:07:36.161Z'
System info: host: 'DESKTOP-4M6R1V0', ip: '10.0.2.15', os.name: 'Windows 10', os.arch: 'amd64', os.version: '10.0', java.version: '1.8.0_181'
Driver info: driver.version: unknown)

2019-04-22 16:39:27 - [MESSAGE][FAILED] - Unable to call Test Case with id 'Test Cases/s-sidebar_navigation/individualAccount/broadcast' (Root cause: Call Test Case 'Test Cases/s-sidebar_navigation/individualAccount/broadcast' failed)

2019-04-22 16:39:27 - [MESSAGE][FAILED] - Unable to call Test Case with id 'Test Cases/s-sidebar_navigation/TeamAccount/Broadcasts' (Root cause: Call Test Case 'Test Cases/s-sidebar_navigation/TeamAccount/Broadcasts' failed)

2019-04-22 16:39:27 - [MESSAGE][FAILED] - Unable to call Test Case with id 'Test Cases/Broadcasts/TC0684' (Root cause: Call Test Case 'Test Cases/Broadcasts/TC0684' failed)]]></system-out>
         <system-err><![CDATA[2019-04-22 16:39:25 - [TEST_CASE][FAILED] - Test Cases/Broadcasts/TC0695: Test Cases/Broadcasts/TC0695 FAILED because (of) Unable to click on object 'Object Repository/Page_KiboPush  Dashboard/span_Polls' (Root cause: com.kms.katalon.core.webui.exception.BrowserNotOpenedException: Browser is not opened
Build info: version: '3.7.1', revision: '8a0099a', time: '2017-11-06T21:07:36.161Z'
System info: host: 'DESKTOP-4M6R1V0', ip: '10.0.2.15', os.name: 'Windows 10', os.arch: 'amd64', os.version: '10.0', java.version: '1.8.0_181'
Driver info: driver.version: unknown)]]></system-err>
      </testcase>
      <testcase name="Test Cases/Broadcasts/TC0696" classname="Test Cases/Broadcasts/TC0696" status="FAILED">
         <failure type="FAILED" message="Unable to click on object 'Object Repository/Page_KiboPush  Dashboard/span_Polls' (Root cause: com.kms.katalon.core.webui.exception.BrowserNotOpenedException: Browser is not opened
Build info: version: '3.7.1', revision: '8a0099a', time: '2017-11-06T21:07:36.161Z'
System info: host: 'DESKTOP-4M6R1V0', ip: '10.0.2.15', os.name: 'Windows 10', os.arch: 'amd64', os.version: '10.0', java.version: '1.8.0_181'
Driver info: driver.version: unknown)"/>
         <system-out><![CDATA[2019-04-22 16:39:27 - [TEST_CASE][FAILED] - Test Cases/Broadcasts/TC0696: Test Cases/Broadcasts/TC0696 FAILED because (of) Unable to click on object 'Object Repository/Page_KiboPush  Dashboard/span_Polls' (Root cause: com.kms.katalon.core.webui.exception.BrowserNotOpenedException: Browser is not opened
Build info: version: '3.7.1', revision: '8a0099a', time: '2017-11-06T21:07:36.161Z'
System info: host: 'DESKTOP-4M6R1V0', ip: '10.0.2.15', os.name: 'Windows 10', os.arch: 'amd64', os.version: '10.0', java.version: '1.8.0_181'
Driver info: driver.version: unknown)

2019-04-22 16:39:28 - [TEST_STEP][FAILED] - callTestCase: Unable to call Test Case with id 'Test Cases/Broadcasts/TC0684' (Root cause: Call Test Case 'Test Cases/Broadcasts/TC0684' failed)

2019-04-22 16:39:28 - [TEST_CASE][FAILED] - Test Cases/Broadcasts/TC0684: Test Cases/Broadcasts/TC0684 FAILED because (of) Unable to click on object 'Object Repository/Page_KiboPush  Dashboard/span_Polls' (Root cause: com.kms.katalon.core.webui.exception.BrowserNotOpenedException: Browser is not opened
Build info: version: '3.7.1', revision: '8a0099a', time: '2017-11-06T21:07:36.161Z'
System info: host: 'DESKTOP-4M6R1V0', ip: '10.0.2.15', os.name: 'Windows 10', os.arch: 'amd64', os.version: '10.0', java.version: '1.8.0_181'
Driver info: driver.version: unknown)

2019-04-22 16:39:28 - [TEST_STEP][FAILED] - callTestCase: Unable to call Test Case with id 'Test Cases/s-sidebar_navigation/TeamAccount/Broadcasts' (Root cause: Call Test Case 'Test Cases/s-sidebar_navigation/TeamAccount/Broadcasts' failed)

2019-04-22 16:39:28 - [TEST_CASE][FAILED] - Test Cases/s-sidebar_navigation/TeamAccount/Broadcasts: Test Cases/s-sidebar_navigation/TeamAccount/Broadcasts FAILED because (of) Unable to click on object 'Object Repository/Page_KiboPush  Dashboard/span_Polls' (Root cause: com.kms.katalon.core.webui.exception.BrowserNotOpenedException: Browser is not opened
Build info: version: '3.7.1', revision: '8a0099a', time: '2017-11-06T21:07:36.161Z'
System info: host: 'DESKTOP-4M6R1V0', ip: '10.0.2.15', os.name: 'Windows 10', os.arch: 'amd64', os.version: '10.0', java.version: '1.8.0_181'
Driver info: driver.version: unknown)

2019-04-22 16:39:28 - [TEST_STEP][FAILED] - callTestCase: Unable to call Test Case with id 'Test Cases/s-sidebar_navigation/individualAccount/broadcast' (Root cause: Call Test Case 'Test Cases/s-sidebar_navigation/individualAccount/broadcast' failed)

2019-04-22 16:39:29 - [TEST_CASE][FAILED] - Test Cases/s-sidebar_navigation/individualAccount/broadcast: Test Cases/s-sidebar_navigation/individualAccount/broadcast FAILED because (of) Unable to click on object 'Object Repository/Page_KiboPush  Dashboard/span_Polls' (Root cause: com.kms.katalon.core.webui.exception.BrowserNotOpenedException: Browser is not opened
Build info: version: '3.7.1', revision: '8a0099a', time: '2017-11-06T21:07:36.161Z'
System info: host: 'DESKTOP-4M6R1V0', ip: '10.0.2.15', os.name: 'Windows 10', os.arch: 'amd64', os.version: '10.0', java.version: '1.8.0_181'
Driver info: driver.version: unknown)

2019-04-22 16:39:29 - [TEST_STEP][FAILED] - click: Unable to click on object 'Object Repository/Page_KiboPush  Dashboard/span_Polls' (Root cause: com.kms.katalon.core.webui.exception.BrowserNotOpenedException: Browser is not opened
Build info: version: '3.7.1', revision: '8a0099a', time: '2017-11-06T21:07:36.161Z'
System info: host: 'DESKTOP-4M6R1V0', ip: '10.0.2.15', os.name: 'Windows 10', os.arch: 'amd64', os.version: '10.0', java.version: '1.8.0_181'
Driver info: driver.version: unknown)

2019-04-22 16:39:29 - [MESSAGE][WARNING] - Cannot take screenshot

2019-04-22 16:39:29 - [MESSAGE][FAILED] - Unable to click on object 'Object Repository/Page_KiboPush  Dashboard/span_Polls' (Root cause: com.kms.katalon.core.webui.exception.BrowserNotOpenedException: Browser is not opened
Build info: version: '3.7.1', revision: '8a0099a', time: '2017-11-06T21:07:36.161Z'
System info: host: 'DESKTOP-4M6R1V0', ip: '10.0.2.15', os.name: 'Windows 10', os.arch: 'amd64', os.version: '10.0', java.version: '1.8.0_181'
Driver info: driver.version: unknown)

2019-04-22 16:39:29 - [MESSAGE][FAILED] - Unable to call Test Case with id 'Test Cases/s-sidebar_navigation/individualAccount/broadcast' (Root cause: Call Test Case 'Test Cases/s-sidebar_navigation/individualAccount/broadcast' failed)

2019-04-22 16:39:29 - [MESSAGE][FAILED] - Unable to call Test Case with id 'Test Cases/s-sidebar_navigation/TeamAccount/Broadcasts' (Root cause: Call Test Case 'Test Cases/s-sidebar_navigation/TeamAccount/Broadcasts' failed)

2019-04-22 16:39:29 - [MESSAGE][FAILED] - Unable to call Test Case with id 'Test Cases/Broadcasts/TC0684' (Root cause: Call Test Case 'Test Cases/Broadcasts/TC0684' failed)]]></system-out>
         <system-err><![CDATA[2019-04-22 16:39:27 - [TEST_CASE][FAILED] - Test Cases/Broadcasts/TC0696: Test Cases/Broadcasts/TC0696 FAILED because (of) Unable to click on object 'Object Repository/Page_KiboPush  Dashboard/span_Polls' (Root cause: com.kms.katalon.core.webui.exception.BrowserNotOpenedException: Browser is not opened
Build info: version: '3.7.1', revision: '8a0099a', time: '2017-11-06T21:07:36.161Z'
System info: host: 'DESKTOP-4M6R1V0', ip: '10.0.2.15', os.name: 'Windows 10', os.arch: 'amd64', os.version: '10.0', java.version: '1.8.0_181'
Driver info: driver.version: unknown)]]></system-err>
      </testcase>
      <testcase name="Test Cases/Broadcasts/TC0697" classname="Test Cases/Broadcasts/TC0697" status="FAILED">
         <failure type="FAILED" message="Unable to click on object 'Object Repository/Page_KiboPush  Dashboard/span_Polls' (Root cause: com.kms.katalon.core.webui.exception.BrowserNotOpenedException: Browser is not opened
Build info: version: '3.7.1', revision: '8a0099a', time: '2017-11-06T21:07:36.161Z'
System info: host: 'DESKTOP-4M6R1V0', ip: '10.0.2.15', os.name: 'Windows 10', os.arch: 'amd64', os.version: '10.0', java.version: '1.8.0_181'
Driver info: driver.version: unknown)"/>
         <system-out><![CDATA[2019-04-22 16:39:29 - [TEST_CASE][FAILED] - Test Cases/Broadcasts/TC0697: Test Cases/Broadcasts/TC0697 FAILED because (of) Unable to click on object 'Object Repository/Page_KiboPush  Dashboard/span_Polls' (Root cause: com.kms.katalon.core.webui.exception.BrowserNotOpenedException: Browser is not opened
Build info: version: '3.7.1', revision: '8a0099a', time: '2017-11-06T21:07:36.161Z'
System info: host: 'DESKTOP-4M6R1V0', ip: '10.0.2.15', os.name: 'Windows 10', os.arch: 'amd64', os.version: '10.0', java.version: '1.8.0_181'
Driver info: driver.version: unknown)

2019-04-22 16:39:30 - [TEST_STEP][FAILED] - callTestCase: Unable to call Test Case with id 'Test Cases/Broadcasts/TC0684' (Root cause: Call Test Case 'Test Cases/Broadcasts/TC0684' failed)

2019-04-22 16:39:31 - [TEST_CASE][FAILED] - Test Cases/Broadcasts/TC0684: Test Cases/Broadcasts/TC0684 FAILED because (of) Unable to click on object 'Object Repository/Page_KiboPush  Dashboard/span_Polls' (Root cause: com.kms.katalon.core.webui.exception.BrowserNotOpenedException: Browser is not opened
Build info: version: '3.7.1', revision: '8a0099a', time: '2017-11-06T21:07:36.161Z'
System info: host: 'DESKTOP-4M6R1V0', ip: '10.0.2.15', os.name: 'Windows 10', os.arch: 'amd64', os.version: '10.0', java.version: '1.8.0_181'
Driver info: driver.version: unknown)

2019-04-22 16:39:31 - [TEST_STEP][FAILED] - callTestCase: Unable to call Test Case with id 'Test Cases/s-sidebar_navigation/TeamAccount/Broadcasts' (Root cause: Call Test Case 'Test Cases/s-sidebar_navigation/TeamAccount/Broadcasts' failed)

2019-04-22 16:39:31 - [TEST_CASE][FAILED] - Test Cases/s-sidebar_navigation/TeamAccount/Broadcasts: Test Cases/s-sidebar_navigation/TeamAccount/Broadcasts FAILED because (of) Unable to click on object 'Object Repository/Page_KiboPush  Dashboard/span_Polls' (Root cause: com.kms.katalon.core.webui.exception.BrowserNotOpenedException: Browser is not opened
Build info: version: '3.7.1', revision: '8a0099a', time: '2017-11-06T21:07:36.161Z'
System info: host: 'DESKTOP-4M6R1V0', ip: '10.0.2.15', os.name: 'Windows 10', os.arch: 'amd64', os.version: '10.0', java.version: '1.8.0_181'
Driver info: driver.version: unknown)

2019-04-22 16:39:31 - [TEST_STEP][FAILED] - callTestCase: Unable to call Test Case with id 'Test Cases/s-sidebar_navigation/individualAccount/broadcast' (Root cause: Call Test Case 'Test Cases/s-sidebar_navigation/individualAccount/broadcast' failed)

2019-04-22 16:39:31 - [TEST_CASE][FAILED] - Test Cases/s-sidebar_navigation/individualAccount/broadcast: Test Cases/s-sidebar_navigation/individualAccount/broadcast FAILED because (of) Unable to click on object 'Object Repository/Page_KiboPush  Dashboard/span_Polls' (Root cause: com.kms.katalon.core.webui.exception.BrowserNotOpenedException: Browser is not opened
Build info: version: '3.7.1', revision: '8a0099a', time: '2017-11-06T21:07:36.161Z'
System info: host: 'DESKTOP-4M6R1V0', ip: '10.0.2.15', os.name: 'Windows 10', os.arch: 'amd64', os.version: '10.0', java.version: '1.8.0_181'
Driver info: driver.version: unknown)

2019-04-22 16:39:31 - [TEST_STEP][FAILED] - click: Unable to click on object 'Object Repository/Page_KiboPush  Dashboard/span_Polls' (Root cause: com.kms.katalon.core.webui.exception.BrowserNotOpenedException: Browser is not opened
Build info: version: '3.7.1', revision: '8a0099a', time: '2017-11-06T21:07:36.161Z'
System info: host: 'DESKTOP-4M6R1V0', ip: '10.0.2.15', os.name: 'Windows 10', os.arch: 'amd64', os.version: '10.0', java.version: '1.8.0_181'
Driver info: driver.version: unknown)

2019-04-22 16:39:31 - [MESSAGE][WARNING] - Cannot take screenshot

2019-04-22 16:39:31 - [MESSAGE][FAILED] - Unable to click on object 'Object Repository/Page_KiboPush  Dashboard/span_Polls' (Root cause: com.kms.katalon.core.webui.exception.BrowserNotOpenedException: Browser is not opened
Build info: version: '3.7.1', revision: '8a0099a', time: '2017-11-06T21:07:36.161Z'
System info: host: 'DESKTOP-4M6R1V0', ip: '10.0.2.15', os.name: 'Windows 10', os.arch: 'amd64', os.version: '10.0', java.version: '1.8.0_181'
Driver info: driver.version: unknown)

2019-04-22 16:39:31 - [MESSAGE][FAILED] - Unable to call Test Case with id 'Test Cases/s-sidebar_navigation/individualAccount/broadcast' (Root cause: Call Test Case 'Test Cases/s-sidebar_navigation/individualAccount/broadcast' failed)

2019-04-22 16:39:31 - [MESSAGE][FAILED] - Unable to call Test Case with id 'Test Cases/s-sidebar_navigation/TeamAccount/Broadcasts' (Root cause: Call Test Case 'Test Cases/s-sidebar_navigation/TeamAccount/Broadcasts' failed)

2019-04-22 16:39:31 - [MESSAGE][FAILED] - Unable to call Test Case with id 'Test Cases/Broadcasts/TC0684' (Root cause: Call Test Case 'Test Cases/Broadcasts/TC0684' failed)]]></system-out>
         <system-err><![CDATA[2019-04-22 16:39:29 - [TEST_CASE][FAILED] - Test Cases/Broadcasts/TC0697: Test Cases/Broadcasts/TC0697 FAILED because (of) Unable to click on object 'Object Repository/Page_KiboPush  Dashboard/span_Polls' (Root cause: com.kms.katalon.core.webui.exception.BrowserNotOpenedException: Browser is not opened
Build info: version: '3.7.1', revision: '8a0099a', time: '2017-11-06T21:07:36.161Z'
System info: host: 'DESKTOP-4M6R1V0', ip: '10.0.2.15', os.name: 'Windows 10', os.arch: 'amd64', os.version: '10.0', java.version: '1.8.0_181'
Driver info: driver.version: unknown)]]></system-err>
      </testcase>
      <testcase name="Test Cases/Broadcasts/TC0698" classname="Test Cases/Broadcasts/TC0698" status="FAILED">
         <failure type="FAILED" message="Unable to click on object 'Object Repository/Page_KiboPush  Dashboard/span_Polls' (Root cause: com.kms.katalon.core.webui.exception.BrowserNotOpenedException: Browser is not opened
Build info: version: '3.7.1', revision: '8a0099a', time: '2017-11-06T21:07:36.161Z'
System info: host: 'DESKTOP-4M6R1V0', ip: '10.0.2.15', os.name: 'Windows 10', os.arch: 'amd64', os.version: '10.0', java.version: '1.8.0_181'
Driver info: driver.version: unknown)"/>
         <system-out><![CDATA[2019-04-22 16:39:31 - [TEST_CASE][FAILED] - Test Cases/Broadcasts/TC0698: Test Cases/Broadcasts/TC0698 FAILED because (of) Unable to click on object 'Object Repository/Page_KiboPush  Dashboard/span_Polls' (Root cause: com.kms.katalon.core.webui.exception.BrowserNotOpenedException: Browser is not opened
Build info: version: '3.7.1', revision: '8a0099a', time: '2017-11-06T21:07:36.161Z'
System info: host: 'DESKTOP-4M6R1V0', ip: '10.0.2.15', os.name: 'Windows 10', os.arch: 'amd64', os.version: '10.0', java.version: '1.8.0_181'
Driver info: driver.version: unknown)

2019-04-22 16:39:33 - [TEST_STEP][FAILED] - callTestCase: Unable to call Test Case with id 'Test Cases/Broadcasts/TC0684' (Root cause: Call Test Case 'Test Cases/Broadcasts/TC0684' failed)

2019-04-22 16:39:33 - [TEST_CASE][FAILED] - Test Cases/Broadcasts/TC0684: Test Cases/Broadcasts/TC0684 FAILED because (of) Unable to click on object 'Object Repository/Page_KiboPush  Dashboard/span_Polls' (Root cause: com.kms.katalon.core.webui.exception.BrowserNotOpenedException: Browser is not opened
Build info: version: '3.7.1', revision: '8a0099a', time: '2017-11-06T21:07:36.161Z'
System info: host: 'DESKTOP-4M6R1V0', ip: '10.0.2.15', os.name: 'Windows 10', os.arch: 'amd64', os.version: '10.0', java.version: '1.8.0_181'
Driver info: driver.version: unknown)

2019-04-22 16:39:33 - [TEST_STEP][FAILED] - callTestCase: Unable to call Test Case with id 'Test Cases/s-sidebar_navigation/TeamAccount/Broadcasts' (Root cause: Call Test Case 'Test Cases/s-sidebar_navigation/TeamAccount/Broadcasts' failed)

2019-04-22 16:39:33 - [TEST_CASE][FAILED] - Test Cases/s-sidebar_navigation/TeamAccount/Broadcasts: Test Cases/s-sidebar_navigation/TeamAccount/Broadcasts FAILED because (of) Unable to click on object 'Object Repository/Page_KiboPush  Dashboard/span_Polls' (Root cause: com.kms.katalon.core.webui.exception.BrowserNotOpenedException: Browser is not opened
Build info: version: '3.7.1', revision: '8a0099a', time: '2017-11-06T21:07:36.161Z'
System info: host: 'DESKTOP-4M6R1V0', ip: '10.0.2.15', os.name: 'Windows 10', os.arch: 'amd64', os.version: '10.0', java.version: '1.8.0_181'
Driver info: driver.version: unknown)

2019-04-22 16:39:33 - [TEST_STEP][FAILED] - callTestCase: Unable to call Test Case with id 'Test Cases/s-sidebar_navigation/individualAccount/broadcast' (Root cause: Call Test Case 'Test Cases/s-sidebar_navigation/individualAccount/broadcast' failed)

2019-04-22 16:39:33 - [TEST_CASE][FAILED] - Test Cases/s-sidebar_navigation/individualAccount/broadcast: Test Cases/s-sidebar_navigation/individualAccount/broadcast FAILED because (of) Unable to click on object 'Object Repository/Page_KiboPush  Dashboard/span_Polls' (Root cause: com.kms.katalon.core.webui.exception.BrowserNotOpenedException: Browser is not opened
Build info: version: '3.7.1', revision: '8a0099a', time: '2017-11-06T21:07:36.161Z'
System info: host: 'DESKTOP-4M6R1V0', ip: '10.0.2.15', os.name: 'Windows 10', os.arch: 'amd64', os.version: '10.0', java.version: '1.8.0_181'
Driver info: driver.version: unknown)

2019-04-22 16:39:33 - [TEST_STEP][FAILED] - click: Unable to click on object 'Object Repository/Page_KiboPush  Dashboard/span_Polls' (Root cause: com.kms.katalon.core.webui.exception.BrowserNotOpenedException: Browser is not opened
Build info: version: '3.7.1', revision: '8a0099a', time: '2017-11-06T21:07:36.161Z'
System info: host: 'DESKTOP-4M6R1V0', ip: '10.0.2.15', os.name: 'Windows 10', os.arch: 'amd64', os.version: '10.0', java.version: '1.8.0_181'
Driver info: driver.version: unknown)

2019-04-22 16:39:33 - [MESSAGE][WARNING] - Cannot take screenshot

2019-04-22 16:39:33 - [MESSAGE][FAILED] - Unable to click on object 'Object Repository/Page_KiboPush  Dashboard/span_Polls' (Root cause: com.kms.katalon.core.webui.exception.BrowserNotOpenedException: Browser is not opened
Build info: version: '3.7.1', revision: '8a0099a', time: '2017-11-06T21:07:36.161Z'
System info: host: 'DESKTOP-4M6R1V0', ip: '10.0.2.15', os.name: 'Windows 10', os.arch: 'amd64', os.version: '10.0', java.version: '1.8.0_181'
Driver info: driver.version: unknown)

2019-04-22 16:39:33 - [MESSAGE][FAILED] - Unable to call Test Case with id 'Test Cases/s-sidebar_navigation/individualAccount/broadcast' (Root cause: Call Test Case 'Test Cases/s-sidebar_navigation/individualAccount/broadcast' failed)

2019-04-22 16:39:33 - [MESSAGE][FAILED] - Unable to call Test Case with id 'Test Cases/s-sidebar_navigation/TeamAccount/Broadcasts' (Root cause: Call Test Case 'Test Cases/s-sidebar_navigation/TeamAccount/Broadcasts' failed)

2019-04-22 16:39:33 - [MESSAGE][FAILED] - Unable to call Test Case with id 'Test Cases/Broadcasts/TC0684' (Root cause: Call Test Case 'Test Cases/Broadcasts/TC0684' failed)]]></system-out>
         <system-err><![CDATA[2019-04-22 16:39:31 - [TEST_CASE][FAILED] - Test Cases/Broadcasts/TC0698: Test Cases/Broadcasts/TC0698 FAILED because (of) Unable to click on object 'Object Repository/Page_KiboPush  Dashboard/span_Polls' (Root cause: com.kms.katalon.core.webui.exception.BrowserNotOpenedException: Browser is not opened
Build info: version: '3.7.1', revision: '8a0099a', time: '2017-11-06T21:07:36.161Z'
System info: host: 'DESKTOP-4M6R1V0', ip: '10.0.2.15', os.name: 'Windows 10', os.arch: 'amd64', os.version: '10.0', java.version: '1.8.0_181'
Driver info: driver.version: unknown)]]></system-err>
      </testcase>
      <testcase name="Test Cases/Broadcasts/TC0699" classname="Test Cases/Broadcasts/TC0699" status="FAILED">
         <failure type="FAILED" message="Unable to click on object 'Object Repository/Page_KiboPush  Dashboard/span_Polls' (Root cause: com.kms.katalon.core.webui.exception.BrowserNotOpenedException: Browser is not opened
Build info: version: '3.7.1', revision: '8a0099a', time: '2017-11-06T21:07:36.161Z'
System info: host: 'DESKTOP-4M6R1V0', ip: '10.0.2.15', os.name: 'Windows 10', os.arch: 'amd64', os.version: '10.0', java.version: '1.8.0_181'
Driver info: driver.version: unknown)"/>
         <system-out><![CDATA[2019-04-22 16:39:33 - [TEST_CASE][FAILED] - Test Cases/Broadcasts/TC0699: Test Cases/Broadcasts/TC0699 FAILED because (of) Unable to click on object 'Object Repository/Page_KiboPush  Dashboard/span_Polls' (Root cause: com.kms.katalon.core.webui.exception.BrowserNotOpenedException: Browser is not opened
Build info: version: '3.7.1', revision: '8a0099a', time: '2017-11-06T21:07:36.161Z'
System info: host: 'DESKTOP-4M6R1V0', ip: '10.0.2.15', os.name: 'Windows 10', os.arch: 'amd64', os.version: '10.0', java.version: '1.8.0_181'
Driver info: driver.version: unknown)

2019-04-22 16:39:35 - [TEST_STEP][FAILED] - callTestCase: Unable to call Test Case with id 'Test Cases/Broadcasts/TC0684' (Root cause: Call Test Case 'Test Cases/Broadcasts/TC0684' failed)

2019-04-22 16:39:35 - [TEST_CASE][FAILED] - Test Cases/Broadcasts/TC0684: Test Cases/Broadcasts/TC0684 FAILED because (of) Unable to click on object 'Object Repository/Page_KiboPush  Dashboard/span_Polls' (Root cause: com.kms.katalon.core.webui.exception.BrowserNotOpenedException: Browser is not opened
Build info: version: '3.7.1', revision: '8a0099a', time: '2017-11-06T21:07:36.161Z'
System info: host: 'DESKTOP-4M6R1V0', ip: '10.0.2.15', os.name: 'Windows 10', os.arch: 'amd64', os.version: '10.0', java.version: '1.8.0_181'
Driver info: driver.version: unknown)

2019-04-22 16:39:35 - [TEST_STEP][FAILED] - callTestCase: Unable to call Test Case with id 'Test Cases/s-sidebar_navigation/TeamAccount/Broadcasts' (Root cause: Call Test Case 'Test Cases/s-sidebar_navigation/TeamAccount/Broadcasts' failed)

2019-04-22 16:39:36 - [TEST_CASE][FAILED] - Test Cases/s-sidebar_navigation/TeamAccount/Broadcasts: Test Cases/s-sidebar_navigation/TeamAccount/Broadcasts FAILED because (of) Unable to click on object 'Object Repository/Page_KiboPush  Dashboard/span_Polls' (Root cause: com.kms.katalon.core.webui.exception.BrowserNotOpenedException: Browser is not opened
Build info: version: '3.7.1', revision: '8a0099a', time: '2017-11-06T21:07:36.161Z'
System info: host: 'DESKTOP-4M6R1V0', ip: '10.0.2.15', os.name: 'Windows 10', os.arch: 'amd64', os.version: '10.0', java.version: '1.8.0_181'
Driver info: driver.version: unknown)

2019-04-22 16:39:36 - [TEST_STEP][FAILED] - callTestCase: Unable to call Test Case with id 'Test Cases/s-sidebar_navigation/individualAccount/broadcast' (Root cause: Call Test Case 'Test Cases/s-sidebar_navigation/individualAccount/broadcast' failed)

2019-04-22 16:39:36 - [TEST_CASE][FAILED] - Test Cases/s-sidebar_navigation/individualAccount/broadcast: Test Cases/s-sidebar_navigation/individualAccount/broadcast FAILED because (of) Unable to click on object 'Object Repository/Page_KiboPush  Dashboard/span_Polls' (Root cause: com.kms.katalon.core.webui.exception.BrowserNotOpenedException: Browser is not opened
Build info: version: '3.7.1', revision: '8a0099a', time: '2017-11-06T21:07:36.161Z'
System info: host: 'DESKTOP-4M6R1V0', ip: '10.0.2.15', os.name: 'Windows 10', os.arch: 'amd64', os.version: '10.0', java.version: '1.8.0_181'
Driver info: driver.version: unknown)

2019-04-22 16:39:36 - [TEST_STEP][FAILED] - click: Unable to click on object 'Object Repository/Page_KiboPush  Dashboard/span_Polls' (Root cause: com.kms.katalon.core.webui.exception.BrowserNotOpenedException: Browser is not opened
Build info: version: '3.7.1', revision: '8a0099a', time: '2017-11-06T21:07:36.161Z'
System info: host: 'DESKTOP-4M6R1V0', ip: '10.0.2.15', os.name: 'Windows 10', os.arch: 'amd64', os.version: '10.0', java.version: '1.8.0_181'
Driver info: driver.version: unknown)

2019-04-22 16:39:36 - [MESSAGE][WARNING] - Cannot take screenshot

2019-04-22 16:39:36 - [MESSAGE][FAILED] - Unable to click on object 'Object Repository/Page_KiboPush  Dashboard/span_Polls' (Root cause: com.kms.katalon.core.webui.exception.BrowserNotOpenedException: Browser is not opened
Build info: version: '3.7.1', revision: '8a0099a', time: '2017-11-06T21:07:36.161Z'
System info: host: 'DESKTOP-4M6R1V0', ip: '10.0.2.15', os.name: 'Windows 10', os.arch: 'amd64', os.version: '10.0', java.version: '1.8.0_181'
Driver info: driver.version: unknown)

2019-04-22 16:39:36 - [MESSAGE][FAILED] - Unable to call Test Case with id 'Test Cases/s-sidebar_navigation/individualAccount/broadcast' (Root cause: Call Test Case 'Test Cases/s-sidebar_navigation/individualAccount/broadcast' failed)

2019-04-22 16:39:36 - [MESSAGE][FAILED] - Unable to call Test Case with id 'Test Cases/s-sidebar_navigation/TeamAccount/Broadcasts' (Root cause: Call Test Case 'Test Cases/s-sidebar_navigation/TeamAccount/Broadcasts' failed)

2019-04-22 16:39:36 - [MESSAGE][FAILED] - Unable to call Test Case with id 'Test Cases/Broadcasts/TC0684' (Root cause: Call Test Case 'Test Cases/Broadcasts/TC0684' failed)]]></system-out>
         <system-err><![CDATA[2019-04-22 16:39:33 - [TEST_CASE][FAILED] - Test Cases/Broadcasts/TC0699: Test Cases/Broadcasts/TC0699 FAILED because (of) Unable to click on object 'Object Repository/Page_KiboPush  Dashboard/span_Polls' (Root cause: com.kms.katalon.core.webui.exception.BrowserNotOpenedException: Browser is not opened
Build info: version: '3.7.1', revision: '8a0099a', time: '2017-11-06T21:07:36.161Z'
System info: host: 'DESKTOP-4M6R1V0', ip: '10.0.2.15', os.name: 'Windows 10', os.arch: 'amd64', os.version: '10.0', java.version: '1.8.0_181'
Driver info: driver.version: unknown)]]></system-err>
      </testcase>
      <testcase name="Test Cases/Broadcasts/TC0700" classname="Test Cases/Broadcasts/TC0700" status="FAILED">
         <failure type="FAILED" message="Unable to click on object 'Object Repository/Page_KiboPush  Dashboard/span_Polls' (Root cause: com.kms.katalon.core.webui.exception.BrowserNotOpenedException: Browser is not opened
Build info: version: '3.7.1', revision: '8a0099a', time: '2017-11-06T21:07:36.161Z'
System info: host: 'DESKTOP-4M6R1V0', ip: '10.0.2.15', os.name: 'Windows 10', os.arch: 'amd64', os.version: '10.0', java.version: '1.8.0_181'
Driver info: driver.version: unknown)"/>
         <system-out><![CDATA[2019-04-22 16:39:36 - [TEST_CASE][FAILED] - Test Cases/Broadcasts/TC0700: Test Cases/Broadcasts/TC0700 FAILED because (of) Unable to click on object 'Object Repository/Page_KiboPush  Dashboard/span_Polls' (Root cause: com.kms.katalon.core.webui.exception.BrowserNotOpenedException: Browser is not opened
Build info: version: '3.7.1', revision: '8a0099a', time: '2017-11-06T21:07:36.161Z'
System info: host: 'DESKTOP-4M6R1V0', ip: '10.0.2.15', os.name: 'Windows 10', os.arch: 'amd64', os.version: '10.0', java.version: '1.8.0_181'
Driver info: driver.version: unknown)

2019-04-22 16:39:37 - [TEST_STEP][FAILED] - callTestCase: Unable to call Test Case with id 'Test Cases/Broadcasts/TC0699' (Root cause: Call Test Case 'Test Cases/Broadcasts/TC0699' failed)

2019-04-22 16:39:37 - [TEST_CASE][FAILED] - Test Cases/Broadcasts/TC0699: Test Cases/Broadcasts/TC0699 FAILED because (of) Unable to click on object 'Object Repository/Page_KiboPush  Dashboard/span_Polls' (Root cause: com.kms.katalon.core.webui.exception.BrowserNotOpenedException: Browser is not opened
Build info: version: '3.7.1', revision: '8a0099a', time: '2017-11-06T21:07:36.161Z'
System info: host: 'DESKTOP-4M6R1V0', ip: '10.0.2.15', os.name: 'Windows 10', os.arch: 'amd64', os.version: '10.0', java.version: '1.8.0_181'
Driver info: driver.version: unknown)

2019-04-22 16:39:37 - [TEST_STEP][FAILED] - callTestCase: Unable to call Test Case with id 'Test Cases/Broadcasts/TC0684' (Root cause: Call Test Case 'Test Cases/Broadcasts/TC0684' failed)

2019-04-22 16:39:37 - [TEST_CASE][FAILED] - Test Cases/Broadcasts/TC0684: Test Cases/Broadcasts/TC0684 FAILED because (of) Unable to click on object 'Object Repository/Page_KiboPush  Dashboard/span_Polls' (Root cause: com.kms.katalon.core.webui.exception.BrowserNotOpenedException: Browser is not opened
Build info: version: '3.7.1', revision: '8a0099a', time: '2017-11-06T21:07:36.161Z'
System info: host: 'DESKTOP-4M6R1V0', ip: '10.0.2.15', os.name: 'Windows 10', os.arch: 'amd64', os.version: '10.0', java.version: '1.8.0_181'
Driver info: driver.version: unknown)

2019-04-22 16:39:37 - [TEST_STEP][FAILED] - callTestCase: Unable to call Test Case with id 'Test Cases/s-sidebar_navigation/TeamAccount/Broadcasts' (Root cause: Call Test Case 'Test Cases/s-sidebar_navigation/TeamAccount/Broadcasts' failed)

2019-04-22 16:39:37 - [TEST_CASE][FAILED] - Test Cases/s-sidebar_navigation/TeamAccount/Broadcasts: Test Cases/s-sidebar_navigation/TeamAccount/Broadcasts FAILED because (of) Unable to click on object 'Object Repository/Page_KiboPush  Dashboard/span_Polls' (Root cause: com.kms.katalon.core.webui.exception.BrowserNotOpenedException: Browser is not opened
Build info: version: '3.7.1', revision: '8a0099a', time: '2017-11-06T21:07:36.161Z'
System info: host: 'DESKTOP-4M6R1V0', ip: '10.0.2.15', os.name: 'Windows 10', os.arch: 'amd64', os.version: '10.0', java.version: '1.8.0_181'
Driver info: driver.version: unknown)

2019-04-22 16:39:37 - [TEST_STEP][FAILED] - callTestCase: Unable to call Test Case with id 'Test Cases/s-sidebar_navigation/individualAccount/broadcast' (Root cause: Call Test Case 'Test Cases/s-sidebar_navigation/individualAccount/broadcast' failed)

2019-04-22 16:39:38 - [TEST_CASE][FAILED] - Test Cases/s-sidebar_navigation/individualAccount/broadcast: Test Cases/s-sidebar_navigation/individualAccount/broadcast FAILED because (of) Unable to click on object 'Object Repository/Page_KiboPush  Dashboard/span_Polls' (Root cause: com.kms.katalon.core.webui.exception.BrowserNotOpenedException: Browser is not opened
Build info: version: '3.7.1', revision: '8a0099a', time: '2017-11-06T21:07:36.161Z'
System info: host: 'DESKTOP-4M6R1V0', ip: '10.0.2.15', os.name: 'Windows 10', os.arch: 'amd64', os.version: '10.0', java.version: '1.8.0_181'
Driver info: driver.version: unknown)

2019-04-22 16:39:38 - [TEST_STEP][FAILED] - click: Unable to click on object 'Object Repository/Page_KiboPush  Dashboard/span_Polls' (Root cause: com.kms.katalon.core.webui.exception.BrowserNotOpenedException: Browser is not opened
Build info: version: '3.7.1', revision: '8a0099a', time: '2017-11-06T21:07:36.161Z'
System info: host: 'DESKTOP-4M6R1V0', ip: '10.0.2.15', os.name: 'Windows 10', os.arch: 'amd64', os.version: '10.0', java.version: '1.8.0_181'
Driver info: driver.version: unknown)

2019-04-22 16:39:38 - [MESSAGE][WARNING] - Cannot take screenshot

2019-04-22 16:39:38 - [MESSAGE][FAILED] - Unable to click on object 'Object Repository/Page_KiboPush  Dashboard/span_Polls' (Root cause: com.kms.katalon.core.webui.exception.BrowserNotOpenedException: Browser is not opened
Build info: version: '3.7.1', revision: '8a0099a', time: '2017-11-06T21:07:36.161Z'
System info: host: 'DESKTOP-4M6R1V0', ip: '10.0.2.15', os.name: 'Windows 10', os.arch: 'amd64', os.version: '10.0', java.version: '1.8.0_181'
Driver info: driver.version: unknown)

2019-04-22 16:39:38 - [MESSAGE][FAILED] - Unable to call Test Case with id 'Test Cases/s-sidebar_navigation/individualAccount/broadcast' (Root cause: Call Test Case 'Test Cases/s-sidebar_navigation/individualAccount/broadcast' failed)

2019-04-22 16:39:38 - [MESSAGE][FAILED] - Unable to call Test Case with id 'Test Cases/s-sidebar_navigation/TeamAccount/Broadcasts' (Root cause: Call Test Case 'Test Cases/s-sidebar_navigation/TeamAccount/Broadcasts' failed)

2019-04-22 16:39:38 - [MESSAGE][FAILED] - Unable to call Test Case with id 'Test Cases/Broadcasts/TC0684' (Root cause: Call Test Case 'Test Cases/Broadcasts/TC0684' failed)

2019-04-22 16:39:38 - [MESSAGE][FAILED] - Unable to call Test Case with id 'Test Cases/Broadcasts/TC0699' (Root cause: Call Test Case 'Test Cases/Broadcasts/TC0699' failed)]]></system-out>
         <system-err><![CDATA[2019-04-22 16:39:36 - [TEST_CASE][FAILED] - Test Cases/Broadcasts/TC0700: Test Cases/Broadcasts/TC0700 FAILED because (of) Unable to click on object 'Object Repository/Page_KiboPush  Dashboard/span_Polls' (Root cause: com.kms.katalon.core.webui.exception.BrowserNotOpenedException: Browser is not opened
Build info: version: '3.7.1', revision: '8a0099a', time: '2017-11-06T21:07:36.161Z'
System info: host: 'DESKTOP-4M6R1V0', ip: '10.0.2.15', os.name: 'Windows 10', os.arch: 'amd64', os.version: '10.0', java.version: '1.8.0_181'
Driver info: driver.version: unknown)]]></system-err>
      </testcase>
      <testcase name="Test Cases/Broadcasts/TC0701" classname="Test Cases/Broadcasts/TC0701" status="FAILED">
         <failure type="FAILED" message="Unable to click on object 'Object Repository/Page_KiboPush  Dashboard/span_Polls' (Root cause: com.kms.katalon.core.webui.exception.BrowserNotOpenedException: Browser is not opened
Build info: version: '3.7.1', revision: '8a0099a', time: '2017-11-06T21:07:36.161Z'
System info: host: 'DESKTOP-4M6R1V0', ip: '10.0.2.15', os.name: 'Windows 10', os.arch: 'amd64', os.version: '10.0', java.version: '1.8.0_181'
Driver info: driver.version: unknown)"/>
         <system-out><![CDATA[2019-04-22 16:39:38 - [TEST_CASE][FAILED] - Test Cases/Broadcasts/TC0701: Test Cases/Broadcasts/TC0701 FAILED because (of) Unable to click on object 'Object Repository/Page_KiboPush  Dashboard/span_Polls' (Root cause: com.kms.katalon.core.webui.exception.BrowserNotOpenedException: Browser is not opened
Build info: version: '3.7.1', revision: '8a0099a', time: '2017-11-06T21:07:36.161Z'
System info: host: 'DESKTOP-4M6R1V0', ip: '10.0.2.15', os.name: 'Windows 10', os.arch: 'amd64', os.version: '10.0', java.version: '1.8.0_181'
Driver info: driver.version: unknown)

2019-04-22 16:39:40 - [TEST_STEP][FAILED] - callTestCase: Unable to call Test Case with id 'Test Cases/Broadcasts/TC0684' (Root cause: Call Test Case 'Test Cases/Broadcasts/TC0684' failed)

2019-04-22 16:39:40 - [TEST_CASE][FAILED] - Test Cases/Broadcasts/TC0684: Test Cases/Broadcasts/TC0684 FAILED because (of) Unable to click on object 'Object Repository/Page_KiboPush  Dashboard/span_Polls' (Root cause: com.kms.katalon.core.webui.exception.BrowserNotOpenedException: Browser is not opened
Build info: version: '3.7.1', revision: '8a0099a', time: '2017-11-06T21:07:36.161Z'
System info: host: 'DESKTOP-4M6R1V0', ip: '10.0.2.15', os.name: 'Windows 10', os.arch: 'amd64', os.version: '10.0', java.version: '1.8.0_181'
Driver info: driver.version: unknown)

2019-04-22 16:39:40 - [TEST_STEP][FAILED] - callTestCase: Unable to call Test Case with id 'Test Cases/s-sidebar_navigation/TeamAccount/Broadcasts' (Root cause: Call Test Case 'Test Cases/s-sidebar_navigation/TeamAccount/Broadcasts' failed)

2019-04-22 16:39:41 - [TEST_CASE][FAILED] - Test Cases/s-sidebar_navigation/TeamAccount/Broadcasts: Test Cases/s-sidebar_navigation/TeamAccount/Broadcasts FAILED because (of) Unable to click on object 'Object Repository/Page_KiboPush  Dashboard/span_Polls' (Root cause: com.kms.katalon.core.webui.exception.BrowserNotOpenedException: Browser is not opened
Build info: version: '3.7.1', revision: '8a0099a', time: '2017-11-06T21:07:36.161Z'
System info: host: 'DESKTOP-4M6R1V0', ip: '10.0.2.15', os.name: 'Windows 10', os.arch: 'amd64', os.version: '10.0', java.version: '1.8.0_181'
Driver info: driver.version: unknown)

2019-04-22 16:39:41 - [TEST_STEP][FAILED] - callTestCase: Unable to call Test Case with id 'Test Cases/s-sidebar_navigation/individualAccount/broadcast' (Root cause: Call Test Case 'Test Cases/s-sidebar_navigation/individualAccount/broadcast' failed)

2019-04-22 16:39:41 - [TEST_CASE][FAILED] - Test Cases/s-sidebar_navigation/individualAccount/broadcast: Test Cases/s-sidebar_navigation/individualAccount/broadcast FAILED because (of) Unable to click on object 'Object Repository/Page_KiboPush  Dashboard/span_Polls' (Root cause: com.kms.katalon.core.webui.exception.BrowserNotOpenedException: Browser is not opened
Build info: version: '3.7.1', revision: '8a0099a', time: '2017-11-06T21:07:36.161Z'
System info: host: 'DESKTOP-4M6R1V0', ip: '10.0.2.15', os.name: 'Windows 10', os.arch: 'amd64', os.version: '10.0', java.version: '1.8.0_181'
Driver info: driver.version: unknown)

2019-04-22 16:39:41 - [TEST_STEP][FAILED] - click: Unable to click on object 'Object Repository/Page_KiboPush  Dashboard/span_Polls' (Root cause: com.kms.katalon.core.webui.exception.BrowserNotOpenedException: Browser is not opened
Build info: version: '3.7.1', revision: '8a0099a', time: '2017-11-06T21:07:36.161Z'
System info: host: 'DESKTOP-4M6R1V0', ip: '10.0.2.15', os.name: 'Windows 10', os.arch: 'amd64', os.version: '10.0', java.version: '1.8.0_181'
Driver info: driver.version: unknown)

2019-04-22 16:39:41 - [MESSAGE][WARNING] - Cannot take screenshot

2019-04-22 16:39:41 - [MESSAGE][FAILED] - Unable to click on object 'Object Repository/Page_KiboPush  Dashboard/span_Polls' (Root cause: com.kms.katalon.core.webui.exception.BrowserNotOpenedException: Browser is not opened
Build info: version: '3.7.1', revision: '8a0099a', time: '2017-11-06T21:07:36.161Z'
System info: host: 'DESKTOP-4M6R1V0', ip: '10.0.2.15', os.name: 'Windows 10', os.arch: 'amd64', os.version: '10.0', java.version: '1.8.0_181'
Driver info: driver.version: unknown)

2019-04-22 16:39:41 - [MESSAGE][FAILED] - Unable to call Test Case with id 'Test Cases/s-sidebar_navigation/individualAccount/broadcast' (Root cause: Call Test Case 'Test Cases/s-sidebar_navigation/individualAccount/broadcast' failed)

2019-04-22 16:39:41 - [MESSAGE][FAILED] - Unable to call Test Case with id 'Test Cases/s-sidebar_navigation/TeamAccount/Broadcasts' (Root cause: Call Test Case 'Test Cases/s-sidebar_navigation/TeamAccount/Broadcasts' failed)

2019-04-22 16:39:41 - [MESSAGE][FAILED] - Unable to call Test Case with id 'Test Cases/Broadcasts/TC0684' (Root cause: Call Test Case 'Test Cases/Broadcasts/TC0684' failed)]]></system-out>
         <system-err><![CDATA[2019-04-22 16:39:38 - [TEST_CASE][FAILED] - Test Cases/Broadcasts/TC0701: Test Cases/Broadcasts/TC0701 FAILED because (of) Unable to click on object 'Object Repository/Page_KiboPush  Dashboard/span_Polls' (Root cause: com.kms.katalon.core.webui.exception.BrowserNotOpenedException: Browser is not opened
Build info: version: '3.7.1', revision: '8a0099a', time: '2017-11-06T21:07:36.161Z'
System info: host: 'DESKTOP-4M6R1V0', ip: '10.0.2.15', os.name: 'Windows 10', os.arch: 'amd64', os.version: '10.0', java.version: '1.8.0_181'
Driver info: driver.version: unknown)]]></system-err>
      </testcase>
      <testcase name="Test Cases/Broadcasts/TC0702" classname="Test Cases/Broadcasts/TC0702" status="FAILED">
         <failure type="FAILED" message="Unable to click on object 'Object Repository/Page_KiboPush  Dashboard/span_Polls' (Root cause: com.kms.katalon.core.webui.exception.BrowserNotOpenedException: Browser is not opened
Build info: version: '3.7.1', revision: '8a0099a', time: '2017-11-06T21:07:36.161Z'
System info: host: 'DESKTOP-4M6R1V0', ip: '10.0.2.15', os.name: 'Windows 10', os.arch: 'amd64', os.version: '10.0', java.version: '1.8.0_181'
Driver info: driver.version: unknown)"/>
         <system-out><![CDATA[2019-04-22 16:39:41 - [TEST_CASE][FAILED] - Test Cases/Broadcasts/TC0702: Test Cases/Broadcasts/TC0702 FAILED because (of) Unable to click on object 'Object Repository/Page_KiboPush  Dashboard/span_Polls' (Root cause: com.kms.katalon.core.webui.exception.BrowserNotOpenedException: Browser is not opened
Build info: version: '3.7.1', revision: '8a0099a', time: '2017-11-06T21:07:36.161Z'
System info: host: 'DESKTOP-4M6R1V0', ip: '10.0.2.15', os.name: 'Windows 10', os.arch: 'amd64', os.version: '10.0', java.version: '1.8.0_181'
Driver info: driver.version: unknown)

2019-04-22 16:39:42 - [TEST_STEP][FAILED] - callTestCase: Unable to call Test Case with id 'Test Cases/Broadcasts/TC0684' (Root cause: Call Test Case 'Test Cases/Broadcasts/TC0684' failed)

2019-04-22 16:39:43 - [TEST_CASE][FAILED] - Test Cases/Broadcasts/TC0684: Test Cases/Broadcasts/TC0684 FAILED because (of) Unable to click on object 'Object Repository/Page_KiboPush  Dashboard/span_Polls' (Root cause: com.kms.katalon.core.webui.exception.BrowserNotOpenedException: Browser is not opened
Build info: version: '3.7.1', revision: '8a0099a', time: '2017-11-06T21:07:36.161Z'
System info: host: 'DESKTOP-4M6R1V0', ip: '10.0.2.15', os.name: 'Windows 10', os.arch: 'amd64', os.version: '10.0', java.version: '1.8.0_181'
Driver info: driver.version: unknown)

2019-04-22 16:39:43 - [TEST_STEP][FAILED] - callTestCase: Unable to call Test Case with id 'Test Cases/s-sidebar_navigation/TeamAccount/Broadcasts' (Root cause: Call Test Case 'Test Cases/s-sidebar_navigation/TeamAccount/Broadcasts' failed)

2019-04-22 16:39:43 - [TEST_CASE][FAILED] - Test Cases/s-sidebar_navigation/TeamAccount/Broadcasts: Test Cases/s-sidebar_navigation/TeamAccount/Broadcasts FAILED because (of) Unable to click on object 'Object Repository/Page_KiboPush  Dashboard/span_Polls' (Root cause: com.kms.katalon.core.webui.exception.BrowserNotOpenedException: Browser is not opened
Build info: version: '3.7.1', revision: '8a0099a', time: '2017-11-06T21:07:36.161Z'
System info: host: 'DESKTOP-4M6R1V0', ip: '10.0.2.15', os.name: 'Windows 10', os.arch: 'amd64', os.version: '10.0', java.version: '1.8.0_181'
Driver info: driver.version: unknown)

2019-04-22 16:39:43 - [TEST_STEP][FAILED] - callTestCase: Unable to call Test Case with id 'Test Cases/s-sidebar_navigation/individualAccount/broadcast' (Root cause: Call Test Case 'Test Cases/s-sidebar_navigation/individualAccount/broadcast' failed)

2019-04-22 16:39:43 - [TEST_CASE][FAILED] - Test Cases/s-sidebar_navigation/individualAccount/broadcast: Test Cases/s-sidebar_navigation/individualAccount/broadcast FAILED because (of) Unable to click on object 'Object Repository/Page_KiboPush  Dashboard/span_Polls' (Root cause: com.kms.katalon.core.webui.exception.BrowserNotOpenedException: Browser is not opened
Build info: version: '3.7.1', revision: '8a0099a', time: '2017-11-06T21:07:36.161Z'
System info: host: 'DESKTOP-4M6R1V0', ip: '10.0.2.15', os.name: 'Windows 10', os.arch: 'amd64', os.version: '10.0', java.version: '1.8.0_181'
Driver info: driver.version: unknown)

2019-04-22 16:39:43 - [TEST_STEP][FAILED] - click: Unable to click on object 'Object Repository/Page_KiboPush  Dashboard/span_Polls' (Root cause: com.kms.katalon.core.webui.exception.BrowserNotOpenedException: Browser is not opened
Build info: version: '3.7.1', revision: '8a0099a', time: '2017-11-06T21:07:36.161Z'
System info: host: 'DESKTOP-4M6R1V0', ip: '10.0.2.15', os.name: 'Windows 10', os.arch: 'amd64', os.version: '10.0', java.version: '1.8.0_181'
Driver info: driver.version: unknown)

2019-04-22 16:39:43 - [MESSAGE][WARNING] - Cannot take screenshot

2019-04-22 16:39:43 - [MESSAGE][FAILED] - Unable to click on object 'Object Repository/Page_KiboPush  Dashboard/span_Polls' (Root cause: com.kms.katalon.core.webui.exception.BrowserNotOpenedException: Browser is not opened
Build info: version: '3.7.1', revision: '8a0099a', time: '2017-11-06T21:07:36.161Z'
System info: host: 'DESKTOP-4M6R1V0', ip: '10.0.2.15', os.name: 'Windows 10', os.arch: 'amd64', os.version: '10.0', java.version: '1.8.0_181'
Driver info: driver.version: unknown)

2019-04-22 16:39:43 - [MESSAGE][FAILED] - Unable to call Test Case with id 'Test Cases/s-sidebar_navigation/individualAccount/broadcast' (Root cause: Call Test Case 'Test Cases/s-sidebar_navigation/individualAccount/broadcast' failed)

2019-04-22 16:39:43 - [MESSAGE][FAILED] - Unable to call Test Case with id 'Test Cases/s-sidebar_navigation/TeamAccount/Broadcasts' (Root cause: Call Test Case 'Test Cases/s-sidebar_navigation/TeamAccount/Broadcasts' failed)

2019-04-22 16:39:43 - [MESSAGE][FAILED] - Unable to call Test Case with id 'Test Cases/Broadcasts/TC0684' (Root cause: Call Test Case 'Test Cases/Broadcasts/TC0684' failed)]]></system-out>
         <system-err><![CDATA[2019-04-22 16:39:41 - [TEST_CASE][FAILED] - Test Cases/Broadcasts/TC0702: Test Cases/Broadcasts/TC0702 FAILED because (of) Unable to click on object 'Object Repository/Page_KiboPush  Dashboard/span_Polls' (Root cause: com.kms.katalon.core.webui.exception.BrowserNotOpenedException: Browser is not opened
Build info: version: '3.7.1', revision: '8a0099a', time: '2017-11-06T21:07:36.161Z'
System info: host: 'DESKTOP-4M6R1V0', ip: '10.0.2.15', os.name: 'Windows 10', os.arch: 'amd64', os.version: '10.0', java.version: '1.8.0_181'
Driver info: driver.version: unknown)]]></system-err>
      </testcase>
      <system-out><![CDATA[2019-04-22 16:30:30 - [TEST_SUITE][FAILED] - broadcast: Test Cases/Broadcasts/TC0124 FAILED because (of) ERROR: No Table Present]]></system-out>
      <system-err><![CDATA[2019-04-22 16:30:30 - [TEST_SUITE][FAILED] - broadcast: Test Cases/Broadcasts/TC0124 FAILED because (of) ERROR: No Table Present]]></system-err>
   </testsuite>
</testsuites>
