<?xml version="1.0" encoding="UTF-8"?>
<testsuites name="operationalDashboard" time="882" tests="34" failures="18" errors="15">
   <testsuite name="operationalDashboard" tests="34" failures="18" errors="15" time="882" timestamp="2019-04-23 13:32:30" hostname="cloudkibo - 10.0.2.15" id="Test Suites/operationalDashboard">
      <properties>
         <property name="deviceName" value=""/>
         <property name="devicePlatform" value=""/>
         <property name="logFolder" value="C:\\Users\\cloudkibo\\Desktop\\KiboPush_Automated_Testing\\KiboPush Katalon\\Reports\\operationalDashboard\\20190423_133225"/>
         <property name="logFiles" value="C:\\Users\\cloudkibo\\Desktop\\KiboPush_Automated_Testing\\KiboPush Katalon\\Reports\\operationalDashboard\\20190423_133225\\execution0.log"/>
         <property name="attachments" value="C:\\Users\\cloudkibo\\Desktop\\KiboPush_Automated_Testing\\KiboPush Katalon\\Reports\\operationalDashboard\\20190423_133225\\1556008828597.png, C:\\Users\\cloudkibo\\Desktop\\KiboPush_Automated_Testing\\KiboPush Katalon\\Reports\\operationalDashboard\\20190423_133225\\1556009074750.png, C:\\Users\\cloudkibo\\Desktop\\KiboPush_Automated_Testing\\KiboPush Katalon\\Reports\\operationalDashboard\\20190423_133225\\1556009084529.png, C:\\Users\\cloudkibo\\Desktop\\KiboPush_Automated_Testing\\KiboPush Katalon\\Reports\\operationalDashboard\\20190423_133225\\1556009215204.png"/>
         <property name="hostName" value="cloudkibo - 10.0.2.15"/>
         <property name="os" value="Windows 10 64bit"/>
         <property name="katalonVersion" value="5.6.0.1"/>
         <property name="browser" value="Chrome 73.0.3683.103"/>
         <property name="hostAddress" value="10.0.2.15"/>
         <property name="sessionId" value="ae7ac81a27217d85a737906aaf9c07ba"/>
         <property name="seleniumVersion" value="3.7.1"/>
         <property name="proxyInformation" value="ProxyInformation{proxyOption=NO_PROXY, proxyServerType=HTTP, password=, proxyServerAddress=, proxyServerPort=0}"/>
         <property name="platform" value="Windows 10"/>
      </properties>
      <testcase name="Test Cases/Operational_Dashboard/115" classname="Test Cases/Operational_Dashboard/115" status="FAILED">
         <failure type="FAILED" message="Unable to click on object 'Object Repository/Page_KiboEngage  Subscribers/span_Subscribers' (Root cause: com.kms.katalon.core.webui.exception.BrowserNotOpenedException: Browser is not opened
Build info: version: '3.7.1', revision: '8a0099a', time: '2017-11-06T21:07:36.161Z'
System info: host: 'DESKTOP-4M6R1V0', ip: '10.0.2.15', os.name: 'Windows 10', os.arch: 'amd64', os.version: '10.0', java.version: '1.8.0_181'
Driver info: driver.version: unknown)"/>
         <system-out><![CDATA[2019-04-23 13:32:31 - [TEST_CASE][FAILED] - Test Cases/Operational_Dashboard/115: Test Cases/Operational_Dashboard/115 FAILED because (of) Unable to click on object 'Object Repository/Page_KiboEngage  Subscribers/span_Subscribers' (Root cause: com.kms.katalon.core.webui.exception.BrowserNotOpenedException: Browser is not opened
Build info: version: '3.7.1', revision: '8a0099a', time: '2017-11-06T21:07:36.161Z'
System info: host: 'DESKTOP-4M6R1V0', ip: '10.0.2.15', os.name: 'Windows 10', os.arch: 'amd64', os.version: '10.0', java.version: '1.8.0_181'
Driver info: driver.version: unknown)

2019-04-23 13:32:33 - [TEST_STEP][FAILED] - callTestCase: Unable to call Test Case with id 'Test Cases/Operational_Dashboard/Login' (Root cause: Call Test Case 'Test Cases/Operational_Dashboard/Login' failed)

2019-04-23 13:32:34 - [TEST_CASE][FAILED] - Test Cases/Operational_Dashboard/Login: Test Cases/Operational_Dashboard/Login FAILED because (of) Unable to click on object 'Object Repository/Page_KiboEngage  Subscribers/span_Subscribers' (Root cause: com.kms.katalon.core.webui.exception.BrowserNotOpenedException: Browser is not opened
Build info: version: '3.7.1', revision: '8a0099a', time: '2017-11-06T21:07:36.161Z'
System info: host: 'DESKTOP-4M6R1V0', ip: '10.0.2.15', os.name: 'Windows 10', os.arch: 'amd64', os.version: '10.0', java.version: '1.8.0_181'
Driver info: driver.version: unknown)

2019-04-23 13:32:37 - [TEST_STEP][FAILED] - callTestCase: Unable to call Test Case with id 'Test Cases/s-sidebar_navigation/individualAccount/operationalDashboard' (Root cause: Call Test Case 'Test Cases/s-sidebar_navigation/individualAccount/operationalDashboard' failed)

2019-04-23 13:32:37 - [TEST_CASE][FAILED] - Test Cases/s-sidebar_navigation/individualAccount/operationalDashboard: Test Cases/s-sidebar_navigation/individualAccount/operationalDashboard FAILED because (of) Unable to click on object 'Object Repository/Page_KiboEngage  Subscribers/span_Subscribers' (Root cause: com.kms.katalon.core.webui.exception.BrowserNotOpenedException: Browser is not opened
Build info: version: '3.7.1', revision: '8a0099a', time: '2017-11-06T21:07:36.161Z'
System info: host: 'DESKTOP-4M6R1V0', ip: '10.0.2.15', os.name: 'Windows 10', os.arch: 'amd64', os.version: '10.0', java.version: '1.8.0_181'
Driver info: driver.version: unknown)

2019-04-23 13:32:37 - [TEST_STEP][FAILED] - click: Unable to click on object 'Object Repository/Page_KiboEngage  Subscribers/span_Subscribers' (Root cause: com.kms.katalon.core.webui.exception.BrowserNotOpenedException: Browser is not opened
Build info: version: '3.7.1', revision: '8a0099a', time: '2017-11-06T21:07:36.161Z'
System info: host: 'DESKTOP-4M6R1V0', ip: '10.0.2.15', os.name: 'Windows 10', os.arch: 'amd64', os.version: '10.0', java.version: '1.8.0_181'
Driver info: driver.version: unknown)

2019-04-23 13:32:38 - [MESSAGE][WARNING] - Cannot take screenshot

2019-04-23 13:32:38 - [MESSAGE][FAILED] - Unable to click on object 'Object Repository/Page_KiboEngage  Subscribers/span_Subscribers' (Root cause: com.kms.katalon.core.webui.exception.BrowserNotOpenedException: Browser is not opened
Build info: version: '3.7.1', revision: '8a0099a', time: '2017-11-06T21:07:36.161Z'
System info: host: 'DESKTOP-4M6R1V0', ip: '10.0.2.15', os.name: 'Windows 10', os.arch: 'amd64', os.version: '10.0', java.version: '1.8.0_181'
Driver info: driver.version: unknown)

2019-04-23 13:32:38 - [MESSAGE][FAILED] - Unable to call Test Case with id 'Test Cases/s-sidebar_navigation/individualAccount/operationalDashboard' (Root cause: Call Test Case 'Test Cases/s-sidebar_navigation/individualAccount/operationalDashboard' failed)

2019-04-23 13:32:38 - [MESSAGE][FAILED] - Unable to call Test Case with id 'Test Cases/Operational_Dashboard/Login' (Root cause: Call Test Case 'Test Cases/Operational_Dashboard/Login' failed)]]></system-out>
         <system-err><![CDATA[2019-04-23 13:32:31 - [TEST_CASE][FAILED] - Test Cases/Operational_Dashboard/115: Test Cases/Operational_Dashboard/115 FAILED because (of) Unable to click on object 'Object Repository/Page_KiboEngage  Subscribers/span_Subscribers' (Root cause: com.kms.katalon.core.webui.exception.BrowserNotOpenedException: Browser is not opened
Build info: version: '3.7.1', revision: '8a0099a', time: '2017-11-06T21:07:36.161Z'
System info: host: 'DESKTOP-4M6R1V0', ip: '10.0.2.15', os.name: 'Windows 10', os.arch: 'amd64', os.version: '10.0', java.version: '1.8.0_181'
Driver info: driver.version: unknown)]]></system-err>
      </testcase>
      <testcase name="Test Cases/s-sidebar_navigation/individualAccount/arveen_production_login_kiboengage" classname="Test Cases/s-sidebar_navigation/individualAccount/arveen_production_login_kiboengage" status="PASSED">
         <system-out><![CDATA[2019-04-23 13:32:39 - [TEST_CASE][PASSED] - Test Cases/s-sidebar_navigation/individualAccount/arveen_production_login_kiboengage: Test Cases/s-sidebar_navigation/individualAccount/arveen_production_login_kiboengage

2019-04-23 13:32:39 - [TEST_STEP][PASSED] - openBrowser: Browser is opened with url: ''

2019-04-23 13:32:53 - [MESSAGE][PASSED] - Browser is opened with url: ''

2019-04-23 13:32:53 - [TEST_STEP][PASSED] - maximizeWindow: Current window maximized

2019-04-23 13:32:55 - [MESSAGE][PASSED] - Current window maximized

2019-04-23 13:32:55 - [TEST_STEP][PASSED] - navigateToUrl: Navigate to 'https://kiboengage.cloudkibo.com/' successfully

2019-04-23 13:33:17 - [MESSAGE][PASSED] - Navigate to 'https://kiboengage.cloudkibo.com/' successfully

2019-04-23 13:33:17 - [TEST_STEP][PASSED] - navigateToUrl: Navigate to 'https://accounts.cloudkibo.com/?continue=https://kiboengage.cloudkibo.com' successfully

2019-04-23 13:33:20 - [MESSAGE][PASSED] - Navigate to 'https://accounts.cloudkibo.com/?continue=https://kiboengage.cloudkibo.com' successfully

2019-04-23 13:33:20 - [TEST_STEP][PASSED] - click: Object: 'Object Repository/Page_CloudKibo/a_Login (2) (1) (1)' is clicked on

2019-04-23 13:33:21 - [MESSAGE][PASSED] - Object: 'Object Repository/Page_CloudKibo/a_Login (2) (1) (1)' is clicked on

2019-04-23 13:33:21 - [TEST_STEP][PASSED] - setText: Text 'individual@cloudkibo.com' is set on object 'Object Repository/Page_KiboPush/input_email (10) (1) (1)'

2019-04-23 13:33:22 - [MESSAGE][PASSED] - Text 'individual@cloudkibo.com' is set on object 'Object Repository/Page_KiboPush/input_email (10) (1) (1)'

2019-04-23 13:33:22 - [TEST_STEP][PASSED] - setEncryptedText: Text ****** has been set on object 'Object Repository/Page_CloudKibo/input_Sign In_password (7)'

2019-04-23 13:33:23 - [MESSAGE][PASSED] - Text ****** has been set on object 'Object Repository/Page_CloudKibo/input_Sign In_password (7)'

2019-04-23 13:33:23 - [TEST_STEP][PASSED] - click: Object: 'Object Repository/Page_KiboPush/button_Sign In (10) (1) (2)' is clicked on

2019-04-23 13:33:23 - [MESSAGE][PASSED] - Object: 'Object Repository/Page_KiboPush/button_Sign In (10) (1) (2)' is clicked on

2019-04-23 13:33:23 - [TEST_STEP][PASSED] - click: Object: 'Object Repository/Page_KiboPush  Dashboard/h3_Dashboard (57)' is clicked on

2019-04-23 13:33:45 - [MESSAGE][PASSED] - Object: 'Object Repository/Page_KiboPush  Dashboard/h3_Dashboard (57)' is clicked on

2019-04-23 13:33:45 - [TEST_STEP][PASSED] - delay: Delayed 3 second(s)

2019-04-23 13:33:47 - [MESSAGE][PASSED] - Delayed 3 second(s)

2019-04-23 13:33:47 - [TEST_STEP][PASSED] - click: Object: 'Object Repository/Page_KiboEngage  Dashboard/a_SMS (2) (1) (1) (1) (3)' is clicked on

2019-04-23 13:33:48 - [MESSAGE][PASSED] - Object: 'Object Repository/Page_KiboEngage  Dashboard/a_SMS (2) (1) (1) (1) (3)' is clicked on

2019-04-23 13:33:48 - [TEST_STEP][PASSED] - delay: Delayed 2 second(s)

2019-04-23 13:33:50 - [MESSAGE][PASSED] - Delayed 2 second(s)

2019-04-23 13:33:50 - [TEST_STEP][PASSED] - click: Object: 'Object Repository/Page_KiboEngage  Dashboard/span_Messenger (1) (1) (1) (3)' is clicked on

2019-04-23 13:33:50 - [MESSAGE][PASSED] - Object: 'Object Repository/Page_KiboEngage  Dashboard/span_Messenger (1) (1) (1) (3)' is clicked on

2019-04-23 13:33:50 - [TEST_STEP][PASSED] - delay: Delayed 2 second(s)

2019-04-23 13:33:52 - [MESSAGE][PASSED] - Delayed 2 second(s)]]></system-out>
         <system-err><![CDATA[]]></system-err>
      </testcase>
      <testcase name="Test Cases/Operational_Dashboard/116" classname="Test Cases/Operational_Dashboard/116" status="PASSED">
         <system-out><![CDATA[2019-04-23 13:33:52 - [TEST_CASE][PASSED] - Test Cases/Operational_Dashboard/116: Test Cases/Operational_Dashboard/116

2019-04-23 13:33:53 - [TEST_STEP][PASSED] - callTestCase: Call Test Case 'Test Cases/Operational_Dashboard/Login' successfully

2019-04-23 13:33:53 - [TEST_CASE][PASSED] - Test Cases/Operational_Dashboard/Login: Test Cases/Operational_Dashboard/Login

2019-04-23 13:33:53 - [TEST_STEP][PASSED] - callTestCase: Call Test Case 'Test Cases/s-sidebar_navigation/individualAccount/operationalDashboard' successfully

2019-04-23 13:33:53 - [TEST_CASE][PASSED] - Test Cases/s-sidebar_navigation/individualAccount/operationalDashboard: Test Cases/s-sidebar_navigation/individualAccount/operationalDashboard

2019-04-23 13:33:53 - [TEST_STEP][PASSED] - click: Object: 'Object Repository/Page_KiboEngage  Subscribers/span_Subscribers' is clicked on

2019-04-23 13:33:53 - [MESSAGE][PASSED] - Object: 'Object Repository/Page_KiboEngage  Subscribers/span_Subscribers' is clicked on

2019-04-23 13:33:53 - [TEST_STEP][PASSED] - click: Object: 'Object Repository/Page_KiboEngage  Subscribers/span_Operational Dashboard (1)' is clicked on

2019-04-23 13:33:54 - [MESSAGE][PASSED] - Object: 'Object Repository/Page_KiboEngage  Subscribers/span_Operational Dashboard (1)' is clicked on

2019-04-23 13:33:54 - [TEST_STEP][PASSED] - scrollToPosition: Browser is scrolled to position x = 0, y = 0

2019-04-23 13:33:54 - [MESSAGE][PASSED] - Browser is scrolled to position x = 0, y = 0

2019-04-23 13:33:54 - [TEST_STEP][PASSED] - click: Object: 'Object Repository/Page_KiboEngage  Operational Dashbo/h3_Pages Info (4)' is clicked on

2019-04-23 13:33:55 - [MESSAGE][PASSED] - Object: 'Object Repository/Page_KiboEngage  Operational Dashbo/h3_Pages Info (4)' is clicked on

2019-04-23 13:33:55 - [MESSAGE][PASSED] - Call Test Case 'Test Cases/s-sidebar_navigation/individualAccount/operationalDashboard' successfully

2019-04-23 13:33:55 - [MESSAGE][PASSED] - Call Test Case 'Test Cases/Operational_Dashboard/Login' successfully

2019-04-23 13:33:55 - [TEST_STEP][PASSED] - Statement - driver = com.kms.katalon.core.webui.driver.DriverFactory.getWebDriver(): null

2019-04-23 13:33:55 - [TEST_STEP][PASSED] - Statement - subscriber1 = driver.findElement(org.openqa.selenium.By.xpath("//*[@id="m_widget5_tab1_content"]/div/div[1]/div[1]/div/div[3]/span[1]")): null

2019-04-23 13:33:55 - [TEST_STEP][PASSED] - Statement - subscriber2 = driver.findElement(org.openqa.selenium.By.xpath("//*[@id="m_widget5_tab1_content"]/div/div[1]/div[2]/div/div[3]/span[1]")): null

2019-04-23 13:33:56 - [TEST_STEP][PASSED] - Statement - subscriber3 = driver.findElement(org.openqa.selenium.By.xpath("//*[@id="m_widget5_tab1_content"]/div/div[2]/div[1]/div/div[3]/span[1]")): null

2019-04-23 13:33:56 - [TEST_STEP][PASSED] - Statement - subscriber4 = driver.findElement(org.openqa.selenium.By.xpath("//*[@id="m_widget5_tab1_content"]/div/div[2]/div[2]/div/div[3]/span[1]")): null

2019-04-23 13:33:56 - [TEST_STEP][PASSED] - Statement - subscriber5 = driver.findElement(org.openqa.selenium.By.xpath("//*[@id="m_widget5_tab1_content"]/div/div[3]/div[1]/div/div[3]/span[1]")): null

2019-04-23 13:33:56 - [TEST_STEP][PASSED] - Statement - subscriber6 = driver.findElement(org.openqa.selenium.By.xpath("//*[@id="m_widget5_tab1_content"]/div/div[3]/div[2]/div/div[3]/span[1]")): null

2019-04-23 13:33:56 - [TEST_STEP][PASSED] - Statement - subscriber7 = driver.findElement(org.openqa.selenium.By.xpath("//*[@id="m_widget5_tab1_content"]/div/div[4]/div[1]/div/div[3]/span[1]")): null

2019-04-23 13:33:56 - [TEST_STEP][PASSED] - Statement - subscriber8 = driver.findElement(org.openqa.selenium.By.xpath("//*[@id="m_widget5_tab1_content"]/div/div[4]/div[2]/div/div[3]/span[1]")): null

2019-04-23 13:33:56 - [TEST_STEP][PASSED] - Statement - subscriber9 = driver.findElement(org.openqa.selenium.By.xpath("//*[@id="m_widget5_tab1_content"]/div/div[5]/div[1]/div/div[3]/span[1]")): null

2019-04-23 13:33:56 - [TEST_STEP][PASSED] - Statement - subscriber10 = driver.findElement(org.openqa.selenium.By.xpath("//*[@id="m_widget5_tab1_content"]/div/div[5]/div[2]/div/div[3]/span[1]")): null

2019-04-23 13:33:56 - [TEST_STEP][PASSED] - Statement - subscriber_count_1 = java.lang.Integer.parseInt(text): null

2019-04-23 13:33:56 - [TEST_STEP][PASSED] - Statement - subscriber_count_2 = java.lang.Integer.parseInt(text): null

2019-04-23 13:33:56 - [TEST_STEP][PASSED] - Statement - subscriber_count_3 = java.lang.Integer.parseInt(text): null

2019-04-23 13:33:56 - [TEST_STEP][PASSED] - Statement - subscriber_count_4 = java.lang.Integer.parseInt(text): null

2019-04-23 13:33:56 - [TEST_STEP][PASSED] - Statement - subscriber_count_5 = java.lang.Integer.parseInt(text): null

2019-04-23 13:33:56 - [TEST_STEP][PASSED] - Statement - subscriber_count_6 = java.lang.Integer.parseInt(text): null

2019-04-23 13:33:56 - [TEST_STEP][PASSED] - Statement - subscriber_count_7 = java.lang.Integer.parseInt(text): null

2019-04-23 13:33:56 - [TEST_STEP][PASSED] - Statement - subscriber_count_8 = java.lang.Integer.parseInt(text): null

2019-04-23 13:33:56 - [TEST_STEP][PASSED] - Statement - subscriber_count_9 = java.lang.Integer.parseInt(text): null

2019-04-23 13:33:57 - [TEST_STEP][PASSED] - Statement - subscriber_count_10 = java.lang.Integer.parseInt(text): null

2019-04-23 13:33:57 - [TEST_STEP][PASSED] - Statement - If (subscriber_count_1 > subscriber_count_2 && subscriber_count_2 > subscriber_count_3 && subscriber_count_3 > subscriber_count_4 && subscriber_count_4 > subscriber_count_5 && subscriber_count_5 > subscriber_count_6 && subscriber_count_6 > subscriber_count_7 && subscriber_count_7 > subscriber_count_8 && subscriber_count_8 > subscriber_count_9 && subscriber_count_9 > subscriber_count_10): Actual object '1' and expected object '1' are equal

2019-04-23 13:33:57 - [TEST_STEP][PASSED] - verifyEqual: Actual object '1' and expected object '1' are equal

2019-04-23 13:33:57 - [MESSAGE][PASSED] - Actual object '1' and expected object '1' are equal]]></system-out>
         <system-err><![CDATA[]]></system-err>
      </testcase>
      <testcase name="Test Cases/Operational_Dashboard/117" classname="Test Cases/Operational_Dashboard/117" status="PASSED">
         <system-out><![CDATA[2019-04-23 13:33:57 - [TEST_CASE][PASSED] - Test Cases/Operational_Dashboard/117: Test Cases/Operational_Dashboard/117

2019-04-23 13:33:57 - [TEST_STEP][PASSED] - callTestCase: Call Test Case 'Test Cases/Operational_Dashboard/Login' successfully

2019-04-23 13:33:57 - [TEST_CASE][PASSED] - Test Cases/Operational_Dashboard/Login: Test Cases/Operational_Dashboard/Login

2019-04-23 13:33:57 - [TEST_STEP][PASSED] - callTestCase: Call Test Case 'Test Cases/s-sidebar_navigation/individualAccount/operationalDashboard' successfully

2019-04-23 13:33:57 - [TEST_CASE][PASSED] - Test Cases/s-sidebar_navigation/individualAccount/operationalDashboard: Test Cases/s-sidebar_navigation/individualAccount/operationalDashboard

2019-04-23 13:33:57 - [TEST_STEP][PASSED] - click: Object: 'Object Repository/Page_KiboEngage  Subscribers/span_Subscribers' is clicked on

2019-04-23 13:33:59 - [MESSAGE][PASSED] - Object: 'Object Repository/Page_KiboEngage  Subscribers/span_Subscribers' is clicked on

2019-04-23 13:33:59 - [TEST_STEP][PASSED] - click: Object: 'Object Repository/Page_KiboEngage  Subscribers/span_Operational Dashboard (1)' is clicked on

2019-04-23 13:33:59 - [MESSAGE][PASSED] - Object: 'Object Repository/Page_KiboEngage  Subscribers/span_Operational Dashboard (1)' is clicked on

2019-04-23 13:33:59 - [TEST_STEP][PASSED] - scrollToPosition: Browser is scrolled to position x = 0, y = 0

2019-04-23 13:34:00 - [MESSAGE][PASSED] - Browser is scrolled to position x = 0, y = 0

2019-04-23 13:34:00 - [TEST_STEP][PASSED] - click: Object: 'Object Repository/Page_KiboEngage  Operational Dashbo/h3_Pages Info (4)' is clicked on

2019-04-23 13:34:00 - [MESSAGE][PASSED] - Object: 'Object Repository/Page_KiboEngage  Operational Dashbo/h3_Pages Info (4)' is clicked on

2019-04-23 13:34:00 - [MESSAGE][PASSED] - Call Test Case 'Test Cases/s-sidebar_navigation/individualAccount/operationalDashboard' successfully

2019-04-23 13:34:00 - [MESSAGE][PASSED] - Call Test Case 'Test Cases/Operational_Dashboard/Login' successfully

2019-04-23 13:34:00 - [TEST_STEP][PASSED] - Statement - driver = com.kms.katalon.core.webui.driver.DriverFactory.getWebDriver(): null

2019-04-23 13:34:00 - [TEST_STEP][PASSED] - Statement - subscriber = driver.findElement(org.openqa.selenium.By.xpath("//*[@id="m_widget5_tab1_content"]/div/div[1]/div[1]/div/div[4]/span/a")): null

2019-04-23 13:34:00 - [TEST_STEP][PASSED] - Statement - subscriber.click(): null

2019-04-23 13:34:02 - [TEST_STEP][PASSED] - scrollToPosition: Browser is scrolled to position x = 0, y = 0

2019-04-23 13:34:02 - [MESSAGE][PASSED] - Browser is scrolled to position x = 0, y = 0

2019-04-23 13:34:02 - [TEST_STEP][PASSED] - click: Object: 'Object Repository/Page_KiboEngage  Page Subscribers/h3_Subscribers' is clicked on

2019-04-23 13:34:02 - [MESSAGE][PASSED] - Object: 'Object Repository/Page_KiboEngage  Page Subscribers/h3_Subscribers' is clicked on

2019-04-23 13:34:02 - [TEST_STEP][PASSED] - delay: Delayed 5 second(s)

2019-04-23 13:34:06 - [MESSAGE][PASSED] - Delayed 5 second(s)

2019-04-23 13:34:06 - [TEST_STEP][PASSED] - Statement - Table = driver.findElement(org.openqa.selenium.By.xpath("//table/tbody")): null

2019-04-23 13:34:06 - [TEST_STEP][PASSED] - Statement - rows_table = Table.findElements(org.openqa.selenium.By.tagName("tr")): null

2019-04-23 13:34:06 - [TEST_STEP][PASSED] - Statement - rows_count = rows_table.size(): null

2019-04-23 13:34:06 - [TEST_STEP][PASSED] - verifyEqual: Actual object '10' and expected object '10' are equal

2019-04-23 13:34:06 - [MESSAGE][PASSED] - Actual object '10' and expected object '10' are equal]]></system-out>
         <system-err><![CDATA[]]></system-err>
      </testcase>
      <testcase name="Test Cases/Operational_Dashboard/118" classname="Test Cases/Operational_Dashboard/118" status="PASSED">
         <system-out><![CDATA[2019-04-23 13:34:06 - [TEST_CASE][PASSED] - Test Cases/Operational_Dashboard/118: Test Cases/Operational_Dashboard/118

2019-04-23 13:34:07 - [TEST_STEP][PASSED] - callTestCase: Call Test Case 'Test Cases/Operational_Dashboard/117' successfully

2019-04-23 13:34:07 - [TEST_CASE][PASSED] - Test Cases/Operational_Dashboard/117: Test Cases/Operational_Dashboard/117

2019-04-23 13:34:07 - [TEST_STEP][PASSED] - callTestCase: Call Test Case 'Test Cases/Operational_Dashboard/Login' successfully

2019-04-23 13:34:07 - [TEST_CASE][PASSED] - Test Cases/Operational_Dashboard/Login: Test Cases/Operational_Dashboard/Login

2019-04-23 13:34:07 - [TEST_STEP][PASSED] - callTestCase: Call Test Case 'Test Cases/s-sidebar_navigation/individualAccount/operationalDashboard' successfully

2019-04-23 13:34:07 - [TEST_CASE][PASSED] - Test Cases/s-sidebar_navigation/individualAccount/operationalDashboard: Test Cases/s-sidebar_navigation/individualAccount/operationalDashboard

2019-04-23 13:34:07 - [TEST_STEP][PASSED] - click: Object: 'Object Repository/Page_KiboEngage  Subscribers/span_Subscribers' is clicked on

2019-04-23 13:34:07 - [MESSAGE][PASSED] - Object: 'Object Repository/Page_KiboEngage  Subscribers/span_Subscribers' is clicked on

2019-04-23 13:34:07 - [TEST_STEP][PASSED] - click: Object: 'Object Repository/Page_KiboEngage  Subscribers/span_Operational Dashboard (1)' is clicked on

2019-04-23 13:34:08 - [MESSAGE][PASSED] - Object: 'Object Repository/Page_KiboEngage  Subscribers/span_Operational Dashboard (1)' is clicked on

2019-04-23 13:34:08 - [TEST_STEP][PASSED] - scrollToPosition: Browser is scrolled to position x = 0, y = 0

2019-04-23 13:34:09 - [MESSAGE][PASSED] - Browser is scrolled to position x = 0, y = 0

2019-04-23 13:34:09 - [TEST_STEP][PASSED] - click: Object: 'Object Repository/Page_KiboEngage  Operational Dashbo/h3_Pages Info (4)' is clicked on

2019-04-23 13:34:10 - [MESSAGE][PASSED] - Object: 'Object Repository/Page_KiboEngage  Operational Dashbo/h3_Pages Info (4)' is clicked on

2019-04-23 13:34:10 - [MESSAGE][PASSED] - Call Test Case 'Test Cases/s-sidebar_navigation/individualAccount/operationalDashboard' successfully

2019-04-23 13:34:10 - [MESSAGE][PASSED] - Call Test Case 'Test Cases/Operational_Dashboard/Login' successfully

2019-04-23 13:34:10 - [TEST_STEP][PASSED] - Statement - driver = com.kms.katalon.core.webui.driver.DriverFactory.getWebDriver(): null

2019-04-23 13:34:10 - [TEST_STEP][PASSED] - Statement - subscriber = driver.findElement(org.openqa.selenium.By.xpath("//*[@id="m_widget5_tab1_content"]/div/div[1]/div[1]/div/div[4]/span/a")): null

2019-04-23 13:34:10 - [TEST_STEP][PASSED] - Statement - subscriber.click(): null

2019-04-23 13:34:10 - [TEST_STEP][PASSED] - scrollToPosition: Browser is scrolled to position x = 0, y = 0

2019-04-23 13:34:10 - [MESSAGE][PASSED] - Browser is scrolled to position x = 0, y = 0

2019-04-23 13:34:10 - [TEST_STEP][PASSED] - click: Object: 'Object Repository/Page_KiboEngage  Page Subscribers/h3_Subscribers' is clicked on

2019-04-23 13:34:11 - [MESSAGE][PASSED] - Object: 'Object Repository/Page_KiboEngage  Page Subscribers/h3_Subscribers' is clicked on

2019-04-23 13:34:11 - [TEST_STEP][PASSED] - delay: Delayed 5 second(s)

2019-04-23 13:34:15 - [MESSAGE][PASSED] - Delayed 5 second(s)

2019-04-23 13:34:15 - [TEST_STEP][PASSED] - Statement - Table = driver.findElement(org.openqa.selenium.By.xpath("//table/tbody")): null

2019-04-23 13:34:15 - [TEST_STEP][PASSED] - Statement - rows_table = Table.findElements(org.openqa.selenium.By.tagName("tr")): null

2019-04-23 13:34:15 - [TEST_STEP][PASSED] - Statement - rows_count = rows_table.size(): null

2019-04-23 13:34:15 - [TEST_STEP][PASSED] - verifyEqual: Actual object '10' and expected object '10' are equal

2019-04-23 13:34:15 - [MESSAGE][PASSED] - Actual object '10' and expected object '10' are equal

2019-04-23 13:34:15 - [MESSAGE][PASSED] - Call Test Case 'Test Cases/Operational_Dashboard/117' successfully

2019-04-23 13:34:15 - [TEST_STEP][PASSED] - setText: Text 'Zain Majid' is set on object 'Object Repository/Page_KiboEngage  Page Subscribers/input_form-control m-input m-i'

2019-04-23 13:34:16 - [MESSAGE][PASSED] - Text 'Zain Majid' is set on object 'Object Repository/Page_KiboEngage  Page Subscribers/input_form-control m-input m-i'

2019-04-23 13:34:16 - [TEST_STEP][PASSED] - Statement - driver = com.kms.katalon.core.webui.driver.DriverFactory.getWebDriver(): null

2019-04-23 13:34:16 - [TEST_STEP][PASSED] - delay: Delayed 5 second(s)

2019-04-23 13:34:21 - [MESSAGE][PASSED] - Delayed 5 second(s)

2019-04-23 13:34:21 - [TEST_STEP][PASSED] - Statement - Table = driver.findElement(org.openqa.selenium.By.xpath("//table/tbody")): null

2019-04-23 13:34:21 - [TEST_STEP][PASSED] - Statement - rows_table = Table.findElements(org.openqa.selenium.By.tagName("tr")): null

2019-04-23 13:34:21 - [TEST_STEP][PASSED] - Statement - rows_count = rows_table.size(): null

2019-04-23 13:34:21 - [TEST_STEP][PASSED] - verifyEqual: Actual object '1' and expected object '1' are equal

2019-04-23 13:34:21 - [MESSAGE][PASSED] - Actual object '1' and expected object '1' are equal]]></system-out>
         <system-err><![CDATA[]]></system-err>
      </testcase>
      <testcase name="Test Cases/Operational_Dashboard/122" classname="Test Cases/Operational_Dashboard/122" status="PASSED">
         <system-out><![CDATA[2019-04-23 13:34:21 - [TEST_CASE][PASSED] - Test Cases/Operational_Dashboard/122: Test Cases/Operational_Dashboard/122

2019-04-23 13:34:21 - [TEST_STEP][PASSED] - callTestCase: Call Test Case 'Test Cases/Operational_Dashboard/117' successfully

2019-04-23 13:34:21 - [TEST_CASE][PASSED] - Test Cases/Operational_Dashboard/117: Test Cases/Operational_Dashboard/117

2019-04-23 13:34:21 - [TEST_STEP][PASSED] - callTestCase: Call Test Case 'Test Cases/Operational_Dashboard/Login' successfully

2019-04-23 13:34:22 - [TEST_CASE][PASSED] - Test Cases/Operational_Dashboard/Login: Test Cases/Operational_Dashboard/Login

2019-04-23 13:34:22 - [TEST_STEP][PASSED] - callTestCase: Call Test Case 'Test Cases/s-sidebar_navigation/individualAccount/operationalDashboard' successfully

2019-04-23 13:34:22 - [TEST_CASE][PASSED] - Test Cases/s-sidebar_navigation/individualAccount/operationalDashboard: Test Cases/s-sidebar_navigation/individualAccount/operationalDashboard

2019-04-23 13:34:22 - [TEST_STEP][PASSED] - click: Object: 'Object Repository/Page_KiboEngage  Subscribers/span_Subscribers' is clicked on

2019-04-23 13:34:22 - [MESSAGE][PASSED] - Object: 'Object Repository/Page_KiboEngage  Subscribers/span_Subscribers' is clicked on

2019-04-23 13:34:22 - [TEST_STEP][PASSED] - click: Object: 'Object Repository/Page_KiboEngage  Subscribers/span_Operational Dashboard (1)' is clicked on

2019-04-23 13:34:23 - [MESSAGE][PASSED] - Object: 'Object Repository/Page_KiboEngage  Subscribers/span_Operational Dashboard (1)' is clicked on

2019-04-23 13:34:23 - [TEST_STEP][PASSED] - scrollToPosition: Browser is scrolled to position x = 0, y = 0

2019-04-23 13:34:23 - [MESSAGE][PASSED] - Browser is scrolled to position x = 0, y = 0

2019-04-23 13:34:23 - [TEST_STEP][PASSED] - click: Object: 'Object Repository/Page_KiboEngage  Operational Dashbo/h3_Pages Info (4)' is clicked on

2019-04-23 13:34:23 - [MESSAGE][PASSED] - Object: 'Object Repository/Page_KiboEngage  Operational Dashbo/h3_Pages Info (4)' is clicked on

2019-04-23 13:34:23 - [MESSAGE][PASSED] - Call Test Case 'Test Cases/s-sidebar_navigation/individualAccount/operationalDashboard' successfully

2019-04-23 13:34:23 - [MESSAGE][PASSED] - Call Test Case 'Test Cases/Operational_Dashboard/Login' successfully

2019-04-23 13:34:23 - [TEST_STEP][PASSED] - Statement - driver = com.kms.katalon.core.webui.driver.DriverFactory.getWebDriver(): null

2019-04-23 13:34:23 - [TEST_STEP][PASSED] - Statement - subscriber = driver.findElement(org.openqa.selenium.By.xpath("//*[@id="m_widget5_tab1_content"]/div/div[1]/div[1]/div/div[4]/span/a")): null

2019-04-23 13:34:23 - [TEST_STEP][PASSED] - Statement - subscriber.click(): null

2019-04-23 13:34:24 - [TEST_STEP][PASSED] - scrollToPosition: Browser is scrolled to position x = 0, y = 0

2019-04-23 13:34:24 - [MESSAGE][PASSED] - Browser is scrolled to position x = 0, y = 0

2019-04-23 13:34:24 - [TEST_STEP][PASSED] - click: Object: 'Object Repository/Page_KiboEngage  Page Subscribers/h3_Subscribers' is clicked on

2019-04-23 13:34:24 - [MESSAGE][PASSED] - Object: 'Object Repository/Page_KiboEngage  Page Subscribers/h3_Subscribers' is clicked on

2019-04-23 13:34:24 - [TEST_STEP][PASSED] - delay: Delayed 5 second(s)

2019-04-23 13:34:29 - [MESSAGE][PASSED] - Delayed 5 second(s)

2019-04-23 13:34:29 - [TEST_STEP][PASSED] - Statement - Table = driver.findElement(org.openqa.selenium.By.xpath("//table/tbody")): null

2019-04-23 13:34:29 - [TEST_STEP][PASSED] - Statement - rows_table = Table.findElements(org.openqa.selenium.By.tagName("tr")): null

2019-04-23 13:34:29 - [TEST_STEP][PASSED] - Statement - rows_count = rows_table.size(): null

2019-04-23 13:34:29 - [TEST_STEP][PASSED] - verifyEqual: Actual object '10' and expected object '10' are equal

2019-04-23 13:34:29 - [MESSAGE][PASSED] - Actual object '10' and expected object '10' are equal

2019-04-23 13:34:29 - [MESSAGE][PASSED] - Call Test Case 'Test Cases/Operational_Dashboard/117' successfully

2019-04-23 13:34:29 - [TEST_STEP][PASSED] - click: Object: 'Object Repository/Page_KiboEngage  Page Subscribers/button_Back' is clicked on

2019-04-23 13:34:30 - [MESSAGE][PASSED] - Object: 'Object Repository/Page_KiboEngage  Page Subscribers/button_Back' is clicked on

2019-04-23 13:34:30 - [TEST_STEP][PASSED] - scrollToPosition: Browser is scrolled to position x = 0, y = 0

2019-04-23 13:34:30 - [MESSAGE][PASSED] - Browser is scrolled to position x = 0, y = 0

2019-04-23 13:34:30 - [TEST_STEP][PASSED] - click: Object: 'Object Repository/Page_KiboEngage  Operational Dashbo/h3_Pages Info (1)' is clicked on

2019-04-23 13:34:31 - [MESSAGE][PASSED] - Object: 'Object Repository/Page_KiboEngage  Operational Dashbo/h3_Pages Info (1)' is clicked on]]></system-out>
         <system-err><![CDATA[]]></system-err>
      </testcase>
      <testcase name="Test Cases/Operational_Dashboard/123" classname="Test Cases/Operational_Dashboard/123" status="PASSED">
         <system-out><![CDATA[2019-04-23 13:34:31 - [TEST_CASE][PASSED] - Test Cases/Operational_Dashboard/123: Test Cases/Operational_Dashboard/123

2019-04-23 13:34:31 - [TEST_STEP][PASSED] - callTestCase: Call Test Case 'Test Cases/Operational_Dashboard/117' successfully

2019-04-23 13:34:31 - [TEST_CASE][PASSED] - Test Cases/Operational_Dashboard/117: Test Cases/Operational_Dashboard/117

2019-04-23 13:34:31 - [TEST_STEP][PASSED] - callTestCase: Call Test Case 'Test Cases/Operational_Dashboard/Login' successfully

2019-04-23 13:34:32 - [TEST_CASE][PASSED] - Test Cases/Operational_Dashboard/Login: Test Cases/Operational_Dashboard/Login

2019-04-23 13:34:32 - [TEST_STEP][PASSED] - callTestCase: Call Test Case 'Test Cases/s-sidebar_navigation/individualAccount/operationalDashboard' successfully

2019-04-23 13:34:32 - [TEST_CASE][PASSED] - Test Cases/s-sidebar_navigation/individualAccount/operationalDashboard: Test Cases/s-sidebar_navigation/individualAccount/operationalDashboard

2019-04-23 13:34:32 - [TEST_STEP][PASSED] - click: Object: 'Object Repository/Page_KiboEngage  Subscribers/span_Subscribers' is clicked on

2019-04-23 13:34:32 - [MESSAGE][PASSED] - Object: 'Object Repository/Page_KiboEngage  Subscribers/span_Subscribers' is clicked on

2019-04-23 13:34:32 - [TEST_STEP][PASSED] - click: Object: 'Object Repository/Page_KiboEngage  Subscribers/span_Operational Dashboard (1)' is clicked on

2019-04-23 13:34:33 - [MESSAGE][PASSED] - Object: 'Object Repository/Page_KiboEngage  Subscribers/span_Operational Dashboard (1)' is clicked on

2019-04-23 13:34:33 - [TEST_STEP][PASSED] - scrollToPosition: Browser is scrolled to position x = 0, y = 0

2019-04-23 13:34:33 - [MESSAGE][PASSED] - Browser is scrolled to position x = 0, y = 0

2019-04-23 13:34:33 - [TEST_STEP][PASSED] - click: Object: 'Object Repository/Page_KiboEngage  Operational Dashbo/h3_Pages Info (4)' is clicked on

2019-04-23 13:34:34 - [MESSAGE][PASSED] - Object: 'Object Repository/Page_KiboEngage  Operational Dashbo/h3_Pages Info (4)' is clicked on

2019-04-23 13:34:34 - [MESSAGE][PASSED] - Call Test Case 'Test Cases/s-sidebar_navigation/individualAccount/operationalDashboard' successfully

2019-04-23 13:34:34 - [MESSAGE][PASSED] - Call Test Case 'Test Cases/Operational_Dashboard/Login' successfully

2019-04-23 13:34:34 - [TEST_STEP][PASSED] - Statement - driver = com.kms.katalon.core.webui.driver.DriverFactory.getWebDriver(): null

2019-04-23 13:34:34 - [TEST_STEP][PASSED] - Statement - subscriber = driver.findElement(org.openqa.selenium.By.xpath("//*[@id="m_widget5_tab1_content"]/div/div[1]/div[1]/div/div[4]/span/a")): null

2019-04-23 13:34:34 - [TEST_STEP][PASSED] - Statement - subscriber.click(): null

2019-04-23 13:34:35 - [TEST_STEP][PASSED] - scrollToPosition: Browser is scrolled to position x = 0, y = 0

2019-04-23 13:34:35 - [MESSAGE][PASSED] - Browser is scrolled to position x = 0, y = 0

2019-04-23 13:34:35 - [TEST_STEP][PASSED] - click: Object: 'Object Repository/Page_KiboEngage  Page Subscribers/h3_Subscribers' is clicked on

2019-04-23 13:34:35 - [MESSAGE][PASSED] - Object: 'Object Repository/Page_KiboEngage  Page Subscribers/h3_Subscribers' is clicked on

2019-04-23 13:34:35 - [TEST_STEP][PASSED] - delay: Delayed 5 second(s)

2019-04-23 13:34:41 - [MESSAGE][PASSED] - Delayed 5 second(s)

2019-04-23 13:34:41 - [TEST_STEP][PASSED] - Statement - Table = driver.findElement(org.openqa.selenium.By.xpath("//table/tbody")): null

2019-04-23 13:34:41 - [TEST_STEP][PASSED] - Statement - rows_table = Table.findElements(org.openqa.selenium.By.tagName("tr")): null

2019-04-23 13:34:41 - [TEST_STEP][PASSED] - Statement - rows_count = rows_table.size(): null

2019-04-23 13:34:41 - [TEST_STEP][PASSED] - verifyEqual: Actual object '10' and expected object '10' are equal

2019-04-23 13:34:41 - [MESSAGE][PASSED] - Actual object '10' and expected object '10' are equal

2019-04-23 13:34:41 - [MESSAGE][PASSED] - Call Test Case 'Test Cases/Operational_Dashboard/117' successfully

2019-04-23 13:34:41 - [TEST_STEP][PASSED] - verifyTextPresent: Text 'Zain Majid' is present on page 

2019-04-23 13:34:41 - [MESSAGE][PASSED] - Text 'Zain Majid' is present on page 

2019-04-23 13:34:41 - [TEST_STEP][PASSED] - Statement - driver = com.kms.katalon.core.webui.driver.DriverFactory.getWebDriver(): null

2019-04-23 13:34:41 - [TEST_STEP][PASSED] - Statement - Next = driver.findElement(org.openqa.selenium.By.xpath("//*[@id="ajax_data"]/ul/li[9]/a")): null

2019-04-23 13:34:41 - [TEST_STEP][PASSED] - Statement - Next.click(): null

2019-04-23 13:34:41 - [TEST_STEP][PASSED] - scrollToPosition: Browser is scrolled to position x = 0, y = 0

2019-04-23 13:34:41 - [MESSAGE][PASSED] - Browser is scrolled to position x = 0, y = 0

2019-04-23 13:34:41 - [TEST_STEP][PASSED] - delay: Delayed 5 second(s)

2019-04-23 13:34:47 - [MESSAGE][PASSED] - Delayed 5 second(s)

2019-04-23 13:34:47 - [TEST_STEP][PASSED] - verifyTextPresent: Text 'Imran Bhatti' is present on page 

2019-04-23 13:34:48 - [MESSAGE][PASSED] - Text 'Imran Bhatti' is present on page 

2019-04-23 13:34:48 - [TEST_STEP][PASSED] - verifyTextNotPresent: Text 'Zain Majid' is not present on page

2019-04-23 13:34:48 - [MESSAGE][PASSED] - Text 'Zain Majid' is not present on page]]></system-out>
         <system-err><![CDATA[]]></system-err>
      </testcase>
      <testcase name="Test Cases/Operational_Dashboard/124" classname="Test Cases/Operational_Dashboard/124" status="PASSED">
         <system-out><![CDATA[2019-04-23 13:34:48 - [TEST_CASE][PASSED] - Test Cases/Operational_Dashboard/124: Test Cases/Operational_Dashboard/124

2019-04-23 13:34:48 - [TEST_STEP][PASSED] - callTestCase: Call Test Case 'Test Cases/Operational_Dashboard/123' successfully

2019-04-23 13:34:48 - [TEST_CASE][PASSED] - Test Cases/Operational_Dashboard/123: Test Cases/Operational_Dashboard/123

2019-04-23 13:34:48 - [TEST_STEP][PASSED] - callTestCase: Call Test Case 'Test Cases/Operational_Dashboard/117' successfully

2019-04-23 13:34:48 - [TEST_CASE][PASSED] - Test Cases/Operational_Dashboard/117: Test Cases/Operational_Dashboard/117

2019-04-23 13:34:48 - [TEST_STEP][PASSED] - callTestCase: Call Test Case 'Test Cases/Operational_Dashboard/Login' successfully

2019-04-23 13:34:49 - [TEST_CASE][PASSED] - Test Cases/Operational_Dashboard/Login: Test Cases/Operational_Dashboard/Login

2019-04-23 13:34:49 - [TEST_STEP][PASSED] - callTestCase: Call Test Case 'Test Cases/s-sidebar_navigation/individualAccount/operationalDashboard' successfully

2019-04-23 13:34:49 - [TEST_CASE][PASSED] - Test Cases/s-sidebar_navigation/individualAccount/operationalDashboard: Test Cases/s-sidebar_navigation/individualAccount/operationalDashboard

2019-04-23 13:34:49 - [TEST_STEP][PASSED] - click: Object: 'Object Repository/Page_KiboEngage  Subscribers/span_Subscribers' is clicked on

2019-04-23 13:34:49 - [MESSAGE][PASSED] - Object: 'Object Repository/Page_KiboEngage  Subscribers/span_Subscribers' is clicked on

2019-04-23 13:34:49 - [TEST_STEP][PASSED] - click: Object: 'Object Repository/Page_KiboEngage  Subscribers/span_Operational Dashboard (1)' is clicked on

2019-04-23 13:34:50 - [MESSAGE][PASSED] - Object: 'Object Repository/Page_KiboEngage  Subscribers/span_Operational Dashboard (1)' is clicked on

2019-04-23 13:34:50 - [TEST_STEP][PASSED] - scrollToPosition: Browser is scrolled to position x = 0, y = 0

2019-04-23 13:34:50 - [MESSAGE][PASSED] - Browser is scrolled to position x = 0, y = 0

2019-04-23 13:34:50 - [TEST_STEP][PASSED] - click: Object: 'Object Repository/Page_KiboEngage  Operational Dashbo/h3_Pages Info (4)' is clicked on

2019-04-23 13:34:51 - [MESSAGE][PASSED] - Object: 'Object Repository/Page_KiboEngage  Operational Dashbo/h3_Pages Info (4)' is clicked on

2019-04-23 13:34:51 - [MESSAGE][PASSED] - Call Test Case 'Test Cases/s-sidebar_navigation/individualAccount/operationalDashboard' successfully

2019-04-23 13:34:51 - [MESSAGE][PASSED] - Call Test Case 'Test Cases/Operational_Dashboard/Login' successfully

2019-04-23 13:34:51 - [TEST_STEP][PASSED] - Statement - driver = com.kms.katalon.core.webui.driver.DriverFactory.getWebDriver(): null

2019-04-23 13:34:51 - [TEST_STEP][PASSED] - Statement - subscriber = driver.findElement(org.openqa.selenium.By.xpath("//*[@id="m_widget5_tab1_content"]/div/div[1]/div[1]/div/div[4]/span/a")): null

2019-04-23 13:34:51 - [TEST_STEP][PASSED] - Statement - subscriber.click(): null

2019-04-23 13:34:52 - [TEST_STEP][PASSED] - scrollToPosition: Browser is scrolled to position x = 0, y = 0

2019-04-23 13:34:52 - [MESSAGE][PASSED] - Browser is scrolled to position x = 0, y = 0

2019-04-23 13:34:52 - [TEST_STEP][PASSED] - click: Object: 'Object Repository/Page_KiboEngage  Page Subscribers/h3_Subscribers' is clicked on

2019-04-23 13:34:53 - [MESSAGE][PASSED] - Object: 'Object Repository/Page_KiboEngage  Page Subscribers/h3_Subscribers' is clicked on

2019-04-23 13:34:53 - [TEST_STEP][PASSED] - delay: Delayed 5 second(s)

2019-04-23 13:34:59 - [MESSAGE][PASSED] - Delayed 5 second(s)

2019-04-23 13:34:59 - [TEST_STEP][PASSED] - Statement - Table = driver.findElement(org.openqa.selenium.By.xpath("//table/tbody")): null

2019-04-23 13:34:59 - [TEST_STEP][PASSED] - Statement - rows_table = Table.findElements(org.openqa.selenium.By.tagName("tr")): null

2019-04-23 13:34:59 - [TEST_STEP][PASSED] - Statement - rows_count = rows_table.size(): null

2019-04-23 13:34:59 - [TEST_STEP][PASSED] - verifyEqual: Actual object '10' and expected object '10' are equal

2019-04-23 13:34:59 - [MESSAGE][PASSED] - Actual object '10' and expected object '10' are equal

2019-04-23 13:34:59 - [MESSAGE][PASSED] - Call Test Case 'Test Cases/Operational_Dashboard/117' successfully

2019-04-23 13:34:59 - [TEST_STEP][PASSED] - verifyTextPresent: Text 'Zain Majid' is present on page 

2019-04-23 13:35:00 - [MESSAGE][PASSED] - Text 'Zain Majid' is present on page 

2019-04-23 13:35:00 - [TEST_STEP][PASSED] - Statement - driver = com.kms.katalon.core.webui.driver.DriverFactory.getWebDriver(): null

2019-04-23 13:35:00 - [TEST_STEP][PASSED] - Statement - Next = driver.findElement(org.openqa.selenium.By.xpath("//*[@id="ajax_data"]/ul/li[9]/a")): null

2019-04-23 13:35:00 - [TEST_STEP][PASSED] - Statement - Next.click(): null

2019-04-23 13:35:00 - [TEST_STEP][PASSED] - scrollToPosition: Browser is scrolled to position x = 0, y = 0

2019-04-23 13:35:00 - [MESSAGE][PASSED] - Browser is scrolled to position x = 0, y = 0

2019-04-23 13:35:00 - [TEST_STEP][PASSED] - delay: Delayed 5 second(s)

2019-04-23 13:35:06 - [MESSAGE][PASSED] - Delayed 5 second(s)

2019-04-23 13:35:06 - [TEST_STEP][PASSED] - verifyTextPresent: Text 'Imran Bhatti' is present on page 

2019-04-23 13:35:06 - [MESSAGE][PASSED] - Text 'Imran Bhatti' is present on page 

2019-04-23 13:35:06 - [TEST_STEP][PASSED] - verifyTextNotPresent: Text 'Zain Majid' is not present on page

2019-04-23 13:35:07 - [MESSAGE][PASSED] - Text 'Zain Majid' is not present on page

2019-04-23 13:35:07 - [MESSAGE][PASSED] - Call Test Case 'Test Cases/Operational_Dashboard/123' successfully

2019-04-23 13:35:07 - [TEST_STEP][PASSED] - Statement - driver = com.kms.katalon.core.webui.driver.DriverFactory.getWebDriver(): null

2019-04-23 13:35:07 - [TEST_STEP][PASSED] - Statement - previous = driver.findElement(org.openqa.selenium.By.xpath("//*[@id="ajax_data"]/ul/li[1]/a")): null

2019-04-23 13:35:07 - [TEST_STEP][PASSED] - Statement - previous.click(): null

2019-04-23 13:35:07 - [TEST_STEP][PASSED] - delay: Delayed 5 second(s)

2019-04-23 13:35:13 - [MESSAGE][PASSED] - Delayed 5 second(s)

2019-04-23 13:35:13 - [TEST_STEP][PASSED] - verifyTextPresent: Text 'Zain Majid' is present on page 

2019-04-23 13:35:13 - [MESSAGE][PASSED] - Text 'Zain Majid' is present on page 

2019-04-23 13:35:13 - [TEST_STEP][PASSED] - verifyTextNotPresent: Text 'Imran Bhatti' is not present on page

2019-04-23 13:35:13 - [MESSAGE][PASSED] - Text 'Imran Bhatti' is not present on page]]></system-out>
         <system-err><![CDATA[]]></system-err>
      </testcase>
      <testcase name="Test Cases/Operational_Dashboard/125" classname="Test Cases/Operational_Dashboard/125" status="PASSED">
         <system-out><![CDATA[2019-04-23 13:35:13 - [TEST_CASE][PASSED] - Test Cases/Operational_Dashboard/125: Test Cases/Operational_Dashboard/125

2019-04-23 13:35:13 - [TEST_STEP][PASSED] - callTestCase: Call Test Case 'Test Cases/Operational_Dashboard/117' successfully

2019-04-23 13:35:14 - [TEST_CASE][PASSED] - Test Cases/Operational_Dashboard/117: Test Cases/Operational_Dashboard/117

2019-04-23 13:35:14 - [TEST_STEP][PASSED] - callTestCase: Call Test Case 'Test Cases/Operational_Dashboard/Login' successfully

2019-04-23 13:35:14 - [TEST_CASE][PASSED] - Test Cases/Operational_Dashboard/Login: Test Cases/Operational_Dashboard/Login

2019-04-23 13:35:14 - [TEST_STEP][PASSED] - callTestCase: Call Test Case 'Test Cases/s-sidebar_navigation/individualAccount/operationalDashboard' successfully

2019-04-23 13:35:14 - [TEST_CASE][PASSED] - Test Cases/s-sidebar_navigation/individualAccount/operationalDashboard: Test Cases/s-sidebar_navigation/individualAccount/operationalDashboard

2019-04-23 13:35:14 - [TEST_STEP][PASSED] - click: Object: 'Object Repository/Page_KiboEngage  Subscribers/span_Subscribers' is clicked on

2019-04-23 13:35:14 - [MESSAGE][PASSED] - Object: 'Object Repository/Page_KiboEngage  Subscribers/span_Subscribers' is clicked on

2019-04-23 13:35:14 - [TEST_STEP][PASSED] - click: Object: 'Object Repository/Page_KiboEngage  Subscribers/span_Operational Dashboard (1)' is clicked on

2019-04-23 13:35:15 - [MESSAGE][PASSED] - Object: 'Object Repository/Page_KiboEngage  Subscribers/span_Operational Dashboard (1)' is clicked on

2019-04-23 13:35:15 - [TEST_STEP][PASSED] - scrollToPosition: Browser is scrolled to position x = 0, y = 0

2019-04-23 13:35:15 - [MESSAGE][PASSED] - Browser is scrolled to position x = 0, y = 0

2019-04-23 13:35:15 - [TEST_STEP][PASSED] - click: Object: 'Object Repository/Page_KiboEngage  Operational Dashbo/h3_Pages Info (4)' is clicked on

2019-04-23 13:35:16 - [MESSAGE][PASSED] - Object: 'Object Repository/Page_KiboEngage  Operational Dashbo/h3_Pages Info (4)' is clicked on

2019-04-23 13:35:16 - [MESSAGE][PASSED] - Call Test Case 'Test Cases/s-sidebar_navigation/individualAccount/operationalDashboard' successfully

2019-04-23 13:35:16 - [MESSAGE][PASSED] - Call Test Case 'Test Cases/Operational_Dashboard/Login' successfully

2019-04-23 13:35:16 - [TEST_STEP][PASSED] - Statement - driver = com.kms.katalon.core.webui.driver.DriverFactory.getWebDriver(): null

2019-04-23 13:35:16 - [TEST_STEP][PASSED] - Statement - subscriber = driver.findElement(org.openqa.selenium.By.xpath("//*[@id="m_widget5_tab1_content"]/div/div[1]/div[1]/div/div[4]/span/a")): null

2019-04-23 13:35:16 - [TEST_STEP][PASSED] - Statement - subscriber.click(): null

2019-04-23 13:35:16 - [TEST_STEP][PASSED] - scrollToPosition: Browser is scrolled to position x = 0, y = 0

2019-04-23 13:35:16 - [MESSAGE][PASSED] - Browser is scrolled to position x = 0, y = 0

2019-04-23 13:35:16 - [TEST_STEP][PASSED] - click: Object: 'Object Repository/Page_KiboEngage  Page Subscribers/h3_Subscribers' is clicked on

2019-04-23 13:35:17 - [MESSAGE][PASSED] - Object: 'Object Repository/Page_KiboEngage  Page Subscribers/h3_Subscribers' is clicked on

2019-04-23 13:35:17 - [TEST_STEP][PASSED] - delay: Delayed 5 second(s)

2019-04-23 13:35:22 - [MESSAGE][PASSED] - Delayed 5 second(s)

2019-04-23 13:35:22 - [TEST_STEP][PASSED] - Statement - Table = driver.findElement(org.openqa.selenium.By.xpath("//table/tbody")): null

2019-04-23 13:35:22 - [TEST_STEP][PASSED] - Statement - rows_table = Table.findElements(org.openqa.selenium.By.tagName("tr")): null

2019-04-23 13:35:22 - [TEST_STEP][PASSED] - Statement - rows_count = rows_table.size(): null

2019-04-23 13:35:22 - [TEST_STEP][PASSED] - verifyEqual: Actual object '10' and expected object '10' are equal

2019-04-23 13:35:22 - [MESSAGE][PASSED] - Actual object '10' and expected object '10' are equal

2019-04-23 13:35:22 - [MESSAGE][PASSED] - Call Test Case 'Test Cases/Operational_Dashboard/117' successfully

2019-04-23 13:35:22 - [TEST_STEP][PASSED] - verifyTextPresent: Text 'Zain Majid' is present on page 

2019-04-23 13:35:22 - [MESSAGE][PASSED] - Text 'Zain Majid' is present on page 

2019-04-23 13:35:22 - [TEST_STEP][PASSED] - Statement - driver = com.kms.katalon.core.webui.driver.DriverFactory.getWebDriver(): null

2019-04-23 13:35:22 - [TEST_STEP][PASSED] - Statement - Next = driver.findElement(org.openqa.selenium.By.xpath("//*[@id="ajax_data"]/ul/li[3]/a")): null

2019-04-23 13:35:22 - [TEST_STEP][PASSED] - Statement - Next.click(): null

2019-04-23 13:35:23 - [TEST_STEP][PASSED] - scrollToPosition: Browser is scrolled to position x = 0, y = 0

2019-04-23 13:35:23 - [MESSAGE][PASSED] - Browser is scrolled to position x = 0, y = 0

2019-04-23 13:35:23 - [TEST_STEP][PASSED] - delay: Delayed 5 second(s)

2019-04-23 13:35:27 - [MESSAGE][PASSED] - Delayed 5 second(s)

2019-04-23 13:35:27 - [TEST_STEP][PASSED] - verifyTextPresent: Text 'Imran Bhatti' is present on page 

2019-04-23 13:35:27 - [MESSAGE][PASSED] - Text 'Imran Bhatti' is present on page 

2019-04-23 13:35:27 - [TEST_STEP][PASSED] - verifyTextNotPresent: Text 'Zain Majid' is not present on page

2019-04-23 13:35:28 - [MESSAGE][PASSED] - Text 'Zain Majid' is not present on page]]></system-out>
         <system-err><![CDATA[]]></system-err>
      </testcase>
      <testcase name="Test Cases/Operational_Dashboard/126" classname="Test Cases/Operational_Dashboard/126" status="PASSED">
         <system-out><![CDATA[2019-04-23 13:35:28 - [TEST_CASE][PASSED] - Test Cases/Operational_Dashboard/126: Test Cases/Operational_Dashboard/126

2019-04-23 13:35:28 - [TEST_STEP][PASSED] - callTestCase: Call Test Case 'Test Cases/Operational_Dashboard/Login' successfully

2019-04-23 13:35:28 - [TEST_CASE][PASSED] - Test Cases/Operational_Dashboard/Login: Test Cases/Operational_Dashboard/Login

2019-04-23 13:35:28 - [TEST_STEP][PASSED] - callTestCase: Call Test Case 'Test Cases/s-sidebar_navigation/individualAccount/operationalDashboard' successfully

2019-04-23 13:35:28 - [TEST_CASE][PASSED] - Test Cases/s-sidebar_navigation/individualAccount/operationalDashboard: Test Cases/s-sidebar_navigation/individualAccount/operationalDashboard

2019-04-23 13:35:28 - [TEST_STEP][PASSED] - click: Object: 'Object Repository/Page_KiboEngage  Subscribers/span_Subscribers' is clicked on

2019-04-23 13:35:28 - [MESSAGE][PASSED] - Object: 'Object Repository/Page_KiboEngage  Subscribers/span_Subscribers' is clicked on

2019-04-23 13:35:28 - [TEST_STEP][PASSED] - click: Object: 'Object Repository/Page_KiboEngage  Subscribers/span_Operational Dashboard (1)' is clicked on

2019-04-23 13:35:29 - [MESSAGE][PASSED] - Object: 'Object Repository/Page_KiboEngage  Subscribers/span_Operational Dashboard (1)' is clicked on

2019-04-23 13:35:29 - [TEST_STEP][PASSED] - scrollToPosition: Browser is scrolled to position x = 0, y = 0

2019-04-23 13:35:30 - [MESSAGE][PASSED] - Browser is scrolled to position x = 0, y = 0

2019-04-23 13:35:30 - [TEST_STEP][PASSED] - click: Object: 'Object Repository/Page_KiboEngage  Operational Dashbo/h3_Pages Info (4)' is clicked on

2019-04-23 13:35:30 - [MESSAGE][PASSED] - Object: 'Object Repository/Page_KiboEngage  Operational Dashbo/h3_Pages Info (4)' is clicked on

2019-04-23 13:35:30 - [MESSAGE][PASSED] - Call Test Case 'Test Cases/s-sidebar_navigation/individualAccount/operationalDashboard' successfully

2019-04-23 13:35:30 - [MESSAGE][PASSED] - Call Test Case 'Test Cases/Operational_Dashboard/Login' successfully

2019-04-23 13:35:30 - [TEST_STEP][PASSED] - delay: Delayed 5 second(s)

2019-04-23 13:35:34 - [MESSAGE][PASSED] - Delayed 5 second(s)

2019-04-23 13:35:34 - [TEST_STEP][PASSED] - Statement - driver = com.kms.katalon.core.webui.driver.DriverFactory.getWebDriver(): null

2019-04-23 13:35:34 - [TEST_STEP][PASSED] - Statement - users = driver.findElements(org.openqa.selenium.By.xpath("//*[@id="content"]/div/div/div/div[2]/div[3]/div[4]/div[2]/div/div[2]/div/div/div/div/div/div/div/div/div")): null

2019-04-23 13:35:34 - [TEST_STEP][PASSED] - Statement - println(users.size()): null

2019-04-23 13:35:34 - [TEST_STEP][PASSED] - verifyEqual: Actual object '10' and expected object '10' are equal

2019-04-23 13:35:34 - [MESSAGE][PASSED] - Actual object '10' and expected object '10' are equal]]></system-out>
         <system-err><![CDATA[]]></system-err>
      </testcase>
      <testcase name="Test Cases/Operational_Dashboard/127" classname="Test Cases/Operational_Dashboard/127" status="FAILED">
         <failure type="FAILED" message="Unable to verify equal between actual object '1' and expected object '5' (Root cause: Actual object '1' and expected object '5' are not equal)"/>
         <system-out><![CDATA[2019-04-23 13:35:34 - [TEST_CASE][FAILED] - Test Cases/Operational_Dashboard/127: Test Cases/Operational_Dashboard/127 FAILED because (of) Unable to verify equal between actual object '1' and expected object '5' (Root cause: Actual object '1' and expected object '5' are not equal)

2019-04-23 13:35:34 - [TEST_STEP][PASSED] - callTestCase: Call Test Case 'Test Cases/Operational_Dashboard/Login' successfully

2019-04-23 13:35:34 - [TEST_CASE][PASSED] - Test Cases/Operational_Dashboard/Login: Test Cases/Operational_Dashboard/Login

2019-04-23 13:35:34 - [TEST_STEP][PASSED] - callTestCase: Call Test Case 'Test Cases/s-sidebar_navigation/individualAccount/operationalDashboard' successfully

2019-04-23 13:35:34 - [TEST_CASE][PASSED] - Test Cases/s-sidebar_navigation/individualAccount/operationalDashboard: Test Cases/s-sidebar_navigation/individualAccount/operationalDashboard

2019-04-23 13:35:34 - [TEST_STEP][PASSED] - click: Object: 'Object Repository/Page_KiboEngage  Subscribers/span_Subscribers' is clicked on

2019-04-23 13:35:35 - [MESSAGE][PASSED] - Object: 'Object Repository/Page_KiboEngage  Subscribers/span_Subscribers' is clicked on

2019-04-23 13:35:35 - [TEST_STEP][PASSED] - click: Object: 'Object Repository/Page_KiboEngage  Subscribers/span_Operational Dashboard (1)' is clicked on

2019-04-23 13:35:35 - [MESSAGE][PASSED] - Object: 'Object Repository/Page_KiboEngage  Subscribers/span_Operational Dashboard (1)' is clicked on

2019-04-23 13:35:35 - [TEST_STEP][PASSED] - scrollToPosition: Browser is scrolled to position x = 0, y = 0

2019-04-23 13:35:35 - [MESSAGE][PASSED] - Browser is scrolled to position x = 0, y = 0

2019-04-23 13:35:35 - [TEST_STEP][PASSED] - click: Object: 'Object Repository/Page_KiboEngage  Operational Dashbo/h3_Pages Info (4)' is clicked on

2019-04-23 13:35:36 - [MESSAGE][PASSED] - Object: 'Object Repository/Page_KiboEngage  Operational Dashbo/h3_Pages Info (4)' is clicked on

2019-04-23 13:35:36 - [MESSAGE][PASSED] - Call Test Case 'Test Cases/s-sidebar_navigation/individualAccount/operationalDashboard' successfully

2019-04-23 13:35:36 - [MESSAGE][PASSED] - Call Test Case 'Test Cases/Operational_Dashboard/Login' successfully

2019-04-23 13:35:36 - [TEST_STEP][PASSED] - delay: Delayed 5 second(s)

2019-04-23 13:35:40 - [MESSAGE][PASSED] - Delayed 5 second(s)

2019-04-23 13:35:40 - [TEST_STEP][PASSED] - setText: Text 'faizan' is set on object 'Object Repository/Page_KiboEngage  Operational Dashbo/input_form-control m-input m-i'

2019-04-23 13:35:41 - [MESSAGE][PASSED] - Text 'faizan' is set on object 'Object Repository/Page_KiboEngage  Operational Dashbo/input_form-control m-input m-i'

2019-04-23 13:35:41 - [TEST_STEP][PASSED] - delay: Delayed 5 second(s)

2019-04-23 13:35:46 - [MESSAGE][PASSED] - Delayed 5 second(s)

2019-04-23 13:35:46 - [TEST_STEP][PASSED] - Statement - driver = com.kms.katalon.core.webui.driver.DriverFactory.getWebDriver(): null

2019-04-23 13:35:46 - [TEST_STEP][PASSED] - Statement - users = driver.findElements(org.openqa.selenium.By.xpath("//*[@id="content"]/div/div/div/div[2]/div[3]/div[4]/div[2]/div/div[2]/div/div/div/div/div/div/div/div/div")): null

2019-04-23 13:35:46 - [TEST_STEP][PASSED] - Statement - println(users.size()): null

2019-04-23 13:35:46 - [TEST_STEP][FAILED] - verifyEqual: Unable to verify equal between actual object '1' and expected object '5' (Root cause: Actual object '1' and expected object '5' are not equal)

2019-04-23 13:35:46 - [MESSAGE][FAILED] - Unable to verify equal between actual object '1' and expected object '5' (Root cause: Actual object '1' and expected object '5' are not equal)]]></system-out>
         <system-err><![CDATA[2019-04-23 13:35:34 - [TEST_CASE][FAILED] - Test Cases/Operational_Dashboard/127: Test Cases/Operational_Dashboard/127 FAILED because (of) Unable to verify equal between actual object '1' and expected object '5' (Root cause: Actual object '1' and expected object '5' are not equal)]]></system-err>
      </testcase>
      <testcase name="Test Cases/Operational_Dashboard/128" classname="Test Cases/Operational_Dashboard/128" status="PASSED">
         <system-out><![CDATA[2019-04-23 13:35:46 - [TEST_CASE][PASSED] - Test Cases/Operational_Dashboard/128: Test Cases/Operational_Dashboard/128

2019-04-23 13:35:46 - [TEST_STEP][PASSED] - callTestCase: Call Test Case 'Test Cases/Operational_Dashboard/Login' successfully

2019-04-23 13:35:46 - [TEST_CASE][PASSED] - Test Cases/Operational_Dashboard/Login: Test Cases/Operational_Dashboard/Login

2019-04-23 13:35:46 - [TEST_STEP][PASSED] - callTestCase: Call Test Case 'Test Cases/s-sidebar_navigation/individualAccount/operationalDashboard' successfully

2019-04-23 13:35:46 - [TEST_CASE][PASSED] - Test Cases/s-sidebar_navigation/individualAccount/operationalDashboard: Test Cases/s-sidebar_navigation/individualAccount/operationalDashboard

2019-04-23 13:35:46 - [TEST_STEP][PASSED] - click: Object: 'Object Repository/Page_KiboEngage  Subscribers/span_Subscribers' is clicked on

2019-04-23 13:35:47 - [MESSAGE][PASSED] - Object: 'Object Repository/Page_KiboEngage  Subscribers/span_Subscribers' is clicked on

2019-04-23 13:35:47 - [TEST_STEP][PASSED] - click: Object: 'Object Repository/Page_KiboEngage  Subscribers/span_Operational Dashboard (1)' is clicked on

2019-04-23 13:35:48 - [MESSAGE][PASSED] - Object: 'Object Repository/Page_KiboEngage  Subscribers/span_Operational Dashboard (1)' is clicked on

2019-04-23 13:35:48 - [TEST_STEP][PASSED] - scrollToPosition: Browser is scrolled to position x = 0, y = 0

2019-04-23 13:35:48 - [MESSAGE][PASSED] - Browser is scrolled to position x = 0, y = 0

2019-04-23 13:35:48 - [TEST_STEP][PASSED] - click: Object: 'Object Repository/Page_KiboEngage  Operational Dashbo/h3_Pages Info (4)' is clicked on

2019-04-23 13:35:49 - [MESSAGE][PASSED] - Object: 'Object Repository/Page_KiboEngage  Operational Dashbo/h3_Pages Info (4)' is clicked on

2019-04-23 13:35:49 - [MESSAGE][PASSED] - Call Test Case 'Test Cases/s-sidebar_navigation/individualAccount/operationalDashboard' successfully

2019-04-23 13:35:49 - [MESSAGE][PASSED] - Call Test Case 'Test Cases/Operational_Dashboard/Login' successfully

2019-04-23 13:35:49 - [TEST_STEP][PASSED] - delay: Delayed 5 second(s)

2019-04-23 13:35:54 - [MESSAGE][PASSED] - Delayed 5 second(s)

2019-04-23 13:35:54 - [TEST_STEP][PASSED] - click: Object: 'Object Repository/Page_KiboEngage  Operational Dashbo/i_flaticon flaticon-more' is clicked on

2019-04-23 13:35:54 - [MESSAGE][PASSED] - Object: 'Object Repository/Page_KiboEngage  Operational Dashbo/i_flaticon flaticon-more' is clicked on

2019-04-23 13:35:54 - [TEST_STEP][PASSED] - selectOptionByValue: All options with value 'male' are selected in object 'Object Repository/Page_KiboEngage  Operational Dashbo/select_Filter by gender...AllM'  using regular expression

2019-04-23 13:35:55 - [MESSAGE][PASSED] - All options with value 'male' are selected in object 'Object Repository/Page_KiboEngage  Operational Dashbo/select_Filter by gender...AllM'  using regular expression

2019-04-23 13:35:55 - [TEST_STEP][PASSED] - delay: Delayed 5 second(s)

2019-04-23 13:36:00 - [MESSAGE][PASSED] - Delayed 5 second(s)

2019-04-23 13:36:00 - [TEST_STEP][PASSED] - verifyTextPresent: Text 'male' is present on page 

2019-04-23 13:36:01 - [MESSAGE][PASSED] - Text 'male' is present on page 

2019-04-23 13:36:01 - [TEST_STEP][PASSED] - verifyTextNotPresent: Text 'female' is not present on page

2019-04-23 13:36:01 - [MESSAGE][PASSED] - Text 'female' is not present on page]]></system-out>
         <system-err><![CDATA[]]></system-err>
      </testcase>
      <testcase name="Test Cases/Operational_Dashboard/129" classname="Test Cases/Operational_Dashboard/129" status="PASSED">
         <system-out><![CDATA[2019-04-23 13:36:01 - [TEST_CASE][PASSED] - Test Cases/Operational_Dashboard/129: Test Cases/Operational_Dashboard/129

2019-04-23 13:36:01 - [TEST_STEP][PASSED] - callTestCase: Call Test Case 'Test Cases/Operational_Dashboard/Login' successfully

2019-04-23 13:36:01 - [TEST_CASE][PASSED] - Test Cases/Operational_Dashboard/Login: Test Cases/Operational_Dashboard/Login

2019-04-23 13:36:01 - [TEST_STEP][PASSED] - callTestCase: Call Test Case 'Test Cases/s-sidebar_navigation/individualAccount/operationalDashboard' successfully

2019-04-23 13:36:01 - [TEST_CASE][PASSED] - Test Cases/s-sidebar_navigation/individualAccount/operationalDashboard: Test Cases/s-sidebar_navigation/individualAccount/operationalDashboard

2019-04-23 13:36:01 - [TEST_STEP][PASSED] - click: Object: 'Object Repository/Page_KiboEngage  Subscribers/span_Subscribers' is clicked on

2019-04-23 13:36:02 - [MESSAGE][PASSED] - Object: 'Object Repository/Page_KiboEngage  Subscribers/span_Subscribers' is clicked on

2019-04-23 13:36:02 - [TEST_STEP][PASSED] - click: Object: 'Object Repository/Page_KiboEngage  Subscribers/span_Operational Dashboard (1)' is clicked on

2019-04-23 13:36:02 - [MESSAGE][PASSED] - Object: 'Object Repository/Page_KiboEngage  Subscribers/span_Operational Dashboard (1)' is clicked on

2019-04-23 13:36:02 - [TEST_STEP][PASSED] - scrollToPosition: Browser is scrolled to position x = 0, y = 0

2019-04-23 13:36:02 - [MESSAGE][PASSED] - Browser is scrolled to position x = 0, y = 0

2019-04-23 13:36:02 - [TEST_STEP][PASSED] - click: Object: 'Object Repository/Page_KiboEngage  Operational Dashbo/h3_Pages Info (4)' is clicked on

2019-04-23 13:36:03 - [MESSAGE][PASSED] - Object: 'Object Repository/Page_KiboEngage  Operational Dashbo/h3_Pages Info (4)' is clicked on

2019-04-23 13:36:03 - [MESSAGE][PASSED] - Call Test Case 'Test Cases/s-sidebar_navigation/individualAccount/operationalDashboard' successfully

2019-04-23 13:36:03 - [MESSAGE][PASSED] - Call Test Case 'Test Cases/Operational_Dashboard/Login' successfully

2019-04-23 13:36:03 - [TEST_STEP][PASSED] - delay: Delayed 5 second(s)

2019-04-23 13:36:08 - [MESSAGE][PASSED] - Delayed 5 second(s)

2019-04-23 13:36:08 - [TEST_STEP][PASSED] - click: Object: 'Object Repository/Page_KiboEngage  Operational Dashbo/i_flaticon flaticon-more (1)' is clicked on

2019-04-23 13:36:08 - [MESSAGE][PASSED] - Object: 'Object Repository/Page_KiboEngage  Operational Dashbo/i_flaticon flaticon-more (1)' is clicked on

2019-04-23 13:36:08 - [TEST_STEP][PASSED] - selectOptionByValue: All options with value 'en_US' are selected in object 'Object Repository/Page_KiboEngage  Operational Dashbo/select_Filter by Locale...ALLe'  using regular expression

2019-04-23 13:36:09 - [MESSAGE][PASSED] - All options with value 'en_US' are selected in object 'Object Repository/Page_KiboEngage  Operational Dashbo/select_Filter by Locale...ALLe'  using regular expression

2019-04-23 13:36:09 - [TEST_STEP][PASSED] - delay: Delayed 5 second(s)

2019-04-23 13:36:14 - [MESSAGE][PASSED] - Delayed 5 second(s)

2019-04-23 13:36:14 - [TEST_STEP][PASSED] - verifyTextPresent: Text 'en_US' is present on page 

2019-04-23 13:36:15 - [MESSAGE][PASSED] - Text 'en_US' is present on page]]></system-out>
         <system-err><![CDATA[]]></system-err>
      </testcase>
      <testcase name="Test Cases/Operational_Dashboard/130" classname="Test Cases/Operational_Dashboard/130" status="FAILED">
         <failure type="FAILED" message="Unable to verify equal between actual object '1' and expected object '5' (Root cause: Actual object '1' and expected object '5' are not equal)"/>
         <system-out><![CDATA[2019-04-23 13:36:15 - [TEST_CASE][FAILED] - Test Cases/Operational_Dashboard/130: Test Cases/Operational_Dashboard/130 FAILED because (of) Unable to verify equal between actual object '1' and expected object '5' (Root cause: Actual object '1' and expected object '5' are not equal)

2019-04-23 13:36:15 - [TEST_STEP][FAILED] - callTestCase: Unable to call Test Case with id 'Test Cases/Operational_Dashboard/127' (Root cause: Call Test Case 'Test Cases/Operational_Dashboard/127' failed)

2019-04-23 13:36:15 - [TEST_CASE][FAILED] - Test Cases/Operational_Dashboard/127: Test Cases/Operational_Dashboard/127 FAILED because (of) Unable to verify equal between actual object '1' and expected object '5' (Root cause: Actual object '1' and expected object '5' are not equal)

2019-04-23 13:36:15 - [TEST_STEP][PASSED] - callTestCase: Call Test Case 'Test Cases/Operational_Dashboard/Login' successfully

2019-04-23 13:36:15 - [TEST_CASE][PASSED] - Test Cases/Operational_Dashboard/Login: Test Cases/Operational_Dashboard/Login

2019-04-23 13:36:15 - [TEST_STEP][PASSED] - callTestCase: Call Test Case 'Test Cases/s-sidebar_navigation/individualAccount/operationalDashboard' successfully

2019-04-23 13:36:15 - [TEST_CASE][PASSED] - Test Cases/s-sidebar_navigation/individualAccount/operationalDashboard: Test Cases/s-sidebar_navigation/individualAccount/operationalDashboard

2019-04-23 13:36:15 - [TEST_STEP][PASSED] - click: Object: 'Object Repository/Page_KiboEngage  Subscribers/span_Subscribers' is clicked on

2019-04-23 13:36:15 - [MESSAGE][PASSED] - Object: 'Object Repository/Page_KiboEngage  Subscribers/span_Subscribers' is clicked on

2019-04-23 13:36:15 - [TEST_STEP][PASSED] - click: Object: 'Object Repository/Page_KiboEngage  Subscribers/span_Operational Dashboard (1)' is clicked on

2019-04-23 13:36:16 - [MESSAGE][PASSED] - Object: 'Object Repository/Page_KiboEngage  Subscribers/span_Operational Dashboard (1)' is clicked on

2019-04-23 13:36:16 - [TEST_STEP][PASSED] - scrollToPosition: Browser is scrolled to position x = 0, y = 0

2019-04-23 13:36:16 - [MESSAGE][PASSED] - Browser is scrolled to position x = 0, y = 0

2019-04-23 13:36:16 - [TEST_STEP][PASSED] - click: Object: 'Object Repository/Page_KiboEngage  Operational Dashbo/h3_Pages Info (4)' is clicked on

2019-04-23 13:36:18 - [MESSAGE][PASSED] - Object: 'Object Repository/Page_KiboEngage  Operational Dashbo/h3_Pages Info (4)' is clicked on

2019-04-23 13:36:18 - [MESSAGE][PASSED] - Call Test Case 'Test Cases/s-sidebar_navigation/individualAccount/operationalDashboard' successfully

2019-04-23 13:36:18 - [MESSAGE][PASSED] - Call Test Case 'Test Cases/Operational_Dashboard/Login' successfully

2019-04-23 13:36:18 - [TEST_STEP][PASSED] - delay: Delayed 5 second(s)

2019-04-23 13:36:23 - [MESSAGE][PASSED] - Delayed 5 second(s)

2019-04-23 13:36:23 - [TEST_STEP][PASSED] - setText: Text 'faizan' is set on object 'Object Repository/Page_KiboEngage  Operational Dashbo/input_form-control m-input m-i'

2019-04-23 13:36:24 - [MESSAGE][PASSED] - Text 'faizan' is set on object 'Object Repository/Page_KiboEngage  Operational Dashbo/input_form-control m-input m-i'

2019-04-23 13:36:24 - [TEST_STEP][PASSED] - delay: Delayed 5 second(s)

2019-04-23 13:36:29 - [MESSAGE][PASSED] - Delayed 5 second(s)

2019-04-23 13:36:29 - [TEST_STEP][PASSED] - Statement - driver = com.kms.katalon.core.webui.driver.DriverFactory.getWebDriver(): null

2019-04-23 13:36:29 - [TEST_STEP][PASSED] - Statement - users = driver.findElements(org.openqa.selenium.By.xpath("//*[@id="content"]/div/div/div/div[2]/div[3]/div[4]/div[2]/div/div[2]/div/div/div/div/div/div/div/div/div")): null

2019-04-23 13:36:29 - [TEST_STEP][PASSED] - Statement - println(users.size()): null

2019-04-23 13:36:29 - [TEST_STEP][FAILED] - verifyEqual: Unable to verify equal between actual object '1' and expected object '5' (Root cause: Actual object '1' and expected object '5' are not equal)

2019-04-23 13:36:29 - [MESSAGE][FAILED] - Unable to verify equal between actual object '1' and expected object '5' (Root cause: Actual object '1' and expected object '5' are not equal)

2019-04-23 13:36:29 - [MESSAGE][FAILED] - Unable to call Test Case with id 'Test Cases/Operational_Dashboard/127' (Root cause: Call Test Case 'Test Cases/Operational_Dashboard/127' failed)]]></system-out>
         <system-err><![CDATA[2019-04-23 13:36:15 - [TEST_CASE][FAILED] - Test Cases/Operational_Dashboard/130: Test Cases/Operational_Dashboard/130 FAILED because (of) Unable to verify equal between actual object '1' and expected object '5' (Root cause: Actual object '1' and expected object '5' are not equal)]]></system-err>
      </testcase>
      <testcase name="Test Cases/Operational_Dashboard/133" classname="Test Cases/Operational_Dashboard/133" status="PASSED">
         <system-out><![CDATA[2019-04-23 13:36:29 - [TEST_CASE][PASSED] - Test Cases/Operational_Dashboard/133: Test Cases/Operational_Dashboard/133

2019-04-23 13:36:29 - [TEST_STEP][PASSED] - callTestCase: Call Test Case 'Test Cases/Operational_Dashboard/Login' successfully

2019-04-23 13:36:29 - [TEST_CASE][PASSED] - Test Cases/Operational_Dashboard/Login: Test Cases/Operational_Dashboard/Login

2019-04-23 13:36:29 - [TEST_STEP][PASSED] - callTestCase: Call Test Case 'Test Cases/s-sidebar_navigation/individualAccount/operationalDashboard' successfully

2019-04-23 13:36:29 - [TEST_CASE][PASSED] - Test Cases/s-sidebar_navigation/individualAccount/operationalDashboard: Test Cases/s-sidebar_navigation/individualAccount/operationalDashboard

2019-04-23 13:36:29 - [TEST_STEP][PASSED] - click: Object: 'Object Repository/Page_KiboEngage  Subscribers/span_Subscribers' is clicked on

2019-04-23 13:36:30 - [MESSAGE][PASSED] - Object: 'Object Repository/Page_KiboEngage  Subscribers/span_Subscribers' is clicked on

2019-04-23 13:36:30 - [TEST_STEP][PASSED] - click: Object: 'Object Repository/Page_KiboEngage  Subscribers/span_Operational Dashboard (1)' is clicked on

2019-04-23 13:36:32 - [MESSAGE][PASSED] - Object: 'Object Repository/Page_KiboEngage  Subscribers/span_Operational Dashboard (1)' is clicked on

2019-04-23 13:36:32 - [TEST_STEP][PASSED] - scrollToPosition: Browser is scrolled to position x = 0, y = 0

2019-04-23 13:36:32 - [MESSAGE][PASSED] - Browser is scrolled to position x = 0, y = 0

2019-04-23 13:36:32 - [TEST_STEP][PASSED] - click: Object: 'Object Repository/Page_KiboEngage  Operational Dashbo/h3_Pages Info (4)' is clicked on

2019-04-23 13:36:33 - [MESSAGE][PASSED] - Object: 'Object Repository/Page_KiboEngage  Operational Dashbo/h3_Pages Info (4)' is clicked on

2019-04-23 13:36:33 - [MESSAGE][PASSED] - Call Test Case 'Test Cases/s-sidebar_navigation/individualAccount/operationalDashboard' successfully

2019-04-23 13:36:33 - [MESSAGE][PASSED] - Call Test Case 'Test Cases/Operational_Dashboard/Login' successfully

2019-04-23 13:36:33 - [TEST_STEP][PASSED] - delay: Delayed 5 second(s)

2019-04-23 13:36:38 - [MESSAGE][PASSED] - Delayed 5 second(s)

2019-04-23 13:36:38 - [TEST_STEP][PASSED] - Statement - driver = com.kms.katalon.core.webui.driver.DriverFactory.getWebDriver(): null

2019-04-23 13:36:38 - [TEST_STEP][PASSED] - Statement - load_users = driver.findElement(org.openqa.selenium.By.xpath("//*[@id="assignTag"]")): null

2019-04-23 13:36:38 - [TEST_STEP][PASSED] - Statement - load_users.click(): null

2019-04-23 13:36:38 - [TEST_STEP][PASSED] - delay: Delayed 5 second(s)

2019-04-23 13:36:43 - [MESSAGE][PASSED] - Delayed 5 second(s)

2019-04-23 13:36:43 - [TEST_STEP][PASSED] - Statement - users = driver.findElements(org.openqa.selenium.By.xpath("//*[@id="content"]/div/div/div/div[2]/div[3]/div[4]/div[2]/div/div[2]/div/div/div/div/div/div/div/div/div")): null

2019-04-23 13:36:43 - [TEST_STEP][PASSED] - verifyGreaterThan: Actual number '20' is greater than expected number '10'

2019-04-23 13:36:43 - [MESSAGE][PASSED] - Actual number '20' is greater than expected number '10']]></system-out>
         <system-err><![CDATA[]]></system-err>
      </testcase>
      <testcase name="Test Cases/Operational_Dashboard/134" classname="Test Cases/Operational_Dashboard/134" status="PASSED">
         <system-out><![CDATA[2019-04-23 13:36:43 - [TEST_CASE][PASSED] - Test Cases/Operational_Dashboard/134: Test Cases/Operational_Dashboard/134

2019-04-23 13:36:43 - [TEST_STEP][PASSED] - callTestCase: Call Test Case 'Test Cases/Operational_Dashboard/Login' successfully

2019-04-23 13:36:43 - [TEST_CASE][PASSED] - Test Cases/Operational_Dashboard/Login: Test Cases/Operational_Dashboard/Login

2019-04-23 13:36:43 - [TEST_STEP][PASSED] - callTestCase: Call Test Case 'Test Cases/s-sidebar_navigation/individualAccount/operationalDashboard' successfully

2019-04-23 13:36:43 - [TEST_CASE][PASSED] - Test Cases/s-sidebar_navigation/individualAccount/operationalDashboard: Test Cases/s-sidebar_navigation/individualAccount/operationalDashboard

2019-04-23 13:36:43 - [TEST_STEP][PASSED] - click: Object: 'Object Repository/Page_KiboEngage  Subscribers/span_Subscribers' is clicked on

2019-04-23 13:36:44 - [MESSAGE][PASSED] - Object: 'Object Repository/Page_KiboEngage  Subscribers/span_Subscribers' is clicked on

2019-04-23 13:36:44 - [TEST_STEP][PASSED] - click: Object: 'Object Repository/Page_KiboEngage  Subscribers/span_Operational Dashboard (1)' is clicked on

2019-04-23 13:36:44 - [MESSAGE][PASSED] - Object: 'Object Repository/Page_KiboEngage  Subscribers/span_Operational Dashboard (1)' is clicked on

2019-04-23 13:36:44 - [TEST_STEP][PASSED] - scrollToPosition: Browser is scrolled to position x = 0, y = 0

2019-04-23 13:36:44 - [MESSAGE][PASSED] - Browser is scrolled to position x = 0, y = 0

2019-04-23 13:36:44 - [TEST_STEP][PASSED] - click: Object: 'Object Repository/Page_KiboEngage  Operational Dashbo/h3_Pages Info (4)' is clicked on

2019-04-23 13:36:44 - [MESSAGE][PASSED] - Object: 'Object Repository/Page_KiboEngage  Operational Dashbo/h3_Pages Info (4)' is clicked on

2019-04-23 13:36:44 - [MESSAGE][PASSED] - Call Test Case 'Test Cases/s-sidebar_navigation/individualAccount/operationalDashboard' successfully

2019-04-23 13:36:44 - [MESSAGE][PASSED] - Call Test Case 'Test Cases/Operational_Dashboard/Login' successfully

2019-04-23 13:36:44 - [TEST_STEP][PASSED] - delay: Delayed 5 second(s)

2019-04-23 13:36:49 - [MESSAGE][PASSED] - Delayed 5 second(s)

2019-04-23 13:36:49 - [TEST_STEP][PASSED] - click: Object: 'Object Repository/Page_KiboEngage  Operational Dashbo/button_See more' is clicked on

2019-04-23 13:36:50 - [MESSAGE][PASSED] - Object: 'Object Repository/Page_KiboEngage  Operational Dashbo/button_See more' is clicked on

2019-04-23 13:36:50 - [TEST_STEP][PASSED] - delay: Delayed 1 second(s)

2019-04-23 13:36:51 - [MESSAGE][PASSED] - Delayed 1 second(s)

2019-04-23 13:36:51 - [TEST_STEP][PASSED] - scrollToPosition: Browser is scrolled to position x = 0, y = 0

2019-04-23 13:36:51 - [MESSAGE][PASSED] - Browser is scrolled to position x = 0, y = 0

2019-04-23 13:36:51 - [TEST_STEP][PASSED] - verifyTextPresent: Text 'Pages' is present on page 

2019-04-23 13:36:51 - [MESSAGE][PASSED] - Text 'Pages' is present on page 

2019-04-23 13:36:51 - [TEST_STEP][PASSED] - verifyTextPresent: Text 'Broadcasts' is present on page 

2019-04-23 13:36:51 - [MESSAGE][PASSED] - Text 'Broadcasts' is present on page 

2019-04-23 13:36:51 - [TEST_STEP][PASSED] - verifyTextPresent: Text 'Surveys' is present on page 

2019-04-23 13:36:52 - [MESSAGE][PASSED] - Text 'Surveys' is present on page 

2019-04-23 13:36:52 - [TEST_STEP][PASSED] - verifyTextPresent: Text 'Polls' is present on page 

2019-04-23 13:36:52 - [MESSAGE][PASSED] - Text 'Polls' is present on page]]></system-out>
         <system-err><![CDATA[]]></system-err>
      </testcase>
      <testcase name="Test Cases/Operational_Dashboard/135" classname="Test Cases/Operational_Dashboard/135" status="PASSED">
         <system-out><![CDATA[2019-04-23 13:36:52 - [TEST_CASE][PASSED] - Test Cases/Operational_Dashboard/135: Test Cases/Operational_Dashboard/135

2019-04-23 13:36:52 - [TEST_STEP][PASSED] - callTestCase: Call Test Case 'Test Cases/Operational_Dashboard/Login' successfully

2019-04-23 13:36:53 - [TEST_CASE][PASSED] - Test Cases/Operational_Dashboard/Login: Test Cases/Operational_Dashboard/Login

2019-04-23 13:36:53 - [TEST_STEP][PASSED] - callTestCase: Call Test Case 'Test Cases/s-sidebar_navigation/individualAccount/operationalDashboard' successfully

2019-04-23 13:36:53 - [TEST_CASE][PASSED] - Test Cases/s-sidebar_navigation/individualAccount/operationalDashboard: Test Cases/s-sidebar_navigation/individualAccount/operationalDashboard

2019-04-23 13:36:53 - [TEST_STEP][PASSED] - click: Object: 'Object Repository/Page_KiboEngage  Subscribers/span_Subscribers' is clicked on

2019-04-23 13:36:53 - [MESSAGE][PASSED] - Object: 'Object Repository/Page_KiboEngage  Subscribers/span_Subscribers' is clicked on

2019-04-23 13:36:53 - [TEST_STEP][PASSED] - click: Object: 'Object Repository/Page_KiboEngage  Subscribers/span_Operational Dashboard (1)' is clicked on

2019-04-23 13:36:54 - [MESSAGE][PASSED] - Object: 'Object Repository/Page_KiboEngage  Subscribers/span_Operational Dashboard (1)' is clicked on

2019-04-23 13:36:54 - [TEST_STEP][PASSED] - scrollToPosition: Browser is scrolled to position x = 0, y = 0

2019-04-23 13:36:54 - [MESSAGE][PASSED] - Browser is scrolled to position x = 0, y = 0

2019-04-23 13:36:54 - [TEST_STEP][PASSED] - click: Object: 'Object Repository/Page_KiboEngage  Operational Dashbo/h3_Pages Info (4)' is clicked on

2019-04-23 13:36:55 - [MESSAGE][PASSED] - Object: 'Object Repository/Page_KiboEngage  Operational Dashbo/h3_Pages Info (4)' is clicked on

2019-04-23 13:36:55 - [MESSAGE][PASSED] - Call Test Case 'Test Cases/s-sidebar_navigation/individualAccount/operationalDashboard' successfully

2019-04-23 13:36:55 - [MESSAGE][PASSED] - Call Test Case 'Test Cases/Operational_Dashboard/Login' successfully

2019-04-23 13:36:55 - [TEST_STEP][PASSED] - delay: Delayed 2 second(s)

2019-04-23 13:36:57 - [MESSAGE][PASSED] - Delayed 2 second(s)

2019-04-23 13:36:57 - [TEST_STEP][PASSED] - setText: Text 'Muzamil Bukhari' is set on object 'Object Repository/Page_KiboEngage  Operational Dashbo/input_form-control m-input m-i'

2019-04-23 13:36:59 - [MESSAGE][PASSED] - Text 'Muzamil Bukhari' is set on object 'Object Repository/Page_KiboEngage  Operational Dashbo/input_form-control m-input m-i'

2019-04-23 13:36:59 - [TEST_STEP][PASSED] - delay: Delayed 5 second(s)

2019-04-23 13:37:04 - [MESSAGE][PASSED] - Delayed 5 second(s)

2019-04-23 13:37:04 - [TEST_STEP][PASSED] - click: Object: 'Object Repository/Page_KiboEngage  Operational Dashbo/button_See more' is clicked on

2019-04-23 13:37:04 - [MESSAGE][PASSED] - Object: 'Object Repository/Page_KiboEngage  Operational Dashbo/button_See more' is clicked on

2019-04-23 13:37:04 - [TEST_STEP][PASSED] - delay: Delayed 1 second(s)

2019-04-23 13:37:05 - [MESSAGE][PASSED] - Delayed 1 second(s)

2019-04-23 13:37:05 - [TEST_STEP][PASSED] - scrollToPosition: Browser is scrolled to position x = 0, y = 0

2019-04-23 13:37:05 - [MESSAGE][PASSED] - Browser is scrolled to position x = 0, y = 0

2019-04-23 13:37:05 - [TEST_STEP][PASSED] - delay: Delayed 5 second(s)

2019-04-23 13:37:10 - [MESSAGE][PASSED] - Delayed 5 second(s)

2019-04-23 13:37:10 - [TEST_STEP][PASSED] - Statement - driver = com.kms.katalon.core.webui.driver.DriverFactory.getWebDriver(): null

2019-04-23 13:37:10 - [TEST_STEP][PASSED] - Statement - Table = driver.findElement(org.openqa.selenium.By.xpath("//table/tbody")): null

2019-04-23 13:37:10 - [TEST_STEP][PASSED] - Statement - rows_table = Table.findElements(org.openqa.selenium.By.tagName("tr")): null

2019-04-23 13:37:11 - [TEST_STEP][PASSED] - Statement - rows_count = rows_table.size(): null

2019-04-23 13:37:11 - [TEST_STEP][PASSED] - verifyGreaterThanOrEqual: Actual number '5' is greater than or equal to expected number '1'

2019-04-23 13:37:11 - [MESSAGE][PASSED] - Actual number '5' is greater than or equal to expected number '1']]></system-out>
         <system-err><![CDATA[]]></system-err>
      </testcase>
      <testcase name="Test Cases/Operational_Dashboard/136" classname="Test Cases/Operational_Dashboard/136" status="ERROR">
         <error type="ERROR" message="Test Cases/Operational_Dashboard/136 FAILED because (of) org.openqa.selenium.NoSuchElementException: no such element: Unable to locate element: {&quot;method&quot;:&quot;xpath&quot;,&quot;selector&quot;:&quot;//*[@id=&quot;ajax_data&quot;]/ul/li[5]/a&quot;}
  (Session info: chrome=73.0.3683.103)
  (Driver info: chromedriver=2.35.528161 (5b82f2d2aae0ca24b877009200ced9065a772e73),platform=Windows NT 10.0.17134 x86_64) (WARNING: The server did not provide any stacktrace information)
Command duration or timeout: 0 milliseconds
For documentation on this error, please visit: http://seleniumhq.org/exceptions/no_such_element.html
Build info: version: '3.7.1', revision: '8a0099a', time: '2017-11-06T21:07:36.161Z'
System info: host: 'DESKTOP-4M6R1V0', ip: '10.0.2.15', os.name: 'Windows 10', os.arch: 'amd64', os.version: '10.0', java.version: '1.8.0_181'
Driver info: com.kms.katalon.selenium.driver.CChromeDriver
Capabilities {acceptInsecureCerts: false, acceptSslCerts: false, applicationCacheEnabled: false, browserConnectionEnabled: false, browserName: chrome, chrome: {chromedriverVersion: 2.35.528161 (5b82f2d2aae0ca..., userDataDir: C:\Users\CLOUDK~1\AppData\L...}, cssSelectorsEnabled: true, databaseEnabled: false, handlesAlerts: true, hasTouchScreen: false, javascriptEnabled: true, locationContextEnabled: true, mobileEmulationEnabled: false, nativeEvents: true, networkConnectionEnabled: false, pageLoadStrategy: normal, platform: XP, platformName: XP, rotatable: false, setWindowRect: true, takesHeapSnapshot: true, takesScreenshot: true, unexpectedAlertBehaviour: , unhandledPromptBehavior: , version: 73.0.3683.103, webStorageEnabled: true}
Session ID: ae7ac81a27217d85a737906aaf9c07ba
*** Element info: {Using=xpath, value=//*[@id=&quot;ajax_data&quot;]/ul/li[5]/a}"/>
         <system-out><![CDATA[2019-04-23 13:37:11 - [TEST_CASE][ERROR] - Test Cases/Operational_Dashboard/136: Test Cases/Operational_Dashboard/136 FAILED because (of) org.openqa.selenium.NoSuchElementException: no such element: Unable to locate element: {"method":"xpath","selector":"//*[@id="ajax_data"]/ul/li[5]/a"}
  (Session info: chrome=73.0.3683.103)
  (Driver info: chromedriver=2.35.528161 (5b82f2d2aae0ca24b877009200ced9065a772e73),platform=Windows NT 10.0.17134 x86_64) (WARNING: The server did not provide any stacktrace information)
Command duration or timeout: 0 milliseconds
For documentation on this error, please visit: http://seleniumhq.org/exceptions/no_such_element.html
Build info: version: '3.7.1', revision: '8a0099a', time: '2017-11-06T21:07:36.161Z'
System info: host: 'DESKTOP-4M6R1V0', ip: '10.0.2.15', os.name: 'Windows 10', os.arch: 'amd64', os.version: '10.0', java.version: '1.8.0_181'
Driver info: com.kms.katalon.selenium.driver.CChromeDriver
Capabilities {acceptInsecureCerts: false, acceptSslCerts: false, applicationCacheEnabled: false, browserConnectionEnabled: false, browserName: chrome, chrome: {chromedriverVersion: 2.35.528161 (5b82f2d2aae0ca..., userDataDir: C:\Users\CLOUDK~1\AppData\L...}, cssSelectorsEnabled: true, databaseEnabled: false, handlesAlerts: true, hasTouchScreen: false, javascriptEnabled: true, locationContextEnabled: true, mobileEmulationEnabled: false, nativeEvents: true, networkConnectionEnabled: false, pageLoadStrategy: normal, platform: XP, platformName: XP, rotatable: false, setWindowRect: true, takesHeapSnapshot: true, takesScreenshot: true, unexpectedAlertBehaviour: , unhandledPromptBehavior: , version: 73.0.3683.103, webStorageEnabled: true}
Session ID: ae7ac81a27217d85a737906aaf9c07ba
*** Element info: {Using=xpath, value=//*[@id="ajax_data"]/ul/li[5]/a}

2019-04-23 13:37:11 - [TEST_STEP][PASSED] - callTestCase: Call Test Case 'Test Cases/Operational_Dashboard/135' successfully

2019-04-23 13:37:11 - [TEST_CASE][PASSED] - Test Cases/Operational_Dashboard/135: Test Cases/Operational_Dashboard/135

2019-04-23 13:37:11 - [TEST_STEP][PASSED] - callTestCase: Call Test Case 'Test Cases/Operational_Dashboard/Login' successfully

2019-04-23 13:37:11 - [TEST_CASE][PASSED] - Test Cases/Operational_Dashboard/Login: Test Cases/Operational_Dashboard/Login

2019-04-23 13:37:11 - [TEST_STEP][PASSED] - callTestCase: Call Test Case 'Test Cases/s-sidebar_navigation/individualAccount/operationalDashboard' successfully

2019-04-23 13:37:11 - [TEST_CASE][PASSED] - Test Cases/s-sidebar_navigation/individualAccount/operationalDashboard: Test Cases/s-sidebar_navigation/individualAccount/operationalDashboard

2019-04-23 13:37:11 - [TEST_STEP][PASSED] - click: Object: 'Object Repository/Page_KiboEngage  Subscribers/span_Subscribers' is clicked on

2019-04-23 13:37:12 - [MESSAGE][PASSED] - Object: 'Object Repository/Page_KiboEngage  Subscribers/span_Subscribers' is clicked on

2019-04-23 13:37:12 - [TEST_STEP][PASSED] - click: Object: 'Object Repository/Page_KiboEngage  Subscribers/span_Operational Dashboard (1)' is clicked on

2019-04-23 13:37:12 - [MESSAGE][PASSED] - Object: 'Object Repository/Page_KiboEngage  Subscribers/span_Operational Dashboard (1)' is clicked on

2019-04-23 13:37:12 - [TEST_STEP][PASSED] - scrollToPosition: Browser is scrolled to position x = 0, y = 0

2019-04-23 13:37:13 - [MESSAGE][PASSED] - Browser is scrolled to position x = 0, y = 0

2019-04-23 13:37:13 - [TEST_STEP][PASSED] - click: Object: 'Object Repository/Page_KiboEngage  Operational Dashbo/h3_Pages Info (4)' is clicked on

2019-04-23 13:37:13 - [MESSAGE][PASSED] - Object: 'Object Repository/Page_KiboEngage  Operational Dashbo/h3_Pages Info (4)' is clicked on

2019-04-23 13:37:13 - [MESSAGE][PASSED] - Call Test Case 'Test Cases/s-sidebar_navigation/individualAccount/operationalDashboard' successfully

2019-04-23 13:37:13 - [MESSAGE][PASSED] - Call Test Case 'Test Cases/Operational_Dashboard/Login' successfully

2019-04-23 13:37:13 - [TEST_STEP][PASSED] - delay: Delayed 2 second(s)

2019-04-23 13:37:15 - [MESSAGE][PASSED] - Delayed 2 second(s)

2019-04-23 13:37:15 - [TEST_STEP][PASSED] - setText: Text 'Muzamil Bukhari' is set on object 'Object Repository/Page_KiboEngage  Operational Dashbo/input_form-control m-input m-i'

2019-04-23 13:37:16 - [MESSAGE][PASSED] - Text 'Muzamil Bukhari' is set on object 'Object Repository/Page_KiboEngage  Operational Dashbo/input_form-control m-input m-i'

2019-04-23 13:37:16 - [TEST_STEP][PASSED] - delay: Delayed 5 second(s)

2019-04-23 13:37:21 - [MESSAGE][PASSED] - Delayed 5 second(s)

2019-04-23 13:37:21 - [TEST_STEP][PASSED] - click: Object: 'Object Repository/Page_KiboEngage  Operational Dashbo/button_See more' is clicked on

2019-04-23 13:37:22 - [MESSAGE][PASSED] - Object: 'Object Repository/Page_KiboEngage  Operational Dashbo/button_See more' is clicked on

2019-04-23 13:37:22 - [TEST_STEP][PASSED] - delay: Delayed 1 second(s)

2019-04-23 13:37:23 - [MESSAGE][PASSED] - Delayed 1 second(s)

2019-04-23 13:37:23 - [TEST_STEP][PASSED] - scrollToPosition: Browser is scrolled to position x = 0, y = 0

2019-04-23 13:37:23 - [MESSAGE][PASSED] - Browser is scrolled to position x = 0, y = 0

2019-04-23 13:37:23 - [TEST_STEP][PASSED] - delay: Delayed 5 second(s)

2019-04-23 13:37:28 - [MESSAGE][PASSED] - Delayed 5 second(s)

2019-04-23 13:37:28 - [TEST_STEP][PASSED] - Statement - driver = com.kms.katalon.core.webui.driver.DriverFactory.getWebDriver(): null

2019-04-23 13:37:28 - [TEST_STEP][PASSED] - Statement - Table = driver.findElement(org.openqa.selenium.By.xpath("//table/tbody")): null

2019-04-23 13:37:28 - [TEST_STEP][PASSED] - Statement - rows_table = Table.findElements(org.openqa.selenium.By.tagName("tr")): null

2019-04-23 13:37:28 - [TEST_STEP][PASSED] - Statement - rows_count = rows_table.size(): null

2019-04-23 13:37:28 - [TEST_STEP][PASSED] - verifyGreaterThanOrEqual: Actual number '5' is greater than or equal to expected number '1'

2019-04-23 13:37:28 - [MESSAGE][PASSED] - Actual number '5' is greater than or equal to expected number '1'

2019-04-23 13:37:28 - [MESSAGE][PASSED] - Call Test Case 'Test Cases/Operational_Dashboard/135' successfully

2019-04-23 13:37:28 - [TEST_STEP][PASSED] - Statement - driver = com.kms.katalon.core.webui.driver.DriverFactory.getWebDriver(): null

2019-04-23 13:37:28 - [TEST_STEP][PASSED] - Statement - next = driver.findElement(org.openqa.selenium.By.xpath("//*[@id="ajax_data"]/ul/li[5]/a")): null]]></system-out>
         <system-err><![CDATA[2019-04-23 13:37:11 - [TEST_CASE][ERROR] - Test Cases/Operational_Dashboard/136: Test Cases/Operational_Dashboard/136 FAILED because (of) org.openqa.selenium.NoSuchElementException: no such element: Unable to locate element: {"method":"xpath","selector":"//*[@id="ajax_data"]/ul/li[5]/a"}
  (Session info: chrome=73.0.3683.103)
  (Driver info: chromedriver=2.35.528161 (5b82f2d2aae0ca24b877009200ced9065a772e73),platform=Windows NT 10.0.17134 x86_64) (WARNING: The server did not provide any stacktrace information)
Command duration or timeout: 0 milliseconds
For documentation on this error, please visit: http://seleniumhq.org/exceptions/no_such_element.html
Build info: version: '3.7.1', revision: '8a0099a', time: '2017-11-06T21:07:36.161Z'
System info: host: 'DESKTOP-4M6R1V0', ip: '10.0.2.15', os.name: 'Windows 10', os.arch: 'amd64', os.version: '10.0', java.version: '1.8.0_181'
Driver info: com.kms.katalon.selenium.driver.CChromeDriver
Capabilities {acceptInsecureCerts: false, acceptSslCerts: false, applicationCacheEnabled: false, browserConnectionEnabled: false, browserName: chrome, chrome: {chromedriverVersion: 2.35.528161 (5b82f2d2aae0ca..., userDataDir: C:\Users\CLOUDK~1\AppData\L...}, cssSelectorsEnabled: true, databaseEnabled: false, handlesAlerts: true, hasTouchScreen: false, javascriptEnabled: true, locationContextEnabled: true, mobileEmulationEnabled: false, nativeEvents: true, networkConnectionEnabled: false, pageLoadStrategy: normal, platform: XP, platformName: XP, rotatable: false, setWindowRect: true, takesHeapSnapshot: true, takesScreenshot: true, unexpectedAlertBehaviour: , unhandledPromptBehavior: , version: 73.0.3683.103, webStorageEnabled: true}
Session ID: ae7ac81a27217d85a737906aaf9c07ba
*** Element info: {Using=xpath, value=//*[@id="ajax_data"]/ul/li[5]/a}]]></system-err>
      </testcase>
      <testcase name="Test Cases/Operational_Dashboard/137" classname="Test Cases/Operational_Dashboard/137" status="ERROR">
         <error type="ERROR" message="Test Cases/Operational_Dashboard/137 FAILED because (of) org.openqa.selenium.NoSuchElementException: no such element: Unable to locate element: {&quot;method&quot;:&quot;xpath&quot;,&quot;selector&quot;:&quot;//*[@id=&quot;ajax_data&quot;]/ul/li[5]/a&quot;}
  (Session info: chrome=73.0.3683.103)
  (Driver info: chromedriver=2.35.528161 (5b82f2d2aae0ca24b877009200ced9065a772e73),platform=Windows NT 10.0.17134 x86_64) (WARNING: The server did not provide any stacktrace information)
Command duration or timeout: 0 milliseconds
For documentation on this error, please visit: http://seleniumhq.org/exceptions/no_such_element.html
Build info: version: '3.7.1', revision: '8a0099a', time: '2017-11-06T21:07:36.161Z'
System info: host: 'DESKTOP-4M6R1V0', ip: '10.0.2.15', os.name: 'Windows 10', os.arch: 'amd64', os.version: '10.0', java.version: '1.8.0_181'
Driver info: com.kms.katalon.selenium.driver.CChromeDriver
Capabilities {acceptInsecureCerts: false, acceptSslCerts: false, applicationCacheEnabled: false, browserConnectionEnabled: false, browserName: chrome, chrome: {chromedriverVersion: 2.35.528161 (5b82f2d2aae0ca..., userDataDir: C:\Users\CLOUDK~1\AppData\L...}, cssSelectorsEnabled: true, databaseEnabled: false, handlesAlerts: true, hasTouchScreen: false, javascriptEnabled: true, locationContextEnabled: true, mobileEmulationEnabled: false, nativeEvents: true, networkConnectionEnabled: false, pageLoadStrategy: normal, platform: XP, platformName: XP, rotatable: false, setWindowRect: true, takesHeapSnapshot: true, takesScreenshot: true, unexpectedAlertBehaviour: , unhandledPromptBehavior: , version: 73.0.3683.103, webStorageEnabled: true}
Session ID: ae7ac81a27217d85a737906aaf9c07ba
*** Element info: {Using=xpath, value=//*[@id=&quot;ajax_data&quot;]/ul/li[5]/a}"/>
         <system-out><![CDATA[2019-04-23 13:37:28 - [TEST_CASE][ERROR] - Test Cases/Operational_Dashboard/137: Test Cases/Operational_Dashboard/137 FAILED because (of) org.openqa.selenium.NoSuchElementException: no such element: Unable to locate element: {"method":"xpath","selector":"//*[@id="ajax_data"]/ul/li[5]/a"}
  (Session info: chrome=73.0.3683.103)
  (Driver info: chromedriver=2.35.528161 (5b82f2d2aae0ca24b877009200ced9065a772e73),platform=Windows NT 10.0.17134 x86_64) (WARNING: The server did not provide any stacktrace information)
Command duration or timeout: 0 milliseconds
For documentation on this error, please visit: http://seleniumhq.org/exceptions/no_such_element.html
Build info: version: '3.7.1', revision: '8a0099a', time: '2017-11-06T21:07:36.161Z'
System info: host: 'DESKTOP-4M6R1V0', ip: '10.0.2.15', os.name: 'Windows 10', os.arch: 'amd64', os.version: '10.0', java.version: '1.8.0_181'
Driver info: com.kms.katalon.selenium.driver.CChromeDriver
Capabilities {acceptInsecureCerts: false, acceptSslCerts: false, applicationCacheEnabled: false, browserConnectionEnabled: false, browserName: chrome, chrome: {chromedriverVersion: 2.35.528161 (5b82f2d2aae0ca..., userDataDir: C:\Users\CLOUDK~1\AppData\L...}, cssSelectorsEnabled: true, databaseEnabled: false, handlesAlerts: true, hasTouchScreen: false, javascriptEnabled: true, locationContextEnabled: true, mobileEmulationEnabled: false, nativeEvents: true, networkConnectionEnabled: false, pageLoadStrategy: normal, platform: XP, platformName: XP, rotatable: false, setWindowRect: true, takesHeapSnapshot: true, takesScreenshot: true, unexpectedAlertBehaviour: , unhandledPromptBehavior: , version: 73.0.3683.103, webStorageEnabled: true}
Session ID: ae7ac81a27217d85a737906aaf9c07ba
*** Element info: {Using=xpath, value=//*[@id="ajax_data"]/ul/li[5]/a}

2019-04-23 13:37:28 - [TEST_STEP][FAILED] - callTestCase: Unable to call Test Case with id 'Test Cases/Operational_Dashboard/136' (Root cause: Call Test Case 'Test Cases/Operational_Dashboard/136' failed because of error(s))

2019-04-23 13:37:28 - [TEST_CASE][ERROR] - Test Cases/Operational_Dashboard/136: Test Cases/Operational_Dashboard/136 FAILED because (of) org.openqa.selenium.NoSuchElementException: no such element: Unable to locate element: {"method":"xpath","selector":"//*[@id="ajax_data"]/ul/li[5]/a"}
  (Session info: chrome=73.0.3683.103)
  (Driver info: chromedriver=2.35.528161 (5b82f2d2aae0ca24b877009200ced9065a772e73),platform=Windows NT 10.0.17134 x86_64) (WARNING: The server did not provide any stacktrace information)
Command duration or timeout: 0 milliseconds
For documentation on this error, please visit: http://seleniumhq.org/exceptions/no_such_element.html
Build info: version: '3.7.1', revision: '8a0099a', time: '2017-11-06T21:07:36.161Z'
System info: host: 'DESKTOP-4M6R1V0', ip: '10.0.2.15', os.name: 'Windows 10', os.arch: 'amd64', os.version: '10.0', java.version: '1.8.0_181'
Driver info: com.kms.katalon.selenium.driver.CChromeDriver
Capabilities {acceptInsecureCerts: false, acceptSslCerts: false, applicationCacheEnabled: false, browserConnectionEnabled: false, browserName: chrome, chrome: {chromedriverVersion: 2.35.528161 (5b82f2d2aae0ca..., userDataDir: C:\Users\CLOUDK~1\AppData\L...}, cssSelectorsEnabled: true, databaseEnabled: false, handlesAlerts: true, hasTouchScreen: false, javascriptEnabled: true, locationContextEnabled: true, mobileEmulationEnabled: false, nativeEvents: true, networkConnectionEnabled: false, pageLoadStrategy: normal, platform: XP, platformName: XP, rotatable: false, setWindowRect: true, takesHeapSnapshot: true, takesScreenshot: true, unexpectedAlertBehaviour: , unhandledPromptBehavior: , version: 73.0.3683.103, webStorageEnabled: true}
Session ID: ae7ac81a27217d85a737906aaf9c07ba
*** Element info: {Using=xpath, value=//*[@id="ajax_data"]/ul/li[5]/a}

2019-04-23 13:37:28 - [TEST_STEP][PASSED] - callTestCase: Call Test Case 'Test Cases/Operational_Dashboard/135' successfully

2019-04-23 13:37:28 - [TEST_CASE][PASSED] - Test Cases/Operational_Dashboard/135: Test Cases/Operational_Dashboard/135

2019-04-23 13:37:29 - [TEST_STEP][PASSED] - callTestCase: Call Test Case 'Test Cases/Operational_Dashboard/Login' successfully

2019-04-23 13:37:29 - [TEST_CASE][PASSED] - Test Cases/Operational_Dashboard/Login: Test Cases/Operational_Dashboard/Login

2019-04-23 13:37:29 - [TEST_STEP][PASSED] - callTestCase: Call Test Case 'Test Cases/s-sidebar_navigation/individualAccount/operationalDashboard' successfully

2019-04-23 13:37:29 - [TEST_CASE][PASSED] - Test Cases/s-sidebar_navigation/individualAccount/operationalDashboard: Test Cases/s-sidebar_navigation/individualAccount/operationalDashboard

2019-04-23 13:37:29 - [TEST_STEP][PASSED] - click: Object: 'Object Repository/Page_KiboEngage  Subscribers/span_Subscribers' is clicked on

2019-04-23 13:37:30 - [MESSAGE][PASSED] - Object: 'Object Repository/Page_KiboEngage  Subscribers/span_Subscribers' is clicked on

2019-04-23 13:37:30 - [TEST_STEP][PASSED] - click: Object: 'Object Repository/Page_KiboEngage  Subscribers/span_Operational Dashboard (1)' is clicked on

2019-04-23 13:37:31 - [MESSAGE][PASSED] - Object: 'Object Repository/Page_KiboEngage  Subscribers/span_Operational Dashboard (1)' is clicked on

2019-04-23 13:37:31 - [TEST_STEP][PASSED] - scrollToPosition: Browser is scrolled to position x = 0, y = 0

2019-04-23 13:37:31 - [MESSAGE][PASSED] - Browser is scrolled to position x = 0, y = 0

2019-04-23 13:37:31 - [TEST_STEP][PASSED] - click: Object: 'Object Repository/Page_KiboEngage  Operational Dashbo/h3_Pages Info (4)' is clicked on

2019-04-23 13:37:31 - [MESSAGE][PASSED] - Object: 'Object Repository/Page_KiboEngage  Operational Dashbo/h3_Pages Info (4)' is clicked on

2019-04-23 13:37:31 - [MESSAGE][PASSED] - Call Test Case 'Test Cases/s-sidebar_navigation/individualAccount/operationalDashboard' successfully

2019-04-23 13:37:31 - [MESSAGE][PASSED] - Call Test Case 'Test Cases/Operational_Dashboard/Login' successfully

2019-04-23 13:37:31 - [TEST_STEP][PASSED] - delay: Delayed 2 second(s)

2019-04-23 13:37:33 - [MESSAGE][PASSED] - Delayed 2 second(s)

2019-04-23 13:37:33 - [TEST_STEP][PASSED] - setText: Text 'Muzamil Bukhari' is set on object 'Object Repository/Page_KiboEngage  Operational Dashbo/input_form-control m-input m-i'

2019-04-23 13:37:35 - [MESSAGE][PASSED] - Text 'Muzamil Bukhari' is set on object 'Object Repository/Page_KiboEngage  Operational Dashbo/input_form-control m-input m-i'

2019-04-23 13:37:35 - [TEST_STEP][PASSED] - delay: Delayed 5 second(s)

2019-04-23 13:37:40 - [MESSAGE][PASSED] - Delayed 5 second(s)

2019-04-23 13:37:40 - [TEST_STEP][PASSED] - click: Object: 'Object Repository/Page_KiboEngage  Operational Dashbo/button_See more' is clicked on

2019-04-23 13:37:40 - [MESSAGE][PASSED] - Object: 'Object Repository/Page_KiboEngage  Operational Dashbo/button_See more' is clicked on

2019-04-23 13:37:40 - [TEST_STEP][PASSED] - delay: Delayed 1 second(s)

2019-04-23 13:37:41 - [MESSAGE][PASSED] - Delayed 1 second(s)

2019-04-23 13:37:41 - [TEST_STEP][PASSED] - scrollToPosition: Browser is scrolled to position x = 0, y = 0

2019-04-23 13:37:41 - [MESSAGE][PASSED] - Browser is scrolled to position x = 0, y = 0

2019-04-23 13:37:41 - [TEST_STEP][PASSED] - delay: Delayed 5 second(s)

2019-04-23 13:37:46 - [MESSAGE][PASSED] - Delayed 5 second(s)

2019-04-23 13:37:46 - [TEST_STEP][PASSED] - Statement - driver = com.kms.katalon.core.webui.driver.DriverFactory.getWebDriver(): null

2019-04-23 13:37:46 - [TEST_STEP][PASSED] - Statement - Table = driver.findElement(org.openqa.selenium.By.xpath("//table/tbody")): null

2019-04-23 13:37:46 - [TEST_STEP][PASSED] - Statement - rows_table = Table.findElements(org.openqa.selenium.By.tagName("tr")): null

2019-04-23 13:37:46 - [TEST_STEP][PASSED] - Statement - rows_count = rows_table.size(): null

2019-04-23 13:37:46 - [TEST_STEP][PASSED] - verifyGreaterThanOrEqual: Actual number '5' is greater than or equal to expected number '1'

2019-04-23 13:37:46 - [MESSAGE][PASSED] - Actual number '5' is greater than or equal to expected number '1'

2019-04-23 13:37:46 - [MESSAGE][PASSED] - Call Test Case 'Test Cases/Operational_Dashboard/135' successfully

2019-04-23 13:37:46 - [TEST_STEP][PASSED] - Statement - driver = com.kms.katalon.core.webui.driver.DriverFactory.getWebDriver(): null

2019-04-23 13:37:46 - [TEST_STEP][PASSED] - Statement - next = driver.findElement(org.openqa.selenium.By.xpath("//*[@id="ajax_data"]/ul/li[5]/a")): null

2019-04-23 13:37:46 - [MESSAGE][FAILED] - Unable to call Test Case with id 'Test Cases/Operational_Dashboard/136' (Root cause: Call Test Case 'Test Cases/Operational_Dashboard/136' failed because of error(s))]]></system-out>
         <system-err><![CDATA[2019-04-23 13:37:28 - [TEST_CASE][ERROR] - Test Cases/Operational_Dashboard/137: Test Cases/Operational_Dashboard/137 FAILED because (of) org.openqa.selenium.NoSuchElementException: no such element: Unable to locate element: {"method":"xpath","selector":"//*[@id="ajax_data"]/ul/li[5]/a"}
  (Session info: chrome=73.0.3683.103)
  (Driver info: chromedriver=2.35.528161 (5b82f2d2aae0ca24b877009200ced9065a772e73),platform=Windows NT 10.0.17134 x86_64) (WARNING: The server did not provide any stacktrace information)
Command duration or timeout: 0 milliseconds
For documentation on this error, please visit: http://seleniumhq.org/exceptions/no_such_element.html
Build info: version: '3.7.1', revision: '8a0099a', time: '2017-11-06T21:07:36.161Z'
System info: host: 'DESKTOP-4M6R1V0', ip: '10.0.2.15', os.name: 'Windows 10', os.arch: 'amd64', os.version: '10.0', java.version: '1.8.0_181'
Driver info: com.kms.katalon.selenium.driver.CChromeDriver
Capabilities {acceptInsecureCerts: false, acceptSslCerts: false, applicationCacheEnabled: false, browserConnectionEnabled: false, browserName: chrome, chrome: {chromedriverVersion: 2.35.528161 (5b82f2d2aae0ca..., userDataDir: C:\Users\CLOUDK~1\AppData\L...}, cssSelectorsEnabled: true, databaseEnabled: false, handlesAlerts: true, hasTouchScreen: false, javascriptEnabled: true, locationContextEnabled: true, mobileEmulationEnabled: false, nativeEvents: true, networkConnectionEnabled: false, pageLoadStrategy: normal, platform: XP, platformName: XP, rotatable: false, setWindowRect: true, takesHeapSnapshot: true, takesScreenshot: true, unexpectedAlertBehaviour: , unhandledPromptBehavior: , version: 73.0.3683.103, webStorageEnabled: true}
Session ID: ae7ac81a27217d85a737906aaf9c07ba
*** Element info: {Using=xpath, value=//*[@id="ajax_data"]/ul/li[5]/a}]]></system-err>
      </testcase>
      <testcase name="Test Cases/Operational_Dashboard/138" classname="Test Cases/Operational_Dashboard/138" status="PASSED">
         <system-out><![CDATA[2019-04-23 13:37:46 - [TEST_CASE][PASSED] - Test Cases/Operational_Dashboard/138: Test Cases/Operational_Dashboard/138

2019-04-23 13:37:47 - [TEST_STEP][PASSED] - callTestCase: Call Test Case 'Test Cases/Operational_Dashboard/135' successfully

2019-04-23 13:37:47 - [TEST_CASE][PASSED] - Test Cases/Operational_Dashboard/135: Test Cases/Operational_Dashboard/135

2019-04-23 13:37:47 - [TEST_STEP][PASSED] - callTestCase: Call Test Case 'Test Cases/Operational_Dashboard/Login' successfully

2019-04-23 13:37:47 - [TEST_CASE][PASSED] - Test Cases/Operational_Dashboard/Login: Test Cases/Operational_Dashboard/Login

2019-04-23 13:37:47 - [TEST_STEP][PASSED] - callTestCase: Call Test Case 'Test Cases/s-sidebar_navigation/individualAccount/operationalDashboard' successfully

2019-04-23 13:37:47 - [TEST_CASE][PASSED] - Test Cases/s-sidebar_navigation/individualAccount/operationalDashboard: Test Cases/s-sidebar_navigation/individualAccount/operationalDashboard

2019-04-23 13:37:47 - [TEST_STEP][PASSED] - click: Object: 'Object Repository/Page_KiboEngage  Subscribers/span_Subscribers' is clicked on

2019-04-23 13:37:47 - [MESSAGE][PASSED] - Object: 'Object Repository/Page_KiboEngage  Subscribers/span_Subscribers' is clicked on

2019-04-23 13:37:47 - [TEST_STEP][PASSED] - click: Object: 'Object Repository/Page_KiboEngage  Subscribers/span_Operational Dashboard (1)' is clicked on

2019-04-23 13:37:48 - [MESSAGE][PASSED] - Object: 'Object Repository/Page_KiboEngage  Subscribers/span_Operational Dashboard (1)' is clicked on

2019-04-23 13:37:48 - [TEST_STEP][PASSED] - scrollToPosition: Browser is scrolled to position x = 0, y = 0

2019-04-23 13:37:49 - [MESSAGE][PASSED] - Browser is scrolled to position x = 0, y = 0

2019-04-23 13:37:49 - [TEST_STEP][PASSED] - click: Object: 'Object Repository/Page_KiboEngage  Operational Dashbo/h3_Pages Info (4)' is clicked on

2019-04-23 13:37:50 - [MESSAGE][PASSED] - Object: 'Object Repository/Page_KiboEngage  Operational Dashbo/h3_Pages Info (4)' is clicked on

2019-04-23 13:37:50 - [MESSAGE][PASSED] - Call Test Case 'Test Cases/s-sidebar_navigation/individualAccount/operationalDashboard' successfully

2019-04-23 13:37:50 - [MESSAGE][PASSED] - Call Test Case 'Test Cases/Operational_Dashboard/Login' successfully

2019-04-23 13:37:50 - [TEST_STEP][PASSED] - delay: Delayed 2 second(s)

2019-04-23 13:37:52 - [MESSAGE][PASSED] - Delayed 2 second(s)

2019-04-23 13:37:52 - [TEST_STEP][PASSED] - setText: Text 'Muzamil Bukhari' is set on object 'Object Repository/Page_KiboEngage  Operational Dashbo/input_form-control m-input m-i'

2019-04-23 13:37:53 - [MESSAGE][PASSED] - Text 'Muzamil Bukhari' is set on object 'Object Repository/Page_KiboEngage  Operational Dashbo/input_form-control m-input m-i'

2019-04-23 13:37:53 - [TEST_STEP][PASSED] - delay: Delayed 5 second(s)

2019-04-23 13:37:58 - [MESSAGE][PASSED] - Delayed 5 second(s)

2019-04-23 13:37:58 - [TEST_STEP][PASSED] - click: Object: 'Object Repository/Page_KiboEngage  Operational Dashbo/button_See more' is clicked on

2019-04-23 13:37:59 - [MESSAGE][PASSED] - Object: 'Object Repository/Page_KiboEngage  Operational Dashbo/button_See more' is clicked on

2019-04-23 13:37:59 - [TEST_STEP][PASSED] - delay: Delayed 1 second(s)

2019-04-23 13:38:00 - [MESSAGE][PASSED] - Delayed 1 second(s)

2019-04-23 13:38:00 - [TEST_STEP][PASSED] - scrollToPosition: Browser is scrolled to position x = 0, y = 0

2019-04-23 13:38:00 - [MESSAGE][PASSED] - Browser is scrolled to position x = 0, y = 0

2019-04-23 13:38:00 - [TEST_STEP][PASSED] - delay: Delayed 5 second(s)

2019-04-23 13:38:05 - [MESSAGE][PASSED] - Delayed 5 second(s)

2019-04-23 13:38:05 - [TEST_STEP][PASSED] - Statement - driver = com.kms.katalon.core.webui.driver.DriverFactory.getWebDriver(): null

2019-04-23 13:38:05 - [TEST_STEP][PASSED] - Statement - Table = driver.findElement(org.openqa.selenium.By.xpath("//table/tbody")): null

2019-04-23 13:38:05 - [TEST_STEP][PASSED] - Statement - rows_table = Table.findElements(org.openqa.selenium.By.tagName("tr")): null

2019-04-23 13:38:05 - [TEST_STEP][PASSED] - Statement - rows_count = rows_table.size(): null

2019-04-23 13:38:05 - [TEST_STEP][PASSED] - verifyGreaterThanOrEqual: Actual number '5' is greater than or equal to expected number '1'

2019-04-23 13:38:05 - [MESSAGE][PASSED] - Actual number '5' is greater than or equal to expected number '1'

2019-04-23 13:38:05 - [MESSAGE][PASSED] - Call Test Case 'Test Cases/Operational_Dashboard/135' successfully

2019-04-23 13:38:05 - [TEST_STEP][PASSED] - Statement - driver = com.kms.katalon.core.webui.driver.DriverFactory.getWebDriver(): null

2019-04-23 13:38:05 - [TEST_STEP][PASSED] - Statement - next = driver.findElement(org.openqa.selenium.By.xpath("//*[@id="ajax_data"]/ul/li[3]/a")): null

2019-04-23 13:38:05 - [TEST_STEP][PASSED] - Statement - next.click(): null

2019-04-23 13:38:05 - [TEST_STEP][PASSED] - delay: Delayed 5 second(s)

2019-04-23 13:38:10 - [MESSAGE][PASSED] - Delayed 5 second(s)

2019-04-23 13:38:10 - [TEST_STEP][PASSED] - Statement - Table = driver.findElement(org.openqa.selenium.By.xpath("//table/tbody")): null

2019-04-23 13:38:10 - [TEST_STEP][PASSED] - Statement - rows_table = Table.findElements(org.openqa.selenium.By.tagName("tr")): null

2019-04-23 13:38:10 - [TEST_STEP][PASSED] - Statement - rows_count = rows_table.size(): null

2019-04-23 13:38:10 - [TEST_STEP][PASSED] - verifyGreaterThanOrEqual: Actual number '5' is greater than or equal to expected number '1'

2019-04-23 13:38:10 - [MESSAGE][PASSED] - Actual number '5' is greater than or equal to expected number '1']]></system-out>
         <system-err><![CDATA[]]></system-err>
      </testcase>
      <testcase name="Test Cases/Operational_Dashboard/139" classname="Test Cases/Operational_Dashboard/139" status="PASSED">
         <system-out><![CDATA[2019-04-23 13:38:10 - [TEST_CASE][PASSED] - Test Cases/Operational_Dashboard/139: Test Cases/Operational_Dashboard/139

2019-04-23 13:38:11 - [TEST_STEP][PASSED] - callTestCase: Call Test Case 'Test Cases/Operational_Dashboard/Login' successfully

2019-04-23 13:38:11 - [TEST_CASE][PASSED] - Test Cases/Operational_Dashboard/Login: Test Cases/Operational_Dashboard/Login

2019-04-23 13:38:11 - [TEST_STEP][PASSED] - callTestCase: Call Test Case 'Test Cases/s-sidebar_navigation/individualAccount/operationalDashboard' successfully

2019-04-23 13:38:11 - [TEST_CASE][PASSED] - Test Cases/s-sidebar_navigation/individualAccount/operationalDashboard: Test Cases/s-sidebar_navigation/individualAccount/operationalDashboard

2019-04-23 13:38:11 - [TEST_STEP][PASSED] - click: Object: 'Object Repository/Page_KiboEngage  Subscribers/span_Subscribers' is clicked on

2019-04-23 13:38:12 - [MESSAGE][PASSED] - Object: 'Object Repository/Page_KiboEngage  Subscribers/span_Subscribers' is clicked on

2019-04-23 13:38:12 - [TEST_STEP][PASSED] - click: Object: 'Object Repository/Page_KiboEngage  Subscribers/span_Operational Dashboard (1)' is clicked on

2019-04-23 13:38:12 - [MESSAGE][PASSED] - Object: 'Object Repository/Page_KiboEngage  Subscribers/span_Operational Dashboard (1)' is clicked on

2019-04-23 13:38:12 - [TEST_STEP][PASSED] - scrollToPosition: Browser is scrolled to position x = 0, y = 0

2019-04-23 13:38:12 - [MESSAGE][PASSED] - Browser is scrolled to position x = 0, y = 0

2019-04-23 13:38:12 - [TEST_STEP][PASSED] - click: Object: 'Object Repository/Page_KiboEngage  Operational Dashbo/h3_Pages Info (4)' is clicked on

2019-04-23 13:38:13 - [MESSAGE][PASSED] - Object: 'Object Repository/Page_KiboEngage  Operational Dashbo/h3_Pages Info (4)' is clicked on

2019-04-23 13:38:13 - [MESSAGE][PASSED] - Call Test Case 'Test Cases/s-sidebar_navigation/individualAccount/operationalDashboard' successfully

2019-04-23 13:38:13 - [MESSAGE][PASSED] - Call Test Case 'Test Cases/Operational_Dashboard/Login' successfully

2019-04-23 13:38:13 - [TEST_STEP][PASSED] - delay: Delayed 5 second(s)

2019-04-23 13:38:18 - [MESSAGE][PASSED] - Delayed 5 second(s)

2019-04-23 13:38:18 - [TEST_STEP][PASSED] - setText: Text 'Muzamil Bukhari' is set on object 'Object Repository/Page_KiboEngage  Operational Dashbo/input_form-control m-input m-i'

2019-04-23 13:38:19 - [MESSAGE][PASSED] - Text 'Muzamil Bukhari' is set on object 'Object Repository/Page_KiboEngage  Operational Dashbo/input_form-control m-input m-i'

2019-04-23 13:38:19 - [TEST_STEP][PASSED] - delay: Delayed 5 second(s)

2019-04-23 13:38:24 - [MESSAGE][PASSED] - Delayed 5 second(s)

2019-04-23 13:38:24 - [TEST_STEP][PASSED] - click: Object: 'Object Repository/Page_KiboEngage  Operational Dashbo/button_See more' is clicked on

2019-04-23 13:38:25 - [MESSAGE][PASSED] - Object: 'Object Repository/Page_KiboEngage  Operational Dashbo/button_See more' is clicked on

2019-04-23 13:38:25 - [TEST_STEP][PASSED] - delay: Delayed 1 second(s)

2019-04-23 13:38:26 - [MESSAGE][PASSED] - Delayed 1 second(s)

2019-04-23 13:38:26 - [TEST_STEP][PASSED] - scrollToPosition: Browser is scrolled to position x = 0, y = 0

2019-04-23 13:38:26 - [MESSAGE][PASSED] - Browser is scrolled to position x = 0, y = 0

2019-04-23 13:38:26 - [TEST_STEP][PASSED] - Statement - driver = com.kms.katalon.core.webui.driver.DriverFactory.getWebDriver(): null

2019-04-23 13:38:26 - [TEST_STEP][PASSED] - Statement - input_search_page = driver.findElement(org.openqa.selenium.By.xpath("//*[@id="content"]/div/div/div/div[2]/div[3]/div[1]/div/div/div[2]/div/div/div[1]/input")): null

2019-04-23 13:38:26 - [TEST_STEP][PASSED] - Statement - input_search_page.sendKeys("Testing Page"): null

2019-04-23 13:38:26 - [TEST_STEP][PASSED] - delay: Delayed 5 second(s)

2019-04-23 13:38:31 - [MESSAGE][PASSED] - Delayed 5 second(s)

2019-04-23 13:38:31 - [TEST_STEP][PASSED] - Statement - Table = driver.findElement(org.openqa.selenium.By.xpath("//table/tbody")): null

2019-04-23 13:38:32 - [TEST_STEP][PASSED] - Statement - rows_table = Table.findElements(org.openqa.selenium.By.tagName("tr")): null

2019-04-23 13:38:32 - [TEST_STEP][PASSED] - Statement - rows_count = rows_table.size(): null

2019-04-23 13:38:32 - [TEST_STEP][PASSED] - verifyEqual: Actual object '1' and expected object '1' are equal

2019-04-23 13:38:32 - [MESSAGE][PASSED] - Actual object '1' and expected object '1' are equal]]></system-out>
         <system-err><![CDATA[]]></system-err>
      </testcase>
      <testcase name="Test Cases/Operational_Dashboard/141" classname="Test Cases/Operational_Dashboard/141" status="FAILED">
         <failure type="FAILED" message="Unable to verify actual number '0' greater than or equal with expected number '1' (Root cause: Actual number '0' is NOT greater than or equal to expected number '1')"/>
         <system-out><![CDATA[2019-04-23 13:38:32 - [TEST_CASE][FAILED] - Test Cases/Operational_Dashboard/141: Test Cases/Operational_Dashboard/141 FAILED because (of) Unable to verify actual number '0' greater than or equal with expected number '1' (Root cause: Actual number '0' is NOT greater than or equal to expected number '1')

2019-04-23 13:38:32 - [TEST_STEP][PASSED] - callTestCase: Call Test Case 'Test Cases/Operational_Dashboard/Login' successfully

2019-04-23 13:38:32 - [TEST_CASE][PASSED] - Test Cases/Operational_Dashboard/Login: Test Cases/Operational_Dashboard/Login

2019-04-23 13:38:32 - [TEST_STEP][PASSED] - callTestCase: Call Test Case 'Test Cases/s-sidebar_navigation/individualAccount/operationalDashboard' successfully

2019-04-23 13:38:32 - [TEST_CASE][PASSED] - Test Cases/s-sidebar_navigation/individualAccount/operationalDashboard: Test Cases/s-sidebar_navigation/individualAccount/operationalDashboard

2019-04-23 13:38:32 - [TEST_STEP][PASSED] - click: Object: 'Object Repository/Page_KiboEngage  Subscribers/span_Subscribers' is clicked on

2019-04-23 13:38:33 - [MESSAGE][PASSED] - Object: 'Object Repository/Page_KiboEngage  Subscribers/span_Subscribers' is clicked on

2019-04-23 13:38:33 - [TEST_STEP][PASSED] - click: Object: 'Object Repository/Page_KiboEngage  Subscribers/span_Operational Dashboard (1)' is clicked on

2019-04-23 13:38:34 - [MESSAGE][PASSED] - Object: 'Object Repository/Page_KiboEngage  Subscribers/span_Operational Dashboard (1)' is clicked on

2019-04-23 13:38:34 - [TEST_STEP][PASSED] - scrollToPosition: Browser is scrolled to position x = 0, y = 0

2019-04-23 13:38:34 - [MESSAGE][PASSED] - Browser is scrolled to position x = 0, y = 0

2019-04-23 13:38:34 - [TEST_STEP][PASSED] - click: Object: 'Object Repository/Page_KiboEngage  Operational Dashbo/h3_Pages Info (4)' is clicked on

2019-04-23 13:38:34 - [MESSAGE][PASSED] - Object: 'Object Repository/Page_KiboEngage  Operational Dashbo/h3_Pages Info (4)' is clicked on

2019-04-23 13:38:34 - [MESSAGE][PASSED] - Call Test Case 'Test Cases/s-sidebar_navigation/individualAccount/operationalDashboard' successfully

2019-04-23 13:38:34 - [MESSAGE][PASSED] - Call Test Case 'Test Cases/Operational_Dashboard/Login' successfully

2019-04-23 13:38:34 - [TEST_STEP][PASSED] - delay: Delayed 2 second(s)

2019-04-23 13:38:36 - [MESSAGE][PASSED] - Delayed 2 second(s)

2019-04-23 13:38:36 - [TEST_STEP][PASSED] - setText: Text 'Muzamil Bukhari' is set on object 'Object Repository/Page_KiboEngage  Operational Dashbo/input_form-control m-input m-i'

2019-04-23 13:38:37 - [MESSAGE][PASSED] - Text 'Muzamil Bukhari' is set on object 'Object Repository/Page_KiboEngage  Operational Dashbo/input_form-control m-input m-i'

2019-04-23 13:38:37 - [TEST_STEP][PASSED] - delay: Delayed 5 second(s)

2019-04-23 13:38:42 - [MESSAGE][PASSED] - Delayed 5 second(s)

2019-04-23 13:38:42 - [TEST_STEP][PASSED] - click: Object: 'Object Repository/Page_KiboEngage  Operational Dashbo/button_See more' is clicked on

2019-04-23 13:38:43 - [MESSAGE][PASSED] - Object: 'Object Repository/Page_KiboEngage  Operational Dashbo/button_See more' is clicked on

2019-04-23 13:38:43 - [TEST_STEP][PASSED] - delay: Delayed 1 second(s)

2019-04-23 13:38:44 - [MESSAGE][PASSED] - Delayed 1 second(s)

2019-04-23 13:38:44 - [TEST_STEP][PASSED] - scrollToPosition: Browser is scrolled to position x = 0, y = 0

2019-04-23 13:38:44 - [MESSAGE][PASSED] - Browser is scrolled to position x = 0, y = 0

2019-04-23 13:38:44 - [TEST_STEP][PASSED] - delay: Delayed 5 second(s)

2019-04-23 13:38:49 - [MESSAGE][PASSED] - Delayed 5 second(s)

2019-04-23 13:38:49 - [TEST_STEP][PASSED] - Statement - driver = com.kms.katalon.core.webui.driver.DriverFactory.getWebDriver(): null

2019-04-23 13:38:49 - [TEST_STEP][PASSED] - Statement - rows_table = driver.findElements(org.openqa.selenium.By.xpath("//*[@id="content"]/div/div/div/div[2]/div[3]/div[2]/div/div/div[2]/div/div/div[2]/table/tbody/tr")): null

2019-04-23 13:38:49 - [TEST_STEP][PASSED] - Statement - rows_count = rows_table.size(): null

2019-04-23 13:38:49 - [TEST_STEP][FAILED] - verifyGreaterThanOrEqual: Unable to verify actual number '0' greater than or equal with expected number '1' (Root cause: Actual number '0' is NOT greater than or equal to expected number '1')

2019-04-23 13:38:49 - [MESSAGE][FAILED] - Unable to verify actual number '0' greater than or equal with expected number '1' (Root cause: Actual number '0' is NOT greater than or equal to expected number '1')]]></system-out>
         <system-err><![CDATA[2019-04-23 13:38:32 - [TEST_CASE][FAILED] - Test Cases/Operational_Dashboard/141: Test Cases/Operational_Dashboard/141 FAILED because (of) Unable to verify actual number '0' greater than or equal with expected number '1' (Root cause: Actual number '0' is NOT greater than or equal to expected number '1')]]></system-err>
      </testcase>
      <testcase name="Test Cases/Operational_Dashboard/142" classname="Test Cases/Operational_Dashboard/142" status="ERROR">
         <error type="ERROR" message="Test Cases/Operational_Dashboard/142 FAILED because (of) org.codehaus.groovy.control.MultipleCompilationErrorsException: startup failed:
file:/C:/Users/cloudkibo/Desktop/KiboPush_Automated_Testing/KiboPush%20Katalon/Scripts/Operational_Dashboard/142/Script1554794230139.groovy: 36: The current scope already contains a variable of the name driver
 @ line 36, column 11.
   WebDriver driver = DriverFactory.getWebDriver()
             ^

1 error
"/>
         <system-out><![CDATA[2019-04-23 13:38:49 - [TEST_CASE][ERROR] - Test Cases/Operational_Dashboard/142: Test Cases/Operational_Dashboard/142 FAILED because (of) org.codehaus.groovy.control.MultipleCompilationErrorsException: startup failed:
file:/C:/Users/cloudkibo/Desktop/KiboPush_Automated_Testing/KiboPush%20Katalon/Scripts/Operational_Dashboard/142/Script1554794230139.groovy: 36: The current scope already contains a variable of the name driver
 @ line 36, column 11.
   WebDriver driver = DriverFactory.getWebDriver()
             ^

1 error]]></system-out>
         <system-err><![CDATA[2019-04-23 13:38:49 - [TEST_CASE][ERROR] - Test Cases/Operational_Dashboard/142: Test Cases/Operational_Dashboard/142 FAILED because (of) org.codehaus.groovy.control.MultipleCompilationErrorsException: startup failed:
file:/C:/Users/cloudkibo/Desktop/KiboPush_Automated_Testing/KiboPush%20Katalon/Scripts/Operational_Dashboard/142/Script1554794230139.groovy: 36: The current scope already contains a variable of the name driver
 @ line 36, column 11.
   WebDriver driver = DriverFactory.getWebDriver()
             ^

1 error]]></system-err>
      </testcase>
      <testcase name="Test Cases/Operational_Dashboard/143" classname="Test Cases/Operational_Dashboard/143" status="ERROR">
         <error type="ERROR" message="Test Cases/Operational_Dashboard/143 FAILED because (of) org.codehaus.groovy.control.MultipleCompilationErrorsException: startup failed:
file:/C:/Users/cloudkibo/Desktop/KiboPush_Automated_Testing/KiboPush%20Katalon/Scripts/Operational_Dashboard/143/Script1554794464567.groovy: 32: The current scope already contains a variable of the name driver
 @ line 32, column 12.
    WebDriver driver = DriverFactory.getWebDriver()
              ^

1 error
"/>
         <system-out><![CDATA[2019-04-23 13:38:49 - [TEST_CASE][ERROR] - Test Cases/Operational_Dashboard/143: Test Cases/Operational_Dashboard/143 FAILED because (of) org.codehaus.groovy.control.MultipleCompilationErrorsException: startup failed:
file:/C:/Users/cloudkibo/Desktop/KiboPush_Automated_Testing/KiboPush%20Katalon/Scripts/Operational_Dashboard/143/Script1554794464567.groovy: 32: The current scope already contains a variable of the name driver
 @ line 32, column 12.
    WebDriver driver = DriverFactory.getWebDriver()
              ^

1 error]]></system-out>
         <system-err><![CDATA[2019-04-23 13:38:49 - [TEST_CASE][ERROR] - Test Cases/Operational_Dashboard/143: Test Cases/Operational_Dashboard/143 FAILED because (of) org.codehaus.groovy.control.MultipleCompilationErrorsException: startup failed:
file:/C:/Users/cloudkibo/Desktop/KiboPush_Automated_Testing/KiboPush%20Katalon/Scripts/Operational_Dashboard/143/Script1554794464567.groovy: 32: The current scope already contains a variable of the name driver
 @ line 32, column 12.
    WebDriver driver = DriverFactory.getWebDriver()
              ^

1 error]]></system-err>
      </testcase>
      <testcase name="Test Cases/Operational_Dashboard/144" classname="Test Cases/Operational_Dashboard/144" status="ERROR">
         <error type="ERROR" message="Test Cases/Operational_Dashboard/144 FAILED because (of) org.codehaus.groovy.control.MultipleCompilationErrorsException: startup failed:
file:/C:/Users/cloudkibo/Desktop/KiboPush_Automated_Testing/KiboPush%20Katalon/Scripts/Operational_Dashboard/144/Script1554871449974.groovy: 36: The current scope already contains a variable of the name driver
 @ line 36, column 11.
   WebDriver driver = DriverFactory.getWebDriver()
             ^

1 error
"/>
         <system-out><![CDATA[2019-04-23 13:38:49 - [TEST_CASE][ERROR] - Test Cases/Operational_Dashboard/144: Test Cases/Operational_Dashboard/144 FAILED because (of) org.codehaus.groovy.control.MultipleCompilationErrorsException: startup failed:
file:/C:/Users/cloudkibo/Desktop/KiboPush_Automated_Testing/KiboPush%20Katalon/Scripts/Operational_Dashboard/144/Script1554871449974.groovy: 36: The current scope already contains a variable of the name driver
 @ line 36, column 11.
   WebDriver driver = DriverFactory.getWebDriver()
             ^

1 error]]></system-out>
         <system-err><![CDATA[2019-04-23 13:38:49 - [TEST_CASE][ERROR] - Test Cases/Operational_Dashboard/144: Test Cases/Operational_Dashboard/144 FAILED because (of) org.codehaus.groovy.control.MultipleCompilationErrorsException: startup failed:
file:/C:/Users/cloudkibo/Desktop/KiboPush_Automated_Testing/KiboPush%20Katalon/Scripts/Operational_Dashboard/144/Script1554871449974.groovy: 36: The current scope already contains a variable of the name driver
 @ line 36, column 11.
   WebDriver driver = DriverFactory.getWebDriver()
             ^

1 error]]></system-err>
      </testcase>
      <testcase name="Test Cases/Operational_Dashboard/145" classname="Test Cases/Operational_Dashboard/145" status="FAILED">
         <failure type="FAILED" message="Unable to verify actual number '0' greater than or equal with expected number '1' (Root cause: Actual number '0' is NOT greater than or equal to expected number '1')"/>
         <system-out><![CDATA[2019-04-23 13:38:49 - [TEST_CASE][FAILED] - Test Cases/Operational_Dashboard/145: Test Cases/Operational_Dashboard/145 FAILED because (of) Unable to verify actual number '0' greater than or equal with expected number '1' (Root cause: Actual number '0' is NOT greater than or equal to expected number '1')

2019-04-23 13:38:50 - [TEST_STEP][FAILED] - callTestCase: Unable to call Test Case with id 'Test Cases/Operational_Dashboard/141' (Root cause: Call Test Case 'Test Cases/Operational_Dashboard/141' failed)

2019-04-23 13:38:50 - [TEST_CASE][FAILED] - Test Cases/Operational_Dashboard/141: Test Cases/Operational_Dashboard/141 FAILED because (of) Unable to verify actual number '0' greater than or equal with expected number '1' (Root cause: Actual number '0' is NOT greater than or equal to expected number '1')

2019-04-23 13:38:50 - [TEST_STEP][PASSED] - callTestCase: Call Test Case 'Test Cases/Operational_Dashboard/Login' successfully

2019-04-23 13:38:50 - [TEST_CASE][PASSED] - Test Cases/Operational_Dashboard/Login: Test Cases/Operational_Dashboard/Login

2019-04-23 13:38:50 - [TEST_STEP][PASSED] - callTestCase: Call Test Case 'Test Cases/s-sidebar_navigation/individualAccount/operationalDashboard' successfully

2019-04-23 13:38:50 - [TEST_CASE][PASSED] - Test Cases/s-sidebar_navigation/individualAccount/operationalDashboard: Test Cases/s-sidebar_navigation/individualAccount/operationalDashboard

2019-04-23 13:38:50 - [TEST_STEP][PASSED] - click: Object: 'Object Repository/Page_KiboEngage  Subscribers/span_Subscribers' is clicked on

2019-04-23 13:38:50 - [MESSAGE][PASSED] - Object: 'Object Repository/Page_KiboEngage  Subscribers/span_Subscribers' is clicked on

2019-04-23 13:38:50 - [TEST_STEP][PASSED] - click: Object: 'Object Repository/Page_KiboEngage  Subscribers/span_Operational Dashboard (1)' is clicked on

2019-04-23 13:38:51 - [MESSAGE][PASSED] - Object: 'Object Repository/Page_KiboEngage  Subscribers/span_Operational Dashboard (1)' is clicked on

2019-04-23 13:38:51 - [TEST_STEP][PASSED] - scrollToPosition: Browser is scrolled to position x = 0, y = 0

2019-04-23 13:38:51 - [MESSAGE][PASSED] - Browser is scrolled to position x = 0, y = 0

2019-04-23 13:38:51 - [TEST_STEP][PASSED] - click: Object: 'Object Repository/Page_KiboEngage  Operational Dashbo/h3_Pages Info (4)' is clicked on

2019-04-23 13:38:51 - [MESSAGE][PASSED] - Object: 'Object Repository/Page_KiboEngage  Operational Dashbo/h3_Pages Info (4)' is clicked on

2019-04-23 13:38:51 - [MESSAGE][PASSED] - Call Test Case 'Test Cases/s-sidebar_navigation/individualAccount/operationalDashboard' successfully

2019-04-23 13:38:51 - [MESSAGE][PASSED] - Call Test Case 'Test Cases/Operational_Dashboard/Login' successfully

2019-04-23 13:38:51 - [TEST_STEP][PASSED] - delay: Delayed 2 second(s)

2019-04-23 13:38:53 - [MESSAGE][PASSED] - Delayed 2 second(s)

2019-04-23 13:38:53 - [TEST_STEP][PASSED] - setText: Text 'Muzamil Bukhari' is set on object 'Object Repository/Page_KiboEngage  Operational Dashbo/input_form-control m-input m-i'

2019-04-23 13:38:55 - [MESSAGE][PASSED] - Text 'Muzamil Bukhari' is set on object 'Object Repository/Page_KiboEngage  Operational Dashbo/input_form-control m-input m-i'

2019-04-23 13:38:55 - [TEST_STEP][PASSED] - delay: Delayed 5 second(s)

2019-04-23 13:39:00 - [MESSAGE][PASSED] - Delayed 5 second(s)

2019-04-23 13:39:00 - [TEST_STEP][PASSED] - click: Object: 'Object Repository/Page_KiboEngage  Operational Dashbo/button_See more' is clicked on

2019-04-23 13:39:00 - [MESSAGE][PASSED] - Object: 'Object Repository/Page_KiboEngage  Operational Dashbo/button_See more' is clicked on

2019-04-23 13:39:00 - [TEST_STEP][PASSED] - delay: Delayed 1 second(s)

2019-04-23 13:39:01 - [MESSAGE][PASSED] - Delayed 1 second(s)

2019-04-23 13:39:01 - [TEST_STEP][PASSED] - scrollToPosition: Browser is scrolled to position x = 0, y = 0

2019-04-23 13:39:01 - [MESSAGE][PASSED] - Browser is scrolled to position x = 0, y = 0

2019-04-23 13:39:01 - [TEST_STEP][PASSED] - delay: Delayed 5 second(s)

2019-04-23 13:39:06 - [MESSAGE][PASSED] - Delayed 5 second(s)

2019-04-23 13:39:06 - [TEST_STEP][PASSED] - Statement - driver = com.kms.katalon.core.webui.driver.DriverFactory.getWebDriver(): null

2019-04-23 13:39:06 - [TEST_STEP][PASSED] - Statement - rows_table = driver.findElements(org.openqa.selenium.By.xpath("//*[@id="content"]/div/div/div/div[2]/div[3]/div[2]/div/div/div[2]/div/div/div[2]/table/tbody/tr")): null

2019-04-23 13:39:06 - [TEST_STEP][PASSED] - Statement - rows_count = rows_table.size(): null

2019-04-23 13:39:06 - [TEST_STEP][FAILED] - verifyGreaterThanOrEqual: Unable to verify actual number '0' greater than or equal with expected number '1' (Root cause: Actual number '0' is NOT greater than or equal to expected number '1')

2019-04-23 13:39:06 - [MESSAGE][FAILED] - Unable to verify actual number '0' greater than or equal with expected number '1' (Root cause: Actual number '0' is NOT greater than or equal to expected number '1')

2019-04-23 13:39:06 - [MESSAGE][FAILED] - Unable to call Test Case with id 'Test Cases/Operational_Dashboard/141' (Root cause: Call Test Case 'Test Cases/Operational_Dashboard/141' failed)]]></system-out>
         <system-err><![CDATA[2019-04-23 13:38:49 - [TEST_CASE][FAILED] - Test Cases/Operational_Dashboard/145: Test Cases/Operational_Dashboard/145 FAILED because (of) Unable to verify actual number '0' greater than or equal with expected number '1' (Root cause: Actual number '0' is NOT greater than or equal to expected number '1')]]></system-err>
      </testcase>
      <testcase name="Test Cases/Operational_Dashboard/148" classname="Test Cases/Operational_Dashboard/148" status="FAILED">
         <failure type="FAILED" message="Unable to verify actual number '0' greater than or equal with expected number '1' (Root cause: Actual number '0' is NOT greater than or equal to expected number '1')"/>
         <system-out><![CDATA[2019-04-23 13:39:06 - [TEST_CASE][FAILED] - Test Cases/Operational_Dashboard/148: Test Cases/Operational_Dashboard/148 FAILED because (of) Unable to verify actual number '0' greater than or equal with expected number '1' (Root cause: Actual number '0' is NOT greater than or equal to expected number '1')

2019-04-23 13:39:07 - [TEST_STEP][PASSED] - callTestCase: Call Test Case 'Test Cases/Operational_Dashboard/Login' successfully

2019-04-23 13:39:07 - [TEST_CASE][PASSED] - Test Cases/Operational_Dashboard/Login: Test Cases/Operational_Dashboard/Login

2019-04-23 13:39:07 - [TEST_STEP][PASSED] - callTestCase: Call Test Case 'Test Cases/s-sidebar_navigation/individualAccount/operationalDashboard' successfully

2019-04-23 13:39:07 - [TEST_CASE][PASSED] - Test Cases/s-sidebar_navigation/individualAccount/operationalDashboard: Test Cases/s-sidebar_navigation/individualAccount/operationalDashboard

2019-04-23 13:39:07 - [TEST_STEP][PASSED] - click: Object: 'Object Repository/Page_KiboEngage  Subscribers/span_Subscribers' is clicked on

2019-04-23 13:39:08 - [MESSAGE][PASSED] - Object: 'Object Repository/Page_KiboEngage  Subscribers/span_Subscribers' is clicked on

2019-04-23 13:39:08 - [TEST_STEP][PASSED] - click: Object: 'Object Repository/Page_KiboEngage  Subscribers/span_Operational Dashboard (1)' is clicked on

2019-04-23 13:39:08 - [MESSAGE][PASSED] - Object: 'Object Repository/Page_KiboEngage  Subscribers/span_Operational Dashboard (1)' is clicked on

2019-04-23 13:39:08 - [TEST_STEP][PASSED] - scrollToPosition: Browser is scrolled to position x = 0, y = 0

2019-04-23 13:39:09 - [MESSAGE][PASSED] - Browser is scrolled to position x = 0, y = 0

2019-04-23 13:39:09 - [TEST_STEP][PASSED] - click: Object: 'Object Repository/Page_KiboEngage  Operational Dashbo/h3_Pages Info (4)' is clicked on

2019-04-23 13:39:09 - [MESSAGE][PASSED] - Object: 'Object Repository/Page_KiboEngage  Operational Dashbo/h3_Pages Info (4)' is clicked on

2019-04-23 13:39:09 - [MESSAGE][PASSED] - Call Test Case 'Test Cases/s-sidebar_navigation/individualAccount/operationalDashboard' successfully

2019-04-23 13:39:09 - [MESSAGE][PASSED] - Call Test Case 'Test Cases/Operational_Dashboard/Login' successfully

2019-04-23 13:39:09 - [TEST_STEP][PASSED] - delay: Delayed 2 second(s)

2019-04-23 13:39:11 - [MESSAGE][PASSED] - Delayed 2 second(s)

2019-04-23 13:39:11 - [TEST_STEP][PASSED] - setText: Text 'Muzamil Bukhari' is set on object 'Object Repository/Page_KiboEngage  Operational Dashbo/input_form-control m-input m-i'

2019-04-23 13:39:13 - [MESSAGE][PASSED] - Text 'Muzamil Bukhari' is set on object 'Object Repository/Page_KiboEngage  Operational Dashbo/input_form-control m-input m-i'

2019-04-23 13:39:13 - [TEST_STEP][PASSED] - delay: Delayed 5 second(s)

2019-04-23 13:39:18 - [MESSAGE][PASSED] - Delayed 5 second(s)

2019-04-23 13:39:18 - [TEST_STEP][PASSED] - click: Object: 'Object Repository/Page_KiboEngage  Operational Dashbo/button_See more' is clicked on

2019-04-23 13:39:18 - [MESSAGE][PASSED] - Object: 'Object Repository/Page_KiboEngage  Operational Dashbo/button_See more' is clicked on

2019-04-23 13:39:18 - [TEST_STEP][PASSED] - delay: Delayed 1 second(s)

2019-04-23 13:39:19 - [MESSAGE][PASSED] - Delayed 1 second(s)

2019-04-23 13:39:19 - [TEST_STEP][PASSED] - scrollToPosition: Browser is scrolled to position x = 0, y = 0

2019-04-23 13:39:19 - [MESSAGE][PASSED] - Browser is scrolled to position x = 0, y = 0

2019-04-23 13:39:19 - [TEST_STEP][PASSED] - delay: Delayed 5 second(s)

2019-04-23 13:39:24 - [MESSAGE][PASSED] - Delayed 5 second(s)

2019-04-23 13:39:24 - [TEST_STEP][PASSED] - Statement - driver = com.kms.katalon.core.webui.driver.DriverFactory.getWebDriver(): null

2019-04-23 13:39:24 - [TEST_STEP][PASSED] - Statement - rows_table = driver.findElements(org.openqa.selenium.By.xpath("//*[@id="content"]/div/div/div/div[2]/div[3]/div[3]/div/div/div[2]/div/div/div[2]/table/tbody/tr")): null

2019-04-23 13:39:24 - [TEST_STEP][PASSED] - Statement - rows_count = rows_table.size(): null

2019-04-23 13:39:24 - [TEST_STEP][FAILED] - verifyGreaterThanOrEqual: Unable to verify actual number '0' greater than or equal with expected number '1' (Root cause: Actual number '0' is NOT greater than or equal to expected number '1')

2019-04-23 13:39:24 - [MESSAGE][FAILED] - Unable to verify actual number '0' greater than or equal with expected number '1' (Root cause: Actual number '0' is NOT greater than or equal to expected number '1')]]></system-out>
         <system-err><![CDATA[2019-04-23 13:39:06 - [TEST_CASE][FAILED] - Test Cases/Operational_Dashboard/148: Test Cases/Operational_Dashboard/148 FAILED because (of) Unable to verify actual number '0' greater than or equal with expected number '1' (Root cause: Actual number '0' is NOT greater than or equal to expected number '1')]]></system-err>
      </testcase>
      <testcase name="Test Cases/Operational_Dashboard/149" classname="Test Cases/Operational_Dashboard/149" status="ERROR">
         <error type="ERROR" message="Test Cases/Operational_Dashboard/149 FAILED because (of) org.codehaus.groovy.control.MultipleCompilationErrorsException: startup failed:
file:/C:/Users/cloudkibo/Desktop/KiboPush_Automated_Testing/KiboPush%20Katalon/Scripts/Operational_Dashboard/149/Script1554873411026.groovy: 36: The current scope already contains a variable of the name driver
 @ line 36, column 11.
   WebDriver driver = DriverFactory.getWebDriver()
             ^

1 error
"/>
         <system-out><![CDATA[2019-04-23 13:39:24 - [TEST_CASE][ERROR] - Test Cases/Operational_Dashboard/149: Test Cases/Operational_Dashboard/149 FAILED because (of) org.codehaus.groovy.control.MultipleCompilationErrorsException: startup failed:
file:/C:/Users/cloudkibo/Desktop/KiboPush_Automated_Testing/KiboPush%20Katalon/Scripts/Operational_Dashboard/149/Script1554873411026.groovy: 36: The current scope already contains a variable of the name driver
 @ line 36, column 11.
   WebDriver driver = DriverFactory.getWebDriver()
             ^

1 error]]></system-out>
         <system-err><![CDATA[2019-04-23 13:39:24 - [TEST_CASE][ERROR] - Test Cases/Operational_Dashboard/149: Test Cases/Operational_Dashboard/149 FAILED because (of) org.codehaus.groovy.control.MultipleCompilationErrorsException: startup failed:
file:/C:/Users/cloudkibo/Desktop/KiboPush_Automated_Testing/KiboPush%20Katalon/Scripts/Operational_Dashboard/149/Script1554873411026.groovy: 36: The current scope already contains a variable of the name driver
 @ line 36, column 11.
   WebDriver driver = DriverFactory.getWebDriver()
             ^

1 error]]></system-err>
      </testcase>
      <testcase name="Test Cases/Operational_Dashboard/150" classname="Test Cases/Operational_Dashboard/150" status="ERROR">
         <error type="ERROR" message="Test Cases/Operational_Dashboard/150 FAILED because (of) org.codehaus.groovy.control.MultipleCompilationErrorsException: startup failed:
file:/C:/Users/cloudkibo/Desktop/KiboPush_Automated_Testing/KiboPush%20Katalon/Scripts/Operational_Dashboard/150/Script1554873419070.groovy: 32: The current scope already contains a variable of the name driver
 @ line 32, column 12.
    WebDriver driver = DriverFactory.getWebDriver()
              ^

1 error
"/>
         <system-out><![CDATA[2019-04-23 13:39:25 - [TEST_CASE][ERROR] - Test Cases/Operational_Dashboard/150: Test Cases/Operational_Dashboard/150 FAILED because (of) org.codehaus.groovy.control.MultipleCompilationErrorsException: startup failed:
file:/C:/Users/cloudkibo/Desktop/KiboPush_Automated_Testing/KiboPush%20Katalon/Scripts/Operational_Dashboard/150/Script1554873419070.groovy: 32: The current scope already contains a variable of the name driver
 @ line 32, column 12.
    WebDriver driver = DriverFactory.getWebDriver()
              ^

1 error]]></system-out>
         <system-err><![CDATA[2019-04-23 13:39:25 - [TEST_CASE][ERROR] - Test Cases/Operational_Dashboard/150: Test Cases/Operational_Dashboard/150 FAILED because (of) org.codehaus.groovy.control.MultipleCompilationErrorsException: startup failed:
file:/C:/Users/cloudkibo/Desktop/KiboPush_Automated_Testing/KiboPush%20Katalon/Scripts/Operational_Dashboard/150/Script1554873419070.groovy: 32: The current scope already contains a variable of the name driver
 @ line 32, column 12.
    WebDriver driver = DriverFactory.getWebDriver()
              ^

1 error]]></system-err>
      </testcase>
      <testcase name="Test Cases/Operational_Dashboard/151" classname="Test Cases/Operational_Dashboard/151" status="ERROR">
         <error type="ERROR" message="Test Cases/Operational_Dashboard/151 FAILED because (of) org.codehaus.groovy.control.MultipleCompilationErrorsException: startup failed:
file:/C:/Users/cloudkibo/Desktop/KiboPush_Automated_Testing/KiboPush%20Katalon/Scripts/Operational_Dashboard/151/Script1554873432936.groovy: 36: The current scope already contains a variable of the name driver
 @ line 36, column 11.
   WebDriver driver = DriverFactory.getWebDriver()
             ^

1 error
"/>
         <system-out><![CDATA[2019-04-23 13:39:25 - [TEST_CASE][ERROR] - Test Cases/Operational_Dashboard/151: Test Cases/Operational_Dashboard/151 FAILED because (of) org.codehaus.groovy.control.MultipleCompilationErrorsException: startup failed:
file:/C:/Users/cloudkibo/Desktop/KiboPush_Automated_Testing/KiboPush%20Katalon/Scripts/Operational_Dashboard/151/Script1554873432936.groovy: 36: The current scope already contains a variable of the name driver
 @ line 36, column 11.
   WebDriver driver = DriverFactory.getWebDriver()
             ^

1 error]]></system-out>
         <system-err><![CDATA[2019-04-23 13:39:25 - [TEST_CASE][ERROR] - Test Cases/Operational_Dashboard/151: Test Cases/Operational_Dashboard/151 FAILED because (of) org.codehaus.groovy.control.MultipleCompilationErrorsException: startup failed:
file:/C:/Users/cloudkibo/Desktop/KiboPush_Automated_Testing/KiboPush%20Katalon/Scripts/Operational_Dashboard/151/Script1554873432936.groovy: 36: The current scope already contains a variable of the name driver
 @ line 36, column 11.
   WebDriver driver = DriverFactory.getWebDriver()
             ^

1 error]]></system-err>
      </testcase>
      <testcase name="Test Cases/Operational_Dashboard/152" classname="Test Cases/Operational_Dashboard/152" status="FAILED">
         <failure type="FAILED" message="Unable to verify actual number '0' greater than or equal with expected number '1' (Root cause: Actual number '0' is NOT greater than or equal to expected number '1')"/>
         <system-out><![CDATA[2019-04-23 13:39:25 - [TEST_CASE][FAILED] - Test Cases/Operational_Dashboard/152: Test Cases/Operational_Dashboard/152 FAILED because (of) Unable to verify actual number '0' greater than or equal with expected number '1' (Root cause: Actual number '0' is NOT greater than or equal to expected number '1')

2019-04-23 13:39:25 - [TEST_STEP][FAILED] - callTestCase: Unable to call Test Case with id 'Test Cases/Operational_Dashboard/141' (Root cause: Call Test Case 'Test Cases/Operational_Dashboard/141' failed)

2019-04-23 13:39:25 - [TEST_CASE][FAILED] - Test Cases/Operational_Dashboard/141: Test Cases/Operational_Dashboard/141 FAILED because (of) Unable to verify actual number '0' greater than or equal with expected number '1' (Root cause: Actual number '0' is NOT greater than or equal to expected number '1')

2019-04-23 13:39:26 - [TEST_STEP][PASSED] - callTestCase: Call Test Case 'Test Cases/Operational_Dashboard/Login' successfully

2019-04-23 13:39:26 - [TEST_CASE][PASSED] - Test Cases/Operational_Dashboard/Login: Test Cases/Operational_Dashboard/Login

2019-04-23 13:39:26 - [TEST_STEP][PASSED] - callTestCase: Call Test Case 'Test Cases/s-sidebar_navigation/individualAccount/operationalDashboard' successfully

2019-04-23 13:39:26 - [TEST_CASE][PASSED] - Test Cases/s-sidebar_navigation/individualAccount/operationalDashboard: Test Cases/s-sidebar_navigation/individualAccount/operationalDashboard

2019-04-23 13:39:26 - [TEST_STEP][PASSED] - click: Object: 'Object Repository/Page_KiboEngage  Subscribers/span_Subscribers' is clicked on

2019-04-23 13:39:26 - [MESSAGE][PASSED] - Object: 'Object Repository/Page_KiboEngage  Subscribers/span_Subscribers' is clicked on

2019-04-23 13:39:26 - [TEST_STEP][PASSED] - click: Object: 'Object Repository/Page_KiboEngage  Subscribers/span_Operational Dashboard (1)' is clicked on

2019-04-23 13:39:27 - [MESSAGE][PASSED] - Object: 'Object Repository/Page_KiboEngage  Subscribers/span_Operational Dashboard (1)' is clicked on

2019-04-23 13:39:27 - [TEST_STEP][PASSED] - scrollToPosition: Browser is scrolled to position x = 0, y = 0

2019-04-23 13:39:27 - [MESSAGE][PASSED] - Browser is scrolled to position x = 0, y = 0

2019-04-23 13:39:27 - [TEST_STEP][PASSED] - click: Object: 'Object Repository/Page_KiboEngage  Operational Dashbo/h3_Pages Info (4)' is clicked on

2019-04-23 13:39:27 - [MESSAGE][PASSED] - Object: 'Object Repository/Page_KiboEngage  Operational Dashbo/h3_Pages Info (4)' is clicked on

2019-04-23 13:39:27 - [MESSAGE][PASSED] - Call Test Case 'Test Cases/s-sidebar_navigation/individualAccount/operationalDashboard' successfully

2019-04-23 13:39:27 - [MESSAGE][PASSED] - Call Test Case 'Test Cases/Operational_Dashboard/Login' successfully

2019-04-23 13:39:27 - [TEST_STEP][PASSED] - delay: Delayed 2 second(s)

2019-04-23 13:39:29 - [MESSAGE][PASSED] - Delayed 2 second(s)

2019-04-23 13:39:29 - [TEST_STEP][PASSED] - setText: Text 'Muzamil Bukhari' is set on object 'Object Repository/Page_KiboEngage  Operational Dashbo/input_form-control m-input m-i'

2019-04-23 13:39:31 - [MESSAGE][PASSED] - Text 'Muzamil Bukhari' is set on object 'Object Repository/Page_KiboEngage  Operational Dashbo/input_form-control m-input m-i'

2019-04-23 13:39:31 - [TEST_STEP][PASSED] - delay: Delayed 5 second(s)

2019-04-23 13:39:36 - [MESSAGE][PASSED] - Delayed 5 second(s)

2019-04-23 13:39:36 - [TEST_STEP][PASSED] - click: Object: 'Object Repository/Page_KiboEngage  Operational Dashbo/button_See more' is clicked on

2019-04-23 13:39:36 - [MESSAGE][PASSED] - Object: 'Object Repository/Page_KiboEngage  Operational Dashbo/button_See more' is clicked on

2019-04-23 13:39:36 - [TEST_STEP][PASSED] - delay: Delayed 1 second(s)

2019-04-23 13:39:37 - [MESSAGE][PASSED] - Delayed 1 second(s)

2019-04-23 13:39:37 - [TEST_STEP][PASSED] - scrollToPosition: Browser is scrolled to position x = 0, y = 0

2019-04-23 13:39:37 - [MESSAGE][PASSED] - Browser is scrolled to position x = 0, y = 0

2019-04-23 13:39:37 - [TEST_STEP][PASSED] - delay: Delayed 5 second(s)

2019-04-23 13:39:42 - [MESSAGE][PASSED] - Delayed 5 second(s)

2019-04-23 13:39:42 - [TEST_STEP][PASSED] - Statement - driver = com.kms.katalon.core.webui.driver.DriverFactory.getWebDriver(): null

2019-04-23 13:39:42 - [TEST_STEP][PASSED] - Statement - rows_table = driver.findElements(org.openqa.selenium.By.xpath("//*[@id="content"]/div/div/div/div[2]/div[3]/div[2]/div/div/div[2]/div/div/div[2]/table/tbody/tr")): null

2019-04-23 13:39:42 - [TEST_STEP][PASSED] - Statement - rows_count = rows_table.size(): null

2019-04-23 13:39:42 - [TEST_STEP][FAILED] - verifyGreaterThanOrEqual: Unable to verify actual number '0' greater than or equal with expected number '1' (Root cause: Actual number '0' is NOT greater than or equal to expected number '1')

2019-04-23 13:39:42 - [MESSAGE][FAILED] - Unable to verify actual number '0' greater than or equal with expected number '1' (Root cause: Actual number '0' is NOT greater than or equal to expected number '1')

2019-04-23 13:39:42 - [MESSAGE][FAILED] - Unable to call Test Case with id 'Test Cases/Operational_Dashboard/141' (Root cause: Call Test Case 'Test Cases/Operational_Dashboard/141' failed)]]></system-out>
         <system-err><![CDATA[2019-04-23 13:39:25 - [TEST_CASE][FAILED] - Test Cases/Operational_Dashboard/152: Test Cases/Operational_Dashboard/152 FAILED because (of) Unable to verify actual number '0' greater than or equal with expected number '1' (Root cause: Actual number '0' is NOT greater than or equal to expected number '1')]]></system-err>
      </testcase>
      <testcase name="Test Cases/Operational_Dashboard/157" classname="Test Cases/Operational_Dashboard/157" status="FAILED">
         <failure type="FAILED" message="Unable to verify actual number '0' greater than or equal with expected number '1' (Root cause: Actual number '0' is NOT greater than or equal to expected number '1')"/>
         <system-out><![CDATA[2019-04-23 13:39:42 - [TEST_CASE][FAILED] - Test Cases/Operational_Dashboard/157: Test Cases/Operational_Dashboard/157 FAILED because (of) Unable to verify actual number '0' greater than or equal with expected number '1' (Root cause: Actual number '0' is NOT greater than or equal to expected number '1')

2019-04-23 13:39:43 - [TEST_STEP][PASSED] - callTestCase: Call Test Case 'Test Cases/Operational_Dashboard/Login' successfully

2019-04-23 13:39:43 - [TEST_CASE][PASSED] - Test Cases/Operational_Dashboard/Login: Test Cases/Operational_Dashboard/Login

2019-04-23 13:39:43 - [TEST_STEP][PASSED] - callTestCase: Call Test Case 'Test Cases/s-sidebar_navigation/individualAccount/operationalDashboard' successfully

2019-04-23 13:39:43 - [TEST_CASE][PASSED] - Test Cases/s-sidebar_navigation/individualAccount/operationalDashboard: Test Cases/s-sidebar_navigation/individualAccount/operationalDashboard

2019-04-23 13:39:43 - [TEST_STEP][PASSED] - click: Object: 'Object Repository/Page_KiboEngage  Subscribers/span_Subscribers' is clicked on

2019-04-23 13:39:44 - [MESSAGE][PASSED] - Object: 'Object Repository/Page_KiboEngage  Subscribers/span_Subscribers' is clicked on

2019-04-23 13:39:44 - [TEST_STEP][PASSED] - click: Object: 'Object Repository/Page_KiboEngage  Subscribers/span_Operational Dashboard (1)' is clicked on

2019-04-23 13:39:44 - [MESSAGE][PASSED] - Object: 'Object Repository/Page_KiboEngage  Subscribers/span_Operational Dashboard (1)' is clicked on

2019-04-23 13:39:44 - [TEST_STEP][PASSED] - scrollToPosition: Browser is scrolled to position x = 0, y = 0

2019-04-23 13:39:45 - [MESSAGE][PASSED] - Browser is scrolled to position x = 0, y = 0

2019-04-23 13:39:45 - [TEST_STEP][PASSED] - click: Object: 'Object Repository/Page_KiboEngage  Operational Dashbo/h3_Pages Info (4)' is clicked on

2019-04-23 13:39:46 - [MESSAGE][PASSED] - Object: 'Object Repository/Page_KiboEngage  Operational Dashbo/h3_Pages Info (4)' is clicked on

2019-04-23 13:39:46 - [MESSAGE][PASSED] - Call Test Case 'Test Cases/s-sidebar_navigation/individualAccount/operationalDashboard' successfully

2019-04-23 13:39:46 - [MESSAGE][PASSED] - Call Test Case 'Test Cases/Operational_Dashboard/Login' successfully

2019-04-23 13:39:46 - [TEST_STEP][PASSED] - delay: Delayed 2 second(s)

2019-04-23 13:39:48 - [MESSAGE][PASSED] - Delayed 2 second(s)

2019-04-23 13:39:48 - [TEST_STEP][PASSED] - setText: Text 'Muzamil Bukhari' is set on object 'Object Repository/Page_KiboEngage  Operational Dashbo/input_form-control m-input m-i'

2019-04-23 13:39:49 - [MESSAGE][PASSED] - Text 'Muzamil Bukhari' is set on object 'Object Repository/Page_KiboEngage  Operational Dashbo/input_form-control m-input m-i'

2019-04-23 13:39:49 - [TEST_STEP][PASSED] - delay: Delayed 5 second(s)

2019-04-23 13:39:54 - [MESSAGE][PASSED] - Delayed 5 second(s)

2019-04-23 13:39:54 - [TEST_STEP][PASSED] - click: Object: 'Object Repository/Page_KiboEngage  Operational Dashbo/button_See more' is clicked on

2019-04-23 13:39:54 - [MESSAGE][PASSED] - Object: 'Object Repository/Page_KiboEngage  Operational Dashbo/button_See more' is clicked on

2019-04-23 13:39:54 - [TEST_STEP][PASSED] - delay: Delayed 1 second(s)

2019-04-23 13:39:55 - [MESSAGE][PASSED] - Delayed 1 second(s)

2019-04-23 13:39:55 - [TEST_STEP][PASSED] - scrollToPosition: Browser is scrolled to position x = 0, y = 0

2019-04-23 13:39:56 - [MESSAGE][PASSED] - Browser is scrolled to position x = 0, y = 0

2019-04-23 13:39:56 - [TEST_STEP][PASSED] - delay: Delayed 5 second(s)

2019-04-23 13:40:01 - [MESSAGE][PASSED] - Delayed 5 second(s)

2019-04-23 13:40:01 - [TEST_STEP][PASSED] - Statement - driver = com.kms.katalon.core.webui.driver.DriverFactory.getWebDriver(): null

2019-04-23 13:40:01 - [TEST_STEP][PASSED] - Statement - rows_table = driver.findElements(org.openqa.selenium.By.xpath("//*[@id="content"]/div/div/div/div[2]/div[3]/div[4]/div/div/div[2]/div/div/div[2]/table/tbody/tr")): null

2019-04-23 13:40:01 - [TEST_STEP][PASSED] - Statement - rows_count = rows_table.size(): null

2019-04-23 13:40:01 - [TEST_STEP][FAILED] - verifyGreaterThanOrEqual: Unable to verify actual number '0' greater than or equal with expected number '1' (Root cause: Actual number '0' is NOT greater than or equal to expected number '1')

2019-04-23 13:40:01 - [MESSAGE][FAILED] - Unable to verify actual number '0' greater than or equal with expected number '1' (Root cause: Actual number '0' is NOT greater than or equal to expected number '1')]]></system-out>
         <system-err><![CDATA[2019-04-23 13:39:42 - [TEST_CASE][FAILED] - Test Cases/Operational_Dashboard/157: Test Cases/Operational_Dashboard/157 FAILED because (of) Unable to verify actual number '0' greater than or equal with expected number '1' (Root cause: Actual number '0' is NOT greater than or equal to expected number '1')]]></system-err>
      </testcase>
      <testcase name="Test Cases/Operational_Dashboard/158" classname="Test Cases/Operational_Dashboard/158" status="ERROR">
         <error type="ERROR" message="Test Cases/Operational_Dashboard/158 FAILED because (of) org.codehaus.groovy.control.MultipleCompilationErrorsException: startup failed:
file:/C:/Users/cloudkibo/Desktop/KiboPush_Automated_Testing/KiboPush%20Katalon/Scripts/Operational_Dashboard/158/Script1554874944074.groovy: 36: The current scope already contains a variable of the name driver
 @ line 36, column 11.
   WebDriver driver = DriverFactory.getWebDriver()
             ^

1 error
"/>
         <system-out><![CDATA[2019-04-23 13:40:01 - [TEST_CASE][ERROR] - Test Cases/Operational_Dashboard/158: Test Cases/Operational_Dashboard/158 FAILED because (of) org.codehaus.groovy.control.MultipleCompilationErrorsException: startup failed:
file:/C:/Users/cloudkibo/Desktop/KiboPush_Automated_Testing/KiboPush%20Katalon/Scripts/Operational_Dashboard/158/Script1554874944074.groovy: 36: The current scope already contains a variable of the name driver
 @ line 36, column 11.
   WebDriver driver = DriverFactory.getWebDriver()
             ^

1 error]]></system-out>
         <system-err><![CDATA[2019-04-23 13:40:01 - [TEST_CASE][ERROR] - Test Cases/Operational_Dashboard/158: Test Cases/Operational_Dashboard/158 FAILED because (of) org.codehaus.groovy.control.MultipleCompilationErrorsException: startup failed:
file:/C:/Users/cloudkibo/Desktop/KiboPush_Automated_Testing/KiboPush%20Katalon/Scripts/Operational_Dashboard/158/Script1554874944074.groovy: 36: The current scope already contains a variable of the name driver
 @ line 36, column 11.
   WebDriver driver = DriverFactory.getWebDriver()
             ^

1 error]]></system-err>
      </testcase>
      <testcase name="Test Cases/Operational_Dashboard/159" classname="Test Cases/Operational_Dashboard/159" status="ERROR">
         <error type="ERROR" message="Test Cases/Operational_Dashboard/159 FAILED because (of) org.codehaus.groovy.control.MultipleCompilationErrorsException: startup failed:
file:/C:/Users/cloudkibo/Desktop/KiboPush_Automated_Testing/KiboPush%20Katalon/Scripts/Operational_Dashboard/159/Script1554875798805.groovy: 32: The current scope already contains a variable of the name driver
 @ line 32, column 12.
    WebDriver driver = DriverFactory.getWebDriver()
              ^

1 error
"/>
         <system-out><![CDATA[2019-04-23 13:40:01 - [TEST_CASE][ERROR] - Test Cases/Operational_Dashboard/159: Test Cases/Operational_Dashboard/159 FAILED because (of) org.codehaus.groovy.control.MultipleCompilationErrorsException: startup failed:
file:/C:/Users/cloudkibo/Desktop/KiboPush_Automated_Testing/KiboPush%20Katalon/Scripts/Operational_Dashboard/159/Script1554875798805.groovy: 32: The current scope already contains a variable of the name driver
 @ line 32, column 12.
    WebDriver driver = DriverFactory.getWebDriver()
              ^

1 error]]></system-out>
         <system-err><![CDATA[2019-04-23 13:40:01 - [TEST_CASE][ERROR] - Test Cases/Operational_Dashboard/159: Test Cases/Operational_Dashboard/159 FAILED because (of) org.codehaus.groovy.control.MultipleCompilationErrorsException: startup failed:
file:/C:/Users/cloudkibo/Desktop/KiboPush_Automated_Testing/KiboPush%20Katalon/Scripts/Operational_Dashboard/159/Script1554875798805.groovy: 32: The current scope already contains a variable of the name driver
 @ line 32, column 12.
    WebDriver driver = DriverFactory.getWebDriver()
              ^

1 error]]></system-err>
      </testcase>
      <testcase name="Test Cases/Operational_Dashboard/160" classname="Test Cases/Operational_Dashboard/160" status="ERROR">
         <error type="ERROR" message="Test Cases/Operational_Dashboard/160 FAILED because (of) org.codehaus.groovy.control.MultipleCompilationErrorsException: startup failed:
file:/C:/Users/cloudkibo/Desktop/KiboPush_Automated_Testing/KiboPush%20Katalon/Scripts/Operational_Dashboard/160/Script1554876164459.groovy: 36: The current scope already contains a variable of the name driver
 @ line 36, column 11.
   WebDriver driver = DriverFactory.getWebDriver()
             ^

1 error
"/>
         <system-out><![CDATA[2019-04-23 13:40:01 - [TEST_CASE][ERROR] - Test Cases/Operational_Dashboard/160: Test Cases/Operational_Dashboard/160 FAILED because (of) org.codehaus.groovy.control.MultipleCompilationErrorsException: startup failed:
file:/C:/Users/cloudkibo/Desktop/KiboPush_Automated_Testing/KiboPush%20Katalon/Scripts/Operational_Dashboard/160/Script1554876164459.groovy: 36: The current scope already contains a variable of the name driver
 @ line 36, column 11.
   WebDriver driver = DriverFactory.getWebDriver()
             ^

1 error]]></system-out>
         <system-err><![CDATA[2019-04-23 13:40:01 - [TEST_CASE][ERROR] - Test Cases/Operational_Dashboard/160: Test Cases/Operational_Dashboard/160 FAILED because (of) org.codehaus.groovy.control.MultipleCompilationErrorsException: startup failed:
file:/C:/Users/cloudkibo/Desktop/KiboPush_Automated_Testing/KiboPush%20Katalon/Scripts/Operational_Dashboard/160/Script1554876164459.groovy: 36: The current scope already contains a variable of the name driver
 @ line 36, column 11.
   WebDriver driver = DriverFactory.getWebDriver()
             ^

1 error]]></system-err>
      </testcase>
      <testcase name="Test Cases/Operational_Dashboard/161" classname="Test Cases/Operational_Dashboard/161" status="FAILED">
         <failure type="FAILED" message="Unable to verify actual number '0' greater than or equal with expected number '1' (Root cause: Actual number '0' is NOT greater than or equal to expected number '1')"/>
         <system-out><![CDATA[2019-04-23 13:40:01 - [TEST_CASE][FAILED] - Test Cases/Operational_Dashboard/161: Test Cases/Operational_Dashboard/161 FAILED because (of) Unable to verify actual number '0' greater than or equal with expected number '1' (Root cause: Actual number '0' is NOT greater than or equal to expected number '1')

2019-04-23 13:40:01 - [TEST_STEP][FAILED] - callTestCase: Unable to call Test Case with id 'Test Cases/Operational_Dashboard/141' (Root cause: Call Test Case 'Test Cases/Operational_Dashboard/141' failed)

2019-04-23 13:40:01 - [TEST_CASE][FAILED] - Test Cases/Operational_Dashboard/141: Test Cases/Operational_Dashboard/141 FAILED because (of) Unable to verify actual number '0' greater than or equal with expected number '1' (Root cause: Actual number '0' is NOT greater than or equal to expected number '1')

2019-04-23 13:40:01 - [TEST_STEP][PASSED] - callTestCase: Call Test Case 'Test Cases/Operational_Dashboard/Login' successfully

2019-04-23 13:40:01 - [TEST_CASE][PASSED] - Test Cases/Operational_Dashboard/Login: Test Cases/Operational_Dashboard/Login

2019-04-23 13:40:01 - [TEST_STEP][PASSED] - callTestCase: Call Test Case 'Test Cases/s-sidebar_navigation/individualAccount/operationalDashboard' successfully

2019-04-23 13:40:01 - [TEST_CASE][PASSED] - Test Cases/s-sidebar_navigation/individualAccount/operationalDashboard: Test Cases/s-sidebar_navigation/individualAccount/operationalDashboard

2019-04-23 13:40:01 - [TEST_STEP][PASSED] - click: Object: 'Object Repository/Page_KiboEngage  Subscribers/span_Subscribers' is clicked on

2019-04-23 13:40:02 - [MESSAGE][PASSED] - Object: 'Object Repository/Page_KiboEngage  Subscribers/span_Subscribers' is clicked on

2019-04-23 13:40:02 - [TEST_STEP][PASSED] - click: Object: 'Object Repository/Page_KiboEngage  Subscribers/span_Operational Dashboard (1)' is clicked on

2019-04-23 13:40:02 - [MESSAGE][PASSED] - Object: 'Object Repository/Page_KiboEngage  Subscribers/span_Operational Dashboard (1)' is clicked on

2019-04-23 13:40:02 - [TEST_STEP][PASSED] - scrollToPosition: Browser is scrolled to position x = 0, y = 0

2019-04-23 13:40:02 - [MESSAGE][PASSED] - Browser is scrolled to position x = 0, y = 0

2019-04-23 13:40:02 - [TEST_STEP][PASSED] - click: Object: 'Object Repository/Page_KiboEngage  Operational Dashbo/h3_Pages Info (4)' is clicked on

2019-04-23 13:40:03 - [MESSAGE][PASSED] - Object: 'Object Repository/Page_KiboEngage  Operational Dashbo/h3_Pages Info (4)' is clicked on

2019-04-23 13:40:03 - [MESSAGE][PASSED] - Call Test Case 'Test Cases/s-sidebar_navigation/individualAccount/operationalDashboard' successfully

2019-04-23 13:40:03 - [MESSAGE][PASSED] - Call Test Case 'Test Cases/Operational_Dashboard/Login' successfully

2019-04-23 13:40:03 - [TEST_STEP][PASSED] - delay: Delayed 2 second(s)

2019-04-23 13:40:05 - [MESSAGE][PASSED] - Delayed 2 second(s)

2019-04-23 13:40:05 - [TEST_STEP][PASSED] - setText: Text 'Muzamil Bukhari' is set on object 'Object Repository/Page_KiboEngage  Operational Dashbo/input_form-control m-input m-i'

2019-04-23 13:40:07 - [MESSAGE][PASSED] - Text 'Muzamil Bukhari' is set on object 'Object Repository/Page_KiboEngage  Operational Dashbo/input_form-control m-input m-i'

2019-04-23 13:40:07 - [TEST_STEP][PASSED] - delay: Delayed 5 second(s)

2019-04-23 13:40:12 - [MESSAGE][PASSED] - Delayed 5 second(s)

2019-04-23 13:40:12 - [TEST_STEP][PASSED] - click: Object: 'Object Repository/Page_KiboEngage  Operational Dashbo/button_See more' is clicked on

2019-04-23 13:40:12 - [MESSAGE][PASSED] - Object: 'Object Repository/Page_KiboEngage  Operational Dashbo/button_See more' is clicked on

2019-04-23 13:40:12 - [TEST_STEP][PASSED] - delay: Delayed 1 second(s)

2019-04-23 13:40:13 - [MESSAGE][PASSED] - Delayed 1 second(s)

2019-04-23 13:40:13 - [TEST_STEP][PASSED] - scrollToPosition: Browser is scrolled to position x = 0, y = 0

2019-04-23 13:40:13 - [MESSAGE][PASSED] - Browser is scrolled to position x = 0, y = 0

2019-04-23 13:40:13 - [TEST_STEP][PASSED] - delay: Delayed 5 second(s)

2019-04-23 13:40:18 - [MESSAGE][PASSED] - Delayed 5 second(s)

2019-04-23 13:40:18 - [TEST_STEP][PASSED] - Statement - driver = com.kms.katalon.core.webui.driver.DriverFactory.getWebDriver(): null

2019-04-23 13:40:18 - [TEST_STEP][PASSED] - Statement - rows_table = driver.findElements(org.openqa.selenium.By.xpath("//*[@id="content"]/div/div/div/div[2]/div[3]/div[2]/div/div/div[2]/div/div/div[2]/table/tbody/tr")): null

2019-04-23 13:40:18 - [TEST_STEP][PASSED] - Statement - rows_count = rows_table.size(): null

2019-04-23 13:40:18 - [TEST_STEP][FAILED] - verifyGreaterThanOrEqual: Unable to verify actual number '0' greater than or equal with expected number '1' (Root cause: Actual number '0' is NOT greater than or equal to expected number '1')

2019-04-23 13:40:18 - [MESSAGE][FAILED] - Unable to verify actual number '0' greater than or equal with expected number '1' (Root cause: Actual number '0' is NOT greater than or equal to expected number '1')

2019-04-23 13:40:18 - [MESSAGE][FAILED] - Unable to call Test Case with id 'Test Cases/Operational_Dashboard/141' (Root cause: Call Test Case 'Test Cases/Operational_Dashboard/141' failed)]]></system-out>
         <system-err><![CDATA[2019-04-23 13:40:01 - [TEST_CASE][FAILED] - Test Cases/Operational_Dashboard/161: Test Cases/Operational_Dashboard/161 FAILED because (of) Unable to verify actual number '0' greater than or equal with expected number '1' (Root cause: Actual number '0' is NOT greater than or equal to expected number '1')]]></system-err>
      </testcase>
      <testcase name="Test Cases/Operational_Dashboard/166" classname="Test Cases/Operational_Dashboard/166" status="FAILED">
         <failure type="FAILED" message="Unable to click on object (Root cause: java.lang.IllegalArgumentException: Object is null)"/>
         <system-out><![CDATA[2019-04-23 13:40:18 - [TEST_CASE][FAILED] - Test Cases/Operational_Dashboard/166: Test Cases/Operational_Dashboard/166 FAILED because (of) Unable to click on object (Root cause: java.lang.IllegalArgumentException: Object is null)

2019-04-23 13:40:19 - [TEST_STEP][PASSED] - callTestCase: Call Test Case 'Test Cases/Operational_Dashboard/134' successfully

2019-04-23 13:40:19 - [TEST_CASE][PASSED] - Test Cases/Operational_Dashboard/134: Test Cases/Operational_Dashboard/134

2019-04-23 13:40:19 - [TEST_STEP][PASSED] - callTestCase: Call Test Case 'Test Cases/Operational_Dashboard/Login' successfully

2019-04-23 13:40:19 - [TEST_CASE][PASSED] - Test Cases/Operational_Dashboard/Login: Test Cases/Operational_Dashboard/Login

2019-04-23 13:40:19 - [TEST_STEP][PASSED] - callTestCase: Call Test Case 'Test Cases/s-sidebar_navigation/individualAccount/operationalDashboard' successfully

2019-04-23 13:40:19 - [TEST_CASE][PASSED] - Test Cases/s-sidebar_navigation/individualAccount/operationalDashboard: Test Cases/s-sidebar_navigation/individualAccount/operationalDashboard

2019-04-23 13:40:19 - [TEST_STEP][PASSED] - click: Object: 'Object Repository/Page_KiboEngage  Subscribers/span_Subscribers' is clicked on

2019-04-23 13:40:20 - [MESSAGE][PASSED] - Object: 'Object Repository/Page_KiboEngage  Subscribers/span_Subscribers' is clicked on

2019-04-23 13:40:20 - [TEST_STEP][PASSED] - click: Object: 'Object Repository/Page_KiboEngage  Subscribers/span_Operational Dashboard (1)' is clicked on

2019-04-23 13:40:20 - [MESSAGE][PASSED] - Object: 'Object Repository/Page_KiboEngage  Subscribers/span_Operational Dashboard (1)' is clicked on

2019-04-23 13:40:20 - [TEST_STEP][PASSED] - scrollToPosition: Browser is scrolled to position x = 0, y = 0

2019-04-23 13:40:20 - [MESSAGE][PASSED] - Browser is scrolled to position x = 0, y = 0

2019-04-23 13:40:20 - [TEST_STEP][PASSED] - click: Object: 'Object Repository/Page_KiboEngage  Operational Dashbo/h3_Pages Info (4)' is clicked on

2019-04-23 13:40:21 - [MESSAGE][PASSED] - Object: 'Object Repository/Page_KiboEngage  Operational Dashbo/h3_Pages Info (4)' is clicked on

2019-04-23 13:40:21 - [MESSAGE][PASSED] - Call Test Case 'Test Cases/s-sidebar_navigation/individualAccount/operationalDashboard' successfully

2019-04-23 13:40:21 - [MESSAGE][PASSED] - Call Test Case 'Test Cases/Operational_Dashboard/Login' successfully

2019-04-23 13:40:21 - [TEST_STEP][PASSED] - delay: Delayed 5 second(s)

2019-04-23 13:40:26 - [MESSAGE][PASSED] - Delayed 5 second(s)

2019-04-23 13:40:26 - [TEST_STEP][PASSED] - click: Object: 'Object Repository/Page_KiboEngage  Operational Dashbo/button_See more' is clicked on

2019-04-23 13:40:26 - [MESSAGE][PASSED] - Object: 'Object Repository/Page_KiboEngage  Operational Dashbo/button_See more' is clicked on

2019-04-23 13:40:26 - [TEST_STEP][PASSED] - delay: Delayed 1 second(s)

2019-04-23 13:40:27 - [MESSAGE][PASSED] - Delayed 1 second(s)

2019-04-23 13:40:27 - [TEST_STEP][PASSED] - scrollToPosition: Browser is scrolled to position x = 0, y = 0

2019-04-23 13:40:27 - [MESSAGE][PASSED] - Browser is scrolled to position x = 0, y = 0

2019-04-23 13:40:27 - [TEST_STEP][PASSED] - verifyTextPresent: Text 'Pages' is present on page 

2019-04-23 13:40:27 - [MESSAGE][PASSED] - Text 'Pages' is present on page 

2019-04-23 13:40:27 - [TEST_STEP][PASSED] - verifyTextPresent: Text 'Broadcasts' is present on page 

2019-04-23 13:40:28 - [MESSAGE][PASSED] - Text 'Broadcasts' is present on page 

2019-04-23 13:40:28 - [TEST_STEP][PASSED] - verifyTextPresent: Text 'Surveys' is present on page 

2019-04-23 13:40:28 - [MESSAGE][PASSED] - Text 'Surveys' is present on page 

2019-04-23 13:40:28 - [TEST_STEP][PASSED] - verifyTextPresent: Text 'Polls' is present on page 

2019-04-23 13:40:28 - [MESSAGE][PASSED] - Text 'Polls' is present on page 

2019-04-23 13:40:28 - [MESSAGE][PASSED] - Call Test Case 'Test Cases/Operational_Dashboard/134' successfully

2019-04-23 13:40:28 - [TEST_STEP][FAILED] - click: Unable to click on object (Root cause: java.lang.IllegalArgumentException: Object is null)

2019-04-23 13:40:28 - [MESSAGE][WARNING] - Test object with id 'Object Repository/Page_KiboEngage  User Details/a_Back' does not exist

2019-04-23 13:40:28 - [MESSAGE][WARNING] - Test object with id 'Object Repository/' does not exist

2019-04-23 13:40:29 - [MESSAGE][FAILED] - Unable to click on object (Root cause: java.lang.IllegalArgumentException: Object is null)
[[ATTACHMENT|C:\\Users\\cloudkibo\\Desktop\\KiboPush_Automated_Testing\\KiboPush Katalon\\Reports\\operationalDashboard\\20190423_133225\\1556008828597.png]]]]></system-out>
         <system-err><![CDATA[2019-04-23 13:40:18 - [TEST_CASE][FAILED] - Test Cases/Operational_Dashboard/166: Test Cases/Operational_Dashboard/166 FAILED because (of) Unable to click on object (Root cause: java.lang.IllegalArgumentException: Object is null)]]></system-err>
      </testcase>
      <testcase name="Test Cases/Operational_Dashboard/167" classname="Test Cases/Operational_Dashboard/167" status="PASSED">
         <system-out><![CDATA[2019-04-23 13:40:29 - [TEST_CASE][PASSED] - Test Cases/Operational_Dashboard/167: Test Cases/Operational_Dashboard/167

2019-04-23 13:40:29 - [TEST_STEP][PASSED] - callTestCase: Call Test Case 'Test Cases/Operational_Dashboard/Login' successfully

2019-04-23 13:40:29 - [TEST_CASE][PASSED] - Test Cases/Operational_Dashboard/Login: Test Cases/Operational_Dashboard/Login

2019-04-23 13:40:29 - [TEST_STEP][PASSED] - callTestCase: Call Test Case 'Test Cases/s-sidebar_navigation/individualAccount/operationalDashboard' successfully

2019-04-23 13:40:29 - [TEST_CASE][PASSED] - Test Cases/s-sidebar_navigation/individualAccount/operationalDashboard: Test Cases/s-sidebar_navigation/individualAccount/operationalDashboard

2019-04-23 13:40:29 - [TEST_STEP][PASSED] - click: Object: 'Object Repository/Page_KiboEngage  Subscribers/span_Subscribers' is clicked on

2019-04-23 13:40:30 - [MESSAGE][PASSED] - Object: 'Object Repository/Page_KiboEngage  Subscribers/span_Subscribers' is clicked on

2019-04-23 13:40:30 - [TEST_STEP][PASSED] - click: Object: 'Object Repository/Page_KiboEngage  Subscribers/span_Operational Dashboard (1)' is clicked on

2019-04-23 13:40:32 - [MESSAGE][PASSED] - Object: 'Object Repository/Page_KiboEngage  Subscribers/span_Operational Dashboard (1)' is clicked on

2019-04-23 13:40:32 - [TEST_STEP][PASSED] - scrollToPosition: Browser is scrolled to position x = 0, y = 0

2019-04-23 13:40:32 - [MESSAGE][PASSED] - Browser is scrolled to position x = 0, y = 0

2019-04-23 13:40:32 - [TEST_STEP][PASSED] - click: Object: 'Object Repository/Page_KiboEngage  Operational Dashbo/h3_Pages Info (4)' is clicked on

2019-04-23 13:40:33 - [MESSAGE][PASSED] - Object: 'Object Repository/Page_KiboEngage  Operational Dashbo/h3_Pages Info (4)' is clicked on

2019-04-23 13:40:33 - [MESSAGE][PASSED] - Call Test Case 'Test Cases/s-sidebar_navigation/individualAccount/operationalDashboard' successfully

2019-04-23 13:40:33 - [MESSAGE][PASSED] - Call Test Case 'Test Cases/Operational_Dashboard/Login' successfully

2019-04-23 13:40:33 - [TEST_STEP][PASSED] - click: Object: 'Object Repository/Page_KiboEngage  Operational Dashbo/i_la la-angle-down' is clicked on

2019-04-23 13:40:33 - [MESSAGE][PASSED] - Object: 'Object Repository/Page_KiboEngage  Operational Dashbo/i_la la-angle-down' is clicked on

2019-04-23 13:40:33 - [TEST_STEP][PASSED] - delay: Delayed 5 second(s)

2019-04-23 13:40:38 - [MESSAGE][PASSED] - Delayed 5 second(s)

2019-04-23 13:40:38 - [TEST_STEP][PASSED] - Statement - driver = com.kms.katalon.core.webui.driver.DriverFactory.getWebDriver(): null

2019-04-23 13:40:38 - [TEST_STEP][PASSED] - Statement - rows_table = driver.findElements(org.openqa.selenium.By.xpath("//*[@id="content"]/div/div/div/div[2]/div[3]/div[5]/div/div/div[2]/div/div/div[2]/table/tbody/tr")): null

2019-04-23 13:40:38 - [TEST_STEP][PASSED] - Statement - rows_count = rows_table.size(): null

2019-04-23 13:40:38 - [TEST_STEP][PASSED] - verifyGreaterThanOrEqual: Actual number '10' is greater than or equal to expected number '1'

2019-04-23 13:40:38 - [MESSAGE][PASSED] - Actual number '10' is greater than or equal to expected number '1']]></system-out>
         <system-err><![CDATA[]]></system-err>
      </testcase>
      <testcase name="Test Cases/Operational_Dashboard/168" classname="Test Cases/Operational_Dashboard/168" status="PASSED">
         <system-out><![CDATA[2019-04-23 13:40:38 - [TEST_CASE][PASSED] - Test Cases/Operational_Dashboard/168: Test Cases/Operational_Dashboard/168

2019-04-23 13:40:39 - [TEST_STEP][PASSED] - callTestCase: Call Test Case 'Test Cases/Operational_Dashboard/167' successfully

2019-04-23 13:40:39 - [TEST_CASE][PASSED] - Test Cases/Operational_Dashboard/167: Test Cases/Operational_Dashboard/167

2019-04-23 13:40:39 - [TEST_STEP][PASSED] - callTestCase: Call Test Case 'Test Cases/Operational_Dashboard/Login' successfully

2019-04-23 13:40:39 - [TEST_CASE][PASSED] - Test Cases/Operational_Dashboard/Login: Test Cases/Operational_Dashboard/Login

2019-04-23 13:40:39 - [TEST_STEP][PASSED] - callTestCase: Call Test Case 'Test Cases/s-sidebar_navigation/individualAccount/operationalDashboard' successfully

2019-04-23 13:40:39 - [TEST_CASE][PASSED] - Test Cases/s-sidebar_navigation/individualAccount/operationalDashboard: Test Cases/s-sidebar_navigation/individualAccount/operationalDashboard

2019-04-23 13:40:39 - [TEST_STEP][PASSED] - click: Object: 'Object Repository/Page_KiboEngage  Subscribers/span_Subscribers' is clicked on

2019-04-23 13:40:40 - [MESSAGE][PASSED] - Object: 'Object Repository/Page_KiboEngage  Subscribers/span_Subscribers' is clicked on

2019-04-23 13:40:40 - [TEST_STEP][PASSED] - click: Object: 'Object Repository/Page_KiboEngage  Subscribers/span_Operational Dashboard (1)' is clicked on

2019-04-23 13:40:40 - [MESSAGE][PASSED] - Object: 'Object Repository/Page_KiboEngage  Subscribers/span_Operational Dashboard (1)' is clicked on

2019-04-23 13:40:40 - [TEST_STEP][PASSED] - scrollToPosition: Browser is scrolled to position x = 0, y = 0

2019-04-23 13:40:40 - [MESSAGE][PASSED] - Browser is scrolled to position x = 0, y = 0

2019-04-23 13:40:40 - [TEST_STEP][PASSED] - click: Object: 'Object Repository/Page_KiboEngage  Operational Dashbo/h3_Pages Info (4)' is clicked on

2019-04-23 13:40:41 - [MESSAGE][PASSED] - Object: 'Object Repository/Page_KiboEngage  Operational Dashbo/h3_Pages Info (4)' is clicked on

2019-04-23 13:40:41 - [MESSAGE][PASSED] - Call Test Case 'Test Cases/s-sidebar_navigation/individualAccount/operationalDashboard' successfully

2019-04-23 13:40:41 - [MESSAGE][PASSED] - Call Test Case 'Test Cases/Operational_Dashboard/Login' successfully

2019-04-23 13:40:41 - [TEST_STEP][PASSED] - click: Object: 'Object Repository/Page_KiboEngage  Operational Dashbo/i_la la-angle-down' is clicked on

2019-04-23 13:40:42 - [MESSAGE][PASSED] - Object: 'Object Repository/Page_KiboEngage  Operational Dashbo/i_la la-angle-down' is clicked on

2019-04-23 13:40:42 - [TEST_STEP][PASSED] - delay: Delayed 5 second(s)

2019-04-23 13:40:47 - [MESSAGE][PASSED] - Delayed 5 second(s)

2019-04-23 13:40:47 - [TEST_STEP][PASSED] - Statement - driver = com.kms.katalon.core.webui.driver.DriverFactory.getWebDriver(): null

2019-04-23 13:40:47 - [TEST_STEP][PASSED] - Statement - rows_table = driver.findElements(org.openqa.selenium.By.xpath("//*[@id="content"]/div/div/div/div[2]/div[3]/div[5]/div/div/div[2]/div/div/div[2]/table/tbody/tr")): null

2019-04-23 13:40:47 - [TEST_STEP][PASSED] - Statement - rows_count = rows_table.size(): null

2019-04-23 13:40:47 - [TEST_STEP][PASSED] - verifyGreaterThanOrEqual: Actual number '10' is greater than or equal to expected number '1'

2019-04-23 13:40:47 - [MESSAGE][PASSED] - Actual number '10' is greater than or equal to expected number '1'

2019-04-23 13:40:47 - [MESSAGE][PASSED] - Call Test Case 'Test Cases/Operational_Dashboard/167' successfully

2019-04-23 13:40:47 - [TEST_STEP][PASSED] - Statement - driver = com.kms.katalon.core.webui.driver.DriverFactory.getWebDriver(): null

2019-04-23 13:40:47 - [TEST_STEP][PASSED] - Statement - next = driver.findElement(org.openqa.selenium.By.xpath("//*[@id="content"]/div/div/div/div[2]/div[3]/div[5]/div/div/div[2]/div/div/div[2]/ul/li[8]/a")): null

2019-04-23 13:40:47 - [TEST_STEP][PASSED] - Statement - next.click(): null

2019-04-23 13:40:48 - [TEST_STEP][PASSED] - delay: Delayed 5 second(s)

2019-04-23 13:40:53 - [MESSAGE][PASSED] - Delayed 5 second(s)

2019-04-23 13:40:53 - [TEST_STEP][PASSED] - Statement - rows_table = driver.findElements(org.openqa.selenium.By.xpath("//*[@id="content"]/div/div/div/div[2]/div[3]/div[5]/div/div/div[2]/div/div/div[2]/table/tbody/tr")): null

2019-04-23 13:40:53 - [TEST_STEP][PASSED] - Statement - rows_count = rows_table.size(): null

2019-04-23 13:40:53 - [TEST_STEP][PASSED] - verifyGreaterThanOrEqual: Actual number '10' is greater than or equal to expected number '1'

2019-04-23 13:40:53 - [MESSAGE][PASSED] - Actual number '10' is greater than or equal to expected number '1']]></system-out>
         <system-err><![CDATA[]]></system-err>
      </testcase>
      <testcase name="Test Cases/Operational_Dashboard/169" classname="Test Cases/Operational_Dashboard/169" status="PASSED">
         <system-out><![CDATA[2019-04-23 13:40:53 - [TEST_CASE][PASSED] - Test Cases/Operational_Dashboard/169: Test Cases/Operational_Dashboard/169

2019-04-23 13:40:53 - [TEST_STEP][PASSED] - callTestCase: Call Test Case 'Test Cases/Operational_Dashboard/168' successfully

2019-04-23 13:40:53 - [TEST_CASE][PASSED] - Test Cases/Operational_Dashboard/168: Test Cases/Operational_Dashboard/168

2019-04-23 13:40:53 - [TEST_STEP][PASSED] - callTestCase: Call Test Case 'Test Cases/Operational_Dashboard/167' successfully

2019-04-23 13:40:53 - [TEST_CASE][PASSED] - Test Cases/Operational_Dashboard/167: Test Cases/Operational_Dashboard/167

2019-04-23 13:40:53 - [TEST_STEP][PASSED] - callTestCase: Call Test Case 'Test Cases/Operational_Dashboard/Login' successfully

2019-04-23 13:40:53 - [TEST_CASE][PASSED] - Test Cases/Operational_Dashboard/Login: Test Cases/Operational_Dashboard/Login

2019-04-23 13:40:53 - [TEST_STEP][PASSED] - callTestCase: Call Test Case 'Test Cases/s-sidebar_navigation/individualAccount/operationalDashboard' successfully

2019-04-23 13:40:53 - [TEST_CASE][PASSED] - Test Cases/s-sidebar_navigation/individualAccount/operationalDashboard: Test Cases/s-sidebar_navigation/individualAccount/operationalDashboard

2019-04-23 13:40:53 - [TEST_STEP][PASSED] - click: Object: 'Object Repository/Page_KiboEngage  Subscribers/span_Subscribers' is clicked on

2019-04-23 13:40:54 - [MESSAGE][PASSED] - Object: 'Object Repository/Page_KiboEngage  Subscribers/span_Subscribers' is clicked on

2019-04-23 13:40:54 - [TEST_STEP][PASSED] - click: Object: 'Object Repository/Page_KiboEngage  Subscribers/span_Operational Dashboard (1)' is clicked on

2019-04-23 13:40:54 - [MESSAGE][PASSED] - Object: 'Object Repository/Page_KiboEngage  Subscribers/span_Operational Dashboard (1)' is clicked on

2019-04-23 13:40:54 - [TEST_STEP][PASSED] - scrollToPosition: Browser is scrolled to position x = 0, y = 0

2019-04-23 13:40:54 - [MESSAGE][PASSED] - Browser is scrolled to position x = 0, y = 0

2019-04-23 13:40:54 - [TEST_STEP][PASSED] - click: Object: 'Object Repository/Page_KiboEngage  Operational Dashbo/h3_Pages Info (4)' is clicked on

2019-04-23 13:40:55 - [MESSAGE][PASSED] - Object: 'Object Repository/Page_KiboEngage  Operational Dashbo/h3_Pages Info (4)' is clicked on

2019-04-23 13:40:55 - [MESSAGE][PASSED] - Call Test Case 'Test Cases/s-sidebar_navigation/individualAccount/operationalDashboard' successfully

2019-04-23 13:40:55 - [MESSAGE][PASSED] - Call Test Case 'Test Cases/Operational_Dashboard/Login' successfully

2019-04-23 13:40:55 - [TEST_STEP][PASSED] - click: Object: 'Object Repository/Page_KiboEngage  Operational Dashbo/i_la la-angle-down' is clicked on

2019-04-23 13:40:55 - [MESSAGE][PASSED] - Object: 'Object Repository/Page_KiboEngage  Operational Dashbo/i_la la-angle-down' is clicked on

2019-04-23 13:40:55 - [TEST_STEP][PASSED] - delay: Delayed 5 second(s)

2019-04-23 13:41:00 - [MESSAGE][PASSED] - Delayed 5 second(s)

2019-04-23 13:41:00 - [TEST_STEP][PASSED] - Statement - driver = com.kms.katalon.core.webui.driver.DriverFactory.getWebDriver(): null

2019-04-23 13:41:00 - [TEST_STEP][PASSED] - Statement - rows_table = driver.findElements(org.openqa.selenium.By.xpath("//*[@id="content"]/div/div/div/div[2]/div[3]/div[5]/div/div/div[2]/div/div/div[2]/table/tbody/tr")): null

2019-04-23 13:41:00 - [TEST_STEP][PASSED] - Statement - rows_count = rows_table.size(): null

2019-04-23 13:41:00 - [TEST_STEP][PASSED] - verifyGreaterThanOrEqual: Actual number '10' is greater than or equal to expected number '1'

2019-04-23 13:41:00 - [MESSAGE][PASSED] - Actual number '10' is greater than or equal to expected number '1'

2019-04-23 13:41:00 - [MESSAGE][PASSED] - Call Test Case 'Test Cases/Operational_Dashboard/167' successfully

2019-04-23 13:41:00 - [TEST_STEP][PASSED] - Statement - driver = com.kms.katalon.core.webui.driver.DriverFactory.getWebDriver(): null

2019-04-23 13:41:00 - [TEST_STEP][PASSED] - Statement - next = driver.findElement(org.openqa.selenium.By.xpath("//*[@id="content"]/div/div/div/div[2]/div[3]/div[5]/div/div/div[2]/div/div/div[2]/ul/li[8]/a")): null

2019-04-23 13:41:00 - [TEST_STEP][PASSED] - Statement - next.click(): null

2019-04-23 13:41:01 - [TEST_STEP][PASSED] - delay: Delayed 5 second(s)

2019-04-23 13:41:06 - [MESSAGE][PASSED] - Delayed 5 second(s)

2019-04-23 13:41:06 - [TEST_STEP][PASSED] - Statement - rows_table = driver.findElements(org.openqa.selenium.By.xpath("//*[@id="content"]/div/div/div/div[2]/div[3]/div[5]/div/div/div[2]/div/div/div[2]/table/tbody/tr")): null

2019-04-23 13:41:06 - [TEST_STEP][PASSED] - Statement - rows_count = rows_table.size(): null

2019-04-23 13:41:06 - [TEST_STEP][PASSED] - verifyGreaterThanOrEqual: Actual number '10' is greater than or equal to expected number '1'

2019-04-23 13:41:06 - [MESSAGE][PASSED] - Actual number '10' is greater than or equal to expected number '1'

2019-04-23 13:41:06 - [MESSAGE][PASSED] - Call Test Case 'Test Cases/Operational_Dashboard/168' successfully

2019-04-23 13:41:06 - [TEST_STEP][PASSED] - Statement - driver = com.kms.katalon.core.webui.driver.DriverFactory.getWebDriver(): null

2019-04-23 13:41:06 - [TEST_STEP][PASSED] - Statement - PREVIOUS = driver.findElement(org.openqa.selenium.By.xpath("//*[@id="content"]/div/div/div/div[2]/div[3]/div[5]/div/div/div[2]/div/div/div[2]/ul/li[1]/a")): null

2019-04-23 13:41:06 - [TEST_STEP][PASSED] - Statement - PREVIOUS.click(): null

2019-04-23 13:41:06 - [TEST_STEP][PASSED] - delay: Delayed 5 second(s)

2019-04-23 13:41:11 - [MESSAGE][PASSED] - Delayed 5 second(s)

2019-04-23 13:41:11 - [TEST_STEP][PASSED] - Statement - rows_table = driver.findElements(org.openqa.selenium.By.xpath("//*[@id="content"]/div/div/div/div[2]/div[3]/div[5]/div/div/div[2]/div/div/div[2]/table/tbody/tr")): null

2019-04-23 13:41:11 - [TEST_STEP][PASSED] - Statement - rows_count = rows_table.size(): null

2019-04-23 13:41:11 - [TEST_STEP][PASSED] - verifyGreaterThanOrEqual: Actual number '10' is greater than or equal to expected number '1'

2019-04-23 13:41:11 - [MESSAGE][PASSED] - Actual number '10' is greater than or equal to expected number '1']]></system-out>
         <system-err><![CDATA[]]></system-err>
      </testcase>
      <testcase name="Test Cases/Operational_Dashboard/170" classname="Test Cases/Operational_Dashboard/170" status="PASSED">
         <system-out><![CDATA[2019-04-23 13:41:11 - [TEST_CASE][PASSED] - Test Cases/Operational_Dashboard/170: Test Cases/Operational_Dashboard/170

2019-04-23 13:41:11 - [TEST_STEP][PASSED] - callTestCase: Call Test Case 'Test Cases/Operational_Dashboard/167' successfully

2019-04-23 13:41:11 - [TEST_CASE][PASSED] - Test Cases/Operational_Dashboard/167: Test Cases/Operational_Dashboard/167

2019-04-23 13:41:11 - [TEST_STEP][PASSED] - callTestCase: Call Test Case 'Test Cases/Operational_Dashboard/Login' successfully

2019-04-23 13:41:12 - [TEST_CASE][PASSED] - Test Cases/Operational_Dashboard/Login: Test Cases/Operational_Dashboard/Login

2019-04-23 13:41:12 - [TEST_STEP][PASSED] - callTestCase: Call Test Case 'Test Cases/s-sidebar_navigation/individualAccount/operationalDashboard' successfully

2019-04-23 13:41:12 - [TEST_CASE][PASSED] - Test Cases/s-sidebar_navigation/individualAccount/operationalDashboard: Test Cases/s-sidebar_navigation/individualAccount/operationalDashboard

2019-04-23 13:41:12 - [TEST_STEP][PASSED] - click: Object: 'Object Repository/Page_KiboEngage  Subscribers/span_Subscribers' is clicked on

2019-04-23 13:41:12 - [MESSAGE][PASSED] - Object: 'Object Repository/Page_KiboEngage  Subscribers/span_Subscribers' is clicked on

2019-04-23 13:41:12 - [TEST_STEP][PASSED] - click: Object: 'Object Repository/Page_KiboEngage  Subscribers/span_Operational Dashboard (1)' is clicked on

2019-04-23 13:41:13 - [MESSAGE][PASSED] - Object: 'Object Repository/Page_KiboEngage  Subscribers/span_Operational Dashboard (1)' is clicked on

2019-04-23 13:41:13 - [TEST_STEP][PASSED] - scrollToPosition: Browser is scrolled to position x = 0, y = 0

2019-04-23 13:41:13 - [MESSAGE][PASSED] - Browser is scrolled to position x = 0, y = 0

2019-04-23 13:41:13 - [TEST_STEP][PASSED] - click: Object: 'Object Repository/Page_KiboEngage  Operational Dashbo/h3_Pages Info (4)' is clicked on

2019-04-23 13:41:13 - [MESSAGE][PASSED] - Object: 'Object Repository/Page_KiboEngage  Operational Dashbo/h3_Pages Info (4)' is clicked on

2019-04-23 13:41:13 - [MESSAGE][PASSED] - Call Test Case 'Test Cases/s-sidebar_navigation/individualAccount/operationalDashboard' successfully

2019-04-23 13:41:13 - [MESSAGE][PASSED] - Call Test Case 'Test Cases/Operational_Dashboard/Login' successfully

2019-04-23 13:41:13 - [TEST_STEP][PASSED] - click: Object: 'Object Repository/Page_KiboEngage  Operational Dashbo/i_la la-angle-down' is clicked on

2019-04-23 13:41:13 - [MESSAGE][PASSED] - Object: 'Object Repository/Page_KiboEngage  Operational Dashbo/i_la la-angle-down' is clicked on

2019-04-23 13:41:13 - [TEST_STEP][PASSED] - delay: Delayed 5 second(s)

2019-04-23 13:41:18 - [MESSAGE][PASSED] - Delayed 5 second(s)

2019-04-23 13:41:18 - [TEST_STEP][PASSED] - Statement - driver = com.kms.katalon.core.webui.driver.DriverFactory.getWebDriver(): null

2019-04-23 13:41:18 - [TEST_STEP][PASSED] - Statement - rows_table = driver.findElements(org.openqa.selenium.By.xpath("//*[@id="content"]/div/div/div/div[2]/div[3]/div[5]/div/div/div[2]/div/div/div[2]/table/tbody/tr")): null

2019-04-23 13:41:18 - [TEST_STEP][PASSED] - Statement - rows_count = rows_table.size(): null

2019-04-23 13:41:18 - [TEST_STEP][PASSED] - verifyGreaterThanOrEqual: Actual number '10' is greater than or equal to expected number '1'

2019-04-23 13:41:18 - [MESSAGE][PASSED] - Actual number '10' is greater than or equal to expected number '1'

2019-04-23 13:41:18 - [MESSAGE][PASSED] - Call Test Case 'Test Cases/Operational_Dashboard/167' successfully

2019-04-23 13:41:18 - [TEST_STEP][PASSED] - Statement - driver = com.kms.katalon.core.webui.driver.DriverFactory.getWebDriver(): null

2019-04-23 13:41:18 - [TEST_STEP][PASSED] - Statement - next = driver.findElement(org.openqa.selenium.By.xpath("//*[@id="content"]/div/div/div/div[2]/div[3]/div[5]/div/div/div[2]/div/div/div[2]/ul/li[3]/a")): null

2019-04-23 13:41:18 - [TEST_STEP][PASSED] - Statement - next.click(): null

2019-04-23 13:41:19 - [TEST_STEP][PASSED] - delay: Delayed 5 second(s)

2019-04-23 13:41:24 - [MESSAGE][PASSED] - Delayed 5 second(s)

2019-04-23 13:41:24 - [TEST_STEP][PASSED] - Statement - rows_table = driver.findElements(org.openqa.selenium.By.xpath("//*[@id="content"]/div/div/div/div[2]/div[3]/div[5]/div/div/div[2]/div/div/div[2]/table/tbody/tr")): null

2019-04-23 13:41:24 - [TEST_STEP][PASSED] - Statement - rows_count = rows_table.size(): null

2019-04-23 13:41:24 - [TEST_STEP][PASSED] - verifyGreaterThanOrEqual: Actual number '10' is greater than or equal to expected number '1'

2019-04-23 13:41:24 - [MESSAGE][PASSED] - Actual number '10' is greater than or equal to expected number '1']]></system-out>
         <system-err><![CDATA[]]></system-err>
      </testcase>
      <testcase name="Test Cases/Operational_Dashboard/171" classname="Test Cases/Operational_Dashboard/171" status="PASSED">
         <system-out><![CDATA[2019-04-23 13:41:24 - [TEST_CASE][PASSED] - Test Cases/Operational_Dashboard/171: Test Cases/Operational_Dashboard/171

2019-04-23 13:41:24 - [TEST_STEP][PASSED] - callTestCase: Call Test Case 'Test Cases/Operational_Dashboard/167' successfully

2019-04-23 13:41:25 - [TEST_CASE][PASSED] - Test Cases/Operational_Dashboard/167: Test Cases/Operational_Dashboard/167

2019-04-23 13:41:25 - [TEST_STEP][PASSED] - callTestCase: Call Test Case 'Test Cases/Operational_Dashboard/Login' successfully

2019-04-23 13:41:25 - [TEST_CASE][PASSED] - Test Cases/Operational_Dashboard/Login: Test Cases/Operational_Dashboard/Login

2019-04-23 13:41:25 - [TEST_STEP][PASSED] - callTestCase: Call Test Case 'Test Cases/s-sidebar_navigation/individualAccount/operationalDashboard' successfully

2019-04-23 13:41:25 - [TEST_CASE][PASSED] - Test Cases/s-sidebar_navigation/individualAccount/operationalDashboard: Test Cases/s-sidebar_navigation/individualAccount/operationalDashboard

2019-04-23 13:41:25 - [TEST_STEP][PASSED] - click: Object: 'Object Repository/Page_KiboEngage  Subscribers/span_Subscribers' is clicked on

2019-04-23 13:41:25 - [MESSAGE][PASSED] - Object: 'Object Repository/Page_KiboEngage  Subscribers/span_Subscribers' is clicked on

2019-04-23 13:41:25 - [TEST_STEP][PASSED] - click: Object: 'Object Repository/Page_KiboEngage  Subscribers/span_Operational Dashboard (1)' is clicked on

2019-04-23 13:41:26 - [MESSAGE][PASSED] - Object: 'Object Repository/Page_KiboEngage  Subscribers/span_Operational Dashboard (1)' is clicked on

2019-04-23 13:41:26 - [TEST_STEP][PASSED] - scrollToPosition: Browser is scrolled to position x = 0, y = 0

2019-04-23 13:41:27 - [MESSAGE][PASSED] - Browser is scrolled to position x = 0, y = 0

2019-04-23 13:41:27 - [TEST_STEP][PASSED] - click: Object: 'Object Repository/Page_KiboEngage  Operational Dashbo/h3_Pages Info (4)' is clicked on

2019-04-23 13:41:28 - [MESSAGE][PASSED] - Object: 'Object Repository/Page_KiboEngage  Operational Dashbo/h3_Pages Info (4)' is clicked on

2019-04-23 13:41:28 - [MESSAGE][PASSED] - Call Test Case 'Test Cases/s-sidebar_navigation/individualAccount/operationalDashboard' successfully

2019-04-23 13:41:28 - [MESSAGE][PASSED] - Call Test Case 'Test Cases/Operational_Dashboard/Login' successfully

2019-04-23 13:41:28 - [TEST_STEP][PASSED] - click: Object: 'Object Repository/Page_KiboEngage  Operational Dashbo/i_la la-angle-down' is clicked on

2019-04-23 13:41:28 - [MESSAGE][PASSED] - Object: 'Object Repository/Page_KiboEngage  Operational Dashbo/i_la la-angle-down' is clicked on

2019-04-23 13:41:28 - [TEST_STEP][PASSED] - delay: Delayed 5 second(s)

2019-04-23 13:41:33 - [MESSAGE][PASSED] - Delayed 5 second(s)

2019-04-23 13:41:33 - [TEST_STEP][PASSED] - Statement - driver = com.kms.katalon.core.webui.driver.DriverFactory.getWebDriver(): null

2019-04-23 13:41:33 - [TEST_STEP][PASSED] - Statement - rows_table = driver.findElements(org.openqa.selenium.By.xpath("//*[@id="content"]/div/div/div/div[2]/div[3]/div[5]/div/div/div[2]/div/div/div[2]/table/tbody/tr")): null

2019-04-23 13:41:34 - [TEST_STEP][PASSED] - Statement - rows_count = rows_table.size(): null

2019-04-23 13:41:34 - [TEST_STEP][PASSED] - verifyGreaterThanOrEqual: Actual number '10' is greater than or equal to expected number '1'

2019-04-23 13:41:34 - [MESSAGE][PASSED] - Actual number '10' is greater than or equal to expected number '1'

2019-04-23 13:41:34 - [MESSAGE][PASSED] - Call Test Case 'Test Cases/Operational_Dashboard/167' successfully

2019-04-23 13:41:34 - [TEST_STEP][PASSED] - Statement - driver = com.kms.katalon.core.webui.driver.DriverFactory.getWebDriver(): null

2019-04-23 13:41:34 - [TEST_STEP][PASSED] - Statement - search_text = driver.findElement(org.openqa.selenium.By.xpath("//*[@id="content"]/div/div/div/div[2]/div[3]/div[5]/div/div/div[2]/div/div/div[1]/div[1]/input")): null

2019-04-23 13:41:34 - [TEST_STEP][PASSED] - Statement - search_text.sendKeys("test"): null

2019-04-23 13:41:34 - [TEST_STEP][PASSED] - delay: Delayed 5 second(s)

2019-04-23 13:41:39 - [MESSAGE][PASSED] - Delayed 5 second(s)

2019-04-23 13:41:39 - [TEST_STEP][PASSED] - Statement - rows_table = driver.findElements(org.openqa.selenium.By.xpath("//*[@id="content"]/div/div/div/div[2]/div[3]/div[5]/div/div/div[2]/div/div/div[2]/table/tbody/tr")): null

2019-04-23 13:41:39 - [TEST_STEP][PASSED] - Statement - rows_count = rows_table.size(): null

2019-04-23 13:41:39 - [TEST_STEP][PASSED] - verifyGreaterThanOrEqual: Actual number '10' is greater than or equal to expected number '1'

2019-04-23 13:41:39 - [MESSAGE][PASSED] - Actual number '10' is greater than or equal to expected number '1']]></system-out>
         <system-err><![CDATA[]]></system-err>
      </testcase>
      <testcase name="Test Cases/Operational_Dashboard/172" classname="Test Cases/Operational_Dashboard/172" status="PASSED">
         <system-out><![CDATA[2019-04-23 13:41:39 - [TEST_CASE][PASSED] - Test Cases/Operational_Dashboard/172: Test Cases/Operational_Dashboard/172

2019-04-23 13:41:39 - [TEST_STEP][PASSED] - callTestCase: Call Test Case 'Test Cases/Operational_Dashboard/167' successfully

2019-04-23 13:41:39 - [TEST_CASE][PASSED] - Test Cases/Operational_Dashboard/167: Test Cases/Operational_Dashboard/167

2019-04-23 13:41:39 - [TEST_STEP][PASSED] - callTestCase: Call Test Case 'Test Cases/Operational_Dashboard/Login' successfully

2019-04-23 13:41:39 - [TEST_CASE][PASSED] - Test Cases/Operational_Dashboard/Login: Test Cases/Operational_Dashboard/Login

2019-04-23 13:41:39 - [TEST_STEP][PASSED] - callTestCase: Call Test Case 'Test Cases/s-sidebar_navigation/individualAccount/operationalDashboard' successfully

2019-04-23 13:41:40 - [TEST_CASE][PASSED] - Test Cases/s-sidebar_navigation/individualAccount/operationalDashboard: Test Cases/s-sidebar_navigation/individualAccount/operationalDashboard

2019-04-23 13:41:40 - [TEST_STEP][PASSED] - click: Object: 'Object Repository/Page_KiboEngage  Subscribers/span_Subscribers' is clicked on

2019-04-23 13:41:40 - [MESSAGE][PASSED] - Object: 'Object Repository/Page_KiboEngage  Subscribers/span_Subscribers' is clicked on

2019-04-23 13:41:40 - [TEST_STEP][PASSED] - click: Object: 'Object Repository/Page_KiboEngage  Subscribers/span_Operational Dashboard (1)' is clicked on

2019-04-23 13:41:41 - [MESSAGE][PASSED] - Object: 'Object Repository/Page_KiboEngage  Subscribers/span_Operational Dashboard (1)' is clicked on

2019-04-23 13:41:41 - [TEST_STEP][PASSED] - scrollToPosition: Browser is scrolled to position x = 0, y = 0

2019-04-23 13:41:41 - [MESSAGE][PASSED] - Browser is scrolled to position x = 0, y = 0

2019-04-23 13:41:41 - [TEST_STEP][PASSED] - click: Object: 'Object Repository/Page_KiboEngage  Operational Dashbo/h3_Pages Info (4)' is clicked on

2019-04-23 13:41:41 - [MESSAGE][PASSED] - Object: 'Object Repository/Page_KiboEngage  Operational Dashbo/h3_Pages Info (4)' is clicked on

2019-04-23 13:41:41 - [MESSAGE][PASSED] - Call Test Case 'Test Cases/s-sidebar_navigation/individualAccount/operationalDashboard' successfully

2019-04-23 13:41:41 - [MESSAGE][PASSED] - Call Test Case 'Test Cases/Operational_Dashboard/Login' successfully

2019-04-23 13:41:41 - [TEST_STEP][PASSED] - click: Object: 'Object Repository/Page_KiboEngage  Operational Dashbo/i_la la-angle-down' is clicked on

2019-04-23 13:41:42 - [MESSAGE][PASSED] - Object: 'Object Repository/Page_KiboEngage  Operational Dashbo/i_la la-angle-down' is clicked on

2019-04-23 13:41:42 - [TEST_STEP][PASSED] - delay: Delayed 5 second(s)

2019-04-23 13:41:47 - [MESSAGE][PASSED] - Delayed 5 second(s)

2019-04-23 13:41:47 - [TEST_STEP][PASSED] - Statement - driver = com.kms.katalon.core.webui.driver.DriverFactory.getWebDriver(): null

2019-04-23 13:41:47 - [TEST_STEP][PASSED] - Statement - rows_table = driver.findElements(org.openqa.selenium.By.xpath("//*[@id="content"]/div/div/div/div[2]/div[3]/div[5]/div/div/div[2]/div/div/div[2]/table/tbody/tr")): null

2019-04-23 13:41:48 - [TEST_STEP][PASSED] - Statement - rows_count = rows_table.size(): null

2019-04-23 13:41:48 - [TEST_STEP][PASSED] - verifyGreaterThanOrEqual: Actual number '10' is greater than or equal to expected number '1'

2019-04-23 13:41:48 - [MESSAGE][PASSED] - Actual number '10' is greater than or equal to expected number '1'

2019-04-23 13:41:48 - [MESSAGE][PASSED] - Call Test Case 'Test Cases/Operational_Dashboard/167' successfully

2019-04-23 13:41:48 - [TEST_STEP][PASSED] - Statement - driver = com.kms.katalon.core.webui.driver.DriverFactory.getWebDriver(): null

2019-04-23 13:41:48 - [TEST_STEP][PASSED] - Statement - search_text = driver.findElement(org.openqa.selenium.By.xpath("//*[@id="example-text-input"]")): null

2019-04-23 13:41:48 - [TEST_STEP][PASSED] - Statement - search_text.clear(): null

2019-04-23 13:41:48 - [TEST_STEP][PASSED] - Statement - search_text.sendKeys("3"): null

2019-04-23 13:41:48 - [TEST_STEP][PASSED] - delay: Delayed 5 second(s)

2019-04-23 13:41:53 - [MESSAGE][PASSED] - Delayed 5 second(s)

2019-04-23 13:41:53 - [TEST_STEP][PASSED] - Statement - rows_table = driver.findElements(org.openqa.selenium.By.xpath("//*[@id="content"]/div/div/div/div[2]/div[3]/div[5]/div/div/div[2]/div/div/div[2]/table/tbody/tr")): null

2019-04-23 13:41:53 - [TEST_STEP][PASSED] - Statement - rows_count = rows_table.size(): null

2019-04-23 13:41:53 - [TEST_STEP][PASSED] - verifyGreaterThanOrEqual: Actual number '10' is greater than or equal to expected number '1'

2019-04-23 13:41:53 - [MESSAGE][PASSED] - Actual number '10' is greater than or equal to expected number '1']]></system-out>
         <system-err><![CDATA[]]></system-err>
      </testcase>
      <testcase name="Test Cases/Operational_Dashboard/173" classname="Test Cases/Operational_Dashboard/173" status="FAILED">
         <failure type="FAILED" message="Unable to verify actual number '0' greater than or equal with expected number '1' (Root cause: Actual number '0' is NOT greater than or equal to expected number '1')"/>
         <system-out><![CDATA[2019-04-23 13:41:53 - [TEST_CASE][FAILED] - Test Cases/Operational_Dashboard/173: Test Cases/Operational_Dashboard/173 FAILED because (of) Unable to verify actual number '0' greater than or equal with expected number '1' (Root cause: Actual number '0' is NOT greater than or equal to expected number '1')

2019-04-23 13:41:53 - [TEST_STEP][PASSED] - callTestCase: Call Test Case 'Test Cases/Operational_Dashboard/167' successfully

2019-04-23 13:41:54 - [TEST_CASE][PASSED] - Test Cases/Operational_Dashboard/167: Test Cases/Operational_Dashboard/167

2019-04-23 13:41:54 - [TEST_STEP][PASSED] - callTestCase: Call Test Case 'Test Cases/Operational_Dashboard/Login' successfully

2019-04-23 13:41:54 - [TEST_CASE][PASSED] - Test Cases/Operational_Dashboard/Login: Test Cases/Operational_Dashboard/Login

2019-04-23 13:41:54 - [TEST_STEP][PASSED] - callTestCase: Call Test Case 'Test Cases/s-sidebar_navigation/individualAccount/operationalDashboard' successfully

2019-04-23 13:41:54 - [TEST_CASE][PASSED] - Test Cases/s-sidebar_navigation/individualAccount/operationalDashboard: Test Cases/s-sidebar_navigation/individualAccount/operationalDashboard

2019-04-23 13:41:54 - [TEST_STEP][PASSED] - click: Object: 'Object Repository/Page_KiboEngage  Subscribers/span_Subscribers' is clicked on

2019-04-23 13:41:54 - [MESSAGE][PASSED] - Object: 'Object Repository/Page_KiboEngage  Subscribers/span_Subscribers' is clicked on

2019-04-23 13:41:54 - [TEST_STEP][PASSED] - click: Object: 'Object Repository/Page_KiboEngage  Subscribers/span_Operational Dashboard (1)' is clicked on

2019-04-23 13:41:55 - [MESSAGE][PASSED] - Object: 'Object Repository/Page_KiboEngage  Subscribers/span_Operational Dashboard (1)' is clicked on

2019-04-23 13:41:55 - [TEST_STEP][PASSED] - scrollToPosition: Browser is scrolled to position x = 0, y = 0

2019-04-23 13:41:55 - [MESSAGE][PASSED] - Browser is scrolled to position x = 0, y = 0

2019-04-23 13:41:55 - [TEST_STEP][PASSED] - click: Object: 'Object Repository/Page_KiboEngage  Operational Dashbo/h3_Pages Info (4)' is clicked on

2019-04-23 13:41:56 - [MESSAGE][PASSED] - Object: 'Object Repository/Page_KiboEngage  Operational Dashbo/h3_Pages Info (4)' is clicked on

2019-04-23 13:41:56 - [MESSAGE][PASSED] - Call Test Case 'Test Cases/s-sidebar_navigation/individualAccount/operationalDashboard' successfully

2019-04-23 13:41:56 - [MESSAGE][PASSED] - Call Test Case 'Test Cases/Operational_Dashboard/Login' successfully

2019-04-23 13:41:56 - [TEST_STEP][PASSED] - click: Object: 'Object Repository/Page_KiboEngage  Operational Dashbo/i_la la-angle-down' is clicked on

2019-04-23 13:41:56 - [MESSAGE][PASSED] - Object: 'Object Repository/Page_KiboEngage  Operational Dashbo/i_la la-angle-down' is clicked on

2019-04-23 13:41:56 - [TEST_STEP][PASSED] - delay: Delayed 5 second(s)

2019-04-23 13:42:01 - [MESSAGE][PASSED] - Delayed 5 second(s)

2019-04-23 13:42:01 - [TEST_STEP][PASSED] - Statement - driver = com.kms.katalon.core.webui.driver.DriverFactory.getWebDriver(): null

2019-04-23 13:42:01 - [TEST_STEP][PASSED] - Statement - rows_table = driver.findElements(org.openqa.selenium.By.xpath("//*[@id="content"]/div/div/div/div[2]/div[3]/div[5]/div/div/div[2]/div/div/div[2]/table/tbody/tr")): null

2019-04-23 13:42:01 - [TEST_STEP][PASSED] - Statement - rows_count = rows_table.size(): null

2019-04-23 13:42:01 - [TEST_STEP][PASSED] - verifyGreaterThanOrEqual: Actual number '10' is greater than or equal to expected number '1'

2019-04-23 13:42:01 - [MESSAGE][PASSED] - Actual number '10' is greater than or equal to expected number '1'

2019-04-23 13:42:01 - [MESSAGE][PASSED] - Call Test Case 'Test Cases/Operational_Dashboard/167' successfully

2019-04-23 13:42:01 - [TEST_STEP][PASSED] - Statement - driver = com.kms.katalon.core.webui.driver.DriverFactory.getWebDriver(): null

2019-04-23 13:42:01 - [TEST_STEP][PASSED] - Statement - search_text = driver.findElement(org.openqa.selenium.By.xpath("//*[@id="content"]/div/div/div/div[2]/div[3]/div[5]/div/div/div[2]/div/div/div[1]/div[1]/input")): null

2019-04-23 13:42:01 - [TEST_STEP][PASSED] - Statement - search_text.sendKeys("test"): null

2019-04-23 13:42:02 - [TEST_STEP][PASSED] - delay: Delayed 5 second(s)

2019-04-23 13:42:07 - [MESSAGE][PASSED] - Delayed 5 second(s)

2019-04-23 13:42:07 - [TEST_STEP][PASSED] - Statement - search = driver.findElement(org.openqa.selenium.By.xpath("//*[@id="example-text-input"]")): null

2019-04-23 13:42:07 - [TEST_STEP][PASSED] - Statement - search.clear(): null

2019-04-23 13:42:07 - [TEST_STEP][PASSED] - Statement - search.sendKeys("10"): null

2019-04-23 13:42:07 - [TEST_STEP][PASSED] - delay: Delayed 5 second(s)

2019-04-23 13:42:12 - [MESSAGE][PASSED] - Delayed 5 second(s)

2019-04-23 13:42:12 - [TEST_STEP][PASSED] - Statement - rows_table = driver.findElements(org.openqa.selenium.By.xpath("//*[@id="content"]/div/div/div/div[2]/div[3]/div[5]/div/div/div[2]/div/div/div[2]/table/tbody/tr")): null

2019-04-23 13:42:12 - [TEST_STEP][PASSED] - Statement - rows_count = rows_table.size(): null

2019-04-23 13:42:12 - [TEST_STEP][FAILED] - verifyGreaterThanOrEqual: Unable to verify actual number '0' greater than or equal with expected number '1' (Root cause: Actual number '0' is NOT greater than or equal to expected number '1')

2019-04-23 13:42:12 - [MESSAGE][FAILED] - Unable to verify actual number '0' greater than or equal with expected number '1' (Root cause: Actual number '0' is NOT greater than or equal to expected number '1')]]></system-out>
         <system-err><![CDATA[2019-04-23 13:41:53 - [TEST_CASE][FAILED] - Test Cases/Operational_Dashboard/173: Test Cases/Operational_Dashboard/173 FAILED because (of) Unable to verify actual number '0' greater than or equal with expected number '1' (Root cause: Actual number '0' is NOT greater than or equal to expected number '1')]]></system-err>
      </testcase>
      <testcase name="Test Cases/Operational_Dashboard/174" classname="Test Cases/Operational_Dashboard/174" status="PASSED">
         <system-out><![CDATA[2019-04-23 13:42:12 - [TEST_CASE][PASSED] - Test Cases/Operational_Dashboard/174: Test Cases/Operational_Dashboard/174

2019-04-23 13:42:12 - [TEST_STEP][PASSED] - callTestCase: Call Test Case 'Test Cases/Operational_Dashboard/167' successfully

2019-04-23 13:42:12 - [TEST_CASE][PASSED] - Test Cases/Operational_Dashboard/167: Test Cases/Operational_Dashboard/167

2019-04-23 13:42:12 - [TEST_STEP][PASSED] - callTestCase: Call Test Case 'Test Cases/Operational_Dashboard/Login' successfully

2019-04-23 13:42:12 - [TEST_CASE][PASSED] - Test Cases/Operational_Dashboard/Login: Test Cases/Operational_Dashboard/Login

2019-04-23 13:42:12 - [TEST_STEP][PASSED] - callTestCase: Call Test Case 'Test Cases/s-sidebar_navigation/individualAccount/operationalDashboard' successfully

2019-04-23 13:42:13 - [TEST_CASE][PASSED] - Test Cases/s-sidebar_navigation/individualAccount/operationalDashboard: Test Cases/s-sidebar_navigation/individualAccount/operationalDashboard

2019-04-23 13:42:13 - [TEST_STEP][PASSED] - click: Object: 'Object Repository/Page_KiboEngage  Subscribers/span_Subscribers' is clicked on

2019-04-23 13:42:13 - [MESSAGE][PASSED] - Object: 'Object Repository/Page_KiboEngage  Subscribers/span_Subscribers' is clicked on

2019-04-23 13:42:13 - [TEST_STEP][PASSED] - click: Object: 'Object Repository/Page_KiboEngage  Subscribers/span_Operational Dashboard (1)' is clicked on

2019-04-23 13:42:14 - [MESSAGE][PASSED] - Object: 'Object Repository/Page_KiboEngage  Subscribers/span_Operational Dashboard (1)' is clicked on

2019-04-23 13:42:14 - [TEST_STEP][PASSED] - scrollToPosition: Browser is scrolled to position x = 0, y = 0

2019-04-23 13:42:14 - [MESSAGE][PASSED] - Browser is scrolled to position x = 0, y = 0

2019-04-23 13:42:14 - [TEST_STEP][PASSED] - click: Object: 'Object Repository/Page_KiboEngage  Operational Dashbo/h3_Pages Info (4)' is clicked on

2019-04-23 13:42:15 - [MESSAGE][PASSED] - Object: 'Object Repository/Page_KiboEngage  Operational Dashbo/h3_Pages Info (4)' is clicked on

2019-04-23 13:42:15 - [MESSAGE][PASSED] - Call Test Case 'Test Cases/s-sidebar_navigation/individualAccount/operationalDashboard' successfully

2019-04-23 13:42:15 - [MESSAGE][PASSED] - Call Test Case 'Test Cases/Operational_Dashboard/Login' successfully

2019-04-23 13:42:15 - [TEST_STEP][PASSED] - click: Object: 'Object Repository/Page_KiboEngage  Operational Dashbo/i_la la-angle-down' is clicked on

2019-04-23 13:42:16 - [MESSAGE][PASSED] - Object: 'Object Repository/Page_KiboEngage  Operational Dashbo/i_la la-angle-down' is clicked on

2019-04-23 13:42:16 - [TEST_STEP][PASSED] - delay: Delayed 5 second(s)

2019-04-23 13:42:21 - [MESSAGE][PASSED] - Delayed 5 second(s)

2019-04-23 13:42:21 - [TEST_STEP][PASSED] - Statement - driver = com.kms.katalon.core.webui.driver.DriverFactory.getWebDriver(): null

2019-04-23 13:42:21 - [TEST_STEP][PASSED] - Statement - rows_table = driver.findElements(org.openqa.selenium.By.xpath("//*[@id="content"]/div/div/div/div[2]/div[3]/div[5]/div/div/div[2]/div/div/div[2]/table/tbody/tr")): null

2019-04-23 13:42:21 - [TEST_STEP][PASSED] - Statement - rows_count = rows_table.size(): null

2019-04-23 13:42:21 - [TEST_STEP][PASSED] - verifyGreaterThanOrEqual: Actual number '10' is greater than or equal to expected number '1'

2019-04-23 13:42:21 - [MESSAGE][PASSED] - Actual number '10' is greater than or equal to expected number '1'

2019-04-23 13:42:21 - [MESSAGE][PASSED] - Call Test Case 'Test Cases/Operational_Dashboard/167' successfully

2019-04-23 13:42:21 - [TEST_STEP][PASSED] - click: Object: 'Object Repository/Page_KiboEngage  Operational Dashbo/button_View' is clicked on

2019-04-23 13:42:21 - [MESSAGE][PASSED] - Object: 'Object Repository/Page_KiboEngage  Operational Dashbo/button_View' is clicked on

2019-04-23 13:42:21 - [TEST_STEP][PASSED] - delay: Delayed 5 second(s)

2019-04-23 13:42:26 - [MESSAGE][PASSED] - Delayed 5 second(s)

2019-04-23 13:42:26 - [TEST_STEP][PASSED] - verifyTextPresent: Text 'Typically replies instantly' is present on page 

2019-04-23 13:42:26 - [MESSAGE][PASSED] - Text 'Typically replies instantly' is present on page]]></system-out>
         <system-err><![CDATA[]]></system-err>
      </testcase>
      <testcase name="Test Cases/Operational_Dashboard/175" classname="Test Cases/Operational_Dashboard/175" status="PASSED">
         <system-out><![CDATA[2019-04-23 13:42:26 - [TEST_CASE][PASSED] - Test Cases/Operational_Dashboard/175: Test Cases/Operational_Dashboard/175

2019-04-23 13:42:27 - [TEST_STEP][PASSED] - callTestCase: Call Test Case 'Test Cases/Operational_Dashboard/167' successfully

2019-04-23 13:42:27 - [TEST_CASE][PASSED] - Test Cases/Operational_Dashboard/167: Test Cases/Operational_Dashboard/167

2019-04-23 13:42:27 - [TEST_STEP][PASSED] - callTestCase: Call Test Case 'Test Cases/Operational_Dashboard/Login' successfully

2019-04-23 13:42:27 - [TEST_CASE][PASSED] - Test Cases/Operational_Dashboard/Login: Test Cases/Operational_Dashboard/Login

2019-04-23 13:42:27 - [TEST_STEP][PASSED] - callTestCase: Call Test Case 'Test Cases/s-sidebar_navigation/individualAccount/operationalDashboard' successfully

2019-04-23 13:42:27 - [TEST_CASE][PASSED] - Test Cases/s-sidebar_navigation/individualAccount/operationalDashboard: Test Cases/s-sidebar_navigation/individualAccount/operationalDashboard

2019-04-23 13:42:27 - [TEST_STEP][PASSED] - click: Object: 'Object Repository/Page_KiboEngage  Subscribers/span_Subscribers' is clicked on

2019-04-23 13:42:27 - [MESSAGE][PASSED] - Object: 'Object Repository/Page_KiboEngage  Subscribers/span_Subscribers' is clicked on

2019-04-23 13:42:27 - [TEST_STEP][PASSED] - click: Object: 'Object Repository/Page_KiboEngage  Subscribers/span_Operational Dashboard (1)' is clicked on

2019-04-23 13:42:28 - [MESSAGE][PASSED] - Object: 'Object Repository/Page_KiboEngage  Subscribers/span_Operational Dashboard (1)' is clicked on

2019-04-23 13:42:28 - [TEST_STEP][PASSED] - scrollToPosition: Browser is scrolled to position x = 0, y = 0

2019-04-23 13:42:28 - [MESSAGE][PASSED] - Browser is scrolled to position x = 0, y = 0

2019-04-23 13:42:28 - [TEST_STEP][PASSED] - click: Object: 'Object Repository/Page_KiboEngage  Operational Dashbo/h3_Pages Info (4)' is clicked on

2019-04-23 13:42:29 - [MESSAGE][PASSED] - Object: 'Object Repository/Page_KiboEngage  Operational Dashbo/h3_Pages Info (4)' is clicked on

2019-04-23 13:42:29 - [MESSAGE][PASSED] - Call Test Case 'Test Cases/s-sidebar_navigation/individualAccount/operationalDashboard' successfully

2019-04-23 13:42:29 - [MESSAGE][PASSED] - Call Test Case 'Test Cases/Operational_Dashboard/Login' successfully

2019-04-23 13:42:29 - [TEST_STEP][PASSED] - click: Object: 'Object Repository/Page_KiboEngage  Operational Dashbo/i_la la-angle-down' is clicked on

2019-04-23 13:42:30 - [MESSAGE][PASSED] - Object: 'Object Repository/Page_KiboEngage  Operational Dashbo/i_la la-angle-down' is clicked on

2019-04-23 13:42:30 - [TEST_STEP][PASSED] - delay: Delayed 5 second(s)

2019-04-23 13:42:35 - [MESSAGE][PASSED] - Delayed 5 second(s)

2019-04-23 13:42:35 - [TEST_STEP][PASSED] - Statement - driver = com.kms.katalon.core.webui.driver.DriverFactory.getWebDriver(): null

2019-04-23 13:42:35 - [TEST_STEP][PASSED] - Statement - rows_table = driver.findElements(org.openqa.selenium.By.xpath("//*[@id="content"]/div/div/div/div[2]/div[3]/div[5]/div/div/div[2]/div/div/div[2]/table/tbody/tr")): null

2019-04-23 13:42:35 - [TEST_STEP][PASSED] - Statement - rows_count = rows_table.size(): null

2019-04-23 13:42:35 - [TEST_STEP][PASSED] - verifyGreaterThanOrEqual: Actual number '10' is greater than or equal to expected number '1'

2019-04-23 13:42:35 - [MESSAGE][PASSED] - Actual number '10' is greater than or equal to expected number '1'

2019-04-23 13:42:35 - [MESSAGE][PASSED] - Call Test Case 'Test Cases/Operational_Dashboard/167' successfully

2019-04-23 13:42:35 - [TEST_STEP][PASSED] - click: Object: 'Object Repository/Page_KiboEngage  Operational Dashbo/button_View (1)' is clicked on

2019-04-23 13:42:35 - [MESSAGE][PASSED] - Object: 'Object Repository/Page_KiboEngage  Operational Dashbo/button_View (1)' is clicked on

2019-04-23 13:42:35 - [TEST_STEP][PASSED] - delay: Delayed 2 second(s)

2019-04-23 13:42:37 - [MESSAGE][PASSED] - Delayed 2 second(s)

2019-04-23 13:42:37 - [TEST_STEP][PASSED] - scrollToPosition: Browser is scrolled to position x = 0, y = 0

2019-04-23 13:42:37 - [MESSAGE][PASSED] - Browser is scrolled to position x = 0, y = 0

2019-04-23 13:42:37 - [TEST_STEP][PASSED] - click: Object: 'Object Repository/Page_KiboEngage  Operational Dashbo/a_Back' is clicked on

2019-04-23 13:42:38 - [MESSAGE][PASSED] - Object: 'Object Repository/Page_KiboEngage  Operational Dashbo/a_Back' is clicked on

2019-04-23 13:42:38 - [TEST_STEP][PASSED] - scrollToPosition: Browser is scrolled to position x = 0, y = 0

2019-04-23 13:42:38 - [MESSAGE][PASSED] - Browser is scrolled to position x = 0, y = 0

2019-04-23 13:42:38 - [TEST_STEP][PASSED] - click: Object: 'Object Repository/Page_KiboEngage  Operational Dashbo/h3_Pages Info (3)' is clicked on

2019-04-23 13:42:39 - [MESSAGE][PASSED] - Object: 'Object Repository/Page_KiboEngage  Operational Dashbo/h3_Pages Info (3)' is clicked on]]></system-out>
         <system-err><![CDATA[]]></system-err>
      </testcase>
      <testcase name="Test Cases/Operational_Dashboard/176" classname="Test Cases/Operational_Dashboard/176" status="PASSED">
         <system-out><![CDATA[2019-04-23 13:42:39 - [TEST_CASE][PASSED] - Test Cases/Operational_Dashboard/176: Test Cases/Operational_Dashboard/176

2019-04-23 13:42:39 - [TEST_STEP][PASSED] - callTestCase: Call Test Case 'Test Cases/Operational_Dashboard/167' successfully

2019-04-23 13:42:39 - [TEST_CASE][PASSED] - Test Cases/Operational_Dashboard/167: Test Cases/Operational_Dashboard/167

2019-04-23 13:42:39 - [TEST_STEP][PASSED] - callTestCase: Call Test Case 'Test Cases/Operational_Dashboard/Login' successfully

2019-04-23 13:42:39 - [TEST_CASE][PASSED] - Test Cases/Operational_Dashboard/Login: Test Cases/Operational_Dashboard/Login

2019-04-23 13:42:39 - [TEST_STEP][PASSED] - callTestCase: Call Test Case 'Test Cases/s-sidebar_navigation/individualAccount/operationalDashboard' successfully

2019-04-23 13:42:39 - [TEST_CASE][PASSED] - Test Cases/s-sidebar_navigation/individualAccount/operationalDashboard: Test Cases/s-sidebar_navigation/individualAccount/operationalDashboard

2019-04-23 13:42:39 - [TEST_STEP][PASSED] - click: Object: 'Object Repository/Page_KiboEngage  Subscribers/span_Subscribers' is clicked on

2019-04-23 13:42:40 - [MESSAGE][PASSED] - Object: 'Object Repository/Page_KiboEngage  Subscribers/span_Subscribers' is clicked on

2019-04-23 13:42:40 - [TEST_STEP][PASSED] - click: Object: 'Object Repository/Page_KiboEngage  Subscribers/span_Operational Dashboard (1)' is clicked on

2019-04-23 13:42:41 - [MESSAGE][PASSED] - Object: 'Object Repository/Page_KiboEngage  Subscribers/span_Operational Dashboard (1)' is clicked on

2019-04-23 13:42:41 - [TEST_STEP][PASSED] - scrollToPosition: Browser is scrolled to position x = 0, y = 0

2019-04-23 13:42:42 - [MESSAGE][PASSED] - Browser is scrolled to position x = 0, y = 0

2019-04-23 13:42:42 - [TEST_STEP][PASSED] - click: Object: 'Object Repository/Page_KiboEngage  Operational Dashbo/h3_Pages Info (4)' is clicked on

2019-04-23 13:42:43 - [MESSAGE][PASSED] - Object: 'Object Repository/Page_KiboEngage  Operational Dashbo/h3_Pages Info (4)' is clicked on

2019-04-23 13:42:43 - [MESSAGE][PASSED] - Call Test Case 'Test Cases/s-sidebar_navigation/individualAccount/operationalDashboard' successfully

2019-04-23 13:42:43 - [MESSAGE][PASSED] - Call Test Case 'Test Cases/Operational_Dashboard/Login' successfully

2019-04-23 13:42:43 - [TEST_STEP][PASSED] - click: Object: 'Object Repository/Page_KiboEngage  Operational Dashbo/i_la la-angle-down' is clicked on

2019-04-23 13:42:44 - [MESSAGE][PASSED] - Object: 'Object Repository/Page_KiboEngage  Operational Dashbo/i_la la-angle-down' is clicked on

2019-04-23 13:42:44 - [TEST_STEP][PASSED] - delay: Delayed 5 second(s)

2019-04-23 13:42:49 - [MESSAGE][PASSED] - Delayed 5 second(s)

2019-04-23 13:42:49 - [TEST_STEP][PASSED] - Statement - driver = com.kms.katalon.core.webui.driver.DriverFactory.getWebDriver(): null

2019-04-23 13:42:49 - [TEST_STEP][PASSED] - Statement - rows_table = driver.findElements(org.openqa.selenium.By.xpath("//*[@id="content"]/div/div/div/div[2]/div[3]/div[5]/div/div/div[2]/div/div/div[2]/table/tbody/tr")): null

2019-04-23 13:42:50 - [TEST_STEP][PASSED] - Statement - rows_count = rows_table.size(): null

2019-04-23 13:42:50 - [TEST_STEP][PASSED] - verifyGreaterThanOrEqual: Actual number '10' is greater than or equal to expected number '1'

2019-04-23 13:42:50 - [MESSAGE][PASSED] - Actual number '10' is greater than or equal to expected number '1'

2019-04-23 13:42:50 - [MESSAGE][PASSED] - Call Test Case 'Test Cases/Operational_Dashboard/167' successfully

2019-04-23 13:42:50 - [TEST_STEP][PASSED] - click: Object: 'Object Repository/Page_KiboEngage  Operational Dashbo/i_la la-angle-up' is clicked on

2019-04-23 13:42:50 - [MESSAGE][PASSED] - Object: 'Object Repository/Page_KiboEngage  Operational Dashbo/i_la la-angle-up' is clicked on

2019-04-23 13:42:50 - [TEST_STEP][PASSED] - delay: Delayed 5 second(s)

2019-04-23 13:42:55 - [MESSAGE][PASSED] - Delayed 5 second(s)

2019-04-23 13:42:55 - [TEST_STEP][PASSED] - verifyTextNotPresent: Text 'Broadcast Title' is not present on page

2019-04-23 13:42:56 - [MESSAGE][PASSED] - Text 'Broadcast Title' is not present on page]]></system-out>
         <system-err><![CDATA[]]></system-err>
      </testcase>
      <testcase name="Test Cases/Operational_Dashboard/177" classname="Test Cases/Operational_Dashboard/177" status="PASSED">
         <system-out><![CDATA[2019-04-23 13:42:56 - [TEST_CASE][PASSED] - Test Cases/Operational_Dashboard/177: Test Cases/Operational_Dashboard/177

2019-04-23 13:42:56 - [TEST_STEP][PASSED] - callTestCase: Call Test Case 'Test Cases/Operational_Dashboard/Login' successfully

2019-04-23 13:42:56 - [TEST_CASE][PASSED] - Test Cases/Operational_Dashboard/Login: Test Cases/Operational_Dashboard/Login

2019-04-23 13:42:56 - [TEST_STEP][PASSED] - callTestCase: Call Test Case 'Test Cases/s-sidebar_navigation/individualAccount/operationalDashboard' successfully

2019-04-23 13:42:56 - [TEST_CASE][PASSED] - Test Cases/s-sidebar_navigation/individualAccount/operationalDashboard: Test Cases/s-sidebar_navigation/individualAccount/operationalDashboard

2019-04-23 13:42:56 - [TEST_STEP][PASSED] - click: Object: 'Object Repository/Page_KiboEngage  Subscribers/span_Subscribers' is clicked on

2019-04-23 13:42:56 - [MESSAGE][PASSED] - Object: 'Object Repository/Page_KiboEngage  Subscribers/span_Subscribers' is clicked on

2019-04-23 13:42:56 - [TEST_STEP][PASSED] - click: Object: 'Object Repository/Page_KiboEngage  Subscribers/span_Operational Dashboard (1)' is clicked on

2019-04-23 13:42:57 - [MESSAGE][PASSED] - Object: 'Object Repository/Page_KiboEngage  Subscribers/span_Operational Dashboard (1)' is clicked on

2019-04-23 13:42:57 - [TEST_STEP][PASSED] - scrollToPosition: Browser is scrolled to position x = 0, y = 0

2019-04-23 13:42:57 - [MESSAGE][PASSED] - Browser is scrolled to position x = 0, y = 0

2019-04-23 13:42:57 - [TEST_STEP][PASSED] - click: Object: 'Object Repository/Page_KiboEngage  Operational Dashbo/h3_Pages Info (4)' is clicked on

2019-04-23 13:42:57 - [MESSAGE][PASSED] - Object: 'Object Repository/Page_KiboEngage  Operational Dashbo/h3_Pages Info (4)' is clicked on

2019-04-23 13:42:57 - [MESSAGE][PASSED] - Call Test Case 'Test Cases/s-sidebar_navigation/individualAccount/operationalDashboard' successfully

2019-04-23 13:42:57 - [MESSAGE][PASSED] - Call Test Case 'Test Cases/Operational_Dashboard/Login' successfully

2019-04-23 13:42:57 - [TEST_STEP][PASSED] - Statement - driver = com.kms.katalon.core.webui.driver.DriverFactory.getWebDriver(): null

2019-04-23 13:42:57 - [TEST_STEP][PASSED] - Statement - popup_survey = driver.findElement(org.openqa.selenium.By.xpath("//*[@id="content"]/div/div/div/div[2]/div[3]/div[6]/div/div/div/div[2]/ul/li[3]")): null

2019-04-23 13:42:57 - [TEST_STEP][PASSED] - Statement - popup_survey.click(): null

2019-04-23 13:42:58 - [TEST_STEP][PASSED] - delay: Delayed 5 second(s)

2019-04-23 13:43:03 - [MESSAGE][PASSED] - Delayed 5 second(s)

2019-04-23 13:43:03 - [TEST_STEP][PASSED] - Statement - rows_table = driver.findElements(org.openqa.selenium.By.xpath("//*[@id="content"]/div/div/div/div[2]/div[3]/div[6]/div/div/div[2]/div/div/div[2]/table/tbody/tr")): null

2019-04-23 13:43:03 - [TEST_STEP][PASSED] - Statement - rows_count = rows_table.size(): null

2019-04-23 13:43:03 - [TEST_STEP][PASSED] - verifyGreaterThanOrEqual: Actual number '6' is greater than or equal to expected number '1'

2019-04-23 13:43:03 - [MESSAGE][PASSED] - Actual number '6' is greater than or equal to expected number '1']]></system-out>
         <system-err><![CDATA[]]></system-err>
      </testcase>
      <testcase name="Test Cases/Operational_Dashboard/178" classname="Test Cases/Operational_Dashboard/178" status="ERROR">
         <error type="ERROR" message="Test Cases/Operational_Dashboard/178 FAILED because (of) org.openqa.selenium.NoSuchElementException: no such element: Unable to locate element: {&quot;method&quot;:&quot;xpath&quot;,&quot;selector&quot;:&quot;//*[@id=&quot;content&quot;]/div/div/div/div[2]/div[3]/div[6]/div/div/div[2]/div/div/div[2]/ul/li[5]/a&quot;}
  (Session info: chrome=73.0.3683.103)
  (Driver info: chromedriver=2.35.528161 (5b82f2d2aae0ca24b877009200ced9065a772e73),platform=Windows NT 10.0.17134 x86_64) (WARNING: The server did not provide any stacktrace information)
Command duration or timeout: 0 milliseconds
For documentation on this error, please visit: http://seleniumhq.org/exceptions/no_such_element.html
Build info: version: '3.7.1', revision: '8a0099a', time: '2017-11-06T21:07:36.161Z'
System info: host: 'DESKTOP-4M6R1V0', ip: '10.0.2.15', os.name: 'Windows 10', os.arch: 'amd64', os.version: '10.0', java.version: '1.8.0_181'
Driver info: com.kms.katalon.selenium.driver.CChromeDriver
Capabilities {acceptInsecureCerts: false, acceptSslCerts: false, applicationCacheEnabled: false, browserConnectionEnabled: false, browserName: chrome, chrome: {chromedriverVersion: 2.35.528161 (5b82f2d2aae0ca..., userDataDir: C:\Users\CLOUDK~1\AppData\L...}, cssSelectorsEnabled: true, databaseEnabled: false, handlesAlerts: true, hasTouchScreen: false, javascriptEnabled: true, locationContextEnabled: true, mobileEmulationEnabled: false, nativeEvents: true, networkConnectionEnabled: false, pageLoadStrategy: normal, platform: XP, platformName: XP, rotatable: false, setWindowRect: true, takesHeapSnapshot: true, takesScreenshot: true, unexpectedAlertBehaviour: , unhandledPromptBehavior: , version: 73.0.3683.103, webStorageEnabled: true}
Session ID: ae7ac81a27217d85a737906aaf9c07ba
*** Element info: {Using=xpath, value=//*[@id=&quot;content&quot;]/div/div/div/div[2]/div[3]/div[6]/div/div/div[2]/div/div/div[2]/ul/li[5]/a}"/>
         <system-out><![CDATA[2019-04-23 13:43:03 - [TEST_CASE][ERROR] - Test Cases/Operational_Dashboard/178: Test Cases/Operational_Dashboard/178 FAILED because (of) org.openqa.selenium.NoSuchElementException: no such element: Unable to locate element: {"method":"xpath","selector":"//*[@id="content"]/div/div/div/div[2]/div[3]/div[6]/div/div/div[2]/div/div/div[2]/ul/li[5]/a"}
  (Session info: chrome=73.0.3683.103)
  (Driver info: chromedriver=2.35.528161 (5b82f2d2aae0ca24b877009200ced9065a772e73),platform=Windows NT 10.0.17134 x86_64) (WARNING: The server did not provide any stacktrace information)
Command duration or timeout: 0 milliseconds
For documentation on this error, please visit: http://seleniumhq.org/exceptions/no_such_element.html
Build info: version: '3.7.1', revision: '8a0099a', time: '2017-11-06T21:07:36.161Z'
System info: host: 'DESKTOP-4M6R1V0', ip: '10.0.2.15', os.name: 'Windows 10', os.arch: 'amd64', os.version: '10.0', java.version: '1.8.0_181'
Driver info: com.kms.katalon.selenium.driver.CChromeDriver
Capabilities {acceptInsecureCerts: false, acceptSslCerts: false, applicationCacheEnabled: false, browserConnectionEnabled: false, browserName: chrome, chrome: {chromedriverVersion: 2.35.528161 (5b82f2d2aae0ca..., userDataDir: C:\Users\CLOUDK~1\AppData\L...}, cssSelectorsEnabled: true, databaseEnabled: false, handlesAlerts: true, hasTouchScreen: false, javascriptEnabled: true, locationContextEnabled: true, mobileEmulationEnabled: false, nativeEvents: true, networkConnectionEnabled: false, pageLoadStrategy: normal, platform: XP, platformName: XP, rotatable: false, setWindowRect: true, takesHeapSnapshot: true, takesScreenshot: true, unexpectedAlertBehaviour: , unhandledPromptBehavior: , version: 73.0.3683.103, webStorageEnabled: true}
Session ID: ae7ac81a27217d85a737906aaf9c07ba
*** Element info: {Using=xpath, value=//*[@id="content"]/div/div/div/div[2]/div[3]/div[6]/div/div/div[2]/div/div/div[2]/ul/li[5]/a}

2019-04-23 13:43:03 - [TEST_STEP][PASSED] - callTestCase: Call Test Case 'Test Cases/Operational_Dashboard/177' successfully

2019-04-23 13:43:03 - [TEST_CASE][PASSED] - Test Cases/Operational_Dashboard/177: Test Cases/Operational_Dashboard/177

2019-04-23 13:43:03 - [TEST_STEP][PASSED] - callTestCase: Call Test Case 'Test Cases/Operational_Dashboard/Login' successfully

2019-04-23 13:43:03 - [TEST_CASE][PASSED] - Test Cases/Operational_Dashboard/Login: Test Cases/Operational_Dashboard/Login

2019-04-23 13:43:03 - [TEST_STEP][PASSED] - callTestCase: Call Test Case 'Test Cases/s-sidebar_navigation/individualAccount/operationalDashboard' successfully

2019-04-23 13:43:03 - [TEST_CASE][PASSED] - Test Cases/s-sidebar_navigation/individualAccount/operationalDashboard: Test Cases/s-sidebar_navigation/individualAccount/operationalDashboard

2019-04-23 13:43:03 - [TEST_STEP][PASSED] - click: Object: 'Object Repository/Page_KiboEngage  Subscribers/span_Subscribers' is clicked on

2019-04-23 13:43:04 - [MESSAGE][PASSED] - Object: 'Object Repository/Page_KiboEngage  Subscribers/span_Subscribers' is clicked on

2019-04-23 13:43:04 - [TEST_STEP][PASSED] - click: Object: 'Object Repository/Page_KiboEngage  Subscribers/span_Operational Dashboard (1)' is clicked on

2019-04-23 13:43:05 - [MESSAGE][PASSED] - Object: 'Object Repository/Page_KiboEngage  Subscribers/span_Operational Dashboard (1)' is clicked on

2019-04-23 13:43:05 - [TEST_STEP][PASSED] - scrollToPosition: Browser is scrolled to position x = 0, y = 0

2019-04-23 13:43:05 - [MESSAGE][PASSED] - Browser is scrolled to position x = 0, y = 0

2019-04-23 13:43:05 - [TEST_STEP][PASSED] - click: Object: 'Object Repository/Page_KiboEngage  Operational Dashbo/h3_Pages Info (4)' is clicked on

2019-04-23 13:43:06 - [MESSAGE][PASSED] - Object: 'Object Repository/Page_KiboEngage  Operational Dashbo/h3_Pages Info (4)' is clicked on

2019-04-23 13:43:06 - [MESSAGE][PASSED] - Call Test Case 'Test Cases/s-sidebar_navigation/individualAccount/operationalDashboard' successfully

2019-04-23 13:43:06 - [MESSAGE][PASSED] - Call Test Case 'Test Cases/Operational_Dashboard/Login' successfully

2019-04-23 13:43:06 - [TEST_STEP][PASSED] - Statement - driver = com.kms.katalon.core.webui.driver.DriverFactory.getWebDriver(): null

2019-04-23 13:43:06 - [TEST_STEP][PASSED] - Statement - popup_survey = driver.findElement(org.openqa.selenium.By.xpath("//*[@id="content"]/div/div/div/div[2]/div[3]/div[6]/div/div/div/div[2]/ul/li[3]")): null

2019-04-23 13:43:06 - [TEST_STEP][PASSED] - Statement - popup_survey.click(): null

2019-04-23 13:43:06 - [TEST_STEP][PASSED] - delay: Delayed 5 second(s)

2019-04-23 13:43:11 - [MESSAGE][PASSED] - Delayed 5 second(s)

2019-04-23 13:43:11 - [TEST_STEP][PASSED] - Statement - rows_table = driver.findElements(org.openqa.selenium.By.xpath("//*[@id="content"]/div/div/div/div[2]/div[3]/div[6]/div/div/div[2]/div/div/div[2]/table/tbody/tr")): null

2019-04-23 13:43:11 - [TEST_STEP][PASSED] - Statement - rows_count = rows_table.size(): null

2019-04-23 13:43:11 - [TEST_STEP][PASSED] - verifyGreaterThanOrEqual: Actual number '6' is greater than or equal to expected number '1'

2019-04-23 13:43:11 - [MESSAGE][PASSED] - Actual number '6' is greater than or equal to expected number '1'

2019-04-23 13:43:11 - [MESSAGE][PASSED] - Call Test Case 'Test Cases/Operational_Dashboard/177' successfully

2019-04-23 13:43:11 - [TEST_STEP][PASSED] - Statement - driver = com.kms.katalon.core.webui.driver.DriverFactory.getWebDriver(): null

2019-04-23 13:43:11 - [TEST_STEP][PASSED] - Statement - next = driver.findElement(org.openqa.selenium.By.xpath("//*[@id="content"]/div/div/div/div[2]/div[3]/div[6]/div/div/div[2]/div/div/div[2]/ul/li[5]/a")): null]]></system-out>
         <system-err><![CDATA[2019-04-23 13:43:03 - [TEST_CASE][ERROR] - Test Cases/Operational_Dashboard/178: Test Cases/Operational_Dashboard/178 FAILED because (of) org.openqa.selenium.NoSuchElementException: no such element: Unable to locate element: {"method":"xpath","selector":"//*[@id="content"]/div/div/div/div[2]/div[3]/div[6]/div/div/div[2]/div/div/div[2]/ul/li[5]/a"}
  (Session info: chrome=73.0.3683.103)
  (Driver info: chromedriver=2.35.528161 (5b82f2d2aae0ca24b877009200ced9065a772e73),platform=Windows NT 10.0.17134 x86_64) (WARNING: The server did not provide any stacktrace information)
Command duration or timeout: 0 milliseconds
For documentation on this error, please visit: http://seleniumhq.org/exceptions/no_such_element.html
Build info: version: '3.7.1', revision: '8a0099a', time: '2017-11-06T21:07:36.161Z'
System info: host: 'DESKTOP-4M6R1V0', ip: '10.0.2.15', os.name: 'Windows 10', os.arch: 'amd64', os.version: '10.0', java.version: '1.8.0_181'
Driver info: com.kms.katalon.selenium.driver.CChromeDriver
Capabilities {acceptInsecureCerts: false, acceptSslCerts: false, applicationCacheEnabled: false, browserConnectionEnabled: false, browserName: chrome, chrome: {chromedriverVersion: 2.35.528161 (5b82f2d2aae0ca..., userDataDir: C:\Users\CLOUDK~1\AppData\L...}, cssSelectorsEnabled: true, databaseEnabled: false, handlesAlerts: true, hasTouchScreen: false, javascriptEnabled: true, locationContextEnabled: true, mobileEmulationEnabled: false, nativeEvents: true, networkConnectionEnabled: false, pageLoadStrategy: normal, platform: XP, platformName: XP, rotatable: false, setWindowRect: true, takesHeapSnapshot: true, takesScreenshot: true, unexpectedAlertBehaviour: , unhandledPromptBehavior: , version: 73.0.3683.103, webStorageEnabled: true}
Session ID: ae7ac81a27217d85a737906aaf9c07ba
*** Element info: {Using=xpath, value=//*[@id="content"]/div/div/div/div[2]/div[3]/div[6]/div/div/div[2]/div/div/div[2]/ul/li[5]/a}]]></system-err>
      </testcase>
      <testcase name="Test Cases/Operational_Dashboard/179" classname="Test Cases/Operational_Dashboard/179" status="ERROR">
         <error type="ERROR" message="Test Cases/Operational_Dashboard/179 FAILED because (of) org.openqa.selenium.NoSuchElementException: no such element: Unable to locate element: {&quot;method&quot;:&quot;xpath&quot;,&quot;selector&quot;:&quot;//*[@id=&quot;content&quot;]/div/div/div/div[2]/div[3]/div[6]/div/div/div[2]/div/div/div[2]/ul/li[5]/a&quot;}
  (Session info: chrome=73.0.3683.103)
  (Driver info: chromedriver=2.35.528161 (5b82f2d2aae0ca24b877009200ced9065a772e73),platform=Windows NT 10.0.17134 x86_64) (WARNING: The server did not provide any stacktrace information)
Command duration or timeout: 0 milliseconds
For documentation on this error, please visit: http://seleniumhq.org/exceptions/no_such_element.html
Build info: version: '3.7.1', revision: '8a0099a', time: '2017-11-06T21:07:36.161Z'
System info: host: 'DESKTOP-4M6R1V0', ip: '10.0.2.15', os.name: 'Windows 10', os.arch: 'amd64', os.version: '10.0', java.version: '1.8.0_181'
Driver info: com.kms.katalon.selenium.driver.CChromeDriver
Capabilities {acceptInsecureCerts: false, acceptSslCerts: false, applicationCacheEnabled: false, browserConnectionEnabled: false, browserName: chrome, chrome: {chromedriverVersion: 2.35.528161 (5b82f2d2aae0ca..., userDataDir: C:\Users\CLOUDK~1\AppData\L...}, cssSelectorsEnabled: true, databaseEnabled: false, handlesAlerts: true, hasTouchScreen: false, javascriptEnabled: true, locationContextEnabled: true, mobileEmulationEnabled: false, nativeEvents: true, networkConnectionEnabled: false, pageLoadStrategy: normal, platform: XP, platformName: XP, rotatable: false, setWindowRect: true, takesHeapSnapshot: true, takesScreenshot: true, unexpectedAlertBehaviour: , unhandledPromptBehavior: , version: 73.0.3683.103, webStorageEnabled: true}
Session ID: ae7ac81a27217d85a737906aaf9c07ba
*** Element info: {Using=xpath, value=//*[@id=&quot;content&quot;]/div/div/div/div[2]/div[3]/div[6]/div/div/div[2]/div/div/div[2]/ul/li[5]/a}"/>
         <system-out><![CDATA[2019-04-23 13:43:12 - [TEST_CASE][ERROR] - Test Cases/Operational_Dashboard/179: Test Cases/Operational_Dashboard/179 FAILED because (of) org.openqa.selenium.NoSuchElementException: no such element: Unable to locate element: {"method":"xpath","selector":"//*[@id="content"]/div/div/div/div[2]/div[3]/div[6]/div/div/div[2]/div/div/div[2]/ul/li[5]/a"}
  (Session info: chrome=73.0.3683.103)
  (Driver info: chromedriver=2.35.528161 (5b82f2d2aae0ca24b877009200ced9065a772e73),platform=Windows NT 10.0.17134 x86_64) (WARNING: The server did not provide any stacktrace information)
Command duration or timeout: 0 milliseconds
For documentation on this error, please visit: http://seleniumhq.org/exceptions/no_such_element.html
Build info: version: '3.7.1', revision: '8a0099a', time: '2017-11-06T21:07:36.161Z'
System info: host: 'DESKTOP-4M6R1V0', ip: '10.0.2.15', os.name: 'Windows 10', os.arch: 'amd64', os.version: '10.0', java.version: '1.8.0_181'
Driver info: com.kms.katalon.selenium.driver.CChromeDriver
Capabilities {acceptInsecureCerts: false, acceptSslCerts: false, applicationCacheEnabled: false, browserConnectionEnabled: false, browserName: chrome, chrome: {chromedriverVersion: 2.35.528161 (5b82f2d2aae0ca..., userDataDir: C:\Users\CLOUDK~1\AppData\L...}, cssSelectorsEnabled: true, databaseEnabled: false, handlesAlerts: true, hasTouchScreen: false, javascriptEnabled: true, locationContextEnabled: true, mobileEmulationEnabled: false, nativeEvents: true, networkConnectionEnabled: false, pageLoadStrategy: normal, platform: XP, platformName: XP, rotatable: false, setWindowRect: true, takesHeapSnapshot: true, takesScreenshot: true, unexpectedAlertBehaviour: , unhandledPromptBehavior: , version: 73.0.3683.103, webStorageEnabled: true}
Session ID: ae7ac81a27217d85a737906aaf9c07ba
*** Element info: {Using=xpath, value=//*[@id="content"]/div/div/div/div[2]/div[3]/div[6]/div/div/div[2]/div/div/div[2]/ul/li[5]/a}

2019-04-23 13:43:12 - [TEST_STEP][FAILED] - callTestCase: Unable to call Test Case with id 'Test Cases/Operational_Dashboard/178' (Root cause: Call Test Case 'Test Cases/Operational_Dashboard/178' failed because of error(s))

2019-04-23 13:43:12 - [TEST_CASE][ERROR] - Test Cases/Operational_Dashboard/178: Test Cases/Operational_Dashboard/178 FAILED because (of) org.openqa.selenium.NoSuchElementException: no such element: Unable to locate element: {"method":"xpath","selector":"//*[@id="content"]/div/div/div/div[2]/div[3]/div[6]/div/div/div[2]/div/div/div[2]/ul/li[5]/a"}
  (Session info: chrome=73.0.3683.103)
  (Driver info: chromedriver=2.35.528161 (5b82f2d2aae0ca24b877009200ced9065a772e73),platform=Windows NT 10.0.17134 x86_64) (WARNING: The server did not provide any stacktrace information)
Command duration or timeout: 0 milliseconds
For documentation on this error, please visit: http://seleniumhq.org/exceptions/no_such_element.html
Build info: version: '3.7.1', revision: '8a0099a', time: '2017-11-06T21:07:36.161Z'
System info: host: 'DESKTOP-4M6R1V0', ip: '10.0.2.15', os.name: 'Windows 10', os.arch: 'amd64', os.version: '10.0', java.version: '1.8.0_181'
Driver info: com.kms.katalon.selenium.driver.CChromeDriver
Capabilities {acceptInsecureCerts: false, acceptSslCerts: false, applicationCacheEnabled: false, browserConnectionEnabled: false, browserName: chrome, chrome: {chromedriverVersion: 2.35.528161 (5b82f2d2aae0ca..., userDataDir: C:\Users\CLOUDK~1\AppData\L...}, cssSelectorsEnabled: true, databaseEnabled: false, handlesAlerts: true, hasTouchScreen: false, javascriptEnabled: true, locationContextEnabled: true, mobileEmulationEnabled: false, nativeEvents: true, networkConnectionEnabled: false, pageLoadStrategy: normal, platform: XP, platformName: XP, rotatable: false, setWindowRect: true, takesHeapSnapshot: true, takesScreenshot: true, unexpectedAlertBehaviour: , unhandledPromptBehavior: , version: 73.0.3683.103, webStorageEnabled: true}
Session ID: ae7ac81a27217d85a737906aaf9c07ba
*** Element info: {Using=xpath, value=//*[@id="content"]/div/div/div/div[2]/div[3]/div[6]/div/div/div[2]/div/div/div[2]/ul/li[5]/a}

2019-04-23 13:43:12 - [TEST_STEP][PASSED] - callTestCase: Call Test Case 'Test Cases/Operational_Dashboard/177' successfully

2019-04-23 13:43:12 - [TEST_CASE][PASSED] - Test Cases/Operational_Dashboard/177: Test Cases/Operational_Dashboard/177

2019-04-23 13:43:12 - [TEST_STEP][PASSED] - callTestCase: Call Test Case 'Test Cases/Operational_Dashboard/Login' successfully

2019-04-23 13:43:12 - [TEST_CASE][PASSED] - Test Cases/Operational_Dashboard/Login: Test Cases/Operational_Dashboard/Login

2019-04-23 13:43:12 - [TEST_STEP][PASSED] - callTestCase: Call Test Case 'Test Cases/s-sidebar_navigation/individualAccount/operationalDashboard' successfully

2019-04-23 13:43:12 - [TEST_CASE][PASSED] - Test Cases/s-sidebar_navigation/individualAccount/operationalDashboard: Test Cases/s-sidebar_navigation/individualAccount/operationalDashboard

2019-04-23 13:43:12 - [TEST_STEP][PASSED] - click: Object: 'Object Repository/Page_KiboEngage  Subscribers/span_Subscribers' is clicked on

2019-04-23 13:43:13 - [MESSAGE][PASSED] - Object: 'Object Repository/Page_KiboEngage  Subscribers/span_Subscribers' is clicked on

2019-04-23 13:43:13 - [TEST_STEP][PASSED] - click: Object: 'Object Repository/Page_KiboEngage  Subscribers/span_Operational Dashboard (1)' is clicked on

2019-04-23 13:43:14 - [MESSAGE][PASSED] - Object: 'Object Repository/Page_KiboEngage  Subscribers/span_Operational Dashboard (1)' is clicked on

2019-04-23 13:43:14 - [TEST_STEP][PASSED] - scrollToPosition: Browser is scrolled to position x = 0, y = 0

2019-04-23 13:43:14 - [MESSAGE][PASSED] - Browser is scrolled to position x = 0, y = 0

2019-04-23 13:43:14 - [TEST_STEP][PASSED] - click: Object: 'Object Repository/Page_KiboEngage  Operational Dashbo/h3_Pages Info (4)' is clicked on

2019-04-23 13:43:15 - [MESSAGE][PASSED] - Object: 'Object Repository/Page_KiboEngage  Operational Dashbo/h3_Pages Info (4)' is clicked on

2019-04-23 13:43:15 - [MESSAGE][PASSED] - Call Test Case 'Test Cases/s-sidebar_navigation/individualAccount/operationalDashboard' successfully

2019-04-23 13:43:15 - [MESSAGE][PASSED] - Call Test Case 'Test Cases/Operational_Dashboard/Login' successfully

2019-04-23 13:43:15 - [TEST_STEP][PASSED] - Statement - driver = com.kms.katalon.core.webui.driver.DriverFactory.getWebDriver(): null

2019-04-23 13:43:15 - [TEST_STEP][PASSED] - Statement - popup_survey = driver.findElement(org.openqa.selenium.By.xpath("//*[@id="content"]/div/div/div/div[2]/div[3]/div[6]/div/div/div/div[2]/ul/li[3]")): null

2019-04-23 13:43:15 - [TEST_STEP][PASSED] - Statement - popup_survey.click(): null

2019-04-23 13:43:16 - [TEST_STEP][PASSED] - delay: Delayed 5 second(s)

2019-04-23 13:43:21 - [MESSAGE][PASSED] - Delayed 5 second(s)

2019-04-23 13:43:21 - [TEST_STEP][PASSED] - Statement - rows_table = driver.findElements(org.openqa.selenium.By.xpath("//*[@id="content"]/div/div/div/div[2]/div[3]/div[6]/div/div/div[2]/div/div/div[2]/table/tbody/tr")): null

2019-04-23 13:43:21 - [TEST_STEP][PASSED] - Statement - rows_count = rows_table.size(): null

2019-04-23 13:43:21 - [TEST_STEP][PASSED] - verifyGreaterThanOrEqual: Actual number '6' is greater than or equal to expected number '1'

2019-04-23 13:43:21 - [MESSAGE][PASSED] - Actual number '6' is greater than or equal to expected number '1'

2019-04-23 13:43:21 - [MESSAGE][PASSED] - Call Test Case 'Test Cases/Operational_Dashboard/177' successfully

2019-04-23 13:43:21 - [TEST_STEP][PASSED] - Statement - driver = com.kms.katalon.core.webui.driver.DriverFactory.getWebDriver(): null

2019-04-23 13:43:21 - [TEST_STEP][PASSED] - Statement - next = driver.findElement(org.openqa.selenium.By.xpath("//*[@id="content"]/div/div/div/div[2]/div[3]/div[6]/div/div/div[2]/div/div/div[2]/ul/li[5]/a")): null

2019-04-23 13:43:21 - [MESSAGE][FAILED] - Unable to call Test Case with id 'Test Cases/Operational_Dashboard/178' (Root cause: Call Test Case 'Test Cases/Operational_Dashboard/178' failed because of error(s))]]></system-out>
         <system-err><![CDATA[2019-04-23 13:43:12 - [TEST_CASE][ERROR] - Test Cases/Operational_Dashboard/179: Test Cases/Operational_Dashboard/179 FAILED because (of) org.openqa.selenium.NoSuchElementException: no such element: Unable to locate element: {"method":"xpath","selector":"//*[@id="content"]/div/div/div/div[2]/div[3]/div[6]/div/div/div[2]/div/div/div[2]/ul/li[5]/a"}
  (Session info: chrome=73.0.3683.103)
  (Driver info: chromedriver=2.35.528161 (5b82f2d2aae0ca24b877009200ced9065a772e73),platform=Windows NT 10.0.17134 x86_64) (WARNING: The server did not provide any stacktrace information)
Command duration or timeout: 0 milliseconds
For documentation on this error, please visit: http://seleniumhq.org/exceptions/no_such_element.html
Build info: version: '3.7.1', revision: '8a0099a', time: '2017-11-06T21:07:36.161Z'
System info: host: 'DESKTOP-4M6R1V0', ip: '10.0.2.15', os.name: 'Windows 10', os.arch: 'amd64', os.version: '10.0', java.version: '1.8.0_181'
Driver info: com.kms.katalon.selenium.driver.CChromeDriver
Capabilities {acceptInsecureCerts: false, acceptSslCerts: false, applicationCacheEnabled: false, browserConnectionEnabled: false, browserName: chrome, chrome: {chromedriverVersion: 2.35.528161 (5b82f2d2aae0ca..., userDataDir: C:\Users\CLOUDK~1\AppData\L...}, cssSelectorsEnabled: true, databaseEnabled: false, handlesAlerts: true, hasTouchScreen: false, javascriptEnabled: true, locationContextEnabled: true, mobileEmulationEnabled: false, nativeEvents: true, networkConnectionEnabled: false, pageLoadStrategy: normal, platform: XP, platformName: XP, rotatable: false, setWindowRect: true, takesHeapSnapshot: true, takesScreenshot: true, unexpectedAlertBehaviour: , unhandledPromptBehavior: , version: 73.0.3683.103, webStorageEnabled: true}
Session ID: ae7ac81a27217d85a737906aaf9c07ba
*** Element info: {Using=xpath, value=//*[@id="content"]/div/div/div/div[2]/div[3]/div[6]/div/div/div[2]/div/div/div[2]/ul/li[5]/a}]]></system-err>
      </testcase>
      <testcase name="Test Cases/Operational_Dashboard/180" classname="Test Cases/Operational_Dashboard/180" status="PASSED">
         <system-out><![CDATA[2019-04-23 13:43:21 - [TEST_CASE][PASSED] - Test Cases/Operational_Dashboard/180: Test Cases/Operational_Dashboard/180

2019-04-23 13:43:21 - [TEST_STEP][PASSED] - callTestCase: Call Test Case 'Test Cases/Operational_Dashboard/177' successfully

2019-04-23 13:43:21 - [TEST_CASE][PASSED] - Test Cases/Operational_Dashboard/177: Test Cases/Operational_Dashboard/177

2019-04-23 13:43:21 - [TEST_STEP][PASSED] - callTestCase: Call Test Case 'Test Cases/Operational_Dashboard/Login' successfully

2019-04-23 13:43:21 - [TEST_CASE][PASSED] - Test Cases/Operational_Dashboard/Login: Test Cases/Operational_Dashboard/Login

2019-04-23 13:43:21 - [TEST_STEP][PASSED] - callTestCase: Call Test Case 'Test Cases/s-sidebar_navigation/individualAccount/operationalDashboard' successfully

2019-04-23 13:43:21 - [TEST_CASE][PASSED] - Test Cases/s-sidebar_navigation/individualAccount/operationalDashboard: Test Cases/s-sidebar_navigation/individualAccount/operationalDashboard

2019-04-23 13:43:21 - [TEST_STEP][PASSED] - click: Object: 'Object Repository/Page_KiboEngage  Subscribers/span_Subscribers' is clicked on

2019-04-23 13:43:23 - [MESSAGE][PASSED] - Object: 'Object Repository/Page_KiboEngage  Subscribers/span_Subscribers' is clicked on

2019-04-23 13:43:23 - [TEST_STEP][PASSED] - click: Object: 'Object Repository/Page_KiboEngage  Subscribers/span_Operational Dashboard (1)' is clicked on

2019-04-23 13:43:25 - [MESSAGE][PASSED] - Object: 'Object Repository/Page_KiboEngage  Subscribers/span_Operational Dashboard (1)' is clicked on

2019-04-23 13:43:25 - [TEST_STEP][PASSED] - scrollToPosition: Browser is scrolled to position x = 0, y = 0

2019-04-23 13:43:25 - [MESSAGE][PASSED] - Browser is scrolled to position x = 0, y = 0

2019-04-23 13:43:25 - [TEST_STEP][PASSED] - click: Object: 'Object Repository/Page_KiboEngage  Operational Dashbo/h3_Pages Info (4)' is clicked on

2019-04-23 13:43:26 - [MESSAGE][PASSED] - Object: 'Object Repository/Page_KiboEngage  Operational Dashbo/h3_Pages Info (4)' is clicked on

2019-04-23 13:43:26 - [MESSAGE][PASSED] - Call Test Case 'Test Cases/s-sidebar_navigation/individualAccount/operationalDashboard' successfully

2019-04-23 13:43:26 - [MESSAGE][PASSED] - Call Test Case 'Test Cases/Operational_Dashboard/Login' successfully

2019-04-23 13:43:26 - [TEST_STEP][PASSED] - Statement - driver = com.kms.katalon.core.webui.driver.DriverFactory.getWebDriver(): null

2019-04-23 13:43:26 - [TEST_STEP][PASSED] - Statement - popup_survey = driver.findElement(org.openqa.selenium.By.xpath("//*[@id="content"]/div/div/div/div[2]/div[3]/div[6]/div/div/div/div[2]/ul/li[3]")): null

2019-04-23 13:43:26 - [TEST_STEP][PASSED] - Statement - popup_survey.click(): null

2019-04-23 13:43:26 - [TEST_STEP][PASSED] - delay: Delayed 5 second(s)

2019-04-23 13:43:31 - [MESSAGE][PASSED] - Delayed 5 second(s)

2019-04-23 13:43:31 - [TEST_STEP][PASSED] - Statement - rows_table = driver.findElements(org.openqa.selenium.By.xpath("//*[@id="content"]/div/div/div/div[2]/div[3]/div[6]/div/div/div[2]/div/div/div[2]/table/tbody/tr")): null

2019-04-23 13:43:31 - [TEST_STEP][PASSED] - Statement - rows_count = rows_table.size(): null

2019-04-23 13:43:31 - [TEST_STEP][PASSED] - verifyGreaterThanOrEqual: Actual number '6' is greater than or equal to expected number '1'

2019-04-23 13:43:31 - [MESSAGE][PASSED] - Actual number '6' is greater than or equal to expected number '1'

2019-04-23 13:43:31 - [MESSAGE][PASSED] - Call Test Case 'Test Cases/Operational_Dashboard/177' successfully

2019-04-23 13:43:31 - [TEST_STEP][PASSED] - Statement - driver = com.kms.katalon.core.webui.driver.DriverFactory.getWebDriver(): null

2019-04-23 13:43:31 - [TEST_STEP][PASSED] - Statement - next = driver.findElement(org.openqa.selenium.By.xpath("//*[@id="content"]/div/div/div/div[2]/div[3]/div[6]/div/div/div[2]/div/div/div[2]/ul/li[3]/a")): null

2019-04-23 13:43:31 - [TEST_STEP][PASSED] - Statement - next.click(): null

2019-04-23 13:43:31 - [TEST_STEP][PASSED] - delay: Delayed 5 second(s)

2019-04-23 13:43:36 - [MESSAGE][PASSED] - Delayed 5 second(s)

2019-04-23 13:43:36 - [TEST_STEP][PASSED] - Statement - rows_table = driver.findElements(org.openqa.selenium.By.xpath("//*[@id="content"]/div/div/div/div[2]/div[3]/div[6]/div/div/div[2]/div/div/div[2]/table/tbody/tr")): null

2019-04-23 13:43:36 - [TEST_STEP][PASSED] - Statement - rows_count = rows_table.size(): null

2019-04-23 13:43:36 - [TEST_STEP][PASSED] - verifyGreaterThanOrEqual: Actual number '6' is greater than or equal to expected number '1'

2019-04-23 13:43:36 - [MESSAGE][PASSED] - Actual number '6' is greater than or equal to expected number '1']]></system-out>
         <system-err><![CDATA[]]></system-err>
      </testcase>
      <testcase name="Test Cases/Operational_Dashboard/181" classname="Test Cases/Operational_Dashboard/181" status="FAILED">
         <failure type="FAILED" message="Unable to verify actual number '0' greater than or equal with expected number '1' (Root cause: Actual number '0' is NOT greater than or equal to expected number '1')"/>
         <system-out><![CDATA[2019-04-23 13:43:36 - [TEST_CASE][FAILED] - Test Cases/Operational_Dashboard/181: Test Cases/Operational_Dashboard/181 FAILED because (of) Unable to verify actual number '0' greater than or equal with expected number '1' (Root cause: Actual number '0' is NOT greater than or equal to expected number '1')

2019-04-23 13:43:37 - [TEST_STEP][PASSED] - callTestCase: Call Test Case 'Test Cases/Operational_Dashboard/177' successfully

2019-04-23 13:43:37 - [TEST_CASE][PASSED] - Test Cases/Operational_Dashboard/177: Test Cases/Operational_Dashboard/177

2019-04-23 13:43:37 - [TEST_STEP][PASSED] - callTestCase: Call Test Case 'Test Cases/Operational_Dashboard/Login' successfully

2019-04-23 13:43:37 - [TEST_CASE][PASSED] - Test Cases/Operational_Dashboard/Login: Test Cases/Operational_Dashboard/Login

2019-04-23 13:43:37 - [TEST_STEP][PASSED] - callTestCase: Call Test Case 'Test Cases/s-sidebar_navigation/individualAccount/operationalDashboard' successfully

2019-04-23 13:43:37 - [TEST_CASE][PASSED] - Test Cases/s-sidebar_navigation/individualAccount/operationalDashboard: Test Cases/s-sidebar_navigation/individualAccount/operationalDashboard

2019-04-23 13:43:37 - [TEST_STEP][PASSED] - click: Object: 'Object Repository/Page_KiboEngage  Subscribers/span_Subscribers' is clicked on

2019-04-23 13:43:38 - [MESSAGE][PASSED] - Object: 'Object Repository/Page_KiboEngage  Subscribers/span_Subscribers' is clicked on

2019-04-23 13:43:38 - [TEST_STEP][PASSED] - click: Object: 'Object Repository/Page_KiboEngage  Subscribers/span_Operational Dashboard (1)' is clicked on

2019-04-23 13:43:38 - [MESSAGE][PASSED] - Object: 'Object Repository/Page_KiboEngage  Subscribers/span_Operational Dashboard (1)' is clicked on

2019-04-23 13:43:38 - [TEST_STEP][PASSED] - scrollToPosition: Browser is scrolled to position x = 0, y = 0

2019-04-23 13:43:38 - [MESSAGE][PASSED] - Browser is scrolled to position x = 0, y = 0

2019-04-23 13:43:38 - [TEST_STEP][PASSED] - click: Object: 'Object Repository/Page_KiboEngage  Operational Dashbo/h3_Pages Info (4)' is clicked on

2019-04-23 13:43:39 - [MESSAGE][PASSED] - Object: 'Object Repository/Page_KiboEngage  Operational Dashbo/h3_Pages Info (4)' is clicked on

2019-04-23 13:43:39 - [MESSAGE][PASSED] - Call Test Case 'Test Cases/s-sidebar_navigation/individualAccount/operationalDashboard' successfully

2019-04-23 13:43:39 - [MESSAGE][PASSED] - Call Test Case 'Test Cases/Operational_Dashboard/Login' successfully

2019-04-23 13:43:39 - [TEST_STEP][PASSED] - Statement - driver = com.kms.katalon.core.webui.driver.DriverFactory.getWebDriver(): null

2019-04-23 13:43:39 - [TEST_STEP][PASSED] - Statement - popup_survey = driver.findElement(org.openqa.selenium.By.xpath("//*[@id="content"]/div/div/div/div[2]/div[3]/div[6]/div/div/div/div[2]/ul/li[3]")): null

2019-04-23 13:43:40 - [TEST_STEP][PASSED] - Statement - popup_survey.click(): null

2019-04-23 13:43:41 - [TEST_STEP][PASSED] - delay: Delayed 5 second(s)

2019-04-23 13:43:46 - [MESSAGE][PASSED] - Delayed 5 second(s)

2019-04-23 13:43:46 - [TEST_STEP][PASSED] - Statement - rows_table = driver.findElements(org.openqa.selenium.By.xpath("//*[@id="content"]/div/div/div/div[2]/div[3]/div[6]/div/div/div[2]/div/div/div[2]/table/tbody/tr")): null

2019-04-23 13:43:46 - [TEST_STEP][PASSED] - Statement - rows_count = rows_table.size(): null

2019-04-23 13:43:46 - [TEST_STEP][PASSED] - verifyGreaterThanOrEqual: Actual number '6' is greater than or equal to expected number '1'

2019-04-23 13:43:46 - [MESSAGE][PASSED] - Actual number '6' is greater than or equal to expected number '1'

2019-04-23 13:43:46 - [MESSAGE][PASSED] - Call Test Case 'Test Cases/Operational_Dashboard/177' successfully

2019-04-23 13:43:46 - [TEST_STEP][PASSED] - Statement - driver = com.kms.katalon.core.webui.driver.DriverFactory.getWebDriver(): null

2019-04-23 13:43:46 - [TEST_STEP][PASSED] - Statement - search_text = driver.findElement(org.openqa.selenium.By.xpath("//*[@id="content"]/div/div/div/div[2]/div[3]/div[6]/div/div/div[2]/div/div/div[1]/div[1]/input")): null

2019-04-23 13:43:46 - [TEST_STEP][PASSED] - Statement - search_text.clear(): null

2019-04-23 13:43:46 - [TEST_STEP][PASSED] - Statement - search_text.sendKeys("fa"): null

2019-04-23 13:43:47 - [TEST_STEP][PASSED] - delay: Delayed 5 second(s)

2019-04-23 13:43:52 - [MESSAGE][PASSED] - Delayed 5 second(s)

2019-04-23 13:43:52 - [TEST_STEP][PASSED] - Statement - rows_table = driver.findElements(org.openqa.selenium.By.xpath("//*[@id="content"]/div/div/div/div[2]/div[3]/div[6]/div/div/div[2]/div/div/div[2]/table/tbody/tr")): null

2019-04-23 13:43:52 - [TEST_STEP][PASSED] - Statement - rows_count = rows_table.size(): null

2019-04-23 13:43:52 - [TEST_STEP][FAILED] - verifyGreaterThanOrEqual: Unable to verify actual number '0' greater than or equal with expected number '1' (Root cause: Actual number '0' is NOT greater than or equal to expected number '1')

2019-04-23 13:43:52 - [MESSAGE][FAILED] - Unable to verify actual number '0' greater than or equal with expected number '1' (Root cause: Actual number '0' is NOT greater than or equal to expected number '1')]]></system-out>
         <system-err><![CDATA[2019-04-23 13:43:36 - [TEST_CASE][FAILED] - Test Cases/Operational_Dashboard/181: Test Cases/Operational_Dashboard/181 FAILED because (of) Unable to verify actual number '0' greater than or equal with expected number '1' (Root cause: Actual number '0' is NOT greater than or equal to expected number '1')]]></system-err>
      </testcase>
      <testcase name="Test Cases/Operational_Dashboard/182" classname="Test Cases/Operational_Dashboard/182" status="PASSED">
         <system-out><![CDATA[2019-04-23 13:43:52 - [TEST_CASE][PASSED] - Test Cases/Operational_Dashboard/182: Test Cases/Operational_Dashboard/182

2019-04-23 13:43:52 - [TEST_STEP][PASSED] - callTestCase: Call Test Case 'Test Cases/Operational_Dashboard/177' successfully

2019-04-23 13:43:52 - [TEST_CASE][PASSED] - Test Cases/Operational_Dashboard/177: Test Cases/Operational_Dashboard/177

2019-04-23 13:43:52 - [TEST_STEP][PASSED] - callTestCase: Call Test Case 'Test Cases/Operational_Dashboard/Login' successfully

2019-04-23 13:43:52 - [TEST_CASE][PASSED] - Test Cases/Operational_Dashboard/Login: Test Cases/Operational_Dashboard/Login

2019-04-23 13:43:52 - [TEST_STEP][PASSED] - callTestCase: Call Test Case 'Test Cases/s-sidebar_navigation/individualAccount/operationalDashboard' successfully

2019-04-23 13:43:52 - [TEST_CASE][PASSED] - Test Cases/s-sidebar_navigation/individualAccount/operationalDashboard: Test Cases/s-sidebar_navigation/individualAccount/operationalDashboard

2019-04-23 13:43:52 - [TEST_STEP][PASSED] - click: Object: 'Object Repository/Page_KiboEngage  Subscribers/span_Subscribers' is clicked on

2019-04-23 13:43:53 - [MESSAGE][PASSED] - Object: 'Object Repository/Page_KiboEngage  Subscribers/span_Subscribers' is clicked on

2019-04-23 13:43:53 - [TEST_STEP][PASSED] - click: Object: 'Object Repository/Page_KiboEngage  Subscribers/span_Operational Dashboard (1)' is clicked on

2019-04-23 13:43:54 - [MESSAGE][PASSED] - Object: 'Object Repository/Page_KiboEngage  Subscribers/span_Operational Dashboard (1)' is clicked on

2019-04-23 13:43:54 - [TEST_STEP][PASSED] - scrollToPosition: Browser is scrolled to position x = 0, y = 0

2019-04-23 13:43:54 - [MESSAGE][PASSED] - Browser is scrolled to position x = 0, y = 0

2019-04-23 13:43:54 - [TEST_STEP][PASSED] - click: Object: 'Object Repository/Page_KiboEngage  Operational Dashbo/h3_Pages Info (4)' is clicked on

2019-04-23 13:43:55 - [MESSAGE][PASSED] - Object: 'Object Repository/Page_KiboEngage  Operational Dashbo/h3_Pages Info (4)' is clicked on

2019-04-23 13:43:55 - [MESSAGE][PASSED] - Call Test Case 'Test Cases/s-sidebar_navigation/individualAccount/operationalDashboard' successfully

2019-04-23 13:43:55 - [MESSAGE][PASSED] - Call Test Case 'Test Cases/Operational_Dashboard/Login' successfully

2019-04-23 13:43:55 - [TEST_STEP][PASSED] - Statement - driver = com.kms.katalon.core.webui.driver.DriverFactory.getWebDriver(): null

2019-04-23 13:43:55 - [TEST_STEP][PASSED] - Statement - popup_survey = driver.findElement(org.openqa.selenium.By.xpath("//*[@id="content"]/div/div/div/div[2]/div[3]/div[6]/div/div/div/div[2]/ul/li[3]")): null

2019-04-23 13:43:55 - [TEST_STEP][PASSED] - Statement - popup_survey.click(): null

2019-04-23 13:43:56 - [TEST_STEP][PASSED] - delay: Delayed 5 second(s)

2019-04-23 13:44:01 - [MESSAGE][PASSED] - Delayed 5 second(s)

2019-04-23 13:44:01 - [TEST_STEP][PASSED] - Statement - rows_table = driver.findElements(org.openqa.selenium.By.xpath("//*[@id="content"]/div/div/div/div[2]/div[3]/div[6]/div/div/div[2]/div/div/div[2]/table/tbody/tr")): null

2019-04-23 13:44:01 - [TEST_STEP][PASSED] - Statement - rows_count = rows_table.size(): null

2019-04-23 13:44:01 - [TEST_STEP][PASSED] - verifyGreaterThanOrEqual: Actual number '6' is greater than or equal to expected number '1'

2019-04-23 13:44:01 - [MESSAGE][PASSED] - Actual number '6' is greater than or equal to expected number '1'

2019-04-23 13:44:01 - [MESSAGE][PASSED] - Call Test Case 'Test Cases/Operational_Dashboard/177' successfully

2019-04-23 13:44:01 - [TEST_STEP][PASSED] - Statement - driver = com.kms.katalon.core.webui.driver.DriverFactory.getWebDriver(): null

2019-04-23 13:44:01 - [TEST_STEP][PASSED] - Statement - search_text = driver.findElement(org.openqa.selenium.By.xpath("//*[@id="content"]/div/div/div/div[2]/div[3]/div[6]/div/div/div[2]/div/div/div[1]/div[2]/div/input")): null

2019-04-23 13:44:01 - [TEST_STEP][PASSED] - Statement - search_text.clear(): null

2019-04-23 13:44:01 - [TEST_STEP][PASSED] - Statement - search_text.sendKeys("3"): null

2019-04-23 13:44:01 - [TEST_STEP][PASSED] - delay: Delayed 5 second(s)

2019-04-23 13:44:06 - [MESSAGE][PASSED] - Delayed 5 second(s)

2019-04-23 13:44:06 - [TEST_STEP][PASSED] - Statement - rows_table = driver.findElements(org.openqa.selenium.By.xpath("//*[@id="content"]/div/div/div/div[2]/div[3]/div[6]/div/div/div[2]/div/div/div[2]/table/tbody/tr")): null

2019-04-23 13:44:06 - [TEST_STEP][PASSED] - Statement - rows_count = rows_table.size(): null

2019-04-23 13:44:06 - [TEST_STEP][PASSED] - verifyGreaterThanOrEqual: Actual number '1' is greater than or equal to expected number '1'

2019-04-23 13:44:06 - [MESSAGE][PASSED] - Actual number '1' is greater than or equal to expected number '1']]></system-out>
         <system-err><![CDATA[]]></system-err>
      </testcase>
      <testcase name="Test Cases/Operational_Dashboard/183" classname="Test Cases/Operational_Dashboard/183" status="FAILED">
         <failure type="FAILED" message="Unable to verify actual number '0' greater than or equal with expected number '1' (Root cause: Actual number '0' is NOT greater than or equal to expected number '1')"/>
         <system-out><![CDATA[2019-04-23 13:44:06 - [TEST_CASE][FAILED] - Test Cases/Operational_Dashboard/183: Test Cases/Operational_Dashboard/183 FAILED because (of) Unable to verify actual number '0' greater than or equal with expected number '1' (Root cause: Actual number '0' is NOT greater than or equal to expected number '1')

2019-04-23 13:44:07 - [TEST_STEP][PASSED] - callTestCase: Call Test Case 'Test Cases/Operational_Dashboard/177' successfully

2019-04-23 13:44:07 - [TEST_CASE][PASSED] - Test Cases/Operational_Dashboard/177: Test Cases/Operational_Dashboard/177

2019-04-23 13:44:07 - [TEST_STEP][PASSED] - callTestCase: Call Test Case 'Test Cases/Operational_Dashboard/Login' successfully

2019-04-23 13:44:07 - [TEST_CASE][PASSED] - Test Cases/Operational_Dashboard/Login: Test Cases/Operational_Dashboard/Login

2019-04-23 13:44:07 - [TEST_STEP][PASSED] - callTestCase: Call Test Case 'Test Cases/s-sidebar_navigation/individualAccount/operationalDashboard' successfully

2019-04-23 13:44:07 - [TEST_CASE][PASSED] - Test Cases/s-sidebar_navigation/individualAccount/operationalDashboard: Test Cases/s-sidebar_navigation/individualAccount/operationalDashboard

2019-04-23 13:44:07 - [TEST_STEP][PASSED] - click: Object: 'Object Repository/Page_KiboEngage  Subscribers/span_Subscribers' is clicked on

2019-04-23 13:44:07 - [MESSAGE][PASSED] - Object: 'Object Repository/Page_KiboEngage  Subscribers/span_Subscribers' is clicked on

2019-04-23 13:44:07 - [TEST_STEP][PASSED] - click: Object: 'Object Repository/Page_KiboEngage  Subscribers/span_Operational Dashboard (1)' is clicked on

2019-04-23 13:44:08 - [MESSAGE][PASSED] - Object: 'Object Repository/Page_KiboEngage  Subscribers/span_Operational Dashboard (1)' is clicked on

2019-04-23 13:44:08 - [TEST_STEP][PASSED] - scrollToPosition: Browser is scrolled to position x = 0, y = 0

2019-04-23 13:44:08 - [MESSAGE][PASSED] - Browser is scrolled to position x = 0, y = 0

2019-04-23 13:44:08 - [TEST_STEP][PASSED] - click: Object: 'Object Repository/Page_KiboEngage  Operational Dashbo/h3_Pages Info (4)' is clicked on

2019-04-23 13:44:08 - [MESSAGE][PASSED] - Object: 'Object Repository/Page_KiboEngage  Operational Dashbo/h3_Pages Info (4)' is clicked on

2019-04-23 13:44:08 - [MESSAGE][PASSED] - Call Test Case 'Test Cases/s-sidebar_navigation/individualAccount/operationalDashboard' successfully

2019-04-23 13:44:08 - [MESSAGE][PASSED] - Call Test Case 'Test Cases/Operational_Dashboard/Login' successfully

2019-04-23 13:44:08 - [TEST_STEP][PASSED] - Statement - driver = com.kms.katalon.core.webui.driver.DriverFactory.getWebDriver(): null

2019-04-23 13:44:08 - [TEST_STEP][PASSED] - Statement - popup_survey = driver.findElement(org.openqa.selenium.By.xpath("//*[@id="content"]/div/div/div/div[2]/div[3]/div[6]/div/div/div/div[2]/ul/li[3]")): null

2019-04-23 13:44:08 - [TEST_STEP][PASSED] - Statement - popup_survey.click(): null

2019-04-23 13:44:09 - [TEST_STEP][PASSED] - delay: Delayed 5 second(s)

2019-04-23 13:44:14 - [MESSAGE][PASSED] - Delayed 5 second(s)

2019-04-23 13:44:14 - [TEST_STEP][PASSED] - Statement - rows_table = driver.findElements(org.openqa.selenium.By.xpath("//*[@id="content"]/div/div/div/div[2]/div[3]/div[6]/div/div/div[2]/div/div/div[2]/table/tbody/tr")): null

2019-04-23 13:44:14 - [TEST_STEP][PASSED] - Statement - rows_count = rows_table.size(): null

2019-04-23 13:44:14 - [TEST_STEP][PASSED] - verifyGreaterThanOrEqual: Actual number '6' is greater than or equal to expected number '1'

2019-04-23 13:44:14 - [MESSAGE][PASSED] - Actual number '6' is greater than or equal to expected number '1'

2019-04-23 13:44:14 - [MESSAGE][PASSED] - Call Test Case 'Test Cases/Operational_Dashboard/177' successfully

2019-04-23 13:44:14 - [TEST_STEP][PASSED] - Statement - driver = com.kms.katalon.core.webui.driver.DriverFactory.getWebDriver(): null

2019-04-23 13:44:14 - [TEST_STEP][PASSED] - Statement - search_text = driver.findElement(org.openqa.selenium.By.xpath("//*[@id="content"]/div/div/div/div[2]/div[3]/div[6]/div/div/div[2]/div/div/div[1]/div[1]/input")): null

2019-04-23 13:44:14 - [TEST_STEP][PASSED] - Statement - search_text.clear(): null

2019-04-23 13:44:14 - [TEST_STEP][PASSED] - Statement - search_text.sendKeys("fa"): null

2019-04-23 13:44:14 - [TEST_STEP][PASSED] - delay: Delayed 5 second(s)

2019-04-23 13:44:19 - [MESSAGE][PASSED] - Delayed 5 second(s)

2019-04-23 13:44:19 - [TEST_STEP][PASSED] - Statement - search = driver.findElement(org.openqa.selenium.By.xpath("//*[@id="content"]/div/div/div/div[2]/div[3]/div[6]/div/div/div[2]/div/div/div[1]/div[2]/div/input")): null

2019-04-23 13:44:19 - [TEST_STEP][PASSED] - Statement - search.clear(): null

2019-04-23 13:44:19 - [TEST_STEP][PASSED] - Statement - search.sendKeys("3"): null

2019-04-23 13:44:19 - [TEST_STEP][PASSED] - delay: Delayed 5 second(s)

2019-04-23 13:44:24 - [MESSAGE][PASSED] - Delayed 5 second(s)

2019-04-23 13:44:24 - [TEST_STEP][PASSED] - Statement - rows_table = driver.findElements(org.openqa.selenium.By.xpath("//*[@id="content"]/div/div/div/div[2]/div[3]/div[6]/div/div/div[2]/div/div/div[2]/table/tbody/tr")): null

2019-04-23 13:44:24 - [TEST_STEP][PASSED] - Statement - rows_count = rows_table.size(): null

2019-04-23 13:44:24 - [TEST_STEP][FAILED] - verifyGreaterThanOrEqual: Unable to verify actual number '0' greater than or equal with expected number '1' (Root cause: Actual number '0' is NOT greater than or equal to expected number '1')

2019-04-23 13:44:24 - [MESSAGE][FAILED] - Unable to verify actual number '0' greater than or equal with expected number '1' (Root cause: Actual number '0' is NOT greater than or equal to expected number '1')]]></system-out>
         <system-err><![CDATA[2019-04-23 13:44:06 - [TEST_CASE][FAILED] - Test Cases/Operational_Dashboard/183: Test Cases/Operational_Dashboard/183 FAILED because (of) Unable to verify actual number '0' greater than or equal with expected number '1' (Root cause: Actual number '0' is NOT greater than or equal to expected number '1')]]></system-err>
      </testcase>
      <testcase name="Test Cases/Operational_Dashboard/184" classname="Test Cases/Operational_Dashboard/184" status="FAILED">
         <failure type="FAILED" message="Unable to click on object (Root cause: java.lang.IllegalArgumentException: Object is null)"/>
         <system-out><![CDATA[2019-04-23 13:44:24 - [TEST_CASE][FAILED] - Test Cases/Operational_Dashboard/184: Test Cases/Operational_Dashboard/184 FAILED because (of) Unable to click on object (Root cause: java.lang.IllegalArgumentException: Object is null)

2019-04-23 13:44:24 - [TEST_STEP][PASSED] - callTestCase: Call Test Case 'Test Cases/Operational_Dashboard/177' successfully

2019-04-23 13:44:24 - [TEST_CASE][PASSED] - Test Cases/Operational_Dashboard/177: Test Cases/Operational_Dashboard/177

2019-04-23 13:44:24 - [TEST_STEP][PASSED] - callTestCase: Call Test Case 'Test Cases/Operational_Dashboard/Login' successfully

2019-04-23 13:44:25 - [TEST_CASE][PASSED] - Test Cases/Operational_Dashboard/Login: Test Cases/Operational_Dashboard/Login

2019-04-23 13:44:25 - [TEST_STEP][PASSED] - callTestCase: Call Test Case 'Test Cases/s-sidebar_navigation/individualAccount/operationalDashboard' successfully

2019-04-23 13:44:25 - [TEST_CASE][PASSED] - Test Cases/s-sidebar_navigation/individualAccount/operationalDashboard: Test Cases/s-sidebar_navigation/individualAccount/operationalDashboard

2019-04-23 13:44:25 - [TEST_STEP][PASSED] - click: Object: 'Object Repository/Page_KiboEngage  Subscribers/span_Subscribers' is clicked on

2019-04-23 13:44:26 - [MESSAGE][PASSED] - Object: 'Object Repository/Page_KiboEngage  Subscribers/span_Subscribers' is clicked on

2019-04-23 13:44:26 - [TEST_STEP][PASSED] - click: Object: 'Object Repository/Page_KiboEngage  Subscribers/span_Operational Dashboard (1)' is clicked on

2019-04-23 13:44:27 - [MESSAGE][PASSED] - Object: 'Object Repository/Page_KiboEngage  Subscribers/span_Operational Dashboard (1)' is clicked on

2019-04-23 13:44:27 - [TEST_STEP][PASSED] - scrollToPosition: Browser is scrolled to position x = 0, y = 0

2019-04-23 13:44:27 - [MESSAGE][PASSED] - Browser is scrolled to position x = 0, y = 0

2019-04-23 13:44:27 - [TEST_STEP][PASSED] - click: Object: 'Object Repository/Page_KiboEngage  Operational Dashbo/h3_Pages Info (4)' is clicked on

2019-04-23 13:44:27 - [MESSAGE][PASSED] - Object: 'Object Repository/Page_KiboEngage  Operational Dashbo/h3_Pages Info (4)' is clicked on

2019-04-23 13:44:27 - [MESSAGE][PASSED] - Call Test Case 'Test Cases/s-sidebar_navigation/individualAccount/operationalDashboard' successfully

2019-04-23 13:44:27 - [MESSAGE][PASSED] - Call Test Case 'Test Cases/Operational_Dashboard/Login' successfully

2019-04-23 13:44:27 - [TEST_STEP][PASSED] - Statement - driver = com.kms.katalon.core.webui.driver.DriverFactory.getWebDriver(): null

2019-04-23 13:44:27 - [TEST_STEP][PASSED] - Statement - popup_survey = driver.findElement(org.openqa.selenium.By.xpath("//*[@id="content"]/div/div/div/div[2]/div[3]/div[6]/div/div/div/div[2]/ul/li[3]")): null

2019-04-23 13:44:28 - [TEST_STEP][PASSED] - Statement - popup_survey.click(): null

2019-04-23 13:44:29 - [TEST_STEP][PASSED] - delay: Delayed 5 second(s)

2019-04-23 13:44:34 - [MESSAGE][PASSED] - Delayed 5 second(s)

2019-04-23 13:44:34 - [TEST_STEP][PASSED] - Statement - rows_table = driver.findElements(org.openqa.selenium.By.xpath("//*[@id="content"]/div/div/div/div[2]/div[3]/div[6]/div/div/div[2]/div/div/div[2]/table/tbody/tr")): null

2019-04-23 13:44:34 - [TEST_STEP][PASSED] - Statement - rows_count = rows_table.size(): null

2019-04-23 13:44:34 - [TEST_STEP][PASSED] - verifyGreaterThanOrEqual: Actual number '6' is greater than or equal to expected number '1'

2019-04-23 13:44:34 - [MESSAGE][PASSED] - Actual number '6' is greater than or equal to expected number '1'

2019-04-23 13:44:34 - [MESSAGE][PASSED] - Call Test Case 'Test Cases/Operational_Dashboard/177' successfully

2019-04-23 13:44:34 - [TEST_STEP][PASSED] - click: Object: 'Object Repository/Page_KiboEngage  Operational Dashbo/button_View (2)' is clicked on

2019-04-23 13:44:34 - [MESSAGE][PASSED] - Object: 'Object Repository/Page_KiboEngage  Operational Dashbo/button_View (2)' is clicked on

2019-04-23 13:44:34 - [TEST_STEP][PASSED] - scrollToPosition: Browser is scrolled to position x = 0, y = 0

2019-04-23 13:44:34 - [MESSAGE][PASSED] - Browser is scrolled to position x = 0, y = 0

2019-04-23 13:44:34 - [TEST_STEP][FAILED] - click: Unable to click on object (Root cause: java.lang.IllegalArgumentException: Object is null)

2019-04-23 13:44:34 - [MESSAGE][WARNING] - Test object with id 'Object Repository/Page_KiboEngage  Survey Detail/h4_Survey Questions' does not exist

2019-04-23 13:44:34 - [MESSAGE][WARNING] - Test object with id 'Object Repository/' does not exist

2019-04-23 13:44:35 - [MESSAGE][FAILED] - Unable to click on object (Root cause: java.lang.IllegalArgumentException: Object is null)
[[ATTACHMENT|C:\\Users\\cloudkibo\\Desktop\\KiboPush_Automated_Testing\\KiboPush Katalon\\Reports\\operationalDashboard\\20190423_133225\\1556009074750.png]]]]></system-out>
         <system-err><![CDATA[2019-04-23 13:44:24 - [TEST_CASE][FAILED] - Test Cases/Operational_Dashboard/184: Test Cases/Operational_Dashboard/184 FAILED because (of) Unable to click on object (Root cause: java.lang.IllegalArgumentException: Object is null)]]></system-err>
      </testcase>
      <testcase name="Test Cases/Operational_Dashboard/185" classname="Test Cases/Operational_Dashboard/185" status="FAILED">
         <failure type="FAILED" message="Unable to click on object (Root cause: java.lang.IllegalArgumentException: Object is null)"/>
         <system-out><![CDATA[2019-04-23 13:44:35 - [TEST_CASE][FAILED] - Test Cases/Operational_Dashboard/185: Test Cases/Operational_Dashboard/185 FAILED because (of) Unable to click on object (Root cause: java.lang.IllegalArgumentException: Object is null)

2019-04-23 13:44:35 - [TEST_STEP][FAILED] - callTestCase: Unable to call Test Case with id 'Test Cases/Operational_Dashboard/184' (Root cause: Call Test Case 'Test Cases/Operational_Dashboard/184' failed)

2019-04-23 13:44:35 - [TEST_CASE][FAILED] - Test Cases/Operational_Dashboard/184: Test Cases/Operational_Dashboard/184 FAILED because (of) Unable to click on object (Root cause: java.lang.IllegalArgumentException: Object is null)

2019-04-23 13:44:35 - [TEST_STEP][PASSED] - callTestCase: Call Test Case 'Test Cases/Operational_Dashboard/177' successfully

2019-04-23 13:44:35 - [TEST_CASE][PASSED] - Test Cases/Operational_Dashboard/177: Test Cases/Operational_Dashboard/177

2019-04-23 13:44:35 - [TEST_STEP][PASSED] - callTestCase: Call Test Case 'Test Cases/Operational_Dashboard/Login' successfully

2019-04-23 13:44:36 - [TEST_CASE][PASSED] - Test Cases/Operational_Dashboard/Login: Test Cases/Operational_Dashboard/Login

2019-04-23 13:44:36 - [TEST_STEP][PASSED] - callTestCase: Call Test Case 'Test Cases/s-sidebar_navigation/individualAccount/operationalDashboard' successfully

2019-04-23 13:44:36 - [TEST_CASE][PASSED] - Test Cases/s-sidebar_navigation/individualAccount/operationalDashboard: Test Cases/s-sidebar_navigation/individualAccount/operationalDashboard

2019-04-23 13:44:36 - [TEST_STEP][PASSED] - click: Object: 'Object Repository/Page_KiboEngage  Subscribers/span_Subscribers' is clicked on

2019-04-23 13:44:37 - [MESSAGE][PASSED] - Object: 'Object Repository/Page_KiboEngage  Subscribers/span_Subscribers' is clicked on

2019-04-23 13:44:37 - [TEST_STEP][PASSED] - click: Object: 'Object Repository/Page_KiboEngage  Subscribers/span_Operational Dashboard (1)' is clicked on

2019-04-23 13:44:38 - [MESSAGE][PASSED] - Object: 'Object Repository/Page_KiboEngage  Subscribers/span_Operational Dashboard (1)' is clicked on

2019-04-23 13:44:38 - [TEST_STEP][PASSED] - scrollToPosition: Browser is scrolled to position x = 0, y = 0

2019-04-23 13:44:38 - [MESSAGE][PASSED] - Browser is scrolled to position x = 0, y = 0

2019-04-23 13:44:38 - [TEST_STEP][PASSED] - click: Object: 'Object Repository/Page_KiboEngage  Operational Dashbo/h3_Pages Info (4)' is clicked on

2019-04-23 13:44:38 - [MESSAGE][PASSED] - Object: 'Object Repository/Page_KiboEngage  Operational Dashbo/h3_Pages Info (4)' is clicked on

2019-04-23 13:44:38 - [MESSAGE][PASSED] - Call Test Case 'Test Cases/s-sidebar_navigation/individualAccount/operationalDashboard' successfully

2019-04-23 13:44:38 - [MESSAGE][PASSED] - Call Test Case 'Test Cases/Operational_Dashboard/Login' successfully

2019-04-23 13:44:38 - [TEST_STEP][PASSED] - Statement - driver = com.kms.katalon.core.webui.driver.DriverFactory.getWebDriver(): null

2019-04-23 13:44:38 - [TEST_STEP][PASSED] - Statement - popup_survey = driver.findElement(org.openqa.selenium.By.xpath("//*[@id="content"]/div/div/div/div[2]/div[3]/div[6]/div/div/div/div[2]/ul/li[3]")): null

2019-04-23 13:44:38 - [TEST_STEP][PASSED] - Statement - popup_survey.click(): null

2019-04-23 13:44:39 - [TEST_STEP][PASSED] - delay: Delayed 5 second(s)

2019-04-23 13:44:44 - [MESSAGE][PASSED] - Delayed 5 second(s)

2019-04-23 13:44:44 - [TEST_STEP][PASSED] - Statement - rows_table = driver.findElements(org.openqa.selenium.By.xpath("//*[@id="content"]/div/div/div/div[2]/div[3]/div[6]/div/div/div[2]/div/div/div[2]/table/tbody/tr")): null

2019-04-23 13:44:44 - [TEST_STEP][PASSED] - Statement - rows_count = rows_table.size(): null

2019-04-23 13:44:44 - [TEST_STEP][PASSED] - verifyGreaterThanOrEqual: Actual number '6' is greater than or equal to expected number '1'

2019-04-23 13:44:44 - [MESSAGE][PASSED] - Actual number '6' is greater than or equal to expected number '1'

2019-04-23 13:44:44 - [MESSAGE][PASSED] - Call Test Case 'Test Cases/Operational_Dashboard/177' successfully

2019-04-23 13:44:44 - [TEST_STEP][PASSED] - click: Object: 'Object Repository/Page_KiboEngage  Operational Dashbo/button_View (2)' is clicked on

2019-04-23 13:44:44 - [MESSAGE][PASSED] - Object: 'Object Repository/Page_KiboEngage  Operational Dashbo/button_View (2)' is clicked on

2019-04-23 13:44:44 - [TEST_STEP][PASSED] - scrollToPosition: Browser is scrolled to position x = 0, y = 0

2019-04-23 13:44:44 - [MESSAGE][PASSED] - Browser is scrolled to position x = 0, y = 0

2019-04-23 13:44:44 - [TEST_STEP][FAILED] - click: Unable to click on object (Root cause: java.lang.IllegalArgumentException: Object is null)

2019-04-23 13:44:44 - [MESSAGE][WARNING] - Test object with id 'Object Repository/Page_KiboEngage  Survey Detail/h4_Survey Questions' does not exist

2019-04-23 13:44:44 - [MESSAGE][WARNING] - Test object with id 'Object Repository/' does not exist

2019-04-23 13:44:45 - [MESSAGE][FAILED] - Unable to click on object (Root cause: java.lang.IllegalArgumentException: Object is null)
[[ATTACHMENT|C:\\Users\\cloudkibo\\Desktop\\KiboPush_Automated_Testing\\KiboPush Katalon\\Reports\\operationalDashboard\\20190423_133225\\1556009084529.png]]

2019-04-23 13:44:45 - [MESSAGE][FAILED] - Unable to call Test Case with id 'Test Cases/Operational_Dashboard/184' (Root cause: Call Test Case 'Test Cases/Operational_Dashboard/184' failed)]]></system-out>
         <system-err><![CDATA[2019-04-23 13:44:35 - [TEST_CASE][FAILED] - Test Cases/Operational_Dashboard/185: Test Cases/Operational_Dashboard/185 FAILED because (of) Unable to click on object (Root cause: java.lang.IllegalArgumentException: Object is null)]]></system-err>
      </testcase>
      <testcase name="Test Cases/Operational_Dashboard/186" classname="Test Cases/Operational_Dashboard/186" status="PASSED">
         <system-out><![CDATA[2019-04-23 13:44:45 - [TEST_CASE][PASSED] - Test Cases/Operational_Dashboard/186: Test Cases/Operational_Dashboard/186

2019-04-23 13:44:45 - [TEST_STEP][PASSED] - callTestCase: Call Test Case 'Test Cases/Operational_Dashboard/177' successfully

2019-04-23 13:44:45 - [TEST_CASE][PASSED] - Test Cases/Operational_Dashboard/177: Test Cases/Operational_Dashboard/177

2019-04-23 13:44:45 - [TEST_STEP][PASSED] - callTestCase: Call Test Case 'Test Cases/Operational_Dashboard/Login' successfully

2019-04-23 13:44:45 - [TEST_CASE][PASSED] - Test Cases/Operational_Dashboard/Login: Test Cases/Operational_Dashboard/Login

2019-04-23 13:44:45 - [TEST_STEP][PASSED] - callTestCase: Call Test Case 'Test Cases/s-sidebar_navigation/individualAccount/operationalDashboard' successfully

2019-04-23 13:44:45 - [TEST_CASE][PASSED] - Test Cases/s-sidebar_navigation/individualAccount/operationalDashboard: Test Cases/s-sidebar_navigation/individualAccount/operationalDashboard

2019-04-23 13:44:45 - [TEST_STEP][PASSED] - click: Object: 'Object Repository/Page_KiboEngage  Subscribers/span_Subscribers' is clicked on

2019-04-23 13:44:46 - [MESSAGE][PASSED] - Object: 'Object Repository/Page_KiboEngage  Subscribers/span_Subscribers' is clicked on

2019-04-23 13:44:46 - [TEST_STEP][PASSED] - click: Object: 'Object Repository/Page_KiboEngage  Subscribers/span_Operational Dashboard (1)' is clicked on

2019-04-23 13:44:48 - [MESSAGE][PASSED] - Object: 'Object Repository/Page_KiboEngage  Subscribers/span_Operational Dashboard (1)' is clicked on

2019-04-23 13:44:48 - [TEST_STEP][PASSED] - scrollToPosition: Browser is scrolled to position x = 0, y = 0

2019-04-23 13:44:48 - [MESSAGE][PASSED] - Browser is scrolled to position x = 0, y = 0

2019-04-23 13:44:48 - [TEST_STEP][PASSED] - click: Object: 'Object Repository/Page_KiboEngage  Operational Dashbo/h3_Pages Info (4)' is clicked on

2019-04-23 13:44:49 - [MESSAGE][PASSED] - Object: 'Object Repository/Page_KiboEngage  Operational Dashbo/h3_Pages Info (4)' is clicked on

2019-04-23 13:44:49 - [MESSAGE][PASSED] - Call Test Case 'Test Cases/s-sidebar_navigation/individualAccount/operationalDashboard' successfully

2019-04-23 13:44:49 - [MESSAGE][PASSED] - Call Test Case 'Test Cases/Operational_Dashboard/Login' successfully

2019-04-23 13:44:49 - [TEST_STEP][PASSED] - Statement - driver = com.kms.katalon.core.webui.driver.DriverFactory.getWebDriver(): null

2019-04-23 13:44:49 - [TEST_STEP][PASSED] - Statement - popup_survey = driver.findElement(org.openqa.selenium.By.xpath("//*[@id="content"]/div/div/div/div[2]/div[3]/div[6]/div/div/div/div[2]/ul/li[3]")): null

2019-04-23 13:44:49 - [TEST_STEP][PASSED] - Statement - popup_survey.click(): null

2019-04-23 13:44:49 - [TEST_STEP][PASSED] - delay: Delayed 5 second(s)

2019-04-23 13:44:54 - [MESSAGE][PASSED] - Delayed 5 second(s)

2019-04-23 13:44:54 - [TEST_STEP][PASSED] - Statement - rows_table = driver.findElements(org.openqa.selenium.By.xpath("//*[@id="content"]/div/div/div/div[2]/div[3]/div[6]/div/div/div[2]/div/div/div[2]/table/tbody/tr")): null

2019-04-23 13:44:55 - [TEST_STEP][PASSED] - Statement - rows_count = rows_table.size(): null

2019-04-23 13:44:55 - [TEST_STEP][PASSED] - verifyGreaterThanOrEqual: Actual number '6' is greater than or equal to expected number '1'

2019-04-23 13:44:55 - [MESSAGE][PASSED] - Actual number '6' is greater than or equal to expected number '1'

2019-04-23 13:44:55 - [MESSAGE][PASSED] - Call Test Case 'Test Cases/Operational_Dashboard/177' successfully

2019-04-23 13:44:55 - [TEST_STEP][PASSED] - Statement - driver = com.kms.katalon.core.webui.driver.DriverFactory.getWebDriver(): null

2019-04-23 13:44:55 - [TEST_STEP][PASSED] - Statement - popDown_survey = driver.findElement(org.openqa.selenium.By.xpath("//*[@id="content"]/div/div/div/div[2]/div[3]/div[6]/div/div/div[1]/div[2]/ul/li[3]")): null

2019-04-23 13:44:55 - [TEST_STEP][PASSED] - Statement - popDown_survey.click(): null

2019-04-23 13:44:55 - [TEST_STEP][PASSED] - delay: Delayed 5 second(s)

2019-04-23 13:45:00 - [MESSAGE][PASSED] - Delayed 5 second(s)

2019-04-23 13:45:00 - [TEST_STEP][PASSED] - verifyTextNotPresent: Text 'Responded' is not present on page

2019-04-23 13:45:01 - [MESSAGE][PASSED] - Text 'Responded' is not present on page]]></system-out>
         <system-err><![CDATA[]]></system-err>
      </testcase>
      <testcase name="Test Cases/Operational_Dashboard/187" classname="Test Cases/Operational_Dashboard/187" status="PASSED">
         <system-out><![CDATA[2019-04-23 13:45:01 - [TEST_CASE][PASSED] - Test Cases/Operational_Dashboard/187: Test Cases/Operational_Dashboard/187

2019-04-23 13:45:01 - [TEST_STEP][PASSED] - callTestCase: Call Test Case 'Test Cases/Operational_Dashboard/Login' successfully

2019-04-23 13:45:01 - [TEST_CASE][PASSED] - Test Cases/Operational_Dashboard/Login: Test Cases/Operational_Dashboard/Login

2019-04-23 13:45:01 - [TEST_STEP][PASSED] - callTestCase: Call Test Case 'Test Cases/s-sidebar_navigation/individualAccount/operationalDashboard' successfully

2019-04-23 13:45:01 - [TEST_CASE][PASSED] - Test Cases/s-sidebar_navigation/individualAccount/operationalDashboard: Test Cases/s-sidebar_navigation/individualAccount/operationalDashboard

2019-04-23 13:45:01 - [TEST_STEP][PASSED] - click: Object: 'Object Repository/Page_KiboEngage  Subscribers/span_Subscribers' is clicked on

2019-04-23 13:45:01 - [MESSAGE][PASSED] - Object: 'Object Repository/Page_KiboEngage  Subscribers/span_Subscribers' is clicked on

2019-04-23 13:45:01 - [TEST_STEP][PASSED] - click: Object: 'Object Repository/Page_KiboEngage  Subscribers/span_Operational Dashboard (1)' is clicked on

2019-04-23 13:45:02 - [MESSAGE][PASSED] - Object: 'Object Repository/Page_KiboEngage  Subscribers/span_Operational Dashboard (1)' is clicked on

2019-04-23 13:45:02 - [TEST_STEP][PASSED] - scrollToPosition: Browser is scrolled to position x = 0, y = 0

2019-04-23 13:45:02 - [MESSAGE][PASSED] - Browser is scrolled to position x = 0, y = 0

2019-04-23 13:45:02 - [TEST_STEP][PASSED] - click: Object: 'Object Repository/Page_KiboEngage  Operational Dashbo/h3_Pages Info (4)' is clicked on

2019-04-23 13:45:02 - [MESSAGE][PASSED] - Object: 'Object Repository/Page_KiboEngage  Operational Dashbo/h3_Pages Info (4)' is clicked on

2019-04-23 13:45:02 - [MESSAGE][PASSED] - Call Test Case 'Test Cases/s-sidebar_navigation/individualAccount/operationalDashboard' successfully

2019-04-23 13:45:02 - [MESSAGE][PASSED] - Call Test Case 'Test Cases/Operational_Dashboard/Login' successfully

2019-04-23 13:45:02 - [TEST_STEP][PASSED] - Statement - driver = com.kms.katalon.core.webui.driver.DriverFactory.getWebDriver(): null

2019-04-23 13:45:02 - [TEST_STEP][PASSED] - Statement - popup_poll = driver.findElement(org.openqa.selenium.By.xpath("//*[@id="content"]/div/div/div/div[2]/div[3]/div[7]/div/div/div/div[2]/ul/li[3]")): null

2019-04-23 13:45:02 - [TEST_STEP][PASSED] - Statement - popup_poll.click(): null

2019-04-23 13:45:03 - [TEST_STEP][PASSED] - delay: Delayed 5 second(s)

2019-04-23 13:45:08 - [MESSAGE][PASSED] - Delayed 5 second(s)

2019-04-23 13:45:08 - [TEST_STEP][PASSED] - Statement - rows_table = driver.findElements(org.openqa.selenium.By.xpath("//*[@id="content"]/div/div/div/div[2]/div[3]/div[7]/div/div/div[2]/div/div/div[2]/table/tbody/tr")): null

2019-04-23 13:45:08 - [TEST_STEP][PASSED] - Statement - rows_count = rows_table.size(): null

2019-04-23 13:45:08 - [TEST_STEP][PASSED] - verifyGreaterThanOrEqual: Actual number '10' is greater than or equal to expected number '1'

2019-04-23 13:45:08 - [MESSAGE][PASSED] - Actual number '10' is greater than or equal to expected number '1']]></system-out>
         <system-err><![CDATA[]]></system-err>
      </testcase>
      <testcase name="Test Cases/Operational_Dashboard/188" classname="Test Cases/Operational_Dashboard/188" status="ERROR">
         <error type="ERROR" message="Test Cases/Operational_Dashboard/188 FAILED because (of) org.openqa.selenium.NoSuchElementException: no such element: Unable to locate element: {&quot;method&quot;:&quot;xpath&quot;,&quot;selector&quot;:&quot;//*[@id=&quot;content&quot;]/div/div/div/div[2]/div[3]/div[7]/div/div/div[2]/div/div/div[2]/ul/li[5]/a&quot;}
  (Session info: chrome=73.0.3683.103)
  (Driver info: chromedriver=2.35.528161 (5b82f2d2aae0ca24b877009200ced9065a772e73),platform=Windows NT 10.0.17134 x86_64) (WARNING: The server did not provide any stacktrace information)
Command duration or timeout: 0 milliseconds
For documentation on this error, please visit: http://seleniumhq.org/exceptions/no_such_element.html
Build info: version: '3.7.1', revision: '8a0099a', time: '2017-11-06T21:07:36.161Z'
System info: host: 'DESKTOP-4M6R1V0', ip: '10.0.2.15', os.name: 'Windows 10', os.arch: 'amd64', os.version: '10.0', java.version: '1.8.0_181'
Driver info: com.kms.katalon.selenium.driver.CChromeDriver
Capabilities {acceptInsecureCerts: false, acceptSslCerts: false, applicationCacheEnabled: false, browserConnectionEnabled: false, browserName: chrome, chrome: {chromedriverVersion: 2.35.528161 (5b82f2d2aae0ca..., userDataDir: C:\Users\CLOUDK~1\AppData\L...}, cssSelectorsEnabled: true, databaseEnabled: false, handlesAlerts: true, hasTouchScreen: false, javascriptEnabled: true, locationContextEnabled: true, mobileEmulationEnabled: false, nativeEvents: true, networkConnectionEnabled: false, pageLoadStrategy: normal, platform: XP, platformName: XP, rotatable: false, setWindowRect: true, takesHeapSnapshot: true, takesScreenshot: true, unexpectedAlertBehaviour: , unhandledPromptBehavior: , version: 73.0.3683.103, webStorageEnabled: true}
Session ID: ae7ac81a27217d85a737906aaf9c07ba
*** Element info: {Using=xpath, value=//*[@id=&quot;content&quot;]/div/div/div/div[2]/div[3]/div[7]/div/div/div[2]/div/div/div[2]/ul/li[5]/a}"/>
         <system-out><![CDATA[2019-04-23 13:45:08 - [TEST_CASE][ERROR] - Test Cases/Operational_Dashboard/188: Test Cases/Operational_Dashboard/188 FAILED because (of) org.openqa.selenium.NoSuchElementException: no such element: Unable to locate element: {"method":"xpath","selector":"//*[@id="content"]/div/div/div/div[2]/div[3]/div[7]/div/div/div[2]/div/div/div[2]/ul/li[5]/a"}
  (Session info: chrome=73.0.3683.103)
  (Driver info: chromedriver=2.35.528161 (5b82f2d2aae0ca24b877009200ced9065a772e73),platform=Windows NT 10.0.17134 x86_64) (WARNING: The server did not provide any stacktrace information)
Command duration or timeout: 0 milliseconds
For documentation on this error, please visit: http://seleniumhq.org/exceptions/no_such_element.html
Build info: version: '3.7.1', revision: '8a0099a', time: '2017-11-06T21:07:36.161Z'
System info: host: 'DESKTOP-4M6R1V0', ip: '10.0.2.15', os.name: 'Windows 10', os.arch: 'amd64', os.version: '10.0', java.version: '1.8.0_181'
Driver info: com.kms.katalon.selenium.driver.CChromeDriver
Capabilities {acceptInsecureCerts: false, acceptSslCerts: false, applicationCacheEnabled: false, browserConnectionEnabled: false, browserName: chrome, chrome: {chromedriverVersion: 2.35.528161 (5b82f2d2aae0ca..., userDataDir: C:\Users\CLOUDK~1\AppData\L...}, cssSelectorsEnabled: true, databaseEnabled: false, handlesAlerts: true, hasTouchScreen: false, javascriptEnabled: true, locationContextEnabled: true, mobileEmulationEnabled: false, nativeEvents: true, networkConnectionEnabled: false, pageLoadStrategy: normal, platform: XP, platformName: XP, rotatable: false, setWindowRect: true, takesHeapSnapshot: true, takesScreenshot: true, unexpectedAlertBehaviour: , unhandledPromptBehavior: , version: 73.0.3683.103, webStorageEnabled: true}
Session ID: ae7ac81a27217d85a737906aaf9c07ba
*** Element info: {Using=xpath, value=//*[@id="content"]/div/div/div/div[2]/div[3]/div[7]/div/div/div[2]/div/div/div[2]/ul/li[5]/a}

2019-04-23 13:45:08 - [TEST_STEP][PASSED] - callTestCase: Call Test Case 'Test Cases/Operational_Dashboard/187' successfully

2019-04-23 13:45:08 - [TEST_CASE][PASSED] - Test Cases/Operational_Dashboard/187: Test Cases/Operational_Dashboard/187

2019-04-23 13:45:08 - [TEST_STEP][PASSED] - callTestCase: Call Test Case 'Test Cases/Operational_Dashboard/Login' successfully

2019-04-23 13:45:08 - [TEST_CASE][PASSED] - Test Cases/Operational_Dashboard/Login: Test Cases/Operational_Dashboard/Login

2019-04-23 13:45:08 - [TEST_STEP][PASSED] - callTestCase: Call Test Case 'Test Cases/s-sidebar_navigation/individualAccount/operationalDashboard' successfully

2019-04-23 13:45:08 - [TEST_CASE][PASSED] - Test Cases/s-sidebar_navigation/individualAccount/operationalDashboard: Test Cases/s-sidebar_navigation/individualAccount/operationalDashboard

2019-04-23 13:45:08 - [TEST_STEP][PASSED] - click: Object: 'Object Repository/Page_KiboEngage  Subscribers/span_Subscribers' is clicked on

2019-04-23 13:45:09 - [MESSAGE][PASSED] - Object: 'Object Repository/Page_KiboEngage  Subscribers/span_Subscribers' is clicked on

2019-04-23 13:45:09 - [TEST_STEP][PASSED] - click: Object: 'Object Repository/Page_KiboEngage  Subscribers/span_Operational Dashboard (1)' is clicked on

2019-04-23 13:45:10 - [MESSAGE][PASSED] - Object: 'Object Repository/Page_KiboEngage  Subscribers/span_Operational Dashboard (1)' is clicked on

2019-04-23 13:45:10 - [TEST_STEP][PASSED] - scrollToPosition: Browser is scrolled to position x = 0, y = 0

2019-04-23 13:45:10 - [MESSAGE][PASSED] - Browser is scrolled to position x = 0, y = 0

2019-04-23 13:45:10 - [TEST_STEP][PASSED] - click: Object: 'Object Repository/Page_KiboEngage  Operational Dashbo/h3_Pages Info (4)' is clicked on

2019-04-23 13:45:11 - [MESSAGE][PASSED] - Object: 'Object Repository/Page_KiboEngage  Operational Dashbo/h3_Pages Info (4)' is clicked on

2019-04-23 13:45:11 - [MESSAGE][PASSED] - Call Test Case 'Test Cases/s-sidebar_navigation/individualAccount/operationalDashboard' successfully

2019-04-23 13:45:11 - [MESSAGE][PASSED] - Call Test Case 'Test Cases/Operational_Dashboard/Login' successfully

2019-04-23 13:45:11 - [TEST_STEP][PASSED] - Statement - driver = com.kms.katalon.core.webui.driver.DriverFactory.getWebDriver(): null

2019-04-23 13:45:11 - [TEST_STEP][PASSED] - Statement - popup_poll = driver.findElement(org.openqa.selenium.By.xpath("//*[@id="content"]/div/div/div/div[2]/div[3]/div[7]/div/div/div/div[2]/ul/li[3]")): null

2019-04-23 13:45:11 - [TEST_STEP][PASSED] - Statement - popup_poll.click(): null

2019-04-23 13:45:12 - [TEST_STEP][PASSED] - delay: Delayed 5 second(s)

2019-04-23 13:45:17 - [MESSAGE][PASSED] - Delayed 5 second(s)

2019-04-23 13:45:17 - [TEST_STEP][PASSED] - Statement - rows_table = driver.findElements(org.openqa.selenium.By.xpath("//*[@id="content"]/div/div/div/div[2]/div[3]/div[7]/div/div/div[2]/div/div/div[2]/table/tbody/tr")): null

2019-04-23 13:45:17 - [TEST_STEP][PASSED] - Statement - rows_count = rows_table.size(): null

2019-04-23 13:45:17 - [TEST_STEP][PASSED] - verifyGreaterThanOrEqual: Actual number '10' is greater than or equal to expected number '1'

2019-04-23 13:45:17 - [MESSAGE][PASSED] - Actual number '10' is greater than or equal to expected number '1'

2019-04-23 13:45:17 - [MESSAGE][PASSED] - Call Test Case 'Test Cases/Operational_Dashboard/187' successfully

2019-04-23 13:45:17 - [TEST_STEP][PASSED] - Statement - driver = com.kms.katalon.core.webui.driver.DriverFactory.getWebDriver(): null

2019-04-23 13:45:17 - [TEST_STEP][PASSED] - Statement - next = driver.findElement(org.openqa.selenium.By.xpath("//*[@id="content"]/div/div/div/div[2]/div[3]/div[7]/div/div/div[2]/div/div/div[2]/ul/li[5]/a")): null]]></system-out>
         <system-err><![CDATA[2019-04-23 13:45:08 - [TEST_CASE][ERROR] - Test Cases/Operational_Dashboard/188: Test Cases/Operational_Dashboard/188 FAILED because (of) org.openqa.selenium.NoSuchElementException: no such element: Unable to locate element: {"method":"xpath","selector":"//*[@id="content"]/div/div/div/div[2]/div[3]/div[7]/div/div/div[2]/div/div/div[2]/ul/li[5]/a"}
  (Session info: chrome=73.0.3683.103)
  (Driver info: chromedriver=2.35.528161 (5b82f2d2aae0ca24b877009200ced9065a772e73),platform=Windows NT 10.0.17134 x86_64) (WARNING: The server did not provide any stacktrace information)
Command duration or timeout: 0 milliseconds
For documentation on this error, please visit: http://seleniumhq.org/exceptions/no_such_element.html
Build info: version: '3.7.1', revision: '8a0099a', time: '2017-11-06T21:07:36.161Z'
System info: host: 'DESKTOP-4M6R1V0', ip: '10.0.2.15', os.name: 'Windows 10', os.arch: 'amd64', os.version: '10.0', java.version: '1.8.0_181'
Driver info: com.kms.katalon.selenium.driver.CChromeDriver
Capabilities {acceptInsecureCerts: false, acceptSslCerts: false, applicationCacheEnabled: false, browserConnectionEnabled: false, browserName: chrome, chrome: {chromedriverVersion: 2.35.528161 (5b82f2d2aae0ca..., userDataDir: C:\Users\CLOUDK~1\AppData\L...}, cssSelectorsEnabled: true, databaseEnabled: false, handlesAlerts: true, hasTouchScreen: false, javascriptEnabled: true, locationContextEnabled: true, mobileEmulationEnabled: false, nativeEvents: true, networkConnectionEnabled: false, pageLoadStrategy: normal, platform: XP, platformName: XP, rotatable: false, setWindowRect: true, takesHeapSnapshot: true, takesScreenshot: true, unexpectedAlertBehaviour: , unhandledPromptBehavior: , version: 73.0.3683.103, webStorageEnabled: true}
Session ID: ae7ac81a27217d85a737906aaf9c07ba
*** Element info: {Using=xpath, value=//*[@id="content"]/div/div/div/div[2]/div[3]/div[7]/div/div/div[2]/div/div/div[2]/ul/li[5]/a}]]></system-err>
      </testcase>
      <testcase name="Test Cases/Operational_Dashboard/189" classname="Test Cases/Operational_Dashboard/189" status="ERROR">
         <error type="ERROR" message="Test Cases/Operational_Dashboard/189 FAILED because (of) org.openqa.selenium.NoSuchElementException: no such element: Unable to locate element: {&quot;method&quot;:&quot;xpath&quot;,&quot;selector&quot;:&quot;//*[@id=&quot;content&quot;]/div/div/div/div[2]/div[3]/div[7]/div/div/div[2]/div/div/div[2]/ul/li[5]/a&quot;}
  (Session info: chrome=73.0.3683.103)
  (Driver info: chromedriver=2.35.528161 (5b82f2d2aae0ca24b877009200ced9065a772e73),platform=Windows NT 10.0.17134 x86_64) (WARNING: The server did not provide any stacktrace information)
Command duration or timeout: 0 milliseconds
For documentation on this error, please visit: http://seleniumhq.org/exceptions/no_such_element.html
Build info: version: '3.7.1', revision: '8a0099a', time: '2017-11-06T21:07:36.161Z'
System info: host: 'DESKTOP-4M6R1V0', ip: '10.0.2.15', os.name: 'Windows 10', os.arch: 'amd64', os.version: '10.0', java.version: '1.8.0_181'
Driver info: com.kms.katalon.selenium.driver.CChromeDriver
Capabilities {acceptInsecureCerts: false, acceptSslCerts: false, applicationCacheEnabled: false, browserConnectionEnabled: false, browserName: chrome, chrome: {chromedriverVersion: 2.35.528161 (5b82f2d2aae0ca..., userDataDir: C:\Users\CLOUDK~1\AppData\L...}, cssSelectorsEnabled: true, databaseEnabled: false, handlesAlerts: true, hasTouchScreen: false, javascriptEnabled: true, locationContextEnabled: true, mobileEmulationEnabled: false, nativeEvents: true, networkConnectionEnabled: false, pageLoadStrategy: normal, platform: XP, platformName: XP, rotatable: false, setWindowRect: true, takesHeapSnapshot: true, takesScreenshot: true, unexpectedAlertBehaviour: , unhandledPromptBehavior: , version: 73.0.3683.103, webStorageEnabled: true}
Session ID: ae7ac81a27217d85a737906aaf9c07ba
*** Element info: {Using=xpath, value=//*[@id=&quot;content&quot;]/div/div/div/div[2]/div[3]/div[7]/div/div/div[2]/div/div/div[2]/ul/li[5]/a}"/>
         <system-out><![CDATA[2019-04-23 13:45:17 - [TEST_CASE][ERROR] - Test Cases/Operational_Dashboard/189: Test Cases/Operational_Dashboard/189 FAILED because (of) org.openqa.selenium.NoSuchElementException: no such element: Unable to locate element: {"method":"xpath","selector":"//*[@id="content"]/div/div/div/div[2]/div[3]/div[7]/div/div/div[2]/div/div/div[2]/ul/li[5]/a"}
  (Session info: chrome=73.0.3683.103)
  (Driver info: chromedriver=2.35.528161 (5b82f2d2aae0ca24b877009200ced9065a772e73),platform=Windows NT 10.0.17134 x86_64) (WARNING: The server did not provide any stacktrace information)
Command duration or timeout: 0 milliseconds
For documentation on this error, please visit: http://seleniumhq.org/exceptions/no_such_element.html
Build info: version: '3.7.1', revision: '8a0099a', time: '2017-11-06T21:07:36.161Z'
System info: host: 'DESKTOP-4M6R1V0', ip: '10.0.2.15', os.name: 'Windows 10', os.arch: 'amd64', os.version: '10.0', java.version: '1.8.0_181'
Driver info: com.kms.katalon.selenium.driver.CChromeDriver
Capabilities {acceptInsecureCerts: false, acceptSslCerts: false, applicationCacheEnabled: false, browserConnectionEnabled: false, browserName: chrome, chrome: {chromedriverVersion: 2.35.528161 (5b82f2d2aae0ca..., userDataDir: C:\Users\CLOUDK~1\AppData\L...}, cssSelectorsEnabled: true, databaseEnabled: false, handlesAlerts: true, hasTouchScreen: false, javascriptEnabled: true, locationContextEnabled: true, mobileEmulationEnabled: false, nativeEvents: true, networkConnectionEnabled: false, pageLoadStrategy: normal, platform: XP, platformName: XP, rotatable: false, setWindowRect: true, takesHeapSnapshot: true, takesScreenshot: true, unexpectedAlertBehaviour: , unhandledPromptBehavior: , version: 73.0.3683.103, webStorageEnabled: true}
Session ID: ae7ac81a27217d85a737906aaf9c07ba
*** Element info: {Using=xpath, value=//*[@id="content"]/div/div/div/div[2]/div[3]/div[7]/div/div/div[2]/div/div/div[2]/ul/li[5]/a}

2019-04-23 13:45:17 - [TEST_STEP][FAILED] - callTestCase: Unable to call Test Case with id 'Test Cases/Operational_Dashboard/188' (Root cause: Call Test Case 'Test Cases/Operational_Dashboard/188' failed because of error(s))

2019-04-23 13:45:17 - [TEST_CASE][ERROR] - Test Cases/Operational_Dashboard/188: Test Cases/Operational_Dashboard/188 FAILED because (of) org.openqa.selenium.NoSuchElementException: no such element: Unable to locate element: {"method":"xpath","selector":"//*[@id="content"]/div/div/div/div[2]/div[3]/div[7]/div/div/div[2]/div/div/div[2]/ul/li[5]/a"}
  (Session info: chrome=73.0.3683.103)
  (Driver info: chromedriver=2.35.528161 (5b82f2d2aae0ca24b877009200ced9065a772e73),platform=Windows NT 10.0.17134 x86_64) (WARNING: The server did not provide any stacktrace information)
Command duration or timeout: 0 milliseconds
For documentation on this error, please visit: http://seleniumhq.org/exceptions/no_such_element.html
Build info: version: '3.7.1', revision: '8a0099a', time: '2017-11-06T21:07:36.161Z'
System info: host: 'DESKTOP-4M6R1V0', ip: '10.0.2.15', os.name: 'Windows 10', os.arch: 'amd64', os.version: '10.0', java.version: '1.8.0_181'
Driver info: com.kms.katalon.selenium.driver.CChromeDriver
Capabilities {acceptInsecureCerts: false, acceptSslCerts: false, applicationCacheEnabled: false, browserConnectionEnabled: false, browserName: chrome, chrome: {chromedriverVersion: 2.35.528161 (5b82f2d2aae0ca..., userDataDir: C:\Users\CLOUDK~1\AppData\L...}, cssSelectorsEnabled: true, databaseEnabled: false, handlesAlerts: true, hasTouchScreen: false, javascriptEnabled: true, locationContextEnabled: true, mobileEmulationEnabled: false, nativeEvents: true, networkConnectionEnabled: false, pageLoadStrategy: normal, platform: XP, platformName: XP, rotatable: false, setWindowRect: true, takesHeapSnapshot: true, takesScreenshot: true, unexpectedAlertBehaviour: , unhandledPromptBehavior: , version: 73.0.3683.103, webStorageEnabled: true}
Session ID: ae7ac81a27217d85a737906aaf9c07ba
*** Element info: {Using=xpath, value=//*[@id="content"]/div/div/div/div[2]/div[3]/div[7]/div/div/div[2]/div/div/div[2]/ul/li[5]/a}

2019-04-23 13:45:17 - [TEST_STEP][PASSED] - callTestCase: Call Test Case 'Test Cases/Operational_Dashboard/187' successfully

2019-04-23 13:45:17 - [TEST_CASE][PASSED] - Test Cases/Operational_Dashboard/187: Test Cases/Operational_Dashboard/187

2019-04-23 13:45:17 - [TEST_STEP][PASSED] - callTestCase: Call Test Case 'Test Cases/Operational_Dashboard/Login' successfully

2019-04-23 13:45:17 - [TEST_CASE][PASSED] - Test Cases/Operational_Dashboard/Login: Test Cases/Operational_Dashboard/Login

2019-04-23 13:45:17 - [TEST_STEP][PASSED] - callTestCase: Call Test Case 'Test Cases/s-sidebar_navigation/individualAccount/operationalDashboard' successfully

2019-04-23 13:45:18 - [TEST_CASE][PASSED] - Test Cases/s-sidebar_navigation/individualAccount/operationalDashboard: Test Cases/s-sidebar_navigation/individualAccount/operationalDashboard

2019-04-23 13:45:18 - [TEST_STEP][PASSED] - click: Object: 'Object Repository/Page_KiboEngage  Subscribers/span_Subscribers' is clicked on

2019-04-23 13:45:19 - [MESSAGE][PASSED] - Object: 'Object Repository/Page_KiboEngage  Subscribers/span_Subscribers' is clicked on

2019-04-23 13:45:19 - [TEST_STEP][PASSED] - click: Object: 'Object Repository/Page_KiboEngage  Subscribers/span_Operational Dashboard (1)' is clicked on

2019-04-23 13:45:20 - [MESSAGE][PASSED] - Object: 'Object Repository/Page_KiboEngage  Subscribers/span_Operational Dashboard (1)' is clicked on

2019-04-23 13:45:20 - [TEST_STEP][PASSED] - scrollToPosition: Browser is scrolled to position x = 0, y = 0

2019-04-23 13:45:20 - [MESSAGE][PASSED] - Browser is scrolled to position x = 0, y = 0

2019-04-23 13:45:20 - [TEST_STEP][PASSED] - click: Object: 'Object Repository/Page_KiboEngage  Operational Dashbo/h3_Pages Info (4)' is clicked on

2019-04-23 13:45:20 - [MESSAGE][PASSED] - Object: 'Object Repository/Page_KiboEngage  Operational Dashbo/h3_Pages Info (4)' is clicked on

2019-04-23 13:45:20 - [MESSAGE][PASSED] - Call Test Case 'Test Cases/s-sidebar_navigation/individualAccount/operationalDashboard' successfully

2019-04-23 13:45:20 - [MESSAGE][PASSED] - Call Test Case 'Test Cases/Operational_Dashboard/Login' successfully

2019-04-23 13:45:20 - [TEST_STEP][PASSED] - Statement - driver = com.kms.katalon.core.webui.driver.DriverFactory.getWebDriver(): null

2019-04-23 13:45:20 - [TEST_STEP][PASSED] - Statement - popup_poll = driver.findElement(org.openqa.selenium.By.xpath("//*[@id="content"]/div/div/div/div[2]/div[3]/div[7]/div/div/div/div[2]/ul/li[3]")): null

2019-04-23 13:45:20 - [TEST_STEP][PASSED] - Statement - popup_poll.click(): null

2019-04-23 13:45:21 - [TEST_STEP][PASSED] - delay: Delayed 5 second(s)

2019-04-23 13:45:26 - [MESSAGE][PASSED] - Delayed 5 second(s)

2019-04-23 13:45:26 - [TEST_STEP][PASSED] - Statement - rows_table = driver.findElements(org.openqa.selenium.By.xpath("//*[@id="content"]/div/div/div/div[2]/div[3]/div[7]/div/div/div[2]/div/div/div[2]/table/tbody/tr")): null

2019-04-23 13:45:26 - [TEST_STEP][PASSED] - Statement - rows_count = rows_table.size(): null

2019-04-23 13:45:26 - [TEST_STEP][PASSED] - verifyGreaterThanOrEqual: Actual number '10' is greater than or equal to expected number '1'

2019-04-23 13:45:26 - [MESSAGE][PASSED] - Actual number '10' is greater than or equal to expected number '1'

2019-04-23 13:45:26 - [MESSAGE][PASSED] - Call Test Case 'Test Cases/Operational_Dashboard/187' successfully

2019-04-23 13:45:26 - [TEST_STEP][PASSED] - Statement - driver = com.kms.katalon.core.webui.driver.DriverFactory.getWebDriver(): null

2019-04-23 13:45:26 - [TEST_STEP][PASSED] - Statement - next = driver.findElement(org.openqa.selenium.By.xpath("//*[@id="content"]/div/div/div/div[2]/div[3]/div[7]/div/div/div[2]/div/div/div[2]/ul/li[5]/a")): null

2019-04-23 13:45:26 - [MESSAGE][FAILED] - Unable to call Test Case with id 'Test Cases/Operational_Dashboard/188' (Root cause: Call Test Case 'Test Cases/Operational_Dashboard/188' failed because of error(s))]]></system-out>
         <system-err><![CDATA[2019-04-23 13:45:17 - [TEST_CASE][ERROR] - Test Cases/Operational_Dashboard/189: Test Cases/Operational_Dashboard/189 FAILED because (of) org.openqa.selenium.NoSuchElementException: no such element: Unable to locate element: {"method":"xpath","selector":"//*[@id="content"]/div/div/div/div[2]/div[3]/div[7]/div/div/div[2]/div/div/div[2]/ul/li[5]/a"}
  (Session info: chrome=73.0.3683.103)
  (Driver info: chromedriver=2.35.528161 (5b82f2d2aae0ca24b877009200ced9065a772e73),platform=Windows NT 10.0.17134 x86_64) (WARNING: The server did not provide any stacktrace information)
Command duration or timeout: 0 milliseconds
For documentation on this error, please visit: http://seleniumhq.org/exceptions/no_such_element.html
Build info: version: '3.7.1', revision: '8a0099a', time: '2017-11-06T21:07:36.161Z'
System info: host: 'DESKTOP-4M6R1V0', ip: '10.0.2.15', os.name: 'Windows 10', os.arch: 'amd64', os.version: '10.0', java.version: '1.8.0_181'
Driver info: com.kms.katalon.selenium.driver.CChromeDriver
Capabilities {acceptInsecureCerts: false, acceptSslCerts: false, applicationCacheEnabled: false, browserConnectionEnabled: false, browserName: chrome, chrome: {chromedriverVersion: 2.35.528161 (5b82f2d2aae0ca..., userDataDir: C:\Users\CLOUDK~1\AppData\L...}, cssSelectorsEnabled: true, databaseEnabled: false, handlesAlerts: true, hasTouchScreen: false, javascriptEnabled: true, locationContextEnabled: true, mobileEmulationEnabled: false, nativeEvents: true, networkConnectionEnabled: false, pageLoadStrategy: normal, platform: XP, platformName: XP, rotatable: false, setWindowRect: true, takesHeapSnapshot: true, takesScreenshot: true, unexpectedAlertBehaviour: , unhandledPromptBehavior: , version: 73.0.3683.103, webStorageEnabled: true}
Session ID: ae7ac81a27217d85a737906aaf9c07ba
*** Element info: {Using=xpath, value=//*[@id="content"]/div/div/div/div[2]/div[3]/div[7]/div/div/div[2]/div/div/div[2]/ul/li[5]/a}]]></system-err>
      </testcase>
      <testcase name="Test Cases/Operational_Dashboard/190" classname="Test Cases/Operational_Dashboard/190" status="FAILED">
         <failure type="FAILED" message="Unable to verify actual number '0' greater than or equal with expected number '1' (Root cause: Actual number '0' is NOT greater than or equal to expected number '1')"/>
         <system-out><![CDATA[2019-04-23 13:45:26 - [TEST_CASE][FAILED] - Test Cases/Operational_Dashboard/190: Test Cases/Operational_Dashboard/190 FAILED because (of) Unable to verify actual number '0' greater than or equal with expected number '1' (Root cause: Actual number '0' is NOT greater than or equal to expected number '1')

2019-04-23 13:45:26 - [TEST_STEP][PASSED] - callTestCase: Call Test Case 'Test Cases/Operational_Dashboard/187' successfully

2019-04-23 13:45:26 - [TEST_CASE][PASSED] - Test Cases/Operational_Dashboard/187: Test Cases/Operational_Dashboard/187

2019-04-23 13:45:26 - [TEST_STEP][PASSED] - callTestCase: Call Test Case 'Test Cases/Operational_Dashboard/Login' successfully

2019-04-23 13:45:26 - [TEST_CASE][PASSED] - Test Cases/Operational_Dashboard/Login: Test Cases/Operational_Dashboard/Login

2019-04-23 13:45:26 - [TEST_STEP][PASSED] - callTestCase: Call Test Case 'Test Cases/s-sidebar_navigation/individualAccount/operationalDashboard' successfully

2019-04-23 13:45:27 - [TEST_CASE][PASSED] - Test Cases/s-sidebar_navigation/individualAccount/operationalDashboard: Test Cases/s-sidebar_navigation/individualAccount/operationalDashboard

2019-04-23 13:45:27 - [TEST_STEP][PASSED] - click: Object: 'Object Repository/Page_KiboEngage  Subscribers/span_Subscribers' is clicked on

2019-04-23 13:45:27 - [MESSAGE][PASSED] - Object: 'Object Repository/Page_KiboEngage  Subscribers/span_Subscribers' is clicked on

2019-04-23 13:45:27 - [TEST_STEP][PASSED] - click: Object: 'Object Repository/Page_KiboEngage  Subscribers/span_Operational Dashboard (1)' is clicked on

2019-04-23 13:45:28 - [MESSAGE][PASSED] - Object: 'Object Repository/Page_KiboEngage  Subscribers/span_Operational Dashboard (1)' is clicked on

2019-04-23 13:45:28 - [TEST_STEP][PASSED] - scrollToPosition: Browser is scrolled to position x = 0, y = 0

2019-04-23 13:45:28 - [MESSAGE][PASSED] - Browser is scrolled to position x = 0, y = 0

2019-04-23 13:45:28 - [TEST_STEP][PASSED] - click: Object: 'Object Repository/Page_KiboEngage  Operational Dashbo/h3_Pages Info (4)' is clicked on

2019-04-23 13:45:31 - [MESSAGE][PASSED] - Object: 'Object Repository/Page_KiboEngage  Operational Dashbo/h3_Pages Info (4)' is clicked on

2019-04-23 13:45:31 - [MESSAGE][PASSED] - Call Test Case 'Test Cases/s-sidebar_navigation/individualAccount/operationalDashboard' successfully

2019-04-23 13:45:31 - [MESSAGE][PASSED] - Call Test Case 'Test Cases/Operational_Dashboard/Login' successfully

2019-04-23 13:45:31 - [TEST_STEP][PASSED] - Statement - driver = com.kms.katalon.core.webui.driver.DriverFactory.getWebDriver(): null

2019-04-23 13:45:31 - [TEST_STEP][PASSED] - Statement - popup_poll = driver.findElement(org.openqa.selenium.By.xpath("//*[@id="content"]/div/div/div/div[2]/div[3]/div[7]/div/div/div/div[2]/ul/li[3]")): null

2019-04-23 13:45:31 - [TEST_STEP][PASSED] - Statement - popup_poll.click(): null

2019-04-23 13:45:31 - [TEST_STEP][PASSED] - delay: Delayed 5 second(s)

2019-04-23 13:45:36 - [MESSAGE][PASSED] - Delayed 5 second(s)

2019-04-23 13:45:36 - [TEST_STEP][PASSED] - Statement - rows_table = driver.findElements(org.openqa.selenium.By.xpath("//*[@id="content"]/div/div/div/div[2]/div[3]/div[7]/div/div/div[2]/div/div/div[2]/table/tbody/tr")): null

2019-04-23 13:45:36 - [TEST_STEP][PASSED] - Statement - rows_count = rows_table.size(): null

2019-04-23 13:45:36 - [TEST_STEP][PASSED] - verifyGreaterThanOrEqual: Actual number '10' is greater than or equal to expected number '1'

2019-04-23 13:45:36 - [MESSAGE][PASSED] - Actual number '10' is greater than or equal to expected number '1'

2019-04-23 13:45:36 - [MESSAGE][PASSED] - Call Test Case 'Test Cases/Operational_Dashboard/187' successfully

2019-04-23 13:45:36 - [TEST_STEP][PASSED] - Statement - driver = com.kms.katalon.core.webui.driver.DriverFactory.getWebDriver(): null

2019-04-23 13:45:36 - [TEST_STEP][PASSED] - Statement - next = driver.findElement(org.openqa.selenium.By.xpath("//*[@id="content"]/div/div/div/div[2]/div[3]/div[7]/div/div/div[2]/div/div/div[2]/ul/li[3]/a")): null

2019-04-23 13:45:36 - [TEST_STEP][PASSED] - Statement - next.click(): null

2019-04-23 13:45:37 - [TEST_STEP][PASSED] - delay: Delayed 5 second(s)

2019-04-23 13:45:42 - [MESSAGE][PASSED] - Delayed 5 second(s)

2019-04-23 13:45:42 - [TEST_STEP][PASSED] - Statement - rows_table = driver.findElements(org.openqa.selenium.By.xpath("//*[@id="content"]/div/div/div/div[2]/div[3]/div[7]/div/div/div[2]/div/div/div[2]/table/tbody/tr")): null

2019-04-23 13:45:42 - [TEST_STEP][PASSED] - Statement - rows_count = rows_table.size(): null

2019-04-23 13:45:42 - [TEST_STEP][FAILED] - verifyGreaterThanOrEqual: Unable to verify actual number '0' greater than or equal with expected number '1' (Root cause: Actual number '0' is NOT greater than or equal to expected number '1')

2019-04-23 13:45:42 - [MESSAGE][FAILED] - Unable to verify actual number '0' greater than or equal with expected number '1' (Root cause: Actual number '0' is NOT greater than or equal to expected number '1')]]></system-out>
         <system-err><![CDATA[2019-04-23 13:45:26 - [TEST_CASE][FAILED] - Test Cases/Operational_Dashboard/190: Test Cases/Operational_Dashboard/190 FAILED because (of) Unable to verify actual number '0' greater than or equal with expected number '1' (Root cause: Actual number '0' is NOT greater than or equal to expected number '1')]]></system-err>
      </testcase>
      <testcase name="Test Cases/Operational_Dashboard/191" classname="Test Cases/Operational_Dashboard/191" status="PASSED">
         <system-out><![CDATA[2019-04-23 13:45:42 - [TEST_CASE][PASSED] - Test Cases/Operational_Dashboard/191: Test Cases/Operational_Dashboard/191

2019-04-23 13:45:42 - [TEST_STEP][PASSED] - callTestCase: Call Test Case 'Test Cases/Operational_Dashboard/187' successfully

2019-04-23 13:45:42 - [TEST_CASE][PASSED] - Test Cases/Operational_Dashboard/187: Test Cases/Operational_Dashboard/187

2019-04-23 13:45:42 - [TEST_STEP][PASSED] - callTestCase: Call Test Case 'Test Cases/Operational_Dashboard/Login' successfully

2019-04-23 13:45:42 - [TEST_CASE][PASSED] - Test Cases/Operational_Dashboard/Login: Test Cases/Operational_Dashboard/Login

2019-04-23 13:45:42 - [TEST_STEP][PASSED] - callTestCase: Call Test Case 'Test Cases/s-sidebar_navigation/individualAccount/operationalDashboard' successfully

2019-04-23 13:45:42 - [TEST_CASE][PASSED] - Test Cases/s-sidebar_navigation/individualAccount/operationalDashboard: Test Cases/s-sidebar_navigation/individualAccount/operationalDashboard

2019-04-23 13:45:42 - [TEST_STEP][PASSED] - click: Object: 'Object Repository/Page_KiboEngage  Subscribers/span_Subscribers' is clicked on

2019-04-23 13:45:43 - [MESSAGE][PASSED] - Object: 'Object Repository/Page_KiboEngage  Subscribers/span_Subscribers' is clicked on

2019-04-23 13:45:43 - [TEST_STEP][PASSED] - click: Object: 'Object Repository/Page_KiboEngage  Subscribers/span_Operational Dashboard (1)' is clicked on

2019-04-23 13:45:45 - [MESSAGE][PASSED] - Object: 'Object Repository/Page_KiboEngage  Subscribers/span_Operational Dashboard (1)' is clicked on

2019-04-23 13:45:45 - [TEST_STEP][PASSED] - scrollToPosition: Browser is scrolled to position x = 0, y = 0

2019-04-23 13:45:45 - [MESSAGE][PASSED] - Browser is scrolled to position x = 0, y = 0

2019-04-23 13:45:45 - [TEST_STEP][PASSED] - click: Object: 'Object Repository/Page_KiboEngage  Operational Dashbo/h3_Pages Info (4)' is clicked on

2019-04-23 13:45:45 - [MESSAGE][PASSED] - Object: 'Object Repository/Page_KiboEngage  Operational Dashbo/h3_Pages Info (4)' is clicked on

2019-04-23 13:45:45 - [MESSAGE][PASSED] - Call Test Case 'Test Cases/s-sidebar_navigation/individualAccount/operationalDashboard' successfully

2019-04-23 13:45:45 - [MESSAGE][PASSED] - Call Test Case 'Test Cases/Operational_Dashboard/Login' successfully

2019-04-23 13:45:45 - [TEST_STEP][PASSED] - Statement - driver = com.kms.katalon.core.webui.driver.DriverFactory.getWebDriver(): null

2019-04-23 13:45:45 - [TEST_STEP][PASSED] - Statement - popup_poll = driver.findElement(org.openqa.selenium.By.xpath("//*[@id="content"]/div/div/div/div[2]/div[3]/div[7]/div/div/div/div[2]/ul/li[3]")): null

2019-04-23 13:45:46 - [TEST_STEP][PASSED] - Statement - popup_poll.click(): null

2019-04-23 13:45:46 - [TEST_STEP][PASSED] - delay: Delayed 5 second(s)

2019-04-23 13:45:51 - [MESSAGE][PASSED] - Delayed 5 second(s)

2019-04-23 13:45:51 - [TEST_STEP][PASSED] - Statement - rows_table = driver.findElements(org.openqa.selenium.By.xpath("//*[@id="content"]/div/div/div/div[2]/div[3]/div[7]/div/div/div[2]/div/div/div[2]/table/tbody/tr")): null

2019-04-23 13:45:51 - [TEST_STEP][PASSED] - Statement - rows_count = rows_table.size(): null

2019-04-23 13:45:51 - [TEST_STEP][PASSED] - verifyGreaterThanOrEqual: Actual number '10' is greater than or equal to expected number '1'

2019-04-23 13:45:51 - [MESSAGE][PASSED] - Actual number '10' is greater than or equal to expected number '1'

2019-04-23 13:45:51 - [MESSAGE][PASSED] - Call Test Case 'Test Cases/Operational_Dashboard/187' successfully

2019-04-23 13:45:51 - [TEST_STEP][PASSED] - Statement - driver = com.kms.katalon.core.webui.driver.DriverFactory.getWebDriver(): null

2019-04-23 13:45:51 - [TEST_STEP][PASSED] - Statement - search_text = driver.findElement(org.openqa.selenium.By.xpath("//*[@id="content"]/div/div/div/div[2]/div[3]/div[7]/div/div/div[2]/div/div/div[1]/div[1]/input")): null

2019-04-23 13:45:52 - [TEST_STEP][PASSED] - Statement - search_text.clear(): null

2019-04-23 13:45:52 - [TEST_STEP][PASSED] - Statement - search_text.sendKeys("1"): null

2019-04-23 13:45:52 - [TEST_STEP][PASSED] - delay: Delayed 5 second(s)

2019-04-23 13:45:57 - [MESSAGE][PASSED] - Delayed 5 second(s)

2019-04-23 13:45:57 - [TEST_STEP][PASSED] - Statement - rows_table = driver.findElements(org.openqa.selenium.By.xpath("//*[@id="content"]/div/div/div/div[2]/div[3]/div[7]/div/div/div[2]/div/div/div[2]/table/tbody/tr")): null

2019-04-23 13:45:57 - [TEST_STEP][PASSED] - Statement - rows_count = rows_table.size(): null

2019-04-23 13:45:57 - [TEST_STEP][PASSED] - verifyGreaterThanOrEqual: Actual number '5' is greater than or equal to expected number '1'

2019-04-23 13:45:57 - [MESSAGE][PASSED] - Actual number '5' is greater than or equal to expected number '1']]></system-out>
         <system-err><![CDATA[]]></system-err>
      </testcase>
      <testcase name="Test Cases/Operational_Dashboard/192" classname="Test Cases/Operational_Dashboard/192" status="PASSED">
         <system-out><![CDATA[2019-04-23 13:45:57 - [TEST_CASE][PASSED] - Test Cases/Operational_Dashboard/192: Test Cases/Operational_Dashboard/192

2019-04-23 13:45:57 - [TEST_STEP][PASSED] - callTestCase: Call Test Case 'Test Cases/Operational_Dashboard/187' successfully

2019-04-23 13:45:57 - [TEST_CASE][PASSED] - Test Cases/Operational_Dashboard/187: Test Cases/Operational_Dashboard/187

2019-04-23 13:45:57 - [TEST_STEP][PASSED] - callTestCase: Call Test Case 'Test Cases/Operational_Dashboard/Login' successfully

2019-04-23 13:45:57 - [TEST_CASE][PASSED] - Test Cases/Operational_Dashboard/Login: Test Cases/Operational_Dashboard/Login

2019-04-23 13:45:57 - [TEST_STEP][PASSED] - callTestCase: Call Test Case 'Test Cases/s-sidebar_navigation/individualAccount/operationalDashboard' successfully

2019-04-23 13:45:57 - [TEST_CASE][PASSED] - Test Cases/s-sidebar_navigation/individualAccount/operationalDashboard: Test Cases/s-sidebar_navigation/individualAccount/operationalDashboard

2019-04-23 13:45:57 - [TEST_STEP][PASSED] - click: Object: 'Object Repository/Page_KiboEngage  Subscribers/span_Subscribers' is clicked on

2019-04-23 13:45:58 - [MESSAGE][PASSED] - Object: 'Object Repository/Page_KiboEngage  Subscribers/span_Subscribers' is clicked on

2019-04-23 13:45:58 - [TEST_STEP][PASSED] - click: Object: 'Object Repository/Page_KiboEngage  Subscribers/span_Operational Dashboard (1)' is clicked on

2019-04-23 13:45:59 - [MESSAGE][PASSED] - Object: 'Object Repository/Page_KiboEngage  Subscribers/span_Operational Dashboard (1)' is clicked on

2019-04-23 13:45:59 - [TEST_STEP][PASSED] - scrollToPosition: Browser is scrolled to position x = 0, y = 0

2019-04-23 13:45:59 - [MESSAGE][PASSED] - Browser is scrolled to position x = 0, y = 0

2019-04-23 13:45:59 - [TEST_STEP][PASSED] - click: Object: 'Object Repository/Page_KiboEngage  Operational Dashbo/h3_Pages Info (4)' is clicked on

2019-04-23 13:45:59 - [MESSAGE][PASSED] - Object: 'Object Repository/Page_KiboEngage  Operational Dashbo/h3_Pages Info (4)' is clicked on

2019-04-23 13:45:59 - [MESSAGE][PASSED] - Call Test Case 'Test Cases/s-sidebar_navigation/individualAccount/operationalDashboard' successfully

2019-04-23 13:45:59 - [MESSAGE][PASSED] - Call Test Case 'Test Cases/Operational_Dashboard/Login' successfully

2019-04-23 13:45:59 - [TEST_STEP][PASSED] - Statement - driver = com.kms.katalon.core.webui.driver.DriverFactory.getWebDriver(): null

2019-04-23 13:45:59 - [TEST_STEP][PASSED] - Statement - popup_poll = driver.findElement(org.openqa.selenium.By.xpath("//*[@id="content"]/div/div/div/div[2]/div[3]/div[7]/div/div/div/div[2]/ul/li[3]")): null

2019-04-23 13:46:00 - [TEST_STEP][PASSED] - Statement - popup_poll.click(): null

2019-04-23 13:46:01 - [TEST_STEP][PASSED] - delay: Delayed 5 second(s)

2019-04-23 13:46:06 - [MESSAGE][PASSED] - Delayed 5 second(s)

2019-04-23 13:46:06 - [TEST_STEP][PASSED] - Statement - rows_table = driver.findElements(org.openqa.selenium.By.xpath("//*[@id="content"]/div/div/div/div[2]/div[3]/div[7]/div/div/div[2]/div/div/div[2]/table/tbody/tr")): null

2019-04-23 13:46:06 - [TEST_STEP][PASSED] - Statement - rows_count = rows_table.size(): null

2019-04-23 13:46:06 - [TEST_STEP][PASSED] - verifyGreaterThanOrEqual: Actual number '10' is greater than or equal to expected number '1'

2019-04-23 13:46:06 - [MESSAGE][PASSED] - Actual number '10' is greater than or equal to expected number '1'

2019-04-23 13:46:06 - [MESSAGE][PASSED] - Call Test Case 'Test Cases/Operational_Dashboard/187' successfully

2019-04-23 13:46:06 - [TEST_STEP][PASSED] - Statement - driver = com.kms.katalon.core.webui.driver.DriverFactory.getWebDriver(): null

2019-04-23 13:46:06 - [TEST_STEP][PASSED] - Statement - search_text = driver.findElement(org.openqa.selenium.By.xpath("//*[@id="content"]/div/div/div/div[2]/div[3]/div[7]/div/div/div[2]/div/div/div[1]/div[2]/div/input")): null

2019-04-23 13:46:06 - [TEST_STEP][PASSED] - Statement - search_text.clear(): null

2019-04-23 13:46:06 - [TEST_STEP][PASSED] - Statement - search_text.sendKeys("1"): null

2019-04-23 13:46:06 - [TEST_STEP][PASSED] - delay: Delayed 5 second(s)

2019-04-23 13:46:11 - [MESSAGE][PASSED] - Delayed 5 second(s)

2019-04-23 13:46:11 - [TEST_STEP][PASSED] - Statement - rows_table = driver.findElements(org.openqa.selenium.By.xpath("//*[@id="content"]/div/div/div/div[2]/div[3]/div[7]/div/div/div[2]/div/div/div[2]/table/tbody/tr")): null

2019-04-23 13:46:11 - [TEST_STEP][PASSED] - Statement - rows_count = rows_table.size(): null

2019-04-23 13:46:11 - [TEST_STEP][PASSED] - verifyGreaterThanOrEqual: Actual number '1' is greater than or equal to expected number '1'

2019-04-23 13:46:11 - [MESSAGE][PASSED] - Actual number '1' is greater than or equal to expected number '1']]></system-out>
         <system-err><![CDATA[]]></system-err>
      </testcase>
      <testcase name="Test Cases/Operational_Dashboard/193" classname="Test Cases/Operational_Dashboard/193" status="FAILED">
         <failure type="FAILED" message="Unable to verify actual number '0' greater than or equal with expected number '1' (Root cause: Actual number '0' is NOT greater than or equal to expected number '1')"/>
         <system-out><![CDATA[2019-04-23 13:46:11 - [TEST_CASE][FAILED] - Test Cases/Operational_Dashboard/193: Test Cases/Operational_Dashboard/193 FAILED because (of) Unable to verify actual number '0' greater than or equal with expected number '1' (Root cause: Actual number '0' is NOT greater than or equal to expected number '1')

2019-04-23 13:46:12 - [TEST_STEP][PASSED] - callTestCase: Call Test Case 'Test Cases/Operational_Dashboard/187' successfully

2019-04-23 13:46:12 - [TEST_CASE][PASSED] - Test Cases/Operational_Dashboard/187: Test Cases/Operational_Dashboard/187

2019-04-23 13:46:12 - [TEST_STEP][PASSED] - callTestCase: Call Test Case 'Test Cases/Operational_Dashboard/Login' successfully

2019-04-23 13:46:12 - [TEST_CASE][PASSED] - Test Cases/Operational_Dashboard/Login: Test Cases/Operational_Dashboard/Login

2019-04-23 13:46:12 - [TEST_STEP][PASSED] - callTestCase: Call Test Case 'Test Cases/s-sidebar_navigation/individualAccount/operationalDashboard' successfully

2019-04-23 13:46:12 - [TEST_CASE][PASSED] - Test Cases/s-sidebar_navigation/individualAccount/operationalDashboard: Test Cases/s-sidebar_navigation/individualAccount/operationalDashboard

2019-04-23 13:46:12 - [TEST_STEP][PASSED] - click: Object: 'Object Repository/Page_KiboEngage  Subscribers/span_Subscribers' is clicked on

2019-04-23 13:46:13 - [MESSAGE][PASSED] - Object: 'Object Repository/Page_KiboEngage  Subscribers/span_Subscribers' is clicked on

2019-04-23 13:46:13 - [TEST_STEP][PASSED] - click: Object: 'Object Repository/Page_KiboEngage  Subscribers/span_Operational Dashboard (1)' is clicked on

2019-04-23 13:46:13 - [MESSAGE][PASSED] - Object: 'Object Repository/Page_KiboEngage  Subscribers/span_Operational Dashboard (1)' is clicked on

2019-04-23 13:46:13 - [TEST_STEP][PASSED] - scrollToPosition: Browser is scrolled to position x = 0, y = 0

2019-04-23 13:46:13 - [MESSAGE][PASSED] - Browser is scrolled to position x = 0, y = 0

2019-04-23 13:46:13 - [TEST_STEP][PASSED] - click: Object: 'Object Repository/Page_KiboEngage  Operational Dashbo/h3_Pages Info (4)' is clicked on

2019-04-23 13:46:14 - [MESSAGE][PASSED] - Object: 'Object Repository/Page_KiboEngage  Operational Dashbo/h3_Pages Info (4)' is clicked on

2019-04-23 13:46:14 - [MESSAGE][PASSED] - Call Test Case 'Test Cases/s-sidebar_navigation/individualAccount/operationalDashboard' successfully

2019-04-23 13:46:14 - [MESSAGE][PASSED] - Call Test Case 'Test Cases/Operational_Dashboard/Login' successfully

2019-04-23 13:46:14 - [TEST_STEP][PASSED] - Statement - driver = com.kms.katalon.core.webui.driver.DriverFactory.getWebDriver(): null

2019-04-23 13:46:14 - [TEST_STEP][PASSED] - Statement - popup_poll = driver.findElement(org.openqa.selenium.By.xpath("//*[@id="content"]/div/div/div/div[2]/div[3]/div[7]/div/div/div/div[2]/ul/li[3]")): null

2019-04-23 13:46:14 - [TEST_STEP][PASSED] - Statement - popup_poll.click(): null

2019-04-23 13:46:14 - [TEST_STEP][PASSED] - delay: Delayed 5 second(s)

2019-04-23 13:46:19 - [MESSAGE][PASSED] - Delayed 5 second(s)

2019-04-23 13:46:19 - [TEST_STEP][PASSED] - Statement - rows_table = driver.findElements(org.openqa.selenium.By.xpath("//*[@id="content"]/div/div/div/div[2]/div[3]/div[7]/div/div/div[2]/div/div/div[2]/table/tbody/tr")): null

2019-04-23 13:46:19 - [TEST_STEP][PASSED] - Statement - rows_count = rows_table.size(): null

2019-04-23 13:46:19 - [TEST_STEP][PASSED] - verifyGreaterThanOrEqual: Actual number '10' is greater than or equal to expected number '1'

2019-04-23 13:46:19 - [MESSAGE][PASSED] - Actual number '10' is greater than or equal to expected number '1'

2019-04-23 13:46:19 - [MESSAGE][PASSED] - Call Test Case 'Test Cases/Operational_Dashboard/187' successfully

2019-04-23 13:46:19 - [TEST_STEP][PASSED] - Statement - driver = com.kms.katalon.core.webui.driver.DriverFactory.getWebDriver(): null

2019-04-23 13:46:19 - [TEST_STEP][PASSED] - Statement - search_text = driver.findElement(org.openqa.selenium.By.xpath("//*[@id="content"]/div/div/div/div[2]/div[3]/div[7]/div/div/div[2]/div/div/div[1]/div[1]/input")): null

2019-04-23 13:46:19 - [TEST_STEP][PASSED] - Statement - search_text.clear(): null

2019-04-23 13:46:19 - [TEST_STEP][PASSED] - Statement - search_text.sendKeys("1"): null

2019-04-23 13:46:20 - [TEST_STEP][PASSED] - delay: Delayed 5 second(s)

2019-04-23 13:46:25 - [MESSAGE][PASSED] - Delayed 5 second(s)

2019-04-23 13:46:25 - [TEST_STEP][PASSED] - Statement - search = driver.findElement(org.openqa.selenium.By.xpath("//*[@id="content"]/div/div/div/div[2]/div[3]/div[7]/div/div/div[2]/div/div/div[1]/div[2]/div/input")): null

2019-04-23 13:46:25 - [TEST_STEP][PASSED] - Statement - search.clear(): null

2019-04-23 13:46:25 - [TEST_STEP][PASSED] - Statement - search.sendKeys("3"): null

2019-04-23 13:46:25 - [TEST_STEP][PASSED] - delay: Delayed 5 second(s)

2019-04-23 13:46:30 - [MESSAGE][PASSED] - Delayed 5 second(s)

2019-04-23 13:46:30 - [TEST_STEP][PASSED] - Statement - rows_table = driver.findElements(org.openqa.selenium.By.xpath("//*[@id="content"]/div/div/div/div[2]/div[3]/div[7]/div/div/div[2]/div/div/div[2]/table/tbody/tr")): null

2019-04-23 13:46:30 - [TEST_STEP][PASSED] - Statement - rows_count = rows_table.size(): null

2019-04-23 13:46:30 - [TEST_STEP][FAILED] - verifyGreaterThanOrEqual: Unable to verify actual number '0' greater than or equal with expected number '1' (Root cause: Actual number '0' is NOT greater than or equal to expected number '1')

2019-04-23 13:46:30 - [MESSAGE][FAILED] - Unable to verify actual number '0' greater than or equal with expected number '1' (Root cause: Actual number '0' is NOT greater than or equal to expected number '1')]]></system-out>
         <system-err><![CDATA[2019-04-23 13:46:11 - [TEST_CASE][FAILED] - Test Cases/Operational_Dashboard/193: Test Cases/Operational_Dashboard/193 FAILED because (of) Unable to verify actual number '0' greater than or equal with expected number '1' (Root cause: Actual number '0' is NOT greater than or equal to expected number '1')]]></system-err>
      </testcase>
      <testcase name="Test Cases/Operational_Dashboard/194" classname="Test Cases/Operational_Dashboard/194" status="PASSED">
         <system-out><![CDATA[2019-04-23 13:46:30 - [TEST_CASE][PASSED] - Test Cases/Operational_Dashboard/194: Test Cases/Operational_Dashboard/194

2019-04-23 13:46:30 - [TEST_STEP][PASSED] - callTestCase: Call Test Case 'Test Cases/Operational_Dashboard/187' successfully

2019-04-23 13:46:30 - [TEST_CASE][PASSED] - Test Cases/Operational_Dashboard/187: Test Cases/Operational_Dashboard/187

2019-04-23 13:46:30 - [TEST_STEP][PASSED] - callTestCase: Call Test Case 'Test Cases/Operational_Dashboard/Login' successfully

2019-04-23 13:46:31 - [TEST_CASE][PASSED] - Test Cases/Operational_Dashboard/Login: Test Cases/Operational_Dashboard/Login

2019-04-23 13:46:31 - [TEST_STEP][PASSED] - callTestCase: Call Test Case 'Test Cases/s-sidebar_navigation/individualAccount/operationalDashboard' successfully

2019-04-23 13:46:31 - [TEST_CASE][PASSED] - Test Cases/s-sidebar_navigation/individualAccount/operationalDashboard: Test Cases/s-sidebar_navigation/individualAccount/operationalDashboard

2019-04-23 13:46:31 - [TEST_STEP][PASSED] - click: Object: 'Object Repository/Page_KiboEngage  Subscribers/span_Subscribers' is clicked on

2019-04-23 13:46:31 - [MESSAGE][PASSED] - Object: 'Object Repository/Page_KiboEngage  Subscribers/span_Subscribers' is clicked on

2019-04-23 13:46:31 - [TEST_STEP][PASSED] - click: Object: 'Object Repository/Page_KiboEngage  Subscribers/span_Operational Dashboard (1)' is clicked on

2019-04-23 13:46:32 - [MESSAGE][PASSED] - Object: 'Object Repository/Page_KiboEngage  Subscribers/span_Operational Dashboard (1)' is clicked on

2019-04-23 13:46:32 - [TEST_STEP][PASSED] - scrollToPosition: Browser is scrolled to position x = 0, y = 0

2019-04-23 13:46:33 - [MESSAGE][PASSED] - Browser is scrolled to position x = 0, y = 0

2019-04-23 13:46:33 - [TEST_STEP][PASSED] - click: Object: 'Object Repository/Page_KiboEngage  Operational Dashbo/h3_Pages Info (4)' is clicked on

2019-04-23 13:46:33 - [MESSAGE][PASSED] - Object: 'Object Repository/Page_KiboEngage  Operational Dashbo/h3_Pages Info (4)' is clicked on

2019-04-23 13:46:33 - [MESSAGE][PASSED] - Call Test Case 'Test Cases/s-sidebar_navigation/individualAccount/operationalDashboard' successfully

2019-04-23 13:46:33 - [MESSAGE][PASSED] - Call Test Case 'Test Cases/Operational_Dashboard/Login' successfully

2019-04-23 13:46:33 - [TEST_STEP][PASSED] - Statement - driver = com.kms.katalon.core.webui.driver.DriverFactory.getWebDriver(): null

2019-04-23 13:46:33 - [TEST_STEP][PASSED] - Statement - popup_poll = driver.findElement(org.openqa.selenium.By.xpath("//*[@id="content"]/div/div/div/div[2]/div[3]/div[7]/div/div/div/div[2]/ul/li[3]")): null

2019-04-23 13:46:34 - [TEST_STEP][PASSED] - Statement - popup_poll.click(): null

2019-04-23 13:46:34 - [TEST_STEP][PASSED] - delay: Delayed 5 second(s)

2019-04-23 13:46:39 - [MESSAGE][PASSED] - Delayed 5 second(s)

2019-04-23 13:46:39 - [TEST_STEP][PASSED] - Statement - rows_table = driver.findElements(org.openqa.selenium.By.xpath("//*[@id="content"]/div/div/div/div[2]/div[3]/div[7]/div/div/div[2]/div/div/div[2]/table/tbody/tr")): null

2019-04-23 13:46:39 - [TEST_STEP][PASSED] - Statement - rows_count = rows_table.size(): null

2019-04-23 13:46:39 - [TEST_STEP][PASSED] - verifyGreaterThanOrEqual: Actual number '10' is greater than or equal to expected number '1'

2019-04-23 13:46:39 - [MESSAGE][PASSED] - Actual number '10' is greater than or equal to expected number '1'

2019-04-23 13:46:39 - [MESSAGE][PASSED] - Call Test Case 'Test Cases/Operational_Dashboard/187' successfully

2019-04-23 13:46:39 - [TEST_STEP][PASSED] - click: Object: 'Object Repository/Page_KiboEngage  Operational Dashbo/button_View (3)' is clicked on

2019-04-23 13:46:39 - [MESSAGE][PASSED] - Object: 'Object Repository/Page_KiboEngage  Operational Dashbo/button_View (3)' is clicked on

2019-04-23 13:46:39 - [TEST_STEP][PASSED] - delay: Delayed 2 second(s)

2019-04-23 13:46:41 - [MESSAGE][PASSED] - Delayed 2 second(s)

2019-04-23 13:46:41 - [TEST_STEP][PASSED] - scrollToPosition: Browser is scrolled to position x = 0, y = 0

2019-04-23 13:46:41 - [MESSAGE][PASSED] - Browser is scrolled to position x = 0, y = 0

2019-04-23 13:46:41 - [TEST_STEP][PASSED] - verifyTextPresent: Text 'Polls Sent So Far' is present on page 

2019-04-23 13:46:42 - [MESSAGE][PASSED] - Text 'Polls Sent So Far' is present on page 

2019-04-23 13:46:42 - [TEST_STEP][PASSED] - verifyTextPresent: Text 'Polls Respones' is present on page 

2019-04-23 13:46:42 - [MESSAGE][PASSED] - Text 'Polls Respones' is present on page 

2019-04-23 13:46:42 - [TEST_STEP][PASSED] - verifyTextPresent: Text 'Poll Response Chart' is present on page 

2019-04-23 13:46:43 - [MESSAGE][PASSED] - Text 'Poll Response Chart' is present on page]]></system-out>
         <system-err><![CDATA[]]></system-err>
      </testcase>
      <testcase name="Test Cases/Operational_Dashboard/195" classname="Test Cases/Operational_Dashboard/195" status="FAILED">
         <failure type="FAILED" message="Unable to click on object (Root cause: java.lang.IllegalArgumentException: Object is null)"/>
         <system-out><![CDATA[2019-04-23 13:46:43 - [TEST_CASE][FAILED] - Test Cases/Operational_Dashboard/195: Test Cases/Operational_Dashboard/195 FAILED because (of) Unable to click on object (Root cause: java.lang.IllegalArgumentException: Object is null)

2019-04-23 13:46:43 - [TEST_STEP][PASSED] - callTestCase: Call Test Case 'Test Cases/Operational_Dashboard/194' successfully

2019-04-23 13:46:43 - [TEST_CASE][PASSED] - Test Cases/Operational_Dashboard/194: Test Cases/Operational_Dashboard/194

2019-04-23 13:46:43 - [TEST_STEP][PASSED] - callTestCase: Call Test Case 'Test Cases/Operational_Dashboard/187' successfully

2019-04-23 13:46:43 - [TEST_CASE][PASSED] - Test Cases/Operational_Dashboard/187: Test Cases/Operational_Dashboard/187

2019-04-23 13:46:43 - [TEST_STEP][PASSED] - callTestCase: Call Test Case 'Test Cases/Operational_Dashboard/Login' successfully

2019-04-23 13:46:43 - [TEST_CASE][PASSED] - Test Cases/Operational_Dashboard/Login: Test Cases/Operational_Dashboard/Login

2019-04-23 13:46:43 - [TEST_STEP][PASSED] - callTestCase: Call Test Case 'Test Cases/s-sidebar_navigation/individualAccount/operationalDashboard' successfully

2019-04-23 13:46:43 - [TEST_CASE][PASSED] - Test Cases/s-sidebar_navigation/individualAccount/operationalDashboard: Test Cases/s-sidebar_navigation/individualAccount/operationalDashboard

2019-04-23 13:46:44 - [TEST_STEP][PASSED] - click: Object: 'Object Repository/Page_KiboEngage  Subscribers/span_Subscribers' is clicked on

2019-04-23 13:46:44 - [MESSAGE][PASSED] - Object: 'Object Repository/Page_KiboEngage  Subscribers/span_Subscribers' is clicked on

2019-04-23 13:46:44 - [TEST_STEP][PASSED] - click: Object: 'Object Repository/Page_KiboEngage  Subscribers/span_Operational Dashboard (1)' is clicked on

2019-04-23 13:46:45 - [MESSAGE][PASSED] - Object: 'Object Repository/Page_KiboEngage  Subscribers/span_Operational Dashboard (1)' is clicked on

2019-04-23 13:46:45 - [TEST_STEP][PASSED] - scrollToPosition: Browser is scrolled to position x = 0, y = 0

2019-04-23 13:46:45 - [MESSAGE][PASSED] - Browser is scrolled to position x = 0, y = 0

2019-04-23 13:46:45 - [TEST_STEP][PASSED] - click: Object: 'Object Repository/Page_KiboEngage  Operational Dashbo/h3_Pages Info (4)' is clicked on

2019-04-23 13:46:46 - [MESSAGE][PASSED] - Object: 'Object Repository/Page_KiboEngage  Operational Dashbo/h3_Pages Info (4)' is clicked on

2019-04-23 13:46:46 - [MESSAGE][PASSED] - Call Test Case 'Test Cases/s-sidebar_navigation/individualAccount/operationalDashboard' successfully

2019-04-23 13:46:46 - [MESSAGE][PASSED] - Call Test Case 'Test Cases/Operational_Dashboard/Login' successfully

2019-04-23 13:46:46 - [TEST_STEP][PASSED] - Statement - driver = com.kms.katalon.core.webui.driver.DriverFactory.getWebDriver(): null

2019-04-23 13:46:46 - [TEST_STEP][PASSED] - Statement - popup_poll = driver.findElement(org.openqa.selenium.By.xpath("//*[@id="content"]/div/div/div/div[2]/div[3]/div[7]/div/div/div/div[2]/ul/li[3]")): null

2019-04-23 13:46:46 - [TEST_STEP][PASSED] - Statement - popup_poll.click(): null

2019-04-23 13:46:46 - [TEST_STEP][PASSED] - delay: Delayed 5 second(s)

2019-04-23 13:46:51 - [MESSAGE][PASSED] - Delayed 5 second(s)

2019-04-23 13:46:51 - [TEST_STEP][PASSED] - Statement - rows_table = driver.findElements(org.openqa.selenium.By.xpath("//*[@id="content"]/div/div/div/div[2]/div[3]/div[7]/div/div/div[2]/div/div/div[2]/table/tbody/tr")): null

2019-04-23 13:46:51 - [TEST_STEP][PASSED] - Statement - rows_count = rows_table.size(): null

2019-04-23 13:46:51 - [TEST_STEP][PASSED] - verifyGreaterThanOrEqual: Actual number '10' is greater than or equal to expected number '1'

2019-04-23 13:46:51 - [MESSAGE][PASSED] - Actual number '10' is greater than or equal to expected number '1'

2019-04-23 13:46:51 - [MESSAGE][PASSED] - Call Test Case 'Test Cases/Operational_Dashboard/187' successfully

2019-04-23 13:46:51 - [TEST_STEP][PASSED] - click: Object: 'Object Repository/Page_KiboEngage  Operational Dashbo/button_View (3)' is clicked on

2019-04-23 13:46:52 - [MESSAGE][PASSED] - Object: 'Object Repository/Page_KiboEngage  Operational Dashbo/button_View (3)' is clicked on

2019-04-23 13:46:52 - [TEST_STEP][PASSED] - delay: Delayed 2 second(s)

2019-04-23 13:46:54 - [MESSAGE][PASSED] - Delayed 2 second(s)

2019-04-23 13:46:54 - [TEST_STEP][PASSED] - scrollToPosition: Browser is scrolled to position x = 0, y = 0

2019-04-23 13:46:54 - [MESSAGE][PASSED] - Browser is scrolled to position x = 0, y = 0

2019-04-23 13:46:54 - [TEST_STEP][PASSED] - verifyTextPresent: Text 'Polls Sent So Far' is present on page 

2019-04-23 13:46:54 - [MESSAGE][PASSED] - Text 'Polls Sent So Far' is present on page 

2019-04-23 13:46:54 - [TEST_STEP][PASSED] - verifyTextPresent: Text 'Polls Respones' is present on page 

2019-04-23 13:46:54 - [MESSAGE][PASSED] - Text 'Polls Respones' is present on page 

2019-04-23 13:46:54 - [TEST_STEP][PASSED] - verifyTextPresent: Text 'Poll Response Chart' is present on page 

2019-04-23 13:46:55 - [MESSAGE][PASSED] - Text 'Poll Response Chart' is present on page 

2019-04-23 13:46:55 - [MESSAGE][PASSED] - Call Test Case 'Test Cases/Operational_Dashboard/194' successfully

2019-04-23 13:46:55 - [TEST_STEP][FAILED] - click: Unable to click on object (Root cause: java.lang.IllegalArgumentException: Object is null)

2019-04-23 13:46:55 - [MESSAGE][WARNING] - Test object with id 'Object Repository/Page_KiboEngage  Poll Details/button_Back' does not exist

2019-04-23 13:46:55 - [MESSAGE][WARNING] - Test object with id 'Object Repository/' does not exist

2019-04-23 13:46:55 - [MESSAGE][FAILED] - Unable to click on object (Root cause: java.lang.IllegalArgumentException: Object is null)
[[ATTACHMENT|C:\\Users\\cloudkibo\\Desktop\\KiboPush_Automated_Testing\\KiboPush Katalon\\Reports\\operationalDashboard\\20190423_133225\\1556009215204.png]]]]></system-out>
         <system-err><![CDATA[2019-04-23 13:46:43 - [TEST_CASE][FAILED] - Test Cases/Operational_Dashboard/195: Test Cases/Operational_Dashboard/195 FAILED because (of) Unable to click on object (Root cause: java.lang.IllegalArgumentException: Object is null)]]></system-err>
      </testcase>
      <testcase name="Test Cases/Operational_Dashboard/196" classname="Test Cases/Operational_Dashboard/196" status="PASSED">
         <system-out><![CDATA[2019-04-23 13:46:55 - [TEST_CASE][PASSED] - Test Cases/Operational_Dashboard/196: Test Cases/Operational_Dashboard/196

2019-04-23 13:46:55 - [TEST_STEP][PASSED] - callTestCase: Call Test Case 'Test Cases/Operational_Dashboard/187' successfully

2019-04-23 13:46:56 - [TEST_CASE][PASSED] - Test Cases/Operational_Dashboard/187: Test Cases/Operational_Dashboard/187

2019-04-23 13:46:56 - [TEST_STEP][PASSED] - callTestCase: Call Test Case 'Test Cases/Operational_Dashboard/Login' successfully

2019-04-23 13:46:56 - [TEST_CASE][PASSED] - Test Cases/Operational_Dashboard/Login: Test Cases/Operational_Dashboard/Login

2019-04-23 13:46:56 - [TEST_STEP][PASSED] - callTestCase: Call Test Case 'Test Cases/s-sidebar_navigation/individualAccount/operationalDashboard' successfully

2019-04-23 13:46:56 - [TEST_CASE][PASSED] - Test Cases/s-sidebar_navigation/individualAccount/operationalDashboard: Test Cases/s-sidebar_navigation/individualAccount/operationalDashboard

2019-04-23 13:46:56 - [TEST_STEP][PASSED] - click: Object: 'Object Repository/Page_KiboEngage  Subscribers/span_Subscribers' is clicked on

2019-04-23 13:46:57 - [MESSAGE][PASSED] - Object: 'Object Repository/Page_KiboEngage  Subscribers/span_Subscribers' is clicked on

2019-04-23 13:46:57 - [TEST_STEP][PASSED] - click: Object: 'Object Repository/Page_KiboEngage  Subscribers/span_Operational Dashboard (1)' is clicked on

2019-04-23 13:46:57 - [MESSAGE][PASSED] - Object: 'Object Repository/Page_KiboEngage  Subscribers/span_Operational Dashboard (1)' is clicked on

2019-04-23 13:46:57 - [TEST_STEP][PASSED] - scrollToPosition: Browser is scrolled to position x = 0, y = 0

2019-04-23 13:46:57 - [MESSAGE][PASSED] - Browser is scrolled to position x = 0, y = 0

2019-04-23 13:46:57 - [TEST_STEP][PASSED] - click: Object: 'Object Repository/Page_KiboEngage  Operational Dashbo/h3_Pages Info (4)' is clicked on

2019-04-23 13:46:58 - [MESSAGE][PASSED] - Object: 'Object Repository/Page_KiboEngage  Operational Dashbo/h3_Pages Info (4)' is clicked on

2019-04-23 13:46:58 - [MESSAGE][PASSED] - Call Test Case 'Test Cases/s-sidebar_navigation/individualAccount/operationalDashboard' successfully

2019-04-23 13:46:58 - [MESSAGE][PASSED] - Call Test Case 'Test Cases/Operational_Dashboard/Login' successfully

2019-04-23 13:46:58 - [TEST_STEP][PASSED] - Statement - driver = com.kms.katalon.core.webui.driver.DriverFactory.getWebDriver(): null

2019-04-23 13:46:58 - [TEST_STEP][PASSED] - Statement - popup_poll = driver.findElement(org.openqa.selenium.By.xpath("//*[@id="content"]/div/div/div/div[2]/div[3]/div[7]/div/div/div/div[2]/ul/li[3]")): null

2019-04-23 13:46:59 - [TEST_STEP][PASSED] - Statement - popup_poll.click(): null

2019-04-23 13:46:59 - [TEST_STEP][PASSED] - delay: Delayed 5 second(s)

2019-04-23 13:47:04 - [MESSAGE][PASSED] - Delayed 5 second(s)

2019-04-23 13:47:04 - [TEST_STEP][PASSED] - Statement - rows_table = driver.findElements(org.openqa.selenium.By.xpath("//*[@id="content"]/div/div/div/div[2]/div[3]/div[7]/div/div/div[2]/div/div/div[2]/table/tbody/tr")): null

2019-04-23 13:47:05 - [TEST_STEP][PASSED] - Statement - rows_count = rows_table.size(): null

2019-04-23 13:47:05 - [TEST_STEP][PASSED] - verifyGreaterThanOrEqual: Actual number '10' is greater than or equal to expected number '1'

2019-04-23 13:47:05 - [MESSAGE][PASSED] - Actual number '10' is greater than or equal to expected number '1'

2019-04-23 13:47:05 - [MESSAGE][PASSED] - Call Test Case 'Test Cases/Operational_Dashboard/187' successfully

2019-04-23 13:47:05 - [TEST_STEP][PASSED] - Statement - driver = com.kms.katalon.core.webui.driver.DriverFactory.getWebDriver(): null

2019-04-23 13:47:05 - [TEST_STEP][PASSED] - Statement - popDown_survey = driver.findElement(org.openqa.selenium.By.xpath("//*[@id="content"]/div/div/div/div[2]/div[3]/div[7]/div/div/div[1]/div[2]/ul/li[3]")): null

2019-04-23 13:47:05 - [TEST_STEP][PASSED] - Statement - popDown_survey.click(): null

2019-04-23 13:47:05 - [TEST_STEP][PASSED] - delay: Delayed 5 second(s)

2019-04-23 13:47:10 - [MESSAGE][PASSED] - Delayed 5 second(s)

2019-04-23 13:47:10 - [TEST_STEP][PASSED] - verifyTextNotPresent: Text 'Responded' is not present on page

2019-04-23 13:47:11 - [MESSAGE][PASSED] - Text 'Responded' is not present on page]]></system-out>
         <system-err><![CDATA[]]></system-err>
      </testcase>
      <system-out><![CDATA[2019-04-23 13:32:30 - [TEST_SUITE][FAILED] - operationalDashboard: Test Cases/Operational_Dashboard/115 FAILED because (of) Unable to click on object 'Object Repository/Page_KiboEngage  Subscribers/span_Subscribers' (Root cause: com.kms.katalon.core.webui.exception.BrowserNotOpenedException: Browser is not opened
Build info: version: '3.7.1', revision: '8a0099a', time: '2017-11-06T21:07:36.161Z'
System info: host: 'DESKTOP-4M6R1V0', ip: '10.0.2.15', os.name: 'Windows 10', os.arch: 'amd64', os.version: '10.0', java.version: '1.8.0_181'
Driver info: driver.version: unknown)]]></system-out>
      <system-err><![CDATA[2019-04-23 13:32:30 - [TEST_SUITE][FAILED] - operationalDashboard: Test Cases/Operational_Dashboard/115 FAILED because (of) Unable to click on object 'Object Repository/Page_KiboEngage  Subscribers/span_Subscribers' (Root cause: com.kms.katalon.core.webui.exception.BrowserNotOpenedException: Browser is not opened
Build info: version: '3.7.1', revision: '8a0099a', time: '2017-11-06T21:07:36.161Z'
System info: host: 'DESKTOP-4M6R1V0', ip: '10.0.2.15', os.name: 'Windows 10', os.arch: 'amd64', os.version: '10.0', java.version: '1.8.0_181'
Driver info: driver.version: unknown)]]></system-err>
   </testsuite>
</testsuites>
