<?xml version="1.0" encoding="UTF-8"?>
<testsuites name="KiboLite" time="458" tests="9" failures="0" errors="0">
   <testsuite name="KiboLite" tests="9" failures="0" errors="0" time="458" timestamp="2019-04-11 13:48:18" hostname="cloudkibo-faizan - cloudkibo-faizan" id="Test Suites/KiboLite">
      <properties>
         <property name="deviceName" value=""/>
         <property name="devicePlatform" value=""/>
         <property name="logFolder" value="/home/cloudkibo-faizan/Drive/Katalon/Staging/Reports/KiboLite/20190411_134811"/>
         <property name="logFiles" value="/home/cloudkibo-faizan/Drive/Katalon/Staging/Reports/KiboLite/20190411_134811/execution0.log"/>
         <property name="attachments" value=""/>
         <property name="hostName" value="cloudkibo-faizan - cloudkibo-faizan"/>
         <property name="os" value="Linux 64bit"/>
         <property name="katalonVersion" value="6.0.6.4"/>
         <property name="browser" value="Chrome 73.0.3683.75"/>
         <property name="hostAddress" value="127.0.1.1"/>
         <property name="sessionId" value="564850c804af86799871d0294e0f759e"/>
         <property name="seleniumVersion" value="3.7.1"/>
         <property name="proxyInformation" value="ProxyInformation{proxyOption=NO_PROXY, proxyServerType=HTTP, password=, proxyServerAddress=, proxyServerPort=0}"/>
         <property name="platform" value="Linux"/>
      </properties>
      <testcase name="Test Cases/KiboLite/TC11077" classname="Test Cases/KiboLite/TC11077" status="PASSED">
         <system-out><![CDATA[2019-04-11 13:48:19 - [TEST_CASE][PASSED] - Test Cases/KiboLite/TC11077: Test Cases/KiboLite/TC11077

2019-04-11 13:48:19 - [TEST_STEP][PASSED] - callTestCase(findTestCase("KiboLite/login"), [:], STOP_ON_FAILURE): Call Test Case 'Test Cases/KiboLite/login' successfully

2019-04-11 13:48:19 - [TEST_CASE][PASSED] - Test Cases/KiboLite/login: Test Cases/KiboLite/login

2019-04-11 13:48:19 - [TEST_STEP][PASSED] - openBrowser(""): Browser is opened with url: ''

2019-04-11 13:48:19 - [MESSAGE][INFO] - Starting 'Chrome' driver

2019-04-11 13:48:19 - [MESSAGE][INFO] - Action delay is set to 0 seconds

2019-04-11 13:48:20 - [MESSAGE][PASSED] - Browser is opened with url: ''

2019-04-11 13:48:20 - [TEST_STEP][PASSED] - maximizeWindow(): Current window maximized

2019-04-11 13:48:21 - [MESSAGE][PASSED] - Current window maximized

2019-04-11 13:48:21 - [TEST_STEP][PASSED] - navigateToUrl("https://skibolite.cloudkibo.com/"): Navigate to 'https://skibolite.cloudkibo.com/' successfully

2019-04-11 13:48:46 - [MESSAGE][PASSED] - Navigate to 'https://skibolite.cloudkibo.com/' successfully

2019-04-11 13:48:46 - [TEST_STEP][PASSED] - navigateToUrl("https://saccounts.cloudkibo.com/?continue=http://skibolite.cloudkibo.com"): Navigate to 'https://saccounts.cloudkibo.com/?continue=http://skibolite.cloudkibo.com' successfully

2019-04-11 13:48:49 - [MESSAGE][PASSED] - Navigate to 'https://saccounts.cloudkibo.com/?continue=http://skibolite.cloudkibo.com' successfully

2019-04-11 13:48:49 - [TEST_STEP][PASSED] - click(findTestObject("Page_CloudKibo/a_Login (3)")): Object: 'Object Repository/Page_CloudKibo/a_Login (3)' is clicked on

2019-04-11 13:48:50 - [MESSAGE][PASSED] - Object: 'Object Repository/Page_CloudKibo/a_Login (3)' is clicked on

2019-04-11 13:48:50 - [TEST_STEP][PASSED] - setText(findTestObject("Page_KiboPush/input_email (10) (1) (1)"), "faizanrasheed4@gmail.com"): Text 'faizanrasheed4@gmail.com' is set on object 'Object Repository/Page_KiboPush/input_email (10) (1) (1)'

2019-04-11 13:48:50 - [MESSAGE][PASSED] - Text 'faizanrasheed4@gmail.com' is set on object 'Object Repository/Page_KiboPush/input_email (10) (1) (1)'

2019-04-11 13:48:50 - [TEST_STEP][PASSED] - setEncryptedText(findTestObject("Page_CloudKibo/input_Sign In_password (2)"), "GYDmRgS5yd5PL6pQTxDpCg=="): Text ****** has been set on object 'Object Repository/Page_CloudKibo/input_Sign In_password (2)'

2019-04-11 13:48:50 - [MESSAGE][PASSED] - Text ****** has been set on object 'Object Repository/Page_CloudKibo/input_Sign In_password (2)'

2019-04-11 13:48:50 - [TEST_STEP][PASSED] - click(findTestObject("Page_CloudKibo/button_Sign In (4) (1)")): Object: 'Object Repository/Page_CloudKibo/button_Sign In (4) (1)' is clicked on

2019-04-11 13:48:50 - [MESSAGE][PASSED] - Object: 'Object Repository/Page_CloudKibo/button_Sign In (4) (1)' is clicked on

2019-04-11 13:48:50 - [TEST_STEP][PASSED] - click(findTestObject("Page_ Dashboard/h3_Dashboard (1)")): Object: 'Object Repository/Page_ Dashboard/h3_Dashboard (1)' is clicked on

2019-04-11 13:49:24 - [MESSAGE][PASSED] - Object: 'Object Repository/Page_ Dashboard/h3_Dashboard (1)' is clicked on

2019-04-11 13:49:24 - [TEST_STEP][PASSED] - delay(3): Delayed 3 second(s)

2019-04-11 13:49:27 - [MESSAGE][PASSED] - Delayed 3 second(s)

2019-04-11 13:49:27 - [TEST_STEP][PASSED] - click(findTestObject("Page_KiboEngage  Dashboard/a_SMS (2) (1) (1) (1) (1)")): Object: 'Object Repository/Page_KiboEngage  Dashboard/a_SMS (2) (1) (1) (1) (1)' is clicked on

2019-04-11 13:49:27 - [MESSAGE][PASSED] - Object: 'Object Repository/Page_KiboEngage  Dashboard/a_SMS (2) (1) (1) (1) (1)' is clicked on

2019-04-11 13:49:27 - [TEST_STEP][PASSED] - click(findTestObject("Page_KiboEngage  Dashboard/span_Messenger (1) (1) (1) (1)")): Object: 'Object Repository/Page_KiboEngage  Dashboard/span_Messenger (1) (1) (1) (1)' is clicked on

2019-04-11 13:49:27 - [MESSAGE][PASSED] - Object: 'Object Repository/Page_KiboEngage  Dashboard/span_Messenger (1) (1) (1) (1)' is clicked on

2019-04-11 13:49:27 - [MESSAGE][PASSED] - Call Test Case 'Test Cases/KiboLite/login' successfully]]></system-out>
         <system-err><![CDATA[]]></system-err>
      </testcase>
      <testcase name="Test Cases/KiboLite/TC11078" classname="Test Cases/KiboLite/TC11078" status="PASSED">
         <system-out><![CDATA[2019-04-11 13:49:27 - [TEST_CASE][PASSED] - Test Cases/KiboLite/TC11078: Test Cases/KiboLite/TC11078

2019-04-11 13:49:28 - [TEST_STEP][PASSED] - callTestCase(findTestCase("KiboLite/login"), [:], STOP_ON_FAILURE): Call Test Case 'Test Cases/KiboLite/login' successfully

2019-04-11 13:49:28 - [TEST_CASE][PASSED] - Test Cases/KiboLite/login: Test Cases/KiboLite/login

2019-04-11 13:49:28 - [TEST_STEP][PASSED] - openBrowser(""): Browser is opened with url: ''

2019-04-11 13:49:28 - [MESSAGE][WARNING] - A browser is already opened. Closing browser and opening a new one

2019-04-11 13:49:28 - [MESSAGE][INFO] - Starting 'Chrome' driver

2019-04-11 13:49:28 - [MESSAGE][PASSED] - Browser is opened with url: ''

2019-04-11 13:49:28 - [TEST_STEP][PASSED] - maximizeWindow(): Current window maximized

2019-04-11 13:49:28 - [MESSAGE][PASSED] - Current window maximized

2019-04-11 13:49:28 - [TEST_STEP][PASSED] - navigateToUrl("https://skibolite.cloudkibo.com/"): Navigate to 'https://skibolite.cloudkibo.com/' successfully

2019-04-11 13:49:45 - [MESSAGE][PASSED] - Navigate to 'https://skibolite.cloudkibo.com/' successfully

2019-04-11 13:49:45 - [TEST_STEP][PASSED] - navigateToUrl("https://saccounts.cloudkibo.com/?continue=http://skibolite.cloudkibo.com"): Navigate to 'https://saccounts.cloudkibo.com/?continue=http://skibolite.cloudkibo.com' successfully

2019-04-11 13:49:45 - [MESSAGE][PASSED] - Navigate to 'https://saccounts.cloudkibo.com/?continue=http://skibolite.cloudkibo.com' successfully

2019-04-11 13:49:45 - [TEST_STEP][PASSED] - click(findTestObject("Page_CloudKibo/a_Login (3)")): Object: 'Object Repository/Page_CloudKibo/a_Login (3)' is clicked on

2019-04-11 13:49:46 - [MESSAGE][PASSED] - Object: 'Object Repository/Page_CloudKibo/a_Login (3)' is clicked on

2019-04-11 13:49:46 - [TEST_STEP][PASSED] - setText(findTestObject("Page_KiboPush/input_email (10) (1) (1)"), "faizanrasheed4@gmail.com"): Text 'faizanrasheed4@gmail.com' is set on object 'Object Repository/Page_KiboPush/input_email (10) (1) (1)'

2019-04-11 13:49:46 - [MESSAGE][PASSED] - Text 'faizanrasheed4@gmail.com' is set on object 'Object Repository/Page_KiboPush/input_email (10) (1) (1)'

2019-04-11 13:49:46 - [TEST_STEP][PASSED] - setEncryptedText(findTestObject("Page_CloudKibo/input_Sign In_password (2)"), "GYDmRgS5yd5PL6pQTxDpCg=="): Text ****** has been set on object 'Object Repository/Page_CloudKibo/input_Sign In_password (2)'

2019-04-11 13:49:46 - [MESSAGE][PASSED] - Text ****** has been set on object 'Object Repository/Page_CloudKibo/input_Sign In_password (2)'

2019-04-11 13:49:47 - [TEST_STEP][PASSED] - click(findTestObject("Page_CloudKibo/button_Sign In (4) (1)")): Object: 'Object Repository/Page_CloudKibo/button_Sign In (4) (1)' is clicked on

2019-04-11 13:49:47 - [MESSAGE][PASSED] - Object: 'Object Repository/Page_CloudKibo/button_Sign In (4) (1)' is clicked on

2019-04-11 13:49:47 - [TEST_STEP][PASSED] - click(findTestObject("Page_ Dashboard/h3_Dashboard (1)")): Object: 'Object Repository/Page_ Dashboard/h3_Dashboard (1)' is clicked on

2019-04-11 13:50:30 - [MESSAGE][PASSED] - Object: 'Object Repository/Page_ Dashboard/h3_Dashboard (1)' is clicked on

2019-04-11 13:50:30 - [TEST_STEP][PASSED] - delay(3): Delayed 3 second(s)

2019-04-11 13:50:33 - [MESSAGE][PASSED] - Delayed 3 second(s)

2019-04-11 13:50:33 - [TEST_STEP][PASSED] - click(findTestObject("Page_KiboEngage  Dashboard/a_SMS (2) (1) (1) (1) (1)")): Object: 'Object Repository/Page_KiboEngage  Dashboard/a_SMS (2) (1) (1) (1) (1)' is clicked on

2019-04-11 13:50:33 - [MESSAGE][PASSED] - Object: 'Object Repository/Page_KiboEngage  Dashboard/a_SMS (2) (1) (1) (1) (1)' is clicked on

2019-04-11 13:50:33 - [TEST_STEP][PASSED] - click(findTestObject("Page_KiboEngage  Dashboard/span_Messenger (1) (1) (1) (1)")): Object: 'Object Repository/Page_KiboEngage  Dashboard/span_Messenger (1) (1) (1) (1)' is clicked on

2019-04-11 13:50:33 - [MESSAGE][PASSED] - Object: 'Object Repository/Page_KiboEngage  Dashboard/span_Messenger (1) (1) (1) (1)' is clicked on

2019-04-11 13:50:33 - [MESSAGE][PASSED] - Call Test Case 'Test Cases/KiboLite/login' successfully

2019-04-11 13:50:33 - [TEST_STEP][PASSED] - delay(2): Delayed 2 second(s)

2019-04-11 13:50:35 - [MESSAGE][PASSED] - Delayed 2 second(s)

2019-04-11 13:50:35 - [TEST_STEP][PASSED] - click(findTestObject("Object Repository/Page_ Dashboard/span_Broadcast")): Object: 'Object Repository/Page_ Dashboard/span_Broadcast' is clicked on

2019-04-11 13:50:35 - [MESSAGE][PASSED] - Object: 'Object Repository/Page_ Dashboard/span_Broadcast' is clicked on

2019-04-11 13:50:35 - [TEST_STEP][PASSED] - driver = getWebDriver(): null

2019-04-11 13:50:35 - [TEST_STEP][PASSED] - Select = driver.findElements(By.xpath("//*[@id="tab_1"]/div/div[2]/div/select/option")): null

2019-04-11 13:50:35 - [TEST_STEP][PASSED] - println(Select.size()): null

2019-04-11 13:50:35 - [TEST_STEP][PASSED] - verifyGreaterThanOrEqual(Select.size(), 1): Actual number '1' is greater than or equal to expected number '1'

2019-04-11 13:50:35 - [MESSAGE][PASSED] - Actual number '1' is greater than or equal to expected number '1']]></system-out>
         <system-err><![CDATA[]]></system-err>
      </testcase>
      <testcase name="Test Cases/KiboLite/TC11079" classname="Test Cases/KiboLite/TC11079" status="PASSED">
         <system-out><![CDATA[2019-04-11 13:50:35 - [TEST_CASE][PASSED] - Test Cases/KiboLite/TC11079: Test Cases/KiboLite/TC11079

2019-04-11 13:50:35 - [TEST_STEP][PASSED] - callTestCase(findTestCase("KiboLite/login"), [:], STOP_ON_FAILURE): Call Test Case 'Test Cases/KiboLite/login' successfully

2019-04-11 13:50:35 - [TEST_CASE][PASSED] - Test Cases/KiboLite/login: Test Cases/KiboLite/login

2019-04-11 13:50:35 - [TEST_STEP][PASSED] - openBrowser(""): Browser is opened with url: ''

2019-04-11 13:50:35 - [MESSAGE][WARNING] - A browser is already opened. Closing browser and opening a new one

2019-04-11 13:50:35 - [MESSAGE][INFO] - Starting 'Chrome' driver

2019-04-11 13:50:36 - [MESSAGE][PASSED] - Browser is opened with url: ''

2019-04-11 13:50:36 - [TEST_STEP][PASSED] - maximizeWindow(): Current window maximized

2019-04-11 13:50:36 - [MESSAGE][PASSED] - Current window maximized

2019-04-11 13:50:36 - [TEST_STEP][PASSED] - navigateToUrl("https://skibolite.cloudkibo.com/"): Navigate to 'https://skibolite.cloudkibo.com/' successfully

2019-04-11 13:50:50 - [MESSAGE][PASSED] - Navigate to 'https://skibolite.cloudkibo.com/' successfully

2019-04-11 13:50:50 - [TEST_STEP][PASSED] - navigateToUrl("https://saccounts.cloudkibo.com/?continue=http://skibolite.cloudkibo.com"): Navigate to 'https://saccounts.cloudkibo.com/?continue=http://skibolite.cloudkibo.com' successfully

2019-04-11 13:50:51 - [MESSAGE][PASSED] - Navigate to 'https://saccounts.cloudkibo.com/?continue=http://skibolite.cloudkibo.com' successfully

2019-04-11 13:50:51 - [TEST_STEP][PASSED] - click(findTestObject("Page_CloudKibo/a_Login (3)")): Object: 'Object Repository/Page_CloudKibo/a_Login (3)' is clicked on

2019-04-11 13:50:51 - [MESSAGE][PASSED] - Object: 'Object Repository/Page_CloudKibo/a_Login (3)' is clicked on

2019-04-11 13:50:51 - [TEST_STEP][PASSED] - setText(findTestObject("Page_KiboPush/input_email (10) (1) (1)"), "faizanrasheed4@gmail.com"): Text 'faizanrasheed4@gmail.com' is set on object 'Object Repository/Page_KiboPush/input_email (10) (1) (1)'

2019-04-11 13:50:52 - [MESSAGE][PASSED] - Text 'faizanrasheed4@gmail.com' is set on object 'Object Repository/Page_KiboPush/input_email (10) (1) (1)'

2019-04-11 13:50:52 - [TEST_STEP][PASSED] - setEncryptedText(findTestObject("Page_CloudKibo/input_Sign In_password (2)"), "GYDmRgS5yd5PL6pQTxDpCg=="): Text ****** has been set on object 'Object Repository/Page_CloudKibo/input_Sign In_password (2)'

2019-04-11 13:50:52 - [MESSAGE][PASSED] - Text ****** has been set on object 'Object Repository/Page_CloudKibo/input_Sign In_password (2)'

2019-04-11 13:50:52 - [TEST_STEP][PASSED] - click(findTestObject("Page_CloudKibo/button_Sign In (4) (1)")): Object: 'Object Repository/Page_CloudKibo/button_Sign In (4) (1)' is clicked on

2019-04-11 13:50:52 - [MESSAGE][PASSED] - Object: 'Object Repository/Page_CloudKibo/button_Sign In (4) (1)' is clicked on

2019-04-11 13:50:52 - [TEST_STEP][PASSED] - click(findTestObject("Page_ Dashboard/h3_Dashboard (1)")): Object: 'Object Repository/Page_ Dashboard/h3_Dashboard (1)' is clicked on

2019-04-11 13:51:08 - [MESSAGE][PASSED] - Object: 'Object Repository/Page_ Dashboard/h3_Dashboard (1)' is clicked on

2019-04-11 13:51:08 - [TEST_STEP][PASSED] - delay(3): Delayed 3 second(s)

2019-04-11 13:51:11 - [MESSAGE][PASSED] - Delayed 3 second(s)

2019-04-11 13:51:11 - [TEST_STEP][PASSED] - click(findTestObject("Page_KiboEngage  Dashboard/a_SMS (2) (1) (1) (1) (1)")): Object: 'Object Repository/Page_KiboEngage  Dashboard/a_SMS (2) (1) (1) (1) (1)' is clicked on

2019-04-11 13:51:11 - [MESSAGE][PASSED] - Object: 'Object Repository/Page_KiboEngage  Dashboard/a_SMS (2) (1) (1) (1) (1)' is clicked on

2019-04-11 13:51:11 - [TEST_STEP][PASSED] - click(findTestObject("Page_KiboEngage  Dashboard/span_Messenger (1) (1) (1) (1)")): Object: 'Object Repository/Page_KiboEngage  Dashboard/span_Messenger (1) (1) (1) (1)' is clicked on

2019-04-11 13:51:11 - [MESSAGE][PASSED] - Object: 'Object Repository/Page_KiboEngage  Dashboard/span_Messenger (1) (1) (1) (1)' is clicked on

2019-04-11 13:51:11 - [MESSAGE][PASSED] - Call Test Case 'Test Cases/KiboLite/login' successfully

2019-04-11 13:51:11 - [TEST_STEP][PASSED] - delay(2): Delayed 2 second(s)

2019-04-11 13:51:13 - [MESSAGE][PASSED] - Delayed 2 second(s)

2019-04-11 13:51:13 - [TEST_STEP][PASSED] - click(findTestObject("Page_ Dashboard/span_Broadcast")): Object: 'Object Repository/Page_ Dashboard/span_Broadcast' is clicked on

2019-04-11 13:51:13 - [MESSAGE][PASSED] - Object: 'Object Repository/Page_ Dashboard/span_Broadcast' is clicked on

2019-04-11 13:51:13 - [TEST_STEP][PASSED] - csv = getProjectDir() + "/sampleFile.csv": null

2019-04-11 13:51:13 - [TEST_STEP][PASSED] - uploadFile(findTestObject("Object Repository/Page_ Business Gateway/h4_sampleFilecsv"), csv): File '/home/cloudkibo-faizan/Drive/Katalon/Staging/sampleFile.csv' sent to object: 'Object Repository/Page_ Business Gateway/h4_sampleFilecsv'

2019-04-11 13:51:13 - [MESSAGE][PASSED] - File '/home/cloudkibo-faizan/Drive/Katalon/Staging/sampleFile.csv' sent to object: 'Object Repository/Page_ Business Gateway/h4_sampleFilecsv'

2019-04-11 13:51:13 - [TEST_STEP][PASSED] - delay(10): Delayed 10 second(s)

2019-04-11 13:51:23 - [MESSAGE][PASSED] - Delayed 10 second(s)]]></system-out>
         <system-err><![CDATA[]]></system-err>
      </testcase>
      <testcase name="Test Cases/KiboLite/TC11081" classname="Test Cases/KiboLite/TC11081" status="PASSED">
         <system-out><![CDATA[2019-04-11 13:51:23 - [TEST_CASE][PASSED] - Test Cases/KiboLite/TC11081: Test Cases/KiboLite/TC11081

2019-04-11 13:51:23 - [TEST_STEP][PASSED] - callTestCase(findTestCase("KiboLite/TC11079"), [:], STOP_ON_FAILURE): Call Test Case 'Test Cases/KiboLite/TC11079' successfully

2019-04-11 13:51:23 - [TEST_CASE][PASSED] - Test Cases/KiboLite/TC11079: Test Cases/KiboLite/TC11079

2019-04-11 13:51:23 - [TEST_STEP][PASSED] - callTestCase(findTestCase("KiboLite/login"), [:], STOP_ON_FAILURE): Call Test Case 'Test Cases/KiboLite/login' successfully

2019-04-11 13:51:23 - [TEST_CASE][PASSED] - Test Cases/KiboLite/login: Test Cases/KiboLite/login

2019-04-11 13:51:23 - [TEST_STEP][PASSED] - openBrowser(""): Browser is opened with url: ''

2019-04-11 13:51:23 - [MESSAGE][WARNING] - A browser is already opened. Closing browser and opening a new one

2019-04-11 13:51:23 - [MESSAGE][INFO] - Starting 'Chrome' driver

2019-04-11 13:51:24 - [MESSAGE][PASSED] - Browser is opened with url: ''

2019-04-11 13:51:24 - [TEST_STEP][PASSED] - maximizeWindow(): Current window maximized

2019-04-11 13:51:24 - [MESSAGE][PASSED] - Current window maximized

2019-04-11 13:51:24 - [TEST_STEP][PASSED] - navigateToUrl("https://skibolite.cloudkibo.com/"): Navigate to 'https://skibolite.cloudkibo.com/' successfully

2019-04-11 13:51:41 - [MESSAGE][PASSED] - Navigate to 'https://skibolite.cloudkibo.com/' successfully

2019-04-11 13:51:41 - [TEST_STEP][PASSED] - navigateToUrl("https://saccounts.cloudkibo.com/?continue=http://skibolite.cloudkibo.com"): Navigate to 'https://saccounts.cloudkibo.com/?continue=http://skibolite.cloudkibo.com' successfully

2019-04-11 13:51:42 - [MESSAGE][PASSED] - Navigate to 'https://saccounts.cloudkibo.com/?continue=http://skibolite.cloudkibo.com' successfully

2019-04-11 13:51:42 - [TEST_STEP][PASSED] - click(findTestObject("Page_CloudKibo/a_Login (3)")): Object: 'Object Repository/Page_CloudKibo/a_Login (3)' is clicked on

2019-04-11 13:51:43 - [MESSAGE][PASSED] - Object: 'Object Repository/Page_CloudKibo/a_Login (3)' is clicked on

2019-04-11 13:51:43 - [TEST_STEP][PASSED] - setText(findTestObject("Page_KiboPush/input_email (10) (1) (1)"), "faizanrasheed4@gmail.com"): Text 'faizanrasheed4@gmail.com' is set on object 'Object Repository/Page_KiboPush/input_email (10) (1) (1)'

2019-04-11 13:51:43 - [MESSAGE][PASSED] - Text 'faizanrasheed4@gmail.com' is set on object 'Object Repository/Page_KiboPush/input_email (10) (1) (1)'

2019-04-11 13:51:43 - [TEST_STEP][PASSED] - setEncryptedText(findTestObject("Page_CloudKibo/input_Sign In_password (2)"), "GYDmRgS5yd5PL6pQTxDpCg=="): Text ****** has been set on object 'Object Repository/Page_CloudKibo/input_Sign In_password (2)'

2019-04-11 13:51:43 - [MESSAGE][PASSED] - Text ****** has been set on object 'Object Repository/Page_CloudKibo/input_Sign In_password (2)'

2019-04-11 13:51:43 - [TEST_STEP][PASSED] - click(findTestObject("Page_CloudKibo/button_Sign In (4) (1)")): Object: 'Object Repository/Page_CloudKibo/button_Sign In (4) (1)' is clicked on

2019-04-11 13:51:43 - [MESSAGE][PASSED] - Object: 'Object Repository/Page_CloudKibo/button_Sign In (4) (1)' is clicked on

2019-04-11 13:51:43 - [TEST_STEP][PASSED] - click(findTestObject("Page_ Dashboard/h3_Dashboard (1)")): Object: 'Object Repository/Page_ Dashboard/h3_Dashboard (1)' is clicked on

2019-04-11 13:51:59 - [MESSAGE][PASSED] - Object: 'Object Repository/Page_ Dashboard/h3_Dashboard (1)' is clicked on

2019-04-11 13:51:59 - [TEST_STEP][PASSED] - delay(3): Delayed 3 second(s)

2019-04-11 13:52:02 - [MESSAGE][PASSED] - Delayed 3 second(s)

2019-04-11 13:52:02 - [TEST_STEP][PASSED] - click(findTestObject("Page_KiboEngage  Dashboard/a_SMS (2) (1) (1) (1) (1)")): Object: 'Object Repository/Page_KiboEngage  Dashboard/a_SMS (2) (1) (1) (1) (1)' is clicked on

2019-04-11 13:52:02 - [MESSAGE][PASSED] - Object: 'Object Repository/Page_KiboEngage  Dashboard/a_SMS (2) (1) (1) (1) (1)' is clicked on

2019-04-11 13:52:02 - [TEST_STEP][PASSED] - click(findTestObject("Page_KiboEngage  Dashboard/span_Messenger (1) (1) (1) (1)")): Object: 'Object Repository/Page_KiboEngage  Dashboard/span_Messenger (1) (1) (1) (1)' is clicked on

2019-04-11 13:52:02 - [MESSAGE][PASSED] - Object: 'Object Repository/Page_KiboEngage  Dashboard/span_Messenger (1) (1) (1) (1)' is clicked on

2019-04-11 13:52:02 - [MESSAGE][PASSED] - Call Test Case 'Test Cases/KiboLite/login' successfully

2019-04-11 13:52:02 - [TEST_STEP][PASSED] - delay(2): Delayed 2 second(s)

2019-04-11 13:52:04 - [MESSAGE][PASSED] - Delayed 2 second(s)

2019-04-11 13:52:04 - [TEST_STEP][PASSED] - click(findTestObject("Page_ Dashboard/span_Broadcast")): Object: 'Object Repository/Page_ Dashboard/span_Broadcast' is clicked on

2019-04-11 13:52:04 - [MESSAGE][PASSED] - Object: 'Object Repository/Page_ Dashboard/span_Broadcast' is clicked on

2019-04-11 13:52:04 - [TEST_STEP][PASSED] - csv = getProjectDir() + "/sampleFile.csv": null

2019-04-11 13:52:04 - [TEST_STEP][PASSED] - uploadFile(findTestObject("Object Repository/Page_ Business Gateway/h4_sampleFilecsv"), csv): File '/home/cloudkibo-faizan/Drive/Katalon/Staging/sampleFile.csv' sent to object: 'Object Repository/Page_ Business Gateway/h4_sampleFilecsv'

2019-04-11 13:52:04 - [MESSAGE][PASSED] - File '/home/cloudkibo-faizan/Drive/Katalon/Staging/sampleFile.csv' sent to object: 'Object Repository/Page_ Business Gateway/h4_sampleFilecsv'

2019-04-11 13:52:04 - [TEST_STEP][PASSED] - delay(10): Delayed 10 second(s)

2019-04-11 13:52:14 - [MESSAGE][PASSED] - Delayed 10 second(s)

2019-04-11 13:52:14 - [MESSAGE][PASSED] - Call Test Case 'Test Cases/KiboLite/TC11079' successfully

2019-04-11 13:52:14 - [TEST_STEP][PASSED] - click(findTestObject("Object Repository/Page_ Business Gateway/input_names_names")): Object: 'Object Repository/Page_ Business Gateway/input_names_names' is clicked on

2019-04-11 13:52:14 - [MESSAGE][PASSED] - Object: 'Object Repository/Page_ Business Gateway/input_names_names' is clicked on

2019-04-11 13:52:14 - [TEST_STEP][PASSED] - click(findTestObject("Object Repository/Page_ Business Gateway/input_phone_numbers_phone_numbers")): Object: 'Object Repository/Page_ Business Gateway/input_phone_numbers_phone_numbers' is clicked on

2019-04-11 13:52:14 - [MESSAGE][PASSED] - Object: 'Object Repository/Page_ Business Gateway/input_phone_numbers_phone_numbers' is clicked on]]></system-out>
         <system-err><![CDATA[]]></system-err>
      </testcase>
      <testcase name="Test Cases/KiboLite/TC11085" classname="Test Cases/KiboLite/TC11085" status="PASSED">
         <system-out><![CDATA[2019-04-11 13:52:14 - [TEST_CASE][PASSED] - Test Cases/KiboLite/TC11085: Test Cases/KiboLite/TC11085

2019-04-11 13:52:14 - [TEST_STEP][PASSED] - callTestCase(findTestCase("KiboLite/login"), [:], STOP_ON_FAILURE): Call Test Case 'Test Cases/KiboLite/login' successfully

2019-04-11 13:52:15 - [TEST_CASE][PASSED] - Test Cases/KiboLite/login: Test Cases/KiboLite/login

2019-04-11 13:52:15 - [TEST_STEP][PASSED] - openBrowser(""): Browser is opened with url: ''

2019-04-11 13:52:15 - [MESSAGE][WARNING] - A browser is already opened. Closing browser and opening a new one

2019-04-11 13:52:15 - [MESSAGE][INFO] - Starting 'Chrome' driver

2019-04-11 13:52:15 - [MESSAGE][PASSED] - Browser is opened with url: ''

2019-04-11 13:52:15 - [TEST_STEP][PASSED] - maximizeWindow(): Current window maximized

2019-04-11 13:52:15 - [MESSAGE][PASSED] - Current window maximized

2019-04-11 13:52:15 - [TEST_STEP][PASSED] - navigateToUrl("https://skibolite.cloudkibo.com/"): Navigate to 'https://skibolite.cloudkibo.com/' successfully

2019-04-11 13:52:25 - [MESSAGE][PASSED] - Navigate to 'https://skibolite.cloudkibo.com/' successfully

2019-04-11 13:52:25 - [TEST_STEP][PASSED] - navigateToUrl("https://saccounts.cloudkibo.com/?continue=http://skibolite.cloudkibo.com"): Navigate to 'https://saccounts.cloudkibo.com/?continue=http://skibolite.cloudkibo.com' successfully

2019-04-11 13:52:25 - [MESSAGE][PASSED] - Navigate to 'https://saccounts.cloudkibo.com/?continue=http://skibolite.cloudkibo.com' successfully

2019-04-11 13:52:25 - [TEST_STEP][PASSED] - click(findTestObject("Page_CloudKibo/a_Login (3)")): Object: 'Object Repository/Page_CloudKibo/a_Login (3)' is clicked on

2019-04-11 13:52:26 - [MESSAGE][PASSED] - Object: 'Object Repository/Page_CloudKibo/a_Login (3)' is clicked on

2019-04-11 13:52:26 - [TEST_STEP][PASSED] - setText(findTestObject("Page_KiboPush/input_email (10) (1) (1)"), "faizanrasheed4@gmail.com"): Text 'faizanrasheed4@gmail.com' is set on object 'Object Repository/Page_KiboPush/input_email (10) (1) (1)'

2019-04-11 13:52:26 - [MESSAGE][PASSED] - Text 'faizanrasheed4@gmail.com' is set on object 'Object Repository/Page_KiboPush/input_email (10) (1) (1)'

2019-04-11 13:52:26 - [TEST_STEP][PASSED] - setEncryptedText(findTestObject("Page_CloudKibo/input_Sign In_password (2)"), "GYDmRgS5yd5PL6pQTxDpCg=="): Text ****** has been set on object 'Object Repository/Page_CloudKibo/input_Sign In_password (2)'

2019-04-11 13:52:26 - [MESSAGE][PASSED] - Text ****** has been set on object 'Object Repository/Page_CloudKibo/input_Sign In_password (2)'

2019-04-11 13:52:26 - [TEST_STEP][PASSED] - click(findTestObject("Page_CloudKibo/button_Sign In (4) (1)")): Object: 'Object Repository/Page_CloudKibo/button_Sign In (4) (1)' is clicked on

2019-04-11 13:52:27 - [MESSAGE][PASSED] - Object: 'Object Repository/Page_CloudKibo/button_Sign In (4) (1)' is clicked on

2019-04-11 13:52:27 - [TEST_STEP][PASSED] - click(findTestObject("Page_ Dashboard/h3_Dashboard (1)")): Object: 'Object Repository/Page_ Dashboard/h3_Dashboard (1)' is clicked on

2019-04-11 13:52:47 - [MESSAGE][PASSED] - Object: 'Object Repository/Page_ Dashboard/h3_Dashboard (1)' is clicked on

2019-04-11 13:52:47 - [TEST_STEP][PASSED] - delay(3): Delayed 3 second(s)

2019-04-11 13:52:50 - [MESSAGE][PASSED] - Delayed 3 second(s)

2019-04-11 13:52:50 - [TEST_STEP][PASSED] - click(findTestObject("Page_KiboEngage  Dashboard/a_SMS (2) (1) (1) (1) (1)")): Object: 'Object Repository/Page_KiboEngage  Dashboard/a_SMS (2) (1) (1) (1) (1)' is clicked on

2019-04-11 13:52:50 - [MESSAGE][PASSED] - Object: 'Object Repository/Page_KiboEngage  Dashboard/a_SMS (2) (1) (1) (1) (1)' is clicked on

2019-04-11 13:52:50 - [TEST_STEP][PASSED] - click(findTestObject("Page_KiboEngage  Dashboard/span_Messenger (1) (1) (1) (1)")): Object: 'Object Repository/Page_KiboEngage  Dashboard/span_Messenger (1) (1) (1) (1)' is clicked on

2019-04-11 13:52:50 - [MESSAGE][PASSED] - Object: 'Object Repository/Page_KiboEngage  Dashboard/span_Messenger (1) (1) (1) (1)' is clicked on

2019-04-11 13:52:50 - [MESSAGE][PASSED] - Call Test Case 'Test Cases/KiboLite/login' successfully

2019-04-11 13:52:50 - [TEST_STEP][PASSED] - delay(2): Delayed 2 second(s)

2019-04-11 13:52:52 - [MESSAGE][PASSED] - Delayed 2 second(s)

2019-04-11 13:52:52 - [TEST_STEP][PASSED] - click(findTestObject("Page_ Dashboard/span_Broadcast (1)")): Object: 'Object Repository/Page_ Dashboard/span_Broadcast (1)' is clicked on

2019-04-11 13:52:52 - [MESSAGE][PASSED] - Object: 'Object Repository/Page_ Dashboard/span_Broadcast (1)' is clicked on

2019-04-11 13:52:52 - [TEST_STEP][PASSED] - click(findTestObject("Object Repository/Page_ Business Gateway/a_Create Push Message")): Object: 'Object Repository/Page_ Business Gateway/a_Create Push Message' is clicked on

2019-04-11 13:52:52 - [MESSAGE][PASSED] - Object: 'Object Repository/Page_ Business Gateway/a_Create Push Message' is clicked on

2019-04-11 13:52:52 - [TEST_STEP][PASSED] - click(findTestObject("Object Repository/Page_ Business Gateway/h3_Push Message")): Object: 'Object Repository/Page_ Business Gateway/h3_Push Message' is clicked on

2019-04-11 13:52:52 - [MESSAGE][PASSED] - Object: 'Object Repository/Page_ Business Gateway/h3_Push Message' is clicked on

2019-04-11 13:52:52 - [TEST_STEP][PASSED] - click(findTestObject("Object Repository/Page_ Business Gateway/span_Back")): Object: 'Object Repository/Page_ Business Gateway/span_Back' is clicked on

2019-04-11 13:52:52 - [MESSAGE][PASSED] - Object: 'Object Repository/Page_ Business Gateway/span_Back' is clicked on

2019-04-11 13:52:52 - [TEST_STEP][PASSED] - click(findTestObject("Object Repository/Page_ Business Gateway/label_Change Page")): Object: 'Object Repository/Page_ Business Gateway/label_Change Page' is clicked on

2019-04-11 13:52:52 - [MESSAGE][PASSED] - Object: 'Object Repository/Page_ Business Gateway/label_Change Page' is clicked on]]></system-out>
         <system-err><![CDATA[]]></system-err>
      </testcase>
      <testcase name="Test Cases/KiboLite/TC11086" classname="Test Cases/KiboLite/TC11086" status="PASSED">
         <system-out><![CDATA[2019-04-11 13:52:52 - [TEST_CASE][PASSED] - Test Cases/KiboLite/TC11086: Test Cases/KiboLite/TC11086

2019-04-11 13:52:52 - [TEST_STEP][PASSED] - callTestCase(findTestCase("KiboLite/login"), [:], STOP_ON_FAILURE): Call Test Case 'Test Cases/KiboLite/login' successfully

2019-04-11 13:52:52 - [TEST_CASE][PASSED] - Test Cases/KiboLite/login: Test Cases/KiboLite/login

2019-04-11 13:52:52 - [TEST_STEP][PASSED] - openBrowser(""): Browser is opened with url: ''

2019-04-11 13:52:52 - [MESSAGE][WARNING] - A browser is already opened. Closing browser and opening a new one

2019-04-11 13:52:52 - [MESSAGE][INFO] - Starting 'Chrome' driver

2019-04-11 13:52:53 - [MESSAGE][PASSED] - Browser is opened with url: ''

2019-04-11 13:52:53 - [TEST_STEP][PASSED] - maximizeWindow(): Current window maximized

2019-04-11 13:52:53 - [MESSAGE][PASSED] - Current window maximized

2019-04-11 13:52:53 - [TEST_STEP][PASSED] - navigateToUrl("https://skibolite.cloudkibo.com/"): Navigate to 'https://skibolite.cloudkibo.com/' successfully

2019-04-11 13:53:03 - [MESSAGE][PASSED] - Navigate to 'https://skibolite.cloudkibo.com/' successfully

2019-04-11 13:53:03 - [TEST_STEP][PASSED] - navigateToUrl("https://saccounts.cloudkibo.com/?continue=http://skibolite.cloudkibo.com"): Navigate to 'https://saccounts.cloudkibo.com/?continue=http://skibolite.cloudkibo.com' successfully

2019-04-11 13:53:03 - [MESSAGE][PASSED] - Navigate to 'https://saccounts.cloudkibo.com/?continue=http://skibolite.cloudkibo.com' successfully

2019-04-11 13:53:03 - [TEST_STEP][PASSED] - click(findTestObject("Page_CloudKibo/a_Login (3)")): Object: 'Object Repository/Page_CloudKibo/a_Login (3)' is clicked on

2019-04-11 13:53:04 - [MESSAGE][PASSED] - Object: 'Object Repository/Page_CloudKibo/a_Login (3)' is clicked on

2019-04-11 13:53:04 - [TEST_STEP][PASSED] - setText(findTestObject("Page_KiboPush/input_email (10) (1) (1)"), "faizanrasheed4@gmail.com"): Text 'faizanrasheed4@gmail.com' is set on object 'Object Repository/Page_KiboPush/input_email (10) (1) (1)'

2019-04-11 13:53:04 - [MESSAGE][PASSED] - Text 'faizanrasheed4@gmail.com' is set on object 'Object Repository/Page_KiboPush/input_email (10) (1) (1)'

2019-04-11 13:53:04 - [TEST_STEP][PASSED] - setEncryptedText(findTestObject("Page_CloudKibo/input_Sign In_password (2)"), "GYDmRgS5yd5PL6pQTxDpCg=="): Text ****** has been set on object 'Object Repository/Page_CloudKibo/input_Sign In_password (2)'

2019-04-11 13:53:04 - [MESSAGE][PASSED] - Text ****** has been set on object 'Object Repository/Page_CloudKibo/input_Sign In_password (2)'

2019-04-11 13:53:04 - [TEST_STEP][PASSED] - click(findTestObject("Page_CloudKibo/button_Sign In (4) (1)")): Object: 'Object Repository/Page_CloudKibo/button_Sign In (4) (1)' is clicked on

2019-04-11 13:53:04 - [MESSAGE][PASSED] - Object: 'Object Repository/Page_CloudKibo/button_Sign In (4) (1)' is clicked on

2019-04-11 13:53:04 - [TEST_STEP][PASSED] - click(findTestObject("Page_ Dashboard/h3_Dashboard (1)")): Object: 'Object Repository/Page_ Dashboard/h3_Dashboard (1)' is clicked on

2019-04-11 13:53:25 - [MESSAGE][PASSED] - Object: 'Object Repository/Page_ Dashboard/h3_Dashboard (1)' is clicked on

2019-04-11 13:53:25 - [TEST_STEP][PASSED] - delay(3): Delayed 3 second(s)

2019-04-11 13:53:28 - [MESSAGE][PASSED] - Delayed 3 second(s)

2019-04-11 13:53:28 - [TEST_STEP][PASSED] - click(findTestObject("Page_KiboEngage  Dashboard/a_SMS (2) (1) (1) (1) (1)")): Object: 'Object Repository/Page_KiboEngage  Dashboard/a_SMS (2) (1) (1) (1) (1)' is clicked on

2019-04-11 13:53:28 - [MESSAGE][PASSED] - Object: 'Object Repository/Page_KiboEngage  Dashboard/a_SMS (2) (1) (1) (1) (1)' is clicked on

2019-04-11 13:53:28 - [TEST_STEP][PASSED] - click(findTestObject("Page_KiboEngage  Dashboard/span_Messenger (1) (1) (1) (1)")): Object: 'Object Repository/Page_KiboEngage  Dashboard/span_Messenger (1) (1) (1) (1)' is clicked on

2019-04-11 13:53:28 - [MESSAGE][PASSED] - Object: 'Object Repository/Page_KiboEngage  Dashboard/span_Messenger (1) (1) (1) (1)' is clicked on

2019-04-11 13:53:28 - [MESSAGE][PASSED] - Call Test Case 'Test Cases/KiboLite/login' successfully

2019-04-11 13:53:28 - [TEST_STEP][PASSED] - delay(2): Delayed 2 second(s)

2019-04-11 13:53:30 - [MESSAGE][PASSED] - Delayed 2 second(s)

2019-04-11 13:53:30 - [TEST_STEP][PASSED] - click(findTestObject("Page_ Dashboard/span_Broadcast (1) (1)")): Object: 'Object Repository/Page_ Dashboard/span_Broadcast (1) (1)' is clicked on

2019-04-11 13:53:30 - [MESSAGE][PASSED] - Object: 'Object Repository/Page_ Dashboard/span_Broadcast (1) (1)' is clicked on

2019-04-11 13:53:30 - [TEST_STEP][PASSED] - click(findTestObject("Page_ Business Gateway/a_Target Customers (1) (1)")): Object: 'Object Repository/Page_ Business Gateway/a_Target Customers (1) (1)' is clicked on

2019-04-11 13:53:30 - [MESSAGE][PASSED] - Object: 'Object Repository/Page_ Business Gateway/a_Target Customers (1) (1)' is clicked on

2019-04-11 13:53:30 - [TEST_STEP][PASSED] - click(findTestObject("Page_ Business Gateway/span_Condition (1)")): Object: 'Object Repository/Page_ Business Gateway/span_Condition (1)' is clicked on

2019-04-11 13:53:30 - [MESSAGE][PASSED] - Object: 'Object Repository/Page_ Business Gateway/span_Condition (1)' is clicked on

2019-04-11 13:53:30 - [TEST_STEP][PASSED] - delay(2): Delayed 2 second(s)

2019-04-11 13:53:32 - [MESSAGE][PASSED] - Delayed 2 second(s)

2019-04-11 13:53:32 - [TEST_STEP][PASSED] - click(findTestObject("Page_ Business Gateway/button_Back")): Object: 'Object Repository/Page_ Business Gateway/button_Back' is clicked on

2019-04-11 13:53:32 - [MESSAGE][PASSED] - Object: 'Object Repository/Page_ Business Gateway/button_Back' is clicked on

2019-04-11 13:53:32 - [TEST_STEP][PASSED] - click(findTestObject("Page_ Business Gateway/h3_Push Message (2)")): Object: 'Object Repository/Page_ Business Gateway/h3_Push Message (2)' is clicked on

2019-04-11 13:53:32 - [MESSAGE][PASSED] - Object: 'Object Repository/Page_ Business Gateway/h3_Push Message (2)' is clicked on]]></system-out>
         <system-err><![CDATA[]]></system-err>
      </testcase>
      <testcase name="Test Cases/KiboLite/TC11087" classname="Test Cases/KiboLite/TC11087" status="PASSED">
         <system-out><![CDATA[2019-04-11 13:53:32 - [TEST_CASE][PASSED] - Test Cases/KiboLite/TC11087: Test Cases/KiboLite/TC11087

2019-04-11 13:53:32 - [TEST_STEP][PASSED] - callTestCase(findTestCase("KiboLite/login"), [:], STOP_ON_FAILURE): Call Test Case 'Test Cases/KiboLite/login' successfully

2019-04-11 13:53:33 - [TEST_CASE][PASSED] - Test Cases/KiboLite/login: Test Cases/KiboLite/login

2019-04-11 13:53:33 - [TEST_STEP][PASSED] - openBrowser(""): Browser is opened with url: ''

2019-04-11 13:53:33 - [MESSAGE][WARNING] - A browser is already opened. Closing browser and opening a new one

2019-04-11 13:53:33 - [MESSAGE][INFO] - Starting 'Chrome' driver

2019-04-11 13:53:33 - [MESSAGE][PASSED] - Browser is opened with url: ''

2019-04-11 13:53:33 - [TEST_STEP][PASSED] - maximizeWindow(): Current window maximized

2019-04-11 13:53:33 - [MESSAGE][PASSED] - Current window maximized

2019-04-11 13:53:33 - [TEST_STEP][PASSED] - navigateToUrl("https://skibolite.cloudkibo.com/"): Navigate to 'https://skibolite.cloudkibo.com/' successfully

2019-04-11 13:53:44 - [MESSAGE][PASSED] - Navigate to 'https://skibolite.cloudkibo.com/' successfully

2019-04-11 13:53:44 - [TEST_STEP][PASSED] - navigateToUrl("https://saccounts.cloudkibo.com/?continue=http://skibolite.cloudkibo.com"): Navigate to 'https://saccounts.cloudkibo.com/?continue=http://skibolite.cloudkibo.com' successfully

2019-04-11 13:53:45 - [MESSAGE][PASSED] - Navigate to 'https://saccounts.cloudkibo.com/?continue=http://skibolite.cloudkibo.com' successfully

2019-04-11 13:53:45 - [TEST_STEP][PASSED] - click(findTestObject("Page_CloudKibo/a_Login (3)")): Object: 'Object Repository/Page_CloudKibo/a_Login (3)' is clicked on

2019-04-11 13:53:45 - [MESSAGE][PASSED] - Object: 'Object Repository/Page_CloudKibo/a_Login (3)' is clicked on

2019-04-11 13:53:45 - [TEST_STEP][PASSED] - setText(findTestObject("Page_KiboPush/input_email (10) (1) (1)"), "faizanrasheed4@gmail.com"): Text 'faizanrasheed4@gmail.com' is set on object 'Object Repository/Page_KiboPush/input_email (10) (1) (1)'

2019-04-11 13:53:45 - [MESSAGE][PASSED] - Text 'faizanrasheed4@gmail.com' is set on object 'Object Repository/Page_KiboPush/input_email (10) (1) (1)'

2019-04-11 13:53:45 - [TEST_STEP][PASSED] - setEncryptedText(findTestObject("Page_CloudKibo/input_Sign In_password (2)"), "GYDmRgS5yd5PL6pQTxDpCg=="): Text ****** has been set on object 'Object Repository/Page_CloudKibo/input_Sign In_password (2)'

2019-04-11 13:53:46 - [MESSAGE][PASSED] - Text ****** has been set on object 'Object Repository/Page_CloudKibo/input_Sign In_password (2)'

2019-04-11 13:53:46 - [TEST_STEP][PASSED] - click(findTestObject("Page_CloudKibo/button_Sign In (4) (1)")): Object: 'Object Repository/Page_CloudKibo/button_Sign In (4) (1)' is clicked on

2019-04-11 13:53:46 - [MESSAGE][PASSED] - Object: 'Object Repository/Page_CloudKibo/button_Sign In (4) (1)' is clicked on

2019-04-11 13:53:46 - [TEST_STEP][PASSED] - click(findTestObject("Page_ Dashboard/h3_Dashboard (1)")): Object: 'Object Repository/Page_ Dashboard/h3_Dashboard (1)' is clicked on

2019-04-11 13:54:08 - [MESSAGE][PASSED] - Object: 'Object Repository/Page_ Dashboard/h3_Dashboard (1)' is clicked on

2019-04-11 13:54:08 - [TEST_STEP][PASSED] - delay(3): Delayed 3 second(s)

2019-04-11 13:54:11 - [MESSAGE][PASSED] - Delayed 3 second(s)

2019-04-11 13:54:11 - [TEST_STEP][PASSED] - click(findTestObject("Page_KiboEngage  Dashboard/a_SMS (2) (1) (1) (1) (1)")): Object: 'Object Repository/Page_KiboEngage  Dashboard/a_SMS (2) (1) (1) (1) (1)' is clicked on

2019-04-11 13:54:11 - [MESSAGE][PASSED] - Object: 'Object Repository/Page_KiboEngage  Dashboard/a_SMS (2) (1) (1) (1) (1)' is clicked on

2019-04-11 13:54:11 - [TEST_STEP][PASSED] - click(findTestObject("Page_KiboEngage  Dashboard/span_Messenger (1) (1) (1) (1)")): Object: 'Object Repository/Page_KiboEngage  Dashboard/span_Messenger (1) (1) (1) (1)' is clicked on

2019-04-11 13:54:11 - [MESSAGE][PASSED] - Object: 'Object Repository/Page_KiboEngage  Dashboard/span_Messenger (1) (1) (1) (1)' is clicked on

2019-04-11 13:54:11 - [MESSAGE][PASSED] - Call Test Case 'Test Cases/KiboLite/login' successfully

2019-04-11 13:54:11 - [TEST_STEP][PASSED] - delay(2): Delayed 2 second(s)

2019-04-11 13:54:13 - [MESSAGE][PASSED] - Delayed 2 second(s)

2019-04-11 13:54:13 - [TEST_STEP][PASSED] - click(findTestObject("Page_ Dashboard/span_Broadcast (1) (1) (1)")): Object: 'Object Repository/Page_ Dashboard/span_Broadcast (1) (1) (1)' is clicked on

2019-04-11 13:54:13 - [MESSAGE][PASSED] - Object: 'Object Repository/Page_ Dashboard/span_Broadcast (1) (1) (1)' is clicked on

2019-04-11 13:54:13 - [TEST_STEP][PASSED] - click(findTestObject("Object Repository/Page_ Business Gateway/a_Create Push Message (1)")): Object: 'Object Repository/Page_ Business Gateway/a_Create Push Message (1)' is clicked on

2019-04-11 13:54:13 - [MESSAGE][PASSED] - Object: 'Object Repository/Page_ Business Gateway/a_Create Push Message (1)' is clicked on

2019-04-11 13:54:13 - [TEST_STEP][PASSED] - click(findTestObject("Object Repository/Page_ Business Gateway/h6_Image")): Object: 'Object Repository/Page_ Business Gateway/h6_Image' is clicked on

2019-04-11 13:54:13 - [MESSAGE][PASSED] - Object: 'Object Repository/Page_ Business Gateway/h6_Image' is clicked on

2019-04-11 13:54:13 - [TEST_STEP][PASSED] - click(findTestObject("Object Repository/Page_ Business Gateway/div_New image component added")): Object: 'Object Repository/Page_ Business Gateway/div_New image component added' is clicked on

2019-04-11 13:54:14 - [MESSAGE][PASSED] - Object: 'Object Repository/Page_ Business Gateway/div_New image component added' is clicked on

2019-04-11 13:54:14 - [TEST_STEP][PASSED] - click(findTestObject("Object Repository/Page_ Business Gateway/h6_Card")): Object: 'Object Repository/Page_ Business Gateway/h6_Card' is clicked on

2019-04-11 13:54:14 - [MESSAGE][PASSED] - Object: 'Object Repository/Page_ Business Gateway/h6_Card' is clicked on

2019-04-11 13:54:14 - [TEST_STEP][PASSED] - click(findTestObject("Object Repository/Page_ Business Gateway/div_New card component added")): Object: 'Object Repository/Page_ Business Gateway/div_New card component added' is clicked on

2019-04-11 13:54:14 - [MESSAGE][PASSED] - Object: 'Object Repository/Page_ Business Gateway/div_New card component added' is clicked on

2019-04-11 13:54:14 - [TEST_STEP][PASSED] - click(findTestObject("Object Repository/Page_ Business Gateway/h6_Gallery")): Object: 'Object Repository/Page_ Business Gateway/h6_Gallery' is clicked on

2019-04-11 13:54:14 - [MESSAGE][PASSED] - Object: 'Object Repository/Page_ Business Gateway/h6_Gallery' is clicked on

2019-04-11 13:54:14 - [TEST_STEP][PASSED] - click(findTestObject("Object Repository/Page_ Business Gateway/div_New gallery component added")): Object: 'Object Repository/Page_ Business Gateway/div_New gallery component added' is clicked on

2019-04-11 13:54:14 - [MESSAGE][PASSED] - Object: 'Object Repository/Page_ Business Gateway/div_New gallery component added' is clicked on

2019-04-11 13:54:14 - [TEST_STEP][PASSED] - click(findTestObject("Object Repository/Page_ Business Gateway/h6_Audio")): Object: 'Object Repository/Page_ Business Gateway/h6_Audio' is clicked on

2019-04-11 13:54:14 - [MESSAGE][PASSED] - Object: 'Object Repository/Page_ Business Gateway/h6_Audio' is clicked on

2019-04-11 13:54:14 - [TEST_STEP][PASSED] - click(findTestObject("Object Repository/Page_ Business Gateway/div_New audio component added")): Object: 'Object Repository/Page_ Business Gateway/div_New audio component added' is clicked on

2019-04-11 13:54:14 - [MESSAGE][PASSED] - Object: 'Object Repository/Page_ Business Gateway/div_New audio component added' is clicked on

2019-04-11 13:54:14 - [TEST_STEP][PASSED] - click(findTestObject("Object Repository/Page_ Business Gateway/h6_Video")): Object: 'Object Repository/Page_ Business Gateway/h6_Video' is clicked on

2019-04-11 13:54:14 - [MESSAGE][PASSED] - Object: 'Object Repository/Page_ Business Gateway/h6_Video' is clicked on

2019-04-11 13:54:14 - [TEST_STEP][PASSED] - click(findTestObject("Object Repository/Page_ Business Gateway/div_New video component added")): Object: 'Object Repository/Page_ Business Gateway/div_New video component added' is clicked on

2019-04-11 13:54:14 - [MESSAGE][PASSED] - Object: 'Object Repository/Page_ Business Gateway/div_New video component added' is clicked on

2019-04-11 13:54:14 - [TEST_STEP][PASSED] - click(findTestObject("Object Repository/Page_ Business Gateway/h6_File")): Object: 'Object Repository/Page_ Business Gateway/h6_File' is clicked on

2019-04-11 13:54:15 - [MESSAGE][PASSED] - Object: 'Object Repository/Page_ Business Gateway/h6_File' is clicked on

2019-04-11 13:54:15 - [TEST_STEP][PASSED] - click(findTestObject("Object Repository/Page_ Business Gateway/div_New file component added")): Object: 'Object Repository/Page_ Business Gateway/div_New file component added' is clicked on

2019-04-11 13:54:15 - [MESSAGE][PASSED] - Object: 'Object Repository/Page_ Business Gateway/div_New file component added' is clicked on

2019-04-11 13:54:15 - [TEST_STEP][PASSED] - click(findTestObject("Object Repository/Page_ Business Gateway/h6_List")): Object: 'Object Repository/Page_ Business Gateway/h6_List' is clicked on

2019-04-11 13:54:15 - [MESSAGE][PASSED] - Object: 'Object Repository/Page_ Business Gateway/h6_List' is clicked on

2019-04-11 13:54:15 - [TEST_STEP][PASSED] - click(findTestObject("Object Repository/Page_ Business Gateway/div_New list component added")): Object: 'Object Repository/Page_ Business Gateway/div_New list component added' is clicked on

2019-04-11 13:54:15 - [MESSAGE][PASSED] - Object: 'Object Repository/Page_ Business Gateway/div_New list component added' is clicked on

2019-04-11 13:54:15 - [TEST_STEP][PASSED] - click(findTestObject("Object Repository/Page_ Business Gateway/h6_Media")): Object: 'Object Repository/Page_ Business Gateway/h6_Media' is clicked on

2019-04-11 13:54:15 - [MESSAGE][PASSED] - Object: 'Object Repository/Page_ Business Gateway/h6_Media' is clicked on

2019-04-11 13:54:15 - [TEST_STEP][PASSED] - click(findTestObject("Object Repository/Page_ Business Gateway/div_New media component added")): Object: 'Object Repository/Page_ Business Gateway/div_New media component added' is clicked on

2019-04-11 13:54:15 - [MESSAGE][PASSED] - Object: 'Object Repository/Page_ Business Gateway/div_New media component added' is clicked on]]></system-out>
         <system-err><![CDATA[]]></system-err>
      </testcase>
      <testcase name="Test Cases/KiboLite/TC11090" classname="Test Cases/KiboLite/TC11090" status="PASSED">
         <system-out><![CDATA[2019-04-11 13:54:15 - [TEST_CASE][PASSED] - Test Cases/KiboLite/TC11090: Test Cases/KiboLite/TC11090

2019-04-11 13:54:15 - [TEST_STEP][PASSED] - callTestCase(findTestCase("KiboLite/login"), [:], STOP_ON_FAILURE): Call Test Case 'Test Cases/KiboLite/login' successfully

2019-04-11 13:54:15 - [TEST_CASE][PASSED] - Test Cases/KiboLite/login: Test Cases/KiboLite/login

2019-04-11 13:54:15 - [TEST_STEP][PASSED] - openBrowser(""): Browser is opened with url: ''

2019-04-11 13:54:15 - [MESSAGE][WARNING] - A browser is already opened. Closing browser and opening a new one

2019-04-11 13:54:15 - [MESSAGE][INFO] - Starting 'Chrome' driver

2019-04-11 13:54:16 - [MESSAGE][PASSED] - Browser is opened with url: ''

2019-04-11 13:54:16 - [TEST_STEP][PASSED] - maximizeWindow(): Current window maximized

2019-04-11 13:54:16 - [MESSAGE][PASSED] - Current window maximized

2019-04-11 13:54:16 - [TEST_STEP][PASSED] - navigateToUrl("https://skibolite.cloudkibo.com/"): Navigate to 'https://skibolite.cloudkibo.com/' successfully

2019-04-11 13:54:32 - [MESSAGE][PASSED] - Navigate to 'https://skibolite.cloudkibo.com/' successfully

2019-04-11 13:54:32 - [TEST_STEP][PASSED] - navigateToUrl("https://saccounts.cloudkibo.com/?continue=http://skibolite.cloudkibo.com"): Navigate to 'https://saccounts.cloudkibo.com/?continue=http://skibolite.cloudkibo.com' successfully

2019-04-11 13:54:32 - [MESSAGE][PASSED] - Navigate to 'https://saccounts.cloudkibo.com/?continue=http://skibolite.cloudkibo.com' successfully

2019-04-11 13:54:32 - [TEST_STEP][PASSED] - click(findTestObject("Page_CloudKibo/a_Login (3)")): Object: 'Object Repository/Page_CloudKibo/a_Login (3)' is clicked on

2019-04-11 13:54:33 - [MESSAGE][PASSED] - Object: 'Object Repository/Page_CloudKibo/a_Login (3)' is clicked on

2019-04-11 13:54:33 - [TEST_STEP][PASSED] - setText(findTestObject("Page_KiboPush/input_email (10) (1) (1)"), "faizanrasheed4@gmail.com"): Text 'faizanrasheed4@gmail.com' is set on object 'Object Repository/Page_KiboPush/input_email (10) (1) (1)'

2019-04-11 13:54:33 - [MESSAGE][PASSED] - Text 'faizanrasheed4@gmail.com' is set on object 'Object Repository/Page_KiboPush/input_email (10) (1) (1)'

2019-04-11 13:54:33 - [TEST_STEP][PASSED] - setEncryptedText(findTestObject("Page_CloudKibo/input_Sign In_password (2)"), "GYDmRgS5yd5PL6pQTxDpCg=="): Text ****** has been set on object 'Object Repository/Page_CloudKibo/input_Sign In_password (2)'

2019-04-11 13:54:33 - [MESSAGE][PASSED] - Text ****** has been set on object 'Object Repository/Page_CloudKibo/input_Sign In_password (2)'

2019-04-11 13:54:33 - [TEST_STEP][PASSED] - click(findTestObject("Page_CloudKibo/button_Sign In (4) (1)")): Object: 'Object Repository/Page_CloudKibo/button_Sign In (4) (1)' is clicked on

2019-04-11 13:54:34 - [MESSAGE][PASSED] - Object: 'Object Repository/Page_CloudKibo/button_Sign In (4) (1)' is clicked on

2019-04-11 13:54:34 - [TEST_STEP][PASSED] - click(findTestObject("Page_ Dashboard/h3_Dashboard (1)")): Object: 'Object Repository/Page_ Dashboard/h3_Dashboard (1)' is clicked on

2019-04-11 13:54:54 - [MESSAGE][PASSED] - Object: 'Object Repository/Page_ Dashboard/h3_Dashboard (1)' is clicked on

2019-04-11 13:54:54 - [TEST_STEP][PASSED] - delay(3): Delayed 3 second(s)

2019-04-11 13:54:57 - [MESSAGE][PASSED] - Delayed 3 second(s)

2019-04-11 13:54:57 - [TEST_STEP][PASSED] - click(findTestObject("Page_KiboEngage  Dashboard/a_SMS (2) (1) (1) (1) (1)")): Object: 'Object Repository/Page_KiboEngage  Dashboard/a_SMS (2) (1) (1) (1) (1)' is clicked on

2019-04-11 13:54:57 - [MESSAGE][PASSED] - Object: 'Object Repository/Page_KiboEngage  Dashboard/a_SMS (2) (1) (1) (1) (1)' is clicked on

2019-04-11 13:54:57 - [TEST_STEP][PASSED] - click(findTestObject("Page_KiboEngage  Dashboard/span_Messenger (1) (1) (1) (1)")): Object: 'Object Repository/Page_KiboEngage  Dashboard/span_Messenger (1) (1) (1) (1)' is clicked on

2019-04-11 13:54:57 - [MESSAGE][PASSED] - Object: 'Object Repository/Page_KiboEngage  Dashboard/span_Messenger (1) (1) (1) (1)' is clicked on

2019-04-11 13:54:57 - [MESSAGE][PASSED] - Call Test Case 'Test Cases/KiboLite/login' successfully

2019-04-11 13:54:57 - [TEST_STEP][PASSED] - delay(2): Delayed 2 second(s)

2019-04-11 13:54:59 - [MESSAGE][PASSED] - Delayed 2 second(s)

2019-04-11 13:54:59 - [TEST_STEP][PASSED] - click(findTestObject("Page_ Dashboard/span_Broadcast (1) (1) (1) (1)")): Object: 'Object Repository/Page_ Dashboard/span_Broadcast (1) (1) (1) (1)' is clicked on

2019-04-11 13:55:00 - [MESSAGE][PASSED] - Object: 'Object Repository/Page_ Dashboard/span_Broadcast (1) (1) (1) (1)' is clicked on

2019-04-11 13:55:00 - [TEST_STEP][PASSED] - click(findTestObject("Page_ Business Gateway/a_Target Customers (2)")): Object: 'Object Repository/Page_ Business Gateway/a_Target Customers (2)' is clicked on

2019-04-11 13:55:00 - [MESSAGE][PASSED] - Object: 'Object Repository/Page_ Business Gateway/a_Target Customers (2)' is clicked on

2019-04-11 13:55:00 - [TEST_STEP][PASSED] - driver = getWebDriver(): null

2019-04-11 13:55:00 - [TEST_STEP][PASSED] - Select = driver.findElements(By.xpath("//*[@id="m-datatable--27866229129"]/tbody/tr/td[2]/select/option")): null

2019-04-11 13:55:00 - [TEST_STEP][PASSED] - println(Select.size()): null

2019-04-11 13:55:00 - [TEST_STEP][PASSED] - verifyGreaterThanOrEqual(Select.size(), 3): Actual number '4' is greater than or equal to expected number '3'

2019-04-11 13:55:00 - [MESSAGE][PASSED] - Actual number '4' is greater than or equal to expected number '3']]></system-out>
         <system-err><![CDATA[]]></system-err>
      </testcase>
      <testcase name="Test Cases/KiboLite/TC11091" classname="Test Cases/KiboLite/TC11091" status="PASSED">
         <system-out><![CDATA[2019-04-11 13:55:00 - [TEST_CASE][PASSED] - Test Cases/KiboLite/TC11091: Test Cases/KiboLite/TC11091

2019-04-11 13:55:00 - [TEST_STEP][PASSED] - callTestCase(findTestCase("KiboLite/login"), [:], STOP_ON_FAILURE): Call Test Case 'Test Cases/KiboLite/login' successfully

2019-04-11 13:55:00 - [TEST_CASE][PASSED] - Test Cases/KiboLite/login: Test Cases/KiboLite/login

2019-04-11 13:55:00 - [TEST_STEP][PASSED] - openBrowser(""): Browser is opened with url: ''

2019-04-11 13:55:00 - [MESSAGE][WARNING] - A browser is already opened. Closing browser and opening a new one

2019-04-11 13:55:00 - [MESSAGE][INFO] - Starting 'Chrome' driver

2019-04-11 13:55:00 - [MESSAGE][PASSED] - Browser is opened with url: ''

2019-04-11 13:55:00 - [TEST_STEP][PASSED] - maximizeWindow(): Current window maximized

2019-04-11 13:55:00 - [MESSAGE][PASSED] - Current window maximized

2019-04-11 13:55:00 - [TEST_STEP][PASSED] - navigateToUrl("https://skibolite.cloudkibo.com/"): Navigate to 'https://skibolite.cloudkibo.com/' successfully

2019-04-11 13:55:10 - [MESSAGE][PASSED] - Navigate to 'https://skibolite.cloudkibo.com/' successfully

2019-04-11 13:55:10 - [TEST_STEP][PASSED] - navigateToUrl("https://saccounts.cloudkibo.com/?continue=http://skibolite.cloudkibo.com"): Navigate to 'https://saccounts.cloudkibo.com/?continue=http://skibolite.cloudkibo.com' successfully

2019-04-11 13:55:11 - [MESSAGE][PASSED] - Navigate to 'https://saccounts.cloudkibo.com/?continue=http://skibolite.cloudkibo.com' successfully

2019-04-11 13:55:11 - [TEST_STEP][PASSED] - click(findTestObject("Page_CloudKibo/a_Login (3)")): Object: 'Object Repository/Page_CloudKibo/a_Login (3)' is clicked on

2019-04-11 13:55:12 - [MESSAGE][PASSED] - Object: 'Object Repository/Page_CloudKibo/a_Login (3)' is clicked on

2019-04-11 13:55:12 - [TEST_STEP][PASSED] - setText(findTestObject("Page_KiboPush/input_email (10) (1) (1)"), "faizanrasheed4@gmail.com"): Text 'faizanrasheed4@gmail.com' is set on object 'Object Repository/Page_KiboPush/input_email (10) (1) (1)'

2019-04-11 13:55:12 - [MESSAGE][PASSED] - Text 'faizanrasheed4@gmail.com' is set on object 'Object Repository/Page_KiboPush/input_email (10) (1) (1)'

2019-04-11 13:55:12 - [TEST_STEP][PASSED] - setEncryptedText(findTestObject("Page_CloudKibo/input_Sign In_password (2)"), "GYDmRgS5yd5PL6pQTxDpCg=="): Text ****** has been set on object 'Object Repository/Page_CloudKibo/input_Sign In_password (2)'

2019-04-11 13:55:12 - [MESSAGE][PASSED] - Text ****** has been set on object 'Object Repository/Page_CloudKibo/input_Sign In_password (2)'

2019-04-11 13:55:12 - [TEST_STEP][PASSED] - click(findTestObject("Page_CloudKibo/button_Sign In (4) (1)")): Object: 'Object Repository/Page_CloudKibo/button_Sign In (4) (1)' is clicked on

2019-04-11 13:55:12 - [MESSAGE][PASSED] - Object: 'Object Repository/Page_CloudKibo/button_Sign In (4) (1)' is clicked on

2019-04-11 13:55:12 - [TEST_STEP][PASSED] - click(findTestObject("Page_ Dashboard/h3_Dashboard (1)")): Object: 'Object Repository/Page_ Dashboard/h3_Dashboard (1)' is clicked on

2019-04-11 13:55:51 - [MESSAGE][PASSED] - Object: 'Object Repository/Page_ Dashboard/h3_Dashboard (1)' is clicked on

2019-04-11 13:55:51 - [TEST_STEP][PASSED] - delay(3): Delayed 3 second(s)

2019-04-11 13:55:54 - [MESSAGE][PASSED] - Delayed 3 second(s)

2019-04-11 13:55:54 - [TEST_STEP][PASSED] - click(findTestObject("Page_KiboEngage  Dashboard/a_SMS (2) (1) (1) (1) (1)")): Object: 'Object Repository/Page_KiboEngage  Dashboard/a_SMS (2) (1) (1) (1) (1)' is clicked on

2019-04-11 13:55:54 - [MESSAGE][PASSED] - Object: 'Object Repository/Page_KiboEngage  Dashboard/a_SMS (2) (1) (1) (1) (1)' is clicked on

2019-04-11 13:55:54 - [TEST_STEP][PASSED] - click(findTestObject("Page_KiboEngage  Dashboard/span_Messenger (1) (1) (1) (1)")): Object: 'Object Repository/Page_KiboEngage  Dashboard/span_Messenger (1) (1) (1) (1)' is clicked on

2019-04-11 13:55:55 - [MESSAGE][PASSED] - Object: 'Object Repository/Page_KiboEngage  Dashboard/span_Messenger (1) (1) (1) (1)' is clicked on

2019-04-11 13:55:55 - [MESSAGE][PASSED] - Call Test Case 'Test Cases/KiboLite/login' successfully

2019-04-11 13:55:55 - [TEST_STEP][PASSED] - delay(2): Delayed 2 second(s)

2019-04-11 13:55:57 - [MESSAGE][PASSED] - Delayed 2 second(s)

2019-04-11 13:55:57 - [TEST_STEP][PASSED] - click(findTestObject("Page_ Dashboard/span_Broadcast (1) (1) (1) (1)")): Object: 'Object Repository/Page_ Dashboard/span_Broadcast (1) (1) (1) (1)' is clicked on

2019-04-11 13:55:57 - [MESSAGE][PASSED] - Object: 'Object Repository/Page_ Dashboard/span_Broadcast (1) (1) (1) (1)' is clicked on

2019-04-11 13:55:57 - [TEST_STEP][PASSED] - click(findTestObject("Object Repository/Page_ Business Gateway/a_Target Customers (2) (1)")): Object: 'Object Repository/Page_ Business Gateway/a_Target Customers (2) (1)' is clicked on

2019-04-11 13:55:57 - [MESSAGE][PASSED] - Object: 'Object Repository/Page_ Business Gateway/a_Target Customers (2) (1)' is clicked on

2019-04-11 13:55:57 - [TEST_STEP][PASSED] - setText(findTestObject("Object Repository/Page_ Business Gateway/input_Value_text"), "1212"): Text '1212' is set on object 'Object Repository/Page_ Business Gateway/input_Value_text'

2019-04-11 13:55:57 - [MESSAGE][PASSED] - Text '1212' is set on object 'Object Repository/Page_ Business Gateway/input_Value_text']]></system-out>
         <system-err><![CDATA[]]></system-err>
      </testcase>
      <system-out><![CDATA[2019-04-11 13:48:18 - [TEST_SUITE][PASSED] - KiboLite: Test Cases/KiboLite/TC11091]]></system-out>
      <system-err><![CDATA[]]></system-err>
   </testsuite>
</testsuites>
