<?xml version="1.0" encoding="UTF-8"?>
<testsuites name="SMS" time="909" tests="33" failures="0" errors="0">
   <testsuite name="SMS" tests="33" failures="0" errors="0" time="909" timestamp="2019-04-21 05:42:48" hostname="faizan - faizan-HP-EliteBook-850-G2" id="Test Suites/Faizan Suits/SMS">
      <properties>
         <property name="deviceName" value=""/>
         <property name="devicePlatform" value=""/>
         <property name="logFolder" value="/home/faizan/Drive/KiboPush_Automated_Testing/KiboPush Katalon/Reports/Faizan Suits/SMS/20190421_054241"/>
         <property name="logFiles" value="/home/faizan/Drive/KiboPush_Automated_Testing/KiboPush Katalon/Reports/Faizan Suits/SMS/20190421_054241/execution0.log"/>
         <property name="attachments" value=""/>
         <property name="hostName" value="faizan - faizan-HP-EliteBook-850-G2"/>
         <property name="os" value="Linux 64bit"/>
         <property name="katalonVersion" value="6.1.2.2"/>
         <property name="browser" value="Chrome 73.0.3683.103"/>
         <property name="hostAddress" value="127.0.1.1"/>
         <property name="sessionId" value="068f16e6665b3e33e18001a14a0573f2"/>
         <property name="seleniumVersion" value="3.7.1"/>
         <property name="proxyInformation" value="ProxyInformation{proxyOption=NO_PROXY, proxyServerType=HTTP, password=, proxyServerAddress=, proxyServerPort=0}"/>
         <property name="platform" value="Linux"/>
      </properties>
      <testcase name="Test Cases/s-sidebar_navigation/individualAccount/Faizan_production_login_kiboengage" classname="Test Cases/s-sidebar_navigation/individualAccount/Faizan_production_login_kiboengage" status="PASSED">
         <system-out><![CDATA[2019-04-21 05:42:49 - [TEST_CASE][PASSED] - Test Cases/s-sidebar_navigation/individualAccount/Faizan_production_login_kiboengage: Test Cases/s-sidebar_navigation/individualAccount/Faizan_production_login_kiboengage

2019-04-21 05:42:49 - [TEST_STEP][PASSED] - openBrowser(""): Browser is opened with url: ''

2019-04-21 05:42:50 - [MESSAGE][INFO] - Starting 'Chrome' driver

2019-04-21 05:42:50 - [MESSAGE][INFO] - User set preference: ['args', '[--no-sandbox]']

2019-04-21 05:42:50 - [MESSAGE][INFO] - Action delay is set to 0 seconds

2019-04-21 05:43:01 - [MESSAGE][PASSED] - Browser is opened with url: ''

2019-04-21 05:43:01 - [TEST_STEP][PASSED] - maximizeWindow(): Current window maximized

2019-04-21 05:43:01 - [MESSAGE][PASSED] - Current window maximized

2019-04-21 05:43:01 - [TEST_STEP][PASSED] - navigateToUrl("https://kiboengage.cloudkibo.com/"): Navigate to 'https://kiboengage.cloudkibo.com/' successfully

2019-04-21 05:43:08 - [MESSAGE][PASSED] - Navigate to 'https://kiboengage.cloudkibo.com/' successfully

2019-04-21 05:43:08 - [TEST_STEP][PASSED] - navigateToUrl("https://accounts.cloudkibo.com/?continue=https://kiboengage.cloudkibo.com"): Navigate to 'https://accounts.cloudkibo.com/?continue=https://kiboengage.cloudkibo.com' successfully

2019-04-21 05:43:08 - [MESSAGE][PASSED] - Navigate to 'https://accounts.cloudkibo.com/?continue=https://kiboengage.cloudkibo.com' successfully

2019-04-21 05:43:08 - [TEST_STEP][PASSED] - click(findTestObject("Page_CloudKibo/a_Login (2) (1) (1)")): Object: 'Object Repository/Page_CloudKibo/a_Login (2) (1) (1)' is clicked on

2019-04-21 05:43:09 - [MESSAGE][PASSED] - Object: 'Object Repository/Page_CloudKibo/a_Login (2) (1) (1)' is clicked on

2019-04-21 05:43:09 - [TEST_STEP][PASSED] - setText(findTestObject("Page_KiboPush/input_email (10) (1) (1)"), "faizan@cloudkibo.com"): Text 'faizan@cloudkibo.com' is set on object 'Object Repository/Page_KiboPush/input_email (10) (1) (1)'

2019-04-21 05:43:10 - [MESSAGE][PASSED] - Text 'faizan@cloudkibo.com' is set on object 'Object Repository/Page_KiboPush/input_email (10) (1) (1)'

2019-04-21 05:43:10 - [TEST_STEP][PASSED] - setEncryptedText(findTestObject("Page_CloudKibo/input_Sign In_password (7)"), "qeJ0sjJnwEs="): Text ****** has been set on object 'Object Repository/Page_CloudKibo/input_Sign In_password (7)'

2019-04-21 05:43:11 - [MESSAGE][PASSED] - Text ****** has been set on object 'Object Repository/Page_CloudKibo/input_Sign In_password (7)'

2019-04-21 05:43:11 - [TEST_STEP][PASSED] - click(findTestObject("Page_KiboPush/button_Sign In (10) (1) (2)")): Object: 'Object Repository/Page_KiboPush/button_Sign In (10) (1) (2)' is clicked on

2019-04-21 05:43:11 - [MESSAGE][PASSED] - Object: 'Object Repository/Page_KiboPush/button_Sign In (10) (1) (2)' is clicked on

2019-04-21 05:43:11 - [TEST_STEP][PASSED] - navigateToUrl("https://kiboengage.cloudkibo.com/dashboard"): Navigate to 'https://kiboengage.cloudkibo.com/dashboard' successfully

2019-04-21 05:43:26 - [MESSAGE][PASSED] - Navigate to 'https://kiboengage.cloudkibo.com/dashboard' successfully

2019-04-21 05:43:26 - [TEST_STEP][PASSED] - click(findTestObject("Page_KiboPush  Dashboard/h3_Dashboard (57)")): Object: 'Object Repository/Page_KiboPush  Dashboard/h3_Dashboard (57)' is clicked on

2019-04-21 05:43:27 - [MESSAGE][PASSED] - Object: 'Object Repository/Page_KiboPush  Dashboard/h3_Dashboard (57)' is clicked on

2019-04-21 05:43:27 - [TEST_STEP][PASSED] - delay(3): Delayed 3 second(s)

2019-04-21 05:43:30 - [MESSAGE][PASSED] - Delayed 3 second(s)

2019-04-21 05:43:30 - [TEST_STEP][PASSED] - click(findTestObject("Page_KiboEngage  Dashboard/a_SMS (2) (1) (1) (1) (3)")): Object: 'Object Repository/Page_KiboEngage  Dashboard/a_SMS (2) (1) (1) (1) (3)' is clicked on

2019-04-21 05:43:30 - [MESSAGE][PASSED] - Object: 'Object Repository/Page_KiboEngage  Dashboard/a_SMS (2) (1) (1) (1) (3)' is clicked on

2019-04-21 05:43:30 - [TEST_STEP][PASSED] - click(findTestObject("Page_KiboEngage  Dashboard/span_Messenger (1) (1) (1) (3)")): Object: 'Object Repository/Page_KiboEngage  Dashboard/span_Messenger (1) (1) (1) (3)' is clicked on

2019-04-21 05:43:30 - [MESSAGE][PASSED] - Object: 'Object Repository/Page_KiboEngage  Dashboard/span_Messenger (1) (1) (1) (3)' is clicked on]]></system-out>
         <system-err><![CDATA[]]></system-err>
      </testcase>
      <testcase name="Test Cases/SMS/SMSPlatform" classname="Test Cases/SMS/SMSPlatform" status="PASSED">
         <system-out><![CDATA[2019-04-21 05:43:30 - [TEST_CASE][PASSED] - Test Cases/SMS/SMSPlatform: Test Cases/SMS/SMSPlatform

2019-04-21 05:43:31 - [TEST_STEP][PASSED] - click(findTestObject("Page_KiboEngage  Dashboard/a_SMS (1)")): Object: 'Object Repository/Page_KiboEngage  Dashboard/a_SMS (1)' is clicked on

2019-04-21 05:43:31 - [MESSAGE][PASSED] - Object: 'Object Repository/Page_KiboEngage  Dashboard/a_SMS (1)' is clicked on

2019-04-21 05:43:31 - [TEST_STEP][PASSED] - click(findTestObject("Page_KiboEngage  Dashboard/span_SMS (1)")): Object: 'Object Repository/Page_KiboEngage  Dashboard/span_SMS (1)' is clicked on

2019-04-21 05:43:32 - [MESSAGE][PASSED] - Object: 'Object Repository/Page_KiboEngage  Dashboard/span_SMS (1)' is clicked on

2019-04-21 05:43:32 - [TEST_STEP][PASSED] - delay(1): Delayed 1 second(s)

2019-04-21 05:43:33 - [MESSAGE][PASSED] - Delayed 1 second(s)]]></system-out>
         <system-err><![CDATA[]]></system-err>
      </testcase>
      <testcase name="Test Cases/SMS/contacts/TC11149" classname="Test Cases/SMS/contacts/TC11149" status="PASSED">
         <system-out><![CDATA[2019-04-21 05:43:33 - [TEST_CASE][PASSED] - Test Cases/SMS/contacts/TC11149: Test Cases/SMS/contacts/TC11149

2019-04-21 05:43:33 - [TEST_STEP][PASSED] - click(findTestObject("Page_KiboPush  Dashboard/span_Dashboard")): Object: 'Object Repository/Page_KiboPush  Dashboard/span_Dashboard' is clicked on

2019-04-21 05:43:33 - [MESSAGE][PASSED] - Object: 'Object Repository/Page_KiboPush  Dashboard/span_Dashboard' is clicked on

2019-04-21 05:43:33 - [TEST_STEP][PASSED] - delay(1): Delayed 1 second(s)

2019-04-21 05:43:34 - [MESSAGE][PASSED] - Delayed 1 second(s)

2019-04-21 05:43:34 - [TEST_STEP][PASSED] - click(findTestObject("Page_KiboEngage  Dashboard/span_Subscribers (1)")): Object: 'Object Repository/Page_KiboEngage  Dashboard/span_Subscribers (1)' is clicked on

2019-04-21 05:43:35 - [MESSAGE][PASSED] - Object: 'Object Repository/Page_KiboEngage  Dashboard/span_Subscribers (1)' is clicked on

2019-04-21 05:43:35 - [TEST_STEP][PASSED] - delay(1): Delayed 1 second(s)

2019-04-21 05:43:36 - [MESSAGE][PASSED] - Delayed 1 second(s)]]></system-out>
         <system-err><![CDATA[]]></system-err>
      </testcase>
      <testcase name="Test Cases/SMS/contacts/TC11150" classname="Test Cases/SMS/contacts/TC11150" status="PASSED">
         <system-out><![CDATA[2019-04-21 05:43:36 - [TEST_CASE][PASSED] - Test Cases/SMS/contacts/TC11150: Test Cases/SMS/contacts/TC11150

2019-04-21 05:43:36 - [TEST_STEP][PASSED] - click(findTestObject("Page_KiboPush  Dashboard/span_Dashboard")): Object: 'Object Repository/Page_KiboPush  Dashboard/span_Dashboard' is clicked on

2019-04-21 05:43:36 - [MESSAGE][PASSED] - Object: 'Object Repository/Page_KiboPush  Dashboard/span_Dashboard' is clicked on

2019-04-21 05:43:36 - [TEST_STEP][PASSED] - delay(1): Delayed 1 second(s)

2019-04-21 05:43:37 - [MESSAGE][PASSED] - Delayed 1 second(s)

2019-04-21 05:43:37 - [TEST_STEP][PASSED] - click(findTestObject("Page_KiboEngage  Dashboard/span_Subscribers (1)")): Object: 'Object Repository/Page_KiboEngage  Dashboard/span_Subscribers (1)' is clicked on

2019-04-21 05:43:38 - [MESSAGE][PASSED] - Object: 'Object Repository/Page_KiboEngage  Dashboard/span_Subscribers (1)' is clicked on

2019-04-21 05:43:38 - [TEST_STEP][PASSED] - delay(1): Delayed 1 second(s)

2019-04-21 05:43:39 - [MESSAGE][PASSED] - Delayed 1 second(s)

2019-04-21 05:43:39 - [TEST_STEP][PASSED] - click(findTestObject("Object Repository/Page_KiboEngage  Subscribers/h3_Subscribers")): Object: 'Object Repository/Page_KiboEngage  Subscribers/h3_Subscribers' is clicked on

2019-04-21 05:43:39 - [MESSAGE][PASSED] - Object: 'Object Repository/Page_KiboEngage  Subscribers/h3_Subscribers' is clicked on

2019-04-21 05:43:39 - [TEST_STEP][PASSED] - delay(1): Delayed 1 second(s)

2019-04-21 05:43:40 - [MESSAGE][PASSED] - Delayed 1 second(s)

2019-04-21 05:43:40 - [TEST_STEP][PASSED] - driver = getWebDriver(): null

2019-04-21 05:43:40 - [TEST_STEP][PASSED] - Table = driver.findElement(By.xpath("//*[@id="ajax_data"]/table/tbody")): null

2019-04-21 05:43:40 - [TEST_STEP][PASSED] - rows_table = Table.findElements(By.tagName("tr")): null

2019-04-21 05:43:40 - [TEST_STEP][PASSED] - verifyGreaterThanOrEqual(rows_table.size(), 1): Actual number '5' is greater than or equal to expected number '1'

2019-04-21 05:43:40 - [MESSAGE][PASSED] - Actual number '5' is greater than or equal to expected number '1']]></system-out>
         <system-err><![CDATA[]]></system-err>
      </testcase>
      <testcase name="Test Cases/SMS/contacts/TC11151" classname="Test Cases/SMS/contacts/TC11151" status="PASSED">
         <system-out><![CDATA[2019-04-21 05:43:40 - [TEST_CASE][PASSED] - Test Cases/SMS/contacts/TC11151: Test Cases/SMS/contacts/TC11151

2019-04-21 05:43:41 - [TEST_STEP][PASSED] - click(findTestObject("Page_KiboPush  Dashboard/span_Dashboard")): Object: 'Object Repository/Page_KiboPush  Dashboard/span_Dashboard' is clicked on

2019-04-21 05:43:41 - [MESSAGE][PASSED] - Object: 'Object Repository/Page_KiboPush  Dashboard/span_Dashboard' is clicked on

2019-04-21 05:43:41 - [TEST_STEP][PASSED] - delay(1): Delayed 1 second(s)

2019-04-21 05:43:42 - [MESSAGE][PASSED] - Delayed 1 second(s)

2019-04-21 05:43:42 - [TEST_STEP][PASSED] - click(findTestObject("Page_KiboEngage  Dashboard/span_Subscribers (1)")): Object: 'Object Repository/Page_KiboEngage  Dashboard/span_Subscribers (1)' is clicked on

2019-04-21 05:43:43 - [MESSAGE][PASSED] - Object: 'Object Repository/Page_KiboEngage  Dashboard/span_Subscribers (1)' is clicked on

2019-04-21 05:43:43 - [TEST_STEP][PASSED] - delay(1): Delayed 1 second(s)

2019-04-21 05:43:44 - [MESSAGE][PASSED] - Delayed 1 second(s)

2019-04-21 05:43:44 - [TEST_STEP][PASSED] - click(findTestObject("Object Repository/Page_KiboEngage  Subscribers/a_next")): Object: 'Object Repository/Page_KiboEngage  Subscribers/a_next' is clicked on

2019-04-21 05:43:44 - [MESSAGE][PASSED] - Object: 'Object Repository/Page_KiboEngage  Subscribers/a_next' is clicked on]]></system-out>
         <system-err><![CDATA[]]></system-err>
      </testcase>
      <testcase name="Test Cases/SMS/contacts/TC11152" classname="Test Cases/SMS/contacts/TC11152" status="PASSED">
         <system-out><![CDATA[2019-04-21 05:43:44 - [TEST_CASE][PASSED] - Test Cases/SMS/contacts/TC11152: Test Cases/SMS/contacts/TC11152

2019-04-21 05:43:44 - [TEST_STEP][PASSED] - click(findTestObject("Page_KiboPush  Dashboard/span_Dashboard")): Object: 'Object Repository/Page_KiboPush  Dashboard/span_Dashboard' is clicked on

2019-04-21 05:43:45 - [MESSAGE][PASSED] - Object: 'Object Repository/Page_KiboPush  Dashboard/span_Dashboard' is clicked on

2019-04-21 05:43:45 - [TEST_STEP][PASSED] - delay(1): Delayed 1 second(s)

2019-04-21 05:43:46 - [MESSAGE][PASSED] - Delayed 1 second(s)

2019-04-21 05:43:46 - [TEST_STEP][PASSED] - click(findTestObject("Page_KiboEngage  Dashboard/span_Subscribers (1)")): Object: 'Object Repository/Page_KiboEngage  Dashboard/span_Subscribers (1)' is clicked on

2019-04-21 05:43:46 - [MESSAGE][PASSED] - Object: 'Object Repository/Page_KiboEngage  Dashboard/span_Subscribers (1)' is clicked on

2019-04-21 05:43:46 - [TEST_STEP][PASSED] - delay(1): Delayed 1 second(s)

2019-04-21 05:43:47 - [MESSAGE][PASSED] - Delayed 1 second(s)

2019-04-21 05:43:47 - [TEST_STEP][PASSED] - click(findTestObject("Object Repository/Page_KiboEngage  Subscribers/a_previous")): Object: 'Object Repository/Page_KiboEngage  Subscribers/a_previous' is clicked on

2019-04-21 05:43:47 - [MESSAGE][PASSED] - Object: 'Object Repository/Page_KiboEngage  Subscribers/a_previous' is clicked on]]></system-out>
         <system-err><![CDATA[]]></system-err>
      </testcase>
      <testcase name="Test Cases/SMS/contacts/TC11153" classname="Test Cases/SMS/contacts/TC11153" status="PASSED">
         <system-out><![CDATA[2019-04-21 05:43:48 - [TEST_CASE][PASSED] - Test Cases/SMS/contacts/TC11153: Test Cases/SMS/contacts/TC11153

2019-04-21 05:43:48 - [TEST_STEP][PASSED] - click(findTestObject("Page_KiboPush  Dashboard/span_Dashboard")): Object: 'Object Repository/Page_KiboPush  Dashboard/span_Dashboard' is clicked on

2019-04-21 05:43:48 - [MESSAGE][PASSED] - Object: 'Object Repository/Page_KiboPush  Dashboard/span_Dashboard' is clicked on

2019-04-21 05:43:48 - [TEST_STEP][PASSED] - delay(1): Delayed 1 second(s)

2019-04-21 05:43:49 - [MESSAGE][PASSED] - Delayed 1 second(s)

2019-04-21 05:43:49 - [TEST_STEP][PASSED] - click(findTestObject("Page_KiboEngage  Dashboard/span_Subscribers (1)")): Object: 'Object Repository/Page_KiboEngage  Dashboard/span_Subscribers (1)' is clicked on

2019-04-21 05:43:50 - [MESSAGE][PASSED] - Object: 'Object Repository/Page_KiboEngage  Dashboard/span_Subscribers (1)' is clicked on

2019-04-21 05:43:50 - [TEST_STEP][PASSED] - delay(1): Delayed 1 second(s)

2019-04-21 05:43:51 - [MESSAGE][PASSED] - Delayed 1 second(s)

2019-04-21 05:43:51 - [TEST_STEP][PASSED] - click(findTestObject("Object Repository/Page_KiboEngage  Subscribers/a_previous")): Object: 'Object Repository/Page_KiboEngage  Subscribers/a_previous' is clicked on

2019-04-21 05:43:51 - [MESSAGE][PASSED] - Object: 'Object Repository/Page_KiboEngage  Subscribers/a_previous' is clicked on]]></system-out>
         <system-err><![CDATA[]]></system-err>
      </testcase>
      <testcase name="Test Cases/SMS/upload contacts/TC11154" classname="Test Cases/SMS/upload contacts/TC11154" status="PASSED">
         <system-out><![CDATA[2019-04-21 05:43:51 - [TEST_CASE][PASSED] - Test Cases/SMS/upload contacts/TC11154: Test Cases/SMS/upload contacts/TC11154

2019-04-21 05:43:51 - [TEST_STEP][PASSED] - click(findTestObject("Page_KiboPush  Dashboard/span_Dashboard")): Object: 'Object Repository/Page_KiboPush  Dashboard/span_Dashboard' is clicked on

2019-04-21 05:43:52 - [MESSAGE][PASSED] - Object: 'Object Repository/Page_KiboPush  Dashboard/span_Dashboard' is clicked on

2019-04-21 05:43:52 - [TEST_STEP][PASSED] - delay(1): Delayed 1 second(s)

2019-04-21 05:43:53 - [MESSAGE][PASSED] - Delayed 1 second(s)

2019-04-21 05:43:53 - [TEST_STEP][PASSED] - click(findTestObject("Object Repository/Page_KiboEngage  Dashboard/span_Upload Contacts")): Object: 'Object Repository/Page_KiboEngage  Dashboard/span_Upload Contacts' is clicked on

2019-04-21 05:43:53 - [MESSAGE][PASSED] - Object: 'Object Repository/Page_KiboEngage  Dashboard/span_Upload Contacts' is clicked on

2019-04-21 05:43:53 - [TEST_STEP][PASSED] - delay(1): Delayed 1 second(s)

2019-04-21 05:43:54 - [MESSAGE][PASSED] - Delayed 1 second(s)

2019-04-21 05:43:54 - [TEST_STEP][PASSED] - click(findTestObject("Object Repository/Page_KiboEngage  Upload Contacts/h3_Upload Contacts")): Object: 'Object Repository/Page_KiboEngage  Upload Contacts/h3_Upload Contacts' is clicked on

2019-04-21 05:43:54 - [MESSAGE][PASSED] - Object: 'Object Repository/Page_KiboEngage  Upload Contacts/h3_Upload Contacts' is clicked on]]></system-out>
         <system-err><![CDATA[]]></system-err>
      </testcase>
      <testcase name="Test Cases/SMS/upload contacts/TC11155" classname="Test Cases/SMS/upload contacts/TC11155" status="PASSED">
         <system-out><![CDATA[2019-04-21 05:43:54 - [TEST_CASE][PASSED] - Test Cases/SMS/upload contacts/TC11155: Test Cases/SMS/upload contacts/TC11155

2019-04-21 05:43:55 - [TEST_STEP][PASSED] - click(findTestObject("Page_KiboPush  Dashboard/span_Dashboard")): Object: 'Object Repository/Page_KiboPush  Dashboard/span_Dashboard' is clicked on

2019-04-21 05:43:55 - [MESSAGE][PASSED] - Object: 'Object Repository/Page_KiboPush  Dashboard/span_Dashboard' is clicked on

2019-04-21 05:43:55 - [TEST_STEP][PASSED] - delay(1): Delayed 1 second(s)

2019-04-21 05:43:56 - [MESSAGE][PASSED] - Delayed 1 second(s)

2019-04-21 05:43:56 - [TEST_STEP][PASSED] - click(findTestObject("Object Repository/Page_KiboEngage  Dashboard/span_Upload Contacts")): Object: 'Object Repository/Page_KiboEngage  Dashboard/span_Upload Contacts' is clicked on

2019-04-21 05:43:56 - [MESSAGE][PASSED] - Object: 'Object Repository/Page_KiboEngage  Dashboard/span_Upload Contacts' is clicked on

2019-04-21 05:43:56 - [TEST_STEP][PASSED] - delay(1): Delayed 1 second(s)

2019-04-21 05:43:57 - [MESSAGE][PASSED] - Delayed 1 second(s)

2019-04-21 05:43:57 - [TEST_STEP][PASSED] - click(findTestObject("Object Repository/Page_KiboEngage  Upload Contacts/h3_Upload Contacts (1)")): Object: 'Object Repository/Page_KiboEngage  Upload Contacts/h3_Upload Contacts (1)' is clicked on

2019-04-21 05:43:57 - [MESSAGE][PASSED] - Object: 'Object Repository/Page_KiboEngage  Upload Contacts/h3_Upload Contacts (1)' is clicked on

2019-04-21 05:43:57 - [TEST_STEP][PASSED] - click(findTestObject("Object Repository/Page_KiboEngage  Upload Contacts/button_Submit")): Object: 'Object Repository/Page_KiboEngage  Upload Contacts/button_Submit' is clicked on

2019-04-21 05:43:58 - [MESSAGE][PASSED] - Object: 'Object Repository/Page_KiboEngage  Upload Contacts/button_Submit' is clicked on

2019-04-21 05:43:58 - [TEST_STEP][PASSED] - click(findTestObject("Object Repository/Page_KiboEngage  Upload Contacts/div_Please upload a file or enter numbers manually")): Object: 'Object Repository/Page_KiboEngage  Upload Contacts/div_Please upload a file or enter numbers manually' is clicked on

2019-04-21 05:43:58 - [MESSAGE][PASSED] - Object: 'Object Repository/Page_KiboEngage  Upload Contacts/div_Please upload a file or enter numbers manually' is clicked on]]></system-out>
         <system-err><![CDATA[]]></system-err>
      </testcase>
      <testcase name="Test Cases/SMS/upload contacts/TC11156" classname="Test Cases/SMS/upload contacts/TC11156" status="PASSED">
         <system-out><![CDATA[2019-04-21 05:43:58 - [TEST_CASE][PASSED] - Test Cases/SMS/upload contacts/TC11156: Test Cases/SMS/upload contacts/TC11156

2019-04-21 05:43:58 - [TEST_STEP][PASSED] - click(findTestObject("Page_KiboPush  Dashboard/span_Dashboard")): Object: 'Object Repository/Page_KiboPush  Dashboard/span_Dashboard' is clicked on

2019-04-21 05:43:59 - [MESSAGE][PASSED] - Object: 'Object Repository/Page_KiboPush  Dashboard/span_Dashboard' is clicked on

2019-04-21 05:43:59 - [TEST_STEP][PASSED] - delay(1): Delayed 1 second(s)

2019-04-21 05:44:00 - [MESSAGE][PASSED] - Delayed 1 second(s)

2019-04-21 05:44:00 - [TEST_STEP][PASSED] - click(findTestObject("Object Repository/Page_KiboEngage  Dashboard/span_Upload Contacts")): Object: 'Object Repository/Page_KiboEngage  Dashboard/span_Upload Contacts' is clicked on

2019-04-21 05:44:00 - [MESSAGE][PASSED] - Object: 'Object Repository/Page_KiboEngage  Dashboard/span_Upload Contacts' is clicked on

2019-04-21 05:44:00 - [TEST_STEP][PASSED] - delay(1): Delayed 1 second(s)

2019-04-21 05:44:01 - [MESSAGE][PASSED] - Delayed 1 second(s)

2019-04-21 05:44:01 - [TEST_STEP][PASSED] - click(findTestObject("Object Repository/Page_KiboEngage  Upload Contacts/h3_Upload Contacts (1) (1)")): Object: 'Object Repository/Page_KiboEngage  Upload Contacts/h3_Upload Contacts (1) (1)' is clicked on

2019-04-21 05:44:01 - [MESSAGE][PASSED] - Object: 'Object Repository/Page_KiboEngage  Upload Contacts/h3_Upload Contacts (1) (1)' is clicked on

2019-04-21 05:44:01 - [TEST_STEP][PASSED] - click(findTestObject("Object Repository/Page_KiboEngage  Upload Contacts/button_Enter phone numbers manually")): Object: 'Object Repository/Page_KiboEngage  Upload Contacts/button_Enter phone numbers manually' is clicked on

2019-04-21 05:44:02 - [MESSAGE][PASSED] - Object: 'Object Repository/Page_KiboEngage  Upload Contacts/button_Enter phone numbers manually' is clicked on

2019-04-21 05:44:02 - [TEST_STEP][PASSED] - click(findTestObject("Object Repository/Page_KiboEngage  Upload Contacts/button_Add")): Object: 'Object Repository/Page_KiboEngage  Upload Contacts/button_Add' is clicked on

2019-04-21 05:44:02 - [MESSAGE][PASSED] - Object: 'Object Repository/Page_KiboEngage  Upload Contacts/button_Add' is clicked on

2019-04-21 05:44:02 - [TEST_STEP][PASSED] - click(findTestObject("Object Repository/Page_KiboEngage  Upload Contacts/span_Please fill all the fields")): Object: 'Object Repository/Page_KiboEngage  Upload Contacts/span_Please fill all the fields' is clicked on

2019-04-21 05:44:02 - [MESSAGE][PASSED] - Object: 'Object Repository/Page_KiboEngage  Upload Contacts/span_Please fill all the fields' is clicked on]]></system-out>
         <system-err><![CDATA[]]></system-err>
      </testcase>
      <testcase name="Test Cases/SMS/upload contacts/TC11157" classname="Test Cases/SMS/upload contacts/TC11157" status="PASSED">
         <system-out><![CDATA[2019-04-21 05:44:02 - [TEST_CASE][PASSED] - Test Cases/SMS/upload contacts/TC11157: Test Cases/SMS/upload contacts/TC11157

2019-04-21 05:44:02 - [TEST_STEP][PASSED] - click(findTestObject("Page_KiboPush  Dashboard/span_Dashboard")): Object: 'Object Repository/Page_KiboPush  Dashboard/span_Dashboard' is clicked on

2019-04-21 05:44:03 - [MESSAGE][PASSED] - Object: 'Object Repository/Page_KiboPush  Dashboard/span_Dashboard' is clicked on

2019-04-21 05:44:03 - [TEST_STEP][PASSED] - delay(1): Delayed 1 second(s)

2019-04-21 05:44:04 - [MESSAGE][PASSED] - Delayed 1 second(s)

2019-04-21 05:44:04 - [TEST_STEP][PASSED] - click(findTestObject("Object Repository/Page_KiboEngage  Dashboard/span_Upload Contacts")): Object: 'Object Repository/Page_KiboEngage  Dashboard/span_Upload Contacts' is clicked on

2019-04-21 05:44:04 - [MESSAGE][PASSED] - Object: 'Object Repository/Page_KiboEngage  Dashboard/span_Upload Contacts' is clicked on

2019-04-21 05:44:04 - [TEST_STEP][PASSED] - delay(1): Delayed 1 second(s)

2019-04-21 05:44:05 - [MESSAGE][PASSED] - Delayed 1 second(s)

2019-04-21 05:44:05 - [TEST_STEP][PASSED] - click(findTestObject("Object Repository/Page_KiboEngage  Upload Contacts/h3_Upload Contacts (1) (1) (1)")): Object: 'Object Repository/Page_KiboEngage  Upload Contacts/h3_Upload Contacts (1) (1) (1)' is clicked on

2019-04-21 05:44:05 - [MESSAGE][PASSED] - Object: 'Object Repository/Page_KiboEngage  Upload Contacts/h3_Upload Contacts (1) (1) (1)' is clicked on

2019-04-21 05:44:05 - [TEST_STEP][PASSED] - click(findTestObject("Object Repository/Page_KiboEngage  Upload Contacts/button_Enter phone numbers manually (1)")): Object: 'Object Repository/Page_KiboEngage  Upload Contacts/button_Enter phone numbers manually (1)' is clicked on

2019-04-21 05:44:05 - [MESSAGE][PASSED] - Object: 'Object Repository/Page_KiboEngage  Upload Contacts/button_Enter phone numbers manually (1)' is clicked on

2019-04-21 05:44:05 - [TEST_STEP][PASSED] - setText(findTestObject("Page_KiboEngage  Upload Contacts/input_Upload Contacts_form-control m-input"), "+923333739566"): Text '+923333739566' is set on object 'Object Repository/Page_KiboEngage  Upload Contacts/input_Upload Contacts_form-control m-input'

2019-04-21 05:44:06 - [MESSAGE][PASSED] - Text '+923333739566' is set on object 'Object Repository/Page_KiboEngage  Upload Contacts/input_Upload Contacts_form-control m-input'

2019-04-21 05:44:06 - [TEST_STEP][PASSED] - click(findTestObject("Object Repository/Page_KiboEngage  Upload Contacts/button_Add (1)")): Object: 'Object Repository/Page_KiboEngage  Upload Contacts/button_Add (1)' is clicked on

2019-04-21 05:44:06 - [MESSAGE][PASSED] - Object: 'Object Repository/Page_KiboEngage  Upload Contacts/button_Add (1)' is clicked on

2019-04-21 05:44:06 - [TEST_STEP][PASSED] - click(findTestObject("Object Repository/Page_KiboEngage  Upload Contacts/span_Please fill all the fields (1)")): Object: 'Object Repository/Page_KiboEngage  Upload Contacts/span_Please fill all the fields (1)' is clicked on

2019-04-21 05:44:06 - [MESSAGE][PASSED] - Object: 'Object Repository/Page_KiboEngage  Upload Contacts/span_Please fill all the fields (1)' is clicked on]]></system-out>
         <system-err><![CDATA[]]></system-err>
      </testcase>
      <testcase name="Test Cases/SMS/upload contacts/TC11158" classname="Test Cases/SMS/upload contacts/TC11158" status="PASSED">
         <system-out><![CDATA[2019-04-21 05:44:06 - [TEST_CASE][PASSED] - Test Cases/SMS/upload contacts/TC11158: Test Cases/SMS/upload contacts/TC11158

2019-04-21 05:44:07 - [TEST_STEP][PASSED] - click(findTestObject("Page_KiboPush  Dashboard/span_Dashboard")): Object: 'Object Repository/Page_KiboPush  Dashboard/span_Dashboard' is clicked on

2019-04-21 05:44:07 - [MESSAGE][PASSED] - Object: 'Object Repository/Page_KiboPush  Dashboard/span_Dashboard' is clicked on

2019-04-21 05:44:07 - [TEST_STEP][PASSED] - delay(1): Delayed 1 second(s)

2019-04-21 05:44:08 - [MESSAGE][PASSED] - Delayed 1 second(s)

2019-04-21 05:44:08 - [TEST_STEP][PASSED] - click(findTestObject("Object Repository/Page_KiboEngage  Dashboard/span_Upload Contacts")): Object: 'Object Repository/Page_KiboEngage  Dashboard/span_Upload Contacts' is clicked on

2019-04-21 05:44:08 - [MESSAGE][PASSED] - Object: 'Object Repository/Page_KiboEngage  Dashboard/span_Upload Contacts' is clicked on

2019-04-21 05:44:08 - [TEST_STEP][PASSED] - delay(1): Delayed 1 second(s)

2019-04-21 05:44:09 - [MESSAGE][PASSED] - Delayed 1 second(s)

2019-04-21 05:44:09 - [TEST_STEP][PASSED] - click(findTestObject("Page_KiboEngage  Upload Contacts/h3_Upload Contacts (1) (1) (1) (1)")): Object: 'Object Repository/Page_KiboEngage  Upload Contacts/h3_Upload Contacts (1) (1) (1) (1)' is clicked on

2019-04-21 05:44:10 - [MESSAGE][PASSED] - Object: 'Object Repository/Page_KiboEngage  Upload Contacts/h3_Upload Contacts (1) (1) (1) (1)' is clicked on

2019-04-21 05:44:10 - [TEST_STEP][PASSED] - click(findTestObject("Page_KiboEngage  Upload Contacts/button_Enter phone numbers manually (1) (1)")): Object: 'Object Repository/Page_KiboEngage  Upload Contacts/button_Enter phone numbers manually (1) (1)' is clicked on

2019-04-21 05:44:10 - [MESSAGE][PASSED] - Object: 'Object Repository/Page_KiboEngage  Upload Contacts/button_Enter phone numbers manually (1) (1)' is clicked on

2019-04-21 05:44:10 - [TEST_STEP][PASSED] - click(findTestObject("Page_KiboEngage  Upload Contacts/button_Add (1) (1)")): Object: 'Object Repository/Page_KiboEngage  Upload Contacts/button_Add (1) (1)' is clicked on

2019-04-21 05:44:10 - [MESSAGE][PASSED] - Object: 'Object Repository/Page_KiboEngage  Upload Contacts/button_Add (1) (1)' is clicked on

2019-04-21 05:44:10 - [TEST_STEP][PASSED] - click(findTestObject("Page_KiboEngage  Upload Contacts/span_Please fill all the fields (1) (1)")): Object: 'Object Repository/Page_KiboEngage  Upload Contacts/span_Please fill all the fields (1) (1)' is clicked on

2019-04-21 05:44:10 - [MESSAGE][PASSED] - Object: 'Object Repository/Page_KiboEngage  Upload Contacts/span_Please fill all the fields (1) (1)' is clicked on

2019-04-21 05:44:10 - [TEST_STEP][PASSED] - setText(findTestObject("Page_KiboEngage  Upload Contacts/input_Upload Contacts_form-control m-input (1)"), "Faizan"): Text 'Faizan' is set on object 'Object Repository/Page_KiboEngage  Upload Contacts/input_Upload Contacts_form-control m-input (1)'

2019-04-21 05:44:11 - [MESSAGE][PASSED] - Text 'Faizan' is set on object 'Object Repository/Page_KiboEngage  Upload Contacts/input_Upload Contacts_form-control m-input (1)'

2019-04-21 05:44:11 - [TEST_STEP][PASSED] - click(findTestObject("Page_KiboEngage  Upload Contacts/button_Add (2)")): Object: 'Object Repository/Page_KiboEngage  Upload Contacts/button_Add (2)' is clicked on

2019-04-21 05:44:11 - [MESSAGE][PASSED] - Object: 'Object Repository/Page_KiboEngage  Upload Contacts/button_Add (2)' is clicked on

2019-04-21 05:44:11 - [TEST_STEP][PASSED] - click(findTestObject("Page_KiboEngage  Upload Contacts/span_Please fill all the fields (2)")): Object: 'Object Repository/Page_KiboEngage  Upload Contacts/span_Please fill all the fields (2)' is clicked on

2019-04-21 05:44:11 - [MESSAGE][PASSED] - Object: 'Object Repository/Page_KiboEngage  Upload Contacts/span_Please fill all the fields (2)' is clicked on]]></system-out>
         <system-err><![CDATA[]]></system-err>
      </testcase>
      <testcase name="Test Cases/SMS/upload contacts/TC11159" classname="Test Cases/SMS/upload contacts/TC11159" status="PASSED">
         <system-out><![CDATA[2019-04-21 05:44:11 - [TEST_CASE][PASSED] - Test Cases/SMS/upload contacts/TC11159: Test Cases/SMS/upload contacts/TC11159

2019-04-21 05:44:12 - [TEST_STEP][PASSED] - click(findTestObject("Page_KiboPush  Dashboard/span_Dashboard")): Object: 'Object Repository/Page_KiboPush  Dashboard/span_Dashboard' is clicked on

2019-04-21 05:44:12 - [MESSAGE][PASSED] - Object: 'Object Repository/Page_KiboPush  Dashboard/span_Dashboard' is clicked on

2019-04-21 05:44:12 - [TEST_STEP][PASSED] - delay(1): Delayed 1 second(s)

2019-04-21 05:44:13 - [MESSAGE][PASSED] - Delayed 1 second(s)

2019-04-21 05:44:13 - [TEST_STEP][PASSED] - click(findTestObject("Object Repository/Page_KiboEngage  Dashboard/span_Upload Contacts")): Object: 'Object Repository/Page_KiboEngage  Dashboard/span_Upload Contacts' is clicked on

2019-04-21 05:44:14 - [MESSAGE][PASSED] - Object: 'Object Repository/Page_KiboEngage  Dashboard/span_Upload Contacts' is clicked on

2019-04-21 05:44:14 - [TEST_STEP][PASSED] - delay(1): Delayed 1 second(s)

2019-04-21 05:44:15 - [MESSAGE][PASSED] - Delayed 1 second(s)

2019-04-21 05:44:15 - [TEST_STEP][PASSED] - click(findTestObject("Object Repository/Page_KiboEngage  Upload Contacts/h3_Upload Contacts (1) (1) (1) (1) (1)")): Object: 'Object Repository/Page_KiboEngage  Upload Contacts/h3_Upload Contacts (1) (1) (1) (1) (1)' is clicked on

2019-04-21 05:44:15 - [MESSAGE][PASSED] - Object: 'Object Repository/Page_KiboEngage  Upload Contacts/h3_Upload Contacts (1) (1) (1) (1) (1)' is clicked on

2019-04-21 05:44:15 - [TEST_STEP][PASSED] - click(findTestObject("Object Repository/Page_KiboEngage  Upload Contacts/button_Enter phone numbers manually (1) (1) (1)")): Object: 'Object Repository/Page_KiboEngage  Upload Contacts/button_Enter phone numbers manually (1) (1) (1)' is clicked on

2019-04-21 05:44:16 - [MESSAGE][PASSED] - Object: 'Object Repository/Page_KiboEngage  Upload Contacts/button_Enter phone numbers manually (1) (1) (1)' is clicked on

2019-04-21 05:44:16 - [TEST_STEP][PASSED] - click(findTestObject("Object Repository/Page_KiboEngage  Upload Contacts/button_Add (1) (1) (1)")): Object: 'Object Repository/Page_KiboEngage  Upload Contacts/button_Add (1) (1) (1)' is clicked on

2019-04-21 05:44:16 - [MESSAGE][PASSED] - Object: 'Object Repository/Page_KiboEngage  Upload Contacts/button_Add (1) (1) (1)' is clicked on

2019-04-21 05:44:16 - [TEST_STEP][PASSED] - click(findTestObject("Object Repository/Page_KiboEngage  Upload Contacts/span_Please fill all the fields (1) (1) (1)")): Object: 'Object Repository/Page_KiboEngage  Upload Contacts/span_Please fill all the fields (1) (1) (1)' is clicked on

2019-04-21 05:44:17 - [MESSAGE][PASSED] - Object: 'Object Repository/Page_KiboEngage  Upload Contacts/span_Please fill all the fields (1) (1) (1)' is clicked on

2019-04-21 05:44:17 - [TEST_STEP][PASSED] - setText(findTestObject("Object Repository/Page_KiboEngage  Upload Contacts/input_Upload Contacts_form-control m-input (1) (1)"), "Faizan"): Text 'Faizan' is set on object 'Object Repository/Page_KiboEngage  Upload Contacts/input_Upload Contacts_form-control m-input (1) (1)'

2019-04-21 05:44:17 - [MESSAGE][PASSED] - Text 'Faizan' is set on object 'Object Repository/Page_KiboEngage  Upload Contacts/input_Upload Contacts_form-control m-input (1) (1)'

2019-04-21 05:44:17 - [TEST_STEP][PASSED] - setText(findTestObject("Object Repository/Page_KiboEngage  Upload Contacts/input_Upload Contacts_form-control m-input (2)"), "923333739566"): Text '923333739566' is set on object 'Object Repository/Page_KiboEngage  Upload Contacts/input_Upload Contacts_form-control m-input (2)'

2019-04-21 05:44:18 - [MESSAGE][PASSED] - Text '923333739566' is set on object 'Object Repository/Page_KiboEngage  Upload Contacts/input_Upload Contacts_form-control m-input (2)'

2019-04-21 05:44:18 - [TEST_STEP][PASSED] - click(findTestObject("Object Repository/Page_KiboEngage  Upload Contacts/button_Add (2) (1)")): Object: 'Object Repository/Page_KiboEngage  Upload Contacts/button_Add (2) (1)' is clicked on

2019-04-21 05:44:18 - [MESSAGE][PASSED] - Object: 'Object Repository/Page_KiboEngage  Upload Contacts/button_Add (2) (1)' is clicked on

2019-04-21 05:44:18 - [TEST_STEP][PASSED] - click(findTestObject("Object Repository/Page_KiboEngage  Upload Contacts/span_This number is invalid Please enter a valid number")): Object: 'Object Repository/Page_KiboEngage  Upload Contacts/span_This number is invalid Please enter a valid number' is clicked on

2019-04-21 05:44:18 - [MESSAGE][PASSED] - Object: 'Object Repository/Page_KiboEngage  Upload Contacts/span_This number is invalid Please enter a valid number' is clicked on]]></system-out>
         <system-err><![CDATA[]]></system-err>
      </testcase>
      <testcase name="Test Cases/SMS/upload contacts/TC11160" classname="Test Cases/SMS/upload contacts/TC11160" status="PASSED">
         <system-out><![CDATA[2019-04-21 05:44:18 - [TEST_CASE][PASSED] - Test Cases/SMS/upload contacts/TC11160: Test Cases/SMS/upload contacts/TC11160

2019-04-21 05:44:20 - [TEST_STEP][PASSED] - click(findTestObject("Page_KiboPush  Dashboard/span_Dashboard")): Object: 'Object Repository/Page_KiboPush  Dashboard/span_Dashboard' is clicked on

2019-04-21 05:44:30 - [MESSAGE][PASSED] - Object: 'Object Repository/Page_KiboPush  Dashboard/span_Dashboard' is clicked on

2019-04-21 05:44:31 - [TEST_STEP][PASSED] - delay(1): Delayed 1 second(s)

2019-04-21 05:44:32 - [MESSAGE][PASSED] - Delayed 1 second(s)

2019-04-21 05:44:33 - [TEST_STEP][PASSED] - click(findTestObject("Object Repository/Page_KiboEngage  Dashboard/span_Upload Contacts")): Object: 'Object Repository/Page_KiboEngage  Dashboard/span_Upload Contacts' is clicked on

2019-04-21 05:44:45 - [MESSAGE][PASSED] - Object: 'Object Repository/Page_KiboEngage  Dashboard/span_Upload Contacts' is clicked on

2019-04-21 05:44:46 - [TEST_STEP][PASSED] - delay(1): Delayed 1 second(s)

2019-04-21 05:44:47 - [MESSAGE][PASSED] - Delayed 1 second(s)

2019-04-21 05:44:47 - [TEST_STEP][PASSED] - click(findTestObject("Object Repository/Page_KiboEngage  Upload Contacts/h3_Upload Contacts (1) (1) (1) (1) (1) (1)")): Object: 'Object Repository/Page_KiboEngage  Upload Contacts/h3_Upload Contacts (1) (1) (1) (1) (1) (1)' is clicked on

2019-04-21 05:44:48 - [MESSAGE][PASSED] - Object: 'Object Repository/Page_KiboEngage  Upload Contacts/h3_Upload Contacts (1) (1) (1) (1) (1) (1)' is clicked on

2019-04-21 05:44:48 - [TEST_STEP][PASSED] - click(findTestObject("Object Repository/Page_KiboEngage  Upload Contacts/button_Enter phone numbers manually (1) (1) (1) (1)")): Object: 'Object Repository/Page_KiboEngage  Upload Contacts/button_Enter phone numbers manually (1) (1) (1) (1)' is clicked on

2019-04-21 05:44:48 - [MESSAGE][PASSED] - Object: 'Object Repository/Page_KiboEngage  Upload Contacts/button_Enter phone numbers manually (1) (1) (1) (1)' is clicked on

2019-04-21 05:44:48 - [TEST_STEP][PASSED] - click(findTestObject("Object Repository/Page_KiboEngage  Upload Contacts/button_Add (1) (1) (1) (1)")): Object: 'Object Repository/Page_KiboEngage  Upload Contacts/button_Add (1) (1) (1) (1)' is clicked on

2019-04-21 05:44:48 - [MESSAGE][PASSED] - Object: 'Object Repository/Page_KiboEngage  Upload Contacts/button_Add (1) (1) (1) (1)' is clicked on

2019-04-21 05:44:48 - [TEST_STEP][PASSED] - click(findTestObject("Object Repository/Page_KiboEngage  Upload Contacts/span_Please fill all the fields (1) (1) (1) (1)")): Object: 'Object Repository/Page_KiboEngage  Upload Contacts/span_Please fill all the fields (1) (1) (1) (1)' is clicked on

2019-04-21 05:44:48 - [MESSAGE][PASSED] - Object: 'Object Repository/Page_KiboEngage  Upload Contacts/span_Please fill all the fields (1) (1) (1) (1)' is clicked on

2019-04-21 05:44:48 - [TEST_STEP][PASSED] - setText(findTestObject("Object Repository/Page_KiboEngage  Upload Contacts/input_Upload Contacts_form-control m-input (1) (1) (1)"), "Faizan"): Text 'Faizan' is set on object 'Object Repository/Page_KiboEngage  Upload Contacts/input_Upload Contacts_form-control m-input (1) (1) (1)'

2019-04-21 05:44:49 - [MESSAGE][PASSED] - Text 'Faizan' is set on object 'Object Repository/Page_KiboEngage  Upload Contacts/input_Upload Contacts_form-control m-input (1) (1) (1)'

2019-04-21 05:44:49 - [TEST_STEP][PASSED] - setText(findTestObject("Object Repository/Page_KiboEngage  Upload Contacts/input_Upload Contacts_form-control m-input (2) (1)"), "+923333739566"): Text '+923333739566' is set on object 'Object Repository/Page_KiboEngage  Upload Contacts/input_Upload Contacts_form-control m-input (2) (1)'

2019-04-21 05:44:49 - [MESSAGE][PASSED] - Text '+923333739566' is set on object 'Object Repository/Page_KiboEngage  Upload Contacts/input_Upload Contacts_form-control m-input (2) (1)'

2019-04-21 05:44:49 - [TEST_STEP][PASSED] - click(findTestObject("Object Repository/Page_KiboEngage  Upload Contacts/button_Add (2) (1) (1)")): Object: 'Object Repository/Page_KiboEngage  Upload Contacts/button_Add (2) (1) (1)' is clicked on

2019-04-21 05:44:50 - [MESSAGE][PASSED] - Object: 'Object Repository/Page_KiboEngage  Upload Contacts/button_Add (2) (1) (1)' is clicked on

2019-04-21 05:44:50 - [TEST_STEP][PASSED] - click(findTestObject("Object Repository/Page_KiboEngage  Upload Contacts/button_Submit (1)")): Object: 'Object Repository/Page_KiboEngage  Upload Contacts/button_Submit (1)' is clicked on

2019-04-21 05:44:50 - [MESSAGE][PASSED] - Object: 'Object Repository/Page_KiboEngage  Upload Contacts/button_Submit (1)' is clicked on

2019-04-21 05:44:50 - [TEST_STEP][PASSED] - click(findTestObject("Object Repository/Page_KiboEngage  Upload Contacts/div_Contacts saved successfully")): Object: 'Object Repository/Page_KiboEngage  Upload Contacts/div_Contacts saved successfully' is clicked on

2019-04-21 05:44:53 - [MESSAGE][PASSED] - Object: 'Object Repository/Page_KiboEngage  Upload Contacts/div_Contacts saved successfully' is clicked on]]></system-out>
         <system-err><![CDATA[]]></system-err>
      </testcase>
      <testcase name="Test Cases/SMS/upload contacts/TC11161" classname="Test Cases/SMS/upload contacts/TC11161" status="PASSED">
         <system-out><![CDATA[2019-04-21 05:44:53 - [TEST_CASE][PASSED] - Test Cases/SMS/upload contacts/TC11161: Test Cases/SMS/upload contacts/TC11161

2019-04-21 05:44:54 - [TEST_STEP][PASSED] - click(findTestObject("Page_KiboPush  Dashboard/span_Dashboard")): Object: 'Object Repository/Page_KiboPush  Dashboard/span_Dashboard' is clicked on

2019-04-21 05:45:03 - [MESSAGE][PASSED] - Object: 'Object Repository/Page_KiboPush  Dashboard/span_Dashboard' is clicked on

2019-04-21 05:45:03 - [TEST_STEP][PASSED] - delay(1): Delayed 1 second(s)

2019-04-21 05:45:04 - [MESSAGE][PASSED] - Delayed 1 second(s)

2019-04-21 05:45:04 - [TEST_STEP][PASSED] - click(findTestObject("Object Repository/Page_KiboEngage  Dashboard/span_Upload Contacts")): Object: 'Object Repository/Page_KiboEngage  Dashboard/span_Upload Contacts' is clicked on

2019-04-21 05:45:05 - [MESSAGE][PASSED] - Object: 'Object Repository/Page_KiboEngage  Dashboard/span_Upload Contacts' is clicked on

2019-04-21 05:45:05 - [TEST_STEP][PASSED] - delay(1): Delayed 1 second(s)

2019-04-21 05:45:06 - [MESSAGE][PASSED] - Delayed 1 second(s)

2019-04-21 05:45:06 - [TEST_STEP][PASSED] - click(findTestObject("Object Repository/Page_KiboEngage  Upload Contacts/h3_Upload Contacts (1) (1) (1) (1) (1) (1) (1)")): Object: 'Object Repository/Page_KiboEngage  Upload Contacts/h3_Upload Contacts (1) (1) (1) (1) (1) (1) (1)' is clicked on

2019-04-21 05:45:07 - [MESSAGE][PASSED] - Object: 'Object Repository/Page_KiboEngage  Upload Contacts/h3_Upload Contacts (1) (1) (1) (1) (1) (1) (1)' is clicked on

2019-04-21 05:45:07 - [TEST_STEP][PASSED] - click(findTestObject("Object Repository/Page_KiboEngage  Upload Contacts/button_Enter phone numbers manually (1) (1) (1) (1) (1)")): Object: 'Object Repository/Page_KiboEngage  Upload Contacts/button_Enter phone numbers manually (1) (1) (1) (1) (1)' is clicked on

2019-04-21 05:45:07 - [MESSAGE][PASSED] - Object: 'Object Repository/Page_KiboEngage  Upload Contacts/button_Enter phone numbers manually (1) (1) (1) (1) (1)' is clicked on

2019-04-21 05:45:07 - [TEST_STEP][PASSED] - click(findTestObject("Object Repository/Page_KiboEngage  Upload Contacts/button_Add (1) (1) (1) (1) (1)")): Object: 'Object Repository/Page_KiboEngage  Upload Contacts/button_Add (1) (1) (1) (1) (1)' is clicked on

2019-04-21 05:45:07 - [MESSAGE][PASSED] - Object: 'Object Repository/Page_KiboEngage  Upload Contacts/button_Add (1) (1) (1) (1) (1)' is clicked on

2019-04-21 05:45:07 - [TEST_STEP][PASSED] - click(findTestObject("Object Repository/Page_KiboEngage  Upload Contacts/span_Please fill all the fields (1) (1) (1) (1) (1)")): Object: 'Object Repository/Page_KiboEngage  Upload Contacts/span_Please fill all the fields (1) (1) (1) (1) (1)' is clicked on

2019-04-21 05:45:07 - [MESSAGE][PASSED] - Object: 'Object Repository/Page_KiboEngage  Upload Contacts/span_Please fill all the fields (1) (1) (1) (1) (1)' is clicked on

2019-04-21 05:45:07 - [TEST_STEP][PASSED] - setText(findTestObject("Object Repository/Page_KiboEngage  Upload Contacts/input_Upload Contacts_form-control m-input (1) (1) (1) (1)"), "Faizan"): Text 'Faizan' is set on object 'Object Repository/Page_KiboEngage  Upload Contacts/input_Upload Contacts_form-control m-input (1) (1) (1) (1)'

2019-04-21 05:45:08 - [MESSAGE][PASSED] - Text 'Faizan' is set on object 'Object Repository/Page_KiboEngage  Upload Contacts/input_Upload Contacts_form-control m-input (1) (1) (1) (1)'

2019-04-21 05:45:08 - [TEST_STEP][PASSED] - setText(findTestObject("Object Repository/Page_KiboEngage  Upload Contacts/input_Upload Contacts_form-control m-input (2) (1) (1)"), "+923333739566"): Text '+923333739566' is set on object 'Object Repository/Page_KiboEngage  Upload Contacts/input_Upload Contacts_form-control m-input (2) (1) (1)'

2019-04-21 05:45:08 - [MESSAGE][PASSED] - Text '+923333739566' is set on object 'Object Repository/Page_KiboEngage  Upload Contacts/input_Upload Contacts_form-control m-input (2) (1) (1)'

2019-04-21 05:45:08 - [TEST_STEP][PASSED] - click(findTestObject("Object Repository/Page_KiboEngage  Upload Contacts/button_Add (2) (1) (1) (1)")): Object: 'Object Repository/Page_KiboEngage  Upload Contacts/button_Add (2) (1) (1) (1)' is clicked on

2019-04-21 05:45:08 - [MESSAGE][PASSED] - Object: 'Object Repository/Page_KiboEngage  Upload Contacts/button_Add (2) (1) (1) (1)' is clicked on

2019-04-21 05:45:08 - [TEST_STEP][PASSED] - setText(findTestObject("Object Repository/Page_KiboEngage  Upload Contacts/input_Upload Contacts_form-control m-input (1) (1) (1) (1)"), "Faizan"): Text 'Faizan' is set on object 'Object Repository/Page_KiboEngage  Upload Contacts/input_Upload Contacts_form-control m-input (1) (1) (1) (1)'

2019-04-21 05:45:09 - [MESSAGE][PASSED] - Text 'Faizan' is set on object 'Object Repository/Page_KiboEngage  Upload Contacts/input_Upload Contacts_form-control m-input (1) (1) (1) (1)'

2019-04-21 05:45:09 - [TEST_STEP][PASSED] - setText(findTestObject("Object Repository/Page_KiboEngage  Upload Contacts/input_Upload Contacts_form-control m-input (2) (1) (1)"), "+923333739566"): Text '+923333739566' is set on object 'Object Repository/Page_KiboEngage  Upload Contacts/input_Upload Contacts_form-control m-input (2) (1) (1)'

2019-04-21 05:45:09 - [MESSAGE][PASSED] - Text '+923333739566' is set on object 'Object Repository/Page_KiboEngage  Upload Contacts/input_Upload Contacts_form-control m-input (2) (1) (1)'

2019-04-21 05:45:09 - [TEST_STEP][PASSED] - click(findTestObject("Object Repository/Page_KiboEngage  Upload Contacts/button_Add (2) (1) (1) (1)")): Object: 'Object Repository/Page_KiboEngage  Upload Contacts/button_Add (2) (1) (1) (1)' is clicked on

2019-04-21 05:45:10 - [MESSAGE][PASSED] - Object: 'Object Repository/Page_KiboEngage  Upload Contacts/button_Add (2) (1) (1) (1)' is clicked on

2019-04-21 05:45:10 - [TEST_STEP][PASSED] - click(findTestObject("Object Repository/Page_KiboEngage  Upload Contacts/span_This number is already added")): Object: 'Object Repository/Page_KiboEngage  Upload Contacts/span_This number is already added' is clicked on

2019-04-21 05:45:10 - [MESSAGE][PASSED] - Object: 'Object Repository/Page_KiboEngage  Upload Contacts/span_This number is already added' is clicked on]]></system-out>
         <system-err><![CDATA[]]></system-err>
      </testcase>
      <testcase name="Test Cases/SMS/upload contacts/TC11162" classname="Test Cases/SMS/upload contacts/TC11162" status="PASSED">
         <system-out><![CDATA[2019-04-21 05:45:10 - [TEST_CASE][PASSED] - Test Cases/SMS/upload contacts/TC11162: Test Cases/SMS/upload contacts/TC11162

2019-04-21 05:45:10 - [TEST_STEP][PASSED] - click(findTestObject("Page_KiboPush  Dashboard/span_Dashboard")): Object: 'Object Repository/Page_KiboPush  Dashboard/span_Dashboard' is clicked on

2019-04-21 05:45:11 - [MESSAGE][PASSED] - Object: 'Object Repository/Page_KiboPush  Dashboard/span_Dashboard' is clicked on

2019-04-21 05:45:11 - [TEST_STEP][PASSED] - delay(1): Delayed 1 second(s)

2019-04-21 05:45:12 - [MESSAGE][PASSED] - Delayed 1 second(s)

2019-04-21 05:45:12 - [TEST_STEP][PASSED] - click(findTestObject("Object Repository/Page_KiboEngage  Dashboard/span_Upload Contacts")): Object: 'Object Repository/Page_KiboEngage  Dashboard/span_Upload Contacts' is clicked on

2019-04-21 05:45:12 - [MESSAGE][PASSED] - Object: 'Object Repository/Page_KiboEngage  Dashboard/span_Upload Contacts' is clicked on

2019-04-21 05:45:12 - [TEST_STEP][PASSED] - delay(1): Delayed 1 second(s)

2019-04-21 05:45:13 - [MESSAGE][PASSED] - Delayed 1 second(s)

2019-04-21 05:45:13 - [TEST_STEP][PASSED] - click(findTestObject("Object Repository/Page_KiboEngage  Upload Contacts/h3_Upload Contacts (1) (1) (1) (1) (1) (1) (1) (1)")): Object: 'Object Repository/Page_KiboEngage  Upload Contacts/h3_Upload Contacts (1) (1) (1) (1) (1) (1) (1) (1)' is clicked on

2019-04-21 05:45:13 - [MESSAGE][PASSED] - Object: 'Object Repository/Page_KiboEngage  Upload Contacts/h3_Upload Contacts (1) (1) (1) (1) (1) (1) (1) (1)' is clicked on

2019-04-21 05:45:13 - [TEST_STEP][PASSED] - click(findTestObject("Object Repository/Page_KiboEngage  Upload Contacts/button_Enter phone numbers manually (1) (1) (1) (1) (1) (1)")): Object: 'Object Repository/Page_KiboEngage  Upload Contacts/button_Enter phone numbers manually (1) (1) (1) (1) (1) (1)' is clicked on

2019-04-21 05:45:13 - [MESSAGE][PASSED] - Object: 'Object Repository/Page_KiboEngage  Upload Contacts/button_Enter phone numbers manually (1) (1) (1) (1) (1) (1)' is clicked on

2019-04-21 05:45:13 - [TEST_STEP][PASSED] - click(findTestObject("Object Repository/Page_KiboEngage  Upload Contacts/button_Back")): Object: 'Object Repository/Page_KiboEngage  Upload Contacts/button_Back' is clicked on

2019-04-21 05:45:13 - [MESSAGE][PASSED] - Object: 'Object Repository/Page_KiboEngage  Upload Contacts/button_Back' is clicked on]]></system-out>
         <system-err><![CDATA[]]></system-err>
      </testcase>
      <testcase name="Test Cases/SMS/upload contacts/TC11163" classname="Test Cases/SMS/upload contacts/TC11163" status="PASSED">
         <system-out><![CDATA[2019-04-21 05:45:13 - [TEST_CASE][PASSED] - Test Cases/SMS/upload contacts/TC11163: Test Cases/SMS/upload contacts/TC11163

2019-04-21 05:45:13 - [TEST_STEP][PASSED] - click(findTestObject("Page_KiboPush  Dashboard/span_Dashboard")): Object: 'Object Repository/Page_KiboPush  Dashboard/span_Dashboard' is clicked on

2019-04-21 05:45:13 - [MESSAGE][PASSED] - Object: 'Object Repository/Page_KiboPush  Dashboard/span_Dashboard' is clicked on

2019-04-21 05:45:13 - [TEST_STEP][PASSED] - delay(1): Delayed 1 second(s)

2019-04-21 05:45:14 - [MESSAGE][PASSED] - Delayed 1 second(s)

2019-04-21 05:45:14 - [TEST_STEP][PASSED] - click(findTestObject("Object Repository/Page_KiboEngage  Dashboard/span_Upload Contacts")): Object: 'Object Repository/Page_KiboEngage  Dashboard/span_Upload Contacts' is clicked on

2019-04-21 05:45:15 - [MESSAGE][PASSED] - Object: 'Object Repository/Page_KiboEngage  Dashboard/span_Upload Contacts' is clicked on

2019-04-21 05:45:15 - [TEST_STEP][PASSED] - delay(1): Delayed 1 second(s)

2019-04-21 05:45:16 - [MESSAGE][PASSED] - Delayed 1 second(s)

2019-04-21 05:45:16 - [TEST_STEP][PASSED] - click(findTestObject("Object Repository/Page_KiboEngage  Upload Contacts/h3_Upload Contacts (1) (1) (1) (1) (1) (1) (1) (2)")): Object: 'Object Repository/Page_KiboEngage  Upload Contacts/h3_Upload Contacts (1) (1) (1) (1) (1) (1) (1) (2)' is clicked on

2019-04-21 05:45:16 - [MESSAGE][PASSED] - Object: 'Object Repository/Page_KiboEngage  Upload Contacts/h3_Upload Contacts (1) (1) (1) (1) (1) (1) (1) (2)' is clicked on

2019-04-21 05:45:16 - [TEST_STEP][PASSED] - click(findTestObject("Object Repository/Page_KiboEngage  Upload Contacts/button_Enter phone numbers manually (1) (1) (1) (1) (1) (2)")): Object: 'Object Repository/Page_KiboEngage  Upload Contacts/button_Enter phone numbers manually (1) (1) (1) (1) (1) (2)' is clicked on

2019-04-21 05:45:16 - [MESSAGE][PASSED] - Object: 'Object Repository/Page_KiboEngage  Upload Contacts/button_Enter phone numbers manually (1) (1) (1) (1) (1) (2)' is clicked on

2019-04-21 05:45:16 - [TEST_STEP][PASSED] - click(findTestObject("Object Repository/Page_KiboEngage  Upload Contacts/button_Add (1) (1) (1) (1) (1) (1)")): Object: 'Object Repository/Page_KiboEngage  Upload Contacts/button_Add (1) (1) (1) (1) (1) (1)' is clicked on

2019-04-21 05:45:16 - [MESSAGE][PASSED] - Object: 'Object Repository/Page_KiboEngage  Upload Contacts/button_Add (1) (1) (1) (1) (1) (1)' is clicked on

2019-04-21 05:45:16 - [TEST_STEP][PASSED] - click(findTestObject("Object Repository/Page_KiboEngage  Upload Contacts/span_Please fill all the fields (1) (1) (1) (1) (1) (1)")): Object: 'Object Repository/Page_KiboEngage  Upload Contacts/span_Please fill all the fields (1) (1) (1) (1) (1) (1)' is clicked on

2019-04-21 05:45:17 - [MESSAGE][PASSED] - Object: 'Object Repository/Page_KiboEngage  Upload Contacts/span_Please fill all the fields (1) (1) (1) (1) (1) (1)' is clicked on

2019-04-21 05:45:17 - [TEST_STEP][PASSED] - setText(findTestObject("Object Repository/Page_KiboEngage  Upload Contacts/input_Upload Contacts_form-control m-input (1) (1) (1) (1) (1)"), "Faizan"): Text 'Faizan' is set on object 'Object Repository/Page_KiboEngage  Upload Contacts/input_Upload Contacts_form-control m-input (1) (1) (1) (1) (1)'

2019-04-21 05:45:17 - [MESSAGE][PASSED] - Text 'Faizan' is set on object 'Object Repository/Page_KiboEngage  Upload Contacts/input_Upload Contacts_form-control m-input (1) (1) (1) (1) (1)'

2019-04-21 05:45:17 - [TEST_STEP][PASSED] - setText(findTestObject("Object Repository/Page_KiboEngage  Upload Contacts/input_Upload Contacts_form-control m-input (2) (1) (1) (1)"), "+923333739566"): Text '+923333739566' is set on object 'Object Repository/Page_KiboEngage  Upload Contacts/input_Upload Contacts_form-control m-input (2) (1) (1) (1)'

2019-04-21 05:45:17 - [MESSAGE][PASSED] - Text '+923333739566' is set on object 'Object Repository/Page_KiboEngage  Upload Contacts/input_Upload Contacts_form-control m-input (2) (1) (1) (1)'

2019-04-21 05:45:17 - [TEST_STEP][PASSED] - click(findTestObject("Object Repository/Page_KiboEngage  Upload Contacts/button_Add (2) (1) (1) (1) (1)")): Object: 'Object Repository/Page_KiboEngage  Upload Contacts/button_Add (2) (1) (1) (1) (1)' is clicked on

2019-04-21 05:45:18 - [MESSAGE][PASSED] - Object: 'Object Repository/Page_KiboEngage  Upload Contacts/button_Add (2) (1) (1) (1) (1)' is clicked on

2019-04-21 05:45:18 - [TEST_STEP][PASSED] - click(findTestObject("Object Repository/Page_KiboEngage  Upload Contacts/i_Faizan_fa fa-times-circle")): Object: 'Object Repository/Page_KiboEngage  Upload Contacts/i_Faizan_fa fa-times-circle' is clicked on

2019-04-21 05:45:18 - [MESSAGE][PASSED] - Object: 'Object Repository/Page_KiboEngage  Upload Contacts/i_Faizan_fa fa-times-circle' is clicked on]]></system-out>
         <system-err><![CDATA[]]></system-err>
      </testcase>
      <testcase name="Test Cases/SMS/sms broadcast/TC11171" classname="Test Cases/SMS/sms broadcast/TC11171" status="PASSED">
         <system-out><![CDATA[2019-04-21 05:45:18 - [TEST_CASE][PASSED] - Test Cases/SMS/sms broadcast/TC11171: Test Cases/SMS/sms broadcast/TC11171

2019-04-21 05:45:18 - [TEST_STEP][PASSED] - click(findTestObject("Page_KiboPush  Dashboard/span_Dashboard")): Object: 'Object Repository/Page_KiboPush  Dashboard/span_Dashboard' is clicked on

2019-04-21 05:45:18 - [MESSAGE][PASSED] - Object: 'Object Repository/Page_KiboPush  Dashboard/span_Dashboard' is clicked on

2019-04-21 05:45:18 - [TEST_STEP][PASSED] - delay(1): Delayed 1 second(s)

2019-04-21 05:45:19 - [MESSAGE][PASSED] - Delayed 1 second(s)

2019-04-21 05:45:19 - [TEST_STEP][PASSED] - click(findTestObject("Page_KiboEngage  Dashboard/span_Broadcasting (1)")): Object: 'Object Repository/Page_KiboEngage  Dashboard/span_Broadcasting (1)' is clicked on

2019-04-21 05:45:20 - [MESSAGE][PASSED] - Object: 'Object Repository/Page_KiboEngage  Dashboard/span_Broadcasting (1)' is clicked on

2019-04-21 05:45:20 - [TEST_STEP][PASSED] - delay(1): Delayed 1 second(s)

2019-04-21 05:45:21 - [MESSAGE][PASSED] - Delayed 1 second(s)

2019-04-21 05:45:21 - [TEST_STEP][PASSED] - click(findTestObject("Object Repository/Page_KiboEngage  Dashboard/span_Broadcasts")): Object: 'Object Repository/Page_KiboEngage  Dashboard/span_Broadcasts' is clicked on

2019-04-21 05:45:21 - [MESSAGE][PASSED] - Object: 'Object Repository/Page_KiboEngage  Dashboard/span_Broadcasts' is clicked on

2019-04-21 05:45:21 - [TEST_STEP][PASSED] - delay(1): Delayed 1 second(s)

2019-04-21 05:45:22 - [MESSAGE][PASSED] - Delayed 1 second(s)

2019-04-21 05:45:22 - [TEST_STEP][PASSED] - click(findTestObject("Object Repository/Page_KiboEngage  Broadcasts/h3_Broadcasts")): Object: 'Object Repository/Page_KiboEngage  Broadcasts/h3_Broadcasts' is clicked on

2019-04-21 05:45:22 - [MESSAGE][PASSED] - Object: 'Object Repository/Page_KiboEngage  Broadcasts/h3_Broadcasts' is clicked on]]></system-out>
         <system-err><![CDATA[]]></system-err>
      </testcase>
      <testcase name="Test Cases/SMS/sms broadcast/TC11172" classname="Test Cases/SMS/sms broadcast/TC11172" status="PASSED">
         <system-out><![CDATA[2019-04-21 05:45:22 - [TEST_CASE][PASSED] - Test Cases/SMS/sms broadcast/TC11172: Test Cases/SMS/sms broadcast/TC11172

2019-04-21 05:45:23 - [TEST_STEP][PASSED] - click(findTestObject("Page_KiboPush  Dashboard/span_Dashboard")): Object: 'Object Repository/Page_KiboPush  Dashboard/span_Dashboard' is clicked on

2019-04-21 05:45:23 - [MESSAGE][PASSED] - Object: 'Object Repository/Page_KiboPush  Dashboard/span_Dashboard' is clicked on

2019-04-21 05:45:23 - [TEST_STEP][PASSED] - delay(1): Delayed 1 second(s)

2019-04-21 05:45:24 - [MESSAGE][PASSED] - Delayed 1 second(s)

2019-04-21 05:45:24 - [TEST_STEP][PASSED] - click(findTestObject("Object Repository/Page_KiboEngage  Dashboard/span_Broadcasts")): Object: 'Object Repository/Page_KiboEngage  Dashboard/span_Broadcasts' is clicked on

2019-04-21 05:45:42 - [MESSAGE][PASSED] - Object: 'Object Repository/Page_KiboEngage  Dashboard/span_Broadcasts' is clicked on

2019-04-21 05:45:42 - [TEST_STEP][PASSED] - delay(1): Delayed 1 second(s)

2019-04-21 05:45:43 - [MESSAGE][PASSED] - Delayed 1 second(s)

2019-04-21 05:45:43 - [TEST_STEP][PASSED] - click(findTestObject("Object Repository/Page_KiboEngage  Broadcasts/h3_Broadcasts")): Object: 'Object Repository/Page_KiboEngage  Broadcasts/h3_Broadcasts' is clicked on

2019-04-21 05:45:48 - [MESSAGE][PASSED] - Object: 'Object Repository/Page_KiboEngage  Broadcasts/h3_Broadcasts' is clicked on

2019-04-21 05:45:48 - [TEST_STEP][PASSED] - delay(1): Delayed 1 second(s)

2019-04-21 05:45:49 - [MESSAGE][PASSED] - Delayed 1 second(s)

2019-04-21 05:45:49 - [TEST_STEP][PASSED] - driver = getWebDriver(): null

2019-04-21 05:45:49 - [TEST_STEP][PASSED] - Table = driver.findElement(By.xpath("//*[@id="ajax_data"]/table/tbody")): null

2019-04-21 05:45:49 - [TEST_STEP][PASSED] - rows_table = Table.findElements(By.tagName("tr")): null

2019-04-21 05:45:49 - [TEST_STEP][PASSED] - verifyGreaterThanOrEqual(rows_table.size(), 1): Actual number '5' is greater than or equal to expected number '1'

2019-04-21 05:45:49 - [MESSAGE][PASSED] - Actual number '5' is greater than or equal to expected number '1']]></system-out>
         <system-err><![CDATA[]]></system-err>
      </testcase>
      <testcase name="Test Cases/SMS/sms broadcast/TC11173" classname="Test Cases/SMS/sms broadcast/TC11173" status="PASSED">
         <system-out><![CDATA[2019-04-21 05:45:50 - [TEST_CASE][PASSED] - Test Cases/SMS/sms broadcast/TC11173: Test Cases/SMS/sms broadcast/TC11173

2019-04-21 05:45:52 - [TEST_STEP][PASSED] - click(findTestObject("Page_KiboPush  Dashboard/span_Dashboard")): Object: 'Object Repository/Page_KiboPush  Dashboard/span_Dashboard' is clicked on

2019-04-21 05:46:18 - [MESSAGE][PASSED] - Object: 'Object Repository/Page_KiboPush  Dashboard/span_Dashboard' is clicked on

2019-04-21 05:46:18 - [TEST_STEP][PASSED] - delay(1): Delayed 1 second(s)

2019-04-21 05:46:20 - [MESSAGE][PASSED] - Delayed 1 second(s)

2019-04-21 05:46:20 - [TEST_STEP][PASSED] - click(findTestObject("Object Repository/Page_KiboEngage  Dashboard/span_Broadcasts")): Object: 'Object Repository/Page_KiboEngage  Dashboard/span_Broadcasts' is clicked on

2019-04-21 05:46:51 - [MESSAGE][PASSED] - Object: 'Object Repository/Page_KiboEngage  Dashboard/span_Broadcasts' is clicked on

2019-04-21 05:46:51 - [TEST_STEP][PASSED] - delay(1): Delayed 1 second(s)

2019-04-21 05:46:52 - [MESSAGE][PASSED] - Delayed 1 second(s)

2019-04-21 05:46:53 - [TEST_STEP][PASSED] - click(findTestObject("Object Repository/Page_KiboEngage  Broadcasts/h3_Broadcasts")): Object: 'Object Repository/Page_KiboEngage  Broadcasts/h3_Broadcasts' is clicked on

2019-04-21 05:47:02 - [MESSAGE][PASSED] - Object: 'Object Repository/Page_KiboEngage  Broadcasts/h3_Broadcasts' is clicked on

2019-04-21 05:47:02 - [TEST_STEP][PASSED] - delay(1): Delayed 1 second(s)

2019-04-21 05:47:03 - [MESSAGE][PASSED] - Delayed 1 second(s)]]></system-out>
         <system-err><![CDATA[]]></system-err>
      </testcase>
      <testcase name="Test Cases/SMS/sms broadcast/TC11174" classname="Test Cases/SMS/sms broadcast/TC11174" status="PASSED">
         <system-out><![CDATA[2019-04-21 05:47:03 - [TEST_CASE][PASSED] - Test Cases/SMS/sms broadcast/TC11174: Test Cases/SMS/sms broadcast/TC11174

2019-04-21 05:47:06 - [TEST_STEP][PASSED] - click(findTestObject("Page_KiboPush  Dashboard/span_Dashboard")): Object: 'Object Repository/Page_KiboPush  Dashboard/span_Dashboard' is clicked on

2019-04-21 05:47:23 - [MESSAGE][PASSED] - Object: 'Object Repository/Page_KiboPush  Dashboard/span_Dashboard' is clicked on

2019-04-21 05:47:23 - [TEST_STEP][PASSED] - delay(1): Delayed 1 second(s)

2019-04-21 05:47:24 - [MESSAGE][PASSED] - Delayed 1 second(s)

2019-04-21 05:47:24 - [TEST_STEP][PASSED] - click(findTestObject("Object Repository/Page_KiboEngage  Dashboard/span_Broadcasts")): Object: 'Object Repository/Page_KiboEngage  Dashboard/span_Broadcasts' is clicked on

2019-04-21 05:47:30 - [MESSAGE][PASSED] - Object: 'Object Repository/Page_KiboEngage  Dashboard/span_Broadcasts' is clicked on

2019-04-21 05:47:30 - [TEST_STEP][PASSED] - delay(1): Delayed 1 second(s)

2019-04-21 05:47:31 - [MESSAGE][PASSED] - Delayed 1 second(s)

2019-04-21 05:47:31 - [TEST_STEP][PASSED] - click(findTestObject("Object Repository/Page_KiboEngage  Broadcasts/h3_Broadcasts")): Object: 'Object Repository/Page_KiboEngage  Broadcasts/h3_Broadcasts' is clicked on

2019-04-21 05:47:34 - [MESSAGE][PASSED] - Object: 'Object Repository/Page_KiboEngage  Broadcasts/h3_Broadcasts' is clicked on

2019-04-21 05:47:34 - [TEST_STEP][PASSED] - delay(1): Delayed 1 second(s)

2019-04-21 05:47:35 - [MESSAGE][PASSED] - Delayed 1 second(s)]]></system-out>
         <system-err><![CDATA[]]></system-err>
      </testcase>
      <testcase name="Test Cases/SMS/sms broadcast/TC11175" classname="Test Cases/SMS/sms broadcast/TC11175" status="PASSED">
         <system-out><![CDATA[2019-04-21 05:47:35 - [TEST_CASE][PASSED] - Test Cases/SMS/sms broadcast/TC11175: Test Cases/SMS/sms broadcast/TC11175

2019-04-21 05:47:36 - [TEST_STEP][PASSED] - click(findTestObject("Page_KiboPush  Dashboard/span_Dashboard")): Object: 'Object Repository/Page_KiboPush  Dashboard/span_Dashboard' is clicked on

2019-04-21 05:47:36 - [MESSAGE][PASSED] - Object: 'Object Repository/Page_KiboPush  Dashboard/span_Dashboard' is clicked on

2019-04-21 05:47:36 - [TEST_STEP][PASSED] - delay(1): Delayed 1 second(s)

2019-04-21 05:47:37 - [MESSAGE][PASSED] - Delayed 1 second(s)

2019-04-21 05:47:37 - [TEST_STEP][PASSED] - click(findTestObject("Object Repository/Page_KiboEngage  Dashboard/span_Broadcasts")): Object: 'Object Repository/Page_KiboEngage  Dashboard/span_Broadcasts' is clicked on

2019-04-21 05:47:51 - [MESSAGE][PASSED] - Object: 'Object Repository/Page_KiboEngage  Dashboard/span_Broadcasts' is clicked on

2019-04-21 05:47:52 - [TEST_STEP][PASSED] - delay(1): Delayed 1 second(s)

2019-04-21 05:47:53 - [MESSAGE][PASSED] - Delayed 1 second(s)

2019-04-21 05:47:53 - [TEST_STEP][PASSED] - click(findTestObject("Object Repository/Page_KiboEngage  Broadcasts/h3_Broadcasts")): Object: 'Object Repository/Page_KiboEngage  Broadcasts/h3_Broadcasts' is clicked on

2019-04-21 05:47:54 - [MESSAGE][PASSED] - Object: 'Object Repository/Page_KiboEngage  Broadcasts/h3_Broadcasts' is clicked on

2019-04-21 05:47:54 - [TEST_STEP][PASSED] - delay(1): Delayed 1 second(s)

2019-04-21 05:47:55 - [MESSAGE][PASSED] - Delayed 1 second(s)]]></system-out>
         <system-err><![CDATA[]]></system-err>
      </testcase>
      <testcase name="Test Cases/SMS/sms broadcast/TC11176" classname="Test Cases/SMS/sms broadcast/TC11176" status="PASSED">
         <system-out><![CDATA[2019-04-21 05:47:55 - [TEST_CASE][PASSED] - Test Cases/SMS/sms broadcast/TC11176: Test Cases/SMS/sms broadcast/TC11176

2019-04-21 05:47:55 - [TEST_STEP][PASSED] - click(findTestObject("Page_KiboPush  Dashboard/span_Dashboard")): Object: 'Object Repository/Page_KiboPush  Dashboard/span_Dashboard' is clicked on

2019-04-21 05:47:57 - [MESSAGE][PASSED] - Object: 'Object Repository/Page_KiboPush  Dashboard/span_Dashboard' is clicked on

2019-04-21 05:47:57 - [TEST_STEP][PASSED] - delay(1): Delayed 1 second(s)

2019-04-21 05:47:58 - [MESSAGE][PASSED] - Delayed 1 second(s)

2019-04-21 05:47:58 - [TEST_STEP][PASSED] - click(findTestObject("Object Repository/Page_KiboEngage  Dashboard/span_Broadcasts")): Object: 'Object Repository/Page_KiboEngage  Dashboard/span_Broadcasts' is clicked on

2019-04-21 05:48:01 - [MESSAGE][PASSED] - Object: 'Object Repository/Page_KiboEngage  Dashboard/span_Broadcasts' is clicked on

2019-04-21 05:48:01 - [TEST_STEP][PASSED] - delay(1): Delayed 1 second(s)

2019-04-21 05:48:02 - [MESSAGE][PASSED] - Delayed 1 second(s)

2019-04-21 05:48:02 - [TEST_STEP][PASSED] - click(findTestObject("Object Repository/Page_KiboEngage  Broadcasts/h3_Broadcasts (1) (1) (1)")): Object: 'Object Repository/Page_KiboEngage  Broadcasts/h3_Broadcasts (1) (1) (1)' is clicked on

2019-04-21 05:48:03 - [MESSAGE][PASSED] - Object: 'Object Repository/Page_KiboEngage  Broadcasts/h3_Broadcasts (1) (1) (1)' is clicked on

2019-04-21 05:48:03 - [TEST_STEP][PASSED] - delay(1): Delayed 1 second(s)

2019-04-21 05:48:04 - [MESSAGE][PASSED] - Delayed 1 second(s)

2019-04-21 05:48:04 - [TEST_STEP][PASSED] - click(findTestObject("Object Repository/Page_KiboEngage  Broadcasts/span_Create New (1) (1)")): Object: 'Object Repository/Page_KiboEngage  Broadcasts/span_Create New (1) (1)' is clicked on

2019-04-21 05:48:05 - [MESSAGE][PASSED] - Object: 'Object Repository/Page_KiboEngage  Broadcasts/span_Create New (1) (1)' is clicked on

2019-04-21 05:48:05 - [TEST_STEP][PASSED] - click(findTestObject("Object Repository/Page_KiboEngage  Broadcasts/button_Create New Broadcast (1) (1)")): Object: 'Object Repository/Page_KiboEngage  Broadcasts/button_Create New Broadcast (1) (1)' is clicked on

2019-04-21 05:48:06 - [MESSAGE][PASSED] - Object: 'Object Repository/Page_KiboEngage  Broadcasts/button_Create New Broadcast (1) (1)' is clicked on]]></system-out>
         <system-err><![CDATA[]]></system-err>
      </testcase>
      <testcase name="Test Cases/SMS/sms broadcast/TC11177" classname="Test Cases/SMS/sms broadcast/TC11177" status="PASSED">
         <system-out><![CDATA[2019-04-21 05:48:06 - [TEST_CASE][PASSED] - Test Cases/SMS/sms broadcast/TC11177: Test Cases/SMS/sms broadcast/TC11177

2019-04-21 05:48:09 - [TEST_STEP][PASSED] - click(findTestObject("Page_KiboPush  Dashboard/span_Dashboard")): Object: 'Object Repository/Page_KiboPush  Dashboard/span_Dashboard' is clicked on

2019-04-21 05:48:15 - [MESSAGE][PASSED] - Object: 'Object Repository/Page_KiboPush  Dashboard/span_Dashboard' is clicked on

2019-04-21 05:48:20 - [TEST_STEP][PASSED] - delay(1): Delayed 1 second(s)

2019-04-21 05:48:22 - [MESSAGE][PASSED] - Delayed 1 second(s)

2019-04-21 05:48:22 - [TEST_STEP][PASSED] - click(findTestObject("Object Repository/Page_KiboEngage  Dashboard/span_Broadcasts")): Object: 'Object Repository/Page_KiboEngage  Dashboard/span_Broadcasts' is clicked on

2019-04-21 05:48:30 - [MESSAGE][PASSED] - Object: 'Object Repository/Page_KiboEngage  Dashboard/span_Broadcasts' is clicked on

2019-04-21 05:48:30 - [TEST_STEP][PASSED] - delay(1): Delayed 1 second(s)

2019-04-21 05:48:32 - [MESSAGE][PASSED] - Delayed 1 second(s)

2019-04-21 05:48:32 - [TEST_STEP][PASSED] - click(findTestObject("Object Repository/Page_KiboEngage  Broadcasts/h3_Broadcasts (1)")): Object: 'Object Repository/Page_KiboEngage  Broadcasts/h3_Broadcasts (1)' is clicked on

2019-04-21 05:48:36 - [MESSAGE][PASSED] - Object: 'Object Repository/Page_KiboEngage  Broadcasts/h3_Broadcasts (1)' is clicked on

2019-04-21 05:48:36 - [TEST_STEP][PASSED] - delay(1): Delayed 1 second(s)

2019-04-21 05:48:37 - [MESSAGE][PASSED] - Delayed 1 second(s)

2019-04-21 05:48:37 - [TEST_STEP][PASSED] - click(findTestObject("Object Repository/Page_KiboEngage  Broadcasts/span_Create New")): Object: 'Object Repository/Page_KiboEngage  Broadcasts/span_Create New' is clicked on

2019-04-21 05:48:38 - [MESSAGE][PASSED] - Object: 'Object Repository/Page_KiboEngage  Broadcasts/span_Create New' is clicked on

2019-04-21 05:48:38 - [TEST_STEP][PASSED] - click(findTestObject("Object Repository/Page_KiboEngage  Broadcasts/button_Create New Broadcast")): Object: 'Object Repository/Page_KiboEngage  Broadcasts/button_Create New Broadcast' is clicked on

2019-04-21 05:48:40 - [MESSAGE][PASSED] - Object: 'Object Repository/Page_KiboEngage  Broadcasts/button_Create New Broadcast' is clicked on

2019-04-21 05:48:40 - [TEST_STEP][PASSED] - delay(1): Delayed 1 second(s)

2019-04-21 05:48:41 - [MESSAGE][PASSED] - Delayed 1 second(s)

2019-04-21 05:48:41 - [TEST_STEP][PASSED] - click(findTestObject("Object Repository/Page_KiboEngage  Broadcasts/span_Send")): Object: 'Object Repository/Page_KiboEngage  Broadcasts/span_Send' is clicked on

2019-04-21 05:48:41 - [MESSAGE][PASSED] - Object: 'Object Repository/Page_KiboEngage  Broadcasts/span_Send' is clicked on

2019-04-21 05:48:41 - [TEST_STEP][PASSED] - click(findTestObject("Object Repository/Page_KiboEngage  Broadcasts/div_Please enter the title of the broadcast")): Object: 'Object Repository/Page_KiboEngage  Broadcasts/div_Please enter the title of the broadcast' is clicked on

2019-04-21 05:48:42 - [MESSAGE][PASSED] - Object: 'Object Repository/Page_KiboEngage  Broadcasts/div_Please enter the title of the broadcast' is clicked on]]></system-out>
         <system-err><![CDATA[]]></system-err>
      </testcase>
      <testcase name="Test Cases/SMS/sms broadcast/TC11178" classname="Test Cases/SMS/sms broadcast/TC11178" status="PASSED">
         <system-out><![CDATA[2019-04-21 05:48:42 - [TEST_CASE][PASSED] - Test Cases/SMS/sms broadcast/TC11178: Test Cases/SMS/sms broadcast/TC11178

2019-04-21 05:48:42 - [TEST_STEP][PASSED] - click(findTestObject("Page_KiboPush  Dashboard/span_Dashboard")): Object: 'Object Repository/Page_KiboPush  Dashboard/span_Dashboard' is clicked on

2019-04-21 05:48:44 - [MESSAGE][PASSED] - Object: 'Object Repository/Page_KiboPush  Dashboard/span_Dashboard' is clicked on

2019-04-21 05:48:44 - [TEST_STEP][PASSED] - delay(1): Delayed 1 second(s)

2019-04-21 05:48:45 - [MESSAGE][PASSED] - Delayed 1 second(s)

2019-04-21 05:48:45 - [TEST_STEP][PASSED] - click(findTestObject("Object Repository/Page_KiboEngage  Dashboard/span_Broadcasts")): Object: 'Object Repository/Page_KiboEngage  Dashboard/span_Broadcasts' is clicked on

2019-04-21 05:48:54 - [MESSAGE][PASSED] - Object: 'Object Repository/Page_KiboEngage  Dashboard/span_Broadcasts' is clicked on

2019-04-21 05:48:54 - [TEST_STEP][PASSED] - delay(1): Delayed 1 second(s)

2019-04-21 05:48:56 - [MESSAGE][PASSED] - Delayed 1 second(s)

2019-04-21 05:48:56 - [TEST_STEP][PASSED] - click(findTestObject("Page_KiboEngage  Broadcasts/h3_Broadcasts (1) (1)")): Object: 'Object Repository/Page_KiboEngage  Broadcasts/h3_Broadcasts (1) (1)' is clicked on

2019-04-21 05:49:00 - [MESSAGE][PASSED] - Object: 'Object Repository/Page_KiboEngage  Broadcasts/h3_Broadcasts (1) (1)' is clicked on

2019-04-21 05:49:00 - [TEST_STEP][PASSED] - delay(1): Delayed 1 second(s)

2019-04-21 05:49:01 - [MESSAGE][PASSED] - Delayed 1 second(s)

2019-04-21 05:49:01 - [TEST_STEP][PASSED] - click(findTestObject("Page_KiboEngage  Broadcasts/span_Create New (1)")): Object: 'Object Repository/Page_KiboEngage  Broadcasts/span_Create New (1)' is clicked on

2019-04-21 05:49:03 - [MESSAGE][PASSED] - Object: 'Object Repository/Page_KiboEngage  Broadcasts/span_Create New (1)' is clicked on

2019-04-21 05:49:03 - [TEST_STEP][PASSED] - click(findTestObject("Page_KiboEngage  Broadcasts/button_Create New Broadcast (1)")): Object: 'Object Repository/Page_KiboEngage  Broadcasts/button_Create New Broadcast (1)' is clicked on

2019-04-21 05:49:10 - [MESSAGE][PASSED] - Object: 'Object Repository/Page_KiboEngage  Broadcasts/button_Create New Broadcast (1)' is clicked on

2019-04-21 05:49:10 - [TEST_STEP][PASSED] - delay(1): Delayed 1 second(s)

2019-04-21 05:49:11 - [MESSAGE][PASSED] - Delayed 1 second(s)

2019-04-21 05:49:11 - [TEST_STEP][PASSED] - setText(findTestObject("Page_KiboEngage  Broadcasts/textarea_HELLO"), "HELLO"): Text 'HELLO' is set on object 'Object Repository/Page_KiboEngage  Broadcasts/textarea_HELLO'

2019-04-21 05:49:27 - [MESSAGE][PASSED] - Text 'HELLO' is set on object 'Object Repository/Page_KiboEngage  Broadcasts/textarea_HELLO'

2019-04-21 05:49:28 - [TEST_STEP][PASSED] - click(findTestObject("Page_KiboEngage  Broadcasts/span_Send (1)")): Object: 'Object Repository/Page_KiboEngage  Broadcasts/span_Send (1)' is clicked on

2019-04-21 05:49:30 - [MESSAGE][PASSED] - Object: 'Object Repository/Page_KiboEngage  Broadcasts/span_Send (1)' is clicked on

2019-04-21 05:49:30 - [TEST_STEP][PASSED] - click(findTestObject("Page_KiboEngage  Broadcasts/div_Please enter the title of the broadcast (1)")): Object: 'Object Repository/Page_KiboEngage  Broadcasts/div_Please enter the title of the broadcast (1)' is clicked on

2019-04-21 05:49:30 - [MESSAGE][PASSED] - Object: 'Object Repository/Page_KiboEngage  Broadcasts/div_Please enter the title of the broadcast (1)' is clicked on]]></system-out>
         <system-err><![CDATA[]]></system-err>
      </testcase>
      <testcase name="Test Cases/SMS/sms broadcast/TC11179" classname="Test Cases/SMS/sms broadcast/TC11179" status="PASSED">
         <system-out><![CDATA[2019-04-21 05:49:30 - [TEST_CASE][PASSED] - Test Cases/SMS/sms broadcast/TC11179: Test Cases/SMS/sms broadcast/TC11179

2019-04-21 05:49:31 - [TEST_STEP][PASSED] - click(findTestObject("Page_KiboPush  Dashboard/span_Dashboard")): Object: 'Object Repository/Page_KiboPush  Dashboard/span_Dashboard' is clicked on

2019-04-21 05:49:40 - [MESSAGE][PASSED] - Object: 'Object Repository/Page_KiboPush  Dashboard/span_Dashboard' is clicked on

2019-04-21 05:49:40 - [TEST_STEP][PASSED] - delay(1): Delayed 1 second(s)

2019-04-21 05:49:41 - [MESSAGE][PASSED] - Delayed 1 second(s)

2019-04-21 05:49:41 - [TEST_STEP][PASSED] - click(findTestObject("Object Repository/Page_KiboEngage  Dashboard/span_Broadcasts")): Object: 'Object Repository/Page_KiboEngage  Dashboard/span_Broadcasts' is clicked on

2019-04-21 05:50:09 - [MESSAGE][PASSED] - Object: 'Object Repository/Page_KiboEngage  Dashboard/span_Broadcasts' is clicked on

2019-04-21 05:50:09 - [TEST_STEP][PASSED] - delay(1): Delayed 1 second(s)

2019-04-21 05:50:10 - [MESSAGE][PASSED] - Delayed 1 second(s)

2019-04-21 05:50:10 - [TEST_STEP][PASSED] - click(findTestObject("Object Repository/Page_KiboEngage  Broadcasts/h3_Broadcasts (1) (1) (1)")): Object: 'Object Repository/Page_KiboEngage  Broadcasts/h3_Broadcasts (1) (1) (1)' is clicked on

2019-04-21 05:50:11 - [MESSAGE][PASSED] - Object: 'Object Repository/Page_KiboEngage  Broadcasts/h3_Broadcasts (1) (1) (1)' is clicked on

2019-04-21 05:50:11 - [TEST_STEP][PASSED] - delay(1): Delayed 1 second(s)

2019-04-21 05:50:12 - [MESSAGE][PASSED] - Delayed 1 second(s)

2019-04-21 05:50:12 - [TEST_STEP][PASSED] - click(findTestObject("Object Repository/Page_KiboEngage  Broadcasts/span_Create New (1) (1)")): Object: 'Object Repository/Page_KiboEngage  Broadcasts/span_Create New (1) (1)' is clicked on

2019-04-21 05:50:13 - [MESSAGE][PASSED] - Object: 'Object Repository/Page_KiboEngage  Broadcasts/span_Create New (1) (1)' is clicked on

2019-04-21 05:50:13 - [TEST_STEP][PASSED] - click(findTestObject("Object Repository/Page_KiboEngage  Broadcasts/button_Create New Broadcast (1) (1)")): Object: 'Object Repository/Page_KiboEngage  Broadcasts/button_Create New Broadcast (1) (1)' is clicked on

2019-04-21 05:50:15 - [MESSAGE][PASSED] - Object: 'Object Repository/Page_KiboEngage  Broadcasts/button_Create New Broadcast (1) (1)' is clicked on

2019-04-21 05:50:15 - [TEST_STEP][PASSED] - delay(1): Delayed 1 second(s)

2019-04-21 05:50:16 - [MESSAGE][PASSED] - Delayed 1 second(s)

2019-04-21 05:50:16 - [TEST_STEP][PASSED] - setText(findTestObject("Object Repository/Page_KiboEngage  Broadcasts/input_Push Message_form-control m-input"), "faizan"): Text 'faizan' is set on object 'Object Repository/Page_KiboEngage  Broadcasts/input_Push Message_form-control m-input'

2019-04-21 05:50:18 - [MESSAGE][PASSED] - Text 'faizan' is set on object 'Object Repository/Page_KiboEngage  Broadcasts/input_Push Message_form-control m-input'

2019-04-21 05:50:18 - [TEST_STEP][PASSED] - click(findTestObject("Object Repository/Page_KiboEngage  Broadcasts/span_Send (2)")): Object: 'Object Repository/Page_KiboEngage  Broadcasts/span_Send (2)' is clicked on

2019-04-21 05:50:18 - [MESSAGE][PASSED] - Object: 'Object Repository/Page_KiboEngage  Broadcasts/span_Send (2)' is clicked on

2019-04-21 05:50:18 - [TEST_STEP][PASSED] - click(findTestObject("Object Repository/Page_KiboEngage  Broadcasts/div_Please enter the message to send")): Object: 'Object Repository/Page_KiboEngage  Broadcasts/div_Please enter the message to send' is clicked on

2019-04-21 05:50:18 - [MESSAGE][PASSED] - Object: 'Object Repository/Page_KiboEngage  Broadcasts/div_Please enter the message to send' is clicked on]]></system-out>
         <system-err><![CDATA[]]></system-err>
      </testcase>
      <testcase name="Test Cases/SMS/sms broadcast/TC11181" classname="Test Cases/SMS/sms broadcast/TC11181" status="PASSED">
         <system-out><![CDATA[2019-04-21 05:50:18 - [TEST_CASE][PASSED] - Test Cases/SMS/sms broadcast/TC11181: Test Cases/SMS/sms broadcast/TC11181

2019-04-21 05:50:20 - [TEST_STEP][PASSED] - click(findTestObject("Page_KiboPush  Dashboard/span_Dashboard")): Object: 'Object Repository/Page_KiboPush  Dashboard/span_Dashboard' is clicked on

2019-04-21 05:50:22 - [MESSAGE][PASSED] - Object: 'Object Repository/Page_KiboPush  Dashboard/span_Dashboard' is clicked on

2019-04-21 05:50:22 - [TEST_STEP][PASSED] - delay(1): Delayed 1 second(s)

2019-04-21 05:50:23 - [MESSAGE][PASSED] - Delayed 1 second(s)

2019-04-21 05:50:23 - [TEST_STEP][PASSED] - click(findTestObject("Object Repository/Page_KiboEngage  Dashboard/span_Broadcasts")): Object: 'Object Repository/Page_KiboEngage  Dashboard/span_Broadcasts' is clicked on

2019-04-21 05:50:26 - [MESSAGE][PASSED] - Object: 'Object Repository/Page_KiboEngage  Dashboard/span_Broadcasts' is clicked on

2019-04-21 05:50:26 - [TEST_STEP][PASSED] - delay(1): Delayed 1 second(s)

2019-04-21 05:50:27 - [MESSAGE][PASSED] - Delayed 1 second(s)

2019-04-21 05:50:27 - [TEST_STEP][PASSED] - click(findTestObject("Object Repository/Page_KiboEngage  Broadcasts/h3_Broadcasts (1) (1) (1) (1)")): Object: 'Object Repository/Page_KiboEngage  Broadcasts/h3_Broadcasts (1) (1) (1) (1)' is clicked on

2019-04-21 05:50:29 - [MESSAGE][PASSED] - Object: 'Object Repository/Page_KiboEngage  Broadcasts/h3_Broadcasts (1) (1) (1) (1)' is clicked on

2019-04-21 05:50:29 - [TEST_STEP][PASSED] - delay(1): Delayed 1 second(s)

2019-04-21 05:50:30 - [MESSAGE][PASSED] - Delayed 1 second(s)

2019-04-21 05:50:33 - [TEST_STEP][PASSED] - click(findTestObject("Object Repository/Page_KiboEngage  Broadcasts/span_Create New (1) (1) (1)")): Object: 'Object Repository/Page_KiboEngage  Broadcasts/span_Create New (1) (1) (1)' is clicked on

2019-04-21 05:50:36 - [MESSAGE][PASSED] - Object: 'Object Repository/Page_KiboEngage  Broadcasts/span_Create New (1) (1) (1)' is clicked on

2019-04-21 05:50:36 - [TEST_STEP][PASSED] - click(findTestObject("Object Repository/Page_KiboEngage  Broadcasts/button_Create New Broadcast (1) (1) (1)")): Object: 'Object Repository/Page_KiboEngage  Broadcasts/button_Create New Broadcast (1) (1) (1)' is clicked on

2019-04-21 05:50:55 - [MESSAGE][PASSED] - Object: 'Object Repository/Page_KiboEngage  Broadcasts/button_Create New Broadcast (1) (1) (1)' is clicked on

2019-04-21 05:50:56 - [TEST_STEP][PASSED] - delay(1): Delayed 1 second(s)

2019-04-21 05:50:57 - [MESSAGE][PASSED] - Delayed 1 second(s)

2019-04-21 05:50:57 - [TEST_STEP][PASSED] - setText(findTestObject("Object Repository/Page_KiboEngage  Broadcasts/input_Push Message_form-control m-input (1)"), "faizan"): Text 'faizan' is set on object 'Object Repository/Page_KiboEngage  Broadcasts/input_Push Message_form-control m-input (1)'

2019-04-21 05:51:03 - [MESSAGE][PASSED] - Text 'faizan' is set on object 'Object Repository/Page_KiboEngage  Broadcasts/input_Push Message_form-control m-input (1)'

2019-04-21 05:51:03 - [TEST_STEP][PASSED] - setText(findTestObject("Object Repository/Page_KiboEngage  Broadcasts/textarea_HELLO (1)"), "HELLO"): Text 'HELLO' is set on object 'Object Repository/Page_KiboEngage  Broadcasts/textarea_HELLO (1)'

2019-04-21 05:51:04 - [MESSAGE][PASSED] - Text 'HELLO' is set on object 'Object Repository/Page_KiboEngage  Broadcasts/textarea_HELLO (1)'

2019-04-21 05:51:04 - [TEST_STEP][PASSED] - selectOptionByValue(findTestObject("Object Repository/Page_KiboEngage  Broadcasts/select_Select Criteriaiscontainsbegins with"), "is", true): All options with value 'is' are selected in object 'Object Repository/Page_KiboEngage  Broadcasts/select_Select Criteriaiscontainsbegins with'  using regular expression

2019-04-21 05:51:09 - [MESSAGE][PASSED] - All options with value 'is' are selected in object 'Object Repository/Page_KiboEngage  Broadcasts/select_Select Criteriaiscontainsbegins with'  using regular expression

2019-04-21 05:51:09 - [TEST_STEP][PASSED] - setText(findTestObject("Object Repository/Page_KiboEngage  Broadcasts/input_Value_text"), "ok"): Text 'ok' is set on object 'Object Repository/Page_KiboEngage  Broadcasts/input_Value_text'

2019-04-21 05:51:10 - [MESSAGE][PASSED] - Text 'ok' is set on object 'Object Repository/Page_KiboEngage  Broadcasts/input_Value_text'

2019-04-21 05:51:10 - [TEST_STEP][PASSED] - click(findTestObject("Object Repository/Page_KiboEngage  Broadcasts/span_Send (3)")): Object: 'Object Repository/Page_KiboEngage  Broadcasts/span_Send (3)' is clicked on

2019-04-21 05:51:11 - [MESSAGE][PASSED] - Object: 'Object Repository/Page_KiboEngage  Broadcasts/span_Send (3)' is clicked on

2019-04-21 05:51:11 - [TEST_STEP][PASSED] - click(findTestObject("Object Repository/Page_KiboEngage  Broadcasts/span_Please choose a valid condition")): Object: 'Object Repository/Page_KiboEngage  Broadcasts/span_Please choose a valid condition' is clicked on

2019-04-21 05:51:11 - [MESSAGE][PASSED] - Object: 'Object Repository/Page_KiboEngage  Broadcasts/span_Please choose a valid condition' is clicked on]]></system-out>
         <system-err><![CDATA[]]></system-err>
      </testcase>
      <testcase name="Test Cases/SMS/sms broadcast/TC11182" classname="Test Cases/SMS/sms broadcast/TC11182" status="PASSED">
         <system-out><![CDATA[2019-04-21 05:51:12 - [TEST_CASE][PASSED] - Test Cases/SMS/sms broadcast/TC11182: Test Cases/SMS/sms broadcast/TC11182

2019-04-21 05:51:12 - [TEST_STEP][PASSED] - click(findTestObject("Page_KiboPush  Dashboard/span_Dashboard")): Object: 'Object Repository/Page_KiboPush  Dashboard/span_Dashboard' is clicked on

2019-04-21 05:51:18 - [MESSAGE][PASSED] - Object: 'Object Repository/Page_KiboPush  Dashboard/span_Dashboard' is clicked on

2019-04-21 05:51:18 - [TEST_STEP][PASSED] - delay(1): Delayed 1 second(s)

2019-04-21 05:51:20 - [MESSAGE][PASSED] - Delayed 1 second(s)

2019-04-21 05:51:20 - [TEST_STEP][PASSED] - click(findTestObject("Object Repository/Page_KiboEngage  Dashboard/span_Broadcasts")): Object: 'Object Repository/Page_KiboEngage  Dashboard/span_Broadcasts' is clicked on

2019-04-21 05:51:20 - [MESSAGE][PASSED] - Object: 'Object Repository/Page_KiboEngage  Dashboard/span_Broadcasts' is clicked on

2019-04-21 05:51:20 - [TEST_STEP][PASSED] - delay(1): Delayed 1 second(s)

2019-04-21 05:51:21 - [MESSAGE][PASSED] - Delayed 1 second(s)

2019-04-21 05:51:21 - [TEST_STEP][PASSED] - click(findTestObject("Object Repository/Page_KiboEngage  Broadcasts/h3_Broadcasts (1) (1) (1) (1) (1)")): Object: 'Object Repository/Page_KiboEngage  Broadcasts/h3_Broadcasts (1) (1) (1) (1) (1)' is clicked on

2019-04-21 05:51:22 - [MESSAGE][PASSED] - Object: 'Object Repository/Page_KiboEngage  Broadcasts/h3_Broadcasts (1) (1) (1) (1) (1)' is clicked on

2019-04-21 05:51:22 - [TEST_STEP][PASSED] - delay(1): Delayed 1 second(s)

2019-04-21 05:51:23 - [MESSAGE][PASSED] - Delayed 1 second(s)

2019-04-21 05:51:23 - [TEST_STEP][PASSED] - click(findTestObject("Object Repository/Page_KiboEngage  Broadcasts/span_Create New (1) (1) (1) (1)")): Object: 'Object Repository/Page_KiboEngage  Broadcasts/span_Create New (1) (1) (1) (1)' is clicked on

2019-04-21 05:51:25 - [MESSAGE][PASSED] - Object: 'Object Repository/Page_KiboEngage  Broadcasts/span_Create New (1) (1) (1) (1)' is clicked on

2019-04-21 05:51:25 - [TEST_STEP][PASSED] - click(findTestObject("Object Repository/Page_KiboEngage  Broadcasts/button_Create New Broadcast (1) (1) (1) (1)")): Object: 'Object Repository/Page_KiboEngage  Broadcasts/button_Create New Broadcast (1) (1) (1) (1)' is clicked on

2019-04-21 05:51:33 - [MESSAGE][PASSED] - Object: 'Object Repository/Page_KiboEngage  Broadcasts/button_Create New Broadcast (1) (1) (1) (1)' is clicked on

2019-04-21 05:51:33 - [TEST_STEP][PASSED] - delay(1): Delayed 1 second(s)

2019-04-21 05:51:35 - [MESSAGE][PASSED] - Delayed 1 second(s)

2019-04-21 05:51:43 - [TEST_STEP][PASSED] - setText(findTestObject("Object Repository/Page_KiboEngage  Broadcasts/input_Push Message_form-control m-input (1) (1)"), "faizan"): Text 'faizan' is set on object 'Object Repository/Page_KiboEngage  Broadcasts/input_Push Message_form-control m-input (1) (1)'

2019-04-21 05:51:56 - [MESSAGE][PASSED] - Text 'faizan' is set on object 'Object Repository/Page_KiboEngage  Broadcasts/input_Push Message_form-control m-input (1) (1)'

2019-04-21 05:51:57 - [TEST_STEP][PASSED] - setText(findTestObject("Object Repository/Page_KiboEngage  Broadcasts/textarea_HELLO (1) (1)"), "HELLO"): Text 'HELLO' is set on object 'Object Repository/Page_KiboEngage  Broadcasts/textarea_HELLO (1) (1)'

2019-04-21 05:52:16 - [MESSAGE][PASSED] - Text 'HELLO' is set on object 'Object Repository/Page_KiboEngage  Broadcasts/textarea_HELLO (1) (1)'

2019-04-21 05:52:16 - [TEST_STEP][PASSED] - setText(findTestObject("Object Repository/Page_KiboEngage  Broadcasts/textarea_HELLO (2)"), "HELLO"): Text 'HELLO' is set on object 'Object Repository/Page_KiboEngage  Broadcasts/textarea_HELLO (2)'

2019-04-21 05:52:19 - [MESSAGE][PASSED] - Text 'HELLO' is set on object 'Object Repository/Page_KiboEngage  Broadcasts/textarea_HELLO (2)'

2019-04-21 05:52:19 - [TEST_STEP][PASSED] - selectOptionByValue(findTestObject("Object Repository/Page_KiboEngage  Broadcasts/select_Select Conditionnamenumber"), "name", true): All options with value 'name' are selected in object 'Object Repository/Page_KiboEngage  Broadcasts/select_Select Conditionnamenumber'  using regular expression

2019-04-21 05:52:20 - [MESSAGE][PASSED] - All options with value 'name' are selected in object 'Object Repository/Page_KiboEngage  Broadcasts/select_Select Conditionnamenumber'  using regular expression

2019-04-21 05:52:20 - [TEST_STEP][PASSED] - setText(findTestObject("Object Repository/Page_KiboEngage  Broadcasts/input_Value_text (1)"), "aaa"): Text 'aaa' is set on object 'Object Repository/Page_KiboEngage  Broadcasts/input_Value_text (1)'

2019-04-21 05:52:21 - [MESSAGE][PASSED] - Text 'aaa' is set on object 'Object Repository/Page_KiboEngage  Broadcasts/input_Value_text (1)'

2019-04-21 05:52:21 - [TEST_STEP][PASSED] - click(findTestObject("Object Repository/Page_KiboEngage  Broadcasts/span_Send (4)")): Object: 'Object Repository/Page_KiboEngage  Broadcasts/span_Send (4)' is clicked on

2019-04-21 05:52:23 - [MESSAGE][PASSED] - Object: 'Object Repository/Page_KiboEngage  Broadcasts/span_Send (4)' is clicked on

2019-04-21 05:52:23 - [TEST_STEP][PASSED] - click(findTestObject("Object Repository/Page_KiboEngage  Broadcasts/span_Please choose a valid criteria")): Object: 'Object Repository/Page_KiboEngage  Broadcasts/span_Please choose a valid criteria' is clicked on

2019-04-21 05:52:25 - [MESSAGE][PASSED] - Object: 'Object Repository/Page_KiboEngage  Broadcasts/span_Please choose a valid criteria' is clicked on]]></system-out>
         <system-err><![CDATA[]]></system-err>
      </testcase>
      <testcase name="Test Cases/SMS/sms broadcast/TC11183" classname="Test Cases/SMS/sms broadcast/TC11183" status="PASSED">
         <system-out><![CDATA[2019-04-21 05:52:25 - [TEST_CASE][PASSED] - Test Cases/SMS/sms broadcast/TC11183: Test Cases/SMS/sms broadcast/TC11183

2019-04-21 05:52:26 - [TEST_STEP][PASSED] - click(findTestObject("Page_KiboPush  Dashboard/span_Dashboard")): Object: 'Object Repository/Page_KiboPush  Dashboard/span_Dashboard' is clicked on

2019-04-21 05:52:35 - [MESSAGE][PASSED] - Object: 'Object Repository/Page_KiboPush  Dashboard/span_Dashboard' is clicked on

2019-04-21 05:52:35 - [TEST_STEP][PASSED] - delay(1): Delayed 1 second(s)

2019-04-21 05:52:36 - [MESSAGE][PASSED] - Delayed 1 second(s)

2019-04-21 05:52:36 - [TEST_STEP][PASSED] - click(findTestObject("Object Repository/Page_KiboEngage  Dashboard/span_Broadcasts")): Object: 'Object Repository/Page_KiboEngage  Dashboard/span_Broadcasts' is clicked on

2019-04-21 05:52:58 - [MESSAGE][PASSED] - Object: 'Object Repository/Page_KiboEngage  Dashboard/span_Broadcasts' is clicked on

2019-04-21 05:52:59 - [TEST_STEP][PASSED] - delay(1): Delayed 1 second(s)

2019-04-21 05:53:01 - [MESSAGE][PASSED] - Delayed 1 second(s)

2019-04-21 05:53:01 - [TEST_STEP][PASSED] - click(findTestObject("Object Repository/Page_KiboEngage  Broadcasts/h3_Broadcasts (1) (1) (1) (1) (1) (1)")): Object: 'Object Repository/Page_KiboEngage  Broadcasts/h3_Broadcasts (1) (1) (1) (1) (1) (1)' is clicked on

2019-04-21 05:53:07 - [MESSAGE][PASSED] - Object: 'Object Repository/Page_KiboEngage  Broadcasts/h3_Broadcasts (1) (1) (1) (1) (1) (1)' is clicked on

2019-04-21 05:53:07 - [TEST_STEP][PASSED] - delay(1): Delayed 1 second(s)

2019-04-21 05:53:08 - [MESSAGE][PASSED] - Delayed 1 second(s)

2019-04-21 05:53:08 - [TEST_STEP][PASSED] - click(findTestObject("Object Repository/Page_KiboEngage  Broadcasts/span_Create New (1) (1) (1) (1) (1)")): Object: 'Object Repository/Page_KiboEngage  Broadcasts/span_Create New (1) (1) (1) (1) (1)' is clicked on

2019-04-21 05:53:09 - [MESSAGE][PASSED] - Object: 'Object Repository/Page_KiboEngage  Broadcasts/span_Create New (1) (1) (1) (1) (1)' is clicked on

2019-04-21 05:53:09 - [TEST_STEP][PASSED] - click(findTestObject("Object Repository/Page_KiboEngage  Broadcasts/button_Create New Broadcast (1) (1) (1) (1) (1)")): Object: 'Object Repository/Page_KiboEngage  Broadcasts/button_Create New Broadcast (1) (1) (1) (1) (1)' is clicked on

2019-04-21 05:53:11 - [MESSAGE][PASSED] - Object: 'Object Repository/Page_KiboEngage  Broadcasts/button_Create New Broadcast (1) (1) (1) (1) (1)' is clicked on

2019-04-21 05:53:11 - [TEST_STEP][PASSED] - delay(1): Delayed 1 second(s)

2019-04-21 05:53:12 - [MESSAGE][PASSED] - Delayed 1 second(s)

2019-04-21 05:53:12 - [TEST_STEP][PASSED] - setText(findTestObject("Object Repository/Page_KiboEngage  Broadcasts/input_Push Message_form-control m-input (1) (1) (1)"), "faizan"): Text 'faizan' is set on object 'Object Repository/Page_KiboEngage  Broadcasts/input_Push Message_form-control m-input (1) (1) (1)'

2019-04-21 05:53:12 - [MESSAGE][PASSED] - Text 'faizan' is set on object 'Object Repository/Page_KiboEngage  Broadcasts/input_Push Message_form-control m-input (1) (1) (1)'

2019-04-21 05:53:12 - [TEST_STEP][PASSED] - setText(findTestObject("Object Repository/Page_KiboEngage  Broadcasts/textarea_HELLO (1) (1) (1)"), "HELLO"): Text 'HELLO' is set on object 'Object Repository/Page_KiboEngage  Broadcasts/textarea_HELLO (1) (1) (1)'

2019-04-21 05:53:13 - [MESSAGE][PASSED] - Text 'HELLO' is set on object 'Object Repository/Page_KiboEngage  Broadcasts/textarea_HELLO (1) (1) (1)'

2019-04-21 05:53:13 - [TEST_STEP][PASSED] - selectOptionByValue(findTestObject("Object Repository/Page_KiboEngage  Broadcasts/select_Select Conditionnamenumber (1)"), "name", true): All options with value 'name' are selected in object 'Object Repository/Page_KiboEngage  Broadcasts/select_Select Conditionnamenumber (1)'  using regular expression

2019-04-21 05:53:14 - [MESSAGE][PASSED] - All options with value 'name' are selected in object 'Object Repository/Page_KiboEngage  Broadcasts/select_Select Conditionnamenumber (1)'  using regular expression

2019-04-21 05:53:14 - [TEST_STEP][PASSED] - selectOptionByValue(findTestObject("Object Repository/Page_KiboEngage  Broadcasts/select_Select Criteriaiscontainsbegins with (1)"), "is", true): All options with value 'is' are selected in object 'Object Repository/Page_KiboEngage  Broadcasts/select_Select Criteriaiscontainsbegins with (1)'  using regular expression

2019-04-21 05:53:15 - [MESSAGE][PASSED] - All options with value 'is' are selected in object 'Object Repository/Page_KiboEngage  Broadcasts/select_Select Criteriaiscontainsbegins with (1)'  using regular expression

2019-04-21 05:53:15 - [TEST_STEP][PASSED] - click(findTestObject("Object Repository/Page_KiboEngage  Broadcasts/span_Send (4) (1)")): Object: 'Object Repository/Page_KiboEngage  Broadcasts/span_Send (4) (1)' is clicked on

2019-04-21 05:53:16 - [MESSAGE][PASSED] - Object: 'Object Repository/Page_KiboEngage  Broadcasts/span_Send (4) (1)' is clicked on

2019-04-21 05:53:16 - [TEST_STEP][PASSED] - click(findTestObject("Object Repository/Page_KiboEngage  Broadcasts/span_Please choose a valid value")): Object: 'Object Repository/Page_KiboEngage  Broadcasts/span_Please choose a valid value' is clicked on

2019-04-21 05:53:24 - [MESSAGE][PASSED] - Object: 'Object Repository/Page_KiboEngage  Broadcasts/span_Please choose a valid value' is clicked on]]></system-out>
         <system-err><![CDATA[]]></system-err>
      </testcase>
      <testcase name="Test Cases/SMS/sms broadcast/TC11184" classname="Test Cases/SMS/sms broadcast/TC11184" status="PASSED">
         <system-out><![CDATA[2019-04-21 05:53:25 - [TEST_CASE][PASSED] - Test Cases/SMS/sms broadcast/TC11184: Test Cases/SMS/sms broadcast/TC11184

2019-04-21 05:53:26 - [TEST_STEP][PASSED] - click(findTestObject("Page_KiboPush  Dashboard/span_Dashboard")): Object: 'Object Repository/Page_KiboPush  Dashboard/span_Dashboard' is clicked on

2019-04-21 05:53:31 - [MESSAGE][PASSED] - Object: 'Object Repository/Page_KiboPush  Dashboard/span_Dashboard' is clicked on

2019-04-21 05:53:31 - [TEST_STEP][PASSED] - delay(1): Delayed 1 second(s)

2019-04-21 05:53:32 - [MESSAGE][PASSED] - Delayed 1 second(s)

2019-04-21 05:53:32 - [TEST_STEP][PASSED] - click(findTestObject("Object Repository/Page_KiboEngage  Dashboard/span_Broadcasts")): Object: 'Object Repository/Page_KiboEngage  Dashboard/span_Broadcasts' is clicked on

2019-04-21 05:53:34 - [MESSAGE][PASSED] - Object: 'Object Repository/Page_KiboEngage  Dashboard/span_Broadcasts' is clicked on

2019-04-21 05:53:34 - [TEST_STEP][PASSED] - delay(1): Delayed 1 second(s)

2019-04-21 05:53:35 - [MESSAGE][PASSED] - Delayed 1 second(s)

2019-04-21 05:53:35 - [TEST_STEP][PASSED] - click(findTestObject("Object Repository/Page_KiboEngage  Broadcasts/h3_Broadcasts (1) (1) (1) (1) (1) (1) (1)")): Object: 'Object Repository/Page_KiboEngage  Broadcasts/h3_Broadcasts (1) (1) (1) (1) (1) (1) (1)' is clicked on

2019-04-21 05:53:35 - [MESSAGE][PASSED] - Object: 'Object Repository/Page_KiboEngage  Broadcasts/h3_Broadcasts (1) (1) (1) (1) (1) (1) (1)' is clicked on

2019-04-21 05:53:35 - [TEST_STEP][PASSED] - delay(1): Delayed 1 second(s)

2019-04-21 05:53:36 - [MESSAGE][PASSED] - Delayed 1 second(s)

2019-04-21 05:53:36 - [TEST_STEP][PASSED] - click(findTestObject("Object Repository/Page_KiboEngage  Broadcasts/span_Create New (1) (1) (1) (1) (1) (1)")): Object: 'Object Repository/Page_KiboEngage  Broadcasts/span_Create New (1) (1) (1) (1) (1) (1)' is clicked on

2019-04-21 05:53:36 - [MESSAGE][PASSED] - Object: 'Object Repository/Page_KiboEngage  Broadcasts/span_Create New (1) (1) (1) (1) (1) (1)' is clicked on

2019-04-21 05:53:36 - [TEST_STEP][PASSED] - click(findTestObject("Object Repository/Page_KiboEngage  Broadcasts/button_Create New Broadcast (1) (1) (1) (1) (1) (1)")): Object: 'Object Repository/Page_KiboEngage  Broadcasts/button_Create New Broadcast (1) (1) (1) (1) (1) (1)' is clicked on

2019-04-21 05:53:36 - [MESSAGE][PASSED] - Object: 'Object Repository/Page_KiboEngage  Broadcasts/button_Create New Broadcast (1) (1) (1) (1) (1) (1)' is clicked on

2019-04-21 05:53:36 - [TEST_STEP][PASSED] - delay(1): Delayed 1 second(s)

2019-04-21 05:53:37 - [MESSAGE][PASSED] - Delayed 1 second(s)

2019-04-21 05:53:37 - [TEST_STEP][PASSED] - setText(findTestObject("Object Repository/Page_KiboEngage  Broadcasts/input_Push Message_form-control m-input (1) (1) (1) (1)"), "faizan"): Text 'faizan' is set on object 'Object Repository/Page_KiboEngage  Broadcasts/input_Push Message_form-control m-input (1) (1) (1) (1)'

2019-04-21 05:53:38 - [MESSAGE][PASSED] - Text 'faizan' is set on object 'Object Repository/Page_KiboEngage  Broadcasts/input_Push Message_form-control m-input (1) (1) (1) (1)'

2019-04-21 05:53:38 - [TEST_STEP][PASSED] - setText(findTestObject("Object Repository/Page_KiboEngage  Broadcasts/textarea_Automated testing"), "Automated testing"): Text 'Automated testing' is set on object 'Object Repository/Page_KiboEngage  Broadcasts/textarea_Automated testing'

2019-04-21 05:53:39 - [MESSAGE][PASSED] - Text 'Automated testing' is set on object 'Object Repository/Page_KiboEngage  Broadcasts/textarea_Automated testing'

2019-04-21 05:53:39 - [TEST_STEP][PASSED] - selectOptionByValue(findTestObject("Object Repository/Page_KiboEngage  Broadcasts/select_Select Conditionnamenumber (2)"), "number", true): All options with value 'number' are selected in object 'Object Repository/Page_KiboEngage  Broadcasts/select_Select Conditionnamenumber (2)'  using regular expression

2019-04-21 05:53:40 - [MESSAGE][PASSED] - All options with value 'number' are selected in object 'Object Repository/Page_KiboEngage  Broadcasts/select_Select Conditionnamenumber (2)'  using regular expression

2019-04-21 05:53:40 - [TEST_STEP][PASSED] - selectOptionByValue(findTestObject("Object Repository/Page_KiboEngage  Broadcasts/select_Select Criteriaiscontainsbegins with (2)"), "is", true): All options with value 'is' are selected in object 'Object Repository/Page_KiboEngage  Broadcasts/select_Select Criteriaiscontainsbegins with (2)'  using regular expression

2019-04-21 05:53:40 - [MESSAGE][PASSED] - All options with value 'is' are selected in object 'Object Repository/Page_KiboEngage  Broadcasts/select_Select Criteriaiscontainsbegins with (2)'  using regular expression

2019-04-21 05:53:40 - [TEST_STEP][PASSED] - setText(findTestObject("Object Repository/Page_KiboEngage  Broadcasts/input_Value_text (2)"), "+923333739566"): Text '+923333739566' is set on object 'Object Repository/Page_KiboEngage  Broadcasts/input_Value_text (2)'

2019-04-21 05:53:41 - [MESSAGE][PASSED] - Text '+923333739566' is set on object 'Object Repository/Page_KiboEngage  Broadcasts/input_Value_text (2)'

2019-04-21 05:53:41 - [TEST_STEP][PASSED] - click(findTestObject("Object Repository/Page_KiboEngage  Broadcasts/span_Send (5)")): Object: 'Object Repository/Page_KiboEngage  Broadcasts/span_Send (5)' is clicked on

2019-04-21 05:53:41 - [MESSAGE][PASSED] - Object: 'Object Repository/Page_KiboEngage  Broadcasts/span_Send (5)' is clicked on

2019-04-21 05:53:41 - [TEST_STEP][PASSED] - click(findTestObject("Object Repository/Page_KiboEngage  Broadcasts/div_Broadcast sent successfully")): Object: 'Object Repository/Page_KiboEngage  Broadcasts/div_Broadcast sent successfully' is clicked on

2019-04-21 05:53:42 - [MESSAGE][PASSED] - Object: 'Object Repository/Page_KiboEngage  Broadcasts/div_Broadcast sent successfully' is clicked on]]></system-out>
         <system-err><![CDATA[]]></system-err>
      </testcase>
      <testcase name="Test Cases/SMS/sms broadcast/TC11185" classname="Test Cases/SMS/sms broadcast/TC11185" status="PASSED">
         <system-out><![CDATA[2019-04-21 05:53:42 - [TEST_CASE][PASSED] - Test Cases/SMS/sms broadcast/TC11185: Test Cases/SMS/sms broadcast/TC11185

2019-04-21 05:53:43 - [TEST_STEP][PASSED] - click(findTestObject("Page_KiboPush  Dashboard/span_Dashboard")): Object: 'Object Repository/Page_KiboPush  Dashboard/span_Dashboard' is clicked on

2019-04-21 05:53:44 - [MESSAGE][PASSED] - Object: 'Object Repository/Page_KiboPush  Dashboard/span_Dashboard' is clicked on

2019-04-21 05:53:44 - [TEST_STEP][PASSED] - delay(1): Delayed 1 second(s)

2019-04-21 05:53:45 - [MESSAGE][PASSED] - Delayed 1 second(s)

2019-04-21 05:53:45 - [TEST_STEP][PASSED] - click(findTestObject("Object Repository/Page_KiboEngage  Dashboard/span_Broadcasts")): Object: 'Object Repository/Page_KiboEngage  Dashboard/span_Broadcasts' is clicked on

2019-04-21 05:53:46 - [MESSAGE][PASSED] - Object: 'Object Repository/Page_KiboEngage  Dashboard/span_Broadcasts' is clicked on

2019-04-21 05:53:46 - [TEST_STEP][PASSED] - delay(1): Delayed 1 second(s)

2019-04-21 05:53:47 - [MESSAGE][PASSED] - Delayed 1 second(s)

2019-04-21 05:53:47 - [TEST_STEP][PASSED] - click(findTestObject("Page_KiboEngage  Broadcasts/h3_Broadcasts (1) (1) (1) (1) (1) (1) (1) (1) (1)")): Object: 'Object Repository/Page_KiboEngage  Broadcasts/h3_Broadcasts (1) (1) (1) (1) (1) (1) (1) (1) (1)' is clicked on

2019-04-21 05:53:47 - [MESSAGE][PASSED] - Object: 'Object Repository/Page_KiboEngage  Broadcasts/h3_Broadcasts (1) (1) (1) (1) (1) (1) (1) (1) (1)' is clicked on

2019-04-21 05:53:47 - [TEST_STEP][PASSED] - delay(1): Delayed 1 second(s)

2019-04-21 05:53:48 - [MESSAGE][PASSED] - Delayed 1 second(s)

2019-04-21 05:53:48 - [TEST_STEP][PASSED] - click(findTestObject("Page_KiboEngage  Broadcasts/span_Create New (1) (1) (1) (1) (1) (1) (1) (1)")): Object: 'Object Repository/Page_KiboEngage  Broadcasts/span_Create New (1) (1) (1) (1) (1) (1) (1) (1)' is clicked on

2019-04-21 05:53:49 - [MESSAGE][PASSED] - Object: 'Object Repository/Page_KiboEngage  Broadcasts/span_Create New (1) (1) (1) (1) (1) (1) (1) (1)' is clicked on

2019-04-21 05:53:49 - [TEST_STEP][PASSED] - click(findTestObject("Page_KiboEngage  Broadcasts/button_Create New Broadcast (1) (1) (1) (1) (1) (1) (1) (1)")): Object: 'Object Repository/Page_KiboEngage  Broadcasts/button_Create New Broadcast (1) (1) (1) (1) (1) (1) (1) (1)' is clicked on

2019-04-21 05:53:51 - [MESSAGE][PASSED] - Object: 'Object Repository/Page_KiboEngage  Broadcasts/button_Create New Broadcast (1) (1) (1) (1) (1) (1) (1) (1)' is clicked on

2019-04-21 05:53:51 - [TEST_STEP][PASSED] - delay(1): Delayed 1 second(s)

2019-04-21 05:53:52 - [MESSAGE][PASSED] - Delayed 1 second(s)

2019-04-21 05:53:52 - [TEST_STEP][PASSED] - setText(findTestObject("Page_KiboEngage  Broadcasts/input_Push Message_form-control m-input (1) (1) (1) (1) (1) (1)"), "faizan"): Text 'faizan' is set on object 'Object Repository/Page_KiboEngage  Broadcasts/input_Push Message_form-control m-input (1) (1) (1) (1) (1) (1)'

2019-04-21 05:53:59 - [MESSAGE][PASSED] - Text 'faizan' is set on object 'Object Repository/Page_KiboEngage  Broadcasts/input_Push Message_form-control m-input (1) (1) (1) (1) (1) (1)'

2019-04-21 05:53:59 - [TEST_STEP][PASSED] - setText(findTestObject("Page_KiboEngage  Broadcasts/textarea_Automated testing (1) (1)"), "Automated testing"): Text 'Automated testing' is set on object 'Object Repository/Page_KiboEngage  Broadcasts/textarea_Automated testing (1) (1)'

2019-04-21 05:54:00 - [MESSAGE][PASSED] - Text 'Automated testing' is set on object 'Object Repository/Page_KiboEngage  Broadcasts/textarea_Automated testing (1) (1)'

2019-04-21 05:54:00 - [TEST_STEP][PASSED] - selectOptionByValue(findTestObject("Page_KiboEngage  Broadcasts/select_Select Conditionnamenumber (2) (1) (1)"), "number", true): All options with value 'number' are selected in object 'Object Repository/Page_KiboEngage  Broadcasts/select_Select Conditionnamenumber (2) (1) (1)'  using regular expression

2019-04-21 05:54:01 - [MESSAGE][PASSED] - All options with value 'number' are selected in object 'Object Repository/Page_KiboEngage  Broadcasts/select_Select Conditionnamenumber (2) (1) (1)'  using regular expression

2019-04-21 05:54:01 - [TEST_STEP][PASSED] - selectOptionByValue(findTestObject("Page_KiboEngage  Broadcasts/select_Select Criteriaiscontainsbegins with (2) (1) (1)"), "is", true): All options with value 'is' are selected in object 'Object Repository/Page_KiboEngage  Broadcasts/select_Select Criteriaiscontainsbegins with (2) (1) (1)'  using regular expression

2019-04-21 05:54:02 - [MESSAGE][PASSED] - All options with value 'is' are selected in object 'Object Repository/Page_KiboEngage  Broadcasts/select_Select Criteriaiscontainsbegins with (2) (1) (1)'  using regular expression

2019-04-21 05:54:02 - [TEST_STEP][PASSED] - setText(findTestObject("Page_KiboEngage  Broadcasts/input_Value_text (2) (1) (1)"), "+923333739566"): Text '+923333739566' is set on object 'Object Repository/Page_KiboEngage  Broadcasts/input_Value_text (2) (1) (1)'

2019-04-21 05:54:03 - [MESSAGE][PASSED] - Text '+923333739566' is set on object 'Object Repository/Page_KiboEngage  Broadcasts/input_Value_text (2) (1) (1)'

2019-04-21 05:54:03 - [TEST_STEP][PASSED] - click(findTestObject("Page_KiboEngage  Broadcasts/button_ Add Condition")): Object: 'Object Repository/Page_KiboEngage  Broadcasts/button_ Add Condition' is clicked on

2019-04-21 05:54:04 - [MESSAGE][PASSED] - Object: 'Object Repository/Page_KiboEngage  Broadcasts/button_ Add Condition' is clicked on

2019-04-21 05:54:04 - [TEST_STEP][PASSED] - selectOptionByValue(findTestObject("Page_KiboEngage  Broadcasts/select_Select Conditionnamenumber (3)"), "name", true): All options with value 'name' are selected in object 'Object Repository/Page_KiboEngage  Broadcasts/select_Select Conditionnamenumber (3)'  using regular expression

2019-04-21 05:54:10 - [MESSAGE][PASSED] - All options with value 'name' are selected in object 'Object Repository/Page_KiboEngage  Broadcasts/select_Select Conditionnamenumber (3)'  using regular expression

2019-04-21 05:54:10 - [TEST_STEP][PASSED] - selectOptionByValue(findTestObject("Page_KiboEngage  Broadcasts/select_Select Criteriaiscontainsbegins with (3)"), "contains", true): All options with value 'contains' are selected in object 'Object Repository/Page_KiboEngage  Broadcasts/select_Select Criteriaiscontainsbegins with (3)'  using regular expression

2019-04-21 05:54:10 - [MESSAGE][PASSED] - All options with value 'contains' are selected in object 'Object Repository/Page_KiboEngage  Broadcasts/select_Select Criteriaiscontainsbegins with (3)'  using regular expression

2019-04-21 05:54:10 - [TEST_STEP][PASSED] - setText(findTestObject("Page_KiboEngage  Broadcasts/input_Remove_text"), "Fa"): Text 'Fa' is set on object 'Object Repository/Page_KiboEngage  Broadcasts/input_Remove_text'

2019-04-21 05:54:12 - [MESSAGE][PASSED] - Text 'Fa' is set on object 'Object Repository/Page_KiboEngage  Broadcasts/input_Remove_text'

2019-04-21 05:54:12 - [TEST_STEP][PASSED] - click(findTestObject("Page_KiboEngage  Broadcasts/span_Send (6)")): Object: 'Object Repository/Page_KiboEngage  Broadcasts/span_Send (6)' is clicked on

2019-04-21 05:54:14 - [MESSAGE][PASSED] - Object: 'Object Repository/Page_KiboEngage  Broadcasts/span_Send (6)' is clicked on

2019-04-21 05:54:14 - [TEST_STEP][PASSED] - click(findTestObject("Page_KiboEngage  Broadcasts/div_Broadcast sent successfully (1)")): Object: 'Object Repository/Page_KiboEngage  Broadcasts/div_Broadcast sent successfully (1)' is clicked on

2019-04-21 05:54:16 - [MESSAGE][PASSED] - Object: 'Object Repository/Page_KiboEngage  Broadcasts/div_Broadcast sent successfully (1)' is clicked on]]></system-out>
         <system-err><![CDATA[]]></system-err>
      </testcase>
      <testcase name="Test Cases/SMS/sms broadcast/TC11186" classname="Test Cases/SMS/sms broadcast/TC11186" status="PASSED">
         <system-out><![CDATA[2019-04-21 05:54:16 - [TEST_CASE][PASSED] - Test Cases/SMS/sms broadcast/TC11186: Test Cases/SMS/sms broadcast/TC11186

2019-04-21 05:54:17 - [TEST_STEP][PASSED] - click(findTestObject("Page_KiboPush  Dashboard/span_Dashboard")): Object: 'Object Repository/Page_KiboPush  Dashboard/span_Dashboard' is clicked on

2019-04-21 05:54:34 - [MESSAGE][PASSED] - Object: 'Object Repository/Page_KiboPush  Dashboard/span_Dashboard' is clicked on

2019-04-21 05:54:34 - [TEST_STEP][PASSED] - delay(1): Delayed 1 second(s)

2019-04-21 05:54:36 - [MESSAGE][PASSED] - Delayed 1 second(s)

2019-04-21 05:54:36 - [TEST_STEP][PASSED] - click(findTestObject("Object Repository/Page_KiboEngage  Dashboard/span_Broadcasts")): Object: 'Object Repository/Page_KiboEngage  Dashboard/span_Broadcasts' is clicked on

2019-04-21 05:54:58 - [MESSAGE][PASSED] - Object: 'Object Repository/Page_KiboEngage  Dashboard/span_Broadcasts' is clicked on

2019-04-21 05:54:59 - [TEST_STEP][PASSED] - delay(1): Delayed 1 second(s)

2019-04-21 05:55:00 - [MESSAGE][PASSED] - Delayed 1 second(s)

2019-04-21 05:55:00 - [TEST_STEP][PASSED] - click(findTestObject("Object Repository/Page_KiboEngage  Broadcasts/h3_Broadcasts (1) (1) (1) (1) (1) (1) (1) (1) (1) (1)")): Object: 'Object Repository/Page_KiboEngage  Broadcasts/h3_Broadcasts (1) (1) (1) (1) (1) (1) (1) (1) (1) (1)' is clicked on

2019-04-21 05:55:05 - [MESSAGE][PASSED] - Object: 'Object Repository/Page_KiboEngage  Broadcasts/h3_Broadcasts (1) (1) (1) (1) (1) (1) (1) (1) (1) (1)' is clicked on

2019-04-21 05:55:05 - [TEST_STEP][PASSED] - delay(1): Delayed 1 second(s)

2019-04-21 05:55:06 - [MESSAGE][PASSED] - Delayed 1 second(s)

2019-04-21 05:55:06 - [TEST_STEP][PASSED] - click(findTestObject("Object Repository/Page_KiboEngage  Broadcasts/span_Create New (1) (1) (1) (1) (1) (1) (1) (1) (1)")): Object: 'Object Repository/Page_KiboEngage  Broadcasts/span_Create New (1) (1) (1) (1) (1) (1) (1) (1) (1)' is clicked on

2019-04-21 05:55:14 - [MESSAGE][PASSED] - Object: 'Object Repository/Page_KiboEngage  Broadcasts/span_Create New (1) (1) (1) (1) (1) (1) (1) (1) (1)' is clicked on

2019-04-21 05:55:14 - [TEST_STEP][PASSED] - click(findTestObject("Object Repository/Page_KiboEngage  Broadcasts/button_Create New Broadcast (1) (1) (1) (1) (1) (1) (1) (1) (1)")): Object: 'Object Repository/Page_KiboEngage  Broadcasts/button_Create New Broadcast (1) (1) (1) (1) (1) (1) (1) (1) (1)' is clicked on

2019-04-21 05:55:22 - [MESSAGE][PASSED] - Object: 'Object Repository/Page_KiboEngage  Broadcasts/button_Create New Broadcast (1) (1) (1) (1) (1) (1) (1) (1) (1)' is clicked on

2019-04-21 05:55:22 - [TEST_STEP][PASSED] - delay(1): Delayed 1 second(s)

2019-04-21 05:55:23 - [MESSAGE][PASSED] - Delayed 1 second(s)

2019-04-21 05:55:23 - [TEST_STEP][PASSED] - setText(findTestObject("Object Repository/Page_KiboEngage  Broadcasts/input_Push Message_form-control m-input (1) (1) (1) (1) (1) (1) (1)"), "faizan"): Text 'faizan' is set on object 'Object Repository/Page_KiboEngage  Broadcasts/input_Push Message_form-control m-input (1) (1) (1) (1) (1) (1) (1)'

2019-04-21 05:55:24 - [MESSAGE][PASSED] - Text 'faizan' is set on object 'Object Repository/Page_KiboEngage  Broadcasts/input_Push Message_form-control m-input (1) (1) (1) (1) (1) (1) (1)'

2019-04-21 05:55:24 - [TEST_STEP][PASSED] - setText(findTestObject("Object Repository/Page_KiboEngage  Broadcasts/textarea_Automated testing (1) (1) (1)"), "Automated testing"): Text 'Automated testing' is set on object 'Object Repository/Page_KiboEngage  Broadcasts/textarea_Automated testing (1) (1) (1)'

2019-04-21 05:55:24 - [MESSAGE][PASSED] - Text 'Automated testing' is set on object 'Object Repository/Page_KiboEngage  Broadcasts/textarea_Automated testing (1) (1) (1)'

2019-04-21 05:55:24 - [TEST_STEP][PASSED] - selectOptionByValue(findTestObject("Object Repository/Page_KiboEngage  Broadcasts/select_Select Conditionnamenumber (2) (1) (1) (1)"), "number", true): All options with value 'number' are selected in object 'Object Repository/Page_KiboEngage  Broadcasts/select_Select Conditionnamenumber (2) (1) (1) (1)'  using regular expression

2019-04-21 05:55:26 - [MESSAGE][PASSED] - All options with value 'number' are selected in object 'Object Repository/Page_KiboEngage  Broadcasts/select_Select Conditionnamenumber (2) (1) (1) (1)'  using regular expression

2019-04-21 05:55:26 - [TEST_STEP][PASSED] - selectOptionByValue(findTestObject("Object Repository/Page_KiboEngage  Broadcasts/select_Select Criteriaiscontainsbegins with (2) (1) (1) (1)"), "is", true): All options with value 'is' are selected in object 'Object Repository/Page_KiboEngage  Broadcasts/select_Select Criteriaiscontainsbegins with (2) (1) (1) (1)'  using regular expression

2019-04-21 05:55:27 - [MESSAGE][PASSED] - All options with value 'is' are selected in object 'Object Repository/Page_KiboEngage  Broadcasts/select_Select Criteriaiscontainsbegins with (2) (1) (1) (1)'  using regular expression

2019-04-21 05:55:27 - [TEST_STEP][PASSED] - setText(findTestObject("Object Repository/Page_KiboEngage  Broadcasts/input_Value_text (2) (1) (1) (1)"), "+923333739566"): Text '+923333739566' is set on object 'Object Repository/Page_KiboEngage  Broadcasts/input_Value_text (2) (1) (1) (1)'

2019-04-21 05:55:27 - [MESSAGE][PASSED] - Text '+923333739566' is set on object 'Object Repository/Page_KiboEngage  Broadcasts/input_Value_text (2) (1) (1) (1)'

2019-04-21 05:55:28 - [TEST_STEP][PASSED] - click(findTestObject("Object Repository/Page_KiboEngage  Broadcasts/button_ Add Condition (1)")): Object: 'Object Repository/Page_KiboEngage  Broadcasts/button_ Add Condition (1)' is clicked on

2019-04-21 05:55:28 - [MESSAGE][PASSED] - Object: 'Object Repository/Page_KiboEngage  Broadcasts/button_ Add Condition (1)' is clicked on

2019-04-21 05:55:28 - [TEST_STEP][PASSED] - selectOptionByValue(findTestObject("Object Repository/Page_KiboEngage  Broadcasts/select_Select Conditionnamenumber (3) (1)"), "name", true): All options with value 'name' are selected in object 'Object Repository/Page_KiboEngage  Broadcasts/select_Select Conditionnamenumber (3) (1)'  using regular expression

2019-04-21 05:55:29 - [MESSAGE][PASSED] - All options with value 'name' are selected in object 'Object Repository/Page_KiboEngage  Broadcasts/select_Select Conditionnamenumber (3) (1)'  using regular expression

2019-04-21 05:55:29 - [TEST_STEP][PASSED] - selectOptionByValue(findTestObject("Object Repository/Page_KiboEngage  Broadcasts/select_Select Criteriaiscontainsbegins with (3) (1)"), "contains", true): All options with value 'contains' are selected in object 'Object Repository/Page_KiboEngage  Broadcasts/select_Select Criteriaiscontainsbegins with (3) (1)'  using regular expression

2019-04-21 05:55:29 - [MESSAGE][PASSED] - All options with value 'contains' are selected in object 'Object Repository/Page_KiboEngage  Broadcasts/select_Select Criteriaiscontainsbegins with (3) (1)'  using regular expression

2019-04-21 05:55:29 - [TEST_STEP][PASSED] - setText(findTestObject("Object Repository/Page_KiboEngage  Broadcasts/input_Remove_text (1)"), "Fa"): Text 'Fa' is set on object 'Object Repository/Page_KiboEngage  Broadcasts/input_Remove_text (1)'

2019-04-21 05:55:30 - [MESSAGE][PASSED] - Text 'Fa' is set on object 'Object Repository/Page_KiboEngage  Broadcasts/input_Remove_text (1)'

2019-04-21 05:55:30 - [TEST_STEP][PASSED] - click(findTestObject("Object Repository/Page_KiboEngage  Broadcasts/button_Remove")): Object: 'Object Repository/Page_KiboEngage  Broadcasts/button_Remove' is clicked on

2019-04-21 05:55:31 - [MESSAGE][PASSED] - Object: 'Object Repository/Page_KiboEngage  Broadcasts/button_Remove' is clicked on

2019-04-21 05:55:31 - [TEST_STEP][PASSED] - driver = getWebDriver(): null

2019-04-21 05:55:31 - [TEST_STEP][PASSED] - Table = driver.findElement(By.xpath("//*[@id="m-datatable--27866229129"]/tbody")): null

2019-04-21 05:55:31 - [TEST_STEP][PASSED] - rows_table = Table.findElements(By.tagName("tr")): null

2019-04-21 05:55:31 - [TEST_STEP][PASSED] - verifyEqual(rows_table.size(), 1): Actual object '1' and expected object '1' are equal

2019-04-21 05:55:31 - [MESSAGE][PASSED] - Actual object '1' and expected object '1' are equal]]></system-out>
         <system-err><![CDATA[]]></system-err>
      </testcase>
      <testcase name="Test Cases/SMS/sms broadcast/TC11187" classname="Test Cases/SMS/sms broadcast/TC11187" status="PASSED">
         <system-out><![CDATA[2019-04-21 05:55:31 - [TEST_CASE][PASSED] - Test Cases/SMS/sms broadcast/TC11187: Test Cases/SMS/sms broadcast/TC11187

2019-04-21 05:55:32 - [TEST_STEP][PASSED] - click(findTestObject("Page_KiboPush  Dashboard/span_Dashboard")): Object: 'Object Repository/Page_KiboPush  Dashboard/span_Dashboard' is clicked on

2019-04-21 05:55:47 - [MESSAGE][PASSED] - Object: 'Object Repository/Page_KiboPush  Dashboard/span_Dashboard' is clicked on

2019-04-21 05:55:47 - [TEST_STEP][PASSED] - delay(1): Delayed 1 second(s)

2019-04-21 05:55:49 - [MESSAGE][PASSED] - Delayed 1 second(s)

2019-04-21 05:55:49 - [TEST_STEP][PASSED] - click(findTestObject("Object Repository/Page_KiboEngage  Dashboard/span_Broadcasts")): Object: 'Object Repository/Page_KiboEngage  Dashboard/span_Broadcasts' is clicked on

2019-04-21 05:56:02 - [MESSAGE][PASSED] - Object: 'Object Repository/Page_KiboEngage  Dashboard/span_Broadcasts' is clicked on

2019-04-21 05:56:02 - [TEST_STEP][PASSED] - delay(1): Delayed 1 second(s)

2019-04-21 05:56:03 - [MESSAGE][PASSED] - Delayed 1 second(s)

2019-04-21 05:56:03 - [TEST_STEP][PASSED] - click(findTestObject("Object Repository/Page_KiboEngage  Broadcasts/h3_Broadcasts (1) (1) (1) (1) (1) (1) (1) (1) (1) (2)")): Object: 'Object Repository/Page_KiboEngage  Broadcasts/h3_Broadcasts (1) (1) (1) (1) (1) (1) (1) (1) (1) (2)' is clicked on

2019-04-21 05:56:12 - [MESSAGE][PASSED] - Object: 'Object Repository/Page_KiboEngage  Broadcasts/h3_Broadcasts (1) (1) (1) (1) (1) (1) (1) (1) (1) (2)' is clicked on

2019-04-21 05:56:12 - [TEST_STEP][PASSED] - delay(1): Delayed 1 second(s)

2019-04-21 05:56:14 - [MESSAGE][PASSED] - Delayed 1 second(s)

2019-04-21 05:56:14 - [TEST_STEP][PASSED] - click(findTestObject("Object Repository/Page_KiboEngage  Broadcasts/span_Create New (1) (1) (1) (1) (1) (1) (1) (1) (2)")): Object: 'Object Repository/Page_KiboEngage  Broadcasts/span_Create New (1) (1) (1) (1) (1) (1) (1) (1) (2)' is clicked on

2019-04-21 05:56:16 - [MESSAGE][PASSED] - Object: 'Object Repository/Page_KiboEngage  Broadcasts/span_Create New (1) (1) (1) (1) (1) (1) (1) (1) (2)' is clicked on

2019-04-21 05:56:16 - [TEST_STEP][PASSED] - click(findTestObject("Object Repository/Page_KiboEngage  Broadcasts/button_Create New Broadcast (1) (1) (1) (1) (1) (1) (1) (1) (2)")): Object: 'Object Repository/Page_KiboEngage  Broadcasts/button_Create New Broadcast (1) (1) (1) (1) (1) (1) (1) (1) (2)' is clicked on

2019-04-21 05:56:22 - [MESSAGE][PASSED] - Object: 'Object Repository/Page_KiboEngage  Broadcasts/button_Create New Broadcast (1) (1) (1) (1) (1) (1) (1) (1) (2)' is clicked on

2019-04-21 05:56:22 - [TEST_STEP][PASSED] - delay(1): Delayed 1 second(s)

2019-04-21 05:56:24 - [MESSAGE][PASSED] - Delayed 1 second(s)

2019-04-21 05:56:24 - [TEST_STEP][PASSED] - setText(findTestObject("Object Repository/Page_KiboEngage  Broadcasts/input_Push Message_form-control m-input (1) (1) (1) (1) (1) (1) (2)"), "faizan"): Text 'faizan' is set on object 'Object Repository/Page_KiboEngage  Broadcasts/input_Push Message_form-control m-input (1) (1) (1) (1) (1) (1) (2)'

2019-04-21 05:56:38 - [MESSAGE][PASSED] - Text 'faizan' is set on object 'Object Repository/Page_KiboEngage  Broadcasts/input_Push Message_form-control m-input (1) (1) (1) (1) (1) (1) (2)'

2019-04-21 05:56:39 - [TEST_STEP][PASSED] - setText(findTestObject("Object Repository/Page_KiboEngage  Broadcasts/textarea_Automated testing (1) (1) (2)"), "Automated testing"): Text 'Automated testing' is set on object 'Object Repository/Page_KiboEngage  Broadcasts/textarea_Automated testing (1) (1) (2)'

2019-04-21 05:57:09 - [MESSAGE][PASSED] - Text 'Automated testing' is set on object 'Object Repository/Page_KiboEngage  Broadcasts/textarea_Automated testing (1) (1) (2)'

2019-04-21 05:57:09 - [TEST_STEP][PASSED] - selectOptionByValue(findTestObject("Object Repository/Page_KiboEngage  Broadcasts/select_Select Conditionnamenumber (2) (1) (1) (2)"), "number", true): All options with value 'number' are selected in object 'Object Repository/Page_KiboEngage  Broadcasts/select_Select Conditionnamenumber (2) (1) (1) (2)'  using regular expression

2019-04-21 05:57:21 - [MESSAGE][PASSED] - All options with value 'number' are selected in object 'Object Repository/Page_KiboEngage  Broadcasts/select_Select Conditionnamenumber (2) (1) (1) (2)'  using regular expression

2019-04-21 05:57:21 - [TEST_STEP][PASSED] - selectOptionByValue(findTestObject("Object Repository/Page_KiboEngage  Broadcasts/select_Select Criteriaiscontainsbegins with (2) (1) (1) (2)"), "is", true): All options with value 'is' are selected in object 'Object Repository/Page_KiboEngage  Broadcasts/select_Select Criteriaiscontainsbegins with (2) (1) (1) (2)'  using regular expression

2019-04-21 05:57:23 - [MESSAGE][PASSED] - All options with value 'is' are selected in object 'Object Repository/Page_KiboEngage  Broadcasts/select_Select Criteriaiscontainsbegins with (2) (1) (1) (2)'  using regular expression

2019-04-21 05:57:23 - [TEST_STEP][PASSED] - setText(findTestObject("Object Repository/Page_KiboEngage  Broadcasts/input_Value_text (2) (1) (1) (2)"), "+923333739566"): Text '+923333739566' is set on object 'Object Repository/Page_KiboEngage  Broadcasts/input_Value_text (2) (1) (1) (2)'

2019-04-21 05:57:26 - [MESSAGE][PASSED] - Text '+923333739566' is set on object 'Object Repository/Page_KiboEngage  Broadcasts/input_Value_text (2) (1) (1) (2)'

2019-04-21 05:57:26 - [TEST_STEP][PASSED] - click(findTestObject("Object Repository/Page_KiboEngage  Broadcasts/button_ Add Condition (2)")): Object: 'Object Repository/Page_KiboEngage  Broadcasts/button_ Add Condition (2)' is clicked on

2019-04-21 05:57:33 - [MESSAGE][PASSED] - Object: 'Object Repository/Page_KiboEngage  Broadcasts/button_ Add Condition (2)' is clicked on

2019-04-21 05:57:33 - [TEST_STEP][PASSED] - selectOptionByValue(findTestObject("Object Repository/Page_KiboEngage  Broadcasts/select_Select Conditionnamenumber (3) (2)"), "name", true): All options with value 'name' are selected in object 'Object Repository/Page_KiboEngage  Broadcasts/select_Select Conditionnamenumber (3) (2)'  using regular expression

2019-04-21 05:57:40 - [MESSAGE][PASSED] - All options with value 'name' are selected in object 'Object Repository/Page_KiboEngage  Broadcasts/select_Select Conditionnamenumber (3) (2)'  using regular expression

2019-04-21 05:57:40 - [TEST_STEP][PASSED] - selectOptionByValue(findTestObject("Object Repository/Page_KiboEngage  Broadcasts/select_Select Criteriaiscontainsbegins with (3) (2)"), "contains", true): All options with value 'contains' are selected in object 'Object Repository/Page_KiboEngage  Broadcasts/select_Select Criteriaiscontainsbegins with (3) (2)'  using regular expression

2019-04-21 05:57:42 - [MESSAGE][PASSED] - All options with value 'contains' are selected in object 'Object Repository/Page_KiboEngage  Broadcasts/select_Select Criteriaiscontainsbegins with (3) (2)'  using regular expression

2019-04-21 05:57:42 - [TEST_STEP][PASSED] - setText(findTestObject("Object Repository/Page_KiboEngage  Broadcasts/input_Remove_text (2)"), "Fa"): Text 'Fa' is set on object 'Object Repository/Page_KiboEngage  Broadcasts/input_Remove_text (2)'

2019-04-21 05:57:43 - [MESSAGE][PASSED] - Text 'Fa' is set on object 'Object Repository/Page_KiboEngage  Broadcasts/input_Remove_text (2)'

2019-04-21 05:57:43 - [TEST_STEP][PASSED] - setText(findTestObject("Object Repository/Page_KiboEngage  Broadcasts/input_Remove_text_1 (1)"), "Fa"): Text 'Fa' is set on object 'Object Repository/Page_KiboEngage  Broadcasts/input_Remove_text_1 (1)'

2019-04-21 05:57:44 - [MESSAGE][PASSED] - Text 'Fa' is set on object 'Object Repository/Page_KiboEngage  Broadcasts/input_Remove_text_1 (1)'

2019-04-21 05:57:44 - [TEST_STEP][PASSED] - setText(findTestObject("Object Repository/Page_KiboEngage  Broadcasts/input_Remove_text_2"), "Fa"): Text 'Fa' is set on object 'Object Repository/Page_KiboEngage  Broadcasts/input_Remove_text_2'

2019-04-21 05:57:44 - [MESSAGE][PASSED] - Text 'Fa' is set on object 'Object Repository/Page_KiboEngage  Broadcasts/input_Remove_text_2'

2019-04-21 05:57:44 - [TEST_STEP][PASSED] - click(findTestObject("Object Repository/Page_KiboEngage  Broadcasts/button_Reset")): Object: 'Object Repository/Page_KiboEngage  Broadcasts/button_Reset' is clicked on

2019-04-21 05:57:47 - [MESSAGE][PASSED] - Object: 'Object Repository/Page_KiboEngage  Broadcasts/button_Reset' is clicked on

2019-04-21 05:57:47 - [TEST_STEP][PASSED] - driver = getWebDriver(): null

2019-04-21 05:57:47 - [TEST_STEP][PASSED] - Table = driver.findElement(By.xpath("//*[@id="m-datatable--27866229129"]/tbody")): null

2019-04-21 05:57:47 - [TEST_STEP][PASSED] - rows_table = Table.findElements(By.tagName("tr")): null

2019-04-21 05:57:49 - [TEST_STEP][PASSED] - verifyEqual(rows_table.size(), 1): Actual object '1' and expected object '1' are equal

2019-04-21 05:57:49 - [MESSAGE][PASSED] - Actual object '1' and expected object '1' are equal]]></system-out>
         <system-err><![CDATA[]]></system-err>
      </testcase>
      <system-out><![CDATA[2019-04-21 05:42:48 - [TEST_SUITE][PASSED] - SMS: Test Cases/SMS/sms broadcast/TC11187]]></system-out>
      <system-err><![CDATA[]]></system-err>
   </testsuite>
</testsuites>
