<?xml version="1.0" encoding="UTF-8"?>
<testsuites name="KiboAPI" time="214" tests="7" failures="0" errors="0">
   <testsuite name="KiboAPI" tests="7" failures="0" errors="0" time="214" timestamp="2019-03-25 16:58:25" hostname="cloudkibo-muzamil - cloudkibomuzamil-Precision-T1700" id="Test Suites/KiboAPI">
      <properties>
         <property name="deviceName" value=""/>
         <property name="devicePlatform" value=""/>
         <property name="logFolder" value="/home/cloudkibo-muzamil/Downloads/Test cases/production/KiboPush/Reports/KiboAPI/20190325_165823"/>
         <property name="logFiles" value="/home/cloudkibo-muzamil/Downloads/Test cases/production/KiboPush/Reports/KiboAPI/20190325_165823/execution0.log"/>
         <property name="attachments" value=""/>
         <property name="hostName" value="cloudkibo-muzamil - cloudkibomuzamil-Precision-T1700"/>
         <property name="os" value="Linux 64bit"/>
         <property name="katalonVersion" value="6.0.6.4"/>
         <property name="browser" value="Chrome 73.0.3683.86"/>
         <property name="hostAddress" value="127.0.1.1"/>
         <property name="sessionId" value="6087e8c195541effe66c7f32e1002fed"/>
         <property name="seleniumVersion" value="3.7.1"/>
         <property name="proxyInformation" value="ProxyInformation{proxyOption=NO_PROXY, proxyServerType=HTTP, password=, proxyServerAddress=, proxyServerPort=0}"/>
         <property name="platform" value="Linux"/>
      </properties>
      <testcase name="Test Cases/KiboAPI Testcases/TC11128" classname="Test Cases/KiboAPI Testcases/TC11128" status="PASSED">
         <system-out><![CDATA[2019-03-25 16:58:25 - [TEST_CASE][PASSED] - Test Cases/KiboAPI Testcases/TC11128: Test Cases/KiboAPI Testcases/TC11128

2019-03-25 16:58:25 - [TEST_STEP][PASSED] - callTestCase(findTestCase("s-sidebar_navigation/individualAccount/Login_KiboAPI_Muzamil"), [:], STOP_ON_FAILURE): Call Test Case 'Test Cases/s-sidebar_navigation/individualAccount/Login_KiboAPI_Muzamil' successfully

2019-03-25 16:58:26 - [TEST_CASE][PASSED] - Test Cases/s-sidebar_navigation/individualAccount/Login_KiboAPI_Muzamil: Test Cases/s-sidebar_navigation/individualAccount/Login_KiboAPI_Muzamil

2019-03-25 16:58:26 - [TEST_STEP][PASSED] - openBrowser(""): Browser is opened with url: ''

2019-03-25 16:58:26 - [MESSAGE][INFO] - Starting 'Chrome' driver

2019-03-25 16:58:26 - [MESSAGE][INFO] - Action delay is set to 0 seconds

2019-03-25 16:58:27 - [MESSAGE][PASSED] - Browser is opened with url: ''

2019-03-25 16:58:27 - [TEST_STEP][PASSED] - maximizeWindow(): Current window maximized

2019-03-25 16:58:28 - [MESSAGE][PASSED] - Current window maximized

2019-03-25 16:58:28 - [TEST_STEP][PASSED] - navigateToUrl("https://accounts.cloudkibo.com/?continue=https://kiboapi.cloudkibo.com"): Navigate to 'https://accounts.cloudkibo.com/?continue=https://kiboapi.cloudkibo.com' successfully

2019-03-25 16:58:36 - [MESSAGE][PASSED] - Navigate to 'https://accounts.cloudkibo.com/?continue=https://kiboapi.cloudkibo.com' successfully

2019-03-25 16:58:36 - [TEST_STEP][PASSED] - delay(2): Delayed 2 second(s)

2019-03-25 16:58:38 - [MESSAGE][PASSED] - Delayed 2 second(s)

2019-03-25 16:58:38 - [TEST_STEP][PASSED] - click(findTestObject("Page_CloudKibo/a_Login (3)")): Object: 'Object Repository/Page_CloudKibo/a_Login (3)' is clicked on

2019-03-25 16:58:39 - [MESSAGE][PASSED] - Object: 'Object Repository/Page_CloudKibo/a_Login (3)' is clicked on

2019-03-25 16:58:39 - [TEST_STEP][PASSED] - delay(1): Delayed 1 second(s)

2019-03-25 16:58:40 - [MESSAGE][PASSED] - Delayed 1 second(s)

2019-03-25 16:58:40 - [TEST_STEP][PASSED] - setText(findTestObject("Page_CloudKibo/input_Sign In_email (2)"), "muzamil.bukhari.39@gmail.com"): Text 'muzamil.bukhari.39@gmail.com' is set on object 'Object Repository/Page_CloudKibo/input_Sign In_email (2)'

2019-03-25 16:58:40 - [MESSAGE][PASSED] - Text 'muzamil.bukhari.39@gmail.com' is set on object 'Object Repository/Page_CloudKibo/input_Sign In_email (2)'

2019-03-25 16:58:40 - [TEST_STEP][PASSED] - setEncryptedText(findTestObject("Page_CloudKibo/input_Sign In_password (2)"), "ZOMPkeJIpHWb3LMKk986MQ=="): Text ****** has been set on object 'Object Repository/Page_CloudKibo/input_Sign In_password (2)'

2019-03-25 16:58:40 - [MESSAGE][PASSED] - Text ****** has been set on object 'Object Repository/Page_CloudKibo/input_Sign In_password (2)'

2019-03-25 16:58:40 - [TEST_STEP][PASSED] - delay(1): Delayed 1 second(s)

2019-03-25 16:58:41 - [MESSAGE][PASSED] - Delayed 1 second(s)

2019-03-25 16:58:41 - [TEST_STEP][PASSED] - click(findTestObject("Page_CloudKibo/button_Sign In (6)")): Object: 'Object Repository/Page_CloudKibo/button_Sign In (6)' is clicked on

2019-03-25 16:58:41 - [MESSAGE][PASSED] - Object: 'Object Repository/Page_CloudKibo/button_Sign In (6)' is clicked on

2019-03-25 16:58:41 - [TEST_STEP][PASSED] - delay(2): Delayed 2 second(s)

2019-03-25 16:58:43 - [MESSAGE][PASSED] - Delayed 2 second(s)

2019-03-25 16:58:43 - [TEST_STEP][PASSED] - click(findTestObject("Object Repository/Page_KiboAPI/h3_KiboPush for Developers")): Object: 'Object Repository/Page_KiboAPI/h3_KiboPush for Developers' is clicked on

2019-03-25 16:58:48 - [MESSAGE][PASSED] - Object: 'Object Repository/Page_KiboAPI/h3_KiboPush for Developers' is clicked on

2019-03-25 16:58:48 - [MESSAGE][PASSED] - Call Test Case 'Test Cases/s-sidebar_navigation/individualAccount/Login_KiboAPI_Muzamil' successfully]]></system-out>
         <system-err><![CDATA[]]></system-err>
      </testcase>
      <testcase name="Test Cases/KiboAPI Testcases/TC11130" classname="Test Cases/KiboAPI Testcases/TC11130" status="PASSED">
         <system-out><![CDATA[2019-03-25 16:58:48 - [TEST_CASE][PASSED] - Test Cases/KiboAPI Testcases/TC11130: Test Cases/KiboAPI Testcases/TC11130

2019-03-25 16:58:48 - [TEST_STEP][PASSED] - callTestCase(findTestCase("s-sidebar_navigation/individualAccount/Login_KiboAPI_Muzamil"), [:], STOP_ON_FAILURE): Call Test Case 'Test Cases/s-sidebar_navigation/individualAccount/Login_KiboAPI_Muzamil' successfully

2019-03-25 16:58:48 - [TEST_CASE][PASSED] - Test Cases/s-sidebar_navigation/individualAccount/Login_KiboAPI_Muzamil: Test Cases/s-sidebar_navigation/individualAccount/Login_KiboAPI_Muzamil

2019-03-25 16:58:48 - [TEST_STEP][PASSED] - openBrowser(""): Browser is opened with url: ''

2019-03-25 16:58:48 - [MESSAGE][WARNING] - A browser is already opened. Closing browser and opening a new one

2019-03-25 16:58:48 - [MESSAGE][INFO] - Starting 'Chrome' driver

2019-03-25 16:58:49 - [MESSAGE][PASSED] - Browser is opened with url: ''

2019-03-25 16:58:49 - [TEST_STEP][PASSED] - maximizeWindow(): Current window maximized

2019-03-25 16:58:49 - [MESSAGE][PASSED] - Current window maximized

2019-03-25 16:58:49 - [TEST_STEP][PASSED] - navigateToUrl("https://accounts.cloudkibo.com/?continue=https://kiboapi.cloudkibo.com"): Navigate to 'https://accounts.cloudkibo.com/?continue=https://kiboapi.cloudkibo.com' successfully

2019-03-25 16:58:57 - [MESSAGE][PASSED] - Navigate to 'https://accounts.cloudkibo.com/?continue=https://kiboapi.cloudkibo.com' successfully

2019-03-25 16:58:57 - [TEST_STEP][PASSED] - delay(2): Delayed 2 second(s)

2019-03-25 16:58:59 - [MESSAGE][PASSED] - Delayed 2 second(s)

2019-03-25 16:58:59 - [TEST_STEP][PASSED] - click(findTestObject("Page_CloudKibo/a_Login (3)")): Object: 'Object Repository/Page_CloudKibo/a_Login (3)' is clicked on

2019-03-25 16:59:00 - [MESSAGE][PASSED] - Object: 'Object Repository/Page_CloudKibo/a_Login (3)' is clicked on

2019-03-25 16:59:00 - [TEST_STEP][PASSED] - delay(1): Delayed 1 second(s)

2019-03-25 16:59:01 - [MESSAGE][PASSED] - Delayed 1 second(s)

2019-03-25 16:59:01 - [TEST_STEP][PASSED] - setText(findTestObject("Page_CloudKibo/input_Sign In_email (2)"), "muzamil.bukhari.39@gmail.com"): Text 'muzamil.bukhari.39@gmail.com' is set on object 'Object Repository/Page_CloudKibo/input_Sign In_email (2)'

2019-03-25 16:59:02 - [MESSAGE][PASSED] - Text 'muzamil.bukhari.39@gmail.com' is set on object 'Object Repository/Page_CloudKibo/input_Sign In_email (2)'

2019-03-25 16:59:02 - [TEST_STEP][PASSED] - setEncryptedText(findTestObject("Page_CloudKibo/input_Sign In_password (2)"), "ZOMPkeJIpHWb3LMKk986MQ=="): Text ****** has been set on object 'Object Repository/Page_CloudKibo/input_Sign In_password (2)'

2019-03-25 16:59:02 - [MESSAGE][PASSED] - Text ****** has been set on object 'Object Repository/Page_CloudKibo/input_Sign In_password (2)'

2019-03-25 16:59:02 - [TEST_STEP][PASSED] - delay(1): Delayed 1 second(s)

2019-03-25 16:59:03 - [MESSAGE][PASSED] - Delayed 1 second(s)

2019-03-25 16:59:03 - [TEST_STEP][PASSED] - click(findTestObject("Page_CloudKibo/button_Sign In (6)")): Object: 'Object Repository/Page_CloudKibo/button_Sign In (6)' is clicked on

2019-03-25 16:59:03 - [MESSAGE][PASSED] - Object: 'Object Repository/Page_CloudKibo/button_Sign In (6)' is clicked on

2019-03-25 16:59:03 - [TEST_STEP][PASSED] - delay(2): Delayed 2 second(s)

2019-03-25 16:59:05 - [MESSAGE][PASSED] - Delayed 2 second(s)

2019-03-25 16:59:05 - [TEST_STEP][PASSED] - click(findTestObject("Object Repository/Page_KiboAPI/h3_KiboPush for Developers")): Object: 'Object Repository/Page_KiboAPI/h3_KiboPush for Developers' is clicked on

2019-03-25 16:59:09 - [MESSAGE][PASSED] - Object: 'Object Repository/Page_KiboAPI/h3_KiboPush for Developers' is clicked on

2019-03-25 16:59:09 - [MESSAGE][PASSED] - Call Test Case 'Test Cases/s-sidebar_navigation/individualAccount/Login_KiboAPI_Muzamil' successfully

2019-03-25 16:59:09 - [TEST_STEP][PASSED] - delay(2): Delayed 2 second(s)

2019-03-25 16:59:11 - [MESSAGE][PASSED] - Delayed 2 second(s)

2019-03-25 16:59:11 - [TEST_STEP][PASSED] - click(findTestObject("Object Repository/Page_KiboAPI/span_API Key")): Object: 'Object Repository/Page_KiboAPI/span_API Key' is clicked on

2019-03-25 16:59:11 - [MESSAGE][PASSED] - Object: 'Object Repository/Page_KiboAPI/span_API Key' is clicked on

2019-03-25 16:59:11 - [TEST_STEP][PASSED] - click(findTestObject("Object Repository/Page_KiboAPI/span_API Secret")): Object: 'Object Repository/Page_KiboAPI/span_API Secret' is clicked on

2019-03-25 16:59:11 - [MESSAGE][PASSED] - Object: 'Object Repository/Page_KiboAPI/span_API Secret' is clicked on]]></system-out>
         <system-err><![CDATA[]]></system-err>
      </testcase>
      <testcase name="Test Cases/KiboAPI Testcases/TC11131" classname="Test Cases/KiboAPI Testcases/TC11131" status="PASSED">
         <system-out><![CDATA[2019-03-25 16:59:11 - [TEST_CASE][PASSED] - Test Cases/KiboAPI Testcases/TC11131: Test Cases/KiboAPI Testcases/TC11131

2019-03-25 16:59:11 - [TEST_STEP][PASSED] - callTestCase(findTestCase("s-sidebar_navigation/individualAccount/Login_KiboAPI_Muzamil"), [:], STOP_ON_FAILURE): Call Test Case 'Test Cases/s-sidebar_navigation/individualAccount/Login_KiboAPI_Muzamil' successfully

2019-03-25 16:59:11 - [TEST_CASE][PASSED] - Test Cases/s-sidebar_navigation/individualAccount/Login_KiboAPI_Muzamil: Test Cases/s-sidebar_navigation/individualAccount/Login_KiboAPI_Muzamil

2019-03-25 16:59:11 - [TEST_STEP][PASSED] - openBrowser(""): Browser is opened with url: ''

2019-03-25 16:59:11 - [MESSAGE][WARNING] - A browser is already opened. Closing browser and opening a new one

2019-03-25 16:59:12 - [MESSAGE][INFO] - Starting 'Chrome' driver

2019-03-25 16:59:12 - [MESSAGE][PASSED] - Browser is opened with url: ''

2019-03-25 16:59:12 - [TEST_STEP][PASSED] - maximizeWindow(): Current window maximized

2019-03-25 16:59:12 - [MESSAGE][PASSED] - Current window maximized

2019-03-25 16:59:12 - [TEST_STEP][PASSED] - navigateToUrl("https://accounts.cloudkibo.com/?continue=https://kiboapi.cloudkibo.com"): Navigate to 'https://accounts.cloudkibo.com/?continue=https://kiboapi.cloudkibo.com' successfully

2019-03-25 16:59:20 - [MESSAGE][PASSED] - Navigate to 'https://accounts.cloudkibo.com/?continue=https://kiboapi.cloudkibo.com' successfully

2019-03-25 16:59:20 - [TEST_STEP][PASSED] - delay(2): Delayed 2 second(s)

2019-03-25 16:59:22 - [MESSAGE][PASSED] - Delayed 2 second(s)

2019-03-25 16:59:22 - [TEST_STEP][PASSED] - click(findTestObject("Page_CloudKibo/a_Login (3)")): Object: 'Object Repository/Page_CloudKibo/a_Login (3)' is clicked on

2019-03-25 16:59:23 - [MESSAGE][PASSED] - Object: 'Object Repository/Page_CloudKibo/a_Login (3)' is clicked on

2019-03-25 16:59:23 - [TEST_STEP][PASSED] - delay(1): Delayed 1 second(s)

2019-03-25 16:59:24 - [MESSAGE][PASSED] - Delayed 1 second(s)

2019-03-25 16:59:24 - [TEST_STEP][PASSED] - setText(findTestObject("Page_CloudKibo/input_Sign In_email (2)"), "muzamil.bukhari.39@gmail.com"): Text 'muzamil.bukhari.39@gmail.com' is set on object 'Object Repository/Page_CloudKibo/input_Sign In_email (2)'

2019-03-25 16:59:25 - [MESSAGE][PASSED] - Text 'muzamil.bukhari.39@gmail.com' is set on object 'Object Repository/Page_CloudKibo/input_Sign In_email (2)'

2019-03-25 16:59:25 - [TEST_STEP][PASSED] - setEncryptedText(findTestObject("Page_CloudKibo/input_Sign In_password (2)"), "ZOMPkeJIpHWb3LMKk986MQ=="): Text ****** has been set on object 'Object Repository/Page_CloudKibo/input_Sign In_password (2)'

2019-03-25 16:59:25 - [MESSAGE][PASSED] - Text ****** has been set on object 'Object Repository/Page_CloudKibo/input_Sign In_password (2)'

2019-03-25 16:59:25 - [TEST_STEP][PASSED] - delay(1): Delayed 1 second(s)

2019-03-25 16:59:26 - [MESSAGE][PASSED] - Delayed 1 second(s)

2019-03-25 16:59:26 - [TEST_STEP][PASSED] - click(findTestObject("Page_CloudKibo/button_Sign In (6)")): Object: 'Object Repository/Page_CloudKibo/button_Sign In (6)' is clicked on

2019-03-25 16:59:26 - [MESSAGE][PASSED] - Object: 'Object Repository/Page_CloudKibo/button_Sign In (6)' is clicked on

2019-03-25 16:59:26 - [TEST_STEP][PASSED] - delay(2): Delayed 2 second(s)

2019-03-25 16:59:28 - [MESSAGE][PASSED] - Delayed 2 second(s)

2019-03-25 16:59:28 - [TEST_STEP][PASSED] - click(findTestObject("Object Repository/Page_KiboAPI/h3_KiboPush for Developers")): Object: 'Object Repository/Page_KiboAPI/h3_KiboPush for Developers' is clicked on

2019-03-25 16:59:32 - [MESSAGE][PASSED] - Object: 'Object Repository/Page_KiboAPI/h3_KiboPush for Developers' is clicked on

2019-03-25 16:59:32 - [MESSAGE][PASSED] - Call Test Case 'Test Cases/s-sidebar_navigation/individualAccount/Login_KiboAPI_Muzamil' successfully

2019-03-25 16:59:32 - [TEST_STEP][PASSED] - delay(2): Delayed 2 second(s)

2019-03-25 16:59:34 - [MESSAGE][PASSED] - Delayed 2 second(s)

2019-03-25 16:59:34 - [TEST_STEP][PASSED] - click(findTestObject("Object Repository/Page_KiboAPI/div_API Key")): Object: 'Object Repository/Page_KiboAPI/div_API Key' is clicked on

2019-03-25 16:59:35 - [MESSAGE][PASSED] - Object: 'Object Repository/Page_KiboAPI/div_API Key' is clicked on

2019-03-25 16:59:35 - [TEST_STEP][PASSED] - delay(1): Delayed 1 second(s)

2019-03-25 16:59:36 - [MESSAGE][PASSED] - Delayed 1 second(s)

2019-03-25 16:59:36 - [TEST_STEP][PASSED] - click(findTestObject("Object Repository/Page_KiboAPI/div_API SecretShow")): Object: 'Object Repository/Page_KiboAPI/div_API SecretShow' is clicked on

2019-03-25 16:59:36 - [MESSAGE][PASSED] - Object: 'Object Repository/Page_KiboAPI/div_API SecretShow' is clicked on]]></system-out>
         <system-err><![CDATA[]]></system-err>
      </testcase>
      <testcase name="Test Cases/KiboAPI Testcases/TC11132" classname="Test Cases/KiboAPI Testcases/TC11132" status="PASSED">
         <system-out><![CDATA[2019-03-25 16:59:36 - [TEST_CASE][PASSED] - Test Cases/KiboAPI Testcases/TC11132: Test Cases/KiboAPI Testcases/TC11132

2019-03-25 16:59:36 - [TEST_STEP][PASSED] - callTestCase(findTestCase("s-sidebar_navigation/individualAccount/Login_KiboAPI_Muzamil"), [:], STOP_ON_FAILURE): Call Test Case 'Test Cases/s-sidebar_navigation/individualAccount/Login_KiboAPI_Muzamil' successfully

2019-03-25 16:59:36 - [TEST_CASE][PASSED] - Test Cases/s-sidebar_navigation/individualAccount/Login_KiboAPI_Muzamil: Test Cases/s-sidebar_navigation/individualAccount/Login_KiboAPI_Muzamil

2019-03-25 16:59:36 - [TEST_STEP][PASSED] - openBrowser(""): Browser is opened with url: ''

2019-03-25 16:59:36 - [MESSAGE][WARNING] - A browser is already opened. Closing browser and opening a new one

2019-03-25 16:59:36 - [MESSAGE][INFO] - Starting 'Chrome' driver

2019-03-25 16:59:37 - [MESSAGE][PASSED] - Browser is opened with url: ''

2019-03-25 16:59:37 - [TEST_STEP][PASSED] - maximizeWindow(): Current window maximized

2019-03-25 16:59:37 - [MESSAGE][PASSED] - Current window maximized

2019-03-25 16:59:37 - [TEST_STEP][PASSED] - navigateToUrl("https://accounts.cloudkibo.com/?continue=https://kiboapi.cloudkibo.com"): Navigate to 'https://accounts.cloudkibo.com/?continue=https://kiboapi.cloudkibo.com' successfully

2019-03-25 16:59:53 - [MESSAGE][PASSED] - Navigate to 'https://accounts.cloudkibo.com/?continue=https://kiboapi.cloudkibo.com' successfully

2019-03-25 16:59:53 - [TEST_STEP][PASSED] - delay(2): Delayed 2 second(s)

2019-03-25 16:59:55 - [MESSAGE][PASSED] - Delayed 2 second(s)

2019-03-25 16:59:55 - [TEST_STEP][PASSED] - click(findTestObject("Page_CloudKibo/a_Login (3)")): Object: 'Object Repository/Page_CloudKibo/a_Login (3)' is clicked on

2019-03-25 17:00:04 - [MESSAGE][PASSED] - Object: 'Object Repository/Page_CloudKibo/a_Login (3)' is clicked on

2019-03-25 17:00:04 - [TEST_STEP][PASSED] - delay(1): Delayed 1 second(s)

2019-03-25 17:00:05 - [MESSAGE][PASSED] - Delayed 1 second(s)

2019-03-25 17:00:05 - [TEST_STEP][PASSED] - setText(findTestObject("Page_CloudKibo/input_Sign In_email (2)"), "muzamil.bukhari.39@gmail.com"): Text 'muzamil.bukhari.39@gmail.com' is set on object 'Object Repository/Page_CloudKibo/input_Sign In_email (2)'

2019-03-25 17:00:06 - [MESSAGE][PASSED] - Text 'muzamil.bukhari.39@gmail.com' is set on object 'Object Repository/Page_CloudKibo/input_Sign In_email (2)'

2019-03-25 17:00:06 - [TEST_STEP][PASSED] - setEncryptedText(findTestObject("Page_CloudKibo/input_Sign In_password (2)"), "ZOMPkeJIpHWb3LMKk986MQ=="): Text ****** has been set on object 'Object Repository/Page_CloudKibo/input_Sign In_password (2)'

2019-03-25 17:00:06 - [MESSAGE][PASSED] - Text ****** has been set on object 'Object Repository/Page_CloudKibo/input_Sign In_password (2)'

2019-03-25 17:00:06 - [TEST_STEP][PASSED] - delay(1): Delayed 1 second(s)

2019-03-25 17:00:07 - [MESSAGE][PASSED] - Delayed 1 second(s)

2019-03-25 17:00:07 - [TEST_STEP][PASSED] - click(findTestObject("Page_CloudKibo/button_Sign In (6)")): Object: 'Object Repository/Page_CloudKibo/button_Sign In (6)' is clicked on

2019-03-25 17:00:07 - [MESSAGE][PASSED] - Object: 'Object Repository/Page_CloudKibo/button_Sign In (6)' is clicked on

2019-03-25 17:00:07 - [TEST_STEP][PASSED] - delay(2): Delayed 2 second(s)

2019-03-25 17:00:09 - [MESSAGE][PASSED] - Delayed 2 second(s)

2019-03-25 17:00:09 - [TEST_STEP][PASSED] - click(findTestObject("Object Repository/Page_KiboAPI/h3_KiboPush for Developers")): Object: 'Object Repository/Page_KiboAPI/h3_KiboPush for Developers' is clicked on

2019-03-25 17:00:14 - [MESSAGE][PASSED] - Object: 'Object Repository/Page_KiboAPI/h3_KiboPush for Developers' is clicked on

2019-03-25 17:00:14 - [MESSAGE][PASSED] - Call Test Case 'Test Cases/s-sidebar_navigation/individualAccount/Login_KiboAPI_Muzamil' successfully

2019-03-25 17:00:14 - [TEST_STEP][PASSED] - delay(2): Delayed 2 second(s)

2019-03-25 17:00:16 - [MESSAGE][PASSED] - Delayed 2 second(s)

2019-03-25 17:00:16 - [TEST_STEP][PASSED] - api_key = getAttribute(findTestObject("Object Repository/Page_KiboAPI/input_API Key_key (1)"), "value"): Attribute 'value' of object 'Object Repository/Page_KiboAPI/input_API Key_key (1)' is: '35e49dcbc10ffc660bc7'

2019-03-25 17:00:16 - [MESSAGE][PASSED] - Attribute 'value' of object 'Object Repository/Page_KiboAPI/input_API Key_key (1)' is: '35e49dcbc10ffc660bc7'

2019-03-25 17:00:16 - [TEST_STEP][PASSED] - secret_key = getAttribute(findTestObject("Object Repository/Page_KiboAPI/input_API Secret_secret (1)"), "value"): Attribute 'value' of object 'Object Repository/Page_KiboAPI/input_API Secret_secret (1)' is: '8ad064c34eb11e4f80f3fb1df168acfc27fd'

2019-03-25 17:00:16 - [MESSAGE][PASSED] - Attribute 'value' of object 'Object Repository/Page_KiboAPI/input_API Secret_secret (1)' is: '8ad064c34eb11e4f80f3fb1df168acfc27fd'

2019-03-25 17:00:16 - [TEST_STEP][PASSED] - delay(2): Delayed 2 second(s)

2019-03-25 17:00:18 - [MESSAGE][PASSED] - Delayed 2 second(s)

2019-03-25 17:00:18 - [TEST_STEP][PASSED] - click(findTestObject("Object Repository/Page_KiboAPI/span_Show_refreshButton")): Object: 'Object Repository/Page_KiboAPI/span_Show_refreshButton' is clicked on

2019-03-25 17:00:18 - [MESSAGE][PASSED] - Object: 'Object Repository/Page_KiboAPI/span_Show_refreshButton' is clicked on

2019-03-25 17:00:18 - [TEST_STEP][PASSED] - delay(2): Delayed 2 second(s)

2019-03-25 17:00:20 - [MESSAGE][PASSED] - Delayed 2 second(s)

2019-03-25 17:00:20 - [TEST_STEP][PASSED] - api_key_reset = getAttribute(findTestObject("Page_KiboAPI/input_API Key_key"), "value"): Attribute 'value' of object 'Object Repository/Page_KiboAPI/input_API Key_key' is: 'bc65d50490bce1727f0f'

2019-03-25 17:00:20 - [MESSAGE][PASSED] - Attribute 'value' of object 'Object Repository/Page_KiboAPI/input_API Key_key' is: 'bc65d50490bce1727f0f'

2019-03-25 17:00:20 - [TEST_STEP][PASSED] - secret_key_reset = getAttribute(findTestObject("Page_KiboAPI/input_API Secret_secret (1)"), "value"): Attribute 'value' of object 'Object Repository/Page_KiboAPI/input_API Secret_secret (1)' is: '4fc90f082d910f7295eee8aa9a5b9bf7aabb'

2019-03-25 17:00:20 - [MESSAGE][PASSED] - Attribute 'value' of object 'Object Repository/Page_KiboAPI/input_API Secret_secret (1)' is: '4fc90f082d910f7295eee8aa9a5b9bf7aabb'

2019-03-25 17:00:20 - [TEST_STEP][PASSED] - if (api_key != api_key_reset && secret_key != secret_key_reset): Actual object '1' and expected object '1' are equal

2019-03-25 17:00:20 - [TEST_STEP][PASSED] - verifyEqual("1", "1"): Actual object '1' and expected object '1' are equal

2019-03-25 17:00:20 - [MESSAGE][PASSED] - Actual object '1' and expected object '1' are equal]]></system-out>
         <system-err><![CDATA[]]></system-err>
      </testcase>
      <testcase name="Test Cases/KiboAPI Testcases/TC11135" classname="Test Cases/KiboAPI Testcases/TC11135" status="PASSED">
         <system-out><![CDATA[2019-03-25 17:00:20 - [TEST_CASE][PASSED] - Test Cases/KiboAPI Testcases/TC11135: Test Cases/KiboAPI Testcases/TC11135

2019-03-25 17:00:20 - [TEST_STEP][PASSED] - callTestCase(findTestCase("s-sidebar_navigation/individualAccount/Login_KiboAPI_Muzamil"), [:], STOP_ON_FAILURE): Call Test Case 'Test Cases/s-sidebar_navigation/individualAccount/Login_KiboAPI_Muzamil' successfully

2019-03-25 17:00:20 - [TEST_CASE][PASSED] - Test Cases/s-sidebar_navigation/individualAccount/Login_KiboAPI_Muzamil: Test Cases/s-sidebar_navigation/individualAccount/Login_KiboAPI_Muzamil

2019-03-25 17:00:20 - [TEST_STEP][PASSED] - openBrowser(""): Browser is opened with url: ''

2019-03-25 17:00:20 - [MESSAGE][WARNING] - A browser is already opened. Closing browser and opening a new one

2019-03-25 17:00:20 - [MESSAGE][INFO] - Starting 'Chrome' driver

2019-03-25 17:00:20 - [MESSAGE][PASSED] - Browser is opened with url: ''

2019-03-25 17:00:20 - [TEST_STEP][PASSED] - maximizeWindow(): Current window maximized

2019-03-25 17:00:21 - [MESSAGE][PASSED] - Current window maximized

2019-03-25 17:00:21 - [TEST_STEP][PASSED] - navigateToUrl("https://accounts.cloudkibo.com/?continue=https://kiboapi.cloudkibo.com"): Navigate to 'https://accounts.cloudkibo.com/?continue=https://kiboapi.cloudkibo.com' successfully

2019-03-25 17:00:30 - [MESSAGE][PASSED] - Navigate to 'https://accounts.cloudkibo.com/?continue=https://kiboapi.cloudkibo.com' successfully

2019-03-25 17:00:30 - [TEST_STEP][PASSED] - delay(2): Delayed 2 second(s)

2019-03-25 17:00:32 - [MESSAGE][PASSED] - Delayed 2 second(s)

2019-03-25 17:00:32 - [TEST_STEP][PASSED] - click(findTestObject("Page_CloudKibo/a_Login (3)")): Object: 'Object Repository/Page_CloudKibo/a_Login (3)' is clicked on

2019-03-25 17:00:32 - [MESSAGE][PASSED] - Object: 'Object Repository/Page_CloudKibo/a_Login (3)' is clicked on

2019-03-25 17:00:32 - [TEST_STEP][PASSED] - delay(1): Delayed 1 second(s)

2019-03-25 17:00:33 - [MESSAGE][PASSED] - Delayed 1 second(s)

2019-03-25 17:00:33 - [TEST_STEP][PASSED] - setText(findTestObject("Page_CloudKibo/input_Sign In_email (2)"), "muzamil.bukhari.39@gmail.com"): Text 'muzamil.bukhari.39@gmail.com' is set on object 'Object Repository/Page_CloudKibo/input_Sign In_email (2)'

2019-03-25 17:00:34 - [MESSAGE][PASSED] - Text 'muzamil.bukhari.39@gmail.com' is set on object 'Object Repository/Page_CloudKibo/input_Sign In_email (2)'

2019-03-25 17:00:34 - [TEST_STEP][PASSED] - setEncryptedText(findTestObject("Page_CloudKibo/input_Sign In_password (2)"), "ZOMPkeJIpHWb3LMKk986MQ=="): Text ****** has been set on object 'Object Repository/Page_CloudKibo/input_Sign In_password (2)'

2019-03-25 17:00:34 - [MESSAGE][PASSED] - Text ****** has been set on object 'Object Repository/Page_CloudKibo/input_Sign In_password (2)'

2019-03-25 17:00:34 - [TEST_STEP][PASSED] - delay(1): Delayed 1 second(s)

2019-03-25 17:00:35 - [MESSAGE][PASSED] - Delayed 1 second(s)

2019-03-25 17:00:35 - [TEST_STEP][PASSED] - click(findTestObject("Page_CloudKibo/button_Sign In (6)")): Object: 'Object Repository/Page_CloudKibo/button_Sign In (6)' is clicked on

2019-03-25 17:00:35 - [MESSAGE][PASSED] - Object: 'Object Repository/Page_CloudKibo/button_Sign In (6)' is clicked on

2019-03-25 17:00:35 - [TEST_STEP][PASSED] - delay(2): Delayed 2 second(s)

2019-03-25 17:00:37 - [MESSAGE][PASSED] - Delayed 2 second(s)

2019-03-25 17:00:37 - [TEST_STEP][PASSED] - click(findTestObject("Object Repository/Page_KiboAPI/h3_KiboPush for Developers")): Object: 'Object Repository/Page_KiboAPI/h3_KiboPush for Developers' is clicked on

2019-03-25 17:00:42 - [MESSAGE][PASSED] - Object: 'Object Repository/Page_KiboAPI/h3_KiboPush for Developers' is clicked on

2019-03-25 17:00:42 - [MESSAGE][PASSED] - Call Test Case 'Test Cases/s-sidebar_navigation/individualAccount/Login_KiboAPI_Muzamil' successfully

2019-03-25 17:00:42 - [TEST_STEP][PASSED] - delay(2): Delayed 2 second(s)

2019-03-25 17:00:44 - [MESSAGE][PASSED] - Delayed 2 second(s)

2019-03-25 17:00:44 - [TEST_STEP][PASSED] - click(findTestObject("Object Repository/Page_KiboAPI/a_Documentation")): Object: 'Object Repository/Page_KiboAPI/a_Documentation' is clicked on

2019-03-25 17:00:44 - [MESSAGE][PASSED] - Object: 'Object Repository/Page_KiboAPI/a_Documentation' is clicked on

2019-03-25 17:00:44 - [TEST_STEP][PASSED] - delay(2): Delayed 2 second(s)

2019-03-25 17:00:46 - [MESSAGE][PASSED] - Delayed 2 second(s)

2019-03-25 17:00:46 - [TEST_STEP][PASSED] - switchToWindowTitle("Swagger UI"): Switched to window with title: 'Swagger UI'

2019-03-25 17:00:46 - [MESSAGE][PASSED] - Switched to window with title: 'Swagger UI'

2019-03-25 17:00:46 - [TEST_STEP][PASSED] - delay(5): Delayed 5 second(s)

2019-03-25 17:00:51 - [MESSAGE][PASSED] - Delayed 5 second(s)

2019-03-25 17:00:51 - [TEST_STEP][PASSED] - click(findTestObject("Page_Swagger UI/h2_KiboPush API v1 (1)")): Object: 'Object Repository/Page_Swagger UI/h2_KiboPush API v1 (1)' is clicked on

2019-03-25 17:00:54 - [MESSAGE][PASSED] - Object: 'Object Repository/Page_Swagger UI/h2_KiboPush API v1 (1)' is clicked on]]></system-out>
         <system-err><![CDATA[]]></system-err>
      </testcase>
      <testcase name="Test Cases/KiboAPI Testcases/TC11136" classname="Test Cases/KiboAPI Testcases/TC11136" status="PASSED">
         <system-out><![CDATA[2019-03-25 17:00:54 - [TEST_CASE][PASSED] - Test Cases/KiboAPI Testcases/TC11136: Test Cases/KiboAPI Testcases/TC11136

2019-03-25 17:00:54 - [TEST_STEP][PASSED] - callTestCase(findTestCase("s-sidebar_navigation/individualAccount/Login_KiboAPI_Muzamil"), [:], STOP_ON_FAILURE): Call Test Case 'Test Cases/s-sidebar_navigation/individualAccount/Login_KiboAPI_Muzamil' successfully

2019-03-25 17:00:54 - [TEST_CASE][PASSED] - Test Cases/s-sidebar_navigation/individualAccount/Login_KiboAPI_Muzamil: Test Cases/s-sidebar_navigation/individualAccount/Login_KiboAPI_Muzamil

2019-03-25 17:00:54 - [TEST_STEP][PASSED] - openBrowser(""): Browser is opened with url: ''

2019-03-25 17:00:54 - [MESSAGE][WARNING] - A browser is already opened. Closing browser and opening a new one

2019-03-25 17:00:54 - [MESSAGE][INFO] - Starting 'Chrome' driver

2019-03-25 17:00:54 - [MESSAGE][PASSED] - Browser is opened with url: ''

2019-03-25 17:00:54 - [TEST_STEP][PASSED] - maximizeWindow(): Current window maximized

2019-03-25 17:00:55 - [MESSAGE][PASSED] - Current window maximized

2019-03-25 17:00:55 - [TEST_STEP][PASSED] - navigateToUrl("https://accounts.cloudkibo.com/?continue=https://kiboapi.cloudkibo.com"): Navigate to 'https://accounts.cloudkibo.com/?continue=https://kiboapi.cloudkibo.com' successfully

2019-03-25 17:01:07 - [MESSAGE][PASSED] - Navigate to 'https://accounts.cloudkibo.com/?continue=https://kiboapi.cloudkibo.com' successfully

2019-03-25 17:01:07 - [TEST_STEP][PASSED] - delay(2): Delayed 2 second(s)

2019-03-25 17:01:09 - [MESSAGE][PASSED] - Delayed 2 second(s)

2019-03-25 17:01:09 - [TEST_STEP][PASSED] - click(findTestObject("Page_CloudKibo/a_Login (3)")): Object: 'Object Repository/Page_CloudKibo/a_Login (3)' is clicked on

2019-03-25 17:01:10 - [MESSAGE][PASSED] - Object: 'Object Repository/Page_CloudKibo/a_Login (3)' is clicked on

2019-03-25 17:01:10 - [TEST_STEP][PASSED] - delay(1): Delayed 1 second(s)

2019-03-25 17:01:11 - [MESSAGE][PASSED] - Delayed 1 second(s)

2019-03-25 17:01:11 - [TEST_STEP][PASSED] - setText(findTestObject("Page_CloudKibo/input_Sign In_email (2)"), "muzamil.bukhari.39@gmail.com"): Text 'muzamil.bukhari.39@gmail.com' is set on object 'Object Repository/Page_CloudKibo/input_Sign In_email (2)'

2019-03-25 17:01:11 - [MESSAGE][PASSED] - Text 'muzamil.bukhari.39@gmail.com' is set on object 'Object Repository/Page_CloudKibo/input_Sign In_email (2)'

2019-03-25 17:01:11 - [TEST_STEP][PASSED] - setEncryptedText(findTestObject("Page_CloudKibo/input_Sign In_password (2)"), "ZOMPkeJIpHWb3LMKk986MQ=="): Text ****** has been set on object 'Object Repository/Page_CloudKibo/input_Sign In_password (2)'

2019-03-25 17:01:11 - [MESSAGE][PASSED] - Text ****** has been set on object 'Object Repository/Page_CloudKibo/input_Sign In_password (2)'

2019-03-25 17:01:11 - [TEST_STEP][PASSED] - delay(1): Delayed 1 second(s)

2019-03-25 17:01:12 - [MESSAGE][PASSED] - Delayed 1 second(s)

2019-03-25 17:01:12 - [TEST_STEP][PASSED] - click(findTestObject("Page_CloudKibo/button_Sign In (6)")): Object: 'Object Repository/Page_CloudKibo/button_Sign In (6)' is clicked on

2019-03-25 17:01:12 - [MESSAGE][PASSED] - Object: 'Object Repository/Page_CloudKibo/button_Sign In (6)' is clicked on

2019-03-25 17:01:12 - [TEST_STEP][PASSED] - delay(2): Delayed 2 second(s)

2019-03-25 17:01:14 - [MESSAGE][PASSED] - Delayed 2 second(s)

2019-03-25 17:01:14 - [TEST_STEP][PASSED] - click(findTestObject("Object Repository/Page_KiboAPI/h3_KiboPush for Developers")): Object: 'Object Repository/Page_KiboAPI/h3_KiboPush for Developers' is clicked on

2019-03-25 17:01:19 - [MESSAGE][PASSED] - Object: 'Object Repository/Page_KiboAPI/h3_KiboPush for Developers' is clicked on

2019-03-25 17:01:19 - [MESSAGE][PASSED] - Call Test Case 'Test Cases/s-sidebar_navigation/individualAccount/Login_KiboAPI_Muzamil' successfully

2019-03-25 17:01:19 - [TEST_STEP][PASSED] - delay(2): Delayed 2 second(s)

2019-03-25 17:01:21 - [MESSAGE][PASSED] - Delayed 2 second(s)

2019-03-25 17:01:21 - [TEST_STEP][PASSED] - click(findTestObject("Object Repository/Page_KiboAPI/a_here")): Object: 'Object Repository/Page_KiboAPI/a_here' is clicked on

2019-03-25 17:01:21 - [MESSAGE][PASSED] - Object: 'Object Repository/Page_KiboAPI/a_here' is clicked on

2019-03-25 17:01:21 - [TEST_STEP][PASSED] - switchToWindowTitle("User Guide – The Marketing Newsletter"): Switched to window with title: 'User Guide – The Marketing Newsletter'

2019-03-25 17:01:29 - [MESSAGE][PASSED] - Switched to window with title: 'User Guide – The Marketing Newsletter'

2019-03-25 17:01:29 - [TEST_STEP][PASSED] - delay(4): Delayed 4 second(s)

2019-03-25 17:01:33 - [MESSAGE][PASSED] - Delayed 4 second(s)

2019-03-25 17:01:33 - [TEST_STEP][PASSED] - click(findTestObject("Page_User Guide  The Marketing Newsletter/h2_User Guide (1)")): Object: 'Object Repository/Page_User Guide  The Marketing Newsletter/h2_User Guide (1)' is clicked on

2019-03-25 17:01:33 - [MESSAGE][PASSED] - Object: 'Object Repository/Page_User Guide  The Marketing Newsletter/h2_User Guide (1)' is clicked on]]></system-out>
         <system-err><![CDATA[]]></system-err>
      </testcase>
      <testcase name="Test Cases/KiboAPI Testcases/TC11137" classname="Test Cases/KiboAPI Testcases/TC11137" status="PASSED">
         <system-out><![CDATA[2019-03-25 17:01:33 - [TEST_CASE][PASSED] - Test Cases/KiboAPI Testcases/TC11137: Test Cases/KiboAPI Testcases/TC11137

2019-03-25 17:01:33 - [TEST_STEP][PASSED] - callTestCase(findTestCase("s-sidebar_navigation/individualAccount/Login_KiboAPI_Muzamil"), [:], STOP_ON_FAILURE): Call Test Case 'Test Cases/s-sidebar_navigation/individualAccount/Login_KiboAPI_Muzamil' successfully

2019-03-25 17:01:33 - [TEST_CASE][PASSED] - Test Cases/s-sidebar_navigation/individualAccount/Login_KiboAPI_Muzamil: Test Cases/s-sidebar_navigation/individualAccount/Login_KiboAPI_Muzamil

2019-03-25 17:01:33 - [TEST_STEP][PASSED] - openBrowser(""): Browser is opened with url: ''

2019-03-25 17:01:33 - [MESSAGE][WARNING] - A browser is already opened. Closing browser and opening a new one

2019-03-25 17:01:33 - [MESSAGE][INFO] - Starting 'Chrome' driver

2019-03-25 17:01:33 - [MESSAGE][PASSED] - Browser is opened with url: ''

2019-03-25 17:01:33 - [TEST_STEP][PASSED] - maximizeWindow(): Current window maximized

2019-03-25 17:01:33 - [MESSAGE][PASSED] - Current window maximized

2019-03-25 17:01:33 - [TEST_STEP][PASSED] - navigateToUrl("https://accounts.cloudkibo.com/?continue=https://kiboapi.cloudkibo.com"): Navigate to 'https://accounts.cloudkibo.com/?continue=https://kiboapi.cloudkibo.com' successfully

2019-03-25 17:01:41 - [MESSAGE][PASSED] - Navigate to 'https://accounts.cloudkibo.com/?continue=https://kiboapi.cloudkibo.com' successfully

2019-03-25 17:01:41 - [TEST_STEP][PASSED] - delay(2): Delayed 2 second(s)

2019-03-25 17:01:43 - [MESSAGE][PASSED] - Delayed 2 second(s)

2019-03-25 17:01:43 - [TEST_STEP][PASSED] - click(findTestObject("Page_CloudKibo/a_Login (3)")): Object: 'Object Repository/Page_CloudKibo/a_Login (3)' is clicked on

2019-03-25 17:01:44 - [MESSAGE][PASSED] - Object: 'Object Repository/Page_CloudKibo/a_Login (3)' is clicked on

2019-03-25 17:01:44 - [TEST_STEP][PASSED] - delay(1): Delayed 1 second(s)

2019-03-25 17:01:45 - [MESSAGE][PASSED] - Delayed 1 second(s)

2019-03-25 17:01:45 - [TEST_STEP][PASSED] - setText(findTestObject("Page_CloudKibo/input_Sign In_email (2)"), "muzamil.bukhari.39@gmail.com"): Text 'muzamil.bukhari.39@gmail.com' is set on object 'Object Repository/Page_CloudKibo/input_Sign In_email (2)'

2019-03-25 17:01:46 - [MESSAGE][PASSED] - Text 'muzamil.bukhari.39@gmail.com' is set on object 'Object Repository/Page_CloudKibo/input_Sign In_email (2)'

2019-03-25 17:01:46 - [TEST_STEP][PASSED] - setEncryptedText(findTestObject("Page_CloudKibo/input_Sign In_password (2)"), "ZOMPkeJIpHWb3LMKk986MQ=="): Text ****** has been set on object 'Object Repository/Page_CloudKibo/input_Sign In_password (2)'

2019-03-25 17:01:46 - [MESSAGE][PASSED] - Text ****** has been set on object 'Object Repository/Page_CloudKibo/input_Sign In_password (2)'

2019-03-25 17:01:46 - [TEST_STEP][PASSED] - delay(1): Delayed 1 second(s)

2019-03-25 17:01:47 - [MESSAGE][PASSED] - Delayed 1 second(s)

2019-03-25 17:01:47 - [TEST_STEP][PASSED] - click(findTestObject("Page_CloudKibo/button_Sign In (6)")): Object: 'Object Repository/Page_CloudKibo/button_Sign In (6)' is clicked on

2019-03-25 17:01:47 - [MESSAGE][PASSED] - Object: 'Object Repository/Page_CloudKibo/button_Sign In (6)' is clicked on

2019-03-25 17:01:47 - [TEST_STEP][PASSED] - delay(2): Delayed 2 second(s)

2019-03-25 17:01:49 - [MESSAGE][PASSED] - Delayed 2 second(s)

2019-03-25 17:01:49 - [TEST_STEP][PASSED] - click(findTestObject("Object Repository/Page_KiboAPI/h3_KiboPush for Developers")): Object: 'Object Repository/Page_KiboAPI/h3_KiboPush for Developers' is clicked on

2019-03-25 17:01:53 - [MESSAGE][PASSED] - Object: 'Object Repository/Page_KiboAPI/h3_KiboPush for Developers' is clicked on

2019-03-25 17:01:53 - [MESSAGE][PASSED] - Call Test Case 'Test Cases/s-sidebar_navigation/individualAccount/Login_KiboAPI_Muzamil' successfully

2019-03-25 17:01:53 - [TEST_STEP][PASSED] - delay(2): Delayed 2 second(s)

2019-03-25 17:01:55 - [MESSAGE][PASSED] - Delayed 2 second(s)

2019-03-25 17:01:55 - [TEST_STEP][PASSED] - click(findTestObject("Object Repository/Page_KiboAPI/span_Muzamil Bukhari")): Object: 'Object Repository/Page_KiboAPI/span_Muzamil Bukhari' is clicked on

2019-03-25 17:01:55 - [MESSAGE][PASSED] - Object: 'Object Repository/Page_KiboAPI/span_Muzamil Bukhari' is clicked on

2019-03-25 17:01:55 - [TEST_STEP][PASSED] - click(findTestObject("Object Repository/Page_KiboAPI/a_Logout")): Object: 'Object Repository/Page_KiboAPI/a_Logout' is clicked on

2019-03-25 17:01:57 - [MESSAGE][PASSED] - Object: 'Object Repository/Page_KiboAPI/a_Logout' is clicked on

2019-03-25 17:01:57 - [TEST_STEP][PASSED] - delay(2): Delayed 2 second(s)

2019-03-25 17:01:59 - [MESSAGE][PASSED] - Delayed 2 second(s)

2019-03-25 17:01:59 - [TEST_STEP][PASSED] - click(findTestObject("Object Repository/Page_CloudKibo/h3_Welcome To KiboPush")): Object: 'Object Repository/Page_CloudKibo/h3_Welcome To KiboPush' is clicked on

2019-03-25 17:01:59 - [MESSAGE][PASSED] - Object: 'Object Repository/Page_CloudKibo/h3_Welcome To KiboPush' is clicked on]]></system-out>
         <system-err><![CDATA[]]></system-err>
      </testcase>
      <system-out><![CDATA[2019-03-25 16:58:25 - [TEST_SUITE][PASSED] - KiboAPI: Test Cases/KiboAPI Testcases/TC11137]]></system-out>
      <system-err><![CDATA[]]></system-err>
   </testsuite>
</testsuites>
