<?xml version="1.0" encoding="UTF-8"?>
<testsuites name="InviteSubscribers" time="188" tests="5" failures="0" errors="0">
   <testsuite name="InviteSubscribers" tests="5" failures="0" errors="0" time="188" timestamp="2019-04-01 13:29:29" hostname="cloudkibo-faizan - cloudkibo-faizan" id="Test Suites/InviteSubscribers">
      <properties>
         <property name="deviceName" value=""/>
         <property name="devicePlatform" value=""/>
         <property name="logFolder" value="/home/cloudkibo-faizan/Drive/Katalon/production/KiboPush/Reports/InviteSubscribers/20190401_132928"/>
         <property name="logFiles" value="/home/cloudkibo-faizan/Drive/Katalon/production/KiboPush/Reports/InviteSubscribers/20190401_132928/execution0.log"/>
         <property name="attachments" value=""/>
         <property name="hostName" value="cloudkibo-faizan - cloudkibo-faizan"/>
         <property name="os" value="Linux 64bit"/>
         <property name="katalonVersion" value="6.0.6.4"/>
         <property name="browser" value="Chrome 73.0.3683.75"/>
         <property name="hostAddress" value="127.0.1.1"/>
         <property name="sessionId" value="ed97c74c1aa765855a0e873a7c113107"/>
         <property name="seleniumVersion" value="3.7.1"/>
         <property name="proxyInformation" value="ProxyInformation{proxyOption=NO_PROXY, proxyServerType=HTTP, password=, proxyServerAddress=, proxyServerPort=0}"/>
         <property name="platform" value="Linux"/>
      </properties>
      <testcase name="Test Cases/Invite subscribers/TC0678" classname="Test Cases/Invite subscribers/TC0678" status="PASSED">
         <system-out><![CDATA[2019-04-01 13:29:30 - [TEST_CASE][PASSED] - Test Cases/Invite subscribers/TC0678: Test Cases/Invite subscribers/TC0678

2019-04-01 13:29:30 - [TEST_STEP][PASSED] - callTestCase(findTestCase("s-sidebar_navigation/individualAccount/Subscriber"), [:], STOP_ON_FAILURE): Call Test Case 'Test Cases/s-sidebar_navigation/individualAccount/Subscriber' successfully

2019-04-01 13:29:30 - [TEST_CASE][PASSED] - Test Cases/s-sidebar_navigation/individualAccount/Subscriber: Test Cases/s-sidebar_navigation/individualAccount/Subscriber

2019-04-01 13:29:30 - [TEST_STEP][PASSED] - callTestCase(findTestCase("s-sidebar_navigation/individualAccount/Login-KiboEngage"), [:], STOP_ON_FAILURE): Call Test Case 'Test Cases/s-sidebar_navigation/individualAccount/Login-KiboEngage' successfully

2019-04-01 13:29:30 - [TEST_CASE][PASSED] - Test Cases/s-sidebar_navigation/individualAccount/Login-KiboEngage: Test Cases/s-sidebar_navigation/individualAccount/Login-KiboEngage

2019-04-01 13:29:30 - [TEST_STEP][PASSED] - openBrowser(""): Browser is opened with url: ''

2019-04-01 13:29:30 - [MESSAGE][INFO] - Starting 'Chrome' driver

2019-04-01 13:29:30 - [MESSAGE][INFO] - Action delay is set to 0 seconds

2019-04-01 13:29:31 - [MESSAGE][PASSED] - Browser is opened with url: ''

2019-04-01 13:29:31 - [TEST_STEP][PASSED] - maximizeWindow(): Current window maximized

2019-04-01 13:29:31 - [MESSAGE][PASSED] - Current window maximized

2019-04-01 13:29:31 - [TEST_STEP][PASSED] - navigateToUrl("https://kiboengage.cloudkibo.com/"): Navigate to 'https://kiboengage.cloudkibo.com/' successfully

2019-04-01 13:29:46 - [MESSAGE][PASSED] - Navigate to 'https://kiboengage.cloudkibo.com/' successfully

2019-04-01 13:29:46 - [TEST_STEP][PASSED] - navigateToUrl("https://accounts.cloudkibo.com/?continue=https://kiboengage.cloudkibo.com"): Navigate to 'https://accounts.cloudkibo.com/?continue=https://kiboengage.cloudkibo.com' successfully

2019-04-01 13:29:47 - [MESSAGE][PASSED] - Navigate to 'https://accounts.cloudkibo.com/?continue=https://kiboengage.cloudkibo.com' successfully

2019-04-01 13:29:47 - [TEST_STEP][PASSED] - click(findTestObject("Page_KiboPush/a_Login (9) (1)")): Object: 'Object Repository/Page_KiboPush/a_Login (9) (1)' is clicked on

2019-04-01 13:29:47 - [MESSAGE][PASSED] - Object: 'Object Repository/Page_KiboPush/a_Login (9) (1)' is clicked on

2019-04-01 13:29:47 - [TEST_STEP][PASSED] - setText(findTestObject("Page_KiboPush/input_email (10) (1)"), "individual@cloudkibo.com"): Text 'individual@cloudkibo.com' is set on object 'Object Repository/Page_KiboPush/input_email (10) (1)'

2019-04-01 13:29:48 - [MESSAGE][PASSED] - Text 'individual@cloudkibo.com' is set on object 'Object Repository/Page_KiboPush/input_email (10) (1)'

2019-04-01 13:29:48 - [TEST_STEP][PASSED] - setEncryptedText(findTestObject("Page_KiboPush/input_password (9) (1)"), "RigbBhfdqOBGNlJIWM1ClA=="): Text ****** has been set on object 'Object Repository/Page_KiboPush/input_password (9) (1)'

2019-04-01 13:29:48 - [MESSAGE][PASSED] - Text ****** has been set on object 'Object Repository/Page_KiboPush/input_password (9) (1)'

2019-04-01 13:29:48 - [TEST_STEP][PASSED] - click(findTestObject("Page_KiboPush/button_Sign In (10) (1)")): Object: 'Object Repository/Page_KiboPush/button_Sign In (10) (1)' is clicked on

2019-04-01 13:29:48 - [MESSAGE][PASSED] - Object: 'Object Repository/Page_KiboPush/button_Sign In (10) (1)' is clicked on

2019-04-01 13:29:48 - [TEST_STEP][PASSED] - navigateToUrl("https://kiboengage.cloudkibo.com/dashboard"): Navigate to 'https://kiboengage.cloudkibo.com/dashboard' successfully

2019-04-01 13:30:02 - [MESSAGE][PASSED] - Navigate to 'https://kiboengage.cloudkibo.com/dashboard' successfully

2019-04-01 13:30:02 - [TEST_STEP][PASSED] - click(findTestObject("Object Repository/Page_KiboPush  Dashboard/h3_Dashboard (57)")): Object: 'Object Repository/Page_KiboPush  Dashboard/h3_Dashboard (57)' is clicked on

2019-04-01 13:30:02 - [MESSAGE][PASSED] - Object: 'Object Repository/Page_KiboPush  Dashboard/h3_Dashboard (57)' is clicked on

2019-04-01 13:30:02 - [TEST_STEP][PASSED] - delay(3): Delayed 3 second(s)

2019-04-01 13:30:05 - [MESSAGE][PASSED] - Delayed 3 second(s)

2019-04-01 13:30:05 - [MESSAGE][PASSED] - Call Test Case 'Test Cases/s-sidebar_navigation/individualAccount/Login-KiboEngage' successfully

2019-04-01 13:30:05 - [TEST_STEP][PASSED] - delay(2): Delayed 2 second(s)

2019-04-01 13:30:07 - [MESSAGE][PASSED] - Delayed 2 second(s)

2019-04-01 13:30:07 - [TEST_STEP][PASSED] - click(findTestObject("Page_KiboPush  Subscribers/span_Subscribers (5)")): Object: 'Object Repository/Page_KiboPush  Subscribers/span_Subscribers (5)' is clicked on

2019-04-01 13:30:07 - [MESSAGE][PASSED] - Object: 'Object Repository/Page_KiboPush  Subscribers/span_Subscribers (5)' is clicked on

2019-04-01 13:30:07 - [TEST_STEP][PASSED] - click(findTestObject("Page_KiboPush  Subscribers/h3_Manage Subscribers (1)")): Object: 'Object Repository/Page_KiboPush  Subscribers/h3_Manage Subscribers (1)' is clicked on

2019-04-01 13:30:07 - [MESSAGE][PASSED] - Object: 'Object Repository/Page_KiboPush  Subscribers/h3_Manage Subscribers (1)' is clicked on

2019-04-01 13:30:07 - [MESSAGE][PASSED] - Call Test Case 'Test Cases/s-sidebar_navigation/individualAccount/Subscriber' successfully

2019-04-01 13:30:07 - [TEST_STEP][PASSED] - click(findTestObject("Object Repository/Page_KiboPush  Subscribers/button_Invite Subscribers")): Object: 'Object Repository/Page_KiboPush  Subscribers/button_Invite Subscribers' is clicked on

2019-04-01 13:30:07 - [MESSAGE][PASSED] - Object: 'Object Repository/Page_KiboPush  Subscribers/button_Invite Subscribers' is clicked on

2019-04-01 13:30:07 - [TEST_STEP][PASSED] - click(findTestObject("Object Repository/Page_KiboPush  Invite Subscribers/h3_Invite Subscribers")): Object: 'Object Repository/Page_KiboPush  Invite Subscribers/h3_Invite Subscribers' is clicked on

2019-04-01 13:30:07 - [MESSAGE][PASSED] - Object: 'Object Repository/Page_KiboPush  Invite Subscribers/h3_Invite Subscribers' is clicked on]]></system-out>
         <system-err><![CDATA[]]></system-err>
      </testcase>
      <testcase name="Test Cases/Invite subscribers/TC0679" classname="Test Cases/Invite subscribers/TC0679" status="PASSED">
         <system-out><![CDATA[2019-04-01 13:30:07 - [TEST_CASE][PASSED] - Test Cases/Invite subscribers/TC0679: Test Cases/Invite subscribers/TC0679

2019-04-01 13:30:07 - [TEST_STEP][PASSED] - callTestCase(findTestCase("Subscriber TestCases/TC0678"), [:], STOP_ON_FAILURE): Call Test Case 'Test Cases/Subscriber TestCases/TC0678' successfully

2019-04-01 13:30:07 - [TEST_CASE][PASSED] - Test Cases/Subscriber TestCases/TC0678: Test Cases/Subscriber TestCases/TC0678

2019-04-01 13:30:07 - [TEST_STEP][PASSED] - callTestCase(findTestCase("s-sidebar_navigation/individualAccount/Subscriber"), [:], STOP_ON_FAILURE): Call Test Case 'Test Cases/s-sidebar_navigation/individualAccount/Subscriber' successfully

2019-04-01 13:30:08 - [TEST_CASE][PASSED] - Test Cases/s-sidebar_navigation/individualAccount/Subscriber: Test Cases/s-sidebar_navigation/individualAccount/Subscriber

2019-04-01 13:30:08 - [TEST_STEP][PASSED] - callTestCase(findTestCase("s-sidebar_navigation/individualAccount/Login-KiboEngage"), [:], STOP_ON_FAILURE): Call Test Case 'Test Cases/s-sidebar_navigation/individualAccount/Login-KiboEngage' successfully

2019-04-01 13:30:08 - [TEST_CASE][PASSED] - Test Cases/s-sidebar_navigation/individualAccount/Login-KiboEngage: Test Cases/s-sidebar_navigation/individualAccount/Login-KiboEngage

2019-04-01 13:30:08 - [TEST_STEP][PASSED] - openBrowser(""): Browser is opened with url: ''

2019-04-01 13:30:08 - [MESSAGE][WARNING] - A browser is already opened. Closing browser and opening a new one

2019-04-01 13:30:08 - [MESSAGE][INFO] - Starting 'Chrome' driver

2019-04-01 13:30:08 - [MESSAGE][PASSED] - Browser is opened with url: ''

2019-04-01 13:30:08 - [TEST_STEP][PASSED] - maximizeWindow(): Current window maximized

2019-04-01 13:30:08 - [MESSAGE][PASSED] - Current window maximized

2019-04-01 13:30:08 - [TEST_STEP][PASSED] - navigateToUrl("https://kiboengage.cloudkibo.com/"): Navigate to 'https://kiboengage.cloudkibo.com/' successfully

2019-04-01 13:30:18 - [MESSAGE][PASSED] - Navigate to 'https://kiboengage.cloudkibo.com/' successfully

2019-04-01 13:30:18 - [TEST_STEP][PASSED] - navigateToUrl("https://accounts.cloudkibo.com/?continue=https://kiboengage.cloudkibo.com"): Navigate to 'https://accounts.cloudkibo.com/?continue=https://kiboengage.cloudkibo.com' successfully

2019-04-01 13:30:18 - [MESSAGE][PASSED] - Navigate to 'https://accounts.cloudkibo.com/?continue=https://kiboengage.cloudkibo.com' successfully

2019-04-01 13:30:18 - [TEST_STEP][PASSED] - click(findTestObject("Page_KiboPush/a_Login (9) (1)")): Object: 'Object Repository/Page_KiboPush/a_Login (9) (1)' is clicked on

2019-04-01 13:30:19 - [MESSAGE][PASSED] - Object: 'Object Repository/Page_KiboPush/a_Login (9) (1)' is clicked on

2019-04-01 13:30:19 - [TEST_STEP][PASSED] - setText(findTestObject("Page_KiboPush/input_email (10) (1)"), "individual@cloudkibo.com"): Text 'individual@cloudkibo.com' is set on object 'Object Repository/Page_KiboPush/input_email (10) (1)'

2019-04-01 13:30:19 - [MESSAGE][PASSED] - Text 'individual@cloudkibo.com' is set on object 'Object Repository/Page_KiboPush/input_email (10) (1)'

2019-04-01 13:30:19 - [TEST_STEP][PASSED] - setEncryptedText(findTestObject("Page_KiboPush/input_password (9) (1)"), "RigbBhfdqOBGNlJIWM1ClA=="): Text ****** has been set on object 'Object Repository/Page_KiboPush/input_password (9) (1)'

2019-04-01 13:30:19 - [MESSAGE][PASSED] - Text ****** has been set on object 'Object Repository/Page_KiboPush/input_password (9) (1)'

2019-04-01 13:30:19 - [TEST_STEP][PASSED] - click(findTestObject("Page_KiboPush/button_Sign In (10) (1)")): Object: 'Object Repository/Page_KiboPush/button_Sign In (10) (1)' is clicked on

2019-04-01 13:30:19 - [MESSAGE][PASSED] - Object: 'Object Repository/Page_KiboPush/button_Sign In (10) (1)' is clicked on

2019-04-01 13:30:19 - [TEST_STEP][PASSED] - navigateToUrl("https://kiboengage.cloudkibo.com/dashboard"): Navigate to 'https://kiboengage.cloudkibo.com/dashboard' successfully

2019-04-01 13:30:42 - [MESSAGE][PASSED] - Navigate to 'https://kiboengage.cloudkibo.com/dashboard' successfully

2019-04-01 13:30:42 - [TEST_STEP][PASSED] - click(findTestObject("Object Repository/Page_KiboPush  Dashboard/h3_Dashboard (57)")): Object: 'Object Repository/Page_KiboPush  Dashboard/h3_Dashboard (57)' is clicked on

2019-04-01 13:30:42 - [MESSAGE][PASSED] - Object: 'Object Repository/Page_KiboPush  Dashboard/h3_Dashboard (57)' is clicked on

2019-04-01 13:30:42 - [TEST_STEP][PASSED] - delay(3): Delayed 3 second(s)

2019-04-01 13:30:45 - [MESSAGE][PASSED] - Delayed 3 second(s)

2019-04-01 13:30:45 - [MESSAGE][PASSED] - Call Test Case 'Test Cases/s-sidebar_navigation/individualAccount/Login-KiboEngage' successfully

2019-04-01 13:30:45 - [TEST_STEP][PASSED] - delay(2): Delayed 2 second(s)

2019-04-01 13:30:47 - [MESSAGE][PASSED] - Delayed 2 second(s)

2019-04-01 13:30:47 - [TEST_STEP][PASSED] - click(findTestObject("Page_KiboPush  Subscribers/span_Subscribers (5)")): Object: 'Object Repository/Page_KiboPush  Subscribers/span_Subscribers (5)' is clicked on

2019-04-01 13:30:47 - [MESSAGE][PASSED] - Object: 'Object Repository/Page_KiboPush  Subscribers/span_Subscribers (5)' is clicked on

2019-04-01 13:30:47 - [TEST_STEP][PASSED] - click(findTestObject("Page_KiboPush  Subscribers/h3_Manage Subscribers (1)")): Object: 'Object Repository/Page_KiboPush  Subscribers/h3_Manage Subscribers (1)' is clicked on

2019-04-01 13:30:47 - [MESSAGE][PASSED] - Object: 'Object Repository/Page_KiboPush  Subscribers/h3_Manage Subscribers (1)' is clicked on

2019-04-01 13:30:47 - [MESSAGE][PASSED] - Call Test Case 'Test Cases/s-sidebar_navigation/individualAccount/Subscriber' successfully

2019-04-01 13:30:47 - [TEST_STEP][PASSED] - click(findTestObject("Object Repository/Page_KiboPush  Subscribers/button_Invite Subscribers")): Object: 'Object Repository/Page_KiboPush  Subscribers/button_Invite Subscribers' is clicked on

2019-04-01 13:30:48 - [MESSAGE][PASSED] - Object: 'Object Repository/Page_KiboPush  Subscribers/button_Invite Subscribers' is clicked on

2019-04-01 13:30:48 - [TEST_STEP][PASSED] - click(findTestObject("Object Repository/Page_KiboPush  Invite Subscribers/h3_Invite Subscribers")): Object: 'Object Repository/Page_KiboPush  Invite Subscribers/h3_Invite Subscribers' is clicked on

2019-04-01 13:30:48 - [MESSAGE][PASSED] - Object: 'Object Repository/Page_KiboPush  Invite Subscribers/h3_Invite Subscribers' is clicked on

2019-04-01 13:30:48 - [MESSAGE][PASSED] - Call Test Case 'Test Cases/Subscriber TestCases/TC0678' successfully

2019-04-01 13:30:48 - [TEST_STEP][PASSED] - click(findTestObject("Page_KiboPush  Invite Subscribers/a_Click Here")): Object: 'Object Repository/Page_KiboPush  Invite Subscribers/a_Click Here' is clicked on

2019-04-01 13:30:48 - [MESSAGE][PASSED] - Object: 'Object Repository/Page_KiboPush  Invite Subscribers/a_Click Here' is clicked on]]></system-out>
         <system-err><![CDATA[]]></system-err>
      </testcase>
      <testcase name="Test Cases/Invite subscribers/TC0680" classname="Test Cases/Invite subscribers/TC0680" status="PASSED">
         <system-out><![CDATA[2019-04-01 13:30:48 - [TEST_CASE][PASSED] - Test Cases/Invite subscribers/TC0680: Test Cases/Invite subscribers/TC0680

2019-04-01 13:30:48 - [TEST_STEP][PASSED] - callTestCase(findTestCase("Subscriber TestCases/TC0678"), [:], STOP_ON_FAILURE): Call Test Case 'Test Cases/Subscriber TestCases/TC0678' successfully

2019-04-01 13:30:48 - [TEST_CASE][PASSED] - Test Cases/Subscriber TestCases/TC0678: Test Cases/Subscriber TestCases/TC0678

2019-04-01 13:30:48 - [TEST_STEP][PASSED] - callTestCase(findTestCase("s-sidebar_navigation/individualAccount/Subscriber"), [:], STOP_ON_FAILURE): Call Test Case 'Test Cases/s-sidebar_navigation/individualAccount/Subscriber' successfully

2019-04-01 13:30:48 - [TEST_CASE][PASSED] - Test Cases/s-sidebar_navigation/individualAccount/Subscriber: Test Cases/s-sidebar_navigation/individualAccount/Subscriber

2019-04-01 13:30:48 - [TEST_STEP][PASSED] - callTestCase(findTestCase("s-sidebar_navigation/individualAccount/Login-KiboEngage"), [:], STOP_ON_FAILURE): Call Test Case 'Test Cases/s-sidebar_navigation/individualAccount/Login-KiboEngage' successfully

2019-04-01 13:30:48 - [TEST_CASE][PASSED] - Test Cases/s-sidebar_navigation/individualAccount/Login-KiboEngage: Test Cases/s-sidebar_navigation/individualAccount/Login-KiboEngage

2019-04-01 13:30:48 - [TEST_STEP][PASSED] - openBrowser(""): Browser is opened with url: ''

2019-04-01 13:30:48 - [MESSAGE][WARNING] - A browser is already opened. Closing browser and opening a new one

2019-04-01 13:30:48 - [MESSAGE][INFO] - Starting 'Chrome' driver

2019-04-01 13:30:48 - [MESSAGE][PASSED] - Browser is opened with url: ''

2019-04-01 13:30:48 - [TEST_STEP][PASSED] - maximizeWindow(): Current window maximized

2019-04-01 13:30:49 - [MESSAGE][PASSED] - Current window maximized

2019-04-01 13:30:49 - [TEST_STEP][PASSED] - navigateToUrl("https://kiboengage.cloudkibo.com/"): Navigate to 'https://kiboengage.cloudkibo.com/' successfully

2019-04-01 13:31:02 - [MESSAGE][PASSED] - Navigate to 'https://kiboengage.cloudkibo.com/' successfully

2019-04-01 13:31:02 - [TEST_STEP][PASSED] - navigateToUrl("https://accounts.cloudkibo.com/?continue=https://kiboengage.cloudkibo.com"): Navigate to 'https://accounts.cloudkibo.com/?continue=https://kiboengage.cloudkibo.com' successfully

2019-04-01 13:31:03 - [MESSAGE][PASSED] - Navigate to 'https://accounts.cloudkibo.com/?continue=https://kiboengage.cloudkibo.com' successfully

2019-04-01 13:31:03 - [TEST_STEP][PASSED] - click(findTestObject("Page_KiboPush/a_Login (9) (1)")): Object: 'Object Repository/Page_KiboPush/a_Login (9) (1)' is clicked on

2019-04-01 13:31:04 - [MESSAGE][PASSED] - Object: 'Object Repository/Page_KiboPush/a_Login (9) (1)' is clicked on

2019-04-01 13:31:04 - [TEST_STEP][PASSED] - setText(findTestObject("Page_KiboPush/input_email (10) (1)"), "individual@cloudkibo.com"): Text 'individual@cloudkibo.com' is set on object 'Object Repository/Page_KiboPush/input_email (10) (1)'

2019-04-01 13:31:04 - [MESSAGE][PASSED] - Text 'individual@cloudkibo.com' is set on object 'Object Repository/Page_KiboPush/input_email (10) (1)'

2019-04-01 13:31:04 - [TEST_STEP][PASSED] - setEncryptedText(findTestObject("Page_KiboPush/input_password (9) (1)"), "RigbBhfdqOBGNlJIWM1ClA=="): Text ****** has been set on object 'Object Repository/Page_KiboPush/input_password (9) (1)'

2019-04-01 13:31:04 - [MESSAGE][PASSED] - Text ****** has been set on object 'Object Repository/Page_KiboPush/input_password (9) (1)'

2019-04-01 13:31:04 - [TEST_STEP][PASSED] - click(findTestObject("Page_KiboPush/button_Sign In (10) (1)")): Object: 'Object Repository/Page_KiboPush/button_Sign In (10) (1)' is clicked on

2019-04-01 13:31:04 - [MESSAGE][PASSED] - Object: 'Object Repository/Page_KiboPush/button_Sign In (10) (1)' is clicked on

2019-04-01 13:31:04 - [TEST_STEP][PASSED] - navigateToUrl("https://kiboengage.cloudkibo.com/dashboard"): Navigate to 'https://kiboengage.cloudkibo.com/dashboard' successfully

2019-04-01 13:31:21 - [MESSAGE][PASSED] - Navigate to 'https://kiboengage.cloudkibo.com/dashboard' successfully

2019-04-01 13:31:21 - [TEST_STEP][PASSED] - click(findTestObject("Object Repository/Page_KiboPush  Dashboard/h3_Dashboard (57)")): Object: 'Object Repository/Page_KiboPush  Dashboard/h3_Dashboard (57)' is clicked on

2019-04-01 13:31:21 - [MESSAGE][PASSED] - Object: 'Object Repository/Page_KiboPush  Dashboard/h3_Dashboard (57)' is clicked on

2019-04-01 13:31:21 - [TEST_STEP][PASSED] - delay(3): Delayed 3 second(s)

2019-04-01 13:31:24 - [MESSAGE][PASSED] - Delayed 3 second(s)

2019-04-01 13:31:24 - [MESSAGE][PASSED] - Call Test Case 'Test Cases/s-sidebar_navigation/individualAccount/Login-KiboEngage' successfully

2019-04-01 13:31:24 - [TEST_STEP][PASSED] - delay(2): Delayed 2 second(s)

2019-04-01 13:31:26 - [MESSAGE][PASSED] - Delayed 2 second(s)

2019-04-01 13:31:26 - [TEST_STEP][PASSED] - click(findTestObject("Page_KiboPush  Subscribers/span_Subscribers (5)")): Object: 'Object Repository/Page_KiboPush  Subscribers/span_Subscribers (5)' is clicked on

2019-04-01 13:31:26 - [MESSAGE][PASSED] - Object: 'Object Repository/Page_KiboPush  Subscribers/span_Subscribers (5)' is clicked on

2019-04-01 13:31:26 - [TEST_STEP][PASSED] - click(findTestObject("Page_KiboPush  Subscribers/h3_Manage Subscribers (1)")): Object: 'Object Repository/Page_KiboPush  Subscribers/h3_Manage Subscribers (1)' is clicked on

2019-04-01 13:31:26 - [MESSAGE][PASSED] - Object: 'Object Repository/Page_KiboPush  Subscribers/h3_Manage Subscribers (1)' is clicked on

2019-04-01 13:31:26 - [MESSAGE][PASSED] - Call Test Case 'Test Cases/s-sidebar_navigation/individualAccount/Subscriber' successfully

2019-04-01 13:31:26 - [TEST_STEP][PASSED] - click(findTestObject("Object Repository/Page_KiboPush  Subscribers/button_Invite Subscribers")): Object: 'Object Repository/Page_KiboPush  Subscribers/button_Invite Subscribers' is clicked on

2019-04-01 13:31:26 - [MESSAGE][PASSED] - Object: 'Object Repository/Page_KiboPush  Subscribers/button_Invite Subscribers' is clicked on

2019-04-01 13:31:26 - [TEST_STEP][PASSED] - click(findTestObject("Object Repository/Page_KiboPush  Invite Subscribers/h3_Invite Subscribers")): Object: 'Object Repository/Page_KiboPush  Invite Subscribers/h3_Invite Subscribers' is clicked on

2019-04-01 13:31:26 - [MESSAGE][PASSED] - Object: 'Object Repository/Page_KiboPush  Invite Subscribers/h3_Invite Subscribers' is clicked on

2019-04-01 13:31:26 - [MESSAGE][PASSED] - Call Test Case 'Test Cases/Subscriber TestCases/TC0678' successfully

2019-04-01 13:31:26 - [TEST_STEP][PASSED] - click(findTestObject("Object Repository/Page_KiboPush  Invite Subscribers/a_video tutorial")): Object: 'Object Repository/Page_KiboPush  Invite Subscribers/a_video tutorial' is clicked on

2019-04-01 13:31:27 - [MESSAGE][PASSED] - Object: 'Object Repository/Page_KiboPush  Invite Subscribers/a_video tutorial' is clicked on]]></system-out>
         <system-err><![CDATA[]]></system-err>
      </testcase>
      <testcase name="Test Cases/Invite subscribers/TC0681" classname="Test Cases/Invite subscribers/TC0681" status="PASSED">
         <system-out><![CDATA[2019-04-01 13:31:27 - [TEST_CASE][PASSED] - Test Cases/Invite subscribers/TC0681: Test Cases/Invite subscribers/TC0681

2019-04-01 13:31:27 - [TEST_STEP][PASSED] - callTestCase(findTestCase("Subscriber TestCases/TC0678"), [:], STOP_ON_FAILURE): Call Test Case 'Test Cases/Subscriber TestCases/TC0678' successfully

2019-04-01 13:31:27 - [TEST_CASE][PASSED] - Test Cases/Subscriber TestCases/TC0678: Test Cases/Subscriber TestCases/TC0678

2019-04-01 13:31:27 - [TEST_STEP][PASSED] - callTestCase(findTestCase("s-sidebar_navigation/individualAccount/Subscriber"), [:], STOP_ON_FAILURE): Call Test Case 'Test Cases/s-sidebar_navigation/individualAccount/Subscriber' successfully

2019-04-01 13:31:27 - [TEST_CASE][PASSED] - Test Cases/s-sidebar_navigation/individualAccount/Subscriber: Test Cases/s-sidebar_navigation/individualAccount/Subscriber

2019-04-01 13:31:27 - [TEST_STEP][PASSED] - callTestCase(findTestCase("s-sidebar_navigation/individualAccount/Login-KiboEngage"), [:], STOP_ON_FAILURE): Call Test Case 'Test Cases/s-sidebar_navigation/individualAccount/Login-KiboEngage' successfully

2019-04-01 13:31:27 - [TEST_CASE][PASSED] - Test Cases/s-sidebar_navigation/individualAccount/Login-KiboEngage: Test Cases/s-sidebar_navigation/individualAccount/Login-KiboEngage

2019-04-01 13:31:27 - [TEST_STEP][PASSED] - openBrowser(""): Browser is opened with url: ''

2019-04-01 13:31:27 - [MESSAGE][WARNING] - A browser is already opened. Closing browser and opening a new one

2019-04-01 13:31:27 - [MESSAGE][INFO] - Starting 'Chrome' driver

2019-04-01 13:31:27 - [MESSAGE][PASSED] - Browser is opened with url: ''

2019-04-01 13:31:27 - [TEST_STEP][PASSED] - maximizeWindow(): Current window maximized

2019-04-01 13:31:27 - [MESSAGE][PASSED] - Current window maximized

2019-04-01 13:31:27 - [TEST_STEP][PASSED] - navigateToUrl("https://kiboengage.cloudkibo.com/"): Navigate to 'https://kiboengage.cloudkibo.com/' successfully

2019-04-01 13:31:37 - [MESSAGE][PASSED] - Navigate to 'https://kiboengage.cloudkibo.com/' successfully

2019-04-01 13:31:37 - [TEST_STEP][PASSED] - navigateToUrl("https://accounts.cloudkibo.com/?continue=https://kiboengage.cloudkibo.com"): Navigate to 'https://accounts.cloudkibo.com/?continue=https://kiboengage.cloudkibo.com' successfully

2019-04-01 13:31:38 - [MESSAGE][PASSED] - Navigate to 'https://accounts.cloudkibo.com/?continue=https://kiboengage.cloudkibo.com' successfully

2019-04-01 13:31:38 - [TEST_STEP][PASSED] - click(findTestObject("Page_KiboPush/a_Login (9) (1)")): Object: 'Object Repository/Page_KiboPush/a_Login (9) (1)' is clicked on

2019-04-01 13:31:38 - [MESSAGE][PASSED] - Object: 'Object Repository/Page_KiboPush/a_Login (9) (1)' is clicked on

2019-04-01 13:31:38 - [TEST_STEP][PASSED] - setText(findTestObject("Page_KiboPush/input_email (10) (1)"), "individual@cloudkibo.com"): Text 'individual@cloudkibo.com' is set on object 'Object Repository/Page_KiboPush/input_email (10) (1)'

2019-04-01 13:31:39 - [MESSAGE][PASSED] - Text 'individual@cloudkibo.com' is set on object 'Object Repository/Page_KiboPush/input_email (10) (1)'

2019-04-01 13:31:39 - [TEST_STEP][PASSED] - setEncryptedText(findTestObject("Page_KiboPush/input_password (9) (1)"), "RigbBhfdqOBGNlJIWM1ClA=="): Text ****** has been set on object 'Object Repository/Page_KiboPush/input_password (9) (1)'

2019-04-01 13:31:39 - [MESSAGE][PASSED] - Text ****** has been set on object 'Object Repository/Page_KiboPush/input_password (9) (1)'

2019-04-01 13:31:39 - [TEST_STEP][PASSED] - click(findTestObject("Page_KiboPush/button_Sign In (10) (1)")): Object: 'Object Repository/Page_KiboPush/button_Sign In (10) (1)' is clicked on

2019-04-01 13:31:39 - [MESSAGE][PASSED] - Object: 'Object Repository/Page_KiboPush/button_Sign In (10) (1)' is clicked on

2019-04-01 13:31:39 - [TEST_STEP][PASSED] - navigateToUrl("https://kiboengage.cloudkibo.com/dashboard"): Navigate to 'https://kiboengage.cloudkibo.com/dashboard' successfully

2019-04-01 13:31:53 - [MESSAGE][PASSED] - Navigate to 'https://kiboengage.cloudkibo.com/dashboard' successfully

2019-04-01 13:31:53 - [TEST_STEP][PASSED] - click(findTestObject("Object Repository/Page_KiboPush  Dashboard/h3_Dashboard (57)")): Object: 'Object Repository/Page_KiboPush  Dashboard/h3_Dashboard (57)' is clicked on

2019-04-01 13:31:53 - [MESSAGE][PASSED] - Object: 'Object Repository/Page_KiboPush  Dashboard/h3_Dashboard (57)' is clicked on

2019-04-01 13:31:53 - [TEST_STEP][PASSED] - delay(3): Delayed 3 second(s)

2019-04-01 13:31:56 - [MESSAGE][PASSED] - Delayed 3 second(s)

2019-04-01 13:31:56 - [MESSAGE][PASSED] - Call Test Case 'Test Cases/s-sidebar_navigation/individualAccount/Login-KiboEngage' successfully

2019-04-01 13:31:56 - [TEST_STEP][PASSED] - delay(2): Delayed 2 second(s)

2019-04-01 13:31:58 - [MESSAGE][PASSED] - Delayed 2 second(s)

2019-04-01 13:31:58 - [TEST_STEP][PASSED] - click(findTestObject("Page_KiboPush  Subscribers/span_Subscribers (5)")): Object: 'Object Repository/Page_KiboPush  Subscribers/span_Subscribers (5)' is clicked on

2019-04-01 13:31:58 - [MESSAGE][PASSED] - Object: 'Object Repository/Page_KiboPush  Subscribers/span_Subscribers (5)' is clicked on

2019-04-01 13:31:58 - [TEST_STEP][PASSED] - click(findTestObject("Page_KiboPush  Subscribers/h3_Manage Subscribers (1)")): Object: 'Object Repository/Page_KiboPush  Subscribers/h3_Manage Subscribers (1)' is clicked on

2019-04-01 13:31:58 - [MESSAGE][PASSED] - Object: 'Object Repository/Page_KiboPush  Subscribers/h3_Manage Subscribers (1)' is clicked on

2019-04-01 13:31:58 - [MESSAGE][PASSED] - Call Test Case 'Test Cases/s-sidebar_navigation/individualAccount/Subscriber' successfully

2019-04-01 13:31:58 - [TEST_STEP][PASSED] - click(findTestObject("Object Repository/Page_KiboPush  Subscribers/button_Invite Subscribers")): Object: 'Object Repository/Page_KiboPush  Subscribers/button_Invite Subscribers' is clicked on

2019-04-01 13:31:58 - [MESSAGE][PASSED] - Object: 'Object Repository/Page_KiboPush  Subscribers/button_Invite Subscribers' is clicked on

2019-04-01 13:31:58 - [TEST_STEP][PASSED] - click(findTestObject("Object Repository/Page_KiboPush  Invite Subscribers/h3_Invite Subscribers")): Object: 'Object Repository/Page_KiboPush  Invite Subscribers/h3_Invite Subscribers' is clicked on

2019-04-01 13:31:59 - [MESSAGE][PASSED] - Object: 'Object Repository/Page_KiboPush  Invite Subscribers/h3_Invite Subscribers' is clicked on

2019-04-01 13:31:59 - [MESSAGE][PASSED] - Call Test Case 'Test Cases/Subscriber TestCases/TC0678' successfully

2019-04-01 13:31:59 - [TEST_STEP][PASSED] - click(findTestObject("Page_KiboPush  Invite Subscribers/h3_Invite Subscribers")): Object: 'Object Repository/Page_KiboPush  Invite Subscribers/h3_Invite Subscribers' is clicked on

2019-04-01 13:31:59 - [MESSAGE][PASSED] - Object: 'Object Repository/Page_KiboPush  Invite Subscribers/h3_Invite Subscribers' is clicked on

2019-04-01 13:31:59 - [TEST_STEP][PASSED] - click(findTestObject("Page_KiboPush  Invite Subscribers/span_Share Page")): Object: 'Object Repository/Page_KiboPush  Invite Subscribers/span_Share Page' is clicked on

2019-04-01 13:31:59 - [MESSAGE][PASSED] - Object: 'Object Repository/Page_KiboPush  Invite Subscribers/span_Share Page' is clicked on]]></system-out>
         <system-err><![CDATA[]]></system-err>
      </testcase>
      <testcase name="Test Cases/Invite subscribers/TC0682" classname="Test Cases/Invite subscribers/TC0682" status="PASSED">
         <system-out><![CDATA[2019-04-01 13:31:59 - [TEST_CASE][PASSED] - Test Cases/Invite subscribers/TC0682: Test Cases/Invite subscribers/TC0682

2019-04-01 13:31:59 - [TEST_STEP][PASSED] - callTestCase(findTestCase("Subscriber TestCases/TC0678"), [:], STOP_ON_FAILURE): Call Test Case 'Test Cases/Subscriber TestCases/TC0678' successfully

2019-04-01 13:31:59 - [TEST_CASE][PASSED] - Test Cases/Subscriber TestCases/TC0678: Test Cases/Subscriber TestCases/TC0678

2019-04-01 13:31:59 - [TEST_STEP][PASSED] - callTestCase(findTestCase("s-sidebar_navigation/individualAccount/Subscriber"), [:], STOP_ON_FAILURE): Call Test Case 'Test Cases/s-sidebar_navigation/individualAccount/Subscriber' successfully

2019-04-01 13:31:59 - [TEST_CASE][PASSED] - Test Cases/s-sidebar_navigation/individualAccount/Subscriber: Test Cases/s-sidebar_navigation/individualAccount/Subscriber

2019-04-01 13:31:59 - [TEST_STEP][PASSED] - callTestCase(findTestCase("s-sidebar_navigation/individualAccount/Login-KiboEngage"), [:], STOP_ON_FAILURE): Call Test Case 'Test Cases/s-sidebar_navigation/individualAccount/Login-KiboEngage' successfully

2019-04-01 13:31:59 - [TEST_CASE][PASSED] - Test Cases/s-sidebar_navigation/individualAccount/Login-KiboEngage: Test Cases/s-sidebar_navigation/individualAccount/Login-KiboEngage

2019-04-01 13:31:59 - [TEST_STEP][PASSED] - openBrowser(""): Browser is opened with url: ''

2019-04-01 13:31:59 - [MESSAGE][WARNING] - A browser is already opened. Closing browser and opening a new one

2019-04-01 13:31:59 - [MESSAGE][INFO] - Starting 'Chrome' driver

2019-04-01 13:32:00 - [MESSAGE][PASSED] - Browser is opened with url: ''

2019-04-01 13:32:00 - [TEST_STEP][PASSED] - maximizeWindow(): Current window maximized

2019-04-01 13:32:00 - [MESSAGE][PASSED] - Current window maximized

2019-04-01 13:32:00 - [TEST_STEP][PASSED] - navigateToUrl("https://kiboengage.cloudkibo.com/"): Navigate to 'https://kiboengage.cloudkibo.com/' successfully

2019-04-01 13:32:15 - [MESSAGE][PASSED] - Navigate to 'https://kiboengage.cloudkibo.com/' successfully

2019-04-01 13:32:15 - [TEST_STEP][PASSED] - navigateToUrl("https://accounts.cloudkibo.com/?continue=https://kiboengage.cloudkibo.com"): Navigate to 'https://accounts.cloudkibo.com/?continue=https://kiboengage.cloudkibo.com' successfully

2019-04-01 13:32:16 - [MESSAGE][PASSED] - Navigate to 'https://accounts.cloudkibo.com/?continue=https://kiboengage.cloudkibo.com' successfully

2019-04-01 13:32:16 - [TEST_STEP][PASSED] - click(findTestObject("Page_KiboPush/a_Login (9) (1)")): Object: 'Object Repository/Page_KiboPush/a_Login (9) (1)' is clicked on

2019-04-01 13:32:17 - [MESSAGE][PASSED] - Object: 'Object Repository/Page_KiboPush/a_Login (9) (1)' is clicked on

2019-04-01 13:32:17 - [TEST_STEP][PASSED] - setText(findTestObject("Page_KiboPush/input_email (10) (1)"), "individual@cloudkibo.com"): Text 'individual@cloudkibo.com' is set on object 'Object Repository/Page_KiboPush/input_email (10) (1)'

2019-04-01 13:32:17 - [MESSAGE][PASSED] - Text 'individual@cloudkibo.com' is set on object 'Object Repository/Page_KiboPush/input_email (10) (1)'

2019-04-01 13:32:17 - [TEST_STEP][PASSED] - setEncryptedText(findTestObject("Page_KiboPush/input_password (9) (1)"), "RigbBhfdqOBGNlJIWM1ClA=="): Text ****** has been set on object 'Object Repository/Page_KiboPush/input_password (9) (1)'

2019-04-01 13:32:17 - [MESSAGE][PASSED] - Text ****** has been set on object 'Object Repository/Page_KiboPush/input_password (9) (1)'

2019-04-01 13:32:17 - [TEST_STEP][PASSED] - click(findTestObject("Page_KiboPush/button_Sign In (10) (1)")): Object: 'Object Repository/Page_KiboPush/button_Sign In (10) (1)' is clicked on

2019-04-01 13:32:17 - [MESSAGE][PASSED] - Object: 'Object Repository/Page_KiboPush/button_Sign In (10) (1)' is clicked on

2019-04-01 13:32:17 - [TEST_STEP][PASSED] - navigateToUrl("https://kiboengage.cloudkibo.com/dashboard"): Navigate to 'https://kiboengage.cloudkibo.com/dashboard' successfully

2019-04-01 13:32:33 - [MESSAGE][PASSED] - Navigate to 'https://kiboengage.cloudkibo.com/dashboard' successfully

2019-04-01 13:32:33 - [TEST_STEP][PASSED] - click(findTestObject("Object Repository/Page_KiboPush  Dashboard/h3_Dashboard (57)")): Object: 'Object Repository/Page_KiboPush  Dashboard/h3_Dashboard (57)' is clicked on

2019-04-01 13:32:33 - [MESSAGE][PASSED] - Object: 'Object Repository/Page_KiboPush  Dashboard/h3_Dashboard (57)' is clicked on

2019-04-01 13:32:33 - [TEST_STEP][PASSED] - delay(3): Delayed 3 second(s)

2019-04-01 13:32:36 - [MESSAGE][PASSED] - Delayed 3 second(s)

2019-04-01 13:32:36 - [MESSAGE][PASSED] - Call Test Case 'Test Cases/s-sidebar_navigation/individualAccount/Login-KiboEngage' successfully

2019-04-01 13:32:36 - [TEST_STEP][PASSED] - delay(2): Delayed 2 second(s)

2019-04-01 13:32:38 - [MESSAGE][PASSED] - Delayed 2 second(s)

2019-04-01 13:32:38 - [TEST_STEP][PASSED] - click(findTestObject("Page_KiboPush  Subscribers/span_Subscribers (5)")): Object: 'Object Repository/Page_KiboPush  Subscribers/span_Subscribers (5)' is clicked on

2019-04-01 13:32:38 - [MESSAGE][PASSED] - Object: 'Object Repository/Page_KiboPush  Subscribers/span_Subscribers (5)' is clicked on

2019-04-01 13:32:38 - [TEST_STEP][PASSED] - click(findTestObject("Page_KiboPush  Subscribers/h3_Manage Subscribers (1)")): Object: 'Object Repository/Page_KiboPush  Subscribers/h3_Manage Subscribers (1)' is clicked on

2019-04-01 13:32:38 - [MESSAGE][PASSED] - Object: 'Object Repository/Page_KiboPush  Subscribers/h3_Manage Subscribers (1)' is clicked on

2019-04-01 13:32:38 - [MESSAGE][PASSED] - Call Test Case 'Test Cases/s-sidebar_navigation/individualAccount/Subscriber' successfully

2019-04-01 13:32:38 - [TEST_STEP][PASSED] - click(findTestObject("Object Repository/Page_KiboPush  Subscribers/button_Invite Subscribers")): Object: 'Object Repository/Page_KiboPush  Subscribers/button_Invite Subscribers' is clicked on

2019-04-01 13:32:38 - [MESSAGE][PASSED] - Object: 'Object Repository/Page_KiboPush  Subscribers/button_Invite Subscribers' is clicked on

2019-04-01 13:32:38 - [TEST_STEP][PASSED] - click(findTestObject("Object Repository/Page_KiboPush  Invite Subscribers/h3_Invite Subscribers")): Object: 'Object Repository/Page_KiboPush  Invite Subscribers/h3_Invite Subscribers' is clicked on

2019-04-01 13:32:38 - [MESSAGE][PASSED] - Object: 'Object Repository/Page_KiboPush  Invite Subscribers/h3_Invite Subscribers' is clicked on

2019-04-01 13:32:38 - [MESSAGE][PASSED] - Call Test Case 'Test Cases/Subscriber TestCases/TC0678' successfully

2019-04-01 13:32:38 - [TEST_STEP][PASSED] - click(findTestObject("Object Repository/Page_KiboPush  Invite Subscribers/h3_Invite Subscribers (2)")): Object: 'Object Repository/Page_KiboPush  Invite Subscribers/h3_Invite Subscribers (2)' is clicked on

2019-04-01 13:32:38 - [MESSAGE][PASSED] - Object: 'Object Repository/Page_KiboPush  Invite Subscribers/h3_Invite Subscribers (2)' is clicked on

2019-04-01 13:32:38 - [TEST_STEP][PASSED] - click(findTestObject("Object Repository/Page_KiboPush  Invite Subscribers/button_Copy Link (1)")): Object: 'Object Repository/Page_KiboPush  Invite Subscribers/button_Copy Link (1)' is clicked on

2019-04-01 13:32:38 - [MESSAGE][PASSED] - Object: 'Object Repository/Page_KiboPush  Invite Subscribers/button_Copy Link (1)' is clicked on

2019-04-01 13:32:38 - [TEST_STEP][PASSED] - click(findTestObject("Object Repository/Page_KiboPush  Invite Subscribers/div_Link Copied Successfully")): Object: 'Object Repository/Page_KiboPush  Invite Subscribers/div_Link Copied Successfully' is clicked on

2019-04-01 13:32:38 - [MESSAGE][PASSED] - Object: 'Object Repository/Page_KiboPush  Invite Subscribers/div_Link Copied Successfully' is clicked on]]></system-out>
         <system-err><![CDATA[]]></system-err>
      </testcase>
      <system-out><![CDATA[2019-04-01 13:29:29 - [TEST_SUITE][PASSED] - InviteSubscribers: Test Cases/Invite subscribers/TC0682]]></system-out>
      <system-err><![CDATA[]]></system-err>
   </testsuite>
</testsuites>
