<?xml version="1.0" encoding="UTF-8"?>
<testsuites name="welcomeMessages" time="101" tests="8" failures="0" errors="0">
   <testsuite name="welcomeMessages" tests="8" failures="0" errors="0" time="101" timestamp="2019-04-20 18:51:27" hostname="faizan - faizan-HP-EliteBook-850-G2" id="Test Suites/Faizan Suits/welcomeMessages">
      <properties>
         <property name="deviceName" value=""/>
         <property name="devicePlatform" value=""/>
         <property name="logFolder" value="/home/faizan/Drive/KiboPush_Automated_Testing/KiboPush Katalon/Reports/Faizan Suits/welcomeMessages/20190420_185118"/>
         <property name="logFiles" value="/home/faizan/Drive/KiboPush_Automated_Testing/KiboPush Katalon/Reports/Faizan Suits/welcomeMessages/20190420_185118/execution0.log"/>
         <property name="attachments" value=""/>
         <property name="hostName" value="faizan - faizan-HP-EliteBook-850-G2"/>
         <property name="os" value="Linux 64bit"/>
         <property name="katalonVersion" value="6.1.2.2"/>
         <property name="browser" value="Chrome 73.0.3683.103"/>
         <property name="hostAddress" value="127.0.1.1"/>
         <property name="sessionId" value="05304d619df74d32915ebb0cfc3ae21f"/>
         <property name="seleniumVersion" value="3.7.1"/>
         <property name="proxyInformation" value="ProxyInformation{proxyOption=NO_PROXY, proxyServerType=HTTP, password=, proxyServerAddress=, proxyServerPort=0}"/>
         <property name="platform" value="Linux"/>
      </properties>
      <testcase name="Test Cases/s-sidebar_navigation/individualAccount/Faizan_production_login_kiboengage" classname="Test Cases/s-sidebar_navigation/individualAccount/Faizan_production_login_kiboengage" status="PASSED">
         <system-out><![CDATA[2019-04-20 18:51:27 - [TEST_CASE][PASSED] - Test Cases/s-sidebar_navigation/individualAccount/Faizan_production_login_kiboengage: Test Cases/s-sidebar_navigation/individualAccount/Faizan_production_login_kiboengage

2019-04-20 18:51:28 - [TEST_STEP][PASSED] - openBrowser(""): Browser is opened with url: ''

2019-04-20 18:51:28 - [MESSAGE][INFO] - Starting 'Chrome' driver

2019-04-20 18:51:28 - [MESSAGE][INFO] - User set preference: ['args', '[--no-sandbox]']

2019-04-20 18:51:28 - [MESSAGE][INFO] - Action delay is set to 0 seconds

2019-04-20 18:51:48 - [MESSAGE][PASSED] - Browser is opened with url: ''

2019-04-20 18:51:48 - [TEST_STEP][PASSED] - maximizeWindow(): Current window maximized

2019-04-20 18:51:48 - [MESSAGE][PASSED] - Current window maximized

2019-04-20 18:51:48 - [TEST_STEP][PASSED] - navigateToUrl("https://kiboengage.cloudkibo.com/"): Navigate to 'https://kiboengage.cloudkibo.com/' successfully

2019-04-20 18:51:59 - [MESSAGE][PASSED] - Navigate to 'https://kiboengage.cloudkibo.com/' successfully

2019-04-20 18:51:59 - [TEST_STEP][PASSED] - navigateToUrl("https://accounts.cloudkibo.com/?continue=https://kiboengage.cloudkibo.com"): Navigate to 'https://accounts.cloudkibo.com/?continue=https://kiboengage.cloudkibo.com' successfully

2019-04-20 18:52:00 - [MESSAGE][PASSED] - Navigate to 'https://accounts.cloudkibo.com/?continue=https://kiboengage.cloudkibo.com' successfully

2019-04-20 18:52:00 - [TEST_STEP][PASSED] - click(findTestObject("Page_CloudKibo/a_Login (2) (1) (1)")): Object: 'Object Repository/Page_CloudKibo/a_Login (2) (1) (1)' is clicked on

2019-04-20 18:52:01 - [MESSAGE][PASSED] - Object: 'Object Repository/Page_CloudKibo/a_Login (2) (1) (1)' is clicked on

2019-04-20 18:52:01 - [TEST_STEP][PASSED] - setText(findTestObject("Page_KiboPush/input_email (10) (1) (1)"), "faizan@cloudkibo.com"): Text 'faizan@cloudkibo.com' is set on object 'Object Repository/Page_KiboPush/input_email (10) (1) (1)'

2019-04-20 18:52:02 - [MESSAGE][PASSED] - Text 'faizan@cloudkibo.com' is set on object 'Object Repository/Page_KiboPush/input_email (10) (1) (1)'

2019-04-20 18:52:02 - [TEST_STEP][PASSED] - setEncryptedText(findTestObject("Page_CloudKibo/input_Sign In_password (7)"), "qeJ0sjJnwEs="): Text ****** has been set on object 'Object Repository/Page_CloudKibo/input_Sign In_password (7)'

2019-04-20 18:52:03 - [MESSAGE][PASSED] - Text ****** has been set on object 'Object Repository/Page_CloudKibo/input_Sign In_password (7)'

2019-04-20 18:52:03 - [TEST_STEP][PASSED] - click(findTestObject("Page_KiboPush/button_Sign In (10) (1) (2)")): Object: 'Object Repository/Page_KiboPush/button_Sign In (10) (1) (2)' is clicked on

2019-04-20 18:52:03 - [MESSAGE][PASSED] - Object: 'Object Repository/Page_KiboPush/button_Sign In (10) (1) (2)' is clicked on

2019-04-20 18:52:03 - [TEST_STEP][PASSED] - navigateToUrl("https://kiboengage.cloudkibo.com/dashboard"): Navigate to 'https://kiboengage.cloudkibo.com/dashboard' successfully

2019-04-20 18:52:32 - [MESSAGE][PASSED] - Navigate to 'https://kiboengage.cloudkibo.com/dashboard' successfully

2019-04-20 18:52:33 - [TEST_STEP][PASSED] - click(findTestObject("Page_KiboPush  Dashboard/h3_Dashboard (57)")): Object: 'Object Repository/Page_KiboPush  Dashboard/h3_Dashboard (57)' is clicked on

2019-04-20 18:52:36 - [MESSAGE][PASSED] - Object: 'Object Repository/Page_KiboPush  Dashboard/h3_Dashboard (57)' is clicked on

2019-04-20 18:52:36 - [TEST_STEP][PASSED] - delay(3): Delayed 3 second(s)

2019-04-20 18:52:39 - [MESSAGE][PASSED] - Delayed 3 second(s)

2019-04-20 18:52:39 - [TEST_STEP][PASSED] - click(findTestObject("Page_KiboEngage  Dashboard/a_SMS (2) (1) (1) (1) (3)")): Object: 'Object Repository/Page_KiboEngage  Dashboard/a_SMS (2) (1) (1) (1) (3)' is clicked on

2019-04-20 18:52:40 - [MESSAGE][PASSED] - Object: 'Object Repository/Page_KiboEngage  Dashboard/a_SMS (2) (1) (1) (1) (3)' is clicked on

2019-04-20 18:52:40 - [TEST_STEP][PASSED] - click(findTestObject("Page_KiboEngage  Dashboard/span_Messenger (1) (1) (1) (3)")): Object: 'Object Repository/Page_KiboEngage  Dashboard/span_Messenger (1) (1) (1) (3)' is clicked on

2019-04-20 18:52:40 - [MESSAGE][PASSED] - Object: 'Object Repository/Page_KiboEngage  Dashboard/span_Messenger (1) (1) (1) (3)' is clicked on]]></system-out>
         <system-err><![CDATA[]]></system-err>
      </testcase>
      <testcase name="Test Cases/Welcome messages/open Manage Pages" classname="Test Cases/Welcome messages/open Manage Pages" status="PASSED">
         <system-out><![CDATA[2019-04-20 18:52:41 - [TEST_CASE][PASSED] - Test Cases/Welcome messages/open Manage Pages: Test Cases/Welcome messages/open Manage Pages

2019-04-20 18:52:41 - [TEST_STEP][PASSED] - click(findTestObject("Page_KiboPush  Dashboard/span_Manage Pages")): Object: 'Object Repository/Page_KiboPush  Dashboard/span_Manage Pages' is clicked on

2019-04-20 18:52:41 - [MESSAGE][PASSED] - Object: 'Object Repository/Page_KiboPush  Dashboard/span_Manage Pages' is clicked on

2019-04-20 18:52:41 - [TEST_STEP][PASSED] - delay(1): Delayed 1 second(s)

2019-04-20 18:52:42 - [MESSAGE][PASSED] - Delayed 1 second(s)]]></system-out>
         <system-err><![CDATA[]]></system-err>
      </testcase>
      <testcase name="Test Cases/Welcome messages/TC1034" classname="Test Cases/Welcome messages/TC1034" status="PASSED">
         <system-out><![CDATA[2019-04-20 18:52:43 - [TEST_CASE][PASSED] - Test Cases/Welcome messages/TC1034: Test Cases/Welcome messages/TC1034

2019-04-20 18:52:43 - [TEST_STEP][PASSED] - callTestCase(findTestCase("s-sidebar_navigation/individualAccount/Welcome Messages"), [:], STOP_ON_FAILURE): Call Test Case 'Test Cases/s-sidebar_navigation/individualAccount/Welcome Messages' successfully

2019-04-20 18:52:44 - [TEST_CASE][PASSED] - Test Cases/s-sidebar_navigation/individualAccount/Welcome Messages: Test Cases/s-sidebar_navigation/individualAccount/Welcome Messages

2019-04-20 18:52:44 - [TEST_STEP][PASSED] - click(findTestObject("Object Repository/Page_KiboEngage  Welcome Message/span_Persistent Menu")): Object: 'Object Repository/Page_KiboEngage  Welcome Message/span_Persistent Menu' is clicked on

2019-04-20 18:52:47 - [MESSAGE][PASSED] - Object: 'Object Repository/Page_KiboEngage  Welcome Message/span_Persistent Menu' is clicked on

2019-04-20 18:52:47 - [TEST_STEP][PASSED] - delay(1): Delayed 1 second(s)

2019-04-20 18:52:48 - [MESSAGE][PASSED] - Delayed 1 second(s)

2019-04-20 18:52:48 - [TEST_STEP][PASSED] - click(findTestObject("Page_KiboEngage  Dashboard/span_Welcome Message (1)")): Object: 'Object Repository/Page_KiboEngage  Dashboard/span_Welcome Message (1)' is clicked on

2019-04-20 18:52:48 - [MESSAGE][PASSED] - Object: 'Object Repository/Page_KiboEngage  Dashboard/span_Welcome Message (1)' is clicked on

2019-04-20 18:52:48 - [TEST_STEP][PASSED] - delay(1): Delayed 1 second(s)

2019-04-20 18:52:49 - [MESSAGE][PASSED] - Delayed 1 second(s)

2019-04-20 18:52:49 - [MESSAGE][PASSED] - Call Test Case 'Test Cases/s-sidebar_navigation/individualAccount/Welcome Messages' successfully]]></system-out>
         <system-err><![CDATA[]]></system-err>
      </testcase>
      <testcase name="Test Cases/Welcome messages/TC1035" classname="Test Cases/Welcome messages/TC1035" status="PASSED">
         <system-out><![CDATA[2019-04-20 18:52:49 - [TEST_CASE][PASSED] - Test Cases/Welcome messages/TC1035: Test Cases/Welcome messages/TC1035

2019-04-20 18:52:50 - [TEST_STEP][PASSED] - callTestCase(findTestCase("s-sidebar_navigation/individualAccount/Welcome Messages"), [:], STOP_ON_FAILURE): Call Test Case 'Test Cases/s-sidebar_navigation/individualAccount/Welcome Messages' successfully

2019-04-20 18:52:50 - [TEST_CASE][PASSED] - Test Cases/s-sidebar_navigation/individualAccount/Welcome Messages: Test Cases/s-sidebar_navigation/individualAccount/Welcome Messages

2019-04-20 18:52:50 - [TEST_STEP][PASSED] - click(findTestObject("Object Repository/Page_KiboEngage  Welcome Message/span_Persistent Menu")): Object: 'Object Repository/Page_KiboEngage  Welcome Message/span_Persistent Menu' is clicked on

2019-04-20 18:52:50 - [MESSAGE][PASSED] - Object: 'Object Repository/Page_KiboEngage  Welcome Message/span_Persistent Menu' is clicked on

2019-04-20 18:52:50 - [TEST_STEP][PASSED] - delay(1): Delayed 1 second(s)

2019-04-20 18:52:51 - [MESSAGE][PASSED] - Delayed 1 second(s)

2019-04-20 18:52:51 - [TEST_STEP][PASSED] - click(findTestObject("Page_KiboEngage  Dashboard/span_Welcome Message (1)")): Object: 'Object Repository/Page_KiboEngage  Dashboard/span_Welcome Message (1)' is clicked on

2019-04-20 18:52:51 - [MESSAGE][PASSED] - Object: 'Object Repository/Page_KiboEngage  Dashboard/span_Welcome Message (1)' is clicked on

2019-04-20 18:52:51 - [TEST_STEP][PASSED] - delay(1): Delayed 1 second(s)

2019-04-20 18:52:52 - [MESSAGE][PASSED] - Delayed 1 second(s)

2019-04-20 18:52:52 - [MESSAGE][PASSED] - Call Test Case 'Test Cases/s-sidebar_navigation/individualAccount/Welcome Messages' successfully]]></system-out>
         <system-err><![CDATA[]]></system-err>
      </testcase>
      <testcase name="Test Cases/Welcome messages/TC1036" classname="Test Cases/Welcome messages/TC1036" status="PASSED">
         <system-out><![CDATA[2019-04-20 18:52:52 - [TEST_CASE][PASSED] - Test Cases/Welcome messages/TC1036: Test Cases/Welcome messages/TC1036

2019-04-20 18:52:53 - [TEST_STEP][PASSED] - callTestCase(findTestCase("s-sidebar_navigation/individualAccount/Welcome Messages"), [:], STOP_ON_FAILURE): Call Test Case 'Test Cases/s-sidebar_navigation/individualAccount/Welcome Messages' successfully

2019-04-20 18:52:53 - [TEST_CASE][PASSED] - Test Cases/s-sidebar_navigation/individualAccount/Welcome Messages: Test Cases/s-sidebar_navigation/individualAccount/Welcome Messages

2019-04-20 18:52:53 - [TEST_STEP][PASSED] - click(findTestObject("Object Repository/Page_KiboEngage  Welcome Message/span_Persistent Menu")): Object: 'Object Repository/Page_KiboEngage  Welcome Message/span_Persistent Menu' is clicked on

2019-04-20 18:52:53 - [MESSAGE][PASSED] - Object: 'Object Repository/Page_KiboEngage  Welcome Message/span_Persistent Menu' is clicked on

2019-04-20 18:52:53 - [TEST_STEP][PASSED] - delay(1): Delayed 1 second(s)

2019-04-20 18:52:54 - [MESSAGE][PASSED] - Delayed 1 second(s)

2019-04-20 18:52:54 - [TEST_STEP][PASSED] - click(findTestObject("Page_KiboEngage  Dashboard/span_Welcome Message (1)")): Object: 'Object Repository/Page_KiboEngage  Dashboard/span_Welcome Message (1)' is clicked on

2019-04-20 18:52:54 - [MESSAGE][PASSED] - Object: 'Object Repository/Page_KiboEngage  Dashboard/span_Welcome Message (1)' is clicked on

2019-04-20 18:52:54 - [TEST_STEP][PASSED] - delay(1): Delayed 1 second(s)

2019-04-20 18:52:55 - [MESSAGE][PASSED] - Delayed 1 second(s)

2019-04-20 18:52:55 - [MESSAGE][PASSED] - Call Test Case 'Test Cases/s-sidebar_navigation/individualAccount/Welcome Messages' successfully]]></system-out>
         <system-err><![CDATA[]]></system-err>
      </testcase>
      <testcase name="Test Cases/Welcome messages/TC1037" classname="Test Cases/Welcome messages/TC1037" status="PASSED">
         <system-out><![CDATA[2019-04-20 18:52:55 - [TEST_CASE][PASSED] - Test Cases/Welcome messages/TC1037: Test Cases/Welcome messages/TC1037

2019-04-20 18:52:55 - [TEST_STEP][PASSED] - callTestCase(findTestCase("s-sidebar_navigation/individualAccount/Welcome Messages"), [:], STOP_ON_FAILURE): Call Test Case 'Test Cases/s-sidebar_navigation/individualAccount/Welcome Messages' successfully

2019-04-20 18:52:55 - [TEST_CASE][PASSED] - Test Cases/s-sidebar_navigation/individualAccount/Welcome Messages: Test Cases/s-sidebar_navigation/individualAccount/Welcome Messages

2019-04-20 18:52:55 - [TEST_STEP][PASSED] - click(findTestObject("Object Repository/Page_KiboEngage  Welcome Message/span_Persistent Menu")): Object: 'Object Repository/Page_KiboEngage  Welcome Message/span_Persistent Menu' is clicked on

2019-04-20 18:52:56 - [MESSAGE][PASSED] - Object: 'Object Repository/Page_KiboEngage  Welcome Message/span_Persistent Menu' is clicked on

2019-04-20 18:52:56 - [TEST_STEP][PASSED] - delay(1): Delayed 1 second(s)

2019-04-20 18:52:57 - [MESSAGE][PASSED] - Delayed 1 second(s)

2019-04-20 18:52:57 - [TEST_STEP][PASSED] - click(findTestObject("Page_KiboEngage  Dashboard/span_Welcome Message (1)")): Object: 'Object Repository/Page_KiboEngage  Dashboard/span_Welcome Message (1)' is clicked on

2019-04-20 18:52:57 - [MESSAGE][PASSED] - Object: 'Object Repository/Page_KiboEngage  Dashboard/span_Welcome Message (1)' is clicked on

2019-04-20 18:52:57 - [TEST_STEP][PASSED] - delay(1): Delayed 1 second(s)

2019-04-20 18:52:58 - [MESSAGE][PASSED] - Delayed 1 second(s)

2019-04-20 18:52:58 - [MESSAGE][PASSED] - Call Test Case 'Test Cases/s-sidebar_navigation/individualAccount/Welcome Messages' successfully]]></system-out>
         <system-err><![CDATA[]]></system-err>
      </testcase>
      <testcase name="Test Cases/Welcome messages/TC1038" classname="Test Cases/Welcome messages/TC1038" status="PASSED">
         <system-out><![CDATA[2019-04-20 18:52:58 - [TEST_CASE][PASSED] - Test Cases/Welcome messages/TC1038: Test Cases/Welcome messages/TC1038

2019-04-20 18:52:58 - [TEST_STEP][PASSED] - callTestCase(findTestCase("s-sidebar_navigation/individualAccount/Welcome Messages"), [:], STOP_ON_FAILURE): Call Test Case 'Test Cases/s-sidebar_navigation/individualAccount/Welcome Messages' successfully

2019-04-20 18:52:58 - [TEST_CASE][PASSED] - Test Cases/s-sidebar_navigation/individualAccount/Welcome Messages: Test Cases/s-sidebar_navigation/individualAccount/Welcome Messages

2019-04-20 18:52:58 - [TEST_STEP][PASSED] - click(findTestObject("Object Repository/Page_KiboEngage  Welcome Message/span_Persistent Menu")): Object: 'Object Repository/Page_KiboEngage  Welcome Message/span_Persistent Menu' is clicked on

2019-04-20 18:52:58 - [MESSAGE][PASSED] - Object: 'Object Repository/Page_KiboEngage  Welcome Message/span_Persistent Menu' is clicked on

2019-04-20 18:52:58 - [TEST_STEP][PASSED] - delay(1): Delayed 1 second(s)

2019-04-20 18:52:59 - [MESSAGE][PASSED] - Delayed 1 second(s)

2019-04-20 18:52:59 - [TEST_STEP][PASSED] - click(findTestObject("Page_KiboEngage  Dashboard/span_Welcome Message (1)")): Object: 'Object Repository/Page_KiboEngage  Dashboard/span_Welcome Message (1)' is clicked on

2019-04-20 18:53:00 - [MESSAGE][PASSED] - Object: 'Object Repository/Page_KiboEngage  Dashboard/span_Welcome Message (1)' is clicked on

2019-04-20 18:53:00 - [TEST_STEP][PASSED] - delay(1): Delayed 1 second(s)

2019-04-20 18:53:01 - [MESSAGE][PASSED] - Delayed 1 second(s)

2019-04-20 18:53:01 - [MESSAGE][PASSED] - Call Test Case 'Test Cases/s-sidebar_navigation/individualAccount/Welcome Messages' successfully]]></system-out>
         <system-err><![CDATA[]]></system-err>
      </testcase>
      <testcase name="Test Cases/Welcome messages/TC1039" classname="Test Cases/Welcome messages/TC1039" status="PASSED">
         <system-out><![CDATA[2019-04-20 18:53:01 - [TEST_CASE][PASSED] - Test Cases/Welcome messages/TC1039: Test Cases/Welcome messages/TC1039

2019-04-20 18:53:01 - [TEST_STEP][PASSED] - callTestCase(findTestCase("s-sidebar_navigation/individualAccount/Welcome Messages"), [:], STOP_ON_FAILURE): Call Test Case 'Test Cases/s-sidebar_navigation/individualAccount/Welcome Messages' successfully

2019-04-20 18:53:01 - [TEST_CASE][PASSED] - Test Cases/s-sidebar_navigation/individualAccount/Welcome Messages: Test Cases/s-sidebar_navigation/individualAccount/Welcome Messages

2019-04-20 18:53:01 - [TEST_STEP][PASSED] - click(findTestObject("Object Repository/Page_KiboEngage  Welcome Message/span_Persistent Menu")): Object: 'Object Repository/Page_KiboEngage  Welcome Message/span_Persistent Menu' is clicked on

2019-04-20 18:53:02 - [MESSAGE][PASSED] - Object: 'Object Repository/Page_KiboEngage  Welcome Message/span_Persistent Menu' is clicked on

2019-04-20 18:53:02 - [TEST_STEP][PASSED] - delay(1): Delayed 1 second(s)

2019-04-20 18:53:03 - [MESSAGE][PASSED] - Delayed 1 second(s)

2019-04-20 18:53:03 - [TEST_STEP][PASSED] - click(findTestObject("Page_KiboEngage  Dashboard/span_Welcome Message (1)")): Object: 'Object Repository/Page_KiboEngage  Dashboard/span_Welcome Message (1)' is clicked on

2019-04-20 18:53:03 - [MESSAGE][PASSED] - Object: 'Object Repository/Page_KiboEngage  Dashboard/span_Welcome Message (1)' is clicked on

2019-04-20 18:53:03 - [TEST_STEP][PASSED] - delay(1): Delayed 1 second(s)

2019-04-20 18:53:04 - [MESSAGE][PASSED] - Delayed 1 second(s)

2019-04-20 18:53:04 - [MESSAGE][PASSED] - Call Test Case 'Test Cases/s-sidebar_navigation/individualAccount/Welcome Messages' successfully]]></system-out>
         <system-err><![CDATA[]]></system-err>
      </testcase>
      <system-out><![CDATA[2019-04-20 18:51:27 - [TEST_SUITE][PASSED] - welcomeMessages: Test Cases/Welcome messages/TC1039]]></system-out>
      <system-err><![CDATA[]]></system-err>
   </testsuite>
</testsuites>
