<?xml version="1.0" encoding="UTF-8"?>
<testsuites name="Whatsapp Kiboengage" time="406" tests="31" failures="0" errors="0">
   <testsuite name="Whatsapp Kiboengage" tests="31" failures="0" errors="0" time="406" timestamp="2019-04-23 18:27:58" hostname="cloudkibo-faizan - cloudkibo-faizan" id="Test Suites/Faizan Suits/Whatsapp Kiboengage">
      <properties>
         <property name="deviceName" value=""/>
         <property name="devicePlatform" value=""/>
         <property name="logFolder" value="/home/cloudkibo-faizan/Desktop/KiboPush_Automated_Testing/KiboPush Katalon/Reports/Faizan Suits/Whatsapp Kiboengage/20190423_182750"/>
         <property name="logFiles" value="/home/cloudkibo-faizan/Desktop/KiboPush_Automated_Testing/KiboPush Katalon/Reports/Faizan Suits/Whatsapp Kiboengage/20190423_182750/execution0.log"/>
         <property name="attachments" value=""/>
         <property name="hostName" value="cloudkibo-faizan - cloudkibo-faizan"/>
         <property name="os" value="Linux 64bit"/>
         <property name="katalonVersion" value="6.0.6.4"/>
         <property name="browser" value="Chrome 73.0.3683.75"/>
         <property name="hostAddress" value="127.0.1.1"/>
         <property name="sessionId" value="5b73964a08c92d5006e87f5c282ec4f0"/>
         <property name="seleniumVersion" value="3.7.1"/>
         <property name="proxyInformation" value="ProxyInformation{proxyOption=NO_PROXY, proxyServerType=HTTP, password=, proxyServerAddress=, proxyServerPort=0}"/>
         <property name="platform" value="Linux"/>
      </properties>
      <testcase name="Test Cases/s-sidebar_navigation/individualAccount/Faizan_production_login_kiboengage" classname="Test Cases/s-sidebar_navigation/individualAccount/Faizan_production_login_kiboengage" status="PASSED">
         <system-out><![CDATA[2019-04-23 18:27:58 - [TEST_CASE][PASSED] - Test Cases/s-sidebar_navigation/individualAccount/Faizan_production_login_kiboengage: Test Cases/s-sidebar_navigation/individualAccount/Faizan_production_login_kiboengage

2019-04-23 18:27:58 - [TEST_STEP][PASSED] - openBrowser(""): Browser is opened with url: ''

2019-04-23 18:27:58 - [MESSAGE][INFO] - Starting 'Chrome' driver

2019-04-23 18:27:58 - [MESSAGE][INFO] - User set preference: ['args', '[--no-sandbox]']

2019-04-23 18:27:58 - [MESSAGE][INFO] - Action delay is set to 0 seconds

2019-04-23 18:28:01 - [MESSAGE][PASSED] - Browser is opened with url: ''

2019-04-23 18:28:01 - [TEST_STEP][PASSED] - maximizeWindow(): Current window maximized

2019-04-23 18:28:01 - [MESSAGE][PASSED] - Current window maximized

2019-04-23 18:28:01 - [TEST_STEP][PASSED] - navigateToUrl("https://kiboengage.cloudkibo.com/"): Navigate to 'https://kiboengage.cloudkibo.com/' successfully

2019-04-23 18:28:35 - [MESSAGE][PASSED] - Navigate to 'https://kiboengage.cloudkibo.com/' successfully

2019-04-23 18:28:35 - [TEST_STEP][PASSED] - navigateToUrl("https://accounts.cloudkibo.com/?continue=https://kiboengage.cloudkibo.com"): Navigate to 'https://accounts.cloudkibo.com/?continue=https://kiboengage.cloudkibo.com' successfully

2019-04-23 18:28:39 - [MESSAGE][PASSED] - Navigate to 'https://accounts.cloudkibo.com/?continue=https://kiboengage.cloudkibo.com' successfully

2019-04-23 18:28:39 - [TEST_STEP][PASSED] - click(findTestObject("Page_CloudKibo/a_Login (2) (1) (1)")): Object: 'Object Repository/Page_CloudKibo/a_Login (2) (1) (1)' is clicked on

2019-04-23 18:28:40 - [MESSAGE][PASSED] - Object: 'Object Repository/Page_CloudKibo/a_Login (2) (1) (1)' is clicked on

2019-04-23 18:28:40 - [TEST_STEP][PASSED] - setText(findTestObject("Page_KiboPush/input_email (10) (1) (1)"), "faizan@cloudkibo.com"): Text 'faizan@cloudkibo.com' is set on object 'Object Repository/Page_KiboPush/input_email (10) (1) (1)'

2019-04-23 18:28:40 - [MESSAGE][PASSED] - Text 'faizan@cloudkibo.com' is set on object 'Object Repository/Page_KiboPush/input_email (10) (1) (1)'

2019-04-23 18:28:40 - [TEST_STEP][PASSED] - setEncryptedText(findTestObject("Page_CloudKibo/input_Sign In_password (7)"), "qeJ0sjJnwEs="): Text ****** has been set on object 'Object Repository/Page_CloudKibo/input_Sign In_password (7)'

2019-04-23 18:28:40 - [MESSAGE][PASSED] - Text ****** has been set on object 'Object Repository/Page_CloudKibo/input_Sign In_password (7)'

2019-04-23 18:28:40 - [TEST_STEP][PASSED] - click(findTestObject("Page_KiboPush/button_Sign In (10) (1) (2)")): Object: 'Object Repository/Page_KiboPush/button_Sign In (10) (1) (2)' is clicked on

2019-04-23 18:28:40 - [MESSAGE][PASSED] - Object: 'Object Repository/Page_KiboPush/button_Sign In (10) (1) (2)' is clicked on

2019-04-23 18:28:40 - [TEST_STEP][PASSED] - navigateToUrl("https://kiboengage.cloudkibo.com/dashboard"): Navigate to 'https://kiboengage.cloudkibo.com/dashboard' successfully

2019-04-23 18:28:53 - [MESSAGE][PASSED] - Navigate to 'https://kiboengage.cloudkibo.com/dashboard' successfully

2019-04-23 18:28:53 - [TEST_STEP][PASSED] - click(findTestObject("Page_KiboPush  Dashboard/h3_Dashboard (57)")): Object: 'Object Repository/Page_KiboPush  Dashboard/h3_Dashboard (57)' is clicked on

2019-04-23 18:28:54 - [MESSAGE][PASSED] - Object: 'Object Repository/Page_KiboPush  Dashboard/h3_Dashboard (57)' is clicked on

2019-04-23 18:28:54 - [TEST_STEP][PASSED] - delay(3): Delayed 3 second(s)

2019-04-23 18:28:57 - [MESSAGE][PASSED] - Delayed 3 second(s)

2019-04-23 18:28:57 - [TEST_STEP][PASSED] - click(findTestObject("Page_KiboEngage  Dashboard/a_SMS (2) (1) (1) (1) (3)")): Object: 'Object Repository/Page_KiboEngage  Dashboard/a_SMS (2) (1) (1) (1) (3)' is clicked on

2019-04-23 18:28:57 - [MESSAGE][PASSED] - Object: 'Object Repository/Page_KiboEngage  Dashboard/a_SMS (2) (1) (1) (1) (3)' is clicked on

2019-04-23 18:28:57 - [TEST_STEP][PASSED] - click(findTestObject("Page_KiboEngage  Dashboard/span_Messenger (1) (1) (1) (3)")): Object: 'Object Repository/Page_KiboEngage  Dashboard/span_Messenger (1) (1) (1) (3)' is clicked on

2019-04-23 18:28:57 - [MESSAGE][PASSED] - Object: 'Object Repository/Page_KiboEngage  Dashboard/span_Messenger (1) (1) (1) (3)' is clicked on]]></system-out>
         <system-err><![CDATA[]]></system-err>
      </testcase>
      <testcase name="Test Cases/Whatsapp/Whatsapp Platform" classname="Test Cases/Whatsapp/Whatsapp Platform" status="PASSED">
         <system-out><![CDATA[2019-04-23 18:28:57 - [TEST_CASE][PASSED] - Test Cases/Whatsapp/Whatsapp Platform: Test Cases/Whatsapp/Whatsapp Platform

2019-04-23 18:28:57 - [TEST_STEP][PASSED] - delay(1): Delayed 1 second(s)

2019-04-23 18:28:58 - [MESSAGE][PASSED] - Delayed 1 second(s)

2019-04-23 18:28:58 - [TEST_STEP][PASSED] - click(findTestObject("Page_KiboEngage  Dashboard/a_SMS (2) (1) (1) (1) (3)")): Object: 'Object Repository/Page_KiboEngage  Dashboard/a_SMS (2) (1) (1) (1) (3)' is clicked on

2019-04-23 18:28:58 - [MESSAGE][PASSED] - Object: 'Object Repository/Page_KiboEngage  Dashboard/a_SMS (2) (1) (1) (1) (3)' is clicked on

2019-04-23 18:28:58 - [TEST_STEP][PASSED] - click(findTestObject("Object Repository/Page_KiboEngage  Dashboard/span_WhatsApp")): Object: 'Object Repository/Page_KiboEngage  Dashboard/span_WhatsApp' is clicked on

2019-04-23 18:28:58 - [MESSAGE][PASSED] - Object: 'Object Repository/Page_KiboEngage  Dashboard/span_WhatsApp' is clicked on

2019-04-23 18:28:58 - [TEST_STEP][PASSED] - delay(1): Delayed 1 second(s)

2019-04-23 18:28:59 - [MESSAGE][PASSED] - Delayed 1 second(s)]]></system-out>
         <system-err><![CDATA[]]></system-err>
      </testcase>
      <testcase name="Test Cases/Whatsapp/subscribers/TC11219" classname="Test Cases/Whatsapp/subscribers/TC11219" status="PASSED">
         <system-out><![CDATA[2019-04-23 18:28:59 - [TEST_CASE][PASSED] - Test Cases/Whatsapp/subscribers/TC11219: Test Cases/Whatsapp/subscribers/TC11219

2019-04-23 18:28:59 - [TEST_STEP][PASSED] - callTestCase(findTestCase("Whatsapp/subscribers/open subscribers"), [:], STOP_ON_FAILURE): Call Test Case 'Test Cases/Whatsapp/subscribers/open subscribers' successfully

2019-04-23 18:28:59 - [TEST_CASE][PASSED] - Test Cases/Whatsapp/subscribers/open subscribers: Test Cases/Whatsapp/subscribers/open subscribers

2019-04-23 18:28:59 - [TEST_STEP][PASSED] - click(findTestObject("Object Repository/Page_KiboEngage  Subscribers/span_Dashboard")): Object: 'Object Repository/Page_KiboEngage  Subscribers/span_Dashboard' is clicked on

2019-04-23 18:28:59 - [MESSAGE][PASSED] - Object: 'Object Repository/Page_KiboEngage  Subscribers/span_Dashboard' is clicked on

2019-04-23 18:28:59 - [TEST_STEP][PASSED] - delay(1): Delayed 1 second(s)

2019-04-23 18:29:00 - [MESSAGE][PASSED] - Delayed 1 second(s)

2019-04-23 18:29:00 - [TEST_STEP][PASSED] - click(findTestObject("Page_KiboChat  Upload Contacts/span_Subscribers")): Object: 'Object Repository/Page_KiboChat  Upload Contacts/span_Subscribers' is clicked on

2019-04-23 18:29:01 - [MESSAGE][PASSED] - Object: 'Object Repository/Page_KiboChat  Upload Contacts/span_Subscribers' is clicked on

2019-04-23 18:29:01 - [TEST_STEP][PASSED] - delay(1): Delayed 1 second(s)

2019-04-23 18:29:02 - [MESSAGE][PASSED] - Delayed 1 second(s)

2019-04-23 18:29:02 - [MESSAGE][PASSED] - Call Test Case 'Test Cases/Whatsapp/subscribers/open subscribers' successfully

2019-04-23 18:29:02 - [TEST_STEP][PASSED] - click(findTestObject("Page_KiboChat  Subscribers/a_documentation (1)")): Object: 'Object Repository/Page_KiboChat  Subscribers/a_documentation (1)' is clicked on

2019-04-23 18:29:02 - [MESSAGE][PASSED] - Object: 'Object Repository/Page_KiboChat  Subscribers/a_documentation (1)' is clicked on]]></system-out>
         <system-err><![CDATA[]]></system-err>
      </testcase>
      <testcase name="Test Cases/Whatsapp/subscribers/TC11220" classname="Test Cases/Whatsapp/subscribers/TC11220" status="PASSED">
         <system-out><![CDATA[2019-04-23 18:29:02 - [TEST_CASE][PASSED] - Test Cases/Whatsapp/subscribers/TC11220: Test Cases/Whatsapp/subscribers/TC11220

2019-04-23 18:29:02 - [TEST_STEP][PASSED] - callTestCase(findTestCase("Whatsapp/subscribers/open subscribers"), [:], STOP_ON_FAILURE): Call Test Case 'Test Cases/Whatsapp/subscribers/open subscribers' successfully

2019-04-23 18:29:02 - [TEST_CASE][PASSED] - Test Cases/Whatsapp/subscribers/open subscribers: Test Cases/Whatsapp/subscribers/open subscribers

2019-04-23 18:29:02 - [TEST_STEP][PASSED] - click(findTestObject("Object Repository/Page_KiboEngage  Subscribers/span_Dashboard")): Object: 'Object Repository/Page_KiboEngage  Subscribers/span_Dashboard' is clicked on

2019-04-23 18:29:02 - [MESSAGE][PASSED] - Object: 'Object Repository/Page_KiboEngage  Subscribers/span_Dashboard' is clicked on

2019-04-23 18:29:02 - [TEST_STEP][PASSED] - delay(1): Delayed 1 second(s)

2019-04-23 18:29:03 - [MESSAGE][PASSED] - Delayed 1 second(s)

2019-04-23 18:29:03 - [TEST_STEP][PASSED] - click(findTestObject("Page_KiboChat  Upload Contacts/span_Subscribers")): Object: 'Object Repository/Page_KiboChat  Upload Contacts/span_Subscribers' is clicked on

2019-04-23 18:29:03 - [MESSAGE][PASSED] - Object: 'Object Repository/Page_KiboChat  Upload Contacts/span_Subscribers' is clicked on

2019-04-23 18:29:03 - [TEST_STEP][PASSED] - delay(1): Delayed 1 second(s)

2019-04-23 18:29:04 - [MESSAGE][PASSED] - Delayed 1 second(s)

2019-04-23 18:29:04 - [MESSAGE][PASSED] - Call Test Case 'Test Cases/Whatsapp/subscribers/open subscribers' successfully

2019-04-23 18:29:04 - [TEST_STEP][PASSED] - delay(1): Delayed 1 second(s)

2019-04-23 18:29:05 - [MESSAGE][PASSED] - Delayed 1 second(s)

2019-04-23 18:29:05 - [TEST_STEP][PASSED] - driver = getWebDriver(): null

2019-04-23 18:29:05 - [TEST_STEP][PASSED] - Table = driver.findElement(By.xpath("//*[@id="ajax_data"]/table/tbody")): null

2019-04-23 18:29:05 - [TEST_STEP][PASSED] - rows_table = Table.findElements(By.tagName("tr")): null

2019-04-23 18:29:05 - [TEST_STEP][PASSED] - verifyGreaterThanOrEqual(rows_table.size(), 1): Actual number '2' is greater than or equal to expected number '1'

2019-04-23 18:29:05 - [MESSAGE][PASSED] - Actual number '2' is greater than or equal to expected number '1']]></system-out>
         <system-err><![CDATA[]]></system-err>
      </testcase>
      <testcase name="Test Cases/Whatsapp/subscribers/TC11221" classname="Test Cases/Whatsapp/subscribers/TC11221" status="PASSED">
         <system-out><![CDATA[2019-04-23 18:29:05 - [TEST_CASE][PASSED] - Test Cases/Whatsapp/subscribers/TC11221: Test Cases/Whatsapp/subscribers/TC11221

2019-04-23 18:29:05 - [TEST_STEP][PASSED] - callTestCase(findTestCase("Whatsapp/subscribers/TC11220"), [:], STOP_ON_FAILURE): Call Test Case 'Test Cases/Whatsapp/subscribers/TC11220' successfully

2019-04-23 18:29:05 - [TEST_CASE][PASSED] - Test Cases/Whatsapp/subscribers/TC11220: Test Cases/Whatsapp/subscribers/TC11220

2019-04-23 18:29:05 - [TEST_STEP][PASSED] - callTestCase(findTestCase("Whatsapp/subscribers/open subscribers"), [:], STOP_ON_FAILURE): Call Test Case 'Test Cases/Whatsapp/subscribers/open subscribers' successfully

2019-04-23 18:29:05 - [TEST_CASE][PASSED] - Test Cases/Whatsapp/subscribers/open subscribers: Test Cases/Whatsapp/subscribers/open subscribers

2019-04-23 18:29:05 - [TEST_STEP][PASSED] - click(findTestObject("Object Repository/Page_KiboEngage  Subscribers/span_Dashboard")): Object: 'Object Repository/Page_KiboEngage  Subscribers/span_Dashboard' is clicked on

2019-04-23 18:29:06 - [MESSAGE][PASSED] - Object: 'Object Repository/Page_KiboEngage  Subscribers/span_Dashboard' is clicked on

2019-04-23 18:29:06 - [TEST_STEP][PASSED] - delay(1): Delayed 1 second(s)

2019-04-23 18:29:07 - [MESSAGE][PASSED] - Delayed 1 second(s)

2019-04-23 18:29:07 - [TEST_STEP][PASSED] - click(findTestObject("Page_KiboChat  Upload Contacts/span_Subscribers")): Object: 'Object Repository/Page_KiboChat  Upload Contacts/span_Subscribers' is clicked on

2019-04-23 18:29:07 - [MESSAGE][PASSED] - Object: 'Object Repository/Page_KiboChat  Upload Contacts/span_Subscribers' is clicked on

2019-04-23 18:29:07 - [TEST_STEP][PASSED] - delay(1): Delayed 1 second(s)

2019-04-23 18:29:08 - [MESSAGE][PASSED] - Delayed 1 second(s)

2019-04-23 18:29:08 - [MESSAGE][PASSED] - Call Test Case 'Test Cases/Whatsapp/subscribers/open subscribers' successfully

2019-04-23 18:29:08 - [TEST_STEP][PASSED] - delay(1): Delayed 1 second(s)

2019-04-23 18:29:09 - [MESSAGE][PASSED] - Delayed 1 second(s)

2019-04-23 18:29:09 - [TEST_STEP][PASSED] - driver = getWebDriver(): null

2019-04-23 18:29:09 - [TEST_STEP][PASSED] - Table = driver.findElement(By.xpath("//*[@id="ajax_data"]/table/tbody")): null

2019-04-23 18:29:09 - [TEST_STEP][PASSED] - rows_table = Table.findElements(By.tagName("tr")): null

2019-04-23 18:29:09 - [TEST_STEP][PASSED] - verifyGreaterThanOrEqual(rows_table.size(), 1): Actual number '2' is greater than or equal to expected number '1'

2019-04-23 18:29:09 - [MESSAGE][PASSED] - Actual number '2' is greater than or equal to expected number '1'

2019-04-23 18:29:09 - [MESSAGE][PASSED] - Call Test Case 'Test Cases/Whatsapp/subscribers/TC11220' successfully]]></system-out>
         <system-err><![CDATA[]]></system-err>
      </testcase>
      <testcase name="Test Cases/Whatsapp/subscribers/TC11222" classname="Test Cases/Whatsapp/subscribers/TC11222" status="PASSED">
         <system-out><![CDATA[2019-04-23 18:29:09 - [TEST_CASE][PASSED] - Test Cases/Whatsapp/subscribers/TC11222: Test Cases/Whatsapp/subscribers/TC11222

2019-04-23 18:29:09 - [TEST_STEP][PASSED] - callTestCase(findTestCase("Whatsapp/subscribers/TC11220"), [:], STOP_ON_FAILURE): Call Test Case 'Test Cases/Whatsapp/subscribers/TC11220' successfully

2019-04-23 18:29:09 - [TEST_CASE][PASSED] - Test Cases/Whatsapp/subscribers/TC11220: Test Cases/Whatsapp/subscribers/TC11220

2019-04-23 18:29:09 - [TEST_STEP][PASSED] - callTestCase(findTestCase("Whatsapp/subscribers/open subscribers"), [:], STOP_ON_FAILURE): Call Test Case 'Test Cases/Whatsapp/subscribers/open subscribers' successfully

2019-04-23 18:29:09 - [TEST_CASE][PASSED] - Test Cases/Whatsapp/subscribers/open subscribers: Test Cases/Whatsapp/subscribers/open subscribers

2019-04-23 18:29:09 - [TEST_STEP][PASSED] - click(findTestObject("Object Repository/Page_KiboEngage  Subscribers/span_Dashboard")): Object: 'Object Repository/Page_KiboEngage  Subscribers/span_Dashboard' is clicked on

2019-04-23 18:29:09 - [MESSAGE][PASSED] - Object: 'Object Repository/Page_KiboEngage  Subscribers/span_Dashboard' is clicked on

2019-04-23 18:29:09 - [TEST_STEP][PASSED] - delay(1): Delayed 1 second(s)

2019-04-23 18:29:10 - [MESSAGE][PASSED] - Delayed 1 second(s)

2019-04-23 18:29:10 - [TEST_STEP][PASSED] - click(findTestObject("Page_KiboChat  Upload Contacts/span_Subscribers")): Object: 'Object Repository/Page_KiboChat  Upload Contacts/span_Subscribers' is clicked on

2019-04-23 18:29:11 - [MESSAGE][PASSED] - Object: 'Object Repository/Page_KiboChat  Upload Contacts/span_Subscribers' is clicked on

2019-04-23 18:29:11 - [TEST_STEP][PASSED] - delay(1): Delayed 1 second(s)

2019-04-23 18:29:12 - [MESSAGE][PASSED] - Delayed 1 second(s)

2019-04-23 18:29:12 - [MESSAGE][PASSED] - Call Test Case 'Test Cases/Whatsapp/subscribers/open subscribers' successfully

2019-04-23 18:29:12 - [TEST_STEP][PASSED] - delay(1): Delayed 1 second(s)

2019-04-23 18:29:13 - [MESSAGE][PASSED] - Delayed 1 second(s)

2019-04-23 18:29:13 - [TEST_STEP][PASSED] - driver = getWebDriver(): null

2019-04-23 18:29:13 - [TEST_STEP][PASSED] - Table = driver.findElement(By.xpath("//*[@id="ajax_data"]/table/tbody")): null

2019-04-23 18:29:13 - [TEST_STEP][PASSED] - rows_table = Table.findElements(By.tagName("tr")): null

2019-04-23 18:29:13 - [TEST_STEP][PASSED] - verifyGreaterThanOrEqual(rows_table.size(), 1): Actual number '2' is greater than or equal to expected number '1'

2019-04-23 18:29:13 - [MESSAGE][PASSED] - Actual number '2' is greater than or equal to expected number '1'

2019-04-23 18:29:13 - [MESSAGE][PASSED] - Call Test Case 'Test Cases/Whatsapp/subscribers/TC11220' successfully]]></system-out>
         <system-err><![CDATA[]]></system-err>
      </testcase>
      <testcase name="Test Cases/Whatsapp/subscribers/TC11223" classname="Test Cases/Whatsapp/subscribers/TC11223" status="PASSED">
         <system-out><![CDATA[2019-04-23 18:29:13 - [TEST_CASE][PASSED] - Test Cases/Whatsapp/subscribers/TC11223: Test Cases/Whatsapp/subscribers/TC11223

2019-04-23 18:29:13 - [TEST_STEP][PASSED] - callTestCase(findTestCase("Whatsapp/subscribers/TC11220"), [:], STOP_ON_FAILURE): Call Test Case 'Test Cases/Whatsapp/subscribers/TC11220' successfully

2019-04-23 18:29:13 - [TEST_CASE][PASSED] - Test Cases/Whatsapp/subscribers/TC11220: Test Cases/Whatsapp/subscribers/TC11220

2019-04-23 18:29:13 - [TEST_STEP][PASSED] - callTestCase(findTestCase("Whatsapp/subscribers/open subscribers"), [:], STOP_ON_FAILURE): Call Test Case 'Test Cases/Whatsapp/subscribers/open subscribers' successfully

2019-04-23 18:29:13 - [TEST_CASE][PASSED] - Test Cases/Whatsapp/subscribers/open subscribers: Test Cases/Whatsapp/subscribers/open subscribers

2019-04-23 18:29:13 - [TEST_STEP][PASSED] - click(findTestObject("Object Repository/Page_KiboEngage  Subscribers/span_Dashboard")): Object: 'Object Repository/Page_KiboEngage  Subscribers/span_Dashboard' is clicked on

2019-04-23 18:29:13 - [MESSAGE][PASSED] - Object: 'Object Repository/Page_KiboEngage  Subscribers/span_Dashboard' is clicked on

2019-04-23 18:29:13 - [TEST_STEP][PASSED] - delay(1): Delayed 1 second(s)

2019-04-23 18:29:14 - [MESSAGE][PASSED] - Delayed 1 second(s)

2019-04-23 18:29:14 - [TEST_STEP][PASSED] - click(findTestObject("Page_KiboChat  Upload Contacts/span_Subscribers")): Object: 'Object Repository/Page_KiboChat  Upload Contacts/span_Subscribers' is clicked on

2019-04-23 18:29:14 - [MESSAGE][PASSED] - Object: 'Object Repository/Page_KiboChat  Upload Contacts/span_Subscribers' is clicked on

2019-04-23 18:29:14 - [TEST_STEP][PASSED] - delay(1): Delayed 1 second(s)

2019-04-23 18:29:15 - [MESSAGE][PASSED] - Delayed 1 second(s)

2019-04-23 18:29:15 - [MESSAGE][PASSED] - Call Test Case 'Test Cases/Whatsapp/subscribers/open subscribers' successfully

2019-04-23 18:29:15 - [TEST_STEP][PASSED] - delay(1): Delayed 1 second(s)

2019-04-23 18:29:16 - [MESSAGE][PASSED] - Delayed 1 second(s)

2019-04-23 18:29:16 - [TEST_STEP][PASSED] - driver = getWebDriver(): null

2019-04-23 18:29:16 - [TEST_STEP][PASSED] - Table = driver.findElement(By.xpath("//*[@id="ajax_data"]/table/tbody")): null

2019-04-23 18:29:16 - [TEST_STEP][PASSED] - rows_table = Table.findElements(By.tagName("tr")): null

2019-04-23 18:29:16 - [TEST_STEP][PASSED] - verifyGreaterThanOrEqual(rows_table.size(), 1): Actual number '2' is greater than or equal to expected number '1'

2019-04-23 18:29:16 - [MESSAGE][PASSED] - Actual number '2' is greater than or equal to expected number '1'

2019-04-23 18:29:16 - [MESSAGE][PASSED] - Call Test Case 'Test Cases/Whatsapp/subscribers/TC11220' successfully]]></system-out>
         <system-err><![CDATA[]]></system-err>
      </testcase>
      <testcase name="Test Cases/Whatsapp/Upload Contacts/TC11224" classname="Test Cases/Whatsapp/Upload Contacts/TC11224" status="PASSED">
         <system-out><![CDATA[2019-04-23 18:29:16 - [TEST_CASE][PASSED] - Test Cases/Whatsapp/Upload Contacts/TC11224: Test Cases/Whatsapp/Upload Contacts/TC11224

2019-04-23 18:29:16 - [TEST_STEP][PASSED] - callTestCase(findTestCase("Whatsapp/Upload Contacts/open upload contacts"), [:], STOP_ON_FAILURE): Call Test Case 'Test Cases/Whatsapp/Upload Contacts/open upload contacts' successfully

2019-04-23 18:29:16 - [TEST_CASE][PASSED] - Test Cases/Whatsapp/Upload Contacts/open upload contacts: Test Cases/Whatsapp/Upload Contacts/open upload contacts

2019-04-23 18:29:16 - [TEST_STEP][PASSED] - click(findTestObject("Object Repository/Page_KiboEngage  Subscribers/span_Dashboard")): Object: 'Object Repository/Page_KiboEngage  Subscribers/span_Dashboard' is clicked on

2019-04-23 18:29:16 - [MESSAGE][PASSED] - Object: 'Object Repository/Page_KiboEngage  Subscribers/span_Dashboard' is clicked on

2019-04-23 18:29:16 - [TEST_STEP][PASSED] - delay(1): Delayed 1 second(s)

2019-04-23 18:29:17 - [MESSAGE][PASSED] - Delayed 1 second(s)

2019-04-23 18:29:17 - [TEST_STEP][PASSED] - click(findTestObject("Page_KiboEngage  Dashboard/span_Upload Contacts (3)")): Object: 'Object Repository/Page_KiboEngage  Dashboard/span_Upload Contacts (3)' is clicked on

2019-04-23 18:29:18 - [MESSAGE][PASSED] - Object: 'Object Repository/Page_KiboEngage  Dashboard/span_Upload Contacts (3)' is clicked on

2019-04-23 18:29:18 - [TEST_STEP][PASSED] - delay(1): Delayed 1 second(s)

2019-04-23 18:29:19 - [MESSAGE][PASSED] - Delayed 1 second(s)

2019-04-23 18:29:19 - [MESSAGE][PASSED] - Call Test Case 'Test Cases/Whatsapp/Upload Contacts/open upload contacts' successfully

2019-04-23 18:29:19 - [TEST_STEP][PASSED] - delay(1): Delayed 1 second(s)

2019-04-23 18:29:20 - [MESSAGE][PASSED] - Delayed 1 second(s)

2019-04-23 18:29:20 - [TEST_STEP][PASSED] - click(findTestObject("Object Repository/Page_KiboEngage  Upload Contacts/a_httpswwwtwiliocomconsolesmswhatsappsandbox")): Object: 'Object Repository/Page_KiboEngage  Upload Contacts/a_httpswwwtwiliocomconsolesmswhatsappsandbox' is clicked on

2019-04-23 18:29:20 - [MESSAGE][PASSED] - Object: 'Object Repository/Page_KiboEngage  Upload Contacts/a_httpswwwtwiliocomconsolesmswhatsappsandbox' is clicked on]]></system-out>
         <system-err><![CDATA[]]></system-err>
      </testcase>
      <testcase name="Test Cases/Whatsapp/Upload Contacts/TC11225" classname="Test Cases/Whatsapp/Upload Contacts/TC11225" status="PASSED">
         <system-out><![CDATA[2019-04-23 18:29:20 - [TEST_CASE][PASSED] - Test Cases/Whatsapp/Upload Contacts/TC11225: Test Cases/Whatsapp/Upload Contacts/TC11225

2019-04-23 18:29:20 - [TEST_STEP][PASSED] - callTestCase(findTestCase("Whatsapp/Upload Contacts/open upload contacts"), [:], STOP_ON_FAILURE): Call Test Case 'Test Cases/Whatsapp/Upload Contacts/open upload contacts' successfully

2019-04-23 18:29:20 - [TEST_CASE][PASSED] - Test Cases/Whatsapp/Upload Contacts/open upload contacts: Test Cases/Whatsapp/Upload Contacts/open upload contacts

2019-04-23 18:29:20 - [TEST_STEP][PASSED] - click(findTestObject("Object Repository/Page_KiboEngage  Subscribers/span_Dashboard")): Object: 'Object Repository/Page_KiboEngage  Subscribers/span_Dashboard' is clicked on

2019-04-23 18:29:20 - [MESSAGE][PASSED] - Object: 'Object Repository/Page_KiboEngage  Subscribers/span_Dashboard' is clicked on

2019-04-23 18:29:20 - [TEST_STEP][PASSED] - delay(1): Delayed 1 second(s)

2019-04-23 18:29:21 - [MESSAGE][PASSED] - Delayed 1 second(s)

2019-04-23 18:29:21 - [TEST_STEP][PASSED] - click(findTestObject("Page_KiboEngage  Dashboard/span_Upload Contacts (3)")): Object: 'Object Repository/Page_KiboEngage  Dashboard/span_Upload Contacts (3)' is clicked on

2019-04-23 18:29:21 - [MESSAGE][PASSED] - Object: 'Object Repository/Page_KiboEngage  Dashboard/span_Upload Contacts (3)' is clicked on

2019-04-23 18:29:21 - [TEST_STEP][PASSED] - delay(1): Delayed 1 second(s)

2019-04-23 18:29:22 - [MESSAGE][PASSED] - Delayed 1 second(s)

2019-04-23 18:29:22 - [MESSAGE][PASSED] - Call Test Case 'Test Cases/Whatsapp/Upload Contacts/open upload contacts' successfully

2019-04-23 18:29:22 - [TEST_STEP][PASSED] - delay(1): Delayed 1 second(s)

2019-04-23 18:29:23 - [MESSAGE][PASSED] - Delayed 1 second(s)]]></system-out>
         <system-err><![CDATA[]]></system-err>
      </testcase>
      <testcase name="Test Cases/Whatsapp/broadcast/go to broadcasting" classname="Test Cases/Whatsapp/broadcast/go to broadcasting" status="PASSED">
         <system-out><![CDATA[2019-04-23 18:29:23 - [TEST_CASE][PASSED] - Test Cases/Whatsapp/broadcast/go to broadcasting: Test Cases/Whatsapp/broadcast/go to broadcasting

2019-04-23 18:29:23 - [TEST_STEP][PASSED] - delay(1): Delayed 1 second(s)

2019-04-23 18:29:24 - [MESSAGE][PASSED] - Delayed 1 second(s)

2019-04-23 18:29:24 - [TEST_STEP][PASSED] - click(findTestObject("Page_KiboEngage  Dashboard/span_Broadcasting (3)")): Object: 'Object Repository/Page_KiboEngage  Dashboard/span_Broadcasting (3)' is clicked on

2019-04-23 18:29:24 - [MESSAGE][PASSED] - Object: 'Object Repository/Page_KiboEngage  Dashboard/span_Broadcasting (3)' is clicked on

2019-04-23 18:29:24 - [TEST_STEP][PASSED] - delay(1): Delayed 1 second(s)

2019-04-23 18:29:25 - [MESSAGE][PASSED] - Delayed 1 second(s)]]></system-out>
         <system-err><![CDATA[]]></system-err>
      </testcase>
      <testcase name="Test Cases/Whatsapp/broadcast/TC11226" classname="Test Cases/Whatsapp/broadcast/TC11226" status="PASSED">
         <system-out><![CDATA[2019-04-23 18:29:25 - [TEST_CASE][PASSED] - Test Cases/Whatsapp/broadcast/TC11226: Test Cases/Whatsapp/broadcast/TC11226

2019-04-23 18:29:25 - [TEST_STEP][PASSED] - callTestCase(findTestCase("Whatsapp/broadcast/open broadcasts"), [:], STOP_ON_FAILURE): Call Test Case 'Test Cases/Whatsapp/broadcast/open broadcasts' successfully

2019-04-23 18:29:25 - [TEST_CASE][PASSED] - Test Cases/Whatsapp/broadcast/open broadcasts: Test Cases/Whatsapp/broadcast/open broadcasts

2019-04-23 18:29:25 - [TEST_STEP][PASSED] - delay(1): Delayed 1 second(s)

2019-04-23 18:29:26 - [MESSAGE][PASSED] - Delayed 1 second(s)

2019-04-23 18:29:26 - [TEST_STEP][PASSED] - click(findTestObject("Object Repository/Page_KiboEngage  Subscribers/span_Dashboard")): Object: 'Object Repository/Page_KiboEngage  Subscribers/span_Dashboard' is clicked on

2019-04-23 18:29:27 - [MESSAGE][PASSED] - Object: 'Object Repository/Page_KiboEngage  Subscribers/span_Dashboard' is clicked on

2019-04-23 18:29:27 - [TEST_STEP][PASSED] - delay(1): Delayed 1 second(s)

2019-04-23 18:29:28 - [MESSAGE][PASSED] - Delayed 1 second(s)

2019-04-23 18:29:28 - [TEST_STEP][PASSED] - click(findTestObject("Page_KiboEngage  Dashboard/span_Broadcasts")): Object: 'Object Repository/Page_KiboEngage  Dashboard/span_Broadcasts' is clicked on

2019-04-23 18:29:28 - [MESSAGE][PASSED] - Object: 'Object Repository/Page_KiboEngage  Dashboard/span_Broadcasts' is clicked on

2019-04-23 18:29:28 - [TEST_STEP][PASSED] - delay(10): Delayed 10 second(s)

2019-04-23 18:29:38 - [MESSAGE][PASSED] - Delayed 10 second(s)

2019-04-23 18:29:38 - [MESSAGE][PASSED] - Call Test Case 'Test Cases/Whatsapp/broadcast/open broadcasts' successfully

2019-04-23 18:29:38 - [TEST_STEP][PASSED] - click(findTestObject("Object Repository/Page_KiboEngage  Broadcasts/a_documentation")): Object: 'Object Repository/Page_KiboEngage  Broadcasts/a_documentation' is clicked on

2019-04-23 18:29:38 - [MESSAGE][PASSED] - Object: 'Object Repository/Page_KiboEngage  Broadcasts/a_documentation' is clicked on]]></system-out>
         <system-err><![CDATA[]]></system-err>
      </testcase>
      <testcase name="Test Cases/Whatsapp/broadcast/TC11227" classname="Test Cases/Whatsapp/broadcast/TC11227" status="PASSED">
         <system-out><![CDATA[2019-04-23 18:29:38 - [TEST_CASE][PASSED] - Test Cases/Whatsapp/broadcast/TC11227: Test Cases/Whatsapp/broadcast/TC11227

2019-04-23 18:29:38 - [TEST_STEP][PASSED] - callTestCase(findTestCase("Whatsapp/broadcast/open broadcasts"), [:], STOP_ON_FAILURE): Call Test Case 'Test Cases/Whatsapp/broadcast/open broadcasts' successfully

2019-04-23 18:29:38 - [TEST_CASE][PASSED] - Test Cases/Whatsapp/broadcast/open broadcasts: Test Cases/Whatsapp/broadcast/open broadcasts

2019-04-23 18:29:38 - [TEST_STEP][PASSED] - delay(1): Delayed 1 second(s)

2019-04-23 18:29:39 - [MESSAGE][PASSED] - Delayed 1 second(s)

2019-04-23 18:29:39 - [TEST_STEP][PASSED] - click(findTestObject("Object Repository/Page_KiboEngage  Subscribers/span_Dashboard")): Object: 'Object Repository/Page_KiboEngage  Subscribers/span_Dashboard' is clicked on

2019-04-23 18:29:39 - [MESSAGE][PASSED] - Object: 'Object Repository/Page_KiboEngage  Subscribers/span_Dashboard' is clicked on

2019-04-23 18:29:39 - [TEST_STEP][PASSED] - delay(1): Delayed 1 second(s)

2019-04-23 18:29:40 - [MESSAGE][PASSED] - Delayed 1 second(s)

2019-04-23 18:29:40 - [TEST_STEP][PASSED] - click(findTestObject("Page_KiboEngage  Dashboard/span_Broadcasts")): Object: 'Object Repository/Page_KiboEngage  Dashboard/span_Broadcasts' is clicked on

2019-04-23 18:29:40 - [MESSAGE][PASSED] - Object: 'Object Repository/Page_KiboEngage  Dashboard/span_Broadcasts' is clicked on

2019-04-23 18:29:40 - [TEST_STEP][PASSED] - delay(10): Delayed 10 second(s)

2019-04-23 18:29:50 - [MESSAGE][PASSED] - Delayed 10 second(s)

2019-04-23 18:29:50 - [MESSAGE][PASSED] - Call Test Case 'Test Cases/Whatsapp/broadcast/open broadcasts' successfully

2019-04-23 18:29:50 - [TEST_STEP][PASSED] - driver = getWebDriver(): null

2019-04-23 18:29:50 - [TEST_STEP][PASSED] - Table = driver.findElement(By.xpath("//*[@id="ajax_data"]/table/tbody")): null

2019-04-23 18:29:50 - [TEST_STEP][PASSED] - rows_table = Table.findElements(By.tagName("tr")): null

2019-04-23 18:29:50 - [TEST_STEP][PASSED] - verifyGreaterThanOrEqual(rows_table.size(), 1): Actual number '10' is greater than or equal to expected number '1'

2019-04-23 18:29:50 - [MESSAGE][PASSED] - Actual number '10' is greater than or equal to expected number '1']]></system-out>
         <system-err><![CDATA[]]></system-err>
      </testcase>
      <testcase name="Test Cases/Whatsapp/broadcast/TC11228" classname="Test Cases/Whatsapp/broadcast/TC11228" status="PASSED">
         <system-out><![CDATA[2019-04-23 18:29:50 - [TEST_CASE][PASSED] - Test Cases/Whatsapp/broadcast/TC11228: Test Cases/Whatsapp/broadcast/TC11228

2019-04-23 18:29:51 - [TEST_STEP][PASSED] - callTestCase(findTestCase("Whatsapp/broadcast/TC11227"), [:], STOP_ON_FAILURE): Call Test Case 'Test Cases/Whatsapp/broadcast/TC11227' successfully

2019-04-23 18:29:51 - [TEST_CASE][PASSED] - Test Cases/Whatsapp/broadcast/TC11227: Test Cases/Whatsapp/broadcast/TC11227

2019-04-23 18:29:51 - [TEST_STEP][PASSED] - callTestCase(findTestCase("Whatsapp/broadcast/open broadcasts"), [:], STOP_ON_FAILURE): Call Test Case 'Test Cases/Whatsapp/broadcast/open broadcasts' successfully

2019-04-23 18:29:51 - [TEST_CASE][PASSED] - Test Cases/Whatsapp/broadcast/open broadcasts: Test Cases/Whatsapp/broadcast/open broadcasts

2019-04-23 18:29:51 - [TEST_STEP][PASSED] - delay(1): Delayed 1 second(s)

2019-04-23 18:29:52 - [MESSAGE][PASSED] - Delayed 1 second(s)

2019-04-23 18:29:52 - [TEST_STEP][PASSED] - click(findTestObject("Object Repository/Page_KiboEngage  Subscribers/span_Dashboard")): Object: 'Object Repository/Page_KiboEngage  Subscribers/span_Dashboard' is clicked on

2019-04-23 18:29:52 - [MESSAGE][PASSED] - Object: 'Object Repository/Page_KiboEngage  Subscribers/span_Dashboard' is clicked on

2019-04-23 18:29:52 - [TEST_STEP][PASSED] - delay(1): Delayed 1 second(s)

2019-04-23 18:29:53 - [MESSAGE][PASSED] - Delayed 1 second(s)

2019-04-23 18:29:53 - [TEST_STEP][PASSED] - click(findTestObject("Page_KiboEngage  Dashboard/span_Broadcasts")): Object: 'Object Repository/Page_KiboEngage  Dashboard/span_Broadcasts' is clicked on

2019-04-23 18:29:53 - [MESSAGE][PASSED] - Object: 'Object Repository/Page_KiboEngage  Dashboard/span_Broadcasts' is clicked on

2019-04-23 18:29:53 - [TEST_STEP][PASSED] - delay(10): Delayed 10 second(s)

2019-04-23 18:30:03 - [MESSAGE][PASSED] - Delayed 10 second(s)

2019-04-23 18:30:03 - [MESSAGE][PASSED] - Call Test Case 'Test Cases/Whatsapp/broadcast/open broadcasts' successfully

2019-04-23 18:30:03 - [TEST_STEP][PASSED] - driver = getWebDriver(): null

2019-04-23 18:30:03 - [TEST_STEP][PASSED] - Table = driver.findElement(By.xpath("//*[@id="ajax_data"]/table/tbody")): null

2019-04-23 18:30:03 - [TEST_STEP][PASSED] - rows_table = Table.findElements(By.tagName("tr")): null

2019-04-23 18:30:03 - [TEST_STEP][PASSED] - verifyGreaterThanOrEqual(rows_table.size(), 1): Actual number '10' is greater than or equal to expected number '1'

2019-04-23 18:30:03 - [MESSAGE][PASSED] - Actual number '10' is greater than or equal to expected number '1'

2019-04-23 18:30:03 - [MESSAGE][PASSED] - Call Test Case 'Test Cases/Whatsapp/broadcast/TC11227' successfully]]></system-out>
         <system-err><![CDATA[]]></system-err>
      </testcase>
      <testcase name="Test Cases/Whatsapp/broadcast/TC11229" classname="Test Cases/Whatsapp/broadcast/TC11229" status="PASSED">
         <system-out><![CDATA[2019-04-23 18:30:03 - [TEST_CASE][PASSED] - Test Cases/Whatsapp/broadcast/TC11229: Test Cases/Whatsapp/broadcast/TC11229

2019-04-23 18:30:03 - [TEST_STEP][PASSED] - callTestCase(findTestCase("Whatsapp/broadcast/TC11227"), [:], STOP_ON_FAILURE): Call Test Case 'Test Cases/Whatsapp/broadcast/TC11227' successfully

2019-04-23 18:30:03 - [TEST_CASE][PASSED] - Test Cases/Whatsapp/broadcast/TC11227: Test Cases/Whatsapp/broadcast/TC11227

2019-04-23 18:30:03 - [TEST_STEP][PASSED] - callTestCase(findTestCase("Whatsapp/broadcast/open broadcasts"), [:], STOP_ON_FAILURE): Call Test Case 'Test Cases/Whatsapp/broadcast/open broadcasts' successfully

2019-04-23 18:30:03 - [TEST_CASE][PASSED] - Test Cases/Whatsapp/broadcast/open broadcasts: Test Cases/Whatsapp/broadcast/open broadcasts

2019-04-23 18:30:03 - [TEST_STEP][PASSED] - delay(1): Delayed 1 second(s)

2019-04-23 18:30:04 - [MESSAGE][PASSED] - Delayed 1 second(s)

2019-04-23 18:30:04 - [TEST_STEP][PASSED] - click(findTestObject("Object Repository/Page_KiboEngage  Subscribers/span_Dashboard")): Object: 'Object Repository/Page_KiboEngage  Subscribers/span_Dashboard' is clicked on

2019-04-23 18:30:04 - [MESSAGE][PASSED] - Object: 'Object Repository/Page_KiboEngage  Subscribers/span_Dashboard' is clicked on

2019-04-23 18:30:04 - [TEST_STEP][PASSED] - delay(1): Delayed 1 second(s)

2019-04-23 18:30:05 - [MESSAGE][PASSED] - Delayed 1 second(s)

2019-04-23 18:30:05 - [TEST_STEP][PASSED] - click(findTestObject("Page_KiboEngage  Dashboard/span_Broadcasts")): Object: 'Object Repository/Page_KiboEngage  Dashboard/span_Broadcasts' is clicked on

2019-04-23 18:30:05 - [MESSAGE][PASSED] - Object: 'Object Repository/Page_KiboEngage  Dashboard/span_Broadcasts' is clicked on

2019-04-23 18:30:05 - [TEST_STEP][PASSED] - delay(10): Delayed 10 second(s)

2019-04-23 18:30:15 - [MESSAGE][PASSED] - Delayed 10 second(s)

2019-04-23 18:30:15 - [MESSAGE][PASSED] - Call Test Case 'Test Cases/Whatsapp/broadcast/open broadcasts' successfully

2019-04-23 18:30:15 - [TEST_STEP][PASSED] - driver = getWebDriver(): null

2019-04-23 18:30:15 - [TEST_STEP][PASSED] - Table = driver.findElement(By.xpath("//*[@id="ajax_data"]/table/tbody")): null

2019-04-23 18:30:15 - [TEST_STEP][PASSED] - rows_table = Table.findElements(By.tagName("tr")): null

2019-04-23 18:30:15 - [TEST_STEP][PASSED] - verifyGreaterThanOrEqual(rows_table.size(), 1): Actual number '10' is greater than or equal to expected number '1'

2019-04-23 18:30:15 - [MESSAGE][PASSED] - Actual number '10' is greater than or equal to expected number '1'

2019-04-23 18:30:15 - [MESSAGE][PASSED] - Call Test Case 'Test Cases/Whatsapp/broadcast/TC11227' successfully]]></system-out>
         <system-err><![CDATA[]]></system-err>
      </testcase>
      <testcase name="Test Cases/Whatsapp/broadcast/TC11230" classname="Test Cases/Whatsapp/broadcast/TC11230" status="PASSED">
         <system-out><![CDATA[2019-04-23 18:30:15 - [TEST_CASE][PASSED] - Test Cases/Whatsapp/broadcast/TC11230: Test Cases/Whatsapp/broadcast/TC11230

2019-04-23 18:30:15 - [TEST_STEP][PASSED] - callTestCase(findTestCase("Whatsapp/broadcast/TC11227"), [:], STOP_ON_FAILURE): Call Test Case 'Test Cases/Whatsapp/broadcast/TC11227' successfully

2019-04-23 18:30:15 - [TEST_CASE][PASSED] - Test Cases/Whatsapp/broadcast/TC11227: Test Cases/Whatsapp/broadcast/TC11227

2019-04-23 18:30:15 - [TEST_STEP][PASSED] - callTestCase(findTestCase("Whatsapp/broadcast/open broadcasts"), [:], STOP_ON_FAILURE): Call Test Case 'Test Cases/Whatsapp/broadcast/open broadcasts' successfully

2019-04-23 18:30:15 - [TEST_CASE][PASSED] - Test Cases/Whatsapp/broadcast/open broadcasts: Test Cases/Whatsapp/broadcast/open broadcasts

2019-04-23 18:30:15 - [TEST_STEP][PASSED] - delay(1): Delayed 1 second(s)

2019-04-23 18:30:16 - [MESSAGE][PASSED] - Delayed 1 second(s)

2019-04-23 18:30:16 - [TEST_STEP][PASSED] - click(findTestObject("Object Repository/Page_KiboEngage  Subscribers/span_Dashboard")): Object: 'Object Repository/Page_KiboEngage  Subscribers/span_Dashboard' is clicked on

2019-04-23 18:30:17 - [MESSAGE][PASSED] - Object: 'Object Repository/Page_KiboEngage  Subscribers/span_Dashboard' is clicked on

2019-04-23 18:30:17 - [TEST_STEP][PASSED] - delay(1): Delayed 1 second(s)

2019-04-23 18:30:18 - [MESSAGE][PASSED] - Delayed 1 second(s)

2019-04-23 18:30:18 - [TEST_STEP][PASSED] - click(findTestObject("Page_KiboEngage  Dashboard/span_Broadcasts")): Object: 'Object Repository/Page_KiboEngage  Dashboard/span_Broadcasts' is clicked on

2019-04-23 18:30:18 - [MESSAGE][PASSED] - Object: 'Object Repository/Page_KiboEngage  Dashboard/span_Broadcasts' is clicked on

2019-04-23 18:30:18 - [TEST_STEP][PASSED] - delay(10): Delayed 10 second(s)

2019-04-23 18:30:28 - [MESSAGE][PASSED] - Delayed 10 second(s)

2019-04-23 18:30:28 - [MESSAGE][PASSED] - Call Test Case 'Test Cases/Whatsapp/broadcast/open broadcasts' successfully

2019-04-23 18:30:28 - [TEST_STEP][PASSED] - driver = getWebDriver(): null

2019-04-23 18:30:28 - [TEST_STEP][PASSED] - Table = driver.findElement(By.xpath("//*[@id="ajax_data"]/table/tbody")): null

2019-04-23 18:30:28 - [TEST_STEP][PASSED] - rows_table = Table.findElements(By.tagName("tr")): null

2019-04-23 18:30:28 - [TEST_STEP][PASSED] - verifyGreaterThanOrEqual(rows_table.size(), 1): Actual number '10' is greater than or equal to expected number '1'

2019-04-23 18:30:28 - [MESSAGE][PASSED] - Actual number '10' is greater than or equal to expected number '1'

2019-04-23 18:30:28 - [MESSAGE][PASSED] - Call Test Case 'Test Cases/Whatsapp/broadcast/TC11227' successfully]]></system-out>
         <system-err><![CDATA[]]></system-err>
      </testcase>
      <testcase name="Test Cases/Whatsapp/broadcast/TC11231" classname="Test Cases/Whatsapp/broadcast/TC11231" status="PASSED">
         <system-out><![CDATA[2019-04-23 18:30:28 - [TEST_CASE][PASSED] - Test Cases/Whatsapp/broadcast/TC11231: Test Cases/Whatsapp/broadcast/TC11231

2019-04-23 18:30:28 - [TEST_STEP][PASSED] - callTestCase(findTestCase("Whatsapp/broadcast/open broadcasts"), [:], STOP_ON_FAILURE): Call Test Case 'Test Cases/Whatsapp/broadcast/open broadcasts' successfully

2019-04-23 18:30:28 - [TEST_CASE][PASSED] - Test Cases/Whatsapp/broadcast/open broadcasts: Test Cases/Whatsapp/broadcast/open broadcasts

2019-04-23 18:30:28 - [TEST_STEP][PASSED] - delay(1): Delayed 1 second(s)

2019-04-23 18:30:29 - [MESSAGE][PASSED] - Delayed 1 second(s)

2019-04-23 18:30:29 - [TEST_STEP][PASSED] - click(findTestObject("Object Repository/Page_KiboEngage  Subscribers/span_Dashboard")): Object: 'Object Repository/Page_KiboEngage  Subscribers/span_Dashboard' is clicked on

2019-04-23 18:30:29 - [MESSAGE][PASSED] - Object: 'Object Repository/Page_KiboEngage  Subscribers/span_Dashboard' is clicked on

2019-04-23 18:30:29 - [TEST_STEP][PASSED] - delay(1): Delayed 1 second(s)

2019-04-23 18:30:30 - [MESSAGE][PASSED] - Delayed 1 second(s)

2019-04-23 18:30:30 - [TEST_STEP][PASSED] - click(findTestObject("Page_KiboEngage  Dashboard/span_Broadcasts")): Object: 'Object Repository/Page_KiboEngage  Dashboard/span_Broadcasts' is clicked on

2019-04-23 18:30:30 - [MESSAGE][PASSED] - Object: 'Object Repository/Page_KiboEngage  Dashboard/span_Broadcasts' is clicked on

2019-04-23 18:30:30 - [TEST_STEP][PASSED] - delay(10): Delayed 10 second(s)

2019-04-23 18:30:40 - [MESSAGE][PASSED] - Delayed 10 second(s)

2019-04-23 18:30:40 - [MESSAGE][PASSED] - Call Test Case 'Test Cases/Whatsapp/broadcast/open broadcasts' successfully

2019-04-23 18:30:40 - [TEST_STEP][PASSED] - click(findTestObject("Object Repository/Page_KiboEngage  Broadcasts/span_Create New (2)")): Object: 'Object Repository/Page_KiboEngage  Broadcasts/span_Create New (2)' is clicked on

2019-04-23 18:30:40 - [MESSAGE][PASSED] - Object: 'Object Repository/Page_KiboEngage  Broadcasts/span_Create New (2)' is clicked on

2019-04-23 18:30:40 - [TEST_STEP][PASSED] - scrollToPosition(0, 0): Browser is scrolled to position x = 0, y = 0

2019-04-23 18:30:40 - [MESSAGE][PASSED] - Browser is scrolled to position x = 0, y = 0

2019-04-23 18:30:40 - [TEST_STEP][PASSED] - click(findTestObject("Object Repository/Page_KiboEngage  Broadcasts/h3_Create Broadcast")): Object: 'Object Repository/Page_KiboEngage  Broadcasts/h3_Create Broadcast' is clicked on

2019-04-23 18:30:40 - [MESSAGE][PASSED] - Object: 'Object Repository/Page_KiboEngage  Broadcasts/h3_Create Broadcast' is clicked on]]></system-out>
         <system-err><![CDATA[]]></system-err>
      </testcase>
      <testcase name="Test Cases/Whatsapp/broadcast/TC11232" classname="Test Cases/Whatsapp/broadcast/TC11232" status="PASSED">
         <system-out><![CDATA[2019-04-23 18:30:40 - [TEST_CASE][PASSED] - Test Cases/Whatsapp/broadcast/TC11232: Test Cases/Whatsapp/broadcast/TC11232

2019-04-23 18:30:40 - [TEST_STEP][PASSED] - callTestCase(findTestCase("Whatsapp/broadcast/TC11231"), [:], STOP_ON_FAILURE): Call Test Case 'Test Cases/Whatsapp/broadcast/TC11231' successfully

2019-04-23 18:30:40 - [TEST_CASE][PASSED] - Test Cases/Whatsapp/broadcast/TC11231: Test Cases/Whatsapp/broadcast/TC11231

2019-04-23 18:30:40 - [TEST_STEP][PASSED] - callTestCase(findTestCase("Whatsapp/broadcast/open broadcasts"), [:], STOP_ON_FAILURE): Call Test Case 'Test Cases/Whatsapp/broadcast/open broadcasts' successfully

2019-04-23 18:30:40 - [TEST_CASE][PASSED] - Test Cases/Whatsapp/broadcast/open broadcasts: Test Cases/Whatsapp/broadcast/open broadcasts

2019-04-23 18:30:40 - [TEST_STEP][PASSED] - delay(1): Delayed 1 second(s)

2019-04-23 18:30:41 - [MESSAGE][PASSED] - Delayed 1 second(s)

2019-04-23 18:30:41 - [TEST_STEP][PASSED] - click(findTestObject("Object Repository/Page_KiboEngage  Subscribers/span_Dashboard")): Object: 'Object Repository/Page_KiboEngage  Subscribers/span_Dashboard' is clicked on

2019-04-23 18:30:42 - [MESSAGE][PASSED] - Object: 'Object Repository/Page_KiboEngage  Subscribers/span_Dashboard' is clicked on

2019-04-23 18:30:42 - [TEST_STEP][PASSED] - delay(1): Delayed 1 second(s)

2019-04-23 18:30:43 - [MESSAGE][PASSED] - Delayed 1 second(s)

2019-04-23 18:30:43 - [TEST_STEP][PASSED] - click(findTestObject("Page_KiboEngage  Dashboard/span_Broadcasts")): Object: 'Object Repository/Page_KiboEngage  Dashboard/span_Broadcasts' is clicked on

2019-04-23 18:30:43 - [MESSAGE][PASSED] - Object: 'Object Repository/Page_KiboEngage  Dashboard/span_Broadcasts' is clicked on

2019-04-23 18:30:43 - [TEST_STEP][PASSED] - delay(10): Delayed 10 second(s)

2019-04-23 18:30:53 - [MESSAGE][PASSED] - Delayed 10 second(s)

2019-04-23 18:30:53 - [MESSAGE][PASSED] - Call Test Case 'Test Cases/Whatsapp/broadcast/open broadcasts' successfully

2019-04-23 18:30:53 - [TEST_STEP][PASSED] - click(findTestObject("Object Repository/Page_KiboEngage  Broadcasts/span_Create New (2)")): Object: 'Object Repository/Page_KiboEngage  Broadcasts/span_Create New (2)' is clicked on

2019-04-23 18:30:53 - [MESSAGE][PASSED] - Object: 'Object Repository/Page_KiboEngage  Broadcasts/span_Create New (2)' is clicked on

2019-04-23 18:30:53 - [TEST_STEP][PASSED] - scrollToPosition(0, 0): Browser is scrolled to position x = 0, y = 0

2019-04-23 18:30:53 - [MESSAGE][PASSED] - Browser is scrolled to position x = 0, y = 0

2019-04-23 18:30:53 - [TEST_STEP][PASSED] - click(findTestObject("Object Repository/Page_KiboEngage  Broadcasts/h3_Create Broadcast")): Object: 'Object Repository/Page_KiboEngage  Broadcasts/h3_Create Broadcast' is clicked on

2019-04-23 18:30:53 - [MESSAGE][PASSED] - Object: 'Object Repository/Page_KiboEngage  Broadcasts/h3_Create Broadcast' is clicked on

2019-04-23 18:30:53 - [MESSAGE][PASSED] - Call Test Case 'Test Cases/Whatsapp/broadcast/TC11231' successfully

2019-04-23 18:30:53 - [TEST_STEP][PASSED] - click(findTestObject("Page_KiboEngage  Broadcasts/span_Send (7)")): Object: 'Object Repository/Page_KiboEngage  Broadcasts/span_Send (7)' is clicked on

2019-04-23 18:30:53 - [MESSAGE][PASSED] - Object: 'Object Repository/Page_KiboEngage  Broadcasts/span_Send (7)' is clicked on

2019-04-23 18:30:53 - [TEST_STEP][PASSED] - click(findTestObject("Page_KiboEngage  Broadcasts/div_Please enter the title of the broadcast (2)")): Object: 'Object Repository/Page_KiboEngage  Broadcasts/div_Please enter the title of the broadcast (2)' is clicked on

2019-04-23 18:30:53 - [MESSAGE][PASSED] - Object: 'Object Repository/Page_KiboEngage  Broadcasts/div_Please enter the title of the broadcast (2)' is clicked on]]></system-out>
         <system-err><![CDATA[]]></system-err>
      </testcase>
      <testcase name="Test Cases/Whatsapp/broadcast/TC11233" classname="Test Cases/Whatsapp/broadcast/TC11233" status="PASSED">
         <system-out><![CDATA[2019-04-23 18:30:53 - [TEST_CASE][PASSED] - Test Cases/Whatsapp/broadcast/TC11233: Test Cases/Whatsapp/broadcast/TC11233

2019-04-23 18:30:53 - [TEST_STEP][PASSED] - callTestCase(findTestCase("Whatsapp/broadcast/TC11231"), [:], STOP_ON_FAILURE): Call Test Case 'Test Cases/Whatsapp/broadcast/TC11231' successfully

2019-04-23 18:30:53 - [TEST_CASE][PASSED] - Test Cases/Whatsapp/broadcast/TC11231: Test Cases/Whatsapp/broadcast/TC11231

2019-04-23 18:30:53 - [TEST_STEP][PASSED] - callTestCase(findTestCase("Whatsapp/broadcast/open broadcasts"), [:], STOP_ON_FAILURE): Call Test Case 'Test Cases/Whatsapp/broadcast/open broadcasts' successfully

2019-04-23 18:30:53 - [TEST_CASE][PASSED] - Test Cases/Whatsapp/broadcast/open broadcasts: Test Cases/Whatsapp/broadcast/open broadcasts

2019-04-23 18:30:53 - [TEST_STEP][PASSED] - delay(1): Delayed 1 second(s)

2019-04-23 18:30:54 - [MESSAGE][PASSED] - Delayed 1 second(s)

2019-04-23 18:30:54 - [TEST_STEP][PASSED] - click(findTestObject("Object Repository/Page_KiboEngage  Subscribers/span_Dashboard")): Object: 'Object Repository/Page_KiboEngage  Subscribers/span_Dashboard' is clicked on

2019-04-23 18:30:54 - [MESSAGE][PASSED] - Object: 'Object Repository/Page_KiboEngage  Subscribers/span_Dashboard' is clicked on

2019-04-23 18:30:54 - [TEST_STEP][PASSED] - delay(1): Delayed 1 second(s)

2019-04-23 18:30:55 - [MESSAGE][PASSED] - Delayed 1 second(s)

2019-04-23 18:30:55 - [TEST_STEP][PASSED] - click(findTestObject("Page_KiboEngage  Dashboard/span_Broadcasts")): Object: 'Object Repository/Page_KiboEngage  Dashboard/span_Broadcasts' is clicked on

2019-04-23 18:30:56 - [MESSAGE][PASSED] - Object: 'Object Repository/Page_KiboEngage  Dashboard/span_Broadcasts' is clicked on

2019-04-23 18:30:56 - [TEST_STEP][PASSED] - delay(10): Delayed 10 second(s)

2019-04-23 18:31:06 - [MESSAGE][PASSED] - Delayed 10 second(s)

2019-04-23 18:31:06 - [MESSAGE][PASSED] - Call Test Case 'Test Cases/Whatsapp/broadcast/open broadcasts' successfully

2019-04-23 18:31:06 - [TEST_STEP][PASSED] - click(findTestObject("Object Repository/Page_KiboEngage  Broadcasts/span_Create New (2)")): Object: 'Object Repository/Page_KiboEngage  Broadcasts/span_Create New (2)' is clicked on

2019-04-23 18:31:06 - [MESSAGE][PASSED] - Object: 'Object Repository/Page_KiboEngage  Broadcasts/span_Create New (2)' is clicked on

2019-04-23 18:31:06 - [TEST_STEP][PASSED] - scrollToPosition(0, 0): Browser is scrolled to position x = 0, y = 0

2019-04-23 18:31:06 - [MESSAGE][PASSED] - Browser is scrolled to position x = 0, y = 0

2019-04-23 18:31:06 - [TEST_STEP][PASSED] - click(findTestObject("Object Repository/Page_KiboEngage  Broadcasts/h3_Create Broadcast")): Object: 'Object Repository/Page_KiboEngage  Broadcasts/h3_Create Broadcast' is clicked on

2019-04-23 18:31:06 - [MESSAGE][PASSED] - Object: 'Object Repository/Page_KiboEngage  Broadcasts/h3_Create Broadcast' is clicked on

2019-04-23 18:31:06 - [MESSAGE][PASSED] - Call Test Case 'Test Cases/Whatsapp/broadcast/TC11231' successfully

2019-04-23 18:31:06 - [TEST_STEP][PASSED] - click(findTestObject("Page_KiboEngage  Broadcasts/span_Send (8)")): Object: 'Object Repository/Page_KiboEngage  Broadcasts/span_Send (8)' is clicked on

2019-04-23 18:31:06 - [MESSAGE][PASSED] - Object: 'Object Repository/Page_KiboEngage  Broadcasts/span_Send (8)' is clicked on

2019-04-23 18:31:06 - [TEST_STEP][PASSED] - click(findTestObject("Page_KiboEngage  Broadcasts/div_Please enter the title of the broadcast (3)")): Object: 'Object Repository/Page_KiboEngage  Broadcasts/div_Please enter the title of the broadcast (3)' is clicked on

2019-04-23 18:31:06 - [MESSAGE][PASSED] - Object: 'Object Repository/Page_KiboEngage  Broadcasts/div_Please enter the title of the broadcast (3)' is clicked on]]></system-out>
         <system-err><![CDATA[]]></system-err>
      </testcase>
      <testcase name="Test Cases/Whatsapp/broadcast/TC11234" classname="Test Cases/Whatsapp/broadcast/TC11234" status="PASSED">
         <system-out><![CDATA[2019-04-23 18:31:06 - [TEST_CASE][PASSED] - Test Cases/Whatsapp/broadcast/TC11234: Test Cases/Whatsapp/broadcast/TC11234

2019-04-23 18:31:06 - [TEST_STEP][PASSED] - callTestCase(findTestCase("Whatsapp/broadcast/TC11231"), [:], STOP_ON_FAILURE): Call Test Case 'Test Cases/Whatsapp/broadcast/TC11231' successfully

2019-04-23 18:31:06 - [TEST_CASE][PASSED] - Test Cases/Whatsapp/broadcast/TC11231: Test Cases/Whatsapp/broadcast/TC11231

2019-04-23 18:31:06 - [TEST_STEP][PASSED] - callTestCase(findTestCase("Whatsapp/broadcast/open broadcasts"), [:], STOP_ON_FAILURE): Call Test Case 'Test Cases/Whatsapp/broadcast/open broadcasts' successfully

2019-04-23 18:31:06 - [TEST_CASE][PASSED] - Test Cases/Whatsapp/broadcast/open broadcasts: Test Cases/Whatsapp/broadcast/open broadcasts

2019-04-23 18:31:06 - [TEST_STEP][PASSED] - delay(1): Delayed 1 second(s)

2019-04-23 18:31:07 - [MESSAGE][PASSED] - Delayed 1 second(s)

2019-04-23 18:31:07 - [TEST_STEP][PASSED] - click(findTestObject("Object Repository/Page_KiboEngage  Subscribers/span_Dashboard")): Object: 'Object Repository/Page_KiboEngage  Subscribers/span_Dashboard' is clicked on

2019-04-23 18:31:07 - [MESSAGE][PASSED] - Object: 'Object Repository/Page_KiboEngage  Subscribers/span_Dashboard' is clicked on

2019-04-23 18:31:07 - [TEST_STEP][PASSED] - delay(1): Delayed 1 second(s)

2019-04-23 18:31:08 - [MESSAGE][PASSED] - Delayed 1 second(s)

2019-04-23 18:31:08 - [TEST_STEP][PASSED] - click(findTestObject("Page_KiboEngage  Dashboard/span_Broadcasts")): Object: 'Object Repository/Page_KiboEngage  Dashboard/span_Broadcasts' is clicked on

2019-04-23 18:31:08 - [MESSAGE][PASSED] - Object: 'Object Repository/Page_KiboEngage  Dashboard/span_Broadcasts' is clicked on

2019-04-23 18:31:08 - [TEST_STEP][PASSED] - delay(10): Delayed 10 second(s)

2019-04-23 18:31:18 - [MESSAGE][PASSED] - Delayed 10 second(s)

2019-04-23 18:31:18 - [MESSAGE][PASSED] - Call Test Case 'Test Cases/Whatsapp/broadcast/open broadcasts' successfully

2019-04-23 18:31:18 - [TEST_STEP][PASSED] - click(findTestObject("Object Repository/Page_KiboEngage  Broadcasts/span_Create New (2)")): Object: 'Object Repository/Page_KiboEngage  Broadcasts/span_Create New (2)' is clicked on

2019-04-23 18:31:18 - [MESSAGE][PASSED] - Object: 'Object Repository/Page_KiboEngage  Broadcasts/span_Create New (2)' is clicked on

2019-04-23 18:31:18 - [TEST_STEP][PASSED] - scrollToPosition(0, 0): Browser is scrolled to position x = 0, y = 0

2019-04-23 18:31:18 - [MESSAGE][PASSED] - Browser is scrolled to position x = 0, y = 0

2019-04-23 18:31:18 - [TEST_STEP][PASSED] - click(findTestObject("Object Repository/Page_KiboEngage  Broadcasts/h3_Create Broadcast")): Object: 'Object Repository/Page_KiboEngage  Broadcasts/h3_Create Broadcast' is clicked on

2019-04-23 18:31:19 - [MESSAGE][PASSED] - Object: 'Object Repository/Page_KiboEngage  Broadcasts/h3_Create Broadcast' is clicked on

2019-04-23 18:31:19 - [MESSAGE][PASSED] - Call Test Case 'Test Cases/Whatsapp/broadcast/TC11231' successfully

2019-04-23 18:31:19 - [TEST_STEP][PASSED] - delay(3): Delayed 3 second(s)

2019-04-23 18:31:22 - [MESSAGE][PASSED] - Delayed 3 second(s)

2019-04-23 18:31:22 - [TEST_STEP][PASSED] - setText(findTestObject("Object Repository/Page_KiboEngage  Broadcasts/input_Push Message_form-control m-input (3)"), "title"): Text 'title' is set on object 'Object Repository/Page_KiboEngage  Broadcasts/input_Push Message_form-control m-input (3)'

2019-04-23 18:31:22 - [MESSAGE][PASSED] - Text 'title' is set on object 'Object Repository/Page_KiboEngage  Broadcasts/input_Push Message_form-control m-input (3)'

2019-04-23 18:31:22 - [TEST_STEP][PASSED] - delay(3): Delayed 3 second(s)

2019-04-23 18:31:25 - [MESSAGE][PASSED] - Delayed 3 second(s)

2019-04-23 18:31:25 - [TEST_STEP][PASSED] - driver = getWebDriver(): null

2019-04-23 18:31:25 - [TEST_STEP][PASSED] - message = driver.findElement(By.xpath("//*[@id="postTextArea"]")): null

2019-04-23 18:31:25 - [TEST_STEP][PASSED] - message.clear(): null

2019-04-23 18:31:25 - [TEST_STEP][PASSED] - message.sendKeys(""): null

2019-04-23 18:31:25 - [TEST_STEP][PASSED] - delay(10): Delayed 10 second(s)

2019-04-23 18:31:35 - [MESSAGE][PASSED] - Delayed 10 second(s)

2019-04-23 18:31:35 - [TEST_STEP][PASSED] - scrollToPosition(0, 0): Browser is scrolled to position x = 0, y = 0

2019-04-23 18:31:35 - [MESSAGE][PASSED] - Browser is scrolled to position x = 0, y = 0]]></system-out>
         <system-err><![CDATA[]]></system-err>
      </testcase>
      <testcase name="Test Cases/Whatsapp/broadcast/TC11235" classname="Test Cases/Whatsapp/broadcast/TC11235" status="PASSED">
         <system-out><![CDATA[2019-04-23 18:31:35 - [TEST_CASE][PASSED] - Test Cases/Whatsapp/broadcast/TC11235: Test Cases/Whatsapp/broadcast/TC11235

2019-04-23 18:31:35 - [TEST_STEP][PASSED] - callTestCase(findTestCase("Whatsapp/broadcast/TC11231"), [:], STOP_ON_FAILURE): Call Test Case 'Test Cases/Whatsapp/broadcast/TC11231' successfully

2019-04-23 18:31:35 - [TEST_CASE][PASSED] - Test Cases/Whatsapp/broadcast/TC11231: Test Cases/Whatsapp/broadcast/TC11231

2019-04-23 18:31:35 - [TEST_STEP][PASSED] - callTestCase(findTestCase("Whatsapp/broadcast/open broadcasts"), [:], STOP_ON_FAILURE): Call Test Case 'Test Cases/Whatsapp/broadcast/open broadcasts' successfully

2019-04-23 18:31:35 - [TEST_CASE][PASSED] - Test Cases/Whatsapp/broadcast/open broadcasts: Test Cases/Whatsapp/broadcast/open broadcasts

2019-04-23 18:31:35 - [TEST_STEP][PASSED] - delay(1): Delayed 1 second(s)

2019-04-23 18:31:36 - [MESSAGE][PASSED] - Delayed 1 second(s)

2019-04-23 18:31:36 - [TEST_STEP][PASSED] - click(findTestObject("Object Repository/Page_KiboEngage  Subscribers/span_Dashboard")): Object: 'Object Repository/Page_KiboEngage  Subscribers/span_Dashboard' is clicked on

2019-04-23 18:31:36 - [MESSAGE][PASSED] - Object: 'Object Repository/Page_KiboEngage  Subscribers/span_Dashboard' is clicked on

2019-04-23 18:31:36 - [TEST_STEP][PASSED] - delay(1): Delayed 1 second(s)

2019-04-23 18:31:37 - [MESSAGE][PASSED] - Delayed 1 second(s)

2019-04-23 18:31:37 - [TEST_STEP][PASSED] - click(findTestObject("Page_KiboEngage  Dashboard/span_Broadcasts")): Object: 'Object Repository/Page_KiboEngage  Dashboard/span_Broadcasts' is clicked on

2019-04-23 18:31:37 - [MESSAGE][PASSED] - Object: 'Object Repository/Page_KiboEngage  Dashboard/span_Broadcasts' is clicked on

2019-04-23 18:31:37 - [TEST_STEP][PASSED] - delay(10): Delayed 10 second(s)

2019-04-23 18:31:47 - [MESSAGE][PASSED] - Delayed 10 second(s)

2019-04-23 18:31:47 - [MESSAGE][PASSED] - Call Test Case 'Test Cases/Whatsapp/broadcast/open broadcasts' successfully

2019-04-23 18:31:47 - [TEST_STEP][PASSED] - click(findTestObject("Object Repository/Page_KiboEngage  Broadcasts/span_Create New (2)")): Object: 'Object Repository/Page_KiboEngage  Broadcasts/span_Create New (2)' is clicked on

2019-04-23 18:31:48 - [MESSAGE][PASSED] - Object: 'Object Repository/Page_KiboEngage  Broadcasts/span_Create New (2)' is clicked on

2019-04-23 18:31:48 - [TEST_STEP][PASSED] - scrollToPosition(0, 0): Browser is scrolled to position x = 0, y = 0

2019-04-23 18:31:48 - [MESSAGE][PASSED] - Browser is scrolled to position x = 0, y = 0

2019-04-23 18:31:48 - [TEST_STEP][PASSED] - click(findTestObject("Object Repository/Page_KiboEngage  Broadcasts/h3_Create Broadcast")): Object: 'Object Repository/Page_KiboEngage  Broadcasts/h3_Create Broadcast' is clicked on

2019-04-23 18:31:48 - [MESSAGE][PASSED] - Object: 'Object Repository/Page_KiboEngage  Broadcasts/h3_Create Broadcast' is clicked on

2019-04-23 18:31:48 - [MESSAGE][PASSED] - Call Test Case 'Test Cases/Whatsapp/broadcast/TC11231' successfully

2019-04-23 18:31:48 - [TEST_STEP][PASSED] - delay(3): Delayed 3 second(s)

2019-04-23 18:31:51 - [MESSAGE][PASSED] - Delayed 3 second(s)

2019-04-23 18:31:51 - [TEST_STEP][PASSED] - setText(findTestObject("Page_KiboEngage  Broadcasts/input_Push Message_form-control m-input (3) (1)"), "title"): Text 'title' is set on object 'Object Repository/Page_KiboEngage  Broadcasts/input_Push Message_form-control m-input (3) (1)'

2019-04-23 18:31:51 - [MESSAGE][PASSED] - Text 'title' is set on object 'Object Repository/Page_KiboEngage  Broadcasts/input_Push Message_form-control m-input (3) (1)'

2019-04-23 18:31:51 - [TEST_STEP][PASSED] - scrollToPosition(0, 0): Browser is scrolled to position x = 0, y = 0

2019-04-23 18:31:51 - [MESSAGE][PASSED] - Browser is scrolled to position x = 0, y = 0

2019-04-23 18:31:51 - [TEST_STEP][PASSED] - click(findTestObject("Page_KiboEngage  Broadcasts/span_Send (9) (1)")): Object: 'Object Repository/Page_KiboEngage  Broadcasts/span_Send (9) (1)' is clicked on

2019-04-23 18:31:51 - [MESSAGE][PASSED] - Object: 'Object Repository/Page_KiboEngage  Broadcasts/span_Send (9) (1)' is clicked on

2019-04-23 18:31:51 - [TEST_STEP][PASSED] - delay(2): Delayed 2 second(s)

2019-04-23 18:31:53 - [MESSAGE][PASSED] - Delayed 2 second(s)

2019-04-23 18:31:53 - [TEST_STEP][PASSED] - click(findTestObject("Page_KiboEngage  Broadcasts/div_Broadcast sent successfully (3)")): Object: 'Object Repository/Page_KiboEngage  Broadcasts/div_Broadcast sent successfully (3)' is clicked on

2019-04-23 18:31:53 - [MESSAGE][PASSED] - Object: 'Object Repository/Page_KiboEngage  Broadcasts/div_Broadcast sent successfully (3)' is clicked on]]></system-out>
         <system-err><![CDATA[]]></system-err>
      </testcase>
      <testcase name="Test Cases/Whatsapp/broadcast/TC11236" classname="Test Cases/Whatsapp/broadcast/TC11236" status="PASSED">
         <system-out><![CDATA[2019-04-23 18:31:53 - [TEST_CASE][PASSED] - Test Cases/Whatsapp/broadcast/TC11236: Test Cases/Whatsapp/broadcast/TC11236

2019-04-23 18:31:53 - [TEST_STEP][PASSED] - callTestCase(findTestCase("Whatsapp/broadcast/TC11231"), [:], STOP_ON_FAILURE): Call Test Case 'Test Cases/Whatsapp/broadcast/TC11231' successfully

2019-04-23 18:31:53 - [TEST_CASE][PASSED] - Test Cases/Whatsapp/broadcast/TC11231: Test Cases/Whatsapp/broadcast/TC11231

2019-04-23 18:31:53 - [TEST_STEP][PASSED] - callTestCase(findTestCase("Whatsapp/broadcast/open broadcasts"), [:], STOP_ON_FAILURE): Call Test Case 'Test Cases/Whatsapp/broadcast/open broadcasts' successfully

2019-04-23 18:31:53 - [TEST_CASE][PASSED] - Test Cases/Whatsapp/broadcast/open broadcasts: Test Cases/Whatsapp/broadcast/open broadcasts

2019-04-23 18:31:53 - [TEST_STEP][PASSED] - delay(1): Delayed 1 second(s)

2019-04-23 18:31:54 - [MESSAGE][PASSED] - Delayed 1 second(s)

2019-04-23 18:31:54 - [TEST_STEP][PASSED] - click(findTestObject("Object Repository/Page_KiboEngage  Subscribers/span_Dashboard")): Object: 'Object Repository/Page_KiboEngage  Subscribers/span_Dashboard' is clicked on

2019-04-23 18:31:54 - [MESSAGE][PASSED] - Object: 'Object Repository/Page_KiboEngage  Subscribers/span_Dashboard' is clicked on

2019-04-23 18:31:54 - [TEST_STEP][PASSED] - delay(1): Delayed 1 second(s)

2019-04-23 18:31:55 - [MESSAGE][PASSED] - Delayed 1 second(s)

2019-04-23 18:31:55 - [TEST_STEP][PASSED] - click(findTestObject("Page_KiboEngage  Dashboard/span_Broadcasts")): Object: 'Object Repository/Page_KiboEngage  Dashboard/span_Broadcasts' is clicked on

2019-04-23 18:31:55 - [MESSAGE][PASSED] - Object: 'Object Repository/Page_KiboEngage  Dashboard/span_Broadcasts' is clicked on

2019-04-23 18:31:55 - [TEST_STEP][PASSED] - delay(10): Delayed 10 second(s)

2019-04-23 18:32:05 - [MESSAGE][PASSED] - Delayed 10 second(s)

2019-04-23 18:32:05 - [MESSAGE][PASSED] - Call Test Case 'Test Cases/Whatsapp/broadcast/open broadcasts' successfully

2019-04-23 18:32:05 - [TEST_STEP][PASSED] - click(findTestObject("Object Repository/Page_KiboEngage  Broadcasts/span_Create New (2)")): Object: 'Object Repository/Page_KiboEngage  Broadcasts/span_Create New (2)' is clicked on

2019-04-23 18:32:06 - [MESSAGE][PASSED] - Object: 'Object Repository/Page_KiboEngage  Broadcasts/span_Create New (2)' is clicked on

2019-04-23 18:32:06 - [TEST_STEP][PASSED] - scrollToPosition(0, 0): Browser is scrolled to position x = 0, y = 0

2019-04-23 18:32:06 - [MESSAGE][PASSED] - Browser is scrolled to position x = 0, y = 0

2019-04-23 18:32:06 - [TEST_STEP][PASSED] - click(findTestObject("Object Repository/Page_KiboEngage  Broadcasts/h3_Create Broadcast")): Object: 'Object Repository/Page_KiboEngage  Broadcasts/h3_Create Broadcast' is clicked on

2019-04-23 18:32:06 - [MESSAGE][PASSED] - Object: 'Object Repository/Page_KiboEngage  Broadcasts/h3_Create Broadcast' is clicked on

2019-04-23 18:32:06 - [MESSAGE][PASSED] - Call Test Case 'Test Cases/Whatsapp/broadcast/TC11231' successfully

2019-04-23 18:32:06 - [TEST_STEP][PASSED] - delay(3): Delayed 3 second(s)

2019-04-23 18:32:09 - [MESSAGE][PASSED] - Delayed 3 second(s)

2019-04-23 18:32:09 - [TEST_STEP][PASSED] - setText(findTestObject("Page_KiboEngage  Broadcasts/input_Push Message_form-control m-input (3) (1)"), "title"): Text 'title' is set on object 'Object Repository/Page_KiboEngage  Broadcasts/input_Push Message_form-control m-input (3) (1)'

2019-04-23 18:32:09 - [MESSAGE][PASSED] - Text 'title' is set on object 'Object Repository/Page_KiboEngage  Broadcasts/input_Push Message_form-control m-input (3) (1)'

2019-04-23 18:32:09 - [TEST_STEP][PASSED] - scrollToPosition(0, 0): Browser is scrolled to position x = 0, y = 0

2019-04-23 18:32:09 - [MESSAGE][PASSED] - Browser is scrolled to position x = 0, y = 0

2019-04-23 18:32:09 - [TEST_STEP][PASSED] - click(findTestObject("Page_KiboEngage  Broadcasts/span_Send (9) (1)")): Object: 'Object Repository/Page_KiboEngage  Broadcasts/span_Send (9) (1)' is clicked on

2019-04-23 18:32:09 - [MESSAGE][PASSED] - Object: 'Object Repository/Page_KiboEngage  Broadcasts/span_Send (9) (1)' is clicked on

2019-04-23 18:32:09 - [TEST_STEP][PASSED] - delay(2): Delayed 2 second(s)

2019-04-23 18:32:11 - [MESSAGE][PASSED] - Delayed 2 second(s)

2019-04-23 18:32:11 - [TEST_STEP][PASSED] - click(findTestObject("Page_KiboEngage  Broadcasts/div_Broadcast sent successfully (3)")): Object: 'Object Repository/Page_KiboEngage  Broadcasts/div_Broadcast sent successfully (3)' is clicked on

2019-04-23 18:32:11 - [MESSAGE][PASSED] - Object: 'Object Repository/Page_KiboEngage  Broadcasts/div_Broadcast sent successfully (3)' is clicked on]]></system-out>
         <system-err><![CDATA[]]></system-err>
      </testcase>
      <testcase name="Test Cases/Whatsapp/broadcast/TC11237" classname="Test Cases/Whatsapp/broadcast/TC11237" status="PASSED">
         <system-out><![CDATA[2019-04-23 18:32:11 - [TEST_CASE][PASSED] - Test Cases/Whatsapp/broadcast/TC11237: Test Cases/Whatsapp/broadcast/TC11237

2019-04-23 18:32:11 - [TEST_STEP][PASSED] - callTestCase(findTestCase("Whatsapp/broadcast/TC11231"), [:], STOP_ON_FAILURE): Call Test Case 'Test Cases/Whatsapp/broadcast/TC11231' successfully

2019-04-23 18:32:11 - [TEST_CASE][PASSED] - Test Cases/Whatsapp/broadcast/TC11231: Test Cases/Whatsapp/broadcast/TC11231

2019-04-23 18:32:11 - [TEST_STEP][PASSED] - callTestCase(findTestCase("Whatsapp/broadcast/open broadcasts"), [:], STOP_ON_FAILURE): Call Test Case 'Test Cases/Whatsapp/broadcast/open broadcasts' successfully

2019-04-23 18:32:11 - [TEST_CASE][PASSED] - Test Cases/Whatsapp/broadcast/open broadcasts: Test Cases/Whatsapp/broadcast/open broadcasts

2019-04-23 18:32:11 - [TEST_STEP][PASSED] - delay(1): Delayed 1 second(s)

2019-04-23 18:32:12 - [MESSAGE][PASSED] - Delayed 1 second(s)

2019-04-23 18:32:12 - [TEST_STEP][PASSED] - click(findTestObject("Object Repository/Page_KiboEngage  Subscribers/span_Dashboard")): Object: 'Object Repository/Page_KiboEngage  Subscribers/span_Dashboard' is clicked on

2019-04-23 18:32:12 - [MESSAGE][PASSED] - Object: 'Object Repository/Page_KiboEngage  Subscribers/span_Dashboard' is clicked on

2019-04-23 18:32:12 - [TEST_STEP][PASSED] - delay(1): Delayed 1 second(s)

2019-04-23 18:32:13 - [MESSAGE][PASSED] - Delayed 1 second(s)

2019-04-23 18:32:13 - [TEST_STEP][PASSED] - click(findTestObject("Page_KiboEngage  Dashboard/span_Broadcasts")): Object: 'Object Repository/Page_KiboEngage  Dashboard/span_Broadcasts' is clicked on

2019-04-23 18:32:13 - [MESSAGE][PASSED] - Object: 'Object Repository/Page_KiboEngage  Dashboard/span_Broadcasts' is clicked on

2019-04-23 18:32:13 - [TEST_STEP][PASSED] - delay(10): Delayed 10 second(s)

2019-04-23 18:32:23 - [MESSAGE][PASSED] - Delayed 10 second(s)

2019-04-23 18:32:23 - [MESSAGE][PASSED] - Call Test Case 'Test Cases/Whatsapp/broadcast/open broadcasts' successfully

2019-04-23 18:32:23 - [TEST_STEP][PASSED] - click(findTestObject("Object Repository/Page_KiboEngage  Broadcasts/span_Create New (2)")): Object: 'Object Repository/Page_KiboEngage  Broadcasts/span_Create New (2)' is clicked on

2019-04-23 18:32:23 - [MESSAGE][PASSED] - Object: 'Object Repository/Page_KiboEngage  Broadcasts/span_Create New (2)' is clicked on

2019-04-23 18:32:23 - [TEST_STEP][PASSED] - scrollToPosition(0, 0): Browser is scrolled to position x = 0, y = 0

2019-04-23 18:32:23 - [MESSAGE][PASSED] - Browser is scrolled to position x = 0, y = 0

2019-04-23 18:32:23 - [TEST_STEP][PASSED] - click(findTestObject("Object Repository/Page_KiboEngage  Broadcasts/h3_Create Broadcast")): Object: 'Object Repository/Page_KiboEngage  Broadcasts/h3_Create Broadcast' is clicked on

2019-04-23 18:32:24 - [MESSAGE][PASSED] - Object: 'Object Repository/Page_KiboEngage  Broadcasts/h3_Create Broadcast' is clicked on

2019-04-23 18:32:24 - [MESSAGE][PASSED] - Call Test Case 'Test Cases/Whatsapp/broadcast/TC11231' successfully

2019-04-23 18:32:24 - [TEST_STEP][PASSED] - delay(3): Delayed 3 second(s)

2019-04-23 18:32:27 - [MESSAGE][PASSED] - Delayed 3 second(s)

2019-04-23 18:32:27 - [TEST_STEP][PASSED] - setText(findTestObject("Page_KiboEngage  Broadcasts/input_Push Message_form-control m-input (3) (1) (1)"), "title"): Text 'title' is set on object 'Object Repository/Page_KiboEngage  Broadcasts/input_Push Message_form-control m-input (3) (1) (1)'

2019-04-23 18:32:27 - [MESSAGE][PASSED] - Text 'title' is set on object 'Object Repository/Page_KiboEngage  Broadcasts/input_Push Message_form-control m-input (3) (1) (1)'

2019-04-23 18:32:27 - [TEST_STEP][PASSED] - scrollToPosition(0, 0): Browser is scrolled to position x = 0, y = 0

2019-04-23 18:32:27 - [MESSAGE][PASSED] - Browser is scrolled to position x = 0, y = 0

2019-04-23 18:32:27 - [TEST_STEP][PASSED] - setText(findTestObject("Page_KiboEngage  Broadcasts/input_Push Message_form-control m-input (4)"), "title"): Text 'title' is set on object 'Object Repository/Page_KiboEngage  Broadcasts/input_Push Message_form-control m-input (4)'

2019-04-23 18:32:27 - [MESSAGE][PASSED] - Text 'title' is set on object 'Object Repository/Page_KiboEngage  Broadcasts/input_Push Message_form-control m-input (4)'

2019-04-23 18:32:27 - [TEST_STEP][PASSED] - click(findTestObject("Page_KiboEngage  Broadcasts/span_Order Notifications")): Object: 'Object Repository/Page_KiboEngage  Broadcasts/span_Order Notifications' is clicked on

2019-04-23 18:32:27 - [MESSAGE][PASSED] - Object: 'Object Repository/Page_KiboEngage  Broadcasts/span_Order Notifications' is clicked on

2019-04-23 18:32:27 - [TEST_STEP][PASSED] - click(findTestObject("Page_KiboEngage  Broadcasts/span_Send (10)")): Object: 'Object Repository/Page_KiboEngage  Broadcasts/span_Send (10)' is clicked on

2019-04-23 18:32:27 - [MESSAGE][PASSED] - Object: 'Object Repository/Page_KiboEngage  Broadcasts/span_Send (10)' is clicked on

2019-04-23 18:32:27 - [TEST_STEP][PASSED] - click(findTestObject("Page_KiboEngage  Broadcasts/div_Broadcast sent successfully (4)")): Object: 'Object Repository/Page_KiboEngage  Broadcasts/div_Broadcast sent successfully (4)' is clicked on

2019-04-23 18:32:28 - [MESSAGE][PASSED] - Object: 'Object Repository/Page_KiboEngage  Broadcasts/div_Broadcast sent successfully (4)' is clicked on]]></system-out>
         <system-err><![CDATA[]]></system-err>
      </testcase>
      <testcase name="Test Cases/Whatsapp/broadcast/TC11238" classname="Test Cases/Whatsapp/broadcast/TC11238" status="PASSED">
         <system-out><![CDATA[2019-04-23 18:32:28 - [TEST_CASE][PASSED] - Test Cases/Whatsapp/broadcast/TC11238: Test Cases/Whatsapp/broadcast/TC11238

2019-04-23 18:32:28 - [TEST_STEP][PASSED] - callTestCase(findTestCase("Whatsapp/broadcast/TC11231"), [:], STOP_ON_FAILURE): Call Test Case 'Test Cases/Whatsapp/broadcast/TC11231' successfully

2019-04-23 18:32:28 - [TEST_CASE][PASSED] - Test Cases/Whatsapp/broadcast/TC11231: Test Cases/Whatsapp/broadcast/TC11231

2019-04-23 18:32:28 - [TEST_STEP][PASSED] - callTestCase(findTestCase("Whatsapp/broadcast/open broadcasts"), [:], STOP_ON_FAILURE): Call Test Case 'Test Cases/Whatsapp/broadcast/open broadcasts' successfully

2019-04-23 18:32:28 - [TEST_CASE][PASSED] - Test Cases/Whatsapp/broadcast/open broadcasts: Test Cases/Whatsapp/broadcast/open broadcasts

2019-04-23 18:32:28 - [TEST_STEP][PASSED] - delay(1): Delayed 1 second(s)

2019-04-23 18:32:29 - [MESSAGE][PASSED] - Delayed 1 second(s)

2019-04-23 18:32:29 - [TEST_STEP][PASSED] - click(findTestObject("Object Repository/Page_KiboEngage  Subscribers/span_Dashboard")): Object: 'Object Repository/Page_KiboEngage  Subscribers/span_Dashboard' is clicked on

2019-04-23 18:32:29 - [MESSAGE][PASSED] - Object: 'Object Repository/Page_KiboEngage  Subscribers/span_Dashboard' is clicked on

2019-04-23 18:32:29 - [TEST_STEP][PASSED] - delay(1): Delayed 1 second(s)

2019-04-23 18:32:30 - [MESSAGE][PASSED] - Delayed 1 second(s)

2019-04-23 18:32:30 - [TEST_STEP][PASSED] - click(findTestObject("Page_KiboEngage  Dashboard/span_Broadcasts")): Object: 'Object Repository/Page_KiboEngage  Dashboard/span_Broadcasts' is clicked on

2019-04-23 18:32:30 - [MESSAGE][PASSED] - Object: 'Object Repository/Page_KiboEngage  Dashboard/span_Broadcasts' is clicked on

2019-04-23 18:32:31 - [TEST_STEP][PASSED] - delay(10): Delayed 10 second(s)

2019-04-23 18:32:41 - [MESSAGE][PASSED] - Delayed 10 second(s)

2019-04-23 18:32:41 - [MESSAGE][PASSED] - Call Test Case 'Test Cases/Whatsapp/broadcast/open broadcasts' successfully

2019-04-23 18:32:41 - [TEST_STEP][PASSED] - click(findTestObject("Object Repository/Page_KiboEngage  Broadcasts/span_Create New (2)")): Object: 'Object Repository/Page_KiboEngage  Broadcasts/span_Create New (2)' is clicked on

2019-04-23 18:32:41 - [MESSAGE][PASSED] - Object: 'Object Repository/Page_KiboEngage  Broadcasts/span_Create New (2)' is clicked on

2019-04-23 18:32:41 - [TEST_STEP][PASSED] - scrollToPosition(0, 0): Browser is scrolled to position x = 0, y = 0

2019-04-23 18:32:41 - [MESSAGE][PASSED] - Browser is scrolled to position x = 0, y = 0

2019-04-23 18:32:41 - [TEST_STEP][PASSED] - click(findTestObject("Object Repository/Page_KiboEngage  Broadcasts/h3_Create Broadcast")): Object: 'Object Repository/Page_KiboEngage  Broadcasts/h3_Create Broadcast' is clicked on

2019-04-23 18:32:41 - [MESSAGE][PASSED] - Object: 'Object Repository/Page_KiboEngage  Broadcasts/h3_Create Broadcast' is clicked on

2019-04-23 18:32:41 - [MESSAGE][PASSED] - Call Test Case 'Test Cases/Whatsapp/broadcast/TC11231' successfully

2019-04-23 18:32:41 - [TEST_STEP][PASSED] - delay(3): Delayed 3 second(s)

2019-04-23 18:32:44 - [MESSAGE][PASSED] - Delayed 3 second(s)

2019-04-23 18:32:44 - [TEST_STEP][PASSED] - setText(findTestObject("Page_KiboEngage  Broadcasts/input_Push Message_form-control m-input (3) (1) (2)"), "title"): Text 'title' is set on object 'Object Repository/Page_KiboEngage  Broadcasts/input_Push Message_form-control m-input (3) (1) (2)'

2019-04-23 18:32:44 - [MESSAGE][PASSED] - Text 'title' is set on object 'Object Repository/Page_KiboEngage  Broadcasts/input_Push Message_form-control m-input (3) (1) (2)'

2019-04-23 18:32:44 - [TEST_STEP][PASSED] - scrollToPosition(0, 0): Browser is scrolled to position x = 0, y = 0

2019-04-23 18:32:44 - [MESSAGE][PASSED] - Browser is scrolled to position x = 0, y = 0

2019-04-23 18:32:44 - [TEST_STEP][PASSED] - setText(findTestObject("Page_KiboEngage  Broadcasts/input_Push Message_form-control m-input (5)"), "title"): Text 'title' is set on object 'Object Repository/Page_KiboEngage  Broadcasts/input_Push Message_form-control m-input (5)'

2019-04-23 18:32:44 - [MESSAGE][PASSED] - Text 'title' is set on object 'Object Repository/Page_KiboEngage  Broadcasts/input_Push Message_form-control m-input (5)'

2019-04-23 18:32:44 - [TEST_STEP][PASSED] - click(findTestObject("Page_KiboEngage  Broadcasts/span_Verification Codes")): Object: 'Object Repository/Page_KiboEngage  Broadcasts/span_Verification Codes' is clicked on

2019-04-23 18:32:44 - [MESSAGE][PASSED] - Object: 'Object Repository/Page_KiboEngage  Broadcasts/span_Verification Codes' is clicked on

2019-04-23 18:32:44 - [TEST_STEP][PASSED] - click(findTestObject("Page_KiboEngage  Broadcasts/span_Send (11)")): Object: 'Object Repository/Page_KiboEngage  Broadcasts/span_Send (11)' is clicked on

2019-04-23 18:32:44 - [MESSAGE][PASSED] - Object: 'Object Repository/Page_KiboEngage  Broadcasts/span_Send (11)' is clicked on

2019-04-23 18:32:44 - [TEST_STEP][PASSED] - click(findTestObject("Page_KiboEngage  Broadcasts/div_Broadcast sent successfully (5)")): Object: 'Object Repository/Page_KiboEngage  Broadcasts/div_Broadcast sent successfully (5)' is clicked on

2019-04-23 18:32:45 - [MESSAGE][PASSED] - Object: 'Object Repository/Page_KiboEngage  Broadcasts/div_Broadcast sent successfully (5)' is clicked on]]></system-out>
         <system-err><![CDATA[]]></system-err>
      </testcase>
      <testcase name="Test Cases/Whatsapp/broadcast/TC11239" classname="Test Cases/Whatsapp/broadcast/TC11239" status="PASSED">
         <system-out><![CDATA[2019-04-23 18:32:45 - [TEST_CASE][PASSED] - Test Cases/Whatsapp/broadcast/TC11239: Test Cases/Whatsapp/broadcast/TC11239

2019-04-23 18:32:45 - [TEST_STEP][PASSED] - callTestCase(findTestCase("Whatsapp/broadcast/TC11231"), [:], STOP_ON_FAILURE): Call Test Case 'Test Cases/Whatsapp/broadcast/TC11231' successfully

2019-04-23 18:32:45 - [TEST_CASE][PASSED] - Test Cases/Whatsapp/broadcast/TC11231: Test Cases/Whatsapp/broadcast/TC11231

2019-04-23 18:32:45 - [TEST_STEP][PASSED] - callTestCase(findTestCase("Whatsapp/broadcast/open broadcasts"), [:], STOP_ON_FAILURE): Call Test Case 'Test Cases/Whatsapp/broadcast/open broadcasts' successfully

2019-04-23 18:32:45 - [TEST_CASE][PASSED] - Test Cases/Whatsapp/broadcast/open broadcasts: Test Cases/Whatsapp/broadcast/open broadcasts

2019-04-23 18:32:45 - [TEST_STEP][PASSED] - delay(1): Delayed 1 second(s)

2019-04-23 18:32:46 - [MESSAGE][PASSED] - Delayed 1 second(s)

2019-04-23 18:32:46 - [TEST_STEP][PASSED] - click(findTestObject("Object Repository/Page_KiboEngage  Subscribers/span_Dashboard")): Object: 'Object Repository/Page_KiboEngage  Subscribers/span_Dashboard' is clicked on

2019-04-23 18:32:46 - [MESSAGE][PASSED] - Object: 'Object Repository/Page_KiboEngage  Subscribers/span_Dashboard' is clicked on

2019-04-23 18:32:46 - [TEST_STEP][PASSED] - delay(1): Delayed 1 second(s)

2019-04-23 18:32:47 - [MESSAGE][PASSED] - Delayed 1 second(s)

2019-04-23 18:32:47 - [TEST_STEP][PASSED] - click(findTestObject("Page_KiboEngage  Dashboard/span_Broadcasts")): Object: 'Object Repository/Page_KiboEngage  Dashboard/span_Broadcasts' is clicked on

2019-04-23 18:32:48 - [MESSAGE][PASSED] - Object: 'Object Repository/Page_KiboEngage  Dashboard/span_Broadcasts' is clicked on

2019-04-23 18:32:48 - [TEST_STEP][PASSED] - delay(10): Delayed 10 second(s)

2019-04-23 18:32:58 - [MESSAGE][PASSED] - Delayed 10 second(s)

2019-04-23 18:32:58 - [MESSAGE][PASSED] - Call Test Case 'Test Cases/Whatsapp/broadcast/open broadcasts' successfully

2019-04-23 18:32:58 - [TEST_STEP][PASSED] - click(findTestObject("Object Repository/Page_KiboEngage  Broadcasts/span_Create New (2)")): Object: 'Object Repository/Page_KiboEngage  Broadcasts/span_Create New (2)' is clicked on

2019-04-23 18:32:58 - [MESSAGE][PASSED] - Object: 'Object Repository/Page_KiboEngage  Broadcasts/span_Create New (2)' is clicked on

2019-04-23 18:32:58 - [TEST_STEP][PASSED] - scrollToPosition(0, 0): Browser is scrolled to position x = 0, y = 0

2019-04-23 18:32:58 - [MESSAGE][PASSED] - Browser is scrolled to position x = 0, y = 0

2019-04-23 18:32:58 - [TEST_STEP][PASSED] - click(findTestObject("Object Repository/Page_KiboEngage  Broadcasts/h3_Create Broadcast")): Object: 'Object Repository/Page_KiboEngage  Broadcasts/h3_Create Broadcast' is clicked on

2019-04-23 18:32:58 - [MESSAGE][PASSED] - Object: 'Object Repository/Page_KiboEngage  Broadcasts/h3_Create Broadcast' is clicked on

2019-04-23 18:32:58 - [MESSAGE][PASSED] - Call Test Case 'Test Cases/Whatsapp/broadcast/TC11231' successfully

2019-04-23 18:32:58 - [TEST_STEP][PASSED] - delay(3): Delayed 3 second(s)

2019-04-23 18:33:01 - [MESSAGE][PASSED] - Delayed 3 second(s)

2019-04-23 18:33:01 - [TEST_STEP][PASSED] - setText(findTestObject("Page_KiboEngage  Broadcasts/input_Push Message_form-control m-input (3) (1) (2) (1)"), "title"): Text 'title' is set on object 'Object Repository/Page_KiboEngage  Broadcasts/input_Push Message_form-control m-input (3) (1) (2) (1)'

2019-04-23 18:33:01 - [MESSAGE][PASSED] - Text 'title' is set on object 'Object Repository/Page_KiboEngage  Broadcasts/input_Push Message_form-control m-input (3) (1) (2) (1)'

2019-04-23 18:33:01 - [TEST_STEP][PASSED] - scrollToPosition(0, 0): Browser is scrolled to position x = 0, y = 0

2019-04-23 18:33:01 - [MESSAGE][PASSED] - Browser is scrolled to position x = 0, y = 0

2019-04-23 18:33:01 - [TEST_STEP][PASSED] - selectOptionByValue(findTestObject("Page_KiboEngage  Broadcasts/select_Select Criteriaiscontainsbegins with (4)"), "is", true): All options with value 'is' are selected in object 'Object Repository/Page_KiboEngage  Broadcasts/select_Select Criteriaiscontainsbegins with (4)'  using regular expression

2019-04-23 18:33:01 - [MESSAGE][PASSED] - All options with value 'is' are selected in object 'Object Repository/Page_KiboEngage  Broadcasts/select_Select Criteriaiscontainsbegins with (4)'  using regular expression

2019-04-23 18:33:01 - [TEST_STEP][PASSED] - setText(findTestObject("Page_KiboEngage  Broadcasts/input_Value_text (4)"), "faizan"): Text 'faizan' is set on object 'Object Repository/Page_KiboEngage  Broadcasts/input_Value_text (4)'

2019-04-23 18:33:01 - [MESSAGE][PASSED] - Text 'faizan' is set on object 'Object Repository/Page_KiboEngage  Broadcasts/input_Value_text (4)'

2019-04-23 18:33:01 - [TEST_STEP][PASSED] - click(findTestObject("Page_KiboEngage  Broadcasts/span_Send (12)")): Object: 'Object Repository/Page_KiboEngage  Broadcasts/span_Send (12)' is clicked on

2019-04-23 18:33:01 - [MESSAGE][PASSED] - Object: 'Object Repository/Page_KiboEngage  Broadcasts/span_Send (12)' is clicked on

2019-04-23 18:33:01 - [TEST_STEP][PASSED] - click(findTestObject("Page_KiboEngage  Broadcasts/span_Please choose a valid condition (2)")): Object: 'Object Repository/Page_KiboEngage  Broadcasts/span_Please choose a valid condition (2)' is clicked on

2019-04-23 18:33:01 - [MESSAGE][PASSED] - Object: 'Object Repository/Page_KiboEngage  Broadcasts/span_Please choose a valid condition (2)' is clicked on]]></system-out>
         <system-err><![CDATA[]]></system-err>
      </testcase>
      <testcase name="Test Cases/Whatsapp/broadcast/TC11240" classname="Test Cases/Whatsapp/broadcast/TC11240" status="PASSED">
         <system-out><![CDATA[2019-04-23 18:33:01 - [TEST_CASE][PASSED] - Test Cases/Whatsapp/broadcast/TC11240: Test Cases/Whatsapp/broadcast/TC11240

2019-04-23 18:33:01 - [TEST_STEP][PASSED] - callTestCase(findTestCase("Whatsapp/broadcast/TC11231"), [:], STOP_ON_FAILURE): Call Test Case 'Test Cases/Whatsapp/broadcast/TC11231' successfully

2019-04-23 18:33:01 - [TEST_CASE][PASSED] - Test Cases/Whatsapp/broadcast/TC11231: Test Cases/Whatsapp/broadcast/TC11231

2019-04-23 18:33:01 - [TEST_STEP][PASSED] - callTestCase(findTestCase("Whatsapp/broadcast/open broadcasts"), [:], STOP_ON_FAILURE): Call Test Case 'Test Cases/Whatsapp/broadcast/open broadcasts' successfully

2019-04-23 18:33:02 - [TEST_CASE][PASSED] - Test Cases/Whatsapp/broadcast/open broadcasts: Test Cases/Whatsapp/broadcast/open broadcasts

2019-04-23 18:33:02 - [TEST_STEP][PASSED] - delay(1): Delayed 1 second(s)

2019-04-23 18:33:03 - [MESSAGE][PASSED] - Delayed 1 second(s)

2019-04-23 18:33:03 - [TEST_STEP][PASSED] - click(findTestObject("Object Repository/Page_KiboEngage  Subscribers/span_Dashboard")): Object: 'Object Repository/Page_KiboEngage  Subscribers/span_Dashboard' is clicked on

2019-04-23 18:33:03 - [MESSAGE][PASSED] - Object: 'Object Repository/Page_KiboEngage  Subscribers/span_Dashboard' is clicked on

2019-04-23 18:33:03 - [TEST_STEP][PASSED] - delay(1): Delayed 1 second(s)

2019-04-23 18:33:04 - [MESSAGE][PASSED] - Delayed 1 second(s)

2019-04-23 18:33:04 - [TEST_STEP][PASSED] - click(findTestObject("Page_KiboEngage  Dashboard/span_Broadcasts")): Object: 'Object Repository/Page_KiboEngage  Dashboard/span_Broadcasts' is clicked on

2019-04-23 18:33:04 - [MESSAGE][PASSED] - Object: 'Object Repository/Page_KiboEngage  Dashboard/span_Broadcasts' is clicked on

2019-04-23 18:33:04 - [TEST_STEP][PASSED] - delay(10): Delayed 10 second(s)

2019-04-23 18:33:14 - [MESSAGE][PASSED] - Delayed 10 second(s)

2019-04-23 18:33:14 - [MESSAGE][PASSED] - Call Test Case 'Test Cases/Whatsapp/broadcast/open broadcasts' successfully

2019-04-23 18:33:14 - [TEST_STEP][PASSED] - click(findTestObject("Object Repository/Page_KiboEngage  Broadcasts/span_Create New (2)")): Object: 'Object Repository/Page_KiboEngage  Broadcasts/span_Create New (2)' is clicked on

2019-04-23 18:33:14 - [MESSAGE][PASSED] - Object: 'Object Repository/Page_KiboEngage  Broadcasts/span_Create New (2)' is clicked on

2019-04-23 18:33:14 - [TEST_STEP][PASSED] - scrollToPosition(0, 0): Browser is scrolled to position x = 0, y = 0

2019-04-23 18:33:14 - [MESSAGE][PASSED] - Browser is scrolled to position x = 0, y = 0

2019-04-23 18:33:14 - [TEST_STEP][PASSED] - click(findTestObject("Object Repository/Page_KiboEngage  Broadcasts/h3_Create Broadcast")): Object: 'Object Repository/Page_KiboEngage  Broadcasts/h3_Create Broadcast' is clicked on

2019-04-23 18:33:14 - [MESSAGE][PASSED] - Object: 'Object Repository/Page_KiboEngage  Broadcasts/h3_Create Broadcast' is clicked on

2019-04-23 18:33:14 - [MESSAGE][PASSED] - Call Test Case 'Test Cases/Whatsapp/broadcast/TC11231' successfully

2019-04-23 18:33:14 - [TEST_STEP][PASSED] - delay(3): Delayed 3 second(s)

2019-04-23 18:33:17 - [MESSAGE][PASSED] - Delayed 3 second(s)

2019-04-23 18:33:17 - [TEST_STEP][PASSED] - setText(findTestObject("Page_KiboEngage  Broadcasts/input_Push Message_form-control m-input (3) (1) (2) (1) (1)"), "title"): Text 'title' is set on object 'Object Repository/Page_KiboEngage  Broadcasts/input_Push Message_form-control m-input (3) (1) (2) (1) (1)'

2019-04-23 18:33:17 - [MESSAGE][PASSED] - Text 'title' is set on object 'Object Repository/Page_KiboEngage  Broadcasts/input_Push Message_form-control m-input (3) (1) (2) (1) (1)'

2019-04-23 18:33:17 - [TEST_STEP][PASSED] - scrollToPosition(0, 0): Browser is scrolled to position x = 0, y = 0

2019-04-23 18:33:17 - [MESSAGE][PASSED] - Browser is scrolled to position x = 0, y = 0

2019-04-23 18:33:17 - [TEST_STEP][PASSED] - selectOptionByValue(findTestObject("Page_KiboEngage  Broadcasts/select_Select Conditionnamenumber (4)"), "name", true): All options with value 'name' are selected in object 'Object Repository/Page_KiboEngage  Broadcasts/select_Select Conditionnamenumber (4)'  using regular expression

2019-04-23 18:33:17 - [MESSAGE][PASSED] - All options with value 'name' are selected in object 'Object Repository/Page_KiboEngage  Broadcasts/select_Select Conditionnamenumber (4)'  using regular expression

2019-04-23 18:33:17 - [TEST_STEP][PASSED] - setText(findTestObject("Page_KiboEngage  Broadcasts/input_Value_text (5)"), "faizan"): Text 'faizan' is set on object 'Object Repository/Page_KiboEngage  Broadcasts/input_Value_text (5)'

2019-04-23 18:33:17 - [MESSAGE][PASSED] - Text 'faizan' is set on object 'Object Repository/Page_KiboEngage  Broadcasts/input_Value_text (5)'

2019-04-23 18:33:17 - [TEST_STEP][PASSED] - click(findTestObject("Page_KiboEngage  Broadcasts/span_Send (13)")): Object: 'Object Repository/Page_KiboEngage  Broadcasts/span_Send (13)' is clicked on

2019-04-23 18:33:17 - [MESSAGE][PASSED] - Object: 'Object Repository/Page_KiboEngage  Broadcasts/span_Send (13)' is clicked on

2019-04-23 18:33:17 - [TEST_STEP][PASSED] - click(findTestObject("Page_KiboEngage  Broadcasts/span_Please choose a valid criteria (1)")): Object: 'Object Repository/Page_KiboEngage  Broadcasts/span_Please choose a valid criteria (1)' is clicked on

2019-04-23 18:33:17 - [MESSAGE][PASSED] - Object: 'Object Repository/Page_KiboEngage  Broadcasts/span_Please choose a valid criteria (1)' is clicked on]]></system-out>
         <system-err><![CDATA[]]></system-err>
      </testcase>
      <testcase name="Test Cases/Whatsapp/broadcast/TC11241" classname="Test Cases/Whatsapp/broadcast/TC11241" status="PASSED">
         <system-out><![CDATA[2019-04-23 18:33:17 - [TEST_CASE][PASSED] - Test Cases/Whatsapp/broadcast/TC11241: Test Cases/Whatsapp/broadcast/TC11241

2019-04-23 18:33:17 - [TEST_STEP][PASSED] - callTestCase(findTestCase("Whatsapp/broadcast/TC11231"), [:], STOP_ON_FAILURE): Call Test Case 'Test Cases/Whatsapp/broadcast/TC11231' successfully

2019-04-23 18:33:17 - [TEST_CASE][PASSED] - Test Cases/Whatsapp/broadcast/TC11231: Test Cases/Whatsapp/broadcast/TC11231

2019-04-23 18:33:17 - [TEST_STEP][PASSED] - callTestCase(findTestCase("Whatsapp/broadcast/open broadcasts"), [:], STOP_ON_FAILURE): Call Test Case 'Test Cases/Whatsapp/broadcast/open broadcasts' successfully

2019-04-23 18:33:18 - [TEST_CASE][PASSED] - Test Cases/Whatsapp/broadcast/open broadcasts: Test Cases/Whatsapp/broadcast/open broadcasts

2019-04-23 18:33:18 - [TEST_STEP][PASSED] - delay(1): Delayed 1 second(s)

2019-04-23 18:33:19 - [MESSAGE][PASSED] - Delayed 1 second(s)

2019-04-23 18:33:19 - [TEST_STEP][PASSED] - click(findTestObject("Object Repository/Page_KiboEngage  Subscribers/span_Dashboard")): Object: 'Object Repository/Page_KiboEngage  Subscribers/span_Dashboard' is clicked on

2019-04-23 18:33:19 - [MESSAGE][PASSED] - Object: 'Object Repository/Page_KiboEngage  Subscribers/span_Dashboard' is clicked on

2019-04-23 18:33:19 - [TEST_STEP][PASSED] - delay(1): Delayed 1 second(s)

2019-04-23 18:33:20 - [MESSAGE][PASSED] - Delayed 1 second(s)

2019-04-23 18:33:20 - [TEST_STEP][PASSED] - click(findTestObject("Page_KiboEngage  Dashboard/span_Broadcasts")): Object: 'Object Repository/Page_KiboEngage  Dashboard/span_Broadcasts' is clicked on

2019-04-23 18:33:20 - [MESSAGE][PASSED] - Object: 'Object Repository/Page_KiboEngage  Dashboard/span_Broadcasts' is clicked on

2019-04-23 18:33:20 - [TEST_STEP][PASSED] - delay(10): Delayed 10 second(s)

2019-04-23 18:33:30 - [MESSAGE][PASSED] - Delayed 10 second(s)

2019-04-23 18:33:30 - [MESSAGE][PASSED] - Call Test Case 'Test Cases/Whatsapp/broadcast/open broadcasts' successfully

2019-04-23 18:33:30 - [TEST_STEP][PASSED] - click(findTestObject("Object Repository/Page_KiboEngage  Broadcasts/span_Create New (2)")): Object: 'Object Repository/Page_KiboEngage  Broadcasts/span_Create New (2)' is clicked on

2019-04-23 18:33:30 - [MESSAGE][PASSED] - Object: 'Object Repository/Page_KiboEngage  Broadcasts/span_Create New (2)' is clicked on

2019-04-23 18:33:30 - [TEST_STEP][PASSED] - scrollToPosition(0, 0): Browser is scrolled to position x = 0, y = 0

2019-04-23 18:33:30 - [MESSAGE][PASSED] - Browser is scrolled to position x = 0, y = 0

2019-04-23 18:33:30 - [TEST_STEP][PASSED] - click(findTestObject("Object Repository/Page_KiboEngage  Broadcasts/h3_Create Broadcast")): Object: 'Object Repository/Page_KiboEngage  Broadcasts/h3_Create Broadcast' is clicked on

2019-04-23 18:33:30 - [MESSAGE][PASSED] - Object: 'Object Repository/Page_KiboEngage  Broadcasts/h3_Create Broadcast' is clicked on

2019-04-23 18:33:30 - [MESSAGE][PASSED] - Call Test Case 'Test Cases/Whatsapp/broadcast/TC11231' successfully

2019-04-23 18:33:30 - [TEST_STEP][PASSED] - delay(3): Delayed 3 second(s)

2019-04-23 18:33:33 - [MESSAGE][PASSED] - Delayed 3 second(s)

2019-04-23 18:33:33 - [TEST_STEP][PASSED] - setText(findTestObject("Page_KiboEngage  Broadcasts/input_Push Message_form-control m-input (3) (1) (2) (1) (1) (1)"), "title"): Text 'title' is set on object 'Object Repository/Page_KiboEngage  Broadcasts/input_Push Message_form-control m-input (3) (1) (2) (1) (1) (1)'

2019-04-23 18:33:33 - [MESSAGE][PASSED] - Text 'title' is set on object 'Object Repository/Page_KiboEngage  Broadcasts/input_Push Message_form-control m-input (3) (1) (2) (1) (1) (1)'

2019-04-23 18:33:33 - [TEST_STEP][PASSED] - scrollToPosition(0, 0): Browser is scrolled to position x = 0, y = 0

2019-04-23 18:33:33 - [MESSAGE][PASSED] - Browser is scrolled to position x = 0, y = 0

2019-04-23 18:33:33 - [TEST_STEP][PASSED] - selectOptionByValue(findTestObject("Page_KiboEngage  Broadcasts/select_Select Conditionnamenumber (4) (1)"), "name", true): All options with value 'name' are selected in object 'Object Repository/Page_KiboEngage  Broadcasts/select_Select Conditionnamenumber (4) (1)'  using regular expression

2019-04-23 18:33:33 - [MESSAGE][PASSED] - All options with value 'name' are selected in object 'Object Repository/Page_KiboEngage  Broadcasts/select_Select Conditionnamenumber (4) (1)'  using regular expression

2019-04-23 18:33:33 - [TEST_STEP][PASSED] - selectOptionByValue(findTestObject("Page_KiboEngage  Broadcasts/select_Select Criteriaiscontainsbegins with (4) (1)"), "is", true): All options with value 'is' are selected in object 'Object Repository/Page_KiboEngage  Broadcasts/select_Select Criteriaiscontainsbegins with (4) (1)'  using regular expression

2019-04-23 18:33:33 - [MESSAGE][PASSED] - All options with value 'is' are selected in object 'Object Repository/Page_KiboEngage  Broadcasts/select_Select Criteriaiscontainsbegins with (4) (1)'  using regular expression

2019-04-23 18:33:33 - [TEST_STEP][PASSED] - click(findTestObject("Page_KiboEngage  Broadcasts/span_Send (14)")): Object: 'Object Repository/Page_KiboEngage  Broadcasts/span_Send (14)' is clicked on

2019-04-23 18:33:33 - [MESSAGE][PASSED] - Object: 'Object Repository/Page_KiboEngage  Broadcasts/span_Send (14)' is clicked on

2019-04-23 18:33:33 - [TEST_STEP][PASSED] - click(findTestObject("Page_KiboEngage  Broadcasts/span_Please choose a valid value (1)")): Object: 'Object Repository/Page_KiboEngage  Broadcasts/span_Please choose a valid value (1)' is clicked on

2019-04-23 18:33:33 - [MESSAGE][PASSED] - Object: 'Object Repository/Page_KiboEngage  Broadcasts/span_Please choose a valid value (1)' is clicked on]]></system-out>
         <system-err><![CDATA[]]></system-err>
      </testcase>
      <testcase name="Test Cases/Whatsapp/broadcast/TC11242" classname="Test Cases/Whatsapp/broadcast/TC11242" status="PASSED">
         <system-out><![CDATA[2019-04-23 18:33:34 - [TEST_CASE][PASSED] - Test Cases/Whatsapp/broadcast/TC11242: Test Cases/Whatsapp/broadcast/TC11242

2019-04-23 18:33:34 - [TEST_STEP][PASSED] - callTestCase(findTestCase("Whatsapp/broadcast/TC11231"), [:], STOP_ON_FAILURE): Call Test Case 'Test Cases/Whatsapp/broadcast/TC11231' successfully

2019-04-23 18:33:34 - [TEST_CASE][PASSED] - Test Cases/Whatsapp/broadcast/TC11231: Test Cases/Whatsapp/broadcast/TC11231

2019-04-23 18:33:34 - [TEST_STEP][PASSED] - callTestCase(findTestCase("Whatsapp/broadcast/open broadcasts"), [:], STOP_ON_FAILURE): Call Test Case 'Test Cases/Whatsapp/broadcast/open broadcasts' successfully

2019-04-23 18:33:34 - [TEST_CASE][PASSED] - Test Cases/Whatsapp/broadcast/open broadcasts: Test Cases/Whatsapp/broadcast/open broadcasts

2019-04-23 18:33:34 - [TEST_STEP][PASSED] - delay(1): Delayed 1 second(s)

2019-04-23 18:33:35 - [MESSAGE][PASSED] - Delayed 1 second(s)

2019-04-23 18:33:35 - [TEST_STEP][PASSED] - click(findTestObject("Object Repository/Page_KiboEngage  Subscribers/span_Dashboard")): Object: 'Object Repository/Page_KiboEngage  Subscribers/span_Dashboard' is clicked on

2019-04-23 18:33:35 - [MESSAGE][PASSED] - Object: 'Object Repository/Page_KiboEngage  Subscribers/span_Dashboard' is clicked on

2019-04-23 18:33:35 - [TEST_STEP][PASSED] - delay(1): Delayed 1 second(s)

2019-04-23 18:33:36 - [MESSAGE][PASSED] - Delayed 1 second(s)

2019-04-23 18:33:36 - [TEST_STEP][PASSED] - click(findTestObject("Page_KiboEngage  Dashboard/span_Broadcasts")): Object: 'Object Repository/Page_KiboEngage  Dashboard/span_Broadcasts' is clicked on

2019-04-23 18:33:36 - [MESSAGE][PASSED] - Object: 'Object Repository/Page_KiboEngage  Dashboard/span_Broadcasts' is clicked on

2019-04-23 18:33:36 - [TEST_STEP][PASSED] - delay(10): Delayed 10 second(s)

2019-04-23 18:33:46 - [MESSAGE][PASSED] - Delayed 10 second(s)

2019-04-23 18:33:46 - [MESSAGE][PASSED] - Call Test Case 'Test Cases/Whatsapp/broadcast/open broadcasts' successfully

2019-04-23 18:33:46 - [TEST_STEP][PASSED] - click(findTestObject("Object Repository/Page_KiboEngage  Broadcasts/span_Create New (2)")): Object: 'Object Repository/Page_KiboEngage  Broadcasts/span_Create New (2)' is clicked on

2019-04-23 18:33:46 - [MESSAGE][PASSED] - Object: 'Object Repository/Page_KiboEngage  Broadcasts/span_Create New (2)' is clicked on

2019-04-23 18:33:46 - [TEST_STEP][PASSED] - scrollToPosition(0, 0): Browser is scrolled to position x = 0, y = 0

2019-04-23 18:33:46 - [MESSAGE][PASSED] - Browser is scrolled to position x = 0, y = 0

2019-04-23 18:33:46 - [TEST_STEP][PASSED] - click(findTestObject("Object Repository/Page_KiboEngage  Broadcasts/h3_Create Broadcast")): Object: 'Object Repository/Page_KiboEngage  Broadcasts/h3_Create Broadcast' is clicked on

2019-04-23 18:33:46 - [MESSAGE][PASSED] - Object: 'Object Repository/Page_KiboEngage  Broadcasts/h3_Create Broadcast' is clicked on

2019-04-23 18:33:46 - [MESSAGE][PASSED] - Call Test Case 'Test Cases/Whatsapp/broadcast/TC11231' successfully

2019-04-23 18:33:46 - [TEST_STEP][PASSED] - delay(3): Delayed 3 second(s)

2019-04-23 18:33:49 - [MESSAGE][PASSED] - Delayed 3 second(s)

2019-04-23 18:33:49 - [TEST_STEP][PASSED] - setText(findTestObject("Page_KiboEngage  Broadcasts/input_Push Message_form-control m-input (3) (1) (2) (1) (1) (1) (1)"), "title"): Text 'title' is set on object 'Object Repository/Page_KiboEngage  Broadcasts/input_Push Message_form-control m-input (3) (1) (2) (1) (1) (1) (1)'

2019-04-23 18:33:49 - [MESSAGE][PASSED] - Text 'title' is set on object 'Object Repository/Page_KiboEngage  Broadcasts/input_Push Message_form-control m-input (3) (1) (2) (1) (1) (1) (1)'

2019-04-23 18:33:49 - [TEST_STEP][PASSED] - scrollToPosition(0, 0): Browser is scrolled to position x = 0, y = 0

2019-04-23 18:33:49 - [MESSAGE][PASSED] - Browser is scrolled to position x = 0, y = 0

2019-04-23 18:33:49 - [TEST_STEP][PASSED] - selectOptionByValue(findTestObject("Page_KiboEngage  Broadcasts/select_Select Conditionnamenumber (5)"), "number", true): All options with value 'number' are selected in object 'Object Repository/Page_KiboEngage  Broadcasts/select_Select Conditionnamenumber (5)'  using regular expression

2019-04-23 18:33:50 - [MESSAGE][PASSED] - All options with value 'number' are selected in object 'Object Repository/Page_KiboEngage  Broadcasts/select_Select Conditionnamenumber (5)'  using regular expression

2019-04-23 18:33:50 - [TEST_STEP][PASSED] - selectOptionByValue(findTestObject("Page_KiboEngage  Broadcasts/select_Select Criteriaiscontainsbegins with (5)"), "contains", true): All options with value 'contains' are selected in object 'Object Repository/Page_KiboEngage  Broadcasts/select_Select Criteriaiscontainsbegins with (5)'  using regular expression

2019-04-23 18:33:50 - [MESSAGE][PASSED] - All options with value 'contains' are selected in object 'Object Repository/Page_KiboEngage  Broadcasts/select_Select Criteriaiscontainsbegins with (5)'  using regular expression

2019-04-23 18:33:50 - [TEST_STEP][PASSED] - setText(findTestObject("Page_KiboEngage  Broadcasts/input_Value_text (6)"), "3739"): Text '3739' is set on object 'Object Repository/Page_KiboEngage  Broadcasts/input_Value_text (6)'

2019-04-23 18:33:50 - [MESSAGE][PASSED] - Text '3739' is set on object 'Object Repository/Page_KiboEngage  Broadcasts/input_Value_text (6)'

2019-04-23 18:33:50 - [TEST_STEP][PASSED] - click(findTestObject("Page_KiboEngage  Broadcasts/span_Send (15)")): Object: 'Object Repository/Page_KiboEngage  Broadcasts/span_Send (15)' is clicked on

2019-04-23 18:33:50 - [MESSAGE][PASSED] - Object: 'Object Repository/Page_KiboEngage  Broadcasts/span_Send (15)' is clicked on

2019-04-23 18:33:50 - [TEST_STEP][PASSED] - click(findTestObject("Page_KiboEngage  Broadcasts/div_Broadcast sent successfully (6)")): Object: 'Object Repository/Page_KiboEngage  Broadcasts/div_Broadcast sent successfully (6)' is clicked on

2019-04-23 18:33:51 - [MESSAGE][PASSED] - Object: 'Object Repository/Page_KiboEngage  Broadcasts/div_Broadcast sent successfully (6)' is clicked on]]></system-out>
         <system-err><![CDATA[]]></system-err>
      </testcase>
      <testcase name="Test Cases/Whatsapp/broadcast/TC11243" classname="Test Cases/Whatsapp/broadcast/TC11243" status="PASSED">
         <system-out><![CDATA[2019-04-23 18:33:51 - [TEST_CASE][PASSED] - Test Cases/Whatsapp/broadcast/TC11243: Test Cases/Whatsapp/broadcast/TC11243

2019-04-23 18:33:51 - [TEST_STEP][PASSED] - callTestCase(findTestCase("Whatsapp/broadcast/TC11231"), [:], STOP_ON_FAILURE): Call Test Case 'Test Cases/Whatsapp/broadcast/TC11231' successfully

2019-04-23 18:33:51 - [TEST_CASE][PASSED] - Test Cases/Whatsapp/broadcast/TC11231: Test Cases/Whatsapp/broadcast/TC11231

2019-04-23 18:33:51 - [TEST_STEP][PASSED] - callTestCase(findTestCase("Whatsapp/broadcast/open broadcasts"), [:], STOP_ON_FAILURE): Call Test Case 'Test Cases/Whatsapp/broadcast/open broadcasts' successfully

2019-04-23 18:33:51 - [TEST_CASE][PASSED] - Test Cases/Whatsapp/broadcast/open broadcasts: Test Cases/Whatsapp/broadcast/open broadcasts

2019-04-23 18:33:51 - [TEST_STEP][PASSED] - delay(1): Delayed 1 second(s)

2019-04-23 18:33:52 - [MESSAGE][PASSED] - Delayed 1 second(s)

2019-04-23 18:33:52 - [TEST_STEP][PASSED] - click(findTestObject("Object Repository/Page_KiboEngage  Subscribers/span_Dashboard")): Object: 'Object Repository/Page_KiboEngage  Subscribers/span_Dashboard' is clicked on

2019-04-23 18:33:52 - [MESSAGE][PASSED] - Object: 'Object Repository/Page_KiboEngage  Subscribers/span_Dashboard' is clicked on

2019-04-23 18:33:52 - [TEST_STEP][PASSED] - delay(1): Delayed 1 second(s)

2019-04-23 18:33:53 - [MESSAGE][PASSED] - Delayed 1 second(s)

2019-04-23 18:33:53 - [TEST_STEP][PASSED] - click(findTestObject("Page_KiboEngage  Dashboard/span_Broadcasts")): Object: 'Object Repository/Page_KiboEngage  Dashboard/span_Broadcasts' is clicked on

2019-04-23 18:33:53 - [MESSAGE][PASSED] - Object: 'Object Repository/Page_KiboEngage  Dashboard/span_Broadcasts' is clicked on

2019-04-23 18:33:53 - [TEST_STEP][PASSED] - delay(10): Delayed 10 second(s)

2019-04-23 18:34:03 - [MESSAGE][PASSED] - Delayed 10 second(s)

2019-04-23 18:34:03 - [MESSAGE][PASSED] - Call Test Case 'Test Cases/Whatsapp/broadcast/open broadcasts' successfully

2019-04-23 18:34:03 - [TEST_STEP][PASSED] - click(findTestObject("Object Repository/Page_KiboEngage  Broadcasts/span_Create New (2)")): Object: 'Object Repository/Page_KiboEngage  Broadcasts/span_Create New (2)' is clicked on

2019-04-23 18:34:03 - [MESSAGE][PASSED] - Object: 'Object Repository/Page_KiboEngage  Broadcasts/span_Create New (2)' is clicked on

2019-04-23 18:34:03 - [TEST_STEP][PASSED] - scrollToPosition(0, 0): Browser is scrolled to position x = 0, y = 0

2019-04-23 18:34:03 - [MESSAGE][PASSED] - Browser is scrolled to position x = 0, y = 0

2019-04-23 18:34:03 - [TEST_STEP][PASSED] - click(findTestObject("Object Repository/Page_KiboEngage  Broadcasts/h3_Create Broadcast")): Object: 'Object Repository/Page_KiboEngage  Broadcasts/h3_Create Broadcast' is clicked on

2019-04-23 18:34:03 - [MESSAGE][PASSED] - Object: 'Object Repository/Page_KiboEngage  Broadcasts/h3_Create Broadcast' is clicked on

2019-04-23 18:34:03 - [MESSAGE][PASSED] - Call Test Case 'Test Cases/Whatsapp/broadcast/TC11231' successfully

2019-04-23 18:34:03 - [TEST_STEP][PASSED] - delay(3): Delayed 3 second(s)

2019-04-23 18:34:06 - [MESSAGE][PASSED] - Delayed 3 second(s)

2019-04-23 18:34:06 - [TEST_STEP][PASSED] - setText(findTestObject("Page_KiboEngage  Broadcasts/input_Push Message_form-control m-input (3) (1) (2) (1) (1) (1) (1) (1)"), "title"): Text 'title' is set on object 'Object Repository/Page_KiboEngage  Broadcasts/input_Push Message_form-control m-input (3) (1) (2) (1) (1) (1) (1) (1)'

2019-04-23 18:34:07 - [MESSAGE][PASSED] - Text 'title' is set on object 'Object Repository/Page_KiboEngage  Broadcasts/input_Push Message_form-control m-input (3) (1) (2) (1) (1) (1) (1) (1)'

2019-04-23 18:34:07 - [TEST_STEP][PASSED] - scrollToPosition(0, 0): Browser is scrolled to position x = 0, y = 0

2019-04-23 18:34:07 - [MESSAGE][PASSED] - Browser is scrolled to position x = 0, y = 0

2019-04-23 18:34:07 - [TEST_STEP][PASSED] - selectOptionByValue(findTestObject("Page_KiboEngage  Broadcasts/select_Select Conditionnamenumber (5) (1)"), "number", true): All options with value 'number' are selected in object 'Object Repository/Page_KiboEngage  Broadcasts/select_Select Conditionnamenumber (5) (1)'  using regular expression

2019-04-23 18:34:07 - [MESSAGE][PASSED] - All options with value 'number' are selected in object 'Object Repository/Page_KiboEngage  Broadcasts/select_Select Conditionnamenumber (5) (1)'  using regular expression

2019-04-23 18:34:07 - [TEST_STEP][PASSED] - selectOptionByValue(findTestObject("Page_KiboEngage  Broadcasts/select_Select Criteriaiscontainsbegins with (5) (1)"), "contains", true): All options with value 'contains' are selected in object 'Object Repository/Page_KiboEngage  Broadcasts/select_Select Criteriaiscontainsbegins with (5) (1)'  using regular expression

2019-04-23 18:34:07 - [MESSAGE][PASSED] - All options with value 'contains' are selected in object 'Object Repository/Page_KiboEngage  Broadcasts/select_Select Criteriaiscontainsbegins with (5) (1)'  using regular expression

2019-04-23 18:34:07 - [TEST_STEP][PASSED] - setText(findTestObject("Page_KiboEngage  Broadcasts/input_Value_text (6) (1)"), "3739"): Text '3739' is set on object 'Object Repository/Page_KiboEngage  Broadcasts/input_Value_text (6) (1)'

2019-04-23 18:34:07 - [MESSAGE][PASSED] - Text '3739' is set on object 'Object Repository/Page_KiboEngage  Broadcasts/input_Value_text (6) (1)'

2019-04-23 18:34:07 - [TEST_STEP][PASSED] - click(findTestObject("Page_KiboEngage  Broadcasts/button_ Add Condition (3)")): Object: 'Object Repository/Page_KiboEngage  Broadcasts/button_ Add Condition (3)' is clicked on

2019-04-23 18:34:07 - [MESSAGE][PASSED] - Object: 'Object Repository/Page_KiboEngage  Broadcasts/button_ Add Condition (3)' is clicked on]]></system-out>
         <system-err><![CDATA[]]></system-err>
      </testcase>
      <testcase name="Test Cases/Whatsapp/broadcast/TC11244" classname="Test Cases/Whatsapp/broadcast/TC11244" status="PASSED">
         <system-out><![CDATA[2019-04-23 18:34:07 - [TEST_CASE][PASSED] - Test Cases/Whatsapp/broadcast/TC11244: Test Cases/Whatsapp/broadcast/TC11244

2019-04-23 18:34:07 - [TEST_STEP][PASSED] - callTestCase(findTestCase("Whatsapp/broadcast/TC11231"), [:], STOP_ON_FAILURE): Call Test Case 'Test Cases/Whatsapp/broadcast/TC11231' successfully

2019-04-23 18:34:07 - [TEST_CASE][PASSED] - Test Cases/Whatsapp/broadcast/TC11231: Test Cases/Whatsapp/broadcast/TC11231

2019-04-23 18:34:07 - [TEST_STEP][PASSED] - callTestCase(findTestCase("Whatsapp/broadcast/open broadcasts"), [:], STOP_ON_FAILURE): Call Test Case 'Test Cases/Whatsapp/broadcast/open broadcasts' successfully

2019-04-23 18:34:07 - [TEST_CASE][PASSED] - Test Cases/Whatsapp/broadcast/open broadcasts: Test Cases/Whatsapp/broadcast/open broadcasts

2019-04-23 18:34:07 - [TEST_STEP][PASSED] - delay(1): Delayed 1 second(s)

2019-04-23 18:34:08 - [MESSAGE][PASSED] - Delayed 1 second(s)

2019-04-23 18:34:08 - [TEST_STEP][PASSED] - click(findTestObject("Object Repository/Page_KiboEngage  Subscribers/span_Dashboard")): Object: 'Object Repository/Page_KiboEngage  Subscribers/span_Dashboard' is clicked on

2019-04-23 18:34:09 - [MESSAGE][PASSED] - Object: 'Object Repository/Page_KiboEngage  Subscribers/span_Dashboard' is clicked on

2019-04-23 18:34:09 - [TEST_STEP][PASSED] - delay(1): Delayed 1 second(s)

2019-04-23 18:34:10 - [MESSAGE][PASSED] - Delayed 1 second(s)

2019-04-23 18:34:10 - [TEST_STEP][PASSED] - click(findTestObject("Page_KiboEngage  Dashboard/span_Broadcasts")): Object: 'Object Repository/Page_KiboEngage  Dashboard/span_Broadcasts' is clicked on

2019-04-23 18:34:10 - [MESSAGE][PASSED] - Object: 'Object Repository/Page_KiboEngage  Dashboard/span_Broadcasts' is clicked on

2019-04-23 18:34:10 - [TEST_STEP][PASSED] - delay(10): Delayed 10 second(s)

2019-04-23 18:34:20 - [MESSAGE][PASSED] - Delayed 10 second(s)

2019-04-23 18:34:20 - [MESSAGE][PASSED] - Call Test Case 'Test Cases/Whatsapp/broadcast/open broadcasts' successfully

2019-04-23 18:34:20 - [TEST_STEP][PASSED] - click(findTestObject("Object Repository/Page_KiboEngage  Broadcasts/span_Create New (2)")): Object: 'Object Repository/Page_KiboEngage  Broadcasts/span_Create New (2)' is clicked on

2019-04-23 18:34:20 - [MESSAGE][PASSED] - Object: 'Object Repository/Page_KiboEngage  Broadcasts/span_Create New (2)' is clicked on

2019-04-23 18:34:20 - [TEST_STEP][PASSED] - scrollToPosition(0, 0): Browser is scrolled to position x = 0, y = 0

2019-04-23 18:34:20 - [MESSAGE][PASSED] - Browser is scrolled to position x = 0, y = 0

2019-04-23 18:34:20 - [TEST_STEP][PASSED] - click(findTestObject("Object Repository/Page_KiboEngage  Broadcasts/h3_Create Broadcast")): Object: 'Object Repository/Page_KiboEngage  Broadcasts/h3_Create Broadcast' is clicked on

2019-04-23 18:34:20 - [MESSAGE][PASSED] - Object: 'Object Repository/Page_KiboEngage  Broadcasts/h3_Create Broadcast' is clicked on

2019-04-23 18:34:20 - [MESSAGE][PASSED] - Call Test Case 'Test Cases/Whatsapp/broadcast/TC11231' successfully

2019-04-23 18:34:20 - [TEST_STEP][PASSED] - delay(3): Delayed 3 second(s)

2019-04-23 18:34:23 - [MESSAGE][PASSED] - Delayed 3 second(s)

2019-04-23 18:34:23 - [TEST_STEP][PASSED] - setText(findTestObject("Page_KiboEngage  Broadcasts/input_Push Message_form-control m-input (3) (1) (2) (1) (1) (1) (1) (1) (1)"), "title"): Text 'title' is set on object 'Object Repository/Page_KiboEngage  Broadcasts/input_Push Message_form-control m-input (3) (1) (2) (1) (1) (1) (1) (1) (1)'

2019-04-23 18:34:23 - [MESSAGE][PASSED] - Text 'title' is set on object 'Object Repository/Page_KiboEngage  Broadcasts/input_Push Message_form-control m-input (3) (1) (2) (1) (1) (1) (1) (1) (1)'

2019-04-23 18:34:23 - [TEST_STEP][PASSED] - scrollToPosition(0, 0): Browser is scrolled to position x = 0, y = 0

2019-04-23 18:34:23 - [MESSAGE][PASSED] - Browser is scrolled to position x = 0, y = 0

2019-04-23 18:34:23 - [TEST_STEP][PASSED] - selectOptionByValue(findTestObject("Page_KiboEngage  Broadcasts/select_Select Conditionnamenumber (5) (1) (1)"), "number", true): All options with value 'number' are selected in object 'Object Repository/Page_KiboEngage  Broadcasts/select_Select Conditionnamenumber (5) (1) (1)'  using regular expression

2019-04-23 18:34:23 - [MESSAGE][PASSED] - All options with value 'number' are selected in object 'Object Repository/Page_KiboEngage  Broadcasts/select_Select Conditionnamenumber (5) (1) (1)'  using regular expression

2019-04-23 18:34:23 - [TEST_STEP][PASSED] - selectOptionByValue(findTestObject("Page_KiboEngage  Broadcasts/select_Select Criteriaiscontainsbegins with (5) (1) (1)"), "contains", true): All options with value 'contains' are selected in object 'Object Repository/Page_KiboEngage  Broadcasts/select_Select Criteriaiscontainsbegins with (5) (1) (1)'  using regular expression

2019-04-23 18:34:23 - [MESSAGE][PASSED] - All options with value 'contains' are selected in object 'Object Repository/Page_KiboEngage  Broadcasts/select_Select Criteriaiscontainsbegins with (5) (1) (1)'  using regular expression

2019-04-23 18:34:23 - [TEST_STEP][PASSED] - setText(findTestObject("Page_KiboEngage  Broadcasts/input_Value_text (6) (1) (1)"), "3739"): Text '3739' is set on object 'Object Repository/Page_KiboEngage  Broadcasts/input_Value_text (6) (1) (1)'

2019-04-23 18:34:23 - [MESSAGE][PASSED] - Text '3739' is set on object 'Object Repository/Page_KiboEngage  Broadcasts/input_Value_text (6) (1) (1)'

2019-04-23 18:34:23 - [TEST_STEP][PASSED] - click(findTestObject("Page_KiboEngage  Broadcasts/button_ Add Condition (3) (1)")): Object: 'Object Repository/Page_KiboEngage  Broadcasts/button_ Add Condition (3) (1)' is clicked on

2019-04-23 18:34:24 - [MESSAGE][PASSED] - Object: 'Object Repository/Page_KiboEngage  Broadcasts/button_ Add Condition (3) (1)' is clicked on

2019-04-23 18:34:24 - [TEST_STEP][PASSED] - selectOptionByValue(findTestObject("Page_KiboEngage  Broadcasts/select_Select Conditionnamenumber (6) (1)"), "number", true): All options with value 'number' are selected in object 'Object Repository/Page_KiboEngage  Broadcasts/select_Select Conditionnamenumber (6) (1)'  using regular expression

2019-04-23 18:34:24 - [MESSAGE][PASSED] - All options with value 'number' are selected in object 'Object Repository/Page_KiboEngage  Broadcasts/select_Select Conditionnamenumber (6) (1)'  using regular expression

2019-04-23 18:34:24 - [TEST_STEP][PASSED] - selectOptionByValue(findTestObject("Page_KiboEngage  Broadcasts/select_Select Criteriaiscontainsbegins with (6) (1)"), "contains", true): All options with value 'contains' are selected in object 'Object Repository/Page_KiboEngage  Broadcasts/select_Select Criteriaiscontainsbegins with (6) (1)'  using regular expression

2019-04-23 18:34:24 - [MESSAGE][PASSED] - All options with value 'contains' are selected in object 'Object Repository/Page_KiboEngage  Broadcasts/select_Select Criteriaiscontainsbegins with (6) (1)'  using regular expression

2019-04-23 18:34:24 - [TEST_STEP][PASSED] - setText(findTestObject("Page_KiboEngage  Broadcasts/input_Remove_text (3) (1)"), "566"): Text '566' is set on object 'Object Repository/Page_KiboEngage  Broadcasts/input_Remove_text (3) (1)'

2019-04-23 18:34:24 - [MESSAGE][PASSED] - Text '566' is set on object 'Object Repository/Page_KiboEngage  Broadcasts/input_Remove_text (3) (1)'

2019-04-23 18:34:24 - [TEST_STEP][PASSED] - click(findTestObject("Page_KiboEngage  Broadcasts/button_Remove (1)")): Object: 'Object Repository/Page_KiboEngage  Broadcasts/button_Remove (1)' is clicked on

2019-04-23 18:34:24 - [MESSAGE][PASSED] - Object: 'Object Repository/Page_KiboEngage  Broadcasts/button_Remove (1)' is clicked on]]></system-out>
         <system-err><![CDATA[]]></system-err>
      </testcase>
      <testcase name="Test Cases/Whatsapp/broadcast/TC11245" classname="Test Cases/Whatsapp/broadcast/TC11245" status="PASSED">
         <system-out><![CDATA[2019-04-23 18:34:24 - [TEST_CASE][PASSED] - Test Cases/Whatsapp/broadcast/TC11245: Test Cases/Whatsapp/broadcast/TC11245

2019-04-23 18:34:24 - [TEST_STEP][PASSED] - callTestCase(findTestCase("Whatsapp/broadcast/TC11231"), [:], STOP_ON_FAILURE): Call Test Case 'Test Cases/Whatsapp/broadcast/TC11231' successfully

2019-04-23 18:34:24 - [TEST_CASE][PASSED] - Test Cases/Whatsapp/broadcast/TC11231: Test Cases/Whatsapp/broadcast/TC11231

2019-04-23 18:34:24 - [TEST_STEP][PASSED] - callTestCase(findTestCase("Whatsapp/broadcast/open broadcasts"), [:], STOP_ON_FAILURE): Call Test Case 'Test Cases/Whatsapp/broadcast/open broadcasts' successfully

2019-04-23 18:34:24 - [TEST_CASE][PASSED] - Test Cases/Whatsapp/broadcast/open broadcasts: Test Cases/Whatsapp/broadcast/open broadcasts

2019-04-23 18:34:24 - [TEST_STEP][PASSED] - delay(1): Delayed 1 second(s)

2019-04-23 18:34:25 - [MESSAGE][PASSED] - Delayed 1 second(s)

2019-04-23 18:34:25 - [TEST_STEP][PASSED] - click(findTestObject("Object Repository/Page_KiboEngage  Subscribers/span_Dashboard")): Object: 'Object Repository/Page_KiboEngage  Subscribers/span_Dashboard' is clicked on

2019-04-23 18:34:25 - [MESSAGE][PASSED] - Object: 'Object Repository/Page_KiboEngage  Subscribers/span_Dashboard' is clicked on

2019-04-23 18:34:25 - [TEST_STEP][PASSED] - delay(1): Delayed 1 second(s)

2019-04-23 18:34:26 - [MESSAGE][PASSED] - Delayed 1 second(s)

2019-04-23 18:34:26 - [TEST_STEP][PASSED] - click(findTestObject("Page_KiboEngage  Dashboard/span_Broadcasts")): Object: 'Object Repository/Page_KiboEngage  Dashboard/span_Broadcasts' is clicked on

2019-04-23 18:34:26 - [MESSAGE][PASSED] - Object: 'Object Repository/Page_KiboEngage  Dashboard/span_Broadcasts' is clicked on

2019-04-23 18:34:26 - [TEST_STEP][PASSED] - delay(10): Delayed 10 second(s)

2019-04-23 18:34:36 - [MESSAGE][PASSED] - Delayed 10 second(s)

2019-04-23 18:34:36 - [MESSAGE][PASSED] - Call Test Case 'Test Cases/Whatsapp/broadcast/open broadcasts' successfully

2019-04-23 18:34:36 - [TEST_STEP][PASSED] - click(findTestObject("Object Repository/Page_KiboEngage  Broadcasts/span_Create New (2)")): Object: 'Object Repository/Page_KiboEngage  Broadcasts/span_Create New (2)' is clicked on

2019-04-23 18:34:37 - [MESSAGE][PASSED] - Object: 'Object Repository/Page_KiboEngage  Broadcasts/span_Create New (2)' is clicked on

2019-04-23 18:34:37 - [TEST_STEP][PASSED] - scrollToPosition(0, 0): Browser is scrolled to position x = 0, y = 0

2019-04-23 18:34:37 - [MESSAGE][PASSED] - Browser is scrolled to position x = 0, y = 0

2019-04-23 18:34:37 - [TEST_STEP][PASSED] - click(findTestObject("Object Repository/Page_KiboEngage  Broadcasts/h3_Create Broadcast")): Object: 'Object Repository/Page_KiboEngage  Broadcasts/h3_Create Broadcast' is clicked on

2019-04-23 18:34:37 - [MESSAGE][PASSED] - Object: 'Object Repository/Page_KiboEngage  Broadcasts/h3_Create Broadcast' is clicked on

2019-04-23 18:34:37 - [MESSAGE][PASSED] - Call Test Case 'Test Cases/Whatsapp/broadcast/TC11231' successfully

2019-04-23 18:34:37 - [TEST_STEP][PASSED] - delay(3): Delayed 3 second(s)

2019-04-23 18:34:40 - [MESSAGE][PASSED] - Delayed 3 second(s)

2019-04-23 18:34:40 - [TEST_STEP][PASSED] - setText(findTestObject("Page_KiboEngage  Broadcasts/input_Push Message_form-control m-input (3) (1) (2) (1) (1) (1) (1) (1) (1) (1)"), "title"): Text 'title' is set on object 'Object Repository/Page_KiboEngage  Broadcasts/input_Push Message_form-control m-input (3) (1) (2) (1) (1) (1) (1) (1) (1) (1)'

2019-04-23 18:34:40 - [MESSAGE][PASSED] - Text 'title' is set on object 'Object Repository/Page_KiboEngage  Broadcasts/input_Push Message_form-control m-input (3) (1) (2) (1) (1) (1) (1) (1) (1) (1)'

2019-04-23 18:34:40 - [TEST_STEP][PASSED] - scrollToPosition(0, 0): Browser is scrolled to position x = 0, y = 0

2019-04-23 18:34:40 - [MESSAGE][PASSED] - Browser is scrolled to position x = 0, y = 0

2019-04-23 18:34:40 - [TEST_STEP][PASSED] - selectOptionByValue(findTestObject("Page_KiboEngage  Broadcasts/select_Select Conditionnamenumber (5) (1) (1) (1)"), "number", true): All options with value 'number' are selected in object 'Object Repository/Page_KiboEngage  Broadcasts/select_Select Conditionnamenumber (5) (1) (1) (1)'  using regular expression

2019-04-23 18:34:40 - [MESSAGE][PASSED] - All options with value 'number' are selected in object 'Object Repository/Page_KiboEngage  Broadcasts/select_Select Conditionnamenumber (5) (1) (1) (1)'  using regular expression

2019-04-23 18:34:40 - [TEST_STEP][PASSED] - selectOptionByValue(findTestObject("Page_KiboEngage  Broadcasts/select_Select Criteriaiscontainsbegins with (5) (1) (1) (1)"), "contains", true): All options with value 'contains' are selected in object 'Object Repository/Page_KiboEngage  Broadcasts/select_Select Criteriaiscontainsbegins with (5) (1) (1) (1)'  using regular expression

2019-04-23 18:34:40 - [MESSAGE][PASSED] - All options with value 'contains' are selected in object 'Object Repository/Page_KiboEngage  Broadcasts/select_Select Criteriaiscontainsbegins with (5) (1) (1) (1)'  using regular expression

2019-04-23 18:34:40 - [TEST_STEP][PASSED] - setText(findTestObject("Page_KiboEngage  Broadcasts/input_Value_text (6) (1) (1) (1)"), "3739"): Text '3739' is set on object 'Object Repository/Page_KiboEngage  Broadcasts/input_Value_text (6) (1) (1) (1)'

2019-04-23 18:34:40 - [MESSAGE][PASSED] - Text '3739' is set on object 'Object Repository/Page_KiboEngage  Broadcasts/input_Value_text (6) (1) (1) (1)'

2019-04-23 18:34:40 - [TEST_STEP][PASSED] - click(findTestObject("Page_KiboEngage  Broadcasts/button_ Add Condition (3) (1) (1)")): Object: 'Object Repository/Page_KiboEngage  Broadcasts/button_ Add Condition (3) (1) (1)' is clicked on

2019-04-23 18:34:40 - [MESSAGE][PASSED] - Object: 'Object Repository/Page_KiboEngage  Broadcasts/button_ Add Condition (3) (1) (1)' is clicked on

2019-04-23 18:34:40 - [TEST_STEP][PASSED] - selectOptionByValue(findTestObject("Page_KiboEngage  Broadcasts/select_Select Conditionnamenumber (6) (1) (1)"), "number", true): All options with value 'number' are selected in object 'Object Repository/Page_KiboEngage  Broadcasts/select_Select Conditionnamenumber (6) (1) (1)'  using regular expression

2019-04-23 18:34:40 - [MESSAGE][PASSED] - All options with value 'number' are selected in object 'Object Repository/Page_KiboEngage  Broadcasts/select_Select Conditionnamenumber (6) (1) (1)'  using regular expression

2019-04-23 18:34:40 - [TEST_STEP][PASSED] - selectOptionByValue(findTestObject("Page_KiboEngage  Broadcasts/select_Select Criteriaiscontainsbegins with (6) (1) (1)"), "contains", true): All options with value 'contains' are selected in object 'Object Repository/Page_KiboEngage  Broadcasts/select_Select Criteriaiscontainsbegins with (6) (1) (1)'  using regular expression

2019-04-23 18:34:40 - [MESSAGE][PASSED] - All options with value 'contains' are selected in object 'Object Repository/Page_KiboEngage  Broadcasts/select_Select Criteriaiscontainsbegins with (6) (1) (1)'  using regular expression

2019-04-23 18:34:40 - [TEST_STEP][PASSED] - setText(findTestObject("Page_KiboEngage  Broadcasts/input_Remove_text (3) (1) (1)"), "566"): Text '566' is set on object 'Object Repository/Page_KiboEngage  Broadcasts/input_Remove_text (3) (1) (1)'

2019-04-23 18:34:41 - [MESSAGE][PASSED] - Text '566' is set on object 'Object Repository/Page_KiboEngage  Broadcasts/input_Remove_text (3) (1) (1)'

2019-04-23 18:34:41 - [TEST_STEP][PASSED] - click(findTestObject("Page_KiboEngage  Broadcasts/button_Remove (1) (1)")): Object: 'Object Repository/Page_KiboEngage  Broadcasts/button_Remove (1) (1)' is clicked on

2019-04-23 18:34:41 - [MESSAGE][PASSED] - Object: 'Object Repository/Page_KiboEngage  Broadcasts/button_Remove (1) (1)' is clicked on

2019-04-23 18:34:41 - [TEST_STEP][PASSED] - click(findTestObject("Page_KiboEngage  Broadcasts/button_Reset (1)")): Object: 'Object Repository/Page_KiboEngage  Broadcasts/button_Reset (1)' is clicked on

2019-04-23 18:34:41 - [MESSAGE][PASSED] - Object: 'Object Repository/Page_KiboEngage  Broadcasts/button_Reset (1)' is clicked on]]></system-out>
         <system-err><![CDATA[]]></system-err>
      </testcase>
      <testcase name="Test Cases/Whatsapp/Configuration in Settings/TC11271" classname="Test Cases/Whatsapp/Configuration in Settings/TC11271" status="PASSED">
         <system-out><![CDATA[2019-04-23 18:34:41 - [TEST_CASE][PASSED] - Test Cases/Whatsapp/Configuration in Settings/TC11271: Test Cases/Whatsapp/Configuration in Settings/TC11271

2019-04-23 18:34:41 - [TEST_STEP][PASSED] - click(findTestObject("Page_KiboPush  Dashboard/span_Dashboard")): Object: 'Object Repository/Page_KiboPush  Dashboard/span_Dashboard' is clicked on

2019-04-23 18:34:41 - [MESSAGE][PASSED] - Object: 'Object Repository/Page_KiboPush  Dashboard/span_Dashboard' is clicked on

2019-04-23 18:34:41 - [TEST_STEP][PASSED] - delay(1): Delayed 1 second(s)

2019-04-23 18:34:42 - [MESSAGE][PASSED] - Delayed 1 second(s)

2019-04-23 18:34:42 - [TEST_STEP][PASSED] - click(findTestObject("Page_KiboEngage  Dashboard/span_Settings")): Object: 'Object Repository/Page_KiboEngage  Dashboard/span_Settings' is clicked on

2019-04-23 18:34:42 - [MESSAGE][PASSED] - Object: 'Object Repository/Page_KiboEngage  Dashboard/span_Settings' is clicked on

2019-04-23 18:34:42 - [TEST_STEP][PASSED] - delay(1): Delayed 1 second(s)

2019-04-23 18:34:43 - [MESSAGE][PASSED] - Delayed 1 second(s)

2019-04-23 18:34:43 - [TEST_STEP][PASSED] - click(findTestObject("Page_KiboEngage  Api Settings/a_Configuration (2)")): Object: 'Object Repository/Page_KiboEngage  Api Settings/a_Configuration (2)' is clicked on

2019-04-23 18:34:43 - [MESSAGE][PASSED] - Object: 'Object Repository/Page_KiboEngage  Api Settings/a_Configuration (2)' is clicked on

2019-04-23 18:34:43 - [TEST_STEP][PASSED] - click(findTestObject("Page_KiboEngage  Api Settings/span_Configuration (2)")): Object: 'Object Repository/Page_KiboEngage  Api Settings/span_Configuration (2)' is clicked on

2019-04-23 18:34:43 - [MESSAGE][PASSED] - Object: 'Object Repository/Page_KiboEngage  Api Settings/span_Configuration (2)' is clicked on

2019-04-23 18:34:43 - [TEST_STEP][PASSED] - driver = getWebDriver(): null

2019-04-23 18:34:43 - [TEST_STEP][PASSED] - button = driver.findElement(By.xpath("//*[@id="m_widget4_tab1_content"]/div/div[2]/div[2]/button")): null

2019-04-23 18:34:43 - [TEST_STEP][PASSED] - button.click(): null

2019-04-23 18:34:43 - [TEST_STEP][PASSED] - click(findTestObject("Object Repository/Page_KiboPush  api_settings/h3_Connect with Twilio WhatsApp")): Object: 'Object Repository/Page_KiboPush  api_settings/h3_Connect with Twilio WhatsApp' is clicked on

2019-04-23 18:34:43 - [MESSAGE][PASSED] - Object: 'Object Repository/Page_KiboPush  api_settings/h3_Connect with Twilio WhatsApp' is clicked on]]></system-out>
         <system-err><![CDATA[]]></system-err>
      </testcase>
      <system-out><![CDATA[2019-04-23 18:27:58 - [TEST_SUITE][PASSED] - Whatsapp Kiboengage: Test Cases/Whatsapp/Configuration in Settings/TC11271]]></system-out>
      <system-err><![CDATA[]]></system-err>
   </testsuite>
</testsuites>
