<?xml version="1.0" encoding="UTF-8"?>
<testsuites name="seq_message" time="579" tests="21" failures="0" errors="0">
   <testsuite name="seq_message" tests="21" failures="0" errors="0" time="579" timestamp="2019-04-25 17:44:04" hostname="cloudkibo - 10.0.2.15" id="Test Suites/seq_message">
      <properties>
         <property name="deviceName" value=""/>
         <property name="devicePlatform" value=""/>
         <property name="logFolder" value="C:\\Users\\cloudkibo\\Desktop\\KiboPush_Automated_Testing\\KiboPush Katalon\\Reports\\seq_message\\20190425_174358"/>
         <property name="logFiles" value="C:\\Users\\cloudkibo\\Desktop\\KiboPush_Automated_Testing\\KiboPush Katalon\\Reports\\seq_message\\20190425_174358\\execution0.log"/>
         <property name="attachments" value=""/>
         <property name="hostName" value="cloudkibo - 10.0.2.15"/>
         <property name="os" value="Windows 10 64bit"/>
         <property name="katalonVersion" value="5.6.0.1"/>
         <property name="browser" value="Chrome 73.0.3683.103"/>
         <property name="hostAddress" value="10.0.2.15"/>
         <property name="sessionId" value="42dc61bfab294505428481d90f6a5466"/>
         <property name="seleniumVersion" value="3.7.1"/>
         <property name="proxyInformation" value="ProxyInformation{proxyOption=NO_PROXY, proxyServerType=HTTP, password=, proxyServerAddress=, proxyServerPort=0}"/>
         <property name="platform" value="Windows 10"/>
      </properties>
      <testcase name="Test Cases/s-sidebar_navigation/individualAccount/arveen_production_login_kiboengage" classname="Test Cases/s-sidebar_navigation/individualAccount/arveen_production_login_kiboengage" status="PASSED">
         <system-out><![CDATA[2019-04-25 17:44:05 - [TEST_CASE][PASSED] - Test Cases/s-sidebar_navigation/individualAccount/arveen_production_login_kiboengage: Test Cases/s-sidebar_navigation/individualAccount/arveen_production_login_kiboengage

2019-04-25 17:44:08 - [TEST_STEP][PASSED] - openBrowser: Browser is opened with url: ''

2019-04-25 17:44:16 - [MESSAGE][PASSED] - Browser is opened with url: ''

2019-04-25 17:44:16 - [TEST_STEP][PASSED] - maximizeWindow: Current window maximized

2019-04-25 17:44:18 - [MESSAGE][PASSED] - Current window maximized

2019-04-25 17:44:18 - [TEST_STEP][PASSED] - navigateToUrl: Navigate to 'https://kiboengage.cloudkibo.com/' successfully

2019-04-25 17:44:37 - [MESSAGE][PASSED] - Navigate to 'https://kiboengage.cloudkibo.com/' successfully

2019-04-25 17:44:37 - [TEST_STEP][PASSED] - navigateToUrl: Navigate to 'https://accounts.cloudkibo.com/?continue=https://kiboengage.cloudkibo.com' successfully

2019-04-25 17:44:38 - [MESSAGE][PASSED] - Navigate to 'https://accounts.cloudkibo.com/?continue=https://kiboengage.cloudkibo.com' successfully

2019-04-25 17:44:38 - [TEST_STEP][PASSED] - click: Object: 'Object Repository/Page_CloudKibo/a_Login (2) (1) (1)' is clicked on

2019-04-25 17:44:40 - [MESSAGE][PASSED] - Object: 'Object Repository/Page_CloudKibo/a_Login (2) (1) (1)' is clicked on

2019-04-25 17:44:40 - [TEST_STEP][PASSED] - setText: Text 'individual@cloudkibo.com' is set on object 'Object Repository/Page_KiboPush/input_email (10) (1) (1)'

2019-04-25 17:44:40 - [MESSAGE][PASSED] - Text 'individual@cloudkibo.com' is set on object 'Object Repository/Page_KiboPush/input_email (10) (1) (1)'

2019-04-25 17:44:40 - [TEST_STEP][PASSED] - setEncryptedText: Text ****** has been set on object 'Object Repository/Page_CloudKibo/input_Sign In_password (7)'

2019-04-25 17:44:41 - [MESSAGE][PASSED] - Text ****** has been set on object 'Object Repository/Page_CloudKibo/input_Sign In_password (7)'

2019-04-25 17:44:41 - [TEST_STEP][PASSED] - click: Object: 'Object Repository/Page_KiboPush/button_Sign In (10) (1) (2)' is clicked on

2019-04-25 17:44:41 - [MESSAGE][PASSED] - Object: 'Object Repository/Page_KiboPush/button_Sign In (10) (1) (2)' is clicked on

2019-04-25 17:44:41 - [TEST_STEP][PASSED] - click: Object: 'Object Repository/Page_KiboPush  Dashboard/h3_Dashboard (57)' is clicked on

2019-04-25 17:45:02 - [MESSAGE][PASSED] - Object: 'Object Repository/Page_KiboPush  Dashboard/h3_Dashboard (57)' is clicked on

2019-04-25 17:45:02 - [TEST_STEP][PASSED] - delay: Delayed 3 second(s)

2019-04-25 17:45:04 - [MESSAGE][PASSED] - Delayed 3 second(s)

2019-04-25 17:45:04 - [TEST_STEP][PASSED] - click: Object: 'Object Repository/Page_KiboEngage  Dashboard/a_SMS (2) (1) (1) (1) (3)' is clicked on

2019-04-25 17:45:05 - [MESSAGE][PASSED] - Object: 'Object Repository/Page_KiboEngage  Dashboard/a_SMS (2) (1) (1) (1) (3)' is clicked on

2019-04-25 17:45:05 - [TEST_STEP][PASSED] - delay: Delayed 2 second(s)

2019-04-25 17:45:06 - [MESSAGE][PASSED] - Delayed 2 second(s)

2019-04-25 17:45:06 - [TEST_STEP][PASSED] - click: Object: 'Object Repository/Page_KiboEngage  Dashboard/span_Messenger (1) (1) (1) (3)' is clicked on

2019-04-25 17:45:06 - [MESSAGE][PASSED] - Object: 'Object Repository/Page_KiboEngage  Dashboard/span_Messenger (1) (1) (1) (3)' is clicked on

2019-04-25 17:45:06 - [TEST_STEP][PASSED] - delay: Delayed 2 second(s)

2019-04-25 17:45:08 - [MESSAGE][PASSED] - Delayed 2 second(s)]]></system-out>
         <system-err><![CDATA[]]></system-err>
      </testcase>
      <testcase name="Test Cases/Sequence Messaging/open_automation" classname="Test Cases/Sequence Messaging/open_automation" status="PASSED">
         <system-out><![CDATA[2019-04-25 17:45:08 - [TEST_CASE][PASSED] - Test Cases/Sequence Messaging/open_automation: Test Cases/Sequence Messaging/open_automation

2019-04-25 17:45:08 - [TEST_STEP][PASSED] - click: Object: 'Object Repository/Page_KiboPush  Dashboard/span_Automation (1) (1)' is clicked on

2019-04-25 17:45:08 - [MESSAGE][PASSED] - Object: 'Object Repository/Page_KiboPush  Dashboard/span_Automation (1) (1)' is clicked on

2019-04-25 17:45:08 - [TEST_STEP][PASSED] - delay: Delayed 1 second(s)

2019-04-25 17:45:09 - [MESSAGE][PASSED] - Delayed 1 second(s)]]></system-out>
         <system-err><![CDATA[]]></system-err>
      </testcase>
      <testcase name="Test Cases/Sequence Messaging/TC0980" classname="Test Cases/Sequence Messaging/TC0980" status="PASSED">
         <system-out><![CDATA[2019-04-25 17:45:09 - [TEST_CASE][PASSED] - Test Cases/Sequence Messaging/TC0980: Test Cases/Sequence Messaging/TC0980

2019-04-25 17:45:09 - [TEST_STEP][PASSED] - callTestCase: Call Test Case 'Test Cases/Sequence Messaging/Go_to_Seq_Messaging' successfully

2019-04-25 17:45:09 - [TEST_CASE][PASSED] - Test Cases/Sequence Messaging/Go_to_Seq_Messaging: Test Cases/Sequence Messaging/Go_to_Seq_Messaging

2019-04-25 17:45:10 - [TEST_STEP][PASSED] - callTestCase: Call Test Case 'Test Cases/Sequence Messaging/Login' successfully

2019-04-25 17:45:10 - [TEST_CASE][PASSED] - Test Cases/Sequence Messaging/Login: Test Cases/Sequence Messaging/Login

2019-04-25 17:45:10 - [TEST_STEP][PASSED] - callTestCase: Call Test Case 'Test Cases/s-sidebar_navigation/individualAccount/sequenceMessaging' successfully

2019-04-25 17:45:10 - [TEST_CASE][PASSED] - Test Cases/s-sidebar_navigation/individualAccount/sequenceMessaging: Test Cases/s-sidebar_navigation/individualAccount/sequenceMessaging

2019-04-25 17:45:10 - [TEST_STEP][PASSED] - click: Object: 'Object Repository/Page_KiboPush  Dashboard/span_Autoposting' is clicked on

2019-04-25 17:45:10 - [MESSAGE][PASSED] - Object: 'Object Repository/Page_KiboPush  Dashboard/span_Autoposting' is clicked on

2019-04-25 17:45:10 - [TEST_STEP][PASSED] - delay: Delayed 1 second(s)

2019-04-25 17:45:11 - [MESSAGE][PASSED] - Delayed 1 second(s)

2019-04-25 17:45:11 - [TEST_STEP][PASSED] - click: Object: 'Object Repository/Page_KiboPush  Dashboard/span_Sequence Messaging' is clicked on

2019-04-25 17:45:11 - [MESSAGE][PASSED] - Object: 'Object Repository/Page_KiboPush  Dashboard/span_Sequence Messaging' is clicked on

2019-04-25 17:45:11 - [TEST_STEP][PASSED] - scrollToPosition: Browser is scrolled to position x = 0, y = 0

2019-04-25 17:45:12 - [MESSAGE][PASSED] - Browser is scrolled to position x = 0, y = 0

2019-04-25 17:45:12 - [TEST_STEP][PASSED] - click: Object: 'Object Repository/Page_KiboPush  Sequence Messaging/h3_Sequence Messaging' is clicked on

2019-04-25 17:45:12 - [MESSAGE][PASSED] - Object: 'Object Repository/Page_KiboPush  Sequence Messaging/h3_Sequence Messaging' is clicked on

2019-04-25 17:45:12 - [TEST_STEP][PASSED] - delay: Delayed 1 second(s)

2019-04-25 17:45:13 - [MESSAGE][PASSED] - Delayed 1 second(s)

2019-04-25 17:45:13 - [MESSAGE][PASSED] - Call Test Case 'Test Cases/s-sidebar_navigation/individualAccount/sequenceMessaging' successfully

2019-04-25 17:45:13 - [MESSAGE][PASSED] - Call Test Case 'Test Cases/Sequence Messaging/Login' successfully

2019-04-25 17:45:13 - [MESSAGE][PASSED] - Call Test Case 'Test Cases/Sequence Messaging/Go_to_Seq_Messaging' successfully

2019-04-25 17:45:13 - [TEST_STEP][PASSED] - delay: Delayed 4 second(s)

2019-04-25 17:45:16 - [MESSAGE][PASSED] - Delayed 4 second(s)]]></system-out>
         <system-err><![CDATA[]]></system-err>
      </testcase>
      <testcase name="Test Cases/Sequence Messaging/TC0981" classname="Test Cases/Sequence Messaging/TC0981" status="PASSED">
         <system-out><![CDATA[2019-04-25 17:45:16 - [TEST_CASE][PASSED] - Test Cases/Sequence Messaging/TC0981: Test Cases/Sequence Messaging/TC0981

2019-04-25 17:45:16 - [TEST_STEP][PASSED] - callTestCase: Call Test Case 'Test Cases/Sequence Messaging/TC0980' successfully

2019-04-25 17:45:16 - [TEST_CASE][PASSED] - Test Cases/Sequence Messaging/TC0980: Test Cases/Sequence Messaging/TC0980

2019-04-25 17:45:16 - [TEST_STEP][PASSED] - callTestCase: Call Test Case 'Test Cases/Sequence Messaging/Go_to_Seq_Messaging' successfully

2019-04-25 17:45:16 - [TEST_CASE][PASSED] - Test Cases/Sequence Messaging/Go_to_Seq_Messaging: Test Cases/Sequence Messaging/Go_to_Seq_Messaging

2019-04-25 17:45:16 - [TEST_STEP][PASSED] - callTestCase: Call Test Case 'Test Cases/Sequence Messaging/Login' successfully

2019-04-25 17:45:16 - [TEST_CASE][PASSED] - Test Cases/Sequence Messaging/Login: Test Cases/Sequence Messaging/Login

2019-04-25 17:45:16 - [TEST_STEP][PASSED] - callTestCase: Call Test Case 'Test Cases/s-sidebar_navigation/individualAccount/sequenceMessaging' successfully

2019-04-25 17:45:16 - [TEST_CASE][PASSED] - Test Cases/s-sidebar_navigation/individualAccount/sequenceMessaging: Test Cases/s-sidebar_navigation/individualAccount/sequenceMessaging

2019-04-25 17:45:17 - [TEST_STEP][PASSED] - click: Object: 'Object Repository/Page_KiboPush  Dashboard/span_Autoposting' is clicked on

2019-04-25 17:45:17 - [MESSAGE][PASSED] - Object: 'Object Repository/Page_KiboPush  Dashboard/span_Autoposting' is clicked on

2019-04-25 17:45:17 - [TEST_STEP][PASSED] - delay: Delayed 1 second(s)

2019-04-25 17:45:18 - [MESSAGE][PASSED] - Delayed 1 second(s)

2019-04-25 17:45:18 - [TEST_STEP][PASSED] - click: Object: 'Object Repository/Page_KiboPush  Dashboard/span_Sequence Messaging' is clicked on

2019-04-25 17:45:18 - [MESSAGE][PASSED] - Object: 'Object Repository/Page_KiboPush  Dashboard/span_Sequence Messaging' is clicked on

2019-04-25 17:45:18 - [TEST_STEP][PASSED] - scrollToPosition: Browser is scrolled to position x = 0, y = 0

2019-04-25 17:45:18 - [MESSAGE][PASSED] - Browser is scrolled to position x = 0, y = 0

2019-04-25 17:45:18 - [TEST_STEP][PASSED] - click: Object: 'Object Repository/Page_KiboPush  Sequence Messaging/h3_Sequence Messaging' is clicked on

2019-04-25 17:45:18 - [MESSAGE][PASSED] - Object: 'Object Repository/Page_KiboPush  Sequence Messaging/h3_Sequence Messaging' is clicked on

2019-04-25 17:45:18 - [TEST_STEP][PASSED] - delay: Delayed 1 second(s)

2019-04-25 17:45:19 - [MESSAGE][PASSED] - Delayed 1 second(s)

2019-04-25 17:45:19 - [MESSAGE][PASSED] - Call Test Case 'Test Cases/s-sidebar_navigation/individualAccount/sequenceMessaging' successfully

2019-04-25 17:45:19 - [MESSAGE][PASSED] - Call Test Case 'Test Cases/Sequence Messaging/Login' successfully

2019-04-25 17:45:19 - [MESSAGE][PASSED] - Call Test Case 'Test Cases/Sequence Messaging/Go_to_Seq_Messaging' successfully

2019-04-25 17:45:19 - [TEST_STEP][PASSED] - delay: Delayed 4 second(s)

2019-04-25 17:45:22 - [MESSAGE][PASSED] - Delayed 4 second(s)

2019-04-25 17:45:22 - [MESSAGE][PASSED] - Call Test Case 'Test Cases/Sequence Messaging/TC0980' successfully

2019-04-25 17:45:22 - [TEST_STEP][PASSED] - setText: Text 'Test' is set on object 'Object Repository/Page_KiboPush  Sequence Messaging/input_Create New Sequence_form'

2019-04-25 17:45:22 - [MESSAGE][PASSED] - Text 'Test' is set on object 'Object Repository/Page_KiboPush  Sequence Messaging/input_Create New Sequence_form'

2019-04-25 17:45:22 - [TEST_STEP][PASSED] - delay: Delayed 3 second(s)

2019-04-25 17:45:25 - [MESSAGE][PASSED] - Delayed 3 second(s)]]></system-out>
         <system-err><![CDATA[]]></system-err>
      </testcase>
      <testcase name="Test Cases/Sequence Messaging/TC0982" classname="Test Cases/Sequence Messaging/TC0982" status="PASSED">
         <system-out><![CDATA[2019-04-25 17:45:25 - [TEST_CASE][PASSED] - Test Cases/Sequence Messaging/TC0982: Test Cases/Sequence Messaging/TC0982

2019-04-25 17:45:25 - [TEST_STEP][PASSED] - callTestCase: Call Test Case 'Test Cases/Sequence Messaging/TC0980' successfully

2019-04-25 17:45:25 - [TEST_CASE][PASSED] - Test Cases/Sequence Messaging/TC0980: Test Cases/Sequence Messaging/TC0980

2019-04-25 17:45:25 - [TEST_STEP][PASSED] - callTestCase: Call Test Case 'Test Cases/Sequence Messaging/Go_to_Seq_Messaging' successfully

2019-04-25 17:45:25 - [TEST_CASE][PASSED] - Test Cases/Sequence Messaging/Go_to_Seq_Messaging: Test Cases/Sequence Messaging/Go_to_Seq_Messaging

2019-04-25 17:45:25 - [TEST_STEP][PASSED] - callTestCase: Call Test Case 'Test Cases/Sequence Messaging/Login' successfully

2019-04-25 17:45:25 - [TEST_CASE][PASSED] - Test Cases/Sequence Messaging/Login: Test Cases/Sequence Messaging/Login

2019-04-25 17:45:25 - [TEST_STEP][PASSED] - callTestCase: Call Test Case 'Test Cases/s-sidebar_navigation/individualAccount/sequenceMessaging' successfully

2019-04-25 17:45:25 - [TEST_CASE][PASSED] - Test Cases/s-sidebar_navigation/individualAccount/sequenceMessaging: Test Cases/s-sidebar_navigation/individualAccount/sequenceMessaging

2019-04-25 17:45:25 - [TEST_STEP][PASSED] - click: Object: 'Object Repository/Page_KiboPush  Dashboard/span_Autoposting' is clicked on

2019-04-25 17:45:26 - [MESSAGE][PASSED] - Object: 'Object Repository/Page_KiboPush  Dashboard/span_Autoposting' is clicked on

2019-04-25 17:45:26 - [TEST_STEP][PASSED] - delay: Delayed 1 second(s)

2019-04-25 17:45:27 - [MESSAGE][PASSED] - Delayed 1 second(s)

2019-04-25 17:45:27 - [TEST_STEP][PASSED] - click: Object: 'Object Repository/Page_KiboPush  Dashboard/span_Sequence Messaging' is clicked on

2019-04-25 17:45:27 - [MESSAGE][PASSED] - Object: 'Object Repository/Page_KiboPush  Dashboard/span_Sequence Messaging' is clicked on

2019-04-25 17:45:27 - [TEST_STEP][PASSED] - scrollToPosition: Browser is scrolled to position x = 0, y = 0

2019-04-25 17:45:27 - [MESSAGE][PASSED] - Browser is scrolled to position x = 0, y = 0

2019-04-25 17:45:27 - [TEST_STEP][PASSED] - click: Object: 'Object Repository/Page_KiboPush  Sequence Messaging/h3_Sequence Messaging' is clicked on

2019-04-25 17:45:28 - [MESSAGE][PASSED] - Object: 'Object Repository/Page_KiboPush  Sequence Messaging/h3_Sequence Messaging' is clicked on

2019-04-25 17:45:28 - [TEST_STEP][PASSED] - delay: Delayed 1 second(s)

2019-04-25 17:45:29 - [MESSAGE][PASSED] - Delayed 1 second(s)

2019-04-25 17:45:29 - [MESSAGE][PASSED] - Call Test Case 'Test Cases/s-sidebar_navigation/individualAccount/sequenceMessaging' successfully

2019-04-25 17:45:29 - [MESSAGE][PASSED] - Call Test Case 'Test Cases/Sequence Messaging/Login' successfully

2019-04-25 17:45:29 - [MESSAGE][PASSED] - Call Test Case 'Test Cases/Sequence Messaging/Go_to_Seq_Messaging' successfully

2019-04-25 17:45:29 - [TEST_STEP][PASSED] - delay: Delayed 4 second(s)

2019-04-25 17:45:32 - [MESSAGE][PASSED] - Delayed 4 second(s)

2019-04-25 17:45:32 - [MESSAGE][PASSED] - Call Test Case 'Test Cases/Sequence Messaging/TC0980' successfully

2019-04-25 17:45:32 - [TEST_STEP][PASSED] - delay: Delayed 2 second(s)

2019-04-25 17:45:34 - [MESSAGE][PASSED] - Delayed 2 second(s)

2019-04-25 17:45:34 - [TEST_STEP][PASSED] - click: Object: 'Object Repository/Page_KiboPush  Sequence Messaging/span_Create New Sequence (2)' is clicked on

2019-04-25 17:45:34 - [MESSAGE][PASSED] - Object: 'Object Repository/Page_KiboPush  Sequence Messaging/span_Create New Sequence (2)' is clicked on

2019-04-25 17:45:34 - [TEST_STEP][PASSED] - delay: Delayed 2 second(s)

2019-04-25 17:45:36 - [MESSAGE][PASSED] - Delayed 2 second(s)]]></system-out>
         <system-err><![CDATA[]]></system-err>
      </testcase>
      <testcase name="Test Cases/Sequence Messaging/TC0983" classname="Test Cases/Sequence Messaging/TC0983" status="PASSED">
         <system-out><![CDATA[2019-04-25 17:45:36 - [TEST_CASE][PASSED] - Test Cases/Sequence Messaging/TC0983: Test Cases/Sequence Messaging/TC0983

2019-04-25 17:45:36 - [TEST_STEP][PASSED] - callTestCase: Call Test Case 'Test Cases/Sequence Messaging/TC0982' successfully

2019-04-25 17:45:37 - [TEST_CASE][PASSED] - Test Cases/Sequence Messaging/TC0982: Test Cases/Sequence Messaging/TC0982

2019-04-25 17:45:37 - [TEST_STEP][PASSED] - callTestCase: Call Test Case 'Test Cases/Sequence Messaging/TC0980' successfully

2019-04-25 17:45:37 - [TEST_CASE][PASSED] - Test Cases/Sequence Messaging/TC0980: Test Cases/Sequence Messaging/TC0980

2019-04-25 17:45:37 - [TEST_STEP][PASSED] - callTestCase: Call Test Case 'Test Cases/Sequence Messaging/Go_to_Seq_Messaging' successfully

2019-04-25 17:45:37 - [TEST_CASE][PASSED] - Test Cases/Sequence Messaging/Go_to_Seq_Messaging: Test Cases/Sequence Messaging/Go_to_Seq_Messaging

2019-04-25 17:45:37 - [TEST_STEP][PASSED] - callTestCase: Call Test Case 'Test Cases/Sequence Messaging/Login' successfully

2019-04-25 17:45:37 - [TEST_CASE][PASSED] - Test Cases/Sequence Messaging/Login: Test Cases/Sequence Messaging/Login

2019-04-25 17:45:37 - [TEST_STEP][PASSED] - callTestCase: Call Test Case 'Test Cases/s-sidebar_navigation/individualAccount/sequenceMessaging' successfully

2019-04-25 17:45:37 - [TEST_CASE][PASSED] - Test Cases/s-sidebar_navigation/individualAccount/sequenceMessaging: Test Cases/s-sidebar_navigation/individualAccount/sequenceMessaging

2019-04-25 17:45:37 - [TEST_STEP][PASSED] - click: Object: 'Object Repository/Page_KiboPush  Dashboard/span_Autoposting' is clicked on

2019-04-25 17:45:37 - [MESSAGE][PASSED] - Object: 'Object Repository/Page_KiboPush  Dashboard/span_Autoposting' is clicked on

2019-04-25 17:45:37 - [TEST_STEP][PASSED] - delay: Delayed 1 second(s)

2019-04-25 17:45:38 - [MESSAGE][PASSED] - Delayed 1 second(s)

2019-04-25 17:45:38 - [TEST_STEP][PASSED] - click: Object: 'Object Repository/Page_KiboPush  Dashboard/span_Sequence Messaging' is clicked on

2019-04-25 17:45:39 - [MESSAGE][PASSED] - Object: 'Object Repository/Page_KiboPush  Dashboard/span_Sequence Messaging' is clicked on

2019-04-25 17:45:39 - [TEST_STEP][PASSED] - scrollToPosition: Browser is scrolled to position x = 0, y = 0

2019-04-25 17:45:39 - [MESSAGE][PASSED] - Browser is scrolled to position x = 0, y = 0

2019-04-25 17:45:39 - [TEST_STEP][PASSED] - click: Object: 'Object Repository/Page_KiboPush  Sequence Messaging/h3_Sequence Messaging' is clicked on

2019-04-25 17:45:39 - [MESSAGE][PASSED] - Object: 'Object Repository/Page_KiboPush  Sequence Messaging/h3_Sequence Messaging' is clicked on

2019-04-25 17:45:39 - [TEST_STEP][PASSED] - delay: Delayed 1 second(s)

2019-04-25 17:45:40 - [MESSAGE][PASSED] - Delayed 1 second(s)

2019-04-25 17:45:40 - [MESSAGE][PASSED] - Call Test Case 'Test Cases/s-sidebar_navigation/individualAccount/sequenceMessaging' successfully

2019-04-25 17:45:40 - [MESSAGE][PASSED] - Call Test Case 'Test Cases/Sequence Messaging/Login' successfully

2019-04-25 17:45:40 - [MESSAGE][PASSED] - Call Test Case 'Test Cases/Sequence Messaging/Go_to_Seq_Messaging' successfully

2019-04-25 17:45:40 - [TEST_STEP][PASSED] - delay: Delayed 4 second(s)

2019-04-25 17:45:44 - [MESSAGE][PASSED] - Delayed 4 second(s)

2019-04-25 17:45:44 - [MESSAGE][PASSED] - Call Test Case 'Test Cases/Sequence Messaging/TC0980' successfully

2019-04-25 17:45:44 - [TEST_STEP][PASSED] - delay: Delayed 2 second(s)

2019-04-25 17:45:46 - [MESSAGE][PASSED] - Delayed 2 second(s)

2019-04-25 17:45:46 - [TEST_STEP][PASSED] - click: Object: 'Object Repository/Page_KiboPush  Sequence Messaging/span_Create New Sequence (2)' is clicked on

2019-04-25 17:45:47 - [MESSAGE][PASSED] - Object: 'Object Repository/Page_KiboPush  Sequence Messaging/span_Create New Sequence (2)' is clicked on

2019-04-25 17:45:47 - [TEST_STEP][PASSED] - delay: Delayed 2 second(s)

2019-04-25 17:45:49 - [MESSAGE][PASSED] - Delayed 2 second(s)

2019-04-25 17:45:49 - [MESSAGE][PASSED] - Call Test Case 'Test Cases/Sequence Messaging/TC0982' successfully

2019-04-25 17:45:49 - [TEST_STEP][PASSED] - setText: Text 'Sequence1' is set on object 'Object Repository/Page_KiboPush  Sequence Messaging/input_Sequence Name_form-contr'

2019-04-25 17:45:50 - [MESSAGE][PASSED] - Text 'Sequence1' is set on object 'Object Repository/Page_KiboPush  Sequence Messaging/input_Sequence Name_form-contr'

2019-04-25 17:45:50 - [TEST_STEP][PASSED] - delay: Delayed 2 second(s)

2019-04-25 17:45:52 - [MESSAGE][PASSED] - Delayed 2 second(s)

2019-04-25 17:45:52 - [TEST_STEP][PASSED] - click: Object: 'Object Repository/Page_KiboPush  Sequence Messaging/button_Create' is clicked on

2019-04-25 17:45:52 - [MESSAGE][PASSED] - Object: 'Object Repository/Page_KiboPush  Sequence Messaging/button_Create' is clicked on

2019-04-25 17:45:52 - [TEST_STEP][PASSED] - delay: Delayed 2 second(s)

2019-04-25 17:45:55 - [MESSAGE][PASSED] - Delayed 2 second(s)

2019-04-25 17:45:55 - [TEST_STEP][PASSED] - click: Object: 'Object Repository/Page_KiboPush  Sequence Messaging/button_Add Message (1)' is clicked on

2019-04-25 17:45:55 - [MESSAGE][PASSED] - Object: 'Object Repository/Page_KiboPush  Sequence Messaging/button_Add Message (1)' is clicked on

2019-04-25 17:45:55 - [TEST_STEP][PASSED] - delay: Delayed 2 second(s)

2019-04-25 17:45:57 - [MESSAGE][PASSED] - Delayed 2 second(s)

2019-04-25 17:45:57 - [TEST_STEP][PASSED] - click: Object: 'Object Repository/Page_KiboPush  Sequence Messaging/button_Add Message (1)' is clicked on

2019-04-25 17:45:58 - [MESSAGE][PASSED] - Object: 'Object Repository/Page_KiboPush  Sequence Messaging/button_Add Message (1)' is clicked on

2019-04-25 17:45:58 - [TEST_STEP][PASSED] - delay: Delayed 2 second(s)

2019-04-25 17:46:00 - [MESSAGE][PASSED] - Delayed 2 second(s)]]></system-out>
         <system-err><![CDATA[]]></system-err>
      </testcase>
      <testcase name="Test Cases/Sequence Messaging/TC0984" classname="Test Cases/Sequence Messaging/TC0984" status="PASSED">
         <system-out><![CDATA[2019-04-25 17:46:00 - [TEST_CASE][PASSED] - Test Cases/Sequence Messaging/TC0984: Test Cases/Sequence Messaging/TC0984

2019-04-25 17:46:00 - [TEST_STEP][PASSED] - callTestCase: Call Test Case 'Test Cases/Sequence Messaging/TC0980' successfully

2019-04-25 17:46:00 - [TEST_CASE][PASSED] - Test Cases/Sequence Messaging/TC0980: Test Cases/Sequence Messaging/TC0980

2019-04-25 17:46:00 - [TEST_STEP][PASSED] - callTestCase: Call Test Case 'Test Cases/Sequence Messaging/Go_to_Seq_Messaging' successfully

2019-04-25 17:46:00 - [TEST_CASE][PASSED] - Test Cases/Sequence Messaging/Go_to_Seq_Messaging: Test Cases/Sequence Messaging/Go_to_Seq_Messaging

2019-04-25 17:46:00 - [TEST_STEP][PASSED] - callTestCase: Call Test Case 'Test Cases/Sequence Messaging/Login' successfully

2019-04-25 17:46:00 - [TEST_CASE][PASSED] - Test Cases/Sequence Messaging/Login: Test Cases/Sequence Messaging/Login

2019-04-25 17:46:01 - [TEST_STEP][PASSED] - callTestCase: Call Test Case 'Test Cases/s-sidebar_navigation/individualAccount/sequenceMessaging' successfully

2019-04-25 17:46:01 - [TEST_CASE][PASSED] - Test Cases/s-sidebar_navigation/individualAccount/sequenceMessaging: Test Cases/s-sidebar_navigation/individualAccount/sequenceMessaging

2019-04-25 17:46:01 - [TEST_STEP][PASSED] - click: Object: 'Object Repository/Page_KiboPush  Dashboard/span_Autoposting' is clicked on

2019-04-25 17:46:01 - [MESSAGE][PASSED] - Object: 'Object Repository/Page_KiboPush  Dashboard/span_Autoposting' is clicked on

2019-04-25 17:46:01 - [TEST_STEP][PASSED] - delay: Delayed 1 second(s)

2019-04-25 17:46:02 - [MESSAGE][PASSED] - Delayed 1 second(s)

2019-04-25 17:46:02 - [TEST_STEP][PASSED] - click: Object: 'Object Repository/Page_KiboPush  Dashboard/span_Sequence Messaging' is clicked on

2019-04-25 17:46:03 - [MESSAGE][PASSED] - Object: 'Object Repository/Page_KiboPush  Dashboard/span_Sequence Messaging' is clicked on

2019-04-25 17:46:03 - [TEST_STEP][PASSED] - scrollToPosition: Browser is scrolled to position x = 0, y = 0

2019-04-25 17:46:03 - [MESSAGE][PASSED] - Browser is scrolled to position x = 0, y = 0

2019-04-25 17:46:03 - [TEST_STEP][PASSED] - click: Object: 'Object Repository/Page_KiboPush  Sequence Messaging/h3_Sequence Messaging' is clicked on

2019-04-25 17:46:03 - [MESSAGE][PASSED] - Object: 'Object Repository/Page_KiboPush  Sequence Messaging/h3_Sequence Messaging' is clicked on

2019-04-25 17:46:03 - [TEST_STEP][PASSED] - delay: Delayed 1 second(s)

2019-04-25 17:46:05 - [MESSAGE][PASSED] - Delayed 1 second(s)

2019-04-25 17:46:05 - [MESSAGE][PASSED] - Call Test Case 'Test Cases/s-sidebar_navigation/individualAccount/sequenceMessaging' successfully

2019-04-25 17:46:05 - [MESSAGE][PASSED] - Call Test Case 'Test Cases/Sequence Messaging/Login' successfully

2019-04-25 17:46:05 - [MESSAGE][PASSED] - Call Test Case 'Test Cases/Sequence Messaging/Go_to_Seq_Messaging' successfully

2019-04-25 17:46:05 - [TEST_STEP][PASSED] - delay: Delayed 4 second(s)

2019-04-25 17:46:10 - [MESSAGE][PASSED] - Delayed 4 second(s)

2019-04-25 17:46:10 - [MESSAGE][PASSED] - Call Test Case 'Test Cases/Sequence Messaging/TC0980' successfully

2019-04-25 17:46:10 - [TEST_STEP][PASSED] - delay: Delayed 2 second(s)

2019-04-25 17:46:12 - [MESSAGE][PASSED] - Delayed 2 second(s)

2019-04-25 17:46:12 - [TEST_STEP][PASSED] - click: Object: 'Object Repository/Page_KiboPush  Sequence Messaging/Delete Sequence Icon (1)' is clicked on

2019-04-25 17:46:12 - [MESSAGE][PASSED] - Object: 'Object Repository/Page_KiboPush  Sequence Messaging/Delete Sequence Icon (1)' is clicked on

2019-04-25 17:46:12 - [TEST_STEP][PASSED] - delay: Delayed 2 second(s)

2019-04-25 17:46:15 - [MESSAGE][PASSED] - Delayed 2 second(s)

2019-04-25 17:46:15 - [TEST_STEP][PASSED] - click: Object: 'Object Repository/Page_KiboPush  Sequence Messaging/button_Delete (2)' is clicked on

2019-04-25 17:46:15 - [MESSAGE][PASSED] - Object: 'Object Repository/Page_KiboPush  Sequence Messaging/button_Delete (2)' is clicked on

2019-04-25 17:46:15 - [TEST_STEP][PASSED] - delay: Delayed 2 second(s)

2019-04-25 17:46:18 - [MESSAGE][PASSED] - Delayed 2 second(s)

2019-04-25 17:46:18 - [TEST_STEP][PASSED] - click: Object: 'Object Repository/Page_KiboPush  Sequence Messaging/button_Create New Sequence' is clicked on

2019-04-25 17:46:18 - [MESSAGE][PASSED] - Object: 'Object Repository/Page_KiboPush  Sequence Messaging/button_Create New Sequence' is clicked on

2019-04-25 17:46:18 - [TEST_STEP][PASSED] - setText: Text 'Sequence1' is set on object 'Object Repository/Page_KiboPush  Sequence Messaging/input_Sequence Name_form-contr (3)'

2019-04-25 17:46:20 - [MESSAGE][PASSED] - Text 'Sequence1' is set on object 'Object Repository/Page_KiboPush  Sequence Messaging/input_Sequence Name_form-contr (3)'

2019-04-25 17:46:20 - [TEST_STEP][PASSED] - delay: Delayed 2 second(s)

2019-04-25 17:46:23 - [MESSAGE][PASSED] - Delayed 2 second(s)

2019-04-25 17:46:23 - [TEST_STEP][PASSED] - click: Object: 'Object Repository/Page_KiboPush  Sequence Messaging/button_Create (2)' is clicked on

2019-04-25 17:46:23 - [MESSAGE][PASSED] - Object: 'Object Repository/Page_KiboPush  Sequence Messaging/button_Create (2)' is clicked on

2019-04-25 17:46:23 - [TEST_STEP][PASSED] - delay: Delayed 2 second(s)

2019-04-25 17:46:26 - [MESSAGE][PASSED] - Delayed 2 second(s)

2019-04-25 17:46:26 - [TEST_STEP][PASSED] - click: Object: 'Object Repository/Page_KiboPush  Sequence Messaging/button_Add Message (1)' is clicked on

2019-04-25 17:46:26 - [MESSAGE][PASSED] - Object: 'Object Repository/Page_KiboPush  Sequence Messaging/button_Add Message (1)' is clicked on

2019-04-25 17:46:26 - [TEST_STEP][PASSED] - delay: Delayed 2 second(s)

2019-04-25 17:46:29 - [MESSAGE][PASSED] - Delayed 2 second(s)

2019-04-25 17:46:29 - [TEST_STEP][PASSED] - click: Object: 'Object Repository/Page_KiboPush  Sequence Messaging/button_Add Message (1)' is clicked on

2019-04-25 17:46:29 - [MESSAGE][PASSED] - Object: 'Object Repository/Page_KiboPush  Sequence Messaging/button_Add Message (1)' is clicked on

2019-04-25 17:46:29 - [TEST_STEP][PASSED] - delay: Delayed 2 second(s)

2019-04-25 17:46:32 - [MESSAGE][PASSED] - Delayed 2 second(s)

2019-04-25 17:46:32 - [TEST_STEP][PASSED] - click: Object: 'Object Repository/Page_KiboPush  Sequence Messaging/a_Back (5)' is clicked on

2019-04-25 17:46:33 - [MESSAGE][PASSED] - Object: 'Object Repository/Page_KiboPush  Sequence Messaging/a_Back (5)' is clicked on

2019-04-25 17:46:33 - [TEST_STEP][PASSED] - click: Object: 'Object Repository/Page_KiboPush  Sequence Messaging/span_Edit' is clicked on

2019-04-25 17:46:34 - [MESSAGE][PASSED] - Object: 'Object Repository/Page_KiboPush  Sequence Messaging/span_Edit' is clicked on

2019-04-25 17:46:34 - [TEST_STEP][PASSED] - delay: Delayed 2 second(s)

2019-04-25 17:46:36 - [MESSAGE][PASSED] - Delayed 2 second(s)]]></system-out>
         <system-err><![CDATA[]]></system-err>
      </testcase>
      <testcase name="Test Cases/Sequence Messaging/TC0985" classname="Test Cases/Sequence Messaging/TC0985" status="PASSED">
         <system-out><![CDATA[2019-04-25 17:46:36 - [TEST_CASE][PASSED] - Test Cases/Sequence Messaging/TC0985: Test Cases/Sequence Messaging/TC0985

2019-04-25 17:46:37 - [TEST_STEP][PASSED] - callTestCase: Call Test Case 'Test Cases/Sequence Messaging/TC0984' successfully

2019-04-25 17:46:37 - [TEST_CASE][PASSED] - Test Cases/Sequence Messaging/TC0984: Test Cases/Sequence Messaging/TC0984

2019-04-25 17:46:37 - [TEST_STEP][PASSED] - callTestCase: Call Test Case 'Test Cases/Sequence Messaging/TC0980' successfully

2019-04-25 17:46:37 - [TEST_CASE][PASSED] - Test Cases/Sequence Messaging/TC0980: Test Cases/Sequence Messaging/TC0980

2019-04-25 17:46:37 - [TEST_STEP][PASSED] - callTestCase: Call Test Case 'Test Cases/Sequence Messaging/Go_to_Seq_Messaging' successfully

2019-04-25 17:46:38 - [TEST_CASE][PASSED] - Test Cases/Sequence Messaging/Go_to_Seq_Messaging: Test Cases/Sequence Messaging/Go_to_Seq_Messaging

2019-04-25 17:46:38 - [TEST_STEP][PASSED] - callTestCase: Call Test Case 'Test Cases/Sequence Messaging/Login' successfully

2019-04-25 17:46:38 - [TEST_CASE][PASSED] - Test Cases/Sequence Messaging/Login: Test Cases/Sequence Messaging/Login

2019-04-25 17:46:38 - [TEST_STEP][PASSED] - callTestCase: Call Test Case 'Test Cases/s-sidebar_navigation/individualAccount/sequenceMessaging' successfully

2019-04-25 17:46:38 - [TEST_CASE][PASSED] - Test Cases/s-sidebar_navigation/individualAccount/sequenceMessaging: Test Cases/s-sidebar_navigation/individualAccount/sequenceMessaging

2019-04-25 17:46:38 - [TEST_STEP][PASSED] - click: Object: 'Object Repository/Page_KiboPush  Dashboard/span_Autoposting' is clicked on

2019-04-25 17:46:39 - [MESSAGE][PASSED] - Object: 'Object Repository/Page_KiboPush  Dashboard/span_Autoposting' is clicked on

2019-04-25 17:46:39 - [TEST_STEP][PASSED] - delay: Delayed 1 second(s)

2019-04-25 17:46:40 - [MESSAGE][PASSED] - Delayed 1 second(s)

2019-04-25 17:46:40 - [TEST_STEP][PASSED] - click: Object: 'Object Repository/Page_KiboPush  Dashboard/span_Sequence Messaging' is clicked on

2019-04-25 17:46:40 - [MESSAGE][PASSED] - Object: 'Object Repository/Page_KiboPush  Dashboard/span_Sequence Messaging' is clicked on

2019-04-25 17:46:40 - [TEST_STEP][PASSED] - scrollToPosition: Browser is scrolled to position x = 0, y = 0

2019-04-25 17:46:40 - [MESSAGE][PASSED] - Browser is scrolled to position x = 0, y = 0

2019-04-25 17:46:40 - [TEST_STEP][PASSED] - click: Object: 'Object Repository/Page_KiboPush  Sequence Messaging/h3_Sequence Messaging' is clicked on

2019-04-25 17:46:41 - [MESSAGE][PASSED] - Object: 'Object Repository/Page_KiboPush  Sequence Messaging/h3_Sequence Messaging' is clicked on

2019-04-25 17:46:41 - [TEST_STEP][PASSED] - delay: Delayed 1 second(s)

2019-04-25 17:46:42 - [MESSAGE][PASSED] - Delayed 1 second(s)

2019-04-25 17:46:42 - [MESSAGE][PASSED] - Call Test Case 'Test Cases/s-sidebar_navigation/individualAccount/sequenceMessaging' successfully

2019-04-25 17:46:42 - [MESSAGE][PASSED] - Call Test Case 'Test Cases/Sequence Messaging/Login' successfully

2019-04-25 17:46:42 - [MESSAGE][PASSED] - Call Test Case 'Test Cases/Sequence Messaging/Go_to_Seq_Messaging' successfully

2019-04-25 17:46:42 - [TEST_STEP][PASSED] - delay: Delayed 4 second(s)

2019-04-25 17:46:46 - [MESSAGE][PASSED] - Delayed 4 second(s)

2019-04-25 17:46:46 - [MESSAGE][PASSED] - Call Test Case 'Test Cases/Sequence Messaging/TC0980' successfully

2019-04-25 17:46:46 - [TEST_STEP][PASSED] - delay: Delayed 2 second(s)

2019-04-25 17:46:48 - [MESSAGE][PASSED] - Delayed 2 second(s)

2019-04-25 17:46:48 - [TEST_STEP][PASSED] - click: Object: 'Object Repository/Page_KiboPush  Sequence Messaging/Delete Sequence Icon (1)' is clicked on

2019-04-25 17:46:49 - [MESSAGE][PASSED] - Object: 'Object Repository/Page_KiboPush  Sequence Messaging/Delete Sequence Icon (1)' is clicked on

2019-04-25 17:46:49 - [TEST_STEP][PASSED] - delay: Delayed 2 second(s)

2019-04-25 17:46:51 - [MESSAGE][PASSED] - Delayed 2 second(s)

2019-04-25 17:46:51 - [TEST_STEP][PASSED] - click: Object: 'Object Repository/Page_KiboPush  Sequence Messaging/button_Delete (2)' is clicked on

2019-04-25 17:46:51 - [MESSAGE][PASSED] - Object: 'Object Repository/Page_KiboPush  Sequence Messaging/button_Delete (2)' is clicked on

2019-04-25 17:46:51 - [TEST_STEP][PASSED] - delay: Delayed 2 second(s)

2019-04-25 17:46:53 - [MESSAGE][PASSED] - Delayed 2 second(s)

2019-04-25 17:46:53 - [TEST_STEP][PASSED] - click: Object: 'Object Repository/Page_KiboPush  Sequence Messaging/button_Create New Sequence' is clicked on

2019-04-25 17:46:54 - [MESSAGE][PASSED] - Object: 'Object Repository/Page_KiboPush  Sequence Messaging/button_Create New Sequence' is clicked on

2019-04-25 17:46:54 - [TEST_STEP][PASSED] - setText: Text 'Sequence1' is set on object 'Object Repository/Page_KiboPush  Sequence Messaging/input_Sequence Name_form-contr (3)'

2019-04-25 17:46:55 - [MESSAGE][PASSED] - Text 'Sequence1' is set on object 'Object Repository/Page_KiboPush  Sequence Messaging/input_Sequence Name_form-contr (3)'

2019-04-25 17:46:55 - [TEST_STEP][PASSED] - delay: Delayed 2 second(s)

2019-04-25 17:46:57 - [MESSAGE][PASSED] - Delayed 2 second(s)

2019-04-25 17:46:57 - [TEST_STEP][PASSED] - click: Object: 'Object Repository/Page_KiboPush  Sequence Messaging/button_Create (2)' is clicked on

2019-04-25 17:46:57 - [MESSAGE][PASSED] - Object: 'Object Repository/Page_KiboPush  Sequence Messaging/button_Create (2)' is clicked on

2019-04-25 17:46:57 - [TEST_STEP][PASSED] - delay: Delayed 2 second(s)

2019-04-25 17:46:59 - [MESSAGE][PASSED] - Delayed 2 second(s)

2019-04-25 17:46:59 - [TEST_STEP][PASSED] - click: Object: 'Object Repository/Page_KiboPush  Sequence Messaging/button_Add Message (1)' is clicked on

2019-04-25 17:46:59 - [MESSAGE][PASSED] - Object: 'Object Repository/Page_KiboPush  Sequence Messaging/button_Add Message (1)' is clicked on

2019-04-25 17:46:59 - [TEST_STEP][PASSED] - delay: Delayed 2 second(s)

2019-04-25 17:47:01 - [MESSAGE][PASSED] - Delayed 2 second(s)

2019-04-25 17:47:01 - [TEST_STEP][PASSED] - click: Object: 'Object Repository/Page_KiboPush  Sequence Messaging/button_Add Message (1)' is clicked on

2019-04-25 17:47:02 - [MESSAGE][PASSED] - Object: 'Object Repository/Page_KiboPush  Sequence Messaging/button_Add Message (1)' is clicked on

2019-04-25 17:47:02 - [TEST_STEP][PASSED] - delay: Delayed 2 second(s)

2019-04-25 17:47:03 - [MESSAGE][PASSED] - Delayed 2 second(s)

2019-04-25 17:47:03 - [TEST_STEP][PASSED] - click: Object: 'Object Repository/Page_KiboPush  Sequence Messaging/a_Back (5)' is clicked on

2019-04-25 17:47:04 - [MESSAGE][PASSED] - Object: 'Object Repository/Page_KiboPush  Sequence Messaging/a_Back (5)' is clicked on

2019-04-25 17:47:04 - [TEST_STEP][PASSED] - click: Object: 'Object Repository/Page_KiboPush  Sequence Messaging/span_Edit' is clicked on

2019-04-25 17:47:05 - [MESSAGE][PASSED] - Object: 'Object Repository/Page_KiboPush  Sequence Messaging/span_Edit' is clicked on

2019-04-25 17:47:05 - [TEST_STEP][PASSED] - delay: Delayed 2 second(s)

2019-04-25 17:47:06 - [MESSAGE][PASSED] - Delayed 2 second(s)

2019-04-25 17:47:06 - [MESSAGE][PASSED] - Call Test Case 'Test Cases/Sequence Messaging/TC0984' successfully

2019-04-25 17:47:06 - [TEST_STEP][PASSED] - scrollToPosition: Browser is scrolled to position x = 0, y = 0

2019-04-25 17:47:06 - [MESSAGE][PASSED] - Browser is scrolled to position x = 0, y = 0

2019-04-25 17:47:07 - [TEST_STEP][PASSED] - click: Object: 'Object Repository/Page_KiboPush  Sequence Messaging/button_Add Message (1)' is clicked on

2019-04-25 17:47:07 - [MESSAGE][PASSED] - Object: 'Object Repository/Page_KiboPush  Sequence Messaging/button_Add Message (1)' is clicked on

2019-04-25 17:47:07 - [TEST_STEP][PASSED] - click: Object: 'Object Repository/Page_KiboPush  Sequence Messaging/span_New Message (3)' is clicked on

2019-04-25 17:47:07 - [MESSAGE][PASSED] - Object: 'Object Repository/Page_KiboPush  Sequence Messaging/span_New Message (3)' is clicked on

2019-04-25 17:47:07 - [TEST_STEP][PASSED] - delay: Delayed 2 second(s)

2019-04-25 17:47:09 - [MESSAGE][PASSED] - Delayed 2 second(s)]]></system-out>
         <system-err><![CDATA[]]></system-err>
      </testcase>
      <testcase name="Test Cases/Sequence Messaging/TC0986" classname="Test Cases/Sequence Messaging/TC0986" status="PASSED">
         <system-out><![CDATA[2019-04-25 17:47:09 - [TEST_CASE][PASSED] - Test Cases/Sequence Messaging/TC0986: Test Cases/Sequence Messaging/TC0986

2019-04-25 17:47:09 - [TEST_STEP][PASSED] - callTestCase: Call Test Case 'Test Cases/Sequence Messaging/TC0980' successfully

2019-04-25 17:47:09 - [TEST_CASE][PASSED] - Test Cases/Sequence Messaging/TC0980: Test Cases/Sequence Messaging/TC0980

2019-04-25 17:47:09 - [TEST_STEP][PASSED] - callTestCase: Call Test Case 'Test Cases/Sequence Messaging/Go_to_Seq_Messaging' successfully

2019-04-25 17:47:10 - [TEST_CASE][PASSED] - Test Cases/Sequence Messaging/Go_to_Seq_Messaging: Test Cases/Sequence Messaging/Go_to_Seq_Messaging

2019-04-25 17:47:10 - [TEST_STEP][PASSED] - callTestCase: Call Test Case 'Test Cases/Sequence Messaging/Login' successfully

2019-04-25 17:47:10 - [TEST_CASE][PASSED] - Test Cases/Sequence Messaging/Login: Test Cases/Sequence Messaging/Login

2019-04-25 17:47:10 - [TEST_STEP][PASSED] - callTestCase: Call Test Case 'Test Cases/s-sidebar_navigation/individualAccount/sequenceMessaging' successfully

2019-04-25 17:47:10 - [TEST_CASE][PASSED] - Test Cases/s-sidebar_navigation/individualAccount/sequenceMessaging: Test Cases/s-sidebar_navigation/individualAccount/sequenceMessaging

2019-04-25 17:47:10 - [TEST_STEP][PASSED] - click: Object: 'Object Repository/Page_KiboPush  Dashboard/span_Autoposting' is clicked on

2019-04-25 17:47:10 - [MESSAGE][PASSED] - Object: 'Object Repository/Page_KiboPush  Dashboard/span_Autoposting' is clicked on

2019-04-25 17:47:10 - [TEST_STEP][PASSED] - delay: Delayed 1 second(s)

2019-04-25 17:47:11 - [MESSAGE][PASSED] - Delayed 1 second(s)

2019-04-25 17:47:11 - [TEST_STEP][PASSED] - click: Object: 'Object Repository/Page_KiboPush  Dashboard/span_Sequence Messaging' is clicked on

2019-04-25 17:47:11 - [MESSAGE][PASSED] - Object: 'Object Repository/Page_KiboPush  Dashboard/span_Sequence Messaging' is clicked on

2019-04-25 17:47:11 - [TEST_STEP][PASSED] - scrollToPosition: Browser is scrolled to position x = 0, y = 0

2019-04-25 17:47:11 - [MESSAGE][PASSED] - Browser is scrolled to position x = 0, y = 0

2019-04-25 17:47:11 - [TEST_STEP][PASSED] - click: Object: 'Object Repository/Page_KiboPush  Sequence Messaging/h3_Sequence Messaging' is clicked on

2019-04-25 17:47:12 - [MESSAGE][PASSED] - Object: 'Object Repository/Page_KiboPush  Sequence Messaging/h3_Sequence Messaging' is clicked on

2019-04-25 17:47:12 - [TEST_STEP][PASSED] - delay: Delayed 1 second(s)

2019-04-25 17:47:13 - [MESSAGE][PASSED] - Delayed 1 second(s)

2019-04-25 17:47:13 - [MESSAGE][PASSED] - Call Test Case 'Test Cases/s-sidebar_navigation/individualAccount/sequenceMessaging' successfully

2019-04-25 17:47:13 - [MESSAGE][PASSED] - Call Test Case 'Test Cases/Sequence Messaging/Login' successfully

2019-04-25 17:47:13 - [MESSAGE][PASSED] - Call Test Case 'Test Cases/Sequence Messaging/Go_to_Seq_Messaging' successfully

2019-04-25 17:47:13 - [TEST_STEP][PASSED] - delay: Delayed 4 second(s)

2019-04-25 17:47:16 - [MESSAGE][PASSED] - Delayed 4 second(s)

2019-04-25 17:47:16 - [MESSAGE][PASSED] - Call Test Case 'Test Cases/Sequence Messaging/TC0980' successfully

2019-04-25 17:47:16 - [TEST_STEP][PASSED] - click: Object: 'Object Repository/Page_KiboPush  Sequence Messaging/span_Edit (1)' is clicked on

2019-04-25 17:47:16 - [MESSAGE][PASSED] - Object: 'Object Repository/Page_KiboPush  Sequence Messaging/span_Edit (1)' is clicked on

2019-04-25 17:47:16 - [TEST_STEP][PASSED] - delay: Delayed 2 second(s)

2019-04-25 17:47:18 - [MESSAGE][PASSED] - Delayed 2 second(s)

2019-04-25 17:47:18 - [TEST_STEP][PASSED] - click: Object: 'Object Repository/Page_KiboPush  Sequence Messaging/Delete Message Icon' is clicked on

2019-04-25 17:47:18 - [MESSAGE][PASSED] - Object: 'Object Repository/Page_KiboPush  Sequence Messaging/Delete Message Icon' is clicked on

2019-04-25 17:47:18 - [TEST_STEP][PASSED] - click: Object: 'Object Repository/Page_KiboPush  Sequence Messaging/button_Delete (3)' is clicked on

2019-04-25 17:47:18 - [MESSAGE][PASSED] - Object: 'Object Repository/Page_KiboPush  Sequence Messaging/button_Delete (3)' is clicked on

2019-04-25 17:47:18 - [TEST_STEP][PASSED] - delay: Delayed 4 second(s)

2019-04-25 17:47:21 - [MESSAGE][PASSED] - Delayed 4 second(s)

2019-04-25 17:47:21 - [TEST_STEP][PASSED] - scrollToPosition: Browser is scrolled to position x = 0, y = 0

2019-04-25 17:47:21 - [MESSAGE][PASSED] - Browser is scrolled to position x = 0, y = 0

2019-04-25 17:47:21 - [TEST_STEP][PASSED] - delay: Delayed 1 second(s)

2019-04-25 17:47:22 - [MESSAGE][PASSED] - Delayed 1 second(s)

2019-04-25 17:47:22 - [TEST_STEP][PASSED] - click: Object: 'Object Repository/Page_KiboPush  Sequence Messaging/button_Add Message (1)' is clicked on

2019-04-25 17:47:22 - [MESSAGE][PASSED] - Object: 'Object Repository/Page_KiboPush  Sequence Messaging/button_Add Message (1)' is clicked on

2019-04-25 17:47:22 - [TEST_STEP][PASSED] - delay: Delayed 2 second(s)

2019-04-25 17:47:24 - [MESSAGE][PASSED] - Delayed 2 second(s)

2019-04-25 17:47:24 - [TEST_STEP][PASSED] - click: Object: 'Object Repository/Page_KiboPush  Sequence Messaging/span_New Message (4)' is clicked on

2019-04-25 17:47:24 - [MESSAGE][PASSED] - Object: 'Object Repository/Page_KiboPush  Sequence Messaging/span_New Message (4)' is clicked on

2019-04-25 17:47:24 - [TEST_STEP][PASSED] - delay: Delayed 3 second(s)

2019-04-25 17:47:26 - [MESSAGE][PASSED] - Delayed 3 second(s)

2019-04-25 17:47:26 - [TEST_STEP][PASSED] - click: Object: 'Object Repository/Page_KiboPush  Edit Message/i_New Message_convoTitle' is clicked on

2019-04-25 17:47:26 - [MESSAGE][PASSED] - Object: 'Object Repository/Page_KiboPush  Edit Message/i_New Message_convoTitle' is clicked on

2019-04-25 17:47:26 - [TEST_STEP][PASSED] - delay: Delayed 2 second(s)

2019-04-25 17:47:28 - [MESSAGE][PASSED] - Delayed 2 second(s)

2019-04-25 17:47:28 - [TEST_STEP][PASSED] - setText: Text 'Message1' is set on object 'Object Repository/Page_KiboPush  Edit Message/input_Rename_form-control'

2019-04-25 17:47:28 - [MESSAGE][PASSED] - Text 'Message1' is set on object 'Object Repository/Page_KiboPush  Edit Message/input_Rename_form-control'

2019-04-25 17:47:28 - [TEST_STEP][PASSED] - scrollToElement: Scroll to object 'Object Repository/Page_KiboPush  Edit Message/div_View Facebook guidelines r' successfully

2019-04-25 17:47:28 - [MESSAGE][PASSED] - Scroll to object 'Object Repository/Page_KiboPush  Edit Message/div_View Facebook guidelines r' successfully

2019-04-25 17:47:28 - [TEST_STEP][PASSED] - click: Object: 'Object Repository/Page_KiboPush  Edit Message/button_Save' is clicked on

2019-04-25 17:47:29 - [MESSAGE][PASSED] - Object: 'Object Repository/Page_KiboPush  Edit Message/button_Save' is clicked on

2019-04-25 17:47:29 - [TEST_STEP][PASSED] - delay: Delayed 3 second(s)

2019-04-25 17:47:31 - [MESSAGE][PASSED] - Delayed 3 second(s)

2019-04-25 17:47:31 - [TEST_STEP][PASSED] - click: Object: 'Object Repository/Page_KiboPush  Edit Message/div_Text' is clicked on

2019-04-25 17:47:32 - [MESSAGE][PASSED] - Object: 'Object Repository/Page_KiboPush  Edit Message/div_Text' is clicked on

2019-04-25 17:47:32 - [TEST_STEP][PASSED] - setText: Text 'Text1' is set on object 'Object Repository/Page_KiboPush  Edit Message/Set Text Component'

2019-04-25 17:47:32 - [MESSAGE][PASSED] - Text 'Text1' is set on object 'Object Repository/Page_KiboPush  Edit Message/Set Text Component'

2019-04-25 17:47:32 - [TEST_STEP][PASSED] - click: Object: 'Object Repository/Page_KiboPush  Edit Message/button_Save_1' is clicked on

2019-04-25 17:47:32 - [MESSAGE][PASSED] - Object: 'Object Repository/Page_KiboPush  Edit Message/button_Save_1' is clicked on

2019-04-25 17:47:32 - [TEST_STEP][PASSED] - scrollToPosition: Browser is scrolled to position x = 0, y = 0

2019-04-25 17:47:32 - [MESSAGE][PASSED] - Browser is scrolled to position x = 0, y = 0

2019-04-25 17:47:32 - [TEST_STEP][PASSED] - click: Object: 'Object Repository/Page_KiboPush  Edit Message/a_Back' is clicked on

2019-04-25 17:47:33 - [MESSAGE][PASSED] - Object: 'Object Repository/Page_KiboPush  Edit Message/a_Back' is clicked on]]></system-out>
         <system-err><![CDATA[]]></system-err>
      </testcase>
      <testcase name="Test Cases/Sequence Messaging/TC0987" classname="Test Cases/Sequence Messaging/TC0987" status="PASSED">
         <system-out><![CDATA[2019-04-25 17:47:33 - [TEST_CASE][PASSED] - Test Cases/Sequence Messaging/TC0987: Test Cases/Sequence Messaging/TC0987

2019-04-25 17:47:33 - [TEST_STEP][PASSED] - callTestCase: Call Test Case 'Test Cases/Sequence Messaging/TC0980' successfully

2019-04-25 17:47:33 - [TEST_CASE][PASSED] - Test Cases/Sequence Messaging/TC0980: Test Cases/Sequence Messaging/TC0980

2019-04-25 17:47:33 - [TEST_STEP][PASSED] - callTestCase: Call Test Case 'Test Cases/Sequence Messaging/Go_to_Seq_Messaging' successfully

2019-04-25 17:47:33 - [TEST_CASE][PASSED] - Test Cases/Sequence Messaging/Go_to_Seq_Messaging: Test Cases/Sequence Messaging/Go_to_Seq_Messaging

2019-04-25 17:47:33 - [TEST_STEP][PASSED] - callTestCase: Call Test Case 'Test Cases/Sequence Messaging/Login' successfully

2019-04-25 17:47:34 - [TEST_CASE][PASSED] - Test Cases/Sequence Messaging/Login: Test Cases/Sequence Messaging/Login

2019-04-25 17:47:34 - [TEST_STEP][PASSED] - callTestCase: Call Test Case 'Test Cases/s-sidebar_navigation/individualAccount/sequenceMessaging' successfully

2019-04-25 17:47:34 - [TEST_CASE][PASSED] - Test Cases/s-sidebar_navigation/individualAccount/sequenceMessaging: Test Cases/s-sidebar_navigation/individualAccount/sequenceMessaging

2019-04-25 17:47:34 - [TEST_STEP][PASSED] - click: Object: 'Object Repository/Page_KiboPush  Dashboard/span_Autoposting' is clicked on

2019-04-25 17:47:34 - [MESSAGE][PASSED] - Object: 'Object Repository/Page_KiboPush  Dashboard/span_Autoposting' is clicked on

2019-04-25 17:47:34 - [TEST_STEP][PASSED] - delay: Delayed 1 second(s)

2019-04-25 17:47:35 - [MESSAGE][PASSED] - Delayed 1 second(s)

2019-04-25 17:47:35 - [TEST_STEP][PASSED] - click: Object: 'Object Repository/Page_KiboPush  Dashboard/span_Sequence Messaging' is clicked on

2019-04-25 17:47:36 - [MESSAGE][PASSED] - Object: 'Object Repository/Page_KiboPush  Dashboard/span_Sequence Messaging' is clicked on

2019-04-25 17:47:36 - [TEST_STEP][PASSED] - scrollToPosition: Browser is scrolled to position x = 0, y = 0

2019-04-25 17:47:36 - [MESSAGE][PASSED] - Browser is scrolled to position x = 0, y = 0

2019-04-25 17:47:36 - [TEST_STEP][PASSED] - click: Object: 'Object Repository/Page_KiboPush  Sequence Messaging/h3_Sequence Messaging' is clicked on

2019-04-25 17:47:36 - [MESSAGE][PASSED] - Object: 'Object Repository/Page_KiboPush  Sequence Messaging/h3_Sequence Messaging' is clicked on

2019-04-25 17:47:36 - [TEST_STEP][PASSED] - delay: Delayed 1 second(s)

2019-04-25 17:47:37 - [MESSAGE][PASSED] - Delayed 1 second(s)

2019-04-25 17:47:37 - [MESSAGE][PASSED] - Call Test Case 'Test Cases/s-sidebar_navigation/individualAccount/sequenceMessaging' successfully

2019-04-25 17:47:37 - [MESSAGE][PASSED] - Call Test Case 'Test Cases/Sequence Messaging/Login' successfully

2019-04-25 17:47:37 - [MESSAGE][PASSED] - Call Test Case 'Test Cases/Sequence Messaging/Go_to_Seq_Messaging' successfully

2019-04-25 17:47:37 - [TEST_STEP][PASSED] - delay: Delayed 4 second(s)

2019-04-25 17:47:40 - [MESSAGE][PASSED] - Delayed 4 second(s)

2019-04-25 17:47:40 - [MESSAGE][PASSED] - Call Test Case 'Test Cases/Sequence Messaging/TC0980' successfully

2019-04-25 17:47:40 - [TEST_STEP][PASSED] - click: Object: 'Object Repository/Page_KiboPush  Sequence Messaging/span_-- Edit_1 (1)' is clicked on

2019-04-25 17:47:41 - [MESSAGE][PASSED] - Object: 'Object Repository/Page_KiboPush  Sequence Messaging/span_-- Edit_1 (1)' is clicked on

2019-04-25 17:47:41 - [TEST_STEP][PASSED] - click: Object: 'Object Repository/Page_KiboPush  Sequence Messaging/div_When subscriber subscribes (1) (1)' is clicked on

2019-04-25 17:47:41 - [MESSAGE][PASSED] - Object: 'Object Repository/Page_KiboPush  Sequence Messaging/div_When subscriber subscribes (1) (1)' is clicked on

2019-04-25 17:47:41 - [TEST_STEP][PASSED] - click: Object: 'Object Repository/Page_KiboPush  Sequence Messaging/button_Save (1) (1)' is clicked on

2019-04-25 17:47:41 - [MESSAGE][PASSED] - Object: 'Object Repository/Page_KiboPush  Sequence Messaging/button_Save (1) (1)' is clicked on]]></system-out>
         <system-err><![CDATA[]]></system-err>
      </testcase>
      <testcase name="Test Cases/Sequence Messaging/TC0990" classname="Test Cases/Sequence Messaging/TC0990" status="PASSED">
         <system-out><![CDATA[2019-04-25 17:47:41 - [TEST_CASE][PASSED] - Test Cases/Sequence Messaging/TC0990: Test Cases/Sequence Messaging/TC0990

2019-04-25 17:47:41 - [TEST_STEP][PASSED] - callTestCase: Call Test Case 'Test Cases/Sequence Messaging/Test Edit Sequence Button' successfully

2019-04-25 17:47:41 - [TEST_CASE][PASSED] - Test Cases/Sequence Messaging/Test Edit Sequence Button: Test Cases/Sequence Messaging/Test Edit Sequence Button

2019-04-25 17:47:42 - [TEST_STEP][PASSED] - callTestCase: Call Test Case 'Test Cases/Sequence Messaging/TC0980' successfully

2019-04-25 17:47:42 - [TEST_CASE][PASSED] - Test Cases/Sequence Messaging/TC0980: Test Cases/Sequence Messaging/TC0980

2019-04-25 17:47:42 - [TEST_STEP][PASSED] - callTestCase: Call Test Case 'Test Cases/Sequence Messaging/Go_to_Seq_Messaging' successfully

2019-04-25 17:47:42 - [TEST_CASE][PASSED] - Test Cases/Sequence Messaging/Go_to_Seq_Messaging: Test Cases/Sequence Messaging/Go_to_Seq_Messaging

2019-04-25 17:47:42 - [TEST_STEP][PASSED] - callTestCase: Call Test Case 'Test Cases/Sequence Messaging/Login' successfully

2019-04-25 17:47:42 - [TEST_CASE][PASSED] - Test Cases/Sequence Messaging/Login: Test Cases/Sequence Messaging/Login

2019-04-25 17:47:42 - [TEST_STEP][PASSED] - callTestCase: Call Test Case 'Test Cases/s-sidebar_navigation/individualAccount/sequenceMessaging' successfully

2019-04-25 17:47:42 - [TEST_CASE][PASSED] - Test Cases/s-sidebar_navigation/individualAccount/sequenceMessaging: Test Cases/s-sidebar_navigation/individualAccount/sequenceMessaging

2019-04-25 17:47:42 - [TEST_STEP][PASSED] - click: Object: 'Object Repository/Page_KiboPush  Dashboard/span_Autoposting' is clicked on

2019-04-25 17:47:42 - [MESSAGE][PASSED] - Object: 'Object Repository/Page_KiboPush  Dashboard/span_Autoposting' is clicked on

2019-04-25 17:47:42 - [TEST_STEP][PASSED] - delay: Delayed 1 second(s)

2019-04-25 17:47:43 - [MESSAGE][PASSED] - Delayed 1 second(s)

2019-04-25 17:47:43 - [TEST_STEP][PASSED] - click: Object: 'Object Repository/Page_KiboPush  Dashboard/span_Sequence Messaging' is clicked on

2019-04-25 17:47:44 - [MESSAGE][PASSED] - Object: 'Object Repository/Page_KiboPush  Dashboard/span_Sequence Messaging' is clicked on

2019-04-25 17:47:44 - [TEST_STEP][PASSED] - scrollToPosition: Browser is scrolled to position x = 0, y = 0

2019-04-25 17:47:44 - [MESSAGE][PASSED] - Browser is scrolled to position x = 0, y = 0

2019-04-25 17:47:44 - [TEST_STEP][PASSED] - click: Object: 'Object Repository/Page_KiboPush  Sequence Messaging/h3_Sequence Messaging' is clicked on

2019-04-25 17:47:44 - [MESSAGE][PASSED] - Object: 'Object Repository/Page_KiboPush  Sequence Messaging/h3_Sequence Messaging' is clicked on

2019-04-25 17:47:44 - [TEST_STEP][PASSED] - delay: Delayed 1 second(s)

2019-04-25 17:47:45 - [MESSAGE][PASSED] - Delayed 1 second(s)

2019-04-25 17:47:45 - [MESSAGE][PASSED] - Call Test Case 'Test Cases/s-sidebar_navigation/individualAccount/sequenceMessaging' successfully

2019-04-25 17:47:45 - [MESSAGE][PASSED] - Call Test Case 'Test Cases/Sequence Messaging/Login' successfully

2019-04-25 17:47:45 - [MESSAGE][PASSED] - Call Test Case 'Test Cases/Sequence Messaging/Go_to_Seq_Messaging' successfully

2019-04-25 17:47:45 - [TEST_STEP][PASSED] - delay: Delayed 4 second(s)

2019-04-25 17:47:49 - [MESSAGE][PASSED] - Delayed 4 second(s)

2019-04-25 17:47:49 - [MESSAGE][PASSED] - Call Test Case 'Test Cases/Sequence Messaging/TC0980' successfully

2019-04-25 17:47:49 - [TEST_STEP][PASSED] - click: Object: 'Object Repository/Page_KiboPush  Sequence Messaging/span_Edit (2)' is clicked on

2019-04-25 17:47:50 - [MESSAGE][PASSED] - Object: 'Object Repository/Page_KiboPush  Sequence Messaging/span_Edit (2)' is clicked on

2019-04-25 17:47:50 - [TEST_STEP][PASSED] - delay: Delayed 2 second(s)

2019-04-25 17:47:52 - [MESSAGE][PASSED] - Delayed 2 second(s)

2019-04-25 17:47:52 - [MESSAGE][PASSED] - Call Test Case 'Test Cases/Sequence Messaging/Test Edit Sequence Button' successfully

2019-04-25 17:47:52 - [TEST_STEP][PASSED] - click: Object: 'Object Repository/Page_KiboPush  Sequence Messaging/Edit Schedule Button (1)' is clicked on

2019-04-25 17:47:52 - [MESSAGE][PASSED] - Object: 'Object Repository/Page_KiboPush  Sequence Messaging/Edit Schedule Button (1)' is clicked on

2019-04-25 17:47:52 - [TEST_STEP][PASSED] - delay: Delayed 2 second(s)

2019-04-25 17:47:54 - [MESSAGE][PASSED] - Delayed 2 second(s)

2019-04-25 17:47:54 - [TEST_STEP][PASSED] - selectOptionByValue: All options with value 'immediately' are selected in object 'Object Repository/Page_KiboPush  Sequence Messaging/select_AfterImmediately (2)'  using regular expression

2019-04-25 17:47:54 - [MESSAGE][PASSED] - All options with value 'immediately' are selected in object 'Object Repository/Page_KiboPush  Sequence Messaging/select_AfterImmediately (2)'  using regular expression

2019-04-25 17:47:54 - [TEST_STEP][PASSED] - click: Object: 'Object Repository/Page_KiboPush  Sequence Messaging/button_Save (2)' is clicked on

2019-04-25 17:47:55 - [MESSAGE][PASSED] - Object: 'Object Repository/Page_KiboPush  Sequence Messaging/button_Save (2)' is clicked on]]></system-out>
         <system-err><![CDATA[]]></system-err>
      </testcase>
      <testcase name="Test Cases/Sequence Messaging/TC1001" classname="Test Cases/Sequence Messaging/TC1001" status="PASSED">
         <system-out><![CDATA[2019-04-25 17:47:55 - [TEST_CASE][PASSED] - Test Cases/Sequence Messaging/TC1001: Test Cases/Sequence Messaging/TC1001

2019-04-25 17:47:55 - [TEST_STEP][PASSED] - callTestCase: Call Test Case 'Test Cases/Sequence Messaging/TC0986' successfully

2019-04-25 17:47:55 - [TEST_CASE][PASSED] - Test Cases/Sequence Messaging/TC0986: Test Cases/Sequence Messaging/TC0986

2019-04-25 17:47:55 - [TEST_STEP][PASSED] - callTestCase: Call Test Case 'Test Cases/Sequence Messaging/TC0980' successfully

2019-04-25 17:47:55 - [TEST_CASE][PASSED] - Test Cases/Sequence Messaging/TC0980: Test Cases/Sequence Messaging/TC0980

2019-04-25 17:47:55 - [TEST_STEP][PASSED] - callTestCase: Call Test Case 'Test Cases/Sequence Messaging/Go_to_Seq_Messaging' successfully

2019-04-25 17:47:56 - [TEST_CASE][PASSED] - Test Cases/Sequence Messaging/Go_to_Seq_Messaging: Test Cases/Sequence Messaging/Go_to_Seq_Messaging

2019-04-25 17:47:56 - [TEST_STEP][PASSED] - callTestCase: Call Test Case 'Test Cases/Sequence Messaging/Login' successfully

2019-04-25 17:47:56 - [TEST_CASE][PASSED] - Test Cases/Sequence Messaging/Login: Test Cases/Sequence Messaging/Login

2019-04-25 17:47:56 - [TEST_STEP][PASSED] - callTestCase: Call Test Case 'Test Cases/s-sidebar_navigation/individualAccount/sequenceMessaging' successfully

2019-04-25 17:47:56 - [TEST_CASE][PASSED] - Test Cases/s-sidebar_navigation/individualAccount/sequenceMessaging: Test Cases/s-sidebar_navigation/individualAccount/sequenceMessaging

2019-04-25 17:47:56 - [TEST_STEP][PASSED] - click: Object: 'Object Repository/Page_KiboPush  Dashboard/span_Autoposting' is clicked on

2019-04-25 17:47:56 - [MESSAGE][PASSED] - Object: 'Object Repository/Page_KiboPush  Dashboard/span_Autoposting' is clicked on

2019-04-25 17:47:56 - [TEST_STEP][PASSED] - delay: Delayed 1 second(s)

2019-04-25 17:47:57 - [MESSAGE][PASSED] - Delayed 1 second(s)

2019-04-25 17:47:57 - [TEST_STEP][PASSED] - click: Object: 'Object Repository/Page_KiboPush  Dashboard/span_Sequence Messaging' is clicked on

2019-04-25 17:47:58 - [MESSAGE][PASSED] - Object: 'Object Repository/Page_KiboPush  Dashboard/span_Sequence Messaging' is clicked on

2019-04-25 17:47:58 - [TEST_STEP][PASSED] - scrollToPosition: Browser is scrolled to position x = 0, y = 0

2019-04-25 17:47:58 - [MESSAGE][PASSED] - Browser is scrolled to position x = 0, y = 0

2019-04-25 17:47:58 - [TEST_STEP][PASSED] - click: Object: 'Object Repository/Page_KiboPush  Sequence Messaging/h3_Sequence Messaging' is clicked on

2019-04-25 17:47:58 - [MESSAGE][PASSED] - Object: 'Object Repository/Page_KiboPush  Sequence Messaging/h3_Sequence Messaging' is clicked on

2019-04-25 17:47:58 - [TEST_STEP][PASSED] - delay: Delayed 1 second(s)

2019-04-25 17:47:59 - [MESSAGE][PASSED] - Delayed 1 second(s)

2019-04-25 17:47:59 - [MESSAGE][PASSED] - Call Test Case 'Test Cases/s-sidebar_navigation/individualAccount/sequenceMessaging' successfully

2019-04-25 17:47:59 - [MESSAGE][PASSED] - Call Test Case 'Test Cases/Sequence Messaging/Login' successfully

2019-04-25 17:47:59 - [MESSAGE][PASSED] - Call Test Case 'Test Cases/Sequence Messaging/Go_to_Seq_Messaging' successfully

2019-04-25 17:47:59 - [TEST_STEP][PASSED] - delay: Delayed 4 second(s)

2019-04-25 17:48:03 - [MESSAGE][PASSED] - Delayed 4 second(s)

2019-04-25 17:48:03 - [MESSAGE][PASSED] - Call Test Case 'Test Cases/Sequence Messaging/TC0980' successfully

2019-04-25 17:48:03 - [TEST_STEP][PASSED] - click: Object: 'Object Repository/Page_KiboPush  Sequence Messaging/span_Edit (1)' is clicked on

2019-04-25 17:48:04 - [MESSAGE][PASSED] - Object: 'Object Repository/Page_KiboPush  Sequence Messaging/span_Edit (1)' is clicked on

2019-04-25 17:48:04 - [TEST_STEP][PASSED] - delay: Delayed 2 second(s)

2019-04-25 17:48:06 - [MESSAGE][PASSED] - Delayed 2 second(s)

2019-04-25 17:48:06 - [TEST_STEP][PASSED] - click: Object: 'Object Repository/Page_KiboPush  Sequence Messaging/Delete Message Icon' is clicked on

2019-04-25 17:48:07 - [MESSAGE][PASSED] - Object: 'Object Repository/Page_KiboPush  Sequence Messaging/Delete Message Icon' is clicked on

2019-04-25 17:48:07 - [TEST_STEP][PASSED] - click: Object: 'Object Repository/Page_KiboPush  Sequence Messaging/button_Delete (3)' is clicked on

2019-04-25 17:48:07 - [MESSAGE][PASSED] - Object: 'Object Repository/Page_KiboPush  Sequence Messaging/button_Delete (3)' is clicked on

2019-04-25 17:48:07 - [TEST_STEP][PASSED] - delay: Delayed 4 second(s)

2019-04-25 17:48:12 - [MESSAGE][PASSED] - Delayed 4 second(s)

2019-04-25 17:48:12 - [TEST_STEP][PASSED] - scrollToPosition: Browser is scrolled to position x = 0, y = 0

2019-04-25 17:48:12 - [MESSAGE][PASSED] - Browser is scrolled to position x = 0, y = 0

2019-04-25 17:48:12 - [TEST_STEP][PASSED] - delay: Delayed 1 second(s)

2019-04-25 17:48:13 - [MESSAGE][PASSED] - Delayed 1 second(s)

2019-04-25 17:48:13 - [TEST_STEP][PASSED] - click: Object: 'Object Repository/Page_KiboPush  Sequence Messaging/button_Add Message (1)' is clicked on

2019-04-25 17:48:13 - [MESSAGE][PASSED] - Object: 'Object Repository/Page_KiboPush  Sequence Messaging/button_Add Message (1)' is clicked on

2019-04-25 17:48:13 - [TEST_STEP][PASSED] - delay: Delayed 2 second(s)

2019-04-25 17:48:16 - [MESSAGE][PASSED] - Delayed 2 second(s)

2019-04-25 17:48:16 - [TEST_STEP][PASSED] - click: Object: 'Object Repository/Page_KiboPush  Sequence Messaging/span_New Message (4)' is clicked on

2019-04-25 17:48:16 - [MESSAGE][PASSED] - Object: 'Object Repository/Page_KiboPush  Sequence Messaging/span_New Message (4)' is clicked on

2019-04-25 17:48:16 - [TEST_STEP][PASSED] - delay: Delayed 3 second(s)

2019-04-25 17:48:20 - [MESSAGE][PASSED] - Delayed 3 second(s)

2019-04-25 17:48:20 - [TEST_STEP][PASSED] - click: Object: 'Object Repository/Page_KiboPush  Edit Message/i_New Message_convoTitle' is clicked on

2019-04-25 17:48:21 - [MESSAGE][PASSED] - Object: 'Object Repository/Page_KiboPush  Edit Message/i_New Message_convoTitle' is clicked on

2019-04-25 17:48:21 - [TEST_STEP][PASSED] - delay: Delayed 2 second(s)

2019-04-25 17:48:23 - [MESSAGE][PASSED] - Delayed 2 second(s)

2019-04-25 17:48:23 - [TEST_STEP][PASSED] - setText: Text 'Message1' is set on object 'Object Repository/Page_KiboPush  Edit Message/input_Rename_form-control'

2019-04-25 17:48:24 - [MESSAGE][PASSED] - Text 'Message1' is set on object 'Object Repository/Page_KiboPush  Edit Message/input_Rename_form-control'

2019-04-25 17:48:24 - [TEST_STEP][PASSED] - scrollToElement: Scroll to object 'Object Repository/Page_KiboPush  Edit Message/div_View Facebook guidelines r' successfully

2019-04-25 17:48:24 - [MESSAGE][PASSED] - Scroll to object 'Object Repository/Page_KiboPush  Edit Message/div_View Facebook guidelines r' successfully

2019-04-25 17:48:24 - [TEST_STEP][PASSED] - click: Object: 'Object Repository/Page_KiboPush  Edit Message/button_Save' is clicked on

2019-04-25 17:48:25 - [MESSAGE][PASSED] - Object: 'Object Repository/Page_KiboPush  Edit Message/button_Save' is clicked on

2019-04-25 17:48:25 - [TEST_STEP][PASSED] - delay: Delayed 3 second(s)

2019-04-25 17:48:29 - [MESSAGE][PASSED] - Delayed 3 second(s)

2019-04-25 17:48:29 - [TEST_STEP][PASSED] - click: Object: 'Object Repository/Page_KiboPush  Edit Message/div_Text' is clicked on

2019-04-25 17:48:29 - [MESSAGE][PASSED] - Object: 'Object Repository/Page_KiboPush  Edit Message/div_Text' is clicked on

2019-04-25 17:48:29 - [TEST_STEP][PASSED] - setText: Text 'Text1' is set on object 'Object Repository/Page_KiboPush  Edit Message/Set Text Component'

2019-04-25 17:48:30 - [MESSAGE][PASSED] - Text 'Text1' is set on object 'Object Repository/Page_KiboPush  Edit Message/Set Text Component'

2019-04-25 17:48:30 - [TEST_STEP][PASSED] - click: Object: 'Object Repository/Page_KiboPush  Edit Message/button_Save_1' is clicked on

2019-04-25 17:48:31 - [MESSAGE][PASSED] - Object: 'Object Repository/Page_KiboPush  Edit Message/button_Save_1' is clicked on

2019-04-25 17:48:31 - [TEST_STEP][PASSED] - scrollToPosition: Browser is scrolled to position x = 0, y = 0

2019-04-25 17:48:31 - [MESSAGE][PASSED] - Browser is scrolled to position x = 0, y = 0

2019-04-25 17:48:31 - [TEST_STEP][PASSED] - click: Object: 'Object Repository/Page_KiboPush  Edit Message/a_Back' is clicked on

2019-04-25 17:48:31 - [MESSAGE][PASSED] - Object: 'Object Repository/Page_KiboPush  Edit Message/a_Back' is clicked on

2019-04-25 17:48:31 - [MESSAGE][PASSED] - Call Test Case 'Test Cases/Sequence Messaging/TC0986' successfully

2019-04-25 17:48:31 - [TEST_STEP][PASSED] - click: Object: 'Object Repository/Page_KiboPush  Sequence Messaging/span_-- Edit (7)' is clicked on

2019-04-25 17:48:32 - [MESSAGE][PASSED] - Object: 'Object Repository/Page_KiboPush  Sequence Messaging/span_-- Edit (7)' is clicked on

2019-04-25 17:48:32 - [TEST_STEP][PASSED] - selectOptionByValue: All options with value 'sees' are selected in object 'Object Repository/Page_KiboPush  Sequence Messaging/select_Select Event seesclicks (2)'  using regular expression

2019-04-25 17:48:34 - [MESSAGE][PASSED] - All options with value 'sees' are selected in object 'Object Repository/Page_KiboPush  Sequence Messaging/select_Select Event seesclicks (2)'  using regular expression]]></system-out>
         <system-err><![CDATA[]]></system-err>
      </testcase>
      <testcase name="Test Cases/Sequence Messaging/TC1002" classname="Test Cases/Sequence Messaging/TC1002" status="PASSED">
         <system-out><![CDATA[2019-04-25 17:48:34 - [TEST_CASE][PASSED] - Test Cases/Sequence Messaging/TC1002: Test Cases/Sequence Messaging/TC1002

2019-04-25 17:48:34 - [TEST_STEP][PASSED] - callTestCase: Call Test Case 'Test Cases/Sequence Messaging/Test Edit Sequence Button' successfully

2019-04-25 17:48:34 - [TEST_CASE][PASSED] - Test Cases/Sequence Messaging/Test Edit Sequence Button: Test Cases/Sequence Messaging/Test Edit Sequence Button

2019-04-25 17:48:34 - [TEST_STEP][PASSED] - callTestCase: Call Test Case 'Test Cases/Sequence Messaging/TC0980' successfully

2019-04-25 17:48:34 - [TEST_CASE][PASSED] - Test Cases/Sequence Messaging/TC0980: Test Cases/Sequence Messaging/TC0980

2019-04-25 17:48:34 - [TEST_STEP][PASSED] - callTestCase: Call Test Case 'Test Cases/Sequence Messaging/Go_to_Seq_Messaging' successfully

2019-04-25 17:48:34 - [TEST_CASE][PASSED] - Test Cases/Sequence Messaging/Go_to_Seq_Messaging: Test Cases/Sequence Messaging/Go_to_Seq_Messaging

2019-04-25 17:48:34 - [TEST_STEP][PASSED] - callTestCase: Call Test Case 'Test Cases/Sequence Messaging/Login' successfully

2019-04-25 17:48:34 - [TEST_CASE][PASSED] - Test Cases/Sequence Messaging/Login: Test Cases/Sequence Messaging/Login

2019-04-25 17:48:34 - [TEST_STEP][PASSED] - callTestCase: Call Test Case 'Test Cases/s-sidebar_navigation/individualAccount/sequenceMessaging' successfully

2019-04-25 17:48:35 - [TEST_CASE][PASSED] - Test Cases/s-sidebar_navigation/individualAccount/sequenceMessaging: Test Cases/s-sidebar_navigation/individualAccount/sequenceMessaging

2019-04-25 17:48:35 - [TEST_STEP][PASSED] - click: Object: 'Object Repository/Page_KiboPush  Dashboard/span_Autoposting' is clicked on

2019-04-25 17:48:35 - [MESSAGE][PASSED] - Object: 'Object Repository/Page_KiboPush  Dashboard/span_Autoposting' is clicked on

2019-04-25 17:48:35 - [TEST_STEP][PASSED] - delay: Delayed 1 second(s)

2019-04-25 17:48:36 - [MESSAGE][PASSED] - Delayed 1 second(s)

2019-04-25 17:48:36 - [TEST_STEP][PASSED] - click: Object: 'Object Repository/Page_KiboPush  Dashboard/span_Sequence Messaging' is clicked on

2019-04-25 17:48:37 - [MESSAGE][PASSED] - Object: 'Object Repository/Page_KiboPush  Dashboard/span_Sequence Messaging' is clicked on

2019-04-25 17:48:37 - [TEST_STEP][PASSED] - scrollToPosition: Browser is scrolled to position x = 0, y = 0

2019-04-25 17:48:37 - [MESSAGE][PASSED] - Browser is scrolled to position x = 0, y = 0

2019-04-25 17:48:37 - [TEST_STEP][PASSED] - click: Object: 'Object Repository/Page_KiboPush  Sequence Messaging/h3_Sequence Messaging' is clicked on

2019-04-25 17:48:38 - [MESSAGE][PASSED] - Object: 'Object Repository/Page_KiboPush  Sequence Messaging/h3_Sequence Messaging' is clicked on

2019-04-25 17:48:38 - [TEST_STEP][PASSED] - delay: Delayed 1 second(s)

2019-04-25 17:48:39 - [MESSAGE][PASSED] - Delayed 1 second(s)

2019-04-25 17:48:39 - [MESSAGE][PASSED] - Call Test Case 'Test Cases/s-sidebar_navigation/individualAccount/sequenceMessaging' successfully

2019-04-25 17:48:39 - [MESSAGE][PASSED] - Call Test Case 'Test Cases/Sequence Messaging/Login' successfully

2019-04-25 17:48:39 - [MESSAGE][PASSED] - Call Test Case 'Test Cases/Sequence Messaging/Go_to_Seq_Messaging' successfully

2019-04-25 17:48:39 - [TEST_STEP][PASSED] - delay: Delayed 4 second(s)

2019-04-25 17:48:43 - [MESSAGE][PASSED] - Delayed 4 second(s)

2019-04-25 17:48:43 - [MESSAGE][PASSED] - Call Test Case 'Test Cases/Sequence Messaging/TC0980' successfully

2019-04-25 17:48:43 - [TEST_STEP][PASSED] - click: Object: 'Object Repository/Page_KiboPush  Sequence Messaging/span_Edit (2)' is clicked on

2019-04-25 17:48:44 - [MESSAGE][PASSED] - Object: 'Object Repository/Page_KiboPush  Sequence Messaging/span_Edit (2)' is clicked on

2019-04-25 17:48:44 - [TEST_STEP][PASSED] - delay: Delayed 2 second(s)

2019-04-25 17:48:46 - [MESSAGE][PASSED] - Delayed 2 second(s)

2019-04-25 17:48:46 - [MESSAGE][PASSED] - Call Test Case 'Test Cases/Sequence Messaging/Test Edit Sequence Button' successfully

2019-04-25 17:48:46 - [TEST_STEP][PASSED] - delay: Delayed 2 second(s)

2019-04-25 17:48:48 - [MESSAGE][PASSED] - Delayed 2 second(s)

2019-04-25 17:48:48 - [TEST_STEP][PASSED] - click: Object: 'Object Repository/Page_KiboPush  Sequence Messaging/span_-- Edit (6)' is clicked on

2019-04-25 17:48:48 - [MESSAGE][PASSED] - Object: 'Object Repository/Page_KiboPush  Sequence Messaging/span_-- Edit (6)' is clicked on

2019-04-25 17:48:48 - [TEST_STEP][PASSED] - delay: Delayed 2 second(s)

2019-04-25 17:48:50 - [MESSAGE][PASSED] - Delayed 2 second(s)]]></system-out>
         <system-err><![CDATA[]]></system-err>
      </testcase>
      <testcase name="Test Cases/Sequence Messaging/TC1003" classname="Test Cases/Sequence Messaging/TC1003" status="PASSED">
         <system-out><![CDATA[2019-04-25 17:48:50 - [TEST_CASE][PASSED] - Test Cases/Sequence Messaging/TC1003: Test Cases/Sequence Messaging/TC1003

2019-04-25 17:48:51 - [TEST_STEP][PASSED] - callTestCase: Call Test Case 'Test Cases/Sequence Messaging/TC1002' successfully

2019-04-25 17:48:51 - [TEST_CASE][PASSED] - Test Cases/Sequence Messaging/TC1002: Test Cases/Sequence Messaging/TC1002

2019-04-25 17:48:51 - [TEST_STEP][PASSED] - callTestCase: Call Test Case 'Test Cases/Sequence Messaging/Test Edit Sequence Button' successfully

2019-04-25 17:48:51 - [TEST_CASE][PASSED] - Test Cases/Sequence Messaging/Test Edit Sequence Button: Test Cases/Sequence Messaging/Test Edit Sequence Button

2019-04-25 17:48:51 - [TEST_STEP][PASSED] - callTestCase: Call Test Case 'Test Cases/Sequence Messaging/TC0980' successfully

2019-04-25 17:48:51 - [TEST_CASE][PASSED] - Test Cases/Sequence Messaging/TC0980: Test Cases/Sequence Messaging/TC0980

2019-04-25 17:48:51 - [TEST_STEP][PASSED] - callTestCase: Call Test Case 'Test Cases/Sequence Messaging/Go_to_Seq_Messaging' successfully

2019-04-25 17:48:51 - [TEST_CASE][PASSED] - Test Cases/Sequence Messaging/Go_to_Seq_Messaging: Test Cases/Sequence Messaging/Go_to_Seq_Messaging

2019-04-25 17:48:51 - [TEST_STEP][PASSED] - callTestCase: Call Test Case 'Test Cases/Sequence Messaging/Login' successfully

2019-04-25 17:48:51 - [TEST_CASE][PASSED] - Test Cases/Sequence Messaging/Login: Test Cases/Sequence Messaging/Login

2019-04-25 17:48:51 - [TEST_STEP][PASSED] - callTestCase: Call Test Case 'Test Cases/s-sidebar_navigation/individualAccount/sequenceMessaging' successfully

2019-04-25 17:48:51 - [TEST_CASE][PASSED] - Test Cases/s-sidebar_navigation/individualAccount/sequenceMessaging: Test Cases/s-sidebar_navigation/individualAccount/sequenceMessaging

2019-04-25 17:48:51 - [TEST_STEP][PASSED] - click: Object: 'Object Repository/Page_KiboPush  Dashboard/span_Autoposting' is clicked on

2019-04-25 17:48:52 - [MESSAGE][PASSED] - Object: 'Object Repository/Page_KiboPush  Dashboard/span_Autoposting' is clicked on

2019-04-25 17:48:52 - [TEST_STEP][PASSED] - delay: Delayed 1 second(s)

2019-04-25 17:48:53 - [MESSAGE][PASSED] - Delayed 1 second(s)

2019-04-25 17:48:53 - [TEST_STEP][PASSED] - click: Object: 'Object Repository/Page_KiboPush  Dashboard/span_Sequence Messaging' is clicked on

2019-04-25 17:48:53 - [MESSAGE][PASSED] - Object: 'Object Repository/Page_KiboPush  Dashboard/span_Sequence Messaging' is clicked on

2019-04-25 17:48:53 - [TEST_STEP][PASSED] - scrollToPosition: Browser is scrolled to position x = 0, y = 0

2019-04-25 17:48:53 - [MESSAGE][PASSED] - Browser is scrolled to position x = 0, y = 0

2019-04-25 17:48:53 - [TEST_STEP][PASSED] - click: Object: 'Object Repository/Page_KiboPush  Sequence Messaging/h3_Sequence Messaging' is clicked on

2019-04-25 17:48:54 - [MESSAGE][PASSED] - Object: 'Object Repository/Page_KiboPush  Sequence Messaging/h3_Sequence Messaging' is clicked on

2019-04-25 17:48:54 - [TEST_STEP][PASSED] - delay: Delayed 1 second(s)

2019-04-25 17:48:55 - [MESSAGE][PASSED] - Delayed 1 second(s)

2019-04-25 17:48:55 - [MESSAGE][PASSED] - Call Test Case 'Test Cases/s-sidebar_navigation/individualAccount/sequenceMessaging' successfully

2019-04-25 17:48:55 - [MESSAGE][PASSED] - Call Test Case 'Test Cases/Sequence Messaging/Login' successfully

2019-04-25 17:48:55 - [MESSAGE][PASSED] - Call Test Case 'Test Cases/Sequence Messaging/Go_to_Seq_Messaging' successfully

2019-04-25 17:48:55 - [TEST_STEP][PASSED] - delay: Delayed 4 second(s)

2019-04-25 17:48:58 - [MESSAGE][PASSED] - Delayed 4 second(s)

2019-04-25 17:48:58 - [MESSAGE][PASSED] - Call Test Case 'Test Cases/Sequence Messaging/TC0980' successfully

2019-04-25 17:48:58 - [TEST_STEP][PASSED] - click: Object: 'Object Repository/Page_KiboPush  Sequence Messaging/span_Edit (2)' is clicked on

2019-04-25 17:48:59 - [MESSAGE][PASSED] - Object: 'Object Repository/Page_KiboPush  Sequence Messaging/span_Edit (2)' is clicked on

2019-04-25 17:48:59 - [TEST_STEP][PASSED] - delay: Delayed 2 second(s)

2019-04-25 17:49:00 - [MESSAGE][PASSED] - Delayed 2 second(s)

2019-04-25 17:49:00 - [MESSAGE][PASSED] - Call Test Case 'Test Cases/Sequence Messaging/Test Edit Sequence Button' successfully

2019-04-25 17:49:00 - [TEST_STEP][PASSED] - delay: Delayed 2 second(s)

2019-04-25 17:49:02 - [MESSAGE][PASSED] - Delayed 2 second(s)

2019-04-25 17:49:02 - [TEST_STEP][PASSED] - click: Object: 'Object Repository/Page_KiboPush  Sequence Messaging/span_-- Edit (6)' is clicked on

2019-04-25 17:49:02 - [MESSAGE][PASSED] - Object: 'Object Repository/Page_KiboPush  Sequence Messaging/span_-- Edit (6)' is clicked on

2019-04-25 17:49:02 - [TEST_STEP][PASSED] - delay: Delayed 2 second(s)

2019-04-25 17:49:04 - [MESSAGE][PASSED] - Delayed 2 second(s)

2019-04-25 17:49:04 - [MESSAGE][PASSED] - Call Test Case 'Test Cases/Sequence Messaging/TC1002' successfully

2019-04-25 17:49:04 - [TEST_STEP][PASSED] - selectOptionByValue: All options with value 'first_name' are selected in object 'Object Repository/Page_KiboPush  Sequence Messaging/select_Select ConditionFirst N'  using regular expression

2019-04-25 17:49:04 - [MESSAGE][PASSED] - All options with value 'first_name' are selected in object 'Object Repository/Page_KiboPush  Sequence Messaging/select_Select ConditionFirst N'  using regular expression

2019-04-25 17:49:04 - [TEST_STEP][PASSED] - selectOptionByValue: All options with value 'is' are selected in object 'Object Repository/Page_KiboPush  Sequence Messaging/select_Select Criteriaiscontai'  using regular expression

2019-04-25 17:49:05 - [MESSAGE][PASSED] - All options with value 'is' are selected in object 'Object Repository/Page_KiboPush  Sequence Messaging/select_Select Criteriaiscontai'  using regular expression

2019-04-25 17:49:05 - [TEST_STEP][PASSED] - setText: Text 'Arveen' is set on object 'Object Repository/Page_KiboPush  Sequence Messaging/input_Value_text'

2019-04-25 17:49:05 - [MESSAGE][PASSED] - Text 'Arveen' is set on object 'Object Repository/Page_KiboPush  Sequence Messaging/input_Value_text'

2019-04-25 17:49:05 - [TEST_STEP][PASSED] - delay: Delayed 2 second(s)

2019-04-25 17:49:07 - [MESSAGE][PASSED] - Delayed 2 second(s)

2019-04-25 17:49:07 - [TEST_STEP][PASSED] - click: Object: 'Object Repository/Page_KiboPush  Sequence Messaging/button_Save (3)' is clicked on

2019-04-25 17:49:08 - [MESSAGE][PASSED] - Object: 'Object Repository/Page_KiboPush  Sequence Messaging/button_Save (3)' is clicked on]]></system-out>
         <system-err><![CDATA[]]></system-err>
      </testcase>
      <testcase name="Test Cases/Sequence Messaging/TC1004" classname="Test Cases/Sequence Messaging/TC1004" status="PASSED">
         <system-out><![CDATA[2019-04-25 17:49:08 - [TEST_CASE][PASSED] - Test Cases/Sequence Messaging/TC1004: Test Cases/Sequence Messaging/TC1004

2019-04-25 17:49:08 - [TEST_STEP][PASSED] - callTestCase: Call Test Case 'Test Cases/s-sidebar_navigation/individualAccount/arveen_production_login_kiboengage' successfully

2019-04-25 17:49:08 - [TEST_CASE][PASSED] - Test Cases/s-sidebar_navigation/individualAccount/arveen_production_login_kiboengage: Test Cases/s-sidebar_navigation/individualAccount/arveen_production_login_kiboengage

2019-04-25 17:49:08 - [TEST_STEP][PASSED] - openBrowser: Browser is opened with url: ''

2019-04-25 17:49:08 - [MESSAGE][WARNING] - A browser is already opened. Closing browser and opening a new one

2019-04-25 17:49:11 - [MESSAGE][PASSED] - Browser is opened with url: ''

2019-04-25 17:49:11 - [TEST_STEP][PASSED] - maximizeWindow: Current window maximized

2019-04-25 17:49:12 - [MESSAGE][PASSED] - Current window maximized

2019-04-25 17:49:12 - [TEST_STEP][PASSED] - navigateToUrl: Navigate to 'https://kiboengage.cloudkibo.com/' successfully

2019-04-25 17:49:28 - [MESSAGE][PASSED] - Navigate to 'https://kiboengage.cloudkibo.com/' successfully

2019-04-25 17:49:28 - [TEST_STEP][PASSED] - navigateToUrl: Navigate to 'https://accounts.cloudkibo.com/?continue=https://kiboengage.cloudkibo.com' successfully

2019-04-25 17:49:29 - [MESSAGE][PASSED] - Navigate to 'https://accounts.cloudkibo.com/?continue=https://kiboengage.cloudkibo.com' successfully

2019-04-25 17:49:29 - [TEST_STEP][PASSED] - click: Object: 'Object Repository/Page_CloudKibo/a_Login (2) (1) (1)' is clicked on

2019-04-25 17:49:30 - [MESSAGE][PASSED] - Object: 'Object Repository/Page_CloudKibo/a_Login (2) (1) (1)' is clicked on

2019-04-25 17:49:30 - [TEST_STEP][PASSED] - setText: Text 'individual@cloudkibo.com' is set on object 'Object Repository/Page_KiboPush/input_email (10) (1) (1)'

2019-04-25 17:49:31 - [MESSAGE][PASSED] - Text 'individual@cloudkibo.com' is set on object 'Object Repository/Page_KiboPush/input_email (10) (1) (1)'

2019-04-25 17:49:31 - [TEST_STEP][PASSED] - setEncryptedText: Text ****** has been set on object 'Object Repository/Page_CloudKibo/input_Sign In_password (7)'

2019-04-25 17:49:34 - [MESSAGE][PASSED] - Text ****** has been set on object 'Object Repository/Page_CloudKibo/input_Sign In_password (7)'

2019-04-25 17:49:34 - [TEST_STEP][PASSED] - click: Object: 'Object Repository/Page_KiboPush/button_Sign In (10) (1) (2)' is clicked on

2019-04-25 17:49:35 - [MESSAGE][PASSED] - Object: 'Object Repository/Page_KiboPush/button_Sign In (10) (1) (2)' is clicked on

2019-04-25 17:49:35 - [TEST_STEP][PASSED] - click: Object: 'Object Repository/Page_KiboPush  Dashboard/h3_Dashboard (57)' is clicked on

2019-04-25 17:50:08 - [MESSAGE][PASSED] - Object: 'Object Repository/Page_KiboPush  Dashboard/h3_Dashboard (57)' is clicked on

2019-04-25 17:50:08 - [TEST_STEP][PASSED] - delay: Delayed 3 second(s)

2019-04-25 17:50:12 - [MESSAGE][PASSED] - Delayed 3 second(s)

2019-04-25 17:50:12 - [TEST_STEP][PASSED] - click: Object: 'Object Repository/Page_KiboEngage  Dashboard/a_SMS (2) (1) (1) (1) (3)' is clicked on

2019-04-25 17:50:13 - [MESSAGE][PASSED] - Object: 'Object Repository/Page_KiboEngage  Dashboard/a_SMS (2) (1) (1) (1) (3)' is clicked on

2019-04-25 17:50:13 - [TEST_STEP][PASSED] - delay: Delayed 2 second(s)

2019-04-25 17:50:16 - [MESSAGE][PASSED] - Delayed 2 second(s)

2019-04-25 17:50:16 - [TEST_STEP][PASSED] - click: Object: 'Object Repository/Page_KiboEngage  Dashboard/span_Messenger (1) (1) (1) (3)' is clicked on

2019-04-25 17:50:17 - [MESSAGE][PASSED] - Object: 'Object Repository/Page_KiboEngage  Dashboard/span_Messenger (1) (1) (1) (3)' is clicked on

2019-04-25 17:50:17 - [TEST_STEP][PASSED] - delay: Delayed 2 second(s)

2019-04-25 17:50:20 - [MESSAGE][PASSED] - Delayed 2 second(s)

2019-04-25 17:50:20 - [MESSAGE][PASSED] - Call Test Case 'Test Cases/s-sidebar_navigation/individualAccount/arveen_production_login_kiboengage' successfully

2019-04-25 17:50:20 - [TEST_STEP][PASSED] - callTestCase: Call Test Case 'Test Cases/Sequence Messaging/open_automation' successfully

2019-04-25 17:50:20 - [TEST_CASE][PASSED] - Test Cases/Sequence Messaging/open_automation: Test Cases/Sequence Messaging/open_automation

2019-04-25 17:50:20 - [TEST_STEP][PASSED] - click: Object: 'Object Repository/Page_KiboPush  Dashboard/span_Automation (1) (1)' is clicked on

2019-04-25 17:50:21 - [MESSAGE][PASSED] - Object: 'Object Repository/Page_KiboPush  Dashboard/span_Automation (1) (1)' is clicked on

2019-04-25 17:50:21 - [TEST_STEP][PASSED] - delay: Delayed 1 second(s)

2019-04-25 17:50:22 - [MESSAGE][PASSED] - Delayed 1 second(s)

2019-04-25 17:50:22 - [MESSAGE][PASSED] - Call Test Case 'Test Cases/Sequence Messaging/open_automation' successfully

2019-04-25 17:50:22 - [TEST_STEP][PASSED] - callTestCase: Call Test Case 'Test Cases/Sequence Messaging/TC1002' successfully

2019-04-25 17:50:23 - [TEST_CASE][PASSED] - Test Cases/Sequence Messaging/TC1002: Test Cases/Sequence Messaging/TC1002

2019-04-25 17:50:23 - [TEST_STEP][PASSED] - callTestCase: Call Test Case 'Test Cases/Sequence Messaging/Test Edit Sequence Button' successfully

2019-04-25 17:50:23 - [TEST_CASE][PASSED] - Test Cases/Sequence Messaging/Test Edit Sequence Button: Test Cases/Sequence Messaging/Test Edit Sequence Button

2019-04-25 17:50:23 - [TEST_STEP][PASSED] - callTestCase: Call Test Case 'Test Cases/Sequence Messaging/TC0980' successfully

2019-04-25 17:50:23 - [TEST_CASE][PASSED] - Test Cases/Sequence Messaging/TC0980: Test Cases/Sequence Messaging/TC0980

2019-04-25 17:50:23 - [TEST_STEP][PASSED] - callTestCase: Call Test Case 'Test Cases/Sequence Messaging/Go_to_Seq_Messaging' successfully

2019-04-25 17:50:23 - [TEST_CASE][PASSED] - Test Cases/Sequence Messaging/Go_to_Seq_Messaging: Test Cases/Sequence Messaging/Go_to_Seq_Messaging

2019-04-25 17:50:23 - [TEST_STEP][PASSED] - callTestCase: Call Test Case 'Test Cases/Sequence Messaging/Login' successfully

2019-04-25 17:50:23 - [TEST_CASE][PASSED] - Test Cases/Sequence Messaging/Login: Test Cases/Sequence Messaging/Login

2019-04-25 17:50:24 - [TEST_STEP][PASSED] - callTestCase: Call Test Case 'Test Cases/s-sidebar_navigation/individualAccount/sequenceMessaging' successfully

2019-04-25 17:50:24 - [TEST_CASE][PASSED] - Test Cases/s-sidebar_navigation/individualAccount/sequenceMessaging: Test Cases/s-sidebar_navigation/individualAccount/sequenceMessaging

2019-04-25 17:50:24 - [TEST_STEP][PASSED] - click: Object: 'Object Repository/Page_KiboPush  Dashboard/span_Autoposting' is clicked on

2019-04-25 17:50:24 - [MESSAGE][PASSED] - Object: 'Object Repository/Page_KiboPush  Dashboard/span_Autoposting' is clicked on

2019-04-25 17:50:24 - [TEST_STEP][PASSED] - delay: Delayed 1 second(s)

2019-04-25 17:50:26 - [MESSAGE][PASSED] - Delayed 1 second(s)

2019-04-25 17:50:26 - [TEST_STEP][PASSED] - click: Object: 'Object Repository/Page_KiboPush  Dashboard/span_Sequence Messaging' is clicked on

2019-04-25 17:50:28 - [MESSAGE][PASSED] - Object: 'Object Repository/Page_KiboPush  Dashboard/span_Sequence Messaging' is clicked on

2019-04-25 17:50:28 - [TEST_STEP][PASSED] - scrollToPosition: Browser is scrolled to position x = 0, y = 0

2019-04-25 17:50:28 - [MESSAGE][PASSED] - Browser is scrolled to position x = 0, y = 0

2019-04-25 17:50:28 - [TEST_STEP][PASSED] - click: Object: 'Object Repository/Page_KiboPush  Sequence Messaging/h3_Sequence Messaging' is clicked on

2019-04-25 17:50:29 - [MESSAGE][PASSED] - Object: 'Object Repository/Page_KiboPush  Sequence Messaging/h3_Sequence Messaging' is clicked on

2019-04-25 17:50:29 - [TEST_STEP][PASSED] - delay: Delayed 1 second(s)

2019-04-25 17:50:30 - [MESSAGE][PASSED] - Delayed 1 second(s)

2019-04-25 17:50:30 - [MESSAGE][PASSED] - Call Test Case 'Test Cases/s-sidebar_navigation/individualAccount/sequenceMessaging' successfully

2019-04-25 17:50:31 - [MESSAGE][PASSED] - Call Test Case 'Test Cases/Sequence Messaging/Login' successfully

2019-04-25 17:50:31 - [MESSAGE][PASSED] - Call Test Case 'Test Cases/Sequence Messaging/Go_to_Seq_Messaging' successfully

2019-04-25 17:50:31 - [TEST_STEP][PASSED] - delay: Delayed 4 second(s)

2019-04-25 17:50:35 - [MESSAGE][PASSED] - Delayed 4 second(s)

2019-04-25 17:50:35 - [MESSAGE][PASSED] - Call Test Case 'Test Cases/Sequence Messaging/TC0980' successfully

2019-04-25 17:50:35 - [TEST_STEP][PASSED] - click: Object: 'Object Repository/Page_KiboPush  Sequence Messaging/span_Edit (2)' is clicked on

2019-04-25 17:50:36 - [MESSAGE][PASSED] - Object: 'Object Repository/Page_KiboPush  Sequence Messaging/span_Edit (2)' is clicked on

2019-04-25 17:50:36 - [TEST_STEP][PASSED] - delay: Delayed 2 second(s)

2019-04-25 17:50:38 - [MESSAGE][PASSED] - Delayed 2 second(s)

2019-04-25 17:50:38 - [MESSAGE][PASSED] - Call Test Case 'Test Cases/Sequence Messaging/Test Edit Sequence Button' successfully

2019-04-25 17:50:38 - [TEST_STEP][PASSED] - delay: Delayed 2 second(s)

2019-04-25 17:50:41 - [MESSAGE][PASSED] - Delayed 2 second(s)

2019-04-25 17:50:41 - [TEST_STEP][PASSED] - click: Object: 'Object Repository/Page_KiboPush  Sequence Messaging/span_-- Edit (6)' is clicked on

2019-04-25 17:50:41 - [MESSAGE][PASSED] - Object: 'Object Repository/Page_KiboPush  Sequence Messaging/span_-- Edit (6)' is clicked on

2019-04-25 17:50:41 - [TEST_STEP][PASSED] - delay: Delayed 2 second(s)

2019-04-25 17:50:43 - [MESSAGE][PASSED] - Delayed 2 second(s)

2019-04-25 17:50:43 - [MESSAGE][PASSED] - Call Test Case 'Test Cases/Sequence Messaging/TC1002' successfully

2019-04-25 17:50:43 - [TEST_STEP][PASSED] - selectOptionByValue: All options with value 'page' are selected in object 'Object Repository/Page_KiboPush  Sequence Messaging/select_Select ConditionFirst N (2) (1) (1)'  using regular expression

2019-04-25 17:50:44 - [MESSAGE][PASSED] - All options with value 'page' are selected in object 'Object Repository/Page_KiboPush  Sequence Messaging/select_Select ConditionFirst N (2) (1) (1)'  using regular expression

2019-04-25 17:50:44 - [TEST_STEP][PASSED] - selectOptionByValue: All options with value 'is' are selected in object 'Object Repository/Page_KiboPush  Sequence Messaging/select_Select Criteriais (1) (1)'  using regular expression

2019-04-25 17:50:45 - [MESSAGE][PASSED] - All options with value 'is' are selected in object 'Object Repository/Page_KiboPush  Sequence Messaging/select_Select Criteriais (1) (1)'  using regular expression

2019-04-25 17:50:45 - [TEST_STEP][PASSED] - selectOptionByValue: All options with value '2090553931018635' are selected in object 'Object Repository/Page_KiboEngage  Edit Sequence/select_Select a PageTest5Educa'  using regular expression

2019-04-25 17:50:46 - [MESSAGE][PASSED] - All options with value '2090553931018635' are selected in object 'Object Repository/Page_KiboEngage  Edit Sequence/select_Select a PageTest5Educa'  using regular expression

2019-04-25 17:50:46 - [TEST_STEP][PASSED] - click: Object: 'Object Repository/Page_KiboEngage  Edit Sequence/button_Save' is clicked on

2019-04-25 17:50:46 - [MESSAGE][PASSED] - Object: 'Object Repository/Page_KiboEngage  Edit Sequence/button_Save' is clicked on]]></system-out>
         <system-err><![CDATA[]]></system-err>
      </testcase>
      <testcase name="Test Cases/Sequence Messaging/TC1005" classname="Test Cases/Sequence Messaging/TC1005" status="PASSED">
         <system-out><![CDATA[2019-04-25 17:50:46 - [TEST_CASE][PASSED] - Test Cases/Sequence Messaging/TC1005: Test Cases/Sequence Messaging/TC1005

2019-04-25 17:50:47 - [TEST_STEP][PASSED] - callTestCase: Call Test Case 'Test Cases/Sequence Messaging/TC1002' successfully

2019-04-25 17:50:47 - [TEST_CASE][PASSED] - Test Cases/Sequence Messaging/TC1002: Test Cases/Sequence Messaging/TC1002

2019-04-25 17:50:47 - [TEST_STEP][PASSED] - callTestCase: Call Test Case 'Test Cases/Sequence Messaging/Test Edit Sequence Button' successfully

2019-04-25 17:50:47 - [TEST_CASE][PASSED] - Test Cases/Sequence Messaging/Test Edit Sequence Button: Test Cases/Sequence Messaging/Test Edit Sequence Button

2019-04-25 17:50:47 - [TEST_STEP][PASSED] - callTestCase: Call Test Case 'Test Cases/Sequence Messaging/TC0980' successfully

2019-04-25 17:50:47 - [TEST_CASE][PASSED] - Test Cases/Sequence Messaging/TC0980: Test Cases/Sequence Messaging/TC0980

2019-04-25 17:50:47 - [TEST_STEP][PASSED] - callTestCase: Call Test Case 'Test Cases/Sequence Messaging/Go_to_Seq_Messaging' successfully

2019-04-25 17:50:47 - [TEST_CASE][PASSED] - Test Cases/Sequence Messaging/Go_to_Seq_Messaging: Test Cases/Sequence Messaging/Go_to_Seq_Messaging

2019-04-25 17:50:47 - [TEST_STEP][PASSED] - callTestCase: Call Test Case 'Test Cases/Sequence Messaging/Login' successfully

2019-04-25 17:50:47 - [TEST_CASE][PASSED] - Test Cases/Sequence Messaging/Login: Test Cases/Sequence Messaging/Login

2019-04-25 17:50:47 - [TEST_STEP][PASSED] - callTestCase: Call Test Case 'Test Cases/s-sidebar_navigation/individualAccount/sequenceMessaging' successfully

2019-04-25 17:50:48 - [TEST_CASE][PASSED] - Test Cases/s-sidebar_navigation/individualAccount/sequenceMessaging: Test Cases/s-sidebar_navigation/individualAccount/sequenceMessaging

2019-04-25 17:50:48 - [TEST_STEP][PASSED] - click: Object: 'Object Repository/Page_KiboPush  Dashboard/span_Autoposting' is clicked on

2019-04-25 17:50:48 - [MESSAGE][PASSED] - Object: 'Object Repository/Page_KiboPush  Dashboard/span_Autoposting' is clicked on

2019-04-25 17:50:48 - [TEST_STEP][PASSED] - delay: Delayed 1 second(s)

2019-04-25 17:50:49 - [MESSAGE][PASSED] - Delayed 1 second(s)

2019-04-25 17:50:49 - [TEST_STEP][PASSED] - click: Object: 'Object Repository/Page_KiboPush  Dashboard/span_Sequence Messaging' is clicked on

2019-04-25 17:50:50 - [MESSAGE][PASSED] - Object: 'Object Repository/Page_KiboPush  Dashboard/span_Sequence Messaging' is clicked on

2019-04-25 17:50:50 - [TEST_STEP][PASSED] - scrollToPosition: Browser is scrolled to position x = 0, y = 0

2019-04-25 17:50:50 - [MESSAGE][PASSED] - Browser is scrolled to position x = 0, y = 0

2019-04-25 17:50:50 - [TEST_STEP][PASSED] - click: Object: 'Object Repository/Page_KiboPush  Sequence Messaging/h3_Sequence Messaging' is clicked on

2019-04-25 17:50:50 - [MESSAGE][PASSED] - Object: 'Object Repository/Page_KiboPush  Sequence Messaging/h3_Sequence Messaging' is clicked on

2019-04-25 17:50:50 - [TEST_STEP][PASSED] - delay: Delayed 1 second(s)

2019-04-25 17:50:51 - [MESSAGE][PASSED] - Delayed 1 second(s)

2019-04-25 17:50:52 - [MESSAGE][PASSED] - Call Test Case 'Test Cases/s-sidebar_navigation/individualAccount/sequenceMessaging' successfully

2019-04-25 17:50:52 - [MESSAGE][PASSED] - Call Test Case 'Test Cases/Sequence Messaging/Login' successfully

2019-04-25 17:50:52 - [MESSAGE][PASSED] - Call Test Case 'Test Cases/Sequence Messaging/Go_to_Seq_Messaging' successfully

2019-04-25 17:50:52 - [TEST_STEP][PASSED] - delay: Delayed 4 second(s)

2019-04-25 17:50:55 - [MESSAGE][PASSED] - Delayed 4 second(s)

2019-04-25 17:50:55 - [MESSAGE][PASSED] - Call Test Case 'Test Cases/Sequence Messaging/TC0980' successfully

2019-04-25 17:50:56 - [TEST_STEP][PASSED] - click: Object: 'Object Repository/Page_KiboPush  Sequence Messaging/span_Edit (2)' is clicked on

2019-04-25 17:50:56 - [MESSAGE][PASSED] - Object: 'Object Repository/Page_KiboPush  Sequence Messaging/span_Edit (2)' is clicked on

2019-04-25 17:50:56 - [TEST_STEP][PASSED] - delay: Delayed 2 second(s)

2019-04-25 17:50:58 - [MESSAGE][PASSED] - Delayed 2 second(s)

2019-04-25 17:50:58 - [MESSAGE][PASSED] - Call Test Case 'Test Cases/Sequence Messaging/Test Edit Sequence Button' successfully

2019-04-25 17:50:58 - [TEST_STEP][PASSED] - delay: Delayed 2 second(s)

2019-04-25 17:51:00 - [MESSAGE][PASSED] - Delayed 2 second(s)

2019-04-25 17:51:00 - [TEST_STEP][PASSED] - click: Object: 'Object Repository/Page_KiboPush  Sequence Messaging/span_-- Edit (6)' is clicked on

2019-04-25 17:51:00 - [MESSAGE][PASSED] - Object: 'Object Repository/Page_KiboPush  Sequence Messaging/span_-- Edit (6)' is clicked on

2019-04-25 17:51:00 - [TEST_STEP][PASSED] - delay: Delayed 2 second(s)

2019-04-25 17:51:02 - [MESSAGE][PASSED] - Delayed 2 second(s)

2019-04-25 17:51:02 - [MESSAGE][PASSED] - Call Test Case 'Test Cases/Sequence Messaging/TC1002' successfully

2019-04-25 17:51:02 - [TEST_STEP][PASSED] - selectOptionByValue: All options with value 'gender' are selected in object 'Object Repository/Page_KiboPush  Sequence Messaging/select_Select ConditionFirst N (3)'  using regular expression

2019-04-25 17:51:02 - [MESSAGE][PASSED] - All options with value 'gender' are selected in object 'Object Repository/Page_KiboPush  Sequence Messaging/select_Select ConditionFirst N (3)'  using regular expression

2019-04-25 17:51:02 - [TEST_STEP][PASSED] - selectOptionByValue: All options with value 'male' are selected in object 'Object Repository/Page_KiboPush  Sequence Messaging/select_Select a Gendermalefema'  using regular expression

2019-04-25 17:51:03 - [MESSAGE][PASSED] - All options with value 'male' are selected in object 'Object Repository/Page_KiboPush  Sequence Messaging/select_Select a Gendermalefema'  using regular expression

2019-04-25 17:51:03 - [TEST_STEP][PASSED] - delay: Delayed 2 second(s)

2019-04-25 17:51:05 - [MESSAGE][PASSED] - Delayed 2 second(s)

2019-04-25 17:51:05 - [TEST_STEP][PASSED] - click: Object: 'Object Repository/Page_KiboPush  Sequence Messaging/button_Save (6)' is clicked on

2019-04-25 17:51:05 - [MESSAGE][PASSED] - Object: 'Object Repository/Page_KiboPush  Sequence Messaging/button_Save (6)' is clicked on]]></system-out>
         <system-err><![CDATA[]]></system-err>
      </testcase>
      <testcase name="Test Cases/Sequence Messaging/TC1006" classname="Test Cases/Sequence Messaging/TC1006" status="PASSED">
         <system-out><![CDATA[2019-04-25 17:51:05 - [TEST_CASE][PASSED] - Test Cases/Sequence Messaging/TC1006: Test Cases/Sequence Messaging/TC1006

2019-04-25 17:51:05 - [TEST_STEP][PASSED] - callTestCase: Call Test Case 'Test Cases/Sequence Messaging/TC1002' successfully

2019-04-25 17:51:05 - [TEST_CASE][PASSED] - Test Cases/Sequence Messaging/TC1002: Test Cases/Sequence Messaging/TC1002

2019-04-25 17:51:05 - [TEST_STEP][PASSED] - callTestCase: Call Test Case 'Test Cases/Sequence Messaging/Test Edit Sequence Button' successfully

2019-04-25 17:51:06 - [TEST_CASE][PASSED] - Test Cases/Sequence Messaging/Test Edit Sequence Button: Test Cases/Sequence Messaging/Test Edit Sequence Button

2019-04-25 17:51:06 - [TEST_STEP][PASSED] - callTestCase: Call Test Case 'Test Cases/Sequence Messaging/TC0980' successfully

2019-04-25 17:51:06 - [TEST_CASE][PASSED] - Test Cases/Sequence Messaging/TC0980: Test Cases/Sequence Messaging/TC0980

2019-04-25 17:51:06 - [TEST_STEP][PASSED] - callTestCase: Call Test Case 'Test Cases/Sequence Messaging/Go_to_Seq_Messaging' successfully

2019-04-25 17:51:06 - [TEST_CASE][PASSED] - Test Cases/Sequence Messaging/Go_to_Seq_Messaging: Test Cases/Sequence Messaging/Go_to_Seq_Messaging

2019-04-25 17:51:06 - [TEST_STEP][PASSED] - callTestCase: Call Test Case 'Test Cases/Sequence Messaging/Login' successfully

2019-04-25 17:51:06 - [TEST_CASE][PASSED] - Test Cases/Sequence Messaging/Login: Test Cases/Sequence Messaging/Login

2019-04-25 17:51:06 - [TEST_STEP][PASSED] - callTestCase: Call Test Case 'Test Cases/s-sidebar_navigation/individualAccount/sequenceMessaging' successfully

2019-04-25 17:51:06 - [TEST_CASE][PASSED] - Test Cases/s-sidebar_navigation/individualAccount/sequenceMessaging: Test Cases/s-sidebar_navigation/individualAccount/sequenceMessaging

2019-04-25 17:51:06 - [TEST_STEP][PASSED] - click: Object: 'Object Repository/Page_KiboPush  Dashboard/span_Autoposting' is clicked on

2019-04-25 17:51:06 - [MESSAGE][PASSED] - Object: 'Object Repository/Page_KiboPush  Dashboard/span_Autoposting' is clicked on

2019-04-25 17:51:06 - [TEST_STEP][PASSED] - delay: Delayed 1 second(s)

2019-04-25 17:51:07 - [MESSAGE][PASSED] - Delayed 1 second(s)

2019-04-25 17:51:07 - [TEST_STEP][PASSED] - click: Object: 'Object Repository/Page_KiboPush  Dashboard/span_Sequence Messaging' is clicked on

2019-04-25 17:51:08 - [MESSAGE][PASSED] - Object: 'Object Repository/Page_KiboPush  Dashboard/span_Sequence Messaging' is clicked on

2019-04-25 17:51:08 - [TEST_STEP][PASSED] - scrollToPosition: Browser is scrolled to position x = 0, y = 0

2019-04-25 17:51:08 - [MESSAGE][PASSED] - Browser is scrolled to position x = 0, y = 0

2019-04-25 17:51:08 - [TEST_STEP][PASSED] - click: Object: 'Object Repository/Page_KiboPush  Sequence Messaging/h3_Sequence Messaging' is clicked on

2019-04-25 17:51:08 - [MESSAGE][PASSED] - Object: 'Object Repository/Page_KiboPush  Sequence Messaging/h3_Sequence Messaging' is clicked on

2019-04-25 17:51:08 - [TEST_STEP][PASSED] - delay: Delayed 1 second(s)

2019-04-25 17:51:09 - [MESSAGE][PASSED] - Delayed 1 second(s)

2019-04-25 17:51:09 - [MESSAGE][PASSED] - Call Test Case 'Test Cases/s-sidebar_navigation/individualAccount/sequenceMessaging' successfully

2019-04-25 17:51:09 - [MESSAGE][PASSED] - Call Test Case 'Test Cases/Sequence Messaging/Login' successfully

2019-04-25 17:51:09 - [MESSAGE][PASSED] - Call Test Case 'Test Cases/Sequence Messaging/Go_to_Seq_Messaging' successfully

2019-04-25 17:51:09 - [TEST_STEP][PASSED] - delay: Delayed 4 second(s)

2019-04-25 17:51:13 - [MESSAGE][PASSED] - Delayed 4 second(s)

2019-04-25 17:51:13 - [MESSAGE][PASSED] - Call Test Case 'Test Cases/Sequence Messaging/TC0980' successfully

2019-04-25 17:51:13 - [TEST_STEP][PASSED] - click: Object: 'Object Repository/Page_KiboPush  Sequence Messaging/span_Edit (2)' is clicked on

2019-04-25 17:51:13 - [MESSAGE][PASSED] - Object: 'Object Repository/Page_KiboPush  Sequence Messaging/span_Edit (2)' is clicked on

2019-04-25 17:51:13 - [TEST_STEP][PASSED] - delay: Delayed 2 second(s)

2019-04-25 17:51:15 - [MESSAGE][PASSED] - Delayed 2 second(s)

2019-04-25 17:51:15 - [MESSAGE][PASSED] - Call Test Case 'Test Cases/Sequence Messaging/Test Edit Sequence Button' successfully

2019-04-25 17:51:15 - [TEST_STEP][PASSED] - delay: Delayed 2 second(s)

2019-04-25 17:51:16 - [MESSAGE][PASSED] - Delayed 2 second(s)

2019-04-25 17:51:16 - [TEST_STEP][PASSED] - click: Object: 'Object Repository/Page_KiboPush  Sequence Messaging/span_-- Edit (6)' is clicked on

2019-04-25 17:51:16 - [MESSAGE][PASSED] - Object: 'Object Repository/Page_KiboPush  Sequence Messaging/span_-- Edit (6)' is clicked on

2019-04-25 17:51:16 - [TEST_STEP][PASSED] - delay: Delayed 2 second(s)

2019-04-25 17:51:18 - [MESSAGE][PASSED] - Delayed 2 second(s)

2019-04-25 17:51:18 - [MESSAGE][PASSED] - Call Test Case 'Test Cases/Sequence Messaging/TC1002' successfully

2019-04-25 17:51:18 - [TEST_STEP][PASSED] - selectOptionByValue: All options with value 'locale' are selected in object 'Object Repository/Page_KiboPush  Sequence Messaging/select_Select ConditionFirst N (4) (1) (1)'  using regular expression

2019-04-25 17:51:18 - [MESSAGE][PASSED] - All options with value 'locale' are selected in object 'Object Repository/Page_KiboPush  Sequence Messaging/select_Select ConditionFirst N (4) (1) (1)'  using regular expression

2019-04-25 17:51:18 - [TEST_STEP][PASSED] - selectOptionByValue: All options with value 'en_US' are selected in object 'Object Repository/Page_KiboPush  Sequence Messaging/select_Select a Localeen_USen_ (2)'  using regular expression

2019-04-25 17:51:19 - [MESSAGE][PASSED] - All options with value 'en_US' are selected in object 'Object Repository/Page_KiboPush  Sequence Messaging/select_Select a Localeen_USen_ (2)'  using regular expression

2019-04-25 17:51:19 - [TEST_STEP][PASSED] - click: Object: 'Object Repository/Page_KiboPush  Sequence Messaging/button_Save (17)' is clicked on

2019-04-25 17:51:19 - [MESSAGE][PASSED] - Object: 'Object Repository/Page_KiboPush  Sequence Messaging/button_Save (17)' is clicked on]]></system-out>
         <system-err><![CDATA[]]></system-err>
      </testcase>
      <testcase name="Test Cases/Sequence Messaging/TC1007" classname="Test Cases/Sequence Messaging/TC1007" status="PASSED">
         <system-out><![CDATA[2019-04-25 17:51:19 - [TEST_CASE][PASSED] - Test Cases/Sequence Messaging/TC1007: Test Cases/Sequence Messaging/TC1007

2019-04-25 17:51:20 - [TEST_STEP][PASSED] - callTestCase: Call Test Case 'Test Cases/s-sidebar_navigation/individualAccount/arveen_production_login_kiboengage' successfully

2019-04-25 17:51:20 - [TEST_CASE][PASSED] - Test Cases/s-sidebar_navigation/individualAccount/arveen_production_login_kiboengage: Test Cases/s-sidebar_navigation/individualAccount/arveen_production_login_kiboengage

2019-04-25 17:51:20 - [TEST_STEP][PASSED] - openBrowser: Browser is opened with url: ''

2019-04-25 17:51:20 - [MESSAGE][WARNING] - A browser is already opened. Closing browser and opening a new one

2019-04-25 17:51:23 - [MESSAGE][PASSED] - Browser is opened with url: ''

2019-04-25 17:51:23 - [TEST_STEP][PASSED] - maximizeWindow: Current window maximized

2019-04-25 17:51:24 - [MESSAGE][PASSED] - Current window maximized

2019-04-25 17:51:24 - [TEST_STEP][PASSED] - navigateToUrl: Navigate to 'https://kiboengage.cloudkibo.com/' successfully

2019-04-25 17:51:35 - [MESSAGE][PASSED] - Navigate to 'https://kiboengage.cloudkibo.com/' successfully

2019-04-25 17:51:35 - [TEST_STEP][PASSED] - navigateToUrl: Navigate to 'https://accounts.cloudkibo.com/?continue=https://kiboengage.cloudkibo.com' successfully

2019-04-25 17:51:36 - [MESSAGE][PASSED] - Navigate to 'https://accounts.cloudkibo.com/?continue=https://kiboengage.cloudkibo.com' successfully

2019-04-25 17:51:36 - [TEST_STEP][PASSED] - click: Object: 'Object Repository/Page_CloudKibo/a_Login (2) (1) (1)' is clicked on

2019-04-25 17:51:37 - [MESSAGE][PASSED] - Object: 'Object Repository/Page_CloudKibo/a_Login (2) (1) (1)' is clicked on

2019-04-25 17:51:37 - [TEST_STEP][PASSED] - setText: Text 'individual@cloudkibo.com' is set on object 'Object Repository/Page_KiboPush/input_email (10) (1) (1)'

2019-04-25 17:51:37 - [MESSAGE][PASSED] - Text 'individual@cloudkibo.com' is set on object 'Object Repository/Page_KiboPush/input_email (10) (1) (1)'

2019-04-25 17:51:37 - [TEST_STEP][PASSED] - setEncryptedText: Text ****** has been set on object 'Object Repository/Page_CloudKibo/input_Sign In_password (7)'

2019-04-25 17:51:38 - [MESSAGE][PASSED] - Text ****** has been set on object 'Object Repository/Page_CloudKibo/input_Sign In_password (7)'

2019-04-25 17:51:38 - [TEST_STEP][PASSED] - click: Object: 'Object Repository/Page_KiboPush/button_Sign In (10) (1) (2)' is clicked on

2019-04-25 17:51:38 - [MESSAGE][PASSED] - Object: 'Object Repository/Page_KiboPush/button_Sign In (10) (1) (2)' is clicked on

2019-04-25 17:51:38 - [TEST_STEP][PASSED] - click: Object: 'Object Repository/Page_KiboPush  Dashboard/h3_Dashboard (57)' is clicked on

2019-04-25 17:52:00 - [MESSAGE][PASSED] - Object: 'Object Repository/Page_KiboPush  Dashboard/h3_Dashboard (57)' is clicked on

2019-04-25 17:52:00 - [TEST_STEP][PASSED] - delay: Delayed 3 second(s)

2019-04-25 17:52:03 - [MESSAGE][PASSED] - Delayed 3 second(s)

2019-04-25 17:52:03 - [TEST_STEP][PASSED] - click: Object: 'Object Repository/Page_KiboEngage  Dashboard/a_SMS (2) (1) (1) (1) (3)' is clicked on

2019-04-25 17:52:05 - [MESSAGE][PASSED] - Object: 'Object Repository/Page_KiboEngage  Dashboard/a_SMS (2) (1) (1) (1) (3)' is clicked on

2019-04-25 17:52:05 - [TEST_STEP][PASSED] - delay: Delayed 2 second(s)

2019-04-25 17:52:07 - [MESSAGE][PASSED] - Delayed 2 second(s)

2019-04-25 17:52:07 - [TEST_STEP][PASSED] - click: Object: 'Object Repository/Page_KiboEngage  Dashboard/span_Messenger (1) (1) (1) (3)' is clicked on

2019-04-25 17:52:08 - [MESSAGE][PASSED] - Object: 'Object Repository/Page_KiboEngage  Dashboard/span_Messenger (1) (1) (1) (3)' is clicked on

2019-04-25 17:52:08 - [TEST_STEP][PASSED] - delay: Delayed 2 second(s)

2019-04-25 17:52:10 - [MESSAGE][PASSED] - Delayed 2 second(s)

2019-04-25 17:52:10 - [MESSAGE][PASSED] - Call Test Case 'Test Cases/s-sidebar_navigation/individualAccount/arveen_production_login_kiboengage' successfully

2019-04-25 17:52:10 - [TEST_STEP][PASSED] - callTestCase: Call Test Case 'Test Cases/Sequence Messaging/open_automation' successfully

2019-04-25 17:52:10 - [TEST_CASE][PASSED] - Test Cases/Sequence Messaging/open_automation: Test Cases/Sequence Messaging/open_automation

2019-04-25 17:52:10 - [TEST_STEP][PASSED] - click: Object: 'Object Repository/Page_KiboPush  Dashboard/span_Automation (1) (1)' is clicked on

2019-04-25 17:52:11 - [MESSAGE][PASSED] - Object: 'Object Repository/Page_KiboPush  Dashboard/span_Automation (1) (1)' is clicked on

2019-04-25 17:52:11 - [TEST_STEP][PASSED] - delay: Delayed 1 second(s)

2019-04-25 17:52:12 - [MESSAGE][PASSED] - Delayed 1 second(s)

2019-04-25 17:52:12 - [MESSAGE][PASSED] - Call Test Case 'Test Cases/Sequence Messaging/open_automation' successfully

2019-04-25 17:52:12 - [TEST_STEP][PASSED] - callTestCase: Call Test Case 'Test Cases/Sequence Messaging/TC1002' successfully

2019-04-25 17:52:12 - [TEST_CASE][PASSED] - Test Cases/Sequence Messaging/TC1002: Test Cases/Sequence Messaging/TC1002

2019-04-25 17:52:12 - [TEST_STEP][PASSED] - callTestCase: Call Test Case 'Test Cases/Sequence Messaging/Test Edit Sequence Button' successfully

2019-04-25 17:52:12 - [TEST_CASE][PASSED] - Test Cases/Sequence Messaging/Test Edit Sequence Button: Test Cases/Sequence Messaging/Test Edit Sequence Button

2019-04-25 17:52:12 - [TEST_STEP][PASSED] - callTestCase: Call Test Case 'Test Cases/Sequence Messaging/TC0980' successfully

2019-04-25 17:52:12 - [TEST_CASE][PASSED] - Test Cases/Sequence Messaging/TC0980: Test Cases/Sequence Messaging/TC0980

2019-04-25 17:52:12 - [TEST_STEP][PASSED] - callTestCase: Call Test Case 'Test Cases/Sequence Messaging/Go_to_Seq_Messaging' successfully

2019-04-25 17:52:12 - [TEST_CASE][PASSED] - Test Cases/Sequence Messaging/Go_to_Seq_Messaging: Test Cases/Sequence Messaging/Go_to_Seq_Messaging

2019-04-25 17:52:12 - [TEST_STEP][PASSED] - callTestCase: Call Test Case 'Test Cases/Sequence Messaging/Login' successfully

2019-04-25 17:52:13 - [TEST_CASE][PASSED] - Test Cases/Sequence Messaging/Login: Test Cases/Sequence Messaging/Login

2019-04-25 17:52:13 - [TEST_STEP][PASSED] - callTestCase: Call Test Case 'Test Cases/s-sidebar_navigation/individualAccount/sequenceMessaging' successfully

2019-04-25 17:52:13 - [TEST_CASE][PASSED] - Test Cases/s-sidebar_navigation/individualAccount/sequenceMessaging: Test Cases/s-sidebar_navigation/individualAccount/sequenceMessaging

2019-04-25 17:52:13 - [TEST_STEP][PASSED] - click: Object: 'Object Repository/Page_KiboPush  Dashboard/span_Autoposting' is clicked on

2019-04-25 17:52:13 - [MESSAGE][PASSED] - Object: 'Object Repository/Page_KiboPush  Dashboard/span_Autoposting' is clicked on

2019-04-25 17:52:13 - [TEST_STEP][PASSED] - delay: Delayed 1 second(s)

2019-04-25 17:52:14 - [MESSAGE][PASSED] - Delayed 1 second(s)

2019-04-25 17:52:15 - [TEST_STEP][PASSED] - click: Object: 'Object Repository/Page_KiboPush  Dashboard/span_Sequence Messaging' is clicked on

2019-04-25 17:52:15 - [MESSAGE][PASSED] - Object: 'Object Repository/Page_KiboPush  Dashboard/span_Sequence Messaging' is clicked on

2019-04-25 17:52:15 - [TEST_STEP][PASSED] - scrollToPosition: Browser is scrolled to position x = 0, y = 0

2019-04-25 17:52:15 - [MESSAGE][PASSED] - Browser is scrolled to position x = 0, y = 0

2019-04-25 17:52:15 - [TEST_STEP][PASSED] - click: Object: 'Object Repository/Page_KiboPush  Sequence Messaging/h3_Sequence Messaging' is clicked on

2019-04-25 17:52:16 - [MESSAGE][PASSED] - Object: 'Object Repository/Page_KiboPush  Sequence Messaging/h3_Sequence Messaging' is clicked on

2019-04-25 17:52:16 - [TEST_STEP][PASSED] - delay: Delayed 1 second(s)

2019-04-25 17:52:17 - [MESSAGE][PASSED] - Delayed 1 second(s)

2019-04-25 17:52:17 - [MESSAGE][PASSED] - Call Test Case 'Test Cases/s-sidebar_navigation/individualAccount/sequenceMessaging' successfully

2019-04-25 17:52:17 - [MESSAGE][PASSED] - Call Test Case 'Test Cases/Sequence Messaging/Login' successfully

2019-04-25 17:52:17 - [MESSAGE][PASSED] - Call Test Case 'Test Cases/Sequence Messaging/Go_to_Seq_Messaging' successfully

2019-04-25 17:52:17 - [TEST_STEP][PASSED] - delay: Delayed 4 second(s)

2019-04-25 17:52:22 - [MESSAGE][PASSED] - Delayed 4 second(s)

2019-04-25 17:52:22 - [MESSAGE][PASSED] - Call Test Case 'Test Cases/Sequence Messaging/TC0980' successfully

2019-04-25 17:52:22 - [TEST_STEP][PASSED] - click: Object: 'Object Repository/Page_KiboPush  Sequence Messaging/span_Edit (2)' is clicked on

2019-04-25 17:52:22 - [MESSAGE][PASSED] - Object: 'Object Repository/Page_KiboPush  Sequence Messaging/span_Edit (2)' is clicked on

2019-04-25 17:52:22 - [TEST_STEP][PASSED] - delay: Delayed 2 second(s)

2019-04-25 17:52:25 - [MESSAGE][PASSED] - Delayed 2 second(s)

2019-04-25 17:52:25 - [MESSAGE][PASSED] - Call Test Case 'Test Cases/Sequence Messaging/Test Edit Sequence Button' successfully

2019-04-25 17:52:25 - [TEST_STEP][PASSED] - delay: Delayed 2 second(s)

2019-04-25 17:52:27 - [MESSAGE][PASSED] - Delayed 2 second(s)

2019-04-25 17:52:27 - [TEST_STEP][PASSED] - click: Object: 'Object Repository/Page_KiboPush  Sequence Messaging/span_-- Edit (6)' is clicked on

2019-04-25 17:52:28 - [MESSAGE][PASSED] - Object: 'Object Repository/Page_KiboPush  Sequence Messaging/span_-- Edit (6)' is clicked on

2019-04-25 17:52:28 - [TEST_STEP][PASSED] - delay: Delayed 2 second(s)

2019-04-25 17:52:30 - [MESSAGE][PASSED] - Delayed 2 second(s)

2019-04-25 17:52:30 - [MESSAGE][PASSED] - Call Test Case 'Test Cases/Sequence Messaging/TC1002' successfully

2019-04-25 17:52:30 - [TEST_STEP][PASSED] - selectOptionByValue: All options with value 'tag' are selected in object 'Object Repository/Page_KiboPush  Sequence Messaging/select_Select ConditionFirst N (5) (1) (1) (1)'  using regular expression

2019-04-25 17:52:31 - [MESSAGE][PASSED] - All options with value 'tag' are selected in object 'Object Repository/Page_KiboPush  Sequence Messaging/select_Select ConditionFirst N (5) (1) (1) (1)'  using regular expression

2019-04-25 17:52:31 - [TEST_STEP][PASSED] - selectOptionByValue: All options with value 'is' are selected in object 'Object Repository/Page_KiboEngage  Edit Sequence/select_Select Criteriais'  using regular expression

2019-04-25 17:52:32 - [MESSAGE][PASSED] - All options with value 'is' are selected in object 'Object Repository/Page_KiboEngage  Edit Sequence/select_Select Criteriais'  using regular expression

2019-04-25 17:52:32 - [TEST_STEP][PASSED] - selectOptionByValue: All options with value '5cbd86be9a26741607e22380' are selected in object 'Object Repository/Page_KiboEngage  Edit Sequence/select_Select a Taghello'  using regular expression

2019-04-25 17:52:33 - [MESSAGE][PASSED] - All options with value '5cbd86be9a26741607e22380' are selected in object 'Object Repository/Page_KiboEngage  Edit Sequence/select_Select a Taghello'  using regular expression

2019-04-25 17:52:33 - [TEST_STEP][PASSED] - click: Object: 'Object Repository/Page_KiboEngage  Edit Sequence/button_Save (1)' is clicked on

2019-04-25 17:52:33 - [MESSAGE][PASSED] - Object: 'Object Repository/Page_KiboEngage  Edit Sequence/button_Save (1)' is clicked on]]></system-out>
         <system-err><![CDATA[]]></system-err>
      </testcase>
      <testcase name="Test Cases/Sequence Messaging/TC1008" classname="Test Cases/Sequence Messaging/TC1008" status="PASSED">
         <system-out><![CDATA[2019-04-25 17:52:33 - [TEST_CASE][PASSED] - Test Cases/Sequence Messaging/TC1008: Test Cases/Sequence Messaging/TC1008

2019-04-25 17:52:34 - [TEST_STEP][PASSED] - callTestCase: Call Test Case 'Test Cases/Sequence Messaging/TC1002' successfully

2019-04-25 17:52:34 - [TEST_CASE][PASSED] - Test Cases/Sequence Messaging/TC1002: Test Cases/Sequence Messaging/TC1002

2019-04-25 17:52:34 - [TEST_STEP][PASSED] - callTestCase: Call Test Case 'Test Cases/Sequence Messaging/Test Edit Sequence Button' successfully

2019-04-25 17:52:34 - [TEST_CASE][PASSED] - Test Cases/Sequence Messaging/Test Edit Sequence Button: Test Cases/Sequence Messaging/Test Edit Sequence Button

2019-04-25 17:52:34 - [TEST_STEP][PASSED] - callTestCase: Call Test Case 'Test Cases/Sequence Messaging/TC0980' successfully

2019-04-25 17:52:34 - [TEST_CASE][PASSED] - Test Cases/Sequence Messaging/TC0980: Test Cases/Sequence Messaging/TC0980

2019-04-25 17:52:34 - [TEST_STEP][PASSED] - callTestCase: Call Test Case 'Test Cases/Sequence Messaging/Go_to_Seq_Messaging' successfully

2019-04-25 17:52:35 - [TEST_CASE][PASSED] - Test Cases/Sequence Messaging/Go_to_Seq_Messaging: Test Cases/Sequence Messaging/Go_to_Seq_Messaging

2019-04-25 17:52:35 - [TEST_STEP][PASSED] - callTestCase: Call Test Case 'Test Cases/Sequence Messaging/Login' successfully

2019-04-25 17:52:35 - [TEST_CASE][PASSED] - Test Cases/Sequence Messaging/Login: Test Cases/Sequence Messaging/Login

2019-04-25 17:52:35 - [TEST_STEP][PASSED] - callTestCase: Call Test Case 'Test Cases/s-sidebar_navigation/individualAccount/sequenceMessaging' successfully

2019-04-25 17:52:35 - [TEST_CASE][PASSED] - Test Cases/s-sidebar_navigation/individualAccount/sequenceMessaging: Test Cases/s-sidebar_navigation/individualAccount/sequenceMessaging

2019-04-25 17:52:35 - [TEST_STEP][PASSED] - click: Object: 'Object Repository/Page_KiboPush  Dashboard/span_Autoposting' is clicked on

2019-04-25 17:52:35 - [MESSAGE][PASSED] - Object: 'Object Repository/Page_KiboPush  Dashboard/span_Autoposting' is clicked on

2019-04-25 17:52:35 - [TEST_STEP][PASSED] - delay: Delayed 1 second(s)

2019-04-25 17:52:36 - [MESSAGE][PASSED] - Delayed 1 second(s)

2019-04-25 17:52:36 - [TEST_STEP][PASSED] - click: Object: 'Object Repository/Page_KiboPush  Dashboard/span_Sequence Messaging' is clicked on

2019-04-25 17:52:37 - [MESSAGE][PASSED] - Object: 'Object Repository/Page_KiboPush  Dashboard/span_Sequence Messaging' is clicked on

2019-04-25 17:52:37 - [TEST_STEP][PASSED] - scrollToPosition: Browser is scrolled to position x = 0, y = 0

2019-04-25 17:52:37 - [MESSAGE][PASSED] - Browser is scrolled to position x = 0, y = 0

2019-04-25 17:52:37 - [TEST_STEP][PASSED] - click: Object: 'Object Repository/Page_KiboPush  Sequence Messaging/h3_Sequence Messaging' is clicked on

2019-04-25 17:52:38 - [MESSAGE][PASSED] - Object: 'Object Repository/Page_KiboPush  Sequence Messaging/h3_Sequence Messaging' is clicked on

2019-04-25 17:52:38 - [TEST_STEP][PASSED] - delay: Delayed 1 second(s)

2019-04-25 17:52:39 - [MESSAGE][PASSED] - Delayed 1 second(s)

2019-04-25 17:52:39 - [MESSAGE][PASSED] - Call Test Case 'Test Cases/s-sidebar_navigation/individualAccount/sequenceMessaging' successfully

2019-04-25 17:52:39 - [MESSAGE][PASSED] - Call Test Case 'Test Cases/Sequence Messaging/Login' successfully

2019-04-25 17:52:39 - [MESSAGE][PASSED] - Call Test Case 'Test Cases/Sequence Messaging/Go_to_Seq_Messaging' successfully

2019-04-25 17:52:39 - [TEST_STEP][PASSED] - delay: Delayed 4 second(s)

2019-04-25 17:52:43 - [MESSAGE][PASSED] - Delayed 4 second(s)

2019-04-25 17:52:43 - [MESSAGE][PASSED] - Call Test Case 'Test Cases/Sequence Messaging/TC0980' successfully

2019-04-25 17:52:43 - [TEST_STEP][PASSED] - click: Object: 'Object Repository/Page_KiboPush  Sequence Messaging/span_Edit (2)' is clicked on

2019-04-25 17:52:43 - [MESSAGE][PASSED] - Object: 'Object Repository/Page_KiboPush  Sequence Messaging/span_Edit (2)' is clicked on

2019-04-25 17:52:43 - [TEST_STEP][PASSED] - delay: Delayed 2 second(s)

2019-04-25 17:52:45 - [MESSAGE][PASSED] - Delayed 2 second(s)

2019-04-25 17:52:45 - [MESSAGE][PASSED] - Call Test Case 'Test Cases/Sequence Messaging/Test Edit Sequence Button' successfully

2019-04-25 17:52:45 - [TEST_STEP][PASSED] - delay: Delayed 2 second(s)

2019-04-25 17:52:47 - [MESSAGE][PASSED] - Delayed 2 second(s)

2019-04-25 17:52:47 - [TEST_STEP][PASSED] - click: Object: 'Object Repository/Page_KiboPush  Sequence Messaging/span_-- Edit (6)' is clicked on

2019-04-25 17:52:48 - [MESSAGE][PASSED] - Object: 'Object Repository/Page_KiboPush  Sequence Messaging/span_-- Edit (6)' is clicked on

2019-04-25 17:52:48 - [TEST_STEP][PASSED] - delay: Delayed 2 second(s)

2019-04-25 17:52:49 - [MESSAGE][PASSED] - Delayed 2 second(s)

2019-04-25 17:52:50 - [MESSAGE][PASSED] - Call Test Case 'Test Cases/Sequence Messaging/TC1002' successfully

2019-04-25 17:52:50 - [TEST_STEP][PASSED] - selectOptionByValue: All options with value 'subscription_date' are selected in object 'Object Repository/Page_KiboPush  Sequence Messaging/select_Select ConditionFirst N (6) (1)'  using regular expression

2019-04-25 17:52:50 - [MESSAGE][PASSED] - All options with value 'subscription_date' are selected in object 'Object Repository/Page_KiboPush  Sequence Messaging/select_Select ConditionFirst N (6) (1)'  using regular expression

2019-04-25 17:52:50 - [TEST_STEP][PASSED] - selectOptionByValue: All options with value 'after' are selected in object 'Object Repository/Page_KiboPush  Sequence Messaging/select_Select CriteriaonBefore (1)'  using regular expression

2019-04-25 17:52:51 - [MESSAGE][PASSED] - All options with value 'after' are selected in object 'Object Repository/Page_KiboPush  Sequence Messaging/select_Select CriteriaonBefore (1)'  using regular expression

2019-04-25 17:52:51 - [TEST_STEP][PASSED] - delay: Delayed 2 second(s)

2019-04-25 17:52:52 - [MESSAGE][PASSED] - Delayed 2 second(s)

2019-04-25 17:52:52 - [TEST_STEP][PASSED] - doubleClick: Object: 'Object Repository/Page_KiboPush  Sequence Messaging/input_text' is double clicked on

2019-04-25 17:52:53 - [MESSAGE][PASSED] - Object: 'Object Repository/Page_KiboPush  Sequence Messaging/input_text' is double clicked on

2019-04-25 17:52:53 - [TEST_STEP][PASSED] - click: Object: 'Object Repository/Page_KiboPush  Sequence Messaging/button_Save (15)' is clicked on

2019-04-25 17:52:53 - [MESSAGE][PASSED] - Object: 'Object Repository/Page_KiboPush  Sequence Messaging/button_Save (15)' is clicked on]]></system-out>
         <system-err><![CDATA[]]></system-err>
      </testcase>
      <testcase name="Test Cases/Sequence Messaging/TC1009" classname="Test Cases/Sequence Messaging/TC1009" status="PASSED">
         <system-out><![CDATA[2019-04-25 17:52:53 - [TEST_CASE][PASSED] - Test Cases/Sequence Messaging/TC1009: Test Cases/Sequence Messaging/TC1009

2019-04-25 17:52:53 - [TEST_STEP][PASSED] - callTestCase: Call Test Case 'Test Cases/Sequence Messaging/TC1002' successfully

2019-04-25 17:52:54 - [TEST_CASE][PASSED] - Test Cases/Sequence Messaging/TC1002: Test Cases/Sequence Messaging/TC1002

2019-04-25 17:52:54 - [TEST_STEP][PASSED] - callTestCase: Call Test Case 'Test Cases/Sequence Messaging/Test Edit Sequence Button' successfully

2019-04-25 17:52:54 - [TEST_CASE][PASSED] - Test Cases/Sequence Messaging/Test Edit Sequence Button: Test Cases/Sequence Messaging/Test Edit Sequence Button

2019-04-25 17:52:54 - [TEST_STEP][PASSED] - callTestCase: Call Test Case 'Test Cases/Sequence Messaging/TC0980' successfully

2019-04-25 17:52:54 - [TEST_CASE][PASSED] - Test Cases/Sequence Messaging/TC0980: Test Cases/Sequence Messaging/TC0980

2019-04-25 17:52:54 - [TEST_STEP][PASSED] - callTestCase: Call Test Case 'Test Cases/Sequence Messaging/Go_to_Seq_Messaging' successfully

2019-04-25 17:52:54 - [TEST_CASE][PASSED] - Test Cases/Sequence Messaging/Go_to_Seq_Messaging: Test Cases/Sequence Messaging/Go_to_Seq_Messaging

2019-04-25 17:52:54 - [TEST_STEP][PASSED] - callTestCase: Call Test Case 'Test Cases/Sequence Messaging/Login' successfully

2019-04-25 17:52:54 - [TEST_CASE][PASSED] - Test Cases/Sequence Messaging/Login: Test Cases/Sequence Messaging/Login

2019-04-25 17:52:54 - [TEST_STEP][PASSED] - callTestCase: Call Test Case 'Test Cases/s-sidebar_navigation/individualAccount/sequenceMessaging' successfully

2019-04-25 17:52:54 - [TEST_CASE][PASSED] - Test Cases/s-sidebar_navigation/individualAccount/sequenceMessaging: Test Cases/s-sidebar_navigation/individualAccount/sequenceMessaging

2019-04-25 17:52:54 - [TEST_STEP][PASSED] - click: Object: 'Object Repository/Page_KiboPush  Dashboard/span_Autoposting' is clicked on

2019-04-25 17:52:55 - [MESSAGE][PASSED] - Object: 'Object Repository/Page_KiboPush  Dashboard/span_Autoposting' is clicked on

2019-04-25 17:52:55 - [TEST_STEP][PASSED] - delay: Delayed 1 second(s)

2019-04-25 17:52:56 - [MESSAGE][PASSED] - Delayed 1 second(s)

2019-04-25 17:52:56 - [TEST_STEP][PASSED] - click: Object: 'Object Repository/Page_KiboPush  Dashboard/span_Sequence Messaging' is clicked on

2019-04-25 17:52:56 - [MESSAGE][PASSED] - Object: 'Object Repository/Page_KiboPush  Dashboard/span_Sequence Messaging' is clicked on

2019-04-25 17:52:56 - [TEST_STEP][PASSED] - scrollToPosition: Browser is scrolled to position x = 0, y = 0

2019-04-25 17:52:56 - [MESSAGE][PASSED] - Browser is scrolled to position x = 0, y = 0

2019-04-25 17:52:56 - [TEST_STEP][PASSED] - click: Object: 'Object Repository/Page_KiboPush  Sequence Messaging/h3_Sequence Messaging' is clicked on

2019-04-25 17:52:57 - [MESSAGE][PASSED] - Object: 'Object Repository/Page_KiboPush  Sequence Messaging/h3_Sequence Messaging' is clicked on

2019-04-25 17:52:57 - [TEST_STEP][PASSED] - delay: Delayed 1 second(s)

2019-04-25 17:52:58 - [MESSAGE][PASSED] - Delayed 1 second(s)

2019-04-25 17:52:58 - [MESSAGE][PASSED] - Call Test Case 'Test Cases/s-sidebar_navigation/individualAccount/sequenceMessaging' successfully

2019-04-25 17:52:58 - [MESSAGE][PASSED] - Call Test Case 'Test Cases/Sequence Messaging/Login' successfully

2019-04-25 17:52:58 - [MESSAGE][PASSED] - Call Test Case 'Test Cases/Sequence Messaging/Go_to_Seq_Messaging' successfully

2019-04-25 17:52:58 - [TEST_STEP][PASSED] - delay: Delayed 4 second(s)

2019-04-25 17:53:01 - [MESSAGE][PASSED] - Delayed 4 second(s)

2019-04-25 17:53:01 - [MESSAGE][PASSED] - Call Test Case 'Test Cases/Sequence Messaging/TC0980' successfully

2019-04-25 17:53:01 - [TEST_STEP][PASSED] - click: Object: 'Object Repository/Page_KiboPush  Sequence Messaging/span_Edit (2)' is clicked on

2019-04-25 17:53:01 - [MESSAGE][PASSED] - Object: 'Object Repository/Page_KiboPush  Sequence Messaging/span_Edit (2)' is clicked on

2019-04-25 17:53:01 - [TEST_STEP][PASSED] - delay: Delayed 2 second(s)

2019-04-25 17:53:03 - [MESSAGE][PASSED] - Delayed 2 second(s)

2019-04-25 17:53:03 - [MESSAGE][PASSED] - Call Test Case 'Test Cases/Sequence Messaging/Test Edit Sequence Button' successfully

2019-04-25 17:53:03 - [TEST_STEP][PASSED] - delay: Delayed 2 second(s)

2019-04-25 17:53:04 - [MESSAGE][PASSED] - Delayed 2 second(s)

2019-04-25 17:53:04 - [TEST_STEP][PASSED] - click: Object: 'Object Repository/Page_KiboPush  Sequence Messaging/span_-- Edit (6)' is clicked on

2019-04-25 17:53:05 - [MESSAGE][PASSED] - Object: 'Object Repository/Page_KiboPush  Sequence Messaging/span_-- Edit (6)' is clicked on

2019-04-25 17:53:05 - [TEST_STEP][PASSED] - delay: Delayed 2 second(s)

2019-04-25 17:53:06 - [MESSAGE][PASSED] - Delayed 2 second(s)

2019-04-25 17:53:06 - [MESSAGE][PASSED] - Call Test Case 'Test Cases/Sequence Messaging/TC1002' successfully

2019-04-25 17:53:06 - [TEST_STEP][PASSED] - click: Object: 'Object Repository/Page_KiboPush  Sequence Messaging/button_ Add Condition (1)' is clicked on

2019-04-25 17:53:07 - [MESSAGE][PASSED] - Object: 'Object Repository/Page_KiboPush  Sequence Messaging/button_ Add Condition (1)' is clicked on

2019-04-25 17:53:07 - [TEST_STEP][PASSED] - click: Object: 'Object Repository/Page_KiboPush  Sequence Messaging/button_Save (10)' is clicked on

2019-04-25 17:53:07 - [MESSAGE][PASSED] - Object: 'Object Repository/Page_KiboPush  Sequence Messaging/button_Save (10)' is clicked on]]></system-out>
         <system-err><![CDATA[]]></system-err>
      </testcase>
      <testcase name="Test Cases/Sequence Messaging/TC1011" classname="Test Cases/Sequence Messaging/TC1011" status="PASSED">
         <system-out><![CDATA[2019-04-25 17:53:07 - [TEST_CASE][PASSED] - Test Cases/Sequence Messaging/TC1011: Test Cases/Sequence Messaging/TC1011

2019-04-25 17:53:07 - [TEST_STEP][PASSED] - callTestCase: Call Test Case 'Test Cases/Sequence Messaging/TC0980' successfully

2019-04-25 17:53:07 - [TEST_CASE][PASSED] - Test Cases/Sequence Messaging/TC0980: Test Cases/Sequence Messaging/TC0980

2019-04-25 17:53:07 - [TEST_STEP][PASSED] - callTestCase: Call Test Case 'Test Cases/Sequence Messaging/Go_to_Seq_Messaging' successfully

2019-04-25 17:53:08 - [TEST_CASE][PASSED] - Test Cases/Sequence Messaging/Go_to_Seq_Messaging: Test Cases/Sequence Messaging/Go_to_Seq_Messaging

2019-04-25 17:53:08 - [TEST_STEP][PASSED] - callTestCase: Call Test Case 'Test Cases/Sequence Messaging/Login' successfully

2019-04-25 17:53:08 - [TEST_CASE][PASSED] - Test Cases/Sequence Messaging/Login: Test Cases/Sequence Messaging/Login

2019-04-25 17:53:08 - [TEST_STEP][PASSED] - callTestCase: Call Test Case 'Test Cases/s-sidebar_navigation/individualAccount/sequenceMessaging' successfully

2019-04-25 17:53:08 - [TEST_CASE][PASSED] - Test Cases/s-sidebar_navigation/individualAccount/sequenceMessaging: Test Cases/s-sidebar_navigation/individualAccount/sequenceMessaging

2019-04-25 17:53:08 - [TEST_STEP][PASSED] - click: Object: 'Object Repository/Page_KiboPush  Dashboard/span_Autoposting' is clicked on

2019-04-25 17:53:08 - [MESSAGE][PASSED] - Object: 'Object Repository/Page_KiboPush  Dashboard/span_Autoposting' is clicked on

2019-04-25 17:53:08 - [TEST_STEP][PASSED] - delay: Delayed 1 second(s)

2019-04-25 17:53:09 - [MESSAGE][PASSED] - Delayed 1 second(s)

2019-04-25 17:53:09 - [TEST_STEP][PASSED] - click: Object: 'Object Repository/Page_KiboPush  Dashboard/span_Sequence Messaging' is clicked on

2019-04-25 17:53:10 - [MESSAGE][PASSED] - Object: 'Object Repository/Page_KiboPush  Dashboard/span_Sequence Messaging' is clicked on

2019-04-25 17:53:10 - [TEST_STEP][PASSED] - scrollToPosition: Browser is scrolled to position x = 0, y = 0

2019-04-25 17:53:10 - [MESSAGE][PASSED] - Browser is scrolled to position x = 0, y = 0

2019-04-25 17:53:10 - [TEST_STEP][PASSED] - click: Object: 'Object Repository/Page_KiboPush  Sequence Messaging/h3_Sequence Messaging' is clicked on

2019-04-25 17:53:10 - [MESSAGE][PASSED] - Object: 'Object Repository/Page_KiboPush  Sequence Messaging/h3_Sequence Messaging' is clicked on

2019-04-25 17:53:10 - [TEST_STEP][PASSED] - delay: Delayed 1 second(s)

2019-04-25 17:53:11 - [MESSAGE][PASSED] - Delayed 1 second(s)

2019-04-25 17:53:11 - [MESSAGE][PASSED] - Call Test Case 'Test Cases/s-sidebar_navigation/individualAccount/sequenceMessaging' successfully

2019-04-25 17:53:11 - [MESSAGE][PASSED] - Call Test Case 'Test Cases/Sequence Messaging/Login' successfully

2019-04-25 17:53:11 - [MESSAGE][PASSED] - Call Test Case 'Test Cases/Sequence Messaging/Go_to_Seq_Messaging' successfully

2019-04-25 17:53:11 - [TEST_STEP][PASSED] - delay: Delayed 4 second(s)

2019-04-25 17:53:15 - [MESSAGE][PASSED] - Delayed 4 second(s)

2019-04-25 17:53:15 - [MESSAGE][PASSED] - Call Test Case 'Test Cases/Sequence Messaging/TC0980' successfully

2019-04-25 17:53:15 - [TEST_STEP][PASSED] - click: Object: 'Object Repository/Page_KiboPush  Sequence Messaging/span_Edit (1) (1)' is clicked on

2019-04-25 17:53:15 - [MESSAGE][PASSED] - Object: 'Object Repository/Page_KiboPush  Sequence Messaging/span_Edit (1) (1)' is clicked on

2019-04-25 17:53:15 - [TEST_STEP][PASSED] - delay: Delayed 2 second(s)

2019-04-25 17:53:17 - [MESSAGE][PASSED] - Delayed 2 second(s)

2019-04-25 17:53:17 - [TEST_STEP][PASSED] - click: Object: 'Object Repository/Page_KiboPush  Sequence Messaging/Delete Message Icon (1)' is clicked on

2019-04-25 17:53:17 - [MESSAGE][PASSED] - Object: 'Object Repository/Page_KiboPush  Sequence Messaging/Delete Message Icon (1)' is clicked on

2019-04-25 17:53:17 - [TEST_STEP][PASSED] - click: Object: 'Object Repository/Page_KiboPush  Sequence Messaging/button_Delete (3) (1)' is clicked on

2019-04-25 17:53:18 - [MESSAGE][PASSED] - Object: 'Object Repository/Page_KiboPush  Sequence Messaging/button_Delete (3) (1)' is clicked on

2019-04-25 17:53:18 - [TEST_STEP][PASSED] - delay: Delayed 4 second(s)

2019-04-25 17:53:22 - [MESSAGE][PASSED] - Delayed 4 second(s)

2019-04-25 17:53:22 - [TEST_STEP][PASSED] - scrollToPosition: Browser is scrolled to position x = 0, y = 0

2019-04-25 17:53:22 - [MESSAGE][PASSED] - Browser is scrolled to position x = 0, y = 0

2019-04-25 17:53:22 - [TEST_STEP][PASSED] - click: Object: 'Object Repository/Page_KiboPush  Sequence Messaging/button_Add Message (1) (1)' is clicked on

2019-04-25 17:53:22 - [MESSAGE][PASSED] - Object: 'Object Repository/Page_KiboPush  Sequence Messaging/button_Add Message (1) (1)' is clicked on

2019-04-25 17:53:22 - [TEST_STEP][PASSED] - delay: Delayed 2 second(s)

2019-04-25 17:53:24 - [MESSAGE][PASSED] - Delayed 2 second(s)

2019-04-25 17:53:24 - [TEST_STEP][PASSED] - click: Object: 'Object Repository/Page_KiboPush  Sequence Messaging/span_New Message (4) (1)' is clicked on

2019-04-25 17:53:25 - [MESSAGE][PASSED] - Object: 'Object Repository/Page_KiboPush  Sequence Messaging/span_New Message (4) (1)' is clicked on

2019-04-25 17:53:25 - [TEST_STEP][PASSED] - delay: Delayed 3 second(s)

2019-04-25 17:53:28 - [MESSAGE][PASSED] - Delayed 3 second(s)

2019-04-25 17:53:28 - [TEST_STEP][PASSED] - click: Object: 'Object Repository/Page_KiboPush  Edit Message/i_New Message_convoTitle (3) (1)' is clicked on

2019-04-25 17:53:28 - [MESSAGE][PASSED] - Object: 'Object Repository/Page_KiboPush  Edit Message/i_New Message_convoTitle (3) (1)' is clicked on

2019-04-25 17:53:28 - [TEST_STEP][PASSED] - delay: Delayed 2 second(s)

2019-04-25 17:53:30 - [MESSAGE][PASSED] - Delayed 2 second(s)

2019-04-25 17:53:30 - [TEST_STEP][PASSED] - setText: Text 'Message1' is set on object 'Object Repository/Page_KiboPush  Edit Message/input_Rename_form-control (3) (1)'

2019-04-25 17:53:31 - [MESSAGE][PASSED] - Text 'Message1' is set on object 'Object Repository/Page_KiboPush  Edit Message/input_Rename_form-control (3) (1)'

2019-04-25 17:53:31 - [TEST_STEP][PASSED] - scrollToElement: Scroll to object 'Object Repository/Page_KiboPush  Edit Message/div_View Facebook guidelines r (1) (1)' successfully

2019-04-25 17:53:31 - [MESSAGE][PASSED] - Scroll to object 'Object Repository/Page_KiboPush  Edit Message/div_View Facebook guidelines r (1) (1)' successfully

2019-04-25 17:53:31 - [TEST_STEP][PASSED] - click: Object: 'Object Repository/Page_KiboPush  Edit Message/button_Save (3) (1)' is clicked on

2019-04-25 17:53:32 - [MESSAGE][PASSED] - Object: 'Object Repository/Page_KiboPush  Edit Message/button_Save (3) (1)' is clicked on

2019-04-25 17:53:32 - [TEST_STEP][PASSED] - delay: Delayed 3 second(s)

2019-04-25 17:53:35 - [MESSAGE][PASSED] - Delayed 3 second(s)

2019-04-25 17:53:35 - [TEST_STEP][PASSED] - click: Object: 'Object Repository/Page_KiboPush  Edit Message/div_Text (2) (1)' is clicked on

2019-04-25 17:53:36 - [MESSAGE][PASSED] - Object: 'Object Repository/Page_KiboPush  Edit Message/div_Text (2) (1)' is clicked on

2019-04-25 17:53:36 - [TEST_STEP][PASSED] - setText: Text 'Text1' is set on object 'Object Repository/Page_KiboPush  Edit Message/Set Text Component (2) (1)'

2019-04-25 17:53:36 - [MESSAGE][PASSED] - Text 'Text1' is set on object 'Object Repository/Page_KiboPush  Edit Message/Set Text Component (2) (1)'

2019-04-25 17:53:36 - [TEST_STEP][PASSED] - click: Object: 'Object Repository/Page_KiboPush  Edit Message/h6_ Add Button (1)' is clicked on

2019-04-25 17:53:37 - [MESSAGE][PASSED] - Object: 'Object Repository/Page_KiboPush  Edit Message/h6_ Add Button (1)' is clicked on

2019-04-25 17:53:37 - [TEST_STEP][PASSED] - setText: Text 'Button1' is set on object 'Object Repository/Page_KiboPush  Edit Message/input_Button Title_form-contro (1)'

2019-04-25 17:53:38 - [MESSAGE][PASSED] - Text 'Button1' is set on object 'Object Repository/Page_KiboPush  Edit Message/input_Button Title_form-contro (1)'

2019-04-25 17:53:38 - [TEST_STEP][PASSED] - click: Object: 'Object Repository/Page_KiboPush  Edit Message/h7_Open a website' is clicked on

2019-04-25 17:53:38 - [MESSAGE][PASSED] - Object: 'Object Repository/Page_KiboPush  Edit Message/h7_Open a website' is clicked on

2019-04-25 17:53:38 - [TEST_STEP][PASSED] - setText: Text 'www.google.com' is set on object 'Object Repository/Page_KiboPush  Edit Message/input_form-control'

2019-04-25 17:53:39 - [MESSAGE][PASSED] - Text 'www.google.com' is set on object 'Object Repository/Page_KiboPush  Edit Message/input_form-control'

2019-04-25 17:53:39 - [TEST_STEP][PASSED] - click: Object: 'Object Repository/Page_KiboPush  Edit Message/button_Done (1)' is clicked on

2019-04-25 17:53:40 - [MESSAGE][PASSED] - Object: 'Object Repository/Page_KiboPush  Edit Message/button_Done (1)' is clicked on

2019-04-25 17:53:40 - [TEST_STEP][PASSED] - scrollToPosition: Browser is scrolled to position x = 0, y = 0

2019-04-25 17:53:40 - [MESSAGE][PASSED] - Browser is scrolled to position x = 0, y = 0

2019-04-25 17:53:40 - [TEST_STEP][PASSED] - click: Object: 'Object Repository/Page_KiboPush  Edit Message/button_Save_1 (3)' is clicked on

2019-04-25 17:53:41 - [MESSAGE][PASSED] - Object: 'Object Repository/Page_KiboPush  Edit Message/button_Save_1 (3)' is clicked on

2019-04-25 17:53:41 - [TEST_STEP][PASSED] - click: Object: 'Object Repository/Page_KiboPush  Edit Message/a_Back (3)' is clicked on

2019-04-25 17:53:41 - [MESSAGE][PASSED] - Object: 'Object Repository/Page_KiboPush  Edit Message/a_Back (3)' is clicked on]]></system-out>
         <system-err><![CDATA[]]></system-err>
      </testcase>
      <system-out><![CDATA[2019-04-25 17:44:04 - [TEST_SUITE][PASSED] - seq_message: Test Cases/Sequence Messaging/TC1011]]></system-out>
      <system-err><![CDATA[]]></system-err>
   </testsuite>
</testsuites>
