<?xml version="1.0" encoding="UTF-8"?>
<testsuites name="smart replies" time="435" tests="18" failures="1" errors="1">
   <testsuite name="smart replies" tests="18" failures="1" errors="1" time="435" timestamp="2019-04-23 12:03:38" hostname="cloudkibo - 10.0.2.15" id="Test Suites/smart replies">
      <properties>
         <property name="deviceName" value=""/>
         <property name="devicePlatform" value=""/>
         <property name="logFolder" value="C:\\Users\\cloudkibo\\Desktop\\KiboPush_Automated_Testing\\KiboPush Katalon\\Reports\\smart replies\\20190423_120333"/>
         <property name="logFiles" value="C:\\Users\\cloudkibo\\Desktop\\KiboPush_Automated_Testing\\KiboPush Katalon\\Reports\\smart replies\\20190423_120333\\execution0.log"/>
         <property name="attachments" value="C:\\Users\\cloudkibo\\Desktop\\KiboPush_Automated_Testing\\KiboPush Katalon\\Reports\\smart replies\\20190423_120333\\1556003416188.png"/>
         <property name="hostName" value="cloudkibo - 10.0.2.15"/>
         <property name="os" value="Windows 10 64bit"/>
         <property name="katalonVersion" value="5.6.0.1"/>
         <property name="browser" value="Chrome 73.0.3683.103"/>
         <property name="hostAddress" value="10.0.2.15"/>
         <property name="sessionId" value="94327169654f055806f102b47e8e078a"/>
         <property name="seleniumVersion" value="3.7.1"/>
         <property name="proxyInformation" value="ProxyInformation{proxyOption=NO_PROXY, proxyServerType=HTTP, password=, proxyServerAddress=, proxyServerPort=0}"/>
         <property name="platform" value="Windows 10"/>
      </properties>
      <testcase name="Test Cases/s-sidebar_navigation/individualAccount/arveen_production_login_kibochat" classname="Test Cases/s-sidebar_navigation/individualAccount/arveen_production_login_kibochat" status="PASSED">
         <system-out><![CDATA[2019-04-23 12:03:39 - [TEST_CASE][PASSED] - Test Cases/s-sidebar_navigation/individualAccount/arveen_production_login_kibochat: Test Cases/s-sidebar_navigation/individualAccount/arveen_production_login_kibochat

2019-04-23 12:03:40 - [TEST_STEP][PASSED] - openBrowser: Browser is opened with url: ''

2019-04-23 12:03:47 - [MESSAGE][PASSED] - Browser is opened with url: ''

2019-04-23 12:03:47 - [TEST_STEP][PASSED] - maximizeWindow: Current window maximized

2019-04-23 12:03:48 - [MESSAGE][PASSED] - Current window maximized

2019-04-23 12:03:48 - [TEST_STEP][PASSED] - navigateToUrl: Navigate to 'https://kibochat.cloudkibo.com/' successfully

2019-04-23 12:04:02 - [MESSAGE][PASSED] - Navigate to 'https://kibochat.cloudkibo.com/' successfully

2019-04-23 12:04:02 - [TEST_STEP][PASSED] - navigateToUrl: Navigate to 'https://accounts.cloudkibo.com/?continue=https://kibochat.cloudkibo.com' successfully

2019-04-23 12:04:03 - [MESSAGE][PASSED] - Navigate to 'https://accounts.cloudkibo.com/?continue=https://kibochat.cloudkibo.com' successfully

2019-04-23 12:04:03 - [TEST_STEP][PASSED] - click: Object: 'Object Repository/Page_KiboPush/a_Login (10)' is clicked on

2019-04-23 12:04:04 - [MESSAGE][PASSED] - Object: 'Object Repository/Page_KiboPush/a_Login (10)' is clicked on

2019-04-23 12:04:04 - [TEST_STEP][PASSED] - setText: Text 'individual@cloudkibo.com' is set on object 'Object Repository/Page_KiboPush/input_email (10) (1) (1)'

2019-04-23 12:04:05 - [MESSAGE][PASSED] - Text 'individual@cloudkibo.com' is set on object 'Object Repository/Page_KiboPush/input_email (10) (1) (1)'

2019-04-23 12:04:05 - [TEST_STEP][PASSED] - setEncryptedText: Text ****** has been set on object 'Object Repository/Page_CloudKibo/input_Sign In_password (7)'

2019-04-23 12:04:05 - [MESSAGE][PASSED] - Text ****** has been set on object 'Object Repository/Page_CloudKibo/input_Sign In_password (7)'

2019-04-23 12:04:05 - [TEST_STEP][PASSED] - click: Object: 'Object Repository/Page_KiboPush/button_Sign In (11)' is clicked on

2019-04-23 12:04:05 - [MESSAGE][PASSED] - Object: 'Object Repository/Page_KiboPush/button_Sign In (11)' is clicked on

2019-04-23 12:04:05 - [TEST_STEP][PASSED] - click: Object: 'Object Repository/Page_KiboPush  Dashboard/h3_Dashboard (58)' is clicked on

2019-04-23 12:04:23 - [MESSAGE][PASSED] - Object: 'Object Repository/Page_KiboPush  Dashboard/h3_Dashboard (58)' is clicked on

2019-04-23 12:04:23 - [TEST_STEP][PASSED] - delay: Delayed 3 second(s)

2019-04-23 12:04:26 - [MESSAGE][PASSED] - Delayed 3 second(s)

2019-04-23 12:04:26 - [TEST_STEP][PASSED] - click: Object: 'Object Repository/Page_KiboEngage  Dashboard/a_SMS (2)' is clicked on

2019-04-23 12:04:27 - [MESSAGE][PASSED] - Object: 'Object Repository/Page_KiboEngage  Dashboard/a_SMS (2)' is clicked on

2019-04-23 12:04:27 - [TEST_STEP][PASSED] - delay: Delayed 2 second(s)

2019-04-23 12:04:29 - [MESSAGE][PASSED] - Delayed 2 second(s)

2019-04-23 12:04:29 - [TEST_STEP][PASSED] - click: Object: 'Object Repository/Page_KiboEngage  Dashboard/span_Messenger' is clicked on

2019-04-23 12:04:29 - [MESSAGE][PASSED] - Object: 'Object Repository/Page_KiboEngage  Dashboard/span_Messenger' is clicked on

2019-04-23 12:04:29 - [TEST_STEP][PASSED] - delay: Delayed 2 second(s)

2019-04-23 12:04:31 - [MESSAGE][PASSED] - Delayed 2 second(s)]]></system-out>
         <system-err><![CDATA[]]></system-err>
      </testcase>
      <testcase name="Test Cases/Smart Replies/open_automation" classname="Test Cases/Smart Replies/open_automation" status="PASSED">
         <system-out><![CDATA[2019-04-23 12:04:31 - [TEST_CASE][PASSED] - Test Cases/Smart Replies/open_automation: Test Cases/Smart Replies/open_automation

2019-04-23 12:04:31 - [TEST_STEP][PASSED] - click: Object: 'Object Repository/Page_KiboPush  Dashboard/span_Automation (1) (1)' is clicked on

2019-04-23 12:04:32 - [MESSAGE][PASSED] - Object: 'Object Repository/Page_KiboPush  Dashboard/span_Automation (1) (1)' is clicked on

2019-04-23 12:04:32 - [TEST_STEP][PASSED] - delay: Delayed 1 second(s)

2019-04-23 12:04:33 - [MESSAGE][PASSED] - Delayed 1 second(s)]]></system-out>
         <system-err><![CDATA[]]></system-err>
      </testcase>
      <testcase name="Test Cases/Smart Replies/TC0618" classname="Test Cases/Smart Replies/TC0618" status="PASSED">
         <system-out><![CDATA[2019-04-23 12:04:33 - [TEST_CASE][PASSED] - Test Cases/Smart Replies/TC0618: Test Cases/Smart Replies/TC0618

2019-04-23 12:04:33 - [TEST_STEP][PASSED] - callTestCase: Call Test Case 'Test Cases/s-sidebar_navigation/individualAccount/Smart Replies' successfully

2019-04-23 12:04:33 - [TEST_CASE][PASSED] - Test Cases/s-sidebar_navigation/individualAccount/Smart Replies: Test Cases/s-sidebar_navigation/individualAccount/Smart Replies

2019-04-23 12:04:34 - [TEST_STEP][PASSED] - click: Object: 'Object Repository/Page_KiboPush  Dashboard/span_Dashboard' is clicked on

2019-04-23 12:04:34 - [MESSAGE][PASSED] - Object: 'Object Repository/Page_KiboPush  Dashboard/span_Dashboard' is clicked on

2019-04-23 12:04:34 - [TEST_STEP][PASSED] - delay: Delayed 2 second(s)

2019-04-23 12:04:36 - [MESSAGE][PASSED] - Delayed 2 second(s)

2019-04-23 12:04:36 - [TEST_STEP][PASSED] - click: Object: 'Object Repository/Page_KiboPush  Dashboard/span_Smart Replies' is clicked on

2019-04-23 12:04:37 - [MESSAGE][PASSED] - Object: 'Object Repository/Page_KiboPush  Dashboard/span_Smart Replies' is clicked on

2019-04-23 12:04:37 - [TEST_STEP][PASSED] - scrollToPosition: Browser is scrolled to position x = 0, y = 0

2019-04-23 12:04:37 - [MESSAGE][PASSED] - Browser is scrolled to position x = 0, y = 0

2019-04-23 12:04:37 - [TEST_STEP][PASSED] - delay: Delayed 2 second(s)

2019-04-23 12:04:39 - [MESSAGE][PASSED] - Delayed 2 second(s)

2019-04-23 12:04:39 - [TEST_STEP][PASSED] - click: Object: 'Object Repository/Page_KiboPush  Dashboard/h3_Manage Bots' is clicked on

2019-04-23 12:04:39 - [MESSAGE][PASSED] - Object: 'Object Repository/Page_KiboPush  Dashboard/h3_Manage Bots' is clicked on

2019-04-23 12:04:39 - [MESSAGE][PASSED] - Call Test Case 'Test Cases/s-sidebar_navigation/individualAccount/Smart Replies' successfully

2019-04-23 12:04:39 - [TEST_STEP][PASSED] - delay: Delayed 3 second(s)

2019-04-23 12:04:42 - [MESSAGE][PASSED] - Delayed 3 second(s)

2019-04-23 12:04:42 - [TEST_STEP][PASSED] - click: Object: 'Object Repository/Page_KiboChat  Bots/button_Create New' is clicked on

2019-04-23 12:04:42 - [MESSAGE][PASSED] - Object: 'Object Repository/Page_KiboChat  Bots/button_Create New' is clicked on

2019-04-23 12:04:42 - [TEST_STEP][PASSED] - delay: Delayed 1 second(s)

2019-04-23 12:04:43 - [MESSAGE][PASSED] - Delayed 1 second(s)]]></system-out>
         <system-err><![CDATA[]]></system-err>
      </testcase>
      <testcase name="Test Cases/Smart Replies/TC0619" classname="Test Cases/Smart Replies/TC0619" status="PASSED">
         <system-out><![CDATA[2019-04-23 12:04:43 - [TEST_CASE][PASSED] - Test Cases/Smart Replies/TC0619: Test Cases/Smart Replies/TC0619

2019-04-23 12:04:44 - [TEST_STEP][PASSED] - callTestCase: Call Test Case 'Test Cases/Smart Replies/TC0618' successfully

2019-04-23 12:04:44 - [TEST_CASE][PASSED] - Test Cases/Smart Replies/TC0618: Test Cases/Smart Replies/TC0618

2019-04-23 12:04:44 - [TEST_STEP][PASSED] - callTestCase: Call Test Case 'Test Cases/s-sidebar_navigation/individualAccount/Smart Replies' successfully

2019-04-23 12:04:44 - [TEST_CASE][PASSED] - Test Cases/s-sidebar_navigation/individualAccount/Smart Replies: Test Cases/s-sidebar_navigation/individualAccount/Smart Replies

2019-04-23 12:04:44 - [TEST_STEP][PASSED] - click: Object: 'Object Repository/Page_KiboPush  Dashboard/span_Dashboard' is clicked on

2019-04-23 12:04:44 - [MESSAGE][PASSED] - Object: 'Object Repository/Page_KiboPush  Dashboard/span_Dashboard' is clicked on

2019-04-23 12:04:44 - [TEST_STEP][PASSED] - delay: Delayed 2 second(s)

2019-04-23 12:04:46 - [MESSAGE][PASSED] - Delayed 2 second(s)

2019-04-23 12:04:46 - [TEST_STEP][PASSED] - click: Object: 'Object Repository/Page_KiboPush  Dashboard/span_Smart Replies' is clicked on

2019-04-23 12:04:47 - [MESSAGE][PASSED] - Object: 'Object Repository/Page_KiboPush  Dashboard/span_Smart Replies' is clicked on

2019-04-23 12:04:47 - [TEST_STEP][PASSED] - scrollToPosition: Browser is scrolled to position x = 0, y = 0

2019-04-23 12:04:47 - [MESSAGE][PASSED] - Browser is scrolled to position x = 0, y = 0

2019-04-23 12:04:47 - [TEST_STEP][PASSED] - delay: Delayed 2 second(s)

2019-04-23 12:04:49 - [MESSAGE][PASSED] - Delayed 2 second(s)

2019-04-23 12:04:49 - [TEST_STEP][PASSED] - click: Object: 'Object Repository/Page_KiboPush  Dashboard/h3_Manage Bots' is clicked on

2019-04-23 12:04:49 - [MESSAGE][PASSED] - Object: 'Object Repository/Page_KiboPush  Dashboard/h3_Manage Bots' is clicked on

2019-04-23 12:04:49 - [MESSAGE][PASSED] - Call Test Case 'Test Cases/s-sidebar_navigation/individualAccount/Smart Replies' successfully

2019-04-23 12:04:49 - [TEST_STEP][PASSED] - delay: Delayed 3 second(s)

2019-04-23 12:04:52 - [MESSAGE][PASSED] - Delayed 3 second(s)

2019-04-23 12:04:52 - [TEST_STEP][PASSED] - click: Object: 'Object Repository/Page_KiboChat  Bots/button_Create New' is clicked on

2019-04-23 12:04:52 - [MESSAGE][PASSED] - Object: 'Object Repository/Page_KiboChat  Bots/button_Create New' is clicked on

2019-04-23 12:04:52 - [TEST_STEP][PASSED] - delay: Delayed 1 second(s)

2019-04-23 12:04:53 - [MESSAGE][PASSED] - Delayed 1 second(s)

2019-04-23 12:04:53 - [MESSAGE][PASSED] - Call Test Case 'Test Cases/Smart Replies/TC0618' successfully

2019-04-23 12:04:53 - [TEST_STEP][PASSED] - setText: Text 'Test' is set on object 'Object Repository/Page_KiboPush  Dashboard/input_form-control (2)'

2019-04-23 12:04:54 - [MESSAGE][PASSED] - Text 'Test' is set on object 'Object Repository/Page_KiboPush  Dashboard/input_form-control (2)'

2019-04-23 12:04:54 - [TEST_STEP][PASSED] - click: Object: 'Object Repository/Page_KiboPush  Dashboard/button_Create' is clicked on

2019-04-23 12:04:55 - [MESSAGE][PASSED] - Object: 'Object Repository/Page_KiboPush  Dashboard/button_Create' is clicked on

2019-04-23 12:04:55 - [TEST_STEP][PASSED] - scrollToPosition: Browser is scrolled to position x = 0, y = 0

2019-04-23 12:04:55 - [MESSAGE][PASSED] - Browser is scrolled to position x = 0, y = 0

2019-04-23 12:04:55 - [TEST_STEP][PASSED] - click: Object: 'Object Repository/Page_KiboPush  Create Bot/h3_Create Bot' is clicked on

2019-04-23 12:04:55 - [MESSAGE][PASSED] - Object: 'Object Repository/Page_KiboPush  Create Bot/h3_Create Bot' is clicked on]]></system-out>
         <system-err><![CDATA[]]></system-err>
      </testcase>
      <testcase name="Test Cases/Smart Replies/TC0621" classname="Test Cases/Smart Replies/TC0621" status="PASSED">
         <system-out><![CDATA[2019-04-23 12:04:55 - [TEST_CASE][PASSED] - Test Cases/Smart Replies/TC0621: Test Cases/Smart Replies/TC0621

2019-04-23 12:04:55 - [TEST_STEP][PASSED] - callTestCase: Call Test Case 'Test Cases/Smart Replies/TC0619' successfully

2019-04-23 12:04:55 - [TEST_CASE][PASSED] - Test Cases/Smart Replies/TC0619: Test Cases/Smart Replies/TC0619

2019-04-23 12:04:55 - [TEST_STEP][PASSED] - callTestCase: Call Test Case 'Test Cases/Smart Replies/TC0618' successfully

2019-04-23 12:04:56 - [TEST_CASE][PASSED] - Test Cases/Smart Replies/TC0618: Test Cases/Smart Replies/TC0618

2019-04-23 12:04:56 - [TEST_STEP][PASSED] - callTestCase: Call Test Case 'Test Cases/s-sidebar_navigation/individualAccount/Smart Replies' successfully

2019-04-23 12:04:56 - [TEST_CASE][PASSED] - Test Cases/s-sidebar_navigation/individualAccount/Smart Replies: Test Cases/s-sidebar_navigation/individualAccount/Smart Replies

2019-04-23 12:04:56 - [TEST_STEP][PASSED] - click: Object: 'Object Repository/Page_KiboPush  Dashboard/span_Dashboard' is clicked on

2019-04-23 12:04:56 - [MESSAGE][PASSED] - Object: 'Object Repository/Page_KiboPush  Dashboard/span_Dashboard' is clicked on

2019-04-23 12:04:56 - [TEST_STEP][PASSED] - delay: Delayed 2 second(s)

2019-04-23 12:04:58 - [MESSAGE][PASSED] - Delayed 2 second(s)

2019-04-23 12:04:58 - [TEST_STEP][PASSED] - click: Object: 'Object Repository/Page_KiboPush  Dashboard/span_Smart Replies' is clicked on

2019-04-23 12:04:59 - [MESSAGE][PASSED] - Object: 'Object Repository/Page_KiboPush  Dashboard/span_Smart Replies' is clicked on

2019-04-23 12:04:59 - [TEST_STEP][PASSED] - scrollToPosition: Browser is scrolled to position x = 0, y = 0

2019-04-23 12:04:59 - [MESSAGE][PASSED] - Browser is scrolled to position x = 0, y = 0

2019-04-23 12:04:59 - [TEST_STEP][PASSED] - delay: Delayed 2 second(s)

2019-04-23 12:05:01 - [MESSAGE][PASSED] - Delayed 2 second(s)

2019-04-23 12:05:01 - [TEST_STEP][PASSED] - click: Object: 'Object Repository/Page_KiboPush  Dashboard/h3_Manage Bots' is clicked on

2019-04-23 12:05:01 - [MESSAGE][PASSED] - Object: 'Object Repository/Page_KiboPush  Dashboard/h3_Manage Bots' is clicked on

2019-04-23 12:05:01 - [MESSAGE][PASSED] - Call Test Case 'Test Cases/s-sidebar_navigation/individualAccount/Smart Replies' successfully

2019-04-23 12:05:01 - [TEST_STEP][PASSED] - delay: Delayed 3 second(s)

2019-04-23 12:05:04 - [MESSAGE][PASSED] - Delayed 3 second(s)

2019-04-23 12:05:04 - [TEST_STEP][PASSED] - click: Object: 'Object Repository/Page_KiboChat  Bots/button_Create New' is clicked on

2019-04-23 12:05:04 - [MESSAGE][PASSED] - Object: 'Object Repository/Page_KiboChat  Bots/button_Create New' is clicked on

2019-04-23 12:05:04 - [TEST_STEP][PASSED] - delay: Delayed 1 second(s)

2019-04-23 12:05:05 - [MESSAGE][PASSED] - Delayed 1 second(s)

2019-04-23 12:05:05 - [MESSAGE][PASSED] - Call Test Case 'Test Cases/Smart Replies/TC0618' successfully

2019-04-23 12:05:05 - [TEST_STEP][PASSED] - setText: Text 'Test' is set on object 'Object Repository/Page_KiboPush  Dashboard/input_form-control (2)'

2019-04-23 12:05:06 - [MESSAGE][PASSED] - Text 'Test' is set on object 'Object Repository/Page_KiboPush  Dashboard/input_form-control (2)'

2019-04-23 12:05:06 - [TEST_STEP][PASSED] - click: Object: 'Object Repository/Page_KiboPush  Dashboard/button_Create' is clicked on

2019-04-23 12:05:06 - [MESSAGE][PASSED] - Object: 'Object Repository/Page_KiboPush  Dashboard/button_Create' is clicked on

2019-04-23 12:05:06 - [TEST_STEP][PASSED] - scrollToPosition: Browser is scrolled to position x = 0, y = 0

2019-04-23 12:05:07 - [MESSAGE][PASSED] - Browser is scrolled to position x = 0, y = 0

2019-04-23 12:05:07 - [TEST_STEP][PASSED] - click: Object: 'Object Repository/Page_KiboPush  Create Bot/h3_Create Bot' is clicked on

2019-04-23 12:05:07 - [MESSAGE][PASSED] - Object: 'Object Repository/Page_KiboPush  Create Bot/h3_Create Bot' is clicked on

2019-04-23 12:05:07 - [MESSAGE][PASSED] - Call Test Case 'Test Cases/Smart Replies/TC0619' successfully

2019-04-23 12:05:07 - [TEST_STEP][PASSED] - click: Object: 'Object Repository/Page_KiboPush  Create Bot/button_Add Questions' is clicked on

2019-04-23 12:05:07 - [MESSAGE][PASSED] - Object: 'Object Repository/Page_KiboPush  Create Bot/button_Add Questions' is clicked on]]></system-out>
         <system-err><![CDATA[]]></system-err>
      </testcase>
      <testcase name="Test Cases/Smart Replies/TC0622" classname="Test Cases/Smart Replies/TC0622" status="PASSED">
         <system-out><![CDATA[2019-04-23 12:05:07 - [TEST_CASE][PASSED] - Test Cases/Smart Replies/TC0622: Test Cases/Smart Replies/TC0622

2019-04-23 12:05:07 - [TEST_STEP][PASSED] - callTestCase: Call Test Case 'Test Cases/Smart Replies/TC0622_n' successfully

2019-04-23 12:05:07 - [TEST_CASE][PASSED] - Test Cases/Smart Replies/TC0622_n: Test Cases/Smart Replies/TC0622_n

2019-04-23 12:05:08 - [TEST_STEP][PASSED] - callTestCase: Call Test Case 'Test Cases/Smart Replies/TC0619' successfully

2019-04-23 12:05:08 - [TEST_CASE][PASSED] - Test Cases/Smart Replies/TC0619: Test Cases/Smart Replies/TC0619

2019-04-23 12:05:08 - [TEST_STEP][PASSED] - callTestCase: Call Test Case 'Test Cases/Smart Replies/TC0618' successfully

2019-04-23 12:05:08 - [TEST_CASE][PASSED] - Test Cases/Smart Replies/TC0618: Test Cases/Smart Replies/TC0618

2019-04-23 12:05:08 - [TEST_STEP][PASSED] - callTestCase: Call Test Case 'Test Cases/s-sidebar_navigation/individualAccount/Smart Replies' successfully

2019-04-23 12:05:08 - [TEST_CASE][PASSED] - Test Cases/s-sidebar_navigation/individualAccount/Smart Replies: Test Cases/s-sidebar_navigation/individualAccount/Smart Replies

2019-04-23 12:05:08 - [TEST_STEP][PASSED] - click: Object: 'Object Repository/Page_KiboPush  Dashboard/span_Dashboard' is clicked on

2019-04-23 12:05:08 - [MESSAGE][PASSED] - Object: 'Object Repository/Page_KiboPush  Dashboard/span_Dashboard' is clicked on

2019-04-23 12:05:08 - [TEST_STEP][PASSED] - delay: Delayed 2 second(s)

2019-04-23 12:05:10 - [MESSAGE][PASSED] - Delayed 2 second(s)

2019-04-23 12:05:10 - [TEST_STEP][PASSED] - click: Object: 'Object Repository/Page_KiboPush  Dashboard/span_Smart Replies' is clicked on

2019-04-23 12:05:11 - [MESSAGE][PASSED] - Object: 'Object Repository/Page_KiboPush  Dashboard/span_Smart Replies' is clicked on

2019-04-23 12:05:11 - [TEST_STEP][PASSED] - scrollToPosition: Browser is scrolled to position x = 0, y = 0

2019-04-23 12:05:11 - [MESSAGE][PASSED] - Browser is scrolled to position x = 0, y = 0

2019-04-23 12:05:11 - [TEST_STEP][PASSED] - delay: Delayed 2 second(s)

2019-04-23 12:05:13 - [MESSAGE][PASSED] - Delayed 2 second(s)

2019-04-23 12:05:13 - [TEST_STEP][PASSED] - click: Object: 'Object Repository/Page_KiboPush  Dashboard/h3_Manage Bots' is clicked on

2019-04-23 12:05:13 - [MESSAGE][PASSED] - Object: 'Object Repository/Page_KiboPush  Dashboard/h3_Manage Bots' is clicked on

2019-04-23 12:05:13 - [MESSAGE][PASSED] - Call Test Case 'Test Cases/s-sidebar_navigation/individualAccount/Smart Replies' successfully

2019-04-23 12:05:13 - [TEST_STEP][PASSED] - delay: Delayed 3 second(s)

2019-04-23 12:05:16 - [MESSAGE][PASSED] - Delayed 3 second(s)

2019-04-23 12:05:16 - [TEST_STEP][PASSED] - click: Object: 'Object Repository/Page_KiboChat  Bots/button_Create New' is clicked on

2019-04-23 12:05:16 - [MESSAGE][PASSED] - Object: 'Object Repository/Page_KiboChat  Bots/button_Create New' is clicked on

2019-04-23 12:05:16 - [TEST_STEP][PASSED] - delay: Delayed 1 second(s)

2019-04-23 12:05:17 - [MESSAGE][PASSED] - Delayed 1 second(s)

2019-04-23 12:05:17 - [MESSAGE][PASSED] - Call Test Case 'Test Cases/Smart Replies/TC0618' successfully

2019-04-23 12:05:17 - [TEST_STEP][PASSED] - setText: Text 'Test' is set on object 'Object Repository/Page_KiboPush  Dashboard/input_form-control (2)'

2019-04-23 12:05:18 - [MESSAGE][PASSED] - Text 'Test' is set on object 'Object Repository/Page_KiboPush  Dashboard/input_form-control (2)'

2019-04-23 12:05:18 - [TEST_STEP][PASSED] - click: Object: 'Object Repository/Page_KiboPush  Dashboard/button_Create' is clicked on

2019-04-23 12:05:18 - [MESSAGE][PASSED] - Object: 'Object Repository/Page_KiboPush  Dashboard/button_Create' is clicked on

2019-04-23 12:05:18 - [TEST_STEP][PASSED] - scrollToPosition: Browser is scrolled to position x = 0, y = 0

2019-04-23 12:05:18 - [MESSAGE][PASSED] - Browser is scrolled to position x = 0, y = 0

2019-04-23 12:05:18 - [TEST_STEP][PASSED] - click: Object: 'Object Repository/Page_KiboPush  Create Bot/h3_Create Bot' is clicked on

2019-04-23 12:05:19 - [MESSAGE][PASSED] - Object: 'Object Repository/Page_KiboPush  Create Bot/h3_Create Bot' is clicked on

2019-04-23 12:05:19 - [MESSAGE][PASSED] - Call Test Case 'Test Cases/Smart Replies/TC0619' successfully

2019-04-23 12:05:19 - [TEST_STEP][PASSED] - click: Object: 'Object Repository/Page_KiboPush  Create Bot/button_Add Questions' is clicked on

2019-04-23 12:05:19 - [MESSAGE][PASSED] - Object: 'Object Repository/Page_KiboPush  Create Bot/button_Add Questions' is clicked on

2019-04-23 12:05:19 - [TEST_STEP][PASSED] - delay: Delayed 2 second(s)

2019-04-23 12:05:21 - [MESSAGE][PASSED] - Delayed 2 second(s)

2019-04-23 12:05:21 - [TEST_STEP][PASSED] - setText: Text 'How are you?' is set on object 'Object Repository/Page_KiboPush  Create Bot/Bot Question1'

2019-04-23 12:05:22 - [MESSAGE][PASSED] - Text 'How are you?' is set on object 'Object Repository/Page_KiboPush  Create Bot/Bot Question1'

2019-04-23 12:05:22 - [TEST_STEP][PASSED] - delay: Delayed 2 second(s)

2019-04-23 12:05:24 - [MESSAGE][PASSED] - Delayed 2 second(s)

2019-04-23 12:05:24 - [TEST_STEP][PASSED] - setText: Text 'How are you doing?' is set on object 'Object Repository/Page_KiboPush  Create Bot/Bot Question2'

2019-04-23 12:05:25 - [MESSAGE][PASSED] - Text 'How are you doing?' is set on object 'Object Repository/Page_KiboPush  Create Bot/Bot Question2'

2019-04-23 12:05:25 - [TEST_STEP][PASSED] - delay: Delayed 2 second(s)

2019-04-23 12:05:27 - [MESSAGE][PASSED] - Delayed 2 second(s)

2019-04-23 12:05:27 - [TEST_STEP][PASSED] - setText: Text 'How are you feeling?' is set on object 'Object Repository/Page_KiboPush  Create Bot/Bot Question3'

2019-04-23 12:05:27 - [MESSAGE][PASSED] - Text 'How are you feeling?' is set on object 'Object Repository/Page_KiboPush  Create Bot/Bot Question3'

2019-04-23 12:05:27 - [TEST_STEP][PASSED] - delay: Delayed 2 second(s)

2019-04-23 12:05:29 - [MESSAGE][PASSED] - Delayed 2 second(s)

2019-04-23 12:05:29 - [TEST_STEP][PASSED] - setText: Text 'I am doing good.' is set on object 'Object Repository/Page_KiboPush  Create Bot/Bot Answer Questions'

2019-04-23 12:05:30 - [MESSAGE][PASSED] - Text 'I am doing good.' is set on object 'Object Repository/Page_KiboPush  Create Bot/Bot Answer Questions'

2019-04-23 12:05:30 - [TEST_STEP][PASSED] - delay: Delayed 2 second(s)

2019-04-23 12:05:32 - [MESSAGE][PASSED] - Delayed 2 second(s)

2019-04-23 12:05:32 - [MESSAGE][PASSED] - Call Test Case 'Test Cases/Smart Replies/TC0622_n' successfully

2019-04-23 12:05:32 - [TEST_STEP][PASSED] - click: Object: 'Object Repository/Page_KiboPush  Create Bot/button_Add More' is clicked on

2019-04-23 12:05:32 - [MESSAGE][PASSED] - Object: 'Object Repository/Page_KiboPush  Create Bot/button_Add More' is clicked on

2019-04-23 12:05:32 - [TEST_STEP][PASSED] - delay: Delayed 2 second(s)

2019-04-23 12:05:34 - [MESSAGE][PASSED] - Delayed 2 second(s)]]></system-out>
         <system-err><![CDATA[]]></system-err>
      </testcase>
      <testcase name="Test Cases/Smart Replies/TC0622_n" classname="Test Cases/Smart Replies/TC0622_n" status="PASSED">
         <system-out><![CDATA[2019-04-23 12:05:34 - [TEST_CASE][PASSED] - Test Cases/Smart Replies/TC0622_n: Test Cases/Smart Replies/TC0622_n

2019-04-23 12:05:34 - [TEST_STEP][PASSED] - callTestCase: Call Test Case 'Test Cases/Smart Replies/TC0619' successfully

2019-04-23 12:05:35 - [TEST_CASE][PASSED] - Test Cases/Smart Replies/TC0619: Test Cases/Smart Replies/TC0619

2019-04-23 12:05:35 - [TEST_STEP][PASSED] - callTestCase: Call Test Case 'Test Cases/Smart Replies/TC0618' successfully

2019-04-23 12:05:35 - [TEST_CASE][PASSED] - Test Cases/Smart Replies/TC0618: Test Cases/Smart Replies/TC0618

2019-04-23 12:05:35 - [TEST_STEP][PASSED] - callTestCase: Call Test Case 'Test Cases/s-sidebar_navigation/individualAccount/Smart Replies' successfully

2019-04-23 12:05:35 - [TEST_CASE][PASSED] - Test Cases/s-sidebar_navigation/individualAccount/Smart Replies: Test Cases/s-sidebar_navigation/individualAccount/Smart Replies

2019-04-23 12:05:35 - [TEST_STEP][PASSED] - click: Object: 'Object Repository/Page_KiboPush  Dashboard/span_Dashboard' is clicked on

2019-04-23 12:05:35 - [MESSAGE][PASSED] - Object: 'Object Repository/Page_KiboPush  Dashboard/span_Dashboard' is clicked on

2019-04-23 12:05:35 - [TEST_STEP][PASSED] - delay: Delayed 2 second(s)

2019-04-23 12:05:37 - [MESSAGE][PASSED] - Delayed 2 second(s)

2019-04-23 12:05:37 - [TEST_STEP][PASSED] - click: Object: 'Object Repository/Page_KiboPush  Dashboard/span_Smart Replies' is clicked on

2019-04-23 12:05:38 - [MESSAGE][PASSED] - Object: 'Object Repository/Page_KiboPush  Dashboard/span_Smart Replies' is clicked on

2019-04-23 12:05:38 - [TEST_STEP][PASSED] - scrollToPosition: Browser is scrolled to position x = 0, y = 0

2019-04-23 12:05:38 - [MESSAGE][PASSED] - Browser is scrolled to position x = 0, y = 0

2019-04-23 12:05:38 - [TEST_STEP][PASSED] - delay: Delayed 2 second(s)

2019-04-23 12:05:40 - [MESSAGE][PASSED] - Delayed 2 second(s)

2019-04-23 12:05:40 - [TEST_STEP][PASSED] - click: Object: 'Object Repository/Page_KiboPush  Dashboard/h3_Manage Bots' is clicked on

2019-04-23 12:05:40 - [MESSAGE][PASSED] - Object: 'Object Repository/Page_KiboPush  Dashboard/h3_Manage Bots' is clicked on

2019-04-23 12:05:40 - [MESSAGE][PASSED] - Call Test Case 'Test Cases/s-sidebar_navigation/individualAccount/Smart Replies' successfully

2019-04-23 12:05:40 - [TEST_STEP][PASSED] - delay: Delayed 3 second(s)

2019-04-23 12:05:43 - [MESSAGE][PASSED] - Delayed 3 second(s)

2019-04-23 12:05:43 - [TEST_STEP][PASSED] - click: Object: 'Object Repository/Page_KiboChat  Bots/button_Create New' is clicked on

2019-04-23 12:05:43 - [MESSAGE][PASSED] - Object: 'Object Repository/Page_KiboChat  Bots/button_Create New' is clicked on

2019-04-23 12:05:43 - [TEST_STEP][PASSED] - delay: Delayed 1 second(s)

2019-04-23 12:05:44 - [MESSAGE][PASSED] - Delayed 1 second(s)

2019-04-23 12:05:44 - [MESSAGE][PASSED] - Call Test Case 'Test Cases/Smart Replies/TC0618' successfully

2019-04-23 12:05:44 - [TEST_STEP][PASSED] - setText: Text 'Test' is set on object 'Object Repository/Page_KiboPush  Dashboard/input_form-control (2)'

2019-04-23 12:05:45 - [MESSAGE][PASSED] - Text 'Test' is set on object 'Object Repository/Page_KiboPush  Dashboard/input_form-control (2)'

2019-04-23 12:05:45 - [TEST_STEP][PASSED] - click: Object: 'Object Repository/Page_KiboPush  Dashboard/button_Create' is clicked on

2019-04-23 12:05:45 - [MESSAGE][PASSED] - Object: 'Object Repository/Page_KiboPush  Dashboard/button_Create' is clicked on

2019-04-23 12:05:45 - [TEST_STEP][PASSED] - scrollToPosition: Browser is scrolled to position x = 0, y = 0

2019-04-23 12:05:45 - [MESSAGE][PASSED] - Browser is scrolled to position x = 0, y = 0

2019-04-23 12:05:45 - [TEST_STEP][PASSED] - click: Object: 'Object Repository/Page_KiboPush  Create Bot/h3_Create Bot' is clicked on

2019-04-23 12:05:46 - [MESSAGE][PASSED] - Object: 'Object Repository/Page_KiboPush  Create Bot/h3_Create Bot' is clicked on

2019-04-23 12:05:46 - [MESSAGE][PASSED] - Call Test Case 'Test Cases/Smart Replies/TC0619' successfully

2019-04-23 12:05:46 - [TEST_STEP][PASSED] - click: Object: 'Object Repository/Page_KiboPush  Create Bot/button_Add Questions' is clicked on

2019-04-23 12:05:46 - [MESSAGE][PASSED] - Object: 'Object Repository/Page_KiboPush  Create Bot/button_Add Questions' is clicked on

2019-04-23 12:05:46 - [TEST_STEP][PASSED] - delay: Delayed 2 second(s)

2019-04-23 12:05:48 - [MESSAGE][PASSED] - Delayed 2 second(s)

2019-04-23 12:05:48 - [TEST_STEP][PASSED] - setText: Text 'How are you?' is set on object 'Object Repository/Page_KiboPush  Create Bot/Bot Question1'

2019-04-23 12:05:49 - [MESSAGE][PASSED] - Text 'How are you?' is set on object 'Object Repository/Page_KiboPush  Create Bot/Bot Question1'

2019-04-23 12:05:49 - [TEST_STEP][PASSED] - delay: Delayed 2 second(s)

2019-04-23 12:05:51 - [MESSAGE][PASSED] - Delayed 2 second(s)

2019-04-23 12:05:51 - [TEST_STEP][PASSED] - setText: Text 'How are you doing?' is set on object 'Object Repository/Page_KiboPush  Create Bot/Bot Question2'

2019-04-23 12:05:51 - [MESSAGE][PASSED] - Text 'How are you doing?' is set on object 'Object Repository/Page_KiboPush  Create Bot/Bot Question2'

2019-04-23 12:05:51 - [TEST_STEP][PASSED] - delay: Delayed 2 second(s)

2019-04-23 12:05:53 - [MESSAGE][PASSED] - Delayed 2 second(s)

2019-04-23 12:05:53 - [TEST_STEP][PASSED] - setText: Text 'How are you feeling?' is set on object 'Object Repository/Page_KiboPush  Create Bot/Bot Question3'

2019-04-23 12:05:54 - [MESSAGE][PASSED] - Text 'How are you feeling?' is set on object 'Object Repository/Page_KiboPush  Create Bot/Bot Question3'

2019-04-23 12:05:54 - [TEST_STEP][PASSED] - delay: Delayed 2 second(s)

2019-04-23 12:05:56 - [MESSAGE][PASSED] - Delayed 2 second(s)

2019-04-23 12:05:56 - [TEST_STEP][PASSED] - setText: Text 'I am doing good.' is set on object 'Object Repository/Page_KiboPush  Create Bot/Bot Answer Questions'

2019-04-23 12:05:57 - [MESSAGE][PASSED] - Text 'I am doing good.' is set on object 'Object Repository/Page_KiboPush  Create Bot/Bot Answer Questions'

2019-04-23 12:05:57 - [TEST_STEP][PASSED] - delay: Delayed 2 second(s)

2019-04-23 12:05:59 - [MESSAGE][PASSED] - Delayed 2 second(s)]]></system-out>
         <system-err><![CDATA[]]></system-err>
      </testcase>
      <testcase name="Test Cases/Smart Replies/TC0623" classname="Test Cases/Smart Replies/TC0623" status="PASSED">
         <system-out><![CDATA[2019-04-23 12:05:59 - [TEST_CASE][PASSED] - Test Cases/Smart Replies/TC0623: Test Cases/Smart Replies/TC0623

2019-04-23 12:05:59 - [TEST_STEP][PASSED] - callTestCase: Call Test Case 'Test Cases/Smart Replies/TC0622' successfully

2019-04-23 12:05:59 - [TEST_CASE][PASSED] - Test Cases/Smart Replies/TC0622: Test Cases/Smart Replies/TC0622

2019-04-23 12:05:59 - [TEST_STEP][PASSED] - callTestCase: Call Test Case 'Test Cases/Smart Replies/TC0622_n' successfully

2019-04-23 12:05:59 - [TEST_CASE][PASSED] - Test Cases/Smart Replies/TC0622_n: Test Cases/Smart Replies/TC0622_n

2019-04-23 12:05:59 - [TEST_STEP][PASSED] - callTestCase: Call Test Case 'Test Cases/Smart Replies/TC0619' successfully

2019-04-23 12:06:00 - [TEST_CASE][PASSED] - Test Cases/Smart Replies/TC0619: Test Cases/Smart Replies/TC0619

2019-04-23 12:06:00 - [TEST_STEP][PASSED] - callTestCase: Call Test Case 'Test Cases/Smart Replies/TC0618' successfully

2019-04-23 12:06:00 - [TEST_CASE][PASSED] - Test Cases/Smart Replies/TC0618: Test Cases/Smart Replies/TC0618

2019-04-23 12:06:00 - [TEST_STEP][PASSED] - callTestCase: Call Test Case 'Test Cases/s-sidebar_navigation/individualAccount/Smart Replies' successfully

2019-04-23 12:06:00 - [TEST_CASE][PASSED] - Test Cases/s-sidebar_navigation/individualAccount/Smart Replies: Test Cases/s-sidebar_navigation/individualAccount/Smart Replies

2019-04-23 12:06:00 - [TEST_STEP][PASSED] - click: Object: 'Object Repository/Page_KiboPush  Dashboard/span_Dashboard' is clicked on

2019-04-23 12:06:00 - [MESSAGE][PASSED] - Object: 'Object Repository/Page_KiboPush  Dashboard/span_Dashboard' is clicked on

2019-04-23 12:06:00 - [TEST_STEP][PASSED] - delay: Delayed 2 second(s)

2019-04-23 12:06:02 - [MESSAGE][PASSED] - Delayed 2 second(s)

2019-04-23 12:06:02 - [TEST_STEP][PASSED] - click: Object: 'Object Repository/Page_KiboPush  Dashboard/span_Smart Replies' is clicked on

2019-04-23 12:06:03 - [MESSAGE][PASSED] - Object: 'Object Repository/Page_KiboPush  Dashboard/span_Smart Replies' is clicked on

2019-04-23 12:06:03 - [TEST_STEP][PASSED] - scrollToPosition: Browser is scrolled to position x = 0, y = 0

2019-04-23 12:06:03 - [MESSAGE][PASSED] - Browser is scrolled to position x = 0, y = 0

2019-04-23 12:06:03 - [TEST_STEP][PASSED] - delay: Delayed 2 second(s)

2019-04-23 12:06:05 - [MESSAGE][PASSED] - Delayed 2 second(s)

2019-04-23 12:06:05 - [TEST_STEP][PASSED] - click: Object: 'Object Repository/Page_KiboPush  Dashboard/h3_Manage Bots' is clicked on

2019-04-23 12:06:05 - [MESSAGE][PASSED] - Object: 'Object Repository/Page_KiboPush  Dashboard/h3_Manage Bots' is clicked on

2019-04-23 12:06:05 - [MESSAGE][PASSED] - Call Test Case 'Test Cases/s-sidebar_navigation/individualAccount/Smart Replies' successfully

2019-04-23 12:06:05 - [TEST_STEP][PASSED] - delay: Delayed 3 second(s)

2019-04-23 12:06:08 - [MESSAGE][PASSED] - Delayed 3 second(s)

2019-04-23 12:06:08 - [TEST_STEP][PASSED] - click: Object: 'Object Repository/Page_KiboChat  Bots/button_Create New' is clicked on

2019-04-23 12:06:09 - [MESSAGE][PASSED] - Object: 'Object Repository/Page_KiboChat  Bots/button_Create New' is clicked on

2019-04-23 12:06:09 - [TEST_STEP][PASSED] - delay: Delayed 1 second(s)

2019-04-23 12:06:10 - [MESSAGE][PASSED] - Delayed 1 second(s)

2019-04-23 12:06:10 - [MESSAGE][PASSED] - Call Test Case 'Test Cases/Smart Replies/TC0618' successfully

2019-04-23 12:06:10 - [TEST_STEP][PASSED] - setText: Text 'Test' is set on object 'Object Repository/Page_KiboPush  Dashboard/input_form-control (2)'

2019-04-23 12:06:10 - [MESSAGE][PASSED] - Text 'Test' is set on object 'Object Repository/Page_KiboPush  Dashboard/input_form-control (2)'

2019-04-23 12:06:10 - [TEST_STEP][PASSED] - click: Object: 'Object Repository/Page_KiboPush  Dashboard/button_Create' is clicked on

2019-04-23 12:06:11 - [MESSAGE][PASSED] - Object: 'Object Repository/Page_KiboPush  Dashboard/button_Create' is clicked on

2019-04-23 12:06:11 - [TEST_STEP][PASSED] - scrollToPosition: Browser is scrolled to position x = 0, y = 0

2019-04-23 12:06:12 - [MESSAGE][PASSED] - Browser is scrolled to position x = 0, y = 0

2019-04-23 12:06:12 - [TEST_STEP][PASSED] - click: Object: 'Object Repository/Page_KiboPush  Create Bot/h3_Create Bot' is clicked on

2019-04-23 12:06:12 - [MESSAGE][PASSED] - Object: 'Object Repository/Page_KiboPush  Create Bot/h3_Create Bot' is clicked on

2019-04-23 12:06:12 - [MESSAGE][PASSED] - Call Test Case 'Test Cases/Smart Replies/TC0619' successfully

2019-04-23 12:06:12 - [TEST_STEP][PASSED] - click: Object: 'Object Repository/Page_KiboPush  Create Bot/button_Add Questions' is clicked on

2019-04-23 12:06:13 - [MESSAGE][PASSED] - Object: 'Object Repository/Page_KiboPush  Create Bot/button_Add Questions' is clicked on

2019-04-23 12:06:13 - [TEST_STEP][PASSED] - delay: Delayed 2 second(s)

2019-04-23 12:06:15 - [MESSAGE][PASSED] - Delayed 2 second(s)

2019-04-23 12:06:15 - [TEST_STEP][PASSED] - setText: Text 'How are you?' is set on object 'Object Repository/Page_KiboPush  Create Bot/Bot Question1'

2019-04-23 12:06:16 - [MESSAGE][PASSED] - Text 'How are you?' is set on object 'Object Repository/Page_KiboPush  Create Bot/Bot Question1'

2019-04-23 12:06:16 - [TEST_STEP][PASSED] - delay: Delayed 2 second(s)

2019-04-23 12:06:18 - [MESSAGE][PASSED] - Delayed 2 second(s)

2019-04-23 12:06:18 - [TEST_STEP][PASSED] - setText: Text 'How are you doing?' is set on object 'Object Repository/Page_KiboPush  Create Bot/Bot Question2'

2019-04-23 12:06:19 - [MESSAGE][PASSED] - Text 'How are you doing?' is set on object 'Object Repository/Page_KiboPush  Create Bot/Bot Question2'

2019-04-23 12:06:19 - [TEST_STEP][PASSED] - delay: Delayed 2 second(s)

2019-04-23 12:06:21 - [MESSAGE][PASSED] - Delayed 2 second(s)

2019-04-23 12:06:21 - [TEST_STEP][PASSED] - setText: Text 'How are you feeling?' is set on object 'Object Repository/Page_KiboPush  Create Bot/Bot Question3'

2019-04-23 12:06:22 - [MESSAGE][PASSED] - Text 'How are you feeling?' is set on object 'Object Repository/Page_KiboPush  Create Bot/Bot Question3'

2019-04-23 12:06:22 - [TEST_STEP][PASSED] - delay: Delayed 2 second(s)

2019-04-23 12:06:24 - [MESSAGE][PASSED] - Delayed 2 second(s)

2019-04-23 12:06:24 - [TEST_STEP][PASSED] - setText: Text 'I am doing good.' is set on object 'Object Repository/Page_KiboPush  Create Bot/Bot Answer Questions'

2019-04-23 12:06:25 - [MESSAGE][PASSED] - Text 'I am doing good.' is set on object 'Object Repository/Page_KiboPush  Create Bot/Bot Answer Questions'

2019-04-23 12:06:25 - [TEST_STEP][PASSED] - delay: Delayed 2 second(s)

2019-04-23 12:06:27 - [MESSAGE][PASSED] - Delayed 2 second(s)

2019-04-23 12:06:27 - [MESSAGE][PASSED] - Call Test Case 'Test Cases/Smart Replies/TC0622_n' successfully

2019-04-23 12:06:27 - [TEST_STEP][PASSED] - click: Object: 'Object Repository/Page_KiboPush  Create Bot/button_Add More' is clicked on

2019-04-23 12:06:27 - [MESSAGE][PASSED] - Object: 'Object Repository/Page_KiboPush  Create Bot/button_Add More' is clicked on

2019-04-23 12:06:27 - [TEST_STEP][PASSED] - delay: Delayed 2 second(s)

2019-04-23 12:06:29 - [MESSAGE][PASSED] - Delayed 2 second(s)

2019-04-23 12:06:29 - [MESSAGE][PASSED] - Call Test Case 'Test Cases/Smart Replies/TC0622' successfully

2019-04-23 12:06:29 - [TEST_STEP][PASSED] - click: Object: 'Object Repository/Page_KiboPush  Create Bot/i_Enter several variations of' is clicked on

2019-04-23 12:06:30 - [MESSAGE][PASSED] - Object: 'Object Repository/Page_KiboPush  Create Bot/i_Enter several variations of' is clicked on]]></system-out>
         <system-err><![CDATA[]]></system-err>
      </testcase>
      <testcase name="Test Cases/Smart Replies/TC0624" classname="Test Cases/Smart Replies/TC0624" status="PASSED">
         <system-out><![CDATA[2019-04-23 12:06:30 - [TEST_CASE][PASSED] - Test Cases/Smart Replies/TC0624: Test Cases/Smart Replies/TC0624

2019-04-23 12:06:30 - [TEST_STEP][PASSED] - callTestCase: Call Test Case 'Test Cases/Smart Replies/TC0621' successfully

2019-04-23 12:06:30 - [TEST_CASE][PASSED] - Test Cases/Smart Replies/TC0621: Test Cases/Smart Replies/TC0621

2019-04-23 12:06:30 - [TEST_STEP][PASSED] - callTestCase: Call Test Case 'Test Cases/Smart Replies/TC0619' successfully

2019-04-23 12:06:30 - [TEST_CASE][PASSED] - Test Cases/Smart Replies/TC0619: Test Cases/Smart Replies/TC0619

2019-04-23 12:06:30 - [TEST_STEP][PASSED] - callTestCase: Call Test Case 'Test Cases/Smart Replies/TC0618' successfully

2019-04-23 12:06:30 - [TEST_CASE][PASSED] - Test Cases/Smart Replies/TC0618: Test Cases/Smart Replies/TC0618

2019-04-23 12:06:31 - [TEST_STEP][PASSED] - callTestCase: Call Test Case 'Test Cases/s-sidebar_navigation/individualAccount/Smart Replies' successfully

2019-04-23 12:06:31 - [TEST_CASE][PASSED] - Test Cases/s-sidebar_navigation/individualAccount/Smart Replies: Test Cases/s-sidebar_navigation/individualAccount/Smart Replies

2019-04-23 12:06:31 - [TEST_STEP][PASSED] - click: Object: 'Object Repository/Page_KiboPush  Dashboard/span_Dashboard' is clicked on

2019-04-23 12:06:31 - [MESSAGE][PASSED] - Object: 'Object Repository/Page_KiboPush  Dashboard/span_Dashboard' is clicked on

2019-04-23 12:06:31 - [TEST_STEP][PASSED] - delay: Delayed 2 second(s)

2019-04-23 12:06:33 - [MESSAGE][PASSED] - Delayed 2 second(s)

2019-04-23 12:06:33 - [TEST_STEP][PASSED] - click: Object: 'Object Repository/Page_KiboPush  Dashboard/span_Smart Replies' is clicked on

2019-04-23 12:06:34 - [MESSAGE][PASSED] - Object: 'Object Repository/Page_KiboPush  Dashboard/span_Smart Replies' is clicked on

2019-04-23 12:06:34 - [TEST_STEP][PASSED] - scrollToPosition: Browser is scrolled to position x = 0, y = 0

2019-04-23 12:06:34 - [MESSAGE][PASSED] - Browser is scrolled to position x = 0, y = 0

2019-04-23 12:06:34 - [TEST_STEP][PASSED] - delay: Delayed 2 second(s)

2019-04-23 12:06:36 - [MESSAGE][PASSED] - Delayed 2 second(s)

2019-04-23 12:06:36 - [TEST_STEP][PASSED] - click: Object: 'Object Repository/Page_KiboPush  Dashboard/h3_Manage Bots' is clicked on

2019-04-23 12:06:36 - [MESSAGE][PASSED] - Object: 'Object Repository/Page_KiboPush  Dashboard/h3_Manage Bots' is clicked on

2019-04-23 12:06:36 - [MESSAGE][PASSED] - Call Test Case 'Test Cases/s-sidebar_navigation/individualAccount/Smart Replies' successfully

2019-04-23 12:06:36 - [TEST_STEP][PASSED] - delay: Delayed 3 second(s)

2019-04-23 12:06:40 - [MESSAGE][PASSED] - Delayed 3 second(s)

2019-04-23 12:06:40 - [TEST_STEP][PASSED] - click: Object: 'Object Repository/Page_KiboChat  Bots/button_Create New' is clicked on

2019-04-23 12:06:41 - [MESSAGE][PASSED] - Object: 'Object Repository/Page_KiboChat  Bots/button_Create New' is clicked on

2019-04-23 12:06:41 - [TEST_STEP][PASSED] - delay: Delayed 1 second(s)

2019-04-23 12:06:42 - [MESSAGE][PASSED] - Delayed 1 second(s)

2019-04-23 12:06:42 - [MESSAGE][PASSED] - Call Test Case 'Test Cases/Smart Replies/TC0618' successfully

2019-04-23 12:06:42 - [TEST_STEP][PASSED] - setText: Text 'Test' is set on object 'Object Repository/Page_KiboPush  Dashboard/input_form-control (2)'

2019-04-23 12:06:42 - [MESSAGE][PASSED] - Text 'Test' is set on object 'Object Repository/Page_KiboPush  Dashboard/input_form-control (2)'

2019-04-23 12:06:42 - [TEST_STEP][PASSED] - click: Object: 'Object Repository/Page_KiboPush  Dashboard/button_Create' is clicked on

2019-04-23 12:06:45 - [MESSAGE][PASSED] - Object: 'Object Repository/Page_KiboPush  Dashboard/button_Create' is clicked on

2019-04-23 12:06:45 - [TEST_STEP][PASSED] - scrollToPosition: Browser is scrolled to position x = 0, y = 0

2019-04-23 12:06:45 - [MESSAGE][PASSED] - Browser is scrolled to position x = 0, y = 0

2019-04-23 12:06:45 - [TEST_STEP][PASSED] - click: Object: 'Object Repository/Page_KiboPush  Create Bot/h3_Create Bot' is clicked on

2019-04-23 12:06:45 - [MESSAGE][PASSED] - Object: 'Object Repository/Page_KiboPush  Create Bot/h3_Create Bot' is clicked on

2019-04-23 12:06:45 - [MESSAGE][PASSED] - Call Test Case 'Test Cases/Smart Replies/TC0619' successfully

2019-04-23 12:06:45 - [TEST_STEP][PASSED] - click: Object: 'Object Repository/Page_KiboPush  Create Bot/button_Add Questions' is clicked on

2019-04-23 12:06:46 - [MESSAGE][PASSED] - Object: 'Object Repository/Page_KiboPush  Create Bot/button_Add Questions' is clicked on

2019-04-23 12:06:46 - [MESSAGE][PASSED] - Call Test Case 'Test Cases/Smart Replies/TC0621' successfully

2019-04-23 12:06:46 - [TEST_STEP][PASSED] - click: Object: 'Object Repository/Page_KiboPush  Create Bot/span_Question1_fa fa-times' is clicked on

2019-04-23 12:06:46 - [MESSAGE][PASSED] - Object: 'Object Repository/Page_KiboPush  Create Bot/span_Question1_fa fa-times' is clicked on]]></system-out>
         <system-err><![CDATA[]]></system-err>
      </testcase>
      <testcase name="Test Cases/Smart Replies/Test-Actions-Button" classname="Test Cases/Smart Replies/Test-Actions-Button" status="PASSED">
         <system-out><![CDATA[2019-04-23 12:06:46 - [TEST_CASE][PASSED] - Test Cases/Smart Replies/Test-Actions-Button: Test Cases/Smart Replies/Test-Actions-Button

2019-04-23 12:06:47 - [TEST_STEP][PASSED] - callTestCase: Call Test Case 'Test Cases/s-sidebar_navigation/individualAccount/Smart Replies' successfully

2019-04-23 12:06:47 - [TEST_CASE][PASSED] - Test Cases/s-sidebar_navigation/individualAccount/Smart Replies: Test Cases/s-sidebar_navigation/individualAccount/Smart Replies

2019-04-23 12:06:47 - [TEST_STEP][PASSED] - click: Object: 'Object Repository/Page_KiboPush  Dashboard/span_Dashboard' is clicked on

2019-04-23 12:06:48 - [MESSAGE][PASSED] - Object: 'Object Repository/Page_KiboPush  Dashboard/span_Dashboard' is clicked on

2019-04-23 12:06:48 - [TEST_STEP][PASSED] - delay: Delayed 2 second(s)

2019-04-23 12:06:50 - [MESSAGE][PASSED] - Delayed 2 second(s)

2019-04-23 12:06:50 - [TEST_STEP][PASSED] - click: Object: 'Object Repository/Page_KiboPush  Dashboard/span_Smart Replies' is clicked on

2019-04-23 12:06:50 - [MESSAGE][PASSED] - Object: 'Object Repository/Page_KiboPush  Dashboard/span_Smart Replies' is clicked on

2019-04-23 12:06:50 - [TEST_STEP][PASSED] - scrollToPosition: Browser is scrolled to position x = 0, y = 0

2019-04-23 12:06:50 - [MESSAGE][PASSED] - Browser is scrolled to position x = 0, y = 0

2019-04-23 12:06:50 - [TEST_STEP][PASSED] - delay: Delayed 2 second(s)

2019-04-23 12:06:52 - [MESSAGE][PASSED] - Delayed 2 second(s)

2019-04-23 12:06:52 - [TEST_STEP][PASSED] - click: Object: 'Object Repository/Page_KiboPush  Dashboard/h3_Manage Bots' is clicked on

2019-04-23 12:06:53 - [MESSAGE][PASSED] - Object: 'Object Repository/Page_KiboPush  Dashboard/h3_Manage Bots' is clicked on

2019-04-23 12:06:53 - [MESSAGE][PASSED] - Call Test Case 'Test Cases/s-sidebar_navigation/individualAccount/Smart Replies' successfully

2019-04-23 12:06:53 - [TEST_STEP][PASSED] - delay: Delayed 3 second(s)

2019-04-23 12:06:56 - [MESSAGE][PASSED] - Delayed 3 second(s)

2019-04-23 12:06:56 - [TEST_STEP][PASSED] - click: Object: 'Object Repository/Page_KiboPush  Dashboard/i_la la-ellipsis-h (1)' is clicked on

2019-04-23 12:06:56 - [MESSAGE][PASSED] - Object: 'Object Repository/Page_KiboPush  Dashboard/i_la la-ellipsis-h (1)' is clicked on]]></system-out>
         <system-err><![CDATA[]]></system-err>
      </testcase>
      <testcase name="Test Cases/Smart Replies/TC0624 - delete" classname="Test Cases/Smart Replies/TC0624 - delete" status="PASSED">
         <system-out><![CDATA[2019-04-23 12:06:56 - [TEST_CASE][PASSED] - Test Cases/Smart Replies/TC0624 - delete: Test Cases/Smart Replies/TC0624 - delete

2019-04-23 12:06:57 - [TEST_STEP][PASSED] - callTestCase: Call Test Case 'Test Cases/Smart Replies/Test-Actions-Button' successfully

2019-04-23 12:06:57 - [TEST_CASE][PASSED] - Test Cases/Smart Replies/Test-Actions-Button: Test Cases/Smart Replies/Test-Actions-Button

2019-04-23 12:06:57 - [TEST_STEP][PASSED] - callTestCase: Call Test Case 'Test Cases/s-sidebar_navigation/individualAccount/Smart Replies' successfully

2019-04-23 12:06:57 - [TEST_CASE][PASSED] - Test Cases/s-sidebar_navigation/individualAccount/Smart Replies: Test Cases/s-sidebar_navigation/individualAccount/Smart Replies

2019-04-23 12:06:57 - [TEST_STEP][PASSED] - click: Object: 'Object Repository/Page_KiboPush  Dashboard/span_Dashboard' is clicked on

2019-04-23 12:06:57 - [MESSAGE][PASSED] - Object: 'Object Repository/Page_KiboPush  Dashboard/span_Dashboard' is clicked on

2019-04-23 12:06:57 - [TEST_STEP][PASSED] - delay: Delayed 2 second(s)

2019-04-23 12:06:59 - [MESSAGE][PASSED] - Delayed 2 second(s)

2019-04-23 12:06:59 - [TEST_STEP][PASSED] - click: Object: 'Object Repository/Page_KiboPush  Dashboard/span_Smart Replies' is clicked on

2019-04-23 12:07:00 - [MESSAGE][PASSED] - Object: 'Object Repository/Page_KiboPush  Dashboard/span_Smart Replies' is clicked on

2019-04-23 12:07:00 - [TEST_STEP][PASSED] - scrollToPosition: Browser is scrolled to position x = 0, y = 0

2019-04-23 12:07:00 - [MESSAGE][PASSED] - Browser is scrolled to position x = 0, y = 0

2019-04-23 12:07:00 - [TEST_STEP][PASSED] - delay: Delayed 2 second(s)

2019-04-23 12:07:02 - [MESSAGE][PASSED] - Delayed 2 second(s)

2019-04-23 12:07:02 - [TEST_STEP][PASSED] - click: Object: 'Object Repository/Page_KiboPush  Dashboard/h3_Manage Bots' is clicked on

2019-04-23 12:07:02 - [MESSAGE][PASSED] - Object: 'Object Repository/Page_KiboPush  Dashboard/h3_Manage Bots' is clicked on

2019-04-23 12:07:02 - [MESSAGE][PASSED] - Call Test Case 'Test Cases/s-sidebar_navigation/individualAccount/Smart Replies' successfully

2019-04-23 12:07:02 - [TEST_STEP][PASSED] - delay: Delayed 3 second(s)

2019-04-23 12:07:05 - [MESSAGE][PASSED] - Delayed 3 second(s)

2019-04-23 12:07:05 - [TEST_STEP][PASSED] - click: Object: 'Object Repository/Page_KiboPush  Dashboard/i_la la-ellipsis-h (1)' is clicked on

2019-04-23 12:07:06 - [MESSAGE][PASSED] - Object: 'Object Repository/Page_KiboPush  Dashboard/i_la la-ellipsis-h (1)' is clicked on

2019-04-23 12:07:06 - [MESSAGE][PASSED] - Call Test Case 'Test Cases/Smart Replies/Test-Actions-Button' successfully

2019-04-23 12:07:06 - [TEST_STEP][PASSED] - delay: Delayed 5 second(s)

2019-04-23 12:07:11 - [MESSAGE][PASSED] - Delayed 5 second(s)

2019-04-23 12:07:11 - [TEST_STEP][PASSED] - click: Object: 'Object Repository/Page_KiboPush  Dashboard/span_Delete' is clicked on

2019-04-23 12:07:11 - [MESSAGE][PASSED] - Object: 'Object Repository/Page_KiboPush  Dashboard/span_Delete' is clicked on

2019-04-23 12:07:11 - [TEST_STEP][PASSED] - click: Object: 'Object Repository/Page_KiboPush  Dashboard/button_Delete (6)' is clicked on

2019-04-23 12:07:12 - [MESSAGE][PASSED] - Object: 'Object Repository/Page_KiboPush  Dashboard/button_Delete (6)' is clicked on

2019-04-23 12:07:12 - [TEST_STEP][PASSED] - click: Object: 'Object Repository/Page_KiboPush  Dashboard/div_Bot deleted successfully' is clicked on

2019-04-23 12:07:16 - [MESSAGE][PASSED] - Object: 'Object Repository/Page_KiboPush  Dashboard/div_Bot deleted successfully' is clicked on

2019-04-23 12:07:16 - [TEST_STEP][PASSED] - delay: Delayed 5 second(s)

2019-04-23 12:07:21 - [MESSAGE][PASSED] - Delayed 5 second(s)

2019-04-23 12:07:21 - [TEST_STEP][PASSED] - click: Object: 'Object Repository/Page_KiboPush  Dashboard/i_la la-ellipsis-h (1)' is clicked on

2019-04-23 12:07:21 - [MESSAGE][PASSED] - Object: 'Object Repository/Page_KiboPush  Dashboard/i_la la-ellipsis-h (1)' is clicked on

2019-04-23 12:07:21 - [TEST_STEP][PASSED] - delay: Delayed 1 second(s)

2019-04-23 12:07:22 - [MESSAGE][PASSED] - Delayed 1 second(s)

2019-04-23 12:07:22 - [TEST_STEP][PASSED] - click: Object: 'Object Repository/Page_KiboPush  Dashboard/span_Delete' is clicked on

2019-04-23 12:07:22 - [MESSAGE][PASSED] - Object: 'Object Repository/Page_KiboPush  Dashboard/span_Delete' is clicked on

2019-04-23 12:07:22 - [TEST_STEP][PASSED] - click: Object: 'Object Repository/Page_KiboPush  Dashboard/button_Delete (6)' is clicked on

2019-04-23 12:07:23 - [MESSAGE][PASSED] - Object: 'Object Repository/Page_KiboPush  Dashboard/button_Delete (6)' is clicked on

2019-04-23 12:07:23 - [TEST_STEP][PASSED] - click: Object: 'Object Repository/Page_KiboPush  Dashboard/div_Bot deleted successfully' is clicked on

2019-04-23 12:07:26 - [MESSAGE][PASSED] - Object: 'Object Repository/Page_KiboPush  Dashboard/div_Bot deleted successfully' is clicked on

2019-04-23 12:07:26 - [TEST_STEP][PASSED] - delay: Delayed 5 second(s)

2019-04-23 12:07:31 - [MESSAGE][PASSED] - Delayed 5 second(s)

2019-04-23 12:07:31 - [TEST_STEP][PASSED] - click: Object: 'Object Repository/Page_KiboPush  Dashboard/i_la la-ellipsis-h (1)' is clicked on

2019-04-23 12:07:31 - [MESSAGE][PASSED] - Object: 'Object Repository/Page_KiboPush  Dashboard/i_la la-ellipsis-h (1)' is clicked on

2019-04-23 12:07:31 - [TEST_STEP][PASSED] - delay: Delayed 1 second(s)

2019-04-23 12:07:32 - [MESSAGE][PASSED] - Delayed 1 second(s)

2019-04-23 12:07:32 - [TEST_STEP][PASSED] - click: Object: 'Object Repository/Page_KiboPush  Dashboard/span_Delete' is clicked on

2019-04-23 12:07:33 - [MESSAGE][PASSED] - Object: 'Object Repository/Page_KiboPush  Dashboard/span_Delete' is clicked on

2019-04-23 12:07:33 - [TEST_STEP][PASSED] - click: Object: 'Object Repository/Page_KiboPush  Dashboard/button_Delete (6)' is clicked on

2019-04-23 12:07:33 - [MESSAGE][PASSED] - Object: 'Object Repository/Page_KiboPush  Dashboard/button_Delete (6)' is clicked on

2019-04-23 12:07:33 - [TEST_STEP][PASSED] - click: Object: 'Object Repository/Page_KiboPush  Dashboard/div_Bot deleted successfully' is clicked on

2019-04-23 12:07:36 - [MESSAGE][PASSED] - Object: 'Object Repository/Page_KiboPush  Dashboard/div_Bot deleted successfully' is clicked on

2019-04-23 12:07:36 - [TEST_STEP][PASSED] - delay: Delayed 5 second(s)

2019-04-23 12:07:41 - [MESSAGE][PASSED] - Delayed 5 second(s)]]></system-out>
         <system-err><![CDATA[]]></system-err>
      </testcase>
      <testcase name="Test Cases/Smart Replies/TC0625" classname="Test Cases/Smart Replies/TC0625" status="PASSED">
         <system-out><![CDATA[2019-04-23 12:07:41 - [TEST_CASE][PASSED] - Test Cases/Smart Replies/TC0625: Test Cases/Smart Replies/TC0625

2019-04-23 12:07:42 - [TEST_STEP][PASSED] - callTestCase: Call Test Case 'Test Cases/Smart Replies/TC0618' successfully

2019-04-23 12:07:42 - [TEST_CASE][PASSED] - Test Cases/Smart Replies/TC0618: Test Cases/Smart Replies/TC0618

2019-04-23 12:07:42 - [TEST_STEP][PASSED] - callTestCase: Call Test Case 'Test Cases/s-sidebar_navigation/individualAccount/Smart Replies' successfully

2019-04-23 12:07:42 - [TEST_CASE][PASSED] - Test Cases/s-sidebar_navigation/individualAccount/Smart Replies: Test Cases/s-sidebar_navigation/individualAccount/Smart Replies

2019-04-23 12:07:42 - [TEST_STEP][PASSED] - click: Object: 'Object Repository/Page_KiboPush  Dashboard/span_Dashboard' is clicked on

2019-04-23 12:07:43 - [MESSAGE][PASSED] - Object: 'Object Repository/Page_KiboPush  Dashboard/span_Dashboard' is clicked on

2019-04-23 12:07:43 - [TEST_STEP][PASSED] - delay: Delayed 2 second(s)

2019-04-23 12:07:45 - [MESSAGE][PASSED] - Delayed 2 second(s)

2019-04-23 12:07:45 - [TEST_STEP][PASSED] - click: Object: 'Object Repository/Page_KiboPush  Dashboard/span_Smart Replies' is clicked on

2019-04-23 12:07:45 - [MESSAGE][PASSED] - Object: 'Object Repository/Page_KiboPush  Dashboard/span_Smart Replies' is clicked on

2019-04-23 12:07:45 - [TEST_STEP][PASSED] - scrollToPosition: Browser is scrolled to position x = 0, y = 0

2019-04-23 12:07:45 - [MESSAGE][PASSED] - Browser is scrolled to position x = 0, y = 0

2019-04-23 12:07:45 - [TEST_STEP][PASSED] - delay: Delayed 2 second(s)

2019-04-23 12:07:47 - [MESSAGE][PASSED] - Delayed 2 second(s)

2019-04-23 12:07:47 - [TEST_STEP][PASSED] - click: Object: 'Object Repository/Page_KiboPush  Dashboard/h3_Manage Bots' is clicked on

2019-04-23 12:07:48 - [MESSAGE][PASSED] - Object: 'Object Repository/Page_KiboPush  Dashboard/h3_Manage Bots' is clicked on

2019-04-23 12:07:48 - [MESSAGE][PASSED] - Call Test Case 'Test Cases/s-sidebar_navigation/individualAccount/Smart Replies' successfully

2019-04-23 12:07:48 - [TEST_STEP][PASSED] - delay: Delayed 3 second(s)

2019-04-23 12:07:51 - [MESSAGE][PASSED] - Delayed 3 second(s)

2019-04-23 12:07:51 - [TEST_STEP][PASSED] - click: Object: 'Object Repository/Page_KiboChat  Bots/button_Create New' is clicked on

2019-04-23 12:07:51 - [MESSAGE][PASSED] - Object: 'Object Repository/Page_KiboChat  Bots/button_Create New' is clicked on

2019-04-23 12:07:51 - [TEST_STEP][PASSED] - delay: Delayed 1 second(s)

2019-04-23 12:07:52 - [MESSAGE][PASSED] - Delayed 1 second(s)

2019-04-23 12:07:52 - [MESSAGE][PASSED] - Call Test Case 'Test Cases/Smart Replies/TC0618' successfully

2019-04-23 12:07:52 - [TEST_STEP][PASSED] - setText: Text 'Test' is set on object 'Object Repository/Page_KiboPush  Dashboard/input_form-control (2) (1)'

2019-04-23 12:07:53 - [MESSAGE][PASSED] - Text 'Test' is set on object 'Object Repository/Page_KiboPush  Dashboard/input_form-control (2) (1)'

2019-04-23 12:07:53 - [TEST_STEP][PASSED] - delay: Delayed 2 second(s)

2019-04-23 12:07:55 - [MESSAGE][PASSED] - Delayed 2 second(s)

2019-04-23 12:07:55 - [TEST_STEP][PASSED] - setText: Text 'Test' is set on object 'Object Repository/Page_KiboPush  Dashboard/input_form-control (2) (1)'

2019-04-23 12:07:55 - [MESSAGE][PASSED] - Text 'Test' is set on object 'Object Repository/Page_KiboPush  Dashboard/input_form-control (2) (1)'

2019-04-23 12:07:55 - [TEST_STEP][PASSED] - selectOptionByValue: All options with value 'false' are selected in object 'Object Repository/Page_KiboPush  Dashboard/select_ActiveDisabled'  using regular expression

2019-04-23 12:07:55 - [MESSAGE][PASSED] - All options with value 'false' are selected in object 'Object Repository/Page_KiboPush  Dashboard/select_ActiveDisabled'  using regular expression

2019-04-23 12:07:55 - [TEST_STEP][PASSED] - delay: Delayed 2 second(s)

2019-04-23 12:07:57 - [MESSAGE][PASSED] - Delayed 2 second(s)]]></system-out>
         <system-err><![CDATA[]]></system-err>
      </testcase>
      <testcase name="Test Cases/Smart Replies/TC0626" classname="Test Cases/Smart Replies/TC0626" status="PASSED">
         <system-out><![CDATA[2019-04-23 12:07:58 - [TEST_CASE][PASSED] - Test Cases/Smart Replies/TC0626: Test Cases/Smart Replies/TC0626

2019-04-23 12:07:58 - [TEST_STEP][PASSED] - callTestCase: Call Test Case 'Test Cases/Smart Replies/TC0619' successfully

2019-04-23 12:07:58 - [TEST_CASE][PASSED] - Test Cases/Smart Replies/TC0619: Test Cases/Smart Replies/TC0619

2019-04-23 12:07:58 - [TEST_STEP][PASSED] - callTestCase: Call Test Case 'Test Cases/Smart Replies/TC0618' successfully

2019-04-23 12:07:58 - [TEST_CASE][PASSED] - Test Cases/Smart Replies/TC0618: Test Cases/Smart Replies/TC0618

2019-04-23 12:07:58 - [TEST_STEP][PASSED] - callTestCase: Call Test Case 'Test Cases/s-sidebar_navigation/individualAccount/Smart Replies' successfully

2019-04-23 12:07:58 - [TEST_CASE][PASSED] - Test Cases/s-sidebar_navigation/individualAccount/Smart Replies: Test Cases/s-sidebar_navigation/individualAccount/Smart Replies

2019-04-23 12:07:58 - [TEST_STEP][PASSED] - click: Object: 'Object Repository/Page_KiboPush  Dashboard/span_Dashboard' is clicked on

2019-04-23 12:07:59 - [MESSAGE][PASSED] - Object: 'Object Repository/Page_KiboPush  Dashboard/span_Dashboard' is clicked on

2019-04-23 12:07:59 - [TEST_STEP][PASSED] - delay: Delayed 2 second(s)

2019-04-23 12:08:01 - [MESSAGE][PASSED] - Delayed 2 second(s)

2019-04-23 12:08:01 - [TEST_STEP][PASSED] - click: Object: 'Object Repository/Page_KiboPush  Dashboard/span_Smart Replies' is clicked on

2019-04-23 12:08:01 - [MESSAGE][PASSED] - Object: 'Object Repository/Page_KiboPush  Dashboard/span_Smart Replies' is clicked on

2019-04-23 12:08:01 - [TEST_STEP][PASSED] - scrollToPosition: Browser is scrolled to position x = 0, y = 0

2019-04-23 12:08:02 - [MESSAGE][PASSED] - Browser is scrolled to position x = 0, y = 0

2019-04-23 12:08:02 - [TEST_STEP][PASSED] - delay: Delayed 2 second(s)

2019-04-23 12:08:04 - [MESSAGE][PASSED] - Delayed 2 second(s)

2019-04-23 12:08:04 - [TEST_STEP][PASSED] - click: Object: 'Object Repository/Page_KiboPush  Dashboard/h3_Manage Bots' is clicked on

2019-04-23 12:08:04 - [MESSAGE][PASSED] - Object: 'Object Repository/Page_KiboPush  Dashboard/h3_Manage Bots' is clicked on

2019-04-23 12:08:04 - [MESSAGE][PASSED] - Call Test Case 'Test Cases/s-sidebar_navigation/individualAccount/Smart Replies' successfully

2019-04-23 12:08:04 - [TEST_STEP][PASSED] - delay: Delayed 3 second(s)

2019-04-23 12:08:07 - [MESSAGE][PASSED] - Delayed 3 second(s)

2019-04-23 12:08:07 - [TEST_STEP][PASSED] - click: Object: 'Object Repository/Page_KiboChat  Bots/button_Create New' is clicked on

2019-04-23 12:08:07 - [MESSAGE][PASSED] - Object: 'Object Repository/Page_KiboChat  Bots/button_Create New' is clicked on

2019-04-23 12:08:07 - [TEST_STEP][PASSED] - delay: Delayed 1 second(s)

2019-04-23 12:08:08 - [MESSAGE][PASSED] - Delayed 1 second(s)

2019-04-23 12:08:08 - [MESSAGE][PASSED] - Call Test Case 'Test Cases/Smart Replies/TC0618' successfully

2019-04-23 12:08:08 - [TEST_STEP][PASSED] - setText: Text 'Test' is set on object 'Object Repository/Page_KiboPush  Dashboard/input_form-control (2)'

2019-04-23 12:08:09 - [MESSAGE][PASSED] - Text 'Test' is set on object 'Object Repository/Page_KiboPush  Dashboard/input_form-control (2)'

2019-04-23 12:08:09 - [TEST_STEP][PASSED] - click: Object: 'Object Repository/Page_KiboPush  Dashboard/button_Create' is clicked on

2019-04-23 12:08:10 - [MESSAGE][PASSED] - Object: 'Object Repository/Page_KiboPush  Dashboard/button_Create' is clicked on

2019-04-23 12:08:10 - [TEST_STEP][PASSED] - scrollToPosition: Browser is scrolled to position x = 0, y = 0

2019-04-23 12:08:10 - [MESSAGE][PASSED] - Browser is scrolled to position x = 0, y = 0

2019-04-23 12:08:10 - [TEST_STEP][PASSED] - click: Object: 'Object Repository/Page_KiboPush  Create Bot/h3_Create Bot' is clicked on

2019-04-23 12:08:10 - [MESSAGE][PASSED] - Object: 'Object Repository/Page_KiboPush  Create Bot/h3_Create Bot' is clicked on

2019-04-23 12:08:10 - [MESSAGE][PASSED] - Call Test Case 'Test Cases/Smart Replies/TC0619' successfully

2019-04-23 12:08:10 - [TEST_STEP][PASSED] - click: Object: 'Object Repository/Page_KiboPush  Create Bot/button_Apply Politics Chat Bot' is clicked on

2019-04-23 12:08:11 - [MESSAGE][PASSED] - Object: 'Object Repository/Page_KiboPush  Create Bot/button_Apply Politics Chat Bot' is clicked on]]></system-out>
         <system-err><![CDATA[]]></system-err>
      </testcase>
      <testcase name="Test Cases/Smart Replies/TC0627" classname="Test Cases/Smart Replies/TC0627" status="PASSED">
         <system-out><![CDATA[2019-04-23 12:08:11 - [TEST_CASE][PASSED] - Test Cases/Smart Replies/TC0627: Test Cases/Smart Replies/TC0627

2019-04-23 12:08:11 - [TEST_STEP][PASSED] - callTestCase: Call Test Case 'Test Cases/Smart Replies/TC0626' successfully

2019-04-23 12:08:12 - [TEST_CASE][PASSED] - Test Cases/Smart Replies/TC0626: Test Cases/Smart Replies/TC0626

2019-04-23 12:08:12 - [TEST_STEP][PASSED] - callTestCase: Call Test Case 'Test Cases/Smart Replies/TC0619' successfully

2019-04-23 12:08:12 - [TEST_CASE][PASSED] - Test Cases/Smart Replies/TC0619: Test Cases/Smart Replies/TC0619

2019-04-23 12:08:12 - [TEST_STEP][PASSED] - callTestCase: Call Test Case 'Test Cases/Smart Replies/TC0618' successfully

2019-04-23 12:08:12 - [TEST_CASE][PASSED] - Test Cases/Smart Replies/TC0618: Test Cases/Smart Replies/TC0618

2019-04-23 12:08:12 - [TEST_STEP][PASSED] - callTestCase: Call Test Case 'Test Cases/s-sidebar_navigation/individualAccount/Smart Replies' successfully

2019-04-23 12:08:12 - [TEST_CASE][PASSED] - Test Cases/s-sidebar_navigation/individualAccount/Smart Replies: Test Cases/s-sidebar_navigation/individualAccount/Smart Replies

2019-04-23 12:08:12 - [TEST_STEP][PASSED] - click: Object: 'Object Repository/Page_KiboPush  Dashboard/span_Dashboard' is clicked on

2019-04-23 12:08:13 - [MESSAGE][PASSED] - Object: 'Object Repository/Page_KiboPush  Dashboard/span_Dashboard' is clicked on

2019-04-23 12:08:13 - [TEST_STEP][PASSED] - delay: Delayed 2 second(s)

2019-04-23 12:08:15 - [MESSAGE][PASSED] - Delayed 2 second(s)

2019-04-23 12:08:15 - [TEST_STEP][PASSED] - click: Object: 'Object Repository/Page_KiboPush  Dashboard/span_Smart Replies' is clicked on

2019-04-23 12:08:16 - [MESSAGE][PASSED] - Object: 'Object Repository/Page_KiboPush  Dashboard/span_Smart Replies' is clicked on

2019-04-23 12:08:16 - [TEST_STEP][PASSED] - scrollToPosition: Browser is scrolled to position x = 0, y = 0

2019-04-23 12:08:16 - [MESSAGE][PASSED] - Browser is scrolled to position x = 0, y = 0

2019-04-23 12:08:16 - [TEST_STEP][PASSED] - delay: Delayed 2 second(s)

2019-04-23 12:08:18 - [MESSAGE][PASSED] - Delayed 2 second(s)

2019-04-23 12:08:18 - [TEST_STEP][PASSED] - click: Object: 'Object Repository/Page_KiboPush  Dashboard/h3_Manage Bots' is clicked on

2019-04-23 12:08:18 - [MESSAGE][PASSED] - Object: 'Object Repository/Page_KiboPush  Dashboard/h3_Manage Bots' is clicked on

2019-04-23 12:08:18 - [MESSAGE][PASSED] - Call Test Case 'Test Cases/s-sidebar_navigation/individualAccount/Smart Replies' successfully

2019-04-23 12:08:18 - [TEST_STEP][PASSED] - delay: Delayed 3 second(s)

2019-04-23 12:08:21 - [MESSAGE][PASSED] - Delayed 3 second(s)

2019-04-23 12:08:21 - [TEST_STEP][PASSED] - click: Object: 'Object Repository/Page_KiboChat  Bots/button_Create New' is clicked on

2019-04-23 12:08:21 - [MESSAGE][PASSED] - Object: 'Object Repository/Page_KiboChat  Bots/button_Create New' is clicked on

2019-04-23 12:08:21 - [TEST_STEP][PASSED] - delay: Delayed 1 second(s)

2019-04-23 12:08:23 - [MESSAGE][PASSED] - Delayed 1 second(s)

2019-04-23 12:08:23 - [MESSAGE][PASSED] - Call Test Case 'Test Cases/Smart Replies/TC0618' successfully

2019-04-23 12:08:23 - [TEST_STEP][PASSED] - setText: Text 'Test' is set on object 'Object Repository/Page_KiboPush  Dashboard/input_form-control (2)'

2019-04-23 12:08:23 - [MESSAGE][PASSED] - Text 'Test' is set on object 'Object Repository/Page_KiboPush  Dashboard/input_form-control (2)'

2019-04-23 12:08:23 - [TEST_STEP][PASSED] - click: Object: 'Object Repository/Page_KiboPush  Dashboard/button_Create' is clicked on

2019-04-23 12:08:24 - [MESSAGE][PASSED] - Object: 'Object Repository/Page_KiboPush  Dashboard/button_Create' is clicked on

2019-04-23 12:08:24 - [TEST_STEP][PASSED] - scrollToPosition: Browser is scrolled to position x = 0, y = 0

2019-04-23 12:08:24 - [MESSAGE][PASSED] - Browser is scrolled to position x = 0, y = 0

2019-04-23 12:08:24 - [TEST_STEP][PASSED] - click: Object: 'Object Repository/Page_KiboPush  Create Bot/h3_Create Bot' is clicked on

2019-04-23 12:08:25 - [MESSAGE][PASSED] - Object: 'Object Repository/Page_KiboPush  Create Bot/h3_Create Bot' is clicked on

2019-04-23 12:08:25 - [MESSAGE][PASSED] - Call Test Case 'Test Cases/Smart Replies/TC0619' successfully

2019-04-23 12:08:25 - [TEST_STEP][PASSED] - click: Object: 'Object Repository/Page_KiboPush  Create Bot/button_Apply Politics Chat Bot' is clicked on

2019-04-23 12:08:25 - [MESSAGE][PASSED] - Object: 'Object Repository/Page_KiboPush  Create Bot/button_Apply Politics Chat Bot' is clicked on

2019-04-23 12:08:25 - [MESSAGE][PASSED] - Call Test Case 'Test Cases/Smart Replies/TC0626' successfully

2019-04-23 12:08:25 - [TEST_STEP][PASSED] - click: Object: 'Object Repository/Page_KiboPush  Create Bot/button_Create' is clicked on

2019-04-23 12:08:25 - [MESSAGE][PASSED] - Object: 'Object Repository/Page_KiboPush  Create Bot/button_Create' is clicked on]]></system-out>
         <system-err><![CDATA[]]></system-err>
      </testcase>
      <testcase name="Test Cases/Smart Replies/TC0629" classname="Test Cases/Smart Replies/TC0629" status="ERROR">
         <error type="ERROR" message="Test Cases/Smart Replies/TC0629 FAILED because (of) org.codehaus.groovy.control.MultipleCompilationErrorsException: startup failed:
file:/C:/Users/cloudkibo/Desktop/KiboPush_Automated_Testing/KiboPush%20Katalon/Scripts/Smart%20Replies/TC0629/Script1536858683148.groovy: 35: The current scope already contains a variable of the name driver
 @ line 35, column 11.
   WebDriver driver = DriverFactory.getWebDriver()
             ^

1 error
"/>
         <system-out><![CDATA[2019-04-23 12:08:26 - [TEST_CASE][ERROR] - Test Cases/Smart Replies/TC0629: Test Cases/Smart Replies/TC0629 FAILED because (of) org.codehaus.groovy.control.MultipleCompilationErrorsException: startup failed:
file:/C:/Users/cloudkibo/Desktop/KiboPush_Automated_Testing/KiboPush%20Katalon/Scripts/Smart%20Replies/TC0629/Script1536858683148.groovy: 35: The current scope already contains a variable of the name driver
 @ line 35, column 11.
   WebDriver driver = DriverFactory.getWebDriver()
             ^

1 error]]></system-out>
         <system-err><![CDATA[2019-04-23 12:08:26 - [TEST_CASE][ERROR] - Test Cases/Smart Replies/TC0629: Test Cases/Smart Replies/TC0629 FAILED because (of) org.codehaus.groovy.control.MultipleCompilationErrorsException: startup failed:
file:/C:/Users/cloudkibo/Desktop/KiboPush_Automated_Testing/KiboPush%20Katalon/Scripts/Smart%20Replies/TC0629/Script1536858683148.groovy: 35: The current scope already contains a variable of the name driver
 @ line 35, column 11.
   WebDriver driver = DriverFactory.getWebDriver()
             ^

1 error]]></system-err>
      </testcase>
      <testcase name="Test Cases/Smart Replies/TC0632" classname="Test Cases/Smart Replies/TC0632" status="PASSED">
         <system-out><![CDATA[2019-04-23 12:08:26 - [TEST_CASE][PASSED] - Test Cases/Smart Replies/TC0632: Test Cases/Smart Replies/TC0632

2019-04-23 12:08:26 - [TEST_STEP][PASSED] - callTestCase: Call Test Case 'Test Cases/Smart Replies/Test-Actions-Button' successfully

2019-04-23 12:08:26 - [TEST_CASE][PASSED] - Test Cases/Smart Replies/Test-Actions-Button: Test Cases/Smart Replies/Test-Actions-Button

2019-04-23 12:08:26 - [TEST_STEP][PASSED] - callTestCase: Call Test Case 'Test Cases/s-sidebar_navigation/individualAccount/Smart Replies' successfully

2019-04-23 12:08:27 - [TEST_CASE][PASSED] - Test Cases/s-sidebar_navigation/individualAccount/Smart Replies: Test Cases/s-sidebar_navigation/individualAccount/Smart Replies

2019-04-23 12:08:27 - [TEST_STEP][PASSED] - click: Object: 'Object Repository/Page_KiboPush  Dashboard/span_Dashboard' is clicked on

2019-04-23 12:08:27 - [MESSAGE][PASSED] - Object: 'Object Repository/Page_KiboPush  Dashboard/span_Dashboard' is clicked on

2019-04-23 12:08:27 - [TEST_STEP][PASSED] - delay: Delayed 2 second(s)

2019-04-23 12:08:29 - [MESSAGE][PASSED] - Delayed 2 second(s)

2019-04-23 12:08:29 - [TEST_STEP][PASSED] - click: Object: 'Object Repository/Page_KiboPush  Dashboard/span_Smart Replies' is clicked on

2019-04-23 12:08:30 - [MESSAGE][PASSED] - Object: 'Object Repository/Page_KiboPush  Dashboard/span_Smart Replies' is clicked on

2019-04-23 12:08:30 - [TEST_STEP][PASSED] - scrollToPosition: Browser is scrolled to position x = 0, y = 0

2019-04-23 12:08:30 - [MESSAGE][PASSED] - Browser is scrolled to position x = 0, y = 0

2019-04-23 12:08:30 - [TEST_STEP][PASSED] - delay: Delayed 2 second(s)

2019-04-23 12:08:32 - [MESSAGE][PASSED] - Delayed 2 second(s)

2019-04-23 12:08:32 - [TEST_STEP][PASSED] - click: Object: 'Object Repository/Page_KiboPush  Dashboard/h3_Manage Bots' is clicked on

2019-04-23 12:08:32 - [MESSAGE][PASSED] - Object: 'Object Repository/Page_KiboPush  Dashboard/h3_Manage Bots' is clicked on

2019-04-23 12:08:32 - [MESSAGE][PASSED] - Call Test Case 'Test Cases/s-sidebar_navigation/individualAccount/Smart Replies' successfully

2019-04-23 12:08:32 - [TEST_STEP][PASSED] - delay: Delayed 3 second(s)

2019-04-23 12:08:35 - [MESSAGE][PASSED] - Delayed 3 second(s)

2019-04-23 12:08:35 - [TEST_STEP][PASSED] - click: Object: 'Object Repository/Page_KiboPush  Dashboard/i_la la-ellipsis-h (1)' is clicked on

2019-04-23 12:08:36 - [MESSAGE][PASSED] - Object: 'Object Repository/Page_KiboPush  Dashboard/i_la la-ellipsis-h (1)' is clicked on

2019-04-23 12:08:36 - [MESSAGE][PASSED] - Call Test Case 'Test Cases/Smart Replies/Test-Actions-Button' successfully

2019-04-23 12:08:36 - [TEST_STEP][PASSED] - delay: Delayed 2 second(s)

2019-04-23 12:08:38 - [MESSAGE][PASSED] - Delayed 2 second(s)]]></system-out>
         <system-err><![CDATA[]]></system-err>
      </testcase>
      <testcase name="Test Cases/Smart Replies/TC0633" classname="Test Cases/Smart Replies/TC0633" status="PASSED">
         <system-out><![CDATA[2019-04-23 12:08:38 - [TEST_CASE][PASSED] - Test Cases/Smart Replies/TC0633: Test Cases/Smart Replies/TC0633

2019-04-23 12:08:38 - [TEST_STEP][PASSED] - callTestCase: Call Test Case 'Test Cases/Smart Replies/Test-Actions-Button' successfully

2019-04-23 12:08:38 - [TEST_CASE][PASSED] - Test Cases/Smart Replies/Test-Actions-Button: Test Cases/Smart Replies/Test-Actions-Button

2019-04-23 12:08:38 - [TEST_STEP][PASSED] - callTestCase: Call Test Case 'Test Cases/s-sidebar_navigation/individualAccount/Smart Replies' successfully

2019-04-23 12:08:38 - [TEST_CASE][PASSED] - Test Cases/s-sidebar_navigation/individualAccount/Smart Replies: Test Cases/s-sidebar_navigation/individualAccount/Smart Replies

2019-04-23 12:08:38 - [TEST_STEP][PASSED] - click: Object: 'Object Repository/Page_KiboPush  Dashboard/span_Dashboard' is clicked on

2019-04-23 12:08:39 - [MESSAGE][PASSED] - Object: 'Object Repository/Page_KiboPush  Dashboard/span_Dashboard' is clicked on

2019-04-23 12:08:39 - [TEST_STEP][PASSED] - delay: Delayed 2 second(s)

2019-04-23 12:08:41 - [MESSAGE][PASSED] - Delayed 2 second(s)

2019-04-23 12:08:41 - [TEST_STEP][PASSED] - click: Object: 'Object Repository/Page_KiboPush  Dashboard/span_Smart Replies' is clicked on

2019-04-23 12:08:41 - [MESSAGE][PASSED] - Object: 'Object Repository/Page_KiboPush  Dashboard/span_Smart Replies' is clicked on

2019-04-23 12:08:41 - [TEST_STEP][PASSED] - scrollToPosition: Browser is scrolled to position x = 0, y = 0

2019-04-23 12:08:41 - [MESSAGE][PASSED] - Browser is scrolled to position x = 0, y = 0

2019-04-23 12:08:41 - [TEST_STEP][PASSED] - delay: Delayed 2 second(s)

2019-04-23 12:08:44 - [MESSAGE][PASSED] - Delayed 2 second(s)

2019-04-23 12:08:44 - [TEST_STEP][PASSED] - click: Object: 'Object Repository/Page_KiboPush  Dashboard/h3_Manage Bots' is clicked on

2019-04-23 12:08:44 - [MESSAGE][PASSED] - Object: 'Object Repository/Page_KiboPush  Dashboard/h3_Manage Bots' is clicked on

2019-04-23 12:08:44 - [MESSAGE][PASSED] - Call Test Case 'Test Cases/s-sidebar_navigation/individualAccount/Smart Replies' successfully

2019-04-23 12:08:44 - [TEST_STEP][PASSED] - delay: Delayed 3 second(s)

2019-04-23 12:08:47 - [MESSAGE][PASSED] - Delayed 3 second(s)

2019-04-23 12:08:47 - [TEST_STEP][PASSED] - click: Object: 'Object Repository/Page_KiboPush  Dashboard/i_la la-ellipsis-h (1)' is clicked on

2019-04-23 12:08:48 - [MESSAGE][PASSED] - Object: 'Object Repository/Page_KiboPush  Dashboard/i_la la-ellipsis-h (1)' is clicked on

2019-04-23 12:08:48 - [MESSAGE][PASSED] - Call Test Case 'Test Cases/Smart Replies/Test-Actions-Button' successfully

2019-04-23 12:08:48 - [TEST_STEP][PASSED] - delay: Delayed 2 second(s)

2019-04-23 12:08:50 - [MESSAGE][PASSED] - Delayed 2 second(s)

2019-04-23 12:08:50 - [TEST_STEP][PASSED] - click: Object: 'Object Repository/Page_KiboPush  Dashboard/span_Edit' is clicked on

2019-04-23 12:08:50 - [MESSAGE][PASSED] - Object: 'Object Repository/Page_KiboPush  Dashboard/span_Edit' is clicked on]]></system-out>
         <system-err><![CDATA[]]></system-err>
      </testcase>
      <testcase name="Test Cases/Smart Replies/TC0634" classname="Test Cases/Smart Replies/TC0634" status="FAILED">
         <failure type="FAILED" message="Unable to click on object 'Object Repository/Page_KiboPush  Dashboard/div_Bot deleted successfully' (Root cause: com.kms.katalon.core.webui.exception.WebElementNotFoundException: Web element with id: 'Object Repository/Page_KiboPush  Dashboard/div_Bot deleted successfully' located by 'By.xpath: //div[(text() = 'Bot deleted successfully' or . = 'Bot deleted successfully')]' not found)"/>
         <system-out><![CDATA[2019-04-23 12:08:50 - [TEST_CASE][FAILED] - Test Cases/Smart Replies/TC0634: Test Cases/Smart Replies/TC0634 FAILED because (of) Unable to click on object 'Object Repository/Page_KiboPush  Dashboard/div_Bot deleted successfully' (Root cause: com.kms.katalon.core.webui.exception.WebElementNotFoundException: Web element with id: 'Object Repository/Page_KiboPush  Dashboard/div_Bot deleted successfully' located by 'By.xpath: //div[(text() = 'Bot deleted successfully' or . = 'Bot deleted successfully')]' not found)

2019-04-23 12:08:51 - [TEST_STEP][PASSED] - callTestCase: Call Test Case 'Test Cases/Smart Replies/Test-Actions-Button' successfully

2019-04-23 12:08:51 - [TEST_CASE][PASSED] - Test Cases/Smart Replies/Test-Actions-Button: Test Cases/Smart Replies/Test-Actions-Button

2019-04-23 12:08:51 - [TEST_STEP][PASSED] - callTestCase: Call Test Case 'Test Cases/s-sidebar_navigation/individualAccount/Smart Replies' successfully

2019-04-23 12:08:53 - [TEST_CASE][PASSED] - Test Cases/s-sidebar_navigation/individualAccount/Smart Replies: Test Cases/s-sidebar_navigation/individualAccount/Smart Replies

2019-04-23 12:08:53 - [TEST_STEP][PASSED] - click: Object: 'Object Repository/Page_KiboPush  Dashboard/span_Dashboard' is clicked on

2019-04-23 12:08:54 - [MESSAGE][PASSED] - Object: 'Object Repository/Page_KiboPush  Dashboard/span_Dashboard' is clicked on

2019-04-23 12:08:54 - [TEST_STEP][PASSED] - delay: Delayed 2 second(s)

2019-04-23 12:08:56 - [MESSAGE][PASSED] - Delayed 2 second(s)

2019-04-23 12:08:56 - [TEST_STEP][PASSED] - click: Object: 'Object Repository/Page_KiboPush  Dashboard/span_Smart Replies' is clicked on

2019-04-23 12:08:56 - [MESSAGE][PASSED] - Object: 'Object Repository/Page_KiboPush  Dashboard/span_Smart Replies' is clicked on

2019-04-23 12:08:56 - [TEST_STEP][PASSED] - scrollToPosition: Browser is scrolled to position x = 0, y = 0

2019-04-23 12:08:56 - [MESSAGE][PASSED] - Browser is scrolled to position x = 0, y = 0

2019-04-23 12:08:56 - [TEST_STEP][PASSED] - delay: Delayed 2 second(s)

2019-04-23 12:08:58 - [MESSAGE][PASSED] - Delayed 2 second(s)

2019-04-23 12:08:58 - [TEST_STEP][PASSED] - click: Object: 'Object Repository/Page_KiboPush  Dashboard/h3_Manage Bots' is clicked on

2019-04-23 12:08:59 - [MESSAGE][PASSED] - Object: 'Object Repository/Page_KiboPush  Dashboard/h3_Manage Bots' is clicked on

2019-04-23 12:08:59 - [MESSAGE][PASSED] - Call Test Case 'Test Cases/s-sidebar_navigation/individualAccount/Smart Replies' successfully

2019-04-23 12:08:59 - [TEST_STEP][PASSED] - delay: Delayed 3 second(s)

2019-04-23 12:09:02 - [MESSAGE][PASSED] - Delayed 3 second(s)

2019-04-23 12:09:02 - [TEST_STEP][PASSED] - click: Object: 'Object Repository/Page_KiboPush  Dashboard/i_la la-ellipsis-h (1)' is clicked on

2019-04-23 12:09:02 - [MESSAGE][PASSED] - Object: 'Object Repository/Page_KiboPush  Dashboard/i_la la-ellipsis-h (1)' is clicked on

2019-04-23 12:09:02 - [MESSAGE][PASSED] - Call Test Case 'Test Cases/Smart Replies/Test-Actions-Button' successfully

2019-04-23 12:09:02 - [TEST_STEP][PASSED] - delay: Delayed 5 second(s)

2019-04-23 12:09:07 - [MESSAGE][PASSED] - Delayed 5 second(s)

2019-04-23 12:09:07 - [TEST_STEP][PASSED] - click: Object: 'Object Repository/Page_KiboPush  Dashboard/span_Delete' is clicked on

2019-04-23 12:09:08 - [MESSAGE][PASSED] - Object: 'Object Repository/Page_KiboPush  Dashboard/span_Delete' is clicked on

2019-04-23 12:09:08 - [TEST_STEP][PASSED] - click: Object: 'Object Repository/Page_KiboPush  Dashboard/button_Delete (6)' is clicked on

2019-04-23 12:09:08 - [MESSAGE][PASSED] - Object: 'Object Repository/Page_KiboPush  Dashboard/button_Delete (6)' is clicked on

2019-04-23 12:09:08 - [TEST_STEP][PASSED] - click: Object: 'Object Repository/Page_KiboPush  Dashboard/div_Bot deleted successfully' is clicked on

2019-04-23 12:09:12 - [MESSAGE][PASSED] - Object: 'Object Repository/Page_KiboPush  Dashboard/div_Bot deleted successfully' is clicked on

2019-04-23 12:09:12 - [TEST_STEP][PASSED] - delay: Delayed 5 second(s)

2019-04-23 12:09:17 - [MESSAGE][PASSED] - Delayed 5 second(s)

2019-04-23 12:09:17 - [TEST_STEP][PASSED] - click: Object: 'Object Repository/Page_KiboPush  Dashboard/i_la la-ellipsis-h (1)' is clicked on

2019-04-23 12:09:18 - [MESSAGE][PASSED] - Object: 'Object Repository/Page_KiboPush  Dashboard/i_la la-ellipsis-h (1)' is clicked on

2019-04-23 12:09:18 - [TEST_STEP][PASSED] - delay: Delayed 1 second(s)

2019-04-23 12:09:19 - [MESSAGE][PASSED] - Delayed 1 second(s)

2019-04-23 12:09:19 - [TEST_STEP][PASSED] - click: Object: 'Object Repository/Page_KiboPush  Dashboard/span_Delete' is clicked on

2019-04-23 12:09:19 - [MESSAGE][PASSED] - Object: 'Object Repository/Page_KiboPush  Dashboard/span_Delete' is clicked on

2019-04-23 12:09:19 - [TEST_STEP][PASSED] - click: Object: 'Object Repository/Page_KiboPush  Dashboard/button_Delete (6)' is clicked on

2019-04-23 12:09:20 - [MESSAGE][PASSED] - Object: 'Object Repository/Page_KiboPush  Dashboard/button_Delete (6)' is clicked on

2019-04-23 12:09:20 - [TEST_STEP][PASSED] - click: Object: 'Object Repository/Page_KiboPush  Dashboard/div_Bot deleted successfully' is clicked on

2019-04-23 12:09:23 - [MESSAGE][PASSED] - Object: 'Object Repository/Page_KiboPush  Dashboard/div_Bot deleted successfully' is clicked on

2019-04-23 12:09:23 - [TEST_STEP][PASSED] - delay: Delayed 5 second(s)

2019-04-23 12:09:28 - [MESSAGE][PASSED] - Delayed 5 second(s)

2019-04-23 12:09:28 - [TEST_STEP][PASSED] - click: Object: 'Object Repository/Page_KiboPush  Dashboard/i_la la-ellipsis-h (1)' is clicked on

2019-04-23 12:09:29 - [MESSAGE][PASSED] - Object: 'Object Repository/Page_KiboPush  Dashboard/i_la la-ellipsis-h (1)' is clicked on

2019-04-23 12:09:29 - [TEST_STEP][PASSED] - delay: Delayed 1 second(s)

2019-04-23 12:09:30 - [MESSAGE][PASSED] - Delayed 1 second(s)

2019-04-23 12:09:30 - [TEST_STEP][PASSED] - click: Object: 'Object Repository/Page_KiboPush  Dashboard/span_Delete' is clicked on

2019-04-23 12:09:30 - [MESSAGE][PASSED] - Object: 'Object Repository/Page_KiboPush  Dashboard/span_Delete' is clicked on

2019-04-23 12:09:30 - [TEST_STEP][PASSED] - click: Object: 'Object Repository/Page_KiboPush  Dashboard/button_Delete (6)' is clicked on

2019-04-23 12:09:31 - [MESSAGE][PASSED] - Object: 'Object Repository/Page_KiboPush  Dashboard/button_Delete (6)' is clicked on

2019-04-23 12:09:31 - [TEST_STEP][PASSED] - click: Object: 'Object Repository/Page_KiboPush  Dashboard/div_Bot deleted successfully' is clicked on

2019-04-23 12:09:34 - [MESSAGE][PASSED] - Object: 'Object Repository/Page_KiboPush  Dashboard/div_Bot deleted successfully' is clicked on

2019-04-23 12:09:34 - [TEST_STEP][PASSED] - delay: Delayed 5 second(s)

2019-04-23 12:09:39 - [MESSAGE][PASSED] - Delayed 5 second(s)

2019-04-23 12:09:39 - [TEST_STEP][PASSED] - click: Object: 'Object Repository/Page_KiboPush  Dashboard/i_la la-ellipsis-h (1)' is clicked on

2019-04-23 12:09:39 - [MESSAGE][PASSED] - Object: 'Object Repository/Page_KiboPush  Dashboard/i_la la-ellipsis-h (1)' is clicked on

2019-04-23 12:09:39 - [TEST_STEP][PASSED] - delay: Delayed 1 second(s)

2019-04-23 12:09:40 - [MESSAGE][PASSED] - Delayed 1 second(s)

2019-04-23 12:09:40 - [TEST_STEP][PASSED] - click: Object: 'Object Repository/Page_KiboPush  Dashboard/span_Delete' is clicked on

2019-04-23 12:09:40 - [MESSAGE][PASSED] - Object: 'Object Repository/Page_KiboPush  Dashboard/span_Delete' is clicked on

2019-04-23 12:09:40 - [TEST_STEP][PASSED] - click: Object: 'Object Repository/Page_KiboPush  Dashboard/button_Delete (6)' is clicked on

2019-04-23 12:09:41 - [MESSAGE][PASSED] - Object: 'Object Repository/Page_KiboPush  Dashboard/button_Delete (6)' is clicked on

2019-04-23 12:09:41 - [TEST_STEP][FAILED] - click: Unable to click on object 'Object Repository/Page_KiboPush  Dashboard/div_Bot deleted successfully' (Root cause: com.kms.katalon.core.webui.exception.WebElementNotFoundException: Web element with id: 'Object Repository/Page_KiboPush  Dashboard/div_Bot deleted successfully' located by 'By.xpath: //div[(text() = 'Bot deleted successfully' or . = 'Bot deleted successfully')]' not found)

2019-04-23 12:10:16 - [MESSAGE][FAILED] - Unable to click on object 'Object Repository/Page_KiboPush  Dashboard/div_Bot deleted successfully' (Root cause: com.kms.katalon.core.webui.exception.WebElementNotFoundException: Web element with id: 'Object Repository/Page_KiboPush  Dashboard/div_Bot deleted successfully' located by 'By.xpath: //div[(text() = 'Bot deleted successfully' or . = 'Bot deleted successfully')]' not found)
[[ATTACHMENT|C:\\Users\\cloudkibo\\Desktop\\KiboPush_Automated_Testing\\KiboPush Katalon\\Reports\\smart replies\\20190423_120333\\1556003416188.png]]]]></system-out>
         <system-err><![CDATA[2019-04-23 12:08:50 - [TEST_CASE][FAILED] - Test Cases/Smart Replies/TC0634: Test Cases/Smart Replies/TC0634 FAILED because (of) Unable to click on object 'Object Repository/Page_KiboPush  Dashboard/div_Bot deleted successfully' (Root cause: com.kms.katalon.core.webui.exception.WebElementNotFoundException: Web element with id: 'Object Repository/Page_KiboPush  Dashboard/div_Bot deleted successfully' located by 'By.xpath: //div[(text() = 'Bot deleted successfully' or . = 'Bot deleted successfully')]' not found)]]></system-err>
      </testcase>
      <testcase name="Test Cases/Smart Replies/TC0635" classname="Test Cases/Smart Replies/TC0635" status="PASSED">
         <system-out><![CDATA[2019-04-23 12:10:16 - [TEST_CASE][PASSED] - Test Cases/Smart Replies/TC0635: Test Cases/Smart Replies/TC0635

2019-04-23 12:10:17 - [TEST_STEP][PASSED] - callTestCase: Call Test Case 'Test Cases/Smart Replies/Test-Actions-Button' successfully

2019-04-23 12:10:18 - [TEST_CASE][PASSED] - Test Cases/Smart Replies/Test-Actions-Button: Test Cases/Smart Replies/Test-Actions-Button

2019-04-23 12:10:18 - [TEST_STEP][PASSED] - callTestCase: Call Test Case 'Test Cases/s-sidebar_navigation/individualAccount/Smart Replies' successfully

2019-04-23 12:10:18 - [TEST_CASE][PASSED] - Test Cases/s-sidebar_navigation/individualAccount/Smart Replies: Test Cases/s-sidebar_navigation/individualAccount/Smart Replies

2019-04-23 12:10:18 - [TEST_STEP][PASSED] - click: Object: 'Object Repository/Page_KiboPush  Dashboard/span_Dashboard' is clicked on

2019-04-23 12:10:19 - [MESSAGE][PASSED] - Object: 'Object Repository/Page_KiboPush  Dashboard/span_Dashboard' is clicked on

2019-04-23 12:10:19 - [TEST_STEP][PASSED] - delay: Delayed 2 second(s)

2019-04-23 12:10:21 - [MESSAGE][PASSED] - Delayed 2 second(s)

2019-04-23 12:10:21 - [TEST_STEP][PASSED] - click: Object: 'Object Repository/Page_KiboPush  Dashboard/span_Smart Replies' is clicked on

2019-04-23 12:10:22 - [MESSAGE][PASSED] - Object: 'Object Repository/Page_KiboPush  Dashboard/span_Smart Replies' is clicked on

2019-04-23 12:10:22 - [TEST_STEP][PASSED] - scrollToPosition: Browser is scrolled to position x = 0, y = 0

2019-04-23 12:10:22 - [MESSAGE][PASSED] - Browser is scrolled to position x = 0, y = 0

2019-04-23 12:10:22 - [TEST_STEP][PASSED] - delay: Delayed 2 second(s)

2019-04-23 12:10:24 - [MESSAGE][PASSED] - Delayed 2 second(s)

2019-04-23 12:10:24 - [TEST_STEP][PASSED] - click: Object: 'Object Repository/Page_KiboPush  Dashboard/h3_Manage Bots' is clicked on

2019-04-23 12:10:24 - [MESSAGE][PASSED] - Object: 'Object Repository/Page_KiboPush  Dashboard/h3_Manage Bots' is clicked on

2019-04-23 12:10:24 - [MESSAGE][PASSED] - Call Test Case 'Test Cases/s-sidebar_navigation/individualAccount/Smart Replies' successfully

2019-04-23 12:10:24 - [TEST_STEP][PASSED] - delay: Delayed 3 second(s)

2019-04-23 12:10:27 - [MESSAGE][PASSED] - Delayed 3 second(s)

2019-04-23 12:10:27 - [TEST_STEP][PASSED] - click: Object: 'Object Repository/Page_KiboPush  Dashboard/i_la la-ellipsis-h (1)' is clicked on

2019-04-23 12:10:28 - [MESSAGE][PASSED] - Object: 'Object Repository/Page_KiboPush  Dashboard/i_la la-ellipsis-h (1)' is clicked on

2019-04-23 12:10:28 - [MESSAGE][PASSED] - Call Test Case 'Test Cases/Smart Replies/Test-Actions-Button' successfully

2019-04-23 12:10:28 - [TEST_STEP][PASSED] - delay: Delayed 1 second(s)

2019-04-23 12:10:29 - [MESSAGE][PASSED] - Delayed 1 second(s)

2019-04-23 12:10:29 - [TEST_STEP][PASSED] - click: Object: 'Object Repository/Page_KiboPush  Dashboard/span_Unanswered Queries (1) (1) (1)' is clicked on

2019-04-23 12:10:30 - [MESSAGE][PASSED] - Object: 'Object Repository/Page_KiboPush  Dashboard/span_Unanswered Queries (1) (1) (1)' is clicked on]]></system-out>
         <system-err><![CDATA[]]></system-err>
      </testcase>
      <testcase name="Test Cases/Smart Replies/TC0636" classname="Test Cases/Smart Replies/TC0636" status="PASSED">
         <system-out><![CDATA[2019-04-23 12:10:30 - [TEST_CASE][PASSED] - Test Cases/Smart Replies/TC0636: Test Cases/Smart Replies/TC0636

2019-04-23 12:10:30 - [TEST_STEP][PASSED] - callTestCase: Call Test Case 'Test Cases/Smart Replies/Test-Actions-Button' successfully

2019-04-23 12:10:30 - [TEST_CASE][PASSED] - Test Cases/Smart Replies/Test-Actions-Button: Test Cases/Smart Replies/Test-Actions-Button

2019-04-23 12:10:30 - [TEST_STEP][PASSED] - callTestCase: Call Test Case 'Test Cases/s-sidebar_navigation/individualAccount/Smart Replies' successfully

2019-04-23 12:10:30 - [TEST_CASE][PASSED] - Test Cases/s-sidebar_navigation/individualAccount/Smart Replies: Test Cases/s-sidebar_navigation/individualAccount/Smart Replies

2019-04-23 12:10:30 - [TEST_STEP][PASSED] - click: Object: 'Object Repository/Page_KiboPush  Dashboard/span_Dashboard' is clicked on

2019-04-23 12:10:31 - [MESSAGE][PASSED] - Object: 'Object Repository/Page_KiboPush  Dashboard/span_Dashboard' is clicked on

2019-04-23 12:10:31 - [TEST_STEP][PASSED] - delay: Delayed 2 second(s)

2019-04-23 12:10:33 - [MESSAGE][PASSED] - Delayed 2 second(s)

2019-04-23 12:10:33 - [TEST_STEP][PASSED] - click: Object: 'Object Repository/Page_KiboPush  Dashboard/span_Smart Replies' is clicked on

2019-04-23 12:10:34 - [MESSAGE][PASSED] - Object: 'Object Repository/Page_KiboPush  Dashboard/span_Smart Replies' is clicked on

2019-04-23 12:10:34 - [TEST_STEP][PASSED] - scrollToPosition: Browser is scrolled to position x = 0, y = 0

2019-04-23 12:10:34 - [MESSAGE][PASSED] - Browser is scrolled to position x = 0, y = 0

2019-04-23 12:10:34 - [TEST_STEP][PASSED] - delay: Delayed 2 second(s)

2019-04-23 12:10:36 - [MESSAGE][PASSED] - Delayed 2 second(s)

2019-04-23 12:10:36 - [TEST_STEP][PASSED] - click: Object: 'Object Repository/Page_KiboPush  Dashboard/h3_Manage Bots' is clicked on

2019-04-23 12:10:36 - [MESSAGE][PASSED] - Object: 'Object Repository/Page_KiboPush  Dashboard/h3_Manage Bots' is clicked on

2019-04-23 12:10:36 - [MESSAGE][PASSED] - Call Test Case 'Test Cases/s-sidebar_navigation/individualAccount/Smart Replies' successfully

2019-04-23 12:10:36 - [TEST_STEP][PASSED] - delay: Delayed 3 second(s)

2019-04-23 12:10:39 - [MESSAGE][PASSED] - Delayed 3 second(s)

2019-04-23 12:10:39 - [TEST_STEP][PASSED] - click: Object: 'Object Repository/Page_KiboPush  Dashboard/i_la la-ellipsis-h (1)' is clicked on

2019-04-23 12:10:40 - [MESSAGE][PASSED] - Object: 'Object Repository/Page_KiboPush  Dashboard/i_la la-ellipsis-h (1)' is clicked on

2019-04-23 12:10:40 - [MESSAGE][PASSED] - Call Test Case 'Test Cases/Smart Replies/Test-Actions-Button' successfully

2019-04-23 12:10:40 - [TEST_STEP][PASSED] - delay: Delayed 2 second(s)

2019-04-23 12:10:42 - [MESSAGE][PASSED] - Delayed 2 second(s)

2019-04-23 12:10:42 - [TEST_STEP][PASSED] - click: Object: 'Object Repository/Page_KiboPush  Dashboard/span_Waiting Subscribers (1)' is clicked on

2019-04-23 12:10:42 - [MESSAGE][PASSED] - Object: 'Object Repository/Page_KiboPush  Dashboard/span_Waiting Subscribers (1)' is clicked on

2019-04-23 12:10:42 - [TEST_STEP][PASSED] - scrollToPosition: Browser is scrolled to position x = 0, y = 0

2019-04-23 12:10:42 - [MESSAGE][PASSED] - Browser is scrolled to position x = 0, y = 0

2019-04-23 12:10:42 - [TEST_STEP][PASSED] - click: Object: 'Object Repository/Page_KiboPush  Dashboard/h3_Subscribers waiting for res (1)' is clicked on

2019-04-23 12:10:43 - [MESSAGE][PASSED] - Object: 'Object Repository/Page_KiboPush  Dashboard/h3_Subscribers waiting for res (1)' is clicked on

2019-04-23 12:10:43 - [TEST_STEP][PASSED] - click: Object: 'Object Repository/Page_KiboPush  Dashboard/a_Back (6)' is clicked on

2019-04-23 12:10:43 - [MESSAGE][PASSED] - Object: 'Object Repository/Page_KiboPush  Dashboard/a_Back (6)' is clicked on

2019-04-23 12:10:43 - [TEST_STEP][PASSED] - delay: Delayed 3 second(s)

2019-04-23 12:10:46 - [MESSAGE][PASSED] - Delayed 3 second(s)

2019-04-23 12:10:46 - [TEST_STEP][PASSED] - click: Object: 'Object Repository/Page_KiboPush  Dashboard/i_la la-ellipsis-h (1)' is clicked on

2019-04-23 12:10:47 - [MESSAGE][PASSED] - Object: 'Object Repository/Page_KiboPush  Dashboard/i_la la-ellipsis-h (1)' is clicked on

2019-04-23 12:10:47 - [TEST_STEP][PASSED] - delay: Delayed 1 second(s)

2019-04-23 12:10:48 - [MESSAGE][PASSED] - Delayed 1 second(s)

2019-04-23 12:10:48 - [TEST_STEP][PASSED] - click: Object: 'Object Repository/Page_KiboPush  Dashboard/span_Delete' is clicked on

2019-04-23 12:10:48 - [MESSAGE][PASSED] - Object: 'Object Repository/Page_KiboPush  Dashboard/span_Delete' is clicked on

2019-04-23 12:10:48 - [TEST_STEP][PASSED] - click: Object: 'Object Repository/Page_KiboPush  Dashboard/button_Delete (6)' is clicked on

2019-04-23 12:10:49 - [MESSAGE][PASSED] - Object: 'Object Repository/Page_KiboPush  Dashboard/button_Delete (6)' is clicked on

2019-04-23 12:10:49 - [TEST_STEP][PASSED] - click: Object: 'Object Repository/Page_KiboPush  Dashboard/div_Bot deleted successfully' is clicked on

2019-04-23 12:10:52 - [MESSAGE][PASSED] - Object: 'Object Repository/Page_KiboPush  Dashboard/div_Bot deleted successfully' is clicked on]]></system-out>
         <system-err><![CDATA[]]></system-err>
      </testcase>
      <system-out><![CDATA[2019-04-23 12:03:38 - [TEST_SUITE][ERROR] - smart replies: Test Cases/Smart Replies/TC0629 FAILED because (of) org.codehaus.groovy.control.MultipleCompilationErrorsException: startup failed:
file:/C:/Users/cloudkibo/Desktop/KiboPush_Automated_Testing/KiboPush%20Katalon/Scripts/Smart%20Replies/TC0629/Script1536858683148.groovy: 35: The current scope already contains a variable of the name driver
 @ line 35, column 11.
   WebDriver driver = DriverFactory.getWebDriver()
             ^

1 error]]></system-out>
      <system-err><![CDATA[2019-04-23 12:03:38 - [TEST_SUITE][ERROR] - smart replies: Test Cases/Smart Replies/TC0629 FAILED because (of) org.codehaus.groovy.control.MultipleCompilationErrorsException: startup failed:
file:/C:/Users/cloudkibo/Desktop/KiboPush_Automated_Testing/KiboPush%20Katalon/Scripts/Smart%20Replies/TC0629/Script1536858683148.groovy: 35: The current scope already contains a variable of the name driver
 @ line 35, column 11.
   WebDriver driver = DriverFactory.getWebDriver()
             ^

1 error]]></system-err>
   </testsuite>
</testsuites>
