<?xml version="1.0" encoding="UTF-8"?>
<testsuites name="segmentSubscriber" time="2538" tests="35" failures="6" errors="0">
   <testsuite name="segmentSubscriber" tests="35" failures="6" errors="0" time="2538" timestamp="2019-03-25 15:38:39" hostname="cloudkibo-muzamil - cloudkibomuzamil-Precision-T1700" id="Test Suites/segmentSubscriber">
      <properties>
         <property name="deviceName" value=""/>
         <property name="devicePlatform" value=""/>
         <property name="logFolder" value="/home/cloudkibo-muzamil/Downloads/Test cases/production/KiboPush/Reports/segmentSubscriber/20190325_144206"/>
         <property name="logFiles" value="/home/cloudkibo-muzamil/Downloads/Test cases/production/KiboPush/Reports/segmentSubscriber/20190325_144206/execution0.log"/>
         <property name="attachments" value="/home/cloudkibo-muzamil/Downloads/Test cases/production/KiboPush/Reports/segmentSubscriber/20190325_144206/1553511224913.png, /home/cloudkibo-muzamil/Downloads/Test cases/production/KiboPush/Reports/segmentSubscriber/20190325_144206/1553511348862.png, /home/cloudkibo-muzamil/Downloads/Test cases/production/KiboPush/Reports/segmentSubscriber/20190325_144206/1553511669445.png, /home/cloudkibo-muzamil/Downloads/Test cases/production/KiboPush/Reports/segmentSubscriber/20190325_144206/1553512395976.png, /home/cloudkibo-muzamil/Downloads/Test cases/production/KiboPush/Reports/segmentSubscriber/20190325_144206/1553512754876.png"/>
         <property name="hostName" value="cloudkibo-muzamil - cloudkibomuzamil-Precision-T1700"/>
         <property name="os" value="Linux 64bit"/>
         <property name="katalonVersion" value="6.0.6.4"/>
         <property name="browser" value="Chrome 73.0.3683.86"/>
         <property name="hostAddress" value="127.0.1.1"/>
         <property name="sessionId" value="00de41784f7c49d1faeda6f4d7a87b4b"/>
         <property name="seleniumVersion" value="3.7.1"/>
         <property name="proxyInformation" value="ProxyInformation{proxyOption=NO_PROXY, proxyServerType=HTTP, password=, proxyServerAddress=, proxyServerPort=0}"/>
         <property name="platform" value="Linux"/>
      </properties>
      <testcase name="Test Cases/Segment subscribers/TC0706" classname="Test Cases/Segment subscribers/TC0706" status="PASSED">
         <system-out><![CDATA[2019-03-25 15:38:40 - [TEST_CASE][PASSED] - Test Cases/Segment subscribers/TC0706: Test Cases/Segment subscribers/TC0706

2019-03-25 15:38:40 - [TEST_STEP][PASSED] - callTestCase(findTestCase("s-sidebar_navigation/individualAccount/Segment subsciber"), [:], STOP_ON_FAILURE): Call Test Case 'Test Cases/s-sidebar_navigation/individualAccount/Segment subsciber' successfully

2019-03-25 15:38:40 - [TEST_CASE][PASSED] - Test Cases/s-sidebar_navigation/individualAccount/Segment subsciber: Test Cases/s-sidebar_navigation/individualAccount/Segment subsciber

2019-03-25 15:38:40 - [TEST_STEP][PASSED] - callTestCase(findTestCase("s-sidebar_navigation/individualAccount/Login-KiboEngage"), [:], STOP_ON_FAILURE): Call Test Case 'Test Cases/s-sidebar_navigation/individualAccount/Login-KiboEngage' successfully

2019-03-25 15:38:40 - [TEST_CASE][PASSED] - Test Cases/s-sidebar_navigation/individualAccount/Login-KiboEngage: Test Cases/s-sidebar_navigation/individualAccount/Login-KiboEngage

2019-03-25 15:38:41 - [TEST_STEP][PASSED] - openBrowser(""): Browser is opened with url: ''

2019-03-25 15:38:41 - [MESSAGE][INFO] - Starting 'Chrome' driver

2019-03-25 15:38:41 - [MESSAGE][INFO] - Action delay is set to 0 seconds

2019-03-25 15:38:44 - [MESSAGE][PASSED] - Browser is opened with url: ''

2019-03-25 15:38:44 - [TEST_STEP][PASSED] - maximizeWindow(): Current window maximized

2019-03-25 15:38:44 - [MESSAGE][PASSED] - Current window maximized

2019-03-25 15:38:44 - [TEST_STEP][PASSED] - navigateToUrl("https://kiboengage.cloudkibo.com/"): Navigate to 'https://kiboengage.cloudkibo.com/' successfully

2019-03-25 15:38:56 - [MESSAGE][PASSED] - Navigate to 'https://kiboengage.cloudkibo.com/' successfully

2019-03-25 15:38:56 - [TEST_STEP][PASSED] - navigateToUrl("https://accounts.cloudkibo.com/?continue=https://kiboengage.cloudkibo.com"): Navigate to 'https://accounts.cloudkibo.com/?continue=https://kiboengage.cloudkibo.com' successfully

2019-03-25 15:38:56 - [MESSAGE][PASSED] - Navigate to 'https://accounts.cloudkibo.com/?continue=https://kiboengage.cloudkibo.com' successfully

2019-03-25 15:38:56 - [TEST_STEP][PASSED] - click(findTestObject("Page_KiboPush/a_Login (9) (1)")): Object: 'Object Repository/Page_KiboPush/a_Login (9) (1)' is clicked on

2019-03-25 15:38:57 - [MESSAGE][PASSED] - Object: 'Object Repository/Page_KiboPush/a_Login (9) (1)' is clicked on

2019-03-25 15:38:57 - [TEST_STEP][PASSED] - setText(findTestObject("Page_KiboPush/input_email (10) (1)"), "individual@cloudkibo.com"): Text 'individual@cloudkibo.com' is set on object 'Object Repository/Page_KiboPush/input_email (10) (1)'

2019-03-25 15:38:57 - [MESSAGE][PASSED] - Text 'individual@cloudkibo.com' is set on object 'Object Repository/Page_KiboPush/input_email (10) (1)'

2019-03-25 15:38:57 - [TEST_STEP][PASSED] - setEncryptedText(findTestObject("Page_KiboPush/input_password (9) (1)"), "RigbBhfdqOBGNlJIWM1ClA=="): Text ****** has been set on object 'Object Repository/Page_KiboPush/input_password (9) (1)'

2019-03-25 15:38:57 - [MESSAGE][PASSED] - Text ****** has been set on object 'Object Repository/Page_KiboPush/input_password (9) (1)'

2019-03-25 15:38:57 - [TEST_STEP][PASSED] - click(findTestObject("Page_KiboPush/button_Sign In (10) (1)")): Object: 'Object Repository/Page_KiboPush/button_Sign In (10) (1)' is clicked on

2019-03-25 15:38:58 - [MESSAGE][PASSED] - Object: 'Object Repository/Page_KiboPush/button_Sign In (10) (1)' is clicked on

2019-03-25 15:38:58 - [TEST_STEP][PASSED] - navigateToUrl("https://kiboengage.cloudkibo.com/dashboard"): Navigate to 'https://kiboengage.cloudkibo.com/dashboard' successfully

2019-03-25 15:39:11 - [MESSAGE][PASSED] - Navigate to 'https://kiboengage.cloudkibo.com/dashboard' successfully

2019-03-25 15:39:11 - [TEST_STEP][PASSED] - click(findTestObject("Object Repository/Page_KiboPush  Dashboard/h3_Dashboard (57)")): Object: 'Object Repository/Page_KiboPush  Dashboard/h3_Dashboard (57)' is clicked on

2019-03-25 15:39:12 - [MESSAGE][PASSED] - Object: 'Object Repository/Page_KiboPush  Dashboard/h3_Dashboard (57)' is clicked on

2019-03-25 15:39:12 - [TEST_STEP][PASSED] - delay(3): Delayed 3 second(s)

2019-03-25 15:39:15 - [MESSAGE][PASSED] - Delayed 3 second(s)

2019-03-25 15:39:15 - [MESSAGE][PASSED] - Call Test Case 'Test Cases/s-sidebar_navigation/individualAccount/Login-KiboEngage' successfully

2019-03-25 15:39:15 - [TEST_STEP][PASSED] - click(findTestObject("Page_KiboPush  Dashboard/span_Broadcasting")): Object: 'Object Repository/Page_KiboPush  Dashboard/span_Broadcasting' is clicked on

2019-03-25 15:39:15 - [MESSAGE][PASSED] - Object: 'Object Repository/Page_KiboPush  Dashboard/span_Broadcasting' is clicked on

2019-03-25 15:39:15 - [TEST_STEP][PASSED] - delay(1): Delayed 1 second(s)

2019-03-25 15:39:16 - [MESSAGE][PASSED] - Delayed 1 second(s)

2019-03-25 15:39:16 - [TEST_STEP][PASSED] - click(findTestObject("Page_KiboPush  Dashboard/span_Segment Subscribers")): Object: 'Object Repository/Page_KiboPush  Dashboard/span_Segment Subscribers' is clicked on

2019-03-25 15:39:16 - [MESSAGE][PASSED] - Object: 'Object Repository/Page_KiboPush  Dashboard/span_Segment Subscribers' is clicked on

2019-03-25 15:39:16 - [TEST_STEP][PASSED] - click(findTestObject("Page_KiboPush  Dashboard/h3_Subscribers Segmentation Li")): Object: 'Object Repository/Page_KiboPush  Dashboard/h3_Subscribers Segmentation Li' is clicked on

2019-03-25 15:39:16 - [MESSAGE][PASSED] - Object: 'Object Repository/Page_KiboPush  Dashboard/h3_Subscribers Segmentation Li' is clicked on

2019-03-25 15:39:16 - [TEST_STEP][PASSED] - delay(1): Delayed 1 second(s)

2019-03-25 15:39:17 - [MESSAGE][PASSED] - Delayed 1 second(s)

2019-03-25 15:39:17 - [MESSAGE][PASSED] - Call Test Case 'Test Cases/s-sidebar_navigation/individualAccount/Segment subsciber' successfully

2019-03-25 15:39:17 - [TEST_STEP][PASSED] - delay(2): Delayed 2 second(s)

2019-03-25 15:39:19 - [MESSAGE][PASSED] - Delayed 2 second(s)

2019-03-25 15:39:19 - [TEST_STEP][PASSED] - click(findTestObject("Object Repository/Page_KiboEngage  Segmented Lists/a_Click Here")): Object: 'Object Repository/Page_KiboEngage  Segmented Lists/a_Click Here' is clicked on

2019-03-25 15:39:19 - [MESSAGE][PASSED] - Object: 'Object Repository/Page_KiboEngage  Segmented Lists/a_Click Here' is clicked on

2019-03-25 15:39:19 - [TEST_STEP][PASSED] - switchToWindowTitle("Segmented Subscribers – The Marketing Newsletter"): Switched to window with title: 'Segmented Subscribers – The Marketing Newsletter'

2019-03-25 15:39:31 - [MESSAGE][PASSED] - Switched to window with title: 'Segmented Subscribers – The Marketing Newsletter'

2019-03-25 15:39:31 - [TEST_STEP][PASSED] - delay(2): Delayed 2 second(s)

2019-03-25 15:39:33 - [MESSAGE][PASSED] - Delayed 2 second(s)

2019-03-25 15:39:33 - [TEST_STEP][PASSED] - click(findTestObject("Object Repository/Page_Segmented Subscribers  The Marketing Newsletter/h2_User Guide")): Object: 'Object Repository/Page_Segmented Subscribers  The Marketing Newsletter/h2_User Guide' is clicked on

2019-03-25 15:39:33 - [MESSAGE][PASSED] - Object: 'Object Repository/Page_Segmented Subscribers  The Marketing Newsletter/h2_User Guide' is clicked on

2019-03-25 15:39:33 - [TEST_STEP][PASSED] - click(findTestObject("Object Repository/Page_Segmented Subscribers  The Marketing Newsletter/h2_Segmented Subscribers")): Object: 'Object Repository/Page_Segmented Subscribers  The Marketing Newsletter/h2_Segmented Subscribers' is clicked on

2019-03-25 15:39:33 - [MESSAGE][PASSED] - Object: 'Object Repository/Page_Segmented Subscribers  The Marketing Newsletter/h2_Segmented Subscribers' is clicked on]]></system-out>
         <system-err><![CDATA[]]></system-err>
      </testcase>
      <testcase name="Test Cases/Segment subscribers/TC0707" classname="Test Cases/Segment subscribers/TC0707" status="PASSED">
         <system-out><![CDATA[2019-03-25 15:39:33 - [TEST_CASE][PASSED] - Test Cases/Segment subscribers/TC0707: Test Cases/Segment subscribers/TC0707

2019-03-25 15:39:33 - [TEST_STEP][PASSED] - callTestCase(findTestCase("s-sidebar_navigation/individualAccount/Segment subsciber"), [:], STOP_ON_FAILURE): Call Test Case 'Test Cases/s-sidebar_navigation/individualAccount/Segment subsciber' successfully

2019-03-25 15:39:33 - [TEST_CASE][PASSED] - Test Cases/s-sidebar_navigation/individualAccount/Segment subsciber: Test Cases/s-sidebar_navigation/individualAccount/Segment subsciber

2019-03-25 15:39:33 - [TEST_STEP][PASSED] - callTestCase(findTestCase("s-sidebar_navigation/individualAccount/Login-KiboEngage"), [:], STOP_ON_FAILURE): Call Test Case 'Test Cases/s-sidebar_navigation/individualAccount/Login-KiboEngage' successfully

2019-03-25 15:39:33 - [TEST_CASE][PASSED] - Test Cases/s-sidebar_navigation/individualAccount/Login-KiboEngage: Test Cases/s-sidebar_navigation/individualAccount/Login-KiboEngage

2019-03-25 15:39:33 - [TEST_STEP][PASSED] - openBrowser(""): Browser is opened with url: ''

2019-03-25 15:39:33 - [MESSAGE][WARNING] - A browser is already opened. Closing browser and opening a new one

2019-03-25 15:39:34 - [MESSAGE][INFO] - Starting 'Chrome' driver

2019-03-25 15:39:34 - [MESSAGE][PASSED] - Browser is opened with url: ''

2019-03-25 15:39:34 - [TEST_STEP][PASSED] - maximizeWindow(): Current window maximized

2019-03-25 15:39:34 - [MESSAGE][PASSED] - Current window maximized

2019-03-25 15:39:34 - [TEST_STEP][PASSED] - navigateToUrl("https://kiboengage.cloudkibo.com/"): Navigate to 'https://kiboengage.cloudkibo.com/' successfully

2019-03-25 15:39:46 - [MESSAGE][PASSED] - Navigate to 'https://kiboengage.cloudkibo.com/' successfully

2019-03-25 15:39:46 - [TEST_STEP][PASSED] - navigateToUrl("https://accounts.cloudkibo.com/?continue=https://kiboengage.cloudkibo.com"): Navigate to 'https://accounts.cloudkibo.com/?continue=https://kiboengage.cloudkibo.com' successfully

2019-03-25 15:39:46 - [MESSAGE][PASSED] - Navigate to 'https://accounts.cloudkibo.com/?continue=https://kiboengage.cloudkibo.com' successfully

2019-03-25 15:39:46 - [TEST_STEP][PASSED] - click(findTestObject("Page_KiboPush/a_Login (9) (1)")): Object: 'Object Repository/Page_KiboPush/a_Login (9) (1)' is clicked on

2019-03-25 15:39:47 - [MESSAGE][PASSED] - Object: 'Object Repository/Page_KiboPush/a_Login (9) (1)' is clicked on

2019-03-25 15:39:47 - [TEST_STEP][PASSED] - setText(findTestObject("Page_KiboPush/input_email (10) (1)"), "individual@cloudkibo.com"): Text 'individual@cloudkibo.com' is set on object 'Object Repository/Page_KiboPush/input_email (10) (1)'

2019-03-25 15:39:47 - [MESSAGE][PASSED] - Text 'individual@cloudkibo.com' is set on object 'Object Repository/Page_KiboPush/input_email (10) (1)'

2019-03-25 15:39:47 - [TEST_STEP][PASSED] - setEncryptedText(findTestObject("Page_KiboPush/input_password (9) (1)"), "RigbBhfdqOBGNlJIWM1ClA=="): Text ****** has been set on object 'Object Repository/Page_KiboPush/input_password (9) (1)'

2019-03-25 15:39:47 - [MESSAGE][PASSED] - Text ****** has been set on object 'Object Repository/Page_KiboPush/input_password (9) (1)'

2019-03-25 15:39:47 - [TEST_STEP][PASSED] - click(findTestObject("Page_KiboPush/button_Sign In (10) (1)")): Object: 'Object Repository/Page_KiboPush/button_Sign In (10) (1)' is clicked on

2019-03-25 15:39:47 - [MESSAGE][PASSED] - Object: 'Object Repository/Page_KiboPush/button_Sign In (10) (1)' is clicked on

2019-03-25 15:39:47 - [TEST_STEP][PASSED] - navigateToUrl("https://kiboengage.cloudkibo.com/dashboard"): Navigate to 'https://kiboengage.cloudkibo.com/dashboard' successfully

2019-03-25 15:40:06 - [MESSAGE][PASSED] - Navigate to 'https://kiboengage.cloudkibo.com/dashboard' successfully

2019-03-25 15:40:06 - [TEST_STEP][PASSED] - click(findTestObject("Object Repository/Page_KiboPush  Dashboard/h3_Dashboard (57)")): Object: 'Object Repository/Page_KiboPush  Dashboard/h3_Dashboard (57)' is clicked on

2019-03-25 15:40:07 - [MESSAGE][PASSED] - Object: 'Object Repository/Page_KiboPush  Dashboard/h3_Dashboard (57)' is clicked on

2019-03-25 15:40:07 - [TEST_STEP][PASSED] - delay(3): Delayed 3 second(s)

2019-03-25 15:40:10 - [MESSAGE][PASSED] - Delayed 3 second(s)

2019-03-25 15:40:10 - [MESSAGE][PASSED] - Call Test Case 'Test Cases/s-sidebar_navigation/individualAccount/Login-KiboEngage' successfully

2019-03-25 15:40:10 - [TEST_STEP][PASSED] - click(findTestObject("Page_KiboPush  Dashboard/span_Broadcasting")): Object: 'Object Repository/Page_KiboPush  Dashboard/span_Broadcasting' is clicked on

2019-03-25 15:40:10 - [MESSAGE][PASSED] - Object: 'Object Repository/Page_KiboPush  Dashboard/span_Broadcasting' is clicked on

2019-03-25 15:40:10 - [TEST_STEP][PASSED] - delay(1): Delayed 1 second(s)

2019-03-25 15:40:11 - [MESSAGE][PASSED] - Delayed 1 second(s)

2019-03-25 15:40:11 - [TEST_STEP][PASSED] - click(findTestObject("Page_KiboPush  Dashboard/span_Segment Subscribers")): Object: 'Object Repository/Page_KiboPush  Dashboard/span_Segment Subscribers' is clicked on

2019-03-25 15:40:11 - [MESSAGE][PASSED] - Object: 'Object Repository/Page_KiboPush  Dashboard/span_Segment Subscribers' is clicked on

2019-03-25 15:40:11 - [TEST_STEP][PASSED] - click(findTestObject("Page_KiboPush  Dashboard/h3_Subscribers Segmentation Li")): Object: 'Object Repository/Page_KiboPush  Dashboard/h3_Subscribers Segmentation Li' is clicked on

2019-03-25 15:40:11 - [MESSAGE][PASSED] - Object: 'Object Repository/Page_KiboPush  Dashboard/h3_Subscribers Segmentation Li' is clicked on

2019-03-25 15:40:11 - [TEST_STEP][PASSED] - delay(1): Delayed 1 second(s)

2019-03-25 15:40:12 - [MESSAGE][PASSED] - Delayed 1 second(s)

2019-03-25 15:40:12 - [MESSAGE][PASSED] - Call Test Case 'Test Cases/s-sidebar_navigation/individualAccount/Segment subsciber' successfully

2019-03-25 15:40:12 - [TEST_STEP][PASSED] - delay(2): Delayed 2 second(s)

2019-03-25 15:40:14 - [MESSAGE][PASSED] - Delayed 2 second(s)

2019-03-25 15:40:14 - [TEST_STEP][PASSED] - click(findTestObject("Object Repository/Page_KiboEngage  Segmented Lists/a_video tutorial")): Object: 'Object Repository/Page_KiboEngage  Segmented Lists/a_video tutorial' is clicked on

2019-03-25 15:40:14 - [MESSAGE][PASSED] - Object: 'Object Repository/Page_KiboEngage  Segmented Lists/a_video tutorial' is clicked on

2019-03-25 15:40:14 - [TEST_STEP][PASSED] - delay(2): Delayed 2 second(s)

2019-03-25 15:40:16 - [MESSAGE][PASSED] - Delayed 2 second(s)]]></system-out>
         <system-err><![CDATA[]]></system-err>
      </testcase>
      <testcase name="Test Cases/Segment subscribers/TC0708" classname="Test Cases/Segment subscribers/TC0708" status="PASSED">
         <system-out><![CDATA[2019-03-25 15:40:16 - [TEST_CASE][PASSED] - Test Cases/Segment subscribers/TC0708: Test Cases/Segment subscribers/TC0708

2019-03-25 15:40:17 - [TEST_STEP][PASSED] - callTestCase(findTestCase("s-sidebar_navigation/individualAccount/Segment subsciber"), [:], STOP_ON_FAILURE): Call Test Case 'Test Cases/s-sidebar_navigation/individualAccount/Segment subsciber' successfully

2019-03-25 15:40:17 - [TEST_CASE][PASSED] - Test Cases/s-sidebar_navigation/individualAccount/Segment subsciber: Test Cases/s-sidebar_navigation/individualAccount/Segment subsciber

2019-03-25 15:40:17 - [TEST_STEP][PASSED] - callTestCase(findTestCase("s-sidebar_navigation/individualAccount/Login-KiboEngage"), [:], STOP_ON_FAILURE): Call Test Case 'Test Cases/s-sidebar_navigation/individualAccount/Login-KiboEngage' successfully

2019-03-25 15:40:17 - [TEST_CASE][PASSED] - Test Cases/s-sidebar_navigation/individualAccount/Login-KiboEngage: Test Cases/s-sidebar_navigation/individualAccount/Login-KiboEngage

2019-03-25 15:40:17 - [TEST_STEP][PASSED] - openBrowser(""): Browser is opened with url: ''

2019-03-25 15:40:17 - [MESSAGE][WARNING] - A browser is already opened. Closing browser and opening a new one

2019-03-25 15:40:17 - [MESSAGE][INFO] - Starting 'Chrome' driver

2019-03-25 15:40:18 - [MESSAGE][PASSED] - Browser is opened with url: ''

2019-03-25 15:40:18 - [TEST_STEP][PASSED] - maximizeWindow(): Current window maximized

2019-03-25 15:40:18 - [MESSAGE][PASSED] - Current window maximized

2019-03-25 15:40:18 - [TEST_STEP][PASSED] - navigateToUrl("https://kiboengage.cloudkibo.com/"): Navigate to 'https://kiboengage.cloudkibo.com/' successfully

2019-03-25 15:40:27 - [MESSAGE][PASSED] - Navigate to 'https://kiboengage.cloudkibo.com/' successfully

2019-03-25 15:40:27 - [TEST_STEP][PASSED] - navigateToUrl("https://accounts.cloudkibo.com/?continue=https://kiboengage.cloudkibo.com"): Navigate to 'https://accounts.cloudkibo.com/?continue=https://kiboengage.cloudkibo.com' successfully

2019-03-25 15:40:28 - [MESSAGE][PASSED] - Navigate to 'https://accounts.cloudkibo.com/?continue=https://kiboengage.cloudkibo.com' successfully

2019-03-25 15:40:28 - [TEST_STEP][PASSED] - click(findTestObject("Page_KiboPush/a_Login (9) (1)")): Object: 'Object Repository/Page_KiboPush/a_Login (9) (1)' is clicked on

2019-03-25 15:40:29 - [MESSAGE][PASSED] - Object: 'Object Repository/Page_KiboPush/a_Login (9) (1)' is clicked on

2019-03-25 15:40:29 - [TEST_STEP][PASSED] - setText(findTestObject("Page_KiboPush/input_email (10) (1)"), "individual@cloudkibo.com"): Text 'individual@cloudkibo.com' is set on object 'Object Repository/Page_KiboPush/input_email (10) (1)'

2019-03-25 15:40:29 - [MESSAGE][PASSED] - Text 'individual@cloudkibo.com' is set on object 'Object Repository/Page_KiboPush/input_email (10) (1)'

2019-03-25 15:40:29 - [TEST_STEP][PASSED] - setEncryptedText(findTestObject("Page_KiboPush/input_password (9) (1)"), "RigbBhfdqOBGNlJIWM1ClA=="): Text ****** has been set on object 'Object Repository/Page_KiboPush/input_password (9) (1)'

2019-03-25 15:40:30 - [MESSAGE][PASSED] - Text ****** has been set on object 'Object Repository/Page_KiboPush/input_password (9) (1)'

2019-03-25 15:40:30 - [TEST_STEP][PASSED] - click(findTestObject("Page_KiboPush/button_Sign In (10) (1)")): Object: 'Object Repository/Page_KiboPush/button_Sign In (10) (1)' is clicked on

2019-03-25 15:40:30 - [MESSAGE][PASSED] - Object: 'Object Repository/Page_KiboPush/button_Sign In (10) (1)' is clicked on

2019-03-25 15:40:30 - [TEST_STEP][PASSED] - navigateToUrl("https://kiboengage.cloudkibo.com/dashboard"): Navigate to 'https://kiboengage.cloudkibo.com/dashboard' successfully

2019-03-25 15:40:44 - [MESSAGE][PASSED] - Navigate to 'https://kiboengage.cloudkibo.com/dashboard' successfully

2019-03-25 15:40:44 - [TEST_STEP][PASSED] - click(findTestObject("Object Repository/Page_KiboPush  Dashboard/h3_Dashboard (57)")): Object: 'Object Repository/Page_KiboPush  Dashboard/h3_Dashboard (57)' is clicked on

2019-03-25 15:40:44 - [MESSAGE][PASSED] - Object: 'Object Repository/Page_KiboPush  Dashboard/h3_Dashboard (57)' is clicked on

2019-03-25 15:40:44 - [TEST_STEP][PASSED] - delay(3): Delayed 3 second(s)

2019-03-25 15:40:47 - [MESSAGE][PASSED] - Delayed 3 second(s)

2019-03-25 15:40:47 - [MESSAGE][PASSED] - Call Test Case 'Test Cases/s-sidebar_navigation/individualAccount/Login-KiboEngage' successfully

2019-03-25 15:40:47 - [TEST_STEP][PASSED] - click(findTestObject("Page_KiboPush  Dashboard/span_Broadcasting")): Object: 'Object Repository/Page_KiboPush  Dashboard/span_Broadcasting' is clicked on

2019-03-25 15:40:48 - [MESSAGE][PASSED] - Object: 'Object Repository/Page_KiboPush  Dashboard/span_Broadcasting' is clicked on

2019-03-25 15:40:48 - [TEST_STEP][PASSED] - delay(1): Delayed 1 second(s)

2019-03-25 15:40:49 - [MESSAGE][PASSED] - Delayed 1 second(s)

2019-03-25 15:40:49 - [TEST_STEP][PASSED] - click(findTestObject("Page_KiboPush  Dashboard/span_Segment Subscribers")): Object: 'Object Repository/Page_KiboPush  Dashboard/span_Segment Subscribers' is clicked on

2019-03-25 15:40:49 - [MESSAGE][PASSED] - Object: 'Object Repository/Page_KiboPush  Dashboard/span_Segment Subscribers' is clicked on

2019-03-25 15:40:49 - [TEST_STEP][PASSED] - click(findTestObject("Page_KiboPush  Dashboard/h3_Subscribers Segmentation Li")): Object: 'Object Repository/Page_KiboPush  Dashboard/h3_Subscribers Segmentation Li' is clicked on

2019-03-25 15:40:49 - [MESSAGE][PASSED] - Object: 'Object Repository/Page_KiboPush  Dashboard/h3_Subscribers Segmentation Li' is clicked on

2019-03-25 15:40:49 - [TEST_STEP][PASSED] - delay(1): Delayed 1 second(s)

2019-03-25 15:40:50 - [MESSAGE][PASSED] - Delayed 1 second(s)

2019-03-25 15:40:50 - [MESSAGE][PASSED] - Call Test Case 'Test Cases/s-sidebar_navigation/individualAccount/Segment subsciber' successfully

2019-03-25 15:40:50 - [TEST_STEP][PASSED] - delay(2): Delayed 2 second(s)

2019-03-25 15:40:52 - [MESSAGE][PASSED] - Delayed 2 second(s)

2019-03-25 15:40:52 - [TEST_STEP][PASSED] - driver = getWebDriver(): null

2019-03-25 15:40:52 - [TEST_STEP][PASSED] - rows_table = driver.findElements(By.xpath("//table/tbody/tr")): null

2019-03-25 15:40:52 - [TEST_STEP][PASSED] - println(rows_table.size()): null

2019-03-25 15:40:52 - [TEST_STEP][PASSED] - verifyGreaterThanOrEqual(rows_table.size(), 1): Actual number '10' is greater than or equal to expected number '1'

2019-03-25 15:40:52 - [MESSAGE][PASSED] - Actual number '10' is greater than or equal to expected number '1']]></system-out>
         <system-err><![CDATA[]]></system-err>
      </testcase>
      <testcase name="Test Cases/Segment subscribers/TC0709" classname="Test Cases/Segment subscribers/TC0709" status="PASSED">
         <system-out><![CDATA[2019-03-25 15:40:52 - [TEST_CASE][PASSED] - Test Cases/Segment subscribers/TC0709: Test Cases/Segment subscribers/TC0709

2019-03-25 15:40:52 - [TEST_STEP][PASSED] - callTestCase(findTestCase("s-sidebar_navigation/individualAccount/Segment subsciber"), [:], STOP_ON_FAILURE): Call Test Case 'Test Cases/s-sidebar_navigation/individualAccount/Segment subsciber' successfully

2019-03-25 15:40:52 - [TEST_CASE][PASSED] - Test Cases/s-sidebar_navigation/individualAccount/Segment subsciber: Test Cases/s-sidebar_navigation/individualAccount/Segment subsciber

2019-03-25 15:40:52 - [TEST_STEP][PASSED] - callTestCase(findTestCase("s-sidebar_navigation/individualAccount/Login-KiboEngage"), [:], STOP_ON_FAILURE): Call Test Case 'Test Cases/s-sidebar_navigation/individualAccount/Login-KiboEngage' successfully

2019-03-25 15:40:52 - [TEST_CASE][PASSED] - Test Cases/s-sidebar_navigation/individualAccount/Login-KiboEngage: Test Cases/s-sidebar_navigation/individualAccount/Login-KiboEngage

2019-03-25 15:40:53 - [TEST_STEP][PASSED] - openBrowser(""): Browser is opened with url: ''

2019-03-25 15:40:53 - [MESSAGE][WARNING] - A browser is already opened. Closing browser and opening a new one

2019-03-25 15:40:53 - [MESSAGE][INFO] - Starting 'Chrome' driver

2019-03-25 15:40:53 - [MESSAGE][PASSED] - Browser is opened with url: ''

2019-03-25 15:40:53 - [TEST_STEP][PASSED] - maximizeWindow(): Current window maximized

2019-03-25 15:40:53 - [MESSAGE][PASSED] - Current window maximized

2019-03-25 15:40:53 - [TEST_STEP][PASSED] - navigateToUrl("https://kiboengage.cloudkibo.com/"): Navigate to 'https://kiboengage.cloudkibo.com/' successfully

2019-03-25 15:41:07 - [MESSAGE][PASSED] - Navigate to 'https://kiboengage.cloudkibo.com/' successfully

2019-03-25 15:41:07 - [TEST_STEP][PASSED] - navigateToUrl("https://accounts.cloudkibo.com/?continue=https://kiboengage.cloudkibo.com"): Navigate to 'https://accounts.cloudkibo.com/?continue=https://kiboengage.cloudkibo.com' successfully

2019-03-25 15:41:07 - [MESSAGE][PASSED] - Navigate to 'https://accounts.cloudkibo.com/?continue=https://kiboengage.cloudkibo.com' successfully

2019-03-25 15:41:07 - [TEST_STEP][PASSED] - click(findTestObject("Page_KiboPush/a_Login (9) (1)")): Object: 'Object Repository/Page_KiboPush/a_Login (9) (1)' is clicked on

2019-03-25 15:41:08 - [MESSAGE][PASSED] - Object: 'Object Repository/Page_KiboPush/a_Login (9) (1)' is clicked on

2019-03-25 15:41:08 - [TEST_STEP][PASSED] - setText(findTestObject("Page_KiboPush/input_email (10) (1)"), "individual@cloudkibo.com"): Text 'individual@cloudkibo.com' is set on object 'Object Repository/Page_KiboPush/input_email (10) (1)'

2019-03-25 15:41:08 - [MESSAGE][PASSED] - Text 'individual@cloudkibo.com' is set on object 'Object Repository/Page_KiboPush/input_email (10) (1)'

2019-03-25 15:41:08 - [TEST_STEP][PASSED] - setEncryptedText(findTestObject("Page_KiboPush/input_password (9) (1)"), "RigbBhfdqOBGNlJIWM1ClA=="): Text ****** has been set on object 'Object Repository/Page_KiboPush/input_password (9) (1)'

2019-03-25 15:41:09 - [MESSAGE][PASSED] - Text ****** has been set on object 'Object Repository/Page_KiboPush/input_password (9) (1)'

2019-03-25 15:41:09 - [TEST_STEP][PASSED] - click(findTestObject("Page_KiboPush/button_Sign In (10) (1)")): Object: 'Object Repository/Page_KiboPush/button_Sign In (10) (1)' is clicked on

2019-03-25 15:41:09 - [MESSAGE][PASSED] - Object: 'Object Repository/Page_KiboPush/button_Sign In (10) (1)' is clicked on

2019-03-25 15:41:09 - [TEST_STEP][PASSED] - navigateToUrl("https://kiboengage.cloudkibo.com/dashboard"): Navigate to 'https://kiboengage.cloudkibo.com/dashboard' successfully

2019-03-25 15:41:32 - [MESSAGE][PASSED] - Navigate to 'https://kiboengage.cloudkibo.com/dashboard' successfully

2019-03-25 15:41:32 - [TEST_STEP][PASSED] - click(findTestObject("Object Repository/Page_KiboPush  Dashboard/h3_Dashboard (57)")): Object: 'Object Repository/Page_KiboPush  Dashboard/h3_Dashboard (57)' is clicked on

2019-03-25 15:41:32 - [MESSAGE][PASSED] - Object: 'Object Repository/Page_KiboPush  Dashboard/h3_Dashboard (57)' is clicked on

2019-03-25 15:41:32 - [TEST_STEP][PASSED] - delay(3): Delayed 3 second(s)

2019-03-25 15:41:35 - [MESSAGE][PASSED] - Delayed 3 second(s)

2019-03-25 15:41:35 - [MESSAGE][PASSED] - Call Test Case 'Test Cases/s-sidebar_navigation/individualAccount/Login-KiboEngage' successfully

2019-03-25 15:41:35 - [TEST_STEP][PASSED] - click(findTestObject("Page_KiboPush  Dashboard/span_Broadcasting")): Object: 'Object Repository/Page_KiboPush  Dashboard/span_Broadcasting' is clicked on

2019-03-25 15:41:35 - [MESSAGE][PASSED] - Object: 'Object Repository/Page_KiboPush  Dashboard/span_Broadcasting' is clicked on

2019-03-25 15:41:36 - [TEST_STEP][PASSED] - delay(1): Delayed 1 second(s)

2019-03-25 15:41:37 - [MESSAGE][PASSED] - Delayed 1 second(s)

2019-03-25 15:41:37 - [TEST_STEP][PASSED] - click(findTestObject("Page_KiboPush  Dashboard/span_Segment Subscribers")): Object: 'Object Repository/Page_KiboPush  Dashboard/span_Segment Subscribers' is clicked on

2019-03-25 15:41:37 - [MESSAGE][PASSED] - Object: 'Object Repository/Page_KiboPush  Dashboard/span_Segment Subscribers' is clicked on

2019-03-25 15:41:37 - [TEST_STEP][PASSED] - click(findTestObject("Page_KiboPush  Dashboard/h3_Subscribers Segmentation Li")): Object: 'Object Repository/Page_KiboPush  Dashboard/h3_Subscribers Segmentation Li' is clicked on

2019-03-25 15:41:37 - [MESSAGE][PASSED] - Object: 'Object Repository/Page_KiboPush  Dashboard/h3_Subscribers Segmentation Li' is clicked on

2019-03-25 15:41:37 - [TEST_STEP][PASSED] - delay(1): Delayed 1 second(s)

2019-03-25 15:41:38 - [MESSAGE][PASSED] - Delayed 1 second(s)

2019-03-25 15:41:38 - [MESSAGE][PASSED] - Call Test Case 'Test Cases/s-sidebar_navigation/individualAccount/Segment subsciber' successfully

2019-03-25 15:41:38 - [TEST_STEP][PASSED] - delay(2): Delayed 2 second(s)

2019-03-25 15:41:40 - [MESSAGE][PASSED] - Delayed 2 second(s)

2019-03-25 15:41:40 - [TEST_STEP][PASSED] - click(findTestObject("Page_KiboPush  Dashboard/a_next")): Object: 'Object Repository/Page_KiboPush  Dashboard/a_next' is clicked on

2019-03-25 15:41:40 - [MESSAGE][PASSED] - Object: 'Object Repository/Page_KiboPush  Dashboard/a_next' is clicked on

2019-03-25 15:41:40 - [TEST_STEP][PASSED] - delay(2): Delayed 2 second(s)

2019-03-25 15:41:42 - [MESSAGE][PASSED] - Delayed 2 second(s)

2019-03-25 15:41:42 - [TEST_STEP][PASSED] - driver = getWebDriver(): null

2019-03-25 15:41:42 - [TEST_STEP][PASSED] - rows_table = driver.findElements(By.xpath("//table/tbody/tr")): null

2019-03-25 15:41:42 - [TEST_STEP][PASSED] - println(rows_table.size()): null

2019-03-25 15:41:42 - [TEST_STEP][PASSED] - verifyGreaterThanOrEqual(rows_table.size(), 1): Actual number '10' is greater than or equal to expected number '1'

2019-03-25 15:41:42 - [MESSAGE][PASSED] - Actual number '10' is greater than or equal to expected number '1']]></system-out>
         <system-err><![CDATA[]]></system-err>
      </testcase>
      <testcase name="Test Cases/Segment subscribers/TC0710" classname="Test Cases/Segment subscribers/TC0710" status="PASSED">
         <system-out><![CDATA[2019-03-25 15:41:42 - [TEST_CASE][PASSED] - Test Cases/Segment subscribers/TC0710: Test Cases/Segment subscribers/TC0710

2019-03-25 15:41:42 - [TEST_STEP][PASSED] - callTestCase(findTestCase("s-sidebar_navigation/individualAccount/Segment subsciber"), [:], STOP_ON_FAILURE): Call Test Case 'Test Cases/s-sidebar_navigation/individualAccount/Segment subsciber' successfully

2019-03-25 15:41:42 - [TEST_CASE][PASSED] - Test Cases/s-sidebar_navigation/individualAccount/Segment subsciber: Test Cases/s-sidebar_navigation/individualAccount/Segment subsciber

2019-03-25 15:41:42 - [TEST_STEP][PASSED] - callTestCase(findTestCase("s-sidebar_navigation/individualAccount/Login-KiboEngage"), [:], STOP_ON_FAILURE): Call Test Case 'Test Cases/s-sidebar_navigation/individualAccount/Login-KiboEngage' successfully

2019-03-25 15:41:42 - [TEST_CASE][PASSED] - Test Cases/s-sidebar_navigation/individualAccount/Login-KiboEngage: Test Cases/s-sidebar_navigation/individualAccount/Login-KiboEngage

2019-03-25 15:41:42 - [TEST_STEP][PASSED] - openBrowser(""): Browser is opened with url: ''

2019-03-25 15:41:42 - [MESSAGE][WARNING] - A browser is already opened. Closing browser and opening a new one

2019-03-25 15:41:42 - [MESSAGE][INFO] - Starting 'Chrome' driver

2019-03-25 15:41:43 - [MESSAGE][PASSED] - Browser is opened with url: ''

2019-03-25 15:41:43 - [TEST_STEP][PASSED] - maximizeWindow(): Current window maximized

2019-03-25 15:41:43 - [MESSAGE][PASSED] - Current window maximized

2019-03-25 15:41:43 - [TEST_STEP][PASSED] - navigateToUrl("https://kiboengage.cloudkibo.com/"): Navigate to 'https://kiboengage.cloudkibo.com/' successfully

2019-03-25 15:41:56 - [MESSAGE][PASSED] - Navigate to 'https://kiboengage.cloudkibo.com/' successfully

2019-03-25 15:41:56 - [TEST_STEP][PASSED] - navigateToUrl("https://accounts.cloudkibo.com/?continue=https://kiboengage.cloudkibo.com"): Navigate to 'https://accounts.cloudkibo.com/?continue=https://kiboengage.cloudkibo.com' successfully

2019-03-25 15:41:56 - [MESSAGE][PASSED] - Navigate to 'https://accounts.cloudkibo.com/?continue=https://kiboengage.cloudkibo.com' successfully

2019-03-25 15:41:56 - [TEST_STEP][PASSED] - click(findTestObject("Page_KiboPush/a_Login (9) (1)")): Object: 'Object Repository/Page_KiboPush/a_Login (9) (1)' is clicked on

2019-03-25 15:41:57 - [MESSAGE][PASSED] - Object: 'Object Repository/Page_KiboPush/a_Login (9) (1)' is clicked on

2019-03-25 15:41:57 - [TEST_STEP][PASSED] - setText(findTestObject("Page_KiboPush/input_email (10) (1)"), "individual@cloudkibo.com"): Text 'individual@cloudkibo.com' is set on object 'Object Repository/Page_KiboPush/input_email (10) (1)'

2019-03-25 15:41:57 - [MESSAGE][PASSED] - Text 'individual@cloudkibo.com' is set on object 'Object Repository/Page_KiboPush/input_email (10) (1)'

2019-03-25 15:41:57 - [TEST_STEP][PASSED] - setEncryptedText(findTestObject("Page_KiboPush/input_password (9) (1)"), "RigbBhfdqOBGNlJIWM1ClA=="): Text ****** has been set on object 'Object Repository/Page_KiboPush/input_password (9) (1)'

2019-03-25 15:41:57 - [MESSAGE][PASSED] - Text ****** has been set on object 'Object Repository/Page_KiboPush/input_password (9) (1)'

2019-03-25 15:41:57 - [TEST_STEP][PASSED] - click(findTestObject("Page_KiboPush/button_Sign In (10) (1)")): Object: 'Object Repository/Page_KiboPush/button_Sign In (10) (1)' is clicked on

2019-03-25 15:41:58 - [MESSAGE][PASSED] - Object: 'Object Repository/Page_KiboPush/button_Sign In (10) (1)' is clicked on

2019-03-25 15:41:58 - [TEST_STEP][PASSED] - navigateToUrl("https://kiboengage.cloudkibo.com/dashboard"): Navigate to 'https://kiboengage.cloudkibo.com/dashboard' successfully

2019-03-25 15:42:14 - [MESSAGE][PASSED] - Navigate to 'https://kiboengage.cloudkibo.com/dashboard' successfully

2019-03-25 15:42:14 - [TEST_STEP][PASSED] - click(findTestObject("Object Repository/Page_KiboPush  Dashboard/h3_Dashboard (57)")): Object: 'Object Repository/Page_KiboPush  Dashboard/h3_Dashboard (57)' is clicked on

2019-03-25 15:42:14 - [MESSAGE][PASSED] - Object: 'Object Repository/Page_KiboPush  Dashboard/h3_Dashboard (57)' is clicked on

2019-03-25 15:42:14 - [TEST_STEP][PASSED] - delay(3): Delayed 3 second(s)

2019-03-25 15:42:17 - [MESSAGE][PASSED] - Delayed 3 second(s)

2019-03-25 15:42:17 - [MESSAGE][PASSED] - Call Test Case 'Test Cases/s-sidebar_navigation/individualAccount/Login-KiboEngage' successfully

2019-03-25 15:42:17 - [TEST_STEP][PASSED] - click(findTestObject("Page_KiboPush  Dashboard/span_Broadcasting")): Object: 'Object Repository/Page_KiboPush  Dashboard/span_Broadcasting' is clicked on

2019-03-25 15:42:18 - [MESSAGE][PASSED] - Object: 'Object Repository/Page_KiboPush  Dashboard/span_Broadcasting' is clicked on

2019-03-25 15:42:18 - [TEST_STEP][PASSED] - delay(1): Delayed 1 second(s)

2019-03-25 15:42:19 - [MESSAGE][PASSED] - Delayed 1 second(s)

2019-03-25 15:42:19 - [TEST_STEP][PASSED] - click(findTestObject("Page_KiboPush  Dashboard/span_Segment Subscribers")): Object: 'Object Repository/Page_KiboPush  Dashboard/span_Segment Subscribers' is clicked on

2019-03-25 15:42:19 - [MESSAGE][PASSED] - Object: 'Object Repository/Page_KiboPush  Dashboard/span_Segment Subscribers' is clicked on

2019-03-25 15:42:19 - [TEST_STEP][PASSED] - click(findTestObject("Page_KiboPush  Dashboard/h3_Subscribers Segmentation Li")): Object: 'Object Repository/Page_KiboPush  Dashboard/h3_Subscribers Segmentation Li' is clicked on

2019-03-25 15:42:19 - [MESSAGE][PASSED] - Object: 'Object Repository/Page_KiboPush  Dashboard/h3_Subscribers Segmentation Li' is clicked on

2019-03-25 15:42:19 - [TEST_STEP][PASSED] - delay(1): Delayed 1 second(s)

2019-03-25 15:42:20 - [MESSAGE][PASSED] - Delayed 1 second(s)

2019-03-25 15:42:20 - [MESSAGE][PASSED] - Call Test Case 'Test Cases/s-sidebar_navigation/individualAccount/Segment subsciber' successfully

2019-03-25 15:42:20 - [TEST_STEP][PASSED] - delay(2): Delayed 2 second(s)

2019-03-25 15:42:22 - [MESSAGE][PASSED] - Delayed 2 second(s)

2019-03-25 15:42:22 - [TEST_STEP][PASSED] - click(findTestObject("Page_KiboPush  Dashboard/a_next")): Object: 'Object Repository/Page_KiboPush  Dashboard/a_next' is clicked on

2019-03-25 15:42:22 - [MESSAGE][PASSED] - Object: 'Object Repository/Page_KiboPush  Dashboard/a_next' is clicked on

2019-03-25 15:42:22 - [TEST_STEP][PASSED] - delay(2): Delayed 2 second(s)

2019-03-25 15:42:24 - [MESSAGE][PASSED] - Delayed 2 second(s)

2019-03-25 15:42:24 - [TEST_STEP][PASSED] - click(findTestObject("Page_KiboPush  Dashboard/a_previous")): Object: 'Object Repository/Page_KiboPush  Dashboard/a_previous' is clicked on

2019-03-25 15:42:24 - [MESSAGE][PASSED] - Object: 'Object Repository/Page_KiboPush  Dashboard/a_previous' is clicked on

2019-03-25 15:42:24 - [TEST_STEP][PASSED] - delay(2): Delayed 2 second(s)

2019-03-25 15:42:26 - [MESSAGE][PASSED] - Delayed 2 second(s)

2019-03-25 15:42:26 - [TEST_STEP][PASSED] - driver = getWebDriver(): null

2019-03-25 15:42:26 - [TEST_STEP][PASSED] - rows_table = driver.findElements(By.xpath("//table/tbody/tr")): null

2019-03-25 15:42:26 - [TEST_STEP][PASSED] - println(rows_table.size()): null

2019-03-25 15:42:26 - [TEST_STEP][PASSED] - verifyEqual(rows_table.size(), 10): Actual object '10' and expected object '10' are equal

2019-03-25 15:42:26 - [MESSAGE][PASSED] - Actual object '10' and expected object '10' are equal]]></system-out>
         <system-err><![CDATA[]]></system-err>
      </testcase>
      <testcase name="Test Cases/Segment subscribers/TC0711" classname="Test Cases/Segment subscribers/TC0711" status="PASSED">
         <system-out><![CDATA[2019-03-25 15:42:26 - [TEST_CASE][PASSED] - Test Cases/Segment subscribers/TC0711: Test Cases/Segment subscribers/TC0711

2019-03-25 15:42:26 - [TEST_STEP][PASSED] - callTestCase(findTestCase("s-sidebar_navigation/individualAccount/Segment subsciber"), [:], STOP_ON_FAILURE): Call Test Case 'Test Cases/s-sidebar_navigation/individualAccount/Segment subsciber' successfully

2019-03-25 15:42:26 - [TEST_CASE][PASSED] - Test Cases/s-sidebar_navigation/individualAccount/Segment subsciber: Test Cases/s-sidebar_navigation/individualAccount/Segment subsciber

2019-03-25 15:42:26 - [TEST_STEP][PASSED] - callTestCase(findTestCase("s-sidebar_navigation/individualAccount/Login-KiboEngage"), [:], STOP_ON_FAILURE): Call Test Case 'Test Cases/s-sidebar_navigation/individualAccount/Login-KiboEngage' successfully

2019-03-25 15:42:26 - [TEST_CASE][PASSED] - Test Cases/s-sidebar_navigation/individualAccount/Login-KiboEngage: Test Cases/s-sidebar_navigation/individualAccount/Login-KiboEngage

2019-03-25 15:42:26 - [TEST_STEP][PASSED] - openBrowser(""): Browser is opened with url: ''

2019-03-25 15:42:26 - [MESSAGE][WARNING] - A browser is already opened. Closing browser and opening a new one

2019-03-25 15:42:27 - [MESSAGE][INFO] - Starting 'Chrome' driver

2019-03-25 15:42:27 - [MESSAGE][PASSED] - Browser is opened with url: ''

2019-03-25 15:42:27 - [TEST_STEP][PASSED] - maximizeWindow(): Current window maximized

2019-03-25 15:42:27 - [MESSAGE][PASSED] - Current window maximized

2019-03-25 15:42:27 - [TEST_STEP][PASSED] - navigateToUrl("https://kiboengage.cloudkibo.com/"): Navigate to 'https://kiboengage.cloudkibo.com/' successfully

2019-03-25 15:42:38 - [MESSAGE][PASSED] - Navigate to 'https://kiboengage.cloudkibo.com/' successfully

2019-03-25 15:42:38 - [TEST_STEP][PASSED] - navigateToUrl("https://accounts.cloudkibo.com/?continue=https://kiboengage.cloudkibo.com"): Navigate to 'https://accounts.cloudkibo.com/?continue=https://kiboengage.cloudkibo.com' successfully

2019-03-25 15:42:38 - [MESSAGE][PASSED] - Navigate to 'https://accounts.cloudkibo.com/?continue=https://kiboengage.cloudkibo.com' successfully

2019-03-25 15:42:38 - [TEST_STEP][PASSED] - click(findTestObject("Page_KiboPush/a_Login (9) (1)")): Object: 'Object Repository/Page_KiboPush/a_Login (9) (1)' is clicked on

2019-03-25 15:42:39 - [MESSAGE][PASSED] - Object: 'Object Repository/Page_KiboPush/a_Login (9) (1)' is clicked on

2019-03-25 15:42:39 - [TEST_STEP][PASSED] - setText(findTestObject("Page_KiboPush/input_email (10) (1)"), "individual@cloudkibo.com"): Text 'individual@cloudkibo.com' is set on object 'Object Repository/Page_KiboPush/input_email (10) (1)'

2019-03-25 15:42:39 - [MESSAGE][PASSED] - Text 'individual@cloudkibo.com' is set on object 'Object Repository/Page_KiboPush/input_email (10) (1)'

2019-03-25 15:42:39 - [TEST_STEP][PASSED] - setEncryptedText(findTestObject("Page_KiboPush/input_password (9) (1)"), "RigbBhfdqOBGNlJIWM1ClA=="): Text ****** has been set on object 'Object Repository/Page_KiboPush/input_password (9) (1)'

2019-03-25 15:42:39 - [MESSAGE][PASSED] - Text ****** has been set on object 'Object Repository/Page_KiboPush/input_password (9) (1)'

2019-03-25 15:42:39 - [TEST_STEP][PASSED] - click(findTestObject("Page_KiboPush/button_Sign In (10) (1)")): Object: 'Object Repository/Page_KiboPush/button_Sign In (10) (1)' is clicked on

2019-03-25 15:42:39 - [MESSAGE][PASSED] - Object: 'Object Repository/Page_KiboPush/button_Sign In (10) (1)' is clicked on

2019-03-25 15:42:39 - [TEST_STEP][PASSED] - navigateToUrl("https://kiboengage.cloudkibo.com/dashboard"): Navigate to 'https://kiboengage.cloudkibo.com/dashboard' successfully

2019-03-25 15:43:08 - [MESSAGE][PASSED] - Navigate to 'https://kiboengage.cloudkibo.com/dashboard' successfully

2019-03-25 15:43:08 - [TEST_STEP][PASSED] - click(findTestObject("Object Repository/Page_KiboPush  Dashboard/h3_Dashboard (57)")): Object: 'Object Repository/Page_KiboPush  Dashboard/h3_Dashboard (57)' is clicked on

2019-03-25 15:43:08 - [MESSAGE][PASSED] - Object: 'Object Repository/Page_KiboPush  Dashboard/h3_Dashboard (57)' is clicked on

2019-03-25 15:43:08 - [TEST_STEP][PASSED] - delay(3): Delayed 3 second(s)

2019-03-25 15:43:11 - [MESSAGE][PASSED] - Delayed 3 second(s)

2019-03-25 15:43:11 - [MESSAGE][PASSED] - Call Test Case 'Test Cases/s-sidebar_navigation/individualAccount/Login-KiboEngage' successfully

2019-03-25 15:43:11 - [TEST_STEP][PASSED] - click(findTestObject("Page_KiboPush  Dashboard/span_Broadcasting")): Object: 'Object Repository/Page_KiboPush  Dashboard/span_Broadcasting' is clicked on

2019-03-25 15:43:11 - [MESSAGE][PASSED] - Object: 'Object Repository/Page_KiboPush  Dashboard/span_Broadcasting' is clicked on

2019-03-25 15:43:11 - [TEST_STEP][PASSED] - delay(1): Delayed 1 second(s)

2019-03-25 15:43:12 - [MESSAGE][PASSED] - Delayed 1 second(s)

2019-03-25 15:43:12 - [TEST_STEP][PASSED] - click(findTestObject("Page_KiboPush  Dashboard/span_Segment Subscribers")): Object: 'Object Repository/Page_KiboPush  Dashboard/span_Segment Subscribers' is clicked on

2019-03-25 15:43:12 - [MESSAGE][PASSED] - Object: 'Object Repository/Page_KiboPush  Dashboard/span_Segment Subscribers' is clicked on

2019-03-25 15:43:12 - [TEST_STEP][PASSED] - click(findTestObject("Page_KiboPush  Dashboard/h3_Subscribers Segmentation Li")): Object: 'Object Repository/Page_KiboPush  Dashboard/h3_Subscribers Segmentation Li' is clicked on

2019-03-25 15:43:12 - [MESSAGE][PASSED] - Object: 'Object Repository/Page_KiboPush  Dashboard/h3_Subscribers Segmentation Li' is clicked on

2019-03-25 15:43:12 - [TEST_STEP][PASSED] - delay(1): Delayed 1 second(s)

2019-03-25 15:43:13 - [MESSAGE][PASSED] - Delayed 1 second(s)

2019-03-25 15:43:13 - [MESSAGE][PASSED] - Call Test Case 'Test Cases/s-sidebar_navigation/individualAccount/Segment subsciber' successfully

2019-03-25 15:43:13 - [TEST_STEP][PASSED] - delay(2): Delayed 2 second(s)

2019-03-25 15:43:15 - [MESSAGE][PASSED] - Delayed 2 second(s)

2019-03-25 15:43:15 - [TEST_STEP][PASSED] - click(findTestObject("Page_KiboPush  Dashboard/a_2")): Object: 'Object Repository/Page_KiboPush  Dashboard/a_2' is clicked on

2019-03-25 15:43:15 - [MESSAGE][PASSED] - Object: 'Object Repository/Page_KiboPush  Dashboard/a_2' is clicked on

2019-03-25 15:43:15 - [TEST_STEP][PASSED] - delay(2): Delayed 2 second(s)

2019-03-25 15:43:17 - [MESSAGE][PASSED] - Delayed 2 second(s)

2019-03-25 15:43:17 - [TEST_STEP][PASSED] - driver = getWebDriver(): null

2019-03-25 15:43:17 - [TEST_STEP][PASSED] - rows_table = driver.findElements(By.xpath("//table/tbody/tr")): null

2019-03-25 15:43:17 - [TEST_STEP][PASSED] - println(rows_table.size()): null

2019-03-25 15:43:17 - [TEST_STEP][PASSED] - verifyGreaterThanOrEqual(rows_table.size(), 1): Actual number '10' is greater than or equal to expected number '1'

2019-03-25 15:43:17 - [MESSAGE][PASSED] - Actual number '10' is greater than or equal to expected number '1']]></system-out>
         <system-err><![CDATA[]]></system-err>
      </testcase>
      <testcase name="Test Cases/Segment subscribers/TC0712" classname="Test Cases/Segment subscribers/TC0712" status="PASSED">
         <system-out><![CDATA[2019-03-25 15:43:17 - [TEST_CASE][PASSED] - Test Cases/Segment subscribers/TC0712: Test Cases/Segment subscribers/TC0712

2019-03-25 15:43:17 - [TEST_STEP][PASSED] - callTestCase(findTestCase("s-sidebar_navigation/individualAccount/Segment subsciber"), [:], STOP_ON_FAILURE): Call Test Case 'Test Cases/s-sidebar_navigation/individualAccount/Segment subsciber' successfully

2019-03-25 15:43:18 - [TEST_CASE][PASSED] - Test Cases/s-sidebar_navigation/individualAccount/Segment subsciber: Test Cases/s-sidebar_navigation/individualAccount/Segment subsciber

2019-03-25 15:43:18 - [TEST_STEP][PASSED] - callTestCase(findTestCase("s-sidebar_navigation/individualAccount/Login-KiboEngage"), [:], STOP_ON_FAILURE): Call Test Case 'Test Cases/s-sidebar_navigation/individualAccount/Login-KiboEngage' successfully

2019-03-25 15:43:18 - [TEST_CASE][PASSED] - Test Cases/s-sidebar_navigation/individualAccount/Login-KiboEngage: Test Cases/s-sidebar_navigation/individualAccount/Login-KiboEngage

2019-03-25 15:43:18 - [TEST_STEP][PASSED] - openBrowser(""): Browser is opened with url: ''

2019-03-25 15:43:18 - [MESSAGE][WARNING] - A browser is already opened. Closing browser and opening a new one

2019-03-25 15:43:18 - [MESSAGE][INFO] - Starting 'Chrome' driver

2019-03-25 15:43:18 - [MESSAGE][PASSED] - Browser is opened with url: ''

2019-03-25 15:43:18 - [TEST_STEP][PASSED] - maximizeWindow(): Current window maximized

2019-03-25 15:43:18 - [MESSAGE][PASSED] - Current window maximized

2019-03-25 15:43:18 - [TEST_STEP][PASSED] - navigateToUrl("https://kiboengage.cloudkibo.com/"): Navigate to 'https://kiboengage.cloudkibo.com/' successfully

2019-03-25 15:43:32 - [MESSAGE][PASSED] - Navigate to 'https://kiboengage.cloudkibo.com/' successfully

2019-03-25 15:43:32 - [TEST_STEP][PASSED] - navigateToUrl("https://accounts.cloudkibo.com/?continue=https://kiboengage.cloudkibo.com"): Navigate to 'https://accounts.cloudkibo.com/?continue=https://kiboengage.cloudkibo.com' successfully

2019-03-25 15:43:33 - [MESSAGE][PASSED] - Navigate to 'https://accounts.cloudkibo.com/?continue=https://kiboengage.cloudkibo.com' successfully

2019-03-25 15:43:33 - [TEST_STEP][PASSED] - click(findTestObject("Page_KiboPush/a_Login (9) (1)")): Object: 'Object Repository/Page_KiboPush/a_Login (9) (1)' is clicked on

2019-03-25 15:43:34 - [MESSAGE][PASSED] - Object: 'Object Repository/Page_KiboPush/a_Login (9) (1)' is clicked on

2019-03-25 15:43:34 - [TEST_STEP][PASSED] - setText(findTestObject("Page_KiboPush/input_email (10) (1)"), "individual@cloudkibo.com"): Text 'individual@cloudkibo.com' is set on object 'Object Repository/Page_KiboPush/input_email (10) (1)'

2019-03-25 15:43:34 - [MESSAGE][PASSED] - Text 'individual@cloudkibo.com' is set on object 'Object Repository/Page_KiboPush/input_email (10) (1)'

2019-03-25 15:43:34 - [TEST_STEP][PASSED] - setEncryptedText(findTestObject("Page_KiboPush/input_password (9) (1)"), "RigbBhfdqOBGNlJIWM1ClA=="): Text ****** has been set on object 'Object Repository/Page_KiboPush/input_password (9) (1)'

2019-03-25 15:43:34 - [MESSAGE][PASSED] - Text ****** has been set on object 'Object Repository/Page_KiboPush/input_password (9) (1)'

2019-03-25 15:43:34 - [TEST_STEP][PASSED] - click(findTestObject("Page_KiboPush/button_Sign In (10) (1)")): Object: 'Object Repository/Page_KiboPush/button_Sign In (10) (1)' is clicked on

2019-03-25 15:43:34 - [MESSAGE][PASSED] - Object: 'Object Repository/Page_KiboPush/button_Sign In (10) (1)' is clicked on

2019-03-25 15:43:34 - [TEST_STEP][PASSED] - navigateToUrl("https://kiboengage.cloudkibo.com/dashboard"): Navigate to 'https://kiboengage.cloudkibo.com/dashboard' successfully

2019-03-25 15:43:47 - [MESSAGE][PASSED] - Navigate to 'https://kiboengage.cloudkibo.com/dashboard' successfully

2019-03-25 15:43:47 - [TEST_STEP][PASSED] - click(findTestObject("Object Repository/Page_KiboPush  Dashboard/h3_Dashboard (57)")): Object: 'Object Repository/Page_KiboPush  Dashboard/h3_Dashboard (57)' is clicked on

2019-03-25 15:43:47 - [MESSAGE][PASSED] - Object: 'Object Repository/Page_KiboPush  Dashboard/h3_Dashboard (57)' is clicked on

2019-03-25 15:43:47 - [TEST_STEP][PASSED] - delay(3): Delayed 3 second(s)

2019-03-25 15:43:50 - [MESSAGE][PASSED] - Delayed 3 second(s)

2019-03-25 15:43:50 - [MESSAGE][PASSED] - Call Test Case 'Test Cases/s-sidebar_navigation/individualAccount/Login-KiboEngage' successfully

2019-03-25 15:43:50 - [TEST_STEP][PASSED] - click(findTestObject("Page_KiboPush  Dashboard/span_Broadcasting")): Object: 'Object Repository/Page_KiboPush  Dashboard/span_Broadcasting' is clicked on

2019-03-25 15:43:50 - [MESSAGE][PASSED] - Object: 'Object Repository/Page_KiboPush  Dashboard/span_Broadcasting' is clicked on

2019-03-25 15:43:50 - [TEST_STEP][PASSED] - delay(1): Delayed 1 second(s)

2019-03-25 15:43:51 - [MESSAGE][PASSED] - Delayed 1 second(s)

2019-03-25 15:43:51 - [TEST_STEP][PASSED] - click(findTestObject("Page_KiboPush  Dashboard/span_Segment Subscribers")): Object: 'Object Repository/Page_KiboPush  Dashboard/span_Segment Subscribers' is clicked on

2019-03-25 15:43:51 - [MESSAGE][PASSED] - Object: 'Object Repository/Page_KiboPush  Dashboard/span_Segment Subscribers' is clicked on

2019-03-25 15:43:51 - [TEST_STEP][PASSED] - click(findTestObject("Page_KiboPush  Dashboard/h3_Subscribers Segmentation Li")): Object: 'Object Repository/Page_KiboPush  Dashboard/h3_Subscribers Segmentation Li' is clicked on

2019-03-25 15:43:51 - [MESSAGE][PASSED] - Object: 'Object Repository/Page_KiboPush  Dashboard/h3_Subscribers Segmentation Li' is clicked on

2019-03-25 15:43:51 - [TEST_STEP][PASSED] - delay(1): Delayed 1 second(s)

2019-03-25 15:43:52 - [MESSAGE][PASSED] - Delayed 1 second(s)

2019-03-25 15:43:52 - [MESSAGE][PASSED] - Call Test Case 'Test Cases/s-sidebar_navigation/individualAccount/Segment subsciber' successfully

2019-03-25 15:43:52 - [TEST_STEP][PASSED] - delay(2): Delayed 2 second(s)

2019-03-25 15:43:54 - [MESSAGE][PASSED] - Delayed 2 second(s)

2019-03-25 15:43:54 - [TEST_STEP][PASSED] - click(findTestObject("Page_KiboPush  Dashboard/a_Create Segmented Subscribers")): Object: 'Object Repository/Page_KiboPush  Dashboard/a_Create Segmented Subscribers' is clicked on

2019-03-25 15:43:55 - [MESSAGE][PASSED] - Object: 'Object Repository/Page_KiboPush  Dashboard/a_Create Segmented Subscribers' is clicked on

2019-03-25 15:43:55 - [TEST_STEP][PASSED] - click(findTestObject("Page_KiboPush  Dashboard/h3_Create SubList of Subscribe")): Object: 'Object Repository/Page_KiboPush  Dashboard/h3_Create SubList of Subscribe' is clicked on

2019-03-25 15:43:55 - [MESSAGE][PASSED] - Object: 'Object Repository/Page_KiboPush  Dashboard/h3_Create SubList of Subscribe' is clicked on]]></system-out>
         <system-err><![CDATA[]]></system-err>
      </testcase>
      <testcase name="Test Cases/Segment subscribers/TC0713" classname="Test Cases/Segment subscribers/TC0713" status="PASSED">
         <system-out><![CDATA[2019-03-25 15:43:55 - [TEST_CASE][PASSED] - Test Cases/Segment subscribers/TC0713: Test Cases/Segment subscribers/TC0713

2019-03-25 15:43:55 - [TEST_STEP][PASSED] - callTestCase(findTestCase("Segment subscribers/TC0712"), [:], STOP_ON_FAILURE): Call Test Case 'Test Cases/Segment subscribers/TC0712' successfully

2019-03-25 15:43:55 - [TEST_CASE][PASSED] - Test Cases/Segment subscribers/TC0712: Test Cases/Segment subscribers/TC0712

2019-03-25 15:43:55 - [TEST_STEP][PASSED] - callTestCase(findTestCase("s-sidebar_navigation/individualAccount/Segment subsciber"), [:], STOP_ON_FAILURE): Call Test Case 'Test Cases/s-sidebar_navigation/individualAccount/Segment subsciber' successfully

2019-03-25 15:43:55 - [TEST_CASE][PASSED] - Test Cases/s-sidebar_navigation/individualAccount/Segment subsciber: Test Cases/s-sidebar_navigation/individualAccount/Segment subsciber

2019-03-25 15:43:55 - [TEST_STEP][PASSED] - callTestCase(findTestCase("s-sidebar_navigation/individualAccount/Login-KiboEngage"), [:], STOP_ON_FAILURE): Call Test Case 'Test Cases/s-sidebar_navigation/individualAccount/Login-KiboEngage' successfully

2019-03-25 15:43:55 - [TEST_CASE][PASSED] - Test Cases/s-sidebar_navigation/individualAccount/Login-KiboEngage: Test Cases/s-sidebar_navigation/individualAccount/Login-KiboEngage

2019-03-25 15:43:55 - [TEST_STEP][PASSED] - openBrowser(""): Browser is opened with url: ''

2019-03-25 15:43:55 - [MESSAGE][WARNING] - A browser is already opened. Closing browser and opening a new one

2019-03-25 15:43:55 - [MESSAGE][INFO] - Starting 'Chrome' driver

2019-03-25 15:43:55 - [MESSAGE][PASSED] - Browser is opened with url: ''

2019-03-25 15:43:55 - [TEST_STEP][PASSED] - maximizeWindow(): Current window maximized

2019-03-25 15:43:56 - [MESSAGE][PASSED] - Current window maximized

2019-03-25 15:43:56 - [TEST_STEP][PASSED] - navigateToUrl("https://kiboengage.cloudkibo.com/"): Navigate to 'https://kiboengage.cloudkibo.com/' successfully

2019-03-25 15:44:05 - [MESSAGE][PASSED] - Navigate to 'https://kiboengage.cloudkibo.com/' successfully

2019-03-25 15:44:05 - [TEST_STEP][PASSED] - navigateToUrl("https://accounts.cloudkibo.com/?continue=https://kiboengage.cloudkibo.com"): Navigate to 'https://accounts.cloudkibo.com/?continue=https://kiboengage.cloudkibo.com' successfully

2019-03-25 15:44:05 - [MESSAGE][PASSED] - Navigate to 'https://accounts.cloudkibo.com/?continue=https://kiboengage.cloudkibo.com' successfully

2019-03-25 15:44:05 - [TEST_STEP][PASSED] - click(findTestObject("Page_KiboPush/a_Login (9) (1)")): Object: 'Object Repository/Page_KiboPush/a_Login (9) (1)' is clicked on

2019-03-25 15:44:06 - [MESSAGE][PASSED] - Object: 'Object Repository/Page_KiboPush/a_Login (9) (1)' is clicked on

2019-03-25 15:44:06 - [TEST_STEP][PASSED] - setText(findTestObject("Page_KiboPush/input_email (10) (1)"), "individual@cloudkibo.com"): Text 'individual@cloudkibo.com' is set on object 'Object Repository/Page_KiboPush/input_email (10) (1)'

2019-03-25 15:44:06 - [MESSAGE][PASSED] - Text 'individual@cloudkibo.com' is set on object 'Object Repository/Page_KiboPush/input_email (10) (1)'

2019-03-25 15:44:06 - [TEST_STEP][PASSED] - setEncryptedText(findTestObject("Page_KiboPush/input_password (9) (1)"), "RigbBhfdqOBGNlJIWM1ClA=="): Text ****** has been set on object 'Object Repository/Page_KiboPush/input_password (9) (1)'

2019-03-25 15:44:06 - [MESSAGE][PASSED] - Text ****** has been set on object 'Object Repository/Page_KiboPush/input_password (9) (1)'

2019-03-25 15:44:06 - [TEST_STEP][PASSED] - click(findTestObject("Page_KiboPush/button_Sign In (10) (1)")): Object: 'Object Repository/Page_KiboPush/button_Sign In (10) (1)' is clicked on

2019-03-25 15:44:06 - [MESSAGE][PASSED] - Object: 'Object Repository/Page_KiboPush/button_Sign In (10) (1)' is clicked on

2019-03-25 15:44:06 - [TEST_STEP][PASSED] - navigateToUrl("https://kiboengage.cloudkibo.com/dashboard"): Navigate to 'https://kiboengage.cloudkibo.com/dashboard' successfully

2019-03-25 15:44:26 - [MESSAGE][PASSED] - Navigate to 'https://kiboengage.cloudkibo.com/dashboard' successfully

2019-03-25 15:44:26 - [TEST_STEP][PASSED] - click(findTestObject("Object Repository/Page_KiboPush  Dashboard/h3_Dashboard (57)")): Object: 'Object Repository/Page_KiboPush  Dashboard/h3_Dashboard (57)' is clicked on

2019-03-25 15:44:26 - [MESSAGE][PASSED] - Object: 'Object Repository/Page_KiboPush  Dashboard/h3_Dashboard (57)' is clicked on

2019-03-25 15:44:26 - [TEST_STEP][PASSED] - delay(3): Delayed 3 second(s)

2019-03-25 15:44:29 - [MESSAGE][PASSED] - Delayed 3 second(s)

2019-03-25 15:44:29 - [MESSAGE][PASSED] - Call Test Case 'Test Cases/s-sidebar_navigation/individualAccount/Login-KiboEngage' successfully

2019-03-25 15:44:29 - [TEST_STEP][PASSED] - click(findTestObject("Page_KiboPush  Dashboard/span_Broadcasting")): Object: 'Object Repository/Page_KiboPush  Dashboard/span_Broadcasting' is clicked on

2019-03-25 15:44:29 - [MESSAGE][PASSED] - Object: 'Object Repository/Page_KiboPush  Dashboard/span_Broadcasting' is clicked on

2019-03-25 15:44:29 - [TEST_STEP][PASSED] - delay(1): Delayed 1 second(s)

2019-03-25 15:44:30 - [MESSAGE][PASSED] - Delayed 1 second(s)

2019-03-25 15:44:30 - [TEST_STEP][PASSED] - click(findTestObject("Page_KiboPush  Dashboard/span_Segment Subscribers")): Object: 'Object Repository/Page_KiboPush  Dashboard/span_Segment Subscribers' is clicked on

2019-03-25 15:44:31 - [MESSAGE][PASSED] - Object: 'Object Repository/Page_KiboPush  Dashboard/span_Segment Subscribers' is clicked on

2019-03-25 15:44:31 - [TEST_STEP][PASSED] - click(findTestObject("Page_KiboPush  Dashboard/h3_Subscribers Segmentation Li")): Object: 'Object Repository/Page_KiboPush  Dashboard/h3_Subscribers Segmentation Li' is clicked on

2019-03-25 15:44:31 - [MESSAGE][PASSED] - Object: 'Object Repository/Page_KiboPush  Dashboard/h3_Subscribers Segmentation Li' is clicked on

2019-03-25 15:44:31 - [TEST_STEP][PASSED] - delay(1): Delayed 1 second(s)

2019-03-25 15:44:32 - [MESSAGE][PASSED] - Delayed 1 second(s)

2019-03-25 15:44:32 - [MESSAGE][PASSED] - Call Test Case 'Test Cases/s-sidebar_navigation/individualAccount/Segment subsciber' successfully

2019-03-25 15:44:32 - [TEST_STEP][PASSED] - delay(2): Delayed 2 second(s)

2019-03-25 15:44:34 - [MESSAGE][PASSED] - Delayed 2 second(s)

2019-03-25 15:44:34 - [TEST_STEP][PASSED] - click(findTestObject("Page_KiboPush  Dashboard/a_Create Segmented Subscribers")): Object: 'Object Repository/Page_KiboPush  Dashboard/a_Create Segmented Subscribers' is clicked on

2019-03-25 15:44:34 - [MESSAGE][PASSED] - Object: 'Object Repository/Page_KiboPush  Dashboard/a_Create Segmented Subscribers' is clicked on

2019-03-25 15:44:34 - [TEST_STEP][PASSED] - click(findTestObject("Page_KiboPush  Dashboard/h3_Create SubList of Subscribe")): Object: 'Object Repository/Page_KiboPush  Dashboard/h3_Create SubList of Subscribe' is clicked on

2019-03-25 15:44:34 - [MESSAGE][PASSED] - Object: 'Object Repository/Page_KiboPush  Dashboard/h3_Create SubList of Subscribe' is clicked on

2019-03-25 15:44:34 - [MESSAGE][PASSED] - Call Test Case 'Test Cases/Segment subscribers/TC0712' successfully

2019-03-25 15:44:34 - [TEST_STEP][PASSED] - click(findTestObject("Object Repository/Page_KiboPush  Dashboard/button_Save")): Object: 'Object Repository/Page_KiboPush  Dashboard/button_Save' is clicked on

2019-03-25 15:44:34 - [MESSAGE][PASSED] - Object: 'Object Repository/Page_KiboPush  Dashboard/button_Save' is clicked on

2019-03-25 15:44:34 - [TEST_STEP][PASSED] - scrollToPosition(0, 0): Browser is scrolled to position x = 0, y = 0

2019-03-25 15:44:34 - [MESSAGE][PASSED] - Browser is scrolled to position x = 0, y = 0

2019-03-25 15:44:34 - [TEST_STEP][PASSED] - click(findTestObject("Object Repository/Page_KiboPush  Dashboard/span_Please select an option")): Object: 'Object Repository/Page_KiboPush  Dashboard/span_Please select an option' is clicked on

2019-03-25 15:44:35 - [MESSAGE][PASSED] - Object: 'Object Repository/Page_KiboPush  Dashboard/span_Please select an option' is clicked on]]></system-out>
         <system-err><![CDATA[]]></system-err>
      </testcase>
      <testcase name="Test Cases/Segment subscribers/TC0714" classname="Test Cases/Segment subscribers/TC0714" status="PASSED">
         <system-out><![CDATA[2019-03-25 15:44:35 - [TEST_CASE][PASSED] - Test Cases/Segment subscribers/TC0714: Test Cases/Segment subscribers/TC0714

2019-03-25 15:44:35 - [TEST_STEP][PASSED] - callTestCase(findTestCase("Segment subscribers/TC0712"), [:], STOP_ON_FAILURE): Call Test Case 'Test Cases/Segment subscribers/TC0712' successfully

2019-03-25 15:44:35 - [TEST_CASE][PASSED] - Test Cases/Segment subscribers/TC0712: Test Cases/Segment subscribers/TC0712

2019-03-25 15:44:35 - [TEST_STEP][PASSED] - callTestCase(findTestCase("s-sidebar_navigation/individualAccount/Segment subsciber"), [:], STOP_ON_FAILURE): Call Test Case 'Test Cases/s-sidebar_navigation/individualAccount/Segment subsciber' successfully

2019-03-25 15:44:35 - [TEST_CASE][PASSED] - Test Cases/s-sidebar_navigation/individualAccount/Segment subsciber: Test Cases/s-sidebar_navigation/individualAccount/Segment subsciber

2019-03-25 15:44:35 - [TEST_STEP][PASSED] - callTestCase(findTestCase("s-sidebar_navigation/individualAccount/Login-KiboEngage"), [:], STOP_ON_FAILURE): Call Test Case 'Test Cases/s-sidebar_navigation/individualAccount/Login-KiboEngage' successfully

2019-03-25 15:44:35 - [TEST_CASE][PASSED] - Test Cases/s-sidebar_navigation/individualAccount/Login-KiboEngage: Test Cases/s-sidebar_navigation/individualAccount/Login-KiboEngage

2019-03-25 15:44:35 - [TEST_STEP][PASSED] - openBrowser(""): Browser is opened with url: ''

2019-03-25 15:44:35 - [MESSAGE][WARNING] - A browser is already opened. Closing browser and opening a new one

2019-03-25 15:44:35 - [MESSAGE][INFO] - Starting 'Chrome' driver

2019-03-25 15:44:36 - [MESSAGE][PASSED] - Browser is opened with url: ''

2019-03-25 15:44:36 - [TEST_STEP][PASSED] - maximizeWindow(): Current window maximized

2019-03-25 15:44:36 - [MESSAGE][PASSED] - Current window maximized

2019-03-25 15:44:36 - [TEST_STEP][PASSED] - navigateToUrl("https://kiboengage.cloudkibo.com/"): Navigate to 'https://kiboengage.cloudkibo.com/' successfully

2019-03-25 15:44:52 - [MESSAGE][PASSED] - Navigate to 'https://kiboengage.cloudkibo.com/' successfully

2019-03-25 15:44:52 - [TEST_STEP][PASSED] - navigateToUrl("https://accounts.cloudkibo.com/?continue=https://kiboengage.cloudkibo.com"): Navigate to 'https://accounts.cloudkibo.com/?continue=https://kiboengage.cloudkibo.com' successfully

2019-03-25 15:44:53 - [MESSAGE][PASSED] - Navigate to 'https://accounts.cloudkibo.com/?continue=https://kiboengage.cloudkibo.com' successfully

2019-03-25 15:44:53 - [TEST_STEP][PASSED] - click(findTestObject("Page_KiboPush/a_Login (9) (1)")): Object: 'Object Repository/Page_KiboPush/a_Login (9) (1)' is clicked on

2019-03-25 15:44:53 - [MESSAGE][PASSED] - Object: 'Object Repository/Page_KiboPush/a_Login (9) (1)' is clicked on

2019-03-25 15:44:53 - [TEST_STEP][PASSED] - setText(findTestObject("Page_KiboPush/input_email (10) (1)"), "individual@cloudkibo.com"): Text 'individual@cloudkibo.com' is set on object 'Object Repository/Page_KiboPush/input_email (10) (1)'

2019-03-25 15:44:54 - [MESSAGE][PASSED] - Text 'individual@cloudkibo.com' is set on object 'Object Repository/Page_KiboPush/input_email (10) (1)'

2019-03-25 15:44:54 - [TEST_STEP][PASSED] - setEncryptedText(findTestObject("Page_KiboPush/input_password (9) (1)"), "RigbBhfdqOBGNlJIWM1ClA=="): Text ****** has been set on object 'Object Repository/Page_KiboPush/input_password (9) (1)'

2019-03-25 15:44:54 - [MESSAGE][PASSED] - Text ****** has been set on object 'Object Repository/Page_KiboPush/input_password (9) (1)'

2019-03-25 15:44:54 - [TEST_STEP][PASSED] - click(findTestObject("Page_KiboPush/button_Sign In (10) (1)")): Object: 'Object Repository/Page_KiboPush/button_Sign In (10) (1)' is clicked on

2019-03-25 15:44:54 - [MESSAGE][PASSED] - Object: 'Object Repository/Page_KiboPush/button_Sign In (10) (1)' is clicked on

2019-03-25 15:44:54 - [TEST_STEP][PASSED] - navigateToUrl("https://kiboengage.cloudkibo.com/dashboard"): Navigate to 'https://kiboengage.cloudkibo.com/dashboard' successfully

2019-03-25 15:45:14 - [MESSAGE][PASSED] - Navigate to 'https://kiboengage.cloudkibo.com/dashboard' successfully

2019-03-25 15:45:14 - [TEST_STEP][PASSED] - click(findTestObject("Object Repository/Page_KiboPush  Dashboard/h3_Dashboard (57)")): Object: 'Object Repository/Page_KiboPush  Dashboard/h3_Dashboard (57)' is clicked on

2019-03-25 15:45:14 - [MESSAGE][PASSED] - Object: 'Object Repository/Page_KiboPush  Dashboard/h3_Dashboard (57)' is clicked on

2019-03-25 15:45:14 - [TEST_STEP][PASSED] - delay(3): Delayed 3 second(s)

2019-03-25 15:45:17 - [MESSAGE][PASSED] - Delayed 3 second(s)

2019-03-25 15:45:17 - [MESSAGE][PASSED] - Call Test Case 'Test Cases/s-sidebar_navigation/individualAccount/Login-KiboEngage' successfully

2019-03-25 15:45:17 - [TEST_STEP][PASSED] - click(findTestObject("Page_KiboPush  Dashboard/span_Broadcasting")): Object: 'Object Repository/Page_KiboPush  Dashboard/span_Broadcasting' is clicked on

2019-03-25 15:45:17 - [MESSAGE][PASSED] - Object: 'Object Repository/Page_KiboPush  Dashboard/span_Broadcasting' is clicked on

2019-03-25 15:45:17 - [TEST_STEP][PASSED] - delay(1): Delayed 1 second(s)

2019-03-25 15:45:18 - [MESSAGE][PASSED] - Delayed 1 second(s)

2019-03-25 15:45:18 - [TEST_STEP][PASSED] - click(findTestObject("Page_KiboPush  Dashboard/span_Segment Subscribers")): Object: 'Object Repository/Page_KiboPush  Dashboard/span_Segment Subscribers' is clicked on

2019-03-25 15:45:19 - [MESSAGE][PASSED] - Object: 'Object Repository/Page_KiboPush  Dashboard/span_Segment Subscribers' is clicked on

2019-03-25 15:45:19 - [TEST_STEP][PASSED] - click(findTestObject("Page_KiboPush  Dashboard/h3_Subscribers Segmentation Li")): Object: 'Object Repository/Page_KiboPush  Dashboard/h3_Subscribers Segmentation Li' is clicked on

2019-03-25 15:45:19 - [MESSAGE][PASSED] - Object: 'Object Repository/Page_KiboPush  Dashboard/h3_Subscribers Segmentation Li' is clicked on

2019-03-25 15:45:19 - [TEST_STEP][PASSED] - delay(1): Delayed 1 second(s)

2019-03-25 15:45:20 - [MESSAGE][PASSED] - Delayed 1 second(s)

2019-03-25 15:45:20 - [MESSAGE][PASSED] - Call Test Case 'Test Cases/s-sidebar_navigation/individualAccount/Segment subsciber' successfully

2019-03-25 15:45:20 - [TEST_STEP][PASSED] - delay(2): Delayed 2 second(s)

2019-03-25 15:45:22 - [MESSAGE][PASSED] - Delayed 2 second(s)

2019-03-25 15:45:22 - [TEST_STEP][PASSED] - click(findTestObject("Page_KiboPush  Dashboard/a_Create Segmented Subscribers")): Object: 'Object Repository/Page_KiboPush  Dashboard/a_Create Segmented Subscribers' is clicked on

2019-03-25 15:45:22 - [MESSAGE][PASSED] - Object: 'Object Repository/Page_KiboPush  Dashboard/a_Create Segmented Subscribers' is clicked on

2019-03-25 15:45:22 - [TEST_STEP][PASSED] - click(findTestObject("Page_KiboPush  Dashboard/h3_Create SubList of Subscribe")): Object: 'Object Repository/Page_KiboPush  Dashboard/h3_Create SubList of Subscribe' is clicked on

2019-03-25 15:45:22 - [MESSAGE][PASSED] - Object: 'Object Repository/Page_KiboPush  Dashboard/h3_Create SubList of Subscribe' is clicked on

2019-03-25 15:45:22 - [MESSAGE][PASSED] - Call Test Case 'Test Cases/Segment subscribers/TC0712' successfully

2019-03-25 15:45:22 - [TEST_STEP][PASSED] - click(findTestObject("Object Repository/Page_KiboPush  Dashboard/h3_Create SubList of Subscribe (1)")): Object: 'Object Repository/Page_KiboPush  Dashboard/h3_Create SubList of Subscribe (1)' is clicked on

2019-03-25 15:45:22 - [MESSAGE][PASSED] - Object: 'Object Repository/Page_KiboPush  Dashboard/h3_Create SubList of Subscribe (1)' is clicked on

2019-03-25 15:45:22 - [TEST_STEP][PASSED] - click(findTestObject("Object Repository/Page_KiboPush  Dashboard/input_segmentationType")): Object: 'Object Repository/Page_KiboPush  Dashboard/input_segmentationType' is clicked on

2019-03-25 15:45:22 - [MESSAGE][PASSED] - Object: 'Object Repository/Page_KiboPush  Dashboard/input_segmentationType' is clicked on

2019-03-25 15:45:22 - [TEST_STEP][PASSED] - click(findTestObject("Object Repository/Page_KiboPush  Dashboard/button_Save (1)")): Object: 'Object Repository/Page_KiboPush  Dashboard/button_Save (1)' is clicked on

2019-03-25 15:45:23 - [MESSAGE][PASSED] - Object: 'Object Repository/Page_KiboPush  Dashboard/button_Save (1)' is clicked on

2019-03-25 15:45:23 - [TEST_STEP][PASSED] - scrollToPosition(0, 0): Browser is scrolled to position x = 0, y = 0

2019-03-25 15:45:23 - [MESSAGE][PASSED] - Browser is scrolled to position x = 0, y = 0

2019-03-25 15:45:23 - [TEST_STEP][PASSED] - click(findTestObject("Object Repository/Page_KiboPush  Dashboard/span_Please enter name for the")): Object: 'Object Repository/Page_KiboPush  Dashboard/span_Please enter name for the' is clicked on

2019-03-25 15:45:23 - [MESSAGE][PASSED] - Object: 'Object Repository/Page_KiboPush  Dashboard/span_Please enter name for the' is clicked on]]></system-out>
         <system-err><![CDATA[]]></system-err>
      </testcase>
      <testcase name="Test Cases/Segment subscribers/TC0715" classname="Test Cases/Segment subscribers/TC0715" status="PASSED">
         <system-out><![CDATA[2019-03-25 15:45:23 - [TEST_CASE][PASSED] - Test Cases/Segment subscribers/TC0715: Test Cases/Segment subscribers/TC0715

2019-03-25 15:45:23 - [TEST_STEP][PASSED] - callTestCase(findTestCase("Segment subscribers/TC0712"), [:], STOP_ON_FAILURE): Call Test Case 'Test Cases/Segment subscribers/TC0712' successfully

2019-03-25 15:45:23 - [TEST_CASE][PASSED] - Test Cases/Segment subscribers/TC0712: Test Cases/Segment subscribers/TC0712

2019-03-25 15:45:23 - [TEST_STEP][PASSED] - callTestCase(findTestCase("s-sidebar_navigation/individualAccount/Segment subsciber"), [:], STOP_ON_FAILURE): Call Test Case 'Test Cases/s-sidebar_navigation/individualAccount/Segment subsciber' successfully

2019-03-25 15:45:23 - [TEST_CASE][PASSED] - Test Cases/s-sidebar_navigation/individualAccount/Segment subsciber: Test Cases/s-sidebar_navigation/individualAccount/Segment subsciber

2019-03-25 15:45:23 - [TEST_STEP][PASSED] - callTestCase(findTestCase("s-sidebar_navigation/individualAccount/Login-KiboEngage"), [:], STOP_ON_FAILURE): Call Test Case 'Test Cases/s-sidebar_navigation/individualAccount/Login-KiboEngage' successfully

2019-03-25 15:45:23 - [TEST_CASE][PASSED] - Test Cases/s-sidebar_navigation/individualAccount/Login-KiboEngage: Test Cases/s-sidebar_navigation/individualAccount/Login-KiboEngage

2019-03-25 15:45:23 - [TEST_STEP][PASSED] - openBrowser(""): Browser is opened with url: ''

2019-03-25 15:45:23 - [MESSAGE][WARNING] - A browser is already opened. Closing browser and opening a new one

2019-03-25 15:45:23 - [MESSAGE][INFO] - Starting 'Chrome' driver

2019-03-25 15:45:24 - [MESSAGE][PASSED] - Browser is opened with url: ''

2019-03-25 15:45:24 - [TEST_STEP][PASSED] - maximizeWindow(): Current window maximized

2019-03-25 15:45:24 - [MESSAGE][PASSED] - Current window maximized

2019-03-25 15:45:24 - [TEST_STEP][PASSED] - navigateToUrl("https://kiboengage.cloudkibo.com/"): Navigate to 'https://kiboengage.cloudkibo.com/' successfully

2019-03-25 15:45:40 - [MESSAGE][PASSED] - Navigate to 'https://kiboengage.cloudkibo.com/' successfully

2019-03-25 15:45:40 - [TEST_STEP][PASSED] - navigateToUrl("https://accounts.cloudkibo.com/?continue=https://kiboengage.cloudkibo.com"): Navigate to 'https://accounts.cloudkibo.com/?continue=https://kiboengage.cloudkibo.com' successfully

2019-03-25 15:45:41 - [MESSAGE][PASSED] - Navigate to 'https://accounts.cloudkibo.com/?continue=https://kiboengage.cloudkibo.com' successfully

2019-03-25 15:45:41 - [TEST_STEP][PASSED] - click(findTestObject("Page_KiboPush/a_Login (9) (1)")): Object: 'Object Repository/Page_KiboPush/a_Login (9) (1)' is clicked on

2019-03-25 15:45:41 - [MESSAGE][PASSED] - Object: 'Object Repository/Page_KiboPush/a_Login (9) (1)' is clicked on

2019-03-25 15:45:41 - [TEST_STEP][PASSED] - setText(findTestObject("Page_KiboPush/input_email (10) (1)"), "individual@cloudkibo.com"): Text 'individual@cloudkibo.com' is set on object 'Object Repository/Page_KiboPush/input_email (10) (1)'

2019-03-25 15:45:42 - [MESSAGE][PASSED] - Text 'individual@cloudkibo.com' is set on object 'Object Repository/Page_KiboPush/input_email (10) (1)'

2019-03-25 15:45:42 - [TEST_STEP][PASSED] - setEncryptedText(findTestObject("Page_KiboPush/input_password (9) (1)"), "RigbBhfdqOBGNlJIWM1ClA=="): Text ****** has been set on object 'Object Repository/Page_KiboPush/input_password (9) (1)'

2019-03-25 15:45:42 - [MESSAGE][PASSED] - Text ****** has been set on object 'Object Repository/Page_KiboPush/input_password (9) (1)'

2019-03-25 15:45:42 - [TEST_STEP][PASSED] - click(findTestObject("Page_KiboPush/button_Sign In (10) (1)")): Object: 'Object Repository/Page_KiboPush/button_Sign In (10) (1)' is clicked on

2019-03-25 15:45:42 - [MESSAGE][PASSED] - Object: 'Object Repository/Page_KiboPush/button_Sign In (10) (1)' is clicked on

2019-03-25 15:45:42 - [TEST_STEP][PASSED] - navigateToUrl("https://kiboengage.cloudkibo.com/dashboard"): Navigate to 'https://kiboengage.cloudkibo.com/dashboard' successfully

2019-03-25 15:46:06 - [MESSAGE][PASSED] - Navigate to 'https://kiboengage.cloudkibo.com/dashboard' successfully

2019-03-25 15:46:06 - [TEST_STEP][PASSED] - click(findTestObject("Object Repository/Page_KiboPush  Dashboard/h3_Dashboard (57)")): Object: 'Object Repository/Page_KiboPush  Dashboard/h3_Dashboard (57)' is clicked on

2019-03-25 15:46:06 - [MESSAGE][PASSED] - Object: 'Object Repository/Page_KiboPush  Dashboard/h3_Dashboard (57)' is clicked on

2019-03-25 15:46:06 - [TEST_STEP][PASSED] - delay(3): Delayed 3 second(s)

2019-03-25 15:46:09 - [MESSAGE][PASSED] - Delayed 3 second(s)

2019-03-25 15:46:09 - [MESSAGE][PASSED] - Call Test Case 'Test Cases/s-sidebar_navigation/individualAccount/Login-KiboEngage' successfully

2019-03-25 15:46:09 - [TEST_STEP][PASSED] - click(findTestObject("Page_KiboPush  Dashboard/span_Broadcasting")): Object: 'Object Repository/Page_KiboPush  Dashboard/span_Broadcasting' is clicked on

2019-03-25 15:46:09 - [MESSAGE][PASSED] - Object: 'Object Repository/Page_KiboPush  Dashboard/span_Broadcasting' is clicked on

2019-03-25 15:46:09 - [TEST_STEP][PASSED] - delay(1): Delayed 1 second(s)

2019-03-25 15:46:10 - [MESSAGE][PASSED] - Delayed 1 second(s)

2019-03-25 15:46:10 - [TEST_STEP][PASSED] - click(findTestObject("Page_KiboPush  Dashboard/span_Segment Subscribers")): Object: 'Object Repository/Page_KiboPush  Dashboard/span_Segment Subscribers' is clicked on

2019-03-25 15:46:11 - [MESSAGE][PASSED] - Object: 'Object Repository/Page_KiboPush  Dashboard/span_Segment Subscribers' is clicked on

2019-03-25 15:46:11 - [TEST_STEP][PASSED] - click(findTestObject("Page_KiboPush  Dashboard/h3_Subscribers Segmentation Li")): Object: 'Object Repository/Page_KiboPush  Dashboard/h3_Subscribers Segmentation Li' is clicked on

2019-03-25 15:46:11 - [MESSAGE][PASSED] - Object: 'Object Repository/Page_KiboPush  Dashboard/h3_Subscribers Segmentation Li' is clicked on

2019-03-25 15:46:11 - [TEST_STEP][PASSED] - delay(1): Delayed 1 second(s)

2019-03-25 15:46:12 - [MESSAGE][PASSED] - Delayed 1 second(s)

2019-03-25 15:46:12 - [MESSAGE][PASSED] - Call Test Case 'Test Cases/s-sidebar_navigation/individualAccount/Segment subsciber' successfully

2019-03-25 15:46:12 - [TEST_STEP][PASSED] - delay(2): Delayed 2 second(s)

2019-03-25 15:46:14 - [MESSAGE][PASSED] - Delayed 2 second(s)

2019-03-25 15:46:14 - [TEST_STEP][PASSED] - click(findTestObject("Page_KiboPush  Dashboard/a_Create Segmented Subscribers")): Object: 'Object Repository/Page_KiboPush  Dashboard/a_Create Segmented Subscribers' is clicked on

2019-03-25 15:46:14 - [MESSAGE][PASSED] - Object: 'Object Repository/Page_KiboPush  Dashboard/a_Create Segmented Subscribers' is clicked on

2019-03-25 15:46:14 - [TEST_STEP][PASSED] - click(findTestObject("Page_KiboPush  Dashboard/h3_Create SubList of Subscribe")): Object: 'Object Repository/Page_KiboPush  Dashboard/h3_Create SubList of Subscribe' is clicked on

2019-03-25 15:46:14 - [MESSAGE][PASSED] - Object: 'Object Repository/Page_KiboPush  Dashboard/h3_Create SubList of Subscribe' is clicked on

2019-03-25 15:46:14 - [MESSAGE][PASSED] - Call Test Case 'Test Cases/Segment subscribers/TC0712' successfully

2019-03-25 15:46:14 - [TEST_STEP][PASSED] - click(findTestObject("Object Repository/Page_KiboPush  Dashboard/h3_Create SubList of Subscribe (2)")): Object: 'Object Repository/Page_KiboPush  Dashboard/h3_Create SubList of Subscribe (2)' is clicked on

2019-03-25 15:46:14 - [MESSAGE][PASSED] - Object: 'Object Repository/Page_KiboPush  Dashboard/h3_Create SubList of Subscribe (2)' is clicked on

2019-03-25 15:46:14 - [TEST_STEP][PASSED] - click(findTestObject("Object Repository/Page_KiboPush  Dashboard/input_segmentationType (1)")): Object: 'Object Repository/Page_KiboPush  Dashboard/input_segmentationType (1)' is clicked on

2019-03-25 15:46:14 - [MESSAGE][PASSED] - Object: 'Object Repository/Page_KiboPush  Dashboard/input_segmentationType (1)' is clicked on

2019-03-25 15:46:14 - [TEST_STEP][PASSED] - setText(findTestObject("Object Repository/Page_KiboPush  Dashboard/input_listName"), "15"): Text '15' is set on object 'Object Repository/Page_KiboPush  Dashboard/input_listName'

2019-03-25 15:46:14 - [MESSAGE][PASSED] - Text '15' is set on object 'Object Repository/Page_KiboPush  Dashboard/input_listName'

2019-03-25 15:46:14 - [TEST_STEP][PASSED] - click(findTestObject("Object Repository/Page_KiboPush  Dashboard/button_Save (2)")): Object: 'Object Repository/Page_KiboPush  Dashboard/button_Save (2)' is clicked on

2019-03-25 15:46:15 - [MESSAGE][PASSED] - Object: 'Object Repository/Page_KiboPush  Dashboard/button_Save (2)' is clicked on

2019-03-25 15:46:15 - [TEST_STEP][PASSED] - click(findTestObject("Object Repository/Page_KiboPush  Dashboard/span_Please choose a valid con")): Object: 'Object Repository/Page_KiboPush  Dashboard/span_Please choose a valid con' is clicked on

2019-03-25 15:46:15 - [MESSAGE][PASSED] - Object: 'Object Repository/Page_KiboPush  Dashboard/span_Please choose a valid con' is clicked on]]></system-out>
         <system-err><![CDATA[]]></system-err>
      </testcase>
      <testcase name="Test Cases/Segment subscribers/TC0716-begin" classname="Test Cases/Segment subscribers/TC0716-begin" status="PASSED">
         <system-out><![CDATA[2019-03-25 15:46:15 - [TEST_CASE][PASSED] - Test Cases/Segment subscribers/TC0716-begin: Test Cases/Segment subscribers/TC0716-begin

2019-03-25 15:46:15 - [TEST_STEP][PASSED] - callTestCase(findTestCase("Segment subscribers/TC0712"), [:], STOP_ON_FAILURE): Call Test Case 'Test Cases/Segment subscribers/TC0712' successfully

2019-03-25 15:46:15 - [TEST_CASE][PASSED] - Test Cases/Segment subscribers/TC0712: Test Cases/Segment subscribers/TC0712

2019-03-25 15:46:15 - [TEST_STEP][PASSED] - callTestCase(findTestCase("s-sidebar_navigation/individualAccount/Segment subsciber"), [:], STOP_ON_FAILURE): Call Test Case 'Test Cases/s-sidebar_navigation/individualAccount/Segment subsciber' successfully

2019-03-25 15:46:15 - [TEST_CASE][PASSED] - Test Cases/s-sidebar_navigation/individualAccount/Segment subsciber: Test Cases/s-sidebar_navigation/individualAccount/Segment subsciber

2019-03-25 15:46:15 - [TEST_STEP][PASSED] - callTestCase(findTestCase("s-sidebar_navigation/individualAccount/Login-KiboEngage"), [:], STOP_ON_FAILURE): Call Test Case 'Test Cases/s-sidebar_navigation/individualAccount/Login-KiboEngage' successfully

2019-03-25 15:46:15 - [TEST_CASE][PASSED] - Test Cases/s-sidebar_navigation/individualAccount/Login-KiboEngage: Test Cases/s-sidebar_navigation/individualAccount/Login-KiboEngage

2019-03-25 15:46:15 - [TEST_STEP][PASSED] - openBrowser(""): Browser is opened with url: ''

2019-03-25 15:46:15 - [MESSAGE][WARNING] - A browser is already opened. Closing browser and opening a new one

2019-03-25 15:46:15 - [MESSAGE][INFO] - Starting 'Chrome' driver

2019-03-25 15:46:16 - [MESSAGE][PASSED] - Browser is opened with url: ''

2019-03-25 15:46:16 - [TEST_STEP][PASSED] - maximizeWindow(): Current window maximized

2019-03-25 15:46:16 - [MESSAGE][PASSED] - Current window maximized

2019-03-25 15:46:16 - [TEST_STEP][PASSED] - navigateToUrl("https://kiboengage.cloudkibo.com/"): Navigate to 'https://kiboengage.cloudkibo.com/' successfully

2019-03-25 15:46:30 - [MESSAGE][PASSED] - Navigate to 'https://kiboengage.cloudkibo.com/' successfully

2019-03-25 15:46:30 - [TEST_STEP][PASSED] - navigateToUrl("https://accounts.cloudkibo.com/?continue=https://kiboengage.cloudkibo.com"): Navigate to 'https://accounts.cloudkibo.com/?continue=https://kiboengage.cloudkibo.com' successfully

2019-03-25 15:46:31 - [MESSAGE][PASSED] - Navigate to 'https://accounts.cloudkibo.com/?continue=https://kiboengage.cloudkibo.com' successfully

2019-03-25 15:46:31 - [TEST_STEP][PASSED] - click(findTestObject("Page_KiboPush/a_Login (9) (1)")): Object: 'Object Repository/Page_KiboPush/a_Login (9) (1)' is clicked on

2019-03-25 15:46:32 - [MESSAGE][PASSED] - Object: 'Object Repository/Page_KiboPush/a_Login (9) (1)' is clicked on

2019-03-25 15:46:32 - [TEST_STEP][PASSED] - setText(findTestObject("Page_KiboPush/input_email (10) (1)"), "individual@cloudkibo.com"): Text 'individual@cloudkibo.com' is set on object 'Object Repository/Page_KiboPush/input_email (10) (1)'

2019-03-25 15:46:32 - [MESSAGE][PASSED] - Text 'individual@cloudkibo.com' is set on object 'Object Repository/Page_KiboPush/input_email (10) (1)'

2019-03-25 15:46:32 - [TEST_STEP][PASSED] - setEncryptedText(findTestObject("Page_KiboPush/input_password (9) (1)"), "RigbBhfdqOBGNlJIWM1ClA=="): Text ****** has been set on object 'Object Repository/Page_KiboPush/input_password (9) (1)'

2019-03-25 15:46:32 - [MESSAGE][PASSED] - Text ****** has been set on object 'Object Repository/Page_KiboPush/input_password (9) (1)'

2019-03-25 15:46:32 - [TEST_STEP][PASSED] - click(findTestObject("Page_KiboPush/button_Sign In (10) (1)")): Object: 'Object Repository/Page_KiboPush/button_Sign In (10) (1)' is clicked on

2019-03-25 15:46:32 - [MESSAGE][PASSED] - Object: 'Object Repository/Page_KiboPush/button_Sign In (10) (1)' is clicked on

2019-03-25 15:46:32 - [TEST_STEP][PASSED] - navigateToUrl("https://kiboengage.cloudkibo.com/dashboard"): Navigate to 'https://kiboengage.cloudkibo.com/dashboard' successfully

2019-03-25 15:47:00 - [MESSAGE][PASSED] - Navigate to 'https://kiboengage.cloudkibo.com/dashboard' successfully

2019-03-25 15:47:00 - [TEST_STEP][PASSED] - click(findTestObject("Object Repository/Page_KiboPush  Dashboard/h3_Dashboard (57)")): Object: 'Object Repository/Page_KiboPush  Dashboard/h3_Dashboard (57)' is clicked on

2019-03-25 15:47:00 - [MESSAGE][PASSED] - Object: 'Object Repository/Page_KiboPush  Dashboard/h3_Dashboard (57)' is clicked on

2019-03-25 15:47:00 - [TEST_STEP][PASSED] - delay(3): Delayed 3 second(s)

2019-03-25 15:47:03 - [MESSAGE][PASSED] - Delayed 3 second(s)

2019-03-25 15:47:03 - [MESSAGE][PASSED] - Call Test Case 'Test Cases/s-sidebar_navigation/individualAccount/Login-KiboEngage' successfully

2019-03-25 15:47:03 - [TEST_STEP][PASSED] - click(findTestObject("Page_KiboPush  Dashboard/span_Broadcasting")): Object: 'Object Repository/Page_KiboPush  Dashboard/span_Broadcasting' is clicked on

2019-03-25 15:47:03 - [MESSAGE][PASSED] - Object: 'Object Repository/Page_KiboPush  Dashboard/span_Broadcasting' is clicked on

2019-03-25 15:47:03 - [TEST_STEP][PASSED] - delay(1): Delayed 1 second(s)

2019-03-25 15:47:04 - [MESSAGE][PASSED] - Delayed 1 second(s)

2019-03-25 15:47:04 - [TEST_STEP][PASSED] - click(findTestObject("Page_KiboPush  Dashboard/span_Segment Subscribers")): Object: 'Object Repository/Page_KiboPush  Dashboard/span_Segment Subscribers' is clicked on

2019-03-25 15:47:04 - [MESSAGE][PASSED] - Object: 'Object Repository/Page_KiboPush  Dashboard/span_Segment Subscribers' is clicked on

2019-03-25 15:47:04 - [TEST_STEP][PASSED] - click(findTestObject("Page_KiboPush  Dashboard/h3_Subscribers Segmentation Li")): Object: 'Object Repository/Page_KiboPush  Dashboard/h3_Subscribers Segmentation Li' is clicked on

2019-03-25 15:47:05 - [MESSAGE][PASSED] - Object: 'Object Repository/Page_KiboPush  Dashboard/h3_Subscribers Segmentation Li' is clicked on

2019-03-25 15:47:05 - [TEST_STEP][PASSED] - delay(1): Delayed 1 second(s)

2019-03-25 15:47:06 - [MESSAGE][PASSED] - Delayed 1 second(s)

2019-03-25 15:47:06 - [MESSAGE][PASSED] - Call Test Case 'Test Cases/s-sidebar_navigation/individualAccount/Segment subsciber' successfully

2019-03-25 15:47:06 - [TEST_STEP][PASSED] - delay(2): Delayed 2 second(s)

2019-03-25 15:47:08 - [MESSAGE][PASSED] - Delayed 2 second(s)

2019-03-25 15:47:08 - [TEST_STEP][PASSED] - click(findTestObject("Page_KiboPush  Dashboard/a_Create Segmented Subscribers")): Object: 'Object Repository/Page_KiboPush  Dashboard/a_Create Segmented Subscribers' is clicked on

2019-03-25 15:47:08 - [MESSAGE][PASSED] - Object: 'Object Repository/Page_KiboPush  Dashboard/a_Create Segmented Subscribers' is clicked on

2019-03-25 15:47:08 - [TEST_STEP][PASSED] - click(findTestObject("Page_KiboPush  Dashboard/h3_Create SubList of Subscribe")): Object: 'Object Repository/Page_KiboPush  Dashboard/h3_Create SubList of Subscribe' is clicked on

2019-03-25 15:47:08 - [MESSAGE][PASSED] - Object: 'Object Repository/Page_KiboPush  Dashboard/h3_Create SubList of Subscribe' is clicked on

2019-03-25 15:47:08 - [MESSAGE][PASSED] - Call Test Case 'Test Cases/Segment subscribers/TC0712' successfully

2019-03-25 15:47:08 - [TEST_STEP][PASSED] - delay(2): Delayed 2 second(s)

2019-03-25 15:47:10 - [MESSAGE][PASSED] - Delayed 2 second(s)

2019-03-25 15:47:10 - [TEST_STEP][PASSED] - click(findTestObject("Page_KiboPush  Dashboard/input_segmentationType (6)")): Object: 'Object Repository/Page_KiboPush  Dashboard/input_segmentationType (6)' is clicked on

2019-03-25 15:47:10 - [MESSAGE][PASSED] - Object: 'Object Repository/Page_KiboPush  Dashboard/input_segmentationType (6)' is clicked on

2019-03-25 15:47:10 - [TEST_STEP][PASSED] - setText(findTestObject("Page_KiboPush  Dashboard/input_listName (6)"), "19"): Text '19' is set on object 'Object Repository/Page_KiboPush  Dashboard/input_listName (6)'

2019-03-25 15:47:10 - [MESSAGE][PASSED] - Text '19' is set on object 'Object Repository/Page_KiboPush  Dashboard/input_listName (6)'

2019-03-25 15:47:10 - [TEST_STEP][PASSED] - selectOptionByValue(findTestObject("Page_KiboPush  Dashboard/select_Select ConditionFirst N (4)"), "firstName", true): All options with value 'firstName' are selected in object 'Object Repository/Page_KiboPush  Dashboard/select_Select ConditionFirst N (4)'  using regular expression

2019-03-25 15:47:11 - [MESSAGE][PASSED] - All options with value 'firstName' are selected in object 'Object Repository/Page_KiboPush  Dashboard/select_Select ConditionFirst N (4)'  using regular expression

2019-03-25 15:47:11 - [TEST_STEP][PASSED] - selectOptionByValue(findTestObject("Page_KiboPush  Dashboard/select_Select Criteriaiscontai (3)"), "begins", true): All options with value 'begins' are selected in object 'Object Repository/Page_KiboPush  Dashboard/select_Select Criteriaiscontai (3)'  using regular expression

2019-03-25 15:47:11 - [MESSAGE][PASSED] - All options with value 'begins' are selected in object 'Object Repository/Page_KiboPush  Dashboard/select_Select Criteriaiscontai (3)'  using regular expression

2019-03-25 15:47:11 - [TEST_STEP][PASSED] - setText(findTestObject("Page_KiboPush  Dashboard/input_text (4)"), "a"): Text 'a' is set on object 'Object Repository/Page_KiboPush  Dashboard/input_text (4)'

2019-03-25 15:47:11 - [MESSAGE][PASSED] - Text 'a' is set on object 'Object Repository/Page_KiboPush  Dashboard/input_text (4)'

2019-03-25 15:47:11 - [TEST_STEP][PASSED] - click(findTestObject("Page_KiboPush  Dashboard/button_Save (8)")): Object: 'Object Repository/Page_KiboPush  Dashboard/button_Save (8)' is clicked on

2019-03-25 15:47:11 - [MESSAGE][PASSED] - Object: 'Object Repository/Page_KiboPush  Dashboard/button_Save (8)' is clicked on

2019-03-25 15:47:11 - [TEST_STEP][PASSED] - click(findTestObject("Page_KiboPush  Dashboard/div_List created successfully (2)")): Object: 'Object Repository/Page_KiboPush  Dashboard/div_List created successfully (2)' is clicked on

2019-03-25 15:47:12 - [MESSAGE][PASSED] - Object: 'Object Repository/Page_KiboPush  Dashboard/div_List created successfully (2)' is clicked on]]></system-out>
         <system-err><![CDATA[]]></system-err>
      </testcase>
      <testcase name="Test Cases/Segment subscribers/TC0716" classname="Test Cases/Segment subscribers/TC0716" status="PASSED">
         <system-out><![CDATA[2019-03-25 15:47:12 - [TEST_CASE][PASSED] - Test Cases/Segment subscribers/TC0716: Test Cases/Segment subscribers/TC0716

2019-03-25 15:47:12 - [TEST_STEP][PASSED] - callTestCase(findTestCase("Segment subscribers/TC0712"), [:], STOP_ON_FAILURE): Call Test Case 'Test Cases/Segment subscribers/TC0712' successfully

2019-03-25 15:47:12 - [TEST_CASE][PASSED] - Test Cases/Segment subscribers/TC0712: Test Cases/Segment subscribers/TC0712

2019-03-25 15:47:12 - [TEST_STEP][PASSED] - callTestCase(findTestCase("s-sidebar_navigation/individualAccount/Segment subsciber"), [:], STOP_ON_FAILURE): Call Test Case 'Test Cases/s-sidebar_navigation/individualAccount/Segment subsciber' successfully

2019-03-25 15:47:12 - [TEST_CASE][PASSED] - Test Cases/s-sidebar_navigation/individualAccount/Segment subsciber: Test Cases/s-sidebar_navigation/individualAccount/Segment subsciber

2019-03-25 15:47:12 - [TEST_STEP][PASSED] - callTestCase(findTestCase("s-sidebar_navigation/individualAccount/Login-KiboEngage"), [:], STOP_ON_FAILURE): Call Test Case 'Test Cases/s-sidebar_navigation/individualAccount/Login-KiboEngage' successfully

2019-03-25 15:47:12 - [TEST_CASE][PASSED] - Test Cases/s-sidebar_navigation/individualAccount/Login-KiboEngage: Test Cases/s-sidebar_navigation/individualAccount/Login-KiboEngage

2019-03-25 15:47:12 - [TEST_STEP][PASSED] - openBrowser(""): Browser is opened with url: ''

2019-03-25 15:47:12 - [MESSAGE][WARNING] - A browser is already opened. Closing browser and opening a new one

2019-03-25 15:47:12 - [MESSAGE][INFO] - Starting 'Chrome' driver

2019-03-25 15:47:13 - [MESSAGE][PASSED] - Browser is opened with url: ''

2019-03-25 15:47:13 - [TEST_STEP][PASSED] - maximizeWindow(): Current window maximized

2019-03-25 15:47:13 - [MESSAGE][PASSED] - Current window maximized

2019-03-25 15:47:13 - [TEST_STEP][PASSED] - navigateToUrl("https://kiboengage.cloudkibo.com/"): Navigate to 'https://kiboengage.cloudkibo.com/' successfully

2019-03-25 15:47:29 - [MESSAGE][PASSED] - Navigate to 'https://kiboengage.cloudkibo.com/' successfully

2019-03-25 15:47:29 - [TEST_STEP][PASSED] - navigateToUrl("https://accounts.cloudkibo.com/?continue=https://kiboengage.cloudkibo.com"): Navigate to 'https://accounts.cloudkibo.com/?continue=https://kiboengage.cloudkibo.com' successfully

2019-03-25 15:47:29 - [MESSAGE][PASSED] - Navigate to 'https://accounts.cloudkibo.com/?continue=https://kiboengage.cloudkibo.com' successfully

2019-03-25 15:47:29 - [TEST_STEP][PASSED] - click(findTestObject("Page_KiboPush/a_Login (9) (1)")): Object: 'Object Repository/Page_KiboPush/a_Login (9) (1)' is clicked on

2019-03-25 15:47:30 - [MESSAGE][PASSED] - Object: 'Object Repository/Page_KiboPush/a_Login (9) (1)' is clicked on

2019-03-25 15:47:30 - [TEST_STEP][PASSED] - setText(findTestObject("Page_KiboPush/input_email (10) (1)"), "individual@cloudkibo.com"): Text 'individual@cloudkibo.com' is set on object 'Object Repository/Page_KiboPush/input_email (10) (1)'

2019-03-25 15:47:30 - [MESSAGE][PASSED] - Text 'individual@cloudkibo.com' is set on object 'Object Repository/Page_KiboPush/input_email (10) (1)'

2019-03-25 15:47:30 - [TEST_STEP][PASSED] - setEncryptedText(findTestObject("Page_KiboPush/input_password (9) (1)"), "RigbBhfdqOBGNlJIWM1ClA=="): Text ****** has been set on object 'Object Repository/Page_KiboPush/input_password (9) (1)'

2019-03-25 15:47:30 - [MESSAGE][PASSED] - Text ****** has been set on object 'Object Repository/Page_KiboPush/input_password (9) (1)'

2019-03-25 15:47:30 - [TEST_STEP][PASSED] - click(findTestObject("Page_KiboPush/button_Sign In (10) (1)")): Object: 'Object Repository/Page_KiboPush/button_Sign In (10) (1)' is clicked on

2019-03-25 15:47:30 - [MESSAGE][PASSED] - Object: 'Object Repository/Page_KiboPush/button_Sign In (10) (1)' is clicked on

2019-03-25 15:47:30 - [TEST_STEP][PASSED] - navigateToUrl("https://kiboengage.cloudkibo.com/dashboard"): Navigate to 'https://kiboengage.cloudkibo.com/dashboard' successfully

2019-03-25 15:47:55 - [MESSAGE][PASSED] - Navigate to 'https://kiboengage.cloudkibo.com/dashboard' successfully

2019-03-25 15:47:55 - [TEST_STEP][PASSED] - click(findTestObject("Object Repository/Page_KiboPush  Dashboard/h3_Dashboard (57)")): Object: 'Object Repository/Page_KiboPush  Dashboard/h3_Dashboard (57)' is clicked on

2019-03-25 15:47:56 - [MESSAGE][PASSED] - Object: 'Object Repository/Page_KiboPush  Dashboard/h3_Dashboard (57)' is clicked on

2019-03-25 15:47:56 - [TEST_STEP][PASSED] - delay(3): Delayed 3 second(s)

2019-03-25 15:47:59 - [MESSAGE][PASSED] - Delayed 3 second(s)

2019-03-25 15:47:59 - [MESSAGE][PASSED] - Call Test Case 'Test Cases/s-sidebar_navigation/individualAccount/Login-KiboEngage' successfully

2019-03-25 15:47:59 - [TEST_STEP][PASSED] - click(findTestObject("Page_KiboPush  Dashboard/span_Broadcasting")): Object: 'Object Repository/Page_KiboPush  Dashboard/span_Broadcasting' is clicked on

2019-03-25 15:47:59 - [MESSAGE][PASSED] - Object: 'Object Repository/Page_KiboPush  Dashboard/span_Broadcasting' is clicked on

2019-03-25 15:47:59 - [TEST_STEP][PASSED] - delay(1): Delayed 1 second(s)

2019-03-25 15:48:00 - [MESSAGE][PASSED] - Delayed 1 second(s)

2019-03-25 15:48:00 - [TEST_STEP][PASSED] - click(findTestObject("Page_KiboPush  Dashboard/span_Segment Subscribers")): Object: 'Object Repository/Page_KiboPush  Dashboard/span_Segment Subscribers' is clicked on

2019-03-25 15:48:00 - [MESSAGE][PASSED] - Object: 'Object Repository/Page_KiboPush  Dashboard/span_Segment Subscribers' is clicked on

2019-03-25 15:48:00 - [TEST_STEP][PASSED] - click(findTestObject("Page_KiboPush  Dashboard/h3_Subscribers Segmentation Li")): Object: 'Object Repository/Page_KiboPush  Dashboard/h3_Subscribers Segmentation Li' is clicked on

2019-03-25 15:48:00 - [MESSAGE][PASSED] - Object: 'Object Repository/Page_KiboPush  Dashboard/h3_Subscribers Segmentation Li' is clicked on

2019-03-25 15:48:00 - [TEST_STEP][PASSED] - delay(1): Delayed 1 second(s)

2019-03-25 15:48:01 - [MESSAGE][PASSED] - Delayed 1 second(s)

2019-03-25 15:48:01 - [MESSAGE][PASSED] - Call Test Case 'Test Cases/s-sidebar_navigation/individualAccount/Segment subsciber' successfully

2019-03-25 15:48:01 - [TEST_STEP][PASSED] - delay(2): Delayed 2 second(s)

2019-03-25 15:48:03 - [MESSAGE][PASSED] - Delayed 2 second(s)

2019-03-25 15:48:03 - [TEST_STEP][PASSED] - click(findTestObject("Page_KiboPush  Dashboard/a_Create Segmented Subscribers")): Object: 'Object Repository/Page_KiboPush  Dashboard/a_Create Segmented Subscribers' is clicked on

2019-03-25 15:48:03 - [MESSAGE][PASSED] - Object: 'Object Repository/Page_KiboPush  Dashboard/a_Create Segmented Subscribers' is clicked on

2019-03-25 15:48:03 - [TEST_STEP][PASSED] - click(findTestObject("Page_KiboPush  Dashboard/h3_Create SubList of Subscribe")): Object: 'Object Repository/Page_KiboPush  Dashboard/h3_Create SubList of Subscribe' is clicked on

2019-03-25 15:48:03 - [MESSAGE][PASSED] - Object: 'Object Repository/Page_KiboPush  Dashboard/h3_Create SubList of Subscribe' is clicked on

2019-03-25 15:48:03 - [MESSAGE][PASSED] - Call Test Case 'Test Cases/Segment subscribers/TC0712' successfully

2019-03-25 15:48:03 - [TEST_STEP][PASSED] - delay(0): Delayed 0 second(s)

2019-03-25 15:48:03 - [MESSAGE][PASSED] - Delayed 0 second(s)

2019-03-25 15:48:03 - [TEST_STEP][PASSED] - click(findTestObject("Page_KiboPush  Dashboard/h3_Create SubList of Subscribe (8)")): Object: 'Object Repository/Page_KiboPush  Dashboard/h3_Create SubList of Subscribe (8)' is clicked on

2019-03-25 15:48:03 - [MESSAGE][PASSED] - Object: 'Object Repository/Page_KiboPush  Dashboard/h3_Create SubList of Subscribe (8)' is clicked on

2019-03-25 15:48:03 - [TEST_STEP][PASSED] - click(findTestObject("Page_KiboPush  Dashboard/input_segmentationType (7)")): Object: 'Object Repository/Page_KiboPush  Dashboard/input_segmentationType (7)' is clicked on

2019-03-25 15:48:03 - [MESSAGE][PASSED] - Object: 'Object Repository/Page_KiboPush  Dashboard/input_segmentationType (7)' is clicked on

2019-03-25 15:48:03 - [TEST_STEP][PASSED] - setText(findTestObject("Page_KiboPush  Dashboard/input_listName (7)"), "18"): Text '18' is set on object 'Object Repository/Page_KiboPush  Dashboard/input_listName (7)'

2019-03-25 15:48:04 - [MESSAGE][PASSED] - Text '18' is set on object 'Object Repository/Page_KiboPush  Dashboard/input_listName (7)'

2019-03-25 15:48:04 - [TEST_STEP][PASSED] - selectOptionByValue(findTestObject("Page_KiboPush  Dashboard/select_Select ConditionFirst N (5)"), "firstName", true): All options with value 'firstName' are selected in object 'Object Repository/Page_KiboPush  Dashboard/select_Select ConditionFirst N (5)'  using regular expression

2019-03-25 15:48:04 - [MESSAGE][PASSED] - All options with value 'firstName' are selected in object 'Object Repository/Page_KiboPush  Dashboard/select_Select ConditionFirst N (5)'  using regular expression

2019-03-25 15:48:04 - [TEST_STEP][PASSED] - selectOptionByValue(findTestObject("Page_KiboPush  Dashboard/select_Select Criteriaiscontai (4)"), "is", true): All options with value 'is' are selected in object 'Object Repository/Page_KiboPush  Dashboard/select_Select Criteriaiscontai (4)'  using regular expression

2019-03-25 15:48:04 - [MESSAGE][PASSED] - All options with value 'is' are selected in object 'Object Repository/Page_KiboPush  Dashboard/select_Select Criteriaiscontai (4)'  using regular expression

2019-03-25 15:48:04 - [TEST_STEP][PASSED] - setText(findTestObject("Page_KiboPush  Dashboard/input_text (5)"), "arveen"): Text 'arveen' is set on object 'Object Repository/Page_KiboPush  Dashboard/input_text (5)'

2019-03-25 15:48:04 - [MESSAGE][PASSED] - Text 'arveen' is set on object 'Object Repository/Page_KiboPush  Dashboard/input_text (5)'

2019-03-25 15:48:04 - [TEST_STEP][PASSED] - click(findTestObject("Page_KiboPush  Dashboard/button_Save (9)")): Object: 'Object Repository/Page_KiboPush  Dashboard/button_Save (9)' is clicked on

2019-03-25 15:48:04 - [MESSAGE][PASSED] - Object: 'Object Repository/Page_KiboPush  Dashboard/button_Save (9)' is clicked on

2019-03-25 15:48:04 - [TEST_STEP][PASSED] - click(findTestObject("Page_KiboPush  Dashboard/div_List created successfully (3)")): Object: 'Object Repository/Page_KiboPush  Dashboard/div_List created successfully (3)' is clicked on

2019-03-25 15:48:05 - [MESSAGE][PASSED] - Object: 'Object Repository/Page_KiboPush  Dashboard/div_List created successfully (3)' is clicked on]]></system-out>
         <system-err><![CDATA[]]></system-err>
      </testcase>
      <testcase name="Test Cases/Segment subscribers/TC0717-lastName" classname="Test Cases/Segment subscribers/TC0717-lastName" status="PASSED">
         <system-out><![CDATA[2019-03-25 15:48:05 - [TEST_CASE][PASSED] - Test Cases/Segment subscribers/TC0717-lastName: Test Cases/Segment subscribers/TC0717-lastName

2019-03-25 15:48:05 - [TEST_STEP][PASSED] - callTestCase(findTestCase("Segment subscribers/TC0712"), [:], STOP_ON_FAILURE): Call Test Case 'Test Cases/Segment subscribers/TC0712' successfully

2019-03-25 15:48:05 - [TEST_CASE][PASSED] - Test Cases/Segment subscribers/TC0712: Test Cases/Segment subscribers/TC0712

2019-03-25 15:48:05 - [TEST_STEP][PASSED] - callTestCase(findTestCase("s-sidebar_navigation/individualAccount/Segment subsciber"), [:], STOP_ON_FAILURE): Call Test Case 'Test Cases/s-sidebar_navigation/individualAccount/Segment subsciber' successfully

2019-03-25 15:48:05 - [TEST_CASE][PASSED] - Test Cases/s-sidebar_navigation/individualAccount/Segment subsciber: Test Cases/s-sidebar_navigation/individualAccount/Segment subsciber

2019-03-25 15:48:05 - [TEST_STEP][PASSED] - callTestCase(findTestCase("s-sidebar_navigation/individualAccount/Login-KiboEngage"), [:], STOP_ON_FAILURE): Call Test Case 'Test Cases/s-sidebar_navigation/individualAccount/Login-KiboEngage' successfully

2019-03-25 15:48:05 - [TEST_CASE][PASSED] - Test Cases/s-sidebar_navigation/individualAccount/Login-KiboEngage: Test Cases/s-sidebar_navigation/individualAccount/Login-KiboEngage

2019-03-25 15:48:05 - [TEST_STEP][PASSED] - openBrowser(""): Browser is opened with url: ''

2019-03-25 15:48:05 - [MESSAGE][WARNING] - A browser is already opened. Closing browser and opening a new one

2019-03-25 15:48:05 - [MESSAGE][INFO] - Starting 'Chrome' driver

2019-03-25 15:48:06 - [MESSAGE][PASSED] - Browser is opened with url: ''

2019-03-25 15:48:06 - [TEST_STEP][PASSED] - maximizeWindow(): Current window maximized

2019-03-25 15:48:06 - [MESSAGE][PASSED] - Current window maximized

2019-03-25 15:48:06 - [TEST_STEP][PASSED] - navigateToUrl("https://kiboengage.cloudkibo.com/"): Navigate to 'https://kiboengage.cloudkibo.com/' successfully

2019-03-25 15:48:19 - [MESSAGE][PASSED] - Navigate to 'https://kiboengage.cloudkibo.com/' successfully

2019-03-25 15:48:19 - [TEST_STEP][PASSED] - navigateToUrl("https://accounts.cloudkibo.com/?continue=https://kiboengage.cloudkibo.com"): Navigate to 'https://accounts.cloudkibo.com/?continue=https://kiboengage.cloudkibo.com' successfully

2019-03-25 15:48:19 - [MESSAGE][PASSED] - Navigate to 'https://accounts.cloudkibo.com/?continue=https://kiboengage.cloudkibo.com' successfully

2019-03-25 15:48:19 - [TEST_STEP][PASSED] - click(findTestObject("Page_KiboPush/a_Login (9) (1)")): Object: 'Object Repository/Page_KiboPush/a_Login (9) (1)' is clicked on

2019-03-25 15:48:20 - [MESSAGE][PASSED] - Object: 'Object Repository/Page_KiboPush/a_Login (9) (1)' is clicked on

2019-03-25 15:48:20 - [TEST_STEP][PASSED] - setText(findTestObject("Page_KiboPush/input_email (10) (1)"), "individual@cloudkibo.com"): Text 'individual@cloudkibo.com' is set on object 'Object Repository/Page_KiboPush/input_email (10) (1)'

2019-03-25 15:48:20 - [MESSAGE][PASSED] - Text 'individual@cloudkibo.com' is set on object 'Object Repository/Page_KiboPush/input_email (10) (1)'

2019-03-25 15:48:20 - [TEST_STEP][PASSED] - setEncryptedText(findTestObject("Page_KiboPush/input_password (9) (1)"), "RigbBhfdqOBGNlJIWM1ClA=="): Text ****** has been set on object 'Object Repository/Page_KiboPush/input_password (9) (1)'

2019-03-25 15:48:20 - [MESSAGE][PASSED] - Text ****** has been set on object 'Object Repository/Page_KiboPush/input_password (9) (1)'

2019-03-25 15:48:20 - [TEST_STEP][PASSED] - click(findTestObject("Page_KiboPush/button_Sign In (10) (1)")): Object: 'Object Repository/Page_KiboPush/button_Sign In (10) (1)' is clicked on

2019-03-25 15:48:20 - [MESSAGE][PASSED] - Object: 'Object Repository/Page_KiboPush/button_Sign In (10) (1)' is clicked on

2019-03-25 15:48:20 - [TEST_STEP][PASSED] - navigateToUrl("https://kiboengage.cloudkibo.com/dashboard"): Navigate to 'https://kiboengage.cloudkibo.com/dashboard' successfully

2019-03-25 15:48:35 - [MESSAGE][PASSED] - Navigate to 'https://kiboengage.cloudkibo.com/dashboard' successfully

2019-03-25 15:48:35 - [TEST_STEP][PASSED] - click(findTestObject("Object Repository/Page_KiboPush  Dashboard/h3_Dashboard (57)")): Object: 'Object Repository/Page_KiboPush  Dashboard/h3_Dashboard (57)' is clicked on

2019-03-25 15:48:35 - [MESSAGE][PASSED] - Object: 'Object Repository/Page_KiboPush  Dashboard/h3_Dashboard (57)' is clicked on

2019-03-25 15:48:35 - [TEST_STEP][PASSED] - delay(3): Delayed 3 second(s)

2019-03-25 15:48:38 - [MESSAGE][PASSED] - Delayed 3 second(s)

2019-03-25 15:48:38 - [MESSAGE][PASSED] - Call Test Case 'Test Cases/s-sidebar_navigation/individualAccount/Login-KiboEngage' successfully

2019-03-25 15:48:38 - [TEST_STEP][PASSED] - click(findTestObject("Page_KiboPush  Dashboard/span_Broadcasting")): Object: 'Object Repository/Page_KiboPush  Dashboard/span_Broadcasting' is clicked on

2019-03-25 15:48:38 - [MESSAGE][PASSED] - Object: 'Object Repository/Page_KiboPush  Dashboard/span_Broadcasting' is clicked on

2019-03-25 15:48:38 - [TEST_STEP][PASSED] - delay(1): Delayed 1 second(s)

2019-03-25 15:48:39 - [MESSAGE][PASSED] - Delayed 1 second(s)

2019-03-25 15:48:39 - [TEST_STEP][PASSED] - click(findTestObject("Page_KiboPush  Dashboard/span_Segment Subscribers")): Object: 'Object Repository/Page_KiboPush  Dashboard/span_Segment Subscribers' is clicked on

2019-03-25 15:48:39 - [MESSAGE][PASSED] - Object: 'Object Repository/Page_KiboPush  Dashboard/span_Segment Subscribers' is clicked on

2019-03-25 15:48:39 - [TEST_STEP][PASSED] - click(findTestObject("Page_KiboPush  Dashboard/h3_Subscribers Segmentation Li")): Object: 'Object Repository/Page_KiboPush  Dashboard/h3_Subscribers Segmentation Li' is clicked on

2019-03-25 15:48:39 - [MESSAGE][PASSED] - Object: 'Object Repository/Page_KiboPush  Dashboard/h3_Subscribers Segmentation Li' is clicked on

2019-03-25 15:48:39 - [TEST_STEP][PASSED] - delay(1): Delayed 1 second(s)

2019-03-25 15:48:40 - [MESSAGE][PASSED] - Delayed 1 second(s)

2019-03-25 15:48:40 - [MESSAGE][PASSED] - Call Test Case 'Test Cases/s-sidebar_navigation/individualAccount/Segment subsciber' successfully

2019-03-25 15:48:40 - [TEST_STEP][PASSED] - delay(2): Delayed 2 second(s)

2019-03-25 15:48:42 - [MESSAGE][PASSED] - Delayed 2 second(s)

2019-03-25 15:48:42 - [TEST_STEP][PASSED] - click(findTestObject("Page_KiboPush  Dashboard/a_Create Segmented Subscribers")): Object: 'Object Repository/Page_KiboPush  Dashboard/a_Create Segmented Subscribers' is clicked on

2019-03-25 15:48:42 - [MESSAGE][PASSED] - Object: 'Object Repository/Page_KiboPush  Dashboard/a_Create Segmented Subscribers' is clicked on

2019-03-25 15:48:42 - [TEST_STEP][PASSED] - click(findTestObject("Page_KiboPush  Dashboard/h3_Create SubList of Subscribe")): Object: 'Object Repository/Page_KiboPush  Dashboard/h3_Create SubList of Subscribe' is clicked on

2019-03-25 15:48:43 - [MESSAGE][PASSED] - Object: 'Object Repository/Page_KiboPush  Dashboard/h3_Create SubList of Subscribe' is clicked on

2019-03-25 15:48:43 - [MESSAGE][PASSED] - Call Test Case 'Test Cases/Segment subscribers/TC0712' successfully

2019-03-25 15:48:43 - [TEST_STEP][PASSED] - delay(3): Delayed 3 second(s)

2019-03-25 15:48:46 - [MESSAGE][PASSED] - Delayed 3 second(s)

2019-03-25 15:48:46 - [TEST_STEP][PASSED] - click(findTestObject("Page_KiboPush  Dashboard/h3_Create SubList of Subscribe")): Object: 'Object Repository/Page_KiboPush  Dashboard/h3_Create SubList of Subscribe' is clicked on

2019-03-25 15:48:46 - [MESSAGE][PASSED] - Object: 'Object Repository/Page_KiboPush  Dashboard/h3_Create SubList of Subscribe' is clicked on

2019-03-25 15:48:46 - [TEST_STEP][PASSED] - click(findTestObject("Page_KiboPush  Dashboard/input_segmentationType")): Object: 'Object Repository/Page_KiboPush  Dashboard/input_segmentationType' is clicked on

2019-03-25 15:48:46 - [MESSAGE][PASSED] - Object: 'Object Repository/Page_KiboPush  Dashboard/input_segmentationType' is clicked on

2019-03-25 15:48:46 - [TEST_STEP][PASSED] - setText(findTestObject("Page_KiboPush  Dashboard/input_listName"), "22"): Text '22' is set on object 'Object Repository/Page_KiboPush  Dashboard/input_listName'

2019-03-25 15:48:46 - [MESSAGE][PASSED] - Text '22' is set on object 'Object Repository/Page_KiboPush  Dashboard/input_listName'

2019-03-25 15:48:46 - [TEST_STEP][PASSED] - selectOptionByValue(findTestObject("Page_KiboPush  Dashboard/select_Select ConditionFirst N"), "lastName", true): All options with value 'lastName' are selected in object 'Object Repository/Page_KiboPush  Dashboard/select_Select ConditionFirst N'  using regular expression

2019-03-25 15:48:46 - [MESSAGE][PASSED] - All options with value 'lastName' are selected in object 'Object Repository/Page_KiboPush  Dashboard/select_Select ConditionFirst N'  using regular expression

2019-03-25 15:48:46 - [TEST_STEP][PASSED] - selectOptionByValue(findTestObject("Page_KiboPush  Dashboard/select_Select Criteriaiscontai (4)"), "is", true): All options with value 'is' are selected in object 'Object Repository/Page_KiboPush  Dashboard/select_Select Criteriaiscontai (4)'  using regular expression

2019-03-25 15:48:46 - [MESSAGE][PASSED] - All options with value 'is' are selected in object 'Object Repository/Page_KiboPush  Dashboard/select_Select Criteriaiscontai (4)'  using regular expression

2019-03-25 15:48:46 - [TEST_STEP][PASSED] - setText(findTestObject("Page_KiboPush  Dashboard/input_text (5)"), "Maheshwari"): Text 'Maheshwari' is set on object 'Object Repository/Page_KiboPush  Dashboard/input_text (5)'

2019-03-25 15:48:47 - [MESSAGE][PASSED] - Text 'Maheshwari' is set on object 'Object Repository/Page_KiboPush  Dashboard/input_text (5)'

2019-03-25 15:48:47 - [TEST_STEP][PASSED] - click(findTestObject("Page_KiboPush  Dashboard/button_Save")): Object: 'Object Repository/Page_KiboPush  Dashboard/button_Save' is clicked on

2019-03-25 15:48:47 - [MESSAGE][PASSED] - Object: 'Object Repository/Page_KiboPush  Dashboard/button_Save' is clicked on

2019-03-25 15:48:47 - [TEST_STEP][PASSED] - click(findTestObject("Page_KiboPush  Dashboard/div_List created successfully")): Object: 'Object Repository/Page_KiboPush  Dashboard/div_List created successfully' is clicked on

2019-03-25 15:48:47 - [MESSAGE][PASSED] - Object: 'Object Repository/Page_KiboPush  Dashboard/div_List created successfully' is clicked on]]></system-out>
         <system-err><![CDATA[]]></system-err>
      </testcase>
      <testcase name="Test Cases/Segment subscribers/TC0717" classname="Test Cases/Segment subscribers/TC0717" status="PASSED">
         <system-out><![CDATA[2019-03-25 15:48:47 - [TEST_CASE][PASSED] - Test Cases/Segment subscribers/TC0717: Test Cases/Segment subscribers/TC0717

2019-03-25 15:48:47 - [TEST_STEP][PASSED] - callTestCase(findTestCase("Segment subscribers/TC0712"), [:], STOP_ON_FAILURE): Call Test Case 'Test Cases/Segment subscribers/TC0712' successfully

2019-03-25 15:48:48 - [TEST_CASE][PASSED] - Test Cases/Segment subscribers/TC0712: Test Cases/Segment subscribers/TC0712

2019-03-25 15:48:48 - [TEST_STEP][PASSED] - callTestCase(findTestCase("s-sidebar_navigation/individualAccount/Segment subsciber"), [:], STOP_ON_FAILURE): Call Test Case 'Test Cases/s-sidebar_navigation/individualAccount/Segment subsciber' successfully

2019-03-25 15:48:48 - [TEST_CASE][PASSED] - Test Cases/s-sidebar_navigation/individualAccount/Segment subsciber: Test Cases/s-sidebar_navigation/individualAccount/Segment subsciber

2019-03-25 15:48:48 - [TEST_STEP][PASSED] - callTestCase(findTestCase("s-sidebar_navigation/individualAccount/Login-KiboEngage"), [:], STOP_ON_FAILURE): Call Test Case 'Test Cases/s-sidebar_navigation/individualAccount/Login-KiboEngage' successfully

2019-03-25 15:48:48 - [TEST_CASE][PASSED] - Test Cases/s-sidebar_navigation/individualAccount/Login-KiboEngage: Test Cases/s-sidebar_navigation/individualAccount/Login-KiboEngage

2019-03-25 15:48:48 - [TEST_STEP][PASSED] - openBrowser(""): Browser is opened with url: ''

2019-03-25 15:48:48 - [MESSAGE][WARNING] - A browser is already opened. Closing browser and opening a new one

2019-03-25 15:48:48 - [MESSAGE][INFO] - Starting 'Chrome' driver

2019-03-25 15:48:48 - [MESSAGE][PASSED] - Browser is opened with url: ''

2019-03-25 15:48:48 - [TEST_STEP][PASSED] - maximizeWindow(): Current window maximized

2019-03-25 15:48:48 - [MESSAGE][PASSED] - Current window maximized

2019-03-25 15:48:48 - [TEST_STEP][PASSED] - navigateToUrl("https://kiboengage.cloudkibo.com/"): Navigate to 'https://kiboengage.cloudkibo.com/' successfully

2019-03-25 15:49:06 - [MESSAGE][PASSED] - Navigate to 'https://kiboengage.cloudkibo.com/' successfully

2019-03-25 15:49:06 - [TEST_STEP][PASSED] - navigateToUrl("https://accounts.cloudkibo.com/?continue=https://kiboengage.cloudkibo.com"): Navigate to 'https://accounts.cloudkibo.com/?continue=https://kiboengage.cloudkibo.com' successfully

2019-03-25 15:49:07 - [MESSAGE][PASSED] - Navigate to 'https://accounts.cloudkibo.com/?continue=https://kiboengage.cloudkibo.com' successfully

2019-03-25 15:49:07 - [TEST_STEP][PASSED] - click(findTestObject("Page_KiboPush/a_Login (9) (1)")): Object: 'Object Repository/Page_KiboPush/a_Login (9) (1)' is clicked on

2019-03-25 15:49:08 - [MESSAGE][PASSED] - Object: 'Object Repository/Page_KiboPush/a_Login (9) (1)' is clicked on

2019-03-25 15:49:08 - [TEST_STEP][PASSED] - setText(findTestObject("Page_KiboPush/input_email (10) (1)"), "individual@cloudkibo.com"): Text 'individual@cloudkibo.com' is set on object 'Object Repository/Page_KiboPush/input_email (10) (1)'

2019-03-25 15:49:08 - [MESSAGE][PASSED] - Text 'individual@cloudkibo.com' is set on object 'Object Repository/Page_KiboPush/input_email (10) (1)'

2019-03-25 15:49:08 - [TEST_STEP][PASSED] - setEncryptedText(findTestObject("Page_KiboPush/input_password (9) (1)"), "RigbBhfdqOBGNlJIWM1ClA=="): Text ****** has been set on object 'Object Repository/Page_KiboPush/input_password (9) (1)'

2019-03-25 15:49:08 - [MESSAGE][PASSED] - Text ****** has been set on object 'Object Repository/Page_KiboPush/input_password (9) (1)'

2019-03-25 15:49:08 - [TEST_STEP][PASSED] - click(findTestObject("Page_KiboPush/button_Sign In (10) (1)")): Object: 'Object Repository/Page_KiboPush/button_Sign In (10) (1)' is clicked on

2019-03-25 15:49:08 - [MESSAGE][PASSED] - Object: 'Object Repository/Page_KiboPush/button_Sign In (10) (1)' is clicked on

2019-03-25 15:49:08 - [TEST_STEP][PASSED] - navigateToUrl("https://kiboengage.cloudkibo.com/dashboard"): Navigate to 'https://kiboengage.cloudkibo.com/dashboard' successfully

2019-03-25 15:49:29 - [MESSAGE][PASSED] - Navigate to 'https://kiboengage.cloudkibo.com/dashboard' successfully

2019-03-25 15:49:29 - [TEST_STEP][PASSED] - click(findTestObject("Object Repository/Page_KiboPush  Dashboard/h3_Dashboard (57)")): Object: 'Object Repository/Page_KiboPush  Dashboard/h3_Dashboard (57)' is clicked on

2019-03-25 15:49:29 - [MESSAGE][PASSED] - Object: 'Object Repository/Page_KiboPush  Dashboard/h3_Dashboard (57)' is clicked on

2019-03-25 15:49:29 - [TEST_STEP][PASSED] - delay(3): Delayed 3 second(s)

2019-03-25 15:49:32 - [MESSAGE][PASSED] - Delayed 3 second(s)

2019-03-25 15:49:32 - [MESSAGE][PASSED] - Call Test Case 'Test Cases/s-sidebar_navigation/individualAccount/Login-KiboEngage' successfully

2019-03-25 15:49:32 - [TEST_STEP][PASSED] - click(findTestObject("Page_KiboPush  Dashboard/span_Broadcasting")): Object: 'Object Repository/Page_KiboPush  Dashboard/span_Broadcasting' is clicked on

2019-03-25 15:49:32 - [MESSAGE][PASSED] - Object: 'Object Repository/Page_KiboPush  Dashboard/span_Broadcasting' is clicked on

2019-03-25 15:49:32 - [TEST_STEP][PASSED] - delay(1): Delayed 1 second(s)

2019-03-25 15:49:33 - [MESSAGE][PASSED] - Delayed 1 second(s)

2019-03-25 15:49:33 - [TEST_STEP][PASSED] - click(findTestObject("Page_KiboPush  Dashboard/span_Segment Subscribers")): Object: 'Object Repository/Page_KiboPush  Dashboard/span_Segment Subscribers' is clicked on

2019-03-25 15:49:33 - [MESSAGE][PASSED] - Object: 'Object Repository/Page_KiboPush  Dashboard/span_Segment Subscribers' is clicked on

2019-03-25 15:49:33 - [TEST_STEP][PASSED] - click(findTestObject("Page_KiboPush  Dashboard/h3_Subscribers Segmentation Li")): Object: 'Object Repository/Page_KiboPush  Dashboard/h3_Subscribers Segmentation Li' is clicked on

2019-03-25 15:49:33 - [MESSAGE][PASSED] - Object: 'Object Repository/Page_KiboPush  Dashboard/h3_Subscribers Segmentation Li' is clicked on

2019-03-25 15:49:33 - [TEST_STEP][PASSED] - delay(1): Delayed 1 second(s)

2019-03-25 15:49:34 - [MESSAGE][PASSED] - Delayed 1 second(s)

2019-03-25 15:49:34 - [MESSAGE][PASSED] - Call Test Case 'Test Cases/s-sidebar_navigation/individualAccount/Segment subsciber' successfully

2019-03-25 15:49:34 - [TEST_STEP][PASSED] - delay(2): Delayed 2 second(s)

2019-03-25 15:49:36 - [MESSAGE][PASSED] - Delayed 2 second(s)

2019-03-25 15:49:36 - [TEST_STEP][PASSED] - click(findTestObject("Page_KiboPush  Dashboard/a_Create Segmented Subscribers")): Object: 'Object Repository/Page_KiboPush  Dashboard/a_Create Segmented Subscribers' is clicked on

2019-03-25 15:49:36 - [MESSAGE][PASSED] - Object: 'Object Repository/Page_KiboPush  Dashboard/a_Create Segmented Subscribers' is clicked on

2019-03-25 15:49:36 - [TEST_STEP][PASSED] - click(findTestObject("Page_KiboPush  Dashboard/h3_Create SubList of Subscribe")): Object: 'Object Repository/Page_KiboPush  Dashboard/h3_Create SubList of Subscribe' is clicked on

2019-03-25 15:49:37 - [MESSAGE][PASSED] - Object: 'Object Repository/Page_KiboPush  Dashboard/h3_Create SubList of Subscribe' is clicked on

2019-03-25 15:49:37 - [MESSAGE][PASSED] - Call Test Case 'Test Cases/Segment subscribers/TC0712' successfully

2019-03-25 15:49:37 - [TEST_STEP][PASSED] - delay(3): Delayed 3 second(s)

2019-03-25 15:49:40 - [MESSAGE][PASSED] - Delayed 3 second(s)

2019-03-25 15:49:40 - [TEST_STEP][PASSED] - click(findTestObject("Page_KiboPush  Dashboard/div_Segment all subscribersSeg (1)")): Object: 'Object Repository/Page_KiboPush  Dashboard/div_Segment all subscribersSeg (1)' is clicked on

2019-03-25 15:49:40 - [MESSAGE][PASSED] - Object: 'Object Repository/Page_KiboPush  Dashboard/div_Segment all subscribersSeg (1)' is clicked on

2019-03-25 15:49:40 - [TEST_STEP][PASSED] - click(findTestObject("Page_KiboPush  Dashboard/input_segmentationType (8)")): Object: 'Object Repository/Page_KiboPush  Dashboard/input_segmentationType (8)' is clicked on

2019-03-25 15:49:40 - [MESSAGE][PASSED] - Object: 'Object Repository/Page_KiboPush  Dashboard/input_segmentationType (8)' is clicked on

2019-03-25 15:49:40 - [TEST_STEP][PASSED] - setText(findTestObject("Page_KiboPush  Dashboard/input_listName (8)"), "20"): Text '20' is set on object 'Object Repository/Page_KiboPush  Dashboard/input_listName (8)'

2019-03-25 15:49:40 - [MESSAGE][PASSED] - Text '20' is set on object 'Object Repository/Page_KiboPush  Dashboard/input_listName (8)'

2019-03-25 15:49:40 - [TEST_STEP][PASSED] - selectOptionByValue(findTestObject("Page_KiboPush  Dashboard/select_Select ConditionFirst N (6)"), "firstName", true): All options with value 'firstName' are selected in object 'Object Repository/Page_KiboPush  Dashboard/select_Select ConditionFirst N (6)'  using regular expression

2019-03-25 15:49:40 - [MESSAGE][PASSED] - All options with value 'firstName' are selected in object 'Object Repository/Page_KiboPush  Dashboard/select_Select ConditionFirst N (6)'  using regular expression

2019-03-25 15:49:40 - [TEST_STEP][PASSED] - selectOptionByValue(findTestObject("Page_KiboPush  Dashboard/select_Select Criteriaiscontai (5)"), "contains", true): All options with value 'contains' are selected in object 'Object Repository/Page_KiboPush  Dashboard/select_Select Criteriaiscontai (5)'  using regular expression

2019-03-25 15:49:40 - [MESSAGE][PASSED] - All options with value 'contains' are selected in object 'Object Repository/Page_KiboPush  Dashboard/select_Select Criteriaiscontai (5)'  using regular expression

2019-03-25 15:49:40 - [TEST_STEP][PASSED] - setText(findTestObject("Page_KiboPush  Dashboard/input_text (6)"), "arveen"): Text 'arveen' is set on object 'Object Repository/Page_KiboPush  Dashboard/input_text (6)'

2019-03-25 15:49:40 - [MESSAGE][PASSED] - Text 'arveen' is set on object 'Object Repository/Page_KiboPush  Dashboard/input_text (6)'

2019-03-25 15:49:40 - [TEST_STEP][PASSED] - click(findTestObject("Page_KiboPush  Dashboard/button_Save (10)")): Object: 'Object Repository/Page_KiboPush  Dashboard/button_Save (10)' is clicked on

2019-03-25 15:49:41 - [MESSAGE][PASSED] - Object: 'Object Repository/Page_KiboPush  Dashboard/button_Save (10)' is clicked on

2019-03-25 15:49:41 - [TEST_STEP][PASSED] - click(findTestObject("Page_KiboPush  Dashboard/div_List created successfully (4)")): Object: 'Object Repository/Page_KiboPush  Dashboard/div_List created successfully (4)' is clicked on

2019-03-25 15:49:41 - [MESSAGE][PASSED] - Object: 'Object Repository/Page_KiboPush  Dashboard/div_List created successfully (4)' is clicked on]]></system-out>
         <system-err><![CDATA[]]></system-err>
      </testcase>
      <testcase name="Test Cases/Segment subscribers/TC0718" classname="Test Cases/Segment subscribers/TC0718" status="PASSED">
         <system-out><![CDATA[2019-03-25 15:49:41 - [TEST_CASE][PASSED] - Test Cases/Segment subscribers/TC0718: Test Cases/Segment subscribers/TC0718

2019-03-25 15:49:41 - [TEST_STEP][PASSED] - callTestCase(findTestCase("Segment subscribers/TC0712"), [:], STOP_ON_FAILURE): Call Test Case 'Test Cases/Segment subscribers/TC0712' successfully

2019-03-25 15:49:41 - [TEST_CASE][PASSED] - Test Cases/Segment subscribers/TC0712: Test Cases/Segment subscribers/TC0712

2019-03-25 15:49:41 - [TEST_STEP][PASSED] - callTestCase(findTestCase("s-sidebar_navigation/individualAccount/Segment subsciber"), [:], STOP_ON_FAILURE): Call Test Case 'Test Cases/s-sidebar_navigation/individualAccount/Segment subsciber' successfully

2019-03-25 15:49:41 - [TEST_CASE][PASSED] - Test Cases/s-sidebar_navigation/individualAccount/Segment subsciber: Test Cases/s-sidebar_navigation/individualAccount/Segment subsciber

2019-03-25 15:49:41 - [TEST_STEP][PASSED] - callTestCase(findTestCase("s-sidebar_navigation/individualAccount/Login-KiboEngage"), [:], STOP_ON_FAILURE): Call Test Case 'Test Cases/s-sidebar_navigation/individualAccount/Login-KiboEngage' successfully

2019-03-25 15:49:42 - [TEST_CASE][PASSED] - Test Cases/s-sidebar_navigation/individualAccount/Login-KiboEngage: Test Cases/s-sidebar_navigation/individualAccount/Login-KiboEngage

2019-03-25 15:49:42 - [TEST_STEP][PASSED] - openBrowser(""): Browser is opened with url: ''

2019-03-25 15:49:42 - [MESSAGE][WARNING] - A browser is already opened. Closing browser and opening a new one

2019-03-25 15:49:42 - [MESSAGE][INFO] - Starting 'Chrome' driver

2019-03-25 15:49:42 - [MESSAGE][PASSED] - Browser is opened with url: ''

2019-03-25 15:49:42 - [TEST_STEP][PASSED] - maximizeWindow(): Current window maximized

2019-03-25 15:49:42 - [MESSAGE][PASSED] - Current window maximized

2019-03-25 15:49:42 - [TEST_STEP][PASSED] - navigateToUrl("https://kiboengage.cloudkibo.com/"): Navigate to 'https://kiboengage.cloudkibo.com/' successfully

2019-03-25 15:49:54 - [MESSAGE][PASSED] - Navigate to 'https://kiboengage.cloudkibo.com/' successfully

2019-03-25 15:49:54 - [TEST_STEP][PASSED] - navigateToUrl("https://accounts.cloudkibo.com/?continue=https://kiboengage.cloudkibo.com"): Navigate to 'https://accounts.cloudkibo.com/?continue=https://kiboengage.cloudkibo.com' successfully

2019-03-25 15:49:55 - [MESSAGE][PASSED] - Navigate to 'https://accounts.cloudkibo.com/?continue=https://kiboengage.cloudkibo.com' successfully

2019-03-25 15:49:55 - [TEST_STEP][PASSED] - click(findTestObject("Page_KiboPush/a_Login (9) (1)")): Object: 'Object Repository/Page_KiboPush/a_Login (9) (1)' is clicked on

2019-03-25 15:49:56 - [MESSAGE][PASSED] - Object: 'Object Repository/Page_KiboPush/a_Login (9) (1)' is clicked on

2019-03-25 15:49:56 - [TEST_STEP][PASSED] - setText(findTestObject("Page_KiboPush/input_email (10) (1)"), "individual@cloudkibo.com"): Text 'individual@cloudkibo.com' is set on object 'Object Repository/Page_KiboPush/input_email (10) (1)'

2019-03-25 15:49:56 - [MESSAGE][PASSED] - Text 'individual@cloudkibo.com' is set on object 'Object Repository/Page_KiboPush/input_email (10) (1)'

2019-03-25 15:49:56 - [TEST_STEP][PASSED] - setEncryptedText(findTestObject("Page_KiboPush/input_password (9) (1)"), "RigbBhfdqOBGNlJIWM1ClA=="): Text ****** has been set on object 'Object Repository/Page_KiboPush/input_password (9) (1)'

2019-03-25 15:49:56 - [MESSAGE][PASSED] - Text ****** has been set on object 'Object Repository/Page_KiboPush/input_password (9) (1)'

2019-03-25 15:49:56 - [TEST_STEP][PASSED] - click(findTestObject("Page_KiboPush/button_Sign In (10) (1)")): Object: 'Object Repository/Page_KiboPush/button_Sign In (10) (1)' is clicked on

2019-03-25 15:49:56 - [MESSAGE][PASSED] - Object: 'Object Repository/Page_KiboPush/button_Sign In (10) (1)' is clicked on

2019-03-25 15:49:56 - [TEST_STEP][PASSED] - navigateToUrl("https://kiboengage.cloudkibo.com/dashboard"): Navigate to 'https://kiboengage.cloudkibo.com/dashboard' successfully

2019-03-25 15:50:42 - [MESSAGE][PASSED] - Navigate to 'https://kiboengage.cloudkibo.com/dashboard' successfully

2019-03-25 15:50:42 - [TEST_STEP][PASSED] - click(findTestObject("Object Repository/Page_KiboPush  Dashboard/h3_Dashboard (57)")): Object: 'Object Repository/Page_KiboPush  Dashboard/h3_Dashboard (57)' is clicked on

2019-03-25 15:50:42 - [MESSAGE][PASSED] - Object: 'Object Repository/Page_KiboPush  Dashboard/h3_Dashboard (57)' is clicked on

2019-03-25 15:50:42 - [TEST_STEP][PASSED] - delay(3): Delayed 3 second(s)

2019-03-25 15:50:45 - [MESSAGE][PASSED] - Delayed 3 second(s)

2019-03-25 15:50:45 - [MESSAGE][PASSED] - Call Test Case 'Test Cases/s-sidebar_navigation/individualAccount/Login-KiboEngage' successfully

2019-03-25 15:50:45 - [TEST_STEP][PASSED] - click(findTestObject("Page_KiboPush  Dashboard/span_Broadcasting")): Object: 'Object Repository/Page_KiboPush  Dashboard/span_Broadcasting' is clicked on

2019-03-25 15:50:45 - [MESSAGE][PASSED] - Object: 'Object Repository/Page_KiboPush  Dashboard/span_Broadcasting' is clicked on

2019-03-25 15:50:45 - [TEST_STEP][PASSED] - delay(1): Delayed 1 second(s)

2019-03-25 15:50:46 - [MESSAGE][PASSED] - Delayed 1 second(s)

2019-03-25 15:50:46 - [TEST_STEP][PASSED] - click(findTestObject("Page_KiboPush  Dashboard/span_Segment Subscribers")): Object: 'Object Repository/Page_KiboPush  Dashboard/span_Segment Subscribers' is clicked on

2019-03-25 15:50:46 - [MESSAGE][PASSED] - Object: 'Object Repository/Page_KiboPush  Dashboard/span_Segment Subscribers' is clicked on

2019-03-25 15:50:46 - [TEST_STEP][PASSED] - click(findTestObject("Page_KiboPush  Dashboard/h3_Subscribers Segmentation Li")): Object: 'Object Repository/Page_KiboPush  Dashboard/h3_Subscribers Segmentation Li' is clicked on

2019-03-25 15:50:46 - [MESSAGE][PASSED] - Object: 'Object Repository/Page_KiboPush  Dashboard/h3_Subscribers Segmentation Li' is clicked on

2019-03-25 15:50:46 - [TEST_STEP][PASSED] - delay(1): Delayed 1 second(s)

2019-03-25 15:50:47 - [MESSAGE][PASSED] - Delayed 1 second(s)

2019-03-25 15:50:47 - [MESSAGE][PASSED] - Call Test Case 'Test Cases/s-sidebar_navigation/individualAccount/Segment subsciber' successfully

2019-03-25 15:50:47 - [TEST_STEP][PASSED] - delay(2): Delayed 2 second(s)

2019-03-25 15:50:49 - [MESSAGE][PASSED] - Delayed 2 second(s)

2019-03-25 15:50:49 - [TEST_STEP][PASSED] - click(findTestObject("Page_KiboPush  Dashboard/a_Create Segmented Subscribers")): Object: 'Object Repository/Page_KiboPush  Dashboard/a_Create Segmented Subscribers' is clicked on

2019-03-25 15:50:49 - [MESSAGE][PASSED] - Object: 'Object Repository/Page_KiboPush  Dashboard/a_Create Segmented Subscribers' is clicked on

2019-03-25 15:50:49 - [TEST_STEP][PASSED] - click(findTestObject("Page_KiboPush  Dashboard/h3_Create SubList of Subscribe")): Object: 'Object Repository/Page_KiboPush  Dashboard/h3_Create SubList of Subscribe' is clicked on

2019-03-25 15:50:49 - [MESSAGE][PASSED] - Object: 'Object Repository/Page_KiboPush  Dashboard/h3_Create SubList of Subscribe' is clicked on

2019-03-25 15:50:49 - [MESSAGE][PASSED] - Call Test Case 'Test Cases/Segment subscribers/TC0712' successfully

2019-03-25 15:50:49 - [TEST_STEP][PASSED] - delay(0): Delayed 0 second(s)

2019-03-25 15:50:49 - [MESSAGE][PASSED] - Delayed 0 second(s)

2019-03-25 15:50:49 - [TEST_STEP][PASSED] - click(findTestObject("Page_KiboPush  Dashboard/input_segmentationType")): Object: 'Object Repository/Page_KiboPush  Dashboard/input_segmentationType' is clicked on

2019-03-25 15:50:50 - [MESSAGE][PASSED] - Object: 'Object Repository/Page_KiboPush  Dashboard/input_segmentationType' is clicked on

2019-03-25 15:50:50 - [TEST_STEP][PASSED] - setText(findTestObject("Page_KiboPush  Dashboard/input_listName"), "25"): Text '25' is set on object 'Object Repository/Page_KiboPush  Dashboard/input_listName'

2019-03-25 15:50:50 - [MESSAGE][PASSED] - Text '25' is set on object 'Object Repository/Page_KiboPush  Dashboard/input_listName'

2019-03-25 15:50:50 - [TEST_STEP][PASSED] - selectOptionByValue(findTestObject("Page_KiboPush  Dashboard/select_Select ConditionFirst N"), "lastName", true): All options with value 'lastName' are selected in object 'Object Repository/Page_KiboPush  Dashboard/select_Select ConditionFirst N'  using regular expression

2019-03-25 15:50:50 - [MESSAGE][PASSED] - All options with value 'lastName' are selected in object 'Object Repository/Page_KiboPush  Dashboard/select_Select ConditionFirst N'  using regular expression

2019-03-25 15:50:50 - [TEST_STEP][PASSED] - selectOptionByValue(findTestObject("Page_KiboPush  Dashboard/select_Select Criteriaiscontai (5)"), "contains", true): All options with value 'contains' are selected in object 'Object Repository/Page_KiboPush  Dashboard/select_Select Criteriaiscontai (5)'  using regular expression

2019-03-25 15:50:50 - [MESSAGE][PASSED] - All options with value 'contains' are selected in object 'Object Repository/Page_KiboPush  Dashboard/select_Select Criteriaiscontai (5)'  using regular expression

2019-03-25 15:50:50 - [TEST_STEP][PASSED] - setText(findTestObject("Page_KiboPush  Dashboard/input_text (6)"), "sh"): Text 'sh' is set on object 'Object Repository/Page_KiboPush  Dashboard/input_text (6)'

2019-03-25 15:50:50 - [MESSAGE][PASSED] - Text 'sh' is set on object 'Object Repository/Page_KiboPush  Dashboard/input_text (6)'

2019-03-25 15:50:50 - [TEST_STEP][PASSED] - click(findTestObject("Page_KiboPush  Dashboard/button_Save")): Object: 'Object Repository/Page_KiboPush  Dashboard/button_Save' is clicked on

2019-03-25 15:50:51 - [MESSAGE][PASSED] - Object: 'Object Repository/Page_KiboPush  Dashboard/button_Save' is clicked on

2019-03-25 15:50:51 - [TEST_STEP][PASSED] - click(findTestObject("Page_KiboPush  Dashboard/div_List created successfully")): Object: 'Object Repository/Page_KiboPush  Dashboard/div_List created successfully' is clicked on

2019-03-25 15:50:51 - [MESSAGE][PASSED] - Object: 'Object Repository/Page_KiboPush  Dashboard/div_List created successfully' is clicked on]]></system-out>
         <system-err><![CDATA[]]></system-err>
      </testcase>
      <testcase name="Test Cases/Segment subscribers/TC0719" classname="Test Cases/Segment subscribers/TC0719" status="PASSED">
         <system-out><![CDATA[2019-03-25 15:50:51 - [TEST_CASE][PASSED] - Test Cases/Segment subscribers/TC0719: Test Cases/Segment subscribers/TC0719

2019-03-25 15:50:51 - [TEST_STEP][PASSED] - callTestCase(findTestCase("Segment subscribers/TC0712"), [:], STOP_ON_FAILURE): Call Test Case 'Test Cases/Segment subscribers/TC0712' successfully

2019-03-25 15:50:51 - [TEST_CASE][PASSED] - Test Cases/Segment subscribers/TC0712: Test Cases/Segment subscribers/TC0712

2019-03-25 15:50:52 - [TEST_STEP][PASSED] - callTestCase(findTestCase("s-sidebar_navigation/individualAccount/Segment subsciber"), [:], STOP_ON_FAILURE): Call Test Case 'Test Cases/s-sidebar_navigation/individualAccount/Segment subsciber' successfully

2019-03-25 15:50:52 - [TEST_CASE][PASSED] - Test Cases/s-sidebar_navigation/individualAccount/Segment subsciber: Test Cases/s-sidebar_navigation/individualAccount/Segment subsciber

2019-03-25 15:50:52 - [TEST_STEP][PASSED] - callTestCase(findTestCase("s-sidebar_navigation/individualAccount/Login-KiboEngage"), [:], STOP_ON_FAILURE): Call Test Case 'Test Cases/s-sidebar_navigation/individualAccount/Login-KiboEngage' successfully

2019-03-25 15:50:52 - [TEST_CASE][PASSED] - Test Cases/s-sidebar_navigation/individualAccount/Login-KiboEngage: Test Cases/s-sidebar_navigation/individualAccount/Login-KiboEngage

2019-03-25 15:50:52 - [TEST_STEP][PASSED] - openBrowser(""): Browser is opened with url: ''

2019-03-25 15:50:52 - [MESSAGE][WARNING] - A browser is already opened. Closing browser and opening a new one

2019-03-25 15:50:52 - [MESSAGE][INFO] - Starting 'Chrome' driver

2019-03-25 15:50:52 - [MESSAGE][PASSED] - Browser is opened with url: ''

2019-03-25 15:50:52 - [TEST_STEP][PASSED] - maximizeWindow(): Current window maximized

2019-03-25 15:50:52 - [MESSAGE][PASSED] - Current window maximized

2019-03-25 15:50:52 - [TEST_STEP][PASSED] - navigateToUrl("https://kiboengage.cloudkibo.com/"): Navigate to 'https://kiboengage.cloudkibo.com/' successfully

2019-03-25 15:51:07 - [MESSAGE][PASSED] - Navigate to 'https://kiboengage.cloudkibo.com/' successfully

2019-03-25 15:51:07 - [TEST_STEP][PASSED] - navigateToUrl("https://accounts.cloudkibo.com/?continue=https://kiboengage.cloudkibo.com"): Navigate to 'https://accounts.cloudkibo.com/?continue=https://kiboengage.cloudkibo.com' successfully

2019-03-25 15:51:08 - [MESSAGE][PASSED] - Navigate to 'https://accounts.cloudkibo.com/?continue=https://kiboengage.cloudkibo.com' successfully

2019-03-25 15:51:08 - [TEST_STEP][PASSED] - click(findTestObject("Page_KiboPush/a_Login (9) (1)")): Object: 'Object Repository/Page_KiboPush/a_Login (9) (1)' is clicked on

2019-03-25 15:51:09 - [MESSAGE][PASSED] - Object: 'Object Repository/Page_KiboPush/a_Login (9) (1)' is clicked on

2019-03-25 15:51:09 - [TEST_STEP][PASSED] - setText(findTestObject("Page_KiboPush/input_email (10) (1)"), "individual@cloudkibo.com"): Text 'individual@cloudkibo.com' is set on object 'Object Repository/Page_KiboPush/input_email (10) (1)'

2019-03-25 15:51:09 - [MESSAGE][PASSED] - Text 'individual@cloudkibo.com' is set on object 'Object Repository/Page_KiboPush/input_email (10) (1)'

2019-03-25 15:51:09 - [TEST_STEP][PASSED] - setEncryptedText(findTestObject("Page_KiboPush/input_password (9) (1)"), "RigbBhfdqOBGNlJIWM1ClA=="): Text ****** has been set on object 'Object Repository/Page_KiboPush/input_password (9) (1)'

2019-03-25 15:51:09 - [MESSAGE][PASSED] - Text ****** has been set on object 'Object Repository/Page_KiboPush/input_password (9) (1)'

2019-03-25 15:51:09 - [TEST_STEP][PASSED] - click(findTestObject("Page_KiboPush/button_Sign In (10) (1)")): Object: 'Object Repository/Page_KiboPush/button_Sign In (10) (1)' is clicked on

2019-03-25 15:51:09 - [MESSAGE][PASSED] - Object: 'Object Repository/Page_KiboPush/button_Sign In (10) (1)' is clicked on

2019-03-25 15:51:09 - [TEST_STEP][PASSED] - navigateToUrl("https://kiboengage.cloudkibo.com/dashboard"): Navigate to 'https://kiboengage.cloudkibo.com/dashboard' successfully

2019-03-25 15:51:34 - [MESSAGE][PASSED] - Navigate to 'https://kiboengage.cloudkibo.com/dashboard' successfully

2019-03-25 15:51:34 - [TEST_STEP][PASSED] - click(findTestObject("Object Repository/Page_KiboPush  Dashboard/h3_Dashboard (57)")): Object: 'Object Repository/Page_KiboPush  Dashboard/h3_Dashboard (57)' is clicked on

2019-03-25 15:51:35 - [MESSAGE][PASSED] - Object: 'Object Repository/Page_KiboPush  Dashboard/h3_Dashboard (57)' is clicked on

2019-03-25 15:51:35 - [TEST_STEP][PASSED] - delay(3): Delayed 3 second(s)

2019-03-25 15:51:38 - [MESSAGE][PASSED] - Delayed 3 second(s)

2019-03-25 15:51:38 - [MESSAGE][PASSED] - Call Test Case 'Test Cases/s-sidebar_navigation/individualAccount/Login-KiboEngage' successfully

2019-03-25 15:51:38 - [TEST_STEP][PASSED] - click(findTestObject("Page_KiboPush  Dashboard/span_Broadcasting")): Object: 'Object Repository/Page_KiboPush  Dashboard/span_Broadcasting' is clicked on

2019-03-25 15:51:38 - [MESSAGE][PASSED] - Object: 'Object Repository/Page_KiboPush  Dashboard/span_Broadcasting' is clicked on

2019-03-25 15:51:38 - [TEST_STEP][PASSED] - delay(1): Delayed 1 second(s)

2019-03-25 15:51:39 - [MESSAGE][PASSED] - Delayed 1 second(s)

2019-03-25 15:51:39 - [TEST_STEP][PASSED] - click(findTestObject("Page_KiboPush  Dashboard/span_Segment Subscribers")): Object: 'Object Repository/Page_KiboPush  Dashboard/span_Segment Subscribers' is clicked on

2019-03-25 15:51:39 - [MESSAGE][PASSED] - Object: 'Object Repository/Page_KiboPush  Dashboard/span_Segment Subscribers' is clicked on

2019-03-25 15:51:39 - [TEST_STEP][PASSED] - click(findTestObject("Page_KiboPush  Dashboard/h3_Subscribers Segmentation Li")): Object: 'Object Repository/Page_KiboPush  Dashboard/h3_Subscribers Segmentation Li' is clicked on

2019-03-25 15:51:39 - [MESSAGE][PASSED] - Object: 'Object Repository/Page_KiboPush  Dashboard/h3_Subscribers Segmentation Li' is clicked on

2019-03-25 15:51:39 - [TEST_STEP][PASSED] - delay(1): Delayed 1 second(s)

2019-03-25 15:51:40 - [MESSAGE][PASSED] - Delayed 1 second(s)

2019-03-25 15:51:40 - [MESSAGE][PASSED] - Call Test Case 'Test Cases/s-sidebar_navigation/individualAccount/Segment subsciber' successfully

2019-03-25 15:51:40 - [TEST_STEP][PASSED] - delay(2): Delayed 2 second(s)

2019-03-25 15:51:42 - [MESSAGE][PASSED] - Delayed 2 second(s)

2019-03-25 15:51:42 - [TEST_STEP][PASSED] - click(findTestObject("Page_KiboPush  Dashboard/a_Create Segmented Subscribers")): Object: 'Object Repository/Page_KiboPush  Dashboard/a_Create Segmented Subscribers' is clicked on

2019-03-25 15:51:42 - [MESSAGE][PASSED] - Object: 'Object Repository/Page_KiboPush  Dashboard/a_Create Segmented Subscribers' is clicked on

2019-03-25 15:51:42 - [TEST_STEP][PASSED] - click(findTestObject("Page_KiboPush  Dashboard/h3_Create SubList of Subscribe")): Object: 'Object Repository/Page_KiboPush  Dashboard/h3_Create SubList of Subscribe' is clicked on

2019-03-25 15:51:42 - [MESSAGE][PASSED] - Object: 'Object Repository/Page_KiboPush  Dashboard/h3_Create SubList of Subscribe' is clicked on

2019-03-25 15:51:42 - [MESSAGE][PASSED] - Call Test Case 'Test Cases/Segment subscribers/TC0712' successfully

2019-03-25 15:51:42 - [TEST_STEP][PASSED] - delay(3): Delayed 3 second(s)

2019-03-25 15:51:45 - [MESSAGE][PASSED] - Delayed 3 second(s)

2019-03-25 15:51:45 - [TEST_STEP][PASSED] - click(findTestObject("Page_KiboPush  Dashboard/h3_Create SubList of Subscribe")): Object: 'Object Repository/Page_KiboPush  Dashboard/h3_Create SubList of Subscribe' is clicked on

2019-03-25 15:51:45 - [MESSAGE][PASSED] - Object: 'Object Repository/Page_KiboPush  Dashboard/h3_Create SubList of Subscribe' is clicked on

2019-03-25 15:51:45 - [TEST_STEP][PASSED] - click(findTestObject("Page_KiboPush  Dashboard/input_segmentationType")): Object: 'Object Repository/Page_KiboPush  Dashboard/input_segmentationType' is clicked on

2019-03-25 15:51:45 - [MESSAGE][PASSED] - Object: 'Object Repository/Page_KiboPush  Dashboard/input_segmentationType' is clicked on

2019-03-25 15:51:45 - [TEST_STEP][PASSED] - setText(findTestObject("Page_KiboPush  Dashboard/input_listName"), "26"): Text '26' is set on object 'Object Repository/Page_KiboPush  Dashboard/input_listName'

2019-03-25 15:51:46 - [MESSAGE][PASSED] - Text '26' is set on object 'Object Repository/Page_KiboPush  Dashboard/input_listName'

2019-03-25 15:51:46 - [TEST_STEP][PASSED] - selectOptionByValue(findTestObject("Page_KiboPush  Dashboard/select_Select ConditionFirst N"), "lastName", true): All options with value 'lastName' are selected in object 'Object Repository/Page_KiboPush  Dashboard/select_Select ConditionFirst N'  using regular expression

2019-03-25 15:51:46 - [MESSAGE][PASSED] - All options with value 'lastName' are selected in object 'Object Repository/Page_KiboPush  Dashboard/select_Select ConditionFirst N'  using regular expression

2019-03-25 15:51:46 - [TEST_STEP][PASSED] - selectOptionByValue(findTestObject("Page_KiboPush  Dashboard/select_Select Criteriaiscontai (3)"), "begins", true): All options with value 'begins' are selected in object 'Object Repository/Page_KiboPush  Dashboard/select_Select Criteriaiscontai (3)'  using regular expression

2019-03-25 15:51:46 - [MESSAGE][PASSED] - All options with value 'begins' are selected in object 'Object Repository/Page_KiboPush  Dashboard/select_Select Criteriaiscontai (3)'  using regular expression

2019-03-25 15:51:46 - [TEST_STEP][PASSED] - setText(findTestObject("Page_KiboPush  Dashboard/input_text (4)"), "m"): Text 'm' is set on object 'Object Repository/Page_KiboPush  Dashboard/input_text (4)'

2019-03-25 15:51:46 - [MESSAGE][PASSED] - Text 'm' is set on object 'Object Repository/Page_KiboPush  Dashboard/input_text (4)'

2019-03-25 15:51:46 - [TEST_STEP][PASSED] - click(findTestObject("Page_KiboPush  Dashboard/button_Save")): Object: 'Object Repository/Page_KiboPush  Dashboard/button_Save' is clicked on

2019-03-25 15:51:46 - [MESSAGE][PASSED] - Object: 'Object Repository/Page_KiboPush  Dashboard/button_Save' is clicked on

2019-03-25 15:51:46 - [TEST_STEP][PASSED] - click(findTestObject("Page_KiboPush  Dashboard/div_List created successfully")): Object: 'Object Repository/Page_KiboPush  Dashboard/div_List created successfully' is clicked on

2019-03-25 15:51:47 - [MESSAGE][PASSED] - Object: 'Object Repository/Page_KiboPush  Dashboard/div_List created successfully' is clicked on]]></system-out>
         <system-err><![CDATA[]]></system-err>
      </testcase>
      <testcase name="Test Cases/Segment subscribers/TC0720" classname="Test Cases/Segment subscribers/TC0720" status="PASSED">
         <system-out><![CDATA[2019-03-25 15:51:47 - [TEST_CASE][PASSED] - Test Cases/Segment subscribers/TC0720: Test Cases/Segment subscribers/TC0720

2019-03-25 15:51:47 - [TEST_STEP][PASSED] - callTestCase(findTestCase("Segment subscribers/TC0712"), [:], STOP_ON_FAILURE): Call Test Case 'Test Cases/Segment subscribers/TC0712' successfully

2019-03-25 15:51:47 - [TEST_CASE][PASSED] - Test Cases/Segment subscribers/TC0712: Test Cases/Segment subscribers/TC0712

2019-03-25 15:51:47 - [TEST_STEP][PASSED] - callTestCase(findTestCase("s-sidebar_navigation/individualAccount/Segment subsciber"), [:], STOP_ON_FAILURE): Call Test Case 'Test Cases/s-sidebar_navigation/individualAccount/Segment subsciber' successfully

2019-03-25 15:51:47 - [TEST_CASE][PASSED] - Test Cases/s-sidebar_navigation/individualAccount/Segment subsciber: Test Cases/s-sidebar_navigation/individualAccount/Segment subsciber

2019-03-25 15:51:47 - [TEST_STEP][PASSED] - callTestCase(findTestCase("s-sidebar_navigation/individualAccount/Login-KiboEngage"), [:], STOP_ON_FAILURE): Call Test Case 'Test Cases/s-sidebar_navigation/individualAccount/Login-KiboEngage' successfully

2019-03-25 15:51:47 - [TEST_CASE][PASSED] - Test Cases/s-sidebar_navigation/individualAccount/Login-KiboEngage: Test Cases/s-sidebar_navigation/individualAccount/Login-KiboEngage

2019-03-25 15:51:47 - [TEST_STEP][PASSED] - openBrowser(""): Browser is opened with url: ''

2019-03-25 15:51:47 - [MESSAGE][WARNING] - A browser is already opened. Closing browser and opening a new one

2019-03-25 15:51:48 - [MESSAGE][INFO] - Starting 'Chrome' driver

2019-03-25 15:51:48 - [MESSAGE][PASSED] - Browser is opened with url: ''

2019-03-25 15:51:48 - [TEST_STEP][PASSED] - maximizeWindow(): Current window maximized

2019-03-25 15:51:48 - [MESSAGE][PASSED] - Current window maximized

2019-03-25 15:51:48 - [TEST_STEP][PASSED] - navigateToUrl("https://kiboengage.cloudkibo.com/"): Navigate to 'https://kiboengage.cloudkibo.com/' successfully

2019-03-25 15:51:59 - [MESSAGE][PASSED] - Navigate to 'https://kiboengage.cloudkibo.com/' successfully

2019-03-25 15:51:59 - [TEST_STEP][PASSED] - navigateToUrl("https://accounts.cloudkibo.com/?continue=https://kiboengage.cloudkibo.com"): Navigate to 'https://accounts.cloudkibo.com/?continue=https://kiboengage.cloudkibo.com' successfully

2019-03-25 15:51:59 - [MESSAGE][PASSED] - Navigate to 'https://accounts.cloudkibo.com/?continue=https://kiboengage.cloudkibo.com' successfully

2019-03-25 15:51:59 - [TEST_STEP][PASSED] - click(findTestObject("Page_KiboPush/a_Login (9) (1)")): Object: 'Object Repository/Page_KiboPush/a_Login (9) (1)' is clicked on

2019-03-25 15:52:00 - [MESSAGE][PASSED] - Object: 'Object Repository/Page_KiboPush/a_Login (9) (1)' is clicked on

2019-03-25 15:52:00 - [TEST_STEP][PASSED] - setText(findTestObject("Page_KiboPush/input_email (10) (1)"), "individual@cloudkibo.com"): Text 'individual@cloudkibo.com' is set on object 'Object Repository/Page_KiboPush/input_email (10) (1)'

2019-03-25 15:52:00 - [MESSAGE][PASSED] - Text 'individual@cloudkibo.com' is set on object 'Object Repository/Page_KiboPush/input_email (10) (1)'

2019-03-25 15:52:00 - [TEST_STEP][PASSED] - setEncryptedText(findTestObject("Page_KiboPush/input_password (9) (1)"), "RigbBhfdqOBGNlJIWM1ClA=="): Text ****** has been set on object 'Object Repository/Page_KiboPush/input_password (9) (1)'

2019-03-25 15:52:00 - [MESSAGE][PASSED] - Text ****** has been set on object 'Object Repository/Page_KiboPush/input_password (9) (1)'

2019-03-25 15:52:00 - [TEST_STEP][PASSED] - click(findTestObject("Page_KiboPush/button_Sign In (10) (1)")): Object: 'Object Repository/Page_KiboPush/button_Sign In (10) (1)' is clicked on

2019-03-25 15:52:01 - [MESSAGE][PASSED] - Object: 'Object Repository/Page_KiboPush/button_Sign In (10) (1)' is clicked on

2019-03-25 15:52:01 - [TEST_STEP][PASSED] - navigateToUrl("https://kiboengage.cloudkibo.com/dashboard"): Navigate to 'https://kiboengage.cloudkibo.com/dashboard' successfully

2019-03-25 15:52:23 - [MESSAGE][PASSED] - Navigate to 'https://kiboengage.cloudkibo.com/dashboard' successfully

2019-03-25 15:52:23 - [TEST_STEP][PASSED] - click(findTestObject("Object Repository/Page_KiboPush  Dashboard/h3_Dashboard (57)")): Object: 'Object Repository/Page_KiboPush  Dashboard/h3_Dashboard (57)' is clicked on

2019-03-25 15:52:23 - [MESSAGE][PASSED] - Object: 'Object Repository/Page_KiboPush  Dashboard/h3_Dashboard (57)' is clicked on

2019-03-25 15:52:23 - [TEST_STEP][PASSED] - delay(3): Delayed 3 second(s)

2019-03-25 15:52:26 - [MESSAGE][PASSED] - Delayed 3 second(s)

2019-03-25 15:52:26 - [MESSAGE][PASSED] - Call Test Case 'Test Cases/s-sidebar_navigation/individualAccount/Login-KiboEngage' successfully

2019-03-25 15:52:26 - [TEST_STEP][PASSED] - click(findTestObject("Page_KiboPush  Dashboard/span_Broadcasting")): Object: 'Object Repository/Page_KiboPush  Dashboard/span_Broadcasting' is clicked on

2019-03-25 15:52:26 - [MESSAGE][PASSED] - Object: 'Object Repository/Page_KiboPush  Dashboard/span_Broadcasting' is clicked on

2019-03-25 15:52:26 - [TEST_STEP][PASSED] - delay(1): Delayed 1 second(s)

2019-03-25 15:52:27 - [MESSAGE][PASSED] - Delayed 1 second(s)

2019-03-25 15:52:27 - [TEST_STEP][PASSED] - click(findTestObject("Page_KiboPush  Dashboard/span_Segment Subscribers")): Object: 'Object Repository/Page_KiboPush  Dashboard/span_Segment Subscribers' is clicked on

2019-03-25 15:52:28 - [MESSAGE][PASSED] - Object: 'Object Repository/Page_KiboPush  Dashboard/span_Segment Subscribers' is clicked on

2019-03-25 15:52:28 - [TEST_STEP][PASSED] - click(findTestObject("Page_KiboPush  Dashboard/h3_Subscribers Segmentation Li")): Object: 'Object Repository/Page_KiboPush  Dashboard/h3_Subscribers Segmentation Li' is clicked on

2019-03-25 15:52:28 - [MESSAGE][PASSED] - Object: 'Object Repository/Page_KiboPush  Dashboard/h3_Subscribers Segmentation Li' is clicked on

2019-03-25 15:52:28 - [TEST_STEP][PASSED] - delay(1): Delayed 1 second(s)

2019-03-25 15:52:29 - [MESSAGE][PASSED] - Delayed 1 second(s)

2019-03-25 15:52:29 - [MESSAGE][PASSED] - Call Test Case 'Test Cases/s-sidebar_navigation/individualAccount/Segment subsciber' successfully

2019-03-25 15:52:29 - [TEST_STEP][PASSED] - delay(2): Delayed 2 second(s)

2019-03-25 15:52:31 - [MESSAGE][PASSED] - Delayed 2 second(s)

2019-03-25 15:52:31 - [TEST_STEP][PASSED] - click(findTestObject("Page_KiboPush  Dashboard/a_Create Segmented Subscribers")): Object: 'Object Repository/Page_KiboPush  Dashboard/a_Create Segmented Subscribers' is clicked on

2019-03-25 15:52:31 - [MESSAGE][PASSED] - Object: 'Object Repository/Page_KiboPush  Dashboard/a_Create Segmented Subscribers' is clicked on

2019-03-25 15:52:31 - [TEST_STEP][PASSED] - click(findTestObject("Page_KiboPush  Dashboard/h3_Create SubList of Subscribe")): Object: 'Object Repository/Page_KiboPush  Dashboard/h3_Create SubList of Subscribe' is clicked on

2019-03-25 15:52:31 - [MESSAGE][PASSED] - Object: 'Object Repository/Page_KiboPush  Dashboard/h3_Create SubList of Subscribe' is clicked on

2019-03-25 15:52:31 - [MESSAGE][PASSED] - Call Test Case 'Test Cases/Segment subscribers/TC0712' successfully

2019-03-25 15:52:31 - [TEST_STEP][PASSED] - delay(3): Delayed 3 second(s)

2019-03-25 15:52:34 - [MESSAGE][PASSED] - Delayed 3 second(s)

2019-03-25 15:52:34 - [TEST_STEP][PASSED] - click(findTestObject("Page_KiboPush  Dashboard/h3_Create SubList of Subscribe (4) (1) (1)")): Object: 'Object Repository/Page_KiboPush  Dashboard/h3_Create SubList of Subscribe (4) (1) (1)' is clicked on

2019-03-25 15:52:34 - [MESSAGE][PASSED] - Object: 'Object Repository/Page_KiboPush  Dashboard/h3_Create SubList of Subscribe (4) (1) (1)' is clicked on

2019-03-25 15:52:34 - [TEST_STEP][PASSED] - click(findTestObject("Page_KiboPush  Dashboard/input_segmentationType (3) (1) (1)")): Object: 'Object Repository/Page_KiboPush  Dashboard/input_segmentationType (3) (1) (1)' is clicked on

2019-03-25 15:52:34 - [MESSAGE][PASSED] - Object: 'Object Repository/Page_KiboPush  Dashboard/input_segmentationType (3) (1) (1)' is clicked on

2019-03-25 15:52:34 - [TEST_STEP][PASSED] - setText(findTestObject("Page_KiboPush  Dashboard/input_listName (2) (1) (1)"), "27"): Text '27' is set on object 'Object Repository/Page_KiboPush  Dashboard/input_listName (2) (1) (1)'

2019-03-25 15:52:34 - [MESSAGE][PASSED] - Text '27' is set on object 'Object Repository/Page_KiboPush  Dashboard/input_listName (2) (1) (1)'

2019-03-25 15:52:34 - [TEST_STEP][PASSED] - selectOptionByValue(findTestObject("Page_KiboPush  Dashboard/select_Select ConditionFirst N (7) (1)"), "email", true): All options with value 'email' are selected in object 'Object Repository/Page_KiboPush  Dashboard/select_Select ConditionFirst N (7) (1)'  using regular expression

2019-03-25 15:52:35 - [MESSAGE][PASSED] - All options with value 'email' are selected in object 'Object Repository/Page_KiboPush  Dashboard/select_Select ConditionFirst N (7) (1)'  using regular expression

2019-03-25 15:52:35 - [TEST_STEP][PASSED] - click(findTestObject("Page_KiboPush  Dashboard/td_Select Criteriais")): Object: 'Object Repository/Page_KiboPush  Dashboard/td_Select Criteriais' is clicked on

2019-03-25 15:52:35 - [MESSAGE][PASSED] - Object: 'Object Repository/Page_KiboPush  Dashboard/td_Select Criteriais' is clicked on

2019-03-25 15:52:35 - [TEST_STEP][PASSED] - selectOptionByValue(findTestObject("Page_KiboPush  Dashboard/select_Select Criteriais"), "is", true): All options with value 'is' are selected in object 'Object Repository/Page_KiboPush  Dashboard/select_Select Criteriais'  using regular expression

2019-03-25 15:52:35 - [MESSAGE][PASSED] - All options with value 'is' are selected in object 'Object Repository/Page_KiboPush  Dashboard/select_Select Criteriais'  using regular expression

2019-03-25 15:52:35 - [TEST_STEP][PASSED] - setText(findTestObject("Page_KiboPush  Dashboard/input_text (7)"), "i141615@nu.edu.pk"): Text 'i141615@nu.edu.pk' is set on object 'Object Repository/Page_KiboPush  Dashboard/input_text (7)'

2019-03-25 15:52:36 - [MESSAGE][PASSED] - Text 'i141615@nu.edu.pk' is set on object 'Object Repository/Page_KiboPush  Dashboard/input_text (7)'

2019-03-25 15:52:36 - [TEST_STEP][PASSED] - click(findTestObject("Page_KiboPush  Dashboard/button_Save (11)")): Object: 'Object Repository/Page_KiboPush  Dashboard/button_Save (11)' is clicked on

2019-03-25 15:52:36 - [MESSAGE][PASSED] - Object: 'Object Repository/Page_KiboPush  Dashboard/button_Save (11)' is clicked on

2019-03-25 15:52:36 - [TEST_STEP][PASSED] - click(findTestObject("Page_KiboPush  Dashboard/div_New list is empty. Try cre (1)")): Object: 'Object Repository/Page_KiboPush  Dashboard/div_New list is empty. Try cre (1)' is clicked on

2019-03-25 15:52:36 - [MESSAGE][PASSED] - Object: 'Object Repository/Page_KiboPush  Dashboard/div_New list is empty. Try cre (1)' is clicked on]]></system-out>
         <system-err><![CDATA[]]></system-err>
      </testcase>
      <testcase name="Test Cases/Segment subscribers/TC0723" classname="Test Cases/Segment subscribers/TC0723" status="FAILED">
         <failure type="FAILED" message="Test Cases/Segment subscribers/TC0723 FAILED.
Reason:
com.kms.katalon.core.exception.StepFailedException: Unable to select option by value 'Test4' of object 'Object Repository/Page_KiboEngage  Create Sublist/select_Select a PageTest4Test1Test_kibo'  using regular expression
	at com.kms.katalon.core.webui.keyword.internal.WebUIKeywordMain.stepFailed(WebUIKeywordMain.groovy:64)
	at com.kms.katalon.core.webui.keyword.internal.WebUIKeywordMain.runKeyword(WebUIKeywordMain.groovy:26)
	at com.kms.katalon.core.webui.keyword.builtin.SelectOptionByValueKeyword.selectOptionByValue(SelectOptionByValueKeyword.groovy:99)
	at com.kms.katalon.core.webui.keyword.builtin.SelectOptionByValueKeyword.execute(SelectOptionByValueKeyword.groovy:71)
	at com.kms.katalon.core.keyword.internal.KeywordExecutor.executeKeywordForPlatform(KeywordExecutor.groovy:56)
	at com.kms.katalon.core.webui.keyword.WebUiBuiltInKeywords.selectOptionByValue(WebUiBuiltInKeywords.groovy:1138)
	at com.kms.katalon.core.webui.keyword.WebUiBuiltInKeywords$selectOptionByValue$7.call(Unknown Source)
	at TC0723.run(TC0723:36)
	at com.kms.katalon.core.main.ScriptEngine.run(ScriptEngine.java:194)
	at com.kms.katalon.core.main.ScriptEngine.runScriptAsRawText(ScriptEngine.java:119)
	at com.kms.katalon.core.main.TestCaseExecutor.runScript(TestCaseExecutor.java:331)
	at com.kms.katalon.core.main.TestCaseExecutor.doExecute(TestCaseExecutor.java:322)
	at com.kms.katalon.core.main.TestCaseExecutor.processExecutionPhase(TestCaseExecutor.java:301)
	at com.kms.katalon.core.main.TestCaseExecutor.accessMainPhase(TestCaseExecutor.java:293)
	at com.kms.katalon.core.main.TestCaseExecutor.execute(TestCaseExecutor.java:227)
	at com.kms.katalon.core.main.TestSuiteExecutor.accessTestCaseMainPhase(TestSuiteExecutor.java:129)
	at com.kms.katalon.core.main.TestSuiteExecutor.accessTestSuiteMainPhase(TestSuiteExecutor.java:112)
	at com.kms.katalon.core.main.TestSuiteExecutor.execute(TestSuiteExecutor.java:81)
	at com.kms.katalon.core.main.TestCaseMain.startTestSuite(TestCaseMain.java:157)
	at com.kms.katalon.core.main.TestCaseMain$startTestSuite$0.call(Unknown Source)
	at TempTestSuite1553506926009.run(TempTestSuite1553506926009.groovy:35)
Caused by: com.kms.katalon.core.webui.exception.WebElementNotFoundException: Web element with id: 'Object Repository/Page_KiboEngage  Create Sublist/select_Select a PageTest4Test1Test_kibo' located by 'By.xpath: //select[(text() = 'Select a PageTest4Test1Test_kibo' or . = 'Select a PageTest4Test1Test_kibo')]' not found
	at com.kms.katalon.core.webui.common.WebUiCommonHelper.findWebElement(WebUiCommonHelper.java:1053)
	at com.kms.katalon.core.webui.keyword.internal.WebUIAbstractKeyword.findWebElement(WebUIAbstractKeyword.groovy:27)
	at com.kms.katalon.core.webui.keyword.internal.WebUIAbstractKeyword.findWebElement(WebUIAbstractKeyword.groovy:26)
	at com.kms.katalon.core.webui.keyword.builtin.SelectOptionByValueKeyword$_selectOptionByValue_closure1.doCall(SelectOptionByValueKeyword.groovy:86)
	at com.kms.katalon.core.webui.keyword.builtin.SelectOptionByValueKeyword$_selectOptionByValue_closure1.call(SelectOptionByValueKeyword.groovy)
	at com.kms.katalon.core.webui.keyword.internal.WebUIKeywordMain.runKeyword(WebUIKeywordMain.groovy:20)
	at com.kms.katalon.core.webui.keyword.builtin.SelectOptionByValueKeyword.selectOptionByValue(SelectOptionByValueKeyword.groovy:99)
	at com.kms.katalon.core.webui.keyword.builtin.SelectOptionByValueKeyword.execute(SelectOptionByValueKeyword.groovy:71)
	at com.kms.katalon.core.keyword.internal.KeywordExecutor.executeKeywordForPlatform(KeywordExecutor.groovy:56)
	at com.kms.katalon.core.webui.keyword.WebUiBuiltInKeywords.selectOptionByValue(WebUiBuiltInKeywords.groovy:1138)
	at com.kms.katalon.core.webui.keyword.WebUiBuiltInKeywords$selectOptionByValue$7.call(Unknown Source)
	at Script1536569941826.run(Script1536569941826.groovy:36)
	... 13 more
"/>
         <system-out><![CDATA[2019-03-25 15:52:36 - [TEST_CASE][FAILED] - Test Cases/Segment subscribers/TC0723: Test Cases/Segment subscribers/TC0723 FAILED.
Reason:
com.kms.katalon.core.exception.StepFailedException: Unable to select option by value 'Test4' of object 'Object Repository/Page_KiboEngage  Create Sublist/select_Select a PageTest4Test1Test_kibo'  using regular expression
	at com.kms.katalon.core.webui.keyword.internal.WebUIKeywordMain.stepFailed(WebUIKeywordMain.groovy:64)
	at com.kms.katalon.core.webui.keyword.internal.WebUIKeywordMain.runKeyword(WebUIKeywordMain.groovy:26)
	at com.kms.katalon.core.webui.keyword.builtin.SelectOptionByValueKeyword.selectOptionByValue(SelectOptionByValueKeyword.groovy:99)
	at com.kms.katalon.core.webui.keyword.builtin.SelectOptionByValueKeyword.execute(SelectOptionByValueKeyword.groovy:71)
	at com.kms.katalon.core.keyword.internal.KeywordExecutor.executeKeywordForPlatform(KeywordExecutor.groovy:56)
	at com.kms.katalon.core.webui.keyword.WebUiBuiltInKeywords.selectOptionByValue(WebUiBuiltInKeywords.groovy:1138)
	at com.kms.katalon.core.webui.keyword.WebUiBuiltInKeywords$selectOptionByValue$7.call(Unknown Source)
	at TC0723.run(TC0723:36)
	at com.kms.katalon.core.main.ScriptEngine.run(ScriptEngine.java:194)
	at com.kms.katalon.core.main.ScriptEngine.runScriptAsRawText(ScriptEngine.java:119)
	at com.kms.katalon.core.main.TestCaseExecutor.runScript(TestCaseExecutor.java:331)
	at com.kms.katalon.core.main.TestCaseExecutor.doExecute(TestCaseExecutor.java:322)
	at com.kms.katalon.core.main.TestCaseExecutor.processExecutionPhase(TestCaseExecutor.java:301)
	at com.kms.katalon.core.main.TestCaseExecutor.accessMainPhase(TestCaseExecutor.java:293)
	at com.kms.katalon.core.main.TestCaseExecutor.execute(TestCaseExecutor.java:227)
	at com.kms.katalon.core.main.TestSuiteExecutor.accessTestCaseMainPhase(TestSuiteExecutor.java:129)
	at com.kms.katalon.core.main.TestSuiteExecutor.accessTestSuiteMainPhase(TestSuiteExecutor.java:112)
	at com.kms.katalon.core.main.TestSuiteExecutor.execute(TestSuiteExecutor.java:81)
	at com.kms.katalon.core.main.TestCaseMain.startTestSuite(TestCaseMain.java:157)
	at com.kms.katalon.core.main.TestCaseMain$startTestSuite$0.call(Unknown Source)
	at TempTestSuite1553506926009.run(TempTestSuite1553506926009.groovy:35)
Caused by: com.kms.katalon.core.webui.exception.WebElementNotFoundException: Web element with id: 'Object Repository/Page_KiboEngage  Create Sublist/select_Select a PageTest4Test1Test_kibo' located by 'By.xpath: //select[(text() = 'Select a PageTest4Test1Test_kibo' or . = 'Select a PageTest4Test1Test_kibo')]' not found
	at com.kms.katalon.core.webui.common.WebUiCommonHelper.findWebElement(WebUiCommonHelper.java:1053)
	at com.kms.katalon.core.webui.keyword.internal.WebUIAbstractKeyword.findWebElement(WebUIAbstractKeyword.groovy:27)
	at com.kms.katalon.core.webui.keyword.internal.WebUIAbstractKeyword.findWebElement(WebUIAbstractKeyword.groovy:26)
	at com.kms.katalon.core.webui.keyword.builtin.SelectOptionByValueKeyword$_selectOptionByValue_closure1.doCall(SelectOptionByValueKeyword.groovy:86)
	at com.kms.katalon.core.webui.keyword.builtin.SelectOptionByValueKeyword$_selectOptionByValue_closure1.call(SelectOptionByValueKeyword.groovy)
	at com.kms.katalon.core.webui.keyword.internal.WebUIKeywordMain.runKeyword(WebUIKeywordMain.groovy:20)
	at com.kms.katalon.core.webui.keyword.builtin.SelectOptionByValueKeyword.selectOptionByValue(SelectOptionByValueKeyword.groovy:99)
	at com.kms.katalon.core.webui.keyword.builtin.SelectOptionByValueKeyword.execute(SelectOptionByValueKeyword.groovy:71)
	at com.kms.katalon.core.keyword.internal.KeywordExecutor.executeKeywordForPlatform(KeywordExecutor.groovy:56)
	at com.kms.katalon.core.webui.keyword.WebUiBuiltInKeywords.selectOptionByValue(WebUiBuiltInKeywords.groovy:1138)
	at com.kms.katalon.core.webui.keyword.WebUiBuiltInKeywords$selectOptionByValue$7.call(Unknown Source)
	at Script1536569941826.run(Script1536569941826.groovy:36)
	... 13 more


2019-03-25 15:52:36 - [TEST_STEP][PASSED] - callTestCase(findTestCase("Segment subscribers/TC0712"), [:], STOP_ON_FAILURE): Call Test Case 'Test Cases/Segment subscribers/TC0712' successfully

2019-03-25 15:52:36 - [TEST_CASE][PASSED] - Test Cases/Segment subscribers/TC0712: Test Cases/Segment subscribers/TC0712

2019-03-25 15:52:36 - [TEST_STEP][PASSED] - callTestCase(findTestCase("s-sidebar_navigation/individualAccount/Segment subsciber"), [:], STOP_ON_FAILURE): Call Test Case 'Test Cases/s-sidebar_navigation/individualAccount/Segment subsciber' successfully

2019-03-25 15:52:36 - [TEST_CASE][PASSED] - Test Cases/s-sidebar_navigation/individualAccount/Segment subsciber: Test Cases/s-sidebar_navigation/individualAccount/Segment subsciber

2019-03-25 15:52:36 - [TEST_STEP][PASSED] - callTestCase(findTestCase("s-sidebar_navigation/individualAccount/Login-KiboEngage"), [:], STOP_ON_FAILURE): Call Test Case 'Test Cases/s-sidebar_navigation/individualAccount/Login-KiboEngage' successfully

2019-03-25 15:52:36 - [TEST_CASE][PASSED] - Test Cases/s-sidebar_navigation/individualAccount/Login-KiboEngage: Test Cases/s-sidebar_navigation/individualAccount/Login-KiboEngage

2019-03-25 15:52:36 - [TEST_STEP][PASSED] - openBrowser(""): Browser is opened with url: ''

2019-03-25 15:52:36 - [MESSAGE][WARNING] - A browser is already opened. Closing browser and opening a new one

2019-03-25 15:52:36 - [MESSAGE][INFO] - Starting 'Chrome' driver

2019-03-25 15:52:37 - [MESSAGE][PASSED] - Browser is opened with url: ''

2019-03-25 15:52:37 - [TEST_STEP][PASSED] - maximizeWindow(): Current window maximized

2019-03-25 15:52:37 - [MESSAGE][PASSED] - Current window maximized

2019-03-25 15:52:37 - [TEST_STEP][PASSED] - navigateToUrl("https://kiboengage.cloudkibo.com/"): Navigate to 'https://kiboengage.cloudkibo.com/' successfully

2019-03-25 15:52:48 - [MESSAGE][PASSED] - Navigate to 'https://kiboengage.cloudkibo.com/' successfully

2019-03-25 15:52:48 - [TEST_STEP][PASSED] - navigateToUrl("https://accounts.cloudkibo.com/?continue=https://kiboengage.cloudkibo.com"): Navigate to 'https://accounts.cloudkibo.com/?continue=https://kiboengage.cloudkibo.com' successfully

2019-03-25 15:52:49 - [MESSAGE][PASSED] - Navigate to 'https://accounts.cloudkibo.com/?continue=https://kiboengage.cloudkibo.com' successfully

2019-03-25 15:52:49 - [TEST_STEP][PASSED] - click(findTestObject("Page_KiboPush/a_Login (9) (1)")): Object: 'Object Repository/Page_KiboPush/a_Login (9) (1)' is clicked on

2019-03-25 15:52:50 - [MESSAGE][PASSED] - Object: 'Object Repository/Page_KiboPush/a_Login (9) (1)' is clicked on

2019-03-25 15:52:50 - [TEST_STEP][PASSED] - setText(findTestObject("Page_KiboPush/input_email (10) (1)"), "individual@cloudkibo.com"): Text 'individual@cloudkibo.com' is set on object 'Object Repository/Page_KiboPush/input_email (10) (1)'

2019-03-25 15:52:50 - [MESSAGE][PASSED] - Text 'individual@cloudkibo.com' is set on object 'Object Repository/Page_KiboPush/input_email (10) (1)'

2019-03-25 15:52:50 - [TEST_STEP][PASSED] - setEncryptedText(findTestObject("Page_KiboPush/input_password (9) (1)"), "RigbBhfdqOBGNlJIWM1ClA=="): Text ****** has been set on object 'Object Repository/Page_KiboPush/input_password (9) (1)'

2019-03-25 15:52:50 - [MESSAGE][PASSED] - Text ****** has been set on object 'Object Repository/Page_KiboPush/input_password (9) (1)'

2019-03-25 15:52:50 - [TEST_STEP][PASSED] - click(findTestObject("Page_KiboPush/button_Sign In (10) (1)")): Object: 'Object Repository/Page_KiboPush/button_Sign In (10) (1)' is clicked on

2019-03-25 15:52:50 - [MESSAGE][PASSED] - Object: 'Object Repository/Page_KiboPush/button_Sign In (10) (1)' is clicked on

2019-03-25 15:52:50 - [TEST_STEP][PASSED] - navigateToUrl("https://kiboengage.cloudkibo.com/dashboard"): Navigate to 'https://kiboengage.cloudkibo.com/dashboard' successfully

2019-03-25 15:53:02 - [MESSAGE][PASSED] - Navigate to 'https://kiboengage.cloudkibo.com/dashboard' successfully

2019-03-25 15:53:02 - [TEST_STEP][PASSED] - click(findTestObject("Object Repository/Page_KiboPush  Dashboard/h3_Dashboard (57)")): Object: 'Object Repository/Page_KiboPush  Dashboard/h3_Dashboard (57)' is clicked on

2019-03-25 15:53:02 - [MESSAGE][PASSED] - Object: 'Object Repository/Page_KiboPush  Dashboard/h3_Dashboard (57)' is clicked on

2019-03-25 15:53:02 - [TEST_STEP][PASSED] - delay(3): Delayed 3 second(s)

2019-03-25 15:53:05 - [MESSAGE][PASSED] - Delayed 3 second(s)

2019-03-25 15:53:05 - [MESSAGE][PASSED] - Call Test Case 'Test Cases/s-sidebar_navigation/individualAccount/Login-KiboEngage' successfully

2019-03-25 15:53:05 - [TEST_STEP][PASSED] - click(findTestObject("Page_KiboPush  Dashboard/span_Broadcasting")): Object: 'Object Repository/Page_KiboPush  Dashboard/span_Broadcasting' is clicked on

2019-03-25 15:53:05 - [MESSAGE][PASSED] - Object: 'Object Repository/Page_KiboPush  Dashboard/span_Broadcasting' is clicked on

2019-03-25 15:53:05 - [TEST_STEP][PASSED] - delay(1): Delayed 1 second(s)

2019-03-25 15:53:06 - [MESSAGE][PASSED] - Delayed 1 second(s)

2019-03-25 15:53:06 - [TEST_STEP][PASSED] - click(findTestObject("Page_KiboPush  Dashboard/span_Segment Subscribers")): Object: 'Object Repository/Page_KiboPush  Dashboard/span_Segment Subscribers' is clicked on

2019-03-25 15:53:07 - [MESSAGE][PASSED] - Object: 'Object Repository/Page_KiboPush  Dashboard/span_Segment Subscribers' is clicked on

2019-03-25 15:53:07 - [TEST_STEP][PASSED] - click(findTestObject("Page_KiboPush  Dashboard/h3_Subscribers Segmentation Li")): Object: 'Object Repository/Page_KiboPush  Dashboard/h3_Subscribers Segmentation Li' is clicked on

2019-03-25 15:53:07 - [MESSAGE][PASSED] - Object: 'Object Repository/Page_KiboPush  Dashboard/h3_Subscribers Segmentation Li' is clicked on

2019-03-25 15:53:07 - [TEST_STEP][PASSED] - delay(1): Delayed 1 second(s)

2019-03-25 15:53:08 - [MESSAGE][PASSED] - Delayed 1 second(s)

2019-03-25 15:53:08 - [MESSAGE][PASSED] - Call Test Case 'Test Cases/s-sidebar_navigation/individualAccount/Segment subsciber' successfully

2019-03-25 15:53:08 - [TEST_STEP][PASSED] - delay(2): Delayed 2 second(s)

2019-03-25 15:53:10 - [MESSAGE][PASSED] - Delayed 2 second(s)

2019-03-25 15:53:10 - [TEST_STEP][PASSED] - click(findTestObject("Page_KiboPush  Dashboard/a_Create Segmented Subscribers")): Object: 'Object Repository/Page_KiboPush  Dashboard/a_Create Segmented Subscribers' is clicked on

2019-03-25 15:53:10 - [MESSAGE][PASSED] - Object: 'Object Repository/Page_KiboPush  Dashboard/a_Create Segmented Subscribers' is clicked on

2019-03-25 15:53:10 - [TEST_STEP][PASSED] - click(findTestObject("Page_KiboPush  Dashboard/h3_Create SubList of Subscribe")): Object: 'Object Repository/Page_KiboPush  Dashboard/h3_Create SubList of Subscribe' is clicked on

2019-03-25 15:53:10 - [MESSAGE][PASSED] - Object: 'Object Repository/Page_KiboPush  Dashboard/h3_Create SubList of Subscribe' is clicked on

2019-03-25 15:53:10 - [MESSAGE][PASSED] - Call Test Case 'Test Cases/Segment subscribers/TC0712' successfully

2019-03-25 15:53:10 - [TEST_STEP][PASSED] - delay(3): Delayed 3 second(s)

2019-03-25 15:53:13 - [MESSAGE][PASSED] - Delayed 3 second(s)

2019-03-25 15:53:13 - [TEST_STEP][PASSED] - click(findTestObject("Page_KiboPush  Dashboard/input_segmentationType (9) (1) (1)")): Object: 'Object Repository/Page_KiboPush  Dashboard/input_segmentationType (9) (1) (1)' is clicked on

2019-03-25 15:53:13 - [MESSAGE][PASSED] - Object: 'Object Repository/Page_KiboPush  Dashboard/input_segmentationType (9) (1) (1)' is clicked on

2019-03-25 15:53:13 - [TEST_STEP][PASSED] - setText(findTestObject("Page_KiboPush  Dashboard/input_listName (9) (1) (1)"), "34"): Text '34' is set on object 'Object Repository/Page_KiboPush  Dashboard/input_listName (9) (1) (1)'

2019-03-25 15:53:13 - [MESSAGE][PASSED] - Text '34' is set on object 'Object Repository/Page_KiboPush  Dashboard/input_listName (9) (1) (1)'

2019-03-25 15:53:13 - [TEST_STEP][PASSED] - selectOptionByValue(findTestObject("Page_KiboPush  Dashboard/select_Select ConditionFirst N (8) (1) (1)"), "page", true): All options with value 'page' are selected in object 'Object Repository/Page_KiboPush  Dashboard/select_Select ConditionFirst N (8) (1) (1)'  using regular expression

2019-03-25 15:53:14 - [MESSAGE][PASSED] - All options with value 'page' are selected in object 'Object Repository/Page_KiboPush  Dashboard/select_Select ConditionFirst N (8) (1) (1)'  using regular expression

2019-03-25 15:53:14 - [TEST_STEP][PASSED] - selectOptionByValue(findTestObject("Page_KiboPush  Dashboard/select_Select Criteriais (1) (1) (1)"), "is", true): All options with value 'is' are selected in object 'Object Repository/Page_KiboPush  Dashboard/select_Select Criteriais (1) (1) (1)'  using regular expression

2019-03-25 15:53:14 - [MESSAGE][PASSED] - All options with value 'is' are selected in object 'Object Repository/Page_KiboPush  Dashboard/select_Select Criteriais (1) (1) (1)'  using regular expression

2019-03-25 15:53:14 - [TEST_STEP][FAILED] - selectOptionByValue(findTestObject("Page_KiboEngage  Create Sublist/select_Select a PageTest4Test1Test_kibo"), "Test4", true): selectOptionByValue(findTestObject("Page_KiboEngage  Create Sublist/select_Select a PageTest4Test1Test_kibo"), "Test4", true) FAILED.
Reason:
com.kms.katalon.core.exception.StepFailedException: Unable to select option by value 'Test4' of object 'Object Repository/Page_KiboEngage  Create Sublist/select_Select a PageTest4Test1Test_kibo'  using regular expression
	at com.kms.katalon.core.webui.keyword.internal.WebUIKeywordMain.stepFailed(WebUIKeywordMain.groovy:64)
	at com.kms.katalon.core.webui.keyword.internal.WebUIKeywordMain.runKeyword(WebUIKeywordMain.groovy:26)
	at com.kms.katalon.core.webui.keyword.builtin.SelectOptionByValueKeyword.selectOptionByValue(SelectOptionByValueKeyword.groovy:99)
	at com.kms.katalon.core.webui.keyword.builtin.SelectOptionByValueKeyword.execute(SelectOptionByValueKeyword.groovy:71)
	at com.kms.katalon.core.keyword.internal.KeywordExecutor.executeKeywordForPlatform(KeywordExecutor.groovy:56)
	at com.kms.katalon.core.webui.keyword.WebUiBuiltInKeywords.selectOptionByValue(WebUiBuiltInKeywords.groovy:1138)
	at com.kms.katalon.core.webui.keyword.WebUiBuiltInKeywords$selectOptionByValue$7.call(Unknown Source)
	at TC0723.run(TC0723:36)
	at com.kms.katalon.core.main.ScriptEngine.run(ScriptEngine.java:194)
	at com.kms.katalon.core.main.ScriptEngine.runScriptAsRawText(ScriptEngine.java:119)
	at com.kms.katalon.core.main.TestCaseExecutor.runScript(TestCaseExecutor.java:331)
	at com.kms.katalon.core.main.TestCaseExecutor.doExecute(TestCaseExecutor.java:322)
	at com.kms.katalon.core.main.TestCaseExecutor.processExecutionPhase(TestCaseExecutor.java:301)
	at com.kms.katalon.core.main.TestCaseExecutor.accessMainPhase(TestCaseExecutor.java:293)
	at com.kms.katalon.core.main.TestCaseExecutor.execute(TestCaseExecutor.java:227)
	at com.kms.katalon.core.main.TestSuiteExecutor.accessTestCaseMainPhase(TestSuiteExecutor.java:129)
	at com.kms.katalon.core.main.TestSuiteExecutor.accessTestSuiteMainPhase(TestSuiteExecutor.java:112)
	at com.kms.katalon.core.main.TestSuiteExecutor.execute(TestSuiteExecutor.java:81)
	at com.kms.katalon.core.main.TestCaseMain.startTestSuite(TestCaseMain.java:157)
	at com.kms.katalon.core.main.TestCaseMain$startTestSuite$0.call(Unknown Source)
	at TempTestSuite1553506926009.run(TempTestSuite1553506926009.groovy:35)
Caused by: com.kms.katalon.core.webui.exception.WebElementNotFoundException: Web element with id: 'Object Repository/Page_KiboEngage  Create Sublist/select_Select a PageTest4Test1Test_kibo' located by 'By.xpath: //select[(text() = 'Select a PageTest4Test1Test_kibo' or . = 'Select a PageTest4Test1Test_kibo')]' not found
	at com.kms.katalon.core.webui.common.WebUiCommonHelper.findWebElement(WebUiCommonHelper.java:1053)
	at com.kms.katalon.core.webui.keyword.internal.WebUIAbstractKeyword.findWebElement(WebUIAbstractKeyword.groovy:27)
	at com.kms.katalon.core.webui.keyword.internal.WebUIAbstractKeyword.findWebElement(WebUIAbstractKeyword.groovy:26)
	at com.kms.katalon.core.webui.keyword.builtin.SelectOptionByValueKeyword$_selectOptionByValue_closure1.doCall(SelectOptionByValueKeyword.groovy:86)
	at com.kms.katalon.core.webui.keyword.builtin.SelectOptionByValueKeyword$_selectOptionByValue_closure1.call(SelectOptionByValueKeyword.groovy)
	at com.kms.katalon.core.webui.keyword.internal.WebUIKeywordMain.runKeyword(WebUIKeywordMain.groovy:20)
	at com.kms.katalon.core.webui.keyword.builtin.SelectOptionByValueKeyword.selectOptionByValue(SelectOptionByValueKeyword.groovy:99)
	at com.kms.katalon.core.webui.keyword.builtin.SelectOptionByValueKeyword.execute(SelectOptionByValueKeyword.groovy:71)
	at com.kms.katalon.core.keyword.internal.KeywordExecutor.executeKeywordForPlatform(KeywordExecutor.groovy:56)
	at com.kms.katalon.core.webui.keyword.WebUiBuiltInKeywords.selectOptionByValue(WebUiBuiltInKeywords.groovy:1138)
	at com.kms.katalon.core.webui.keyword.WebUiBuiltInKeywords$selectOptionByValue$7.call(Unknown Source)
	at Script1536569941826.run(Script1536569941826.groovy:36)
	... 13 more


2019-03-25 15:53:44 - [MESSAGE][INFO] - Unable to find the element located by 'By.xpath: //select[(text() = 'Select a PageTest4Test1Test_kibo' or . = 'Select a PageTest4Test1Test_kibo')]'. Please recheck the objects properties to make sure the desired element is located. 

2019-03-25 15:53:45 - [MESSAGE][FAILED] - Unable to select option by value 'Test4' of object 'Object Repository/Page_KiboEngage  Create Sublist/select_Select a PageTest4Test1Test_kibo'  using regular expression (Root cause: com.kms.katalon.core.exception.StepFailedException: Unable to select option by value 'Test4' of object 'Object Repository/Page_KiboEngage  Create Sublist/select_Select a PageTest4Test1Test_kibo'  using regular expression
	at com.kms.katalon.core.webui.keyword.internal.WebUIKeywordMain.stepFailed(WebUIKeywordMain.groovy:64)
	at com.kms.katalon.core.webui.keyword.internal.WebUIKeywordMain.runKeyword(WebUIKeywordMain.groovy:26)
	at com.kms.katalon.core.webui.keyword.builtin.SelectOptionByValueKeyword.selectOptionByValue(SelectOptionByValueKeyword.groovy:99)
	at com.kms.katalon.core.webui.keyword.builtin.SelectOptionByValueKeyword.execute(SelectOptionByValueKeyword.groovy:71)
	at com.kms.katalon.core.keyword.internal.KeywordExecutor.executeKeywordForPlatform(KeywordExecutor.groovy:56)
	at com.kms.katalon.core.webui.keyword.WebUiBuiltInKeywords.selectOptionByValue(WebUiBuiltInKeywords.groovy:1138)
	at com.kms.katalon.core.webui.keyword.WebUiBuiltInKeywords$selectOptionByValue$7.call(Unknown Source)
	at TC0723.run(TC0723:36)
	at com.kms.katalon.core.main.ScriptEngine.run(ScriptEngine.java:194)
	at com.kms.katalon.core.main.ScriptEngine.runScriptAsRawText(ScriptEngine.java:119)
	at com.kms.katalon.core.main.TestCaseExecutor.runScript(TestCaseExecutor.java:331)
	at com.kms.katalon.core.main.TestCaseExecutor.doExecute(TestCaseExecutor.java:322)
	at com.kms.katalon.core.main.TestCaseExecutor.processExecutionPhase(TestCaseExecutor.java:301)
	at com.kms.katalon.core.main.TestCaseExecutor.accessMainPhase(TestCaseExecutor.java:293)
	at com.kms.katalon.core.main.TestCaseExecutor.execute(TestCaseExecutor.java:227)
	at com.kms.katalon.core.main.TestSuiteExecutor.accessTestCaseMainPhase(TestSuiteExecutor.java:129)
	at com.kms.katalon.core.main.TestSuiteExecutor.accessTestSuiteMainPhase(TestSuiteExecutor.java:112)
	at com.kms.katalon.core.main.TestSuiteExecutor.execute(TestSuiteExecutor.java:81)
	at com.kms.katalon.core.main.TestCaseMain.startTestSuite(TestCaseMain.java:157)
	at com.kms.katalon.core.main.TestCaseMain$startTestSuite$0.call(Unknown Source)
	at TempTestSuite1553506926009.run(TempTestSuite1553506926009.groovy:35)
Caused by: com.kms.katalon.core.webui.exception.WebElementNotFoundException: Web element with id: 'Object Repository/Page_KiboEngage  Create Sublist/select_Select a PageTest4Test1Test_kibo' located by 'By.xpath: //select[(text() = 'Select a PageTest4Test1Test_kibo' or . = 'Select a PageTest4Test1Test_kibo')]' not found
	at com.kms.katalon.core.webui.common.WebUiCommonHelper.findWebElement(WebUiCommonHelper.java:1053)
	at com.kms.katalon.core.webui.keyword.internal.WebUIAbstractKeyword.findWebElement(WebUIAbstractKeyword.groovy:27)
	at com.kms.katalon.core.webui.keyword.internal.WebUIAbstractKeyword.findWebElement(WebUIAbstractKeyword.groovy:26)
	at com.kms.katalon.core.webui.keyword.builtin.SelectOptionByValueKeyword$_selectOptionByValue_closure1.doCall(SelectOptionByValueKeyword.groovy:86)
	at com.kms.katalon.core.webui.keyword.builtin.SelectOptionByValueKeyword$_selectOptionByValue_closure1.call(SelectOptionByValueKeyword.groovy)
	at com.kms.katalon.core.webui.keyword.internal.WebUIKeywordMain.runKeyword(WebUIKeywordMain.groovy:20)
	at com.kms.katalon.core.webui.keyword.builtin.SelectOptionByValueKeyword.selectOptionByValue(SelectOptionByValueKeyword.groovy:99)
	at com.kms.katalon.core.webui.keyword.builtin.SelectOptionByValueKeyword.execute(SelectOptionByValueKeyword.groovy:71)
	at com.kms.katalon.core.keyword.internal.KeywordExecutor.executeKeywordForPlatform(KeywordExecutor.groovy:56)
	at com.kms.katalon.core.webui.keyword.WebUiBuiltInKeywords.selectOptionByValue(WebUiBuiltInKeywords.groovy:1138)
	at com.kms.katalon.core.webui.keyword.WebUiBuiltInKeywords$selectOptionByValue$7.call(Unknown Source)
	at Script1536569941826.run(Script1536569941826.groovy:36)
	... 13 more
)
[[ATTACHMENT|/home/cloudkibo-muzamil/Downloads/Test cases/production/KiboPush/Reports/segmentSubscriber/20190325_144206/1553511224913.png]]

2019-03-25 15:53:45 - [MESSAGE][FAILED] - selectOptionByValue(findTestObject("Page_KiboEngage  Create Sublist/select_Select a PageTest4Test1Test_kibo"), "Test4", true) FAILED.
Reason:
com.kms.katalon.core.exception.StepFailedException: Unable to select option by value 'Test4' of object 'Object Repository/Page_KiboEngage  Create Sublist/select_Select a PageTest4Test1Test_kibo'  using regular expression
	at com.kms.katalon.core.webui.keyword.internal.WebUIKeywordMain.stepFailed(WebUIKeywordMain.groovy:64)
	at com.kms.katalon.core.webui.keyword.internal.WebUIKeywordMain.runKeyword(WebUIKeywordMain.groovy:26)
	at com.kms.katalon.core.webui.keyword.builtin.SelectOptionByValueKeyword.selectOptionByValue(SelectOptionByValueKeyword.groovy:99)
	at com.kms.katalon.core.webui.keyword.builtin.SelectOptionByValueKeyword.execute(SelectOptionByValueKeyword.groovy:71)
	at com.kms.katalon.core.keyword.internal.KeywordExecutor.executeKeywordForPlatform(KeywordExecutor.groovy:56)
	at com.kms.katalon.core.webui.keyword.WebUiBuiltInKeywords.selectOptionByValue(WebUiBuiltInKeywords.groovy:1138)
	at com.kms.katalon.core.webui.keyword.WebUiBuiltInKeywords$selectOptionByValue$7.call(Unknown Source)
	at TC0723.run(TC0723:36)
	at com.kms.katalon.core.main.ScriptEngine.run(ScriptEngine.java:194)
	at com.kms.katalon.core.main.ScriptEngine.runScriptAsRawText(ScriptEngine.java:119)
	at com.kms.katalon.core.main.TestCaseExecutor.runScript(TestCaseExecutor.java:331)
	at com.kms.katalon.core.main.TestCaseExecutor.doExecute(TestCaseExecutor.java:322)
	at com.kms.katalon.core.main.TestCaseExecutor.processExecutionPhase(TestCaseExecutor.java:301)
	at com.kms.katalon.core.main.TestCaseExecutor.accessMainPhase(TestCaseExecutor.java:293)
	at com.kms.katalon.core.main.TestCaseExecutor.execute(TestCaseExecutor.java:227)
	at com.kms.katalon.core.main.TestSuiteExecutor.accessTestCaseMainPhase(TestSuiteExecutor.java:129)
	at com.kms.katalon.core.main.TestSuiteExecutor.accessTestSuiteMainPhase(TestSuiteExecutor.java:112)
	at com.kms.katalon.core.main.TestSuiteExecutor.execute(TestSuiteExecutor.java:81)
	at com.kms.katalon.core.main.TestCaseMain.startTestSuite(TestCaseMain.java:157)
	at com.kms.katalon.core.main.TestCaseMain$startTestSuite$0.call(Unknown Source)
	at TempTestSuite1553506926009.run(TempTestSuite1553506926009.groovy:35)
Caused by: com.kms.katalon.core.webui.exception.WebElementNotFoundException: Web element with id: 'Object Repository/Page_KiboEngage  Create Sublist/select_Select a PageTest4Test1Test_kibo' located by 'By.xpath: //select[(text() = 'Select a PageTest4Test1Test_kibo' or . = 'Select a PageTest4Test1Test_kibo')]' not found
	at com.kms.katalon.core.webui.common.WebUiCommonHelper.findWebElement(WebUiCommonHelper.java:1053)
	at com.kms.katalon.core.webui.keyword.internal.WebUIAbstractKeyword.findWebElement(WebUIAbstractKeyword.groovy:27)
	at com.kms.katalon.core.webui.keyword.internal.WebUIAbstractKeyword.findWebElement(WebUIAbstractKeyword.groovy:26)
	at com.kms.katalon.core.webui.keyword.builtin.SelectOptionByValueKeyword$_selectOptionByValue_closure1.doCall(SelectOptionByValueKeyword.groovy:86)
	at com.kms.katalon.core.webui.keyword.builtin.SelectOptionByValueKeyword$_selectOptionByValue_closure1.call(SelectOptionByValueKeyword.groovy)
	at com.kms.katalon.core.webui.keyword.internal.WebUIKeywordMain.runKeyword(WebUIKeywordMain.groovy:20)
	at com.kms.katalon.core.webui.keyword.builtin.SelectOptionByValueKeyword.selectOptionByValue(SelectOptionByValueKeyword.groovy:99)
	at com.kms.katalon.core.webui.keyword.builtin.SelectOptionByValueKeyword.execute(SelectOptionByValueKeyword.groovy:71)
	at com.kms.katalon.core.keyword.internal.KeywordExecutor.executeKeywordForPlatform(KeywordExecutor.groovy:56)
	at com.kms.katalon.core.webui.keyword.WebUiBuiltInKeywords.selectOptionByValue(WebUiBuiltInKeywords.groovy:1138)
	at com.kms.katalon.core.webui.keyword.WebUiBuiltInKeywords$selectOptionByValue$7.call(Unknown Source)
	at Script1536569941826.run(Script1536569941826.groovy:36)
	... 13 more]]></system-out>
         <system-err><![CDATA[2019-03-25 15:52:36 - [TEST_CASE][FAILED] - Test Cases/Segment subscribers/TC0723: Test Cases/Segment subscribers/TC0723 FAILED.
Reason:
com.kms.katalon.core.exception.StepFailedException: Unable to select option by value 'Test4' of object 'Object Repository/Page_KiboEngage  Create Sublist/select_Select a PageTest4Test1Test_kibo'  using regular expression
	at com.kms.katalon.core.webui.keyword.internal.WebUIKeywordMain.stepFailed(WebUIKeywordMain.groovy:64)
	at com.kms.katalon.core.webui.keyword.internal.WebUIKeywordMain.runKeyword(WebUIKeywordMain.groovy:26)
	at com.kms.katalon.core.webui.keyword.builtin.SelectOptionByValueKeyword.selectOptionByValue(SelectOptionByValueKeyword.groovy:99)
	at com.kms.katalon.core.webui.keyword.builtin.SelectOptionByValueKeyword.execute(SelectOptionByValueKeyword.groovy:71)
	at com.kms.katalon.core.keyword.internal.KeywordExecutor.executeKeywordForPlatform(KeywordExecutor.groovy:56)
	at com.kms.katalon.core.webui.keyword.WebUiBuiltInKeywords.selectOptionByValue(WebUiBuiltInKeywords.groovy:1138)
	at com.kms.katalon.core.webui.keyword.WebUiBuiltInKeywords$selectOptionByValue$7.call(Unknown Source)
	at TC0723.run(TC0723:36)
	at com.kms.katalon.core.main.ScriptEngine.run(ScriptEngine.java:194)
	at com.kms.katalon.core.main.ScriptEngine.runScriptAsRawText(ScriptEngine.java:119)
	at com.kms.katalon.core.main.TestCaseExecutor.runScript(TestCaseExecutor.java:331)
	at com.kms.katalon.core.main.TestCaseExecutor.doExecute(TestCaseExecutor.java:322)
	at com.kms.katalon.core.main.TestCaseExecutor.processExecutionPhase(TestCaseExecutor.java:301)
	at com.kms.katalon.core.main.TestCaseExecutor.accessMainPhase(TestCaseExecutor.java:293)
	at com.kms.katalon.core.main.TestCaseExecutor.execute(TestCaseExecutor.java:227)
	at com.kms.katalon.core.main.TestSuiteExecutor.accessTestCaseMainPhase(TestSuiteExecutor.java:129)
	at com.kms.katalon.core.main.TestSuiteExecutor.accessTestSuiteMainPhase(TestSuiteExecutor.java:112)
	at com.kms.katalon.core.main.TestSuiteExecutor.execute(TestSuiteExecutor.java:81)
	at com.kms.katalon.core.main.TestCaseMain.startTestSuite(TestCaseMain.java:157)
	at com.kms.katalon.core.main.TestCaseMain$startTestSuite$0.call(Unknown Source)
	at TempTestSuite1553506926009.run(TempTestSuite1553506926009.groovy:35)
Caused by: com.kms.katalon.core.webui.exception.WebElementNotFoundException: Web element with id: 'Object Repository/Page_KiboEngage  Create Sublist/select_Select a PageTest4Test1Test_kibo' located by 'By.xpath: //select[(text() = 'Select a PageTest4Test1Test_kibo' or . = 'Select a PageTest4Test1Test_kibo')]' not found
	at com.kms.katalon.core.webui.common.WebUiCommonHelper.findWebElement(WebUiCommonHelper.java:1053)
	at com.kms.katalon.core.webui.keyword.internal.WebUIAbstractKeyword.findWebElement(WebUIAbstractKeyword.groovy:27)
	at com.kms.katalon.core.webui.keyword.internal.WebUIAbstractKeyword.findWebElement(WebUIAbstractKeyword.groovy:26)
	at com.kms.katalon.core.webui.keyword.builtin.SelectOptionByValueKeyword$_selectOptionByValue_closure1.doCall(SelectOptionByValueKeyword.groovy:86)
	at com.kms.katalon.core.webui.keyword.builtin.SelectOptionByValueKeyword$_selectOptionByValue_closure1.call(SelectOptionByValueKeyword.groovy)
	at com.kms.katalon.core.webui.keyword.internal.WebUIKeywordMain.runKeyword(WebUIKeywordMain.groovy:20)
	at com.kms.katalon.core.webui.keyword.builtin.SelectOptionByValueKeyword.selectOptionByValue(SelectOptionByValueKeyword.groovy:99)
	at com.kms.katalon.core.webui.keyword.builtin.SelectOptionByValueKeyword.execute(SelectOptionByValueKeyword.groovy:71)
	at com.kms.katalon.core.keyword.internal.KeywordExecutor.executeKeywordForPlatform(KeywordExecutor.groovy:56)
	at com.kms.katalon.core.webui.keyword.WebUiBuiltInKeywords.selectOptionByValue(WebUiBuiltInKeywords.groovy:1138)
	at com.kms.katalon.core.webui.keyword.WebUiBuiltInKeywords$selectOptionByValue$7.call(Unknown Source)
	at Script1536569941826.run(Script1536569941826.groovy:36)
	... 13 more]]></system-err>
      </testcase>
      <testcase name="Test Cases/Segment subscribers/TC0726" classname="Test Cases/Segment subscribers/TC0726" status="FAILED">
         <failure type="FAILED" message="Test Cases/Segment subscribers/TC0726 FAILED.
Reason:
com.kms.katalon.core.exception.StepFailedException: Unable to click on object 'Object Repository/Page_KiboPush  Dashboard/div_List created successfully (1)'
	at com.kms.katalon.core.webui.keyword.internal.WebUIKeywordMain.stepFailed(WebUIKeywordMain.groovy:64)
	at com.kms.katalon.core.webui.keyword.internal.WebUIKeywordMain.runKeyword(WebUIKeywordMain.groovy:26)
	at com.kms.katalon.core.webui.keyword.builtin.ClickKeyword.click(ClickKeyword.groovy:86)
	at com.kms.katalon.core.webui.keyword.builtin.ClickKeyword.execute(ClickKeyword.groovy:67)
	at com.kms.katalon.core.keyword.internal.KeywordExecutor.executeKeywordForPlatform(KeywordExecutor.groovy:56)
	at com.kms.katalon.core.webui.keyword.WebUiBuiltInKeywords.click(WebUiBuiltInKeywords.groovy:616)
	at com.kms.katalon.core.webui.keyword.WebUiBuiltInKeywords$click$2.call(Unknown Source)
	at TC0726.run(TC0726:42)
	at com.kms.katalon.core.main.ScriptEngine.run(ScriptEngine.java:194)
	at com.kms.katalon.core.main.ScriptEngine.runScriptAsRawText(ScriptEngine.java:119)
	at com.kms.katalon.core.main.TestCaseExecutor.runScript(TestCaseExecutor.java:331)
	at com.kms.katalon.core.main.TestCaseExecutor.doExecute(TestCaseExecutor.java:322)
	at com.kms.katalon.core.main.TestCaseExecutor.processExecutionPhase(TestCaseExecutor.java:301)
	at com.kms.katalon.core.main.TestCaseExecutor.accessMainPhase(TestCaseExecutor.java:293)
	at com.kms.katalon.core.main.TestCaseExecutor.execute(TestCaseExecutor.java:227)
	at com.kms.katalon.core.main.TestSuiteExecutor.accessTestCaseMainPhase(TestSuiteExecutor.java:129)
	at com.kms.katalon.core.main.TestSuiteExecutor.accessTestSuiteMainPhase(TestSuiteExecutor.java:112)
	at com.kms.katalon.core.main.TestSuiteExecutor.execute(TestSuiteExecutor.java:81)
	at com.kms.katalon.core.main.TestCaseMain.startTestSuite(TestCaseMain.java:157)
	at com.kms.katalon.core.main.TestCaseMain$startTestSuite$0.call(Unknown Source)
	at TempTestSuite1553506926009.run(TempTestSuite1553506926009.groovy:35)
Caused by: com.kms.katalon.core.webui.exception.WebElementNotFoundException: Web element with id: 'Object Repository/Page_KiboPush  Dashboard/div_List created successfully (1)' located by 'By.xpath: //div[(text() = 'List created successfully' or . = 'List created successfully')]' not found
	at com.kms.katalon.core.webui.common.WebUiCommonHelper.findWebElement(WebUiCommonHelper.java:1053)
	at com.kms.katalon.core.webui.keyword.internal.WebUIAbstractKeyword.findWebElement(WebUIAbstractKeyword.groovy:27)
	at com.kms.katalon.core.webui.keyword.internal.WebUIAbstractKeyword.findWebElement(WebUIAbstractKeyword.groovy:26)
	at com.kms.katalon.core.webui.keyword.builtin.ClickKeyword$_click_closure1.doCall(ClickKeyword.groovy:77)
	at com.kms.katalon.core.webui.keyword.builtin.ClickKeyword$_click_closure1.call(ClickKeyword.groovy)
	at com.kms.katalon.core.webui.keyword.internal.WebUIKeywordMain.runKeyword(WebUIKeywordMain.groovy:20)
	at com.kms.katalon.core.webui.keyword.builtin.ClickKeyword.click(ClickKeyword.groovy:86)
	at com.kms.katalon.core.webui.keyword.builtin.ClickKeyword.execute(ClickKeyword.groovy:67)
	at com.kms.katalon.core.keyword.internal.KeywordExecutor.executeKeywordForPlatform(KeywordExecutor.groovy:56)
	at com.kms.katalon.core.webui.keyword.WebUiBuiltInKeywords.click(WebUiBuiltInKeywords.groovy:616)
	at com.kms.katalon.core.webui.keyword.WebUiBuiltInKeywords$click$2.call(Unknown Source)
	at Script1537961129670.run(Script1537961129670.groovy:42)
	... 13 more
"/>
         <system-out><![CDATA[2019-03-25 15:53:45 - [TEST_CASE][FAILED] - Test Cases/Segment subscribers/TC0726: Test Cases/Segment subscribers/TC0726 FAILED.
Reason:
com.kms.katalon.core.exception.StepFailedException: Unable to click on object 'Object Repository/Page_KiboPush  Dashboard/div_List created successfully (1)'
	at com.kms.katalon.core.webui.keyword.internal.WebUIKeywordMain.stepFailed(WebUIKeywordMain.groovy:64)
	at com.kms.katalon.core.webui.keyword.internal.WebUIKeywordMain.runKeyword(WebUIKeywordMain.groovy:26)
	at com.kms.katalon.core.webui.keyword.builtin.ClickKeyword.click(ClickKeyword.groovy:86)
	at com.kms.katalon.core.webui.keyword.builtin.ClickKeyword.execute(ClickKeyword.groovy:67)
	at com.kms.katalon.core.keyword.internal.KeywordExecutor.executeKeywordForPlatform(KeywordExecutor.groovy:56)
	at com.kms.katalon.core.webui.keyword.WebUiBuiltInKeywords.click(WebUiBuiltInKeywords.groovy:616)
	at com.kms.katalon.core.webui.keyword.WebUiBuiltInKeywords$click$2.call(Unknown Source)
	at TC0726.run(TC0726:42)
	at com.kms.katalon.core.main.ScriptEngine.run(ScriptEngine.java:194)
	at com.kms.katalon.core.main.ScriptEngine.runScriptAsRawText(ScriptEngine.java:119)
	at com.kms.katalon.core.main.TestCaseExecutor.runScript(TestCaseExecutor.java:331)
	at com.kms.katalon.core.main.TestCaseExecutor.doExecute(TestCaseExecutor.java:322)
	at com.kms.katalon.core.main.TestCaseExecutor.processExecutionPhase(TestCaseExecutor.java:301)
	at com.kms.katalon.core.main.TestCaseExecutor.accessMainPhase(TestCaseExecutor.java:293)
	at com.kms.katalon.core.main.TestCaseExecutor.execute(TestCaseExecutor.java:227)
	at com.kms.katalon.core.main.TestSuiteExecutor.accessTestCaseMainPhase(TestSuiteExecutor.java:129)
	at com.kms.katalon.core.main.TestSuiteExecutor.accessTestSuiteMainPhase(TestSuiteExecutor.java:112)
	at com.kms.katalon.core.main.TestSuiteExecutor.execute(TestSuiteExecutor.java:81)
	at com.kms.katalon.core.main.TestCaseMain.startTestSuite(TestCaseMain.java:157)
	at com.kms.katalon.core.main.TestCaseMain$startTestSuite$0.call(Unknown Source)
	at TempTestSuite1553506926009.run(TempTestSuite1553506926009.groovy:35)
Caused by: com.kms.katalon.core.webui.exception.WebElementNotFoundException: Web element with id: 'Object Repository/Page_KiboPush  Dashboard/div_List created successfully (1)' located by 'By.xpath: //div[(text() = 'List created successfully' or . = 'List created successfully')]' not found
	at com.kms.katalon.core.webui.common.WebUiCommonHelper.findWebElement(WebUiCommonHelper.java:1053)
	at com.kms.katalon.core.webui.keyword.internal.WebUIAbstractKeyword.findWebElement(WebUIAbstractKeyword.groovy:27)
	at com.kms.katalon.core.webui.keyword.internal.WebUIAbstractKeyword.findWebElement(WebUIAbstractKeyword.groovy:26)
	at com.kms.katalon.core.webui.keyword.builtin.ClickKeyword$_click_closure1.doCall(ClickKeyword.groovy:77)
	at com.kms.katalon.core.webui.keyword.builtin.ClickKeyword$_click_closure1.call(ClickKeyword.groovy)
	at com.kms.katalon.core.webui.keyword.internal.WebUIKeywordMain.runKeyword(WebUIKeywordMain.groovy:20)
	at com.kms.katalon.core.webui.keyword.builtin.ClickKeyword.click(ClickKeyword.groovy:86)
	at com.kms.katalon.core.webui.keyword.builtin.ClickKeyword.execute(ClickKeyword.groovy:67)
	at com.kms.katalon.core.keyword.internal.KeywordExecutor.executeKeywordForPlatform(KeywordExecutor.groovy:56)
	at com.kms.katalon.core.webui.keyword.WebUiBuiltInKeywords.click(WebUiBuiltInKeywords.groovy:616)
	at com.kms.katalon.core.webui.keyword.WebUiBuiltInKeywords$click$2.call(Unknown Source)
	at Script1537961129670.run(Script1537961129670.groovy:42)
	... 13 more


2019-03-25 15:53:45 - [TEST_STEP][PASSED] - callTestCase(findTestCase("Segment subscribers/TC0712"), [:], STOP_ON_FAILURE): Call Test Case 'Test Cases/Segment subscribers/TC0712' successfully

2019-03-25 15:53:45 - [TEST_CASE][PASSED] - Test Cases/Segment subscribers/TC0712: Test Cases/Segment subscribers/TC0712

2019-03-25 15:53:45 - [TEST_STEP][PASSED] - callTestCase(findTestCase("s-sidebar_navigation/individualAccount/Segment subsciber"), [:], STOP_ON_FAILURE): Call Test Case 'Test Cases/s-sidebar_navigation/individualAccount/Segment subsciber' successfully

2019-03-25 15:53:45 - [TEST_CASE][PASSED] - Test Cases/s-sidebar_navigation/individualAccount/Segment subsciber: Test Cases/s-sidebar_navigation/individualAccount/Segment subsciber

2019-03-25 15:53:45 - [TEST_STEP][PASSED] - callTestCase(findTestCase("s-sidebar_navigation/individualAccount/Login-KiboEngage"), [:], STOP_ON_FAILURE): Call Test Case 'Test Cases/s-sidebar_navigation/individualAccount/Login-KiboEngage' successfully

2019-03-25 15:53:45 - [TEST_CASE][PASSED] - Test Cases/s-sidebar_navigation/individualAccount/Login-KiboEngage: Test Cases/s-sidebar_navigation/individualAccount/Login-KiboEngage

2019-03-25 15:53:45 - [TEST_STEP][PASSED] - openBrowser(""): Browser is opened with url: ''

2019-03-25 15:53:45 - [MESSAGE][WARNING] - A browser is already opened. Closing browser and opening a new one

2019-03-25 15:53:45 - [MESSAGE][INFO] - Starting 'Chrome' driver

2019-03-25 15:53:45 - [MESSAGE][PASSED] - Browser is opened with url: ''

2019-03-25 15:53:45 - [TEST_STEP][PASSED] - maximizeWindow(): Current window maximized

2019-03-25 15:53:46 - [MESSAGE][PASSED] - Current window maximized

2019-03-25 15:53:46 - [TEST_STEP][PASSED] - navigateToUrl("https://kiboengage.cloudkibo.com/"): Navigate to 'https://kiboengage.cloudkibo.com/' successfully

2019-03-25 15:54:01 - [MESSAGE][PASSED] - Navigate to 'https://kiboengage.cloudkibo.com/' successfully

2019-03-25 15:54:01 - [TEST_STEP][PASSED] - navigateToUrl("https://accounts.cloudkibo.com/?continue=https://kiboengage.cloudkibo.com"): Navigate to 'https://accounts.cloudkibo.com/?continue=https://kiboengage.cloudkibo.com' successfully

2019-03-25 15:54:01 - [MESSAGE][PASSED] - Navigate to 'https://accounts.cloudkibo.com/?continue=https://kiboengage.cloudkibo.com' successfully

2019-03-25 15:54:01 - [TEST_STEP][PASSED] - click(findTestObject("Page_KiboPush/a_Login (9) (1)")): Object: 'Object Repository/Page_KiboPush/a_Login (9) (1)' is clicked on

2019-03-25 15:54:02 - [MESSAGE][PASSED] - Object: 'Object Repository/Page_KiboPush/a_Login (9) (1)' is clicked on

2019-03-25 15:54:02 - [TEST_STEP][PASSED] - setText(findTestObject("Page_KiboPush/input_email (10) (1)"), "individual@cloudkibo.com"): Text 'individual@cloudkibo.com' is set on object 'Object Repository/Page_KiboPush/input_email (10) (1)'

2019-03-25 15:54:02 - [MESSAGE][PASSED] - Text 'individual@cloudkibo.com' is set on object 'Object Repository/Page_KiboPush/input_email (10) (1)'

2019-03-25 15:54:02 - [TEST_STEP][PASSED] - setEncryptedText(findTestObject("Page_KiboPush/input_password (9) (1)"), "RigbBhfdqOBGNlJIWM1ClA=="): Text ****** has been set on object 'Object Repository/Page_KiboPush/input_password (9) (1)'

2019-03-25 15:54:02 - [MESSAGE][PASSED] - Text ****** has been set on object 'Object Repository/Page_KiboPush/input_password (9) (1)'

2019-03-25 15:54:02 - [TEST_STEP][PASSED] - click(findTestObject("Page_KiboPush/button_Sign In (10) (1)")): Object: 'Object Repository/Page_KiboPush/button_Sign In (10) (1)' is clicked on

2019-03-25 15:54:02 - [MESSAGE][PASSED] - Object: 'Object Repository/Page_KiboPush/button_Sign In (10) (1)' is clicked on

2019-03-25 15:54:02 - [TEST_STEP][PASSED] - navigateToUrl("https://kiboengage.cloudkibo.com/dashboard"): Navigate to 'https://kiboengage.cloudkibo.com/dashboard' successfully

2019-03-25 15:55:06 - [MESSAGE][PASSED] - Navigate to 'https://kiboengage.cloudkibo.com/dashboard' successfully

2019-03-25 15:55:06 - [TEST_STEP][PASSED] - click(findTestObject("Object Repository/Page_KiboPush  Dashboard/h3_Dashboard (57)")): Object: 'Object Repository/Page_KiboPush  Dashboard/h3_Dashboard (57)' is clicked on

2019-03-25 15:55:06 - [MESSAGE][PASSED] - Object: 'Object Repository/Page_KiboPush  Dashboard/h3_Dashboard (57)' is clicked on

2019-03-25 15:55:06 - [TEST_STEP][PASSED] - delay(3): Delayed 3 second(s)

2019-03-25 15:55:09 - [MESSAGE][PASSED] - Delayed 3 second(s)

2019-03-25 15:55:09 - [MESSAGE][PASSED] - Call Test Case 'Test Cases/s-sidebar_navigation/individualAccount/Login-KiboEngage' successfully

2019-03-25 15:55:09 - [TEST_STEP][PASSED] - click(findTestObject("Page_KiboPush  Dashboard/span_Broadcasting")): Object: 'Object Repository/Page_KiboPush  Dashboard/span_Broadcasting' is clicked on

2019-03-25 15:55:09 - [MESSAGE][PASSED] - Object: 'Object Repository/Page_KiboPush  Dashboard/span_Broadcasting' is clicked on

2019-03-25 15:55:09 - [TEST_STEP][PASSED] - delay(1): Delayed 1 second(s)

2019-03-25 15:55:10 - [MESSAGE][PASSED] - Delayed 1 second(s)

2019-03-25 15:55:10 - [TEST_STEP][PASSED] - click(findTestObject("Page_KiboPush  Dashboard/span_Segment Subscribers")): Object: 'Object Repository/Page_KiboPush  Dashboard/span_Segment Subscribers' is clicked on

2019-03-25 15:55:10 - [MESSAGE][PASSED] - Object: 'Object Repository/Page_KiboPush  Dashboard/span_Segment Subscribers' is clicked on

2019-03-25 15:55:10 - [TEST_STEP][PASSED] - click(findTestObject("Page_KiboPush  Dashboard/h3_Subscribers Segmentation Li")): Object: 'Object Repository/Page_KiboPush  Dashboard/h3_Subscribers Segmentation Li' is clicked on

2019-03-25 15:55:10 - [MESSAGE][PASSED] - Object: 'Object Repository/Page_KiboPush  Dashboard/h3_Subscribers Segmentation Li' is clicked on

2019-03-25 15:55:10 - [TEST_STEP][PASSED] - delay(1): Delayed 1 second(s)

2019-03-25 15:55:11 - [MESSAGE][PASSED] - Delayed 1 second(s)

2019-03-25 15:55:11 - [MESSAGE][PASSED] - Call Test Case 'Test Cases/s-sidebar_navigation/individualAccount/Segment subsciber' successfully

2019-03-25 15:55:11 - [TEST_STEP][PASSED] - delay(2): Delayed 2 second(s)

2019-03-25 15:55:13 - [MESSAGE][PASSED] - Delayed 2 second(s)

2019-03-25 15:55:13 - [TEST_STEP][PASSED] - click(findTestObject("Page_KiboPush  Dashboard/a_Create Segmented Subscribers")): Object: 'Object Repository/Page_KiboPush  Dashboard/a_Create Segmented Subscribers' is clicked on

2019-03-25 15:55:14 - [MESSAGE][PASSED] - Object: 'Object Repository/Page_KiboPush  Dashboard/a_Create Segmented Subscribers' is clicked on

2019-03-25 15:55:14 - [TEST_STEP][PASSED] - click(findTestObject("Page_KiboPush  Dashboard/h3_Create SubList of Subscribe")): Object: 'Object Repository/Page_KiboPush  Dashboard/h3_Create SubList of Subscribe' is clicked on

2019-03-25 15:55:14 - [MESSAGE][PASSED] - Object: 'Object Repository/Page_KiboPush  Dashboard/h3_Create SubList of Subscribe' is clicked on

2019-03-25 15:55:14 - [MESSAGE][PASSED] - Call Test Case 'Test Cases/Segment subscribers/TC0712' successfully

2019-03-25 15:55:14 - [TEST_STEP][PASSED] - delay(3): Delayed 3 second(s)

2019-03-25 15:55:17 - [MESSAGE][PASSED] - Delayed 3 second(s)

2019-03-25 15:55:17 - [TEST_STEP][PASSED] - click(findTestObject("Page_KiboPush  Dashboard/input_segmentationType (5)")): Object: 'Object Repository/Page_KiboPush  Dashboard/input_segmentationType (5)' is clicked on

2019-03-25 15:55:17 - [MESSAGE][PASSED] - Object: 'Object Repository/Page_KiboPush  Dashboard/input_segmentationType (5)' is clicked on

2019-03-25 15:55:17 - [TEST_STEP][PASSED] - click(findTestObject("Page_KiboPush  Dashboard/input_segmentationType (5)")): Object: 'Object Repository/Page_KiboPush  Dashboard/input_segmentationType (5)' is clicked on

2019-03-25 15:55:17 - [MESSAGE][PASSED] - Object: 'Object Repository/Page_KiboPush  Dashboard/input_segmentationType (5)' is clicked on

2019-03-25 15:55:17 - [TEST_STEP][PASSED] - setText(findTestObject("Page_KiboPush  Dashboard/input_listName (5)"), "abc"): Text 'abc' is set on object 'Object Repository/Page_KiboPush  Dashboard/input_listName (5)'

2019-03-25 15:55:17 - [MESSAGE][PASSED] - Text 'abc' is set on object 'Object Repository/Page_KiboPush  Dashboard/input_listName (5)'

2019-03-25 15:55:17 - [TEST_STEP][PASSED] - selectOptionByValue(findTestObject("Page_KiboPush  Dashboard/select_Select ConditionFirst N (3)"), "phoneNumber", true): All options with value 'phoneNumber' are selected in object 'Object Repository/Page_KiboPush  Dashboard/select_Select ConditionFirst N (3)'  using regular expression

2019-03-25 15:55:17 - [MESSAGE][PASSED] - All options with value 'phoneNumber' are selected in object 'Object Repository/Page_KiboPush  Dashboard/select_Select ConditionFirst N (3)'  using regular expression

2019-03-25 15:55:17 - [TEST_STEP][PASSED] - selectOptionByValue(findTestObject("Page_KiboPush  Dashboard/select_Select Criteriais"), "is", true): All options with value 'is' are selected in object 'Object Repository/Page_KiboPush  Dashboard/select_Select Criteriais'  using regular expression

2019-03-25 15:55:17 - [MESSAGE][PASSED] - All options with value 'is' are selected in object 'Object Repository/Page_KiboPush  Dashboard/select_Select Criteriais'  using regular expression

2019-03-25 15:55:17 - [TEST_STEP][PASSED] - setText(findTestObject("Page_KiboPush  Dashboard/input_text (7)"), "+923340226849"): Text '+923340226849' is set on object 'Object Repository/Page_KiboPush  Dashboard/input_text (7)'

2019-03-25 15:55:18 - [MESSAGE][PASSED] - Text '+923340226849' is set on object 'Object Repository/Page_KiboPush  Dashboard/input_text (7)'

2019-03-25 15:55:18 - [TEST_STEP][PASSED] - click(findTestObject("Page_KiboPush  Dashboard/button_Save (7)")): Object: 'Object Repository/Page_KiboPush  Dashboard/button_Save (7)' is clicked on

2019-03-25 15:55:18 - [MESSAGE][PASSED] - Object: 'Object Repository/Page_KiboPush  Dashboard/button_Save (7)' is clicked on

2019-03-25 15:55:18 - [TEST_STEP][FAILED] - click(findTestObject("Page_KiboPush  Dashboard/div_List created successfully (1)")): click(findTestObject("Page_KiboPush  Dashboard/div_List created successfully (1)")) FAILED.
Reason:
com.kms.katalon.core.exception.StepFailedException: Unable to click on object 'Object Repository/Page_KiboPush  Dashboard/div_List created successfully (1)'
	at com.kms.katalon.core.webui.keyword.internal.WebUIKeywordMain.stepFailed(WebUIKeywordMain.groovy:64)
	at com.kms.katalon.core.webui.keyword.internal.WebUIKeywordMain.runKeyword(WebUIKeywordMain.groovy:26)
	at com.kms.katalon.core.webui.keyword.builtin.ClickKeyword.click(ClickKeyword.groovy:86)
	at com.kms.katalon.core.webui.keyword.builtin.ClickKeyword.execute(ClickKeyword.groovy:67)
	at com.kms.katalon.core.keyword.internal.KeywordExecutor.executeKeywordForPlatform(KeywordExecutor.groovy:56)
	at com.kms.katalon.core.webui.keyword.WebUiBuiltInKeywords.click(WebUiBuiltInKeywords.groovy:616)
	at com.kms.katalon.core.webui.keyword.WebUiBuiltInKeywords$click$2.call(Unknown Source)
	at TC0726.run(TC0726:42)
	at com.kms.katalon.core.main.ScriptEngine.run(ScriptEngine.java:194)
	at com.kms.katalon.core.main.ScriptEngine.runScriptAsRawText(ScriptEngine.java:119)
	at com.kms.katalon.core.main.TestCaseExecutor.runScript(TestCaseExecutor.java:331)
	at com.kms.katalon.core.main.TestCaseExecutor.doExecute(TestCaseExecutor.java:322)
	at com.kms.katalon.core.main.TestCaseExecutor.processExecutionPhase(TestCaseExecutor.java:301)
	at com.kms.katalon.core.main.TestCaseExecutor.accessMainPhase(TestCaseExecutor.java:293)
	at com.kms.katalon.core.main.TestCaseExecutor.execute(TestCaseExecutor.java:227)
	at com.kms.katalon.core.main.TestSuiteExecutor.accessTestCaseMainPhase(TestSuiteExecutor.java:129)
	at com.kms.katalon.core.main.TestSuiteExecutor.accessTestSuiteMainPhase(TestSuiteExecutor.java:112)
	at com.kms.katalon.core.main.TestSuiteExecutor.execute(TestSuiteExecutor.java:81)
	at com.kms.katalon.core.main.TestCaseMain.startTestSuite(TestCaseMain.java:157)
	at com.kms.katalon.core.main.TestCaseMain$startTestSuite$0.call(Unknown Source)
	at TempTestSuite1553506926009.run(TempTestSuite1553506926009.groovy:35)
Caused by: com.kms.katalon.core.webui.exception.WebElementNotFoundException: Web element with id: 'Object Repository/Page_KiboPush  Dashboard/div_List created successfully (1)' located by 'By.xpath: //div[(text() = 'List created successfully' or . = 'List created successfully')]' not found
	at com.kms.katalon.core.webui.common.WebUiCommonHelper.findWebElement(WebUiCommonHelper.java:1053)
	at com.kms.katalon.core.webui.keyword.internal.WebUIAbstractKeyword.findWebElement(WebUIAbstractKeyword.groovy:27)
	at com.kms.katalon.core.webui.keyword.internal.WebUIAbstractKeyword.findWebElement(WebUIAbstractKeyword.groovy:26)
	at com.kms.katalon.core.webui.keyword.builtin.ClickKeyword$_click_closure1.doCall(ClickKeyword.groovy:77)
	at com.kms.katalon.core.webui.keyword.builtin.ClickKeyword$_click_closure1.call(ClickKeyword.groovy)
	at com.kms.katalon.core.webui.keyword.internal.WebUIKeywordMain.runKeyword(WebUIKeywordMain.groovy:20)
	at com.kms.katalon.core.webui.keyword.builtin.ClickKeyword.click(ClickKeyword.groovy:86)
	at com.kms.katalon.core.webui.keyword.builtin.ClickKeyword.execute(ClickKeyword.groovy:67)
	at com.kms.katalon.core.keyword.internal.KeywordExecutor.executeKeywordForPlatform(KeywordExecutor.groovy:56)
	at com.kms.katalon.core.webui.keyword.WebUiBuiltInKeywords.click(WebUiBuiltInKeywords.groovy:616)
	at com.kms.katalon.core.webui.keyword.WebUiBuiltInKeywords$click$2.call(Unknown Source)
	at Script1537961129670.run(Script1537961129670.groovy:42)
	... 13 more


2019-03-25 15:55:48 - [MESSAGE][INFO] - Unable to find the element located by 'By.xpath: //div[(text() = 'List created successfully' or . = 'List created successfully')]'. Please recheck the objects properties to make sure the desired element is located. 

2019-03-25 15:55:49 - [MESSAGE][FAILED] - Unable to click on object 'Object Repository/Page_KiboPush  Dashboard/div_List created successfully (1)' (Root cause: com.kms.katalon.core.exception.StepFailedException: Unable to click on object 'Object Repository/Page_KiboPush  Dashboard/div_List created successfully (1)'
	at com.kms.katalon.core.webui.keyword.internal.WebUIKeywordMain.stepFailed(WebUIKeywordMain.groovy:64)
	at com.kms.katalon.core.webui.keyword.internal.WebUIKeywordMain.runKeyword(WebUIKeywordMain.groovy:26)
	at com.kms.katalon.core.webui.keyword.builtin.ClickKeyword.click(ClickKeyword.groovy:86)
	at com.kms.katalon.core.webui.keyword.builtin.ClickKeyword.execute(ClickKeyword.groovy:67)
	at com.kms.katalon.core.keyword.internal.KeywordExecutor.executeKeywordForPlatform(KeywordExecutor.groovy:56)
	at com.kms.katalon.core.webui.keyword.WebUiBuiltInKeywords.click(WebUiBuiltInKeywords.groovy:616)
	at com.kms.katalon.core.webui.keyword.WebUiBuiltInKeywords$click$2.call(Unknown Source)
	at TC0726.run(TC0726:42)
	at com.kms.katalon.core.main.ScriptEngine.run(ScriptEngine.java:194)
	at com.kms.katalon.core.main.ScriptEngine.runScriptAsRawText(ScriptEngine.java:119)
	at com.kms.katalon.core.main.TestCaseExecutor.runScript(TestCaseExecutor.java:331)
	at com.kms.katalon.core.main.TestCaseExecutor.doExecute(TestCaseExecutor.java:322)
	at com.kms.katalon.core.main.TestCaseExecutor.processExecutionPhase(TestCaseExecutor.java:301)
	at com.kms.katalon.core.main.TestCaseExecutor.accessMainPhase(TestCaseExecutor.java:293)
	at com.kms.katalon.core.main.TestCaseExecutor.execute(TestCaseExecutor.java:227)
	at com.kms.katalon.core.main.TestSuiteExecutor.accessTestCaseMainPhase(TestSuiteExecutor.java:129)
	at com.kms.katalon.core.main.TestSuiteExecutor.accessTestSuiteMainPhase(TestSuiteExecutor.java:112)
	at com.kms.katalon.core.main.TestSuiteExecutor.execute(TestSuiteExecutor.java:81)
	at com.kms.katalon.core.main.TestCaseMain.startTestSuite(TestCaseMain.java:157)
	at com.kms.katalon.core.main.TestCaseMain$startTestSuite$0.call(Unknown Source)
	at TempTestSuite1553506926009.run(TempTestSuite1553506926009.groovy:35)
Caused by: com.kms.katalon.core.webui.exception.WebElementNotFoundException: Web element with id: 'Object Repository/Page_KiboPush  Dashboard/div_List created successfully (1)' located by 'By.xpath: //div[(text() = 'List created successfully' or . = 'List created successfully')]' not found
	at com.kms.katalon.core.webui.common.WebUiCommonHelper.findWebElement(WebUiCommonHelper.java:1053)
	at com.kms.katalon.core.webui.keyword.internal.WebUIAbstractKeyword.findWebElement(WebUIAbstractKeyword.groovy:27)
	at com.kms.katalon.core.webui.keyword.internal.WebUIAbstractKeyword.findWebElement(WebUIAbstractKeyword.groovy:26)
	at com.kms.katalon.core.webui.keyword.builtin.ClickKeyword$_click_closure1.doCall(ClickKeyword.groovy:77)
	at com.kms.katalon.core.webui.keyword.builtin.ClickKeyword$_click_closure1.call(ClickKeyword.groovy)
	at com.kms.katalon.core.webui.keyword.internal.WebUIKeywordMain.runKeyword(WebUIKeywordMain.groovy:20)
	at com.kms.katalon.core.webui.keyword.builtin.ClickKeyword.click(ClickKeyword.groovy:86)
	at com.kms.katalon.core.webui.keyword.builtin.ClickKeyword.execute(ClickKeyword.groovy:67)
	at com.kms.katalon.core.keyword.internal.KeywordExecutor.executeKeywordForPlatform(KeywordExecutor.groovy:56)
	at com.kms.katalon.core.webui.keyword.WebUiBuiltInKeywords.click(WebUiBuiltInKeywords.groovy:616)
	at com.kms.katalon.core.webui.keyword.WebUiBuiltInKeywords$click$2.call(Unknown Source)
	at Script1537961129670.run(Script1537961129670.groovy:42)
	... 13 more
)
[[ATTACHMENT|/home/cloudkibo-muzamil/Downloads/Test cases/production/KiboPush/Reports/segmentSubscriber/20190325_144206/1553511348862.png]]

2019-03-25 15:55:49 - [MESSAGE][FAILED] - click(findTestObject("Page_KiboPush  Dashboard/div_List created successfully (1)")) FAILED.
Reason:
com.kms.katalon.core.exception.StepFailedException: Unable to click on object 'Object Repository/Page_KiboPush  Dashboard/div_List created successfully (1)'
	at com.kms.katalon.core.webui.keyword.internal.WebUIKeywordMain.stepFailed(WebUIKeywordMain.groovy:64)
	at com.kms.katalon.core.webui.keyword.internal.WebUIKeywordMain.runKeyword(WebUIKeywordMain.groovy:26)
	at com.kms.katalon.core.webui.keyword.builtin.ClickKeyword.click(ClickKeyword.groovy:86)
	at com.kms.katalon.core.webui.keyword.builtin.ClickKeyword.execute(ClickKeyword.groovy:67)
	at com.kms.katalon.core.keyword.internal.KeywordExecutor.executeKeywordForPlatform(KeywordExecutor.groovy:56)
	at com.kms.katalon.core.webui.keyword.WebUiBuiltInKeywords.click(WebUiBuiltInKeywords.groovy:616)
	at com.kms.katalon.core.webui.keyword.WebUiBuiltInKeywords$click$2.call(Unknown Source)
	at TC0726.run(TC0726:42)
	at com.kms.katalon.core.main.ScriptEngine.run(ScriptEngine.java:194)
	at com.kms.katalon.core.main.ScriptEngine.runScriptAsRawText(ScriptEngine.java:119)
	at com.kms.katalon.core.main.TestCaseExecutor.runScript(TestCaseExecutor.java:331)
	at com.kms.katalon.core.main.TestCaseExecutor.doExecute(TestCaseExecutor.java:322)
	at com.kms.katalon.core.main.TestCaseExecutor.processExecutionPhase(TestCaseExecutor.java:301)
	at com.kms.katalon.core.main.TestCaseExecutor.accessMainPhase(TestCaseExecutor.java:293)
	at com.kms.katalon.core.main.TestCaseExecutor.execute(TestCaseExecutor.java:227)
	at com.kms.katalon.core.main.TestSuiteExecutor.accessTestCaseMainPhase(TestSuiteExecutor.java:129)
	at com.kms.katalon.core.main.TestSuiteExecutor.accessTestSuiteMainPhase(TestSuiteExecutor.java:112)
	at com.kms.katalon.core.main.TestSuiteExecutor.execute(TestSuiteExecutor.java:81)
	at com.kms.katalon.core.main.TestCaseMain.startTestSuite(TestCaseMain.java:157)
	at com.kms.katalon.core.main.TestCaseMain$startTestSuite$0.call(Unknown Source)
	at TempTestSuite1553506926009.run(TempTestSuite1553506926009.groovy:35)
Caused by: com.kms.katalon.core.webui.exception.WebElementNotFoundException: Web element with id: 'Object Repository/Page_KiboPush  Dashboard/div_List created successfully (1)' located by 'By.xpath: //div[(text() = 'List created successfully' or . = 'List created successfully')]' not found
	at com.kms.katalon.core.webui.common.WebUiCommonHelper.findWebElement(WebUiCommonHelper.java:1053)
	at com.kms.katalon.core.webui.keyword.internal.WebUIAbstractKeyword.findWebElement(WebUIAbstractKeyword.groovy:27)
	at com.kms.katalon.core.webui.keyword.internal.WebUIAbstractKeyword.findWebElement(WebUIAbstractKeyword.groovy:26)
	at com.kms.katalon.core.webui.keyword.builtin.ClickKeyword$_click_closure1.doCall(ClickKeyword.groovy:77)
	at com.kms.katalon.core.webui.keyword.builtin.ClickKeyword$_click_closure1.call(ClickKeyword.groovy)
	at com.kms.katalon.core.webui.keyword.internal.WebUIKeywordMain.runKeyword(WebUIKeywordMain.groovy:20)
	at com.kms.katalon.core.webui.keyword.builtin.ClickKeyword.click(ClickKeyword.groovy:86)
	at com.kms.katalon.core.webui.keyword.builtin.ClickKeyword.execute(ClickKeyword.groovy:67)
	at com.kms.katalon.core.keyword.internal.KeywordExecutor.executeKeywordForPlatform(KeywordExecutor.groovy:56)
	at com.kms.katalon.core.webui.keyword.WebUiBuiltInKeywords.click(WebUiBuiltInKeywords.groovy:616)
	at com.kms.katalon.core.webui.keyword.WebUiBuiltInKeywords$click$2.call(Unknown Source)
	at Script1537961129670.run(Script1537961129670.groovy:42)
	... 13 more]]></system-out>
         <system-err><![CDATA[2019-03-25 15:53:45 - [TEST_CASE][FAILED] - Test Cases/Segment subscribers/TC0726: Test Cases/Segment subscribers/TC0726 FAILED.
Reason:
com.kms.katalon.core.exception.StepFailedException: Unable to click on object 'Object Repository/Page_KiboPush  Dashboard/div_List created successfully (1)'
	at com.kms.katalon.core.webui.keyword.internal.WebUIKeywordMain.stepFailed(WebUIKeywordMain.groovy:64)
	at com.kms.katalon.core.webui.keyword.internal.WebUIKeywordMain.runKeyword(WebUIKeywordMain.groovy:26)
	at com.kms.katalon.core.webui.keyword.builtin.ClickKeyword.click(ClickKeyword.groovy:86)
	at com.kms.katalon.core.webui.keyword.builtin.ClickKeyword.execute(ClickKeyword.groovy:67)
	at com.kms.katalon.core.keyword.internal.KeywordExecutor.executeKeywordForPlatform(KeywordExecutor.groovy:56)
	at com.kms.katalon.core.webui.keyword.WebUiBuiltInKeywords.click(WebUiBuiltInKeywords.groovy:616)
	at com.kms.katalon.core.webui.keyword.WebUiBuiltInKeywords$click$2.call(Unknown Source)
	at TC0726.run(TC0726:42)
	at com.kms.katalon.core.main.ScriptEngine.run(ScriptEngine.java:194)
	at com.kms.katalon.core.main.ScriptEngine.runScriptAsRawText(ScriptEngine.java:119)
	at com.kms.katalon.core.main.TestCaseExecutor.runScript(TestCaseExecutor.java:331)
	at com.kms.katalon.core.main.TestCaseExecutor.doExecute(TestCaseExecutor.java:322)
	at com.kms.katalon.core.main.TestCaseExecutor.processExecutionPhase(TestCaseExecutor.java:301)
	at com.kms.katalon.core.main.TestCaseExecutor.accessMainPhase(TestCaseExecutor.java:293)
	at com.kms.katalon.core.main.TestCaseExecutor.execute(TestCaseExecutor.java:227)
	at com.kms.katalon.core.main.TestSuiteExecutor.accessTestCaseMainPhase(TestSuiteExecutor.java:129)
	at com.kms.katalon.core.main.TestSuiteExecutor.accessTestSuiteMainPhase(TestSuiteExecutor.java:112)
	at com.kms.katalon.core.main.TestSuiteExecutor.execute(TestSuiteExecutor.java:81)
	at com.kms.katalon.core.main.TestCaseMain.startTestSuite(TestCaseMain.java:157)
	at com.kms.katalon.core.main.TestCaseMain$startTestSuite$0.call(Unknown Source)
	at TempTestSuite1553506926009.run(TempTestSuite1553506926009.groovy:35)
Caused by: com.kms.katalon.core.webui.exception.WebElementNotFoundException: Web element with id: 'Object Repository/Page_KiboPush  Dashboard/div_List created successfully (1)' located by 'By.xpath: //div[(text() = 'List created successfully' or . = 'List created successfully')]' not found
	at com.kms.katalon.core.webui.common.WebUiCommonHelper.findWebElement(WebUiCommonHelper.java:1053)
	at com.kms.katalon.core.webui.keyword.internal.WebUIAbstractKeyword.findWebElement(WebUIAbstractKeyword.groovy:27)
	at com.kms.katalon.core.webui.keyword.internal.WebUIAbstractKeyword.findWebElement(WebUIAbstractKeyword.groovy:26)
	at com.kms.katalon.core.webui.keyword.builtin.ClickKeyword$_click_closure1.doCall(ClickKeyword.groovy:77)
	at com.kms.katalon.core.webui.keyword.builtin.ClickKeyword$_click_closure1.call(ClickKeyword.groovy)
	at com.kms.katalon.core.webui.keyword.internal.WebUIKeywordMain.runKeyword(WebUIKeywordMain.groovy:20)
	at com.kms.katalon.core.webui.keyword.builtin.ClickKeyword.click(ClickKeyword.groovy:86)
	at com.kms.katalon.core.webui.keyword.builtin.ClickKeyword.execute(ClickKeyword.groovy:67)
	at com.kms.katalon.core.keyword.internal.KeywordExecutor.executeKeywordForPlatform(KeywordExecutor.groovy:56)
	at com.kms.katalon.core.webui.keyword.WebUiBuiltInKeywords.click(WebUiBuiltInKeywords.groovy:616)
	at com.kms.katalon.core.webui.keyword.WebUiBuiltInKeywords$click$2.call(Unknown Source)
	at Script1537961129670.run(Script1537961129670.groovy:42)
	... 13 more]]></system-err>
      </testcase>
      <testcase name="Test Cases/Segment subscribers/TC0729" classname="Test Cases/Segment subscribers/TC0729" status="PASSED">
         <system-out><![CDATA[2019-03-25 15:55:49 - [TEST_CASE][PASSED] - Test Cases/Segment subscribers/TC0729: Test Cases/Segment subscribers/TC0729

2019-03-25 15:55:49 - [TEST_STEP][PASSED] - callTestCase(findTestCase("Segment subscribers/TC0712"), [:], STOP_ON_FAILURE): Call Test Case 'Test Cases/Segment subscribers/TC0712' successfully

2019-03-25 15:55:49 - [TEST_CASE][PASSED] - Test Cases/Segment subscribers/TC0712: Test Cases/Segment subscribers/TC0712

2019-03-25 15:55:49 - [TEST_STEP][PASSED] - callTestCase(findTestCase("s-sidebar_navigation/individualAccount/Segment subsciber"), [:], STOP_ON_FAILURE): Call Test Case 'Test Cases/s-sidebar_navigation/individualAccount/Segment subsciber' successfully

2019-03-25 15:55:49 - [TEST_CASE][PASSED] - Test Cases/s-sidebar_navigation/individualAccount/Segment subsciber: Test Cases/s-sidebar_navigation/individualAccount/Segment subsciber

2019-03-25 15:55:49 - [TEST_STEP][PASSED] - callTestCase(findTestCase("s-sidebar_navigation/individualAccount/Login-KiboEngage"), [:], STOP_ON_FAILURE): Call Test Case 'Test Cases/s-sidebar_navigation/individualAccount/Login-KiboEngage' successfully

2019-03-25 15:55:49 - [TEST_CASE][PASSED] - Test Cases/s-sidebar_navigation/individualAccount/Login-KiboEngage: Test Cases/s-sidebar_navigation/individualAccount/Login-KiboEngage

2019-03-25 15:55:49 - [TEST_STEP][PASSED] - openBrowser(""): Browser is opened with url: ''

2019-03-25 15:55:49 - [MESSAGE][WARNING] - A browser is already opened. Closing browser and opening a new one

2019-03-25 15:55:49 - [MESSAGE][INFO] - Starting 'Chrome' driver

2019-03-25 15:55:50 - [MESSAGE][PASSED] - Browser is opened with url: ''

2019-03-25 15:55:50 - [TEST_STEP][PASSED] - maximizeWindow(): Current window maximized

2019-03-25 15:55:50 - [MESSAGE][PASSED] - Current window maximized

2019-03-25 15:55:50 - [TEST_STEP][PASSED] - navigateToUrl("https://kiboengage.cloudkibo.com/"): Navigate to 'https://kiboengage.cloudkibo.com/' successfully

2019-03-25 15:56:00 - [MESSAGE][PASSED] - Navigate to 'https://kiboengage.cloudkibo.com/' successfully

2019-03-25 15:56:00 - [TEST_STEP][PASSED] - navigateToUrl("https://accounts.cloudkibo.com/?continue=https://kiboengage.cloudkibo.com"): Navigate to 'https://accounts.cloudkibo.com/?continue=https://kiboengage.cloudkibo.com' successfully

2019-03-25 15:56:01 - [MESSAGE][PASSED] - Navigate to 'https://accounts.cloudkibo.com/?continue=https://kiboengage.cloudkibo.com' successfully

2019-03-25 15:56:01 - [TEST_STEP][PASSED] - click(findTestObject("Page_KiboPush/a_Login (9) (1)")): Object: 'Object Repository/Page_KiboPush/a_Login (9) (1)' is clicked on

2019-03-25 15:56:02 - [MESSAGE][PASSED] - Object: 'Object Repository/Page_KiboPush/a_Login (9) (1)' is clicked on

2019-03-25 15:56:02 - [TEST_STEP][PASSED] - setText(findTestObject("Page_KiboPush/input_email (10) (1)"), "individual@cloudkibo.com"): Text 'individual@cloudkibo.com' is set on object 'Object Repository/Page_KiboPush/input_email (10) (1)'

2019-03-25 15:56:02 - [MESSAGE][PASSED] - Text 'individual@cloudkibo.com' is set on object 'Object Repository/Page_KiboPush/input_email (10) (1)'

2019-03-25 15:56:02 - [TEST_STEP][PASSED] - setEncryptedText(findTestObject("Page_KiboPush/input_password (9) (1)"), "RigbBhfdqOBGNlJIWM1ClA=="): Text ****** has been set on object 'Object Repository/Page_KiboPush/input_password (9) (1)'

2019-03-25 15:56:02 - [MESSAGE][PASSED] - Text ****** has been set on object 'Object Repository/Page_KiboPush/input_password (9) (1)'

2019-03-25 15:56:02 - [TEST_STEP][PASSED] - click(findTestObject("Page_KiboPush/button_Sign In (10) (1)")): Object: 'Object Repository/Page_KiboPush/button_Sign In (10) (1)' is clicked on

2019-03-25 15:56:02 - [MESSAGE][PASSED] - Object: 'Object Repository/Page_KiboPush/button_Sign In (10) (1)' is clicked on

2019-03-25 15:56:02 - [TEST_STEP][PASSED] - navigateToUrl("https://kiboengage.cloudkibo.com/dashboard"): Navigate to 'https://kiboengage.cloudkibo.com/dashboard' successfully

2019-03-25 15:56:58 - [MESSAGE][PASSED] - Navigate to 'https://kiboengage.cloudkibo.com/dashboard' successfully

2019-03-25 15:56:58 - [TEST_STEP][PASSED] - click(findTestObject("Object Repository/Page_KiboPush  Dashboard/h3_Dashboard (57)")): Object: 'Object Repository/Page_KiboPush  Dashboard/h3_Dashboard (57)' is clicked on

2019-03-25 15:56:58 - [MESSAGE][PASSED] - Object: 'Object Repository/Page_KiboPush  Dashboard/h3_Dashboard (57)' is clicked on

2019-03-25 15:56:58 - [TEST_STEP][PASSED] - delay(3): Delayed 3 second(s)

2019-03-25 15:57:01 - [MESSAGE][PASSED] - Delayed 3 second(s)

2019-03-25 15:57:01 - [MESSAGE][PASSED] - Call Test Case 'Test Cases/s-sidebar_navigation/individualAccount/Login-KiboEngage' successfully

2019-03-25 15:57:01 - [TEST_STEP][PASSED] - click(findTestObject("Page_KiboPush  Dashboard/span_Broadcasting")): Object: 'Object Repository/Page_KiboPush  Dashboard/span_Broadcasting' is clicked on

2019-03-25 15:57:01 - [MESSAGE][PASSED] - Object: 'Object Repository/Page_KiboPush  Dashboard/span_Broadcasting' is clicked on

2019-03-25 15:57:01 - [TEST_STEP][PASSED] - delay(1): Delayed 1 second(s)

2019-03-25 15:57:02 - [MESSAGE][PASSED] - Delayed 1 second(s)

2019-03-25 15:57:02 - [TEST_STEP][PASSED] - click(findTestObject("Page_KiboPush  Dashboard/span_Segment Subscribers")): Object: 'Object Repository/Page_KiboPush  Dashboard/span_Segment Subscribers' is clicked on

2019-03-25 15:57:02 - [MESSAGE][PASSED] - Object: 'Object Repository/Page_KiboPush  Dashboard/span_Segment Subscribers' is clicked on

2019-03-25 15:57:02 - [TEST_STEP][PASSED] - click(findTestObject("Page_KiboPush  Dashboard/h3_Subscribers Segmentation Li")): Object: 'Object Repository/Page_KiboPush  Dashboard/h3_Subscribers Segmentation Li' is clicked on

2019-03-25 15:57:02 - [MESSAGE][PASSED] - Object: 'Object Repository/Page_KiboPush  Dashboard/h3_Subscribers Segmentation Li' is clicked on

2019-03-25 15:57:02 - [TEST_STEP][PASSED] - delay(1): Delayed 1 second(s)

2019-03-25 15:57:03 - [MESSAGE][PASSED] - Delayed 1 second(s)

2019-03-25 15:57:03 - [MESSAGE][PASSED] - Call Test Case 'Test Cases/s-sidebar_navigation/individualAccount/Segment subsciber' successfully

2019-03-25 15:57:03 - [TEST_STEP][PASSED] - delay(2): Delayed 2 second(s)

2019-03-25 15:57:05 - [MESSAGE][PASSED] - Delayed 2 second(s)

2019-03-25 15:57:05 - [TEST_STEP][PASSED] - click(findTestObject("Page_KiboPush  Dashboard/a_Create Segmented Subscribers")): Object: 'Object Repository/Page_KiboPush  Dashboard/a_Create Segmented Subscribers' is clicked on

2019-03-25 15:57:05 - [MESSAGE][PASSED] - Object: 'Object Repository/Page_KiboPush  Dashboard/a_Create Segmented Subscribers' is clicked on

2019-03-25 15:57:05 - [TEST_STEP][PASSED] - click(findTestObject("Page_KiboPush  Dashboard/h3_Create SubList of Subscribe")): Object: 'Object Repository/Page_KiboPush  Dashboard/h3_Create SubList of Subscribe' is clicked on

2019-03-25 15:57:05 - [MESSAGE][PASSED] - Object: 'Object Repository/Page_KiboPush  Dashboard/h3_Create SubList of Subscribe' is clicked on

2019-03-25 15:57:05 - [MESSAGE][PASSED] - Call Test Case 'Test Cases/Segment subscribers/TC0712' successfully

2019-03-25 15:57:05 - [TEST_STEP][PASSED] - delay(3): Delayed 3 second(s)

2019-03-25 15:57:08 - [MESSAGE][PASSED] - Delayed 3 second(s)

2019-03-25 15:57:08 - [TEST_STEP][PASSED] - click(findTestObject("Page_KiboPush  Dashboard/h3_Create SubList of Subscribe (9)")): Object: 'Object Repository/Page_KiboPush  Dashboard/h3_Create SubList of Subscribe (9)' is clicked on

2019-03-25 15:57:08 - [MESSAGE][PASSED] - Object: 'Object Repository/Page_KiboPush  Dashboard/h3_Create SubList of Subscribe (9)' is clicked on

2019-03-25 15:57:08 - [TEST_STEP][PASSED] - click(findTestObject("Page_KiboPush  Dashboard/input_segmentationType (10)")): Object: 'Object Repository/Page_KiboPush  Dashboard/input_segmentationType (10)' is clicked on

2019-03-25 15:57:09 - [MESSAGE][PASSED] - Object: 'Object Repository/Page_KiboPush  Dashboard/input_segmentationType (10)' is clicked on

2019-03-25 15:57:09 - [TEST_STEP][PASSED] - setText(findTestObject("Page_KiboPush  Dashboard/input_listName (10)"), "30"): Text '30' is set on object 'Object Repository/Page_KiboPush  Dashboard/input_listName (10)'

2019-03-25 15:57:09 - [MESSAGE][PASSED] - Text '30' is set on object 'Object Repository/Page_KiboPush  Dashboard/input_listName (10)'

2019-03-25 15:57:09 - [TEST_STEP][PASSED] - selectOptionByValue(findTestObject("Page_KiboPush  Dashboard/select_Select ConditionFirst N (9)"), "gender", true): All options with value 'gender' are selected in object 'Object Repository/Page_KiboPush  Dashboard/select_Select ConditionFirst N (9)'  using regular expression

2019-03-25 15:57:09 - [MESSAGE][PASSED] - All options with value 'gender' are selected in object 'Object Repository/Page_KiboPush  Dashboard/select_Select ConditionFirst N (9)'  using regular expression

2019-03-25 15:57:09 - [TEST_STEP][PASSED] - selectOptionByValue(findTestObject("Page_KiboPush  Dashboard/select_Select Criteriais (2)"), "is", true): All options with value 'is' are selected in object 'Object Repository/Page_KiboPush  Dashboard/select_Select Criteriais (2)'  using regular expression

2019-03-25 15:57:09 - [MESSAGE][PASSED] - All options with value 'is' are selected in object 'Object Repository/Page_KiboPush  Dashboard/select_Select Criteriais (2)'  using regular expression

2019-03-25 15:57:09 - [TEST_STEP][PASSED] - selectOptionByValue(findTestObject("Page_KiboPush  Dashboard/select_Select a Gendermalefema"), "male", true): All options with value 'male' are selected in object 'Object Repository/Page_KiboPush  Dashboard/select_Select a Gendermalefema'  using regular expression

2019-03-25 15:57:10 - [MESSAGE][PASSED] - All options with value 'male' are selected in object 'Object Repository/Page_KiboPush  Dashboard/select_Select a Gendermalefema'  using regular expression

2019-03-25 15:57:10 - [TEST_STEP][PASSED] - click(findTestObject("Page_KiboPush  Dashboard/button_Save (13)")): Object: 'Object Repository/Page_KiboPush  Dashboard/button_Save (13)' is clicked on

2019-03-25 15:57:10 - [MESSAGE][PASSED] - Object: 'Object Repository/Page_KiboPush  Dashboard/button_Save (13)' is clicked on

2019-03-25 15:57:10 - [TEST_STEP][PASSED] - click(findTestObject("Page_KiboPush  Dashboard/div_List created successfully (6)")): Object: 'Object Repository/Page_KiboPush  Dashboard/div_List created successfully (6)' is clicked on

2019-03-25 15:57:10 - [MESSAGE][PASSED] - Object: 'Object Repository/Page_KiboPush  Dashboard/div_List created successfully (6)' is clicked on]]></system-out>
         <system-err><![CDATA[]]></system-err>
      </testcase>
      <testcase name="Test Cases/Segment subscribers/TC0732" classname="Test Cases/Segment subscribers/TC0732" status="PASSED">
         <system-out><![CDATA[2019-03-25 15:57:11 - [TEST_CASE][PASSED] - Test Cases/Segment subscribers/TC0732: Test Cases/Segment subscribers/TC0732

2019-03-25 15:57:11 - [TEST_STEP][PASSED] - callTestCase(findTestCase("Segment subscribers/TC0712"), [:], STOP_ON_FAILURE): Call Test Case 'Test Cases/Segment subscribers/TC0712' successfully

2019-03-25 15:57:11 - [TEST_CASE][PASSED] - Test Cases/Segment subscribers/TC0712: Test Cases/Segment subscribers/TC0712

2019-03-25 15:57:11 - [TEST_STEP][PASSED] - callTestCase(findTestCase("s-sidebar_navigation/individualAccount/Segment subsciber"), [:], STOP_ON_FAILURE): Call Test Case 'Test Cases/s-sidebar_navigation/individualAccount/Segment subsciber' successfully

2019-03-25 15:57:11 - [TEST_CASE][PASSED] - Test Cases/s-sidebar_navigation/individualAccount/Segment subsciber: Test Cases/s-sidebar_navigation/individualAccount/Segment subsciber

2019-03-25 15:57:11 - [TEST_STEP][PASSED] - callTestCase(findTestCase("s-sidebar_navigation/individualAccount/Login-KiboEngage"), [:], STOP_ON_FAILURE): Call Test Case 'Test Cases/s-sidebar_navigation/individualAccount/Login-KiboEngage' successfully

2019-03-25 15:57:11 - [TEST_CASE][PASSED] - Test Cases/s-sidebar_navigation/individualAccount/Login-KiboEngage: Test Cases/s-sidebar_navigation/individualAccount/Login-KiboEngage

2019-03-25 15:57:11 - [TEST_STEP][PASSED] - openBrowser(""): Browser is opened with url: ''

2019-03-25 15:57:11 - [MESSAGE][WARNING] - A browser is already opened. Closing browser and opening a new one

2019-03-25 15:57:11 - [MESSAGE][INFO] - Starting 'Chrome' driver

2019-03-25 15:57:11 - [MESSAGE][PASSED] - Browser is opened with url: ''

2019-03-25 15:57:11 - [TEST_STEP][PASSED] - maximizeWindow(): Current window maximized

2019-03-25 15:57:11 - [MESSAGE][PASSED] - Current window maximized

2019-03-25 15:57:11 - [TEST_STEP][PASSED] - navigateToUrl("https://kiboengage.cloudkibo.com/"): Navigate to 'https://kiboengage.cloudkibo.com/' successfully

2019-03-25 15:57:33 - [MESSAGE][PASSED] - Navigate to 'https://kiboengage.cloudkibo.com/' successfully

2019-03-25 15:57:33 - [TEST_STEP][PASSED] - navigateToUrl("https://accounts.cloudkibo.com/?continue=https://kiboengage.cloudkibo.com"): Navigate to 'https://accounts.cloudkibo.com/?continue=https://kiboengage.cloudkibo.com' successfully

2019-03-25 15:57:33 - [MESSAGE][PASSED] - Navigate to 'https://accounts.cloudkibo.com/?continue=https://kiboengage.cloudkibo.com' successfully

2019-03-25 15:57:33 - [TEST_STEP][PASSED] - click(findTestObject("Page_KiboPush/a_Login (9) (1)")): Object: 'Object Repository/Page_KiboPush/a_Login (9) (1)' is clicked on

2019-03-25 15:57:34 - [MESSAGE][PASSED] - Object: 'Object Repository/Page_KiboPush/a_Login (9) (1)' is clicked on

2019-03-25 15:57:34 - [TEST_STEP][PASSED] - setText(findTestObject("Page_KiboPush/input_email (10) (1)"), "individual@cloudkibo.com"): Text 'individual@cloudkibo.com' is set on object 'Object Repository/Page_KiboPush/input_email (10) (1)'

2019-03-25 15:57:34 - [MESSAGE][PASSED] - Text 'individual@cloudkibo.com' is set on object 'Object Repository/Page_KiboPush/input_email (10) (1)'

2019-03-25 15:57:34 - [TEST_STEP][PASSED] - setEncryptedText(findTestObject("Page_KiboPush/input_password (9) (1)"), "RigbBhfdqOBGNlJIWM1ClA=="): Text ****** has been set on object 'Object Repository/Page_KiboPush/input_password (9) (1)'

2019-03-25 15:57:34 - [MESSAGE][PASSED] - Text ****** has been set on object 'Object Repository/Page_KiboPush/input_password (9) (1)'

2019-03-25 15:57:34 - [TEST_STEP][PASSED] - click(findTestObject("Page_KiboPush/button_Sign In (10) (1)")): Object: 'Object Repository/Page_KiboPush/button_Sign In (10) (1)' is clicked on

2019-03-25 15:57:34 - [MESSAGE][PASSED] - Object: 'Object Repository/Page_KiboPush/button_Sign In (10) (1)' is clicked on

2019-03-25 15:57:34 - [TEST_STEP][PASSED] - navigateToUrl("https://kiboengage.cloudkibo.com/dashboard"): Navigate to 'https://kiboengage.cloudkibo.com/dashboard' successfully

2019-03-25 15:57:56 - [MESSAGE][PASSED] - Navigate to 'https://kiboengage.cloudkibo.com/dashboard' successfully

2019-03-25 15:57:56 - [TEST_STEP][PASSED] - click(findTestObject("Object Repository/Page_KiboPush  Dashboard/h3_Dashboard (57)")): Object: 'Object Repository/Page_KiboPush  Dashboard/h3_Dashboard (57)' is clicked on

2019-03-25 15:57:56 - [MESSAGE][PASSED] - Object: 'Object Repository/Page_KiboPush  Dashboard/h3_Dashboard (57)' is clicked on

2019-03-25 15:57:56 - [TEST_STEP][PASSED] - delay(3): Delayed 3 second(s)

2019-03-25 15:57:59 - [MESSAGE][PASSED] - Delayed 3 second(s)

2019-03-25 15:57:59 - [MESSAGE][PASSED] - Call Test Case 'Test Cases/s-sidebar_navigation/individualAccount/Login-KiboEngage' successfully

2019-03-25 15:57:59 - [TEST_STEP][PASSED] - click(findTestObject("Page_KiboPush  Dashboard/span_Broadcasting")): Object: 'Object Repository/Page_KiboPush  Dashboard/span_Broadcasting' is clicked on

2019-03-25 15:57:59 - [MESSAGE][PASSED] - Object: 'Object Repository/Page_KiboPush  Dashboard/span_Broadcasting' is clicked on

2019-03-25 15:57:59 - [TEST_STEP][PASSED] - delay(1): Delayed 1 second(s)

2019-03-25 15:58:00 - [MESSAGE][PASSED] - Delayed 1 second(s)

2019-03-25 15:58:00 - [TEST_STEP][PASSED] - click(findTestObject("Page_KiboPush  Dashboard/span_Segment Subscribers")): Object: 'Object Repository/Page_KiboPush  Dashboard/span_Segment Subscribers' is clicked on

2019-03-25 15:58:00 - [MESSAGE][PASSED] - Object: 'Object Repository/Page_KiboPush  Dashboard/span_Segment Subscribers' is clicked on

2019-03-25 15:58:00 - [TEST_STEP][PASSED] - click(findTestObject("Page_KiboPush  Dashboard/h3_Subscribers Segmentation Li")): Object: 'Object Repository/Page_KiboPush  Dashboard/h3_Subscribers Segmentation Li' is clicked on

2019-03-25 15:58:00 - [MESSAGE][PASSED] - Object: 'Object Repository/Page_KiboPush  Dashboard/h3_Subscribers Segmentation Li' is clicked on

2019-03-25 15:58:00 - [TEST_STEP][PASSED] - delay(1): Delayed 1 second(s)

2019-03-25 15:58:01 - [MESSAGE][PASSED] - Delayed 1 second(s)

2019-03-25 15:58:01 - [MESSAGE][PASSED] - Call Test Case 'Test Cases/s-sidebar_navigation/individualAccount/Segment subsciber' successfully

2019-03-25 15:58:01 - [TEST_STEP][PASSED] - delay(2): Delayed 2 second(s)

2019-03-25 15:58:03 - [MESSAGE][PASSED] - Delayed 2 second(s)

2019-03-25 15:58:03 - [TEST_STEP][PASSED] - click(findTestObject("Page_KiboPush  Dashboard/a_Create Segmented Subscribers")): Object: 'Object Repository/Page_KiboPush  Dashboard/a_Create Segmented Subscribers' is clicked on

2019-03-25 15:58:03 - [MESSAGE][PASSED] - Object: 'Object Repository/Page_KiboPush  Dashboard/a_Create Segmented Subscribers' is clicked on

2019-03-25 15:58:03 - [TEST_STEP][PASSED] - click(findTestObject("Page_KiboPush  Dashboard/h3_Create SubList of Subscribe")): Object: 'Object Repository/Page_KiboPush  Dashboard/h3_Create SubList of Subscribe' is clicked on

2019-03-25 15:58:03 - [MESSAGE][PASSED] - Object: 'Object Repository/Page_KiboPush  Dashboard/h3_Create SubList of Subscribe' is clicked on

2019-03-25 15:58:03 - [MESSAGE][PASSED] - Call Test Case 'Test Cases/Segment subscribers/TC0712' successfully

2019-03-25 15:58:03 - [TEST_STEP][PASSED] - delay(3): Delayed 3 second(s)

2019-03-25 15:58:06 - [MESSAGE][PASSED] - Delayed 3 second(s)

2019-03-25 15:58:06 - [TEST_STEP][PASSED] - click(findTestObject("Page_KiboPush  Dashboard/input_segmentationType (11) (1)")): Object: 'Object Repository/Page_KiboPush  Dashboard/input_segmentationType (11) (1)' is clicked on

2019-03-25 15:58:07 - [MESSAGE][PASSED] - Object: 'Object Repository/Page_KiboPush  Dashboard/input_segmentationType (11) (1)' is clicked on

2019-03-25 15:58:07 - [TEST_STEP][PASSED] - setText(findTestObject("Page_KiboPush  Dashboard/input_listName (11) (1)"), "32"): Text '32' is set on object 'Object Repository/Page_KiboPush  Dashboard/input_listName (11) (1)'

2019-03-25 15:58:07 - [MESSAGE][PASSED] - Text '32' is set on object 'Object Repository/Page_KiboPush  Dashboard/input_listName (11) (1)'

2019-03-25 15:58:07 - [TEST_STEP][PASSED] - selectOptionByValue(findTestObject("Page_KiboPush  Dashboard/select_Select ConditionFirst N (10) (1)"), "locale", true): All options with value 'locale' are selected in object 'Object Repository/Page_KiboPush  Dashboard/select_Select ConditionFirst N (10) (1)'  using regular expression

2019-03-25 15:58:07 - [MESSAGE][PASSED] - All options with value 'locale' are selected in object 'Object Repository/Page_KiboPush  Dashboard/select_Select ConditionFirst N (10) (1)'  using regular expression

2019-03-25 15:58:07 - [TEST_STEP][PASSED] - selectOptionByValue(findTestObject("Page_KiboPush  Dashboard/select_Select Criteriais (3) (1)"), "is", true): All options with value 'is' are selected in object 'Object Repository/Page_KiboPush  Dashboard/select_Select Criteriais (3) (1)'  using regular expression

2019-03-25 15:58:07 - [MESSAGE][PASSED] - All options with value 'is' are selected in object 'Object Repository/Page_KiboPush  Dashboard/select_Select Criteriais (3) (1)'  using regular expression

2019-03-25 15:58:07 - [TEST_STEP][PASSED] - selectOptionByValue(findTestObject("Page_KiboEngage  Create Sublist/select_Select a Localeen_USen_GB"), "en_US", true): All options with value 'en_US' are selected in object 'Object Repository/Page_KiboEngage  Create Sublist/select_Select a Localeen_USen_GB'  using regular expression

2019-03-25 15:58:07 - [MESSAGE][PASSED] - All options with value 'en_US' are selected in object 'Object Repository/Page_KiboEngage  Create Sublist/select_Select a Localeen_USen_GB'  using regular expression

2019-03-25 15:58:07 - [TEST_STEP][PASSED] - click(findTestObject("Page_KiboEngage  Create Sublist/button_Save")): Object: 'Object Repository/Page_KiboEngage  Create Sublist/button_Save' is clicked on

2019-03-25 15:58:07 - [MESSAGE][PASSED] - Object: 'Object Repository/Page_KiboEngage  Create Sublist/button_Save' is clicked on

2019-03-25 15:58:07 - [TEST_STEP][PASSED] - click(findTestObject("Page_KiboEngage  Create Sublist/div_List created successfully")): Object: 'Object Repository/Page_KiboEngage  Create Sublist/div_List created successfully' is clicked on

2019-03-25 15:58:08 - [MESSAGE][PASSED] - Object: 'Object Repository/Page_KiboEngage  Create Sublist/div_List created successfully' is clicked on]]></system-out>
         <system-err><![CDATA[]]></system-err>
      </testcase>
      <testcase name="Test Cases/Segment subscribers/TC0735" classname="Test Cases/Segment subscribers/TC0735" status="PASSED">
         <system-out><![CDATA[2019-03-25 15:58:08 - [TEST_CASE][PASSED] - Test Cases/Segment subscribers/TC0735: Test Cases/Segment subscribers/TC0735

2019-03-25 15:58:08 - [TEST_STEP][PASSED] - callTestCase(findTestCase("Segment subscribers/TC0712"), [:], STOP_ON_FAILURE): Call Test Case 'Test Cases/Segment subscribers/TC0712' successfully

2019-03-25 15:58:08 - [TEST_CASE][PASSED] - Test Cases/Segment subscribers/TC0712: Test Cases/Segment subscribers/TC0712

2019-03-25 15:58:08 - [TEST_STEP][PASSED] - callTestCase(findTestCase("s-sidebar_navigation/individualAccount/Segment subsciber"), [:], STOP_ON_FAILURE): Call Test Case 'Test Cases/s-sidebar_navigation/individualAccount/Segment subsciber' successfully

2019-03-25 15:58:08 - [TEST_CASE][PASSED] - Test Cases/s-sidebar_navigation/individualAccount/Segment subsciber: Test Cases/s-sidebar_navigation/individualAccount/Segment subsciber

2019-03-25 15:58:08 - [TEST_STEP][PASSED] - callTestCase(findTestCase("s-sidebar_navigation/individualAccount/Login-KiboEngage"), [:], STOP_ON_FAILURE): Call Test Case 'Test Cases/s-sidebar_navigation/individualAccount/Login-KiboEngage' successfully

2019-03-25 15:58:08 - [TEST_CASE][PASSED] - Test Cases/s-sidebar_navigation/individualAccount/Login-KiboEngage: Test Cases/s-sidebar_navigation/individualAccount/Login-KiboEngage

2019-03-25 15:58:08 - [TEST_STEP][PASSED] - openBrowser(""): Browser is opened with url: ''

2019-03-25 15:58:08 - [MESSAGE][WARNING] - A browser is already opened. Closing browser and opening a new one

2019-03-25 15:58:08 - [MESSAGE][INFO] - Starting 'Chrome' driver

2019-03-25 15:58:09 - [MESSAGE][PASSED] - Browser is opened with url: ''

2019-03-25 15:58:09 - [TEST_STEP][PASSED] - maximizeWindow(): Current window maximized

2019-03-25 15:58:09 - [MESSAGE][PASSED] - Current window maximized

2019-03-25 15:58:09 - [TEST_STEP][PASSED] - navigateToUrl("https://kiboengage.cloudkibo.com/"): Navigate to 'https://kiboengage.cloudkibo.com/' successfully

2019-03-25 15:58:23 - [MESSAGE][PASSED] - Navigate to 'https://kiboengage.cloudkibo.com/' successfully

2019-03-25 15:58:23 - [TEST_STEP][PASSED] - navigateToUrl("https://accounts.cloudkibo.com/?continue=https://kiboengage.cloudkibo.com"): Navigate to 'https://accounts.cloudkibo.com/?continue=https://kiboengage.cloudkibo.com' successfully

2019-03-25 15:58:23 - [MESSAGE][PASSED] - Navigate to 'https://accounts.cloudkibo.com/?continue=https://kiboengage.cloudkibo.com' successfully

2019-03-25 15:58:23 - [TEST_STEP][PASSED] - click(findTestObject("Page_KiboPush/a_Login (9) (1)")): Object: 'Object Repository/Page_KiboPush/a_Login (9) (1)' is clicked on

2019-03-25 15:58:24 - [MESSAGE][PASSED] - Object: 'Object Repository/Page_KiboPush/a_Login (9) (1)' is clicked on

2019-03-25 15:58:24 - [TEST_STEP][PASSED] - setText(findTestObject("Page_KiboPush/input_email (10) (1)"), "individual@cloudkibo.com"): Text 'individual@cloudkibo.com' is set on object 'Object Repository/Page_KiboPush/input_email (10) (1)'

2019-03-25 15:58:24 - [MESSAGE][PASSED] - Text 'individual@cloudkibo.com' is set on object 'Object Repository/Page_KiboPush/input_email (10) (1)'

2019-03-25 15:58:24 - [TEST_STEP][PASSED] - setEncryptedText(findTestObject("Page_KiboPush/input_password (9) (1)"), "RigbBhfdqOBGNlJIWM1ClA=="): Text ****** has been set on object 'Object Repository/Page_KiboPush/input_password (9) (1)'

2019-03-25 15:58:24 - [MESSAGE][PASSED] - Text ****** has been set on object 'Object Repository/Page_KiboPush/input_password (9) (1)'

2019-03-25 15:58:24 - [TEST_STEP][PASSED] - click(findTestObject("Page_KiboPush/button_Sign In (10) (1)")): Object: 'Object Repository/Page_KiboPush/button_Sign In (10) (1)' is clicked on

2019-03-25 15:58:24 - [MESSAGE][PASSED] - Object: 'Object Repository/Page_KiboPush/button_Sign In (10) (1)' is clicked on

2019-03-25 15:58:24 - [TEST_STEP][PASSED] - navigateToUrl("https://kiboengage.cloudkibo.com/dashboard"): Navigate to 'https://kiboengage.cloudkibo.com/dashboard' successfully

2019-03-25 15:59:13 - [MESSAGE][PASSED] - Navigate to 'https://kiboengage.cloudkibo.com/dashboard' successfully

2019-03-25 15:59:13 - [TEST_STEP][PASSED] - click(findTestObject("Object Repository/Page_KiboPush  Dashboard/h3_Dashboard (57)")): Object: 'Object Repository/Page_KiboPush  Dashboard/h3_Dashboard (57)' is clicked on

2019-03-25 15:59:13 - [MESSAGE][PASSED] - Object: 'Object Repository/Page_KiboPush  Dashboard/h3_Dashboard (57)' is clicked on

2019-03-25 15:59:13 - [TEST_STEP][PASSED] - delay(3): Delayed 3 second(s)

2019-03-25 15:59:16 - [MESSAGE][PASSED] - Delayed 3 second(s)

2019-03-25 15:59:16 - [MESSAGE][PASSED] - Call Test Case 'Test Cases/s-sidebar_navigation/individualAccount/Login-KiboEngage' successfully

2019-03-25 15:59:16 - [TEST_STEP][PASSED] - click(findTestObject("Page_KiboPush  Dashboard/span_Broadcasting")): Object: 'Object Repository/Page_KiboPush  Dashboard/span_Broadcasting' is clicked on

2019-03-25 15:59:16 - [MESSAGE][PASSED] - Object: 'Object Repository/Page_KiboPush  Dashboard/span_Broadcasting' is clicked on

2019-03-25 15:59:16 - [TEST_STEP][PASSED] - delay(1): Delayed 1 second(s)

2019-03-25 15:59:17 - [MESSAGE][PASSED] - Delayed 1 second(s)

2019-03-25 15:59:17 - [TEST_STEP][PASSED] - click(findTestObject("Page_KiboPush  Dashboard/span_Segment Subscribers")): Object: 'Object Repository/Page_KiboPush  Dashboard/span_Segment Subscribers' is clicked on

2019-03-25 15:59:17 - [MESSAGE][PASSED] - Object: 'Object Repository/Page_KiboPush  Dashboard/span_Segment Subscribers' is clicked on

2019-03-25 15:59:17 - [TEST_STEP][PASSED] - click(findTestObject("Page_KiboPush  Dashboard/h3_Subscribers Segmentation Li")): Object: 'Object Repository/Page_KiboPush  Dashboard/h3_Subscribers Segmentation Li' is clicked on

2019-03-25 15:59:17 - [MESSAGE][PASSED] - Object: 'Object Repository/Page_KiboPush  Dashboard/h3_Subscribers Segmentation Li' is clicked on

2019-03-25 15:59:17 - [TEST_STEP][PASSED] - delay(1): Delayed 1 second(s)

2019-03-25 15:59:18 - [MESSAGE][PASSED] - Delayed 1 second(s)

2019-03-25 15:59:18 - [MESSAGE][PASSED] - Call Test Case 'Test Cases/s-sidebar_navigation/individualAccount/Segment subsciber' successfully

2019-03-25 15:59:18 - [TEST_STEP][PASSED] - delay(2): Delayed 2 second(s)

2019-03-25 15:59:20 - [MESSAGE][PASSED] - Delayed 2 second(s)

2019-03-25 15:59:20 - [TEST_STEP][PASSED] - click(findTestObject("Page_KiboPush  Dashboard/a_Create Segmented Subscribers")): Object: 'Object Repository/Page_KiboPush  Dashboard/a_Create Segmented Subscribers' is clicked on

2019-03-25 15:59:21 - [MESSAGE][PASSED] - Object: 'Object Repository/Page_KiboPush  Dashboard/a_Create Segmented Subscribers' is clicked on

2019-03-25 15:59:21 - [TEST_STEP][PASSED] - click(findTestObject("Page_KiboPush  Dashboard/h3_Create SubList of Subscribe")): Object: 'Object Repository/Page_KiboPush  Dashboard/h3_Create SubList of Subscribe' is clicked on

2019-03-25 15:59:21 - [MESSAGE][PASSED] - Object: 'Object Repository/Page_KiboPush  Dashboard/h3_Create SubList of Subscribe' is clicked on

2019-03-25 15:59:21 - [MESSAGE][PASSED] - Call Test Case 'Test Cases/Segment subscribers/TC0712' successfully

2019-03-25 15:59:21 - [TEST_STEP][PASSED] - delay(3): Delayed 3 second(s)

2019-03-25 15:59:24 - [MESSAGE][PASSED] - Delayed 3 second(s)

2019-03-25 15:59:24 - [TEST_STEP][PASSED] - click(findTestObject("Page_KiboPush  Dashboard/h3_Create SubList of Subscribe (10) (1) (1)")): Object: 'Object Repository/Page_KiboPush  Dashboard/h3_Create SubList of Subscribe (10) (1) (1)' is clicked on

2019-03-25 15:59:24 - [MESSAGE][PASSED] - Object: 'Object Repository/Page_KiboPush  Dashboard/h3_Create SubList of Subscribe (10) (1) (1)' is clicked on

2019-03-25 15:59:24 - [TEST_STEP][PASSED] - click(findTestObject("Page_KiboPush  Dashboard/input_segmentationType (12) (1) (1)")): Object: 'Object Repository/Page_KiboPush  Dashboard/input_segmentationType (12) (1) (1)' is clicked on

2019-03-25 15:59:24 - [MESSAGE][PASSED] - Object: 'Object Repository/Page_KiboPush  Dashboard/input_segmentationType (12) (1) (1)' is clicked on

2019-03-25 15:59:24 - [TEST_STEP][PASSED] - setText(findTestObject("Page_KiboPush  Dashboard/input_listName (12) (1) (1)"), "34"): Text '34' is set on object 'Object Repository/Page_KiboPush  Dashboard/input_listName (12) (1) (1)'

2019-03-25 15:59:24 - [MESSAGE][PASSED] - Text '34' is set on object 'Object Repository/Page_KiboPush  Dashboard/input_listName (12) (1) (1)'

2019-03-25 15:59:24 - [TEST_STEP][PASSED] - selectOptionByValue(findTestObject("Page_KiboPush  Dashboard/select_Select ConditionFirst N (11) (1) (1)"), "tag", true): All options with value 'tag' are selected in object 'Object Repository/Page_KiboPush  Dashboard/select_Select ConditionFirst N (11) (1) (1)'  using regular expression

2019-03-25 15:59:24 - [MESSAGE][PASSED] - All options with value 'tag' are selected in object 'Object Repository/Page_KiboPush  Dashboard/select_Select ConditionFirst N (11) (1) (1)'  using regular expression

2019-03-25 15:59:24 - [TEST_STEP][PASSED] - selectOptionByValue(findTestObject("Page_KiboPush  Dashboard/select_Select Criteriais (4) (1) (1)"), "is", true): All options with value 'is' are selected in object 'Object Repository/Page_KiboPush  Dashboard/select_Select Criteriais (4) (1) (1)'  using regular expression

2019-03-25 15:59:24 - [MESSAGE][PASSED] - All options with value 'is' are selected in object 'Object Repository/Page_KiboPush  Dashboard/select_Select Criteriais (4) (1) (1)'  using regular expression

2019-03-25 15:59:24 - [TEST_STEP][PASSED] - selectOptionByValue(findTestObject("Page_KiboEngage  Create Sublist/select_Select a Taghello"), "hello", true): All options with value 'hello' are selected in object 'Object Repository/Page_KiboEngage  Create Sublist/select_Select a Taghello'  using regular expression

2019-03-25 15:59:25 - [MESSAGE][PASSED] - All options with value 'hello' are selected in object 'Object Repository/Page_KiboEngage  Create Sublist/select_Select a Taghello'  using regular expression

2019-03-25 15:59:25 - [TEST_STEP][PASSED] - click(findTestObject("Page_KiboEngage  Create Sublist/button_Save")): Object: 'Object Repository/Page_KiboEngage  Create Sublist/button_Save' is clicked on

2019-03-25 15:59:25 - [MESSAGE][PASSED] - Object: 'Object Repository/Page_KiboEngage  Create Sublist/button_Save' is clicked on

2019-03-25 15:59:25 - [TEST_STEP][PASSED] - click(findTestObject("Page_KiboEngage  Create Sublist/div_List created successfully")): Object: 'Object Repository/Page_KiboEngage  Create Sublist/div_List created successfully' is clicked on

2019-03-25 15:59:25 - [MESSAGE][PASSED] - Object: 'Object Repository/Page_KiboEngage  Create Sublist/div_List created successfully' is clicked on]]></system-out>
         <system-err><![CDATA[]]></system-err>
      </testcase>
      <testcase name="Test Cases/Segment subscribers/TC0738" classname="Test Cases/Segment subscribers/TC0738" status="FAILED">
         <failure type="FAILED" message="Test Cases/Segment subscribers/TC0738 FAILED.
Reason:
com.kms.katalon.core.exception.StepFailedException: Unable to click on object 'Object Repository/Page_KiboPush  Dashboard/div_List created successfully'
	at com.kms.katalon.core.webui.keyword.internal.WebUIKeywordMain.stepFailed(WebUIKeywordMain.groovy:64)
	at com.kms.katalon.core.webui.keyword.internal.WebUIKeywordMain.runKeyword(WebUIKeywordMain.groovy:26)
	at com.kms.katalon.core.webui.keyword.builtin.ClickKeyword.click(ClickKeyword.groovy:86)
	at com.kms.katalon.core.webui.keyword.builtin.ClickKeyword.execute(ClickKeyword.groovy:67)
	at com.kms.katalon.core.keyword.internal.KeywordExecutor.executeKeywordForPlatform(KeywordExecutor.groovy:56)
	at com.kms.katalon.core.webui.keyword.WebUiBuiltInKeywords.click(WebUiBuiltInKeywords.groovy:616)
	at com.kms.katalon.core.webui.keyword.WebUiBuiltInKeywords$click$2.call(Unknown Source)
	at TC0738.run(TC0738:51)
	at com.kms.katalon.core.main.ScriptEngine.run(ScriptEngine.java:194)
	at com.kms.katalon.core.main.ScriptEngine.runScriptAsRawText(ScriptEngine.java:119)
	at com.kms.katalon.core.main.TestCaseExecutor.runScript(TestCaseExecutor.java:331)
	at com.kms.katalon.core.main.TestCaseExecutor.doExecute(TestCaseExecutor.java:322)
	at com.kms.katalon.core.main.TestCaseExecutor.processExecutionPhase(TestCaseExecutor.java:301)
	at com.kms.katalon.core.main.TestCaseExecutor.accessMainPhase(TestCaseExecutor.java:293)
	at com.kms.katalon.core.main.TestCaseExecutor.execute(TestCaseExecutor.java:227)
	at com.kms.katalon.core.main.TestSuiteExecutor.accessTestCaseMainPhase(TestSuiteExecutor.java:129)
	at com.kms.katalon.core.main.TestSuiteExecutor.accessTestSuiteMainPhase(TestSuiteExecutor.java:112)
	at com.kms.katalon.core.main.TestSuiteExecutor.execute(TestSuiteExecutor.java:81)
	at com.kms.katalon.core.main.TestCaseMain.startTestSuite(TestCaseMain.java:157)
	at com.kms.katalon.core.main.TestCaseMain$startTestSuite$0.call(Unknown Source)
	at TempTestSuite1553506926009.run(TempTestSuite1553506926009.groovy:35)
Caused by: com.kms.katalon.core.webui.exception.WebElementNotFoundException: Web element with id: 'Object Repository/Page_KiboPush  Dashboard/div_List created successfully' located by 'By.xpath: //div[(text() = 'List created successfully' or . = 'List created successfully')]' not found
	at com.kms.katalon.core.webui.common.WebUiCommonHelper.findWebElement(WebUiCommonHelper.java:1053)
	at com.kms.katalon.core.webui.keyword.internal.WebUIAbstractKeyword.findWebElement(WebUIAbstractKeyword.groovy:27)
	at com.kms.katalon.core.webui.keyword.internal.WebUIAbstractKeyword.findWebElement(WebUIAbstractKeyword.groovy:26)
	at com.kms.katalon.core.webui.keyword.builtin.ClickKeyword$_click_closure1.doCall(ClickKeyword.groovy:77)
	at com.kms.katalon.core.webui.keyword.builtin.ClickKeyword$_click_closure1.call(ClickKeyword.groovy)
	at com.kms.katalon.core.webui.keyword.internal.WebUIKeywordMain.runKeyword(WebUIKeywordMain.groovy:20)
	at com.kms.katalon.core.webui.keyword.builtin.ClickKeyword.click(ClickKeyword.groovy:86)
	at com.kms.katalon.core.webui.keyword.builtin.ClickKeyword.execute(ClickKeyword.groovy:67)
	at com.kms.katalon.core.keyword.internal.KeywordExecutor.executeKeywordForPlatform(KeywordExecutor.groovy:56)
	at com.kms.katalon.core.webui.keyword.WebUiBuiltInKeywords.click(WebUiBuiltInKeywords.groovy:616)
	at com.kms.katalon.core.webui.keyword.WebUiBuiltInKeywords$click$2.call(Unknown Source)
	at Script1536572687304.run(Script1536572687304.groovy:51)
	... 13 more
"/>
         <system-out><![CDATA[2019-03-25 15:59:25 - [TEST_CASE][FAILED] - Test Cases/Segment subscribers/TC0738: Test Cases/Segment subscribers/TC0738 FAILED.
Reason:
com.kms.katalon.core.exception.StepFailedException: Unable to click on object 'Object Repository/Page_KiboPush  Dashboard/div_List created successfully'
	at com.kms.katalon.core.webui.keyword.internal.WebUIKeywordMain.stepFailed(WebUIKeywordMain.groovy:64)
	at com.kms.katalon.core.webui.keyword.internal.WebUIKeywordMain.runKeyword(WebUIKeywordMain.groovy:26)
	at com.kms.katalon.core.webui.keyword.builtin.ClickKeyword.click(ClickKeyword.groovy:86)
	at com.kms.katalon.core.webui.keyword.builtin.ClickKeyword.execute(ClickKeyword.groovy:67)
	at com.kms.katalon.core.keyword.internal.KeywordExecutor.executeKeywordForPlatform(KeywordExecutor.groovy:56)
	at com.kms.katalon.core.webui.keyword.WebUiBuiltInKeywords.click(WebUiBuiltInKeywords.groovy:616)
	at com.kms.katalon.core.webui.keyword.WebUiBuiltInKeywords$click$2.call(Unknown Source)
	at TC0738.run(TC0738:51)
	at com.kms.katalon.core.main.ScriptEngine.run(ScriptEngine.java:194)
	at com.kms.katalon.core.main.ScriptEngine.runScriptAsRawText(ScriptEngine.java:119)
	at com.kms.katalon.core.main.TestCaseExecutor.runScript(TestCaseExecutor.java:331)
	at com.kms.katalon.core.main.TestCaseExecutor.doExecute(TestCaseExecutor.java:322)
	at com.kms.katalon.core.main.TestCaseExecutor.processExecutionPhase(TestCaseExecutor.java:301)
	at com.kms.katalon.core.main.TestCaseExecutor.accessMainPhase(TestCaseExecutor.java:293)
	at com.kms.katalon.core.main.TestCaseExecutor.execute(TestCaseExecutor.java:227)
	at com.kms.katalon.core.main.TestSuiteExecutor.accessTestCaseMainPhase(TestSuiteExecutor.java:129)
	at com.kms.katalon.core.main.TestSuiteExecutor.accessTestSuiteMainPhase(TestSuiteExecutor.java:112)
	at com.kms.katalon.core.main.TestSuiteExecutor.execute(TestSuiteExecutor.java:81)
	at com.kms.katalon.core.main.TestCaseMain.startTestSuite(TestCaseMain.java:157)
	at com.kms.katalon.core.main.TestCaseMain$startTestSuite$0.call(Unknown Source)
	at TempTestSuite1553506926009.run(TempTestSuite1553506926009.groovy:35)
Caused by: com.kms.katalon.core.webui.exception.WebElementNotFoundException: Web element with id: 'Object Repository/Page_KiboPush  Dashboard/div_List created successfully' located by 'By.xpath: //div[(text() = 'List created successfully' or . = 'List created successfully')]' not found
	at com.kms.katalon.core.webui.common.WebUiCommonHelper.findWebElement(WebUiCommonHelper.java:1053)
	at com.kms.katalon.core.webui.keyword.internal.WebUIAbstractKeyword.findWebElement(WebUIAbstractKeyword.groovy:27)
	at com.kms.katalon.core.webui.keyword.internal.WebUIAbstractKeyword.findWebElement(WebUIAbstractKeyword.groovy:26)
	at com.kms.katalon.core.webui.keyword.builtin.ClickKeyword$_click_closure1.doCall(ClickKeyword.groovy:77)
	at com.kms.katalon.core.webui.keyword.builtin.ClickKeyword$_click_closure1.call(ClickKeyword.groovy)
	at com.kms.katalon.core.webui.keyword.internal.WebUIKeywordMain.runKeyword(WebUIKeywordMain.groovy:20)
	at com.kms.katalon.core.webui.keyword.builtin.ClickKeyword.click(ClickKeyword.groovy:86)
	at com.kms.katalon.core.webui.keyword.builtin.ClickKeyword.execute(ClickKeyword.groovy:67)
	at com.kms.katalon.core.keyword.internal.KeywordExecutor.executeKeywordForPlatform(KeywordExecutor.groovy:56)
	at com.kms.katalon.core.webui.keyword.WebUiBuiltInKeywords.click(WebUiBuiltInKeywords.groovy:616)
	at com.kms.katalon.core.webui.keyword.WebUiBuiltInKeywords$click$2.call(Unknown Source)
	at Script1536572687304.run(Script1536572687304.groovy:51)
	... 13 more


2019-03-25 15:59:26 - [TEST_STEP][PASSED] - callTestCase(findTestCase("Segment subscribers/TC0712"), [:], STOP_ON_FAILURE): Call Test Case 'Test Cases/Segment subscribers/TC0712' successfully

2019-03-25 15:59:26 - [TEST_CASE][PASSED] - Test Cases/Segment subscribers/TC0712: Test Cases/Segment subscribers/TC0712

2019-03-25 15:59:26 - [TEST_STEP][PASSED] - callTestCase(findTestCase("s-sidebar_navigation/individualAccount/Segment subsciber"), [:], STOP_ON_FAILURE): Call Test Case 'Test Cases/s-sidebar_navigation/individualAccount/Segment subsciber' successfully

2019-03-25 15:59:26 - [TEST_CASE][PASSED] - Test Cases/s-sidebar_navigation/individualAccount/Segment subsciber: Test Cases/s-sidebar_navigation/individualAccount/Segment subsciber

2019-03-25 15:59:26 - [TEST_STEP][PASSED] - callTestCase(findTestCase("s-sidebar_navigation/individualAccount/Login-KiboEngage"), [:], STOP_ON_FAILURE): Call Test Case 'Test Cases/s-sidebar_navigation/individualAccount/Login-KiboEngage' successfully

2019-03-25 15:59:26 - [TEST_CASE][PASSED] - Test Cases/s-sidebar_navigation/individualAccount/Login-KiboEngage: Test Cases/s-sidebar_navigation/individualAccount/Login-KiboEngage

2019-03-25 15:59:26 - [TEST_STEP][PASSED] - openBrowser(""): Browser is opened with url: ''

2019-03-25 15:59:26 - [MESSAGE][WARNING] - A browser is already opened. Closing browser and opening a new one

2019-03-25 15:59:26 - [MESSAGE][INFO] - Starting 'Chrome' driver

2019-03-25 15:59:27 - [MESSAGE][PASSED] - Browser is opened with url: ''

2019-03-25 15:59:27 - [TEST_STEP][PASSED] - maximizeWindow(): Current window maximized

2019-03-25 15:59:27 - [MESSAGE][PASSED] - Current window maximized

2019-03-25 15:59:27 - [TEST_STEP][PASSED] - navigateToUrl("https://kiboengage.cloudkibo.com/"): Navigate to 'https://kiboengage.cloudkibo.com/' successfully

2019-03-25 15:59:44 - [MESSAGE][PASSED] - Navigate to 'https://kiboengage.cloudkibo.com/' successfully

2019-03-25 15:59:44 - [TEST_STEP][PASSED] - navigateToUrl("https://accounts.cloudkibo.com/?continue=https://kiboengage.cloudkibo.com"): Navigate to 'https://accounts.cloudkibo.com/?continue=https://kiboengage.cloudkibo.com' successfully

2019-03-25 15:59:44 - [MESSAGE][PASSED] - Navigate to 'https://accounts.cloudkibo.com/?continue=https://kiboengage.cloudkibo.com' successfully

2019-03-25 15:59:44 - [TEST_STEP][PASSED] - click(findTestObject("Page_KiboPush/a_Login (9) (1)")): Object: 'Object Repository/Page_KiboPush/a_Login (9) (1)' is clicked on

2019-03-25 15:59:45 - [MESSAGE][PASSED] - Object: 'Object Repository/Page_KiboPush/a_Login (9) (1)' is clicked on

2019-03-25 15:59:45 - [TEST_STEP][PASSED] - setText(findTestObject("Page_KiboPush/input_email (10) (1)"), "individual@cloudkibo.com"): Text 'individual@cloudkibo.com' is set on object 'Object Repository/Page_KiboPush/input_email (10) (1)'

2019-03-25 15:59:45 - [MESSAGE][PASSED] - Text 'individual@cloudkibo.com' is set on object 'Object Repository/Page_KiboPush/input_email (10) (1)'

2019-03-25 15:59:45 - [TEST_STEP][PASSED] - setEncryptedText(findTestObject("Page_KiboPush/input_password (9) (1)"), "RigbBhfdqOBGNlJIWM1ClA=="): Text ****** has been set on object 'Object Repository/Page_KiboPush/input_password (9) (1)'

2019-03-25 15:59:46 - [MESSAGE][PASSED] - Text ****** has been set on object 'Object Repository/Page_KiboPush/input_password (9) (1)'

2019-03-25 15:59:46 - [TEST_STEP][PASSED] - click(findTestObject("Page_KiboPush/button_Sign In (10) (1)")): Object: 'Object Repository/Page_KiboPush/button_Sign In (10) (1)' is clicked on

2019-03-25 15:59:46 - [MESSAGE][PASSED] - Object: 'Object Repository/Page_KiboPush/button_Sign In (10) (1)' is clicked on

2019-03-25 15:59:46 - [TEST_STEP][PASSED] - navigateToUrl("https://kiboengage.cloudkibo.com/dashboard"): Navigate to 'https://kiboengage.cloudkibo.com/dashboard' successfully

2019-03-25 16:00:30 - [MESSAGE][PASSED] - Navigate to 'https://kiboengage.cloudkibo.com/dashboard' successfully

2019-03-25 16:00:30 - [TEST_STEP][PASSED] - click(findTestObject("Object Repository/Page_KiboPush  Dashboard/h3_Dashboard (57)")): Object: 'Object Repository/Page_KiboPush  Dashboard/h3_Dashboard (57)' is clicked on

2019-03-25 16:00:30 - [MESSAGE][PASSED] - Object: 'Object Repository/Page_KiboPush  Dashboard/h3_Dashboard (57)' is clicked on

2019-03-25 16:00:30 - [TEST_STEP][PASSED] - delay(3): Delayed 3 second(s)

2019-03-25 16:00:33 - [MESSAGE][PASSED] - Delayed 3 second(s)

2019-03-25 16:00:33 - [MESSAGE][PASSED] - Call Test Case 'Test Cases/s-sidebar_navigation/individualAccount/Login-KiboEngage' successfully

2019-03-25 16:00:33 - [TEST_STEP][PASSED] - click(findTestObject("Page_KiboPush  Dashboard/span_Broadcasting")): Object: 'Object Repository/Page_KiboPush  Dashboard/span_Broadcasting' is clicked on

2019-03-25 16:00:33 - [MESSAGE][PASSED] - Object: 'Object Repository/Page_KiboPush  Dashboard/span_Broadcasting' is clicked on

2019-03-25 16:00:33 - [TEST_STEP][PASSED] - delay(1): Delayed 1 second(s)

2019-03-25 16:00:34 - [MESSAGE][PASSED] - Delayed 1 second(s)

2019-03-25 16:00:34 - [TEST_STEP][PASSED] - click(findTestObject("Page_KiboPush  Dashboard/span_Segment Subscribers")): Object: 'Object Repository/Page_KiboPush  Dashboard/span_Segment Subscribers' is clicked on

2019-03-25 16:00:34 - [MESSAGE][PASSED] - Object: 'Object Repository/Page_KiboPush  Dashboard/span_Segment Subscribers' is clicked on

2019-03-25 16:00:34 - [TEST_STEP][PASSED] - click(findTestObject("Page_KiboPush  Dashboard/h3_Subscribers Segmentation Li")): Object: 'Object Repository/Page_KiboPush  Dashboard/h3_Subscribers Segmentation Li' is clicked on

2019-03-25 16:00:34 - [MESSAGE][PASSED] - Object: 'Object Repository/Page_KiboPush  Dashboard/h3_Subscribers Segmentation Li' is clicked on

2019-03-25 16:00:34 - [TEST_STEP][PASSED] - delay(1): Delayed 1 second(s)

2019-03-25 16:00:35 - [MESSAGE][PASSED] - Delayed 1 second(s)

2019-03-25 16:00:35 - [MESSAGE][PASSED] - Call Test Case 'Test Cases/s-sidebar_navigation/individualAccount/Segment subsciber' successfully

2019-03-25 16:00:35 - [TEST_STEP][PASSED] - delay(2): Delayed 2 second(s)

2019-03-25 16:00:37 - [MESSAGE][PASSED] - Delayed 2 second(s)

2019-03-25 16:00:37 - [TEST_STEP][PASSED] - click(findTestObject("Page_KiboPush  Dashboard/a_Create Segmented Subscribers")): Object: 'Object Repository/Page_KiboPush  Dashboard/a_Create Segmented Subscribers' is clicked on

2019-03-25 16:00:37 - [MESSAGE][PASSED] - Object: 'Object Repository/Page_KiboPush  Dashboard/a_Create Segmented Subscribers' is clicked on

2019-03-25 16:00:37 - [TEST_STEP][PASSED] - click(findTestObject("Page_KiboPush  Dashboard/h3_Create SubList of Subscribe")): Object: 'Object Repository/Page_KiboPush  Dashboard/h3_Create SubList of Subscribe' is clicked on

2019-03-25 16:00:37 - [MESSAGE][PASSED] - Object: 'Object Repository/Page_KiboPush  Dashboard/h3_Create SubList of Subscribe' is clicked on

2019-03-25 16:00:37 - [MESSAGE][PASSED] - Call Test Case 'Test Cases/Segment subscribers/TC0712' successfully

2019-03-25 16:00:37 - [TEST_STEP][PASSED] - delay(0): Delayed 0 second(s)

2019-03-25 16:00:37 - [MESSAGE][PASSED] - Delayed 0 second(s)

2019-03-25 16:00:37 - [TEST_STEP][PASSED] - click(findTestObject("Page_KiboPush  Dashboard/input_segmentationType (4) (1)")): Object: 'Object Repository/Page_KiboPush  Dashboard/input_segmentationType (4) (1)' is clicked on

2019-03-25 16:00:37 - [MESSAGE][PASSED] - Object: 'Object Repository/Page_KiboPush  Dashboard/input_segmentationType (4) (1)' is clicked on

2019-03-25 16:00:37 - [TEST_STEP][PASSED] - setText(findTestObject("Page_KiboPush  Dashboard/input_listName (3) (1)"), "33"): Text '33' is set on object 'Object Repository/Page_KiboPush  Dashboard/input_listName (3) (1)'

2019-03-25 16:00:37 - [MESSAGE][PASSED] - Text '33' is set on object 'Object Repository/Page_KiboPush  Dashboard/input_listName (3) (1)'

2019-03-25 16:00:37 - [TEST_STEP][PASSED] - selectOptionByValue(findTestObject("Page_KiboPush  Dashboard/select_Select ConditionFirst N (12)"), "subscriptionDate", true): All options with value 'subscriptionDate' are selected in object 'Object Repository/Page_KiboPush  Dashboard/select_Select ConditionFirst N (12)'  using regular expression

2019-03-25 16:00:38 - [MESSAGE][PASSED] - All options with value 'subscriptionDate' are selected in object 'Object Repository/Page_KiboPush  Dashboard/select_Select ConditionFirst N (12)'  using regular expression

2019-03-25 16:00:38 - [TEST_STEP][PASSED] - selectOptionByValue(findTestObject("Page_KiboPush  Dashboard/select_Select CriteriaonBefore (1)"), "on", true): All options with value 'on' are selected in object 'Object Repository/Page_KiboPush  Dashboard/select_Select CriteriaonBefore (1)'  using regular expression

2019-03-25 16:00:38 - [MESSAGE][PASSED] - All options with value 'on' are selected in object 'Object Repository/Page_KiboPush  Dashboard/select_Select CriteriaonBefore (1)'  using regular expression

2019-03-25 16:00:38 - [TEST_STEP][PASSED] - driver = getWebDriver(): null

2019-03-25 16:00:38 - [TEST_STEP][PASSED] - date = driver.findElement(By.xpath(".//*[@id="text"]")): null

2019-03-25 16:00:38 - [TEST_STEP][PASSED] - date.sendKeys("02/07/2018"): null

2019-03-25 16:00:38 - [TEST_STEP][PASSED] - click(findTestObject("Page_KiboPush  Dashboard/button_Save")): Object: 'Object Repository/Page_KiboPush  Dashboard/button_Save' is clicked on

2019-03-25 16:00:38 - [MESSAGE][PASSED] - Object: 'Object Repository/Page_KiboPush  Dashboard/button_Save' is clicked on

2019-03-25 16:00:38 - [TEST_STEP][FAILED] - click(findTestObject("Page_KiboPush  Dashboard/div_List created successfully")): click(findTestObject("Page_KiboPush  Dashboard/div_List created successfully")) FAILED.
Reason:
com.kms.katalon.core.exception.StepFailedException: Unable to click on object 'Object Repository/Page_KiboPush  Dashboard/div_List created successfully'
	at com.kms.katalon.core.webui.keyword.internal.WebUIKeywordMain.stepFailed(WebUIKeywordMain.groovy:64)
	at com.kms.katalon.core.webui.keyword.internal.WebUIKeywordMain.runKeyword(WebUIKeywordMain.groovy:26)
	at com.kms.katalon.core.webui.keyword.builtin.ClickKeyword.click(ClickKeyword.groovy:86)
	at com.kms.katalon.core.webui.keyword.builtin.ClickKeyword.execute(ClickKeyword.groovy:67)
	at com.kms.katalon.core.keyword.internal.KeywordExecutor.executeKeywordForPlatform(KeywordExecutor.groovy:56)
	at com.kms.katalon.core.webui.keyword.WebUiBuiltInKeywords.click(WebUiBuiltInKeywords.groovy:616)
	at com.kms.katalon.core.webui.keyword.WebUiBuiltInKeywords$click$2.call(Unknown Source)
	at TC0738.run(TC0738:51)
	at com.kms.katalon.core.main.ScriptEngine.run(ScriptEngine.java:194)
	at com.kms.katalon.core.main.ScriptEngine.runScriptAsRawText(ScriptEngine.java:119)
	at com.kms.katalon.core.main.TestCaseExecutor.runScript(TestCaseExecutor.java:331)
	at com.kms.katalon.core.main.TestCaseExecutor.doExecute(TestCaseExecutor.java:322)
	at com.kms.katalon.core.main.TestCaseExecutor.processExecutionPhase(TestCaseExecutor.java:301)
	at com.kms.katalon.core.main.TestCaseExecutor.accessMainPhase(TestCaseExecutor.java:293)
	at com.kms.katalon.core.main.TestCaseExecutor.execute(TestCaseExecutor.java:227)
	at com.kms.katalon.core.main.TestSuiteExecutor.accessTestCaseMainPhase(TestSuiteExecutor.java:129)
	at com.kms.katalon.core.main.TestSuiteExecutor.accessTestSuiteMainPhase(TestSuiteExecutor.java:112)
	at com.kms.katalon.core.main.TestSuiteExecutor.execute(TestSuiteExecutor.java:81)
	at com.kms.katalon.core.main.TestCaseMain.startTestSuite(TestCaseMain.java:157)
	at com.kms.katalon.core.main.TestCaseMain$startTestSuite$0.call(Unknown Source)
	at TempTestSuite1553506926009.run(TempTestSuite1553506926009.groovy:35)
Caused by: com.kms.katalon.core.webui.exception.WebElementNotFoundException: Web element with id: 'Object Repository/Page_KiboPush  Dashboard/div_List created successfully' located by 'By.xpath: //div[(text() = 'List created successfully' or . = 'List created successfully')]' not found
	at com.kms.katalon.core.webui.common.WebUiCommonHelper.findWebElement(WebUiCommonHelper.java:1053)
	at com.kms.katalon.core.webui.keyword.internal.WebUIAbstractKeyword.findWebElement(WebUIAbstractKeyword.groovy:27)
	at com.kms.katalon.core.webui.keyword.internal.WebUIAbstractKeyword.findWebElement(WebUIAbstractKeyword.groovy:26)
	at com.kms.katalon.core.webui.keyword.builtin.ClickKeyword$_click_closure1.doCall(ClickKeyword.groovy:77)
	at com.kms.katalon.core.webui.keyword.builtin.ClickKeyword$_click_closure1.call(ClickKeyword.groovy)
	at com.kms.katalon.core.webui.keyword.internal.WebUIKeywordMain.runKeyword(WebUIKeywordMain.groovy:20)
	at com.kms.katalon.core.webui.keyword.builtin.ClickKeyword.click(ClickKeyword.groovy:86)
	at com.kms.katalon.core.webui.keyword.builtin.ClickKeyword.execute(ClickKeyword.groovy:67)
	at com.kms.katalon.core.keyword.internal.KeywordExecutor.executeKeywordForPlatform(KeywordExecutor.groovy:56)
	at com.kms.katalon.core.webui.keyword.WebUiBuiltInKeywords.click(WebUiBuiltInKeywords.groovy:616)
	at com.kms.katalon.core.webui.keyword.WebUiBuiltInKeywords$click$2.call(Unknown Source)
	at Script1536572687304.run(Script1536572687304.groovy:51)
	... 13 more


2019-03-25 16:01:09 - [MESSAGE][INFO] - Unable to find the element located by 'By.xpath: //div[(text() = 'List created successfully' or . = 'List created successfully')]'. Please recheck the objects properties to make sure the desired element is located. 

2019-03-25 16:01:09 - [MESSAGE][FAILED] - Unable to click on object 'Object Repository/Page_KiboPush  Dashboard/div_List created successfully' (Root cause: com.kms.katalon.core.exception.StepFailedException: Unable to click on object 'Object Repository/Page_KiboPush  Dashboard/div_List created successfully'
	at com.kms.katalon.core.webui.keyword.internal.WebUIKeywordMain.stepFailed(WebUIKeywordMain.groovy:64)
	at com.kms.katalon.core.webui.keyword.internal.WebUIKeywordMain.runKeyword(WebUIKeywordMain.groovy:26)
	at com.kms.katalon.core.webui.keyword.builtin.ClickKeyword.click(ClickKeyword.groovy:86)
	at com.kms.katalon.core.webui.keyword.builtin.ClickKeyword.execute(ClickKeyword.groovy:67)
	at com.kms.katalon.core.keyword.internal.KeywordExecutor.executeKeywordForPlatform(KeywordExecutor.groovy:56)
	at com.kms.katalon.core.webui.keyword.WebUiBuiltInKeywords.click(WebUiBuiltInKeywords.groovy:616)
	at com.kms.katalon.core.webui.keyword.WebUiBuiltInKeywords$click$2.call(Unknown Source)
	at TC0738.run(TC0738:51)
	at com.kms.katalon.core.main.ScriptEngine.run(ScriptEngine.java:194)
	at com.kms.katalon.core.main.ScriptEngine.runScriptAsRawText(ScriptEngine.java:119)
	at com.kms.katalon.core.main.TestCaseExecutor.runScript(TestCaseExecutor.java:331)
	at com.kms.katalon.core.main.TestCaseExecutor.doExecute(TestCaseExecutor.java:322)
	at com.kms.katalon.core.main.TestCaseExecutor.processExecutionPhase(TestCaseExecutor.java:301)
	at com.kms.katalon.core.main.TestCaseExecutor.accessMainPhase(TestCaseExecutor.java:293)
	at com.kms.katalon.core.main.TestCaseExecutor.execute(TestCaseExecutor.java:227)
	at com.kms.katalon.core.main.TestSuiteExecutor.accessTestCaseMainPhase(TestSuiteExecutor.java:129)
	at com.kms.katalon.core.main.TestSuiteExecutor.accessTestSuiteMainPhase(TestSuiteExecutor.java:112)
	at com.kms.katalon.core.main.TestSuiteExecutor.execute(TestSuiteExecutor.java:81)
	at com.kms.katalon.core.main.TestCaseMain.startTestSuite(TestCaseMain.java:157)
	at com.kms.katalon.core.main.TestCaseMain$startTestSuite$0.call(Unknown Source)
	at TempTestSuite1553506926009.run(TempTestSuite1553506926009.groovy:35)
Caused by: com.kms.katalon.core.webui.exception.WebElementNotFoundException: Web element with id: 'Object Repository/Page_KiboPush  Dashboard/div_List created successfully' located by 'By.xpath: //div[(text() = 'List created successfully' or . = 'List created successfully')]' not found
	at com.kms.katalon.core.webui.common.WebUiCommonHelper.findWebElement(WebUiCommonHelper.java:1053)
	at com.kms.katalon.core.webui.keyword.internal.WebUIAbstractKeyword.findWebElement(WebUIAbstractKeyword.groovy:27)
	at com.kms.katalon.core.webui.keyword.internal.WebUIAbstractKeyword.findWebElement(WebUIAbstractKeyword.groovy:26)
	at com.kms.katalon.core.webui.keyword.builtin.ClickKeyword$_click_closure1.doCall(ClickKeyword.groovy:77)
	at com.kms.katalon.core.webui.keyword.builtin.ClickKeyword$_click_closure1.call(ClickKeyword.groovy)
	at com.kms.katalon.core.webui.keyword.internal.WebUIKeywordMain.runKeyword(WebUIKeywordMain.groovy:20)
	at com.kms.katalon.core.webui.keyword.builtin.ClickKeyword.click(ClickKeyword.groovy:86)
	at com.kms.katalon.core.webui.keyword.builtin.ClickKeyword.execute(ClickKeyword.groovy:67)
	at com.kms.katalon.core.keyword.internal.KeywordExecutor.executeKeywordForPlatform(KeywordExecutor.groovy:56)
	at com.kms.katalon.core.webui.keyword.WebUiBuiltInKeywords.click(WebUiBuiltInKeywords.groovy:616)
	at com.kms.katalon.core.webui.keyword.WebUiBuiltInKeywords$click$2.call(Unknown Source)
	at Script1536572687304.run(Script1536572687304.groovy:51)
	... 13 more
)
[[ATTACHMENT|/home/cloudkibo-muzamil/Downloads/Test cases/production/KiboPush/Reports/segmentSubscriber/20190325_144206/1553511669445.png]]

2019-03-25 16:01:09 - [MESSAGE][FAILED] - click(findTestObject("Page_KiboPush  Dashboard/div_List created successfully")) FAILED.
Reason:
com.kms.katalon.core.exception.StepFailedException: Unable to click on object 'Object Repository/Page_KiboPush  Dashboard/div_List created successfully'
	at com.kms.katalon.core.webui.keyword.internal.WebUIKeywordMain.stepFailed(WebUIKeywordMain.groovy:64)
	at com.kms.katalon.core.webui.keyword.internal.WebUIKeywordMain.runKeyword(WebUIKeywordMain.groovy:26)
	at com.kms.katalon.core.webui.keyword.builtin.ClickKeyword.click(ClickKeyword.groovy:86)
	at com.kms.katalon.core.webui.keyword.builtin.ClickKeyword.execute(ClickKeyword.groovy:67)
	at com.kms.katalon.core.keyword.internal.KeywordExecutor.executeKeywordForPlatform(KeywordExecutor.groovy:56)
	at com.kms.katalon.core.webui.keyword.WebUiBuiltInKeywords.click(WebUiBuiltInKeywords.groovy:616)
	at com.kms.katalon.core.webui.keyword.WebUiBuiltInKeywords$click$2.call(Unknown Source)
	at TC0738.run(TC0738:51)
	at com.kms.katalon.core.main.ScriptEngine.run(ScriptEngine.java:194)
	at com.kms.katalon.core.main.ScriptEngine.runScriptAsRawText(ScriptEngine.java:119)
	at com.kms.katalon.core.main.TestCaseExecutor.runScript(TestCaseExecutor.java:331)
	at com.kms.katalon.core.main.TestCaseExecutor.doExecute(TestCaseExecutor.java:322)
	at com.kms.katalon.core.main.TestCaseExecutor.processExecutionPhase(TestCaseExecutor.java:301)
	at com.kms.katalon.core.main.TestCaseExecutor.accessMainPhase(TestCaseExecutor.java:293)
	at com.kms.katalon.core.main.TestCaseExecutor.execute(TestCaseExecutor.java:227)
	at com.kms.katalon.core.main.TestSuiteExecutor.accessTestCaseMainPhase(TestSuiteExecutor.java:129)
	at com.kms.katalon.core.main.TestSuiteExecutor.accessTestSuiteMainPhase(TestSuiteExecutor.java:112)
	at com.kms.katalon.core.main.TestSuiteExecutor.execute(TestSuiteExecutor.java:81)
	at com.kms.katalon.core.main.TestCaseMain.startTestSuite(TestCaseMain.java:157)
	at com.kms.katalon.core.main.TestCaseMain$startTestSuite$0.call(Unknown Source)
	at TempTestSuite1553506926009.run(TempTestSuite1553506926009.groovy:35)
Caused by: com.kms.katalon.core.webui.exception.WebElementNotFoundException: Web element with id: 'Object Repository/Page_KiboPush  Dashboard/div_List created successfully' located by 'By.xpath: //div[(text() = 'List created successfully' or . = 'List created successfully')]' not found
	at com.kms.katalon.core.webui.common.WebUiCommonHelper.findWebElement(WebUiCommonHelper.java:1053)
	at com.kms.katalon.core.webui.keyword.internal.WebUIAbstractKeyword.findWebElement(WebUIAbstractKeyword.groovy:27)
	at com.kms.katalon.core.webui.keyword.internal.WebUIAbstractKeyword.findWebElement(WebUIAbstractKeyword.groovy:26)
	at com.kms.katalon.core.webui.keyword.builtin.ClickKeyword$_click_closure1.doCall(ClickKeyword.groovy:77)
	at com.kms.katalon.core.webui.keyword.builtin.ClickKeyword$_click_closure1.call(ClickKeyword.groovy)
	at com.kms.katalon.core.webui.keyword.internal.WebUIKeywordMain.runKeyword(WebUIKeywordMain.groovy:20)
	at com.kms.katalon.core.webui.keyword.builtin.ClickKeyword.click(ClickKeyword.groovy:86)
	at com.kms.katalon.core.webui.keyword.builtin.ClickKeyword.execute(ClickKeyword.groovy:67)
	at com.kms.katalon.core.keyword.internal.KeywordExecutor.executeKeywordForPlatform(KeywordExecutor.groovy:56)
	at com.kms.katalon.core.webui.keyword.WebUiBuiltInKeywords.click(WebUiBuiltInKeywords.groovy:616)
	at com.kms.katalon.core.webui.keyword.WebUiBuiltInKeywords$click$2.call(Unknown Source)
	at Script1536572687304.run(Script1536572687304.groovy:51)
	... 13 more]]></system-out>
         <system-err><![CDATA[2019-03-25 15:59:25 - [TEST_CASE][FAILED] - Test Cases/Segment subscribers/TC0738: Test Cases/Segment subscribers/TC0738 FAILED.
Reason:
com.kms.katalon.core.exception.StepFailedException: Unable to click on object 'Object Repository/Page_KiboPush  Dashboard/div_List created successfully'
	at com.kms.katalon.core.webui.keyword.internal.WebUIKeywordMain.stepFailed(WebUIKeywordMain.groovy:64)
	at com.kms.katalon.core.webui.keyword.internal.WebUIKeywordMain.runKeyword(WebUIKeywordMain.groovy:26)
	at com.kms.katalon.core.webui.keyword.builtin.ClickKeyword.click(ClickKeyword.groovy:86)
	at com.kms.katalon.core.webui.keyword.builtin.ClickKeyword.execute(ClickKeyword.groovy:67)
	at com.kms.katalon.core.keyword.internal.KeywordExecutor.executeKeywordForPlatform(KeywordExecutor.groovy:56)
	at com.kms.katalon.core.webui.keyword.WebUiBuiltInKeywords.click(WebUiBuiltInKeywords.groovy:616)
	at com.kms.katalon.core.webui.keyword.WebUiBuiltInKeywords$click$2.call(Unknown Source)
	at TC0738.run(TC0738:51)
	at com.kms.katalon.core.main.ScriptEngine.run(ScriptEngine.java:194)
	at com.kms.katalon.core.main.ScriptEngine.runScriptAsRawText(ScriptEngine.java:119)
	at com.kms.katalon.core.main.TestCaseExecutor.runScript(TestCaseExecutor.java:331)
	at com.kms.katalon.core.main.TestCaseExecutor.doExecute(TestCaseExecutor.java:322)
	at com.kms.katalon.core.main.TestCaseExecutor.processExecutionPhase(TestCaseExecutor.java:301)
	at com.kms.katalon.core.main.TestCaseExecutor.accessMainPhase(TestCaseExecutor.java:293)
	at com.kms.katalon.core.main.TestCaseExecutor.execute(TestCaseExecutor.java:227)
	at com.kms.katalon.core.main.TestSuiteExecutor.accessTestCaseMainPhase(TestSuiteExecutor.java:129)
	at com.kms.katalon.core.main.TestSuiteExecutor.accessTestSuiteMainPhase(TestSuiteExecutor.java:112)
	at com.kms.katalon.core.main.TestSuiteExecutor.execute(TestSuiteExecutor.java:81)
	at com.kms.katalon.core.main.TestCaseMain.startTestSuite(TestCaseMain.java:157)
	at com.kms.katalon.core.main.TestCaseMain$startTestSuite$0.call(Unknown Source)
	at TempTestSuite1553506926009.run(TempTestSuite1553506926009.groovy:35)
Caused by: com.kms.katalon.core.webui.exception.WebElementNotFoundException: Web element with id: 'Object Repository/Page_KiboPush  Dashboard/div_List created successfully' located by 'By.xpath: //div[(text() = 'List created successfully' or . = 'List created successfully')]' not found
	at com.kms.katalon.core.webui.common.WebUiCommonHelper.findWebElement(WebUiCommonHelper.java:1053)
	at com.kms.katalon.core.webui.keyword.internal.WebUIAbstractKeyword.findWebElement(WebUIAbstractKeyword.groovy:27)
	at com.kms.katalon.core.webui.keyword.internal.WebUIAbstractKeyword.findWebElement(WebUIAbstractKeyword.groovy:26)
	at com.kms.katalon.core.webui.keyword.builtin.ClickKeyword$_click_closure1.doCall(ClickKeyword.groovy:77)
	at com.kms.katalon.core.webui.keyword.builtin.ClickKeyword$_click_closure1.call(ClickKeyword.groovy)
	at com.kms.katalon.core.webui.keyword.internal.WebUIKeywordMain.runKeyword(WebUIKeywordMain.groovy:20)
	at com.kms.katalon.core.webui.keyword.builtin.ClickKeyword.click(ClickKeyword.groovy:86)
	at com.kms.katalon.core.webui.keyword.builtin.ClickKeyword.execute(ClickKeyword.groovy:67)
	at com.kms.katalon.core.keyword.internal.KeywordExecutor.executeKeywordForPlatform(KeywordExecutor.groovy:56)
	at com.kms.katalon.core.webui.keyword.WebUiBuiltInKeywords.click(WebUiBuiltInKeywords.groovy:616)
	at com.kms.katalon.core.webui.keyword.WebUiBuiltInKeywords$click$2.call(Unknown Source)
	at Script1536572687304.run(Script1536572687304.groovy:51)
	... 13 more]]></system-err>
      </testcase>
      <testcase name="Test Cases/Segment subscribers/TC0739" classname="Test Cases/Segment subscribers/TC0739" status="PASSED">
         <system-out><![CDATA[2019-03-25 16:01:09 - [TEST_CASE][PASSED] - Test Cases/Segment subscribers/TC0739: Test Cases/Segment subscribers/TC0739

2019-03-25 16:01:09 - [TEST_STEP][PASSED] - callTestCase(findTestCase("Segment subscribers/TC0712"), [:], STOP_ON_FAILURE): Call Test Case 'Test Cases/Segment subscribers/TC0712' successfully

2019-03-25 16:01:09 - [TEST_CASE][PASSED] - Test Cases/Segment subscribers/TC0712: Test Cases/Segment subscribers/TC0712

2019-03-25 16:01:09 - [TEST_STEP][PASSED] - callTestCase(findTestCase("s-sidebar_navigation/individualAccount/Segment subsciber"), [:], STOP_ON_FAILURE): Call Test Case 'Test Cases/s-sidebar_navigation/individualAccount/Segment subsciber' successfully

2019-03-25 16:01:09 - [TEST_CASE][PASSED] - Test Cases/s-sidebar_navigation/individualAccount/Segment subsciber: Test Cases/s-sidebar_navigation/individualAccount/Segment subsciber

2019-03-25 16:01:09 - [TEST_STEP][PASSED] - callTestCase(findTestCase("s-sidebar_navigation/individualAccount/Login-KiboEngage"), [:], STOP_ON_FAILURE): Call Test Case 'Test Cases/s-sidebar_navigation/individualAccount/Login-KiboEngage' successfully

2019-03-25 16:01:09 - [TEST_CASE][PASSED] - Test Cases/s-sidebar_navigation/individualAccount/Login-KiboEngage: Test Cases/s-sidebar_navigation/individualAccount/Login-KiboEngage

2019-03-25 16:01:09 - [TEST_STEP][PASSED] - openBrowser(""): Browser is opened with url: ''

2019-03-25 16:01:09 - [MESSAGE][WARNING] - A browser is already opened. Closing browser and opening a new one

2019-03-25 16:01:09 - [MESSAGE][INFO] - Starting 'Chrome' driver

2019-03-25 16:01:10 - [MESSAGE][PASSED] - Browser is opened with url: ''

2019-03-25 16:01:10 - [TEST_STEP][PASSED] - maximizeWindow(): Current window maximized

2019-03-25 16:01:10 - [MESSAGE][PASSED] - Current window maximized

2019-03-25 16:01:10 - [TEST_STEP][PASSED] - navigateToUrl("https://kiboengage.cloudkibo.com/"): Navigate to 'https://kiboengage.cloudkibo.com/' successfully

2019-03-25 16:01:24 - [MESSAGE][PASSED] - Navigate to 'https://kiboengage.cloudkibo.com/' successfully

2019-03-25 16:01:24 - [TEST_STEP][PASSED] - navigateToUrl("https://accounts.cloudkibo.com/?continue=https://kiboengage.cloudkibo.com"): Navigate to 'https://accounts.cloudkibo.com/?continue=https://kiboengage.cloudkibo.com' successfully

2019-03-25 16:01:24 - [MESSAGE][PASSED] - Navigate to 'https://accounts.cloudkibo.com/?continue=https://kiboengage.cloudkibo.com' successfully

2019-03-25 16:01:24 - [TEST_STEP][PASSED] - click(findTestObject("Page_KiboPush/a_Login (9) (1)")): Object: 'Object Repository/Page_KiboPush/a_Login (9) (1)' is clicked on

2019-03-25 16:01:25 - [MESSAGE][PASSED] - Object: 'Object Repository/Page_KiboPush/a_Login (9) (1)' is clicked on

2019-03-25 16:01:25 - [TEST_STEP][PASSED] - setText(findTestObject("Page_KiboPush/input_email (10) (1)"), "individual@cloudkibo.com"): Text 'individual@cloudkibo.com' is set on object 'Object Repository/Page_KiboPush/input_email (10) (1)'

2019-03-25 16:01:25 - [MESSAGE][PASSED] - Text 'individual@cloudkibo.com' is set on object 'Object Repository/Page_KiboPush/input_email (10) (1)'

2019-03-25 16:01:25 - [TEST_STEP][PASSED] - setEncryptedText(findTestObject("Page_KiboPush/input_password (9) (1)"), "RigbBhfdqOBGNlJIWM1ClA=="): Text ****** has been set on object 'Object Repository/Page_KiboPush/input_password (9) (1)'

2019-03-25 16:01:25 - [MESSAGE][PASSED] - Text ****** has been set on object 'Object Repository/Page_KiboPush/input_password (9) (1)'

2019-03-25 16:01:25 - [TEST_STEP][PASSED] - click(findTestObject("Page_KiboPush/button_Sign In (10) (1)")): Object: 'Object Repository/Page_KiboPush/button_Sign In (10) (1)' is clicked on

2019-03-25 16:01:25 - [MESSAGE][PASSED] - Object: 'Object Repository/Page_KiboPush/button_Sign In (10) (1)' is clicked on

2019-03-25 16:01:25 - [TEST_STEP][PASSED] - navigateToUrl("https://kiboengage.cloudkibo.com/dashboard"): Navigate to 'https://kiboengage.cloudkibo.com/dashboard' successfully

2019-03-25 16:01:54 - [MESSAGE][PASSED] - Navigate to 'https://kiboengage.cloudkibo.com/dashboard' successfully

2019-03-25 16:01:54 - [TEST_STEP][PASSED] - click(findTestObject("Object Repository/Page_KiboPush  Dashboard/h3_Dashboard (57)")): Object: 'Object Repository/Page_KiboPush  Dashboard/h3_Dashboard (57)' is clicked on

2019-03-25 16:01:54 - [MESSAGE][PASSED] - Object: 'Object Repository/Page_KiboPush  Dashboard/h3_Dashboard (57)' is clicked on

2019-03-25 16:01:54 - [TEST_STEP][PASSED] - delay(3): Delayed 3 second(s)

2019-03-25 16:01:57 - [MESSAGE][PASSED] - Delayed 3 second(s)

2019-03-25 16:01:57 - [MESSAGE][PASSED] - Call Test Case 'Test Cases/s-sidebar_navigation/individualAccount/Login-KiboEngage' successfully

2019-03-25 16:01:57 - [TEST_STEP][PASSED] - click(findTestObject("Page_KiboPush  Dashboard/span_Broadcasting")): Object: 'Object Repository/Page_KiboPush  Dashboard/span_Broadcasting' is clicked on

2019-03-25 16:01:57 - [MESSAGE][PASSED] - Object: 'Object Repository/Page_KiboPush  Dashboard/span_Broadcasting' is clicked on

2019-03-25 16:01:57 - [TEST_STEP][PASSED] - delay(1): Delayed 1 second(s)

2019-03-25 16:01:58 - [MESSAGE][PASSED] - Delayed 1 second(s)

2019-03-25 16:01:58 - [TEST_STEP][PASSED] - click(findTestObject("Page_KiboPush  Dashboard/span_Segment Subscribers")): Object: 'Object Repository/Page_KiboPush  Dashboard/span_Segment Subscribers' is clicked on

2019-03-25 16:01:59 - [MESSAGE][PASSED] - Object: 'Object Repository/Page_KiboPush  Dashboard/span_Segment Subscribers' is clicked on

2019-03-25 16:01:59 - [TEST_STEP][PASSED] - click(findTestObject("Page_KiboPush  Dashboard/h3_Subscribers Segmentation Li")): Object: 'Object Repository/Page_KiboPush  Dashboard/h3_Subscribers Segmentation Li' is clicked on

2019-03-25 16:01:59 - [MESSAGE][PASSED] - Object: 'Object Repository/Page_KiboPush  Dashboard/h3_Subscribers Segmentation Li' is clicked on

2019-03-25 16:01:59 - [TEST_STEP][PASSED] - delay(1): Delayed 1 second(s)

2019-03-25 16:02:00 - [MESSAGE][PASSED] - Delayed 1 second(s)

2019-03-25 16:02:00 - [MESSAGE][PASSED] - Call Test Case 'Test Cases/s-sidebar_navigation/individualAccount/Segment subsciber' successfully

2019-03-25 16:02:00 - [TEST_STEP][PASSED] - delay(2): Delayed 2 second(s)

2019-03-25 16:02:02 - [MESSAGE][PASSED] - Delayed 2 second(s)

2019-03-25 16:02:02 - [TEST_STEP][PASSED] - click(findTestObject("Page_KiboPush  Dashboard/a_Create Segmented Subscribers")): Object: 'Object Repository/Page_KiboPush  Dashboard/a_Create Segmented Subscribers' is clicked on

2019-03-25 16:02:02 - [MESSAGE][PASSED] - Object: 'Object Repository/Page_KiboPush  Dashboard/a_Create Segmented Subscribers' is clicked on

2019-03-25 16:02:02 - [TEST_STEP][PASSED] - click(findTestObject("Page_KiboPush  Dashboard/h3_Create SubList of Subscribe")): Object: 'Object Repository/Page_KiboPush  Dashboard/h3_Create SubList of Subscribe' is clicked on

2019-03-25 16:02:02 - [MESSAGE][PASSED] - Object: 'Object Repository/Page_KiboPush  Dashboard/h3_Create SubList of Subscribe' is clicked on

2019-03-25 16:02:02 - [MESSAGE][PASSED] - Call Test Case 'Test Cases/Segment subscribers/TC0712' successfully

2019-03-25 16:02:02 - [TEST_STEP][PASSED] - delay(2): Delayed 2 second(s)

2019-03-25 16:02:04 - [MESSAGE][PASSED] - Delayed 2 second(s)

2019-03-25 16:02:04 - [TEST_STEP][PASSED] - click(findTestObject("Page_KiboPush  Dashboard/input_segmentationType (4) (2)")): Object: 'Object Repository/Page_KiboPush  Dashboard/input_segmentationType (4) (2)' is clicked on

2019-03-25 16:02:04 - [MESSAGE][PASSED] - Object: 'Object Repository/Page_KiboPush  Dashboard/input_segmentationType (4) (2)' is clicked on

2019-03-25 16:02:04 - [TEST_STEP][PASSED] - setText(findTestObject("Page_KiboPush  Dashboard/input_listName (3) (2)"), "33"): Text '33' is set on object 'Object Repository/Page_KiboPush  Dashboard/input_listName (3) (2)'

2019-03-25 16:02:04 - [MESSAGE][PASSED] - Text '33' is set on object 'Object Repository/Page_KiboPush  Dashboard/input_listName (3) (2)'

2019-03-25 16:02:04 - [TEST_STEP][PASSED] - selectOptionByValue(findTestObject("Page_KiboPush  Dashboard/select_Select ConditionFirst N (13)"), "subscriptionDate", true): All options with value 'subscriptionDate' are selected in object 'Object Repository/Page_KiboPush  Dashboard/select_Select ConditionFirst N (13)'  using regular expression

2019-03-25 16:02:04 - [MESSAGE][PASSED] - All options with value 'subscriptionDate' are selected in object 'Object Repository/Page_KiboPush  Dashboard/select_Select ConditionFirst N (13)'  using regular expression

2019-03-25 16:02:04 - [TEST_STEP][PASSED] - selectOptionByValue(findTestObject("Page_KiboPush  Dashboard/select_Select CriteriaonBefore (2)"), "before", true): All options with value 'before' are selected in object 'Object Repository/Page_KiboPush  Dashboard/select_Select CriteriaonBefore (2)'  using regular expression

2019-03-25 16:02:04 - [MESSAGE][PASSED] - All options with value 'before' are selected in object 'Object Repository/Page_KiboPush  Dashboard/select_Select CriteriaonBefore (2)'  using regular expression

2019-03-25 16:02:04 - [TEST_STEP][PASSED] - driver = getWebDriver(): null

2019-03-25 16:02:04 - [TEST_STEP][PASSED] - date = driver.findElement(By.xpath(".//*[@id="text"]")): null

2019-03-25 16:02:04 - [TEST_STEP][PASSED] - date.sendKeys("03/01/2019"): null

2019-03-25 16:02:05 - [TEST_STEP][PASSED] - click(findTestObject("Page_KiboPush  Dashboard/button_Save")): Object: 'Object Repository/Page_KiboPush  Dashboard/button_Save' is clicked on

2019-03-25 16:02:05 - [MESSAGE][PASSED] - Object: 'Object Repository/Page_KiboPush  Dashboard/button_Save' is clicked on

2019-03-25 16:02:05 - [TEST_STEP][PASSED] - click(findTestObject("Page_KiboPush  Dashboard/div_List created successfully")): Object: 'Object Repository/Page_KiboPush  Dashboard/div_List created successfully' is clicked on

2019-03-25 16:02:05 - [MESSAGE][PASSED] - Object: 'Object Repository/Page_KiboPush  Dashboard/div_List created successfully' is clicked on]]></system-out>
         <system-err><![CDATA[]]></system-err>
      </testcase>
      <testcase name="Test Cases/Segment subscribers/TC0740" classname="Test Cases/Segment subscribers/TC0740" status="PASSED">
         <system-out><![CDATA[2019-03-25 16:02:05 - [TEST_CASE][PASSED] - Test Cases/Segment subscribers/TC0740: Test Cases/Segment subscribers/TC0740

2019-03-25 16:02:05 - [TEST_STEP][PASSED] - callTestCase(findTestCase("Segment subscribers/TC0712"), [:], STOP_ON_FAILURE): Call Test Case 'Test Cases/Segment subscribers/TC0712' successfully

2019-03-25 16:02:05 - [TEST_CASE][PASSED] - Test Cases/Segment subscribers/TC0712: Test Cases/Segment subscribers/TC0712

2019-03-25 16:02:05 - [TEST_STEP][PASSED] - callTestCase(findTestCase("s-sidebar_navigation/individualAccount/Segment subsciber"), [:], STOP_ON_FAILURE): Call Test Case 'Test Cases/s-sidebar_navigation/individualAccount/Segment subsciber' successfully

2019-03-25 16:02:05 - [TEST_CASE][PASSED] - Test Cases/s-sidebar_navigation/individualAccount/Segment subsciber: Test Cases/s-sidebar_navigation/individualAccount/Segment subsciber

2019-03-25 16:02:05 - [TEST_STEP][PASSED] - callTestCase(findTestCase("s-sidebar_navigation/individualAccount/Login-KiboEngage"), [:], STOP_ON_FAILURE): Call Test Case 'Test Cases/s-sidebar_navigation/individualAccount/Login-KiboEngage' successfully

2019-03-25 16:02:05 - [TEST_CASE][PASSED] - Test Cases/s-sidebar_navigation/individualAccount/Login-KiboEngage: Test Cases/s-sidebar_navigation/individualAccount/Login-KiboEngage

2019-03-25 16:02:05 - [TEST_STEP][PASSED] - openBrowser(""): Browser is opened with url: ''

2019-03-25 16:02:05 - [MESSAGE][WARNING] - A browser is already opened. Closing browser and opening a new one

2019-03-25 16:02:06 - [MESSAGE][INFO] - Starting 'Chrome' driver

2019-03-25 16:02:06 - [MESSAGE][PASSED] - Browser is opened with url: ''

2019-03-25 16:02:06 - [TEST_STEP][PASSED] - maximizeWindow(): Current window maximized

2019-03-25 16:02:06 - [MESSAGE][PASSED] - Current window maximized

2019-03-25 16:02:06 - [TEST_STEP][PASSED] - navigateToUrl("https://kiboengage.cloudkibo.com/"): Navigate to 'https://kiboengage.cloudkibo.com/' successfully

2019-03-25 16:02:29 - [MESSAGE][PASSED] - Navigate to 'https://kiboengage.cloudkibo.com/' successfully

2019-03-25 16:02:29 - [TEST_STEP][PASSED] - navigateToUrl("https://accounts.cloudkibo.com/?continue=https://kiboengage.cloudkibo.com"): Navigate to 'https://accounts.cloudkibo.com/?continue=https://kiboengage.cloudkibo.com' successfully

2019-03-25 16:02:30 - [MESSAGE][PASSED] - Navigate to 'https://accounts.cloudkibo.com/?continue=https://kiboengage.cloudkibo.com' successfully

2019-03-25 16:02:30 - [TEST_STEP][PASSED] - click(findTestObject("Page_KiboPush/a_Login (9) (1)")): Object: 'Object Repository/Page_KiboPush/a_Login (9) (1)' is clicked on

2019-03-25 16:02:31 - [MESSAGE][PASSED] - Object: 'Object Repository/Page_KiboPush/a_Login (9) (1)' is clicked on

2019-03-25 16:02:31 - [TEST_STEP][PASSED] - setText(findTestObject("Page_KiboPush/input_email (10) (1)"), "individual@cloudkibo.com"): Text 'individual@cloudkibo.com' is set on object 'Object Repository/Page_KiboPush/input_email (10) (1)'

2019-03-25 16:02:31 - [MESSAGE][PASSED] - Text 'individual@cloudkibo.com' is set on object 'Object Repository/Page_KiboPush/input_email (10) (1)'

2019-03-25 16:02:31 - [TEST_STEP][PASSED] - setEncryptedText(findTestObject("Page_KiboPush/input_password (9) (1)"), "RigbBhfdqOBGNlJIWM1ClA=="): Text ****** has been set on object 'Object Repository/Page_KiboPush/input_password (9) (1)'

2019-03-25 16:02:31 - [MESSAGE][PASSED] - Text ****** has been set on object 'Object Repository/Page_KiboPush/input_password (9) (1)'

2019-03-25 16:02:31 - [TEST_STEP][PASSED] - click(findTestObject("Page_KiboPush/button_Sign In (10) (1)")): Object: 'Object Repository/Page_KiboPush/button_Sign In (10) (1)' is clicked on

2019-03-25 16:02:31 - [MESSAGE][PASSED] - Object: 'Object Repository/Page_KiboPush/button_Sign In (10) (1)' is clicked on

2019-03-25 16:02:31 - [TEST_STEP][PASSED] - navigateToUrl("https://kiboengage.cloudkibo.com/dashboard"): Navigate to 'https://kiboengage.cloudkibo.com/dashboard' successfully

2019-03-25 16:02:46 - [MESSAGE][PASSED] - Navigate to 'https://kiboengage.cloudkibo.com/dashboard' successfully

2019-03-25 16:02:46 - [TEST_STEP][PASSED] - click(findTestObject("Object Repository/Page_KiboPush  Dashboard/h3_Dashboard (57)")): Object: 'Object Repository/Page_KiboPush  Dashboard/h3_Dashboard (57)' is clicked on

2019-03-25 16:02:46 - [MESSAGE][PASSED] - Object: 'Object Repository/Page_KiboPush  Dashboard/h3_Dashboard (57)' is clicked on

2019-03-25 16:02:46 - [TEST_STEP][PASSED] - delay(3): Delayed 3 second(s)

2019-03-25 16:02:49 - [MESSAGE][PASSED] - Delayed 3 second(s)

2019-03-25 16:02:49 - [MESSAGE][PASSED] - Call Test Case 'Test Cases/s-sidebar_navigation/individualAccount/Login-KiboEngage' successfully

2019-03-25 16:02:49 - [TEST_STEP][PASSED] - click(findTestObject("Page_KiboPush  Dashboard/span_Broadcasting")): Object: 'Object Repository/Page_KiboPush  Dashboard/span_Broadcasting' is clicked on

2019-03-25 16:02:49 - [MESSAGE][PASSED] - Object: 'Object Repository/Page_KiboPush  Dashboard/span_Broadcasting' is clicked on

2019-03-25 16:02:49 - [TEST_STEP][PASSED] - delay(1): Delayed 1 second(s)

2019-03-25 16:02:50 - [MESSAGE][PASSED] - Delayed 1 second(s)

2019-03-25 16:02:50 - [TEST_STEP][PASSED] - click(findTestObject("Page_KiboPush  Dashboard/span_Segment Subscribers")): Object: 'Object Repository/Page_KiboPush  Dashboard/span_Segment Subscribers' is clicked on

2019-03-25 16:02:51 - [MESSAGE][PASSED] - Object: 'Object Repository/Page_KiboPush  Dashboard/span_Segment Subscribers' is clicked on

2019-03-25 16:02:51 - [TEST_STEP][PASSED] - click(findTestObject("Page_KiboPush  Dashboard/h3_Subscribers Segmentation Li")): Object: 'Object Repository/Page_KiboPush  Dashboard/h3_Subscribers Segmentation Li' is clicked on

2019-03-25 16:02:51 - [MESSAGE][PASSED] - Object: 'Object Repository/Page_KiboPush  Dashboard/h3_Subscribers Segmentation Li' is clicked on

2019-03-25 16:02:51 - [TEST_STEP][PASSED] - delay(1): Delayed 1 second(s)

2019-03-25 16:02:52 - [MESSAGE][PASSED] - Delayed 1 second(s)

2019-03-25 16:02:52 - [MESSAGE][PASSED] - Call Test Case 'Test Cases/s-sidebar_navigation/individualAccount/Segment subsciber' successfully

2019-03-25 16:02:52 - [TEST_STEP][PASSED] - delay(2): Delayed 2 second(s)

2019-03-25 16:02:54 - [MESSAGE][PASSED] - Delayed 2 second(s)

2019-03-25 16:02:54 - [TEST_STEP][PASSED] - click(findTestObject("Page_KiboPush  Dashboard/a_Create Segmented Subscribers")): Object: 'Object Repository/Page_KiboPush  Dashboard/a_Create Segmented Subscribers' is clicked on

2019-03-25 16:02:54 - [MESSAGE][PASSED] - Object: 'Object Repository/Page_KiboPush  Dashboard/a_Create Segmented Subscribers' is clicked on

2019-03-25 16:02:54 - [TEST_STEP][PASSED] - click(findTestObject("Page_KiboPush  Dashboard/h3_Create SubList of Subscribe")): Object: 'Object Repository/Page_KiboPush  Dashboard/h3_Create SubList of Subscribe' is clicked on

2019-03-25 16:02:54 - [MESSAGE][PASSED] - Object: 'Object Repository/Page_KiboPush  Dashboard/h3_Create SubList of Subscribe' is clicked on

2019-03-25 16:02:54 - [MESSAGE][PASSED] - Call Test Case 'Test Cases/Segment subscribers/TC0712' successfully

2019-03-25 16:02:54 - [TEST_STEP][PASSED] - delay(3): Delayed 3 second(s)

2019-03-25 16:02:57 - [MESSAGE][PASSED] - Delayed 3 second(s)

2019-03-25 16:02:57 - [TEST_STEP][PASSED] - click(findTestObject("Page_KiboPush  Dashboard/input_segmentationType (4) (3)")): Object: 'Object Repository/Page_KiboPush  Dashboard/input_segmentationType (4) (3)' is clicked on

2019-03-25 16:02:57 - [MESSAGE][PASSED] - Object: 'Object Repository/Page_KiboPush  Dashboard/input_segmentationType (4) (3)' is clicked on

2019-03-25 16:02:57 - [TEST_STEP][PASSED] - setText(findTestObject("Page_KiboPush  Dashboard/input_listName (3) (3)"), "33"): Text '33' is set on object 'Object Repository/Page_KiboPush  Dashboard/input_listName (3) (3)'

2019-03-25 16:02:57 - [MESSAGE][PASSED] - Text '33' is set on object 'Object Repository/Page_KiboPush  Dashboard/input_listName (3) (3)'

2019-03-25 16:02:57 - [TEST_STEP][PASSED] - selectOptionByValue(findTestObject("Page_KiboPush  Dashboard/select_Select ConditionFirst N (14)"), "subscriptionDate", true): All options with value 'subscriptionDate' are selected in object 'Object Repository/Page_KiboPush  Dashboard/select_Select ConditionFirst N (14)'  using regular expression

2019-03-25 16:02:57 - [MESSAGE][PASSED] - All options with value 'subscriptionDate' are selected in object 'Object Repository/Page_KiboPush  Dashboard/select_Select ConditionFirst N (14)'  using regular expression

2019-03-25 16:02:57 - [TEST_STEP][PASSED] - selectOptionByValue(findTestObject("Page_KiboPush  Dashboard/select_Select CriteriaonBefore (3)"), "after", true): All options with value 'after' are selected in object 'Object Repository/Page_KiboPush  Dashboard/select_Select CriteriaonBefore (3)'  using regular expression

2019-03-25 16:02:58 - [MESSAGE][PASSED] - All options with value 'after' are selected in object 'Object Repository/Page_KiboPush  Dashboard/select_Select CriteriaonBefore (3)'  using regular expression

2019-03-25 16:02:58 - [TEST_STEP][PASSED] - driver = getWebDriver(): null

2019-03-25 16:02:58 - [TEST_STEP][PASSED] - date = driver.findElement(By.xpath(".//*[@id="text"]")): null

2019-03-25 16:02:58 - [TEST_STEP][PASSED] - date.sendKeys("01/07/2018"): null

2019-03-25 16:02:58 - [TEST_STEP][PASSED] - click(findTestObject("Page_KiboPush  Dashboard/button_Save")): Object: 'Object Repository/Page_KiboPush  Dashboard/button_Save' is clicked on

2019-03-25 16:02:58 - [MESSAGE][PASSED] - Object: 'Object Repository/Page_KiboPush  Dashboard/button_Save' is clicked on

2019-03-25 16:02:58 - [TEST_STEP][PASSED] - click(findTestObject("Page_KiboPush  Dashboard/div_List created successfully")): Object: 'Object Repository/Page_KiboPush  Dashboard/div_List created successfully' is clicked on

2019-03-25 16:02:58 - [MESSAGE][PASSED] - Object: 'Object Repository/Page_KiboPush  Dashboard/div_List created successfully' is clicked on]]></system-out>
         <system-err><![CDATA[]]></system-err>
      </testcase>
      <testcase name="Test Cases/Segment subscribers/TC0744" classname="Test Cases/Segment subscribers/TC0744" status="PASSED">
         <system-out><![CDATA[2019-03-25 16:02:59 - [TEST_CASE][PASSED] - Test Cases/Segment subscribers/TC0744: Test Cases/Segment subscribers/TC0744

2019-03-25 16:02:59 - [TEST_STEP][PASSED] - callTestCase(findTestCase("Segment subscribers/TC0712"), [:], STOP_ON_FAILURE): Call Test Case 'Test Cases/Segment subscribers/TC0712' successfully

2019-03-25 16:02:59 - [TEST_CASE][PASSED] - Test Cases/Segment subscribers/TC0712: Test Cases/Segment subscribers/TC0712

2019-03-25 16:02:59 - [TEST_STEP][PASSED] - callTestCase(findTestCase("s-sidebar_navigation/individualAccount/Segment subsciber"), [:], STOP_ON_FAILURE): Call Test Case 'Test Cases/s-sidebar_navigation/individualAccount/Segment subsciber' successfully

2019-03-25 16:02:59 - [TEST_CASE][PASSED] - Test Cases/s-sidebar_navigation/individualAccount/Segment subsciber: Test Cases/s-sidebar_navigation/individualAccount/Segment subsciber

2019-03-25 16:02:59 - [TEST_STEP][PASSED] - callTestCase(findTestCase("s-sidebar_navigation/individualAccount/Login-KiboEngage"), [:], STOP_ON_FAILURE): Call Test Case 'Test Cases/s-sidebar_navigation/individualAccount/Login-KiboEngage' successfully

2019-03-25 16:02:59 - [TEST_CASE][PASSED] - Test Cases/s-sidebar_navigation/individualAccount/Login-KiboEngage: Test Cases/s-sidebar_navigation/individualAccount/Login-KiboEngage

2019-03-25 16:02:59 - [TEST_STEP][PASSED] - openBrowser(""): Browser is opened with url: ''

2019-03-25 16:02:59 - [MESSAGE][WARNING] - A browser is already opened. Closing browser and opening a new one

2019-03-25 16:02:59 - [MESSAGE][INFO] - Starting 'Chrome' driver

2019-03-25 16:02:59 - [MESSAGE][PASSED] - Browser is opened with url: ''

2019-03-25 16:02:59 - [TEST_STEP][PASSED] - maximizeWindow(): Current window maximized

2019-03-25 16:02:59 - [MESSAGE][PASSED] - Current window maximized

2019-03-25 16:02:59 - [TEST_STEP][PASSED] - navigateToUrl("https://kiboengage.cloudkibo.com/"): Navigate to 'https://kiboengage.cloudkibo.com/' successfully

2019-03-25 16:03:33 - [MESSAGE][PASSED] - Navigate to 'https://kiboengage.cloudkibo.com/' successfully

2019-03-25 16:03:33 - [TEST_STEP][PASSED] - navigateToUrl("https://accounts.cloudkibo.com/?continue=https://kiboengage.cloudkibo.com"): Navigate to 'https://accounts.cloudkibo.com/?continue=https://kiboengage.cloudkibo.com' successfully

2019-03-25 16:03:33 - [MESSAGE][PASSED] - Navigate to 'https://accounts.cloudkibo.com/?continue=https://kiboengage.cloudkibo.com' successfully

2019-03-25 16:03:33 - [TEST_STEP][PASSED] - click(findTestObject("Page_KiboPush/a_Login (9) (1)")): Object: 'Object Repository/Page_KiboPush/a_Login (9) (1)' is clicked on

2019-03-25 16:03:34 - [MESSAGE][PASSED] - Object: 'Object Repository/Page_KiboPush/a_Login (9) (1)' is clicked on

2019-03-25 16:03:34 - [TEST_STEP][PASSED] - setText(findTestObject("Page_KiboPush/input_email (10) (1)"), "individual@cloudkibo.com"): Text 'individual@cloudkibo.com' is set on object 'Object Repository/Page_KiboPush/input_email (10) (1)'

2019-03-25 16:03:34 - [MESSAGE][PASSED] - Text 'individual@cloudkibo.com' is set on object 'Object Repository/Page_KiboPush/input_email (10) (1)'

2019-03-25 16:03:34 - [TEST_STEP][PASSED] - setEncryptedText(findTestObject("Page_KiboPush/input_password (9) (1)"), "RigbBhfdqOBGNlJIWM1ClA=="): Text ****** has been set on object 'Object Repository/Page_KiboPush/input_password (9) (1)'

2019-03-25 16:03:34 - [MESSAGE][PASSED] - Text ****** has been set on object 'Object Repository/Page_KiboPush/input_password (9) (1)'

2019-03-25 16:03:34 - [TEST_STEP][PASSED] - click(findTestObject("Page_KiboPush/button_Sign In (10) (1)")): Object: 'Object Repository/Page_KiboPush/button_Sign In (10) (1)' is clicked on

2019-03-25 16:03:34 - [MESSAGE][PASSED] - Object: 'Object Repository/Page_KiboPush/button_Sign In (10) (1)' is clicked on

2019-03-25 16:03:34 - [TEST_STEP][PASSED] - navigateToUrl("https://kiboengage.cloudkibo.com/dashboard"): Navigate to 'https://kiboengage.cloudkibo.com/dashboard' successfully

2019-03-25 16:03:57 - [MESSAGE][PASSED] - Navigate to 'https://kiboengage.cloudkibo.com/dashboard' successfully

2019-03-25 16:03:57 - [TEST_STEP][PASSED] - click(findTestObject("Object Repository/Page_KiboPush  Dashboard/h3_Dashboard (57)")): Object: 'Object Repository/Page_KiboPush  Dashboard/h3_Dashboard (57)' is clicked on

2019-03-25 16:03:57 - [MESSAGE][PASSED] - Object: 'Object Repository/Page_KiboPush  Dashboard/h3_Dashboard (57)' is clicked on

2019-03-25 16:03:57 - [TEST_STEP][PASSED] - delay(3): Delayed 3 second(s)

2019-03-25 16:04:00 - [MESSAGE][PASSED] - Delayed 3 second(s)

2019-03-25 16:04:00 - [MESSAGE][PASSED] - Call Test Case 'Test Cases/s-sidebar_navigation/individualAccount/Login-KiboEngage' successfully

2019-03-25 16:04:00 - [TEST_STEP][PASSED] - click(findTestObject("Page_KiboPush  Dashboard/span_Broadcasting")): Object: 'Object Repository/Page_KiboPush  Dashboard/span_Broadcasting' is clicked on

2019-03-25 16:04:00 - [MESSAGE][PASSED] - Object: 'Object Repository/Page_KiboPush  Dashboard/span_Broadcasting' is clicked on

2019-03-25 16:04:00 - [TEST_STEP][PASSED] - delay(1): Delayed 1 second(s)

2019-03-25 16:04:01 - [MESSAGE][PASSED] - Delayed 1 second(s)

2019-03-25 16:04:01 - [TEST_STEP][PASSED] - click(findTestObject("Page_KiboPush  Dashboard/span_Segment Subscribers")): Object: 'Object Repository/Page_KiboPush  Dashboard/span_Segment Subscribers' is clicked on

2019-03-25 16:04:01 - [MESSAGE][PASSED] - Object: 'Object Repository/Page_KiboPush  Dashboard/span_Segment Subscribers' is clicked on

2019-03-25 16:04:01 - [TEST_STEP][PASSED] - click(findTestObject("Page_KiboPush  Dashboard/h3_Subscribers Segmentation Li")): Object: 'Object Repository/Page_KiboPush  Dashboard/h3_Subscribers Segmentation Li' is clicked on

2019-03-25 16:04:01 - [MESSAGE][PASSED] - Object: 'Object Repository/Page_KiboPush  Dashboard/h3_Subscribers Segmentation Li' is clicked on

2019-03-25 16:04:01 - [TEST_STEP][PASSED] - delay(1): Delayed 1 second(s)

2019-03-25 16:04:02 - [MESSAGE][PASSED] - Delayed 1 second(s)

2019-03-25 16:04:02 - [MESSAGE][PASSED] - Call Test Case 'Test Cases/s-sidebar_navigation/individualAccount/Segment subsciber' successfully

2019-03-25 16:04:02 - [TEST_STEP][PASSED] - delay(2): Delayed 2 second(s)

2019-03-25 16:04:04 - [MESSAGE][PASSED] - Delayed 2 second(s)

2019-03-25 16:04:04 - [TEST_STEP][PASSED] - click(findTestObject("Page_KiboPush  Dashboard/a_Create Segmented Subscribers")): Object: 'Object Repository/Page_KiboPush  Dashboard/a_Create Segmented Subscribers' is clicked on

2019-03-25 16:04:05 - [MESSAGE][PASSED] - Object: 'Object Repository/Page_KiboPush  Dashboard/a_Create Segmented Subscribers' is clicked on

2019-03-25 16:04:05 - [TEST_STEP][PASSED] - click(findTestObject("Page_KiboPush  Dashboard/h3_Create SubList of Subscribe")): Object: 'Object Repository/Page_KiboPush  Dashboard/h3_Create SubList of Subscribe' is clicked on

2019-03-25 16:04:05 - [MESSAGE][PASSED] - Object: 'Object Repository/Page_KiboPush  Dashboard/h3_Create SubList of Subscribe' is clicked on

2019-03-25 16:04:05 - [MESSAGE][PASSED] - Call Test Case 'Test Cases/Segment subscribers/TC0712' successfully

2019-03-25 16:04:05 - [TEST_STEP][PASSED] - delay(3): Delayed 3 second(s)

2019-03-25 16:04:08 - [MESSAGE][PASSED] - Delayed 3 second(s)

2019-03-25 16:04:08 - [TEST_STEP][PASSED] - click(findTestObject("Object Repository/Page_KiboPush  Dashboard/h3_Create SubList of Subscribe (6)")): Object: 'Object Repository/Page_KiboPush  Dashboard/h3_Create SubList of Subscribe (6)' is clicked on

2019-03-25 16:04:08 - [MESSAGE][PASSED] - Object: 'Object Repository/Page_KiboPush  Dashboard/h3_Create SubList of Subscribe (6)' is clicked on

2019-03-25 16:04:08 - [TEST_STEP][PASSED] - click(findTestObject("Object Repository/Page_KiboPush  Dashboard/button_ Add Condition")): Object: 'Object Repository/Page_KiboPush  Dashboard/button_ Add Condition' is clicked on

2019-03-25 16:04:08 - [MESSAGE][PASSED] - Object: 'Object Repository/Page_KiboPush  Dashboard/button_ Add Condition' is clicked on

2019-03-25 16:04:08 - [TEST_STEP][PASSED] - driver = getWebDriver(): null

2019-03-25 16:04:08 - [TEST_STEP][PASSED] - rows_table = driver.findElements(By.xpath("//table/tbody/tr")): null

2019-03-25 16:04:08 - [TEST_STEP][PASSED] - verifyEqual(rows_table.size(), 2): Actual object '2' and expected object '2' are equal

2019-03-25 16:04:08 - [MESSAGE][PASSED] - Actual object '2' and expected object '2' are equal]]></system-out>
         <system-err><![CDATA[]]></system-err>
      </testcase>
      <testcase name="Test Cases/Segment subscribers/TC0745" classname="Test Cases/Segment subscribers/TC0745" status="PASSED">
         <system-out><![CDATA[2019-03-25 16:04:08 - [TEST_CASE][PASSED] - Test Cases/Segment subscribers/TC0745: Test Cases/Segment subscribers/TC0745

2019-03-25 16:04:08 - [TEST_STEP][PASSED] - callTestCase(findTestCase("Segment subscribers/TC0712"), [:], STOP_ON_FAILURE): Call Test Case 'Test Cases/Segment subscribers/TC0712' successfully

2019-03-25 16:04:08 - [TEST_CASE][PASSED] - Test Cases/Segment subscribers/TC0712: Test Cases/Segment subscribers/TC0712

2019-03-25 16:04:08 - [TEST_STEP][PASSED] - callTestCase(findTestCase("s-sidebar_navigation/individualAccount/Segment subsciber"), [:], STOP_ON_FAILURE): Call Test Case 'Test Cases/s-sidebar_navigation/individualAccount/Segment subsciber' successfully

2019-03-25 16:04:08 - [TEST_CASE][PASSED] - Test Cases/s-sidebar_navigation/individualAccount/Segment subsciber: Test Cases/s-sidebar_navigation/individualAccount/Segment subsciber

2019-03-25 16:04:08 - [TEST_STEP][PASSED] - callTestCase(findTestCase("s-sidebar_navigation/individualAccount/Login-KiboEngage"), [:], STOP_ON_FAILURE): Call Test Case 'Test Cases/s-sidebar_navigation/individualAccount/Login-KiboEngage' successfully

2019-03-25 16:04:08 - [TEST_CASE][PASSED] - Test Cases/s-sidebar_navigation/individualAccount/Login-KiboEngage: Test Cases/s-sidebar_navigation/individualAccount/Login-KiboEngage

2019-03-25 16:04:08 - [TEST_STEP][PASSED] - openBrowser(""): Browser is opened with url: ''

2019-03-25 16:04:08 - [MESSAGE][WARNING] - A browser is already opened. Closing browser and opening a new one

2019-03-25 16:04:08 - [MESSAGE][INFO] - Starting 'Chrome' driver

2019-03-25 16:04:09 - [MESSAGE][PASSED] - Browser is opened with url: ''

2019-03-25 16:04:09 - [TEST_STEP][PASSED] - maximizeWindow(): Current window maximized

2019-03-25 16:04:09 - [MESSAGE][PASSED] - Current window maximized

2019-03-25 16:04:09 - [TEST_STEP][PASSED] - navigateToUrl("https://kiboengage.cloudkibo.com/"): Navigate to 'https://kiboengage.cloudkibo.com/' successfully

2019-03-25 16:04:26 - [MESSAGE][PASSED] - Navigate to 'https://kiboengage.cloudkibo.com/' successfully

2019-03-25 16:04:26 - [TEST_STEP][PASSED] - navigateToUrl("https://accounts.cloudkibo.com/?continue=https://kiboengage.cloudkibo.com"): Navigate to 'https://accounts.cloudkibo.com/?continue=https://kiboengage.cloudkibo.com' successfully

2019-03-25 16:04:26 - [MESSAGE][PASSED] - Navigate to 'https://accounts.cloudkibo.com/?continue=https://kiboengage.cloudkibo.com' successfully

2019-03-25 16:04:26 - [TEST_STEP][PASSED] - click(findTestObject("Page_KiboPush/a_Login (9) (1)")): Object: 'Object Repository/Page_KiboPush/a_Login (9) (1)' is clicked on

2019-03-25 16:04:27 - [MESSAGE][PASSED] - Object: 'Object Repository/Page_KiboPush/a_Login (9) (1)' is clicked on

2019-03-25 16:04:27 - [TEST_STEP][PASSED] - setText(findTestObject("Page_KiboPush/input_email (10) (1)"), "individual@cloudkibo.com"): Text 'individual@cloudkibo.com' is set on object 'Object Repository/Page_KiboPush/input_email (10) (1)'

2019-03-25 16:04:27 - [MESSAGE][PASSED] - Text 'individual@cloudkibo.com' is set on object 'Object Repository/Page_KiboPush/input_email (10) (1)'

2019-03-25 16:04:27 - [TEST_STEP][PASSED] - setEncryptedText(findTestObject("Page_KiboPush/input_password (9) (1)"), "RigbBhfdqOBGNlJIWM1ClA=="): Text ****** has been set on object 'Object Repository/Page_KiboPush/input_password (9) (1)'

2019-03-25 16:04:27 - [MESSAGE][PASSED] - Text ****** has been set on object 'Object Repository/Page_KiboPush/input_password (9) (1)'

2019-03-25 16:04:27 - [TEST_STEP][PASSED] - click(findTestObject("Page_KiboPush/button_Sign In (10) (1)")): Object: 'Object Repository/Page_KiboPush/button_Sign In (10) (1)' is clicked on

2019-03-25 16:04:27 - [MESSAGE][PASSED] - Object: 'Object Repository/Page_KiboPush/button_Sign In (10) (1)' is clicked on

2019-03-25 16:04:27 - [TEST_STEP][PASSED] - navigateToUrl("https://kiboengage.cloudkibo.com/dashboard"): Navigate to 'https://kiboengage.cloudkibo.com/dashboard' successfully

2019-03-25 16:04:58 - [MESSAGE][PASSED] - Navigate to 'https://kiboengage.cloudkibo.com/dashboard' successfully

2019-03-25 16:04:58 - [TEST_STEP][PASSED] - click(findTestObject("Object Repository/Page_KiboPush  Dashboard/h3_Dashboard (57)")): Object: 'Object Repository/Page_KiboPush  Dashboard/h3_Dashboard (57)' is clicked on

2019-03-25 16:04:58 - [MESSAGE][PASSED] - Object: 'Object Repository/Page_KiboPush  Dashboard/h3_Dashboard (57)' is clicked on

2019-03-25 16:04:58 - [TEST_STEP][PASSED] - delay(3): Delayed 3 second(s)

2019-03-25 16:05:01 - [MESSAGE][PASSED] - Delayed 3 second(s)

2019-03-25 16:05:01 - [MESSAGE][PASSED] - Call Test Case 'Test Cases/s-sidebar_navigation/individualAccount/Login-KiboEngage' successfully

2019-03-25 16:05:01 - [TEST_STEP][PASSED] - click(findTestObject("Page_KiboPush  Dashboard/span_Broadcasting")): Object: 'Object Repository/Page_KiboPush  Dashboard/span_Broadcasting' is clicked on

2019-03-25 16:05:01 - [MESSAGE][PASSED] - Object: 'Object Repository/Page_KiboPush  Dashboard/span_Broadcasting' is clicked on

2019-03-25 16:05:01 - [TEST_STEP][PASSED] - delay(1): Delayed 1 second(s)

2019-03-25 16:05:02 - [MESSAGE][PASSED] - Delayed 1 second(s)

2019-03-25 16:05:02 - [TEST_STEP][PASSED] - click(findTestObject("Page_KiboPush  Dashboard/span_Segment Subscribers")): Object: 'Object Repository/Page_KiboPush  Dashboard/span_Segment Subscribers' is clicked on

2019-03-25 16:05:02 - [MESSAGE][PASSED] - Object: 'Object Repository/Page_KiboPush  Dashboard/span_Segment Subscribers' is clicked on

2019-03-25 16:05:02 - [TEST_STEP][PASSED] - click(findTestObject("Page_KiboPush  Dashboard/h3_Subscribers Segmentation Li")): Object: 'Object Repository/Page_KiboPush  Dashboard/h3_Subscribers Segmentation Li' is clicked on

2019-03-25 16:05:03 - [MESSAGE][PASSED] - Object: 'Object Repository/Page_KiboPush  Dashboard/h3_Subscribers Segmentation Li' is clicked on

2019-03-25 16:05:03 - [TEST_STEP][PASSED] - delay(1): Delayed 1 second(s)

2019-03-25 16:05:04 - [MESSAGE][PASSED] - Delayed 1 second(s)

2019-03-25 16:05:04 - [MESSAGE][PASSED] - Call Test Case 'Test Cases/s-sidebar_navigation/individualAccount/Segment subsciber' successfully

2019-03-25 16:05:04 - [TEST_STEP][PASSED] - delay(2): Delayed 2 second(s)

2019-03-25 16:05:06 - [MESSAGE][PASSED] - Delayed 2 second(s)

2019-03-25 16:05:06 - [TEST_STEP][PASSED] - click(findTestObject("Page_KiboPush  Dashboard/a_Create Segmented Subscribers")): Object: 'Object Repository/Page_KiboPush  Dashboard/a_Create Segmented Subscribers' is clicked on

2019-03-25 16:05:06 - [MESSAGE][PASSED] - Object: 'Object Repository/Page_KiboPush  Dashboard/a_Create Segmented Subscribers' is clicked on

2019-03-25 16:05:06 - [TEST_STEP][PASSED] - click(findTestObject("Page_KiboPush  Dashboard/h3_Create SubList of Subscribe")): Object: 'Object Repository/Page_KiboPush  Dashboard/h3_Create SubList of Subscribe' is clicked on

2019-03-25 16:05:06 - [MESSAGE][PASSED] - Object: 'Object Repository/Page_KiboPush  Dashboard/h3_Create SubList of Subscribe' is clicked on

2019-03-25 16:05:06 - [MESSAGE][PASSED] - Call Test Case 'Test Cases/Segment subscribers/TC0712' successfully

2019-03-25 16:05:06 - [TEST_STEP][PASSED] - delay(3): Delayed 3 second(s)

2019-03-25 16:05:09 - [MESSAGE][PASSED] - Delayed 3 second(s)

2019-03-25 16:05:09 - [TEST_STEP][PASSED] - click(findTestObject("Page_KiboPush  Dashboard/button_ Add Condition")): Object: 'Object Repository/Page_KiboPush  Dashboard/button_ Add Condition' is clicked on

2019-03-25 16:05:09 - [MESSAGE][PASSED] - Object: 'Object Repository/Page_KiboPush  Dashboard/button_ Add Condition' is clicked on

2019-03-25 16:05:09 - [TEST_STEP][PASSED] - driver = getWebDriver(): null

2019-03-25 16:05:09 - [TEST_STEP][PASSED] - rows_table1 = driver.findElements(By.xpath("//table/tbody/tr")): null

2019-03-25 16:05:09 - [TEST_STEP][PASSED] - verifyGreaterThanOrEqual(rows_table1.size(), 2): Actual number '2' is greater than or equal to expected number '2'

2019-03-25 16:05:09 - [MESSAGE][PASSED] - Actual number '2' is greater than or equal to expected number '2'

2019-03-25 16:05:09 - [TEST_STEP][PASSED] - click(findTestObject("Page_KiboPush  Dashboard/button_Remove")): Object: 'Object Repository/Page_KiboPush  Dashboard/button_Remove' is clicked on

2019-03-25 16:05:09 - [MESSAGE][PASSED] - Object: 'Object Repository/Page_KiboPush  Dashboard/button_Remove' is clicked on

2019-03-25 16:05:09 - [TEST_STEP][PASSED] - delay(3): Delayed 3 second(s)

2019-03-25 16:05:12 - [MESSAGE][PASSED] - Delayed 3 second(s)

2019-03-25 16:05:12 - [TEST_STEP][PASSED] - rows_table2 = driver.findElements(By.xpath("//table/tbody/tr")): null

2019-03-25 16:05:12 - [TEST_STEP][PASSED] - verifyEqual(rows_table1.size() - 1, rows_table2.size()): Actual object '1' and expected object '1' are equal

2019-03-25 16:05:12 - [MESSAGE][PASSED] - Actual object '1' and expected object '1' are equal]]></system-out>
         <system-err><![CDATA[]]></system-err>
      </testcase>
      <testcase name="Test Cases/Segment subscribers/TC0746" classname="Test Cases/Segment subscribers/TC0746" status="PASSED">
         <system-out><![CDATA[2019-03-25 16:05:12 - [TEST_CASE][PASSED] - Test Cases/Segment subscribers/TC0746: Test Cases/Segment subscribers/TC0746

2019-03-25 16:05:12 - [TEST_STEP][PASSED] - callTestCase(findTestCase("Segment subscribers/TC0712"), [:], STOP_ON_FAILURE): Call Test Case 'Test Cases/Segment subscribers/TC0712' successfully

2019-03-25 16:05:12 - [TEST_CASE][PASSED] - Test Cases/Segment subscribers/TC0712: Test Cases/Segment subscribers/TC0712

2019-03-25 16:05:12 - [TEST_STEP][PASSED] - callTestCase(findTestCase("s-sidebar_navigation/individualAccount/Segment subsciber"), [:], STOP_ON_FAILURE): Call Test Case 'Test Cases/s-sidebar_navigation/individualAccount/Segment subsciber' successfully

2019-03-25 16:05:12 - [TEST_CASE][PASSED] - Test Cases/s-sidebar_navigation/individualAccount/Segment subsciber: Test Cases/s-sidebar_navigation/individualAccount/Segment subsciber

2019-03-25 16:05:12 - [TEST_STEP][PASSED] - callTestCase(findTestCase("s-sidebar_navigation/individualAccount/Login-KiboEngage"), [:], STOP_ON_FAILURE): Call Test Case 'Test Cases/s-sidebar_navigation/individualAccount/Login-KiboEngage' successfully

2019-03-25 16:05:12 - [TEST_CASE][PASSED] - Test Cases/s-sidebar_navigation/individualAccount/Login-KiboEngage: Test Cases/s-sidebar_navigation/individualAccount/Login-KiboEngage

2019-03-25 16:05:12 - [TEST_STEP][PASSED] - openBrowser(""): Browser is opened with url: ''

2019-03-25 16:05:12 - [MESSAGE][WARNING] - A browser is already opened. Closing browser and opening a new one

2019-03-25 16:05:12 - [MESSAGE][INFO] - Starting 'Chrome' driver

2019-03-25 16:05:13 - [MESSAGE][PASSED] - Browser is opened with url: ''

2019-03-25 16:05:13 - [TEST_STEP][PASSED] - maximizeWindow(): Current window maximized

2019-03-25 16:05:13 - [MESSAGE][PASSED] - Current window maximized

2019-03-25 16:05:13 - [TEST_STEP][PASSED] - navigateToUrl("https://kiboengage.cloudkibo.com/"): Navigate to 'https://kiboengage.cloudkibo.com/' successfully

2019-03-25 16:05:28 - [MESSAGE][PASSED] - Navigate to 'https://kiboengage.cloudkibo.com/' successfully

2019-03-25 16:05:28 - [TEST_STEP][PASSED] - navigateToUrl("https://accounts.cloudkibo.com/?continue=https://kiboengage.cloudkibo.com"): Navigate to 'https://accounts.cloudkibo.com/?continue=https://kiboengage.cloudkibo.com' successfully

2019-03-25 16:05:28 - [MESSAGE][PASSED] - Navigate to 'https://accounts.cloudkibo.com/?continue=https://kiboengage.cloudkibo.com' successfully

2019-03-25 16:05:28 - [TEST_STEP][PASSED] - click(findTestObject("Page_KiboPush/a_Login (9) (1)")): Object: 'Object Repository/Page_KiboPush/a_Login (9) (1)' is clicked on

2019-03-25 16:05:29 - [MESSAGE][PASSED] - Object: 'Object Repository/Page_KiboPush/a_Login (9) (1)' is clicked on

2019-03-25 16:05:29 - [TEST_STEP][PASSED] - setText(findTestObject("Page_KiboPush/input_email (10) (1)"), "individual@cloudkibo.com"): Text 'individual@cloudkibo.com' is set on object 'Object Repository/Page_KiboPush/input_email (10) (1)'

2019-03-25 16:05:29 - [MESSAGE][PASSED] - Text 'individual@cloudkibo.com' is set on object 'Object Repository/Page_KiboPush/input_email (10) (1)'

2019-03-25 16:05:29 - [TEST_STEP][PASSED] - setEncryptedText(findTestObject("Page_KiboPush/input_password (9) (1)"), "RigbBhfdqOBGNlJIWM1ClA=="): Text ****** has been set on object 'Object Repository/Page_KiboPush/input_password (9) (1)'

2019-03-25 16:05:29 - [MESSAGE][PASSED] - Text ****** has been set on object 'Object Repository/Page_KiboPush/input_password (9) (1)'

2019-03-25 16:05:29 - [TEST_STEP][PASSED] - click(findTestObject("Page_KiboPush/button_Sign In (10) (1)")): Object: 'Object Repository/Page_KiboPush/button_Sign In (10) (1)' is clicked on

2019-03-25 16:05:29 - [MESSAGE][PASSED] - Object: 'Object Repository/Page_KiboPush/button_Sign In (10) (1)' is clicked on

2019-03-25 16:05:29 - [TEST_STEP][PASSED] - navigateToUrl("https://kiboengage.cloudkibo.com/dashboard"): Navigate to 'https://kiboengage.cloudkibo.com/dashboard' successfully

2019-03-25 16:06:06 - [MESSAGE][PASSED] - Navigate to 'https://kiboengage.cloudkibo.com/dashboard' successfully

2019-03-25 16:06:06 - [TEST_STEP][PASSED] - click(findTestObject("Object Repository/Page_KiboPush  Dashboard/h3_Dashboard (57)")): Object: 'Object Repository/Page_KiboPush  Dashboard/h3_Dashboard (57)' is clicked on

2019-03-25 16:06:07 - [MESSAGE][PASSED] - Object: 'Object Repository/Page_KiboPush  Dashboard/h3_Dashboard (57)' is clicked on

2019-03-25 16:06:07 - [TEST_STEP][PASSED] - delay(3): Delayed 3 second(s)

2019-03-25 16:06:10 - [MESSAGE][PASSED] - Delayed 3 second(s)

2019-03-25 16:06:10 - [MESSAGE][PASSED] - Call Test Case 'Test Cases/s-sidebar_navigation/individualAccount/Login-KiboEngage' successfully

2019-03-25 16:06:10 - [TEST_STEP][PASSED] - click(findTestObject("Page_KiboPush  Dashboard/span_Broadcasting")): Object: 'Object Repository/Page_KiboPush  Dashboard/span_Broadcasting' is clicked on

2019-03-25 16:06:10 - [MESSAGE][PASSED] - Object: 'Object Repository/Page_KiboPush  Dashboard/span_Broadcasting' is clicked on

2019-03-25 16:06:10 - [TEST_STEP][PASSED] - delay(1): Delayed 1 second(s)

2019-03-25 16:06:11 - [MESSAGE][PASSED] - Delayed 1 second(s)

2019-03-25 16:06:11 - [TEST_STEP][PASSED] - click(findTestObject("Page_KiboPush  Dashboard/span_Segment Subscribers")): Object: 'Object Repository/Page_KiboPush  Dashboard/span_Segment Subscribers' is clicked on

2019-03-25 16:06:11 - [MESSAGE][PASSED] - Object: 'Object Repository/Page_KiboPush  Dashboard/span_Segment Subscribers' is clicked on

2019-03-25 16:06:11 - [TEST_STEP][PASSED] - click(findTestObject("Page_KiboPush  Dashboard/h3_Subscribers Segmentation Li")): Object: 'Object Repository/Page_KiboPush  Dashboard/h3_Subscribers Segmentation Li' is clicked on

2019-03-25 16:06:11 - [MESSAGE][PASSED] - Object: 'Object Repository/Page_KiboPush  Dashboard/h3_Subscribers Segmentation Li' is clicked on

2019-03-25 16:06:11 - [TEST_STEP][PASSED] - delay(1): Delayed 1 second(s)

2019-03-25 16:06:12 - [MESSAGE][PASSED] - Delayed 1 second(s)

2019-03-25 16:06:12 - [MESSAGE][PASSED] - Call Test Case 'Test Cases/s-sidebar_navigation/individualAccount/Segment subsciber' successfully

2019-03-25 16:06:12 - [TEST_STEP][PASSED] - delay(2): Delayed 2 second(s)

2019-03-25 16:06:14 - [MESSAGE][PASSED] - Delayed 2 second(s)

2019-03-25 16:06:14 - [TEST_STEP][PASSED] - click(findTestObject("Page_KiboPush  Dashboard/a_Create Segmented Subscribers")): Object: 'Object Repository/Page_KiboPush  Dashboard/a_Create Segmented Subscribers' is clicked on

2019-03-25 16:06:14 - [MESSAGE][PASSED] - Object: 'Object Repository/Page_KiboPush  Dashboard/a_Create Segmented Subscribers' is clicked on

2019-03-25 16:06:14 - [TEST_STEP][PASSED] - click(findTestObject("Page_KiboPush  Dashboard/h3_Create SubList of Subscribe")): Object: 'Object Repository/Page_KiboPush  Dashboard/h3_Create SubList of Subscribe' is clicked on

2019-03-25 16:06:14 - [MESSAGE][PASSED] - Object: 'Object Repository/Page_KiboPush  Dashboard/h3_Create SubList of Subscribe' is clicked on

2019-03-25 16:06:14 - [MESSAGE][PASSED] - Call Test Case 'Test Cases/Segment subscribers/TC0712' successfully

2019-03-25 16:06:14 - [TEST_STEP][PASSED] - delay(3): Delayed 3 second(s)

2019-03-25 16:06:17 - [MESSAGE][PASSED] - Delayed 3 second(s)

2019-03-25 16:06:17 - [TEST_STEP][PASSED] - click(findTestObject("Page_KiboPush  Dashboard/input_segmentationType (13)")): Object: 'Object Repository/Page_KiboPush  Dashboard/input_segmentationType (13)' is clicked on

2019-03-25 16:06:17 - [MESSAGE][PASSED] - Object: 'Object Repository/Page_KiboPush  Dashboard/input_segmentationType (13)' is clicked on

2019-03-25 16:06:17 - [TEST_STEP][PASSED] - setText(findTestObject("Page_KiboPush  Dashboard/input_listName (13)"), "37"): Text '37' is set on object 'Object Repository/Page_KiboPush  Dashboard/input_listName (13)'

2019-03-25 16:06:17 - [MESSAGE][PASSED] - Text '37' is set on object 'Object Repository/Page_KiboPush  Dashboard/input_listName (13)'

2019-03-25 16:06:17 - [TEST_STEP][PASSED] - selectOptionByValue(findTestObject("Page_KiboPush  Dashboard/select_Select ConditionFirst N (15)"), "gender", true): All options with value 'gender' are selected in object 'Object Repository/Page_KiboPush  Dashboard/select_Select ConditionFirst N (15)'  using regular expression

2019-03-25 16:06:18 - [MESSAGE][PASSED] - All options with value 'gender' are selected in object 'Object Repository/Page_KiboPush  Dashboard/select_Select ConditionFirst N (15)'  using regular expression

2019-03-25 16:06:18 - [TEST_STEP][PASSED] - selectOptionByValue(findTestObject("Page_KiboPush  Dashboard/select_Select Criteriais (5)"), "is", true): All options with value 'is' are selected in object 'Object Repository/Page_KiboPush  Dashboard/select_Select Criteriais (5)'  using regular expression

2019-03-25 16:06:18 - [MESSAGE][PASSED] - All options with value 'is' are selected in object 'Object Repository/Page_KiboPush  Dashboard/select_Select Criteriais (5)'  using regular expression

2019-03-25 16:06:18 - [TEST_STEP][PASSED] - selectOptionByValue(findTestObject("Page_KiboPush  Dashboard/select_Select a Gendermalefema (1)"), "male", true): All options with value 'male' are selected in object 'Object Repository/Page_KiboPush  Dashboard/select_Select a Gendermalefema (1)'  using regular expression

2019-03-25 16:06:18 - [MESSAGE][PASSED] - All options with value 'male' are selected in object 'Object Repository/Page_KiboPush  Dashboard/select_Select a Gendermalefema (1)'  using regular expression

2019-03-25 16:06:18 - [TEST_STEP][PASSED] - click(findTestObject("Page_KiboPush  Dashboard/button_Save (16)")): Object: 'Object Repository/Page_KiboPush  Dashboard/button_Save (16)' is clicked on

2019-03-25 16:06:18 - [MESSAGE][PASSED] - Object: 'Object Repository/Page_KiboPush  Dashboard/button_Save (16)' is clicked on

2019-03-25 16:06:18 - [TEST_STEP][PASSED] - click(findTestObject("Page_KiboPush  Dashboard/div_List created successfully (8)")): Object: 'Object Repository/Page_KiboPush  Dashboard/div_List created successfully (8)' is clicked on

2019-03-25 16:06:19 - [MESSAGE][PASSED] - Object: 'Object Repository/Page_KiboPush  Dashboard/div_List created successfully (8)' is clicked on]]></system-out>
         <system-err><![CDATA[]]></system-err>
      </testcase>
      <testcase name="Test Cases/Segment subscribers/TC0747" classname="Test Cases/Segment subscribers/TC0747" status="PASSED">
         <system-out><![CDATA[2019-03-25 16:06:19 - [TEST_CASE][PASSED] - Test Cases/Segment subscribers/TC0747: Test Cases/Segment subscribers/TC0747

2019-03-25 16:06:19 - [TEST_STEP][PASSED] - callTestCase(findTestCase("Segment subscribers/TC0746"), [:], STOP_ON_FAILURE): Call Test Case 'Test Cases/Segment subscribers/TC0746' successfully

2019-03-25 16:06:19 - [TEST_CASE][PASSED] - Test Cases/Segment subscribers/TC0746: Test Cases/Segment subscribers/TC0746

2019-03-25 16:06:19 - [TEST_STEP][PASSED] - callTestCase(findTestCase("Segment subscribers/TC0712"), [:], STOP_ON_FAILURE): Call Test Case 'Test Cases/Segment subscribers/TC0712' successfully

2019-03-25 16:06:19 - [TEST_CASE][PASSED] - Test Cases/Segment subscribers/TC0712: Test Cases/Segment subscribers/TC0712

2019-03-25 16:06:19 - [TEST_STEP][PASSED] - callTestCase(findTestCase("s-sidebar_navigation/individualAccount/Segment subsciber"), [:], STOP_ON_FAILURE): Call Test Case 'Test Cases/s-sidebar_navigation/individualAccount/Segment subsciber' successfully

2019-03-25 16:06:19 - [TEST_CASE][PASSED] - Test Cases/s-sidebar_navigation/individualAccount/Segment subsciber: Test Cases/s-sidebar_navigation/individualAccount/Segment subsciber

2019-03-25 16:06:19 - [TEST_STEP][PASSED] - callTestCase(findTestCase("s-sidebar_navigation/individualAccount/Login-KiboEngage"), [:], STOP_ON_FAILURE): Call Test Case 'Test Cases/s-sidebar_navigation/individualAccount/Login-KiboEngage' successfully

2019-03-25 16:06:19 - [TEST_CASE][PASSED] - Test Cases/s-sidebar_navigation/individualAccount/Login-KiboEngage: Test Cases/s-sidebar_navigation/individualAccount/Login-KiboEngage

2019-03-25 16:06:19 - [TEST_STEP][PASSED] - openBrowser(""): Browser is opened with url: ''

2019-03-25 16:06:19 - [MESSAGE][WARNING] - A browser is already opened. Closing browser and opening a new one

2019-03-25 16:06:19 - [MESSAGE][INFO] - Starting 'Chrome' driver

2019-03-25 16:06:20 - [MESSAGE][PASSED] - Browser is opened with url: ''

2019-03-25 16:06:20 - [TEST_STEP][PASSED] - maximizeWindow(): Current window maximized

2019-03-25 16:06:20 - [MESSAGE][PASSED] - Current window maximized

2019-03-25 16:06:20 - [TEST_STEP][PASSED] - navigateToUrl("https://kiboengage.cloudkibo.com/"): Navigate to 'https://kiboengage.cloudkibo.com/' successfully

2019-03-25 16:06:30 - [MESSAGE][PASSED] - Navigate to 'https://kiboengage.cloudkibo.com/' successfully

2019-03-25 16:06:30 - [TEST_STEP][PASSED] - navigateToUrl("https://accounts.cloudkibo.com/?continue=https://kiboengage.cloudkibo.com"): Navigate to 'https://accounts.cloudkibo.com/?continue=https://kiboengage.cloudkibo.com' successfully

2019-03-25 16:06:30 - [MESSAGE][PASSED] - Navigate to 'https://accounts.cloudkibo.com/?continue=https://kiboengage.cloudkibo.com' successfully

2019-03-25 16:06:30 - [TEST_STEP][PASSED] - click(findTestObject("Page_KiboPush/a_Login (9) (1)")): Object: 'Object Repository/Page_KiboPush/a_Login (9) (1)' is clicked on

2019-03-25 16:06:31 - [MESSAGE][PASSED] - Object: 'Object Repository/Page_KiboPush/a_Login (9) (1)' is clicked on

2019-03-25 16:06:31 - [TEST_STEP][PASSED] - setText(findTestObject("Page_KiboPush/input_email (10) (1)"), "individual@cloudkibo.com"): Text 'individual@cloudkibo.com' is set on object 'Object Repository/Page_KiboPush/input_email (10) (1)'

2019-03-25 16:06:31 - [MESSAGE][PASSED] - Text 'individual@cloudkibo.com' is set on object 'Object Repository/Page_KiboPush/input_email (10) (1)'

2019-03-25 16:06:31 - [TEST_STEP][PASSED] - setEncryptedText(findTestObject("Page_KiboPush/input_password (9) (1)"), "RigbBhfdqOBGNlJIWM1ClA=="): Text ****** has been set on object 'Object Repository/Page_KiboPush/input_password (9) (1)'

2019-03-25 16:06:31 - [MESSAGE][PASSED] - Text ****** has been set on object 'Object Repository/Page_KiboPush/input_password (9) (1)'

2019-03-25 16:06:31 - [TEST_STEP][PASSED] - click(findTestObject("Page_KiboPush/button_Sign In (10) (1)")): Object: 'Object Repository/Page_KiboPush/button_Sign In (10) (1)' is clicked on

2019-03-25 16:06:31 - [MESSAGE][PASSED] - Object: 'Object Repository/Page_KiboPush/button_Sign In (10) (1)' is clicked on

2019-03-25 16:06:31 - [TEST_STEP][PASSED] - navigateToUrl("https://kiboengage.cloudkibo.com/dashboard"): Navigate to 'https://kiboengage.cloudkibo.com/dashboard' successfully

2019-03-25 16:07:08 - [MESSAGE][PASSED] - Navigate to 'https://kiboengage.cloudkibo.com/dashboard' successfully

2019-03-25 16:07:08 - [TEST_STEP][PASSED] - click(findTestObject("Object Repository/Page_KiboPush  Dashboard/h3_Dashboard (57)")): Object: 'Object Repository/Page_KiboPush  Dashboard/h3_Dashboard (57)' is clicked on

2019-03-25 16:07:08 - [MESSAGE][PASSED] - Object: 'Object Repository/Page_KiboPush  Dashboard/h3_Dashboard (57)' is clicked on

2019-03-25 16:07:08 - [TEST_STEP][PASSED] - delay(3): Delayed 3 second(s)

2019-03-25 16:07:11 - [MESSAGE][PASSED] - Delayed 3 second(s)

2019-03-25 16:07:11 - [MESSAGE][PASSED] - Call Test Case 'Test Cases/s-sidebar_navigation/individualAccount/Login-KiboEngage' successfully

2019-03-25 16:07:11 - [TEST_STEP][PASSED] - click(findTestObject("Page_KiboPush  Dashboard/span_Broadcasting")): Object: 'Object Repository/Page_KiboPush  Dashboard/span_Broadcasting' is clicked on

2019-03-25 16:07:12 - [MESSAGE][PASSED] - Object: 'Object Repository/Page_KiboPush  Dashboard/span_Broadcasting' is clicked on

2019-03-25 16:07:12 - [TEST_STEP][PASSED] - delay(1): Delayed 1 second(s)

2019-03-25 16:07:13 - [MESSAGE][PASSED] - Delayed 1 second(s)

2019-03-25 16:07:13 - [TEST_STEP][PASSED] - click(findTestObject("Page_KiboPush  Dashboard/span_Segment Subscribers")): Object: 'Object Repository/Page_KiboPush  Dashboard/span_Segment Subscribers' is clicked on

2019-03-25 16:07:13 - [MESSAGE][PASSED] - Object: 'Object Repository/Page_KiboPush  Dashboard/span_Segment Subscribers' is clicked on

2019-03-25 16:07:13 - [TEST_STEP][PASSED] - click(findTestObject("Page_KiboPush  Dashboard/h3_Subscribers Segmentation Li")): Object: 'Object Repository/Page_KiboPush  Dashboard/h3_Subscribers Segmentation Li' is clicked on

2019-03-25 16:07:13 - [MESSAGE][PASSED] - Object: 'Object Repository/Page_KiboPush  Dashboard/h3_Subscribers Segmentation Li' is clicked on

2019-03-25 16:07:13 - [TEST_STEP][PASSED] - delay(1): Delayed 1 second(s)

2019-03-25 16:07:14 - [MESSAGE][PASSED] - Delayed 1 second(s)

2019-03-25 16:07:14 - [MESSAGE][PASSED] - Call Test Case 'Test Cases/s-sidebar_navigation/individualAccount/Segment subsciber' successfully

2019-03-25 16:07:14 - [TEST_STEP][PASSED] - delay(2): Delayed 2 second(s)

2019-03-25 16:07:16 - [MESSAGE][PASSED] - Delayed 2 second(s)

2019-03-25 16:07:16 - [TEST_STEP][PASSED] - click(findTestObject("Page_KiboPush  Dashboard/a_Create Segmented Subscribers")): Object: 'Object Repository/Page_KiboPush  Dashboard/a_Create Segmented Subscribers' is clicked on

2019-03-25 16:07:16 - [MESSAGE][PASSED] - Object: 'Object Repository/Page_KiboPush  Dashboard/a_Create Segmented Subscribers' is clicked on

2019-03-25 16:07:16 - [TEST_STEP][PASSED] - click(findTestObject("Page_KiboPush  Dashboard/h3_Create SubList of Subscribe")): Object: 'Object Repository/Page_KiboPush  Dashboard/h3_Create SubList of Subscribe' is clicked on

2019-03-25 16:07:16 - [MESSAGE][PASSED] - Object: 'Object Repository/Page_KiboPush  Dashboard/h3_Create SubList of Subscribe' is clicked on

2019-03-25 16:07:16 - [MESSAGE][PASSED] - Call Test Case 'Test Cases/Segment subscribers/TC0712' successfully

2019-03-25 16:07:16 - [TEST_STEP][PASSED] - delay(3): Delayed 3 second(s)

2019-03-25 16:07:19 - [MESSAGE][PASSED] - Delayed 3 second(s)

2019-03-25 16:07:19 - [TEST_STEP][PASSED] - click(findTestObject("Page_KiboPush  Dashboard/input_segmentationType (13)")): Object: 'Object Repository/Page_KiboPush  Dashboard/input_segmentationType (13)' is clicked on

2019-03-25 16:07:19 - [MESSAGE][PASSED] - Object: 'Object Repository/Page_KiboPush  Dashboard/input_segmentationType (13)' is clicked on

2019-03-25 16:07:19 - [TEST_STEP][PASSED] - setText(findTestObject("Page_KiboPush  Dashboard/input_listName (13)"), "37"): Text '37' is set on object 'Object Repository/Page_KiboPush  Dashboard/input_listName (13)'

2019-03-25 16:07:19 - [MESSAGE][PASSED] - Text '37' is set on object 'Object Repository/Page_KiboPush  Dashboard/input_listName (13)'

2019-03-25 16:07:19 - [TEST_STEP][PASSED] - selectOptionByValue(findTestObject("Page_KiboPush  Dashboard/select_Select ConditionFirst N (15)"), "gender", true): All options with value 'gender' are selected in object 'Object Repository/Page_KiboPush  Dashboard/select_Select ConditionFirst N (15)'  using regular expression

2019-03-25 16:07:19 - [MESSAGE][PASSED] - All options with value 'gender' are selected in object 'Object Repository/Page_KiboPush  Dashboard/select_Select ConditionFirst N (15)'  using regular expression

2019-03-25 16:07:19 - [TEST_STEP][PASSED] - selectOptionByValue(findTestObject("Page_KiboPush  Dashboard/select_Select Criteriais (5)"), "is", true): All options with value 'is' are selected in object 'Object Repository/Page_KiboPush  Dashboard/select_Select Criteriais (5)'  using regular expression

2019-03-25 16:07:20 - [MESSAGE][PASSED] - All options with value 'is' are selected in object 'Object Repository/Page_KiboPush  Dashboard/select_Select Criteriais (5)'  using regular expression

2019-03-25 16:07:20 - [TEST_STEP][PASSED] - selectOptionByValue(findTestObject("Page_KiboPush  Dashboard/select_Select a Gendermalefema (1)"), "male", true): All options with value 'male' are selected in object 'Object Repository/Page_KiboPush  Dashboard/select_Select a Gendermalefema (1)'  using regular expression

2019-03-25 16:07:20 - [MESSAGE][PASSED] - All options with value 'male' are selected in object 'Object Repository/Page_KiboPush  Dashboard/select_Select a Gendermalefema (1)'  using regular expression

2019-03-25 16:07:20 - [TEST_STEP][PASSED] - click(findTestObject("Page_KiboPush  Dashboard/button_Save (16)")): Object: 'Object Repository/Page_KiboPush  Dashboard/button_Save (16)' is clicked on

2019-03-25 16:07:20 - [MESSAGE][PASSED] - Object: 'Object Repository/Page_KiboPush  Dashboard/button_Save (16)' is clicked on

2019-03-25 16:07:20 - [TEST_STEP][PASSED] - click(findTestObject("Page_KiboPush  Dashboard/div_List created successfully (8)")): Object: 'Object Repository/Page_KiboPush  Dashboard/div_List created successfully (8)' is clicked on

2019-03-25 16:07:20 - [MESSAGE][PASSED] - Object: 'Object Repository/Page_KiboPush  Dashboard/div_List created successfully (8)' is clicked on

2019-03-25 16:07:20 - [MESSAGE][PASSED] - Call Test Case 'Test Cases/Segment subscribers/TC0746' successfully]]></system-out>
         <system-err><![CDATA[]]></system-err>
      </testcase>
      <testcase name="Test Cases/Segment subscribers/TC0748" classname="Test Cases/Segment subscribers/TC0748" status="PASSED">
         <system-out><![CDATA[2019-03-25 16:07:21 - [TEST_CASE][PASSED] - Test Cases/Segment subscribers/TC0748: Test Cases/Segment subscribers/TC0748

2019-03-25 16:07:21 - [TEST_STEP][PASSED] - callTestCase(findTestCase("Segment subscribers/TC0712"), [:], STOP_ON_FAILURE): Call Test Case 'Test Cases/Segment subscribers/TC0712' successfully

2019-03-25 16:07:21 - [TEST_CASE][PASSED] - Test Cases/Segment subscribers/TC0712: Test Cases/Segment subscribers/TC0712

2019-03-25 16:07:21 - [TEST_STEP][PASSED] - callTestCase(findTestCase("s-sidebar_navigation/individualAccount/Segment subsciber"), [:], STOP_ON_FAILURE): Call Test Case 'Test Cases/s-sidebar_navigation/individualAccount/Segment subsciber' successfully

2019-03-25 16:07:21 - [TEST_CASE][PASSED] - Test Cases/s-sidebar_navigation/individualAccount/Segment subsciber: Test Cases/s-sidebar_navigation/individualAccount/Segment subsciber

2019-03-25 16:07:21 - [TEST_STEP][PASSED] - callTestCase(findTestCase("s-sidebar_navigation/individualAccount/Login-KiboEngage"), [:], STOP_ON_FAILURE): Call Test Case 'Test Cases/s-sidebar_navigation/individualAccount/Login-KiboEngage' successfully

2019-03-25 16:07:21 - [TEST_CASE][PASSED] - Test Cases/s-sidebar_navigation/individualAccount/Login-KiboEngage: Test Cases/s-sidebar_navigation/individualAccount/Login-KiboEngage

2019-03-25 16:07:21 - [TEST_STEP][PASSED] - openBrowser(""): Browser is opened with url: ''

2019-03-25 16:07:21 - [MESSAGE][WARNING] - A browser is already opened. Closing browser and opening a new one

2019-03-25 16:07:21 - [MESSAGE][INFO] - Starting 'Chrome' driver

2019-03-25 16:07:21 - [MESSAGE][PASSED] - Browser is opened with url: ''

2019-03-25 16:07:21 - [TEST_STEP][PASSED] - maximizeWindow(): Current window maximized

2019-03-25 16:07:21 - [MESSAGE][PASSED] - Current window maximized

2019-03-25 16:07:21 - [TEST_STEP][PASSED] - navigateToUrl("https://kiboengage.cloudkibo.com/"): Navigate to 'https://kiboengage.cloudkibo.com/' successfully

2019-03-25 16:07:30 - [MESSAGE][PASSED] - Navigate to 'https://kiboengage.cloudkibo.com/' successfully

2019-03-25 16:07:30 - [TEST_STEP][PASSED] - navigateToUrl("https://accounts.cloudkibo.com/?continue=https://kiboengage.cloudkibo.com"): Navigate to 'https://accounts.cloudkibo.com/?continue=https://kiboengage.cloudkibo.com' successfully

2019-03-25 16:07:31 - [MESSAGE][PASSED] - Navigate to 'https://accounts.cloudkibo.com/?continue=https://kiboengage.cloudkibo.com' successfully

2019-03-25 16:07:31 - [TEST_STEP][PASSED] - click(findTestObject("Page_KiboPush/a_Login (9) (1)")): Object: 'Object Repository/Page_KiboPush/a_Login (9) (1)' is clicked on

2019-03-25 16:07:31 - [MESSAGE][PASSED] - Object: 'Object Repository/Page_KiboPush/a_Login (9) (1)' is clicked on

2019-03-25 16:07:31 - [TEST_STEP][PASSED] - setText(findTestObject("Page_KiboPush/input_email (10) (1)"), "individual@cloudkibo.com"): Text 'individual@cloudkibo.com' is set on object 'Object Repository/Page_KiboPush/input_email (10) (1)'

2019-03-25 16:07:32 - [MESSAGE][PASSED] - Text 'individual@cloudkibo.com' is set on object 'Object Repository/Page_KiboPush/input_email (10) (1)'

2019-03-25 16:07:32 - [TEST_STEP][PASSED] - setEncryptedText(findTestObject("Page_KiboPush/input_password (9) (1)"), "RigbBhfdqOBGNlJIWM1ClA=="): Text ****** has been set on object 'Object Repository/Page_KiboPush/input_password (9) (1)'

2019-03-25 16:07:32 - [MESSAGE][PASSED] - Text ****** has been set on object 'Object Repository/Page_KiboPush/input_password (9) (1)'

2019-03-25 16:07:32 - [TEST_STEP][PASSED] - click(findTestObject("Page_KiboPush/button_Sign In (10) (1)")): Object: 'Object Repository/Page_KiboPush/button_Sign In (10) (1)' is clicked on

2019-03-25 16:07:32 - [MESSAGE][PASSED] - Object: 'Object Repository/Page_KiboPush/button_Sign In (10) (1)' is clicked on

2019-03-25 16:07:32 - [TEST_STEP][PASSED] - navigateToUrl("https://kiboengage.cloudkibo.com/dashboard"): Navigate to 'https://kiboengage.cloudkibo.com/dashboard' successfully

2019-03-25 16:07:51 - [MESSAGE][PASSED] - Navigate to 'https://kiboengage.cloudkibo.com/dashboard' successfully

2019-03-25 16:07:51 - [TEST_STEP][PASSED] - click(findTestObject("Object Repository/Page_KiboPush  Dashboard/h3_Dashboard (57)")): Object: 'Object Repository/Page_KiboPush  Dashboard/h3_Dashboard (57)' is clicked on

2019-03-25 16:07:51 - [MESSAGE][PASSED] - Object: 'Object Repository/Page_KiboPush  Dashboard/h3_Dashboard (57)' is clicked on

2019-03-25 16:07:51 - [TEST_STEP][PASSED] - delay(3): Delayed 3 second(s)

2019-03-25 16:07:54 - [MESSAGE][PASSED] - Delayed 3 second(s)

2019-03-25 16:07:54 - [MESSAGE][PASSED] - Call Test Case 'Test Cases/s-sidebar_navigation/individualAccount/Login-KiboEngage' successfully

2019-03-25 16:07:54 - [TEST_STEP][PASSED] - click(findTestObject("Page_KiboPush  Dashboard/span_Broadcasting")): Object: 'Object Repository/Page_KiboPush  Dashboard/span_Broadcasting' is clicked on

2019-03-25 16:07:54 - [MESSAGE][PASSED] - Object: 'Object Repository/Page_KiboPush  Dashboard/span_Broadcasting' is clicked on

2019-03-25 16:07:54 - [TEST_STEP][PASSED] - delay(1): Delayed 1 second(s)

2019-03-25 16:07:55 - [MESSAGE][PASSED] - Delayed 1 second(s)

2019-03-25 16:07:55 - [TEST_STEP][PASSED] - click(findTestObject("Page_KiboPush  Dashboard/span_Segment Subscribers")): Object: 'Object Repository/Page_KiboPush  Dashboard/span_Segment Subscribers' is clicked on

2019-03-25 16:07:55 - [MESSAGE][PASSED] - Object: 'Object Repository/Page_KiboPush  Dashboard/span_Segment Subscribers' is clicked on

2019-03-25 16:07:55 - [TEST_STEP][PASSED] - click(findTestObject("Page_KiboPush  Dashboard/h3_Subscribers Segmentation Li")): Object: 'Object Repository/Page_KiboPush  Dashboard/h3_Subscribers Segmentation Li' is clicked on

2019-03-25 16:07:55 - [MESSAGE][PASSED] - Object: 'Object Repository/Page_KiboPush  Dashboard/h3_Subscribers Segmentation Li' is clicked on

2019-03-25 16:07:55 - [TEST_STEP][PASSED] - delay(1): Delayed 1 second(s)

2019-03-25 16:07:56 - [MESSAGE][PASSED] - Delayed 1 second(s)

2019-03-25 16:07:56 - [MESSAGE][PASSED] - Call Test Case 'Test Cases/s-sidebar_navigation/individualAccount/Segment subsciber' successfully

2019-03-25 16:07:56 - [TEST_STEP][PASSED] - delay(2): Delayed 2 second(s)

2019-03-25 16:07:58 - [MESSAGE][PASSED] - Delayed 2 second(s)

2019-03-25 16:07:58 - [TEST_STEP][PASSED] - click(findTestObject("Page_KiboPush  Dashboard/a_Create Segmented Subscribers")): Object: 'Object Repository/Page_KiboPush  Dashboard/a_Create Segmented Subscribers' is clicked on

2019-03-25 16:07:58 - [MESSAGE][PASSED] - Object: 'Object Repository/Page_KiboPush  Dashboard/a_Create Segmented Subscribers' is clicked on

2019-03-25 16:07:58 - [TEST_STEP][PASSED] - click(findTestObject("Page_KiboPush  Dashboard/h3_Create SubList of Subscribe")): Object: 'Object Repository/Page_KiboPush  Dashboard/h3_Create SubList of Subscribe' is clicked on

2019-03-25 16:07:58 - [MESSAGE][PASSED] - Object: 'Object Repository/Page_KiboPush  Dashboard/h3_Create SubList of Subscribe' is clicked on

2019-03-25 16:07:58 - [MESSAGE][PASSED] - Call Test Case 'Test Cases/Segment subscribers/TC0712' successfully

2019-03-25 16:07:58 - [TEST_STEP][PASSED] - delay(3): Delayed 3 second(s)

2019-03-25 16:08:01 - [MESSAGE][PASSED] - Delayed 3 second(s)

2019-03-25 16:08:01 - [TEST_STEP][PASSED] - click(findTestObject("Object Repository/Page_KiboPush  Dashboard/h3_Create SubList of Subscribe (7)")): Object: 'Object Repository/Page_KiboPush  Dashboard/h3_Create SubList of Subscribe (7)' is clicked on

2019-03-25 16:08:01 - [MESSAGE][PASSED] - Object: 'Object Repository/Page_KiboPush  Dashboard/h3_Create SubList of Subscribe (7)' is clicked on

2019-03-25 16:08:01 - [TEST_STEP][PASSED] - click(findTestObject("Object Repository/Page_KiboPush  Dashboard/a_Back (1)")): Object: 'Object Repository/Page_KiboPush  Dashboard/a_Back (1)' is clicked on

2019-03-25 16:08:02 - [MESSAGE][PASSED] - Object: 'Object Repository/Page_KiboPush  Dashboard/a_Back (1)' is clicked on

2019-03-25 16:08:02 - [TEST_STEP][PASSED] - click(findTestObject("Object Repository/Page_KiboPush  Dashboard/h3_Subscribers Segmentation Li")): Object: 'Object Repository/Page_KiboPush  Dashboard/h3_Subscribers Segmentation Li' is clicked on

2019-03-25 16:08:02 - [MESSAGE][PASSED] - Object: 'Object Repository/Page_KiboPush  Dashboard/h3_Subscribers Segmentation Li' is clicked on]]></system-out>
         <system-err><![CDATA[]]></system-err>
      </testcase>
      <testcase name="Test Cases/Segment subscribers/TC0749" classname="Test Cases/Segment subscribers/TC0749" status="PASSED">
         <system-out><![CDATA[2019-03-25 16:08:02 - [TEST_CASE][PASSED] - Test Cases/Segment subscribers/TC0749: Test Cases/Segment subscribers/TC0749

2019-03-25 16:08:02 - [TEST_STEP][PASSED] - callTestCase(findTestCase("Segment subscribers/TC0708"), [:], STOP_ON_FAILURE): Call Test Case 'Test Cases/Segment subscribers/TC0708' successfully

2019-03-25 16:08:02 - [TEST_CASE][PASSED] - Test Cases/Segment subscribers/TC0708: Test Cases/Segment subscribers/TC0708

2019-03-25 16:08:02 - [TEST_STEP][PASSED] - callTestCase(findTestCase("s-sidebar_navigation/individualAccount/Segment subsciber"), [:], STOP_ON_FAILURE): Call Test Case 'Test Cases/s-sidebar_navigation/individualAccount/Segment subsciber' successfully

2019-03-25 16:08:02 - [TEST_CASE][PASSED] - Test Cases/s-sidebar_navigation/individualAccount/Segment subsciber: Test Cases/s-sidebar_navigation/individualAccount/Segment subsciber

2019-03-25 16:08:02 - [TEST_STEP][PASSED] - callTestCase(findTestCase("s-sidebar_navigation/individualAccount/Login-KiboEngage"), [:], STOP_ON_FAILURE): Call Test Case 'Test Cases/s-sidebar_navigation/individualAccount/Login-KiboEngage' successfully

2019-03-25 16:08:02 - [TEST_CASE][PASSED] - Test Cases/s-sidebar_navigation/individualAccount/Login-KiboEngage: Test Cases/s-sidebar_navigation/individualAccount/Login-KiboEngage

2019-03-25 16:08:02 - [TEST_STEP][PASSED] - openBrowser(""): Browser is opened with url: ''

2019-03-25 16:08:02 - [MESSAGE][WARNING] - A browser is already opened. Closing browser and opening a new one

2019-03-25 16:08:02 - [MESSAGE][INFO] - Starting 'Chrome' driver

2019-03-25 16:08:02 - [MESSAGE][PASSED] - Browser is opened with url: ''

2019-03-25 16:08:02 - [TEST_STEP][PASSED] - maximizeWindow(): Current window maximized

2019-03-25 16:08:02 - [MESSAGE][PASSED] - Current window maximized

2019-03-25 16:08:02 - [TEST_STEP][PASSED] - navigateToUrl("https://kiboengage.cloudkibo.com/"): Navigate to 'https://kiboengage.cloudkibo.com/' successfully

2019-03-25 16:08:33 - [MESSAGE][PASSED] - Navigate to 'https://kiboengage.cloudkibo.com/' successfully

2019-03-25 16:08:33 - [TEST_STEP][PASSED] - navigateToUrl("https://accounts.cloudkibo.com/?continue=https://kiboengage.cloudkibo.com"): Navigate to 'https://accounts.cloudkibo.com/?continue=https://kiboengage.cloudkibo.com' successfully

2019-03-25 16:08:33 - [MESSAGE][PASSED] - Navigate to 'https://accounts.cloudkibo.com/?continue=https://kiboengage.cloudkibo.com' successfully

2019-03-25 16:08:33 - [TEST_STEP][PASSED] - click(findTestObject("Page_KiboPush/a_Login (9) (1)")): Object: 'Object Repository/Page_KiboPush/a_Login (9) (1)' is clicked on

2019-03-25 16:08:34 - [MESSAGE][PASSED] - Object: 'Object Repository/Page_KiboPush/a_Login (9) (1)' is clicked on

2019-03-25 16:08:34 - [TEST_STEP][PASSED] - setText(findTestObject("Page_KiboPush/input_email (10) (1)"), "individual@cloudkibo.com"): Text 'individual@cloudkibo.com' is set on object 'Object Repository/Page_KiboPush/input_email (10) (1)'

2019-03-25 16:08:34 - [MESSAGE][PASSED] - Text 'individual@cloudkibo.com' is set on object 'Object Repository/Page_KiboPush/input_email (10) (1)'

2019-03-25 16:08:34 - [TEST_STEP][PASSED] - setEncryptedText(findTestObject("Page_KiboPush/input_password (9) (1)"), "RigbBhfdqOBGNlJIWM1ClA=="): Text ****** has been set on object 'Object Repository/Page_KiboPush/input_password (9) (1)'

2019-03-25 16:08:34 - [MESSAGE][PASSED] - Text ****** has been set on object 'Object Repository/Page_KiboPush/input_password (9) (1)'

2019-03-25 16:08:34 - [TEST_STEP][PASSED] - click(findTestObject("Page_KiboPush/button_Sign In (10) (1)")): Object: 'Object Repository/Page_KiboPush/button_Sign In (10) (1)' is clicked on

2019-03-25 16:08:34 - [MESSAGE][PASSED] - Object: 'Object Repository/Page_KiboPush/button_Sign In (10) (1)' is clicked on

2019-03-25 16:08:34 - [TEST_STEP][PASSED] - navigateToUrl("https://kiboengage.cloudkibo.com/dashboard"): Navigate to 'https://kiboengage.cloudkibo.com/dashboard' successfully

2019-03-25 16:09:15 - [MESSAGE][PASSED] - Navigate to 'https://kiboengage.cloudkibo.com/dashboard' successfully

2019-03-25 16:09:15 - [TEST_STEP][PASSED] - click(findTestObject("Object Repository/Page_KiboPush  Dashboard/h3_Dashboard (57)")): Object: 'Object Repository/Page_KiboPush  Dashboard/h3_Dashboard (57)' is clicked on

2019-03-25 16:09:15 - [MESSAGE][PASSED] - Object: 'Object Repository/Page_KiboPush  Dashboard/h3_Dashboard (57)' is clicked on

2019-03-25 16:09:15 - [TEST_STEP][PASSED] - delay(3): Delayed 3 second(s)

2019-03-25 16:09:18 - [MESSAGE][PASSED] - Delayed 3 second(s)

2019-03-25 16:09:18 - [MESSAGE][PASSED] - Call Test Case 'Test Cases/s-sidebar_navigation/individualAccount/Login-KiboEngage' successfully

2019-03-25 16:09:18 - [TEST_STEP][PASSED] - click(findTestObject("Page_KiboPush  Dashboard/span_Broadcasting")): Object: 'Object Repository/Page_KiboPush  Dashboard/span_Broadcasting' is clicked on

2019-03-25 16:09:18 - [MESSAGE][PASSED] - Object: 'Object Repository/Page_KiboPush  Dashboard/span_Broadcasting' is clicked on

2019-03-25 16:09:18 - [TEST_STEP][PASSED] - delay(1): Delayed 1 second(s)

2019-03-25 16:09:19 - [MESSAGE][PASSED] - Delayed 1 second(s)

2019-03-25 16:09:19 - [TEST_STEP][PASSED] - click(findTestObject("Page_KiboPush  Dashboard/span_Segment Subscribers")): Object: 'Object Repository/Page_KiboPush  Dashboard/span_Segment Subscribers' is clicked on

2019-03-25 16:09:20 - [MESSAGE][PASSED] - Object: 'Object Repository/Page_KiboPush  Dashboard/span_Segment Subscribers' is clicked on

2019-03-25 16:09:20 - [TEST_STEP][PASSED] - click(findTestObject("Page_KiboPush  Dashboard/h3_Subscribers Segmentation Li")): Object: 'Object Repository/Page_KiboPush  Dashboard/h3_Subscribers Segmentation Li' is clicked on

2019-03-25 16:09:20 - [MESSAGE][PASSED] - Object: 'Object Repository/Page_KiboPush  Dashboard/h3_Subscribers Segmentation Li' is clicked on

2019-03-25 16:09:20 - [TEST_STEP][PASSED] - delay(1): Delayed 1 second(s)

2019-03-25 16:09:21 - [MESSAGE][PASSED] - Delayed 1 second(s)

2019-03-25 16:09:21 - [MESSAGE][PASSED] - Call Test Case 'Test Cases/s-sidebar_navigation/individualAccount/Segment subsciber' successfully

2019-03-25 16:09:21 - [TEST_STEP][PASSED] - delay(2): Delayed 2 second(s)

2019-03-25 16:09:23 - [MESSAGE][PASSED] - Delayed 2 second(s)

2019-03-25 16:09:23 - [TEST_STEP][PASSED] - driver = getWebDriver(): null

2019-03-25 16:09:23 - [TEST_STEP][PASSED] - rows_table = driver.findElements(By.xpath("//table/tbody/tr")): null

2019-03-25 16:09:23 - [TEST_STEP][PASSED] - println(rows_table.size()): null

2019-03-25 16:09:23 - [TEST_STEP][PASSED] - verifyGreaterThanOrEqual(rows_table.size(), 1): Actual number '10' is greater than or equal to expected number '1'

2019-03-25 16:09:23 - [MESSAGE][PASSED] - Actual number '10' is greater than or equal to expected number '1'

2019-03-25 16:09:23 - [MESSAGE][PASSED] - Call Test Case 'Test Cases/Segment subscribers/TC0708' successfully

2019-03-25 16:09:23 - [TEST_STEP][PASSED] - click(findTestObject("Page_KiboPush  Dashboard/button_View")): Object: 'Object Repository/Page_KiboPush  Dashboard/button_View' is clicked on

2019-03-25 16:09:23 - [MESSAGE][PASSED] - Object: 'Object Repository/Page_KiboPush  Dashboard/button_View' is clicked on

2019-03-25 16:09:23 - [TEST_STEP][PASSED] - delay(3): Delayed 3 second(s)

2019-03-25 16:09:26 - [MESSAGE][PASSED] - Delayed 3 second(s)

2019-03-25 16:09:26 - [TEST_STEP][PASSED] - driver = getWebDriver(): null

2019-03-25 16:09:26 - [TEST_STEP][PASSED] - rows_table = driver.findElements(By.xpath("//table/tbody/tr")): null

2019-03-25 16:09:26 - [TEST_STEP][PASSED] - verifyGreaterThanOrEqual(rows_table.size(), 1): Actual number '1' is greater than or equal to expected number '1'

2019-03-25 16:09:26 - [MESSAGE][PASSED] - Actual number '1' is greater than or equal to expected number '1']]></system-out>
         <system-err><![CDATA[]]></system-err>
      </testcase>
      <testcase name="Test Cases/Segment subscribers/TC0750" classname="Test Cases/Segment subscribers/TC0750" status="PASSED">
         <system-out><![CDATA[2019-03-25 16:09:26 - [TEST_CASE][PASSED] - Test Cases/Segment subscribers/TC0750: Test Cases/Segment subscribers/TC0750

2019-03-25 16:09:26 - [TEST_STEP][PASSED] - callTestCase(findTestCase("Segment subscribers/TC0708"), [:], STOP_ON_FAILURE): Call Test Case 'Test Cases/Segment subscribers/TC0708' successfully

2019-03-25 16:09:26 - [TEST_CASE][PASSED] - Test Cases/Segment subscribers/TC0708: Test Cases/Segment subscribers/TC0708

2019-03-25 16:09:26 - [TEST_STEP][PASSED] - callTestCase(findTestCase("s-sidebar_navigation/individualAccount/Segment subsciber"), [:], STOP_ON_FAILURE): Call Test Case 'Test Cases/s-sidebar_navigation/individualAccount/Segment subsciber' successfully

2019-03-25 16:09:26 - [TEST_CASE][PASSED] - Test Cases/s-sidebar_navigation/individualAccount/Segment subsciber: Test Cases/s-sidebar_navigation/individualAccount/Segment subsciber

2019-03-25 16:09:26 - [TEST_STEP][PASSED] - callTestCase(findTestCase("s-sidebar_navigation/individualAccount/Login-KiboEngage"), [:], STOP_ON_FAILURE): Call Test Case 'Test Cases/s-sidebar_navigation/individualAccount/Login-KiboEngage' successfully

2019-03-25 16:09:26 - [TEST_CASE][PASSED] - Test Cases/s-sidebar_navigation/individualAccount/Login-KiboEngage: Test Cases/s-sidebar_navigation/individualAccount/Login-KiboEngage

2019-03-25 16:09:26 - [TEST_STEP][PASSED] - openBrowser(""): Browser is opened with url: ''

2019-03-25 16:09:26 - [MESSAGE][WARNING] - A browser is already opened. Closing browser and opening a new one

2019-03-25 16:09:26 - [MESSAGE][INFO] - Starting 'Chrome' driver

2019-03-25 16:09:27 - [MESSAGE][PASSED] - Browser is opened with url: ''

2019-03-25 16:09:27 - [TEST_STEP][PASSED] - maximizeWindow(): Current window maximized

2019-03-25 16:09:27 - [MESSAGE][PASSED] - Current window maximized

2019-03-25 16:09:27 - [TEST_STEP][PASSED] - navigateToUrl("https://kiboengage.cloudkibo.com/"): Navigate to 'https://kiboengage.cloudkibo.com/' successfully

2019-03-25 16:09:40 - [MESSAGE][PASSED] - Navigate to 'https://kiboengage.cloudkibo.com/' successfully

2019-03-25 16:09:40 - [TEST_STEP][PASSED] - navigateToUrl("https://accounts.cloudkibo.com/?continue=https://kiboengage.cloudkibo.com"): Navigate to 'https://accounts.cloudkibo.com/?continue=https://kiboengage.cloudkibo.com' successfully

2019-03-25 16:09:40 - [MESSAGE][PASSED] - Navigate to 'https://accounts.cloudkibo.com/?continue=https://kiboengage.cloudkibo.com' successfully

2019-03-25 16:09:40 - [TEST_STEP][PASSED] - click(findTestObject("Page_KiboPush/a_Login (9) (1)")): Object: 'Object Repository/Page_KiboPush/a_Login (9) (1)' is clicked on

2019-03-25 16:09:41 - [MESSAGE][PASSED] - Object: 'Object Repository/Page_KiboPush/a_Login (9) (1)' is clicked on

2019-03-25 16:09:41 - [TEST_STEP][PASSED] - setText(findTestObject("Page_KiboPush/input_email (10) (1)"), "individual@cloudkibo.com"): Text 'individual@cloudkibo.com' is set on object 'Object Repository/Page_KiboPush/input_email (10) (1)'

2019-03-25 16:09:41 - [MESSAGE][PASSED] - Text 'individual@cloudkibo.com' is set on object 'Object Repository/Page_KiboPush/input_email (10) (1)'

2019-03-25 16:09:41 - [TEST_STEP][PASSED] - setEncryptedText(findTestObject("Page_KiboPush/input_password (9) (1)"), "RigbBhfdqOBGNlJIWM1ClA=="): Text ****** has been set on object 'Object Repository/Page_KiboPush/input_password (9) (1)'

2019-03-25 16:09:41 - [MESSAGE][PASSED] - Text ****** has been set on object 'Object Repository/Page_KiboPush/input_password (9) (1)'

2019-03-25 16:09:41 - [TEST_STEP][PASSED] - click(findTestObject("Page_KiboPush/button_Sign In (10) (1)")): Object: 'Object Repository/Page_KiboPush/button_Sign In (10) (1)' is clicked on

2019-03-25 16:09:42 - [MESSAGE][PASSED] - Object: 'Object Repository/Page_KiboPush/button_Sign In (10) (1)' is clicked on

2019-03-25 16:09:42 - [TEST_STEP][PASSED] - navigateToUrl("https://kiboengage.cloudkibo.com/dashboard"): Navigate to 'https://kiboengage.cloudkibo.com/dashboard' successfully

2019-03-25 16:10:18 - [MESSAGE][PASSED] - Navigate to 'https://kiboengage.cloudkibo.com/dashboard' successfully

2019-03-25 16:10:18 - [TEST_STEP][PASSED] - click(findTestObject("Object Repository/Page_KiboPush  Dashboard/h3_Dashboard (57)")): Object: 'Object Repository/Page_KiboPush  Dashboard/h3_Dashboard (57)' is clicked on

2019-03-25 16:10:18 - [MESSAGE][PASSED] - Object: 'Object Repository/Page_KiboPush  Dashboard/h3_Dashboard (57)' is clicked on

2019-03-25 16:10:18 - [TEST_STEP][PASSED] - delay(3): Delayed 3 second(s)

2019-03-25 16:10:21 - [MESSAGE][PASSED] - Delayed 3 second(s)

2019-03-25 16:10:21 - [MESSAGE][PASSED] - Call Test Case 'Test Cases/s-sidebar_navigation/individualAccount/Login-KiboEngage' successfully

2019-03-25 16:10:21 - [TEST_STEP][PASSED] - click(findTestObject("Page_KiboPush  Dashboard/span_Broadcasting")): Object: 'Object Repository/Page_KiboPush  Dashboard/span_Broadcasting' is clicked on

2019-03-25 16:10:21 - [MESSAGE][PASSED] - Object: 'Object Repository/Page_KiboPush  Dashboard/span_Broadcasting' is clicked on

2019-03-25 16:10:21 - [TEST_STEP][PASSED] - delay(1): Delayed 1 second(s)

2019-03-25 16:10:22 - [MESSAGE][PASSED] - Delayed 1 second(s)

2019-03-25 16:10:22 - [TEST_STEP][PASSED] - click(findTestObject("Page_KiboPush  Dashboard/span_Segment Subscribers")): Object: 'Object Repository/Page_KiboPush  Dashboard/span_Segment Subscribers' is clicked on

2019-03-25 16:10:22 - [MESSAGE][PASSED] - Object: 'Object Repository/Page_KiboPush  Dashboard/span_Segment Subscribers' is clicked on

2019-03-25 16:10:22 - [TEST_STEP][PASSED] - click(findTestObject("Page_KiboPush  Dashboard/h3_Subscribers Segmentation Li")): Object: 'Object Repository/Page_KiboPush  Dashboard/h3_Subscribers Segmentation Li' is clicked on

2019-03-25 16:10:22 - [MESSAGE][PASSED] - Object: 'Object Repository/Page_KiboPush  Dashboard/h3_Subscribers Segmentation Li' is clicked on

2019-03-25 16:10:22 - [TEST_STEP][PASSED] - delay(1): Delayed 1 second(s)

2019-03-25 16:10:23 - [MESSAGE][PASSED] - Delayed 1 second(s)

2019-03-25 16:10:23 - [MESSAGE][PASSED] - Call Test Case 'Test Cases/s-sidebar_navigation/individualAccount/Segment subsciber' successfully

2019-03-25 16:10:23 - [TEST_STEP][PASSED] - delay(2): Delayed 2 second(s)

2019-03-25 16:10:25 - [MESSAGE][PASSED] - Delayed 2 second(s)

2019-03-25 16:10:25 - [TEST_STEP][PASSED] - driver = getWebDriver(): null

2019-03-25 16:10:25 - [TEST_STEP][PASSED] - rows_table = driver.findElements(By.xpath("//table/tbody/tr")): null

2019-03-25 16:10:25 - [TEST_STEP][PASSED] - println(rows_table.size()): null

2019-03-25 16:10:25 - [TEST_STEP][PASSED] - verifyGreaterThanOrEqual(rows_table.size(), 1): Actual number '10' is greater than or equal to expected number '1'

2019-03-25 16:10:25 - [MESSAGE][PASSED] - Actual number '10' is greater than or equal to expected number '1'

2019-03-25 16:10:25 - [MESSAGE][PASSED] - Call Test Case 'Test Cases/Segment subscribers/TC0708' successfully

2019-03-25 16:10:25 - [TEST_STEP][PASSED] - delay(3): Delayed 3 second(s)

2019-03-25 16:10:28 - [MESSAGE][PASSED] - Delayed 3 second(s)

2019-03-25 16:10:28 - [TEST_STEP][PASSED] - click(findTestObject("Page_KiboPush  Dashboard/button_View")): Object: 'Object Repository/Page_KiboPush  Dashboard/button_View' is clicked on

2019-03-25 16:10:28 - [MESSAGE][PASSED] - Object: 'Object Repository/Page_KiboPush  Dashboard/button_View' is clicked on

2019-03-25 16:10:28 - [TEST_STEP][PASSED] - setText(findTestObject("Page_KiboPush  Dashboard/input_generalSearch"), "a"): Text 'a' is set on object 'Object Repository/Page_KiboPush  Dashboard/input_generalSearch'

2019-03-25 16:10:29 - [MESSAGE][PASSED] - Text 'a' is set on object 'Object Repository/Page_KiboPush  Dashboard/input_generalSearch'

2019-03-25 16:10:29 - [TEST_STEP][PASSED] - delay(2): Delayed 2 second(s)

2019-03-25 16:10:31 - [MESSAGE][PASSED] - Delayed 2 second(s)

2019-03-25 16:10:31 - [TEST_STEP][PASSED] - driver = getWebDriver(): null

2019-03-25 16:10:31 - [TEST_STEP][PASSED] - rows_table = driver.findElements(By.xpath("//table/tbody/tr")): null

2019-03-25 16:10:31 - [TEST_STEP][PASSED] - verifyGreaterThanOrEqual(rows_table.size(), 1): Actual number '1' is greater than or equal to expected number '1'

2019-03-25 16:10:31 - [MESSAGE][PASSED] - Actual number '1' is greater than or equal to expected number '1']]></system-out>
         <system-err><![CDATA[]]></system-err>
      </testcase>
      <testcase name="Test Cases/Segment subscribers/TC0751" classname="Test Cases/Segment subscribers/TC0751" status="PASSED">
         <system-out><![CDATA[2019-03-25 16:10:31 - [TEST_CASE][PASSED] - Test Cases/Segment subscribers/TC0751: Test Cases/Segment subscribers/TC0751

2019-03-25 16:10:31 - [TEST_STEP][PASSED] - callTestCase(findTestCase("Segment subscribers/TC0708"), [:], STOP_ON_FAILURE): Call Test Case 'Test Cases/Segment subscribers/TC0708' successfully

2019-03-25 16:10:31 - [TEST_CASE][PASSED] - Test Cases/Segment subscribers/TC0708: Test Cases/Segment subscribers/TC0708

2019-03-25 16:10:31 - [TEST_STEP][PASSED] - callTestCase(findTestCase("s-sidebar_navigation/individualAccount/Segment subsciber"), [:], STOP_ON_FAILURE): Call Test Case 'Test Cases/s-sidebar_navigation/individualAccount/Segment subsciber' successfully

2019-03-25 16:10:32 - [TEST_CASE][PASSED] - Test Cases/s-sidebar_navigation/individualAccount/Segment subsciber: Test Cases/s-sidebar_navigation/individualAccount/Segment subsciber

2019-03-25 16:10:32 - [TEST_STEP][PASSED] - callTestCase(findTestCase("s-sidebar_navigation/individualAccount/Login-KiboEngage"), [:], STOP_ON_FAILURE): Call Test Case 'Test Cases/s-sidebar_navigation/individualAccount/Login-KiboEngage' successfully

2019-03-25 16:10:32 - [TEST_CASE][PASSED] - Test Cases/s-sidebar_navigation/individualAccount/Login-KiboEngage: Test Cases/s-sidebar_navigation/individualAccount/Login-KiboEngage

2019-03-25 16:10:32 - [TEST_STEP][PASSED] - openBrowser(""): Browser is opened with url: ''

2019-03-25 16:10:32 - [MESSAGE][WARNING] - A browser is already opened. Closing browser and opening a new one

2019-03-25 16:10:32 - [MESSAGE][INFO] - Starting 'Chrome' driver

2019-03-25 16:10:32 - [MESSAGE][PASSED] - Browser is opened with url: ''

2019-03-25 16:10:32 - [TEST_STEP][PASSED] - maximizeWindow(): Current window maximized

2019-03-25 16:10:32 - [MESSAGE][PASSED] - Current window maximized

2019-03-25 16:10:32 - [TEST_STEP][PASSED] - navigateToUrl("https://kiboengage.cloudkibo.com/"): Navigate to 'https://kiboengage.cloudkibo.com/' successfully

2019-03-25 16:10:43 - [MESSAGE][PASSED] - Navigate to 'https://kiboengage.cloudkibo.com/' successfully

2019-03-25 16:10:43 - [TEST_STEP][PASSED] - navigateToUrl("https://accounts.cloudkibo.com/?continue=https://kiboengage.cloudkibo.com"): Navigate to 'https://accounts.cloudkibo.com/?continue=https://kiboengage.cloudkibo.com' successfully

2019-03-25 16:10:44 - [MESSAGE][PASSED] - Navigate to 'https://accounts.cloudkibo.com/?continue=https://kiboengage.cloudkibo.com' successfully

2019-03-25 16:10:44 - [TEST_STEP][PASSED] - click(findTestObject("Page_KiboPush/a_Login (9) (1)")): Object: 'Object Repository/Page_KiboPush/a_Login (9) (1)' is clicked on

2019-03-25 16:10:44 - [MESSAGE][PASSED] - Object: 'Object Repository/Page_KiboPush/a_Login (9) (1)' is clicked on

2019-03-25 16:10:44 - [TEST_STEP][PASSED] - setText(findTestObject("Page_KiboPush/input_email (10) (1)"), "individual@cloudkibo.com"): Text 'individual@cloudkibo.com' is set on object 'Object Repository/Page_KiboPush/input_email (10) (1)'

2019-03-25 16:10:45 - [MESSAGE][PASSED] - Text 'individual@cloudkibo.com' is set on object 'Object Repository/Page_KiboPush/input_email (10) (1)'

2019-03-25 16:10:45 - [TEST_STEP][PASSED] - setEncryptedText(findTestObject("Page_KiboPush/input_password (9) (1)"), "RigbBhfdqOBGNlJIWM1ClA=="): Text ****** has been set on object 'Object Repository/Page_KiboPush/input_password (9) (1)'

2019-03-25 16:10:45 - [MESSAGE][PASSED] - Text ****** has been set on object 'Object Repository/Page_KiboPush/input_password (9) (1)'

2019-03-25 16:10:45 - [TEST_STEP][PASSED] - click(findTestObject("Page_KiboPush/button_Sign In (10) (1)")): Object: 'Object Repository/Page_KiboPush/button_Sign In (10) (1)' is clicked on

2019-03-25 16:10:45 - [MESSAGE][PASSED] - Object: 'Object Repository/Page_KiboPush/button_Sign In (10) (1)' is clicked on

2019-03-25 16:10:45 - [TEST_STEP][PASSED] - navigateToUrl("https://kiboengage.cloudkibo.com/dashboard"): Navigate to 'https://kiboengage.cloudkibo.com/dashboard' successfully

2019-03-25 16:11:01 - [MESSAGE][PASSED] - Navigate to 'https://kiboengage.cloudkibo.com/dashboard' successfully

2019-03-25 16:11:01 - [TEST_STEP][PASSED] - click(findTestObject("Object Repository/Page_KiboPush  Dashboard/h3_Dashboard (57)")): Object: 'Object Repository/Page_KiboPush  Dashboard/h3_Dashboard (57)' is clicked on

2019-03-25 16:11:01 - [MESSAGE][PASSED] - Object: 'Object Repository/Page_KiboPush  Dashboard/h3_Dashboard (57)' is clicked on

2019-03-25 16:11:01 - [TEST_STEP][PASSED] - delay(3): Delayed 3 second(s)

2019-03-25 16:11:04 - [MESSAGE][PASSED] - Delayed 3 second(s)

2019-03-25 16:11:04 - [MESSAGE][PASSED] - Call Test Case 'Test Cases/s-sidebar_navigation/individualAccount/Login-KiboEngage' successfully

2019-03-25 16:11:04 - [TEST_STEP][PASSED] - click(findTestObject("Page_KiboPush  Dashboard/span_Broadcasting")): Object: 'Object Repository/Page_KiboPush  Dashboard/span_Broadcasting' is clicked on

2019-03-25 16:11:04 - [MESSAGE][PASSED] - Object: 'Object Repository/Page_KiboPush  Dashboard/span_Broadcasting' is clicked on

2019-03-25 16:11:04 - [TEST_STEP][PASSED] - delay(1): Delayed 1 second(s)

2019-03-25 16:11:05 - [MESSAGE][PASSED] - Delayed 1 second(s)

2019-03-25 16:11:05 - [TEST_STEP][PASSED] - click(findTestObject("Page_KiboPush  Dashboard/span_Segment Subscribers")): Object: 'Object Repository/Page_KiboPush  Dashboard/span_Segment Subscribers' is clicked on

2019-03-25 16:11:05 - [MESSAGE][PASSED] - Object: 'Object Repository/Page_KiboPush  Dashboard/span_Segment Subscribers' is clicked on

2019-03-25 16:11:05 - [TEST_STEP][PASSED] - click(findTestObject("Page_KiboPush  Dashboard/h3_Subscribers Segmentation Li")): Object: 'Object Repository/Page_KiboPush  Dashboard/h3_Subscribers Segmentation Li' is clicked on

2019-03-25 16:11:05 - [MESSAGE][PASSED] - Object: 'Object Repository/Page_KiboPush  Dashboard/h3_Subscribers Segmentation Li' is clicked on

2019-03-25 16:11:05 - [TEST_STEP][PASSED] - delay(1): Delayed 1 second(s)

2019-03-25 16:11:06 - [MESSAGE][PASSED] - Delayed 1 second(s)

2019-03-25 16:11:06 - [MESSAGE][PASSED] - Call Test Case 'Test Cases/s-sidebar_navigation/individualAccount/Segment subsciber' successfully

2019-03-25 16:11:06 - [TEST_STEP][PASSED] - delay(2): Delayed 2 second(s)

2019-03-25 16:11:08 - [MESSAGE][PASSED] - Delayed 2 second(s)

2019-03-25 16:11:08 - [TEST_STEP][PASSED] - driver = getWebDriver(): null

2019-03-25 16:11:08 - [TEST_STEP][PASSED] - rows_table = driver.findElements(By.xpath("//table/tbody/tr")): null

2019-03-25 16:11:08 - [TEST_STEP][PASSED] - println(rows_table.size()): null

2019-03-25 16:11:08 - [TEST_STEP][PASSED] - verifyGreaterThanOrEqual(rows_table.size(), 1): Actual number '10' is greater than or equal to expected number '1'

2019-03-25 16:11:08 - [MESSAGE][PASSED] - Actual number '10' is greater than or equal to expected number '1'

2019-03-25 16:11:08 - [MESSAGE][PASSED] - Call Test Case 'Test Cases/Segment subscribers/TC0708' successfully

2019-03-25 16:11:08 - [TEST_STEP][PASSED] - delay(3): Delayed 3 second(s)

2019-03-25 16:11:11 - [MESSAGE][PASSED] - Delayed 3 second(s)

2019-03-25 16:11:11 - [TEST_STEP][PASSED] - click(findTestObject("Page_KiboPush  Dashboard/button_View")): Object: 'Object Repository/Page_KiboPush  Dashboard/button_View' is clicked on

2019-03-25 16:11:11 - [MESSAGE][PASSED] - Object: 'Object Repository/Page_KiboPush  Dashboard/button_View' is clicked on

2019-03-25 16:11:11 - [TEST_STEP][PASSED] - delay(2): Delayed 2 second(s)

2019-03-25 16:11:13 - [MESSAGE][PASSED] - Delayed 2 second(s)

2019-03-25 16:11:13 - [TEST_STEP][PASSED] - click(findTestObject("Page_KiboPush  Dashboard/a_next")): Object: 'Object Repository/Page_KiboPush  Dashboard/a_next' is clicked on

2019-03-25 16:11:13 - [MESSAGE][PASSED] - Object: 'Object Repository/Page_KiboPush  Dashboard/a_next' is clicked on

2019-03-25 16:11:13 - [TEST_STEP][PASSED] - delay(3): Delayed 3 second(s)

2019-03-25 16:11:16 - [MESSAGE][PASSED] - Delayed 3 second(s)

2019-03-25 16:11:16 - [TEST_STEP][PASSED] - driver = getWebDriver(): null

2019-03-25 16:11:16 - [TEST_STEP][PASSED] - rows_table = driver.findElements(By.xpath("//table/tbody/tr")): null

2019-03-25 16:11:16 - [TEST_STEP][PASSED] - verifyGreaterThanOrEqual(rows_table.size(), 1): Actual number '1' is greater than or equal to expected number '1'

2019-03-25 16:11:16 - [MESSAGE][PASSED] - Actual number '1' is greater than or equal to expected number '1']]></system-out>
         <system-err><![CDATA[]]></system-err>
      </testcase>
      <testcase name="Test Cases/Segment subscribers/TC0752" classname="Test Cases/Segment subscribers/TC0752" status="FAILED">
         <failure type="FAILED" message="Test Cases/Segment subscribers/TC0752 FAILED.
Reason:
com.kms.katalon.core.exception.StepFailedException: Actual object '1' and expected object '4' are not equal
	at com.kms.katalon.core.keyword.builtin.VerifyEqualKeyword$_verifyEqual_closure1.doCall(VerifyEqualKeyword.groovy:58)
	at com.kms.katalon.core.keyword.builtin.VerifyEqualKeyword$_verifyEqual_closure1.call(VerifyEqualKeyword.groovy)
	at com.kms.katalon.core.keyword.internal.KeywordMain.runKeyword(KeywordMain.groovy:66)
	at com.kms.katalon.core.keyword.builtin.VerifyEqualKeyword.verifyEqual(VerifyEqualKeyword.groovy:63)
	at com.kms.katalon.core.keyword.builtin.VerifyEqualKeyword.execute(VerifyEqualKeyword.groovy:44)
	at com.kms.katalon.core.keyword.internal.KeywordExecutor.executeKeywordForPlatform(KeywordExecutor.groovy:56)
	at com.kms.katalon.core.keyword.BuiltinKeywords.verifyEqual(BuiltinKeywords.groovy:141)
	at TC0752.run(TC0752:50)
	at com.kms.katalon.core.main.ScriptEngine.run(ScriptEngine.java:194)
	at com.kms.katalon.core.main.ScriptEngine.runScriptAsRawText(ScriptEngine.java:119)
	at com.kms.katalon.core.main.TestCaseExecutor.runScript(TestCaseExecutor.java:331)
	at com.kms.katalon.core.main.TestCaseExecutor.doExecute(TestCaseExecutor.java:322)
	at com.kms.katalon.core.main.TestCaseExecutor.processExecutionPhase(TestCaseExecutor.java:301)
	at com.kms.katalon.core.main.TestCaseExecutor.accessMainPhase(TestCaseExecutor.java:293)
	at com.kms.katalon.core.main.TestCaseExecutor.execute(TestCaseExecutor.java:227)
	at com.kms.katalon.core.main.TestSuiteExecutor.accessTestCaseMainPhase(TestSuiteExecutor.java:129)
	at com.kms.katalon.core.main.TestSuiteExecutor.accessTestSuiteMainPhase(TestSuiteExecutor.java:112)
	at com.kms.katalon.core.main.TestSuiteExecutor.execute(TestSuiteExecutor.java:81)
	at com.kms.katalon.core.main.TestCaseMain.startTestSuite(TestCaseMain.java:157)
	at com.kms.katalon.core.main.TestCaseMain$startTestSuite$0.call(Unknown Source)
	at TempTestSuite1553506926009.run(TempTestSuite1553506926009.groovy:35)
"/>
         <system-out><![CDATA[2019-03-25 16:11:16 - [TEST_CASE][FAILED] - Test Cases/Segment subscribers/TC0752: Test Cases/Segment subscribers/TC0752 FAILED.
Reason:
com.kms.katalon.core.exception.StepFailedException: Actual object '1' and expected object '4' are not equal
	at com.kms.katalon.core.keyword.builtin.VerifyEqualKeyword$_verifyEqual_closure1.doCall(VerifyEqualKeyword.groovy:58)
	at com.kms.katalon.core.keyword.builtin.VerifyEqualKeyword$_verifyEqual_closure1.call(VerifyEqualKeyword.groovy)
	at com.kms.katalon.core.keyword.internal.KeywordMain.runKeyword(KeywordMain.groovy:66)
	at com.kms.katalon.core.keyword.builtin.VerifyEqualKeyword.verifyEqual(VerifyEqualKeyword.groovy:63)
	at com.kms.katalon.core.keyword.builtin.VerifyEqualKeyword.execute(VerifyEqualKeyword.groovy:44)
	at com.kms.katalon.core.keyword.internal.KeywordExecutor.executeKeywordForPlatform(KeywordExecutor.groovy:56)
	at com.kms.katalon.core.keyword.BuiltinKeywords.verifyEqual(BuiltinKeywords.groovy:141)
	at TC0752.run(TC0752:50)
	at com.kms.katalon.core.main.ScriptEngine.run(ScriptEngine.java:194)
	at com.kms.katalon.core.main.ScriptEngine.runScriptAsRawText(ScriptEngine.java:119)
	at com.kms.katalon.core.main.TestCaseExecutor.runScript(TestCaseExecutor.java:331)
	at com.kms.katalon.core.main.TestCaseExecutor.doExecute(TestCaseExecutor.java:322)
	at com.kms.katalon.core.main.TestCaseExecutor.processExecutionPhase(TestCaseExecutor.java:301)
	at com.kms.katalon.core.main.TestCaseExecutor.accessMainPhase(TestCaseExecutor.java:293)
	at com.kms.katalon.core.main.TestCaseExecutor.execute(TestCaseExecutor.java:227)
	at com.kms.katalon.core.main.TestSuiteExecutor.accessTestCaseMainPhase(TestSuiteExecutor.java:129)
	at com.kms.katalon.core.main.TestSuiteExecutor.accessTestSuiteMainPhase(TestSuiteExecutor.java:112)
	at com.kms.katalon.core.main.TestSuiteExecutor.execute(TestSuiteExecutor.java:81)
	at com.kms.katalon.core.main.TestCaseMain.startTestSuite(TestCaseMain.java:157)
	at com.kms.katalon.core.main.TestCaseMain$startTestSuite$0.call(Unknown Source)
	at TempTestSuite1553506926009.run(TempTestSuite1553506926009.groovy:35)


2019-03-25 16:11:16 - [TEST_STEP][PASSED] - callTestCase(findTestCase("Segment subscribers/TC0708"), [:], STOP_ON_FAILURE): Call Test Case 'Test Cases/Segment subscribers/TC0708' successfully

2019-03-25 16:11:17 - [TEST_CASE][PASSED] - Test Cases/Segment subscribers/TC0708: Test Cases/Segment subscribers/TC0708

2019-03-25 16:11:17 - [TEST_STEP][PASSED] - callTestCase(findTestCase("s-sidebar_navigation/individualAccount/Segment subsciber"), [:], STOP_ON_FAILURE): Call Test Case 'Test Cases/s-sidebar_navigation/individualAccount/Segment subsciber' successfully

2019-03-25 16:11:17 - [TEST_CASE][PASSED] - Test Cases/s-sidebar_navigation/individualAccount/Segment subsciber: Test Cases/s-sidebar_navigation/individualAccount/Segment subsciber

2019-03-25 16:11:17 - [TEST_STEP][PASSED] - callTestCase(findTestCase("s-sidebar_navigation/individualAccount/Login-KiboEngage"), [:], STOP_ON_FAILURE): Call Test Case 'Test Cases/s-sidebar_navigation/individualAccount/Login-KiboEngage' successfully

2019-03-25 16:11:17 - [TEST_CASE][PASSED] - Test Cases/s-sidebar_navigation/individualAccount/Login-KiboEngage: Test Cases/s-sidebar_navigation/individualAccount/Login-KiboEngage

2019-03-25 16:11:17 - [TEST_STEP][PASSED] - openBrowser(""): Browser is opened with url: ''

2019-03-25 16:11:17 - [MESSAGE][WARNING] - A browser is already opened. Closing browser and opening a new one

2019-03-25 16:11:17 - [MESSAGE][INFO] - Starting 'Chrome' driver

2019-03-25 16:11:17 - [MESSAGE][PASSED] - Browser is opened with url: ''

2019-03-25 16:11:17 - [TEST_STEP][PASSED] - maximizeWindow(): Current window maximized

2019-03-25 16:11:17 - [MESSAGE][PASSED] - Current window maximized

2019-03-25 16:11:17 - [TEST_STEP][PASSED] - navigateToUrl("https://kiboengage.cloudkibo.com/"): Navigate to 'https://kiboengage.cloudkibo.com/' successfully

2019-03-25 16:11:26 - [MESSAGE][PASSED] - Navigate to 'https://kiboengage.cloudkibo.com/' successfully

2019-03-25 16:11:26 - [TEST_STEP][PASSED] - navigateToUrl("https://accounts.cloudkibo.com/?continue=https://kiboengage.cloudkibo.com"): Navigate to 'https://accounts.cloudkibo.com/?continue=https://kiboengage.cloudkibo.com' successfully

2019-03-25 16:11:27 - [MESSAGE][PASSED] - Navigate to 'https://accounts.cloudkibo.com/?continue=https://kiboengage.cloudkibo.com' successfully

2019-03-25 16:11:27 - [TEST_STEP][PASSED] - click(findTestObject("Page_KiboPush/a_Login (9) (1)")): Object: 'Object Repository/Page_KiboPush/a_Login (9) (1)' is clicked on

2019-03-25 16:11:27 - [MESSAGE][PASSED] - Object: 'Object Repository/Page_KiboPush/a_Login (9) (1)' is clicked on

2019-03-25 16:11:27 - [TEST_STEP][PASSED] - setText(findTestObject("Page_KiboPush/input_email (10) (1)"), "individual@cloudkibo.com"): Text 'individual@cloudkibo.com' is set on object 'Object Repository/Page_KiboPush/input_email (10) (1)'

2019-03-25 16:11:27 - [MESSAGE][PASSED] - Text 'individual@cloudkibo.com' is set on object 'Object Repository/Page_KiboPush/input_email (10) (1)'

2019-03-25 16:11:27 - [TEST_STEP][PASSED] - setEncryptedText(findTestObject("Page_KiboPush/input_password (9) (1)"), "RigbBhfdqOBGNlJIWM1ClA=="): Text ****** has been set on object 'Object Repository/Page_KiboPush/input_password (9) (1)'

2019-03-25 16:11:28 - [MESSAGE][PASSED] - Text ****** has been set on object 'Object Repository/Page_KiboPush/input_password (9) (1)'

2019-03-25 16:11:28 - [TEST_STEP][PASSED] - click(findTestObject("Page_KiboPush/button_Sign In (10) (1)")): Object: 'Object Repository/Page_KiboPush/button_Sign In (10) (1)' is clicked on

2019-03-25 16:11:28 - [MESSAGE][PASSED] - Object: 'Object Repository/Page_KiboPush/button_Sign In (10) (1)' is clicked on

2019-03-25 16:11:28 - [TEST_STEP][PASSED] - navigateToUrl("https://kiboengage.cloudkibo.com/dashboard"): Navigate to 'https://kiboengage.cloudkibo.com/dashboard' successfully

2019-03-25 16:11:47 - [MESSAGE][PASSED] - Navigate to 'https://kiboengage.cloudkibo.com/dashboard' successfully

2019-03-25 16:11:47 - [TEST_STEP][PASSED] - click(findTestObject("Object Repository/Page_KiboPush  Dashboard/h3_Dashboard (57)")): Object: 'Object Repository/Page_KiboPush  Dashboard/h3_Dashboard (57)' is clicked on

2019-03-25 16:11:47 - [MESSAGE][PASSED] - Object: 'Object Repository/Page_KiboPush  Dashboard/h3_Dashboard (57)' is clicked on

2019-03-25 16:11:47 - [TEST_STEP][PASSED] - delay(3): Delayed 3 second(s)

2019-03-25 16:11:50 - [MESSAGE][PASSED] - Delayed 3 second(s)

2019-03-25 16:11:50 - [MESSAGE][PASSED] - Call Test Case 'Test Cases/s-sidebar_navigation/individualAccount/Login-KiboEngage' successfully

2019-03-25 16:11:50 - [TEST_STEP][PASSED] - click(findTestObject("Page_KiboPush  Dashboard/span_Broadcasting")): Object: 'Object Repository/Page_KiboPush  Dashboard/span_Broadcasting' is clicked on

2019-03-25 16:11:51 - [MESSAGE][PASSED] - Object: 'Object Repository/Page_KiboPush  Dashboard/span_Broadcasting' is clicked on

2019-03-25 16:11:51 - [TEST_STEP][PASSED] - delay(1): Delayed 1 second(s)

2019-03-25 16:11:52 - [MESSAGE][PASSED] - Delayed 1 second(s)

2019-03-25 16:11:52 - [TEST_STEP][PASSED] - click(findTestObject("Page_KiboPush  Dashboard/span_Segment Subscribers")): Object: 'Object Repository/Page_KiboPush  Dashboard/span_Segment Subscribers' is clicked on

2019-03-25 16:11:52 - [MESSAGE][PASSED] - Object: 'Object Repository/Page_KiboPush  Dashboard/span_Segment Subscribers' is clicked on

2019-03-25 16:11:52 - [TEST_STEP][PASSED] - click(findTestObject("Page_KiboPush  Dashboard/h3_Subscribers Segmentation Li")): Object: 'Object Repository/Page_KiboPush  Dashboard/h3_Subscribers Segmentation Li' is clicked on

2019-03-25 16:11:52 - [MESSAGE][PASSED] - Object: 'Object Repository/Page_KiboPush  Dashboard/h3_Subscribers Segmentation Li' is clicked on

2019-03-25 16:11:52 - [TEST_STEP][PASSED] - delay(1): Delayed 1 second(s)

2019-03-25 16:11:53 - [MESSAGE][PASSED] - Delayed 1 second(s)

2019-03-25 16:11:53 - [MESSAGE][PASSED] - Call Test Case 'Test Cases/s-sidebar_navigation/individualAccount/Segment subsciber' successfully

2019-03-25 16:11:53 - [TEST_STEP][PASSED] - delay(2): Delayed 2 second(s)

2019-03-25 16:11:55 - [MESSAGE][PASSED] - Delayed 2 second(s)

2019-03-25 16:11:55 - [TEST_STEP][PASSED] - driver = getWebDriver(): null

2019-03-25 16:11:55 - [TEST_STEP][PASSED] - rows_table = driver.findElements(By.xpath("//table/tbody/tr")): null

2019-03-25 16:11:55 - [TEST_STEP][PASSED] - println(rows_table.size()): null

2019-03-25 16:11:55 - [TEST_STEP][PASSED] - verifyGreaterThanOrEqual(rows_table.size(), 1): Actual number '10' is greater than or equal to expected number '1'

2019-03-25 16:11:55 - [MESSAGE][PASSED] - Actual number '10' is greater than or equal to expected number '1'

2019-03-25 16:11:55 - [MESSAGE][PASSED] - Call Test Case 'Test Cases/Segment subscribers/TC0708' successfully

2019-03-25 16:11:55 - [TEST_STEP][PASSED] - delay(3): Delayed 3 second(s)

2019-03-25 16:11:58 - [MESSAGE][PASSED] - Delayed 3 second(s)

2019-03-25 16:11:58 - [TEST_STEP][PASSED] - click(findTestObject("Page_KiboPush  Dashboard/button_View")): Object: 'Object Repository/Page_KiboPush  Dashboard/button_View' is clicked on

2019-03-25 16:11:58 - [MESSAGE][PASSED] - Object: 'Object Repository/Page_KiboPush  Dashboard/button_View' is clicked on

2019-03-25 16:11:58 - [TEST_STEP][PASSED] - delay(1): Delayed 1 second(s)

2019-03-25 16:11:59 - [MESSAGE][PASSED] - Delayed 1 second(s)

2019-03-25 16:11:59 - [TEST_STEP][PASSED] - click(findTestObject("Page_KiboPush  Dashboard/a_next")): Object: 'Object Repository/Page_KiboPush  Dashboard/a_next' is clicked on

2019-03-25 16:11:59 - [MESSAGE][PASSED] - Object: 'Object Repository/Page_KiboPush  Dashboard/a_next' is clicked on

2019-03-25 16:11:59 - [TEST_STEP][PASSED] - delay(2): Delayed 2 second(s)

2019-03-25 16:12:01 - [MESSAGE][PASSED] - Delayed 2 second(s)

2019-03-25 16:12:01 - [TEST_STEP][PASSED] - click(findTestObject("Page_KiboPush  Dashboard/a_previous")): Object: 'Object Repository/Page_KiboPush  Dashboard/a_previous' is clicked on

2019-03-25 16:12:01 - [MESSAGE][PASSED] - Object: 'Object Repository/Page_KiboPush  Dashboard/a_previous' is clicked on

2019-03-25 16:12:01 - [TEST_STEP][PASSED] - delay(3): Delayed 3 second(s)

2019-03-25 16:12:04 - [MESSAGE][PASSED] - Delayed 3 second(s)

2019-03-25 16:12:04 - [TEST_STEP][PASSED] - driver = getWebDriver(): null

2019-03-25 16:12:04 - [TEST_STEP][PASSED] - rows_table = driver.findElements(By.xpath("//table/tbody/tr")): null

2019-03-25 16:12:04 - [TEST_STEP][FAILED] - verifyEqual(rows_table.size(), 4): verifyEqual(rows_table.size(), 4) FAILED.
Reason:
com.kms.katalon.core.exception.StepFailedException: Actual object '1' and expected object '4' are not equal
	at com.kms.katalon.core.keyword.builtin.VerifyEqualKeyword$_verifyEqual_closure1.doCall(VerifyEqualKeyword.groovy:58)
	at com.kms.katalon.core.keyword.builtin.VerifyEqualKeyword$_verifyEqual_closure1.call(VerifyEqualKeyword.groovy)
	at com.kms.katalon.core.keyword.internal.KeywordMain.runKeyword(KeywordMain.groovy:66)
	at com.kms.katalon.core.keyword.builtin.VerifyEqualKeyword.verifyEqual(VerifyEqualKeyword.groovy:63)
	at com.kms.katalon.core.keyword.builtin.VerifyEqualKeyword.execute(VerifyEqualKeyword.groovy:44)
	at com.kms.katalon.core.keyword.internal.KeywordExecutor.executeKeywordForPlatform(KeywordExecutor.groovy:56)
	at com.kms.katalon.core.keyword.BuiltinKeywords.verifyEqual(BuiltinKeywords.groovy:141)
	at TC0752.run(TC0752:50)
	at com.kms.katalon.core.main.ScriptEngine.run(ScriptEngine.java:194)
	at com.kms.katalon.core.main.ScriptEngine.runScriptAsRawText(ScriptEngine.java:119)
	at com.kms.katalon.core.main.TestCaseExecutor.runScript(TestCaseExecutor.java:331)
	at com.kms.katalon.core.main.TestCaseExecutor.doExecute(TestCaseExecutor.java:322)
	at com.kms.katalon.core.main.TestCaseExecutor.processExecutionPhase(TestCaseExecutor.java:301)
	at com.kms.katalon.core.main.TestCaseExecutor.accessMainPhase(TestCaseExecutor.java:293)
	at com.kms.katalon.core.main.TestCaseExecutor.execute(TestCaseExecutor.java:227)
	at com.kms.katalon.core.main.TestSuiteExecutor.accessTestCaseMainPhase(TestSuiteExecutor.java:129)
	at com.kms.katalon.core.main.TestSuiteExecutor.accessTestSuiteMainPhase(TestSuiteExecutor.java:112)
	at com.kms.katalon.core.main.TestSuiteExecutor.execute(TestSuiteExecutor.java:81)
	at com.kms.katalon.core.main.TestCaseMain.startTestSuite(TestCaseMain.java:157)
	at com.kms.katalon.core.main.TestCaseMain$startTestSuite$0.call(Unknown Source)
	at TempTestSuite1553506926009.run(TempTestSuite1553506926009.groovy:35)


2019-03-25 16:12:04 - [MESSAGE][FAILED] - Unable to verify equal between actual object '1' and expected object '4' (Root cause: com.kms.katalon.core.exception.StepFailedException: Actual object '1' and expected object '4' are not equal
	at com.kms.katalon.core.keyword.builtin.VerifyEqualKeyword$_verifyEqual_closure1.doCall(VerifyEqualKeyword.groovy:58)
	at com.kms.katalon.core.keyword.builtin.VerifyEqualKeyword$_verifyEqual_closure1.call(VerifyEqualKeyword.groovy)
	at com.kms.katalon.core.keyword.internal.KeywordMain.runKeyword(KeywordMain.groovy:66)
	at com.kms.katalon.core.keyword.builtin.VerifyEqualKeyword.verifyEqual(VerifyEqualKeyword.groovy:63)
	at com.kms.katalon.core.keyword.builtin.VerifyEqualKeyword.execute(VerifyEqualKeyword.groovy:44)
	at com.kms.katalon.core.keyword.internal.KeywordExecutor.executeKeywordForPlatform(KeywordExecutor.groovy:56)
	at com.kms.katalon.core.keyword.BuiltinKeywords.verifyEqual(BuiltinKeywords.groovy:141)
	at TC0752.run(TC0752:50)
	at com.kms.katalon.core.main.ScriptEngine.run(ScriptEngine.java:194)
	at com.kms.katalon.core.main.ScriptEngine.runScriptAsRawText(ScriptEngine.java:119)
	at com.kms.katalon.core.main.TestCaseExecutor.runScript(TestCaseExecutor.java:331)
	at com.kms.katalon.core.main.TestCaseExecutor.doExecute(TestCaseExecutor.java:322)
	at com.kms.katalon.core.main.TestCaseExecutor.processExecutionPhase(TestCaseExecutor.java:301)
	at com.kms.katalon.core.main.TestCaseExecutor.accessMainPhase(TestCaseExecutor.java:293)
	at com.kms.katalon.core.main.TestCaseExecutor.execute(TestCaseExecutor.java:227)
	at com.kms.katalon.core.main.TestSuiteExecutor.accessTestCaseMainPhase(TestSuiteExecutor.java:129)
	at com.kms.katalon.core.main.TestSuiteExecutor.accessTestSuiteMainPhase(TestSuiteExecutor.java:112)
	at com.kms.katalon.core.main.TestSuiteExecutor.execute(TestSuiteExecutor.java:81)
	at com.kms.katalon.core.main.TestCaseMain.startTestSuite(TestCaseMain.java:157)
	at com.kms.katalon.core.main.TestCaseMain$startTestSuite$0.call(Unknown Source)
	at TempTestSuite1553506926009.run(TempTestSuite1553506926009.groovy:35)
)

2019-03-25 16:12:04 - [MESSAGE][FAILED] - verifyEqual(rows_table.size(), 4) FAILED.
Reason:
com.kms.katalon.core.exception.StepFailedException: Actual object '1' and expected object '4' are not equal
	at com.kms.katalon.core.keyword.builtin.VerifyEqualKeyword$_verifyEqual_closure1.doCall(VerifyEqualKeyword.groovy:58)
	at com.kms.katalon.core.keyword.builtin.VerifyEqualKeyword$_verifyEqual_closure1.call(VerifyEqualKeyword.groovy)
	at com.kms.katalon.core.keyword.internal.KeywordMain.runKeyword(KeywordMain.groovy:66)
	at com.kms.katalon.core.keyword.builtin.VerifyEqualKeyword.verifyEqual(VerifyEqualKeyword.groovy:63)
	at com.kms.katalon.core.keyword.builtin.VerifyEqualKeyword.execute(VerifyEqualKeyword.groovy:44)
	at com.kms.katalon.core.keyword.internal.KeywordExecutor.executeKeywordForPlatform(KeywordExecutor.groovy:56)
	at com.kms.katalon.core.keyword.BuiltinKeywords.verifyEqual(BuiltinKeywords.groovy:141)
	at TC0752.run(TC0752:50)
	at com.kms.katalon.core.main.ScriptEngine.run(ScriptEngine.java:194)
	at com.kms.katalon.core.main.ScriptEngine.runScriptAsRawText(ScriptEngine.java:119)
	at com.kms.katalon.core.main.TestCaseExecutor.runScript(TestCaseExecutor.java:331)
	at com.kms.katalon.core.main.TestCaseExecutor.doExecute(TestCaseExecutor.java:322)
	at com.kms.katalon.core.main.TestCaseExecutor.processExecutionPhase(TestCaseExecutor.java:301)
	at com.kms.katalon.core.main.TestCaseExecutor.accessMainPhase(TestCaseExecutor.java:293)
	at com.kms.katalon.core.main.TestCaseExecutor.execute(TestCaseExecutor.java:227)
	at com.kms.katalon.core.main.TestSuiteExecutor.accessTestCaseMainPhase(TestSuiteExecutor.java:129)
	at com.kms.katalon.core.main.TestSuiteExecutor.accessTestSuiteMainPhase(TestSuiteExecutor.java:112)
	at com.kms.katalon.core.main.TestSuiteExecutor.execute(TestSuiteExecutor.java:81)
	at com.kms.katalon.core.main.TestCaseMain.startTestSuite(TestCaseMain.java:157)
	at com.kms.katalon.core.main.TestCaseMain$startTestSuite$0.call(Unknown Source)
	at TempTestSuite1553506926009.run(TempTestSuite1553506926009.groovy:35)]]></system-out>
         <system-err><![CDATA[2019-03-25 16:11:16 - [TEST_CASE][FAILED] - Test Cases/Segment subscribers/TC0752: Test Cases/Segment subscribers/TC0752 FAILED.
Reason:
com.kms.katalon.core.exception.StepFailedException: Actual object '1' and expected object '4' are not equal
	at com.kms.katalon.core.keyword.builtin.VerifyEqualKeyword$_verifyEqual_closure1.doCall(VerifyEqualKeyword.groovy:58)
	at com.kms.katalon.core.keyword.builtin.VerifyEqualKeyword$_verifyEqual_closure1.call(VerifyEqualKeyword.groovy)
	at com.kms.katalon.core.keyword.internal.KeywordMain.runKeyword(KeywordMain.groovy:66)
	at com.kms.katalon.core.keyword.builtin.VerifyEqualKeyword.verifyEqual(VerifyEqualKeyword.groovy:63)
	at com.kms.katalon.core.keyword.builtin.VerifyEqualKeyword.execute(VerifyEqualKeyword.groovy:44)
	at com.kms.katalon.core.keyword.internal.KeywordExecutor.executeKeywordForPlatform(KeywordExecutor.groovy:56)
	at com.kms.katalon.core.keyword.BuiltinKeywords.verifyEqual(BuiltinKeywords.groovy:141)
	at TC0752.run(TC0752:50)
	at com.kms.katalon.core.main.ScriptEngine.run(ScriptEngine.java:194)
	at com.kms.katalon.core.main.ScriptEngine.runScriptAsRawText(ScriptEngine.java:119)
	at com.kms.katalon.core.main.TestCaseExecutor.runScript(TestCaseExecutor.java:331)
	at com.kms.katalon.core.main.TestCaseExecutor.doExecute(TestCaseExecutor.java:322)
	at com.kms.katalon.core.main.TestCaseExecutor.processExecutionPhase(TestCaseExecutor.java:301)
	at com.kms.katalon.core.main.TestCaseExecutor.accessMainPhase(TestCaseExecutor.java:293)
	at com.kms.katalon.core.main.TestCaseExecutor.execute(TestCaseExecutor.java:227)
	at com.kms.katalon.core.main.TestSuiteExecutor.accessTestCaseMainPhase(TestSuiteExecutor.java:129)
	at com.kms.katalon.core.main.TestSuiteExecutor.accessTestSuiteMainPhase(TestSuiteExecutor.java:112)
	at com.kms.katalon.core.main.TestSuiteExecutor.execute(TestSuiteExecutor.java:81)
	at com.kms.katalon.core.main.TestCaseMain.startTestSuite(TestCaseMain.java:157)
	at com.kms.katalon.core.main.TestCaseMain$startTestSuite$0.call(Unknown Source)
	at TempTestSuite1553506926009.run(TempTestSuite1553506926009.groovy:35)]]></system-err>
      </testcase>
      <testcase name="Test Cases/Segment subscribers/TC0753" classname="Test Cases/Segment subscribers/TC0753" status="FAILED">
         <failure type="FAILED" message="Test Cases/Segment subscribers/TC0753 FAILED.
Reason:
com.kms.katalon.core.exception.StepFailedException: Unable to click on object 'Object Repository/Page_KiboPush  Dashboard/a_2'
	at com.kms.katalon.core.webui.keyword.internal.WebUIKeywordMain.stepFailed(WebUIKeywordMain.groovy:64)
	at com.kms.katalon.core.webui.keyword.internal.WebUIKeywordMain.runKeyword(WebUIKeywordMain.groovy:26)
	at com.kms.katalon.core.webui.keyword.builtin.ClickKeyword.click(ClickKeyword.groovy:86)
	at com.kms.katalon.core.webui.keyword.builtin.ClickKeyword.execute(ClickKeyword.groovy:67)
	at com.kms.katalon.core.keyword.internal.KeywordExecutor.executeKeywordForPlatform(KeywordExecutor.groovy:56)
	at com.kms.katalon.core.webui.keyword.WebUiBuiltInKeywords.click(WebUiBuiltInKeywords.groovy:616)
	at com.kms.katalon.core.webui.keyword.WebUiBuiltInKeywords$click$2.call(Unknown Source)
	at TC0753.run(TC0753:37)
	at com.kms.katalon.core.main.ScriptEngine.run(ScriptEngine.java:194)
	at com.kms.katalon.core.main.ScriptEngine.runScriptAsRawText(ScriptEngine.java:119)
	at com.kms.katalon.core.main.TestCaseExecutor.runScript(TestCaseExecutor.java:331)
	at com.kms.katalon.core.main.TestCaseExecutor.doExecute(TestCaseExecutor.java:322)
	at com.kms.katalon.core.main.TestCaseExecutor.processExecutionPhase(TestCaseExecutor.java:301)
	at com.kms.katalon.core.main.TestCaseExecutor.accessMainPhase(TestCaseExecutor.java:293)
	at com.kms.katalon.core.main.TestCaseExecutor.execute(TestCaseExecutor.java:227)
	at com.kms.katalon.core.main.TestSuiteExecutor.accessTestCaseMainPhase(TestSuiteExecutor.java:129)
	at com.kms.katalon.core.main.TestSuiteExecutor.accessTestSuiteMainPhase(TestSuiteExecutor.java:112)
	at com.kms.katalon.core.main.TestSuiteExecutor.execute(TestSuiteExecutor.java:81)
	at com.kms.katalon.core.main.TestCaseMain.startTestSuite(TestCaseMain.java:157)
	at com.kms.katalon.core.main.TestCaseMain$startTestSuite$0.call(Unknown Source)
	at TempTestSuite1553506926009.run(TempTestSuite1553506926009.groovy:35)
Caused by: com.kms.katalon.core.webui.exception.WebElementNotFoundException: Web element with id: 'Object Repository/Page_KiboPush  Dashboard/a_2' located by 'By.xpath: //a[(text() = '2' or . = '2')]' not found
	at com.kms.katalon.core.webui.common.WebUiCommonHelper.findWebElement(WebUiCommonHelper.java:1053)
	at com.kms.katalon.core.webui.keyword.internal.WebUIAbstractKeyword.findWebElement(WebUIAbstractKeyword.groovy:27)
	at com.kms.katalon.core.webui.keyword.internal.WebUIAbstractKeyword.findWebElement(WebUIAbstractKeyword.groovy:26)
	at com.kms.katalon.core.webui.keyword.builtin.ClickKeyword$_click_closure1.doCall(ClickKeyword.groovy:77)
	at com.kms.katalon.core.webui.keyword.builtin.ClickKeyword$_click_closure1.call(ClickKeyword.groovy)
	at com.kms.katalon.core.webui.keyword.internal.WebUIKeywordMain.runKeyword(WebUIKeywordMain.groovy:20)
	at com.kms.katalon.core.webui.keyword.builtin.ClickKeyword.click(ClickKeyword.groovy:86)
	at com.kms.katalon.core.webui.keyword.builtin.ClickKeyword.execute(ClickKeyword.groovy:67)
	at com.kms.katalon.core.keyword.internal.KeywordExecutor.executeKeywordForPlatform(KeywordExecutor.groovy:56)
	at com.kms.katalon.core.webui.keyword.WebUiBuiltInKeywords.click(WebUiBuiltInKeywords.groovy:616)
	at com.kms.katalon.core.webui.keyword.WebUiBuiltInKeywords$click$2.call(Unknown Source)
	at Script1536825864900.run(Script1536825864900.groovy:37)
	... 13 more
"/>
         <system-out><![CDATA[2019-03-25 16:12:04 - [TEST_CASE][FAILED] - Test Cases/Segment subscribers/TC0753: Test Cases/Segment subscribers/TC0753 FAILED.
Reason:
com.kms.katalon.core.exception.StepFailedException: Unable to click on object 'Object Repository/Page_KiboPush  Dashboard/a_2'
	at com.kms.katalon.core.webui.keyword.internal.WebUIKeywordMain.stepFailed(WebUIKeywordMain.groovy:64)
	at com.kms.katalon.core.webui.keyword.internal.WebUIKeywordMain.runKeyword(WebUIKeywordMain.groovy:26)
	at com.kms.katalon.core.webui.keyword.builtin.ClickKeyword.click(ClickKeyword.groovy:86)
	at com.kms.katalon.core.webui.keyword.builtin.ClickKeyword.execute(ClickKeyword.groovy:67)
	at com.kms.katalon.core.keyword.internal.KeywordExecutor.executeKeywordForPlatform(KeywordExecutor.groovy:56)
	at com.kms.katalon.core.webui.keyword.WebUiBuiltInKeywords.click(WebUiBuiltInKeywords.groovy:616)
	at com.kms.katalon.core.webui.keyword.WebUiBuiltInKeywords$click$2.call(Unknown Source)
	at TC0753.run(TC0753:37)
	at com.kms.katalon.core.main.ScriptEngine.run(ScriptEngine.java:194)
	at com.kms.katalon.core.main.ScriptEngine.runScriptAsRawText(ScriptEngine.java:119)
	at com.kms.katalon.core.main.TestCaseExecutor.runScript(TestCaseExecutor.java:331)
	at com.kms.katalon.core.main.TestCaseExecutor.doExecute(TestCaseExecutor.java:322)
	at com.kms.katalon.core.main.TestCaseExecutor.processExecutionPhase(TestCaseExecutor.java:301)
	at com.kms.katalon.core.main.TestCaseExecutor.accessMainPhase(TestCaseExecutor.java:293)
	at com.kms.katalon.core.main.TestCaseExecutor.execute(TestCaseExecutor.java:227)
	at com.kms.katalon.core.main.TestSuiteExecutor.accessTestCaseMainPhase(TestSuiteExecutor.java:129)
	at com.kms.katalon.core.main.TestSuiteExecutor.accessTestSuiteMainPhase(TestSuiteExecutor.java:112)
	at com.kms.katalon.core.main.TestSuiteExecutor.execute(TestSuiteExecutor.java:81)
	at com.kms.katalon.core.main.TestCaseMain.startTestSuite(TestCaseMain.java:157)
	at com.kms.katalon.core.main.TestCaseMain$startTestSuite$0.call(Unknown Source)
	at TempTestSuite1553506926009.run(TempTestSuite1553506926009.groovy:35)
Caused by: com.kms.katalon.core.webui.exception.WebElementNotFoundException: Web element with id: 'Object Repository/Page_KiboPush  Dashboard/a_2' located by 'By.xpath: //a[(text() = '2' or . = '2')]' not found
	at com.kms.katalon.core.webui.common.WebUiCommonHelper.findWebElement(WebUiCommonHelper.java:1053)
	at com.kms.katalon.core.webui.keyword.internal.WebUIAbstractKeyword.findWebElement(WebUIAbstractKeyword.groovy:27)
	at com.kms.katalon.core.webui.keyword.internal.WebUIAbstractKeyword.findWebElement(WebUIAbstractKeyword.groovy:26)
	at com.kms.katalon.core.webui.keyword.builtin.ClickKeyword$_click_closure1.doCall(ClickKeyword.groovy:77)
	at com.kms.katalon.core.webui.keyword.builtin.ClickKeyword$_click_closure1.call(ClickKeyword.groovy)
	at com.kms.katalon.core.webui.keyword.internal.WebUIKeywordMain.runKeyword(WebUIKeywordMain.groovy:20)
	at com.kms.katalon.core.webui.keyword.builtin.ClickKeyword.click(ClickKeyword.groovy:86)
	at com.kms.katalon.core.webui.keyword.builtin.ClickKeyword.execute(ClickKeyword.groovy:67)
	at com.kms.katalon.core.keyword.internal.KeywordExecutor.executeKeywordForPlatform(KeywordExecutor.groovy:56)
	at com.kms.katalon.core.webui.keyword.WebUiBuiltInKeywords.click(WebUiBuiltInKeywords.groovy:616)
	at com.kms.katalon.core.webui.keyword.WebUiBuiltInKeywords$click$2.call(Unknown Source)
	at Script1536825864900.run(Script1536825864900.groovy:37)
	... 13 more


2019-03-25 16:12:04 - [TEST_STEP][PASSED] - callTestCase(findTestCase("Segment subscribers/TC0708"), [:], STOP_ON_FAILURE): Call Test Case 'Test Cases/Segment subscribers/TC0708' successfully

2019-03-25 16:12:04 - [TEST_CASE][PASSED] - Test Cases/Segment subscribers/TC0708: Test Cases/Segment subscribers/TC0708

2019-03-25 16:12:04 - [TEST_STEP][PASSED] - callTestCase(findTestCase("s-sidebar_navigation/individualAccount/Segment subsciber"), [:], STOP_ON_FAILURE): Call Test Case 'Test Cases/s-sidebar_navigation/individualAccount/Segment subsciber' successfully

2019-03-25 16:12:04 - [TEST_CASE][PASSED] - Test Cases/s-sidebar_navigation/individualAccount/Segment subsciber: Test Cases/s-sidebar_navigation/individualAccount/Segment subsciber

2019-03-25 16:12:04 - [TEST_STEP][PASSED] - callTestCase(findTestCase("s-sidebar_navigation/individualAccount/Login-KiboEngage"), [:], STOP_ON_FAILURE): Call Test Case 'Test Cases/s-sidebar_navigation/individualAccount/Login-KiboEngage' successfully

2019-03-25 16:12:04 - [TEST_CASE][PASSED] - Test Cases/s-sidebar_navigation/individualAccount/Login-KiboEngage: Test Cases/s-sidebar_navigation/individualAccount/Login-KiboEngage

2019-03-25 16:12:04 - [TEST_STEP][PASSED] - openBrowser(""): Browser is opened with url: ''

2019-03-25 16:12:04 - [MESSAGE][WARNING] - A browser is already opened. Closing browser and opening a new one

2019-03-25 16:12:05 - [MESSAGE][INFO] - Starting 'Chrome' driver

2019-03-25 16:12:05 - [MESSAGE][PASSED] - Browser is opened with url: ''

2019-03-25 16:12:05 - [TEST_STEP][PASSED] - maximizeWindow(): Current window maximized

2019-03-25 16:12:05 - [MESSAGE][PASSED] - Current window maximized

2019-03-25 16:12:05 - [TEST_STEP][PASSED] - navigateToUrl("https://kiboengage.cloudkibo.com/"): Navigate to 'https://kiboengage.cloudkibo.com/' successfully

2019-03-25 16:12:17 - [MESSAGE][PASSED] - Navigate to 'https://kiboengage.cloudkibo.com/' successfully

2019-03-25 16:12:17 - [TEST_STEP][PASSED] - navigateToUrl("https://accounts.cloudkibo.com/?continue=https://kiboengage.cloudkibo.com"): Navigate to 'https://accounts.cloudkibo.com/?continue=https://kiboengage.cloudkibo.com' successfully

2019-03-25 16:12:18 - [MESSAGE][PASSED] - Navigate to 'https://accounts.cloudkibo.com/?continue=https://kiboengage.cloudkibo.com' successfully

2019-03-25 16:12:18 - [TEST_STEP][PASSED] - click(findTestObject("Page_KiboPush/a_Login (9) (1)")): Object: 'Object Repository/Page_KiboPush/a_Login (9) (1)' is clicked on

2019-03-25 16:12:19 - [MESSAGE][PASSED] - Object: 'Object Repository/Page_KiboPush/a_Login (9) (1)' is clicked on

2019-03-25 16:12:19 - [TEST_STEP][PASSED] - setText(findTestObject("Page_KiboPush/input_email (10) (1)"), "individual@cloudkibo.com"): Text 'individual@cloudkibo.com' is set on object 'Object Repository/Page_KiboPush/input_email (10) (1)'

2019-03-25 16:12:19 - [MESSAGE][PASSED] - Text 'individual@cloudkibo.com' is set on object 'Object Repository/Page_KiboPush/input_email (10) (1)'

2019-03-25 16:12:19 - [TEST_STEP][PASSED] - setEncryptedText(findTestObject("Page_KiboPush/input_password (9) (1)"), "RigbBhfdqOBGNlJIWM1ClA=="): Text ****** has been set on object 'Object Repository/Page_KiboPush/input_password (9) (1)'

2019-03-25 16:12:19 - [MESSAGE][PASSED] - Text ****** has been set on object 'Object Repository/Page_KiboPush/input_password (9) (1)'

2019-03-25 16:12:19 - [TEST_STEP][PASSED] - click(findTestObject("Page_KiboPush/button_Sign In (10) (1)")): Object: 'Object Repository/Page_KiboPush/button_Sign In (10) (1)' is clicked on

2019-03-25 16:12:19 - [MESSAGE][PASSED] - Object: 'Object Repository/Page_KiboPush/button_Sign In (10) (1)' is clicked on

2019-03-25 16:12:19 - [TEST_STEP][PASSED] - navigateToUrl("https://kiboengage.cloudkibo.com/dashboard"): Navigate to 'https://kiboengage.cloudkibo.com/dashboard' successfully

2019-03-25 16:12:33 - [MESSAGE][PASSED] - Navigate to 'https://kiboengage.cloudkibo.com/dashboard' successfully

2019-03-25 16:12:33 - [TEST_STEP][PASSED] - click(findTestObject("Object Repository/Page_KiboPush  Dashboard/h3_Dashboard (57)")): Object: 'Object Repository/Page_KiboPush  Dashboard/h3_Dashboard (57)' is clicked on

2019-03-25 16:12:33 - [MESSAGE][PASSED] - Object: 'Object Repository/Page_KiboPush  Dashboard/h3_Dashboard (57)' is clicked on

2019-03-25 16:12:33 - [TEST_STEP][PASSED] - delay(3): Delayed 3 second(s)

2019-03-25 16:12:36 - [MESSAGE][PASSED] - Delayed 3 second(s)

2019-03-25 16:12:36 - [MESSAGE][PASSED] - Call Test Case 'Test Cases/s-sidebar_navigation/individualAccount/Login-KiboEngage' successfully

2019-03-25 16:12:36 - [TEST_STEP][PASSED] - click(findTestObject("Page_KiboPush  Dashboard/span_Broadcasting")): Object: 'Object Repository/Page_KiboPush  Dashboard/span_Broadcasting' is clicked on

2019-03-25 16:12:36 - [MESSAGE][PASSED] - Object: 'Object Repository/Page_KiboPush  Dashboard/span_Broadcasting' is clicked on

2019-03-25 16:12:36 - [TEST_STEP][PASSED] - delay(1): Delayed 1 second(s)

2019-03-25 16:12:37 - [MESSAGE][PASSED] - Delayed 1 second(s)

2019-03-25 16:12:37 - [TEST_STEP][PASSED] - click(findTestObject("Page_KiboPush  Dashboard/span_Segment Subscribers")): Object: 'Object Repository/Page_KiboPush  Dashboard/span_Segment Subscribers' is clicked on

2019-03-25 16:12:38 - [MESSAGE][PASSED] - Object: 'Object Repository/Page_KiboPush  Dashboard/span_Segment Subscribers' is clicked on

2019-03-25 16:12:38 - [TEST_STEP][PASSED] - click(findTestObject("Page_KiboPush  Dashboard/h3_Subscribers Segmentation Li")): Object: 'Object Repository/Page_KiboPush  Dashboard/h3_Subscribers Segmentation Li' is clicked on

2019-03-25 16:12:38 - [MESSAGE][PASSED] - Object: 'Object Repository/Page_KiboPush  Dashboard/h3_Subscribers Segmentation Li' is clicked on

2019-03-25 16:12:38 - [TEST_STEP][PASSED] - delay(1): Delayed 1 second(s)

2019-03-25 16:12:39 - [MESSAGE][PASSED] - Delayed 1 second(s)

2019-03-25 16:12:39 - [MESSAGE][PASSED] - Call Test Case 'Test Cases/s-sidebar_navigation/individualAccount/Segment subsciber' successfully

2019-03-25 16:12:39 - [TEST_STEP][PASSED] - delay(2): Delayed 2 second(s)

2019-03-25 16:12:41 - [MESSAGE][PASSED] - Delayed 2 second(s)

2019-03-25 16:12:41 - [TEST_STEP][PASSED] - driver = getWebDriver(): null

2019-03-25 16:12:41 - [TEST_STEP][PASSED] - rows_table = driver.findElements(By.xpath("//table/tbody/tr")): null

2019-03-25 16:12:41 - [TEST_STEP][PASSED] - println(rows_table.size()): null

2019-03-25 16:12:41 - [TEST_STEP][PASSED] - verifyGreaterThanOrEqual(rows_table.size(), 1): Actual number '10' is greater than or equal to expected number '1'

2019-03-25 16:12:41 - [MESSAGE][PASSED] - Actual number '10' is greater than or equal to expected number '1'

2019-03-25 16:12:41 - [MESSAGE][PASSED] - Call Test Case 'Test Cases/Segment subscribers/TC0708' successfully

2019-03-25 16:12:41 - [TEST_STEP][PASSED] - delay(3): Delayed 3 second(s)

2019-03-25 16:12:44 - [MESSAGE][PASSED] - Delayed 3 second(s)

2019-03-25 16:12:44 - [TEST_STEP][PASSED] - click(findTestObject("Page_KiboPush  Dashboard/button_View")): Object: 'Object Repository/Page_KiboPush  Dashboard/button_View' is clicked on

2019-03-25 16:12:44 - [MESSAGE][PASSED] - Object: 'Object Repository/Page_KiboPush  Dashboard/button_View' is clicked on

2019-03-25 16:12:44 - [TEST_STEP][PASSED] - delay(1): Delayed 1 second(s)

2019-03-25 16:12:45 - [MESSAGE][PASSED] - Delayed 1 second(s)

2019-03-25 16:12:45 - [TEST_STEP][FAILED] - click(findTestObject("Page_KiboPush  Dashboard/a_2")): click(findTestObject("Page_KiboPush  Dashboard/a_2")) FAILED.
Reason:
com.kms.katalon.core.exception.StepFailedException: Unable to click on object 'Object Repository/Page_KiboPush  Dashboard/a_2'
	at com.kms.katalon.core.webui.keyword.internal.WebUIKeywordMain.stepFailed(WebUIKeywordMain.groovy:64)
	at com.kms.katalon.core.webui.keyword.internal.WebUIKeywordMain.runKeyword(WebUIKeywordMain.groovy:26)
	at com.kms.katalon.core.webui.keyword.builtin.ClickKeyword.click(ClickKeyword.groovy:86)
	at com.kms.katalon.core.webui.keyword.builtin.ClickKeyword.execute(ClickKeyword.groovy:67)
	at com.kms.katalon.core.keyword.internal.KeywordExecutor.executeKeywordForPlatform(KeywordExecutor.groovy:56)
	at com.kms.katalon.core.webui.keyword.WebUiBuiltInKeywords.click(WebUiBuiltInKeywords.groovy:616)
	at com.kms.katalon.core.webui.keyword.WebUiBuiltInKeywords$click$2.call(Unknown Source)
	at TC0753.run(TC0753:37)
	at com.kms.katalon.core.main.ScriptEngine.run(ScriptEngine.java:194)
	at com.kms.katalon.core.main.ScriptEngine.runScriptAsRawText(ScriptEngine.java:119)
	at com.kms.katalon.core.main.TestCaseExecutor.runScript(TestCaseExecutor.java:331)
	at com.kms.katalon.core.main.TestCaseExecutor.doExecute(TestCaseExecutor.java:322)
	at com.kms.katalon.core.main.TestCaseExecutor.processExecutionPhase(TestCaseExecutor.java:301)
	at com.kms.katalon.core.main.TestCaseExecutor.accessMainPhase(TestCaseExecutor.java:293)
	at com.kms.katalon.core.main.TestCaseExecutor.execute(TestCaseExecutor.java:227)
	at com.kms.katalon.core.main.TestSuiteExecutor.accessTestCaseMainPhase(TestSuiteExecutor.java:129)
	at com.kms.katalon.core.main.TestSuiteExecutor.accessTestSuiteMainPhase(TestSuiteExecutor.java:112)
	at com.kms.katalon.core.main.TestSuiteExecutor.execute(TestSuiteExecutor.java:81)
	at com.kms.katalon.core.main.TestCaseMain.startTestSuite(TestCaseMain.java:157)
	at com.kms.katalon.core.main.TestCaseMain$startTestSuite$0.call(Unknown Source)
	at TempTestSuite1553506926009.run(TempTestSuite1553506926009.groovy:35)
Caused by: com.kms.katalon.core.webui.exception.WebElementNotFoundException: Web element with id: 'Object Repository/Page_KiboPush  Dashboard/a_2' located by 'By.xpath: //a[(text() = '2' or . = '2')]' not found
	at com.kms.katalon.core.webui.common.WebUiCommonHelper.findWebElement(WebUiCommonHelper.java:1053)
	at com.kms.katalon.core.webui.keyword.internal.WebUIAbstractKeyword.findWebElement(WebUIAbstractKeyword.groovy:27)
	at com.kms.katalon.core.webui.keyword.internal.WebUIAbstractKeyword.findWebElement(WebUIAbstractKeyword.groovy:26)
	at com.kms.katalon.core.webui.keyword.builtin.ClickKeyword$_click_closure1.doCall(ClickKeyword.groovy:77)
	at com.kms.katalon.core.webui.keyword.builtin.ClickKeyword$_click_closure1.call(ClickKeyword.groovy)
	at com.kms.katalon.core.webui.keyword.internal.WebUIKeywordMain.runKeyword(WebUIKeywordMain.groovy:20)
	at com.kms.katalon.core.webui.keyword.builtin.ClickKeyword.click(ClickKeyword.groovy:86)
	at com.kms.katalon.core.webui.keyword.builtin.ClickKeyword.execute(ClickKeyword.groovy:67)
	at com.kms.katalon.core.keyword.internal.KeywordExecutor.executeKeywordForPlatform(KeywordExecutor.groovy:56)
	at com.kms.katalon.core.webui.keyword.WebUiBuiltInKeywords.click(WebUiBuiltInKeywords.groovy:616)
	at com.kms.katalon.core.webui.keyword.WebUiBuiltInKeywords$click$2.call(Unknown Source)
	at Script1536825864900.run(Script1536825864900.groovy:37)
	... 13 more


2019-03-25 16:13:15 - [MESSAGE][INFO] - Unable to find the element located by 'By.xpath: //a[(text() = '2' or . = '2')]'. Please recheck the objects properties to make sure the desired element is located. 

2019-03-25 16:13:16 - [MESSAGE][FAILED] - Unable to click on object 'Object Repository/Page_KiboPush  Dashboard/a_2' (Root cause: com.kms.katalon.core.exception.StepFailedException: Unable to click on object 'Object Repository/Page_KiboPush  Dashboard/a_2'
	at com.kms.katalon.core.webui.keyword.internal.WebUIKeywordMain.stepFailed(WebUIKeywordMain.groovy:64)
	at com.kms.katalon.core.webui.keyword.internal.WebUIKeywordMain.runKeyword(WebUIKeywordMain.groovy:26)
	at com.kms.katalon.core.webui.keyword.builtin.ClickKeyword.click(ClickKeyword.groovy:86)
	at com.kms.katalon.core.webui.keyword.builtin.ClickKeyword.execute(ClickKeyword.groovy:67)
	at com.kms.katalon.core.keyword.internal.KeywordExecutor.executeKeywordForPlatform(KeywordExecutor.groovy:56)
	at com.kms.katalon.core.webui.keyword.WebUiBuiltInKeywords.click(WebUiBuiltInKeywords.groovy:616)
	at com.kms.katalon.core.webui.keyword.WebUiBuiltInKeywords$click$2.call(Unknown Source)
	at TC0753.run(TC0753:37)
	at com.kms.katalon.core.main.ScriptEngine.run(ScriptEngine.java:194)
	at com.kms.katalon.core.main.ScriptEngine.runScriptAsRawText(ScriptEngine.java:119)
	at com.kms.katalon.core.main.TestCaseExecutor.runScript(TestCaseExecutor.java:331)
	at com.kms.katalon.core.main.TestCaseExecutor.doExecute(TestCaseExecutor.java:322)
	at com.kms.katalon.core.main.TestCaseExecutor.processExecutionPhase(TestCaseExecutor.java:301)
	at com.kms.katalon.core.main.TestCaseExecutor.accessMainPhase(TestCaseExecutor.java:293)
	at com.kms.katalon.core.main.TestCaseExecutor.execute(TestCaseExecutor.java:227)
	at com.kms.katalon.core.main.TestSuiteExecutor.accessTestCaseMainPhase(TestSuiteExecutor.java:129)
	at com.kms.katalon.core.main.TestSuiteExecutor.accessTestSuiteMainPhase(TestSuiteExecutor.java:112)
	at com.kms.katalon.core.main.TestSuiteExecutor.execute(TestSuiteExecutor.java:81)
	at com.kms.katalon.core.main.TestCaseMain.startTestSuite(TestCaseMain.java:157)
	at com.kms.katalon.core.main.TestCaseMain$startTestSuite$0.call(Unknown Source)
	at TempTestSuite1553506926009.run(TempTestSuite1553506926009.groovy:35)
Caused by: com.kms.katalon.core.webui.exception.WebElementNotFoundException: Web element with id: 'Object Repository/Page_KiboPush  Dashboard/a_2' located by 'By.xpath: //a[(text() = '2' or . = '2')]' not found
	at com.kms.katalon.core.webui.common.WebUiCommonHelper.findWebElement(WebUiCommonHelper.java:1053)
	at com.kms.katalon.core.webui.keyword.internal.WebUIAbstractKeyword.findWebElement(WebUIAbstractKeyword.groovy:27)
	at com.kms.katalon.core.webui.keyword.internal.WebUIAbstractKeyword.findWebElement(WebUIAbstractKeyword.groovy:26)
	at com.kms.katalon.core.webui.keyword.builtin.ClickKeyword$_click_closure1.doCall(ClickKeyword.groovy:77)
	at com.kms.katalon.core.webui.keyword.builtin.ClickKeyword$_click_closure1.call(ClickKeyword.groovy)
	at com.kms.katalon.core.webui.keyword.internal.WebUIKeywordMain.runKeyword(WebUIKeywordMain.groovy:20)
	at com.kms.katalon.core.webui.keyword.builtin.ClickKeyword.click(ClickKeyword.groovy:86)
	at com.kms.katalon.core.webui.keyword.builtin.ClickKeyword.execute(ClickKeyword.groovy:67)
	at com.kms.katalon.core.keyword.internal.KeywordExecutor.executeKeywordForPlatform(KeywordExecutor.groovy:56)
	at com.kms.katalon.core.webui.keyword.WebUiBuiltInKeywords.click(WebUiBuiltInKeywords.groovy:616)
	at com.kms.katalon.core.webui.keyword.WebUiBuiltInKeywords$click$2.call(Unknown Source)
	at Script1536825864900.run(Script1536825864900.groovy:37)
	... 13 more
)
[[ATTACHMENT|/home/cloudkibo-muzamil/Downloads/Test cases/production/KiboPush/Reports/segmentSubscriber/20190325_144206/1553512395976.png]]

2019-03-25 16:13:16 - [MESSAGE][FAILED] - click(findTestObject("Page_KiboPush  Dashboard/a_2")) FAILED.
Reason:
com.kms.katalon.core.exception.StepFailedException: Unable to click on object 'Object Repository/Page_KiboPush  Dashboard/a_2'
	at com.kms.katalon.core.webui.keyword.internal.WebUIKeywordMain.stepFailed(WebUIKeywordMain.groovy:64)
	at com.kms.katalon.core.webui.keyword.internal.WebUIKeywordMain.runKeyword(WebUIKeywordMain.groovy:26)
	at com.kms.katalon.core.webui.keyword.builtin.ClickKeyword.click(ClickKeyword.groovy:86)
	at com.kms.katalon.core.webui.keyword.builtin.ClickKeyword.execute(ClickKeyword.groovy:67)
	at com.kms.katalon.core.keyword.internal.KeywordExecutor.executeKeywordForPlatform(KeywordExecutor.groovy:56)
	at com.kms.katalon.core.webui.keyword.WebUiBuiltInKeywords.click(WebUiBuiltInKeywords.groovy:616)
	at com.kms.katalon.core.webui.keyword.WebUiBuiltInKeywords$click$2.call(Unknown Source)
	at TC0753.run(TC0753:37)
	at com.kms.katalon.core.main.ScriptEngine.run(ScriptEngine.java:194)
	at com.kms.katalon.core.main.ScriptEngine.runScriptAsRawText(ScriptEngine.java:119)
	at com.kms.katalon.core.main.TestCaseExecutor.runScript(TestCaseExecutor.java:331)
	at com.kms.katalon.core.main.TestCaseExecutor.doExecute(TestCaseExecutor.java:322)
	at com.kms.katalon.core.main.TestCaseExecutor.processExecutionPhase(TestCaseExecutor.java:301)
	at com.kms.katalon.core.main.TestCaseExecutor.accessMainPhase(TestCaseExecutor.java:293)
	at com.kms.katalon.core.main.TestCaseExecutor.execute(TestCaseExecutor.java:227)
	at com.kms.katalon.core.main.TestSuiteExecutor.accessTestCaseMainPhase(TestSuiteExecutor.java:129)
	at com.kms.katalon.core.main.TestSuiteExecutor.accessTestSuiteMainPhase(TestSuiteExecutor.java:112)
	at com.kms.katalon.core.main.TestSuiteExecutor.execute(TestSuiteExecutor.java:81)
	at com.kms.katalon.core.main.TestCaseMain.startTestSuite(TestCaseMain.java:157)
	at com.kms.katalon.core.main.TestCaseMain$startTestSuite$0.call(Unknown Source)
	at TempTestSuite1553506926009.run(TempTestSuite1553506926009.groovy:35)
Caused by: com.kms.katalon.core.webui.exception.WebElementNotFoundException: Web element with id: 'Object Repository/Page_KiboPush  Dashboard/a_2' located by 'By.xpath: //a[(text() = '2' or . = '2')]' not found
	at com.kms.katalon.core.webui.common.WebUiCommonHelper.findWebElement(WebUiCommonHelper.java:1053)
	at com.kms.katalon.core.webui.keyword.internal.WebUIAbstractKeyword.findWebElement(WebUIAbstractKeyword.groovy:27)
	at com.kms.katalon.core.webui.keyword.internal.WebUIAbstractKeyword.findWebElement(WebUIAbstractKeyword.groovy:26)
	at com.kms.katalon.core.webui.keyword.builtin.ClickKeyword$_click_closure1.doCall(ClickKeyword.groovy:77)
	at com.kms.katalon.core.webui.keyword.builtin.ClickKeyword$_click_closure1.call(ClickKeyword.groovy)
	at com.kms.katalon.core.webui.keyword.internal.WebUIKeywordMain.runKeyword(WebUIKeywordMain.groovy:20)
	at com.kms.katalon.core.webui.keyword.builtin.ClickKeyword.click(ClickKeyword.groovy:86)
	at com.kms.katalon.core.webui.keyword.builtin.ClickKeyword.execute(ClickKeyword.groovy:67)
	at com.kms.katalon.core.keyword.internal.KeywordExecutor.executeKeywordForPlatform(KeywordExecutor.groovy:56)
	at com.kms.katalon.core.webui.keyword.WebUiBuiltInKeywords.click(WebUiBuiltInKeywords.groovy:616)
	at com.kms.katalon.core.webui.keyword.WebUiBuiltInKeywords$click$2.call(Unknown Source)
	at Script1536825864900.run(Script1536825864900.groovy:37)
	... 13 more]]></system-out>
         <system-err><![CDATA[2019-03-25 16:12:04 - [TEST_CASE][FAILED] - Test Cases/Segment subscribers/TC0753: Test Cases/Segment subscribers/TC0753 FAILED.
Reason:
com.kms.katalon.core.exception.StepFailedException: Unable to click on object 'Object Repository/Page_KiboPush  Dashboard/a_2'
	at com.kms.katalon.core.webui.keyword.internal.WebUIKeywordMain.stepFailed(WebUIKeywordMain.groovy:64)
	at com.kms.katalon.core.webui.keyword.internal.WebUIKeywordMain.runKeyword(WebUIKeywordMain.groovy:26)
	at com.kms.katalon.core.webui.keyword.builtin.ClickKeyword.click(ClickKeyword.groovy:86)
	at com.kms.katalon.core.webui.keyword.builtin.ClickKeyword.execute(ClickKeyword.groovy:67)
	at com.kms.katalon.core.keyword.internal.KeywordExecutor.executeKeywordForPlatform(KeywordExecutor.groovy:56)
	at com.kms.katalon.core.webui.keyword.WebUiBuiltInKeywords.click(WebUiBuiltInKeywords.groovy:616)
	at com.kms.katalon.core.webui.keyword.WebUiBuiltInKeywords$click$2.call(Unknown Source)
	at TC0753.run(TC0753:37)
	at com.kms.katalon.core.main.ScriptEngine.run(ScriptEngine.java:194)
	at com.kms.katalon.core.main.ScriptEngine.runScriptAsRawText(ScriptEngine.java:119)
	at com.kms.katalon.core.main.TestCaseExecutor.runScript(TestCaseExecutor.java:331)
	at com.kms.katalon.core.main.TestCaseExecutor.doExecute(TestCaseExecutor.java:322)
	at com.kms.katalon.core.main.TestCaseExecutor.processExecutionPhase(TestCaseExecutor.java:301)
	at com.kms.katalon.core.main.TestCaseExecutor.accessMainPhase(TestCaseExecutor.java:293)
	at com.kms.katalon.core.main.TestCaseExecutor.execute(TestCaseExecutor.java:227)
	at com.kms.katalon.core.main.TestSuiteExecutor.accessTestCaseMainPhase(TestSuiteExecutor.java:129)
	at com.kms.katalon.core.main.TestSuiteExecutor.accessTestSuiteMainPhase(TestSuiteExecutor.java:112)
	at com.kms.katalon.core.main.TestSuiteExecutor.execute(TestSuiteExecutor.java:81)
	at com.kms.katalon.core.main.TestCaseMain.startTestSuite(TestCaseMain.java:157)
	at com.kms.katalon.core.main.TestCaseMain$startTestSuite$0.call(Unknown Source)
	at TempTestSuite1553506926009.run(TempTestSuite1553506926009.groovy:35)
Caused by: com.kms.katalon.core.webui.exception.WebElementNotFoundException: Web element with id: 'Object Repository/Page_KiboPush  Dashboard/a_2' located by 'By.xpath: //a[(text() = '2' or . = '2')]' not found
	at com.kms.katalon.core.webui.common.WebUiCommonHelper.findWebElement(WebUiCommonHelper.java:1053)
	at com.kms.katalon.core.webui.keyword.internal.WebUIAbstractKeyword.findWebElement(WebUIAbstractKeyword.groovy:27)
	at com.kms.katalon.core.webui.keyword.internal.WebUIAbstractKeyword.findWebElement(WebUIAbstractKeyword.groovy:26)
	at com.kms.katalon.core.webui.keyword.builtin.ClickKeyword$_click_closure1.doCall(ClickKeyword.groovy:77)
	at com.kms.katalon.core.webui.keyword.builtin.ClickKeyword$_click_closure1.call(ClickKeyword.groovy)
	at com.kms.katalon.core.webui.keyword.internal.WebUIKeywordMain.runKeyword(WebUIKeywordMain.groovy:20)
	at com.kms.katalon.core.webui.keyword.builtin.ClickKeyword.click(ClickKeyword.groovy:86)
	at com.kms.katalon.core.webui.keyword.builtin.ClickKeyword.execute(ClickKeyword.groovy:67)
	at com.kms.katalon.core.keyword.internal.KeywordExecutor.executeKeywordForPlatform(KeywordExecutor.groovy:56)
	at com.kms.katalon.core.webui.keyword.WebUiBuiltInKeywords.click(WebUiBuiltInKeywords.groovy:616)
	at com.kms.katalon.core.webui.keyword.WebUiBuiltInKeywords$click$2.call(Unknown Source)
	at Script1536825864900.run(Script1536825864900.groovy:37)
	... 13 more]]></system-err>
      </testcase>
      <testcase name="Test Cases/Segment subscribers/TC0754" classname="Test Cases/Segment subscribers/TC0754" status="PASSED">
         <system-out><![CDATA[2019-03-25 16:13:16 - [TEST_CASE][PASSED] - Test Cases/Segment subscribers/TC0754: Test Cases/Segment subscribers/TC0754

2019-03-25 16:13:16 - [TEST_STEP][PASSED] - callTestCase(findTestCase("Segment subscribers/TC0708"), [:], STOP_ON_FAILURE): Call Test Case 'Test Cases/Segment subscribers/TC0708' successfully

2019-03-25 16:13:16 - [TEST_CASE][PASSED] - Test Cases/Segment subscribers/TC0708: Test Cases/Segment subscribers/TC0708

2019-03-25 16:13:16 - [TEST_STEP][PASSED] - callTestCase(findTestCase("s-sidebar_navigation/individualAccount/Segment subsciber"), [:], STOP_ON_FAILURE): Call Test Case 'Test Cases/s-sidebar_navigation/individualAccount/Segment subsciber' successfully

2019-03-25 16:13:16 - [TEST_CASE][PASSED] - Test Cases/s-sidebar_navigation/individualAccount/Segment subsciber: Test Cases/s-sidebar_navigation/individualAccount/Segment subsciber

2019-03-25 16:13:16 - [TEST_STEP][PASSED] - callTestCase(findTestCase("s-sidebar_navigation/individualAccount/Login-KiboEngage"), [:], STOP_ON_FAILURE): Call Test Case 'Test Cases/s-sidebar_navigation/individualAccount/Login-KiboEngage' successfully

2019-03-25 16:13:16 - [TEST_CASE][PASSED] - Test Cases/s-sidebar_navigation/individualAccount/Login-KiboEngage: Test Cases/s-sidebar_navigation/individualAccount/Login-KiboEngage

2019-03-25 16:13:16 - [TEST_STEP][PASSED] - openBrowser(""): Browser is opened with url: ''

2019-03-25 16:13:16 - [MESSAGE][WARNING] - A browser is already opened. Closing browser and opening a new one

2019-03-25 16:13:16 - [MESSAGE][INFO] - Starting 'Chrome' driver

2019-03-25 16:13:17 - [MESSAGE][PASSED] - Browser is opened with url: ''

2019-03-25 16:13:17 - [TEST_STEP][PASSED] - maximizeWindow(): Current window maximized

2019-03-25 16:13:17 - [MESSAGE][PASSED] - Current window maximized

2019-03-25 16:13:17 - [TEST_STEP][PASSED] - navigateToUrl("https://kiboengage.cloudkibo.com/"): Navigate to 'https://kiboengage.cloudkibo.com/' successfully

2019-03-25 16:13:29 - [MESSAGE][PASSED] - Navigate to 'https://kiboengage.cloudkibo.com/' successfully

2019-03-25 16:13:29 - [TEST_STEP][PASSED] - navigateToUrl("https://accounts.cloudkibo.com/?continue=https://kiboengage.cloudkibo.com"): Navigate to 'https://accounts.cloudkibo.com/?continue=https://kiboengage.cloudkibo.com' successfully

2019-03-25 16:13:29 - [MESSAGE][PASSED] - Navigate to 'https://accounts.cloudkibo.com/?continue=https://kiboengage.cloudkibo.com' successfully

2019-03-25 16:13:29 - [TEST_STEP][PASSED] - click(findTestObject("Page_KiboPush/a_Login (9) (1)")): Object: 'Object Repository/Page_KiboPush/a_Login (9) (1)' is clicked on

2019-03-25 16:13:30 - [MESSAGE][PASSED] - Object: 'Object Repository/Page_KiboPush/a_Login (9) (1)' is clicked on

2019-03-25 16:13:30 - [TEST_STEP][PASSED] - setText(findTestObject("Page_KiboPush/input_email (10) (1)"), "individual@cloudkibo.com"): Text 'individual@cloudkibo.com' is set on object 'Object Repository/Page_KiboPush/input_email (10) (1)'

2019-03-25 16:13:30 - [MESSAGE][PASSED] - Text 'individual@cloudkibo.com' is set on object 'Object Repository/Page_KiboPush/input_email (10) (1)'

2019-03-25 16:13:30 - [TEST_STEP][PASSED] - setEncryptedText(findTestObject("Page_KiboPush/input_password (9) (1)"), "RigbBhfdqOBGNlJIWM1ClA=="): Text ****** has been set on object 'Object Repository/Page_KiboPush/input_password (9) (1)'

2019-03-25 16:13:30 - [MESSAGE][PASSED] - Text ****** has been set on object 'Object Repository/Page_KiboPush/input_password (9) (1)'

2019-03-25 16:13:30 - [TEST_STEP][PASSED] - click(findTestObject("Page_KiboPush/button_Sign In (10) (1)")): Object: 'Object Repository/Page_KiboPush/button_Sign In (10) (1)' is clicked on

2019-03-25 16:13:30 - [MESSAGE][PASSED] - Object: 'Object Repository/Page_KiboPush/button_Sign In (10) (1)' is clicked on

2019-03-25 16:13:30 - [TEST_STEP][PASSED] - navigateToUrl("https://kiboengage.cloudkibo.com/dashboard"): Navigate to 'https://kiboengage.cloudkibo.com/dashboard' successfully

2019-03-25 16:14:08 - [MESSAGE][PASSED] - Navigate to 'https://kiboengage.cloudkibo.com/dashboard' successfully

2019-03-25 16:14:08 - [TEST_STEP][PASSED] - click(findTestObject("Object Repository/Page_KiboPush  Dashboard/h3_Dashboard (57)")): Object: 'Object Repository/Page_KiboPush  Dashboard/h3_Dashboard (57)' is clicked on

2019-03-25 16:14:09 - [MESSAGE][PASSED] - Object: 'Object Repository/Page_KiboPush  Dashboard/h3_Dashboard (57)' is clicked on

2019-03-25 16:14:09 - [TEST_STEP][PASSED] - delay(3): Delayed 3 second(s)

2019-03-25 16:14:12 - [MESSAGE][PASSED] - Delayed 3 second(s)

2019-03-25 16:14:12 - [MESSAGE][PASSED] - Call Test Case 'Test Cases/s-sidebar_navigation/individualAccount/Login-KiboEngage' successfully

2019-03-25 16:14:12 - [TEST_STEP][PASSED] - click(findTestObject("Page_KiboPush  Dashboard/span_Broadcasting")): Object: 'Object Repository/Page_KiboPush  Dashboard/span_Broadcasting' is clicked on

2019-03-25 16:14:12 - [MESSAGE][PASSED] - Object: 'Object Repository/Page_KiboPush  Dashboard/span_Broadcasting' is clicked on

2019-03-25 16:14:12 - [TEST_STEP][PASSED] - delay(1): Delayed 1 second(s)

2019-03-25 16:14:13 - [MESSAGE][PASSED] - Delayed 1 second(s)

2019-03-25 16:14:13 - [TEST_STEP][PASSED] - click(findTestObject("Page_KiboPush  Dashboard/span_Segment Subscribers")): Object: 'Object Repository/Page_KiboPush  Dashboard/span_Segment Subscribers' is clicked on

2019-03-25 16:14:13 - [MESSAGE][PASSED] - Object: 'Object Repository/Page_KiboPush  Dashboard/span_Segment Subscribers' is clicked on

2019-03-25 16:14:13 - [TEST_STEP][PASSED] - click(findTestObject("Page_KiboPush  Dashboard/h3_Subscribers Segmentation Li")): Object: 'Object Repository/Page_KiboPush  Dashboard/h3_Subscribers Segmentation Li' is clicked on

2019-03-25 16:14:13 - [MESSAGE][PASSED] - Object: 'Object Repository/Page_KiboPush  Dashboard/h3_Subscribers Segmentation Li' is clicked on

2019-03-25 16:14:13 - [TEST_STEP][PASSED] - delay(1): Delayed 1 second(s)

2019-03-25 16:14:14 - [MESSAGE][PASSED] - Delayed 1 second(s)

2019-03-25 16:14:14 - [MESSAGE][PASSED] - Call Test Case 'Test Cases/s-sidebar_navigation/individualAccount/Segment subsciber' successfully

2019-03-25 16:14:14 - [TEST_STEP][PASSED] - delay(2): Delayed 2 second(s)

2019-03-25 16:14:16 - [MESSAGE][PASSED] - Delayed 2 second(s)

2019-03-25 16:14:16 - [TEST_STEP][PASSED] - driver = getWebDriver(): null

2019-03-25 16:14:16 - [TEST_STEP][PASSED] - rows_table = driver.findElements(By.xpath("//table/tbody/tr")): null

2019-03-25 16:14:16 - [TEST_STEP][PASSED] - println(rows_table.size()): null

2019-03-25 16:14:16 - [TEST_STEP][PASSED] - verifyGreaterThanOrEqual(rows_table.size(), 1): Actual number '10' is greater than or equal to expected number '1'

2019-03-25 16:14:16 - [MESSAGE][PASSED] - Actual number '10' is greater than or equal to expected number '1'

2019-03-25 16:14:16 - [MESSAGE][PASSED] - Call Test Case 'Test Cases/Segment subscribers/TC0708' successfully

2019-03-25 16:14:16 - [TEST_STEP][PASSED] - click(findTestObject("Object Repository/Page_KiboPush  Dashboard/button_View (1)")): Object: 'Object Repository/Page_KiboPush  Dashboard/button_View (1)' is clicked on

2019-03-25 16:14:16 - [MESSAGE][PASSED] - Object: 'Object Repository/Page_KiboPush  Dashboard/button_View (1)' is clicked on

2019-03-25 16:14:16 - [TEST_STEP][PASSED] - delay(1): Delayed 1 second(s)

2019-03-25 16:14:17 - [MESSAGE][PASSED] - Delayed 1 second(s)

2019-03-25 16:14:17 - [TEST_STEP][PASSED] - click(findTestObject("Object Repository/Page_KiboPush  Dashboard/span_Export Records in CSV Fil")): Object: 'Object Repository/Page_KiboPush  Dashboard/span_Export Records in CSV Fil' is clicked on

2019-03-25 16:14:17 - [MESSAGE][PASSED] - Object: 'Object Repository/Page_KiboPush  Dashboard/span_Export Records in CSV Fil' is clicked on]]></system-out>
         <system-err><![CDATA[]]></system-err>
      </testcase>
      <testcase name="Test Cases/Segment subscribers/TC0755" classname="Test Cases/Segment subscribers/TC0755" status="PASSED">
         <system-out><![CDATA[2019-03-25 16:14:17 - [TEST_CASE][PASSED] - Test Cases/Segment subscribers/TC0755: Test Cases/Segment subscribers/TC0755

2019-03-25 16:14:17 - [TEST_STEP][PASSED] - callTestCase(findTestCase("Segment subscribers/TC0708"), [:], STOP_ON_FAILURE): Call Test Case 'Test Cases/Segment subscribers/TC0708' successfully

2019-03-25 16:14:17 - [TEST_CASE][PASSED] - Test Cases/Segment subscribers/TC0708: Test Cases/Segment subscribers/TC0708

2019-03-25 16:14:17 - [TEST_STEP][PASSED] - callTestCase(findTestCase("s-sidebar_navigation/individualAccount/Segment subsciber"), [:], STOP_ON_FAILURE): Call Test Case 'Test Cases/s-sidebar_navigation/individualAccount/Segment subsciber' successfully

2019-03-25 16:14:17 - [TEST_CASE][PASSED] - Test Cases/s-sidebar_navigation/individualAccount/Segment subsciber: Test Cases/s-sidebar_navigation/individualAccount/Segment subsciber

2019-03-25 16:14:17 - [TEST_STEP][PASSED] - callTestCase(findTestCase("s-sidebar_navigation/individualAccount/Login-KiboEngage"), [:], STOP_ON_FAILURE): Call Test Case 'Test Cases/s-sidebar_navigation/individualAccount/Login-KiboEngage' successfully

2019-03-25 16:14:17 - [TEST_CASE][PASSED] - Test Cases/s-sidebar_navigation/individualAccount/Login-KiboEngage: Test Cases/s-sidebar_navigation/individualAccount/Login-KiboEngage

2019-03-25 16:14:17 - [TEST_STEP][PASSED] - openBrowser(""): Browser is opened with url: ''

2019-03-25 16:14:17 - [MESSAGE][WARNING] - A browser is already opened. Closing browser and opening a new one

2019-03-25 16:14:18 - [MESSAGE][INFO] - Starting 'Chrome' driver

2019-03-25 16:14:18 - [MESSAGE][PASSED] - Browser is opened with url: ''

2019-03-25 16:14:18 - [TEST_STEP][PASSED] - maximizeWindow(): Current window maximized

2019-03-25 16:14:18 - [MESSAGE][PASSED] - Current window maximized

2019-03-25 16:14:18 - [TEST_STEP][PASSED] - navigateToUrl("https://kiboengage.cloudkibo.com/"): Navigate to 'https://kiboengage.cloudkibo.com/' successfully

2019-03-25 16:14:42 - [MESSAGE][PASSED] - Navigate to 'https://kiboengage.cloudkibo.com/' successfully

2019-03-25 16:14:42 - [TEST_STEP][PASSED] - navigateToUrl("https://accounts.cloudkibo.com/?continue=https://kiboengage.cloudkibo.com"): Navigate to 'https://accounts.cloudkibo.com/?continue=https://kiboengage.cloudkibo.com' successfully

2019-03-25 16:14:42 - [MESSAGE][PASSED] - Navigate to 'https://accounts.cloudkibo.com/?continue=https://kiboengage.cloudkibo.com' successfully

2019-03-25 16:14:42 - [TEST_STEP][PASSED] - click(findTestObject("Page_KiboPush/a_Login (9) (1)")): Object: 'Object Repository/Page_KiboPush/a_Login (9) (1)' is clicked on

2019-03-25 16:14:43 - [MESSAGE][PASSED] - Object: 'Object Repository/Page_KiboPush/a_Login (9) (1)' is clicked on

2019-03-25 16:14:43 - [TEST_STEP][PASSED] - setText(findTestObject("Page_KiboPush/input_email (10) (1)"), "individual@cloudkibo.com"): Text 'individual@cloudkibo.com' is set on object 'Object Repository/Page_KiboPush/input_email (10) (1)'

2019-03-25 16:14:43 - [MESSAGE][PASSED] - Text 'individual@cloudkibo.com' is set on object 'Object Repository/Page_KiboPush/input_email (10) (1)'

2019-03-25 16:14:43 - [TEST_STEP][PASSED] - setEncryptedText(findTestObject("Page_KiboPush/input_password (9) (1)"), "RigbBhfdqOBGNlJIWM1ClA=="): Text ****** has been set on object 'Object Repository/Page_KiboPush/input_password (9) (1)'

2019-03-25 16:14:43 - [MESSAGE][PASSED] - Text ****** has been set on object 'Object Repository/Page_KiboPush/input_password (9) (1)'

2019-03-25 16:14:43 - [TEST_STEP][PASSED] - click(findTestObject("Page_KiboPush/button_Sign In (10) (1)")): Object: 'Object Repository/Page_KiboPush/button_Sign In (10) (1)' is clicked on

2019-03-25 16:14:44 - [MESSAGE][PASSED] - Object: 'Object Repository/Page_KiboPush/button_Sign In (10) (1)' is clicked on

2019-03-25 16:14:44 - [TEST_STEP][PASSED] - navigateToUrl("https://kiboengage.cloudkibo.com/dashboard"): Navigate to 'https://kiboengage.cloudkibo.com/dashboard' successfully

2019-03-25 16:15:18 - [MESSAGE][PASSED] - Navigate to 'https://kiboengage.cloudkibo.com/dashboard' successfully

2019-03-25 16:15:18 - [TEST_STEP][PASSED] - click(findTestObject("Object Repository/Page_KiboPush  Dashboard/h3_Dashboard (57)")): Object: 'Object Repository/Page_KiboPush  Dashboard/h3_Dashboard (57)' is clicked on

2019-03-25 16:15:18 - [MESSAGE][PASSED] - Object: 'Object Repository/Page_KiboPush  Dashboard/h3_Dashboard (57)' is clicked on

2019-03-25 16:15:18 - [TEST_STEP][PASSED] - delay(3): Delayed 3 second(s)

2019-03-25 16:15:21 - [MESSAGE][PASSED] - Delayed 3 second(s)

2019-03-25 16:15:21 - [MESSAGE][PASSED] - Call Test Case 'Test Cases/s-sidebar_navigation/individualAccount/Login-KiboEngage' successfully

2019-03-25 16:15:21 - [TEST_STEP][PASSED] - click(findTestObject("Page_KiboPush  Dashboard/span_Broadcasting")): Object: 'Object Repository/Page_KiboPush  Dashboard/span_Broadcasting' is clicked on

2019-03-25 16:15:21 - [MESSAGE][PASSED] - Object: 'Object Repository/Page_KiboPush  Dashboard/span_Broadcasting' is clicked on

2019-03-25 16:15:21 - [TEST_STEP][PASSED] - delay(1): Delayed 1 second(s)

2019-03-25 16:15:22 - [MESSAGE][PASSED] - Delayed 1 second(s)

2019-03-25 16:15:22 - [TEST_STEP][PASSED] - click(findTestObject("Page_KiboPush  Dashboard/span_Segment Subscribers")): Object: 'Object Repository/Page_KiboPush  Dashboard/span_Segment Subscribers' is clicked on

2019-03-25 16:15:22 - [MESSAGE][PASSED] - Object: 'Object Repository/Page_KiboPush  Dashboard/span_Segment Subscribers' is clicked on

2019-03-25 16:15:22 - [TEST_STEP][PASSED] - click(findTestObject("Page_KiboPush  Dashboard/h3_Subscribers Segmentation Li")): Object: 'Object Repository/Page_KiboPush  Dashboard/h3_Subscribers Segmentation Li' is clicked on

2019-03-25 16:15:22 - [MESSAGE][PASSED] - Object: 'Object Repository/Page_KiboPush  Dashboard/h3_Subscribers Segmentation Li' is clicked on

2019-03-25 16:15:22 - [TEST_STEP][PASSED] - delay(1): Delayed 1 second(s)

2019-03-25 16:15:23 - [MESSAGE][PASSED] - Delayed 1 second(s)

2019-03-25 16:15:23 - [MESSAGE][PASSED] - Call Test Case 'Test Cases/s-sidebar_navigation/individualAccount/Segment subsciber' successfully

2019-03-25 16:15:23 - [TEST_STEP][PASSED] - delay(2): Delayed 2 second(s)

2019-03-25 16:15:25 - [MESSAGE][PASSED] - Delayed 2 second(s)

2019-03-25 16:15:25 - [TEST_STEP][PASSED] - driver = getWebDriver(): null

2019-03-25 16:15:25 - [TEST_STEP][PASSED] - rows_table = driver.findElements(By.xpath("//table/tbody/tr")): null

2019-03-25 16:15:25 - [TEST_STEP][PASSED] - println(rows_table.size()): null

2019-03-25 16:15:25 - [TEST_STEP][PASSED] - verifyGreaterThanOrEqual(rows_table.size(), 1): Actual number '10' is greater than or equal to expected number '1'

2019-03-25 16:15:25 - [MESSAGE][PASSED] - Actual number '10' is greater than or equal to expected number '1'

2019-03-25 16:15:25 - [MESSAGE][PASSED] - Call Test Case 'Test Cases/Segment subscribers/TC0708' successfully

2019-03-25 16:15:25 - [TEST_STEP][PASSED] - delay(3): Delayed 3 second(s)

2019-03-25 16:15:28 - [MESSAGE][PASSED] - Delayed 3 second(s)

2019-03-25 16:15:28 - [TEST_STEP][PASSED] - click(findTestObject("Page_KiboPush  Dashboard/button_View (1)")): Object: 'Object Repository/Page_KiboPush  Dashboard/button_View (1)' is clicked on

2019-03-25 16:15:28 - [MESSAGE][PASSED] - Object: 'Object Repository/Page_KiboPush  Dashboard/button_View (1)' is clicked on

2019-03-25 16:15:28 - [TEST_STEP][PASSED] - click(findTestObject("Object Repository/Page_KiboEngage  list Details/a_Back")): Object: 'Object Repository/Page_KiboEngage  list Details/a_Back' is clicked on

2019-03-25 16:15:28 - [MESSAGE][PASSED] - Object: 'Object Repository/Page_KiboEngage  list Details/a_Back' is clicked on

2019-03-25 16:15:28 - [TEST_STEP][PASSED] - scrollToPosition(0, 0): Browser is scrolled to position x = 0, y = 0

2019-03-25 16:15:28 - [MESSAGE][PASSED] - Browser is scrolled to position x = 0, y = 0

2019-03-25 16:15:28 - [TEST_STEP][PASSED] - click(findTestObject("Page_KiboPush  Dashboard/h3_Subscribers Segmentation Li")): Object: 'Object Repository/Page_KiboPush  Dashboard/h3_Subscribers Segmentation Li' is clicked on

2019-03-25 16:15:29 - [MESSAGE][PASSED] - Object: 'Object Repository/Page_KiboPush  Dashboard/h3_Subscribers Segmentation Li' is clicked on]]></system-out>
         <system-err><![CDATA[]]></system-err>
      </testcase>
      <testcase name="Test Cases/Segment subscribers/TC0756" classname="Test Cases/Segment subscribers/TC0756" status="PASSED">
         <system-out><![CDATA[2019-03-25 16:15:29 - [TEST_CASE][PASSED] - Test Cases/Segment subscribers/TC0756: Test Cases/Segment subscribers/TC0756

2019-03-25 16:15:29 - [TEST_STEP][PASSED] - callTestCase(findTestCase("Segment subscribers/TC0708"), [:], STOP_ON_FAILURE): Call Test Case 'Test Cases/Segment subscribers/TC0708' successfully

2019-03-25 16:15:29 - [TEST_CASE][PASSED] - Test Cases/Segment subscribers/TC0708: Test Cases/Segment subscribers/TC0708

2019-03-25 16:15:29 - [TEST_STEP][PASSED] - callTestCase(findTestCase("s-sidebar_navigation/individualAccount/Segment subsciber"), [:], STOP_ON_FAILURE): Call Test Case 'Test Cases/s-sidebar_navigation/individualAccount/Segment subsciber' successfully

2019-03-25 16:15:29 - [TEST_CASE][PASSED] - Test Cases/s-sidebar_navigation/individualAccount/Segment subsciber: Test Cases/s-sidebar_navigation/individualAccount/Segment subsciber

2019-03-25 16:15:29 - [TEST_STEP][PASSED] - callTestCase(findTestCase("s-sidebar_navigation/individualAccount/Login-KiboEngage"), [:], STOP_ON_FAILURE): Call Test Case 'Test Cases/s-sidebar_navigation/individualAccount/Login-KiboEngage' successfully

2019-03-25 16:15:29 - [TEST_CASE][PASSED] - Test Cases/s-sidebar_navigation/individualAccount/Login-KiboEngage: Test Cases/s-sidebar_navigation/individualAccount/Login-KiboEngage

2019-03-25 16:15:29 - [TEST_STEP][PASSED] - openBrowser(""): Browser is opened with url: ''

2019-03-25 16:15:29 - [MESSAGE][WARNING] - A browser is already opened. Closing browser and opening a new one

2019-03-25 16:15:29 - [MESSAGE][INFO] - Starting 'Chrome' driver

2019-03-25 16:15:29 - [MESSAGE][PASSED] - Browser is opened with url: ''

2019-03-25 16:15:29 - [TEST_STEP][PASSED] - maximizeWindow(): Current window maximized

2019-03-25 16:15:29 - [MESSAGE][PASSED] - Current window maximized

2019-03-25 16:15:29 - [TEST_STEP][PASSED] - navigateToUrl("https://kiboengage.cloudkibo.com/"): Navigate to 'https://kiboengage.cloudkibo.com/' successfully

2019-03-25 16:15:43 - [MESSAGE][PASSED] - Navigate to 'https://kiboengage.cloudkibo.com/' successfully

2019-03-25 16:15:43 - [TEST_STEP][PASSED] - navigateToUrl("https://accounts.cloudkibo.com/?continue=https://kiboengage.cloudkibo.com"): Navigate to 'https://accounts.cloudkibo.com/?continue=https://kiboengage.cloudkibo.com' successfully

2019-03-25 16:15:43 - [MESSAGE][PASSED] - Navigate to 'https://accounts.cloudkibo.com/?continue=https://kiboengage.cloudkibo.com' successfully

2019-03-25 16:15:43 - [TEST_STEP][PASSED] - click(findTestObject("Page_KiboPush/a_Login (9) (1)")): Object: 'Object Repository/Page_KiboPush/a_Login (9) (1)' is clicked on

2019-03-25 16:15:44 - [MESSAGE][PASSED] - Object: 'Object Repository/Page_KiboPush/a_Login (9) (1)' is clicked on

2019-03-25 16:15:44 - [TEST_STEP][PASSED] - setText(findTestObject("Page_KiboPush/input_email (10) (1)"), "individual@cloudkibo.com"): Text 'individual@cloudkibo.com' is set on object 'Object Repository/Page_KiboPush/input_email (10) (1)'

2019-03-25 16:15:44 - [MESSAGE][PASSED] - Text 'individual@cloudkibo.com' is set on object 'Object Repository/Page_KiboPush/input_email (10) (1)'

2019-03-25 16:15:44 - [TEST_STEP][PASSED] - setEncryptedText(findTestObject("Page_KiboPush/input_password (9) (1)"), "RigbBhfdqOBGNlJIWM1ClA=="): Text ****** has been set on object 'Object Repository/Page_KiboPush/input_password (9) (1)'

2019-03-25 16:15:44 - [MESSAGE][PASSED] - Text ****** has been set on object 'Object Repository/Page_KiboPush/input_password (9) (1)'

2019-03-25 16:15:44 - [TEST_STEP][PASSED] - click(findTestObject("Page_KiboPush/button_Sign In (10) (1)")): Object: 'Object Repository/Page_KiboPush/button_Sign In (10) (1)' is clicked on

2019-03-25 16:15:44 - [MESSAGE][PASSED] - Object: 'Object Repository/Page_KiboPush/button_Sign In (10) (1)' is clicked on

2019-03-25 16:15:44 - [TEST_STEP][PASSED] - navigateToUrl("https://kiboengage.cloudkibo.com/dashboard"): Navigate to 'https://kiboengage.cloudkibo.com/dashboard' successfully

2019-03-25 16:16:28 - [MESSAGE][PASSED] - Navigate to 'https://kiboengage.cloudkibo.com/dashboard' successfully

2019-03-25 16:16:28 - [TEST_STEP][PASSED] - click(findTestObject("Object Repository/Page_KiboPush  Dashboard/h3_Dashboard (57)")): Object: 'Object Repository/Page_KiboPush  Dashboard/h3_Dashboard (57)' is clicked on

2019-03-25 16:16:28 - [MESSAGE][PASSED] - Object: 'Object Repository/Page_KiboPush  Dashboard/h3_Dashboard (57)' is clicked on

2019-03-25 16:16:28 - [TEST_STEP][PASSED] - delay(3): Delayed 3 second(s)

2019-03-25 16:16:31 - [MESSAGE][PASSED] - Delayed 3 second(s)

2019-03-25 16:16:31 - [MESSAGE][PASSED] - Call Test Case 'Test Cases/s-sidebar_navigation/individualAccount/Login-KiboEngage' successfully

2019-03-25 16:16:31 - [TEST_STEP][PASSED] - click(findTestObject("Page_KiboPush  Dashboard/span_Broadcasting")): Object: 'Object Repository/Page_KiboPush  Dashboard/span_Broadcasting' is clicked on

2019-03-25 16:16:31 - [MESSAGE][PASSED] - Object: 'Object Repository/Page_KiboPush  Dashboard/span_Broadcasting' is clicked on

2019-03-25 16:16:31 - [TEST_STEP][PASSED] - delay(1): Delayed 1 second(s)

2019-03-25 16:16:32 - [MESSAGE][PASSED] - Delayed 1 second(s)

2019-03-25 16:16:32 - [TEST_STEP][PASSED] - click(findTestObject("Page_KiboPush  Dashboard/span_Segment Subscribers")): Object: 'Object Repository/Page_KiboPush  Dashboard/span_Segment Subscribers' is clicked on

2019-03-25 16:16:32 - [MESSAGE][PASSED] - Object: 'Object Repository/Page_KiboPush  Dashboard/span_Segment Subscribers' is clicked on

2019-03-25 16:16:32 - [TEST_STEP][PASSED] - click(findTestObject("Page_KiboPush  Dashboard/h3_Subscribers Segmentation Li")): Object: 'Object Repository/Page_KiboPush  Dashboard/h3_Subscribers Segmentation Li' is clicked on

2019-03-25 16:16:32 - [MESSAGE][PASSED] - Object: 'Object Repository/Page_KiboPush  Dashboard/h3_Subscribers Segmentation Li' is clicked on

2019-03-25 16:16:32 - [TEST_STEP][PASSED] - delay(1): Delayed 1 second(s)

2019-03-25 16:16:33 - [MESSAGE][PASSED] - Delayed 1 second(s)

2019-03-25 16:16:33 - [MESSAGE][PASSED] - Call Test Case 'Test Cases/s-sidebar_navigation/individualAccount/Segment subsciber' successfully

2019-03-25 16:16:33 - [TEST_STEP][PASSED] - delay(2): Delayed 2 second(s)

2019-03-25 16:16:35 - [MESSAGE][PASSED] - Delayed 2 second(s)

2019-03-25 16:16:35 - [TEST_STEP][PASSED] - driver = getWebDriver(): null

2019-03-25 16:16:35 - [TEST_STEP][PASSED] - rows_table = driver.findElements(By.xpath("//table/tbody/tr")): null

2019-03-25 16:16:35 - [TEST_STEP][PASSED] - println(rows_table.size()): null

2019-03-25 16:16:35 - [TEST_STEP][PASSED] - verifyGreaterThanOrEqual(rows_table.size(), 1): Actual number '10' is greater than or equal to expected number '1'

2019-03-25 16:16:35 - [MESSAGE][PASSED] - Actual number '10' is greater than or equal to expected number '1'

2019-03-25 16:16:35 - [MESSAGE][PASSED] - Call Test Case 'Test Cases/Segment subscribers/TC0708' successfully

2019-03-25 16:16:35 - [TEST_STEP][PASSED] - click(findTestObject("Object Repository/Page_KiboPush  Dashboard/a_Edit")): Object: 'Object Repository/Page_KiboPush  Dashboard/a_Edit' is clicked on

2019-03-25 16:16:35 - [MESSAGE][PASSED] - Object: 'Object Repository/Page_KiboPush  Dashboard/a_Edit' is clicked on

2019-03-25 16:16:35 - [TEST_STEP][PASSED] - scrollToPosition(0, 0): Browser is scrolled to position x = 0, y = 0

2019-03-25 16:16:35 - [MESSAGE][PASSED] - Browser is scrolled to position x = 0, y = 0

2019-03-25 16:16:35 - [TEST_STEP][PASSED] - click(findTestObject("Object Repository/Page_KiboPush  Dashboard/h3_Edit SubList of Subscribers")): Object: 'Object Repository/Page_KiboPush  Dashboard/h3_Edit SubList of Subscribers' is clicked on

2019-03-25 16:16:35 - [MESSAGE][PASSED] - Object: 'Object Repository/Page_KiboPush  Dashboard/h3_Edit SubList of Subscribers' is clicked on]]></system-out>
         <system-err><![CDATA[]]></system-err>
      </testcase>
      <testcase name="Test Cases/Segment subscribers/TC0757" classname="Test Cases/Segment subscribers/TC0757" status="PASSED">
         <system-out><![CDATA[2019-03-25 16:16:36 - [TEST_CASE][PASSED] - Test Cases/Segment subscribers/TC0757: Test Cases/Segment subscribers/TC0757

2019-03-25 16:16:36 - [TEST_STEP][PASSED] - callTestCase(findTestCase("Segment subscribers/TC0756"), [:], STOP_ON_FAILURE): Call Test Case 'Test Cases/Segment subscribers/TC0756' successfully

2019-03-25 16:16:36 - [TEST_CASE][PASSED] - Test Cases/Segment subscribers/TC0756: Test Cases/Segment subscribers/TC0756

2019-03-25 16:16:36 - [TEST_STEP][PASSED] - callTestCase(findTestCase("Segment subscribers/TC0708"), [:], STOP_ON_FAILURE): Call Test Case 'Test Cases/Segment subscribers/TC0708' successfully

2019-03-25 16:16:36 - [TEST_CASE][PASSED] - Test Cases/Segment subscribers/TC0708: Test Cases/Segment subscribers/TC0708

2019-03-25 16:16:36 - [TEST_STEP][PASSED] - callTestCase(findTestCase("s-sidebar_navigation/individualAccount/Segment subsciber"), [:], STOP_ON_FAILURE): Call Test Case 'Test Cases/s-sidebar_navigation/individualAccount/Segment subsciber' successfully

2019-03-25 16:16:36 - [TEST_CASE][PASSED] - Test Cases/s-sidebar_navigation/individualAccount/Segment subsciber: Test Cases/s-sidebar_navigation/individualAccount/Segment subsciber

2019-03-25 16:16:36 - [TEST_STEP][PASSED] - callTestCase(findTestCase("s-sidebar_navigation/individualAccount/Login-KiboEngage"), [:], STOP_ON_FAILURE): Call Test Case 'Test Cases/s-sidebar_navigation/individualAccount/Login-KiboEngage' successfully

2019-03-25 16:16:36 - [TEST_CASE][PASSED] - Test Cases/s-sidebar_navigation/individualAccount/Login-KiboEngage: Test Cases/s-sidebar_navigation/individualAccount/Login-KiboEngage

2019-03-25 16:16:36 - [TEST_STEP][PASSED] - openBrowser(""): Browser is opened with url: ''

2019-03-25 16:16:36 - [MESSAGE][WARNING] - A browser is already opened. Closing browser and opening a new one

2019-03-25 16:16:36 - [MESSAGE][INFO] - Starting 'Chrome' driver

2019-03-25 16:16:37 - [MESSAGE][PASSED] - Browser is opened with url: ''

2019-03-25 16:16:37 - [TEST_STEP][PASSED] - maximizeWindow(): Current window maximized

2019-03-25 16:16:37 - [MESSAGE][PASSED] - Current window maximized

2019-03-25 16:16:37 - [TEST_STEP][PASSED] - navigateToUrl("https://kiboengage.cloudkibo.com/"): Navigate to 'https://kiboengage.cloudkibo.com/' successfully

2019-03-25 16:16:47 - [MESSAGE][PASSED] - Navigate to 'https://kiboengage.cloudkibo.com/' successfully

2019-03-25 16:16:47 - [TEST_STEP][PASSED] - navigateToUrl("https://accounts.cloudkibo.com/?continue=https://kiboengage.cloudkibo.com"): Navigate to 'https://accounts.cloudkibo.com/?continue=https://kiboengage.cloudkibo.com' successfully

2019-03-25 16:16:48 - [MESSAGE][PASSED] - Navigate to 'https://accounts.cloudkibo.com/?continue=https://kiboengage.cloudkibo.com' successfully

2019-03-25 16:16:48 - [TEST_STEP][PASSED] - click(findTestObject("Page_KiboPush/a_Login (9) (1)")): Object: 'Object Repository/Page_KiboPush/a_Login (9) (1)' is clicked on

2019-03-25 16:16:49 - [MESSAGE][PASSED] - Object: 'Object Repository/Page_KiboPush/a_Login (9) (1)' is clicked on

2019-03-25 16:16:49 - [TEST_STEP][PASSED] - setText(findTestObject("Page_KiboPush/input_email (10) (1)"), "individual@cloudkibo.com"): Text 'individual@cloudkibo.com' is set on object 'Object Repository/Page_KiboPush/input_email (10) (1)'

2019-03-25 16:16:49 - [MESSAGE][PASSED] - Text 'individual@cloudkibo.com' is set on object 'Object Repository/Page_KiboPush/input_email (10) (1)'

2019-03-25 16:16:49 - [TEST_STEP][PASSED] - setEncryptedText(findTestObject("Page_KiboPush/input_password (9) (1)"), "RigbBhfdqOBGNlJIWM1ClA=="): Text ****** has been set on object 'Object Repository/Page_KiboPush/input_password (9) (1)'

2019-03-25 16:16:49 - [MESSAGE][PASSED] - Text ****** has been set on object 'Object Repository/Page_KiboPush/input_password (9) (1)'

2019-03-25 16:16:49 - [TEST_STEP][PASSED] - click(findTestObject("Page_KiboPush/button_Sign In (10) (1)")): Object: 'Object Repository/Page_KiboPush/button_Sign In (10) (1)' is clicked on

2019-03-25 16:16:49 - [MESSAGE][PASSED] - Object: 'Object Repository/Page_KiboPush/button_Sign In (10) (1)' is clicked on

2019-03-25 16:16:49 - [TEST_STEP][PASSED] - navigateToUrl("https://kiboengage.cloudkibo.com/dashboard"): Navigate to 'https://kiboengage.cloudkibo.com/dashboard' successfully

2019-03-25 16:17:23 - [MESSAGE][PASSED] - Navigate to 'https://kiboengage.cloudkibo.com/dashboard' successfully

2019-03-25 16:17:23 - [TEST_STEP][PASSED] - click(findTestObject("Object Repository/Page_KiboPush  Dashboard/h3_Dashboard (57)")): Object: 'Object Repository/Page_KiboPush  Dashboard/h3_Dashboard (57)' is clicked on

2019-03-25 16:17:23 - [MESSAGE][PASSED] - Object: 'Object Repository/Page_KiboPush  Dashboard/h3_Dashboard (57)' is clicked on

2019-03-25 16:17:23 - [TEST_STEP][PASSED] - delay(3): Delayed 3 second(s)

2019-03-25 16:17:26 - [MESSAGE][PASSED] - Delayed 3 second(s)

2019-03-25 16:17:26 - [MESSAGE][PASSED] - Call Test Case 'Test Cases/s-sidebar_navigation/individualAccount/Login-KiboEngage' successfully

2019-03-25 16:17:26 - [TEST_STEP][PASSED] - click(findTestObject("Page_KiboPush  Dashboard/span_Broadcasting")): Object: 'Object Repository/Page_KiboPush  Dashboard/span_Broadcasting' is clicked on

2019-03-25 16:17:26 - [MESSAGE][PASSED] - Object: 'Object Repository/Page_KiboPush  Dashboard/span_Broadcasting' is clicked on

2019-03-25 16:17:26 - [TEST_STEP][PASSED] - delay(1): Delayed 1 second(s)

2019-03-25 16:17:27 - [MESSAGE][PASSED] - Delayed 1 second(s)

2019-03-25 16:17:27 - [TEST_STEP][PASSED] - click(findTestObject("Page_KiboPush  Dashboard/span_Segment Subscribers")): Object: 'Object Repository/Page_KiboPush  Dashboard/span_Segment Subscribers' is clicked on

2019-03-25 16:17:27 - [MESSAGE][PASSED] - Object: 'Object Repository/Page_KiboPush  Dashboard/span_Segment Subscribers' is clicked on

2019-03-25 16:17:27 - [TEST_STEP][PASSED] - click(findTestObject("Page_KiboPush  Dashboard/h3_Subscribers Segmentation Li")): Object: 'Object Repository/Page_KiboPush  Dashboard/h3_Subscribers Segmentation Li' is clicked on

2019-03-25 16:17:27 - [MESSAGE][PASSED] - Object: 'Object Repository/Page_KiboPush  Dashboard/h3_Subscribers Segmentation Li' is clicked on

2019-03-25 16:17:27 - [TEST_STEP][PASSED] - delay(1): Delayed 1 second(s)

2019-03-25 16:17:28 - [MESSAGE][PASSED] - Delayed 1 second(s)

2019-03-25 16:17:28 - [MESSAGE][PASSED] - Call Test Case 'Test Cases/s-sidebar_navigation/individualAccount/Segment subsciber' successfully

2019-03-25 16:17:28 - [TEST_STEP][PASSED] - delay(2): Delayed 2 second(s)

2019-03-25 16:17:30 - [MESSAGE][PASSED] - Delayed 2 second(s)

2019-03-25 16:17:30 - [TEST_STEP][PASSED] - driver = getWebDriver(): null

2019-03-25 16:17:30 - [TEST_STEP][PASSED] - rows_table = driver.findElements(By.xpath("//table/tbody/tr")): null

2019-03-25 16:17:30 - [TEST_STEP][PASSED] - println(rows_table.size()): null

2019-03-25 16:17:30 - [TEST_STEP][PASSED] - verifyGreaterThanOrEqual(rows_table.size(), 1): Actual number '10' is greater than or equal to expected number '1'

2019-03-25 16:17:30 - [MESSAGE][PASSED] - Actual number '10' is greater than or equal to expected number '1'

2019-03-25 16:17:30 - [MESSAGE][PASSED] - Call Test Case 'Test Cases/Segment subscribers/TC0708' successfully

2019-03-25 16:17:30 - [TEST_STEP][PASSED] - click(findTestObject("Object Repository/Page_KiboPush  Dashboard/a_Edit")): Object: 'Object Repository/Page_KiboPush  Dashboard/a_Edit' is clicked on

2019-03-25 16:17:30 - [MESSAGE][PASSED] - Object: 'Object Repository/Page_KiboPush  Dashboard/a_Edit' is clicked on

2019-03-25 16:17:30 - [TEST_STEP][PASSED] - scrollToPosition(0, 0): Browser is scrolled to position x = 0, y = 0

2019-03-25 16:17:30 - [MESSAGE][PASSED] - Browser is scrolled to position x = 0, y = 0

2019-03-25 16:17:30 - [TEST_STEP][PASSED] - click(findTestObject("Object Repository/Page_KiboPush  Dashboard/h3_Edit SubList of Subscribers")): Object: 'Object Repository/Page_KiboPush  Dashboard/h3_Edit SubList of Subscribers' is clicked on

2019-03-25 16:17:30 - [MESSAGE][PASSED] - Object: 'Object Repository/Page_KiboPush  Dashboard/h3_Edit SubList of Subscribers' is clicked on

2019-03-25 16:17:30 - [MESSAGE][PASSED] - Call Test Case 'Test Cases/Segment subscribers/TC0756' successfully

2019-03-25 16:17:30 - [TEST_STEP][PASSED] - delay(3): Delayed 3 second(s)

2019-03-25 16:17:33 - [MESSAGE][PASSED] - Delayed 3 second(s)

2019-03-25 16:17:33 - [TEST_STEP][PASSED] - setText(findTestObject("Object Repository/Page_KiboPush  Dashboard/input_listName (4)"), "39"): Text '39' is set on object 'Object Repository/Page_KiboPush  Dashboard/input_listName (4)'

2019-03-25 16:17:34 - [MESSAGE][PASSED] - Text '39' is set on object 'Object Repository/Page_KiboPush  Dashboard/input_listName (4)'

2019-03-25 16:17:34 - [TEST_STEP][PASSED] - click(findTestObject("Object Repository/Page_KiboPush  Dashboard/button_Update")): Object: 'Object Repository/Page_KiboPush  Dashboard/button_Update' is clicked on

2019-03-25 16:17:34 - [MESSAGE][PASSED] - Object: 'Object Repository/Page_KiboPush  Dashboard/button_Update' is clicked on

2019-03-25 16:17:34 - [TEST_STEP][PASSED] - click(findTestObject("Object Repository/Page_KiboPush  Dashboard/div_List saved successfully")): Object: 'Object Repository/Page_KiboPush  Dashboard/div_List saved successfully' is clicked on

2019-03-25 16:17:34 - [MESSAGE][PASSED] - Object: 'Object Repository/Page_KiboPush  Dashboard/div_List saved successfully' is clicked on]]></system-out>
         <system-err><![CDATA[]]></system-err>
      </testcase>
      <testcase name="Test Cases/Segment subscribers/TC0758" classname="Test Cases/Segment subscribers/TC0758" status="FAILED">
         <failure type="FAILED" message="Test Cases/Segment subscribers/TC0758 FAILED.
Reason:
com.kms.katalon.core.exception.StepFailedException: Call Test Case 'Test Cases/Segment subscribers/TC0756' failed
	at com.kms.katalon.core.keyword.builtin.CallTestCaseKeyword$_callTestCase_closure1.doCall(CallTestCaseKeyword.groovy:63)
	at com.kms.katalon.core.keyword.builtin.CallTestCaseKeyword$_callTestCase_closure1.call(CallTestCaseKeyword.groovy)
	at com.kms.katalon.core.keyword.internal.KeywordMain.runKeyword(KeywordMain.groovy:66)
	at com.kms.katalon.core.keyword.builtin.CallTestCaseKeyword.callTestCase(CallTestCaseKeyword.groovy:81)
	at com.kms.katalon.core.keyword.builtin.CallTestCaseKeyword.execute(CallTestCaseKeyword.groovy:44)
	at com.kms.katalon.core.keyword.internal.KeywordExecutor.executeKeywordForPlatform(KeywordExecutor.groovy:56)
	at com.kms.katalon.core.keyword.BuiltinKeywords.callTestCase(BuiltinKeywords.groovy:334)
	at TC0758.run(TC0758:23)
	at com.kms.katalon.core.main.ScriptEngine.run(ScriptEngine.java:194)
	at com.kms.katalon.core.main.ScriptEngine.runScriptAsRawText(ScriptEngine.java:119)
	at com.kms.katalon.core.main.TestCaseExecutor.runScript(TestCaseExecutor.java:331)
	at com.kms.katalon.core.main.TestCaseExecutor.doExecute(TestCaseExecutor.java:322)
	at com.kms.katalon.core.main.TestCaseExecutor.processExecutionPhase(TestCaseExecutor.java:301)
	at com.kms.katalon.core.main.TestCaseExecutor.accessMainPhase(TestCaseExecutor.java:293)
	at com.kms.katalon.core.main.TestCaseExecutor.execute(TestCaseExecutor.java:227)
	at com.kms.katalon.core.main.TestSuiteExecutor.accessTestCaseMainPhase(TestSuiteExecutor.java:129)
	at com.kms.katalon.core.main.TestSuiteExecutor.accessTestSuiteMainPhase(TestSuiteExecutor.java:112)
	at com.kms.katalon.core.main.TestSuiteExecutor.execute(TestSuiteExecutor.java:81)
	at com.kms.katalon.core.main.TestCaseMain.startTestSuite(TestCaseMain.java:157)
	at com.kms.katalon.core.main.TestCaseMain$startTestSuite$0.call(Unknown Source)
	at TempTestSuite1553506926009.run(TempTestSuite1553506926009.groovy:35)
Caused by: com.kms.katalon.core.exception.StepFailedException: Call Test Case 'Test Cases/Segment subscribers/TC0708' failed
	at com.kms.katalon.core.keyword.builtin.CallTestCaseKeyword$_callTestCase_closure1.doCall(CallTestCaseKeyword.groovy:63)
	at com.kms.katalon.core.keyword.builtin.CallTestCaseKeyword$_callTestCase_closure1.call(CallTestCaseKeyword.groovy)
	at com.kms.katalon.core.keyword.internal.KeywordMain.runKeyword(KeywordMain.groovy:66)
	at com.kms.katalon.core.keyword.builtin.CallTestCaseKeyword.callTestCase(CallTestCaseKeyword.groovy:81)
	at com.kms.katalon.core.keyword.builtin.CallTestCaseKeyword.execute(CallTestCaseKeyword.groovy:44)
	at com.kms.katalon.core.keyword.internal.KeywordExecutor.executeKeywordForPlatform(KeywordExecutor.groovy:56)
	at com.kms.katalon.core.keyword.BuiltinKeywords.callTestCase(BuiltinKeywords.groovy:334)
	at TC0756.run(TC0756:22)
	at com.kms.katalon.core.main.ScriptEngine.run(ScriptEngine.java:194)
	at com.kms.katalon.core.main.ScriptEngine.runScriptAsRawText(ScriptEngine.java:119)
	at com.kms.katalon.core.main.TestCaseExecutor.runScript(TestCaseExecutor.java:331)
	at com.kms.katalon.core.main.TestCaseExecutor.doExecute(TestCaseExecutor.java:322)
	at com.kms.katalon.core.main.TestCaseExecutor.processExecutionPhase(TestCaseExecutor.java:301)
	at com.kms.katalon.core.main.TestCaseExecutor.accessMainPhase(TestCaseExecutor.java:293)
	at com.kms.katalon.core.main.TestCaseExecutor.execute(TestCaseExecutor.java:227)
	at com.kms.katalon.core.main.TestCaseMain.runTestCase(TestCaseMain.java:114)
	at com.kms.katalon.core.keyword.builtin.CallTestCaseKeyword$_callTestCase_closure1.doCall(CallTestCaseKeyword.groovy:59)
	... 20 more
Caused by: com.kms.katalon.core.exception.StepFailedException: Call Test Case 'Test Cases/s-sidebar_navigation/individualAccount/Segment subsciber' failed
	at com.kms.katalon.core.keyword.builtin.CallTestCaseKeyword$_callTestCase_closure1.doCall(CallTestCaseKeyword.groovy:63)
	at com.kms.katalon.core.keyword.builtin.CallTestCaseKeyword$_callTestCase_closure1.call(CallTestCaseKeyword.groovy)
	at com.kms.katalon.core.keyword.internal.KeywordMain.runKeyword(KeywordMain.groovy:66)
	at com.kms.katalon.core.keyword.builtin.CallTestCaseKeyword.callTestCase(CallTestCaseKeyword.groovy:81)
	at com.kms.katalon.core.keyword.builtin.CallTestCaseKeyword.execute(CallTestCaseKeyword.groovy:44)
	at com.kms.katalon.core.keyword.internal.KeywordExecutor.executeKeywordForPlatform(KeywordExecutor.groovy:56)
	at com.kms.katalon.core.keyword.BuiltinKeywords.callTestCase(BuiltinKeywords.groovy:334)
	at TC0708.run(TC0708:30)
	at com.kms.katalon.core.main.ScriptEngine.run(ScriptEngine.java:194)
	at com.kms.katalon.core.main.ScriptEngine.runScriptAsRawText(ScriptEngine.java:119)
	at com.kms.katalon.core.main.TestCaseExecutor.runScript(TestCaseExecutor.java:331)
	at com.kms.katalon.core.main.TestCaseExecutor.doExecute(TestCaseExecutor.java:322)
	at com.kms.katalon.core.main.TestCaseExecutor.processExecutionPhase(TestCaseExecutor.java:301)
	at com.kms.katalon.core.main.TestCaseExecutor.accessMainPhase(TestCaseExecutor.java:293)
	at com.kms.katalon.core.main.TestCaseExecutor.execute(TestCaseExecutor.java:227)
	at com.kms.katalon.core.main.TestCaseMain.runTestCase(TestCaseMain.java:114)
	at com.kms.katalon.core.keyword.builtin.CallTestCaseKeyword$_callTestCase_closure1.doCall(CallTestCaseKeyword.groovy:59)
	... 36 more
Caused by: com.kms.katalon.core.exception.StepFailedException: Unable to click on object 'Object Repository/Page_KiboPush  Dashboard/span_Broadcasting'
	at com.kms.katalon.core.webui.keyword.internal.WebUIKeywordMain.stepFailed(WebUIKeywordMain.groovy:64)
	at com.kms.katalon.core.webui.keyword.internal.WebUIKeywordMain.runKeyword(WebUIKeywordMain.groovy:26)
	at com.kms.katalon.core.webui.keyword.builtin.ClickKeyword.click(ClickKeyword.groovy:86)
	at com.kms.katalon.core.webui.keyword.builtin.ClickKeyword.execute(ClickKeyword.groovy:67)
	at com.kms.katalon.core.keyword.internal.KeywordExecutor.executeKeywordForPlatform(KeywordExecutor.groovy:56)
	at com.kms.katalon.core.webui.keyword.WebUiBuiltInKeywords.click(WebUiBuiltInKeywords.groovy:616)
	at com.kms.katalon.core.webui.keyword.WebUiBuiltInKeywords$click$2.call(Unknown Source)
	at Segment subsciber.run(Segment subsciber:24)
	at com.kms.katalon.core.main.ScriptEngine.run(ScriptEngine.java:194)
	at com.kms.katalon.core.main.ScriptEngine.runScriptAsRawText(ScriptEngine.java:119)
	at com.kms.katalon.core.main.TestCaseExecutor.runScript(TestCaseExecutor.java:331)
	at com.kms.katalon.core.main.TestCaseExecutor.doExecute(TestCaseExecutor.java:322)
	at com.kms.katalon.core.main.TestCaseExecutor.processExecutionPhase(TestCaseExecutor.java:301)
	at com.kms.katalon.core.main.TestCaseExecutor.accessMainPhase(TestCaseExecutor.java:293)
	at com.kms.katalon.core.main.TestCaseExecutor.execute(TestCaseExecutor.java:227)
	at com.kms.katalon.core.main.TestCaseMain.runTestCase(TestCaseMain.java:114)
	at com.kms.katalon.core.keyword.builtin.CallTestCaseKeyword$_callTestCase_closure1.doCall(CallTestCaseKeyword.groovy:59)
	... 52 more
Caused by: com.kms.katalon.core.webui.exception.WebElementNotFoundException: Web element with id: 'Object Repository/Page_KiboPush  Dashboard/span_Broadcasting' located by 'By.xpath: //span[(text() = 'Broadcasting' or . = 'Broadcasting')]' not found
	at com.kms.katalon.core.webui.common.WebUiCommonHelper.findWebElement(WebUiCommonHelper.java:1053)
	at com.kms.katalon.core.webui.keyword.internal.WebUIAbstractKeyword.findWebElement(WebUIAbstractKeyword.groovy:27)
	at com.kms.katalon.core.webui.keyword.internal.WebUIAbstractKeyword.findWebElement(WebUIAbstractKeyword.groovy:26)
	at com.kms.katalon.core.webui.keyword.builtin.ClickKeyword$_click_closure1.doCall(ClickKeyword.groovy:77)
	at com.kms.katalon.core.webui.keyword.builtin.ClickKeyword$_click_closure1.call(ClickKeyword.groovy)
	at com.kms.katalon.core.webui.keyword.internal.WebUIKeywordMain.runKeyword(WebUIKeywordMain.groovy:20)
	at com.kms.katalon.core.webui.keyword.builtin.ClickKeyword.click(ClickKeyword.groovy:86)
	at com.kms.katalon.core.webui.keyword.builtin.ClickKeyword.execute(ClickKeyword.groovy:67)
	at com.kms.katalon.core.keyword.internal.KeywordExecutor.executeKeywordForPlatform(KeywordExecutor.groovy:56)
	at com.kms.katalon.core.webui.keyword.WebUiBuiltInKeywords.click(WebUiBuiltInKeywords.groovy:616)
	at com.kms.katalon.core.webui.keyword.WebUiBuiltInKeywords$click$2.call(Unknown Source)
	at Script1537021633802.run(Script1537021633802.groovy:24)
	at com.kms.katalon.core.main.ScriptEngine.run(ScriptEngine.java:194)
	at com.kms.katalon.core.main.ScriptEngine.runScriptAsRawText(ScriptEngine.java:119)
	at com.kms.katalon.core.main.TestCaseExecutor.runScript(TestCaseExecutor.java:331)
	at com.kms.katalon.core.main.TestCaseExecutor.doExecute(TestCaseExecutor.java:322)
	at com.kms.katalon.core.main.TestCaseExecutor.processExecutionPhase(TestCaseExecutor.java:301)
	at com.kms.katalon.core.main.TestCaseExecutor.accessMainPhase(TestCaseExecutor.java:293)
	at com.kms.katalon.core.main.TestCaseExecutor.execute(TestCaseExecutor.java:227)
	at com.kms.katalon.core.main.TestCaseMain.runTestCase(TestCaseMain.java:114)
	at com.kms.katalon.core.keyword.builtin.CallTestCaseKeyword$_callTestCase_closure1.doCall(CallTestCaseKeyword.groovy:59)
	at com.kms.katalon.core.keyword.builtin.CallTestCaseKeyword$_callTestCase_closure1.call(CallTestCaseKeyword.groovy)
	at com.kms.katalon.core.keyword.internal.KeywordMain.runKeyword(KeywordMain.groovy:66)
	at com.kms.katalon.core.keyword.builtin.CallTestCaseKeyword.callTestCase(CallTestCaseKeyword.groovy:81)
	at com.kms.katalon.core.keyword.builtin.CallTestCaseKeyword.execute(CallTestCaseKeyword.groovy:44)
	at com.kms.katalon.core.keyword.internal.KeywordExecutor.executeKeywordForPlatform(KeywordExecutor.groovy:56)
	at com.kms.katalon.core.keyword.BuiltinKeywords.callTestCase(BuiltinKeywords.groovy:334)
	at Script1536563047854.run(Script1536563047854.groovy:30)
	at com.kms.katalon.core.main.ScriptEngine.run(ScriptEngine.java:194)
	at com.kms.katalon.core.main.ScriptEngine.runScriptAsRawText(ScriptEngine.java:119)
	at com.kms.katalon.core.main.TestCaseExecutor.runScript(TestCaseExecutor.java:331)
	at com.kms.katalon.core.main.TestCaseExecutor.doExecute(TestCaseExecutor.java:322)
	at com.kms.katalon.core.main.TestCaseExecutor.processExecutionPhase(TestCaseExecutor.java:301)
	at com.kms.katalon.core.main.TestCaseExecutor.accessMainPhase(TestCaseExecutor.java:293)
	at com.kms.katalon.core.main.TestCaseExecutor.execute(TestCaseExecutor.java:227)
	at com.kms.katalon.core.main.TestCaseMain.runTestCase(TestCaseMain.java:114)
	at com.kms.katalon.core.keyword.builtin.CallTestCaseKeyword$_callTestCase_closure1.doCall(CallTestCaseKeyword.groovy:59)
	at com.kms.katalon.core.keyword.builtin.CallTestCaseKeyword$_callTestCase_closure1.call(CallTestCaseKeyword.groovy)
	at com.kms.katalon.core.keyword.internal.KeywordMain.runKeyword(KeywordMain.groovy:66)
	at com.kms.katalon.core.keyword.builtin.CallTestCaseKeyword.callTestCase(CallTestCaseKeyword.groovy:81)
	at com.kms.katalon.core.keyword.builtin.CallTestCaseKeyword.execute(CallTestCaseKeyword.groovy:44)
	at com.kms.katalon.core.keyword.internal.KeywordExecutor.executeKeywordForPlatform(KeywordExecutor.groovy:56)
	at com.kms.katalon.core.keyword.BuiltinKeywords.callTestCase(BuiltinKeywords.groovy:334)
	at Script1536828708428.run(Script1536828708428.groovy:22)
	at com.kms.katalon.core.main.ScriptEngine.run(ScriptEngine.java:194)
	at com.kms.katalon.core.main.ScriptEngine.runScriptAsRawText(ScriptEngine.java:119)
	at com.kms.katalon.core.main.TestCaseExecutor.runScript(TestCaseExecutor.java:331)
	at com.kms.katalon.core.main.TestCaseExecutor.doExecute(TestCaseExecutor.java:322)
	at com.kms.katalon.core.main.TestCaseExecutor.processExecutionPhase(TestCaseExecutor.java:301)
	at com.kms.katalon.core.main.TestCaseExecutor.accessMainPhase(TestCaseExecutor.java:293)
	at com.kms.katalon.core.main.TestCaseExecutor.execute(TestCaseExecutor.java:227)
	at com.kms.katalon.core.main.TestCaseMain.runTestCase(TestCaseMain.java:114)
	at com.kms.katalon.core.keyword.builtin.CallTestCaseKeyword$_callTestCase_closure1.doCall(CallTestCaseKeyword.groovy:59)
	at com.kms.katalon.core.keyword.builtin.CallTestCaseKeyword$_callTestCase_closure1.call(CallTestCaseKeyword.groovy)
	at com.kms.katalon.core.keyword.internal.KeywordMain.runKeyword(KeywordMain.groovy:66)
	at com.kms.katalon.core.keyword.builtin.CallTestCaseKeyword.callTestCase(CallTestCaseKeyword.groovy:81)
	at com.kms.katalon.core.keyword.builtin.CallTestCaseKeyword.execute(CallTestCaseKeyword.groovy:44)
	at com.kms.katalon.core.keyword.internal.KeywordExecutor.executeKeywordForPlatform(KeywordExecutor.groovy:56)
	at com.kms.katalon.core.keyword.BuiltinKeywords.callTestCase(BuiltinKeywords.groovy:334)
	at Script1536829528699.run(Script1536829528699.groovy:23)
	... 13 more
"/>
         <system-out><![CDATA[2019-03-25 16:17:34 - [TEST_CASE][FAILED] - Test Cases/Segment subscribers/TC0758: Test Cases/Segment subscribers/TC0758 FAILED.
Reason:
com.kms.katalon.core.exception.StepFailedException: Call Test Case 'Test Cases/Segment subscribers/TC0756' failed
	at com.kms.katalon.core.keyword.builtin.CallTestCaseKeyword$_callTestCase_closure1.doCall(CallTestCaseKeyword.groovy:63)
	at com.kms.katalon.core.keyword.builtin.CallTestCaseKeyword$_callTestCase_closure1.call(CallTestCaseKeyword.groovy)
	at com.kms.katalon.core.keyword.internal.KeywordMain.runKeyword(KeywordMain.groovy:66)
	at com.kms.katalon.core.keyword.builtin.CallTestCaseKeyword.callTestCase(CallTestCaseKeyword.groovy:81)
	at com.kms.katalon.core.keyword.builtin.CallTestCaseKeyword.execute(CallTestCaseKeyword.groovy:44)
	at com.kms.katalon.core.keyword.internal.KeywordExecutor.executeKeywordForPlatform(KeywordExecutor.groovy:56)
	at com.kms.katalon.core.keyword.BuiltinKeywords.callTestCase(BuiltinKeywords.groovy:334)
	at TC0758.run(TC0758:23)
	at com.kms.katalon.core.main.ScriptEngine.run(ScriptEngine.java:194)
	at com.kms.katalon.core.main.ScriptEngine.runScriptAsRawText(ScriptEngine.java:119)
	at com.kms.katalon.core.main.TestCaseExecutor.runScript(TestCaseExecutor.java:331)
	at com.kms.katalon.core.main.TestCaseExecutor.doExecute(TestCaseExecutor.java:322)
	at com.kms.katalon.core.main.TestCaseExecutor.processExecutionPhase(TestCaseExecutor.java:301)
	at com.kms.katalon.core.main.TestCaseExecutor.accessMainPhase(TestCaseExecutor.java:293)
	at com.kms.katalon.core.main.TestCaseExecutor.execute(TestCaseExecutor.java:227)
	at com.kms.katalon.core.main.TestSuiteExecutor.accessTestCaseMainPhase(TestSuiteExecutor.java:129)
	at com.kms.katalon.core.main.TestSuiteExecutor.accessTestSuiteMainPhase(TestSuiteExecutor.java:112)
	at com.kms.katalon.core.main.TestSuiteExecutor.execute(TestSuiteExecutor.java:81)
	at com.kms.katalon.core.main.TestCaseMain.startTestSuite(TestCaseMain.java:157)
	at com.kms.katalon.core.main.TestCaseMain$startTestSuite$0.call(Unknown Source)
	at TempTestSuite1553506926009.run(TempTestSuite1553506926009.groovy:35)
Caused by: com.kms.katalon.core.exception.StepFailedException: Call Test Case 'Test Cases/Segment subscribers/TC0708' failed
	at com.kms.katalon.core.keyword.builtin.CallTestCaseKeyword$_callTestCase_closure1.doCall(CallTestCaseKeyword.groovy:63)
	at com.kms.katalon.core.keyword.builtin.CallTestCaseKeyword$_callTestCase_closure1.call(CallTestCaseKeyword.groovy)
	at com.kms.katalon.core.keyword.internal.KeywordMain.runKeyword(KeywordMain.groovy:66)
	at com.kms.katalon.core.keyword.builtin.CallTestCaseKeyword.callTestCase(CallTestCaseKeyword.groovy:81)
	at com.kms.katalon.core.keyword.builtin.CallTestCaseKeyword.execute(CallTestCaseKeyword.groovy:44)
	at com.kms.katalon.core.keyword.internal.KeywordExecutor.executeKeywordForPlatform(KeywordExecutor.groovy:56)
	at com.kms.katalon.core.keyword.BuiltinKeywords.callTestCase(BuiltinKeywords.groovy:334)
	at TC0756.run(TC0756:22)
	at com.kms.katalon.core.main.ScriptEngine.run(ScriptEngine.java:194)
	at com.kms.katalon.core.main.ScriptEngine.runScriptAsRawText(ScriptEngine.java:119)
	at com.kms.katalon.core.main.TestCaseExecutor.runScript(TestCaseExecutor.java:331)
	at com.kms.katalon.core.main.TestCaseExecutor.doExecute(TestCaseExecutor.java:322)
	at com.kms.katalon.core.main.TestCaseExecutor.processExecutionPhase(TestCaseExecutor.java:301)
	at com.kms.katalon.core.main.TestCaseExecutor.accessMainPhase(TestCaseExecutor.java:293)
	at com.kms.katalon.core.main.TestCaseExecutor.execute(TestCaseExecutor.java:227)
	at com.kms.katalon.core.main.TestCaseMain.runTestCase(TestCaseMain.java:114)
	at com.kms.katalon.core.keyword.builtin.CallTestCaseKeyword$_callTestCase_closure1.doCall(CallTestCaseKeyword.groovy:59)
	... 20 more
Caused by: com.kms.katalon.core.exception.StepFailedException: Call Test Case 'Test Cases/s-sidebar_navigation/individualAccount/Segment subsciber' failed
	at com.kms.katalon.core.keyword.builtin.CallTestCaseKeyword$_callTestCase_closure1.doCall(CallTestCaseKeyword.groovy:63)
	at com.kms.katalon.core.keyword.builtin.CallTestCaseKeyword$_callTestCase_closure1.call(CallTestCaseKeyword.groovy)
	at com.kms.katalon.core.keyword.internal.KeywordMain.runKeyword(KeywordMain.groovy:66)
	at com.kms.katalon.core.keyword.builtin.CallTestCaseKeyword.callTestCase(CallTestCaseKeyword.groovy:81)
	at com.kms.katalon.core.keyword.builtin.CallTestCaseKeyword.execute(CallTestCaseKeyword.groovy:44)
	at com.kms.katalon.core.keyword.internal.KeywordExecutor.executeKeywordForPlatform(KeywordExecutor.groovy:56)
	at com.kms.katalon.core.keyword.BuiltinKeywords.callTestCase(BuiltinKeywords.groovy:334)
	at TC0708.run(TC0708:30)
	at com.kms.katalon.core.main.ScriptEngine.run(ScriptEngine.java:194)
	at com.kms.katalon.core.main.ScriptEngine.runScriptAsRawText(ScriptEngine.java:119)
	at com.kms.katalon.core.main.TestCaseExecutor.runScript(TestCaseExecutor.java:331)
	at com.kms.katalon.core.main.TestCaseExecutor.doExecute(TestCaseExecutor.java:322)
	at com.kms.katalon.core.main.TestCaseExecutor.processExecutionPhase(TestCaseExecutor.java:301)
	at com.kms.katalon.core.main.TestCaseExecutor.accessMainPhase(TestCaseExecutor.java:293)
	at com.kms.katalon.core.main.TestCaseExecutor.execute(TestCaseExecutor.java:227)
	at com.kms.katalon.core.main.TestCaseMain.runTestCase(TestCaseMain.java:114)
	at com.kms.katalon.core.keyword.builtin.CallTestCaseKeyword$_callTestCase_closure1.doCall(CallTestCaseKeyword.groovy:59)
	... 36 more
Caused by: com.kms.katalon.core.exception.StepFailedException: Unable to click on object 'Object Repository/Page_KiboPush  Dashboard/span_Broadcasting'
	at com.kms.katalon.core.webui.keyword.internal.WebUIKeywordMain.stepFailed(WebUIKeywordMain.groovy:64)
	at com.kms.katalon.core.webui.keyword.internal.WebUIKeywordMain.runKeyword(WebUIKeywordMain.groovy:26)
	at com.kms.katalon.core.webui.keyword.builtin.ClickKeyword.click(ClickKeyword.groovy:86)
	at com.kms.katalon.core.webui.keyword.builtin.ClickKeyword.execute(ClickKeyword.groovy:67)
	at com.kms.katalon.core.keyword.internal.KeywordExecutor.executeKeywordForPlatform(KeywordExecutor.groovy:56)
	at com.kms.katalon.core.webui.keyword.WebUiBuiltInKeywords.click(WebUiBuiltInKeywords.groovy:616)
	at com.kms.katalon.core.webui.keyword.WebUiBuiltInKeywords$click$2.call(Unknown Source)
	at Segment subsciber.run(Segment subsciber:24)
	at com.kms.katalon.core.main.ScriptEngine.run(ScriptEngine.java:194)
	at com.kms.katalon.core.main.ScriptEngine.runScriptAsRawText(ScriptEngine.java:119)
	at com.kms.katalon.core.main.TestCaseExecutor.runScript(TestCaseExecutor.java:331)
	at com.kms.katalon.core.main.TestCaseExecutor.doExecute(TestCaseExecutor.java:322)
	at com.kms.katalon.core.main.TestCaseExecutor.processExecutionPhase(TestCaseExecutor.java:301)
	at com.kms.katalon.core.main.TestCaseExecutor.accessMainPhase(TestCaseExecutor.java:293)
	at com.kms.katalon.core.main.TestCaseExecutor.execute(TestCaseExecutor.java:227)
	at com.kms.katalon.core.main.TestCaseMain.runTestCase(TestCaseMain.java:114)
	at com.kms.katalon.core.keyword.builtin.CallTestCaseKeyword$_callTestCase_closure1.doCall(CallTestCaseKeyword.groovy:59)
	... 52 more
Caused by: com.kms.katalon.core.webui.exception.WebElementNotFoundException: Web element with id: 'Object Repository/Page_KiboPush  Dashboard/span_Broadcasting' located by 'By.xpath: //span[(text() = 'Broadcasting' or . = 'Broadcasting')]' not found
	at com.kms.katalon.core.webui.common.WebUiCommonHelper.findWebElement(WebUiCommonHelper.java:1053)
	at com.kms.katalon.core.webui.keyword.internal.WebUIAbstractKeyword.findWebElement(WebUIAbstractKeyword.groovy:27)
	at com.kms.katalon.core.webui.keyword.internal.WebUIAbstractKeyword.findWebElement(WebUIAbstractKeyword.groovy:26)
	at com.kms.katalon.core.webui.keyword.builtin.ClickKeyword$_click_closure1.doCall(ClickKeyword.groovy:77)
	at com.kms.katalon.core.webui.keyword.builtin.ClickKeyword$_click_closure1.call(ClickKeyword.groovy)
	at com.kms.katalon.core.webui.keyword.internal.WebUIKeywordMain.runKeyword(WebUIKeywordMain.groovy:20)
	at com.kms.katalon.core.webui.keyword.builtin.ClickKeyword.click(ClickKeyword.groovy:86)
	at com.kms.katalon.core.webui.keyword.builtin.ClickKeyword.execute(ClickKeyword.groovy:67)
	at com.kms.katalon.core.keyword.internal.KeywordExecutor.executeKeywordForPlatform(KeywordExecutor.groovy:56)
	at com.kms.katalon.core.webui.keyword.WebUiBuiltInKeywords.click(WebUiBuiltInKeywords.groovy:616)
	at com.kms.katalon.core.webui.keyword.WebUiBuiltInKeywords$click$2.call(Unknown Source)
	at Script1537021633802.run(Script1537021633802.groovy:24)
	at com.kms.katalon.core.main.ScriptEngine.run(ScriptEngine.java:194)
	at com.kms.katalon.core.main.ScriptEngine.runScriptAsRawText(ScriptEngine.java:119)
	at com.kms.katalon.core.main.TestCaseExecutor.runScript(TestCaseExecutor.java:331)
	at com.kms.katalon.core.main.TestCaseExecutor.doExecute(TestCaseExecutor.java:322)
	at com.kms.katalon.core.main.TestCaseExecutor.processExecutionPhase(TestCaseExecutor.java:301)
	at com.kms.katalon.core.main.TestCaseExecutor.accessMainPhase(TestCaseExecutor.java:293)
	at com.kms.katalon.core.main.TestCaseExecutor.execute(TestCaseExecutor.java:227)
	at com.kms.katalon.core.main.TestCaseMain.runTestCase(TestCaseMain.java:114)
	at com.kms.katalon.core.keyword.builtin.CallTestCaseKeyword$_callTestCase_closure1.doCall(CallTestCaseKeyword.groovy:59)
	at com.kms.katalon.core.keyword.builtin.CallTestCaseKeyword$_callTestCase_closure1.call(CallTestCaseKeyword.groovy)
	at com.kms.katalon.core.keyword.internal.KeywordMain.runKeyword(KeywordMain.groovy:66)
	at com.kms.katalon.core.keyword.builtin.CallTestCaseKeyword.callTestCase(CallTestCaseKeyword.groovy:81)
	at com.kms.katalon.core.keyword.builtin.CallTestCaseKeyword.execute(CallTestCaseKeyword.groovy:44)
	at com.kms.katalon.core.keyword.internal.KeywordExecutor.executeKeywordForPlatform(KeywordExecutor.groovy:56)
	at com.kms.katalon.core.keyword.BuiltinKeywords.callTestCase(BuiltinKeywords.groovy:334)
	at Script1536563047854.run(Script1536563047854.groovy:30)
	at com.kms.katalon.core.main.ScriptEngine.run(ScriptEngine.java:194)
	at com.kms.katalon.core.main.ScriptEngine.runScriptAsRawText(ScriptEngine.java:119)
	at com.kms.katalon.core.main.TestCaseExecutor.runScript(TestCaseExecutor.java:331)
	at com.kms.katalon.core.main.TestCaseExecutor.doExecute(TestCaseExecutor.java:322)
	at com.kms.katalon.core.main.TestCaseExecutor.processExecutionPhase(TestCaseExecutor.java:301)
	at com.kms.katalon.core.main.TestCaseExecutor.accessMainPhase(TestCaseExecutor.java:293)
	at com.kms.katalon.core.main.TestCaseExecutor.execute(TestCaseExecutor.java:227)
	at com.kms.katalon.core.main.TestCaseMain.runTestCase(TestCaseMain.java:114)
	at com.kms.katalon.core.keyword.builtin.CallTestCaseKeyword$_callTestCase_closure1.doCall(CallTestCaseKeyword.groovy:59)
	at com.kms.katalon.core.keyword.builtin.CallTestCaseKeyword$_callTestCase_closure1.call(CallTestCaseKeyword.groovy)
	at com.kms.katalon.core.keyword.internal.KeywordMain.runKeyword(KeywordMain.groovy:66)
	at com.kms.katalon.core.keyword.builtin.CallTestCaseKeyword.callTestCase(CallTestCaseKeyword.groovy:81)
	at com.kms.katalon.core.keyword.builtin.CallTestCaseKeyword.execute(CallTestCaseKeyword.groovy:44)
	at com.kms.katalon.core.keyword.internal.KeywordExecutor.executeKeywordForPlatform(KeywordExecutor.groovy:56)
	at com.kms.katalon.core.keyword.BuiltinKeywords.callTestCase(BuiltinKeywords.groovy:334)
	at Script1536828708428.run(Script1536828708428.groovy:22)
	at com.kms.katalon.core.main.ScriptEngine.run(ScriptEngine.java:194)
	at com.kms.katalon.core.main.ScriptEngine.runScriptAsRawText(ScriptEngine.java:119)
	at com.kms.katalon.core.main.TestCaseExecutor.runScript(TestCaseExecutor.java:331)
	at com.kms.katalon.core.main.TestCaseExecutor.doExecute(TestCaseExecutor.java:322)
	at com.kms.katalon.core.main.TestCaseExecutor.processExecutionPhase(TestCaseExecutor.java:301)
	at com.kms.katalon.core.main.TestCaseExecutor.accessMainPhase(TestCaseExecutor.java:293)
	at com.kms.katalon.core.main.TestCaseExecutor.execute(TestCaseExecutor.java:227)
	at com.kms.katalon.core.main.TestCaseMain.runTestCase(TestCaseMain.java:114)
	at com.kms.katalon.core.keyword.builtin.CallTestCaseKeyword$_callTestCase_closure1.doCall(CallTestCaseKeyword.groovy:59)
	at com.kms.katalon.core.keyword.builtin.CallTestCaseKeyword$_callTestCase_closure1.call(CallTestCaseKeyword.groovy)
	at com.kms.katalon.core.keyword.internal.KeywordMain.runKeyword(KeywordMain.groovy:66)
	at com.kms.katalon.core.keyword.builtin.CallTestCaseKeyword.callTestCase(CallTestCaseKeyword.groovy:81)
	at com.kms.katalon.core.keyword.builtin.CallTestCaseKeyword.execute(CallTestCaseKeyword.groovy:44)
	at com.kms.katalon.core.keyword.internal.KeywordExecutor.executeKeywordForPlatform(KeywordExecutor.groovy:56)
	at com.kms.katalon.core.keyword.BuiltinKeywords.callTestCase(BuiltinKeywords.groovy:334)
	at Script1536829528699.run(Script1536829528699.groovy:23)
	... 13 more


2019-03-25 16:17:35 - [TEST_STEP][FAILED] - callTestCase(findTestCase("Segment subscribers/TC0756"), [:], STOP_ON_FAILURE): callTestCase(findTestCase("Segment subscribers/TC0756"), [:], STOP_ON_FAILURE) FAILED.
Reason:
com.kms.katalon.core.exception.StepFailedException: Call Test Case 'Test Cases/Segment subscribers/TC0756' failed
	at com.kms.katalon.core.keyword.builtin.CallTestCaseKeyword$_callTestCase_closure1.doCall(CallTestCaseKeyword.groovy:63)
	at com.kms.katalon.core.keyword.builtin.CallTestCaseKeyword$_callTestCase_closure1.call(CallTestCaseKeyword.groovy)
	at com.kms.katalon.core.keyword.internal.KeywordMain.runKeyword(KeywordMain.groovy:66)
	at com.kms.katalon.core.keyword.builtin.CallTestCaseKeyword.callTestCase(CallTestCaseKeyword.groovy:81)
	at com.kms.katalon.core.keyword.builtin.CallTestCaseKeyword.execute(CallTestCaseKeyword.groovy:44)
	at com.kms.katalon.core.keyword.internal.KeywordExecutor.executeKeywordForPlatform(KeywordExecutor.groovy:56)
	at com.kms.katalon.core.keyword.BuiltinKeywords.callTestCase(BuiltinKeywords.groovy:334)
	at TC0758.run(TC0758:23)
	at com.kms.katalon.core.main.ScriptEngine.run(ScriptEngine.java:194)
	at com.kms.katalon.core.main.ScriptEngine.runScriptAsRawText(ScriptEngine.java:119)
	at com.kms.katalon.core.main.TestCaseExecutor.runScript(TestCaseExecutor.java:331)
	at com.kms.katalon.core.main.TestCaseExecutor.doExecute(TestCaseExecutor.java:322)
	at com.kms.katalon.core.main.TestCaseExecutor.processExecutionPhase(TestCaseExecutor.java:301)
	at com.kms.katalon.core.main.TestCaseExecutor.accessMainPhase(TestCaseExecutor.java:293)
	at com.kms.katalon.core.main.TestCaseExecutor.execute(TestCaseExecutor.java:227)
	at com.kms.katalon.core.main.TestSuiteExecutor.accessTestCaseMainPhase(TestSuiteExecutor.java:129)
	at com.kms.katalon.core.main.TestSuiteExecutor.accessTestSuiteMainPhase(TestSuiteExecutor.java:112)
	at com.kms.katalon.core.main.TestSuiteExecutor.execute(TestSuiteExecutor.java:81)
	at com.kms.katalon.core.main.TestCaseMain.startTestSuite(TestCaseMain.java:157)
	at com.kms.katalon.core.main.TestCaseMain$startTestSuite$0.call(Unknown Source)
	at TempTestSuite1553506926009.run(TempTestSuite1553506926009.groovy:35)
Caused by: com.kms.katalon.core.exception.StepFailedException: Call Test Case 'Test Cases/Segment subscribers/TC0708' failed
	at com.kms.katalon.core.keyword.builtin.CallTestCaseKeyword$_callTestCase_closure1.doCall(CallTestCaseKeyword.groovy:63)
	at com.kms.katalon.core.keyword.builtin.CallTestCaseKeyword$_callTestCase_closure1.call(CallTestCaseKeyword.groovy)
	at com.kms.katalon.core.keyword.internal.KeywordMain.runKeyword(KeywordMain.groovy:66)
	at com.kms.katalon.core.keyword.builtin.CallTestCaseKeyword.callTestCase(CallTestCaseKeyword.groovy:81)
	at com.kms.katalon.core.keyword.builtin.CallTestCaseKeyword.execute(CallTestCaseKeyword.groovy:44)
	at com.kms.katalon.core.keyword.internal.KeywordExecutor.executeKeywordForPlatform(KeywordExecutor.groovy:56)
	at com.kms.katalon.core.keyword.BuiltinKeywords.callTestCase(BuiltinKeywords.groovy:334)
	at TC0756.run(TC0756:22)
	at com.kms.katalon.core.main.ScriptEngine.run(ScriptEngine.java:194)
	at com.kms.katalon.core.main.ScriptEngine.runScriptAsRawText(ScriptEngine.java:119)
	at com.kms.katalon.core.main.TestCaseExecutor.runScript(TestCaseExecutor.java:331)
	at com.kms.katalon.core.main.TestCaseExecutor.doExecute(TestCaseExecutor.java:322)
	at com.kms.katalon.core.main.TestCaseExecutor.processExecutionPhase(TestCaseExecutor.java:301)
	at com.kms.katalon.core.main.TestCaseExecutor.accessMainPhase(TestCaseExecutor.java:293)
	at com.kms.katalon.core.main.TestCaseExecutor.execute(TestCaseExecutor.java:227)
	at com.kms.katalon.core.main.TestCaseMain.runTestCase(TestCaseMain.java:114)
	at com.kms.katalon.core.keyword.builtin.CallTestCaseKeyword$_callTestCase_closure1.doCall(CallTestCaseKeyword.groovy:59)
	... 20 more
Caused by: com.kms.katalon.core.exception.StepFailedException: Call Test Case 'Test Cases/s-sidebar_navigation/individualAccount/Segment subsciber' failed
	at com.kms.katalon.core.keyword.builtin.CallTestCaseKeyword$_callTestCase_closure1.doCall(CallTestCaseKeyword.groovy:63)
	at com.kms.katalon.core.keyword.builtin.CallTestCaseKeyword$_callTestCase_closure1.call(CallTestCaseKeyword.groovy)
	at com.kms.katalon.core.keyword.internal.KeywordMain.runKeyword(KeywordMain.groovy:66)
	at com.kms.katalon.core.keyword.builtin.CallTestCaseKeyword.callTestCase(CallTestCaseKeyword.groovy:81)
	at com.kms.katalon.core.keyword.builtin.CallTestCaseKeyword.execute(CallTestCaseKeyword.groovy:44)
	at com.kms.katalon.core.keyword.internal.KeywordExecutor.executeKeywordForPlatform(KeywordExecutor.groovy:56)
	at com.kms.katalon.core.keyword.BuiltinKeywords.callTestCase(BuiltinKeywords.groovy:334)
	at TC0708.run(TC0708:30)
	at com.kms.katalon.core.main.ScriptEngine.run(ScriptEngine.java:194)
	at com.kms.katalon.core.main.ScriptEngine.runScriptAsRawText(ScriptEngine.java:119)
	at com.kms.katalon.core.main.TestCaseExecutor.runScript(TestCaseExecutor.java:331)
	at com.kms.katalon.core.main.TestCaseExecutor.doExecute(TestCaseExecutor.java:322)
	at com.kms.katalon.core.main.TestCaseExecutor.processExecutionPhase(TestCaseExecutor.java:301)
	at com.kms.katalon.core.main.TestCaseExecutor.accessMainPhase(TestCaseExecutor.java:293)
	at com.kms.katalon.core.main.TestCaseExecutor.execute(TestCaseExecutor.java:227)
	at com.kms.katalon.core.main.TestCaseMain.runTestCase(TestCaseMain.java:114)
	at com.kms.katalon.core.keyword.builtin.CallTestCaseKeyword$_callTestCase_closure1.doCall(CallTestCaseKeyword.groovy:59)
	... 36 more
Caused by: com.kms.katalon.core.exception.StepFailedException: Unable to click on object 'Object Repository/Page_KiboPush  Dashboard/span_Broadcasting'
	at com.kms.katalon.core.webui.keyword.internal.WebUIKeywordMain.stepFailed(WebUIKeywordMain.groovy:64)
	at com.kms.katalon.core.webui.keyword.internal.WebUIKeywordMain.runKeyword(WebUIKeywordMain.groovy:26)
	at com.kms.katalon.core.webui.keyword.builtin.ClickKeyword.click(ClickKeyword.groovy:86)
	at com.kms.katalon.core.webui.keyword.builtin.ClickKeyword.execute(ClickKeyword.groovy:67)
	at com.kms.katalon.core.keyword.internal.KeywordExecutor.executeKeywordForPlatform(KeywordExecutor.groovy:56)
	at com.kms.katalon.core.webui.keyword.WebUiBuiltInKeywords.click(WebUiBuiltInKeywords.groovy:616)
	at com.kms.katalon.core.webui.keyword.WebUiBuiltInKeywords$click$2.call(Unknown Source)
	at Segment subsciber.run(Segment subsciber:24)
	at com.kms.katalon.core.main.ScriptEngine.run(ScriptEngine.java:194)
	at com.kms.katalon.core.main.ScriptEngine.runScriptAsRawText(ScriptEngine.java:119)
	at com.kms.katalon.core.main.TestCaseExecutor.runScript(TestCaseExecutor.java:331)
	at com.kms.katalon.core.main.TestCaseExecutor.doExecute(TestCaseExecutor.java:322)
	at com.kms.katalon.core.main.TestCaseExecutor.processExecutionPhase(TestCaseExecutor.java:301)
	at com.kms.katalon.core.main.TestCaseExecutor.accessMainPhase(TestCaseExecutor.java:293)
	at com.kms.katalon.core.main.TestCaseExecutor.execute(TestCaseExecutor.java:227)
	at com.kms.katalon.core.main.TestCaseMain.runTestCase(TestCaseMain.java:114)
	at com.kms.katalon.core.keyword.builtin.CallTestCaseKeyword$_callTestCase_closure1.doCall(CallTestCaseKeyword.groovy:59)
	... 52 more
Caused by: com.kms.katalon.core.webui.exception.WebElementNotFoundException: Web element with id: 'Object Repository/Page_KiboPush  Dashboard/span_Broadcasting' located by 'By.xpath: //span[(text() = 'Broadcasting' or . = 'Broadcasting')]' not found
	at com.kms.katalon.core.webui.common.WebUiCommonHelper.findWebElement(WebUiCommonHelper.java:1053)
	at com.kms.katalon.core.webui.keyword.internal.WebUIAbstractKeyword.findWebElement(WebUIAbstractKeyword.groovy:27)
	at com.kms.katalon.core.webui.keyword.internal.WebUIAbstractKeyword.findWebElement(WebUIAbstractKeyword.groovy:26)
	at com.kms.katalon.core.webui.keyword.builtin.ClickKeyword$_click_closure1.doCall(ClickKeyword.groovy:77)
	at com.kms.katalon.core.webui.keyword.builtin.ClickKeyword$_click_closure1.call(ClickKeyword.groovy)
	at com.kms.katalon.core.webui.keyword.internal.WebUIKeywordMain.runKeyword(WebUIKeywordMain.groovy:20)
	at com.kms.katalon.core.webui.keyword.builtin.ClickKeyword.click(ClickKeyword.groovy:86)
	at com.kms.katalon.core.webui.keyword.builtin.ClickKeyword.execute(ClickKeyword.groovy:67)
	at com.kms.katalon.core.keyword.internal.KeywordExecutor.executeKeywordForPlatform(KeywordExecutor.groovy:56)
	at com.kms.katalon.core.webui.keyword.WebUiBuiltInKeywords.click(WebUiBuiltInKeywords.groovy:616)
	at com.kms.katalon.core.webui.keyword.WebUiBuiltInKeywords$click$2.call(Unknown Source)
	at Script1537021633802.run(Script1537021633802.groovy:24)
	at com.kms.katalon.core.main.ScriptEngine.run(ScriptEngine.java:194)
	at com.kms.katalon.core.main.ScriptEngine.runScriptAsRawText(ScriptEngine.java:119)
	at com.kms.katalon.core.main.TestCaseExecutor.runScript(TestCaseExecutor.java:331)
	at com.kms.katalon.core.main.TestCaseExecutor.doExecute(TestCaseExecutor.java:322)
	at com.kms.katalon.core.main.TestCaseExecutor.processExecutionPhase(TestCaseExecutor.java:301)
	at com.kms.katalon.core.main.TestCaseExecutor.accessMainPhase(TestCaseExecutor.java:293)
	at com.kms.katalon.core.main.TestCaseExecutor.execute(TestCaseExecutor.java:227)
	at com.kms.katalon.core.main.TestCaseMain.runTestCase(TestCaseMain.java:114)
	at com.kms.katalon.core.keyword.builtin.CallTestCaseKeyword$_callTestCase_closure1.doCall(CallTestCaseKeyword.groovy:59)
	at com.kms.katalon.core.keyword.builtin.CallTestCaseKeyword$_callTestCase_closure1.call(CallTestCaseKeyword.groovy)
	at com.kms.katalon.core.keyword.internal.KeywordMain.runKeyword(KeywordMain.groovy:66)
	at com.kms.katalon.core.keyword.builtin.CallTestCaseKeyword.callTestCase(CallTestCaseKeyword.groovy:81)
	at com.kms.katalon.core.keyword.builtin.CallTestCaseKeyword.execute(CallTestCaseKeyword.groovy:44)
	at com.kms.katalon.core.keyword.internal.KeywordExecutor.executeKeywordForPlatform(KeywordExecutor.groovy:56)
	at com.kms.katalon.core.keyword.BuiltinKeywords.callTestCase(BuiltinKeywords.groovy:334)
	at Script1536563047854.run(Script1536563047854.groovy:30)
	at com.kms.katalon.core.main.ScriptEngine.run(ScriptEngine.java:194)
	at com.kms.katalon.core.main.ScriptEngine.runScriptAsRawText(ScriptEngine.java:119)
	at com.kms.katalon.core.main.TestCaseExecutor.runScript(TestCaseExecutor.java:331)
	at com.kms.katalon.core.main.TestCaseExecutor.doExecute(TestCaseExecutor.java:322)
	at com.kms.katalon.core.main.TestCaseExecutor.processExecutionPhase(TestCaseExecutor.java:301)
	at com.kms.katalon.core.main.TestCaseExecutor.accessMainPhase(TestCaseExecutor.java:293)
	at com.kms.katalon.core.main.TestCaseExecutor.execute(TestCaseExecutor.java:227)
	at com.kms.katalon.core.main.TestCaseMain.runTestCase(TestCaseMain.java:114)
	at com.kms.katalon.core.keyword.builtin.CallTestCaseKeyword$_callTestCase_closure1.doCall(CallTestCaseKeyword.groovy:59)
	at com.kms.katalon.core.keyword.builtin.CallTestCaseKeyword$_callTestCase_closure1.call(CallTestCaseKeyword.groovy)
	at com.kms.katalon.core.keyword.internal.KeywordMain.runKeyword(KeywordMain.groovy:66)
	at com.kms.katalon.core.keyword.builtin.CallTestCaseKeyword.callTestCase(CallTestCaseKeyword.groovy:81)
	at com.kms.katalon.core.keyword.builtin.CallTestCaseKeyword.execute(CallTestCaseKeyword.groovy:44)
	at com.kms.katalon.core.keyword.internal.KeywordExecutor.executeKeywordForPlatform(KeywordExecutor.groovy:56)
	at com.kms.katalon.core.keyword.BuiltinKeywords.callTestCase(BuiltinKeywords.groovy:334)
	at Script1536828708428.run(Script1536828708428.groovy:22)
	at com.kms.katalon.core.main.ScriptEngine.run(ScriptEngine.java:194)
	at com.kms.katalon.core.main.ScriptEngine.runScriptAsRawText(ScriptEngine.java:119)
	at com.kms.katalon.core.main.TestCaseExecutor.runScript(TestCaseExecutor.java:331)
	at com.kms.katalon.core.main.TestCaseExecutor.doExecute(TestCaseExecutor.java:322)
	at com.kms.katalon.core.main.TestCaseExecutor.processExecutionPhase(TestCaseExecutor.java:301)
	at com.kms.katalon.core.main.TestCaseExecutor.accessMainPhase(TestCaseExecutor.java:293)
	at com.kms.katalon.core.main.TestCaseExecutor.execute(TestCaseExecutor.java:227)
	at com.kms.katalon.core.main.TestCaseMain.runTestCase(TestCaseMain.java:114)
	at com.kms.katalon.core.keyword.builtin.CallTestCaseKeyword$_callTestCase_closure1.doCall(CallTestCaseKeyword.groovy:59)
	at com.kms.katalon.core.keyword.builtin.CallTestCaseKeyword$_callTestCase_closure1.call(CallTestCaseKeyword.groovy)
	at com.kms.katalon.core.keyword.internal.KeywordMain.runKeyword(KeywordMain.groovy:66)
	at com.kms.katalon.core.keyword.builtin.CallTestCaseKeyword.callTestCase(CallTestCaseKeyword.groovy:81)
	at com.kms.katalon.core.keyword.builtin.CallTestCaseKeyword.execute(CallTestCaseKeyword.groovy:44)
	at com.kms.katalon.core.keyword.internal.KeywordExecutor.executeKeywordForPlatform(KeywordExecutor.groovy:56)
	at com.kms.katalon.core.keyword.BuiltinKeywords.callTestCase(BuiltinKeywords.groovy:334)
	at Script1536829528699.run(Script1536829528699.groovy:23)
	... 13 more


2019-03-25 16:17:35 - [TEST_CASE][FAILED] - Test Cases/Segment subscribers/TC0756: Test Cases/Segment subscribers/TC0756 FAILED.
Reason:
com.kms.katalon.core.exception.StepFailedException: Call Test Case 'Test Cases/Segment subscribers/TC0708' failed
	at com.kms.katalon.core.keyword.builtin.CallTestCaseKeyword$_callTestCase_closure1.doCall(CallTestCaseKeyword.groovy:63)
	at com.kms.katalon.core.keyword.builtin.CallTestCaseKeyword$_callTestCase_closure1.call(CallTestCaseKeyword.groovy)
	at com.kms.katalon.core.keyword.internal.KeywordMain.runKeyword(KeywordMain.groovy:66)
	at com.kms.katalon.core.keyword.builtin.CallTestCaseKeyword.callTestCase(CallTestCaseKeyword.groovy:81)
	at com.kms.katalon.core.keyword.builtin.CallTestCaseKeyword.execute(CallTestCaseKeyword.groovy:44)
	at com.kms.katalon.core.keyword.internal.KeywordExecutor.executeKeywordForPlatform(KeywordExecutor.groovy:56)
	at com.kms.katalon.core.keyword.BuiltinKeywords.callTestCase(BuiltinKeywords.groovy:334)
	at TC0756.run(TC0756:22)
	at com.kms.katalon.core.main.ScriptEngine.run(ScriptEngine.java:194)
	at com.kms.katalon.core.main.ScriptEngine.runScriptAsRawText(ScriptEngine.java:119)
	at com.kms.katalon.core.main.TestCaseExecutor.runScript(TestCaseExecutor.java:331)
	at com.kms.katalon.core.main.TestCaseExecutor.doExecute(TestCaseExecutor.java:322)
	at com.kms.katalon.core.main.TestCaseExecutor.processExecutionPhase(TestCaseExecutor.java:301)
	at com.kms.katalon.core.main.TestCaseExecutor.accessMainPhase(TestCaseExecutor.java:293)
	at com.kms.katalon.core.main.TestCaseExecutor.execute(TestCaseExecutor.java:227)
	at com.kms.katalon.core.main.TestCaseMain.runTestCase(TestCaseMain.java:114)
	at com.kms.katalon.core.keyword.builtin.CallTestCaseKeyword$_callTestCase_closure1.doCall(CallTestCaseKeyword.groovy:59)
	at com.kms.katalon.core.keyword.builtin.CallTestCaseKeyword$_callTestCase_closure1.call(CallTestCaseKeyword.groovy)
	at com.kms.katalon.core.keyword.internal.KeywordMain.runKeyword(KeywordMain.groovy:66)
	at com.kms.katalon.core.keyword.builtin.CallTestCaseKeyword.callTestCase(CallTestCaseKeyword.groovy:81)
	at com.kms.katalon.core.keyword.builtin.CallTestCaseKeyword.execute(CallTestCaseKeyword.groovy:44)
	at com.kms.katalon.core.keyword.internal.KeywordExecutor.executeKeywordForPlatform(KeywordExecutor.groovy:56)
	at com.kms.katalon.core.keyword.BuiltinKeywords.callTestCase(BuiltinKeywords.groovy:334)
	at TC0758.run(TC0758:23)
	at com.kms.katalon.core.main.ScriptEngine.run(ScriptEngine.java:194)
	at com.kms.katalon.core.main.ScriptEngine.runScriptAsRawText(ScriptEngine.java:119)
	at com.kms.katalon.core.main.TestCaseExecutor.runScript(TestCaseExecutor.java:331)
	at com.kms.katalon.core.main.TestCaseExecutor.doExecute(TestCaseExecutor.java:322)
	at com.kms.katalon.core.main.TestCaseExecutor.processExecutionPhase(TestCaseExecutor.java:301)
	at com.kms.katalon.core.main.TestCaseExecutor.accessMainPhase(TestCaseExecutor.java:293)
	at com.kms.katalon.core.main.TestCaseExecutor.execute(TestCaseExecutor.java:227)
	at com.kms.katalon.core.main.TestSuiteExecutor.accessTestCaseMainPhase(TestSuiteExecutor.java:129)
	at com.kms.katalon.core.main.TestSuiteExecutor.accessTestSuiteMainPhase(TestSuiteExecutor.java:112)
	at com.kms.katalon.core.main.TestSuiteExecutor.execute(TestSuiteExecutor.java:81)
	at com.kms.katalon.core.main.TestCaseMain.startTestSuite(TestCaseMain.java:157)
	at com.kms.katalon.core.main.TestCaseMain$startTestSuite$0.call(Unknown Source)
	at TempTestSuite1553506926009.run(TempTestSuite1553506926009.groovy:35)
Caused by: com.kms.katalon.core.exception.StepFailedException: Call Test Case 'Test Cases/s-sidebar_navigation/individualAccount/Segment subsciber' failed
	at com.kms.katalon.core.keyword.builtin.CallTestCaseKeyword$_callTestCase_closure1.doCall(CallTestCaseKeyword.groovy:63)
	at com.kms.katalon.core.keyword.builtin.CallTestCaseKeyword$_callTestCase_closure1.call(CallTestCaseKeyword.groovy)
	at com.kms.katalon.core.keyword.internal.KeywordMain.runKeyword(KeywordMain.groovy:66)
	at com.kms.katalon.core.keyword.builtin.CallTestCaseKeyword.callTestCase(CallTestCaseKeyword.groovy:81)
	at com.kms.katalon.core.keyword.builtin.CallTestCaseKeyword.execute(CallTestCaseKeyword.groovy:44)
	at com.kms.katalon.core.keyword.internal.KeywordExecutor.executeKeywordForPlatform(KeywordExecutor.groovy:56)
	at com.kms.katalon.core.keyword.BuiltinKeywords.callTestCase(BuiltinKeywords.groovy:334)
	at TC0708.run(TC0708:30)
	at com.kms.katalon.core.main.ScriptEngine.run(ScriptEngine.java:194)
	at com.kms.katalon.core.main.ScriptEngine.runScriptAsRawText(ScriptEngine.java:119)
	at com.kms.katalon.core.main.TestCaseExecutor.runScript(TestCaseExecutor.java:331)
	at com.kms.katalon.core.main.TestCaseExecutor.doExecute(TestCaseExecutor.java:322)
	at com.kms.katalon.core.main.TestCaseExecutor.processExecutionPhase(TestCaseExecutor.java:301)
	at com.kms.katalon.core.main.TestCaseExecutor.accessMainPhase(TestCaseExecutor.java:293)
	at com.kms.katalon.core.main.TestCaseExecutor.execute(TestCaseExecutor.java:227)
	at com.kms.katalon.core.main.TestCaseMain.runTestCase(TestCaseMain.java:114)
	at com.kms.katalon.core.keyword.builtin.CallTestCaseKeyword$_callTestCase_closure1.doCall(CallTestCaseKeyword.groovy:59)
	... 36 more
Caused by: com.kms.katalon.core.exception.StepFailedException: Unable to click on object 'Object Repository/Page_KiboPush  Dashboard/span_Broadcasting'
	at com.kms.katalon.core.webui.keyword.internal.WebUIKeywordMain.stepFailed(WebUIKeywordMain.groovy:64)
	at com.kms.katalon.core.webui.keyword.internal.WebUIKeywordMain.runKeyword(WebUIKeywordMain.groovy:26)
	at com.kms.katalon.core.webui.keyword.builtin.ClickKeyword.click(ClickKeyword.groovy:86)
	at com.kms.katalon.core.webui.keyword.builtin.ClickKeyword.execute(ClickKeyword.groovy:67)
	at com.kms.katalon.core.keyword.internal.KeywordExecutor.executeKeywordForPlatform(KeywordExecutor.groovy:56)
	at com.kms.katalon.core.webui.keyword.WebUiBuiltInKeywords.click(WebUiBuiltInKeywords.groovy:616)
	at com.kms.katalon.core.webui.keyword.WebUiBuiltInKeywords$click$2.call(Unknown Source)
	at Segment subsciber.run(Segment subsciber:24)
	at com.kms.katalon.core.main.ScriptEngine.run(ScriptEngine.java:194)
	at com.kms.katalon.core.main.ScriptEngine.runScriptAsRawText(ScriptEngine.java:119)
	at com.kms.katalon.core.main.TestCaseExecutor.runScript(TestCaseExecutor.java:331)
	at com.kms.katalon.core.main.TestCaseExecutor.doExecute(TestCaseExecutor.java:322)
	at com.kms.katalon.core.main.TestCaseExecutor.processExecutionPhase(TestCaseExecutor.java:301)
	at com.kms.katalon.core.main.TestCaseExecutor.accessMainPhase(TestCaseExecutor.java:293)
	at com.kms.katalon.core.main.TestCaseExecutor.execute(TestCaseExecutor.java:227)
	at com.kms.katalon.core.main.TestCaseMain.runTestCase(TestCaseMain.java:114)
	at com.kms.katalon.core.keyword.builtin.CallTestCaseKeyword$_callTestCase_closure1.doCall(CallTestCaseKeyword.groovy:59)
	... 52 more
Caused by: com.kms.katalon.core.webui.exception.WebElementNotFoundException: Web element with id: 'Object Repository/Page_KiboPush  Dashboard/span_Broadcasting' located by 'By.xpath: //span[(text() = 'Broadcasting' or . = 'Broadcasting')]' not found
	at com.kms.katalon.core.webui.common.WebUiCommonHelper.findWebElement(WebUiCommonHelper.java:1053)
	at com.kms.katalon.core.webui.keyword.internal.WebUIAbstractKeyword.findWebElement(WebUIAbstractKeyword.groovy:27)
	at com.kms.katalon.core.webui.keyword.internal.WebUIAbstractKeyword.findWebElement(WebUIAbstractKeyword.groovy:26)
	at com.kms.katalon.core.webui.keyword.builtin.ClickKeyword$_click_closure1.doCall(ClickKeyword.groovy:77)
	at com.kms.katalon.core.webui.keyword.builtin.ClickKeyword$_click_closure1.call(ClickKeyword.groovy)
	at com.kms.katalon.core.webui.keyword.internal.WebUIKeywordMain.runKeyword(WebUIKeywordMain.groovy:20)
	at com.kms.katalon.core.webui.keyword.builtin.ClickKeyword.click(ClickKeyword.groovy:86)
	at com.kms.katalon.core.webui.keyword.builtin.ClickKeyword.execute(ClickKeyword.groovy:67)
	at com.kms.katalon.core.keyword.internal.KeywordExecutor.executeKeywordForPlatform(KeywordExecutor.groovy:56)
	at com.kms.katalon.core.webui.keyword.WebUiBuiltInKeywords.click(WebUiBuiltInKeywords.groovy:616)
	at com.kms.katalon.core.webui.keyword.WebUiBuiltInKeywords$click$2.call(Unknown Source)
	at Script1537021633802.run(Script1537021633802.groovy:24)
	at com.kms.katalon.core.main.ScriptEngine.run(ScriptEngine.java:194)
	at com.kms.katalon.core.main.ScriptEngine.runScriptAsRawText(ScriptEngine.java:119)
	at com.kms.katalon.core.main.TestCaseExecutor.runScript(TestCaseExecutor.java:331)
	at com.kms.katalon.core.main.TestCaseExecutor.doExecute(TestCaseExecutor.java:322)
	at com.kms.katalon.core.main.TestCaseExecutor.processExecutionPhase(TestCaseExecutor.java:301)
	at com.kms.katalon.core.main.TestCaseExecutor.accessMainPhase(TestCaseExecutor.java:293)
	at com.kms.katalon.core.main.TestCaseExecutor.execute(TestCaseExecutor.java:227)
	at com.kms.katalon.core.main.TestCaseMain.runTestCase(TestCaseMain.java:114)
	at com.kms.katalon.core.keyword.builtin.CallTestCaseKeyword$_callTestCase_closure1.doCall(CallTestCaseKeyword.groovy:59)
	at com.kms.katalon.core.keyword.builtin.CallTestCaseKeyword$_callTestCase_closure1.call(CallTestCaseKeyword.groovy)
	at com.kms.katalon.core.keyword.internal.KeywordMain.runKeyword(KeywordMain.groovy:66)
	at com.kms.katalon.core.keyword.builtin.CallTestCaseKeyword.callTestCase(CallTestCaseKeyword.groovy:81)
	at com.kms.katalon.core.keyword.builtin.CallTestCaseKeyword.execute(CallTestCaseKeyword.groovy:44)
	at com.kms.katalon.core.keyword.internal.KeywordExecutor.executeKeywordForPlatform(KeywordExecutor.groovy:56)
	at com.kms.katalon.core.keyword.BuiltinKeywords.callTestCase(BuiltinKeywords.groovy:334)
	at Script1536563047854.run(Script1536563047854.groovy:30)
	at com.kms.katalon.core.main.ScriptEngine.run(ScriptEngine.java:194)
	at com.kms.katalon.core.main.ScriptEngine.runScriptAsRawText(ScriptEngine.java:119)
	at com.kms.katalon.core.main.TestCaseExecutor.runScript(TestCaseExecutor.java:331)
	at com.kms.katalon.core.main.TestCaseExecutor.doExecute(TestCaseExecutor.java:322)
	at com.kms.katalon.core.main.TestCaseExecutor.processExecutionPhase(TestCaseExecutor.java:301)
	at com.kms.katalon.core.main.TestCaseExecutor.accessMainPhase(TestCaseExecutor.java:293)
	at com.kms.katalon.core.main.TestCaseExecutor.execute(TestCaseExecutor.java:227)
	at com.kms.katalon.core.main.TestCaseMain.runTestCase(TestCaseMain.java:114)
	at com.kms.katalon.core.keyword.builtin.CallTestCaseKeyword$_callTestCase_closure1.doCall(CallTestCaseKeyword.groovy:59)
	at com.kms.katalon.core.keyword.builtin.CallTestCaseKeyword$_callTestCase_closure1.call(CallTestCaseKeyword.groovy)
	at com.kms.katalon.core.keyword.internal.KeywordMain.runKeyword(KeywordMain.groovy:66)
	at com.kms.katalon.core.keyword.builtin.CallTestCaseKeyword.callTestCase(CallTestCaseKeyword.groovy:81)
	at com.kms.katalon.core.keyword.builtin.CallTestCaseKeyword.execute(CallTestCaseKeyword.groovy:44)
	at com.kms.katalon.core.keyword.internal.KeywordExecutor.executeKeywordForPlatform(KeywordExecutor.groovy:56)
	at com.kms.katalon.core.keyword.BuiltinKeywords.callTestCase(BuiltinKeywords.groovy:334)
	at Script1536828708428.run(Script1536828708428.groovy:22)
	at com.kms.katalon.core.main.ScriptEngine.run(ScriptEngine.java:194)
	at com.kms.katalon.core.main.ScriptEngine.runScriptAsRawText(ScriptEngine.java:119)
	at com.kms.katalon.core.main.TestCaseExecutor.runScript(TestCaseExecutor.java:331)
	at com.kms.katalon.core.main.TestCaseExecutor.doExecute(TestCaseExecutor.java:322)
	at com.kms.katalon.core.main.TestCaseExecutor.processExecutionPhase(TestCaseExecutor.java:301)
	at com.kms.katalon.core.main.TestCaseExecutor.accessMainPhase(TestCaseExecutor.java:293)
	at com.kms.katalon.core.main.TestCaseExecutor.execute(TestCaseExecutor.java:227)
	at com.kms.katalon.core.main.TestCaseMain.runTestCase(TestCaseMain.java:114)
	at com.kms.katalon.core.keyword.builtin.CallTestCaseKeyword$_callTestCase_closure1.doCall(CallTestCaseKeyword.groovy:59)
	at com.kms.katalon.core.keyword.builtin.CallTestCaseKeyword$_callTestCase_closure1.call(CallTestCaseKeyword.groovy)
	at com.kms.katalon.core.keyword.internal.KeywordMain.runKeyword(KeywordMain.groovy:66)
	at com.kms.katalon.core.keyword.builtin.CallTestCaseKeyword.callTestCase(CallTestCaseKeyword.groovy:81)
	at com.kms.katalon.core.keyword.builtin.CallTestCaseKeyword.execute(CallTestCaseKeyword.groovy:44)
	at com.kms.katalon.core.keyword.internal.KeywordExecutor.executeKeywordForPlatform(KeywordExecutor.groovy:56)
	at com.kms.katalon.core.keyword.BuiltinKeywords.callTestCase(BuiltinKeywords.groovy:334)
	at Script1536829528699.run(Script1536829528699.groovy:23)
	... 13 more


2019-03-25 16:17:35 - [TEST_STEP][FAILED] - callTestCase(findTestCase("Segment subscribers/TC0708"), [:], STOP_ON_FAILURE): callTestCase(findTestCase("Segment subscribers/TC0708"), [:], STOP_ON_FAILURE) FAILED.
Reason:
com.kms.katalon.core.exception.StepFailedException: Call Test Case 'Test Cases/Segment subscribers/TC0708' failed
	at com.kms.katalon.core.keyword.builtin.CallTestCaseKeyword$_callTestCase_closure1.doCall(CallTestCaseKeyword.groovy:63)
	at com.kms.katalon.core.keyword.builtin.CallTestCaseKeyword$_callTestCase_closure1.call(CallTestCaseKeyword.groovy)
	at com.kms.katalon.core.keyword.internal.KeywordMain.runKeyword(KeywordMain.groovy:66)
	at com.kms.katalon.core.keyword.builtin.CallTestCaseKeyword.callTestCase(CallTestCaseKeyword.groovy:81)
	at com.kms.katalon.core.keyword.builtin.CallTestCaseKeyword.execute(CallTestCaseKeyword.groovy:44)
	at com.kms.katalon.core.keyword.internal.KeywordExecutor.executeKeywordForPlatform(KeywordExecutor.groovy:56)
	at com.kms.katalon.core.keyword.BuiltinKeywords.callTestCase(BuiltinKeywords.groovy:334)
	at TC0756.run(TC0756:22)
	at com.kms.katalon.core.main.ScriptEngine.run(ScriptEngine.java:194)
	at com.kms.katalon.core.main.ScriptEngine.runScriptAsRawText(ScriptEngine.java:119)
	at com.kms.katalon.core.main.TestCaseExecutor.runScript(TestCaseExecutor.java:331)
	at com.kms.katalon.core.main.TestCaseExecutor.doExecute(TestCaseExecutor.java:322)
	at com.kms.katalon.core.main.TestCaseExecutor.processExecutionPhase(TestCaseExecutor.java:301)
	at com.kms.katalon.core.main.TestCaseExecutor.accessMainPhase(TestCaseExecutor.java:293)
	at com.kms.katalon.core.main.TestCaseExecutor.execute(TestCaseExecutor.java:227)
	at com.kms.katalon.core.main.TestCaseMain.runTestCase(TestCaseMain.java:114)
	at com.kms.katalon.core.keyword.builtin.CallTestCaseKeyword$_callTestCase_closure1.doCall(CallTestCaseKeyword.groovy:59)
	at com.kms.katalon.core.keyword.builtin.CallTestCaseKeyword$_callTestCase_closure1.call(CallTestCaseKeyword.groovy)
	at com.kms.katalon.core.keyword.internal.KeywordMain.runKeyword(KeywordMain.groovy:66)
	at com.kms.katalon.core.keyword.builtin.CallTestCaseKeyword.callTestCase(CallTestCaseKeyword.groovy:81)
	at com.kms.katalon.core.keyword.builtin.CallTestCaseKeyword.execute(CallTestCaseKeyword.groovy:44)
	at com.kms.katalon.core.keyword.internal.KeywordExecutor.executeKeywordForPlatform(KeywordExecutor.groovy:56)
	at com.kms.katalon.core.keyword.BuiltinKeywords.callTestCase(BuiltinKeywords.groovy:334)
	at TC0758.run(TC0758:23)
	at com.kms.katalon.core.main.ScriptEngine.run(ScriptEngine.java:194)
	at com.kms.katalon.core.main.ScriptEngine.runScriptAsRawText(ScriptEngine.java:119)
	at com.kms.katalon.core.main.TestCaseExecutor.runScript(TestCaseExecutor.java:331)
	at com.kms.katalon.core.main.TestCaseExecutor.doExecute(TestCaseExecutor.java:322)
	at com.kms.katalon.core.main.TestCaseExecutor.processExecutionPhase(TestCaseExecutor.java:301)
	at com.kms.katalon.core.main.TestCaseExecutor.accessMainPhase(TestCaseExecutor.java:293)
	at com.kms.katalon.core.main.TestCaseExecutor.execute(TestCaseExecutor.java:227)
	at com.kms.katalon.core.main.TestSuiteExecutor.accessTestCaseMainPhase(TestSuiteExecutor.java:129)
	at com.kms.katalon.core.main.TestSuiteExecutor.accessTestSuiteMainPhase(TestSuiteExecutor.java:112)
	at com.kms.katalon.core.main.TestSuiteExecutor.execute(TestSuiteExecutor.java:81)
	at com.kms.katalon.core.main.TestCaseMain.startTestSuite(TestCaseMain.java:157)
	at com.kms.katalon.core.main.TestCaseMain$startTestSuite$0.call(Unknown Source)
	at TempTestSuite1553506926009.run(TempTestSuite1553506926009.groovy:35)
Caused by: com.kms.katalon.core.exception.StepFailedException: Call Test Case 'Test Cases/s-sidebar_navigation/individualAccount/Segment subsciber' failed
	at com.kms.katalon.core.keyword.builtin.CallTestCaseKeyword$_callTestCase_closure1.doCall(CallTestCaseKeyword.groovy:63)
	at com.kms.katalon.core.keyword.builtin.CallTestCaseKeyword$_callTestCase_closure1.call(CallTestCaseKeyword.groovy)
	at com.kms.katalon.core.keyword.internal.KeywordMain.runKeyword(KeywordMain.groovy:66)
	at com.kms.katalon.core.keyword.builtin.CallTestCaseKeyword.callTestCase(CallTestCaseKeyword.groovy:81)
	at com.kms.katalon.core.keyword.builtin.CallTestCaseKeyword.execute(CallTestCaseKeyword.groovy:44)
	at com.kms.katalon.core.keyword.internal.KeywordExecutor.executeKeywordForPlatform(KeywordExecutor.groovy:56)
	at com.kms.katalon.core.keyword.BuiltinKeywords.callTestCase(BuiltinKeywords.groovy:334)
	at TC0708.run(TC0708:30)
	at com.kms.katalon.core.main.ScriptEngine.run(ScriptEngine.java:194)
	at com.kms.katalon.core.main.ScriptEngine.runScriptAsRawText(ScriptEngine.java:119)
	at com.kms.katalon.core.main.TestCaseExecutor.runScript(TestCaseExecutor.java:331)
	at com.kms.katalon.core.main.TestCaseExecutor.doExecute(TestCaseExecutor.java:322)
	at com.kms.katalon.core.main.TestCaseExecutor.processExecutionPhase(TestCaseExecutor.java:301)
	at com.kms.katalon.core.main.TestCaseExecutor.accessMainPhase(TestCaseExecutor.java:293)
	at com.kms.katalon.core.main.TestCaseExecutor.execute(TestCaseExecutor.java:227)
	at com.kms.katalon.core.main.TestCaseMain.runTestCase(TestCaseMain.java:114)
	at com.kms.katalon.core.keyword.builtin.CallTestCaseKeyword$_callTestCase_closure1.doCall(CallTestCaseKeyword.groovy:59)
	... 36 more
Caused by: com.kms.katalon.core.exception.StepFailedException: Unable to click on object 'Object Repository/Page_KiboPush  Dashboard/span_Broadcasting'
	at com.kms.katalon.core.webui.keyword.internal.WebUIKeywordMain.stepFailed(WebUIKeywordMain.groovy:64)
	at com.kms.katalon.core.webui.keyword.internal.WebUIKeywordMain.runKeyword(WebUIKeywordMain.groovy:26)
	at com.kms.katalon.core.webui.keyword.builtin.ClickKeyword.click(ClickKeyword.groovy:86)
	at com.kms.katalon.core.webui.keyword.builtin.ClickKeyword.execute(ClickKeyword.groovy:67)
	at com.kms.katalon.core.keyword.internal.KeywordExecutor.executeKeywordForPlatform(KeywordExecutor.groovy:56)
	at com.kms.katalon.core.webui.keyword.WebUiBuiltInKeywords.click(WebUiBuiltInKeywords.groovy:616)
	at com.kms.katalon.core.webui.keyword.WebUiBuiltInKeywords$click$2.call(Unknown Source)
	at Segment subsciber.run(Segment subsciber:24)
	at com.kms.katalon.core.main.ScriptEngine.run(ScriptEngine.java:194)
	at com.kms.katalon.core.main.ScriptEngine.runScriptAsRawText(ScriptEngine.java:119)
	at com.kms.katalon.core.main.TestCaseExecutor.runScript(TestCaseExecutor.java:331)
	at com.kms.katalon.core.main.TestCaseExecutor.doExecute(TestCaseExecutor.java:322)
	at com.kms.katalon.core.main.TestCaseExecutor.processExecutionPhase(TestCaseExecutor.java:301)
	at com.kms.katalon.core.main.TestCaseExecutor.accessMainPhase(TestCaseExecutor.java:293)
	at com.kms.katalon.core.main.TestCaseExecutor.execute(TestCaseExecutor.java:227)
	at com.kms.katalon.core.main.TestCaseMain.runTestCase(TestCaseMain.java:114)
	at com.kms.katalon.core.keyword.builtin.CallTestCaseKeyword$_callTestCase_closure1.doCall(CallTestCaseKeyword.groovy:59)
	... 52 more
Caused by: com.kms.katalon.core.webui.exception.WebElementNotFoundException: Web element with id: 'Object Repository/Page_KiboPush  Dashboard/span_Broadcasting' located by 'By.xpath: //span[(text() = 'Broadcasting' or . = 'Broadcasting')]' not found
	at com.kms.katalon.core.webui.common.WebUiCommonHelper.findWebElement(WebUiCommonHelper.java:1053)
	at com.kms.katalon.core.webui.keyword.internal.WebUIAbstractKeyword.findWebElement(WebUIAbstractKeyword.groovy:27)
	at com.kms.katalon.core.webui.keyword.internal.WebUIAbstractKeyword.findWebElement(WebUIAbstractKeyword.groovy:26)
	at com.kms.katalon.core.webui.keyword.builtin.ClickKeyword$_click_closure1.doCall(ClickKeyword.groovy:77)
	at com.kms.katalon.core.webui.keyword.builtin.ClickKeyword$_click_closure1.call(ClickKeyword.groovy)
	at com.kms.katalon.core.webui.keyword.internal.WebUIKeywordMain.runKeyword(WebUIKeywordMain.groovy:20)
	at com.kms.katalon.core.webui.keyword.builtin.ClickKeyword.click(ClickKeyword.groovy:86)
	at com.kms.katalon.core.webui.keyword.builtin.ClickKeyword.execute(ClickKeyword.groovy:67)
	at com.kms.katalon.core.keyword.internal.KeywordExecutor.executeKeywordForPlatform(KeywordExecutor.groovy:56)
	at com.kms.katalon.core.webui.keyword.WebUiBuiltInKeywords.click(WebUiBuiltInKeywords.groovy:616)
	at com.kms.katalon.core.webui.keyword.WebUiBuiltInKeywords$click$2.call(Unknown Source)
	at Script1537021633802.run(Script1537021633802.groovy:24)
	at com.kms.katalon.core.main.ScriptEngine.run(ScriptEngine.java:194)
	at com.kms.katalon.core.main.ScriptEngine.runScriptAsRawText(ScriptEngine.java:119)
	at com.kms.katalon.core.main.TestCaseExecutor.runScript(TestCaseExecutor.java:331)
	at com.kms.katalon.core.main.TestCaseExecutor.doExecute(TestCaseExecutor.java:322)
	at com.kms.katalon.core.main.TestCaseExecutor.processExecutionPhase(TestCaseExecutor.java:301)
	at com.kms.katalon.core.main.TestCaseExecutor.accessMainPhase(TestCaseExecutor.java:293)
	at com.kms.katalon.core.main.TestCaseExecutor.execute(TestCaseExecutor.java:227)
	at com.kms.katalon.core.main.TestCaseMain.runTestCase(TestCaseMain.java:114)
	at com.kms.katalon.core.keyword.builtin.CallTestCaseKeyword$_callTestCase_closure1.doCall(CallTestCaseKeyword.groovy:59)
	at com.kms.katalon.core.keyword.builtin.CallTestCaseKeyword$_callTestCase_closure1.call(CallTestCaseKeyword.groovy)
	at com.kms.katalon.core.keyword.internal.KeywordMain.runKeyword(KeywordMain.groovy:66)
	at com.kms.katalon.core.keyword.builtin.CallTestCaseKeyword.callTestCase(CallTestCaseKeyword.groovy:81)
	at com.kms.katalon.core.keyword.builtin.CallTestCaseKeyword.execute(CallTestCaseKeyword.groovy:44)
	at com.kms.katalon.core.keyword.internal.KeywordExecutor.executeKeywordForPlatform(KeywordExecutor.groovy:56)
	at com.kms.katalon.core.keyword.BuiltinKeywords.callTestCase(BuiltinKeywords.groovy:334)
	at Script1536563047854.run(Script1536563047854.groovy:30)
	at com.kms.katalon.core.main.ScriptEngine.run(ScriptEngine.java:194)
	at com.kms.katalon.core.main.ScriptEngine.runScriptAsRawText(ScriptEngine.java:119)
	at com.kms.katalon.core.main.TestCaseExecutor.runScript(TestCaseExecutor.java:331)
	at com.kms.katalon.core.main.TestCaseExecutor.doExecute(TestCaseExecutor.java:322)
	at com.kms.katalon.core.main.TestCaseExecutor.processExecutionPhase(TestCaseExecutor.java:301)
	at com.kms.katalon.core.main.TestCaseExecutor.accessMainPhase(TestCaseExecutor.java:293)
	at com.kms.katalon.core.main.TestCaseExecutor.execute(TestCaseExecutor.java:227)
	at com.kms.katalon.core.main.TestCaseMain.runTestCase(TestCaseMain.java:114)
	at com.kms.katalon.core.keyword.builtin.CallTestCaseKeyword$_callTestCase_closure1.doCall(CallTestCaseKeyword.groovy:59)
	at com.kms.katalon.core.keyword.builtin.CallTestCaseKeyword$_callTestCase_closure1.call(CallTestCaseKeyword.groovy)
	at com.kms.katalon.core.keyword.internal.KeywordMain.runKeyword(KeywordMain.groovy:66)
	at com.kms.katalon.core.keyword.builtin.CallTestCaseKeyword.callTestCase(CallTestCaseKeyword.groovy:81)
	at com.kms.katalon.core.keyword.builtin.CallTestCaseKeyword.execute(CallTestCaseKeyword.groovy:44)
	at com.kms.katalon.core.keyword.internal.KeywordExecutor.executeKeywordForPlatform(KeywordExecutor.groovy:56)
	at com.kms.katalon.core.keyword.BuiltinKeywords.callTestCase(BuiltinKeywords.groovy:334)
	at Script1536828708428.run(Script1536828708428.groovy:22)
	at com.kms.katalon.core.main.ScriptEngine.run(ScriptEngine.java:194)
	at com.kms.katalon.core.main.ScriptEngine.runScriptAsRawText(ScriptEngine.java:119)
	at com.kms.katalon.core.main.TestCaseExecutor.runScript(TestCaseExecutor.java:331)
	at com.kms.katalon.core.main.TestCaseExecutor.doExecute(TestCaseExecutor.java:322)
	at com.kms.katalon.core.main.TestCaseExecutor.processExecutionPhase(TestCaseExecutor.java:301)
	at com.kms.katalon.core.main.TestCaseExecutor.accessMainPhase(TestCaseExecutor.java:293)
	at com.kms.katalon.core.main.TestCaseExecutor.execute(TestCaseExecutor.java:227)
	at com.kms.katalon.core.main.TestCaseMain.runTestCase(TestCaseMain.java:114)
	at com.kms.katalon.core.keyword.builtin.CallTestCaseKeyword$_callTestCase_closure1.doCall(CallTestCaseKeyword.groovy:59)
	at com.kms.katalon.core.keyword.builtin.CallTestCaseKeyword$_callTestCase_closure1.call(CallTestCaseKeyword.groovy)
	at com.kms.katalon.core.keyword.internal.KeywordMain.runKeyword(KeywordMain.groovy:66)
	at com.kms.katalon.core.keyword.builtin.CallTestCaseKeyword.callTestCase(CallTestCaseKeyword.groovy:81)
	at com.kms.katalon.core.keyword.builtin.CallTestCaseKeyword.execute(CallTestCaseKeyword.groovy:44)
	at com.kms.katalon.core.keyword.internal.KeywordExecutor.executeKeywordForPlatform(KeywordExecutor.groovy:56)
	at com.kms.katalon.core.keyword.BuiltinKeywords.callTestCase(BuiltinKeywords.groovy:334)
	at Script1536829528699.run(Script1536829528699.groovy:23)
	... 13 more


2019-03-25 16:17:35 - [TEST_CASE][FAILED] - Test Cases/Segment subscribers/TC0708: Test Cases/Segment subscribers/TC0708 FAILED.
Reason:
com.kms.katalon.core.exception.StepFailedException: Call Test Case 'Test Cases/s-sidebar_navigation/individualAccount/Segment subsciber' failed
	at com.kms.katalon.core.keyword.builtin.CallTestCaseKeyword$_callTestCase_closure1.doCall(CallTestCaseKeyword.groovy:63)
	at com.kms.katalon.core.keyword.builtin.CallTestCaseKeyword$_callTestCase_closure1.call(CallTestCaseKeyword.groovy)
	at com.kms.katalon.core.keyword.internal.KeywordMain.runKeyword(KeywordMain.groovy:66)
	at com.kms.katalon.core.keyword.builtin.CallTestCaseKeyword.callTestCase(CallTestCaseKeyword.groovy:81)
	at com.kms.katalon.core.keyword.builtin.CallTestCaseKeyword.execute(CallTestCaseKeyword.groovy:44)
	at com.kms.katalon.core.keyword.internal.KeywordExecutor.executeKeywordForPlatform(KeywordExecutor.groovy:56)
	at com.kms.katalon.core.keyword.BuiltinKeywords.callTestCase(BuiltinKeywords.groovy:334)
	at TC0708.run(TC0708:30)
	at com.kms.katalon.core.main.ScriptEngine.run(ScriptEngine.java:194)
	at com.kms.katalon.core.main.ScriptEngine.runScriptAsRawText(ScriptEngine.java:119)
	at com.kms.katalon.core.main.TestCaseExecutor.runScript(TestCaseExecutor.java:331)
	at com.kms.katalon.core.main.TestCaseExecutor.doExecute(TestCaseExecutor.java:322)
	at com.kms.katalon.core.main.TestCaseExecutor.processExecutionPhase(TestCaseExecutor.java:301)
	at com.kms.katalon.core.main.TestCaseExecutor.accessMainPhase(TestCaseExecutor.java:293)
	at com.kms.katalon.core.main.TestCaseExecutor.execute(TestCaseExecutor.java:227)
	at com.kms.katalon.core.main.TestCaseMain.runTestCase(TestCaseMain.java:114)
	at com.kms.katalon.core.keyword.builtin.CallTestCaseKeyword$_callTestCase_closure1.doCall(CallTestCaseKeyword.groovy:59)
	at com.kms.katalon.core.keyword.builtin.CallTestCaseKeyword$_callTestCase_closure1.call(CallTestCaseKeyword.groovy)
	at com.kms.katalon.core.keyword.internal.KeywordMain.runKeyword(KeywordMain.groovy:66)
	at com.kms.katalon.core.keyword.builtin.CallTestCaseKeyword.callTestCase(CallTestCaseKeyword.groovy:81)
	at com.kms.katalon.core.keyword.builtin.CallTestCaseKeyword.execute(CallTestCaseKeyword.groovy:44)
	at com.kms.katalon.core.keyword.internal.KeywordExecutor.executeKeywordForPlatform(KeywordExecutor.groovy:56)
	at com.kms.katalon.core.keyword.BuiltinKeywords.callTestCase(BuiltinKeywords.groovy:334)
	at TC0756.run(TC0756:22)
	at com.kms.katalon.core.main.ScriptEngine.run(ScriptEngine.java:194)
	at com.kms.katalon.core.main.ScriptEngine.runScriptAsRawText(ScriptEngine.java:119)
	at com.kms.katalon.core.main.TestCaseExecutor.runScript(TestCaseExecutor.java:331)
	at com.kms.katalon.core.main.TestCaseExecutor.doExecute(TestCaseExecutor.java:322)
	at com.kms.katalon.core.main.TestCaseExecutor.processExecutionPhase(TestCaseExecutor.java:301)
	at com.kms.katalon.core.main.TestCaseExecutor.accessMainPhase(TestCaseExecutor.java:293)
	at com.kms.katalon.core.main.TestCaseExecutor.execute(TestCaseExecutor.java:227)
	at com.kms.katalon.core.main.TestCaseMain.runTestCase(TestCaseMain.java:114)
	at com.kms.katalon.core.keyword.builtin.CallTestCaseKeyword$_callTestCase_closure1.doCall(CallTestCaseKeyword.groovy:59)
	at com.kms.katalon.core.keyword.builtin.CallTestCaseKeyword$_callTestCase_closure1.call(CallTestCaseKeyword.groovy)
	at com.kms.katalon.core.keyword.internal.KeywordMain.runKeyword(KeywordMain.groovy:66)
	at com.kms.katalon.core.keyword.builtin.CallTestCaseKeyword.callTestCase(CallTestCaseKeyword.groovy:81)
	at com.kms.katalon.core.keyword.builtin.CallTestCaseKeyword.execute(CallTestCaseKeyword.groovy:44)
	at com.kms.katalon.core.keyword.internal.KeywordExecutor.executeKeywordForPlatform(KeywordExecutor.groovy:56)
	at com.kms.katalon.core.keyword.BuiltinKeywords.callTestCase(BuiltinKeywords.groovy:334)
	at TC0758.run(TC0758:23)
	at com.kms.katalon.core.main.ScriptEngine.run(ScriptEngine.java:194)
	at com.kms.katalon.core.main.ScriptEngine.runScriptAsRawText(ScriptEngine.java:119)
	at com.kms.katalon.core.main.TestCaseExecutor.runScript(TestCaseExecutor.java:331)
	at com.kms.katalon.core.main.TestCaseExecutor.doExecute(TestCaseExecutor.java:322)
	at com.kms.katalon.core.main.TestCaseExecutor.processExecutionPhase(TestCaseExecutor.java:301)
	at com.kms.katalon.core.main.TestCaseExecutor.accessMainPhase(TestCaseExecutor.java:293)
	at com.kms.katalon.core.main.TestCaseExecutor.execute(TestCaseExecutor.java:227)
	at com.kms.katalon.core.main.TestSuiteExecutor.accessTestCaseMainPhase(TestSuiteExecutor.java:129)
	at com.kms.katalon.core.main.TestSuiteExecutor.accessTestSuiteMainPhase(TestSuiteExecutor.java:112)
	at com.kms.katalon.core.main.TestSuiteExecutor.execute(TestSuiteExecutor.java:81)
	at com.kms.katalon.core.main.TestCaseMain.startTestSuite(TestCaseMain.java:157)
	at com.kms.katalon.core.main.TestCaseMain$startTestSuite$0.call(Unknown Source)
	at TempTestSuite1553506926009.run(TempTestSuite1553506926009.groovy:35)
Caused by: com.kms.katalon.core.exception.StepFailedException: Unable to click on object 'Object Repository/Page_KiboPush  Dashboard/span_Broadcasting'
	at com.kms.katalon.core.webui.keyword.internal.WebUIKeywordMain.stepFailed(WebUIKeywordMain.groovy:64)
	at com.kms.katalon.core.webui.keyword.internal.WebUIKeywordMain.runKeyword(WebUIKeywordMain.groovy:26)
	at com.kms.katalon.core.webui.keyword.builtin.ClickKeyword.click(ClickKeyword.groovy:86)
	at com.kms.katalon.core.webui.keyword.builtin.ClickKeyword.execute(ClickKeyword.groovy:67)
	at com.kms.katalon.core.keyword.internal.KeywordExecutor.executeKeywordForPlatform(KeywordExecutor.groovy:56)
	at com.kms.katalon.core.webui.keyword.WebUiBuiltInKeywords.click(WebUiBuiltInKeywords.groovy:616)
	at com.kms.katalon.core.webui.keyword.WebUiBuiltInKeywords$click$2.call(Unknown Source)
	at Segment subsciber.run(Segment subsciber:24)
	at com.kms.katalon.core.main.ScriptEngine.run(ScriptEngine.java:194)
	at com.kms.katalon.core.main.ScriptEngine.runScriptAsRawText(ScriptEngine.java:119)
	at com.kms.katalon.core.main.TestCaseExecutor.runScript(TestCaseExecutor.java:331)
	at com.kms.katalon.core.main.TestCaseExecutor.doExecute(TestCaseExecutor.java:322)
	at com.kms.katalon.core.main.TestCaseExecutor.processExecutionPhase(TestCaseExecutor.java:301)
	at com.kms.katalon.core.main.TestCaseExecutor.accessMainPhase(TestCaseExecutor.java:293)
	at com.kms.katalon.core.main.TestCaseExecutor.execute(TestCaseExecutor.java:227)
	at com.kms.katalon.core.main.TestCaseMain.runTestCase(TestCaseMain.java:114)
	at com.kms.katalon.core.keyword.builtin.CallTestCaseKeyword$_callTestCase_closure1.doCall(CallTestCaseKeyword.groovy:59)
	... 52 more
Caused by: com.kms.katalon.core.webui.exception.WebElementNotFoundException: Web element with id: 'Object Repository/Page_KiboPush  Dashboard/span_Broadcasting' located by 'By.xpath: //span[(text() = 'Broadcasting' or . = 'Broadcasting')]' not found
	at com.kms.katalon.core.webui.common.WebUiCommonHelper.findWebElement(WebUiCommonHelper.java:1053)
	at com.kms.katalon.core.webui.keyword.internal.WebUIAbstractKeyword.findWebElement(WebUIAbstractKeyword.groovy:27)
	at com.kms.katalon.core.webui.keyword.internal.WebUIAbstractKeyword.findWebElement(WebUIAbstractKeyword.groovy:26)
	at com.kms.katalon.core.webui.keyword.builtin.ClickKeyword$_click_closure1.doCall(ClickKeyword.groovy:77)
	at com.kms.katalon.core.webui.keyword.builtin.ClickKeyword$_click_closure1.call(ClickKeyword.groovy)
	at com.kms.katalon.core.webui.keyword.internal.WebUIKeywordMain.runKeyword(WebUIKeywordMain.groovy:20)
	at com.kms.katalon.core.webui.keyword.builtin.ClickKeyword.click(ClickKeyword.groovy:86)
	at com.kms.katalon.core.webui.keyword.builtin.ClickKeyword.execute(ClickKeyword.groovy:67)
	at com.kms.katalon.core.keyword.internal.KeywordExecutor.executeKeywordForPlatform(KeywordExecutor.groovy:56)
	at com.kms.katalon.core.webui.keyword.WebUiBuiltInKeywords.click(WebUiBuiltInKeywords.groovy:616)
	at com.kms.katalon.core.webui.keyword.WebUiBuiltInKeywords$click$2.call(Unknown Source)
	at Script1537021633802.run(Script1537021633802.groovy:24)
	at com.kms.katalon.core.main.ScriptEngine.run(ScriptEngine.java:194)
	at com.kms.katalon.core.main.ScriptEngine.runScriptAsRawText(ScriptEngine.java:119)
	at com.kms.katalon.core.main.TestCaseExecutor.runScript(TestCaseExecutor.java:331)
	at com.kms.katalon.core.main.TestCaseExecutor.doExecute(TestCaseExecutor.java:322)
	at com.kms.katalon.core.main.TestCaseExecutor.processExecutionPhase(TestCaseExecutor.java:301)
	at com.kms.katalon.core.main.TestCaseExecutor.accessMainPhase(TestCaseExecutor.java:293)
	at com.kms.katalon.core.main.TestCaseExecutor.execute(TestCaseExecutor.java:227)
	at com.kms.katalon.core.main.TestCaseMain.runTestCase(TestCaseMain.java:114)
	at com.kms.katalon.core.keyword.builtin.CallTestCaseKeyword$_callTestCase_closure1.doCall(CallTestCaseKeyword.groovy:59)
	at com.kms.katalon.core.keyword.builtin.CallTestCaseKeyword$_callTestCase_closure1.call(CallTestCaseKeyword.groovy)
	at com.kms.katalon.core.keyword.internal.KeywordMain.runKeyword(KeywordMain.groovy:66)
	at com.kms.katalon.core.keyword.builtin.CallTestCaseKeyword.callTestCase(CallTestCaseKeyword.groovy:81)
	at com.kms.katalon.core.keyword.builtin.CallTestCaseKeyword.execute(CallTestCaseKeyword.groovy:44)
	at com.kms.katalon.core.keyword.internal.KeywordExecutor.executeKeywordForPlatform(KeywordExecutor.groovy:56)
	at com.kms.katalon.core.keyword.BuiltinKeywords.callTestCase(BuiltinKeywords.groovy:334)
	at Script1536563047854.run(Script1536563047854.groovy:30)
	at com.kms.katalon.core.main.ScriptEngine.run(ScriptEngine.java:194)
	at com.kms.katalon.core.main.ScriptEngine.runScriptAsRawText(ScriptEngine.java:119)
	at com.kms.katalon.core.main.TestCaseExecutor.runScript(TestCaseExecutor.java:331)
	at com.kms.katalon.core.main.TestCaseExecutor.doExecute(TestCaseExecutor.java:322)
	at com.kms.katalon.core.main.TestCaseExecutor.processExecutionPhase(TestCaseExecutor.java:301)
	at com.kms.katalon.core.main.TestCaseExecutor.accessMainPhase(TestCaseExecutor.java:293)
	at com.kms.katalon.core.main.TestCaseExecutor.execute(TestCaseExecutor.java:227)
	at com.kms.katalon.core.main.TestCaseMain.runTestCase(TestCaseMain.java:114)
	at com.kms.katalon.core.keyword.builtin.CallTestCaseKeyword$_callTestCase_closure1.doCall(CallTestCaseKeyword.groovy:59)
	at com.kms.katalon.core.keyword.builtin.CallTestCaseKeyword$_callTestCase_closure1.call(CallTestCaseKeyword.groovy)
	at com.kms.katalon.core.keyword.internal.KeywordMain.runKeyword(KeywordMain.groovy:66)
	at com.kms.katalon.core.keyword.builtin.CallTestCaseKeyword.callTestCase(CallTestCaseKeyword.groovy:81)
	at com.kms.katalon.core.keyword.builtin.CallTestCaseKeyword.execute(CallTestCaseKeyword.groovy:44)
	at com.kms.katalon.core.keyword.internal.KeywordExecutor.executeKeywordForPlatform(KeywordExecutor.groovy:56)
	at com.kms.katalon.core.keyword.BuiltinKeywords.callTestCase(BuiltinKeywords.groovy:334)
	at Script1536828708428.run(Script1536828708428.groovy:22)
	at com.kms.katalon.core.main.ScriptEngine.run(ScriptEngine.java:194)
	at com.kms.katalon.core.main.ScriptEngine.runScriptAsRawText(ScriptEngine.java:119)
	at com.kms.katalon.core.main.TestCaseExecutor.runScript(TestCaseExecutor.java:331)
	at com.kms.katalon.core.main.TestCaseExecutor.doExecute(TestCaseExecutor.java:322)
	at com.kms.katalon.core.main.TestCaseExecutor.processExecutionPhase(TestCaseExecutor.java:301)
	at com.kms.katalon.core.main.TestCaseExecutor.accessMainPhase(TestCaseExecutor.java:293)
	at com.kms.katalon.core.main.TestCaseExecutor.execute(TestCaseExecutor.java:227)
	at com.kms.katalon.core.main.TestCaseMain.runTestCase(TestCaseMain.java:114)
	at com.kms.katalon.core.keyword.builtin.CallTestCaseKeyword$_callTestCase_closure1.doCall(CallTestCaseKeyword.groovy:59)
	at com.kms.katalon.core.keyword.builtin.CallTestCaseKeyword$_callTestCase_closure1.call(CallTestCaseKeyword.groovy)
	at com.kms.katalon.core.keyword.internal.KeywordMain.runKeyword(KeywordMain.groovy:66)
	at com.kms.katalon.core.keyword.builtin.CallTestCaseKeyword.callTestCase(CallTestCaseKeyword.groovy:81)
	at com.kms.katalon.core.keyword.builtin.CallTestCaseKeyword.execute(CallTestCaseKeyword.groovy:44)
	at com.kms.katalon.core.keyword.internal.KeywordExecutor.executeKeywordForPlatform(KeywordExecutor.groovy:56)
	at com.kms.katalon.core.keyword.BuiltinKeywords.callTestCase(BuiltinKeywords.groovy:334)
	at Script1536829528699.run(Script1536829528699.groovy:23)
	... 13 more


2019-03-25 16:17:35 - [TEST_STEP][FAILED] - callTestCase(findTestCase("s-sidebar_navigation/individualAccount/Segment subsciber"), [:], STOP_ON_FAILURE): callTestCase(findTestCase("s-sidebar_navigation/individualAccount/Segment subsciber"), [:], STOP_ON_FAILURE) FAILED.
Reason:
com.kms.katalon.core.exception.StepFailedException: Call Test Case 'Test Cases/s-sidebar_navigation/individualAccount/Segment subsciber' failed
	at com.kms.katalon.core.keyword.builtin.CallTestCaseKeyword$_callTestCase_closure1.doCall(CallTestCaseKeyword.groovy:63)
	at com.kms.katalon.core.keyword.builtin.CallTestCaseKeyword$_callTestCase_closure1.call(CallTestCaseKeyword.groovy)
	at com.kms.katalon.core.keyword.internal.KeywordMain.runKeyword(KeywordMain.groovy:66)
	at com.kms.katalon.core.keyword.builtin.CallTestCaseKeyword.callTestCase(CallTestCaseKeyword.groovy:81)
	at com.kms.katalon.core.keyword.builtin.CallTestCaseKeyword.execute(CallTestCaseKeyword.groovy:44)
	at com.kms.katalon.core.keyword.internal.KeywordExecutor.executeKeywordForPlatform(KeywordExecutor.groovy:56)
	at com.kms.katalon.core.keyword.BuiltinKeywords.callTestCase(BuiltinKeywords.groovy:334)
	at TC0708.run(TC0708:30)
	at com.kms.katalon.core.main.ScriptEngine.run(ScriptEngine.java:194)
	at com.kms.katalon.core.main.ScriptEngine.runScriptAsRawText(ScriptEngine.java:119)
	at com.kms.katalon.core.main.TestCaseExecutor.runScript(TestCaseExecutor.java:331)
	at com.kms.katalon.core.main.TestCaseExecutor.doExecute(TestCaseExecutor.java:322)
	at com.kms.katalon.core.main.TestCaseExecutor.processExecutionPhase(TestCaseExecutor.java:301)
	at com.kms.katalon.core.main.TestCaseExecutor.accessMainPhase(TestCaseExecutor.java:293)
	at com.kms.katalon.core.main.TestCaseExecutor.execute(TestCaseExecutor.java:227)
	at com.kms.katalon.core.main.TestCaseMain.runTestCase(TestCaseMain.java:114)
	at com.kms.katalon.core.keyword.builtin.CallTestCaseKeyword$_callTestCase_closure1.doCall(CallTestCaseKeyword.groovy:59)
	at com.kms.katalon.core.keyword.builtin.CallTestCaseKeyword$_callTestCase_closure1.call(CallTestCaseKeyword.groovy)
	at com.kms.katalon.core.keyword.internal.KeywordMain.runKeyword(KeywordMain.groovy:66)
	at com.kms.katalon.core.keyword.builtin.CallTestCaseKeyword.callTestCase(CallTestCaseKeyword.groovy:81)
	at com.kms.katalon.core.keyword.builtin.CallTestCaseKeyword.execute(CallTestCaseKeyword.groovy:44)
	at com.kms.katalon.core.keyword.internal.KeywordExecutor.executeKeywordForPlatform(KeywordExecutor.groovy:56)
	at com.kms.katalon.core.keyword.BuiltinKeywords.callTestCase(BuiltinKeywords.groovy:334)
	at TC0756.run(TC0756:22)
	at com.kms.katalon.core.main.ScriptEngine.run(ScriptEngine.java:194)
	at com.kms.katalon.core.main.ScriptEngine.runScriptAsRawText(ScriptEngine.java:119)
	at com.kms.katalon.core.main.TestCaseExecutor.runScript(TestCaseExecutor.java:331)
	at com.kms.katalon.core.main.TestCaseExecutor.doExecute(TestCaseExecutor.java:322)
	at com.kms.katalon.core.main.TestCaseExecutor.processExecutionPhase(TestCaseExecutor.java:301)
	at com.kms.katalon.core.main.TestCaseExecutor.accessMainPhase(TestCaseExecutor.java:293)
	at com.kms.katalon.core.main.TestCaseExecutor.execute(TestCaseExecutor.java:227)
	at com.kms.katalon.core.main.TestCaseMain.runTestCase(TestCaseMain.java:114)
	at com.kms.katalon.core.keyword.builtin.CallTestCaseKeyword$_callTestCase_closure1.doCall(CallTestCaseKeyword.groovy:59)
	at com.kms.katalon.core.keyword.builtin.CallTestCaseKeyword$_callTestCase_closure1.call(CallTestCaseKeyword.groovy)
	at com.kms.katalon.core.keyword.internal.KeywordMain.runKeyword(KeywordMain.groovy:66)
	at com.kms.katalon.core.keyword.builtin.CallTestCaseKeyword.callTestCase(CallTestCaseKeyword.groovy:81)
	at com.kms.katalon.core.keyword.builtin.CallTestCaseKeyword.execute(CallTestCaseKeyword.groovy:44)
	at com.kms.katalon.core.keyword.internal.KeywordExecutor.executeKeywordForPlatform(KeywordExecutor.groovy:56)
	at com.kms.katalon.core.keyword.BuiltinKeywords.callTestCase(BuiltinKeywords.groovy:334)
	at TC0758.run(TC0758:23)
	at com.kms.katalon.core.main.ScriptEngine.run(ScriptEngine.java:194)
	at com.kms.katalon.core.main.ScriptEngine.runScriptAsRawText(ScriptEngine.java:119)
	at com.kms.katalon.core.main.TestCaseExecutor.runScript(TestCaseExecutor.java:331)
	at com.kms.katalon.core.main.TestCaseExecutor.doExecute(TestCaseExecutor.java:322)
	at com.kms.katalon.core.main.TestCaseExecutor.processExecutionPhase(TestCaseExecutor.java:301)
	at com.kms.katalon.core.main.TestCaseExecutor.accessMainPhase(TestCaseExecutor.java:293)
	at com.kms.katalon.core.main.TestCaseExecutor.execute(TestCaseExecutor.java:227)
	at com.kms.katalon.core.main.TestSuiteExecutor.accessTestCaseMainPhase(TestSuiteExecutor.java:129)
	at com.kms.katalon.core.main.TestSuiteExecutor.accessTestSuiteMainPhase(TestSuiteExecutor.java:112)
	at com.kms.katalon.core.main.TestSuiteExecutor.execute(TestSuiteExecutor.java:81)
	at com.kms.katalon.core.main.TestCaseMain.startTestSuite(TestCaseMain.java:157)
	at com.kms.katalon.core.main.TestCaseMain$startTestSuite$0.call(Unknown Source)
	at TempTestSuite1553506926009.run(TempTestSuite1553506926009.groovy:35)
Caused by: com.kms.katalon.core.exception.StepFailedException: Unable to click on object 'Object Repository/Page_KiboPush  Dashboard/span_Broadcasting'
	at com.kms.katalon.core.webui.keyword.internal.WebUIKeywordMain.stepFailed(WebUIKeywordMain.groovy:64)
	at com.kms.katalon.core.webui.keyword.internal.WebUIKeywordMain.runKeyword(WebUIKeywordMain.groovy:26)
	at com.kms.katalon.core.webui.keyword.builtin.ClickKeyword.click(ClickKeyword.groovy:86)
	at com.kms.katalon.core.webui.keyword.builtin.ClickKeyword.execute(ClickKeyword.groovy:67)
	at com.kms.katalon.core.keyword.internal.KeywordExecutor.executeKeywordForPlatform(KeywordExecutor.groovy:56)
	at com.kms.katalon.core.webui.keyword.WebUiBuiltInKeywords.click(WebUiBuiltInKeywords.groovy:616)
	at com.kms.katalon.core.webui.keyword.WebUiBuiltInKeywords$click$2.call(Unknown Source)
	at Segment subsciber.run(Segment subsciber:24)
	at com.kms.katalon.core.main.ScriptEngine.run(ScriptEngine.java:194)
	at com.kms.katalon.core.main.ScriptEngine.runScriptAsRawText(ScriptEngine.java:119)
	at com.kms.katalon.core.main.TestCaseExecutor.runScript(TestCaseExecutor.java:331)
	at com.kms.katalon.core.main.TestCaseExecutor.doExecute(TestCaseExecutor.java:322)
	at com.kms.katalon.core.main.TestCaseExecutor.processExecutionPhase(TestCaseExecutor.java:301)
	at com.kms.katalon.core.main.TestCaseExecutor.accessMainPhase(TestCaseExecutor.java:293)
	at com.kms.katalon.core.main.TestCaseExecutor.execute(TestCaseExecutor.java:227)
	at com.kms.katalon.core.main.TestCaseMain.runTestCase(TestCaseMain.java:114)
	at com.kms.katalon.core.keyword.builtin.CallTestCaseKeyword$_callTestCase_closure1.doCall(CallTestCaseKeyword.groovy:59)
	... 52 more
Caused by: com.kms.katalon.core.webui.exception.WebElementNotFoundException: Web element with id: 'Object Repository/Page_KiboPush  Dashboard/span_Broadcasting' located by 'By.xpath: //span[(text() = 'Broadcasting' or . = 'Broadcasting')]' not found
	at com.kms.katalon.core.webui.common.WebUiCommonHelper.findWebElement(WebUiCommonHelper.java:1053)
	at com.kms.katalon.core.webui.keyword.internal.WebUIAbstractKeyword.findWebElement(WebUIAbstractKeyword.groovy:27)
	at com.kms.katalon.core.webui.keyword.internal.WebUIAbstractKeyword.findWebElement(WebUIAbstractKeyword.groovy:26)
	at com.kms.katalon.core.webui.keyword.builtin.ClickKeyword$_click_closure1.doCall(ClickKeyword.groovy:77)
	at com.kms.katalon.core.webui.keyword.builtin.ClickKeyword$_click_closure1.call(ClickKeyword.groovy)
	at com.kms.katalon.core.webui.keyword.internal.WebUIKeywordMain.runKeyword(WebUIKeywordMain.groovy:20)
	at com.kms.katalon.core.webui.keyword.builtin.ClickKeyword.click(ClickKeyword.groovy:86)
	at com.kms.katalon.core.webui.keyword.builtin.ClickKeyword.execute(ClickKeyword.groovy:67)
	at com.kms.katalon.core.keyword.internal.KeywordExecutor.executeKeywordForPlatform(KeywordExecutor.groovy:56)
	at com.kms.katalon.core.webui.keyword.WebUiBuiltInKeywords.click(WebUiBuiltInKeywords.groovy:616)
	at com.kms.katalon.core.webui.keyword.WebUiBuiltInKeywords$click$2.call(Unknown Source)
	at Script1537021633802.run(Script1537021633802.groovy:24)
	at com.kms.katalon.core.main.ScriptEngine.run(ScriptEngine.java:194)
	at com.kms.katalon.core.main.ScriptEngine.runScriptAsRawText(ScriptEngine.java:119)
	at com.kms.katalon.core.main.TestCaseExecutor.runScript(TestCaseExecutor.java:331)
	at com.kms.katalon.core.main.TestCaseExecutor.doExecute(TestCaseExecutor.java:322)
	at com.kms.katalon.core.main.TestCaseExecutor.processExecutionPhase(TestCaseExecutor.java:301)
	at com.kms.katalon.core.main.TestCaseExecutor.accessMainPhase(TestCaseExecutor.java:293)
	at com.kms.katalon.core.main.TestCaseExecutor.execute(TestCaseExecutor.java:227)
	at com.kms.katalon.core.main.TestCaseMain.runTestCase(TestCaseMain.java:114)
	at com.kms.katalon.core.keyword.builtin.CallTestCaseKeyword$_callTestCase_closure1.doCall(CallTestCaseKeyword.groovy:59)
	at com.kms.katalon.core.keyword.builtin.CallTestCaseKeyword$_callTestCase_closure1.call(CallTestCaseKeyword.groovy)
	at com.kms.katalon.core.keyword.internal.KeywordMain.runKeyword(KeywordMain.groovy:66)
	at com.kms.katalon.core.keyword.builtin.CallTestCaseKeyword.callTestCase(CallTestCaseKeyword.groovy:81)
	at com.kms.katalon.core.keyword.builtin.CallTestCaseKeyword.execute(CallTestCaseKeyword.groovy:44)
	at com.kms.katalon.core.keyword.internal.KeywordExecutor.executeKeywordForPlatform(KeywordExecutor.groovy:56)
	at com.kms.katalon.core.keyword.BuiltinKeywords.callTestCase(BuiltinKeywords.groovy:334)
	at Script1536563047854.run(Script1536563047854.groovy:30)
	at com.kms.katalon.core.main.ScriptEngine.run(ScriptEngine.java:194)
	at com.kms.katalon.core.main.ScriptEngine.runScriptAsRawText(ScriptEngine.java:119)
	at com.kms.katalon.core.main.TestCaseExecutor.runScript(TestCaseExecutor.java:331)
	at com.kms.katalon.core.main.TestCaseExecutor.doExecute(TestCaseExecutor.java:322)
	at com.kms.katalon.core.main.TestCaseExecutor.processExecutionPhase(TestCaseExecutor.java:301)
	at com.kms.katalon.core.main.TestCaseExecutor.accessMainPhase(TestCaseExecutor.java:293)
	at com.kms.katalon.core.main.TestCaseExecutor.execute(TestCaseExecutor.java:227)
	at com.kms.katalon.core.main.TestCaseMain.runTestCase(TestCaseMain.java:114)
	at com.kms.katalon.core.keyword.builtin.CallTestCaseKeyword$_callTestCase_closure1.doCall(CallTestCaseKeyword.groovy:59)
	at com.kms.katalon.core.keyword.builtin.CallTestCaseKeyword$_callTestCase_closure1.call(CallTestCaseKeyword.groovy)
	at com.kms.katalon.core.keyword.internal.KeywordMain.runKeyword(KeywordMain.groovy:66)
	at com.kms.katalon.core.keyword.builtin.CallTestCaseKeyword.callTestCase(CallTestCaseKeyword.groovy:81)
	at com.kms.katalon.core.keyword.builtin.CallTestCaseKeyword.execute(CallTestCaseKeyword.groovy:44)
	at com.kms.katalon.core.keyword.internal.KeywordExecutor.executeKeywordForPlatform(KeywordExecutor.groovy:56)
	at com.kms.katalon.core.keyword.BuiltinKeywords.callTestCase(BuiltinKeywords.groovy:334)
	at Script1536828708428.run(Script1536828708428.groovy:22)
	at com.kms.katalon.core.main.ScriptEngine.run(ScriptEngine.java:194)
	at com.kms.katalon.core.main.ScriptEngine.runScriptAsRawText(ScriptEngine.java:119)
	at com.kms.katalon.core.main.TestCaseExecutor.runScript(TestCaseExecutor.java:331)
	at com.kms.katalon.core.main.TestCaseExecutor.doExecute(TestCaseExecutor.java:322)
	at com.kms.katalon.core.main.TestCaseExecutor.processExecutionPhase(TestCaseExecutor.java:301)
	at com.kms.katalon.core.main.TestCaseExecutor.accessMainPhase(TestCaseExecutor.java:293)
	at com.kms.katalon.core.main.TestCaseExecutor.execute(TestCaseExecutor.java:227)
	at com.kms.katalon.core.main.TestCaseMain.runTestCase(TestCaseMain.java:114)
	at com.kms.katalon.core.keyword.builtin.CallTestCaseKeyword$_callTestCase_closure1.doCall(CallTestCaseKeyword.groovy:59)
	at com.kms.katalon.core.keyword.builtin.CallTestCaseKeyword$_callTestCase_closure1.call(CallTestCaseKeyword.groovy)
	at com.kms.katalon.core.keyword.internal.KeywordMain.runKeyword(KeywordMain.groovy:66)
	at com.kms.katalon.core.keyword.builtin.CallTestCaseKeyword.callTestCase(CallTestCaseKeyword.groovy:81)
	at com.kms.katalon.core.keyword.builtin.CallTestCaseKeyword.execute(CallTestCaseKeyword.groovy:44)
	at com.kms.katalon.core.keyword.internal.KeywordExecutor.executeKeywordForPlatform(KeywordExecutor.groovy:56)
	at com.kms.katalon.core.keyword.BuiltinKeywords.callTestCase(BuiltinKeywords.groovy:334)
	at Script1536829528699.run(Script1536829528699.groovy:23)
	... 13 more


2019-03-25 16:17:35 - [TEST_CASE][FAILED] - Test Cases/s-sidebar_navigation/individualAccount/Segment subsciber: Test Cases/s-sidebar_navigation/individualAccount/Segment subsciber FAILED.
Reason:
com.kms.katalon.core.exception.StepFailedException: Unable to click on object 'Object Repository/Page_KiboPush  Dashboard/span_Broadcasting'
	at com.kms.katalon.core.webui.keyword.internal.WebUIKeywordMain.stepFailed(WebUIKeywordMain.groovy:64)
	at com.kms.katalon.core.webui.keyword.internal.WebUIKeywordMain.runKeyword(WebUIKeywordMain.groovy:26)
	at com.kms.katalon.core.webui.keyword.builtin.ClickKeyword.click(ClickKeyword.groovy:86)
	at com.kms.katalon.core.webui.keyword.builtin.ClickKeyword.execute(ClickKeyword.groovy:67)
	at com.kms.katalon.core.keyword.internal.KeywordExecutor.executeKeywordForPlatform(KeywordExecutor.groovy:56)
	at com.kms.katalon.core.webui.keyword.WebUiBuiltInKeywords.click(WebUiBuiltInKeywords.groovy:616)
	at com.kms.katalon.core.webui.keyword.WebUiBuiltInKeywords$click$2.call(Unknown Source)
	at Segment subsciber.run(Segment subsciber:24)
	at com.kms.katalon.core.main.ScriptEngine.run(ScriptEngine.java:194)
	at com.kms.katalon.core.main.ScriptEngine.runScriptAsRawText(ScriptEngine.java:119)
	at com.kms.katalon.core.main.TestCaseExecutor.runScript(TestCaseExecutor.java:331)
	at com.kms.katalon.core.main.TestCaseExecutor.doExecute(TestCaseExecutor.java:322)
	at com.kms.katalon.core.main.TestCaseExecutor.processExecutionPhase(TestCaseExecutor.java:301)
	at com.kms.katalon.core.main.TestCaseExecutor.accessMainPhase(TestCaseExecutor.java:293)
	at com.kms.katalon.core.main.TestCaseExecutor.execute(TestCaseExecutor.java:227)
	at com.kms.katalon.core.main.TestCaseMain.runTestCase(TestCaseMain.java:114)
	at com.kms.katalon.core.keyword.builtin.CallTestCaseKeyword$_callTestCase_closure1.doCall(CallTestCaseKeyword.groovy:59)
	at com.kms.katalon.core.keyword.builtin.CallTestCaseKeyword$_callTestCase_closure1.call(CallTestCaseKeyword.groovy)
	at com.kms.katalon.core.keyword.internal.KeywordMain.runKeyword(KeywordMain.groovy:66)
	at com.kms.katalon.core.keyword.builtin.CallTestCaseKeyword.callTestCase(CallTestCaseKeyword.groovy:81)
	at com.kms.katalon.core.keyword.builtin.CallTestCaseKeyword.execute(CallTestCaseKeyword.groovy:44)
	at com.kms.katalon.core.keyword.internal.KeywordExecutor.executeKeywordForPlatform(KeywordExecutor.groovy:56)
	at com.kms.katalon.core.keyword.BuiltinKeywords.callTestCase(BuiltinKeywords.groovy:334)
	at TC0708.run(TC0708:30)
	at com.kms.katalon.core.main.ScriptEngine.run(ScriptEngine.java:194)
	at com.kms.katalon.core.main.ScriptEngine.runScriptAsRawText(ScriptEngine.java:119)
	at com.kms.katalon.core.main.TestCaseExecutor.runScript(TestCaseExecutor.java:331)
	at com.kms.katalon.core.main.TestCaseExecutor.doExecute(TestCaseExecutor.java:322)
	at com.kms.katalon.core.main.TestCaseExecutor.processExecutionPhase(TestCaseExecutor.java:301)
	at com.kms.katalon.core.main.TestCaseExecutor.accessMainPhase(TestCaseExecutor.java:293)
	at com.kms.katalon.core.main.TestCaseExecutor.execute(TestCaseExecutor.java:227)
	at com.kms.katalon.core.main.TestCaseMain.runTestCase(TestCaseMain.java:114)
	at com.kms.katalon.core.keyword.builtin.CallTestCaseKeyword$_callTestCase_closure1.doCall(CallTestCaseKeyword.groovy:59)
	at com.kms.katalon.core.keyword.builtin.CallTestCaseKeyword$_callTestCase_closure1.call(CallTestCaseKeyword.groovy)
	at com.kms.katalon.core.keyword.internal.KeywordMain.runKeyword(KeywordMain.groovy:66)
	at com.kms.katalon.core.keyword.builtin.CallTestCaseKeyword.callTestCase(CallTestCaseKeyword.groovy:81)
	at com.kms.katalon.core.keyword.builtin.CallTestCaseKeyword.execute(CallTestCaseKeyword.groovy:44)
	at com.kms.katalon.core.keyword.internal.KeywordExecutor.executeKeywordForPlatform(KeywordExecutor.groovy:56)
	at com.kms.katalon.core.keyword.BuiltinKeywords.callTestCase(BuiltinKeywords.groovy:334)
	at TC0756.run(TC0756:22)
	at com.kms.katalon.core.main.ScriptEngine.run(ScriptEngine.java:194)
	at com.kms.katalon.core.main.ScriptEngine.runScriptAsRawText(ScriptEngine.java:119)
	at com.kms.katalon.core.main.TestCaseExecutor.runScript(TestCaseExecutor.java:331)
	at com.kms.katalon.core.main.TestCaseExecutor.doExecute(TestCaseExecutor.java:322)
	at com.kms.katalon.core.main.TestCaseExecutor.processExecutionPhase(TestCaseExecutor.java:301)
	at com.kms.katalon.core.main.TestCaseExecutor.accessMainPhase(TestCaseExecutor.java:293)
	at com.kms.katalon.core.main.TestCaseExecutor.execute(TestCaseExecutor.java:227)
	at com.kms.katalon.core.main.TestCaseMain.runTestCase(TestCaseMain.java:114)
	at com.kms.katalon.core.keyword.builtin.CallTestCaseKeyword$_callTestCase_closure1.doCall(CallTestCaseKeyword.groovy:59)
	at com.kms.katalon.core.keyword.builtin.CallTestCaseKeyword$_callTestCase_closure1.call(CallTestCaseKeyword.groovy)
	at com.kms.katalon.core.keyword.internal.KeywordMain.runKeyword(KeywordMain.groovy:66)
	at com.kms.katalon.core.keyword.builtin.CallTestCaseKeyword.callTestCase(CallTestCaseKeyword.groovy:81)
	at com.kms.katalon.core.keyword.builtin.CallTestCaseKeyword.execute(CallTestCaseKeyword.groovy:44)
	at com.kms.katalon.core.keyword.internal.KeywordExecutor.executeKeywordForPlatform(KeywordExecutor.groovy:56)
	at com.kms.katalon.core.keyword.BuiltinKeywords.callTestCase(BuiltinKeywords.groovy:334)
	at TC0758.run(TC0758:23)
	at com.kms.katalon.core.main.ScriptEngine.run(ScriptEngine.java:194)
	at com.kms.katalon.core.main.ScriptEngine.runScriptAsRawText(ScriptEngine.java:119)
	at com.kms.katalon.core.main.TestCaseExecutor.runScript(TestCaseExecutor.java:331)
	at com.kms.katalon.core.main.TestCaseExecutor.doExecute(TestCaseExecutor.java:322)
	at com.kms.katalon.core.main.TestCaseExecutor.processExecutionPhase(TestCaseExecutor.java:301)
	at com.kms.katalon.core.main.TestCaseExecutor.accessMainPhase(TestCaseExecutor.java:293)
	at com.kms.katalon.core.main.TestCaseExecutor.execute(TestCaseExecutor.java:227)
	at com.kms.katalon.core.main.TestSuiteExecutor.accessTestCaseMainPhase(TestSuiteExecutor.java:129)
	at com.kms.katalon.core.main.TestSuiteExecutor.accessTestSuiteMainPhase(TestSuiteExecutor.java:112)
	at com.kms.katalon.core.main.TestSuiteExecutor.execute(TestSuiteExecutor.java:81)
	at com.kms.katalon.core.main.TestCaseMain.startTestSuite(TestCaseMain.java:157)
	at com.kms.katalon.core.main.TestCaseMain$startTestSuite$0.call(Unknown Source)
	at TempTestSuite1553506926009.run(TempTestSuite1553506926009.groovy:35)
Caused by: com.kms.katalon.core.webui.exception.WebElementNotFoundException: Web element with id: 'Object Repository/Page_KiboPush  Dashboard/span_Broadcasting' located by 'By.xpath: //span[(text() = 'Broadcasting' or . = 'Broadcasting')]' not found
	at com.kms.katalon.core.webui.common.WebUiCommonHelper.findWebElement(WebUiCommonHelper.java:1053)
	at com.kms.katalon.core.webui.keyword.internal.WebUIAbstractKeyword.findWebElement(WebUIAbstractKeyword.groovy:27)
	at com.kms.katalon.core.webui.keyword.internal.WebUIAbstractKeyword.findWebElement(WebUIAbstractKeyword.groovy:26)
	at com.kms.katalon.core.webui.keyword.builtin.ClickKeyword$_click_closure1.doCall(ClickKeyword.groovy:77)
	at com.kms.katalon.core.webui.keyword.builtin.ClickKeyword$_click_closure1.call(ClickKeyword.groovy)
	at com.kms.katalon.core.webui.keyword.internal.WebUIKeywordMain.runKeyword(WebUIKeywordMain.groovy:20)
	at com.kms.katalon.core.webui.keyword.builtin.ClickKeyword.click(ClickKeyword.groovy:86)
	at com.kms.katalon.core.webui.keyword.builtin.ClickKeyword.execute(ClickKeyword.groovy:67)
	at com.kms.katalon.core.keyword.internal.KeywordExecutor.executeKeywordForPlatform(KeywordExecutor.groovy:56)
	at com.kms.katalon.core.webui.keyword.WebUiBuiltInKeywords.click(WebUiBuiltInKeywords.groovy:616)
	at com.kms.katalon.core.webui.keyword.WebUiBuiltInKeywords$click$2.call(Unknown Source)
	at Script1537021633802.run(Script1537021633802.groovy:24)
	at com.kms.katalon.core.main.ScriptEngine.run(ScriptEngine.java:194)
	at com.kms.katalon.core.main.ScriptEngine.runScriptAsRawText(ScriptEngine.java:119)
	at com.kms.katalon.core.main.TestCaseExecutor.runScript(TestCaseExecutor.java:331)
	at com.kms.katalon.core.main.TestCaseExecutor.doExecute(TestCaseExecutor.java:322)
	at com.kms.katalon.core.main.TestCaseExecutor.processExecutionPhase(TestCaseExecutor.java:301)
	at com.kms.katalon.core.main.TestCaseExecutor.accessMainPhase(TestCaseExecutor.java:293)
	at com.kms.katalon.core.main.TestCaseExecutor.execute(TestCaseExecutor.java:227)
	at com.kms.katalon.core.main.TestCaseMain.runTestCase(TestCaseMain.java:114)
	at com.kms.katalon.core.keyword.builtin.CallTestCaseKeyword$_callTestCase_closure1.doCall(CallTestCaseKeyword.groovy:59)
	at com.kms.katalon.core.keyword.builtin.CallTestCaseKeyword$_callTestCase_closure1.call(CallTestCaseKeyword.groovy)
	at com.kms.katalon.core.keyword.internal.KeywordMain.runKeyword(KeywordMain.groovy:66)
	at com.kms.katalon.core.keyword.builtin.CallTestCaseKeyword.callTestCase(CallTestCaseKeyword.groovy:81)
	at com.kms.katalon.core.keyword.builtin.CallTestCaseKeyword.execute(CallTestCaseKeyword.groovy:44)
	at com.kms.katalon.core.keyword.internal.KeywordExecutor.executeKeywordForPlatform(KeywordExecutor.groovy:56)
	at com.kms.katalon.core.keyword.BuiltinKeywords.callTestCase(BuiltinKeywords.groovy:334)
	at Script1536563047854.run(Script1536563047854.groovy:30)
	at com.kms.katalon.core.main.ScriptEngine.run(ScriptEngine.java:194)
	at com.kms.katalon.core.main.ScriptEngine.runScriptAsRawText(ScriptEngine.java:119)
	at com.kms.katalon.core.main.TestCaseExecutor.runScript(TestCaseExecutor.java:331)
	at com.kms.katalon.core.main.TestCaseExecutor.doExecute(TestCaseExecutor.java:322)
	at com.kms.katalon.core.main.TestCaseExecutor.processExecutionPhase(TestCaseExecutor.java:301)
	at com.kms.katalon.core.main.TestCaseExecutor.accessMainPhase(TestCaseExecutor.java:293)
	at com.kms.katalon.core.main.TestCaseExecutor.execute(TestCaseExecutor.java:227)
	at com.kms.katalon.core.main.TestCaseMain.runTestCase(TestCaseMain.java:114)
	at com.kms.katalon.core.keyword.builtin.CallTestCaseKeyword$_callTestCase_closure1.doCall(CallTestCaseKeyword.groovy:59)
	at com.kms.katalon.core.keyword.builtin.CallTestCaseKeyword$_callTestCase_closure1.call(CallTestCaseKeyword.groovy)
	at com.kms.katalon.core.keyword.internal.KeywordMain.runKeyword(KeywordMain.groovy:66)
	at com.kms.katalon.core.keyword.builtin.CallTestCaseKeyword.callTestCase(CallTestCaseKeyword.groovy:81)
	at com.kms.katalon.core.keyword.builtin.CallTestCaseKeyword.execute(CallTestCaseKeyword.groovy:44)
	at com.kms.katalon.core.keyword.internal.KeywordExecutor.executeKeywordForPlatform(KeywordExecutor.groovy:56)
	at com.kms.katalon.core.keyword.BuiltinKeywords.callTestCase(BuiltinKeywords.groovy:334)
	at Script1536828708428.run(Script1536828708428.groovy:22)
	at com.kms.katalon.core.main.ScriptEngine.run(ScriptEngine.java:194)
	at com.kms.katalon.core.main.ScriptEngine.runScriptAsRawText(ScriptEngine.java:119)
	at com.kms.katalon.core.main.TestCaseExecutor.runScript(TestCaseExecutor.java:331)
	at com.kms.katalon.core.main.TestCaseExecutor.doExecute(TestCaseExecutor.java:322)
	at com.kms.katalon.core.main.TestCaseExecutor.processExecutionPhase(TestCaseExecutor.java:301)
	at com.kms.katalon.core.main.TestCaseExecutor.accessMainPhase(TestCaseExecutor.java:293)
	at com.kms.katalon.core.main.TestCaseExecutor.execute(TestCaseExecutor.java:227)
	at com.kms.katalon.core.main.TestCaseMain.runTestCase(TestCaseMain.java:114)
	at com.kms.katalon.core.keyword.builtin.CallTestCaseKeyword$_callTestCase_closure1.doCall(CallTestCaseKeyword.groovy:59)
	at com.kms.katalon.core.keyword.builtin.CallTestCaseKeyword$_callTestCase_closure1.call(CallTestCaseKeyword.groovy)
	at com.kms.katalon.core.keyword.internal.KeywordMain.runKeyword(KeywordMain.groovy:66)
	at com.kms.katalon.core.keyword.builtin.CallTestCaseKeyword.callTestCase(CallTestCaseKeyword.groovy:81)
	at com.kms.katalon.core.keyword.builtin.CallTestCaseKeyword.execute(CallTestCaseKeyword.groovy:44)
	at com.kms.katalon.core.keyword.internal.KeywordExecutor.executeKeywordForPlatform(KeywordExecutor.groovy:56)
	at com.kms.katalon.core.keyword.BuiltinKeywords.callTestCase(BuiltinKeywords.groovy:334)
	at Script1536829528699.run(Script1536829528699.groovy:23)
	... 13 more


2019-03-25 16:17:35 - [TEST_STEP][PASSED] - callTestCase(findTestCase("s-sidebar_navigation/individualAccount/Login-KiboEngage"), [:], STOP_ON_FAILURE): Call Test Case 'Test Cases/s-sidebar_navigation/individualAccount/Login-KiboEngage' successfully

2019-03-25 16:17:35 - [TEST_CASE][PASSED] - Test Cases/s-sidebar_navigation/individualAccount/Login-KiboEngage: Test Cases/s-sidebar_navigation/individualAccount/Login-KiboEngage

2019-03-25 16:17:35 - [TEST_STEP][PASSED] - openBrowser(""): Browser is opened with url: ''

2019-03-25 16:17:35 - [MESSAGE][WARNING] - A browser is already opened. Closing browser and opening a new one

2019-03-25 16:17:35 - [MESSAGE][INFO] - Starting 'Chrome' driver

2019-03-25 16:17:35 - [MESSAGE][PASSED] - Browser is opened with url: ''

2019-03-25 16:17:35 - [TEST_STEP][PASSED] - maximizeWindow(): Current window maximized

2019-03-25 16:17:36 - [MESSAGE][PASSED] - Current window maximized

2019-03-25 16:17:36 - [TEST_STEP][PASSED] - navigateToUrl("https://kiboengage.cloudkibo.com/"): Navigate to 'https://kiboengage.cloudkibo.com/' successfully

2019-03-25 16:17:49 - [MESSAGE][PASSED] - Navigate to 'https://kiboengage.cloudkibo.com/' successfully

2019-03-25 16:17:49 - [TEST_STEP][PASSED] - navigateToUrl("https://accounts.cloudkibo.com/?continue=https://kiboengage.cloudkibo.com"): Navigate to 'https://accounts.cloudkibo.com/?continue=https://kiboengage.cloudkibo.com' successfully

2019-03-25 16:17:50 - [MESSAGE][PASSED] - Navigate to 'https://accounts.cloudkibo.com/?continue=https://kiboengage.cloudkibo.com' successfully

2019-03-25 16:17:50 - [TEST_STEP][PASSED] - click(findTestObject("Page_KiboPush/a_Login (9) (1)")): Object: 'Object Repository/Page_KiboPush/a_Login (9) (1)' is clicked on

2019-03-25 16:17:51 - [MESSAGE][PASSED] - Object: 'Object Repository/Page_KiboPush/a_Login (9) (1)' is clicked on

2019-03-25 16:17:51 - [TEST_STEP][PASSED] - setText(findTestObject("Page_KiboPush/input_email (10) (1)"), "individual@cloudkibo.com"): Text 'individual@cloudkibo.com' is set on object 'Object Repository/Page_KiboPush/input_email (10) (1)'

2019-03-25 16:17:51 - [MESSAGE][PASSED] - Text 'individual@cloudkibo.com' is set on object 'Object Repository/Page_KiboPush/input_email (10) (1)'

2019-03-25 16:17:51 - [TEST_STEP][PASSED] - setEncryptedText(findTestObject("Page_KiboPush/input_password (9) (1)"), "RigbBhfdqOBGNlJIWM1ClA=="): Text ****** has been set on object 'Object Repository/Page_KiboPush/input_password (9) (1)'

2019-03-25 16:17:51 - [MESSAGE][PASSED] - Text ****** has been set on object 'Object Repository/Page_KiboPush/input_password (9) (1)'

2019-03-25 16:17:51 - [TEST_STEP][PASSED] - click(findTestObject("Page_KiboPush/button_Sign In (10) (1)")): Object: 'Object Repository/Page_KiboPush/button_Sign In (10) (1)' is clicked on

2019-03-25 16:17:51 - [MESSAGE][PASSED] - Object: 'Object Repository/Page_KiboPush/button_Sign In (10) (1)' is clicked on

2019-03-25 16:17:51 - [TEST_STEP][PASSED] - navigateToUrl("https://kiboengage.cloudkibo.com/dashboard"): Navigate to 'https://kiboengage.cloudkibo.com/dashboard' successfully

2019-03-25 16:18:41 - [MESSAGE][PASSED] - Navigate to 'https://kiboengage.cloudkibo.com/dashboard' successfully

2019-03-25 16:18:41 - [TEST_STEP][PASSED] - click(findTestObject("Object Repository/Page_KiboPush  Dashboard/h3_Dashboard (57)")): Object: 'Object Repository/Page_KiboPush  Dashboard/h3_Dashboard (57)' is clicked on

2019-03-25 16:18:41 - [MESSAGE][PASSED] - Object: 'Object Repository/Page_KiboPush  Dashboard/h3_Dashboard (57)' is clicked on

2019-03-25 16:18:41 - [TEST_STEP][PASSED] - delay(3): Delayed 3 second(s)

2019-03-25 16:18:44 - [MESSAGE][PASSED] - Delayed 3 second(s)

2019-03-25 16:18:44 - [MESSAGE][PASSED] - Call Test Case 'Test Cases/s-sidebar_navigation/individualAccount/Login-KiboEngage' successfully

2019-03-25 16:18:44 - [TEST_STEP][FAILED] - click(findTestObject("Page_KiboPush  Dashboard/span_Broadcasting")): click(findTestObject("Page_KiboPush  Dashboard/span_Broadcasting")) FAILED.
Reason:
com.kms.katalon.core.exception.StepFailedException: Unable to click on object 'Object Repository/Page_KiboPush  Dashboard/span_Broadcasting'
	at com.kms.katalon.core.webui.keyword.internal.WebUIKeywordMain.stepFailed(WebUIKeywordMain.groovy:64)
	at com.kms.katalon.core.webui.keyword.internal.WebUIKeywordMain.runKeyword(WebUIKeywordMain.groovy:26)
	at com.kms.katalon.core.webui.keyword.builtin.ClickKeyword.click(ClickKeyword.groovy:86)
	at com.kms.katalon.core.webui.keyword.builtin.ClickKeyword.execute(ClickKeyword.groovy:67)
	at com.kms.katalon.core.keyword.internal.KeywordExecutor.executeKeywordForPlatform(KeywordExecutor.groovy:56)
	at com.kms.katalon.core.webui.keyword.WebUiBuiltInKeywords.click(WebUiBuiltInKeywords.groovy:616)
	at com.kms.katalon.core.webui.keyword.WebUiBuiltInKeywords$click$2.call(Unknown Source)
	at Segment subsciber.run(Segment subsciber:24)
	at com.kms.katalon.core.main.ScriptEngine.run(ScriptEngine.java:194)
	at com.kms.katalon.core.main.ScriptEngine.runScriptAsRawText(ScriptEngine.java:119)
	at com.kms.katalon.core.main.TestCaseExecutor.runScript(TestCaseExecutor.java:331)
	at com.kms.katalon.core.main.TestCaseExecutor.doExecute(TestCaseExecutor.java:322)
	at com.kms.katalon.core.main.TestCaseExecutor.processExecutionPhase(TestCaseExecutor.java:301)
	at com.kms.katalon.core.main.TestCaseExecutor.accessMainPhase(TestCaseExecutor.java:293)
	at com.kms.katalon.core.main.TestCaseExecutor.execute(TestCaseExecutor.java:227)
	at com.kms.katalon.core.main.TestCaseMain.runTestCase(TestCaseMain.java:114)
	at com.kms.katalon.core.keyword.builtin.CallTestCaseKeyword$_callTestCase_closure1.doCall(CallTestCaseKeyword.groovy:59)
	at com.kms.katalon.core.keyword.builtin.CallTestCaseKeyword$_callTestCase_closure1.call(CallTestCaseKeyword.groovy)
	at com.kms.katalon.core.keyword.internal.KeywordMain.runKeyword(KeywordMain.groovy:66)
	at com.kms.katalon.core.keyword.builtin.CallTestCaseKeyword.callTestCase(CallTestCaseKeyword.groovy:81)
	at com.kms.katalon.core.keyword.builtin.CallTestCaseKeyword.execute(CallTestCaseKeyword.groovy:44)
	at com.kms.katalon.core.keyword.internal.KeywordExecutor.executeKeywordForPlatform(KeywordExecutor.groovy:56)
	at com.kms.katalon.core.keyword.BuiltinKeywords.callTestCase(BuiltinKeywords.groovy:334)
	at TC0708.run(TC0708:30)
	at com.kms.katalon.core.main.ScriptEngine.run(ScriptEngine.java:194)
	at com.kms.katalon.core.main.ScriptEngine.runScriptAsRawText(ScriptEngine.java:119)
	at com.kms.katalon.core.main.TestCaseExecutor.runScript(TestCaseExecutor.java:331)
	at com.kms.katalon.core.main.TestCaseExecutor.doExecute(TestCaseExecutor.java:322)
	at com.kms.katalon.core.main.TestCaseExecutor.processExecutionPhase(TestCaseExecutor.java:301)
	at com.kms.katalon.core.main.TestCaseExecutor.accessMainPhase(TestCaseExecutor.java:293)
	at com.kms.katalon.core.main.TestCaseExecutor.execute(TestCaseExecutor.java:227)
	at com.kms.katalon.core.main.TestCaseMain.runTestCase(TestCaseMain.java:114)
	at com.kms.katalon.core.keyword.builtin.CallTestCaseKeyword$_callTestCase_closure1.doCall(CallTestCaseKeyword.groovy:59)
	at com.kms.katalon.core.keyword.builtin.CallTestCaseKeyword$_callTestCase_closure1.call(CallTestCaseKeyword.groovy)
	at com.kms.katalon.core.keyword.internal.KeywordMain.runKeyword(KeywordMain.groovy:66)
	at com.kms.katalon.core.keyword.builtin.CallTestCaseKeyword.callTestCase(CallTestCaseKeyword.groovy:81)
	at com.kms.katalon.core.keyword.builtin.CallTestCaseKeyword.execute(CallTestCaseKeyword.groovy:44)
	at com.kms.katalon.core.keyword.internal.KeywordExecutor.executeKeywordForPlatform(KeywordExecutor.groovy:56)
	at com.kms.katalon.core.keyword.BuiltinKeywords.callTestCase(BuiltinKeywords.groovy:334)
	at TC0756.run(TC0756:22)
	at com.kms.katalon.core.main.ScriptEngine.run(ScriptEngine.java:194)
	at com.kms.katalon.core.main.ScriptEngine.runScriptAsRawText(ScriptEngine.java:119)
	at com.kms.katalon.core.main.TestCaseExecutor.runScript(TestCaseExecutor.java:331)
	at com.kms.katalon.core.main.TestCaseExecutor.doExecute(TestCaseExecutor.java:322)
	at com.kms.katalon.core.main.TestCaseExecutor.processExecutionPhase(TestCaseExecutor.java:301)
	at com.kms.katalon.core.main.TestCaseExecutor.accessMainPhase(TestCaseExecutor.java:293)
	at com.kms.katalon.core.main.TestCaseExecutor.execute(TestCaseExecutor.java:227)
	at com.kms.katalon.core.main.TestCaseMain.runTestCase(TestCaseMain.java:114)
	at com.kms.katalon.core.keyword.builtin.CallTestCaseKeyword$_callTestCase_closure1.doCall(CallTestCaseKeyword.groovy:59)
	at com.kms.katalon.core.keyword.builtin.CallTestCaseKeyword$_callTestCase_closure1.call(CallTestCaseKeyword.groovy)
	at com.kms.katalon.core.keyword.internal.KeywordMain.runKeyword(KeywordMain.groovy:66)
	at com.kms.katalon.core.keyword.builtin.CallTestCaseKeyword.callTestCase(CallTestCaseKeyword.groovy:81)
	at com.kms.katalon.core.keyword.builtin.CallTestCaseKeyword.execute(CallTestCaseKeyword.groovy:44)
	at com.kms.katalon.core.keyword.internal.KeywordExecutor.executeKeywordForPlatform(KeywordExecutor.groovy:56)
	at com.kms.katalon.core.keyword.BuiltinKeywords.callTestCase(BuiltinKeywords.groovy:334)
	at TC0758.run(TC0758:23)
	at com.kms.katalon.core.main.ScriptEngine.run(ScriptEngine.java:194)
	at com.kms.katalon.core.main.ScriptEngine.runScriptAsRawText(ScriptEngine.java:119)
	at com.kms.katalon.core.main.TestCaseExecutor.runScript(TestCaseExecutor.java:331)
	at com.kms.katalon.core.main.TestCaseExecutor.doExecute(TestCaseExecutor.java:322)
	at com.kms.katalon.core.main.TestCaseExecutor.processExecutionPhase(TestCaseExecutor.java:301)
	at com.kms.katalon.core.main.TestCaseExecutor.accessMainPhase(TestCaseExecutor.java:293)
	at com.kms.katalon.core.main.TestCaseExecutor.execute(TestCaseExecutor.java:227)
	at com.kms.katalon.core.main.TestSuiteExecutor.accessTestCaseMainPhase(TestSuiteExecutor.java:129)
	at com.kms.katalon.core.main.TestSuiteExecutor.accessTestSuiteMainPhase(TestSuiteExecutor.java:112)
	at com.kms.katalon.core.main.TestSuiteExecutor.execute(TestSuiteExecutor.java:81)
	at com.kms.katalon.core.main.TestCaseMain.startTestSuite(TestCaseMain.java:157)
	at com.kms.katalon.core.main.TestCaseMain$startTestSuite$0.call(Unknown Source)
	at TempTestSuite1553506926009.run(TempTestSuite1553506926009.groovy:35)
Caused by: com.kms.katalon.core.webui.exception.WebElementNotFoundException: Web element with id: 'Object Repository/Page_KiboPush  Dashboard/span_Broadcasting' located by 'By.xpath: //span[(text() = 'Broadcasting' or . = 'Broadcasting')]' not found
	at com.kms.katalon.core.webui.common.WebUiCommonHelper.findWebElement(WebUiCommonHelper.java:1053)
	at com.kms.katalon.core.webui.keyword.internal.WebUIAbstractKeyword.findWebElement(WebUIAbstractKeyword.groovy:27)
	at com.kms.katalon.core.webui.keyword.internal.WebUIAbstractKeyword.findWebElement(WebUIAbstractKeyword.groovy:26)
	at com.kms.katalon.core.webui.keyword.builtin.ClickKeyword$_click_closure1.doCall(ClickKeyword.groovy:77)
	at com.kms.katalon.core.webui.keyword.builtin.ClickKeyword$_click_closure1.call(ClickKeyword.groovy)
	at com.kms.katalon.core.webui.keyword.internal.WebUIKeywordMain.runKeyword(WebUIKeywordMain.groovy:20)
	at com.kms.katalon.core.webui.keyword.builtin.ClickKeyword.click(ClickKeyword.groovy:86)
	at com.kms.katalon.core.webui.keyword.builtin.ClickKeyword.execute(ClickKeyword.groovy:67)
	at com.kms.katalon.core.keyword.internal.KeywordExecutor.executeKeywordForPlatform(KeywordExecutor.groovy:56)
	at com.kms.katalon.core.webui.keyword.WebUiBuiltInKeywords.click(WebUiBuiltInKeywords.groovy:616)
	at com.kms.katalon.core.webui.keyword.WebUiBuiltInKeywords$click$2.call(Unknown Source)
	at Script1537021633802.run(Script1537021633802.groovy:24)
	at com.kms.katalon.core.main.ScriptEngine.run(ScriptEngine.java:194)
	at com.kms.katalon.core.main.ScriptEngine.runScriptAsRawText(ScriptEngine.java:119)
	at com.kms.katalon.core.main.TestCaseExecutor.runScript(TestCaseExecutor.java:331)
	at com.kms.katalon.core.main.TestCaseExecutor.doExecute(TestCaseExecutor.java:322)
	at com.kms.katalon.core.main.TestCaseExecutor.processExecutionPhase(TestCaseExecutor.java:301)
	at com.kms.katalon.core.main.TestCaseExecutor.accessMainPhase(TestCaseExecutor.java:293)
	at com.kms.katalon.core.main.TestCaseExecutor.execute(TestCaseExecutor.java:227)
	at com.kms.katalon.core.main.TestCaseMain.runTestCase(TestCaseMain.java:114)
	at com.kms.katalon.core.keyword.builtin.CallTestCaseKeyword$_callTestCase_closure1.doCall(CallTestCaseKeyword.groovy:59)
	at com.kms.katalon.core.keyword.builtin.CallTestCaseKeyword$_callTestCase_closure1.call(CallTestCaseKeyword.groovy)
	at com.kms.katalon.core.keyword.internal.KeywordMain.runKeyword(KeywordMain.groovy:66)
	at com.kms.katalon.core.keyword.builtin.CallTestCaseKeyword.callTestCase(CallTestCaseKeyword.groovy:81)
	at com.kms.katalon.core.keyword.builtin.CallTestCaseKeyword.execute(CallTestCaseKeyword.groovy:44)
	at com.kms.katalon.core.keyword.internal.KeywordExecutor.executeKeywordForPlatform(KeywordExecutor.groovy:56)
	at com.kms.katalon.core.keyword.BuiltinKeywords.callTestCase(BuiltinKeywords.groovy:334)
	at Script1536563047854.run(Script1536563047854.groovy:30)
	at com.kms.katalon.core.main.ScriptEngine.run(ScriptEngine.java:194)
	at com.kms.katalon.core.main.ScriptEngine.runScriptAsRawText(ScriptEngine.java:119)
	at com.kms.katalon.core.main.TestCaseExecutor.runScript(TestCaseExecutor.java:331)
	at com.kms.katalon.core.main.TestCaseExecutor.doExecute(TestCaseExecutor.java:322)
	at com.kms.katalon.core.main.TestCaseExecutor.processExecutionPhase(TestCaseExecutor.java:301)
	at com.kms.katalon.core.main.TestCaseExecutor.accessMainPhase(TestCaseExecutor.java:293)
	at com.kms.katalon.core.main.TestCaseExecutor.execute(TestCaseExecutor.java:227)
	at com.kms.katalon.core.main.TestCaseMain.runTestCase(TestCaseMain.java:114)
	at com.kms.katalon.core.keyword.builtin.CallTestCaseKeyword$_callTestCase_closure1.doCall(CallTestCaseKeyword.groovy:59)
	at com.kms.katalon.core.keyword.builtin.CallTestCaseKeyword$_callTestCase_closure1.call(CallTestCaseKeyword.groovy)
	at com.kms.katalon.core.keyword.internal.KeywordMain.runKeyword(KeywordMain.groovy:66)
	at com.kms.katalon.core.keyword.builtin.CallTestCaseKeyword.callTestCase(CallTestCaseKeyword.groovy:81)
	at com.kms.katalon.core.keyword.builtin.CallTestCaseKeyword.execute(CallTestCaseKeyword.groovy:44)
	at com.kms.katalon.core.keyword.internal.KeywordExecutor.executeKeywordForPlatform(KeywordExecutor.groovy:56)
	at com.kms.katalon.core.keyword.BuiltinKeywords.callTestCase(BuiltinKeywords.groovy:334)
	at Script1536828708428.run(Script1536828708428.groovy:22)
	at com.kms.katalon.core.main.ScriptEngine.run(ScriptEngine.java:194)
	at com.kms.katalon.core.main.ScriptEngine.runScriptAsRawText(ScriptEngine.java:119)
	at com.kms.katalon.core.main.TestCaseExecutor.runScript(TestCaseExecutor.java:331)
	at com.kms.katalon.core.main.TestCaseExecutor.doExecute(TestCaseExecutor.java:322)
	at com.kms.katalon.core.main.TestCaseExecutor.processExecutionPhase(TestCaseExecutor.java:301)
	at com.kms.katalon.core.main.TestCaseExecutor.accessMainPhase(TestCaseExecutor.java:293)
	at com.kms.katalon.core.main.TestCaseExecutor.execute(TestCaseExecutor.java:227)
	at com.kms.katalon.core.main.TestCaseMain.runTestCase(TestCaseMain.java:114)
	at com.kms.katalon.core.keyword.builtin.CallTestCaseKeyword$_callTestCase_closure1.doCall(CallTestCaseKeyword.groovy:59)
	at com.kms.katalon.core.keyword.builtin.CallTestCaseKeyword$_callTestCase_closure1.call(CallTestCaseKeyword.groovy)
	at com.kms.katalon.core.keyword.internal.KeywordMain.runKeyword(KeywordMain.groovy:66)
	at com.kms.katalon.core.keyword.builtin.CallTestCaseKeyword.callTestCase(CallTestCaseKeyword.groovy:81)
	at com.kms.katalon.core.keyword.builtin.CallTestCaseKeyword.execute(CallTestCaseKeyword.groovy:44)
	at com.kms.katalon.core.keyword.internal.KeywordExecutor.executeKeywordForPlatform(KeywordExecutor.groovy:56)
	at com.kms.katalon.core.keyword.BuiltinKeywords.callTestCase(BuiltinKeywords.groovy:334)
	at Script1536829528699.run(Script1536829528699.groovy:23)
	... 13 more


2019-03-25 16:19:14 - [MESSAGE][INFO] - Unable to find the element located by 'By.xpath: //span[(text() = 'Broadcasting' or . = 'Broadcasting')]'. Please recheck the objects properties to make sure the desired element is located. 

2019-03-25 16:19:15 - [MESSAGE][FAILED] - Unable to click on object 'Object Repository/Page_KiboPush  Dashboard/span_Broadcasting' (Root cause: com.kms.katalon.core.exception.StepFailedException: Unable to click on object 'Object Repository/Page_KiboPush  Dashboard/span_Broadcasting'
	at com.kms.katalon.core.webui.keyword.internal.WebUIKeywordMain.stepFailed(WebUIKeywordMain.groovy:64)
	at com.kms.katalon.core.webui.keyword.internal.WebUIKeywordMain.runKeyword(WebUIKeywordMain.groovy:26)
	at com.kms.katalon.core.webui.keyword.builtin.ClickKeyword.click(ClickKeyword.groovy:86)
	at com.kms.katalon.core.webui.keyword.builtin.ClickKeyword.execute(ClickKeyword.groovy:67)
	at com.kms.katalon.core.keyword.internal.KeywordExecutor.executeKeywordForPlatform(KeywordExecutor.groovy:56)
	at com.kms.katalon.core.webui.keyword.WebUiBuiltInKeywords.click(WebUiBuiltInKeywords.groovy:616)
	at com.kms.katalon.core.webui.keyword.WebUiBuiltInKeywords$click$2.call(Unknown Source)
	at Segment subsciber.run(Segment subsciber:24)
	at com.kms.katalon.core.main.ScriptEngine.run(ScriptEngine.java:194)
	at com.kms.katalon.core.main.ScriptEngine.runScriptAsRawText(ScriptEngine.java:119)
	at com.kms.katalon.core.main.TestCaseExecutor.runScript(TestCaseExecutor.java:331)
	at com.kms.katalon.core.main.TestCaseExecutor.doExecute(TestCaseExecutor.java:322)
	at com.kms.katalon.core.main.TestCaseExecutor.processExecutionPhase(TestCaseExecutor.java:301)
	at com.kms.katalon.core.main.TestCaseExecutor.accessMainPhase(TestCaseExecutor.java:293)
	at com.kms.katalon.core.main.TestCaseExecutor.execute(TestCaseExecutor.java:227)
	at com.kms.katalon.core.main.TestCaseMain.runTestCase(TestCaseMain.java:114)
	at com.kms.katalon.core.keyword.builtin.CallTestCaseKeyword$_callTestCase_closure1.doCall(CallTestCaseKeyword.groovy:59)
	at com.kms.katalon.core.keyword.builtin.CallTestCaseKeyword$_callTestCase_closure1.call(CallTestCaseKeyword.groovy)
	at com.kms.katalon.core.keyword.internal.KeywordMain.runKeyword(KeywordMain.groovy:66)
	at com.kms.katalon.core.keyword.builtin.CallTestCaseKeyword.callTestCase(CallTestCaseKeyword.groovy:81)
	at com.kms.katalon.core.keyword.builtin.CallTestCaseKeyword.execute(CallTestCaseKeyword.groovy:44)
	at com.kms.katalon.core.keyword.internal.KeywordExecutor.executeKeywordForPlatform(KeywordExecutor.groovy:56)
	at com.kms.katalon.core.keyword.BuiltinKeywords.callTestCase(BuiltinKeywords.groovy:334)
	at TC0708.run(TC0708:30)
	at com.kms.katalon.core.main.ScriptEngine.run(ScriptEngine.java:194)
	at com.kms.katalon.core.main.ScriptEngine.runScriptAsRawText(ScriptEngine.java:119)
	at com.kms.katalon.core.main.TestCaseExecutor.runScript(TestCaseExecutor.java:331)
	at com.kms.katalon.core.main.TestCaseExecutor.doExecute(TestCaseExecutor.java:322)
	at com.kms.katalon.core.main.TestCaseExecutor.processExecutionPhase(TestCaseExecutor.java:301)
	at com.kms.katalon.core.main.TestCaseExecutor.accessMainPhase(TestCaseExecutor.java:293)
	at com.kms.katalon.core.main.TestCaseExecutor.execute(TestCaseExecutor.java:227)
	at com.kms.katalon.core.main.TestCaseMain.runTestCase(TestCaseMain.java:114)
	at com.kms.katalon.core.keyword.builtin.CallTestCaseKeyword$_callTestCase_closure1.doCall(CallTestCaseKeyword.groovy:59)
	at com.kms.katalon.core.keyword.builtin.CallTestCaseKeyword$_callTestCase_closure1.call(CallTestCaseKeyword.groovy)
	at com.kms.katalon.core.keyword.internal.KeywordMain.runKeyword(KeywordMain.groovy:66)
	at com.kms.katalon.core.keyword.builtin.CallTestCaseKeyword.callTestCase(CallTestCaseKeyword.groovy:81)
	at com.kms.katalon.core.keyword.builtin.CallTestCaseKeyword.execute(CallTestCaseKeyword.groovy:44)
	at com.kms.katalon.core.keyword.internal.KeywordExecutor.executeKeywordForPlatform(KeywordExecutor.groovy:56)
	at com.kms.katalon.core.keyword.BuiltinKeywords.callTestCase(BuiltinKeywords.groovy:334)
	at TC0756.run(TC0756:22)
	at com.kms.katalon.core.main.ScriptEngine.run(ScriptEngine.java:194)
	at com.kms.katalon.core.main.ScriptEngine.runScriptAsRawText(ScriptEngine.java:119)
	at com.kms.katalon.core.main.TestCaseExecutor.runScript(TestCaseExecutor.java:331)
	at com.kms.katalon.core.main.TestCaseExecutor.doExecute(TestCaseExecutor.java:322)
	at com.kms.katalon.core.main.TestCaseExecutor.processExecutionPhase(TestCaseExecutor.java:301)
	at com.kms.katalon.core.main.TestCaseExecutor.accessMainPhase(TestCaseExecutor.java:293)
	at com.kms.katalon.core.main.TestCaseExecutor.execute(TestCaseExecutor.java:227)
	at com.kms.katalon.core.main.TestCaseMain.runTestCase(TestCaseMain.java:114)
	at com.kms.katalon.core.keyword.builtin.CallTestCaseKeyword$_callTestCase_closure1.doCall(CallTestCaseKeyword.groovy:59)
	at com.kms.katalon.core.keyword.builtin.CallTestCaseKeyword$_callTestCase_closure1.call(CallTestCaseKeyword.groovy)
	at com.kms.katalon.core.keyword.internal.KeywordMain.runKeyword(KeywordMain.groovy:66)
	at com.kms.katalon.core.keyword.builtin.CallTestCaseKeyword.callTestCase(CallTestCaseKeyword.groovy:81)
	at com.kms.katalon.core.keyword.builtin.CallTestCaseKeyword.execute(CallTestCaseKeyword.groovy:44)
	at com.kms.katalon.core.keyword.internal.KeywordExecutor.executeKeywordForPlatform(KeywordExecutor.groovy:56)
	at com.kms.katalon.core.keyword.BuiltinKeywords.callTestCase(BuiltinKeywords.groovy:334)
	at TC0758.run(TC0758:23)
	at com.kms.katalon.core.main.ScriptEngine.run(ScriptEngine.java:194)
	at com.kms.katalon.core.main.ScriptEngine.runScriptAsRawText(ScriptEngine.java:119)
	at com.kms.katalon.core.main.TestCaseExecutor.runScript(TestCaseExecutor.java:331)
	at com.kms.katalon.core.main.TestCaseExecutor.doExecute(TestCaseExecutor.java:322)
	at com.kms.katalon.core.main.TestCaseExecutor.processExecutionPhase(TestCaseExecutor.java:301)
	at com.kms.katalon.core.main.TestCaseExecutor.accessMainPhase(TestCaseExecutor.java:293)
	at com.kms.katalon.core.main.TestCaseExecutor.execute(TestCaseExecutor.java:227)
	at com.kms.katalon.core.main.TestSuiteExecutor.accessTestCaseMainPhase(TestSuiteExecutor.java:129)
	at com.kms.katalon.core.main.TestSuiteExecutor.accessTestSuiteMainPhase(TestSuiteExecutor.java:112)
	at com.kms.katalon.core.main.TestSuiteExecutor.execute(TestSuiteExecutor.java:81)
	at com.kms.katalon.core.main.TestCaseMain.startTestSuite(TestCaseMain.java:157)
	at com.kms.katalon.core.main.TestCaseMain$startTestSuite$0.call(Unknown Source)
	at TempTestSuite1553506926009.run(TempTestSuite1553506926009.groovy:35)
Caused by: com.kms.katalon.core.webui.exception.WebElementNotFoundException: Web element with id: 'Object Repository/Page_KiboPush  Dashboard/span_Broadcasting' located by 'By.xpath: //span[(text() = 'Broadcasting' or . = 'Broadcasting')]' not found
	at com.kms.katalon.core.webui.common.WebUiCommonHelper.findWebElement(WebUiCommonHelper.java:1053)
	at com.kms.katalon.core.webui.keyword.internal.WebUIAbstractKeyword.findWebElement(WebUIAbstractKeyword.groovy:27)
	at com.kms.katalon.core.webui.keyword.internal.WebUIAbstractKeyword.findWebElement(WebUIAbstractKeyword.groovy:26)
	at com.kms.katalon.core.webui.keyword.builtin.ClickKeyword$_click_closure1.doCall(ClickKeyword.groovy:77)
	at com.kms.katalon.core.webui.keyword.builtin.ClickKeyword$_click_closure1.call(ClickKeyword.groovy)
	at com.kms.katalon.core.webui.keyword.internal.WebUIKeywordMain.runKeyword(WebUIKeywordMain.groovy:20)
	at com.kms.katalon.core.webui.keyword.builtin.ClickKeyword.click(ClickKeyword.groovy:86)
	at com.kms.katalon.core.webui.keyword.builtin.ClickKeyword.execute(ClickKeyword.groovy:67)
	at com.kms.katalon.core.keyword.internal.KeywordExecutor.executeKeywordForPlatform(KeywordExecutor.groovy:56)
	at com.kms.katalon.core.webui.keyword.WebUiBuiltInKeywords.click(WebUiBuiltInKeywords.groovy:616)
	at com.kms.katalon.core.webui.keyword.WebUiBuiltInKeywords$click$2.call(Unknown Source)
	at Script1537021633802.run(Script1537021633802.groovy:24)
	at com.kms.katalon.core.main.ScriptEngine.run(ScriptEngine.java:194)
	at com.kms.katalon.core.main.ScriptEngine.runScriptAsRawText(ScriptEngine.java:119)
	at com.kms.katalon.core.main.TestCaseExecutor.runScript(TestCaseExecutor.java:331)
	at com.kms.katalon.core.main.TestCaseExecutor.doExecute(TestCaseExecutor.java:322)
	at com.kms.katalon.core.main.TestCaseExecutor.processExecutionPhase(TestCaseExecutor.java:301)
	at com.kms.katalon.core.main.TestCaseExecutor.accessMainPhase(TestCaseExecutor.java:293)
	at com.kms.katalon.core.main.TestCaseExecutor.execute(TestCaseExecutor.java:227)
	at com.kms.katalon.core.main.TestCaseMain.runTestCase(TestCaseMain.java:114)
	at com.kms.katalon.core.keyword.builtin.CallTestCaseKeyword$_callTestCase_closure1.doCall(CallTestCaseKeyword.groovy:59)
	at com.kms.katalon.core.keyword.builtin.CallTestCaseKeyword$_callTestCase_closure1.call(CallTestCaseKeyword.groovy)
	at com.kms.katalon.core.keyword.internal.KeywordMain.runKeyword(KeywordMain.groovy:66)
	at com.kms.katalon.core.keyword.builtin.CallTestCaseKeyword.callTestCase(CallTestCaseKeyword.groovy:81)
	at com.kms.katalon.core.keyword.builtin.CallTestCaseKeyword.execute(CallTestCaseKeyword.groovy:44)
	at com.kms.katalon.core.keyword.internal.KeywordExecutor.executeKeywordForPlatform(KeywordExecutor.groovy:56)
	at com.kms.katalon.core.keyword.BuiltinKeywords.callTestCase(BuiltinKeywords.groovy:334)
	at Script1536563047854.run(Script1536563047854.groovy:30)
	at com.kms.katalon.core.main.ScriptEngine.run(ScriptEngine.java:194)
	at com.kms.katalon.core.main.ScriptEngine.runScriptAsRawText(ScriptEngine.java:119)
	at com.kms.katalon.core.main.TestCaseExecutor.runScript(TestCaseExecutor.java:331)
	at com.kms.katalon.core.main.TestCaseExecutor.doExecute(TestCaseExecutor.java:322)
	at com.kms.katalon.core.main.TestCaseExecutor.processExecutionPhase(TestCaseExecutor.java:301)
	at com.kms.katalon.core.main.TestCaseExecutor.accessMainPhase(TestCaseExecutor.java:293)
	at com.kms.katalon.core.main.TestCaseExecutor.execute(TestCaseExecutor.java:227)
	at com.kms.katalon.core.main.TestCaseMain.runTestCase(TestCaseMain.java:114)
	at com.kms.katalon.core.keyword.builtin.CallTestCaseKeyword$_callTestCase_closure1.doCall(CallTestCaseKeyword.groovy:59)
	at com.kms.katalon.core.keyword.builtin.CallTestCaseKeyword$_callTestCase_closure1.call(CallTestCaseKeyword.groovy)
	at com.kms.katalon.core.keyword.internal.KeywordMain.runKeyword(KeywordMain.groovy:66)
	at com.kms.katalon.core.keyword.builtin.CallTestCaseKeyword.callTestCase(CallTestCaseKeyword.groovy:81)
	at com.kms.katalon.core.keyword.builtin.CallTestCaseKeyword.execute(CallTestCaseKeyword.groovy:44)
	at com.kms.katalon.core.keyword.internal.KeywordExecutor.executeKeywordForPlatform(KeywordExecutor.groovy:56)
	at com.kms.katalon.core.keyword.BuiltinKeywords.callTestCase(BuiltinKeywords.groovy:334)
	at Script1536828708428.run(Script1536828708428.groovy:22)
	at com.kms.katalon.core.main.ScriptEngine.run(ScriptEngine.java:194)
	at com.kms.katalon.core.main.ScriptEngine.runScriptAsRawText(ScriptEngine.java:119)
	at com.kms.katalon.core.main.TestCaseExecutor.runScript(TestCaseExecutor.java:331)
	at com.kms.katalon.core.main.TestCaseExecutor.doExecute(TestCaseExecutor.java:322)
	at com.kms.katalon.core.main.TestCaseExecutor.processExecutionPhase(TestCaseExecutor.java:301)
	at com.kms.katalon.core.main.TestCaseExecutor.accessMainPhase(TestCaseExecutor.java:293)
	at com.kms.katalon.core.main.TestCaseExecutor.execute(TestCaseExecutor.java:227)
	at com.kms.katalon.core.main.TestCaseMain.runTestCase(TestCaseMain.java:114)
	at com.kms.katalon.core.keyword.builtin.CallTestCaseKeyword$_callTestCase_closure1.doCall(CallTestCaseKeyword.groovy:59)
	at com.kms.katalon.core.keyword.builtin.CallTestCaseKeyword$_callTestCase_closure1.call(CallTestCaseKeyword.groovy)
	at com.kms.katalon.core.keyword.internal.KeywordMain.runKeyword(KeywordMain.groovy:66)
	at com.kms.katalon.core.keyword.builtin.CallTestCaseKeyword.callTestCase(CallTestCaseKeyword.groovy:81)
	at com.kms.katalon.core.keyword.builtin.CallTestCaseKeyword.execute(CallTestCaseKeyword.groovy:44)
	at com.kms.katalon.core.keyword.internal.KeywordExecutor.executeKeywordForPlatform(KeywordExecutor.groovy:56)
	at com.kms.katalon.core.keyword.BuiltinKeywords.callTestCase(BuiltinKeywords.groovy:334)
	at Script1536829528699.run(Script1536829528699.groovy:23)
	... 13 more
)
[[ATTACHMENT|/home/cloudkibo-muzamil/Downloads/Test cases/production/KiboPush/Reports/segmentSubscriber/20190325_144206/1553512754876.png]]

2019-03-25 16:19:15 - [MESSAGE][FAILED] - click(findTestObject("Page_KiboPush  Dashboard/span_Broadcasting")) FAILED.
Reason:
com.kms.katalon.core.exception.StepFailedException: Unable to click on object 'Object Repository/Page_KiboPush  Dashboard/span_Broadcasting'
	at com.kms.katalon.core.webui.keyword.internal.WebUIKeywordMain.stepFailed(WebUIKeywordMain.groovy:64)
	at com.kms.katalon.core.webui.keyword.internal.WebUIKeywordMain.runKeyword(WebUIKeywordMain.groovy:26)
	at com.kms.katalon.core.webui.keyword.builtin.ClickKeyword.click(ClickKeyword.groovy:86)
	at com.kms.katalon.core.webui.keyword.builtin.ClickKeyword.execute(ClickKeyword.groovy:67)
	at com.kms.katalon.core.keyword.internal.KeywordExecutor.executeKeywordForPlatform(KeywordExecutor.groovy:56)
	at com.kms.katalon.core.webui.keyword.WebUiBuiltInKeywords.click(WebUiBuiltInKeywords.groovy:616)
	at com.kms.katalon.core.webui.keyword.WebUiBuiltInKeywords$click$2.call(Unknown Source)
	at Segment subsciber.run(Segment subsciber:24)
	at com.kms.katalon.core.main.ScriptEngine.run(ScriptEngine.java:194)
	at com.kms.katalon.core.main.ScriptEngine.runScriptAsRawText(ScriptEngine.java:119)
	at com.kms.katalon.core.main.TestCaseExecutor.runScript(TestCaseExecutor.java:331)
	at com.kms.katalon.core.main.TestCaseExecutor.doExecute(TestCaseExecutor.java:322)
	at com.kms.katalon.core.main.TestCaseExecutor.processExecutionPhase(TestCaseExecutor.java:301)
	at com.kms.katalon.core.main.TestCaseExecutor.accessMainPhase(TestCaseExecutor.java:293)
	at com.kms.katalon.core.main.TestCaseExecutor.execute(TestCaseExecutor.java:227)
	at com.kms.katalon.core.main.TestCaseMain.runTestCase(TestCaseMain.java:114)
	at com.kms.katalon.core.keyword.builtin.CallTestCaseKeyword$_callTestCase_closure1.doCall(CallTestCaseKeyword.groovy:59)
	at com.kms.katalon.core.keyword.builtin.CallTestCaseKeyword$_callTestCase_closure1.call(CallTestCaseKeyword.groovy)
	at com.kms.katalon.core.keyword.internal.KeywordMain.runKeyword(KeywordMain.groovy:66)
	at com.kms.katalon.core.keyword.builtin.CallTestCaseKeyword.callTestCase(CallTestCaseKeyword.groovy:81)
	at com.kms.katalon.core.keyword.builtin.CallTestCaseKeyword.execute(CallTestCaseKeyword.groovy:44)
	at com.kms.katalon.core.keyword.internal.KeywordExecutor.executeKeywordForPlatform(KeywordExecutor.groovy:56)
	at com.kms.katalon.core.keyword.BuiltinKeywords.callTestCase(BuiltinKeywords.groovy:334)
	at TC0708.run(TC0708:30)
	at com.kms.katalon.core.main.ScriptEngine.run(ScriptEngine.java:194)
	at com.kms.katalon.core.main.ScriptEngine.runScriptAsRawText(ScriptEngine.java:119)
	at com.kms.katalon.core.main.TestCaseExecutor.runScript(TestCaseExecutor.java:331)
	at com.kms.katalon.core.main.TestCaseExecutor.doExecute(TestCaseExecutor.java:322)
	at com.kms.katalon.core.main.TestCaseExecutor.processExecutionPhase(TestCaseExecutor.java:301)
	at com.kms.katalon.core.main.TestCaseExecutor.accessMainPhase(TestCaseExecutor.java:293)
	at com.kms.katalon.core.main.TestCaseExecutor.execute(TestCaseExecutor.java:227)
	at com.kms.katalon.core.main.TestCaseMain.runTestCase(TestCaseMain.java:114)
	at com.kms.katalon.core.keyword.builtin.CallTestCaseKeyword$_callTestCase_closure1.doCall(CallTestCaseKeyword.groovy:59)
	at com.kms.katalon.core.keyword.builtin.CallTestCaseKeyword$_callTestCase_closure1.call(CallTestCaseKeyword.groovy)
	at com.kms.katalon.core.keyword.internal.KeywordMain.runKeyword(KeywordMain.groovy:66)
	at com.kms.katalon.core.keyword.builtin.CallTestCaseKeyword.callTestCase(CallTestCaseKeyword.groovy:81)
	at com.kms.katalon.core.keyword.builtin.CallTestCaseKeyword.execute(CallTestCaseKeyword.groovy:44)
	at com.kms.katalon.core.keyword.internal.KeywordExecutor.executeKeywordForPlatform(KeywordExecutor.groovy:56)
	at com.kms.katalon.core.keyword.BuiltinKeywords.callTestCase(BuiltinKeywords.groovy:334)
	at TC0756.run(TC0756:22)
	at com.kms.katalon.core.main.ScriptEngine.run(ScriptEngine.java:194)
	at com.kms.katalon.core.main.ScriptEngine.runScriptAsRawText(ScriptEngine.java:119)
	at com.kms.katalon.core.main.TestCaseExecutor.runScript(TestCaseExecutor.java:331)
	at com.kms.katalon.core.main.TestCaseExecutor.doExecute(TestCaseExecutor.java:322)
	at com.kms.katalon.core.main.TestCaseExecutor.processExecutionPhase(TestCaseExecutor.java:301)
	at com.kms.katalon.core.main.TestCaseExecutor.accessMainPhase(TestCaseExecutor.java:293)
	at com.kms.katalon.core.main.TestCaseExecutor.execute(TestCaseExecutor.java:227)
	at com.kms.katalon.core.main.TestCaseMain.runTestCase(TestCaseMain.java:114)
	at com.kms.katalon.core.keyword.builtin.CallTestCaseKeyword$_callTestCase_closure1.doCall(CallTestCaseKeyword.groovy:59)
	at com.kms.katalon.core.keyword.builtin.CallTestCaseKeyword$_callTestCase_closure1.call(CallTestCaseKeyword.groovy)
	at com.kms.katalon.core.keyword.internal.KeywordMain.runKeyword(KeywordMain.groovy:66)
	at com.kms.katalon.core.keyword.builtin.CallTestCaseKeyword.callTestCase(CallTestCaseKeyword.groovy:81)
	at com.kms.katalon.core.keyword.builtin.CallTestCaseKeyword.execute(CallTestCaseKeyword.groovy:44)
	at com.kms.katalon.core.keyword.internal.KeywordExecutor.executeKeywordForPlatform(KeywordExecutor.groovy:56)
	at com.kms.katalon.core.keyword.BuiltinKeywords.callTestCase(BuiltinKeywords.groovy:334)
	at TC0758.run(TC0758:23)
	at com.kms.katalon.core.main.ScriptEngine.run(ScriptEngine.java:194)
	at com.kms.katalon.core.main.ScriptEngine.runScriptAsRawText(ScriptEngine.java:119)
	at com.kms.katalon.core.main.TestCaseExecutor.runScript(TestCaseExecutor.java:331)
	at com.kms.katalon.core.main.TestCaseExecutor.doExecute(TestCaseExecutor.java:322)
	at com.kms.katalon.core.main.TestCaseExecutor.processExecutionPhase(TestCaseExecutor.java:301)
	at com.kms.katalon.core.main.TestCaseExecutor.accessMainPhase(TestCaseExecutor.java:293)
	at com.kms.katalon.core.main.TestCaseExecutor.execute(TestCaseExecutor.java:227)
	at com.kms.katalon.core.main.TestSuiteExecutor.accessTestCaseMainPhase(TestSuiteExecutor.java:129)
	at com.kms.katalon.core.main.TestSuiteExecutor.accessTestSuiteMainPhase(TestSuiteExecutor.java:112)
	at com.kms.katalon.core.main.TestSuiteExecutor.execute(TestSuiteExecutor.java:81)
	at com.kms.katalon.core.main.TestCaseMain.startTestSuite(TestCaseMain.java:157)
	at com.kms.katalon.core.main.TestCaseMain$startTestSuite$0.call(Unknown Source)
	at TempTestSuite1553506926009.run(TempTestSuite1553506926009.groovy:35)
Caused by: com.kms.katalon.core.webui.exception.WebElementNotFoundException: Web element with id: 'Object Repository/Page_KiboPush  Dashboard/span_Broadcasting' located by 'By.xpath: //span[(text() = 'Broadcasting' or . = 'Broadcasting')]' not found
	at com.kms.katalon.core.webui.common.WebUiCommonHelper.findWebElement(WebUiCommonHelper.java:1053)
	at com.kms.katalon.core.webui.keyword.internal.WebUIAbstractKeyword.findWebElement(WebUIAbstractKeyword.groovy:27)
	at com.kms.katalon.core.webui.keyword.internal.WebUIAbstractKeyword.findWebElement(WebUIAbstractKeyword.groovy:26)
	at com.kms.katalon.core.webui.keyword.builtin.ClickKeyword$_click_closure1.doCall(ClickKeyword.groovy:77)
	at com.kms.katalon.core.webui.keyword.builtin.ClickKeyword$_click_closure1.call(ClickKeyword.groovy)
	at com.kms.katalon.core.webui.keyword.internal.WebUIKeywordMain.runKeyword(WebUIKeywordMain.groovy:20)
	at com.kms.katalon.core.webui.keyword.builtin.ClickKeyword.click(ClickKeyword.groovy:86)
	at com.kms.katalon.core.webui.keyword.builtin.ClickKeyword.execute(ClickKeyword.groovy:67)
	at com.kms.katalon.core.keyword.internal.KeywordExecutor.executeKeywordForPlatform(KeywordExecutor.groovy:56)
	at com.kms.katalon.core.webui.keyword.WebUiBuiltInKeywords.click(WebUiBuiltInKeywords.groovy:616)
	at com.kms.katalon.core.webui.keyword.WebUiBuiltInKeywords$click$2.call(Unknown Source)
	at Script1537021633802.run(Script1537021633802.groovy:24)
	at com.kms.katalon.core.main.ScriptEngine.run(ScriptEngine.java:194)
	at com.kms.katalon.core.main.ScriptEngine.runScriptAsRawText(ScriptEngine.java:119)
	at com.kms.katalon.core.main.TestCaseExecutor.runScript(TestCaseExecutor.java:331)
	at com.kms.katalon.core.main.TestCaseExecutor.doExecute(TestCaseExecutor.java:322)
	at com.kms.katalon.core.main.TestCaseExecutor.processExecutionPhase(TestCaseExecutor.java:301)
	at com.kms.katalon.core.main.TestCaseExecutor.accessMainPhase(TestCaseExecutor.java:293)
	at com.kms.katalon.core.main.TestCaseExecutor.execute(TestCaseExecutor.java:227)
	at com.kms.katalon.core.main.TestCaseMain.runTestCase(TestCaseMain.java:114)
	at com.kms.katalon.core.keyword.builtin.CallTestCaseKeyword$_callTestCase_closure1.doCall(CallTestCaseKeyword.groovy:59)
	at com.kms.katalon.core.keyword.builtin.CallTestCaseKeyword$_callTestCase_closure1.call(CallTestCaseKeyword.groovy)
	at com.kms.katalon.core.keyword.internal.KeywordMain.runKeyword(KeywordMain.groovy:66)
	at com.kms.katalon.core.keyword.builtin.CallTestCaseKeyword.callTestCase(CallTestCaseKeyword.groovy:81)
	at com.kms.katalon.core.keyword.builtin.CallTestCaseKeyword.execute(CallTestCaseKeyword.groovy:44)
	at com.kms.katalon.core.keyword.internal.KeywordExecutor.executeKeywordForPlatform(KeywordExecutor.groovy:56)
	at com.kms.katalon.core.keyword.BuiltinKeywords.callTestCase(BuiltinKeywords.groovy:334)
	at Script1536563047854.run(Script1536563047854.groovy:30)
	at com.kms.katalon.core.main.ScriptEngine.run(ScriptEngine.java:194)
	at com.kms.katalon.core.main.ScriptEngine.runScriptAsRawText(ScriptEngine.java:119)
	at com.kms.katalon.core.main.TestCaseExecutor.runScript(TestCaseExecutor.java:331)
	at com.kms.katalon.core.main.TestCaseExecutor.doExecute(TestCaseExecutor.java:322)
	at com.kms.katalon.core.main.TestCaseExecutor.processExecutionPhase(TestCaseExecutor.java:301)
	at com.kms.katalon.core.main.TestCaseExecutor.accessMainPhase(TestCaseExecutor.java:293)
	at com.kms.katalon.core.main.TestCaseExecutor.execute(TestCaseExecutor.java:227)
	at com.kms.katalon.core.main.TestCaseMain.runTestCase(TestCaseMain.java:114)
	at com.kms.katalon.core.keyword.builtin.CallTestCaseKeyword$_callTestCase_closure1.doCall(CallTestCaseKeyword.groovy:59)
	at com.kms.katalon.core.keyword.builtin.CallTestCaseKeyword$_callTestCase_closure1.call(CallTestCaseKeyword.groovy)
	at com.kms.katalon.core.keyword.internal.KeywordMain.runKeyword(KeywordMain.groovy:66)
	at com.kms.katalon.core.keyword.builtin.CallTestCaseKeyword.callTestCase(CallTestCaseKeyword.groovy:81)
	at com.kms.katalon.core.keyword.builtin.CallTestCaseKeyword.execute(CallTestCaseKeyword.groovy:44)
	at com.kms.katalon.core.keyword.internal.KeywordExecutor.executeKeywordForPlatform(KeywordExecutor.groovy:56)
	at com.kms.katalon.core.keyword.BuiltinKeywords.callTestCase(BuiltinKeywords.groovy:334)
	at Script1536828708428.run(Script1536828708428.groovy:22)
	at com.kms.katalon.core.main.ScriptEngine.run(ScriptEngine.java:194)
	at com.kms.katalon.core.main.ScriptEngine.runScriptAsRawText(ScriptEngine.java:119)
	at com.kms.katalon.core.main.TestCaseExecutor.runScript(TestCaseExecutor.java:331)
	at com.kms.katalon.core.main.TestCaseExecutor.doExecute(TestCaseExecutor.java:322)
	at com.kms.katalon.core.main.TestCaseExecutor.processExecutionPhase(TestCaseExecutor.java:301)
	at com.kms.katalon.core.main.TestCaseExecutor.accessMainPhase(TestCaseExecutor.java:293)
	at com.kms.katalon.core.main.TestCaseExecutor.execute(TestCaseExecutor.java:227)
	at com.kms.katalon.core.main.TestCaseMain.runTestCase(TestCaseMain.java:114)
	at com.kms.katalon.core.keyword.builtin.CallTestCaseKeyword$_callTestCase_closure1.doCall(CallTestCaseKeyword.groovy:59)
	at com.kms.katalon.core.keyword.builtin.CallTestCaseKeyword$_callTestCase_closure1.call(CallTestCaseKeyword.groovy)
	at com.kms.katalon.core.keyword.internal.KeywordMain.runKeyword(KeywordMain.groovy:66)
	at com.kms.katalon.core.keyword.builtin.CallTestCaseKeyword.callTestCase(CallTestCaseKeyword.groovy:81)
	at com.kms.katalon.core.keyword.builtin.CallTestCaseKeyword.execute(CallTestCaseKeyword.groovy:44)
	at com.kms.katalon.core.keyword.internal.KeywordExecutor.executeKeywordForPlatform(KeywordExecutor.groovy:56)
	at com.kms.katalon.core.keyword.BuiltinKeywords.callTestCase(BuiltinKeywords.groovy:334)
	at Script1536829528699.run(Script1536829528699.groovy:23)
	... 13 more


2019-03-25 16:19:15 - [MESSAGE][FAILED] - Unable to call Test Case 'Test Cases/s-sidebar_navigation/individualAccount/Segment subsciber' (Root cause: com.kms.katalon.core.exception.StepFailedException: Call Test Case 'Test Cases/s-sidebar_navigation/individualAccount/Segment subsciber' failed
	at com.kms.katalon.core.keyword.builtin.CallTestCaseKeyword$_callTestCase_closure1.doCall(CallTestCaseKeyword.groovy:63)
	at com.kms.katalon.core.keyword.builtin.CallTestCaseKeyword$_callTestCase_closure1.call(CallTestCaseKeyword.groovy)
	at com.kms.katalon.core.keyword.internal.KeywordMain.runKeyword(KeywordMain.groovy:66)
	at com.kms.katalon.core.keyword.builtin.CallTestCaseKeyword.callTestCase(CallTestCaseKeyword.groovy:81)
	at com.kms.katalon.core.keyword.builtin.CallTestCaseKeyword.execute(CallTestCaseKeyword.groovy:44)
	at com.kms.katalon.core.keyword.internal.KeywordExecutor.executeKeywordForPlatform(KeywordExecutor.groovy:56)
	at com.kms.katalon.core.keyword.BuiltinKeywords.callTestCase(BuiltinKeywords.groovy:334)
	at TC0708.run(TC0708:30)
	at com.kms.katalon.core.main.ScriptEngine.run(ScriptEngine.java:194)
	at com.kms.katalon.core.main.ScriptEngine.runScriptAsRawText(ScriptEngine.java:119)
	at com.kms.katalon.core.main.TestCaseExecutor.runScript(TestCaseExecutor.java:331)
	at com.kms.katalon.core.main.TestCaseExecutor.doExecute(TestCaseExecutor.java:322)
	at com.kms.katalon.core.main.TestCaseExecutor.processExecutionPhase(TestCaseExecutor.java:301)
	at com.kms.katalon.core.main.TestCaseExecutor.accessMainPhase(TestCaseExecutor.java:293)
	at com.kms.katalon.core.main.TestCaseExecutor.execute(TestCaseExecutor.java:227)
	at com.kms.katalon.core.main.TestCaseMain.runTestCase(TestCaseMain.java:114)
	at com.kms.katalon.core.keyword.builtin.CallTestCaseKeyword$_callTestCase_closure1.doCall(CallTestCaseKeyword.groovy:59)
	at com.kms.katalon.core.keyword.builtin.CallTestCaseKeyword$_callTestCase_closure1.call(CallTestCaseKeyword.groovy)
	at com.kms.katalon.core.keyword.internal.KeywordMain.runKeyword(KeywordMain.groovy:66)
	at com.kms.katalon.core.keyword.builtin.CallTestCaseKeyword.callTestCase(CallTestCaseKeyword.groovy:81)
	at com.kms.katalon.core.keyword.builtin.CallTestCaseKeyword.execute(CallTestCaseKeyword.groovy:44)
	at com.kms.katalon.core.keyword.internal.KeywordExecutor.executeKeywordForPlatform(KeywordExecutor.groovy:56)
	at com.kms.katalon.core.keyword.BuiltinKeywords.callTestCase(BuiltinKeywords.groovy:334)
	at TC0756.run(TC0756:22)
	at com.kms.katalon.core.main.ScriptEngine.run(ScriptEngine.java:194)
	at com.kms.katalon.core.main.ScriptEngine.runScriptAsRawText(ScriptEngine.java:119)
	at com.kms.katalon.core.main.TestCaseExecutor.runScript(TestCaseExecutor.java:331)
	at com.kms.katalon.core.main.TestCaseExecutor.doExecute(TestCaseExecutor.java:322)
	at com.kms.katalon.core.main.TestCaseExecutor.processExecutionPhase(TestCaseExecutor.java:301)
	at com.kms.katalon.core.main.TestCaseExecutor.accessMainPhase(TestCaseExecutor.java:293)
	at com.kms.katalon.core.main.TestCaseExecutor.execute(TestCaseExecutor.java:227)
	at com.kms.katalon.core.main.TestCaseMain.runTestCase(TestCaseMain.java:114)
	at com.kms.katalon.core.keyword.builtin.CallTestCaseKeyword$_callTestCase_closure1.doCall(CallTestCaseKeyword.groovy:59)
	at com.kms.katalon.core.keyword.builtin.CallTestCaseKeyword$_callTestCase_closure1.call(CallTestCaseKeyword.groovy)
	at com.kms.katalon.core.keyword.internal.KeywordMain.runKeyword(KeywordMain.groovy:66)
	at com.kms.katalon.core.keyword.builtin.CallTestCaseKeyword.callTestCase(CallTestCaseKeyword.groovy:81)
	at com.kms.katalon.core.keyword.builtin.CallTestCaseKeyword.execute(CallTestCaseKeyword.groovy:44)
	at com.kms.katalon.core.keyword.internal.KeywordExecutor.executeKeywordForPlatform(KeywordExecutor.groovy:56)
	at com.kms.katalon.core.keyword.BuiltinKeywords.callTestCase(BuiltinKeywords.groovy:334)
	at TC0758.run(TC0758:23)
	at com.kms.katalon.core.main.ScriptEngine.run(ScriptEngine.java:194)
	at com.kms.katalon.core.main.ScriptEngine.runScriptAsRawText(ScriptEngine.java:119)
	at com.kms.katalon.core.main.TestCaseExecutor.runScript(TestCaseExecutor.java:331)
	at com.kms.katalon.core.main.TestCaseExecutor.doExecute(TestCaseExecutor.java:322)
	at com.kms.katalon.core.main.TestCaseExecutor.processExecutionPhase(TestCaseExecutor.java:301)
	at com.kms.katalon.core.main.TestCaseExecutor.accessMainPhase(TestCaseExecutor.java:293)
	at com.kms.katalon.core.main.TestCaseExecutor.execute(TestCaseExecutor.java:227)
	at com.kms.katalon.core.main.TestSuiteExecutor.accessTestCaseMainPhase(TestSuiteExecutor.java:129)
	at com.kms.katalon.core.main.TestSuiteExecutor.accessTestSuiteMainPhase(TestSuiteExecutor.java:112)
	at com.kms.katalon.core.main.TestSuiteExecutor.execute(TestSuiteExecutor.java:81)
	at com.kms.katalon.core.main.TestCaseMain.startTestSuite(TestCaseMain.java:157)
	at com.kms.katalon.core.main.TestCaseMain$startTestSuite$0.call(Unknown Source)
	at TempTestSuite1553506926009.run(TempTestSuite1553506926009.groovy:35)
Caused by: com.kms.katalon.core.exception.StepFailedException: Unable to click on object 'Object Repository/Page_KiboPush  Dashboard/span_Broadcasting'
	at com.kms.katalon.core.webui.keyword.internal.WebUIKeywordMain.stepFailed(WebUIKeywordMain.groovy:64)
	at com.kms.katalon.core.webui.keyword.internal.WebUIKeywordMain.runKeyword(WebUIKeywordMain.groovy:26)
	at com.kms.katalon.core.webui.keyword.builtin.ClickKeyword.click(ClickKeyword.groovy:86)
	at com.kms.katalon.core.webui.keyword.builtin.ClickKeyword.execute(ClickKeyword.groovy:67)
	at com.kms.katalon.core.keyword.internal.KeywordExecutor.executeKeywordForPlatform(KeywordExecutor.groovy:56)
	at com.kms.katalon.core.webui.keyword.WebUiBuiltInKeywords.click(WebUiBuiltInKeywords.groovy:616)
	at com.kms.katalon.core.webui.keyword.WebUiBuiltInKeywords$click$2.call(Unknown Source)
	at Segment subsciber.run(Segment subsciber:24)
	at com.kms.katalon.core.main.ScriptEngine.run(ScriptEngine.java:194)
	at com.kms.katalon.core.main.ScriptEngine.runScriptAsRawText(ScriptEngine.java:119)
	at com.kms.katalon.core.main.TestCaseExecutor.runScript(TestCaseExecutor.java:331)
	at com.kms.katalon.core.main.TestCaseExecutor.doExecute(TestCaseExecutor.java:322)
	at com.kms.katalon.core.main.TestCaseExecutor.processExecutionPhase(TestCaseExecutor.java:301)
	at com.kms.katalon.core.main.TestCaseExecutor.accessMainPhase(TestCaseExecutor.java:293)
	at com.kms.katalon.core.main.TestCaseExecutor.execute(TestCaseExecutor.java:227)
	at com.kms.katalon.core.main.TestCaseMain.runTestCase(TestCaseMain.java:114)
	at com.kms.katalon.core.keyword.builtin.CallTestCaseKeyword$_callTestCase_closure1.doCall(CallTestCaseKeyword.groovy:59)
	... 52 more
Caused by: com.kms.katalon.core.webui.exception.WebElementNotFoundException: Web element with id: 'Object Repository/Page_KiboPush  Dashboard/span_Broadcasting' located by 'By.xpath: //span[(text() = 'Broadcasting' or . = 'Broadcasting')]' not found
	at com.kms.katalon.core.webui.common.WebUiCommonHelper.findWebElement(WebUiCommonHelper.java:1053)
	at com.kms.katalon.core.webui.keyword.internal.WebUIAbstractKeyword.findWebElement(WebUIAbstractKeyword.groovy:27)
	at com.kms.katalon.core.webui.keyword.internal.WebUIAbstractKeyword.findWebElement(WebUIAbstractKeyword.groovy:26)
	at com.kms.katalon.core.webui.keyword.builtin.ClickKeyword$_click_closure1.doCall(ClickKeyword.groovy:77)
	at com.kms.katalon.core.webui.keyword.builtin.ClickKeyword$_click_closure1.call(ClickKeyword.groovy)
	at com.kms.katalon.core.webui.keyword.internal.WebUIKeywordMain.runKeyword(WebUIKeywordMain.groovy:20)
	at com.kms.katalon.core.webui.keyword.builtin.ClickKeyword.click(ClickKeyword.groovy:86)
	at com.kms.katalon.core.webui.keyword.builtin.ClickKeyword.execute(ClickKeyword.groovy:67)
	at com.kms.katalon.core.keyword.internal.KeywordExecutor.executeKeywordForPlatform(KeywordExecutor.groovy:56)
	at com.kms.katalon.core.webui.keyword.WebUiBuiltInKeywords.click(WebUiBuiltInKeywords.groovy:616)
	at com.kms.katalon.core.webui.keyword.WebUiBuiltInKeywords$click$2.call(Unknown Source)
	at Script1537021633802.run(Script1537021633802.groovy:24)
	at com.kms.katalon.core.main.ScriptEngine.run(ScriptEngine.java:194)
	at com.kms.katalon.core.main.ScriptEngine.runScriptAsRawText(ScriptEngine.java:119)
	at com.kms.katalon.core.main.TestCaseExecutor.runScript(TestCaseExecutor.java:331)
	at com.kms.katalon.core.main.TestCaseExecutor.doExecute(TestCaseExecutor.java:322)
	at com.kms.katalon.core.main.TestCaseExecutor.processExecutionPhase(TestCaseExecutor.java:301)
	at com.kms.katalon.core.main.TestCaseExecutor.accessMainPhase(TestCaseExecutor.java:293)
	at com.kms.katalon.core.main.TestCaseExecutor.execute(TestCaseExecutor.java:227)
	at com.kms.katalon.core.main.TestCaseMain.runTestCase(TestCaseMain.java:114)
	at com.kms.katalon.core.keyword.builtin.CallTestCaseKeyword$_callTestCase_closure1.doCall(CallTestCaseKeyword.groovy:59)
	at com.kms.katalon.core.keyword.builtin.CallTestCaseKeyword$_callTestCase_closure1.call(CallTestCaseKeyword.groovy)
	at com.kms.katalon.core.keyword.internal.KeywordMain.runKeyword(KeywordMain.groovy:66)
	at com.kms.katalon.core.keyword.builtin.CallTestCaseKeyword.callTestCase(CallTestCaseKeyword.groovy:81)
	at com.kms.katalon.core.keyword.builtin.CallTestCaseKeyword.execute(CallTestCaseKeyword.groovy:44)
	at com.kms.katalon.core.keyword.internal.KeywordExecutor.executeKeywordForPlatform(KeywordExecutor.groovy:56)
	at com.kms.katalon.core.keyword.BuiltinKeywords.callTestCase(BuiltinKeywords.groovy:334)
	at Script1536563047854.run(Script1536563047854.groovy:30)
	at com.kms.katalon.core.main.ScriptEngine.run(ScriptEngine.java:194)
	at com.kms.katalon.core.main.ScriptEngine.runScriptAsRawText(ScriptEngine.java:119)
	at com.kms.katalon.core.main.TestCaseExecutor.runScript(TestCaseExecutor.java:331)
	at com.kms.katalon.core.main.TestCaseExecutor.doExecute(TestCaseExecutor.java:322)
	at com.kms.katalon.core.main.TestCaseExecutor.processExecutionPhase(TestCaseExecutor.java:301)
	at com.kms.katalon.core.main.TestCaseExecutor.accessMainPhase(TestCaseExecutor.java:293)
	at com.kms.katalon.core.main.TestCaseExecutor.execute(TestCaseExecutor.java:227)
	at com.kms.katalon.core.main.TestCaseMain.runTestCase(TestCaseMain.java:114)
	at com.kms.katalon.core.keyword.builtin.CallTestCaseKeyword$_callTestCase_closure1.doCall(CallTestCaseKeyword.groovy:59)
	at com.kms.katalon.core.keyword.builtin.CallTestCaseKeyword$_callTestCase_closure1.call(CallTestCaseKeyword.groovy)
	at com.kms.katalon.core.keyword.internal.KeywordMain.runKeyword(KeywordMain.groovy:66)
	at com.kms.katalon.core.keyword.builtin.CallTestCaseKeyword.callTestCase(CallTestCaseKeyword.groovy:81)
	at com.kms.katalon.core.keyword.builtin.CallTestCaseKeyword.execute(CallTestCaseKeyword.groovy:44)
	at com.kms.katalon.core.keyword.internal.KeywordExecutor.executeKeywordForPlatform(KeywordExecutor.groovy:56)
	at com.kms.katalon.core.keyword.BuiltinKeywords.callTestCase(BuiltinKeywords.groovy:334)
	at Script1536828708428.run(Script1536828708428.groovy:22)
	at com.kms.katalon.core.main.ScriptEngine.run(ScriptEngine.java:194)
	at com.kms.katalon.core.main.ScriptEngine.runScriptAsRawText(ScriptEngine.java:119)
	at com.kms.katalon.core.main.TestCaseExecutor.runScript(TestCaseExecutor.java:331)
	at com.kms.katalon.core.main.TestCaseExecutor.doExecute(TestCaseExecutor.java:322)
	at com.kms.katalon.core.main.TestCaseExecutor.processExecutionPhase(TestCaseExecutor.java:301)
	at com.kms.katalon.core.main.TestCaseExecutor.accessMainPhase(TestCaseExecutor.java:293)
	at com.kms.katalon.core.main.TestCaseExecutor.execute(TestCaseExecutor.java:227)
	at com.kms.katalon.core.main.TestCaseMain.runTestCase(TestCaseMain.java:114)
	at com.kms.katalon.core.keyword.builtin.CallTestCaseKeyword$_callTestCase_closure1.doCall(CallTestCaseKeyword.groovy:59)
	at com.kms.katalon.core.keyword.builtin.CallTestCaseKeyword$_callTestCase_closure1.call(CallTestCaseKeyword.groovy)
	at com.kms.katalon.core.keyword.internal.KeywordMain.runKeyword(KeywordMain.groovy:66)
	at com.kms.katalon.core.keyword.builtin.CallTestCaseKeyword.callTestCase(CallTestCaseKeyword.groovy:81)
	at com.kms.katalon.core.keyword.builtin.CallTestCaseKeyword.execute(CallTestCaseKeyword.groovy:44)
	at com.kms.katalon.core.keyword.internal.KeywordExecutor.executeKeywordForPlatform(KeywordExecutor.groovy:56)
	at com.kms.katalon.core.keyword.BuiltinKeywords.callTestCase(BuiltinKeywords.groovy:334)
	at Script1536829528699.run(Script1536829528699.groovy:23)
	... 13 more
)

2019-03-25 16:19:15 - [MESSAGE][FAILED] - callTestCase(findTestCase("s-sidebar_navigation/individualAccount/Segment subsciber"), [:], STOP_ON_FAILURE) FAILED.
Reason:
com.kms.katalon.core.exception.StepFailedException: Call Test Case 'Test Cases/s-sidebar_navigation/individualAccount/Segment subsciber' failed
	at com.kms.katalon.core.keyword.builtin.CallTestCaseKeyword$_callTestCase_closure1.doCall(CallTestCaseKeyword.groovy:63)
	at com.kms.katalon.core.keyword.builtin.CallTestCaseKeyword$_callTestCase_closure1.call(CallTestCaseKeyword.groovy)
	at com.kms.katalon.core.keyword.internal.KeywordMain.runKeyword(KeywordMain.groovy:66)
	at com.kms.katalon.core.keyword.builtin.CallTestCaseKeyword.callTestCase(CallTestCaseKeyword.groovy:81)
	at com.kms.katalon.core.keyword.builtin.CallTestCaseKeyword.execute(CallTestCaseKeyword.groovy:44)
	at com.kms.katalon.core.keyword.internal.KeywordExecutor.executeKeywordForPlatform(KeywordExecutor.groovy:56)
	at com.kms.katalon.core.keyword.BuiltinKeywords.callTestCase(BuiltinKeywords.groovy:334)
	at TC0708.run(TC0708:30)
	at com.kms.katalon.core.main.ScriptEngine.run(ScriptEngine.java:194)
	at com.kms.katalon.core.main.ScriptEngine.runScriptAsRawText(ScriptEngine.java:119)
	at com.kms.katalon.core.main.TestCaseExecutor.runScript(TestCaseExecutor.java:331)
	at com.kms.katalon.core.main.TestCaseExecutor.doExecute(TestCaseExecutor.java:322)
	at com.kms.katalon.core.main.TestCaseExecutor.processExecutionPhase(TestCaseExecutor.java:301)
	at com.kms.katalon.core.main.TestCaseExecutor.accessMainPhase(TestCaseExecutor.java:293)
	at com.kms.katalon.core.main.TestCaseExecutor.execute(TestCaseExecutor.java:227)
	at com.kms.katalon.core.main.TestCaseMain.runTestCase(TestCaseMain.java:114)
	at com.kms.katalon.core.keyword.builtin.CallTestCaseKeyword$_callTestCase_closure1.doCall(CallTestCaseKeyword.groovy:59)
	at com.kms.katalon.core.keyword.builtin.CallTestCaseKeyword$_callTestCase_closure1.call(CallTestCaseKeyword.groovy)
	at com.kms.katalon.core.keyword.internal.KeywordMain.runKeyword(KeywordMain.groovy:66)
	at com.kms.katalon.core.keyword.builtin.CallTestCaseKeyword.callTestCase(CallTestCaseKeyword.groovy:81)
	at com.kms.katalon.core.keyword.builtin.CallTestCaseKeyword.execute(CallTestCaseKeyword.groovy:44)
	at com.kms.katalon.core.keyword.internal.KeywordExecutor.executeKeywordForPlatform(KeywordExecutor.groovy:56)
	at com.kms.katalon.core.keyword.BuiltinKeywords.callTestCase(BuiltinKeywords.groovy:334)
	at TC0756.run(TC0756:22)
	at com.kms.katalon.core.main.ScriptEngine.run(ScriptEngine.java:194)
	at com.kms.katalon.core.main.ScriptEngine.runScriptAsRawText(ScriptEngine.java:119)
	at com.kms.katalon.core.main.TestCaseExecutor.runScript(TestCaseExecutor.java:331)
	at com.kms.katalon.core.main.TestCaseExecutor.doExecute(TestCaseExecutor.java:322)
	at com.kms.katalon.core.main.TestCaseExecutor.processExecutionPhase(TestCaseExecutor.java:301)
	at com.kms.katalon.core.main.TestCaseExecutor.accessMainPhase(TestCaseExecutor.java:293)
	at com.kms.katalon.core.main.TestCaseExecutor.execute(TestCaseExecutor.java:227)
	at com.kms.katalon.core.main.TestCaseMain.runTestCase(TestCaseMain.java:114)
	at com.kms.katalon.core.keyword.builtin.CallTestCaseKeyword$_callTestCase_closure1.doCall(CallTestCaseKeyword.groovy:59)
	at com.kms.katalon.core.keyword.builtin.CallTestCaseKeyword$_callTestCase_closure1.call(CallTestCaseKeyword.groovy)
	at com.kms.katalon.core.keyword.internal.KeywordMain.runKeyword(KeywordMain.groovy:66)
	at com.kms.katalon.core.keyword.builtin.CallTestCaseKeyword.callTestCase(CallTestCaseKeyword.groovy:81)
	at com.kms.katalon.core.keyword.builtin.CallTestCaseKeyword.execute(CallTestCaseKeyword.groovy:44)
	at com.kms.katalon.core.keyword.internal.KeywordExecutor.executeKeywordForPlatform(KeywordExecutor.groovy:56)
	at com.kms.katalon.core.keyword.BuiltinKeywords.callTestCase(BuiltinKeywords.groovy:334)
	at TC0758.run(TC0758:23)
	at com.kms.katalon.core.main.ScriptEngine.run(ScriptEngine.java:194)
	at com.kms.katalon.core.main.ScriptEngine.runScriptAsRawText(ScriptEngine.java:119)
	at com.kms.katalon.core.main.TestCaseExecutor.runScript(TestCaseExecutor.java:331)
	at com.kms.katalon.core.main.TestCaseExecutor.doExecute(TestCaseExecutor.java:322)
	at com.kms.katalon.core.main.TestCaseExecutor.processExecutionPhase(TestCaseExecutor.java:301)
	at com.kms.katalon.core.main.TestCaseExecutor.accessMainPhase(TestCaseExecutor.java:293)
	at com.kms.katalon.core.main.TestCaseExecutor.execute(TestCaseExecutor.java:227)
	at com.kms.katalon.core.main.TestSuiteExecutor.accessTestCaseMainPhase(TestSuiteExecutor.java:129)
	at com.kms.katalon.core.main.TestSuiteExecutor.accessTestSuiteMainPhase(TestSuiteExecutor.java:112)
	at com.kms.katalon.core.main.TestSuiteExecutor.execute(TestSuiteExecutor.java:81)
	at com.kms.katalon.core.main.TestCaseMain.startTestSuite(TestCaseMain.java:157)
	at com.kms.katalon.core.main.TestCaseMain$startTestSuite$0.call(Unknown Source)
	at TempTestSuite1553506926009.run(TempTestSuite1553506926009.groovy:35)
Caused by: com.kms.katalon.core.exception.StepFailedException: Unable to click on object 'Object Repository/Page_KiboPush  Dashboard/span_Broadcasting'
	at com.kms.katalon.core.webui.keyword.internal.WebUIKeywordMain.stepFailed(WebUIKeywordMain.groovy:64)
	at com.kms.katalon.core.webui.keyword.internal.WebUIKeywordMain.runKeyword(WebUIKeywordMain.groovy:26)
	at com.kms.katalon.core.webui.keyword.builtin.ClickKeyword.click(ClickKeyword.groovy:86)
	at com.kms.katalon.core.webui.keyword.builtin.ClickKeyword.execute(ClickKeyword.groovy:67)
	at com.kms.katalon.core.keyword.internal.KeywordExecutor.executeKeywordForPlatform(KeywordExecutor.groovy:56)
	at com.kms.katalon.core.webui.keyword.WebUiBuiltInKeywords.click(WebUiBuiltInKeywords.groovy:616)
	at com.kms.katalon.core.webui.keyword.WebUiBuiltInKeywords$click$2.call(Unknown Source)
	at Segment subsciber.run(Segment subsciber:24)
	at com.kms.katalon.core.main.ScriptEngine.run(ScriptEngine.java:194)
	at com.kms.katalon.core.main.ScriptEngine.runScriptAsRawText(ScriptEngine.java:119)
	at com.kms.katalon.core.main.TestCaseExecutor.runScript(TestCaseExecutor.java:331)
	at com.kms.katalon.core.main.TestCaseExecutor.doExecute(TestCaseExecutor.java:322)
	at com.kms.katalon.core.main.TestCaseExecutor.processExecutionPhase(TestCaseExecutor.java:301)
	at com.kms.katalon.core.main.TestCaseExecutor.accessMainPhase(TestCaseExecutor.java:293)
	at com.kms.katalon.core.main.TestCaseExecutor.execute(TestCaseExecutor.java:227)
	at com.kms.katalon.core.main.TestCaseMain.runTestCase(TestCaseMain.java:114)
	at com.kms.katalon.core.keyword.builtin.CallTestCaseKeyword$_callTestCase_closure1.doCall(CallTestCaseKeyword.groovy:59)
	... 52 more
Caused by: com.kms.katalon.core.webui.exception.WebElementNotFoundException: Web element with id: 'Object Repository/Page_KiboPush  Dashboard/span_Broadcasting' located by 'By.xpath: //span[(text() = 'Broadcasting' or . = 'Broadcasting')]' not found
	at com.kms.katalon.core.webui.common.WebUiCommonHelper.findWebElement(WebUiCommonHelper.java:1053)
	at com.kms.katalon.core.webui.keyword.internal.WebUIAbstractKeyword.findWebElement(WebUIAbstractKeyword.groovy:27)
	at com.kms.katalon.core.webui.keyword.internal.WebUIAbstractKeyword.findWebElement(WebUIAbstractKeyword.groovy:26)
	at com.kms.katalon.core.webui.keyword.builtin.ClickKeyword$_click_closure1.doCall(ClickKeyword.groovy:77)
	at com.kms.katalon.core.webui.keyword.builtin.ClickKeyword$_click_closure1.call(ClickKeyword.groovy)
	at com.kms.katalon.core.webui.keyword.internal.WebUIKeywordMain.runKeyword(WebUIKeywordMain.groovy:20)
	at com.kms.katalon.core.webui.keyword.builtin.ClickKeyword.click(ClickKeyword.groovy:86)
	at com.kms.katalon.core.webui.keyword.builtin.ClickKeyword.execute(ClickKeyword.groovy:67)
	at com.kms.katalon.core.keyword.internal.KeywordExecutor.executeKeywordForPlatform(KeywordExecutor.groovy:56)
	at com.kms.katalon.core.webui.keyword.WebUiBuiltInKeywords.click(WebUiBuiltInKeywords.groovy:616)
	at com.kms.katalon.core.webui.keyword.WebUiBuiltInKeywords$click$2.call(Unknown Source)
	at Script1537021633802.run(Script1537021633802.groovy:24)
	at com.kms.katalon.core.main.ScriptEngine.run(ScriptEngine.java:194)
	at com.kms.katalon.core.main.ScriptEngine.runScriptAsRawText(ScriptEngine.java:119)
	at com.kms.katalon.core.main.TestCaseExecutor.runScript(TestCaseExecutor.java:331)
	at com.kms.katalon.core.main.TestCaseExecutor.doExecute(TestCaseExecutor.java:322)
	at com.kms.katalon.core.main.TestCaseExecutor.processExecutionPhase(TestCaseExecutor.java:301)
	at com.kms.katalon.core.main.TestCaseExecutor.accessMainPhase(TestCaseExecutor.java:293)
	at com.kms.katalon.core.main.TestCaseExecutor.execute(TestCaseExecutor.java:227)
	at com.kms.katalon.core.main.TestCaseMain.runTestCase(TestCaseMain.java:114)
	at com.kms.katalon.core.keyword.builtin.CallTestCaseKeyword$_callTestCase_closure1.doCall(CallTestCaseKeyword.groovy:59)
	at com.kms.katalon.core.keyword.builtin.CallTestCaseKeyword$_callTestCase_closure1.call(CallTestCaseKeyword.groovy)
	at com.kms.katalon.core.keyword.internal.KeywordMain.runKeyword(KeywordMain.groovy:66)
	at com.kms.katalon.core.keyword.builtin.CallTestCaseKeyword.callTestCase(CallTestCaseKeyword.groovy:81)
	at com.kms.katalon.core.keyword.builtin.CallTestCaseKeyword.execute(CallTestCaseKeyword.groovy:44)
	at com.kms.katalon.core.keyword.internal.KeywordExecutor.executeKeywordForPlatform(KeywordExecutor.groovy:56)
	at com.kms.katalon.core.keyword.BuiltinKeywords.callTestCase(BuiltinKeywords.groovy:334)
	at Script1536563047854.run(Script1536563047854.groovy:30)
	at com.kms.katalon.core.main.ScriptEngine.run(ScriptEngine.java:194)
	at com.kms.katalon.core.main.ScriptEngine.runScriptAsRawText(ScriptEngine.java:119)
	at com.kms.katalon.core.main.TestCaseExecutor.runScript(TestCaseExecutor.java:331)
	at com.kms.katalon.core.main.TestCaseExecutor.doExecute(TestCaseExecutor.java:322)
	at com.kms.katalon.core.main.TestCaseExecutor.processExecutionPhase(TestCaseExecutor.java:301)
	at com.kms.katalon.core.main.TestCaseExecutor.accessMainPhase(TestCaseExecutor.java:293)
	at com.kms.katalon.core.main.TestCaseExecutor.execute(TestCaseExecutor.java:227)
	at com.kms.katalon.core.main.TestCaseMain.runTestCase(TestCaseMain.java:114)
	at com.kms.katalon.core.keyword.builtin.CallTestCaseKeyword$_callTestCase_closure1.doCall(CallTestCaseKeyword.groovy:59)
	at com.kms.katalon.core.keyword.builtin.CallTestCaseKeyword$_callTestCase_closure1.call(CallTestCaseKeyword.groovy)
	at com.kms.katalon.core.keyword.internal.KeywordMain.runKeyword(KeywordMain.groovy:66)
	at com.kms.katalon.core.keyword.builtin.CallTestCaseKeyword.callTestCase(CallTestCaseKeyword.groovy:81)
	at com.kms.katalon.core.keyword.builtin.CallTestCaseKeyword.execute(CallTestCaseKeyword.groovy:44)
	at com.kms.katalon.core.keyword.internal.KeywordExecutor.executeKeywordForPlatform(KeywordExecutor.groovy:56)
	at com.kms.katalon.core.keyword.BuiltinKeywords.callTestCase(BuiltinKeywords.groovy:334)
	at Script1536828708428.run(Script1536828708428.groovy:22)
	at com.kms.katalon.core.main.ScriptEngine.run(ScriptEngine.java:194)
	at com.kms.katalon.core.main.ScriptEngine.runScriptAsRawText(ScriptEngine.java:119)
	at com.kms.katalon.core.main.TestCaseExecutor.runScript(TestCaseExecutor.java:331)
	at com.kms.katalon.core.main.TestCaseExecutor.doExecute(TestCaseExecutor.java:322)
	at com.kms.katalon.core.main.TestCaseExecutor.processExecutionPhase(TestCaseExecutor.java:301)
	at com.kms.katalon.core.main.TestCaseExecutor.accessMainPhase(TestCaseExecutor.java:293)
	at com.kms.katalon.core.main.TestCaseExecutor.execute(TestCaseExecutor.java:227)
	at com.kms.katalon.core.main.TestCaseMain.runTestCase(TestCaseMain.java:114)
	at com.kms.katalon.core.keyword.builtin.CallTestCaseKeyword$_callTestCase_closure1.doCall(CallTestCaseKeyword.groovy:59)
	at com.kms.katalon.core.keyword.builtin.CallTestCaseKeyword$_callTestCase_closure1.call(CallTestCaseKeyword.groovy)
	at com.kms.katalon.core.keyword.internal.KeywordMain.runKeyword(KeywordMain.groovy:66)
	at com.kms.katalon.core.keyword.builtin.CallTestCaseKeyword.callTestCase(CallTestCaseKeyword.groovy:81)
	at com.kms.katalon.core.keyword.builtin.CallTestCaseKeyword.execute(CallTestCaseKeyword.groovy:44)
	at com.kms.katalon.core.keyword.internal.KeywordExecutor.executeKeywordForPlatform(KeywordExecutor.groovy:56)
	at com.kms.katalon.core.keyword.BuiltinKeywords.callTestCase(BuiltinKeywords.groovy:334)
	at Script1536829528699.run(Script1536829528699.groovy:23)
	... 13 more


2019-03-25 16:19:15 - [MESSAGE][FAILED] - Unable to call Test Case 'Test Cases/Segment subscribers/TC0708' (Root cause: com.kms.katalon.core.exception.StepFailedException: Call Test Case 'Test Cases/Segment subscribers/TC0708' failed
	at com.kms.katalon.core.keyword.builtin.CallTestCaseKeyword$_callTestCase_closure1.doCall(CallTestCaseKeyword.groovy:63)
	at com.kms.katalon.core.keyword.builtin.CallTestCaseKeyword$_callTestCase_closure1.call(CallTestCaseKeyword.groovy)
	at com.kms.katalon.core.keyword.internal.KeywordMain.runKeyword(KeywordMain.groovy:66)
	at com.kms.katalon.core.keyword.builtin.CallTestCaseKeyword.callTestCase(CallTestCaseKeyword.groovy:81)
	at com.kms.katalon.core.keyword.builtin.CallTestCaseKeyword.execute(CallTestCaseKeyword.groovy:44)
	at com.kms.katalon.core.keyword.internal.KeywordExecutor.executeKeywordForPlatform(KeywordExecutor.groovy:56)
	at com.kms.katalon.core.keyword.BuiltinKeywords.callTestCase(BuiltinKeywords.groovy:334)
	at TC0756.run(TC0756:22)
	at com.kms.katalon.core.main.ScriptEngine.run(ScriptEngine.java:194)
	at com.kms.katalon.core.main.ScriptEngine.runScriptAsRawText(ScriptEngine.java:119)
	at com.kms.katalon.core.main.TestCaseExecutor.runScript(TestCaseExecutor.java:331)
	at com.kms.katalon.core.main.TestCaseExecutor.doExecute(TestCaseExecutor.java:322)
	at com.kms.katalon.core.main.TestCaseExecutor.processExecutionPhase(TestCaseExecutor.java:301)
	at com.kms.katalon.core.main.TestCaseExecutor.accessMainPhase(TestCaseExecutor.java:293)
	at com.kms.katalon.core.main.TestCaseExecutor.execute(TestCaseExecutor.java:227)
	at com.kms.katalon.core.main.TestCaseMain.runTestCase(TestCaseMain.java:114)
	at com.kms.katalon.core.keyword.builtin.CallTestCaseKeyword$_callTestCase_closure1.doCall(CallTestCaseKeyword.groovy:59)
	at com.kms.katalon.core.keyword.builtin.CallTestCaseKeyword$_callTestCase_closure1.call(CallTestCaseKeyword.groovy)
	at com.kms.katalon.core.keyword.internal.KeywordMain.runKeyword(KeywordMain.groovy:66)
	at com.kms.katalon.core.keyword.builtin.CallTestCaseKeyword.callTestCase(CallTestCaseKeyword.groovy:81)
	at com.kms.katalon.core.keyword.builtin.CallTestCaseKeyword.execute(CallTestCaseKeyword.groovy:44)
	at com.kms.katalon.core.keyword.internal.KeywordExecutor.executeKeywordForPlatform(KeywordExecutor.groovy:56)
	at com.kms.katalon.core.keyword.BuiltinKeywords.callTestCase(BuiltinKeywords.groovy:334)
	at TC0758.run(TC0758:23)
	at com.kms.katalon.core.main.ScriptEngine.run(ScriptEngine.java:194)
	at com.kms.katalon.core.main.ScriptEngine.runScriptAsRawText(ScriptEngine.java:119)
	at com.kms.katalon.core.main.TestCaseExecutor.runScript(TestCaseExecutor.java:331)
	at com.kms.katalon.core.main.TestCaseExecutor.doExecute(TestCaseExecutor.java:322)
	at com.kms.katalon.core.main.TestCaseExecutor.processExecutionPhase(TestCaseExecutor.java:301)
	at com.kms.katalon.core.main.TestCaseExecutor.accessMainPhase(TestCaseExecutor.java:293)
	at com.kms.katalon.core.main.TestCaseExecutor.execute(TestCaseExecutor.java:227)
	at com.kms.katalon.core.main.TestSuiteExecutor.accessTestCaseMainPhase(TestSuiteExecutor.java:129)
	at com.kms.katalon.core.main.TestSuiteExecutor.accessTestSuiteMainPhase(TestSuiteExecutor.java:112)
	at com.kms.katalon.core.main.TestSuiteExecutor.execute(TestSuiteExecutor.java:81)
	at com.kms.katalon.core.main.TestCaseMain.startTestSuite(TestCaseMain.java:157)
	at com.kms.katalon.core.main.TestCaseMain$startTestSuite$0.call(Unknown Source)
	at TempTestSuite1553506926009.run(TempTestSuite1553506926009.groovy:35)
Caused by: com.kms.katalon.core.exception.StepFailedException: Call Test Case 'Test Cases/s-sidebar_navigation/individualAccount/Segment subsciber' failed
	at com.kms.katalon.core.keyword.builtin.CallTestCaseKeyword$_callTestCase_closure1.doCall(CallTestCaseKeyword.groovy:63)
	at com.kms.katalon.core.keyword.builtin.CallTestCaseKeyword$_callTestCase_closure1.call(CallTestCaseKeyword.groovy)
	at com.kms.katalon.core.keyword.internal.KeywordMain.runKeyword(KeywordMain.groovy:66)
	at com.kms.katalon.core.keyword.builtin.CallTestCaseKeyword.callTestCase(CallTestCaseKeyword.groovy:81)
	at com.kms.katalon.core.keyword.builtin.CallTestCaseKeyword.execute(CallTestCaseKeyword.groovy:44)
	at com.kms.katalon.core.keyword.internal.KeywordExecutor.executeKeywordForPlatform(KeywordExecutor.groovy:56)
	at com.kms.katalon.core.keyword.BuiltinKeywords.callTestCase(BuiltinKeywords.groovy:334)
	at TC0708.run(TC0708:30)
	at com.kms.katalon.core.main.ScriptEngine.run(ScriptEngine.java:194)
	at com.kms.katalon.core.main.ScriptEngine.runScriptAsRawText(ScriptEngine.java:119)
	at com.kms.katalon.core.main.TestCaseExecutor.runScript(TestCaseExecutor.java:331)
	at com.kms.katalon.core.main.TestCaseExecutor.doExecute(TestCaseExecutor.java:322)
	at com.kms.katalon.core.main.TestCaseExecutor.processExecutionPhase(TestCaseExecutor.java:301)
	at com.kms.katalon.core.main.TestCaseExecutor.accessMainPhase(TestCaseExecutor.java:293)
	at com.kms.katalon.core.main.TestCaseExecutor.execute(TestCaseExecutor.java:227)
	at com.kms.katalon.core.main.TestCaseMain.runTestCase(TestCaseMain.java:114)
	at com.kms.katalon.core.keyword.builtin.CallTestCaseKeyword$_callTestCase_closure1.doCall(CallTestCaseKeyword.groovy:59)
	... 36 more
Caused by: com.kms.katalon.core.exception.StepFailedException: Unable to click on object 'Object Repository/Page_KiboPush  Dashboard/span_Broadcasting'
	at com.kms.katalon.core.webui.keyword.internal.WebUIKeywordMain.stepFailed(WebUIKeywordMain.groovy:64)
	at com.kms.katalon.core.webui.keyword.internal.WebUIKeywordMain.runKeyword(WebUIKeywordMain.groovy:26)
	at com.kms.katalon.core.webui.keyword.builtin.ClickKeyword.click(ClickKeyword.groovy:86)
	at com.kms.katalon.core.webui.keyword.builtin.ClickKeyword.execute(ClickKeyword.groovy:67)
	at com.kms.katalon.core.keyword.internal.KeywordExecutor.executeKeywordForPlatform(KeywordExecutor.groovy:56)
	at com.kms.katalon.core.webui.keyword.WebUiBuiltInKeywords.click(WebUiBuiltInKeywords.groovy:616)
	at com.kms.katalon.core.webui.keyword.WebUiBuiltInKeywords$click$2.call(Unknown Source)
	at Segment subsciber.run(Segment subsciber:24)
	at com.kms.katalon.core.main.ScriptEngine.run(ScriptEngine.java:194)
	at com.kms.katalon.core.main.ScriptEngine.runScriptAsRawText(ScriptEngine.java:119)
	at com.kms.katalon.core.main.TestCaseExecutor.runScript(TestCaseExecutor.java:331)
	at com.kms.katalon.core.main.TestCaseExecutor.doExecute(TestCaseExecutor.java:322)
	at com.kms.katalon.core.main.TestCaseExecutor.processExecutionPhase(TestCaseExecutor.java:301)
	at com.kms.katalon.core.main.TestCaseExecutor.accessMainPhase(TestCaseExecutor.java:293)
	at com.kms.katalon.core.main.TestCaseExecutor.execute(TestCaseExecutor.java:227)
	at com.kms.katalon.core.main.TestCaseMain.runTestCase(TestCaseMain.java:114)
	at com.kms.katalon.core.keyword.builtin.CallTestCaseKeyword$_callTestCase_closure1.doCall(CallTestCaseKeyword.groovy:59)
	... 52 more
Caused by: com.kms.katalon.core.webui.exception.WebElementNotFoundException: Web element with id: 'Object Repository/Page_KiboPush  Dashboard/span_Broadcasting' located by 'By.xpath: //span[(text() = 'Broadcasting' or . = 'Broadcasting')]' not found
	at com.kms.katalon.core.webui.common.WebUiCommonHelper.findWebElement(WebUiCommonHelper.java:1053)
	at com.kms.katalon.core.webui.keyword.internal.WebUIAbstractKeyword.findWebElement(WebUIAbstractKeyword.groovy:27)
	at com.kms.katalon.core.webui.keyword.internal.WebUIAbstractKeyword.findWebElement(WebUIAbstractKeyword.groovy:26)
	at com.kms.katalon.core.webui.keyword.builtin.ClickKeyword$_click_closure1.doCall(ClickKeyword.groovy:77)
	at com.kms.katalon.core.webui.keyword.builtin.ClickKeyword$_click_closure1.call(ClickKeyword.groovy)
	at com.kms.katalon.core.webui.keyword.internal.WebUIKeywordMain.runKeyword(WebUIKeywordMain.groovy:20)
	at com.kms.katalon.core.webui.keyword.builtin.ClickKeyword.click(ClickKeyword.groovy:86)
	at com.kms.katalon.core.webui.keyword.builtin.ClickKeyword.execute(ClickKeyword.groovy:67)
	at com.kms.katalon.core.keyword.internal.KeywordExecutor.executeKeywordForPlatform(KeywordExecutor.groovy:56)
	at com.kms.katalon.core.webui.keyword.WebUiBuiltInKeywords.click(WebUiBuiltInKeywords.groovy:616)
	at com.kms.katalon.core.webui.keyword.WebUiBuiltInKeywords$click$2.call(Unknown Source)
	at Script1537021633802.run(Script1537021633802.groovy:24)
	at com.kms.katalon.core.main.ScriptEngine.run(ScriptEngine.java:194)
	at com.kms.katalon.core.main.ScriptEngine.runScriptAsRawText(ScriptEngine.java:119)
	at com.kms.katalon.core.main.TestCaseExecutor.runScript(TestCaseExecutor.java:331)
	at com.kms.katalon.core.main.TestCaseExecutor.doExecute(TestCaseExecutor.java:322)
	at com.kms.katalon.core.main.TestCaseExecutor.processExecutionPhase(TestCaseExecutor.java:301)
	at com.kms.katalon.core.main.TestCaseExecutor.accessMainPhase(TestCaseExecutor.java:293)
	at com.kms.katalon.core.main.TestCaseExecutor.execute(TestCaseExecutor.java:227)
	at com.kms.katalon.core.main.TestCaseMain.runTestCase(TestCaseMain.java:114)
	at com.kms.katalon.core.keyword.builtin.CallTestCaseKeyword$_callTestCase_closure1.doCall(CallTestCaseKeyword.groovy:59)
	at com.kms.katalon.core.keyword.builtin.CallTestCaseKeyword$_callTestCase_closure1.call(CallTestCaseKeyword.groovy)
	at com.kms.katalon.core.keyword.internal.KeywordMain.runKeyword(KeywordMain.groovy:66)
	at com.kms.katalon.core.keyword.builtin.CallTestCaseKeyword.callTestCase(CallTestCaseKeyword.groovy:81)
	at com.kms.katalon.core.keyword.builtin.CallTestCaseKeyword.execute(CallTestCaseKeyword.groovy:44)
	at com.kms.katalon.core.keyword.internal.KeywordExecutor.executeKeywordForPlatform(KeywordExecutor.groovy:56)
	at com.kms.katalon.core.keyword.BuiltinKeywords.callTestCase(BuiltinKeywords.groovy:334)
	at Script1536563047854.run(Script1536563047854.groovy:30)
	at com.kms.katalon.core.main.ScriptEngine.run(ScriptEngine.java:194)
	at com.kms.katalon.core.main.ScriptEngine.runScriptAsRawText(ScriptEngine.java:119)
	at com.kms.katalon.core.main.TestCaseExecutor.runScript(TestCaseExecutor.java:331)
	at com.kms.katalon.core.main.TestCaseExecutor.doExecute(TestCaseExecutor.java:322)
	at com.kms.katalon.core.main.TestCaseExecutor.processExecutionPhase(TestCaseExecutor.java:301)
	at com.kms.katalon.core.main.TestCaseExecutor.accessMainPhase(TestCaseExecutor.java:293)
	at com.kms.katalon.core.main.TestCaseExecutor.execute(TestCaseExecutor.java:227)
	at com.kms.katalon.core.main.TestCaseMain.runTestCase(TestCaseMain.java:114)
	at com.kms.katalon.core.keyword.builtin.CallTestCaseKeyword$_callTestCase_closure1.doCall(CallTestCaseKeyword.groovy:59)
	at com.kms.katalon.core.keyword.builtin.CallTestCaseKeyword$_callTestCase_closure1.call(CallTestCaseKeyword.groovy)
	at com.kms.katalon.core.keyword.internal.KeywordMain.runKeyword(KeywordMain.groovy:66)
	at com.kms.katalon.core.keyword.builtin.CallTestCaseKeyword.callTestCase(CallTestCaseKeyword.groovy:81)
	at com.kms.katalon.core.keyword.builtin.CallTestCaseKeyword.execute(CallTestCaseKeyword.groovy:44)
	at com.kms.katalon.core.keyword.internal.KeywordExecutor.executeKeywordForPlatform(KeywordExecutor.groovy:56)
	at com.kms.katalon.core.keyword.BuiltinKeywords.callTestCase(BuiltinKeywords.groovy:334)
	at Script1536828708428.run(Script1536828708428.groovy:22)
	at com.kms.katalon.core.main.ScriptEngine.run(ScriptEngine.java:194)
	at com.kms.katalon.core.main.ScriptEngine.runScriptAsRawText(ScriptEngine.java:119)
	at com.kms.katalon.core.main.TestCaseExecutor.runScript(TestCaseExecutor.java:331)
	at com.kms.katalon.core.main.TestCaseExecutor.doExecute(TestCaseExecutor.java:322)
	at com.kms.katalon.core.main.TestCaseExecutor.processExecutionPhase(TestCaseExecutor.java:301)
	at com.kms.katalon.core.main.TestCaseExecutor.accessMainPhase(TestCaseExecutor.java:293)
	at com.kms.katalon.core.main.TestCaseExecutor.execute(TestCaseExecutor.java:227)
	at com.kms.katalon.core.main.TestCaseMain.runTestCase(TestCaseMain.java:114)
	at com.kms.katalon.core.keyword.builtin.CallTestCaseKeyword$_callTestCase_closure1.doCall(CallTestCaseKeyword.groovy:59)
	at com.kms.katalon.core.keyword.builtin.CallTestCaseKeyword$_callTestCase_closure1.call(CallTestCaseKeyword.groovy)
	at com.kms.katalon.core.keyword.internal.KeywordMain.runKeyword(KeywordMain.groovy:66)
	at com.kms.katalon.core.keyword.builtin.CallTestCaseKeyword.callTestCase(CallTestCaseKeyword.groovy:81)
	at com.kms.katalon.core.keyword.builtin.CallTestCaseKeyword.execute(CallTestCaseKeyword.groovy:44)
	at com.kms.katalon.core.keyword.internal.KeywordExecutor.executeKeywordForPlatform(KeywordExecutor.groovy:56)
	at com.kms.katalon.core.keyword.BuiltinKeywords.callTestCase(BuiltinKeywords.groovy:334)
	at Script1536829528699.run(Script1536829528699.groovy:23)
	... 13 more
)

2019-03-25 16:19:15 - [MESSAGE][FAILED] - callTestCase(findTestCase("Segment subscribers/TC0708"), [:], STOP_ON_FAILURE) FAILED.
Reason:
com.kms.katalon.core.exception.StepFailedException: Call Test Case 'Test Cases/Segment subscribers/TC0708' failed
	at com.kms.katalon.core.keyword.builtin.CallTestCaseKeyword$_callTestCase_closure1.doCall(CallTestCaseKeyword.groovy:63)
	at com.kms.katalon.core.keyword.builtin.CallTestCaseKeyword$_callTestCase_closure1.call(CallTestCaseKeyword.groovy)
	at com.kms.katalon.core.keyword.internal.KeywordMain.runKeyword(KeywordMain.groovy:66)
	at com.kms.katalon.core.keyword.builtin.CallTestCaseKeyword.callTestCase(CallTestCaseKeyword.groovy:81)
	at com.kms.katalon.core.keyword.builtin.CallTestCaseKeyword.execute(CallTestCaseKeyword.groovy:44)
	at com.kms.katalon.core.keyword.internal.KeywordExecutor.executeKeywordForPlatform(KeywordExecutor.groovy:56)
	at com.kms.katalon.core.keyword.BuiltinKeywords.callTestCase(BuiltinKeywords.groovy:334)
	at TC0756.run(TC0756:22)
	at com.kms.katalon.core.main.ScriptEngine.run(ScriptEngine.java:194)
	at com.kms.katalon.core.main.ScriptEngine.runScriptAsRawText(ScriptEngine.java:119)
	at com.kms.katalon.core.main.TestCaseExecutor.runScript(TestCaseExecutor.java:331)
	at com.kms.katalon.core.main.TestCaseExecutor.doExecute(TestCaseExecutor.java:322)
	at com.kms.katalon.core.main.TestCaseExecutor.processExecutionPhase(TestCaseExecutor.java:301)
	at com.kms.katalon.core.main.TestCaseExecutor.accessMainPhase(TestCaseExecutor.java:293)
	at com.kms.katalon.core.main.TestCaseExecutor.execute(TestCaseExecutor.java:227)
	at com.kms.katalon.core.main.TestCaseMain.runTestCase(TestCaseMain.java:114)
	at com.kms.katalon.core.keyword.builtin.CallTestCaseKeyword$_callTestCase_closure1.doCall(CallTestCaseKeyword.groovy:59)
	at com.kms.katalon.core.keyword.builtin.CallTestCaseKeyword$_callTestCase_closure1.call(CallTestCaseKeyword.groovy)
	at com.kms.katalon.core.keyword.internal.KeywordMain.runKeyword(KeywordMain.groovy:66)
	at com.kms.katalon.core.keyword.builtin.CallTestCaseKeyword.callTestCase(CallTestCaseKeyword.groovy:81)
	at com.kms.katalon.core.keyword.builtin.CallTestCaseKeyword.execute(CallTestCaseKeyword.groovy:44)
	at com.kms.katalon.core.keyword.internal.KeywordExecutor.executeKeywordForPlatform(KeywordExecutor.groovy:56)
	at com.kms.katalon.core.keyword.BuiltinKeywords.callTestCase(BuiltinKeywords.groovy:334)
	at TC0758.run(TC0758:23)
	at com.kms.katalon.core.main.ScriptEngine.run(ScriptEngine.java:194)
	at com.kms.katalon.core.main.ScriptEngine.runScriptAsRawText(ScriptEngine.java:119)
	at com.kms.katalon.core.main.TestCaseExecutor.runScript(TestCaseExecutor.java:331)
	at com.kms.katalon.core.main.TestCaseExecutor.doExecute(TestCaseExecutor.java:322)
	at com.kms.katalon.core.main.TestCaseExecutor.processExecutionPhase(TestCaseExecutor.java:301)
	at com.kms.katalon.core.main.TestCaseExecutor.accessMainPhase(TestCaseExecutor.java:293)
	at com.kms.katalon.core.main.TestCaseExecutor.execute(TestCaseExecutor.java:227)
	at com.kms.katalon.core.main.TestSuiteExecutor.accessTestCaseMainPhase(TestSuiteExecutor.java:129)
	at com.kms.katalon.core.main.TestSuiteExecutor.accessTestSuiteMainPhase(TestSuiteExecutor.java:112)
	at com.kms.katalon.core.main.TestSuiteExecutor.execute(TestSuiteExecutor.java:81)
	at com.kms.katalon.core.main.TestCaseMain.startTestSuite(TestCaseMain.java:157)
	at com.kms.katalon.core.main.TestCaseMain$startTestSuite$0.call(Unknown Source)
	at TempTestSuite1553506926009.run(TempTestSuite1553506926009.groovy:35)
Caused by: com.kms.katalon.core.exception.StepFailedException: Call Test Case 'Test Cases/s-sidebar_navigation/individualAccount/Segment subsciber' failed
	at com.kms.katalon.core.keyword.builtin.CallTestCaseKeyword$_callTestCase_closure1.doCall(CallTestCaseKeyword.groovy:63)
	at com.kms.katalon.core.keyword.builtin.CallTestCaseKeyword$_callTestCase_closure1.call(CallTestCaseKeyword.groovy)
	at com.kms.katalon.core.keyword.internal.KeywordMain.runKeyword(KeywordMain.groovy:66)
	at com.kms.katalon.core.keyword.builtin.CallTestCaseKeyword.callTestCase(CallTestCaseKeyword.groovy:81)
	at com.kms.katalon.core.keyword.builtin.CallTestCaseKeyword.execute(CallTestCaseKeyword.groovy:44)
	at com.kms.katalon.core.keyword.internal.KeywordExecutor.executeKeywordForPlatform(KeywordExecutor.groovy:56)
	at com.kms.katalon.core.keyword.BuiltinKeywords.callTestCase(BuiltinKeywords.groovy:334)
	at TC0708.run(TC0708:30)
	at com.kms.katalon.core.main.ScriptEngine.run(ScriptEngine.java:194)
	at com.kms.katalon.core.main.ScriptEngine.runScriptAsRawText(ScriptEngine.java:119)
	at com.kms.katalon.core.main.TestCaseExecutor.runScript(TestCaseExecutor.java:331)
	at com.kms.katalon.core.main.TestCaseExecutor.doExecute(TestCaseExecutor.java:322)
	at com.kms.katalon.core.main.TestCaseExecutor.processExecutionPhase(TestCaseExecutor.java:301)
	at com.kms.katalon.core.main.TestCaseExecutor.accessMainPhase(TestCaseExecutor.java:293)
	at com.kms.katalon.core.main.TestCaseExecutor.execute(TestCaseExecutor.java:227)
	at com.kms.katalon.core.main.TestCaseMain.runTestCase(TestCaseMain.java:114)
	at com.kms.katalon.core.keyword.builtin.CallTestCaseKeyword$_callTestCase_closure1.doCall(CallTestCaseKeyword.groovy:59)
	... 36 more
Caused by: com.kms.katalon.core.exception.StepFailedException: Unable to click on object 'Object Repository/Page_KiboPush  Dashboard/span_Broadcasting'
	at com.kms.katalon.core.webui.keyword.internal.WebUIKeywordMain.stepFailed(WebUIKeywordMain.groovy:64)
	at com.kms.katalon.core.webui.keyword.internal.WebUIKeywordMain.runKeyword(WebUIKeywordMain.groovy:26)
	at com.kms.katalon.core.webui.keyword.builtin.ClickKeyword.click(ClickKeyword.groovy:86)
	at com.kms.katalon.core.webui.keyword.builtin.ClickKeyword.execute(ClickKeyword.groovy:67)
	at com.kms.katalon.core.keyword.internal.KeywordExecutor.executeKeywordForPlatform(KeywordExecutor.groovy:56)
	at com.kms.katalon.core.webui.keyword.WebUiBuiltInKeywords.click(WebUiBuiltInKeywords.groovy:616)
	at com.kms.katalon.core.webui.keyword.WebUiBuiltInKeywords$click$2.call(Unknown Source)
	at Segment subsciber.run(Segment subsciber:24)
	at com.kms.katalon.core.main.ScriptEngine.run(ScriptEngine.java:194)
	at com.kms.katalon.core.main.ScriptEngine.runScriptAsRawText(ScriptEngine.java:119)
	at com.kms.katalon.core.main.TestCaseExecutor.runScript(TestCaseExecutor.java:331)
	at com.kms.katalon.core.main.TestCaseExecutor.doExecute(TestCaseExecutor.java:322)
	at com.kms.katalon.core.main.TestCaseExecutor.processExecutionPhase(TestCaseExecutor.java:301)
	at com.kms.katalon.core.main.TestCaseExecutor.accessMainPhase(TestCaseExecutor.java:293)
	at com.kms.katalon.core.main.TestCaseExecutor.execute(TestCaseExecutor.java:227)
	at com.kms.katalon.core.main.TestCaseMain.runTestCase(TestCaseMain.java:114)
	at com.kms.katalon.core.keyword.builtin.CallTestCaseKeyword$_callTestCase_closure1.doCall(CallTestCaseKeyword.groovy:59)
	... 52 more
Caused by: com.kms.katalon.core.webui.exception.WebElementNotFoundException: Web element with id: 'Object Repository/Page_KiboPush  Dashboard/span_Broadcasting' located by 'By.xpath: //span[(text() = 'Broadcasting' or . = 'Broadcasting')]' not found
	at com.kms.katalon.core.webui.common.WebUiCommonHelper.findWebElement(WebUiCommonHelper.java:1053)
	at com.kms.katalon.core.webui.keyword.internal.WebUIAbstractKeyword.findWebElement(WebUIAbstractKeyword.groovy:27)
	at com.kms.katalon.core.webui.keyword.internal.WebUIAbstractKeyword.findWebElement(WebUIAbstractKeyword.groovy:26)
	at com.kms.katalon.core.webui.keyword.builtin.ClickKeyword$_click_closure1.doCall(ClickKeyword.groovy:77)
	at com.kms.katalon.core.webui.keyword.builtin.ClickKeyword$_click_closure1.call(ClickKeyword.groovy)
	at com.kms.katalon.core.webui.keyword.internal.WebUIKeywordMain.runKeyword(WebUIKeywordMain.groovy:20)
	at com.kms.katalon.core.webui.keyword.builtin.ClickKeyword.click(ClickKeyword.groovy:86)
	at com.kms.katalon.core.webui.keyword.builtin.ClickKeyword.execute(ClickKeyword.groovy:67)
	at com.kms.katalon.core.keyword.internal.KeywordExecutor.executeKeywordForPlatform(KeywordExecutor.groovy:56)
	at com.kms.katalon.core.webui.keyword.WebUiBuiltInKeywords.click(WebUiBuiltInKeywords.groovy:616)
	at com.kms.katalon.core.webui.keyword.WebUiBuiltInKeywords$click$2.call(Unknown Source)
	at Script1537021633802.run(Script1537021633802.groovy:24)
	at com.kms.katalon.core.main.ScriptEngine.run(ScriptEngine.java:194)
	at com.kms.katalon.core.main.ScriptEngine.runScriptAsRawText(ScriptEngine.java:119)
	at com.kms.katalon.core.main.TestCaseExecutor.runScript(TestCaseExecutor.java:331)
	at com.kms.katalon.core.main.TestCaseExecutor.doExecute(TestCaseExecutor.java:322)
	at com.kms.katalon.core.main.TestCaseExecutor.processExecutionPhase(TestCaseExecutor.java:301)
	at com.kms.katalon.core.main.TestCaseExecutor.accessMainPhase(TestCaseExecutor.java:293)
	at com.kms.katalon.core.main.TestCaseExecutor.execute(TestCaseExecutor.java:227)
	at com.kms.katalon.core.main.TestCaseMain.runTestCase(TestCaseMain.java:114)
	at com.kms.katalon.core.keyword.builtin.CallTestCaseKeyword$_callTestCase_closure1.doCall(CallTestCaseKeyword.groovy:59)
	at com.kms.katalon.core.keyword.builtin.CallTestCaseKeyword$_callTestCase_closure1.call(CallTestCaseKeyword.groovy)
	at com.kms.katalon.core.keyword.internal.KeywordMain.runKeyword(KeywordMain.groovy:66)
	at com.kms.katalon.core.keyword.builtin.CallTestCaseKeyword.callTestCase(CallTestCaseKeyword.groovy:81)
	at com.kms.katalon.core.keyword.builtin.CallTestCaseKeyword.execute(CallTestCaseKeyword.groovy:44)
	at com.kms.katalon.core.keyword.internal.KeywordExecutor.executeKeywordForPlatform(KeywordExecutor.groovy:56)
	at com.kms.katalon.core.keyword.BuiltinKeywords.callTestCase(BuiltinKeywords.groovy:334)
	at Script1536563047854.run(Script1536563047854.groovy:30)
	at com.kms.katalon.core.main.ScriptEngine.run(ScriptEngine.java:194)
	at com.kms.katalon.core.main.ScriptEngine.runScriptAsRawText(ScriptEngine.java:119)
	at com.kms.katalon.core.main.TestCaseExecutor.runScript(TestCaseExecutor.java:331)
	at com.kms.katalon.core.main.TestCaseExecutor.doExecute(TestCaseExecutor.java:322)
	at com.kms.katalon.core.main.TestCaseExecutor.processExecutionPhase(TestCaseExecutor.java:301)
	at com.kms.katalon.core.main.TestCaseExecutor.accessMainPhase(TestCaseExecutor.java:293)
	at com.kms.katalon.core.main.TestCaseExecutor.execute(TestCaseExecutor.java:227)
	at com.kms.katalon.core.main.TestCaseMain.runTestCase(TestCaseMain.java:114)
	at com.kms.katalon.core.keyword.builtin.CallTestCaseKeyword$_callTestCase_closure1.doCall(CallTestCaseKeyword.groovy:59)
	at com.kms.katalon.core.keyword.builtin.CallTestCaseKeyword$_callTestCase_closure1.call(CallTestCaseKeyword.groovy)
	at com.kms.katalon.core.keyword.internal.KeywordMain.runKeyword(KeywordMain.groovy:66)
	at com.kms.katalon.core.keyword.builtin.CallTestCaseKeyword.callTestCase(CallTestCaseKeyword.groovy:81)
	at com.kms.katalon.core.keyword.builtin.CallTestCaseKeyword.execute(CallTestCaseKeyword.groovy:44)
	at com.kms.katalon.core.keyword.internal.KeywordExecutor.executeKeywordForPlatform(KeywordExecutor.groovy:56)
	at com.kms.katalon.core.keyword.BuiltinKeywords.callTestCase(BuiltinKeywords.groovy:334)
	at Script1536828708428.run(Script1536828708428.groovy:22)
	at com.kms.katalon.core.main.ScriptEngine.run(ScriptEngine.java:194)
	at com.kms.katalon.core.main.ScriptEngine.runScriptAsRawText(ScriptEngine.java:119)
	at com.kms.katalon.core.main.TestCaseExecutor.runScript(TestCaseExecutor.java:331)
	at com.kms.katalon.core.main.TestCaseExecutor.doExecute(TestCaseExecutor.java:322)
	at com.kms.katalon.core.main.TestCaseExecutor.processExecutionPhase(TestCaseExecutor.java:301)
	at com.kms.katalon.core.main.TestCaseExecutor.accessMainPhase(TestCaseExecutor.java:293)
	at com.kms.katalon.core.main.TestCaseExecutor.execute(TestCaseExecutor.java:227)
	at com.kms.katalon.core.main.TestCaseMain.runTestCase(TestCaseMain.java:114)
	at com.kms.katalon.core.keyword.builtin.CallTestCaseKeyword$_callTestCase_closure1.doCall(CallTestCaseKeyword.groovy:59)
	at com.kms.katalon.core.keyword.builtin.CallTestCaseKeyword$_callTestCase_closure1.call(CallTestCaseKeyword.groovy)
	at com.kms.katalon.core.keyword.internal.KeywordMain.runKeyword(KeywordMain.groovy:66)
	at com.kms.katalon.core.keyword.builtin.CallTestCaseKeyword.callTestCase(CallTestCaseKeyword.groovy:81)
	at com.kms.katalon.core.keyword.builtin.CallTestCaseKeyword.execute(CallTestCaseKeyword.groovy:44)
	at com.kms.katalon.core.keyword.internal.KeywordExecutor.executeKeywordForPlatform(KeywordExecutor.groovy:56)
	at com.kms.katalon.core.keyword.BuiltinKeywords.callTestCase(BuiltinKeywords.groovy:334)
	at Script1536829528699.run(Script1536829528699.groovy:23)
	... 13 more


2019-03-25 16:19:15 - [MESSAGE][FAILED] - Unable to call Test Case 'Test Cases/Segment subscribers/TC0756' (Root cause: com.kms.katalon.core.exception.StepFailedException: Call Test Case 'Test Cases/Segment subscribers/TC0756' failed
	at com.kms.katalon.core.keyword.builtin.CallTestCaseKeyword$_callTestCase_closure1.doCall(CallTestCaseKeyword.groovy:63)
	at com.kms.katalon.core.keyword.builtin.CallTestCaseKeyword$_callTestCase_closure1.call(CallTestCaseKeyword.groovy)
	at com.kms.katalon.core.keyword.internal.KeywordMain.runKeyword(KeywordMain.groovy:66)
	at com.kms.katalon.core.keyword.builtin.CallTestCaseKeyword.callTestCase(CallTestCaseKeyword.groovy:81)
	at com.kms.katalon.core.keyword.builtin.CallTestCaseKeyword.execute(CallTestCaseKeyword.groovy:44)
	at com.kms.katalon.core.keyword.internal.KeywordExecutor.executeKeywordForPlatform(KeywordExecutor.groovy:56)
	at com.kms.katalon.core.keyword.BuiltinKeywords.callTestCase(BuiltinKeywords.groovy:334)
	at TC0758.run(TC0758:23)
	at com.kms.katalon.core.main.ScriptEngine.run(ScriptEngine.java:194)
	at com.kms.katalon.core.main.ScriptEngine.runScriptAsRawText(ScriptEngine.java:119)
	at com.kms.katalon.core.main.TestCaseExecutor.runScript(TestCaseExecutor.java:331)
	at com.kms.katalon.core.main.TestCaseExecutor.doExecute(TestCaseExecutor.java:322)
	at com.kms.katalon.core.main.TestCaseExecutor.processExecutionPhase(TestCaseExecutor.java:301)
	at com.kms.katalon.core.main.TestCaseExecutor.accessMainPhase(TestCaseExecutor.java:293)
	at com.kms.katalon.core.main.TestCaseExecutor.execute(TestCaseExecutor.java:227)
	at com.kms.katalon.core.main.TestSuiteExecutor.accessTestCaseMainPhase(TestSuiteExecutor.java:129)
	at com.kms.katalon.core.main.TestSuiteExecutor.accessTestSuiteMainPhase(TestSuiteExecutor.java:112)
	at com.kms.katalon.core.main.TestSuiteExecutor.execute(TestSuiteExecutor.java:81)
	at com.kms.katalon.core.main.TestCaseMain.startTestSuite(TestCaseMain.java:157)
	at com.kms.katalon.core.main.TestCaseMain$startTestSuite$0.call(Unknown Source)
	at TempTestSuite1553506926009.run(TempTestSuite1553506926009.groovy:35)
Caused by: com.kms.katalon.core.exception.StepFailedException: Call Test Case 'Test Cases/Segment subscribers/TC0708' failed
	at com.kms.katalon.core.keyword.builtin.CallTestCaseKeyword$_callTestCase_closure1.doCall(CallTestCaseKeyword.groovy:63)
	at com.kms.katalon.core.keyword.builtin.CallTestCaseKeyword$_callTestCase_closure1.call(CallTestCaseKeyword.groovy)
	at com.kms.katalon.core.keyword.internal.KeywordMain.runKeyword(KeywordMain.groovy:66)
	at com.kms.katalon.core.keyword.builtin.CallTestCaseKeyword.callTestCase(CallTestCaseKeyword.groovy:81)
	at com.kms.katalon.core.keyword.builtin.CallTestCaseKeyword.execute(CallTestCaseKeyword.groovy:44)
	at com.kms.katalon.core.keyword.internal.KeywordExecutor.executeKeywordForPlatform(KeywordExecutor.groovy:56)
	at com.kms.katalon.core.keyword.BuiltinKeywords.callTestCase(BuiltinKeywords.groovy:334)
	at TC0756.run(TC0756:22)
	at com.kms.katalon.core.main.ScriptEngine.run(ScriptEngine.java:194)
	at com.kms.katalon.core.main.ScriptEngine.runScriptAsRawText(ScriptEngine.java:119)
	at com.kms.katalon.core.main.TestCaseExecutor.runScript(TestCaseExecutor.java:331)
	at com.kms.katalon.core.main.TestCaseExecutor.doExecute(TestCaseExecutor.java:322)
	at com.kms.katalon.core.main.TestCaseExecutor.processExecutionPhase(TestCaseExecutor.java:301)
	at com.kms.katalon.core.main.TestCaseExecutor.accessMainPhase(TestCaseExecutor.java:293)
	at com.kms.katalon.core.main.TestCaseExecutor.execute(TestCaseExecutor.java:227)
	at com.kms.katalon.core.main.TestCaseMain.runTestCase(TestCaseMain.java:114)
	at com.kms.katalon.core.keyword.builtin.CallTestCaseKeyword$_callTestCase_closure1.doCall(CallTestCaseKeyword.groovy:59)
	... 20 more
Caused by: com.kms.katalon.core.exception.StepFailedException: Call Test Case 'Test Cases/s-sidebar_navigation/individualAccount/Segment subsciber' failed
	at com.kms.katalon.core.keyword.builtin.CallTestCaseKeyword$_callTestCase_closure1.doCall(CallTestCaseKeyword.groovy:63)
	at com.kms.katalon.core.keyword.builtin.CallTestCaseKeyword$_callTestCase_closure1.call(CallTestCaseKeyword.groovy)
	at com.kms.katalon.core.keyword.internal.KeywordMain.runKeyword(KeywordMain.groovy:66)
	at com.kms.katalon.core.keyword.builtin.CallTestCaseKeyword.callTestCase(CallTestCaseKeyword.groovy:81)
	at com.kms.katalon.core.keyword.builtin.CallTestCaseKeyword.execute(CallTestCaseKeyword.groovy:44)
	at com.kms.katalon.core.keyword.internal.KeywordExecutor.executeKeywordForPlatform(KeywordExecutor.groovy:56)
	at com.kms.katalon.core.keyword.BuiltinKeywords.callTestCase(BuiltinKeywords.groovy:334)
	at TC0708.run(TC0708:30)
	at com.kms.katalon.core.main.ScriptEngine.run(ScriptEngine.java:194)
	at com.kms.katalon.core.main.ScriptEngine.runScriptAsRawText(ScriptEngine.java:119)
	at com.kms.katalon.core.main.TestCaseExecutor.runScript(TestCaseExecutor.java:331)
	at com.kms.katalon.core.main.TestCaseExecutor.doExecute(TestCaseExecutor.java:322)
	at com.kms.katalon.core.main.TestCaseExecutor.processExecutionPhase(TestCaseExecutor.java:301)
	at com.kms.katalon.core.main.TestCaseExecutor.accessMainPhase(TestCaseExecutor.java:293)
	at com.kms.katalon.core.main.TestCaseExecutor.execute(TestCaseExecutor.java:227)
	at com.kms.katalon.core.main.TestCaseMain.runTestCase(TestCaseMain.java:114)
	at com.kms.katalon.core.keyword.builtin.CallTestCaseKeyword$_callTestCase_closure1.doCall(CallTestCaseKeyword.groovy:59)
	... 36 more
Caused by: com.kms.katalon.core.exception.StepFailedException: Unable to click on object 'Object Repository/Page_KiboPush  Dashboard/span_Broadcasting'
	at com.kms.katalon.core.webui.keyword.internal.WebUIKeywordMain.stepFailed(WebUIKeywordMain.groovy:64)
	at com.kms.katalon.core.webui.keyword.internal.WebUIKeywordMain.runKeyword(WebUIKeywordMain.groovy:26)
	at com.kms.katalon.core.webui.keyword.builtin.ClickKeyword.click(ClickKeyword.groovy:86)
	at com.kms.katalon.core.webui.keyword.builtin.ClickKeyword.execute(ClickKeyword.groovy:67)
	at com.kms.katalon.core.keyword.internal.KeywordExecutor.executeKeywordForPlatform(KeywordExecutor.groovy:56)
	at com.kms.katalon.core.webui.keyword.WebUiBuiltInKeywords.click(WebUiBuiltInKeywords.groovy:616)
	at com.kms.katalon.core.webui.keyword.WebUiBuiltInKeywords$click$2.call(Unknown Source)
	at Segment subsciber.run(Segment subsciber:24)
	at com.kms.katalon.core.main.ScriptEngine.run(ScriptEngine.java:194)
	at com.kms.katalon.core.main.ScriptEngine.runScriptAsRawText(ScriptEngine.java:119)
	at com.kms.katalon.core.main.TestCaseExecutor.runScript(TestCaseExecutor.java:331)
	at com.kms.katalon.core.main.TestCaseExecutor.doExecute(TestCaseExecutor.java:322)
	at com.kms.katalon.core.main.TestCaseExecutor.processExecutionPhase(TestCaseExecutor.java:301)
	at com.kms.katalon.core.main.TestCaseExecutor.accessMainPhase(TestCaseExecutor.java:293)
	at com.kms.katalon.core.main.TestCaseExecutor.execute(TestCaseExecutor.java:227)
	at com.kms.katalon.core.main.TestCaseMain.runTestCase(TestCaseMain.java:114)
	at com.kms.katalon.core.keyword.builtin.CallTestCaseKeyword$_callTestCase_closure1.doCall(CallTestCaseKeyword.groovy:59)
	... 52 more
Caused by: com.kms.katalon.core.webui.exception.WebElementNotFoundException: Web element with id: 'Object Repository/Page_KiboPush  Dashboard/span_Broadcasting' located by 'By.xpath: //span[(text() = 'Broadcasting' or . = 'Broadcasting')]' not found
	at com.kms.katalon.core.webui.common.WebUiCommonHelper.findWebElement(WebUiCommonHelper.java:1053)
	at com.kms.katalon.core.webui.keyword.internal.WebUIAbstractKeyword.findWebElement(WebUIAbstractKeyword.groovy:27)
	at com.kms.katalon.core.webui.keyword.internal.WebUIAbstractKeyword.findWebElement(WebUIAbstractKeyword.groovy:26)
	at com.kms.katalon.core.webui.keyword.builtin.ClickKeyword$_click_closure1.doCall(ClickKeyword.groovy:77)
	at com.kms.katalon.core.webui.keyword.builtin.ClickKeyword$_click_closure1.call(ClickKeyword.groovy)
	at com.kms.katalon.core.webui.keyword.internal.WebUIKeywordMain.runKeyword(WebUIKeywordMain.groovy:20)
	at com.kms.katalon.core.webui.keyword.builtin.ClickKeyword.click(ClickKeyword.groovy:86)
	at com.kms.katalon.core.webui.keyword.builtin.ClickKeyword.execute(ClickKeyword.groovy:67)
	at com.kms.katalon.core.keyword.internal.KeywordExecutor.executeKeywordForPlatform(KeywordExecutor.groovy:56)
	at com.kms.katalon.core.webui.keyword.WebUiBuiltInKeywords.click(WebUiBuiltInKeywords.groovy:616)
	at com.kms.katalon.core.webui.keyword.WebUiBuiltInKeywords$click$2.call(Unknown Source)
	at Script1537021633802.run(Script1537021633802.groovy:24)
	at com.kms.katalon.core.main.ScriptEngine.run(ScriptEngine.java:194)
	at com.kms.katalon.core.main.ScriptEngine.runScriptAsRawText(ScriptEngine.java:119)
	at com.kms.katalon.core.main.TestCaseExecutor.runScript(TestCaseExecutor.java:331)
	at com.kms.katalon.core.main.TestCaseExecutor.doExecute(TestCaseExecutor.java:322)
	at com.kms.katalon.core.main.TestCaseExecutor.processExecutionPhase(TestCaseExecutor.java:301)
	at com.kms.katalon.core.main.TestCaseExecutor.accessMainPhase(TestCaseExecutor.java:293)
	at com.kms.katalon.core.main.TestCaseExecutor.execute(TestCaseExecutor.java:227)
	at com.kms.katalon.core.main.TestCaseMain.runTestCase(TestCaseMain.java:114)
	at com.kms.katalon.core.keyword.builtin.CallTestCaseKeyword$_callTestCase_closure1.doCall(CallTestCaseKeyword.groovy:59)
	at com.kms.katalon.core.keyword.builtin.CallTestCaseKeyword$_callTestCase_closure1.call(CallTestCaseKeyword.groovy)
	at com.kms.katalon.core.keyword.internal.KeywordMain.runKeyword(KeywordMain.groovy:66)
	at com.kms.katalon.core.keyword.builtin.CallTestCaseKeyword.callTestCase(CallTestCaseKeyword.groovy:81)
	at com.kms.katalon.core.keyword.builtin.CallTestCaseKeyword.execute(CallTestCaseKeyword.groovy:44)
	at com.kms.katalon.core.keyword.internal.KeywordExecutor.executeKeywordForPlatform(KeywordExecutor.groovy:56)
	at com.kms.katalon.core.keyword.BuiltinKeywords.callTestCase(BuiltinKeywords.groovy:334)
	at Script1536563047854.run(Script1536563047854.groovy:30)
	at com.kms.katalon.core.main.ScriptEngine.run(ScriptEngine.java:194)
	at com.kms.katalon.core.main.ScriptEngine.runScriptAsRawText(ScriptEngine.java:119)
	at com.kms.katalon.core.main.TestCaseExecutor.runScript(TestCaseExecutor.java:331)
	at com.kms.katalon.core.main.TestCaseExecutor.doExecute(TestCaseExecutor.java:322)
	at com.kms.katalon.core.main.TestCaseExecutor.processExecutionPhase(TestCaseExecutor.java:301)
	at com.kms.katalon.core.main.TestCaseExecutor.accessMainPhase(TestCaseExecutor.java:293)
	at com.kms.katalon.core.main.TestCaseExecutor.execute(TestCaseExecutor.java:227)
	at com.kms.katalon.core.main.TestCaseMain.runTestCase(TestCaseMain.java:114)
	at com.kms.katalon.core.keyword.builtin.CallTestCaseKeyword$_callTestCase_closure1.doCall(CallTestCaseKeyword.groovy:59)
	at com.kms.katalon.core.keyword.builtin.CallTestCaseKeyword$_callTestCase_closure1.call(CallTestCaseKeyword.groovy)
	at com.kms.katalon.core.keyword.internal.KeywordMain.runKeyword(KeywordMain.groovy:66)
	at com.kms.katalon.core.keyword.builtin.CallTestCaseKeyword.callTestCase(CallTestCaseKeyword.groovy:81)
	at com.kms.katalon.core.keyword.builtin.CallTestCaseKeyword.execute(CallTestCaseKeyword.groovy:44)
	at com.kms.katalon.core.keyword.internal.KeywordExecutor.executeKeywordForPlatform(KeywordExecutor.groovy:56)
	at com.kms.katalon.core.keyword.BuiltinKeywords.callTestCase(BuiltinKeywords.groovy:334)
	at Script1536828708428.run(Script1536828708428.groovy:22)
	at com.kms.katalon.core.main.ScriptEngine.run(ScriptEngine.java:194)
	at com.kms.katalon.core.main.ScriptEngine.runScriptAsRawText(ScriptEngine.java:119)
	at com.kms.katalon.core.main.TestCaseExecutor.runScript(TestCaseExecutor.java:331)
	at com.kms.katalon.core.main.TestCaseExecutor.doExecute(TestCaseExecutor.java:322)
	at com.kms.katalon.core.main.TestCaseExecutor.processExecutionPhase(TestCaseExecutor.java:301)
	at com.kms.katalon.core.main.TestCaseExecutor.accessMainPhase(TestCaseExecutor.java:293)
	at com.kms.katalon.core.main.TestCaseExecutor.execute(TestCaseExecutor.java:227)
	at com.kms.katalon.core.main.TestCaseMain.runTestCase(TestCaseMain.java:114)
	at com.kms.katalon.core.keyword.builtin.CallTestCaseKeyword$_callTestCase_closure1.doCall(CallTestCaseKeyword.groovy:59)
	at com.kms.katalon.core.keyword.builtin.CallTestCaseKeyword$_callTestCase_closure1.call(CallTestCaseKeyword.groovy)
	at com.kms.katalon.core.keyword.internal.KeywordMain.runKeyword(KeywordMain.groovy:66)
	at com.kms.katalon.core.keyword.builtin.CallTestCaseKeyword.callTestCase(CallTestCaseKeyword.groovy:81)
	at com.kms.katalon.core.keyword.builtin.CallTestCaseKeyword.execute(CallTestCaseKeyword.groovy:44)
	at com.kms.katalon.core.keyword.internal.KeywordExecutor.executeKeywordForPlatform(KeywordExecutor.groovy:56)
	at com.kms.katalon.core.keyword.BuiltinKeywords.callTestCase(BuiltinKeywords.groovy:334)
	at Script1536829528699.run(Script1536829528699.groovy:23)
	... 13 more
)

2019-03-25 16:19:15 - [MESSAGE][FAILED] - callTestCase(findTestCase("Segment subscribers/TC0756"), [:], STOP_ON_FAILURE) FAILED.
Reason:
com.kms.katalon.core.exception.StepFailedException: Call Test Case 'Test Cases/Segment subscribers/TC0756' failed
	at com.kms.katalon.core.keyword.builtin.CallTestCaseKeyword$_callTestCase_closure1.doCall(CallTestCaseKeyword.groovy:63)
	at com.kms.katalon.core.keyword.builtin.CallTestCaseKeyword$_callTestCase_closure1.call(CallTestCaseKeyword.groovy)
	at com.kms.katalon.core.keyword.internal.KeywordMain.runKeyword(KeywordMain.groovy:66)
	at com.kms.katalon.core.keyword.builtin.CallTestCaseKeyword.callTestCase(CallTestCaseKeyword.groovy:81)
	at com.kms.katalon.core.keyword.builtin.CallTestCaseKeyword.execute(CallTestCaseKeyword.groovy:44)
	at com.kms.katalon.core.keyword.internal.KeywordExecutor.executeKeywordForPlatform(KeywordExecutor.groovy:56)
	at com.kms.katalon.core.keyword.BuiltinKeywords.callTestCase(BuiltinKeywords.groovy:334)
	at TC0758.run(TC0758:23)
	at com.kms.katalon.core.main.ScriptEngine.run(ScriptEngine.java:194)
	at com.kms.katalon.core.main.ScriptEngine.runScriptAsRawText(ScriptEngine.java:119)
	at com.kms.katalon.core.main.TestCaseExecutor.runScript(TestCaseExecutor.java:331)
	at com.kms.katalon.core.main.TestCaseExecutor.doExecute(TestCaseExecutor.java:322)
	at com.kms.katalon.core.main.TestCaseExecutor.processExecutionPhase(TestCaseExecutor.java:301)
	at com.kms.katalon.core.main.TestCaseExecutor.accessMainPhase(TestCaseExecutor.java:293)
	at com.kms.katalon.core.main.TestCaseExecutor.execute(TestCaseExecutor.java:227)
	at com.kms.katalon.core.main.TestSuiteExecutor.accessTestCaseMainPhase(TestSuiteExecutor.java:129)
	at com.kms.katalon.core.main.TestSuiteExecutor.accessTestSuiteMainPhase(TestSuiteExecutor.java:112)
	at com.kms.katalon.core.main.TestSuiteExecutor.execute(TestSuiteExecutor.java:81)
	at com.kms.katalon.core.main.TestCaseMain.startTestSuite(TestCaseMain.java:157)
	at com.kms.katalon.core.main.TestCaseMain$startTestSuite$0.call(Unknown Source)
	at TempTestSuite1553506926009.run(TempTestSuite1553506926009.groovy:35)
Caused by: com.kms.katalon.core.exception.StepFailedException: Call Test Case 'Test Cases/Segment subscribers/TC0708' failed
	at com.kms.katalon.core.keyword.builtin.CallTestCaseKeyword$_callTestCase_closure1.doCall(CallTestCaseKeyword.groovy:63)
	at com.kms.katalon.core.keyword.builtin.CallTestCaseKeyword$_callTestCase_closure1.call(CallTestCaseKeyword.groovy)
	at com.kms.katalon.core.keyword.internal.KeywordMain.runKeyword(KeywordMain.groovy:66)
	at com.kms.katalon.core.keyword.builtin.CallTestCaseKeyword.callTestCase(CallTestCaseKeyword.groovy:81)
	at com.kms.katalon.core.keyword.builtin.CallTestCaseKeyword.execute(CallTestCaseKeyword.groovy:44)
	at com.kms.katalon.core.keyword.internal.KeywordExecutor.executeKeywordForPlatform(KeywordExecutor.groovy:56)
	at com.kms.katalon.core.keyword.BuiltinKeywords.callTestCase(BuiltinKeywords.groovy:334)
	at TC0756.run(TC0756:22)
	at com.kms.katalon.core.main.ScriptEngine.run(ScriptEngine.java:194)
	at com.kms.katalon.core.main.ScriptEngine.runScriptAsRawText(ScriptEngine.java:119)
	at com.kms.katalon.core.main.TestCaseExecutor.runScript(TestCaseExecutor.java:331)
	at com.kms.katalon.core.main.TestCaseExecutor.doExecute(TestCaseExecutor.java:322)
	at com.kms.katalon.core.main.TestCaseExecutor.processExecutionPhase(TestCaseExecutor.java:301)
	at com.kms.katalon.core.main.TestCaseExecutor.accessMainPhase(TestCaseExecutor.java:293)
	at com.kms.katalon.core.main.TestCaseExecutor.execute(TestCaseExecutor.java:227)
	at com.kms.katalon.core.main.TestCaseMain.runTestCase(TestCaseMain.java:114)
	at com.kms.katalon.core.keyword.builtin.CallTestCaseKeyword$_callTestCase_closure1.doCall(CallTestCaseKeyword.groovy:59)
	... 20 more
Caused by: com.kms.katalon.core.exception.StepFailedException: Call Test Case 'Test Cases/s-sidebar_navigation/individualAccount/Segment subsciber' failed
	at com.kms.katalon.core.keyword.builtin.CallTestCaseKeyword$_callTestCase_closure1.doCall(CallTestCaseKeyword.groovy:63)
	at com.kms.katalon.core.keyword.builtin.CallTestCaseKeyword$_callTestCase_closure1.call(CallTestCaseKeyword.groovy)
	at com.kms.katalon.core.keyword.internal.KeywordMain.runKeyword(KeywordMain.groovy:66)
	at com.kms.katalon.core.keyword.builtin.CallTestCaseKeyword.callTestCase(CallTestCaseKeyword.groovy:81)
	at com.kms.katalon.core.keyword.builtin.CallTestCaseKeyword.execute(CallTestCaseKeyword.groovy:44)
	at com.kms.katalon.core.keyword.internal.KeywordExecutor.executeKeywordForPlatform(KeywordExecutor.groovy:56)
	at com.kms.katalon.core.keyword.BuiltinKeywords.callTestCase(BuiltinKeywords.groovy:334)
	at TC0708.run(TC0708:30)
	at com.kms.katalon.core.main.ScriptEngine.run(ScriptEngine.java:194)
	at com.kms.katalon.core.main.ScriptEngine.runScriptAsRawText(ScriptEngine.java:119)
	at com.kms.katalon.core.main.TestCaseExecutor.runScript(TestCaseExecutor.java:331)
	at com.kms.katalon.core.main.TestCaseExecutor.doExecute(TestCaseExecutor.java:322)
	at com.kms.katalon.core.main.TestCaseExecutor.processExecutionPhase(TestCaseExecutor.java:301)
	at com.kms.katalon.core.main.TestCaseExecutor.accessMainPhase(TestCaseExecutor.java:293)
	at com.kms.katalon.core.main.TestCaseExecutor.execute(TestCaseExecutor.java:227)
	at com.kms.katalon.core.main.TestCaseMain.runTestCase(TestCaseMain.java:114)
	at com.kms.katalon.core.keyword.builtin.CallTestCaseKeyword$_callTestCase_closure1.doCall(CallTestCaseKeyword.groovy:59)
	... 36 more
Caused by: com.kms.katalon.core.exception.StepFailedException: Unable to click on object 'Object Repository/Page_KiboPush  Dashboard/span_Broadcasting'
	at com.kms.katalon.core.webui.keyword.internal.WebUIKeywordMain.stepFailed(WebUIKeywordMain.groovy:64)
	at com.kms.katalon.core.webui.keyword.internal.WebUIKeywordMain.runKeyword(WebUIKeywordMain.groovy:26)
	at com.kms.katalon.core.webui.keyword.builtin.ClickKeyword.click(ClickKeyword.groovy:86)
	at com.kms.katalon.core.webui.keyword.builtin.ClickKeyword.execute(ClickKeyword.groovy:67)
	at com.kms.katalon.core.keyword.internal.KeywordExecutor.executeKeywordForPlatform(KeywordExecutor.groovy:56)
	at com.kms.katalon.core.webui.keyword.WebUiBuiltInKeywords.click(WebUiBuiltInKeywords.groovy:616)
	at com.kms.katalon.core.webui.keyword.WebUiBuiltInKeywords$click$2.call(Unknown Source)
	at Segment subsciber.run(Segment subsciber:24)
	at com.kms.katalon.core.main.ScriptEngine.run(ScriptEngine.java:194)
	at com.kms.katalon.core.main.ScriptEngine.runScriptAsRawText(ScriptEngine.java:119)
	at com.kms.katalon.core.main.TestCaseExecutor.runScript(TestCaseExecutor.java:331)
	at com.kms.katalon.core.main.TestCaseExecutor.doExecute(TestCaseExecutor.java:322)
	at com.kms.katalon.core.main.TestCaseExecutor.processExecutionPhase(TestCaseExecutor.java:301)
	at com.kms.katalon.core.main.TestCaseExecutor.accessMainPhase(TestCaseExecutor.java:293)
	at com.kms.katalon.core.main.TestCaseExecutor.execute(TestCaseExecutor.java:227)
	at com.kms.katalon.core.main.TestCaseMain.runTestCase(TestCaseMain.java:114)
	at com.kms.katalon.core.keyword.builtin.CallTestCaseKeyword$_callTestCase_closure1.doCall(CallTestCaseKeyword.groovy:59)
	... 52 more
Caused by: com.kms.katalon.core.webui.exception.WebElementNotFoundException: Web element with id: 'Object Repository/Page_KiboPush  Dashboard/span_Broadcasting' located by 'By.xpath: //span[(text() = 'Broadcasting' or . = 'Broadcasting')]' not found
	at com.kms.katalon.core.webui.common.WebUiCommonHelper.findWebElement(WebUiCommonHelper.java:1053)
	at com.kms.katalon.core.webui.keyword.internal.WebUIAbstractKeyword.findWebElement(WebUIAbstractKeyword.groovy:27)
	at com.kms.katalon.core.webui.keyword.internal.WebUIAbstractKeyword.findWebElement(WebUIAbstractKeyword.groovy:26)
	at com.kms.katalon.core.webui.keyword.builtin.ClickKeyword$_click_closure1.doCall(ClickKeyword.groovy:77)
	at com.kms.katalon.core.webui.keyword.builtin.ClickKeyword$_click_closure1.call(ClickKeyword.groovy)
	at com.kms.katalon.core.webui.keyword.internal.WebUIKeywordMain.runKeyword(WebUIKeywordMain.groovy:20)
	at com.kms.katalon.core.webui.keyword.builtin.ClickKeyword.click(ClickKeyword.groovy:86)
	at com.kms.katalon.core.webui.keyword.builtin.ClickKeyword.execute(ClickKeyword.groovy:67)
	at com.kms.katalon.core.keyword.internal.KeywordExecutor.executeKeywordForPlatform(KeywordExecutor.groovy:56)
	at com.kms.katalon.core.webui.keyword.WebUiBuiltInKeywords.click(WebUiBuiltInKeywords.groovy:616)
	at com.kms.katalon.core.webui.keyword.WebUiBuiltInKeywords$click$2.call(Unknown Source)
	at Script1537021633802.run(Script1537021633802.groovy:24)
	at com.kms.katalon.core.main.ScriptEngine.run(ScriptEngine.java:194)
	at com.kms.katalon.core.main.ScriptEngine.runScriptAsRawText(ScriptEngine.java:119)
	at com.kms.katalon.core.main.TestCaseExecutor.runScript(TestCaseExecutor.java:331)
	at com.kms.katalon.core.main.TestCaseExecutor.doExecute(TestCaseExecutor.java:322)
	at com.kms.katalon.core.main.TestCaseExecutor.processExecutionPhase(TestCaseExecutor.java:301)
	at com.kms.katalon.core.main.TestCaseExecutor.accessMainPhase(TestCaseExecutor.java:293)
	at com.kms.katalon.core.main.TestCaseExecutor.execute(TestCaseExecutor.java:227)
	at com.kms.katalon.core.main.TestCaseMain.runTestCase(TestCaseMain.java:114)
	at com.kms.katalon.core.keyword.builtin.CallTestCaseKeyword$_callTestCase_closure1.doCall(CallTestCaseKeyword.groovy:59)
	at com.kms.katalon.core.keyword.builtin.CallTestCaseKeyword$_callTestCase_closure1.call(CallTestCaseKeyword.groovy)
	at com.kms.katalon.core.keyword.internal.KeywordMain.runKeyword(KeywordMain.groovy:66)
	at com.kms.katalon.core.keyword.builtin.CallTestCaseKeyword.callTestCase(CallTestCaseKeyword.groovy:81)
	at com.kms.katalon.core.keyword.builtin.CallTestCaseKeyword.execute(CallTestCaseKeyword.groovy:44)
	at com.kms.katalon.core.keyword.internal.KeywordExecutor.executeKeywordForPlatform(KeywordExecutor.groovy:56)
	at com.kms.katalon.core.keyword.BuiltinKeywords.callTestCase(BuiltinKeywords.groovy:334)
	at Script1536563047854.run(Script1536563047854.groovy:30)
	at com.kms.katalon.core.main.ScriptEngine.run(ScriptEngine.java:194)
	at com.kms.katalon.core.main.ScriptEngine.runScriptAsRawText(ScriptEngine.java:119)
	at com.kms.katalon.core.main.TestCaseExecutor.runScript(TestCaseExecutor.java:331)
	at com.kms.katalon.core.main.TestCaseExecutor.doExecute(TestCaseExecutor.java:322)
	at com.kms.katalon.core.main.TestCaseExecutor.processExecutionPhase(TestCaseExecutor.java:301)
	at com.kms.katalon.core.main.TestCaseExecutor.accessMainPhase(TestCaseExecutor.java:293)
	at com.kms.katalon.core.main.TestCaseExecutor.execute(TestCaseExecutor.java:227)
	at com.kms.katalon.core.main.TestCaseMain.runTestCase(TestCaseMain.java:114)
	at com.kms.katalon.core.keyword.builtin.CallTestCaseKeyword$_callTestCase_closure1.doCall(CallTestCaseKeyword.groovy:59)
	at com.kms.katalon.core.keyword.builtin.CallTestCaseKeyword$_callTestCase_closure1.call(CallTestCaseKeyword.groovy)
	at com.kms.katalon.core.keyword.internal.KeywordMain.runKeyword(KeywordMain.groovy:66)
	at com.kms.katalon.core.keyword.builtin.CallTestCaseKeyword.callTestCase(CallTestCaseKeyword.groovy:81)
	at com.kms.katalon.core.keyword.builtin.CallTestCaseKeyword.execute(CallTestCaseKeyword.groovy:44)
	at com.kms.katalon.core.keyword.internal.KeywordExecutor.executeKeywordForPlatform(KeywordExecutor.groovy:56)
	at com.kms.katalon.core.keyword.BuiltinKeywords.callTestCase(BuiltinKeywords.groovy:334)
	at Script1536828708428.run(Script1536828708428.groovy:22)
	at com.kms.katalon.core.main.ScriptEngine.run(ScriptEngine.java:194)
	at com.kms.katalon.core.main.ScriptEngine.runScriptAsRawText(ScriptEngine.java:119)
	at com.kms.katalon.core.main.TestCaseExecutor.runScript(TestCaseExecutor.java:331)
	at com.kms.katalon.core.main.TestCaseExecutor.doExecute(TestCaseExecutor.java:322)
	at com.kms.katalon.core.main.TestCaseExecutor.processExecutionPhase(TestCaseExecutor.java:301)
	at com.kms.katalon.core.main.TestCaseExecutor.accessMainPhase(TestCaseExecutor.java:293)
	at com.kms.katalon.core.main.TestCaseExecutor.execute(TestCaseExecutor.java:227)
	at com.kms.katalon.core.main.TestCaseMain.runTestCase(TestCaseMain.java:114)
	at com.kms.katalon.core.keyword.builtin.CallTestCaseKeyword$_callTestCase_closure1.doCall(CallTestCaseKeyword.groovy:59)
	at com.kms.katalon.core.keyword.builtin.CallTestCaseKeyword$_callTestCase_closure1.call(CallTestCaseKeyword.groovy)
	at com.kms.katalon.core.keyword.internal.KeywordMain.runKeyword(KeywordMain.groovy:66)
	at com.kms.katalon.core.keyword.builtin.CallTestCaseKeyword.callTestCase(CallTestCaseKeyword.groovy:81)
	at com.kms.katalon.core.keyword.builtin.CallTestCaseKeyword.execute(CallTestCaseKeyword.groovy:44)
	at com.kms.katalon.core.keyword.internal.KeywordExecutor.executeKeywordForPlatform(KeywordExecutor.groovy:56)
	at com.kms.katalon.core.keyword.BuiltinKeywords.callTestCase(BuiltinKeywords.groovy:334)
	at Script1536829528699.run(Script1536829528699.groovy:23)
	... 13 more]]></system-out>
         <system-err><![CDATA[2019-03-25 16:17:34 - [TEST_CASE][FAILED] - Test Cases/Segment subscribers/TC0758: Test Cases/Segment subscribers/TC0758 FAILED.
Reason:
com.kms.katalon.core.exception.StepFailedException: Call Test Case 'Test Cases/Segment subscribers/TC0756' failed
	at com.kms.katalon.core.keyword.builtin.CallTestCaseKeyword$_callTestCase_closure1.doCall(CallTestCaseKeyword.groovy:63)
	at com.kms.katalon.core.keyword.builtin.CallTestCaseKeyword$_callTestCase_closure1.call(CallTestCaseKeyword.groovy)
	at com.kms.katalon.core.keyword.internal.KeywordMain.runKeyword(KeywordMain.groovy:66)
	at com.kms.katalon.core.keyword.builtin.CallTestCaseKeyword.callTestCase(CallTestCaseKeyword.groovy:81)
	at com.kms.katalon.core.keyword.builtin.CallTestCaseKeyword.execute(CallTestCaseKeyword.groovy:44)
	at com.kms.katalon.core.keyword.internal.KeywordExecutor.executeKeywordForPlatform(KeywordExecutor.groovy:56)
	at com.kms.katalon.core.keyword.BuiltinKeywords.callTestCase(BuiltinKeywords.groovy:334)
	at TC0758.run(TC0758:23)
	at com.kms.katalon.core.main.ScriptEngine.run(ScriptEngine.java:194)
	at com.kms.katalon.core.main.ScriptEngine.runScriptAsRawText(ScriptEngine.java:119)
	at com.kms.katalon.core.main.TestCaseExecutor.runScript(TestCaseExecutor.java:331)
	at com.kms.katalon.core.main.TestCaseExecutor.doExecute(TestCaseExecutor.java:322)
	at com.kms.katalon.core.main.TestCaseExecutor.processExecutionPhase(TestCaseExecutor.java:301)
	at com.kms.katalon.core.main.TestCaseExecutor.accessMainPhase(TestCaseExecutor.java:293)
	at com.kms.katalon.core.main.TestCaseExecutor.execute(TestCaseExecutor.java:227)
	at com.kms.katalon.core.main.TestSuiteExecutor.accessTestCaseMainPhase(TestSuiteExecutor.java:129)
	at com.kms.katalon.core.main.TestSuiteExecutor.accessTestSuiteMainPhase(TestSuiteExecutor.java:112)
	at com.kms.katalon.core.main.TestSuiteExecutor.execute(TestSuiteExecutor.java:81)
	at com.kms.katalon.core.main.TestCaseMain.startTestSuite(TestCaseMain.java:157)
	at com.kms.katalon.core.main.TestCaseMain$startTestSuite$0.call(Unknown Source)
	at TempTestSuite1553506926009.run(TempTestSuite1553506926009.groovy:35)
Caused by: com.kms.katalon.core.exception.StepFailedException: Call Test Case 'Test Cases/Segment subscribers/TC0708' failed
	at com.kms.katalon.core.keyword.builtin.CallTestCaseKeyword$_callTestCase_closure1.doCall(CallTestCaseKeyword.groovy:63)
	at com.kms.katalon.core.keyword.builtin.CallTestCaseKeyword$_callTestCase_closure1.call(CallTestCaseKeyword.groovy)
	at com.kms.katalon.core.keyword.internal.KeywordMain.runKeyword(KeywordMain.groovy:66)
	at com.kms.katalon.core.keyword.builtin.CallTestCaseKeyword.callTestCase(CallTestCaseKeyword.groovy:81)
	at com.kms.katalon.core.keyword.builtin.CallTestCaseKeyword.execute(CallTestCaseKeyword.groovy:44)
	at com.kms.katalon.core.keyword.internal.KeywordExecutor.executeKeywordForPlatform(KeywordExecutor.groovy:56)
	at com.kms.katalon.core.keyword.BuiltinKeywords.callTestCase(BuiltinKeywords.groovy:334)
	at TC0756.run(TC0756:22)
	at com.kms.katalon.core.main.ScriptEngine.run(ScriptEngine.java:194)
	at com.kms.katalon.core.main.ScriptEngine.runScriptAsRawText(ScriptEngine.java:119)
	at com.kms.katalon.core.main.TestCaseExecutor.runScript(TestCaseExecutor.java:331)
	at com.kms.katalon.core.main.TestCaseExecutor.doExecute(TestCaseExecutor.java:322)
	at com.kms.katalon.core.main.TestCaseExecutor.processExecutionPhase(TestCaseExecutor.java:301)
	at com.kms.katalon.core.main.TestCaseExecutor.accessMainPhase(TestCaseExecutor.java:293)
	at com.kms.katalon.core.main.TestCaseExecutor.execute(TestCaseExecutor.java:227)
	at com.kms.katalon.core.main.TestCaseMain.runTestCase(TestCaseMain.java:114)
	at com.kms.katalon.core.keyword.builtin.CallTestCaseKeyword$_callTestCase_closure1.doCall(CallTestCaseKeyword.groovy:59)
	... 20 more
Caused by: com.kms.katalon.core.exception.StepFailedException: Call Test Case 'Test Cases/s-sidebar_navigation/individualAccount/Segment subsciber' failed
	at com.kms.katalon.core.keyword.builtin.CallTestCaseKeyword$_callTestCase_closure1.doCall(CallTestCaseKeyword.groovy:63)
	at com.kms.katalon.core.keyword.builtin.CallTestCaseKeyword$_callTestCase_closure1.call(CallTestCaseKeyword.groovy)
	at com.kms.katalon.core.keyword.internal.KeywordMain.runKeyword(KeywordMain.groovy:66)
	at com.kms.katalon.core.keyword.builtin.CallTestCaseKeyword.callTestCase(CallTestCaseKeyword.groovy:81)
	at com.kms.katalon.core.keyword.builtin.CallTestCaseKeyword.execute(CallTestCaseKeyword.groovy:44)
	at com.kms.katalon.core.keyword.internal.KeywordExecutor.executeKeywordForPlatform(KeywordExecutor.groovy:56)
	at com.kms.katalon.core.keyword.BuiltinKeywords.callTestCase(BuiltinKeywords.groovy:334)
	at TC0708.run(TC0708:30)
	at com.kms.katalon.core.main.ScriptEngine.run(ScriptEngine.java:194)
	at com.kms.katalon.core.main.ScriptEngine.runScriptAsRawText(ScriptEngine.java:119)
	at com.kms.katalon.core.main.TestCaseExecutor.runScript(TestCaseExecutor.java:331)
	at com.kms.katalon.core.main.TestCaseExecutor.doExecute(TestCaseExecutor.java:322)
	at com.kms.katalon.core.main.TestCaseExecutor.processExecutionPhase(TestCaseExecutor.java:301)
	at com.kms.katalon.core.main.TestCaseExecutor.accessMainPhase(TestCaseExecutor.java:293)
	at com.kms.katalon.core.main.TestCaseExecutor.execute(TestCaseExecutor.java:227)
	at com.kms.katalon.core.main.TestCaseMain.runTestCase(TestCaseMain.java:114)
	at com.kms.katalon.core.keyword.builtin.CallTestCaseKeyword$_callTestCase_closure1.doCall(CallTestCaseKeyword.groovy:59)
	... 36 more
Caused by: com.kms.katalon.core.exception.StepFailedException: Unable to click on object 'Object Repository/Page_KiboPush  Dashboard/span_Broadcasting'
	at com.kms.katalon.core.webui.keyword.internal.WebUIKeywordMain.stepFailed(WebUIKeywordMain.groovy:64)
	at com.kms.katalon.core.webui.keyword.internal.WebUIKeywordMain.runKeyword(WebUIKeywordMain.groovy:26)
	at com.kms.katalon.core.webui.keyword.builtin.ClickKeyword.click(ClickKeyword.groovy:86)
	at com.kms.katalon.core.webui.keyword.builtin.ClickKeyword.execute(ClickKeyword.groovy:67)
	at com.kms.katalon.core.keyword.internal.KeywordExecutor.executeKeywordForPlatform(KeywordExecutor.groovy:56)
	at com.kms.katalon.core.webui.keyword.WebUiBuiltInKeywords.click(WebUiBuiltInKeywords.groovy:616)
	at com.kms.katalon.core.webui.keyword.WebUiBuiltInKeywords$click$2.call(Unknown Source)
	at Segment subsciber.run(Segment subsciber:24)
	at com.kms.katalon.core.main.ScriptEngine.run(ScriptEngine.java:194)
	at com.kms.katalon.core.main.ScriptEngine.runScriptAsRawText(ScriptEngine.java:119)
	at com.kms.katalon.core.main.TestCaseExecutor.runScript(TestCaseExecutor.java:331)
	at com.kms.katalon.core.main.TestCaseExecutor.doExecute(TestCaseExecutor.java:322)
	at com.kms.katalon.core.main.TestCaseExecutor.processExecutionPhase(TestCaseExecutor.java:301)
	at com.kms.katalon.core.main.TestCaseExecutor.accessMainPhase(TestCaseExecutor.java:293)
	at com.kms.katalon.core.main.TestCaseExecutor.execute(TestCaseExecutor.java:227)
	at com.kms.katalon.core.main.TestCaseMain.runTestCase(TestCaseMain.java:114)
	at com.kms.katalon.core.keyword.builtin.CallTestCaseKeyword$_callTestCase_closure1.doCall(CallTestCaseKeyword.groovy:59)
	... 52 more
Caused by: com.kms.katalon.core.webui.exception.WebElementNotFoundException: Web element with id: 'Object Repository/Page_KiboPush  Dashboard/span_Broadcasting' located by 'By.xpath: //span[(text() = 'Broadcasting' or . = 'Broadcasting')]' not found
	at com.kms.katalon.core.webui.common.WebUiCommonHelper.findWebElement(WebUiCommonHelper.java:1053)
	at com.kms.katalon.core.webui.keyword.internal.WebUIAbstractKeyword.findWebElement(WebUIAbstractKeyword.groovy:27)
	at com.kms.katalon.core.webui.keyword.internal.WebUIAbstractKeyword.findWebElement(WebUIAbstractKeyword.groovy:26)
	at com.kms.katalon.core.webui.keyword.builtin.ClickKeyword$_click_closure1.doCall(ClickKeyword.groovy:77)
	at com.kms.katalon.core.webui.keyword.builtin.ClickKeyword$_click_closure1.call(ClickKeyword.groovy)
	at com.kms.katalon.core.webui.keyword.internal.WebUIKeywordMain.runKeyword(WebUIKeywordMain.groovy:20)
	at com.kms.katalon.core.webui.keyword.builtin.ClickKeyword.click(ClickKeyword.groovy:86)
	at com.kms.katalon.core.webui.keyword.builtin.ClickKeyword.execute(ClickKeyword.groovy:67)
	at com.kms.katalon.core.keyword.internal.KeywordExecutor.executeKeywordForPlatform(KeywordExecutor.groovy:56)
	at com.kms.katalon.core.webui.keyword.WebUiBuiltInKeywords.click(WebUiBuiltInKeywords.groovy:616)
	at com.kms.katalon.core.webui.keyword.WebUiBuiltInKeywords$click$2.call(Unknown Source)
	at Script1537021633802.run(Script1537021633802.groovy:24)
	at com.kms.katalon.core.main.ScriptEngine.run(ScriptEngine.java:194)
	at com.kms.katalon.core.main.ScriptEngine.runScriptAsRawText(ScriptEngine.java:119)
	at com.kms.katalon.core.main.TestCaseExecutor.runScript(TestCaseExecutor.java:331)
	at com.kms.katalon.core.main.TestCaseExecutor.doExecute(TestCaseExecutor.java:322)
	at com.kms.katalon.core.main.TestCaseExecutor.processExecutionPhase(TestCaseExecutor.java:301)
	at com.kms.katalon.core.main.TestCaseExecutor.accessMainPhase(TestCaseExecutor.java:293)
	at com.kms.katalon.core.main.TestCaseExecutor.execute(TestCaseExecutor.java:227)
	at com.kms.katalon.core.main.TestCaseMain.runTestCase(TestCaseMain.java:114)
	at com.kms.katalon.core.keyword.builtin.CallTestCaseKeyword$_callTestCase_closure1.doCall(CallTestCaseKeyword.groovy:59)
	at com.kms.katalon.core.keyword.builtin.CallTestCaseKeyword$_callTestCase_closure1.call(CallTestCaseKeyword.groovy)
	at com.kms.katalon.core.keyword.internal.KeywordMain.runKeyword(KeywordMain.groovy:66)
	at com.kms.katalon.core.keyword.builtin.CallTestCaseKeyword.callTestCase(CallTestCaseKeyword.groovy:81)
	at com.kms.katalon.core.keyword.builtin.CallTestCaseKeyword.execute(CallTestCaseKeyword.groovy:44)
	at com.kms.katalon.core.keyword.internal.KeywordExecutor.executeKeywordForPlatform(KeywordExecutor.groovy:56)
	at com.kms.katalon.core.keyword.BuiltinKeywords.callTestCase(BuiltinKeywords.groovy:334)
	at Script1536563047854.run(Script1536563047854.groovy:30)
	at com.kms.katalon.core.main.ScriptEngine.run(ScriptEngine.java:194)
	at com.kms.katalon.core.main.ScriptEngine.runScriptAsRawText(ScriptEngine.java:119)
	at com.kms.katalon.core.main.TestCaseExecutor.runScript(TestCaseExecutor.java:331)
	at com.kms.katalon.core.main.TestCaseExecutor.doExecute(TestCaseExecutor.java:322)
	at com.kms.katalon.core.main.TestCaseExecutor.processExecutionPhase(TestCaseExecutor.java:301)
	at com.kms.katalon.core.main.TestCaseExecutor.accessMainPhase(TestCaseExecutor.java:293)
	at com.kms.katalon.core.main.TestCaseExecutor.execute(TestCaseExecutor.java:227)
	at com.kms.katalon.core.main.TestCaseMain.runTestCase(TestCaseMain.java:114)
	at com.kms.katalon.core.keyword.builtin.CallTestCaseKeyword$_callTestCase_closure1.doCall(CallTestCaseKeyword.groovy:59)
	at com.kms.katalon.core.keyword.builtin.CallTestCaseKeyword$_callTestCase_closure1.call(CallTestCaseKeyword.groovy)
	at com.kms.katalon.core.keyword.internal.KeywordMain.runKeyword(KeywordMain.groovy:66)
	at com.kms.katalon.core.keyword.builtin.CallTestCaseKeyword.callTestCase(CallTestCaseKeyword.groovy:81)
	at com.kms.katalon.core.keyword.builtin.CallTestCaseKeyword.execute(CallTestCaseKeyword.groovy:44)
	at com.kms.katalon.core.keyword.internal.KeywordExecutor.executeKeywordForPlatform(KeywordExecutor.groovy:56)
	at com.kms.katalon.core.keyword.BuiltinKeywords.callTestCase(BuiltinKeywords.groovy:334)
	at Script1536828708428.run(Script1536828708428.groovy:22)
	at com.kms.katalon.core.main.ScriptEngine.run(ScriptEngine.java:194)
	at com.kms.katalon.core.main.ScriptEngine.runScriptAsRawText(ScriptEngine.java:119)
	at com.kms.katalon.core.main.TestCaseExecutor.runScript(TestCaseExecutor.java:331)
	at com.kms.katalon.core.main.TestCaseExecutor.doExecute(TestCaseExecutor.java:322)
	at com.kms.katalon.core.main.TestCaseExecutor.processExecutionPhase(TestCaseExecutor.java:301)
	at com.kms.katalon.core.main.TestCaseExecutor.accessMainPhase(TestCaseExecutor.java:293)
	at com.kms.katalon.core.main.TestCaseExecutor.execute(TestCaseExecutor.java:227)
	at com.kms.katalon.core.main.TestCaseMain.runTestCase(TestCaseMain.java:114)
	at com.kms.katalon.core.keyword.builtin.CallTestCaseKeyword$_callTestCase_closure1.doCall(CallTestCaseKeyword.groovy:59)
	at com.kms.katalon.core.keyword.builtin.CallTestCaseKeyword$_callTestCase_closure1.call(CallTestCaseKeyword.groovy)
	at com.kms.katalon.core.keyword.internal.KeywordMain.runKeyword(KeywordMain.groovy:66)
	at com.kms.katalon.core.keyword.builtin.CallTestCaseKeyword.callTestCase(CallTestCaseKeyword.groovy:81)
	at com.kms.katalon.core.keyword.builtin.CallTestCaseKeyword.execute(CallTestCaseKeyword.groovy:44)
	at com.kms.katalon.core.keyword.internal.KeywordExecutor.executeKeywordForPlatform(KeywordExecutor.groovy:56)
	at com.kms.katalon.core.keyword.BuiltinKeywords.callTestCase(BuiltinKeywords.groovy:334)
	at Script1536829528699.run(Script1536829528699.groovy:23)
	... 13 more]]></system-err>
      </testcase>
      <testcase name="Test Cases/Segment subscribers/TC0759" classname="Test Cases/Segment subscribers/TC0759" status="PASSED">
         <system-out><![CDATA[2019-03-25 16:19:15 - [TEST_CASE][PASSED] - Test Cases/Segment subscribers/TC0759: Test Cases/Segment subscribers/TC0759

2019-03-25 16:19:15 - [TEST_STEP][PASSED] - callTestCase(findTestCase("Segment subscribers/TC0708"), [:], STOP_ON_FAILURE): Call Test Case 'Test Cases/Segment subscribers/TC0708' successfully

2019-03-25 16:19:15 - [TEST_CASE][PASSED] - Test Cases/Segment subscribers/TC0708: Test Cases/Segment subscribers/TC0708

2019-03-25 16:19:15 - [TEST_STEP][PASSED] - callTestCase(findTestCase("s-sidebar_navigation/individualAccount/Segment subsciber"), [:], STOP_ON_FAILURE): Call Test Case 'Test Cases/s-sidebar_navigation/individualAccount/Segment subsciber' successfully

2019-03-25 16:19:15 - [TEST_CASE][PASSED] - Test Cases/s-sidebar_navigation/individualAccount/Segment subsciber: Test Cases/s-sidebar_navigation/individualAccount/Segment subsciber

2019-03-25 16:19:15 - [TEST_STEP][PASSED] - callTestCase(findTestCase("s-sidebar_navigation/individualAccount/Login-KiboEngage"), [:], STOP_ON_FAILURE): Call Test Case 'Test Cases/s-sidebar_navigation/individualAccount/Login-KiboEngage' successfully

2019-03-25 16:19:15 - [TEST_CASE][PASSED] - Test Cases/s-sidebar_navigation/individualAccount/Login-KiboEngage: Test Cases/s-sidebar_navigation/individualAccount/Login-KiboEngage

2019-03-25 16:19:15 - [TEST_STEP][PASSED] - openBrowser(""): Browser is opened with url: ''

2019-03-25 16:19:15 - [MESSAGE][WARNING] - A browser is already opened. Closing browser and opening a new one

2019-03-25 16:19:15 - [MESSAGE][INFO] - Starting 'Chrome' driver

2019-03-25 16:19:16 - [MESSAGE][PASSED] - Browser is opened with url: ''

2019-03-25 16:19:16 - [TEST_STEP][PASSED] - maximizeWindow(): Current window maximized

2019-03-25 16:19:16 - [MESSAGE][PASSED] - Current window maximized

2019-03-25 16:19:16 - [TEST_STEP][PASSED] - navigateToUrl("https://kiboengage.cloudkibo.com/"): Navigate to 'https://kiboengage.cloudkibo.com/' successfully

2019-03-25 16:20:19 - [MESSAGE][PASSED] - Navigate to 'https://kiboengage.cloudkibo.com/' successfully

2019-03-25 16:20:19 - [TEST_STEP][PASSED] - navigateToUrl("https://accounts.cloudkibo.com/?continue=https://kiboengage.cloudkibo.com"): Navigate to 'https://accounts.cloudkibo.com/?continue=https://kiboengage.cloudkibo.com' successfully

2019-03-25 16:20:19 - [MESSAGE][PASSED] - Navigate to 'https://accounts.cloudkibo.com/?continue=https://kiboengage.cloudkibo.com' successfully

2019-03-25 16:20:19 - [TEST_STEP][PASSED] - click(findTestObject("Page_KiboPush/a_Login (9) (1)")): Object: 'Object Repository/Page_KiboPush/a_Login (9) (1)' is clicked on

2019-03-25 16:20:20 - [MESSAGE][PASSED] - Object: 'Object Repository/Page_KiboPush/a_Login (9) (1)' is clicked on

2019-03-25 16:20:20 - [TEST_STEP][PASSED] - setText(findTestObject("Page_KiboPush/input_email (10) (1)"), "individual@cloudkibo.com"): Text 'individual@cloudkibo.com' is set on object 'Object Repository/Page_KiboPush/input_email (10) (1)'

2019-03-25 16:20:20 - [MESSAGE][PASSED] - Text 'individual@cloudkibo.com' is set on object 'Object Repository/Page_KiboPush/input_email (10) (1)'

2019-03-25 16:20:20 - [TEST_STEP][PASSED] - setEncryptedText(findTestObject("Page_KiboPush/input_password (9) (1)"), "RigbBhfdqOBGNlJIWM1ClA=="): Text ****** has been set on object 'Object Repository/Page_KiboPush/input_password (9) (1)'

2019-03-25 16:20:20 - [MESSAGE][PASSED] - Text ****** has been set on object 'Object Repository/Page_KiboPush/input_password (9) (1)'

2019-03-25 16:20:20 - [TEST_STEP][PASSED] - click(findTestObject("Page_KiboPush/button_Sign In (10) (1)")): Object: 'Object Repository/Page_KiboPush/button_Sign In (10) (1)' is clicked on

2019-03-25 16:20:20 - [MESSAGE][PASSED] - Object: 'Object Repository/Page_KiboPush/button_Sign In (10) (1)' is clicked on

2019-03-25 16:20:20 - [TEST_STEP][PASSED] - navigateToUrl("https://kiboengage.cloudkibo.com/dashboard"): Navigate to 'https://kiboengage.cloudkibo.com/dashboard' successfully

2019-03-25 16:20:45 - [MESSAGE][PASSED] - Navigate to 'https://kiboengage.cloudkibo.com/dashboard' successfully

2019-03-25 16:20:45 - [TEST_STEP][PASSED] - click(findTestObject("Object Repository/Page_KiboPush  Dashboard/h3_Dashboard (57)")): Object: 'Object Repository/Page_KiboPush  Dashboard/h3_Dashboard (57)' is clicked on

2019-03-25 16:20:46 - [MESSAGE][PASSED] - Object: 'Object Repository/Page_KiboPush  Dashboard/h3_Dashboard (57)' is clicked on

2019-03-25 16:20:46 - [TEST_STEP][PASSED] - delay(3): Delayed 3 second(s)

2019-03-25 16:20:49 - [MESSAGE][PASSED] - Delayed 3 second(s)

2019-03-25 16:20:49 - [MESSAGE][PASSED] - Call Test Case 'Test Cases/s-sidebar_navigation/individualAccount/Login-KiboEngage' successfully

2019-03-25 16:20:49 - [TEST_STEP][PASSED] - click(findTestObject("Page_KiboPush  Dashboard/span_Broadcasting")): Object: 'Object Repository/Page_KiboPush  Dashboard/span_Broadcasting' is clicked on

2019-03-25 16:20:49 - [MESSAGE][PASSED] - Object: 'Object Repository/Page_KiboPush  Dashboard/span_Broadcasting' is clicked on

2019-03-25 16:20:49 - [TEST_STEP][PASSED] - delay(1): Delayed 1 second(s)

2019-03-25 16:20:50 - [MESSAGE][PASSED] - Delayed 1 second(s)

2019-03-25 16:20:50 - [TEST_STEP][PASSED] - click(findTestObject("Page_KiboPush  Dashboard/span_Segment Subscribers")): Object: 'Object Repository/Page_KiboPush  Dashboard/span_Segment Subscribers' is clicked on

2019-03-25 16:20:50 - [MESSAGE][PASSED] - Object: 'Object Repository/Page_KiboPush  Dashboard/span_Segment Subscribers' is clicked on

2019-03-25 16:20:50 - [TEST_STEP][PASSED] - click(findTestObject("Page_KiboPush  Dashboard/h3_Subscribers Segmentation Li")): Object: 'Object Repository/Page_KiboPush  Dashboard/h3_Subscribers Segmentation Li' is clicked on

2019-03-25 16:20:50 - [MESSAGE][PASSED] - Object: 'Object Repository/Page_KiboPush  Dashboard/h3_Subscribers Segmentation Li' is clicked on

2019-03-25 16:20:50 - [TEST_STEP][PASSED] - delay(1): Delayed 1 second(s)

2019-03-25 16:20:51 - [MESSAGE][PASSED] - Delayed 1 second(s)

2019-03-25 16:20:51 - [MESSAGE][PASSED] - Call Test Case 'Test Cases/s-sidebar_navigation/individualAccount/Segment subsciber' successfully

2019-03-25 16:20:51 - [TEST_STEP][PASSED] - delay(2): Delayed 2 second(s)

2019-03-25 16:20:53 - [MESSAGE][PASSED] - Delayed 2 second(s)

2019-03-25 16:20:53 - [TEST_STEP][PASSED] - driver = getWebDriver(): null

2019-03-25 16:20:53 - [TEST_STEP][PASSED] - rows_table = driver.findElements(By.xpath("//table/tbody/tr")): null

2019-03-25 16:20:53 - [TEST_STEP][PASSED] - println(rows_table.size()): null

2019-03-25 16:20:53 - [TEST_STEP][PASSED] - verifyGreaterThanOrEqual(rows_table.size(), 1): Actual number '10' is greater than or equal to expected number '1'

2019-03-25 16:20:53 - [MESSAGE][PASSED] - Actual number '10' is greater than or equal to expected number '1'

2019-03-25 16:20:53 - [MESSAGE][PASSED] - Call Test Case 'Test Cases/Segment subscribers/TC0708' successfully

2019-03-25 16:20:53 - [TEST_STEP][PASSED] - delay(3): Delayed 3 second(s)

2019-03-25 16:20:56 - [MESSAGE][PASSED] - Delayed 3 second(s)

2019-03-25 16:20:56 - [TEST_STEP][PASSED] - click(findTestObject("Object Repository/Page_KiboEngage  Segmented Lists/button_Delete")): Object: 'Object Repository/Page_KiboEngage  Segmented Lists/button_Delete' is clicked on

2019-03-25 16:20:56 - [MESSAGE][PASSED] - Object: 'Object Repository/Page_KiboEngage  Segmented Lists/button_Delete' is clicked on

2019-03-25 16:20:56 - [TEST_STEP][PASSED] - click(findTestObject("Object Repository/Page_KiboEngage  Segmented Lists/button_delete_1")): Object: 'Object Repository/Page_KiboEngage  Segmented Lists/button_delete_1' is clicked on

2019-03-25 16:20:56 - [MESSAGE][PASSED] - Object: 'Object Repository/Page_KiboEngage  Segmented Lists/button_delete_1' is clicked on

2019-03-25 16:20:56 - [TEST_STEP][PASSED] - click(findTestObject("Object Repository/Page_KiboEngage  Segmented Lists/div_List deleted")): Object: 'Object Repository/Page_KiboEngage  Segmented Lists/div_List deleted' is clicked on

2019-03-25 16:20:57 - [MESSAGE][PASSED] - Object: 'Object Repository/Page_KiboEngage  Segmented Lists/div_List deleted' is clicked on]]></system-out>
         <system-err><![CDATA[]]></system-err>
      </testcase>
      <system-out><![CDATA[2019-03-25 15:38:39 - [TEST_SUITE][FAILED] - segmentSubscriber: Test Cases/Segment subscribers/TC0723 FAILED.
Reason:
com.kms.katalon.core.exception.StepFailedException: Unable to select option by value 'Test4' of object 'Object Repository/Page_KiboEngage  Create Sublist/select_Select a PageTest4Test1Test_kibo'  using regular expression
	at com.kms.katalon.core.webui.keyword.internal.WebUIKeywordMain.stepFailed(WebUIKeywordMain.groovy:64)
	at com.kms.katalon.core.webui.keyword.internal.WebUIKeywordMain.runKeyword(WebUIKeywordMain.groovy:26)
	at com.kms.katalon.core.webui.keyword.builtin.SelectOptionByValueKeyword.selectOptionByValue(SelectOptionByValueKeyword.groovy:99)
	at com.kms.katalon.core.webui.keyword.builtin.SelectOptionByValueKeyword.execute(SelectOptionByValueKeyword.groovy:71)
	at com.kms.katalon.core.keyword.internal.KeywordExecutor.executeKeywordForPlatform(KeywordExecutor.groovy:56)
	at com.kms.katalon.core.webui.keyword.WebUiBuiltInKeywords.selectOptionByValue(WebUiBuiltInKeywords.groovy:1138)
	at com.kms.katalon.core.webui.keyword.WebUiBuiltInKeywords$selectOptionByValue$7.call(Unknown Source)
	at TC0723.run(TC0723:36)
	at com.kms.katalon.core.main.ScriptEngine.run(ScriptEngine.java:194)
	at com.kms.katalon.core.main.ScriptEngine.runScriptAsRawText(ScriptEngine.java:119)
	at com.kms.katalon.core.main.TestCaseExecutor.runScript(TestCaseExecutor.java:331)
	at com.kms.katalon.core.main.TestCaseExecutor.doExecute(TestCaseExecutor.java:322)
	at com.kms.katalon.core.main.TestCaseExecutor.processExecutionPhase(TestCaseExecutor.java:301)
	at com.kms.katalon.core.main.TestCaseExecutor.accessMainPhase(TestCaseExecutor.java:293)
	at com.kms.katalon.core.main.TestCaseExecutor.execute(TestCaseExecutor.java:227)
	at com.kms.katalon.core.main.TestSuiteExecutor.accessTestCaseMainPhase(TestSuiteExecutor.java:129)
	at com.kms.katalon.core.main.TestSuiteExecutor.accessTestSuiteMainPhase(TestSuiteExecutor.java:112)
	at com.kms.katalon.core.main.TestSuiteExecutor.execute(TestSuiteExecutor.java:81)
	at com.kms.katalon.core.main.TestCaseMain.startTestSuite(TestCaseMain.java:157)
	at com.kms.katalon.core.main.TestCaseMain$startTestSuite$0.call(Unknown Source)
	at TempTestSuite1553506926009.run(TempTestSuite1553506926009.groovy:35)
Caused by: com.kms.katalon.core.webui.exception.WebElementNotFoundException: Web element with id: 'Object Repository/Page_KiboEngage  Create Sublist/select_Select a PageTest4Test1Test_kibo' located by 'By.xpath: //select[(text() = 'Select a PageTest4Test1Test_kibo' or . = 'Select a PageTest4Test1Test_kibo')]' not found
	at com.kms.katalon.core.webui.common.WebUiCommonHelper.findWebElement(WebUiCommonHelper.java:1053)
	at com.kms.katalon.core.webui.keyword.internal.WebUIAbstractKeyword.findWebElement(WebUIAbstractKeyword.groovy:27)
	at com.kms.katalon.core.webui.keyword.internal.WebUIAbstractKeyword.findWebElement(WebUIAbstractKeyword.groovy:26)
	at com.kms.katalon.core.webui.keyword.builtin.SelectOptionByValueKeyword$_selectOptionByValue_closure1.doCall(SelectOptionByValueKeyword.groovy:86)
	at com.kms.katalon.core.webui.keyword.builtin.SelectOptionByValueKeyword$_selectOptionByValue_closure1.call(SelectOptionByValueKeyword.groovy)
	at com.kms.katalon.core.webui.keyword.internal.WebUIKeywordMain.runKeyword(WebUIKeywordMain.groovy:20)
	at com.kms.katalon.core.webui.keyword.builtin.SelectOptionByValueKeyword.selectOptionByValue(SelectOptionByValueKeyword.groovy:99)
	at com.kms.katalon.core.webui.keyword.builtin.SelectOptionByValueKeyword.execute(SelectOptionByValueKeyword.groovy:71)
	at com.kms.katalon.core.keyword.internal.KeywordExecutor.executeKeywordForPlatform(KeywordExecutor.groovy:56)
	at com.kms.katalon.core.webui.keyword.WebUiBuiltInKeywords.selectOptionByValue(WebUiBuiltInKeywords.groovy:1138)
	at com.kms.katalon.core.webui.keyword.WebUiBuiltInKeywords$selectOptionByValue$7.call(Unknown Source)
	at Script1536569941826.run(Script1536569941826.groovy:36)
	... 13 more]]></system-out>
      <system-err><![CDATA[2019-03-25 15:38:39 - [TEST_SUITE][FAILED] - segmentSubscriber: Test Cases/Segment subscribers/TC0723 FAILED.
Reason:
com.kms.katalon.core.exception.StepFailedException: Unable to select option by value 'Test4' of object 'Object Repository/Page_KiboEngage  Create Sublist/select_Select a PageTest4Test1Test_kibo'  using regular expression
	at com.kms.katalon.core.webui.keyword.internal.WebUIKeywordMain.stepFailed(WebUIKeywordMain.groovy:64)
	at com.kms.katalon.core.webui.keyword.internal.WebUIKeywordMain.runKeyword(WebUIKeywordMain.groovy:26)
	at com.kms.katalon.core.webui.keyword.builtin.SelectOptionByValueKeyword.selectOptionByValue(SelectOptionByValueKeyword.groovy:99)
	at com.kms.katalon.core.webui.keyword.builtin.SelectOptionByValueKeyword.execute(SelectOptionByValueKeyword.groovy:71)
	at com.kms.katalon.core.keyword.internal.KeywordExecutor.executeKeywordForPlatform(KeywordExecutor.groovy:56)
	at com.kms.katalon.core.webui.keyword.WebUiBuiltInKeywords.selectOptionByValue(WebUiBuiltInKeywords.groovy:1138)
	at com.kms.katalon.core.webui.keyword.WebUiBuiltInKeywords$selectOptionByValue$7.call(Unknown Source)
	at TC0723.run(TC0723:36)
	at com.kms.katalon.core.main.ScriptEngine.run(ScriptEngine.java:194)
	at com.kms.katalon.core.main.ScriptEngine.runScriptAsRawText(ScriptEngine.java:119)
	at com.kms.katalon.core.main.TestCaseExecutor.runScript(TestCaseExecutor.java:331)
	at com.kms.katalon.core.main.TestCaseExecutor.doExecute(TestCaseExecutor.java:322)
	at com.kms.katalon.core.main.TestCaseExecutor.processExecutionPhase(TestCaseExecutor.java:301)
	at com.kms.katalon.core.main.TestCaseExecutor.accessMainPhase(TestCaseExecutor.java:293)
	at com.kms.katalon.core.main.TestCaseExecutor.execute(TestCaseExecutor.java:227)
	at com.kms.katalon.core.main.TestSuiteExecutor.accessTestCaseMainPhase(TestSuiteExecutor.java:129)
	at com.kms.katalon.core.main.TestSuiteExecutor.accessTestSuiteMainPhase(TestSuiteExecutor.java:112)
	at com.kms.katalon.core.main.TestSuiteExecutor.execute(TestSuiteExecutor.java:81)
	at com.kms.katalon.core.main.TestCaseMain.startTestSuite(TestCaseMain.java:157)
	at com.kms.katalon.core.main.TestCaseMain$startTestSuite$0.call(Unknown Source)
	at TempTestSuite1553506926009.run(TempTestSuite1553506926009.groovy:35)
Caused by: com.kms.katalon.core.webui.exception.WebElementNotFoundException: Web element with id: 'Object Repository/Page_KiboEngage  Create Sublist/select_Select a PageTest4Test1Test_kibo' located by 'By.xpath: //select[(text() = 'Select a PageTest4Test1Test_kibo' or . = 'Select a PageTest4Test1Test_kibo')]' not found
	at com.kms.katalon.core.webui.common.WebUiCommonHelper.findWebElement(WebUiCommonHelper.java:1053)
	at com.kms.katalon.core.webui.keyword.internal.WebUIAbstractKeyword.findWebElement(WebUIAbstractKeyword.groovy:27)
	at com.kms.katalon.core.webui.keyword.internal.WebUIAbstractKeyword.findWebElement(WebUIAbstractKeyword.groovy:26)
	at com.kms.katalon.core.webui.keyword.builtin.SelectOptionByValueKeyword$_selectOptionByValue_closure1.doCall(SelectOptionByValueKeyword.groovy:86)
	at com.kms.katalon.core.webui.keyword.builtin.SelectOptionByValueKeyword$_selectOptionByValue_closure1.call(SelectOptionByValueKeyword.groovy)
	at com.kms.katalon.core.webui.keyword.internal.WebUIKeywordMain.runKeyword(WebUIKeywordMain.groovy:20)
	at com.kms.katalon.core.webui.keyword.builtin.SelectOptionByValueKeyword.selectOptionByValue(SelectOptionByValueKeyword.groovy:99)
	at com.kms.katalon.core.webui.keyword.builtin.SelectOptionByValueKeyword.execute(SelectOptionByValueKeyword.groovy:71)
	at com.kms.katalon.core.keyword.internal.KeywordExecutor.executeKeywordForPlatform(KeywordExecutor.groovy:56)
	at com.kms.katalon.core.webui.keyword.WebUiBuiltInKeywords.selectOptionByValue(WebUiBuiltInKeywords.groovy:1138)
	at com.kms.katalon.core.webui.keyword.WebUiBuiltInKeywords$selectOptionByValue$7.call(Unknown Source)
	at Script1536569941826.run(Script1536569941826.groovy:36)
	... 13 more]]></system-err>
   </testsuite>
</testsuites>
