<?xml version="1.0" encoding="UTF-8"?>
<testsuites name="Landing Pages" time="69" tests="29" failures="0" errors="0">
   <testsuite name="Landing Pages" tests="29" failures="0" errors="0" time="69" timestamp="2019-04-30 10:44:57" hostname="cloudkibo-faizan - cloudkibo-faizan" id="Test Suites/Faizan Suits/Landing Pages">
      <properties>
         <property name="deviceName" value=""/>
         <property name="devicePlatform" value=""/>
         <property name="logFolder" value="/home/cloudkibo-faizan/Drive/KiboPush_Automated_Testing/Reports/Faizan Suits/Landing Pages/20190430_102017"/>
         <property name="logFiles" value="/home/cloudkibo-faizan/Drive/KiboPush_Automated_Testing/Reports/Faizan Suits/Landing Pages/20190430_102017/execution0.log"/>
         <property name="attachments" value=""/>
         <property name="hostName" value="cloudkibo-faizan - cloudkibo-faizan"/>
         <property name="os" value="Linux 64bit"/>
         <property name="katalonVersion" value="6.0.6.4"/>
         <property name="browser" value="Chrome 73.0.3683.75"/>
         <property name="hostAddress" value="127.0.1.1"/>
         <property name="sessionId" value="fd3d8f43942ed797aba49c7f42499d39"/>
         <property name="seleniumVersion" value="3.7.1"/>
         <property name="proxyInformation" value="ProxyInformation{proxyOption=NO_PROXY, proxyServerType=HTTP, password=, proxyServerAddress=, proxyServerPort=0}"/>
         <property name="platform" value="Linux"/>
      </properties>
      <testcase name="Test Cases/s-sidebar_navigation/individualAccount/Faizan_production_login_kiboengage" classname="Test Cases/s-sidebar_navigation/individualAccount/Faizan_production_login_kiboengage" status="PASSED">
         <system-out><![CDATA[2019-04-30 10:44:57 - [TEST_CASE][PASSED] - Test Cases/s-sidebar_navigation/individualAccount/Faizan_production_login_kiboengage: Test Cases/s-sidebar_navigation/individualAccount/Faizan_production_login_kiboengage

2019-04-30 10:44:58 - [TEST_STEP][PASSED] - openBrowser(""): Browser is opened with url: ''

2019-04-30 10:44:58 - [MESSAGE][INFO] - Starting 'Chrome' driver

2019-04-30 10:44:58 - [MESSAGE][INFO] - User set preference: ['args', '[--no-sandbox]']

2019-04-30 10:44:58 - [MESSAGE][INFO] - Action delay is set to 0 seconds

2019-04-30 10:44:59 - [MESSAGE][PASSED] - Browser is opened with url: ''

2019-04-30 10:44:59 - [TEST_STEP][PASSED] - maximizeWindow(): Current window maximized

2019-04-30 10:44:59 - [MESSAGE][PASSED] - Current window maximized

2019-04-30 10:44:59 - [TEST_STEP][PASSED] - navigateToUrl("https://kiboengage.cloudkibo.com/"): Navigate to 'https://kiboengage.cloudkibo.com/' successfully

2019-04-30 10:45:09 - [MESSAGE][PASSED] - Navigate to 'https://kiboengage.cloudkibo.com/' successfully

2019-04-30 10:45:09 - [TEST_STEP][PASSED] - navigateToUrl("https://accounts.cloudkibo.com/?continue=https://kiboengage.cloudkibo.com"): Navigate to 'https://accounts.cloudkibo.com/?continue=https://kiboengage.cloudkibo.com' successfully

2019-04-30 10:45:09 - [MESSAGE][PASSED] - Navigate to 'https://accounts.cloudkibo.com/?continue=https://kiboengage.cloudkibo.com' successfully

2019-04-30 10:45:09 - [TEST_STEP][PASSED] - click(findTestObject("Page_CloudKibo/a_Login (2) (1) (1)")): Object: 'Object Repository/Page_CloudKibo/a_Login (2) (1) (1)' is clicked on

2019-04-30 10:45:10 - [MESSAGE][PASSED] - Object: 'Object Repository/Page_CloudKibo/a_Login (2) (1) (1)' is clicked on

2019-04-30 10:45:10 - [TEST_STEP][PASSED] - setText(findTestObject("Page_KiboPush/input_email (10) (1) (1)"), "faizan@cloudkibo.com"): Text 'faizan@cloudkibo.com' is set on object 'Object Repository/Page_KiboPush/input_email (10) (1) (1)'

2019-04-30 10:45:10 - [MESSAGE][PASSED] - Text 'faizan@cloudkibo.com' is set on object 'Object Repository/Page_KiboPush/input_email (10) (1) (1)'

2019-04-30 10:45:10 - [TEST_STEP][PASSED] - setEncryptedText(findTestObject("Page_CloudKibo/input_Sign In_password (7)"), "qeJ0sjJnwEs="): Text ****** has been set on object 'Object Repository/Page_CloudKibo/input_Sign In_password (7)'

2019-04-30 10:45:11 - [MESSAGE][PASSED] - Text ****** has been set on object 'Object Repository/Page_CloudKibo/input_Sign In_password (7)'

2019-04-30 10:45:11 - [TEST_STEP][PASSED] - click(findTestObject("Page_KiboPush/button_Sign In (10) (1) (2)")): Object: 'Object Repository/Page_KiboPush/button_Sign In (10) (1) (2)' is clicked on

2019-04-30 10:45:11 - [MESSAGE][PASSED] - Object: 'Object Repository/Page_KiboPush/button_Sign In (10) (1) (2)' is clicked on

2019-04-30 10:45:11 - [TEST_STEP][PASSED] - navigateToUrl("https://kiboengage.cloudkibo.com/dashboard"): Navigate to 'https://kiboengage.cloudkibo.com/dashboard' successfully

2019-04-30 10:45:29 - [MESSAGE][PASSED] - Navigate to 'https://kiboengage.cloudkibo.com/dashboard' successfully

2019-04-30 10:45:29 - [TEST_STEP][PASSED] - click(findTestObject("Page_KiboPush  Dashboard/h3_Dashboard (57)")): Object: 'Object Repository/Page_KiboPush  Dashboard/h3_Dashboard (57)' is clicked on

2019-04-30 10:45:29 - [MESSAGE][PASSED] - Object: 'Object Repository/Page_KiboPush  Dashboard/h3_Dashboard (57)' is clicked on

2019-04-30 10:45:29 - [TEST_STEP][PASSED] - delay(3): Delayed 3 second(s)

2019-04-30 10:45:32 - [MESSAGE][PASSED] - Delayed 3 second(s)

2019-04-30 10:45:32 - [TEST_STEP][PASSED] - click(findTestObject("Page_KiboEngage  Dashboard/a_SMS (2) (1) (1) (1) (3)")): Object: 'Object Repository/Page_KiboEngage  Dashboard/a_SMS (2) (1) (1) (1) (3)' is clicked on

2019-04-30 10:45:33 - [MESSAGE][PASSED] - Object: 'Object Repository/Page_KiboEngage  Dashboard/a_SMS (2) (1) (1) (1) (3)' is clicked on

2019-04-30 10:45:33 - [TEST_STEP][PASSED] - click(findTestObject("Page_KiboEngage  Dashboard/span_Messenger (1) (1) (1) (3)")): Object: 'Object Repository/Page_KiboEngage  Dashboard/span_Messenger (1) (1) (1) (3)' is clicked on

2019-04-30 10:45:33 - [MESSAGE][PASSED] - Object: 'Object Repository/Page_KiboEngage  Dashboard/span_Messenger (1) (1) (1) (3)' is clicked on]]></system-out>
         <system-err><![CDATA[]]></system-err>
      </testcase>
      <testcase name="Test Cases/Invite subscribers/open growth tools" classname="Test Cases/Invite subscribers/open growth tools" status="PASSED">
         <system-out><![CDATA[2019-04-30 10:45:33 - [TEST_CASE][PASSED] - Test Cases/Invite subscribers/open growth tools: Test Cases/Invite subscribers/open growth tools

2019-04-30 10:45:33 - [TEST_STEP][PASSED] - click(findTestObject("Object Repository/Page_KiboPush  Dashboard/span_Growth Tools (3)")): Object: 'Object Repository/Page_KiboPush  Dashboard/span_Growth Tools (3)' is clicked on

2019-04-30 10:45:33 - [MESSAGE][PASSED] - Object: 'Object Repository/Page_KiboPush  Dashboard/span_Growth Tools (3)' is clicked on

2019-04-30 10:45:33 - [TEST_STEP][PASSED] - delay(1): Delayed 1 second(s)

2019-04-30 10:45:34 - [MESSAGE][PASSED] - Delayed 1 second(s)]]></system-out>
         <system-err><![CDATA[]]></system-err>
      </testcase>
      <testcase name="Test Cases/Landing Pages/TC11270" classname="Test Cases/Landing Pages/TC11270" status="PASSED">
         <system-out><![CDATA[2019-04-30 10:45:34 - [TEST_CASE][PASSED] - Test Cases/Landing Pages/TC11270: Test Cases/Landing Pages/TC11270

2019-04-30 10:45:34 - [TEST_STEP][PASSED] - callTestCase(findTestCase("s-sidebar_navigation/individualAccount/Landing Pages"), [:], STOP_ON_FAILURE): Call Test Case 'Test Cases/s-sidebar_navigation/individualAccount/Landing Pages' successfully

2019-04-30 10:45:34 - [TEST_CASE][PASSED] - Test Cases/s-sidebar_navigation/individualAccount/Landing Pages: Test Cases/s-sidebar_navigation/individualAccount/Landing Pages

2019-04-30 10:45:34 - [TEST_STEP][PASSED] - click(findTestObject("Page_KiboPush  Dashboard/span_Invite Subscribers")): Object: 'Object Repository/Page_KiboPush  Dashboard/span_Invite Subscribers' is clicked on

2019-04-30 10:45:34 - [MESSAGE][PASSED] - Object: 'Object Repository/Page_KiboPush  Dashboard/span_Invite Subscribers' is clicked on

2019-04-30 10:45:34 - [TEST_STEP][PASSED] - delay(1): Delayed 1 second(s)

2019-04-30 10:45:35 - [MESSAGE][PASSED] - Delayed 1 second(s)

2019-04-30 10:45:35 - [MESSAGE][PASSED] - Call Test Case 'Test Cases/s-sidebar_navigation/individualAccount/Landing Pages' successfully]]></system-out>
         <system-err><![CDATA[]]></system-err>
      </testcase>
      <testcase name="Test Cases/Landing Pages/TC11260" classname="Test Cases/Landing Pages/TC11260" status="PASSED">
         <system-out><![CDATA[2019-04-30 10:45:35 - [TEST_CASE][PASSED] - Test Cases/Landing Pages/TC11260: Test Cases/Landing Pages/TC11260

2019-04-30 10:45:35 - [TEST_STEP][PASSED] - callTestCase(findTestCase("s-sidebar_navigation/individualAccount/Landing Pages"), [:], STOP_ON_FAILURE): Call Test Case 'Test Cases/s-sidebar_navigation/individualAccount/Landing Pages' successfully

2019-04-30 10:45:35 - [TEST_CASE][PASSED] - Test Cases/s-sidebar_navigation/individualAccount/Landing Pages: Test Cases/s-sidebar_navigation/individualAccount/Landing Pages

2019-04-30 10:45:35 - [TEST_STEP][PASSED] - click(findTestObject("Page_KiboPush  Dashboard/span_Invite Subscribers")): Object: 'Object Repository/Page_KiboPush  Dashboard/span_Invite Subscribers' is clicked on

2019-04-30 10:45:35 - [MESSAGE][PASSED] - Object: 'Object Repository/Page_KiboPush  Dashboard/span_Invite Subscribers' is clicked on

2019-04-30 10:45:35 - [TEST_STEP][PASSED] - delay(1): Delayed 1 second(s)

2019-04-30 10:45:36 - [MESSAGE][PASSED] - Delayed 1 second(s)

2019-04-30 10:45:36 - [MESSAGE][PASSED] - Call Test Case 'Test Cases/s-sidebar_navigation/individualAccount/Landing Pages' successfully]]></system-out>
         <system-err><![CDATA[]]></system-err>
      </testcase>
      <testcase name="Test Cases/Landing Pages/TC11275" classname="Test Cases/Landing Pages/TC11275" status="PASSED">
         <system-out><![CDATA[2019-04-30 10:45:36 - [TEST_CASE][PASSED] - Test Cases/Landing Pages/TC11275: Test Cases/Landing Pages/TC11275

2019-04-30 10:45:36 - [TEST_STEP][PASSED] - callTestCase(findTestCase("s-sidebar_navigation/individualAccount/Landing Pages"), [:], STOP_ON_FAILURE): Call Test Case 'Test Cases/s-sidebar_navigation/individualAccount/Landing Pages' successfully

2019-04-30 10:45:37 - [TEST_CASE][PASSED] - Test Cases/s-sidebar_navigation/individualAccount/Landing Pages: Test Cases/s-sidebar_navigation/individualAccount/Landing Pages

2019-04-30 10:45:37 - [TEST_STEP][PASSED] - click(findTestObject("Page_KiboPush  Dashboard/span_Invite Subscribers")): Object: 'Object Repository/Page_KiboPush  Dashboard/span_Invite Subscribers' is clicked on

2019-04-30 10:45:37 - [MESSAGE][PASSED] - Object: 'Object Repository/Page_KiboPush  Dashboard/span_Invite Subscribers' is clicked on

2019-04-30 10:45:37 - [TEST_STEP][PASSED] - delay(1): Delayed 1 second(s)

2019-04-30 10:45:38 - [MESSAGE][PASSED] - Delayed 1 second(s)

2019-04-30 10:45:38 - [MESSAGE][PASSED] - Call Test Case 'Test Cases/s-sidebar_navigation/individualAccount/Landing Pages' successfully]]></system-out>
         <system-err><![CDATA[]]></system-err>
      </testcase>
      <testcase name="Test Cases/Landing Pages/TC11277" classname="Test Cases/Landing Pages/TC11277" status="PASSED">
         <system-out><![CDATA[2019-04-30 10:45:38 - [TEST_CASE][PASSED] - Test Cases/Landing Pages/TC11277: Test Cases/Landing Pages/TC11277

2019-04-30 10:45:38 - [TEST_STEP][PASSED] - callTestCase(findTestCase("s-sidebar_navigation/individualAccount/Landing Pages"), [:], STOP_ON_FAILURE): Call Test Case 'Test Cases/s-sidebar_navigation/individualAccount/Landing Pages' successfully

2019-04-30 10:45:38 - [TEST_CASE][PASSED] - Test Cases/s-sidebar_navigation/individualAccount/Landing Pages: Test Cases/s-sidebar_navigation/individualAccount/Landing Pages

2019-04-30 10:45:38 - [TEST_STEP][PASSED] - click(findTestObject("Page_KiboPush  Dashboard/span_Invite Subscribers")): Object: 'Object Repository/Page_KiboPush  Dashboard/span_Invite Subscribers' is clicked on

2019-04-30 10:45:38 - [MESSAGE][PASSED] - Object: 'Object Repository/Page_KiboPush  Dashboard/span_Invite Subscribers' is clicked on

2019-04-30 10:45:38 - [TEST_STEP][PASSED] - delay(1): Delayed 1 second(s)

2019-04-30 10:45:39 - [MESSAGE][PASSED] - Delayed 1 second(s)

2019-04-30 10:45:39 - [MESSAGE][PASSED] - Call Test Case 'Test Cases/s-sidebar_navigation/individualAccount/Landing Pages' successfully]]></system-out>
         <system-err><![CDATA[]]></system-err>
      </testcase>
      <testcase name="Test Cases/Landing Pages/TC11268" classname="Test Cases/Landing Pages/TC11268" status="PASSED">
         <system-out><![CDATA[2019-04-30 10:45:39 - [TEST_CASE][PASSED] - Test Cases/Landing Pages/TC11268: Test Cases/Landing Pages/TC11268

2019-04-30 10:45:39 - [TEST_STEP][PASSED] - callTestCase(findTestCase("s-sidebar_navigation/individualAccount/Landing Pages"), [:], STOP_ON_FAILURE): Call Test Case 'Test Cases/s-sidebar_navigation/individualAccount/Landing Pages' successfully

2019-04-30 10:45:39 - [TEST_CASE][PASSED] - Test Cases/s-sidebar_navigation/individualAccount/Landing Pages: Test Cases/s-sidebar_navigation/individualAccount/Landing Pages

2019-04-30 10:45:39 - [TEST_STEP][PASSED] - click(findTestObject("Page_KiboPush  Dashboard/span_Invite Subscribers")): Object: 'Object Repository/Page_KiboPush  Dashboard/span_Invite Subscribers' is clicked on

2019-04-30 10:45:39 - [MESSAGE][PASSED] - Object: 'Object Repository/Page_KiboPush  Dashboard/span_Invite Subscribers' is clicked on

2019-04-30 10:45:39 - [TEST_STEP][PASSED] - delay(1): Delayed 1 second(s)

2019-04-30 10:45:40 - [MESSAGE][PASSED] - Delayed 1 second(s)

2019-04-30 10:45:40 - [MESSAGE][PASSED] - Call Test Case 'Test Cases/s-sidebar_navigation/individualAccount/Landing Pages' successfully]]></system-out>
         <system-err><![CDATA[]]></system-err>
      </testcase>
      <testcase name="Test Cases/Landing Pages/TC11263" classname="Test Cases/Landing Pages/TC11263" status="PASSED">
         <system-out><![CDATA[2019-04-30 10:45:40 - [TEST_CASE][PASSED] - Test Cases/Landing Pages/TC11263: Test Cases/Landing Pages/TC11263

2019-04-30 10:45:40 - [TEST_STEP][PASSED] - callTestCase(findTestCase("s-sidebar_navigation/individualAccount/Landing Pages"), [:], STOP_ON_FAILURE): Call Test Case 'Test Cases/s-sidebar_navigation/individualAccount/Landing Pages' successfully

2019-04-30 10:45:40 - [TEST_CASE][PASSED] - Test Cases/s-sidebar_navigation/individualAccount/Landing Pages: Test Cases/s-sidebar_navigation/individualAccount/Landing Pages

2019-04-30 10:45:40 - [TEST_STEP][PASSED] - click(findTestObject("Page_KiboPush  Dashboard/span_Invite Subscribers")): Object: 'Object Repository/Page_KiboPush  Dashboard/span_Invite Subscribers' is clicked on

2019-04-30 10:45:40 - [MESSAGE][PASSED] - Object: 'Object Repository/Page_KiboPush  Dashboard/span_Invite Subscribers' is clicked on

2019-04-30 10:45:40 - [TEST_STEP][PASSED] - delay(1): Delayed 1 second(s)

2019-04-30 10:45:41 - [MESSAGE][PASSED] - Delayed 1 second(s)

2019-04-30 10:45:41 - [MESSAGE][PASSED] - Call Test Case 'Test Cases/s-sidebar_navigation/individualAccount/Landing Pages' successfully]]></system-out>
         <system-err><![CDATA[]]></system-err>
      </testcase>
      <testcase name="Test Cases/Landing Pages/TC11272" classname="Test Cases/Landing Pages/TC11272" status="PASSED">
         <system-out><![CDATA[2019-04-30 10:45:41 - [TEST_CASE][PASSED] - Test Cases/Landing Pages/TC11272: Test Cases/Landing Pages/TC11272

2019-04-30 10:45:41 - [TEST_STEP][PASSED] - callTestCase(findTestCase("s-sidebar_navigation/individualAccount/Landing Pages"), [:], STOP_ON_FAILURE): Call Test Case 'Test Cases/s-sidebar_navigation/individualAccount/Landing Pages' successfully

2019-04-30 10:45:41 - [TEST_CASE][PASSED] - Test Cases/s-sidebar_navigation/individualAccount/Landing Pages: Test Cases/s-sidebar_navigation/individualAccount/Landing Pages

2019-04-30 10:45:41 - [TEST_STEP][PASSED] - click(findTestObject("Page_KiboPush  Dashboard/span_Invite Subscribers")): Object: 'Object Repository/Page_KiboPush  Dashboard/span_Invite Subscribers' is clicked on

2019-04-30 10:45:42 - [MESSAGE][PASSED] - Object: 'Object Repository/Page_KiboPush  Dashboard/span_Invite Subscribers' is clicked on

2019-04-30 10:45:42 - [TEST_STEP][PASSED] - delay(1): Delayed 1 second(s)

2019-04-30 10:45:43 - [MESSAGE][PASSED] - Delayed 1 second(s)

2019-04-30 10:45:43 - [MESSAGE][PASSED] - Call Test Case 'Test Cases/s-sidebar_navigation/individualAccount/Landing Pages' successfully]]></system-out>
         <system-err><![CDATA[]]></system-err>
      </testcase>
      <testcase name="Test Cases/Landing Pages/TC11265" classname="Test Cases/Landing Pages/TC11265" status="PASSED">
         <system-out><![CDATA[2019-04-30 10:45:43 - [TEST_CASE][PASSED] - Test Cases/Landing Pages/TC11265: Test Cases/Landing Pages/TC11265

2019-04-30 10:45:43 - [TEST_STEP][PASSED] - callTestCase(findTestCase("s-sidebar_navigation/individualAccount/Landing Pages"), [:], STOP_ON_FAILURE): Call Test Case 'Test Cases/s-sidebar_navigation/individualAccount/Landing Pages' successfully

2019-04-30 10:45:43 - [TEST_CASE][PASSED] - Test Cases/s-sidebar_navigation/individualAccount/Landing Pages: Test Cases/s-sidebar_navigation/individualAccount/Landing Pages

2019-04-30 10:45:43 - [TEST_STEP][PASSED] - click(findTestObject("Page_KiboPush  Dashboard/span_Invite Subscribers")): Object: 'Object Repository/Page_KiboPush  Dashboard/span_Invite Subscribers' is clicked on

2019-04-30 10:45:43 - [MESSAGE][PASSED] - Object: 'Object Repository/Page_KiboPush  Dashboard/span_Invite Subscribers' is clicked on

2019-04-30 10:45:43 - [TEST_STEP][PASSED] - delay(1): Delayed 1 second(s)

2019-04-30 10:45:44 - [MESSAGE][PASSED] - Delayed 1 second(s)

2019-04-30 10:45:44 - [MESSAGE][PASSED] - Call Test Case 'Test Cases/s-sidebar_navigation/individualAccount/Landing Pages' successfully]]></system-out>
         <system-err><![CDATA[]]></system-err>
      </testcase>
      <testcase name="Test Cases/Landing Pages/TC11266" classname="Test Cases/Landing Pages/TC11266" status="PASSED">
         <system-out><![CDATA[2019-04-30 10:45:44 - [TEST_CASE][PASSED] - Test Cases/Landing Pages/TC11266: Test Cases/Landing Pages/TC11266

2019-04-30 10:45:44 - [TEST_STEP][PASSED] - callTestCase(findTestCase("s-sidebar_navigation/individualAccount/Landing Pages"), [:], STOP_ON_FAILURE): Call Test Case 'Test Cases/s-sidebar_navigation/individualAccount/Landing Pages' successfully

2019-04-30 10:45:44 - [TEST_CASE][PASSED] - Test Cases/s-sidebar_navigation/individualAccount/Landing Pages: Test Cases/s-sidebar_navigation/individualAccount/Landing Pages

2019-04-30 10:45:44 - [TEST_STEP][PASSED] - click(findTestObject("Page_KiboPush  Dashboard/span_Invite Subscribers")): Object: 'Object Repository/Page_KiboPush  Dashboard/span_Invite Subscribers' is clicked on

2019-04-30 10:45:44 - [MESSAGE][PASSED] - Object: 'Object Repository/Page_KiboPush  Dashboard/span_Invite Subscribers' is clicked on

2019-04-30 10:45:44 - [TEST_STEP][PASSED] - delay(1): Delayed 1 second(s)

2019-04-30 10:45:45 - [MESSAGE][PASSED] - Delayed 1 second(s)

2019-04-30 10:45:45 - [MESSAGE][PASSED] - Call Test Case 'Test Cases/s-sidebar_navigation/individualAccount/Landing Pages' successfully]]></system-out>
         <system-err><![CDATA[]]></system-err>
      </testcase>
      <testcase name="Test Cases/Landing Pages/TC11257" classname="Test Cases/Landing Pages/TC11257" status="PASSED">
         <system-out><![CDATA[2019-04-30 10:45:45 - [TEST_CASE][PASSED] - Test Cases/Landing Pages/TC11257: Test Cases/Landing Pages/TC11257

2019-04-30 10:45:45 - [TEST_STEP][PASSED] - callTestCase(findTestCase("s-sidebar_navigation/individualAccount/Landing Pages"), [:], STOP_ON_FAILURE): Call Test Case 'Test Cases/s-sidebar_navigation/individualAccount/Landing Pages' successfully

2019-04-30 10:45:45 - [TEST_CASE][PASSED] - Test Cases/s-sidebar_navigation/individualAccount/Landing Pages: Test Cases/s-sidebar_navigation/individualAccount/Landing Pages

2019-04-30 10:45:45 - [TEST_STEP][PASSED] - click(findTestObject("Page_KiboPush  Dashboard/span_Invite Subscribers")): Object: 'Object Repository/Page_KiboPush  Dashboard/span_Invite Subscribers' is clicked on

2019-04-30 10:45:45 - [MESSAGE][PASSED] - Object: 'Object Repository/Page_KiboPush  Dashboard/span_Invite Subscribers' is clicked on

2019-04-30 10:45:45 - [TEST_STEP][PASSED] - delay(1): Delayed 1 second(s)

2019-04-30 10:45:46 - [MESSAGE][PASSED] - Delayed 1 second(s)

2019-04-30 10:45:46 - [MESSAGE][PASSED] - Call Test Case 'Test Cases/s-sidebar_navigation/individualAccount/Landing Pages' successfully]]></system-out>
         <system-err><![CDATA[]]></system-err>
      </testcase>
      <testcase name="Test Cases/Landing Pages/TC11274" classname="Test Cases/Landing Pages/TC11274" status="PASSED">
         <system-out><![CDATA[2019-04-30 10:45:46 - [TEST_CASE][PASSED] - Test Cases/Landing Pages/TC11274: Test Cases/Landing Pages/TC11274

2019-04-30 10:45:46 - [TEST_STEP][PASSED] - callTestCase(findTestCase("s-sidebar_navigation/individualAccount/Landing Pages"), [:], STOP_ON_FAILURE): Call Test Case 'Test Cases/s-sidebar_navigation/individualAccount/Landing Pages' successfully

2019-04-30 10:45:46 - [TEST_CASE][PASSED] - Test Cases/s-sidebar_navigation/individualAccount/Landing Pages: Test Cases/s-sidebar_navigation/individualAccount/Landing Pages

2019-04-30 10:45:46 - [TEST_STEP][PASSED] - click(findTestObject("Page_KiboPush  Dashboard/span_Invite Subscribers")): Object: 'Object Repository/Page_KiboPush  Dashboard/span_Invite Subscribers' is clicked on

2019-04-30 10:45:46 - [MESSAGE][PASSED] - Object: 'Object Repository/Page_KiboPush  Dashboard/span_Invite Subscribers' is clicked on

2019-04-30 10:45:46 - [TEST_STEP][PASSED] - delay(1): Delayed 1 second(s)

2019-04-30 10:45:47 - [MESSAGE][PASSED] - Delayed 1 second(s)

2019-04-30 10:45:47 - [MESSAGE][PASSED] - Call Test Case 'Test Cases/s-sidebar_navigation/individualAccount/Landing Pages' successfully]]></system-out>
         <system-err><![CDATA[]]></system-err>
      </testcase>
      <testcase name="Test Cases/Landing Pages/TC11239" classname="Test Cases/Landing Pages/TC11239" status="PASSED">
         <system-out><![CDATA[2019-04-30 10:45:47 - [TEST_CASE][PASSED] - Test Cases/Landing Pages/TC11239: Test Cases/Landing Pages/TC11239

2019-04-30 10:45:47 - [TEST_STEP][PASSED] - callTestCase(findTestCase("s-sidebar_navigation/individualAccount/Landing Pages"), [:], STOP_ON_FAILURE): Call Test Case 'Test Cases/s-sidebar_navigation/individualAccount/Landing Pages' successfully

2019-04-30 10:45:47 - [TEST_CASE][PASSED] - Test Cases/s-sidebar_navigation/individualAccount/Landing Pages: Test Cases/s-sidebar_navigation/individualAccount/Landing Pages

2019-04-30 10:45:48 - [TEST_STEP][PASSED] - click(findTestObject("Page_KiboPush  Dashboard/span_Invite Subscribers")): Object: 'Object Repository/Page_KiboPush  Dashboard/span_Invite Subscribers' is clicked on

2019-04-30 10:45:48 - [MESSAGE][PASSED] - Object: 'Object Repository/Page_KiboPush  Dashboard/span_Invite Subscribers' is clicked on

2019-04-30 10:45:48 - [TEST_STEP][PASSED] - delay(1): Delayed 1 second(s)

2019-04-30 10:45:49 - [MESSAGE][PASSED] - Delayed 1 second(s)

2019-04-30 10:45:49 - [MESSAGE][PASSED] - Call Test Case 'Test Cases/s-sidebar_navigation/individualAccount/Landing Pages' successfully]]></system-out>
         <system-err><![CDATA[]]></system-err>
      </testcase>
      <testcase name="Test Cases/Landing Pages/TC11278" classname="Test Cases/Landing Pages/TC11278" status="PASSED">
         <system-out><![CDATA[2019-04-30 10:45:49 - [TEST_CASE][PASSED] - Test Cases/Landing Pages/TC11278: Test Cases/Landing Pages/TC11278

2019-04-30 10:45:49 - [TEST_STEP][PASSED] - callTestCase(findTestCase("s-sidebar_navigation/individualAccount/Landing Pages"), [:], STOP_ON_FAILURE): Call Test Case 'Test Cases/s-sidebar_navigation/individualAccount/Landing Pages' successfully

2019-04-30 10:45:49 - [TEST_CASE][PASSED] - Test Cases/s-sidebar_navigation/individualAccount/Landing Pages: Test Cases/s-sidebar_navigation/individualAccount/Landing Pages

2019-04-30 10:45:49 - [TEST_STEP][PASSED] - click(findTestObject("Page_KiboPush  Dashboard/span_Invite Subscribers")): Object: 'Object Repository/Page_KiboPush  Dashboard/span_Invite Subscribers' is clicked on

2019-04-30 10:45:49 - [MESSAGE][PASSED] - Object: 'Object Repository/Page_KiboPush  Dashboard/span_Invite Subscribers' is clicked on

2019-04-30 10:45:49 - [TEST_STEP][PASSED] - delay(1): Delayed 1 second(s)

2019-04-30 10:45:50 - [MESSAGE][PASSED] - Delayed 1 second(s)

2019-04-30 10:45:50 - [MESSAGE][PASSED] - Call Test Case 'Test Cases/s-sidebar_navigation/individualAccount/Landing Pages' successfully]]></system-out>
         <system-err><![CDATA[]]></system-err>
      </testcase>
      <testcase name="Test Cases/Landing Pages/TC11261" classname="Test Cases/Landing Pages/TC11261" status="PASSED">
         <system-out><![CDATA[2019-04-30 10:45:50 - [TEST_CASE][PASSED] - Test Cases/Landing Pages/TC11261: Test Cases/Landing Pages/TC11261

2019-04-30 10:45:50 - [TEST_STEP][PASSED] - callTestCase(findTestCase("s-sidebar_navigation/individualAccount/Landing Pages"), [:], STOP_ON_FAILURE): Call Test Case 'Test Cases/s-sidebar_navigation/individualAccount/Landing Pages' successfully

2019-04-30 10:45:50 - [TEST_CASE][PASSED] - Test Cases/s-sidebar_navigation/individualAccount/Landing Pages: Test Cases/s-sidebar_navigation/individualAccount/Landing Pages

2019-04-30 10:45:50 - [TEST_STEP][PASSED] - click(findTestObject("Page_KiboPush  Dashboard/span_Invite Subscribers")): Object: 'Object Repository/Page_KiboPush  Dashboard/span_Invite Subscribers' is clicked on

2019-04-30 10:45:50 - [MESSAGE][PASSED] - Object: 'Object Repository/Page_KiboPush  Dashboard/span_Invite Subscribers' is clicked on

2019-04-30 10:45:50 - [TEST_STEP][PASSED] - delay(1): Delayed 1 second(s)

2019-04-30 10:45:51 - [MESSAGE][PASSED] - Delayed 1 second(s)

2019-04-30 10:45:51 - [MESSAGE][PASSED] - Call Test Case 'Test Cases/s-sidebar_navigation/individualAccount/Landing Pages' successfully]]></system-out>
         <system-err><![CDATA[]]></system-err>
      </testcase>
      <testcase name="Test Cases/Landing Pages/TC11262" classname="Test Cases/Landing Pages/TC11262" status="PASSED">
         <system-out><![CDATA[2019-04-30 10:45:51 - [TEST_CASE][PASSED] - Test Cases/Landing Pages/TC11262: Test Cases/Landing Pages/TC11262

2019-04-30 10:45:51 - [TEST_STEP][PASSED] - callTestCase(findTestCase("s-sidebar_navigation/individualAccount/Landing Pages"), [:], STOP_ON_FAILURE): Call Test Case 'Test Cases/s-sidebar_navigation/individualAccount/Landing Pages' successfully

2019-04-30 10:45:51 - [TEST_CASE][PASSED] - Test Cases/s-sidebar_navigation/individualAccount/Landing Pages: Test Cases/s-sidebar_navigation/individualAccount/Landing Pages

2019-04-30 10:45:51 - [TEST_STEP][PASSED] - click(findTestObject("Page_KiboPush  Dashboard/span_Invite Subscribers")): Object: 'Object Repository/Page_KiboPush  Dashboard/span_Invite Subscribers' is clicked on

2019-04-30 10:45:51 - [MESSAGE][PASSED] - Object: 'Object Repository/Page_KiboPush  Dashboard/span_Invite Subscribers' is clicked on

2019-04-30 10:45:51 - [TEST_STEP][PASSED] - delay(1): Delayed 1 second(s)

2019-04-30 10:45:52 - [MESSAGE][PASSED] - Delayed 1 second(s)

2019-04-30 10:45:52 - [MESSAGE][PASSED] - Call Test Case 'Test Cases/s-sidebar_navigation/individualAccount/Landing Pages' successfully]]></system-out>
         <system-err><![CDATA[]]></system-err>
      </testcase>
      <testcase name="Test Cases/Landing Pages/TC11245" classname="Test Cases/Landing Pages/TC11245" status="PASSED">
         <system-out><![CDATA[2019-04-30 10:45:52 - [TEST_CASE][PASSED] - Test Cases/Landing Pages/TC11245: Test Cases/Landing Pages/TC11245

2019-04-30 10:45:52 - [TEST_STEP][PASSED] - callTestCase(findTestCase("s-sidebar_navigation/individualAccount/Landing Pages"), [:], STOP_ON_FAILURE): Call Test Case 'Test Cases/s-sidebar_navigation/individualAccount/Landing Pages' successfully

2019-04-30 10:45:52 - [TEST_CASE][PASSED] - Test Cases/s-sidebar_navigation/individualAccount/Landing Pages: Test Cases/s-sidebar_navigation/individualAccount/Landing Pages

2019-04-30 10:45:52 - [TEST_STEP][PASSED] - click(findTestObject("Page_KiboPush  Dashboard/span_Invite Subscribers")): Object: 'Object Repository/Page_KiboPush  Dashboard/span_Invite Subscribers' is clicked on

2019-04-30 10:45:52 - [MESSAGE][PASSED] - Object: 'Object Repository/Page_KiboPush  Dashboard/span_Invite Subscribers' is clicked on

2019-04-30 10:45:52 - [TEST_STEP][PASSED] - delay(1): Delayed 1 second(s)

2019-04-30 10:45:53 - [MESSAGE][PASSED] - Delayed 1 second(s)

2019-04-30 10:45:53 - [MESSAGE][PASSED] - Call Test Case 'Test Cases/s-sidebar_navigation/individualAccount/Landing Pages' successfully]]></system-out>
         <system-err><![CDATA[]]></system-err>
      </testcase>
      <testcase name="Test Cases/Landing Pages/TC11271" classname="Test Cases/Landing Pages/TC11271" status="PASSED">
         <system-out><![CDATA[2019-04-30 10:45:53 - [TEST_CASE][PASSED] - Test Cases/Landing Pages/TC11271: Test Cases/Landing Pages/TC11271

2019-04-30 10:45:53 - [TEST_STEP][PASSED] - callTestCase(findTestCase("s-sidebar_navigation/individualAccount/Landing Pages"), [:], STOP_ON_FAILURE): Call Test Case 'Test Cases/s-sidebar_navigation/individualAccount/Landing Pages' successfully

2019-04-30 10:45:53 - [TEST_CASE][PASSED] - Test Cases/s-sidebar_navigation/individualAccount/Landing Pages: Test Cases/s-sidebar_navigation/individualAccount/Landing Pages

2019-04-30 10:45:53 - [TEST_STEP][PASSED] - click(findTestObject("Page_KiboPush  Dashboard/span_Invite Subscribers")): Object: 'Object Repository/Page_KiboPush  Dashboard/span_Invite Subscribers' is clicked on

2019-04-30 10:45:54 - [MESSAGE][PASSED] - Object: 'Object Repository/Page_KiboPush  Dashboard/span_Invite Subscribers' is clicked on

2019-04-30 10:45:54 - [TEST_STEP][PASSED] - delay(1): Delayed 1 second(s)

2019-04-30 10:45:55 - [MESSAGE][PASSED] - Delayed 1 second(s)

2019-04-30 10:45:55 - [MESSAGE][PASSED] - Call Test Case 'Test Cases/s-sidebar_navigation/individualAccount/Landing Pages' successfully]]></system-out>
         <system-err><![CDATA[]]></system-err>
      </testcase>
      <testcase name="Test Cases/Landing Pages/TC11267" classname="Test Cases/Landing Pages/TC11267" status="PASSED">
         <system-out><![CDATA[2019-04-30 10:45:55 - [TEST_CASE][PASSED] - Test Cases/Landing Pages/TC11267: Test Cases/Landing Pages/TC11267

2019-04-30 10:45:55 - [TEST_STEP][PASSED] - callTestCase(findTestCase("s-sidebar_navigation/individualAccount/Landing Pages"), [:], STOP_ON_FAILURE): Call Test Case 'Test Cases/s-sidebar_navigation/individualAccount/Landing Pages' successfully

2019-04-30 10:45:55 - [TEST_CASE][PASSED] - Test Cases/s-sidebar_navigation/individualAccount/Landing Pages: Test Cases/s-sidebar_navigation/individualAccount/Landing Pages

2019-04-30 10:45:55 - [TEST_STEP][PASSED] - click(findTestObject("Page_KiboPush  Dashboard/span_Invite Subscribers")): Object: 'Object Repository/Page_KiboPush  Dashboard/span_Invite Subscribers' is clicked on

2019-04-30 10:45:55 - [MESSAGE][PASSED] - Object: 'Object Repository/Page_KiboPush  Dashboard/span_Invite Subscribers' is clicked on

2019-04-30 10:45:55 - [TEST_STEP][PASSED] - delay(1): Delayed 1 second(s)

2019-04-30 10:45:56 - [MESSAGE][PASSED] - Delayed 1 second(s)

2019-04-30 10:45:56 - [MESSAGE][PASSED] - Call Test Case 'Test Cases/s-sidebar_navigation/individualAccount/Landing Pages' successfully]]></system-out>
         <system-err><![CDATA[]]></system-err>
      </testcase>
      <testcase name="Test Cases/Landing Pages/TC11259" classname="Test Cases/Landing Pages/TC11259" status="PASSED">
         <system-out><![CDATA[2019-04-30 10:45:56 - [TEST_CASE][PASSED] - Test Cases/Landing Pages/TC11259: Test Cases/Landing Pages/TC11259

2019-04-30 10:45:56 - [TEST_STEP][PASSED] - callTestCase(findTestCase("s-sidebar_navigation/individualAccount/Landing Pages"), [:], STOP_ON_FAILURE): Call Test Case 'Test Cases/s-sidebar_navigation/individualAccount/Landing Pages' successfully

2019-04-30 10:45:56 - [TEST_CASE][PASSED] - Test Cases/s-sidebar_navigation/individualAccount/Landing Pages: Test Cases/s-sidebar_navigation/individualAccount/Landing Pages

2019-04-30 10:45:56 - [TEST_STEP][PASSED] - click(findTestObject("Page_KiboPush  Dashboard/span_Invite Subscribers")): Object: 'Object Repository/Page_KiboPush  Dashboard/span_Invite Subscribers' is clicked on

2019-04-30 10:45:56 - [MESSAGE][PASSED] - Object: 'Object Repository/Page_KiboPush  Dashboard/span_Invite Subscribers' is clicked on

2019-04-30 10:45:56 - [TEST_STEP][PASSED] - delay(1): Delayed 1 second(s)

2019-04-30 10:45:57 - [MESSAGE][PASSED] - Delayed 1 second(s)

2019-04-30 10:45:57 - [MESSAGE][PASSED] - Call Test Case 'Test Cases/s-sidebar_navigation/individualAccount/Landing Pages' successfully]]></system-out>
         <system-err><![CDATA[]]></system-err>
      </testcase>
      <testcase name="Test Cases/Landing Pages/TC11269" classname="Test Cases/Landing Pages/TC11269" status="PASSED">
         <system-out><![CDATA[2019-04-30 10:45:57 - [TEST_CASE][PASSED] - Test Cases/Landing Pages/TC11269: Test Cases/Landing Pages/TC11269

2019-04-30 10:45:57 - [TEST_STEP][PASSED] - callTestCase(findTestCase("s-sidebar_navigation/individualAccount/Landing Pages"), [:], STOP_ON_FAILURE): Call Test Case 'Test Cases/s-sidebar_navigation/individualAccount/Landing Pages' successfully

2019-04-30 10:45:57 - [TEST_CASE][PASSED] - Test Cases/s-sidebar_navigation/individualAccount/Landing Pages: Test Cases/s-sidebar_navigation/individualAccount/Landing Pages

2019-04-30 10:45:57 - [TEST_STEP][PASSED] - click(findTestObject("Page_KiboPush  Dashboard/span_Invite Subscribers")): Object: 'Object Repository/Page_KiboPush  Dashboard/span_Invite Subscribers' is clicked on

2019-04-30 10:45:57 - [MESSAGE][PASSED] - Object: 'Object Repository/Page_KiboPush  Dashboard/span_Invite Subscribers' is clicked on

2019-04-30 10:45:57 - [TEST_STEP][PASSED] - delay(1): Delayed 1 second(s)

2019-04-30 10:45:58 - [MESSAGE][PASSED] - Delayed 1 second(s)

2019-04-30 10:45:58 - [MESSAGE][PASSED] - Call Test Case 'Test Cases/s-sidebar_navigation/individualAccount/Landing Pages' successfully]]></system-out>
         <system-err><![CDATA[]]></system-err>
      </testcase>
      <testcase name="Test Cases/Landing Pages/TC11241" classname="Test Cases/Landing Pages/TC11241" status="PASSED">
         <system-out><![CDATA[2019-04-30 10:45:58 - [TEST_CASE][PASSED] - Test Cases/Landing Pages/TC11241: Test Cases/Landing Pages/TC11241

2019-04-30 10:45:58 - [TEST_STEP][PASSED] - callTestCase(findTestCase("s-sidebar_navigation/individualAccount/Landing Pages"), [:], STOP_ON_FAILURE): Call Test Case 'Test Cases/s-sidebar_navigation/individualAccount/Landing Pages' successfully

2019-04-30 10:45:58 - [TEST_CASE][PASSED] - Test Cases/s-sidebar_navigation/individualAccount/Landing Pages: Test Cases/s-sidebar_navigation/individualAccount/Landing Pages

2019-04-30 10:45:58 - [TEST_STEP][PASSED] - click(findTestObject("Page_KiboPush  Dashboard/span_Invite Subscribers")): Object: 'Object Repository/Page_KiboPush  Dashboard/span_Invite Subscribers' is clicked on

2019-04-30 10:45:58 - [MESSAGE][PASSED] - Object: 'Object Repository/Page_KiboPush  Dashboard/span_Invite Subscribers' is clicked on

2019-04-30 10:45:58 - [TEST_STEP][PASSED] - delay(1): Delayed 1 second(s)

2019-04-30 10:45:59 - [MESSAGE][PASSED] - Delayed 1 second(s)

2019-04-30 10:45:59 - [MESSAGE][PASSED] - Call Test Case 'Test Cases/s-sidebar_navigation/individualAccount/Landing Pages' successfully]]></system-out>
         <system-err><![CDATA[]]></system-err>
      </testcase>
      <testcase name="Test Cases/Landing Pages/TC11276" classname="Test Cases/Landing Pages/TC11276" status="PASSED">
         <system-out><![CDATA[2019-04-30 10:45:59 - [TEST_CASE][PASSED] - Test Cases/Landing Pages/TC11276: Test Cases/Landing Pages/TC11276

2019-04-30 10:45:59 - [TEST_STEP][PASSED] - callTestCase(findTestCase("s-sidebar_navigation/individualAccount/Landing Pages"), [:], STOP_ON_FAILURE): Call Test Case 'Test Cases/s-sidebar_navigation/individualAccount/Landing Pages' successfully

2019-04-30 10:45:59 - [TEST_CASE][PASSED] - Test Cases/s-sidebar_navigation/individualAccount/Landing Pages: Test Cases/s-sidebar_navigation/individualAccount/Landing Pages

2019-04-30 10:45:59 - [TEST_STEP][PASSED] - click(findTestObject("Page_KiboPush  Dashboard/span_Invite Subscribers")): Object: 'Object Repository/Page_KiboPush  Dashboard/span_Invite Subscribers' is clicked on

2019-04-30 10:46:00 - [MESSAGE][PASSED] - Object: 'Object Repository/Page_KiboPush  Dashboard/span_Invite Subscribers' is clicked on

2019-04-30 10:46:00 - [TEST_STEP][PASSED] - delay(1): Delayed 1 second(s)

2019-04-30 10:46:01 - [MESSAGE][PASSED] - Delayed 1 second(s)

2019-04-30 10:46:01 - [MESSAGE][PASSED] - Call Test Case 'Test Cases/s-sidebar_navigation/individualAccount/Landing Pages' successfully]]></system-out>
         <system-err><![CDATA[]]></system-err>
      </testcase>
      <testcase name="Test Cases/Landing Pages/TC11279" classname="Test Cases/Landing Pages/TC11279" status="PASSED">
         <system-out><![CDATA[2019-04-30 10:46:01 - [TEST_CASE][PASSED] - Test Cases/Landing Pages/TC11279: Test Cases/Landing Pages/TC11279

2019-04-30 10:46:01 - [TEST_STEP][PASSED] - callTestCase(findTestCase("s-sidebar_navigation/individualAccount/Landing Pages"), [:], STOP_ON_FAILURE): Call Test Case 'Test Cases/s-sidebar_navigation/individualAccount/Landing Pages' successfully

2019-04-30 10:46:01 - [TEST_CASE][PASSED] - Test Cases/s-sidebar_navigation/individualAccount/Landing Pages: Test Cases/s-sidebar_navigation/individualAccount/Landing Pages

2019-04-30 10:46:01 - [TEST_STEP][PASSED] - click(findTestObject("Page_KiboPush  Dashboard/span_Invite Subscribers")): Object: 'Object Repository/Page_KiboPush  Dashboard/span_Invite Subscribers' is clicked on

2019-04-30 10:46:01 - [MESSAGE][PASSED] - Object: 'Object Repository/Page_KiboPush  Dashboard/span_Invite Subscribers' is clicked on

2019-04-30 10:46:01 - [TEST_STEP][PASSED] - delay(1): Delayed 1 second(s)

2019-04-30 10:46:02 - [MESSAGE][PASSED] - Delayed 1 second(s)

2019-04-30 10:46:02 - [MESSAGE][PASSED] - Call Test Case 'Test Cases/s-sidebar_navigation/individualAccount/Landing Pages' successfully]]></system-out>
         <system-err><![CDATA[]]></system-err>
      </testcase>
      <testcase name="Test Cases/Landing Pages/TC11240" classname="Test Cases/Landing Pages/TC11240" status="PASSED">
         <system-out><![CDATA[2019-04-30 10:46:02 - [TEST_CASE][PASSED] - Test Cases/Landing Pages/TC11240: Test Cases/Landing Pages/TC11240

2019-04-30 10:46:02 - [TEST_STEP][PASSED] - callTestCase(findTestCase("s-sidebar_navigation/individualAccount/Landing Pages"), [:], STOP_ON_FAILURE): Call Test Case 'Test Cases/s-sidebar_navigation/individualAccount/Landing Pages' successfully

2019-04-30 10:46:02 - [TEST_CASE][PASSED] - Test Cases/s-sidebar_navigation/individualAccount/Landing Pages: Test Cases/s-sidebar_navigation/individualAccount/Landing Pages

2019-04-30 10:46:02 - [TEST_STEP][PASSED] - click(findTestObject("Page_KiboPush  Dashboard/span_Invite Subscribers")): Object: 'Object Repository/Page_KiboPush  Dashboard/span_Invite Subscribers' is clicked on

2019-04-30 10:46:02 - [MESSAGE][PASSED] - Object: 'Object Repository/Page_KiboPush  Dashboard/span_Invite Subscribers' is clicked on

2019-04-30 10:46:02 - [TEST_STEP][PASSED] - delay(1): Delayed 1 second(s)

2019-04-30 10:46:03 - [MESSAGE][PASSED] - Delayed 1 second(s)

2019-04-30 10:46:03 - [MESSAGE][PASSED] - Call Test Case 'Test Cases/s-sidebar_navigation/individualAccount/Landing Pages' successfully]]></system-out>
         <system-err><![CDATA[]]></system-err>
      </testcase>
      <testcase name="Test Cases/Landing Pages/TC11264" classname="Test Cases/Landing Pages/TC11264" status="PASSED">
         <system-out><![CDATA[2019-04-30 10:46:03 - [TEST_CASE][PASSED] - Test Cases/Landing Pages/TC11264: Test Cases/Landing Pages/TC11264

2019-04-30 10:46:03 - [TEST_STEP][PASSED] - callTestCase(findTestCase("s-sidebar_navigation/individualAccount/Landing Pages"), [:], STOP_ON_FAILURE): Call Test Case 'Test Cases/s-sidebar_navigation/individualAccount/Landing Pages' successfully

2019-04-30 10:46:03 - [TEST_CASE][PASSED] - Test Cases/s-sidebar_navigation/individualAccount/Landing Pages: Test Cases/s-sidebar_navigation/individualAccount/Landing Pages

2019-04-30 10:46:03 - [TEST_STEP][PASSED] - click(findTestObject("Page_KiboPush  Dashboard/span_Invite Subscribers")): Object: 'Object Repository/Page_KiboPush  Dashboard/span_Invite Subscribers' is clicked on

2019-04-30 10:46:03 - [MESSAGE][PASSED] - Object: 'Object Repository/Page_KiboPush  Dashboard/span_Invite Subscribers' is clicked on

2019-04-30 10:46:03 - [TEST_STEP][PASSED] - delay(1): Delayed 1 second(s)

2019-04-30 10:46:04 - [MESSAGE][PASSED] - Delayed 1 second(s)

2019-04-30 10:46:04 - [MESSAGE][PASSED] - Call Test Case 'Test Cases/s-sidebar_navigation/individualAccount/Landing Pages' successfully]]></system-out>
         <system-err><![CDATA[]]></system-err>
      </testcase>
      <testcase name="Test Cases/Landing Pages/TC11258" classname="Test Cases/Landing Pages/TC11258" status="PASSED">
         <system-out><![CDATA[2019-04-30 10:46:04 - [TEST_CASE][PASSED] - Test Cases/Landing Pages/TC11258: Test Cases/Landing Pages/TC11258

2019-04-30 10:46:04 - [TEST_STEP][PASSED] - callTestCase(findTestCase("s-sidebar_navigation/individualAccount/Landing Pages"), [:], STOP_ON_FAILURE): Call Test Case 'Test Cases/s-sidebar_navigation/individualAccount/Landing Pages' successfully

2019-04-30 10:46:04 - [TEST_CASE][PASSED] - Test Cases/s-sidebar_navigation/individualAccount/Landing Pages: Test Cases/s-sidebar_navigation/individualAccount/Landing Pages

2019-04-30 10:46:04 - [TEST_STEP][PASSED] - click(findTestObject("Page_KiboPush  Dashboard/span_Invite Subscribers")): Object: 'Object Repository/Page_KiboPush  Dashboard/span_Invite Subscribers' is clicked on

2019-04-30 10:46:04 - [MESSAGE][PASSED] - Object: 'Object Repository/Page_KiboPush  Dashboard/span_Invite Subscribers' is clicked on

2019-04-30 10:46:04 - [TEST_STEP][PASSED] - delay(1): Delayed 1 second(s)

2019-04-30 10:46:05 - [MESSAGE][PASSED] - Delayed 1 second(s)

2019-04-30 10:46:05 - [MESSAGE][PASSED] - Call Test Case 'Test Cases/s-sidebar_navigation/individualAccount/Landing Pages' successfully]]></system-out>
         <system-err><![CDATA[]]></system-err>
      </testcase>
      <testcase name="Test Cases/Landing Pages/TC11273" classname="Test Cases/Landing Pages/TC11273" status="PASSED">
         <system-out><![CDATA[2019-04-30 10:46:05 - [TEST_CASE][PASSED] - Test Cases/Landing Pages/TC11273: Test Cases/Landing Pages/TC11273

2019-04-30 10:46:05 - [TEST_STEP][PASSED] - callTestCase(findTestCase("s-sidebar_navigation/individualAccount/Landing Pages"), [:], STOP_ON_FAILURE): Call Test Case 'Test Cases/s-sidebar_navigation/individualAccount/Landing Pages' successfully

2019-04-30 10:46:05 - [TEST_CASE][PASSED] - Test Cases/s-sidebar_navigation/individualAccount/Landing Pages: Test Cases/s-sidebar_navigation/individualAccount/Landing Pages

2019-04-30 10:46:05 - [TEST_STEP][PASSED] - click(findTestObject("Page_KiboPush  Dashboard/span_Invite Subscribers")): Object: 'Object Repository/Page_KiboPush  Dashboard/span_Invite Subscribers' is clicked on

2019-04-30 10:46:05 - [MESSAGE][PASSED] - Object: 'Object Repository/Page_KiboPush  Dashboard/span_Invite Subscribers' is clicked on

2019-04-30 10:46:05 - [TEST_STEP][PASSED] - delay(1): Delayed 1 second(s)

2019-04-30 10:46:06 - [MESSAGE][PASSED] - Delayed 1 second(s)

2019-04-30 10:46:06 - [MESSAGE][PASSED] - Call Test Case 'Test Cases/s-sidebar_navigation/individualAccount/Landing Pages' successfully]]></system-out>
         <system-err><![CDATA[]]></system-err>
      </testcase>
      <system-out><![CDATA[2019-04-30 10:44:57 - [TEST_SUITE][PASSED] - Landing Pages: Test Cases/Landing Pages/TC11273]]></system-out>
      <system-err><![CDATA[]]></system-err>
   </testsuite>
</testsuites>
