<?xml version="1.0" encoding="UTF-8"?>
<testsuites name="capture" time="1735" tests="5" failures="10" errors="4">
   <testsuite name="capture" tests="5" failures="10" errors="4" time="1735" timestamp="2019-03-27 12:05:13" hostname="cloudkibo-faizan - cloudkibo-faizan" id="Test Suites/capture">
      <properties>
         <property name="deviceName" value=""/>
         <property name="devicePlatform" value=""/>
         <property name="logFolder" value="/home/cloudkibo-faizan/Drive/Katalon/production/KiboPush/Reports/capture/20190327_120511"/>
         <property name="logFiles" value="/home/cloudkibo-faizan/Drive/Katalon/production/KiboPush/Reports/capture/20190327_120511/execution0.log"/>
         <property name="attachments" value="/home/cloudkibo-faizan/Drive/Katalon/production/KiboPush/Reports/capture/20190327_120511/1553670539149.png, /home/cloudkibo-faizan/Drive/Katalon/production/KiboPush/Reports/capture/20190327_120511/1553670741736.png, /home/cloudkibo-faizan/Drive/Katalon/production/KiboPush/Reports/capture/20190327_120511/1553670829224.png, /home/cloudkibo-faizan/Drive/Katalon/production/KiboPush/Reports/capture/20190327_120511/1553670994849.png, /home/cloudkibo-faizan/Drive/Katalon/production/KiboPush/Reports/capture/20190327_120511/1553671060324.png, /home/cloudkibo-faizan/Drive/Katalon/production/KiboPush/Reports/capture/20190327_120511/1553671448094.png, /home/cloudkibo-faizan/Drive/Katalon/production/KiboPush/Reports/capture/20190327_120511/1553671529238.png, /home/cloudkibo-faizan/Drive/Katalon/production/KiboPush/Reports/capture/20190327_120511/1553671719309.png, /home/cloudkibo-faizan/Drive/Katalon/production/KiboPush/Reports/capture/20190327_120511/1553671870042.png, /home/cloudkibo-faizan/Drive/Katalon/production/KiboPush/Reports/capture/20190327_120511/1553672048336.png"/>
         <property name="hostName" value="cloudkibo-faizan - cloudkibo-faizan"/>
         <property name="os" value="Linux 64bit"/>
         <property name="katalonVersion" value="6.0.6.4"/>
         <property name="browser" value="Chrome 73.0.3683.75"/>
         <property name="hostAddress" value="127.0.1.1"/>
         <property name="sessionId" value="9953fe5969b39013d7b0ee2edddc2890"/>
         <property name="seleniumVersion" value="3.7.1"/>
         <property name="proxyInformation" value="ProxyInformation{proxyOption=NO_PROXY, proxyServerType=HTTP, password=, proxyServerAddress=, proxyServerPort=0}"/>
         <property name="platform" value="Linux"/>
      </properties>
      <testcase name="Test Cases/Comment Capture TestCases/TC0505" classname="Test Cases/Comment Capture TestCases/TC0505" status="PASSED">
         <system-out><![CDATA[2019-03-27 12:05:13 - [TEST_CASE][PASSED] - Test Cases/Comment Capture TestCases/TC0505: Test Cases/Comment Capture TestCases/TC0505

2019-03-27 12:05:13 - [TEST_STEP][PASSED] - callTestCase(findTestCase("s-sidebar_navigation/individualAccount/Comment capture"), [:], STOP_ON_FAILURE): Call Test Case 'Test Cases/s-sidebar_navigation/individualAccount/Comment capture' successfully

2019-03-27 12:05:13 - [TEST_CASE][PASSED] - Test Cases/s-sidebar_navigation/individualAccount/Comment capture: Test Cases/s-sidebar_navigation/individualAccount/Comment capture

2019-03-27 12:05:13 - [TEST_STEP][PASSED] - callTestCase(findTestCase("s-sidebar_navigation/individualAccount/Login-KiboEngage"), [:], STOP_ON_FAILURE): Call Test Case 'Test Cases/s-sidebar_navigation/individualAccount/Login-KiboEngage' successfully

2019-03-27 12:05:13 - [TEST_CASE][PASSED] - Test Cases/s-sidebar_navigation/individualAccount/Login-KiboEngage: Test Cases/s-sidebar_navigation/individualAccount/Login-KiboEngage

2019-03-27 12:05:13 - [TEST_STEP][PASSED] - openBrowser(""): Browser is opened with url: ''

2019-03-27 12:05:13 - [MESSAGE][INFO] - Starting 'Chrome' driver

2019-03-27 12:05:13 - [MESSAGE][INFO] - Action delay is set to 0 seconds

2019-03-27 12:05:14 - [MESSAGE][PASSED] - Browser is opened with url: ''

2019-03-27 12:05:14 - [TEST_STEP][PASSED] - maximizeWindow(): Current window maximized

2019-03-27 12:05:14 - [MESSAGE][PASSED] - Current window maximized

2019-03-27 12:05:14 - [TEST_STEP][PASSED] - navigateToUrl("https://kiboengage.cloudkibo.com/"): Navigate to 'https://kiboengage.cloudkibo.com/' successfully

2019-03-27 12:05:28 - [MESSAGE][PASSED] - Navigate to 'https://kiboengage.cloudkibo.com/' successfully

2019-03-27 12:05:28 - [TEST_STEP][PASSED] - navigateToUrl("https://accounts.cloudkibo.com/?continue=https://kiboengage.cloudkibo.com"): Navigate to 'https://accounts.cloudkibo.com/?continue=https://kiboengage.cloudkibo.com' successfully

2019-03-27 12:05:28 - [MESSAGE][PASSED] - Navigate to 'https://accounts.cloudkibo.com/?continue=https://kiboengage.cloudkibo.com' successfully

2019-03-27 12:05:28 - [TEST_STEP][PASSED] - click(findTestObject("Page_KiboPush/a_Login (9) (1)")): Object: 'Object Repository/Page_KiboPush/a_Login (9) (1)' is clicked on

2019-03-27 12:05:30 - [MESSAGE][PASSED] - Object: 'Object Repository/Page_KiboPush/a_Login (9) (1)' is clicked on

2019-03-27 12:05:30 - [TEST_STEP][PASSED] - setText(findTestObject("Page_KiboPush/input_email (10) (1)"), "individual@cloudkibo.com"): Text 'individual@cloudkibo.com' is set on object 'Object Repository/Page_KiboPush/input_email (10) (1)'

2019-03-27 12:05:30 - [MESSAGE][PASSED] - Text 'individual@cloudkibo.com' is set on object 'Object Repository/Page_KiboPush/input_email (10) (1)'

2019-03-27 12:05:30 - [TEST_STEP][PASSED] - setEncryptedText(findTestObject("Page_KiboPush/input_password (9) (1)"), "RigbBhfdqOBGNlJIWM1ClA=="): Text ****** has been set on object 'Object Repository/Page_KiboPush/input_password (9) (1)'

2019-03-27 12:05:30 - [MESSAGE][PASSED] - Text ****** has been set on object 'Object Repository/Page_KiboPush/input_password (9) (1)'

2019-03-27 12:05:30 - [TEST_STEP][PASSED] - click(findTestObject("Page_KiboPush/button_Sign In (10) (1)")): Object: 'Object Repository/Page_KiboPush/button_Sign In (10) (1)' is clicked on

2019-03-27 12:05:30 - [MESSAGE][PASSED] - Object: 'Object Repository/Page_KiboPush/button_Sign In (10) (1)' is clicked on

2019-03-27 12:05:30 - [TEST_STEP][PASSED] - navigateToUrl("https://kiboengage.cloudkibo.com/dashboard"): Navigate to 'https://kiboengage.cloudkibo.com/dashboard' successfully

2019-03-27 12:05:58 - [MESSAGE][PASSED] - Navigate to 'https://kiboengage.cloudkibo.com/dashboard' successfully

2019-03-27 12:05:58 - [TEST_STEP][PASSED] - click(findTestObject("Object Repository/Page_KiboPush  Dashboard/h3_Dashboard (57)")): Object: 'Object Repository/Page_KiboPush  Dashboard/h3_Dashboard (57)' is clicked on

2019-03-27 12:05:58 - [MESSAGE][PASSED] - Object: 'Object Repository/Page_KiboPush  Dashboard/h3_Dashboard (57)' is clicked on

2019-03-27 12:05:58 - [TEST_STEP][PASSED] - delay(3): Delayed 3 second(s)

2019-03-27 12:06:01 - [MESSAGE][PASSED] - Delayed 3 second(s)

2019-03-27 12:06:01 - [MESSAGE][PASSED] - Call Test Case 'Test Cases/s-sidebar_navigation/individualAccount/Login-KiboEngage' successfully

2019-03-27 12:06:01 - [TEST_STEP][PASSED] - click(findTestObject("Page_KiboPush  Dashboard/span_Growth Tools")): Object: 'Object Repository/Page_KiboPush  Dashboard/span_Growth Tools' is clicked on

2019-03-27 12:06:01 - [MESSAGE][PASSED] - Object: 'Object Repository/Page_KiboPush  Dashboard/span_Growth Tools' is clicked on

2019-03-27 12:06:01 - [TEST_STEP][PASSED] - delay(1): Delayed 1 second(s)

2019-03-27 12:06:02 - [MESSAGE][PASSED] - Delayed 1 second(s)

2019-03-27 12:06:02 - [TEST_STEP][PASSED] - click(findTestObject("Page_KiboPush  Dashboard/span_Comment Capture")): Object: 'Object Repository/Page_KiboPush  Dashboard/span_Comment Capture' is clicked on

2019-03-27 12:06:02 - [MESSAGE][PASSED] - Object: 'Object Repository/Page_KiboPush  Dashboard/span_Comment Capture' is clicked on

2019-03-27 12:06:02 - [TEST_STEP][PASSED] - click(findTestObject("Page_KiboPush  Comment Capture/h3_Comment Capture")): Object: 'Object Repository/Page_KiboPush  Comment Capture/h3_Comment Capture' is clicked on

2019-03-27 12:06:02 - [MESSAGE][PASSED] - Object: 'Object Repository/Page_KiboPush  Comment Capture/h3_Comment Capture' is clicked on

2019-03-27 12:06:02 - [MESSAGE][PASSED] - Call Test Case 'Test Cases/s-sidebar_navigation/individualAccount/Comment capture' successfully]]></system-out>
         <system-err><![CDATA[]]></system-err>
      </testcase>
      <testcase name="Test Cases/Comment Capture TestCases/TC0507" classname="Test Cases/Comment Capture TestCases/TC0507" status="ERROR">
         <error type="ERROR" message="Test Cases/Comment Capture TestCases/TC0507 FAILED.
Reason:
org.openqa.selenium.NoSuchElementException: no such element: Unable to locate element: {&quot;method&quot;:&quot;xpath&quot;,&quot;selector&quot;:&quot;//table/tbody&quot;}
  (Session info: chrome=73.0.3683.75)
  (Driver info: chromedriver=2.43.600233 (523efee95e3d68b8719b3a1c83051aa63aa6b10d),platform=Linux 4.18.0-16-generic x86_64) (WARNING: The server did not provide any stacktrace information)
Command duration or timeout: 0 milliseconds
For documentation on this error, please visit: http://seleniumhq.org/exceptions/no_such_element.html
Build info: version: '3.7.1', revision: '8a0099a', time: '2017-11-06T21:07:36.161Z'
System info: host: 'cloudkibo-faizan', ip: '127.0.1.1', os.name: 'Linux', os.arch: 'amd64', os.version: '4.18.0-16-generic', java.version: '1.8.0_191'
Driver info: com.kms.katalon.selenium.driver.CChromeDriver
Capabilities {acceptInsecureCerts: false, acceptSslCerts: false, applicationCacheEnabled: false, browserConnectionEnabled: false, browserName: chrome, chrome: {chromedriverVersion: 2.43.600233 (523efee95e3d68..., userDataDir: /tmp/.org.chromium.Chromium...}, cssSelectorsEnabled: true, databaseEnabled: false, goog:chromeOptions: {debuggerAddress: localhost:35717}, handlesAlerts: true, hasTouchScreen: false, javascriptEnabled: true, locationContextEnabled: true, mobileEmulationEnabled: false, nativeEvents: true, networkConnectionEnabled: false, pageLoadStrategy: normal, platform: LINUX, platformName: LINUX, rotatable: false, setWindowRect: true, takesHeapSnapshot: true, takesScreenshot: true, unexpectedAlertBehaviour: , unhandledPromptBehavior: , version: 73.0.3683.75, webStorageEnabled: true}
Session ID: 52aa3eb981eac696a67e92c94e44e9f8
*** Element info: {Using=xpath, value=//table/tbody}
	at org.openqa.selenium.remote.ErrorHandler.createThrowable(ErrorHandler.java:214)
	at org.openqa.selenium.remote.ErrorHandler.throwIfResponseFailed(ErrorHandler.java:166)
	at org.openqa.selenium.remote.http.JsonHttpResponseCodec.reconstructValue(JsonHttpResponseCodec.java:40)
	at org.openqa.selenium.remote.http.AbstractHttpResponseCodec.decode(AbstractHttpResponseCodec.java:80)
	at org.openqa.selenium.remote.http.AbstractHttpResponseCodec.decode(AbstractHttpResponseCodec.java:44)
	at org.openqa.selenium.remote.HttpCommandExecutor.execute(HttpCommandExecutor.java:164)
	at org.openqa.selenium.remote.service.DriverCommandExecutor.execute(DriverCommandExecutor.java:83)
	at org.openqa.selenium.remote.RemoteWebDriver.execute(RemoteWebDriver.java:600)
	at com.kms.katalon.selenium.driver.CChromeDriver.execute(CChromeDriver.java:20)
	at org.openqa.selenium.remote.RemoteWebDriver.findElement(RemoteWebDriver.java:370)
	at org.openqa.selenium.remote.RemoteWebDriver.findElementByXPath(RemoteWebDriver.java:472)
	at org.openqa.selenium.By$ByXPath.findElement(By.java:361)
	at org.openqa.selenium.remote.RemoteWebDriver.findElement(RemoteWebDriver.java:362)
	at org.openqa.selenium.WebDriver$findElement.call(Unknown Source)
	at TC0507.run(TC0507:35)
	at com.kms.katalon.core.main.ScriptEngine.run(ScriptEngine.java:194)
	at com.kms.katalon.core.main.ScriptEngine.runScriptAsRawText(ScriptEngine.java:119)
	at com.kms.katalon.core.main.TestCaseExecutor.runScript(TestCaseExecutor.java:331)
	at com.kms.katalon.core.main.TestCaseExecutor.doExecute(TestCaseExecutor.java:322)
	at com.kms.katalon.core.main.TestCaseExecutor.processExecutionPhase(TestCaseExecutor.java:301)
	at com.kms.katalon.core.main.TestCaseExecutor.accessMainPhase(TestCaseExecutor.java:293)
	at com.kms.katalon.core.main.TestCaseExecutor.execute(TestCaseExecutor.java:227)
	at com.kms.katalon.core.main.TestSuiteExecutor.accessTestCaseMainPhase(TestSuiteExecutor.java:129)
	at com.kms.katalon.core.main.TestSuiteExecutor.accessTestSuiteMainPhase(TestSuiteExecutor.java:112)
	at com.kms.katalon.core.main.TestSuiteExecutor.execute(TestSuiteExecutor.java:81)
	at com.kms.katalon.core.main.TestCaseMain.startTestSuite(TestCaseMain.java:157)
	at com.kms.katalon.core.main.TestCaseMain$startTestSuite$0.call(Unknown Source)
	at TempTestSuite1553670311511.run(TempTestSuite1553670311511.groovy:35)
"/>
         <system-out><![CDATA[2019-03-27 12:06:02 - [TEST_CASE][ERROR] - Test Cases/Comment Capture TestCases/TC0507: Test Cases/Comment Capture TestCases/TC0507 FAILED.
Reason:
org.openqa.selenium.NoSuchElementException: no such element: Unable to locate element: {"method":"xpath","selector":"//table/tbody"}
  (Session info: chrome=73.0.3683.75)
  (Driver info: chromedriver=2.43.600233 (523efee95e3d68b8719b3a1c83051aa63aa6b10d),platform=Linux 4.18.0-16-generic x86_64) (WARNING: The server did not provide any stacktrace information)
Command duration or timeout: 0 milliseconds
For documentation on this error, please visit: http://seleniumhq.org/exceptions/no_such_element.html
Build info: version: '3.7.1', revision: '8a0099a', time: '2017-11-06T21:07:36.161Z'
System info: host: 'cloudkibo-faizan', ip: '127.0.1.1', os.name: 'Linux', os.arch: 'amd64', os.version: '4.18.0-16-generic', java.version: '1.8.0_191'
Driver info: com.kms.katalon.selenium.driver.CChromeDriver
Capabilities {acceptInsecureCerts: false, acceptSslCerts: false, applicationCacheEnabled: false, browserConnectionEnabled: false, browserName: chrome, chrome: {chromedriverVersion: 2.43.600233 (523efee95e3d68..., userDataDir: /tmp/.org.chromium.Chromium...}, cssSelectorsEnabled: true, databaseEnabled: false, goog:chromeOptions: {debuggerAddress: localhost:35717}, handlesAlerts: true, hasTouchScreen: false, javascriptEnabled: true, locationContextEnabled: true, mobileEmulationEnabled: false, nativeEvents: true, networkConnectionEnabled: false, pageLoadStrategy: normal, platform: LINUX, platformName: LINUX, rotatable: false, setWindowRect: true, takesHeapSnapshot: true, takesScreenshot: true, unexpectedAlertBehaviour: , unhandledPromptBehavior: , version: 73.0.3683.75, webStorageEnabled: true}
Session ID: 52aa3eb981eac696a67e92c94e44e9f8
*** Element info: {Using=xpath, value=//table/tbody}
	at org.openqa.selenium.remote.ErrorHandler.createThrowable(ErrorHandler.java:214)
	at org.openqa.selenium.remote.ErrorHandler.throwIfResponseFailed(ErrorHandler.java:166)
	at org.openqa.selenium.remote.http.JsonHttpResponseCodec.reconstructValue(JsonHttpResponseCodec.java:40)
	at org.openqa.selenium.remote.http.AbstractHttpResponseCodec.decode(AbstractHttpResponseCodec.java:80)
	at org.openqa.selenium.remote.http.AbstractHttpResponseCodec.decode(AbstractHttpResponseCodec.java:44)
	at org.openqa.selenium.remote.HttpCommandExecutor.execute(HttpCommandExecutor.java:164)
	at org.openqa.selenium.remote.service.DriverCommandExecutor.execute(DriverCommandExecutor.java:83)
	at org.openqa.selenium.remote.RemoteWebDriver.execute(RemoteWebDriver.java:600)
	at com.kms.katalon.selenium.driver.CChromeDriver.execute(CChromeDriver.java:20)
	at org.openqa.selenium.remote.RemoteWebDriver.findElement(RemoteWebDriver.java:370)
	at org.openqa.selenium.remote.RemoteWebDriver.findElementByXPath(RemoteWebDriver.java:472)
	at org.openqa.selenium.By$ByXPath.findElement(By.java:361)
	at org.openqa.selenium.remote.RemoteWebDriver.findElement(RemoteWebDriver.java:362)
	at org.openqa.selenium.WebDriver$findElement.call(Unknown Source)
	at TC0507.run(TC0507:35)
	at com.kms.katalon.core.main.ScriptEngine.run(ScriptEngine.java:194)
	at com.kms.katalon.core.main.ScriptEngine.runScriptAsRawText(ScriptEngine.java:119)
	at com.kms.katalon.core.main.TestCaseExecutor.runScript(TestCaseExecutor.java:331)
	at com.kms.katalon.core.main.TestCaseExecutor.doExecute(TestCaseExecutor.java:322)
	at com.kms.katalon.core.main.TestCaseExecutor.processExecutionPhase(TestCaseExecutor.java:301)
	at com.kms.katalon.core.main.TestCaseExecutor.accessMainPhase(TestCaseExecutor.java:293)
	at com.kms.katalon.core.main.TestCaseExecutor.execute(TestCaseExecutor.java:227)
	at com.kms.katalon.core.main.TestSuiteExecutor.accessTestCaseMainPhase(TestSuiteExecutor.java:129)
	at com.kms.katalon.core.main.TestSuiteExecutor.accessTestSuiteMainPhase(TestSuiteExecutor.java:112)
	at com.kms.katalon.core.main.TestSuiteExecutor.execute(TestSuiteExecutor.java:81)
	at com.kms.katalon.core.main.TestCaseMain.startTestSuite(TestCaseMain.java:157)
	at com.kms.katalon.core.main.TestCaseMain$startTestSuite$0.call(Unknown Source)
	at TempTestSuite1553670311511.run(TempTestSuite1553670311511.groovy:35)


2019-03-27 12:06:03 - [TEST_STEP][PASSED] - callTestCase(findTestCase("s-sidebar_navigation/individualAccount/Comment capture"), [:], STOP_ON_FAILURE): Call Test Case 'Test Cases/s-sidebar_navigation/individualAccount/Comment capture' successfully

2019-03-27 12:06:03 - [TEST_CASE][PASSED] - Test Cases/s-sidebar_navigation/individualAccount/Comment capture: Test Cases/s-sidebar_navigation/individualAccount/Comment capture

2019-03-27 12:06:03 - [TEST_STEP][PASSED] - callTestCase(findTestCase("s-sidebar_navigation/individualAccount/Login-KiboEngage"), [:], STOP_ON_FAILURE): Call Test Case 'Test Cases/s-sidebar_navigation/individualAccount/Login-KiboEngage' successfully

2019-03-27 12:06:03 - [TEST_CASE][PASSED] - Test Cases/s-sidebar_navigation/individualAccount/Login-KiboEngage: Test Cases/s-sidebar_navigation/individualAccount/Login-KiboEngage

2019-03-27 12:06:03 - [TEST_STEP][PASSED] - openBrowser(""): Browser is opened with url: ''

2019-03-27 12:06:03 - [MESSAGE][WARNING] - A browser is already opened. Closing browser and opening a new one

2019-03-27 12:06:03 - [MESSAGE][INFO] - Starting 'Chrome' driver

2019-03-27 12:06:03 - [MESSAGE][PASSED] - Browser is opened with url: ''

2019-03-27 12:06:03 - [TEST_STEP][PASSED] - maximizeWindow(): Current window maximized

2019-03-27 12:06:03 - [MESSAGE][PASSED] - Current window maximized

2019-03-27 12:06:03 - [TEST_STEP][PASSED] - navigateToUrl("https://kiboengage.cloudkibo.com/"): Navigate to 'https://kiboengage.cloudkibo.com/' successfully

2019-03-27 12:06:20 - [MESSAGE][PASSED] - Navigate to 'https://kiboengage.cloudkibo.com/' successfully

2019-03-27 12:06:20 - [TEST_STEP][PASSED] - navigateToUrl("https://accounts.cloudkibo.com/?continue=https://kiboengage.cloudkibo.com"): Navigate to 'https://accounts.cloudkibo.com/?continue=https://kiboengage.cloudkibo.com' successfully

2019-03-27 12:06:21 - [MESSAGE][PASSED] - Navigate to 'https://accounts.cloudkibo.com/?continue=https://kiboengage.cloudkibo.com' successfully

2019-03-27 12:06:21 - [TEST_STEP][PASSED] - click(findTestObject("Page_KiboPush/a_Login (9) (1)")): Object: 'Object Repository/Page_KiboPush/a_Login (9) (1)' is clicked on

2019-03-27 12:06:22 - [MESSAGE][PASSED] - Object: 'Object Repository/Page_KiboPush/a_Login (9) (1)' is clicked on

2019-03-27 12:06:22 - [TEST_STEP][PASSED] - setText(findTestObject("Page_KiboPush/input_email (10) (1)"), "individual@cloudkibo.com"): Text 'individual@cloudkibo.com' is set on object 'Object Repository/Page_KiboPush/input_email (10) (1)'

2019-03-27 12:06:22 - [MESSAGE][PASSED] - Text 'individual@cloudkibo.com' is set on object 'Object Repository/Page_KiboPush/input_email (10) (1)'

2019-03-27 12:06:22 - [TEST_STEP][PASSED] - setEncryptedText(findTestObject("Page_KiboPush/input_password (9) (1)"), "RigbBhfdqOBGNlJIWM1ClA=="): Text ****** has been set on object 'Object Repository/Page_KiboPush/input_password (9) (1)'

2019-03-27 12:06:22 - [MESSAGE][PASSED] - Text ****** has been set on object 'Object Repository/Page_KiboPush/input_password (9) (1)'

2019-03-27 12:06:22 - [TEST_STEP][PASSED] - click(findTestObject("Page_KiboPush/button_Sign In (10) (1)")): Object: 'Object Repository/Page_KiboPush/button_Sign In (10) (1)' is clicked on

2019-03-27 12:06:22 - [MESSAGE][PASSED] - Object: 'Object Repository/Page_KiboPush/button_Sign In (10) (1)' is clicked on

2019-03-27 12:06:22 - [TEST_STEP][PASSED] - navigateToUrl("https://kiboengage.cloudkibo.com/dashboard"): Navigate to 'https://kiboengage.cloudkibo.com/dashboard' successfully

2019-03-27 12:06:52 - [MESSAGE][PASSED] - Navigate to 'https://kiboengage.cloudkibo.com/dashboard' successfully

2019-03-27 12:06:52 - [TEST_STEP][PASSED] - click(findTestObject("Object Repository/Page_KiboPush  Dashboard/h3_Dashboard (57)")): Object: 'Object Repository/Page_KiboPush  Dashboard/h3_Dashboard (57)' is clicked on

2019-03-27 12:06:52 - [MESSAGE][PASSED] - Object: 'Object Repository/Page_KiboPush  Dashboard/h3_Dashboard (57)' is clicked on

2019-03-27 12:06:52 - [TEST_STEP][PASSED] - delay(3): Delayed 3 second(s)

2019-03-27 12:06:55 - [MESSAGE][PASSED] - Delayed 3 second(s)

2019-03-27 12:06:55 - [MESSAGE][PASSED] - Call Test Case 'Test Cases/s-sidebar_navigation/individualAccount/Login-KiboEngage' successfully

2019-03-27 12:06:55 - [TEST_STEP][PASSED] - click(findTestObject("Page_KiboPush  Dashboard/span_Growth Tools")): Object: 'Object Repository/Page_KiboPush  Dashboard/span_Growth Tools' is clicked on

2019-03-27 12:06:55 - [MESSAGE][PASSED] - Object: 'Object Repository/Page_KiboPush  Dashboard/span_Growth Tools' is clicked on

2019-03-27 12:06:55 - [TEST_STEP][PASSED] - delay(1): Delayed 1 second(s)

2019-03-27 12:06:56 - [MESSAGE][PASSED] - Delayed 1 second(s)

2019-03-27 12:06:56 - [TEST_STEP][PASSED] - click(findTestObject("Page_KiboPush  Dashboard/span_Comment Capture")): Object: 'Object Repository/Page_KiboPush  Dashboard/span_Comment Capture' is clicked on

2019-03-27 12:06:56 - [MESSAGE][PASSED] - Object: 'Object Repository/Page_KiboPush  Dashboard/span_Comment Capture' is clicked on

2019-03-27 12:06:56 - [TEST_STEP][PASSED] - click(findTestObject("Page_KiboPush  Comment Capture/h3_Comment Capture")): Object: 'Object Repository/Page_KiboPush  Comment Capture/h3_Comment Capture' is clicked on

2019-03-27 12:06:56 - [MESSAGE][PASSED] - Object: 'Object Repository/Page_KiboPush  Comment Capture/h3_Comment Capture' is clicked on

2019-03-27 12:06:56 - [MESSAGE][PASSED] - Call Test Case 'Test Cases/s-sidebar_navigation/individualAccount/Comment capture' successfully

2019-03-27 12:06:56 - [TEST_STEP][PASSED] - delay(5): Delayed 5 second(s)

2019-03-27 12:07:01 - [MESSAGE][PASSED] - Delayed 5 second(s)

2019-03-27 12:07:01 - [TEST_STEP][PASSED] - driver = getWebDriver(): null

2019-03-27 12:07:01 - [TEST_STEP][ERROR] - Table = driver.findElement(By.xpath("//table/tbody")): Table = driver.findElement(By.xpath("//table/tbody")) FAILED.
Reason:
org.openqa.selenium.NoSuchElementException: no such element: Unable to locate element: {"method":"xpath","selector":"//table/tbody"}
  (Session info: chrome=73.0.3683.75)
  (Driver info: chromedriver=2.43.600233 (523efee95e3d68b8719b3a1c83051aa63aa6b10d),platform=Linux 4.18.0-16-generic x86_64) (WARNING: The server did not provide any stacktrace information)
Command duration or timeout: 0 milliseconds
For documentation on this error, please visit: http://seleniumhq.org/exceptions/no_such_element.html
Build info: version: '3.7.1', revision: '8a0099a', time: '2017-11-06T21:07:36.161Z'
System info: host: 'cloudkibo-faizan', ip: '127.0.1.1', os.name: 'Linux', os.arch: 'amd64', os.version: '4.18.0-16-generic', java.version: '1.8.0_191'
Driver info: com.kms.katalon.selenium.driver.CChromeDriver
Capabilities {acceptInsecureCerts: false, acceptSslCerts: false, applicationCacheEnabled: false, browserConnectionEnabled: false, browserName: chrome, chrome: {chromedriverVersion: 2.43.600233 (523efee95e3d68..., userDataDir: /tmp/.org.chromium.Chromium...}, cssSelectorsEnabled: true, databaseEnabled: false, goog:chromeOptions: {debuggerAddress: localhost:35717}, handlesAlerts: true, hasTouchScreen: false, javascriptEnabled: true, locationContextEnabled: true, mobileEmulationEnabled: false, nativeEvents: true, networkConnectionEnabled: false, pageLoadStrategy: normal, platform: LINUX, platformName: LINUX, rotatable: false, setWindowRect: true, takesHeapSnapshot: true, takesScreenshot: true, unexpectedAlertBehaviour: , unhandledPromptBehavior: , version: 73.0.3683.75, webStorageEnabled: true}
Session ID: 52aa3eb981eac696a67e92c94e44e9f8
*** Element info: {Using=xpath, value=//table/tbody}
	at org.openqa.selenium.remote.ErrorHandler.createThrowable(ErrorHandler.java:214)
	at org.openqa.selenium.remote.ErrorHandler.throwIfResponseFailed(ErrorHandler.java:166)
	at org.openqa.selenium.remote.http.JsonHttpResponseCodec.reconstructValue(JsonHttpResponseCodec.java:40)
	at org.openqa.selenium.remote.http.AbstractHttpResponseCodec.decode(AbstractHttpResponseCodec.java:80)
	at org.openqa.selenium.remote.http.AbstractHttpResponseCodec.decode(AbstractHttpResponseCodec.java:44)
	at org.openqa.selenium.remote.HttpCommandExecutor.execute(HttpCommandExecutor.java:164)
	at org.openqa.selenium.remote.service.DriverCommandExecutor.execute(DriverCommandExecutor.java:83)
	at org.openqa.selenium.remote.RemoteWebDriver.execute(RemoteWebDriver.java:600)
	at com.kms.katalon.selenium.driver.CChromeDriver.execute(CChromeDriver.java:20)
	at org.openqa.selenium.remote.RemoteWebDriver.findElement(RemoteWebDriver.java:370)
	at org.openqa.selenium.remote.RemoteWebDriver.findElementByXPath(RemoteWebDriver.java:472)
	at org.openqa.selenium.By$ByXPath.findElement(By.java:361)
	at org.openqa.selenium.remote.RemoteWebDriver.findElement(RemoteWebDriver.java:362)
	at org.openqa.selenium.WebDriver$findElement.call(Unknown Source)
	at TC0507.run(TC0507:35)
	at com.kms.katalon.core.main.ScriptEngine.run(ScriptEngine.java:194)
	at com.kms.katalon.core.main.ScriptEngine.runScriptAsRawText(ScriptEngine.java:119)
	at com.kms.katalon.core.main.TestCaseExecutor.runScript(TestCaseExecutor.java:331)
	at com.kms.katalon.core.main.TestCaseExecutor.doExecute(TestCaseExecutor.java:322)
	at com.kms.katalon.core.main.TestCaseExecutor.processExecutionPhase(TestCaseExecutor.java:301)
	at com.kms.katalon.core.main.TestCaseExecutor.accessMainPhase(TestCaseExecutor.java:293)
	at com.kms.katalon.core.main.TestCaseExecutor.execute(TestCaseExecutor.java:227)
	at com.kms.katalon.core.main.TestSuiteExecutor.accessTestCaseMainPhase(TestSuiteExecutor.java:129)
	at com.kms.katalon.core.main.TestSuiteExecutor.accessTestSuiteMainPhase(TestSuiteExecutor.java:112)
	at com.kms.katalon.core.main.TestSuiteExecutor.execute(TestSuiteExecutor.java:81)
	at com.kms.katalon.core.main.TestCaseMain.startTestSuite(TestCaseMain.java:157)
	at com.kms.katalon.core.main.TestCaseMain$startTestSuite$0.call(Unknown Source)
	at TempTestSuite1553670311511.run(TempTestSuite1553670311511.groovy:35)


2019-03-27 12:07:02 - [MESSAGE][ERROR] - Table = driver.findElement(By.xpath("//table/tbody")) FAILED.
Reason:
org.openqa.selenium.NoSuchElementException: no such element: Unable to locate element: {"method":"xpath","selector":"//table/tbody"}
  (Session info: chrome=73.0.3683.75)
  (Driver info: chromedriver=2.43.600233 (523efee95e3d68b8719b3a1c83051aa63aa6b10d),platform=Linux 4.18.0-16-generic x86_64) (WARNING: The server did not provide any stacktrace information)
Command duration or timeout: 0 milliseconds
For documentation on this error, please visit: http://seleniumhq.org/exceptions/no_such_element.html
Build info: version: '3.7.1', revision: '8a0099a', time: '2017-11-06T21:07:36.161Z'
System info: host: 'cloudkibo-faizan', ip: '127.0.1.1', os.name: 'Linux', os.arch: 'amd64', os.version: '4.18.0-16-generic', java.version: '1.8.0_191'
Driver info: com.kms.katalon.selenium.driver.CChromeDriver
Capabilities {acceptInsecureCerts: false, acceptSslCerts: false, applicationCacheEnabled: false, browserConnectionEnabled: false, browserName: chrome, chrome: {chromedriverVersion: 2.43.600233 (523efee95e3d68..., userDataDir: /tmp/.org.chromium.Chromium...}, cssSelectorsEnabled: true, databaseEnabled: false, goog:chromeOptions: {debuggerAddress: localhost:35717}, handlesAlerts: true, hasTouchScreen: false, javascriptEnabled: true, locationContextEnabled: true, mobileEmulationEnabled: false, nativeEvents: true, networkConnectionEnabled: false, pageLoadStrategy: normal, platform: LINUX, platformName: LINUX, rotatable: false, setWindowRect: true, takesHeapSnapshot: true, takesScreenshot: true, unexpectedAlertBehaviour: , unhandledPromptBehavior: , version: 73.0.3683.75, webStorageEnabled: true}
Session ID: 52aa3eb981eac696a67e92c94e44e9f8
*** Element info: {Using=xpath, value=//table/tbody}
	at org.openqa.selenium.remote.ErrorHandler.createThrowable(ErrorHandler.java:214)
	at org.openqa.selenium.remote.ErrorHandler.throwIfResponseFailed(ErrorHandler.java:166)
	at org.openqa.selenium.remote.http.JsonHttpResponseCodec.reconstructValue(JsonHttpResponseCodec.java:40)
	at org.openqa.selenium.remote.http.AbstractHttpResponseCodec.decode(AbstractHttpResponseCodec.java:80)
	at org.openqa.selenium.remote.http.AbstractHttpResponseCodec.decode(AbstractHttpResponseCodec.java:44)
	at org.openqa.selenium.remote.HttpCommandExecutor.execute(HttpCommandExecutor.java:164)
	at org.openqa.selenium.remote.service.DriverCommandExecutor.execute(DriverCommandExecutor.java:83)
	at org.openqa.selenium.remote.RemoteWebDriver.execute(RemoteWebDriver.java:600)
	at com.kms.katalon.selenium.driver.CChromeDriver.execute(CChromeDriver.java:20)
	at org.openqa.selenium.remote.RemoteWebDriver.findElement(RemoteWebDriver.java:370)
	at org.openqa.selenium.remote.RemoteWebDriver.findElementByXPath(RemoteWebDriver.java:472)
	at org.openqa.selenium.By$ByXPath.findElement(By.java:361)
	at org.openqa.selenium.remote.RemoteWebDriver.findElement(RemoteWebDriver.java:362)
	at org.openqa.selenium.WebDriver$findElement.call(Unknown Source)
	at TC0507.run(TC0507:35)
	at com.kms.katalon.core.main.ScriptEngine.run(ScriptEngine.java:194)
	at com.kms.katalon.core.main.ScriptEngine.runScriptAsRawText(ScriptEngine.java:119)
	at com.kms.katalon.core.main.TestCaseExecutor.runScript(TestCaseExecutor.java:331)
	at com.kms.katalon.core.main.TestCaseExecutor.doExecute(TestCaseExecutor.java:322)
	at com.kms.katalon.core.main.TestCaseExecutor.processExecutionPhase(TestCaseExecutor.java:301)
	at com.kms.katalon.core.main.TestCaseExecutor.accessMainPhase(TestCaseExecutor.java:293)
	at com.kms.katalon.core.main.TestCaseExecutor.execute(TestCaseExecutor.java:227)
	at com.kms.katalon.core.main.TestSuiteExecutor.accessTestCaseMainPhase(TestSuiteExecutor.java:129)
	at com.kms.katalon.core.main.TestSuiteExecutor.accessTestSuiteMainPhase(TestSuiteExecutor.java:112)
	at com.kms.katalon.core.main.TestSuiteExecutor.execute(TestSuiteExecutor.java:81)
	at com.kms.katalon.core.main.TestCaseMain.startTestSuite(TestCaseMain.java:157)
	at com.kms.katalon.core.main.TestCaseMain$startTestSuite$0.call(Unknown Source)
	at TempTestSuite1553670311511.run(TempTestSuite1553670311511.groovy:35)]]></system-out>
         <system-err><![CDATA[2019-03-27 12:06:02 - [TEST_CASE][ERROR] - Test Cases/Comment Capture TestCases/TC0507: Test Cases/Comment Capture TestCases/TC0507 FAILED.
Reason:
org.openqa.selenium.NoSuchElementException: no such element: Unable to locate element: {"method":"xpath","selector":"//table/tbody"}
  (Session info: chrome=73.0.3683.75)
  (Driver info: chromedriver=2.43.600233 (523efee95e3d68b8719b3a1c83051aa63aa6b10d),platform=Linux 4.18.0-16-generic x86_64) (WARNING: The server did not provide any stacktrace information)
Command duration or timeout: 0 milliseconds
For documentation on this error, please visit: http://seleniumhq.org/exceptions/no_such_element.html
Build info: version: '3.7.1', revision: '8a0099a', time: '2017-11-06T21:07:36.161Z'
System info: host: 'cloudkibo-faizan', ip: '127.0.1.1', os.name: 'Linux', os.arch: 'amd64', os.version: '4.18.0-16-generic', java.version: '1.8.0_191'
Driver info: com.kms.katalon.selenium.driver.CChromeDriver
Capabilities {acceptInsecureCerts: false, acceptSslCerts: false, applicationCacheEnabled: false, browserConnectionEnabled: false, browserName: chrome, chrome: {chromedriverVersion: 2.43.600233 (523efee95e3d68..., userDataDir: /tmp/.org.chromium.Chromium...}, cssSelectorsEnabled: true, databaseEnabled: false, goog:chromeOptions: {debuggerAddress: localhost:35717}, handlesAlerts: true, hasTouchScreen: false, javascriptEnabled: true, locationContextEnabled: true, mobileEmulationEnabled: false, nativeEvents: true, networkConnectionEnabled: false, pageLoadStrategy: normal, platform: LINUX, platformName: LINUX, rotatable: false, setWindowRect: true, takesHeapSnapshot: true, takesScreenshot: true, unexpectedAlertBehaviour: , unhandledPromptBehavior: , version: 73.0.3683.75, webStorageEnabled: true}
Session ID: 52aa3eb981eac696a67e92c94e44e9f8
*** Element info: {Using=xpath, value=//table/tbody}
	at org.openqa.selenium.remote.ErrorHandler.createThrowable(ErrorHandler.java:214)
	at org.openqa.selenium.remote.ErrorHandler.throwIfResponseFailed(ErrorHandler.java:166)
	at org.openqa.selenium.remote.http.JsonHttpResponseCodec.reconstructValue(JsonHttpResponseCodec.java:40)
	at org.openqa.selenium.remote.http.AbstractHttpResponseCodec.decode(AbstractHttpResponseCodec.java:80)
	at org.openqa.selenium.remote.http.AbstractHttpResponseCodec.decode(AbstractHttpResponseCodec.java:44)
	at org.openqa.selenium.remote.HttpCommandExecutor.execute(HttpCommandExecutor.java:164)
	at org.openqa.selenium.remote.service.DriverCommandExecutor.execute(DriverCommandExecutor.java:83)
	at org.openqa.selenium.remote.RemoteWebDriver.execute(RemoteWebDriver.java:600)
	at com.kms.katalon.selenium.driver.CChromeDriver.execute(CChromeDriver.java:20)
	at org.openqa.selenium.remote.RemoteWebDriver.findElement(RemoteWebDriver.java:370)
	at org.openqa.selenium.remote.RemoteWebDriver.findElementByXPath(RemoteWebDriver.java:472)
	at org.openqa.selenium.By$ByXPath.findElement(By.java:361)
	at org.openqa.selenium.remote.RemoteWebDriver.findElement(RemoteWebDriver.java:362)
	at org.openqa.selenium.WebDriver$findElement.call(Unknown Source)
	at TC0507.run(TC0507:35)
	at com.kms.katalon.core.main.ScriptEngine.run(ScriptEngine.java:194)
	at com.kms.katalon.core.main.ScriptEngine.runScriptAsRawText(ScriptEngine.java:119)
	at com.kms.katalon.core.main.TestCaseExecutor.runScript(TestCaseExecutor.java:331)
	at com.kms.katalon.core.main.TestCaseExecutor.doExecute(TestCaseExecutor.java:322)
	at com.kms.katalon.core.main.TestCaseExecutor.processExecutionPhase(TestCaseExecutor.java:301)
	at com.kms.katalon.core.main.TestCaseExecutor.accessMainPhase(TestCaseExecutor.java:293)
	at com.kms.katalon.core.main.TestCaseExecutor.execute(TestCaseExecutor.java:227)
	at com.kms.katalon.core.main.TestSuiteExecutor.accessTestCaseMainPhase(TestSuiteExecutor.java:129)
	at com.kms.katalon.core.main.TestSuiteExecutor.accessTestSuiteMainPhase(TestSuiteExecutor.java:112)
	at com.kms.katalon.core.main.TestSuiteExecutor.execute(TestSuiteExecutor.java:81)
	at com.kms.katalon.core.main.TestCaseMain.startTestSuite(TestCaseMain.java:157)
	at com.kms.katalon.core.main.TestCaseMain$startTestSuite$0.call(Unknown Source)
	at TempTestSuite1553670311511.run(TempTestSuite1553670311511.groovy:35)]]></system-err>
      </testcase>
      <testcase name="Test Cases/Comment Capture TestCases/TC0508" classname="Test Cases/Comment Capture TestCases/TC0508" status="ERROR">
         <error type="ERROR" message="Test Cases/Comment Capture TestCases/TC0508 FAILED.
Reason:
org.openqa.selenium.NoSuchElementException: no such element: Unable to locate element: {&quot;method&quot;:&quot;xpath&quot;,&quot;selector&quot;:&quot;//table/tbody/tr[1]/td[1]/span&quot;}
  (Session info: chrome=73.0.3683.75)
  (Driver info: chromedriver=2.43.600233 (523efee95e3d68b8719b3a1c83051aa63aa6b10d),platform=Linux 4.18.0-16-generic x86_64) (WARNING: The server did not provide any stacktrace information)
Command duration or timeout: 0 milliseconds
For documentation on this error, please visit: http://seleniumhq.org/exceptions/no_such_element.html
Build info: version: '3.7.1', revision: '8a0099a', time: '2017-11-06T21:07:36.161Z'
System info: host: 'cloudkibo-faizan', ip: '127.0.1.1', os.name: 'Linux', os.arch: 'amd64', os.version: '4.18.0-16-generic', java.version: '1.8.0_191'
Driver info: com.kms.katalon.selenium.driver.CChromeDriver
Capabilities {acceptInsecureCerts: false, acceptSslCerts: false, applicationCacheEnabled: false, browserConnectionEnabled: false, browserName: chrome, chrome: {chromedriverVersion: 2.43.600233 (523efee95e3d68..., userDataDir: /tmp/.org.chromium.Chromium...}, cssSelectorsEnabled: true, databaseEnabled: false, goog:chromeOptions: {debuggerAddress: localhost:44067}, handlesAlerts: true, hasTouchScreen: false, javascriptEnabled: true, locationContextEnabled: true, mobileEmulationEnabled: false, nativeEvents: true, networkConnectionEnabled: false, pageLoadStrategy: normal, platform: LINUX, platformName: LINUX, rotatable: false, setWindowRect: true, takesHeapSnapshot: true, takesScreenshot: true, unexpectedAlertBehaviour: , unhandledPromptBehavior: , version: 73.0.3683.75, webStorageEnabled: true}
Session ID: 0f21fecb24e4e2a7b5bb206b370aa283
*** Element info: {Using=xpath, value=//table/tbody/tr[1]/td[1]/span}
	at org.openqa.selenium.remote.ErrorHandler.createThrowable(ErrorHandler.java:214)
	at org.openqa.selenium.remote.ErrorHandler.throwIfResponseFailed(ErrorHandler.java:166)
	at org.openqa.selenium.remote.http.JsonHttpResponseCodec.reconstructValue(JsonHttpResponseCodec.java:40)
	at org.openqa.selenium.remote.http.AbstractHttpResponseCodec.decode(AbstractHttpResponseCodec.java:80)
	at org.openqa.selenium.remote.http.AbstractHttpResponseCodec.decode(AbstractHttpResponseCodec.java:44)
	at org.openqa.selenium.remote.HttpCommandExecutor.execute(HttpCommandExecutor.java:164)
	at org.openqa.selenium.remote.service.DriverCommandExecutor.execute(DriverCommandExecutor.java:83)
	at org.openqa.selenium.remote.RemoteWebDriver.execute(RemoteWebDriver.java:600)
	at com.kms.katalon.selenium.driver.CChromeDriver.execute(CChromeDriver.java:20)
	at org.openqa.selenium.remote.RemoteWebDriver.findElement(RemoteWebDriver.java:370)
	at org.openqa.selenium.remote.RemoteWebDriver.findElementByXPath(RemoteWebDriver.java:472)
	at org.openqa.selenium.By$ByXPath.findElement(By.java:361)
	at org.openqa.selenium.remote.RemoteWebDriver.findElement(RemoteWebDriver.java:362)
	at org.openqa.selenium.WebDriver$findElement.call(Unknown Source)
	at TC0508.run(TC0508:38)
	at com.kms.katalon.core.main.ScriptEngine.run(ScriptEngine.java:194)
	at com.kms.katalon.core.main.ScriptEngine.runScriptAsRawText(ScriptEngine.java:119)
	at com.kms.katalon.core.main.TestCaseExecutor.runScript(TestCaseExecutor.java:331)
	at com.kms.katalon.core.main.TestCaseExecutor.doExecute(TestCaseExecutor.java:322)
	at com.kms.katalon.core.main.TestCaseExecutor.processExecutionPhase(TestCaseExecutor.java:301)
	at com.kms.katalon.core.main.TestCaseExecutor.accessMainPhase(TestCaseExecutor.java:293)
	at com.kms.katalon.core.main.TestCaseExecutor.execute(TestCaseExecutor.java:227)
	at com.kms.katalon.core.main.TestSuiteExecutor.accessTestCaseMainPhase(TestSuiteExecutor.java:129)
	at com.kms.katalon.core.main.TestSuiteExecutor.accessTestSuiteMainPhase(TestSuiteExecutor.java:112)
	at com.kms.katalon.core.main.TestSuiteExecutor.execute(TestSuiteExecutor.java:81)
	at com.kms.katalon.core.main.TestCaseMain.startTestSuite(TestCaseMain.java:157)
	at com.kms.katalon.core.main.TestCaseMain$startTestSuite$0.call(Unknown Source)
	at TempTestSuite1553670311511.run(TempTestSuite1553670311511.groovy:35)
"/>
         <system-out><![CDATA[2019-03-27 12:07:02 - [TEST_CASE][ERROR] - Test Cases/Comment Capture TestCases/TC0508: Test Cases/Comment Capture TestCases/TC0508 FAILED.
Reason:
org.openqa.selenium.NoSuchElementException: no such element: Unable to locate element: {"method":"xpath","selector":"//table/tbody/tr[1]/td[1]/span"}
  (Session info: chrome=73.0.3683.75)
  (Driver info: chromedriver=2.43.600233 (523efee95e3d68b8719b3a1c83051aa63aa6b10d),platform=Linux 4.18.0-16-generic x86_64) (WARNING: The server did not provide any stacktrace information)
Command duration or timeout: 0 milliseconds
For documentation on this error, please visit: http://seleniumhq.org/exceptions/no_such_element.html
Build info: version: '3.7.1', revision: '8a0099a', time: '2017-11-06T21:07:36.161Z'
System info: host: 'cloudkibo-faizan', ip: '127.0.1.1', os.name: 'Linux', os.arch: 'amd64', os.version: '4.18.0-16-generic', java.version: '1.8.0_191'
Driver info: com.kms.katalon.selenium.driver.CChromeDriver
Capabilities {acceptInsecureCerts: false, acceptSslCerts: false, applicationCacheEnabled: false, browserConnectionEnabled: false, browserName: chrome, chrome: {chromedriverVersion: 2.43.600233 (523efee95e3d68..., userDataDir: /tmp/.org.chromium.Chromium...}, cssSelectorsEnabled: true, databaseEnabled: false, goog:chromeOptions: {debuggerAddress: localhost:44067}, handlesAlerts: true, hasTouchScreen: false, javascriptEnabled: true, locationContextEnabled: true, mobileEmulationEnabled: false, nativeEvents: true, networkConnectionEnabled: false, pageLoadStrategy: normal, platform: LINUX, platformName: LINUX, rotatable: false, setWindowRect: true, takesHeapSnapshot: true, takesScreenshot: true, unexpectedAlertBehaviour: , unhandledPromptBehavior: , version: 73.0.3683.75, webStorageEnabled: true}
Session ID: 0f21fecb24e4e2a7b5bb206b370aa283
*** Element info: {Using=xpath, value=//table/tbody/tr[1]/td[1]/span}
	at org.openqa.selenium.remote.ErrorHandler.createThrowable(ErrorHandler.java:214)
	at org.openqa.selenium.remote.ErrorHandler.throwIfResponseFailed(ErrorHandler.java:166)
	at org.openqa.selenium.remote.http.JsonHttpResponseCodec.reconstructValue(JsonHttpResponseCodec.java:40)
	at org.openqa.selenium.remote.http.AbstractHttpResponseCodec.decode(AbstractHttpResponseCodec.java:80)
	at org.openqa.selenium.remote.http.AbstractHttpResponseCodec.decode(AbstractHttpResponseCodec.java:44)
	at org.openqa.selenium.remote.HttpCommandExecutor.execute(HttpCommandExecutor.java:164)
	at org.openqa.selenium.remote.service.DriverCommandExecutor.execute(DriverCommandExecutor.java:83)
	at org.openqa.selenium.remote.RemoteWebDriver.execute(RemoteWebDriver.java:600)
	at com.kms.katalon.selenium.driver.CChromeDriver.execute(CChromeDriver.java:20)
	at org.openqa.selenium.remote.RemoteWebDriver.findElement(RemoteWebDriver.java:370)
	at org.openqa.selenium.remote.RemoteWebDriver.findElementByXPath(RemoteWebDriver.java:472)
	at org.openqa.selenium.By$ByXPath.findElement(By.java:361)
	at org.openqa.selenium.remote.RemoteWebDriver.findElement(RemoteWebDriver.java:362)
	at org.openqa.selenium.WebDriver$findElement.call(Unknown Source)
	at TC0508.run(TC0508:38)
	at com.kms.katalon.core.main.ScriptEngine.run(ScriptEngine.java:194)
	at com.kms.katalon.core.main.ScriptEngine.runScriptAsRawText(ScriptEngine.java:119)
	at com.kms.katalon.core.main.TestCaseExecutor.runScript(TestCaseExecutor.java:331)
	at com.kms.katalon.core.main.TestCaseExecutor.doExecute(TestCaseExecutor.java:322)
	at com.kms.katalon.core.main.TestCaseExecutor.processExecutionPhase(TestCaseExecutor.java:301)
	at com.kms.katalon.core.main.TestCaseExecutor.accessMainPhase(TestCaseExecutor.java:293)
	at com.kms.katalon.core.main.TestCaseExecutor.execute(TestCaseExecutor.java:227)
	at com.kms.katalon.core.main.TestSuiteExecutor.accessTestCaseMainPhase(TestSuiteExecutor.java:129)
	at com.kms.katalon.core.main.TestSuiteExecutor.accessTestSuiteMainPhase(TestSuiteExecutor.java:112)
	at com.kms.katalon.core.main.TestSuiteExecutor.execute(TestSuiteExecutor.java:81)
	at com.kms.katalon.core.main.TestCaseMain.startTestSuite(TestCaseMain.java:157)
	at com.kms.katalon.core.main.TestCaseMain$startTestSuite$0.call(Unknown Source)
	at TempTestSuite1553670311511.run(TempTestSuite1553670311511.groovy:35)


2019-03-27 12:07:02 - [TEST_STEP][PASSED] - callTestCase(findTestCase("s-sidebar_navigation/individualAccount/Comment capture"), [:], STOP_ON_FAILURE): Call Test Case 'Test Cases/s-sidebar_navigation/individualAccount/Comment capture' successfully

2019-03-27 12:07:02 - [TEST_CASE][PASSED] - Test Cases/s-sidebar_navigation/individualAccount/Comment capture: Test Cases/s-sidebar_navigation/individualAccount/Comment capture

2019-03-27 12:07:02 - [TEST_STEP][PASSED] - callTestCase(findTestCase("s-sidebar_navigation/individualAccount/Login-KiboEngage"), [:], STOP_ON_FAILURE): Call Test Case 'Test Cases/s-sidebar_navigation/individualAccount/Login-KiboEngage' successfully

2019-03-27 12:07:02 - [TEST_CASE][PASSED] - Test Cases/s-sidebar_navigation/individualAccount/Login-KiboEngage: Test Cases/s-sidebar_navigation/individualAccount/Login-KiboEngage

2019-03-27 12:07:02 - [TEST_STEP][PASSED] - openBrowser(""): Browser is opened with url: ''

2019-03-27 12:07:02 - [MESSAGE][WARNING] - A browser is already opened. Closing browser and opening a new one

2019-03-27 12:07:02 - [MESSAGE][INFO] - Starting 'Chrome' driver

2019-03-27 12:07:02 - [MESSAGE][PASSED] - Browser is opened with url: ''

2019-03-27 12:07:02 - [TEST_STEP][PASSED] - maximizeWindow(): Current window maximized

2019-03-27 12:07:02 - [MESSAGE][PASSED] - Current window maximized

2019-03-27 12:07:02 - [TEST_STEP][PASSED] - navigateToUrl("https://kiboengage.cloudkibo.com/"): Navigate to 'https://kiboengage.cloudkibo.com/' successfully

2019-03-27 12:07:30 - [MESSAGE][PASSED] - Navigate to 'https://kiboengage.cloudkibo.com/' successfully

2019-03-27 12:07:30 - [TEST_STEP][PASSED] - navigateToUrl("https://accounts.cloudkibo.com/?continue=https://kiboengage.cloudkibo.com"): Navigate to 'https://accounts.cloudkibo.com/?continue=https://kiboengage.cloudkibo.com' successfully

2019-03-27 12:07:30 - [MESSAGE][PASSED] - Navigate to 'https://accounts.cloudkibo.com/?continue=https://kiboengage.cloudkibo.com' successfully

2019-03-27 12:07:30 - [TEST_STEP][PASSED] - click(findTestObject("Page_KiboPush/a_Login (9) (1)")): Object: 'Object Repository/Page_KiboPush/a_Login (9) (1)' is clicked on

2019-03-27 12:07:31 - [MESSAGE][PASSED] - Object: 'Object Repository/Page_KiboPush/a_Login (9) (1)' is clicked on

2019-03-27 12:07:31 - [TEST_STEP][PASSED] - setText(findTestObject("Page_KiboPush/input_email (10) (1)"), "individual@cloudkibo.com"): Text 'individual@cloudkibo.com' is set on object 'Object Repository/Page_KiboPush/input_email (10) (1)'

2019-03-27 12:07:31 - [MESSAGE][PASSED] - Text 'individual@cloudkibo.com' is set on object 'Object Repository/Page_KiboPush/input_email (10) (1)'

2019-03-27 12:07:31 - [TEST_STEP][PASSED] - setEncryptedText(findTestObject("Page_KiboPush/input_password (9) (1)"), "RigbBhfdqOBGNlJIWM1ClA=="): Text ****** has been set on object 'Object Repository/Page_KiboPush/input_password (9) (1)'

2019-03-27 12:07:31 - [MESSAGE][PASSED] - Text ****** has been set on object 'Object Repository/Page_KiboPush/input_password (9) (1)'

2019-03-27 12:07:31 - [TEST_STEP][PASSED] - click(findTestObject("Page_KiboPush/button_Sign In (10) (1)")): Object: 'Object Repository/Page_KiboPush/button_Sign In (10) (1)' is clicked on

2019-03-27 12:07:32 - [MESSAGE][PASSED] - Object: 'Object Repository/Page_KiboPush/button_Sign In (10) (1)' is clicked on

2019-03-27 12:07:32 - [TEST_STEP][PASSED] - navigateToUrl("https://kiboengage.cloudkibo.com/dashboard"): Navigate to 'https://kiboengage.cloudkibo.com/dashboard' successfully

2019-03-27 12:08:04 - [MESSAGE][PASSED] - Navigate to 'https://kiboengage.cloudkibo.com/dashboard' successfully

2019-03-27 12:08:04 - [TEST_STEP][PASSED] - click(findTestObject("Object Repository/Page_KiboPush  Dashboard/h3_Dashboard (57)")): Object: 'Object Repository/Page_KiboPush  Dashboard/h3_Dashboard (57)' is clicked on

2019-03-27 12:08:04 - [MESSAGE][PASSED] - Object: 'Object Repository/Page_KiboPush  Dashboard/h3_Dashboard (57)' is clicked on

2019-03-27 12:08:04 - [TEST_STEP][PASSED] - delay(3): Delayed 3 second(s)

2019-03-27 12:08:07 - [MESSAGE][PASSED] - Delayed 3 second(s)

2019-03-27 12:08:07 - [MESSAGE][PASSED] - Call Test Case 'Test Cases/s-sidebar_navigation/individualAccount/Login-KiboEngage' successfully

2019-03-27 12:08:07 - [TEST_STEP][PASSED] - click(findTestObject("Page_KiboPush  Dashboard/span_Growth Tools")): Object: 'Object Repository/Page_KiboPush  Dashboard/span_Growth Tools' is clicked on

2019-03-27 12:08:07 - [MESSAGE][PASSED] - Object: 'Object Repository/Page_KiboPush  Dashboard/span_Growth Tools' is clicked on

2019-03-27 12:08:07 - [TEST_STEP][PASSED] - delay(1): Delayed 1 second(s)

2019-03-27 12:08:08 - [MESSAGE][PASSED] - Delayed 1 second(s)

2019-03-27 12:08:08 - [TEST_STEP][PASSED] - click(findTestObject("Page_KiboPush  Dashboard/span_Comment Capture")): Object: 'Object Repository/Page_KiboPush  Dashboard/span_Comment Capture' is clicked on

2019-03-27 12:08:08 - [MESSAGE][PASSED] - Object: 'Object Repository/Page_KiboPush  Dashboard/span_Comment Capture' is clicked on

2019-03-27 12:08:08 - [TEST_STEP][PASSED] - click(findTestObject("Page_KiboPush  Comment Capture/h3_Comment Capture")): Object: 'Object Repository/Page_KiboPush  Comment Capture/h3_Comment Capture' is clicked on

2019-03-27 12:08:08 - [MESSAGE][PASSED] - Object: 'Object Repository/Page_KiboPush  Comment Capture/h3_Comment Capture' is clicked on

2019-03-27 12:08:08 - [MESSAGE][PASSED] - Call Test Case 'Test Cases/s-sidebar_navigation/individualAccount/Comment capture' successfully

2019-03-27 12:08:08 - [TEST_STEP][PASSED] - delay(2): Delayed 2 second(s)

2019-03-27 12:08:10 - [MESSAGE][PASSED] - Delayed 2 second(s)

2019-03-27 12:08:10 - [TEST_STEP][PASSED] - setText(findTestObject("Object Repository/Page_KiboPush  Comment Capture/input_form-control"), "hi"): Text 'hi' is set on object 'Object Repository/Page_KiboPush  Comment Capture/input_form-control'

2019-03-27 12:08:10 - [MESSAGE][PASSED] - Text 'hi' is set on object 'Object Repository/Page_KiboPush  Comment Capture/input_form-control'

2019-03-27 12:08:10 - [TEST_STEP][PASSED] - delay(2): Delayed 2 second(s)

2019-03-27 12:08:12 - [MESSAGE][PASSED] - Delayed 2 second(s)

2019-03-27 12:08:12 - [TEST_STEP][PASSED] - driver = getWebDriver(): null

2019-03-27 12:08:12 - [TEST_STEP][ERROR] - Table = driver.findElement(By.xpath("//table/tbody/tr[1]/td[1]/span")): Table = driver.findElement(By.xpath("//table/tbody/tr[1]/td[1]/span")) FAILED.
Reason:
org.openqa.selenium.NoSuchElementException: no such element: Unable to locate element: {"method":"xpath","selector":"//table/tbody/tr[1]/td[1]/span"}
  (Session info: chrome=73.0.3683.75)
  (Driver info: chromedriver=2.43.600233 (523efee95e3d68b8719b3a1c83051aa63aa6b10d),platform=Linux 4.18.0-16-generic x86_64) (WARNING: The server did not provide any stacktrace information)
Command duration or timeout: 0 milliseconds
For documentation on this error, please visit: http://seleniumhq.org/exceptions/no_such_element.html
Build info: version: '3.7.1', revision: '8a0099a', time: '2017-11-06T21:07:36.161Z'
System info: host: 'cloudkibo-faizan', ip: '127.0.1.1', os.name: 'Linux', os.arch: 'amd64', os.version: '4.18.0-16-generic', java.version: '1.8.0_191'
Driver info: com.kms.katalon.selenium.driver.CChromeDriver
Capabilities {acceptInsecureCerts: false, acceptSslCerts: false, applicationCacheEnabled: false, browserConnectionEnabled: false, browserName: chrome, chrome: {chromedriverVersion: 2.43.600233 (523efee95e3d68..., userDataDir: /tmp/.org.chromium.Chromium...}, cssSelectorsEnabled: true, databaseEnabled: false, goog:chromeOptions: {debuggerAddress: localhost:44067}, handlesAlerts: true, hasTouchScreen: false, javascriptEnabled: true, locationContextEnabled: true, mobileEmulationEnabled: false, nativeEvents: true, networkConnectionEnabled: false, pageLoadStrategy: normal, platform: LINUX, platformName: LINUX, rotatable: false, setWindowRect: true, takesHeapSnapshot: true, takesScreenshot: true, unexpectedAlertBehaviour: , unhandledPromptBehavior: , version: 73.0.3683.75, webStorageEnabled: true}
Session ID: 0f21fecb24e4e2a7b5bb206b370aa283
*** Element info: {Using=xpath, value=//table/tbody/tr[1]/td[1]/span}
	at org.openqa.selenium.remote.ErrorHandler.createThrowable(ErrorHandler.java:214)
	at org.openqa.selenium.remote.ErrorHandler.throwIfResponseFailed(ErrorHandler.java:166)
	at org.openqa.selenium.remote.http.JsonHttpResponseCodec.reconstructValue(JsonHttpResponseCodec.java:40)
	at org.openqa.selenium.remote.http.AbstractHttpResponseCodec.decode(AbstractHttpResponseCodec.java:80)
	at org.openqa.selenium.remote.http.AbstractHttpResponseCodec.decode(AbstractHttpResponseCodec.java:44)
	at org.openqa.selenium.remote.HttpCommandExecutor.execute(HttpCommandExecutor.java:164)
	at org.openqa.selenium.remote.service.DriverCommandExecutor.execute(DriverCommandExecutor.java:83)
	at org.openqa.selenium.remote.RemoteWebDriver.execute(RemoteWebDriver.java:600)
	at com.kms.katalon.selenium.driver.CChromeDriver.execute(CChromeDriver.java:20)
	at org.openqa.selenium.remote.RemoteWebDriver.findElement(RemoteWebDriver.java:370)
	at org.openqa.selenium.remote.RemoteWebDriver.findElementByXPath(RemoteWebDriver.java:472)
	at org.openqa.selenium.By$ByXPath.findElement(By.java:361)
	at org.openqa.selenium.remote.RemoteWebDriver.findElement(RemoteWebDriver.java:362)
	at org.openqa.selenium.WebDriver$findElement.call(Unknown Source)
	at TC0508.run(TC0508:38)
	at com.kms.katalon.core.main.ScriptEngine.run(ScriptEngine.java:194)
	at com.kms.katalon.core.main.ScriptEngine.runScriptAsRawText(ScriptEngine.java:119)
	at com.kms.katalon.core.main.TestCaseExecutor.runScript(TestCaseExecutor.java:331)
	at com.kms.katalon.core.main.TestCaseExecutor.doExecute(TestCaseExecutor.java:322)
	at com.kms.katalon.core.main.TestCaseExecutor.processExecutionPhase(TestCaseExecutor.java:301)
	at com.kms.katalon.core.main.TestCaseExecutor.accessMainPhase(TestCaseExecutor.java:293)
	at com.kms.katalon.core.main.TestCaseExecutor.execute(TestCaseExecutor.java:227)
	at com.kms.katalon.core.main.TestSuiteExecutor.accessTestCaseMainPhase(TestSuiteExecutor.java:129)
	at com.kms.katalon.core.main.TestSuiteExecutor.accessTestSuiteMainPhase(TestSuiteExecutor.java:112)
	at com.kms.katalon.core.main.TestSuiteExecutor.execute(TestSuiteExecutor.java:81)
	at com.kms.katalon.core.main.TestCaseMain.startTestSuite(TestCaseMain.java:157)
	at com.kms.katalon.core.main.TestCaseMain$startTestSuite$0.call(Unknown Source)
	at TempTestSuite1553670311511.run(TempTestSuite1553670311511.groovy:35)


2019-03-27 12:08:12 - [MESSAGE][ERROR] - Table = driver.findElement(By.xpath("//table/tbody/tr[1]/td[1]/span")) FAILED.
Reason:
org.openqa.selenium.NoSuchElementException: no such element: Unable to locate element: {"method":"xpath","selector":"//table/tbody/tr[1]/td[1]/span"}
  (Session info: chrome=73.0.3683.75)
  (Driver info: chromedriver=2.43.600233 (523efee95e3d68b8719b3a1c83051aa63aa6b10d),platform=Linux 4.18.0-16-generic x86_64) (WARNING: The server did not provide any stacktrace information)
Command duration or timeout: 0 milliseconds
For documentation on this error, please visit: http://seleniumhq.org/exceptions/no_such_element.html
Build info: version: '3.7.1', revision: '8a0099a', time: '2017-11-06T21:07:36.161Z'
System info: host: 'cloudkibo-faizan', ip: '127.0.1.1', os.name: 'Linux', os.arch: 'amd64', os.version: '4.18.0-16-generic', java.version: '1.8.0_191'
Driver info: com.kms.katalon.selenium.driver.CChromeDriver
Capabilities {acceptInsecureCerts: false, acceptSslCerts: false, applicationCacheEnabled: false, browserConnectionEnabled: false, browserName: chrome, chrome: {chromedriverVersion: 2.43.600233 (523efee95e3d68..., userDataDir: /tmp/.org.chromium.Chromium...}, cssSelectorsEnabled: true, databaseEnabled: false, goog:chromeOptions: {debuggerAddress: localhost:44067}, handlesAlerts: true, hasTouchScreen: false, javascriptEnabled: true, locationContextEnabled: true, mobileEmulationEnabled: false, nativeEvents: true, networkConnectionEnabled: false, pageLoadStrategy: normal, platform: LINUX, platformName: LINUX, rotatable: false, setWindowRect: true, takesHeapSnapshot: true, takesScreenshot: true, unexpectedAlertBehaviour: , unhandledPromptBehavior: , version: 73.0.3683.75, webStorageEnabled: true}
Session ID: 0f21fecb24e4e2a7b5bb206b370aa283
*** Element info: {Using=xpath, value=//table/tbody/tr[1]/td[1]/span}
	at org.openqa.selenium.remote.ErrorHandler.createThrowable(ErrorHandler.java:214)
	at org.openqa.selenium.remote.ErrorHandler.throwIfResponseFailed(ErrorHandler.java:166)
	at org.openqa.selenium.remote.http.JsonHttpResponseCodec.reconstructValue(JsonHttpResponseCodec.java:40)
	at org.openqa.selenium.remote.http.AbstractHttpResponseCodec.decode(AbstractHttpResponseCodec.java:80)
	at org.openqa.selenium.remote.http.AbstractHttpResponseCodec.decode(AbstractHttpResponseCodec.java:44)
	at org.openqa.selenium.remote.HttpCommandExecutor.execute(HttpCommandExecutor.java:164)
	at org.openqa.selenium.remote.service.DriverCommandExecutor.execute(DriverCommandExecutor.java:83)
	at org.openqa.selenium.remote.RemoteWebDriver.execute(RemoteWebDriver.java:600)
	at com.kms.katalon.selenium.driver.CChromeDriver.execute(CChromeDriver.java:20)
	at org.openqa.selenium.remote.RemoteWebDriver.findElement(RemoteWebDriver.java:370)
	at org.openqa.selenium.remote.RemoteWebDriver.findElementByXPath(RemoteWebDriver.java:472)
	at org.openqa.selenium.By$ByXPath.findElement(By.java:361)
	at org.openqa.selenium.remote.RemoteWebDriver.findElement(RemoteWebDriver.java:362)
	at org.openqa.selenium.WebDriver$findElement.call(Unknown Source)
	at TC0508.run(TC0508:38)
	at com.kms.katalon.core.main.ScriptEngine.run(ScriptEngine.java:194)
	at com.kms.katalon.core.main.ScriptEngine.runScriptAsRawText(ScriptEngine.java:119)
	at com.kms.katalon.core.main.TestCaseExecutor.runScript(TestCaseExecutor.java:331)
	at com.kms.katalon.core.main.TestCaseExecutor.doExecute(TestCaseExecutor.java:322)
	at com.kms.katalon.core.main.TestCaseExecutor.processExecutionPhase(TestCaseExecutor.java:301)
	at com.kms.katalon.core.main.TestCaseExecutor.accessMainPhase(TestCaseExecutor.java:293)
	at com.kms.katalon.core.main.TestCaseExecutor.execute(TestCaseExecutor.java:227)
	at com.kms.katalon.core.main.TestSuiteExecutor.accessTestCaseMainPhase(TestSuiteExecutor.java:129)
	at com.kms.katalon.core.main.TestSuiteExecutor.accessTestSuiteMainPhase(TestSuiteExecutor.java:112)
	at com.kms.katalon.core.main.TestSuiteExecutor.execute(TestSuiteExecutor.java:81)
	at com.kms.katalon.core.main.TestCaseMain.startTestSuite(TestCaseMain.java:157)
	at com.kms.katalon.core.main.TestCaseMain$startTestSuite$0.call(Unknown Source)
	at TempTestSuite1553670311511.run(TempTestSuite1553670311511.groovy:35)]]></system-out>
         <system-err><![CDATA[2019-03-27 12:07:02 - [TEST_CASE][ERROR] - Test Cases/Comment Capture TestCases/TC0508: Test Cases/Comment Capture TestCases/TC0508 FAILED.
Reason:
org.openqa.selenium.NoSuchElementException: no such element: Unable to locate element: {"method":"xpath","selector":"//table/tbody/tr[1]/td[1]/span"}
  (Session info: chrome=73.0.3683.75)
  (Driver info: chromedriver=2.43.600233 (523efee95e3d68b8719b3a1c83051aa63aa6b10d),platform=Linux 4.18.0-16-generic x86_64) (WARNING: The server did not provide any stacktrace information)
Command duration or timeout: 0 milliseconds
For documentation on this error, please visit: http://seleniumhq.org/exceptions/no_such_element.html
Build info: version: '3.7.1', revision: '8a0099a', time: '2017-11-06T21:07:36.161Z'
System info: host: 'cloudkibo-faizan', ip: '127.0.1.1', os.name: 'Linux', os.arch: 'amd64', os.version: '4.18.0-16-generic', java.version: '1.8.0_191'
Driver info: com.kms.katalon.selenium.driver.CChromeDriver
Capabilities {acceptInsecureCerts: false, acceptSslCerts: false, applicationCacheEnabled: false, browserConnectionEnabled: false, browserName: chrome, chrome: {chromedriverVersion: 2.43.600233 (523efee95e3d68..., userDataDir: /tmp/.org.chromium.Chromium...}, cssSelectorsEnabled: true, databaseEnabled: false, goog:chromeOptions: {debuggerAddress: localhost:44067}, handlesAlerts: true, hasTouchScreen: false, javascriptEnabled: true, locationContextEnabled: true, mobileEmulationEnabled: false, nativeEvents: true, networkConnectionEnabled: false, pageLoadStrategy: normal, platform: LINUX, platformName: LINUX, rotatable: false, setWindowRect: true, takesHeapSnapshot: true, takesScreenshot: true, unexpectedAlertBehaviour: , unhandledPromptBehavior: , version: 73.0.3683.75, webStorageEnabled: true}
Session ID: 0f21fecb24e4e2a7b5bb206b370aa283
*** Element info: {Using=xpath, value=//table/tbody/tr[1]/td[1]/span}
	at org.openqa.selenium.remote.ErrorHandler.createThrowable(ErrorHandler.java:214)
	at org.openqa.selenium.remote.ErrorHandler.throwIfResponseFailed(ErrorHandler.java:166)
	at org.openqa.selenium.remote.http.JsonHttpResponseCodec.reconstructValue(JsonHttpResponseCodec.java:40)
	at org.openqa.selenium.remote.http.AbstractHttpResponseCodec.decode(AbstractHttpResponseCodec.java:80)
	at org.openqa.selenium.remote.http.AbstractHttpResponseCodec.decode(AbstractHttpResponseCodec.java:44)
	at org.openqa.selenium.remote.HttpCommandExecutor.execute(HttpCommandExecutor.java:164)
	at org.openqa.selenium.remote.service.DriverCommandExecutor.execute(DriverCommandExecutor.java:83)
	at org.openqa.selenium.remote.RemoteWebDriver.execute(RemoteWebDriver.java:600)
	at com.kms.katalon.selenium.driver.CChromeDriver.execute(CChromeDriver.java:20)
	at org.openqa.selenium.remote.RemoteWebDriver.findElement(RemoteWebDriver.java:370)
	at org.openqa.selenium.remote.RemoteWebDriver.findElementByXPath(RemoteWebDriver.java:472)
	at org.openqa.selenium.By$ByXPath.findElement(By.java:361)
	at org.openqa.selenium.remote.RemoteWebDriver.findElement(RemoteWebDriver.java:362)
	at org.openqa.selenium.WebDriver$findElement.call(Unknown Source)
	at TC0508.run(TC0508:38)
	at com.kms.katalon.core.main.ScriptEngine.run(ScriptEngine.java:194)
	at com.kms.katalon.core.main.ScriptEngine.runScriptAsRawText(ScriptEngine.java:119)
	at com.kms.katalon.core.main.TestCaseExecutor.runScript(TestCaseExecutor.java:331)
	at com.kms.katalon.core.main.TestCaseExecutor.doExecute(TestCaseExecutor.java:322)
	at com.kms.katalon.core.main.TestCaseExecutor.processExecutionPhase(TestCaseExecutor.java:301)
	at com.kms.katalon.core.main.TestCaseExecutor.accessMainPhase(TestCaseExecutor.java:293)
	at com.kms.katalon.core.main.TestCaseExecutor.execute(TestCaseExecutor.java:227)
	at com.kms.katalon.core.main.TestSuiteExecutor.accessTestCaseMainPhase(TestSuiteExecutor.java:129)
	at com.kms.katalon.core.main.TestSuiteExecutor.accessTestSuiteMainPhase(TestSuiteExecutor.java:112)
	at com.kms.katalon.core.main.TestSuiteExecutor.execute(TestSuiteExecutor.java:81)
	at com.kms.katalon.core.main.TestCaseMain.startTestSuite(TestCaseMain.java:157)
	at com.kms.katalon.core.main.TestCaseMain$startTestSuite$0.call(Unknown Source)
	at TempTestSuite1553670311511.run(TempTestSuite1553670311511.groovy:35)]]></system-err>
      </testcase>
      <testcase name="Test Cases/Comment Capture TestCases/TC0509" classname="Test Cases/Comment Capture TestCases/TC0509" status="FAILED">
         <failure type="FAILED" message="Test Cases/Comment Capture TestCases/TC0509 FAILED.
Reason:
com.kms.katalon.core.exception.StepFailedException: Call Test Case 'Test Cases/s-sidebar_navigation/individualAccount/Comment capture' failed
	at com.kms.katalon.core.keyword.builtin.CallTestCaseKeyword$_callTestCase_closure1.doCall(CallTestCaseKeyword.groovy:63)
	at com.kms.katalon.core.keyword.builtin.CallTestCaseKeyword$_callTestCase_closure1.call(CallTestCaseKeyword.groovy)
	at com.kms.katalon.core.keyword.internal.KeywordMain.runKeyword(KeywordMain.groovy:66)
	at com.kms.katalon.core.keyword.builtin.CallTestCaseKeyword.callTestCase(CallTestCaseKeyword.groovy:81)
	at com.kms.katalon.core.keyword.builtin.CallTestCaseKeyword.execute(CallTestCaseKeyword.groovy:44)
	at com.kms.katalon.core.keyword.internal.KeywordExecutor.executeKeywordForPlatform(KeywordExecutor.groovy:56)
	at com.kms.katalon.core.keyword.BuiltinKeywords.callTestCase(BuiltinKeywords.groovy:334)
	at TC0509.run(TC0509:30)
	at com.kms.katalon.core.main.ScriptEngine.run(ScriptEngine.java:194)
	at com.kms.katalon.core.main.ScriptEngine.runScriptAsRawText(ScriptEngine.java:119)
	at com.kms.katalon.core.main.TestCaseExecutor.runScript(TestCaseExecutor.java:331)
	at com.kms.katalon.core.main.TestCaseExecutor.doExecute(TestCaseExecutor.java:322)
	at com.kms.katalon.core.main.TestCaseExecutor.processExecutionPhase(TestCaseExecutor.java:301)
	at com.kms.katalon.core.main.TestCaseExecutor.accessMainPhase(TestCaseExecutor.java:293)
	at com.kms.katalon.core.main.TestCaseExecutor.execute(TestCaseExecutor.java:227)
	at com.kms.katalon.core.main.TestSuiteExecutor.accessTestCaseMainPhase(TestSuiteExecutor.java:129)
	at com.kms.katalon.core.main.TestSuiteExecutor.accessTestSuiteMainPhase(TestSuiteExecutor.java:112)
	at com.kms.katalon.core.main.TestSuiteExecutor.execute(TestSuiteExecutor.java:81)
	at com.kms.katalon.core.main.TestCaseMain.startTestSuite(TestCaseMain.java:157)
	at com.kms.katalon.core.main.TestCaseMain$startTestSuite$0.call(Unknown Source)
	at TempTestSuite1553670311511.run(TempTestSuite1553670311511.groovy:35)
Caused by: com.kms.katalon.core.exception.StepFailedException: Call Test Case 'Test Cases/s-sidebar_navigation/individualAccount/Login-KiboEngage' failed
	at com.kms.katalon.core.keyword.builtin.CallTestCaseKeyword$_callTestCase_closure1.doCall(CallTestCaseKeyword.groovy:63)
	at com.kms.katalon.core.keyword.builtin.CallTestCaseKeyword$_callTestCase_closure1.call(CallTestCaseKeyword.groovy)
	at com.kms.katalon.core.keyword.internal.KeywordMain.runKeyword(KeywordMain.groovy:66)
	at com.kms.katalon.core.keyword.builtin.CallTestCaseKeyword.callTestCase(CallTestCaseKeyword.groovy:81)
	at com.kms.katalon.core.keyword.builtin.CallTestCaseKeyword.execute(CallTestCaseKeyword.groovy:44)
	at com.kms.katalon.core.keyword.internal.KeywordExecutor.executeKeywordForPlatform(KeywordExecutor.groovy:56)
	at com.kms.katalon.core.keyword.BuiltinKeywords.callTestCase(BuiltinKeywords.groovy:334)
	at Comment capture.run(Comment capture:22)
	at com.kms.katalon.core.main.ScriptEngine.run(ScriptEngine.java:194)
	at com.kms.katalon.core.main.ScriptEngine.runScriptAsRawText(ScriptEngine.java:119)
	at com.kms.katalon.core.main.TestCaseExecutor.runScript(TestCaseExecutor.java:331)
	at com.kms.katalon.core.main.TestCaseExecutor.doExecute(TestCaseExecutor.java:322)
	at com.kms.katalon.core.main.TestCaseExecutor.processExecutionPhase(TestCaseExecutor.java:301)
	at com.kms.katalon.core.main.TestCaseExecutor.accessMainPhase(TestCaseExecutor.java:293)
	at com.kms.katalon.core.main.TestCaseExecutor.execute(TestCaseExecutor.java:227)
	at com.kms.katalon.core.main.TestCaseMain.runTestCase(TestCaseMain.java:114)
	at com.kms.katalon.core.keyword.builtin.CallTestCaseKeyword$_callTestCase_closure1.doCall(CallTestCaseKeyword.groovy:59)
	... 20 more
Caused by: com.kms.katalon.core.exception.StepFailedException: Unable to click on object 'Object Repository/Page_KiboPush  Dashboard/h3_Dashboard (57)'
	at com.kms.katalon.core.webui.keyword.internal.WebUIKeywordMain.stepFailed(WebUIKeywordMain.groovy:64)
	at com.kms.katalon.core.webui.keyword.internal.WebUIKeywordMain.runKeyword(WebUIKeywordMain.groovy:26)
	at com.kms.katalon.core.webui.keyword.builtin.ClickKeyword.click(ClickKeyword.groovy:86)
	at com.kms.katalon.core.webui.keyword.builtin.ClickKeyword.execute(ClickKeyword.groovy:67)
	at com.kms.katalon.core.keyword.internal.KeywordExecutor.executeKeywordForPlatform(KeywordExecutor.groovy:56)
	at com.kms.katalon.core.webui.keyword.WebUiBuiltInKeywords.click(WebUiBuiltInKeywords.groovy:616)
	at com.kms.katalon.core.webui.keyword.WebUiBuiltInKeywords$click$2.call(Unknown Source)
	at Login-KiboEngage.run(Login-KiboEngage:40)
	at com.kms.katalon.core.main.ScriptEngine.run(ScriptEngine.java:194)
	at com.kms.katalon.core.main.ScriptEngine.runScriptAsRawText(ScriptEngine.java:119)
	at com.kms.katalon.core.main.TestCaseExecutor.runScript(TestCaseExecutor.java:331)
	at com.kms.katalon.core.main.TestCaseExecutor.doExecute(TestCaseExecutor.java:322)
	at com.kms.katalon.core.main.TestCaseExecutor.processExecutionPhase(TestCaseExecutor.java:301)
	at com.kms.katalon.core.main.TestCaseExecutor.accessMainPhase(TestCaseExecutor.java:293)
	at com.kms.katalon.core.main.TestCaseExecutor.execute(TestCaseExecutor.java:227)
	at com.kms.katalon.core.main.TestCaseMain.runTestCase(TestCaseMain.java:114)
	at com.kms.katalon.core.keyword.builtin.CallTestCaseKeyword$_callTestCase_closure1.doCall(CallTestCaseKeyword.groovy:59)
	... 36 more
Caused by: com.kms.katalon.core.webui.exception.WebElementNotFoundException: Web element with id: 'Object Repository/Page_KiboPush  Dashboard/h3_Dashboard (57)' located by 'By.xpath: //h3[(text() = 'Dashboard' or . = 'Dashboard')]' not found
	at com.kms.katalon.core.webui.common.WebUiCommonHelper.findWebElement(WebUiCommonHelper.java:1053)
	at com.kms.katalon.core.webui.keyword.internal.WebUIAbstractKeyword.findWebElement(WebUIAbstractKeyword.groovy:27)
	at com.kms.katalon.core.webui.keyword.internal.WebUIAbstractKeyword.findWebElement(WebUIAbstractKeyword.groovy:26)
	at com.kms.katalon.core.webui.keyword.builtin.ClickKeyword$_click_closure1.doCall(ClickKeyword.groovy:77)
	at com.kms.katalon.core.webui.keyword.builtin.ClickKeyword$_click_closure1.call(ClickKeyword.groovy)
	at com.kms.katalon.core.webui.keyword.internal.WebUIKeywordMain.runKeyword(WebUIKeywordMain.groovy:20)
	at com.kms.katalon.core.webui.keyword.builtin.ClickKeyword.click(ClickKeyword.groovy:86)
	at com.kms.katalon.core.webui.keyword.builtin.ClickKeyword.execute(ClickKeyword.groovy:67)
	at com.kms.katalon.core.keyword.internal.KeywordExecutor.executeKeywordForPlatform(KeywordExecutor.groovy:56)
	at com.kms.katalon.core.webui.keyword.WebUiBuiltInKeywords.click(WebUiBuiltInKeywords.groovy:616)
	at com.kms.katalon.core.webui.keyword.WebUiBuiltInKeywords$click$2.call(Unknown Source)
	at Script1542870641933.run(Script1542870641933.groovy:40)
	at com.kms.katalon.core.main.ScriptEngine.run(ScriptEngine.java:194)
	at com.kms.katalon.core.main.ScriptEngine.runScriptAsRawText(ScriptEngine.java:119)
	at com.kms.katalon.core.main.TestCaseExecutor.runScript(TestCaseExecutor.java:331)
	at com.kms.katalon.core.main.TestCaseExecutor.doExecute(TestCaseExecutor.java:322)
	at com.kms.katalon.core.main.TestCaseExecutor.processExecutionPhase(TestCaseExecutor.java:301)
	at com.kms.katalon.core.main.TestCaseExecutor.accessMainPhase(TestCaseExecutor.java:293)
	at com.kms.katalon.core.main.TestCaseExecutor.execute(TestCaseExecutor.java:227)
	at com.kms.katalon.core.main.TestCaseMain.runTestCase(TestCaseMain.java:114)
	at com.kms.katalon.core.keyword.builtin.CallTestCaseKeyword$_callTestCase_closure1.doCall(CallTestCaseKeyword.groovy:59)
	at com.kms.katalon.core.keyword.builtin.CallTestCaseKeyword$_callTestCase_closure1.call(CallTestCaseKeyword.groovy)
	at com.kms.katalon.core.keyword.internal.KeywordMain.runKeyword(KeywordMain.groovy:66)
	at com.kms.katalon.core.keyword.builtin.CallTestCaseKeyword.callTestCase(CallTestCaseKeyword.groovy:81)
	at com.kms.katalon.core.keyword.builtin.CallTestCaseKeyword.execute(CallTestCaseKeyword.groovy:44)
	at com.kms.katalon.core.keyword.internal.KeywordExecutor.executeKeywordForPlatform(KeywordExecutor.groovy:56)
	at com.kms.katalon.core.keyword.BuiltinKeywords.callTestCase(BuiltinKeywords.groovy:334)
	at Script1537021633628.run(Script1537021633628.groovy:22)
	at com.kms.katalon.core.main.ScriptEngine.run(ScriptEngine.java:194)
	at com.kms.katalon.core.main.ScriptEngine.runScriptAsRawText(ScriptEngine.java:119)
	at com.kms.katalon.core.main.TestCaseExecutor.runScript(TestCaseExecutor.java:331)
	at com.kms.katalon.core.main.TestCaseExecutor.doExecute(TestCaseExecutor.java:322)
	at com.kms.katalon.core.main.TestCaseExecutor.processExecutionPhase(TestCaseExecutor.java:301)
	at com.kms.katalon.core.main.TestCaseExecutor.accessMainPhase(TestCaseExecutor.java:293)
	at com.kms.katalon.core.main.TestCaseExecutor.execute(TestCaseExecutor.java:227)
	at com.kms.katalon.core.main.TestCaseMain.runTestCase(TestCaseMain.java:114)
	at com.kms.katalon.core.keyword.builtin.CallTestCaseKeyword$_callTestCase_closure1.doCall(CallTestCaseKeyword.groovy:59)
	at com.kms.katalon.core.keyword.builtin.CallTestCaseKeyword$_callTestCase_closure1.call(CallTestCaseKeyword.groovy)
	at com.kms.katalon.core.keyword.internal.KeywordMain.runKeyword(KeywordMain.groovy:66)
	at com.kms.katalon.core.keyword.builtin.CallTestCaseKeyword.callTestCase(CallTestCaseKeyword.groovy:81)
	at com.kms.katalon.core.keyword.builtin.CallTestCaseKeyword.execute(CallTestCaseKeyword.groovy:44)
	at com.kms.katalon.core.keyword.internal.KeywordExecutor.executeKeywordForPlatform(KeywordExecutor.groovy:56)
	at com.kms.katalon.core.keyword.BuiltinKeywords.callTestCase(BuiltinKeywords.groovy:334)
	at Script1535529071823.run(Script1535529071823.groovy:30)
	... 13 more
"/>
         <system-out><![CDATA[2019-03-27 12:08:12 - [TEST_CASE][FAILED] - Test Cases/Comment Capture TestCases/TC0509: Test Cases/Comment Capture TestCases/TC0509 FAILED.
Reason:
com.kms.katalon.core.exception.StepFailedException: Call Test Case 'Test Cases/s-sidebar_navigation/individualAccount/Comment capture' failed
	at com.kms.katalon.core.keyword.builtin.CallTestCaseKeyword$_callTestCase_closure1.doCall(CallTestCaseKeyword.groovy:63)
	at com.kms.katalon.core.keyword.builtin.CallTestCaseKeyword$_callTestCase_closure1.call(CallTestCaseKeyword.groovy)
	at com.kms.katalon.core.keyword.internal.KeywordMain.runKeyword(KeywordMain.groovy:66)
	at com.kms.katalon.core.keyword.builtin.CallTestCaseKeyword.callTestCase(CallTestCaseKeyword.groovy:81)
	at com.kms.katalon.core.keyword.builtin.CallTestCaseKeyword.execute(CallTestCaseKeyword.groovy:44)
	at com.kms.katalon.core.keyword.internal.KeywordExecutor.executeKeywordForPlatform(KeywordExecutor.groovy:56)
	at com.kms.katalon.core.keyword.BuiltinKeywords.callTestCase(BuiltinKeywords.groovy:334)
	at TC0509.run(TC0509:30)
	at com.kms.katalon.core.main.ScriptEngine.run(ScriptEngine.java:194)
	at com.kms.katalon.core.main.ScriptEngine.runScriptAsRawText(ScriptEngine.java:119)
	at com.kms.katalon.core.main.TestCaseExecutor.runScript(TestCaseExecutor.java:331)
	at com.kms.katalon.core.main.TestCaseExecutor.doExecute(TestCaseExecutor.java:322)
	at com.kms.katalon.core.main.TestCaseExecutor.processExecutionPhase(TestCaseExecutor.java:301)
	at com.kms.katalon.core.main.TestCaseExecutor.accessMainPhase(TestCaseExecutor.java:293)
	at com.kms.katalon.core.main.TestCaseExecutor.execute(TestCaseExecutor.java:227)
	at com.kms.katalon.core.main.TestSuiteExecutor.accessTestCaseMainPhase(TestSuiteExecutor.java:129)
	at com.kms.katalon.core.main.TestSuiteExecutor.accessTestSuiteMainPhase(TestSuiteExecutor.java:112)
	at com.kms.katalon.core.main.TestSuiteExecutor.execute(TestSuiteExecutor.java:81)
	at com.kms.katalon.core.main.TestCaseMain.startTestSuite(TestCaseMain.java:157)
	at com.kms.katalon.core.main.TestCaseMain$startTestSuite$0.call(Unknown Source)
	at TempTestSuite1553670311511.run(TempTestSuite1553670311511.groovy:35)
Caused by: com.kms.katalon.core.exception.StepFailedException: Call Test Case 'Test Cases/s-sidebar_navigation/individualAccount/Login-KiboEngage' failed
	at com.kms.katalon.core.keyword.builtin.CallTestCaseKeyword$_callTestCase_closure1.doCall(CallTestCaseKeyword.groovy:63)
	at com.kms.katalon.core.keyword.builtin.CallTestCaseKeyword$_callTestCase_closure1.call(CallTestCaseKeyword.groovy)
	at com.kms.katalon.core.keyword.internal.KeywordMain.runKeyword(KeywordMain.groovy:66)
	at com.kms.katalon.core.keyword.builtin.CallTestCaseKeyword.callTestCase(CallTestCaseKeyword.groovy:81)
	at com.kms.katalon.core.keyword.builtin.CallTestCaseKeyword.execute(CallTestCaseKeyword.groovy:44)
	at com.kms.katalon.core.keyword.internal.KeywordExecutor.executeKeywordForPlatform(KeywordExecutor.groovy:56)
	at com.kms.katalon.core.keyword.BuiltinKeywords.callTestCase(BuiltinKeywords.groovy:334)
	at Comment capture.run(Comment capture:22)
	at com.kms.katalon.core.main.ScriptEngine.run(ScriptEngine.java:194)
	at com.kms.katalon.core.main.ScriptEngine.runScriptAsRawText(ScriptEngine.java:119)
	at com.kms.katalon.core.main.TestCaseExecutor.runScript(TestCaseExecutor.java:331)
	at com.kms.katalon.core.main.TestCaseExecutor.doExecute(TestCaseExecutor.java:322)
	at com.kms.katalon.core.main.TestCaseExecutor.processExecutionPhase(TestCaseExecutor.java:301)
	at com.kms.katalon.core.main.TestCaseExecutor.accessMainPhase(TestCaseExecutor.java:293)
	at com.kms.katalon.core.main.TestCaseExecutor.execute(TestCaseExecutor.java:227)
	at com.kms.katalon.core.main.TestCaseMain.runTestCase(TestCaseMain.java:114)
	at com.kms.katalon.core.keyword.builtin.CallTestCaseKeyword$_callTestCase_closure1.doCall(CallTestCaseKeyword.groovy:59)
	... 20 more
Caused by: com.kms.katalon.core.exception.StepFailedException: Unable to click on object 'Object Repository/Page_KiboPush  Dashboard/h3_Dashboard (57)'
	at com.kms.katalon.core.webui.keyword.internal.WebUIKeywordMain.stepFailed(WebUIKeywordMain.groovy:64)
	at com.kms.katalon.core.webui.keyword.internal.WebUIKeywordMain.runKeyword(WebUIKeywordMain.groovy:26)
	at com.kms.katalon.core.webui.keyword.builtin.ClickKeyword.click(ClickKeyword.groovy:86)
	at com.kms.katalon.core.webui.keyword.builtin.ClickKeyword.execute(ClickKeyword.groovy:67)
	at com.kms.katalon.core.keyword.internal.KeywordExecutor.executeKeywordForPlatform(KeywordExecutor.groovy:56)
	at com.kms.katalon.core.webui.keyword.WebUiBuiltInKeywords.click(WebUiBuiltInKeywords.groovy:616)
	at com.kms.katalon.core.webui.keyword.WebUiBuiltInKeywords$click$2.call(Unknown Source)
	at Login-KiboEngage.run(Login-KiboEngage:40)
	at com.kms.katalon.core.main.ScriptEngine.run(ScriptEngine.java:194)
	at com.kms.katalon.core.main.ScriptEngine.runScriptAsRawText(ScriptEngine.java:119)
	at com.kms.katalon.core.main.TestCaseExecutor.runScript(TestCaseExecutor.java:331)
	at com.kms.katalon.core.main.TestCaseExecutor.doExecute(TestCaseExecutor.java:322)
	at com.kms.katalon.core.main.TestCaseExecutor.processExecutionPhase(TestCaseExecutor.java:301)
	at com.kms.katalon.core.main.TestCaseExecutor.accessMainPhase(TestCaseExecutor.java:293)
	at com.kms.katalon.core.main.TestCaseExecutor.execute(TestCaseExecutor.java:227)
	at com.kms.katalon.core.main.TestCaseMain.runTestCase(TestCaseMain.java:114)
	at com.kms.katalon.core.keyword.builtin.CallTestCaseKeyword$_callTestCase_closure1.doCall(CallTestCaseKeyword.groovy:59)
	... 36 more
Caused by: com.kms.katalon.core.webui.exception.WebElementNotFoundException: Web element with id: 'Object Repository/Page_KiboPush  Dashboard/h3_Dashboard (57)' located by 'By.xpath: //h3[(text() = 'Dashboard' or . = 'Dashboard')]' not found
	at com.kms.katalon.core.webui.common.WebUiCommonHelper.findWebElement(WebUiCommonHelper.java:1053)
	at com.kms.katalon.core.webui.keyword.internal.WebUIAbstractKeyword.findWebElement(WebUIAbstractKeyword.groovy:27)
	at com.kms.katalon.core.webui.keyword.internal.WebUIAbstractKeyword.findWebElement(WebUIAbstractKeyword.groovy:26)
	at com.kms.katalon.core.webui.keyword.builtin.ClickKeyword$_click_closure1.doCall(ClickKeyword.groovy:77)
	at com.kms.katalon.core.webui.keyword.builtin.ClickKeyword$_click_closure1.call(ClickKeyword.groovy)
	at com.kms.katalon.core.webui.keyword.internal.WebUIKeywordMain.runKeyword(WebUIKeywordMain.groovy:20)
	at com.kms.katalon.core.webui.keyword.builtin.ClickKeyword.click(ClickKeyword.groovy:86)
	at com.kms.katalon.core.webui.keyword.builtin.ClickKeyword.execute(ClickKeyword.groovy:67)
	at com.kms.katalon.core.keyword.internal.KeywordExecutor.executeKeywordForPlatform(KeywordExecutor.groovy:56)
	at com.kms.katalon.core.webui.keyword.WebUiBuiltInKeywords.click(WebUiBuiltInKeywords.groovy:616)
	at com.kms.katalon.core.webui.keyword.WebUiBuiltInKeywords$click$2.call(Unknown Source)
	at Script1542870641933.run(Script1542870641933.groovy:40)
	at com.kms.katalon.core.main.ScriptEngine.run(ScriptEngine.java:194)
	at com.kms.katalon.core.main.ScriptEngine.runScriptAsRawText(ScriptEngine.java:119)
	at com.kms.katalon.core.main.TestCaseExecutor.runScript(TestCaseExecutor.java:331)
	at com.kms.katalon.core.main.TestCaseExecutor.doExecute(TestCaseExecutor.java:322)
	at com.kms.katalon.core.main.TestCaseExecutor.processExecutionPhase(TestCaseExecutor.java:301)
	at com.kms.katalon.core.main.TestCaseExecutor.accessMainPhase(TestCaseExecutor.java:293)
	at com.kms.katalon.core.main.TestCaseExecutor.execute(TestCaseExecutor.java:227)
	at com.kms.katalon.core.main.TestCaseMain.runTestCase(TestCaseMain.java:114)
	at com.kms.katalon.core.keyword.builtin.CallTestCaseKeyword$_callTestCase_closure1.doCall(CallTestCaseKeyword.groovy:59)
	at com.kms.katalon.core.keyword.builtin.CallTestCaseKeyword$_callTestCase_closure1.call(CallTestCaseKeyword.groovy)
	at com.kms.katalon.core.keyword.internal.KeywordMain.runKeyword(KeywordMain.groovy:66)
	at com.kms.katalon.core.keyword.builtin.CallTestCaseKeyword.callTestCase(CallTestCaseKeyword.groovy:81)
	at com.kms.katalon.core.keyword.builtin.CallTestCaseKeyword.execute(CallTestCaseKeyword.groovy:44)
	at com.kms.katalon.core.keyword.internal.KeywordExecutor.executeKeywordForPlatform(KeywordExecutor.groovy:56)
	at com.kms.katalon.core.keyword.BuiltinKeywords.callTestCase(BuiltinKeywords.groovy:334)
	at Script1537021633628.run(Script1537021633628.groovy:22)
	at com.kms.katalon.core.main.ScriptEngine.run(ScriptEngine.java:194)
	at com.kms.katalon.core.main.ScriptEngine.runScriptAsRawText(ScriptEngine.java:119)
	at com.kms.katalon.core.main.TestCaseExecutor.runScript(TestCaseExecutor.java:331)
	at com.kms.katalon.core.main.TestCaseExecutor.doExecute(TestCaseExecutor.java:322)
	at com.kms.katalon.core.main.TestCaseExecutor.processExecutionPhase(TestCaseExecutor.java:301)
	at com.kms.katalon.core.main.TestCaseExecutor.accessMainPhase(TestCaseExecutor.java:293)
	at com.kms.katalon.core.main.TestCaseExecutor.execute(TestCaseExecutor.java:227)
	at com.kms.katalon.core.main.TestCaseMain.runTestCase(TestCaseMain.java:114)
	at com.kms.katalon.core.keyword.builtin.CallTestCaseKeyword$_callTestCase_closure1.doCall(CallTestCaseKeyword.groovy:59)
	at com.kms.katalon.core.keyword.builtin.CallTestCaseKeyword$_callTestCase_closure1.call(CallTestCaseKeyword.groovy)
	at com.kms.katalon.core.keyword.internal.KeywordMain.runKeyword(KeywordMain.groovy:66)
	at com.kms.katalon.core.keyword.builtin.CallTestCaseKeyword.callTestCase(CallTestCaseKeyword.groovy:81)
	at com.kms.katalon.core.keyword.builtin.CallTestCaseKeyword.execute(CallTestCaseKeyword.groovy:44)
	at com.kms.katalon.core.keyword.internal.KeywordExecutor.executeKeywordForPlatform(KeywordExecutor.groovy:56)
	at com.kms.katalon.core.keyword.BuiltinKeywords.callTestCase(BuiltinKeywords.groovy:334)
	at Script1535529071823.run(Script1535529071823.groovy:30)
	... 13 more


2019-03-27 12:08:12 - [TEST_STEP][FAILED] - callTestCase(findTestCase("s-sidebar_navigation/individualAccount/Comment capture"), [:], STOP_ON_FAILURE): callTestCase(findTestCase("s-sidebar_navigation/individualAccount/Comment capture"), [:], STOP_ON_FAILURE) FAILED.
Reason:
com.kms.katalon.core.exception.StepFailedException: Call Test Case 'Test Cases/s-sidebar_navigation/individualAccount/Comment capture' failed
	at com.kms.katalon.core.keyword.builtin.CallTestCaseKeyword$_callTestCase_closure1.doCall(CallTestCaseKeyword.groovy:63)
	at com.kms.katalon.core.keyword.builtin.CallTestCaseKeyword$_callTestCase_closure1.call(CallTestCaseKeyword.groovy)
	at com.kms.katalon.core.keyword.internal.KeywordMain.runKeyword(KeywordMain.groovy:66)
	at com.kms.katalon.core.keyword.builtin.CallTestCaseKeyword.callTestCase(CallTestCaseKeyword.groovy:81)
	at com.kms.katalon.core.keyword.builtin.CallTestCaseKeyword.execute(CallTestCaseKeyword.groovy:44)
	at com.kms.katalon.core.keyword.internal.KeywordExecutor.executeKeywordForPlatform(KeywordExecutor.groovy:56)
	at com.kms.katalon.core.keyword.BuiltinKeywords.callTestCase(BuiltinKeywords.groovy:334)
	at TC0509.run(TC0509:30)
	at com.kms.katalon.core.main.ScriptEngine.run(ScriptEngine.java:194)
	at com.kms.katalon.core.main.ScriptEngine.runScriptAsRawText(ScriptEngine.java:119)
	at com.kms.katalon.core.main.TestCaseExecutor.runScript(TestCaseExecutor.java:331)
	at com.kms.katalon.core.main.TestCaseExecutor.doExecute(TestCaseExecutor.java:322)
	at com.kms.katalon.core.main.TestCaseExecutor.processExecutionPhase(TestCaseExecutor.java:301)
	at com.kms.katalon.core.main.TestCaseExecutor.accessMainPhase(TestCaseExecutor.java:293)
	at com.kms.katalon.core.main.TestCaseExecutor.execute(TestCaseExecutor.java:227)
	at com.kms.katalon.core.main.TestSuiteExecutor.accessTestCaseMainPhase(TestSuiteExecutor.java:129)
	at com.kms.katalon.core.main.TestSuiteExecutor.accessTestSuiteMainPhase(TestSuiteExecutor.java:112)
	at com.kms.katalon.core.main.TestSuiteExecutor.execute(TestSuiteExecutor.java:81)
	at com.kms.katalon.core.main.TestCaseMain.startTestSuite(TestCaseMain.java:157)
	at com.kms.katalon.core.main.TestCaseMain$startTestSuite$0.call(Unknown Source)
	at TempTestSuite1553670311511.run(TempTestSuite1553670311511.groovy:35)
Caused by: com.kms.katalon.core.exception.StepFailedException: Call Test Case 'Test Cases/s-sidebar_navigation/individualAccount/Login-KiboEngage' failed
	at com.kms.katalon.core.keyword.builtin.CallTestCaseKeyword$_callTestCase_closure1.doCall(CallTestCaseKeyword.groovy:63)
	at com.kms.katalon.core.keyword.builtin.CallTestCaseKeyword$_callTestCase_closure1.call(CallTestCaseKeyword.groovy)
	at com.kms.katalon.core.keyword.internal.KeywordMain.runKeyword(KeywordMain.groovy:66)
	at com.kms.katalon.core.keyword.builtin.CallTestCaseKeyword.callTestCase(CallTestCaseKeyword.groovy:81)
	at com.kms.katalon.core.keyword.builtin.CallTestCaseKeyword.execute(CallTestCaseKeyword.groovy:44)
	at com.kms.katalon.core.keyword.internal.KeywordExecutor.executeKeywordForPlatform(KeywordExecutor.groovy:56)
	at com.kms.katalon.core.keyword.BuiltinKeywords.callTestCase(BuiltinKeywords.groovy:334)
	at Comment capture.run(Comment capture:22)
	at com.kms.katalon.core.main.ScriptEngine.run(ScriptEngine.java:194)
	at com.kms.katalon.core.main.ScriptEngine.runScriptAsRawText(ScriptEngine.java:119)
	at com.kms.katalon.core.main.TestCaseExecutor.runScript(TestCaseExecutor.java:331)
	at com.kms.katalon.core.main.TestCaseExecutor.doExecute(TestCaseExecutor.java:322)
	at com.kms.katalon.core.main.TestCaseExecutor.processExecutionPhase(TestCaseExecutor.java:301)
	at com.kms.katalon.core.main.TestCaseExecutor.accessMainPhase(TestCaseExecutor.java:293)
	at com.kms.katalon.core.main.TestCaseExecutor.execute(TestCaseExecutor.java:227)
	at com.kms.katalon.core.main.TestCaseMain.runTestCase(TestCaseMain.java:114)
	at com.kms.katalon.core.keyword.builtin.CallTestCaseKeyword$_callTestCase_closure1.doCall(CallTestCaseKeyword.groovy:59)
	... 20 more
Caused by: com.kms.katalon.core.exception.StepFailedException: Unable to click on object 'Object Repository/Page_KiboPush  Dashboard/h3_Dashboard (57)'
	at com.kms.katalon.core.webui.keyword.internal.WebUIKeywordMain.stepFailed(WebUIKeywordMain.groovy:64)
	at com.kms.katalon.core.webui.keyword.internal.WebUIKeywordMain.runKeyword(WebUIKeywordMain.groovy:26)
	at com.kms.katalon.core.webui.keyword.builtin.ClickKeyword.click(ClickKeyword.groovy:86)
	at com.kms.katalon.core.webui.keyword.builtin.ClickKeyword.execute(ClickKeyword.groovy:67)
	at com.kms.katalon.core.keyword.internal.KeywordExecutor.executeKeywordForPlatform(KeywordExecutor.groovy:56)
	at com.kms.katalon.core.webui.keyword.WebUiBuiltInKeywords.click(WebUiBuiltInKeywords.groovy:616)
	at com.kms.katalon.core.webui.keyword.WebUiBuiltInKeywords$click$2.call(Unknown Source)
	at Login-KiboEngage.run(Login-KiboEngage:40)
	at com.kms.katalon.core.main.ScriptEngine.run(ScriptEngine.java:194)
	at com.kms.katalon.core.main.ScriptEngine.runScriptAsRawText(ScriptEngine.java:119)
	at com.kms.katalon.core.main.TestCaseExecutor.runScript(TestCaseExecutor.java:331)
	at com.kms.katalon.core.main.TestCaseExecutor.doExecute(TestCaseExecutor.java:322)
	at com.kms.katalon.core.main.TestCaseExecutor.processExecutionPhase(TestCaseExecutor.java:301)
	at com.kms.katalon.core.main.TestCaseExecutor.accessMainPhase(TestCaseExecutor.java:293)
	at com.kms.katalon.core.main.TestCaseExecutor.execute(TestCaseExecutor.java:227)
	at com.kms.katalon.core.main.TestCaseMain.runTestCase(TestCaseMain.java:114)
	at com.kms.katalon.core.keyword.builtin.CallTestCaseKeyword$_callTestCase_closure1.doCall(CallTestCaseKeyword.groovy:59)
	... 36 more
Caused by: com.kms.katalon.core.webui.exception.WebElementNotFoundException: Web element with id: 'Object Repository/Page_KiboPush  Dashboard/h3_Dashboard (57)' located by 'By.xpath: //h3[(text() = 'Dashboard' or . = 'Dashboard')]' not found
	at com.kms.katalon.core.webui.common.WebUiCommonHelper.findWebElement(WebUiCommonHelper.java:1053)
	at com.kms.katalon.core.webui.keyword.internal.WebUIAbstractKeyword.findWebElement(WebUIAbstractKeyword.groovy:27)
	at com.kms.katalon.core.webui.keyword.internal.WebUIAbstractKeyword.findWebElement(WebUIAbstractKeyword.groovy:26)
	at com.kms.katalon.core.webui.keyword.builtin.ClickKeyword$_click_closure1.doCall(ClickKeyword.groovy:77)
	at com.kms.katalon.core.webui.keyword.builtin.ClickKeyword$_click_closure1.call(ClickKeyword.groovy)
	at com.kms.katalon.core.webui.keyword.internal.WebUIKeywordMain.runKeyword(WebUIKeywordMain.groovy:20)
	at com.kms.katalon.core.webui.keyword.builtin.ClickKeyword.click(ClickKeyword.groovy:86)
	at com.kms.katalon.core.webui.keyword.builtin.ClickKeyword.execute(ClickKeyword.groovy:67)
	at com.kms.katalon.core.keyword.internal.KeywordExecutor.executeKeywordForPlatform(KeywordExecutor.groovy:56)
	at com.kms.katalon.core.webui.keyword.WebUiBuiltInKeywords.click(WebUiBuiltInKeywords.groovy:616)
	at com.kms.katalon.core.webui.keyword.WebUiBuiltInKeywords$click$2.call(Unknown Source)
	at Script1542870641933.run(Script1542870641933.groovy:40)
	at com.kms.katalon.core.main.ScriptEngine.run(ScriptEngine.java:194)
	at com.kms.katalon.core.main.ScriptEngine.runScriptAsRawText(ScriptEngine.java:119)
	at com.kms.katalon.core.main.TestCaseExecutor.runScript(TestCaseExecutor.java:331)
	at com.kms.katalon.core.main.TestCaseExecutor.doExecute(TestCaseExecutor.java:322)
	at com.kms.katalon.core.main.TestCaseExecutor.processExecutionPhase(TestCaseExecutor.java:301)
	at com.kms.katalon.core.main.TestCaseExecutor.accessMainPhase(TestCaseExecutor.java:293)
	at com.kms.katalon.core.main.TestCaseExecutor.execute(TestCaseExecutor.java:227)
	at com.kms.katalon.core.main.TestCaseMain.runTestCase(TestCaseMain.java:114)
	at com.kms.katalon.core.keyword.builtin.CallTestCaseKeyword$_callTestCase_closure1.doCall(CallTestCaseKeyword.groovy:59)
	at com.kms.katalon.core.keyword.builtin.CallTestCaseKeyword$_callTestCase_closure1.call(CallTestCaseKeyword.groovy)
	at com.kms.katalon.core.keyword.internal.KeywordMain.runKeyword(KeywordMain.groovy:66)
	at com.kms.katalon.core.keyword.builtin.CallTestCaseKeyword.callTestCase(CallTestCaseKeyword.groovy:81)
	at com.kms.katalon.core.keyword.builtin.CallTestCaseKeyword.execute(CallTestCaseKeyword.groovy:44)
	at com.kms.katalon.core.keyword.internal.KeywordExecutor.executeKeywordForPlatform(KeywordExecutor.groovy:56)
	at com.kms.katalon.core.keyword.BuiltinKeywords.callTestCase(BuiltinKeywords.groovy:334)
	at Script1537021633628.run(Script1537021633628.groovy:22)
	at com.kms.katalon.core.main.ScriptEngine.run(ScriptEngine.java:194)
	at com.kms.katalon.core.main.ScriptEngine.runScriptAsRawText(ScriptEngine.java:119)
	at com.kms.katalon.core.main.TestCaseExecutor.runScript(TestCaseExecutor.java:331)
	at com.kms.katalon.core.main.TestCaseExecutor.doExecute(TestCaseExecutor.java:322)
	at com.kms.katalon.core.main.TestCaseExecutor.processExecutionPhase(TestCaseExecutor.java:301)
	at com.kms.katalon.core.main.TestCaseExecutor.accessMainPhase(TestCaseExecutor.java:293)
	at com.kms.katalon.core.main.TestCaseExecutor.execute(TestCaseExecutor.java:227)
	at com.kms.katalon.core.main.TestCaseMain.runTestCase(TestCaseMain.java:114)
	at com.kms.katalon.core.keyword.builtin.CallTestCaseKeyword$_callTestCase_closure1.doCall(CallTestCaseKeyword.groovy:59)
	at com.kms.katalon.core.keyword.builtin.CallTestCaseKeyword$_callTestCase_closure1.call(CallTestCaseKeyword.groovy)
	at com.kms.katalon.core.keyword.internal.KeywordMain.runKeyword(KeywordMain.groovy:66)
	at com.kms.katalon.core.keyword.builtin.CallTestCaseKeyword.callTestCase(CallTestCaseKeyword.groovy:81)
	at com.kms.katalon.core.keyword.builtin.CallTestCaseKeyword.execute(CallTestCaseKeyword.groovy:44)
	at com.kms.katalon.core.keyword.internal.KeywordExecutor.executeKeywordForPlatform(KeywordExecutor.groovy:56)
	at com.kms.katalon.core.keyword.BuiltinKeywords.callTestCase(BuiltinKeywords.groovy:334)
	at Script1535529071823.run(Script1535529071823.groovy:30)
	... 13 more


2019-03-27 12:08:12 - [TEST_CASE][FAILED] - Test Cases/s-sidebar_navigation/individualAccount/Comment capture: Test Cases/s-sidebar_navigation/individualAccount/Comment capture FAILED.
Reason:
com.kms.katalon.core.exception.StepFailedException: Call Test Case 'Test Cases/s-sidebar_navigation/individualAccount/Login-KiboEngage' failed
	at com.kms.katalon.core.keyword.builtin.CallTestCaseKeyword$_callTestCase_closure1.doCall(CallTestCaseKeyword.groovy:63)
	at com.kms.katalon.core.keyword.builtin.CallTestCaseKeyword$_callTestCase_closure1.call(CallTestCaseKeyword.groovy)
	at com.kms.katalon.core.keyword.internal.KeywordMain.runKeyword(KeywordMain.groovy:66)
	at com.kms.katalon.core.keyword.builtin.CallTestCaseKeyword.callTestCase(CallTestCaseKeyword.groovy:81)
	at com.kms.katalon.core.keyword.builtin.CallTestCaseKeyword.execute(CallTestCaseKeyword.groovy:44)
	at com.kms.katalon.core.keyword.internal.KeywordExecutor.executeKeywordForPlatform(KeywordExecutor.groovy:56)
	at com.kms.katalon.core.keyword.BuiltinKeywords.callTestCase(BuiltinKeywords.groovy:334)
	at Comment capture.run(Comment capture:22)
	at com.kms.katalon.core.main.ScriptEngine.run(ScriptEngine.java:194)
	at com.kms.katalon.core.main.ScriptEngine.runScriptAsRawText(ScriptEngine.java:119)
	at com.kms.katalon.core.main.TestCaseExecutor.runScript(TestCaseExecutor.java:331)
	at com.kms.katalon.core.main.TestCaseExecutor.doExecute(TestCaseExecutor.java:322)
	at com.kms.katalon.core.main.TestCaseExecutor.processExecutionPhase(TestCaseExecutor.java:301)
	at com.kms.katalon.core.main.TestCaseExecutor.accessMainPhase(TestCaseExecutor.java:293)
	at com.kms.katalon.core.main.TestCaseExecutor.execute(TestCaseExecutor.java:227)
	at com.kms.katalon.core.main.TestCaseMain.runTestCase(TestCaseMain.java:114)
	at com.kms.katalon.core.keyword.builtin.CallTestCaseKeyword$_callTestCase_closure1.doCall(CallTestCaseKeyword.groovy:59)
	at com.kms.katalon.core.keyword.builtin.CallTestCaseKeyword$_callTestCase_closure1.call(CallTestCaseKeyword.groovy)
	at com.kms.katalon.core.keyword.internal.KeywordMain.runKeyword(KeywordMain.groovy:66)
	at com.kms.katalon.core.keyword.builtin.CallTestCaseKeyword.callTestCase(CallTestCaseKeyword.groovy:81)
	at com.kms.katalon.core.keyword.builtin.CallTestCaseKeyword.execute(CallTestCaseKeyword.groovy:44)
	at com.kms.katalon.core.keyword.internal.KeywordExecutor.executeKeywordForPlatform(KeywordExecutor.groovy:56)
	at com.kms.katalon.core.keyword.BuiltinKeywords.callTestCase(BuiltinKeywords.groovy:334)
	at TC0509.run(TC0509:30)
	at com.kms.katalon.core.main.ScriptEngine.run(ScriptEngine.java:194)
	at com.kms.katalon.core.main.ScriptEngine.runScriptAsRawText(ScriptEngine.java:119)
	at com.kms.katalon.core.main.TestCaseExecutor.runScript(TestCaseExecutor.java:331)
	at com.kms.katalon.core.main.TestCaseExecutor.doExecute(TestCaseExecutor.java:322)
	at com.kms.katalon.core.main.TestCaseExecutor.processExecutionPhase(TestCaseExecutor.java:301)
	at com.kms.katalon.core.main.TestCaseExecutor.accessMainPhase(TestCaseExecutor.java:293)
	at com.kms.katalon.core.main.TestCaseExecutor.execute(TestCaseExecutor.java:227)
	at com.kms.katalon.core.main.TestSuiteExecutor.accessTestCaseMainPhase(TestSuiteExecutor.java:129)
	at com.kms.katalon.core.main.TestSuiteExecutor.accessTestSuiteMainPhase(TestSuiteExecutor.java:112)
	at com.kms.katalon.core.main.TestSuiteExecutor.execute(TestSuiteExecutor.java:81)
	at com.kms.katalon.core.main.TestCaseMain.startTestSuite(TestCaseMain.java:157)
	at com.kms.katalon.core.main.TestCaseMain$startTestSuite$0.call(Unknown Source)
	at TempTestSuite1553670311511.run(TempTestSuite1553670311511.groovy:35)
Caused by: com.kms.katalon.core.exception.StepFailedException: Unable to click on object 'Object Repository/Page_KiboPush  Dashboard/h3_Dashboard (57)'
	at com.kms.katalon.core.webui.keyword.internal.WebUIKeywordMain.stepFailed(WebUIKeywordMain.groovy:64)
	at com.kms.katalon.core.webui.keyword.internal.WebUIKeywordMain.runKeyword(WebUIKeywordMain.groovy:26)
	at com.kms.katalon.core.webui.keyword.builtin.ClickKeyword.click(ClickKeyword.groovy:86)
	at com.kms.katalon.core.webui.keyword.builtin.ClickKeyword.execute(ClickKeyword.groovy:67)
	at com.kms.katalon.core.keyword.internal.KeywordExecutor.executeKeywordForPlatform(KeywordExecutor.groovy:56)
	at com.kms.katalon.core.webui.keyword.WebUiBuiltInKeywords.click(WebUiBuiltInKeywords.groovy:616)
	at com.kms.katalon.core.webui.keyword.WebUiBuiltInKeywords$click$2.call(Unknown Source)
	at Login-KiboEngage.run(Login-KiboEngage:40)
	at com.kms.katalon.core.main.ScriptEngine.run(ScriptEngine.java:194)
	at com.kms.katalon.core.main.ScriptEngine.runScriptAsRawText(ScriptEngine.java:119)
	at com.kms.katalon.core.main.TestCaseExecutor.runScript(TestCaseExecutor.java:331)
	at com.kms.katalon.core.main.TestCaseExecutor.doExecute(TestCaseExecutor.java:322)
	at com.kms.katalon.core.main.TestCaseExecutor.processExecutionPhase(TestCaseExecutor.java:301)
	at com.kms.katalon.core.main.TestCaseExecutor.accessMainPhase(TestCaseExecutor.java:293)
	at com.kms.katalon.core.main.TestCaseExecutor.execute(TestCaseExecutor.java:227)
	at com.kms.katalon.core.main.TestCaseMain.runTestCase(TestCaseMain.java:114)
	at com.kms.katalon.core.keyword.builtin.CallTestCaseKeyword$_callTestCase_closure1.doCall(CallTestCaseKeyword.groovy:59)
	... 36 more
Caused by: com.kms.katalon.core.webui.exception.WebElementNotFoundException: Web element with id: 'Object Repository/Page_KiboPush  Dashboard/h3_Dashboard (57)' located by 'By.xpath: //h3[(text() = 'Dashboard' or . = 'Dashboard')]' not found
	at com.kms.katalon.core.webui.common.WebUiCommonHelper.findWebElement(WebUiCommonHelper.java:1053)
	at com.kms.katalon.core.webui.keyword.internal.WebUIAbstractKeyword.findWebElement(WebUIAbstractKeyword.groovy:27)
	at com.kms.katalon.core.webui.keyword.internal.WebUIAbstractKeyword.findWebElement(WebUIAbstractKeyword.groovy:26)
	at com.kms.katalon.core.webui.keyword.builtin.ClickKeyword$_click_closure1.doCall(ClickKeyword.groovy:77)
	at com.kms.katalon.core.webui.keyword.builtin.ClickKeyword$_click_closure1.call(ClickKeyword.groovy)
	at com.kms.katalon.core.webui.keyword.internal.WebUIKeywordMain.runKeyword(WebUIKeywordMain.groovy:20)
	at com.kms.katalon.core.webui.keyword.builtin.ClickKeyword.click(ClickKeyword.groovy:86)
	at com.kms.katalon.core.webui.keyword.builtin.ClickKeyword.execute(ClickKeyword.groovy:67)
	at com.kms.katalon.core.keyword.internal.KeywordExecutor.executeKeywordForPlatform(KeywordExecutor.groovy:56)
	at com.kms.katalon.core.webui.keyword.WebUiBuiltInKeywords.click(WebUiBuiltInKeywords.groovy:616)
	at com.kms.katalon.core.webui.keyword.WebUiBuiltInKeywords$click$2.call(Unknown Source)
	at Script1542870641933.run(Script1542870641933.groovy:40)
	at com.kms.katalon.core.main.ScriptEngine.run(ScriptEngine.java:194)
	at com.kms.katalon.core.main.ScriptEngine.runScriptAsRawText(ScriptEngine.java:119)
	at com.kms.katalon.core.main.TestCaseExecutor.runScript(TestCaseExecutor.java:331)
	at com.kms.katalon.core.main.TestCaseExecutor.doExecute(TestCaseExecutor.java:322)
	at com.kms.katalon.core.main.TestCaseExecutor.processExecutionPhase(TestCaseExecutor.java:301)
	at com.kms.katalon.core.main.TestCaseExecutor.accessMainPhase(TestCaseExecutor.java:293)
	at com.kms.katalon.core.main.TestCaseExecutor.execute(TestCaseExecutor.java:227)
	at com.kms.katalon.core.main.TestCaseMain.runTestCase(TestCaseMain.java:114)
	at com.kms.katalon.core.keyword.builtin.CallTestCaseKeyword$_callTestCase_closure1.doCall(CallTestCaseKeyword.groovy:59)
	at com.kms.katalon.core.keyword.builtin.CallTestCaseKeyword$_callTestCase_closure1.call(CallTestCaseKeyword.groovy)
	at com.kms.katalon.core.keyword.internal.KeywordMain.runKeyword(KeywordMain.groovy:66)
	at com.kms.katalon.core.keyword.builtin.CallTestCaseKeyword.callTestCase(CallTestCaseKeyword.groovy:81)
	at com.kms.katalon.core.keyword.builtin.CallTestCaseKeyword.execute(CallTestCaseKeyword.groovy:44)
	at com.kms.katalon.core.keyword.internal.KeywordExecutor.executeKeywordForPlatform(KeywordExecutor.groovy:56)
	at com.kms.katalon.core.keyword.BuiltinKeywords.callTestCase(BuiltinKeywords.groovy:334)
	at Script1537021633628.run(Script1537021633628.groovy:22)
	at com.kms.katalon.core.main.ScriptEngine.run(ScriptEngine.java:194)
	at com.kms.katalon.core.main.ScriptEngine.runScriptAsRawText(ScriptEngine.java:119)
	at com.kms.katalon.core.main.TestCaseExecutor.runScript(TestCaseExecutor.java:331)
	at com.kms.katalon.core.main.TestCaseExecutor.doExecute(TestCaseExecutor.java:322)
	at com.kms.katalon.core.main.TestCaseExecutor.processExecutionPhase(TestCaseExecutor.java:301)
	at com.kms.katalon.core.main.TestCaseExecutor.accessMainPhase(TestCaseExecutor.java:293)
	at com.kms.katalon.core.main.TestCaseExecutor.execute(TestCaseExecutor.java:227)
	at com.kms.katalon.core.main.TestCaseMain.runTestCase(TestCaseMain.java:114)
	at com.kms.katalon.core.keyword.builtin.CallTestCaseKeyword$_callTestCase_closure1.doCall(CallTestCaseKeyword.groovy:59)
	at com.kms.katalon.core.keyword.builtin.CallTestCaseKeyword$_callTestCase_closure1.call(CallTestCaseKeyword.groovy)
	at com.kms.katalon.core.keyword.internal.KeywordMain.runKeyword(KeywordMain.groovy:66)
	at com.kms.katalon.core.keyword.builtin.CallTestCaseKeyword.callTestCase(CallTestCaseKeyword.groovy:81)
	at com.kms.katalon.core.keyword.builtin.CallTestCaseKeyword.execute(CallTestCaseKeyword.groovy:44)
	at com.kms.katalon.core.keyword.internal.KeywordExecutor.executeKeywordForPlatform(KeywordExecutor.groovy:56)
	at com.kms.katalon.core.keyword.BuiltinKeywords.callTestCase(BuiltinKeywords.groovy:334)
	at Script1535529071823.run(Script1535529071823.groovy:30)
	... 13 more


2019-03-27 12:08:12 - [TEST_STEP][FAILED] - callTestCase(findTestCase("s-sidebar_navigation/individualAccount/Login-KiboEngage"), [:], STOP_ON_FAILURE): callTestCase(findTestCase("s-sidebar_navigation/individualAccount/Login-KiboEngage"), [:], STOP_ON_FAILURE) FAILED.
Reason:
com.kms.katalon.core.exception.StepFailedException: Call Test Case 'Test Cases/s-sidebar_navigation/individualAccount/Login-KiboEngage' failed
	at com.kms.katalon.core.keyword.builtin.CallTestCaseKeyword$_callTestCase_closure1.doCall(CallTestCaseKeyword.groovy:63)
	at com.kms.katalon.core.keyword.builtin.CallTestCaseKeyword$_callTestCase_closure1.call(CallTestCaseKeyword.groovy)
	at com.kms.katalon.core.keyword.internal.KeywordMain.runKeyword(KeywordMain.groovy:66)
	at com.kms.katalon.core.keyword.builtin.CallTestCaseKeyword.callTestCase(CallTestCaseKeyword.groovy:81)
	at com.kms.katalon.core.keyword.builtin.CallTestCaseKeyword.execute(CallTestCaseKeyword.groovy:44)
	at com.kms.katalon.core.keyword.internal.KeywordExecutor.executeKeywordForPlatform(KeywordExecutor.groovy:56)
	at com.kms.katalon.core.keyword.BuiltinKeywords.callTestCase(BuiltinKeywords.groovy:334)
	at Comment capture.run(Comment capture:22)
	at com.kms.katalon.core.main.ScriptEngine.run(ScriptEngine.java:194)
	at com.kms.katalon.core.main.ScriptEngine.runScriptAsRawText(ScriptEngine.java:119)
	at com.kms.katalon.core.main.TestCaseExecutor.runScript(TestCaseExecutor.java:331)
	at com.kms.katalon.core.main.TestCaseExecutor.doExecute(TestCaseExecutor.java:322)
	at com.kms.katalon.core.main.TestCaseExecutor.processExecutionPhase(TestCaseExecutor.java:301)
	at com.kms.katalon.core.main.TestCaseExecutor.accessMainPhase(TestCaseExecutor.java:293)
	at com.kms.katalon.core.main.TestCaseExecutor.execute(TestCaseExecutor.java:227)
	at com.kms.katalon.core.main.TestCaseMain.runTestCase(TestCaseMain.java:114)
	at com.kms.katalon.core.keyword.builtin.CallTestCaseKeyword$_callTestCase_closure1.doCall(CallTestCaseKeyword.groovy:59)
	at com.kms.katalon.core.keyword.builtin.CallTestCaseKeyword$_callTestCase_closure1.call(CallTestCaseKeyword.groovy)
	at com.kms.katalon.core.keyword.internal.KeywordMain.runKeyword(KeywordMain.groovy:66)
	at com.kms.katalon.core.keyword.builtin.CallTestCaseKeyword.callTestCase(CallTestCaseKeyword.groovy:81)
	at com.kms.katalon.core.keyword.builtin.CallTestCaseKeyword.execute(CallTestCaseKeyword.groovy:44)
	at com.kms.katalon.core.keyword.internal.KeywordExecutor.executeKeywordForPlatform(KeywordExecutor.groovy:56)
	at com.kms.katalon.core.keyword.BuiltinKeywords.callTestCase(BuiltinKeywords.groovy:334)
	at TC0509.run(TC0509:30)
	at com.kms.katalon.core.main.ScriptEngine.run(ScriptEngine.java:194)
	at com.kms.katalon.core.main.ScriptEngine.runScriptAsRawText(ScriptEngine.java:119)
	at com.kms.katalon.core.main.TestCaseExecutor.runScript(TestCaseExecutor.java:331)
	at com.kms.katalon.core.main.TestCaseExecutor.doExecute(TestCaseExecutor.java:322)
	at com.kms.katalon.core.main.TestCaseExecutor.processExecutionPhase(TestCaseExecutor.java:301)
	at com.kms.katalon.core.main.TestCaseExecutor.accessMainPhase(TestCaseExecutor.java:293)
	at com.kms.katalon.core.main.TestCaseExecutor.execute(TestCaseExecutor.java:227)
	at com.kms.katalon.core.main.TestSuiteExecutor.accessTestCaseMainPhase(TestSuiteExecutor.java:129)
	at com.kms.katalon.core.main.TestSuiteExecutor.accessTestSuiteMainPhase(TestSuiteExecutor.java:112)
	at com.kms.katalon.core.main.TestSuiteExecutor.execute(TestSuiteExecutor.java:81)
	at com.kms.katalon.core.main.TestCaseMain.startTestSuite(TestCaseMain.java:157)
	at com.kms.katalon.core.main.TestCaseMain$startTestSuite$0.call(Unknown Source)
	at TempTestSuite1553670311511.run(TempTestSuite1553670311511.groovy:35)
Caused by: com.kms.katalon.core.exception.StepFailedException: Unable to click on object 'Object Repository/Page_KiboPush  Dashboard/h3_Dashboard (57)'
	at com.kms.katalon.core.webui.keyword.internal.WebUIKeywordMain.stepFailed(WebUIKeywordMain.groovy:64)
	at com.kms.katalon.core.webui.keyword.internal.WebUIKeywordMain.runKeyword(WebUIKeywordMain.groovy:26)
	at com.kms.katalon.core.webui.keyword.builtin.ClickKeyword.click(ClickKeyword.groovy:86)
	at com.kms.katalon.core.webui.keyword.builtin.ClickKeyword.execute(ClickKeyword.groovy:67)
	at com.kms.katalon.core.keyword.internal.KeywordExecutor.executeKeywordForPlatform(KeywordExecutor.groovy:56)
	at com.kms.katalon.core.webui.keyword.WebUiBuiltInKeywords.click(WebUiBuiltInKeywords.groovy:616)
	at com.kms.katalon.core.webui.keyword.WebUiBuiltInKeywords$click$2.call(Unknown Source)
	at Login-KiboEngage.run(Login-KiboEngage:40)
	at com.kms.katalon.core.main.ScriptEngine.run(ScriptEngine.java:194)
	at com.kms.katalon.core.main.ScriptEngine.runScriptAsRawText(ScriptEngine.java:119)
	at com.kms.katalon.core.main.TestCaseExecutor.runScript(TestCaseExecutor.java:331)
	at com.kms.katalon.core.main.TestCaseExecutor.doExecute(TestCaseExecutor.java:322)
	at com.kms.katalon.core.main.TestCaseExecutor.processExecutionPhase(TestCaseExecutor.java:301)
	at com.kms.katalon.core.main.TestCaseExecutor.accessMainPhase(TestCaseExecutor.java:293)
	at com.kms.katalon.core.main.TestCaseExecutor.execute(TestCaseExecutor.java:227)
	at com.kms.katalon.core.main.TestCaseMain.runTestCase(TestCaseMain.java:114)
	at com.kms.katalon.core.keyword.builtin.CallTestCaseKeyword$_callTestCase_closure1.doCall(CallTestCaseKeyword.groovy:59)
	... 36 more
Caused by: com.kms.katalon.core.webui.exception.WebElementNotFoundException: Web element with id: 'Object Repository/Page_KiboPush  Dashboard/h3_Dashboard (57)' located by 'By.xpath: //h3[(text() = 'Dashboard' or . = 'Dashboard')]' not found
	at com.kms.katalon.core.webui.common.WebUiCommonHelper.findWebElement(WebUiCommonHelper.java:1053)
	at com.kms.katalon.core.webui.keyword.internal.WebUIAbstractKeyword.findWebElement(WebUIAbstractKeyword.groovy:27)
	at com.kms.katalon.core.webui.keyword.internal.WebUIAbstractKeyword.findWebElement(WebUIAbstractKeyword.groovy:26)
	at com.kms.katalon.core.webui.keyword.builtin.ClickKeyword$_click_closure1.doCall(ClickKeyword.groovy:77)
	at com.kms.katalon.core.webui.keyword.builtin.ClickKeyword$_click_closure1.call(ClickKeyword.groovy)
	at com.kms.katalon.core.webui.keyword.internal.WebUIKeywordMain.runKeyword(WebUIKeywordMain.groovy:20)
	at com.kms.katalon.core.webui.keyword.builtin.ClickKeyword.click(ClickKeyword.groovy:86)
	at com.kms.katalon.core.webui.keyword.builtin.ClickKeyword.execute(ClickKeyword.groovy:67)
	at com.kms.katalon.core.keyword.internal.KeywordExecutor.executeKeywordForPlatform(KeywordExecutor.groovy:56)
	at com.kms.katalon.core.webui.keyword.WebUiBuiltInKeywords.click(WebUiBuiltInKeywords.groovy:616)
	at com.kms.katalon.core.webui.keyword.WebUiBuiltInKeywords$click$2.call(Unknown Source)
	at Script1542870641933.run(Script1542870641933.groovy:40)
	at com.kms.katalon.core.main.ScriptEngine.run(ScriptEngine.java:194)
	at com.kms.katalon.core.main.ScriptEngine.runScriptAsRawText(ScriptEngine.java:119)
	at com.kms.katalon.core.main.TestCaseExecutor.runScript(TestCaseExecutor.java:331)
	at com.kms.katalon.core.main.TestCaseExecutor.doExecute(TestCaseExecutor.java:322)
	at com.kms.katalon.core.main.TestCaseExecutor.processExecutionPhase(TestCaseExecutor.java:301)
	at com.kms.katalon.core.main.TestCaseExecutor.accessMainPhase(TestCaseExecutor.java:293)
	at com.kms.katalon.core.main.TestCaseExecutor.execute(TestCaseExecutor.java:227)
	at com.kms.katalon.core.main.TestCaseMain.runTestCase(TestCaseMain.java:114)
	at com.kms.katalon.core.keyword.builtin.CallTestCaseKeyword$_callTestCase_closure1.doCall(CallTestCaseKeyword.groovy:59)
	at com.kms.katalon.core.keyword.builtin.CallTestCaseKeyword$_callTestCase_closure1.call(CallTestCaseKeyword.groovy)
	at com.kms.katalon.core.keyword.internal.KeywordMain.runKeyword(KeywordMain.groovy:66)
	at com.kms.katalon.core.keyword.builtin.CallTestCaseKeyword.callTestCase(CallTestCaseKeyword.groovy:81)
	at com.kms.katalon.core.keyword.builtin.CallTestCaseKeyword.execute(CallTestCaseKeyword.groovy:44)
	at com.kms.katalon.core.keyword.internal.KeywordExecutor.executeKeywordForPlatform(KeywordExecutor.groovy:56)
	at com.kms.katalon.core.keyword.BuiltinKeywords.callTestCase(BuiltinKeywords.groovy:334)
	at Script1537021633628.run(Script1537021633628.groovy:22)
	at com.kms.katalon.core.main.ScriptEngine.run(ScriptEngine.java:194)
	at com.kms.katalon.core.main.ScriptEngine.runScriptAsRawText(ScriptEngine.java:119)
	at com.kms.katalon.core.main.TestCaseExecutor.runScript(TestCaseExecutor.java:331)
	at com.kms.katalon.core.main.TestCaseExecutor.doExecute(TestCaseExecutor.java:322)
	at com.kms.katalon.core.main.TestCaseExecutor.processExecutionPhase(TestCaseExecutor.java:301)
	at com.kms.katalon.core.main.TestCaseExecutor.accessMainPhase(TestCaseExecutor.java:293)
	at com.kms.katalon.core.main.TestCaseExecutor.execute(TestCaseExecutor.java:227)
	at com.kms.katalon.core.main.TestCaseMain.runTestCase(TestCaseMain.java:114)
	at com.kms.katalon.core.keyword.builtin.CallTestCaseKeyword$_callTestCase_closure1.doCall(CallTestCaseKeyword.groovy:59)
	at com.kms.katalon.core.keyword.builtin.CallTestCaseKeyword$_callTestCase_closure1.call(CallTestCaseKeyword.groovy)
	at com.kms.katalon.core.keyword.internal.KeywordMain.runKeyword(KeywordMain.groovy:66)
	at com.kms.katalon.core.keyword.builtin.CallTestCaseKeyword.callTestCase(CallTestCaseKeyword.groovy:81)
	at com.kms.katalon.core.keyword.builtin.CallTestCaseKeyword.execute(CallTestCaseKeyword.groovy:44)
	at com.kms.katalon.core.keyword.internal.KeywordExecutor.executeKeywordForPlatform(KeywordExecutor.groovy:56)
	at com.kms.katalon.core.keyword.BuiltinKeywords.callTestCase(BuiltinKeywords.groovy:334)
	at Script1535529071823.run(Script1535529071823.groovy:30)
	... 13 more


2019-03-27 12:08:13 - [TEST_CASE][FAILED] - Test Cases/s-sidebar_navigation/individualAccount/Login-KiboEngage: Test Cases/s-sidebar_navigation/individualAccount/Login-KiboEngage FAILED.
Reason:
com.kms.katalon.core.exception.StepFailedException: Unable to click on object 'Object Repository/Page_KiboPush  Dashboard/h3_Dashboard (57)'
	at com.kms.katalon.core.webui.keyword.internal.WebUIKeywordMain.stepFailed(WebUIKeywordMain.groovy:64)
	at com.kms.katalon.core.webui.keyword.internal.WebUIKeywordMain.runKeyword(WebUIKeywordMain.groovy:26)
	at com.kms.katalon.core.webui.keyword.builtin.ClickKeyword.click(ClickKeyword.groovy:86)
	at com.kms.katalon.core.webui.keyword.builtin.ClickKeyword.execute(ClickKeyword.groovy:67)
	at com.kms.katalon.core.keyword.internal.KeywordExecutor.executeKeywordForPlatform(KeywordExecutor.groovy:56)
	at com.kms.katalon.core.webui.keyword.WebUiBuiltInKeywords.click(WebUiBuiltInKeywords.groovy:616)
	at com.kms.katalon.core.webui.keyword.WebUiBuiltInKeywords$click$2.call(Unknown Source)
	at Login-KiboEngage.run(Login-KiboEngage:40)
	at com.kms.katalon.core.main.ScriptEngine.run(ScriptEngine.java:194)
	at com.kms.katalon.core.main.ScriptEngine.runScriptAsRawText(ScriptEngine.java:119)
	at com.kms.katalon.core.main.TestCaseExecutor.runScript(TestCaseExecutor.java:331)
	at com.kms.katalon.core.main.TestCaseExecutor.doExecute(TestCaseExecutor.java:322)
	at com.kms.katalon.core.main.TestCaseExecutor.processExecutionPhase(TestCaseExecutor.java:301)
	at com.kms.katalon.core.main.TestCaseExecutor.accessMainPhase(TestCaseExecutor.java:293)
	at com.kms.katalon.core.main.TestCaseExecutor.execute(TestCaseExecutor.java:227)
	at com.kms.katalon.core.main.TestCaseMain.runTestCase(TestCaseMain.java:114)
	at com.kms.katalon.core.keyword.builtin.CallTestCaseKeyword$_callTestCase_closure1.doCall(CallTestCaseKeyword.groovy:59)
	at com.kms.katalon.core.keyword.builtin.CallTestCaseKeyword$_callTestCase_closure1.call(CallTestCaseKeyword.groovy)
	at com.kms.katalon.core.keyword.internal.KeywordMain.runKeyword(KeywordMain.groovy:66)
	at com.kms.katalon.core.keyword.builtin.CallTestCaseKeyword.callTestCase(CallTestCaseKeyword.groovy:81)
	at com.kms.katalon.core.keyword.builtin.CallTestCaseKeyword.execute(CallTestCaseKeyword.groovy:44)
	at com.kms.katalon.core.keyword.internal.KeywordExecutor.executeKeywordForPlatform(KeywordExecutor.groovy:56)
	at com.kms.katalon.core.keyword.BuiltinKeywords.callTestCase(BuiltinKeywords.groovy:334)
	at Comment capture.run(Comment capture:22)
	at com.kms.katalon.core.main.ScriptEngine.run(ScriptEngine.java:194)
	at com.kms.katalon.core.main.ScriptEngine.runScriptAsRawText(ScriptEngine.java:119)
	at com.kms.katalon.core.main.TestCaseExecutor.runScript(TestCaseExecutor.java:331)
	at com.kms.katalon.core.main.TestCaseExecutor.doExecute(TestCaseExecutor.java:322)
	at com.kms.katalon.core.main.TestCaseExecutor.processExecutionPhase(TestCaseExecutor.java:301)
	at com.kms.katalon.core.main.TestCaseExecutor.accessMainPhase(TestCaseExecutor.java:293)
	at com.kms.katalon.core.main.TestCaseExecutor.execute(TestCaseExecutor.java:227)
	at com.kms.katalon.core.main.TestCaseMain.runTestCase(TestCaseMain.java:114)
	at com.kms.katalon.core.keyword.builtin.CallTestCaseKeyword$_callTestCase_closure1.doCall(CallTestCaseKeyword.groovy:59)
	at com.kms.katalon.core.keyword.builtin.CallTestCaseKeyword$_callTestCase_closure1.call(CallTestCaseKeyword.groovy)
	at com.kms.katalon.core.keyword.internal.KeywordMain.runKeyword(KeywordMain.groovy:66)
	at com.kms.katalon.core.keyword.builtin.CallTestCaseKeyword.callTestCase(CallTestCaseKeyword.groovy:81)
	at com.kms.katalon.core.keyword.builtin.CallTestCaseKeyword.execute(CallTestCaseKeyword.groovy:44)
	at com.kms.katalon.core.keyword.internal.KeywordExecutor.executeKeywordForPlatform(KeywordExecutor.groovy:56)
	at com.kms.katalon.core.keyword.BuiltinKeywords.callTestCase(BuiltinKeywords.groovy:334)
	at TC0509.run(TC0509:30)
	at com.kms.katalon.core.main.ScriptEngine.run(ScriptEngine.java:194)
	at com.kms.katalon.core.main.ScriptEngine.runScriptAsRawText(ScriptEngine.java:119)
	at com.kms.katalon.core.main.TestCaseExecutor.runScript(TestCaseExecutor.java:331)
	at com.kms.katalon.core.main.TestCaseExecutor.doExecute(TestCaseExecutor.java:322)
	at com.kms.katalon.core.main.TestCaseExecutor.processExecutionPhase(TestCaseExecutor.java:301)
	at com.kms.katalon.core.main.TestCaseExecutor.accessMainPhase(TestCaseExecutor.java:293)
	at com.kms.katalon.core.main.TestCaseExecutor.execute(TestCaseExecutor.java:227)
	at com.kms.katalon.core.main.TestSuiteExecutor.accessTestCaseMainPhase(TestSuiteExecutor.java:129)
	at com.kms.katalon.core.main.TestSuiteExecutor.accessTestSuiteMainPhase(TestSuiteExecutor.java:112)
	at com.kms.katalon.core.main.TestSuiteExecutor.execute(TestSuiteExecutor.java:81)
	at com.kms.katalon.core.main.TestCaseMain.startTestSuite(TestCaseMain.java:157)
	at com.kms.katalon.core.main.TestCaseMain$startTestSuite$0.call(Unknown Source)
	at TempTestSuite1553670311511.run(TempTestSuite1553670311511.groovy:35)
Caused by: com.kms.katalon.core.webui.exception.WebElementNotFoundException: Web element with id: 'Object Repository/Page_KiboPush  Dashboard/h3_Dashboard (57)' located by 'By.xpath: //h3[(text() = 'Dashboard' or . = 'Dashboard')]' not found
	at com.kms.katalon.core.webui.common.WebUiCommonHelper.findWebElement(WebUiCommonHelper.java:1053)
	at com.kms.katalon.core.webui.keyword.internal.WebUIAbstractKeyword.findWebElement(WebUIAbstractKeyword.groovy:27)
	at com.kms.katalon.core.webui.keyword.internal.WebUIAbstractKeyword.findWebElement(WebUIAbstractKeyword.groovy:26)
	at com.kms.katalon.core.webui.keyword.builtin.ClickKeyword$_click_closure1.doCall(ClickKeyword.groovy:77)
	at com.kms.katalon.core.webui.keyword.builtin.ClickKeyword$_click_closure1.call(ClickKeyword.groovy)
	at com.kms.katalon.core.webui.keyword.internal.WebUIKeywordMain.runKeyword(WebUIKeywordMain.groovy:20)
	at com.kms.katalon.core.webui.keyword.builtin.ClickKeyword.click(ClickKeyword.groovy:86)
	at com.kms.katalon.core.webui.keyword.builtin.ClickKeyword.execute(ClickKeyword.groovy:67)
	at com.kms.katalon.core.keyword.internal.KeywordExecutor.executeKeywordForPlatform(KeywordExecutor.groovy:56)
	at com.kms.katalon.core.webui.keyword.WebUiBuiltInKeywords.click(WebUiBuiltInKeywords.groovy:616)
	at com.kms.katalon.core.webui.keyword.WebUiBuiltInKeywords$click$2.call(Unknown Source)
	at Script1542870641933.run(Script1542870641933.groovy:40)
	at com.kms.katalon.core.main.ScriptEngine.run(ScriptEngine.java:194)
	at com.kms.katalon.core.main.ScriptEngine.runScriptAsRawText(ScriptEngine.java:119)
	at com.kms.katalon.core.main.TestCaseExecutor.runScript(TestCaseExecutor.java:331)
	at com.kms.katalon.core.main.TestCaseExecutor.doExecute(TestCaseExecutor.java:322)
	at com.kms.katalon.core.main.TestCaseExecutor.processExecutionPhase(TestCaseExecutor.java:301)
	at com.kms.katalon.core.main.TestCaseExecutor.accessMainPhase(TestCaseExecutor.java:293)
	at com.kms.katalon.core.main.TestCaseExecutor.execute(TestCaseExecutor.java:227)
	at com.kms.katalon.core.main.TestCaseMain.runTestCase(TestCaseMain.java:114)
	at com.kms.katalon.core.keyword.builtin.CallTestCaseKeyword$_callTestCase_closure1.doCall(CallTestCaseKeyword.groovy:59)
	at com.kms.katalon.core.keyword.builtin.CallTestCaseKeyword$_callTestCase_closure1.call(CallTestCaseKeyword.groovy)
	at com.kms.katalon.core.keyword.internal.KeywordMain.runKeyword(KeywordMain.groovy:66)
	at com.kms.katalon.core.keyword.builtin.CallTestCaseKeyword.callTestCase(CallTestCaseKeyword.groovy:81)
	at com.kms.katalon.core.keyword.builtin.CallTestCaseKeyword.execute(CallTestCaseKeyword.groovy:44)
	at com.kms.katalon.core.keyword.internal.KeywordExecutor.executeKeywordForPlatform(KeywordExecutor.groovy:56)
	at com.kms.katalon.core.keyword.BuiltinKeywords.callTestCase(BuiltinKeywords.groovy:334)
	at Script1537021633628.run(Script1537021633628.groovy:22)
	at com.kms.katalon.core.main.ScriptEngine.run(ScriptEngine.java:194)
	at com.kms.katalon.core.main.ScriptEngine.runScriptAsRawText(ScriptEngine.java:119)
	at com.kms.katalon.core.main.TestCaseExecutor.runScript(TestCaseExecutor.java:331)
	at com.kms.katalon.core.main.TestCaseExecutor.doExecute(TestCaseExecutor.java:322)
	at com.kms.katalon.core.main.TestCaseExecutor.processExecutionPhase(TestCaseExecutor.java:301)
	at com.kms.katalon.core.main.TestCaseExecutor.accessMainPhase(TestCaseExecutor.java:293)
	at com.kms.katalon.core.main.TestCaseExecutor.execute(TestCaseExecutor.java:227)
	at com.kms.katalon.core.main.TestCaseMain.runTestCase(TestCaseMain.java:114)
	at com.kms.katalon.core.keyword.builtin.CallTestCaseKeyword$_callTestCase_closure1.doCall(CallTestCaseKeyword.groovy:59)
	at com.kms.katalon.core.keyword.builtin.CallTestCaseKeyword$_callTestCase_closure1.call(CallTestCaseKeyword.groovy)
	at com.kms.katalon.core.keyword.internal.KeywordMain.runKeyword(KeywordMain.groovy:66)
	at com.kms.katalon.core.keyword.builtin.CallTestCaseKeyword.callTestCase(CallTestCaseKeyword.groovy:81)
	at com.kms.katalon.core.keyword.builtin.CallTestCaseKeyword.execute(CallTestCaseKeyword.groovy:44)
	at com.kms.katalon.core.keyword.internal.KeywordExecutor.executeKeywordForPlatform(KeywordExecutor.groovy:56)
	at com.kms.katalon.core.keyword.BuiltinKeywords.callTestCase(BuiltinKeywords.groovy:334)
	at Script1535529071823.run(Script1535529071823.groovy:30)
	... 13 more


2019-03-27 12:08:13 - [TEST_STEP][PASSED] - openBrowser(""): Browser is opened with url: ''

2019-03-27 12:08:13 - [MESSAGE][WARNING] - A browser is already opened. Closing browser and opening a new one

2019-03-27 12:08:13 - [MESSAGE][INFO] - Starting 'Chrome' driver

2019-03-27 12:08:13 - [MESSAGE][PASSED] - Browser is opened with url: ''

2019-03-27 12:08:13 - [TEST_STEP][PASSED] - maximizeWindow(): Current window maximized

2019-03-27 12:08:13 - [MESSAGE][PASSED] - Current window maximized

2019-03-27 12:08:13 - [TEST_STEP][PASSED] - navigateToUrl("https://kiboengage.cloudkibo.com/"): Navigate to 'https://kiboengage.cloudkibo.com/' successfully

2019-03-27 12:08:24 - [MESSAGE][PASSED] - Navigate to 'https://kiboengage.cloudkibo.com/' successfully

2019-03-27 12:08:24 - [TEST_STEP][PASSED] - navigateToUrl("https://accounts.cloudkibo.com/?continue=https://kiboengage.cloudkibo.com"): Navigate to 'https://accounts.cloudkibo.com/?continue=https://kiboengage.cloudkibo.com' successfully

2019-03-27 12:08:24 - [MESSAGE][PASSED] - Navigate to 'https://accounts.cloudkibo.com/?continue=https://kiboengage.cloudkibo.com' successfully

2019-03-27 12:08:24 - [TEST_STEP][PASSED] - click(findTestObject("Page_KiboPush/a_Login (9) (1)")): Object: 'Object Repository/Page_KiboPush/a_Login (9) (1)' is clicked on

2019-03-27 12:08:25 - [MESSAGE][PASSED] - Object: 'Object Repository/Page_KiboPush/a_Login (9) (1)' is clicked on

2019-03-27 12:08:25 - [TEST_STEP][PASSED] - setText(findTestObject("Page_KiboPush/input_email (10) (1)"), "individual@cloudkibo.com"): Text 'individual@cloudkibo.com' is set on object 'Object Repository/Page_KiboPush/input_email (10) (1)'

2019-03-27 12:08:25 - [MESSAGE][PASSED] - Text 'individual@cloudkibo.com' is set on object 'Object Repository/Page_KiboPush/input_email (10) (1)'

2019-03-27 12:08:25 - [TEST_STEP][PASSED] - setEncryptedText(findTestObject("Page_KiboPush/input_password (9) (1)"), "RigbBhfdqOBGNlJIWM1ClA=="): Text ****** has been set on object 'Object Repository/Page_KiboPush/input_password (9) (1)'

2019-03-27 12:08:25 - [MESSAGE][PASSED] - Text ****** has been set on object 'Object Repository/Page_KiboPush/input_password (9) (1)'

2019-03-27 12:08:25 - [TEST_STEP][PASSED] - click(findTestObject("Page_KiboPush/button_Sign In (10) (1)")): Object: 'Object Repository/Page_KiboPush/button_Sign In (10) (1)' is clicked on

2019-03-27 12:08:25 - [MESSAGE][PASSED] - Object: 'Object Repository/Page_KiboPush/button_Sign In (10) (1)' is clicked on

2019-03-27 12:08:25 - [TEST_STEP][PASSED] - navigateToUrl("https://kiboengage.cloudkibo.com/dashboard"): Navigate to 'https://kiboengage.cloudkibo.com/dashboard' successfully

2019-03-27 12:08:28 - [MESSAGE][PASSED] - Navigate to 'https://kiboengage.cloudkibo.com/dashboard' successfully

2019-03-27 12:08:28 - [TEST_STEP][FAILED] - click(findTestObject("Object Repository/Page_KiboPush  Dashboard/h3_Dashboard (57)")): click(findTestObject("Object Repository/Page_KiboPush  Dashboard/h3_Dashboard (57)")) FAILED.
Reason:
com.kms.katalon.core.exception.StepFailedException: Unable to click on object 'Object Repository/Page_KiboPush  Dashboard/h3_Dashboard (57)'
	at com.kms.katalon.core.webui.keyword.internal.WebUIKeywordMain.stepFailed(WebUIKeywordMain.groovy:64)
	at com.kms.katalon.core.webui.keyword.internal.WebUIKeywordMain.runKeyword(WebUIKeywordMain.groovy:26)
	at com.kms.katalon.core.webui.keyword.builtin.ClickKeyword.click(ClickKeyword.groovy:86)
	at com.kms.katalon.core.webui.keyword.builtin.ClickKeyword.execute(ClickKeyword.groovy:67)
	at com.kms.katalon.core.keyword.internal.KeywordExecutor.executeKeywordForPlatform(KeywordExecutor.groovy:56)
	at com.kms.katalon.core.webui.keyword.WebUiBuiltInKeywords.click(WebUiBuiltInKeywords.groovy:616)
	at com.kms.katalon.core.webui.keyword.WebUiBuiltInKeywords$click$2.call(Unknown Source)
	at Login-KiboEngage.run(Login-KiboEngage:40)
	at com.kms.katalon.core.main.ScriptEngine.run(ScriptEngine.java:194)
	at com.kms.katalon.core.main.ScriptEngine.runScriptAsRawText(ScriptEngine.java:119)
	at com.kms.katalon.core.main.TestCaseExecutor.runScript(TestCaseExecutor.java:331)
	at com.kms.katalon.core.main.TestCaseExecutor.doExecute(TestCaseExecutor.java:322)
	at com.kms.katalon.core.main.TestCaseExecutor.processExecutionPhase(TestCaseExecutor.java:301)
	at com.kms.katalon.core.main.TestCaseExecutor.accessMainPhase(TestCaseExecutor.java:293)
	at com.kms.katalon.core.main.TestCaseExecutor.execute(TestCaseExecutor.java:227)
	at com.kms.katalon.core.main.TestCaseMain.runTestCase(TestCaseMain.java:114)
	at com.kms.katalon.core.keyword.builtin.CallTestCaseKeyword$_callTestCase_closure1.doCall(CallTestCaseKeyword.groovy:59)
	at com.kms.katalon.core.keyword.builtin.CallTestCaseKeyword$_callTestCase_closure1.call(CallTestCaseKeyword.groovy)
	at com.kms.katalon.core.keyword.internal.KeywordMain.runKeyword(KeywordMain.groovy:66)
	at com.kms.katalon.core.keyword.builtin.CallTestCaseKeyword.callTestCase(CallTestCaseKeyword.groovy:81)
	at com.kms.katalon.core.keyword.builtin.CallTestCaseKeyword.execute(CallTestCaseKeyword.groovy:44)
	at com.kms.katalon.core.keyword.internal.KeywordExecutor.executeKeywordForPlatform(KeywordExecutor.groovy:56)
	at com.kms.katalon.core.keyword.BuiltinKeywords.callTestCase(BuiltinKeywords.groovy:334)
	at Comment capture.run(Comment capture:22)
	at com.kms.katalon.core.main.ScriptEngine.run(ScriptEngine.java:194)
	at com.kms.katalon.core.main.ScriptEngine.runScriptAsRawText(ScriptEngine.java:119)
	at com.kms.katalon.core.main.TestCaseExecutor.runScript(TestCaseExecutor.java:331)
	at com.kms.katalon.core.main.TestCaseExecutor.doExecute(TestCaseExecutor.java:322)
	at com.kms.katalon.core.main.TestCaseExecutor.processExecutionPhase(TestCaseExecutor.java:301)
	at com.kms.katalon.core.main.TestCaseExecutor.accessMainPhase(TestCaseExecutor.java:293)
	at com.kms.katalon.core.main.TestCaseExecutor.execute(TestCaseExecutor.java:227)
	at com.kms.katalon.core.main.TestCaseMain.runTestCase(TestCaseMain.java:114)
	at com.kms.katalon.core.keyword.builtin.CallTestCaseKeyword$_callTestCase_closure1.doCall(CallTestCaseKeyword.groovy:59)
	at com.kms.katalon.core.keyword.builtin.CallTestCaseKeyword$_callTestCase_closure1.call(CallTestCaseKeyword.groovy)
	at com.kms.katalon.core.keyword.internal.KeywordMain.runKeyword(KeywordMain.groovy:66)
	at com.kms.katalon.core.keyword.builtin.CallTestCaseKeyword.callTestCase(CallTestCaseKeyword.groovy:81)
	at com.kms.katalon.core.keyword.builtin.CallTestCaseKeyword.execute(CallTestCaseKeyword.groovy:44)
	at com.kms.katalon.core.keyword.internal.KeywordExecutor.executeKeywordForPlatform(KeywordExecutor.groovy:56)
	at com.kms.katalon.core.keyword.BuiltinKeywords.callTestCase(BuiltinKeywords.groovy:334)
	at TC0509.run(TC0509:30)
	at com.kms.katalon.core.main.ScriptEngine.run(ScriptEngine.java:194)
	at com.kms.katalon.core.main.ScriptEngine.runScriptAsRawText(ScriptEngine.java:119)
	at com.kms.katalon.core.main.TestCaseExecutor.runScript(TestCaseExecutor.java:331)
	at com.kms.katalon.core.main.TestCaseExecutor.doExecute(TestCaseExecutor.java:322)
	at com.kms.katalon.core.main.TestCaseExecutor.processExecutionPhase(TestCaseExecutor.java:301)
	at com.kms.katalon.core.main.TestCaseExecutor.accessMainPhase(TestCaseExecutor.java:293)
	at com.kms.katalon.core.main.TestCaseExecutor.execute(TestCaseExecutor.java:227)
	at com.kms.katalon.core.main.TestSuiteExecutor.accessTestCaseMainPhase(TestSuiteExecutor.java:129)
	at com.kms.katalon.core.main.TestSuiteExecutor.accessTestSuiteMainPhase(TestSuiteExecutor.java:112)
	at com.kms.katalon.core.main.TestSuiteExecutor.execute(TestSuiteExecutor.java:81)
	at com.kms.katalon.core.main.TestCaseMain.startTestSuite(TestCaseMain.java:157)
	at com.kms.katalon.core.main.TestCaseMain$startTestSuite$0.call(Unknown Source)
	at TempTestSuite1553670311511.run(TempTestSuite1553670311511.groovy:35)
Caused by: com.kms.katalon.core.webui.exception.WebElementNotFoundException: Web element with id: 'Object Repository/Page_KiboPush  Dashboard/h3_Dashboard (57)' located by 'By.xpath: //h3[(text() = 'Dashboard' or . = 'Dashboard')]' not found
	at com.kms.katalon.core.webui.common.WebUiCommonHelper.findWebElement(WebUiCommonHelper.java:1053)
	at com.kms.katalon.core.webui.keyword.internal.WebUIAbstractKeyword.findWebElement(WebUIAbstractKeyword.groovy:27)
	at com.kms.katalon.core.webui.keyword.internal.WebUIAbstractKeyword.findWebElement(WebUIAbstractKeyword.groovy:26)
	at com.kms.katalon.core.webui.keyword.builtin.ClickKeyword$_click_closure1.doCall(ClickKeyword.groovy:77)
	at com.kms.katalon.core.webui.keyword.builtin.ClickKeyword$_click_closure1.call(ClickKeyword.groovy)
	at com.kms.katalon.core.webui.keyword.internal.WebUIKeywordMain.runKeyword(WebUIKeywordMain.groovy:20)
	at com.kms.katalon.core.webui.keyword.builtin.ClickKeyword.click(ClickKeyword.groovy:86)
	at com.kms.katalon.core.webui.keyword.builtin.ClickKeyword.execute(ClickKeyword.groovy:67)
	at com.kms.katalon.core.keyword.internal.KeywordExecutor.executeKeywordForPlatform(KeywordExecutor.groovy:56)
	at com.kms.katalon.core.webui.keyword.WebUiBuiltInKeywords.click(WebUiBuiltInKeywords.groovy:616)
	at com.kms.katalon.core.webui.keyword.WebUiBuiltInKeywords$click$2.call(Unknown Source)
	at Script1542870641933.run(Script1542870641933.groovy:40)
	at com.kms.katalon.core.main.ScriptEngine.run(ScriptEngine.java:194)
	at com.kms.katalon.core.main.ScriptEngine.runScriptAsRawText(ScriptEngine.java:119)
	at com.kms.katalon.core.main.TestCaseExecutor.runScript(TestCaseExecutor.java:331)
	at com.kms.katalon.core.main.TestCaseExecutor.doExecute(TestCaseExecutor.java:322)
	at com.kms.katalon.core.main.TestCaseExecutor.processExecutionPhase(TestCaseExecutor.java:301)
	at com.kms.katalon.core.main.TestCaseExecutor.accessMainPhase(TestCaseExecutor.java:293)
	at com.kms.katalon.core.main.TestCaseExecutor.execute(TestCaseExecutor.java:227)
	at com.kms.katalon.core.main.TestCaseMain.runTestCase(TestCaseMain.java:114)
	at com.kms.katalon.core.keyword.builtin.CallTestCaseKeyword$_callTestCase_closure1.doCall(CallTestCaseKeyword.groovy:59)
	at com.kms.katalon.core.keyword.builtin.CallTestCaseKeyword$_callTestCase_closure1.call(CallTestCaseKeyword.groovy)
	at com.kms.katalon.core.keyword.internal.KeywordMain.runKeyword(KeywordMain.groovy:66)
	at com.kms.katalon.core.keyword.builtin.CallTestCaseKeyword.callTestCase(CallTestCaseKeyword.groovy:81)
	at com.kms.katalon.core.keyword.builtin.CallTestCaseKeyword.execute(CallTestCaseKeyword.groovy:44)
	at com.kms.katalon.core.keyword.internal.KeywordExecutor.executeKeywordForPlatform(KeywordExecutor.groovy:56)
	at com.kms.katalon.core.keyword.BuiltinKeywords.callTestCase(BuiltinKeywords.groovy:334)
	at Script1537021633628.run(Script1537021633628.groovy:22)
	at com.kms.katalon.core.main.ScriptEngine.run(ScriptEngine.java:194)
	at com.kms.katalon.core.main.ScriptEngine.runScriptAsRawText(ScriptEngine.java:119)
	at com.kms.katalon.core.main.TestCaseExecutor.runScript(TestCaseExecutor.java:331)
	at com.kms.katalon.core.main.TestCaseExecutor.doExecute(TestCaseExecutor.java:322)
	at com.kms.katalon.core.main.TestCaseExecutor.processExecutionPhase(TestCaseExecutor.java:301)
	at com.kms.katalon.core.main.TestCaseExecutor.accessMainPhase(TestCaseExecutor.java:293)
	at com.kms.katalon.core.main.TestCaseExecutor.execute(TestCaseExecutor.java:227)
	at com.kms.katalon.core.main.TestCaseMain.runTestCase(TestCaseMain.java:114)
	at com.kms.katalon.core.keyword.builtin.CallTestCaseKeyword$_callTestCase_closure1.doCall(CallTestCaseKeyword.groovy:59)
	at com.kms.katalon.core.keyword.builtin.CallTestCaseKeyword$_callTestCase_closure1.call(CallTestCaseKeyword.groovy)
	at com.kms.katalon.core.keyword.internal.KeywordMain.runKeyword(KeywordMain.groovy:66)
	at com.kms.katalon.core.keyword.builtin.CallTestCaseKeyword.callTestCase(CallTestCaseKeyword.groovy:81)
	at com.kms.katalon.core.keyword.builtin.CallTestCaseKeyword.execute(CallTestCaseKeyword.groovy:44)
	at com.kms.katalon.core.keyword.internal.KeywordExecutor.executeKeywordForPlatform(KeywordExecutor.groovy:56)
	at com.kms.katalon.core.keyword.BuiltinKeywords.callTestCase(BuiltinKeywords.groovy:334)
	at Script1535529071823.run(Script1535529071823.groovy:30)
	... 13 more


2019-03-27 12:08:59 - [MESSAGE][INFO] - Unable to find the element located by 'By.xpath: //h3[(text() = 'Dashboard' or . = 'Dashboard')]'. Please recheck the objects properties to make sure the desired element is located. 

2019-03-27 12:08:59 - [MESSAGE][FAILED] - Unable to click on object 'Object Repository/Page_KiboPush  Dashboard/h3_Dashboard (57)' (Root cause: com.kms.katalon.core.exception.StepFailedException: Unable to click on object 'Object Repository/Page_KiboPush  Dashboard/h3_Dashboard (57)'
	at com.kms.katalon.core.webui.keyword.internal.WebUIKeywordMain.stepFailed(WebUIKeywordMain.groovy:64)
	at com.kms.katalon.core.webui.keyword.internal.WebUIKeywordMain.runKeyword(WebUIKeywordMain.groovy:26)
	at com.kms.katalon.core.webui.keyword.builtin.ClickKeyword.click(ClickKeyword.groovy:86)
	at com.kms.katalon.core.webui.keyword.builtin.ClickKeyword.execute(ClickKeyword.groovy:67)
	at com.kms.katalon.core.keyword.internal.KeywordExecutor.executeKeywordForPlatform(KeywordExecutor.groovy:56)
	at com.kms.katalon.core.webui.keyword.WebUiBuiltInKeywords.click(WebUiBuiltInKeywords.groovy:616)
	at com.kms.katalon.core.webui.keyword.WebUiBuiltInKeywords$click$2.call(Unknown Source)
	at Login-KiboEngage.run(Login-KiboEngage:40)
	at com.kms.katalon.core.main.ScriptEngine.run(ScriptEngine.java:194)
	at com.kms.katalon.core.main.ScriptEngine.runScriptAsRawText(ScriptEngine.java:119)
	at com.kms.katalon.core.main.TestCaseExecutor.runScript(TestCaseExecutor.java:331)
	at com.kms.katalon.core.main.TestCaseExecutor.doExecute(TestCaseExecutor.java:322)
	at com.kms.katalon.core.main.TestCaseExecutor.processExecutionPhase(TestCaseExecutor.java:301)
	at com.kms.katalon.core.main.TestCaseExecutor.accessMainPhase(TestCaseExecutor.java:293)
	at com.kms.katalon.core.main.TestCaseExecutor.execute(TestCaseExecutor.java:227)
	at com.kms.katalon.core.main.TestCaseMain.runTestCase(TestCaseMain.java:114)
	at com.kms.katalon.core.keyword.builtin.CallTestCaseKeyword$_callTestCase_closure1.doCall(CallTestCaseKeyword.groovy:59)
	at com.kms.katalon.core.keyword.builtin.CallTestCaseKeyword$_callTestCase_closure1.call(CallTestCaseKeyword.groovy)
	at com.kms.katalon.core.keyword.internal.KeywordMain.runKeyword(KeywordMain.groovy:66)
	at com.kms.katalon.core.keyword.builtin.CallTestCaseKeyword.callTestCase(CallTestCaseKeyword.groovy:81)
	at com.kms.katalon.core.keyword.builtin.CallTestCaseKeyword.execute(CallTestCaseKeyword.groovy:44)
	at com.kms.katalon.core.keyword.internal.KeywordExecutor.executeKeywordForPlatform(KeywordExecutor.groovy:56)
	at com.kms.katalon.core.keyword.BuiltinKeywords.callTestCase(BuiltinKeywords.groovy:334)
	at Comment capture.run(Comment capture:22)
	at com.kms.katalon.core.main.ScriptEngine.run(ScriptEngine.java:194)
	at com.kms.katalon.core.main.ScriptEngine.runScriptAsRawText(ScriptEngine.java:119)
	at com.kms.katalon.core.main.TestCaseExecutor.runScript(TestCaseExecutor.java:331)
	at com.kms.katalon.core.main.TestCaseExecutor.doExecute(TestCaseExecutor.java:322)
	at com.kms.katalon.core.main.TestCaseExecutor.processExecutionPhase(TestCaseExecutor.java:301)
	at com.kms.katalon.core.main.TestCaseExecutor.accessMainPhase(TestCaseExecutor.java:293)
	at com.kms.katalon.core.main.TestCaseExecutor.execute(TestCaseExecutor.java:227)
	at com.kms.katalon.core.main.TestCaseMain.runTestCase(TestCaseMain.java:114)
	at com.kms.katalon.core.keyword.builtin.CallTestCaseKeyword$_callTestCase_closure1.doCall(CallTestCaseKeyword.groovy:59)
	at com.kms.katalon.core.keyword.builtin.CallTestCaseKeyword$_callTestCase_closure1.call(CallTestCaseKeyword.groovy)
	at com.kms.katalon.core.keyword.internal.KeywordMain.runKeyword(KeywordMain.groovy:66)
	at com.kms.katalon.core.keyword.builtin.CallTestCaseKeyword.callTestCase(CallTestCaseKeyword.groovy:81)
	at com.kms.katalon.core.keyword.builtin.CallTestCaseKeyword.execute(CallTestCaseKeyword.groovy:44)
	at com.kms.katalon.core.keyword.internal.KeywordExecutor.executeKeywordForPlatform(KeywordExecutor.groovy:56)
	at com.kms.katalon.core.keyword.BuiltinKeywords.callTestCase(BuiltinKeywords.groovy:334)
	at TC0509.run(TC0509:30)
	at com.kms.katalon.core.main.ScriptEngine.run(ScriptEngine.java:194)
	at com.kms.katalon.core.main.ScriptEngine.runScriptAsRawText(ScriptEngine.java:119)
	at com.kms.katalon.core.main.TestCaseExecutor.runScript(TestCaseExecutor.java:331)
	at com.kms.katalon.core.main.TestCaseExecutor.doExecute(TestCaseExecutor.java:322)
	at com.kms.katalon.core.main.TestCaseExecutor.processExecutionPhase(TestCaseExecutor.java:301)
	at com.kms.katalon.core.main.TestCaseExecutor.accessMainPhase(TestCaseExecutor.java:293)
	at com.kms.katalon.core.main.TestCaseExecutor.execute(TestCaseExecutor.java:227)
	at com.kms.katalon.core.main.TestSuiteExecutor.accessTestCaseMainPhase(TestSuiteExecutor.java:129)
	at com.kms.katalon.core.main.TestSuiteExecutor.accessTestSuiteMainPhase(TestSuiteExecutor.java:112)
	at com.kms.katalon.core.main.TestSuiteExecutor.execute(TestSuiteExecutor.java:81)
	at com.kms.katalon.core.main.TestCaseMain.startTestSuite(TestCaseMain.java:157)
	at com.kms.katalon.core.main.TestCaseMain$startTestSuite$0.call(Unknown Source)
	at TempTestSuite1553670311511.run(TempTestSuite1553670311511.groovy:35)
Caused by: com.kms.katalon.core.webui.exception.WebElementNotFoundException: Web element with id: 'Object Repository/Page_KiboPush  Dashboard/h3_Dashboard (57)' located by 'By.xpath: //h3[(text() = 'Dashboard' or . = 'Dashboard')]' not found
	at com.kms.katalon.core.webui.common.WebUiCommonHelper.findWebElement(WebUiCommonHelper.java:1053)
	at com.kms.katalon.core.webui.keyword.internal.WebUIAbstractKeyword.findWebElement(WebUIAbstractKeyword.groovy:27)
	at com.kms.katalon.core.webui.keyword.internal.WebUIAbstractKeyword.findWebElement(WebUIAbstractKeyword.groovy:26)
	at com.kms.katalon.core.webui.keyword.builtin.ClickKeyword$_click_closure1.doCall(ClickKeyword.groovy:77)
	at com.kms.katalon.core.webui.keyword.builtin.ClickKeyword$_click_closure1.call(ClickKeyword.groovy)
	at com.kms.katalon.core.webui.keyword.internal.WebUIKeywordMain.runKeyword(WebUIKeywordMain.groovy:20)
	at com.kms.katalon.core.webui.keyword.builtin.ClickKeyword.click(ClickKeyword.groovy:86)
	at com.kms.katalon.core.webui.keyword.builtin.ClickKeyword.execute(ClickKeyword.groovy:67)
	at com.kms.katalon.core.keyword.internal.KeywordExecutor.executeKeywordForPlatform(KeywordExecutor.groovy:56)
	at com.kms.katalon.core.webui.keyword.WebUiBuiltInKeywords.click(WebUiBuiltInKeywords.groovy:616)
	at com.kms.katalon.core.webui.keyword.WebUiBuiltInKeywords$click$2.call(Unknown Source)
	at Script1542870641933.run(Script1542870641933.groovy:40)
	at com.kms.katalon.core.main.ScriptEngine.run(ScriptEngine.java:194)
	at com.kms.katalon.core.main.ScriptEngine.runScriptAsRawText(ScriptEngine.java:119)
	at com.kms.katalon.core.main.TestCaseExecutor.runScript(TestCaseExecutor.java:331)
	at com.kms.katalon.core.main.TestCaseExecutor.doExecute(TestCaseExecutor.java:322)
	at com.kms.katalon.core.main.TestCaseExecutor.processExecutionPhase(TestCaseExecutor.java:301)
	at com.kms.katalon.core.main.TestCaseExecutor.accessMainPhase(TestCaseExecutor.java:293)
	at com.kms.katalon.core.main.TestCaseExecutor.execute(TestCaseExecutor.java:227)
	at com.kms.katalon.core.main.TestCaseMain.runTestCase(TestCaseMain.java:114)
	at com.kms.katalon.core.keyword.builtin.CallTestCaseKeyword$_callTestCase_closure1.doCall(CallTestCaseKeyword.groovy:59)
	at com.kms.katalon.core.keyword.builtin.CallTestCaseKeyword$_callTestCase_closure1.call(CallTestCaseKeyword.groovy)
	at com.kms.katalon.core.keyword.internal.KeywordMain.runKeyword(KeywordMain.groovy:66)
	at com.kms.katalon.core.keyword.builtin.CallTestCaseKeyword.callTestCase(CallTestCaseKeyword.groovy:81)
	at com.kms.katalon.core.keyword.builtin.CallTestCaseKeyword.execute(CallTestCaseKeyword.groovy:44)
	at com.kms.katalon.core.keyword.internal.KeywordExecutor.executeKeywordForPlatform(KeywordExecutor.groovy:56)
	at com.kms.katalon.core.keyword.BuiltinKeywords.callTestCase(BuiltinKeywords.groovy:334)
	at Script1537021633628.run(Script1537021633628.groovy:22)
	at com.kms.katalon.core.main.ScriptEngine.run(ScriptEngine.java:194)
	at com.kms.katalon.core.main.ScriptEngine.runScriptAsRawText(ScriptEngine.java:119)
	at com.kms.katalon.core.main.TestCaseExecutor.runScript(TestCaseExecutor.java:331)
	at com.kms.katalon.core.main.TestCaseExecutor.doExecute(TestCaseExecutor.java:322)
	at com.kms.katalon.core.main.TestCaseExecutor.processExecutionPhase(TestCaseExecutor.java:301)
	at com.kms.katalon.core.main.TestCaseExecutor.accessMainPhase(TestCaseExecutor.java:293)
	at com.kms.katalon.core.main.TestCaseExecutor.execute(TestCaseExecutor.java:227)
	at com.kms.katalon.core.main.TestCaseMain.runTestCase(TestCaseMain.java:114)
	at com.kms.katalon.core.keyword.builtin.CallTestCaseKeyword$_callTestCase_closure1.doCall(CallTestCaseKeyword.groovy:59)
	at com.kms.katalon.core.keyword.builtin.CallTestCaseKeyword$_callTestCase_closure1.call(CallTestCaseKeyword.groovy)
	at com.kms.katalon.core.keyword.internal.KeywordMain.runKeyword(KeywordMain.groovy:66)
	at com.kms.katalon.core.keyword.builtin.CallTestCaseKeyword.callTestCase(CallTestCaseKeyword.groovy:81)
	at com.kms.katalon.core.keyword.builtin.CallTestCaseKeyword.execute(CallTestCaseKeyword.groovy:44)
	at com.kms.katalon.core.keyword.internal.KeywordExecutor.executeKeywordForPlatform(KeywordExecutor.groovy:56)
	at com.kms.katalon.core.keyword.BuiltinKeywords.callTestCase(BuiltinKeywords.groovy:334)
	at Script1535529071823.run(Script1535529071823.groovy:30)
	... 13 more
)
[[ATTACHMENT|/home/cloudkibo-faizan/Drive/Katalon/production/KiboPush/Reports/capture/20190327_120511/1553670539149.png]]

2019-03-27 12:08:59 - [MESSAGE][FAILED] - click(findTestObject("Object Repository/Page_KiboPush  Dashboard/h3_Dashboard (57)")) FAILED.
Reason:
com.kms.katalon.core.exception.StepFailedException: Unable to click on object 'Object Repository/Page_KiboPush  Dashboard/h3_Dashboard (57)'
	at com.kms.katalon.core.webui.keyword.internal.WebUIKeywordMain.stepFailed(WebUIKeywordMain.groovy:64)
	at com.kms.katalon.core.webui.keyword.internal.WebUIKeywordMain.runKeyword(WebUIKeywordMain.groovy:26)
	at com.kms.katalon.core.webui.keyword.builtin.ClickKeyword.click(ClickKeyword.groovy:86)
	at com.kms.katalon.core.webui.keyword.builtin.ClickKeyword.execute(ClickKeyword.groovy:67)
	at com.kms.katalon.core.keyword.internal.KeywordExecutor.executeKeywordForPlatform(KeywordExecutor.groovy:56)
	at com.kms.katalon.core.webui.keyword.WebUiBuiltInKeywords.click(WebUiBuiltInKeywords.groovy:616)
	at com.kms.katalon.core.webui.keyword.WebUiBuiltInKeywords$click$2.call(Unknown Source)
	at Login-KiboEngage.run(Login-KiboEngage:40)
	at com.kms.katalon.core.main.ScriptEngine.run(ScriptEngine.java:194)
	at com.kms.katalon.core.main.ScriptEngine.runScriptAsRawText(ScriptEngine.java:119)
	at com.kms.katalon.core.main.TestCaseExecutor.runScript(TestCaseExecutor.java:331)
	at com.kms.katalon.core.main.TestCaseExecutor.doExecute(TestCaseExecutor.java:322)
	at com.kms.katalon.core.main.TestCaseExecutor.processExecutionPhase(TestCaseExecutor.java:301)
	at com.kms.katalon.core.main.TestCaseExecutor.accessMainPhase(TestCaseExecutor.java:293)
	at com.kms.katalon.core.main.TestCaseExecutor.execute(TestCaseExecutor.java:227)
	at com.kms.katalon.core.main.TestCaseMain.runTestCase(TestCaseMain.java:114)
	at com.kms.katalon.core.keyword.builtin.CallTestCaseKeyword$_callTestCase_closure1.doCall(CallTestCaseKeyword.groovy:59)
	at com.kms.katalon.core.keyword.builtin.CallTestCaseKeyword$_callTestCase_closure1.call(CallTestCaseKeyword.groovy)
	at com.kms.katalon.core.keyword.internal.KeywordMain.runKeyword(KeywordMain.groovy:66)
	at com.kms.katalon.core.keyword.builtin.CallTestCaseKeyword.callTestCase(CallTestCaseKeyword.groovy:81)
	at com.kms.katalon.core.keyword.builtin.CallTestCaseKeyword.execute(CallTestCaseKeyword.groovy:44)
	at com.kms.katalon.core.keyword.internal.KeywordExecutor.executeKeywordForPlatform(KeywordExecutor.groovy:56)
	at com.kms.katalon.core.keyword.BuiltinKeywords.callTestCase(BuiltinKeywords.groovy:334)
	at Comment capture.run(Comment capture:22)
	at com.kms.katalon.core.main.ScriptEngine.run(ScriptEngine.java:194)
	at com.kms.katalon.core.main.ScriptEngine.runScriptAsRawText(ScriptEngine.java:119)
	at com.kms.katalon.core.main.TestCaseExecutor.runScript(TestCaseExecutor.java:331)
	at com.kms.katalon.core.main.TestCaseExecutor.doExecute(TestCaseExecutor.java:322)
	at com.kms.katalon.core.main.TestCaseExecutor.processExecutionPhase(TestCaseExecutor.java:301)
	at com.kms.katalon.core.main.TestCaseExecutor.accessMainPhase(TestCaseExecutor.java:293)
	at com.kms.katalon.core.main.TestCaseExecutor.execute(TestCaseExecutor.java:227)
	at com.kms.katalon.core.main.TestCaseMain.runTestCase(TestCaseMain.java:114)
	at com.kms.katalon.core.keyword.builtin.CallTestCaseKeyword$_callTestCase_closure1.doCall(CallTestCaseKeyword.groovy:59)
	at com.kms.katalon.core.keyword.builtin.CallTestCaseKeyword$_callTestCase_closure1.call(CallTestCaseKeyword.groovy)
	at com.kms.katalon.core.keyword.internal.KeywordMain.runKeyword(KeywordMain.groovy:66)
	at com.kms.katalon.core.keyword.builtin.CallTestCaseKeyword.callTestCase(CallTestCaseKeyword.groovy:81)
	at com.kms.katalon.core.keyword.builtin.CallTestCaseKeyword.execute(CallTestCaseKeyword.groovy:44)
	at com.kms.katalon.core.keyword.internal.KeywordExecutor.executeKeywordForPlatform(KeywordExecutor.groovy:56)
	at com.kms.katalon.core.keyword.BuiltinKeywords.callTestCase(BuiltinKeywords.groovy:334)
	at TC0509.run(TC0509:30)
	at com.kms.katalon.core.main.ScriptEngine.run(ScriptEngine.java:194)
	at com.kms.katalon.core.main.ScriptEngine.runScriptAsRawText(ScriptEngine.java:119)
	at com.kms.katalon.core.main.TestCaseExecutor.runScript(TestCaseExecutor.java:331)
	at com.kms.katalon.core.main.TestCaseExecutor.doExecute(TestCaseExecutor.java:322)
	at com.kms.katalon.core.main.TestCaseExecutor.processExecutionPhase(TestCaseExecutor.java:301)
	at com.kms.katalon.core.main.TestCaseExecutor.accessMainPhase(TestCaseExecutor.java:293)
	at com.kms.katalon.core.main.TestCaseExecutor.execute(TestCaseExecutor.java:227)
	at com.kms.katalon.core.main.TestSuiteExecutor.accessTestCaseMainPhase(TestSuiteExecutor.java:129)
	at com.kms.katalon.core.main.TestSuiteExecutor.accessTestSuiteMainPhase(TestSuiteExecutor.java:112)
	at com.kms.katalon.core.main.TestSuiteExecutor.execute(TestSuiteExecutor.java:81)
	at com.kms.katalon.core.main.TestCaseMain.startTestSuite(TestCaseMain.java:157)
	at com.kms.katalon.core.main.TestCaseMain$startTestSuite$0.call(Unknown Source)
	at TempTestSuite1553670311511.run(TempTestSuite1553670311511.groovy:35)
Caused by: com.kms.katalon.core.webui.exception.WebElementNotFoundException: Web element with id: 'Object Repository/Page_KiboPush  Dashboard/h3_Dashboard (57)' located by 'By.xpath: //h3[(text() = 'Dashboard' or . = 'Dashboard')]' not found
	at com.kms.katalon.core.webui.common.WebUiCommonHelper.findWebElement(WebUiCommonHelper.java:1053)
	at com.kms.katalon.core.webui.keyword.internal.WebUIAbstractKeyword.findWebElement(WebUIAbstractKeyword.groovy:27)
	at com.kms.katalon.core.webui.keyword.internal.WebUIAbstractKeyword.findWebElement(WebUIAbstractKeyword.groovy:26)
	at com.kms.katalon.core.webui.keyword.builtin.ClickKeyword$_click_closure1.doCall(ClickKeyword.groovy:77)
	at com.kms.katalon.core.webui.keyword.builtin.ClickKeyword$_click_closure1.call(ClickKeyword.groovy)
	at com.kms.katalon.core.webui.keyword.internal.WebUIKeywordMain.runKeyword(WebUIKeywordMain.groovy:20)
	at com.kms.katalon.core.webui.keyword.builtin.ClickKeyword.click(ClickKeyword.groovy:86)
	at com.kms.katalon.core.webui.keyword.builtin.ClickKeyword.execute(ClickKeyword.groovy:67)
	at com.kms.katalon.core.keyword.internal.KeywordExecutor.executeKeywordForPlatform(KeywordExecutor.groovy:56)
	at com.kms.katalon.core.webui.keyword.WebUiBuiltInKeywords.click(WebUiBuiltInKeywords.groovy:616)
	at com.kms.katalon.core.webui.keyword.WebUiBuiltInKeywords$click$2.call(Unknown Source)
	at Script1542870641933.run(Script1542870641933.groovy:40)
	at com.kms.katalon.core.main.ScriptEngine.run(ScriptEngine.java:194)
	at com.kms.katalon.core.main.ScriptEngine.runScriptAsRawText(ScriptEngine.java:119)
	at com.kms.katalon.core.main.TestCaseExecutor.runScript(TestCaseExecutor.java:331)
	at com.kms.katalon.core.main.TestCaseExecutor.doExecute(TestCaseExecutor.java:322)
	at com.kms.katalon.core.main.TestCaseExecutor.processExecutionPhase(TestCaseExecutor.java:301)
	at com.kms.katalon.core.main.TestCaseExecutor.accessMainPhase(TestCaseExecutor.java:293)
	at com.kms.katalon.core.main.TestCaseExecutor.execute(TestCaseExecutor.java:227)
	at com.kms.katalon.core.main.TestCaseMain.runTestCase(TestCaseMain.java:114)
	at com.kms.katalon.core.keyword.builtin.CallTestCaseKeyword$_callTestCase_closure1.doCall(CallTestCaseKeyword.groovy:59)
	at com.kms.katalon.core.keyword.builtin.CallTestCaseKeyword$_callTestCase_closure1.call(CallTestCaseKeyword.groovy)
	at com.kms.katalon.core.keyword.internal.KeywordMain.runKeyword(KeywordMain.groovy:66)
	at com.kms.katalon.core.keyword.builtin.CallTestCaseKeyword.callTestCase(CallTestCaseKeyword.groovy:81)
	at com.kms.katalon.core.keyword.builtin.CallTestCaseKeyword.execute(CallTestCaseKeyword.groovy:44)
	at com.kms.katalon.core.keyword.internal.KeywordExecutor.executeKeywordForPlatform(KeywordExecutor.groovy:56)
	at com.kms.katalon.core.keyword.BuiltinKeywords.callTestCase(BuiltinKeywords.groovy:334)
	at Script1537021633628.run(Script1537021633628.groovy:22)
	at com.kms.katalon.core.main.ScriptEngine.run(ScriptEngine.java:194)
	at com.kms.katalon.core.main.ScriptEngine.runScriptAsRawText(ScriptEngine.java:119)
	at com.kms.katalon.core.main.TestCaseExecutor.runScript(TestCaseExecutor.java:331)
	at com.kms.katalon.core.main.TestCaseExecutor.doExecute(TestCaseExecutor.java:322)
	at com.kms.katalon.core.main.TestCaseExecutor.processExecutionPhase(TestCaseExecutor.java:301)
	at com.kms.katalon.core.main.TestCaseExecutor.accessMainPhase(TestCaseExecutor.java:293)
	at com.kms.katalon.core.main.TestCaseExecutor.execute(TestCaseExecutor.java:227)
	at com.kms.katalon.core.main.TestCaseMain.runTestCase(TestCaseMain.java:114)
	at com.kms.katalon.core.keyword.builtin.CallTestCaseKeyword$_callTestCase_closure1.doCall(CallTestCaseKeyword.groovy:59)
	at com.kms.katalon.core.keyword.builtin.CallTestCaseKeyword$_callTestCase_closure1.call(CallTestCaseKeyword.groovy)
	at com.kms.katalon.core.keyword.internal.KeywordMain.runKeyword(KeywordMain.groovy:66)
	at com.kms.katalon.core.keyword.builtin.CallTestCaseKeyword.callTestCase(CallTestCaseKeyword.groovy:81)
	at com.kms.katalon.core.keyword.builtin.CallTestCaseKeyword.execute(CallTestCaseKeyword.groovy:44)
	at com.kms.katalon.core.keyword.internal.KeywordExecutor.executeKeywordForPlatform(KeywordExecutor.groovy:56)
	at com.kms.katalon.core.keyword.BuiltinKeywords.callTestCase(BuiltinKeywords.groovy:334)
	at Script1535529071823.run(Script1535529071823.groovy:30)
	... 13 more


2019-03-27 12:08:59 - [MESSAGE][FAILED] - Unable to call Test Case 'Test Cases/s-sidebar_navigation/individualAccount/Login-KiboEngage' (Root cause: com.kms.katalon.core.exception.StepFailedException: Call Test Case 'Test Cases/s-sidebar_navigation/individualAccount/Login-KiboEngage' failed
	at com.kms.katalon.core.keyword.builtin.CallTestCaseKeyword$_callTestCase_closure1.doCall(CallTestCaseKeyword.groovy:63)
	at com.kms.katalon.core.keyword.builtin.CallTestCaseKeyword$_callTestCase_closure1.call(CallTestCaseKeyword.groovy)
	at com.kms.katalon.core.keyword.internal.KeywordMain.runKeyword(KeywordMain.groovy:66)
	at com.kms.katalon.core.keyword.builtin.CallTestCaseKeyword.callTestCase(CallTestCaseKeyword.groovy:81)
	at com.kms.katalon.core.keyword.builtin.CallTestCaseKeyword.execute(CallTestCaseKeyword.groovy:44)
	at com.kms.katalon.core.keyword.internal.KeywordExecutor.executeKeywordForPlatform(KeywordExecutor.groovy:56)
	at com.kms.katalon.core.keyword.BuiltinKeywords.callTestCase(BuiltinKeywords.groovy:334)
	at Comment capture.run(Comment capture:22)
	at com.kms.katalon.core.main.ScriptEngine.run(ScriptEngine.java:194)
	at com.kms.katalon.core.main.ScriptEngine.runScriptAsRawText(ScriptEngine.java:119)
	at com.kms.katalon.core.main.TestCaseExecutor.runScript(TestCaseExecutor.java:331)
	at com.kms.katalon.core.main.TestCaseExecutor.doExecute(TestCaseExecutor.java:322)
	at com.kms.katalon.core.main.TestCaseExecutor.processExecutionPhase(TestCaseExecutor.java:301)
	at com.kms.katalon.core.main.TestCaseExecutor.accessMainPhase(TestCaseExecutor.java:293)
	at com.kms.katalon.core.main.TestCaseExecutor.execute(TestCaseExecutor.java:227)
	at com.kms.katalon.core.main.TestCaseMain.runTestCase(TestCaseMain.java:114)
	at com.kms.katalon.core.keyword.builtin.CallTestCaseKeyword$_callTestCase_closure1.doCall(CallTestCaseKeyword.groovy:59)
	at com.kms.katalon.core.keyword.builtin.CallTestCaseKeyword$_callTestCase_closure1.call(CallTestCaseKeyword.groovy)
	at com.kms.katalon.core.keyword.internal.KeywordMain.runKeyword(KeywordMain.groovy:66)
	at com.kms.katalon.core.keyword.builtin.CallTestCaseKeyword.callTestCase(CallTestCaseKeyword.groovy:81)
	at com.kms.katalon.core.keyword.builtin.CallTestCaseKeyword.execute(CallTestCaseKeyword.groovy:44)
	at com.kms.katalon.core.keyword.internal.KeywordExecutor.executeKeywordForPlatform(KeywordExecutor.groovy:56)
	at com.kms.katalon.core.keyword.BuiltinKeywords.callTestCase(BuiltinKeywords.groovy:334)
	at TC0509.run(TC0509:30)
	at com.kms.katalon.core.main.ScriptEngine.run(ScriptEngine.java:194)
	at com.kms.katalon.core.main.ScriptEngine.runScriptAsRawText(ScriptEngine.java:119)
	at com.kms.katalon.core.main.TestCaseExecutor.runScript(TestCaseExecutor.java:331)
	at com.kms.katalon.core.main.TestCaseExecutor.doExecute(TestCaseExecutor.java:322)
	at com.kms.katalon.core.main.TestCaseExecutor.processExecutionPhase(TestCaseExecutor.java:301)
	at com.kms.katalon.core.main.TestCaseExecutor.accessMainPhase(TestCaseExecutor.java:293)
	at com.kms.katalon.core.main.TestCaseExecutor.execute(TestCaseExecutor.java:227)
	at com.kms.katalon.core.main.TestSuiteExecutor.accessTestCaseMainPhase(TestSuiteExecutor.java:129)
	at com.kms.katalon.core.main.TestSuiteExecutor.accessTestSuiteMainPhase(TestSuiteExecutor.java:112)
	at com.kms.katalon.core.main.TestSuiteExecutor.execute(TestSuiteExecutor.java:81)
	at com.kms.katalon.core.main.TestCaseMain.startTestSuite(TestCaseMain.java:157)
	at com.kms.katalon.core.main.TestCaseMain$startTestSuite$0.call(Unknown Source)
	at TempTestSuite1553670311511.run(TempTestSuite1553670311511.groovy:35)
Caused by: com.kms.katalon.core.exception.StepFailedException: Unable to click on object 'Object Repository/Page_KiboPush  Dashboard/h3_Dashboard (57)'
	at com.kms.katalon.core.webui.keyword.internal.WebUIKeywordMain.stepFailed(WebUIKeywordMain.groovy:64)
	at com.kms.katalon.core.webui.keyword.internal.WebUIKeywordMain.runKeyword(WebUIKeywordMain.groovy:26)
	at com.kms.katalon.core.webui.keyword.builtin.ClickKeyword.click(ClickKeyword.groovy:86)
	at com.kms.katalon.core.webui.keyword.builtin.ClickKeyword.execute(ClickKeyword.groovy:67)
	at com.kms.katalon.core.keyword.internal.KeywordExecutor.executeKeywordForPlatform(KeywordExecutor.groovy:56)
	at com.kms.katalon.core.webui.keyword.WebUiBuiltInKeywords.click(WebUiBuiltInKeywords.groovy:616)
	at com.kms.katalon.core.webui.keyword.WebUiBuiltInKeywords$click$2.call(Unknown Source)
	at Login-KiboEngage.run(Login-KiboEngage:40)
	at com.kms.katalon.core.main.ScriptEngine.run(ScriptEngine.java:194)
	at com.kms.katalon.core.main.ScriptEngine.runScriptAsRawText(ScriptEngine.java:119)
	at com.kms.katalon.core.main.TestCaseExecutor.runScript(TestCaseExecutor.java:331)
	at com.kms.katalon.core.main.TestCaseExecutor.doExecute(TestCaseExecutor.java:322)
	at com.kms.katalon.core.main.TestCaseExecutor.processExecutionPhase(TestCaseExecutor.java:301)
	at com.kms.katalon.core.main.TestCaseExecutor.accessMainPhase(TestCaseExecutor.java:293)
	at com.kms.katalon.core.main.TestCaseExecutor.execute(TestCaseExecutor.java:227)
	at com.kms.katalon.core.main.TestCaseMain.runTestCase(TestCaseMain.java:114)
	at com.kms.katalon.core.keyword.builtin.CallTestCaseKeyword$_callTestCase_closure1.doCall(CallTestCaseKeyword.groovy:59)
	... 36 more
Caused by: com.kms.katalon.core.webui.exception.WebElementNotFoundException: Web element with id: 'Object Repository/Page_KiboPush  Dashboard/h3_Dashboard (57)' located by 'By.xpath: //h3[(text() = 'Dashboard' or . = 'Dashboard')]' not found
	at com.kms.katalon.core.webui.common.WebUiCommonHelper.findWebElement(WebUiCommonHelper.java:1053)
	at com.kms.katalon.core.webui.keyword.internal.WebUIAbstractKeyword.findWebElement(WebUIAbstractKeyword.groovy:27)
	at com.kms.katalon.core.webui.keyword.internal.WebUIAbstractKeyword.findWebElement(WebUIAbstractKeyword.groovy:26)
	at com.kms.katalon.core.webui.keyword.builtin.ClickKeyword$_click_closure1.doCall(ClickKeyword.groovy:77)
	at com.kms.katalon.core.webui.keyword.builtin.ClickKeyword$_click_closure1.call(ClickKeyword.groovy)
	at com.kms.katalon.core.webui.keyword.internal.WebUIKeywordMain.runKeyword(WebUIKeywordMain.groovy:20)
	at com.kms.katalon.core.webui.keyword.builtin.ClickKeyword.click(ClickKeyword.groovy:86)
	at com.kms.katalon.core.webui.keyword.builtin.ClickKeyword.execute(ClickKeyword.groovy:67)
	at com.kms.katalon.core.keyword.internal.KeywordExecutor.executeKeywordForPlatform(KeywordExecutor.groovy:56)
	at com.kms.katalon.core.webui.keyword.WebUiBuiltInKeywords.click(WebUiBuiltInKeywords.groovy:616)
	at com.kms.katalon.core.webui.keyword.WebUiBuiltInKeywords$click$2.call(Unknown Source)
	at Script1542870641933.run(Script1542870641933.groovy:40)
	at com.kms.katalon.core.main.ScriptEngine.run(ScriptEngine.java:194)
	at com.kms.katalon.core.main.ScriptEngine.runScriptAsRawText(ScriptEngine.java:119)
	at com.kms.katalon.core.main.TestCaseExecutor.runScript(TestCaseExecutor.java:331)
	at com.kms.katalon.core.main.TestCaseExecutor.doExecute(TestCaseExecutor.java:322)
	at com.kms.katalon.core.main.TestCaseExecutor.processExecutionPhase(TestCaseExecutor.java:301)
	at com.kms.katalon.core.main.TestCaseExecutor.accessMainPhase(TestCaseExecutor.java:293)
	at com.kms.katalon.core.main.TestCaseExecutor.execute(TestCaseExecutor.java:227)
	at com.kms.katalon.core.main.TestCaseMain.runTestCase(TestCaseMain.java:114)
	at com.kms.katalon.core.keyword.builtin.CallTestCaseKeyword$_callTestCase_closure1.doCall(CallTestCaseKeyword.groovy:59)
	at com.kms.katalon.core.keyword.builtin.CallTestCaseKeyword$_callTestCase_closure1.call(CallTestCaseKeyword.groovy)
	at com.kms.katalon.core.keyword.internal.KeywordMain.runKeyword(KeywordMain.groovy:66)
	at com.kms.katalon.core.keyword.builtin.CallTestCaseKeyword.callTestCase(CallTestCaseKeyword.groovy:81)
	at com.kms.katalon.core.keyword.builtin.CallTestCaseKeyword.execute(CallTestCaseKeyword.groovy:44)
	at com.kms.katalon.core.keyword.internal.KeywordExecutor.executeKeywordForPlatform(KeywordExecutor.groovy:56)
	at com.kms.katalon.core.keyword.BuiltinKeywords.callTestCase(BuiltinKeywords.groovy:334)
	at Script1537021633628.run(Script1537021633628.groovy:22)
	at com.kms.katalon.core.main.ScriptEngine.run(ScriptEngine.java:194)
	at com.kms.katalon.core.main.ScriptEngine.runScriptAsRawText(ScriptEngine.java:119)
	at com.kms.katalon.core.main.TestCaseExecutor.runScript(TestCaseExecutor.java:331)
	at com.kms.katalon.core.main.TestCaseExecutor.doExecute(TestCaseExecutor.java:322)
	at com.kms.katalon.core.main.TestCaseExecutor.processExecutionPhase(TestCaseExecutor.java:301)
	at com.kms.katalon.core.main.TestCaseExecutor.accessMainPhase(TestCaseExecutor.java:293)
	at com.kms.katalon.core.main.TestCaseExecutor.execute(TestCaseExecutor.java:227)
	at com.kms.katalon.core.main.TestCaseMain.runTestCase(TestCaseMain.java:114)
	at com.kms.katalon.core.keyword.builtin.CallTestCaseKeyword$_callTestCase_closure1.doCall(CallTestCaseKeyword.groovy:59)
	at com.kms.katalon.core.keyword.builtin.CallTestCaseKeyword$_callTestCase_closure1.call(CallTestCaseKeyword.groovy)
	at com.kms.katalon.core.keyword.internal.KeywordMain.runKeyword(KeywordMain.groovy:66)
	at com.kms.katalon.core.keyword.builtin.CallTestCaseKeyword.callTestCase(CallTestCaseKeyword.groovy:81)
	at com.kms.katalon.core.keyword.builtin.CallTestCaseKeyword.execute(CallTestCaseKeyword.groovy:44)
	at com.kms.katalon.core.keyword.internal.KeywordExecutor.executeKeywordForPlatform(KeywordExecutor.groovy:56)
	at com.kms.katalon.core.keyword.BuiltinKeywords.callTestCase(BuiltinKeywords.groovy:334)
	at Script1535529071823.run(Script1535529071823.groovy:30)
	... 13 more
)

2019-03-27 12:08:59 - [MESSAGE][FAILED] - callTestCase(findTestCase("s-sidebar_navigation/individualAccount/Login-KiboEngage"), [:], STOP_ON_FAILURE) FAILED.
Reason:
com.kms.katalon.core.exception.StepFailedException: Call Test Case 'Test Cases/s-sidebar_navigation/individualAccount/Login-KiboEngage' failed
	at com.kms.katalon.core.keyword.builtin.CallTestCaseKeyword$_callTestCase_closure1.doCall(CallTestCaseKeyword.groovy:63)
	at com.kms.katalon.core.keyword.builtin.CallTestCaseKeyword$_callTestCase_closure1.call(CallTestCaseKeyword.groovy)
	at com.kms.katalon.core.keyword.internal.KeywordMain.runKeyword(KeywordMain.groovy:66)
	at com.kms.katalon.core.keyword.builtin.CallTestCaseKeyword.callTestCase(CallTestCaseKeyword.groovy:81)
	at com.kms.katalon.core.keyword.builtin.CallTestCaseKeyword.execute(CallTestCaseKeyword.groovy:44)
	at com.kms.katalon.core.keyword.internal.KeywordExecutor.executeKeywordForPlatform(KeywordExecutor.groovy:56)
	at com.kms.katalon.core.keyword.BuiltinKeywords.callTestCase(BuiltinKeywords.groovy:334)
	at Comment capture.run(Comment capture:22)
	at com.kms.katalon.core.main.ScriptEngine.run(ScriptEngine.java:194)
	at com.kms.katalon.core.main.ScriptEngine.runScriptAsRawText(ScriptEngine.java:119)
	at com.kms.katalon.core.main.TestCaseExecutor.runScript(TestCaseExecutor.java:331)
	at com.kms.katalon.core.main.TestCaseExecutor.doExecute(TestCaseExecutor.java:322)
	at com.kms.katalon.core.main.TestCaseExecutor.processExecutionPhase(TestCaseExecutor.java:301)
	at com.kms.katalon.core.main.TestCaseExecutor.accessMainPhase(TestCaseExecutor.java:293)
	at com.kms.katalon.core.main.TestCaseExecutor.execute(TestCaseExecutor.java:227)
	at com.kms.katalon.core.main.TestCaseMain.runTestCase(TestCaseMain.java:114)
	at com.kms.katalon.core.keyword.builtin.CallTestCaseKeyword$_callTestCase_closure1.doCall(CallTestCaseKeyword.groovy:59)
	at com.kms.katalon.core.keyword.builtin.CallTestCaseKeyword$_callTestCase_closure1.call(CallTestCaseKeyword.groovy)
	at com.kms.katalon.core.keyword.internal.KeywordMain.runKeyword(KeywordMain.groovy:66)
	at com.kms.katalon.core.keyword.builtin.CallTestCaseKeyword.callTestCase(CallTestCaseKeyword.groovy:81)
	at com.kms.katalon.core.keyword.builtin.CallTestCaseKeyword.execute(CallTestCaseKeyword.groovy:44)
	at com.kms.katalon.core.keyword.internal.KeywordExecutor.executeKeywordForPlatform(KeywordExecutor.groovy:56)
	at com.kms.katalon.core.keyword.BuiltinKeywords.callTestCase(BuiltinKeywords.groovy:334)
	at TC0509.run(TC0509:30)
	at com.kms.katalon.core.main.ScriptEngine.run(ScriptEngine.java:194)
	at com.kms.katalon.core.main.ScriptEngine.runScriptAsRawText(ScriptEngine.java:119)
	at com.kms.katalon.core.main.TestCaseExecutor.runScript(TestCaseExecutor.java:331)
	at com.kms.katalon.core.main.TestCaseExecutor.doExecute(TestCaseExecutor.java:322)
	at com.kms.katalon.core.main.TestCaseExecutor.processExecutionPhase(TestCaseExecutor.java:301)
	at com.kms.katalon.core.main.TestCaseExecutor.accessMainPhase(TestCaseExecutor.java:293)
	at com.kms.katalon.core.main.TestCaseExecutor.execute(TestCaseExecutor.java:227)
	at com.kms.katalon.core.main.TestSuiteExecutor.accessTestCaseMainPhase(TestSuiteExecutor.java:129)
	at com.kms.katalon.core.main.TestSuiteExecutor.accessTestSuiteMainPhase(TestSuiteExecutor.java:112)
	at com.kms.katalon.core.main.TestSuiteExecutor.execute(TestSuiteExecutor.java:81)
	at com.kms.katalon.core.main.TestCaseMain.startTestSuite(TestCaseMain.java:157)
	at com.kms.katalon.core.main.TestCaseMain$startTestSuite$0.call(Unknown Source)
	at TempTestSuite1553670311511.run(TempTestSuite1553670311511.groovy:35)
Caused by: com.kms.katalon.core.exception.StepFailedException: Unable to click on object 'Object Repository/Page_KiboPush  Dashboard/h3_Dashboard (57)'
	at com.kms.katalon.core.webui.keyword.internal.WebUIKeywordMain.stepFailed(WebUIKeywordMain.groovy:64)
	at com.kms.katalon.core.webui.keyword.internal.WebUIKeywordMain.runKeyword(WebUIKeywordMain.groovy:26)
	at com.kms.katalon.core.webui.keyword.builtin.ClickKeyword.click(ClickKeyword.groovy:86)
	at com.kms.katalon.core.webui.keyword.builtin.ClickKeyword.execute(ClickKeyword.groovy:67)
	at com.kms.katalon.core.keyword.internal.KeywordExecutor.executeKeywordForPlatform(KeywordExecutor.groovy:56)
	at com.kms.katalon.core.webui.keyword.WebUiBuiltInKeywords.click(WebUiBuiltInKeywords.groovy:616)
	at com.kms.katalon.core.webui.keyword.WebUiBuiltInKeywords$click$2.call(Unknown Source)
	at Login-KiboEngage.run(Login-KiboEngage:40)
	at com.kms.katalon.core.main.ScriptEngine.run(ScriptEngine.java:194)
	at com.kms.katalon.core.main.ScriptEngine.runScriptAsRawText(ScriptEngine.java:119)
	at com.kms.katalon.core.main.TestCaseExecutor.runScript(TestCaseExecutor.java:331)
	at com.kms.katalon.core.main.TestCaseExecutor.doExecute(TestCaseExecutor.java:322)
	at com.kms.katalon.core.main.TestCaseExecutor.processExecutionPhase(TestCaseExecutor.java:301)
	at com.kms.katalon.core.main.TestCaseExecutor.accessMainPhase(TestCaseExecutor.java:293)
	at com.kms.katalon.core.main.TestCaseExecutor.execute(TestCaseExecutor.java:227)
	at com.kms.katalon.core.main.TestCaseMain.runTestCase(TestCaseMain.java:114)
	at com.kms.katalon.core.keyword.builtin.CallTestCaseKeyword$_callTestCase_closure1.doCall(CallTestCaseKeyword.groovy:59)
	... 36 more
Caused by: com.kms.katalon.core.webui.exception.WebElementNotFoundException: Web element with id: 'Object Repository/Page_KiboPush  Dashboard/h3_Dashboard (57)' located by 'By.xpath: //h3[(text() = 'Dashboard' or . = 'Dashboard')]' not found
	at com.kms.katalon.core.webui.common.WebUiCommonHelper.findWebElement(WebUiCommonHelper.java:1053)
	at com.kms.katalon.core.webui.keyword.internal.WebUIAbstractKeyword.findWebElement(WebUIAbstractKeyword.groovy:27)
	at com.kms.katalon.core.webui.keyword.internal.WebUIAbstractKeyword.findWebElement(WebUIAbstractKeyword.groovy:26)
	at com.kms.katalon.core.webui.keyword.builtin.ClickKeyword$_click_closure1.doCall(ClickKeyword.groovy:77)
	at com.kms.katalon.core.webui.keyword.builtin.ClickKeyword$_click_closure1.call(ClickKeyword.groovy)
	at com.kms.katalon.core.webui.keyword.internal.WebUIKeywordMain.runKeyword(WebUIKeywordMain.groovy:20)
	at com.kms.katalon.core.webui.keyword.builtin.ClickKeyword.click(ClickKeyword.groovy:86)
	at com.kms.katalon.core.webui.keyword.builtin.ClickKeyword.execute(ClickKeyword.groovy:67)
	at com.kms.katalon.core.keyword.internal.KeywordExecutor.executeKeywordForPlatform(KeywordExecutor.groovy:56)
	at com.kms.katalon.core.webui.keyword.WebUiBuiltInKeywords.click(WebUiBuiltInKeywords.groovy:616)
	at com.kms.katalon.core.webui.keyword.WebUiBuiltInKeywords$click$2.call(Unknown Source)
	at Script1542870641933.run(Script1542870641933.groovy:40)
	at com.kms.katalon.core.main.ScriptEngine.run(ScriptEngine.java:194)
	at com.kms.katalon.core.main.ScriptEngine.runScriptAsRawText(ScriptEngine.java:119)
	at com.kms.katalon.core.main.TestCaseExecutor.runScript(TestCaseExecutor.java:331)
	at com.kms.katalon.core.main.TestCaseExecutor.doExecute(TestCaseExecutor.java:322)
	at com.kms.katalon.core.main.TestCaseExecutor.processExecutionPhase(TestCaseExecutor.java:301)
	at com.kms.katalon.core.main.TestCaseExecutor.accessMainPhase(TestCaseExecutor.java:293)
	at com.kms.katalon.core.main.TestCaseExecutor.execute(TestCaseExecutor.java:227)
	at com.kms.katalon.core.main.TestCaseMain.runTestCase(TestCaseMain.java:114)
	at com.kms.katalon.core.keyword.builtin.CallTestCaseKeyword$_callTestCase_closure1.doCall(CallTestCaseKeyword.groovy:59)
	at com.kms.katalon.core.keyword.builtin.CallTestCaseKeyword$_callTestCase_closure1.call(CallTestCaseKeyword.groovy)
	at com.kms.katalon.core.keyword.internal.KeywordMain.runKeyword(KeywordMain.groovy:66)
	at com.kms.katalon.core.keyword.builtin.CallTestCaseKeyword.callTestCase(CallTestCaseKeyword.groovy:81)
	at com.kms.katalon.core.keyword.builtin.CallTestCaseKeyword.execute(CallTestCaseKeyword.groovy:44)
	at com.kms.katalon.core.keyword.internal.KeywordExecutor.executeKeywordForPlatform(KeywordExecutor.groovy:56)
	at com.kms.katalon.core.keyword.BuiltinKeywords.callTestCase(BuiltinKeywords.groovy:334)
	at Script1537021633628.run(Script1537021633628.groovy:22)
	at com.kms.katalon.core.main.ScriptEngine.run(ScriptEngine.java:194)
	at com.kms.katalon.core.main.ScriptEngine.runScriptAsRawText(ScriptEngine.java:119)
	at com.kms.katalon.core.main.TestCaseExecutor.runScript(TestCaseExecutor.java:331)
	at com.kms.katalon.core.main.TestCaseExecutor.doExecute(TestCaseExecutor.java:322)
	at com.kms.katalon.core.main.TestCaseExecutor.processExecutionPhase(TestCaseExecutor.java:301)
	at com.kms.katalon.core.main.TestCaseExecutor.accessMainPhase(TestCaseExecutor.java:293)
	at com.kms.katalon.core.main.TestCaseExecutor.execute(TestCaseExecutor.java:227)
	at com.kms.katalon.core.main.TestCaseMain.runTestCase(TestCaseMain.java:114)
	at com.kms.katalon.core.keyword.builtin.CallTestCaseKeyword$_callTestCase_closure1.doCall(CallTestCaseKeyword.groovy:59)
	at com.kms.katalon.core.keyword.builtin.CallTestCaseKeyword$_callTestCase_closure1.call(CallTestCaseKeyword.groovy)
	at com.kms.katalon.core.keyword.internal.KeywordMain.runKeyword(KeywordMain.groovy:66)
	at com.kms.katalon.core.keyword.builtin.CallTestCaseKeyword.callTestCase(CallTestCaseKeyword.groovy:81)
	at com.kms.katalon.core.keyword.builtin.CallTestCaseKeyword.execute(CallTestCaseKeyword.groovy:44)
	at com.kms.katalon.core.keyword.internal.KeywordExecutor.executeKeywordForPlatform(KeywordExecutor.groovy:56)
	at com.kms.katalon.core.keyword.BuiltinKeywords.callTestCase(BuiltinKeywords.groovy:334)
	at Script1535529071823.run(Script1535529071823.groovy:30)
	... 13 more


2019-03-27 12:08:59 - [MESSAGE][FAILED] - Unable to call Test Case 'Test Cases/s-sidebar_navigation/individualAccount/Comment capture' (Root cause: com.kms.katalon.core.exception.StepFailedException: Call Test Case 'Test Cases/s-sidebar_navigation/individualAccount/Comment capture' failed
	at com.kms.katalon.core.keyword.builtin.CallTestCaseKeyword$_callTestCase_closure1.doCall(CallTestCaseKeyword.groovy:63)
	at com.kms.katalon.core.keyword.builtin.CallTestCaseKeyword$_callTestCase_closure1.call(CallTestCaseKeyword.groovy)
	at com.kms.katalon.core.keyword.internal.KeywordMain.runKeyword(KeywordMain.groovy:66)
	at com.kms.katalon.core.keyword.builtin.CallTestCaseKeyword.callTestCase(CallTestCaseKeyword.groovy:81)
	at com.kms.katalon.core.keyword.builtin.CallTestCaseKeyword.execute(CallTestCaseKeyword.groovy:44)
	at com.kms.katalon.core.keyword.internal.KeywordExecutor.executeKeywordForPlatform(KeywordExecutor.groovy:56)
	at com.kms.katalon.core.keyword.BuiltinKeywords.callTestCase(BuiltinKeywords.groovy:334)
	at TC0509.run(TC0509:30)
	at com.kms.katalon.core.main.ScriptEngine.run(ScriptEngine.java:194)
	at com.kms.katalon.core.main.ScriptEngine.runScriptAsRawText(ScriptEngine.java:119)
	at com.kms.katalon.core.main.TestCaseExecutor.runScript(TestCaseExecutor.java:331)
	at com.kms.katalon.core.main.TestCaseExecutor.doExecute(TestCaseExecutor.java:322)
	at com.kms.katalon.core.main.TestCaseExecutor.processExecutionPhase(TestCaseExecutor.java:301)
	at com.kms.katalon.core.main.TestCaseExecutor.accessMainPhase(TestCaseExecutor.java:293)
	at com.kms.katalon.core.main.TestCaseExecutor.execute(TestCaseExecutor.java:227)
	at com.kms.katalon.core.main.TestSuiteExecutor.accessTestCaseMainPhase(TestSuiteExecutor.java:129)
	at com.kms.katalon.core.main.TestSuiteExecutor.accessTestSuiteMainPhase(TestSuiteExecutor.java:112)
	at com.kms.katalon.core.main.TestSuiteExecutor.execute(TestSuiteExecutor.java:81)
	at com.kms.katalon.core.main.TestCaseMain.startTestSuite(TestCaseMain.java:157)
	at com.kms.katalon.core.main.TestCaseMain$startTestSuite$0.call(Unknown Source)
	at TempTestSuite1553670311511.run(TempTestSuite1553670311511.groovy:35)
Caused by: com.kms.katalon.core.exception.StepFailedException: Call Test Case 'Test Cases/s-sidebar_navigation/individualAccount/Login-KiboEngage' failed
	at com.kms.katalon.core.keyword.builtin.CallTestCaseKeyword$_callTestCase_closure1.doCall(CallTestCaseKeyword.groovy:63)
	at com.kms.katalon.core.keyword.builtin.CallTestCaseKeyword$_callTestCase_closure1.call(CallTestCaseKeyword.groovy)
	at com.kms.katalon.core.keyword.internal.KeywordMain.runKeyword(KeywordMain.groovy:66)
	at com.kms.katalon.core.keyword.builtin.CallTestCaseKeyword.callTestCase(CallTestCaseKeyword.groovy:81)
	at com.kms.katalon.core.keyword.builtin.CallTestCaseKeyword.execute(CallTestCaseKeyword.groovy:44)
	at com.kms.katalon.core.keyword.internal.KeywordExecutor.executeKeywordForPlatform(KeywordExecutor.groovy:56)
	at com.kms.katalon.core.keyword.BuiltinKeywords.callTestCase(BuiltinKeywords.groovy:334)
	at Comment capture.run(Comment capture:22)
	at com.kms.katalon.core.main.ScriptEngine.run(ScriptEngine.java:194)
	at com.kms.katalon.core.main.ScriptEngine.runScriptAsRawText(ScriptEngine.java:119)
	at com.kms.katalon.core.main.TestCaseExecutor.runScript(TestCaseExecutor.java:331)
	at com.kms.katalon.core.main.TestCaseExecutor.doExecute(TestCaseExecutor.java:322)
	at com.kms.katalon.core.main.TestCaseExecutor.processExecutionPhase(TestCaseExecutor.java:301)
	at com.kms.katalon.core.main.TestCaseExecutor.accessMainPhase(TestCaseExecutor.java:293)
	at com.kms.katalon.core.main.TestCaseExecutor.execute(TestCaseExecutor.java:227)
	at com.kms.katalon.core.main.TestCaseMain.runTestCase(TestCaseMain.java:114)
	at com.kms.katalon.core.keyword.builtin.CallTestCaseKeyword$_callTestCase_closure1.doCall(CallTestCaseKeyword.groovy:59)
	... 20 more
Caused by: com.kms.katalon.core.exception.StepFailedException: Unable to click on object 'Object Repository/Page_KiboPush  Dashboard/h3_Dashboard (57)'
	at com.kms.katalon.core.webui.keyword.internal.WebUIKeywordMain.stepFailed(WebUIKeywordMain.groovy:64)
	at com.kms.katalon.core.webui.keyword.internal.WebUIKeywordMain.runKeyword(WebUIKeywordMain.groovy:26)
	at com.kms.katalon.core.webui.keyword.builtin.ClickKeyword.click(ClickKeyword.groovy:86)
	at com.kms.katalon.core.webui.keyword.builtin.ClickKeyword.execute(ClickKeyword.groovy:67)
	at com.kms.katalon.core.keyword.internal.KeywordExecutor.executeKeywordForPlatform(KeywordExecutor.groovy:56)
	at com.kms.katalon.core.webui.keyword.WebUiBuiltInKeywords.click(WebUiBuiltInKeywords.groovy:616)
	at com.kms.katalon.core.webui.keyword.WebUiBuiltInKeywords$click$2.call(Unknown Source)
	at Login-KiboEngage.run(Login-KiboEngage:40)
	at com.kms.katalon.core.main.ScriptEngine.run(ScriptEngine.java:194)
	at com.kms.katalon.core.main.ScriptEngine.runScriptAsRawText(ScriptEngine.java:119)
	at com.kms.katalon.core.main.TestCaseExecutor.runScript(TestCaseExecutor.java:331)
	at com.kms.katalon.core.main.TestCaseExecutor.doExecute(TestCaseExecutor.java:322)
	at com.kms.katalon.core.main.TestCaseExecutor.processExecutionPhase(TestCaseExecutor.java:301)
	at com.kms.katalon.core.main.TestCaseExecutor.accessMainPhase(TestCaseExecutor.java:293)
	at com.kms.katalon.core.main.TestCaseExecutor.execute(TestCaseExecutor.java:227)
	at com.kms.katalon.core.main.TestCaseMain.runTestCase(TestCaseMain.java:114)
	at com.kms.katalon.core.keyword.builtin.CallTestCaseKeyword$_callTestCase_closure1.doCall(CallTestCaseKeyword.groovy:59)
	... 36 more
Caused by: com.kms.katalon.core.webui.exception.WebElementNotFoundException: Web element with id: 'Object Repository/Page_KiboPush  Dashboard/h3_Dashboard (57)' located by 'By.xpath: //h3[(text() = 'Dashboard' or . = 'Dashboard')]' not found
	at com.kms.katalon.core.webui.common.WebUiCommonHelper.findWebElement(WebUiCommonHelper.java:1053)
	at com.kms.katalon.core.webui.keyword.internal.WebUIAbstractKeyword.findWebElement(WebUIAbstractKeyword.groovy:27)
	at com.kms.katalon.core.webui.keyword.internal.WebUIAbstractKeyword.findWebElement(WebUIAbstractKeyword.groovy:26)
	at com.kms.katalon.core.webui.keyword.builtin.ClickKeyword$_click_closure1.doCall(ClickKeyword.groovy:77)
	at com.kms.katalon.core.webui.keyword.builtin.ClickKeyword$_click_closure1.call(ClickKeyword.groovy)
	at com.kms.katalon.core.webui.keyword.internal.WebUIKeywordMain.runKeyword(WebUIKeywordMain.groovy:20)
	at com.kms.katalon.core.webui.keyword.builtin.ClickKeyword.click(ClickKeyword.groovy:86)
	at com.kms.katalon.core.webui.keyword.builtin.ClickKeyword.execute(ClickKeyword.groovy:67)
	at com.kms.katalon.core.keyword.internal.KeywordExecutor.executeKeywordForPlatform(KeywordExecutor.groovy:56)
	at com.kms.katalon.core.webui.keyword.WebUiBuiltInKeywords.click(WebUiBuiltInKeywords.groovy:616)
	at com.kms.katalon.core.webui.keyword.WebUiBuiltInKeywords$click$2.call(Unknown Source)
	at Script1542870641933.run(Script1542870641933.groovy:40)
	at com.kms.katalon.core.main.ScriptEngine.run(ScriptEngine.java:194)
	at com.kms.katalon.core.main.ScriptEngine.runScriptAsRawText(ScriptEngine.java:119)
	at com.kms.katalon.core.main.TestCaseExecutor.runScript(TestCaseExecutor.java:331)
	at com.kms.katalon.core.main.TestCaseExecutor.doExecute(TestCaseExecutor.java:322)
	at com.kms.katalon.core.main.TestCaseExecutor.processExecutionPhase(TestCaseExecutor.java:301)
	at com.kms.katalon.core.main.TestCaseExecutor.accessMainPhase(TestCaseExecutor.java:293)
	at com.kms.katalon.core.main.TestCaseExecutor.execute(TestCaseExecutor.java:227)
	at com.kms.katalon.core.main.TestCaseMain.runTestCase(TestCaseMain.java:114)
	at com.kms.katalon.core.keyword.builtin.CallTestCaseKeyword$_callTestCase_closure1.doCall(CallTestCaseKeyword.groovy:59)
	at com.kms.katalon.core.keyword.builtin.CallTestCaseKeyword$_callTestCase_closure1.call(CallTestCaseKeyword.groovy)
	at com.kms.katalon.core.keyword.internal.KeywordMain.runKeyword(KeywordMain.groovy:66)
	at com.kms.katalon.core.keyword.builtin.CallTestCaseKeyword.callTestCase(CallTestCaseKeyword.groovy:81)
	at com.kms.katalon.core.keyword.builtin.CallTestCaseKeyword.execute(CallTestCaseKeyword.groovy:44)
	at com.kms.katalon.core.keyword.internal.KeywordExecutor.executeKeywordForPlatform(KeywordExecutor.groovy:56)
	at com.kms.katalon.core.keyword.BuiltinKeywords.callTestCase(BuiltinKeywords.groovy:334)
	at Script1537021633628.run(Script1537021633628.groovy:22)
	at com.kms.katalon.core.main.ScriptEngine.run(ScriptEngine.java:194)
	at com.kms.katalon.core.main.ScriptEngine.runScriptAsRawText(ScriptEngine.java:119)
	at com.kms.katalon.core.main.TestCaseExecutor.runScript(TestCaseExecutor.java:331)
	at com.kms.katalon.core.main.TestCaseExecutor.doExecute(TestCaseExecutor.java:322)
	at com.kms.katalon.core.main.TestCaseExecutor.processExecutionPhase(TestCaseExecutor.java:301)
	at com.kms.katalon.core.main.TestCaseExecutor.accessMainPhase(TestCaseExecutor.java:293)
	at com.kms.katalon.core.main.TestCaseExecutor.execute(TestCaseExecutor.java:227)
	at com.kms.katalon.core.main.TestCaseMain.runTestCase(TestCaseMain.java:114)
	at com.kms.katalon.core.keyword.builtin.CallTestCaseKeyword$_callTestCase_closure1.doCall(CallTestCaseKeyword.groovy:59)
	at com.kms.katalon.core.keyword.builtin.CallTestCaseKeyword$_callTestCase_closure1.call(CallTestCaseKeyword.groovy)
	at com.kms.katalon.core.keyword.internal.KeywordMain.runKeyword(KeywordMain.groovy:66)
	at com.kms.katalon.core.keyword.builtin.CallTestCaseKeyword.callTestCase(CallTestCaseKeyword.groovy:81)
	at com.kms.katalon.core.keyword.builtin.CallTestCaseKeyword.execute(CallTestCaseKeyword.groovy:44)
	at com.kms.katalon.core.keyword.internal.KeywordExecutor.executeKeywordForPlatform(KeywordExecutor.groovy:56)
	at com.kms.katalon.core.keyword.BuiltinKeywords.callTestCase(BuiltinKeywords.groovy:334)
	at Script1535529071823.run(Script1535529071823.groovy:30)
	... 13 more
)

2019-03-27 12:08:59 - [MESSAGE][FAILED] - callTestCase(findTestCase("s-sidebar_navigation/individualAccount/Comment capture"), [:], STOP_ON_FAILURE) FAILED.
Reason:
com.kms.katalon.core.exception.StepFailedException: Call Test Case 'Test Cases/s-sidebar_navigation/individualAccount/Comment capture' failed
	at com.kms.katalon.core.keyword.builtin.CallTestCaseKeyword$_callTestCase_closure1.doCall(CallTestCaseKeyword.groovy:63)
	at com.kms.katalon.core.keyword.builtin.CallTestCaseKeyword$_callTestCase_closure1.call(CallTestCaseKeyword.groovy)
	at com.kms.katalon.core.keyword.internal.KeywordMain.runKeyword(KeywordMain.groovy:66)
	at com.kms.katalon.core.keyword.builtin.CallTestCaseKeyword.callTestCase(CallTestCaseKeyword.groovy:81)
	at com.kms.katalon.core.keyword.builtin.CallTestCaseKeyword.execute(CallTestCaseKeyword.groovy:44)
	at com.kms.katalon.core.keyword.internal.KeywordExecutor.executeKeywordForPlatform(KeywordExecutor.groovy:56)
	at com.kms.katalon.core.keyword.BuiltinKeywords.callTestCase(BuiltinKeywords.groovy:334)
	at TC0509.run(TC0509:30)
	at com.kms.katalon.core.main.ScriptEngine.run(ScriptEngine.java:194)
	at com.kms.katalon.core.main.ScriptEngine.runScriptAsRawText(ScriptEngine.java:119)
	at com.kms.katalon.core.main.TestCaseExecutor.runScript(TestCaseExecutor.java:331)
	at com.kms.katalon.core.main.TestCaseExecutor.doExecute(TestCaseExecutor.java:322)
	at com.kms.katalon.core.main.TestCaseExecutor.processExecutionPhase(TestCaseExecutor.java:301)
	at com.kms.katalon.core.main.TestCaseExecutor.accessMainPhase(TestCaseExecutor.java:293)
	at com.kms.katalon.core.main.TestCaseExecutor.execute(TestCaseExecutor.java:227)
	at com.kms.katalon.core.main.TestSuiteExecutor.accessTestCaseMainPhase(TestSuiteExecutor.java:129)
	at com.kms.katalon.core.main.TestSuiteExecutor.accessTestSuiteMainPhase(TestSuiteExecutor.java:112)
	at com.kms.katalon.core.main.TestSuiteExecutor.execute(TestSuiteExecutor.java:81)
	at com.kms.katalon.core.main.TestCaseMain.startTestSuite(TestCaseMain.java:157)
	at com.kms.katalon.core.main.TestCaseMain$startTestSuite$0.call(Unknown Source)
	at TempTestSuite1553670311511.run(TempTestSuite1553670311511.groovy:35)
Caused by: com.kms.katalon.core.exception.StepFailedException: Call Test Case 'Test Cases/s-sidebar_navigation/individualAccount/Login-KiboEngage' failed
	at com.kms.katalon.core.keyword.builtin.CallTestCaseKeyword$_callTestCase_closure1.doCall(CallTestCaseKeyword.groovy:63)
	at com.kms.katalon.core.keyword.builtin.CallTestCaseKeyword$_callTestCase_closure1.call(CallTestCaseKeyword.groovy)
	at com.kms.katalon.core.keyword.internal.KeywordMain.runKeyword(KeywordMain.groovy:66)
	at com.kms.katalon.core.keyword.builtin.CallTestCaseKeyword.callTestCase(CallTestCaseKeyword.groovy:81)
	at com.kms.katalon.core.keyword.builtin.CallTestCaseKeyword.execute(CallTestCaseKeyword.groovy:44)
	at com.kms.katalon.core.keyword.internal.KeywordExecutor.executeKeywordForPlatform(KeywordExecutor.groovy:56)
	at com.kms.katalon.core.keyword.BuiltinKeywords.callTestCase(BuiltinKeywords.groovy:334)
	at Comment capture.run(Comment capture:22)
	at com.kms.katalon.core.main.ScriptEngine.run(ScriptEngine.java:194)
	at com.kms.katalon.core.main.ScriptEngine.runScriptAsRawText(ScriptEngine.java:119)
	at com.kms.katalon.core.main.TestCaseExecutor.runScript(TestCaseExecutor.java:331)
	at com.kms.katalon.core.main.TestCaseExecutor.doExecute(TestCaseExecutor.java:322)
	at com.kms.katalon.core.main.TestCaseExecutor.processExecutionPhase(TestCaseExecutor.java:301)
	at com.kms.katalon.core.main.TestCaseExecutor.accessMainPhase(TestCaseExecutor.java:293)
	at com.kms.katalon.core.main.TestCaseExecutor.execute(TestCaseExecutor.java:227)
	at com.kms.katalon.core.main.TestCaseMain.runTestCase(TestCaseMain.java:114)
	at com.kms.katalon.core.keyword.builtin.CallTestCaseKeyword$_callTestCase_closure1.doCall(CallTestCaseKeyword.groovy:59)
	... 20 more
Caused by: com.kms.katalon.core.exception.StepFailedException: Unable to click on object 'Object Repository/Page_KiboPush  Dashboard/h3_Dashboard (57)'
	at com.kms.katalon.core.webui.keyword.internal.WebUIKeywordMain.stepFailed(WebUIKeywordMain.groovy:64)
	at com.kms.katalon.core.webui.keyword.internal.WebUIKeywordMain.runKeyword(WebUIKeywordMain.groovy:26)
	at com.kms.katalon.core.webui.keyword.builtin.ClickKeyword.click(ClickKeyword.groovy:86)
	at com.kms.katalon.core.webui.keyword.builtin.ClickKeyword.execute(ClickKeyword.groovy:67)
	at com.kms.katalon.core.keyword.internal.KeywordExecutor.executeKeywordForPlatform(KeywordExecutor.groovy:56)
	at com.kms.katalon.core.webui.keyword.WebUiBuiltInKeywords.click(WebUiBuiltInKeywords.groovy:616)
	at com.kms.katalon.core.webui.keyword.WebUiBuiltInKeywords$click$2.call(Unknown Source)
	at Login-KiboEngage.run(Login-KiboEngage:40)
	at com.kms.katalon.core.main.ScriptEngine.run(ScriptEngine.java:194)
	at com.kms.katalon.core.main.ScriptEngine.runScriptAsRawText(ScriptEngine.java:119)
	at com.kms.katalon.core.main.TestCaseExecutor.runScript(TestCaseExecutor.java:331)
	at com.kms.katalon.core.main.TestCaseExecutor.doExecute(TestCaseExecutor.java:322)
	at com.kms.katalon.core.main.TestCaseExecutor.processExecutionPhase(TestCaseExecutor.java:301)
	at com.kms.katalon.core.main.TestCaseExecutor.accessMainPhase(TestCaseExecutor.java:293)
	at com.kms.katalon.core.main.TestCaseExecutor.execute(TestCaseExecutor.java:227)
	at com.kms.katalon.core.main.TestCaseMain.runTestCase(TestCaseMain.java:114)
	at com.kms.katalon.core.keyword.builtin.CallTestCaseKeyword$_callTestCase_closure1.doCall(CallTestCaseKeyword.groovy:59)
	... 36 more
Caused by: com.kms.katalon.core.webui.exception.WebElementNotFoundException: Web element with id: 'Object Repository/Page_KiboPush  Dashboard/h3_Dashboard (57)' located by 'By.xpath: //h3[(text() = 'Dashboard' or . = 'Dashboard')]' not found
	at com.kms.katalon.core.webui.common.WebUiCommonHelper.findWebElement(WebUiCommonHelper.java:1053)
	at com.kms.katalon.core.webui.keyword.internal.WebUIAbstractKeyword.findWebElement(WebUIAbstractKeyword.groovy:27)
	at com.kms.katalon.core.webui.keyword.internal.WebUIAbstractKeyword.findWebElement(WebUIAbstractKeyword.groovy:26)
	at com.kms.katalon.core.webui.keyword.builtin.ClickKeyword$_click_closure1.doCall(ClickKeyword.groovy:77)
	at com.kms.katalon.core.webui.keyword.builtin.ClickKeyword$_click_closure1.call(ClickKeyword.groovy)
	at com.kms.katalon.core.webui.keyword.internal.WebUIKeywordMain.runKeyword(WebUIKeywordMain.groovy:20)
	at com.kms.katalon.core.webui.keyword.builtin.ClickKeyword.click(ClickKeyword.groovy:86)
	at com.kms.katalon.core.webui.keyword.builtin.ClickKeyword.execute(ClickKeyword.groovy:67)
	at com.kms.katalon.core.keyword.internal.KeywordExecutor.executeKeywordForPlatform(KeywordExecutor.groovy:56)
	at com.kms.katalon.core.webui.keyword.WebUiBuiltInKeywords.click(WebUiBuiltInKeywords.groovy:616)
	at com.kms.katalon.core.webui.keyword.WebUiBuiltInKeywords$click$2.call(Unknown Source)
	at Script1542870641933.run(Script1542870641933.groovy:40)
	at com.kms.katalon.core.main.ScriptEngine.run(ScriptEngine.java:194)
	at com.kms.katalon.core.main.ScriptEngine.runScriptAsRawText(ScriptEngine.java:119)
	at com.kms.katalon.core.main.TestCaseExecutor.runScript(TestCaseExecutor.java:331)
	at com.kms.katalon.core.main.TestCaseExecutor.doExecute(TestCaseExecutor.java:322)
	at com.kms.katalon.core.main.TestCaseExecutor.processExecutionPhase(TestCaseExecutor.java:301)
	at com.kms.katalon.core.main.TestCaseExecutor.accessMainPhase(TestCaseExecutor.java:293)
	at com.kms.katalon.core.main.TestCaseExecutor.execute(TestCaseExecutor.java:227)
	at com.kms.katalon.core.main.TestCaseMain.runTestCase(TestCaseMain.java:114)
	at com.kms.katalon.core.keyword.builtin.CallTestCaseKeyword$_callTestCase_closure1.doCall(CallTestCaseKeyword.groovy:59)
	at com.kms.katalon.core.keyword.builtin.CallTestCaseKeyword$_callTestCase_closure1.call(CallTestCaseKeyword.groovy)
	at com.kms.katalon.core.keyword.internal.KeywordMain.runKeyword(KeywordMain.groovy:66)
	at com.kms.katalon.core.keyword.builtin.CallTestCaseKeyword.callTestCase(CallTestCaseKeyword.groovy:81)
	at com.kms.katalon.core.keyword.builtin.CallTestCaseKeyword.execute(CallTestCaseKeyword.groovy:44)
	at com.kms.katalon.core.keyword.internal.KeywordExecutor.executeKeywordForPlatform(KeywordExecutor.groovy:56)
	at com.kms.katalon.core.keyword.BuiltinKeywords.callTestCase(BuiltinKeywords.groovy:334)
	at Script1537021633628.run(Script1537021633628.groovy:22)
	at com.kms.katalon.core.main.ScriptEngine.run(ScriptEngine.java:194)
	at com.kms.katalon.core.main.ScriptEngine.runScriptAsRawText(ScriptEngine.java:119)
	at com.kms.katalon.core.main.TestCaseExecutor.runScript(TestCaseExecutor.java:331)
	at com.kms.katalon.core.main.TestCaseExecutor.doExecute(TestCaseExecutor.java:322)
	at com.kms.katalon.core.main.TestCaseExecutor.processExecutionPhase(TestCaseExecutor.java:301)
	at com.kms.katalon.core.main.TestCaseExecutor.accessMainPhase(TestCaseExecutor.java:293)
	at com.kms.katalon.core.main.TestCaseExecutor.execute(TestCaseExecutor.java:227)
	at com.kms.katalon.core.main.TestCaseMain.runTestCase(TestCaseMain.java:114)
	at com.kms.katalon.core.keyword.builtin.CallTestCaseKeyword$_callTestCase_closure1.doCall(CallTestCaseKeyword.groovy:59)
	at com.kms.katalon.core.keyword.builtin.CallTestCaseKeyword$_callTestCase_closure1.call(CallTestCaseKeyword.groovy)
	at com.kms.katalon.core.keyword.internal.KeywordMain.runKeyword(KeywordMain.groovy:66)
	at com.kms.katalon.core.keyword.builtin.CallTestCaseKeyword.callTestCase(CallTestCaseKeyword.groovy:81)
	at com.kms.katalon.core.keyword.builtin.CallTestCaseKeyword.execute(CallTestCaseKeyword.groovy:44)
	at com.kms.katalon.core.keyword.internal.KeywordExecutor.executeKeywordForPlatform(KeywordExecutor.groovy:56)
	at com.kms.katalon.core.keyword.BuiltinKeywords.callTestCase(BuiltinKeywords.groovy:334)
	at Script1535529071823.run(Script1535529071823.groovy:30)
	... 13 more]]></system-out>
         <system-err><![CDATA[2019-03-27 12:08:12 - [TEST_CASE][FAILED] - Test Cases/Comment Capture TestCases/TC0509: Test Cases/Comment Capture TestCases/TC0509 FAILED.
Reason:
com.kms.katalon.core.exception.StepFailedException: Call Test Case 'Test Cases/s-sidebar_navigation/individualAccount/Comment capture' failed
	at com.kms.katalon.core.keyword.builtin.CallTestCaseKeyword$_callTestCase_closure1.doCall(CallTestCaseKeyword.groovy:63)
	at com.kms.katalon.core.keyword.builtin.CallTestCaseKeyword$_callTestCase_closure1.call(CallTestCaseKeyword.groovy)
	at com.kms.katalon.core.keyword.internal.KeywordMain.runKeyword(KeywordMain.groovy:66)
	at com.kms.katalon.core.keyword.builtin.CallTestCaseKeyword.callTestCase(CallTestCaseKeyword.groovy:81)
	at com.kms.katalon.core.keyword.builtin.CallTestCaseKeyword.execute(CallTestCaseKeyword.groovy:44)
	at com.kms.katalon.core.keyword.internal.KeywordExecutor.executeKeywordForPlatform(KeywordExecutor.groovy:56)
	at com.kms.katalon.core.keyword.BuiltinKeywords.callTestCase(BuiltinKeywords.groovy:334)
	at TC0509.run(TC0509:30)
	at com.kms.katalon.core.main.ScriptEngine.run(ScriptEngine.java:194)
	at com.kms.katalon.core.main.ScriptEngine.runScriptAsRawText(ScriptEngine.java:119)
	at com.kms.katalon.core.main.TestCaseExecutor.runScript(TestCaseExecutor.java:331)
	at com.kms.katalon.core.main.TestCaseExecutor.doExecute(TestCaseExecutor.java:322)
	at com.kms.katalon.core.main.TestCaseExecutor.processExecutionPhase(TestCaseExecutor.java:301)
	at com.kms.katalon.core.main.TestCaseExecutor.accessMainPhase(TestCaseExecutor.java:293)
	at com.kms.katalon.core.main.TestCaseExecutor.execute(TestCaseExecutor.java:227)
	at com.kms.katalon.core.main.TestSuiteExecutor.accessTestCaseMainPhase(TestSuiteExecutor.java:129)
	at com.kms.katalon.core.main.TestSuiteExecutor.accessTestSuiteMainPhase(TestSuiteExecutor.java:112)
	at com.kms.katalon.core.main.TestSuiteExecutor.execute(TestSuiteExecutor.java:81)
	at com.kms.katalon.core.main.TestCaseMain.startTestSuite(TestCaseMain.java:157)
	at com.kms.katalon.core.main.TestCaseMain$startTestSuite$0.call(Unknown Source)
	at TempTestSuite1553670311511.run(TempTestSuite1553670311511.groovy:35)
Caused by: com.kms.katalon.core.exception.StepFailedException: Call Test Case 'Test Cases/s-sidebar_navigation/individualAccount/Login-KiboEngage' failed
	at com.kms.katalon.core.keyword.builtin.CallTestCaseKeyword$_callTestCase_closure1.doCall(CallTestCaseKeyword.groovy:63)
	at com.kms.katalon.core.keyword.builtin.CallTestCaseKeyword$_callTestCase_closure1.call(CallTestCaseKeyword.groovy)
	at com.kms.katalon.core.keyword.internal.KeywordMain.runKeyword(KeywordMain.groovy:66)
	at com.kms.katalon.core.keyword.builtin.CallTestCaseKeyword.callTestCase(CallTestCaseKeyword.groovy:81)
	at com.kms.katalon.core.keyword.builtin.CallTestCaseKeyword.execute(CallTestCaseKeyword.groovy:44)
	at com.kms.katalon.core.keyword.internal.KeywordExecutor.executeKeywordForPlatform(KeywordExecutor.groovy:56)
	at com.kms.katalon.core.keyword.BuiltinKeywords.callTestCase(BuiltinKeywords.groovy:334)
	at Comment capture.run(Comment capture:22)
	at com.kms.katalon.core.main.ScriptEngine.run(ScriptEngine.java:194)
	at com.kms.katalon.core.main.ScriptEngine.runScriptAsRawText(ScriptEngine.java:119)
	at com.kms.katalon.core.main.TestCaseExecutor.runScript(TestCaseExecutor.java:331)
	at com.kms.katalon.core.main.TestCaseExecutor.doExecute(TestCaseExecutor.java:322)
	at com.kms.katalon.core.main.TestCaseExecutor.processExecutionPhase(TestCaseExecutor.java:301)
	at com.kms.katalon.core.main.TestCaseExecutor.accessMainPhase(TestCaseExecutor.java:293)
	at com.kms.katalon.core.main.TestCaseExecutor.execute(TestCaseExecutor.java:227)
	at com.kms.katalon.core.main.TestCaseMain.runTestCase(TestCaseMain.java:114)
	at com.kms.katalon.core.keyword.builtin.CallTestCaseKeyword$_callTestCase_closure1.doCall(CallTestCaseKeyword.groovy:59)
	... 20 more
Caused by: com.kms.katalon.core.exception.StepFailedException: Unable to click on object 'Object Repository/Page_KiboPush  Dashboard/h3_Dashboard (57)'
	at com.kms.katalon.core.webui.keyword.internal.WebUIKeywordMain.stepFailed(WebUIKeywordMain.groovy:64)
	at com.kms.katalon.core.webui.keyword.internal.WebUIKeywordMain.runKeyword(WebUIKeywordMain.groovy:26)
	at com.kms.katalon.core.webui.keyword.builtin.ClickKeyword.click(ClickKeyword.groovy:86)
	at com.kms.katalon.core.webui.keyword.builtin.ClickKeyword.execute(ClickKeyword.groovy:67)
	at com.kms.katalon.core.keyword.internal.KeywordExecutor.executeKeywordForPlatform(KeywordExecutor.groovy:56)
	at com.kms.katalon.core.webui.keyword.WebUiBuiltInKeywords.click(WebUiBuiltInKeywords.groovy:616)
	at com.kms.katalon.core.webui.keyword.WebUiBuiltInKeywords$click$2.call(Unknown Source)
	at Login-KiboEngage.run(Login-KiboEngage:40)
	at com.kms.katalon.core.main.ScriptEngine.run(ScriptEngine.java:194)
	at com.kms.katalon.core.main.ScriptEngine.runScriptAsRawText(ScriptEngine.java:119)
	at com.kms.katalon.core.main.TestCaseExecutor.runScript(TestCaseExecutor.java:331)
	at com.kms.katalon.core.main.TestCaseExecutor.doExecute(TestCaseExecutor.java:322)
	at com.kms.katalon.core.main.TestCaseExecutor.processExecutionPhase(TestCaseExecutor.java:301)
	at com.kms.katalon.core.main.TestCaseExecutor.accessMainPhase(TestCaseExecutor.java:293)
	at com.kms.katalon.core.main.TestCaseExecutor.execute(TestCaseExecutor.java:227)
	at com.kms.katalon.core.main.TestCaseMain.runTestCase(TestCaseMain.java:114)
	at com.kms.katalon.core.keyword.builtin.CallTestCaseKeyword$_callTestCase_closure1.doCall(CallTestCaseKeyword.groovy:59)
	... 36 more
Caused by: com.kms.katalon.core.webui.exception.WebElementNotFoundException: Web element with id: 'Object Repository/Page_KiboPush  Dashboard/h3_Dashboard (57)' located by 'By.xpath: //h3[(text() = 'Dashboard' or . = 'Dashboard')]' not found
	at com.kms.katalon.core.webui.common.WebUiCommonHelper.findWebElement(WebUiCommonHelper.java:1053)
	at com.kms.katalon.core.webui.keyword.internal.WebUIAbstractKeyword.findWebElement(WebUIAbstractKeyword.groovy:27)
	at com.kms.katalon.core.webui.keyword.internal.WebUIAbstractKeyword.findWebElement(WebUIAbstractKeyword.groovy:26)
	at com.kms.katalon.core.webui.keyword.builtin.ClickKeyword$_click_closure1.doCall(ClickKeyword.groovy:77)
	at com.kms.katalon.core.webui.keyword.builtin.ClickKeyword$_click_closure1.call(ClickKeyword.groovy)
	at com.kms.katalon.core.webui.keyword.internal.WebUIKeywordMain.runKeyword(WebUIKeywordMain.groovy:20)
	at com.kms.katalon.core.webui.keyword.builtin.ClickKeyword.click(ClickKeyword.groovy:86)
	at com.kms.katalon.core.webui.keyword.builtin.ClickKeyword.execute(ClickKeyword.groovy:67)
	at com.kms.katalon.core.keyword.internal.KeywordExecutor.executeKeywordForPlatform(KeywordExecutor.groovy:56)
	at com.kms.katalon.core.webui.keyword.WebUiBuiltInKeywords.click(WebUiBuiltInKeywords.groovy:616)
	at com.kms.katalon.core.webui.keyword.WebUiBuiltInKeywords$click$2.call(Unknown Source)
	at Script1542870641933.run(Script1542870641933.groovy:40)
	at com.kms.katalon.core.main.ScriptEngine.run(ScriptEngine.java:194)
	at com.kms.katalon.core.main.ScriptEngine.runScriptAsRawText(ScriptEngine.java:119)
	at com.kms.katalon.core.main.TestCaseExecutor.runScript(TestCaseExecutor.java:331)
	at com.kms.katalon.core.main.TestCaseExecutor.doExecute(TestCaseExecutor.java:322)
	at com.kms.katalon.core.main.TestCaseExecutor.processExecutionPhase(TestCaseExecutor.java:301)
	at com.kms.katalon.core.main.TestCaseExecutor.accessMainPhase(TestCaseExecutor.java:293)
	at com.kms.katalon.core.main.TestCaseExecutor.execute(TestCaseExecutor.java:227)
	at com.kms.katalon.core.main.TestCaseMain.runTestCase(TestCaseMain.java:114)
	at com.kms.katalon.core.keyword.builtin.CallTestCaseKeyword$_callTestCase_closure1.doCall(CallTestCaseKeyword.groovy:59)
	at com.kms.katalon.core.keyword.builtin.CallTestCaseKeyword$_callTestCase_closure1.call(CallTestCaseKeyword.groovy)
	at com.kms.katalon.core.keyword.internal.KeywordMain.runKeyword(KeywordMain.groovy:66)
	at com.kms.katalon.core.keyword.builtin.CallTestCaseKeyword.callTestCase(CallTestCaseKeyword.groovy:81)
	at com.kms.katalon.core.keyword.builtin.CallTestCaseKeyword.execute(CallTestCaseKeyword.groovy:44)
	at com.kms.katalon.core.keyword.internal.KeywordExecutor.executeKeywordForPlatform(KeywordExecutor.groovy:56)
	at com.kms.katalon.core.keyword.BuiltinKeywords.callTestCase(BuiltinKeywords.groovy:334)
	at Script1537021633628.run(Script1537021633628.groovy:22)
	at com.kms.katalon.core.main.ScriptEngine.run(ScriptEngine.java:194)
	at com.kms.katalon.core.main.ScriptEngine.runScriptAsRawText(ScriptEngine.java:119)
	at com.kms.katalon.core.main.TestCaseExecutor.runScript(TestCaseExecutor.java:331)
	at com.kms.katalon.core.main.TestCaseExecutor.doExecute(TestCaseExecutor.java:322)
	at com.kms.katalon.core.main.TestCaseExecutor.processExecutionPhase(TestCaseExecutor.java:301)
	at com.kms.katalon.core.main.TestCaseExecutor.accessMainPhase(TestCaseExecutor.java:293)
	at com.kms.katalon.core.main.TestCaseExecutor.execute(TestCaseExecutor.java:227)
	at com.kms.katalon.core.main.TestCaseMain.runTestCase(TestCaseMain.java:114)
	at com.kms.katalon.core.keyword.builtin.CallTestCaseKeyword$_callTestCase_closure1.doCall(CallTestCaseKeyword.groovy:59)
	at com.kms.katalon.core.keyword.builtin.CallTestCaseKeyword$_callTestCase_closure1.call(CallTestCaseKeyword.groovy)
	at com.kms.katalon.core.keyword.internal.KeywordMain.runKeyword(KeywordMain.groovy:66)
	at com.kms.katalon.core.keyword.builtin.CallTestCaseKeyword.callTestCase(CallTestCaseKeyword.groovy:81)
	at com.kms.katalon.core.keyword.builtin.CallTestCaseKeyword.execute(CallTestCaseKeyword.groovy:44)
	at com.kms.katalon.core.keyword.internal.KeywordExecutor.executeKeywordForPlatform(KeywordExecutor.groovy:56)
	at com.kms.katalon.core.keyword.BuiltinKeywords.callTestCase(BuiltinKeywords.groovy:334)
	at Script1535529071823.run(Script1535529071823.groovy:30)
	... 13 more]]></system-err>
      </testcase>
      <testcase name="Test Cases/Comment Capture TestCases/TC0510" classname="Test Cases/Comment Capture TestCases/TC0510" status="ERROR">
         <error type="ERROR" message="Test Cases/Comment Capture TestCases/TC0510 FAILED.
Reason:
org.openqa.selenium.NoSuchElementException: no such element: Unable to locate element: {&quot;method&quot;:&quot;xpath&quot;,&quot;selector&quot;:&quot;//table/tbody/tr[1]/td[4]/span&quot;}
  (Session info: chrome=73.0.3683.75)
  (Driver info: chromedriver=2.43.600233 (523efee95e3d68b8719b3a1c83051aa63aa6b10d),platform=Linux 4.18.0-16-generic x86_64) (WARNING: The server did not provide any stacktrace information)
Command duration or timeout: 0 milliseconds
For documentation on this error, please visit: http://seleniumhq.org/exceptions/no_such_element.html
Build info: version: '3.7.1', revision: '8a0099a', time: '2017-11-06T21:07:36.161Z'
System info: host: 'cloudkibo-faizan', ip: '127.0.1.1', os.name: 'Linux', os.arch: 'amd64', os.version: '4.18.0-16-generic', java.version: '1.8.0_191'
Driver info: com.kms.katalon.selenium.driver.CChromeDriver
Capabilities {acceptInsecureCerts: false, acceptSslCerts: false, applicationCacheEnabled: false, browserConnectionEnabled: false, browserName: chrome, chrome: {chromedriverVersion: 2.43.600233 (523efee95e3d68..., userDataDir: /tmp/.org.chromium.Chromium...}, cssSelectorsEnabled: true, databaseEnabled: false, goog:chromeOptions: {debuggerAddress: localhost:37475}, handlesAlerts: true, hasTouchScreen: false, javascriptEnabled: true, locationContextEnabled: true, mobileEmulationEnabled: false, nativeEvents: true, networkConnectionEnabled: false, pageLoadStrategy: normal, platform: LINUX, platformName: LINUX, rotatable: false, setWindowRect: true, takesHeapSnapshot: true, takesScreenshot: true, unexpectedAlertBehaviour: , unhandledPromptBehavior: , version: 73.0.3683.75, webStorageEnabled: true}
Session ID: fb81a057f5e11769d6d69933d31141aa
*** Element info: {Using=xpath, value=//table/tbody/tr[1]/td[4]/span}
	at org.openqa.selenium.remote.ErrorHandler.createThrowable(ErrorHandler.java:214)
	at org.openqa.selenium.remote.ErrorHandler.throwIfResponseFailed(ErrorHandler.java:166)
	at org.openqa.selenium.remote.http.JsonHttpResponseCodec.reconstructValue(JsonHttpResponseCodec.java:40)
	at org.openqa.selenium.remote.http.AbstractHttpResponseCodec.decode(AbstractHttpResponseCodec.java:80)
	at org.openqa.selenium.remote.http.AbstractHttpResponseCodec.decode(AbstractHttpResponseCodec.java:44)
	at org.openqa.selenium.remote.HttpCommandExecutor.execute(HttpCommandExecutor.java:164)
	at org.openqa.selenium.remote.service.DriverCommandExecutor.execute(DriverCommandExecutor.java:83)
	at org.openqa.selenium.remote.RemoteWebDriver.execute(RemoteWebDriver.java:600)
	at com.kms.katalon.selenium.driver.CChromeDriver.execute(CChromeDriver.java:20)
	at org.openqa.selenium.remote.RemoteWebDriver.findElement(RemoteWebDriver.java:370)
	at org.openqa.selenium.remote.RemoteWebDriver.findElementByXPath(RemoteWebDriver.java:472)
	at org.openqa.selenium.By$ByXPath.findElement(By.java:361)
	at org.openqa.selenium.remote.RemoteWebDriver.findElement(RemoteWebDriver.java:362)
	at org.openqa.selenium.WebDriver$findElement.call(Unknown Source)
	at TC0510.run(TC0510:36)
	at com.kms.katalon.core.main.ScriptEngine.run(ScriptEngine.java:194)
	at com.kms.katalon.core.main.ScriptEngine.runScriptAsRawText(ScriptEngine.java:119)
	at com.kms.katalon.core.main.TestCaseExecutor.runScript(TestCaseExecutor.java:331)
	at com.kms.katalon.core.main.TestCaseExecutor.doExecute(TestCaseExecutor.java:322)
	at com.kms.katalon.core.main.TestCaseExecutor.processExecutionPhase(TestCaseExecutor.java:301)
	at com.kms.katalon.core.main.TestCaseExecutor.accessMainPhase(TestCaseExecutor.java:293)
	at com.kms.katalon.core.main.TestCaseExecutor.execute(TestCaseExecutor.java:227)
	at com.kms.katalon.core.main.TestSuiteExecutor.accessTestCaseMainPhase(TestSuiteExecutor.java:129)
	at com.kms.katalon.core.main.TestSuiteExecutor.accessTestSuiteMainPhase(TestSuiteExecutor.java:112)
	at com.kms.katalon.core.main.TestSuiteExecutor.execute(TestSuiteExecutor.java:81)
	at com.kms.katalon.core.main.TestCaseMain.startTestSuite(TestCaseMain.java:157)
	at com.kms.katalon.core.main.TestCaseMain$startTestSuite$0.call(Unknown Source)
	at TempTestSuite1553670311511.run(TempTestSuite1553670311511.groovy:35)
"/>
         <system-out><![CDATA[2019-03-27 12:08:59 - [TEST_CASE][ERROR] - Test Cases/Comment Capture TestCases/TC0510: Test Cases/Comment Capture TestCases/TC0510 FAILED.
Reason:
org.openqa.selenium.NoSuchElementException: no such element: Unable to locate element: {"method":"xpath","selector":"//table/tbody/tr[1]/td[4]/span"}
  (Session info: chrome=73.0.3683.75)
  (Driver info: chromedriver=2.43.600233 (523efee95e3d68b8719b3a1c83051aa63aa6b10d),platform=Linux 4.18.0-16-generic x86_64) (WARNING: The server did not provide any stacktrace information)
Command duration or timeout: 0 milliseconds
For documentation on this error, please visit: http://seleniumhq.org/exceptions/no_such_element.html
Build info: version: '3.7.1', revision: '8a0099a', time: '2017-11-06T21:07:36.161Z'
System info: host: 'cloudkibo-faizan', ip: '127.0.1.1', os.name: 'Linux', os.arch: 'amd64', os.version: '4.18.0-16-generic', java.version: '1.8.0_191'
Driver info: com.kms.katalon.selenium.driver.CChromeDriver
Capabilities {acceptInsecureCerts: false, acceptSslCerts: false, applicationCacheEnabled: false, browserConnectionEnabled: false, browserName: chrome, chrome: {chromedriverVersion: 2.43.600233 (523efee95e3d68..., userDataDir: /tmp/.org.chromium.Chromium...}, cssSelectorsEnabled: true, databaseEnabled: false, goog:chromeOptions: {debuggerAddress: localhost:37475}, handlesAlerts: true, hasTouchScreen: false, javascriptEnabled: true, locationContextEnabled: true, mobileEmulationEnabled: false, nativeEvents: true, networkConnectionEnabled: false, pageLoadStrategy: normal, platform: LINUX, platformName: LINUX, rotatable: false, setWindowRect: true, takesHeapSnapshot: true, takesScreenshot: true, unexpectedAlertBehaviour: , unhandledPromptBehavior: , version: 73.0.3683.75, webStorageEnabled: true}
Session ID: fb81a057f5e11769d6d69933d31141aa
*** Element info: {Using=xpath, value=//table/tbody/tr[1]/td[4]/span}
	at org.openqa.selenium.remote.ErrorHandler.createThrowable(ErrorHandler.java:214)
	at org.openqa.selenium.remote.ErrorHandler.throwIfResponseFailed(ErrorHandler.java:166)
	at org.openqa.selenium.remote.http.JsonHttpResponseCodec.reconstructValue(JsonHttpResponseCodec.java:40)
	at org.openqa.selenium.remote.http.AbstractHttpResponseCodec.decode(AbstractHttpResponseCodec.java:80)
	at org.openqa.selenium.remote.http.AbstractHttpResponseCodec.decode(AbstractHttpResponseCodec.java:44)
	at org.openqa.selenium.remote.HttpCommandExecutor.execute(HttpCommandExecutor.java:164)
	at org.openqa.selenium.remote.service.DriverCommandExecutor.execute(DriverCommandExecutor.java:83)
	at org.openqa.selenium.remote.RemoteWebDriver.execute(RemoteWebDriver.java:600)
	at com.kms.katalon.selenium.driver.CChromeDriver.execute(CChromeDriver.java:20)
	at org.openqa.selenium.remote.RemoteWebDriver.findElement(RemoteWebDriver.java:370)
	at org.openqa.selenium.remote.RemoteWebDriver.findElementByXPath(RemoteWebDriver.java:472)
	at org.openqa.selenium.By$ByXPath.findElement(By.java:361)
	at org.openqa.selenium.remote.RemoteWebDriver.findElement(RemoteWebDriver.java:362)
	at org.openqa.selenium.WebDriver$findElement.call(Unknown Source)
	at TC0510.run(TC0510:36)
	at com.kms.katalon.core.main.ScriptEngine.run(ScriptEngine.java:194)
	at com.kms.katalon.core.main.ScriptEngine.runScriptAsRawText(ScriptEngine.java:119)
	at com.kms.katalon.core.main.TestCaseExecutor.runScript(TestCaseExecutor.java:331)
	at com.kms.katalon.core.main.TestCaseExecutor.doExecute(TestCaseExecutor.java:322)
	at com.kms.katalon.core.main.TestCaseExecutor.processExecutionPhase(TestCaseExecutor.java:301)
	at com.kms.katalon.core.main.TestCaseExecutor.accessMainPhase(TestCaseExecutor.java:293)
	at com.kms.katalon.core.main.TestCaseExecutor.execute(TestCaseExecutor.java:227)
	at com.kms.katalon.core.main.TestSuiteExecutor.accessTestCaseMainPhase(TestSuiteExecutor.java:129)
	at com.kms.katalon.core.main.TestSuiteExecutor.accessTestSuiteMainPhase(TestSuiteExecutor.java:112)
	at com.kms.katalon.core.main.TestSuiteExecutor.execute(TestSuiteExecutor.java:81)
	at com.kms.katalon.core.main.TestCaseMain.startTestSuite(TestCaseMain.java:157)
	at com.kms.katalon.core.main.TestCaseMain$startTestSuite$0.call(Unknown Source)
	at TempTestSuite1553670311511.run(TempTestSuite1553670311511.groovy:35)


2019-03-27 12:08:59 - [TEST_STEP][PASSED] - callTestCase(findTestCase("s-sidebar_navigation/individualAccount/Comment capture"), [:], STOP_ON_FAILURE): Call Test Case 'Test Cases/s-sidebar_navigation/individualAccount/Comment capture' successfully

2019-03-27 12:08:59 - [TEST_CASE][PASSED] - Test Cases/s-sidebar_navigation/individualAccount/Comment capture: Test Cases/s-sidebar_navigation/individualAccount/Comment capture

2019-03-27 12:08:59 - [TEST_STEP][PASSED] - callTestCase(findTestCase("s-sidebar_navigation/individualAccount/Login-KiboEngage"), [:], STOP_ON_FAILURE): Call Test Case 'Test Cases/s-sidebar_navigation/individualAccount/Login-KiboEngage' successfully

2019-03-27 12:08:59 - [TEST_CASE][PASSED] - Test Cases/s-sidebar_navigation/individualAccount/Login-KiboEngage: Test Cases/s-sidebar_navigation/individualAccount/Login-KiboEngage

2019-03-27 12:08:59 - [TEST_STEP][PASSED] - openBrowser(""): Browser is opened with url: ''

2019-03-27 12:08:59 - [MESSAGE][WARNING] - A browser is already opened. Closing browser and opening a new one

2019-03-27 12:08:59 - [MESSAGE][INFO] - Starting 'Chrome' driver

2019-03-27 12:09:00 - [MESSAGE][PASSED] - Browser is opened with url: ''

2019-03-27 12:09:00 - [TEST_STEP][PASSED] - maximizeWindow(): Current window maximized

2019-03-27 12:09:00 - [MESSAGE][PASSED] - Current window maximized

2019-03-27 12:09:00 - [TEST_STEP][PASSED] - navigateToUrl("https://kiboengage.cloudkibo.com/"): Navigate to 'https://kiboengage.cloudkibo.com/' successfully

2019-03-27 12:09:17 - [MESSAGE][PASSED] - Navigate to 'https://kiboengage.cloudkibo.com/' successfully

2019-03-27 12:09:17 - [TEST_STEP][PASSED] - navigateToUrl("https://accounts.cloudkibo.com/?continue=https://kiboengage.cloudkibo.com"): Navigate to 'https://accounts.cloudkibo.com/?continue=https://kiboengage.cloudkibo.com' successfully

2019-03-27 12:09:18 - [MESSAGE][PASSED] - Navigate to 'https://accounts.cloudkibo.com/?continue=https://kiboengage.cloudkibo.com' successfully

2019-03-27 12:09:18 - [TEST_STEP][PASSED] - click(findTestObject("Page_KiboPush/a_Login (9) (1)")): Object: 'Object Repository/Page_KiboPush/a_Login (9) (1)' is clicked on

2019-03-27 12:09:19 - [MESSAGE][PASSED] - Object: 'Object Repository/Page_KiboPush/a_Login (9) (1)' is clicked on

2019-03-27 12:09:19 - [TEST_STEP][PASSED] - setText(findTestObject("Page_KiboPush/input_email (10) (1)"), "individual@cloudkibo.com"): Text 'individual@cloudkibo.com' is set on object 'Object Repository/Page_KiboPush/input_email (10) (1)'

2019-03-27 12:09:19 - [MESSAGE][PASSED] - Text 'individual@cloudkibo.com' is set on object 'Object Repository/Page_KiboPush/input_email (10) (1)'

2019-03-27 12:09:19 - [TEST_STEP][PASSED] - setEncryptedText(findTestObject("Page_KiboPush/input_password (9) (1)"), "RigbBhfdqOBGNlJIWM1ClA=="): Text ****** has been set on object 'Object Repository/Page_KiboPush/input_password (9) (1)'

2019-03-27 12:09:19 - [MESSAGE][PASSED] - Text ****** has been set on object 'Object Repository/Page_KiboPush/input_password (9) (1)'

2019-03-27 12:09:19 - [TEST_STEP][PASSED] - click(findTestObject("Page_KiboPush/button_Sign In (10) (1)")): Object: 'Object Repository/Page_KiboPush/button_Sign In (10) (1)' is clicked on

2019-03-27 12:09:19 - [MESSAGE][PASSED] - Object: 'Object Repository/Page_KiboPush/button_Sign In (10) (1)' is clicked on

2019-03-27 12:09:19 - [TEST_STEP][PASSED] - navigateToUrl("https://kiboengage.cloudkibo.com/dashboard"): Navigate to 'https://kiboengage.cloudkibo.com/dashboard' successfully

2019-03-27 12:09:46 - [MESSAGE][PASSED] - Navigate to 'https://kiboengage.cloudkibo.com/dashboard' successfully

2019-03-27 12:09:46 - [TEST_STEP][PASSED] - click(findTestObject("Object Repository/Page_KiboPush  Dashboard/h3_Dashboard (57)")): Object: 'Object Repository/Page_KiboPush  Dashboard/h3_Dashboard (57)' is clicked on

2019-03-27 12:09:46 - [MESSAGE][PASSED] - Object: 'Object Repository/Page_KiboPush  Dashboard/h3_Dashboard (57)' is clicked on

2019-03-27 12:09:46 - [TEST_STEP][PASSED] - delay(3): Delayed 3 second(s)

2019-03-27 12:09:49 - [MESSAGE][PASSED] - Delayed 3 second(s)

2019-03-27 12:09:49 - [MESSAGE][PASSED] - Call Test Case 'Test Cases/s-sidebar_navigation/individualAccount/Login-KiboEngage' successfully

2019-03-27 12:09:49 - [TEST_STEP][PASSED] - click(findTestObject("Page_KiboPush  Dashboard/span_Growth Tools")): Object: 'Object Repository/Page_KiboPush  Dashboard/span_Growth Tools' is clicked on

2019-03-27 12:09:49 - [MESSAGE][PASSED] - Object: 'Object Repository/Page_KiboPush  Dashboard/span_Growth Tools' is clicked on

2019-03-27 12:09:49 - [TEST_STEP][PASSED] - delay(1): Delayed 1 second(s)

2019-03-27 12:09:50 - [MESSAGE][PASSED] - Delayed 1 second(s)

2019-03-27 12:09:50 - [TEST_STEP][PASSED] - click(findTestObject("Page_KiboPush  Dashboard/span_Comment Capture")): Object: 'Object Repository/Page_KiboPush  Dashboard/span_Comment Capture' is clicked on

2019-03-27 12:09:50 - [MESSAGE][PASSED] - Object: 'Object Repository/Page_KiboPush  Dashboard/span_Comment Capture' is clicked on

2019-03-27 12:09:50 - [TEST_STEP][PASSED] - click(findTestObject("Page_KiboPush  Comment Capture/h3_Comment Capture")): Object: 'Object Repository/Page_KiboPush  Comment Capture/h3_Comment Capture' is clicked on

2019-03-27 12:09:51 - [MESSAGE][PASSED] - Object: 'Object Repository/Page_KiboPush  Comment Capture/h3_Comment Capture' is clicked on

2019-03-27 12:09:51 - [MESSAGE][PASSED] - Call Test Case 'Test Cases/s-sidebar_navigation/individualAccount/Comment capture' successfully

2019-03-27 12:09:51 - [TEST_STEP][PASSED] - delay(2): Delayed 2 second(s)

2019-03-27 12:09:53 - [MESSAGE][PASSED] - Delayed 2 second(s)

2019-03-27 12:09:53 - [TEST_STEP][PASSED] - driver = getWebDriver(): null

2019-03-27 12:09:53 - [TEST_STEP][ERROR] - Table1 = driver.findElement(By.xpath("//table/tbody/tr[1]/td[4]/span")): Table1 = driver.findElement(By.xpath("//table/tbody/tr[1]/td[4]/span")) FAILED.
Reason:
org.openqa.selenium.NoSuchElementException: no such element: Unable to locate element: {"method":"xpath","selector":"//table/tbody/tr[1]/td[4]/span"}
  (Session info: chrome=73.0.3683.75)
  (Driver info: chromedriver=2.43.600233 (523efee95e3d68b8719b3a1c83051aa63aa6b10d),platform=Linux 4.18.0-16-generic x86_64) (WARNING: The server did not provide any stacktrace information)
Command duration or timeout: 0 milliseconds
For documentation on this error, please visit: http://seleniumhq.org/exceptions/no_such_element.html
Build info: version: '3.7.1', revision: '8a0099a', time: '2017-11-06T21:07:36.161Z'
System info: host: 'cloudkibo-faizan', ip: '127.0.1.1', os.name: 'Linux', os.arch: 'amd64', os.version: '4.18.0-16-generic', java.version: '1.8.0_191'
Driver info: com.kms.katalon.selenium.driver.CChromeDriver
Capabilities {acceptInsecureCerts: false, acceptSslCerts: false, applicationCacheEnabled: false, browserConnectionEnabled: false, browserName: chrome, chrome: {chromedriverVersion: 2.43.600233 (523efee95e3d68..., userDataDir: /tmp/.org.chromium.Chromium...}, cssSelectorsEnabled: true, databaseEnabled: false, goog:chromeOptions: {debuggerAddress: localhost:37475}, handlesAlerts: true, hasTouchScreen: false, javascriptEnabled: true, locationContextEnabled: true, mobileEmulationEnabled: false, nativeEvents: true, networkConnectionEnabled: false, pageLoadStrategy: normal, platform: LINUX, platformName: LINUX, rotatable: false, setWindowRect: true, takesHeapSnapshot: true, takesScreenshot: true, unexpectedAlertBehaviour: , unhandledPromptBehavior: , version: 73.0.3683.75, webStorageEnabled: true}
Session ID: fb81a057f5e11769d6d69933d31141aa
*** Element info: {Using=xpath, value=//table/tbody/tr[1]/td[4]/span}
	at org.openqa.selenium.remote.ErrorHandler.createThrowable(ErrorHandler.java:214)
	at org.openqa.selenium.remote.ErrorHandler.throwIfResponseFailed(ErrorHandler.java:166)
	at org.openqa.selenium.remote.http.JsonHttpResponseCodec.reconstructValue(JsonHttpResponseCodec.java:40)
	at org.openqa.selenium.remote.http.AbstractHttpResponseCodec.decode(AbstractHttpResponseCodec.java:80)
	at org.openqa.selenium.remote.http.AbstractHttpResponseCodec.decode(AbstractHttpResponseCodec.java:44)
	at org.openqa.selenium.remote.HttpCommandExecutor.execute(HttpCommandExecutor.java:164)
	at org.openqa.selenium.remote.service.DriverCommandExecutor.execute(DriverCommandExecutor.java:83)
	at org.openqa.selenium.remote.RemoteWebDriver.execute(RemoteWebDriver.java:600)
	at com.kms.katalon.selenium.driver.CChromeDriver.execute(CChromeDriver.java:20)
	at org.openqa.selenium.remote.RemoteWebDriver.findElement(RemoteWebDriver.java:370)
	at org.openqa.selenium.remote.RemoteWebDriver.findElementByXPath(RemoteWebDriver.java:472)
	at org.openqa.selenium.By$ByXPath.findElement(By.java:361)
	at org.openqa.selenium.remote.RemoteWebDriver.findElement(RemoteWebDriver.java:362)
	at org.openqa.selenium.WebDriver$findElement.call(Unknown Source)
	at TC0510.run(TC0510:36)
	at com.kms.katalon.core.main.ScriptEngine.run(ScriptEngine.java:194)
	at com.kms.katalon.core.main.ScriptEngine.runScriptAsRawText(ScriptEngine.java:119)
	at com.kms.katalon.core.main.TestCaseExecutor.runScript(TestCaseExecutor.java:331)
	at com.kms.katalon.core.main.TestCaseExecutor.doExecute(TestCaseExecutor.java:322)
	at com.kms.katalon.core.main.TestCaseExecutor.processExecutionPhase(TestCaseExecutor.java:301)
	at com.kms.katalon.core.main.TestCaseExecutor.accessMainPhase(TestCaseExecutor.java:293)
	at com.kms.katalon.core.main.TestCaseExecutor.execute(TestCaseExecutor.java:227)
	at com.kms.katalon.core.main.TestSuiteExecutor.accessTestCaseMainPhase(TestSuiteExecutor.java:129)
	at com.kms.katalon.core.main.TestSuiteExecutor.accessTestSuiteMainPhase(TestSuiteExecutor.java:112)
	at com.kms.katalon.core.main.TestSuiteExecutor.execute(TestSuiteExecutor.java:81)
	at com.kms.katalon.core.main.TestCaseMain.startTestSuite(TestCaseMain.java:157)
	at com.kms.katalon.core.main.TestCaseMain$startTestSuite$0.call(Unknown Source)
	at TempTestSuite1553670311511.run(TempTestSuite1553670311511.groovy:35)


2019-03-27 12:09:53 - [MESSAGE][ERROR] - Table1 = driver.findElement(By.xpath("//table/tbody/tr[1]/td[4]/span")) FAILED.
Reason:
org.openqa.selenium.NoSuchElementException: no such element: Unable to locate element: {"method":"xpath","selector":"//table/tbody/tr[1]/td[4]/span"}
  (Session info: chrome=73.0.3683.75)
  (Driver info: chromedriver=2.43.600233 (523efee95e3d68b8719b3a1c83051aa63aa6b10d),platform=Linux 4.18.0-16-generic x86_64) (WARNING: The server did not provide any stacktrace information)
Command duration or timeout: 0 milliseconds
For documentation on this error, please visit: http://seleniumhq.org/exceptions/no_such_element.html
Build info: version: '3.7.1', revision: '8a0099a', time: '2017-11-06T21:07:36.161Z'
System info: host: 'cloudkibo-faizan', ip: '127.0.1.1', os.name: 'Linux', os.arch: 'amd64', os.version: '4.18.0-16-generic', java.version: '1.8.0_191'
Driver info: com.kms.katalon.selenium.driver.CChromeDriver
Capabilities {acceptInsecureCerts: false, acceptSslCerts: false, applicationCacheEnabled: false, browserConnectionEnabled: false, browserName: chrome, chrome: {chromedriverVersion: 2.43.600233 (523efee95e3d68..., userDataDir: /tmp/.org.chromium.Chromium...}, cssSelectorsEnabled: true, databaseEnabled: false, goog:chromeOptions: {debuggerAddress: localhost:37475}, handlesAlerts: true, hasTouchScreen: false, javascriptEnabled: true, locationContextEnabled: true, mobileEmulationEnabled: false, nativeEvents: true, networkConnectionEnabled: false, pageLoadStrategy: normal, platform: LINUX, platformName: LINUX, rotatable: false, setWindowRect: true, takesHeapSnapshot: true, takesScreenshot: true, unexpectedAlertBehaviour: , unhandledPromptBehavior: , version: 73.0.3683.75, webStorageEnabled: true}
Session ID: fb81a057f5e11769d6d69933d31141aa
*** Element info: {Using=xpath, value=//table/tbody/tr[1]/td[4]/span}
	at org.openqa.selenium.remote.ErrorHandler.createThrowable(ErrorHandler.java:214)
	at org.openqa.selenium.remote.ErrorHandler.throwIfResponseFailed(ErrorHandler.java:166)
	at org.openqa.selenium.remote.http.JsonHttpResponseCodec.reconstructValue(JsonHttpResponseCodec.java:40)
	at org.openqa.selenium.remote.http.AbstractHttpResponseCodec.decode(AbstractHttpResponseCodec.java:80)
	at org.openqa.selenium.remote.http.AbstractHttpResponseCodec.decode(AbstractHttpResponseCodec.java:44)
	at org.openqa.selenium.remote.HttpCommandExecutor.execute(HttpCommandExecutor.java:164)
	at org.openqa.selenium.remote.service.DriverCommandExecutor.execute(DriverCommandExecutor.java:83)
	at org.openqa.selenium.remote.RemoteWebDriver.execute(RemoteWebDriver.java:600)
	at com.kms.katalon.selenium.driver.CChromeDriver.execute(CChromeDriver.java:20)
	at org.openqa.selenium.remote.RemoteWebDriver.findElement(RemoteWebDriver.java:370)
	at org.openqa.selenium.remote.RemoteWebDriver.findElementByXPath(RemoteWebDriver.java:472)
	at org.openqa.selenium.By$ByXPath.findElement(By.java:361)
	at org.openqa.selenium.remote.RemoteWebDriver.findElement(RemoteWebDriver.java:362)
	at org.openqa.selenium.WebDriver$findElement.call(Unknown Source)
	at TC0510.run(TC0510:36)
	at com.kms.katalon.core.main.ScriptEngine.run(ScriptEngine.java:194)
	at com.kms.katalon.core.main.ScriptEngine.runScriptAsRawText(ScriptEngine.java:119)
	at com.kms.katalon.core.main.TestCaseExecutor.runScript(TestCaseExecutor.java:331)
	at com.kms.katalon.core.main.TestCaseExecutor.doExecute(TestCaseExecutor.java:322)
	at com.kms.katalon.core.main.TestCaseExecutor.processExecutionPhase(TestCaseExecutor.java:301)
	at com.kms.katalon.core.main.TestCaseExecutor.accessMainPhase(TestCaseExecutor.java:293)
	at com.kms.katalon.core.main.TestCaseExecutor.execute(TestCaseExecutor.java:227)
	at com.kms.katalon.core.main.TestSuiteExecutor.accessTestCaseMainPhase(TestSuiteExecutor.java:129)
	at com.kms.katalon.core.main.TestSuiteExecutor.accessTestSuiteMainPhase(TestSuiteExecutor.java:112)
	at com.kms.katalon.core.main.TestSuiteExecutor.execute(TestSuiteExecutor.java:81)
	at com.kms.katalon.core.main.TestCaseMain.startTestSuite(TestCaseMain.java:157)
	at com.kms.katalon.core.main.TestCaseMain$startTestSuite$0.call(Unknown Source)
	at TempTestSuite1553670311511.run(TempTestSuite1553670311511.groovy:35)]]></system-out>
         <system-err><![CDATA[2019-03-27 12:08:59 - [TEST_CASE][ERROR] - Test Cases/Comment Capture TestCases/TC0510: Test Cases/Comment Capture TestCases/TC0510 FAILED.
Reason:
org.openqa.selenium.NoSuchElementException: no such element: Unable to locate element: {"method":"xpath","selector":"//table/tbody/tr[1]/td[4]/span"}
  (Session info: chrome=73.0.3683.75)
  (Driver info: chromedriver=2.43.600233 (523efee95e3d68b8719b3a1c83051aa63aa6b10d),platform=Linux 4.18.0-16-generic x86_64) (WARNING: The server did not provide any stacktrace information)
Command duration or timeout: 0 milliseconds
For documentation on this error, please visit: http://seleniumhq.org/exceptions/no_such_element.html
Build info: version: '3.7.1', revision: '8a0099a', time: '2017-11-06T21:07:36.161Z'
System info: host: 'cloudkibo-faizan', ip: '127.0.1.1', os.name: 'Linux', os.arch: 'amd64', os.version: '4.18.0-16-generic', java.version: '1.8.0_191'
Driver info: com.kms.katalon.selenium.driver.CChromeDriver
Capabilities {acceptInsecureCerts: false, acceptSslCerts: false, applicationCacheEnabled: false, browserConnectionEnabled: false, browserName: chrome, chrome: {chromedriverVersion: 2.43.600233 (523efee95e3d68..., userDataDir: /tmp/.org.chromium.Chromium...}, cssSelectorsEnabled: true, databaseEnabled: false, goog:chromeOptions: {debuggerAddress: localhost:37475}, handlesAlerts: true, hasTouchScreen: false, javascriptEnabled: true, locationContextEnabled: true, mobileEmulationEnabled: false, nativeEvents: true, networkConnectionEnabled: false, pageLoadStrategy: normal, platform: LINUX, platformName: LINUX, rotatable: false, setWindowRect: true, takesHeapSnapshot: true, takesScreenshot: true, unexpectedAlertBehaviour: , unhandledPromptBehavior: , version: 73.0.3683.75, webStorageEnabled: true}
Session ID: fb81a057f5e11769d6d69933d31141aa
*** Element info: {Using=xpath, value=//table/tbody/tr[1]/td[4]/span}
	at org.openqa.selenium.remote.ErrorHandler.createThrowable(ErrorHandler.java:214)
	at org.openqa.selenium.remote.ErrorHandler.throwIfResponseFailed(ErrorHandler.java:166)
	at org.openqa.selenium.remote.http.JsonHttpResponseCodec.reconstructValue(JsonHttpResponseCodec.java:40)
	at org.openqa.selenium.remote.http.AbstractHttpResponseCodec.decode(AbstractHttpResponseCodec.java:80)
	at org.openqa.selenium.remote.http.AbstractHttpResponseCodec.decode(AbstractHttpResponseCodec.java:44)
	at org.openqa.selenium.remote.HttpCommandExecutor.execute(HttpCommandExecutor.java:164)
	at org.openqa.selenium.remote.service.DriverCommandExecutor.execute(DriverCommandExecutor.java:83)
	at org.openqa.selenium.remote.RemoteWebDriver.execute(RemoteWebDriver.java:600)
	at com.kms.katalon.selenium.driver.CChromeDriver.execute(CChromeDriver.java:20)
	at org.openqa.selenium.remote.RemoteWebDriver.findElement(RemoteWebDriver.java:370)
	at org.openqa.selenium.remote.RemoteWebDriver.findElementByXPath(RemoteWebDriver.java:472)
	at org.openqa.selenium.By$ByXPath.findElement(By.java:361)
	at org.openqa.selenium.remote.RemoteWebDriver.findElement(RemoteWebDriver.java:362)
	at org.openqa.selenium.WebDriver$findElement.call(Unknown Source)
	at TC0510.run(TC0510:36)
	at com.kms.katalon.core.main.ScriptEngine.run(ScriptEngine.java:194)
	at com.kms.katalon.core.main.ScriptEngine.runScriptAsRawText(ScriptEngine.java:119)
	at com.kms.katalon.core.main.TestCaseExecutor.runScript(TestCaseExecutor.java:331)
	at com.kms.katalon.core.main.TestCaseExecutor.doExecute(TestCaseExecutor.java:322)
	at com.kms.katalon.core.main.TestCaseExecutor.processExecutionPhase(TestCaseExecutor.java:301)
	at com.kms.katalon.core.main.TestCaseExecutor.accessMainPhase(TestCaseExecutor.java:293)
	at com.kms.katalon.core.main.TestCaseExecutor.execute(TestCaseExecutor.java:227)
	at com.kms.katalon.core.main.TestSuiteExecutor.accessTestCaseMainPhase(TestSuiteExecutor.java:129)
	at com.kms.katalon.core.main.TestSuiteExecutor.accessTestSuiteMainPhase(TestSuiteExecutor.java:112)
	at com.kms.katalon.core.main.TestSuiteExecutor.execute(TestSuiteExecutor.java:81)
	at com.kms.katalon.core.main.TestCaseMain.startTestSuite(TestCaseMain.java:157)
	at com.kms.katalon.core.main.TestCaseMain$startTestSuite$0.call(Unknown Source)
	at TempTestSuite1553670311511.run(TempTestSuite1553670311511.groovy:35)]]></system-err>
      </testcase>
      <testcase name="Test Cases/Comment Capture TestCases/TC0511" classname="Test Cases/Comment Capture TestCases/TC0511" status="ERROR">
         <error type="ERROR" message="Test Cases/Comment Capture TestCases/TC0511 FAILED.
Reason:
org.openqa.selenium.NoSuchElementException: no such element: Unable to locate element: {&quot;method&quot;:&quot;xpath&quot;,&quot;selector&quot;:&quot;//table/tbody/tr[1]/td[4]/span&quot;}
  (Session info: chrome=73.0.3683.75)
  (Driver info: chromedriver=2.43.600233 (523efee95e3d68b8719b3a1c83051aa63aa6b10d),platform=Linux 4.18.0-16-generic x86_64) (WARNING: The server did not provide any stacktrace information)
Command duration or timeout: 0 milliseconds
For documentation on this error, please visit: http://seleniumhq.org/exceptions/no_such_element.html
Build info: version: '3.7.1', revision: '8a0099a', time: '2017-11-06T21:07:36.161Z'
System info: host: 'cloudkibo-faizan', ip: '127.0.1.1', os.name: 'Linux', os.arch: 'amd64', os.version: '4.18.0-16-generic', java.version: '1.8.0_191'
Driver info: com.kms.katalon.selenium.driver.CChromeDriver
Capabilities {acceptInsecureCerts: false, acceptSslCerts: false, applicationCacheEnabled: false, browserConnectionEnabled: false, browserName: chrome, chrome: {chromedriverVersion: 2.43.600233 (523efee95e3d68..., userDataDir: /tmp/.org.chromium.Chromium...}, cssSelectorsEnabled: true, databaseEnabled: false, goog:chromeOptions: {debuggerAddress: localhost:38165}, handlesAlerts: true, hasTouchScreen: false, javascriptEnabled: true, locationContextEnabled: true, mobileEmulationEnabled: false, nativeEvents: true, networkConnectionEnabled: false, pageLoadStrategy: normal, platform: LINUX, platformName: LINUX, rotatable: false, setWindowRect: true, takesHeapSnapshot: true, takesScreenshot: true, unexpectedAlertBehaviour: , unhandledPromptBehavior: , version: 73.0.3683.75, webStorageEnabled: true}
Session ID: 8edd061cf5436553965fe5f5fef9c000
*** Element info: {Using=xpath, value=//table/tbody/tr[1]/td[4]/span}
	at org.openqa.selenium.remote.ErrorHandler.createThrowable(ErrorHandler.java:214)
	at org.openqa.selenium.remote.ErrorHandler.throwIfResponseFailed(ErrorHandler.java:166)
	at org.openqa.selenium.remote.http.JsonHttpResponseCodec.reconstructValue(JsonHttpResponseCodec.java:40)
	at org.openqa.selenium.remote.http.AbstractHttpResponseCodec.decode(AbstractHttpResponseCodec.java:80)
	at org.openqa.selenium.remote.http.AbstractHttpResponseCodec.decode(AbstractHttpResponseCodec.java:44)
	at org.openqa.selenium.remote.HttpCommandExecutor.execute(HttpCommandExecutor.java:164)
	at org.openqa.selenium.remote.service.DriverCommandExecutor.execute(DriverCommandExecutor.java:83)
	at org.openqa.selenium.remote.RemoteWebDriver.execute(RemoteWebDriver.java:600)
	at com.kms.katalon.selenium.driver.CChromeDriver.execute(CChromeDriver.java:20)
	at org.openqa.selenium.remote.RemoteWebDriver.findElement(RemoteWebDriver.java:370)
	at org.openqa.selenium.remote.RemoteWebDriver.findElementByXPath(RemoteWebDriver.java:472)
	at org.openqa.selenium.By$ByXPath.findElement(By.java:361)
	at org.openqa.selenium.remote.RemoteWebDriver.findElement(RemoteWebDriver.java:362)
	at org.openqa.selenium.WebDriver$findElement.call(Unknown Source)
	at TC0511.run(TC0511:36)
	at com.kms.katalon.core.main.ScriptEngine.run(ScriptEngine.java:194)
	at com.kms.katalon.core.main.ScriptEngine.runScriptAsRawText(ScriptEngine.java:119)
	at com.kms.katalon.core.main.TestCaseExecutor.runScript(TestCaseExecutor.java:331)
	at com.kms.katalon.core.main.TestCaseExecutor.doExecute(TestCaseExecutor.java:322)
	at com.kms.katalon.core.main.TestCaseExecutor.processExecutionPhase(TestCaseExecutor.java:301)
	at com.kms.katalon.core.main.TestCaseExecutor.accessMainPhase(TestCaseExecutor.java:293)
	at com.kms.katalon.core.main.TestCaseExecutor.execute(TestCaseExecutor.java:227)
	at com.kms.katalon.core.main.TestSuiteExecutor.accessTestCaseMainPhase(TestSuiteExecutor.java:129)
	at com.kms.katalon.core.main.TestSuiteExecutor.accessTestSuiteMainPhase(TestSuiteExecutor.java:112)
	at com.kms.katalon.core.main.TestSuiteExecutor.execute(TestSuiteExecutor.java:81)
	at com.kms.katalon.core.main.TestCaseMain.startTestSuite(TestCaseMain.java:157)
	at com.kms.katalon.core.main.TestCaseMain$startTestSuite$0.call(Unknown Source)
	at TempTestSuite1553670311511.run(TempTestSuite1553670311511.groovy:35)
"/>
         <system-out><![CDATA[2019-03-27 12:09:53 - [TEST_CASE][ERROR] - Test Cases/Comment Capture TestCases/TC0511: Test Cases/Comment Capture TestCases/TC0511 FAILED.
Reason:
org.openqa.selenium.NoSuchElementException: no such element: Unable to locate element: {"method":"xpath","selector":"//table/tbody/tr[1]/td[4]/span"}
  (Session info: chrome=73.0.3683.75)
  (Driver info: chromedriver=2.43.600233 (523efee95e3d68b8719b3a1c83051aa63aa6b10d),platform=Linux 4.18.0-16-generic x86_64) (WARNING: The server did not provide any stacktrace information)
Command duration or timeout: 0 milliseconds
For documentation on this error, please visit: http://seleniumhq.org/exceptions/no_such_element.html
Build info: version: '3.7.1', revision: '8a0099a', time: '2017-11-06T21:07:36.161Z'
System info: host: 'cloudkibo-faizan', ip: '127.0.1.1', os.name: 'Linux', os.arch: 'amd64', os.version: '4.18.0-16-generic', java.version: '1.8.0_191'
Driver info: com.kms.katalon.selenium.driver.CChromeDriver
Capabilities {acceptInsecureCerts: false, acceptSslCerts: false, applicationCacheEnabled: false, browserConnectionEnabled: false, browserName: chrome, chrome: {chromedriverVersion: 2.43.600233 (523efee95e3d68..., userDataDir: /tmp/.org.chromium.Chromium...}, cssSelectorsEnabled: true, databaseEnabled: false, goog:chromeOptions: {debuggerAddress: localhost:38165}, handlesAlerts: true, hasTouchScreen: false, javascriptEnabled: true, locationContextEnabled: true, mobileEmulationEnabled: false, nativeEvents: true, networkConnectionEnabled: false, pageLoadStrategy: normal, platform: LINUX, platformName: LINUX, rotatable: false, setWindowRect: true, takesHeapSnapshot: true, takesScreenshot: true, unexpectedAlertBehaviour: , unhandledPromptBehavior: , version: 73.0.3683.75, webStorageEnabled: true}
Session ID: 8edd061cf5436553965fe5f5fef9c000
*** Element info: {Using=xpath, value=//table/tbody/tr[1]/td[4]/span}
	at org.openqa.selenium.remote.ErrorHandler.createThrowable(ErrorHandler.java:214)
	at org.openqa.selenium.remote.ErrorHandler.throwIfResponseFailed(ErrorHandler.java:166)
	at org.openqa.selenium.remote.http.JsonHttpResponseCodec.reconstructValue(JsonHttpResponseCodec.java:40)
	at org.openqa.selenium.remote.http.AbstractHttpResponseCodec.decode(AbstractHttpResponseCodec.java:80)
	at org.openqa.selenium.remote.http.AbstractHttpResponseCodec.decode(AbstractHttpResponseCodec.java:44)
	at org.openqa.selenium.remote.HttpCommandExecutor.execute(HttpCommandExecutor.java:164)
	at org.openqa.selenium.remote.service.DriverCommandExecutor.execute(DriverCommandExecutor.java:83)
	at org.openqa.selenium.remote.RemoteWebDriver.execute(RemoteWebDriver.java:600)
	at com.kms.katalon.selenium.driver.CChromeDriver.execute(CChromeDriver.java:20)
	at org.openqa.selenium.remote.RemoteWebDriver.findElement(RemoteWebDriver.java:370)
	at org.openqa.selenium.remote.RemoteWebDriver.findElementByXPath(RemoteWebDriver.java:472)
	at org.openqa.selenium.By$ByXPath.findElement(By.java:361)
	at org.openqa.selenium.remote.RemoteWebDriver.findElement(RemoteWebDriver.java:362)
	at org.openqa.selenium.WebDriver$findElement.call(Unknown Source)
	at TC0511.run(TC0511:36)
	at com.kms.katalon.core.main.ScriptEngine.run(ScriptEngine.java:194)
	at com.kms.katalon.core.main.ScriptEngine.runScriptAsRawText(ScriptEngine.java:119)
	at com.kms.katalon.core.main.TestCaseExecutor.runScript(TestCaseExecutor.java:331)
	at com.kms.katalon.core.main.TestCaseExecutor.doExecute(TestCaseExecutor.java:322)
	at com.kms.katalon.core.main.TestCaseExecutor.processExecutionPhase(TestCaseExecutor.java:301)
	at com.kms.katalon.core.main.TestCaseExecutor.accessMainPhase(TestCaseExecutor.java:293)
	at com.kms.katalon.core.main.TestCaseExecutor.execute(TestCaseExecutor.java:227)
	at com.kms.katalon.core.main.TestSuiteExecutor.accessTestCaseMainPhase(TestSuiteExecutor.java:129)
	at com.kms.katalon.core.main.TestSuiteExecutor.accessTestSuiteMainPhase(TestSuiteExecutor.java:112)
	at com.kms.katalon.core.main.TestSuiteExecutor.execute(TestSuiteExecutor.java:81)
	at com.kms.katalon.core.main.TestCaseMain.startTestSuite(TestCaseMain.java:157)
	at com.kms.katalon.core.main.TestCaseMain$startTestSuite$0.call(Unknown Source)
	at TempTestSuite1553670311511.run(TempTestSuite1553670311511.groovy:35)


2019-03-27 12:09:53 - [TEST_STEP][PASSED] - callTestCase(findTestCase("s-sidebar_navigation/individualAccount/Comment capture"), [:], STOP_ON_FAILURE): Call Test Case 'Test Cases/s-sidebar_navigation/individualAccount/Comment capture' successfully

2019-03-27 12:09:53 - [TEST_CASE][PASSED] - Test Cases/s-sidebar_navigation/individualAccount/Comment capture: Test Cases/s-sidebar_navigation/individualAccount/Comment capture

2019-03-27 12:09:53 - [TEST_STEP][PASSED] - callTestCase(findTestCase("s-sidebar_navigation/individualAccount/Login-KiboEngage"), [:], STOP_ON_FAILURE): Call Test Case 'Test Cases/s-sidebar_navigation/individualAccount/Login-KiboEngage' successfully

2019-03-27 12:09:53 - [TEST_CASE][PASSED] - Test Cases/s-sidebar_navigation/individualAccount/Login-KiboEngage: Test Cases/s-sidebar_navigation/individualAccount/Login-KiboEngage

2019-03-27 12:09:53 - [TEST_STEP][PASSED] - openBrowser(""): Browser is opened with url: ''

2019-03-27 12:09:53 - [MESSAGE][WARNING] - A browser is already opened. Closing browser and opening a new one

2019-03-27 12:09:53 - [MESSAGE][INFO] - Starting 'Chrome' driver

2019-03-27 12:09:53 - [MESSAGE][PASSED] - Browser is opened with url: ''

2019-03-27 12:09:53 - [TEST_STEP][PASSED] - maximizeWindow(): Current window maximized

2019-03-27 12:09:53 - [MESSAGE][PASSED] - Current window maximized

2019-03-27 12:09:53 - [TEST_STEP][PASSED] - navigateToUrl("https://kiboengage.cloudkibo.com/"): Navigate to 'https://kiboengage.cloudkibo.com/' successfully

2019-03-27 12:10:10 - [MESSAGE][PASSED] - Navigate to 'https://kiboengage.cloudkibo.com/' successfully

2019-03-27 12:10:10 - [TEST_STEP][PASSED] - navigateToUrl("https://accounts.cloudkibo.com/?continue=https://kiboengage.cloudkibo.com"): Navigate to 'https://accounts.cloudkibo.com/?continue=https://kiboengage.cloudkibo.com' successfully

2019-03-27 12:10:11 - [MESSAGE][PASSED] - Navigate to 'https://accounts.cloudkibo.com/?continue=https://kiboengage.cloudkibo.com' successfully

2019-03-27 12:10:11 - [TEST_STEP][PASSED] - click(findTestObject("Page_KiboPush/a_Login (9) (1)")): Object: 'Object Repository/Page_KiboPush/a_Login (9) (1)' is clicked on

2019-03-27 12:10:13 - [MESSAGE][PASSED] - Object: 'Object Repository/Page_KiboPush/a_Login (9) (1)' is clicked on

2019-03-27 12:10:13 - [TEST_STEP][PASSED] - setText(findTestObject("Page_KiboPush/input_email (10) (1)"), "individual@cloudkibo.com"): Text 'individual@cloudkibo.com' is set on object 'Object Repository/Page_KiboPush/input_email (10) (1)'

2019-03-27 12:10:13 - [MESSAGE][PASSED] - Text 'individual@cloudkibo.com' is set on object 'Object Repository/Page_KiboPush/input_email (10) (1)'

2019-03-27 12:10:13 - [TEST_STEP][PASSED] - setEncryptedText(findTestObject("Page_KiboPush/input_password (9) (1)"), "RigbBhfdqOBGNlJIWM1ClA=="): Text ****** has been set on object 'Object Repository/Page_KiboPush/input_password (9) (1)'

2019-03-27 12:10:13 - [MESSAGE][PASSED] - Text ****** has been set on object 'Object Repository/Page_KiboPush/input_password (9) (1)'

2019-03-27 12:10:13 - [TEST_STEP][PASSED] - click(findTestObject("Page_KiboPush/button_Sign In (10) (1)")): Object: 'Object Repository/Page_KiboPush/button_Sign In (10) (1)' is clicked on

2019-03-27 12:10:13 - [MESSAGE][PASSED] - Object: 'Object Repository/Page_KiboPush/button_Sign In (10) (1)' is clicked on

2019-03-27 12:10:13 - [TEST_STEP][PASSED] - navigateToUrl("https://kiboengage.cloudkibo.com/dashboard"): Navigate to 'https://kiboengage.cloudkibo.com/dashboard' successfully

2019-03-27 12:11:00 - [MESSAGE][PASSED] - Navigate to 'https://kiboengage.cloudkibo.com/dashboard' successfully

2019-03-27 12:11:00 - [TEST_STEP][PASSED] - click(findTestObject("Object Repository/Page_KiboPush  Dashboard/h3_Dashboard (57)")): Object: 'Object Repository/Page_KiboPush  Dashboard/h3_Dashboard (57)' is clicked on

2019-03-27 12:11:00 - [MESSAGE][PASSED] - Object: 'Object Repository/Page_KiboPush  Dashboard/h3_Dashboard (57)' is clicked on

2019-03-27 12:11:00 - [TEST_STEP][PASSED] - delay(3): Delayed 3 second(s)

2019-03-27 12:11:03 - [MESSAGE][PASSED] - Delayed 3 second(s)

2019-03-27 12:11:03 - [MESSAGE][PASSED] - Call Test Case 'Test Cases/s-sidebar_navigation/individualAccount/Login-KiboEngage' successfully

2019-03-27 12:11:03 - [TEST_STEP][PASSED] - click(findTestObject("Page_KiboPush  Dashboard/span_Growth Tools")): Object: 'Object Repository/Page_KiboPush  Dashboard/span_Growth Tools' is clicked on

2019-03-27 12:11:03 - [MESSAGE][PASSED] - Object: 'Object Repository/Page_KiboPush  Dashboard/span_Growth Tools' is clicked on

2019-03-27 12:11:03 - [TEST_STEP][PASSED] - delay(1): Delayed 1 second(s)

2019-03-27 12:11:04 - [MESSAGE][PASSED] - Delayed 1 second(s)

2019-03-27 12:11:04 - [TEST_STEP][PASSED] - click(findTestObject("Page_KiboPush  Dashboard/span_Comment Capture")): Object: 'Object Repository/Page_KiboPush  Dashboard/span_Comment Capture' is clicked on

2019-03-27 12:11:05 - [MESSAGE][PASSED] - Object: 'Object Repository/Page_KiboPush  Dashboard/span_Comment Capture' is clicked on

2019-03-27 12:11:05 - [TEST_STEP][PASSED] - click(findTestObject("Page_KiboPush  Comment Capture/h3_Comment Capture")): Object: 'Object Repository/Page_KiboPush  Comment Capture/h3_Comment Capture' is clicked on

2019-03-27 12:11:05 - [MESSAGE][PASSED] - Object: 'Object Repository/Page_KiboPush  Comment Capture/h3_Comment Capture' is clicked on

2019-03-27 12:11:05 - [MESSAGE][PASSED] - Call Test Case 'Test Cases/s-sidebar_navigation/individualAccount/Comment capture' successfully

2019-03-27 12:11:05 - [TEST_STEP][PASSED] - delay(2): Delayed 2 second(s)

2019-03-27 12:11:07 - [MESSAGE][PASSED] - Delayed 2 second(s)

2019-03-27 12:11:07 - [TEST_STEP][PASSED] - driver = getWebDriver(): null

2019-03-27 12:11:07 - [TEST_STEP][ERROR] - Table1 = driver.findElement(By.xpath("//table/tbody/tr[1]/td[4]/span")): Table1 = driver.findElement(By.xpath("//table/tbody/tr[1]/td[4]/span")) FAILED.
Reason:
org.openqa.selenium.NoSuchElementException: no such element: Unable to locate element: {"method":"xpath","selector":"//table/tbody/tr[1]/td[4]/span"}
  (Session info: chrome=73.0.3683.75)
  (Driver info: chromedriver=2.43.600233 (523efee95e3d68b8719b3a1c83051aa63aa6b10d),platform=Linux 4.18.0-16-generic x86_64) (WARNING: The server did not provide any stacktrace information)
Command duration or timeout: 0 milliseconds
For documentation on this error, please visit: http://seleniumhq.org/exceptions/no_such_element.html
Build info: version: '3.7.1', revision: '8a0099a', time: '2017-11-06T21:07:36.161Z'
System info: host: 'cloudkibo-faizan', ip: '127.0.1.1', os.name: 'Linux', os.arch: 'amd64', os.version: '4.18.0-16-generic', java.version: '1.8.0_191'
Driver info: com.kms.katalon.selenium.driver.CChromeDriver
Capabilities {acceptInsecureCerts: false, acceptSslCerts: false, applicationCacheEnabled: false, browserConnectionEnabled: false, browserName: chrome, chrome: {chromedriverVersion: 2.43.600233 (523efee95e3d68..., userDataDir: /tmp/.org.chromium.Chromium...}, cssSelectorsEnabled: true, databaseEnabled: false, goog:chromeOptions: {debuggerAddress: localhost:38165}, handlesAlerts: true, hasTouchScreen: false, javascriptEnabled: true, locationContextEnabled: true, mobileEmulationEnabled: false, nativeEvents: true, networkConnectionEnabled: false, pageLoadStrategy: normal, platform: LINUX, platformName: LINUX, rotatable: false, setWindowRect: true, takesHeapSnapshot: true, takesScreenshot: true, unexpectedAlertBehaviour: , unhandledPromptBehavior: , version: 73.0.3683.75, webStorageEnabled: true}
Session ID: 8edd061cf5436553965fe5f5fef9c000
*** Element info: {Using=xpath, value=//table/tbody/tr[1]/td[4]/span}
	at org.openqa.selenium.remote.ErrorHandler.createThrowable(ErrorHandler.java:214)
	at org.openqa.selenium.remote.ErrorHandler.throwIfResponseFailed(ErrorHandler.java:166)
	at org.openqa.selenium.remote.http.JsonHttpResponseCodec.reconstructValue(JsonHttpResponseCodec.java:40)
	at org.openqa.selenium.remote.http.AbstractHttpResponseCodec.decode(AbstractHttpResponseCodec.java:80)
	at org.openqa.selenium.remote.http.AbstractHttpResponseCodec.decode(AbstractHttpResponseCodec.java:44)
	at org.openqa.selenium.remote.HttpCommandExecutor.execute(HttpCommandExecutor.java:164)
	at org.openqa.selenium.remote.service.DriverCommandExecutor.execute(DriverCommandExecutor.java:83)
	at org.openqa.selenium.remote.RemoteWebDriver.execute(RemoteWebDriver.java:600)
	at com.kms.katalon.selenium.driver.CChromeDriver.execute(CChromeDriver.java:20)
	at org.openqa.selenium.remote.RemoteWebDriver.findElement(RemoteWebDriver.java:370)
	at org.openqa.selenium.remote.RemoteWebDriver.findElementByXPath(RemoteWebDriver.java:472)
	at org.openqa.selenium.By$ByXPath.findElement(By.java:361)
	at org.openqa.selenium.remote.RemoteWebDriver.findElement(RemoteWebDriver.java:362)
	at org.openqa.selenium.WebDriver$findElement.call(Unknown Source)
	at TC0511.run(TC0511:36)
	at com.kms.katalon.core.main.ScriptEngine.run(ScriptEngine.java:194)
	at com.kms.katalon.core.main.ScriptEngine.runScriptAsRawText(ScriptEngine.java:119)
	at com.kms.katalon.core.main.TestCaseExecutor.runScript(TestCaseExecutor.java:331)
	at com.kms.katalon.core.main.TestCaseExecutor.doExecute(TestCaseExecutor.java:322)
	at com.kms.katalon.core.main.TestCaseExecutor.processExecutionPhase(TestCaseExecutor.java:301)
	at com.kms.katalon.core.main.TestCaseExecutor.accessMainPhase(TestCaseExecutor.java:293)
	at com.kms.katalon.core.main.TestCaseExecutor.execute(TestCaseExecutor.java:227)
	at com.kms.katalon.core.main.TestSuiteExecutor.accessTestCaseMainPhase(TestSuiteExecutor.java:129)
	at com.kms.katalon.core.main.TestSuiteExecutor.accessTestSuiteMainPhase(TestSuiteExecutor.java:112)
	at com.kms.katalon.core.main.TestSuiteExecutor.execute(TestSuiteExecutor.java:81)
	at com.kms.katalon.core.main.TestCaseMain.startTestSuite(TestCaseMain.java:157)
	at com.kms.katalon.core.main.TestCaseMain$startTestSuite$0.call(Unknown Source)
	at TempTestSuite1553670311511.run(TempTestSuite1553670311511.groovy:35)


2019-03-27 12:11:07 - [MESSAGE][ERROR] - Table1 = driver.findElement(By.xpath("//table/tbody/tr[1]/td[4]/span")) FAILED.
Reason:
org.openqa.selenium.NoSuchElementException: no such element: Unable to locate element: {"method":"xpath","selector":"//table/tbody/tr[1]/td[4]/span"}
  (Session info: chrome=73.0.3683.75)
  (Driver info: chromedriver=2.43.600233 (523efee95e3d68b8719b3a1c83051aa63aa6b10d),platform=Linux 4.18.0-16-generic x86_64) (WARNING: The server did not provide any stacktrace information)
Command duration or timeout: 0 milliseconds
For documentation on this error, please visit: http://seleniumhq.org/exceptions/no_such_element.html
Build info: version: '3.7.1', revision: '8a0099a', time: '2017-11-06T21:07:36.161Z'
System info: host: 'cloudkibo-faizan', ip: '127.0.1.1', os.name: 'Linux', os.arch: 'amd64', os.version: '4.18.0-16-generic', java.version: '1.8.0_191'
Driver info: com.kms.katalon.selenium.driver.CChromeDriver
Capabilities {acceptInsecureCerts: false, acceptSslCerts: false, applicationCacheEnabled: false, browserConnectionEnabled: false, browserName: chrome, chrome: {chromedriverVersion: 2.43.600233 (523efee95e3d68..., userDataDir: /tmp/.org.chromium.Chromium...}, cssSelectorsEnabled: true, databaseEnabled: false, goog:chromeOptions: {debuggerAddress: localhost:38165}, handlesAlerts: true, hasTouchScreen: false, javascriptEnabled: true, locationContextEnabled: true, mobileEmulationEnabled: false, nativeEvents: true, networkConnectionEnabled: false, pageLoadStrategy: normal, platform: LINUX, platformName: LINUX, rotatable: false, setWindowRect: true, takesHeapSnapshot: true, takesScreenshot: true, unexpectedAlertBehaviour: , unhandledPromptBehavior: , version: 73.0.3683.75, webStorageEnabled: true}
Session ID: 8edd061cf5436553965fe5f5fef9c000
*** Element info: {Using=xpath, value=//table/tbody/tr[1]/td[4]/span}
	at org.openqa.selenium.remote.ErrorHandler.createThrowable(ErrorHandler.java:214)
	at org.openqa.selenium.remote.ErrorHandler.throwIfResponseFailed(ErrorHandler.java:166)
	at org.openqa.selenium.remote.http.JsonHttpResponseCodec.reconstructValue(JsonHttpResponseCodec.java:40)
	at org.openqa.selenium.remote.http.AbstractHttpResponseCodec.decode(AbstractHttpResponseCodec.java:80)
	at org.openqa.selenium.remote.http.AbstractHttpResponseCodec.decode(AbstractHttpResponseCodec.java:44)
	at org.openqa.selenium.remote.HttpCommandExecutor.execute(HttpCommandExecutor.java:164)
	at org.openqa.selenium.remote.service.DriverCommandExecutor.execute(DriverCommandExecutor.java:83)
	at org.openqa.selenium.remote.RemoteWebDriver.execute(RemoteWebDriver.java:600)
	at com.kms.katalon.selenium.driver.CChromeDriver.execute(CChromeDriver.java:20)
	at org.openqa.selenium.remote.RemoteWebDriver.findElement(RemoteWebDriver.java:370)
	at org.openqa.selenium.remote.RemoteWebDriver.findElementByXPath(RemoteWebDriver.java:472)
	at org.openqa.selenium.By$ByXPath.findElement(By.java:361)
	at org.openqa.selenium.remote.RemoteWebDriver.findElement(RemoteWebDriver.java:362)
	at org.openqa.selenium.WebDriver$findElement.call(Unknown Source)
	at TC0511.run(TC0511:36)
	at com.kms.katalon.core.main.ScriptEngine.run(ScriptEngine.java:194)
	at com.kms.katalon.core.main.ScriptEngine.runScriptAsRawText(ScriptEngine.java:119)
	at com.kms.katalon.core.main.TestCaseExecutor.runScript(TestCaseExecutor.java:331)
	at com.kms.katalon.core.main.TestCaseExecutor.doExecute(TestCaseExecutor.java:322)
	at com.kms.katalon.core.main.TestCaseExecutor.processExecutionPhase(TestCaseExecutor.java:301)
	at com.kms.katalon.core.main.TestCaseExecutor.accessMainPhase(TestCaseExecutor.java:293)
	at com.kms.katalon.core.main.TestCaseExecutor.execute(TestCaseExecutor.java:227)
	at com.kms.katalon.core.main.TestSuiteExecutor.accessTestCaseMainPhase(TestSuiteExecutor.java:129)
	at com.kms.katalon.core.main.TestSuiteExecutor.accessTestSuiteMainPhase(TestSuiteExecutor.java:112)
	at com.kms.katalon.core.main.TestSuiteExecutor.execute(TestSuiteExecutor.java:81)
	at com.kms.katalon.core.main.TestCaseMain.startTestSuite(TestCaseMain.java:157)
	at com.kms.katalon.core.main.TestCaseMain$startTestSuite$0.call(Unknown Source)
	at TempTestSuite1553670311511.run(TempTestSuite1553670311511.groovy:35)]]></system-out>
         <system-err><![CDATA[2019-03-27 12:09:53 - [TEST_CASE][ERROR] - Test Cases/Comment Capture TestCases/TC0511: Test Cases/Comment Capture TestCases/TC0511 FAILED.
Reason:
org.openqa.selenium.NoSuchElementException: no such element: Unable to locate element: {"method":"xpath","selector":"//table/tbody/tr[1]/td[4]/span"}
  (Session info: chrome=73.0.3683.75)
  (Driver info: chromedriver=2.43.600233 (523efee95e3d68b8719b3a1c83051aa63aa6b10d),platform=Linux 4.18.0-16-generic x86_64) (WARNING: The server did not provide any stacktrace information)
Command duration or timeout: 0 milliseconds
For documentation on this error, please visit: http://seleniumhq.org/exceptions/no_such_element.html
Build info: version: '3.7.1', revision: '8a0099a', time: '2017-11-06T21:07:36.161Z'
System info: host: 'cloudkibo-faizan', ip: '127.0.1.1', os.name: 'Linux', os.arch: 'amd64', os.version: '4.18.0-16-generic', java.version: '1.8.0_191'
Driver info: com.kms.katalon.selenium.driver.CChromeDriver
Capabilities {acceptInsecureCerts: false, acceptSslCerts: false, applicationCacheEnabled: false, browserConnectionEnabled: false, browserName: chrome, chrome: {chromedriverVersion: 2.43.600233 (523efee95e3d68..., userDataDir: /tmp/.org.chromium.Chromium...}, cssSelectorsEnabled: true, databaseEnabled: false, goog:chromeOptions: {debuggerAddress: localhost:38165}, handlesAlerts: true, hasTouchScreen: false, javascriptEnabled: true, locationContextEnabled: true, mobileEmulationEnabled: false, nativeEvents: true, networkConnectionEnabled: false, pageLoadStrategy: normal, platform: LINUX, platformName: LINUX, rotatable: false, setWindowRect: true, takesHeapSnapshot: true, takesScreenshot: true, unexpectedAlertBehaviour: , unhandledPromptBehavior: , version: 73.0.3683.75, webStorageEnabled: true}
Session ID: 8edd061cf5436553965fe5f5fef9c000
*** Element info: {Using=xpath, value=//table/tbody/tr[1]/td[4]/span}
	at org.openqa.selenium.remote.ErrorHandler.createThrowable(ErrorHandler.java:214)
	at org.openqa.selenium.remote.ErrorHandler.throwIfResponseFailed(ErrorHandler.java:166)
	at org.openqa.selenium.remote.http.JsonHttpResponseCodec.reconstructValue(JsonHttpResponseCodec.java:40)
	at org.openqa.selenium.remote.http.AbstractHttpResponseCodec.decode(AbstractHttpResponseCodec.java:80)
	at org.openqa.selenium.remote.http.AbstractHttpResponseCodec.decode(AbstractHttpResponseCodec.java:44)
	at org.openqa.selenium.remote.HttpCommandExecutor.execute(HttpCommandExecutor.java:164)
	at org.openqa.selenium.remote.service.DriverCommandExecutor.execute(DriverCommandExecutor.java:83)
	at org.openqa.selenium.remote.RemoteWebDriver.execute(RemoteWebDriver.java:600)
	at com.kms.katalon.selenium.driver.CChromeDriver.execute(CChromeDriver.java:20)
	at org.openqa.selenium.remote.RemoteWebDriver.findElement(RemoteWebDriver.java:370)
	at org.openqa.selenium.remote.RemoteWebDriver.findElementByXPath(RemoteWebDriver.java:472)
	at org.openqa.selenium.By$ByXPath.findElement(By.java:361)
	at org.openqa.selenium.remote.RemoteWebDriver.findElement(RemoteWebDriver.java:362)
	at org.openqa.selenium.WebDriver$findElement.call(Unknown Source)
	at TC0511.run(TC0511:36)
	at com.kms.katalon.core.main.ScriptEngine.run(ScriptEngine.java:194)
	at com.kms.katalon.core.main.ScriptEngine.runScriptAsRawText(ScriptEngine.java:119)
	at com.kms.katalon.core.main.TestCaseExecutor.runScript(TestCaseExecutor.java:331)
	at com.kms.katalon.core.main.TestCaseExecutor.doExecute(TestCaseExecutor.java:322)
	at com.kms.katalon.core.main.TestCaseExecutor.processExecutionPhase(TestCaseExecutor.java:301)
	at com.kms.katalon.core.main.TestCaseExecutor.accessMainPhase(TestCaseExecutor.java:293)
	at com.kms.katalon.core.main.TestCaseExecutor.execute(TestCaseExecutor.java:227)
	at com.kms.katalon.core.main.TestSuiteExecutor.accessTestCaseMainPhase(TestSuiteExecutor.java:129)
	at com.kms.katalon.core.main.TestSuiteExecutor.accessTestSuiteMainPhase(TestSuiteExecutor.java:112)
	at com.kms.katalon.core.main.TestSuiteExecutor.execute(TestSuiteExecutor.java:81)
	at com.kms.katalon.core.main.TestCaseMain.startTestSuite(TestCaseMain.java:157)
	at com.kms.katalon.core.main.TestCaseMain$startTestSuite$0.call(Unknown Source)
	at TempTestSuite1553670311511.run(TempTestSuite1553670311511.groovy:35)]]></system-err>
      </testcase>
      <testcase name="Test Cases/Comment Capture TestCases/TC0512" classname="Test Cases/Comment Capture TestCases/TC0512" status="FAILED">
         <failure type="FAILED" message="Test Cases/Comment Capture TestCases/TC0512 FAILED.
Reason:
com.kms.katalon.core.exception.StepFailedException: Unable to click on object 'Object Repository/Page_KiboPush  Comment Capture/button_Delete'
	at com.kms.katalon.core.webui.keyword.internal.WebUIKeywordMain.stepFailed(WebUIKeywordMain.groovy:64)
	at com.kms.katalon.core.webui.keyword.internal.WebUIKeywordMain.runKeyword(WebUIKeywordMain.groovy:26)
	at com.kms.katalon.core.webui.keyword.builtin.ClickKeyword.click(ClickKeyword.groovy:86)
	at com.kms.katalon.core.webui.keyword.builtin.ClickKeyword.execute(ClickKeyword.groovy:67)
	at com.kms.katalon.core.keyword.internal.KeywordExecutor.executeKeywordForPlatform(KeywordExecutor.groovy:56)
	at com.kms.katalon.core.webui.keyword.WebUiBuiltInKeywords.click(WebUiBuiltInKeywords.groovy:616)
	at com.kms.katalon.core.webui.keyword.WebUiBuiltInKeywords$click$2.call(Unknown Source)
	at TC0512.run(TC0512:24)
	at com.kms.katalon.core.main.ScriptEngine.run(ScriptEngine.java:194)
	at com.kms.katalon.core.main.ScriptEngine.runScriptAsRawText(ScriptEngine.java:119)
	at com.kms.katalon.core.main.TestCaseExecutor.runScript(TestCaseExecutor.java:331)
	at com.kms.katalon.core.main.TestCaseExecutor.doExecute(TestCaseExecutor.java:322)
	at com.kms.katalon.core.main.TestCaseExecutor.processExecutionPhase(TestCaseExecutor.java:301)
	at com.kms.katalon.core.main.TestCaseExecutor.accessMainPhase(TestCaseExecutor.java:293)
	at com.kms.katalon.core.main.TestCaseExecutor.execute(TestCaseExecutor.java:227)
	at com.kms.katalon.core.main.TestSuiteExecutor.accessTestCaseMainPhase(TestSuiteExecutor.java:129)
	at com.kms.katalon.core.main.TestSuiteExecutor.accessTestSuiteMainPhase(TestSuiteExecutor.java:112)
	at com.kms.katalon.core.main.TestSuiteExecutor.execute(TestSuiteExecutor.java:81)
	at com.kms.katalon.core.main.TestCaseMain.startTestSuite(TestCaseMain.java:157)
	at com.kms.katalon.core.main.TestCaseMain$startTestSuite$0.call(Unknown Source)
	at TempTestSuite1553670311511.run(TempTestSuite1553670311511.groovy:35)
Caused by: com.kms.katalon.core.webui.exception.WebElementNotFoundException: Web element with id: 'Object Repository/Page_KiboPush  Comment Capture/button_Delete' located by 'By.xpath: //button[(text() = 'Delete' or . = 'Delete')]' not found
	at com.kms.katalon.core.webui.common.WebUiCommonHelper.findWebElement(WebUiCommonHelper.java:1053)
	at com.kms.katalon.core.webui.keyword.internal.WebUIAbstractKeyword.findWebElement(WebUIAbstractKeyword.groovy:27)
	at com.kms.katalon.core.webui.keyword.internal.WebUIAbstractKeyword.findWebElement(WebUIAbstractKeyword.groovy:26)
	at com.kms.katalon.core.webui.keyword.builtin.ClickKeyword$_click_closure1.doCall(ClickKeyword.groovy:77)
	at com.kms.katalon.core.webui.keyword.builtin.ClickKeyword$_click_closure1.call(ClickKeyword.groovy)
	at com.kms.katalon.core.webui.keyword.internal.WebUIKeywordMain.runKeyword(WebUIKeywordMain.groovy:20)
	at com.kms.katalon.core.webui.keyword.builtin.ClickKeyword.click(ClickKeyword.groovy:86)
	at com.kms.katalon.core.webui.keyword.builtin.ClickKeyword.execute(ClickKeyword.groovy:67)
	at com.kms.katalon.core.keyword.internal.KeywordExecutor.executeKeywordForPlatform(KeywordExecutor.groovy:56)
	at com.kms.katalon.core.webui.keyword.WebUiBuiltInKeywords.click(WebUiBuiltInKeywords.groovy:616)
	at com.kms.katalon.core.webui.keyword.WebUiBuiltInKeywords$click$2.call(Unknown Source)
	at Script1535533901916.run(Script1535533901916.groovy:24)
	... 13 more
"/>
         <system-out><![CDATA[2019-03-27 12:11:07 - [TEST_CASE][FAILED] - Test Cases/Comment Capture TestCases/TC0512: Test Cases/Comment Capture TestCases/TC0512 FAILED.
Reason:
com.kms.katalon.core.exception.StepFailedException: Unable to click on object 'Object Repository/Page_KiboPush  Comment Capture/button_Delete'
	at com.kms.katalon.core.webui.keyword.internal.WebUIKeywordMain.stepFailed(WebUIKeywordMain.groovy:64)
	at com.kms.katalon.core.webui.keyword.internal.WebUIKeywordMain.runKeyword(WebUIKeywordMain.groovy:26)
	at com.kms.katalon.core.webui.keyword.builtin.ClickKeyword.click(ClickKeyword.groovy:86)
	at com.kms.katalon.core.webui.keyword.builtin.ClickKeyword.execute(ClickKeyword.groovy:67)
	at com.kms.katalon.core.keyword.internal.KeywordExecutor.executeKeywordForPlatform(KeywordExecutor.groovy:56)
	at com.kms.katalon.core.webui.keyword.WebUiBuiltInKeywords.click(WebUiBuiltInKeywords.groovy:616)
	at com.kms.katalon.core.webui.keyword.WebUiBuiltInKeywords$click$2.call(Unknown Source)
	at TC0512.run(TC0512:24)
	at com.kms.katalon.core.main.ScriptEngine.run(ScriptEngine.java:194)
	at com.kms.katalon.core.main.ScriptEngine.runScriptAsRawText(ScriptEngine.java:119)
	at com.kms.katalon.core.main.TestCaseExecutor.runScript(TestCaseExecutor.java:331)
	at com.kms.katalon.core.main.TestCaseExecutor.doExecute(TestCaseExecutor.java:322)
	at com.kms.katalon.core.main.TestCaseExecutor.processExecutionPhase(TestCaseExecutor.java:301)
	at com.kms.katalon.core.main.TestCaseExecutor.accessMainPhase(TestCaseExecutor.java:293)
	at com.kms.katalon.core.main.TestCaseExecutor.execute(TestCaseExecutor.java:227)
	at com.kms.katalon.core.main.TestSuiteExecutor.accessTestCaseMainPhase(TestSuiteExecutor.java:129)
	at com.kms.katalon.core.main.TestSuiteExecutor.accessTestSuiteMainPhase(TestSuiteExecutor.java:112)
	at com.kms.katalon.core.main.TestSuiteExecutor.execute(TestSuiteExecutor.java:81)
	at com.kms.katalon.core.main.TestCaseMain.startTestSuite(TestCaseMain.java:157)
	at com.kms.katalon.core.main.TestCaseMain$startTestSuite$0.call(Unknown Source)
	at TempTestSuite1553670311511.run(TempTestSuite1553670311511.groovy:35)
Caused by: com.kms.katalon.core.webui.exception.WebElementNotFoundException: Web element with id: 'Object Repository/Page_KiboPush  Comment Capture/button_Delete' located by 'By.xpath: //button[(text() = 'Delete' or . = 'Delete')]' not found
	at com.kms.katalon.core.webui.common.WebUiCommonHelper.findWebElement(WebUiCommonHelper.java:1053)
	at com.kms.katalon.core.webui.keyword.internal.WebUIAbstractKeyword.findWebElement(WebUIAbstractKeyword.groovy:27)
	at com.kms.katalon.core.webui.keyword.internal.WebUIAbstractKeyword.findWebElement(WebUIAbstractKeyword.groovy:26)
	at com.kms.katalon.core.webui.keyword.builtin.ClickKeyword$_click_closure1.doCall(ClickKeyword.groovy:77)
	at com.kms.katalon.core.webui.keyword.builtin.ClickKeyword$_click_closure1.call(ClickKeyword.groovy)
	at com.kms.katalon.core.webui.keyword.internal.WebUIKeywordMain.runKeyword(WebUIKeywordMain.groovy:20)
	at com.kms.katalon.core.webui.keyword.builtin.ClickKeyword.click(ClickKeyword.groovy:86)
	at com.kms.katalon.core.webui.keyword.builtin.ClickKeyword.execute(ClickKeyword.groovy:67)
	at com.kms.katalon.core.keyword.internal.KeywordExecutor.executeKeywordForPlatform(KeywordExecutor.groovy:56)
	at com.kms.katalon.core.webui.keyword.WebUiBuiltInKeywords.click(WebUiBuiltInKeywords.groovy:616)
	at com.kms.katalon.core.webui.keyword.WebUiBuiltInKeywords$click$2.call(Unknown Source)
	at Script1535533901916.run(Script1535533901916.groovy:24)
	... 13 more


2019-03-27 12:11:07 - [TEST_STEP][PASSED] - callTestCase(findTestCase("s-sidebar_navigation/individualAccount/Comment capture"), [:], STOP_ON_FAILURE): Call Test Case 'Test Cases/s-sidebar_navigation/individualAccount/Comment capture' successfully

2019-03-27 12:11:07 - [TEST_CASE][PASSED] - Test Cases/s-sidebar_navigation/individualAccount/Comment capture: Test Cases/s-sidebar_navigation/individualAccount/Comment capture

2019-03-27 12:11:07 - [TEST_STEP][PASSED] - callTestCase(findTestCase("s-sidebar_navigation/individualAccount/Login-KiboEngage"), [:], STOP_ON_FAILURE): Call Test Case 'Test Cases/s-sidebar_navigation/individualAccount/Login-KiboEngage' successfully

2019-03-27 12:11:07 - [TEST_CASE][PASSED] - Test Cases/s-sidebar_navigation/individualAccount/Login-KiboEngage: Test Cases/s-sidebar_navigation/individualAccount/Login-KiboEngage

2019-03-27 12:11:07 - [TEST_STEP][PASSED] - openBrowser(""): Browser is opened with url: ''

2019-03-27 12:11:07 - [MESSAGE][WARNING] - A browser is already opened. Closing browser and opening a new one

2019-03-27 12:11:07 - [MESSAGE][INFO] - Starting 'Chrome' driver

2019-03-27 12:11:07 - [MESSAGE][PASSED] - Browser is opened with url: ''

2019-03-27 12:11:07 - [TEST_STEP][PASSED] - maximizeWindow(): Current window maximized

2019-03-27 12:11:08 - [MESSAGE][PASSED] - Current window maximized

2019-03-27 12:11:08 - [TEST_STEP][PASSED] - navigateToUrl("https://kiboengage.cloudkibo.com/"): Navigate to 'https://kiboengage.cloudkibo.com/' successfully

2019-03-27 12:11:22 - [MESSAGE][PASSED] - Navigate to 'https://kiboengage.cloudkibo.com/' successfully

2019-03-27 12:11:22 - [TEST_STEP][PASSED] - navigateToUrl("https://accounts.cloudkibo.com/?continue=https://kiboengage.cloudkibo.com"): Navigate to 'https://accounts.cloudkibo.com/?continue=https://kiboengage.cloudkibo.com' successfully

2019-03-27 12:11:22 - [MESSAGE][PASSED] - Navigate to 'https://accounts.cloudkibo.com/?continue=https://kiboengage.cloudkibo.com' successfully

2019-03-27 12:11:22 - [TEST_STEP][PASSED] - click(findTestObject("Page_KiboPush/a_Login (9) (1)")): Object: 'Object Repository/Page_KiboPush/a_Login (9) (1)' is clicked on

2019-03-27 12:11:23 - [MESSAGE][PASSED] - Object: 'Object Repository/Page_KiboPush/a_Login (9) (1)' is clicked on

2019-03-27 12:11:23 - [TEST_STEP][PASSED] - setText(findTestObject("Page_KiboPush/input_email (10) (1)"), "individual@cloudkibo.com"): Text 'individual@cloudkibo.com' is set on object 'Object Repository/Page_KiboPush/input_email (10) (1)'

2019-03-27 12:11:23 - [MESSAGE][PASSED] - Text 'individual@cloudkibo.com' is set on object 'Object Repository/Page_KiboPush/input_email (10) (1)'

2019-03-27 12:11:23 - [TEST_STEP][PASSED] - setEncryptedText(findTestObject("Page_KiboPush/input_password (9) (1)"), "RigbBhfdqOBGNlJIWM1ClA=="): Text ****** has been set on object 'Object Repository/Page_KiboPush/input_password (9) (1)'

2019-03-27 12:11:23 - [MESSAGE][PASSED] - Text ****** has been set on object 'Object Repository/Page_KiboPush/input_password (9) (1)'

2019-03-27 12:11:23 - [TEST_STEP][PASSED] - click(findTestObject("Page_KiboPush/button_Sign In (10) (1)")): Object: 'Object Repository/Page_KiboPush/button_Sign In (10) (1)' is clicked on

2019-03-27 12:11:24 - [MESSAGE][PASSED] - Object: 'Object Repository/Page_KiboPush/button_Sign In (10) (1)' is clicked on

2019-03-27 12:11:24 - [TEST_STEP][PASSED] - navigateToUrl("https://kiboengage.cloudkibo.com/dashboard"): Navigate to 'https://kiboengage.cloudkibo.com/dashboard' successfully

2019-03-27 12:11:46 - [MESSAGE][PASSED] - Navigate to 'https://kiboengage.cloudkibo.com/dashboard' successfully

2019-03-27 12:11:46 - [TEST_STEP][PASSED] - click(findTestObject("Object Repository/Page_KiboPush  Dashboard/h3_Dashboard (57)")): Object: 'Object Repository/Page_KiboPush  Dashboard/h3_Dashboard (57)' is clicked on

2019-03-27 12:11:46 - [MESSAGE][PASSED] - Object: 'Object Repository/Page_KiboPush  Dashboard/h3_Dashboard (57)' is clicked on

2019-03-27 12:11:46 - [TEST_STEP][PASSED] - delay(3): Delayed 3 second(s)

2019-03-27 12:11:49 - [MESSAGE][PASSED] - Delayed 3 second(s)

2019-03-27 12:11:49 - [MESSAGE][PASSED] - Call Test Case 'Test Cases/s-sidebar_navigation/individualAccount/Login-KiboEngage' successfully

2019-03-27 12:11:49 - [TEST_STEP][PASSED] - click(findTestObject("Page_KiboPush  Dashboard/span_Growth Tools")): Object: 'Object Repository/Page_KiboPush  Dashboard/span_Growth Tools' is clicked on

2019-03-27 12:11:49 - [MESSAGE][PASSED] - Object: 'Object Repository/Page_KiboPush  Dashboard/span_Growth Tools' is clicked on

2019-03-27 12:11:49 - [TEST_STEP][PASSED] - delay(1): Delayed 1 second(s)

2019-03-27 12:11:50 - [MESSAGE][PASSED] - Delayed 1 second(s)

2019-03-27 12:11:50 - [TEST_STEP][PASSED] - click(findTestObject("Page_KiboPush  Dashboard/span_Comment Capture")): Object: 'Object Repository/Page_KiboPush  Dashboard/span_Comment Capture' is clicked on

2019-03-27 12:11:50 - [MESSAGE][PASSED] - Object: 'Object Repository/Page_KiboPush  Dashboard/span_Comment Capture' is clicked on

2019-03-27 12:11:50 - [TEST_STEP][PASSED] - click(findTestObject("Page_KiboPush  Comment Capture/h3_Comment Capture")): Object: 'Object Repository/Page_KiboPush  Comment Capture/h3_Comment Capture' is clicked on

2019-03-27 12:11:50 - [MESSAGE][PASSED] - Object: 'Object Repository/Page_KiboPush  Comment Capture/h3_Comment Capture' is clicked on

2019-03-27 12:11:50 - [MESSAGE][PASSED] - Call Test Case 'Test Cases/s-sidebar_navigation/individualAccount/Comment capture' successfully

2019-03-27 12:11:50 - [TEST_STEP][FAILED] - click(findTestObject("Object Repository/Page_KiboPush  Comment Capture/button_Delete")): click(findTestObject("Object Repository/Page_KiboPush  Comment Capture/button_Delete")) FAILED.
Reason:
com.kms.katalon.core.exception.StepFailedException: Unable to click on object 'Object Repository/Page_KiboPush  Comment Capture/button_Delete'
	at com.kms.katalon.core.webui.keyword.internal.WebUIKeywordMain.stepFailed(WebUIKeywordMain.groovy:64)
	at com.kms.katalon.core.webui.keyword.internal.WebUIKeywordMain.runKeyword(WebUIKeywordMain.groovy:26)
	at com.kms.katalon.core.webui.keyword.builtin.ClickKeyword.click(ClickKeyword.groovy:86)
	at com.kms.katalon.core.webui.keyword.builtin.ClickKeyword.execute(ClickKeyword.groovy:67)
	at com.kms.katalon.core.keyword.internal.KeywordExecutor.executeKeywordForPlatform(KeywordExecutor.groovy:56)
	at com.kms.katalon.core.webui.keyword.WebUiBuiltInKeywords.click(WebUiBuiltInKeywords.groovy:616)
	at com.kms.katalon.core.webui.keyword.WebUiBuiltInKeywords$click$2.call(Unknown Source)
	at TC0512.run(TC0512:24)
	at com.kms.katalon.core.main.ScriptEngine.run(ScriptEngine.java:194)
	at com.kms.katalon.core.main.ScriptEngine.runScriptAsRawText(ScriptEngine.java:119)
	at com.kms.katalon.core.main.TestCaseExecutor.runScript(TestCaseExecutor.java:331)
	at com.kms.katalon.core.main.TestCaseExecutor.doExecute(TestCaseExecutor.java:322)
	at com.kms.katalon.core.main.TestCaseExecutor.processExecutionPhase(TestCaseExecutor.java:301)
	at com.kms.katalon.core.main.TestCaseExecutor.accessMainPhase(TestCaseExecutor.java:293)
	at com.kms.katalon.core.main.TestCaseExecutor.execute(TestCaseExecutor.java:227)
	at com.kms.katalon.core.main.TestSuiteExecutor.accessTestCaseMainPhase(TestSuiteExecutor.java:129)
	at com.kms.katalon.core.main.TestSuiteExecutor.accessTestSuiteMainPhase(TestSuiteExecutor.java:112)
	at com.kms.katalon.core.main.TestSuiteExecutor.execute(TestSuiteExecutor.java:81)
	at com.kms.katalon.core.main.TestCaseMain.startTestSuite(TestCaseMain.java:157)
	at com.kms.katalon.core.main.TestCaseMain$startTestSuite$0.call(Unknown Source)
	at TempTestSuite1553670311511.run(TempTestSuite1553670311511.groovy:35)
Caused by: com.kms.katalon.core.webui.exception.WebElementNotFoundException: Web element with id: 'Object Repository/Page_KiboPush  Comment Capture/button_Delete' located by 'By.xpath: //button[(text() = 'Delete' or . = 'Delete')]' not found
	at com.kms.katalon.core.webui.common.WebUiCommonHelper.findWebElement(WebUiCommonHelper.java:1053)
	at com.kms.katalon.core.webui.keyword.internal.WebUIAbstractKeyword.findWebElement(WebUIAbstractKeyword.groovy:27)
	at com.kms.katalon.core.webui.keyword.internal.WebUIAbstractKeyword.findWebElement(WebUIAbstractKeyword.groovy:26)
	at com.kms.katalon.core.webui.keyword.builtin.ClickKeyword$_click_closure1.doCall(ClickKeyword.groovy:77)
	at com.kms.katalon.core.webui.keyword.builtin.ClickKeyword$_click_closure1.call(ClickKeyword.groovy)
	at com.kms.katalon.core.webui.keyword.internal.WebUIKeywordMain.runKeyword(WebUIKeywordMain.groovy:20)
	at com.kms.katalon.core.webui.keyword.builtin.ClickKeyword.click(ClickKeyword.groovy:86)
	at com.kms.katalon.core.webui.keyword.builtin.ClickKeyword.execute(ClickKeyword.groovy:67)
	at com.kms.katalon.core.keyword.internal.KeywordExecutor.executeKeywordForPlatform(KeywordExecutor.groovy:56)
	at com.kms.katalon.core.webui.keyword.WebUiBuiltInKeywords.click(WebUiBuiltInKeywords.groovy:616)
	at com.kms.katalon.core.webui.keyword.WebUiBuiltInKeywords$click$2.call(Unknown Source)
	at Script1535533901916.run(Script1535533901916.groovy:24)
	... 13 more


2019-03-27 12:12:21 - [MESSAGE][INFO] - Unable to find the element located by 'By.xpath: //button[(text() = 'Delete' or . = 'Delete')]'. Please recheck the objects properties to make sure the desired element is located. 

2019-03-27 12:12:21 - [MESSAGE][FAILED] - Unable to click on object 'Object Repository/Page_KiboPush  Comment Capture/button_Delete' (Root cause: com.kms.katalon.core.exception.StepFailedException: Unable to click on object 'Object Repository/Page_KiboPush  Comment Capture/button_Delete'
	at com.kms.katalon.core.webui.keyword.internal.WebUIKeywordMain.stepFailed(WebUIKeywordMain.groovy:64)
	at com.kms.katalon.core.webui.keyword.internal.WebUIKeywordMain.runKeyword(WebUIKeywordMain.groovy:26)
	at com.kms.katalon.core.webui.keyword.builtin.ClickKeyword.click(ClickKeyword.groovy:86)
	at com.kms.katalon.core.webui.keyword.builtin.ClickKeyword.execute(ClickKeyword.groovy:67)
	at com.kms.katalon.core.keyword.internal.KeywordExecutor.executeKeywordForPlatform(KeywordExecutor.groovy:56)
	at com.kms.katalon.core.webui.keyword.WebUiBuiltInKeywords.click(WebUiBuiltInKeywords.groovy:616)
	at com.kms.katalon.core.webui.keyword.WebUiBuiltInKeywords$click$2.call(Unknown Source)
	at TC0512.run(TC0512:24)
	at com.kms.katalon.core.main.ScriptEngine.run(ScriptEngine.java:194)
	at com.kms.katalon.core.main.ScriptEngine.runScriptAsRawText(ScriptEngine.java:119)
	at com.kms.katalon.core.main.TestCaseExecutor.runScript(TestCaseExecutor.java:331)
	at com.kms.katalon.core.main.TestCaseExecutor.doExecute(TestCaseExecutor.java:322)
	at com.kms.katalon.core.main.TestCaseExecutor.processExecutionPhase(TestCaseExecutor.java:301)
	at com.kms.katalon.core.main.TestCaseExecutor.accessMainPhase(TestCaseExecutor.java:293)
	at com.kms.katalon.core.main.TestCaseExecutor.execute(TestCaseExecutor.java:227)
	at com.kms.katalon.core.main.TestSuiteExecutor.accessTestCaseMainPhase(TestSuiteExecutor.java:129)
	at com.kms.katalon.core.main.TestSuiteExecutor.accessTestSuiteMainPhase(TestSuiteExecutor.java:112)
	at com.kms.katalon.core.main.TestSuiteExecutor.execute(TestSuiteExecutor.java:81)
	at com.kms.katalon.core.main.TestCaseMain.startTestSuite(TestCaseMain.java:157)
	at com.kms.katalon.core.main.TestCaseMain$startTestSuite$0.call(Unknown Source)
	at TempTestSuite1553670311511.run(TempTestSuite1553670311511.groovy:35)
Caused by: com.kms.katalon.core.webui.exception.WebElementNotFoundException: Web element with id: 'Object Repository/Page_KiboPush  Comment Capture/button_Delete' located by 'By.xpath: //button[(text() = 'Delete' or . = 'Delete')]' not found
	at com.kms.katalon.core.webui.common.WebUiCommonHelper.findWebElement(WebUiCommonHelper.java:1053)
	at com.kms.katalon.core.webui.keyword.internal.WebUIAbstractKeyword.findWebElement(WebUIAbstractKeyword.groovy:27)
	at com.kms.katalon.core.webui.keyword.internal.WebUIAbstractKeyword.findWebElement(WebUIAbstractKeyword.groovy:26)
	at com.kms.katalon.core.webui.keyword.builtin.ClickKeyword$_click_closure1.doCall(ClickKeyword.groovy:77)
	at com.kms.katalon.core.webui.keyword.builtin.ClickKeyword$_click_closure1.call(ClickKeyword.groovy)
	at com.kms.katalon.core.webui.keyword.internal.WebUIKeywordMain.runKeyword(WebUIKeywordMain.groovy:20)
	at com.kms.katalon.core.webui.keyword.builtin.ClickKeyword.click(ClickKeyword.groovy:86)
	at com.kms.katalon.core.webui.keyword.builtin.ClickKeyword.execute(ClickKeyword.groovy:67)
	at com.kms.katalon.core.keyword.internal.KeywordExecutor.executeKeywordForPlatform(KeywordExecutor.groovy:56)
	at com.kms.katalon.core.webui.keyword.WebUiBuiltInKeywords.click(WebUiBuiltInKeywords.groovy:616)
	at com.kms.katalon.core.webui.keyword.WebUiBuiltInKeywords$click$2.call(Unknown Source)
	at Script1535533901916.run(Script1535533901916.groovy:24)
	... 13 more
)
[[ATTACHMENT|/home/cloudkibo-faizan/Drive/Katalon/production/KiboPush/Reports/capture/20190327_120511/1553670741736.png]]

2019-03-27 12:12:21 - [MESSAGE][FAILED] - click(findTestObject("Object Repository/Page_KiboPush  Comment Capture/button_Delete")) FAILED.
Reason:
com.kms.katalon.core.exception.StepFailedException: Unable to click on object 'Object Repository/Page_KiboPush  Comment Capture/button_Delete'
	at com.kms.katalon.core.webui.keyword.internal.WebUIKeywordMain.stepFailed(WebUIKeywordMain.groovy:64)
	at com.kms.katalon.core.webui.keyword.internal.WebUIKeywordMain.runKeyword(WebUIKeywordMain.groovy:26)
	at com.kms.katalon.core.webui.keyword.builtin.ClickKeyword.click(ClickKeyword.groovy:86)
	at com.kms.katalon.core.webui.keyword.builtin.ClickKeyword.execute(ClickKeyword.groovy:67)
	at com.kms.katalon.core.keyword.internal.KeywordExecutor.executeKeywordForPlatform(KeywordExecutor.groovy:56)
	at com.kms.katalon.core.webui.keyword.WebUiBuiltInKeywords.click(WebUiBuiltInKeywords.groovy:616)
	at com.kms.katalon.core.webui.keyword.WebUiBuiltInKeywords$click$2.call(Unknown Source)
	at TC0512.run(TC0512:24)
	at com.kms.katalon.core.main.ScriptEngine.run(ScriptEngine.java:194)
	at com.kms.katalon.core.main.ScriptEngine.runScriptAsRawText(ScriptEngine.java:119)
	at com.kms.katalon.core.main.TestCaseExecutor.runScript(TestCaseExecutor.java:331)
	at com.kms.katalon.core.main.TestCaseExecutor.doExecute(TestCaseExecutor.java:322)
	at com.kms.katalon.core.main.TestCaseExecutor.processExecutionPhase(TestCaseExecutor.java:301)
	at com.kms.katalon.core.main.TestCaseExecutor.accessMainPhase(TestCaseExecutor.java:293)
	at com.kms.katalon.core.main.TestCaseExecutor.execute(TestCaseExecutor.java:227)
	at com.kms.katalon.core.main.TestSuiteExecutor.accessTestCaseMainPhase(TestSuiteExecutor.java:129)
	at com.kms.katalon.core.main.TestSuiteExecutor.accessTestSuiteMainPhase(TestSuiteExecutor.java:112)
	at com.kms.katalon.core.main.TestSuiteExecutor.execute(TestSuiteExecutor.java:81)
	at com.kms.katalon.core.main.TestCaseMain.startTestSuite(TestCaseMain.java:157)
	at com.kms.katalon.core.main.TestCaseMain$startTestSuite$0.call(Unknown Source)
	at TempTestSuite1553670311511.run(TempTestSuite1553670311511.groovy:35)
Caused by: com.kms.katalon.core.webui.exception.WebElementNotFoundException: Web element with id: 'Object Repository/Page_KiboPush  Comment Capture/button_Delete' located by 'By.xpath: //button[(text() = 'Delete' or . = 'Delete')]' not found
	at com.kms.katalon.core.webui.common.WebUiCommonHelper.findWebElement(WebUiCommonHelper.java:1053)
	at com.kms.katalon.core.webui.keyword.internal.WebUIAbstractKeyword.findWebElement(WebUIAbstractKeyword.groovy:27)
	at com.kms.katalon.core.webui.keyword.internal.WebUIAbstractKeyword.findWebElement(WebUIAbstractKeyword.groovy:26)
	at com.kms.katalon.core.webui.keyword.builtin.ClickKeyword$_click_closure1.doCall(ClickKeyword.groovy:77)
	at com.kms.katalon.core.webui.keyword.builtin.ClickKeyword$_click_closure1.call(ClickKeyword.groovy)
	at com.kms.katalon.core.webui.keyword.internal.WebUIKeywordMain.runKeyword(WebUIKeywordMain.groovy:20)
	at com.kms.katalon.core.webui.keyword.builtin.ClickKeyword.click(ClickKeyword.groovy:86)
	at com.kms.katalon.core.webui.keyword.builtin.ClickKeyword.execute(ClickKeyword.groovy:67)
	at com.kms.katalon.core.keyword.internal.KeywordExecutor.executeKeywordForPlatform(KeywordExecutor.groovy:56)
	at com.kms.katalon.core.webui.keyword.WebUiBuiltInKeywords.click(WebUiBuiltInKeywords.groovy:616)
	at com.kms.katalon.core.webui.keyword.WebUiBuiltInKeywords$click$2.call(Unknown Source)
	at Script1535533901916.run(Script1535533901916.groovy:24)
	... 13 more]]></system-out>
         <system-err><![CDATA[2019-03-27 12:11:07 - [TEST_CASE][FAILED] - Test Cases/Comment Capture TestCases/TC0512: Test Cases/Comment Capture TestCases/TC0512 FAILED.
Reason:
com.kms.katalon.core.exception.StepFailedException: Unable to click on object 'Object Repository/Page_KiboPush  Comment Capture/button_Delete'
	at com.kms.katalon.core.webui.keyword.internal.WebUIKeywordMain.stepFailed(WebUIKeywordMain.groovy:64)
	at com.kms.katalon.core.webui.keyword.internal.WebUIKeywordMain.runKeyword(WebUIKeywordMain.groovy:26)
	at com.kms.katalon.core.webui.keyword.builtin.ClickKeyword.click(ClickKeyword.groovy:86)
	at com.kms.katalon.core.webui.keyword.builtin.ClickKeyword.execute(ClickKeyword.groovy:67)
	at com.kms.katalon.core.keyword.internal.KeywordExecutor.executeKeywordForPlatform(KeywordExecutor.groovy:56)
	at com.kms.katalon.core.webui.keyword.WebUiBuiltInKeywords.click(WebUiBuiltInKeywords.groovy:616)
	at com.kms.katalon.core.webui.keyword.WebUiBuiltInKeywords$click$2.call(Unknown Source)
	at TC0512.run(TC0512:24)
	at com.kms.katalon.core.main.ScriptEngine.run(ScriptEngine.java:194)
	at com.kms.katalon.core.main.ScriptEngine.runScriptAsRawText(ScriptEngine.java:119)
	at com.kms.katalon.core.main.TestCaseExecutor.runScript(TestCaseExecutor.java:331)
	at com.kms.katalon.core.main.TestCaseExecutor.doExecute(TestCaseExecutor.java:322)
	at com.kms.katalon.core.main.TestCaseExecutor.processExecutionPhase(TestCaseExecutor.java:301)
	at com.kms.katalon.core.main.TestCaseExecutor.accessMainPhase(TestCaseExecutor.java:293)
	at com.kms.katalon.core.main.TestCaseExecutor.execute(TestCaseExecutor.java:227)
	at com.kms.katalon.core.main.TestSuiteExecutor.accessTestCaseMainPhase(TestSuiteExecutor.java:129)
	at com.kms.katalon.core.main.TestSuiteExecutor.accessTestSuiteMainPhase(TestSuiteExecutor.java:112)
	at com.kms.katalon.core.main.TestSuiteExecutor.execute(TestSuiteExecutor.java:81)
	at com.kms.katalon.core.main.TestCaseMain.startTestSuite(TestCaseMain.java:157)
	at com.kms.katalon.core.main.TestCaseMain$startTestSuite$0.call(Unknown Source)
	at TempTestSuite1553670311511.run(TempTestSuite1553670311511.groovy:35)
Caused by: com.kms.katalon.core.webui.exception.WebElementNotFoundException: Web element with id: 'Object Repository/Page_KiboPush  Comment Capture/button_Delete' located by 'By.xpath: //button[(text() = 'Delete' or . = 'Delete')]' not found
	at com.kms.katalon.core.webui.common.WebUiCommonHelper.findWebElement(WebUiCommonHelper.java:1053)
	at com.kms.katalon.core.webui.keyword.internal.WebUIAbstractKeyword.findWebElement(WebUIAbstractKeyword.groovy:27)
	at com.kms.katalon.core.webui.keyword.internal.WebUIAbstractKeyword.findWebElement(WebUIAbstractKeyword.groovy:26)
	at com.kms.katalon.core.webui.keyword.builtin.ClickKeyword$_click_closure1.doCall(ClickKeyword.groovy:77)
	at com.kms.katalon.core.webui.keyword.builtin.ClickKeyword$_click_closure1.call(ClickKeyword.groovy)
	at com.kms.katalon.core.webui.keyword.internal.WebUIKeywordMain.runKeyword(WebUIKeywordMain.groovy:20)
	at com.kms.katalon.core.webui.keyword.builtin.ClickKeyword.click(ClickKeyword.groovy:86)
	at com.kms.katalon.core.webui.keyword.builtin.ClickKeyword.execute(ClickKeyword.groovy:67)
	at com.kms.katalon.core.keyword.internal.KeywordExecutor.executeKeywordForPlatform(KeywordExecutor.groovy:56)
	at com.kms.katalon.core.webui.keyword.WebUiBuiltInKeywords.click(WebUiBuiltInKeywords.groovy:616)
	at com.kms.katalon.core.webui.keyword.WebUiBuiltInKeywords$click$2.call(Unknown Source)
	at Script1535533901916.run(Script1535533901916.groovy:24)
	... 13 more]]></system-err>
      </testcase>
      <testcase name="Test Cases/Comment Capture TestCases/TC0513" classname="Test Cases/Comment Capture TestCases/TC0513" status="FAILED">
         <failure type="FAILED" message="Test Cases/Comment Capture TestCases/TC0513 FAILED.
Reason:
com.kms.katalon.core.exception.StepFailedException: Unable to click on object 'Object Repository/Page_KiboPush  Comment Capture/button_Delete (1)'
	at com.kms.katalon.core.webui.keyword.internal.WebUIKeywordMain.stepFailed(WebUIKeywordMain.groovy:64)
	at com.kms.katalon.core.webui.keyword.internal.WebUIKeywordMain.runKeyword(WebUIKeywordMain.groovy:26)
	at com.kms.katalon.core.webui.keyword.builtin.ClickKeyword.click(ClickKeyword.groovy:86)
	at com.kms.katalon.core.webui.keyword.builtin.ClickKeyword.execute(ClickKeyword.groovy:67)
	at com.kms.katalon.core.keyword.internal.KeywordExecutor.executeKeywordForPlatform(KeywordExecutor.groovy:56)
	at com.kms.katalon.core.webui.keyword.WebUiBuiltInKeywords.click(WebUiBuiltInKeywords.groovy:616)
	at com.kms.katalon.core.webui.keyword.WebUiBuiltInKeywords$click$2.call(Unknown Source)
	at TC0513.run(TC0513:25)
	at com.kms.katalon.core.main.ScriptEngine.run(ScriptEngine.java:194)
	at com.kms.katalon.core.main.ScriptEngine.runScriptAsRawText(ScriptEngine.java:119)
	at com.kms.katalon.core.main.TestCaseExecutor.runScript(TestCaseExecutor.java:331)
	at com.kms.katalon.core.main.TestCaseExecutor.doExecute(TestCaseExecutor.java:322)
	at com.kms.katalon.core.main.TestCaseExecutor.processExecutionPhase(TestCaseExecutor.java:301)
	at com.kms.katalon.core.main.TestCaseExecutor.accessMainPhase(TestCaseExecutor.java:293)
	at com.kms.katalon.core.main.TestCaseExecutor.execute(TestCaseExecutor.java:227)
	at com.kms.katalon.core.main.TestSuiteExecutor.accessTestCaseMainPhase(TestSuiteExecutor.java:129)
	at com.kms.katalon.core.main.TestSuiteExecutor.accessTestSuiteMainPhase(TestSuiteExecutor.java:112)
	at com.kms.katalon.core.main.TestSuiteExecutor.execute(TestSuiteExecutor.java:81)
	at com.kms.katalon.core.main.TestCaseMain.startTestSuite(TestCaseMain.java:157)
	at com.kms.katalon.core.main.TestCaseMain$startTestSuite$0.call(Unknown Source)
	at TempTestSuite1553670311511.run(TempTestSuite1553670311511.groovy:35)
Caused by: com.kms.katalon.core.webui.exception.WebElementNotFoundException: Web element with id: 'Object Repository/Page_KiboPush  Comment Capture/button_Delete (1)' located by 'By.xpath: //button[(text() = 'Delete' or . = 'Delete')]' not found
	at com.kms.katalon.core.webui.common.WebUiCommonHelper.findWebElement(WebUiCommonHelper.java:1053)
	at com.kms.katalon.core.webui.keyword.internal.WebUIAbstractKeyword.findWebElement(WebUIAbstractKeyword.groovy:27)
	at com.kms.katalon.core.webui.keyword.internal.WebUIAbstractKeyword.findWebElement(WebUIAbstractKeyword.groovy:26)
	at com.kms.katalon.core.webui.keyword.builtin.ClickKeyword$_click_closure1.doCall(ClickKeyword.groovy:77)
	at com.kms.katalon.core.webui.keyword.builtin.ClickKeyword$_click_closure1.call(ClickKeyword.groovy)
	at com.kms.katalon.core.webui.keyword.internal.WebUIKeywordMain.runKeyword(WebUIKeywordMain.groovy:20)
	at com.kms.katalon.core.webui.keyword.builtin.ClickKeyword.click(ClickKeyword.groovy:86)
	at com.kms.katalon.core.webui.keyword.builtin.ClickKeyword.execute(ClickKeyword.groovy:67)
	at com.kms.katalon.core.keyword.internal.KeywordExecutor.executeKeywordForPlatform(KeywordExecutor.groovy:56)
	at com.kms.katalon.core.webui.keyword.WebUiBuiltInKeywords.click(WebUiBuiltInKeywords.groovy:616)
	at com.kms.katalon.core.webui.keyword.WebUiBuiltInKeywords$click$2.call(Unknown Source)
	at Script1535534877429.run(Script1535534877429.groovy:25)
	... 13 more
"/>
         <system-out><![CDATA[2019-03-27 12:12:21 - [TEST_CASE][FAILED] - Test Cases/Comment Capture TestCases/TC0513: Test Cases/Comment Capture TestCases/TC0513 FAILED.
Reason:
com.kms.katalon.core.exception.StepFailedException: Unable to click on object 'Object Repository/Page_KiboPush  Comment Capture/button_Delete (1)'
	at com.kms.katalon.core.webui.keyword.internal.WebUIKeywordMain.stepFailed(WebUIKeywordMain.groovy:64)
	at com.kms.katalon.core.webui.keyword.internal.WebUIKeywordMain.runKeyword(WebUIKeywordMain.groovy:26)
	at com.kms.katalon.core.webui.keyword.builtin.ClickKeyword.click(ClickKeyword.groovy:86)
	at com.kms.katalon.core.webui.keyword.builtin.ClickKeyword.execute(ClickKeyword.groovy:67)
	at com.kms.katalon.core.keyword.internal.KeywordExecutor.executeKeywordForPlatform(KeywordExecutor.groovy:56)
	at com.kms.katalon.core.webui.keyword.WebUiBuiltInKeywords.click(WebUiBuiltInKeywords.groovy:616)
	at com.kms.katalon.core.webui.keyword.WebUiBuiltInKeywords$click$2.call(Unknown Source)
	at TC0513.run(TC0513:25)
	at com.kms.katalon.core.main.ScriptEngine.run(ScriptEngine.java:194)
	at com.kms.katalon.core.main.ScriptEngine.runScriptAsRawText(ScriptEngine.java:119)
	at com.kms.katalon.core.main.TestCaseExecutor.runScript(TestCaseExecutor.java:331)
	at com.kms.katalon.core.main.TestCaseExecutor.doExecute(TestCaseExecutor.java:322)
	at com.kms.katalon.core.main.TestCaseExecutor.processExecutionPhase(TestCaseExecutor.java:301)
	at com.kms.katalon.core.main.TestCaseExecutor.accessMainPhase(TestCaseExecutor.java:293)
	at com.kms.katalon.core.main.TestCaseExecutor.execute(TestCaseExecutor.java:227)
	at com.kms.katalon.core.main.TestSuiteExecutor.accessTestCaseMainPhase(TestSuiteExecutor.java:129)
	at com.kms.katalon.core.main.TestSuiteExecutor.accessTestSuiteMainPhase(TestSuiteExecutor.java:112)
	at com.kms.katalon.core.main.TestSuiteExecutor.execute(TestSuiteExecutor.java:81)
	at com.kms.katalon.core.main.TestCaseMain.startTestSuite(TestCaseMain.java:157)
	at com.kms.katalon.core.main.TestCaseMain$startTestSuite$0.call(Unknown Source)
	at TempTestSuite1553670311511.run(TempTestSuite1553670311511.groovy:35)
Caused by: com.kms.katalon.core.webui.exception.WebElementNotFoundException: Web element with id: 'Object Repository/Page_KiboPush  Comment Capture/button_Delete (1)' located by 'By.xpath: //button[(text() = 'Delete' or . = 'Delete')]' not found
	at com.kms.katalon.core.webui.common.WebUiCommonHelper.findWebElement(WebUiCommonHelper.java:1053)
	at com.kms.katalon.core.webui.keyword.internal.WebUIAbstractKeyword.findWebElement(WebUIAbstractKeyword.groovy:27)
	at com.kms.katalon.core.webui.keyword.internal.WebUIAbstractKeyword.findWebElement(WebUIAbstractKeyword.groovy:26)
	at com.kms.katalon.core.webui.keyword.builtin.ClickKeyword$_click_closure1.doCall(ClickKeyword.groovy:77)
	at com.kms.katalon.core.webui.keyword.builtin.ClickKeyword$_click_closure1.call(ClickKeyword.groovy)
	at com.kms.katalon.core.webui.keyword.internal.WebUIKeywordMain.runKeyword(WebUIKeywordMain.groovy:20)
	at com.kms.katalon.core.webui.keyword.builtin.ClickKeyword.click(ClickKeyword.groovy:86)
	at com.kms.katalon.core.webui.keyword.builtin.ClickKeyword.execute(ClickKeyword.groovy:67)
	at com.kms.katalon.core.keyword.internal.KeywordExecutor.executeKeywordForPlatform(KeywordExecutor.groovy:56)
	at com.kms.katalon.core.webui.keyword.WebUiBuiltInKeywords.click(WebUiBuiltInKeywords.groovy:616)
	at com.kms.katalon.core.webui.keyword.WebUiBuiltInKeywords$click$2.call(Unknown Source)
	at Script1535534877429.run(Script1535534877429.groovy:25)
	... 13 more


2019-03-27 12:12:21 - [TEST_STEP][PASSED] - callTestCase(findTestCase("s-sidebar_navigation/individualAccount/Comment capture"), [:], STOP_ON_FAILURE): Call Test Case 'Test Cases/s-sidebar_navigation/individualAccount/Comment capture' successfully

2019-03-27 12:12:22 - [TEST_CASE][PASSED] - Test Cases/s-sidebar_navigation/individualAccount/Comment capture: Test Cases/s-sidebar_navigation/individualAccount/Comment capture

2019-03-27 12:12:22 - [TEST_STEP][PASSED] - callTestCase(findTestCase("s-sidebar_navigation/individualAccount/Login-KiboEngage"), [:], STOP_ON_FAILURE): Call Test Case 'Test Cases/s-sidebar_navigation/individualAccount/Login-KiboEngage' successfully

2019-03-27 12:12:22 - [TEST_CASE][PASSED] - Test Cases/s-sidebar_navigation/individualAccount/Login-KiboEngage: Test Cases/s-sidebar_navigation/individualAccount/Login-KiboEngage

2019-03-27 12:12:22 - [TEST_STEP][PASSED] - openBrowser(""): Browser is opened with url: ''

2019-03-27 12:12:22 - [MESSAGE][WARNING] - A browser is already opened. Closing browser and opening a new one

2019-03-27 12:12:22 - [MESSAGE][INFO] - Starting 'Chrome' driver

2019-03-27 12:12:22 - [MESSAGE][PASSED] - Browser is opened with url: ''

2019-03-27 12:12:22 - [TEST_STEP][PASSED] - maximizeWindow(): Current window maximized

2019-03-27 12:12:22 - [MESSAGE][PASSED] - Current window maximized

2019-03-27 12:12:22 - [TEST_STEP][PASSED] - navigateToUrl("https://kiboengage.cloudkibo.com/"): Navigate to 'https://kiboengage.cloudkibo.com/' successfully

2019-03-27 12:12:32 - [MESSAGE][PASSED] - Navigate to 'https://kiboengage.cloudkibo.com/' successfully

2019-03-27 12:12:32 - [TEST_STEP][PASSED] - navigateToUrl("https://accounts.cloudkibo.com/?continue=https://kiboengage.cloudkibo.com"): Navigate to 'https://accounts.cloudkibo.com/?continue=https://kiboengage.cloudkibo.com' successfully

2019-03-27 12:12:33 - [MESSAGE][PASSED] - Navigate to 'https://accounts.cloudkibo.com/?continue=https://kiboengage.cloudkibo.com' successfully

2019-03-27 12:12:33 - [TEST_STEP][PASSED] - click(findTestObject("Page_KiboPush/a_Login (9) (1)")): Object: 'Object Repository/Page_KiboPush/a_Login (9) (1)' is clicked on

2019-03-27 12:12:34 - [MESSAGE][PASSED] - Object: 'Object Repository/Page_KiboPush/a_Login (9) (1)' is clicked on

2019-03-27 12:12:34 - [TEST_STEP][PASSED] - setText(findTestObject("Page_KiboPush/input_email (10) (1)"), "individual@cloudkibo.com"): Text 'individual@cloudkibo.com' is set on object 'Object Repository/Page_KiboPush/input_email (10) (1)'

2019-03-27 12:12:34 - [MESSAGE][PASSED] - Text 'individual@cloudkibo.com' is set on object 'Object Repository/Page_KiboPush/input_email (10) (1)'

2019-03-27 12:12:34 - [TEST_STEP][PASSED] - setEncryptedText(findTestObject("Page_KiboPush/input_password (9) (1)"), "RigbBhfdqOBGNlJIWM1ClA=="): Text ****** has been set on object 'Object Repository/Page_KiboPush/input_password (9) (1)'

2019-03-27 12:12:34 - [MESSAGE][PASSED] - Text ****** has been set on object 'Object Repository/Page_KiboPush/input_password (9) (1)'

2019-03-27 12:12:34 - [TEST_STEP][PASSED] - click(findTestObject("Page_KiboPush/button_Sign In (10) (1)")): Object: 'Object Repository/Page_KiboPush/button_Sign In (10) (1)' is clicked on

2019-03-27 12:12:34 - [MESSAGE][PASSED] - Object: 'Object Repository/Page_KiboPush/button_Sign In (10) (1)' is clicked on

2019-03-27 12:12:34 - [TEST_STEP][PASSED] - navigateToUrl("https://kiboengage.cloudkibo.com/dashboard"): Navigate to 'https://kiboengage.cloudkibo.com/dashboard' successfully

2019-03-27 12:13:14 - [MESSAGE][PASSED] - Navigate to 'https://kiboengage.cloudkibo.com/dashboard' successfully

2019-03-27 12:13:14 - [TEST_STEP][PASSED] - click(findTestObject("Object Repository/Page_KiboPush  Dashboard/h3_Dashboard (57)")): Object: 'Object Repository/Page_KiboPush  Dashboard/h3_Dashboard (57)' is clicked on

2019-03-27 12:13:14 - [MESSAGE][PASSED] - Object: 'Object Repository/Page_KiboPush  Dashboard/h3_Dashboard (57)' is clicked on

2019-03-27 12:13:14 - [TEST_STEP][PASSED] - delay(3): Delayed 3 second(s)

2019-03-27 12:13:17 - [MESSAGE][PASSED] - Delayed 3 second(s)

2019-03-27 12:13:17 - [MESSAGE][PASSED] - Call Test Case 'Test Cases/s-sidebar_navigation/individualAccount/Login-KiboEngage' successfully

2019-03-27 12:13:17 - [TEST_STEP][PASSED] - click(findTestObject("Page_KiboPush  Dashboard/span_Growth Tools")): Object: 'Object Repository/Page_KiboPush  Dashboard/span_Growth Tools' is clicked on

2019-03-27 12:13:17 - [MESSAGE][PASSED] - Object: 'Object Repository/Page_KiboPush  Dashboard/span_Growth Tools' is clicked on

2019-03-27 12:13:17 - [TEST_STEP][PASSED] - delay(1): Delayed 1 second(s)

2019-03-27 12:13:18 - [MESSAGE][PASSED] - Delayed 1 second(s)

2019-03-27 12:13:18 - [TEST_STEP][PASSED] - click(findTestObject("Page_KiboPush  Dashboard/span_Comment Capture")): Object: 'Object Repository/Page_KiboPush  Dashboard/span_Comment Capture' is clicked on

2019-03-27 12:13:18 - [MESSAGE][PASSED] - Object: 'Object Repository/Page_KiboPush  Dashboard/span_Comment Capture' is clicked on

2019-03-27 12:13:18 - [TEST_STEP][PASSED] - click(findTestObject("Page_KiboPush  Comment Capture/h3_Comment Capture")): Object: 'Object Repository/Page_KiboPush  Comment Capture/h3_Comment Capture' is clicked on

2019-03-27 12:13:18 - [MESSAGE][PASSED] - Object: 'Object Repository/Page_KiboPush  Comment Capture/h3_Comment Capture' is clicked on

2019-03-27 12:13:18 - [MESSAGE][PASSED] - Call Test Case 'Test Cases/s-sidebar_navigation/individualAccount/Comment capture' successfully

2019-03-27 12:13:18 - [TEST_STEP][FAILED] - click(findTestObject("Object Repository/Page_KiboPush  Comment Capture/button_Delete (1)")): click(findTestObject("Object Repository/Page_KiboPush  Comment Capture/button_Delete (1)")) FAILED.
Reason:
com.kms.katalon.core.exception.StepFailedException: Unable to click on object 'Object Repository/Page_KiboPush  Comment Capture/button_Delete (1)'
	at com.kms.katalon.core.webui.keyword.internal.WebUIKeywordMain.stepFailed(WebUIKeywordMain.groovy:64)
	at com.kms.katalon.core.webui.keyword.internal.WebUIKeywordMain.runKeyword(WebUIKeywordMain.groovy:26)
	at com.kms.katalon.core.webui.keyword.builtin.ClickKeyword.click(ClickKeyword.groovy:86)
	at com.kms.katalon.core.webui.keyword.builtin.ClickKeyword.execute(ClickKeyword.groovy:67)
	at com.kms.katalon.core.keyword.internal.KeywordExecutor.executeKeywordForPlatform(KeywordExecutor.groovy:56)
	at com.kms.katalon.core.webui.keyword.WebUiBuiltInKeywords.click(WebUiBuiltInKeywords.groovy:616)
	at com.kms.katalon.core.webui.keyword.WebUiBuiltInKeywords$click$2.call(Unknown Source)
	at TC0513.run(TC0513:25)
	at com.kms.katalon.core.main.ScriptEngine.run(ScriptEngine.java:194)
	at com.kms.katalon.core.main.ScriptEngine.runScriptAsRawText(ScriptEngine.java:119)
	at com.kms.katalon.core.main.TestCaseExecutor.runScript(TestCaseExecutor.java:331)
	at com.kms.katalon.core.main.TestCaseExecutor.doExecute(TestCaseExecutor.java:322)
	at com.kms.katalon.core.main.TestCaseExecutor.processExecutionPhase(TestCaseExecutor.java:301)
	at com.kms.katalon.core.main.TestCaseExecutor.accessMainPhase(TestCaseExecutor.java:293)
	at com.kms.katalon.core.main.TestCaseExecutor.execute(TestCaseExecutor.java:227)
	at com.kms.katalon.core.main.TestSuiteExecutor.accessTestCaseMainPhase(TestSuiteExecutor.java:129)
	at com.kms.katalon.core.main.TestSuiteExecutor.accessTestSuiteMainPhase(TestSuiteExecutor.java:112)
	at com.kms.katalon.core.main.TestSuiteExecutor.execute(TestSuiteExecutor.java:81)
	at com.kms.katalon.core.main.TestCaseMain.startTestSuite(TestCaseMain.java:157)
	at com.kms.katalon.core.main.TestCaseMain$startTestSuite$0.call(Unknown Source)
	at TempTestSuite1553670311511.run(TempTestSuite1553670311511.groovy:35)
Caused by: com.kms.katalon.core.webui.exception.WebElementNotFoundException: Web element with id: 'Object Repository/Page_KiboPush  Comment Capture/button_Delete (1)' located by 'By.xpath: //button[(text() = 'Delete' or . = 'Delete')]' not found
	at com.kms.katalon.core.webui.common.WebUiCommonHelper.findWebElement(WebUiCommonHelper.java:1053)
	at com.kms.katalon.core.webui.keyword.internal.WebUIAbstractKeyword.findWebElement(WebUIAbstractKeyword.groovy:27)
	at com.kms.katalon.core.webui.keyword.internal.WebUIAbstractKeyword.findWebElement(WebUIAbstractKeyword.groovy:26)
	at com.kms.katalon.core.webui.keyword.builtin.ClickKeyword$_click_closure1.doCall(ClickKeyword.groovy:77)
	at com.kms.katalon.core.webui.keyword.builtin.ClickKeyword$_click_closure1.call(ClickKeyword.groovy)
	at com.kms.katalon.core.webui.keyword.internal.WebUIKeywordMain.runKeyword(WebUIKeywordMain.groovy:20)
	at com.kms.katalon.core.webui.keyword.builtin.ClickKeyword.click(ClickKeyword.groovy:86)
	at com.kms.katalon.core.webui.keyword.builtin.ClickKeyword.execute(ClickKeyword.groovy:67)
	at com.kms.katalon.core.keyword.internal.KeywordExecutor.executeKeywordForPlatform(KeywordExecutor.groovy:56)
	at com.kms.katalon.core.webui.keyword.WebUiBuiltInKeywords.click(WebUiBuiltInKeywords.groovy:616)
	at com.kms.katalon.core.webui.keyword.WebUiBuiltInKeywords$click$2.call(Unknown Source)
	at Script1535534877429.run(Script1535534877429.groovy:25)
	... 13 more


2019-03-27 12:13:49 - [MESSAGE][INFO] - Unable to find the element located by 'By.xpath: //button[(text() = 'Delete' or . = 'Delete')]'. Please recheck the objects properties to make sure the desired element is located. 

2019-03-27 12:13:49 - [MESSAGE][FAILED] - Unable to click on object 'Object Repository/Page_KiboPush  Comment Capture/button_Delete (1)' (Root cause: com.kms.katalon.core.exception.StepFailedException: Unable to click on object 'Object Repository/Page_KiboPush  Comment Capture/button_Delete (1)'
	at com.kms.katalon.core.webui.keyword.internal.WebUIKeywordMain.stepFailed(WebUIKeywordMain.groovy:64)
	at com.kms.katalon.core.webui.keyword.internal.WebUIKeywordMain.runKeyword(WebUIKeywordMain.groovy:26)
	at com.kms.katalon.core.webui.keyword.builtin.ClickKeyword.click(ClickKeyword.groovy:86)
	at com.kms.katalon.core.webui.keyword.builtin.ClickKeyword.execute(ClickKeyword.groovy:67)
	at com.kms.katalon.core.keyword.internal.KeywordExecutor.executeKeywordForPlatform(KeywordExecutor.groovy:56)
	at com.kms.katalon.core.webui.keyword.WebUiBuiltInKeywords.click(WebUiBuiltInKeywords.groovy:616)
	at com.kms.katalon.core.webui.keyword.WebUiBuiltInKeywords$click$2.call(Unknown Source)
	at TC0513.run(TC0513:25)
	at com.kms.katalon.core.main.ScriptEngine.run(ScriptEngine.java:194)
	at com.kms.katalon.core.main.ScriptEngine.runScriptAsRawText(ScriptEngine.java:119)
	at com.kms.katalon.core.main.TestCaseExecutor.runScript(TestCaseExecutor.java:331)
	at com.kms.katalon.core.main.TestCaseExecutor.doExecute(TestCaseExecutor.java:322)
	at com.kms.katalon.core.main.TestCaseExecutor.processExecutionPhase(TestCaseExecutor.java:301)
	at com.kms.katalon.core.main.TestCaseExecutor.accessMainPhase(TestCaseExecutor.java:293)
	at com.kms.katalon.core.main.TestCaseExecutor.execute(TestCaseExecutor.java:227)
	at com.kms.katalon.core.main.TestSuiteExecutor.accessTestCaseMainPhase(TestSuiteExecutor.java:129)
	at com.kms.katalon.core.main.TestSuiteExecutor.accessTestSuiteMainPhase(TestSuiteExecutor.java:112)
	at com.kms.katalon.core.main.TestSuiteExecutor.execute(TestSuiteExecutor.java:81)
	at com.kms.katalon.core.main.TestCaseMain.startTestSuite(TestCaseMain.java:157)
	at com.kms.katalon.core.main.TestCaseMain$startTestSuite$0.call(Unknown Source)
	at TempTestSuite1553670311511.run(TempTestSuite1553670311511.groovy:35)
Caused by: com.kms.katalon.core.webui.exception.WebElementNotFoundException: Web element with id: 'Object Repository/Page_KiboPush  Comment Capture/button_Delete (1)' located by 'By.xpath: //button[(text() = 'Delete' or . = 'Delete')]' not found
	at com.kms.katalon.core.webui.common.WebUiCommonHelper.findWebElement(WebUiCommonHelper.java:1053)
	at com.kms.katalon.core.webui.keyword.internal.WebUIAbstractKeyword.findWebElement(WebUIAbstractKeyword.groovy:27)
	at com.kms.katalon.core.webui.keyword.internal.WebUIAbstractKeyword.findWebElement(WebUIAbstractKeyword.groovy:26)
	at com.kms.katalon.core.webui.keyword.builtin.ClickKeyword$_click_closure1.doCall(ClickKeyword.groovy:77)
	at com.kms.katalon.core.webui.keyword.builtin.ClickKeyword$_click_closure1.call(ClickKeyword.groovy)
	at com.kms.katalon.core.webui.keyword.internal.WebUIKeywordMain.runKeyword(WebUIKeywordMain.groovy:20)
	at com.kms.katalon.core.webui.keyword.builtin.ClickKeyword.click(ClickKeyword.groovy:86)
	at com.kms.katalon.core.webui.keyword.builtin.ClickKeyword.execute(ClickKeyword.groovy:67)
	at com.kms.katalon.core.keyword.internal.KeywordExecutor.executeKeywordForPlatform(KeywordExecutor.groovy:56)
	at com.kms.katalon.core.webui.keyword.WebUiBuiltInKeywords.click(WebUiBuiltInKeywords.groovy:616)
	at com.kms.katalon.core.webui.keyword.WebUiBuiltInKeywords$click$2.call(Unknown Source)
	at Script1535534877429.run(Script1535534877429.groovy:25)
	... 13 more
)
[[ATTACHMENT|/home/cloudkibo-faizan/Drive/Katalon/production/KiboPush/Reports/capture/20190327_120511/1553670829224.png]]

2019-03-27 12:13:49 - [MESSAGE][FAILED] - click(findTestObject("Object Repository/Page_KiboPush  Comment Capture/button_Delete (1)")) FAILED.
Reason:
com.kms.katalon.core.exception.StepFailedException: Unable to click on object 'Object Repository/Page_KiboPush  Comment Capture/button_Delete (1)'
	at com.kms.katalon.core.webui.keyword.internal.WebUIKeywordMain.stepFailed(WebUIKeywordMain.groovy:64)
	at com.kms.katalon.core.webui.keyword.internal.WebUIKeywordMain.runKeyword(WebUIKeywordMain.groovy:26)
	at com.kms.katalon.core.webui.keyword.builtin.ClickKeyword.click(ClickKeyword.groovy:86)
	at com.kms.katalon.core.webui.keyword.builtin.ClickKeyword.execute(ClickKeyword.groovy:67)
	at com.kms.katalon.core.keyword.internal.KeywordExecutor.executeKeywordForPlatform(KeywordExecutor.groovy:56)
	at com.kms.katalon.core.webui.keyword.WebUiBuiltInKeywords.click(WebUiBuiltInKeywords.groovy:616)
	at com.kms.katalon.core.webui.keyword.WebUiBuiltInKeywords$click$2.call(Unknown Source)
	at TC0513.run(TC0513:25)
	at com.kms.katalon.core.main.ScriptEngine.run(ScriptEngine.java:194)
	at com.kms.katalon.core.main.ScriptEngine.runScriptAsRawText(ScriptEngine.java:119)
	at com.kms.katalon.core.main.TestCaseExecutor.runScript(TestCaseExecutor.java:331)
	at com.kms.katalon.core.main.TestCaseExecutor.doExecute(TestCaseExecutor.java:322)
	at com.kms.katalon.core.main.TestCaseExecutor.processExecutionPhase(TestCaseExecutor.java:301)
	at com.kms.katalon.core.main.TestCaseExecutor.accessMainPhase(TestCaseExecutor.java:293)
	at com.kms.katalon.core.main.TestCaseExecutor.execute(TestCaseExecutor.java:227)
	at com.kms.katalon.core.main.TestSuiteExecutor.accessTestCaseMainPhase(TestSuiteExecutor.java:129)
	at com.kms.katalon.core.main.TestSuiteExecutor.accessTestSuiteMainPhase(TestSuiteExecutor.java:112)
	at com.kms.katalon.core.main.TestSuiteExecutor.execute(TestSuiteExecutor.java:81)
	at com.kms.katalon.core.main.TestCaseMain.startTestSuite(TestCaseMain.java:157)
	at com.kms.katalon.core.main.TestCaseMain$startTestSuite$0.call(Unknown Source)
	at TempTestSuite1553670311511.run(TempTestSuite1553670311511.groovy:35)
Caused by: com.kms.katalon.core.webui.exception.WebElementNotFoundException: Web element with id: 'Object Repository/Page_KiboPush  Comment Capture/button_Delete (1)' located by 'By.xpath: //button[(text() = 'Delete' or . = 'Delete')]' not found
	at com.kms.katalon.core.webui.common.WebUiCommonHelper.findWebElement(WebUiCommonHelper.java:1053)
	at com.kms.katalon.core.webui.keyword.internal.WebUIAbstractKeyword.findWebElement(WebUIAbstractKeyword.groovy:27)
	at com.kms.katalon.core.webui.keyword.internal.WebUIAbstractKeyword.findWebElement(WebUIAbstractKeyword.groovy:26)
	at com.kms.katalon.core.webui.keyword.builtin.ClickKeyword$_click_closure1.doCall(ClickKeyword.groovy:77)
	at com.kms.katalon.core.webui.keyword.builtin.ClickKeyword$_click_closure1.call(ClickKeyword.groovy)
	at com.kms.katalon.core.webui.keyword.internal.WebUIKeywordMain.runKeyword(WebUIKeywordMain.groovy:20)
	at com.kms.katalon.core.webui.keyword.builtin.ClickKeyword.click(ClickKeyword.groovy:86)
	at com.kms.katalon.core.webui.keyword.builtin.ClickKeyword.execute(ClickKeyword.groovy:67)
	at com.kms.katalon.core.keyword.internal.KeywordExecutor.executeKeywordForPlatform(KeywordExecutor.groovy:56)
	at com.kms.katalon.core.webui.keyword.WebUiBuiltInKeywords.click(WebUiBuiltInKeywords.groovy:616)
	at com.kms.katalon.core.webui.keyword.WebUiBuiltInKeywords$click$2.call(Unknown Source)
	at Script1535534877429.run(Script1535534877429.groovy:25)
	... 13 more]]></system-out>
         <system-err><![CDATA[2019-03-27 12:12:21 - [TEST_CASE][FAILED] - Test Cases/Comment Capture TestCases/TC0513: Test Cases/Comment Capture TestCases/TC0513 FAILED.
Reason:
com.kms.katalon.core.exception.StepFailedException: Unable to click on object 'Object Repository/Page_KiboPush  Comment Capture/button_Delete (1)'
	at com.kms.katalon.core.webui.keyword.internal.WebUIKeywordMain.stepFailed(WebUIKeywordMain.groovy:64)
	at com.kms.katalon.core.webui.keyword.internal.WebUIKeywordMain.runKeyword(WebUIKeywordMain.groovy:26)
	at com.kms.katalon.core.webui.keyword.builtin.ClickKeyword.click(ClickKeyword.groovy:86)
	at com.kms.katalon.core.webui.keyword.builtin.ClickKeyword.execute(ClickKeyword.groovy:67)
	at com.kms.katalon.core.keyword.internal.KeywordExecutor.executeKeywordForPlatform(KeywordExecutor.groovy:56)
	at com.kms.katalon.core.webui.keyword.WebUiBuiltInKeywords.click(WebUiBuiltInKeywords.groovy:616)
	at com.kms.katalon.core.webui.keyword.WebUiBuiltInKeywords$click$2.call(Unknown Source)
	at TC0513.run(TC0513:25)
	at com.kms.katalon.core.main.ScriptEngine.run(ScriptEngine.java:194)
	at com.kms.katalon.core.main.ScriptEngine.runScriptAsRawText(ScriptEngine.java:119)
	at com.kms.katalon.core.main.TestCaseExecutor.runScript(TestCaseExecutor.java:331)
	at com.kms.katalon.core.main.TestCaseExecutor.doExecute(TestCaseExecutor.java:322)
	at com.kms.katalon.core.main.TestCaseExecutor.processExecutionPhase(TestCaseExecutor.java:301)
	at com.kms.katalon.core.main.TestCaseExecutor.accessMainPhase(TestCaseExecutor.java:293)
	at com.kms.katalon.core.main.TestCaseExecutor.execute(TestCaseExecutor.java:227)
	at com.kms.katalon.core.main.TestSuiteExecutor.accessTestCaseMainPhase(TestSuiteExecutor.java:129)
	at com.kms.katalon.core.main.TestSuiteExecutor.accessTestSuiteMainPhase(TestSuiteExecutor.java:112)
	at com.kms.katalon.core.main.TestSuiteExecutor.execute(TestSuiteExecutor.java:81)
	at com.kms.katalon.core.main.TestCaseMain.startTestSuite(TestCaseMain.java:157)
	at com.kms.katalon.core.main.TestCaseMain$startTestSuite$0.call(Unknown Source)
	at TempTestSuite1553670311511.run(TempTestSuite1553670311511.groovy:35)
Caused by: com.kms.katalon.core.webui.exception.WebElementNotFoundException: Web element with id: 'Object Repository/Page_KiboPush  Comment Capture/button_Delete (1)' located by 'By.xpath: //button[(text() = 'Delete' or . = 'Delete')]' not found
	at com.kms.katalon.core.webui.common.WebUiCommonHelper.findWebElement(WebUiCommonHelper.java:1053)
	at com.kms.katalon.core.webui.keyword.internal.WebUIAbstractKeyword.findWebElement(WebUIAbstractKeyword.groovy:27)
	at com.kms.katalon.core.webui.keyword.internal.WebUIAbstractKeyword.findWebElement(WebUIAbstractKeyword.groovy:26)
	at com.kms.katalon.core.webui.keyword.builtin.ClickKeyword$_click_closure1.doCall(ClickKeyword.groovy:77)
	at com.kms.katalon.core.webui.keyword.builtin.ClickKeyword$_click_closure1.call(ClickKeyword.groovy)
	at com.kms.katalon.core.webui.keyword.internal.WebUIKeywordMain.runKeyword(WebUIKeywordMain.groovy:20)
	at com.kms.katalon.core.webui.keyword.builtin.ClickKeyword.click(ClickKeyword.groovy:86)
	at com.kms.katalon.core.webui.keyword.builtin.ClickKeyword.execute(ClickKeyword.groovy:67)
	at com.kms.katalon.core.keyword.internal.KeywordExecutor.executeKeywordForPlatform(KeywordExecutor.groovy:56)
	at com.kms.katalon.core.webui.keyword.WebUiBuiltInKeywords.click(WebUiBuiltInKeywords.groovy:616)
	at com.kms.katalon.core.webui.keyword.WebUiBuiltInKeywords$click$2.call(Unknown Source)
	at Script1535534877429.run(Script1535534877429.groovy:25)
	... 13 more]]></system-err>
      </testcase>
      <testcase name="Test Cases/Comment Capture TestCases/TC0514" classname="Test Cases/Comment Capture TestCases/TC0514" status="PASSED">
         <system-out><![CDATA[2019-03-27 12:13:49 - [TEST_CASE][PASSED] - Test Cases/Comment Capture TestCases/TC0514: Test Cases/Comment Capture TestCases/TC0514

2019-03-27 12:13:49 - [TEST_STEP][PASSED] - callTestCase(findTestCase("s-sidebar_navigation/individualAccount/Comment capture"), [:], STOP_ON_FAILURE): Call Test Case 'Test Cases/s-sidebar_navigation/individualAccount/Comment capture' successfully

2019-03-27 12:13:49 - [TEST_CASE][PASSED] - Test Cases/s-sidebar_navigation/individualAccount/Comment capture: Test Cases/s-sidebar_navigation/individualAccount/Comment capture

2019-03-27 12:13:49 - [TEST_STEP][PASSED] - callTestCase(findTestCase("s-sidebar_navigation/individualAccount/Login-KiboEngage"), [:], STOP_ON_FAILURE): Call Test Case 'Test Cases/s-sidebar_navigation/individualAccount/Login-KiboEngage' successfully

2019-03-27 12:13:49 - [TEST_CASE][PASSED] - Test Cases/s-sidebar_navigation/individualAccount/Login-KiboEngage: Test Cases/s-sidebar_navigation/individualAccount/Login-KiboEngage

2019-03-27 12:13:49 - [TEST_STEP][PASSED] - openBrowser(""): Browser is opened with url: ''

2019-03-27 12:13:49 - [MESSAGE][WARNING] - A browser is already opened. Closing browser and opening a new one

2019-03-27 12:13:49 - [MESSAGE][INFO] - Starting 'Chrome' driver

2019-03-27 12:13:49 - [MESSAGE][PASSED] - Browser is opened with url: ''

2019-03-27 12:13:49 - [TEST_STEP][PASSED] - maximizeWindow(): Current window maximized

2019-03-27 12:13:50 - [MESSAGE][PASSED] - Current window maximized

2019-03-27 12:13:50 - [TEST_STEP][PASSED] - navigateToUrl("https://kiboengage.cloudkibo.com/"): Navigate to 'https://kiboengage.cloudkibo.com/' successfully

2019-03-27 12:13:58 - [MESSAGE][PASSED] - Navigate to 'https://kiboengage.cloudkibo.com/' successfully

2019-03-27 12:13:58 - [TEST_STEP][PASSED] - navigateToUrl("https://accounts.cloudkibo.com/?continue=https://kiboengage.cloudkibo.com"): Navigate to 'https://accounts.cloudkibo.com/?continue=https://kiboengage.cloudkibo.com' successfully

2019-03-27 12:13:59 - [MESSAGE][PASSED] - Navigate to 'https://accounts.cloudkibo.com/?continue=https://kiboengage.cloudkibo.com' successfully

2019-03-27 12:13:59 - [TEST_STEP][PASSED] - click(findTestObject("Page_KiboPush/a_Login (9) (1)")): Object: 'Object Repository/Page_KiboPush/a_Login (9) (1)' is clicked on

2019-03-27 12:14:00 - [MESSAGE][PASSED] - Object: 'Object Repository/Page_KiboPush/a_Login (9) (1)' is clicked on

2019-03-27 12:14:00 - [TEST_STEP][PASSED] - setText(findTestObject("Page_KiboPush/input_email (10) (1)"), "individual@cloudkibo.com"): Text 'individual@cloudkibo.com' is set on object 'Object Repository/Page_KiboPush/input_email (10) (1)'

2019-03-27 12:14:00 - [MESSAGE][PASSED] - Text 'individual@cloudkibo.com' is set on object 'Object Repository/Page_KiboPush/input_email (10) (1)'

2019-03-27 12:14:00 - [TEST_STEP][PASSED] - setEncryptedText(findTestObject("Page_KiboPush/input_password (9) (1)"), "RigbBhfdqOBGNlJIWM1ClA=="): Text ****** has been set on object 'Object Repository/Page_KiboPush/input_password (9) (1)'

2019-03-27 12:14:00 - [MESSAGE][PASSED] - Text ****** has been set on object 'Object Repository/Page_KiboPush/input_password (9) (1)'

2019-03-27 12:14:00 - [TEST_STEP][PASSED] - click(findTestObject("Page_KiboPush/button_Sign In (10) (1)")): Object: 'Object Repository/Page_KiboPush/button_Sign In (10) (1)' is clicked on

2019-03-27 12:14:00 - [MESSAGE][PASSED] - Object: 'Object Repository/Page_KiboPush/button_Sign In (10) (1)' is clicked on

2019-03-27 12:14:00 - [TEST_STEP][PASSED] - navigateToUrl("https://kiboengage.cloudkibo.com/dashboard"): Navigate to 'https://kiboengage.cloudkibo.com/dashboard' successfully

2019-03-27 12:14:19 - [MESSAGE][PASSED] - Navigate to 'https://kiboengage.cloudkibo.com/dashboard' successfully

2019-03-27 12:14:19 - [TEST_STEP][PASSED] - click(findTestObject("Object Repository/Page_KiboPush  Dashboard/h3_Dashboard (57)")): Object: 'Object Repository/Page_KiboPush  Dashboard/h3_Dashboard (57)' is clicked on

2019-03-27 12:14:19 - [MESSAGE][PASSED] - Object: 'Object Repository/Page_KiboPush  Dashboard/h3_Dashboard (57)' is clicked on

2019-03-27 12:14:19 - [TEST_STEP][PASSED] - delay(3): Delayed 3 second(s)

2019-03-27 12:14:22 - [MESSAGE][PASSED] - Delayed 3 second(s)

2019-03-27 12:14:22 - [MESSAGE][PASSED] - Call Test Case 'Test Cases/s-sidebar_navigation/individualAccount/Login-KiboEngage' successfully

2019-03-27 12:14:22 - [TEST_STEP][PASSED] - click(findTestObject("Page_KiboPush  Dashboard/span_Growth Tools")): Object: 'Object Repository/Page_KiboPush  Dashboard/span_Growth Tools' is clicked on

2019-03-27 12:14:23 - [MESSAGE][PASSED] - Object: 'Object Repository/Page_KiboPush  Dashboard/span_Growth Tools' is clicked on

2019-03-27 12:14:23 - [TEST_STEP][PASSED] - delay(1): Delayed 1 second(s)

2019-03-27 12:14:24 - [MESSAGE][PASSED] - Delayed 1 second(s)

2019-03-27 12:14:24 - [TEST_STEP][PASSED] - click(findTestObject("Page_KiboPush  Dashboard/span_Comment Capture")): Object: 'Object Repository/Page_KiboPush  Dashboard/span_Comment Capture' is clicked on

2019-03-27 12:14:24 - [MESSAGE][PASSED] - Object: 'Object Repository/Page_KiboPush  Dashboard/span_Comment Capture' is clicked on

2019-03-27 12:14:24 - [TEST_STEP][PASSED] - click(findTestObject("Page_KiboPush  Comment Capture/h3_Comment Capture")): Object: 'Object Repository/Page_KiboPush  Comment Capture/h3_Comment Capture' is clicked on

2019-03-27 12:14:24 - [MESSAGE][PASSED] - Object: 'Object Repository/Page_KiboPush  Comment Capture/h3_Comment Capture' is clicked on

2019-03-27 12:14:24 - [MESSAGE][PASSED] - Call Test Case 'Test Cases/s-sidebar_navigation/individualAccount/Comment capture' successfully

2019-03-27 12:14:24 - [TEST_STEP][PASSED] - click(findTestObject("Object Repository/Page_KiboPush  Comment Capture/span_Create New Facebook Post")): Object: 'Object Repository/Page_KiboPush  Comment Capture/span_Create New Facebook Post' is clicked on

2019-03-27 12:14:24 - [MESSAGE][PASSED] - Object: 'Object Repository/Page_KiboPush  Comment Capture/span_Create New Facebook Post' is clicked on]]></system-out>
         <system-err><![CDATA[]]></system-err>
      </testcase>
      <testcase name="Test Cases/Comment Capture TestCases/TC0515" classname="Test Cases/Comment Capture TestCases/TC0515" status="PASSED">
         <system-out><![CDATA[2019-03-27 12:14:24 - [TEST_CASE][PASSED] - Test Cases/Comment Capture TestCases/TC0515: Test Cases/Comment Capture TestCases/TC0515

2019-03-27 12:14:24 - [TEST_STEP][PASSED] - callTestCase(findTestCase("s-sidebar_navigation/individualAccount/Comment capture"), [:], STOP_ON_FAILURE): Call Test Case 'Test Cases/s-sidebar_navigation/individualAccount/Comment capture' successfully

2019-03-27 12:14:24 - [TEST_CASE][PASSED] - Test Cases/s-sidebar_navigation/individualAccount/Comment capture: Test Cases/s-sidebar_navigation/individualAccount/Comment capture

2019-03-27 12:14:24 - [TEST_STEP][PASSED] - callTestCase(findTestCase("s-sidebar_navigation/individualAccount/Login-KiboEngage"), [:], STOP_ON_FAILURE): Call Test Case 'Test Cases/s-sidebar_navigation/individualAccount/Login-KiboEngage' successfully

2019-03-27 12:14:24 - [TEST_CASE][PASSED] - Test Cases/s-sidebar_navigation/individualAccount/Login-KiboEngage: Test Cases/s-sidebar_navigation/individualAccount/Login-KiboEngage

2019-03-27 12:14:24 - [TEST_STEP][PASSED] - openBrowser(""): Browser is opened with url: ''

2019-03-27 12:14:24 - [MESSAGE][WARNING] - A browser is already opened. Closing browser and opening a new one

2019-03-27 12:14:24 - [MESSAGE][INFO] - Starting 'Chrome' driver

2019-03-27 12:14:25 - [MESSAGE][PASSED] - Browser is opened with url: ''

2019-03-27 12:14:25 - [TEST_STEP][PASSED] - maximizeWindow(): Current window maximized

2019-03-27 12:14:25 - [MESSAGE][PASSED] - Current window maximized

2019-03-27 12:14:25 - [TEST_STEP][PASSED] - navigateToUrl("https://kiboengage.cloudkibo.com/"): Navigate to 'https://kiboengage.cloudkibo.com/' successfully

2019-03-27 12:14:38 - [MESSAGE][PASSED] - Navigate to 'https://kiboengage.cloudkibo.com/' successfully

2019-03-27 12:14:38 - [TEST_STEP][PASSED] - navigateToUrl("https://accounts.cloudkibo.com/?continue=https://kiboengage.cloudkibo.com"): Navigate to 'https://accounts.cloudkibo.com/?continue=https://kiboengage.cloudkibo.com' successfully

2019-03-27 12:14:38 - [MESSAGE][PASSED] - Navigate to 'https://accounts.cloudkibo.com/?continue=https://kiboengage.cloudkibo.com' successfully

2019-03-27 12:14:38 - [TEST_STEP][PASSED] - click(findTestObject("Page_KiboPush/a_Login (9) (1)")): Object: 'Object Repository/Page_KiboPush/a_Login (9) (1)' is clicked on

2019-03-27 12:14:39 - [MESSAGE][PASSED] - Object: 'Object Repository/Page_KiboPush/a_Login (9) (1)' is clicked on

2019-03-27 12:14:39 - [TEST_STEP][PASSED] - setText(findTestObject("Page_KiboPush/input_email (10) (1)"), "individual@cloudkibo.com"): Text 'individual@cloudkibo.com' is set on object 'Object Repository/Page_KiboPush/input_email (10) (1)'

2019-03-27 12:14:39 - [MESSAGE][PASSED] - Text 'individual@cloudkibo.com' is set on object 'Object Repository/Page_KiboPush/input_email (10) (1)'

2019-03-27 12:14:39 - [TEST_STEP][PASSED] - setEncryptedText(findTestObject("Page_KiboPush/input_password (9) (1)"), "RigbBhfdqOBGNlJIWM1ClA=="): Text ****** has been set on object 'Object Repository/Page_KiboPush/input_password (9) (1)'

2019-03-27 12:14:39 - [MESSAGE][PASSED] - Text ****** has been set on object 'Object Repository/Page_KiboPush/input_password (9) (1)'

2019-03-27 12:14:39 - [TEST_STEP][PASSED] - click(findTestObject("Page_KiboPush/button_Sign In (10) (1)")): Object: 'Object Repository/Page_KiboPush/button_Sign In (10) (1)' is clicked on

2019-03-27 12:14:39 - [MESSAGE][PASSED] - Object: 'Object Repository/Page_KiboPush/button_Sign In (10) (1)' is clicked on

2019-03-27 12:14:39 - [TEST_STEP][PASSED] - navigateToUrl("https://kiboengage.cloudkibo.com/dashboard"): Navigate to 'https://kiboengage.cloudkibo.com/dashboard' successfully

2019-03-27 12:15:04 - [MESSAGE][PASSED] - Navigate to 'https://kiboengage.cloudkibo.com/dashboard' successfully

2019-03-27 12:15:04 - [TEST_STEP][PASSED] - click(findTestObject("Object Repository/Page_KiboPush  Dashboard/h3_Dashboard (57)")): Object: 'Object Repository/Page_KiboPush  Dashboard/h3_Dashboard (57)' is clicked on

2019-03-27 12:15:04 - [MESSAGE][PASSED] - Object: 'Object Repository/Page_KiboPush  Dashboard/h3_Dashboard (57)' is clicked on

2019-03-27 12:15:04 - [TEST_STEP][PASSED] - delay(3): Delayed 3 second(s)

2019-03-27 12:15:07 - [MESSAGE][PASSED] - Delayed 3 second(s)

2019-03-27 12:15:07 - [MESSAGE][PASSED] - Call Test Case 'Test Cases/s-sidebar_navigation/individualAccount/Login-KiboEngage' successfully

2019-03-27 12:15:07 - [TEST_STEP][PASSED] - click(findTestObject("Page_KiboPush  Dashboard/span_Growth Tools")): Object: 'Object Repository/Page_KiboPush  Dashboard/span_Growth Tools' is clicked on

2019-03-27 12:15:07 - [MESSAGE][PASSED] - Object: 'Object Repository/Page_KiboPush  Dashboard/span_Growth Tools' is clicked on

2019-03-27 12:15:07 - [TEST_STEP][PASSED] - delay(1): Delayed 1 second(s)

2019-03-27 12:15:08 - [MESSAGE][PASSED] - Delayed 1 second(s)

2019-03-27 12:15:08 - [TEST_STEP][PASSED] - click(findTestObject("Page_KiboPush  Dashboard/span_Comment Capture")): Object: 'Object Repository/Page_KiboPush  Dashboard/span_Comment Capture' is clicked on

2019-03-27 12:15:08 - [MESSAGE][PASSED] - Object: 'Object Repository/Page_KiboPush  Dashboard/span_Comment Capture' is clicked on

2019-03-27 12:15:08 - [TEST_STEP][PASSED] - click(findTestObject("Page_KiboPush  Comment Capture/h3_Comment Capture")): Object: 'Object Repository/Page_KiboPush  Comment Capture/h3_Comment Capture' is clicked on

2019-03-27 12:15:09 - [MESSAGE][PASSED] - Object: 'Object Repository/Page_KiboPush  Comment Capture/h3_Comment Capture' is clicked on

2019-03-27 12:15:09 - [MESSAGE][PASSED] - Call Test Case 'Test Cases/s-sidebar_navigation/individualAccount/Comment capture' successfully

2019-03-27 12:15:09 - [TEST_STEP][PASSED] - click(findTestObject("Page_KiboPush  Comment Capture/span_Create New Facebook Post")): Object: 'Object Repository/Page_KiboPush  Comment Capture/span_Create New Facebook Post' is clicked on

2019-03-27 12:15:09 - [MESSAGE][PASSED] - Object: 'Object Repository/Page_KiboPush  Comment Capture/span_Create New Facebook Post' is clicked on]]></system-out>
         <system-err><![CDATA[]]></system-err>
      </testcase>
      <testcase name="Test Cases/Comment Capture TestCases/TC0522" classname="Test Cases/Comment Capture TestCases/TC0522" status="FAILED">
         <failure type="FAILED" message="Test Cases/Comment Capture TestCases/TC0522 FAILED.
Reason:
com.kms.katalon.core.exception.StepFailedException: Unable to upload file '/home/cloudkibo-faizan/Drive/Katalon/production/KiboPush/video.mp4' to object 'Object Repository/Page_KiboPush  Comment Capture/Video'
	at com.kms.katalon.core.webui.keyword.internal.WebUIKeywordMain.stepFailed(WebUIKeywordMain.groovy:64)
	at com.kms.katalon.core.webui.keyword.internal.WebUIKeywordMain.runKeyword(WebUIKeywordMain.groovy:26)
	at com.kms.katalon.core.webui.keyword.builtin.UploadFileKeyword.uploadFile(UploadFileKeyword.groovy:87)
	at com.kms.katalon.core.webui.keyword.builtin.UploadFileKeyword.execute(UploadFileKeyword.groovy:68)
	at com.kms.katalon.core.keyword.internal.KeywordExecutor.executeKeywordForPlatform(KeywordExecutor.groovy:56)
	at com.kms.katalon.core.webui.keyword.WebUiBuiltInKeywords.uploadFile(WebUiBuiltInKeywords.groovy:2945)
	at com.kms.katalon.core.webui.keyword.WebUiBuiltInKeywords$uploadFile$5.call(Unknown Source)
	at TC0522.run(TC0522:35)
	at com.kms.katalon.core.main.ScriptEngine.run(ScriptEngine.java:194)
	at com.kms.katalon.core.main.ScriptEngine.runScriptAsRawText(ScriptEngine.java:119)
	at com.kms.katalon.core.main.TestCaseExecutor.runScript(TestCaseExecutor.java:331)
	at com.kms.katalon.core.main.TestCaseExecutor.doExecute(TestCaseExecutor.java:322)
	at com.kms.katalon.core.main.TestCaseExecutor.processExecutionPhase(TestCaseExecutor.java:301)
	at com.kms.katalon.core.main.TestCaseExecutor.accessMainPhase(TestCaseExecutor.java:293)
	at com.kms.katalon.core.main.TestCaseExecutor.execute(TestCaseExecutor.java:227)
	at com.kms.katalon.core.main.TestSuiteExecutor.accessTestCaseMainPhase(TestSuiteExecutor.java:129)
	at com.kms.katalon.core.main.TestSuiteExecutor.accessTestSuiteMainPhase(TestSuiteExecutor.java:112)
	at com.kms.katalon.core.main.TestSuiteExecutor.execute(TestSuiteExecutor.java:81)
	at com.kms.katalon.core.main.TestCaseMain.startTestSuite(TestCaseMain.java:157)
	at com.kms.katalon.core.main.TestCaseMain$startTestSuite$0.call(Unknown Source)
	at TempTestSuite1553670311511.run(TempTestSuite1553670311511.groovy:35)
Caused by: com.kms.katalon.core.webui.exception.WebElementNotFoundException: Web element with id: 'Object Repository/Page_KiboPush  Comment Capture/Video' located by 'By.xpath: //*[@id=&quot;uploadVideo&quot;]/input' not found
	at com.kms.katalon.core.webui.common.WebUiCommonHelper.findWebElement(WebUiCommonHelper.java:1053)
	at com.kms.katalon.core.webui.keyword.internal.WebUIAbstractKeyword.findWebElement(WebUIAbstractKeyword.groovy:27)
	at com.kms.katalon.core.webui.keyword.internal.WebUIAbstractKeyword.findWebElement(WebUIAbstractKeyword.groovy:26)
	at com.kms.katalon.core.webui.keyword.builtin.UploadFileKeyword$_uploadFile_closure1.doCall(UploadFileKeyword.groovy:79)
	at com.kms.katalon.core.webui.keyword.builtin.UploadFileKeyword$_uploadFile_closure1.call(UploadFileKeyword.groovy)
	at com.kms.katalon.core.webui.keyword.internal.WebUIKeywordMain.runKeyword(WebUIKeywordMain.groovy:20)
	at com.kms.katalon.core.webui.keyword.builtin.UploadFileKeyword.uploadFile(UploadFileKeyword.groovy:87)
	at com.kms.katalon.core.webui.keyword.builtin.UploadFileKeyword.execute(UploadFileKeyword.groovy:68)
	at com.kms.katalon.core.keyword.internal.KeywordExecutor.executeKeywordForPlatform(KeywordExecutor.groovy:56)
	at com.kms.katalon.core.webui.keyword.WebUiBuiltInKeywords.uploadFile(WebUiBuiltInKeywords.groovy:2945)
	at com.kms.katalon.core.webui.keyword.WebUiBuiltInKeywords$uploadFile$5.call(Unknown Source)
	at Script1535535645121.run(Script1535535645121.groovy:35)
	... 13 more
"/>
         <system-out><![CDATA[2019-03-27 12:15:09 - [TEST_CASE][FAILED] - Test Cases/Comment Capture TestCases/TC0522: Test Cases/Comment Capture TestCases/TC0522 FAILED.
Reason:
com.kms.katalon.core.exception.StepFailedException: Unable to upload file '/home/cloudkibo-faizan/Drive/Katalon/production/KiboPush/video.mp4' to object 'Object Repository/Page_KiboPush  Comment Capture/Video'
	at com.kms.katalon.core.webui.keyword.internal.WebUIKeywordMain.stepFailed(WebUIKeywordMain.groovy:64)
	at com.kms.katalon.core.webui.keyword.internal.WebUIKeywordMain.runKeyword(WebUIKeywordMain.groovy:26)
	at com.kms.katalon.core.webui.keyword.builtin.UploadFileKeyword.uploadFile(UploadFileKeyword.groovy:87)
	at com.kms.katalon.core.webui.keyword.builtin.UploadFileKeyword.execute(UploadFileKeyword.groovy:68)
	at com.kms.katalon.core.keyword.internal.KeywordExecutor.executeKeywordForPlatform(KeywordExecutor.groovy:56)
	at com.kms.katalon.core.webui.keyword.WebUiBuiltInKeywords.uploadFile(WebUiBuiltInKeywords.groovy:2945)
	at com.kms.katalon.core.webui.keyword.WebUiBuiltInKeywords$uploadFile$5.call(Unknown Source)
	at TC0522.run(TC0522:35)
	at com.kms.katalon.core.main.ScriptEngine.run(ScriptEngine.java:194)
	at com.kms.katalon.core.main.ScriptEngine.runScriptAsRawText(ScriptEngine.java:119)
	at com.kms.katalon.core.main.TestCaseExecutor.runScript(TestCaseExecutor.java:331)
	at com.kms.katalon.core.main.TestCaseExecutor.doExecute(TestCaseExecutor.java:322)
	at com.kms.katalon.core.main.TestCaseExecutor.processExecutionPhase(TestCaseExecutor.java:301)
	at com.kms.katalon.core.main.TestCaseExecutor.accessMainPhase(TestCaseExecutor.java:293)
	at com.kms.katalon.core.main.TestCaseExecutor.execute(TestCaseExecutor.java:227)
	at com.kms.katalon.core.main.TestSuiteExecutor.accessTestCaseMainPhase(TestSuiteExecutor.java:129)
	at com.kms.katalon.core.main.TestSuiteExecutor.accessTestSuiteMainPhase(TestSuiteExecutor.java:112)
	at com.kms.katalon.core.main.TestSuiteExecutor.execute(TestSuiteExecutor.java:81)
	at com.kms.katalon.core.main.TestCaseMain.startTestSuite(TestCaseMain.java:157)
	at com.kms.katalon.core.main.TestCaseMain$startTestSuite$0.call(Unknown Source)
	at TempTestSuite1553670311511.run(TempTestSuite1553670311511.groovy:35)
Caused by: com.kms.katalon.core.webui.exception.WebElementNotFoundException: Web element with id: 'Object Repository/Page_KiboPush  Comment Capture/Video' located by 'By.xpath: //*[@id="uploadVideo"]/input' not found
	at com.kms.katalon.core.webui.common.WebUiCommonHelper.findWebElement(WebUiCommonHelper.java:1053)
	at com.kms.katalon.core.webui.keyword.internal.WebUIAbstractKeyword.findWebElement(WebUIAbstractKeyword.groovy:27)
	at com.kms.katalon.core.webui.keyword.internal.WebUIAbstractKeyword.findWebElement(WebUIAbstractKeyword.groovy:26)
	at com.kms.katalon.core.webui.keyword.builtin.UploadFileKeyword$_uploadFile_closure1.doCall(UploadFileKeyword.groovy:79)
	at com.kms.katalon.core.webui.keyword.builtin.UploadFileKeyword$_uploadFile_closure1.call(UploadFileKeyword.groovy)
	at com.kms.katalon.core.webui.keyword.internal.WebUIKeywordMain.runKeyword(WebUIKeywordMain.groovy:20)
	at com.kms.katalon.core.webui.keyword.builtin.UploadFileKeyword.uploadFile(UploadFileKeyword.groovy:87)
	at com.kms.katalon.core.webui.keyword.builtin.UploadFileKeyword.execute(UploadFileKeyword.groovy:68)
	at com.kms.katalon.core.keyword.internal.KeywordExecutor.executeKeywordForPlatform(KeywordExecutor.groovy:56)
	at com.kms.katalon.core.webui.keyword.WebUiBuiltInKeywords.uploadFile(WebUiBuiltInKeywords.groovy:2945)
	at com.kms.katalon.core.webui.keyword.WebUiBuiltInKeywords$uploadFile$5.call(Unknown Source)
	at Script1535535645121.run(Script1535535645121.groovy:35)
	... 13 more


2019-03-27 12:15:09 - [TEST_STEP][PASSED] - callTestCase(findTestCase("s-sidebar_navigation/individualAccount/Comment capture"), [:], STOP_ON_FAILURE): Call Test Case 'Test Cases/s-sidebar_navigation/individualAccount/Comment capture' successfully

2019-03-27 12:15:09 - [TEST_CASE][PASSED] - Test Cases/s-sidebar_navigation/individualAccount/Comment capture: Test Cases/s-sidebar_navigation/individualAccount/Comment capture

2019-03-27 12:15:09 - [TEST_STEP][PASSED] - callTestCase(findTestCase("s-sidebar_navigation/individualAccount/Login-KiboEngage"), [:], STOP_ON_FAILURE): Call Test Case 'Test Cases/s-sidebar_navigation/individualAccount/Login-KiboEngage' successfully

2019-03-27 12:15:09 - [TEST_CASE][PASSED] - Test Cases/s-sidebar_navigation/individualAccount/Login-KiboEngage: Test Cases/s-sidebar_navigation/individualAccount/Login-KiboEngage

2019-03-27 12:15:09 - [TEST_STEP][PASSED] - openBrowser(""): Browser is opened with url: ''

2019-03-27 12:15:09 - [MESSAGE][WARNING] - A browser is already opened. Closing browser and opening a new one

2019-03-27 12:15:09 - [MESSAGE][INFO] - Starting 'Chrome' driver

2019-03-27 12:15:09 - [MESSAGE][PASSED] - Browser is opened with url: ''

2019-03-27 12:15:09 - [TEST_STEP][PASSED] - maximizeWindow(): Current window maximized

2019-03-27 12:15:10 - [MESSAGE][PASSED] - Current window maximized

2019-03-27 12:15:10 - [TEST_STEP][PASSED] - navigateToUrl("https://kiboengage.cloudkibo.com/"): Navigate to 'https://kiboengage.cloudkibo.com/' successfully

2019-03-27 12:15:23 - [MESSAGE][PASSED] - Navigate to 'https://kiboengage.cloudkibo.com/' successfully

2019-03-27 12:15:23 - [TEST_STEP][PASSED] - navigateToUrl("https://accounts.cloudkibo.com/?continue=https://kiboengage.cloudkibo.com"): Navigate to 'https://accounts.cloudkibo.com/?continue=https://kiboengage.cloudkibo.com' successfully

2019-03-27 12:15:24 - [MESSAGE][PASSED] - Navigate to 'https://accounts.cloudkibo.com/?continue=https://kiboengage.cloudkibo.com' successfully

2019-03-27 12:15:24 - [TEST_STEP][PASSED] - click(findTestObject("Page_KiboPush/a_Login (9) (1)")): Object: 'Object Repository/Page_KiboPush/a_Login (9) (1)' is clicked on

2019-03-27 12:15:25 - [MESSAGE][PASSED] - Object: 'Object Repository/Page_KiboPush/a_Login (9) (1)' is clicked on

2019-03-27 12:15:25 - [TEST_STEP][PASSED] - setText(findTestObject("Page_KiboPush/input_email (10) (1)"), "individual@cloudkibo.com"): Text 'individual@cloudkibo.com' is set on object 'Object Repository/Page_KiboPush/input_email (10) (1)'

2019-03-27 12:15:25 - [MESSAGE][PASSED] - Text 'individual@cloudkibo.com' is set on object 'Object Repository/Page_KiboPush/input_email (10) (1)'

2019-03-27 12:15:25 - [TEST_STEP][PASSED] - setEncryptedText(findTestObject("Page_KiboPush/input_password (9) (1)"), "RigbBhfdqOBGNlJIWM1ClA=="): Text ****** has been set on object 'Object Repository/Page_KiboPush/input_password (9) (1)'

2019-03-27 12:15:25 - [MESSAGE][PASSED] - Text ****** has been set on object 'Object Repository/Page_KiboPush/input_password (9) (1)'

2019-03-27 12:15:25 - [TEST_STEP][PASSED] - click(findTestObject("Page_KiboPush/button_Sign In (10) (1)")): Object: 'Object Repository/Page_KiboPush/button_Sign In (10) (1)' is clicked on

2019-03-27 12:15:25 - [MESSAGE][PASSED] - Object: 'Object Repository/Page_KiboPush/button_Sign In (10) (1)' is clicked on

2019-03-27 12:15:25 - [TEST_STEP][PASSED] - navigateToUrl("https://kiboengage.cloudkibo.com/dashboard"): Navigate to 'https://kiboengage.cloudkibo.com/dashboard' successfully

2019-03-27 12:15:54 - [MESSAGE][PASSED] - Navigate to 'https://kiboengage.cloudkibo.com/dashboard' successfully

2019-03-27 12:15:54 - [TEST_STEP][PASSED] - click(findTestObject("Object Repository/Page_KiboPush  Dashboard/h3_Dashboard (57)")): Object: 'Object Repository/Page_KiboPush  Dashboard/h3_Dashboard (57)' is clicked on

2019-03-27 12:15:54 - [MESSAGE][PASSED] - Object: 'Object Repository/Page_KiboPush  Dashboard/h3_Dashboard (57)' is clicked on

2019-03-27 12:15:54 - [TEST_STEP][PASSED] - delay(3): Delayed 3 second(s)

2019-03-27 12:15:57 - [MESSAGE][PASSED] - Delayed 3 second(s)

2019-03-27 12:15:57 - [MESSAGE][PASSED] - Call Test Case 'Test Cases/s-sidebar_navigation/individualAccount/Login-KiboEngage' successfully

2019-03-27 12:15:57 - [TEST_STEP][PASSED] - click(findTestObject("Page_KiboPush  Dashboard/span_Growth Tools")): Object: 'Object Repository/Page_KiboPush  Dashboard/span_Growth Tools' is clicked on

2019-03-27 12:15:57 - [MESSAGE][PASSED] - Object: 'Object Repository/Page_KiboPush  Dashboard/span_Growth Tools' is clicked on

2019-03-27 12:15:57 - [TEST_STEP][PASSED] - delay(1): Delayed 1 second(s)

2019-03-27 12:15:58 - [MESSAGE][PASSED] - Delayed 1 second(s)

2019-03-27 12:15:58 - [TEST_STEP][PASSED] - click(findTestObject("Page_KiboPush  Dashboard/span_Comment Capture")): Object: 'Object Repository/Page_KiboPush  Dashboard/span_Comment Capture' is clicked on

2019-03-27 12:15:58 - [MESSAGE][PASSED] - Object: 'Object Repository/Page_KiboPush  Dashboard/span_Comment Capture' is clicked on

2019-03-27 12:15:58 - [TEST_STEP][PASSED] - click(findTestObject("Page_KiboPush  Comment Capture/h3_Comment Capture")): Object: 'Object Repository/Page_KiboPush  Comment Capture/h3_Comment Capture' is clicked on

2019-03-27 12:15:58 - [MESSAGE][PASSED] - Object: 'Object Repository/Page_KiboPush  Comment Capture/h3_Comment Capture' is clicked on

2019-03-27 12:15:58 - [MESSAGE][PASSED] - Call Test Case 'Test Cases/s-sidebar_navigation/individualAccount/Comment capture' successfully

2019-03-27 12:15:58 - [TEST_STEP][PASSED] - click(findTestObject("Object Repository/Page_KiboPush  Comment Capture/span_Create New Facebook Post")): Object: 'Object Repository/Page_KiboPush  Comment Capture/span_Create New Facebook Post' is clicked on

2019-03-27 12:15:59 - [MESSAGE][PASSED] - Object: 'Object Repository/Page_KiboPush  Comment Capture/span_Create New Facebook Post' is clicked on

2019-03-27 12:15:59 - [TEST_STEP][PASSED] - img = getProjectDir() + "/sample.jpg": null

2019-03-27 12:15:59 - [TEST_STEP][PASSED] - uploadFile(findTestObject("Page_KiboPush  Comment Capture/img"), img): File '/home/cloudkibo-faizan/Drive/Katalon/production/KiboPush/sample.jpg' sent to object: 'Object Repository/Page_KiboPush  Comment Capture/img'

2019-03-27 12:15:59 - [MESSAGE][PASSED] - File '/home/cloudkibo-faizan/Drive/Katalon/production/KiboPush/sample.jpg' sent to object: 'Object Repository/Page_KiboPush  Comment Capture/img'

2019-03-27 12:15:59 - [TEST_STEP][PASSED] - delay(5): Delayed 5 second(s)

2019-03-27 12:16:04 - [MESSAGE][PASSED] - Delayed 5 second(s)

2019-03-27 12:16:04 - [TEST_STEP][PASSED] - video = getProjectDir() + "/video.mp4": null

2019-03-27 12:16:04 - [TEST_STEP][FAILED] - uploadFile(findTestObject("Page_KiboPush  Comment Capture/Video"), video): uploadFile(findTestObject("Page_KiboPush  Comment Capture/Video"), video) FAILED.
Reason:
com.kms.katalon.core.exception.StepFailedException: Unable to upload file '/home/cloudkibo-faizan/Drive/Katalon/production/KiboPush/video.mp4' to object 'Object Repository/Page_KiboPush  Comment Capture/Video'
	at com.kms.katalon.core.webui.keyword.internal.WebUIKeywordMain.stepFailed(WebUIKeywordMain.groovy:64)
	at com.kms.katalon.core.webui.keyword.internal.WebUIKeywordMain.runKeyword(WebUIKeywordMain.groovy:26)
	at com.kms.katalon.core.webui.keyword.builtin.UploadFileKeyword.uploadFile(UploadFileKeyword.groovy:87)
	at com.kms.katalon.core.webui.keyword.builtin.UploadFileKeyword.execute(UploadFileKeyword.groovy:68)
	at com.kms.katalon.core.keyword.internal.KeywordExecutor.executeKeywordForPlatform(KeywordExecutor.groovy:56)
	at com.kms.katalon.core.webui.keyword.WebUiBuiltInKeywords.uploadFile(WebUiBuiltInKeywords.groovy:2945)
	at com.kms.katalon.core.webui.keyword.WebUiBuiltInKeywords$uploadFile$5.call(Unknown Source)
	at TC0522.run(TC0522:35)
	at com.kms.katalon.core.main.ScriptEngine.run(ScriptEngine.java:194)
	at com.kms.katalon.core.main.ScriptEngine.runScriptAsRawText(ScriptEngine.java:119)
	at com.kms.katalon.core.main.TestCaseExecutor.runScript(TestCaseExecutor.java:331)
	at com.kms.katalon.core.main.TestCaseExecutor.doExecute(TestCaseExecutor.java:322)
	at com.kms.katalon.core.main.TestCaseExecutor.processExecutionPhase(TestCaseExecutor.java:301)
	at com.kms.katalon.core.main.TestCaseExecutor.accessMainPhase(TestCaseExecutor.java:293)
	at com.kms.katalon.core.main.TestCaseExecutor.execute(TestCaseExecutor.java:227)
	at com.kms.katalon.core.main.TestSuiteExecutor.accessTestCaseMainPhase(TestSuiteExecutor.java:129)
	at com.kms.katalon.core.main.TestSuiteExecutor.accessTestSuiteMainPhase(TestSuiteExecutor.java:112)
	at com.kms.katalon.core.main.TestSuiteExecutor.execute(TestSuiteExecutor.java:81)
	at com.kms.katalon.core.main.TestCaseMain.startTestSuite(TestCaseMain.java:157)
	at com.kms.katalon.core.main.TestCaseMain$startTestSuite$0.call(Unknown Source)
	at TempTestSuite1553670311511.run(TempTestSuite1553670311511.groovy:35)
Caused by: com.kms.katalon.core.webui.exception.WebElementNotFoundException: Web element with id: 'Object Repository/Page_KiboPush  Comment Capture/Video' located by 'By.xpath: //*[@id="uploadVideo"]/input' not found
	at com.kms.katalon.core.webui.common.WebUiCommonHelper.findWebElement(WebUiCommonHelper.java:1053)
	at com.kms.katalon.core.webui.keyword.internal.WebUIAbstractKeyword.findWebElement(WebUIAbstractKeyword.groovy:27)
	at com.kms.katalon.core.webui.keyword.internal.WebUIAbstractKeyword.findWebElement(WebUIAbstractKeyword.groovy:26)
	at com.kms.katalon.core.webui.keyword.builtin.UploadFileKeyword$_uploadFile_closure1.doCall(UploadFileKeyword.groovy:79)
	at com.kms.katalon.core.webui.keyword.builtin.UploadFileKeyword$_uploadFile_closure1.call(UploadFileKeyword.groovy)
	at com.kms.katalon.core.webui.keyword.internal.WebUIKeywordMain.runKeyword(WebUIKeywordMain.groovy:20)
	at com.kms.katalon.core.webui.keyword.builtin.UploadFileKeyword.uploadFile(UploadFileKeyword.groovy:87)
	at com.kms.katalon.core.webui.keyword.builtin.UploadFileKeyword.execute(UploadFileKeyword.groovy:68)
	at com.kms.katalon.core.keyword.internal.KeywordExecutor.executeKeywordForPlatform(KeywordExecutor.groovy:56)
	at com.kms.katalon.core.webui.keyword.WebUiBuiltInKeywords.uploadFile(WebUiBuiltInKeywords.groovy:2945)
	at com.kms.katalon.core.webui.keyword.WebUiBuiltInKeywords$uploadFile$5.call(Unknown Source)
	at Script1535535645121.run(Script1535535645121.groovy:35)
	... 13 more


2019-03-27 12:16:34 - [MESSAGE][INFO] - Unable to find the element located by 'By.xpath: //*[@id="uploadVideo"]/input'. Please recheck the objects properties to make sure the desired element is located. 

2019-03-27 12:16:34 - [MESSAGE][FAILED] - Unable to upload file '/home/cloudkibo-faizan/Drive/Katalon/production/KiboPush/video.mp4' to object 'Object Repository/Page_KiboPush  Comment Capture/Video' (Root cause: com.kms.katalon.core.exception.StepFailedException: Unable to upload file '/home/cloudkibo-faizan/Drive/Katalon/production/KiboPush/video.mp4' to object 'Object Repository/Page_KiboPush  Comment Capture/Video'
	at com.kms.katalon.core.webui.keyword.internal.WebUIKeywordMain.stepFailed(WebUIKeywordMain.groovy:64)
	at com.kms.katalon.core.webui.keyword.internal.WebUIKeywordMain.runKeyword(WebUIKeywordMain.groovy:26)
	at com.kms.katalon.core.webui.keyword.builtin.UploadFileKeyword.uploadFile(UploadFileKeyword.groovy:87)
	at com.kms.katalon.core.webui.keyword.builtin.UploadFileKeyword.execute(UploadFileKeyword.groovy:68)
	at com.kms.katalon.core.keyword.internal.KeywordExecutor.executeKeywordForPlatform(KeywordExecutor.groovy:56)
	at com.kms.katalon.core.webui.keyword.WebUiBuiltInKeywords.uploadFile(WebUiBuiltInKeywords.groovy:2945)
	at com.kms.katalon.core.webui.keyword.WebUiBuiltInKeywords$uploadFile$5.call(Unknown Source)
	at TC0522.run(TC0522:35)
	at com.kms.katalon.core.main.ScriptEngine.run(ScriptEngine.java:194)
	at com.kms.katalon.core.main.ScriptEngine.runScriptAsRawText(ScriptEngine.java:119)
	at com.kms.katalon.core.main.TestCaseExecutor.runScript(TestCaseExecutor.java:331)
	at com.kms.katalon.core.main.TestCaseExecutor.doExecute(TestCaseExecutor.java:322)
	at com.kms.katalon.core.main.TestCaseExecutor.processExecutionPhase(TestCaseExecutor.java:301)
	at com.kms.katalon.core.main.TestCaseExecutor.accessMainPhase(TestCaseExecutor.java:293)
	at com.kms.katalon.core.main.TestCaseExecutor.execute(TestCaseExecutor.java:227)
	at com.kms.katalon.core.main.TestSuiteExecutor.accessTestCaseMainPhase(TestSuiteExecutor.java:129)
	at com.kms.katalon.core.main.TestSuiteExecutor.accessTestSuiteMainPhase(TestSuiteExecutor.java:112)
	at com.kms.katalon.core.main.TestSuiteExecutor.execute(TestSuiteExecutor.java:81)
	at com.kms.katalon.core.main.TestCaseMain.startTestSuite(TestCaseMain.java:157)
	at com.kms.katalon.core.main.TestCaseMain$startTestSuite$0.call(Unknown Source)
	at TempTestSuite1553670311511.run(TempTestSuite1553670311511.groovy:35)
Caused by: com.kms.katalon.core.webui.exception.WebElementNotFoundException: Web element with id: 'Object Repository/Page_KiboPush  Comment Capture/Video' located by 'By.xpath: //*[@id="uploadVideo"]/input' not found
	at com.kms.katalon.core.webui.common.WebUiCommonHelper.findWebElement(WebUiCommonHelper.java:1053)
	at com.kms.katalon.core.webui.keyword.internal.WebUIAbstractKeyword.findWebElement(WebUIAbstractKeyword.groovy:27)
	at com.kms.katalon.core.webui.keyword.internal.WebUIAbstractKeyword.findWebElement(WebUIAbstractKeyword.groovy:26)
	at com.kms.katalon.core.webui.keyword.builtin.UploadFileKeyword$_uploadFile_closure1.doCall(UploadFileKeyword.groovy:79)
	at com.kms.katalon.core.webui.keyword.builtin.UploadFileKeyword$_uploadFile_closure1.call(UploadFileKeyword.groovy)
	at com.kms.katalon.core.webui.keyword.internal.WebUIKeywordMain.runKeyword(WebUIKeywordMain.groovy:20)
	at com.kms.katalon.core.webui.keyword.builtin.UploadFileKeyword.uploadFile(UploadFileKeyword.groovy:87)
	at com.kms.katalon.core.webui.keyword.builtin.UploadFileKeyword.execute(UploadFileKeyword.groovy:68)
	at com.kms.katalon.core.keyword.internal.KeywordExecutor.executeKeywordForPlatform(KeywordExecutor.groovy:56)
	at com.kms.katalon.core.webui.keyword.WebUiBuiltInKeywords.uploadFile(WebUiBuiltInKeywords.groovy:2945)
	at com.kms.katalon.core.webui.keyword.WebUiBuiltInKeywords$uploadFile$5.call(Unknown Source)
	at Script1535535645121.run(Script1535535645121.groovy:35)
	... 13 more
)
[[ATTACHMENT|/home/cloudkibo-faizan/Drive/Katalon/production/KiboPush/Reports/capture/20190327_120511/1553670994849.png]]

2019-03-27 12:16:34 - [MESSAGE][FAILED] - uploadFile(findTestObject("Page_KiboPush  Comment Capture/Video"), video) FAILED.
Reason:
com.kms.katalon.core.exception.StepFailedException: Unable to upload file '/home/cloudkibo-faizan/Drive/Katalon/production/KiboPush/video.mp4' to object 'Object Repository/Page_KiboPush  Comment Capture/Video'
	at com.kms.katalon.core.webui.keyword.internal.WebUIKeywordMain.stepFailed(WebUIKeywordMain.groovy:64)
	at com.kms.katalon.core.webui.keyword.internal.WebUIKeywordMain.runKeyword(WebUIKeywordMain.groovy:26)
	at com.kms.katalon.core.webui.keyword.builtin.UploadFileKeyword.uploadFile(UploadFileKeyword.groovy:87)
	at com.kms.katalon.core.webui.keyword.builtin.UploadFileKeyword.execute(UploadFileKeyword.groovy:68)
	at com.kms.katalon.core.keyword.internal.KeywordExecutor.executeKeywordForPlatform(KeywordExecutor.groovy:56)
	at com.kms.katalon.core.webui.keyword.WebUiBuiltInKeywords.uploadFile(WebUiBuiltInKeywords.groovy:2945)
	at com.kms.katalon.core.webui.keyword.WebUiBuiltInKeywords$uploadFile$5.call(Unknown Source)
	at TC0522.run(TC0522:35)
	at com.kms.katalon.core.main.ScriptEngine.run(ScriptEngine.java:194)
	at com.kms.katalon.core.main.ScriptEngine.runScriptAsRawText(ScriptEngine.java:119)
	at com.kms.katalon.core.main.TestCaseExecutor.runScript(TestCaseExecutor.java:331)
	at com.kms.katalon.core.main.TestCaseExecutor.doExecute(TestCaseExecutor.java:322)
	at com.kms.katalon.core.main.TestCaseExecutor.processExecutionPhase(TestCaseExecutor.java:301)
	at com.kms.katalon.core.main.TestCaseExecutor.accessMainPhase(TestCaseExecutor.java:293)
	at com.kms.katalon.core.main.TestCaseExecutor.execute(TestCaseExecutor.java:227)
	at com.kms.katalon.core.main.TestSuiteExecutor.accessTestCaseMainPhase(TestSuiteExecutor.java:129)
	at com.kms.katalon.core.main.TestSuiteExecutor.accessTestSuiteMainPhase(TestSuiteExecutor.java:112)
	at com.kms.katalon.core.main.TestSuiteExecutor.execute(TestSuiteExecutor.java:81)
	at com.kms.katalon.core.main.TestCaseMain.startTestSuite(TestCaseMain.java:157)
	at com.kms.katalon.core.main.TestCaseMain$startTestSuite$0.call(Unknown Source)
	at TempTestSuite1553670311511.run(TempTestSuite1553670311511.groovy:35)
Caused by: com.kms.katalon.core.webui.exception.WebElementNotFoundException: Web element with id: 'Object Repository/Page_KiboPush  Comment Capture/Video' located by 'By.xpath: //*[@id="uploadVideo"]/input' not found
	at com.kms.katalon.core.webui.common.WebUiCommonHelper.findWebElement(WebUiCommonHelper.java:1053)
	at com.kms.katalon.core.webui.keyword.internal.WebUIAbstractKeyword.findWebElement(WebUIAbstractKeyword.groovy:27)
	at com.kms.katalon.core.webui.keyword.internal.WebUIAbstractKeyword.findWebElement(WebUIAbstractKeyword.groovy:26)
	at com.kms.katalon.core.webui.keyword.builtin.UploadFileKeyword$_uploadFile_closure1.doCall(UploadFileKeyword.groovy:79)
	at com.kms.katalon.core.webui.keyword.builtin.UploadFileKeyword$_uploadFile_closure1.call(UploadFileKeyword.groovy)
	at com.kms.katalon.core.webui.keyword.internal.WebUIKeywordMain.runKeyword(WebUIKeywordMain.groovy:20)
	at com.kms.katalon.core.webui.keyword.builtin.UploadFileKeyword.uploadFile(UploadFileKeyword.groovy:87)
	at com.kms.katalon.core.webui.keyword.builtin.UploadFileKeyword.execute(UploadFileKeyword.groovy:68)
	at com.kms.katalon.core.keyword.internal.KeywordExecutor.executeKeywordForPlatform(KeywordExecutor.groovy:56)
	at com.kms.katalon.core.webui.keyword.WebUiBuiltInKeywords.uploadFile(WebUiBuiltInKeywords.groovy:2945)
	at com.kms.katalon.core.webui.keyword.WebUiBuiltInKeywords$uploadFile$5.call(Unknown Source)
	at Script1535535645121.run(Script1535535645121.groovy:35)
	... 13 more]]></system-out>
         <system-err><![CDATA[2019-03-27 12:15:09 - [TEST_CASE][FAILED] - Test Cases/Comment Capture TestCases/TC0522: Test Cases/Comment Capture TestCases/TC0522 FAILED.
Reason:
com.kms.katalon.core.exception.StepFailedException: Unable to upload file '/home/cloudkibo-faizan/Drive/Katalon/production/KiboPush/video.mp4' to object 'Object Repository/Page_KiboPush  Comment Capture/Video'
	at com.kms.katalon.core.webui.keyword.internal.WebUIKeywordMain.stepFailed(WebUIKeywordMain.groovy:64)
	at com.kms.katalon.core.webui.keyword.internal.WebUIKeywordMain.runKeyword(WebUIKeywordMain.groovy:26)
	at com.kms.katalon.core.webui.keyword.builtin.UploadFileKeyword.uploadFile(UploadFileKeyword.groovy:87)
	at com.kms.katalon.core.webui.keyword.builtin.UploadFileKeyword.execute(UploadFileKeyword.groovy:68)
	at com.kms.katalon.core.keyword.internal.KeywordExecutor.executeKeywordForPlatform(KeywordExecutor.groovy:56)
	at com.kms.katalon.core.webui.keyword.WebUiBuiltInKeywords.uploadFile(WebUiBuiltInKeywords.groovy:2945)
	at com.kms.katalon.core.webui.keyword.WebUiBuiltInKeywords$uploadFile$5.call(Unknown Source)
	at TC0522.run(TC0522:35)
	at com.kms.katalon.core.main.ScriptEngine.run(ScriptEngine.java:194)
	at com.kms.katalon.core.main.ScriptEngine.runScriptAsRawText(ScriptEngine.java:119)
	at com.kms.katalon.core.main.TestCaseExecutor.runScript(TestCaseExecutor.java:331)
	at com.kms.katalon.core.main.TestCaseExecutor.doExecute(TestCaseExecutor.java:322)
	at com.kms.katalon.core.main.TestCaseExecutor.processExecutionPhase(TestCaseExecutor.java:301)
	at com.kms.katalon.core.main.TestCaseExecutor.accessMainPhase(TestCaseExecutor.java:293)
	at com.kms.katalon.core.main.TestCaseExecutor.execute(TestCaseExecutor.java:227)
	at com.kms.katalon.core.main.TestSuiteExecutor.accessTestCaseMainPhase(TestSuiteExecutor.java:129)
	at com.kms.katalon.core.main.TestSuiteExecutor.accessTestSuiteMainPhase(TestSuiteExecutor.java:112)
	at com.kms.katalon.core.main.TestSuiteExecutor.execute(TestSuiteExecutor.java:81)
	at com.kms.katalon.core.main.TestCaseMain.startTestSuite(TestCaseMain.java:157)
	at com.kms.katalon.core.main.TestCaseMain$startTestSuite$0.call(Unknown Source)
	at TempTestSuite1553670311511.run(TempTestSuite1553670311511.groovy:35)
Caused by: com.kms.katalon.core.webui.exception.WebElementNotFoundException: Web element with id: 'Object Repository/Page_KiboPush  Comment Capture/Video' located by 'By.xpath: //*[@id="uploadVideo"]/input' not found
	at com.kms.katalon.core.webui.common.WebUiCommonHelper.findWebElement(WebUiCommonHelper.java:1053)
	at com.kms.katalon.core.webui.keyword.internal.WebUIAbstractKeyword.findWebElement(WebUIAbstractKeyword.groovy:27)
	at com.kms.katalon.core.webui.keyword.internal.WebUIAbstractKeyword.findWebElement(WebUIAbstractKeyword.groovy:26)
	at com.kms.katalon.core.webui.keyword.builtin.UploadFileKeyword$_uploadFile_closure1.doCall(UploadFileKeyword.groovy:79)
	at com.kms.katalon.core.webui.keyword.builtin.UploadFileKeyword$_uploadFile_closure1.call(UploadFileKeyword.groovy)
	at com.kms.katalon.core.webui.keyword.internal.WebUIKeywordMain.runKeyword(WebUIKeywordMain.groovy:20)
	at com.kms.katalon.core.webui.keyword.builtin.UploadFileKeyword.uploadFile(UploadFileKeyword.groovy:87)
	at com.kms.katalon.core.webui.keyword.builtin.UploadFileKeyword.execute(UploadFileKeyword.groovy:68)
	at com.kms.katalon.core.keyword.internal.KeywordExecutor.executeKeywordForPlatform(KeywordExecutor.groovy:56)
	at com.kms.katalon.core.webui.keyword.WebUiBuiltInKeywords.uploadFile(WebUiBuiltInKeywords.groovy:2945)
	at com.kms.katalon.core.webui.keyword.WebUiBuiltInKeywords$uploadFile$5.call(Unknown Source)
	at Script1535535645121.run(Script1535535645121.groovy:35)
	... 13 more]]></system-err>
      </testcase>
      <testcase name="Test Cases/Comment Capture TestCases/TC0523" classname="Test Cases/Comment Capture TestCases/TC0523" status="FAILED">
         <failure type="FAILED" message="Test Cases/Comment Capture TestCases/TC0523 FAILED.
Reason:
com.kms.katalon.core.exception.StepFailedException: Unable to upload file '/home/cloudkibo-faizan/Drive/Katalon/production/KiboPush/video.mp4' to object 'Object Repository/Page_KiboPush  Comment Capture/Video'
	at com.kms.katalon.core.webui.keyword.internal.WebUIKeywordMain.stepFailed(WebUIKeywordMain.groovy:64)
	at com.kms.katalon.core.webui.keyword.internal.WebUIKeywordMain.runKeyword(WebUIKeywordMain.groovy:26)
	at com.kms.katalon.core.webui.keyword.builtin.UploadFileKeyword.uploadFile(UploadFileKeyword.groovy:87)
	at com.kms.katalon.core.webui.keyword.builtin.UploadFileKeyword.execute(UploadFileKeyword.groovy:68)
	at com.kms.katalon.core.keyword.internal.KeywordExecutor.executeKeywordForPlatform(KeywordExecutor.groovy:56)
	at com.kms.katalon.core.webui.keyword.WebUiBuiltInKeywords.uploadFile(WebUiBuiltInKeywords.groovy:2945)
	at com.kms.katalon.core.webui.keyword.WebUiBuiltInKeywords$uploadFile$5.call(Unknown Source)
	at TC0523.run(TC0523:29)
	at com.kms.katalon.core.main.ScriptEngine.run(ScriptEngine.java:194)
	at com.kms.katalon.core.main.ScriptEngine.runScriptAsRawText(ScriptEngine.java:119)
	at com.kms.katalon.core.main.TestCaseExecutor.runScript(TestCaseExecutor.java:331)
	at com.kms.katalon.core.main.TestCaseExecutor.doExecute(TestCaseExecutor.java:322)
	at com.kms.katalon.core.main.TestCaseExecutor.processExecutionPhase(TestCaseExecutor.java:301)
	at com.kms.katalon.core.main.TestCaseExecutor.accessMainPhase(TestCaseExecutor.java:293)
	at com.kms.katalon.core.main.TestCaseExecutor.execute(TestCaseExecutor.java:227)
	at com.kms.katalon.core.main.TestSuiteExecutor.accessTestCaseMainPhase(TestSuiteExecutor.java:129)
	at com.kms.katalon.core.main.TestSuiteExecutor.accessTestSuiteMainPhase(TestSuiteExecutor.java:112)
	at com.kms.katalon.core.main.TestSuiteExecutor.execute(TestSuiteExecutor.java:81)
	at com.kms.katalon.core.main.TestCaseMain.startTestSuite(TestCaseMain.java:157)
	at com.kms.katalon.core.main.TestCaseMain$startTestSuite$0.call(Unknown Source)
	at TempTestSuite1553670311511.run(TempTestSuite1553670311511.groovy:35)
Caused by: com.kms.katalon.core.webui.exception.WebElementNotFoundException: Web element with id: 'Object Repository/Page_KiboPush  Comment Capture/Video' located by 'By.xpath: //*[@id=&quot;uploadVideo&quot;]/input' not found
	at com.kms.katalon.core.webui.common.WebUiCommonHelper.findWebElement(WebUiCommonHelper.java:1053)
	at com.kms.katalon.core.webui.keyword.internal.WebUIAbstractKeyword.findWebElement(WebUIAbstractKeyword.groovy:27)
	at com.kms.katalon.core.webui.keyword.internal.WebUIAbstractKeyword.findWebElement(WebUIAbstractKeyword.groovy:26)
	at com.kms.katalon.core.webui.keyword.builtin.UploadFileKeyword$_uploadFile_closure1.doCall(UploadFileKeyword.groovy:79)
	at com.kms.katalon.core.webui.keyword.builtin.UploadFileKeyword$_uploadFile_closure1.call(UploadFileKeyword.groovy)
	at com.kms.katalon.core.webui.keyword.internal.WebUIKeywordMain.runKeyword(WebUIKeywordMain.groovy:20)
	at com.kms.katalon.core.webui.keyword.builtin.UploadFileKeyword.uploadFile(UploadFileKeyword.groovy:87)
	at com.kms.katalon.core.webui.keyword.builtin.UploadFileKeyword.execute(UploadFileKeyword.groovy:68)
	at com.kms.katalon.core.keyword.internal.KeywordExecutor.executeKeywordForPlatform(KeywordExecutor.groovy:56)
	at com.kms.katalon.core.webui.keyword.WebUiBuiltInKeywords.uploadFile(WebUiBuiltInKeywords.groovy:2945)
	at com.kms.katalon.core.webui.keyword.WebUiBuiltInKeywords$uploadFile$5.call(Unknown Source)
	at Script1535539519633.run(Script1535539519633.groovy:29)
	... 13 more
"/>
         <system-out><![CDATA[2019-03-27 12:16:34 - [TEST_CASE][FAILED] - Test Cases/Comment Capture TestCases/TC0523: Test Cases/Comment Capture TestCases/TC0523 FAILED.
Reason:
com.kms.katalon.core.exception.StepFailedException: Unable to upload file '/home/cloudkibo-faizan/Drive/Katalon/production/KiboPush/video.mp4' to object 'Object Repository/Page_KiboPush  Comment Capture/Video'
	at com.kms.katalon.core.webui.keyword.internal.WebUIKeywordMain.stepFailed(WebUIKeywordMain.groovy:64)
	at com.kms.katalon.core.webui.keyword.internal.WebUIKeywordMain.runKeyword(WebUIKeywordMain.groovy:26)
	at com.kms.katalon.core.webui.keyword.builtin.UploadFileKeyword.uploadFile(UploadFileKeyword.groovy:87)
	at com.kms.katalon.core.webui.keyword.builtin.UploadFileKeyword.execute(UploadFileKeyword.groovy:68)
	at com.kms.katalon.core.keyword.internal.KeywordExecutor.executeKeywordForPlatform(KeywordExecutor.groovy:56)
	at com.kms.katalon.core.webui.keyword.WebUiBuiltInKeywords.uploadFile(WebUiBuiltInKeywords.groovy:2945)
	at com.kms.katalon.core.webui.keyword.WebUiBuiltInKeywords$uploadFile$5.call(Unknown Source)
	at TC0523.run(TC0523:29)
	at com.kms.katalon.core.main.ScriptEngine.run(ScriptEngine.java:194)
	at com.kms.katalon.core.main.ScriptEngine.runScriptAsRawText(ScriptEngine.java:119)
	at com.kms.katalon.core.main.TestCaseExecutor.runScript(TestCaseExecutor.java:331)
	at com.kms.katalon.core.main.TestCaseExecutor.doExecute(TestCaseExecutor.java:322)
	at com.kms.katalon.core.main.TestCaseExecutor.processExecutionPhase(TestCaseExecutor.java:301)
	at com.kms.katalon.core.main.TestCaseExecutor.accessMainPhase(TestCaseExecutor.java:293)
	at com.kms.katalon.core.main.TestCaseExecutor.execute(TestCaseExecutor.java:227)
	at com.kms.katalon.core.main.TestSuiteExecutor.accessTestCaseMainPhase(TestSuiteExecutor.java:129)
	at com.kms.katalon.core.main.TestSuiteExecutor.accessTestSuiteMainPhase(TestSuiteExecutor.java:112)
	at com.kms.katalon.core.main.TestSuiteExecutor.execute(TestSuiteExecutor.java:81)
	at com.kms.katalon.core.main.TestCaseMain.startTestSuite(TestCaseMain.java:157)
	at com.kms.katalon.core.main.TestCaseMain$startTestSuite$0.call(Unknown Source)
	at TempTestSuite1553670311511.run(TempTestSuite1553670311511.groovy:35)
Caused by: com.kms.katalon.core.webui.exception.WebElementNotFoundException: Web element with id: 'Object Repository/Page_KiboPush  Comment Capture/Video' located by 'By.xpath: //*[@id="uploadVideo"]/input' not found
	at com.kms.katalon.core.webui.common.WebUiCommonHelper.findWebElement(WebUiCommonHelper.java:1053)
	at com.kms.katalon.core.webui.keyword.internal.WebUIAbstractKeyword.findWebElement(WebUIAbstractKeyword.groovy:27)
	at com.kms.katalon.core.webui.keyword.internal.WebUIAbstractKeyword.findWebElement(WebUIAbstractKeyword.groovy:26)
	at com.kms.katalon.core.webui.keyword.builtin.UploadFileKeyword$_uploadFile_closure1.doCall(UploadFileKeyword.groovy:79)
	at com.kms.katalon.core.webui.keyword.builtin.UploadFileKeyword$_uploadFile_closure1.call(UploadFileKeyword.groovy)
	at com.kms.katalon.core.webui.keyword.internal.WebUIKeywordMain.runKeyword(WebUIKeywordMain.groovy:20)
	at com.kms.katalon.core.webui.keyword.builtin.UploadFileKeyword.uploadFile(UploadFileKeyword.groovy:87)
	at com.kms.katalon.core.webui.keyword.builtin.UploadFileKeyword.execute(UploadFileKeyword.groovy:68)
	at com.kms.katalon.core.keyword.internal.KeywordExecutor.executeKeywordForPlatform(KeywordExecutor.groovy:56)
	at com.kms.katalon.core.webui.keyword.WebUiBuiltInKeywords.uploadFile(WebUiBuiltInKeywords.groovy:2945)
	at com.kms.katalon.core.webui.keyword.WebUiBuiltInKeywords$uploadFile$5.call(Unknown Source)
	at Script1535539519633.run(Script1535539519633.groovy:29)
	... 13 more


2019-03-27 12:16:35 - [TEST_STEP][PASSED] - callTestCase(findTestCase("s-sidebar_navigation/individualAccount/Comment capture"), [:], STOP_ON_FAILURE): Call Test Case 'Test Cases/s-sidebar_navigation/individualAccount/Comment capture' successfully

2019-03-27 12:16:35 - [TEST_CASE][PASSED] - Test Cases/s-sidebar_navigation/individualAccount/Comment capture: Test Cases/s-sidebar_navigation/individualAccount/Comment capture

2019-03-27 12:16:35 - [TEST_STEP][PASSED] - callTestCase(findTestCase("s-sidebar_navigation/individualAccount/Login-KiboEngage"), [:], STOP_ON_FAILURE): Call Test Case 'Test Cases/s-sidebar_navigation/individualAccount/Login-KiboEngage' successfully

2019-03-27 12:16:35 - [TEST_CASE][PASSED] - Test Cases/s-sidebar_navigation/individualAccount/Login-KiboEngage: Test Cases/s-sidebar_navigation/individualAccount/Login-KiboEngage

2019-03-27 12:16:35 - [TEST_STEP][PASSED] - openBrowser(""): Browser is opened with url: ''

2019-03-27 12:16:35 - [MESSAGE][WARNING] - A browser is already opened. Closing browser and opening a new one

2019-03-27 12:16:35 - [MESSAGE][INFO] - Starting 'Chrome' driver

2019-03-27 12:16:35 - [MESSAGE][PASSED] - Browser is opened with url: ''

2019-03-27 12:16:35 - [TEST_STEP][PASSED] - maximizeWindow(): Current window maximized

2019-03-27 12:16:35 - [MESSAGE][PASSED] - Current window maximized

2019-03-27 12:16:35 - [TEST_STEP][PASSED] - navigateToUrl("https://kiboengage.cloudkibo.com/"): Navigate to 'https://kiboengage.cloudkibo.com/' successfully

2019-03-27 12:16:52 - [MESSAGE][PASSED] - Navigate to 'https://kiboengage.cloudkibo.com/' successfully

2019-03-27 12:16:52 - [TEST_STEP][PASSED] - navigateToUrl("https://accounts.cloudkibo.com/?continue=https://kiboengage.cloudkibo.com"): Navigate to 'https://accounts.cloudkibo.com/?continue=https://kiboengage.cloudkibo.com' successfully

2019-03-27 12:16:52 - [MESSAGE][PASSED] - Navigate to 'https://accounts.cloudkibo.com/?continue=https://kiboengage.cloudkibo.com' successfully

2019-03-27 12:16:52 - [TEST_STEP][PASSED] - click(findTestObject("Page_KiboPush/a_Login (9) (1)")): Object: 'Object Repository/Page_KiboPush/a_Login (9) (1)' is clicked on

2019-03-27 12:16:53 - [MESSAGE][PASSED] - Object: 'Object Repository/Page_KiboPush/a_Login (9) (1)' is clicked on

2019-03-27 12:16:53 - [TEST_STEP][PASSED] - setText(findTestObject("Page_KiboPush/input_email (10) (1)"), "individual@cloudkibo.com"): Text 'individual@cloudkibo.com' is set on object 'Object Repository/Page_KiboPush/input_email (10) (1)'

2019-03-27 12:16:53 - [MESSAGE][PASSED] - Text 'individual@cloudkibo.com' is set on object 'Object Repository/Page_KiboPush/input_email (10) (1)'

2019-03-27 12:16:53 - [TEST_STEP][PASSED] - setEncryptedText(findTestObject("Page_KiboPush/input_password (9) (1)"), "RigbBhfdqOBGNlJIWM1ClA=="): Text ****** has been set on object 'Object Repository/Page_KiboPush/input_password (9) (1)'

2019-03-27 12:16:54 - [MESSAGE][PASSED] - Text ****** has been set on object 'Object Repository/Page_KiboPush/input_password (9) (1)'

2019-03-27 12:16:54 - [TEST_STEP][PASSED] - click(findTestObject("Page_KiboPush/button_Sign In (10) (1)")): Object: 'Object Repository/Page_KiboPush/button_Sign In (10) (1)' is clicked on

2019-03-27 12:16:54 - [MESSAGE][PASSED] - Object: 'Object Repository/Page_KiboPush/button_Sign In (10) (1)' is clicked on

2019-03-27 12:16:54 - [TEST_STEP][PASSED] - navigateToUrl("https://kiboengage.cloudkibo.com/dashboard"): Navigate to 'https://kiboengage.cloudkibo.com/dashboard' successfully

2019-03-27 12:17:04 - [MESSAGE][PASSED] - Navigate to 'https://kiboengage.cloudkibo.com/dashboard' successfully

2019-03-27 12:17:04 - [TEST_STEP][PASSED] - click(findTestObject("Object Repository/Page_KiboPush  Dashboard/h3_Dashboard (57)")): Object: 'Object Repository/Page_KiboPush  Dashboard/h3_Dashboard (57)' is clicked on

2019-03-27 12:17:04 - [MESSAGE][PASSED] - Object: 'Object Repository/Page_KiboPush  Dashboard/h3_Dashboard (57)' is clicked on

2019-03-27 12:17:04 - [TEST_STEP][PASSED] - delay(3): Delayed 3 second(s)

2019-03-27 12:17:07 - [MESSAGE][PASSED] - Delayed 3 second(s)

2019-03-27 12:17:07 - [MESSAGE][PASSED] - Call Test Case 'Test Cases/s-sidebar_navigation/individualAccount/Login-KiboEngage' successfully

2019-03-27 12:17:07 - [TEST_STEP][PASSED] - click(findTestObject("Page_KiboPush  Dashboard/span_Growth Tools")): Object: 'Object Repository/Page_KiboPush  Dashboard/span_Growth Tools' is clicked on

2019-03-27 12:17:08 - [MESSAGE][PASSED] - Object: 'Object Repository/Page_KiboPush  Dashboard/span_Growth Tools' is clicked on

2019-03-27 12:17:08 - [TEST_STEP][PASSED] - delay(1): Delayed 1 second(s)

2019-03-27 12:17:09 - [MESSAGE][PASSED] - Delayed 1 second(s)

2019-03-27 12:17:09 - [TEST_STEP][PASSED] - click(findTestObject("Page_KiboPush  Dashboard/span_Comment Capture")): Object: 'Object Repository/Page_KiboPush  Dashboard/span_Comment Capture' is clicked on

2019-03-27 12:17:09 - [MESSAGE][PASSED] - Object: 'Object Repository/Page_KiboPush  Dashboard/span_Comment Capture' is clicked on

2019-03-27 12:17:09 - [TEST_STEP][PASSED] - click(findTestObject("Page_KiboPush  Comment Capture/h3_Comment Capture")): Object: 'Object Repository/Page_KiboPush  Comment Capture/h3_Comment Capture' is clicked on

2019-03-27 12:17:09 - [MESSAGE][PASSED] - Object: 'Object Repository/Page_KiboPush  Comment Capture/h3_Comment Capture' is clicked on

2019-03-27 12:17:09 - [MESSAGE][PASSED] - Call Test Case 'Test Cases/s-sidebar_navigation/individualAccount/Comment capture' successfully

2019-03-27 12:17:09 - [TEST_STEP][PASSED] - click(findTestObject("Object Repository/Page_KiboPush  Comment Capture/span_Create New Facebook Post")): Object: 'Object Repository/Page_KiboPush  Comment Capture/span_Create New Facebook Post' is clicked on

2019-03-27 12:17:09 - [MESSAGE][PASSED] - Object: 'Object Repository/Page_KiboPush  Comment Capture/span_Create New Facebook Post' is clicked on

2019-03-27 12:17:09 - [TEST_STEP][PASSED] - video = getProjectDir() + "/video.mp4": null

2019-03-27 12:17:09 - [TEST_STEP][FAILED] - uploadFile(findTestObject("Page_KiboPush  Comment Capture/Video"), video): uploadFile(findTestObject("Page_KiboPush  Comment Capture/Video"), video) FAILED.
Reason:
com.kms.katalon.core.exception.StepFailedException: Unable to upload file '/home/cloudkibo-faizan/Drive/Katalon/production/KiboPush/video.mp4' to object 'Object Repository/Page_KiboPush  Comment Capture/Video'
	at com.kms.katalon.core.webui.keyword.internal.WebUIKeywordMain.stepFailed(WebUIKeywordMain.groovy:64)
	at com.kms.katalon.core.webui.keyword.internal.WebUIKeywordMain.runKeyword(WebUIKeywordMain.groovy:26)
	at com.kms.katalon.core.webui.keyword.builtin.UploadFileKeyword.uploadFile(UploadFileKeyword.groovy:87)
	at com.kms.katalon.core.webui.keyword.builtin.UploadFileKeyword.execute(UploadFileKeyword.groovy:68)
	at com.kms.katalon.core.keyword.internal.KeywordExecutor.executeKeywordForPlatform(KeywordExecutor.groovy:56)
	at com.kms.katalon.core.webui.keyword.WebUiBuiltInKeywords.uploadFile(WebUiBuiltInKeywords.groovy:2945)
	at com.kms.katalon.core.webui.keyword.WebUiBuiltInKeywords$uploadFile$5.call(Unknown Source)
	at TC0523.run(TC0523:29)
	at com.kms.katalon.core.main.ScriptEngine.run(ScriptEngine.java:194)
	at com.kms.katalon.core.main.ScriptEngine.runScriptAsRawText(ScriptEngine.java:119)
	at com.kms.katalon.core.main.TestCaseExecutor.runScript(TestCaseExecutor.java:331)
	at com.kms.katalon.core.main.TestCaseExecutor.doExecute(TestCaseExecutor.java:322)
	at com.kms.katalon.core.main.TestCaseExecutor.processExecutionPhase(TestCaseExecutor.java:301)
	at com.kms.katalon.core.main.TestCaseExecutor.accessMainPhase(TestCaseExecutor.java:293)
	at com.kms.katalon.core.main.TestCaseExecutor.execute(TestCaseExecutor.java:227)
	at com.kms.katalon.core.main.TestSuiteExecutor.accessTestCaseMainPhase(TestSuiteExecutor.java:129)
	at com.kms.katalon.core.main.TestSuiteExecutor.accessTestSuiteMainPhase(TestSuiteExecutor.java:112)
	at com.kms.katalon.core.main.TestSuiteExecutor.execute(TestSuiteExecutor.java:81)
	at com.kms.katalon.core.main.TestCaseMain.startTestSuite(TestCaseMain.java:157)
	at com.kms.katalon.core.main.TestCaseMain$startTestSuite$0.call(Unknown Source)
	at TempTestSuite1553670311511.run(TempTestSuite1553670311511.groovy:35)
Caused by: com.kms.katalon.core.webui.exception.WebElementNotFoundException: Web element with id: 'Object Repository/Page_KiboPush  Comment Capture/Video' located by 'By.xpath: //*[@id="uploadVideo"]/input' not found
	at com.kms.katalon.core.webui.common.WebUiCommonHelper.findWebElement(WebUiCommonHelper.java:1053)
	at com.kms.katalon.core.webui.keyword.internal.WebUIAbstractKeyword.findWebElement(WebUIAbstractKeyword.groovy:27)
	at com.kms.katalon.core.webui.keyword.internal.WebUIAbstractKeyword.findWebElement(WebUIAbstractKeyword.groovy:26)
	at com.kms.katalon.core.webui.keyword.builtin.UploadFileKeyword$_uploadFile_closure1.doCall(UploadFileKeyword.groovy:79)
	at com.kms.katalon.core.webui.keyword.builtin.UploadFileKeyword$_uploadFile_closure1.call(UploadFileKeyword.groovy)
	at com.kms.katalon.core.webui.keyword.internal.WebUIKeywordMain.runKeyword(WebUIKeywordMain.groovy:20)
	at com.kms.katalon.core.webui.keyword.builtin.UploadFileKeyword.uploadFile(UploadFileKeyword.groovy:87)
	at com.kms.katalon.core.webui.keyword.builtin.UploadFileKeyword.execute(UploadFileKeyword.groovy:68)
	at com.kms.katalon.core.keyword.internal.KeywordExecutor.executeKeywordForPlatform(KeywordExecutor.groovy:56)
	at com.kms.katalon.core.webui.keyword.WebUiBuiltInKeywords.uploadFile(WebUiBuiltInKeywords.groovy:2945)
	at com.kms.katalon.core.webui.keyword.WebUiBuiltInKeywords$uploadFile$5.call(Unknown Source)
	at Script1535539519633.run(Script1535539519633.groovy:29)
	... 13 more


2019-03-27 12:17:40 - [MESSAGE][INFO] - Unable to find the element located by 'By.xpath: //*[@id="uploadVideo"]/input'. Please recheck the objects properties to make sure the desired element is located. 

2019-03-27 12:17:40 - [MESSAGE][FAILED] - Unable to upload file '/home/cloudkibo-faizan/Drive/Katalon/production/KiboPush/video.mp4' to object 'Object Repository/Page_KiboPush  Comment Capture/Video' (Root cause: com.kms.katalon.core.exception.StepFailedException: Unable to upload file '/home/cloudkibo-faizan/Drive/Katalon/production/KiboPush/video.mp4' to object 'Object Repository/Page_KiboPush  Comment Capture/Video'
	at com.kms.katalon.core.webui.keyword.internal.WebUIKeywordMain.stepFailed(WebUIKeywordMain.groovy:64)
	at com.kms.katalon.core.webui.keyword.internal.WebUIKeywordMain.runKeyword(WebUIKeywordMain.groovy:26)
	at com.kms.katalon.core.webui.keyword.builtin.UploadFileKeyword.uploadFile(UploadFileKeyword.groovy:87)
	at com.kms.katalon.core.webui.keyword.builtin.UploadFileKeyword.execute(UploadFileKeyword.groovy:68)
	at com.kms.katalon.core.keyword.internal.KeywordExecutor.executeKeywordForPlatform(KeywordExecutor.groovy:56)
	at com.kms.katalon.core.webui.keyword.WebUiBuiltInKeywords.uploadFile(WebUiBuiltInKeywords.groovy:2945)
	at com.kms.katalon.core.webui.keyword.WebUiBuiltInKeywords$uploadFile$5.call(Unknown Source)
	at TC0523.run(TC0523:29)
	at com.kms.katalon.core.main.ScriptEngine.run(ScriptEngine.java:194)
	at com.kms.katalon.core.main.ScriptEngine.runScriptAsRawText(ScriptEngine.java:119)
	at com.kms.katalon.core.main.TestCaseExecutor.runScript(TestCaseExecutor.java:331)
	at com.kms.katalon.core.main.TestCaseExecutor.doExecute(TestCaseExecutor.java:322)
	at com.kms.katalon.core.main.TestCaseExecutor.processExecutionPhase(TestCaseExecutor.java:301)
	at com.kms.katalon.core.main.TestCaseExecutor.accessMainPhase(TestCaseExecutor.java:293)
	at com.kms.katalon.core.main.TestCaseExecutor.execute(TestCaseExecutor.java:227)
	at com.kms.katalon.core.main.TestSuiteExecutor.accessTestCaseMainPhase(TestSuiteExecutor.java:129)
	at com.kms.katalon.core.main.TestSuiteExecutor.accessTestSuiteMainPhase(TestSuiteExecutor.java:112)
	at com.kms.katalon.core.main.TestSuiteExecutor.execute(TestSuiteExecutor.java:81)
	at com.kms.katalon.core.main.TestCaseMain.startTestSuite(TestCaseMain.java:157)
	at com.kms.katalon.core.main.TestCaseMain$startTestSuite$0.call(Unknown Source)
	at TempTestSuite1553670311511.run(TempTestSuite1553670311511.groovy:35)
Caused by: com.kms.katalon.core.webui.exception.WebElementNotFoundException: Web element with id: 'Object Repository/Page_KiboPush  Comment Capture/Video' located by 'By.xpath: //*[@id="uploadVideo"]/input' not found
	at com.kms.katalon.core.webui.common.WebUiCommonHelper.findWebElement(WebUiCommonHelper.java:1053)
	at com.kms.katalon.core.webui.keyword.internal.WebUIAbstractKeyword.findWebElement(WebUIAbstractKeyword.groovy:27)
	at com.kms.katalon.core.webui.keyword.internal.WebUIAbstractKeyword.findWebElement(WebUIAbstractKeyword.groovy:26)
	at com.kms.katalon.core.webui.keyword.builtin.UploadFileKeyword$_uploadFile_closure1.doCall(UploadFileKeyword.groovy:79)
	at com.kms.katalon.core.webui.keyword.builtin.UploadFileKeyword$_uploadFile_closure1.call(UploadFileKeyword.groovy)
	at com.kms.katalon.core.webui.keyword.internal.WebUIKeywordMain.runKeyword(WebUIKeywordMain.groovy:20)
	at com.kms.katalon.core.webui.keyword.builtin.UploadFileKeyword.uploadFile(UploadFileKeyword.groovy:87)
	at com.kms.katalon.core.webui.keyword.builtin.UploadFileKeyword.execute(UploadFileKeyword.groovy:68)
	at com.kms.katalon.core.keyword.internal.KeywordExecutor.executeKeywordForPlatform(KeywordExecutor.groovy:56)
	at com.kms.katalon.core.webui.keyword.WebUiBuiltInKeywords.uploadFile(WebUiBuiltInKeywords.groovy:2945)
	at com.kms.katalon.core.webui.keyword.WebUiBuiltInKeywords$uploadFile$5.call(Unknown Source)
	at Script1535539519633.run(Script1535539519633.groovy:29)
	... 13 more
)
[[ATTACHMENT|/home/cloudkibo-faizan/Drive/Katalon/production/KiboPush/Reports/capture/20190327_120511/1553671060324.png]]

2019-03-27 12:17:40 - [MESSAGE][FAILED] - uploadFile(findTestObject("Page_KiboPush  Comment Capture/Video"), video) FAILED.
Reason:
com.kms.katalon.core.exception.StepFailedException: Unable to upload file '/home/cloudkibo-faizan/Drive/Katalon/production/KiboPush/video.mp4' to object 'Object Repository/Page_KiboPush  Comment Capture/Video'
	at com.kms.katalon.core.webui.keyword.internal.WebUIKeywordMain.stepFailed(WebUIKeywordMain.groovy:64)
	at com.kms.katalon.core.webui.keyword.internal.WebUIKeywordMain.runKeyword(WebUIKeywordMain.groovy:26)
	at com.kms.katalon.core.webui.keyword.builtin.UploadFileKeyword.uploadFile(UploadFileKeyword.groovy:87)
	at com.kms.katalon.core.webui.keyword.builtin.UploadFileKeyword.execute(UploadFileKeyword.groovy:68)
	at com.kms.katalon.core.keyword.internal.KeywordExecutor.executeKeywordForPlatform(KeywordExecutor.groovy:56)
	at com.kms.katalon.core.webui.keyword.WebUiBuiltInKeywords.uploadFile(WebUiBuiltInKeywords.groovy:2945)
	at com.kms.katalon.core.webui.keyword.WebUiBuiltInKeywords$uploadFile$5.call(Unknown Source)
	at TC0523.run(TC0523:29)
	at com.kms.katalon.core.main.ScriptEngine.run(ScriptEngine.java:194)
	at com.kms.katalon.core.main.ScriptEngine.runScriptAsRawText(ScriptEngine.java:119)
	at com.kms.katalon.core.main.TestCaseExecutor.runScript(TestCaseExecutor.java:331)
	at com.kms.katalon.core.main.TestCaseExecutor.doExecute(TestCaseExecutor.java:322)
	at com.kms.katalon.core.main.TestCaseExecutor.processExecutionPhase(TestCaseExecutor.java:301)
	at com.kms.katalon.core.main.TestCaseExecutor.accessMainPhase(TestCaseExecutor.java:293)
	at com.kms.katalon.core.main.TestCaseExecutor.execute(TestCaseExecutor.java:227)
	at com.kms.katalon.core.main.TestSuiteExecutor.accessTestCaseMainPhase(TestSuiteExecutor.java:129)
	at com.kms.katalon.core.main.TestSuiteExecutor.accessTestSuiteMainPhase(TestSuiteExecutor.java:112)
	at com.kms.katalon.core.main.TestSuiteExecutor.execute(TestSuiteExecutor.java:81)
	at com.kms.katalon.core.main.TestCaseMain.startTestSuite(TestCaseMain.java:157)
	at com.kms.katalon.core.main.TestCaseMain$startTestSuite$0.call(Unknown Source)
	at TempTestSuite1553670311511.run(TempTestSuite1553670311511.groovy:35)
Caused by: com.kms.katalon.core.webui.exception.WebElementNotFoundException: Web element with id: 'Object Repository/Page_KiboPush  Comment Capture/Video' located by 'By.xpath: //*[@id="uploadVideo"]/input' not found
	at com.kms.katalon.core.webui.common.WebUiCommonHelper.findWebElement(WebUiCommonHelper.java:1053)
	at com.kms.katalon.core.webui.keyword.internal.WebUIAbstractKeyword.findWebElement(WebUIAbstractKeyword.groovy:27)
	at com.kms.katalon.core.webui.keyword.internal.WebUIAbstractKeyword.findWebElement(WebUIAbstractKeyword.groovy:26)
	at com.kms.katalon.core.webui.keyword.builtin.UploadFileKeyword$_uploadFile_closure1.doCall(UploadFileKeyword.groovy:79)
	at com.kms.katalon.core.webui.keyword.builtin.UploadFileKeyword$_uploadFile_closure1.call(UploadFileKeyword.groovy)
	at com.kms.katalon.core.webui.keyword.internal.WebUIKeywordMain.runKeyword(WebUIKeywordMain.groovy:20)
	at com.kms.katalon.core.webui.keyword.builtin.UploadFileKeyword.uploadFile(UploadFileKeyword.groovy:87)
	at com.kms.katalon.core.webui.keyword.builtin.UploadFileKeyword.execute(UploadFileKeyword.groovy:68)
	at com.kms.katalon.core.keyword.internal.KeywordExecutor.executeKeywordForPlatform(KeywordExecutor.groovy:56)
	at com.kms.katalon.core.webui.keyword.WebUiBuiltInKeywords.uploadFile(WebUiBuiltInKeywords.groovy:2945)
	at com.kms.katalon.core.webui.keyword.WebUiBuiltInKeywords$uploadFile$5.call(Unknown Source)
	at Script1535539519633.run(Script1535539519633.groovy:29)
	... 13 more]]></system-out>
         <system-err><![CDATA[2019-03-27 12:16:34 - [TEST_CASE][FAILED] - Test Cases/Comment Capture TestCases/TC0523: Test Cases/Comment Capture TestCases/TC0523 FAILED.
Reason:
com.kms.katalon.core.exception.StepFailedException: Unable to upload file '/home/cloudkibo-faizan/Drive/Katalon/production/KiboPush/video.mp4' to object 'Object Repository/Page_KiboPush  Comment Capture/Video'
	at com.kms.katalon.core.webui.keyword.internal.WebUIKeywordMain.stepFailed(WebUIKeywordMain.groovy:64)
	at com.kms.katalon.core.webui.keyword.internal.WebUIKeywordMain.runKeyword(WebUIKeywordMain.groovy:26)
	at com.kms.katalon.core.webui.keyword.builtin.UploadFileKeyword.uploadFile(UploadFileKeyword.groovy:87)
	at com.kms.katalon.core.webui.keyword.builtin.UploadFileKeyword.execute(UploadFileKeyword.groovy:68)
	at com.kms.katalon.core.keyword.internal.KeywordExecutor.executeKeywordForPlatform(KeywordExecutor.groovy:56)
	at com.kms.katalon.core.webui.keyword.WebUiBuiltInKeywords.uploadFile(WebUiBuiltInKeywords.groovy:2945)
	at com.kms.katalon.core.webui.keyword.WebUiBuiltInKeywords$uploadFile$5.call(Unknown Source)
	at TC0523.run(TC0523:29)
	at com.kms.katalon.core.main.ScriptEngine.run(ScriptEngine.java:194)
	at com.kms.katalon.core.main.ScriptEngine.runScriptAsRawText(ScriptEngine.java:119)
	at com.kms.katalon.core.main.TestCaseExecutor.runScript(TestCaseExecutor.java:331)
	at com.kms.katalon.core.main.TestCaseExecutor.doExecute(TestCaseExecutor.java:322)
	at com.kms.katalon.core.main.TestCaseExecutor.processExecutionPhase(TestCaseExecutor.java:301)
	at com.kms.katalon.core.main.TestCaseExecutor.accessMainPhase(TestCaseExecutor.java:293)
	at com.kms.katalon.core.main.TestCaseExecutor.execute(TestCaseExecutor.java:227)
	at com.kms.katalon.core.main.TestSuiteExecutor.accessTestCaseMainPhase(TestSuiteExecutor.java:129)
	at com.kms.katalon.core.main.TestSuiteExecutor.accessTestSuiteMainPhase(TestSuiteExecutor.java:112)
	at com.kms.katalon.core.main.TestSuiteExecutor.execute(TestSuiteExecutor.java:81)
	at com.kms.katalon.core.main.TestCaseMain.startTestSuite(TestCaseMain.java:157)
	at com.kms.katalon.core.main.TestCaseMain$startTestSuite$0.call(Unknown Source)
	at TempTestSuite1553670311511.run(TempTestSuite1553670311511.groovy:35)
Caused by: com.kms.katalon.core.webui.exception.WebElementNotFoundException: Web element with id: 'Object Repository/Page_KiboPush  Comment Capture/Video' located by 'By.xpath: //*[@id="uploadVideo"]/input' not found
	at com.kms.katalon.core.webui.common.WebUiCommonHelper.findWebElement(WebUiCommonHelper.java:1053)
	at com.kms.katalon.core.webui.keyword.internal.WebUIAbstractKeyword.findWebElement(WebUIAbstractKeyword.groovy:27)
	at com.kms.katalon.core.webui.keyword.internal.WebUIAbstractKeyword.findWebElement(WebUIAbstractKeyword.groovy:26)
	at com.kms.katalon.core.webui.keyword.builtin.UploadFileKeyword$_uploadFile_closure1.doCall(UploadFileKeyword.groovy:79)
	at com.kms.katalon.core.webui.keyword.builtin.UploadFileKeyword$_uploadFile_closure1.call(UploadFileKeyword.groovy)
	at com.kms.katalon.core.webui.keyword.internal.WebUIKeywordMain.runKeyword(WebUIKeywordMain.groovy:20)
	at com.kms.katalon.core.webui.keyword.builtin.UploadFileKeyword.uploadFile(UploadFileKeyword.groovy:87)
	at com.kms.katalon.core.webui.keyword.builtin.UploadFileKeyword.execute(UploadFileKeyword.groovy:68)
	at com.kms.katalon.core.keyword.internal.KeywordExecutor.executeKeywordForPlatform(KeywordExecutor.groovy:56)
	at com.kms.katalon.core.webui.keyword.WebUiBuiltInKeywords.uploadFile(WebUiBuiltInKeywords.groovy:2945)
	at com.kms.katalon.core.webui.keyword.WebUiBuiltInKeywords$uploadFile$5.call(Unknown Source)
	at Script1535539519633.run(Script1535539519633.groovy:29)
	... 13 more]]></system-err>
      </testcase>
      <testcase name="Test Cases/Comment Capture TestCases/TC0524" classname="Test Cases/Comment Capture TestCases/TC0524" status="PASSED">
         <system-out><![CDATA[2019-03-27 12:17:40 - [TEST_CASE][PASSED] - Test Cases/Comment Capture TestCases/TC0524: Test Cases/Comment Capture TestCases/TC0524

2019-03-27 12:17:40 - [TEST_STEP][PASSED] - callTestCase(findTestCase("s-sidebar_navigation/individualAccount/Comment capture"), [:], STOP_ON_FAILURE): Call Test Case 'Test Cases/s-sidebar_navigation/individualAccount/Comment capture' successfully

2019-03-27 12:17:40 - [TEST_CASE][PASSED] - Test Cases/s-sidebar_navigation/individualAccount/Comment capture: Test Cases/s-sidebar_navigation/individualAccount/Comment capture

2019-03-27 12:17:40 - [TEST_STEP][PASSED] - callTestCase(findTestCase("s-sidebar_navigation/individualAccount/Login-KiboEngage"), [:], STOP_ON_FAILURE): Call Test Case 'Test Cases/s-sidebar_navigation/individualAccount/Login-KiboEngage' successfully

2019-03-27 12:17:40 - [TEST_CASE][PASSED] - Test Cases/s-sidebar_navigation/individualAccount/Login-KiboEngage: Test Cases/s-sidebar_navigation/individualAccount/Login-KiboEngage

2019-03-27 12:17:40 - [TEST_STEP][PASSED] - openBrowser(""): Browser is opened with url: ''

2019-03-27 12:17:40 - [MESSAGE][WARNING] - A browser is already opened. Closing browser and opening a new one

2019-03-27 12:17:40 - [MESSAGE][INFO] - Starting 'Chrome' driver

2019-03-27 12:17:41 - [MESSAGE][PASSED] - Browser is opened with url: ''

2019-03-27 12:17:41 - [TEST_STEP][PASSED] - maximizeWindow(): Current window maximized

2019-03-27 12:17:41 - [MESSAGE][PASSED] - Current window maximized

2019-03-27 12:17:41 - [TEST_STEP][PASSED] - navigateToUrl("https://kiboengage.cloudkibo.com/"): Navigate to 'https://kiboengage.cloudkibo.com/' successfully

2019-03-27 12:18:02 - [MESSAGE][PASSED] - Navigate to 'https://kiboengage.cloudkibo.com/' successfully

2019-03-27 12:18:02 - [TEST_STEP][PASSED] - navigateToUrl("https://accounts.cloudkibo.com/?continue=https://kiboengage.cloudkibo.com"): Navigate to 'https://accounts.cloudkibo.com/?continue=https://kiboengage.cloudkibo.com' successfully

2019-03-27 12:18:03 - [MESSAGE][PASSED] - Navigate to 'https://accounts.cloudkibo.com/?continue=https://kiboengage.cloudkibo.com' successfully

2019-03-27 12:18:03 - [TEST_STEP][PASSED] - click(findTestObject("Page_KiboPush/a_Login (9) (1)")): Object: 'Object Repository/Page_KiboPush/a_Login (9) (1)' is clicked on

2019-03-27 12:18:04 - [MESSAGE][PASSED] - Object: 'Object Repository/Page_KiboPush/a_Login (9) (1)' is clicked on

2019-03-27 12:18:04 - [TEST_STEP][PASSED] - setText(findTestObject("Page_KiboPush/input_email (10) (1)"), "individual@cloudkibo.com"): Text 'individual@cloudkibo.com' is set on object 'Object Repository/Page_KiboPush/input_email (10) (1)'

2019-03-27 12:18:04 - [MESSAGE][PASSED] - Text 'individual@cloudkibo.com' is set on object 'Object Repository/Page_KiboPush/input_email (10) (1)'

2019-03-27 12:18:04 - [TEST_STEP][PASSED] - setEncryptedText(findTestObject("Page_KiboPush/input_password (9) (1)"), "RigbBhfdqOBGNlJIWM1ClA=="): Text ****** has been set on object 'Object Repository/Page_KiboPush/input_password (9) (1)'

2019-03-27 12:18:04 - [MESSAGE][PASSED] - Text ****** has been set on object 'Object Repository/Page_KiboPush/input_password (9) (1)'

2019-03-27 12:18:04 - [TEST_STEP][PASSED] - click(findTestObject("Page_KiboPush/button_Sign In (10) (1)")): Object: 'Object Repository/Page_KiboPush/button_Sign In (10) (1)' is clicked on

2019-03-27 12:18:04 - [MESSAGE][PASSED] - Object: 'Object Repository/Page_KiboPush/button_Sign In (10) (1)' is clicked on

2019-03-27 12:18:04 - [TEST_STEP][PASSED] - navigateToUrl("https://kiboengage.cloudkibo.com/dashboard"): Navigate to 'https://kiboengage.cloudkibo.com/dashboard' successfully

2019-03-27 12:19:36 - [MESSAGE][PASSED] - Navigate to 'https://kiboengage.cloudkibo.com/dashboard' successfully

2019-03-27 12:19:36 - [TEST_STEP][PASSED] - click(findTestObject("Object Repository/Page_KiboPush  Dashboard/h3_Dashboard (57)")): Object: 'Object Repository/Page_KiboPush  Dashboard/h3_Dashboard (57)' is clicked on

2019-03-27 12:19:36 - [MESSAGE][PASSED] - Object: 'Object Repository/Page_KiboPush  Dashboard/h3_Dashboard (57)' is clicked on

2019-03-27 12:19:36 - [TEST_STEP][PASSED] - delay(3): Delayed 3 second(s)

2019-03-27 12:19:39 - [MESSAGE][PASSED] - Delayed 3 second(s)

2019-03-27 12:19:39 - [MESSAGE][PASSED] - Call Test Case 'Test Cases/s-sidebar_navigation/individualAccount/Login-KiboEngage' successfully

2019-03-27 12:19:39 - [TEST_STEP][PASSED] - click(findTestObject("Page_KiboPush  Dashboard/span_Growth Tools")): Object: 'Object Repository/Page_KiboPush  Dashboard/span_Growth Tools' is clicked on

2019-03-27 12:19:40 - [MESSAGE][PASSED] - Object: 'Object Repository/Page_KiboPush  Dashboard/span_Growth Tools' is clicked on

2019-03-27 12:19:40 - [TEST_STEP][PASSED] - delay(1): Delayed 1 second(s)

2019-03-27 12:19:41 - [MESSAGE][PASSED] - Delayed 1 second(s)

2019-03-27 12:19:41 - [TEST_STEP][PASSED] - click(findTestObject("Page_KiboPush  Dashboard/span_Comment Capture")): Object: 'Object Repository/Page_KiboPush  Dashboard/span_Comment Capture' is clicked on

2019-03-27 12:19:41 - [MESSAGE][PASSED] - Object: 'Object Repository/Page_KiboPush  Dashboard/span_Comment Capture' is clicked on

2019-03-27 12:19:41 - [TEST_STEP][PASSED] - click(findTestObject("Page_KiboPush  Comment Capture/h3_Comment Capture")): Object: 'Object Repository/Page_KiboPush  Comment Capture/h3_Comment Capture' is clicked on

2019-03-27 12:19:41 - [MESSAGE][PASSED] - Object: 'Object Repository/Page_KiboPush  Comment Capture/h3_Comment Capture' is clicked on

2019-03-27 12:19:41 - [MESSAGE][PASSED] - Call Test Case 'Test Cases/s-sidebar_navigation/individualAccount/Comment capture' successfully

2019-03-27 12:19:41 - [TEST_STEP][PASSED] - click(findTestObject("Page_KiboPush  Comment Capture/a_Create New Facebook Post")): Object: 'Object Repository/Page_KiboPush  Comment Capture/a_Create New Facebook Post' is clicked on

2019-03-27 12:19:41 - [MESSAGE][PASSED] - Object: 'Object Repository/Page_KiboPush  Comment Capture/a_Create New Facebook Post' is clicked on

2019-03-27 12:19:41 - [TEST_STEP][PASSED] - delay(2): Delayed 2 second(s)

2019-03-27 12:19:43 - [MESSAGE][PASSED] - Delayed 2 second(s)

2019-03-27 12:19:43 - [TEST_STEP][PASSED] - setText(findTestObject("Object Repository/Page_KiboPush  New Facebook Post/textarea_postTextArea"), "h"): Text 'h' is set on object 'Object Repository/Page_KiboPush  New Facebook Post/textarea_postTextArea'

2019-03-27 12:19:43 - [MESSAGE][PASSED] - Text 'h' is set on object 'Object Repository/Page_KiboPush  New Facebook Post/textarea_postTextArea'

2019-03-27 12:19:43 - [TEST_STEP][PASSED] - driver = getWebDriver(): null

2019-03-27 12:19:43 - [TEST_STEP][PASSED] - button = driver.findElement(By.xpath("//*[@id="content"]/div/div/div/div[2]/div[3]/div/div/div/div[3]/div/button[2]")): null

2019-03-27 12:19:43 - [TEST_STEP][PASSED] - if (button.isEnabled()): null

2019-03-27 12:19:43 - [TEST_STEP][PASSED] - else: Actual object '0' and expected object '0' are equal

2019-03-27 12:19:43 - [TEST_STEP][PASSED] - verifyEqual("0", "0"): Actual object '0' and expected object '0' are equal

2019-03-27 12:19:43 - [MESSAGE][PASSED] - Actual object '0' and expected object '0' are equal]]></system-out>
         <system-err><![CDATA[]]></system-err>
      </testcase>
      <testcase name="Test Cases/Comment Capture TestCases/TC0526" classname="Test Cases/Comment Capture TestCases/TC0526" status="PASSED">
         <system-out><![CDATA[2019-03-27 12:19:43 - [TEST_CASE][PASSED] - Test Cases/Comment Capture TestCases/TC0526: Test Cases/Comment Capture TestCases/TC0526

2019-03-27 12:19:43 - [TEST_STEP][PASSED] - callTestCase(findTestCase("s-sidebar_navigation/individualAccount/Comment capture"), [:], STOP_ON_FAILURE): Call Test Case 'Test Cases/s-sidebar_navigation/individualAccount/Comment capture' successfully

2019-03-27 12:19:43 - [TEST_CASE][PASSED] - Test Cases/s-sidebar_navigation/individualAccount/Comment capture: Test Cases/s-sidebar_navigation/individualAccount/Comment capture

2019-03-27 12:19:43 - [TEST_STEP][PASSED] - callTestCase(findTestCase("s-sidebar_navigation/individualAccount/Login-KiboEngage"), [:], STOP_ON_FAILURE): Call Test Case 'Test Cases/s-sidebar_navigation/individualAccount/Login-KiboEngage' successfully

2019-03-27 12:19:43 - [TEST_CASE][PASSED] - Test Cases/s-sidebar_navigation/individualAccount/Login-KiboEngage: Test Cases/s-sidebar_navigation/individualAccount/Login-KiboEngage

2019-03-27 12:19:43 - [TEST_STEP][PASSED] - openBrowser(""): Browser is opened with url: ''

2019-03-27 12:19:43 - [MESSAGE][WARNING] - A browser is already opened. Closing browser and opening a new one

2019-03-27 12:19:43 - [MESSAGE][INFO] - Starting 'Chrome' driver

2019-03-27 12:19:44 - [MESSAGE][PASSED] - Browser is opened with url: ''

2019-03-27 12:19:44 - [TEST_STEP][PASSED] - maximizeWindow(): Current window maximized

2019-03-27 12:19:44 - [MESSAGE][PASSED] - Current window maximized

2019-03-27 12:19:44 - [TEST_STEP][PASSED] - navigateToUrl("https://kiboengage.cloudkibo.com/"): Navigate to 'https://kiboengage.cloudkibo.com/' successfully

2019-03-27 12:20:14 - [MESSAGE][PASSED] - Navigate to 'https://kiboengage.cloudkibo.com/' successfully

2019-03-27 12:20:14 - [TEST_STEP][PASSED] - navigateToUrl("https://accounts.cloudkibo.com/?continue=https://kiboengage.cloudkibo.com"): Navigate to 'https://accounts.cloudkibo.com/?continue=https://kiboengage.cloudkibo.com' successfully

2019-03-27 12:20:15 - [MESSAGE][PASSED] - Navigate to 'https://accounts.cloudkibo.com/?continue=https://kiboengage.cloudkibo.com' successfully

2019-03-27 12:20:15 - [TEST_STEP][PASSED] - click(findTestObject("Page_KiboPush/a_Login (9) (1)")): Object: 'Object Repository/Page_KiboPush/a_Login (9) (1)' is clicked on

2019-03-27 12:20:15 - [MESSAGE][PASSED] - Object: 'Object Repository/Page_KiboPush/a_Login (9) (1)' is clicked on

2019-03-27 12:20:15 - [TEST_STEP][PASSED] - setText(findTestObject("Page_KiboPush/input_email (10) (1)"), "individual@cloudkibo.com"): Text 'individual@cloudkibo.com' is set on object 'Object Repository/Page_KiboPush/input_email (10) (1)'

2019-03-27 12:20:16 - [MESSAGE][PASSED] - Text 'individual@cloudkibo.com' is set on object 'Object Repository/Page_KiboPush/input_email (10) (1)'

2019-03-27 12:20:16 - [TEST_STEP][PASSED] - setEncryptedText(findTestObject("Page_KiboPush/input_password (9) (1)"), "RigbBhfdqOBGNlJIWM1ClA=="): Text ****** has been set on object 'Object Repository/Page_KiboPush/input_password (9) (1)'

2019-03-27 12:20:16 - [MESSAGE][PASSED] - Text ****** has been set on object 'Object Repository/Page_KiboPush/input_password (9) (1)'

2019-03-27 12:20:16 - [TEST_STEP][PASSED] - click(findTestObject("Page_KiboPush/button_Sign In (10) (1)")): Object: 'Object Repository/Page_KiboPush/button_Sign In (10) (1)' is clicked on

2019-03-27 12:20:16 - [MESSAGE][PASSED] - Object: 'Object Repository/Page_KiboPush/button_Sign In (10) (1)' is clicked on

2019-03-27 12:20:16 - [TEST_STEP][PASSED] - navigateToUrl("https://kiboengage.cloudkibo.com/dashboard"): Navigate to 'https://kiboengage.cloudkibo.com/dashboard' successfully

2019-03-27 12:22:03 - [MESSAGE][PASSED] - Navigate to 'https://kiboengage.cloudkibo.com/dashboard' successfully

2019-03-27 12:22:03 - [TEST_STEP][PASSED] - click(findTestObject("Object Repository/Page_KiboPush  Dashboard/h3_Dashboard (57)")): Object: 'Object Repository/Page_KiboPush  Dashboard/h3_Dashboard (57)' is clicked on

2019-03-27 12:22:03 - [MESSAGE][PASSED] - Object: 'Object Repository/Page_KiboPush  Dashboard/h3_Dashboard (57)' is clicked on

2019-03-27 12:22:03 - [TEST_STEP][PASSED] - delay(3): Delayed 3 second(s)

2019-03-27 12:22:06 - [MESSAGE][PASSED] - Delayed 3 second(s)

2019-03-27 12:22:06 - [MESSAGE][PASSED] - Call Test Case 'Test Cases/s-sidebar_navigation/individualAccount/Login-KiboEngage' successfully

2019-03-27 12:22:06 - [TEST_STEP][PASSED] - click(findTestObject("Page_KiboPush  Dashboard/span_Growth Tools")): Object: 'Object Repository/Page_KiboPush  Dashboard/span_Growth Tools' is clicked on

2019-03-27 12:22:07 - [MESSAGE][PASSED] - Object: 'Object Repository/Page_KiboPush  Dashboard/span_Growth Tools' is clicked on

2019-03-27 12:22:07 - [TEST_STEP][PASSED] - delay(1): Delayed 1 second(s)

2019-03-27 12:22:08 - [MESSAGE][PASSED] - Delayed 1 second(s)

2019-03-27 12:22:08 - [TEST_STEP][PASSED] - click(findTestObject("Page_KiboPush  Dashboard/span_Comment Capture")): Object: 'Object Repository/Page_KiboPush  Dashboard/span_Comment Capture' is clicked on

2019-03-27 12:22:08 - [MESSAGE][PASSED] - Object: 'Object Repository/Page_KiboPush  Dashboard/span_Comment Capture' is clicked on

2019-03-27 12:22:08 - [TEST_STEP][PASSED] - click(findTestObject("Page_KiboPush  Comment Capture/h3_Comment Capture")): Object: 'Object Repository/Page_KiboPush  Comment Capture/h3_Comment Capture' is clicked on

2019-03-27 12:22:08 - [MESSAGE][PASSED] - Object: 'Object Repository/Page_KiboPush  Comment Capture/h3_Comment Capture' is clicked on

2019-03-27 12:22:08 - [MESSAGE][PASSED] - Call Test Case 'Test Cases/s-sidebar_navigation/individualAccount/Comment capture' successfully

2019-03-27 12:22:08 - [TEST_STEP][PASSED] - click(findTestObject("Page_KiboPush  Comment Capture/a_Create New Facebook Post")): Object: 'Object Repository/Page_KiboPush  Comment Capture/a_Create New Facebook Post' is clicked on

2019-03-27 12:22:08 - [MESSAGE][PASSED] - Object: 'Object Repository/Page_KiboPush  Comment Capture/a_Create New Facebook Post' is clicked on

2019-03-27 12:22:08 - [TEST_STEP][PASSED] - driver = getWebDriver(): null

2019-03-27 12:22:08 - [TEST_STEP][PASSED] - button = driver.findElement(By.xpath("//*[@id="content"]/div/div/div/div[2]/div[3]/div/div/div/div[3]/div/button[2]")): null

2019-03-27 12:22:08 - [TEST_STEP][PASSED] - if (button.isEnabled()): null

2019-03-27 12:22:08 - [TEST_STEP][PASSED] - else: Actual object '0' and expected object '0' are equal

2019-03-27 12:22:08 - [TEST_STEP][PASSED] - verifyEqual("0", "0"): Actual object '0' and expected object '0' are equal

2019-03-27 12:22:08 - [MESSAGE][PASSED] - Actual object '0' and expected object '0' are equal]]></system-out>
         <system-err><![CDATA[]]></system-err>
      </testcase>
      <testcase name="Test Cases/Comment Capture TestCases/TC0527" classname="Test Cases/Comment Capture TestCases/TC0527" status="FAILED">
         <failure type="FAILED" message="Test Cases/Comment Capture TestCases/TC0527 FAILED.
Reason:
com.kms.katalon.core.exception.StepFailedException: Call Test Case 'Test Cases/s-sidebar_navigation/individualAccount/Comment capture' failed
	at com.kms.katalon.core.keyword.builtin.CallTestCaseKeyword$_callTestCase_closure1.doCall(CallTestCaseKeyword.groovy:63)
	at com.kms.katalon.core.keyword.builtin.CallTestCaseKeyword$_callTestCase_closure1.call(CallTestCaseKeyword.groovy)
	at com.kms.katalon.core.keyword.internal.KeywordMain.runKeyword(KeywordMain.groovy:66)
	at com.kms.katalon.core.keyword.builtin.CallTestCaseKeyword.callTestCase(CallTestCaseKeyword.groovy:81)
	at com.kms.katalon.core.keyword.builtin.CallTestCaseKeyword.execute(CallTestCaseKeyword.groovy:44)
	at com.kms.katalon.core.keyword.internal.KeywordExecutor.executeKeywordForPlatform(KeywordExecutor.groovy:56)
	at com.kms.katalon.core.keyword.BuiltinKeywords.callTestCase(BuiltinKeywords.groovy:334)
	at TC0527.run(TC0527:30)
	at com.kms.katalon.core.main.ScriptEngine.run(ScriptEngine.java:194)
	at com.kms.katalon.core.main.ScriptEngine.runScriptAsRawText(ScriptEngine.java:119)
	at com.kms.katalon.core.main.TestCaseExecutor.runScript(TestCaseExecutor.java:331)
	at com.kms.katalon.core.main.TestCaseExecutor.doExecute(TestCaseExecutor.java:322)
	at com.kms.katalon.core.main.TestCaseExecutor.processExecutionPhase(TestCaseExecutor.java:301)
	at com.kms.katalon.core.main.TestCaseExecutor.accessMainPhase(TestCaseExecutor.java:293)
	at com.kms.katalon.core.main.TestCaseExecutor.execute(TestCaseExecutor.java:227)
	at com.kms.katalon.core.main.TestSuiteExecutor.accessTestCaseMainPhase(TestSuiteExecutor.java:129)
	at com.kms.katalon.core.main.TestSuiteExecutor.accessTestSuiteMainPhase(TestSuiteExecutor.java:112)
	at com.kms.katalon.core.main.TestSuiteExecutor.execute(TestSuiteExecutor.java:81)
	at com.kms.katalon.core.main.TestCaseMain.startTestSuite(TestCaseMain.java:157)
	at com.kms.katalon.core.main.TestCaseMain$startTestSuite$0.call(Unknown Source)
	at TempTestSuite1553670311511.run(TempTestSuite1553670311511.groovy:35)
Caused by: com.kms.katalon.core.exception.StepFailedException: Call Test Case 'Test Cases/s-sidebar_navigation/individualAccount/Login-KiboEngage' failed
	at com.kms.katalon.core.keyword.builtin.CallTestCaseKeyword$_callTestCase_closure1.doCall(CallTestCaseKeyword.groovy:63)
	at com.kms.katalon.core.keyword.builtin.CallTestCaseKeyword$_callTestCase_closure1.call(CallTestCaseKeyword.groovy)
	at com.kms.katalon.core.keyword.internal.KeywordMain.runKeyword(KeywordMain.groovy:66)
	at com.kms.katalon.core.keyword.builtin.CallTestCaseKeyword.callTestCase(CallTestCaseKeyword.groovy:81)
	at com.kms.katalon.core.keyword.builtin.CallTestCaseKeyword.execute(CallTestCaseKeyword.groovy:44)
	at com.kms.katalon.core.keyword.internal.KeywordExecutor.executeKeywordForPlatform(KeywordExecutor.groovy:56)
	at com.kms.katalon.core.keyword.BuiltinKeywords.callTestCase(BuiltinKeywords.groovy:334)
	at Comment capture.run(Comment capture:22)
	at com.kms.katalon.core.main.ScriptEngine.run(ScriptEngine.java:194)
	at com.kms.katalon.core.main.ScriptEngine.runScriptAsRawText(ScriptEngine.java:119)
	at com.kms.katalon.core.main.TestCaseExecutor.runScript(TestCaseExecutor.java:331)
	at com.kms.katalon.core.main.TestCaseExecutor.doExecute(TestCaseExecutor.java:322)
	at com.kms.katalon.core.main.TestCaseExecutor.processExecutionPhase(TestCaseExecutor.java:301)
	at com.kms.katalon.core.main.TestCaseExecutor.accessMainPhase(TestCaseExecutor.java:293)
	at com.kms.katalon.core.main.TestCaseExecutor.execute(TestCaseExecutor.java:227)
	at com.kms.katalon.core.main.TestCaseMain.runTestCase(TestCaseMain.java:114)
	at com.kms.katalon.core.keyword.builtin.CallTestCaseKeyword$_callTestCase_closure1.doCall(CallTestCaseKeyword.groovy:59)
	... 20 more
Caused by: com.kms.katalon.core.exception.StepFailedException: Unable to click on object 'Object Repository/Page_KiboPush  Dashboard/h3_Dashboard (57)'
	at com.kms.katalon.core.webui.keyword.internal.WebUIKeywordMain.stepFailed(WebUIKeywordMain.groovy:64)
	at com.kms.katalon.core.webui.keyword.internal.WebUIKeywordMain.runKeyword(WebUIKeywordMain.groovy:26)
	at com.kms.katalon.core.webui.keyword.builtin.ClickKeyword.click(ClickKeyword.groovy:86)
	at com.kms.katalon.core.webui.keyword.builtin.ClickKeyword.execute(ClickKeyword.groovy:67)
	at com.kms.katalon.core.keyword.internal.KeywordExecutor.executeKeywordForPlatform(KeywordExecutor.groovy:56)
	at com.kms.katalon.core.webui.keyword.WebUiBuiltInKeywords.click(WebUiBuiltInKeywords.groovy:616)
	at com.kms.katalon.core.webui.keyword.WebUiBuiltInKeywords$click$2.call(Unknown Source)
	at Login-KiboEngage.run(Login-KiboEngage:40)
	at com.kms.katalon.core.main.ScriptEngine.run(ScriptEngine.java:194)
	at com.kms.katalon.core.main.ScriptEngine.runScriptAsRawText(ScriptEngine.java:119)
	at com.kms.katalon.core.main.TestCaseExecutor.runScript(TestCaseExecutor.java:331)
	at com.kms.katalon.core.main.TestCaseExecutor.doExecute(TestCaseExecutor.java:322)
	at com.kms.katalon.core.main.TestCaseExecutor.processExecutionPhase(TestCaseExecutor.java:301)
	at com.kms.katalon.core.main.TestCaseExecutor.accessMainPhase(TestCaseExecutor.java:293)
	at com.kms.katalon.core.main.TestCaseExecutor.execute(TestCaseExecutor.java:227)
	at com.kms.katalon.core.main.TestCaseMain.runTestCase(TestCaseMain.java:114)
	at com.kms.katalon.core.keyword.builtin.CallTestCaseKeyword$_callTestCase_closure1.doCall(CallTestCaseKeyword.groovy:59)
	... 36 more
Caused by: com.kms.katalon.core.webui.exception.WebElementNotFoundException: Web element with id: 'Object Repository/Page_KiboPush  Dashboard/h3_Dashboard (57)' located by 'By.xpath: //h3[(text() = 'Dashboard' or . = 'Dashboard')]' not found
	at com.kms.katalon.core.webui.common.WebUiCommonHelper.findWebElement(WebUiCommonHelper.java:1053)
	at com.kms.katalon.core.webui.keyword.internal.WebUIAbstractKeyword.findWebElement(WebUIAbstractKeyword.groovy:27)
	at com.kms.katalon.core.webui.keyword.internal.WebUIAbstractKeyword.findWebElement(WebUIAbstractKeyword.groovy:26)
	at com.kms.katalon.core.webui.keyword.builtin.ClickKeyword$_click_closure1.doCall(ClickKeyword.groovy:77)
	at com.kms.katalon.core.webui.keyword.builtin.ClickKeyword$_click_closure1.call(ClickKeyword.groovy)
	at com.kms.katalon.core.webui.keyword.internal.WebUIKeywordMain.runKeyword(WebUIKeywordMain.groovy:20)
	at com.kms.katalon.core.webui.keyword.builtin.ClickKeyword.click(ClickKeyword.groovy:86)
	at com.kms.katalon.core.webui.keyword.builtin.ClickKeyword.execute(ClickKeyword.groovy:67)
	at com.kms.katalon.core.keyword.internal.KeywordExecutor.executeKeywordForPlatform(KeywordExecutor.groovy:56)
	at com.kms.katalon.core.webui.keyword.WebUiBuiltInKeywords.click(WebUiBuiltInKeywords.groovy:616)
	at com.kms.katalon.core.webui.keyword.WebUiBuiltInKeywords$click$2.call(Unknown Source)
	at Script1542870641933.run(Script1542870641933.groovy:40)
	at com.kms.katalon.core.main.ScriptEngine.run(ScriptEngine.java:194)
	at com.kms.katalon.core.main.ScriptEngine.runScriptAsRawText(ScriptEngine.java:119)
	at com.kms.katalon.core.main.TestCaseExecutor.runScript(TestCaseExecutor.java:331)
	at com.kms.katalon.core.main.TestCaseExecutor.doExecute(TestCaseExecutor.java:322)
	at com.kms.katalon.core.main.TestCaseExecutor.processExecutionPhase(TestCaseExecutor.java:301)
	at com.kms.katalon.core.main.TestCaseExecutor.accessMainPhase(TestCaseExecutor.java:293)
	at com.kms.katalon.core.main.TestCaseExecutor.execute(TestCaseExecutor.java:227)
	at com.kms.katalon.core.main.TestCaseMain.runTestCase(TestCaseMain.java:114)
	at com.kms.katalon.core.keyword.builtin.CallTestCaseKeyword$_callTestCase_closure1.doCall(CallTestCaseKeyword.groovy:59)
	at com.kms.katalon.core.keyword.builtin.CallTestCaseKeyword$_callTestCase_closure1.call(CallTestCaseKeyword.groovy)
	at com.kms.katalon.core.keyword.internal.KeywordMain.runKeyword(KeywordMain.groovy:66)
	at com.kms.katalon.core.keyword.builtin.CallTestCaseKeyword.callTestCase(CallTestCaseKeyword.groovy:81)
	at com.kms.katalon.core.keyword.builtin.CallTestCaseKeyword.execute(CallTestCaseKeyword.groovy:44)
	at com.kms.katalon.core.keyword.internal.KeywordExecutor.executeKeywordForPlatform(KeywordExecutor.groovy:56)
	at com.kms.katalon.core.keyword.BuiltinKeywords.callTestCase(BuiltinKeywords.groovy:334)
	at Script1537021633628.run(Script1537021633628.groovy:22)
	at com.kms.katalon.core.main.ScriptEngine.run(ScriptEngine.java:194)
	at com.kms.katalon.core.main.ScriptEngine.runScriptAsRawText(ScriptEngine.java:119)
	at com.kms.katalon.core.main.TestCaseExecutor.runScript(TestCaseExecutor.java:331)
	at com.kms.katalon.core.main.TestCaseExecutor.doExecute(TestCaseExecutor.java:322)
	at com.kms.katalon.core.main.TestCaseExecutor.processExecutionPhase(TestCaseExecutor.java:301)
	at com.kms.katalon.core.main.TestCaseExecutor.accessMainPhase(TestCaseExecutor.java:293)
	at com.kms.katalon.core.main.TestCaseExecutor.execute(TestCaseExecutor.java:227)
	at com.kms.katalon.core.main.TestCaseMain.runTestCase(TestCaseMain.java:114)
	at com.kms.katalon.core.keyword.builtin.CallTestCaseKeyword$_callTestCase_closure1.doCall(CallTestCaseKeyword.groovy:59)
	at com.kms.katalon.core.keyword.builtin.CallTestCaseKeyword$_callTestCase_closure1.call(CallTestCaseKeyword.groovy)
	at com.kms.katalon.core.keyword.internal.KeywordMain.runKeyword(KeywordMain.groovy:66)
	at com.kms.katalon.core.keyword.builtin.CallTestCaseKeyword.callTestCase(CallTestCaseKeyword.groovy:81)
	at com.kms.katalon.core.keyword.builtin.CallTestCaseKeyword.execute(CallTestCaseKeyword.groovy:44)
	at com.kms.katalon.core.keyword.internal.KeywordExecutor.executeKeywordForPlatform(KeywordExecutor.groovy:56)
	at com.kms.katalon.core.keyword.BuiltinKeywords.callTestCase(BuiltinKeywords.groovy:334)
	at Script1535541221506.run(Script1535541221506.groovy:30)
	... 13 more
"/>
         <system-out><![CDATA[2019-03-27 12:22:08 - [TEST_CASE][FAILED] - Test Cases/Comment Capture TestCases/TC0527: Test Cases/Comment Capture TestCases/TC0527 FAILED.
Reason:
com.kms.katalon.core.exception.StepFailedException: Call Test Case 'Test Cases/s-sidebar_navigation/individualAccount/Comment capture' failed
	at com.kms.katalon.core.keyword.builtin.CallTestCaseKeyword$_callTestCase_closure1.doCall(CallTestCaseKeyword.groovy:63)
	at com.kms.katalon.core.keyword.builtin.CallTestCaseKeyword$_callTestCase_closure1.call(CallTestCaseKeyword.groovy)
	at com.kms.katalon.core.keyword.internal.KeywordMain.runKeyword(KeywordMain.groovy:66)
	at com.kms.katalon.core.keyword.builtin.CallTestCaseKeyword.callTestCase(CallTestCaseKeyword.groovy:81)
	at com.kms.katalon.core.keyword.builtin.CallTestCaseKeyword.execute(CallTestCaseKeyword.groovy:44)
	at com.kms.katalon.core.keyword.internal.KeywordExecutor.executeKeywordForPlatform(KeywordExecutor.groovy:56)
	at com.kms.katalon.core.keyword.BuiltinKeywords.callTestCase(BuiltinKeywords.groovy:334)
	at TC0527.run(TC0527:30)
	at com.kms.katalon.core.main.ScriptEngine.run(ScriptEngine.java:194)
	at com.kms.katalon.core.main.ScriptEngine.runScriptAsRawText(ScriptEngine.java:119)
	at com.kms.katalon.core.main.TestCaseExecutor.runScript(TestCaseExecutor.java:331)
	at com.kms.katalon.core.main.TestCaseExecutor.doExecute(TestCaseExecutor.java:322)
	at com.kms.katalon.core.main.TestCaseExecutor.processExecutionPhase(TestCaseExecutor.java:301)
	at com.kms.katalon.core.main.TestCaseExecutor.accessMainPhase(TestCaseExecutor.java:293)
	at com.kms.katalon.core.main.TestCaseExecutor.execute(TestCaseExecutor.java:227)
	at com.kms.katalon.core.main.TestSuiteExecutor.accessTestCaseMainPhase(TestSuiteExecutor.java:129)
	at com.kms.katalon.core.main.TestSuiteExecutor.accessTestSuiteMainPhase(TestSuiteExecutor.java:112)
	at com.kms.katalon.core.main.TestSuiteExecutor.execute(TestSuiteExecutor.java:81)
	at com.kms.katalon.core.main.TestCaseMain.startTestSuite(TestCaseMain.java:157)
	at com.kms.katalon.core.main.TestCaseMain$startTestSuite$0.call(Unknown Source)
	at TempTestSuite1553670311511.run(TempTestSuite1553670311511.groovy:35)
Caused by: com.kms.katalon.core.exception.StepFailedException: Call Test Case 'Test Cases/s-sidebar_navigation/individualAccount/Login-KiboEngage' failed
	at com.kms.katalon.core.keyword.builtin.CallTestCaseKeyword$_callTestCase_closure1.doCall(CallTestCaseKeyword.groovy:63)
	at com.kms.katalon.core.keyword.builtin.CallTestCaseKeyword$_callTestCase_closure1.call(CallTestCaseKeyword.groovy)
	at com.kms.katalon.core.keyword.internal.KeywordMain.runKeyword(KeywordMain.groovy:66)
	at com.kms.katalon.core.keyword.builtin.CallTestCaseKeyword.callTestCase(CallTestCaseKeyword.groovy:81)
	at com.kms.katalon.core.keyword.builtin.CallTestCaseKeyword.execute(CallTestCaseKeyword.groovy:44)
	at com.kms.katalon.core.keyword.internal.KeywordExecutor.executeKeywordForPlatform(KeywordExecutor.groovy:56)
	at com.kms.katalon.core.keyword.BuiltinKeywords.callTestCase(BuiltinKeywords.groovy:334)
	at Comment capture.run(Comment capture:22)
	at com.kms.katalon.core.main.ScriptEngine.run(ScriptEngine.java:194)
	at com.kms.katalon.core.main.ScriptEngine.runScriptAsRawText(ScriptEngine.java:119)
	at com.kms.katalon.core.main.TestCaseExecutor.runScript(TestCaseExecutor.java:331)
	at com.kms.katalon.core.main.TestCaseExecutor.doExecute(TestCaseExecutor.java:322)
	at com.kms.katalon.core.main.TestCaseExecutor.processExecutionPhase(TestCaseExecutor.java:301)
	at com.kms.katalon.core.main.TestCaseExecutor.accessMainPhase(TestCaseExecutor.java:293)
	at com.kms.katalon.core.main.TestCaseExecutor.execute(TestCaseExecutor.java:227)
	at com.kms.katalon.core.main.TestCaseMain.runTestCase(TestCaseMain.java:114)
	at com.kms.katalon.core.keyword.builtin.CallTestCaseKeyword$_callTestCase_closure1.doCall(CallTestCaseKeyword.groovy:59)
	... 20 more
Caused by: com.kms.katalon.core.exception.StepFailedException: Unable to click on object 'Object Repository/Page_KiboPush  Dashboard/h3_Dashboard (57)'
	at com.kms.katalon.core.webui.keyword.internal.WebUIKeywordMain.stepFailed(WebUIKeywordMain.groovy:64)
	at com.kms.katalon.core.webui.keyword.internal.WebUIKeywordMain.runKeyword(WebUIKeywordMain.groovy:26)
	at com.kms.katalon.core.webui.keyword.builtin.ClickKeyword.click(ClickKeyword.groovy:86)
	at com.kms.katalon.core.webui.keyword.builtin.ClickKeyword.execute(ClickKeyword.groovy:67)
	at com.kms.katalon.core.keyword.internal.KeywordExecutor.executeKeywordForPlatform(KeywordExecutor.groovy:56)
	at com.kms.katalon.core.webui.keyword.WebUiBuiltInKeywords.click(WebUiBuiltInKeywords.groovy:616)
	at com.kms.katalon.core.webui.keyword.WebUiBuiltInKeywords$click$2.call(Unknown Source)
	at Login-KiboEngage.run(Login-KiboEngage:40)
	at com.kms.katalon.core.main.ScriptEngine.run(ScriptEngine.java:194)
	at com.kms.katalon.core.main.ScriptEngine.runScriptAsRawText(ScriptEngine.java:119)
	at com.kms.katalon.core.main.TestCaseExecutor.runScript(TestCaseExecutor.java:331)
	at com.kms.katalon.core.main.TestCaseExecutor.doExecute(TestCaseExecutor.java:322)
	at com.kms.katalon.core.main.TestCaseExecutor.processExecutionPhase(TestCaseExecutor.java:301)
	at com.kms.katalon.core.main.TestCaseExecutor.accessMainPhase(TestCaseExecutor.java:293)
	at com.kms.katalon.core.main.TestCaseExecutor.execute(TestCaseExecutor.java:227)
	at com.kms.katalon.core.main.TestCaseMain.runTestCase(TestCaseMain.java:114)
	at com.kms.katalon.core.keyword.builtin.CallTestCaseKeyword$_callTestCase_closure1.doCall(CallTestCaseKeyword.groovy:59)
	... 36 more
Caused by: com.kms.katalon.core.webui.exception.WebElementNotFoundException: Web element with id: 'Object Repository/Page_KiboPush  Dashboard/h3_Dashboard (57)' located by 'By.xpath: //h3[(text() = 'Dashboard' or . = 'Dashboard')]' not found
	at com.kms.katalon.core.webui.common.WebUiCommonHelper.findWebElement(WebUiCommonHelper.java:1053)
	at com.kms.katalon.core.webui.keyword.internal.WebUIAbstractKeyword.findWebElement(WebUIAbstractKeyword.groovy:27)
	at com.kms.katalon.core.webui.keyword.internal.WebUIAbstractKeyword.findWebElement(WebUIAbstractKeyword.groovy:26)
	at com.kms.katalon.core.webui.keyword.builtin.ClickKeyword$_click_closure1.doCall(ClickKeyword.groovy:77)
	at com.kms.katalon.core.webui.keyword.builtin.ClickKeyword$_click_closure1.call(ClickKeyword.groovy)
	at com.kms.katalon.core.webui.keyword.internal.WebUIKeywordMain.runKeyword(WebUIKeywordMain.groovy:20)
	at com.kms.katalon.core.webui.keyword.builtin.ClickKeyword.click(ClickKeyword.groovy:86)
	at com.kms.katalon.core.webui.keyword.builtin.ClickKeyword.execute(ClickKeyword.groovy:67)
	at com.kms.katalon.core.keyword.internal.KeywordExecutor.executeKeywordForPlatform(KeywordExecutor.groovy:56)
	at com.kms.katalon.core.webui.keyword.WebUiBuiltInKeywords.click(WebUiBuiltInKeywords.groovy:616)
	at com.kms.katalon.core.webui.keyword.WebUiBuiltInKeywords$click$2.call(Unknown Source)
	at Script1542870641933.run(Script1542870641933.groovy:40)
	at com.kms.katalon.core.main.ScriptEngine.run(ScriptEngine.java:194)
	at com.kms.katalon.core.main.ScriptEngine.runScriptAsRawText(ScriptEngine.java:119)
	at com.kms.katalon.core.main.TestCaseExecutor.runScript(TestCaseExecutor.java:331)
	at com.kms.katalon.core.main.TestCaseExecutor.doExecute(TestCaseExecutor.java:322)
	at com.kms.katalon.core.main.TestCaseExecutor.processExecutionPhase(TestCaseExecutor.java:301)
	at com.kms.katalon.core.main.TestCaseExecutor.accessMainPhase(TestCaseExecutor.java:293)
	at com.kms.katalon.core.main.TestCaseExecutor.execute(TestCaseExecutor.java:227)
	at com.kms.katalon.core.main.TestCaseMain.runTestCase(TestCaseMain.java:114)
	at com.kms.katalon.core.keyword.builtin.CallTestCaseKeyword$_callTestCase_closure1.doCall(CallTestCaseKeyword.groovy:59)
	at com.kms.katalon.core.keyword.builtin.CallTestCaseKeyword$_callTestCase_closure1.call(CallTestCaseKeyword.groovy)
	at com.kms.katalon.core.keyword.internal.KeywordMain.runKeyword(KeywordMain.groovy:66)
	at com.kms.katalon.core.keyword.builtin.CallTestCaseKeyword.callTestCase(CallTestCaseKeyword.groovy:81)
	at com.kms.katalon.core.keyword.builtin.CallTestCaseKeyword.execute(CallTestCaseKeyword.groovy:44)
	at com.kms.katalon.core.keyword.internal.KeywordExecutor.executeKeywordForPlatform(KeywordExecutor.groovy:56)
	at com.kms.katalon.core.keyword.BuiltinKeywords.callTestCase(BuiltinKeywords.groovy:334)
	at Script1537021633628.run(Script1537021633628.groovy:22)
	at com.kms.katalon.core.main.ScriptEngine.run(ScriptEngine.java:194)
	at com.kms.katalon.core.main.ScriptEngine.runScriptAsRawText(ScriptEngine.java:119)
	at com.kms.katalon.core.main.TestCaseExecutor.runScript(TestCaseExecutor.java:331)
	at com.kms.katalon.core.main.TestCaseExecutor.doExecute(TestCaseExecutor.java:322)
	at com.kms.katalon.core.main.TestCaseExecutor.processExecutionPhase(TestCaseExecutor.java:301)
	at com.kms.katalon.core.main.TestCaseExecutor.accessMainPhase(TestCaseExecutor.java:293)
	at com.kms.katalon.core.main.TestCaseExecutor.execute(TestCaseExecutor.java:227)
	at com.kms.katalon.core.main.TestCaseMain.runTestCase(TestCaseMain.java:114)
	at com.kms.katalon.core.keyword.builtin.CallTestCaseKeyword$_callTestCase_closure1.doCall(CallTestCaseKeyword.groovy:59)
	at com.kms.katalon.core.keyword.builtin.CallTestCaseKeyword$_callTestCase_closure1.call(CallTestCaseKeyword.groovy)
	at com.kms.katalon.core.keyword.internal.KeywordMain.runKeyword(KeywordMain.groovy:66)
	at com.kms.katalon.core.keyword.builtin.CallTestCaseKeyword.callTestCase(CallTestCaseKeyword.groovy:81)
	at com.kms.katalon.core.keyword.builtin.CallTestCaseKeyword.execute(CallTestCaseKeyword.groovy:44)
	at com.kms.katalon.core.keyword.internal.KeywordExecutor.executeKeywordForPlatform(KeywordExecutor.groovy:56)
	at com.kms.katalon.core.keyword.BuiltinKeywords.callTestCase(BuiltinKeywords.groovy:334)
	at Script1535541221506.run(Script1535541221506.groovy:30)
	... 13 more


2019-03-27 12:22:08 - [TEST_STEP][FAILED] - callTestCase(findTestCase("s-sidebar_navigation/individualAccount/Comment capture"), [:], STOP_ON_FAILURE): callTestCase(findTestCase("s-sidebar_navigation/individualAccount/Comment capture"), [:], STOP_ON_FAILURE) FAILED.
Reason:
com.kms.katalon.core.exception.StepFailedException: Call Test Case 'Test Cases/s-sidebar_navigation/individualAccount/Comment capture' failed
	at com.kms.katalon.core.keyword.builtin.CallTestCaseKeyword$_callTestCase_closure1.doCall(CallTestCaseKeyword.groovy:63)
	at com.kms.katalon.core.keyword.builtin.CallTestCaseKeyword$_callTestCase_closure1.call(CallTestCaseKeyword.groovy)
	at com.kms.katalon.core.keyword.internal.KeywordMain.runKeyword(KeywordMain.groovy:66)
	at com.kms.katalon.core.keyword.builtin.CallTestCaseKeyword.callTestCase(CallTestCaseKeyword.groovy:81)
	at com.kms.katalon.core.keyword.builtin.CallTestCaseKeyword.execute(CallTestCaseKeyword.groovy:44)
	at com.kms.katalon.core.keyword.internal.KeywordExecutor.executeKeywordForPlatform(KeywordExecutor.groovy:56)
	at com.kms.katalon.core.keyword.BuiltinKeywords.callTestCase(BuiltinKeywords.groovy:334)
	at TC0527.run(TC0527:30)
	at com.kms.katalon.core.main.ScriptEngine.run(ScriptEngine.java:194)
	at com.kms.katalon.core.main.ScriptEngine.runScriptAsRawText(ScriptEngine.java:119)
	at com.kms.katalon.core.main.TestCaseExecutor.runScript(TestCaseExecutor.java:331)
	at com.kms.katalon.core.main.TestCaseExecutor.doExecute(TestCaseExecutor.java:322)
	at com.kms.katalon.core.main.TestCaseExecutor.processExecutionPhase(TestCaseExecutor.java:301)
	at com.kms.katalon.core.main.TestCaseExecutor.accessMainPhase(TestCaseExecutor.java:293)
	at com.kms.katalon.core.main.TestCaseExecutor.execute(TestCaseExecutor.java:227)
	at com.kms.katalon.core.main.TestSuiteExecutor.accessTestCaseMainPhase(TestSuiteExecutor.java:129)
	at com.kms.katalon.core.main.TestSuiteExecutor.accessTestSuiteMainPhase(TestSuiteExecutor.java:112)
	at com.kms.katalon.core.main.TestSuiteExecutor.execute(TestSuiteExecutor.java:81)
	at com.kms.katalon.core.main.TestCaseMain.startTestSuite(TestCaseMain.java:157)
	at com.kms.katalon.core.main.TestCaseMain$startTestSuite$0.call(Unknown Source)
	at TempTestSuite1553670311511.run(TempTestSuite1553670311511.groovy:35)
Caused by: com.kms.katalon.core.exception.StepFailedException: Call Test Case 'Test Cases/s-sidebar_navigation/individualAccount/Login-KiboEngage' failed
	at com.kms.katalon.core.keyword.builtin.CallTestCaseKeyword$_callTestCase_closure1.doCall(CallTestCaseKeyword.groovy:63)
	at com.kms.katalon.core.keyword.builtin.CallTestCaseKeyword$_callTestCase_closure1.call(CallTestCaseKeyword.groovy)
	at com.kms.katalon.core.keyword.internal.KeywordMain.runKeyword(KeywordMain.groovy:66)
	at com.kms.katalon.core.keyword.builtin.CallTestCaseKeyword.callTestCase(CallTestCaseKeyword.groovy:81)
	at com.kms.katalon.core.keyword.builtin.CallTestCaseKeyword.execute(CallTestCaseKeyword.groovy:44)
	at com.kms.katalon.core.keyword.internal.KeywordExecutor.executeKeywordForPlatform(KeywordExecutor.groovy:56)
	at com.kms.katalon.core.keyword.BuiltinKeywords.callTestCase(BuiltinKeywords.groovy:334)
	at Comment capture.run(Comment capture:22)
	at com.kms.katalon.core.main.ScriptEngine.run(ScriptEngine.java:194)
	at com.kms.katalon.core.main.ScriptEngine.runScriptAsRawText(ScriptEngine.java:119)
	at com.kms.katalon.core.main.TestCaseExecutor.runScript(TestCaseExecutor.java:331)
	at com.kms.katalon.core.main.TestCaseExecutor.doExecute(TestCaseExecutor.java:322)
	at com.kms.katalon.core.main.TestCaseExecutor.processExecutionPhase(TestCaseExecutor.java:301)
	at com.kms.katalon.core.main.TestCaseExecutor.accessMainPhase(TestCaseExecutor.java:293)
	at com.kms.katalon.core.main.TestCaseExecutor.execute(TestCaseExecutor.java:227)
	at com.kms.katalon.core.main.TestCaseMain.runTestCase(TestCaseMain.java:114)
	at com.kms.katalon.core.keyword.builtin.CallTestCaseKeyword$_callTestCase_closure1.doCall(CallTestCaseKeyword.groovy:59)
	... 20 more
Caused by: com.kms.katalon.core.exception.StepFailedException: Unable to click on object 'Object Repository/Page_KiboPush  Dashboard/h3_Dashboard (57)'
	at com.kms.katalon.core.webui.keyword.internal.WebUIKeywordMain.stepFailed(WebUIKeywordMain.groovy:64)
	at com.kms.katalon.core.webui.keyword.internal.WebUIKeywordMain.runKeyword(WebUIKeywordMain.groovy:26)
	at com.kms.katalon.core.webui.keyword.builtin.ClickKeyword.click(ClickKeyword.groovy:86)
	at com.kms.katalon.core.webui.keyword.builtin.ClickKeyword.execute(ClickKeyword.groovy:67)
	at com.kms.katalon.core.keyword.internal.KeywordExecutor.executeKeywordForPlatform(KeywordExecutor.groovy:56)
	at com.kms.katalon.core.webui.keyword.WebUiBuiltInKeywords.click(WebUiBuiltInKeywords.groovy:616)
	at com.kms.katalon.core.webui.keyword.WebUiBuiltInKeywords$click$2.call(Unknown Source)
	at Login-KiboEngage.run(Login-KiboEngage:40)
	at com.kms.katalon.core.main.ScriptEngine.run(ScriptEngine.java:194)
	at com.kms.katalon.core.main.ScriptEngine.runScriptAsRawText(ScriptEngine.java:119)
	at com.kms.katalon.core.main.TestCaseExecutor.runScript(TestCaseExecutor.java:331)
	at com.kms.katalon.core.main.TestCaseExecutor.doExecute(TestCaseExecutor.java:322)
	at com.kms.katalon.core.main.TestCaseExecutor.processExecutionPhase(TestCaseExecutor.java:301)
	at com.kms.katalon.core.main.TestCaseExecutor.accessMainPhase(TestCaseExecutor.java:293)
	at com.kms.katalon.core.main.TestCaseExecutor.execute(TestCaseExecutor.java:227)
	at com.kms.katalon.core.main.TestCaseMain.runTestCase(TestCaseMain.java:114)
	at com.kms.katalon.core.keyword.builtin.CallTestCaseKeyword$_callTestCase_closure1.doCall(CallTestCaseKeyword.groovy:59)
	... 36 more
Caused by: com.kms.katalon.core.webui.exception.WebElementNotFoundException: Web element with id: 'Object Repository/Page_KiboPush  Dashboard/h3_Dashboard (57)' located by 'By.xpath: //h3[(text() = 'Dashboard' or . = 'Dashboard')]' not found
	at com.kms.katalon.core.webui.common.WebUiCommonHelper.findWebElement(WebUiCommonHelper.java:1053)
	at com.kms.katalon.core.webui.keyword.internal.WebUIAbstractKeyword.findWebElement(WebUIAbstractKeyword.groovy:27)
	at com.kms.katalon.core.webui.keyword.internal.WebUIAbstractKeyword.findWebElement(WebUIAbstractKeyword.groovy:26)
	at com.kms.katalon.core.webui.keyword.builtin.ClickKeyword$_click_closure1.doCall(ClickKeyword.groovy:77)
	at com.kms.katalon.core.webui.keyword.builtin.ClickKeyword$_click_closure1.call(ClickKeyword.groovy)
	at com.kms.katalon.core.webui.keyword.internal.WebUIKeywordMain.runKeyword(WebUIKeywordMain.groovy:20)
	at com.kms.katalon.core.webui.keyword.builtin.ClickKeyword.click(ClickKeyword.groovy:86)
	at com.kms.katalon.core.webui.keyword.builtin.ClickKeyword.execute(ClickKeyword.groovy:67)
	at com.kms.katalon.core.keyword.internal.KeywordExecutor.executeKeywordForPlatform(KeywordExecutor.groovy:56)
	at com.kms.katalon.core.webui.keyword.WebUiBuiltInKeywords.click(WebUiBuiltInKeywords.groovy:616)
	at com.kms.katalon.core.webui.keyword.WebUiBuiltInKeywords$click$2.call(Unknown Source)
	at Script1542870641933.run(Script1542870641933.groovy:40)
	at com.kms.katalon.core.main.ScriptEngine.run(ScriptEngine.java:194)
	at com.kms.katalon.core.main.ScriptEngine.runScriptAsRawText(ScriptEngine.java:119)
	at com.kms.katalon.core.main.TestCaseExecutor.runScript(TestCaseExecutor.java:331)
	at com.kms.katalon.core.main.TestCaseExecutor.doExecute(TestCaseExecutor.java:322)
	at com.kms.katalon.core.main.TestCaseExecutor.processExecutionPhase(TestCaseExecutor.java:301)
	at com.kms.katalon.core.main.TestCaseExecutor.accessMainPhase(TestCaseExecutor.java:293)
	at com.kms.katalon.core.main.TestCaseExecutor.execute(TestCaseExecutor.java:227)
	at com.kms.katalon.core.main.TestCaseMain.runTestCase(TestCaseMain.java:114)
	at com.kms.katalon.core.keyword.builtin.CallTestCaseKeyword$_callTestCase_closure1.doCall(CallTestCaseKeyword.groovy:59)
	at com.kms.katalon.core.keyword.builtin.CallTestCaseKeyword$_callTestCase_closure1.call(CallTestCaseKeyword.groovy)
	at com.kms.katalon.core.keyword.internal.KeywordMain.runKeyword(KeywordMain.groovy:66)
	at com.kms.katalon.core.keyword.builtin.CallTestCaseKeyword.callTestCase(CallTestCaseKeyword.groovy:81)
	at com.kms.katalon.core.keyword.builtin.CallTestCaseKeyword.execute(CallTestCaseKeyword.groovy:44)
	at com.kms.katalon.core.keyword.internal.KeywordExecutor.executeKeywordForPlatform(KeywordExecutor.groovy:56)
	at com.kms.katalon.core.keyword.BuiltinKeywords.callTestCase(BuiltinKeywords.groovy:334)
	at Script1537021633628.run(Script1537021633628.groovy:22)
	at com.kms.katalon.core.main.ScriptEngine.run(ScriptEngine.java:194)
	at com.kms.katalon.core.main.ScriptEngine.runScriptAsRawText(ScriptEngine.java:119)
	at com.kms.katalon.core.main.TestCaseExecutor.runScript(TestCaseExecutor.java:331)
	at com.kms.katalon.core.main.TestCaseExecutor.doExecute(TestCaseExecutor.java:322)
	at com.kms.katalon.core.main.TestCaseExecutor.processExecutionPhase(TestCaseExecutor.java:301)
	at com.kms.katalon.core.main.TestCaseExecutor.accessMainPhase(TestCaseExecutor.java:293)
	at com.kms.katalon.core.main.TestCaseExecutor.execute(TestCaseExecutor.java:227)
	at com.kms.katalon.core.main.TestCaseMain.runTestCase(TestCaseMain.java:114)
	at com.kms.katalon.core.keyword.builtin.CallTestCaseKeyword$_callTestCase_closure1.doCall(CallTestCaseKeyword.groovy:59)
	at com.kms.katalon.core.keyword.builtin.CallTestCaseKeyword$_callTestCase_closure1.call(CallTestCaseKeyword.groovy)
	at com.kms.katalon.core.keyword.internal.KeywordMain.runKeyword(KeywordMain.groovy:66)
	at com.kms.katalon.core.keyword.builtin.CallTestCaseKeyword.callTestCase(CallTestCaseKeyword.groovy:81)
	at com.kms.katalon.core.keyword.builtin.CallTestCaseKeyword.execute(CallTestCaseKeyword.groovy:44)
	at com.kms.katalon.core.keyword.internal.KeywordExecutor.executeKeywordForPlatform(KeywordExecutor.groovy:56)
	at com.kms.katalon.core.keyword.BuiltinKeywords.callTestCase(BuiltinKeywords.groovy:334)
	at Script1535541221506.run(Script1535541221506.groovy:30)
	... 13 more


2019-03-27 12:22:08 - [TEST_CASE][FAILED] - Test Cases/s-sidebar_navigation/individualAccount/Comment capture: Test Cases/s-sidebar_navigation/individualAccount/Comment capture FAILED.
Reason:
com.kms.katalon.core.exception.StepFailedException: Call Test Case 'Test Cases/s-sidebar_navigation/individualAccount/Login-KiboEngage' failed
	at com.kms.katalon.core.keyword.builtin.CallTestCaseKeyword$_callTestCase_closure1.doCall(CallTestCaseKeyword.groovy:63)
	at com.kms.katalon.core.keyword.builtin.CallTestCaseKeyword$_callTestCase_closure1.call(CallTestCaseKeyword.groovy)
	at com.kms.katalon.core.keyword.internal.KeywordMain.runKeyword(KeywordMain.groovy:66)
	at com.kms.katalon.core.keyword.builtin.CallTestCaseKeyword.callTestCase(CallTestCaseKeyword.groovy:81)
	at com.kms.katalon.core.keyword.builtin.CallTestCaseKeyword.execute(CallTestCaseKeyword.groovy:44)
	at com.kms.katalon.core.keyword.internal.KeywordExecutor.executeKeywordForPlatform(KeywordExecutor.groovy:56)
	at com.kms.katalon.core.keyword.BuiltinKeywords.callTestCase(BuiltinKeywords.groovy:334)
	at Comment capture.run(Comment capture:22)
	at com.kms.katalon.core.main.ScriptEngine.run(ScriptEngine.java:194)
	at com.kms.katalon.core.main.ScriptEngine.runScriptAsRawText(ScriptEngine.java:119)
	at com.kms.katalon.core.main.TestCaseExecutor.runScript(TestCaseExecutor.java:331)
	at com.kms.katalon.core.main.TestCaseExecutor.doExecute(TestCaseExecutor.java:322)
	at com.kms.katalon.core.main.TestCaseExecutor.processExecutionPhase(TestCaseExecutor.java:301)
	at com.kms.katalon.core.main.TestCaseExecutor.accessMainPhase(TestCaseExecutor.java:293)
	at com.kms.katalon.core.main.TestCaseExecutor.execute(TestCaseExecutor.java:227)
	at com.kms.katalon.core.main.TestCaseMain.runTestCase(TestCaseMain.java:114)
	at com.kms.katalon.core.keyword.builtin.CallTestCaseKeyword$_callTestCase_closure1.doCall(CallTestCaseKeyword.groovy:59)
	at com.kms.katalon.core.keyword.builtin.CallTestCaseKeyword$_callTestCase_closure1.call(CallTestCaseKeyword.groovy)
	at com.kms.katalon.core.keyword.internal.KeywordMain.runKeyword(KeywordMain.groovy:66)
	at com.kms.katalon.core.keyword.builtin.CallTestCaseKeyword.callTestCase(CallTestCaseKeyword.groovy:81)
	at com.kms.katalon.core.keyword.builtin.CallTestCaseKeyword.execute(CallTestCaseKeyword.groovy:44)
	at com.kms.katalon.core.keyword.internal.KeywordExecutor.executeKeywordForPlatform(KeywordExecutor.groovy:56)
	at com.kms.katalon.core.keyword.BuiltinKeywords.callTestCase(BuiltinKeywords.groovy:334)
	at TC0527.run(TC0527:30)
	at com.kms.katalon.core.main.ScriptEngine.run(ScriptEngine.java:194)
	at com.kms.katalon.core.main.ScriptEngine.runScriptAsRawText(ScriptEngine.java:119)
	at com.kms.katalon.core.main.TestCaseExecutor.runScript(TestCaseExecutor.java:331)
	at com.kms.katalon.core.main.TestCaseExecutor.doExecute(TestCaseExecutor.java:322)
	at com.kms.katalon.core.main.TestCaseExecutor.processExecutionPhase(TestCaseExecutor.java:301)
	at com.kms.katalon.core.main.TestCaseExecutor.accessMainPhase(TestCaseExecutor.java:293)
	at com.kms.katalon.core.main.TestCaseExecutor.execute(TestCaseExecutor.java:227)
	at com.kms.katalon.core.main.TestSuiteExecutor.accessTestCaseMainPhase(TestSuiteExecutor.java:129)
	at com.kms.katalon.core.main.TestSuiteExecutor.accessTestSuiteMainPhase(TestSuiteExecutor.java:112)
	at com.kms.katalon.core.main.TestSuiteExecutor.execute(TestSuiteExecutor.java:81)
	at com.kms.katalon.core.main.TestCaseMain.startTestSuite(TestCaseMain.java:157)
	at com.kms.katalon.core.main.TestCaseMain$startTestSuite$0.call(Unknown Source)
	at TempTestSuite1553670311511.run(TempTestSuite1553670311511.groovy:35)
Caused by: com.kms.katalon.core.exception.StepFailedException: Unable to click on object 'Object Repository/Page_KiboPush  Dashboard/h3_Dashboard (57)'
	at com.kms.katalon.core.webui.keyword.internal.WebUIKeywordMain.stepFailed(WebUIKeywordMain.groovy:64)
	at com.kms.katalon.core.webui.keyword.internal.WebUIKeywordMain.runKeyword(WebUIKeywordMain.groovy:26)
	at com.kms.katalon.core.webui.keyword.builtin.ClickKeyword.click(ClickKeyword.groovy:86)
	at com.kms.katalon.core.webui.keyword.builtin.ClickKeyword.execute(ClickKeyword.groovy:67)
	at com.kms.katalon.core.keyword.internal.KeywordExecutor.executeKeywordForPlatform(KeywordExecutor.groovy:56)
	at com.kms.katalon.core.webui.keyword.WebUiBuiltInKeywords.click(WebUiBuiltInKeywords.groovy:616)
	at com.kms.katalon.core.webui.keyword.WebUiBuiltInKeywords$click$2.call(Unknown Source)
	at Login-KiboEngage.run(Login-KiboEngage:40)
	at com.kms.katalon.core.main.ScriptEngine.run(ScriptEngine.java:194)
	at com.kms.katalon.core.main.ScriptEngine.runScriptAsRawText(ScriptEngine.java:119)
	at com.kms.katalon.core.main.TestCaseExecutor.runScript(TestCaseExecutor.java:331)
	at com.kms.katalon.core.main.TestCaseExecutor.doExecute(TestCaseExecutor.java:322)
	at com.kms.katalon.core.main.TestCaseExecutor.processExecutionPhase(TestCaseExecutor.java:301)
	at com.kms.katalon.core.main.TestCaseExecutor.accessMainPhase(TestCaseExecutor.java:293)
	at com.kms.katalon.core.main.TestCaseExecutor.execute(TestCaseExecutor.java:227)
	at com.kms.katalon.core.main.TestCaseMain.runTestCase(TestCaseMain.java:114)
	at com.kms.katalon.core.keyword.builtin.CallTestCaseKeyword$_callTestCase_closure1.doCall(CallTestCaseKeyword.groovy:59)
	... 36 more
Caused by: com.kms.katalon.core.webui.exception.WebElementNotFoundException: Web element with id: 'Object Repository/Page_KiboPush  Dashboard/h3_Dashboard (57)' located by 'By.xpath: //h3[(text() = 'Dashboard' or . = 'Dashboard')]' not found
	at com.kms.katalon.core.webui.common.WebUiCommonHelper.findWebElement(WebUiCommonHelper.java:1053)
	at com.kms.katalon.core.webui.keyword.internal.WebUIAbstractKeyword.findWebElement(WebUIAbstractKeyword.groovy:27)
	at com.kms.katalon.core.webui.keyword.internal.WebUIAbstractKeyword.findWebElement(WebUIAbstractKeyword.groovy:26)
	at com.kms.katalon.core.webui.keyword.builtin.ClickKeyword$_click_closure1.doCall(ClickKeyword.groovy:77)
	at com.kms.katalon.core.webui.keyword.builtin.ClickKeyword$_click_closure1.call(ClickKeyword.groovy)
	at com.kms.katalon.core.webui.keyword.internal.WebUIKeywordMain.runKeyword(WebUIKeywordMain.groovy:20)
	at com.kms.katalon.core.webui.keyword.builtin.ClickKeyword.click(ClickKeyword.groovy:86)
	at com.kms.katalon.core.webui.keyword.builtin.ClickKeyword.execute(ClickKeyword.groovy:67)
	at com.kms.katalon.core.keyword.internal.KeywordExecutor.executeKeywordForPlatform(KeywordExecutor.groovy:56)
	at com.kms.katalon.core.webui.keyword.WebUiBuiltInKeywords.click(WebUiBuiltInKeywords.groovy:616)
	at com.kms.katalon.core.webui.keyword.WebUiBuiltInKeywords$click$2.call(Unknown Source)
	at Script1542870641933.run(Script1542870641933.groovy:40)
	at com.kms.katalon.core.main.ScriptEngine.run(ScriptEngine.java:194)
	at com.kms.katalon.core.main.ScriptEngine.runScriptAsRawText(ScriptEngine.java:119)
	at com.kms.katalon.core.main.TestCaseExecutor.runScript(TestCaseExecutor.java:331)
	at com.kms.katalon.core.main.TestCaseExecutor.doExecute(TestCaseExecutor.java:322)
	at com.kms.katalon.core.main.TestCaseExecutor.processExecutionPhase(TestCaseExecutor.java:301)
	at com.kms.katalon.core.main.TestCaseExecutor.accessMainPhase(TestCaseExecutor.java:293)
	at com.kms.katalon.core.main.TestCaseExecutor.execute(TestCaseExecutor.java:227)
	at com.kms.katalon.core.main.TestCaseMain.runTestCase(TestCaseMain.java:114)
	at com.kms.katalon.core.keyword.builtin.CallTestCaseKeyword$_callTestCase_closure1.doCall(CallTestCaseKeyword.groovy:59)
	at com.kms.katalon.core.keyword.builtin.CallTestCaseKeyword$_callTestCase_closure1.call(CallTestCaseKeyword.groovy)
	at com.kms.katalon.core.keyword.internal.KeywordMain.runKeyword(KeywordMain.groovy:66)
	at com.kms.katalon.core.keyword.builtin.CallTestCaseKeyword.callTestCase(CallTestCaseKeyword.groovy:81)
	at com.kms.katalon.core.keyword.builtin.CallTestCaseKeyword.execute(CallTestCaseKeyword.groovy:44)
	at com.kms.katalon.core.keyword.internal.KeywordExecutor.executeKeywordForPlatform(KeywordExecutor.groovy:56)
	at com.kms.katalon.core.keyword.BuiltinKeywords.callTestCase(BuiltinKeywords.groovy:334)
	at Script1537021633628.run(Script1537021633628.groovy:22)
	at com.kms.katalon.core.main.ScriptEngine.run(ScriptEngine.java:194)
	at com.kms.katalon.core.main.ScriptEngine.runScriptAsRawText(ScriptEngine.java:119)
	at com.kms.katalon.core.main.TestCaseExecutor.runScript(TestCaseExecutor.java:331)
	at com.kms.katalon.core.main.TestCaseExecutor.doExecute(TestCaseExecutor.java:322)
	at com.kms.katalon.core.main.TestCaseExecutor.processExecutionPhase(TestCaseExecutor.java:301)
	at com.kms.katalon.core.main.TestCaseExecutor.accessMainPhase(TestCaseExecutor.java:293)
	at com.kms.katalon.core.main.TestCaseExecutor.execute(TestCaseExecutor.java:227)
	at com.kms.katalon.core.main.TestCaseMain.runTestCase(TestCaseMain.java:114)
	at com.kms.katalon.core.keyword.builtin.CallTestCaseKeyword$_callTestCase_closure1.doCall(CallTestCaseKeyword.groovy:59)
	at com.kms.katalon.core.keyword.builtin.CallTestCaseKeyword$_callTestCase_closure1.call(CallTestCaseKeyword.groovy)
	at com.kms.katalon.core.keyword.internal.KeywordMain.runKeyword(KeywordMain.groovy:66)
	at com.kms.katalon.core.keyword.builtin.CallTestCaseKeyword.callTestCase(CallTestCaseKeyword.groovy:81)
	at com.kms.katalon.core.keyword.builtin.CallTestCaseKeyword.execute(CallTestCaseKeyword.groovy:44)
	at com.kms.katalon.core.keyword.internal.KeywordExecutor.executeKeywordForPlatform(KeywordExecutor.groovy:56)
	at com.kms.katalon.core.keyword.BuiltinKeywords.callTestCase(BuiltinKeywords.groovy:334)
	at Script1535541221506.run(Script1535541221506.groovy:30)
	... 13 more


2019-03-27 12:22:08 - [TEST_STEP][FAILED] - callTestCase(findTestCase("s-sidebar_navigation/individualAccount/Login-KiboEngage"), [:], STOP_ON_FAILURE): callTestCase(findTestCase("s-sidebar_navigation/individualAccount/Login-KiboEngage"), [:], STOP_ON_FAILURE) FAILED.
Reason:
com.kms.katalon.core.exception.StepFailedException: Call Test Case 'Test Cases/s-sidebar_navigation/individualAccount/Login-KiboEngage' failed
	at com.kms.katalon.core.keyword.builtin.CallTestCaseKeyword$_callTestCase_closure1.doCall(CallTestCaseKeyword.groovy:63)
	at com.kms.katalon.core.keyword.builtin.CallTestCaseKeyword$_callTestCase_closure1.call(CallTestCaseKeyword.groovy)
	at com.kms.katalon.core.keyword.internal.KeywordMain.runKeyword(KeywordMain.groovy:66)
	at com.kms.katalon.core.keyword.builtin.CallTestCaseKeyword.callTestCase(CallTestCaseKeyword.groovy:81)
	at com.kms.katalon.core.keyword.builtin.CallTestCaseKeyword.execute(CallTestCaseKeyword.groovy:44)
	at com.kms.katalon.core.keyword.internal.KeywordExecutor.executeKeywordForPlatform(KeywordExecutor.groovy:56)
	at com.kms.katalon.core.keyword.BuiltinKeywords.callTestCase(BuiltinKeywords.groovy:334)
	at Comment capture.run(Comment capture:22)
	at com.kms.katalon.core.main.ScriptEngine.run(ScriptEngine.java:194)
	at com.kms.katalon.core.main.ScriptEngine.runScriptAsRawText(ScriptEngine.java:119)
	at com.kms.katalon.core.main.TestCaseExecutor.runScript(TestCaseExecutor.java:331)
	at com.kms.katalon.core.main.TestCaseExecutor.doExecute(TestCaseExecutor.java:322)
	at com.kms.katalon.core.main.TestCaseExecutor.processExecutionPhase(TestCaseExecutor.java:301)
	at com.kms.katalon.core.main.TestCaseExecutor.accessMainPhase(TestCaseExecutor.java:293)
	at com.kms.katalon.core.main.TestCaseExecutor.execute(TestCaseExecutor.java:227)
	at com.kms.katalon.core.main.TestCaseMain.runTestCase(TestCaseMain.java:114)
	at com.kms.katalon.core.keyword.builtin.CallTestCaseKeyword$_callTestCase_closure1.doCall(CallTestCaseKeyword.groovy:59)
	at com.kms.katalon.core.keyword.builtin.CallTestCaseKeyword$_callTestCase_closure1.call(CallTestCaseKeyword.groovy)
	at com.kms.katalon.core.keyword.internal.KeywordMain.runKeyword(KeywordMain.groovy:66)
	at com.kms.katalon.core.keyword.builtin.CallTestCaseKeyword.callTestCase(CallTestCaseKeyword.groovy:81)
	at com.kms.katalon.core.keyword.builtin.CallTestCaseKeyword.execute(CallTestCaseKeyword.groovy:44)
	at com.kms.katalon.core.keyword.internal.KeywordExecutor.executeKeywordForPlatform(KeywordExecutor.groovy:56)
	at com.kms.katalon.core.keyword.BuiltinKeywords.callTestCase(BuiltinKeywords.groovy:334)
	at TC0527.run(TC0527:30)
	at com.kms.katalon.core.main.ScriptEngine.run(ScriptEngine.java:194)
	at com.kms.katalon.core.main.ScriptEngine.runScriptAsRawText(ScriptEngine.java:119)
	at com.kms.katalon.core.main.TestCaseExecutor.runScript(TestCaseExecutor.java:331)
	at com.kms.katalon.core.main.TestCaseExecutor.doExecute(TestCaseExecutor.java:322)
	at com.kms.katalon.core.main.TestCaseExecutor.processExecutionPhase(TestCaseExecutor.java:301)
	at com.kms.katalon.core.main.TestCaseExecutor.accessMainPhase(TestCaseExecutor.java:293)
	at com.kms.katalon.core.main.TestCaseExecutor.execute(TestCaseExecutor.java:227)
	at com.kms.katalon.core.main.TestSuiteExecutor.accessTestCaseMainPhase(TestSuiteExecutor.java:129)
	at com.kms.katalon.core.main.TestSuiteExecutor.accessTestSuiteMainPhase(TestSuiteExecutor.java:112)
	at com.kms.katalon.core.main.TestSuiteExecutor.execute(TestSuiteExecutor.java:81)
	at com.kms.katalon.core.main.TestCaseMain.startTestSuite(TestCaseMain.java:157)
	at com.kms.katalon.core.main.TestCaseMain$startTestSuite$0.call(Unknown Source)
	at TempTestSuite1553670311511.run(TempTestSuite1553670311511.groovy:35)
Caused by: com.kms.katalon.core.exception.StepFailedException: Unable to click on object 'Object Repository/Page_KiboPush  Dashboard/h3_Dashboard (57)'
	at com.kms.katalon.core.webui.keyword.internal.WebUIKeywordMain.stepFailed(WebUIKeywordMain.groovy:64)
	at com.kms.katalon.core.webui.keyword.internal.WebUIKeywordMain.runKeyword(WebUIKeywordMain.groovy:26)
	at com.kms.katalon.core.webui.keyword.builtin.ClickKeyword.click(ClickKeyword.groovy:86)
	at com.kms.katalon.core.webui.keyword.builtin.ClickKeyword.execute(ClickKeyword.groovy:67)
	at com.kms.katalon.core.keyword.internal.KeywordExecutor.executeKeywordForPlatform(KeywordExecutor.groovy:56)
	at com.kms.katalon.core.webui.keyword.WebUiBuiltInKeywords.click(WebUiBuiltInKeywords.groovy:616)
	at com.kms.katalon.core.webui.keyword.WebUiBuiltInKeywords$click$2.call(Unknown Source)
	at Login-KiboEngage.run(Login-KiboEngage:40)
	at com.kms.katalon.core.main.ScriptEngine.run(ScriptEngine.java:194)
	at com.kms.katalon.core.main.ScriptEngine.runScriptAsRawText(ScriptEngine.java:119)
	at com.kms.katalon.core.main.TestCaseExecutor.runScript(TestCaseExecutor.java:331)
	at com.kms.katalon.core.main.TestCaseExecutor.doExecute(TestCaseExecutor.java:322)
	at com.kms.katalon.core.main.TestCaseExecutor.processExecutionPhase(TestCaseExecutor.java:301)
	at com.kms.katalon.core.main.TestCaseExecutor.accessMainPhase(TestCaseExecutor.java:293)
	at com.kms.katalon.core.main.TestCaseExecutor.execute(TestCaseExecutor.java:227)
	at com.kms.katalon.core.main.TestCaseMain.runTestCase(TestCaseMain.java:114)
	at com.kms.katalon.core.keyword.builtin.CallTestCaseKeyword$_callTestCase_closure1.doCall(CallTestCaseKeyword.groovy:59)
	... 36 more
Caused by: com.kms.katalon.core.webui.exception.WebElementNotFoundException: Web element with id: 'Object Repository/Page_KiboPush  Dashboard/h3_Dashboard (57)' located by 'By.xpath: //h3[(text() = 'Dashboard' or . = 'Dashboard')]' not found
	at com.kms.katalon.core.webui.common.WebUiCommonHelper.findWebElement(WebUiCommonHelper.java:1053)
	at com.kms.katalon.core.webui.keyword.internal.WebUIAbstractKeyword.findWebElement(WebUIAbstractKeyword.groovy:27)
	at com.kms.katalon.core.webui.keyword.internal.WebUIAbstractKeyword.findWebElement(WebUIAbstractKeyword.groovy:26)
	at com.kms.katalon.core.webui.keyword.builtin.ClickKeyword$_click_closure1.doCall(ClickKeyword.groovy:77)
	at com.kms.katalon.core.webui.keyword.builtin.ClickKeyword$_click_closure1.call(ClickKeyword.groovy)
	at com.kms.katalon.core.webui.keyword.internal.WebUIKeywordMain.runKeyword(WebUIKeywordMain.groovy:20)
	at com.kms.katalon.core.webui.keyword.builtin.ClickKeyword.click(ClickKeyword.groovy:86)
	at com.kms.katalon.core.webui.keyword.builtin.ClickKeyword.execute(ClickKeyword.groovy:67)
	at com.kms.katalon.core.keyword.internal.KeywordExecutor.executeKeywordForPlatform(KeywordExecutor.groovy:56)
	at com.kms.katalon.core.webui.keyword.WebUiBuiltInKeywords.click(WebUiBuiltInKeywords.groovy:616)
	at com.kms.katalon.core.webui.keyword.WebUiBuiltInKeywords$click$2.call(Unknown Source)
	at Script1542870641933.run(Script1542870641933.groovy:40)
	at com.kms.katalon.core.main.ScriptEngine.run(ScriptEngine.java:194)
	at com.kms.katalon.core.main.ScriptEngine.runScriptAsRawText(ScriptEngine.java:119)
	at com.kms.katalon.core.main.TestCaseExecutor.runScript(TestCaseExecutor.java:331)
	at com.kms.katalon.core.main.TestCaseExecutor.doExecute(TestCaseExecutor.java:322)
	at com.kms.katalon.core.main.TestCaseExecutor.processExecutionPhase(TestCaseExecutor.java:301)
	at com.kms.katalon.core.main.TestCaseExecutor.accessMainPhase(TestCaseExecutor.java:293)
	at com.kms.katalon.core.main.TestCaseExecutor.execute(TestCaseExecutor.java:227)
	at com.kms.katalon.core.main.TestCaseMain.runTestCase(TestCaseMain.java:114)
	at com.kms.katalon.core.keyword.builtin.CallTestCaseKeyword$_callTestCase_closure1.doCall(CallTestCaseKeyword.groovy:59)
	at com.kms.katalon.core.keyword.builtin.CallTestCaseKeyword$_callTestCase_closure1.call(CallTestCaseKeyword.groovy)
	at com.kms.katalon.core.keyword.internal.KeywordMain.runKeyword(KeywordMain.groovy:66)
	at com.kms.katalon.core.keyword.builtin.CallTestCaseKeyword.callTestCase(CallTestCaseKeyword.groovy:81)
	at com.kms.katalon.core.keyword.builtin.CallTestCaseKeyword.execute(CallTestCaseKeyword.groovy:44)
	at com.kms.katalon.core.keyword.internal.KeywordExecutor.executeKeywordForPlatform(KeywordExecutor.groovy:56)
	at com.kms.katalon.core.keyword.BuiltinKeywords.callTestCase(BuiltinKeywords.groovy:334)
	at Script1537021633628.run(Script1537021633628.groovy:22)
	at com.kms.katalon.core.main.ScriptEngine.run(ScriptEngine.java:194)
	at com.kms.katalon.core.main.ScriptEngine.runScriptAsRawText(ScriptEngine.java:119)
	at com.kms.katalon.core.main.TestCaseExecutor.runScript(TestCaseExecutor.java:331)
	at com.kms.katalon.core.main.TestCaseExecutor.doExecute(TestCaseExecutor.java:322)
	at com.kms.katalon.core.main.TestCaseExecutor.processExecutionPhase(TestCaseExecutor.java:301)
	at com.kms.katalon.core.main.TestCaseExecutor.accessMainPhase(TestCaseExecutor.java:293)
	at com.kms.katalon.core.main.TestCaseExecutor.execute(TestCaseExecutor.java:227)
	at com.kms.katalon.core.main.TestCaseMain.runTestCase(TestCaseMain.java:114)
	at com.kms.katalon.core.keyword.builtin.CallTestCaseKeyword$_callTestCase_closure1.doCall(CallTestCaseKeyword.groovy:59)
	at com.kms.katalon.core.keyword.builtin.CallTestCaseKeyword$_callTestCase_closure1.call(CallTestCaseKeyword.groovy)
	at com.kms.katalon.core.keyword.internal.KeywordMain.runKeyword(KeywordMain.groovy:66)
	at com.kms.katalon.core.keyword.builtin.CallTestCaseKeyword.callTestCase(CallTestCaseKeyword.groovy:81)
	at com.kms.katalon.core.keyword.builtin.CallTestCaseKeyword.execute(CallTestCaseKeyword.groovy:44)
	at com.kms.katalon.core.keyword.internal.KeywordExecutor.executeKeywordForPlatform(KeywordExecutor.groovy:56)
	at com.kms.katalon.core.keyword.BuiltinKeywords.callTestCase(BuiltinKeywords.groovy:334)
	at Script1535541221506.run(Script1535541221506.groovy:30)
	... 13 more


2019-03-27 12:22:08 - [TEST_CASE][FAILED] - Test Cases/s-sidebar_navigation/individualAccount/Login-KiboEngage: Test Cases/s-sidebar_navigation/individualAccount/Login-KiboEngage FAILED.
Reason:
com.kms.katalon.core.exception.StepFailedException: Unable to click on object 'Object Repository/Page_KiboPush  Dashboard/h3_Dashboard (57)'
	at com.kms.katalon.core.webui.keyword.internal.WebUIKeywordMain.stepFailed(WebUIKeywordMain.groovy:64)
	at com.kms.katalon.core.webui.keyword.internal.WebUIKeywordMain.runKeyword(WebUIKeywordMain.groovy:26)
	at com.kms.katalon.core.webui.keyword.builtin.ClickKeyword.click(ClickKeyword.groovy:86)
	at com.kms.katalon.core.webui.keyword.builtin.ClickKeyword.execute(ClickKeyword.groovy:67)
	at com.kms.katalon.core.keyword.internal.KeywordExecutor.executeKeywordForPlatform(KeywordExecutor.groovy:56)
	at com.kms.katalon.core.webui.keyword.WebUiBuiltInKeywords.click(WebUiBuiltInKeywords.groovy:616)
	at com.kms.katalon.core.webui.keyword.WebUiBuiltInKeywords$click$2.call(Unknown Source)
	at Login-KiboEngage.run(Login-KiboEngage:40)
	at com.kms.katalon.core.main.ScriptEngine.run(ScriptEngine.java:194)
	at com.kms.katalon.core.main.ScriptEngine.runScriptAsRawText(ScriptEngine.java:119)
	at com.kms.katalon.core.main.TestCaseExecutor.runScript(TestCaseExecutor.java:331)
	at com.kms.katalon.core.main.TestCaseExecutor.doExecute(TestCaseExecutor.java:322)
	at com.kms.katalon.core.main.TestCaseExecutor.processExecutionPhase(TestCaseExecutor.java:301)
	at com.kms.katalon.core.main.TestCaseExecutor.accessMainPhase(TestCaseExecutor.java:293)
	at com.kms.katalon.core.main.TestCaseExecutor.execute(TestCaseExecutor.java:227)
	at com.kms.katalon.core.main.TestCaseMain.runTestCase(TestCaseMain.java:114)
	at com.kms.katalon.core.keyword.builtin.CallTestCaseKeyword$_callTestCase_closure1.doCall(CallTestCaseKeyword.groovy:59)
	at com.kms.katalon.core.keyword.builtin.CallTestCaseKeyword$_callTestCase_closure1.call(CallTestCaseKeyword.groovy)
	at com.kms.katalon.core.keyword.internal.KeywordMain.runKeyword(KeywordMain.groovy:66)
	at com.kms.katalon.core.keyword.builtin.CallTestCaseKeyword.callTestCase(CallTestCaseKeyword.groovy:81)
	at com.kms.katalon.core.keyword.builtin.CallTestCaseKeyword.execute(CallTestCaseKeyword.groovy:44)
	at com.kms.katalon.core.keyword.internal.KeywordExecutor.executeKeywordForPlatform(KeywordExecutor.groovy:56)
	at com.kms.katalon.core.keyword.BuiltinKeywords.callTestCase(BuiltinKeywords.groovy:334)
	at Comment capture.run(Comment capture:22)
	at com.kms.katalon.core.main.ScriptEngine.run(ScriptEngine.java:194)
	at com.kms.katalon.core.main.ScriptEngine.runScriptAsRawText(ScriptEngine.java:119)
	at com.kms.katalon.core.main.TestCaseExecutor.runScript(TestCaseExecutor.java:331)
	at com.kms.katalon.core.main.TestCaseExecutor.doExecute(TestCaseExecutor.java:322)
	at com.kms.katalon.core.main.TestCaseExecutor.processExecutionPhase(TestCaseExecutor.java:301)
	at com.kms.katalon.core.main.TestCaseExecutor.accessMainPhase(TestCaseExecutor.java:293)
	at com.kms.katalon.core.main.TestCaseExecutor.execute(TestCaseExecutor.java:227)
	at com.kms.katalon.core.main.TestCaseMain.runTestCase(TestCaseMain.java:114)
	at com.kms.katalon.core.keyword.builtin.CallTestCaseKeyword$_callTestCase_closure1.doCall(CallTestCaseKeyword.groovy:59)
	at com.kms.katalon.core.keyword.builtin.CallTestCaseKeyword$_callTestCase_closure1.call(CallTestCaseKeyword.groovy)
	at com.kms.katalon.core.keyword.internal.KeywordMain.runKeyword(KeywordMain.groovy:66)
	at com.kms.katalon.core.keyword.builtin.CallTestCaseKeyword.callTestCase(CallTestCaseKeyword.groovy:81)
	at com.kms.katalon.core.keyword.builtin.CallTestCaseKeyword.execute(CallTestCaseKeyword.groovy:44)
	at com.kms.katalon.core.keyword.internal.KeywordExecutor.executeKeywordForPlatform(KeywordExecutor.groovy:56)
	at com.kms.katalon.core.keyword.BuiltinKeywords.callTestCase(BuiltinKeywords.groovy:334)
	at TC0527.run(TC0527:30)
	at com.kms.katalon.core.main.ScriptEngine.run(ScriptEngine.java:194)
	at com.kms.katalon.core.main.ScriptEngine.runScriptAsRawText(ScriptEngine.java:119)
	at com.kms.katalon.core.main.TestCaseExecutor.runScript(TestCaseExecutor.java:331)
	at com.kms.katalon.core.main.TestCaseExecutor.doExecute(TestCaseExecutor.java:322)
	at com.kms.katalon.core.main.TestCaseExecutor.processExecutionPhase(TestCaseExecutor.java:301)
	at com.kms.katalon.core.main.TestCaseExecutor.accessMainPhase(TestCaseExecutor.java:293)
	at com.kms.katalon.core.main.TestCaseExecutor.execute(TestCaseExecutor.java:227)
	at com.kms.katalon.core.main.TestSuiteExecutor.accessTestCaseMainPhase(TestSuiteExecutor.java:129)
	at com.kms.katalon.core.main.TestSuiteExecutor.accessTestSuiteMainPhase(TestSuiteExecutor.java:112)
	at com.kms.katalon.core.main.TestSuiteExecutor.execute(TestSuiteExecutor.java:81)
	at com.kms.katalon.core.main.TestCaseMain.startTestSuite(TestCaseMain.java:157)
	at com.kms.katalon.core.main.TestCaseMain$startTestSuite$0.call(Unknown Source)
	at TempTestSuite1553670311511.run(TempTestSuite1553670311511.groovy:35)
Caused by: com.kms.katalon.core.webui.exception.WebElementNotFoundException: Web element with id: 'Object Repository/Page_KiboPush  Dashboard/h3_Dashboard (57)' located by 'By.xpath: //h3[(text() = 'Dashboard' or . = 'Dashboard')]' not found
	at com.kms.katalon.core.webui.common.WebUiCommonHelper.findWebElement(WebUiCommonHelper.java:1053)
	at com.kms.katalon.core.webui.keyword.internal.WebUIAbstractKeyword.findWebElement(WebUIAbstractKeyword.groovy:27)
	at com.kms.katalon.core.webui.keyword.internal.WebUIAbstractKeyword.findWebElement(WebUIAbstractKeyword.groovy:26)
	at com.kms.katalon.core.webui.keyword.builtin.ClickKeyword$_click_closure1.doCall(ClickKeyword.groovy:77)
	at com.kms.katalon.core.webui.keyword.builtin.ClickKeyword$_click_closure1.call(ClickKeyword.groovy)
	at com.kms.katalon.core.webui.keyword.internal.WebUIKeywordMain.runKeyword(WebUIKeywordMain.groovy:20)
	at com.kms.katalon.core.webui.keyword.builtin.ClickKeyword.click(ClickKeyword.groovy:86)
	at com.kms.katalon.core.webui.keyword.builtin.ClickKeyword.execute(ClickKeyword.groovy:67)
	at com.kms.katalon.core.keyword.internal.KeywordExecutor.executeKeywordForPlatform(KeywordExecutor.groovy:56)
	at com.kms.katalon.core.webui.keyword.WebUiBuiltInKeywords.click(WebUiBuiltInKeywords.groovy:616)
	at com.kms.katalon.core.webui.keyword.WebUiBuiltInKeywords$click$2.call(Unknown Source)
	at Script1542870641933.run(Script1542870641933.groovy:40)
	at com.kms.katalon.core.main.ScriptEngine.run(ScriptEngine.java:194)
	at com.kms.katalon.core.main.ScriptEngine.runScriptAsRawText(ScriptEngine.java:119)
	at com.kms.katalon.core.main.TestCaseExecutor.runScript(TestCaseExecutor.java:331)
	at com.kms.katalon.core.main.TestCaseExecutor.doExecute(TestCaseExecutor.java:322)
	at com.kms.katalon.core.main.TestCaseExecutor.processExecutionPhase(TestCaseExecutor.java:301)
	at com.kms.katalon.core.main.TestCaseExecutor.accessMainPhase(TestCaseExecutor.java:293)
	at com.kms.katalon.core.main.TestCaseExecutor.execute(TestCaseExecutor.java:227)
	at com.kms.katalon.core.main.TestCaseMain.runTestCase(TestCaseMain.java:114)
	at com.kms.katalon.core.keyword.builtin.CallTestCaseKeyword$_callTestCase_closure1.doCall(CallTestCaseKeyword.groovy:59)
	at com.kms.katalon.core.keyword.builtin.CallTestCaseKeyword$_callTestCase_closure1.call(CallTestCaseKeyword.groovy)
	at com.kms.katalon.core.keyword.internal.KeywordMain.runKeyword(KeywordMain.groovy:66)
	at com.kms.katalon.core.keyword.builtin.CallTestCaseKeyword.callTestCase(CallTestCaseKeyword.groovy:81)
	at com.kms.katalon.core.keyword.builtin.CallTestCaseKeyword.execute(CallTestCaseKeyword.groovy:44)
	at com.kms.katalon.core.keyword.internal.KeywordExecutor.executeKeywordForPlatform(KeywordExecutor.groovy:56)
	at com.kms.katalon.core.keyword.BuiltinKeywords.callTestCase(BuiltinKeywords.groovy:334)
	at Script1537021633628.run(Script1537021633628.groovy:22)
	at com.kms.katalon.core.main.ScriptEngine.run(ScriptEngine.java:194)
	at com.kms.katalon.core.main.ScriptEngine.runScriptAsRawText(ScriptEngine.java:119)
	at com.kms.katalon.core.main.TestCaseExecutor.runScript(TestCaseExecutor.java:331)
	at com.kms.katalon.core.main.TestCaseExecutor.doExecute(TestCaseExecutor.java:322)
	at com.kms.katalon.core.main.TestCaseExecutor.processExecutionPhase(TestCaseExecutor.java:301)
	at com.kms.katalon.core.main.TestCaseExecutor.accessMainPhase(TestCaseExecutor.java:293)
	at com.kms.katalon.core.main.TestCaseExecutor.execute(TestCaseExecutor.java:227)
	at com.kms.katalon.core.main.TestCaseMain.runTestCase(TestCaseMain.java:114)
	at com.kms.katalon.core.keyword.builtin.CallTestCaseKeyword$_callTestCase_closure1.doCall(CallTestCaseKeyword.groovy:59)
	at com.kms.katalon.core.keyword.builtin.CallTestCaseKeyword$_callTestCase_closure1.call(CallTestCaseKeyword.groovy)
	at com.kms.katalon.core.keyword.internal.KeywordMain.runKeyword(KeywordMain.groovy:66)
	at com.kms.katalon.core.keyword.builtin.CallTestCaseKeyword.callTestCase(CallTestCaseKeyword.groovy:81)
	at com.kms.katalon.core.keyword.builtin.CallTestCaseKeyword.execute(CallTestCaseKeyword.groovy:44)
	at com.kms.katalon.core.keyword.internal.KeywordExecutor.executeKeywordForPlatform(KeywordExecutor.groovy:56)
	at com.kms.katalon.core.keyword.BuiltinKeywords.callTestCase(BuiltinKeywords.groovy:334)
	at Script1535541221506.run(Script1535541221506.groovy:30)
	... 13 more


2019-03-27 12:22:08 - [TEST_STEP][PASSED] - openBrowser(""): Browser is opened with url: ''

2019-03-27 12:22:08 - [MESSAGE][WARNING] - A browser is already opened. Closing browser and opening a new one

2019-03-27 12:22:08 - [MESSAGE][INFO] - Starting 'Chrome' driver

2019-03-27 12:22:09 - [MESSAGE][PASSED] - Browser is opened with url: ''

2019-03-27 12:22:09 - [TEST_STEP][PASSED] - maximizeWindow(): Current window maximized

2019-03-27 12:22:09 - [MESSAGE][PASSED] - Current window maximized

2019-03-27 12:22:09 - [TEST_STEP][PASSED] - navigateToUrl("https://kiboengage.cloudkibo.com/"): Navigate to 'https://kiboengage.cloudkibo.com/' successfully

2019-03-27 12:22:47 - [MESSAGE][PASSED] - Navigate to 'https://kiboengage.cloudkibo.com/' successfully

2019-03-27 12:22:47 - [TEST_STEP][PASSED] - navigateToUrl("https://accounts.cloudkibo.com/?continue=https://kiboengage.cloudkibo.com"): Navigate to 'https://accounts.cloudkibo.com/?continue=https://kiboengage.cloudkibo.com' successfully

2019-03-27 12:22:48 - [MESSAGE][PASSED] - Navigate to 'https://accounts.cloudkibo.com/?continue=https://kiboengage.cloudkibo.com' successfully

2019-03-27 12:22:48 - [TEST_STEP][PASSED] - click(findTestObject("Page_KiboPush/a_Login (9) (1)")): Object: 'Object Repository/Page_KiboPush/a_Login (9) (1)' is clicked on

2019-03-27 12:22:49 - [MESSAGE][PASSED] - Object: 'Object Repository/Page_KiboPush/a_Login (9) (1)' is clicked on

2019-03-27 12:22:49 - [TEST_STEP][PASSED] - setText(findTestObject("Page_KiboPush/input_email (10) (1)"), "individual@cloudkibo.com"): Text 'individual@cloudkibo.com' is set on object 'Object Repository/Page_KiboPush/input_email (10) (1)'

2019-03-27 12:22:49 - [MESSAGE][PASSED] - Text 'individual@cloudkibo.com' is set on object 'Object Repository/Page_KiboPush/input_email (10) (1)'

2019-03-27 12:22:49 - [TEST_STEP][PASSED] - setEncryptedText(findTestObject("Page_KiboPush/input_password (9) (1)"), "RigbBhfdqOBGNlJIWM1ClA=="): Text ****** has been set on object 'Object Repository/Page_KiboPush/input_password (9) (1)'

2019-03-27 12:22:50 - [MESSAGE][PASSED] - Text ****** has been set on object 'Object Repository/Page_KiboPush/input_password (9) (1)'

2019-03-27 12:22:50 - [TEST_STEP][PASSED] - click(findTestObject("Page_KiboPush/button_Sign In (10) (1)")): Object: 'Object Repository/Page_KiboPush/button_Sign In (10) (1)' is clicked on

2019-03-27 12:22:50 - [MESSAGE][PASSED] - Object: 'Object Repository/Page_KiboPush/button_Sign In (10) (1)' is clicked on

2019-03-27 12:22:50 - [TEST_STEP][PASSED] - navigateToUrl("https://kiboengage.cloudkibo.com/dashboard"): Navigate to 'https://kiboengage.cloudkibo.com/dashboard' successfully

2019-03-27 12:23:37 - [MESSAGE][PASSED] - Navigate to 'https://kiboengage.cloudkibo.com/dashboard' successfully

2019-03-27 12:23:37 - [TEST_STEP][FAILED] - click(findTestObject("Object Repository/Page_KiboPush  Dashboard/h3_Dashboard (57)")): click(findTestObject("Object Repository/Page_KiboPush  Dashboard/h3_Dashboard (57)")) FAILED.
Reason:
com.kms.katalon.core.exception.StepFailedException: Unable to click on object 'Object Repository/Page_KiboPush  Dashboard/h3_Dashboard (57)'
	at com.kms.katalon.core.webui.keyword.internal.WebUIKeywordMain.stepFailed(WebUIKeywordMain.groovy:64)
	at com.kms.katalon.core.webui.keyword.internal.WebUIKeywordMain.runKeyword(WebUIKeywordMain.groovy:26)
	at com.kms.katalon.core.webui.keyword.builtin.ClickKeyword.click(ClickKeyword.groovy:86)
	at com.kms.katalon.core.webui.keyword.builtin.ClickKeyword.execute(ClickKeyword.groovy:67)
	at com.kms.katalon.core.keyword.internal.KeywordExecutor.executeKeywordForPlatform(KeywordExecutor.groovy:56)
	at com.kms.katalon.core.webui.keyword.WebUiBuiltInKeywords.click(WebUiBuiltInKeywords.groovy:616)
	at com.kms.katalon.core.webui.keyword.WebUiBuiltInKeywords$click$2.call(Unknown Source)
	at Login-KiboEngage.run(Login-KiboEngage:40)
	at com.kms.katalon.core.main.ScriptEngine.run(ScriptEngine.java:194)
	at com.kms.katalon.core.main.ScriptEngine.runScriptAsRawText(ScriptEngine.java:119)
	at com.kms.katalon.core.main.TestCaseExecutor.runScript(TestCaseExecutor.java:331)
	at com.kms.katalon.core.main.TestCaseExecutor.doExecute(TestCaseExecutor.java:322)
	at com.kms.katalon.core.main.TestCaseExecutor.processExecutionPhase(TestCaseExecutor.java:301)
	at com.kms.katalon.core.main.TestCaseExecutor.accessMainPhase(TestCaseExecutor.java:293)
	at com.kms.katalon.core.main.TestCaseExecutor.execute(TestCaseExecutor.java:227)
	at com.kms.katalon.core.main.TestCaseMain.runTestCase(TestCaseMain.java:114)
	at com.kms.katalon.core.keyword.builtin.CallTestCaseKeyword$_callTestCase_closure1.doCall(CallTestCaseKeyword.groovy:59)
	at com.kms.katalon.core.keyword.builtin.CallTestCaseKeyword$_callTestCase_closure1.call(CallTestCaseKeyword.groovy)
	at com.kms.katalon.core.keyword.internal.KeywordMain.runKeyword(KeywordMain.groovy:66)
	at com.kms.katalon.core.keyword.builtin.CallTestCaseKeyword.callTestCase(CallTestCaseKeyword.groovy:81)
	at com.kms.katalon.core.keyword.builtin.CallTestCaseKeyword.execute(CallTestCaseKeyword.groovy:44)
	at com.kms.katalon.core.keyword.internal.KeywordExecutor.executeKeywordForPlatform(KeywordExecutor.groovy:56)
	at com.kms.katalon.core.keyword.BuiltinKeywords.callTestCase(BuiltinKeywords.groovy:334)
	at Comment capture.run(Comment capture:22)
	at com.kms.katalon.core.main.ScriptEngine.run(ScriptEngine.java:194)
	at com.kms.katalon.core.main.ScriptEngine.runScriptAsRawText(ScriptEngine.java:119)
	at com.kms.katalon.core.main.TestCaseExecutor.runScript(TestCaseExecutor.java:331)
	at com.kms.katalon.core.main.TestCaseExecutor.doExecute(TestCaseExecutor.java:322)
	at com.kms.katalon.core.main.TestCaseExecutor.processExecutionPhase(TestCaseExecutor.java:301)
	at com.kms.katalon.core.main.TestCaseExecutor.accessMainPhase(TestCaseExecutor.java:293)
	at com.kms.katalon.core.main.TestCaseExecutor.execute(TestCaseExecutor.java:227)
	at com.kms.katalon.core.main.TestCaseMain.runTestCase(TestCaseMain.java:114)
	at com.kms.katalon.core.keyword.builtin.CallTestCaseKeyword$_callTestCase_closure1.doCall(CallTestCaseKeyword.groovy:59)
	at com.kms.katalon.core.keyword.builtin.CallTestCaseKeyword$_callTestCase_closure1.call(CallTestCaseKeyword.groovy)
	at com.kms.katalon.core.keyword.internal.KeywordMain.runKeyword(KeywordMain.groovy:66)
	at com.kms.katalon.core.keyword.builtin.CallTestCaseKeyword.callTestCase(CallTestCaseKeyword.groovy:81)
	at com.kms.katalon.core.keyword.builtin.CallTestCaseKeyword.execute(CallTestCaseKeyword.groovy:44)
	at com.kms.katalon.core.keyword.internal.KeywordExecutor.executeKeywordForPlatform(KeywordExecutor.groovy:56)
	at com.kms.katalon.core.keyword.BuiltinKeywords.callTestCase(BuiltinKeywords.groovy:334)
	at TC0527.run(TC0527:30)
	at com.kms.katalon.core.main.ScriptEngine.run(ScriptEngine.java:194)
	at com.kms.katalon.core.main.ScriptEngine.runScriptAsRawText(ScriptEngine.java:119)
	at com.kms.katalon.core.main.TestCaseExecutor.runScript(TestCaseExecutor.java:331)
	at com.kms.katalon.core.main.TestCaseExecutor.doExecute(TestCaseExecutor.java:322)
	at com.kms.katalon.core.main.TestCaseExecutor.processExecutionPhase(TestCaseExecutor.java:301)
	at com.kms.katalon.core.main.TestCaseExecutor.accessMainPhase(TestCaseExecutor.java:293)
	at com.kms.katalon.core.main.TestCaseExecutor.execute(TestCaseExecutor.java:227)
	at com.kms.katalon.core.main.TestSuiteExecutor.accessTestCaseMainPhase(TestSuiteExecutor.java:129)
	at com.kms.katalon.core.main.TestSuiteExecutor.accessTestSuiteMainPhase(TestSuiteExecutor.java:112)
	at com.kms.katalon.core.main.TestSuiteExecutor.execute(TestSuiteExecutor.java:81)
	at com.kms.katalon.core.main.TestCaseMain.startTestSuite(TestCaseMain.java:157)
	at com.kms.katalon.core.main.TestCaseMain$startTestSuite$0.call(Unknown Source)
	at TempTestSuite1553670311511.run(TempTestSuite1553670311511.groovy:35)
Caused by: com.kms.katalon.core.webui.exception.WebElementNotFoundException: Web element with id: 'Object Repository/Page_KiboPush  Dashboard/h3_Dashboard (57)' located by 'By.xpath: //h3[(text() = 'Dashboard' or . = 'Dashboard')]' not found
	at com.kms.katalon.core.webui.common.WebUiCommonHelper.findWebElement(WebUiCommonHelper.java:1053)
	at com.kms.katalon.core.webui.keyword.internal.WebUIAbstractKeyword.findWebElement(WebUIAbstractKeyword.groovy:27)
	at com.kms.katalon.core.webui.keyword.internal.WebUIAbstractKeyword.findWebElement(WebUIAbstractKeyword.groovy:26)
	at com.kms.katalon.core.webui.keyword.builtin.ClickKeyword$_click_closure1.doCall(ClickKeyword.groovy:77)
	at com.kms.katalon.core.webui.keyword.builtin.ClickKeyword$_click_closure1.call(ClickKeyword.groovy)
	at com.kms.katalon.core.webui.keyword.internal.WebUIKeywordMain.runKeyword(WebUIKeywordMain.groovy:20)
	at com.kms.katalon.core.webui.keyword.builtin.ClickKeyword.click(ClickKeyword.groovy:86)
	at com.kms.katalon.core.webui.keyword.builtin.ClickKeyword.execute(ClickKeyword.groovy:67)
	at com.kms.katalon.core.keyword.internal.KeywordExecutor.executeKeywordForPlatform(KeywordExecutor.groovy:56)
	at com.kms.katalon.core.webui.keyword.WebUiBuiltInKeywords.click(WebUiBuiltInKeywords.groovy:616)
	at com.kms.katalon.core.webui.keyword.WebUiBuiltInKeywords$click$2.call(Unknown Source)
	at Script1542870641933.run(Script1542870641933.groovy:40)
	at com.kms.katalon.core.main.ScriptEngine.run(ScriptEngine.java:194)
	at com.kms.katalon.core.main.ScriptEngine.runScriptAsRawText(ScriptEngine.java:119)
	at com.kms.katalon.core.main.TestCaseExecutor.runScript(TestCaseExecutor.java:331)
	at com.kms.katalon.core.main.TestCaseExecutor.doExecute(TestCaseExecutor.java:322)
	at com.kms.katalon.core.main.TestCaseExecutor.processExecutionPhase(TestCaseExecutor.java:301)
	at com.kms.katalon.core.main.TestCaseExecutor.accessMainPhase(TestCaseExecutor.java:293)
	at com.kms.katalon.core.main.TestCaseExecutor.execute(TestCaseExecutor.java:227)
	at com.kms.katalon.core.main.TestCaseMain.runTestCase(TestCaseMain.java:114)
	at com.kms.katalon.core.keyword.builtin.CallTestCaseKeyword$_callTestCase_closure1.doCall(CallTestCaseKeyword.groovy:59)
	at com.kms.katalon.core.keyword.builtin.CallTestCaseKeyword$_callTestCase_closure1.call(CallTestCaseKeyword.groovy)
	at com.kms.katalon.core.keyword.internal.KeywordMain.runKeyword(KeywordMain.groovy:66)
	at com.kms.katalon.core.keyword.builtin.CallTestCaseKeyword.callTestCase(CallTestCaseKeyword.groovy:81)
	at com.kms.katalon.core.keyword.builtin.CallTestCaseKeyword.execute(CallTestCaseKeyword.groovy:44)
	at com.kms.katalon.core.keyword.internal.KeywordExecutor.executeKeywordForPlatform(KeywordExecutor.groovy:56)
	at com.kms.katalon.core.keyword.BuiltinKeywords.callTestCase(BuiltinKeywords.groovy:334)
	at Script1537021633628.run(Script1537021633628.groovy:22)
	at com.kms.katalon.core.main.ScriptEngine.run(ScriptEngine.java:194)
	at com.kms.katalon.core.main.ScriptEngine.runScriptAsRawText(ScriptEngine.java:119)
	at com.kms.katalon.core.main.TestCaseExecutor.runScript(TestCaseExecutor.java:331)
	at com.kms.katalon.core.main.TestCaseExecutor.doExecute(TestCaseExecutor.java:322)
	at com.kms.katalon.core.main.TestCaseExecutor.processExecutionPhase(TestCaseExecutor.java:301)
	at com.kms.katalon.core.main.TestCaseExecutor.accessMainPhase(TestCaseExecutor.java:293)
	at com.kms.katalon.core.main.TestCaseExecutor.execute(TestCaseExecutor.java:227)
	at com.kms.katalon.core.main.TestCaseMain.runTestCase(TestCaseMain.java:114)
	at com.kms.katalon.core.keyword.builtin.CallTestCaseKeyword$_callTestCase_closure1.doCall(CallTestCaseKeyword.groovy:59)
	at com.kms.katalon.core.keyword.builtin.CallTestCaseKeyword$_callTestCase_closure1.call(CallTestCaseKeyword.groovy)
	at com.kms.katalon.core.keyword.internal.KeywordMain.runKeyword(KeywordMain.groovy:66)
	at com.kms.katalon.core.keyword.builtin.CallTestCaseKeyword.callTestCase(CallTestCaseKeyword.groovy:81)
	at com.kms.katalon.core.keyword.builtin.CallTestCaseKeyword.execute(CallTestCaseKeyword.groovy:44)
	at com.kms.katalon.core.keyword.internal.KeywordExecutor.executeKeywordForPlatform(KeywordExecutor.groovy:56)
	at com.kms.katalon.core.keyword.BuiltinKeywords.callTestCase(BuiltinKeywords.groovy:334)
	at Script1535541221506.run(Script1535541221506.groovy:30)
	... 13 more


2019-03-27 12:24:08 - [MESSAGE][INFO] - Unable to find the element located by 'By.xpath: //h3[(text() = 'Dashboard' or . = 'Dashboard')]'. Please recheck the objects properties to make sure the desired element is located. 

2019-03-27 12:24:08 - [MESSAGE][FAILED] - Unable to click on object 'Object Repository/Page_KiboPush  Dashboard/h3_Dashboard (57)' (Root cause: com.kms.katalon.core.exception.StepFailedException: Unable to click on object 'Object Repository/Page_KiboPush  Dashboard/h3_Dashboard (57)'
	at com.kms.katalon.core.webui.keyword.internal.WebUIKeywordMain.stepFailed(WebUIKeywordMain.groovy:64)
	at com.kms.katalon.core.webui.keyword.internal.WebUIKeywordMain.runKeyword(WebUIKeywordMain.groovy:26)
	at com.kms.katalon.core.webui.keyword.builtin.ClickKeyword.click(ClickKeyword.groovy:86)
	at com.kms.katalon.core.webui.keyword.builtin.ClickKeyword.execute(ClickKeyword.groovy:67)
	at com.kms.katalon.core.keyword.internal.KeywordExecutor.executeKeywordForPlatform(KeywordExecutor.groovy:56)
	at com.kms.katalon.core.webui.keyword.WebUiBuiltInKeywords.click(WebUiBuiltInKeywords.groovy:616)
	at com.kms.katalon.core.webui.keyword.WebUiBuiltInKeywords$click$2.call(Unknown Source)
	at Login-KiboEngage.run(Login-KiboEngage:40)
	at com.kms.katalon.core.main.ScriptEngine.run(ScriptEngine.java:194)
	at com.kms.katalon.core.main.ScriptEngine.runScriptAsRawText(ScriptEngine.java:119)
	at com.kms.katalon.core.main.TestCaseExecutor.runScript(TestCaseExecutor.java:331)
	at com.kms.katalon.core.main.TestCaseExecutor.doExecute(TestCaseExecutor.java:322)
	at com.kms.katalon.core.main.TestCaseExecutor.processExecutionPhase(TestCaseExecutor.java:301)
	at com.kms.katalon.core.main.TestCaseExecutor.accessMainPhase(TestCaseExecutor.java:293)
	at com.kms.katalon.core.main.TestCaseExecutor.execute(TestCaseExecutor.java:227)
	at com.kms.katalon.core.main.TestCaseMain.runTestCase(TestCaseMain.java:114)
	at com.kms.katalon.core.keyword.builtin.CallTestCaseKeyword$_callTestCase_closure1.doCall(CallTestCaseKeyword.groovy:59)
	at com.kms.katalon.core.keyword.builtin.CallTestCaseKeyword$_callTestCase_closure1.call(CallTestCaseKeyword.groovy)
	at com.kms.katalon.core.keyword.internal.KeywordMain.runKeyword(KeywordMain.groovy:66)
	at com.kms.katalon.core.keyword.builtin.CallTestCaseKeyword.callTestCase(CallTestCaseKeyword.groovy:81)
	at com.kms.katalon.core.keyword.builtin.CallTestCaseKeyword.execute(CallTestCaseKeyword.groovy:44)
	at com.kms.katalon.core.keyword.internal.KeywordExecutor.executeKeywordForPlatform(KeywordExecutor.groovy:56)
	at com.kms.katalon.core.keyword.BuiltinKeywords.callTestCase(BuiltinKeywords.groovy:334)
	at Comment capture.run(Comment capture:22)
	at com.kms.katalon.core.main.ScriptEngine.run(ScriptEngine.java:194)
	at com.kms.katalon.core.main.ScriptEngine.runScriptAsRawText(ScriptEngine.java:119)
	at com.kms.katalon.core.main.TestCaseExecutor.runScript(TestCaseExecutor.java:331)
	at com.kms.katalon.core.main.TestCaseExecutor.doExecute(TestCaseExecutor.java:322)
	at com.kms.katalon.core.main.TestCaseExecutor.processExecutionPhase(TestCaseExecutor.java:301)
	at com.kms.katalon.core.main.TestCaseExecutor.accessMainPhase(TestCaseExecutor.java:293)
	at com.kms.katalon.core.main.TestCaseExecutor.execute(TestCaseExecutor.java:227)
	at com.kms.katalon.core.main.TestCaseMain.runTestCase(TestCaseMain.java:114)
	at com.kms.katalon.core.keyword.builtin.CallTestCaseKeyword$_callTestCase_closure1.doCall(CallTestCaseKeyword.groovy:59)
	at com.kms.katalon.core.keyword.builtin.CallTestCaseKeyword$_callTestCase_closure1.call(CallTestCaseKeyword.groovy)
	at com.kms.katalon.core.keyword.internal.KeywordMain.runKeyword(KeywordMain.groovy:66)
	at com.kms.katalon.core.keyword.builtin.CallTestCaseKeyword.callTestCase(CallTestCaseKeyword.groovy:81)
	at com.kms.katalon.core.keyword.builtin.CallTestCaseKeyword.execute(CallTestCaseKeyword.groovy:44)
	at com.kms.katalon.core.keyword.internal.KeywordExecutor.executeKeywordForPlatform(KeywordExecutor.groovy:56)
	at com.kms.katalon.core.keyword.BuiltinKeywords.callTestCase(BuiltinKeywords.groovy:334)
	at TC0527.run(TC0527:30)
	at com.kms.katalon.core.main.ScriptEngine.run(ScriptEngine.java:194)
	at com.kms.katalon.core.main.ScriptEngine.runScriptAsRawText(ScriptEngine.java:119)
	at com.kms.katalon.core.main.TestCaseExecutor.runScript(TestCaseExecutor.java:331)
	at com.kms.katalon.core.main.TestCaseExecutor.doExecute(TestCaseExecutor.java:322)
	at com.kms.katalon.core.main.TestCaseExecutor.processExecutionPhase(TestCaseExecutor.java:301)
	at com.kms.katalon.core.main.TestCaseExecutor.accessMainPhase(TestCaseExecutor.java:293)
	at com.kms.katalon.core.main.TestCaseExecutor.execute(TestCaseExecutor.java:227)
	at com.kms.katalon.core.main.TestSuiteExecutor.accessTestCaseMainPhase(TestSuiteExecutor.java:129)
	at com.kms.katalon.core.main.TestSuiteExecutor.accessTestSuiteMainPhase(TestSuiteExecutor.java:112)
	at com.kms.katalon.core.main.TestSuiteExecutor.execute(TestSuiteExecutor.java:81)
	at com.kms.katalon.core.main.TestCaseMain.startTestSuite(TestCaseMain.java:157)
	at com.kms.katalon.core.main.TestCaseMain$startTestSuite$0.call(Unknown Source)
	at TempTestSuite1553670311511.run(TempTestSuite1553670311511.groovy:35)
Caused by: com.kms.katalon.core.webui.exception.WebElementNotFoundException: Web element with id: 'Object Repository/Page_KiboPush  Dashboard/h3_Dashboard (57)' located by 'By.xpath: //h3[(text() = 'Dashboard' or . = 'Dashboard')]' not found
	at com.kms.katalon.core.webui.common.WebUiCommonHelper.findWebElement(WebUiCommonHelper.java:1053)
	at com.kms.katalon.core.webui.keyword.internal.WebUIAbstractKeyword.findWebElement(WebUIAbstractKeyword.groovy:27)
	at com.kms.katalon.core.webui.keyword.internal.WebUIAbstractKeyword.findWebElement(WebUIAbstractKeyword.groovy:26)
	at com.kms.katalon.core.webui.keyword.builtin.ClickKeyword$_click_closure1.doCall(ClickKeyword.groovy:77)
	at com.kms.katalon.core.webui.keyword.builtin.ClickKeyword$_click_closure1.call(ClickKeyword.groovy)
	at com.kms.katalon.core.webui.keyword.internal.WebUIKeywordMain.runKeyword(WebUIKeywordMain.groovy:20)
	at com.kms.katalon.core.webui.keyword.builtin.ClickKeyword.click(ClickKeyword.groovy:86)
	at com.kms.katalon.core.webui.keyword.builtin.ClickKeyword.execute(ClickKeyword.groovy:67)
	at com.kms.katalon.core.keyword.internal.KeywordExecutor.executeKeywordForPlatform(KeywordExecutor.groovy:56)
	at com.kms.katalon.core.webui.keyword.WebUiBuiltInKeywords.click(WebUiBuiltInKeywords.groovy:616)
	at com.kms.katalon.core.webui.keyword.WebUiBuiltInKeywords$click$2.call(Unknown Source)
	at Script1542870641933.run(Script1542870641933.groovy:40)
	at com.kms.katalon.core.main.ScriptEngine.run(ScriptEngine.java:194)
	at com.kms.katalon.core.main.ScriptEngine.runScriptAsRawText(ScriptEngine.java:119)
	at com.kms.katalon.core.main.TestCaseExecutor.runScript(TestCaseExecutor.java:331)
	at com.kms.katalon.core.main.TestCaseExecutor.doExecute(TestCaseExecutor.java:322)
	at com.kms.katalon.core.main.TestCaseExecutor.processExecutionPhase(TestCaseExecutor.java:301)
	at com.kms.katalon.core.main.TestCaseExecutor.accessMainPhase(TestCaseExecutor.java:293)
	at com.kms.katalon.core.main.TestCaseExecutor.execute(TestCaseExecutor.java:227)
	at com.kms.katalon.core.main.TestCaseMain.runTestCase(TestCaseMain.java:114)
	at com.kms.katalon.core.keyword.builtin.CallTestCaseKeyword$_callTestCase_closure1.doCall(CallTestCaseKeyword.groovy:59)
	at com.kms.katalon.core.keyword.builtin.CallTestCaseKeyword$_callTestCase_closure1.call(CallTestCaseKeyword.groovy)
	at com.kms.katalon.core.keyword.internal.KeywordMain.runKeyword(KeywordMain.groovy:66)
	at com.kms.katalon.core.keyword.builtin.CallTestCaseKeyword.callTestCase(CallTestCaseKeyword.groovy:81)
	at com.kms.katalon.core.keyword.builtin.CallTestCaseKeyword.execute(CallTestCaseKeyword.groovy:44)
	at com.kms.katalon.core.keyword.internal.KeywordExecutor.executeKeywordForPlatform(KeywordExecutor.groovy:56)
	at com.kms.katalon.core.keyword.BuiltinKeywords.callTestCase(BuiltinKeywords.groovy:334)
	at Script1537021633628.run(Script1537021633628.groovy:22)
	at com.kms.katalon.core.main.ScriptEngine.run(ScriptEngine.java:194)
	at com.kms.katalon.core.main.ScriptEngine.runScriptAsRawText(ScriptEngine.java:119)
	at com.kms.katalon.core.main.TestCaseExecutor.runScript(TestCaseExecutor.java:331)
	at com.kms.katalon.core.main.TestCaseExecutor.doExecute(TestCaseExecutor.java:322)
	at com.kms.katalon.core.main.TestCaseExecutor.processExecutionPhase(TestCaseExecutor.java:301)
	at com.kms.katalon.core.main.TestCaseExecutor.accessMainPhase(TestCaseExecutor.java:293)
	at com.kms.katalon.core.main.TestCaseExecutor.execute(TestCaseExecutor.java:227)
	at com.kms.katalon.core.main.TestCaseMain.runTestCase(TestCaseMain.java:114)
	at com.kms.katalon.core.keyword.builtin.CallTestCaseKeyword$_callTestCase_closure1.doCall(CallTestCaseKeyword.groovy:59)
	at com.kms.katalon.core.keyword.builtin.CallTestCaseKeyword$_callTestCase_closure1.call(CallTestCaseKeyword.groovy)
	at com.kms.katalon.core.keyword.internal.KeywordMain.runKeyword(KeywordMain.groovy:66)
	at com.kms.katalon.core.keyword.builtin.CallTestCaseKeyword.callTestCase(CallTestCaseKeyword.groovy:81)
	at com.kms.katalon.core.keyword.builtin.CallTestCaseKeyword.execute(CallTestCaseKeyword.groovy:44)
	at com.kms.katalon.core.keyword.internal.KeywordExecutor.executeKeywordForPlatform(KeywordExecutor.groovy:56)
	at com.kms.katalon.core.keyword.BuiltinKeywords.callTestCase(BuiltinKeywords.groovy:334)
	at Script1535541221506.run(Script1535541221506.groovy:30)
	... 13 more
)
[[ATTACHMENT|/home/cloudkibo-faizan/Drive/Katalon/production/KiboPush/Reports/capture/20190327_120511/1553671448094.png]]

2019-03-27 12:24:08 - [MESSAGE][FAILED] - click(findTestObject("Object Repository/Page_KiboPush  Dashboard/h3_Dashboard (57)")) FAILED.
Reason:
com.kms.katalon.core.exception.StepFailedException: Unable to click on object 'Object Repository/Page_KiboPush  Dashboard/h3_Dashboard (57)'
	at com.kms.katalon.core.webui.keyword.internal.WebUIKeywordMain.stepFailed(WebUIKeywordMain.groovy:64)
	at com.kms.katalon.core.webui.keyword.internal.WebUIKeywordMain.runKeyword(WebUIKeywordMain.groovy:26)
	at com.kms.katalon.core.webui.keyword.builtin.ClickKeyword.click(ClickKeyword.groovy:86)
	at com.kms.katalon.core.webui.keyword.builtin.ClickKeyword.execute(ClickKeyword.groovy:67)
	at com.kms.katalon.core.keyword.internal.KeywordExecutor.executeKeywordForPlatform(KeywordExecutor.groovy:56)
	at com.kms.katalon.core.webui.keyword.WebUiBuiltInKeywords.click(WebUiBuiltInKeywords.groovy:616)
	at com.kms.katalon.core.webui.keyword.WebUiBuiltInKeywords$click$2.call(Unknown Source)
	at Login-KiboEngage.run(Login-KiboEngage:40)
	at com.kms.katalon.core.main.ScriptEngine.run(ScriptEngine.java:194)
	at com.kms.katalon.core.main.ScriptEngine.runScriptAsRawText(ScriptEngine.java:119)
	at com.kms.katalon.core.main.TestCaseExecutor.runScript(TestCaseExecutor.java:331)
	at com.kms.katalon.core.main.TestCaseExecutor.doExecute(TestCaseExecutor.java:322)
	at com.kms.katalon.core.main.TestCaseExecutor.processExecutionPhase(TestCaseExecutor.java:301)
	at com.kms.katalon.core.main.TestCaseExecutor.accessMainPhase(TestCaseExecutor.java:293)
	at com.kms.katalon.core.main.TestCaseExecutor.execute(TestCaseExecutor.java:227)
	at com.kms.katalon.core.main.TestCaseMain.runTestCase(TestCaseMain.java:114)
	at com.kms.katalon.core.keyword.builtin.CallTestCaseKeyword$_callTestCase_closure1.doCall(CallTestCaseKeyword.groovy:59)
	at com.kms.katalon.core.keyword.builtin.CallTestCaseKeyword$_callTestCase_closure1.call(CallTestCaseKeyword.groovy)
	at com.kms.katalon.core.keyword.internal.KeywordMain.runKeyword(KeywordMain.groovy:66)
	at com.kms.katalon.core.keyword.builtin.CallTestCaseKeyword.callTestCase(CallTestCaseKeyword.groovy:81)
	at com.kms.katalon.core.keyword.builtin.CallTestCaseKeyword.execute(CallTestCaseKeyword.groovy:44)
	at com.kms.katalon.core.keyword.internal.KeywordExecutor.executeKeywordForPlatform(KeywordExecutor.groovy:56)
	at com.kms.katalon.core.keyword.BuiltinKeywords.callTestCase(BuiltinKeywords.groovy:334)
	at Comment capture.run(Comment capture:22)
	at com.kms.katalon.core.main.ScriptEngine.run(ScriptEngine.java:194)
	at com.kms.katalon.core.main.ScriptEngine.runScriptAsRawText(ScriptEngine.java:119)
	at com.kms.katalon.core.main.TestCaseExecutor.runScript(TestCaseExecutor.java:331)
	at com.kms.katalon.core.main.TestCaseExecutor.doExecute(TestCaseExecutor.java:322)
	at com.kms.katalon.core.main.TestCaseExecutor.processExecutionPhase(TestCaseExecutor.java:301)
	at com.kms.katalon.core.main.TestCaseExecutor.accessMainPhase(TestCaseExecutor.java:293)
	at com.kms.katalon.core.main.TestCaseExecutor.execute(TestCaseExecutor.java:227)
	at com.kms.katalon.core.main.TestCaseMain.runTestCase(TestCaseMain.java:114)
	at com.kms.katalon.core.keyword.builtin.CallTestCaseKeyword$_callTestCase_closure1.doCall(CallTestCaseKeyword.groovy:59)
	at com.kms.katalon.core.keyword.builtin.CallTestCaseKeyword$_callTestCase_closure1.call(CallTestCaseKeyword.groovy)
	at com.kms.katalon.core.keyword.internal.KeywordMain.runKeyword(KeywordMain.groovy:66)
	at com.kms.katalon.core.keyword.builtin.CallTestCaseKeyword.callTestCase(CallTestCaseKeyword.groovy:81)
	at com.kms.katalon.core.keyword.builtin.CallTestCaseKeyword.execute(CallTestCaseKeyword.groovy:44)
	at com.kms.katalon.core.keyword.internal.KeywordExecutor.executeKeywordForPlatform(KeywordExecutor.groovy:56)
	at com.kms.katalon.core.keyword.BuiltinKeywords.callTestCase(BuiltinKeywords.groovy:334)
	at TC0527.run(TC0527:30)
	at com.kms.katalon.core.main.ScriptEngine.run(ScriptEngine.java:194)
	at com.kms.katalon.core.main.ScriptEngine.runScriptAsRawText(ScriptEngine.java:119)
	at com.kms.katalon.core.main.TestCaseExecutor.runScript(TestCaseExecutor.java:331)
	at com.kms.katalon.core.main.TestCaseExecutor.doExecute(TestCaseExecutor.java:322)
	at com.kms.katalon.core.main.TestCaseExecutor.processExecutionPhase(TestCaseExecutor.java:301)
	at com.kms.katalon.core.main.TestCaseExecutor.accessMainPhase(TestCaseExecutor.java:293)
	at com.kms.katalon.core.main.TestCaseExecutor.execute(TestCaseExecutor.java:227)
	at com.kms.katalon.core.main.TestSuiteExecutor.accessTestCaseMainPhase(TestSuiteExecutor.java:129)
	at com.kms.katalon.core.main.TestSuiteExecutor.accessTestSuiteMainPhase(TestSuiteExecutor.java:112)
	at com.kms.katalon.core.main.TestSuiteExecutor.execute(TestSuiteExecutor.java:81)
	at com.kms.katalon.core.main.TestCaseMain.startTestSuite(TestCaseMain.java:157)
	at com.kms.katalon.core.main.TestCaseMain$startTestSuite$0.call(Unknown Source)
	at TempTestSuite1553670311511.run(TempTestSuite1553670311511.groovy:35)
Caused by: com.kms.katalon.core.webui.exception.WebElementNotFoundException: Web element with id: 'Object Repository/Page_KiboPush  Dashboard/h3_Dashboard (57)' located by 'By.xpath: //h3[(text() = 'Dashboard' or . = 'Dashboard')]' not found
	at com.kms.katalon.core.webui.common.WebUiCommonHelper.findWebElement(WebUiCommonHelper.java:1053)
	at com.kms.katalon.core.webui.keyword.internal.WebUIAbstractKeyword.findWebElement(WebUIAbstractKeyword.groovy:27)
	at com.kms.katalon.core.webui.keyword.internal.WebUIAbstractKeyword.findWebElement(WebUIAbstractKeyword.groovy:26)
	at com.kms.katalon.core.webui.keyword.builtin.ClickKeyword$_click_closure1.doCall(ClickKeyword.groovy:77)
	at com.kms.katalon.core.webui.keyword.builtin.ClickKeyword$_click_closure1.call(ClickKeyword.groovy)
	at com.kms.katalon.core.webui.keyword.internal.WebUIKeywordMain.runKeyword(WebUIKeywordMain.groovy:20)
	at com.kms.katalon.core.webui.keyword.builtin.ClickKeyword.click(ClickKeyword.groovy:86)
	at com.kms.katalon.core.webui.keyword.builtin.ClickKeyword.execute(ClickKeyword.groovy:67)
	at com.kms.katalon.core.keyword.internal.KeywordExecutor.executeKeywordForPlatform(KeywordExecutor.groovy:56)
	at com.kms.katalon.core.webui.keyword.WebUiBuiltInKeywords.click(WebUiBuiltInKeywords.groovy:616)
	at com.kms.katalon.core.webui.keyword.WebUiBuiltInKeywords$click$2.call(Unknown Source)
	at Script1542870641933.run(Script1542870641933.groovy:40)
	at com.kms.katalon.core.main.ScriptEngine.run(ScriptEngine.java:194)
	at com.kms.katalon.core.main.ScriptEngine.runScriptAsRawText(ScriptEngine.java:119)
	at com.kms.katalon.core.main.TestCaseExecutor.runScript(TestCaseExecutor.java:331)
	at com.kms.katalon.core.main.TestCaseExecutor.doExecute(TestCaseExecutor.java:322)
	at com.kms.katalon.core.main.TestCaseExecutor.processExecutionPhase(TestCaseExecutor.java:301)
	at com.kms.katalon.core.main.TestCaseExecutor.accessMainPhase(TestCaseExecutor.java:293)
	at com.kms.katalon.core.main.TestCaseExecutor.execute(TestCaseExecutor.java:227)
	at com.kms.katalon.core.main.TestCaseMain.runTestCase(TestCaseMain.java:114)
	at com.kms.katalon.core.keyword.builtin.CallTestCaseKeyword$_callTestCase_closure1.doCall(CallTestCaseKeyword.groovy:59)
	at com.kms.katalon.core.keyword.builtin.CallTestCaseKeyword$_callTestCase_closure1.call(CallTestCaseKeyword.groovy)
	at com.kms.katalon.core.keyword.internal.KeywordMain.runKeyword(KeywordMain.groovy:66)
	at com.kms.katalon.core.keyword.builtin.CallTestCaseKeyword.callTestCase(CallTestCaseKeyword.groovy:81)
	at com.kms.katalon.core.keyword.builtin.CallTestCaseKeyword.execute(CallTestCaseKeyword.groovy:44)
	at com.kms.katalon.core.keyword.internal.KeywordExecutor.executeKeywordForPlatform(KeywordExecutor.groovy:56)
	at com.kms.katalon.core.keyword.BuiltinKeywords.callTestCase(BuiltinKeywords.groovy:334)
	at Script1537021633628.run(Script1537021633628.groovy:22)
	at com.kms.katalon.core.main.ScriptEngine.run(ScriptEngine.java:194)
	at com.kms.katalon.core.main.ScriptEngine.runScriptAsRawText(ScriptEngine.java:119)
	at com.kms.katalon.core.main.TestCaseExecutor.runScript(TestCaseExecutor.java:331)
	at com.kms.katalon.core.main.TestCaseExecutor.doExecute(TestCaseExecutor.java:322)
	at com.kms.katalon.core.main.TestCaseExecutor.processExecutionPhase(TestCaseExecutor.java:301)
	at com.kms.katalon.core.main.TestCaseExecutor.accessMainPhase(TestCaseExecutor.java:293)
	at com.kms.katalon.core.main.TestCaseExecutor.execute(TestCaseExecutor.java:227)
	at com.kms.katalon.core.main.TestCaseMain.runTestCase(TestCaseMain.java:114)
	at com.kms.katalon.core.keyword.builtin.CallTestCaseKeyword$_callTestCase_closure1.doCall(CallTestCaseKeyword.groovy:59)
	at com.kms.katalon.core.keyword.builtin.CallTestCaseKeyword$_callTestCase_closure1.call(CallTestCaseKeyword.groovy)
	at com.kms.katalon.core.keyword.internal.KeywordMain.runKeyword(KeywordMain.groovy:66)
	at com.kms.katalon.core.keyword.builtin.CallTestCaseKeyword.callTestCase(CallTestCaseKeyword.groovy:81)
	at com.kms.katalon.core.keyword.builtin.CallTestCaseKeyword.execute(CallTestCaseKeyword.groovy:44)
	at com.kms.katalon.core.keyword.internal.KeywordExecutor.executeKeywordForPlatform(KeywordExecutor.groovy:56)
	at com.kms.katalon.core.keyword.BuiltinKeywords.callTestCase(BuiltinKeywords.groovy:334)
	at Script1535541221506.run(Script1535541221506.groovy:30)
	... 13 more


2019-03-27 12:24:08 - [MESSAGE][FAILED] - Unable to call Test Case 'Test Cases/s-sidebar_navigation/individualAccount/Login-KiboEngage' (Root cause: com.kms.katalon.core.exception.StepFailedException: Call Test Case 'Test Cases/s-sidebar_navigation/individualAccount/Login-KiboEngage' failed
	at com.kms.katalon.core.keyword.builtin.CallTestCaseKeyword$_callTestCase_closure1.doCall(CallTestCaseKeyword.groovy:63)
	at com.kms.katalon.core.keyword.builtin.CallTestCaseKeyword$_callTestCase_closure1.call(CallTestCaseKeyword.groovy)
	at com.kms.katalon.core.keyword.internal.KeywordMain.runKeyword(KeywordMain.groovy:66)
	at com.kms.katalon.core.keyword.builtin.CallTestCaseKeyword.callTestCase(CallTestCaseKeyword.groovy:81)
	at com.kms.katalon.core.keyword.builtin.CallTestCaseKeyword.execute(CallTestCaseKeyword.groovy:44)
	at com.kms.katalon.core.keyword.internal.KeywordExecutor.executeKeywordForPlatform(KeywordExecutor.groovy:56)
	at com.kms.katalon.core.keyword.BuiltinKeywords.callTestCase(BuiltinKeywords.groovy:334)
	at Comment capture.run(Comment capture:22)
	at com.kms.katalon.core.main.ScriptEngine.run(ScriptEngine.java:194)
	at com.kms.katalon.core.main.ScriptEngine.runScriptAsRawText(ScriptEngine.java:119)
	at com.kms.katalon.core.main.TestCaseExecutor.runScript(TestCaseExecutor.java:331)
	at com.kms.katalon.core.main.TestCaseExecutor.doExecute(TestCaseExecutor.java:322)
	at com.kms.katalon.core.main.TestCaseExecutor.processExecutionPhase(TestCaseExecutor.java:301)
	at com.kms.katalon.core.main.TestCaseExecutor.accessMainPhase(TestCaseExecutor.java:293)
	at com.kms.katalon.core.main.TestCaseExecutor.execute(TestCaseExecutor.java:227)
	at com.kms.katalon.core.main.TestCaseMain.runTestCase(TestCaseMain.java:114)
	at com.kms.katalon.core.keyword.builtin.CallTestCaseKeyword$_callTestCase_closure1.doCall(CallTestCaseKeyword.groovy:59)
	at com.kms.katalon.core.keyword.builtin.CallTestCaseKeyword$_callTestCase_closure1.call(CallTestCaseKeyword.groovy)
	at com.kms.katalon.core.keyword.internal.KeywordMain.runKeyword(KeywordMain.groovy:66)
	at com.kms.katalon.core.keyword.builtin.CallTestCaseKeyword.callTestCase(CallTestCaseKeyword.groovy:81)
	at com.kms.katalon.core.keyword.builtin.CallTestCaseKeyword.execute(CallTestCaseKeyword.groovy:44)
	at com.kms.katalon.core.keyword.internal.KeywordExecutor.executeKeywordForPlatform(KeywordExecutor.groovy:56)
	at com.kms.katalon.core.keyword.BuiltinKeywords.callTestCase(BuiltinKeywords.groovy:334)
	at TC0527.run(TC0527:30)
	at com.kms.katalon.core.main.ScriptEngine.run(ScriptEngine.java:194)
	at com.kms.katalon.core.main.ScriptEngine.runScriptAsRawText(ScriptEngine.java:119)
	at com.kms.katalon.core.main.TestCaseExecutor.runScript(TestCaseExecutor.java:331)
	at com.kms.katalon.core.main.TestCaseExecutor.doExecute(TestCaseExecutor.java:322)
	at com.kms.katalon.core.main.TestCaseExecutor.processExecutionPhase(TestCaseExecutor.java:301)
	at com.kms.katalon.core.main.TestCaseExecutor.accessMainPhase(TestCaseExecutor.java:293)
	at com.kms.katalon.core.main.TestCaseExecutor.execute(TestCaseExecutor.java:227)
	at com.kms.katalon.core.main.TestSuiteExecutor.accessTestCaseMainPhase(TestSuiteExecutor.java:129)
	at com.kms.katalon.core.main.TestSuiteExecutor.accessTestSuiteMainPhase(TestSuiteExecutor.java:112)
	at com.kms.katalon.core.main.TestSuiteExecutor.execute(TestSuiteExecutor.java:81)
	at com.kms.katalon.core.main.TestCaseMain.startTestSuite(TestCaseMain.java:157)
	at com.kms.katalon.core.main.TestCaseMain$startTestSuite$0.call(Unknown Source)
	at TempTestSuite1553670311511.run(TempTestSuite1553670311511.groovy:35)
Caused by: com.kms.katalon.core.exception.StepFailedException: Unable to click on object 'Object Repository/Page_KiboPush  Dashboard/h3_Dashboard (57)'
	at com.kms.katalon.core.webui.keyword.internal.WebUIKeywordMain.stepFailed(WebUIKeywordMain.groovy:64)
	at com.kms.katalon.core.webui.keyword.internal.WebUIKeywordMain.runKeyword(WebUIKeywordMain.groovy:26)
	at com.kms.katalon.core.webui.keyword.builtin.ClickKeyword.click(ClickKeyword.groovy:86)
	at com.kms.katalon.core.webui.keyword.builtin.ClickKeyword.execute(ClickKeyword.groovy:67)
	at com.kms.katalon.core.keyword.internal.KeywordExecutor.executeKeywordForPlatform(KeywordExecutor.groovy:56)
	at com.kms.katalon.core.webui.keyword.WebUiBuiltInKeywords.click(WebUiBuiltInKeywords.groovy:616)
	at com.kms.katalon.core.webui.keyword.WebUiBuiltInKeywords$click$2.call(Unknown Source)
	at Login-KiboEngage.run(Login-KiboEngage:40)
	at com.kms.katalon.core.main.ScriptEngine.run(ScriptEngine.java:194)
	at com.kms.katalon.core.main.ScriptEngine.runScriptAsRawText(ScriptEngine.java:119)
	at com.kms.katalon.core.main.TestCaseExecutor.runScript(TestCaseExecutor.java:331)
	at com.kms.katalon.core.main.TestCaseExecutor.doExecute(TestCaseExecutor.java:322)
	at com.kms.katalon.core.main.TestCaseExecutor.processExecutionPhase(TestCaseExecutor.java:301)
	at com.kms.katalon.core.main.TestCaseExecutor.accessMainPhase(TestCaseExecutor.java:293)
	at com.kms.katalon.core.main.TestCaseExecutor.execute(TestCaseExecutor.java:227)
	at com.kms.katalon.core.main.TestCaseMain.runTestCase(TestCaseMain.java:114)
	at com.kms.katalon.core.keyword.builtin.CallTestCaseKeyword$_callTestCase_closure1.doCall(CallTestCaseKeyword.groovy:59)
	... 36 more
Caused by: com.kms.katalon.core.webui.exception.WebElementNotFoundException: Web element with id: 'Object Repository/Page_KiboPush  Dashboard/h3_Dashboard (57)' located by 'By.xpath: //h3[(text() = 'Dashboard' or . = 'Dashboard')]' not found
	at com.kms.katalon.core.webui.common.WebUiCommonHelper.findWebElement(WebUiCommonHelper.java:1053)
	at com.kms.katalon.core.webui.keyword.internal.WebUIAbstractKeyword.findWebElement(WebUIAbstractKeyword.groovy:27)
	at com.kms.katalon.core.webui.keyword.internal.WebUIAbstractKeyword.findWebElement(WebUIAbstractKeyword.groovy:26)
	at com.kms.katalon.core.webui.keyword.builtin.ClickKeyword$_click_closure1.doCall(ClickKeyword.groovy:77)
	at com.kms.katalon.core.webui.keyword.builtin.ClickKeyword$_click_closure1.call(ClickKeyword.groovy)
	at com.kms.katalon.core.webui.keyword.internal.WebUIKeywordMain.runKeyword(WebUIKeywordMain.groovy:20)
	at com.kms.katalon.core.webui.keyword.builtin.ClickKeyword.click(ClickKeyword.groovy:86)
	at com.kms.katalon.core.webui.keyword.builtin.ClickKeyword.execute(ClickKeyword.groovy:67)
	at com.kms.katalon.core.keyword.internal.KeywordExecutor.executeKeywordForPlatform(KeywordExecutor.groovy:56)
	at com.kms.katalon.core.webui.keyword.WebUiBuiltInKeywords.click(WebUiBuiltInKeywords.groovy:616)
	at com.kms.katalon.core.webui.keyword.WebUiBuiltInKeywords$click$2.call(Unknown Source)
	at Script1542870641933.run(Script1542870641933.groovy:40)
	at com.kms.katalon.core.main.ScriptEngine.run(ScriptEngine.java:194)
	at com.kms.katalon.core.main.ScriptEngine.runScriptAsRawText(ScriptEngine.java:119)
	at com.kms.katalon.core.main.TestCaseExecutor.runScript(TestCaseExecutor.java:331)
	at com.kms.katalon.core.main.TestCaseExecutor.doExecute(TestCaseExecutor.java:322)
	at com.kms.katalon.core.main.TestCaseExecutor.processExecutionPhase(TestCaseExecutor.java:301)
	at com.kms.katalon.core.main.TestCaseExecutor.accessMainPhase(TestCaseExecutor.java:293)
	at com.kms.katalon.core.main.TestCaseExecutor.execute(TestCaseExecutor.java:227)
	at com.kms.katalon.core.main.TestCaseMain.runTestCase(TestCaseMain.java:114)
	at com.kms.katalon.core.keyword.builtin.CallTestCaseKeyword$_callTestCase_closure1.doCall(CallTestCaseKeyword.groovy:59)
	at com.kms.katalon.core.keyword.builtin.CallTestCaseKeyword$_callTestCase_closure1.call(CallTestCaseKeyword.groovy)
	at com.kms.katalon.core.keyword.internal.KeywordMain.runKeyword(KeywordMain.groovy:66)
	at com.kms.katalon.core.keyword.builtin.CallTestCaseKeyword.callTestCase(CallTestCaseKeyword.groovy:81)
	at com.kms.katalon.core.keyword.builtin.CallTestCaseKeyword.execute(CallTestCaseKeyword.groovy:44)
	at com.kms.katalon.core.keyword.internal.KeywordExecutor.executeKeywordForPlatform(KeywordExecutor.groovy:56)
	at com.kms.katalon.core.keyword.BuiltinKeywords.callTestCase(BuiltinKeywords.groovy:334)
	at Script1537021633628.run(Script1537021633628.groovy:22)
	at com.kms.katalon.core.main.ScriptEngine.run(ScriptEngine.java:194)
	at com.kms.katalon.core.main.ScriptEngine.runScriptAsRawText(ScriptEngine.java:119)
	at com.kms.katalon.core.main.TestCaseExecutor.runScript(TestCaseExecutor.java:331)
	at com.kms.katalon.core.main.TestCaseExecutor.doExecute(TestCaseExecutor.java:322)
	at com.kms.katalon.core.main.TestCaseExecutor.processExecutionPhase(TestCaseExecutor.java:301)
	at com.kms.katalon.core.main.TestCaseExecutor.accessMainPhase(TestCaseExecutor.java:293)
	at com.kms.katalon.core.main.TestCaseExecutor.execute(TestCaseExecutor.java:227)
	at com.kms.katalon.core.main.TestCaseMain.runTestCase(TestCaseMain.java:114)
	at com.kms.katalon.core.keyword.builtin.CallTestCaseKeyword$_callTestCase_closure1.doCall(CallTestCaseKeyword.groovy:59)
	at com.kms.katalon.core.keyword.builtin.CallTestCaseKeyword$_callTestCase_closure1.call(CallTestCaseKeyword.groovy)
	at com.kms.katalon.core.keyword.internal.KeywordMain.runKeyword(KeywordMain.groovy:66)
	at com.kms.katalon.core.keyword.builtin.CallTestCaseKeyword.callTestCase(CallTestCaseKeyword.groovy:81)
	at com.kms.katalon.core.keyword.builtin.CallTestCaseKeyword.execute(CallTestCaseKeyword.groovy:44)
	at com.kms.katalon.core.keyword.internal.KeywordExecutor.executeKeywordForPlatform(KeywordExecutor.groovy:56)
	at com.kms.katalon.core.keyword.BuiltinKeywords.callTestCase(BuiltinKeywords.groovy:334)
	at Script1535541221506.run(Script1535541221506.groovy:30)
	... 13 more
)

2019-03-27 12:24:08 - [MESSAGE][FAILED] - callTestCase(findTestCase("s-sidebar_navigation/individualAccount/Login-KiboEngage"), [:], STOP_ON_FAILURE) FAILED.
Reason:
com.kms.katalon.core.exception.StepFailedException: Call Test Case 'Test Cases/s-sidebar_navigation/individualAccount/Login-KiboEngage' failed
	at com.kms.katalon.core.keyword.builtin.CallTestCaseKeyword$_callTestCase_closure1.doCall(CallTestCaseKeyword.groovy:63)
	at com.kms.katalon.core.keyword.builtin.CallTestCaseKeyword$_callTestCase_closure1.call(CallTestCaseKeyword.groovy)
	at com.kms.katalon.core.keyword.internal.KeywordMain.runKeyword(KeywordMain.groovy:66)
	at com.kms.katalon.core.keyword.builtin.CallTestCaseKeyword.callTestCase(CallTestCaseKeyword.groovy:81)
	at com.kms.katalon.core.keyword.builtin.CallTestCaseKeyword.execute(CallTestCaseKeyword.groovy:44)
	at com.kms.katalon.core.keyword.internal.KeywordExecutor.executeKeywordForPlatform(KeywordExecutor.groovy:56)
	at com.kms.katalon.core.keyword.BuiltinKeywords.callTestCase(BuiltinKeywords.groovy:334)
	at Comment capture.run(Comment capture:22)
	at com.kms.katalon.core.main.ScriptEngine.run(ScriptEngine.java:194)
	at com.kms.katalon.core.main.ScriptEngine.runScriptAsRawText(ScriptEngine.java:119)
	at com.kms.katalon.core.main.TestCaseExecutor.runScript(TestCaseExecutor.java:331)
	at com.kms.katalon.core.main.TestCaseExecutor.doExecute(TestCaseExecutor.java:322)
	at com.kms.katalon.core.main.TestCaseExecutor.processExecutionPhase(TestCaseExecutor.java:301)
	at com.kms.katalon.core.main.TestCaseExecutor.accessMainPhase(TestCaseExecutor.java:293)
	at com.kms.katalon.core.main.TestCaseExecutor.execute(TestCaseExecutor.java:227)
	at com.kms.katalon.core.main.TestCaseMain.runTestCase(TestCaseMain.java:114)
	at com.kms.katalon.core.keyword.builtin.CallTestCaseKeyword$_callTestCase_closure1.doCall(CallTestCaseKeyword.groovy:59)
	at com.kms.katalon.core.keyword.builtin.CallTestCaseKeyword$_callTestCase_closure1.call(CallTestCaseKeyword.groovy)
	at com.kms.katalon.core.keyword.internal.KeywordMain.runKeyword(KeywordMain.groovy:66)
	at com.kms.katalon.core.keyword.builtin.CallTestCaseKeyword.callTestCase(CallTestCaseKeyword.groovy:81)
	at com.kms.katalon.core.keyword.builtin.CallTestCaseKeyword.execute(CallTestCaseKeyword.groovy:44)
	at com.kms.katalon.core.keyword.internal.KeywordExecutor.executeKeywordForPlatform(KeywordExecutor.groovy:56)
	at com.kms.katalon.core.keyword.BuiltinKeywords.callTestCase(BuiltinKeywords.groovy:334)
	at TC0527.run(TC0527:30)
	at com.kms.katalon.core.main.ScriptEngine.run(ScriptEngine.java:194)
	at com.kms.katalon.core.main.ScriptEngine.runScriptAsRawText(ScriptEngine.java:119)
	at com.kms.katalon.core.main.TestCaseExecutor.runScript(TestCaseExecutor.java:331)
	at com.kms.katalon.core.main.TestCaseExecutor.doExecute(TestCaseExecutor.java:322)
	at com.kms.katalon.core.main.TestCaseExecutor.processExecutionPhase(TestCaseExecutor.java:301)
	at com.kms.katalon.core.main.TestCaseExecutor.accessMainPhase(TestCaseExecutor.java:293)
	at com.kms.katalon.core.main.TestCaseExecutor.execute(TestCaseExecutor.java:227)
	at com.kms.katalon.core.main.TestSuiteExecutor.accessTestCaseMainPhase(TestSuiteExecutor.java:129)
	at com.kms.katalon.core.main.TestSuiteExecutor.accessTestSuiteMainPhase(TestSuiteExecutor.java:112)
	at com.kms.katalon.core.main.TestSuiteExecutor.execute(TestSuiteExecutor.java:81)
	at com.kms.katalon.core.main.TestCaseMain.startTestSuite(TestCaseMain.java:157)
	at com.kms.katalon.core.main.TestCaseMain$startTestSuite$0.call(Unknown Source)
	at TempTestSuite1553670311511.run(TempTestSuite1553670311511.groovy:35)
Caused by: com.kms.katalon.core.exception.StepFailedException: Unable to click on object 'Object Repository/Page_KiboPush  Dashboard/h3_Dashboard (57)'
	at com.kms.katalon.core.webui.keyword.internal.WebUIKeywordMain.stepFailed(WebUIKeywordMain.groovy:64)
	at com.kms.katalon.core.webui.keyword.internal.WebUIKeywordMain.runKeyword(WebUIKeywordMain.groovy:26)
	at com.kms.katalon.core.webui.keyword.builtin.ClickKeyword.click(ClickKeyword.groovy:86)
	at com.kms.katalon.core.webui.keyword.builtin.ClickKeyword.execute(ClickKeyword.groovy:67)
	at com.kms.katalon.core.keyword.internal.KeywordExecutor.executeKeywordForPlatform(KeywordExecutor.groovy:56)
	at com.kms.katalon.core.webui.keyword.WebUiBuiltInKeywords.click(WebUiBuiltInKeywords.groovy:616)
	at com.kms.katalon.core.webui.keyword.WebUiBuiltInKeywords$click$2.call(Unknown Source)
	at Login-KiboEngage.run(Login-KiboEngage:40)
	at com.kms.katalon.core.main.ScriptEngine.run(ScriptEngine.java:194)
	at com.kms.katalon.core.main.ScriptEngine.runScriptAsRawText(ScriptEngine.java:119)
	at com.kms.katalon.core.main.TestCaseExecutor.runScript(TestCaseExecutor.java:331)
	at com.kms.katalon.core.main.TestCaseExecutor.doExecute(TestCaseExecutor.java:322)
	at com.kms.katalon.core.main.TestCaseExecutor.processExecutionPhase(TestCaseExecutor.java:301)
	at com.kms.katalon.core.main.TestCaseExecutor.accessMainPhase(TestCaseExecutor.java:293)
	at com.kms.katalon.core.main.TestCaseExecutor.execute(TestCaseExecutor.java:227)
	at com.kms.katalon.core.main.TestCaseMain.runTestCase(TestCaseMain.java:114)
	at com.kms.katalon.core.keyword.builtin.CallTestCaseKeyword$_callTestCase_closure1.doCall(CallTestCaseKeyword.groovy:59)
	... 36 more
Caused by: com.kms.katalon.core.webui.exception.WebElementNotFoundException: Web element with id: 'Object Repository/Page_KiboPush  Dashboard/h3_Dashboard (57)' located by 'By.xpath: //h3[(text() = 'Dashboard' or . = 'Dashboard')]' not found
	at com.kms.katalon.core.webui.common.WebUiCommonHelper.findWebElement(WebUiCommonHelper.java:1053)
	at com.kms.katalon.core.webui.keyword.internal.WebUIAbstractKeyword.findWebElement(WebUIAbstractKeyword.groovy:27)
	at com.kms.katalon.core.webui.keyword.internal.WebUIAbstractKeyword.findWebElement(WebUIAbstractKeyword.groovy:26)
	at com.kms.katalon.core.webui.keyword.builtin.ClickKeyword$_click_closure1.doCall(ClickKeyword.groovy:77)
	at com.kms.katalon.core.webui.keyword.builtin.ClickKeyword$_click_closure1.call(ClickKeyword.groovy)
	at com.kms.katalon.core.webui.keyword.internal.WebUIKeywordMain.runKeyword(WebUIKeywordMain.groovy:20)
	at com.kms.katalon.core.webui.keyword.builtin.ClickKeyword.click(ClickKeyword.groovy:86)
	at com.kms.katalon.core.webui.keyword.builtin.ClickKeyword.execute(ClickKeyword.groovy:67)
	at com.kms.katalon.core.keyword.internal.KeywordExecutor.executeKeywordForPlatform(KeywordExecutor.groovy:56)
	at com.kms.katalon.core.webui.keyword.WebUiBuiltInKeywords.click(WebUiBuiltInKeywords.groovy:616)
	at com.kms.katalon.core.webui.keyword.WebUiBuiltInKeywords$click$2.call(Unknown Source)
	at Script1542870641933.run(Script1542870641933.groovy:40)
	at com.kms.katalon.core.main.ScriptEngine.run(ScriptEngine.java:194)
	at com.kms.katalon.core.main.ScriptEngine.runScriptAsRawText(ScriptEngine.java:119)
	at com.kms.katalon.core.main.TestCaseExecutor.runScript(TestCaseExecutor.java:331)
	at com.kms.katalon.core.main.TestCaseExecutor.doExecute(TestCaseExecutor.java:322)
	at com.kms.katalon.core.main.TestCaseExecutor.processExecutionPhase(TestCaseExecutor.java:301)
	at com.kms.katalon.core.main.TestCaseExecutor.accessMainPhase(TestCaseExecutor.java:293)
	at com.kms.katalon.core.main.TestCaseExecutor.execute(TestCaseExecutor.java:227)
	at com.kms.katalon.core.main.TestCaseMain.runTestCase(TestCaseMain.java:114)
	at com.kms.katalon.core.keyword.builtin.CallTestCaseKeyword$_callTestCase_closure1.doCall(CallTestCaseKeyword.groovy:59)
	at com.kms.katalon.core.keyword.builtin.CallTestCaseKeyword$_callTestCase_closure1.call(CallTestCaseKeyword.groovy)
	at com.kms.katalon.core.keyword.internal.KeywordMain.runKeyword(KeywordMain.groovy:66)
	at com.kms.katalon.core.keyword.builtin.CallTestCaseKeyword.callTestCase(CallTestCaseKeyword.groovy:81)
	at com.kms.katalon.core.keyword.builtin.CallTestCaseKeyword.execute(CallTestCaseKeyword.groovy:44)
	at com.kms.katalon.core.keyword.internal.KeywordExecutor.executeKeywordForPlatform(KeywordExecutor.groovy:56)
	at com.kms.katalon.core.keyword.BuiltinKeywords.callTestCase(BuiltinKeywords.groovy:334)
	at Script1537021633628.run(Script1537021633628.groovy:22)
	at com.kms.katalon.core.main.ScriptEngine.run(ScriptEngine.java:194)
	at com.kms.katalon.core.main.ScriptEngine.runScriptAsRawText(ScriptEngine.java:119)
	at com.kms.katalon.core.main.TestCaseExecutor.runScript(TestCaseExecutor.java:331)
	at com.kms.katalon.core.main.TestCaseExecutor.doExecute(TestCaseExecutor.java:322)
	at com.kms.katalon.core.main.TestCaseExecutor.processExecutionPhase(TestCaseExecutor.java:301)
	at com.kms.katalon.core.main.TestCaseExecutor.accessMainPhase(TestCaseExecutor.java:293)
	at com.kms.katalon.core.main.TestCaseExecutor.execute(TestCaseExecutor.java:227)
	at com.kms.katalon.core.main.TestCaseMain.runTestCase(TestCaseMain.java:114)
	at com.kms.katalon.core.keyword.builtin.CallTestCaseKeyword$_callTestCase_closure1.doCall(CallTestCaseKeyword.groovy:59)
	at com.kms.katalon.core.keyword.builtin.CallTestCaseKeyword$_callTestCase_closure1.call(CallTestCaseKeyword.groovy)
	at com.kms.katalon.core.keyword.internal.KeywordMain.runKeyword(KeywordMain.groovy:66)
	at com.kms.katalon.core.keyword.builtin.CallTestCaseKeyword.callTestCase(CallTestCaseKeyword.groovy:81)
	at com.kms.katalon.core.keyword.builtin.CallTestCaseKeyword.execute(CallTestCaseKeyword.groovy:44)
	at com.kms.katalon.core.keyword.internal.KeywordExecutor.executeKeywordForPlatform(KeywordExecutor.groovy:56)
	at com.kms.katalon.core.keyword.BuiltinKeywords.callTestCase(BuiltinKeywords.groovy:334)
	at Script1535541221506.run(Script1535541221506.groovy:30)
	... 13 more


2019-03-27 12:24:08 - [MESSAGE][FAILED] - Unable to call Test Case 'Test Cases/s-sidebar_navigation/individualAccount/Comment capture' (Root cause: com.kms.katalon.core.exception.StepFailedException: Call Test Case 'Test Cases/s-sidebar_navigation/individualAccount/Comment capture' failed
	at com.kms.katalon.core.keyword.builtin.CallTestCaseKeyword$_callTestCase_closure1.doCall(CallTestCaseKeyword.groovy:63)
	at com.kms.katalon.core.keyword.builtin.CallTestCaseKeyword$_callTestCase_closure1.call(CallTestCaseKeyword.groovy)
	at com.kms.katalon.core.keyword.internal.KeywordMain.runKeyword(KeywordMain.groovy:66)
	at com.kms.katalon.core.keyword.builtin.CallTestCaseKeyword.callTestCase(CallTestCaseKeyword.groovy:81)
	at com.kms.katalon.core.keyword.builtin.CallTestCaseKeyword.execute(CallTestCaseKeyword.groovy:44)
	at com.kms.katalon.core.keyword.internal.KeywordExecutor.executeKeywordForPlatform(KeywordExecutor.groovy:56)
	at com.kms.katalon.core.keyword.BuiltinKeywords.callTestCase(BuiltinKeywords.groovy:334)
	at TC0527.run(TC0527:30)
	at com.kms.katalon.core.main.ScriptEngine.run(ScriptEngine.java:194)
	at com.kms.katalon.core.main.ScriptEngine.runScriptAsRawText(ScriptEngine.java:119)
	at com.kms.katalon.core.main.TestCaseExecutor.runScript(TestCaseExecutor.java:331)
	at com.kms.katalon.core.main.TestCaseExecutor.doExecute(TestCaseExecutor.java:322)
	at com.kms.katalon.core.main.TestCaseExecutor.processExecutionPhase(TestCaseExecutor.java:301)
	at com.kms.katalon.core.main.TestCaseExecutor.accessMainPhase(TestCaseExecutor.java:293)
	at com.kms.katalon.core.main.TestCaseExecutor.execute(TestCaseExecutor.java:227)
	at com.kms.katalon.core.main.TestSuiteExecutor.accessTestCaseMainPhase(TestSuiteExecutor.java:129)
	at com.kms.katalon.core.main.TestSuiteExecutor.accessTestSuiteMainPhase(TestSuiteExecutor.java:112)
	at com.kms.katalon.core.main.TestSuiteExecutor.execute(TestSuiteExecutor.java:81)
	at com.kms.katalon.core.main.TestCaseMain.startTestSuite(TestCaseMain.java:157)
	at com.kms.katalon.core.main.TestCaseMain$startTestSuite$0.call(Unknown Source)
	at TempTestSuite1553670311511.run(TempTestSuite1553670311511.groovy:35)
Caused by: com.kms.katalon.core.exception.StepFailedException: Call Test Case 'Test Cases/s-sidebar_navigation/individualAccount/Login-KiboEngage' failed
	at com.kms.katalon.core.keyword.builtin.CallTestCaseKeyword$_callTestCase_closure1.doCall(CallTestCaseKeyword.groovy:63)
	at com.kms.katalon.core.keyword.builtin.CallTestCaseKeyword$_callTestCase_closure1.call(CallTestCaseKeyword.groovy)
	at com.kms.katalon.core.keyword.internal.KeywordMain.runKeyword(KeywordMain.groovy:66)
	at com.kms.katalon.core.keyword.builtin.CallTestCaseKeyword.callTestCase(CallTestCaseKeyword.groovy:81)
	at com.kms.katalon.core.keyword.builtin.CallTestCaseKeyword.execute(CallTestCaseKeyword.groovy:44)
	at com.kms.katalon.core.keyword.internal.KeywordExecutor.executeKeywordForPlatform(KeywordExecutor.groovy:56)
	at com.kms.katalon.core.keyword.BuiltinKeywords.callTestCase(BuiltinKeywords.groovy:334)
	at Comment capture.run(Comment capture:22)
	at com.kms.katalon.core.main.ScriptEngine.run(ScriptEngine.java:194)
	at com.kms.katalon.core.main.ScriptEngine.runScriptAsRawText(ScriptEngine.java:119)
	at com.kms.katalon.core.main.TestCaseExecutor.runScript(TestCaseExecutor.java:331)
	at com.kms.katalon.core.main.TestCaseExecutor.doExecute(TestCaseExecutor.java:322)
	at com.kms.katalon.core.main.TestCaseExecutor.processExecutionPhase(TestCaseExecutor.java:301)
	at com.kms.katalon.core.main.TestCaseExecutor.accessMainPhase(TestCaseExecutor.java:293)
	at com.kms.katalon.core.main.TestCaseExecutor.execute(TestCaseExecutor.java:227)
	at com.kms.katalon.core.main.TestCaseMain.runTestCase(TestCaseMain.java:114)
	at com.kms.katalon.core.keyword.builtin.CallTestCaseKeyword$_callTestCase_closure1.doCall(CallTestCaseKeyword.groovy:59)
	... 20 more
Caused by: com.kms.katalon.core.exception.StepFailedException: Unable to click on object 'Object Repository/Page_KiboPush  Dashboard/h3_Dashboard (57)'
	at com.kms.katalon.core.webui.keyword.internal.WebUIKeywordMain.stepFailed(WebUIKeywordMain.groovy:64)
	at com.kms.katalon.core.webui.keyword.internal.WebUIKeywordMain.runKeyword(WebUIKeywordMain.groovy:26)
	at com.kms.katalon.core.webui.keyword.builtin.ClickKeyword.click(ClickKeyword.groovy:86)
	at com.kms.katalon.core.webui.keyword.builtin.ClickKeyword.execute(ClickKeyword.groovy:67)
	at com.kms.katalon.core.keyword.internal.KeywordExecutor.executeKeywordForPlatform(KeywordExecutor.groovy:56)
	at com.kms.katalon.core.webui.keyword.WebUiBuiltInKeywords.click(WebUiBuiltInKeywords.groovy:616)
	at com.kms.katalon.core.webui.keyword.WebUiBuiltInKeywords$click$2.call(Unknown Source)
	at Login-KiboEngage.run(Login-KiboEngage:40)
	at com.kms.katalon.core.main.ScriptEngine.run(ScriptEngine.java:194)
	at com.kms.katalon.core.main.ScriptEngine.runScriptAsRawText(ScriptEngine.java:119)
	at com.kms.katalon.core.main.TestCaseExecutor.runScript(TestCaseExecutor.java:331)
	at com.kms.katalon.core.main.TestCaseExecutor.doExecute(TestCaseExecutor.java:322)
	at com.kms.katalon.core.main.TestCaseExecutor.processExecutionPhase(TestCaseExecutor.java:301)
	at com.kms.katalon.core.main.TestCaseExecutor.accessMainPhase(TestCaseExecutor.java:293)
	at com.kms.katalon.core.main.TestCaseExecutor.execute(TestCaseExecutor.java:227)
	at com.kms.katalon.core.main.TestCaseMain.runTestCase(TestCaseMain.java:114)
	at com.kms.katalon.core.keyword.builtin.CallTestCaseKeyword$_callTestCase_closure1.doCall(CallTestCaseKeyword.groovy:59)
	... 36 more
Caused by: com.kms.katalon.core.webui.exception.WebElementNotFoundException: Web element with id: 'Object Repository/Page_KiboPush  Dashboard/h3_Dashboard (57)' located by 'By.xpath: //h3[(text() = 'Dashboard' or . = 'Dashboard')]' not found
	at com.kms.katalon.core.webui.common.WebUiCommonHelper.findWebElement(WebUiCommonHelper.java:1053)
	at com.kms.katalon.core.webui.keyword.internal.WebUIAbstractKeyword.findWebElement(WebUIAbstractKeyword.groovy:27)
	at com.kms.katalon.core.webui.keyword.internal.WebUIAbstractKeyword.findWebElement(WebUIAbstractKeyword.groovy:26)
	at com.kms.katalon.core.webui.keyword.builtin.ClickKeyword$_click_closure1.doCall(ClickKeyword.groovy:77)
	at com.kms.katalon.core.webui.keyword.builtin.ClickKeyword$_click_closure1.call(ClickKeyword.groovy)
	at com.kms.katalon.core.webui.keyword.internal.WebUIKeywordMain.runKeyword(WebUIKeywordMain.groovy:20)
	at com.kms.katalon.core.webui.keyword.builtin.ClickKeyword.click(ClickKeyword.groovy:86)
	at com.kms.katalon.core.webui.keyword.builtin.ClickKeyword.execute(ClickKeyword.groovy:67)
	at com.kms.katalon.core.keyword.internal.KeywordExecutor.executeKeywordForPlatform(KeywordExecutor.groovy:56)
	at com.kms.katalon.core.webui.keyword.WebUiBuiltInKeywords.click(WebUiBuiltInKeywords.groovy:616)
	at com.kms.katalon.core.webui.keyword.WebUiBuiltInKeywords$click$2.call(Unknown Source)
	at Script1542870641933.run(Script1542870641933.groovy:40)
	at com.kms.katalon.core.main.ScriptEngine.run(ScriptEngine.java:194)
	at com.kms.katalon.core.main.ScriptEngine.runScriptAsRawText(ScriptEngine.java:119)
	at com.kms.katalon.core.main.TestCaseExecutor.runScript(TestCaseExecutor.java:331)
	at com.kms.katalon.core.main.TestCaseExecutor.doExecute(TestCaseExecutor.java:322)
	at com.kms.katalon.core.main.TestCaseExecutor.processExecutionPhase(TestCaseExecutor.java:301)
	at com.kms.katalon.core.main.TestCaseExecutor.accessMainPhase(TestCaseExecutor.java:293)
	at com.kms.katalon.core.main.TestCaseExecutor.execute(TestCaseExecutor.java:227)
	at com.kms.katalon.core.main.TestCaseMain.runTestCase(TestCaseMain.java:114)
	at com.kms.katalon.core.keyword.builtin.CallTestCaseKeyword$_callTestCase_closure1.doCall(CallTestCaseKeyword.groovy:59)
	at com.kms.katalon.core.keyword.builtin.CallTestCaseKeyword$_callTestCase_closure1.call(CallTestCaseKeyword.groovy)
	at com.kms.katalon.core.keyword.internal.KeywordMain.runKeyword(KeywordMain.groovy:66)
	at com.kms.katalon.core.keyword.builtin.CallTestCaseKeyword.callTestCase(CallTestCaseKeyword.groovy:81)
	at com.kms.katalon.core.keyword.builtin.CallTestCaseKeyword.execute(CallTestCaseKeyword.groovy:44)
	at com.kms.katalon.core.keyword.internal.KeywordExecutor.executeKeywordForPlatform(KeywordExecutor.groovy:56)
	at com.kms.katalon.core.keyword.BuiltinKeywords.callTestCase(BuiltinKeywords.groovy:334)
	at Script1537021633628.run(Script1537021633628.groovy:22)
	at com.kms.katalon.core.main.ScriptEngine.run(ScriptEngine.java:194)
	at com.kms.katalon.core.main.ScriptEngine.runScriptAsRawText(ScriptEngine.java:119)
	at com.kms.katalon.core.main.TestCaseExecutor.runScript(TestCaseExecutor.java:331)
	at com.kms.katalon.core.main.TestCaseExecutor.doExecute(TestCaseExecutor.java:322)
	at com.kms.katalon.core.main.TestCaseExecutor.processExecutionPhase(TestCaseExecutor.java:301)
	at com.kms.katalon.core.main.TestCaseExecutor.accessMainPhase(TestCaseExecutor.java:293)
	at com.kms.katalon.core.main.TestCaseExecutor.execute(TestCaseExecutor.java:227)
	at com.kms.katalon.core.main.TestCaseMain.runTestCase(TestCaseMain.java:114)
	at com.kms.katalon.core.keyword.builtin.CallTestCaseKeyword$_callTestCase_closure1.doCall(CallTestCaseKeyword.groovy:59)
	at com.kms.katalon.core.keyword.builtin.CallTestCaseKeyword$_callTestCase_closure1.call(CallTestCaseKeyword.groovy)
	at com.kms.katalon.core.keyword.internal.KeywordMain.runKeyword(KeywordMain.groovy:66)
	at com.kms.katalon.core.keyword.builtin.CallTestCaseKeyword.callTestCase(CallTestCaseKeyword.groovy:81)
	at com.kms.katalon.core.keyword.builtin.CallTestCaseKeyword.execute(CallTestCaseKeyword.groovy:44)
	at com.kms.katalon.core.keyword.internal.KeywordExecutor.executeKeywordForPlatform(KeywordExecutor.groovy:56)
	at com.kms.katalon.core.keyword.BuiltinKeywords.callTestCase(BuiltinKeywords.groovy:334)
	at Script1535541221506.run(Script1535541221506.groovy:30)
	... 13 more
)

2019-03-27 12:24:08 - [MESSAGE][FAILED] - callTestCase(findTestCase("s-sidebar_navigation/individualAccount/Comment capture"), [:], STOP_ON_FAILURE) FAILED.
Reason:
com.kms.katalon.core.exception.StepFailedException: Call Test Case 'Test Cases/s-sidebar_navigation/individualAccount/Comment capture' failed
	at com.kms.katalon.core.keyword.builtin.CallTestCaseKeyword$_callTestCase_closure1.doCall(CallTestCaseKeyword.groovy:63)
	at com.kms.katalon.core.keyword.builtin.CallTestCaseKeyword$_callTestCase_closure1.call(CallTestCaseKeyword.groovy)
	at com.kms.katalon.core.keyword.internal.KeywordMain.runKeyword(KeywordMain.groovy:66)
	at com.kms.katalon.core.keyword.builtin.CallTestCaseKeyword.callTestCase(CallTestCaseKeyword.groovy:81)
	at com.kms.katalon.core.keyword.builtin.CallTestCaseKeyword.execute(CallTestCaseKeyword.groovy:44)
	at com.kms.katalon.core.keyword.internal.KeywordExecutor.executeKeywordForPlatform(KeywordExecutor.groovy:56)
	at com.kms.katalon.core.keyword.BuiltinKeywords.callTestCase(BuiltinKeywords.groovy:334)
	at TC0527.run(TC0527:30)
	at com.kms.katalon.core.main.ScriptEngine.run(ScriptEngine.java:194)
	at com.kms.katalon.core.main.ScriptEngine.runScriptAsRawText(ScriptEngine.java:119)
	at com.kms.katalon.core.main.TestCaseExecutor.runScript(TestCaseExecutor.java:331)
	at com.kms.katalon.core.main.TestCaseExecutor.doExecute(TestCaseExecutor.java:322)
	at com.kms.katalon.core.main.TestCaseExecutor.processExecutionPhase(TestCaseExecutor.java:301)
	at com.kms.katalon.core.main.TestCaseExecutor.accessMainPhase(TestCaseExecutor.java:293)
	at com.kms.katalon.core.main.TestCaseExecutor.execute(TestCaseExecutor.java:227)
	at com.kms.katalon.core.main.TestSuiteExecutor.accessTestCaseMainPhase(TestSuiteExecutor.java:129)
	at com.kms.katalon.core.main.TestSuiteExecutor.accessTestSuiteMainPhase(TestSuiteExecutor.java:112)
	at com.kms.katalon.core.main.TestSuiteExecutor.execute(TestSuiteExecutor.java:81)
	at com.kms.katalon.core.main.TestCaseMain.startTestSuite(TestCaseMain.java:157)
	at com.kms.katalon.core.main.TestCaseMain$startTestSuite$0.call(Unknown Source)
	at TempTestSuite1553670311511.run(TempTestSuite1553670311511.groovy:35)
Caused by: com.kms.katalon.core.exception.StepFailedException: Call Test Case 'Test Cases/s-sidebar_navigation/individualAccount/Login-KiboEngage' failed
	at com.kms.katalon.core.keyword.builtin.CallTestCaseKeyword$_callTestCase_closure1.doCall(CallTestCaseKeyword.groovy:63)
	at com.kms.katalon.core.keyword.builtin.CallTestCaseKeyword$_callTestCase_closure1.call(CallTestCaseKeyword.groovy)
	at com.kms.katalon.core.keyword.internal.KeywordMain.runKeyword(KeywordMain.groovy:66)
	at com.kms.katalon.core.keyword.builtin.CallTestCaseKeyword.callTestCase(CallTestCaseKeyword.groovy:81)
	at com.kms.katalon.core.keyword.builtin.CallTestCaseKeyword.execute(CallTestCaseKeyword.groovy:44)
	at com.kms.katalon.core.keyword.internal.KeywordExecutor.executeKeywordForPlatform(KeywordExecutor.groovy:56)
	at com.kms.katalon.core.keyword.BuiltinKeywords.callTestCase(BuiltinKeywords.groovy:334)
	at Comment capture.run(Comment capture:22)
	at com.kms.katalon.core.main.ScriptEngine.run(ScriptEngine.java:194)
	at com.kms.katalon.core.main.ScriptEngine.runScriptAsRawText(ScriptEngine.java:119)
	at com.kms.katalon.core.main.TestCaseExecutor.runScript(TestCaseExecutor.java:331)
	at com.kms.katalon.core.main.TestCaseExecutor.doExecute(TestCaseExecutor.java:322)
	at com.kms.katalon.core.main.TestCaseExecutor.processExecutionPhase(TestCaseExecutor.java:301)
	at com.kms.katalon.core.main.TestCaseExecutor.accessMainPhase(TestCaseExecutor.java:293)
	at com.kms.katalon.core.main.TestCaseExecutor.execute(TestCaseExecutor.java:227)
	at com.kms.katalon.core.main.TestCaseMain.runTestCase(TestCaseMain.java:114)
	at com.kms.katalon.core.keyword.builtin.CallTestCaseKeyword$_callTestCase_closure1.doCall(CallTestCaseKeyword.groovy:59)
	... 20 more
Caused by: com.kms.katalon.core.exception.StepFailedException: Unable to click on object 'Object Repository/Page_KiboPush  Dashboard/h3_Dashboard (57)'
	at com.kms.katalon.core.webui.keyword.internal.WebUIKeywordMain.stepFailed(WebUIKeywordMain.groovy:64)
	at com.kms.katalon.core.webui.keyword.internal.WebUIKeywordMain.runKeyword(WebUIKeywordMain.groovy:26)
	at com.kms.katalon.core.webui.keyword.builtin.ClickKeyword.click(ClickKeyword.groovy:86)
	at com.kms.katalon.core.webui.keyword.builtin.ClickKeyword.execute(ClickKeyword.groovy:67)
	at com.kms.katalon.core.keyword.internal.KeywordExecutor.executeKeywordForPlatform(KeywordExecutor.groovy:56)
	at com.kms.katalon.core.webui.keyword.WebUiBuiltInKeywords.click(WebUiBuiltInKeywords.groovy:616)
	at com.kms.katalon.core.webui.keyword.WebUiBuiltInKeywords$click$2.call(Unknown Source)
	at Login-KiboEngage.run(Login-KiboEngage:40)
	at com.kms.katalon.core.main.ScriptEngine.run(ScriptEngine.java:194)
	at com.kms.katalon.core.main.ScriptEngine.runScriptAsRawText(ScriptEngine.java:119)
	at com.kms.katalon.core.main.TestCaseExecutor.runScript(TestCaseExecutor.java:331)
	at com.kms.katalon.core.main.TestCaseExecutor.doExecute(TestCaseExecutor.java:322)
	at com.kms.katalon.core.main.TestCaseExecutor.processExecutionPhase(TestCaseExecutor.java:301)
	at com.kms.katalon.core.main.TestCaseExecutor.accessMainPhase(TestCaseExecutor.java:293)
	at com.kms.katalon.core.main.TestCaseExecutor.execute(TestCaseExecutor.java:227)
	at com.kms.katalon.core.main.TestCaseMain.runTestCase(TestCaseMain.java:114)
	at com.kms.katalon.core.keyword.builtin.CallTestCaseKeyword$_callTestCase_closure1.doCall(CallTestCaseKeyword.groovy:59)
	... 36 more
Caused by: com.kms.katalon.core.webui.exception.WebElementNotFoundException: Web element with id: 'Object Repository/Page_KiboPush  Dashboard/h3_Dashboard (57)' located by 'By.xpath: //h3[(text() = 'Dashboard' or . = 'Dashboard')]' not found
	at com.kms.katalon.core.webui.common.WebUiCommonHelper.findWebElement(WebUiCommonHelper.java:1053)
	at com.kms.katalon.core.webui.keyword.internal.WebUIAbstractKeyword.findWebElement(WebUIAbstractKeyword.groovy:27)
	at com.kms.katalon.core.webui.keyword.internal.WebUIAbstractKeyword.findWebElement(WebUIAbstractKeyword.groovy:26)
	at com.kms.katalon.core.webui.keyword.builtin.ClickKeyword$_click_closure1.doCall(ClickKeyword.groovy:77)
	at com.kms.katalon.core.webui.keyword.builtin.ClickKeyword$_click_closure1.call(ClickKeyword.groovy)
	at com.kms.katalon.core.webui.keyword.internal.WebUIKeywordMain.runKeyword(WebUIKeywordMain.groovy:20)
	at com.kms.katalon.core.webui.keyword.builtin.ClickKeyword.click(ClickKeyword.groovy:86)
	at com.kms.katalon.core.webui.keyword.builtin.ClickKeyword.execute(ClickKeyword.groovy:67)
	at com.kms.katalon.core.keyword.internal.KeywordExecutor.executeKeywordForPlatform(KeywordExecutor.groovy:56)
	at com.kms.katalon.core.webui.keyword.WebUiBuiltInKeywords.click(WebUiBuiltInKeywords.groovy:616)
	at com.kms.katalon.core.webui.keyword.WebUiBuiltInKeywords$click$2.call(Unknown Source)
	at Script1542870641933.run(Script1542870641933.groovy:40)
	at com.kms.katalon.core.main.ScriptEngine.run(ScriptEngine.java:194)
	at com.kms.katalon.core.main.ScriptEngine.runScriptAsRawText(ScriptEngine.java:119)
	at com.kms.katalon.core.main.TestCaseExecutor.runScript(TestCaseExecutor.java:331)
	at com.kms.katalon.core.main.TestCaseExecutor.doExecute(TestCaseExecutor.java:322)
	at com.kms.katalon.core.main.TestCaseExecutor.processExecutionPhase(TestCaseExecutor.java:301)
	at com.kms.katalon.core.main.TestCaseExecutor.accessMainPhase(TestCaseExecutor.java:293)
	at com.kms.katalon.core.main.TestCaseExecutor.execute(TestCaseExecutor.java:227)
	at com.kms.katalon.core.main.TestCaseMain.runTestCase(TestCaseMain.java:114)
	at com.kms.katalon.core.keyword.builtin.CallTestCaseKeyword$_callTestCase_closure1.doCall(CallTestCaseKeyword.groovy:59)
	at com.kms.katalon.core.keyword.builtin.CallTestCaseKeyword$_callTestCase_closure1.call(CallTestCaseKeyword.groovy)
	at com.kms.katalon.core.keyword.internal.KeywordMain.runKeyword(KeywordMain.groovy:66)
	at com.kms.katalon.core.keyword.builtin.CallTestCaseKeyword.callTestCase(CallTestCaseKeyword.groovy:81)
	at com.kms.katalon.core.keyword.builtin.CallTestCaseKeyword.execute(CallTestCaseKeyword.groovy:44)
	at com.kms.katalon.core.keyword.internal.KeywordExecutor.executeKeywordForPlatform(KeywordExecutor.groovy:56)
	at com.kms.katalon.core.keyword.BuiltinKeywords.callTestCase(BuiltinKeywords.groovy:334)
	at Script1537021633628.run(Script1537021633628.groovy:22)
	at com.kms.katalon.core.main.ScriptEngine.run(ScriptEngine.java:194)
	at com.kms.katalon.core.main.ScriptEngine.runScriptAsRawText(ScriptEngine.java:119)
	at com.kms.katalon.core.main.TestCaseExecutor.runScript(TestCaseExecutor.java:331)
	at com.kms.katalon.core.main.TestCaseExecutor.doExecute(TestCaseExecutor.java:322)
	at com.kms.katalon.core.main.TestCaseExecutor.processExecutionPhase(TestCaseExecutor.java:301)
	at com.kms.katalon.core.main.TestCaseExecutor.accessMainPhase(TestCaseExecutor.java:293)
	at com.kms.katalon.core.main.TestCaseExecutor.execute(TestCaseExecutor.java:227)
	at com.kms.katalon.core.main.TestCaseMain.runTestCase(TestCaseMain.java:114)
	at com.kms.katalon.core.keyword.builtin.CallTestCaseKeyword$_callTestCase_closure1.doCall(CallTestCaseKeyword.groovy:59)
	at com.kms.katalon.core.keyword.builtin.CallTestCaseKeyword$_callTestCase_closure1.call(CallTestCaseKeyword.groovy)
	at com.kms.katalon.core.keyword.internal.KeywordMain.runKeyword(KeywordMain.groovy:66)
	at com.kms.katalon.core.keyword.builtin.CallTestCaseKeyword.callTestCase(CallTestCaseKeyword.groovy:81)
	at com.kms.katalon.core.keyword.builtin.CallTestCaseKeyword.execute(CallTestCaseKeyword.groovy:44)
	at com.kms.katalon.core.keyword.internal.KeywordExecutor.executeKeywordForPlatform(KeywordExecutor.groovy:56)
	at com.kms.katalon.core.keyword.BuiltinKeywords.callTestCase(BuiltinKeywords.groovy:334)
	at Script1535541221506.run(Script1535541221506.groovy:30)
	... 13 more]]></system-out>
         <system-err><![CDATA[2019-03-27 12:22:08 - [TEST_CASE][FAILED] - Test Cases/Comment Capture TestCases/TC0527: Test Cases/Comment Capture TestCases/TC0527 FAILED.
Reason:
com.kms.katalon.core.exception.StepFailedException: Call Test Case 'Test Cases/s-sidebar_navigation/individualAccount/Comment capture' failed
	at com.kms.katalon.core.keyword.builtin.CallTestCaseKeyword$_callTestCase_closure1.doCall(CallTestCaseKeyword.groovy:63)
	at com.kms.katalon.core.keyword.builtin.CallTestCaseKeyword$_callTestCase_closure1.call(CallTestCaseKeyword.groovy)
	at com.kms.katalon.core.keyword.internal.KeywordMain.runKeyword(KeywordMain.groovy:66)
	at com.kms.katalon.core.keyword.builtin.CallTestCaseKeyword.callTestCase(CallTestCaseKeyword.groovy:81)
	at com.kms.katalon.core.keyword.builtin.CallTestCaseKeyword.execute(CallTestCaseKeyword.groovy:44)
	at com.kms.katalon.core.keyword.internal.KeywordExecutor.executeKeywordForPlatform(KeywordExecutor.groovy:56)
	at com.kms.katalon.core.keyword.BuiltinKeywords.callTestCase(BuiltinKeywords.groovy:334)
	at TC0527.run(TC0527:30)
	at com.kms.katalon.core.main.ScriptEngine.run(ScriptEngine.java:194)
	at com.kms.katalon.core.main.ScriptEngine.runScriptAsRawText(ScriptEngine.java:119)
	at com.kms.katalon.core.main.TestCaseExecutor.runScript(TestCaseExecutor.java:331)
	at com.kms.katalon.core.main.TestCaseExecutor.doExecute(TestCaseExecutor.java:322)
	at com.kms.katalon.core.main.TestCaseExecutor.processExecutionPhase(TestCaseExecutor.java:301)
	at com.kms.katalon.core.main.TestCaseExecutor.accessMainPhase(TestCaseExecutor.java:293)
	at com.kms.katalon.core.main.TestCaseExecutor.execute(TestCaseExecutor.java:227)
	at com.kms.katalon.core.main.TestSuiteExecutor.accessTestCaseMainPhase(TestSuiteExecutor.java:129)
	at com.kms.katalon.core.main.TestSuiteExecutor.accessTestSuiteMainPhase(TestSuiteExecutor.java:112)
	at com.kms.katalon.core.main.TestSuiteExecutor.execute(TestSuiteExecutor.java:81)
	at com.kms.katalon.core.main.TestCaseMain.startTestSuite(TestCaseMain.java:157)
	at com.kms.katalon.core.main.TestCaseMain$startTestSuite$0.call(Unknown Source)
	at TempTestSuite1553670311511.run(TempTestSuite1553670311511.groovy:35)
Caused by: com.kms.katalon.core.exception.StepFailedException: Call Test Case 'Test Cases/s-sidebar_navigation/individualAccount/Login-KiboEngage' failed
	at com.kms.katalon.core.keyword.builtin.CallTestCaseKeyword$_callTestCase_closure1.doCall(CallTestCaseKeyword.groovy:63)
	at com.kms.katalon.core.keyword.builtin.CallTestCaseKeyword$_callTestCase_closure1.call(CallTestCaseKeyword.groovy)
	at com.kms.katalon.core.keyword.internal.KeywordMain.runKeyword(KeywordMain.groovy:66)
	at com.kms.katalon.core.keyword.builtin.CallTestCaseKeyword.callTestCase(CallTestCaseKeyword.groovy:81)
	at com.kms.katalon.core.keyword.builtin.CallTestCaseKeyword.execute(CallTestCaseKeyword.groovy:44)
	at com.kms.katalon.core.keyword.internal.KeywordExecutor.executeKeywordForPlatform(KeywordExecutor.groovy:56)
	at com.kms.katalon.core.keyword.BuiltinKeywords.callTestCase(BuiltinKeywords.groovy:334)
	at Comment capture.run(Comment capture:22)
	at com.kms.katalon.core.main.ScriptEngine.run(ScriptEngine.java:194)
	at com.kms.katalon.core.main.ScriptEngine.runScriptAsRawText(ScriptEngine.java:119)
	at com.kms.katalon.core.main.TestCaseExecutor.runScript(TestCaseExecutor.java:331)
	at com.kms.katalon.core.main.TestCaseExecutor.doExecute(TestCaseExecutor.java:322)
	at com.kms.katalon.core.main.TestCaseExecutor.processExecutionPhase(TestCaseExecutor.java:301)
	at com.kms.katalon.core.main.TestCaseExecutor.accessMainPhase(TestCaseExecutor.java:293)
	at com.kms.katalon.core.main.TestCaseExecutor.execute(TestCaseExecutor.java:227)
	at com.kms.katalon.core.main.TestCaseMain.runTestCase(TestCaseMain.java:114)
	at com.kms.katalon.core.keyword.builtin.CallTestCaseKeyword$_callTestCase_closure1.doCall(CallTestCaseKeyword.groovy:59)
	... 20 more
Caused by: com.kms.katalon.core.exception.StepFailedException: Unable to click on object 'Object Repository/Page_KiboPush  Dashboard/h3_Dashboard (57)'
	at com.kms.katalon.core.webui.keyword.internal.WebUIKeywordMain.stepFailed(WebUIKeywordMain.groovy:64)
	at com.kms.katalon.core.webui.keyword.internal.WebUIKeywordMain.runKeyword(WebUIKeywordMain.groovy:26)
	at com.kms.katalon.core.webui.keyword.builtin.ClickKeyword.click(ClickKeyword.groovy:86)
	at com.kms.katalon.core.webui.keyword.builtin.ClickKeyword.execute(ClickKeyword.groovy:67)
	at com.kms.katalon.core.keyword.internal.KeywordExecutor.executeKeywordForPlatform(KeywordExecutor.groovy:56)
	at com.kms.katalon.core.webui.keyword.WebUiBuiltInKeywords.click(WebUiBuiltInKeywords.groovy:616)
	at com.kms.katalon.core.webui.keyword.WebUiBuiltInKeywords$click$2.call(Unknown Source)
	at Login-KiboEngage.run(Login-KiboEngage:40)
	at com.kms.katalon.core.main.ScriptEngine.run(ScriptEngine.java:194)
	at com.kms.katalon.core.main.ScriptEngine.runScriptAsRawText(ScriptEngine.java:119)
	at com.kms.katalon.core.main.TestCaseExecutor.runScript(TestCaseExecutor.java:331)
	at com.kms.katalon.core.main.TestCaseExecutor.doExecute(TestCaseExecutor.java:322)
	at com.kms.katalon.core.main.TestCaseExecutor.processExecutionPhase(TestCaseExecutor.java:301)
	at com.kms.katalon.core.main.TestCaseExecutor.accessMainPhase(TestCaseExecutor.java:293)
	at com.kms.katalon.core.main.TestCaseExecutor.execute(TestCaseExecutor.java:227)
	at com.kms.katalon.core.main.TestCaseMain.runTestCase(TestCaseMain.java:114)
	at com.kms.katalon.core.keyword.builtin.CallTestCaseKeyword$_callTestCase_closure1.doCall(CallTestCaseKeyword.groovy:59)
	... 36 more
Caused by: com.kms.katalon.core.webui.exception.WebElementNotFoundException: Web element with id: 'Object Repository/Page_KiboPush  Dashboard/h3_Dashboard (57)' located by 'By.xpath: //h3[(text() = 'Dashboard' or . = 'Dashboard')]' not found
	at com.kms.katalon.core.webui.common.WebUiCommonHelper.findWebElement(WebUiCommonHelper.java:1053)
	at com.kms.katalon.core.webui.keyword.internal.WebUIAbstractKeyword.findWebElement(WebUIAbstractKeyword.groovy:27)
	at com.kms.katalon.core.webui.keyword.internal.WebUIAbstractKeyword.findWebElement(WebUIAbstractKeyword.groovy:26)
	at com.kms.katalon.core.webui.keyword.builtin.ClickKeyword$_click_closure1.doCall(ClickKeyword.groovy:77)
	at com.kms.katalon.core.webui.keyword.builtin.ClickKeyword$_click_closure1.call(ClickKeyword.groovy)
	at com.kms.katalon.core.webui.keyword.internal.WebUIKeywordMain.runKeyword(WebUIKeywordMain.groovy:20)
	at com.kms.katalon.core.webui.keyword.builtin.ClickKeyword.click(ClickKeyword.groovy:86)
	at com.kms.katalon.core.webui.keyword.builtin.ClickKeyword.execute(ClickKeyword.groovy:67)
	at com.kms.katalon.core.keyword.internal.KeywordExecutor.executeKeywordForPlatform(KeywordExecutor.groovy:56)
	at com.kms.katalon.core.webui.keyword.WebUiBuiltInKeywords.click(WebUiBuiltInKeywords.groovy:616)
	at com.kms.katalon.core.webui.keyword.WebUiBuiltInKeywords$click$2.call(Unknown Source)
	at Script1542870641933.run(Script1542870641933.groovy:40)
	at com.kms.katalon.core.main.ScriptEngine.run(ScriptEngine.java:194)
	at com.kms.katalon.core.main.ScriptEngine.runScriptAsRawText(ScriptEngine.java:119)
	at com.kms.katalon.core.main.TestCaseExecutor.runScript(TestCaseExecutor.java:331)
	at com.kms.katalon.core.main.TestCaseExecutor.doExecute(TestCaseExecutor.java:322)
	at com.kms.katalon.core.main.TestCaseExecutor.processExecutionPhase(TestCaseExecutor.java:301)
	at com.kms.katalon.core.main.TestCaseExecutor.accessMainPhase(TestCaseExecutor.java:293)
	at com.kms.katalon.core.main.TestCaseExecutor.execute(TestCaseExecutor.java:227)
	at com.kms.katalon.core.main.TestCaseMain.runTestCase(TestCaseMain.java:114)
	at com.kms.katalon.core.keyword.builtin.CallTestCaseKeyword$_callTestCase_closure1.doCall(CallTestCaseKeyword.groovy:59)
	at com.kms.katalon.core.keyword.builtin.CallTestCaseKeyword$_callTestCase_closure1.call(CallTestCaseKeyword.groovy)
	at com.kms.katalon.core.keyword.internal.KeywordMain.runKeyword(KeywordMain.groovy:66)
	at com.kms.katalon.core.keyword.builtin.CallTestCaseKeyword.callTestCase(CallTestCaseKeyword.groovy:81)
	at com.kms.katalon.core.keyword.builtin.CallTestCaseKeyword.execute(CallTestCaseKeyword.groovy:44)
	at com.kms.katalon.core.keyword.internal.KeywordExecutor.executeKeywordForPlatform(KeywordExecutor.groovy:56)
	at com.kms.katalon.core.keyword.BuiltinKeywords.callTestCase(BuiltinKeywords.groovy:334)
	at Script1537021633628.run(Script1537021633628.groovy:22)
	at com.kms.katalon.core.main.ScriptEngine.run(ScriptEngine.java:194)
	at com.kms.katalon.core.main.ScriptEngine.runScriptAsRawText(ScriptEngine.java:119)
	at com.kms.katalon.core.main.TestCaseExecutor.runScript(TestCaseExecutor.java:331)
	at com.kms.katalon.core.main.TestCaseExecutor.doExecute(TestCaseExecutor.java:322)
	at com.kms.katalon.core.main.TestCaseExecutor.processExecutionPhase(TestCaseExecutor.java:301)
	at com.kms.katalon.core.main.TestCaseExecutor.accessMainPhase(TestCaseExecutor.java:293)
	at com.kms.katalon.core.main.TestCaseExecutor.execute(TestCaseExecutor.java:227)
	at com.kms.katalon.core.main.TestCaseMain.runTestCase(TestCaseMain.java:114)
	at com.kms.katalon.core.keyword.builtin.CallTestCaseKeyword$_callTestCase_closure1.doCall(CallTestCaseKeyword.groovy:59)
	at com.kms.katalon.core.keyword.builtin.CallTestCaseKeyword$_callTestCase_closure1.call(CallTestCaseKeyword.groovy)
	at com.kms.katalon.core.keyword.internal.KeywordMain.runKeyword(KeywordMain.groovy:66)
	at com.kms.katalon.core.keyword.builtin.CallTestCaseKeyword.callTestCase(CallTestCaseKeyword.groovy:81)
	at com.kms.katalon.core.keyword.builtin.CallTestCaseKeyword.execute(CallTestCaseKeyword.groovy:44)
	at com.kms.katalon.core.keyword.internal.KeywordExecutor.executeKeywordForPlatform(KeywordExecutor.groovy:56)
	at com.kms.katalon.core.keyword.BuiltinKeywords.callTestCase(BuiltinKeywords.groovy:334)
	at Script1535541221506.run(Script1535541221506.groovy:30)
	... 13 more]]></system-err>
      </testcase>
      <testcase name="Test Cases/Comment Capture TestCases/TC0528" classname="Test Cases/Comment Capture TestCases/TC0528" status="FAILED">
         <failure type="FAILED" message="Test Cases/Comment Capture TestCases/TC0528 FAILED.
Reason:
com.kms.katalon.core.exception.StepFailedException: Call Test Case 'Test Cases/s-sidebar_navigation/individualAccount/Comment capture' failed
	at com.kms.katalon.core.keyword.builtin.CallTestCaseKeyword$_callTestCase_closure1.doCall(CallTestCaseKeyword.groovy:63)
	at com.kms.katalon.core.keyword.builtin.CallTestCaseKeyword$_callTestCase_closure1.call(CallTestCaseKeyword.groovy)
	at com.kms.katalon.core.keyword.internal.KeywordMain.runKeyword(KeywordMain.groovy:66)
	at com.kms.katalon.core.keyword.builtin.CallTestCaseKeyword.callTestCase(CallTestCaseKeyword.groovy:81)
	at com.kms.katalon.core.keyword.builtin.CallTestCaseKeyword.execute(CallTestCaseKeyword.groovy:44)
	at com.kms.katalon.core.keyword.internal.KeywordExecutor.executeKeywordForPlatform(KeywordExecutor.groovy:56)
	at com.kms.katalon.core.keyword.BuiltinKeywords.callTestCase(BuiltinKeywords.groovy:334)
	at TC0528.run(TC0528:22)
	at com.kms.katalon.core.main.ScriptEngine.run(ScriptEngine.java:194)
	at com.kms.katalon.core.main.ScriptEngine.runScriptAsRawText(ScriptEngine.java:119)
	at com.kms.katalon.core.main.TestCaseExecutor.runScript(TestCaseExecutor.java:331)
	at com.kms.katalon.core.main.TestCaseExecutor.doExecute(TestCaseExecutor.java:322)
	at com.kms.katalon.core.main.TestCaseExecutor.processExecutionPhase(TestCaseExecutor.java:301)
	at com.kms.katalon.core.main.TestCaseExecutor.accessMainPhase(TestCaseExecutor.java:293)
	at com.kms.katalon.core.main.TestCaseExecutor.execute(TestCaseExecutor.java:227)
	at com.kms.katalon.core.main.TestSuiteExecutor.accessTestCaseMainPhase(TestSuiteExecutor.java:129)
	at com.kms.katalon.core.main.TestSuiteExecutor.accessTestSuiteMainPhase(TestSuiteExecutor.java:112)
	at com.kms.katalon.core.main.TestSuiteExecutor.execute(TestSuiteExecutor.java:81)
	at com.kms.katalon.core.main.TestCaseMain.startTestSuite(TestCaseMain.java:157)
	at com.kms.katalon.core.main.TestCaseMain$startTestSuite$0.call(Unknown Source)
	at TempTestSuite1553670311511.run(TempTestSuite1553670311511.groovy:35)
Caused by: com.kms.katalon.core.exception.StepFailedException: Call Test Case 'Test Cases/s-sidebar_navigation/individualAccount/Login-KiboEngage' failed
	at com.kms.katalon.core.keyword.builtin.CallTestCaseKeyword$_callTestCase_closure1.doCall(CallTestCaseKeyword.groovy:63)
	at com.kms.katalon.core.keyword.builtin.CallTestCaseKeyword$_callTestCase_closure1.call(CallTestCaseKeyword.groovy)
	at com.kms.katalon.core.keyword.internal.KeywordMain.runKeyword(KeywordMain.groovy:66)
	at com.kms.katalon.core.keyword.builtin.CallTestCaseKeyword.callTestCase(CallTestCaseKeyword.groovy:81)
	at com.kms.katalon.core.keyword.builtin.CallTestCaseKeyword.execute(CallTestCaseKeyword.groovy:44)
	at com.kms.katalon.core.keyword.internal.KeywordExecutor.executeKeywordForPlatform(KeywordExecutor.groovy:56)
	at com.kms.katalon.core.keyword.BuiltinKeywords.callTestCase(BuiltinKeywords.groovy:334)
	at Comment capture.run(Comment capture:22)
	at com.kms.katalon.core.main.ScriptEngine.run(ScriptEngine.java:194)
	at com.kms.katalon.core.main.ScriptEngine.runScriptAsRawText(ScriptEngine.java:119)
	at com.kms.katalon.core.main.TestCaseExecutor.runScript(TestCaseExecutor.java:331)
	at com.kms.katalon.core.main.TestCaseExecutor.doExecute(TestCaseExecutor.java:322)
	at com.kms.katalon.core.main.TestCaseExecutor.processExecutionPhase(TestCaseExecutor.java:301)
	at com.kms.katalon.core.main.TestCaseExecutor.accessMainPhase(TestCaseExecutor.java:293)
	at com.kms.katalon.core.main.TestCaseExecutor.execute(TestCaseExecutor.java:227)
	at com.kms.katalon.core.main.TestCaseMain.runTestCase(TestCaseMain.java:114)
	at com.kms.katalon.core.keyword.builtin.CallTestCaseKeyword$_callTestCase_closure1.doCall(CallTestCaseKeyword.groovy:59)
	... 20 more
Caused by: com.kms.katalon.core.exception.StepFailedException: Unable to click on object 'Object Repository/Page_KiboPush  Dashboard/h3_Dashboard (57)'
	at com.kms.katalon.core.webui.keyword.internal.WebUIKeywordMain.stepFailed(WebUIKeywordMain.groovy:64)
	at com.kms.katalon.core.webui.keyword.internal.WebUIKeywordMain.runKeyword(WebUIKeywordMain.groovy:26)
	at com.kms.katalon.core.webui.keyword.builtin.ClickKeyword.click(ClickKeyword.groovy:86)
	at com.kms.katalon.core.webui.keyword.builtin.ClickKeyword.execute(ClickKeyword.groovy:67)
	at com.kms.katalon.core.keyword.internal.KeywordExecutor.executeKeywordForPlatform(KeywordExecutor.groovy:56)
	at com.kms.katalon.core.webui.keyword.WebUiBuiltInKeywords.click(WebUiBuiltInKeywords.groovy:616)
	at com.kms.katalon.core.webui.keyword.WebUiBuiltInKeywords$click$2.call(Unknown Source)
	at Login-KiboEngage.run(Login-KiboEngage:40)
	at com.kms.katalon.core.main.ScriptEngine.run(ScriptEngine.java:194)
	at com.kms.katalon.core.main.ScriptEngine.runScriptAsRawText(ScriptEngine.java:119)
	at com.kms.katalon.core.main.TestCaseExecutor.runScript(TestCaseExecutor.java:331)
	at com.kms.katalon.core.main.TestCaseExecutor.doExecute(TestCaseExecutor.java:322)
	at com.kms.katalon.core.main.TestCaseExecutor.processExecutionPhase(TestCaseExecutor.java:301)
	at com.kms.katalon.core.main.TestCaseExecutor.accessMainPhase(TestCaseExecutor.java:293)
	at com.kms.katalon.core.main.TestCaseExecutor.execute(TestCaseExecutor.java:227)
	at com.kms.katalon.core.main.TestCaseMain.runTestCase(TestCaseMain.java:114)
	at com.kms.katalon.core.keyword.builtin.CallTestCaseKeyword$_callTestCase_closure1.doCall(CallTestCaseKeyword.groovy:59)
	... 36 more
Caused by: com.kms.katalon.core.webui.exception.WebElementNotFoundException: Web element with id: 'Object Repository/Page_KiboPush  Dashboard/h3_Dashboard (57)' located by 'By.xpath: //h3[(text() = 'Dashboard' or . = 'Dashboard')]' not found
	at com.kms.katalon.core.webui.common.WebUiCommonHelper.findWebElement(WebUiCommonHelper.java:1053)
	at com.kms.katalon.core.webui.keyword.internal.WebUIAbstractKeyword.findWebElement(WebUIAbstractKeyword.groovy:27)
	at com.kms.katalon.core.webui.keyword.internal.WebUIAbstractKeyword.findWebElement(WebUIAbstractKeyword.groovy:26)
	at com.kms.katalon.core.webui.keyword.builtin.ClickKeyword$_click_closure1.doCall(ClickKeyword.groovy:77)
	at com.kms.katalon.core.webui.keyword.builtin.ClickKeyword$_click_closure1.call(ClickKeyword.groovy)
	at com.kms.katalon.core.webui.keyword.internal.WebUIKeywordMain.runKeyword(WebUIKeywordMain.groovy:20)
	at com.kms.katalon.core.webui.keyword.builtin.ClickKeyword.click(ClickKeyword.groovy:86)
	at com.kms.katalon.core.webui.keyword.builtin.ClickKeyword.execute(ClickKeyword.groovy:67)
	at com.kms.katalon.core.keyword.internal.KeywordExecutor.executeKeywordForPlatform(KeywordExecutor.groovy:56)
	at com.kms.katalon.core.webui.keyword.WebUiBuiltInKeywords.click(WebUiBuiltInKeywords.groovy:616)
	at com.kms.katalon.core.webui.keyword.WebUiBuiltInKeywords$click$2.call(Unknown Source)
	at Script1542870641933.run(Script1542870641933.groovy:40)
	at com.kms.katalon.core.main.ScriptEngine.run(ScriptEngine.java:194)
	at com.kms.katalon.core.main.ScriptEngine.runScriptAsRawText(ScriptEngine.java:119)
	at com.kms.katalon.core.main.TestCaseExecutor.runScript(TestCaseExecutor.java:331)
	at com.kms.katalon.core.main.TestCaseExecutor.doExecute(TestCaseExecutor.java:322)
	at com.kms.katalon.core.main.TestCaseExecutor.processExecutionPhase(TestCaseExecutor.java:301)
	at com.kms.katalon.core.main.TestCaseExecutor.accessMainPhase(TestCaseExecutor.java:293)
	at com.kms.katalon.core.main.TestCaseExecutor.execute(TestCaseExecutor.java:227)
	at com.kms.katalon.core.main.TestCaseMain.runTestCase(TestCaseMain.java:114)
	at com.kms.katalon.core.keyword.builtin.CallTestCaseKeyword$_callTestCase_closure1.doCall(CallTestCaseKeyword.groovy:59)
	at com.kms.katalon.core.keyword.builtin.CallTestCaseKeyword$_callTestCase_closure1.call(CallTestCaseKeyword.groovy)
	at com.kms.katalon.core.keyword.internal.KeywordMain.runKeyword(KeywordMain.groovy:66)
	at com.kms.katalon.core.keyword.builtin.CallTestCaseKeyword.callTestCase(CallTestCaseKeyword.groovy:81)
	at com.kms.katalon.core.keyword.builtin.CallTestCaseKeyword.execute(CallTestCaseKeyword.groovy:44)
	at com.kms.katalon.core.keyword.internal.KeywordExecutor.executeKeywordForPlatform(KeywordExecutor.groovy:56)
	at com.kms.katalon.core.keyword.BuiltinKeywords.callTestCase(BuiltinKeywords.groovy:334)
	at Script1537021633628.run(Script1537021633628.groovy:22)
	at com.kms.katalon.core.main.ScriptEngine.run(ScriptEngine.java:194)
	at com.kms.katalon.core.main.ScriptEngine.runScriptAsRawText(ScriptEngine.java:119)
	at com.kms.katalon.core.main.TestCaseExecutor.runScript(TestCaseExecutor.java:331)
	at com.kms.katalon.core.main.TestCaseExecutor.doExecute(TestCaseExecutor.java:322)
	at com.kms.katalon.core.main.TestCaseExecutor.processExecutionPhase(TestCaseExecutor.java:301)
	at com.kms.katalon.core.main.TestCaseExecutor.accessMainPhase(TestCaseExecutor.java:293)
	at com.kms.katalon.core.main.TestCaseExecutor.execute(TestCaseExecutor.java:227)
	at com.kms.katalon.core.main.TestCaseMain.runTestCase(TestCaseMain.java:114)
	at com.kms.katalon.core.keyword.builtin.CallTestCaseKeyword$_callTestCase_closure1.doCall(CallTestCaseKeyword.groovy:59)
	at com.kms.katalon.core.keyword.builtin.CallTestCaseKeyword$_callTestCase_closure1.call(CallTestCaseKeyword.groovy)
	at com.kms.katalon.core.keyword.internal.KeywordMain.runKeyword(KeywordMain.groovy:66)
	at com.kms.katalon.core.keyword.builtin.CallTestCaseKeyword.callTestCase(CallTestCaseKeyword.groovy:81)
	at com.kms.katalon.core.keyword.builtin.CallTestCaseKeyword.execute(CallTestCaseKeyword.groovy:44)
	at com.kms.katalon.core.keyword.internal.KeywordExecutor.executeKeywordForPlatform(KeywordExecutor.groovy:56)
	at com.kms.katalon.core.keyword.BuiltinKeywords.callTestCase(BuiltinKeywords.groovy:334)
	at Script1535542225183.run(Script1535542225183.groovy:22)
	... 13 more
"/>
         <system-out><![CDATA[2019-03-27 12:24:08 - [TEST_CASE][FAILED] - Test Cases/Comment Capture TestCases/TC0528: Test Cases/Comment Capture TestCases/TC0528 FAILED.
Reason:
com.kms.katalon.core.exception.StepFailedException: Call Test Case 'Test Cases/s-sidebar_navigation/individualAccount/Comment capture' failed
	at com.kms.katalon.core.keyword.builtin.CallTestCaseKeyword$_callTestCase_closure1.doCall(CallTestCaseKeyword.groovy:63)
	at com.kms.katalon.core.keyword.builtin.CallTestCaseKeyword$_callTestCase_closure1.call(CallTestCaseKeyword.groovy)
	at com.kms.katalon.core.keyword.internal.KeywordMain.runKeyword(KeywordMain.groovy:66)
	at com.kms.katalon.core.keyword.builtin.CallTestCaseKeyword.callTestCase(CallTestCaseKeyword.groovy:81)
	at com.kms.katalon.core.keyword.builtin.CallTestCaseKeyword.execute(CallTestCaseKeyword.groovy:44)
	at com.kms.katalon.core.keyword.internal.KeywordExecutor.executeKeywordForPlatform(KeywordExecutor.groovy:56)
	at com.kms.katalon.core.keyword.BuiltinKeywords.callTestCase(BuiltinKeywords.groovy:334)
	at TC0528.run(TC0528:22)
	at com.kms.katalon.core.main.ScriptEngine.run(ScriptEngine.java:194)
	at com.kms.katalon.core.main.ScriptEngine.runScriptAsRawText(ScriptEngine.java:119)
	at com.kms.katalon.core.main.TestCaseExecutor.runScript(TestCaseExecutor.java:331)
	at com.kms.katalon.core.main.TestCaseExecutor.doExecute(TestCaseExecutor.java:322)
	at com.kms.katalon.core.main.TestCaseExecutor.processExecutionPhase(TestCaseExecutor.java:301)
	at com.kms.katalon.core.main.TestCaseExecutor.accessMainPhase(TestCaseExecutor.java:293)
	at com.kms.katalon.core.main.TestCaseExecutor.execute(TestCaseExecutor.java:227)
	at com.kms.katalon.core.main.TestSuiteExecutor.accessTestCaseMainPhase(TestSuiteExecutor.java:129)
	at com.kms.katalon.core.main.TestSuiteExecutor.accessTestSuiteMainPhase(TestSuiteExecutor.java:112)
	at com.kms.katalon.core.main.TestSuiteExecutor.execute(TestSuiteExecutor.java:81)
	at com.kms.katalon.core.main.TestCaseMain.startTestSuite(TestCaseMain.java:157)
	at com.kms.katalon.core.main.TestCaseMain$startTestSuite$0.call(Unknown Source)
	at TempTestSuite1553670311511.run(TempTestSuite1553670311511.groovy:35)
Caused by: com.kms.katalon.core.exception.StepFailedException: Call Test Case 'Test Cases/s-sidebar_navigation/individualAccount/Login-KiboEngage' failed
	at com.kms.katalon.core.keyword.builtin.CallTestCaseKeyword$_callTestCase_closure1.doCall(CallTestCaseKeyword.groovy:63)
	at com.kms.katalon.core.keyword.builtin.CallTestCaseKeyword$_callTestCase_closure1.call(CallTestCaseKeyword.groovy)
	at com.kms.katalon.core.keyword.internal.KeywordMain.runKeyword(KeywordMain.groovy:66)
	at com.kms.katalon.core.keyword.builtin.CallTestCaseKeyword.callTestCase(CallTestCaseKeyword.groovy:81)
	at com.kms.katalon.core.keyword.builtin.CallTestCaseKeyword.execute(CallTestCaseKeyword.groovy:44)
	at com.kms.katalon.core.keyword.internal.KeywordExecutor.executeKeywordForPlatform(KeywordExecutor.groovy:56)
	at com.kms.katalon.core.keyword.BuiltinKeywords.callTestCase(BuiltinKeywords.groovy:334)
	at Comment capture.run(Comment capture:22)
	at com.kms.katalon.core.main.ScriptEngine.run(ScriptEngine.java:194)
	at com.kms.katalon.core.main.ScriptEngine.runScriptAsRawText(ScriptEngine.java:119)
	at com.kms.katalon.core.main.TestCaseExecutor.runScript(TestCaseExecutor.java:331)
	at com.kms.katalon.core.main.TestCaseExecutor.doExecute(TestCaseExecutor.java:322)
	at com.kms.katalon.core.main.TestCaseExecutor.processExecutionPhase(TestCaseExecutor.java:301)
	at com.kms.katalon.core.main.TestCaseExecutor.accessMainPhase(TestCaseExecutor.java:293)
	at com.kms.katalon.core.main.TestCaseExecutor.execute(TestCaseExecutor.java:227)
	at com.kms.katalon.core.main.TestCaseMain.runTestCase(TestCaseMain.java:114)
	at com.kms.katalon.core.keyword.builtin.CallTestCaseKeyword$_callTestCase_closure1.doCall(CallTestCaseKeyword.groovy:59)
	... 20 more
Caused by: com.kms.katalon.core.exception.StepFailedException: Unable to click on object 'Object Repository/Page_KiboPush  Dashboard/h3_Dashboard (57)'
	at com.kms.katalon.core.webui.keyword.internal.WebUIKeywordMain.stepFailed(WebUIKeywordMain.groovy:64)
	at com.kms.katalon.core.webui.keyword.internal.WebUIKeywordMain.runKeyword(WebUIKeywordMain.groovy:26)
	at com.kms.katalon.core.webui.keyword.builtin.ClickKeyword.click(ClickKeyword.groovy:86)
	at com.kms.katalon.core.webui.keyword.builtin.ClickKeyword.execute(ClickKeyword.groovy:67)
	at com.kms.katalon.core.keyword.internal.KeywordExecutor.executeKeywordForPlatform(KeywordExecutor.groovy:56)
	at com.kms.katalon.core.webui.keyword.WebUiBuiltInKeywords.click(WebUiBuiltInKeywords.groovy:616)
	at com.kms.katalon.core.webui.keyword.WebUiBuiltInKeywords$click$2.call(Unknown Source)
	at Login-KiboEngage.run(Login-KiboEngage:40)
	at com.kms.katalon.core.main.ScriptEngine.run(ScriptEngine.java:194)
	at com.kms.katalon.core.main.ScriptEngine.runScriptAsRawText(ScriptEngine.java:119)
	at com.kms.katalon.core.main.TestCaseExecutor.runScript(TestCaseExecutor.java:331)
	at com.kms.katalon.core.main.TestCaseExecutor.doExecute(TestCaseExecutor.java:322)
	at com.kms.katalon.core.main.TestCaseExecutor.processExecutionPhase(TestCaseExecutor.java:301)
	at com.kms.katalon.core.main.TestCaseExecutor.accessMainPhase(TestCaseExecutor.java:293)
	at com.kms.katalon.core.main.TestCaseExecutor.execute(TestCaseExecutor.java:227)
	at com.kms.katalon.core.main.TestCaseMain.runTestCase(TestCaseMain.java:114)
	at com.kms.katalon.core.keyword.builtin.CallTestCaseKeyword$_callTestCase_closure1.doCall(CallTestCaseKeyword.groovy:59)
	... 36 more
Caused by: com.kms.katalon.core.webui.exception.WebElementNotFoundException: Web element with id: 'Object Repository/Page_KiboPush  Dashboard/h3_Dashboard (57)' located by 'By.xpath: //h3[(text() = 'Dashboard' or . = 'Dashboard')]' not found
	at com.kms.katalon.core.webui.common.WebUiCommonHelper.findWebElement(WebUiCommonHelper.java:1053)
	at com.kms.katalon.core.webui.keyword.internal.WebUIAbstractKeyword.findWebElement(WebUIAbstractKeyword.groovy:27)
	at com.kms.katalon.core.webui.keyword.internal.WebUIAbstractKeyword.findWebElement(WebUIAbstractKeyword.groovy:26)
	at com.kms.katalon.core.webui.keyword.builtin.ClickKeyword$_click_closure1.doCall(ClickKeyword.groovy:77)
	at com.kms.katalon.core.webui.keyword.builtin.ClickKeyword$_click_closure1.call(ClickKeyword.groovy)
	at com.kms.katalon.core.webui.keyword.internal.WebUIKeywordMain.runKeyword(WebUIKeywordMain.groovy:20)
	at com.kms.katalon.core.webui.keyword.builtin.ClickKeyword.click(ClickKeyword.groovy:86)
	at com.kms.katalon.core.webui.keyword.builtin.ClickKeyword.execute(ClickKeyword.groovy:67)
	at com.kms.katalon.core.keyword.internal.KeywordExecutor.executeKeywordForPlatform(KeywordExecutor.groovy:56)
	at com.kms.katalon.core.webui.keyword.WebUiBuiltInKeywords.click(WebUiBuiltInKeywords.groovy:616)
	at com.kms.katalon.core.webui.keyword.WebUiBuiltInKeywords$click$2.call(Unknown Source)
	at Script1542870641933.run(Script1542870641933.groovy:40)
	at com.kms.katalon.core.main.ScriptEngine.run(ScriptEngine.java:194)
	at com.kms.katalon.core.main.ScriptEngine.runScriptAsRawText(ScriptEngine.java:119)
	at com.kms.katalon.core.main.TestCaseExecutor.runScript(TestCaseExecutor.java:331)
	at com.kms.katalon.core.main.TestCaseExecutor.doExecute(TestCaseExecutor.java:322)
	at com.kms.katalon.core.main.TestCaseExecutor.processExecutionPhase(TestCaseExecutor.java:301)
	at com.kms.katalon.core.main.TestCaseExecutor.accessMainPhase(TestCaseExecutor.java:293)
	at com.kms.katalon.core.main.TestCaseExecutor.execute(TestCaseExecutor.java:227)
	at com.kms.katalon.core.main.TestCaseMain.runTestCase(TestCaseMain.java:114)
	at com.kms.katalon.core.keyword.builtin.CallTestCaseKeyword$_callTestCase_closure1.doCall(CallTestCaseKeyword.groovy:59)
	at com.kms.katalon.core.keyword.builtin.CallTestCaseKeyword$_callTestCase_closure1.call(CallTestCaseKeyword.groovy)
	at com.kms.katalon.core.keyword.internal.KeywordMain.runKeyword(KeywordMain.groovy:66)
	at com.kms.katalon.core.keyword.builtin.CallTestCaseKeyword.callTestCase(CallTestCaseKeyword.groovy:81)
	at com.kms.katalon.core.keyword.builtin.CallTestCaseKeyword.execute(CallTestCaseKeyword.groovy:44)
	at com.kms.katalon.core.keyword.internal.KeywordExecutor.executeKeywordForPlatform(KeywordExecutor.groovy:56)
	at com.kms.katalon.core.keyword.BuiltinKeywords.callTestCase(BuiltinKeywords.groovy:334)
	at Script1537021633628.run(Script1537021633628.groovy:22)
	at com.kms.katalon.core.main.ScriptEngine.run(ScriptEngine.java:194)
	at com.kms.katalon.core.main.ScriptEngine.runScriptAsRawText(ScriptEngine.java:119)
	at com.kms.katalon.core.main.TestCaseExecutor.runScript(TestCaseExecutor.java:331)
	at com.kms.katalon.core.main.TestCaseExecutor.doExecute(TestCaseExecutor.java:322)
	at com.kms.katalon.core.main.TestCaseExecutor.processExecutionPhase(TestCaseExecutor.java:301)
	at com.kms.katalon.core.main.TestCaseExecutor.accessMainPhase(TestCaseExecutor.java:293)
	at com.kms.katalon.core.main.TestCaseExecutor.execute(TestCaseExecutor.java:227)
	at com.kms.katalon.core.main.TestCaseMain.runTestCase(TestCaseMain.java:114)
	at com.kms.katalon.core.keyword.builtin.CallTestCaseKeyword$_callTestCase_closure1.doCall(CallTestCaseKeyword.groovy:59)
	at com.kms.katalon.core.keyword.builtin.CallTestCaseKeyword$_callTestCase_closure1.call(CallTestCaseKeyword.groovy)
	at com.kms.katalon.core.keyword.internal.KeywordMain.runKeyword(KeywordMain.groovy:66)
	at com.kms.katalon.core.keyword.builtin.CallTestCaseKeyword.callTestCase(CallTestCaseKeyword.groovy:81)
	at com.kms.katalon.core.keyword.builtin.CallTestCaseKeyword.execute(CallTestCaseKeyword.groovy:44)
	at com.kms.katalon.core.keyword.internal.KeywordExecutor.executeKeywordForPlatform(KeywordExecutor.groovy:56)
	at com.kms.katalon.core.keyword.BuiltinKeywords.callTestCase(BuiltinKeywords.groovy:334)
	at Script1535542225183.run(Script1535542225183.groovy:22)
	... 13 more


2019-03-27 12:24:08 - [TEST_STEP][FAILED] - callTestCase(findTestCase("s-sidebar_navigation/individualAccount/Comment capture"), [:], STOP_ON_FAILURE): callTestCase(findTestCase("s-sidebar_navigation/individualAccount/Comment capture"), [:], STOP_ON_FAILURE) FAILED.
Reason:
com.kms.katalon.core.exception.StepFailedException: Call Test Case 'Test Cases/s-sidebar_navigation/individualAccount/Comment capture' failed
	at com.kms.katalon.core.keyword.builtin.CallTestCaseKeyword$_callTestCase_closure1.doCall(CallTestCaseKeyword.groovy:63)
	at com.kms.katalon.core.keyword.builtin.CallTestCaseKeyword$_callTestCase_closure1.call(CallTestCaseKeyword.groovy)
	at com.kms.katalon.core.keyword.internal.KeywordMain.runKeyword(KeywordMain.groovy:66)
	at com.kms.katalon.core.keyword.builtin.CallTestCaseKeyword.callTestCase(CallTestCaseKeyword.groovy:81)
	at com.kms.katalon.core.keyword.builtin.CallTestCaseKeyword.execute(CallTestCaseKeyword.groovy:44)
	at com.kms.katalon.core.keyword.internal.KeywordExecutor.executeKeywordForPlatform(KeywordExecutor.groovy:56)
	at com.kms.katalon.core.keyword.BuiltinKeywords.callTestCase(BuiltinKeywords.groovy:334)
	at TC0528.run(TC0528:22)
	at com.kms.katalon.core.main.ScriptEngine.run(ScriptEngine.java:194)
	at com.kms.katalon.core.main.ScriptEngine.runScriptAsRawText(ScriptEngine.java:119)
	at com.kms.katalon.core.main.TestCaseExecutor.runScript(TestCaseExecutor.java:331)
	at com.kms.katalon.core.main.TestCaseExecutor.doExecute(TestCaseExecutor.java:322)
	at com.kms.katalon.core.main.TestCaseExecutor.processExecutionPhase(TestCaseExecutor.java:301)
	at com.kms.katalon.core.main.TestCaseExecutor.accessMainPhase(TestCaseExecutor.java:293)
	at com.kms.katalon.core.main.TestCaseExecutor.execute(TestCaseExecutor.java:227)
	at com.kms.katalon.core.main.TestSuiteExecutor.accessTestCaseMainPhase(TestSuiteExecutor.java:129)
	at com.kms.katalon.core.main.TestSuiteExecutor.accessTestSuiteMainPhase(TestSuiteExecutor.java:112)
	at com.kms.katalon.core.main.TestSuiteExecutor.execute(TestSuiteExecutor.java:81)
	at com.kms.katalon.core.main.TestCaseMain.startTestSuite(TestCaseMain.java:157)
	at com.kms.katalon.core.main.TestCaseMain$startTestSuite$0.call(Unknown Source)
	at TempTestSuite1553670311511.run(TempTestSuite1553670311511.groovy:35)
Caused by: com.kms.katalon.core.exception.StepFailedException: Call Test Case 'Test Cases/s-sidebar_navigation/individualAccount/Login-KiboEngage' failed
	at com.kms.katalon.core.keyword.builtin.CallTestCaseKeyword$_callTestCase_closure1.doCall(CallTestCaseKeyword.groovy:63)
	at com.kms.katalon.core.keyword.builtin.CallTestCaseKeyword$_callTestCase_closure1.call(CallTestCaseKeyword.groovy)
	at com.kms.katalon.core.keyword.internal.KeywordMain.runKeyword(KeywordMain.groovy:66)
	at com.kms.katalon.core.keyword.builtin.CallTestCaseKeyword.callTestCase(CallTestCaseKeyword.groovy:81)
	at com.kms.katalon.core.keyword.builtin.CallTestCaseKeyword.execute(CallTestCaseKeyword.groovy:44)
	at com.kms.katalon.core.keyword.internal.KeywordExecutor.executeKeywordForPlatform(KeywordExecutor.groovy:56)
	at com.kms.katalon.core.keyword.BuiltinKeywords.callTestCase(BuiltinKeywords.groovy:334)
	at Comment capture.run(Comment capture:22)
	at com.kms.katalon.core.main.ScriptEngine.run(ScriptEngine.java:194)
	at com.kms.katalon.core.main.ScriptEngine.runScriptAsRawText(ScriptEngine.java:119)
	at com.kms.katalon.core.main.TestCaseExecutor.runScript(TestCaseExecutor.java:331)
	at com.kms.katalon.core.main.TestCaseExecutor.doExecute(TestCaseExecutor.java:322)
	at com.kms.katalon.core.main.TestCaseExecutor.processExecutionPhase(TestCaseExecutor.java:301)
	at com.kms.katalon.core.main.TestCaseExecutor.accessMainPhase(TestCaseExecutor.java:293)
	at com.kms.katalon.core.main.TestCaseExecutor.execute(TestCaseExecutor.java:227)
	at com.kms.katalon.core.main.TestCaseMain.runTestCase(TestCaseMain.java:114)
	at com.kms.katalon.core.keyword.builtin.CallTestCaseKeyword$_callTestCase_closure1.doCall(CallTestCaseKeyword.groovy:59)
	... 20 more
Caused by: com.kms.katalon.core.exception.StepFailedException: Unable to click on object 'Object Repository/Page_KiboPush  Dashboard/h3_Dashboard (57)'
	at com.kms.katalon.core.webui.keyword.internal.WebUIKeywordMain.stepFailed(WebUIKeywordMain.groovy:64)
	at com.kms.katalon.core.webui.keyword.internal.WebUIKeywordMain.runKeyword(WebUIKeywordMain.groovy:26)
	at com.kms.katalon.core.webui.keyword.builtin.ClickKeyword.click(ClickKeyword.groovy:86)
	at com.kms.katalon.core.webui.keyword.builtin.ClickKeyword.execute(ClickKeyword.groovy:67)
	at com.kms.katalon.core.keyword.internal.KeywordExecutor.executeKeywordForPlatform(KeywordExecutor.groovy:56)
	at com.kms.katalon.core.webui.keyword.WebUiBuiltInKeywords.click(WebUiBuiltInKeywords.groovy:616)
	at com.kms.katalon.core.webui.keyword.WebUiBuiltInKeywords$click$2.call(Unknown Source)
	at Login-KiboEngage.run(Login-KiboEngage:40)
	at com.kms.katalon.core.main.ScriptEngine.run(ScriptEngine.java:194)
	at com.kms.katalon.core.main.ScriptEngine.runScriptAsRawText(ScriptEngine.java:119)
	at com.kms.katalon.core.main.TestCaseExecutor.runScript(TestCaseExecutor.java:331)
	at com.kms.katalon.core.main.TestCaseExecutor.doExecute(TestCaseExecutor.java:322)
	at com.kms.katalon.core.main.TestCaseExecutor.processExecutionPhase(TestCaseExecutor.java:301)
	at com.kms.katalon.core.main.TestCaseExecutor.accessMainPhase(TestCaseExecutor.java:293)
	at com.kms.katalon.core.main.TestCaseExecutor.execute(TestCaseExecutor.java:227)
	at com.kms.katalon.core.main.TestCaseMain.runTestCase(TestCaseMain.java:114)
	at com.kms.katalon.core.keyword.builtin.CallTestCaseKeyword$_callTestCase_closure1.doCall(CallTestCaseKeyword.groovy:59)
	... 36 more
Caused by: com.kms.katalon.core.webui.exception.WebElementNotFoundException: Web element with id: 'Object Repository/Page_KiboPush  Dashboard/h3_Dashboard (57)' located by 'By.xpath: //h3[(text() = 'Dashboard' or . = 'Dashboard')]' not found
	at com.kms.katalon.core.webui.common.WebUiCommonHelper.findWebElement(WebUiCommonHelper.java:1053)
	at com.kms.katalon.core.webui.keyword.internal.WebUIAbstractKeyword.findWebElement(WebUIAbstractKeyword.groovy:27)
	at com.kms.katalon.core.webui.keyword.internal.WebUIAbstractKeyword.findWebElement(WebUIAbstractKeyword.groovy:26)
	at com.kms.katalon.core.webui.keyword.builtin.ClickKeyword$_click_closure1.doCall(ClickKeyword.groovy:77)
	at com.kms.katalon.core.webui.keyword.builtin.ClickKeyword$_click_closure1.call(ClickKeyword.groovy)
	at com.kms.katalon.core.webui.keyword.internal.WebUIKeywordMain.runKeyword(WebUIKeywordMain.groovy:20)
	at com.kms.katalon.core.webui.keyword.builtin.ClickKeyword.click(ClickKeyword.groovy:86)
	at com.kms.katalon.core.webui.keyword.builtin.ClickKeyword.execute(ClickKeyword.groovy:67)
	at com.kms.katalon.core.keyword.internal.KeywordExecutor.executeKeywordForPlatform(KeywordExecutor.groovy:56)
	at com.kms.katalon.core.webui.keyword.WebUiBuiltInKeywords.click(WebUiBuiltInKeywords.groovy:616)
	at com.kms.katalon.core.webui.keyword.WebUiBuiltInKeywords$click$2.call(Unknown Source)
	at Script1542870641933.run(Script1542870641933.groovy:40)
	at com.kms.katalon.core.main.ScriptEngine.run(ScriptEngine.java:194)
	at com.kms.katalon.core.main.ScriptEngine.runScriptAsRawText(ScriptEngine.java:119)
	at com.kms.katalon.core.main.TestCaseExecutor.runScript(TestCaseExecutor.java:331)
	at com.kms.katalon.core.main.TestCaseExecutor.doExecute(TestCaseExecutor.java:322)
	at com.kms.katalon.core.main.TestCaseExecutor.processExecutionPhase(TestCaseExecutor.java:301)
	at com.kms.katalon.core.main.TestCaseExecutor.accessMainPhase(TestCaseExecutor.java:293)
	at com.kms.katalon.core.main.TestCaseExecutor.execute(TestCaseExecutor.java:227)
	at com.kms.katalon.core.main.TestCaseMain.runTestCase(TestCaseMain.java:114)
	at com.kms.katalon.core.keyword.builtin.CallTestCaseKeyword$_callTestCase_closure1.doCall(CallTestCaseKeyword.groovy:59)
	at com.kms.katalon.core.keyword.builtin.CallTestCaseKeyword$_callTestCase_closure1.call(CallTestCaseKeyword.groovy)
	at com.kms.katalon.core.keyword.internal.KeywordMain.runKeyword(KeywordMain.groovy:66)
	at com.kms.katalon.core.keyword.builtin.CallTestCaseKeyword.callTestCase(CallTestCaseKeyword.groovy:81)
	at com.kms.katalon.core.keyword.builtin.CallTestCaseKeyword.execute(CallTestCaseKeyword.groovy:44)
	at com.kms.katalon.core.keyword.internal.KeywordExecutor.executeKeywordForPlatform(KeywordExecutor.groovy:56)
	at com.kms.katalon.core.keyword.BuiltinKeywords.callTestCase(BuiltinKeywords.groovy:334)
	at Script1537021633628.run(Script1537021633628.groovy:22)
	at com.kms.katalon.core.main.ScriptEngine.run(ScriptEngine.java:194)
	at com.kms.katalon.core.main.ScriptEngine.runScriptAsRawText(ScriptEngine.java:119)
	at com.kms.katalon.core.main.TestCaseExecutor.runScript(TestCaseExecutor.java:331)
	at com.kms.katalon.core.main.TestCaseExecutor.doExecute(TestCaseExecutor.java:322)
	at com.kms.katalon.core.main.TestCaseExecutor.processExecutionPhase(TestCaseExecutor.java:301)
	at com.kms.katalon.core.main.TestCaseExecutor.accessMainPhase(TestCaseExecutor.java:293)
	at com.kms.katalon.core.main.TestCaseExecutor.execute(TestCaseExecutor.java:227)
	at com.kms.katalon.core.main.TestCaseMain.runTestCase(TestCaseMain.java:114)
	at com.kms.katalon.core.keyword.builtin.CallTestCaseKeyword$_callTestCase_closure1.doCall(CallTestCaseKeyword.groovy:59)
	at com.kms.katalon.core.keyword.builtin.CallTestCaseKeyword$_callTestCase_closure1.call(CallTestCaseKeyword.groovy)
	at com.kms.katalon.core.keyword.internal.KeywordMain.runKeyword(KeywordMain.groovy:66)
	at com.kms.katalon.core.keyword.builtin.CallTestCaseKeyword.callTestCase(CallTestCaseKeyword.groovy:81)
	at com.kms.katalon.core.keyword.builtin.CallTestCaseKeyword.execute(CallTestCaseKeyword.groovy:44)
	at com.kms.katalon.core.keyword.internal.KeywordExecutor.executeKeywordForPlatform(KeywordExecutor.groovy:56)
	at com.kms.katalon.core.keyword.BuiltinKeywords.callTestCase(BuiltinKeywords.groovy:334)
	at Script1535542225183.run(Script1535542225183.groovy:22)
	... 13 more


2019-03-27 12:24:08 - [TEST_CASE][FAILED] - Test Cases/s-sidebar_navigation/individualAccount/Comment capture: Test Cases/s-sidebar_navigation/individualAccount/Comment capture FAILED.
Reason:
com.kms.katalon.core.exception.StepFailedException: Call Test Case 'Test Cases/s-sidebar_navigation/individualAccount/Login-KiboEngage' failed
	at com.kms.katalon.core.keyword.builtin.CallTestCaseKeyword$_callTestCase_closure1.doCall(CallTestCaseKeyword.groovy:63)
	at com.kms.katalon.core.keyword.builtin.CallTestCaseKeyword$_callTestCase_closure1.call(CallTestCaseKeyword.groovy)
	at com.kms.katalon.core.keyword.internal.KeywordMain.runKeyword(KeywordMain.groovy:66)
	at com.kms.katalon.core.keyword.builtin.CallTestCaseKeyword.callTestCase(CallTestCaseKeyword.groovy:81)
	at com.kms.katalon.core.keyword.builtin.CallTestCaseKeyword.execute(CallTestCaseKeyword.groovy:44)
	at com.kms.katalon.core.keyword.internal.KeywordExecutor.executeKeywordForPlatform(KeywordExecutor.groovy:56)
	at com.kms.katalon.core.keyword.BuiltinKeywords.callTestCase(BuiltinKeywords.groovy:334)
	at Comment capture.run(Comment capture:22)
	at com.kms.katalon.core.main.ScriptEngine.run(ScriptEngine.java:194)
	at com.kms.katalon.core.main.ScriptEngine.runScriptAsRawText(ScriptEngine.java:119)
	at com.kms.katalon.core.main.TestCaseExecutor.runScript(TestCaseExecutor.java:331)
	at com.kms.katalon.core.main.TestCaseExecutor.doExecute(TestCaseExecutor.java:322)
	at com.kms.katalon.core.main.TestCaseExecutor.processExecutionPhase(TestCaseExecutor.java:301)
	at com.kms.katalon.core.main.TestCaseExecutor.accessMainPhase(TestCaseExecutor.java:293)
	at com.kms.katalon.core.main.TestCaseExecutor.execute(TestCaseExecutor.java:227)
	at com.kms.katalon.core.main.TestCaseMain.runTestCase(TestCaseMain.java:114)
	at com.kms.katalon.core.keyword.builtin.CallTestCaseKeyword$_callTestCase_closure1.doCall(CallTestCaseKeyword.groovy:59)
	at com.kms.katalon.core.keyword.builtin.CallTestCaseKeyword$_callTestCase_closure1.call(CallTestCaseKeyword.groovy)
	at com.kms.katalon.core.keyword.internal.KeywordMain.runKeyword(KeywordMain.groovy:66)
	at com.kms.katalon.core.keyword.builtin.CallTestCaseKeyword.callTestCase(CallTestCaseKeyword.groovy:81)
	at com.kms.katalon.core.keyword.builtin.CallTestCaseKeyword.execute(CallTestCaseKeyword.groovy:44)
	at com.kms.katalon.core.keyword.internal.KeywordExecutor.executeKeywordForPlatform(KeywordExecutor.groovy:56)
	at com.kms.katalon.core.keyword.BuiltinKeywords.callTestCase(BuiltinKeywords.groovy:334)
	at TC0528.run(TC0528:22)
	at com.kms.katalon.core.main.ScriptEngine.run(ScriptEngine.java:194)
	at com.kms.katalon.core.main.ScriptEngine.runScriptAsRawText(ScriptEngine.java:119)
	at com.kms.katalon.core.main.TestCaseExecutor.runScript(TestCaseExecutor.java:331)
	at com.kms.katalon.core.main.TestCaseExecutor.doExecute(TestCaseExecutor.java:322)
	at com.kms.katalon.core.main.TestCaseExecutor.processExecutionPhase(TestCaseExecutor.java:301)
	at com.kms.katalon.core.main.TestCaseExecutor.accessMainPhase(TestCaseExecutor.java:293)
	at com.kms.katalon.core.main.TestCaseExecutor.execute(TestCaseExecutor.java:227)
	at com.kms.katalon.core.main.TestSuiteExecutor.accessTestCaseMainPhase(TestSuiteExecutor.java:129)
	at com.kms.katalon.core.main.TestSuiteExecutor.accessTestSuiteMainPhase(TestSuiteExecutor.java:112)
	at com.kms.katalon.core.main.TestSuiteExecutor.execute(TestSuiteExecutor.java:81)
	at com.kms.katalon.core.main.TestCaseMain.startTestSuite(TestCaseMain.java:157)
	at com.kms.katalon.core.main.TestCaseMain$startTestSuite$0.call(Unknown Source)
	at TempTestSuite1553670311511.run(TempTestSuite1553670311511.groovy:35)
Caused by: com.kms.katalon.core.exception.StepFailedException: Unable to click on object 'Object Repository/Page_KiboPush  Dashboard/h3_Dashboard (57)'
	at com.kms.katalon.core.webui.keyword.internal.WebUIKeywordMain.stepFailed(WebUIKeywordMain.groovy:64)
	at com.kms.katalon.core.webui.keyword.internal.WebUIKeywordMain.runKeyword(WebUIKeywordMain.groovy:26)
	at com.kms.katalon.core.webui.keyword.builtin.ClickKeyword.click(ClickKeyword.groovy:86)
	at com.kms.katalon.core.webui.keyword.builtin.ClickKeyword.execute(ClickKeyword.groovy:67)
	at com.kms.katalon.core.keyword.internal.KeywordExecutor.executeKeywordForPlatform(KeywordExecutor.groovy:56)
	at com.kms.katalon.core.webui.keyword.WebUiBuiltInKeywords.click(WebUiBuiltInKeywords.groovy:616)
	at com.kms.katalon.core.webui.keyword.WebUiBuiltInKeywords$click$2.call(Unknown Source)
	at Login-KiboEngage.run(Login-KiboEngage:40)
	at com.kms.katalon.core.main.ScriptEngine.run(ScriptEngine.java:194)
	at com.kms.katalon.core.main.ScriptEngine.runScriptAsRawText(ScriptEngine.java:119)
	at com.kms.katalon.core.main.TestCaseExecutor.runScript(TestCaseExecutor.java:331)
	at com.kms.katalon.core.main.TestCaseExecutor.doExecute(TestCaseExecutor.java:322)
	at com.kms.katalon.core.main.TestCaseExecutor.processExecutionPhase(TestCaseExecutor.java:301)
	at com.kms.katalon.core.main.TestCaseExecutor.accessMainPhase(TestCaseExecutor.java:293)
	at com.kms.katalon.core.main.TestCaseExecutor.execute(TestCaseExecutor.java:227)
	at com.kms.katalon.core.main.TestCaseMain.runTestCase(TestCaseMain.java:114)
	at com.kms.katalon.core.keyword.builtin.CallTestCaseKeyword$_callTestCase_closure1.doCall(CallTestCaseKeyword.groovy:59)
	... 36 more
Caused by: com.kms.katalon.core.webui.exception.WebElementNotFoundException: Web element with id: 'Object Repository/Page_KiboPush  Dashboard/h3_Dashboard (57)' located by 'By.xpath: //h3[(text() = 'Dashboard' or . = 'Dashboard')]' not found
	at com.kms.katalon.core.webui.common.WebUiCommonHelper.findWebElement(WebUiCommonHelper.java:1053)
	at com.kms.katalon.core.webui.keyword.internal.WebUIAbstractKeyword.findWebElement(WebUIAbstractKeyword.groovy:27)
	at com.kms.katalon.core.webui.keyword.internal.WebUIAbstractKeyword.findWebElement(WebUIAbstractKeyword.groovy:26)
	at com.kms.katalon.core.webui.keyword.builtin.ClickKeyword$_click_closure1.doCall(ClickKeyword.groovy:77)
	at com.kms.katalon.core.webui.keyword.builtin.ClickKeyword$_click_closure1.call(ClickKeyword.groovy)
	at com.kms.katalon.core.webui.keyword.internal.WebUIKeywordMain.runKeyword(WebUIKeywordMain.groovy:20)
	at com.kms.katalon.core.webui.keyword.builtin.ClickKeyword.click(ClickKeyword.groovy:86)
	at com.kms.katalon.core.webui.keyword.builtin.ClickKeyword.execute(ClickKeyword.groovy:67)
	at com.kms.katalon.core.keyword.internal.KeywordExecutor.executeKeywordForPlatform(KeywordExecutor.groovy:56)
	at com.kms.katalon.core.webui.keyword.WebUiBuiltInKeywords.click(WebUiBuiltInKeywords.groovy:616)
	at com.kms.katalon.core.webui.keyword.WebUiBuiltInKeywords$click$2.call(Unknown Source)
	at Script1542870641933.run(Script1542870641933.groovy:40)
	at com.kms.katalon.core.main.ScriptEngine.run(ScriptEngine.java:194)
	at com.kms.katalon.core.main.ScriptEngine.runScriptAsRawText(ScriptEngine.java:119)
	at com.kms.katalon.core.main.TestCaseExecutor.runScript(TestCaseExecutor.java:331)
	at com.kms.katalon.core.main.TestCaseExecutor.doExecute(TestCaseExecutor.java:322)
	at com.kms.katalon.core.main.TestCaseExecutor.processExecutionPhase(TestCaseExecutor.java:301)
	at com.kms.katalon.core.main.TestCaseExecutor.accessMainPhase(TestCaseExecutor.java:293)
	at com.kms.katalon.core.main.TestCaseExecutor.execute(TestCaseExecutor.java:227)
	at com.kms.katalon.core.main.TestCaseMain.runTestCase(TestCaseMain.java:114)
	at com.kms.katalon.core.keyword.builtin.CallTestCaseKeyword$_callTestCase_closure1.doCall(CallTestCaseKeyword.groovy:59)
	at com.kms.katalon.core.keyword.builtin.CallTestCaseKeyword$_callTestCase_closure1.call(CallTestCaseKeyword.groovy)
	at com.kms.katalon.core.keyword.internal.KeywordMain.runKeyword(KeywordMain.groovy:66)
	at com.kms.katalon.core.keyword.builtin.CallTestCaseKeyword.callTestCase(CallTestCaseKeyword.groovy:81)
	at com.kms.katalon.core.keyword.builtin.CallTestCaseKeyword.execute(CallTestCaseKeyword.groovy:44)
	at com.kms.katalon.core.keyword.internal.KeywordExecutor.executeKeywordForPlatform(KeywordExecutor.groovy:56)
	at com.kms.katalon.core.keyword.BuiltinKeywords.callTestCase(BuiltinKeywords.groovy:334)
	at Script1537021633628.run(Script1537021633628.groovy:22)
	at com.kms.katalon.core.main.ScriptEngine.run(ScriptEngine.java:194)
	at com.kms.katalon.core.main.ScriptEngine.runScriptAsRawText(ScriptEngine.java:119)
	at com.kms.katalon.core.main.TestCaseExecutor.runScript(TestCaseExecutor.java:331)
	at com.kms.katalon.core.main.TestCaseExecutor.doExecute(TestCaseExecutor.java:322)
	at com.kms.katalon.core.main.TestCaseExecutor.processExecutionPhase(TestCaseExecutor.java:301)
	at com.kms.katalon.core.main.TestCaseExecutor.accessMainPhase(TestCaseExecutor.java:293)
	at com.kms.katalon.core.main.TestCaseExecutor.execute(TestCaseExecutor.java:227)
	at com.kms.katalon.core.main.TestCaseMain.runTestCase(TestCaseMain.java:114)
	at com.kms.katalon.core.keyword.builtin.CallTestCaseKeyword$_callTestCase_closure1.doCall(CallTestCaseKeyword.groovy:59)
	at com.kms.katalon.core.keyword.builtin.CallTestCaseKeyword$_callTestCase_closure1.call(CallTestCaseKeyword.groovy)
	at com.kms.katalon.core.keyword.internal.KeywordMain.runKeyword(KeywordMain.groovy:66)
	at com.kms.katalon.core.keyword.builtin.CallTestCaseKeyword.callTestCase(CallTestCaseKeyword.groovy:81)
	at com.kms.katalon.core.keyword.builtin.CallTestCaseKeyword.execute(CallTestCaseKeyword.groovy:44)
	at com.kms.katalon.core.keyword.internal.KeywordExecutor.executeKeywordForPlatform(KeywordExecutor.groovy:56)
	at com.kms.katalon.core.keyword.BuiltinKeywords.callTestCase(BuiltinKeywords.groovy:334)
	at Script1535542225183.run(Script1535542225183.groovy:22)
	... 13 more


2019-03-27 12:24:08 - [TEST_STEP][FAILED] - callTestCase(findTestCase("s-sidebar_navigation/individualAccount/Login-KiboEngage"), [:], STOP_ON_FAILURE): callTestCase(findTestCase("s-sidebar_navigation/individualAccount/Login-KiboEngage"), [:], STOP_ON_FAILURE) FAILED.
Reason:
com.kms.katalon.core.exception.StepFailedException: Call Test Case 'Test Cases/s-sidebar_navigation/individualAccount/Login-KiboEngage' failed
	at com.kms.katalon.core.keyword.builtin.CallTestCaseKeyword$_callTestCase_closure1.doCall(CallTestCaseKeyword.groovy:63)
	at com.kms.katalon.core.keyword.builtin.CallTestCaseKeyword$_callTestCase_closure1.call(CallTestCaseKeyword.groovy)
	at com.kms.katalon.core.keyword.internal.KeywordMain.runKeyword(KeywordMain.groovy:66)
	at com.kms.katalon.core.keyword.builtin.CallTestCaseKeyword.callTestCase(CallTestCaseKeyword.groovy:81)
	at com.kms.katalon.core.keyword.builtin.CallTestCaseKeyword.execute(CallTestCaseKeyword.groovy:44)
	at com.kms.katalon.core.keyword.internal.KeywordExecutor.executeKeywordForPlatform(KeywordExecutor.groovy:56)
	at com.kms.katalon.core.keyword.BuiltinKeywords.callTestCase(BuiltinKeywords.groovy:334)
	at Comment capture.run(Comment capture:22)
	at com.kms.katalon.core.main.ScriptEngine.run(ScriptEngine.java:194)
	at com.kms.katalon.core.main.ScriptEngine.runScriptAsRawText(ScriptEngine.java:119)
	at com.kms.katalon.core.main.TestCaseExecutor.runScript(TestCaseExecutor.java:331)
	at com.kms.katalon.core.main.TestCaseExecutor.doExecute(TestCaseExecutor.java:322)
	at com.kms.katalon.core.main.TestCaseExecutor.processExecutionPhase(TestCaseExecutor.java:301)
	at com.kms.katalon.core.main.TestCaseExecutor.accessMainPhase(TestCaseExecutor.java:293)
	at com.kms.katalon.core.main.TestCaseExecutor.execute(TestCaseExecutor.java:227)
	at com.kms.katalon.core.main.TestCaseMain.runTestCase(TestCaseMain.java:114)
	at com.kms.katalon.core.keyword.builtin.CallTestCaseKeyword$_callTestCase_closure1.doCall(CallTestCaseKeyword.groovy:59)
	at com.kms.katalon.core.keyword.builtin.CallTestCaseKeyword$_callTestCase_closure1.call(CallTestCaseKeyword.groovy)
	at com.kms.katalon.core.keyword.internal.KeywordMain.runKeyword(KeywordMain.groovy:66)
	at com.kms.katalon.core.keyword.builtin.CallTestCaseKeyword.callTestCase(CallTestCaseKeyword.groovy:81)
	at com.kms.katalon.core.keyword.builtin.CallTestCaseKeyword.execute(CallTestCaseKeyword.groovy:44)
	at com.kms.katalon.core.keyword.internal.KeywordExecutor.executeKeywordForPlatform(KeywordExecutor.groovy:56)
	at com.kms.katalon.core.keyword.BuiltinKeywords.callTestCase(BuiltinKeywords.groovy:334)
	at TC0528.run(TC0528:22)
	at com.kms.katalon.core.main.ScriptEngine.run(ScriptEngine.java:194)
	at com.kms.katalon.core.main.ScriptEngine.runScriptAsRawText(ScriptEngine.java:119)
	at com.kms.katalon.core.main.TestCaseExecutor.runScript(TestCaseExecutor.java:331)
	at com.kms.katalon.core.main.TestCaseExecutor.doExecute(TestCaseExecutor.java:322)
	at com.kms.katalon.core.main.TestCaseExecutor.processExecutionPhase(TestCaseExecutor.java:301)
	at com.kms.katalon.core.main.TestCaseExecutor.accessMainPhase(TestCaseExecutor.java:293)
	at com.kms.katalon.core.main.TestCaseExecutor.execute(TestCaseExecutor.java:227)
	at com.kms.katalon.core.main.TestSuiteExecutor.accessTestCaseMainPhase(TestSuiteExecutor.java:129)
	at com.kms.katalon.core.main.TestSuiteExecutor.accessTestSuiteMainPhase(TestSuiteExecutor.java:112)
	at com.kms.katalon.core.main.TestSuiteExecutor.execute(TestSuiteExecutor.java:81)
	at com.kms.katalon.core.main.TestCaseMain.startTestSuite(TestCaseMain.java:157)
	at com.kms.katalon.core.main.TestCaseMain$startTestSuite$0.call(Unknown Source)
	at TempTestSuite1553670311511.run(TempTestSuite1553670311511.groovy:35)
Caused by: com.kms.katalon.core.exception.StepFailedException: Unable to click on object 'Object Repository/Page_KiboPush  Dashboard/h3_Dashboard (57)'
	at com.kms.katalon.core.webui.keyword.internal.WebUIKeywordMain.stepFailed(WebUIKeywordMain.groovy:64)
	at com.kms.katalon.core.webui.keyword.internal.WebUIKeywordMain.runKeyword(WebUIKeywordMain.groovy:26)
	at com.kms.katalon.core.webui.keyword.builtin.ClickKeyword.click(ClickKeyword.groovy:86)
	at com.kms.katalon.core.webui.keyword.builtin.ClickKeyword.execute(ClickKeyword.groovy:67)
	at com.kms.katalon.core.keyword.internal.KeywordExecutor.executeKeywordForPlatform(KeywordExecutor.groovy:56)
	at com.kms.katalon.core.webui.keyword.WebUiBuiltInKeywords.click(WebUiBuiltInKeywords.groovy:616)
	at com.kms.katalon.core.webui.keyword.WebUiBuiltInKeywords$click$2.call(Unknown Source)
	at Login-KiboEngage.run(Login-KiboEngage:40)
	at com.kms.katalon.core.main.ScriptEngine.run(ScriptEngine.java:194)
	at com.kms.katalon.core.main.ScriptEngine.runScriptAsRawText(ScriptEngine.java:119)
	at com.kms.katalon.core.main.TestCaseExecutor.runScript(TestCaseExecutor.java:331)
	at com.kms.katalon.core.main.TestCaseExecutor.doExecute(TestCaseExecutor.java:322)
	at com.kms.katalon.core.main.TestCaseExecutor.processExecutionPhase(TestCaseExecutor.java:301)
	at com.kms.katalon.core.main.TestCaseExecutor.accessMainPhase(TestCaseExecutor.java:293)
	at com.kms.katalon.core.main.TestCaseExecutor.execute(TestCaseExecutor.java:227)
	at com.kms.katalon.core.main.TestCaseMain.runTestCase(TestCaseMain.java:114)
	at com.kms.katalon.core.keyword.builtin.CallTestCaseKeyword$_callTestCase_closure1.doCall(CallTestCaseKeyword.groovy:59)
	... 36 more
Caused by: com.kms.katalon.core.webui.exception.WebElementNotFoundException: Web element with id: 'Object Repository/Page_KiboPush  Dashboard/h3_Dashboard (57)' located by 'By.xpath: //h3[(text() = 'Dashboard' or . = 'Dashboard')]' not found
	at com.kms.katalon.core.webui.common.WebUiCommonHelper.findWebElement(WebUiCommonHelper.java:1053)
	at com.kms.katalon.core.webui.keyword.internal.WebUIAbstractKeyword.findWebElement(WebUIAbstractKeyword.groovy:27)
	at com.kms.katalon.core.webui.keyword.internal.WebUIAbstractKeyword.findWebElement(WebUIAbstractKeyword.groovy:26)
	at com.kms.katalon.core.webui.keyword.builtin.ClickKeyword$_click_closure1.doCall(ClickKeyword.groovy:77)
	at com.kms.katalon.core.webui.keyword.builtin.ClickKeyword$_click_closure1.call(ClickKeyword.groovy)
	at com.kms.katalon.core.webui.keyword.internal.WebUIKeywordMain.runKeyword(WebUIKeywordMain.groovy:20)
	at com.kms.katalon.core.webui.keyword.builtin.ClickKeyword.click(ClickKeyword.groovy:86)
	at com.kms.katalon.core.webui.keyword.builtin.ClickKeyword.execute(ClickKeyword.groovy:67)
	at com.kms.katalon.core.keyword.internal.KeywordExecutor.executeKeywordForPlatform(KeywordExecutor.groovy:56)
	at com.kms.katalon.core.webui.keyword.WebUiBuiltInKeywords.click(WebUiBuiltInKeywords.groovy:616)
	at com.kms.katalon.core.webui.keyword.WebUiBuiltInKeywords$click$2.call(Unknown Source)
	at Script1542870641933.run(Script1542870641933.groovy:40)
	at com.kms.katalon.core.main.ScriptEngine.run(ScriptEngine.java:194)
	at com.kms.katalon.core.main.ScriptEngine.runScriptAsRawText(ScriptEngine.java:119)
	at com.kms.katalon.core.main.TestCaseExecutor.runScript(TestCaseExecutor.java:331)
	at com.kms.katalon.core.main.TestCaseExecutor.doExecute(TestCaseExecutor.java:322)
	at com.kms.katalon.core.main.TestCaseExecutor.processExecutionPhase(TestCaseExecutor.java:301)
	at com.kms.katalon.core.main.TestCaseExecutor.accessMainPhase(TestCaseExecutor.java:293)
	at com.kms.katalon.core.main.TestCaseExecutor.execute(TestCaseExecutor.java:227)
	at com.kms.katalon.core.main.TestCaseMain.runTestCase(TestCaseMain.java:114)
	at com.kms.katalon.core.keyword.builtin.CallTestCaseKeyword$_callTestCase_closure1.doCall(CallTestCaseKeyword.groovy:59)
	at com.kms.katalon.core.keyword.builtin.CallTestCaseKeyword$_callTestCase_closure1.call(CallTestCaseKeyword.groovy)
	at com.kms.katalon.core.keyword.internal.KeywordMain.runKeyword(KeywordMain.groovy:66)
	at com.kms.katalon.core.keyword.builtin.CallTestCaseKeyword.callTestCase(CallTestCaseKeyword.groovy:81)
	at com.kms.katalon.core.keyword.builtin.CallTestCaseKeyword.execute(CallTestCaseKeyword.groovy:44)
	at com.kms.katalon.core.keyword.internal.KeywordExecutor.executeKeywordForPlatform(KeywordExecutor.groovy:56)
	at com.kms.katalon.core.keyword.BuiltinKeywords.callTestCase(BuiltinKeywords.groovy:334)
	at Script1537021633628.run(Script1537021633628.groovy:22)
	at com.kms.katalon.core.main.ScriptEngine.run(ScriptEngine.java:194)
	at com.kms.katalon.core.main.ScriptEngine.runScriptAsRawText(ScriptEngine.java:119)
	at com.kms.katalon.core.main.TestCaseExecutor.runScript(TestCaseExecutor.java:331)
	at com.kms.katalon.core.main.TestCaseExecutor.doExecute(TestCaseExecutor.java:322)
	at com.kms.katalon.core.main.TestCaseExecutor.processExecutionPhase(TestCaseExecutor.java:301)
	at com.kms.katalon.core.main.TestCaseExecutor.accessMainPhase(TestCaseExecutor.java:293)
	at com.kms.katalon.core.main.TestCaseExecutor.execute(TestCaseExecutor.java:227)
	at com.kms.katalon.core.main.TestCaseMain.runTestCase(TestCaseMain.java:114)
	at com.kms.katalon.core.keyword.builtin.CallTestCaseKeyword$_callTestCase_closure1.doCall(CallTestCaseKeyword.groovy:59)
	at com.kms.katalon.core.keyword.builtin.CallTestCaseKeyword$_callTestCase_closure1.call(CallTestCaseKeyword.groovy)
	at com.kms.katalon.core.keyword.internal.KeywordMain.runKeyword(KeywordMain.groovy:66)
	at com.kms.katalon.core.keyword.builtin.CallTestCaseKeyword.callTestCase(CallTestCaseKeyword.groovy:81)
	at com.kms.katalon.core.keyword.builtin.CallTestCaseKeyword.execute(CallTestCaseKeyword.groovy:44)
	at com.kms.katalon.core.keyword.internal.KeywordExecutor.executeKeywordForPlatform(KeywordExecutor.groovy:56)
	at com.kms.katalon.core.keyword.BuiltinKeywords.callTestCase(BuiltinKeywords.groovy:334)
	at Script1535542225183.run(Script1535542225183.groovy:22)
	... 13 more


2019-03-27 12:24:08 - [TEST_CASE][FAILED] - Test Cases/s-sidebar_navigation/individualAccount/Login-KiboEngage: Test Cases/s-sidebar_navigation/individualAccount/Login-KiboEngage FAILED.
Reason:
com.kms.katalon.core.exception.StepFailedException: Unable to click on object 'Object Repository/Page_KiboPush  Dashboard/h3_Dashboard (57)'
	at com.kms.katalon.core.webui.keyword.internal.WebUIKeywordMain.stepFailed(WebUIKeywordMain.groovy:64)
	at com.kms.katalon.core.webui.keyword.internal.WebUIKeywordMain.runKeyword(WebUIKeywordMain.groovy:26)
	at com.kms.katalon.core.webui.keyword.builtin.ClickKeyword.click(ClickKeyword.groovy:86)
	at com.kms.katalon.core.webui.keyword.builtin.ClickKeyword.execute(ClickKeyword.groovy:67)
	at com.kms.katalon.core.keyword.internal.KeywordExecutor.executeKeywordForPlatform(KeywordExecutor.groovy:56)
	at com.kms.katalon.core.webui.keyword.WebUiBuiltInKeywords.click(WebUiBuiltInKeywords.groovy:616)
	at com.kms.katalon.core.webui.keyword.WebUiBuiltInKeywords$click$2.call(Unknown Source)
	at Login-KiboEngage.run(Login-KiboEngage:40)
	at com.kms.katalon.core.main.ScriptEngine.run(ScriptEngine.java:194)
	at com.kms.katalon.core.main.ScriptEngine.runScriptAsRawText(ScriptEngine.java:119)
	at com.kms.katalon.core.main.TestCaseExecutor.runScript(TestCaseExecutor.java:331)
	at com.kms.katalon.core.main.TestCaseExecutor.doExecute(TestCaseExecutor.java:322)
	at com.kms.katalon.core.main.TestCaseExecutor.processExecutionPhase(TestCaseExecutor.java:301)
	at com.kms.katalon.core.main.TestCaseExecutor.accessMainPhase(TestCaseExecutor.java:293)
	at com.kms.katalon.core.main.TestCaseExecutor.execute(TestCaseExecutor.java:227)
	at com.kms.katalon.core.main.TestCaseMain.runTestCase(TestCaseMain.java:114)
	at com.kms.katalon.core.keyword.builtin.CallTestCaseKeyword$_callTestCase_closure1.doCall(CallTestCaseKeyword.groovy:59)
	at com.kms.katalon.core.keyword.builtin.CallTestCaseKeyword$_callTestCase_closure1.call(CallTestCaseKeyword.groovy)
	at com.kms.katalon.core.keyword.internal.KeywordMain.runKeyword(KeywordMain.groovy:66)
	at com.kms.katalon.core.keyword.builtin.CallTestCaseKeyword.callTestCase(CallTestCaseKeyword.groovy:81)
	at com.kms.katalon.core.keyword.builtin.CallTestCaseKeyword.execute(CallTestCaseKeyword.groovy:44)
	at com.kms.katalon.core.keyword.internal.KeywordExecutor.executeKeywordForPlatform(KeywordExecutor.groovy:56)
	at com.kms.katalon.core.keyword.BuiltinKeywords.callTestCase(BuiltinKeywords.groovy:334)
	at Comment capture.run(Comment capture:22)
	at com.kms.katalon.core.main.ScriptEngine.run(ScriptEngine.java:194)
	at com.kms.katalon.core.main.ScriptEngine.runScriptAsRawText(ScriptEngine.java:119)
	at com.kms.katalon.core.main.TestCaseExecutor.runScript(TestCaseExecutor.java:331)
	at com.kms.katalon.core.main.TestCaseExecutor.doExecute(TestCaseExecutor.java:322)
	at com.kms.katalon.core.main.TestCaseExecutor.processExecutionPhase(TestCaseExecutor.java:301)
	at com.kms.katalon.core.main.TestCaseExecutor.accessMainPhase(TestCaseExecutor.java:293)
	at com.kms.katalon.core.main.TestCaseExecutor.execute(TestCaseExecutor.java:227)
	at com.kms.katalon.core.main.TestCaseMain.runTestCase(TestCaseMain.java:114)
	at com.kms.katalon.core.keyword.builtin.CallTestCaseKeyword$_callTestCase_closure1.doCall(CallTestCaseKeyword.groovy:59)
	at com.kms.katalon.core.keyword.builtin.CallTestCaseKeyword$_callTestCase_closure1.call(CallTestCaseKeyword.groovy)
	at com.kms.katalon.core.keyword.internal.KeywordMain.runKeyword(KeywordMain.groovy:66)
	at com.kms.katalon.core.keyword.builtin.CallTestCaseKeyword.callTestCase(CallTestCaseKeyword.groovy:81)
	at com.kms.katalon.core.keyword.builtin.CallTestCaseKeyword.execute(CallTestCaseKeyword.groovy:44)
	at com.kms.katalon.core.keyword.internal.KeywordExecutor.executeKeywordForPlatform(KeywordExecutor.groovy:56)
	at com.kms.katalon.core.keyword.BuiltinKeywords.callTestCase(BuiltinKeywords.groovy:334)
	at TC0528.run(TC0528:22)
	at com.kms.katalon.core.main.ScriptEngine.run(ScriptEngine.java:194)
	at com.kms.katalon.core.main.ScriptEngine.runScriptAsRawText(ScriptEngine.java:119)
	at com.kms.katalon.core.main.TestCaseExecutor.runScript(TestCaseExecutor.java:331)
	at com.kms.katalon.core.main.TestCaseExecutor.doExecute(TestCaseExecutor.java:322)
	at com.kms.katalon.core.main.TestCaseExecutor.processExecutionPhase(TestCaseExecutor.java:301)
	at com.kms.katalon.core.main.TestCaseExecutor.accessMainPhase(TestCaseExecutor.java:293)
	at com.kms.katalon.core.main.TestCaseExecutor.execute(TestCaseExecutor.java:227)
	at com.kms.katalon.core.main.TestSuiteExecutor.accessTestCaseMainPhase(TestSuiteExecutor.java:129)
	at com.kms.katalon.core.main.TestSuiteExecutor.accessTestSuiteMainPhase(TestSuiteExecutor.java:112)
	at com.kms.katalon.core.main.TestSuiteExecutor.execute(TestSuiteExecutor.java:81)
	at com.kms.katalon.core.main.TestCaseMain.startTestSuite(TestCaseMain.java:157)
	at com.kms.katalon.core.main.TestCaseMain$startTestSuite$0.call(Unknown Source)
	at TempTestSuite1553670311511.run(TempTestSuite1553670311511.groovy:35)
Caused by: com.kms.katalon.core.webui.exception.WebElementNotFoundException: Web element with id: 'Object Repository/Page_KiboPush  Dashboard/h3_Dashboard (57)' located by 'By.xpath: //h3[(text() = 'Dashboard' or . = 'Dashboard')]' not found
	at com.kms.katalon.core.webui.common.WebUiCommonHelper.findWebElement(WebUiCommonHelper.java:1053)
	at com.kms.katalon.core.webui.keyword.internal.WebUIAbstractKeyword.findWebElement(WebUIAbstractKeyword.groovy:27)
	at com.kms.katalon.core.webui.keyword.internal.WebUIAbstractKeyword.findWebElement(WebUIAbstractKeyword.groovy:26)
	at com.kms.katalon.core.webui.keyword.builtin.ClickKeyword$_click_closure1.doCall(ClickKeyword.groovy:77)
	at com.kms.katalon.core.webui.keyword.builtin.ClickKeyword$_click_closure1.call(ClickKeyword.groovy)
	at com.kms.katalon.core.webui.keyword.internal.WebUIKeywordMain.runKeyword(WebUIKeywordMain.groovy:20)
	at com.kms.katalon.core.webui.keyword.builtin.ClickKeyword.click(ClickKeyword.groovy:86)
	at com.kms.katalon.core.webui.keyword.builtin.ClickKeyword.execute(ClickKeyword.groovy:67)
	at com.kms.katalon.core.keyword.internal.KeywordExecutor.executeKeywordForPlatform(KeywordExecutor.groovy:56)
	at com.kms.katalon.core.webui.keyword.WebUiBuiltInKeywords.click(WebUiBuiltInKeywords.groovy:616)
	at com.kms.katalon.core.webui.keyword.WebUiBuiltInKeywords$click$2.call(Unknown Source)
	at Script1542870641933.run(Script1542870641933.groovy:40)
	at com.kms.katalon.core.main.ScriptEngine.run(ScriptEngine.java:194)
	at com.kms.katalon.core.main.ScriptEngine.runScriptAsRawText(ScriptEngine.java:119)
	at com.kms.katalon.core.main.TestCaseExecutor.runScript(TestCaseExecutor.java:331)
	at com.kms.katalon.core.main.TestCaseExecutor.doExecute(TestCaseExecutor.java:322)
	at com.kms.katalon.core.main.TestCaseExecutor.processExecutionPhase(TestCaseExecutor.java:301)
	at com.kms.katalon.core.main.TestCaseExecutor.accessMainPhase(TestCaseExecutor.java:293)
	at com.kms.katalon.core.main.TestCaseExecutor.execute(TestCaseExecutor.java:227)
	at com.kms.katalon.core.main.TestCaseMain.runTestCase(TestCaseMain.java:114)
	at com.kms.katalon.core.keyword.builtin.CallTestCaseKeyword$_callTestCase_closure1.doCall(CallTestCaseKeyword.groovy:59)
	at com.kms.katalon.core.keyword.builtin.CallTestCaseKeyword$_callTestCase_closure1.call(CallTestCaseKeyword.groovy)
	at com.kms.katalon.core.keyword.internal.KeywordMain.runKeyword(KeywordMain.groovy:66)
	at com.kms.katalon.core.keyword.builtin.CallTestCaseKeyword.callTestCase(CallTestCaseKeyword.groovy:81)
	at com.kms.katalon.core.keyword.builtin.CallTestCaseKeyword.execute(CallTestCaseKeyword.groovy:44)
	at com.kms.katalon.core.keyword.internal.KeywordExecutor.executeKeywordForPlatform(KeywordExecutor.groovy:56)
	at com.kms.katalon.core.keyword.BuiltinKeywords.callTestCase(BuiltinKeywords.groovy:334)
	at Script1537021633628.run(Script1537021633628.groovy:22)
	at com.kms.katalon.core.main.ScriptEngine.run(ScriptEngine.java:194)
	at com.kms.katalon.core.main.ScriptEngine.runScriptAsRawText(ScriptEngine.java:119)
	at com.kms.katalon.core.main.TestCaseExecutor.runScript(TestCaseExecutor.java:331)
	at com.kms.katalon.core.main.TestCaseExecutor.doExecute(TestCaseExecutor.java:322)
	at com.kms.katalon.core.main.TestCaseExecutor.processExecutionPhase(TestCaseExecutor.java:301)
	at com.kms.katalon.core.main.TestCaseExecutor.accessMainPhase(TestCaseExecutor.java:293)
	at com.kms.katalon.core.main.TestCaseExecutor.execute(TestCaseExecutor.java:227)
	at com.kms.katalon.core.main.TestCaseMain.runTestCase(TestCaseMain.java:114)
	at com.kms.katalon.core.keyword.builtin.CallTestCaseKeyword$_callTestCase_closure1.doCall(CallTestCaseKeyword.groovy:59)
	at com.kms.katalon.core.keyword.builtin.CallTestCaseKeyword$_callTestCase_closure1.call(CallTestCaseKeyword.groovy)
	at com.kms.katalon.core.keyword.internal.KeywordMain.runKeyword(KeywordMain.groovy:66)
	at com.kms.katalon.core.keyword.builtin.CallTestCaseKeyword.callTestCase(CallTestCaseKeyword.groovy:81)
	at com.kms.katalon.core.keyword.builtin.CallTestCaseKeyword.execute(CallTestCaseKeyword.groovy:44)
	at com.kms.katalon.core.keyword.internal.KeywordExecutor.executeKeywordForPlatform(KeywordExecutor.groovy:56)
	at com.kms.katalon.core.keyword.BuiltinKeywords.callTestCase(BuiltinKeywords.groovy:334)
	at Script1535542225183.run(Script1535542225183.groovy:22)
	... 13 more


2019-03-27 12:24:08 - [TEST_STEP][PASSED] - openBrowser(""): Browser is opened with url: ''

2019-03-27 12:24:08 - [MESSAGE][WARNING] - A browser is already opened. Closing browser and opening a new one

2019-03-27 12:24:08 - [MESSAGE][INFO] - Starting 'Chrome' driver

2019-03-27 12:24:09 - [MESSAGE][PASSED] - Browser is opened with url: ''

2019-03-27 12:24:09 - [TEST_STEP][PASSED] - maximizeWindow(): Current window maximized

2019-03-27 12:24:09 - [MESSAGE][PASSED] - Current window maximized

2019-03-27 12:24:09 - [TEST_STEP][PASSED] - navigateToUrl("https://kiboengage.cloudkibo.com/"): Navigate to 'https://kiboengage.cloudkibo.com/' successfully

2019-03-27 12:24:35 - [MESSAGE][PASSED] - Navigate to 'https://kiboengage.cloudkibo.com/' successfully

2019-03-27 12:24:35 - [TEST_STEP][PASSED] - navigateToUrl("https://accounts.cloudkibo.com/?continue=https://kiboengage.cloudkibo.com"): Navigate to 'https://accounts.cloudkibo.com/?continue=https://kiboengage.cloudkibo.com' successfully

2019-03-27 12:24:36 - [MESSAGE][PASSED] - Navigate to 'https://accounts.cloudkibo.com/?continue=https://kiboengage.cloudkibo.com' successfully

2019-03-27 12:24:36 - [TEST_STEP][PASSED] - click(findTestObject("Page_KiboPush/a_Login (9) (1)")): Object: 'Object Repository/Page_KiboPush/a_Login (9) (1)' is clicked on

2019-03-27 12:24:37 - [MESSAGE][PASSED] - Object: 'Object Repository/Page_KiboPush/a_Login (9) (1)' is clicked on

2019-03-27 12:24:37 - [TEST_STEP][PASSED] - setText(findTestObject("Page_KiboPush/input_email (10) (1)"), "individual@cloudkibo.com"): Text 'individual@cloudkibo.com' is set on object 'Object Repository/Page_KiboPush/input_email (10) (1)'

2019-03-27 12:24:37 - [MESSAGE][PASSED] - Text 'individual@cloudkibo.com' is set on object 'Object Repository/Page_KiboPush/input_email (10) (1)'

2019-03-27 12:24:37 - [TEST_STEP][PASSED] - setEncryptedText(findTestObject("Page_KiboPush/input_password (9) (1)"), "RigbBhfdqOBGNlJIWM1ClA=="): Text ****** has been set on object 'Object Repository/Page_KiboPush/input_password (9) (1)'

2019-03-27 12:24:37 - [MESSAGE][PASSED] - Text ****** has been set on object 'Object Repository/Page_KiboPush/input_password (9) (1)'

2019-03-27 12:24:37 - [TEST_STEP][PASSED] - click(findTestObject("Page_KiboPush/button_Sign In (10) (1)")): Object: 'Object Repository/Page_KiboPush/button_Sign In (10) (1)' is clicked on

2019-03-27 12:24:37 - [MESSAGE][PASSED] - Object: 'Object Repository/Page_KiboPush/button_Sign In (10) (1)' is clicked on

2019-03-27 12:24:37 - [TEST_STEP][PASSED] - navigateToUrl("https://kiboengage.cloudkibo.com/dashboard"): Navigate to 'https://kiboengage.cloudkibo.com/dashboard' successfully

2019-03-27 12:24:58 - [MESSAGE][PASSED] - Navigate to 'https://kiboengage.cloudkibo.com/dashboard' successfully

2019-03-27 12:24:58 - [TEST_STEP][FAILED] - click(findTestObject("Object Repository/Page_KiboPush  Dashboard/h3_Dashboard (57)")): click(findTestObject("Object Repository/Page_KiboPush  Dashboard/h3_Dashboard (57)")) FAILED.
Reason:
com.kms.katalon.core.exception.StepFailedException: Unable to click on object 'Object Repository/Page_KiboPush  Dashboard/h3_Dashboard (57)'
	at com.kms.katalon.core.webui.keyword.internal.WebUIKeywordMain.stepFailed(WebUIKeywordMain.groovy:64)
	at com.kms.katalon.core.webui.keyword.internal.WebUIKeywordMain.runKeyword(WebUIKeywordMain.groovy:26)
	at com.kms.katalon.core.webui.keyword.builtin.ClickKeyword.click(ClickKeyword.groovy:86)
	at com.kms.katalon.core.webui.keyword.builtin.ClickKeyword.execute(ClickKeyword.groovy:67)
	at com.kms.katalon.core.keyword.internal.KeywordExecutor.executeKeywordForPlatform(KeywordExecutor.groovy:56)
	at com.kms.katalon.core.webui.keyword.WebUiBuiltInKeywords.click(WebUiBuiltInKeywords.groovy:616)
	at com.kms.katalon.core.webui.keyword.WebUiBuiltInKeywords$click$2.call(Unknown Source)
	at Login-KiboEngage.run(Login-KiboEngage:40)
	at com.kms.katalon.core.main.ScriptEngine.run(ScriptEngine.java:194)
	at com.kms.katalon.core.main.ScriptEngine.runScriptAsRawText(ScriptEngine.java:119)
	at com.kms.katalon.core.main.TestCaseExecutor.runScript(TestCaseExecutor.java:331)
	at com.kms.katalon.core.main.TestCaseExecutor.doExecute(TestCaseExecutor.java:322)
	at com.kms.katalon.core.main.TestCaseExecutor.processExecutionPhase(TestCaseExecutor.java:301)
	at com.kms.katalon.core.main.TestCaseExecutor.accessMainPhase(TestCaseExecutor.java:293)
	at com.kms.katalon.core.main.TestCaseExecutor.execute(TestCaseExecutor.java:227)
	at com.kms.katalon.core.main.TestCaseMain.runTestCase(TestCaseMain.java:114)
	at com.kms.katalon.core.keyword.builtin.CallTestCaseKeyword$_callTestCase_closure1.doCall(CallTestCaseKeyword.groovy:59)
	at com.kms.katalon.core.keyword.builtin.CallTestCaseKeyword$_callTestCase_closure1.call(CallTestCaseKeyword.groovy)
	at com.kms.katalon.core.keyword.internal.KeywordMain.runKeyword(KeywordMain.groovy:66)
	at com.kms.katalon.core.keyword.builtin.CallTestCaseKeyword.callTestCase(CallTestCaseKeyword.groovy:81)
	at com.kms.katalon.core.keyword.builtin.CallTestCaseKeyword.execute(CallTestCaseKeyword.groovy:44)
	at com.kms.katalon.core.keyword.internal.KeywordExecutor.executeKeywordForPlatform(KeywordExecutor.groovy:56)
	at com.kms.katalon.core.keyword.BuiltinKeywords.callTestCase(BuiltinKeywords.groovy:334)
	at Comment capture.run(Comment capture:22)
	at com.kms.katalon.core.main.ScriptEngine.run(ScriptEngine.java:194)
	at com.kms.katalon.core.main.ScriptEngine.runScriptAsRawText(ScriptEngine.java:119)
	at com.kms.katalon.core.main.TestCaseExecutor.runScript(TestCaseExecutor.java:331)
	at com.kms.katalon.core.main.TestCaseExecutor.doExecute(TestCaseExecutor.java:322)
	at com.kms.katalon.core.main.TestCaseExecutor.processExecutionPhase(TestCaseExecutor.java:301)
	at com.kms.katalon.core.main.TestCaseExecutor.accessMainPhase(TestCaseExecutor.java:293)
	at com.kms.katalon.core.main.TestCaseExecutor.execute(TestCaseExecutor.java:227)
	at com.kms.katalon.core.main.TestCaseMain.runTestCase(TestCaseMain.java:114)
	at com.kms.katalon.core.keyword.builtin.CallTestCaseKeyword$_callTestCase_closure1.doCall(CallTestCaseKeyword.groovy:59)
	at com.kms.katalon.core.keyword.builtin.CallTestCaseKeyword$_callTestCase_closure1.call(CallTestCaseKeyword.groovy)
	at com.kms.katalon.core.keyword.internal.KeywordMain.runKeyword(KeywordMain.groovy:66)
	at com.kms.katalon.core.keyword.builtin.CallTestCaseKeyword.callTestCase(CallTestCaseKeyword.groovy:81)
	at com.kms.katalon.core.keyword.builtin.CallTestCaseKeyword.execute(CallTestCaseKeyword.groovy:44)
	at com.kms.katalon.core.keyword.internal.KeywordExecutor.executeKeywordForPlatform(KeywordExecutor.groovy:56)
	at com.kms.katalon.core.keyword.BuiltinKeywords.callTestCase(BuiltinKeywords.groovy:334)
	at TC0528.run(TC0528:22)
	at com.kms.katalon.core.main.ScriptEngine.run(ScriptEngine.java:194)
	at com.kms.katalon.core.main.ScriptEngine.runScriptAsRawText(ScriptEngine.java:119)
	at com.kms.katalon.core.main.TestCaseExecutor.runScript(TestCaseExecutor.java:331)
	at com.kms.katalon.core.main.TestCaseExecutor.doExecute(TestCaseExecutor.java:322)
	at com.kms.katalon.core.main.TestCaseExecutor.processExecutionPhase(TestCaseExecutor.java:301)
	at com.kms.katalon.core.main.TestCaseExecutor.accessMainPhase(TestCaseExecutor.java:293)
	at com.kms.katalon.core.main.TestCaseExecutor.execute(TestCaseExecutor.java:227)
	at com.kms.katalon.core.main.TestSuiteExecutor.accessTestCaseMainPhase(TestSuiteExecutor.java:129)
	at com.kms.katalon.core.main.TestSuiteExecutor.accessTestSuiteMainPhase(TestSuiteExecutor.java:112)
	at com.kms.katalon.core.main.TestSuiteExecutor.execute(TestSuiteExecutor.java:81)
	at com.kms.katalon.core.main.TestCaseMain.startTestSuite(TestCaseMain.java:157)
	at com.kms.katalon.core.main.TestCaseMain$startTestSuite$0.call(Unknown Source)
	at TempTestSuite1553670311511.run(TempTestSuite1553670311511.groovy:35)
Caused by: com.kms.katalon.core.webui.exception.WebElementNotFoundException: Web element with id: 'Object Repository/Page_KiboPush  Dashboard/h3_Dashboard (57)' located by 'By.xpath: //h3[(text() = 'Dashboard' or . = 'Dashboard')]' not found
	at com.kms.katalon.core.webui.common.WebUiCommonHelper.findWebElement(WebUiCommonHelper.java:1053)
	at com.kms.katalon.core.webui.keyword.internal.WebUIAbstractKeyword.findWebElement(WebUIAbstractKeyword.groovy:27)
	at com.kms.katalon.core.webui.keyword.internal.WebUIAbstractKeyword.findWebElement(WebUIAbstractKeyword.groovy:26)
	at com.kms.katalon.core.webui.keyword.builtin.ClickKeyword$_click_closure1.doCall(ClickKeyword.groovy:77)
	at com.kms.katalon.core.webui.keyword.builtin.ClickKeyword$_click_closure1.call(ClickKeyword.groovy)
	at com.kms.katalon.core.webui.keyword.internal.WebUIKeywordMain.runKeyword(WebUIKeywordMain.groovy:20)
	at com.kms.katalon.core.webui.keyword.builtin.ClickKeyword.click(ClickKeyword.groovy:86)
	at com.kms.katalon.core.webui.keyword.builtin.ClickKeyword.execute(ClickKeyword.groovy:67)
	at com.kms.katalon.core.keyword.internal.KeywordExecutor.executeKeywordForPlatform(KeywordExecutor.groovy:56)
	at com.kms.katalon.core.webui.keyword.WebUiBuiltInKeywords.click(WebUiBuiltInKeywords.groovy:616)
	at com.kms.katalon.core.webui.keyword.WebUiBuiltInKeywords$click$2.call(Unknown Source)
	at Script1542870641933.run(Script1542870641933.groovy:40)
	at com.kms.katalon.core.main.ScriptEngine.run(ScriptEngine.java:194)
	at com.kms.katalon.core.main.ScriptEngine.runScriptAsRawText(ScriptEngine.java:119)
	at com.kms.katalon.core.main.TestCaseExecutor.runScript(TestCaseExecutor.java:331)
	at com.kms.katalon.core.main.TestCaseExecutor.doExecute(TestCaseExecutor.java:322)
	at com.kms.katalon.core.main.TestCaseExecutor.processExecutionPhase(TestCaseExecutor.java:301)
	at com.kms.katalon.core.main.TestCaseExecutor.accessMainPhase(TestCaseExecutor.java:293)
	at com.kms.katalon.core.main.TestCaseExecutor.execute(TestCaseExecutor.java:227)
	at com.kms.katalon.core.main.TestCaseMain.runTestCase(TestCaseMain.java:114)
	at com.kms.katalon.core.keyword.builtin.CallTestCaseKeyword$_callTestCase_closure1.doCall(CallTestCaseKeyword.groovy:59)
	at com.kms.katalon.core.keyword.builtin.CallTestCaseKeyword$_callTestCase_closure1.call(CallTestCaseKeyword.groovy)
	at com.kms.katalon.core.keyword.internal.KeywordMain.runKeyword(KeywordMain.groovy:66)
	at com.kms.katalon.core.keyword.builtin.CallTestCaseKeyword.callTestCase(CallTestCaseKeyword.groovy:81)
	at com.kms.katalon.core.keyword.builtin.CallTestCaseKeyword.execute(CallTestCaseKeyword.groovy:44)
	at com.kms.katalon.core.keyword.internal.KeywordExecutor.executeKeywordForPlatform(KeywordExecutor.groovy:56)
	at com.kms.katalon.core.keyword.BuiltinKeywords.callTestCase(BuiltinKeywords.groovy:334)
	at Script1537021633628.run(Script1537021633628.groovy:22)
	at com.kms.katalon.core.main.ScriptEngine.run(ScriptEngine.java:194)
	at com.kms.katalon.core.main.ScriptEngine.runScriptAsRawText(ScriptEngine.java:119)
	at com.kms.katalon.core.main.TestCaseExecutor.runScript(TestCaseExecutor.java:331)
	at com.kms.katalon.core.main.TestCaseExecutor.doExecute(TestCaseExecutor.java:322)
	at com.kms.katalon.core.main.TestCaseExecutor.processExecutionPhase(TestCaseExecutor.java:301)
	at com.kms.katalon.core.main.TestCaseExecutor.accessMainPhase(TestCaseExecutor.java:293)
	at com.kms.katalon.core.main.TestCaseExecutor.execute(TestCaseExecutor.java:227)
	at com.kms.katalon.core.main.TestCaseMain.runTestCase(TestCaseMain.java:114)
	at com.kms.katalon.core.keyword.builtin.CallTestCaseKeyword$_callTestCase_closure1.doCall(CallTestCaseKeyword.groovy:59)
	at com.kms.katalon.core.keyword.builtin.CallTestCaseKeyword$_callTestCase_closure1.call(CallTestCaseKeyword.groovy)
	at com.kms.katalon.core.keyword.internal.KeywordMain.runKeyword(KeywordMain.groovy:66)
	at com.kms.katalon.core.keyword.builtin.CallTestCaseKeyword.callTestCase(CallTestCaseKeyword.groovy:81)
	at com.kms.katalon.core.keyword.builtin.CallTestCaseKeyword.execute(CallTestCaseKeyword.groovy:44)
	at com.kms.katalon.core.keyword.internal.KeywordExecutor.executeKeywordForPlatform(KeywordExecutor.groovy:56)
	at com.kms.katalon.core.keyword.BuiltinKeywords.callTestCase(BuiltinKeywords.groovy:334)
	at Script1535542225183.run(Script1535542225183.groovy:22)
	... 13 more


2019-03-27 12:25:29 - [MESSAGE][INFO] - Unable to find the element located by 'By.xpath: //h3[(text() = 'Dashboard' or . = 'Dashboard')]'. Please recheck the objects properties to make sure the desired element is located. 

2019-03-27 12:25:29 - [MESSAGE][FAILED] - Unable to click on object 'Object Repository/Page_KiboPush  Dashboard/h3_Dashboard (57)' (Root cause: com.kms.katalon.core.exception.StepFailedException: Unable to click on object 'Object Repository/Page_KiboPush  Dashboard/h3_Dashboard (57)'
	at com.kms.katalon.core.webui.keyword.internal.WebUIKeywordMain.stepFailed(WebUIKeywordMain.groovy:64)
	at com.kms.katalon.core.webui.keyword.internal.WebUIKeywordMain.runKeyword(WebUIKeywordMain.groovy:26)
	at com.kms.katalon.core.webui.keyword.builtin.ClickKeyword.click(ClickKeyword.groovy:86)
	at com.kms.katalon.core.webui.keyword.builtin.ClickKeyword.execute(ClickKeyword.groovy:67)
	at com.kms.katalon.core.keyword.internal.KeywordExecutor.executeKeywordForPlatform(KeywordExecutor.groovy:56)
	at com.kms.katalon.core.webui.keyword.WebUiBuiltInKeywords.click(WebUiBuiltInKeywords.groovy:616)
	at com.kms.katalon.core.webui.keyword.WebUiBuiltInKeywords$click$2.call(Unknown Source)
	at Login-KiboEngage.run(Login-KiboEngage:40)
	at com.kms.katalon.core.main.ScriptEngine.run(ScriptEngine.java:194)
	at com.kms.katalon.core.main.ScriptEngine.runScriptAsRawText(ScriptEngine.java:119)
	at com.kms.katalon.core.main.TestCaseExecutor.runScript(TestCaseExecutor.java:331)
	at com.kms.katalon.core.main.TestCaseExecutor.doExecute(TestCaseExecutor.java:322)
	at com.kms.katalon.core.main.TestCaseExecutor.processExecutionPhase(TestCaseExecutor.java:301)
	at com.kms.katalon.core.main.TestCaseExecutor.accessMainPhase(TestCaseExecutor.java:293)
	at com.kms.katalon.core.main.TestCaseExecutor.execute(TestCaseExecutor.java:227)
	at com.kms.katalon.core.main.TestCaseMain.runTestCase(TestCaseMain.java:114)
	at com.kms.katalon.core.keyword.builtin.CallTestCaseKeyword$_callTestCase_closure1.doCall(CallTestCaseKeyword.groovy:59)
	at com.kms.katalon.core.keyword.builtin.CallTestCaseKeyword$_callTestCase_closure1.call(CallTestCaseKeyword.groovy)
	at com.kms.katalon.core.keyword.internal.KeywordMain.runKeyword(KeywordMain.groovy:66)
	at com.kms.katalon.core.keyword.builtin.CallTestCaseKeyword.callTestCase(CallTestCaseKeyword.groovy:81)
	at com.kms.katalon.core.keyword.builtin.CallTestCaseKeyword.execute(CallTestCaseKeyword.groovy:44)
	at com.kms.katalon.core.keyword.internal.KeywordExecutor.executeKeywordForPlatform(KeywordExecutor.groovy:56)
	at com.kms.katalon.core.keyword.BuiltinKeywords.callTestCase(BuiltinKeywords.groovy:334)
	at Comment capture.run(Comment capture:22)
	at com.kms.katalon.core.main.ScriptEngine.run(ScriptEngine.java:194)
	at com.kms.katalon.core.main.ScriptEngine.runScriptAsRawText(ScriptEngine.java:119)
	at com.kms.katalon.core.main.TestCaseExecutor.runScript(TestCaseExecutor.java:331)
	at com.kms.katalon.core.main.TestCaseExecutor.doExecute(TestCaseExecutor.java:322)
	at com.kms.katalon.core.main.TestCaseExecutor.processExecutionPhase(TestCaseExecutor.java:301)
	at com.kms.katalon.core.main.TestCaseExecutor.accessMainPhase(TestCaseExecutor.java:293)
	at com.kms.katalon.core.main.TestCaseExecutor.execute(TestCaseExecutor.java:227)
	at com.kms.katalon.core.main.TestCaseMain.runTestCase(TestCaseMain.java:114)
	at com.kms.katalon.core.keyword.builtin.CallTestCaseKeyword$_callTestCase_closure1.doCall(CallTestCaseKeyword.groovy:59)
	at com.kms.katalon.core.keyword.builtin.CallTestCaseKeyword$_callTestCase_closure1.call(CallTestCaseKeyword.groovy)
	at com.kms.katalon.core.keyword.internal.KeywordMain.runKeyword(KeywordMain.groovy:66)
	at com.kms.katalon.core.keyword.builtin.CallTestCaseKeyword.callTestCase(CallTestCaseKeyword.groovy:81)
	at com.kms.katalon.core.keyword.builtin.CallTestCaseKeyword.execute(CallTestCaseKeyword.groovy:44)
	at com.kms.katalon.core.keyword.internal.KeywordExecutor.executeKeywordForPlatform(KeywordExecutor.groovy:56)
	at com.kms.katalon.core.keyword.BuiltinKeywords.callTestCase(BuiltinKeywords.groovy:334)
	at TC0528.run(TC0528:22)
	at com.kms.katalon.core.main.ScriptEngine.run(ScriptEngine.java:194)
	at com.kms.katalon.core.main.ScriptEngine.runScriptAsRawText(ScriptEngine.java:119)
	at com.kms.katalon.core.main.TestCaseExecutor.runScript(TestCaseExecutor.java:331)
	at com.kms.katalon.core.main.TestCaseExecutor.doExecute(TestCaseExecutor.java:322)
	at com.kms.katalon.core.main.TestCaseExecutor.processExecutionPhase(TestCaseExecutor.java:301)
	at com.kms.katalon.core.main.TestCaseExecutor.accessMainPhase(TestCaseExecutor.java:293)
	at com.kms.katalon.core.main.TestCaseExecutor.execute(TestCaseExecutor.java:227)
	at com.kms.katalon.core.main.TestSuiteExecutor.accessTestCaseMainPhase(TestSuiteExecutor.java:129)
	at com.kms.katalon.core.main.TestSuiteExecutor.accessTestSuiteMainPhase(TestSuiteExecutor.java:112)
	at com.kms.katalon.core.main.TestSuiteExecutor.execute(TestSuiteExecutor.java:81)
	at com.kms.katalon.core.main.TestCaseMain.startTestSuite(TestCaseMain.java:157)
	at com.kms.katalon.core.main.TestCaseMain$startTestSuite$0.call(Unknown Source)
	at TempTestSuite1553670311511.run(TempTestSuite1553670311511.groovy:35)
Caused by: com.kms.katalon.core.webui.exception.WebElementNotFoundException: Web element with id: 'Object Repository/Page_KiboPush  Dashboard/h3_Dashboard (57)' located by 'By.xpath: //h3[(text() = 'Dashboard' or . = 'Dashboard')]' not found
	at com.kms.katalon.core.webui.common.WebUiCommonHelper.findWebElement(WebUiCommonHelper.java:1053)
	at com.kms.katalon.core.webui.keyword.internal.WebUIAbstractKeyword.findWebElement(WebUIAbstractKeyword.groovy:27)
	at com.kms.katalon.core.webui.keyword.internal.WebUIAbstractKeyword.findWebElement(WebUIAbstractKeyword.groovy:26)
	at com.kms.katalon.core.webui.keyword.builtin.ClickKeyword$_click_closure1.doCall(ClickKeyword.groovy:77)
	at com.kms.katalon.core.webui.keyword.builtin.ClickKeyword$_click_closure1.call(ClickKeyword.groovy)
	at com.kms.katalon.core.webui.keyword.internal.WebUIKeywordMain.runKeyword(WebUIKeywordMain.groovy:20)
	at com.kms.katalon.core.webui.keyword.builtin.ClickKeyword.click(ClickKeyword.groovy:86)
	at com.kms.katalon.core.webui.keyword.builtin.ClickKeyword.execute(ClickKeyword.groovy:67)
	at com.kms.katalon.core.keyword.internal.KeywordExecutor.executeKeywordForPlatform(KeywordExecutor.groovy:56)
	at com.kms.katalon.core.webui.keyword.WebUiBuiltInKeywords.click(WebUiBuiltInKeywords.groovy:616)
	at com.kms.katalon.core.webui.keyword.WebUiBuiltInKeywords$click$2.call(Unknown Source)
	at Script1542870641933.run(Script1542870641933.groovy:40)
	at com.kms.katalon.core.main.ScriptEngine.run(ScriptEngine.java:194)
	at com.kms.katalon.core.main.ScriptEngine.runScriptAsRawText(ScriptEngine.java:119)
	at com.kms.katalon.core.main.TestCaseExecutor.runScript(TestCaseExecutor.java:331)
	at com.kms.katalon.core.main.TestCaseExecutor.doExecute(TestCaseExecutor.java:322)
	at com.kms.katalon.core.main.TestCaseExecutor.processExecutionPhase(TestCaseExecutor.java:301)
	at com.kms.katalon.core.main.TestCaseExecutor.accessMainPhase(TestCaseExecutor.java:293)
	at com.kms.katalon.core.main.TestCaseExecutor.execute(TestCaseExecutor.java:227)
	at com.kms.katalon.core.main.TestCaseMain.runTestCase(TestCaseMain.java:114)
	at com.kms.katalon.core.keyword.builtin.CallTestCaseKeyword$_callTestCase_closure1.doCall(CallTestCaseKeyword.groovy:59)
	at com.kms.katalon.core.keyword.builtin.CallTestCaseKeyword$_callTestCase_closure1.call(CallTestCaseKeyword.groovy)
	at com.kms.katalon.core.keyword.internal.KeywordMain.runKeyword(KeywordMain.groovy:66)
	at com.kms.katalon.core.keyword.builtin.CallTestCaseKeyword.callTestCase(CallTestCaseKeyword.groovy:81)
	at com.kms.katalon.core.keyword.builtin.CallTestCaseKeyword.execute(CallTestCaseKeyword.groovy:44)
	at com.kms.katalon.core.keyword.internal.KeywordExecutor.executeKeywordForPlatform(KeywordExecutor.groovy:56)
	at com.kms.katalon.core.keyword.BuiltinKeywords.callTestCase(BuiltinKeywords.groovy:334)
	at Script1537021633628.run(Script1537021633628.groovy:22)
	at com.kms.katalon.core.main.ScriptEngine.run(ScriptEngine.java:194)
	at com.kms.katalon.core.main.ScriptEngine.runScriptAsRawText(ScriptEngine.java:119)
	at com.kms.katalon.core.main.TestCaseExecutor.runScript(TestCaseExecutor.java:331)
	at com.kms.katalon.core.main.TestCaseExecutor.doExecute(TestCaseExecutor.java:322)
	at com.kms.katalon.core.main.TestCaseExecutor.processExecutionPhase(TestCaseExecutor.java:301)
	at com.kms.katalon.core.main.TestCaseExecutor.accessMainPhase(TestCaseExecutor.java:293)
	at com.kms.katalon.core.main.TestCaseExecutor.execute(TestCaseExecutor.java:227)
	at com.kms.katalon.core.main.TestCaseMain.runTestCase(TestCaseMain.java:114)
	at com.kms.katalon.core.keyword.builtin.CallTestCaseKeyword$_callTestCase_closure1.doCall(CallTestCaseKeyword.groovy:59)
	at com.kms.katalon.core.keyword.builtin.CallTestCaseKeyword$_callTestCase_closure1.call(CallTestCaseKeyword.groovy)
	at com.kms.katalon.core.keyword.internal.KeywordMain.runKeyword(KeywordMain.groovy:66)
	at com.kms.katalon.core.keyword.builtin.CallTestCaseKeyword.callTestCase(CallTestCaseKeyword.groovy:81)
	at com.kms.katalon.core.keyword.builtin.CallTestCaseKeyword.execute(CallTestCaseKeyword.groovy:44)
	at com.kms.katalon.core.keyword.internal.KeywordExecutor.executeKeywordForPlatform(KeywordExecutor.groovy:56)
	at com.kms.katalon.core.keyword.BuiltinKeywords.callTestCase(BuiltinKeywords.groovy:334)
	at Script1535542225183.run(Script1535542225183.groovy:22)
	... 13 more
)
[[ATTACHMENT|/home/cloudkibo-faizan/Drive/Katalon/production/KiboPush/Reports/capture/20190327_120511/1553671529238.png]]

2019-03-27 12:25:29 - [MESSAGE][FAILED] - click(findTestObject("Object Repository/Page_KiboPush  Dashboard/h3_Dashboard (57)")) FAILED.
Reason:
com.kms.katalon.core.exception.StepFailedException: Unable to click on object 'Object Repository/Page_KiboPush  Dashboard/h3_Dashboard (57)'
	at com.kms.katalon.core.webui.keyword.internal.WebUIKeywordMain.stepFailed(WebUIKeywordMain.groovy:64)
	at com.kms.katalon.core.webui.keyword.internal.WebUIKeywordMain.runKeyword(WebUIKeywordMain.groovy:26)
	at com.kms.katalon.core.webui.keyword.builtin.ClickKeyword.click(ClickKeyword.groovy:86)
	at com.kms.katalon.core.webui.keyword.builtin.ClickKeyword.execute(ClickKeyword.groovy:67)
	at com.kms.katalon.core.keyword.internal.KeywordExecutor.executeKeywordForPlatform(KeywordExecutor.groovy:56)
	at com.kms.katalon.core.webui.keyword.WebUiBuiltInKeywords.click(WebUiBuiltInKeywords.groovy:616)
	at com.kms.katalon.core.webui.keyword.WebUiBuiltInKeywords$click$2.call(Unknown Source)
	at Login-KiboEngage.run(Login-KiboEngage:40)
	at com.kms.katalon.core.main.ScriptEngine.run(ScriptEngine.java:194)
	at com.kms.katalon.core.main.ScriptEngine.runScriptAsRawText(ScriptEngine.java:119)
	at com.kms.katalon.core.main.TestCaseExecutor.runScript(TestCaseExecutor.java:331)
	at com.kms.katalon.core.main.TestCaseExecutor.doExecute(TestCaseExecutor.java:322)
	at com.kms.katalon.core.main.TestCaseExecutor.processExecutionPhase(TestCaseExecutor.java:301)
	at com.kms.katalon.core.main.TestCaseExecutor.accessMainPhase(TestCaseExecutor.java:293)
	at com.kms.katalon.core.main.TestCaseExecutor.execute(TestCaseExecutor.java:227)
	at com.kms.katalon.core.main.TestCaseMain.runTestCase(TestCaseMain.java:114)
	at com.kms.katalon.core.keyword.builtin.CallTestCaseKeyword$_callTestCase_closure1.doCall(CallTestCaseKeyword.groovy:59)
	at com.kms.katalon.core.keyword.builtin.CallTestCaseKeyword$_callTestCase_closure1.call(CallTestCaseKeyword.groovy)
	at com.kms.katalon.core.keyword.internal.KeywordMain.runKeyword(KeywordMain.groovy:66)
	at com.kms.katalon.core.keyword.builtin.CallTestCaseKeyword.callTestCase(CallTestCaseKeyword.groovy:81)
	at com.kms.katalon.core.keyword.builtin.CallTestCaseKeyword.execute(CallTestCaseKeyword.groovy:44)
	at com.kms.katalon.core.keyword.internal.KeywordExecutor.executeKeywordForPlatform(KeywordExecutor.groovy:56)
	at com.kms.katalon.core.keyword.BuiltinKeywords.callTestCase(BuiltinKeywords.groovy:334)
	at Comment capture.run(Comment capture:22)
	at com.kms.katalon.core.main.ScriptEngine.run(ScriptEngine.java:194)
	at com.kms.katalon.core.main.ScriptEngine.runScriptAsRawText(ScriptEngine.java:119)
	at com.kms.katalon.core.main.TestCaseExecutor.runScript(TestCaseExecutor.java:331)
	at com.kms.katalon.core.main.TestCaseExecutor.doExecute(TestCaseExecutor.java:322)
	at com.kms.katalon.core.main.TestCaseExecutor.processExecutionPhase(TestCaseExecutor.java:301)
	at com.kms.katalon.core.main.TestCaseExecutor.accessMainPhase(TestCaseExecutor.java:293)
	at com.kms.katalon.core.main.TestCaseExecutor.execute(TestCaseExecutor.java:227)
	at com.kms.katalon.core.main.TestCaseMain.runTestCase(TestCaseMain.java:114)
	at com.kms.katalon.core.keyword.builtin.CallTestCaseKeyword$_callTestCase_closure1.doCall(CallTestCaseKeyword.groovy:59)
	at com.kms.katalon.core.keyword.builtin.CallTestCaseKeyword$_callTestCase_closure1.call(CallTestCaseKeyword.groovy)
	at com.kms.katalon.core.keyword.internal.KeywordMain.runKeyword(KeywordMain.groovy:66)
	at com.kms.katalon.core.keyword.builtin.CallTestCaseKeyword.callTestCase(CallTestCaseKeyword.groovy:81)
	at com.kms.katalon.core.keyword.builtin.CallTestCaseKeyword.execute(CallTestCaseKeyword.groovy:44)
	at com.kms.katalon.core.keyword.internal.KeywordExecutor.executeKeywordForPlatform(KeywordExecutor.groovy:56)
	at com.kms.katalon.core.keyword.BuiltinKeywords.callTestCase(BuiltinKeywords.groovy:334)
	at TC0528.run(TC0528:22)
	at com.kms.katalon.core.main.ScriptEngine.run(ScriptEngine.java:194)
	at com.kms.katalon.core.main.ScriptEngine.runScriptAsRawText(ScriptEngine.java:119)
	at com.kms.katalon.core.main.TestCaseExecutor.runScript(TestCaseExecutor.java:331)
	at com.kms.katalon.core.main.TestCaseExecutor.doExecute(TestCaseExecutor.java:322)
	at com.kms.katalon.core.main.TestCaseExecutor.processExecutionPhase(TestCaseExecutor.java:301)
	at com.kms.katalon.core.main.TestCaseExecutor.accessMainPhase(TestCaseExecutor.java:293)
	at com.kms.katalon.core.main.TestCaseExecutor.execute(TestCaseExecutor.java:227)
	at com.kms.katalon.core.main.TestSuiteExecutor.accessTestCaseMainPhase(TestSuiteExecutor.java:129)
	at com.kms.katalon.core.main.TestSuiteExecutor.accessTestSuiteMainPhase(TestSuiteExecutor.java:112)
	at com.kms.katalon.core.main.TestSuiteExecutor.execute(TestSuiteExecutor.java:81)
	at com.kms.katalon.core.main.TestCaseMain.startTestSuite(TestCaseMain.java:157)
	at com.kms.katalon.core.main.TestCaseMain$startTestSuite$0.call(Unknown Source)
	at TempTestSuite1553670311511.run(TempTestSuite1553670311511.groovy:35)
Caused by: com.kms.katalon.core.webui.exception.WebElementNotFoundException: Web element with id: 'Object Repository/Page_KiboPush  Dashboard/h3_Dashboard (57)' located by 'By.xpath: //h3[(text() = 'Dashboard' or . = 'Dashboard')]' not found
	at com.kms.katalon.core.webui.common.WebUiCommonHelper.findWebElement(WebUiCommonHelper.java:1053)
	at com.kms.katalon.core.webui.keyword.internal.WebUIAbstractKeyword.findWebElement(WebUIAbstractKeyword.groovy:27)
	at com.kms.katalon.core.webui.keyword.internal.WebUIAbstractKeyword.findWebElement(WebUIAbstractKeyword.groovy:26)
	at com.kms.katalon.core.webui.keyword.builtin.ClickKeyword$_click_closure1.doCall(ClickKeyword.groovy:77)
	at com.kms.katalon.core.webui.keyword.builtin.ClickKeyword$_click_closure1.call(ClickKeyword.groovy)
	at com.kms.katalon.core.webui.keyword.internal.WebUIKeywordMain.runKeyword(WebUIKeywordMain.groovy:20)
	at com.kms.katalon.core.webui.keyword.builtin.ClickKeyword.click(ClickKeyword.groovy:86)
	at com.kms.katalon.core.webui.keyword.builtin.ClickKeyword.execute(ClickKeyword.groovy:67)
	at com.kms.katalon.core.keyword.internal.KeywordExecutor.executeKeywordForPlatform(KeywordExecutor.groovy:56)
	at com.kms.katalon.core.webui.keyword.WebUiBuiltInKeywords.click(WebUiBuiltInKeywords.groovy:616)
	at com.kms.katalon.core.webui.keyword.WebUiBuiltInKeywords$click$2.call(Unknown Source)
	at Script1542870641933.run(Script1542870641933.groovy:40)
	at com.kms.katalon.core.main.ScriptEngine.run(ScriptEngine.java:194)
	at com.kms.katalon.core.main.ScriptEngine.runScriptAsRawText(ScriptEngine.java:119)
	at com.kms.katalon.core.main.TestCaseExecutor.runScript(TestCaseExecutor.java:331)
	at com.kms.katalon.core.main.TestCaseExecutor.doExecute(TestCaseExecutor.java:322)
	at com.kms.katalon.core.main.TestCaseExecutor.processExecutionPhase(TestCaseExecutor.java:301)
	at com.kms.katalon.core.main.TestCaseExecutor.accessMainPhase(TestCaseExecutor.java:293)
	at com.kms.katalon.core.main.TestCaseExecutor.execute(TestCaseExecutor.java:227)
	at com.kms.katalon.core.main.TestCaseMain.runTestCase(TestCaseMain.java:114)
	at com.kms.katalon.core.keyword.builtin.CallTestCaseKeyword$_callTestCase_closure1.doCall(CallTestCaseKeyword.groovy:59)
	at com.kms.katalon.core.keyword.builtin.CallTestCaseKeyword$_callTestCase_closure1.call(CallTestCaseKeyword.groovy)
	at com.kms.katalon.core.keyword.internal.KeywordMain.runKeyword(KeywordMain.groovy:66)
	at com.kms.katalon.core.keyword.builtin.CallTestCaseKeyword.callTestCase(CallTestCaseKeyword.groovy:81)
	at com.kms.katalon.core.keyword.builtin.CallTestCaseKeyword.execute(CallTestCaseKeyword.groovy:44)
	at com.kms.katalon.core.keyword.internal.KeywordExecutor.executeKeywordForPlatform(KeywordExecutor.groovy:56)
	at com.kms.katalon.core.keyword.BuiltinKeywords.callTestCase(BuiltinKeywords.groovy:334)
	at Script1537021633628.run(Script1537021633628.groovy:22)
	at com.kms.katalon.core.main.ScriptEngine.run(ScriptEngine.java:194)
	at com.kms.katalon.core.main.ScriptEngine.runScriptAsRawText(ScriptEngine.java:119)
	at com.kms.katalon.core.main.TestCaseExecutor.runScript(TestCaseExecutor.java:331)
	at com.kms.katalon.core.main.TestCaseExecutor.doExecute(TestCaseExecutor.java:322)
	at com.kms.katalon.core.main.TestCaseExecutor.processExecutionPhase(TestCaseExecutor.java:301)
	at com.kms.katalon.core.main.TestCaseExecutor.accessMainPhase(TestCaseExecutor.java:293)
	at com.kms.katalon.core.main.TestCaseExecutor.execute(TestCaseExecutor.java:227)
	at com.kms.katalon.core.main.TestCaseMain.runTestCase(TestCaseMain.java:114)
	at com.kms.katalon.core.keyword.builtin.CallTestCaseKeyword$_callTestCase_closure1.doCall(CallTestCaseKeyword.groovy:59)
	at com.kms.katalon.core.keyword.builtin.CallTestCaseKeyword$_callTestCase_closure1.call(CallTestCaseKeyword.groovy)
	at com.kms.katalon.core.keyword.internal.KeywordMain.runKeyword(KeywordMain.groovy:66)
	at com.kms.katalon.core.keyword.builtin.CallTestCaseKeyword.callTestCase(CallTestCaseKeyword.groovy:81)
	at com.kms.katalon.core.keyword.builtin.CallTestCaseKeyword.execute(CallTestCaseKeyword.groovy:44)
	at com.kms.katalon.core.keyword.internal.KeywordExecutor.executeKeywordForPlatform(KeywordExecutor.groovy:56)
	at com.kms.katalon.core.keyword.BuiltinKeywords.callTestCase(BuiltinKeywords.groovy:334)
	at Script1535542225183.run(Script1535542225183.groovy:22)
	... 13 more


2019-03-27 12:25:29 - [MESSAGE][FAILED] - Unable to call Test Case 'Test Cases/s-sidebar_navigation/individualAccount/Login-KiboEngage' (Root cause: com.kms.katalon.core.exception.StepFailedException: Call Test Case 'Test Cases/s-sidebar_navigation/individualAccount/Login-KiboEngage' failed
	at com.kms.katalon.core.keyword.builtin.CallTestCaseKeyword$_callTestCase_closure1.doCall(CallTestCaseKeyword.groovy:63)
	at com.kms.katalon.core.keyword.builtin.CallTestCaseKeyword$_callTestCase_closure1.call(CallTestCaseKeyword.groovy)
	at com.kms.katalon.core.keyword.internal.KeywordMain.runKeyword(KeywordMain.groovy:66)
	at com.kms.katalon.core.keyword.builtin.CallTestCaseKeyword.callTestCase(CallTestCaseKeyword.groovy:81)
	at com.kms.katalon.core.keyword.builtin.CallTestCaseKeyword.execute(CallTestCaseKeyword.groovy:44)
	at com.kms.katalon.core.keyword.internal.KeywordExecutor.executeKeywordForPlatform(KeywordExecutor.groovy:56)
	at com.kms.katalon.core.keyword.BuiltinKeywords.callTestCase(BuiltinKeywords.groovy:334)
	at Comment capture.run(Comment capture:22)
	at com.kms.katalon.core.main.ScriptEngine.run(ScriptEngine.java:194)
	at com.kms.katalon.core.main.ScriptEngine.runScriptAsRawText(ScriptEngine.java:119)
	at com.kms.katalon.core.main.TestCaseExecutor.runScript(TestCaseExecutor.java:331)
	at com.kms.katalon.core.main.TestCaseExecutor.doExecute(TestCaseExecutor.java:322)
	at com.kms.katalon.core.main.TestCaseExecutor.processExecutionPhase(TestCaseExecutor.java:301)
	at com.kms.katalon.core.main.TestCaseExecutor.accessMainPhase(TestCaseExecutor.java:293)
	at com.kms.katalon.core.main.TestCaseExecutor.execute(TestCaseExecutor.java:227)
	at com.kms.katalon.core.main.TestCaseMain.runTestCase(TestCaseMain.java:114)
	at com.kms.katalon.core.keyword.builtin.CallTestCaseKeyword$_callTestCase_closure1.doCall(CallTestCaseKeyword.groovy:59)
	at com.kms.katalon.core.keyword.builtin.CallTestCaseKeyword$_callTestCase_closure1.call(CallTestCaseKeyword.groovy)
	at com.kms.katalon.core.keyword.internal.KeywordMain.runKeyword(KeywordMain.groovy:66)
	at com.kms.katalon.core.keyword.builtin.CallTestCaseKeyword.callTestCase(CallTestCaseKeyword.groovy:81)
	at com.kms.katalon.core.keyword.builtin.CallTestCaseKeyword.execute(CallTestCaseKeyword.groovy:44)
	at com.kms.katalon.core.keyword.internal.KeywordExecutor.executeKeywordForPlatform(KeywordExecutor.groovy:56)
	at com.kms.katalon.core.keyword.BuiltinKeywords.callTestCase(BuiltinKeywords.groovy:334)
	at TC0528.run(TC0528:22)
	at com.kms.katalon.core.main.ScriptEngine.run(ScriptEngine.java:194)
	at com.kms.katalon.core.main.ScriptEngine.runScriptAsRawText(ScriptEngine.java:119)
	at com.kms.katalon.core.main.TestCaseExecutor.runScript(TestCaseExecutor.java:331)
	at com.kms.katalon.core.main.TestCaseExecutor.doExecute(TestCaseExecutor.java:322)
	at com.kms.katalon.core.main.TestCaseExecutor.processExecutionPhase(TestCaseExecutor.java:301)
	at com.kms.katalon.core.main.TestCaseExecutor.accessMainPhase(TestCaseExecutor.java:293)
	at com.kms.katalon.core.main.TestCaseExecutor.execute(TestCaseExecutor.java:227)
	at com.kms.katalon.core.main.TestSuiteExecutor.accessTestCaseMainPhase(TestSuiteExecutor.java:129)
	at com.kms.katalon.core.main.TestSuiteExecutor.accessTestSuiteMainPhase(TestSuiteExecutor.java:112)
	at com.kms.katalon.core.main.TestSuiteExecutor.execute(TestSuiteExecutor.java:81)
	at com.kms.katalon.core.main.TestCaseMain.startTestSuite(TestCaseMain.java:157)
	at com.kms.katalon.core.main.TestCaseMain$startTestSuite$0.call(Unknown Source)
	at TempTestSuite1553670311511.run(TempTestSuite1553670311511.groovy:35)
Caused by: com.kms.katalon.core.exception.StepFailedException: Unable to click on object 'Object Repository/Page_KiboPush  Dashboard/h3_Dashboard (57)'
	at com.kms.katalon.core.webui.keyword.internal.WebUIKeywordMain.stepFailed(WebUIKeywordMain.groovy:64)
	at com.kms.katalon.core.webui.keyword.internal.WebUIKeywordMain.runKeyword(WebUIKeywordMain.groovy:26)
	at com.kms.katalon.core.webui.keyword.builtin.ClickKeyword.click(ClickKeyword.groovy:86)
	at com.kms.katalon.core.webui.keyword.builtin.ClickKeyword.execute(ClickKeyword.groovy:67)
	at com.kms.katalon.core.keyword.internal.KeywordExecutor.executeKeywordForPlatform(KeywordExecutor.groovy:56)
	at com.kms.katalon.core.webui.keyword.WebUiBuiltInKeywords.click(WebUiBuiltInKeywords.groovy:616)
	at com.kms.katalon.core.webui.keyword.WebUiBuiltInKeywords$click$2.call(Unknown Source)
	at Login-KiboEngage.run(Login-KiboEngage:40)
	at com.kms.katalon.core.main.ScriptEngine.run(ScriptEngine.java:194)
	at com.kms.katalon.core.main.ScriptEngine.runScriptAsRawText(ScriptEngine.java:119)
	at com.kms.katalon.core.main.TestCaseExecutor.runScript(TestCaseExecutor.java:331)
	at com.kms.katalon.core.main.TestCaseExecutor.doExecute(TestCaseExecutor.java:322)
	at com.kms.katalon.core.main.TestCaseExecutor.processExecutionPhase(TestCaseExecutor.java:301)
	at com.kms.katalon.core.main.TestCaseExecutor.accessMainPhase(TestCaseExecutor.java:293)
	at com.kms.katalon.core.main.TestCaseExecutor.execute(TestCaseExecutor.java:227)
	at com.kms.katalon.core.main.TestCaseMain.runTestCase(TestCaseMain.java:114)
	at com.kms.katalon.core.keyword.builtin.CallTestCaseKeyword$_callTestCase_closure1.doCall(CallTestCaseKeyword.groovy:59)
	... 36 more
Caused by: com.kms.katalon.core.webui.exception.WebElementNotFoundException: Web element with id: 'Object Repository/Page_KiboPush  Dashboard/h3_Dashboard (57)' located by 'By.xpath: //h3[(text() = 'Dashboard' or . = 'Dashboard')]' not found
	at com.kms.katalon.core.webui.common.WebUiCommonHelper.findWebElement(WebUiCommonHelper.java:1053)
	at com.kms.katalon.core.webui.keyword.internal.WebUIAbstractKeyword.findWebElement(WebUIAbstractKeyword.groovy:27)
	at com.kms.katalon.core.webui.keyword.internal.WebUIAbstractKeyword.findWebElement(WebUIAbstractKeyword.groovy:26)
	at com.kms.katalon.core.webui.keyword.builtin.ClickKeyword$_click_closure1.doCall(ClickKeyword.groovy:77)
	at com.kms.katalon.core.webui.keyword.builtin.ClickKeyword$_click_closure1.call(ClickKeyword.groovy)
	at com.kms.katalon.core.webui.keyword.internal.WebUIKeywordMain.runKeyword(WebUIKeywordMain.groovy:20)
	at com.kms.katalon.core.webui.keyword.builtin.ClickKeyword.click(ClickKeyword.groovy:86)
	at com.kms.katalon.core.webui.keyword.builtin.ClickKeyword.execute(ClickKeyword.groovy:67)
	at com.kms.katalon.core.keyword.internal.KeywordExecutor.executeKeywordForPlatform(KeywordExecutor.groovy:56)
	at com.kms.katalon.core.webui.keyword.WebUiBuiltInKeywords.click(WebUiBuiltInKeywords.groovy:616)
	at com.kms.katalon.core.webui.keyword.WebUiBuiltInKeywords$click$2.call(Unknown Source)
	at Script1542870641933.run(Script1542870641933.groovy:40)
	at com.kms.katalon.core.main.ScriptEngine.run(ScriptEngine.java:194)
	at com.kms.katalon.core.main.ScriptEngine.runScriptAsRawText(ScriptEngine.java:119)
	at com.kms.katalon.core.main.TestCaseExecutor.runScript(TestCaseExecutor.java:331)
	at com.kms.katalon.core.main.TestCaseExecutor.doExecute(TestCaseExecutor.java:322)
	at com.kms.katalon.core.main.TestCaseExecutor.processExecutionPhase(TestCaseExecutor.java:301)
	at com.kms.katalon.core.main.TestCaseExecutor.accessMainPhase(TestCaseExecutor.java:293)
	at com.kms.katalon.core.main.TestCaseExecutor.execute(TestCaseExecutor.java:227)
	at com.kms.katalon.core.main.TestCaseMain.runTestCase(TestCaseMain.java:114)
	at com.kms.katalon.core.keyword.builtin.CallTestCaseKeyword$_callTestCase_closure1.doCall(CallTestCaseKeyword.groovy:59)
	at com.kms.katalon.core.keyword.builtin.CallTestCaseKeyword$_callTestCase_closure1.call(CallTestCaseKeyword.groovy)
	at com.kms.katalon.core.keyword.internal.KeywordMain.runKeyword(KeywordMain.groovy:66)
	at com.kms.katalon.core.keyword.builtin.CallTestCaseKeyword.callTestCase(CallTestCaseKeyword.groovy:81)
	at com.kms.katalon.core.keyword.builtin.CallTestCaseKeyword.execute(CallTestCaseKeyword.groovy:44)
	at com.kms.katalon.core.keyword.internal.KeywordExecutor.executeKeywordForPlatform(KeywordExecutor.groovy:56)
	at com.kms.katalon.core.keyword.BuiltinKeywords.callTestCase(BuiltinKeywords.groovy:334)
	at Script1537021633628.run(Script1537021633628.groovy:22)
	at com.kms.katalon.core.main.ScriptEngine.run(ScriptEngine.java:194)
	at com.kms.katalon.core.main.ScriptEngine.runScriptAsRawText(ScriptEngine.java:119)
	at com.kms.katalon.core.main.TestCaseExecutor.runScript(TestCaseExecutor.java:331)
	at com.kms.katalon.core.main.TestCaseExecutor.doExecute(TestCaseExecutor.java:322)
	at com.kms.katalon.core.main.TestCaseExecutor.processExecutionPhase(TestCaseExecutor.java:301)
	at com.kms.katalon.core.main.TestCaseExecutor.accessMainPhase(TestCaseExecutor.java:293)
	at com.kms.katalon.core.main.TestCaseExecutor.execute(TestCaseExecutor.java:227)
	at com.kms.katalon.core.main.TestCaseMain.runTestCase(TestCaseMain.java:114)
	at com.kms.katalon.core.keyword.builtin.CallTestCaseKeyword$_callTestCase_closure1.doCall(CallTestCaseKeyword.groovy:59)
	at com.kms.katalon.core.keyword.builtin.CallTestCaseKeyword$_callTestCase_closure1.call(CallTestCaseKeyword.groovy)
	at com.kms.katalon.core.keyword.internal.KeywordMain.runKeyword(KeywordMain.groovy:66)
	at com.kms.katalon.core.keyword.builtin.CallTestCaseKeyword.callTestCase(CallTestCaseKeyword.groovy:81)
	at com.kms.katalon.core.keyword.builtin.CallTestCaseKeyword.execute(CallTestCaseKeyword.groovy:44)
	at com.kms.katalon.core.keyword.internal.KeywordExecutor.executeKeywordForPlatform(KeywordExecutor.groovy:56)
	at com.kms.katalon.core.keyword.BuiltinKeywords.callTestCase(BuiltinKeywords.groovy:334)
	at Script1535542225183.run(Script1535542225183.groovy:22)
	... 13 more
)

2019-03-27 12:25:29 - [MESSAGE][FAILED] - callTestCase(findTestCase("s-sidebar_navigation/individualAccount/Login-KiboEngage"), [:], STOP_ON_FAILURE) FAILED.
Reason:
com.kms.katalon.core.exception.StepFailedException: Call Test Case 'Test Cases/s-sidebar_navigation/individualAccount/Login-KiboEngage' failed
	at com.kms.katalon.core.keyword.builtin.CallTestCaseKeyword$_callTestCase_closure1.doCall(CallTestCaseKeyword.groovy:63)
	at com.kms.katalon.core.keyword.builtin.CallTestCaseKeyword$_callTestCase_closure1.call(CallTestCaseKeyword.groovy)
	at com.kms.katalon.core.keyword.internal.KeywordMain.runKeyword(KeywordMain.groovy:66)
	at com.kms.katalon.core.keyword.builtin.CallTestCaseKeyword.callTestCase(CallTestCaseKeyword.groovy:81)
	at com.kms.katalon.core.keyword.builtin.CallTestCaseKeyword.execute(CallTestCaseKeyword.groovy:44)
	at com.kms.katalon.core.keyword.internal.KeywordExecutor.executeKeywordForPlatform(KeywordExecutor.groovy:56)
	at com.kms.katalon.core.keyword.BuiltinKeywords.callTestCase(BuiltinKeywords.groovy:334)
	at Comment capture.run(Comment capture:22)
	at com.kms.katalon.core.main.ScriptEngine.run(ScriptEngine.java:194)
	at com.kms.katalon.core.main.ScriptEngine.runScriptAsRawText(ScriptEngine.java:119)
	at com.kms.katalon.core.main.TestCaseExecutor.runScript(TestCaseExecutor.java:331)
	at com.kms.katalon.core.main.TestCaseExecutor.doExecute(TestCaseExecutor.java:322)
	at com.kms.katalon.core.main.TestCaseExecutor.processExecutionPhase(TestCaseExecutor.java:301)
	at com.kms.katalon.core.main.TestCaseExecutor.accessMainPhase(TestCaseExecutor.java:293)
	at com.kms.katalon.core.main.TestCaseExecutor.execute(TestCaseExecutor.java:227)
	at com.kms.katalon.core.main.TestCaseMain.runTestCase(TestCaseMain.java:114)
	at com.kms.katalon.core.keyword.builtin.CallTestCaseKeyword$_callTestCase_closure1.doCall(CallTestCaseKeyword.groovy:59)
	at com.kms.katalon.core.keyword.builtin.CallTestCaseKeyword$_callTestCase_closure1.call(CallTestCaseKeyword.groovy)
	at com.kms.katalon.core.keyword.internal.KeywordMain.runKeyword(KeywordMain.groovy:66)
	at com.kms.katalon.core.keyword.builtin.CallTestCaseKeyword.callTestCase(CallTestCaseKeyword.groovy:81)
	at com.kms.katalon.core.keyword.builtin.CallTestCaseKeyword.execute(CallTestCaseKeyword.groovy:44)
	at com.kms.katalon.core.keyword.internal.KeywordExecutor.executeKeywordForPlatform(KeywordExecutor.groovy:56)
	at com.kms.katalon.core.keyword.BuiltinKeywords.callTestCase(BuiltinKeywords.groovy:334)
	at TC0528.run(TC0528:22)
	at com.kms.katalon.core.main.ScriptEngine.run(ScriptEngine.java:194)
	at com.kms.katalon.core.main.ScriptEngine.runScriptAsRawText(ScriptEngine.java:119)
	at com.kms.katalon.core.main.TestCaseExecutor.runScript(TestCaseExecutor.java:331)
	at com.kms.katalon.core.main.TestCaseExecutor.doExecute(TestCaseExecutor.java:322)
	at com.kms.katalon.core.main.TestCaseExecutor.processExecutionPhase(TestCaseExecutor.java:301)
	at com.kms.katalon.core.main.TestCaseExecutor.accessMainPhase(TestCaseExecutor.java:293)
	at com.kms.katalon.core.main.TestCaseExecutor.execute(TestCaseExecutor.java:227)
	at com.kms.katalon.core.main.TestSuiteExecutor.accessTestCaseMainPhase(TestSuiteExecutor.java:129)
	at com.kms.katalon.core.main.TestSuiteExecutor.accessTestSuiteMainPhase(TestSuiteExecutor.java:112)
	at com.kms.katalon.core.main.TestSuiteExecutor.execute(TestSuiteExecutor.java:81)
	at com.kms.katalon.core.main.TestCaseMain.startTestSuite(TestCaseMain.java:157)
	at com.kms.katalon.core.main.TestCaseMain$startTestSuite$0.call(Unknown Source)
	at TempTestSuite1553670311511.run(TempTestSuite1553670311511.groovy:35)
Caused by: com.kms.katalon.core.exception.StepFailedException: Unable to click on object 'Object Repository/Page_KiboPush  Dashboard/h3_Dashboard (57)'
	at com.kms.katalon.core.webui.keyword.internal.WebUIKeywordMain.stepFailed(WebUIKeywordMain.groovy:64)
	at com.kms.katalon.core.webui.keyword.internal.WebUIKeywordMain.runKeyword(WebUIKeywordMain.groovy:26)
	at com.kms.katalon.core.webui.keyword.builtin.ClickKeyword.click(ClickKeyword.groovy:86)
	at com.kms.katalon.core.webui.keyword.builtin.ClickKeyword.execute(ClickKeyword.groovy:67)
	at com.kms.katalon.core.keyword.internal.KeywordExecutor.executeKeywordForPlatform(KeywordExecutor.groovy:56)
	at com.kms.katalon.core.webui.keyword.WebUiBuiltInKeywords.click(WebUiBuiltInKeywords.groovy:616)
	at com.kms.katalon.core.webui.keyword.WebUiBuiltInKeywords$click$2.call(Unknown Source)
	at Login-KiboEngage.run(Login-KiboEngage:40)
	at com.kms.katalon.core.main.ScriptEngine.run(ScriptEngine.java:194)
	at com.kms.katalon.core.main.ScriptEngine.runScriptAsRawText(ScriptEngine.java:119)
	at com.kms.katalon.core.main.TestCaseExecutor.runScript(TestCaseExecutor.java:331)
	at com.kms.katalon.core.main.TestCaseExecutor.doExecute(TestCaseExecutor.java:322)
	at com.kms.katalon.core.main.TestCaseExecutor.processExecutionPhase(TestCaseExecutor.java:301)
	at com.kms.katalon.core.main.TestCaseExecutor.accessMainPhase(TestCaseExecutor.java:293)
	at com.kms.katalon.core.main.TestCaseExecutor.execute(TestCaseExecutor.java:227)
	at com.kms.katalon.core.main.TestCaseMain.runTestCase(TestCaseMain.java:114)
	at com.kms.katalon.core.keyword.builtin.CallTestCaseKeyword$_callTestCase_closure1.doCall(CallTestCaseKeyword.groovy:59)
	... 36 more
Caused by: com.kms.katalon.core.webui.exception.WebElementNotFoundException: Web element with id: 'Object Repository/Page_KiboPush  Dashboard/h3_Dashboard (57)' located by 'By.xpath: //h3[(text() = 'Dashboard' or . = 'Dashboard')]' not found
	at com.kms.katalon.core.webui.common.WebUiCommonHelper.findWebElement(WebUiCommonHelper.java:1053)
	at com.kms.katalon.core.webui.keyword.internal.WebUIAbstractKeyword.findWebElement(WebUIAbstractKeyword.groovy:27)
	at com.kms.katalon.core.webui.keyword.internal.WebUIAbstractKeyword.findWebElement(WebUIAbstractKeyword.groovy:26)
	at com.kms.katalon.core.webui.keyword.builtin.ClickKeyword$_click_closure1.doCall(ClickKeyword.groovy:77)
	at com.kms.katalon.core.webui.keyword.builtin.ClickKeyword$_click_closure1.call(ClickKeyword.groovy)
	at com.kms.katalon.core.webui.keyword.internal.WebUIKeywordMain.runKeyword(WebUIKeywordMain.groovy:20)
	at com.kms.katalon.core.webui.keyword.builtin.ClickKeyword.click(ClickKeyword.groovy:86)
	at com.kms.katalon.core.webui.keyword.builtin.ClickKeyword.execute(ClickKeyword.groovy:67)
	at com.kms.katalon.core.keyword.internal.KeywordExecutor.executeKeywordForPlatform(KeywordExecutor.groovy:56)
	at com.kms.katalon.core.webui.keyword.WebUiBuiltInKeywords.click(WebUiBuiltInKeywords.groovy:616)
	at com.kms.katalon.core.webui.keyword.WebUiBuiltInKeywords$click$2.call(Unknown Source)
	at Script1542870641933.run(Script1542870641933.groovy:40)
	at com.kms.katalon.core.main.ScriptEngine.run(ScriptEngine.java:194)
	at com.kms.katalon.core.main.ScriptEngine.runScriptAsRawText(ScriptEngine.java:119)
	at com.kms.katalon.core.main.TestCaseExecutor.runScript(TestCaseExecutor.java:331)
	at com.kms.katalon.core.main.TestCaseExecutor.doExecute(TestCaseExecutor.java:322)
	at com.kms.katalon.core.main.TestCaseExecutor.processExecutionPhase(TestCaseExecutor.java:301)
	at com.kms.katalon.core.main.TestCaseExecutor.accessMainPhase(TestCaseExecutor.java:293)
	at com.kms.katalon.core.main.TestCaseExecutor.execute(TestCaseExecutor.java:227)
	at com.kms.katalon.core.main.TestCaseMain.runTestCase(TestCaseMain.java:114)
	at com.kms.katalon.core.keyword.builtin.CallTestCaseKeyword$_callTestCase_closure1.doCall(CallTestCaseKeyword.groovy:59)
	at com.kms.katalon.core.keyword.builtin.CallTestCaseKeyword$_callTestCase_closure1.call(CallTestCaseKeyword.groovy)
	at com.kms.katalon.core.keyword.internal.KeywordMain.runKeyword(KeywordMain.groovy:66)
	at com.kms.katalon.core.keyword.builtin.CallTestCaseKeyword.callTestCase(CallTestCaseKeyword.groovy:81)
	at com.kms.katalon.core.keyword.builtin.CallTestCaseKeyword.execute(CallTestCaseKeyword.groovy:44)
	at com.kms.katalon.core.keyword.internal.KeywordExecutor.executeKeywordForPlatform(KeywordExecutor.groovy:56)
	at com.kms.katalon.core.keyword.BuiltinKeywords.callTestCase(BuiltinKeywords.groovy:334)
	at Script1537021633628.run(Script1537021633628.groovy:22)
	at com.kms.katalon.core.main.ScriptEngine.run(ScriptEngine.java:194)
	at com.kms.katalon.core.main.ScriptEngine.runScriptAsRawText(ScriptEngine.java:119)
	at com.kms.katalon.core.main.TestCaseExecutor.runScript(TestCaseExecutor.java:331)
	at com.kms.katalon.core.main.TestCaseExecutor.doExecute(TestCaseExecutor.java:322)
	at com.kms.katalon.core.main.TestCaseExecutor.processExecutionPhase(TestCaseExecutor.java:301)
	at com.kms.katalon.core.main.TestCaseExecutor.accessMainPhase(TestCaseExecutor.java:293)
	at com.kms.katalon.core.main.TestCaseExecutor.execute(TestCaseExecutor.java:227)
	at com.kms.katalon.core.main.TestCaseMain.runTestCase(TestCaseMain.java:114)
	at com.kms.katalon.core.keyword.builtin.CallTestCaseKeyword$_callTestCase_closure1.doCall(CallTestCaseKeyword.groovy:59)
	at com.kms.katalon.core.keyword.builtin.CallTestCaseKeyword$_callTestCase_closure1.call(CallTestCaseKeyword.groovy)
	at com.kms.katalon.core.keyword.internal.KeywordMain.runKeyword(KeywordMain.groovy:66)
	at com.kms.katalon.core.keyword.builtin.CallTestCaseKeyword.callTestCase(CallTestCaseKeyword.groovy:81)
	at com.kms.katalon.core.keyword.builtin.CallTestCaseKeyword.execute(CallTestCaseKeyword.groovy:44)
	at com.kms.katalon.core.keyword.internal.KeywordExecutor.executeKeywordForPlatform(KeywordExecutor.groovy:56)
	at com.kms.katalon.core.keyword.BuiltinKeywords.callTestCase(BuiltinKeywords.groovy:334)
	at Script1535542225183.run(Script1535542225183.groovy:22)
	... 13 more


2019-03-27 12:25:29 - [MESSAGE][FAILED] - Unable to call Test Case 'Test Cases/s-sidebar_navigation/individualAccount/Comment capture' (Root cause: com.kms.katalon.core.exception.StepFailedException: Call Test Case 'Test Cases/s-sidebar_navigation/individualAccount/Comment capture' failed
	at com.kms.katalon.core.keyword.builtin.CallTestCaseKeyword$_callTestCase_closure1.doCall(CallTestCaseKeyword.groovy:63)
	at com.kms.katalon.core.keyword.builtin.CallTestCaseKeyword$_callTestCase_closure1.call(CallTestCaseKeyword.groovy)
	at com.kms.katalon.core.keyword.internal.KeywordMain.runKeyword(KeywordMain.groovy:66)
	at com.kms.katalon.core.keyword.builtin.CallTestCaseKeyword.callTestCase(CallTestCaseKeyword.groovy:81)
	at com.kms.katalon.core.keyword.builtin.CallTestCaseKeyword.execute(CallTestCaseKeyword.groovy:44)
	at com.kms.katalon.core.keyword.internal.KeywordExecutor.executeKeywordForPlatform(KeywordExecutor.groovy:56)
	at com.kms.katalon.core.keyword.BuiltinKeywords.callTestCase(BuiltinKeywords.groovy:334)
	at TC0528.run(TC0528:22)
	at com.kms.katalon.core.main.ScriptEngine.run(ScriptEngine.java:194)
	at com.kms.katalon.core.main.ScriptEngine.runScriptAsRawText(ScriptEngine.java:119)
	at com.kms.katalon.core.main.TestCaseExecutor.runScript(TestCaseExecutor.java:331)
	at com.kms.katalon.core.main.TestCaseExecutor.doExecute(TestCaseExecutor.java:322)
	at com.kms.katalon.core.main.TestCaseExecutor.processExecutionPhase(TestCaseExecutor.java:301)
	at com.kms.katalon.core.main.TestCaseExecutor.accessMainPhase(TestCaseExecutor.java:293)
	at com.kms.katalon.core.main.TestCaseExecutor.execute(TestCaseExecutor.java:227)
	at com.kms.katalon.core.main.TestSuiteExecutor.accessTestCaseMainPhase(TestSuiteExecutor.java:129)
	at com.kms.katalon.core.main.TestSuiteExecutor.accessTestSuiteMainPhase(TestSuiteExecutor.java:112)
	at com.kms.katalon.core.main.TestSuiteExecutor.execute(TestSuiteExecutor.java:81)
	at com.kms.katalon.core.main.TestCaseMain.startTestSuite(TestCaseMain.java:157)
	at com.kms.katalon.core.main.TestCaseMain$startTestSuite$0.call(Unknown Source)
	at TempTestSuite1553670311511.run(TempTestSuite1553670311511.groovy:35)
Caused by: com.kms.katalon.core.exception.StepFailedException: Call Test Case 'Test Cases/s-sidebar_navigation/individualAccount/Login-KiboEngage' failed
	at com.kms.katalon.core.keyword.builtin.CallTestCaseKeyword$_callTestCase_closure1.doCall(CallTestCaseKeyword.groovy:63)
	at com.kms.katalon.core.keyword.builtin.CallTestCaseKeyword$_callTestCase_closure1.call(CallTestCaseKeyword.groovy)
	at com.kms.katalon.core.keyword.internal.KeywordMain.runKeyword(KeywordMain.groovy:66)
	at com.kms.katalon.core.keyword.builtin.CallTestCaseKeyword.callTestCase(CallTestCaseKeyword.groovy:81)
	at com.kms.katalon.core.keyword.builtin.CallTestCaseKeyword.execute(CallTestCaseKeyword.groovy:44)
	at com.kms.katalon.core.keyword.internal.KeywordExecutor.executeKeywordForPlatform(KeywordExecutor.groovy:56)
	at com.kms.katalon.core.keyword.BuiltinKeywords.callTestCase(BuiltinKeywords.groovy:334)
	at Comment capture.run(Comment capture:22)
	at com.kms.katalon.core.main.ScriptEngine.run(ScriptEngine.java:194)
	at com.kms.katalon.core.main.ScriptEngine.runScriptAsRawText(ScriptEngine.java:119)
	at com.kms.katalon.core.main.TestCaseExecutor.runScript(TestCaseExecutor.java:331)
	at com.kms.katalon.core.main.TestCaseExecutor.doExecute(TestCaseExecutor.java:322)
	at com.kms.katalon.core.main.TestCaseExecutor.processExecutionPhase(TestCaseExecutor.java:301)
	at com.kms.katalon.core.main.TestCaseExecutor.accessMainPhase(TestCaseExecutor.java:293)
	at com.kms.katalon.core.main.TestCaseExecutor.execute(TestCaseExecutor.java:227)
	at com.kms.katalon.core.main.TestCaseMain.runTestCase(TestCaseMain.java:114)
	at com.kms.katalon.core.keyword.builtin.CallTestCaseKeyword$_callTestCase_closure1.doCall(CallTestCaseKeyword.groovy:59)
	... 20 more
Caused by: com.kms.katalon.core.exception.StepFailedException: Unable to click on object 'Object Repository/Page_KiboPush  Dashboard/h3_Dashboard (57)'
	at com.kms.katalon.core.webui.keyword.internal.WebUIKeywordMain.stepFailed(WebUIKeywordMain.groovy:64)
	at com.kms.katalon.core.webui.keyword.internal.WebUIKeywordMain.runKeyword(WebUIKeywordMain.groovy:26)
	at com.kms.katalon.core.webui.keyword.builtin.ClickKeyword.click(ClickKeyword.groovy:86)
	at com.kms.katalon.core.webui.keyword.builtin.ClickKeyword.execute(ClickKeyword.groovy:67)
	at com.kms.katalon.core.keyword.internal.KeywordExecutor.executeKeywordForPlatform(KeywordExecutor.groovy:56)
	at com.kms.katalon.core.webui.keyword.WebUiBuiltInKeywords.click(WebUiBuiltInKeywords.groovy:616)
	at com.kms.katalon.core.webui.keyword.WebUiBuiltInKeywords$click$2.call(Unknown Source)
	at Login-KiboEngage.run(Login-KiboEngage:40)
	at com.kms.katalon.core.main.ScriptEngine.run(ScriptEngine.java:194)
	at com.kms.katalon.core.main.ScriptEngine.runScriptAsRawText(ScriptEngine.java:119)
	at com.kms.katalon.core.main.TestCaseExecutor.runScript(TestCaseExecutor.java:331)
	at com.kms.katalon.core.main.TestCaseExecutor.doExecute(TestCaseExecutor.java:322)
	at com.kms.katalon.core.main.TestCaseExecutor.processExecutionPhase(TestCaseExecutor.java:301)
	at com.kms.katalon.core.main.TestCaseExecutor.accessMainPhase(TestCaseExecutor.java:293)
	at com.kms.katalon.core.main.TestCaseExecutor.execute(TestCaseExecutor.java:227)
	at com.kms.katalon.core.main.TestCaseMain.runTestCase(TestCaseMain.java:114)
	at com.kms.katalon.core.keyword.builtin.CallTestCaseKeyword$_callTestCase_closure1.doCall(CallTestCaseKeyword.groovy:59)
	... 36 more
Caused by: com.kms.katalon.core.webui.exception.WebElementNotFoundException: Web element with id: 'Object Repository/Page_KiboPush  Dashboard/h3_Dashboard (57)' located by 'By.xpath: //h3[(text() = 'Dashboard' or . = 'Dashboard')]' not found
	at com.kms.katalon.core.webui.common.WebUiCommonHelper.findWebElement(WebUiCommonHelper.java:1053)
	at com.kms.katalon.core.webui.keyword.internal.WebUIAbstractKeyword.findWebElement(WebUIAbstractKeyword.groovy:27)
	at com.kms.katalon.core.webui.keyword.internal.WebUIAbstractKeyword.findWebElement(WebUIAbstractKeyword.groovy:26)
	at com.kms.katalon.core.webui.keyword.builtin.ClickKeyword$_click_closure1.doCall(ClickKeyword.groovy:77)
	at com.kms.katalon.core.webui.keyword.builtin.ClickKeyword$_click_closure1.call(ClickKeyword.groovy)
	at com.kms.katalon.core.webui.keyword.internal.WebUIKeywordMain.runKeyword(WebUIKeywordMain.groovy:20)
	at com.kms.katalon.core.webui.keyword.builtin.ClickKeyword.click(ClickKeyword.groovy:86)
	at com.kms.katalon.core.webui.keyword.builtin.ClickKeyword.execute(ClickKeyword.groovy:67)
	at com.kms.katalon.core.keyword.internal.KeywordExecutor.executeKeywordForPlatform(KeywordExecutor.groovy:56)
	at com.kms.katalon.core.webui.keyword.WebUiBuiltInKeywords.click(WebUiBuiltInKeywords.groovy:616)
	at com.kms.katalon.core.webui.keyword.WebUiBuiltInKeywords$click$2.call(Unknown Source)
	at Script1542870641933.run(Script1542870641933.groovy:40)
	at com.kms.katalon.core.main.ScriptEngine.run(ScriptEngine.java:194)
	at com.kms.katalon.core.main.ScriptEngine.runScriptAsRawText(ScriptEngine.java:119)
	at com.kms.katalon.core.main.TestCaseExecutor.runScript(TestCaseExecutor.java:331)
	at com.kms.katalon.core.main.TestCaseExecutor.doExecute(TestCaseExecutor.java:322)
	at com.kms.katalon.core.main.TestCaseExecutor.processExecutionPhase(TestCaseExecutor.java:301)
	at com.kms.katalon.core.main.TestCaseExecutor.accessMainPhase(TestCaseExecutor.java:293)
	at com.kms.katalon.core.main.TestCaseExecutor.execute(TestCaseExecutor.java:227)
	at com.kms.katalon.core.main.TestCaseMain.runTestCase(TestCaseMain.java:114)
	at com.kms.katalon.core.keyword.builtin.CallTestCaseKeyword$_callTestCase_closure1.doCall(CallTestCaseKeyword.groovy:59)
	at com.kms.katalon.core.keyword.builtin.CallTestCaseKeyword$_callTestCase_closure1.call(CallTestCaseKeyword.groovy)
	at com.kms.katalon.core.keyword.internal.KeywordMain.runKeyword(KeywordMain.groovy:66)
	at com.kms.katalon.core.keyword.builtin.CallTestCaseKeyword.callTestCase(CallTestCaseKeyword.groovy:81)
	at com.kms.katalon.core.keyword.builtin.CallTestCaseKeyword.execute(CallTestCaseKeyword.groovy:44)
	at com.kms.katalon.core.keyword.internal.KeywordExecutor.executeKeywordForPlatform(KeywordExecutor.groovy:56)
	at com.kms.katalon.core.keyword.BuiltinKeywords.callTestCase(BuiltinKeywords.groovy:334)
	at Script1537021633628.run(Script1537021633628.groovy:22)
	at com.kms.katalon.core.main.ScriptEngine.run(ScriptEngine.java:194)
	at com.kms.katalon.core.main.ScriptEngine.runScriptAsRawText(ScriptEngine.java:119)
	at com.kms.katalon.core.main.TestCaseExecutor.runScript(TestCaseExecutor.java:331)
	at com.kms.katalon.core.main.TestCaseExecutor.doExecute(TestCaseExecutor.java:322)
	at com.kms.katalon.core.main.TestCaseExecutor.processExecutionPhase(TestCaseExecutor.java:301)
	at com.kms.katalon.core.main.TestCaseExecutor.accessMainPhase(TestCaseExecutor.java:293)
	at com.kms.katalon.core.main.TestCaseExecutor.execute(TestCaseExecutor.java:227)
	at com.kms.katalon.core.main.TestCaseMain.runTestCase(TestCaseMain.java:114)
	at com.kms.katalon.core.keyword.builtin.CallTestCaseKeyword$_callTestCase_closure1.doCall(CallTestCaseKeyword.groovy:59)
	at com.kms.katalon.core.keyword.builtin.CallTestCaseKeyword$_callTestCase_closure1.call(CallTestCaseKeyword.groovy)
	at com.kms.katalon.core.keyword.internal.KeywordMain.runKeyword(KeywordMain.groovy:66)
	at com.kms.katalon.core.keyword.builtin.CallTestCaseKeyword.callTestCase(CallTestCaseKeyword.groovy:81)
	at com.kms.katalon.core.keyword.builtin.CallTestCaseKeyword.execute(CallTestCaseKeyword.groovy:44)
	at com.kms.katalon.core.keyword.internal.KeywordExecutor.executeKeywordForPlatform(KeywordExecutor.groovy:56)
	at com.kms.katalon.core.keyword.BuiltinKeywords.callTestCase(BuiltinKeywords.groovy:334)
	at Script1535542225183.run(Script1535542225183.groovy:22)
	... 13 more
)

2019-03-27 12:25:29 - [MESSAGE][FAILED] - callTestCase(findTestCase("s-sidebar_navigation/individualAccount/Comment capture"), [:], STOP_ON_FAILURE) FAILED.
Reason:
com.kms.katalon.core.exception.StepFailedException: Call Test Case 'Test Cases/s-sidebar_navigation/individualAccount/Comment capture' failed
	at com.kms.katalon.core.keyword.builtin.CallTestCaseKeyword$_callTestCase_closure1.doCall(CallTestCaseKeyword.groovy:63)
	at com.kms.katalon.core.keyword.builtin.CallTestCaseKeyword$_callTestCase_closure1.call(CallTestCaseKeyword.groovy)
	at com.kms.katalon.core.keyword.internal.KeywordMain.runKeyword(KeywordMain.groovy:66)
	at com.kms.katalon.core.keyword.builtin.CallTestCaseKeyword.callTestCase(CallTestCaseKeyword.groovy:81)
	at com.kms.katalon.core.keyword.builtin.CallTestCaseKeyword.execute(CallTestCaseKeyword.groovy:44)
	at com.kms.katalon.core.keyword.internal.KeywordExecutor.executeKeywordForPlatform(KeywordExecutor.groovy:56)
	at com.kms.katalon.core.keyword.BuiltinKeywords.callTestCase(BuiltinKeywords.groovy:334)
	at TC0528.run(TC0528:22)
	at com.kms.katalon.core.main.ScriptEngine.run(ScriptEngine.java:194)
	at com.kms.katalon.core.main.ScriptEngine.runScriptAsRawText(ScriptEngine.java:119)
	at com.kms.katalon.core.main.TestCaseExecutor.runScript(TestCaseExecutor.java:331)
	at com.kms.katalon.core.main.TestCaseExecutor.doExecute(TestCaseExecutor.java:322)
	at com.kms.katalon.core.main.TestCaseExecutor.processExecutionPhase(TestCaseExecutor.java:301)
	at com.kms.katalon.core.main.TestCaseExecutor.accessMainPhase(TestCaseExecutor.java:293)
	at com.kms.katalon.core.main.TestCaseExecutor.execute(TestCaseExecutor.java:227)
	at com.kms.katalon.core.main.TestSuiteExecutor.accessTestCaseMainPhase(TestSuiteExecutor.java:129)
	at com.kms.katalon.core.main.TestSuiteExecutor.accessTestSuiteMainPhase(TestSuiteExecutor.java:112)
	at com.kms.katalon.core.main.TestSuiteExecutor.execute(TestSuiteExecutor.java:81)
	at com.kms.katalon.core.main.TestCaseMain.startTestSuite(TestCaseMain.java:157)
	at com.kms.katalon.core.main.TestCaseMain$startTestSuite$0.call(Unknown Source)
	at TempTestSuite1553670311511.run(TempTestSuite1553670311511.groovy:35)
Caused by: com.kms.katalon.core.exception.StepFailedException: Call Test Case 'Test Cases/s-sidebar_navigation/individualAccount/Login-KiboEngage' failed
	at com.kms.katalon.core.keyword.builtin.CallTestCaseKeyword$_callTestCase_closure1.doCall(CallTestCaseKeyword.groovy:63)
	at com.kms.katalon.core.keyword.builtin.CallTestCaseKeyword$_callTestCase_closure1.call(CallTestCaseKeyword.groovy)
	at com.kms.katalon.core.keyword.internal.KeywordMain.runKeyword(KeywordMain.groovy:66)
	at com.kms.katalon.core.keyword.builtin.CallTestCaseKeyword.callTestCase(CallTestCaseKeyword.groovy:81)
	at com.kms.katalon.core.keyword.builtin.CallTestCaseKeyword.execute(CallTestCaseKeyword.groovy:44)
	at com.kms.katalon.core.keyword.internal.KeywordExecutor.executeKeywordForPlatform(KeywordExecutor.groovy:56)
	at com.kms.katalon.core.keyword.BuiltinKeywords.callTestCase(BuiltinKeywords.groovy:334)
	at Comment capture.run(Comment capture:22)
	at com.kms.katalon.core.main.ScriptEngine.run(ScriptEngine.java:194)
	at com.kms.katalon.core.main.ScriptEngine.runScriptAsRawText(ScriptEngine.java:119)
	at com.kms.katalon.core.main.TestCaseExecutor.runScript(TestCaseExecutor.java:331)
	at com.kms.katalon.core.main.TestCaseExecutor.doExecute(TestCaseExecutor.java:322)
	at com.kms.katalon.core.main.TestCaseExecutor.processExecutionPhase(TestCaseExecutor.java:301)
	at com.kms.katalon.core.main.TestCaseExecutor.accessMainPhase(TestCaseExecutor.java:293)
	at com.kms.katalon.core.main.TestCaseExecutor.execute(TestCaseExecutor.java:227)
	at com.kms.katalon.core.main.TestCaseMain.runTestCase(TestCaseMain.java:114)
	at com.kms.katalon.core.keyword.builtin.CallTestCaseKeyword$_callTestCase_closure1.doCall(CallTestCaseKeyword.groovy:59)
	... 20 more
Caused by: com.kms.katalon.core.exception.StepFailedException: Unable to click on object 'Object Repository/Page_KiboPush  Dashboard/h3_Dashboard (57)'
	at com.kms.katalon.core.webui.keyword.internal.WebUIKeywordMain.stepFailed(WebUIKeywordMain.groovy:64)
	at com.kms.katalon.core.webui.keyword.internal.WebUIKeywordMain.runKeyword(WebUIKeywordMain.groovy:26)
	at com.kms.katalon.core.webui.keyword.builtin.ClickKeyword.click(ClickKeyword.groovy:86)
	at com.kms.katalon.core.webui.keyword.builtin.ClickKeyword.execute(ClickKeyword.groovy:67)
	at com.kms.katalon.core.keyword.internal.KeywordExecutor.executeKeywordForPlatform(KeywordExecutor.groovy:56)
	at com.kms.katalon.core.webui.keyword.WebUiBuiltInKeywords.click(WebUiBuiltInKeywords.groovy:616)
	at com.kms.katalon.core.webui.keyword.WebUiBuiltInKeywords$click$2.call(Unknown Source)
	at Login-KiboEngage.run(Login-KiboEngage:40)
	at com.kms.katalon.core.main.ScriptEngine.run(ScriptEngine.java:194)
	at com.kms.katalon.core.main.ScriptEngine.runScriptAsRawText(ScriptEngine.java:119)
	at com.kms.katalon.core.main.TestCaseExecutor.runScript(TestCaseExecutor.java:331)
	at com.kms.katalon.core.main.TestCaseExecutor.doExecute(TestCaseExecutor.java:322)
	at com.kms.katalon.core.main.TestCaseExecutor.processExecutionPhase(TestCaseExecutor.java:301)
	at com.kms.katalon.core.main.TestCaseExecutor.accessMainPhase(TestCaseExecutor.java:293)
	at com.kms.katalon.core.main.TestCaseExecutor.execute(TestCaseExecutor.java:227)
	at com.kms.katalon.core.main.TestCaseMain.runTestCase(TestCaseMain.java:114)
	at com.kms.katalon.core.keyword.builtin.CallTestCaseKeyword$_callTestCase_closure1.doCall(CallTestCaseKeyword.groovy:59)
	... 36 more
Caused by: com.kms.katalon.core.webui.exception.WebElementNotFoundException: Web element with id: 'Object Repository/Page_KiboPush  Dashboard/h3_Dashboard (57)' located by 'By.xpath: //h3[(text() = 'Dashboard' or . = 'Dashboard')]' not found
	at com.kms.katalon.core.webui.common.WebUiCommonHelper.findWebElement(WebUiCommonHelper.java:1053)
	at com.kms.katalon.core.webui.keyword.internal.WebUIAbstractKeyword.findWebElement(WebUIAbstractKeyword.groovy:27)
	at com.kms.katalon.core.webui.keyword.internal.WebUIAbstractKeyword.findWebElement(WebUIAbstractKeyword.groovy:26)
	at com.kms.katalon.core.webui.keyword.builtin.ClickKeyword$_click_closure1.doCall(ClickKeyword.groovy:77)
	at com.kms.katalon.core.webui.keyword.builtin.ClickKeyword$_click_closure1.call(ClickKeyword.groovy)
	at com.kms.katalon.core.webui.keyword.internal.WebUIKeywordMain.runKeyword(WebUIKeywordMain.groovy:20)
	at com.kms.katalon.core.webui.keyword.builtin.ClickKeyword.click(ClickKeyword.groovy:86)
	at com.kms.katalon.core.webui.keyword.builtin.ClickKeyword.execute(ClickKeyword.groovy:67)
	at com.kms.katalon.core.keyword.internal.KeywordExecutor.executeKeywordForPlatform(KeywordExecutor.groovy:56)
	at com.kms.katalon.core.webui.keyword.WebUiBuiltInKeywords.click(WebUiBuiltInKeywords.groovy:616)
	at com.kms.katalon.core.webui.keyword.WebUiBuiltInKeywords$click$2.call(Unknown Source)
	at Script1542870641933.run(Script1542870641933.groovy:40)
	at com.kms.katalon.core.main.ScriptEngine.run(ScriptEngine.java:194)
	at com.kms.katalon.core.main.ScriptEngine.runScriptAsRawText(ScriptEngine.java:119)
	at com.kms.katalon.core.main.TestCaseExecutor.runScript(TestCaseExecutor.java:331)
	at com.kms.katalon.core.main.TestCaseExecutor.doExecute(TestCaseExecutor.java:322)
	at com.kms.katalon.core.main.TestCaseExecutor.processExecutionPhase(TestCaseExecutor.java:301)
	at com.kms.katalon.core.main.TestCaseExecutor.accessMainPhase(TestCaseExecutor.java:293)
	at com.kms.katalon.core.main.TestCaseExecutor.execute(TestCaseExecutor.java:227)
	at com.kms.katalon.core.main.TestCaseMain.runTestCase(TestCaseMain.java:114)
	at com.kms.katalon.core.keyword.builtin.CallTestCaseKeyword$_callTestCase_closure1.doCall(CallTestCaseKeyword.groovy:59)
	at com.kms.katalon.core.keyword.builtin.CallTestCaseKeyword$_callTestCase_closure1.call(CallTestCaseKeyword.groovy)
	at com.kms.katalon.core.keyword.internal.KeywordMain.runKeyword(KeywordMain.groovy:66)
	at com.kms.katalon.core.keyword.builtin.CallTestCaseKeyword.callTestCase(CallTestCaseKeyword.groovy:81)
	at com.kms.katalon.core.keyword.builtin.CallTestCaseKeyword.execute(CallTestCaseKeyword.groovy:44)
	at com.kms.katalon.core.keyword.internal.KeywordExecutor.executeKeywordForPlatform(KeywordExecutor.groovy:56)
	at com.kms.katalon.core.keyword.BuiltinKeywords.callTestCase(BuiltinKeywords.groovy:334)
	at Script1537021633628.run(Script1537021633628.groovy:22)
	at com.kms.katalon.core.main.ScriptEngine.run(ScriptEngine.java:194)
	at com.kms.katalon.core.main.ScriptEngine.runScriptAsRawText(ScriptEngine.java:119)
	at com.kms.katalon.core.main.TestCaseExecutor.runScript(TestCaseExecutor.java:331)
	at com.kms.katalon.core.main.TestCaseExecutor.doExecute(TestCaseExecutor.java:322)
	at com.kms.katalon.core.main.TestCaseExecutor.processExecutionPhase(TestCaseExecutor.java:301)
	at com.kms.katalon.core.main.TestCaseExecutor.accessMainPhase(TestCaseExecutor.java:293)
	at com.kms.katalon.core.main.TestCaseExecutor.execute(TestCaseExecutor.java:227)
	at com.kms.katalon.core.main.TestCaseMain.runTestCase(TestCaseMain.java:114)
	at com.kms.katalon.core.keyword.builtin.CallTestCaseKeyword$_callTestCase_closure1.doCall(CallTestCaseKeyword.groovy:59)
	at com.kms.katalon.core.keyword.builtin.CallTestCaseKeyword$_callTestCase_closure1.call(CallTestCaseKeyword.groovy)
	at com.kms.katalon.core.keyword.internal.KeywordMain.runKeyword(KeywordMain.groovy:66)
	at com.kms.katalon.core.keyword.builtin.CallTestCaseKeyword.callTestCase(CallTestCaseKeyword.groovy:81)
	at com.kms.katalon.core.keyword.builtin.CallTestCaseKeyword.execute(CallTestCaseKeyword.groovy:44)
	at com.kms.katalon.core.keyword.internal.KeywordExecutor.executeKeywordForPlatform(KeywordExecutor.groovy:56)
	at com.kms.katalon.core.keyword.BuiltinKeywords.callTestCase(BuiltinKeywords.groovy:334)
	at Script1535542225183.run(Script1535542225183.groovy:22)
	... 13 more]]></system-out>
         <system-err><![CDATA[2019-03-27 12:24:08 - [TEST_CASE][FAILED] - Test Cases/Comment Capture TestCases/TC0528: Test Cases/Comment Capture TestCases/TC0528 FAILED.
Reason:
com.kms.katalon.core.exception.StepFailedException: Call Test Case 'Test Cases/s-sidebar_navigation/individualAccount/Comment capture' failed
	at com.kms.katalon.core.keyword.builtin.CallTestCaseKeyword$_callTestCase_closure1.doCall(CallTestCaseKeyword.groovy:63)
	at com.kms.katalon.core.keyword.builtin.CallTestCaseKeyword$_callTestCase_closure1.call(CallTestCaseKeyword.groovy)
	at com.kms.katalon.core.keyword.internal.KeywordMain.runKeyword(KeywordMain.groovy:66)
	at com.kms.katalon.core.keyword.builtin.CallTestCaseKeyword.callTestCase(CallTestCaseKeyword.groovy:81)
	at com.kms.katalon.core.keyword.builtin.CallTestCaseKeyword.execute(CallTestCaseKeyword.groovy:44)
	at com.kms.katalon.core.keyword.internal.KeywordExecutor.executeKeywordForPlatform(KeywordExecutor.groovy:56)
	at com.kms.katalon.core.keyword.BuiltinKeywords.callTestCase(BuiltinKeywords.groovy:334)
	at TC0528.run(TC0528:22)
	at com.kms.katalon.core.main.ScriptEngine.run(ScriptEngine.java:194)
	at com.kms.katalon.core.main.ScriptEngine.runScriptAsRawText(ScriptEngine.java:119)
	at com.kms.katalon.core.main.TestCaseExecutor.runScript(TestCaseExecutor.java:331)
	at com.kms.katalon.core.main.TestCaseExecutor.doExecute(TestCaseExecutor.java:322)
	at com.kms.katalon.core.main.TestCaseExecutor.processExecutionPhase(TestCaseExecutor.java:301)
	at com.kms.katalon.core.main.TestCaseExecutor.accessMainPhase(TestCaseExecutor.java:293)
	at com.kms.katalon.core.main.TestCaseExecutor.execute(TestCaseExecutor.java:227)
	at com.kms.katalon.core.main.TestSuiteExecutor.accessTestCaseMainPhase(TestSuiteExecutor.java:129)
	at com.kms.katalon.core.main.TestSuiteExecutor.accessTestSuiteMainPhase(TestSuiteExecutor.java:112)
	at com.kms.katalon.core.main.TestSuiteExecutor.execute(TestSuiteExecutor.java:81)
	at com.kms.katalon.core.main.TestCaseMain.startTestSuite(TestCaseMain.java:157)
	at com.kms.katalon.core.main.TestCaseMain$startTestSuite$0.call(Unknown Source)
	at TempTestSuite1553670311511.run(TempTestSuite1553670311511.groovy:35)
Caused by: com.kms.katalon.core.exception.StepFailedException: Call Test Case 'Test Cases/s-sidebar_navigation/individualAccount/Login-KiboEngage' failed
	at com.kms.katalon.core.keyword.builtin.CallTestCaseKeyword$_callTestCase_closure1.doCall(CallTestCaseKeyword.groovy:63)
	at com.kms.katalon.core.keyword.builtin.CallTestCaseKeyword$_callTestCase_closure1.call(CallTestCaseKeyword.groovy)
	at com.kms.katalon.core.keyword.internal.KeywordMain.runKeyword(KeywordMain.groovy:66)
	at com.kms.katalon.core.keyword.builtin.CallTestCaseKeyword.callTestCase(CallTestCaseKeyword.groovy:81)
	at com.kms.katalon.core.keyword.builtin.CallTestCaseKeyword.execute(CallTestCaseKeyword.groovy:44)
	at com.kms.katalon.core.keyword.internal.KeywordExecutor.executeKeywordForPlatform(KeywordExecutor.groovy:56)
	at com.kms.katalon.core.keyword.BuiltinKeywords.callTestCase(BuiltinKeywords.groovy:334)
	at Comment capture.run(Comment capture:22)
	at com.kms.katalon.core.main.ScriptEngine.run(ScriptEngine.java:194)
	at com.kms.katalon.core.main.ScriptEngine.runScriptAsRawText(ScriptEngine.java:119)
	at com.kms.katalon.core.main.TestCaseExecutor.runScript(TestCaseExecutor.java:331)
	at com.kms.katalon.core.main.TestCaseExecutor.doExecute(TestCaseExecutor.java:322)
	at com.kms.katalon.core.main.TestCaseExecutor.processExecutionPhase(TestCaseExecutor.java:301)
	at com.kms.katalon.core.main.TestCaseExecutor.accessMainPhase(TestCaseExecutor.java:293)
	at com.kms.katalon.core.main.TestCaseExecutor.execute(TestCaseExecutor.java:227)
	at com.kms.katalon.core.main.TestCaseMain.runTestCase(TestCaseMain.java:114)
	at com.kms.katalon.core.keyword.builtin.CallTestCaseKeyword$_callTestCase_closure1.doCall(CallTestCaseKeyword.groovy:59)
	... 20 more
Caused by: com.kms.katalon.core.exception.StepFailedException: Unable to click on object 'Object Repository/Page_KiboPush  Dashboard/h3_Dashboard (57)'
	at com.kms.katalon.core.webui.keyword.internal.WebUIKeywordMain.stepFailed(WebUIKeywordMain.groovy:64)
	at com.kms.katalon.core.webui.keyword.internal.WebUIKeywordMain.runKeyword(WebUIKeywordMain.groovy:26)
	at com.kms.katalon.core.webui.keyword.builtin.ClickKeyword.click(ClickKeyword.groovy:86)
	at com.kms.katalon.core.webui.keyword.builtin.ClickKeyword.execute(ClickKeyword.groovy:67)
	at com.kms.katalon.core.keyword.internal.KeywordExecutor.executeKeywordForPlatform(KeywordExecutor.groovy:56)
	at com.kms.katalon.core.webui.keyword.WebUiBuiltInKeywords.click(WebUiBuiltInKeywords.groovy:616)
	at com.kms.katalon.core.webui.keyword.WebUiBuiltInKeywords$click$2.call(Unknown Source)
	at Login-KiboEngage.run(Login-KiboEngage:40)
	at com.kms.katalon.core.main.ScriptEngine.run(ScriptEngine.java:194)
	at com.kms.katalon.core.main.ScriptEngine.runScriptAsRawText(ScriptEngine.java:119)
	at com.kms.katalon.core.main.TestCaseExecutor.runScript(TestCaseExecutor.java:331)
	at com.kms.katalon.core.main.TestCaseExecutor.doExecute(TestCaseExecutor.java:322)
	at com.kms.katalon.core.main.TestCaseExecutor.processExecutionPhase(TestCaseExecutor.java:301)
	at com.kms.katalon.core.main.TestCaseExecutor.accessMainPhase(TestCaseExecutor.java:293)
	at com.kms.katalon.core.main.TestCaseExecutor.execute(TestCaseExecutor.java:227)
	at com.kms.katalon.core.main.TestCaseMain.runTestCase(TestCaseMain.java:114)
	at com.kms.katalon.core.keyword.builtin.CallTestCaseKeyword$_callTestCase_closure1.doCall(CallTestCaseKeyword.groovy:59)
	... 36 more
Caused by: com.kms.katalon.core.webui.exception.WebElementNotFoundException: Web element with id: 'Object Repository/Page_KiboPush  Dashboard/h3_Dashboard (57)' located by 'By.xpath: //h3[(text() = 'Dashboard' or . = 'Dashboard')]' not found
	at com.kms.katalon.core.webui.common.WebUiCommonHelper.findWebElement(WebUiCommonHelper.java:1053)
	at com.kms.katalon.core.webui.keyword.internal.WebUIAbstractKeyword.findWebElement(WebUIAbstractKeyword.groovy:27)
	at com.kms.katalon.core.webui.keyword.internal.WebUIAbstractKeyword.findWebElement(WebUIAbstractKeyword.groovy:26)
	at com.kms.katalon.core.webui.keyword.builtin.ClickKeyword$_click_closure1.doCall(ClickKeyword.groovy:77)
	at com.kms.katalon.core.webui.keyword.builtin.ClickKeyword$_click_closure1.call(ClickKeyword.groovy)
	at com.kms.katalon.core.webui.keyword.internal.WebUIKeywordMain.runKeyword(WebUIKeywordMain.groovy:20)
	at com.kms.katalon.core.webui.keyword.builtin.ClickKeyword.click(ClickKeyword.groovy:86)
	at com.kms.katalon.core.webui.keyword.builtin.ClickKeyword.execute(ClickKeyword.groovy:67)
	at com.kms.katalon.core.keyword.internal.KeywordExecutor.executeKeywordForPlatform(KeywordExecutor.groovy:56)
	at com.kms.katalon.core.webui.keyword.WebUiBuiltInKeywords.click(WebUiBuiltInKeywords.groovy:616)
	at com.kms.katalon.core.webui.keyword.WebUiBuiltInKeywords$click$2.call(Unknown Source)
	at Script1542870641933.run(Script1542870641933.groovy:40)
	at com.kms.katalon.core.main.ScriptEngine.run(ScriptEngine.java:194)
	at com.kms.katalon.core.main.ScriptEngine.runScriptAsRawText(ScriptEngine.java:119)
	at com.kms.katalon.core.main.TestCaseExecutor.runScript(TestCaseExecutor.java:331)
	at com.kms.katalon.core.main.TestCaseExecutor.doExecute(TestCaseExecutor.java:322)
	at com.kms.katalon.core.main.TestCaseExecutor.processExecutionPhase(TestCaseExecutor.java:301)
	at com.kms.katalon.core.main.TestCaseExecutor.accessMainPhase(TestCaseExecutor.java:293)
	at com.kms.katalon.core.main.TestCaseExecutor.execute(TestCaseExecutor.java:227)
	at com.kms.katalon.core.main.TestCaseMain.runTestCase(TestCaseMain.java:114)
	at com.kms.katalon.core.keyword.builtin.CallTestCaseKeyword$_callTestCase_closure1.doCall(CallTestCaseKeyword.groovy:59)
	at com.kms.katalon.core.keyword.builtin.CallTestCaseKeyword$_callTestCase_closure1.call(CallTestCaseKeyword.groovy)
	at com.kms.katalon.core.keyword.internal.KeywordMain.runKeyword(KeywordMain.groovy:66)
	at com.kms.katalon.core.keyword.builtin.CallTestCaseKeyword.callTestCase(CallTestCaseKeyword.groovy:81)
	at com.kms.katalon.core.keyword.builtin.CallTestCaseKeyword.execute(CallTestCaseKeyword.groovy:44)
	at com.kms.katalon.core.keyword.internal.KeywordExecutor.executeKeywordForPlatform(KeywordExecutor.groovy:56)
	at com.kms.katalon.core.keyword.BuiltinKeywords.callTestCase(BuiltinKeywords.groovy:334)
	at Script1537021633628.run(Script1537021633628.groovy:22)
	at com.kms.katalon.core.main.ScriptEngine.run(ScriptEngine.java:194)
	at com.kms.katalon.core.main.ScriptEngine.runScriptAsRawText(ScriptEngine.java:119)
	at com.kms.katalon.core.main.TestCaseExecutor.runScript(TestCaseExecutor.java:331)
	at com.kms.katalon.core.main.TestCaseExecutor.doExecute(TestCaseExecutor.java:322)
	at com.kms.katalon.core.main.TestCaseExecutor.processExecutionPhase(TestCaseExecutor.java:301)
	at com.kms.katalon.core.main.TestCaseExecutor.accessMainPhase(TestCaseExecutor.java:293)
	at com.kms.katalon.core.main.TestCaseExecutor.execute(TestCaseExecutor.java:227)
	at com.kms.katalon.core.main.TestCaseMain.runTestCase(TestCaseMain.java:114)
	at com.kms.katalon.core.keyword.builtin.CallTestCaseKeyword$_callTestCase_closure1.doCall(CallTestCaseKeyword.groovy:59)
	at com.kms.katalon.core.keyword.builtin.CallTestCaseKeyword$_callTestCase_closure1.call(CallTestCaseKeyword.groovy)
	at com.kms.katalon.core.keyword.internal.KeywordMain.runKeyword(KeywordMain.groovy:66)
	at com.kms.katalon.core.keyword.builtin.CallTestCaseKeyword.callTestCase(CallTestCaseKeyword.groovy:81)
	at com.kms.katalon.core.keyword.builtin.CallTestCaseKeyword.execute(CallTestCaseKeyword.groovy:44)
	at com.kms.katalon.core.keyword.internal.KeywordExecutor.executeKeywordForPlatform(KeywordExecutor.groovy:56)
	at com.kms.katalon.core.keyword.BuiltinKeywords.callTestCase(BuiltinKeywords.groovy:334)
	at Script1535542225183.run(Script1535542225183.groovy:22)
	... 13 more]]></system-err>
      </testcase>
      <testcase name="Test Cases/Comment Capture TestCases/TC0529" classname="Test Cases/Comment Capture TestCases/TC0529" status="FAILED">
         <failure type="FAILED" message="Test Cases/Comment Capture TestCases/TC0529 FAILED.
Reason:
com.kms.katalon.core.exception.StepFailedException: Unable to click on object 'Object Repository/Page_KiboPush  Comment Capture/a_Edit'
	at com.kms.katalon.core.webui.keyword.internal.WebUIKeywordMain.stepFailed(WebUIKeywordMain.groovy:64)
	at com.kms.katalon.core.webui.keyword.internal.WebUIKeywordMain.runKeyword(WebUIKeywordMain.groovy:26)
	at com.kms.katalon.core.webui.keyword.builtin.ClickKeyword.click(ClickKeyword.groovy:86)
	at com.kms.katalon.core.webui.keyword.builtin.ClickKeyword.execute(ClickKeyword.groovy:67)
	at com.kms.katalon.core.keyword.internal.KeywordExecutor.executeKeywordForPlatform(KeywordExecutor.groovy:56)
	at com.kms.katalon.core.webui.keyword.WebUiBuiltInKeywords.click(WebUiBuiltInKeywords.groovy:616)
	at com.kms.katalon.core.webui.keyword.WebUiBuiltInKeywords$click$2.call(Unknown Source)
	at TC0529.run(TC0529:28)
	at com.kms.katalon.core.main.ScriptEngine.run(ScriptEngine.java:194)
	at com.kms.katalon.core.main.ScriptEngine.runScriptAsRawText(ScriptEngine.java:119)
	at com.kms.katalon.core.main.TestCaseExecutor.runScript(TestCaseExecutor.java:331)
	at com.kms.katalon.core.main.TestCaseExecutor.doExecute(TestCaseExecutor.java:322)
	at com.kms.katalon.core.main.TestCaseExecutor.processExecutionPhase(TestCaseExecutor.java:301)
	at com.kms.katalon.core.main.TestCaseExecutor.accessMainPhase(TestCaseExecutor.java:293)
	at com.kms.katalon.core.main.TestCaseExecutor.execute(TestCaseExecutor.java:227)
	at com.kms.katalon.core.main.TestSuiteExecutor.accessTestCaseMainPhase(TestSuiteExecutor.java:129)
	at com.kms.katalon.core.main.TestSuiteExecutor.accessTestSuiteMainPhase(TestSuiteExecutor.java:112)
	at com.kms.katalon.core.main.TestSuiteExecutor.execute(TestSuiteExecutor.java:81)
	at com.kms.katalon.core.main.TestCaseMain.startTestSuite(TestCaseMain.java:157)
	at com.kms.katalon.core.main.TestCaseMain$startTestSuite$0.call(Unknown Source)
	at TempTestSuite1553670311511.run(TempTestSuite1553670311511.groovy:35)
Caused by: com.kms.katalon.core.webui.exception.WebElementNotFoundException: Web element with id: 'Object Repository/Page_KiboPush  Comment Capture/a_Edit' located by 'By.xpath: //a[@href = '/createPost' and (text() = 'Edit' or . = 'Edit')]' not found
	at com.kms.katalon.core.webui.common.WebUiCommonHelper.findWebElement(WebUiCommonHelper.java:1053)
	at com.kms.katalon.core.webui.keyword.internal.WebUIAbstractKeyword.findWebElement(WebUIAbstractKeyword.groovy:27)
	at com.kms.katalon.core.webui.keyword.internal.WebUIAbstractKeyword.findWebElement(WebUIAbstractKeyword.groovy:26)
	at com.kms.katalon.core.webui.keyword.builtin.ClickKeyword$_click_closure1.doCall(ClickKeyword.groovy:77)
	at com.kms.katalon.core.webui.keyword.builtin.ClickKeyword$_click_closure1.call(ClickKeyword.groovy)
	at com.kms.katalon.core.webui.keyword.internal.WebUIKeywordMain.runKeyword(WebUIKeywordMain.groovy:20)
	at com.kms.katalon.core.webui.keyword.builtin.ClickKeyword.click(ClickKeyword.groovy:86)
	at com.kms.katalon.core.webui.keyword.builtin.ClickKeyword.execute(ClickKeyword.groovy:67)
	at com.kms.katalon.core.keyword.internal.KeywordExecutor.executeKeywordForPlatform(KeywordExecutor.groovy:56)
	at com.kms.katalon.core.webui.keyword.WebUiBuiltInKeywords.click(WebUiBuiltInKeywords.groovy:616)
	at com.kms.katalon.core.webui.keyword.WebUiBuiltInKeywords$click$2.call(Unknown Source)
	at Script1535542411810.run(Script1535542411810.groovy:28)
	... 13 more
"/>
         <system-out><![CDATA[2019-03-27 12:25:29 - [TEST_CASE][FAILED] - Test Cases/Comment Capture TestCases/TC0529: Test Cases/Comment Capture TestCases/TC0529 FAILED.
Reason:
com.kms.katalon.core.exception.StepFailedException: Unable to click on object 'Object Repository/Page_KiboPush  Comment Capture/a_Edit'
	at com.kms.katalon.core.webui.keyword.internal.WebUIKeywordMain.stepFailed(WebUIKeywordMain.groovy:64)
	at com.kms.katalon.core.webui.keyword.internal.WebUIKeywordMain.runKeyword(WebUIKeywordMain.groovy:26)
	at com.kms.katalon.core.webui.keyword.builtin.ClickKeyword.click(ClickKeyword.groovy:86)
	at com.kms.katalon.core.webui.keyword.builtin.ClickKeyword.execute(ClickKeyword.groovy:67)
	at com.kms.katalon.core.keyword.internal.KeywordExecutor.executeKeywordForPlatform(KeywordExecutor.groovy:56)
	at com.kms.katalon.core.webui.keyword.WebUiBuiltInKeywords.click(WebUiBuiltInKeywords.groovy:616)
	at com.kms.katalon.core.webui.keyword.WebUiBuiltInKeywords$click$2.call(Unknown Source)
	at TC0529.run(TC0529:28)
	at com.kms.katalon.core.main.ScriptEngine.run(ScriptEngine.java:194)
	at com.kms.katalon.core.main.ScriptEngine.runScriptAsRawText(ScriptEngine.java:119)
	at com.kms.katalon.core.main.TestCaseExecutor.runScript(TestCaseExecutor.java:331)
	at com.kms.katalon.core.main.TestCaseExecutor.doExecute(TestCaseExecutor.java:322)
	at com.kms.katalon.core.main.TestCaseExecutor.processExecutionPhase(TestCaseExecutor.java:301)
	at com.kms.katalon.core.main.TestCaseExecutor.accessMainPhase(TestCaseExecutor.java:293)
	at com.kms.katalon.core.main.TestCaseExecutor.execute(TestCaseExecutor.java:227)
	at com.kms.katalon.core.main.TestSuiteExecutor.accessTestCaseMainPhase(TestSuiteExecutor.java:129)
	at com.kms.katalon.core.main.TestSuiteExecutor.accessTestSuiteMainPhase(TestSuiteExecutor.java:112)
	at com.kms.katalon.core.main.TestSuiteExecutor.execute(TestSuiteExecutor.java:81)
	at com.kms.katalon.core.main.TestCaseMain.startTestSuite(TestCaseMain.java:157)
	at com.kms.katalon.core.main.TestCaseMain$startTestSuite$0.call(Unknown Source)
	at TempTestSuite1553670311511.run(TempTestSuite1553670311511.groovy:35)
Caused by: com.kms.katalon.core.webui.exception.WebElementNotFoundException: Web element with id: 'Object Repository/Page_KiboPush  Comment Capture/a_Edit' located by 'By.xpath: //a[@href = '/createPost' and (text() = 'Edit' or . = 'Edit')]' not found
	at com.kms.katalon.core.webui.common.WebUiCommonHelper.findWebElement(WebUiCommonHelper.java:1053)
	at com.kms.katalon.core.webui.keyword.internal.WebUIAbstractKeyword.findWebElement(WebUIAbstractKeyword.groovy:27)
	at com.kms.katalon.core.webui.keyword.internal.WebUIAbstractKeyword.findWebElement(WebUIAbstractKeyword.groovy:26)
	at com.kms.katalon.core.webui.keyword.builtin.ClickKeyword$_click_closure1.doCall(ClickKeyword.groovy:77)
	at com.kms.katalon.core.webui.keyword.builtin.ClickKeyword$_click_closure1.call(ClickKeyword.groovy)
	at com.kms.katalon.core.webui.keyword.internal.WebUIKeywordMain.runKeyword(WebUIKeywordMain.groovy:20)
	at com.kms.katalon.core.webui.keyword.builtin.ClickKeyword.click(ClickKeyword.groovy:86)
	at com.kms.katalon.core.webui.keyword.builtin.ClickKeyword.execute(ClickKeyword.groovy:67)
	at com.kms.katalon.core.keyword.internal.KeywordExecutor.executeKeywordForPlatform(KeywordExecutor.groovy:56)
	at com.kms.katalon.core.webui.keyword.WebUiBuiltInKeywords.click(WebUiBuiltInKeywords.groovy:616)
	at com.kms.katalon.core.webui.keyword.WebUiBuiltInKeywords$click$2.call(Unknown Source)
	at Script1535542411810.run(Script1535542411810.groovy:28)
	... 13 more


2019-03-27 12:25:29 - [TEST_STEP][PASSED] - callTestCase(findTestCase("s-sidebar_navigation/individualAccount/Comment capture"), [:], STOP_ON_FAILURE): Call Test Case 'Test Cases/s-sidebar_navigation/individualAccount/Comment capture' successfully

2019-03-27 12:25:29 - [TEST_CASE][PASSED] - Test Cases/s-sidebar_navigation/individualAccount/Comment capture: Test Cases/s-sidebar_navigation/individualAccount/Comment capture

2019-03-27 12:25:29 - [TEST_STEP][PASSED] - callTestCase(findTestCase("s-sidebar_navigation/individualAccount/Login-KiboEngage"), [:], STOP_ON_FAILURE): Call Test Case 'Test Cases/s-sidebar_navigation/individualAccount/Login-KiboEngage' successfully

2019-03-27 12:25:29 - [TEST_CASE][PASSED] - Test Cases/s-sidebar_navigation/individualAccount/Login-KiboEngage: Test Cases/s-sidebar_navigation/individualAccount/Login-KiboEngage

2019-03-27 12:25:29 - [TEST_STEP][PASSED] - openBrowser(""): Browser is opened with url: ''

2019-03-27 12:25:29 - [MESSAGE][WARNING] - A browser is already opened. Closing browser and opening a new one

2019-03-27 12:25:29 - [MESSAGE][INFO] - Starting 'Chrome' driver

2019-03-27 12:25:30 - [MESSAGE][PASSED] - Browser is opened with url: ''

2019-03-27 12:25:30 - [TEST_STEP][PASSED] - maximizeWindow(): Current window maximized

2019-03-27 12:25:30 - [MESSAGE][PASSED] - Current window maximized

2019-03-27 12:25:30 - [TEST_STEP][PASSED] - navigateToUrl("https://kiboengage.cloudkibo.com/"): Navigate to 'https://kiboengage.cloudkibo.com/' successfully

2019-03-27 12:26:04 - [MESSAGE][PASSED] - Navigate to 'https://kiboengage.cloudkibo.com/' successfully

2019-03-27 12:26:04 - [TEST_STEP][PASSED] - navigateToUrl("https://accounts.cloudkibo.com/?continue=https://kiboengage.cloudkibo.com"): Navigate to 'https://accounts.cloudkibo.com/?continue=https://kiboengage.cloudkibo.com' successfully

2019-03-27 12:26:04 - [MESSAGE][PASSED] - Navigate to 'https://accounts.cloudkibo.com/?continue=https://kiboengage.cloudkibo.com' successfully

2019-03-27 12:26:04 - [TEST_STEP][PASSED] - click(findTestObject("Page_KiboPush/a_Login (9) (1)")): Object: 'Object Repository/Page_KiboPush/a_Login (9) (1)' is clicked on

2019-03-27 12:26:05 - [MESSAGE][PASSED] - Object: 'Object Repository/Page_KiboPush/a_Login (9) (1)' is clicked on

2019-03-27 12:26:05 - [TEST_STEP][PASSED] - setText(findTestObject("Page_KiboPush/input_email (10) (1)"), "individual@cloudkibo.com"): Text 'individual@cloudkibo.com' is set on object 'Object Repository/Page_KiboPush/input_email (10) (1)'

2019-03-27 12:26:05 - [MESSAGE][PASSED] - Text 'individual@cloudkibo.com' is set on object 'Object Repository/Page_KiboPush/input_email (10) (1)'

2019-03-27 12:26:05 - [TEST_STEP][PASSED] - setEncryptedText(findTestObject("Page_KiboPush/input_password (9) (1)"), "RigbBhfdqOBGNlJIWM1ClA=="): Text ****** has been set on object 'Object Repository/Page_KiboPush/input_password (9) (1)'

2019-03-27 12:26:06 - [MESSAGE][PASSED] - Text ****** has been set on object 'Object Repository/Page_KiboPush/input_password (9) (1)'

2019-03-27 12:26:06 - [TEST_STEP][PASSED] - click(findTestObject("Page_KiboPush/button_Sign In (10) (1)")): Object: 'Object Repository/Page_KiboPush/button_Sign In (10) (1)' is clicked on

2019-03-27 12:26:06 - [MESSAGE][PASSED] - Object: 'Object Repository/Page_KiboPush/button_Sign In (10) (1)' is clicked on

2019-03-27 12:26:06 - [TEST_STEP][PASSED] - navigateToUrl("https://kiboengage.cloudkibo.com/dashboard"): Navigate to 'https://kiboengage.cloudkibo.com/dashboard' successfully

2019-03-27 12:28:03 - [MESSAGE][PASSED] - Navigate to 'https://kiboengage.cloudkibo.com/dashboard' successfully

2019-03-27 12:28:03 - [TEST_STEP][PASSED] - click(findTestObject("Object Repository/Page_KiboPush  Dashboard/h3_Dashboard (57)")): Object: 'Object Repository/Page_KiboPush  Dashboard/h3_Dashboard (57)' is clicked on

2019-03-27 12:28:04 - [MESSAGE][PASSED] - Object: 'Object Repository/Page_KiboPush  Dashboard/h3_Dashboard (57)' is clicked on

2019-03-27 12:28:04 - [TEST_STEP][PASSED] - delay(3): Delayed 3 second(s)

2019-03-27 12:28:07 - [MESSAGE][PASSED] - Delayed 3 second(s)

2019-03-27 12:28:07 - [MESSAGE][PASSED] - Call Test Case 'Test Cases/s-sidebar_navigation/individualAccount/Login-KiboEngage' successfully

2019-03-27 12:28:07 - [TEST_STEP][PASSED] - click(findTestObject("Page_KiboPush  Dashboard/span_Growth Tools")): Object: 'Object Repository/Page_KiboPush  Dashboard/span_Growth Tools' is clicked on

2019-03-27 12:28:07 - [MESSAGE][PASSED] - Object: 'Object Repository/Page_KiboPush  Dashboard/span_Growth Tools' is clicked on

2019-03-27 12:28:07 - [TEST_STEP][PASSED] - delay(1): Delayed 1 second(s)

2019-03-27 12:28:08 - [MESSAGE][PASSED] - Delayed 1 second(s)

2019-03-27 12:28:08 - [TEST_STEP][PASSED] - click(findTestObject("Page_KiboPush  Dashboard/span_Comment Capture")): Object: 'Object Repository/Page_KiboPush  Dashboard/span_Comment Capture' is clicked on

2019-03-27 12:28:08 - [MESSAGE][PASSED] - Object: 'Object Repository/Page_KiboPush  Dashboard/span_Comment Capture' is clicked on

2019-03-27 12:28:08 - [TEST_STEP][PASSED] - click(findTestObject("Page_KiboPush  Comment Capture/h3_Comment Capture")): Object: 'Object Repository/Page_KiboPush  Comment Capture/h3_Comment Capture' is clicked on

2019-03-27 12:28:08 - [MESSAGE][PASSED] - Object: 'Object Repository/Page_KiboPush  Comment Capture/h3_Comment Capture' is clicked on

2019-03-27 12:28:08 - [MESSAGE][PASSED] - Call Test Case 'Test Cases/s-sidebar_navigation/individualAccount/Comment capture' successfully

2019-03-27 12:28:08 - [TEST_STEP][FAILED] - click(findTestObject("Object Repository/Page_KiboPush  Comment Capture/a_Edit")): click(findTestObject("Object Repository/Page_KiboPush  Comment Capture/a_Edit")) FAILED.
Reason:
com.kms.katalon.core.exception.StepFailedException: Unable to click on object 'Object Repository/Page_KiboPush  Comment Capture/a_Edit'
	at com.kms.katalon.core.webui.keyword.internal.WebUIKeywordMain.stepFailed(WebUIKeywordMain.groovy:64)
	at com.kms.katalon.core.webui.keyword.internal.WebUIKeywordMain.runKeyword(WebUIKeywordMain.groovy:26)
	at com.kms.katalon.core.webui.keyword.builtin.ClickKeyword.click(ClickKeyword.groovy:86)
	at com.kms.katalon.core.webui.keyword.builtin.ClickKeyword.execute(ClickKeyword.groovy:67)
	at com.kms.katalon.core.keyword.internal.KeywordExecutor.executeKeywordForPlatform(KeywordExecutor.groovy:56)
	at com.kms.katalon.core.webui.keyword.WebUiBuiltInKeywords.click(WebUiBuiltInKeywords.groovy:616)
	at com.kms.katalon.core.webui.keyword.WebUiBuiltInKeywords$click$2.call(Unknown Source)
	at TC0529.run(TC0529:28)
	at com.kms.katalon.core.main.ScriptEngine.run(ScriptEngine.java:194)
	at com.kms.katalon.core.main.ScriptEngine.runScriptAsRawText(ScriptEngine.java:119)
	at com.kms.katalon.core.main.TestCaseExecutor.runScript(TestCaseExecutor.java:331)
	at com.kms.katalon.core.main.TestCaseExecutor.doExecute(TestCaseExecutor.java:322)
	at com.kms.katalon.core.main.TestCaseExecutor.processExecutionPhase(TestCaseExecutor.java:301)
	at com.kms.katalon.core.main.TestCaseExecutor.accessMainPhase(TestCaseExecutor.java:293)
	at com.kms.katalon.core.main.TestCaseExecutor.execute(TestCaseExecutor.java:227)
	at com.kms.katalon.core.main.TestSuiteExecutor.accessTestCaseMainPhase(TestSuiteExecutor.java:129)
	at com.kms.katalon.core.main.TestSuiteExecutor.accessTestSuiteMainPhase(TestSuiteExecutor.java:112)
	at com.kms.katalon.core.main.TestSuiteExecutor.execute(TestSuiteExecutor.java:81)
	at com.kms.katalon.core.main.TestCaseMain.startTestSuite(TestCaseMain.java:157)
	at com.kms.katalon.core.main.TestCaseMain$startTestSuite$0.call(Unknown Source)
	at TempTestSuite1553670311511.run(TempTestSuite1553670311511.groovy:35)
Caused by: com.kms.katalon.core.webui.exception.WebElementNotFoundException: Web element with id: 'Object Repository/Page_KiboPush  Comment Capture/a_Edit' located by 'By.xpath: //a[@href = '/createPost' and (text() = 'Edit' or . = 'Edit')]' not found
	at com.kms.katalon.core.webui.common.WebUiCommonHelper.findWebElement(WebUiCommonHelper.java:1053)
	at com.kms.katalon.core.webui.keyword.internal.WebUIAbstractKeyword.findWebElement(WebUIAbstractKeyword.groovy:27)
	at com.kms.katalon.core.webui.keyword.internal.WebUIAbstractKeyword.findWebElement(WebUIAbstractKeyword.groovy:26)
	at com.kms.katalon.core.webui.keyword.builtin.ClickKeyword$_click_closure1.doCall(ClickKeyword.groovy:77)
	at com.kms.katalon.core.webui.keyword.builtin.ClickKeyword$_click_closure1.call(ClickKeyword.groovy)
	at com.kms.katalon.core.webui.keyword.internal.WebUIKeywordMain.runKeyword(WebUIKeywordMain.groovy:20)
	at com.kms.katalon.core.webui.keyword.builtin.ClickKeyword.click(ClickKeyword.groovy:86)
	at com.kms.katalon.core.webui.keyword.builtin.ClickKeyword.execute(ClickKeyword.groovy:67)
	at com.kms.katalon.core.keyword.internal.KeywordExecutor.executeKeywordForPlatform(KeywordExecutor.groovy:56)
	at com.kms.katalon.core.webui.keyword.WebUiBuiltInKeywords.click(WebUiBuiltInKeywords.groovy:616)
	at com.kms.katalon.core.webui.keyword.WebUiBuiltInKeywords$click$2.call(Unknown Source)
	at Script1535542411810.run(Script1535542411810.groovy:28)
	... 13 more


2019-03-27 12:28:39 - [MESSAGE][INFO] - Unable to find the element located by 'By.xpath: //a[@href = '/createPost' and (text() = 'Edit' or . = 'Edit')]'. Please recheck the objects properties to make sure the desired element is located. 

2019-03-27 12:28:39 - [MESSAGE][FAILED] - Unable to click on object 'Object Repository/Page_KiboPush  Comment Capture/a_Edit' (Root cause: com.kms.katalon.core.exception.StepFailedException: Unable to click on object 'Object Repository/Page_KiboPush  Comment Capture/a_Edit'
	at com.kms.katalon.core.webui.keyword.internal.WebUIKeywordMain.stepFailed(WebUIKeywordMain.groovy:64)
	at com.kms.katalon.core.webui.keyword.internal.WebUIKeywordMain.runKeyword(WebUIKeywordMain.groovy:26)
	at com.kms.katalon.core.webui.keyword.builtin.ClickKeyword.click(ClickKeyword.groovy:86)
	at com.kms.katalon.core.webui.keyword.builtin.ClickKeyword.execute(ClickKeyword.groovy:67)
	at com.kms.katalon.core.keyword.internal.KeywordExecutor.executeKeywordForPlatform(KeywordExecutor.groovy:56)
	at com.kms.katalon.core.webui.keyword.WebUiBuiltInKeywords.click(WebUiBuiltInKeywords.groovy:616)
	at com.kms.katalon.core.webui.keyword.WebUiBuiltInKeywords$click$2.call(Unknown Source)
	at TC0529.run(TC0529:28)
	at com.kms.katalon.core.main.ScriptEngine.run(ScriptEngine.java:194)
	at com.kms.katalon.core.main.ScriptEngine.runScriptAsRawText(ScriptEngine.java:119)
	at com.kms.katalon.core.main.TestCaseExecutor.runScript(TestCaseExecutor.java:331)
	at com.kms.katalon.core.main.TestCaseExecutor.doExecute(TestCaseExecutor.java:322)
	at com.kms.katalon.core.main.TestCaseExecutor.processExecutionPhase(TestCaseExecutor.java:301)
	at com.kms.katalon.core.main.TestCaseExecutor.accessMainPhase(TestCaseExecutor.java:293)
	at com.kms.katalon.core.main.TestCaseExecutor.execute(TestCaseExecutor.java:227)
	at com.kms.katalon.core.main.TestSuiteExecutor.accessTestCaseMainPhase(TestSuiteExecutor.java:129)
	at com.kms.katalon.core.main.TestSuiteExecutor.accessTestSuiteMainPhase(TestSuiteExecutor.java:112)
	at com.kms.katalon.core.main.TestSuiteExecutor.execute(TestSuiteExecutor.java:81)
	at com.kms.katalon.core.main.TestCaseMain.startTestSuite(TestCaseMain.java:157)
	at com.kms.katalon.core.main.TestCaseMain$startTestSuite$0.call(Unknown Source)
	at TempTestSuite1553670311511.run(TempTestSuite1553670311511.groovy:35)
Caused by: com.kms.katalon.core.webui.exception.WebElementNotFoundException: Web element with id: 'Object Repository/Page_KiboPush  Comment Capture/a_Edit' located by 'By.xpath: //a[@href = '/createPost' and (text() = 'Edit' or . = 'Edit')]' not found
	at com.kms.katalon.core.webui.common.WebUiCommonHelper.findWebElement(WebUiCommonHelper.java:1053)
	at com.kms.katalon.core.webui.keyword.internal.WebUIAbstractKeyword.findWebElement(WebUIAbstractKeyword.groovy:27)
	at com.kms.katalon.core.webui.keyword.internal.WebUIAbstractKeyword.findWebElement(WebUIAbstractKeyword.groovy:26)
	at com.kms.katalon.core.webui.keyword.builtin.ClickKeyword$_click_closure1.doCall(ClickKeyword.groovy:77)
	at com.kms.katalon.core.webui.keyword.builtin.ClickKeyword$_click_closure1.call(ClickKeyword.groovy)
	at com.kms.katalon.core.webui.keyword.internal.WebUIKeywordMain.runKeyword(WebUIKeywordMain.groovy:20)
	at com.kms.katalon.core.webui.keyword.builtin.ClickKeyword.click(ClickKeyword.groovy:86)
	at com.kms.katalon.core.webui.keyword.builtin.ClickKeyword.execute(ClickKeyword.groovy:67)
	at com.kms.katalon.core.keyword.internal.KeywordExecutor.executeKeywordForPlatform(KeywordExecutor.groovy:56)
	at com.kms.katalon.core.webui.keyword.WebUiBuiltInKeywords.click(WebUiBuiltInKeywords.groovy:616)
	at com.kms.katalon.core.webui.keyword.WebUiBuiltInKeywords$click$2.call(Unknown Source)
	at Script1535542411810.run(Script1535542411810.groovy:28)
	... 13 more
)
[[ATTACHMENT|/home/cloudkibo-faizan/Drive/Katalon/production/KiboPush/Reports/capture/20190327_120511/1553671719309.png]]

2019-03-27 12:28:39 - [MESSAGE][FAILED] - click(findTestObject("Object Repository/Page_KiboPush  Comment Capture/a_Edit")) FAILED.
Reason:
com.kms.katalon.core.exception.StepFailedException: Unable to click on object 'Object Repository/Page_KiboPush  Comment Capture/a_Edit'
	at com.kms.katalon.core.webui.keyword.internal.WebUIKeywordMain.stepFailed(WebUIKeywordMain.groovy:64)
	at com.kms.katalon.core.webui.keyword.internal.WebUIKeywordMain.runKeyword(WebUIKeywordMain.groovy:26)
	at com.kms.katalon.core.webui.keyword.builtin.ClickKeyword.click(ClickKeyword.groovy:86)
	at com.kms.katalon.core.webui.keyword.builtin.ClickKeyword.execute(ClickKeyword.groovy:67)
	at com.kms.katalon.core.keyword.internal.KeywordExecutor.executeKeywordForPlatform(KeywordExecutor.groovy:56)
	at com.kms.katalon.core.webui.keyword.WebUiBuiltInKeywords.click(WebUiBuiltInKeywords.groovy:616)
	at com.kms.katalon.core.webui.keyword.WebUiBuiltInKeywords$click$2.call(Unknown Source)
	at TC0529.run(TC0529:28)
	at com.kms.katalon.core.main.ScriptEngine.run(ScriptEngine.java:194)
	at com.kms.katalon.core.main.ScriptEngine.runScriptAsRawText(ScriptEngine.java:119)
	at com.kms.katalon.core.main.TestCaseExecutor.runScript(TestCaseExecutor.java:331)
	at com.kms.katalon.core.main.TestCaseExecutor.doExecute(TestCaseExecutor.java:322)
	at com.kms.katalon.core.main.TestCaseExecutor.processExecutionPhase(TestCaseExecutor.java:301)
	at com.kms.katalon.core.main.TestCaseExecutor.accessMainPhase(TestCaseExecutor.java:293)
	at com.kms.katalon.core.main.TestCaseExecutor.execute(TestCaseExecutor.java:227)
	at com.kms.katalon.core.main.TestSuiteExecutor.accessTestCaseMainPhase(TestSuiteExecutor.java:129)
	at com.kms.katalon.core.main.TestSuiteExecutor.accessTestSuiteMainPhase(TestSuiteExecutor.java:112)
	at com.kms.katalon.core.main.TestSuiteExecutor.execute(TestSuiteExecutor.java:81)
	at com.kms.katalon.core.main.TestCaseMain.startTestSuite(TestCaseMain.java:157)
	at com.kms.katalon.core.main.TestCaseMain$startTestSuite$0.call(Unknown Source)
	at TempTestSuite1553670311511.run(TempTestSuite1553670311511.groovy:35)
Caused by: com.kms.katalon.core.webui.exception.WebElementNotFoundException: Web element with id: 'Object Repository/Page_KiboPush  Comment Capture/a_Edit' located by 'By.xpath: //a[@href = '/createPost' and (text() = 'Edit' or . = 'Edit')]' not found
	at com.kms.katalon.core.webui.common.WebUiCommonHelper.findWebElement(WebUiCommonHelper.java:1053)
	at com.kms.katalon.core.webui.keyword.internal.WebUIAbstractKeyword.findWebElement(WebUIAbstractKeyword.groovy:27)
	at com.kms.katalon.core.webui.keyword.internal.WebUIAbstractKeyword.findWebElement(WebUIAbstractKeyword.groovy:26)
	at com.kms.katalon.core.webui.keyword.builtin.ClickKeyword$_click_closure1.doCall(ClickKeyword.groovy:77)
	at com.kms.katalon.core.webui.keyword.builtin.ClickKeyword$_click_closure1.call(ClickKeyword.groovy)
	at com.kms.katalon.core.webui.keyword.internal.WebUIKeywordMain.runKeyword(WebUIKeywordMain.groovy:20)
	at com.kms.katalon.core.webui.keyword.builtin.ClickKeyword.click(ClickKeyword.groovy:86)
	at com.kms.katalon.core.webui.keyword.builtin.ClickKeyword.execute(ClickKeyword.groovy:67)
	at com.kms.katalon.core.keyword.internal.KeywordExecutor.executeKeywordForPlatform(KeywordExecutor.groovy:56)
	at com.kms.katalon.core.webui.keyword.WebUiBuiltInKeywords.click(WebUiBuiltInKeywords.groovy:616)
	at com.kms.katalon.core.webui.keyword.WebUiBuiltInKeywords$click$2.call(Unknown Source)
	at Script1535542411810.run(Script1535542411810.groovy:28)
	... 13 more]]></system-out>
         <system-err><![CDATA[2019-03-27 12:25:29 - [TEST_CASE][FAILED] - Test Cases/Comment Capture TestCases/TC0529: Test Cases/Comment Capture TestCases/TC0529 FAILED.
Reason:
com.kms.katalon.core.exception.StepFailedException: Unable to click on object 'Object Repository/Page_KiboPush  Comment Capture/a_Edit'
	at com.kms.katalon.core.webui.keyword.internal.WebUIKeywordMain.stepFailed(WebUIKeywordMain.groovy:64)
	at com.kms.katalon.core.webui.keyword.internal.WebUIKeywordMain.runKeyword(WebUIKeywordMain.groovy:26)
	at com.kms.katalon.core.webui.keyword.builtin.ClickKeyword.click(ClickKeyword.groovy:86)
	at com.kms.katalon.core.webui.keyword.builtin.ClickKeyword.execute(ClickKeyword.groovy:67)
	at com.kms.katalon.core.keyword.internal.KeywordExecutor.executeKeywordForPlatform(KeywordExecutor.groovy:56)
	at com.kms.katalon.core.webui.keyword.WebUiBuiltInKeywords.click(WebUiBuiltInKeywords.groovy:616)
	at com.kms.katalon.core.webui.keyword.WebUiBuiltInKeywords$click$2.call(Unknown Source)
	at TC0529.run(TC0529:28)
	at com.kms.katalon.core.main.ScriptEngine.run(ScriptEngine.java:194)
	at com.kms.katalon.core.main.ScriptEngine.runScriptAsRawText(ScriptEngine.java:119)
	at com.kms.katalon.core.main.TestCaseExecutor.runScript(TestCaseExecutor.java:331)
	at com.kms.katalon.core.main.TestCaseExecutor.doExecute(TestCaseExecutor.java:322)
	at com.kms.katalon.core.main.TestCaseExecutor.processExecutionPhase(TestCaseExecutor.java:301)
	at com.kms.katalon.core.main.TestCaseExecutor.accessMainPhase(TestCaseExecutor.java:293)
	at com.kms.katalon.core.main.TestCaseExecutor.execute(TestCaseExecutor.java:227)
	at com.kms.katalon.core.main.TestSuiteExecutor.accessTestCaseMainPhase(TestSuiteExecutor.java:129)
	at com.kms.katalon.core.main.TestSuiteExecutor.accessTestSuiteMainPhase(TestSuiteExecutor.java:112)
	at com.kms.katalon.core.main.TestSuiteExecutor.execute(TestSuiteExecutor.java:81)
	at com.kms.katalon.core.main.TestCaseMain.startTestSuite(TestCaseMain.java:157)
	at com.kms.katalon.core.main.TestCaseMain$startTestSuite$0.call(Unknown Source)
	at TempTestSuite1553670311511.run(TempTestSuite1553670311511.groovy:35)
Caused by: com.kms.katalon.core.webui.exception.WebElementNotFoundException: Web element with id: 'Object Repository/Page_KiboPush  Comment Capture/a_Edit' located by 'By.xpath: //a[@href = '/createPost' and (text() = 'Edit' or . = 'Edit')]' not found
	at com.kms.katalon.core.webui.common.WebUiCommonHelper.findWebElement(WebUiCommonHelper.java:1053)
	at com.kms.katalon.core.webui.keyword.internal.WebUIAbstractKeyword.findWebElement(WebUIAbstractKeyword.groovy:27)
	at com.kms.katalon.core.webui.keyword.internal.WebUIAbstractKeyword.findWebElement(WebUIAbstractKeyword.groovy:26)
	at com.kms.katalon.core.webui.keyword.builtin.ClickKeyword$_click_closure1.doCall(ClickKeyword.groovy:77)
	at com.kms.katalon.core.webui.keyword.builtin.ClickKeyword$_click_closure1.call(ClickKeyword.groovy)
	at com.kms.katalon.core.webui.keyword.internal.WebUIKeywordMain.runKeyword(WebUIKeywordMain.groovy:20)
	at com.kms.katalon.core.webui.keyword.builtin.ClickKeyword.click(ClickKeyword.groovy:86)
	at com.kms.katalon.core.webui.keyword.builtin.ClickKeyword.execute(ClickKeyword.groovy:67)
	at com.kms.katalon.core.keyword.internal.KeywordExecutor.executeKeywordForPlatform(KeywordExecutor.groovy:56)
	at com.kms.katalon.core.webui.keyword.WebUiBuiltInKeywords.click(WebUiBuiltInKeywords.groovy:616)
	at com.kms.katalon.core.webui.keyword.WebUiBuiltInKeywords$click$2.call(Unknown Source)
	at Script1535542411810.run(Script1535542411810.groovy:28)
	... 13 more]]></system-err>
      </testcase>
      <testcase name="Test Cases/Comment Capture TestCases/TC0530" classname="Test Cases/Comment Capture TestCases/TC0530" status="FAILED">
         <failure type="FAILED" message="Test Cases/Comment Capture TestCases/TC0530 FAILED.
Reason:
com.kms.katalon.core.exception.StepFailedException: Unable to click on object 'Object Repository/Page_KiboPush  Comment Capture/a_Edit'
	at com.kms.katalon.core.webui.keyword.internal.WebUIKeywordMain.stepFailed(WebUIKeywordMain.groovy:64)
	at com.kms.katalon.core.webui.keyword.internal.WebUIKeywordMain.runKeyword(WebUIKeywordMain.groovy:26)
	at com.kms.katalon.core.webui.keyword.builtin.ClickKeyword.click(ClickKeyword.groovy:86)
	at com.kms.katalon.core.webui.keyword.builtin.ClickKeyword.execute(ClickKeyword.groovy:67)
	at com.kms.katalon.core.keyword.internal.KeywordExecutor.executeKeywordForPlatform(KeywordExecutor.groovy:56)
	at com.kms.katalon.core.webui.keyword.WebUiBuiltInKeywords.click(WebUiBuiltInKeywords.groovy:616)
	at com.kms.katalon.core.webui.keyword.WebUiBuiltInKeywords$click$2.call(Unknown Source)
	at TC0530.run(TC0530:24)
	at com.kms.katalon.core.main.ScriptEngine.run(ScriptEngine.java:194)
	at com.kms.katalon.core.main.ScriptEngine.runScriptAsRawText(ScriptEngine.java:119)
	at com.kms.katalon.core.main.TestCaseExecutor.runScript(TestCaseExecutor.java:331)
	at com.kms.katalon.core.main.TestCaseExecutor.doExecute(TestCaseExecutor.java:322)
	at com.kms.katalon.core.main.TestCaseExecutor.processExecutionPhase(TestCaseExecutor.java:301)
	at com.kms.katalon.core.main.TestCaseExecutor.accessMainPhase(TestCaseExecutor.java:293)
	at com.kms.katalon.core.main.TestCaseExecutor.execute(TestCaseExecutor.java:227)
	at com.kms.katalon.core.main.TestSuiteExecutor.accessTestCaseMainPhase(TestSuiteExecutor.java:129)
	at com.kms.katalon.core.main.TestSuiteExecutor.accessTestSuiteMainPhase(TestSuiteExecutor.java:112)
	at com.kms.katalon.core.main.TestSuiteExecutor.execute(TestSuiteExecutor.java:81)
	at com.kms.katalon.core.main.TestCaseMain.startTestSuite(TestCaseMain.java:157)
	at com.kms.katalon.core.main.TestCaseMain$startTestSuite$0.call(Unknown Source)
	at TempTestSuite1553670311511.run(TempTestSuite1553670311511.groovy:35)
Caused by: com.kms.katalon.core.webui.exception.WebElementNotFoundException: Web element with id: 'Object Repository/Page_KiboPush  Comment Capture/a_Edit' located by 'By.xpath: //a[@href = '/createPost' and (text() = 'Edit' or . = 'Edit')]' not found
	at com.kms.katalon.core.webui.common.WebUiCommonHelper.findWebElement(WebUiCommonHelper.java:1053)
	at com.kms.katalon.core.webui.keyword.internal.WebUIAbstractKeyword.findWebElement(WebUIAbstractKeyword.groovy:27)
	at com.kms.katalon.core.webui.keyword.internal.WebUIAbstractKeyword.findWebElement(WebUIAbstractKeyword.groovy:26)
	at com.kms.katalon.core.webui.keyword.builtin.ClickKeyword$_click_closure1.doCall(ClickKeyword.groovy:77)
	at com.kms.katalon.core.webui.keyword.builtin.ClickKeyword$_click_closure1.call(ClickKeyword.groovy)
	at com.kms.katalon.core.webui.keyword.internal.WebUIKeywordMain.runKeyword(WebUIKeywordMain.groovy:20)
	at com.kms.katalon.core.webui.keyword.builtin.ClickKeyword.click(ClickKeyword.groovy:86)
	at com.kms.katalon.core.webui.keyword.builtin.ClickKeyword.execute(ClickKeyword.groovy:67)
	at com.kms.katalon.core.keyword.internal.KeywordExecutor.executeKeywordForPlatform(KeywordExecutor.groovy:56)
	at com.kms.katalon.core.webui.keyword.WebUiBuiltInKeywords.click(WebUiBuiltInKeywords.groovy:616)
	at com.kms.katalon.core.webui.keyword.WebUiBuiltInKeywords$click$2.call(Unknown Source)
	at Script1535610889838.run(Script1535610889838.groovy:24)
	... 13 more
"/>
         <system-out><![CDATA[2019-03-27 12:28:39 - [TEST_CASE][FAILED] - Test Cases/Comment Capture TestCases/TC0530: Test Cases/Comment Capture TestCases/TC0530 FAILED.
Reason:
com.kms.katalon.core.exception.StepFailedException: Unable to click on object 'Object Repository/Page_KiboPush  Comment Capture/a_Edit'
	at com.kms.katalon.core.webui.keyword.internal.WebUIKeywordMain.stepFailed(WebUIKeywordMain.groovy:64)
	at com.kms.katalon.core.webui.keyword.internal.WebUIKeywordMain.runKeyword(WebUIKeywordMain.groovy:26)
	at com.kms.katalon.core.webui.keyword.builtin.ClickKeyword.click(ClickKeyword.groovy:86)
	at com.kms.katalon.core.webui.keyword.builtin.ClickKeyword.execute(ClickKeyword.groovy:67)
	at com.kms.katalon.core.keyword.internal.KeywordExecutor.executeKeywordForPlatform(KeywordExecutor.groovy:56)
	at com.kms.katalon.core.webui.keyword.WebUiBuiltInKeywords.click(WebUiBuiltInKeywords.groovy:616)
	at com.kms.katalon.core.webui.keyword.WebUiBuiltInKeywords$click$2.call(Unknown Source)
	at TC0530.run(TC0530:24)
	at com.kms.katalon.core.main.ScriptEngine.run(ScriptEngine.java:194)
	at com.kms.katalon.core.main.ScriptEngine.runScriptAsRawText(ScriptEngine.java:119)
	at com.kms.katalon.core.main.TestCaseExecutor.runScript(TestCaseExecutor.java:331)
	at com.kms.katalon.core.main.TestCaseExecutor.doExecute(TestCaseExecutor.java:322)
	at com.kms.katalon.core.main.TestCaseExecutor.processExecutionPhase(TestCaseExecutor.java:301)
	at com.kms.katalon.core.main.TestCaseExecutor.accessMainPhase(TestCaseExecutor.java:293)
	at com.kms.katalon.core.main.TestCaseExecutor.execute(TestCaseExecutor.java:227)
	at com.kms.katalon.core.main.TestSuiteExecutor.accessTestCaseMainPhase(TestSuiteExecutor.java:129)
	at com.kms.katalon.core.main.TestSuiteExecutor.accessTestSuiteMainPhase(TestSuiteExecutor.java:112)
	at com.kms.katalon.core.main.TestSuiteExecutor.execute(TestSuiteExecutor.java:81)
	at com.kms.katalon.core.main.TestCaseMain.startTestSuite(TestCaseMain.java:157)
	at com.kms.katalon.core.main.TestCaseMain$startTestSuite$0.call(Unknown Source)
	at TempTestSuite1553670311511.run(TempTestSuite1553670311511.groovy:35)
Caused by: com.kms.katalon.core.webui.exception.WebElementNotFoundException: Web element with id: 'Object Repository/Page_KiboPush  Comment Capture/a_Edit' located by 'By.xpath: //a[@href = '/createPost' and (text() = 'Edit' or . = 'Edit')]' not found
	at com.kms.katalon.core.webui.common.WebUiCommonHelper.findWebElement(WebUiCommonHelper.java:1053)
	at com.kms.katalon.core.webui.keyword.internal.WebUIAbstractKeyword.findWebElement(WebUIAbstractKeyword.groovy:27)
	at com.kms.katalon.core.webui.keyword.internal.WebUIAbstractKeyword.findWebElement(WebUIAbstractKeyword.groovy:26)
	at com.kms.katalon.core.webui.keyword.builtin.ClickKeyword$_click_closure1.doCall(ClickKeyword.groovy:77)
	at com.kms.katalon.core.webui.keyword.builtin.ClickKeyword$_click_closure1.call(ClickKeyword.groovy)
	at com.kms.katalon.core.webui.keyword.internal.WebUIKeywordMain.runKeyword(WebUIKeywordMain.groovy:20)
	at com.kms.katalon.core.webui.keyword.builtin.ClickKeyword.click(ClickKeyword.groovy:86)
	at com.kms.katalon.core.webui.keyword.builtin.ClickKeyword.execute(ClickKeyword.groovy:67)
	at com.kms.katalon.core.keyword.internal.KeywordExecutor.executeKeywordForPlatform(KeywordExecutor.groovy:56)
	at com.kms.katalon.core.webui.keyword.WebUiBuiltInKeywords.click(WebUiBuiltInKeywords.groovy:616)
	at com.kms.katalon.core.webui.keyword.WebUiBuiltInKeywords$click$2.call(Unknown Source)
	at Script1535610889838.run(Script1535610889838.groovy:24)
	... 13 more


2019-03-27 12:28:39 - [TEST_STEP][PASSED] - callTestCase(findTestCase("s-sidebar_navigation/individualAccount/Comment capture"), [:], STOP_ON_FAILURE): Call Test Case 'Test Cases/s-sidebar_navigation/individualAccount/Comment capture' successfully

2019-03-27 12:28:39 - [TEST_CASE][PASSED] - Test Cases/s-sidebar_navigation/individualAccount/Comment capture: Test Cases/s-sidebar_navigation/individualAccount/Comment capture

2019-03-27 12:28:39 - [TEST_STEP][PASSED] - callTestCase(findTestCase("s-sidebar_navigation/individualAccount/Login-KiboEngage"), [:], STOP_ON_FAILURE): Call Test Case 'Test Cases/s-sidebar_navigation/individualAccount/Login-KiboEngage' successfully

2019-03-27 12:28:39 - [TEST_CASE][PASSED] - Test Cases/s-sidebar_navigation/individualAccount/Login-KiboEngage: Test Cases/s-sidebar_navigation/individualAccount/Login-KiboEngage

2019-03-27 12:28:39 - [TEST_STEP][PASSED] - openBrowser(""): Browser is opened with url: ''

2019-03-27 12:28:39 - [MESSAGE][WARNING] - A browser is already opened. Closing browser and opening a new one

2019-03-27 12:28:39 - [MESSAGE][INFO] - Starting 'Chrome' driver

2019-03-27 12:28:40 - [MESSAGE][PASSED] - Browser is opened with url: ''

2019-03-27 12:28:40 - [TEST_STEP][PASSED] - maximizeWindow(): Current window maximized

2019-03-27 12:28:40 - [MESSAGE][PASSED] - Current window maximized

2019-03-27 12:28:40 - [TEST_STEP][PASSED] - navigateToUrl("https://kiboengage.cloudkibo.com/"): Navigate to 'https://kiboengage.cloudkibo.com/' successfully

2019-03-27 12:29:10 - [MESSAGE][PASSED] - Navigate to 'https://kiboengage.cloudkibo.com/' successfully

2019-03-27 12:29:10 - [TEST_STEP][PASSED] - navigateToUrl("https://accounts.cloudkibo.com/?continue=https://kiboengage.cloudkibo.com"): Navigate to 'https://accounts.cloudkibo.com/?continue=https://kiboengage.cloudkibo.com' successfully

2019-03-27 12:29:11 - [MESSAGE][PASSED] - Navigate to 'https://accounts.cloudkibo.com/?continue=https://kiboengage.cloudkibo.com' successfully

2019-03-27 12:29:11 - [TEST_STEP][PASSED] - click(findTestObject("Page_KiboPush/a_Login (9) (1)")): Object: 'Object Repository/Page_KiboPush/a_Login (9) (1)' is clicked on

2019-03-27 12:29:12 - [MESSAGE][PASSED] - Object: 'Object Repository/Page_KiboPush/a_Login (9) (1)' is clicked on

2019-03-27 12:29:12 - [TEST_STEP][PASSED] - setText(findTestObject("Page_KiboPush/input_email (10) (1)"), "individual@cloudkibo.com"): Text 'individual@cloudkibo.com' is set on object 'Object Repository/Page_KiboPush/input_email (10) (1)'

2019-03-27 12:29:12 - [MESSAGE][PASSED] - Text 'individual@cloudkibo.com' is set on object 'Object Repository/Page_KiboPush/input_email (10) (1)'

2019-03-27 12:29:12 - [TEST_STEP][PASSED] - setEncryptedText(findTestObject("Page_KiboPush/input_password (9) (1)"), "RigbBhfdqOBGNlJIWM1ClA=="): Text ****** has been set on object 'Object Repository/Page_KiboPush/input_password (9) (1)'

2019-03-27 12:29:13 - [MESSAGE][PASSED] - Text ****** has been set on object 'Object Repository/Page_KiboPush/input_password (9) (1)'

2019-03-27 12:29:13 - [TEST_STEP][PASSED] - click(findTestObject("Page_KiboPush/button_Sign In (10) (1)")): Object: 'Object Repository/Page_KiboPush/button_Sign In (10) (1)' is clicked on

2019-03-27 12:29:13 - [MESSAGE][PASSED] - Object: 'Object Repository/Page_KiboPush/button_Sign In (10) (1)' is clicked on

2019-03-27 12:29:13 - [TEST_STEP][PASSED] - navigateToUrl("https://kiboengage.cloudkibo.com/dashboard"): Navigate to 'https://kiboengage.cloudkibo.com/dashboard' successfully

2019-03-27 12:30:34 - [MESSAGE][PASSED] - Navigate to 'https://kiboengage.cloudkibo.com/dashboard' successfully

2019-03-27 12:30:34 - [TEST_STEP][PASSED] - click(findTestObject("Object Repository/Page_KiboPush  Dashboard/h3_Dashboard (57)")): Object: 'Object Repository/Page_KiboPush  Dashboard/h3_Dashboard (57)' is clicked on

2019-03-27 12:30:34 - [MESSAGE][PASSED] - Object: 'Object Repository/Page_KiboPush  Dashboard/h3_Dashboard (57)' is clicked on

2019-03-27 12:30:34 - [TEST_STEP][PASSED] - delay(3): Delayed 3 second(s)

2019-03-27 12:30:37 - [MESSAGE][PASSED] - Delayed 3 second(s)

2019-03-27 12:30:37 - [MESSAGE][PASSED] - Call Test Case 'Test Cases/s-sidebar_navigation/individualAccount/Login-KiboEngage' successfully

2019-03-27 12:30:37 - [TEST_STEP][PASSED] - click(findTestObject("Page_KiboPush  Dashboard/span_Growth Tools")): Object: 'Object Repository/Page_KiboPush  Dashboard/span_Growth Tools' is clicked on

2019-03-27 12:30:37 - [MESSAGE][PASSED] - Object: 'Object Repository/Page_KiboPush  Dashboard/span_Growth Tools' is clicked on

2019-03-27 12:30:37 - [TEST_STEP][PASSED] - delay(1): Delayed 1 second(s)

2019-03-27 12:30:38 - [MESSAGE][PASSED] - Delayed 1 second(s)

2019-03-27 12:30:38 - [TEST_STEP][PASSED] - click(findTestObject("Page_KiboPush  Dashboard/span_Comment Capture")): Object: 'Object Repository/Page_KiboPush  Dashboard/span_Comment Capture' is clicked on

2019-03-27 12:30:39 - [MESSAGE][PASSED] - Object: 'Object Repository/Page_KiboPush  Dashboard/span_Comment Capture' is clicked on

2019-03-27 12:30:39 - [TEST_STEP][PASSED] - click(findTestObject("Page_KiboPush  Comment Capture/h3_Comment Capture")): Object: 'Object Repository/Page_KiboPush  Comment Capture/h3_Comment Capture' is clicked on

2019-03-27 12:30:39 - [MESSAGE][PASSED] - Object: 'Object Repository/Page_KiboPush  Comment Capture/h3_Comment Capture' is clicked on

2019-03-27 12:30:39 - [MESSAGE][PASSED] - Call Test Case 'Test Cases/s-sidebar_navigation/individualAccount/Comment capture' successfully

2019-03-27 12:30:39 - [TEST_STEP][FAILED] - click(findTestObject("Page_KiboPush  Comment Capture/a_Edit")): click(findTestObject("Page_KiboPush  Comment Capture/a_Edit")) FAILED.
Reason:
com.kms.katalon.core.exception.StepFailedException: Unable to click on object 'Object Repository/Page_KiboPush  Comment Capture/a_Edit'
	at com.kms.katalon.core.webui.keyword.internal.WebUIKeywordMain.stepFailed(WebUIKeywordMain.groovy:64)
	at com.kms.katalon.core.webui.keyword.internal.WebUIKeywordMain.runKeyword(WebUIKeywordMain.groovy:26)
	at com.kms.katalon.core.webui.keyword.builtin.ClickKeyword.click(ClickKeyword.groovy:86)
	at com.kms.katalon.core.webui.keyword.builtin.ClickKeyword.execute(ClickKeyword.groovy:67)
	at com.kms.katalon.core.keyword.internal.KeywordExecutor.executeKeywordForPlatform(KeywordExecutor.groovy:56)
	at com.kms.katalon.core.webui.keyword.WebUiBuiltInKeywords.click(WebUiBuiltInKeywords.groovy:616)
	at com.kms.katalon.core.webui.keyword.WebUiBuiltInKeywords$click$2.call(Unknown Source)
	at TC0530.run(TC0530:24)
	at com.kms.katalon.core.main.ScriptEngine.run(ScriptEngine.java:194)
	at com.kms.katalon.core.main.ScriptEngine.runScriptAsRawText(ScriptEngine.java:119)
	at com.kms.katalon.core.main.TestCaseExecutor.runScript(TestCaseExecutor.java:331)
	at com.kms.katalon.core.main.TestCaseExecutor.doExecute(TestCaseExecutor.java:322)
	at com.kms.katalon.core.main.TestCaseExecutor.processExecutionPhase(TestCaseExecutor.java:301)
	at com.kms.katalon.core.main.TestCaseExecutor.accessMainPhase(TestCaseExecutor.java:293)
	at com.kms.katalon.core.main.TestCaseExecutor.execute(TestCaseExecutor.java:227)
	at com.kms.katalon.core.main.TestSuiteExecutor.accessTestCaseMainPhase(TestSuiteExecutor.java:129)
	at com.kms.katalon.core.main.TestSuiteExecutor.accessTestSuiteMainPhase(TestSuiteExecutor.java:112)
	at com.kms.katalon.core.main.TestSuiteExecutor.execute(TestSuiteExecutor.java:81)
	at com.kms.katalon.core.main.TestCaseMain.startTestSuite(TestCaseMain.java:157)
	at com.kms.katalon.core.main.TestCaseMain$startTestSuite$0.call(Unknown Source)
	at TempTestSuite1553670311511.run(TempTestSuite1553670311511.groovy:35)
Caused by: com.kms.katalon.core.webui.exception.WebElementNotFoundException: Web element with id: 'Object Repository/Page_KiboPush  Comment Capture/a_Edit' located by 'By.xpath: //a[@href = '/createPost' and (text() = 'Edit' or . = 'Edit')]' not found
	at com.kms.katalon.core.webui.common.WebUiCommonHelper.findWebElement(WebUiCommonHelper.java:1053)
	at com.kms.katalon.core.webui.keyword.internal.WebUIAbstractKeyword.findWebElement(WebUIAbstractKeyword.groovy:27)
	at com.kms.katalon.core.webui.keyword.internal.WebUIAbstractKeyword.findWebElement(WebUIAbstractKeyword.groovy:26)
	at com.kms.katalon.core.webui.keyword.builtin.ClickKeyword$_click_closure1.doCall(ClickKeyword.groovy:77)
	at com.kms.katalon.core.webui.keyword.builtin.ClickKeyword$_click_closure1.call(ClickKeyword.groovy)
	at com.kms.katalon.core.webui.keyword.internal.WebUIKeywordMain.runKeyword(WebUIKeywordMain.groovy:20)
	at com.kms.katalon.core.webui.keyword.builtin.ClickKeyword.click(ClickKeyword.groovy:86)
	at com.kms.katalon.core.webui.keyword.builtin.ClickKeyword.execute(ClickKeyword.groovy:67)
	at com.kms.katalon.core.keyword.internal.KeywordExecutor.executeKeywordForPlatform(KeywordExecutor.groovy:56)
	at com.kms.katalon.core.webui.keyword.WebUiBuiltInKeywords.click(WebUiBuiltInKeywords.groovy:616)
	at com.kms.katalon.core.webui.keyword.WebUiBuiltInKeywords$click$2.call(Unknown Source)
	at Script1535610889838.run(Script1535610889838.groovy:24)
	... 13 more


2019-03-27 12:31:10 - [MESSAGE][INFO] - Unable to find the element located by 'By.xpath: //a[@href = '/createPost' and (text() = 'Edit' or . = 'Edit')]'. Please recheck the objects properties to make sure the desired element is located. 

2019-03-27 12:31:10 - [MESSAGE][FAILED] - Unable to click on object 'Object Repository/Page_KiboPush  Comment Capture/a_Edit' (Root cause: com.kms.katalon.core.exception.StepFailedException: Unable to click on object 'Object Repository/Page_KiboPush  Comment Capture/a_Edit'
	at com.kms.katalon.core.webui.keyword.internal.WebUIKeywordMain.stepFailed(WebUIKeywordMain.groovy:64)
	at com.kms.katalon.core.webui.keyword.internal.WebUIKeywordMain.runKeyword(WebUIKeywordMain.groovy:26)
	at com.kms.katalon.core.webui.keyword.builtin.ClickKeyword.click(ClickKeyword.groovy:86)
	at com.kms.katalon.core.webui.keyword.builtin.ClickKeyword.execute(ClickKeyword.groovy:67)
	at com.kms.katalon.core.keyword.internal.KeywordExecutor.executeKeywordForPlatform(KeywordExecutor.groovy:56)
	at com.kms.katalon.core.webui.keyword.WebUiBuiltInKeywords.click(WebUiBuiltInKeywords.groovy:616)
	at com.kms.katalon.core.webui.keyword.WebUiBuiltInKeywords$click$2.call(Unknown Source)
	at TC0530.run(TC0530:24)
	at com.kms.katalon.core.main.ScriptEngine.run(ScriptEngine.java:194)
	at com.kms.katalon.core.main.ScriptEngine.runScriptAsRawText(ScriptEngine.java:119)
	at com.kms.katalon.core.main.TestCaseExecutor.runScript(TestCaseExecutor.java:331)
	at com.kms.katalon.core.main.TestCaseExecutor.doExecute(TestCaseExecutor.java:322)
	at com.kms.katalon.core.main.TestCaseExecutor.processExecutionPhase(TestCaseExecutor.java:301)
	at com.kms.katalon.core.main.TestCaseExecutor.accessMainPhase(TestCaseExecutor.java:293)
	at com.kms.katalon.core.main.TestCaseExecutor.execute(TestCaseExecutor.java:227)
	at com.kms.katalon.core.main.TestSuiteExecutor.accessTestCaseMainPhase(TestSuiteExecutor.java:129)
	at com.kms.katalon.core.main.TestSuiteExecutor.accessTestSuiteMainPhase(TestSuiteExecutor.java:112)
	at com.kms.katalon.core.main.TestSuiteExecutor.execute(TestSuiteExecutor.java:81)
	at com.kms.katalon.core.main.TestCaseMain.startTestSuite(TestCaseMain.java:157)
	at com.kms.katalon.core.main.TestCaseMain$startTestSuite$0.call(Unknown Source)
	at TempTestSuite1553670311511.run(TempTestSuite1553670311511.groovy:35)
Caused by: com.kms.katalon.core.webui.exception.WebElementNotFoundException: Web element with id: 'Object Repository/Page_KiboPush  Comment Capture/a_Edit' located by 'By.xpath: //a[@href = '/createPost' and (text() = 'Edit' or . = 'Edit')]' not found
	at com.kms.katalon.core.webui.common.WebUiCommonHelper.findWebElement(WebUiCommonHelper.java:1053)
	at com.kms.katalon.core.webui.keyword.internal.WebUIAbstractKeyword.findWebElement(WebUIAbstractKeyword.groovy:27)
	at com.kms.katalon.core.webui.keyword.internal.WebUIAbstractKeyword.findWebElement(WebUIAbstractKeyword.groovy:26)
	at com.kms.katalon.core.webui.keyword.builtin.ClickKeyword$_click_closure1.doCall(ClickKeyword.groovy:77)
	at com.kms.katalon.core.webui.keyword.builtin.ClickKeyword$_click_closure1.call(ClickKeyword.groovy)
	at com.kms.katalon.core.webui.keyword.internal.WebUIKeywordMain.runKeyword(WebUIKeywordMain.groovy:20)
	at com.kms.katalon.core.webui.keyword.builtin.ClickKeyword.click(ClickKeyword.groovy:86)
	at com.kms.katalon.core.webui.keyword.builtin.ClickKeyword.execute(ClickKeyword.groovy:67)
	at com.kms.katalon.core.keyword.internal.KeywordExecutor.executeKeywordForPlatform(KeywordExecutor.groovy:56)
	at com.kms.katalon.core.webui.keyword.WebUiBuiltInKeywords.click(WebUiBuiltInKeywords.groovy:616)
	at com.kms.katalon.core.webui.keyword.WebUiBuiltInKeywords$click$2.call(Unknown Source)
	at Script1535610889838.run(Script1535610889838.groovy:24)
	... 13 more
)
[[ATTACHMENT|/home/cloudkibo-faizan/Drive/Katalon/production/KiboPush/Reports/capture/20190327_120511/1553671870042.png]]

2019-03-27 12:31:10 - [MESSAGE][FAILED] - click(findTestObject("Page_KiboPush  Comment Capture/a_Edit")) FAILED.
Reason:
com.kms.katalon.core.exception.StepFailedException: Unable to click on object 'Object Repository/Page_KiboPush  Comment Capture/a_Edit'
	at com.kms.katalon.core.webui.keyword.internal.WebUIKeywordMain.stepFailed(WebUIKeywordMain.groovy:64)
	at com.kms.katalon.core.webui.keyword.internal.WebUIKeywordMain.runKeyword(WebUIKeywordMain.groovy:26)
	at com.kms.katalon.core.webui.keyword.builtin.ClickKeyword.click(ClickKeyword.groovy:86)
	at com.kms.katalon.core.webui.keyword.builtin.ClickKeyword.execute(ClickKeyword.groovy:67)
	at com.kms.katalon.core.keyword.internal.KeywordExecutor.executeKeywordForPlatform(KeywordExecutor.groovy:56)
	at com.kms.katalon.core.webui.keyword.WebUiBuiltInKeywords.click(WebUiBuiltInKeywords.groovy:616)
	at com.kms.katalon.core.webui.keyword.WebUiBuiltInKeywords$click$2.call(Unknown Source)
	at TC0530.run(TC0530:24)
	at com.kms.katalon.core.main.ScriptEngine.run(ScriptEngine.java:194)
	at com.kms.katalon.core.main.ScriptEngine.runScriptAsRawText(ScriptEngine.java:119)
	at com.kms.katalon.core.main.TestCaseExecutor.runScript(TestCaseExecutor.java:331)
	at com.kms.katalon.core.main.TestCaseExecutor.doExecute(TestCaseExecutor.java:322)
	at com.kms.katalon.core.main.TestCaseExecutor.processExecutionPhase(TestCaseExecutor.java:301)
	at com.kms.katalon.core.main.TestCaseExecutor.accessMainPhase(TestCaseExecutor.java:293)
	at com.kms.katalon.core.main.TestCaseExecutor.execute(TestCaseExecutor.java:227)
	at com.kms.katalon.core.main.TestSuiteExecutor.accessTestCaseMainPhase(TestSuiteExecutor.java:129)
	at com.kms.katalon.core.main.TestSuiteExecutor.accessTestSuiteMainPhase(TestSuiteExecutor.java:112)
	at com.kms.katalon.core.main.TestSuiteExecutor.execute(TestSuiteExecutor.java:81)
	at com.kms.katalon.core.main.TestCaseMain.startTestSuite(TestCaseMain.java:157)
	at com.kms.katalon.core.main.TestCaseMain$startTestSuite$0.call(Unknown Source)
	at TempTestSuite1553670311511.run(TempTestSuite1553670311511.groovy:35)
Caused by: com.kms.katalon.core.webui.exception.WebElementNotFoundException: Web element with id: 'Object Repository/Page_KiboPush  Comment Capture/a_Edit' located by 'By.xpath: //a[@href = '/createPost' and (text() = 'Edit' or . = 'Edit')]' not found
	at com.kms.katalon.core.webui.common.WebUiCommonHelper.findWebElement(WebUiCommonHelper.java:1053)
	at com.kms.katalon.core.webui.keyword.internal.WebUIAbstractKeyword.findWebElement(WebUIAbstractKeyword.groovy:27)
	at com.kms.katalon.core.webui.keyword.internal.WebUIAbstractKeyword.findWebElement(WebUIAbstractKeyword.groovy:26)
	at com.kms.katalon.core.webui.keyword.builtin.ClickKeyword$_click_closure1.doCall(ClickKeyword.groovy:77)
	at com.kms.katalon.core.webui.keyword.builtin.ClickKeyword$_click_closure1.call(ClickKeyword.groovy)
	at com.kms.katalon.core.webui.keyword.internal.WebUIKeywordMain.runKeyword(WebUIKeywordMain.groovy:20)
	at com.kms.katalon.core.webui.keyword.builtin.ClickKeyword.click(ClickKeyword.groovy:86)
	at com.kms.katalon.core.webui.keyword.builtin.ClickKeyword.execute(ClickKeyword.groovy:67)
	at com.kms.katalon.core.keyword.internal.KeywordExecutor.executeKeywordForPlatform(KeywordExecutor.groovy:56)
	at com.kms.katalon.core.webui.keyword.WebUiBuiltInKeywords.click(WebUiBuiltInKeywords.groovy:616)
	at com.kms.katalon.core.webui.keyword.WebUiBuiltInKeywords$click$2.call(Unknown Source)
	at Script1535610889838.run(Script1535610889838.groovy:24)
	... 13 more]]></system-out>
         <system-err><![CDATA[2019-03-27 12:28:39 - [TEST_CASE][FAILED] - Test Cases/Comment Capture TestCases/TC0530: Test Cases/Comment Capture TestCases/TC0530 FAILED.
Reason:
com.kms.katalon.core.exception.StepFailedException: Unable to click on object 'Object Repository/Page_KiboPush  Comment Capture/a_Edit'
	at com.kms.katalon.core.webui.keyword.internal.WebUIKeywordMain.stepFailed(WebUIKeywordMain.groovy:64)
	at com.kms.katalon.core.webui.keyword.internal.WebUIKeywordMain.runKeyword(WebUIKeywordMain.groovy:26)
	at com.kms.katalon.core.webui.keyword.builtin.ClickKeyword.click(ClickKeyword.groovy:86)
	at com.kms.katalon.core.webui.keyword.builtin.ClickKeyword.execute(ClickKeyword.groovy:67)
	at com.kms.katalon.core.keyword.internal.KeywordExecutor.executeKeywordForPlatform(KeywordExecutor.groovy:56)
	at com.kms.katalon.core.webui.keyword.WebUiBuiltInKeywords.click(WebUiBuiltInKeywords.groovy:616)
	at com.kms.katalon.core.webui.keyword.WebUiBuiltInKeywords$click$2.call(Unknown Source)
	at TC0530.run(TC0530:24)
	at com.kms.katalon.core.main.ScriptEngine.run(ScriptEngine.java:194)
	at com.kms.katalon.core.main.ScriptEngine.runScriptAsRawText(ScriptEngine.java:119)
	at com.kms.katalon.core.main.TestCaseExecutor.runScript(TestCaseExecutor.java:331)
	at com.kms.katalon.core.main.TestCaseExecutor.doExecute(TestCaseExecutor.java:322)
	at com.kms.katalon.core.main.TestCaseExecutor.processExecutionPhase(TestCaseExecutor.java:301)
	at com.kms.katalon.core.main.TestCaseExecutor.accessMainPhase(TestCaseExecutor.java:293)
	at com.kms.katalon.core.main.TestCaseExecutor.execute(TestCaseExecutor.java:227)
	at com.kms.katalon.core.main.TestSuiteExecutor.accessTestCaseMainPhase(TestSuiteExecutor.java:129)
	at com.kms.katalon.core.main.TestSuiteExecutor.accessTestSuiteMainPhase(TestSuiteExecutor.java:112)
	at com.kms.katalon.core.main.TestSuiteExecutor.execute(TestSuiteExecutor.java:81)
	at com.kms.katalon.core.main.TestCaseMain.startTestSuite(TestCaseMain.java:157)
	at com.kms.katalon.core.main.TestCaseMain$startTestSuite$0.call(Unknown Source)
	at TempTestSuite1553670311511.run(TempTestSuite1553670311511.groovy:35)
Caused by: com.kms.katalon.core.webui.exception.WebElementNotFoundException: Web element with id: 'Object Repository/Page_KiboPush  Comment Capture/a_Edit' located by 'By.xpath: //a[@href = '/createPost' and (text() = 'Edit' or . = 'Edit')]' not found
	at com.kms.katalon.core.webui.common.WebUiCommonHelper.findWebElement(WebUiCommonHelper.java:1053)
	at com.kms.katalon.core.webui.keyword.internal.WebUIAbstractKeyword.findWebElement(WebUIAbstractKeyword.groovy:27)
	at com.kms.katalon.core.webui.keyword.internal.WebUIAbstractKeyword.findWebElement(WebUIAbstractKeyword.groovy:26)
	at com.kms.katalon.core.webui.keyword.builtin.ClickKeyword$_click_closure1.doCall(ClickKeyword.groovy:77)
	at com.kms.katalon.core.webui.keyword.builtin.ClickKeyword$_click_closure1.call(ClickKeyword.groovy)
	at com.kms.katalon.core.webui.keyword.internal.WebUIKeywordMain.runKeyword(WebUIKeywordMain.groovy:20)
	at com.kms.katalon.core.webui.keyword.builtin.ClickKeyword.click(ClickKeyword.groovy:86)
	at com.kms.katalon.core.webui.keyword.builtin.ClickKeyword.execute(ClickKeyword.groovy:67)
	at com.kms.katalon.core.keyword.internal.KeywordExecutor.executeKeywordForPlatform(KeywordExecutor.groovy:56)
	at com.kms.katalon.core.webui.keyword.WebUiBuiltInKeywords.click(WebUiBuiltInKeywords.groovy:616)
	at com.kms.katalon.core.webui.keyword.WebUiBuiltInKeywords$click$2.call(Unknown Source)
	at Script1535610889838.run(Script1535610889838.groovy:24)
	... 13 more]]></system-err>
      </testcase>
      <testcase name="Test Cases/Comment Capture TestCases/TC0531" classname="Test Cases/Comment Capture TestCases/TC0531" status="FAILED">
         <failure type="FAILED" message="Test Cases/Comment Capture TestCases/TC0531 FAILED.
Reason:
com.kms.katalon.core.exception.StepFailedException: Unable to click on object 'Object Repository/Page_KiboPush  Comment Capture/a_Edit'
	at com.kms.katalon.core.webui.keyword.internal.WebUIKeywordMain.stepFailed(WebUIKeywordMain.groovy:64)
	at com.kms.katalon.core.webui.keyword.internal.WebUIKeywordMain.runKeyword(WebUIKeywordMain.groovy:26)
	at com.kms.katalon.core.webui.keyword.builtin.ClickKeyword.click(ClickKeyword.groovy:86)
	at com.kms.katalon.core.webui.keyword.builtin.ClickKeyword.execute(ClickKeyword.groovy:67)
	at com.kms.katalon.core.keyword.internal.KeywordExecutor.executeKeywordForPlatform(KeywordExecutor.groovy:56)
	at com.kms.katalon.core.webui.keyword.WebUiBuiltInKeywords.click(WebUiBuiltInKeywords.groovy:616)
	at com.kms.katalon.core.webui.keyword.WebUiBuiltInKeywords$click$2.call(Unknown Source)
	at TC0531.run(TC0531:24)
	at com.kms.katalon.core.main.ScriptEngine.run(ScriptEngine.java:194)
	at com.kms.katalon.core.main.ScriptEngine.runScriptAsRawText(ScriptEngine.java:119)
	at com.kms.katalon.core.main.TestCaseExecutor.runScript(TestCaseExecutor.java:331)
	at com.kms.katalon.core.main.TestCaseExecutor.doExecute(TestCaseExecutor.java:322)
	at com.kms.katalon.core.main.TestCaseExecutor.processExecutionPhase(TestCaseExecutor.java:301)
	at com.kms.katalon.core.main.TestCaseExecutor.accessMainPhase(TestCaseExecutor.java:293)
	at com.kms.katalon.core.main.TestCaseExecutor.execute(TestCaseExecutor.java:227)
	at com.kms.katalon.core.main.TestSuiteExecutor.accessTestCaseMainPhase(TestSuiteExecutor.java:129)
	at com.kms.katalon.core.main.TestSuiteExecutor.accessTestSuiteMainPhase(TestSuiteExecutor.java:112)
	at com.kms.katalon.core.main.TestSuiteExecutor.execute(TestSuiteExecutor.java:81)
	at com.kms.katalon.core.main.TestCaseMain.startTestSuite(TestCaseMain.java:157)
	at com.kms.katalon.core.main.TestCaseMain$startTestSuite$0.call(Unknown Source)
	at TempTestSuite1553670311511.run(TempTestSuite1553670311511.groovy:35)
Caused by: com.kms.katalon.core.webui.exception.WebElementNotFoundException: Web element with id: 'Object Repository/Page_KiboPush  Comment Capture/a_Edit' located by 'By.xpath: //a[@href = '/createPost' and (text() = 'Edit' or . = 'Edit')]' not found
	at com.kms.katalon.core.webui.common.WebUiCommonHelper.findWebElement(WebUiCommonHelper.java:1053)
	at com.kms.katalon.core.webui.keyword.internal.WebUIAbstractKeyword.findWebElement(WebUIAbstractKeyword.groovy:27)
	at com.kms.katalon.core.webui.keyword.internal.WebUIAbstractKeyword.findWebElement(WebUIAbstractKeyword.groovy:26)
	at com.kms.katalon.core.webui.keyword.builtin.ClickKeyword$_click_closure1.doCall(ClickKeyword.groovy:77)
	at com.kms.katalon.core.webui.keyword.builtin.ClickKeyword$_click_closure1.call(ClickKeyword.groovy)
	at com.kms.katalon.core.webui.keyword.internal.WebUIKeywordMain.runKeyword(WebUIKeywordMain.groovy:20)
	at com.kms.katalon.core.webui.keyword.builtin.ClickKeyword.click(ClickKeyword.groovy:86)
	at com.kms.katalon.core.webui.keyword.builtin.ClickKeyword.execute(ClickKeyword.groovy:67)
	at com.kms.katalon.core.keyword.internal.KeywordExecutor.executeKeywordForPlatform(KeywordExecutor.groovy:56)
	at com.kms.katalon.core.webui.keyword.WebUiBuiltInKeywords.click(WebUiBuiltInKeywords.groovy:616)
	at com.kms.katalon.core.webui.keyword.WebUiBuiltInKeywords$click$2.call(Unknown Source)
	at Script1535612415589.run(Script1535612415589.groovy:24)
	... 13 more
"/>
         <system-out><![CDATA[2019-03-27 12:31:10 - [TEST_CASE][FAILED] - Test Cases/Comment Capture TestCases/TC0531: Test Cases/Comment Capture TestCases/TC0531 FAILED.
Reason:
com.kms.katalon.core.exception.StepFailedException: Unable to click on object 'Object Repository/Page_KiboPush  Comment Capture/a_Edit'
	at com.kms.katalon.core.webui.keyword.internal.WebUIKeywordMain.stepFailed(WebUIKeywordMain.groovy:64)
	at com.kms.katalon.core.webui.keyword.internal.WebUIKeywordMain.runKeyword(WebUIKeywordMain.groovy:26)
	at com.kms.katalon.core.webui.keyword.builtin.ClickKeyword.click(ClickKeyword.groovy:86)
	at com.kms.katalon.core.webui.keyword.builtin.ClickKeyword.execute(ClickKeyword.groovy:67)
	at com.kms.katalon.core.keyword.internal.KeywordExecutor.executeKeywordForPlatform(KeywordExecutor.groovy:56)
	at com.kms.katalon.core.webui.keyword.WebUiBuiltInKeywords.click(WebUiBuiltInKeywords.groovy:616)
	at com.kms.katalon.core.webui.keyword.WebUiBuiltInKeywords$click$2.call(Unknown Source)
	at TC0531.run(TC0531:24)
	at com.kms.katalon.core.main.ScriptEngine.run(ScriptEngine.java:194)
	at com.kms.katalon.core.main.ScriptEngine.runScriptAsRawText(ScriptEngine.java:119)
	at com.kms.katalon.core.main.TestCaseExecutor.runScript(TestCaseExecutor.java:331)
	at com.kms.katalon.core.main.TestCaseExecutor.doExecute(TestCaseExecutor.java:322)
	at com.kms.katalon.core.main.TestCaseExecutor.processExecutionPhase(TestCaseExecutor.java:301)
	at com.kms.katalon.core.main.TestCaseExecutor.accessMainPhase(TestCaseExecutor.java:293)
	at com.kms.katalon.core.main.TestCaseExecutor.execute(TestCaseExecutor.java:227)
	at com.kms.katalon.core.main.TestSuiteExecutor.accessTestCaseMainPhase(TestSuiteExecutor.java:129)
	at com.kms.katalon.core.main.TestSuiteExecutor.accessTestSuiteMainPhase(TestSuiteExecutor.java:112)
	at com.kms.katalon.core.main.TestSuiteExecutor.execute(TestSuiteExecutor.java:81)
	at com.kms.katalon.core.main.TestCaseMain.startTestSuite(TestCaseMain.java:157)
	at com.kms.katalon.core.main.TestCaseMain$startTestSuite$0.call(Unknown Source)
	at TempTestSuite1553670311511.run(TempTestSuite1553670311511.groovy:35)
Caused by: com.kms.katalon.core.webui.exception.WebElementNotFoundException: Web element with id: 'Object Repository/Page_KiboPush  Comment Capture/a_Edit' located by 'By.xpath: //a[@href = '/createPost' and (text() = 'Edit' or . = 'Edit')]' not found
	at com.kms.katalon.core.webui.common.WebUiCommonHelper.findWebElement(WebUiCommonHelper.java:1053)
	at com.kms.katalon.core.webui.keyword.internal.WebUIAbstractKeyword.findWebElement(WebUIAbstractKeyword.groovy:27)
	at com.kms.katalon.core.webui.keyword.internal.WebUIAbstractKeyword.findWebElement(WebUIAbstractKeyword.groovy:26)
	at com.kms.katalon.core.webui.keyword.builtin.ClickKeyword$_click_closure1.doCall(ClickKeyword.groovy:77)
	at com.kms.katalon.core.webui.keyword.builtin.ClickKeyword$_click_closure1.call(ClickKeyword.groovy)
	at com.kms.katalon.core.webui.keyword.internal.WebUIKeywordMain.runKeyword(WebUIKeywordMain.groovy:20)
	at com.kms.katalon.core.webui.keyword.builtin.ClickKeyword.click(ClickKeyword.groovy:86)
	at com.kms.katalon.core.webui.keyword.builtin.ClickKeyword.execute(ClickKeyword.groovy:67)
	at com.kms.katalon.core.keyword.internal.KeywordExecutor.executeKeywordForPlatform(KeywordExecutor.groovy:56)
	at com.kms.katalon.core.webui.keyword.WebUiBuiltInKeywords.click(WebUiBuiltInKeywords.groovy:616)
	at com.kms.katalon.core.webui.keyword.WebUiBuiltInKeywords$click$2.call(Unknown Source)
	at Script1535612415589.run(Script1535612415589.groovy:24)
	... 13 more


2019-03-27 12:31:10 - [TEST_STEP][PASSED] - callTestCase(findTestCase("s-sidebar_navigation/individualAccount/Comment capture"), [:], STOP_ON_FAILURE): Call Test Case 'Test Cases/s-sidebar_navigation/individualAccount/Comment capture' successfully

2019-03-27 12:31:10 - [TEST_CASE][PASSED] - Test Cases/s-sidebar_navigation/individualAccount/Comment capture: Test Cases/s-sidebar_navigation/individualAccount/Comment capture

2019-03-27 12:31:10 - [TEST_STEP][PASSED] - callTestCase(findTestCase("s-sidebar_navigation/individualAccount/Login-KiboEngage"), [:], STOP_ON_FAILURE): Call Test Case 'Test Cases/s-sidebar_navigation/individualAccount/Login-KiboEngage' successfully

2019-03-27 12:31:10 - [TEST_CASE][PASSED] - Test Cases/s-sidebar_navigation/individualAccount/Login-KiboEngage: Test Cases/s-sidebar_navigation/individualAccount/Login-KiboEngage

2019-03-27 12:31:10 - [TEST_STEP][PASSED] - openBrowser(""): Browser is opened with url: ''

2019-03-27 12:31:10 - [MESSAGE][WARNING] - A browser is already opened. Closing browser and opening a new one

2019-03-27 12:31:10 - [MESSAGE][INFO] - Starting 'Chrome' driver

2019-03-27 12:31:11 - [MESSAGE][PASSED] - Browser is opened with url: ''

2019-03-27 12:31:11 - [TEST_STEP][PASSED] - maximizeWindow(): Current window maximized

2019-03-27 12:31:11 - [MESSAGE][PASSED] - Current window maximized

2019-03-27 12:31:11 - [TEST_STEP][PASSED] - navigateToUrl("https://kiboengage.cloudkibo.com/"): Navigate to 'https://kiboengage.cloudkibo.com/' successfully

2019-03-27 12:31:44 - [MESSAGE][PASSED] - Navigate to 'https://kiboengage.cloudkibo.com/' successfully

2019-03-27 12:31:44 - [TEST_STEP][PASSED] - navigateToUrl("https://accounts.cloudkibo.com/?continue=https://kiboengage.cloudkibo.com"): Navigate to 'https://accounts.cloudkibo.com/?continue=https://kiboengage.cloudkibo.com' successfully

2019-03-27 12:31:44 - [MESSAGE][PASSED] - Navigate to 'https://accounts.cloudkibo.com/?continue=https://kiboengage.cloudkibo.com' successfully

2019-03-27 12:31:44 - [TEST_STEP][PASSED] - click(findTestObject("Page_KiboPush/a_Login (9) (1)")): Object: 'Object Repository/Page_KiboPush/a_Login (9) (1)' is clicked on

2019-03-27 12:31:45 - [MESSAGE][PASSED] - Object: 'Object Repository/Page_KiboPush/a_Login (9) (1)' is clicked on

2019-03-27 12:31:45 - [TEST_STEP][PASSED] - setText(findTestObject("Page_KiboPush/input_email (10) (1)"), "individual@cloudkibo.com"): Text 'individual@cloudkibo.com' is set on object 'Object Repository/Page_KiboPush/input_email (10) (1)'

2019-03-27 12:31:46 - [MESSAGE][PASSED] - Text 'individual@cloudkibo.com' is set on object 'Object Repository/Page_KiboPush/input_email (10) (1)'

2019-03-27 12:31:46 - [TEST_STEP][PASSED] - setEncryptedText(findTestObject("Page_KiboPush/input_password (9) (1)"), "RigbBhfdqOBGNlJIWM1ClA=="): Text ****** has been set on object 'Object Repository/Page_KiboPush/input_password (9) (1)'

2019-03-27 12:31:46 - [MESSAGE][PASSED] - Text ****** has been set on object 'Object Repository/Page_KiboPush/input_password (9) (1)'

2019-03-27 12:31:46 - [TEST_STEP][PASSED] - click(findTestObject("Page_KiboPush/button_Sign In (10) (1)")): Object: 'Object Repository/Page_KiboPush/button_Sign In (10) (1)' is clicked on

2019-03-27 12:31:46 - [MESSAGE][PASSED] - Object: 'Object Repository/Page_KiboPush/button_Sign In (10) (1)' is clicked on

2019-03-27 12:31:46 - [TEST_STEP][PASSED] - navigateToUrl("https://kiboengage.cloudkibo.com/dashboard"): Navigate to 'https://kiboengage.cloudkibo.com/dashboard' successfully

2019-03-27 12:33:32 - [MESSAGE][PASSED] - Navigate to 'https://kiboengage.cloudkibo.com/dashboard' successfully

2019-03-27 12:33:32 - [TEST_STEP][PASSED] - click(findTestObject("Object Repository/Page_KiboPush  Dashboard/h3_Dashboard (57)")): Object: 'Object Repository/Page_KiboPush  Dashboard/h3_Dashboard (57)' is clicked on

2019-03-27 12:33:33 - [MESSAGE][PASSED] - Object: 'Object Repository/Page_KiboPush  Dashboard/h3_Dashboard (57)' is clicked on

2019-03-27 12:33:33 - [TEST_STEP][PASSED] - delay(3): Delayed 3 second(s)

2019-03-27 12:33:36 - [MESSAGE][PASSED] - Delayed 3 second(s)

2019-03-27 12:33:36 - [MESSAGE][PASSED] - Call Test Case 'Test Cases/s-sidebar_navigation/individualAccount/Login-KiboEngage' successfully

2019-03-27 12:33:36 - [TEST_STEP][PASSED] - click(findTestObject("Page_KiboPush  Dashboard/span_Growth Tools")): Object: 'Object Repository/Page_KiboPush  Dashboard/span_Growth Tools' is clicked on

2019-03-27 12:33:36 - [MESSAGE][PASSED] - Object: 'Object Repository/Page_KiboPush  Dashboard/span_Growth Tools' is clicked on

2019-03-27 12:33:36 - [TEST_STEP][PASSED] - delay(1): Delayed 1 second(s)

2019-03-27 12:33:37 - [MESSAGE][PASSED] - Delayed 1 second(s)

2019-03-27 12:33:37 - [TEST_STEP][PASSED] - click(findTestObject("Page_KiboPush  Dashboard/span_Comment Capture")): Object: 'Object Repository/Page_KiboPush  Dashboard/span_Comment Capture' is clicked on

2019-03-27 12:33:37 - [MESSAGE][PASSED] - Object: 'Object Repository/Page_KiboPush  Dashboard/span_Comment Capture' is clicked on

2019-03-27 12:33:37 - [TEST_STEP][PASSED] - click(findTestObject("Page_KiboPush  Comment Capture/h3_Comment Capture")): Object: 'Object Repository/Page_KiboPush  Comment Capture/h3_Comment Capture' is clicked on

2019-03-27 12:33:37 - [MESSAGE][PASSED] - Object: 'Object Repository/Page_KiboPush  Comment Capture/h3_Comment Capture' is clicked on

2019-03-27 12:33:37 - [MESSAGE][PASSED] - Call Test Case 'Test Cases/s-sidebar_navigation/individualAccount/Comment capture' successfully

2019-03-27 12:33:37 - [TEST_STEP][FAILED] - click(findTestObject("Page_KiboPush  Comment Capture/a_Edit")): click(findTestObject("Page_KiboPush  Comment Capture/a_Edit")) FAILED.
Reason:
com.kms.katalon.core.exception.StepFailedException: Unable to click on object 'Object Repository/Page_KiboPush  Comment Capture/a_Edit'
	at com.kms.katalon.core.webui.keyword.internal.WebUIKeywordMain.stepFailed(WebUIKeywordMain.groovy:64)
	at com.kms.katalon.core.webui.keyword.internal.WebUIKeywordMain.runKeyword(WebUIKeywordMain.groovy:26)
	at com.kms.katalon.core.webui.keyword.builtin.ClickKeyword.click(ClickKeyword.groovy:86)
	at com.kms.katalon.core.webui.keyword.builtin.ClickKeyword.execute(ClickKeyword.groovy:67)
	at com.kms.katalon.core.keyword.internal.KeywordExecutor.executeKeywordForPlatform(KeywordExecutor.groovy:56)
	at com.kms.katalon.core.webui.keyword.WebUiBuiltInKeywords.click(WebUiBuiltInKeywords.groovy:616)
	at com.kms.katalon.core.webui.keyword.WebUiBuiltInKeywords$click$2.call(Unknown Source)
	at TC0531.run(TC0531:24)
	at com.kms.katalon.core.main.ScriptEngine.run(ScriptEngine.java:194)
	at com.kms.katalon.core.main.ScriptEngine.runScriptAsRawText(ScriptEngine.java:119)
	at com.kms.katalon.core.main.TestCaseExecutor.runScript(TestCaseExecutor.java:331)
	at com.kms.katalon.core.main.TestCaseExecutor.doExecute(TestCaseExecutor.java:322)
	at com.kms.katalon.core.main.TestCaseExecutor.processExecutionPhase(TestCaseExecutor.java:301)
	at com.kms.katalon.core.main.TestCaseExecutor.accessMainPhase(TestCaseExecutor.java:293)
	at com.kms.katalon.core.main.TestCaseExecutor.execute(TestCaseExecutor.java:227)
	at com.kms.katalon.core.main.TestSuiteExecutor.accessTestCaseMainPhase(TestSuiteExecutor.java:129)
	at com.kms.katalon.core.main.TestSuiteExecutor.accessTestSuiteMainPhase(TestSuiteExecutor.java:112)
	at com.kms.katalon.core.main.TestSuiteExecutor.execute(TestSuiteExecutor.java:81)
	at com.kms.katalon.core.main.TestCaseMain.startTestSuite(TestCaseMain.java:157)
	at com.kms.katalon.core.main.TestCaseMain$startTestSuite$0.call(Unknown Source)
	at TempTestSuite1553670311511.run(TempTestSuite1553670311511.groovy:35)
Caused by: com.kms.katalon.core.webui.exception.WebElementNotFoundException: Web element with id: 'Object Repository/Page_KiboPush  Comment Capture/a_Edit' located by 'By.xpath: //a[@href = '/createPost' and (text() = 'Edit' or . = 'Edit')]' not found
	at com.kms.katalon.core.webui.common.WebUiCommonHelper.findWebElement(WebUiCommonHelper.java:1053)
	at com.kms.katalon.core.webui.keyword.internal.WebUIAbstractKeyword.findWebElement(WebUIAbstractKeyword.groovy:27)
	at com.kms.katalon.core.webui.keyword.internal.WebUIAbstractKeyword.findWebElement(WebUIAbstractKeyword.groovy:26)
	at com.kms.katalon.core.webui.keyword.builtin.ClickKeyword$_click_closure1.doCall(ClickKeyword.groovy:77)
	at com.kms.katalon.core.webui.keyword.builtin.ClickKeyword$_click_closure1.call(ClickKeyword.groovy)
	at com.kms.katalon.core.webui.keyword.internal.WebUIKeywordMain.runKeyword(WebUIKeywordMain.groovy:20)
	at com.kms.katalon.core.webui.keyword.builtin.ClickKeyword.click(ClickKeyword.groovy:86)
	at com.kms.katalon.core.webui.keyword.builtin.ClickKeyword.execute(ClickKeyword.groovy:67)
	at com.kms.katalon.core.keyword.internal.KeywordExecutor.executeKeywordForPlatform(KeywordExecutor.groovy:56)
	at com.kms.katalon.core.webui.keyword.WebUiBuiltInKeywords.click(WebUiBuiltInKeywords.groovy:616)
	at com.kms.katalon.core.webui.keyword.WebUiBuiltInKeywords$click$2.call(Unknown Source)
	at Script1535612415589.run(Script1535612415589.groovy:24)
	... 13 more


2019-03-27 12:34:08 - [MESSAGE][INFO] - Unable to find the element located by 'By.xpath: //a[@href = '/createPost' and (text() = 'Edit' or . = 'Edit')]'. Please recheck the objects properties to make sure the desired element is located. 

2019-03-27 12:34:08 - [MESSAGE][FAILED] - Unable to click on object 'Object Repository/Page_KiboPush  Comment Capture/a_Edit' (Root cause: com.kms.katalon.core.exception.StepFailedException: Unable to click on object 'Object Repository/Page_KiboPush  Comment Capture/a_Edit'
	at com.kms.katalon.core.webui.keyword.internal.WebUIKeywordMain.stepFailed(WebUIKeywordMain.groovy:64)
	at com.kms.katalon.core.webui.keyword.internal.WebUIKeywordMain.runKeyword(WebUIKeywordMain.groovy:26)
	at com.kms.katalon.core.webui.keyword.builtin.ClickKeyword.click(ClickKeyword.groovy:86)
	at com.kms.katalon.core.webui.keyword.builtin.ClickKeyword.execute(ClickKeyword.groovy:67)
	at com.kms.katalon.core.keyword.internal.KeywordExecutor.executeKeywordForPlatform(KeywordExecutor.groovy:56)
	at com.kms.katalon.core.webui.keyword.WebUiBuiltInKeywords.click(WebUiBuiltInKeywords.groovy:616)
	at com.kms.katalon.core.webui.keyword.WebUiBuiltInKeywords$click$2.call(Unknown Source)
	at TC0531.run(TC0531:24)
	at com.kms.katalon.core.main.ScriptEngine.run(ScriptEngine.java:194)
	at com.kms.katalon.core.main.ScriptEngine.runScriptAsRawText(ScriptEngine.java:119)
	at com.kms.katalon.core.main.TestCaseExecutor.runScript(TestCaseExecutor.java:331)
	at com.kms.katalon.core.main.TestCaseExecutor.doExecute(TestCaseExecutor.java:322)
	at com.kms.katalon.core.main.TestCaseExecutor.processExecutionPhase(TestCaseExecutor.java:301)
	at com.kms.katalon.core.main.TestCaseExecutor.accessMainPhase(TestCaseExecutor.java:293)
	at com.kms.katalon.core.main.TestCaseExecutor.execute(TestCaseExecutor.java:227)
	at com.kms.katalon.core.main.TestSuiteExecutor.accessTestCaseMainPhase(TestSuiteExecutor.java:129)
	at com.kms.katalon.core.main.TestSuiteExecutor.accessTestSuiteMainPhase(TestSuiteExecutor.java:112)
	at com.kms.katalon.core.main.TestSuiteExecutor.execute(TestSuiteExecutor.java:81)
	at com.kms.katalon.core.main.TestCaseMain.startTestSuite(TestCaseMain.java:157)
	at com.kms.katalon.core.main.TestCaseMain$startTestSuite$0.call(Unknown Source)
	at TempTestSuite1553670311511.run(TempTestSuite1553670311511.groovy:35)
Caused by: com.kms.katalon.core.webui.exception.WebElementNotFoundException: Web element with id: 'Object Repository/Page_KiboPush  Comment Capture/a_Edit' located by 'By.xpath: //a[@href = '/createPost' and (text() = 'Edit' or . = 'Edit')]' not found
	at com.kms.katalon.core.webui.common.WebUiCommonHelper.findWebElement(WebUiCommonHelper.java:1053)
	at com.kms.katalon.core.webui.keyword.internal.WebUIAbstractKeyword.findWebElement(WebUIAbstractKeyword.groovy:27)
	at com.kms.katalon.core.webui.keyword.internal.WebUIAbstractKeyword.findWebElement(WebUIAbstractKeyword.groovy:26)
	at com.kms.katalon.core.webui.keyword.builtin.ClickKeyword$_click_closure1.doCall(ClickKeyword.groovy:77)
	at com.kms.katalon.core.webui.keyword.builtin.ClickKeyword$_click_closure1.call(ClickKeyword.groovy)
	at com.kms.katalon.core.webui.keyword.internal.WebUIKeywordMain.runKeyword(WebUIKeywordMain.groovy:20)
	at com.kms.katalon.core.webui.keyword.builtin.ClickKeyword.click(ClickKeyword.groovy:86)
	at com.kms.katalon.core.webui.keyword.builtin.ClickKeyword.execute(ClickKeyword.groovy:67)
	at com.kms.katalon.core.keyword.internal.KeywordExecutor.executeKeywordForPlatform(KeywordExecutor.groovy:56)
	at com.kms.katalon.core.webui.keyword.WebUiBuiltInKeywords.click(WebUiBuiltInKeywords.groovy:616)
	at com.kms.katalon.core.webui.keyword.WebUiBuiltInKeywords$click$2.call(Unknown Source)
	at Script1535612415589.run(Script1535612415589.groovy:24)
	... 13 more
)
[[ATTACHMENT|/home/cloudkibo-faizan/Drive/Katalon/production/KiboPush/Reports/capture/20190327_120511/1553672048336.png]]

2019-03-27 12:34:08 - [MESSAGE][FAILED] - click(findTestObject("Page_KiboPush  Comment Capture/a_Edit")) FAILED.
Reason:
com.kms.katalon.core.exception.StepFailedException: Unable to click on object 'Object Repository/Page_KiboPush  Comment Capture/a_Edit'
	at com.kms.katalon.core.webui.keyword.internal.WebUIKeywordMain.stepFailed(WebUIKeywordMain.groovy:64)
	at com.kms.katalon.core.webui.keyword.internal.WebUIKeywordMain.runKeyword(WebUIKeywordMain.groovy:26)
	at com.kms.katalon.core.webui.keyword.builtin.ClickKeyword.click(ClickKeyword.groovy:86)
	at com.kms.katalon.core.webui.keyword.builtin.ClickKeyword.execute(ClickKeyword.groovy:67)
	at com.kms.katalon.core.keyword.internal.KeywordExecutor.executeKeywordForPlatform(KeywordExecutor.groovy:56)
	at com.kms.katalon.core.webui.keyword.WebUiBuiltInKeywords.click(WebUiBuiltInKeywords.groovy:616)
	at com.kms.katalon.core.webui.keyword.WebUiBuiltInKeywords$click$2.call(Unknown Source)
	at TC0531.run(TC0531:24)
	at com.kms.katalon.core.main.ScriptEngine.run(ScriptEngine.java:194)
	at com.kms.katalon.core.main.ScriptEngine.runScriptAsRawText(ScriptEngine.java:119)
	at com.kms.katalon.core.main.TestCaseExecutor.runScript(TestCaseExecutor.java:331)
	at com.kms.katalon.core.main.TestCaseExecutor.doExecute(TestCaseExecutor.java:322)
	at com.kms.katalon.core.main.TestCaseExecutor.processExecutionPhase(TestCaseExecutor.java:301)
	at com.kms.katalon.core.main.TestCaseExecutor.accessMainPhase(TestCaseExecutor.java:293)
	at com.kms.katalon.core.main.TestCaseExecutor.execute(TestCaseExecutor.java:227)
	at com.kms.katalon.core.main.TestSuiteExecutor.accessTestCaseMainPhase(TestSuiteExecutor.java:129)
	at com.kms.katalon.core.main.TestSuiteExecutor.accessTestSuiteMainPhase(TestSuiteExecutor.java:112)
	at com.kms.katalon.core.main.TestSuiteExecutor.execute(TestSuiteExecutor.java:81)
	at com.kms.katalon.core.main.TestCaseMain.startTestSuite(TestCaseMain.java:157)
	at com.kms.katalon.core.main.TestCaseMain$startTestSuite$0.call(Unknown Source)
	at TempTestSuite1553670311511.run(TempTestSuite1553670311511.groovy:35)
Caused by: com.kms.katalon.core.webui.exception.WebElementNotFoundException: Web element with id: 'Object Repository/Page_KiboPush  Comment Capture/a_Edit' located by 'By.xpath: //a[@href = '/createPost' and (text() = 'Edit' or . = 'Edit')]' not found
	at com.kms.katalon.core.webui.common.WebUiCommonHelper.findWebElement(WebUiCommonHelper.java:1053)
	at com.kms.katalon.core.webui.keyword.internal.WebUIAbstractKeyword.findWebElement(WebUIAbstractKeyword.groovy:27)
	at com.kms.katalon.core.webui.keyword.internal.WebUIAbstractKeyword.findWebElement(WebUIAbstractKeyword.groovy:26)
	at com.kms.katalon.core.webui.keyword.builtin.ClickKeyword$_click_closure1.doCall(ClickKeyword.groovy:77)
	at com.kms.katalon.core.webui.keyword.builtin.ClickKeyword$_click_closure1.call(ClickKeyword.groovy)
	at com.kms.katalon.core.webui.keyword.internal.WebUIKeywordMain.runKeyword(WebUIKeywordMain.groovy:20)
	at com.kms.katalon.core.webui.keyword.builtin.ClickKeyword.click(ClickKeyword.groovy:86)
	at com.kms.katalon.core.webui.keyword.builtin.ClickKeyword.execute(ClickKeyword.groovy:67)
	at com.kms.katalon.core.keyword.internal.KeywordExecutor.executeKeywordForPlatform(KeywordExecutor.groovy:56)
	at com.kms.katalon.core.webui.keyword.WebUiBuiltInKeywords.click(WebUiBuiltInKeywords.groovy:616)
	at com.kms.katalon.core.webui.keyword.WebUiBuiltInKeywords$click$2.call(Unknown Source)
	at Script1535612415589.run(Script1535612415589.groovy:24)
	... 13 more]]></system-out>
         <system-err><![CDATA[2019-03-27 12:31:10 - [TEST_CASE][FAILED] - Test Cases/Comment Capture TestCases/TC0531: Test Cases/Comment Capture TestCases/TC0531 FAILED.
Reason:
com.kms.katalon.core.exception.StepFailedException: Unable to click on object 'Object Repository/Page_KiboPush  Comment Capture/a_Edit'
	at com.kms.katalon.core.webui.keyword.internal.WebUIKeywordMain.stepFailed(WebUIKeywordMain.groovy:64)
	at com.kms.katalon.core.webui.keyword.internal.WebUIKeywordMain.runKeyword(WebUIKeywordMain.groovy:26)
	at com.kms.katalon.core.webui.keyword.builtin.ClickKeyword.click(ClickKeyword.groovy:86)
	at com.kms.katalon.core.webui.keyword.builtin.ClickKeyword.execute(ClickKeyword.groovy:67)
	at com.kms.katalon.core.keyword.internal.KeywordExecutor.executeKeywordForPlatform(KeywordExecutor.groovy:56)
	at com.kms.katalon.core.webui.keyword.WebUiBuiltInKeywords.click(WebUiBuiltInKeywords.groovy:616)
	at com.kms.katalon.core.webui.keyword.WebUiBuiltInKeywords$click$2.call(Unknown Source)
	at TC0531.run(TC0531:24)
	at com.kms.katalon.core.main.ScriptEngine.run(ScriptEngine.java:194)
	at com.kms.katalon.core.main.ScriptEngine.runScriptAsRawText(ScriptEngine.java:119)
	at com.kms.katalon.core.main.TestCaseExecutor.runScript(TestCaseExecutor.java:331)
	at com.kms.katalon.core.main.TestCaseExecutor.doExecute(TestCaseExecutor.java:322)
	at com.kms.katalon.core.main.TestCaseExecutor.processExecutionPhase(TestCaseExecutor.java:301)
	at com.kms.katalon.core.main.TestCaseExecutor.accessMainPhase(TestCaseExecutor.java:293)
	at com.kms.katalon.core.main.TestCaseExecutor.execute(TestCaseExecutor.java:227)
	at com.kms.katalon.core.main.TestSuiteExecutor.accessTestCaseMainPhase(TestSuiteExecutor.java:129)
	at com.kms.katalon.core.main.TestSuiteExecutor.accessTestSuiteMainPhase(TestSuiteExecutor.java:112)
	at com.kms.katalon.core.main.TestSuiteExecutor.execute(TestSuiteExecutor.java:81)
	at com.kms.katalon.core.main.TestCaseMain.startTestSuite(TestCaseMain.java:157)
	at com.kms.katalon.core.main.TestCaseMain$startTestSuite$0.call(Unknown Source)
	at TempTestSuite1553670311511.run(TempTestSuite1553670311511.groovy:35)
Caused by: com.kms.katalon.core.webui.exception.WebElementNotFoundException: Web element with id: 'Object Repository/Page_KiboPush  Comment Capture/a_Edit' located by 'By.xpath: //a[@href = '/createPost' and (text() = 'Edit' or . = 'Edit')]' not found
	at com.kms.katalon.core.webui.common.WebUiCommonHelper.findWebElement(WebUiCommonHelper.java:1053)
	at com.kms.katalon.core.webui.keyword.internal.WebUIAbstractKeyword.findWebElement(WebUIAbstractKeyword.groovy:27)
	at com.kms.katalon.core.webui.keyword.internal.WebUIAbstractKeyword.findWebElement(WebUIAbstractKeyword.groovy:26)
	at com.kms.katalon.core.webui.keyword.builtin.ClickKeyword$_click_closure1.doCall(ClickKeyword.groovy:77)
	at com.kms.katalon.core.webui.keyword.builtin.ClickKeyword$_click_closure1.call(ClickKeyword.groovy)
	at com.kms.katalon.core.webui.keyword.internal.WebUIKeywordMain.runKeyword(WebUIKeywordMain.groovy:20)
	at com.kms.katalon.core.webui.keyword.builtin.ClickKeyword.click(ClickKeyword.groovy:86)
	at com.kms.katalon.core.webui.keyword.builtin.ClickKeyword.execute(ClickKeyword.groovy:67)
	at com.kms.katalon.core.keyword.internal.KeywordExecutor.executeKeywordForPlatform(KeywordExecutor.groovy:56)
	at com.kms.katalon.core.webui.keyword.WebUiBuiltInKeywords.click(WebUiBuiltInKeywords.groovy:616)
	at com.kms.katalon.core.webui.keyword.WebUiBuiltInKeywords$click$2.call(Unknown Source)
	at Script1535612415589.run(Script1535612415589.groovy:24)
	... 13 more]]></system-err>
      </testcase>
      <system-out><![CDATA[2019-03-27 12:05:13 - [TEST_SUITE][ERROR] - capture: Test Cases/Comment Capture TestCases/TC0507 FAILED.
Reason:
org.openqa.selenium.NoSuchElementException: no such element: Unable to locate element: {"method":"xpath","selector":"//table/tbody"}
  (Session info: chrome=73.0.3683.75)
  (Driver info: chromedriver=2.43.600233 (523efee95e3d68b8719b3a1c83051aa63aa6b10d),platform=Linux 4.18.0-16-generic x86_64) (WARNING: The server did not provide any stacktrace information)
Command duration or timeout: 0 milliseconds
For documentation on this error, please visit: http://seleniumhq.org/exceptions/no_such_element.html
Build info: version: '3.7.1', revision: '8a0099a', time: '2017-11-06T21:07:36.161Z'
System info: host: 'cloudkibo-faizan', ip: '127.0.1.1', os.name: 'Linux', os.arch: 'amd64', os.version: '4.18.0-16-generic', java.version: '1.8.0_191'
Driver info: com.kms.katalon.selenium.driver.CChromeDriver
Capabilities {acceptInsecureCerts: false, acceptSslCerts: false, applicationCacheEnabled: false, browserConnectionEnabled: false, browserName: chrome, chrome: {chromedriverVersion: 2.43.600233 (523efee95e3d68..., userDataDir: /tmp/.org.chromium.Chromium...}, cssSelectorsEnabled: true, databaseEnabled: false, goog:chromeOptions: {debuggerAddress: localhost:35717}, handlesAlerts: true, hasTouchScreen: false, javascriptEnabled: true, locationContextEnabled: true, mobileEmulationEnabled: false, nativeEvents: true, networkConnectionEnabled: false, pageLoadStrategy: normal, platform: LINUX, platformName: LINUX, rotatable: false, setWindowRect: true, takesHeapSnapshot: true, takesScreenshot: true, unexpectedAlertBehaviour: , unhandledPromptBehavior: , version: 73.0.3683.75, webStorageEnabled: true}
Session ID: 52aa3eb981eac696a67e92c94e44e9f8
*** Element info: {Using=xpath, value=//table/tbody}
	at org.openqa.selenium.remote.ErrorHandler.createThrowable(ErrorHandler.java:214)
	at org.openqa.selenium.remote.ErrorHandler.throwIfResponseFailed(ErrorHandler.java:166)
	at org.openqa.selenium.remote.http.JsonHttpResponseCodec.reconstructValue(JsonHttpResponseCodec.java:40)
	at org.openqa.selenium.remote.http.AbstractHttpResponseCodec.decode(AbstractHttpResponseCodec.java:80)
	at org.openqa.selenium.remote.http.AbstractHttpResponseCodec.decode(AbstractHttpResponseCodec.java:44)
	at org.openqa.selenium.remote.HttpCommandExecutor.execute(HttpCommandExecutor.java:164)
	at org.openqa.selenium.remote.service.DriverCommandExecutor.execute(DriverCommandExecutor.java:83)
	at org.openqa.selenium.remote.RemoteWebDriver.execute(RemoteWebDriver.java:600)
	at com.kms.katalon.selenium.driver.CChromeDriver.execute(CChromeDriver.java:20)
	at org.openqa.selenium.remote.RemoteWebDriver.findElement(RemoteWebDriver.java:370)
	at org.openqa.selenium.remote.RemoteWebDriver.findElementByXPath(RemoteWebDriver.java:472)
	at org.openqa.selenium.By$ByXPath.findElement(By.java:361)
	at org.openqa.selenium.remote.RemoteWebDriver.findElement(RemoteWebDriver.java:362)
	at org.openqa.selenium.WebDriver$findElement.call(Unknown Source)
	at TC0507.run(TC0507:35)
	at com.kms.katalon.core.main.ScriptEngine.run(ScriptEngine.java:194)
	at com.kms.katalon.core.main.ScriptEngine.runScriptAsRawText(ScriptEngine.java:119)
	at com.kms.katalon.core.main.TestCaseExecutor.runScript(TestCaseExecutor.java:331)
	at com.kms.katalon.core.main.TestCaseExecutor.doExecute(TestCaseExecutor.java:322)
	at com.kms.katalon.core.main.TestCaseExecutor.processExecutionPhase(TestCaseExecutor.java:301)
	at com.kms.katalon.core.main.TestCaseExecutor.accessMainPhase(TestCaseExecutor.java:293)
	at com.kms.katalon.core.main.TestCaseExecutor.execute(TestCaseExecutor.java:227)
	at com.kms.katalon.core.main.TestSuiteExecutor.accessTestCaseMainPhase(TestSuiteExecutor.java:129)
	at com.kms.katalon.core.main.TestSuiteExecutor.accessTestSuiteMainPhase(TestSuiteExecutor.java:112)
	at com.kms.katalon.core.main.TestSuiteExecutor.execute(TestSuiteExecutor.java:81)
	at com.kms.katalon.core.main.TestCaseMain.startTestSuite(TestCaseMain.java:157)
	at com.kms.katalon.core.main.TestCaseMain$startTestSuite$0.call(Unknown Source)
	at TempTestSuite1553670311511.run(TempTestSuite1553670311511.groovy:35)]]></system-out>
      <system-err><![CDATA[2019-03-27 12:05:13 - [TEST_SUITE][ERROR] - capture: Test Cases/Comment Capture TestCases/TC0507 FAILED.
Reason:
org.openqa.selenium.NoSuchElementException: no such element: Unable to locate element: {"method":"xpath","selector":"//table/tbody"}
  (Session info: chrome=73.0.3683.75)
  (Driver info: chromedriver=2.43.600233 (523efee95e3d68b8719b3a1c83051aa63aa6b10d),platform=Linux 4.18.0-16-generic x86_64) (WARNING: The server did not provide any stacktrace information)
Command duration or timeout: 0 milliseconds
For documentation on this error, please visit: http://seleniumhq.org/exceptions/no_such_element.html
Build info: version: '3.7.1', revision: '8a0099a', time: '2017-11-06T21:07:36.161Z'
System info: host: 'cloudkibo-faizan', ip: '127.0.1.1', os.name: 'Linux', os.arch: 'amd64', os.version: '4.18.0-16-generic', java.version: '1.8.0_191'
Driver info: com.kms.katalon.selenium.driver.CChromeDriver
Capabilities {acceptInsecureCerts: false, acceptSslCerts: false, applicationCacheEnabled: false, browserConnectionEnabled: false, browserName: chrome, chrome: {chromedriverVersion: 2.43.600233 (523efee95e3d68..., userDataDir: /tmp/.org.chromium.Chromium...}, cssSelectorsEnabled: true, databaseEnabled: false, goog:chromeOptions: {debuggerAddress: localhost:35717}, handlesAlerts: true, hasTouchScreen: false, javascriptEnabled: true, locationContextEnabled: true, mobileEmulationEnabled: false, nativeEvents: true, networkConnectionEnabled: false, pageLoadStrategy: normal, platform: LINUX, platformName: LINUX, rotatable: false, setWindowRect: true, takesHeapSnapshot: true, takesScreenshot: true, unexpectedAlertBehaviour: , unhandledPromptBehavior: , version: 73.0.3683.75, webStorageEnabled: true}
Session ID: 52aa3eb981eac696a67e92c94e44e9f8
*** Element info: {Using=xpath, value=//table/tbody}
	at org.openqa.selenium.remote.ErrorHandler.createThrowable(ErrorHandler.java:214)
	at org.openqa.selenium.remote.ErrorHandler.throwIfResponseFailed(ErrorHandler.java:166)
	at org.openqa.selenium.remote.http.JsonHttpResponseCodec.reconstructValue(JsonHttpResponseCodec.java:40)
	at org.openqa.selenium.remote.http.AbstractHttpResponseCodec.decode(AbstractHttpResponseCodec.java:80)
	at org.openqa.selenium.remote.http.AbstractHttpResponseCodec.decode(AbstractHttpResponseCodec.java:44)
	at org.openqa.selenium.remote.HttpCommandExecutor.execute(HttpCommandExecutor.java:164)
	at org.openqa.selenium.remote.service.DriverCommandExecutor.execute(DriverCommandExecutor.java:83)
	at org.openqa.selenium.remote.RemoteWebDriver.execute(RemoteWebDriver.java:600)
	at com.kms.katalon.selenium.driver.CChromeDriver.execute(CChromeDriver.java:20)
	at org.openqa.selenium.remote.RemoteWebDriver.findElement(RemoteWebDriver.java:370)
	at org.openqa.selenium.remote.RemoteWebDriver.findElementByXPath(RemoteWebDriver.java:472)
	at org.openqa.selenium.By$ByXPath.findElement(By.java:361)
	at org.openqa.selenium.remote.RemoteWebDriver.findElement(RemoteWebDriver.java:362)
	at org.openqa.selenium.WebDriver$findElement.call(Unknown Source)
	at TC0507.run(TC0507:35)
	at com.kms.katalon.core.main.ScriptEngine.run(ScriptEngine.java:194)
	at com.kms.katalon.core.main.ScriptEngine.runScriptAsRawText(ScriptEngine.java:119)
	at com.kms.katalon.core.main.TestCaseExecutor.runScript(TestCaseExecutor.java:331)
	at com.kms.katalon.core.main.TestCaseExecutor.doExecute(TestCaseExecutor.java:322)
	at com.kms.katalon.core.main.TestCaseExecutor.processExecutionPhase(TestCaseExecutor.java:301)
	at com.kms.katalon.core.main.TestCaseExecutor.accessMainPhase(TestCaseExecutor.java:293)
	at com.kms.katalon.core.main.TestCaseExecutor.execute(TestCaseExecutor.java:227)
	at com.kms.katalon.core.main.TestSuiteExecutor.accessTestCaseMainPhase(TestSuiteExecutor.java:129)
	at com.kms.katalon.core.main.TestSuiteExecutor.accessTestSuiteMainPhase(TestSuiteExecutor.java:112)
	at com.kms.katalon.core.main.TestSuiteExecutor.execute(TestSuiteExecutor.java:81)
	at com.kms.katalon.core.main.TestCaseMain.startTestSuite(TestCaseMain.java:157)
	at com.kms.katalon.core.main.TestCaseMain$startTestSuite$0.call(Unknown Source)
	at TempTestSuite1553670311511.run(TempTestSuite1553670311511.groovy:35)]]></system-err>
   </testsuite>
</testsuites>
